<?xml version="1.0" encoding="UTF-8"?>
<testsuite name="Scenario: Search Vouchers" tests="16" skipped="0" failures="0" errors="0" timestamp="2015-06-09T14:13:57" hostname="jov-HP-Z220-CMT-Workstation" time="11.698">
  <properties/>
  <testcase name="When I go to the Home page" classname="Scenario: Search Vouchers" time="0.0"/>
  <testcase name="And I click on the Create Campaign link" classname="Scenario: Search Vouchers" time="0.0"/>
  <testcase name="Then the browser is at the Create Campaign page" classname="Scenario: Search Vouchers" time="0.0"/>
  <testcase name="When I select Single Use Transferable from campaignType" classname="Scenario: Search Vouchers" time="0.0"/>
  <testcase name="And I enter a random campaign name" classname="Scenario: Search Vouchers" time="0.0"/>
  <testcase name="And I enter the values" classname="Scenario: Search Vouchers" time="0.0"/>
  <testcase name="And I click the Create Campaign button" classname="Scenario: Search Vouchers" time="0.0"/>
  <testcase name="And I wait until the campaign links are displayed" classname="Scenario: Search Vouchers" time="0.001"/>
  <testcase name="Then the browser is at the List Campaigns page" classname="Scenario: Search Vouchers" time="0.0"/>
  <testcase name="And I click on the campaign we just created" classname="Scenario: Search Vouchers" time="0.0"/>
  <testcase name="And I click on the Show Create Vouchers link" classname="Scenario: Search Vouchers" time="0.0"/>
  <testcase name="And I enter the values" classname="Scenario: Search Vouchers" time="0.0"/>
  <testcase name="And I click the Create Voucher Batch button" classname="Scenario: Search Vouchers" time="0.0"/>
  <testcase name="And I wait for the voucher batches to display" classname="Scenario: Search Vouchers" time="0.0"/>
  <testcase name="Then the message &quot;Creating Voucher Batch&quot; is displayed on the page" classname="Scenario: Search Vouchers" time="0.0"/>
  <testcase name="classMethod" classname="Scenario: Search Vouchers" time="12.169"/>
  <system-out><![CDATA[15:13:57.116 [Test worker] DEBUG o.s.b.f.s.DefaultListableBeanFactory - Creating instance of bean 'com.nowtv.pav.test.steps.GenericSteps'
15:13:57.117 [Test worker] DEBUG o.s.b.f.s.DefaultListableBeanFactory - Finished creating instance of bean 'com.nowtv.pav.test.steps.GenericSteps'
15:13:57.117 [Forwarding get on session 2604907c2216f4fb3f475f79283352a6 to remote] DEBUG o.a.h.c.protocol.RequestAddCookies - CookieSpec selected: best-match
15:13:57.117 [Forwarding get on session 2604907c2216f4fb3f475f79283352a6 to remote] DEBUG o.a.h.c.protocol.RequestAuthCache - Auth cache not set in the context
15:13:57.117 [Forwarding get on session 2604907c2216f4fb3f475f79283352a6 to remote] DEBUG o.a.h.i.c.PoolingHttpClientConnectionManager - Connection request: [route: {}->http://localhost:32348][total kept alive: 0; route allocated: 0 of 2000; total allocated: 0 of 2000]
15:13:57.117 [Forwarding get on session 2604907c2216f4fb3f475f79283352a6 to remote] DEBUG o.a.h.i.c.PoolingHttpClientConnectionManager - Connection leased: [id: 4459][route: {}->http://localhost:32348][total kept alive: 0; route allocated: 1 of 2000; total allocated: 1 of 2000]
15:13:57.117 [Forwarding get on session 2604907c2216f4fb3f475f79283352a6 to remote] DEBUG o.a.h.impl.execchain.MainClientExec - Opening connection {}->http://localhost:32348
15:13:57.117 [Forwarding get on session 2604907c2216f4fb3f475f79283352a6 to remote] DEBUG o.a.h.i.c.HttpClientConnectionOperator - Connecting to localhost/127.0.0.1:32348
15:13:57.117 [Forwarding get on session 2604907c2216f4fb3f475f79283352a6 to remote] DEBUG o.a.h.i.c.HttpClientConnectionOperator - Connection established 127.0.0.1:47862<->127.0.0.1:32348
15:13:57.117 [Forwarding get on session 2604907c2216f4fb3f475f79283352a6 to remote] DEBUG o.a.h.impl.execchain.MainClientExec - Executing request POST /session/2604907c2216f4fb3f475f79283352a6/url HTTP/1.1
15:13:57.117 [Forwarding get on session 2604907c2216f4fb3f475f79283352a6 to remote] DEBUG o.a.h.impl.execchain.MainClientExec - Target auth state: UNCHALLENGED
15:13:57.117 [Forwarding get on session 2604907c2216f4fb3f475f79283352a6 to remote] DEBUG o.a.h.impl.execchain.MainClientExec - Proxy auth state: UNCHALLENGED
15:13:57.117 [Forwarding get on session 2604907c2216f4fb3f475f79283352a6 to remote] DEBUG org.apache.http.headers - http-outgoing-4459 >> POST /session/2604907c2216f4fb3f475f79283352a6/url HTTP/1.1
15:13:57.117 [Forwarding get on session 2604907c2216f4fb3f475f79283352a6 to remote] DEBUG org.apache.http.headers - http-outgoing-4459 >> Content-Type: application/json; charset=utf-8
15:13:57.117 [Forwarding get on session 2604907c2216f4fb3f475f79283352a6 to remote] DEBUG org.apache.http.headers - http-outgoing-4459 >> Content-Length: 43
15:13:57.117 [Forwarding get on session 2604907c2216f4fb3f475f79283352a6 to remote] DEBUG org.apache.http.headers - http-outgoing-4459 >> Host: localhost:32348
15:13:57.117 [Forwarding get on session 2604907c2216f4fb3f475f79283352a6 to remote] DEBUG org.apache.http.headers - http-outgoing-4459 >> Connection: Keep-Alive
15:13:57.117 [Forwarding get on session 2604907c2216f4fb3f475f79283352a6 to remote] DEBUG org.apache.http.headers - http-outgoing-4459 >> User-Agent: Apache-HttpClient/4.3.4 (java 1.5)
15:13:57.117 [Forwarding get on session 2604907c2216f4fb3f475f79283352a6 to remote] DEBUG org.apache.http.headers - http-outgoing-4459 >> Accept-Encoding: gzip,deflate
15:13:57.117 [Forwarding get on session 2604907c2216f4fb3f475f79283352a6 to remote] DEBUG org.apache.http.wire - http-outgoing-4459 >> "POST /session/2604907c2216f4fb3f475f79283352a6/url HTTP/1.1[\r][\n]"
15:13:57.117 [Forwarding get on session 2604907c2216f4fb3f475f79283352a6 to remote] DEBUG org.apache.http.wire - http-outgoing-4459 >> "Content-Type: application/json; charset=utf-8[\r][\n]"
15:13:57.117 [Forwarding get on session 2604907c2216f4fb3f475f79283352a6 to remote] DEBUG org.apache.http.wire - http-outgoing-4459 >> "Content-Length: 43[\r][\n]"
15:13:57.117 [Forwarding get on session 2604907c2216f4fb3f475f79283352a6 to remote] DEBUG org.apache.http.wire - http-outgoing-4459 >> "Host: localhost:32348[\r][\n]"
15:13:57.117 [Forwarding get on session 2604907c2216f4fb3f475f79283352a6 to remote] DEBUG org.apache.http.wire - http-outgoing-4459 >> "Connection: Keep-Alive[\r][\n]"
15:13:57.117 [Forwarding get on session 2604907c2216f4fb3f475f79283352a6 to remote] DEBUG org.apache.http.wire - http-outgoing-4459 >> "User-Agent: Apache-HttpClient/4.3.4 (java 1.5)[\r][\n]"
15:13:57.117 [Forwarding get on session 2604907c2216f4fb3f475f79283352a6 to remote] DEBUG org.apache.http.wire - http-outgoing-4459 >> "Accept-Encoding: gzip,deflate[\r][\n]"
15:13:57.117 [Forwarding get on session 2604907c2216f4fb3f475f79283352a6 to remote] DEBUG org.apache.http.wire - http-outgoing-4459 >> "[\r][\n]"
15:13:57.117 [Forwarding get on session 2604907c2216f4fb3f475f79283352a6 to remote] DEBUG org.apache.http.wire - http-outgoing-4459 >> "{"url":"http://localhost:9000/#/campaigns"}"
15:13:57.411 [Forwarding get on session 2604907c2216f4fb3f475f79283352a6 to remote] DEBUG org.apache.http.wire - http-outgoing-4459 << "HTTP/1.1 200 OK[\r][\n]"
15:13:57.411 [Forwarding get on session 2604907c2216f4fb3f475f79283352a6 to remote] DEBUG org.apache.http.wire - http-outgoing-4459 << "Content-Length:72[\r][\n]"
15:13:57.411 [Forwarding get on session 2604907c2216f4fb3f475f79283352a6 to remote] DEBUG org.apache.http.wire - http-outgoing-4459 << "Content-Type:application/json; charset=utf-8[\r][\n]"
15:13:57.411 [Forwarding get on session 2604907c2216f4fb3f475f79283352a6 to remote] DEBUG org.apache.http.wire - http-outgoing-4459 << "Connection:close[\r][\n]"
15:13:57.411 [Forwarding get on session 2604907c2216f4fb3f475f79283352a6 to remote] DEBUG org.apache.http.wire - http-outgoing-4459 << "[\r][\n]"
15:13:57.411 [Forwarding get on session 2604907c2216f4fb3f475f79283352a6 to remote] DEBUG org.apache.http.wire - http-outgoing-4459 << "{"sessionId":"2604907c2216f4fb3f475f79283352a6","status":0,"value":null}"
15:13:57.411 [Forwarding get on session 2604907c2216f4fb3f475f79283352a6 to remote] DEBUG org.apache.http.headers - http-outgoing-4459 << HTTP/1.1 200 OK
15:13:57.411 [Forwarding get on session 2604907c2216f4fb3f475f79283352a6 to remote] DEBUG org.apache.http.headers - http-outgoing-4459 << Content-Length:72
15:13:57.411 [Forwarding get on session 2604907c2216f4fb3f475f79283352a6 to remote] DEBUG org.apache.http.headers - http-outgoing-4459 << Content-Type:application/json; charset=utf-8
15:13:57.411 [Forwarding get on session 2604907c2216f4fb3f475f79283352a6 to remote] DEBUG org.apache.http.headers - http-outgoing-4459 << Connection:close
15:13:57.411 [Forwarding get on session 2604907c2216f4fb3f475f79283352a6 to remote] DEBUG o.a.h.i.c.DefaultManagedHttpClientConnection - http-outgoing-4459: Shutdown connection
15:13:57.411 [Forwarding get on session 2604907c2216f4fb3f475f79283352a6 to remote] DEBUG o.a.h.impl.execchain.MainClientExec - Connection discarded
15:13:57.411 [Forwarding get on session 2604907c2216f4fb3f475f79283352a6 to remote] DEBUG o.a.h.i.c.DefaultManagedHttpClientConnection - http-outgoing-4459: Close connection
15:13:57.411 [Forwarding get on session 2604907c2216f4fb3f475f79283352a6 to remote] DEBUG o.a.h.i.c.PoolingHttpClientConnectionManager - Connection released: [id: 4459][route: {}->http://localhost:32348][total kept alive: 0; route allocated: 0 of 2000; total allocated: 0 of 2000]
15:13:57.411 [Forwarding getCurrentUrl on session 2604907c2216f4fb3f475f79283352a6 to remote] DEBUG o.a.h.c.protocol.RequestAddCookies - CookieSpec selected: best-match
15:13:57.411 [Forwarding getCurrentUrl on session 2604907c2216f4fb3f475f79283352a6 to remote] DEBUG o.a.h.c.protocol.RequestAuthCache - Auth cache not set in the context
15:13:57.411 [Forwarding getCurrentUrl on session 2604907c2216f4fb3f475f79283352a6 to remote] DEBUG o.a.h.i.c.PoolingHttpClientConnectionManager - Connection request: [route: {}->http://localhost:32348][total kept alive: 0; route allocated: 0 of 2000; total allocated: 0 of 2000]
15:13:57.411 [Forwarding getCurrentUrl on session 2604907c2216f4fb3f475f79283352a6 to remote] DEBUG o.a.h.i.c.PoolingHttpClientConnectionManager - Connection leased: [id: 4460][route: {}->http://localhost:32348][total kept alive: 0; route allocated: 1 of 2000; total allocated: 1 of 2000]
15:13:57.411 [Forwarding getCurrentUrl on session 2604907c2216f4fb3f475f79283352a6 to remote] DEBUG o.a.h.impl.execchain.MainClientExec - Opening connection {}->http://localhost:32348
15:13:57.411 [Forwarding getCurrentUrl on session 2604907c2216f4fb3f475f79283352a6 to remote] DEBUG o.a.h.i.c.HttpClientConnectionOperator - Connecting to localhost/127.0.0.1:32348
15:13:57.411 [Forwarding getCurrentUrl on session 2604907c2216f4fb3f475f79283352a6 to remote] DEBUG o.a.h.i.c.HttpClientConnectionOperator - Connection established 127.0.0.1:47863<->127.0.0.1:32348
15:13:57.412 [Forwarding getCurrentUrl on session 2604907c2216f4fb3f475f79283352a6 to remote] DEBUG o.a.h.impl.execchain.MainClientExec - Executing request GET /session/2604907c2216f4fb3f475f79283352a6/url HTTP/1.1
15:13:57.412 [Forwarding getCurrentUrl on session 2604907c2216f4fb3f475f79283352a6 to remote] DEBUG o.a.h.impl.execchain.MainClientExec - Target auth state: UNCHALLENGED
15:13:57.412 [Forwarding getCurrentUrl on session 2604907c2216f4fb3f475f79283352a6 to remote] DEBUG o.a.h.impl.execchain.MainClientExec - Proxy auth state: UNCHALLENGED
15:13:57.412 [Forwarding getCurrentUrl on session 2604907c2216f4fb3f475f79283352a6 to remote] DEBUG org.apache.http.headers - http-outgoing-4460 >> GET /session/2604907c2216f4fb3f475f79283352a6/url HTTP/1.1
15:13:57.412 [Forwarding getCurrentUrl on session 2604907c2216f4fb3f475f79283352a6 to remote] DEBUG org.apache.http.headers - http-outgoing-4460 >> Cache-Control: no-cache
15:13:57.412 [Forwarding getCurrentUrl on session 2604907c2216f4fb3f475f79283352a6 to remote] DEBUG org.apache.http.headers - http-outgoing-4460 >> Host: localhost:32348
15:13:57.412 [Forwarding getCurrentUrl on session 2604907c2216f4fb3f475f79283352a6 to remote] DEBUG org.apache.http.headers - http-outgoing-4460 >> Connection: Keep-Alive
15:13:57.412 [Forwarding getCurrentUrl on session 2604907c2216f4fb3f475f79283352a6 to remote] DEBUG org.apache.http.headers - http-outgoing-4460 >> User-Agent: Apache-HttpClient/4.3.4 (java 1.5)
15:13:57.412 [Forwarding getCurrentUrl on session 2604907c2216f4fb3f475f79283352a6 to remote] DEBUG org.apache.http.headers - http-outgoing-4460 >> Accept-Encoding: gzip,deflate
15:13:57.412 [Forwarding getCurrentUrl on session 2604907c2216f4fb3f475f79283352a6 to remote] DEBUG org.apache.http.wire - http-outgoing-4460 >> "GET /session/2604907c2216f4fb3f475f79283352a6/url HTTP/1.1[\r][\n]"
15:13:57.412 [Forwarding getCurrentUrl on session 2604907c2216f4fb3f475f79283352a6 to remote] DEBUG org.apache.http.wire - http-outgoing-4460 >> "Cache-Control: no-cache[\r][\n]"
15:13:57.412 [Forwarding getCurrentUrl on session 2604907c2216f4fb3f475f79283352a6 to remote] DEBUG org.apache.http.wire - http-outgoing-4460 >> "Host: localhost:32348[\r][\n]"
15:13:57.412 [Forwarding getCurrentUrl on session 2604907c2216f4fb3f475f79283352a6 to remote] DEBUG org.apache.http.wire - http-outgoing-4460 >> "Connection: Keep-Alive[\r][\n]"
15:13:57.412 [Forwarding getCurrentUrl on session 2604907c2216f4fb3f475f79283352a6 to remote] DEBUG org.apache.http.wire - http-outgoing-4460 >> "User-Agent: Apache-HttpClient/4.3.4 (java 1.5)[\r][\n]"
15:13:57.412 [Forwarding getCurrentUrl on session 2604907c2216f4fb3f475f79283352a6 to remote] DEBUG org.apache.http.wire - http-outgoing-4460 >> "Accept-Encoding: gzip,deflate[\r][\n]"
15:13:57.412 [Forwarding getCurrentUrl on session 2604907c2216f4fb3f475f79283352a6 to remote] DEBUG org.apache.http.wire - http-outgoing-4460 >> "[\r][\n]"
15:13:57.576 [Forwarding getCurrentUrl on session 2604907c2216f4fb3f475f79283352a6 to remote] DEBUG org.apache.http.wire - http-outgoing-4460 << "HTTP/1.1 200 OK[\r][\n]"
15:13:57.576 [Forwarding getCurrentUrl on session 2604907c2216f4fb3f475f79283352a6 to remote] DEBUG org.apache.http.wire - http-outgoing-4460 << "Content-Length:103[\r][\n]"
15:13:57.576 [Forwarding getCurrentUrl on session 2604907c2216f4fb3f475f79283352a6 to remote] DEBUG org.apache.http.wire - http-outgoing-4460 << "Content-Type:application/json; charset=utf-8[\r][\n]"
15:13:57.576 [Forwarding getCurrentUrl on session 2604907c2216f4fb3f475f79283352a6 to remote] DEBUG org.apache.http.wire - http-outgoing-4460 << "Connection:close[\r][\n]"
15:13:57.576 [Forwarding getCurrentUrl on session 2604907c2216f4fb3f475f79283352a6 to remote] DEBUG org.apache.http.wire - http-outgoing-4460 << "[\r][\n]"
15:13:57.576 [Forwarding getCurrentUrl on session 2604907c2216f4fb3f475f79283352a6 to remote] DEBUG org.apache.http.wire - http-outgoing-4460 << "{"sessionId":"2604907c2216f4fb3f475f79283352a6","status":0,"value":"http://localhost:9000/#/campaigns"}"
15:13:57.576 [Forwarding getCurrentUrl on session 2604907c2216f4fb3f475f79283352a6 to remote] DEBUG org.apache.http.headers - http-outgoing-4460 << HTTP/1.1 200 OK
15:13:57.576 [Forwarding getCurrentUrl on session 2604907c2216f4fb3f475f79283352a6 to remote] DEBUG org.apache.http.headers - http-outgoing-4460 << Content-Length:103
15:13:57.576 [Forwarding getCurrentUrl on session 2604907c2216f4fb3f475f79283352a6 to remote] DEBUG org.apache.http.headers - http-outgoing-4460 << Content-Type:application/json; charset=utf-8
15:13:57.576 [Forwarding getCurrentUrl on session 2604907c2216f4fb3f475f79283352a6 to remote] DEBUG org.apache.http.headers - http-outgoing-4460 << Connection:close
15:13:57.577 [Forwarding getCurrentUrl on session 2604907c2216f4fb3f475f79283352a6 to remote] DEBUG o.a.h.i.c.DefaultManagedHttpClientConnection - http-outgoing-4460: Shutdown connection
15:13:57.577 [Forwarding getCurrentUrl on session 2604907c2216f4fb3f475f79283352a6 to remote] DEBUG o.a.h.impl.execchain.MainClientExec - Connection discarded
15:13:57.577 [Forwarding getCurrentUrl on session 2604907c2216f4fb3f475f79283352a6 to remote] DEBUG o.a.h.i.c.DefaultManagedHttpClientConnection - http-outgoing-4460: Close connection
15:13:57.577 [Forwarding getCurrentUrl on session 2604907c2216f4fb3f475f79283352a6 to remote] DEBUG o.a.h.i.c.PoolingHttpClientConnectionManager - Connection released: [id: 4460][route: {}->http://localhost:32348][total kept alive: 0; route allocated: 0 of 2000; total allocated: 0 of 2000]
15:13:57.577 [Forwarding executeScript on session 2604907c2216f4fb3f475f79283352a6 to remote] DEBUG o.a.h.c.protocol.RequestAddCookies - CookieSpec selected: best-match
15:13:57.577 [Forwarding executeScript on session 2604907c2216f4fb3f475f79283352a6 to remote] DEBUG o.a.h.c.protocol.RequestAuthCache - Auth cache not set in the context
15:13:57.577 [Forwarding executeScript on session 2604907c2216f4fb3f475f79283352a6 to remote] DEBUG o.a.h.i.c.PoolingHttpClientConnectionManager - Connection request: [route: {}->http://localhost:32348][total kept alive: 0; route allocated: 0 of 2000; total allocated: 0 of 2000]
15:13:57.577 [Forwarding executeScript on session 2604907c2216f4fb3f475f79283352a6 to remote] DEBUG o.a.h.i.c.PoolingHttpClientConnectionManager - Connection leased: [id: 4461][route: {}->http://localhost:32348][total kept alive: 0; route allocated: 1 of 2000; total allocated: 1 of 2000]
15:13:57.577 [Forwarding executeScript on session 2604907c2216f4fb3f475f79283352a6 to remote] DEBUG o.a.h.impl.execchain.MainClientExec - Opening connection {}->http://localhost:32348
15:13:57.577 [Forwarding executeScript on session 2604907c2216f4fb3f475f79283352a6 to remote] DEBUG o.a.h.i.c.HttpClientConnectionOperator - Connecting to localhost/127.0.0.1:32348
15:13:57.577 [Forwarding executeScript on session 2604907c2216f4fb3f475f79283352a6 to remote] DEBUG o.a.h.i.c.HttpClientConnectionOperator - Connection established 127.0.0.1:47864<->127.0.0.1:32348
15:13:57.577 [Forwarding executeScript on session 2604907c2216f4fb3f475f79283352a6 to remote] DEBUG o.a.h.impl.execchain.MainClientExec - Executing request POST /session/2604907c2216f4fb3f475f79283352a6/execute HTTP/1.1
15:13:57.577 [Forwarding executeScript on session 2604907c2216f4fb3f475f79283352a6 to remote] DEBUG o.a.h.impl.execchain.MainClientExec - Target auth state: UNCHALLENGED
15:13:57.577 [Forwarding executeScript on session 2604907c2216f4fb3f475f79283352a6 to remote] DEBUG o.a.h.impl.execchain.MainClientExec - Proxy auth state: UNCHALLENGED
15:13:57.577 [Forwarding executeScript on session 2604907c2216f4fb3f475f79283352a6 to remote] DEBUG org.apache.http.headers - http-outgoing-4461 >> POST /session/2604907c2216f4fb3f475f79283352a6/execute HTTP/1.1
15:13:57.577 [Forwarding executeScript on session 2604907c2216f4fb3f475f79283352a6 to remote] DEBUG org.apache.http.headers - http-outgoing-4461 >> Content-Type: application/json; charset=utf-8
15:13:57.577 [Forwarding executeScript on session 2604907c2216f4fb3f475f79283352a6 to remote] DEBUG org.apache.http.headers - http-outgoing-4461 >> Content-Length: 75
15:13:57.577 [Forwarding executeScript on session 2604907c2216f4fb3f475f79283352a6 to remote] DEBUG org.apache.http.headers - http-outgoing-4461 >> Host: localhost:32348
15:13:57.577 [Forwarding executeScript on session 2604907c2216f4fb3f475f79283352a6 to remote] DEBUG org.apache.http.headers - http-outgoing-4461 >> Connection: Keep-Alive
15:13:57.577 [Forwarding executeScript on session 2604907c2216f4fb3f475f79283352a6 to remote] DEBUG org.apache.http.headers - http-outgoing-4461 >> User-Agent: Apache-HttpClient/4.3.4 (java 1.5)
15:13:57.577 [Forwarding executeScript on session 2604907c2216f4fb3f475f79283352a6 to remote] DEBUG org.apache.http.headers - http-outgoing-4461 >> Accept-Encoding: gzip,deflate
15:13:57.577 [Forwarding executeScript on session 2604907c2216f4fb3f475f79283352a6 to remote] DEBUG org.apache.http.wire - http-outgoing-4461 >> "POST /session/2604907c2216f4fb3f475f79283352a6/execute HTTP/1.1[\r][\n]"
15:13:57.577 [Forwarding executeScript on session 2604907c2216f4fb3f475f79283352a6 to remote] DEBUG org.apache.http.wire - http-outgoing-4461 >> "Content-Type: application/json; charset=utf-8[\r][\n]"
15:13:57.577 [Forwarding executeScript on session 2604907c2216f4fb3f475f79283352a6 to remote] DEBUG org.apache.http.wire - http-outgoing-4461 >> "Content-Length: 75[\r][\n]"
15:13:57.577 [Forwarding executeScript on session 2604907c2216f4fb3f475f79283352a6 to remote] DEBUG org.apache.http.wire - http-outgoing-4461 >> "Host: localhost:32348[\r][\n]"
15:13:57.577 [Forwarding executeScript on session 2604907c2216f4fb3f475f79283352a6 to remote] DEBUG org.apache.http.wire - http-outgoing-4461 >> "Connection: Keep-Alive[\r][\n]"
15:13:57.577 [Forwarding executeScript on session 2604907c2216f4fb3f475f79283352a6 to remote] DEBUG org.apache.http.wire - http-outgoing-4461 >> "User-Agent: Apache-HttpClient/4.3.4 (java 1.5)[\r][\n]"
15:13:57.577 [Forwarding executeScript on session 2604907c2216f4fb3f475f79283352a6 to remote] DEBUG org.apache.http.wire - http-outgoing-4461 >> "Accept-Encoding: gzip,deflate[\r][\n]"
15:13:57.577 [Forwarding executeScript on session 2604907c2216f4fb3f475f79283352a6 to remote] DEBUG org.apache.http.wire - http-outgoing-4461 >> "[\r][\n]"
15:13:57.577 [Forwarding executeScript on session 2604907c2216f4fb3f475f79283352a6 to remote] DEBUG org.apache.http.wire - http-outgoing-4461 >> "{"args":[],"script":"if (document.readyState) return document.readyState;"}"
15:13:57.579 [Forwarding executeScript on session 2604907c2216f4fb3f475f79283352a6 to remote] DEBUG org.apache.http.wire - http-outgoing-4461 << "HTTP/1.1 200 OK[\r][\n]"
15:13:57.579 [Forwarding executeScript on session 2604907c2216f4fb3f475f79283352a6 to remote] DEBUG org.apache.http.wire - http-outgoing-4461 << "Content-Length:78[\r][\n]"
15:13:57.579 [Forwarding executeScript on session 2604907c2216f4fb3f475f79283352a6 to remote] DEBUG org.apache.http.wire - http-outgoing-4461 << "Content-Type:application/json; charset=utf-8[\r][\n]"
15:13:57.579 [Forwarding executeScript on session 2604907c2216f4fb3f475f79283352a6 to remote] DEBUG org.apache.http.wire - http-outgoing-4461 << "Connection:close[\r][\n]"
15:13:57.579 [Forwarding executeScript on session 2604907c2216f4fb3f475f79283352a6 to remote] DEBUG org.apache.http.wire - http-outgoing-4461 << "[\r][\n]"
15:13:57.579 [Forwarding executeScript on session 2604907c2216f4fb3f475f79283352a6 to remote] DEBUG org.apache.http.wire - http-outgoing-4461 << "{"sessionId":"2604907c2216f4fb3f475f79283352a6","status":0,"value":"complete"}"
15:13:57.579 [Forwarding executeScript on session 2604907c2216f4fb3f475f79283352a6 to remote] DEBUG org.apache.http.headers - http-outgoing-4461 << HTTP/1.1 200 OK
15:13:57.579 [Forwarding executeScript on session 2604907c2216f4fb3f475f79283352a6 to remote] DEBUG org.apache.http.headers - http-outgoing-4461 << Content-Length:78
15:13:57.579 [Forwarding executeScript on session 2604907c2216f4fb3f475f79283352a6 to remote] DEBUG org.apache.http.headers - http-outgoing-4461 << Content-Type:application/json; charset=utf-8
15:13:57.579 [Forwarding executeScript on session 2604907c2216f4fb3f475f79283352a6 to remote] DEBUG org.apache.http.headers - http-outgoing-4461 << Connection:close
15:13:57.579 [Forwarding executeScript on session 2604907c2216f4fb3f475f79283352a6 to remote] DEBUG o.a.h.i.c.DefaultManagedHttpClientConnection - http-outgoing-4461: Shutdown connection
15:13:57.579 [Forwarding executeScript on session 2604907c2216f4fb3f475f79283352a6 to remote] DEBUG o.a.h.impl.execchain.MainClientExec - Connection discarded
15:13:57.579 [Forwarding executeScript on session 2604907c2216f4fb3f475f79283352a6 to remote] DEBUG o.a.h.i.c.DefaultManagedHttpClientConnection - http-outgoing-4461: Close connection
15:13:57.580 [Forwarding executeScript on session 2604907c2216f4fb3f475f79283352a6 to remote] DEBUG o.a.h.i.c.PoolingHttpClientConnectionManager - Connection released: [id: 4461][route: {}->http://localhost:32348][total kept alive: 0; route allocated: 0 of 2000; total allocated: 0 of 2000]
15:13:57.580 [Forwarding getPageSource on session 2604907c2216f4fb3f475f79283352a6 to remote] DEBUG o.a.h.c.protocol.RequestAddCookies - CookieSpec selected: best-match
15:13:57.580 [Forwarding getPageSource on session 2604907c2216f4fb3f475f79283352a6 to remote] DEBUG o.a.h.c.protocol.RequestAuthCache - Auth cache not set in the context
15:13:57.580 [Forwarding getPageSource on session 2604907c2216f4fb3f475f79283352a6 to remote] DEBUG o.a.h.i.c.PoolingHttpClientConnectionManager - Connection request: [route: {}->http://localhost:32348][total kept alive: 0; route allocated: 0 of 2000; total allocated: 0 of 2000]
15:13:57.580 [Forwarding getPageSource on session 2604907c2216f4fb3f475f79283352a6 to remote] DEBUG o.a.h.i.c.PoolingHttpClientConnectionManager - Connection leased: [id: 4462][route: {}->http://localhost:32348][total kept alive: 0; route allocated: 1 of 2000; total allocated: 1 of 2000]
15:13:57.580 [Forwarding getPageSource on session 2604907c2216f4fb3f475f79283352a6 to remote] DEBUG o.a.h.impl.execchain.MainClientExec - Opening connection {}->http://localhost:32348
15:13:57.580 [Forwarding getPageSource on session 2604907c2216f4fb3f475f79283352a6 to remote] DEBUG o.a.h.i.c.HttpClientConnectionOperator - Connecting to localhost/127.0.0.1:32348
15:13:57.580 [Forwarding getPageSource on session 2604907c2216f4fb3f475f79283352a6 to remote] DEBUG o.a.h.i.c.HttpClientConnectionOperator - Connection established 127.0.0.1:47865<->127.0.0.1:32348
15:13:57.580 [Forwarding getPageSource on session 2604907c2216f4fb3f475f79283352a6 to remote] DEBUG o.a.h.impl.execchain.MainClientExec - Executing request GET /session/2604907c2216f4fb3f475f79283352a6/source HTTP/1.1
15:13:57.580 [Forwarding getPageSource on session 2604907c2216f4fb3f475f79283352a6 to remote] DEBUG o.a.h.impl.execchain.MainClientExec - Target auth state: UNCHALLENGED
15:13:57.580 [Forwarding getPageSource on session 2604907c2216f4fb3f475f79283352a6 to remote] DEBUG o.a.h.impl.execchain.MainClientExec - Proxy auth state: UNCHALLENGED
15:13:57.580 [Forwarding getPageSource on session 2604907c2216f4fb3f475f79283352a6 to remote] DEBUG org.apache.http.headers - http-outgoing-4462 >> GET /session/2604907c2216f4fb3f475f79283352a6/source HTTP/1.1
15:13:57.580 [Forwarding getPageSource on session 2604907c2216f4fb3f475f79283352a6 to remote] DEBUG org.apache.http.headers - http-outgoing-4462 >> Cache-Control: no-cache
15:13:57.580 [Forwarding getPageSource on session 2604907c2216f4fb3f475f79283352a6 to remote] DEBUG org.apache.http.headers - http-outgoing-4462 >> Host: localhost:32348
15:13:57.580 [Forwarding getPageSource on session 2604907c2216f4fb3f475f79283352a6 to remote] DEBUG org.apache.http.headers - http-outgoing-4462 >> Connection: Keep-Alive
15:13:57.580 [Forwarding getPageSource on session 2604907c2216f4fb3f475f79283352a6 to remote] DEBUG org.apache.http.headers - http-outgoing-4462 >> User-Agent: Apache-HttpClient/4.3.4 (java 1.5)
15:13:57.580 [Forwarding getPageSource on session 2604907c2216f4fb3f475f79283352a6 to remote] DEBUG org.apache.http.headers - http-outgoing-4462 >> Accept-Encoding: gzip,deflate
15:13:57.580 [Forwarding getPageSource on session 2604907c2216f4fb3f475f79283352a6 to remote] DEBUG org.apache.http.wire - http-outgoing-4462 >> "GET /session/2604907c2216f4fb3f475f79283352a6/source HTTP/1.1[\r][\n]"
15:13:57.580 [Forwarding getPageSource on session 2604907c2216f4fb3f475f79283352a6 to remote] DEBUG org.apache.http.wire - http-outgoing-4462 >> "Cache-Control: no-cache[\r][\n]"
15:13:57.580 [Forwarding getPageSource on session 2604907c2216f4fb3f475f79283352a6 to remote] DEBUG org.apache.http.wire - http-outgoing-4462 >> "Host: localhost:32348[\r][\n]"
15:13:57.580 [Forwarding getPageSource on session 2604907c2216f4fb3f475f79283352a6 to remote] DEBUG org.apache.http.wire - http-outgoing-4462 >> "Connection: Keep-Alive[\r][\n]"
15:13:57.580 [Forwarding getPageSource on session 2604907c2216f4fb3f475f79283352a6 to remote] DEBUG org.apache.http.wire - http-outgoing-4462 >> "User-Agent: Apache-HttpClient/4.3.4 (java 1.5)[\r][\n]"
15:13:57.580 [Forwarding getPageSource on session 2604907c2216f4fb3f475f79283352a6 to remote] DEBUG org.apache.http.wire - http-outgoing-4462 >> "Accept-Encoding: gzip,deflate[\r][\n]"
15:13:57.580 [Forwarding getPageSource on session 2604907c2216f4fb3f475f79283352a6 to remote] DEBUG org.apache.http.wire - http-outgoing-4462 >> "[\r][\n]"
15:13:57.584 [Forwarding getPageSource on session 2604907c2216f4fb3f475f79283352a6 to remote] DEBUG org.apache.http.wire - http-outgoing-4462 << "HTTP/1.1 200 OK[\r][\n]"
15:13:57.584 [Forwarding getPageSource on session 2604907c2216f4fb3f475f79283352a6 to remote] DEBUG org.apache.http.wire - http-outgoing-4462 << "Content-Length:40375[\r][\n]"
15:13:57.585 [Forwarding getPageSource on session 2604907c2216f4fb3f475f79283352a6 to remote] DEBUG org.apache.http.wire - http-outgoing-4462 << "Content-Type:application/json; charset=utf-8[\r][\n]"
15:13:57.585 [Forwarding getPageSource on session 2604907c2216f4fb3f475f79283352a6 to remote] DEBUG org.apache.http.wire - http-outgoing-4462 << "Connection:close[\r][\n]"
15:13:57.585 [Forwarding getPageSource on session 2604907c2216f4fb3f475f79283352a6 to remote] DEBUG org.apache.http.wire - http-outgoing-4462 << "[\r][\n]"
15:13:57.585 [Forwarding getPageSource on session 2604907c2216f4fb3f475f79283352a6 to remote] DEBUG org.apache.http.wire - http-outgoing-4462 << "{"sessionId":"2604907c2216f4fb3f475f79283352a6","status":0,"value":"\u003C!DOCTYPE html>\u003Chtml xmlns=\"http://www.w3.org/1999/xhtml\" class=\"no-js\">\u003Chead>\u003Cstyle type=\"text/css\">@charset \"UTF-8\";[ng\\:cloak],[ng-cloak],[data-ng-cloak],[x-ng-cloak],.ng-cloak,.x-ng-cloak,.ng-hide{display:none !important;}ng\\:form{display:block;}.ng-animate-block-transitions{transition:0s all!important;-webkit-transition:0s all!important;}.ng-hide-add-active,.ng-hide-remove{display:block!important;}\u003C/style>\n    \u003Cmeta charset=\"utf-8\" />\n    \u003Ctitle>\u003C/title>\n    \u003Cmeta name=\"description\" content=\"\" />\n    \u003Cmeta name=\"viewport\" content=\"width=device-width\" />\n    \u003C!-- build:css(.) styles/vendor.css -->\n    \u003C!-- bower:css -->\n    \u003Clink rel=\"stylesheet\" href=\"bower_components/bootstrap/dist/css/bootstrap.css\" />\n    \u003Clink rel=\"stylesheet\" href=\"bower_components/angular-dialog-service/dist/dialogs.min.css\" />\n    \u003C!-- endbower -->\n    \u003Clink rel=\"stylesheet\" href=\"bower_components/jquery-ui/themes/base/all.css\" />\n    \u003C!-- endbuild -->\n    \u003C!-- build:css(.tmp) styles/main.css -->\n    \u003Clink rel=\"stylesheet\" href=\"styles/main.css\" />\n    \u003C!-- endbuild -->\n  \u003C/head>\n  \u003Cbody ng-app=\"vouchersUiApp\" class=\"ng-scope\">\n    \u003C!--[if lt IE 7]>\n      \u003Cp class=\"browsehappy\">You are using an \u003Cstrong>outdated\u003C/strong> browser. Please \u003Ca href=\"http://browsehappy.com/\">upgrade your browser\u003C/a> to improve your experience.\u003C/p>\n    \u003C![endif]-->\n\n    \u003C!-- Add your site or application content here -->\n    \u003Cdiv class=\"container\">\n\n        \u003C!-- ngView:  -->\u003Cdiv ng-view=\"\" class=\"body ng-scope\">\u003C!-- ngInclude: undefined -->\u003Cng-include src=\"'/views/header.html'\" class=\"ng-scope\">\u003Cdiv class=\"header ng-scope\">\n    \u003Cul class=\"nav nav-pills pull-right\">\n        \u003Cli>\u003Ca id=\"campaigns-header\" ng-href=\"#/\" class=\"campaigns\" href=\"#/\">Campaigns\u003C/a>\u003C/li>\n        \u003Cli>\u003Ca id=\"create-campaign-header\" ng-href=\"#/campaign\" class=\"campaign\" data-ng-show=\"showCreateCampaign()\" href=\"#/campaign\">Create Campaign\u003C/a>\u003C/li>\n        \u003Cli>\u003Ca id=\"search-vouchers-header\" ng-href=\"#/voucher\" class=\"campaign\" href=\"#/voucher\">Search Vouchers\u003C/a>\u003C/li>\n    \u003C/ul>\n    \u003Ch3>\u003Ca ng-href=\"#/\" href=\"#/\">Voucher Manager\u003C/a>\u003C/h3>\n\u003C/div>\n\u003C/ng-include>\n\u003Cdiv class=\"row name-group ng-scope\">\n  \u003Cdiv class=\"col-md-12\">\n    \u003Ch4>Campaign List\u003C/h4>\n    \u003Cform class=\"form-inline search-form ng-pristine ng-valid\" name=\"nameForm\">\n      \u003Cdiv class=\"form-group col-md-5 \">\n        \u003Clabel for=\"search-name\">Find\u003C/label>\n        \u003Cinput type=\"text\" ng-model=\"searchName\" delayed-model=\"searchName\" name=\"name\" class=\"form-control ng-pristine ng-valid ng-valid-minlength\" id=\"search-name\" ng-minlength=\"3\" maxlength=\"50\" placeholder=\"Campaign Name (Minimum 3 characters)\" />\n        \u003Cspan id=\"searchclear\" class=\"glyphicon glyphicon-remove-circle\" ng-click=\"clearSearchName()\">\u003C/span>\n      \u003C/div>\n    \u003C/form>\n    \u003Cdiv class=\"btn-group pull-right\">\n      \u003Cbutton type=\"submit\" class=\"btn btn-success\" ng-click=\"exportFilteredList()\">Export Campaign List \u003C/button>\n    \u003C/div>\n  \u003C/div>\n\u003C/div>\n\u003Cdiv class=\"row ng-scope\">\n  \u003Cform class=\"form-inline search-form ng-pristine ng-valid\" name=\"searchForm\">\n    \u003Cdiv class=\"col-md-12 ng-hide\" ng-hide=\"!showFilters\">\n      \u003Chr />\n      \u003Cdiv class=\"form-group\">\n        \u003Clabel for=\"start\">Start Date\u003C/label>\n        \u003Cinput type=\"text\" class=\"form-control mac-date-time ng-pristine ng-valid hasDatepicker ng-valid-date\" ng-model=\"search.start\" mac-datepicker-date-format=\"dd/mm/yy\" mac-datepicker-auto-size=\"\" name=\"start\" id=\"start\" placeholder=\"dd/mm/yyyy\" ng-change=\"checkFilterDateValidity()\" size=\"10\" />\n      \u003C/div>\n      \u003Cdiv class=\"form-group\">\n        \u003Clabel for=\"end\">End Date\u003C/label>\n        \u003Cinput type=\"text\" class=\"form-control mac-date-time ng-pristine ng-valid hasDatepicker ng-valid-date\" ng-model=\"search.end\" mac-datepicker-date-format=\"dd/mm/yy\" mac-datepicker-auto-size=\"\" name=\"end\" id=\"end\" placeholder=\"dd/mm/yyyy\" ng-change=\"checkFilterDateValidity()\" size=\"10\" />\n      \u003C/div>\n      \u003Cdiv class=\"form-group\">\n        \u003Clabel>Status\u003C/label>\n        \u003Cselect id=\"status\" class=\"form-control ng-pristine ng-valid\" data-ng-model=\"search.active\">\n          \u003Coption name=\"All\" value=\"\">All\u003C/option>\n          \u003Coption name=\"Active\" value=\"true\">Active\u003C/option>\n          \u003Coption name=\"Inactive\" value=\"false\">Inactive\u003C/option>\n        \u003C/select>\n      \u003C/div>\n      \u003Cdiv class=\"form-group\">\n        \u003Clabel for=\"type\">Type\u003C/label>\n        \u003Cselect id=\"type\" name=\"search.type\" class=\"form-control ng-pristine ng-valid\" ng-model=\"search.type\" ng-options=\"campaignType.key as campaignType.value for campaignType in campaignTypes\">\u003Coption value=\"0\" selected=\"selected\">All\u003C/option>\u003Coption value=\"1\">Promo Code\u003C/option>\u003Coption value=\"2\">Single Use Transferable\u003C/option>\u003Coption value=\"3\">Single Use Non-Transferable\u003C/option>\u003Coption value=\"4\">Gifting\u003C/option>\u003C/select>\n      \u003C/div>\n      \u003Cbutton type=\"submit\" class=\"btn btn-primary filter\" ng-click=\"searchForm.$valid &amp;&amp; updateFilter()\" ng-disabled=\"!searchForm.$valid\">Filter Campaigns\n      \u003C/button>\n      \u003Cbutton type=\"submit\" class=\"btn btn-default clear\" ng-click=\"clearFilter()\">Clear Filter\u003C/button>\n    \u003C/div>\n  \u003C/form>\n\u003C/div>\n\u003Cdiv class=\"row ng-scope\">\n  \u003Cdiv class=\"col-md-12\">\n    \u003Ca style=\"cursor: pointer;\" ng-click=\"showFilters=!showFilters\" class=\"ng-binding\">Show Advanced Filters\u003C/a>\n  \u003C/div>\n\u003C/div>\n\u003Cdiv class=\"row ng-scope\">\n  \u003Cdiv class=\"col-md-12\">\n    \u003Ctable class=\"table\">\n      \u003Cthead>\n      \u003Ctr>\n        \u003Cth>Name\u003C/th>\n        \u003Cth>State\u003C/th>\n        \u003Cth>Type\u003C/th>\n        \u003Cth>Start\u003C/th>\n        \u003Cth>End\u003C/th>\n        \u003Cth>Vouchers\u003C/th>\n        \u003Cth>Redemption Cap\u003C/th>\n        \u003Cth>Redeemed\u003C/th>\n      \u003C/tr>\n      \u003C/thead>\n      \u003Ctbody>\n      \u003C!-- ngRepeat: campaign in campaigns | itemsPerPage: 25 -->\u003Ctr total-items=\"campaignCount\" current-page=\"pagination.current\" ng-repeat=\"campaign in campaigns | itemsPerPage: 25\" class=\"ng-scope\">\n        \u003Ctd>\u003Ca ng-href=\"#/campaign/70\" class=\"ng-binding\" href=\"#/campaign/70\">487a4eca-f1ba-482e-a08b-40d404084239\u003C/a>\u003C/td>\n        \u003Ctd class=\"ng-binding\">ACTIVE\u003C/td>\n        \u003Ctd class=\"ng-binding\">SINGLE_USE_TRANSFERABLE\u003C/td>\n        \u003Ctd class=\"ng-binding\">01/01/2000\u003C/td>\n        \u003Ctd class=\"ng-binding\">01/01/2090\u003C/td>\n        \u003Ctd class=\"ng-binding\">100\u003C/td>\n        \u003Ctd class=\"ng-binding\">100\u003C/td>\n        \u003Ctd class=\"ng-binding\">0\u003C/td>\n      \u003C/tr>\u003C!-- end ngRepeat: campaign in campaigns | itemsPerPage: 25 -->\u003Ctr total-items=\"campaignCount\" current-page=\"pagination.current\" ng-repeat=\"campaign in campaigns | itemsPerPage: 25\" class=\"ng-scope\">\n        \u003Ctd>\u003Ca ng-href=\"#/campaign/69\" class=\"ng-binding\" href=\"#/campaign/69\">6379a62b-58e5-45d5-bf58-38bd1fb85076\u003C/a>\u003C/td>\n        \u003Ctd class=\"ng-binding\">ACTIVE\u003C/td>\n        \u003Ctd class=\"ng-binding\">PROMO_"
15:13:57.585 [Forwarding getPageSource on session 2604907c2216f4fb3f475f79283352a6 to remote] DEBUG org.apache.http.headers - http-outgoing-4462 << HTTP/1.1 200 OK
15:13:57.585 [Forwarding getPageSource on session 2604907c2216f4fb3f475f79283352a6 to remote] DEBUG org.apache.http.headers - http-outgoing-4462 << Content-Length:40375
15:13:57.585 [Forwarding getPageSource on session 2604907c2216f4fb3f475f79283352a6 to remote] DEBUG org.apache.http.headers - http-outgoing-4462 << Content-Type:application/json; charset=utf-8
15:13:57.585 [Forwarding getPageSource on session 2604907c2216f4fb3f475f79283352a6 to remote] DEBUG org.apache.http.headers - http-outgoing-4462 << Connection:close
15:13:57.585 [Forwarding getPageSource on session 2604907c2216f4fb3f475f79283352a6 to remote] DEBUG org.apache.http.wire - http-outgoing-4462 << "CODE\u003C/td>\n        \u003Ctd class=\"ng-binding\">01/01/2001\u003C/td>\n        \u003Ctd class=\"ng-binding\">01/01/2091\u003C/td>\n        \u003Ctd class=\"ng-binding\">\u003C/td>\n        \u003Ctd class=\"ng-binding\">1001\u003C/td>\n        \u003Ctd class=\"ng-binding\">0\u003C/td>\n      \u003C/tr>\u003C!-- end ngRepeat: campaign in campaigns | itemsPerPage: 25 -->\u003Ctr total-items=\"campaignCount\" current-page=\"pagination.current\" ng-repeat=\"campaign in campaigns | itemsPerPage: 25\" class=\"ng-scope\">\n        \u003Ctd>\u003Ca ng-href=\"#/campaign/68\" class=\"ng-binding\" href=\"#/campaign/68\">SUT Campaign\u003C/a>\u003C/td>\n        \u003Ctd class=\"ng-binding\">ACTIVE\u003C/td>\n        \u003Ctd class=\"ng-binding\">SINGLE_USE_TRANSFERABLE\u003C/td>\n        \u003Ctd class=\"ng-binding\">26/06/2014\u003C/td>\n        \u003Ctd class=\"ng-binding\">26/06/2016\u003C/td>\n        \u003Ctd class=\"ng-binding\">1\u003C/td>\n        \u003Ctd class=\"ng-binding\">20\u003C/td>\n        \u003Ctd class=\"ng-binding\">0\u003C/td>\n      \u003C/tr>\u003C!-- end ngRepeat: campaign in campaigns | itemsPerPage: 25 -->\u003Ctr total-items=\"campaignCount\" current-page=\"pagination.current\" ng-repeat=\"campaign in campaigns | itemsPerPage: 25\" class=\"ng-scope\">\n        \u003Ctd>\u003Ca ng-href=\"#/campaign/67\" class=\"ng-binding\" href=\"#/campaign/67\">SUT Campaign\u003C/a>\u003C/td>\n        \u003Ctd class=\"ng-binding\">ACTIVE\u003C/td>\n        \u003Ctd class=\"ng-binding\">SINGLE_USE_TRANSFERABLE\u003C/td>\n        \u003Ctd class=\"ng-binding\">26/06/2014\u003C/td>\n        \u003Ctd class=\"ng-binding\">26/06/2016\u003C/td>\n        \u003Ctd class=\"ng-binding\">1\u003C/td>\n        \u003Ctd class=\"ng-binding\">20\u003C/td>\n        \u003Ctd class=\"ng-binding\">0\u003C/td>\n      \u003C/tr>\u003C!-- end ngRepeat: campaign in campaigns | itemsPerPage: 25 -->\u003Ctr total-items=\"campaignCount\" current-page=\"pagination.current\" ng-repeat=\"campaign in campaigns | itemsPerPage: 25\" class=\"ng-scope\">\n        \u003Ctd>\u003Ca ng-href=\"#/campaign/66\" class=\"ng-binding\" href=\"#/campaign/66\">Campaign 2\u003C/a>\u003C/td>\n        \u003Ctd class=\"ng-binding\">ACTIVE\u003C/td>\n        \u003Ctd class=\"ng-binding\">SINGLE_USE_NON_TRANSFERABLE\u003C/td>\n        \u003Ctd class=\"ng-binding\">26/06/2014\u003C/td>\n        \u003Ctd class=\"ng-binding\">26/06/2016\u003C/td>\n        \u003Ctd class=\"ng-binding\">1\u003C/td>\n        \u003Ctd class=\"ng-binding\">20\u003C/td>\n        \u003Ctd class=\"ng-binding\">0\u003C/td>\n      \u003C/tr>\u003C!-- end ngRepeat: campaign in campaigns | itemsPerPage: 25 -->\u003Ctr total-items=\"campaignCount\" current-page=\"pagination.current\" ng-repeat=\"campaign in campaigns | itemsPerPage: 25\" class=\"ng-scope\">\n        \u003Ctd>\u003Ca ng-href=\"#/campaign/64\" class=\"ng-binding\" href=\"#/campaign/64\">Single Use Transferable 11\u003C/a>\u003C/td>\n        \u003Ctd class=\"ng-binding\">ACTIVE\u003C/td>\n        \u003Ctd class=\"ng-binding\">SINGLE_USE_TRANSFERABLE\u003C/td>\n        \u003Ctd class=\"ng-binding\">26/06/2004\u003C/td>\n        \u003Ctd class=\"ng-binding\">26/06/2114\u003C/td>\n        \u003Ctd class=\"ng-binding\">\u003C/td>\n        \u003Ctd class=\"ng-binding\">100\u003C/td>\n        \u003Ctd class=\"ng-binding\">0\u003C/td>\n      \u003C/tr>\u003C!-- end ngRepeat: campaign in campaigns | itemsPerPage: 25 -->\u003Ctr total-items=\"campaignCount\" current-page=\"pagination.current\" ng-repeat=\"campaign in campaigns | itemsPerPage: 25\" class=\"ng-scope\">\n        \u003Ctd>\u003Ca ng-href=\"#/campaign/63\" class=\"ng-binding\" href=\"#/campaign/63\">SUNT 11\u003C/a>\u003C/td>\n        \u003Ctd class=\"ng-binding\">ACTIVE\u003C/td>\n        \u003Ctd class=\"ng-binding\">SINGLE_USE_NON_TRANSFERABLE\u003C/td>\n        \u003Ctd class=\"ng-binding\">26/06/2003\u003C/td>\n        \u003Ctd class=\"ng-binding\">26/06/2117\u003C/td>\n        \u003Ctd class=\"ng-binding\">\u003C/td>\n        \u003Ctd class=\"ng-binding\">100\u003C/td>\n        \u0"
15:13:57.585 [Forwarding getPageSource on session 2604907c2216f4fb3f475f79283352a6 to remote] DEBUG org.apache.http.wire - http-outgoing-4462 << "03Ctd class=\"ng-binding\">0\u003C/td>\n      \u003C/tr>\u003C!-- end ngRepeat: campaign in campaigns | itemsPerPage: 25 -->\u003Ctr total-items=\"campaignCount\" current-page=\"pagination.current\" ng-repeat=\"campaign in campaigns | itemsPerPage: 25\" class=\"ng-scope\">\n        \u003Ctd>\u003Ca ng-href=\"#/campaign/61\" class=\"ng-binding\" href=\"#/campaign/61\">Single Use Transferable 11\u003C/a>\u003C/td>\n        \u003Ctd class=\"ng-binding\">ACTIVE\u003C/td>\n        \u003Ctd class=\"ng-binding\">SINGLE_USE_TRANSFERABLE\u003C/td>\n        \u003Ctd class=\"ng-binding\">26/06/2004\u003C/td>\n        \u003Ctd class=\"ng-binding\">26/06/2114\u003C/td>\n        \u003Ctd class=\"ng-binding\">\u003C/td>\n        \u003Ctd class=\"ng-binding\">100\u003C/td>\n        \u003Ctd class=\"ng-binding\">0\u003C/td>\n      \u003C/tr>\u003C!-- end ngRepeat: campaign in campaigns | itemsPerPage: 25 -->\u003Ctr total-items=\"campaignCount\" current-page=\"pagination.current\" ng-repeat=\"campaign in campaigns | itemsPerPage: 25\" class=\"ng-scope\">\n        \u003Ctd>\u003Ca ng-href=\"#/campaign/59\" class=\"ng-binding\" href=\"#/campaign/59\">0b4ebc9f-15f1-4f39-a25e-0e9ead5417be\u003C/a>\u003C/td>\n        \u003Ctd class=\"ng-binding\">ACTIVE\u003C/td>\n        \u003Ctd class=\"ng-binding\">GIFTING\u003C/td>\n        \u003Ctd class=\"ng-binding\">01/01/2000\u003C/td>\n        \u003Ctd class=\"ng-binding\">01/01/2090\u003C/td>\n        \u003Ctd class=\"ng-binding\">100\u003C/td>\n        \u003Ctd class=\"ng-binding\">100\u003C/td>\n        \u003Ctd class=\"ng-binding\">0\u003C/td>\n      \u003C/tr>\u003C!-- end ngRepeat: campaign in campaigns | itemsPerPage: 25 -->\u003Ctr total-items=\"campaignCount\" current-page=\"pagination.current\" ng-repeat=\"campaign in campaigns | itemsPerPage: 25\" class=\"ng-scope\">\n        \u003Ctd>\u003Ca ng-href=\"#/campaign/58\" class=\"ng-binding\" href=\"#/campaign/58\">58437210-f06f-4c94-a95a-f5f3107c6af1\u003C/a>\u003C/td>\n        \u003Ctd class=\"ng-binding\">ACTIVE\u003C/td>\n        \u003Ctd class=\"ng-binding\">SINGLE_USE_TRANSFERABLE\u003C/td>\n        \u003Ctd class=\"ng-binding\">01/01/2000\u003C/td>\n        \u003Ctd class=\"ng-binding\">01/01/2090\u003C/td>\n        \u003Ctd class=\"ng-binding\">100\u003C/td>\n        \u003Ctd class=\"ng-binding\">100\u003C/td>\n        \u003Ctd class=\"ng-binding\">0\u003C/td>\n      \u003C/tr>\u003C!-- end ngRepeat: campaign in campaigns | itemsPerPage: 25 -->\u003Ctr total-items=\"campaignCount\" current-page=\"pagination.current\" ng-repeat=\"campaign in campaigns | itemsPerPage: 25\" class=\"ng-scope\">\n        \u003Ctd>\u003Ca ng-href=\"#/campaign/57\" class=\"ng-binding\" href=\"#/campaign/57\">3d5d2a33-4456-4fc3-a9d0-41a131052ed4\u003C/a>\u003C/td>\n        \u003Ctd class=\"ng-binding\">ACTIVE\u003C/td>\n        \u003Ctd class=\"ng-binding\">SINGLE_USE_TRANSFERABLE\u003C/td>\n        \u003Ctd class=\"ng-binding\">01/01/2000\u003C/td>\n        \u003Ctd class=\"ng-binding\">01/01/2090\u003C/td>\n        \u003Ctd class=\"ng-binding\">100\u003C/td>\n        \u003Ctd class=\"ng-binding\">100\u003C/td>\n        \u003Ctd class=\"ng-binding\">0\u003C/td>\n      \u003C/tr>\u003C!-- end ngRepeat: campaign in campaigns | itemsPerPage: 25 -->\u003Ctr total-items=\"campaignCount\" current-page=\"pagination.current\" ng-repeat=\"campaign in campaigns | itemsPerPage: 25\" class=\"ng-scope\">\n        \u003Ctd>\u003Ca ng-href=\"#/campaign/56\" class=\"ng-binding\" href=\"#/campaign/56\">8f71bb27-91b3-494b-bca4-aa7f280e2b46\u003C/a>\u003C/td>\n        \u003Ctd class=\"ng-binding\">ACTIVE\u003C/td>\n        \u003Ctd class=\"ng-binding\">GIFTING\u003C/td>\n        \u003Ctd class=\"ng-binding\">01/01/2000\u003C/td>\n        \u003Ctd class=\"ng-binding\">01/01/2090\u003C/td>\n        \u003Ctd class=\"ng-binding\">100\u003C/td>\n        \u003Ctd class=\"ng-binding\">100\u003C/td>\n        \u003Ctd class=\"ng-binding\">0\u003C/td>\n      \u003C/tr>\u003C!-- end ngRepeat: campaign in campaigns | itemsPerPage: 25 -->\u003Ctr total-items=\"campaignCount\" current-page="
15:13:57.585 [Forwarding getPageSource on session 2604907c2216f4fb3f475f79283352a6 to remote] DEBUG org.apache.http.wire - http-outgoing-4462 << "\"pagination.current\" ng-repeat=\"campaign in campaigns | itemsPerPage: 25\" class=\"ng-scope\">\n        \u003Ctd>\u003Ca ng-href=\"#/campaign/55\" class=\"ng-binding\" href=\"#/campaign/55\">50901bf2-368d-4342-9114-f68598b5b1f4\u003C/a>\u003C/td>\n        \u003Ctd class=\"ng-binding\">ACTIVE\u003C/td>\n        \u003Ctd class=\"ng-binding\">SINGLE_USE_TRANSFERABLE\u003C/td>\n        \u003Ctd class=\"ng-binding\">01/01/2000\u003C/td>\n        \u003Ctd class=\"ng-binding\">01/01/2090\u003C/td>\n        \u003Ctd class=\"ng-binding\">100\u003C/td>\n        \u003Ctd class=\"ng-binding\">100\u003C/td>\n        \u003Ctd class=\"ng-binding\">0\u003C/td>\n      \u003C/tr>\u003C!-- end ngRepeat: campaign in campaigns | itemsPerPage: 25 -->\u003Ctr total-items=\"campaignCount\" current-page=\"pagination.current\" ng-repeat=\"campaign in campaigns | itemsPerPage: 25\" class=\"ng-scope\">\n        \u003Ctd>\u003Ca ng-href=\"#/campaign/54\" class=\"ng-binding\" href=\"#/campaign/54\">c6962f5f-e663-42a2-9241-cb4947eb8041\u003C/a>\u003C/td>\n        \u003Ctd class=\"ng-binding\">ACTIVE\u003C/td>\n        \u003Ctd class=\"ng-binding\">SINGLE_USE_TRANSFERABLE\u003C/td>\n        \u003Ctd class=\"ng-binding\">01/01/2000\u003C/td>\n        \u003Ctd class=\"ng-binding\">01/01/2090\u003C/td>\n        \u003Ctd class=\"ng-binding\">100\u003C/td>\n        \u003Ctd class=\"ng-binding\">100\u003C/td>\n        \u003Ctd class=\"ng-binding\">0\u003C/td>\n      \u003C/tr>\u003C!-- end ngRepeat: campaign in campaigns | itemsPerPage: 25 -->\u003Ctr total-items=\"campaignCount\" current-page=\"pagination.current\" ng-repeat=\"campaign in campaigns | itemsPerPage: 25\" class=\"ng-scope\">\n        \u003Ctd>\u003Ca ng-href=\"#/campaign/53\" class=\"ng-binding\" href=\"#/campaign/53\">7484acf4-aace-4154-9691-bf187440d06e\u003C/a>\u003C/td>\n        \u003Ctd class=\"ng-binding\">ACTIVE\u003C/td>\n        \u003Ctd class=\"ng-binding\">SINGLE_USE_TRANSFERABLE\u003C/td>\n        \u003Ctd class=\"ng-binding\">01/01/2000\u003C/td>\n        \u003Ctd class=\"ng-binding\">01/01/2090\u003C/td>\n        \u003Ctd class=\"ng-binding\">100\u003C/td>\n        \u003Ctd class=\"ng-binding\">100\u003C/td>\n        \u003Ctd class=\"ng-binding\">0\u003C/td>\n      \u003C/tr>\u003C!-- end ngRepeat: campaign in campaigns | itemsPerPage: 25 -->\u003Ctr total-items=\"campaignCount\" current-page=\"pagination.current\" ng-repeat=\"campaign in campaigns | itemsPerPage: 25\" class=\"ng-scope\">\n        \u003Ctd>\u003Ca ng-href=\"#/campaign/52\" class=\"ng-binding\" href=\"#/campaign/52\">07ec6e55-c2fd-44a3-8ed3-21b053259f02\u003C/a>\u003C/td>\n        \u003Ctd class=\"ng-binding\">ACTIVE\u003C/td>\n        \u003Ctd class=\"ng-binding\">SINGLE_USE_TRANSFERABLE\u003C/td>\n        \u003Ctd class=\"ng-binding\">01/01/2000\u003C/td>\n        \u003Ctd class=\"ng-binding\">01/01/2090\u003C/td>\n        \u003Ctd class=\"ng-binding\">100\u003C/td>\n        \u003Ctd class=\"ng-binding\">100\u003C/td>\n        \u003Ctd class=\"ng-binding\">0\u003C/td>\n      \u003C/tr>\u003C!-- end ngRepeat: campaign in campaigns | itemsPerPage: 25 -->\u003Ctr total-items=\"campaignCount\" current-page=\"pagination.current\" ng-repeat=\"campaign in campaigns | itemsPerPage: 25\" class=\"ng-scope\">\n        \u003Ctd>\u003Ca ng-href=\"#/campaign/51\" class=\"ng-binding\" href=\"#/campaign/51\">e9fdcc38-b93e-4512-9fb9-4800b12240e3\u003C/a>\u003C/td>\n        \u003Ctd class=\"ng-binding\">ACTIVE\u003C/td>\n        \u003Ctd class=\"ng-binding\">GIFTING\u003C/td>\n        \u003Ctd class=\"ng-binding\">01/01/2000\u003C/td>\n        \u003Ctd class=\"ng-binding\">01/01/2090\u003C/td>\n        \u003Ctd class=\"ng-binding\">\u003C/td>\n        \u003Ctd class=\"ng-binding\">100\u003C/td>\n        \u003Ctd class=\"ng-binding\">0\u003C/td>\n      \u003C/tr>\u003C!-- end ngRepeat: campaign in campaigns | itemsPerPage: 25 -->\u003Ctr total-items=\"campaignCount\" current-page=\"pagination.current\" ng-repeat=\"campaign in campaigns | itemsPerPage: 25\" class=\"ng-scope\">\n        \u003Ctd>\u003Ca ng-href=\"#/campaign/50\" "
15:13:57.585 [Forwarding getPageSource on session 2604907c2216f4fb3f475f79283352a6 to remote] DEBUG org.apache.http.wire - http-outgoing-4462 << "class=\"ng-binding\" href=\"#/campaign/50\">f7a3feac-a64c-4e99-aa49-9e2e88dbee19\u003C/a>\u003C/td>\n        \u003Ctd class=\"ng-binding\">ACTIVE\u003C/td>\n        \u003Ctd class=\"ng-binding\">SINGLE_USE_TRANSFERABLE\u003C/td>\n        \u003Ctd class=\"ng-binding\">01/01/2000\u003C/td>\n        \u003Ctd class=\"ng-binding\">01/01/2090\u003C/td>\n        \u003Ctd class=\"ng-binding\">100\u003C/td>\n        \u003Ctd class=\"ng-binding\">100\u003C/td>\n        \u003Ctd class=\"ng-binding\">0\u003C/td>\n      \u003C/tr>\u003C!-- end ngRepeat: campaign in campaigns | itemsPerPage: 25 -->\u003Ctr total-items=\"campaignCount\" current-page=\"pagination.current\" ng-repeat=\"campaign in campaigns | itemsPerPage: 25\" class=\"ng-scope\">\n        \u003Ctd>\u003Ca ng-href=\"#/campaign/49\" class=\"ng-binding\" href=\"#/campaign/49\">d75da282-968f-46df-887d-d688a7341c4c\u003C/a>\u003C/td>\n        \u003Ctd class=\"ng-binding\">ACTIVE\u003C/td>\n        \u003Ctd class=\"ng-binding\">GIFTING\u003C/td>\n        \u003Ctd class=\"ng-binding\">01/01/2000\u003C/td>\n        \u003Ctd class=\"ng-binding\">01/01/2090\u003C/td>\n        \u003Ctd class=\"ng-binding\">100\u003C/td>\n        \u003Ctd class=\"ng-binding\">100\u003C/td>\n        \u003Ctd class=\"ng-binding\">0\u003C/td>\n      \u003C/tr>\u003C!-- end ngRepeat: campaign in campaigns | itemsPerPage: 25 -->\u003Ctr total-items=\"campaignCount\" current-page=\"pagination.current\" ng-repeat=\"campaign in campaigns | itemsPerPage: 25\" class=\"ng-scope\">\n        \u003Ctd>\u003Ca ng-href=\"#/campaign/48\" class=\"ng-binding\" href=\"#/campaign/48\">51145860-4622-4df9-9a41-706511b5c08c\u003C/a>\u003C/td>\n        \u003Ctd class=\"ng-binding\">ACTIVE\u003C/td>\n        \u003Ctd class=\"ng-binding\">SINGLE_USE_TRANSFERABLE\u003C/td>\n        \u003Ctd class=\"ng-binding\">01/01/2000\u003C/td>\n        \u003Ctd class=\"ng-binding\">01/01/2090\u003C/td>\n        \u003Ctd class=\"ng-binding\">100\u003C/td>\n        \u003Ctd class=\"ng-binding\">100\u003C/td>\n        \u003Ctd class=\"ng-binding\">0\u003C/td>\n      \u003C/tr>\u003C!-- end ngRepeat: campaign in campaigns | itemsPerPage: 25 -->\u003Ctr total-items=\"campaignCount\" current-page=\"pagination.current\" ng-repeat=\"campaign in campaigns | itemsPerPage: 25\" class=\"ng-scope\">\n        \u003Ctd>\u003Ca ng-href=\"#/campaign/47\" class=\"ng-binding\" href=\"#/campaign/47\">491e5019-0764-4ae2-a983-e9d5c0482f34\u003C/a>\u003C/td>\n        \u003Ctd class=\"ng-binding\">ACTIVE\u003C/td>\n        \u003Ctd class=\"ng-binding\">GIFTING\u003C/td>\n        \u003Ctd class=\"ng-binding\">01/01/2000\u003C/td>\n        \u003Ctd class=\"ng-binding\">01/01/2090\u003C/td>\n        \u003Ctd class=\"ng-binding\">100\u003C/td>\n        \u003Ctd class=\"ng-binding\">100\u003C/td>\n        \u003Ctd class=\"ng-binding\">0\u003C/td>\n      \u003C/tr>\u003C!-- end ngRepeat: campaign in campaigns | itemsPerPage: 25 -->\u003Ctr total-items=\"campaignCount\" current-page=\"pagination.current\" ng-repeat=\"campaign in campaigns | itemsPerPage: 25\" class=\"ng-scope\">\n        \u003Ctd>\u003Ca ng-href=\"#/campaign/46\" class=\"ng-binding\" href=\"#/campaign/46\">19dbe089-0897-4782-b52b-0650b87cdaa5\u003C/a>\u003C/td>\n        \u003Ctd class=\"ng-binding\">ACTIVE\u003C/td>\n        \u003Ctd class=\"ng-binding\">SINGLE_USE_TRANSFERABLE\u003C/td>\n        \u003Ctd class=\"ng-binding\">01/01/2000\u003C/td>\n        \u003Ctd class=\"ng-binding\">01/01/2090\u003C/td>\n        \u003Ctd class=\"ng-binding\">100\u003C/td>\n        \u003Ctd class=\"ng-binding\">100\u003C/td>\n        \u003Ctd class=\"ng-binding\">0\u003C/td>\n      \u003C/tr>\u003C!-- end ngRepeat: campaign in campaigns | itemsPerPage: 25 -->\u003Ctr total-items=\"campaignCount\" current-page=\"pagination.current\" ng-repeat=\"campaign in campaigns | itemsPerPage: 25\" class=\"ng-scope\">\n        \u003Ctd>\u003Ca ng-href=\"#/campaign/45\" class=\"ng-binding\" href=\"#/campaign/45\">c9d2b655-f521-4d31-899a-9fd26f9083d5\u003C/a>\u003C/td>\n        \u003Ctd class=\"ng-binding\">ACTIVE\u003C/td>\n      "
15:13:57.585 [Forwarding getPageSource on session 2604907c2216f4fb3f475f79283352a6 to remote] DEBUG org.apache.http.wire - http-outgoing-4462 << "  \u003Ctd class=\"ng-binding\">GIFTING\u003C/td>\n        \u003Ctd class=\"ng-binding\">01/01/2000\u003C/td>\n        \u003Ctd class=\"ng-binding\">01/01/2090\u003C/td>\n        \u003Ctd class=\"ng-binding\">100\u003C/td>\n        \u003Ctd class=\"ng-binding\">100\u003C/td>\n        \u003Ctd class=\"ng-binding\">0\u003C/td>\n      \u003C/tr>\u003C!-- end ngRepeat: campaign in campaigns | itemsPerPage: 25 -->\u003Ctr total-items=\"campaignCount\" current-page=\"pagination.current\" ng-repeat=\"campaign in campaigns | itemsPerPage: 25\" class=\"ng-scope\">\n        \u003Ctd>\u003Ca ng-href=\"#/campaign/44\" class=\"ng-binding\" href=\"#/campaign/44\">b1c0eefb-4d87-4748-87ca-29f67f2a0eff\u003C/a>\u003C/td>\n        \u003Ctd class=\"ng-binding\">ACTIVE\u003C/td>\n        \u003Ctd class=\"ng-binding\">SINGLE_USE_TRANSFERABLE\u003C/td>\n        \u003Ctd class=\"ng-binding\">01/01/2000\u003C/td>\n        \u003Ctd class=\"ng-binding\">01/01/2090\u003C/td>\n        \u003Ctd class=\"ng-binding\">100\u003C/td>\n        \u003Ctd class=\"ng-binding\">100\u003C/td>\n        \u003Ctd class=\"ng-binding\">0\u003C/td>\n      \u003C/tr>\u003C!-- end ngRepeat: campaign in campaigns | itemsPerPage: 25 -->\u003Ctr total-items=\"campaignCount\" current-page=\"pagination.current\" ng-repeat=\"campaign in campaigns | itemsPerPage: 25\" class=\"ng-scope\">\n        \u003Ctd>\u003Ca ng-href=\"#/campaign/43\" class=\"ng-binding\" href=\"#/campaign/43\">ff3f6b04-b192-4527-879e-66f4f22accd2\u003C/a>\u003C/td>\n        \u003Ctd class=\"ng-binding\">ACTIVE\u003C/td>\n        \u003Ctd class=\"ng-binding\">GIFTING\u003C/td>\n        \u003Ctd class=\"ng-binding\">01/01/2000\u003C/td>\n        \u003Ctd class=\"ng-binding\">01/01/2090\u003C/td>\n        \u003Ctd class=\"ng-binding\">100\u003C/td>\n        \u003Ctd class=\"ng-binding\">100\u003C/td>\n        \u003Ctd class=\"ng-binding\">0\u003C/td>\n      \u003C/tr>\u003C!-- end ngRepeat: campaign in campaigns | itemsPerPage: 25 -->\n      \u003C/tbody>\n    \u003C/table>\n  \u003C/div>\n\u003C/div>\n\u003Cdiv dir-pagination-controls=\"\" class=\"col-lg-12 paginationList ng-scope ng-isolate-scope\" on-page-change=\"pageChanged(newPageNumber)\">\u003C!-- ngIf: 1 \u003C pages.length -->\u003Cul class=\"pagination ng-scope\" ng-if=\"1 &lt; pages.length\">\u003C!-- ngIf: boundaryLinks -->\u003C!-- ngIf: directionLinks -->\u003Cli ng-if=\"directionLinks\" ng-class=\"{ disabled : pagination.current == 1 }\" class=\"ng-scope disabled\">\u003Ca href=\"\" ng-click=\"setCurrent(pagination.current - 1)\">[0xe2][0x80][0xb9]\u003C/a>\u003C/li>\u003C!-- end ngIf: directionLinks -->\u003C!-- ngRepeat: pageNumber in pages track by $index -->\u003Cli ng-repeat=\"pageNumber in pages track by $index\" ng-class=\"{ active : pagination.current == pageNumber, disabled : pageNumber == '...' }\" class=\"ng-scope active\">\u003Ca href=\"\" ng-click=\"setCurrent(pageNumber)\" class=\"ng-binding\">1\u003C/a>\u003C/li>\u003C!-- end ngRepeat: pageNumber in pages track by $index -->\u003Cli ng-repeat=\"pageNumber in pages track by $index\" ng-class=\"{ active : pagination.current == pageNumber, disabled : pageNumber == '...' }\" class=\"ng-scope\">\u003Ca href=\"\" ng-click=\"setCurrent(pageNumber)\" class=\"ng-binding\">2\u003C/a>\u003C/li>\u003C!-- end ngRepeat: pageNumber in pages track by $index -->\u003Cli ng-repeat=\"pageNumber in pages track by $index\" ng-class=\"{ active : pagination.current == pageNumber, disabled : pageNumber == '...' }\" class=\"ng-scope\">\u003Ca href=\"\" ng-click=\"setCurrent(pageNumber)\" class=\"ng-binding\">3\u003C/a>\u003C/li>\u003C!-- end ngRepeat: pageNumber in pages track by $index -->\u003C!-- ngIf: directionLinks -->\u003Cli ng-if=\"directionLinks\" ng-class=\"{ disabled : pagination.current == pagination.last }\" class=\"ng-scope\">\u003Ca href=\"\" ng-click=\"setCurrent(pagination.current + 1)\">[0xe2][0x80][0xba]\u003C/a>\u003C/li>\u003C!-- end ngIf: directionLinks -->\u003C!-- ngIf: boundaryLinks -->\u003C/ul>\u003C!-- end ngIf: 1 \u003C pages.length -->\u003C/div>\n\u003C/div>\n        \u003Cdiv class=\"footer\">\u003C"
15:13:57.585 [Forwarding getPageSource on session 2604907c2216f4fb3f475f79283352a6 to remote] DEBUG org.apache.http.wire - http-outgoing-4462 << "/div>\n    \u003C/div>\n\n    \u003C!-- build:js(.) scripts/ie-include.js -->\n        \u003C!--[if lt IE 9]>\n            \u003Cscript src=\"bower_components/es5-shim/es5-shim.js\">\u003C/script>\n            \u003Cscript src=\"bower_components/json3/lib/json3.min.js\">\u003C/script>\n            \u003Cscript src=\"bower_components/respond/dest/respond.src.js\">\u003C/script>\n        \u003C![endif]-->\n    \u003C!-- endbuild -->\n\n    \u003C!-- build:js(.) scripts/vendor.js -->\n    \u003C!-- bower:js -->\n    \u003Cscript src=\"bower_components/jquery/dist/jquery.js\">\u003C/script>\n    \u003Cscript src=\"bower_components/angular/angular.js\">\u003C/script>\n    \u003Cscript src=\"bower_components/json3/lib/json3.js\">\u003C/script>\n    \u003Cscript src=\"bower_components/bootstrap/dist/js/bootstrap.js\">\u003C/script>\n    \u003Cscript src=\"bower_components/angular-resource/angular-resource.js\">\u003C/script>\n    \u003Cscript src=\"bower_components/angular-sanitize/angular-sanitize.js\">\u003C/script>\n    \u003Cscript src=\"bower_components/angular-animate/angular-animate.js\">\u003C/script>\n    \u003Cscript src=\"bower_components/angular-route/angular-route.js\">\u003C/script>\n    \u003Cscript src=\"bower_components/moment/moment.js\">\u003C/script>\n    \u003Cscript src=\"bower_components/angular-bootstrap-show-errors/src/showErrors.js\">\u003C/script>\n    \u003Cscript src=\"bower_components/jquery-ui/jquery-ui.js\">\u003C/script>\n    \u003Cscript src=\"bower_components/macgyver-datepicker/macgyver-datepicker.js\">\u003C/script>\n    \u003Cscript src=\"bower_components/FileSaver/FileSaver.js\">\u003C/script>\n    \u003Cscript src=\"bower_components/underscore/underscore.js\">\u003C/script>\n    \u003Cscript src=\"bower_components/angular-bootstrap/ui-bootstrap-tpls.js\">\u003C/script>\n    \u003Cscript src=\"bower_components/angular-translate/angular-translate.js\">\u003C/script>\n    \u003Cscript src=\"bower_components/angular-dialog-service/dist/dialogs.min.js\">\u003C/script>\n    \u003Cscript src=\"bower_components/angular-dialog-service/dist/dialogs-default-translations.min.js\">\u003C/script>\n    \u003Cscript src=\"bower_components/angular-utils-pagination/dirPagination.js\">\u003C/script>\n    \u003C!-- endbower -->\n    \u003C!-- endbuild -->\n\n    \u003C!-- build:js({.tmp,app}) scripts/scripts.js -->\n    \u003Cscript src=\"scripts/app.js\">\u003C/script>\n    \u003Cscript src=\"scripts/config/config.js\">\u003C/script>\n    \u003Cscript src=\"scripts/services/base-http-service.js\">\u003C/script>\n    \u003Cscript src=\"scripts/services/voucher-service.js\">\u003C/script>\n    \u003Cscript src=\"scripts/services/campaign-service.js\">\u003C/script>\n    \u003Cscript src=\"scripts/services/history-service.js\">\u003C/script>\n    \u003Cscript src=\"scripts/services/promo-service.js\">\u003C/script>\n    \u003Cscript src=\"scripts/services/date-service.js\">\u003C/script>\n    \u003Cscript src=\"scripts/services/root-service.js\">\u003C/script>\n    \u003Cscript src=\"scripts/services/hateoas-service-util.js\">\u003C/script>\n    \u003Cscript src=\"scripts/controllers/promo-controller.js\">\u003C/script>\n    \u003Cscript src=\"scripts/controllers/campaign-controller.js\">\u003C/script>\n    \u003Cscript src=\"scripts/controllers/status-controller.js\">\u003C/script>\n    \u003Cscript src=\"scripts/controllers/audit-history-controller.js\">\u003C/script>\n    \u003Cscript src=\"scripts/controllers/voucher-controller.js\">\u003C/script>\n    \u003Cscript src=\"scripts/controllers/campaign-list-controller.js\">\u003C/script>\n    \u003Cscript src=\"scripts/directives/voucher-directive.js\">\u003C/script>\n\n    \u003C!-- endbuild -->\n\n    \u003Cscript src=\"/config\">\u003C/script>\n\n\u003Cscript>//&lt;![CDATA[\ndocument.write('&lt;script src=\"//' + (location.hostname || 'localhost') + ':35729/livereload.js?snipver=1\"&gt;&lt;\\/script&gt;')\n//]]&gt;\u003C/script>\u003Cscript src=\"//localhost:35729/livereload.js?snipver=1\">\u003C/script>\n\n\n\u003Cdiv id=\"ui-datepicker-div\" class=\"ui-d"
15:13:57.585 [Forwarding getPageSource on session 2604907c2216f4fb3f475f79283352a6 to remote] DEBUG org.apache.http.wire - http-outgoing-4462 << "atepicker ui-widget ui-widget-content ui-helper-clearfix ui-corner-all\" style=\"position: absolute; top: 726px; left: 15px; z-index: 1; display: none;\">\u003Cdiv class=\"ui-datepicker-header ui-widget-header ui-helper-clearfix ui-corner-all\">\u003Ca class=\"ui-datepicker-prev ui-corner-all\" data-handler=\"prev\" data-event=\"click\" title=\"Prev\">\u003Cspan class=\"ui-icon ui-icon-circle-triangle-w\">Prev\u003C/span>\u003C/a>\u003Ca class=\"ui-datepicker-next ui-corner-all\" data-handler=\"next\" data-event=\"click\" title=\"Next\">\u003Cspan class=\"ui-icon ui-icon-circle-triangle-e\">Next\u003C/span>\u003C/a>\u003Cdiv class=\"ui-datepicker-title\">\u003Cspan class=\"ui-datepicker-month\">January\u003C/span>[0xc2][0xa0]\u003Cspan class=\"ui-datepicker-year\">2090\u003C/span>\u003C/div>\u003C/div>\u003Ctable class=\"ui-datepicker-calendar\">\u003Cthead>\u003Ctr>\u003Cth scope=\"col\" class=\"ui-datepicker-week-end\">\u003Cspan title=\"Sunday\">Su\u003C/span>\u003C/th>\u003Cth scope=\"col\">\u003Cspan title=\"Monday\">Mo\u003C/span>\u003C/th>\u003Cth scope=\"col\">\u003Cspan title=\"Tuesday\">Tu\u003C/span>\u003C/th>\u003Cth scope=\"col\">\u003Cspan title=\"Wednesday\">We\u003C/span>\u003C/th>\u003Cth scope=\"col\">\u003Cspan title=\"Thursday\">Th\u003C/span>\u003C/th>\u003Cth scope=\"col\">\u003Cspan title=\"Friday\">Fr\u003C/span>\u003C/th>\u003Cth scope=\"col\" class=\"ui-datepicker-week-end\">\u003Cspan title=\"Saturday\">Sa\u003C/span>\u003C/th>\u003C/tr>\u003C/thead>\u003Ctbody>\u003Ctr>\u003Ctd class=\" ui-datepicker-week-end ui-datepicker-days-cell-over  ui-datepicker-current-day\" data-handler=\"selectDay\" data-event=\"click\" data-month=\"0\" data-year=\"2090\">\u003Ca class=\"ui-state-default ui-state-active ui-state-hover\" href=\"#\">1\u003C/a>\u003C/td>\u003Ctd class=\" \" data-handler=\"selectDay\" data-event=\"click\" data-month=\"0\" data-year=\"2090\">\u003Ca class=\"ui-state-default\" href=\"#\">2\u003C/a>\u003C/td>\u003Ctd class=\" \" data-handler=\"selectDay\" data-event=\"click\" data-month=\"0\" data-year=\"2090\">\u003Ca class=\"ui-state-default\" href=\"#\">3\u003C/a>\u003C/td>\u003Ctd class=\" \" data-handler=\"selectDay\" data-event=\"click\" data-month=\"0\" data-year=\"2090\">\u003Ca class=\"ui-state-default\" href=\"#\">4\u003C/a>\u003C/td>\u003Ctd class=\" \" data-handler=\"selectDay\" data-event=\"click\" data-month=\"0\" data-year=\"2090\">\u003Ca class=\"ui-state-default\" href=\"#\">5\u003C/a>\u003C/td>\u003Ctd class=\" \" data-handler=\"selectDay\" data-event=\"click\" data-month=\"0\" data-year=\"2090\">\u003Ca class=\"ui-state-default\" href=\"#\">6\u003C/a>\u003C/td>\u003Ctd class=\" ui-datepicker-week-end \" data-handler=\"selectDay\" data-event=\"click\" data-month=\"0\" data-year=\"2090\">\u003Ca class=\"ui-state-default\" href=\"#\">7\u003C/a>\u003C/td>\u003C/tr>\u003Ctr>\u003Ctd class=\" ui-datepicker-week-end \" data-handler=\"selectDay\" data-event=\"click\" data-month=\"0\" data-year=\"2090\">\u003Ca class=\"ui-state-default\" href=\"#\">8\u003C/a>\u003C/td>\u003Ctd class=\" \" data-handler=\"selectDay\" data-event=\"click\" data-month=\"0\" data-year=\"2090\">\u003Ca class=\"ui-state-default\" href=\"#\">9\u003C/a>\u003C/td>\u003Ctd class=\" \" data-handler=\"selectDay\" data-event=\"click\" data-month=\"0\" data-year=\"2090\">\u003Ca class=\"ui-state-default\" href=\"#\">10\u003C/a>\u003C/td>\u003Ctd class=\" \" data-handler=\"selectDay\" data-event=\"click\" data-month=\"0\" data-year=\"2090\">\u003Ca class=\"ui-state-default\" href=\"#\">11\u003C/a>\u003C/td>\u003Ctd class=\" \" data-handler=\"selectDay\" data-event=\"click\" data-month=\"0\" data-year=\"2090\">\u003Ca class=\"ui-state-default\" href=\"#\">12\u003C/a>\u003C/td>\u003Ctd class=\" \" data-handler=\"selectDay\" data-event=\"click\" data-month=\"0\" data-year=\"2090\">\u003Ca class=\"ui-state-default\" href=\"#\">13\u003C/a>\u003C/td>\u003Ctd class=\" ui-datepicker-week-end \" data-handler=\"selectDay\" data-event=\"click\" data-month=\"0\" data-year=\"2090\">\u003Ca class=\"ui-state-default\" href=\"#\">14\u003C/"
15:13:57.585 [Forwarding getPageSource on session 2604907c2216f4fb3f475f79283352a6 to remote] DEBUG org.apache.http.wire - http-outgoing-4462 << "a>\u003C/td>\u003C/tr>\u003Ctr>\u003Ctd class=\" ui-datepicker-week-end \" data-handler=\"selectDay\" data-event=\"click\" data-month=\"0\" data-year=\"2090\">\u003Ca class=\"ui-state-default\" href=\"#\">15\u003C/a>\u003C/td>\u003Ctd class=\" \" data-handler=\"selectDay\" data-event=\"click\" data-month=\"0\" data-year=\"2090\">\u003Ca class=\"ui-state-default\" href=\"#\">16\u003C/a>\u003C/td>\u003Ctd class=\" \" data-handler=\"selectDay\" data-event=\"click\" data-month=\"0\" data-year=\"2090\">\u003Ca class=\"ui-state-default\" href=\"#\">17\u003C/a>\u003C/td>\u003Ctd class=\" \" data-handler=\"selectDay\" data-event=\"click\" data-month=\"0\" data-year=\"2090\">\u003Ca class=\"ui-state-default\" href=\"#\">18\u003C/a>\u003C/td>\u003Ctd class=\" \" data-handler=\"selectDay\" data-event=\"click\" data-month=\"0\" data-year=\"2090\">\u003Ca class=\"ui-state-default\" href=\"#\">19\u003C/a>\u003C/td>\u003Ctd class=\" \" data-handler=\"selectDay\" data-event=\"click\" data-month=\"0\" data-year=\"2090\">\u003Ca class=\"ui-state-default\" href=\"#\">20\u003C/a>\u003C/td>\u003Ctd class=\" ui-datepicker-week-end \" data-handler=\"selectDay\" data-event=\"click\" data-month=\"0\" data-year=\"2090\">\u003Ca class=\"ui-state-default\" href=\"#\">21\u003C/a>\u003C/td>\u003C/tr>\u003Ctr>\u003Ctd class=\" ui-datepicker-week-end \" data-handler=\"selectDay\" data-event=\"click\" data-month=\"0\" data-year=\"2090\">\u003Ca class=\"ui-state-default\" href=\"#\">22\u003C/a>\u003C/td>\u003Ctd class=\" \" data-handler=\"selectDay\" data-event=\"click\" data-month=\"0\" data-year=\"2090\">\u003Ca class=\"ui-state-default\" href=\"#\">23\u003C/a>\u003C/td>\u003Ctd class=\" \" data-handler=\"selectDay\" data-event=\"click\" data-month=\"0\" data-year=\"2090\">\u003Ca class=\"ui-state-default\" href=\"#\">24\u003C/a>\u003C/td>\u003Ctd class=\" \" data-handler=\"selectDay\" data-event=\"click\" data-month=\"0\" data-year=\"2090\">\u003Ca class=\"ui-state-default\" href=\"#\">25\u003C/a>\u003C/td>\u003Ctd class=\" \" data-handler=\"selectDay\" data-event=\"click\" data-month=\"0\" data-year=\"2090\">\u003Ca class=\"ui-state-default\" href=\"#\">26\u003C/a>\u003C/td>\u003Ctd class=\" \" data-handler=\"selectDay\" data-event=\"click\" data-month=\"0\" data-year=\"2090\">\u003Ca class=\"ui-state-default\" href=\"#\">27\u003C/a>\u003C/td>\u003Ctd class=\" ui-datepicker-week-end \" data-handler=\"selectDay\" data-event=\"click\" data-month=\"0\" data-year=\"2090\">\u003Ca class=\"ui-state-default\" href=\"#\">28\u003C/a>\u003C/td>\u003C/tr>\u003Ctr>\u003Ctd class=\" ui-datepicker-week-end \" data-handler=\"selectDay\" data-event=\"click\" data-month=\"0\" data-year=\"2090\">\u003Ca class=\"ui-state-default\" href=\"#\">29\u003C/a>\u003C/td>\u003Ctd class=\" \" data-handler=\"selectDay\" data-event=\"click\" data-month=\"0\" data-year=\"2090\">\u003Ca class=\"ui-state-default\" href=\"#\">30\u003C/a>\u003C/td>\u003Ctd class=\" \" data-handler=\"selectDay\" data-event=\"click\" data-month=\"0\" data-year=\"2090\">\u003Ca class=\"ui-state-default\" href=\"#\">31\u003C/a>\u003C/td>\u003Ctd class=\" ui-datepicker-other-month ui-datepicker-unselectable ui-state-disabled\">[0xc2][0xa0]\u003C/td>\u003Ctd class=\" ui-datepicker-other-month ui-datepicker-unselectable ui-state-disabled\">[0xc2][0xa0]\u003C/td>\u003Ctd class=\" ui-datepicker-other-month ui-datepicker-unselectable ui-state-disabled\">[0xc2][0xa0]\u003C/td>\u003Ctd class=\" ui-datepicker-week-end ui-datepicker-other-month ui-datepicker-unselectable ui-state-disabled\">[0xc2][0xa0]\u003C/td>\u003C/tr>\u003C/tbody>\u003C/table>\u003C/div>\u003C/body>\u003C/html>"}"
15:13:57.585 [Forwarding getPageSource on session 2604907c2216f4fb3f475f79283352a6 to remote] DEBUG o.a.h.i.c.DefaultManagedHttpClientConnection - http-outgoing-4462: Shutdown connection
15:13:57.586 [Forwarding getPageSource on session 2604907c2216f4fb3f475f79283352a6 to remote] DEBUG o.a.h.impl.execchain.MainClientExec - Connection discarded
15:13:57.586 [Forwarding getPageSource on session 2604907c2216f4fb3f475f79283352a6 to remote] DEBUG o.a.h.i.c.DefaultManagedHttpClientConnection - http-outgoing-4462: Close connection
15:13:57.586 [Forwarding getPageSource on session 2604907c2216f4fb3f475f79283352a6 to remote] DEBUG o.a.h.i.c.PoolingHttpClientConnectionManager - Connection released: [id: 4462][route: {}->http://localhost:32348][total kept alive: 0; route allocated: 0 of 2000; total allocated: 0 of 2000]
]]></system-out>
  <system-err><![CDATA[]]></system-err>
</testsuite>
