<?xml version="1.0" encoding="UTF-8"?>
<testsuite name="| &lt;script&gt;alert(&quot;hello&quot;);&lt;/script&gt; | campDesc | sec12 | Create Failed name may have unsafe html content |" tests="1" skipped="0" failures="1" errors="0" timestamp="2015-07-28T13:22:39" hostname="jov-HP-Z220-CMT-Workstation" time="37.839">
  <properties/>
  <testcase name="classMethod" classname="| &lt;script&gt;alert(&quot;hello&quot;);&lt;/script&gt; | campDesc | sec12 | Create Failed name may have unsafe html content |" time="37.839">
    <failure message="org.openqa.selenium.TimeoutException: Timed out after 30 seconds: Selector .error is not displayed[text*=&quot;Create Failed name may have unsafe html content&quot;] Filters : &#10;Build info: version: '2.43.1', revision: '5163bceef1bc36d43f3dc0b83c88998168a363a0', time: '2014-09-10 09:43:55'&#10;System info: host: 'jov-HP-Z220-CMT-Workstation', ip: '127.0.1.1', os.name: 'Linux', os.arch: 'amd64', os.version: '3.19.0-22-generic', java.version: '1.8.0_45'&#10;Driver info: driver.version: unknown" type="org.openqa.selenium.TimeoutException">org.openqa.selenium.TimeoutException: Timed out after 30 seconds: Selector .error is not displayed[text*=&quot;Create Failed name may have unsafe html content&quot;] Filters : 
Build info: version: '2.43.1', revision: '5163bceef1bc36d43f3dc0b83c88998168a363a0', time: '2014-09-10 09:43:55'
System info: host: 'jov-HP-Z220-CMT-Workstation', ip: '127.0.1.1', os.name: 'Linux', os.arch: 'amd64', os.version: '3.19.0-22-generic', java.version: '1.8.0_45'
Driver info: driver.version: unknown
	at org.openqa.selenium.support.ui.FluentWait.timeoutException(FluentWait.java:259)
	at org.openqa.selenium.support.ui.FluentWait.until(FluentWait.java:228)
	at org.openqa.selenium.support.ui.FluentWait.until(FluentWait.java:175)
	at org.fluentlenium.core.wait.FluentWait.until(FluentWait.java:98)
	at org.fluentlenium.core.wait.FluentWaitMatcher.until(FluentWaitMatcher.java:67)
	at org.fluentlenium.core.wait.FluentWaitMatcher.areDisplayed(FluentWaitMatcher.java:216)
	at com.nowtv.pav.test.steps.GenericSteps.the_page_displays_error_containing_text(GenericSteps.java:241)
	at âœ½.And the error &quot;Create Failed name may have unsafe html content&quot; is displayed on the page(features/createFindAndFilterCampaigns.feature:21)
</failure>
  </testcase>
  <system-out><![CDATA[14:22:39.750 [Test worker] DEBUG o.s.b.f.s.DefaultListableBeanFactory - Creating instance of bean 'com.nowtv.pav.test.steps.GenericSteps'
14:22:40.548 [Forwarding newSession on session null to remote] DEBUG o.a.h.c.protocol.RequestAddCookies - CookieSpec selected: best-match
14:22:40.558 [Forwarding newSession on session null to remote] DEBUG o.a.h.c.protocol.RequestAuthCache - Auth cache not set in the context
14:22:40.560 [Forwarding newSession on session null to remote] DEBUG o.a.h.i.c.PoolingHttpClientConnectionManager - Connection request: [route: {}->http://localhost:6219][total kept alive: 0; route allocated: 0 of 2000; total allocated: 0 of 2000]
14:22:40.574 [Forwarding newSession on session null to remote] DEBUG o.a.h.i.c.PoolingHttpClientConnectionManager - Connection leased: [id: 0][route: {}->http://localhost:6219][total kept alive: 0; route allocated: 1 of 2000; total allocated: 1 of 2000]
14:22:40.576 [Forwarding newSession on session null to remote] DEBUG o.a.h.impl.execchain.MainClientExec - Opening connection {}->http://localhost:6219
14:22:40.577 [Forwarding newSession on session null to remote] DEBUG o.a.h.i.c.HttpClientConnectionOperator - Connecting to localhost/127.0.0.1:6219
14:22:40.578 [Forwarding newSession on session null to remote] DEBUG o.a.h.i.c.HttpClientConnectionOperator - Connection established 127.0.0.1:58675<->127.0.0.1:6219
14:22:40.578 [Forwarding newSession on session null to remote] DEBUG o.a.h.impl.execchain.MainClientExec - Executing request POST /session HTTP/1.1
14:22:40.578 [Forwarding newSession on session null to remote] DEBUG o.a.h.impl.execchain.MainClientExec - Target auth state: UNCHALLENGED
14:22:40.579 [Forwarding newSession on session null to remote] DEBUG o.a.h.impl.execchain.MainClientExec - Proxy auth state: UNCHALLENGED
14:22:40.580 [Forwarding newSession on session null to remote] DEBUG org.apache.http.headers - http-outgoing-0 >> POST /session HTTP/1.1
14:22:40.581 [Forwarding newSession on session null to remote] DEBUG org.apache.http.headers - http-outgoing-0 >> Content-Type: application/json; charset=utf-8
14:22:40.581 [Forwarding newSession on session null to remote] DEBUG org.apache.http.headers - http-outgoing-0 >> Content-Length: 143
14:22:40.581 [Forwarding newSession on session null to remote] DEBUG org.apache.http.headers - http-outgoing-0 >> Host: localhost:6219
14:22:40.581 [Forwarding newSession on session null to remote] DEBUG org.apache.http.headers - http-outgoing-0 >> Connection: Keep-Alive
14:22:40.581 [Forwarding newSession on session null to remote] DEBUG org.apache.http.headers - http-outgoing-0 >> User-Agent: Apache-HttpClient/4.3.4 (java 1.5)
14:22:40.581 [Forwarding newSession on session null to remote] DEBUG org.apache.http.headers - http-outgoing-0 >> Accept-Encoding: gzip,deflate
14:22:40.581 [Forwarding newSession on session null to remote] DEBUG org.apache.http.wire - http-outgoing-0 >> "POST /session HTTP/1.1[\r][\n]"
14:22:40.582 [Forwarding newSession on session null to remote] DEBUG org.apache.http.wire - http-outgoing-0 >> "Content-Type: application/json; charset=utf-8[\r][\n]"
14:22:40.582 [Forwarding newSession on session null to remote] DEBUG org.apache.http.wire - http-outgoing-0 >> "Content-Length: 143[\r][\n]"
14:22:40.582 [Forwarding newSession on session null to remote] DEBUG org.apache.http.wire - http-outgoing-0 >> "Host: localhost:6219[\r][\n]"
14:22:40.582 [Forwarding newSession on session null to remote] DEBUG org.apache.http.wire - http-outgoing-0 >> "Connection: Keep-Alive[\r][\n]"
14:22:40.582 [Forwarding newSession on session null to remote] DEBUG org.apache.http.wire - http-outgoing-0 >> "User-Agent: Apache-HttpClient/4.3.4 (java 1.5)[\r][\n]"
14:22:40.582 [Forwarding newSession on session null to remote] DEBUG org.apache.http.wire - http-outgoing-0 >> "Accept-Encoding: gzip,deflate[\r][\n]"
14:22:40.582 [Forwarding newSession on session null to remote] DEBUG org.apache.http.wire - http-outgoing-0 >> "[\r][\n]"
14:22:40.582 [Forwarding newSession on session null to remote] DEBUG org.apache.http.wire - http-outgoing-0 >> "{"desiredCapabilities":{"chrome.switches":[],"browserName":"chrome","chromeOptions":{"args":[],"extensions":[]},"version":"","platform":"ANY"}}"
14:22:40.947 [Forwarding newSession on session null to remote] DEBUG org.apache.http.wire - http-outgoing-0 << "HTTP/1.1 200 OK[\r][\n]"
14:22:40.948 [Forwarding newSession on session null to remote] DEBUG org.apache.http.wire - http-outgoing-0 << "Content-Length:551[\r][\n]"
14:22:40.948 [Forwarding newSession on session null to remote] DEBUG org.apache.http.wire - http-outgoing-0 << "Content-Type:application/json; charset=utf-8[\r][\n]"
14:22:40.948 [Forwarding newSession on session null to remote] DEBUG org.apache.http.wire - http-outgoing-0 << "Connection:close[\r][\n]"
14:22:40.948 [Forwarding newSession on session null to remote] DEBUG org.apache.http.wire - http-outgoing-0 << "[\r][\n]"
14:22:40.948 [Forwarding newSession on session null to remote] DEBUG org.apache.http.wire - http-outgoing-0 << "{"sessionId":"4c24f2ba62dc6a195f9b6e8aba03f587","status":0,"value":{"acceptSslCerts":true,"applicationCacheEnabled":false,"browserConnectionEnabled":false,"browserName":"chrome","chrome":{"userDataDir":"/tmp/.com.google.Chrome.rnKTI5"},"cssSelectorsEnabled":true,"databaseEnabled":false,"handlesAlerts":true,"javascriptEnabled":true,"locationContextEnabled":true,"mobileEmulationEnabled":false,"nativeEvents":true,"platform":"Linux","rotatable":false,"takesHeapSnapshot":true,"takesScreenshot":true,"version":"43.0.2357.134","webStorageEnabled":true}}"
14:22:40.951 [Forwarding newSession on session null to remote] DEBUG org.apache.http.headers - http-outgoing-0 << HTTP/1.1 200 OK
14:22:40.951 [Forwarding newSession on session null to remote] DEBUG org.apache.http.headers - http-outgoing-0 << Content-Length:551
14:22:40.951 [Forwarding newSession on session null to remote] DEBUG org.apache.http.headers - http-outgoing-0 << Content-Type:application/json; charset=utf-8
14:22:40.951 [Forwarding newSession on session null to remote] DEBUG org.apache.http.headers - http-outgoing-0 << Connection:close
14:22:40.959 [Forwarding newSession on session null to remote] DEBUG o.a.h.i.c.DefaultManagedHttpClientConnection - http-outgoing-0: Shutdown connection
14:22:40.960 [Forwarding newSession on session null to remote] DEBUG o.a.h.impl.execchain.MainClientExec - Connection discarded
14:22:40.960 [Forwarding newSession on session null to remote] DEBUG o.a.h.i.c.DefaultManagedHttpClientConnection - http-outgoing-0: Close connection
14:22:40.960 [Forwarding newSession on session null to remote] DEBUG o.a.h.i.c.PoolingHttpClientConnectionManager - Connection released: [id: 0][route: {}->http://localhost:6219][total kept alive: 0; route allocated: 0 of 2000; total allocated: 0 of 2000]
14:22:40.966 [Forwarding implicitlyWait on session 4c24f2ba62dc6a195f9b6e8aba03f587 to remote] DEBUG o.a.h.c.protocol.RequestAddCookies - CookieSpec selected: best-match
14:22:40.967 [Forwarding implicitlyWait on session 4c24f2ba62dc6a195f9b6e8aba03f587 to remote] DEBUG o.a.h.c.protocol.RequestAuthCache - Auth cache not set in the context
14:22:40.967 [Forwarding implicitlyWait on session 4c24f2ba62dc6a195f9b6e8aba03f587 to remote] DEBUG o.a.h.i.c.PoolingHttpClientConnectionManager - Connection request: [route: {}->http://localhost:6219][total kept alive: 0; route allocated: 0 of 2000; total allocated: 0 of 2000]
14:22:40.967 [Forwarding implicitlyWait on session 4c24f2ba62dc6a195f9b6e8aba03f587 to remote] DEBUG o.a.h.i.c.PoolingHttpClientConnectionManager - Connection leased: [id: 1][route: {}->http://localhost:6219][total kept alive: 0; route allocated: 1 of 2000; total allocated: 1 of 2000]
14:22:40.967 [Forwarding implicitlyWait on session 4c24f2ba62dc6a195f9b6e8aba03f587 to remote] DEBUG o.a.h.impl.execchain.MainClientExec - Opening connection {}->http://localhost:6219
14:22:40.967 [Forwarding implicitlyWait on session 4c24f2ba62dc6a195f9b6e8aba03f587 to remote] DEBUG o.a.h.i.c.HttpClientConnectionOperator - Connecting to localhost/127.0.0.1:6219
14:22:40.967 [Forwarding implicitlyWait on session 4c24f2ba62dc6a195f9b6e8aba03f587 to remote] DEBUG o.a.h.i.c.HttpClientConnectionOperator - Connection established 127.0.0.1:58683<->127.0.0.1:6219
14:22:40.967 [Forwarding implicitlyWait on session 4c24f2ba62dc6a195f9b6e8aba03f587 to remote] DEBUG o.a.h.impl.execchain.MainClientExec - Executing request POST /session/4c24f2ba62dc6a195f9b6e8aba03f587/timeouts/implicit_wait HTTP/1.1
14:22:40.967 [Forwarding implicitlyWait on session 4c24f2ba62dc6a195f9b6e8aba03f587 to remote] DEBUG o.a.h.impl.execchain.MainClientExec - Target auth state: UNCHALLENGED
14:22:40.967 [Forwarding implicitlyWait on session 4c24f2ba62dc6a195f9b6e8aba03f587 to remote] DEBUG o.a.h.impl.execchain.MainClientExec - Proxy auth state: UNCHALLENGED
14:22:40.968 [Forwarding implicitlyWait on session 4c24f2ba62dc6a195f9b6e8aba03f587 to remote] DEBUG org.apache.http.headers - http-outgoing-1 >> POST /session/4c24f2ba62dc6a195f9b6e8aba03f587/timeouts/implicit_wait HTTP/1.1
14:22:40.968 [Forwarding implicitlyWait on session 4c24f2ba62dc6a195f9b6e8aba03f587 to remote] DEBUG org.apache.http.headers - http-outgoing-1 >> Content-Type: application/json; charset=utf-8
14:22:40.968 [Forwarding implicitlyWait on session 4c24f2ba62dc6a195f9b6e8aba03f587 to remote] DEBUG org.apache.http.headers - http-outgoing-1 >> Content-Length: 12
14:22:40.968 [Forwarding implicitlyWait on session 4c24f2ba62dc6a195f9b6e8aba03f587 to remote] DEBUG org.apache.http.headers - http-outgoing-1 >> Host: localhost:6219
14:22:40.968 [Forwarding implicitlyWait on session 4c24f2ba62dc6a195f9b6e8aba03f587 to remote] DEBUG org.apache.http.headers - http-outgoing-1 >> Connection: Keep-Alive
14:22:40.968 [Forwarding implicitlyWait on session 4c24f2ba62dc6a195f9b6e8aba03f587 to remote] DEBUG org.apache.http.headers - http-outgoing-1 >> User-Agent: Apache-HttpClient/4.3.4 (java 1.5)
14:22:40.968 [Forwarding implicitlyWait on session 4c24f2ba62dc6a195f9b6e8aba03f587 to remote] DEBUG org.apache.http.headers - http-outgoing-1 >> Accept-Encoding: gzip,deflate
14:22:40.968 [Forwarding implicitlyWait on session 4c24f2ba62dc6a195f9b6e8aba03f587 to remote] DEBUG org.apache.http.wire - http-outgoing-1 >> "POST /session/4c24f2ba62dc6a195f9b6e8aba03f587/timeouts/implicit_wait HTTP/1.1[\r][\n]"
14:22:40.968 [Forwarding implicitlyWait on session 4c24f2ba62dc6a195f9b6e8aba03f587 to remote] DEBUG org.apache.http.wire - http-outgoing-1 >> "Content-Type: application/json; charset=utf-8[\r][\n]"
14:22:40.968 [Forwarding implicitlyWait on session 4c24f2ba62dc6a195f9b6e8aba03f587 to remote] DEBUG org.apache.http.wire - http-outgoing-1 >> "Content-Length: 12[\r][\n]"
14:22:40.968 [Forwarding implicitlyWait on session 4c24f2ba62dc6a195f9b6e8aba03f587 to remote] DEBUG org.apache.http.wire - http-outgoing-1 >> "Host: localhost:6219[\r][\n]"
14:22:40.968 [Forwarding implicitlyWait on session 4c24f2ba62dc6a195f9b6e8aba03f587 to remote] DEBUG org.apache.http.wire - http-outgoing-1 >> "Connection: Keep-Alive[\r][\n]"
14:22:40.968 [Forwarding implicitlyWait on session 4c24f2ba62dc6a195f9b6e8aba03f587 to remote] DEBUG org.apache.http.wire - http-outgoing-1 >> "User-Agent: Apache-HttpClient/4.3.4 (java 1.5)[\r][\n]"
14:22:40.968 [Forwarding implicitlyWait on session 4c24f2ba62dc6a195f9b6e8aba03f587 to remote] DEBUG org.apache.http.wire - http-outgoing-1 >> "Accept-Encoding: gzip,deflate[\r][\n]"
14:22:40.968 [Forwarding implicitlyWait on session 4c24f2ba62dc6a195f9b6e8aba03f587 to remote] DEBUG org.apache.http.wire - http-outgoing-1 >> "[\r][\n]"
14:22:40.968 [Forwarding implicitlyWait on session 4c24f2ba62dc6a195f9b6e8aba03f587 to remote] DEBUG org.apache.http.wire - http-outgoing-1 >> "{"ms":30000}"
14:22:40.975 [Forwarding implicitlyWait on session 4c24f2ba62dc6a195f9b6e8aba03f587 to remote] DEBUG org.apache.http.wire - http-outgoing-1 << "HTTP/1.1 200 OK[\r][\n]"
14:22:40.975 [Forwarding implicitlyWait on session 4c24f2ba62dc6a195f9b6e8aba03f587 to remote] DEBUG org.apache.http.wire - http-outgoing-1 << "Content-Length:72[\r][\n]"
14:22:40.975 [Forwarding implicitlyWait on session 4c24f2ba62dc6a195f9b6e8aba03f587 to remote] DEBUG org.apache.http.wire - http-outgoing-1 << "Content-Type:application/json; charset=utf-8[\r][\n]"
14:22:40.975 [Forwarding implicitlyWait on session 4c24f2ba62dc6a195f9b6e8aba03f587 to remote] DEBUG org.apache.http.wire - http-outgoing-1 << "Connection:close[\r][\n]"
14:22:40.975 [Forwarding implicitlyWait on session 4c24f2ba62dc6a195f9b6e8aba03f587 to remote] DEBUG org.apache.http.wire - http-outgoing-1 << "[\r][\n]"
14:22:40.976 [Forwarding implicitlyWait on session 4c24f2ba62dc6a195f9b6e8aba03f587 to remote] DEBUG org.apache.http.wire - http-outgoing-1 << "{"sessionId":"4c24f2ba62dc6a195f9b6e8aba03f587","status":0,"value":null}"
14:22:40.976 [Forwarding implicitlyWait on session 4c24f2ba62dc6a195f9b6e8aba03f587 to remote] DEBUG org.apache.http.headers - http-outgoing-1 << HTTP/1.1 200 OK
14:22:40.976 [Forwarding implicitlyWait on session 4c24f2ba62dc6a195f9b6e8aba03f587 to remote] DEBUG org.apache.http.headers - http-outgoing-1 << Content-Length:72
14:22:40.976 [Forwarding implicitlyWait on session 4c24f2ba62dc6a195f9b6e8aba03f587 to remote] DEBUG org.apache.http.headers - http-outgoing-1 << Content-Type:application/json; charset=utf-8
14:22:40.976 [Forwarding implicitlyWait on session 4c24f2ba62dc6a195f9b6e8aba03f587 to remote] DEBUG org.apache.http.headers - http-outgoing-1 << Connection:close
14:22:40.977 [Forwarding implicitlyWait on session 4c24f2ba62dc6a195f9b6e8aba03f587 to remote] DEBUG o.a.h.i.c.DefaultManagedHttpClientConnection - http-outgoing-1: Shutdown connection
14:22:40.977 [Forwarding implicitlyWait on session 4c24f2ba62dc6a195f9b6e8aba03f587 to remote] DEBUG o.a.h.impl.execchain.MainClientExec - Connection discarded
14:22:40.977 [Forwarding implicitlyWait on session 4c24f2ba62dc6a195f9b6e8aba03f587 to remote] DEBUG o.a.h.i.c.DefaultManagedHttpClientConnection - http-outgoing-1: Close connection
14:22:40.977 [Forwarding implicitlyWait on session 4c24f2ba62dc6a195f9b6e8aba03f587 to remote] DEBUG o.a.h.i.c.PoolingHttpClientConnectionManager - Connection released: [id: 1][route: {}->http://localhost:6219][total kept alive: 0; route allocated: 0 of 2000; total allocated: 0 of 2000]
14:22:40.991 [Test worker] DEBUG o.s.b.f.s.DefaultListableBeanFactory - Finished creating instance of bean 'com.nowtv.pav.test.steps.GenericSteps'
14:22:40.993 [Forwarding maximizeWindow on session 4c24f2ba62dc6a195f9b6e8aba03f587 to remote] DEBUG o.a.h.c.protocol.RequestAddCookies - CookieSpec selected: best-match
14:22:40.993 [Forwarding maximizeWindow on session 4c24f2ba62dc6a195f9b6e8aba03f587 to remote] DEBUG o.a.h.c.protocol.RequestAuthCache - Auth cache not set in the context
14:22:40.993 [Forwarding maximizeWindow on session 4c24f2ba62dc6a195f9b6e8aba03f587 to remote] DEBUG o.a.h.i.c.PoolingHttpClientConnectionManager - Connection request: [route: {}->http://localhost:6219][total kept alive: 0; route allocated: 0 of 2000; total allocated: 0 of 2000]
14:22:40.993 [Forwarding maximizeWindow on session 4c24f2ba62dc6a195f9b6e8aba03f587 to remote] DEBUG o.a.h.i.c.PoolingHttpClientConnectionManager - Connection leased: [id: 2][route: {}->http://localhost:6219][total kept alive: 0; route allocated: 1 of 2000; total allocated: 1 of 2000]
14:22:40.993 [Forwarding maximizeWindow on session 4c24f2ba62dc6a195f9b6e8aba03f587 to remote] DEBUG o.a.h.impl.execchain.MainClientExec - Opening connection {}->http://localhost:6219
14:22:40.993 [Forwarding maximizeWindow on session 4c24f2ba62dc6a195f9b6e8aba03f587 to remote] DEBUG o.a.h.i.c.HttpClientConnectionOperator - Connecting to localhost/127.0.0.1:6219
14:22:40.993 [Forwarding maximizeWindow on session 4c24f2ba62dc6a195f9b6e8aba03f587 to remote] DEBUG o.a.h.i.c.HttpClientConnectionOperator - Connection established 127.0.0.1:58684<->127.0.0.1:6219
14:22:40.993 [Forwarding maximizeWindow on session 4c24f2ba62dc6a195f9b6e8aba03f587 to remote] DEBUG o.a.h.impl.execchain.MainClientExec - Executing request POST /session/4c24f2ba62dc6a195f9b6e8aba03f587/window/current/maximize HTTP/1.1
14:22:40.993 [Forwarding maximizeWindow on session 4c24f2ba62dc6a195f9b6e8aba03f587 to remote] DEBUG o.a.h.impl.execchain.MainClientExec - Target auth state: UNCHALLENGED
14:22:40.993 [Forwarding maximizeWindow on session 4c24f2ba62dc6a195f9b6e8aba03f587 to remote] DEBUG o.a.h.impl.execchain.MainClientExec - Proxy auth state: UNCHALLENGED
14:22:40.994 [Forwarding maximizeWindow on session 4c24f2ba62dc6a195f9b6e8aba03f587 to remote] DEBUG org.apache.http.headers - http-outgoing-2 >> POST /session/4c24f2ba62dc6a195f9b6e8aba03f587/window/current/maximize HTTP/1.1
14:22:40.994 [Forwarding maximizeWindow on session 4c24f2ba62dc6a195f9b6e8aba03f587 to remote] DEBUG org.apache.http.headers - http-outgoing-2 >> Content-Type: application/json; charset=utf-8
14:22:40.994 [Forwarding maximizeWindow on session 4c24f2ba62dc6a195f9b6e8aba03f587 to remote] DEBUG org.apache.http.headers - http-outgoing-2 >> Content-Length: 26
14:22:40.994 [Forwarding maximizeWindow on session 4c24f2ba62dc6a195f9b6e8aba03f587 to remote] DEBUG org.apache.http.headers - http-outgoing-2 >> Host: localhost:6219
14:22:40.994 [Forwarding maximizeWindow on session 4c24f2ba62dc6a195f9b6e8aba03f587 to remote] DEBUG org.apache.http.headers - http-outgoing-2 >> Connection: Keep-Alive
14:22:40.994 [Forwarding maximizeWindow on session 4c24f2ba62dc6a195f9b6e8aba03f587 to remote] DEBUG org.apache.http.headers - http-outgoing-2 >> User-Agent: Apache-HttpClient/4.3.4 (java 1.5)
14:22:40.994 [Forwarding maximizeWindow on session 4c24f2ba62dc6a195f9b6e8aba03f587 to remote] DEBUG org.apache.http.headers - http-outgoing-2 >> Accept-Encoding: gzip,deflate
14:22:40.994 [Forwarding maximizeWindow on session 4c24f2ba62dc6a195f9b6e8aba03f587 to remote] DEBUG org.apache.http.wire - http-outgoing-2 >> "POST /session/4c24f2ba62dc6a195f9b6e8aba03f587/window/current/maximize HTTP/1.1[\r][\n]"
14:22:40.994 [Forwarding maximizeWindow on session 4c24f2ba62dc6a195f9b6e8aba03f587 to remote] DEBUG org.apache.http.wire - http-outgoing-2 >> "Content-Type: application/json; charset=utf-8[\r][\n]"
14:22:40.994 [Forwarding maximizeWindow on session 4c24f2ba62dc6a195f9b6e8aba03f587 to remote] DEBUG org.apache.http.wire - http-outgoing-2 >> "Content-Length: 26[\r][\n]"
14:22:40.994 [Forwarding maximizeWindow on session 4c24f2ba62dc6a195f9b6e8aba03f587 to remote] DEBUG org.apache.http.wire - http-outgoing-2 >> "Host: localhost:6219[\r][\n]"
14:22:40.994 [Forwarding maximizeWindow on session 4c24f2ba62dc6a195f9b6e8aba03f587 to remote] DEBUG org.apache.http.wire - http-outgoing-2 >> "Connection: Keep-Alive[\r][\n]"
14:22:40.994 [Forwarding maximizeWindow on session 4c24f2ba62dc6a195f9b6e8aba03f587 to remote] DEBUG org.apache.http.wire - http-outgoing-2 >> "User-Agent: Apache-HttpClient/4.3.4 (java 1.5)[\r][\n]"
14:22:40.994 [Forwarding maximizeWindow on session 4c24f2ba62dc6a195f9b6e8aba03f587 to remote] DEBUG org.apache.http.wire - http-outgoing-2 >> "Accept-Encoding: gzip,deflate[\r][\n]"
14:22:40.994 [Forwarding maximizeWindow on session 4c24f2ba62dc6a195f9b6e8aba03f587 to remote] DEBUG org.apache.http.wire - http-outgoing-2 >> "[\r][\n]"
14:22:40.994 [Forwarding maximizeWindow on session 4c24f2ba62dc6a195f9b6e8aba03f587 to remote] DEBUG org.apache.http.wire - http-outgoing-2 >> "{"windowHandle":"current"}"
14:22:41.128 [Forwarding maximizeWindow on session 4c24f2ba62dc6a195f9b6e8aba03f587 to remote] DEBUG org.apache.http.wire - http-outgoing-2 << "HTTP/1.1 200 OK[\r][\n]"
14:22:41.128 [Forwarding maximizeWindow on session 4c24f2ba62dc6a195f9b6e8aba03f587 to remote] DEBUG org.apache.http.wire - http-outgoing-2 << "Content-Length:72[\r][\n]"
14:22:41.128 [Forwarding maximizeWindow on session 4c24f2ba62dc6a195f9b6e8aba03f587 to remote] DEBUG org.apache.http.wire - http-outgoing-2 << "Content-Type:application/json; charset=utf-8[\r][\n]"
14:22:41.128 [Forwarding maximizeWindow on session 4c24f2ba62dc6a195f9b6e8aba03f587 to remote] DEBUG org.apache.http.wire - http-outgoing-2 << "Connection:close[\r][\n]"
14:22:41.128 [Forwarding maximizeWindow on session 4c24f2ba62dc6a195f9b6e8aba03f587 to remote] DEBUG org.apache.http.wire - http-outgoing-2 << "[\r][\n]"
14:22:41.128 [Forwarding maximizeWindow on session 4c24f2ba62dc6a195f9b6e8aba03f587 to remote] DEBUG org.apache.http.wire - http-outgoing-2 << "{"sessionId":"4c24f2ba62dc6a195f9b6e8aba03f587","status":0,"value":null}"
14:22:41.128 [Forwarding maximizeWindow on session 4c24f2ba62dc6a195f9b6e8aba03f587 to remote] DEBUG org.apache.http.headers - http-outgoing-2 << HTTP/1.1 200 OK
14:22:41.128 [Forwarding maximizeWindow on session 4c24f2ba62dc6a195f9b6e8aba03f587 to remote] DEBUG org.apache.http.headers - http-outgoing-2 << Content-Length:72
14:22:41.128 [Forwarding maximizeWindow on session 4c24f2ba62dc6a195f9b6e8aba03f587 to remote] DEBUG org.apache.http.headers - http-outgoing-2 << Content-Type:application/json; charset=utf-8
14:22:41.129 [Forwarding maximizeWindow on session 4c24f2ba62dc6a195f9b6e8aba03f587 to remote] DEBUG org.apache.http.headers - http-outgoing-2 << Connection:close
14:22:41.129 [Forwarding maximizeWindow on session 4c24f2ba62dc6a195f9b6e8aba03f587 to remote] DEBUG o.a.h.i.c.DefaultManagedHttpClientConnection - http-outgoing-2: Shutdown connection
14:22:41.129 [Forwarding maximizeWindow on session 4c24f2ba62dc6a195f9b6e8aba03f587 to remote] DEBUG o.a.h.impl.execchain.MainClientExec - Connection discarded
14:22:41.129 [Forwarding maximizeWindow on session 4c24f2ba62dc6a195f9b6e8aba03f587 to remote] DEBUG o.a.h.i.c.DefaultManagedHttpClientConnection - http-outgoing-2: Close connection
14:22:41.129 [Forwarding maximizeWindow on session 4c24f2ba62dc6a195f9b6e8aba03f587 to remote] DEBUG o.a.h.i.c.PoolingHttpClientConnectionManager - Connection released: [id: 2][route: {}->http://localhost:6219][total kept alive: 0; route allocated: 0 of 2000; total allocated: 0 of 2000]
14:22:41.131 [Forwarding get on session 4c24f2ba62dc6a195f9b6e8aba03f587 to remote] DEBUG o.a.h.c.protocol.RequestAddCookies - CookieSpec selected: best-match
14:22:41.131 [Forwarding get on session 4c24f2ba62dc6a195f9b6e8aba03f587 to remote] DEBUG o.a.h.c.protocol.RequestAuthCache - Auth cache not set in the context
14:22:41.131 [Forwarding get on session 4c24f2ba62dc6a195f9b6e8aba03f587 to remote] DEBUG o.a.h.i.c.PoolingHttpClientConnectionManager - Connection request: [route: {}->http://localhost:6219][total kept alive: 0; route allocated: 0 of 2000; total allocated: 0 of 2000]
14:22:41.132 [Forwarding get on session 4c24f2ba62dc6a195f9b6e8aba03f587 to remote] DEBUG o.a.h.i.c.PoolingHttpClientConnectionManager - Connection leased: [id: 3][route: {}->http://localhost:6219][total kept alive: 0; route allocated: 1 of 2000; total allocated: 1 of 2000]
14:22:41.132 [Forwarding get on session 4c24f2ba62dc6a195f9b6e8aba03f587 to remote] DEBUG o.a.h.impl.execchain.MainClientExec - Opening connection {}->http://localhost:6219
14:22:41.132 [Forwarding get on session 4c24f2ba62dc6a195f9b6e8aba03f587 to remote] DEBUG o.a.h.i.c.HttpClientConnectionOperator - Connecting to localhost/127.0.0.1:6219
14:22:41.132 [Forwarding get on session 4c24f2ba62dc6a195f9b6e8aba03f587 to remote] DEBUG o.a.h.i.c.HttpClientConnectionOperator - Connection established 127.0.0.1:58686<->127.0.0.1:6219
14:22:41.132 [Forwarding get on session 4c24f2ba62dc6a195f9b6e8aba03f587 to remote] DEBUG o.a.h.impl.execchain.MainClientExec - Executing request POST /session/4c24f2ba62dc6a195f9b6e8aba03f587/url HTTP/1.1
14:22:41.132 [Forwarding get on session 4c24f2ba62dc6a195f9b6e8aba03f587 to remote] DEBUG o.a.h.impl.execchain.MainClientExec - Target auth state: UNCHALLENGED
14:22:41.132 [Forwarding get on session 4c24f2ba62dc6a195f9b6e8aba03f587 to remote] DEBUG o.a.h.impl.execchain.MainClientExec - Proxy auth state: UNCHALLENGED
14:22:41.132 [Forwarding get on session 4c24f2ba62dc6a195f9b6e8aba03f587 to remote] DEBUG org.apache.http.headers - http-outgoing-3 >> POST /session/4c24f2ba62dc6a195f9b6e8aba03f587/url HTTP/1.1
14:22:41.132 [Forwarding get on session 4c24f2ba62dc6a195f9b6e8aba03f587 to remote] DEBUG org.apache.http.headers - http-outgoing-3 >> Content-Type: application/json; charset=utf-8
14:22:41.132 [Forwarding get on session 4c24f2ba62dc6a195f9b6e8aba03f587 to remote] DEBUG org.apache.http.headers - http-outgoing-3 >> Content-Length: 77
14:22:41.132 [Forwarding get on session 4c24f2ba62dc6a195f9b6e8aba03f587 to remote] DEBUG org.apache.http.headers - http-outgoing-3 >> Host: localhost:6219
14:22:41.132 [Forwarding get on session 4c24f2ba62dc6a195f9b6e8aba03f587 to remote] DEBUG org.apache.http.headers - http-outgoing-3 >> Connection: Keep-Alive
14:22:41.133 [Forwarding get on session 4c24f2ba62dc6a195f9b6e8aba03f587 to remote] DEBUG org.apache.http.headers - http-outgoing-3 >> User-Agent: Apache-HttpClient/4.3.4 (java 1.5)
14:22:41.133 [Forwarding get on session 4c24f2ba62dc6a195f9b6e8aba03f587 to remote] DEBUG org.apache.http.headers - http-outgoing-3 >> Accept-Encoding: gzip,deflate
14:22:41.133 [Forwarding get on session 4c24f2ba62dc6a195f9b6e8aba03f587 to remote] DEBUG org.apache.http.wire - http-outgoing-3 >> "POST /session/4c24f2ba62dc6a195f9b6e8aba03f587/url HTTP/1.1[\r][\n]"
14:22:41.133 [Forwarding get on session 4c24f2ba62dc6a195f9b6e8aba03f587 to remote] DEBUG org.apache.http.wire - http-outgoing-3 >> "Content-Type: application/json; charset=utf-8[\r][\n]"
14:22:41.133 [Forwarding get on session 4c24f2ba62dc6a195f9b6e8aba03f587 to remote] DEBUG org.apache.http.wire - http-outgoing-3 >> "Content-Length: 77[\r][\n]"
14:22:41.133 [Forwarding get on session 4c24f2ba62dc6a195f9b6e8aba03f587 to remote] DEBUG org.apache.http.wire - http-outgoing-3 >> "Host: localhost:6219[\r][\n]"
14:22:41.133 [Forwarding get on session 4c24f2ba62dc6a195f9b6e8aba03f587 to remote] DEBUG org.apache.http.wire - http-outgoing-3 >> "Connection: Keep-Alive[\r][\n]"
14:22:41.133 [Forwarding get on session 4c24f2ba62dc6a195f9b6e8aba03f587 to remote] DEBUG org.apache.http.wire - http-outgoing-3 >> "User-Agent: Apache-HttpClient/4.3.4 (java 1.5)[\r][\n]"
14:22:41.133 [Forwarding get on session 4c24f2ba62dc6a195f9b6e8aba03f587 to remote] DEBUG org.apache.http.wire - http-outgoing-3 >> "Accept-Encoding: gzip,deflate[\r][\n]"
14:22:41.133 [Forwarding get on session 4c24f2ba62dc6a195f9b6e8aba03f587 to remote] DEBUG org.apache.http.wire - http-outgoing-3 >> "[\r][\n]"
14:22:41.133 [Forwarding get on session 4c24f2ba62dc6a195f9b6e8aba03f587 to remote] DEBUG org.apache.http.wire - http-outgoing-3 >> "{"url":"http://admin:pass@voucher-manager.stage.pv.nimbus-stage.cg.sky.com/"}"
14:22:41.973 [Forwarding get on session 4c24f2ba62dc6a195f9b6e8aba03f587 to remote] DEBUG org.apache.http.wire - http-outgoing-3 << "HTTP/1.1 200 OK[\r][\n]"
14:22:41.974 [Forwarding get on session 4c24f2ba62dc6a195f9b6e8aba03f587 to remote] DEBUG org.apache.http.wire - http-outgoing-3 << "Content-Length:72[\r][\n]"
14:22:41.974 [Forwarding get on session 4c24f2ba62dc6a195f9b6e8aba03f587 to remote] DEBUG org.apache.http.wire - http-outgoing-3 << "Content-Type:application/json; charset=utf-8[\r][\n]"
14:22:41.974 [Forwarding get on session 4c24f2ba62dc6a195f9b6e8aba03f587 to remote] DEBUG org.apache.http.wire - http-outgoing-3 << "Connection:close[\r][\n]"
14:22:41.974 [Forwarding get on session 4c24f2ba62dc6a195f9b6e8aba03f587 to remote] DEBUG org.apache.http.wire - http-outgoing-3 << "[\r][\n]"
14:22:41.974 [Forwarding get on session 4c24f2ba62dc6a195f9b6e8aba03f587 to remote] DEBUG org.apache.http.wire - http-outgoing-3 << "{"sessionId":"4c24f2ba62dc6a195f9b6e8aba03f587","status":0,"value":null}"
14:22:41.974 [Forwarding get on session 4c24f2ba62dc6a195f9b6e8aba03f587 to remote] DEBUG org.apache.http.headers - http-outgoing-3 << HTTP/1.1 200 OK
14:22:41.974 [Forwarding get on session 4c24f2ba62dc6a195f9b6e8aba03f587 to remote] DEBUG org.apache.http.headers - http-outgoing-3 << Content-Length:72
14:22:41.974 [Forwarding get on session 4c24f2ba62dc6a195f9b6e8aba03f587 to remote] DEBUG org.apache.http.headers - http-outgoing-3 << Content-Type:application/json; charset=utf-8
14:22:41.974 [Forwarding get on session 4c24f2ba62dc6a195f9b6e8aba03f587 to remote] DEBUG org.apache.http.headers - http-outgoing-3 << Connection:close
14:22:41.974 [Forwarding get on session 4c24f2ba62dc6a195f9b6e8aba03f587 to remote] DEBUG o.a.h.i.c.DefaultManagedHttpClientConnection - http-outgoing-3: Shutdown connection
14:22:41.974 [Forwarding get on session 4c24f2ba62dc6a195f9b6e8aba03f587 to remote] DEBUG o.a.h.impl.execchain.MainClientExec - Connection discarded
14:22:41.974 [Forwarding get on session 4c24f2ba62dc6a195f9b6e8aba03f587 to remote] DEBUG o.a.h.i.c.DefaultManagedHttpClientConnection - http-outgoing-3: Close connection
14:22:41.975 [Forwarding get on session 4c24f2ba62dc6a195f9b6e8aba03f587 to remote] DEBUG o.a.h.i.c.PoolingHttpClientConnectionManager - Connection released: [id: 3][route: {}->http://localhost:6219][total kept alive: 0; route allocated: 0 of 2000; total allocated: 0 of 2000]
14:22:42.049 [Forwarding get on session 4c24f2ba62dc6a195f9b6e8aba03f587 to remote] DEBUG o.a.h.c.protocol.RequestAddCookies - CookieSpec selected: best-match
14:22:42.050 [Forwarding get on session 4c24f2ba62dc6a195f9b6e8aba03f587 to remote] DEBUG o.a.h.c.protocol.RequestAuthCache - Auth cache not set in the context
14:22:42.050 [Forwarding get on session 4c24f2ba62dc6a195f9b6e8aba03f587 to remote] DEBUG o.a.h.i.c.PoolingHttpClientConnectionManager - Connection request: [route: {}->http://localhost:6219][total kept alive: 0; route allocated: 0 of 2000; total allocated: 0 of 2000]
14:22:42.050 [Forwarding get on session 4c24f2ba62dc6a195f9b6e8aba03f587 to remote] DEBUG o.a.h.i.c.PoolingHttpClientConnectionManager - Connection leased: [id: 4][route: {}->http://localhost:6219][total kept alive: 0; route allocated: 1 of 2000; total allocated: 1 of 2000]
14:22:42.050 [Forwarding get on session 4c24f2ba62dc6a195f9b6e8aba03f587 to remote] DEBUG o.a.h.impl.execchain.MainClientExec - Opening connection {}->http://localhost:6219
14:22:42.050 [Forwarding get on session 4c24f2ba62dc6a195f9b6e8aba03f587 to remote] DEBUG o.a.h.i.c.HttpClientConnectionOperator - Connecting to localhost/127.0.0.1:6219
14:22:42.050 [Forwarding get on session 4c24f2ba62dc6a195f9b6e8aba03f587 to remote] DEBUG o.a.h.i.c.HttpClientConnectionOperator - Connection established 127.0.0.1:58688<->127.0.0.1:6219
14:22:42.050 [Forwarding get on session 4c24f2ba62dc6a195f9b6e8aba03f587 to remote] DEBUG o.a.h.impl.execchain.MainClientExec - Executing request POST /session/4c24f2ba62dc6a195f9b6e8aba03f587/url HTTP/1.1
14:22:42.050 [Forwarding get on session 4c24f2ba62dc6a195f9b6e8aba03f587 to remote] DEBUG o.a.h.impl.execchain.MainClientExec - Target auth state: UNCHALLENGED
14:22:42.050 [Forwarding get on session 4c24f2ba62dc6a195f9b6e8aba03f587 to remote] DEBUG o.a.h.impl.execchain.MainClientExec - Proxy auth state: UNCHALLENGED
14:22:42.050 [Forwarding get on session 4c24f2ba62dc6a195f9b6e8aba03f587 to remote] DEBUG org.apache.http.headers - http-outgoing-4 >> POST /session/4c24f2ba62dc6a195f9b6e8aba03f587/url HTTP/1.1
14:22:42.050 [Forwarding get on session 4c24f2ba62dc6a195f9b6e8aba03f587 to remote] DEBUG org.apache.http.headers - http-outgoing-4 >> Content-Type: application/json; charset=utf-8
14:22:42.051 [Forwarding get on session 4c24f2ba62dc6a195f9b6e8aba03f587 to remote] DEBUG org.apache.http.headers - http-outgoing-4 >> Content-Length: 80
14:22:42.051 [Forwarding get on session 4c24f2ba62dc6a195f9b6e8aba03f587 to remote] DEBUG org.apache.http.headers - http-outgoing-4 >> Host: localhost:6219
14:22:42.051 [Forwarding get on session 4c24f2ba62dc6a195f9b6e8aba03f587 to remote] DEBUG org.apache.http.headers - http-outgoing-4 >> Connection: Keep-Alive
14:22:42.051 [Forwarding get on session 4c24f2ba62dc6a195f9b6e8aba03f587 to remote] DEBUG org.apache.http.headers - http-outgoing-4 >> User-Agent: Apache-HttpClient/4.3.4 (java 1.5)
14:22:42.051 [Forwarding get on session 4c24f2ba62dc6a195f9b6e8aba03f587 to remote] DEBUG org.apache.http.headers - http-outgoing-4 >> Accept-Encoding: gzip,deflate
14:22:42.051 [Forwarding get on session 4c24f2ba62dc6a195f9b6e8aba03f587 to remote] DEBUG org.apache.http.wire - http-outgoing-4 >> "POST /session/4c24f2ba62dc6a195f9b6e8aba03f587/url HTTP/1.1[\r][\n]"
14:22:42.051 [Forwarding get on session 4c24f2ba62dc6a195f9b6e8aba03f587 to remote] DEBUG org.apache.http.wire - http-outgoing-4 >> "Content-Type: application/json; charset=utf-8[\r][\n]"
14:22:42.051 [Forwarding get on session 4c24f2ba62dc6a195f9b6e8aba03f587 to remote] DEBUG org.apache.http.wire - http-outgoing-4 >> "Content-Length: 80[\r][\n]"
14:22:42.051 [Forwarding get on session 4c24f2ba62dc6a195f9b6e8aba03f587 to remote] DEBUG org.apache.http.wire - http-outgoing-4 >> "Host: localhost:6219[\r][\n]"
14:22:42.051 [Forwarding get on session 4c24f2ba62dc6a195f9b6e8aba03f587 to remote] DEBUG org.apache.http.wire - http-outgoing-4 >> "Connection: Keep-Alive[\r][\n]"
14:22:42.051 [Forwarding get on session 4c24f2ba62dc6a195f9b6e8aba03f587 to remote] DEBUG org.apache.http.wire - http-outgoing-4 >> "User-Agent: Apache-HttpClient/4.3.4 (java 1.5)[\r][\n]"
14:22:42.051 [Forwarding get on session 4c24f2ba62dc6a195f9b6e8aba03f587 to remote] DEBUG org.apache.http.wire - http-outgoing-4 >> "Accept-Encoding: gzip,deflate[\r][\n]"
14:22:42.051 [Forwarding get on session 4c24f2ba62dc6a195f9b6e8aba03f587 to remote] DEBUG org.apache.http.wire - http-outgoing-4 >> "[\r][\n]"
14:22:42.051 [Forwarding get on session 4c24f2ba62dc6a195f9b6e8aba03f587 to remote] DEBUG org.apache.http.wire - http-outgoing-4 >> "{"url":"http://voucher-manager-ui.stage.pv.nimbus-stage.cg.sky.com/#/campaigns"}"
14:22:42.351 [Forwarding get on session 4c24f2ba62dc6a195f9b6e8aba03f587 to remote] DEBUG org.apache.http.wire - http-outgoing-4 << "HTTP/1.1 200 OK[\r][\n]"
14:22:42.351 [Forwarding get on session 4c24f2ba62dc6a195f9b6e8aba03f587 to remote] DEBUG org.apache.http.wire - http-outgoing-4 << "Content-Length:72[\r][\n]"
14:22:42.351 [Forwarding get on session 4c24f2ba62dc6a195f9b6e8aba03f587 to remote] DEBUG org.apache.http.wire - http-outgoing-4 << "Content-Type:application/json; charset=utf-8[\r][\n]"
14:22:42.351 [Forwarding get on session 4c24f2ba62dc6a195f9b6e8aba03f587 to remote] DEBUG org.apache.http.wire - http-outgoing-4 << "Connection:close[\r][\n]"
14:22:42.351 [Forwarding get on session 4c24f2ba62dc6a195f9b6e8aba03f587 to remote] DEBUG org.apache.http.wire - http-outgoing-4 << "[\r][\n]"
14:22:42.351 [Forwarding get on session 4c24f2ba62dc6a195f9b6e8aba03f587 to remote] DEBUG org.apache.http.wire - http-outgoing-4 << "{"sessionId":"4c24f2ba62dc6a195f9b6e8aba03f587","status":0,"value":null}"
14:22:42.352 [Forwarding get on session 4c24f2ba62dc6a195f9b6e8aba03f587 to remote] DEBUG org.apache.http.headers - http-outgoing-4 << HTTP/1.1 200 OK
14:22:42.352 [Forwarding get on session 4c24f2ba62dc6a195f9b6e8aba03f587 to remote] DEBUG org.apache.http.headers - http-outgoing-4 << Content-Length:72
14:22:42.352 [Forwarding get on session 4c24f2ba62dc6a195f9b6e8aba03f587 to remote] DEBUG org.apache.http.headers - http-outgoing-4 << Content-Type:application/json; charset=utf-8
14:22:42.352 [Forwarding get on session 4c24f2ba62dc6a195f9b6e8aba03f587 to remote] DEBUG org.apache.http.headers - http-outgoing-4 << Connection:close
14:22:42.352 [Forwarding get on session 4c24f2ba62dc6a195f9b6e8aba03f587 to remote] DEBUG o.a.h.i.c.DefaultManagedHttpClientConnection - http-outgoing-4: Shutdown connection
14:22:42.353 [Forwarding get on session 4c24f2ba62dc6a195f9b6e8aba03f587 to remote] DEBUG o.a.h.impl.execchain.MainClientExec - Connection discarded
14:22:42.353 [Forwarding get on session 4c24f2ba62dc6a195f9b6e8aba03f587 to remote] DEBUG o.a.h.i.c.DefaultManagedHttpClientConnection - http-outgoing-4: Close connection
14:22:42.353 [Forwarding get on session 4c24f2ba62dc6a195f9b6e8aba03f587 to remote] DEBUG o.a.h.i.c.PoolingHttpClientConnectionManager - Connection released: [id: 4][route: {}->http://localhost:6219][total kept alive: 0; route allocated: 0 of 2000; total allocated: 0 of 2000]
14:22:42.357 [Forwarding getCurrentUrl on session 4c24f2ba62dc6a195f9b6e8aba03f587 to remote] DEBUG o.a.h.c.protocol.RequestAddCookies - CookieSpec selected: best-match
14:22:42.357 [Forwarding getCurrentUrl on session 4c24f2ba62dc6a195f9b6e8aba03f587 to remote] DEBUG o.a.h.c.protocol.RequestAuthCache - Auth cache not set in the context
14:22:42.357 [Forwarding getCurrentUrl on session 4c24f2ba62dc6a195f9b6e8aba03f587 to remote] DEBUG o.a.h.i.c.PoolingHttpClientConnectionManager - Connection request: [route: {}->http://localhost:6219][total kept alive: 0; route allocated: 0 of 2000; total allocated: 0 of 2000]
14:22:42.357 [Forwarding getCurrentUrl on session 4c24f2ba62dc6a195f9b6e8aba03f587 to remote] DEBUG o.a.h.i.c.PoolingHttpClientConnectionManager - Connection leased: [id: 5][route: {}->http://localhost:6219][total kept alive: 0; route allocated: 1 of 2000; total allocated: 1 of 2000]
14:22:42.357 [Forwarding getCurrentUrl on session 4c24f2ba62dc6a195f9b6e8aba03f587 to remote] DEBUG o.a.h.impl.execchain.MainClientExec - Opening connection {}->http://localhost:6219
14:22:42.357 [Forwarding getCurrentUrl on session 4c24f2ba62dc6a195f9b6e8aba03f587 to remote] DEBUG o.a.h.i.c.HttpClientConnectionOperator - Connecting to localhost/127.0.0.1:6219
14:22:42.357 [Forwarding getCurrentUrl on session 4c24f2ba62dc6a195f9b6e8aba03f587 to remote] DEBUG o.a.h.i.c.HttpClientConnectionOperator - Connection established 127.0.0.1:58694<->127.0.0.1:6219
14:22:42.357 [Forwarding getCurrentUrl on session 4c24f2ba62dc6a195f9b6e8aba03f587 to remote] DEBUG o.a.h.impl.execchain.MainClientExec - Executing request GET /session/4c24f2ba62dc6a195f9b6e8aba03f587/url HTTP/1.1
14:22:42.357 [Forwarding getCurrentUrl on session 4c24f2ba62dc6a195f9b6e8aba03f587 to remote] DEBUG o.a.h.impl.execchain.MainClientExec - Target auth state: UNCHALLENGED
14:22:42.357 [Forwarding getCurrentUrl on session 4c24f2ba62dc6a195f9b6e8aba03f587 to remote] DEBUG o.a.h.impl.execchain.MainClientExec - Proxy auth state: UNCHALLENGED
14:22:42.358 [Forwarding getCurrentUrl on session 4c24f2ba62dc6a195f9b6e8aba03f587 to remote] DEBUG org.apache.http.headers - http-outgoing-5 >> GET /session/4c24f2ba62dc6a195f9b6e8aba03f587/url HTTP/1.1
14:22:42.358 [Forwarding getCurrentUrl on session 4c24f2ba62dc6a195f9b6e8aba03f587 to remote] DEBUG org.apache.http.headers - http-outgoing-5 >> Cache-Control: no-cache
14:22:42.358 [Forwarding getCurrentUrl on session 4c24f2ba62dc6a195f9b6e8aba03f587 to remote] DEBUG org.apache.http.headers - http-outgoing-5 >> Host: localhost:6219
14:22:42.358 [Forwarding getCurrentUrl on session 4c24f2ba62dc6a195f9b6e8aba03f587 to remote] DEBUG org.apache.http.headers - http-outgoing-5 >> Connection: Keep-Alive
14:22:42.358 [Forwarding getCurrentUrl on session 4c24f2ba62dc6a195f9b6e8aba03f587 to remote] DEBUG org.apache.http.headers - http-outgoing-5 >> User-Agent: Apache-HttpClient/4.3.4 (java 1.5)
14:22:42.358 [Forwarding getCurrentUrl on session 4c24f2ba62dc6a195f9b6e8aba03f587 to remote] DEBUG org.apache.http.headers - http-outgoing-5 >> Accept-Encoding: gzip,deflate
14:22:42.358 [Forwarding getCurrentUrl on session 4c24f2ba62dc6a195f9b6e8aba03f587 to remote] DEBUG org.apache.http.wire - http-outgoing-5 >> "GET /session/4c24f2ba62dc6a195f9b6e8aba03f587/url HTTP/1.1[\r][\n]"
14:22:42.358 [Forwarding getCurrentUrl on session 4c24f2ba62dc6a195f9b6e8aba03f587 to remote] DEBUG org.apache.http.wire - http-outgoing-5 >> "Cache-Control: no-cache[\r][\n]"
14:22:42.358 [Forwarding getCurrentUrl on session 4c24f2ba62dc6a195f9b6e8aba03f587 to remote] DEBUG org.apache.http.wire - http-outgoing-5 >> "Host: localhost:6219[\r][\n]"
14:22:42.358 [Forwarding getCurrentUrl on session 4c24f2ba62dc6a195f9b6e8aba03f587 to remote] DEBUG org.apache.http.wire - http-outgoing-5 >> "Connection: Keep-Alive[\r][\n]"
14:22:42.358 [Forwarding getCurrentUrl on session 4c24f2ba62dc6a195f9b6e8aba03f587 to remote] DEBUG org.apache.http.wire - http-outgoing-5 >> "User-Agent: Apache-HttpClient/4.3.4 (java 1.5)[\r][\n]"
14:22:42.358 [Forwarding getCurrentUrl on session 4c24f2ba62dc6a195f9b6e8aba03f587 to remote] DEBUG org.apache.http.wire - http-outgoing-5 >> "Accept-Encoding: gzip,deflate[\r][\n]"
14:22:42.358 [Forwarding getCurrentUrl on session 4c24f2ba62dc6a195f9b6e8aba03f587 to remote] DEBUG org.apache.http.wire - http-outgoing-5 >> "[\r][\n]"
14:22:42.515 [Forwarding getCurrentUrl on session 4c24f2ba62dc6a195f9b6e8aba03f587 to remote] DEBUG org.apache.http.wire - http-outgoing-5 << "HTTP/1.1 200 OK[\r][\n]"
14:22:42.516 [Forwarding getCurrentUrl on session 4c24f2ba62dc6a195f9b6e8aba03f587 to remote] DEBUG org.apache.http.wire - http-outgoing-5 << "Content-Length:140[\r][\n]"
14:22:42.516 [Forwarding getCurrentUrl on session 4c24f2ba62dc6a195f9b6e8aba03f587 to remote] DEBUG org.apache.http.wire - http-outgoing-5 << "Content-Type:application/json; charset=utf-8[\r][\n]"
14:22:42.516 [Forwarding getCurrentUrl on session 4c24f2ba62dc6a195f9b6e8aba03f587 to remote] DEBUG org.apache.http.wire - http-outgoing-5 << "Connection:close[\r][\n]"
14:22:42.516 [Forwarding getCurrentUrl on session 4c24f2ba62dc6a195f9b6e8aba03f587 to remote] DEBUG org.apache.http.wire - http-outgoing-5 << "[\r][\n]"
14:22:42.516 [Forwarding getCurrentUrl on session 4c24f2ba62dc6a195f9b6e8aba03f587 to remote] DEBUG org.apache.http.wire - http-outgoing-5 << "{"sessionId":"4c24f2ba62dc6a195f9b6e8aba03f587","status":0,"value":"http://voucher-manager-ui.stage.pv.nimbus-stage.cg.sky.com/#/campaigns"}"
14:22:42.516 [Forwarding getCurrentUrl on session 4c24f2ba62dc6a195f9b6e8aba03f587 to remote] DEBUG org.apache.http.headers - http-outgoing-5 << HTTP/1.1 200 OK
14:22:42.516 [Forwarding getCurrentUrl on session 4c24f2ba62dc6a195f9b6e8aba03f587 to remote] DEBUG org.apache.http.headers - http-outgoing-5 << Content-Length:140
14:22:42.516 [Forwarding getCurrentUrl on session 4c24f2ba62dc6a195f9b6e8aba03f587 to remote] DEBUG org.apache.http.headers - http-outgoing-5 << Content-Type:application/json; charset=utf-8
14:22:42.516 [Forwarding getCurrentUrl on session 4c24f2ba62dc6a195f9b6e8aba03f587 to remote] DEBUG org.apache.http.headers - http-outgoing-5 << Connection:close
14:22:42.516 [Forwarding getCurrentUrl on session 4c24f2ba62dc6a195f9b6e8aba03f587 to remote] DEBUG o.a.h.i.c.DefaultManagedHttpClientConnection - http-outgoing-5: Shutdown connection
14:22:42.516 [Forwarding getCurrentUrl on session 4c24f2ba62dc6a195f9b6e8aba03f587 to remote] DEBUG o.a.h.impl.execchain.MainClientExec - Connection discarded
14:22:42.517 [Forwarding getCurrentUrl on session 4c24f2ba62dc6a195f9b6e8aba03f587 to remote] DEBUG o.a.h.i.c.DefaultManagedHttpClientConnection - http-outgoing-5: Close connection
14:22:42.517 [Forwarding getCurrentUrl on session 4c24f2ba62dc6a195f9b6e8aba03f587 to remote] DEBUG o.a.h.i.c.PoolingHttpClientConnectionManager - Connection released: [id: 5][route: {}->http://localhost:6219][total kept alive: 0; route allocated: 0 of 2000; total allocated: 0 of 2000]
14:22:42.521 [Forwarding executeScript on session 4c24f2ba62dc6a195f9b6e8aba03f587 to remote] DEBUG o.a.h.c.protocol.RequestAddCookies - CookieSpec selected: best-match
14:22:42.522 [Forwarding executeScript on session 4c24f2ba62dc6a195f9b6e8aba03f587 to remote] DEBUG o.a.h.c.protocol.RequestAuthCache - Auth cache not set in the context
14:22:42.522 [Forwarding executeScript on session 4c24f2ba62dc6a195f9b6e8aba03f587 to remote] DEBUG o.a.h.i.c.PoolingHttpClientConnectionManager - Connection request: [route: {}->http://localhost:6219][total kept alive: 0; route allocated: 0 of 2000; total allocated: 0 of 2000]
14:22:42.522 [Forwarding executeScript on session 4c24f2ba62dc6a195f9b6e8aba03f587 to remote] DEBUG o.a.h.i.c.PoolingHttpClientConnectionManager - Connection leased: [id: 6][route: {}->http://localhost:6219][total kept alive: 0; route allocated: 1 of 2000; total allocated: 1 of 2000]
14:22:42.522 [Forwarding executeScript on session 4c24f2ba62dc6a195f9b6e8aba03f587 to remote] DEBUG o.a.h.impl.execchain.MainClientExec - Opening connection {}->http://localhost:6219
14:22:42.522 [Forwarding executeScript on session 4c24f2ba62dc6a195f9b6e8aba03f587 to remote] DEBUG o.a.h.i.c.HttpClientConnectionOperator - Connecting to localhost/127.0.0.1:6219
14:22:42.522 [Forwarding executeScript on session 4c24f2ba62dc6a195f9b6e8aba03f587 to remote] DEBUG o.a.h.i.c.HttpClientConnectionOperator - Connection established 127.0.0.1:58698<->127.0.0.1:6219
14:22:42.522 [Forwarding executeScript on session 4c24f2ba62dc6a195f9b6e8aba03f587 to remote] DEBUG o.a.h.impl.execchain.MainClientExec - Executing request POST /session/4c24f2ba62dc6a195f9b6e8aba03f587/execute HTTP/1.1
14:22:42.522 [Forwarding executeScript on session 4c24f2ba62dc6a195f9b6e8aba03f587 to remote] DEBUG o.a.h.impl.execchain.MainClientExec - Target auth state: UNCHALLENGED
14:22:42.522 [Forwarding executeScript on session 4c24f2ba62dc6a195f9b6e8aba03f587 to remote] DEBUG o.a.h.impl.execchain.MainClientExec - Proxy auth state: UNCHALLENGED
14:22:42.522 [Forwarding executeScript on session 4c24f2ba62dc6a195f9b6e8aba03f587 to remote] DEBUG org.apache.http.headers - http-outgoing-6 >> POST /session/4c24f2ba62dc6a195f9b6e8aba03f587/execute HTTP/1.1
14:22:42.522 [Forwarding executeScript on session 4c24f2ba62dc6a195f9b6e8aba03f587 to remote] DEBUG org.apache.http.headers - http-outgoing-6 >> Content-Type: application/json; charset=utf-8
14:22:42.522 [Forwarding executeScript on session 4c24f2ba62dc6a195f9b6e8aba03f587 to remote] DEBUG org.apache.http.headers - http-outgoing-6 >> Content-Length: 75
14:22:42.522 [Forwarding executeScript on session 4c24f2ba62dc6a195f9b6e8aba03f587 to remote] DEBUG org.apache.http.headers - http-outgoing-6 >> Host: localhost:6219
14:22:42.522 [Forwarding executeScript on session 4c24f2ba62dc6a195f9b6e8aba03f587 to remote] DEBUG org.apache.http.headers - http-outgoing-6 >> Connection: Keep-Alive
14:22:42.522 [Forwarding executeScript on session 4c24f2ba62dc6a195f9b6e8aba03f587 to remote] DEBUG org.apache.http.headers - http-outgoing-6 >> User-Agent: Apache-HttpClient/4.3.4 (java 1.5)
14:22:42.522 [Forwarding executeScript on session 4c24f2ba62dc6a195f9b6e8aba03f587 to remote] DEBUG org.apache.http.headers - http-outgoing-6 >> Accept-Encoding: gzip,deflate
14:22:42.522 [Forwarding executeScript on session 4c24f2ba62dc6a195f9b6e8aba03f587 to remote] DEBUG org.apache.http.wire - http-outgoing-6 >> "POST /session/4c24f2ba62dc6a195f9b6e8aba03f587/execute HTTP/1.1[\r][\n]"
14:22:42.523 [Forwarding executeScript on session 4c24f2ba62dc6a195f9b6e8aba03f587 to remote] DEBUG org.apache.http.wire - http-outgoing-6 >> "Content-Type: application/json; charset=utf-8[\r][\n]"
14:22:42.523 [Forwarding executeScript on session 4c24f2ba62dc6a195f9b6e8aba03f587 to remote] DEBUG org.apache.http.wire - http-outgoing-6 >> "Content-Length: 75[\r][\n]"
14:22:42.523 [Forwarding executeScript on session 4c24f2ba62dc6a195f9b6e8aba03f587 to remote] DEBUG org.apache.http.wire - http-outgoing-6 >> "Host: localhost:6219[\r][\n]"
14:22:42.523 [Forwarding executeScript on session 4c24f2ba62dc6a195f9b6e8aba03f587 to remote] DEBUG org.apache.http.wire - http-outgoing-6 >> "Connection: Keep-Alive[\r][\n]"
14:22:42.523 [Forwarding executeScript on session 4c24f2ba62dc6a195f9b6e8aba03f587 to remote] DEBUG org.apache.http.wire - http-outgoing-6 >> "User-Agent: Apache-HttpClient/4.3.4 (java 1.5)[\r][\n]"
14:22:42.523 [Forwarding executeScript on session 4c24f2ba62dc6a195f9b6e8aba03f587 to remote] DEBUG org.apache.http.wire - http-outgoing-6 >> "Accept-Encoding: gzip,deflate[\r][\n]"
14:22:42.523 [Forwarding executeScript on session 4c24f2ba62dc6a195f9b6e8aba03f587 to remote] DEBUG org.apache.http.wire - http-outgoing-6 >> "[\r][\n]"
14:22:42.523 [Forwarding executeScript on session 4c24f2ba62dc6a195f9b6e8aba03f587 to remote] DEBUG org.apache.http.wire - http-outgoing-6 >> "{"args":[],"script":"if (document.readyState) return document.readyState;"}"
14:22:42.548 [Forwarding executeScript on session 4c24f2ba62dc6a195f9b6e8aba03f587 to remote] DEBUG org.apache.http.wire - http-outgoing-6 << "HTTP/1.1 200 OK[\r][\n]"
14:22:42.548 [Forwarding executeScript on session 4c24f2ba62dc6a195f9b6e8aba03f587 to remote] DEBUG org.apache.http.wire - http-outgoing-6 << "Content-Length:78[\r][\n]"
14:22:42.548 [Forwarding executeScript on session 4c24f2ba62dc6a195f9b6e8aba03f587 to remote] DEBUG org.apache.http.wire - http-outgoing-6 << "Content-Type:application/json; charset=utf-8[\r][\n]"
14:22:42.548 [Forwarding executeScript on session 4c24f2ba62dc6a195f9b6e8aba03f587 to remote] DEBUG org.apache.http.wire - http-outgoing-6 << "Connection:close[\r][\n]"
14:22:42.548 [Forwarding executeScript on session 4c24f2ba62dc6a195f9b6e8aba03f587 to remote] DEBUG org.apache.http.wire - http-outgoing-6 << "[\r][\n]"
14:22:42.549 [Forwarding executeScript on session 4c24f2ba62dc6a195f9b6e8aba03f587 to remote] DEBUG org.apache.http.wire - http-outgoing-6 << "{"sessionId":"4c24f2ba62dc6a195f9b6e8aba03f587","status":0,"value":"complete"}"
14:22:42.549 [Forwarding executeScript on session 4c24f2ba62dc6a195f9b6e8aba03f587 to remote] DEBUG org.apache.http.headers - http-outgoing-6 << HTTP/1.1 200 OK
14:22:42.549 [Forwarding executeScript on session 4c24f2ba62dc6a195f9b6e8aba03f587 to remote] DEBUG org.apache.http.headers - http-outgoing-6 << Content-Length:78
14:22:42.549 [Forwarding executeScript on session 4c24f2ba62dc6a195f9b6e8aba03f587 to remote] DEBUG org.apache.http.headers - http-outgoing-6 << Content-Type:application/json; charset=utf-8
14:22:42.549 [Forwarding executeScript on session 4c24f2ba62dc6a195f9b6e8aba03f587 to remote] DEBUG org.apache.http.headers - http-outgoing-6 << Connection:close
14:22:42.549 [Forwarding executeScript on session 4c24f2ba62dc6a195f9b6e8aba03f587 to remote] DEBUG o.a.h.i.c.DefaultManagedHttpClientConnection - http-outgoing-6: Shutdown connection
14:22:42.549 [Forwarding executeScript on session 4c24f2ba62dc6a195f9b6e8aba03f587 to remote] DEBUG o.a.h.impl.execchain.MainClientExec - Connection discarded
14:22:42.549 [Forwarding executeScript on session 4c24f2ba62dc6a195f9b6e8aba03f587 to remote] DEBUG o.a.h.i.c.DefaultManagedHttpClientConnection - http-outgoing-6: Close connection
14:22:42.549 [Forwarding executeScript on session 4c24f2ba62dc6a195f9b6e8aba03f587 to remote] DEBUG o.a.h.i.c.PoolingHttpClientConnectionManager - Connection released: [id: 6][route: {}->http://localhost:6219][total kept alive: 0; route allocated: 0 of 2000; total allocated: 0 of 2000]
14:22:42.550 [Forwarding getPageSource on session 4c24f2ba62dc6a195f9b6e8aba03f587 to remote] DEBUG o.a.h.c.protocol.RequestAddCookies - CookieSpec selected: best-match
14:22:42.550 [Forwarding getPageSource on session 4c24f2ba62dc6a195f9b6e8aba03f587 to remote] DEBUG o.a.h.c.protocol.RequestAuthCache - Auth cache not set in the context
14:22:42.550 [Forwarding getPageSource on session 4c24f2ba62dc6a195f9b6e8aba03f587 to remote] DEBUG o.a.h.i.c.PoolingHttpClientConnectionManager - Connection request: [route: {}->http://localhost:6219][total kept alive: 0; route allocated: 0 of 2000; total allocated: 0 of 2000]
14:22:42.550 [Forwarding getPageSource on session 4c24f2ba62dc6a195f9b6e8aba03f587 to remote] DEBUG o.a.h.i.c.PoolingHttpClientConnectionManager - Connection leased: [id: 7][route: {}->http://localhost:6219][total kept alive: 0; route allocated: 1 of 2000; total allocated: 1 of 2000]
14:22:42.550 [Forwarding getPageSource on session 4c24f2ba62dc6a195f9b6e8aba03f587 to remote] DEBUG o.a.h.impl.execchain.MainClientExec - Opening connection {}->http://localhost:6219
14:22:42.550 [Forwarding getPageSource on session 4c24f2ba62dc6a195f9b6e8aba03f587 to remote] DEBUG o.a.h.i.c.HttpClientConnectionOperator - Connecting to localhost/127.0.0.1:6219
14:22:42.550 [Forwarding getPageSource on session 4c24f2ba62dc6a195f9b6e8aba03f587 to remote] DEBUG o.a.h.i.c.HttpClientConnectionOperator - Connection established 127.0.0.1:58699<->127.0.0.1:6219
14:22:42.550 [Forwarding getPageSource on session 4c24f2ba62dc6a195f9b6e8aba03f587 to remote] DEBUG o.a.h.impl.execchain.MainClientExec - Executing request GET /session/4c24f2ba62dc6a195f9b6e8aba03f587/source HTTP/1.1
14:22:42.550 [Forwarding getPageSource on session 4c24f2ba62dc6a195f9b6e8aba03f587 to remote] DEBUG o.a.h.impl.execchain.MainClientExec - Target auth state: UNCHALLENGED
14:22:42.550 [Forwarding getPageSource on session 4c24f2ba62dc6a195f9b6e8aba03f587 to remote] DEBUG o.a.h.impl.execchain.MainClientExec - Proxy auth state: UNCHALLENGED
14:22:42.551 [Forwarding getPageSource on session 4c24f2ba62dc6a195f9b6e8aba03f587 to remote] DEBUG org.apache.http.headers - http-outgoing-7 >> GET /session/4c24f2ba62dc6a195f9b6e8aba03f587/source HTTP/1.1
14:22:42.551 [Forwarding getPageSource on session 4c24f2ba62dc6a195f9b6e8aba03f587 to remote] DEBUG org.apache.http.headers - http-outgoing-7 >> Cache-Control: no-cache
14:22:42.551 [Forwarding getPageSource on session 4c24f2ba62dc6a195f9b6e8aba03f587 to remote] DEBUG org.apache.http.headers - http-outgoing-7 >> Host: localhost:6219
14:22:42.551 [Forwarding getPageSource on session 4c24f2ba62dc6a195f9b6e8aba03f587 to remote] DEBUG org.apache.http.headers - http-outgoing-7 >> Connection: Keep-Alive
14:22:42.551 [Forwarding getPageSource on session 4c24f2ba62dc6a195f9b6e8aba03f587 to remote] DEBUG org.apache.http.headers - http-outgoing-7 >> User-Agent: Apache-HttpClient/4.3.4 (java 1.5)
14:22:42.551 [Forwarding getPageSource on session 4c24f2ba62dc6a195f9b6e8aba03f587 to remote] DEBUG org.apache.http.headers - http-outgoing-7 >> Accept-Encoding: gzip,deflate
14:22:42.551 [Forwarding getPageSource on session 4c24f2ba62dc6a195f9b6e8aba03f587 to remote] DEBUG org.apache.http.wire - http-outgoing-7 >> "GET /session/4c24f2ba62dc6a195f9b6e8aba03f587/source HTTP/1.1[\r][\n]"
14:22:42.551 [Forwarding getPageSource on session 4c24f2ba62dc6a195f9b6e8aba03f587 to remote] DEBUG org.apache.http.wire - http-outgoing-7 >> "Cache-Control: no-cache[\r][\n]"
14:22:42.551 [Forwarding getPageSource on session 4c24f2ba62dc6a195f9b6e8aba03f587 to remote] DEBUG org.apache.http.wire - http-outgoing-7 >> "Host: localhost:6219[\r][\n]"
14:22:42.551 [Forwarding getPageSource on session 4c24f2ba62dc6a195f9b6e8aba03f587 to remote] DEBUG org.apache.http.wire - http-outgoing-7 >> "Connection: Keep-Alive[\r][\n]"
14:22:42.551 [Forwarding getPageSource on session 4c24f2ba62dc6a195f9b6e8aba03f587 to remote] DEBUG org.apache.http.wire - http-outgoing-7 >> "User-Agent: Apache-HttpClient/4.3.4 (java 1.5)[\r][\n]"
14:22:42.551 [Forwarding getPageSource on session 4c24f2ba62dc6a195f9b6e8aba03f587 to remote] DEBUG org.apache.http.wire - http-outgoing-7 >> "Accept-Encoding: gzip,deflate[\r][\n]"
14:22:42.551 [Forwarding getPageSource on session 4c24f2ba62dc6a195f9b6e8aba03f587 to remote] DEBUG org.apache.http.wire - http-outgoing-7 >> "[\r][\n]"
14:22:42.555 [Forwarding getPageSource on session 4c24f2ba62dc6a195f9b6e8aba03f587 to remote] DEBUG org.apache.http.wire - http-outgoing-7 << "HTTP/1.1 200 OK[\r][\n]"
14:22:42.555 [Forwarding getPageSource on session 4c24f2ba62dc6a195f9b6e8aba03f587 to remote] DEBUG org.apache.http.wire - http-outgoing-7 << "Content-Length:45506[\r][\n]"
14:22:42.555 [Forwarding getPageSource on session 4c24f2ba62dc6a195f9b6e8aba03f587 to remote] DEBUG org.apache.http.wire - http-outgoing-7 << "Content-Type:application/json; charset=utf-8[\r][\n]"
14:22:42.555 [Forwarding getPageSource on session 4c24f2ba62dc6a195f9b6e8aba03f587 to remote] DEBUG org.apache.http.wire - http-outgoing-7 << "Connection:close[\r][\n]"
14:22:42.555 [Forwarding getPageSource on session 4c24f2ba62dc6a195f9b6e8aba03f587 to remote] DEBUG org.apache.http.wire - http-outgoing-7 << "[\r][\n]"
14:22:42.556 [Forwarding getPageSource on session 4c24f2ba62dc6a195f9b6e8aba03f587 to remote] DEBUG org.apache.http.wire - http-outgoing-7 << "{"sessionId":"4c24f2ba62dc6a195f9b6e8aba03f587","status":0,"value":"\u003C!DOCTYPE html>\u003Chtml xmlns=\"http://www.w3.org/1999/xhtml\" class=\"no-js\">\u003Chead>\u003Cstyle type=\"text/css\">@charset \"UTF-8\";[ng\\:cloak],[ng-cloak],[data-ng-cloak],[x-ng-cloak],.ng-cloak,.x-ng-cloak,.ng-hide:not(.ng-hide-animate){display:none !important;}ng\\:form{display:block;}.ng-animate-shim{visibility:hidden;}.ng-anchor{position:absolute;}\u003C/style> \u003Cmeta charset=\"utf-8\" /> \u003Ctitle>\u003C/title> \u003Cmeta name=\"description\" content=\"\" /> \u003Cmeta name=\"viewport\" content=\"width=device-width\" /> \u003Clink rel=\"stylesheet\" href=\"styles/vendor.e0f0f7c2.css\" /> \u003Clink rel=\"stylesheet\" href=\"styles/main.d21d6943.css\" />  \u003C/head>\u003Cbody ng-app=\"vouchersUiApp\" class=\"ng-scope\"> \u003C!--[if lt IE 7]>\n      \u003Cp class=\"browsehappy\">You are using an \u003Cstrong>outdated\u003C/strong> browser. Please \u003Ca href=\"http://browsehappy.com/\">upgrade your browser\u003C/a> to improve your experience.\u003C/p>\n    \u003C![endif]--> \u003Cserver-connection>\u003Cdiv class=\"col-md-12 alert-message\"> \u003C!-- ngRepeat: alert in alerts --> \u003C/div>\u003C/server-connection> \u003C!-- Add your site or application content here --> \u003Cdiv class=\"container\"> \u003C!-- ngView:  -->\u003Cdiv ng-view=\"\" class=\"body ng-scope\">\u003C!-- ngInclude: undefined -->\u003Cng-include src=\"'/views/header.html'\" class=\"ng-scope\">\u003Cdiv class=\"header ng-scope\"> \u003Cul class=\"nav nav-pills pull-right\"> \u003Cli>\u003Ca id=\"campaigns-header\" ng-href=\"#/\" class=\"campaigns\" href=\"#/\">Campaigns\u003C/a>\u003C/li> \u003Cli>\u003Ca id=\"create-campaign-header\" ng-href=\"#/campaign\" class=\"campaign ng-hide\" data-ng-show=\"showCreateCampaign()\" href=\"#/campaign\">Create Campaign\u003C/a>\u003C/li> \u003Cli>\u003Ca id=\"search-vouchers-header\" ng-href=\"#/voucher\" class=\"campaign\" href=\"#/voucher\">Search Vouchers\u003C/a>\u003C/li> \u003Cli>\u003Ca id=\"search-account-header\" ng-href=\"#/account\" class=\"campaign\" href=\"#/account\">Search Account\u003C/a>\u003C/li> \u003C/ul> \u003Ch3>\u003Ca ng-href=\"#/\" href=\"#/\">Voucher Manager\u003C/a>\u003C/h3> \u003C/div>\u003C/ng-include> \u003Cdiv class=\"row name-group ng-scope\"> \u003Cdiv class=\"col-md-12\"> \u003Ch4>Campaign List\u003C/h4> \u003Cform class=\"form-inline search-form ng-pristine ng-valid ng-valid-minlength ng-valid-maxlength\" name=\"nameForm\"> \u003Cdiv class=\"form-group col-md-5\"> \u003Clabel for=\"search-name\">Find\u003C/label> \u003Cinput type=\"text\" ng-model=\"searchName\" delayed-model=\"searchName\" name=\"name\" class=\"form-control ng-pristine ng-untouched ng-valid ng-valid-minlength ng-valid-maxlength\" id=\"search-name\" ng-minlength=\"3\" maxlength=\"50\" placeholder=\"Campaign Name (Minimum 3 characters)\" /> \u003Cspan id=\"searchclear\" class=\"glyphicon glyphicon-remove-circle\" ng-click=\"clearSearchName()\">\u003C/span> \u003C/div> \u003C/form> \u003Cdiv class=\"btn-group pull-right\"> \u003Cbutton type=\"submit\" class=\"btn btn-success\" ng-click=\"exportFilteredList()\">Export Campaign List\u003C/button> \u003C/div> \u003C/div> \u003C/div> \u003Cdiv class=\"row ng-scope\"> \u003Cform class=\"form-inline search-form filter-campaigns ng-pristine ng-valid ng-valid-date\" name=\"searchForm\"> \u003Cdiv class=\"col-md-12 ng-hide\" ng-hide=\"!showFilters\"> \u003Chr /> \u003Cdiv class=\"form-group date-group\"> \u003Clabel for=\"start\">Start Date\u003C/label> \u003Cdiv class=\"dropdown\"> \u003Ca class=\"dropdown-toggle\" id=\"start-dropdown\" role=\"button\" data-toggle=\"dropdown\" data-target=\"#\" href=\"#\" aria-haspopup=\"true\" aria-expanded=\"false\"> \u003Cdiv class=\"input-group\">\u003Cinput type=\"text\" size=\"20\" class=\"form-control ng-pristine ng-untouched ng-valid ng-valid-date\" name=\"start\" id=\"start\" data-ng-model=\"search.start\" ng-change=\"checkFilterDateValidity()\" />\u003Cspan class=\"input-group-addon\">\u003Ci class=\"glyphicon glyphicon-calendar\">\u003C/i>\u003C/span>\u003C/div> \u003C/a> \u003Cul class=\"dropdown-menu\" role=\"menu\" aria-labelledby=\"dLabel\"> \u003Cdiv class=\"datetimepicker table-responsive ng-isolate-scope ng-valid\" data-ng-model=\"search.start\" data-datetimepicker-config=\"{ dropdownSelector: '#start-dropdown', startView:'day', minView:'day' }\" data-on-set-time=\"setStartDate(newDate, oldDate)\">\u003Ctable class=\"table table-striped  day-view\">   \u003Cthead>       \u003Ctr>           \u003Cth class=\"left\" data-ng-click=\"changeView(data.currentView, data.leftDate, $event)\" data-ng-show=\"data.leftDate.selectable\">\u003Ci class=\"glyphicon glyphicon-arrow-left\">\u003C/i>\u003C/th>           \u003Cth class=\"switch ng-binding\" colspan=\"5\" data-ng-show=\"data.previousViewDate.selectable\" data-ng-click=\"changeView(data.previousView, data.previousViewDate, $event)\">2015-Jul\u003C/th>           \u003Cth class=\"right\" data-ng-click=\"changeView(data.currentView, data.rightDate, $event)\" data-ng-show=\"data.rightDate.selectable\">\u003Ci class=\"glyphicon glyphicon-arrow-right\">\u003C/i>\u003C/th>       \u003C/tr>       \u003Ctr>           \u003C!-- ngRepeat: day in data.dayNames -->\u003Cth class=\"dow ng-binding ng-scope\" data-ng-repeat=\"day in data.dayNames\">Su\u003C/th>\u003C!-- end ngRepeat: day in data.dayNames -->\u003Cth class=\"dow ng-binding ng-scope\" data-ng-repeat=\"day in data.dayNames\">Mo\u003C/th>\u003C!-- end ngRepeat: day in data.dayNames -->\u003Cth class=\"dow ng-binding ng-scope\" data-ng-repeat=\"day in data.dayNames\">Tu\u003C/th>\u003C!-- end ngRepeat: day in data.dayNames -->\u003Cth class=\"dow ng-binding ng-scope\" data-ng-repeat=\"day in data.dayNames\">We\u003C/th>\u003C!-- end ngRepeat: day in data.dayNames -->\u003Cth class=\"dow ng-binding ng-scope\" data-ng-repeat=\"day in data.dayNames\">Th\u003C/th>\u003C!-- end ngRepeat: day in data.dayNames -->\u003Cth class=\"dow ng-binding ng-scope\" data-ng-repeat=\"day in data.dayNames\">Fr\u003C/th>\u003C!-- end ngRepeat: day in data.dayNames -->\u003Cth class=\"dow ng-binding ng-scope\" data-ng-repeat=\"day in data.dayNames\">Sa\u003C/th>\u003C!-- end ngRepeat: day in data.dayNames -->       \u003C/tr>   \u003C/thead>   \u003Ctbody>       \u003C!-- ngIf: data.currentView !== 'day' -->       \u003C!-- ngRepeat: week in data.weeks -->\u003C!-- ngIf: data.currentView === 'day' -->\u003Ctr data-ng-if=\"data.currentView === 'day'\" data-ng-repeat=\"week in data.weeks\" class=\"ng-scope\">           \u003C!-- ngRepeat: dateObject in week.dates -->\u003Ctd data-ng-repeat=\"dateObject in week.dates\" data-ng-click=\"changeView(data.nextView, dateObject, $event)\" class=\"day ng-binding ng-scope past\" data-ng-class=\"{active: dateObject.active, past: dateObject.past, future: dateObject.future, disabled: !dateObject.selectable}\">28\u003C/td>\u003C!-- end ngRepeat: dateObject in week.dates -->\u003Ctd data-ng-repeat=\"dateObject in week.dates\" data-ng-click=\"changeView(data.nextView, dateObject, $event)\" class=\"day ng-binding ng-scope past\" data-ng-class=\"{active: dateObject.active, past: dateObject.past, future: dateObject.future, disabled: !dateObject.selectable}\">29\u003C/td>\u003C!-- end ngRepeat: dateObject in week.dates -->\u003Ctd data-ng-repeat=\"dateObject in week.dates\" data-ng-click=\"changeView(data.nextView, dateObject, $event)\" class=\"day ng-binding ng-scope past\" data-ng-class=\"{active: dateObject.active, past: dateObject.past, future: dateObject.future, disabled: !dateObject.selectable}\">30\u003C/td>\u003C!-- end ngRepeat: dateObject in week.dates -->\u003Ctd data-ng-repeat=\"dateObject in week.dates\" data-ng-click=\"changeView(data.nextView, dateObject, $event)\" class=\"day ng-binding ng-scope\" data-ng-class=\"{active: dateObject.active, past: dateObject.past, future: dateObject.future, disabled: !dateObject.selectable}\">1\u003C/td>\u003C!-- end ngRepeat: dateObject in week.dates -->\u003Ctd data-ng-repeat=\"dateObject "
14:22:42.557 [Forwarding getPageSource on session 4c24f2ba62dc6a195f9b6e8aba03f587 to remote] DEBUG org.apache.http.headers - http-outgoing-7 << HTTP/1.1 200 OK
14:22:42.557 [Forwarding getPageSource on session 4c24f2ba62dc6a195f9b6e8aba03f587 to remote] DEBUG org.apache.http.headers - http-outgoing-7 << Content-Length:45506
14:22:42.557 [Forwarding getPageSource on session 4c24f2ba62dc6a195f9b6e8aba03f587 to remote] DEBUG org.apache.http.headers - http-outgoing-7 << Content-Type:application/json; charset=utf-8
14:22:42.557 [Forwarding getPageSource on session 4c24f2ba62dc6a195f9b6e8aba03f587 to remote] DEBUG org.apache.http.headers - http-outgoing-7 << Connection:close
14:22:42.557 [Forwarding getPageSource on session 4c24f2ba62dc6a195f9b6e8aba03f587 to remote] DEBUG org.apache.http.wire - http-outgoing-7 << "in week.dates\" data-ng-click=\"changeView(data.nextView, dateObject, $event)\" class=\"day ng-binding ng-scope\" data-ng-class=\"{active: dateObject.active, past: dateObject.past, future: dateObject.future, disabled: !dateObject.selectable}\">2\u003C/td>\u003C!-- end ngRepeat: dateObject in week.dates -->\u003Ctd data-ng-repeat=\"dateObject in week.dates\" data-ng-click=\"changeView(data.nextView, dateObject, $event)\" class=\"day ng-binding ng-scope\" data-ng-class=\"{active: dateObject.active, past: dateObject.past, future: dateObject.future, disabled: !dateObject.selectable}\">3\u003C/td>\u003C!-- end ngRepeat: dateObject in week.dates -->\u003Ctd data-ng-repeat=\"dateObject in week.dates\" data-ng-click=\"changeView(data.nextView, dateObject, $event)\" class=\"day ng-binding ng-scope\" data-ng-class=\"{active: dateObject.active, past: dateObject.past, future: dateObject.future, disabled: !dateObject.selectable}\">4\u003C/td>\u003C!-- end ngRepeat: dateObject in week.dates -->       \u003C/tr>\u003C!-- end ngIf: data.currentView === 'day' -->\u003C!-- end ngRepeat: week in data.weeks -->\u003C!-- ngIf: data.currentView === 'day' -->\u003Ctr data-ng-if=\"data.currentView === 'day'\" data-ng-repeat=\"week in data.weeks\" class=\"ng-scope\">           \u003C!-- ngRepeat: dateObject in week.dates -->\u003Ctd data-ng-repeat=\"dateObject in week.dates\" data-ng-click=\"changeView(data.nextView, dateObject, $event)\" class=\"day ng-binding ng-scope\" data-ng-class=\"{active: dateObject.active, past: dateObject.past, future: dateObject.future, disabled: !dateObject.selectable}\">5\u003C/td>\u003C!-- end ngRepeat: dateObject in week.dates -->\u003Ctd data-ng-repeat=\"dateObject in week.dates\" data-ng-click=\"changeView(data.nextView, dateObject, $event)\" class=\"day ng-binding ng-scope\" data-ng-class=\"{active: dateObject.active, past: dateObject.past, future: dateObject.future, disabled: !dateObject.selectable}\">6\u003C/td>\u003C!-- end ngRepeat: dateObject in week.dates -->\u003Ctd data-ng-repeat=\"dateObject in week.dates\" data-ng-click=\"changeView(data.nextView, dateObject, $event)\" class=\"day ng-binding ng-scope\" data-ng-class=\"{active: dateObject.active, past: dateObject.past, future: dateObject.future, disabled: !dateObject.selectable}\">7\u003C/td>\u003C!-- end ngRepeat: dateObject in week.dates -->\u003Ctd data-ng-repeat=\"dateObject in week.dates\" data-ng-click=\"changeView(data.nextView, dateObject, $event)\" class=\"day ng-binding ng-scope\" data-ng-class=\"{active: dateObject.active, past: dateObject.past, future: dateObject.future, disabled: !dateObject.selectable}\">8\u003C/td>\u003C!-- end ngRepeat: dateObject in week.dates -->\u003Ctd data-ng-repeat=\"dateObject in week.dates\" data-ng-click=\"changeView(data.nextView, dateObject, $event)\" class=\"day ng-binding ng-scope\" data-ng-class=\"{active: dateObject.active, past: dateObject.past, future: dateObject.future, disabled: !dateObject.selectable}\">9\u003C/td>\u003C!-- end ngRepeat: dateObject in week.dates -->\u003Ctd data-ng-repeat=\"dateObject in week.dates\" data-ng-click=\"changeView(data.nextView, dateObject, $event)\" class=\"day ng-binding ng-scope\" data-ng-class=\"{active: dateObject.active, past: dateObject.past, future: dateObject.future, disabled: !dateObject.selectable}\">10\u003C/td>\u003C!-- end ngRepeat: dateObject in week.dates -->\u003Ctd data-ng-repeat=\"dateObject in week.dates\" data-ng-click=\"changeView(data.nextView, dateObject, $event)\" class=\"day ng-binding ng-scope\" data-ng-class=\"{active: dateObject.active, past: dateObject.past, future: dateObject.future, disabled: !dateObject.selectable}\">11\u003C/td>\u003C!-- end ngRepeat: dateObject in week.dates -->       \u003C/tr>\u003C!-- end ngIf: data.currentView === 'day' -->\u003C!-- end ngRepeat: week in data.weeks -->\u003C!-- ngIf: data.currentView === 'day' -->\u003Ctr data-ng-if=\"data.currentView === 'day'\" data-ng-repeat=\"week in data.weeks\" class=\"ng-scope\">           \u003C!-- ngRepeat: dateObject in week.dates -->\u003Ctd data-ng-repeat=\"dateObject in"
14:22:42.558 [Forwarding getPageSource on session 4c24f2ba62dc6a195f9b6e8aba03f587 to remote] DEBUG org.apache.http.wire - http-outgoing-7 << " week.dates\" data-ng-click=\"changeView(data.nextView, dateObject, $event)\" class=\"day ng-binding ng-scope\" data-ng-class=\"{active: dateObject.active, past: dateObject.past, future: dateObject.future, disabled: !dateObject.selectable}\">12\u003C/td>\u003C!-- end ngRepeat: dateObject in week.dates -->\u003Ctd data-ng-repeat=\"dateObject in week.dates\" data-ng-click=\"changeView(data.nextView, dateObject, $event)\" class=\"day ng-binding ng-scope\" data-ng-class=\"{active: dateObject.active, past: dateObject.past, future: dateObject.future, disabled: !dateObject.selectable}\">13\u003C/td>\u003C!-- end ngRepeat: dateObject in week.dates -->\u003Ctd data-ng-repeat=\"dateObject in week.dates\" data-ng-click=\"changeView(data.nextView, dateObject, $event)\" class=\"day ng-binding ng-scope\" data-ng-class=\"{active: dateObject.active, past: dateObject.past, future: dateObject.future, disabled: !dateObject.selectable}\">14\u003C/td>\u003C!-- end ngRepeat: dateObject in week.dates -->\u003Ctd data-ng-repeat=\"dateObject in week.dates\" data-ng-click=\"changeView(data.nextView, dateObject, $event)\" class=\"day ng-binding ng-scope\" data-ng-class=\"{active: dateObject.active, past: dateObject.past, future: dateObject.future, disabled: !dateObject.selectable}\">15\u003C/td>\u003C!-- end ngRepeat: dateObject in week.dates -->\u003Ctd data-ng-repeat=\"dateObject in week.dates\" data-ng-click=\"changeView(data.nextView, dateObject, $event)\" class=\"day ng-binding ng-scope\" data-ng-class=\"{active: dateObject.active, past: dateObject.past, future: dateObject.future, disabled: !dateObject.selectable}\">16\u003C/td>\u003C!-- end ngRepeat: dateObject in week.dates -->\u003Ctd data-ng-repeat=\"dateObject in week.dates\" data-ng-click=\"changeView(data.nextView, dateObject, $event)\" class=\"day ng-binding ng-scope\" data-ng-class=\"{active: dateObject.active, past: dateObject.past, future: dateObject.future, disabled: !dateObject.selectable}\">17\u003C/td>\u003C!-- end ngRepeat: dateObject in week.dates -->\u003Ctd data-ng-repeat=\"dateObject in week.dates\" data-ng-click=\"changeView(data.nextView, dateObject, $event)\" class=\"day ng-binding ng-scope\" data-ng-class=\"{active: dateObject.active, past: dateObject.past, future: dateObject.future, disabled: !dateObject.selectable}\">18\u003C/td>\u003C!-- end ngRepeat: dateObject in week.dates -->       \u003C/tr>\u003C!-- end ngIf: data.currentView === 'day' -->\u003C!-- end ngRepeat: week in data.weeks -->\u003C!-- ngIf: data.currentView === 'day' -->\u003Ctr data-ng-if=\"data.currentView === 'day'\" data-ng-repeat=\"week in data.weeks\" class=\"ng-scope\">           \u003C!-- ngRepeat: dateObject in week.dates -->\u003Ctd data-ng-repeat=\"dateObject in week.dates\" data-ng-click=\"changeView(data.nextView, dateObject, $event)\" class=\"day ng-binding ng-scope\" data-ng-class=\"{active: dateObject.active, past: dateObject.past, future: dateObject.future, disabled: !dateObject.selectable}\">19\u003C/td>\u003C!-- end ngRepeat: dateObject in week.dates -->\u003Ctd data-ng-repeat=\"dateObject in week.dates\" data-ng-click=\"changeView(data.nextView, dateObject, $event)\" class=\"day ng-binding ng-scope\" data-ng-class=\"{active: dateObject.active, past: dateObject.past, future: dateObject.future, disabled: !dateObject.selectable}\">20\u003C/td>\u003C!-- end ngRepeat: dateObject in week.dates -->\u003Ctd data-ng-repeat=\"dateObject in week.dates\" data-ng-click=\"changeView(data.nextView, dateObject, $event)\" class=\"day ng-binding ng-scope\" data-ng-class=\"{active: dateObject.active, past: dateObject.past, future: dateObject.future, disabled: !dateObject.selectable}\">21\u003C/td>\u003C!-- end ngRepeat: dateObject in week.dates -->\u003Ctd data-ng-repeat=\"dateObject in week.dates\" data-ng-click=\"changeView(data.nextView, dateObject, $event)\" class=\"day ng-binding ng-scope\" data-ng-class=\"{active: dateObject.active, past: dateObject.past, future: dateObject.future, disabled: !dateObject.selectable}\">22\u003C/td>\u003C!-- end ngRepeat: dateObject in week.dates -->\u003Ctd data-"
14:22:42.558 [Forwarding getPageSource on session 4c24f2ba62dc6a195f9b6e8aba03f587 to remote] DEBUG org.apache.http.wire - http-outgoing-7 << "ng-repeat=\"dateObject in week.dates\" data-ng-click=\"changeView(data.nextView, dateObject, $event)\" class=\"day ng-binding ng-scope\" data-ng-class=\"{active: dateObject.active, past: dateObject.past, future: dateObject.future, disabled: !dateObject.selectable}\">23\u003C/td>\u003C!-- end ngRepeat: dateObject in week.dates -->\u003Ctd data-ng-repeat=\"dateObject in week.dates\" data-ng-click=\"changeView(data.nextView, dateObject, $event)\" class=\"day ng-binding ng-scope\" data-ng-class=\"{active: dateObject.active, past: dateObject.past, future: dateObject.future, disabled: !dateObject.selectable}\">24\u003C/td>\u003C!-- end ngRepeat: dateObject in week.dates -->\u003Ctd data-ng-repeat=\"dateObject in week.dates\" data-ng-click=\"changeView(data.nextView, dateObject, $event)\" class=\"day ng-binding ng-scope\" data-ng-class=\"{active: dateObject.active, past: dateObject.past, future: dateObject.future, disabled: !dateObject.selectable}\">25\u003C/td>\u003C!-- end ngRepeat: dateObject in week.dates -->       \u003C/tr>\u003C!-- end ngIf: data.currentView === 'day' -->\u003C!-- end ngRepeat: week in data.weeks -->\u003C!-- ngIf: data.currentView === 'day' -->\u003Ctr data-ng-if=\"data.currentView === 'day'\" data-ng-repeat=\"week in data.weeks\" class=\"ng-scope\">           \u003C!-- ngRepeat: dateObject in week.dates -->\u003Ctd data-ng-repeat=\"dateObject in week.dates\" data-ng-click=\"changeView(data.nextView, dateObject, $event)\" class=\"day ng-binding ng-scope\" data-ng-class=\"{active: dateObject.active, past: dateObject.past, future: dateObject.future, disabled: !dateObject.selectable}\">26\u003C/td>\u003C!-- end ngRepeat: dateObject in week.dates -->\u003Ctd data-ng-repeat=\"dateObject in week.dates\" data-ng-click=\"changeView(data.nextView, dateObject, $event)\" class=\"day ng-binding ng-scope\" data-ng-class=\"{active: dateObject.active, past: dateObject.past, future: dateObject.future, disabled: !dateObject.selectable}\">27\u003C/td>\u003C!-- end ngRepeat: dateObject in week.dates -->\u003Ctd data-ng-repeat=\"dateObject in week.dates\" data-ng-click=\"changeView(data.nextView, dateObject, $event)\" class=\"day ng-binding ng-scope\" data-ng-class=\"{active: dateObject.active, past: dateObject.past, future: dateObject.future, disabled: !dateObject.selectable}\">28\u003C/td>\u003C!-- end ngRepeat: dateObject in week.dates -->\u003Ctd data-ng-repeat=\"dateObject in week.dates\" data-ng-click=\"changeView(data.nextView, dateObject, $event)\" class=\"day ng-binding ng-scope\" data-ng-class=\"{active: dateObject.active, past: dateObject.past, future: dateObject.future, disabled: !dateObject.selectable}\">29\u003C/td>\u003C!-- end ngRepeat: dateObject in week.dates -->\u003Ctd data-ng-repeat=\"dateObject in week.dates\" data-ng-click=\"changeView(data.nextView, dateObject, $event)\" class=\"day ng-binding ng-scope\" data-ng-class=\"{active: dateObject.active, past: dateObject.past, future: dateObject.future, disabled: !dateObject.selectable}\">30\u003C/td>\u003C!-- end ngRepeat: dateObject in week.dates -->\u003Ctd data-ng-repeat=\"dateObject in week.dates\" data-ng-click=\"changeView(data.nextView, dateObject, $event)\" class=\"day ng-binding ng-scope\" data-ng-class=\"{active: dateObject.active, past: dateObject.past, future: dateObject.future, disabled: !dateObject.selectable}\">31\u003C/td>\u003C!-- end ngRepeat: dateObject in week.dates -->\u003Ctd data-ng-repeat=\"dateObject in week.dates\" data-ng-click=\"changeView(data.nextView, dateObject, $event)\" class=\"day ng-binding ng-scope future\" data-ng-class=\"{active: dateObject.active, past: dateObject.past, future: dateObject.future, disabled: !dateObject.selectable}\">1\u003C/td>\u003C!-- end ngRepeat: dateObject in week.dates -->       \u003C/tr>\u003C!-- end ngIf: data.currentView === 'day' -->\u003C!-- end ngRepeat: week in data.weeks -->\u003C!-- ngIf: data.currentView === 'day' -->\u003Ctr data-ng-if=\"data.currentView === 'day'\" data-ng-repeat=\"week in data.weeks\" class=\"ng-scope\">           \u003C!-- ngRepeat: dateObject in week.dates -->\u"
14:22:42.559 [Forwarding getPageSource on session 4c24f2ba62dc6a195f9b6e8aba03f587 to remote] DEBUG org.apache.http.wire - http-outgoing-7 << "003Ctd data-ng-repeat=\"dateObject in week.dates\" data-ng-click=\"changeView(data.nextView, dateObject, $event)\" class=\"day ng-binding ng-scope future\" data-ng-class=\"{active: dateObject.active, past: dateObject.past, future: dateObject.future, disabled: !dateObject.selectable}\">2\u003C/td>\u003C!-- end ngRepeat: dateObject in week.dates -->\u003Ctd data-ng-repeat=\"dateObject in week.dates\" data-ng-click=\"changeView(data.nextView, dateObject, $event)\" class=\"day ng-binding ng-scope future\" data-ng-class=\"{active: dateObject.active, past: dateObject.past, future: dateObject.future, disabled: !dateObject.selectable}\">3\u003C/td>\u003C!-- end ngRepeat: dateObject in week.dates -->\u003Ctd data-ng-repeat=\"dateObject in week.dates\" data-ng-click=\"changeView(data.nextView, dateObject, $event)\" class=\"day ng-binding ng-scope future\" data-ng-class=\"{active: dateObject.active, past: dateObject.past, future: dateObject.future, disabled: !dateObject.selectable}\">4\u003C/td>\u003C!-- end ngRepeat: dateObject in week.dates -->\u003Ctd data-ng-repeat=\"dateObject in week.dates\" data-ng-click=\"changeView(data.nextView, dateObject, $event)\" class=\"day ng-binding ng-scope future\" data-ng-class=\"{active: dateObject.active, past: dateObject.past, future: dateObject.future, disabled: !dateObject.selectable}\">5\u003C/td>\u003C!-- end ngRepeat: dateObject in week.dates -->\u003Ctd data-ng-repeat=\"dateObject in week.dates\" data-ng-click=\"changeView(data.nextView, dateObject, $event)\" class=\"day ng-binding ng-scope future\" data-ng-class=\"{active: dateObject.active, past: dateObject.past, future: dateObject.future, disabled: !dateObject.selectable}\">6\u003C/td>\u003C!-- end ngRepeat: dateObject in week.dates -->\u003Ctd data-ng-repeat=\"dateObject in week.dates\" data-ng-click=\"changeView(data.nextView, dateObject, $event)\" class=\"day ng-binding ng-scope future\" data-ng-class=\"{active: dateObject.active, past: dateObject.past, future: dateObject.future, disabled: !dateObject.selectable}\">7\u003C/td>\u003C!-- end ngRepeat: dateObject in week.dates -->\u003Ctd data-ng-repeat=\"dateObject in week.dates\" data-ng-click=\"changeView(data.nextView, dateObject, $event)\" class=\"day ng-binding ng-scope future\" data-ng-class=\"{active: dateObject.active, past: dateObject.past, future: dateObject.future, disabled: !dateObject.selectable}\">8\u003C/td>\u003C!-- end ngRepeat: dateObject in week.dates -->       \u003C/tr>\u003C!-- end ngIf: data.currentView === 'day' -->\u003C!-- end ngRepeat: week in data.weeks -->   \u003C/tbody>\u003C/table>\u003C/div>\u003C/ul> \u003C/div> \u003C/div> \u003Cdiv class=\"form-group date-group\"> \u003Clabel for=\"end\">End Date\u003C/label> \u003Cdiv class=\"dropdown\"> \u003Ca class=\"dropdown-toggle\" id=\"end-dropdown\" role=\"button\" data-toggle=\"dropdown\" data-target=\"#\" href=\"#\" aria-haspopup=\"true\" aria-expanded=\"false\"> \u003Cdiv class=\"input-group\">\u003Cinput type=\"text\" size=\"20\" class=\"form-control ng-pristine ng-untouched ng-valid ng-valid-date\" name=\"end\" id=\"end\" data-ng-model=\"search.end\" ng-change=\"checkFilterDateValidity()\" />\u003Cspan class=\"input-group-addon\">\u003Ci class=\"glyphicon glyphicon-calendar\">\u003C/i>\u003C/span>\u003C/div> \u003C/a> \u003Cul class=\"dropdown-menu\" role=\"menu\" aria-labelledby=\"dLabel\"> \u003Cdiv class=\"datetimepicker table-responsive ng-isolate-scope ng-valid\" data-ng-model=\"search.end\" data-datetimepicker-config=\"{ dropdownSelector: '#end-dropdown', startView:'day', minView:'day' }\" data-on-set-time=\"setEndDate(newDate, oldDate)\">\u003Ctable class=\"table table-striped  day-view\">   \u003Cthead>       \u003Ctr>           \u003Cth class=\"left\" data-ng-click=\"changeView(data.currentView, data.leftDate, $event)\" data-ng-show=\"data.leftDate.selectable\">\u003Ci class=\"glyphicon glyphicon-arrow-left\">\u003C/i>\u003C/th>           \u003Cth class=\"switch ng-binding\" colspan=\"5\" data-ng-show=\"data.previousViewDate.selectable\" data-ng-click=\"changeView(data.previousView, data.pre"
14:22:42.559 [Forwarding getPageSource on session 4c24f2ba62dc6a195f9b6e8aba03f587 to remote] DEBUG org.apache.http.wire - http-outgoing-7 << "viousViewDate, $event)\">2015-Jul\u003C/th>           \u003Cth class=\"right\" data-ng-click=\"changeView(data.currentView, data.rightDate, $event)\" data-ng-show=\"data.rightDate.selectable\">\u003Ci class=\"glyphicon glyphicon-arrow-right\">\u003C/i>\u003C/th>       \u003C/tr>       \u003Ctr>           \u003C!-- ngRepeat: day in data.dayNames -->\u003Cth class=\"dow ng-binding ng-scope\" data-ng-repeat=\"day in data.dayNames\">Su\u003C/th>\u003C!-- end ngRepeat: day in data.dayNames -->\u003Cth class=\"dow ng-binding ng-scope\" data-ng-repeat=\"day in data.dayNames\">Mo\u003C/th>\u003C!-- end ngRepeat: day in data.dayNames -->\u003Cth class=\"dow ng-binding ng-scope\" data-ng-repeat=\"day in data.dayNames\">Tu\u003C/th>\u003C!-- end ngRepeat: day in data.dayNames -->\u003Cth class=\"dow ng-binding ng-scope\" data-ng-repeat=\"day in data.dayNames\">We\u003C/th>\u003C!-- end ngRepeat: day in data.dayNames -->\u003Cth class=\"dow ng-binding ng-scope\" data-ng-repeat=\"day in data.dayNames\">Th\u003C/th>\u003C!-- end ngRepeat: day in data.dayNames -->\u003Cth class=\"dow ng-binding ng-scope\" data-ng-repeat=\"day in data.dayNames\">Fr\u003C/th>\u003C!-- end ngRepeat: day in data.dayNames -->\u003Cth class=\"dow ng-binding ng-scope\" data-ng-repeat=\"day in data.dayNames\">Sa\u003C/th>\u003C!-- end ngRepeat: day in data.dayNames -->       \u003C/tr>   \u003C/thead>   \u003Ctbody>       \u003C!-- ngIf: data.currentView !== 'day' -->       \u003C!-- ngRepeat: week in data.weeks -->\u003C!-- ngIf: data.currentView === 'day' -->\u003Ctr data-ng-if=\"data.currentView === 'day'\" data-ng-repeat=\"week in data.weeks\" class=\"ng-scope\">           \u003C!-- ngRepeat: dateObject in week.dates -->\u003Ctd data-ng-repeat=\"dateObject in week.dates\" data-ng-click=\"changeView(data.nextView, dateObject, $event)\" class=\"day ng-binding ng-scope past\" data-ng-class=\"{active: dateObject.active, past: dateObject.past, future: dateObject.future, disabled: !dateObject.selectable}\">28\u003C/td>\u003C!-- end ngRepeat: dateObject in week.dates -->\u003Ctd data-ng-repeat=\"dateObject in week.dates\" data-ng-click=\"changeView(data.nextView, dateObject, $event)\" class=\"day ng-binding ng-scope past\" data-ng-class=\"{active: dateObject.active, past: dateObject.past, future: dateObject.future, disabled: !dateObject.selectable}\">29\u003C/td>\u003C!-- end ngRepeat: dateObject in week.dates -->\u003Ctd data-ng-repeat=\"dateObject in week.dates\" data-ng-click=\"changeView(data.nextView, dateObject, $event)\" class=\"day ng-binding ng-scope past\" data-ng-class=\"{active: dateObject.active, past: dateObject.past, future: dateObject.future, disabled: !dateObject.selectable}\">30\u003C/td>\u003C!-- end ngRepeat: dateObject in week.dates -->\u003Ctd data-ng-repeat=\"dateObject in week.dates\" data-ng-click=\"changeView(data.nextView, dateObject, $event)\" class=\"day ng-binding ng-scope\" data-ng-class=\"{active: dateObject.active, past: dateObject.past, future: dateObject.future, disabled: !dateObject.selectable}\">1\u003C/td>\u003C!-- end ngRepeat: dateObject in week.dates -->\u003Ctd data-ng-repeat=\"dateObject in week.dates\" data-ng-click=\"changeView(data.nextView, dateObject, $event)\" class=\"day ng-binding ng-scope\" data-ng-class=\"{active: dateObject.active, past: dateObject.past, future: dateObject.future, disabled: !dateObject.selectable}\">2\u003C/td>\u003C!-- end ngRepeat: dateObject in week.dates -->\u003Ctd data-ng-repeat=\"dateObject in week.dates\" data-ng-click=\"changeView(data.nextView, dateObject, $event)\" class=\"day ng-binding ng-scope\" data-ng-class=\"{active: dateObject.active, past: dateObject.past, future: dateObject.future, disabled: !dateObject.selectable}\">3\u003C/td>\u003C!-- end ngRepeat: dateObject in week.dates -->\u003Ctd data-ng-repeat=\"dateObject in week.dates\" data-ng-click=\"changeView(data.nextView, dateObject, $event)\" class=\"day ng-binding ng-scope\" data-ng-class=\"{active: dateObject.active, past: dateObject.past, future: dateObject.future, disabled: !dateObject.selectable}\">4\u003C/td>\u003C!-"
14:22:42.560 [Forwarding getPageSource on session 4c24f2ba62dc6a195f9b6e8aba03f587 to remote] DEBUG org.apache.http.wire - http-outgoing-7 << "- end ngRepeat: dateObject in week.dates -->       \u003C/tr>\u003C!-- end ngIf: data.currentView === 'day' -->\u003C!-- end ngRepeat: week in data.weeks -->\u003C!-- ngIf: data.currentView === 'day' -->\u003Ctr data-ng-if=\"data.currentView === 'day'\" data-ng-repeat=\"week in data.weeks\" class=\"ng-scope\">           \u003C!-- ngRepeat: dateObject in week.dates -->\u003Ctd data-ng-repeat=\"dateObject in week.dates\" data-ng-click=\"changeView(data.nextView, dateObject, $event)\" class=\"day ng-binding ng-scope\" data-ng-class=\"{active: dateObject.active, past: dateObject.past, future: dateObject.future, disabled: !dateObject.selectable}\">5\u003C/td>\u003C!-- end ngRepeat: dateObject in week.dates -->\u003Ctd data-ng-repeat=\"dateObject in week.dates\" data-ng-click=\"changeView(data.nextView, dateObject, $event)\" class=\"day ng-binding ng-scope\" data-ng-class=\"{active: dateObject.active, past: dateObject.past, future: dateObject.future, disabled: !dateObject.selectable}\">6\u003C/td>\u003C!-- end ngRepeat: dateObject in week.dates -->\u003Ctd data-ng-repeat=\"dateObject in week.dates\" data-ng-click=\"changeView(data.nextView, dateObject, $event)\" class=\"day ng-binding ng-scope\" data-ng-class=\"{active: dateObject.active, past: dateObject.past, future: dateObject.future, disabled: !dateObject.selectable}\">7\u003C/td>\u003C!-- end ngRepeat: dateObject in week.dates -->\u003Ctd data-ng-repeat=\"dateObject in week.dates\" data-ng-click=\"changeView(data.nextView, dateObject, $event)\" class=\"day ng-binding ng-scope\" data-ng-class=\"{active: dateObject.active, past: dateObject.past, future: dateObject.future, disabled: !dateObject.selectable}\">8\u003C/td>\u003C!-- end ngRepeat: dateObject in week.dates -->\u003Ctd data-ng-repeat=\"dateObject in week.dates\" data-ng-click=\"changeView(data.nextView, dateObject, $event)\" class=\"day ng-binding ng-scope\" data-ng-class=\"{active: dateObject.active, past: dateObject.past, future: dateObject.future, disabled: !dateObject.selectable}\">9\u003C/td>\u003C!-- end ngRepeat: dateObject in week.dates -->\u003Ctd data-ng-repeat=\"dateObject in week.dates\" data-ng-click=\"changeView(data.nextView, dateObject, $event)\" class=\"day ng-binding ng-scope\" data-ng-class=\"{active: dateObject.active, past: dateObject.past, future: dateObject.future, disabled: !dateObject.selectable}\">10\u003C/td>\u003C!-- end ngRepeat: dateObject in week.dates -->\u003Ctd data-ng-repeat=\"dateObject in week.dates\" data-ng-click=\"changeView(data.nextView, dateObject, $event)\" class=\"day ng-binding ng-scope\" data-ng-class=\"{active: dateObject.active, past: dateObject.past, future: dateObject.future, disabled: !dateObject.selectable}\">11\u003C/td>\u003C!-- end ngRepeat: dateObject in week.dates -->       \u003C/tr>\u003C!-- end ngIf: data.currentView === 'day' -->\u003C!-- end ngRepeat: week in data.weeks -->\u003C!-- ngIf: data.currentView === 'day' -->\u003Ctr data-ng-if=\"data.currentView === 'day'\" data-ng-repeat=\"week in data.weeks\" class=\"ng-scope\">           \u003C!-- ngRepeat: dateObject in week.dates -->\u003Ctd data-ng-repeat=\"dateObject in week.dates\" data-ng-click=\"changeView(data.nextView, dateObject, $event)\" class=\"day ng-binding ng-scope\" data-ng-class=\"{active: dateObject.active, past: dateObject.past, future: dateObject.future, disabled: !dateObject.selectable}\">12\u003C/td>\u003C!-- end ngRepeat: dateObject in week.dates -->\u003Ctd data-ng-repeat=\"dateObject in week.dates\" data-ng-click=\"changeView(data.nextView, dateObject, $event)\" class=\"day ng-binding ng-scope\" data-ng-class=\"{active: dateObject.active, past: dateObject.past, future: dateObject.future, disabled: !dateObject.selectable}\">13\u003C/td>\u003C!-- end ngRepeat: dateObject in week.dates -->\u003Ctd data-ng-repeat=\"dateObject in week.dates\" data-ng-click=\"changeView(data.nextView, dateObject, $event)\" class=\"day ng-binding ng-scope\" data-ng-class=\"{active: dateObject.active, past: dateObject.past, future: dateObject.future, disabled: !dateObject.selectable}\">14\u003C/td>\u003C!"
14:22:42.560 [Forwarding getPageSource on session 4c24f2ba62dc6a195f9b6e8aba03f587 to remote] DEBUG org.apache.http.wire - http-outgoing-7 << "-- end ngRepeat: dateObject in week.dates -->\u003Ctd data-ng-repeat=\"dateObject in week.dates\" data-ng-click=\"changeView(data.nextView, dateObject, $event)\" class=\"day ng-binding ng-scope\" data-ng-class=\"{active: dateObject.active, past: dateObject.past, future: dateObject.future, disabled: !dateObject.selectable}\">15\u003C/td>\u003C!-- end ngRepeat: dateObject in week.dates -->\u003Ctd data-ng-repeat=\"dateObject in week.dates\" data-ng-click=\"changeView(data.nextView, dateObject, $event)\" class=\"day ng-binding ng-scope\" data-ng-class=\"{active: dateObject.active, past: dateObject.past, future: dateObject.future, disabled: !dateObject.selectable}\">16\u003C/td>\u003C!-- end ngRepeat: dateObject in week.dates -->\u003Ctd data-ng-repeat=\"dateObject in week.dates\" data-ng-click=\"changeView(data.nextView, dateObject, $event)\" class=\"day ng-binding ng-scope\" data-ng-class=\"{active: dateObject.active, past: dateObject.past, future: dateObject.future, disabled: !dateObject.selectable}\">17\u003C/td>\u003C!-- end ngRepeat: dateObject in week.dates -->\u003Ctd data-ng-repeat=\"dateObject in week.dates\" data-ng-click=\"changeView(data.nextView, dateObject, $event)\" class=\"day ng-binding ng-scope\" data-ng-class=\"{active: dateObject.active, past: dateObject.past, future: dateObject.future, disabled: !dateObject.selectable}\">18\u003C/td>\u003C!-- end ngRepeat: dateObject in week.dates -->       \u003C/tr>\u003C!-- end ngIf: data.currentView === 'day' -->\u003C!-- end ngRepeat: week in data.weeks -->\u003C!-- ngIf: data.currentView === 'day' -->\u003Ctr data-ng-if=\"data.currentView === 'day'\" data-ng-repeat=\"week in data.weeks\" class=\"ng-scope\">           \u003C!-- ngRepeat: dateObject in week.dates -->\u003Ctd data-ng-repeat=\"dateObject in week.dates\" data-ng-click=\"changeView(data.nextView, dateObject, $event)\" class=\"day ng-binding ng-scope\" data-ng-class=\"{active: dateObject.active, past: dateObject.past, future: dateObject.future, disabled: !dateObject.selectable}\">19\u003C/td>\u003C!-- end ngRepeat: dateObject in week.dates -->\u003Ctd data-ng-repeat=\"dateObject in week.dates\" data-ng-click=\"changeView(data.nextView, dateObject, $event)\" class=\"day ng-binding ng-scope\" data-ng-class=\"{active: dateObject.active, past: dateObject.past, future: dateObject.future, disabled: !dateObject.selectable}\">20\u003C/td>\u003C!-- end ngRepeat: dateObject in week.dates -->\u003Ctd data-ng-repeat=\"dateObject in week.dates\" data-ng-click=\"changeView(data.nextView, dateObject, $event)\" class=\"day ng-binding ng-scope\" data-ng-class=\"{active: dateObject.active, past: dateObject.past, future: dateObject.future, disabled: !dateObject.selectable}\">21\u003C/td>\u003C!-- end ngRepeat: dateObject in week.dates -->\u003Ctd data-ng-repeat=\"dateObject in week.dates\" data-ng-click=\"changeView(data.nextView, dateObject, $event)\" class=\"day ng-binding ng-scope\" data-ng-class=\"{active: dateObject.active, past: dateObject.past, future: dateObject.future, disabled: !dateObject.selectable}\">22\u003C/td>\u003C!-- end ngRepeat: dateObject in week.dates -->\u003Ctd data-ng-repeat=\"dateObject in week.dates\" data-ng-click=\"changeView(data.nextView, dateObject, $event)\" class=\"day ng-binding ng-scope\" data-ng-class=\"{active: dateObject.active, past: dateObject.past, future: dateObject.future, disabled: !dateObject.selectable}\">23\u003C/td>\u003C!-- end ngRepeat: dateObject in week.dates -->\u003Ctd data-ng-repeat=\"dateObject in week.dates\" data-ng-click=\"changeView(data.nextView, dateObject, $event)\" class=\"day ng-binding ng-scope\" data-ng-class=\"{active: dateObject.active, past: dateObject.past, future: dateObject.future, disabled: !dateObject.selectable}\">24\u003C/td>\u003C!-- end ngRepeat: dateObject in week.dates -->\u003Ctd data-ng-repeat=\"dateObject in week.dates\" data-ng-click=\"changeView(data.nextView, dateObject, $event)\" class=\"day ng-binding ng-scope\" data-ng-class=\"{active: dateObject.active, past: dateObject.past, future: dateObject.future, disabled: !dateObject.selectab"
14:22:42.561 [Forwarding getPageSource on session 4c24f2ba62dc6a195f9b6e8aba03f587 to remote] DEBUG org.apache.http.wire - http-outgoing-7 << "le}\">25\u003C/td>\u003C!-- end ngRepeat: dateObject in week.dates -->       \u003C/tr>\u003C!-- end ngIf: data.currentView === 'day' -->\u003C!-- end ngRepeat: week in data.weeks -->\u003C!-- ngIf: data.currentView === 'day' -->\u003Ctr data-ng-if=\"data.currentView === 'day'\" data-ng-repeat=\"week in data.weeks\" class=\"ng-scope\">           \u003C!-- ngRepeat: dateObject in week.dates -->\u003Ctd data-ng-repeat=\"dateObject in week.dates\" data-ng-click=\"changeView(data.nextView, dateObject, $event)\" class=\"day ng-binding ng-scope\" data-ng-class=\"{active: dateObject.active, past: dateObject.past, future: dateObject.future, disabled: !dateObject.selectable}\">26\u003C/td>\u003C!-- end ngRepeat: dateObject in week.dates -->\u003Ctd data-ng-repeat=\"dateObject in week.dates\" data-ng-click=\"changeView(data.nextView, dateObject, $event)\" class=\"day ng-binding ng-scope\" data-ng-class=\"{active: dateObject.active, past: dateObject.past, future: dateObject.future, disabled: !dateObject.selectable}\">27\u003C/td>\u003C!-- end ngRepeat: dateObject in week.dates -->\u003Ctd data-ng-repeat=\"dateObject in week.dates\" data-ng-click=\"changeView(data.nextView, dateObject, $event)\" class=\"day ng-binding ng-scope\" data-ng-class=\"{active: dateObject.active, past: dateObject.past, future: dateObject.future, disabled: !dateObject.selectable}\">28\u003C/td>\u003C!-- end ngRepeat: dateObject in week.dates -->\u003Ctd data-ng-repeat=\"dateObject in week.dates\" data-ng-click=\"changeView(data.nextView, dateObject, $event)\" class=\"day ng-binding ng-scope\" data-ng-class=\"{active: dateObject.active, past: dateObject.past, future: dateObject.future, disabled: !dateObject.selectable}\">29\u003C/td>\u003C!-- end ngRepeat: dateObject in week.dates -->\u003Ctd data-ng-repeat=\"dateObject in week.dates\" data-ng-click=\"changeView(data.nextView, dateObject, $event)\" class=\"day ng-binding ng-scope\" data-ng-class=\"{active: dateObject.active, past: dateObject.past, future: dateObject.future, disabled: !dateObject.selectable}\">30\u003C/td>\u003C!-- end ngRepeat: dateObject in week.dates -->\u003Ctd data-ng-repeat=\"dateObject in week.dates\" data-ng-click=\"changeView(data.nextView, dateObject, $event)\" class=\"day ng-binding ng-scope\" data-ng-class=\"{active: dateObject.active, past: dateObject.past, future: dateObject.future, disabled: !dateObject.selectable}\">31\u003C/td>\u003C!-- end ngRepeat: dateObject in week.dates -->\u003Ctd data-ng-repeat=\"dateObject in week.dates\" data-ng-click=\"changeView(data.nextView, dateObject, $event)\" class=\"day ng-binding ng-scope future\" data-ng-class=\"{active: dateObject.active, past: dateObject.past, future: dateObject.future, disabled: !dateObject.selectable}\">1\u003C/td>\u003C!-- end ngRepeat: dateObject in week.dates -->       \u003C/tr>\u003C!-- end ngIf: data.currentView === 'day' -->\u003C!-- end ngRepeat: week in data.weeks -->\u003C!-- ngIf: data.currentView === 'day' -->\u003Ctr data-ng-if=\"data.currentView === 'day'\" data-ng-repeat=\"week in data.weeks\" class=\"ng-scope\">           \u003C!-- ngRepeat: dateObject in week.dates -->\u003Ctd data-ng-repeat=\"dateObject in week.dates\" data-ng-click=\"changeView(data.nextView, dateObject, $event)\" class=\"day ng-binding ng-scope future\" data-ng-class=\"{active: dateObject.active, past: dateObject.past, future: dateObject.future, disabled: !dateObject.selectable}\">2\u003C/td>\u003C!-- end ngRepeat: dateObject in week.dates -->\u003Ctd data-ng-repeat=\"dateObject in week.dates\" data-ng-click=\"changeView(data.nextView, dateObject, $event)\" class=\"day ng-binding ng-scope future\" data-ng-class=\"{active: dateObject.active, past: dateObject.past, future: dateObject.future, disabled: !dateObject.selectable}\">3\u003C/td>\u003C!-- end ngRepeat: dateObject in week.dates -->\u003Ctd data-ng-repeat=\"dateObject in week.dates\" data-ng-click=\"changeView(data.nextView, dateObject, $event)\" class=\"day ng-binding ng-scope future\" data-ng-class=\"{active: dateObject.active, past: dateObject.past, future: dateObject.future,"
14:22:42.562 [Forwarding getPageSource on session 4c24f2ba62dc6a195f9b6e8aba03f587 to remote] DEBUG org.apache.http.wire - http-outgoing-7 << " disabled: !dateObject.selectable}\">4\u003C/td>\u003C!-- end ngRepeat: dateObject in week.dates -->\u003Ctd data-ng-repeat=\"dateObject in week.dates\" data-ng-click=\"changeView(data.nextView, dateObject, $event)\" class=\"day ng-binding ng-scope future\" data-ng-class=\"{active: dateObject.active, past: dateObject.past, future: dateObject.future, disabled: !dateObject.selectable}\">5\u003C/td>\u003C!-- end ngRepeat: dateObject in week.dates -->\u003Ctd data-ng-repeat=\"dateObject in week.dates\" data-ng-click=\"changeView(data.nextView, dateObject, $event)\" class=\"day ng-binding ng-scope future\" data-ng-class=\"{active: dateObject.active, past: dateObject.past, future: dateObject.future, disabled: !dateObject.selectable}\">6\u003C/td>\u003C!-- end ngRepeat: dateObject in week.dates -->\u003Ctd data-ng-repeat=\"dateObject in week.dates\" data-ng-click=\"changeView(data.nextView, dateObject, $event)\" class=\"day ng-binding ng-scope future\" data-ng-class=\"{active: dateObject.active, past: dateObject.past, future: dateObject.future, disabled: !dateObject.selectable}\">7\u003C/td>\u003C!-- end ngRepeat: dateObject in week.dates -->\u003Ctd data-ng-repeat=\"dateObject in week.dates\" data-ng-click=\"changeView(data.nextView, dateObject, $event)\" class=\"day ng-binding ng-scope future\" data-ng-class=\"{active: dateObject.active, past: dateObject.past, future: dateObject.future, disabled: !dateObject.selectable}\">8\u003C/td>\u003C!-- end ngRepeat: dateObject in week.dates -->       \u003C/tr>\u003C!-- end ngIf: data.currentView === 'day' -->\u003C!-- end ngRepeat: week in data.weeks -->   \u003C/tbody>\u003C/table>\u003C/div>\u003C/ul> \u003C/div> \u003C/div> \u003Cdiv class=\"form-group\"> \u003Clabel>Status\u003C/label> \u003Cselect id=\"status\" class=\"form-control ng-pristine ng-untouched ng-valid\" data-ng-model=\"search.active\"> \u003Coption name=\"All\" value=\"\">All \u003C/option>\u003Coption name=\"Active\" value=\"true\">Active \u003C/option>\u003Coption name=\"Inactive\" value=\"false\">Inactive \u003C/option>\u003C/select> \u003C/div> \u003Cdiv class=\"form-group\"> \u003Clabel for=\"type\">Type\u003C/label> \u003Cselect id=\"type\" name=\"search.type\" class=\"form-control ng-pristine ng-untouched ng-valid\" ng-model=\"search.type\" ng-options=\"campaignType.key as campaignType.value for campaignType in campaignTypes\">\u003Coption value=\"string:\" label=\"All\" selected=\"selected\">All\u003C/option>\u003Coption value=\"string:PROMO_CODE\" label=\"Promo Code\">Promo Code\u003C/option>\u003Coption value=\"string:SINGLE_USE_TRANSFERABLE\" label=\"Single Use Transferable\">Single Use Transferable\u003C/option>\u003Coption value=\"string:SINGLE_USE_NON_TRANSFERABLE\" label=\"Single Use Non-Transferable\">Single Use Non-Transferable\u003C/option>\u003Coption value=\"string:GIFTING\" label=\"Gifting\">Gifting\u003C/option>\u003C/select> \u003C/div> \u003Cdiv class=\"form-group buttons\"> \u003Cbutton type=\"submit\" class=\"btn btn-primary filter\" ng-click=\"searchForm.$valid &amp;&amp; updateFilter()\" ng-disabled=\"!searchForm.$valid\">Filter Campaigns \u003C/button> \u003Cbutton type=\"submit\" class=\"btn btn-default clear\" ng-click=\"clearFilter()\">Clear Filter\u003C/button> \u003C/div> \u003Cdiv class=\"clear\">\u003C/div> \u003C/div> \u003C/form> \u003C/div> \u003Cdiv class=\"row ng-scope\"> \u003Cdiv class=\"col-md-12\"> \u003Ca style=\"cursor: pointer\" ng-click=\"showFilters=!showFilters\" class=\"ng-binding\">Show Advanced Filters\u003C/a> \u003C/div> \u003C/div> \u003Cdiv class=\"row ng-scope\"> \u003Cdiv class=\"col-md-12\"> \u003Ctable class=\"table campaign-list\" id=\"campaign-list\"> \u003Cthead> \u003Ctr> \u003Cth>Name \u003C/th>\u003Cth>State \u003C/th>\u003Cth>Type \u003C/th>\u003Cth>Start \u003C/th>\u003Cth>End \u003C/th>\u003Cth>Vouchers \u003C/th>\u003Cth>Redemption Cap \u003C/th>\u003Cth>Redeemed   \u003C/th>\u003C/tr>\u003C/thead>\u003Ctbody> \u003C!-- ngRepeat: campaign in campaigns | itemsPerPage: 25 -->\u003C/tbody>\u003C/table> \u003C/div> \u003C/div> \u003Cdiv dir-paginati"
14:22:42.562 [Forwarding getPageSource on session 4c24f2ba62dc6a195f9b6e8aba03f587 to remote] DEBUG org.apache.http.wire - http-outgoing-7 << "on-controls=\"\" class=\"col-lg-12 paginationList ng-scope ng-isolate-scope\" on-page-change=\"pageChanged(newPageNumber)\">\u003C!-- ngIf: 1 \u003C pages.length -->\u003C/div>\u003C/div> \u003Cdiv class=\"footer\">\u003C/div> \u003C/div> \u003C!--[if lt IE 9]>\n    \u003Cscript src=\"scripts/ie-include.b163eea9.js\">\u003C/script>\n    \u003C![endif]--> \u003Cscript src=\"scripts/vendor.5b6e72cb.js\">\u003C/script> \u003Cscript src=\"scripts/scripts.b3713605.js\">\u003C/script> \u003Cscript src=\"/config\">\u003C/script>  \u003C/body>\u003C/html>"}"
14:22:42.562 [Forwarding getPageSource on session 4c24f2ba62dc6a195f9b6e8aba03f587 to remote] DEBUG o.a.h.i.c.DefaultManagedHttpClientConnection - http-outgoing-7: Shutdown connection
14:22:42.562 [Forwarding getPageSource on session 4c24f2ba62dc6a195f9b6e8aba03f587 to remote] DEBUG o.a.h.impl.execchain.MainClientExec - Connection discarded
14:22:42.562 [Forwarding getPageSource on session 4c24f2ba62dc6a195f9b6e8aba03f587 to remote] DEBUG o.a.h.i.c.DefaultManagedHttpClientConnection - http-outgoing-7: Close connection
14:22:42.562 [Forwarding getPageSource on session 4c24f2ba62dc6a195f9b6e8aba03f587 to remote] DEBUG o.a.h.i.c.PoolingHttpClientConnectionManager - Connection released: [id: 7][route: {}->http://localhost:6219][total kept alive: 0; route allocated: 0 of 2000; total allocated: 0 of 2000]
]]></system-out>
  <system-err><![CDATA[Starting ChromeDriver 2.15.322448 (52179c1b310fec1797c81ea9a20326839860b7d3) on port 6219
Only local connections are allowed.
]]></system-err>
</testsuite>
