<?xml version="1.0" encoding="UTF-8"?>
<testsuite name="Scenario: Check the header navigation links" tests="9" skipped="0" failures="0" errors="0" timestamp="2015-09-08T10:39:52" hostname="jov-HP-Z220-CMT-Workstation" time="4.493">
  <properties/>
  <testcase name="When I go to the Home page" classname="Scenario: Check the header navigation links" time="0.046"/>
  <testcase name="Then the browser is at the Home page" classname="Scenario: Check the header navigation links" time="0.0"/>
  <testcase name="When I click on the Campaigns link" classname="Scenario: Check the header navigation links" time="0.0"/>
  <testcase name="Then the browser is at the List Campaigns page" classname="Scenario: Check the header navigation links" time="0.0"/>
  <testcase name="When I click on the Create Campaign link" classname="Scenario: Check the header navigation links" time="0.0"/>
  <testcase name="Then the browser is at the Create Campaign page" classname="Scenario: Check the header navigation links" time="0.0"/>
  <testcase name="When I click on the Search Vouchers link" classname="Scenario: Check the header navigation links" time="0.0"/>
  <testcase name="Then the browser is at the Search Vouchers page" classname="Scenario: Check the header navigation links" time="0.0"/>
  <testcase name="classMethod" classname="Scenario: Check the header navigation links" time="33.502"/>
  <system-out><![CDATA[11:39:23.883 [Test worker] DEBUG o.s.b.f.s.DefaultListableBeanFactory - Creating instance of bean 'com.nowtv.pav.test.steps.GenericSteps'
11:39:24.302 [Test worker] DEBUG i.n.u.i.l.InternalLoggerFactory - Using SLF4J as the default logging framework
11:39:24.311 [Test worker] DEBUG i.n.util.internal.PlatformDependent0 - java.nio.Buffer.address: available
11:39:24.312 [Test worker] DEBUG i.n.util.internal.PlatformDependent0 - sun.misc.Unsafe.theUnsafe: available
11:39:24.313 [Test worker] DEBUG i.n.util.internal.PlatformDependent0 - sun.misc.Unsafe.copyMemory: available
11:39:24.313 [Test worker] DEBUG i.n.util.internal.PlatformDependent0 - java.nio.Bits.unaligned: true
11:39:24.314 [Test worker] DEBUG i.n.util.internal.PlatformDependent - Java version: 8
11:39:24.314 [Test worker] DEBUG i.n.util.internal.PlatformDependent - -Dio.netty.noUnsafe: false
11:39:24.314 [Test worker] DEBUG i.n.util.internal.PlatformDependent - sun.misc.Unsafe: available
11:39:24.319 [Test worker] DEBUG i.n.util.internal.PlatformDependent - -Dio.netty.noJavassist: false
11:39:24.320 [Test worker] DEBUG i.n.util.internal.PlatformDependent - Javassist: unavailable
11:39:24.320 [Test worker] DEBUG i.n.util.internal.PlatformDependent - You don't have Javassist in your class path or you don't have enough permission to load dynamically generated classes.  Please check the configuration for better performance.
11:39:24.320 [Test worker] DEBUG i.n.util.internal.PlatformDependent - -Dio.netty.tmpdir: /tmp (java.io.tmpdir)
11:39:24.320 [Test worker] DEBUG i.n.util.internal.PlatformDependent - -Dio.netty.bitMode: 64 (sun.arch.data.model)
11:39:24.320 [Test worker] DEBUG i.n.util.internal.PlatformDependent - -Dio.netty.noPreferDirect: false
11:39:24.325 [Test worker] INFO  o.l.p.impl.DefaultHttpProxyServer - Starting proxy at address: 0.0.0.0/0.0.0.0:0
11:39:24.343 [Test worker] DEBUG i.n.c.MultithreadEventLoopGroup - -Dio.netty.eventLoopThreads: 16
11:39:24.353 [Test worker] DEBUG io.netty.channel.nio.NioEventLoop - -Dio.netty.noKeySetOptimization: false
11:39:24.353 [Test worker] DEBUG io.netty.channel.nio.NioEventLoop - -Dio.netty.selectorAutoRebuildThreshold: 512
11:39:24.358 [Test worker] INFO  o.l.p.impl.DefaultHttpProxyServer - Proxy listening with TCP transport
11:39:24.365 [Test worker] DEBUG i.n.util.internal.ThreadLocalRandom - -Dio.netty.initialSeedUniquifier: 0x11083ddc3d5cbaf8 (took 0 ms)
11:39:24.387 [Test worker] DEBUG io.netty.buffer.ByteBufUtil - -Dio.netty.allocator.type: unpooled
11:39:24.387 [Test worker] DEBUG io.netty.buffer.ByteBufUtil - -Dio.netty.threadLocalDirectBufferSize: 65536
11:39:24.388 [Test worker] DEBUG io.netty.util.NetUtil - Loopback interface: lo (lo, 0:0:0:0:0:0:0:1%lo)
11:39:24.389 [Test worker] DEBUG io.netty.util.NetUtil - /proc/sys/net/core/somaxconn: 128
11:39:24.394 [Test worker] INFO  o.l.p.impl.DefaultHttpProxyServer - Proxy started at address: /0:0:0:0:0:0:0:0:45224
11:39:25.480 [Forwarding newSession on session null to remote] DEBUG o.a.h.c.protocol.RequestAddCookies - CookieSpec selected: best-match
11:39:25.492 [Forwarding newSession on session null to remote] DEBUG o.a.h.c.protocol.RequestAuthCache - Auth cache not set in the context
11:39:25.494 [Forwarding newSession on session null to remote] DEBUG o.a.h.i.c.PoolingHttpClientConnectionManager - Connection request: [route: {}->http://localhost:26477][total kept alive: 0; route allocated: 0 of 2000; total allocated: 0 of 2000]
11:39:25.513 [Forwarding newSession on session null to remote] DEBUG o.a.h.i.c.PoolingHttpClientConnectionManager - Connection leased: [id: 0][route: {}->http://localhost:26477][total kept alive: 0; route allocated: 1 of 2000; total allocated: 1 of 2000]
11:39:25.514 [Forwarding newSession on session null to remote] DEBUG o.a.h.impl.execchain.MainClientExec - Opening connection {}->http://localhost:26477
11:39:25.516 [Forwarding newSession on session null to remote] DEBUG o.a.h.i.c.HttpClientConnectionOperator - Connecting to localhost/127.0.0.1:26477
11:39:25.516 [Forwarding newSession on session null to remote] DEBUG o.a.h.i.c.HttpClientConnectionOperator - Connection established 127.0.0.1:57023<->127.0.0.1:26477
11:39:25.517 [Forwarding newSession on session null to remote] DEBUG o.a.h.impl.execchain.MainClientExec - Executing request POST /session HTTP/1.1
11:39:25.517 [Forwarding newSession on session null to remote] DEBUG o.a.h.impl.execchain.MainClientExec - Target auth state: UNCHALLENGED
11:39:25.517 [Forwarding newSession on session null to remote] DEBUG o.a.h.impl.execchain.MainClientExec - Proxy auth state: UNCHALLENGED
11:39:25.519 [Forwarding newSession on session null to remote] DEBUG org.apache.http.headers - http-outgoing-0 >> POST /session HTTP/1.1
11:39:25.519 [Forwarding newSession on session null to remote] DEBUG org.apache.http.headers - http-outgoing-0 >> Content-Type: application/json; charset=utf-8
11:39:25.519 [Forwarding newSession on session null to remote] DEBUG org.apache.http.headers - http-outgoing-0 >> Content-Length: 410
11:39:25.519 [Forwarding newSession on session null to remote] DEBUG org.apache.http.headers - http-outgoing-0 >> Host: localhost:26477
11:39:25.519 [Forwarding newSession on session null to remote] DEBUG org.apache.http.headers - http-outgoing-0 >> Connection: Keep-Alive
11:39:25.519 [Forwarding newSession on session null to remote] DEBUG org.apache.http.headers - http-outgoing-0 >> User-Agent: Apache-HttpClient/4.3.4 (java 1.5)
11:39:25.519 [Forwarding newSession on session null to remote] DEBUG org.apache.http.headers - http-outgoing-0 >> Accept-Encoding: gzip,deflate
11:39:25.520 [Forwarding newSession on session null to remote] DEBUG org.apache.http.wire - http-outgoing-0 >> "POST /session HTTP/1.1[\r][\n]"
11:39:25.520 [Forwarding newSession on session null to remote] DEBUG org.apache.http.wire - http-outgoing-0 >> "Content-Type: application/json; charset=utf-8[\r][\n]"
11:39:25.520 [Forwarding newSession on session null to remote] DEBUG org.apache.http.wire - http-outgoing-0 >> "Content-Length: 410[\r][\n]"
11:39:25.520 [Forwarding newSession on session null to remote] DEBUG org.apache.http.wire - http-outgoing-0 >> "Host: localhost:26477[\r][\n]"
11:39:25.520 [Forwarding newSession on session null to remote] DEBUG org.apache.http.wire - http-outgoing-0 >> "Connection: Keep-Alive[\r][\n]"
11:39:25.520 [Forwarding newSession on session null to remote] DEBUG org.apache.http.wire - http-outgoing-0 >> "User-Agent: Apache-HttpClient/4.3.4 (java 1.5)[\r][\n]"
11:39:25.520 [Forwarding newSession on session null to remote] DEBUG org.apache.http.wire - http-outgoing-0 >> "Accept-Encoding: gzip,deflate[\r][\n]"
11:39:25.520 [Forwarding newSession on session null to remote] DEBUG org.apache.http.wire - http-outgoing-0 >> "[\r][\n]"
11:39:25.521 [Forwarding newSession on session null to remote] DEBUG org.apache.http.wire - http-outgoing-0 >> "{"desiredCapabilities":{"proxy":{"proxyAutoconfigUrl":null,"autodetect":false,"socksUsername":null,"socksPassword":null,"httpProxy":"jov-HP-Z220-CMT-Workstation:45224","proxyType":"MANUAL","noProxy":null,"ftpProxy":null,"socksProxy":null,"hCode":1117247477,"class":"org.openqa.selenium.Proxy","sslProxy":"jov-HP-Z220-CMT-Workstation:45224"},"chromeOptions":{"args":["--disable-web-security"],"extensions":[]}}}"
11:39:39.131 [LittleProxy-ClientToProxyWorker-0] DEBUG o.l.p.impl.ClientToProxyConnection - (AWAITING_INITIAL): Configuring ChannelPipeline
11:39:43.418 [LittleProxy-ClientToProxyWorker-0] DEBUG io.netty.util.ResourceLeakDetector - -Dio.netty.leakDetectionLevel: simple
11:39:43.517 [LittleProxy-ClientToProxyWorker-0] DEBUG o.l.p.impl.ClientToProxyConnection - (AWAITING_INITIAL): Created ClientToProxyConnection
11:39:43.518 [LittleProxy-ClientToProxyWorker-0] DEBUG o.l.p.impl.ClientToProxyConnection - (AWAITING_INITIAL) [id: 0x92acd57b, /127.0.0.1:54125 => /127.0.1.1:45224]: Connected
11:39:43.525 [LittleProxy-ClientToProxyWorker-0] DEBUG io.netty.util.Recycler - -Dio.netty.recycler.maxCapacity.default: 262144
11:39:43.788 [LittleProxy-ClientToProxyWorker-0] DEBUG io.netty.util.internal.Cleaner0 - java.nio.ByteBuffer.cleaner(): available
11:39:43.793 [LittleProxy-ClientToProxyWorker-0] DEBUG o.l.p.impl.ClientToProxyConnection - (AWAITING_INITIAL) [id: 0x92acd57b, /127.0.0.1:54125 => /127.0.1.1:45224]: Reading: HttpObjectAggregator$AggregatedFullHttpRequest(decodeResult: success, version: HTTP/1.1, content: CompositeByteBuf(ridx: 0, widx: 0, cap: 0, components=0))
CONNECT www.gstatic.com:443 HTTP/1.1
Host: www.gstatic.com
Proxy-Connection: keep-alive
User-Agent: Mozilla/5.0 (X11; Linux x86_64) AppleWebKit/537.36 (KHTML, like Gecko) Chrome/44.0.2403.130 Safari/537.36
Content-Length: 0
11:39:43.794 [LittleProxy-ClientToProxyWorker-0] DEBUG o.l.p.impl.ClientToProxyConnection - (AWAITING_INITIAL) [id: 0x92acd57b, /127.0.0.1:54125 => /127.0.1.1:45224]: Got request: HttpObjectAggregator$AggregatedFullHttpRequest(decodeResult: success, version: HTTP/1.1, content: CompositeByteBuf(ridx: 0, widx: 0, cap: 0, components=0))
CONNECT www.gstatic.com:443 HTTP/1.1
Host: www.gstatic.com
Proxy-Connection: keep-alive
User-Agent: Mozilla/5.0 (X11; Linux x86_64) AppleWebKit/537.36 (KHTML, like Gecko) Chrome/44.0.2403.130 Safari/537.36
Content-Length: 0
11:39:44.611 [LittleProxy-ClientToProxyWorker-0] DEBUG o.l.p.impl.ClientToProxyConnection - (AWAITING_INITIAL) [id: 0x92acd57b, /127.0.0.1:54125 => /127.0.1.1:45224]: Ensuring that hostAndPort are available in www.gstatic.com:443
11:39:44.611 [LittleProxy-ClientToProxyWorker-0] DEBUG o.l.p.impl.ClientToProxyConnection - (AWAITING_INITIAL) [id: 0x92acd57b, /127.0.0.1:54125 => /127.0.1.1:45224]: Finding ProxyToServerConnection for: www.gstatic.com:443
11:39:44.612 [LittleProxy-ClientToProxyWorker-0] DEBUG o.l.p.impl.ClientToProxyConnection - (AWAITING_INITIAL) [id: 0x92acd57b, /127.0.0.1:54125 => /127.0.1.1:45224]: Not reusing existing ProxyToServerConnection because request is a CONNECT for: www.gstatic.com:443
11:39:45.075 [LittleProxy-ClientToProxyWorker-0] DEBUG o.l.p.impl.ClientToProxyConnection - (AWAITING_INITIAL) [id: 0x92acd57b, /127.0.0.1:54125 => /127.0.1.1:45224]: Modifying request headers for proxying
11:39:45.075 [LittleProxy-ClientToProxyWorker-0] DEBUG o.l.p.impl.ClientToProxyConnection - (AWAITING_INITIAL) [id: 0x92acd57b, /127.0.0.1:54125 => /127.0.1.1:45224]: Modifying request for proxy chaining
11:39:45.075 [LittleProxy-ClientToProxyWorker-0] DEBUG o.l.p.impl.ClientToProxyConnection - (AWAITING_INITIAL) [id: 0x92acd57b, /127.0.0.1:54125 => /127.0.1.1:45224]: Stripped host from uri: www.gstatic.com:443    yielding: www.gstatic.com:443
11:39:45.138 [LittleProxy-ClientToProxyWorker-0] DEBUG o.l.p.impl.ClientToProxyConnection - (AWAITING_INITIAL) [id: 0x92acd57b, /127.0.0.1:54125 => /127.0.1.1:45224]: Writing request to ProxyToServerConnection
11:39:45.139 [LittleProxy-ClientToProxyWorker-0] DEBUG o.l.p.impl.ProxyToServerConnection - (DISCONNECTED): Requested write of HttpObjectAggregator$AggregatedFullHttpRequest(decodeResult: success, version: HTTP/1.1, content: CompositeByteBuf(ridx: 0, widx: 0, cap: 0, components=0))
CONNECT www.gstatic.com:443 HTTP/1.1
Host: www.gstatic.com
User-Agent: Mozilla/5.0 (X11; Linux x86_64) AppleWebKit/537.36 (KHTML, like Gecko) Chrome/44.0.2403.130 Safari/537.36
Content-Length: 0
Via: 1.1 localhost.localdomain
11:39:45.139 [LittleProxy-ClientToProxyWorker-0] DEBUG o.l.p.impl.ProxyToServerConnection - (DISCONNECTED): Retaining reference counted message
11:39:45.139 [LittleProxy-ClientToProxyWorker-0] DEBUG o.l.p.impl.ProxyToServerConnection - (DISCONNECTED): Currently disconnected, connect and then write the message
11:39:45.139 [LittleProxy-ClientToProxyWorker-0] DEBUG o.l.p.impl.ProxyToServerConnection - (DISCONNECTED): Starting new connection to: www.gstatic.com/216.58.210.3:443
11:39:46.870 [LittleProxy-ClientToProxyWorker-0] DEBUG o.l.p.impl.ClientToProxyConnection - (AWAITING_INITIAL) [id: 0x92acd57b, /127.0.0.1:54125 => /127.0.1.1:45224]: Stopped reading
11:39:46.870 [LittleProxy-ClientToProxyWorker-0] DEBUG o.l.p.impl.ProxyToServerConnection - (DISCONNECTED): Processing connection flow step: CONNECTING
11:39:46.917 [LittleProxy-ClientToProxyWorker-0] DEBUG o.l.p.impl.ProxyToServerConnection - (CONNECTING): Connecting to server with TCP
11:39:46.940 [LittleProxy-ProxyToServerWorker-0] DEBUG o.l.p.impl.ProxyToServerConnection - (CONNECTING) [id: 0x364bcb42, /10.65.140.181:48468 => www.gstatic.com/216.58.210.3:443]: ConnectionFlowStep succeeded
11:39:46.940 [LittleProxy-ProxyToServerWorker-0] DEBUG o.l.p.impl.ProxyToServerConnection - (CONNECTING) [id: 0x364bcb42, /10.65.140.181:48468 => www.gstatic.com/216.58.210.3:443]: Processing connection flow step: HANDSHAKING
11:39:46.940 [LittleProxy-ProxyToServerWorker-0] DEBUG o.l.p.impl.ProxyToServerConnection - (HANDSHAKING) [id: 0x364bcb42, /10.65.140.181:48468 => www.gstatic.com/216.58.210.3:443]: Enabling encryption with SSLEngine: 757a7147[SSLEngine[hostname=www.gstatic.com port=443] SSL_NULL_WITH_NULL_NULL]
11:39:47.169 [LittleProxy-ProxyToServerWorker-0] DEBUG o.l.p.impl.ProxyToServerConnection - (HANDSHAKING) [id: 0x364bcb42, /10.65.140.181:48468 => www.gstatic.com/216.58.210.3:443]: Connected
11:39:47.311 [LittleProxy-ProxyToServerWorker-0] DEBUG o.l.p.impl.ProxyToServerConnection - (HANDSHAKING) [id: 0x364bcb42, /10.65.140.181:48468 => www.gstatic.com/216.58.210.3:443]: ConnectionFlowStep succeeded
11:39:47.311 [LittleProxy-ProxyToServerWorker-0] DEBUG o.l.p.impl.ClientToProxyConnection - (NEGOTIATING_CONNECT) [id: 0x92acd57b, /127.0.0.1:54125 => /127.0.1.1:45224]: Processing connection flow step: NEGOTIATING_CONNECT
11:39:47.312 [LittleProxy-ProxyToServerWorker-0] DEBUG io.netty.handler.ssl.SslHandler - [id: 0x364bcb42, /10.65.140.181:48468 => www.gstatic.com/216.58.210.3:443] HANDSHAKEN: TLS_ECDHE_ECDSA_WITH_AES_128_GCM_SHA256
11:39:47.312 [LittleProxy-ClientToProxyWorker-0] DEBUG o.l.p.impl.ClientToProxyConnection - (NEGOTIATING_CONNECT) [id: 0x92acd57b, /127.0.0.1:54125 => /127.0.1.1:45224]: Responding with CONNECT successful
11:39:47.314 [LittleProxy-ClientToProxyWorker-0] DEBUG o.l.p.impl.ClientToProxyConnection - (NEGOTIATING_CONNECT) [id: 0x92acd57b, /127.0.0.1:54125 => /127.0.1.1:45224]: ConnectionFlowStep succeeded
11:39:47.315 [LittleProxy-ClientToProxyWorker-0] DEBUG o.l.p.impl.ProxyToServerConnection - (HANDSHAKING) [id: 0x364bcb42, /10.65.140.181:48468 => www.gstatic.com/216.58.210.3:443]: Processing connection flow step: HANDSHAKING
11:39:47.317 [LittleProxy-ClientToProxyWorker-0] DEBUG o.l.p.impl.ClientToProxyConnection - (NEGOTIATING_CONNECT) [id: 0x92acd57b, /127.0.0.1:54125 => /127.0.1.1:45224]: Enabling encryption with SSLEngine: 2eda378b[SSLEngine[hostname=null port=-1] SSL_NULL_WITH_NULL_NULL]
11:39:47.373 [LittleProxy-ClientToProxyWorker-0] DEBUG o.l.p.impl.ProxyToServerConnection - (HANDSHAKING) [id: 0x364bcb42, /10.65.140.181:48468 => www.gstatic.com/216.58.210.3:443]: ConnectionFlowStep succeeded
11:39:47.373 [LittleProxy-ClientToProxyWorker-0] DEBUG o.l.p.impl.ProxyToServerConnection - (HANDSHAKING) [id: 0x364bcb42, /10.65.140.181:48468 => www.gstatic.com/216.58.210.3:443]: Connection flow completed successfully: null
11:39:47.373 [LittleProxy-ClientToProxyWorker-0] DEBUG o.l.p.impl.ClientToProxyConnection - (NEGOTIATING_CONNECT) [id: 0x92acd57b, /127.0.0.1:54125 => /127.0.1.1:45224]: Connection to server succeeded: www.gstatic.com/216.58.210.3:443
11:39:47.373 [LittleProxy-ClientToProxyWorker-0] DEBUG o.l.p.impl.ClientToProxyConnection - (NEGOTIATING_CONNECT) [id: 0x92acd57b, /127.0.0.1:54125 => /127.0.1.1:45224]: All servers have finished attempting to connect, resuming reading from client.
11:39:47.373 [LittleProxy-ClientToProxyWorker-0] DEBUG o.l.p.impl.ClientToProxyConnection - (NEGOTIATING_CONNECT) [id: 0x92acd57b, /127.0.0.1:54125 => /127.0.1.1:45224]: Resumed reading
11:39:47.373 [LittleProxy-ClientToProxyWorker-0] DEBUG o.l.p.impl.ProxyToServerConnection - (AWAITING_INITIAL) [id: 0x364bcb42, /10.65.140.181:48468 => www.gstatic.com/216.58.210.3:443]: Dropping initial request: HttpObjectAggregator$AggregatedFullHttpRequest(decodeResult: success, version: HTTP/1.1, content: CompositeByteBuf(ridx: 0, widx: 0, cap: 0, components=0))
CONNECT www.gstatic.com:443 HTTP/1.1
Host: www.gstatic.com
User-Agent: Mozilla/5.0 (X11; Linux x86_64) AppleWebKit/537.36 (KHTML, like Gecko) Chrome/44.0.2403.130 Safari/537.36
Content-Length: 0
Via: 1.1 localhost.localdomain
11:39:47.373 [LittleProxy-ClientToProxyWorker-0] DEBUG io.netty.handler.ssl.SslHandler - [id: 0x92acd57b, /127.0.0.1:54125 => /127.0.1.1:45224] HANDSHAKEN: TLS_ECDHE_RSA_WITH_AES_128_GCM_SHA256
11:39:47.471 [LittleProxy-ClientToProxyWorker-0] DEBUG o.l.p.impl.ClientToProxyConnection - (AWAITING_INITIAL) [id: 0x92acd57b, /127.0.0.1:54125 => /127.0.1.1:45224]: Reading: HttpObjectAggregator$AggregatedFullHttpRequest(decodeResult: success, version: HTTP/1.1, content: CompositeByteBuf(ridx: 0, widx: 0, cap: 0, components=0))
GET /chrome/profile_avatars/NothingToDownload HTTP/1.1
Host: www.gstatic.com
Connection: keep-alive
User-Agent: Mozilla/5.0 (X11; Linux x86_64) AppleWebKit/537.36 (KHTML, like Gecko) Chrome/44.0.2403.130 Safari/537.36
Accept-Encoding: gzip, deflate
Content-Length: 0
11:39:47.471 [LittleProxy-ClientToProxyWorker-0] DEBUG o.l.p.impl.ClientToProxyConnection - (AWAITING_INITIAL) [id: 0x92acd57b, /127.0.0.1:54125 => /127.0.1.1:45224]: Got request: HttpObjectAggregator$AggregatedFullHttpRequest(decodeResult: success, version: HTTP/1.1, content: CompositeByteBuf(ridx: 0, widx: 0, cap: 0, components=0))
GET /chrome/profile_avatars/NothingToDownload HTTP/1.1
Host: www.gstatic.com
Connection: keep-alive
User-Agent: Mozilla/5.0 (X11; Linux x86_64) AppleWebKit/537.36 (KHTML, like Gecko) Chrome/44.0.2403.130 Safari/537.36
Accept-Encoding: gzip, deflate
Content-Length: 0
11:39:47.473 [LittleProxy-ClientToProxyWorker-0] DEBUG o.l.p.impl.ClientToProxyConnection - (AWAITING_INITIAL) [id: 0x92acd57b, /127.0.0.1:54125 => /127.0.1.1:45224]: Ensuring that hostAndPort are available in /chrome/profile_avatars/NothingToDownload
11:39:47.473 [LittleProxy-ClientToProxyWorker-0] DEBUG o.l.p.impl.ClientToProxyConnection - (AWAITING_INITIAL) [id: 0x92acd57b, /127.0.0.1:54125 => /127.0.1.1:45224]: Finding ProxyToServerConnection for: www.gstatic.com
11:39:47.473 [LittleProxy-ClientToProxyWorker-0] DEBUG o.l.p.impl.ClientToProxyConnection - (AWAITING_INITIAL) [id: 0x92acd57b, /127.0.0.1:54125 => /127.0.1.1:45224]: Reusing existing server connection: org.littleshoot.proxy.impl.ProxyToServerConnection@3eeec270
11:39:47.473 [LittleProxy-ClientToProxyWorker-0] DEBUG o.l.p.impl.ClientToProxyConnection - (AWAITING_INITIAL) [id: 0x92acd57b, /127.0.0.1:54125 => /127.0.1.1:45224]: Modifying request headers for proxying
11:39:47.473 [LittleProxy-ClientToProxyWorker-0] DEBUG o.l.p.impl.ClientToProxyConnection - (AWAITING_INITIAL) [id: 0x92acd57b, /127.0.0.1:54125 => /127.0.1.1:45224]: Modifying request for proxy chaining
11:39:47.473 [LittleProxy-ClientToProxyWorker-0] DEBUG o.l.p.impl.ClientToProxyConnection - (AWAITING_INITIAL) [id: 0x92acd57b, /127.0.0.1:54125 => /127.0.1.1:45224]: Stripped host from uri: /chrome/profile_avatars/NothingToDownload    yielding: /chrome/profile_avatars/NothingToDownload
11:39:47.473 [LittleProxy-ClientToProxyWorker-0] DEBUG o.l.p.impl.ClientToProxyConnection - (AWAITING_INITIAL) [id: 0x92acd57b, /127.0.0.1:54125 => /127.0.1.1:45224]: Removed sdch and inserted: gzip, deflate
11:39:47.474 [LittleProxy-ClientToProxyWorker-0] DEBUG o.l.p.impl.ClientToProxyConnection - (AWAITING_INITIAL) [id: 0x92acd57b, /127.0.0.1:54125 => /127.0.1.1:45224]: Writing request to ProxyToServerConnection
11:39:47.474 [LittleProxy-ClientToProxyWorker-0] DEBUG o.l.p.impl.ProxyToServerConnection - (AWAITING_INITIAL) [id: 0x364bcb42, /10.65.140.181:48468 => www.gstatic.com/216.58.210.3:443]: Requested write of HttpObjectAggregator$AggregatedFullHttpRequest(decodeResult: success, version: HTTP/1.1, content: CompositeByteBuf(ridx: 0, widx: 0, cap: 0, components=0))
GET /chrome/profile_avatars/NothingToDownload HTTP/1.1
Host: www.gstatic.com
User-Agent: Mozilla/5.0 (X11; Linux x86_64) AppleWebKit/537.36 (KHTML, like Gecko) Chrome/44.0.2403.130 Safari/537.36
Content-Length: 0
Accept-Encoding: gzip, deflate
Via: 1.1 localhost.localdomain
11:39:47.474 [LittleProxy-ClientToProxyWorker-0] DEBUG o.l.p.impl.ProxyToServerConnection - (AWAITING_INITIAL) [id: 0x364bcb42, /10.65.140.181:48468 => www.gstatic.com/216.58.210.3:443]: Retaining reference counted message
11:39:47.474 [LittleProxy-ClientToProxyWorker-0] DEBUG o.l.p.impl.ProxyToServerConnection - (AWAITING_INITIAL) [id: 0x364bcb42, /10.65.140.181:48468 => www.gstatic.com/216.58.210.3:443]: Using existing connection to: www.gstatic.com/216.58.210.3:443
11:39:47.474 [LittleProxy-ClientToProxyWorker-0] DEBUG o.l.p.impl.ProxyToServerConnection - (AWAITING_INITIAL) [id: 0x364bcb42, /10.65.140.181:48468 => www.gstatic.com/216.58.210.3:443]: Writing: HttpObjectAggregator$AggregatedFullHttpRequest(decodeResult: success, version: HTTP/1.1, content: CompositeByteBuf(ridx: 0, widx: 0, cap: 0, components=0))
GET /chrome/profile_avatars/NothingToDownload HTTP/1.1
Host: www.gstatic.com
User-Agent: Mozilla/5.0 (X11; Linux x86_64) AppleWebKit/537.36 (KHTML, like Gecko) Chrome/44.0.2403.130 Safari/537.36
Content-Length: 0
Accept-Encoding: gzip, deflate
Via: 1.1 localhost.localdomain
11:39:47.475 [LittleProxy-ClientToProxyWorker-0] DEBUG o.l.p.impl.ProxyToServerConnection - (AWAITING_INITIAL) [id: 0x364bcb42, /10.65.140.181:48468 => www.gstatic.com/216.58.210.3:443]: Writing an empty buffer to signal the end of our chunked transfer
11:39:47.476 [LittleProxy-ClientToProxyWorker-0] DEBUG o.l.p.impl.ProxyToServerConnection - (AWAITING_INITIAL) [id: 0x364bcb42, /10.65.140.181:48468 => www.gstatic.com/216.58.210.3:443]: Wrote: HttpObjectAggregator$AggregatedFullHttpRequest(decodeResult: success, version: HTTP/1.1, content: CompositeByteBuf(ridx: 0, widx: 0, cap: 0, components=0))
GET /chrome/profile_avatars/NothingToDownload HTTP/1.1
Host: www.gstatic.com
User-Agent: Mozilla/5.0 (X11; Linux x86_64) AppleWebKit/537.36 (KHTML, like Gecko) Chrome/44.0.2403.130 Safari/537.36
Content-Length: 0
Accept-Encoding: gzip, deflate
Via: 1.1 localhost.localdomain
11:39:47.511 [LittleProxy-ProxyToServerWorker-0] DEBUG o.l.p.impl.ProxyToServerConnection - (AWAITING_INITIAL) [id: 0x364bcb42, /10.65.140.181:48468 => www.gstatic.com/216.58.210.3:443]: Remembering the current request.
11:39:47.512 [LittleProxy-ProxyToServerWorker-0] DEBUG o.l.p.impl.ProxyToServerConnection - (AWAITING_INITIAL) [id: 0x364bcb42, /10.65.140.181:48468 => www.gstatic.com/216.58.210.3:443]: Reading: DefaultHttpResponse(decodeResult: success, version: HTTP/1.1)
HTTP/1.1 404 Not Found
Content-Type: text/html; charset=UTF-8
X-Content-Type-Options: nosniff
Date: Tue, 08 Sep 2015 10:39:47 GMT
Server: sffe
Content-Length: 1550
X-XSS-Protection: 1; mode=block
Alternate-Protocol: 443:quic,p=1
Alt-Svc: quic=":443"; p="1"; ma=604800
11:39:47.512 [LittleProxy-ProxyToServerWorker-0] DEBUG o.l.p.impl.ProxyToServerConnection - (AWAITING_INITIAL) [id: 0x364bcb42, /10.65.140.181:48468 => www.gstatic.com/216.58.210.3:443]: Received raw response: DefaultHttpResponse(decodeResult: success, version: HTTP/1.1)
HTTP/1.1 404 Not Found
Content-Type: text/html; charset=UTF-8
X-Content-Type-Options: nosniff
Date: Tue, 08 Sep 2015 10:39:47 GMT
Server: sffe
Content-Length: 1550
X-XSS-Protection: 1; mode=block
Alternate-Protocol: 443:quic,p=1
Alt-Svc: quic=":443"; p="1"; ma=604800
11:39:47.512 [LittleProxy-ProxyToServerWorker-0] DEBUG o.l.p.impl.ProxyToServerConnection - (AWAITING_INITIAL) [id: 0x364bcb42, /10.65.140.181:48468 => www.gstatic.com/216.58.210.3:443]: Remembering the current response.
11:39:47.513 [LittleProxy-ProxyToServerWorker-0] DEBUG o.l.p.impl.ClientToProxyConnection - (AWAITING_INITIAL) [id: 0x92acd57b, /127.0.0.1:54125 => /127.0.1.1:45224]: Writing: DefaultHttpResponse(decodeResult: success, version: HTTP/1.1)
HTTP/1.1 404 Not Found
Content-Type: text/html; charset=UTF-8
X-Content-Type-Options: nosniff
Date: Tue, 08 Sep 2015 10:39:47 GMT
Server: sffe
Content-Length: 1550
X-XSS-Protection: 1; mode=block
Alternate-Protocol: 443:quic,p=1
Alt-Svc: quic=":443"; p="1"; ma=604800
Via: 1.1 localhost.localdomain
11:39:47.513 [LittleProxy-ProxyToServerWorker-0] DEBUG o.l.p.impl.ClientToProxyConnection - (AWAITING_INITIAL) [id: 0x92acd57b, /127.0.0.1:54125 => /127.0.1.1:45224]: Wrote: DefaultHttpResponse(decodeResult: success, version: HTTP/1.1)
HTTP/1.1 404 Not Found
Content-Type: text/html; charset=UTF-8
X-Content-Type-Options: nosniff
Date: Tue, 08 Sep 2015 10:39:47 GMT
Server: sffe
Content-Length: 1550
X-XSS-Protection: 1; mode=block
Alternate-Protocol: 443:quic,p=1
Alt-Svc: quic=":443"; p="1"; ma=604800
Via: 1.1 localhost.localdomain
11:39:47.513 [LittleProxy-ProxyToServerWorker-0] DEBUG o.l.p.impl.ClientToProxyConnection - (AWAITING_INITIAL) [id: 0x92acd57b, /127.0.0.1:54125 => /127.0.1.1:45224]: Not closing server connection on middle chunk for /chrome/profile_avatars/NothingToDownload
11:39:47.513 [LittleProxy-ProxyToServerWorker-0] DEBUG o.l.p.impl.ClientToProxyConnection - (AWAITING_INITIAL) [id: 0x92acd57b, /127.0.0.1:54125 => /127.0.1.1:45224]: Not closing client connection on middle chunk for /chrome/profile_avatars/NothingToDownload
11:39:47.513 [LittleProxy-ProxyToServerWorker-0] DEBUG o.l.p.impl.ProxyToServerConnection - (AWAITING_CHUNK) [id: 0x364bcb42, /10.65.140.181:48468 => www.gstatic.com/216.58.210.3:443]: Reading: DefaultLastHttpContent(data: SlicedByteBuf(ridx: 0, widx: 1550, cap: 1550/1550, unwrapped: UnpooledUnsafeDirectByteBuf(ridx: 1829, widx: 1829, cap: 1887)), decoderResult: success)
11:39:47.513 [LittleProxy-ProxyToServerWorker-0] DEBUG o.l.p.impl.ClientToProxyConnection - (AWAITING_INITIAL) [id: 0x92acd57b, /127.0.0.1:54125 => /127.0.1.1:45224]: Retaining reference counted message
11:39:47.513 [LittleProxy-ProxyToServerWorker-0] DEBUG o.l.p.impl.ClientToProxyConnection - (AWAITING_INITIAL) [id: 0x92acd57b, /127.0.0.1:54125 => /127.0.1.1:45224]: Writing: DefaultLastHttpContent(data: SlicedByteBuf(ridx: 0, widx: 1550, cap: 1550/1550, unwrapped: UnpooledUnsafeDirectByteBuf(ridx: 1829, widx: 1829, cap: 1887)), decoderResult: success)
11:39:47.513 [LittleProxy-ProxyToServerWorker-0] DEBUG o.l.p.impl.ClientToProxyConnection - (AWAITING_INITIAL) [id: 0x92acd57b, /127.0.0.1:54125 => /127.0.1.1:45224]: Writing an empty buffer to signal the end of our chunked transfer
11:39:47.514 [LittleProxy-ProxyToServerWorker-0] DEBUG o.l.p.impl.ClientToProxyConnection - (AWAITING_INITIAL) [id: 0x92acd57b, /127.0.0.1:54125 => /127.0.1.1:45224]: Wrote: DefaultLastHttpContent(data: SlicedByteBuf(ridx: 0, widx: 1550, cap: 1550/1550, unwrapped: UnpooledUnsafeDirectByteBuf(ridx: 1829, widx: 1829, cap: 1887)), decoderResult: success)
11:39:47.514 [LittleProxy-ProxyToServerWorker-0] DEBUG o.l.p.impl.ClientToProxyConnection - (AWAITING_INITIAL) [id: 0x92acd57b, /127.0.0.1:54125 => /127.0.1.1:45224]: Retaining reference counted message
11:39:47.514 [LittleProxy-ProxyToServerWorker-0] DEBUG o.l.p.impl.ClientToProxyConnection - (AWAITING_INITIAL) [id: 0x92acd57b, /127.0.0.1:54125 => /127.0.1.1:45224]: Writing: EmptyByteBufBE
11:39:47.514 [LittleProxy-ProxyToServerWorker-0] DEBUG o.l.p.impl.ClientToProxyConnection - (AWAITING_INITIAL) [id: 0x92acd57b, /127.0.0.1:54125 => /127.0.1.1:45224]: Wrote: EmptyByteBufBE
11:39:47.514 [LittleProxy-ProxyToServerWorker-0] DEBUG o.l.p.impl.ClientToProxyConnection - (AWAITING_INITIAL) [id: 0x92acd57b, /127.0.0.1:54125 => /127.0.1.1:45224]: Handling last chunk. Using normal server connection closing rules.
11:39:47.514 [LittleProxy-ProxyToServerWorker-0] DEBUG o.l.p.impl.ClientToProxyConnection - (AWAITING_INITIAL) [id: 0x92acd57b, /127.0.0.1:54125 => /127.0.1.1:45224]: Not closing server connection for response: DefaultHttpResponse(decodeResult: success, version: HTTP/1.1)
HTTP/1.1 404 Not Found
Content-Type: text/html; charset=UTF-8
X-Content-Type-Options: nosniff
Date: Tue, 08 Sep 2015 10:39:47 GMT
Server: sffe
Content-Length: 1550
X-XSS-Protection: 1; mode=block
Alternate-Protocol: 443:quic,p=1
Alt-Svc: quic=":443"; p="1"; ma=604800
11:39:47.514 [LittleProxy-ProxyToServerWorker-0] DEBUG o.l.p.impl.ClientToProxyConnection - (AWAITING_INITIAL) [id: 0x92acd57b, /127.0.0.1:54125 => /127.0.1.1:45224]: Handling last chunk. Using normal client connection closing rules.
11:39:47.517 [LittleProxy-ProxyToServerWorker-0] DEBUG o.l.p.impl.ClientToProxyConnection - (AWAITING_INITIAL) [id: 0x92acd57b, /127.0.0.1:54125 => /127.0.1.1:45224]: Not closing client connection for request: [FAILED toString()]
11:39:47.864 [Forwarding newSession on session null to remote] DEBUG org.apache.http.wire - http-outgoing-0 << "HTTP/1.1 200 OK[\r][\n]"
11:39:47.864 [Forwarding newSession on session null to remote] DEBUG org.apache.http.wire - http-outgoing-0 << "Content-Length:551[\r][\n]"
11:39:47.865 [Forwarding newSession on session null to remote] DEBUG org.apache.http.wire - http-outgoing-0 << "Content-Type:application/json; charset=utf-8[\r][\n]"
11:39:47.865 [Forwarding newSession on session null to remote] DEBUG org.apache.http.wire - http-outgoing-0 << "Connection:close[\r][\n]"
11:39:47.865 [Forwarding newSession on session null to remote] DEBUG org.apache.http.wire - http-outgoing-0 << "[\r][\n]"
11:39:47.865 [Forwarding newSession on session null to remote] DEBUG org.apache.http.wire - http-outgoing-0 << "{"sessionId":"d94198a6aa3008d5ffaf97f92db0cb0c","status":0,"value":{"acceptSslCerts":true,"applicationCacheEnabled":false,"browserConnectionEnabled":false,"browserName":"chrome","chrome":{"userDataDir":"/tmp/.com.google.Chrome.hoVKES"},"cssSelectorsEnabled":true,"databaseEnabled":false,"handlesAlerts":true,"javascriptEnabled":true,"locationContextEnabled":true,"mobileEmulationEnabled":false,"nativeEvents":true,"platform":"Linux","rotatable":false,"takesHeapSnapshot":true,"takesScreenshot":true,"version":"44.0.2403.130","webStorageEnabled":true}}"
11:39:47.885 [Forwarding newSession on session null to remote] DEBUG org.apache.http.headers - http-outgoing-0 << HTTP/1.1 200 OK
11:39:47.886 [Forwarding newSession on session null to remote] DEBUG org.apache.http.headers - http-outgoing-0 << Content-Length:551
11:39:47.886 [Forwarding newSession on session null to remote] DEBUG org.apache.http.headers - http-outgoing-0 << Content-Type:application/json; charset=utf-8
11:39:47.886 [Forwarding newSession on session null to remote] DEBUG org.apache.http.headers - http-outgoing-0 << Connection:close
11:39:47.913 [Forwarding newSession on session null to remote] DEBUG o.a.h.i.c.DefaultManagedHttpClientConnection - http-outgoing-0: Shutdown connection
11:39:47.913 [Forwarding newSession on session null to remote] DEBUG o.a.h.impl.execchain.MainClientExec - Connection discarded
11:39:47.913 [Forwarding newSession on session null to remote] DEBUG o.a.h.i.c.DefaultManagedHttpClientConnection - http-outgoing-0: Close connection
11:39:47.913 [Forwarding newSession on session null to remote] DEBUG o.a.h.i.c.PoolingHttpClientConnectionManager - Connection released: [id: 0][route: {}->http://localhost:26477][total kept alive: 0; route allocated: 0 of 2000; total allocated: 0 of 2000]
11:39:47.971 [Forwarding implicitlyWait on session d94198a6aa3008d5ffaf97f92db0cb0c to remote] DEBUG o.a.h.c.protocol.RequestAddCookies - CookieSpec selected: best-match
11:39:47.971 [Forwarding implicitlyWait on session d94198a6aa3008d5ffaf97f92db0cb0c to remote] DEBUG o.a.h.c.protocol.RequestAuthCache - Auth cache not set in the context
11:39:47.972 [Forwarding implicitlyWait on session d94198a6aa3008d5ffaf97f92db0cb0c to remote] DEBUG o.a.h.i.c.PoolingHttpClientConnectionManager - Connection request: [route: {}->http://localhost:26477][total kept alive: 0; route allocated: 0 of 2000; total allocated: 0 of 2000]
11:39:47.972 [Forwarding implicitlyWait on session d94198a6aa3008d5ffaf97f92db0cb0c to remote] DEBUG o.a.h.i.c.PoolingHttpClientConnectionManager - Connection leased: [id: 1][route: {}->http://localhost:26477][total kept alive: 0; route allocated: 1 of 2000; total allocated: 1 of 2000]
11:39:47.972 [Forwarding implicitlyWait on session d94198a6aa3008d5ffaf97f92db0cb0c to remote] DEBUG o.a.h.impl.execchain.MainClientExec - Opening connection {}->http://localhost:26477
11:39:47.972 [Forwarding implicitlyWait on session d94198a6aa3008d5ffaf97f92db0cb0c to remote] DEBUG o.a.h.i.c.HttpClientConnectionOperator - Connecting to localhost/127.0.0.1:26477
11:39:47.972 [Forwarding implicitlyWait on session d94198a6aa3008d5ffaf97f92db0cb0c to remote] DEBUG o.a.h.i.c.HttpClientConnectionOperator - Connection established 127.0.0.1:57241<->127.0.0.1:26477
11:39:47.972 [Forwarding implicitlyWait on session d94198a6aa3008d5ffaf97f92db0cb0c to remote] DEBUG o.a.h.impl.execchain.MainClientExec - Executing request POST /session/d94198a6aa3008d5ffaf97f92db0cb0c/timeouts/implicit_wait HTTP/1.1
11:39:47.973 [Forwarding implicitlyWait on session d94198a6aa3008d5ffaf97f92db0cb0c to remote] DEBUG o.a.h.impl.execchain.MainClientExec - Target auth state: UNCHALLENGED
11:39:47.973 [Forwarding implicitlyWait on session d94198a6aa3008d5ffaf97f92db0cb0c to remote] DEBUG o.a.h.impl.execchain.MainClientExec - Proxy auth state: UNCHALLENGED
11:39:47.973 [Forwarding implicitlyWait on session d94198a6aa3008d5ffaf97f92db0cb0c to remote] DEBUG org.apache.http.headers - http-outgoing-1 >> POST /session/d94198a6aa3008d5ffaf97f92db0cb0c/timeouts/implicit_wait HTTP/1.1
11:39:47.973 [Forwarding implicitlyWait on session d94198a6aa3008d5ffaf97f92db0cb0c to remote] DEBUG org.apache.http.headers - http-outgoing-1 >> Content-Type: application/json; charset=utf-8
11:39:47.973 [Forwarding implicitlyWait on session d94198a6aa3008d5ffaf97f92db0cb0c to remote] DEBUG org.apache.http.headers - http-outgoing-1 >> Content-Length: 12
11:39:47.973 [Forwarding implicitlyWait on session d94198a6aa3008d5ffaf97f92db0cb0c to remote] DEBUG org.apache.http.headers - http-outgoing-1 >> Host: localhost:26477
11:39:47.973 [Forwarding implicitlyWait on session d94198a6aa3008d5ffaf97f92db0cb0c to remote] DEBUG org.apache.http.headers - http-outgoing-1 >> Connection: Keep-Alive
11:39:47.973 [Forwarding implicitlyWait on session d94198a6aa3008d5ffaf97f92db0cb0c to remote] DEBUG org.apache.http.headers - http-outgoing-1 >> User-Agent: Apache-HttpClient/4.3.4 (java 1.5)
11:39:47.973 [Forwarding implicitlyWait on session d94198a6aa3008d5ffaf97f92db0cb0c to remote] DEBUG org.apache.http.headers - http-outgoing-1 >> Accept-Encoding: gzip,deflate
11:39:47.973 [Forwarding implicitlyWait on session d94198a6aa3008d5ffaf97f92db0cb0c to remote] DEBUG org.apache.http.wire - http-outgoing-1 >> "POST /session/d94198a6aa3008d5ffaf97f92db0cb0c/timeouts/implicit_wait HTTP/1.1[\r][\n]"
11:39:47.973 [Forwarding implicitlyWait on session d94198a6aa3008d5ffaf97f92db0cb0c to remote] DEBUG org.apache.http.wire - http-outgoing-1 >> "Content-Type: application/json; charset=utf-8[\r][\n]"
11:39:47.973 [Forwarding implicitlyWait on session d94198a6aa3008d5ffaf97f92db0cb0c to remote] DEBUG org.apache.http.wire - http-outgoing-1 >> "Content-Length: 12[\r][\n]"
11:39:47.973 [Forwarding implicitlyWait on session d94198a6aa3008d5ffaf97f92db0cb0c to remote] DEBUG org.apache.http.wire - http-outgoing-1 >> "Host: localhost:26477[\r][\n]"
11:39:47.973 [Forwarding implicitlyWait on session d94198a6aa3008d5ffaf97f92db0cb0c to remote] DEBUG org.apache.http.wire - http-outgoing-1 >> "Connection: Keep-Alive[\r][\n]"
11:39:47.973 [Forwarding implicitlyWait on session d94198a6aa3008d5ffaf97f92db0cb0c to remote] DEBUG org.apache.http.wire - http-outgoing-1 >> "User-Agent: Apache-HttpClient/4.3.4 (java 1.5)[\r][\n]"
11:39:47.973 [Forwarding implicitlyWait on session d94198a6aa3008d5ffaf97f92db0cb0c to remote] DEBUG org.apache.http.wire - http-outgoing-1 >> "Accept-Encoding: gzip,deflate[\r][\n]"
11:39:47.974 [Forwarding implicitlyWait on session d94198a6aa3008d5ffaf97f92db0cb0c to remote] DEBUG org.apache.http.wire - http-outgoing-1 >> "[\r][\n]"
11:39:47.974 [Forwarding implicitlyWait on session d94198a6aa3008d5ffaf97f92db0cb0c to remote] DEBUG org.apache.http.wire - http-outgoing-1 >> "{"ms":30000}"
11:39:47.992 [Forwarding implicitlyWait on session d94198a6aa3008d5ffaf97f92db0cb0c to remote] DEBUG org.apache.http.wire - http-outgoing-1 << "HTTP/1.1 200 OK[\r][\n]"
11:39:47.993 [Forwarding implicitlyWait on session d94198a6aa3008d5ffaf97f92db0cb0c to remote] DEBUG org.apache.http.wire - http-outgoing-1 << "Content-Length:72[\r][\n]"
11:39:47.993 [Forwarding implicitlyWait on session d94198a6aa3008d5ffaf97f92db0cb0c to remote] DEBUG org.apache.http.wire - http-outgoing-1 << "Content-Type:application/json; charset=utf-8[\r][\n]"
11:39:47.993 [Forwarding implicitlyWait on session d94198a6aa3008d5ffaf97f92db0cb0c to remote] DEBUG org.apache.http.wire - http-outgoing-1 << "Connection:close[\r][\n]"
11:39:47.993 [Forwarding implicitlyWait on session d94198a6aa3008d5ffaf97f92db0cb0c to remote] DEBUG org.apache.http.wire - http-outgoing-1 << "[\r][\n]"
11:39:47.993 [Forwarding implicitlyWait on session d94198a6aa3008d5ffaf97f92db0cb0c to remote] DEBUG org.apache.http.wire - http-outgoing-1 << "{"sessionId":"d94198a6aa3008d5ffaf97f92db0cb0c","status":0,"value":null}"
11:39:47.993 [Forwarding implicitlyWait on session d94198a6aa3008d5ffaf97f92db0cb0c to remote] DEBUG org.apache.http.headers - http-outgoing-1 << HTTP/1.1 200 OK
11:39:47.993 [Forwarding implicitlyWait on session d94198a6aa3008d5ffaf97f92db0cb0c to remote] DEBUG org.apache.http.headers - http-outgoing-1 << Content-Length:72
11:39:47.993 [Forwarding implicitlyWait on session d94198a6aa3008d5ffaf97f92db0cb0c to remote] DEBUG org.apache.http.headers - http-outgoing-1 << Content-Type:application/json; charset=utf-8
11:39:47.993 [Forwarding implicitlyWait on session d94198a6aa3008d5ffaf97f92db0cb0c to remote] DEBUG org.apache.http.headers - http-outgoing-1 << Connection:close
11:39:47.994 [Forwarding implicitlyWait on session d94198a6aa3008d5ffaf97f92db0cb0c to remote] DEBUG o.a.h.i.c.DefaultManagedHttpClientConnection - http-outgoing-1: Shutdown connection
11:39:47.994 [Forwarding implicitlyWait on session d94198a6aa3008d5ffaf97f92db0cb0c to remote] DEBUG o.a.h.impl.execchain.MainClientExec - Connection discarded
11:39:47.994 [Forwarding implicitlyWait on session d94198a6aa3008d5ffaf97f92db0cb0c to remote] DEBUG o.a.h.i.c.DefaultManagedHttpClientConnection - http-outgoing-1: Close connection
11:39:47.994 [Forwarding implicitlyWait on session d94198a6aa3008d5ffaf97f92db0cb0c to remote] DEBUG o.a.h.i.c.PoolingHttpClientConnectionManager - Connection released: [id: 1][route: {}->http://localhost:26477][total kept alive: 0; route allocated: 0 of 2000; total allocated: 0 of 2000]
11:39:48.080 [Test worker] DEBUG o.s.b.f.s.DefaultListableBeanFactory - Finished creating instance of bean 'com.nowtv.pav.test.steps.GenericSteps'
11:39:48.090 [Forwarding maximizeWindow on session d94198a6aa3008d5ffaf97f92db0cb0c to remote] DEBUG o.a.h.c.protocol.RequestAddCookies - CookieSpec selected: best-match
11:39:48.090 [Forwarding maximizeWindow on session d94198a6aa3008d5ffaf97f92db0cb0c to remote] DEBUG o.a.h.c.protocol.RequestAuthCache - Auth cache not set in the context
11:39:48.090 [Forwarding maximizeWindow on session d94198a6aa3008d5ffaf97f92db0cb0c to remote] DEBUG o.a.h.i.c.PoolingHttpClientConnectionManager - Connection request: [route: {}->http://localhost:26477][total kept alive: 0; route allocated: 0 of 2000; total allocated: 0 of 2000]
11:39:48.091 [Forwarding maximizeWindow on session d94198a6aa3008d5ffaf97f92db0cb0c to remote] DEBUG o.a.h.i.c.PoolingHttpClientConnectionManager - Connection leased: [id: 2][route: {}->http://localhost:26477][total kept alive: 0; route allocated: 1 of 2000; total allocated: 1 of 2000]
11:39:48.091 [Forwarding maximizeWindow on session d94198a6aa3008d5ffaf97f92db0cb0c to remote] DEBUG o.a.h.impl.execchain.MainClientExec - Opening connection {}->http://localhost:26477
11:39:48.091 [Forwarding maximizeWindow on session d94198a6aa3008d5ffaf97f92db0cb0c to remote] DEBUG o.a.h.i.c.HttpClientConnectionOperator - Connecting to localhost/127.0.0.1:26477
11:39:48.091 [Forwarding maximizeWindow on session d94198a6aa3008d5ffaf97f92db0cb0c to remote] DEBUG o.a.h.i.c.HttpClientConnectionOperator - Connection established 127.0.0.1:57242<->127.0.0.1:26477
11:39:48.091 [Forwarding maximizeWindow on session d94198a6aa3008d5ffaf97f92db0cb0c to remote] DEBUG o.a.h.impl.execchain.MainClientExec - Executing request POST /session/d94198a6aa3008d5ffaf97f92db0cb0c/window/current/maximize HTTP/1.1
11:39:48.091 [Forwarding maximizeWindow on session d94198a6aa3008d5ffaf97f92db0cb0c to remote] DEBUG o.a.h.impl.execchain.MainClientExec - Target auth state: UNCHALLENGED
11:39:48.092 [Forwarding maximizeWindow on session d94198a6aa3008d5ffaf97f92db0cb0c to remote] DEBUG o.a.h.impl.execchain.MainClientExec - Proxy auth state: UNCHALLENGED
11:39:48.092 [Forwarding maximizeWindow on session d94198a6aa3008d5ffaf97f92db0cb0c to remote] DEBUG org.apache.http.headers - http-outgoing-2 >> POST /session/d94198a6aa3008d5ffaf97f92db0cb0c/window/current/maximize HTTP/1.1
11:39:48.092 [Forwarding maximizeWindow on session d94198a6aa3008d5ffaf97f92db0cb0c to remote] DEBUG org.apache.http.headers - http-outgoing-2 >> Content-Type: application/json; charset=utf-8
11:39:48.092 [Forwarding maximizeWindow on session d94198a6aa3008d5ffaf97f92db0cb0c to remote] DEBUG org.apache.http.headers - http-outgoing-2 >> Content-Length: 26
11:39:48.092 [Forwarding maximizeWindow on session d94198a6aa3008d5ffaf97f92db0cb0c to remote] DEBUG org.apache.http.headers - http-outgoing-2 >> Host: localhost:26477
11:39:48.092 [Forwarding maximizeWindow on session d94198a6aa3008d5ffaf97f92db0cb0c to remote] DEBUG org.apache.http.headers - http-outgoing-2 >> Connection: Keep-Alive
11:39:48.092 [Forwarding maximizeWindow on session d94198a6aa3008d5ffaf97f92db0cb0c to remote] DEBUG org.apache.http.headers - http-outgoing-2 >> User-Agent: Apache-HttpClient/4.3.4 (java 1.5)
11:39:48.092 [Forwarding maximizeWindow on session d94198a6aa3008d5ffaf97f92db0cb0c to remote] DEBUG org.apache.http.headers - http-outgoing-2 >> Accept-Encoding: gzip,deflate
11:39:48.092 [Forwarding maximizeWindow on session d94198a6aa3008d5ffaf97f92db0cb0c to remote] DEBUG org.apache.http.wire - http-outgoing-2 >> "POST /session/d94198a6aa3008d5ffaf97f92db0cb0c/window/current/maximize HTTP/1.1[\r][\n]"
11:39:48.092 [Forwarding maximizeWindow on session d94198a6aa3008d5ffaf97f92db0cb0c to remote] DEBUG org.apache.http.wire - http-outgoing-2 >> "Content-Type: application/json; charset=utf-8[\r][\n]"
11:39:48.093 [Forwarding maximizeWindow on session d94198a6aa3008d5ffaf97f92db0cb0c to remote] DEBUG org.apache.http.wire - http-outgoing-2 >> "Content-Length: 26[\r][\n]"
11:39:48.093 [Forwarding maximizeWindow on session d94198a6aa3008d5ffaf97f92db0cb0c to remote] DEBUG org.apache.http.wire - http-outgoing-2 >> "Host: localhost:26477[\r][\n]"
11:39:48.093 [Forwarding maximizeWindow on session d94198a6aa3008d5ffaf97f92db0cb0c to remote] DEBUG org.apache.http.wire - http-outgoing-2 >> "Connection: Keep-Alive[\r][\n]"
11:39:48.093 [Forwarding maximizeWindow on session d94198a6aa3008d5ffaf97f92db0cb0c to remote] DEBUG org.apache.http.wire - http-outgoing-2 >> "User-Agent: Apache-HttpClient/4.3.4 (java 1.5)[\r][\n]"
11:39:48.093 [Forwarding maximizeWindow on session d94198a6aa3008d5ffaf97f92db0cb0c to remote] DEBUG org.apache.http.wire - http-outgoing-2 >> "Accept-Encoding: gzip,deflate[\r][\n]"
11:39:48.093 [Forwarding maximizeWindow on session d94198a6aa3008d5ffaf97f92db0cb0c to remote] DEBUG org.apache.http.wire - http-outgoing-2 >> "[\r][\n]"
11:39:48.093 [Forwarding maximizeWindow on session d94198a6aa3008d5ffaf97f92db0cb0c to remote] DEBUG org.apache.http.wire - http-outgoing-2 >> "{"windowHandle":"current"}"
11:39:48.404 [Forwarding maximizeWindow on session d94198a6aa3008d5ffaf97f92db0cb0c to remote] DEBUG org.apache.http.wire - http-outgoing-2 << "HTTP/1.1 200 OK[\r][\n]"
11:39:48.404 [Forwarding maximizeWindow on session d94198a6aa3008d5ffaf97f92db0cb0c to remote] DEBUG org.apache.http.wire - http-outgoing-2 << "Content-Length:72[\r][\n]"
11:39:48.404 [Forwarding maximizeWindow on session d94198a6aa3008d5ffaf97f92db0cb0c to remote] DEBUG org.apache.http.wire - http-outgoing-2 << "Content-Type:application/json; charset=utf-8[\r][\n]"
11:39:48.404 [Forwarding maximizeWindow on session d94198a6aa3008d5ffaf97f92db0cb0c to remote] DEBUG org.apache.http.wire - http-outgoing-2 << "Connection:close[\r][\n]"
11:39:48.404 [Forwarding maximizeWindow on session d94198a6aa3008d5ffaf97f92db0cb0c to remote] DEBUG org.apache.http.wire - http-outgoing-2 << "[\r][\n]"
11:39:48.404 [Forwarding maximizeWindow on session d94198a6aa3008d5ffaf97f92db0cb0c to remote] DEBUG org.apache.http.wire - http-outgoing-2 << "{"sessionId":"d94198a6aa3008d5ffaf97f92db0cb0c","status":0,"value":null}"
11:39:48.405 [Forwarding maximizeWindow on session d94198a6aa3008d5ffaf97f92db0cb0c to remote] DEBUG org.apache.http.headers - http-outgoing-2 << HTTP/1.1 200 OK
11:39:48.405 [Forwarding maximizeWindow on session d94198a6aa3008d5ffaf97f92db0cb0c to remote] DEBUG org.apache.http.headers - http-outgoing-2 << Content-Length:72
11:39:48.405 [Forwarding maximizeWindow on session d94198a6aa3008d5ffaf97f92db0cb0c to remote] DEBUG org.apache.http.headers - http-outgoing-2 << Content-Type:application/json; charset=utf-8
11:39:48.405 [Forwarding maximizeWindow on session d94198a6aa3008d5ffaf97f92db0cb0c to remote] DEBUG org.apache.http.headers - http-outgoing-2 << Connection:close
11:39:48.405 [Forwarding maximizeWindow on session d94198a6aa3008d5ffaf97f92db0cb0c to remote] DEBUG o.a.h.i.c.DefaultManagedHttpClientConnection - http-outgoing-2: Shutdown connection
11:39:48.405 [Forwarding maximizeWindow on session d94198a6aa3008d5ffaf97f92db0cb0c to remote] DEBUG o.a.h.impl.execchain.MainClientExec - Connection discarded
11:39:48.405 [Forwarding maximizeWindow on session d94198a6aa3008d5ffaf97f92db0cb0c to remote] DEBUG o.a.h.i.c.DefaultManagedHttpClientConnection - http-outgoing-2: Close connection
11:39:48.406 [Forwarding maximizeWindow on session d94198a6aa3008d5ffaf97f92db0cb0c to remote] DEBUG o.a.h.i.c.PoolingHttpClientConnectionManager - Connection released: [id: 2][route: {}->http://localhost:26477][total kept alive: 0; route allocated: 0 of 2000; total allocated: 0 of 2000]
11:39:48.409 [Forwarding get on session d94198a6aa3008d5ffaf97f92db0cb0c to remote] DEBUG o.a.h.c.protocol.RequestAddCookies - CookieSpec selected: best-match
11:39:48.409 [Forwarding get on session d94198a6aa3008d5ffaf97f92db0cb0c to remote] DEBUG o.a.h.c.protocol.RequestAuthCache - Auth cache not set in the context
11:39:48.409 [Forwarding get on session d94198a6aa3008d5ffaf97f92db0cb0c to remote] DEBUG o.a.h.i.c.PoolingHttpClientConnectionManager - Connection request: [route: {}->http://localhost:26477][total kept alive: 0; route allocated: 0 of 2000; total allocated: 0 of 2000]
11:39:48.410 [Forwarding get on session d94198a6aa3008d5ffaf97f92db0cb0c to remote] DEBUG o.a.h.i.c.PoolingHttpClientConnectionManager - Connection leased: [id: 3][route: {}->http://localhost:26477][total kept alive: 0; route allocated: 1 of 2000; total allocated: 1 of 2000]
11:39:48.410 [Forwarding get on session d94198a6aa3008d5ffaf97f92db0cb0c to remote] DEBUG o.a.h.impl.execchain.MainClientExec - Opening connection {}->http://localhost:26477
11:39:48.410 [Forwarding get on session d94198a6aa3008d5ffaf97f92db0cb0c to remote] DEBUG o.a.h.i.c.HttpClientConnectionOperator - Connecting to localhost/127.0.0.1:26477
11:39:48.410 [Forwarding get on session d94198a6aa3008d5ffaf97f92db0cb0c to remote] DEBUG o.a.h.i.c.HttpClientConnectionOperator - Connection established 127.0.0.1:57244<->127.0.0.1:26477
11:39:48.410 [Forwarding get on session d94198a6aa3008d5ffaf97f92db0cb0c to remote] DEBUG o.a.h.impl.execchain.MainClientExec - Executing request POST /session/d94198a6aa3008d5ffaf97f92db0cb0c/url HTTP/1.1
11:39:48.410 [Forwarding get on session d94198a6aa3008d5ffaf97f92db0cb0c to remote] DEBUG o.a.h.impl.execchain.MainClientExec - Target auth state: UNCHALLENGED
11:39:48.410 [Forwarding get on session d94198a6aa3008d5ffaf97f92db0cb0c to remote] DEBUG o.a.h.impl.execchain.MainClientExec - Proxy auth state: UNCHALLENGED
11:39:48.410 [Forwarding get on session d94198a6aa3008d5ffaf97f92db0cb0c to remote] DEBUG org.apache.http.headers - http-outgoing-3 >> POST /session/d94198a6aa3008d5ffaf97f92db0cb0c/url HTTP/1.1
11:39:48.410 [Forwarding get on session d94198a6aa3008d5ffaf97f92db0cb0c to remote] DEBUG org.apache.http.headers - http-outgoing-3 >> Content-Type: application/json; charset=utf-8
11:39:48.411 [Forwarding get on session d94198a6aa3008d5ffaf97f92db0cb0c to remote] DEBUG org.apache.http.headers - http-outgoing-3 >> Content-Length: 43
11:39:48.411 [Forwarding get on session d94198a6aa3008d5ffaf97f92db0cb0c to remote] DEBUG org.apache.http.headers - http-outgoing-3 >> Host: localhost:26477
11:39:48.411 [Forwarding get on session d94198a6aa3008d5ffaf97f92db0cb0c to remote] DEBUG org.apache.http.headers - http-outgoing-3 >> Connection: Keep-Alive
11:39:48.411 [Forwarding get on session d94198a6aa3008d5ffaf97f92db0cb0c to remote] DEBUG org.apache.http.headers - http-outgoing-3 >> User-Agent: Apache-HttpClient/4.3.4 (java 1.5)
11:39:48.411 [Forwarding get on session d94198a6aa3008d5ffaf97f92db0cb0c to remote] DEBUG org.apache.http.headers - http-outgoing-3 >> Accept-Encoding: gzip,deflate
11:39:48.411 [Forwarding get on session d94198a6aa3008d5ffaf97f92db0cb0c to remote] DEBUG org.apache.http.wire - http-outgoing-3 >> "POST /session/d94198a6aa3008d5ffaf97f92db0cb0c/url HTTP/1.1[\r][\n]"
11:39:48.411 [Forwarding get on session d94198a6aa3008d5ffaf97f92db0cb0c to remote] DEBUG org.apache.http.wire - http-outgoing-3 >> "Content-Type: application/json; charset=utf-8[\r][\n]"
11:39:48.411 [Forwarding get on session d94198a6aa3008d5ffaf97f92db0cb0c to remote] DEBUG org.apache.http.wire - http-outgoing-3 >> "Content-Length: 43[\r][\n]"
11:39:48.411 [Forwarding get on session d94198a6aa3008d5ffaf97f92db0cb0c to remote] DEBUG org.apache.http.wire - http-outgoing-3 >> "Host: localhost:26477[\r][\n]"
11:39:48.411 [Forwarding get on session d94198a6aa3008d5ffaf97f92db0cb0c to remote] DEBUG org.apache.http.wire - http-outgoing-3 >> "Connection: Keep-Alive[\r][\n]"
11:39:48.411 [Forwarding get on session d94198a6aa3008d5ffaf97f92db0cb0c to remote] DEBUG org.apache.http.wire - http-outgoing-3 >> "User-Agent: Apache-HttpClient/4.3.4 (java 1.5)[\r][\n]"
11:39:48.411 [Forwarding get on session d94198a6aa3008d5ffaf97f92db0cb0c to remote] DEBUG org.apache.http.wire - http-outgoing-3 >> "Accept-Encoding: gzip,deflate[\r][\n]"
11:39:48.411 [Forwarding get on session d94198a6aa3008d5ffaf97f92db0cb0c to remote] DEBUG org.apache.http.wire - http-outgoing-3 >> "[\r][\n]"
11:39:48.411 [Forwarding get on session d94198a6aa3008d5ffaf97f92db0cb0c to remote] DEBUG org.apache.http.wire - http-outgoing-3 >> "{"url":"http://admin:pass@localhost:8080/"}"
11:39:48.762 [LittleProxy-ClientToProxyWorker-1] DEBUG o.l.p.impl.ClientToProxyConnection - (AWAITING_INITIAL): Configuring ChannelPipeline
11:39:48.763 [LittleProxy-ClientToProxyWorker-1] DEBUG o.l.p.impl.ClientToProxyConnection - (AWAITING_INITIAL): Created ClientToProxyConnection
11:39:48.763 [LittleProxy-ClientToProxyWorker-1] DEBUG o.l.p.impl.ClientToProxyConnection - (AWAITING_INITIAL) [id: 0x324ae286, /127.0.0.1:54142 => /127.0.1.1:45224]: Connected
11:39:48.764 [LittleProxy-ClientToProxyWorker-1] DEBUG o.l.p.impl.ClientToProxyConnection - (AWAITING_INITIAL) [id: 0x324ae286, /127.0.0.1:54142 => /127.0.1.1:45224]: Reading: HttpObjectAggregator$AggregatedFullHttpRequest(decodeResult: success, version: HTTP/1.1, content: CompositeByteBuf(ridx: 0, widx: 0, cap: 0, components=0))
GET http://localhost:8080/ HTTP/1.1
Host: localhost:8080
Proxy-Connection: keep-alive
Accept: text/html,application/xhtml+xml,application/xml;q=0.9,image/webp,*/*;q=0.8
Upgrade-Insecure-Requests: 1
User-Agent: Mozilla/5.0 (X11; Linux x86_64) AppleWebKit/537.36 (KHTML, like Gecko) Chrome/44.0.2403.130 Safari/537.36
Accept-Encoding: gzip, deflate, sdch
Accept-Language: en-GB,en-US;q=0.8,en;q=0.6
Content-Length: 0
11:39:48.764 [LittleProxy-ClientToProxyWorker-1] DEBUG o.l.p.impl.ClientToProxyConnection - (AWAITING_INITIAL) [id: 0x324ae286, /127.0.0.1:54142 => /127.0.1.1:45224]: Got request: HttpObjectAggregator$AggregatedFullHttpRequest(decodeResult: success, version: HTTP/1.1, content: CompositeByteBuf(ridx: 0, widx: 0, cap: 0, components=0))
GET http://localhost:8080/ HTTP/1.1
Host: localhost:8080
Proxy-Connection: keep-alive
Accept: text/html,application/xhtml+xml,application/xml;q=0.9,image/webp,*/*;q=0.8
Upgrade-Insecure-Requests: 1
User-Agent: Mozilla/5.0 (X11; Linux x86_64) AppleWebKit/537.36 (KHTML, like Gecko) Chrome/44.0.2403.130 Safari/537.36
Accept-Encoding: gzip, deflate, sdch
Accept-Language: en-GB,en-US;q=0.8,en;q=0.6
Content-Length: 0
11:39:48.765 [LittleProxy-ClientToProxyWorker-1] DEBUG o.l.p.impl.ClientToProxyConnection - (AWAITING_INITIAL) [id: 0x324ae286, /127.0.0.1:54142 => /127.0.1.1:45224]: Ensuring that hostAndPort are available in http://localhost:8080/
11:39:48.765 [LittleProxy-ClientToProxyWorker-1] DEBUG o.l.p.impl.ClientToProxyConnection - (AWAITING_INITIAL) [id: 0x324ae286, /127.0.0.1:54142 => /127.0.1.1:45224]: Finding ProxyToServerConnection for: localhost:8080
11:39:48.765 [LittleProxy-ClientToProxyWorker-1] DEBUG o.l.p.impl.ClientToProxyConnection - (AWAITING_INITIAL) [id: 0x324ae286, /127.0.0.1:54142 => /127.0.1.1:45224]: Didn't find existing ProxyToServerConnection for: localhost:8080
11:39:48.765 [LittleProxy-ClientToProxyWorker-1] DEBUG o.l.p.impl.ClientToProxyConnection - (AWAITING_INITIAL) [id: 0x324ae286, /127.0.0.1:54142 => /127.0.1.1:45224]: Modifying request headers for proxying
11:39:48.765 [LittleProxy-ClientToProxyWorker-1] DEBUG o.l.p.impl.ClientToProxyConnection - (AWAITING_INITIAL) [id: 0x324ae286, /127.0.0.1:54142 => /127.0.1.1:45224]: Modifying request for proxy chaining
11:39:48.765 [LittleProxy-ClientToProxyWorker-1] DEBUG o.l.p.impl.ClientToProxyConnection - (AWAITING_INITIAL) [id: 0x324ae286, /127.0.0.1:54142 => /127.0.1.1:45224]: Stripped host from uri: http://localhost:8080/    yielding: /
11:39:48.765 [LittleProxy-ClientToProxyWorker-1] DEBUG o.l.p.impl.ClientToProxyConnection - (AWAITING_INITIAL) [id: 0x324ae286, /127.0.0.1:54142 => /127.0.1.1:45224]: Removed sdch and inserted: gzip, deflate, 
11:39:48.765 [LittleProxy-ClientToProxyWorker-1] DEBUG o.l.p.impl.ClientToProxyConnection - (AWAITING_INITIAL) [id: 0x324ae286, /127.0.0.1:54142 => /127.0.1.1:45224]: Writing request to ProxyToServerConnection
11:39:48.765 [LittleProxy-ClientToProxyWorker-1] DEBUG o.l.p.impl.ProxyToServerConnection - (DISCONNECTED): Requested write of HttpObjectAggregator$AggregatedFullHttpRequest(decodeResult: success, version: HTTP/1.1, content: CompositeByteBuf(ridx: 0, widx: 0, cap: 0, components=0))
GET / HTTP/1.1
Host: localhost:8080
Accept: text/html,application/xhtml+xml,application/xml;q=0.9,image/webp,*/*;q=0.8
Upgrade-Insecure-Requests: 1
User-Agent: Mozilla/5.0 (X11; Linux x86_64) AppleWebKit/537.36 (KHTML, like Gecko) Chrome/44.0.2403.130 Safari/537.36
Accept-Language: en-GB,en-US;q=0.8,en;q=0.6
Content-Length: 0
X-Forwarded-Proto: https
Accept-Encoding: gzip, deflate, 
Via: 1.1 localhost.localdomain
11:39:48.765 [LittleProxy-ClientToProxyWorker-1] DEBUG o.l.p.impl.ProxyToServerConnection - (DISCONNECTED): Retaining reference counted message
11:39:48.766 [LittleProxy-ClientToProxyWorker-1] DEBUG o.l.p.impl.ProxyToServerConnection - (DISCONNECTED): Currently disconnected, connect and then write the message
11:39:48.766 [LittleProxy-ClientToProxyWorker-1] DEBUG o.l.p.impl.ProxyToServerConnection - (DISCONNECTED): Starting new connection to: localhost/127.0.0.1:8080
11:39:48.766 [LittleProxy-ClientToProxyWorker-1] DEBUG o.l.p.impl.ClientToProxyConnection - (AWAITING_INITIAL) [id: 0x324ae286, /127.0.0.1:54142 => /127.0.1.1:45224]: Stopped reading
11:39:48.766 [LittleProxy-ClientToProxyWorker-1] DEBUG o.l.p.impl.ProxyToServerConnection - (DISCONNECTED): Processing connection flow step: CONNECTING
11:39:48.766 [LittleProxy-ClientToProxyWorker-1] DEBUG o.l.p.impl.ProxyToServerConnection - (CONNECTING): Connecting to server with TCP
11:39:48.767 [LittleProxy-ProxyToServerWorker-1] DEBUG o.l.p.impl.ProxyToServerConnection - (CONNECTING) [id: 0x73a4f472, /127.0.0.1:48931 => localhost/127.0.0.1:8080]: ConnectionFlowStep succeeded
11:39:48.768 [LittleProxy-ProxyToServerWorker-1] DEBUG o.l.p.impl.ProxyToServerConnection - (CONNECTING) [id: 0x73a4f472, /127.0.0.1:48931 => localhost/127.0.0.1:8080]: Connection flow completed successfully: null
11:39:48.768 [LittleProxy-ProxyToServerWorker-1] DEBUG o.l.p.impl.ClientToProxyConnection - (AWAITING_INITIAL) [id: 0x324ae286, /127.0.0.1:54142 => /127.0.1.1:45224]: Connection to server succeeded: localhost/127.0.0.1:8080
11:39:48.768 [LittleProxy-ProxyToServerWorker-1] DEBUG o.l.p.impl.ClientToProxyConnection - (AWAITING_INITIAL) [id: 0x324ae286, /127.0.0.1:54142 => /127.0.1.1:45224]: All servers have finished attempting to connect, resuming reading from client.
11:39:48.768 [LittleProxy-ProxyToServerWorker-1] DEBUG o.l.p.impl.ClientToProxyConnection - (AWAITING_INITIAL) [id: 0x324ae286, /127.0.0.1:54142 => /127.0.1.1:45224]: Resumed reading
11:39:48.769 [LittleProxy-ProxyToServerWorker-1] DEBUG o.l.p.impl.ProxyToServerConnection - (AWAITING_INITIAL) [id: 0x73a4f472, /127.0.0.1:48931 => localhost/127.0.0.1:8080]: Writing initial request: HttpObjectAggregator$AggregatedFullHttpRequest(decodeResult: success, version: HTTP/1.1, content: CompositeByteBuf(ridx: 0, widx: 0, cap: 0, components=0))
GET / HTTP/1.1
Host: localhost:8080
Accept: text/html,application/xhtml+xml,application/xml;q=0.9,image/webp,*/*;q=0.8
Upgrade-Insecure-Requests: 1
User-Agent: Mozilla/5.0 (X11; Linux x86_64) AppleWebKit/537.36 (KHTML, like Gecko) Chrome/44.0.2403.130 Safari/537.36
Accept-Language: en-GB,en-US;q=0.8,en;q=0.6
Content-Length: 0
X-Forwarded-Proto: https
Accept-Encoding: gzip, deflate, 
Via: 1.1 localhost.localdomain
11:39:48.769 [LittleProxy-ProxyToServerWorker-1] DEBUG o.l.p.impl.ProxyToServerConnection - (AWAITING_INITIAL) [id: 0x73a4f472, /127.0.0.1:48931 => localhost/127.0.0.1:8080]: Requested write of HttpObjectAggregator$AggregatedFullHttpRequest(decodeResult: success, version: HTTP/1.1, content: CompositeByteBuf(ridx: 0, widx: 0, cap: 0, components=0))
GET / HTTP/1.1
Host: localhost:8080
Accept: text/html,application/xhtml+xml,application/xml;q=0.9,image/webp,*/*;q=0.8
Upgrade-Insecure-Requests: 1
User-Agent: Mozilla/5.0 (X11; Linux x86_64) AppleWebKit/537.36 (KHTML, like Gecko) Chrome/44.0.2403.130 Safari/537.36
Accept-Language: en-GB,en-US;q=0.8,en;q=0.6
Content-Length: 0
X-Forwarded-Proto: https
Accept-Encoding: gzip, deflate, 
Via: 1.1 localhost.localdomain
11:39:48.769 [LittleProxy-ProxyToServerWorker-1] DEBUG o.l.p.impl.ProxyToServerConnection - (AWAITING_INITIAL) [id: 0x73a4f472, /127.0.0.1:48931 => localhost/127.0.0.1:8080]: Retaining reference counted message
11:39:48.769 [LittleProxy-ProxyToServerWorker-1] DEBUG o.l.p.impl.ProxyToServerConnection - (AWAITING_INITIAL) [id: 0x73a4f472, /127.0.0.1:48931 => localhost/127.0.0.1:8080]: Using existing connection to: localhost/127.0.0.1:8080
11:39:48.770 [LittleProxy-ProxyToServerWorker-1] DEBUG o.l.p.impl.ProxyToServerConnection - (AWAITING_INITIAL) [id: 0x73a4f472, /127.0.0.1:48931 => localhost/127.0.0.1:8080]: Writing: HttpObjectAggregator$AggregatedFullHttpRequest(decodeResult: success, version: HTTP/1.1, content: CompositeByteBuf(ridx: 0, widx: 0, cap: 0, components=0))
GET / HTTP/1.1
Host: localhost:8080
Accept: text/html,application/xhtml+xml,application/xml;q=0.9,image/webp,*/*;q=0.8
Upgrade-Insecure-Requests: 1
User-Agent: Mozilla/5.0 (X11; Linux x86_64) AppleWebKit/537.36 (KHTML, like Gecko) Chrome/44.0.2403.130 Safari/537.36
Accept-Language: en-GB,en-US;q=0.8,en;q=0.6
Content-Length: 0
X-Forwarded-Proto: https
Accept-Encoding: gzip, deflate, 
Via: 1.1 localhost.localdomain
11:39:48.770 [LittleProxy-ProxyToServerWorker-1] DEBUG o.l.p.impl.ProxyToServerConnection - (AWAITING_INITIAL) [id: 0x73a4f472, /127.0.0.1:48931 => localhost/127.0.0.1:8080]: Writing an empty buffer to signal the end of our chunked transfer
11:39:48.770 [LittleProxy-ProxyToServerWorker-1] DEBUG o.l.p.impl.ProxyToServerConnection - (AWAITING_INITIAL) [id: 0x73a4f472, /127.0.0.1:48931 => localhost/127.0.0.1:8080]: Wrote: HttpObjectAggregator$AggregatedFullHttpRequest(decodeResult: success, version: HTTP/1.1, content: CompositeByteBuf(ridx: 0, widx: 0, cap: 0, components=0))
GET / HTTP/1.1
Host: localhost:8080
Accept: text/html,application/xhtml+xml,application/xml;q=0.9,image/webp,*/*;q=0.8
Upgrade-Insecure-Requests: 1
User-Agent: Mozilla/5.0 (X11; Linux x86_64) AppleWebKit/537.36 (KHTML, like Gecko) Chrome/44.0.2403.130 Safari/537.36
Accept-Language: en-GB,en-US;q=0.8,en;q=0.6
Content-Length: 0
X-Forwarded-Proto: https
Accept-Encoding: gzip, deflate, 
Via: 1.1 localhost.localdomain
11:39:48.771 [LittleProxy-ProxyToServerWorker-1] DEBUG o.l.p.impl.ProxyToServerConnection - (AWAITING_INITIAL) [id: 0x73a4f472, /127.0.0.1:48931 => localhost/127.0.0.1:8080]: Connected
11:39:49.154 [LittleProxy-ProxyToServerWorker-1] DEBUG o.l.p.impl.ProxyToServerConnection - (AWAITING_INITIAL) [id: 0x73a4f472, /127.0.0.1:48931 => localhost/127.0.0.1:8080]: Remembering the current request.
11:39:49.155 [LittleProxy-ProxyToServerWorker-1] DEBUG o.l.p.impl.ProxyToServerConnection - (AWAITING_INITIAL) [id: 0x73a4f472, /127.0.0.1:48931 => localhost/127.0.0.1:8080]: Reading: DefaultHttpResponse(decodeResult: success, version: HTTP/1.1)
HTTP/1.1 401 Unauthorized
Server: Apache-Coyote/1.1
Access-Control-Allow-Origin: null
Access-Control-Allow-Credentials: true
Strict-Transport-Security: max-age=31536000 ; includeSubDomains
X-Frame-Options: DENY
X-XSS-Protection: 1; mode=block
X-Content-Type-Options: nosniff
Cache-Control: no-cache, no-store, max-age=0, must-revalidate
Pragma: no-cache
Expires: 0
WWW-Authenticate: Basic realm="Vouchers manager"
Content-Type: application/json;charset=UTF-8
Transfer-Encoding: chunked
Date: Tue, 08 Sep 2015 10:39:49 GMT
11:39:49.155 [LittleProxy-ProxyToServerWorker-1] DEBUG o.l.p.impl.ProxyToServerConnection - (AWAITING_INITIAL) [id: 0x73a4f472, /127.0.0.1:48931 => localhost/127.0.0.1:8080]: Received raw response: DefaultHttpResponse(decodeResult: success, version: HTTP/1.1)
HTTP/1.1 401 Unauthorized
Server: Apache-Coyote/1.1
Access-Control-Allow-Origin: null
Access-Control-Allow-Credentials: true
Strict-Transport-Security: max-age=31536000 ; includeSubDomains
X-Frame-Options: DENY
X-XSS-Protection: 1; mode=block
X-Content-Type-Options: nosniff
Cache-Control: no-cache, no-store, max-age=0, must-revalidate
Pragma: no-cache
Expires: 0
WWW-Authenticate: Basic realm="Vouchers manager"
Content-Type: application/json;charset=UTF-8
Transfer-Encoding: chunked
Date: Tue, 08 Sep 2015 10:39:49 GMT
11:39:49.155 [LittleProxy-ProxyToServerWorker-1] DEBUG o.l.p.impl.ProxyToServerConnection - (AWAITING_INITIAL) [id: 0x73a4f472, /127.0.0.1:48931 => localhost/127.0.0.1:8080]: Remembering the current response.
11:39:49.156 [LittleProxy-ProxyToServerWorker-1] DEBUG o.l.p.impl.ClientToProxyConnection - (AWAITING_INITIAL) [id: 0x324ae286, /127.0.0.1:54142 => /127.0.1.1:45224]: Writing: DefaultHttpResponse(decodeResult: success, version: HTTP/1.1)
HTTP/1.1 401 Unauthorized
Server: Apache-Coyote/1.1
Access-Control-Allow-Origin: null
Access-Control-Allow-Credentials: true
Strict-Transport-Security: max-age=31536000 ; includeSubDomains
X-Frame-Options: DENY
X-XSS-Protection: 1; mode=block
X-Content-Type-Options: nosniff
Cache-Control: no-cache, no-store, max-age=0, must-revalidate
Pragma: no-cache
Expires: 0
WWW-Authenticate: Basic realm="Vouchers manager"
Content-Type: application/json;charset=UTF-8
Transfer-Encoding: chunked
Date: Tue, 08 Sep 2015 10:39:49 GMT
Via: 1.1 localhost.localdomain
11:39:49.156 [LittleProxy-ProxyToServerWorker-1] DEBUG o.l.p.impl.ClientToProxyConnection - (AWAITING_INITIAL) [id: 0x324ae286, /127.0.0.1:54142 => /127.0.1.1:45224]: Wrote: DefaultHttpResponse(decodeResult: success, version: HTTP/1.1)
HTTP/1.1 401 Unauthorized
Server: Apache-Coyote/1.1
Access-Control-Allow-Origin: null
Access-Control-Allow-Credentials: true
Strict-Transport-Security: max-age=31536000 ; includeSubDomains
X-Frame-Options: DENY
X-XSS-Protection: 1; mode=block
X-Content-Type-Options: nosniff
Cache-Control: no-cache, no-store, max-age=0, must-revalidate
Pragma: no-cache
Expires: 0
WWW-Authenticate: Basic realm="Vouchers manager"
Content-Type: application/json;charset=UTF-8
Transfer-Encoding: chunked
Date: Tue, 08 Sep 2015 10:39:49 GMT
Via: 1.1 localhost.localdomain
11:39:49.157 [LittleProxy-ProxyToServerWorker-1] DEBUG o.l.p.impl.ClientToProxyConnection - (AWAITING_INITIAL) [id: 0x324ae286, /127.0.0.1:54142 => /127.0.1.1:45224]: Not closing server connection on middle chunk for /
11:39:49.157 [LittleProxy-ProxyToServerWorker-1] DEBUG o.l.p.impl.ClientToProxyConnection - (AWAITING_INITIAL) [id: 0x324ae286, /127.0.0.1:54142 => /127.0.1.1:45224]: Not closing client connection on middle chunk for /
11:39:49.157 [LittleProxy-ProxyToServerWorker-1] DEBUG o.l.p.impl.ProxyToServerConnection - (AWAITING_CHUNK) [id: 0x73a4f472, /127.0.0.1:48931 => localhost/127.0.0.1:8080]: Reading: DefaultHttpContent(data: SlicedByteBuf(ridx: 0, widx: 72, cap: 72/72, unwrapped: UnpooledUnsafeDirectByteBuf(ridx: 617, widx: 617, cap: 1024)), decoderResult: success)
11:39:49.157 [LittleProxy-ProxyToServerWorker-1] DEBUG o.l.p.impl.ClientToProxyConnection - (AWAITING_INITIAL) [id: 0x324ae286, /127.0.0.1:54142 => /127.0.1.1:45224]: Retaining reference counted message
11:39:49.157 [LittleProxy-ProxyToServerWorker-1] DEBUG o.l.p.impl.ClientToProxyConnection - (AWAITING_INITIAL) [id: 0x324ae286, /127.0.0.1:54142 => /127.0.1.1:45224]: Writing: DefaultHttpContent(data: SlicedByteBuf(ridx: 0, widx: 72, cap: 72/72, unwrapped: UnpooledUnsafeDirectByteBuf(ridx: 617, widx: 617, cap: 1024)), decoderResult: success)
11:39:49.157 [LittleProxy-ProxyToServerWorker-1] DEBUG o.l.p.impl.ClientToProxyConnection - (AWAITING_INITIAL) [id: 0x324ae286, /127.0.0.1:54142 => /127.0.1.1:45224]: Wrote: DefaultHttpContent(data: SlicedByteBuf(ridx: 0, widx: 72, cap: 72/72, unwrapped: UnpooledUnsafeDirectByteBuf(ridx: 617, widx: 617, cap: 1024)), decoderResult: success)
11:39:49.157 [LittleProxy-ProxyToServerWorker-1] DEBUG o.l.p.impl.ClientToProxyConnection - (AWAITING_INITIAL) [id: 0x324ae286, /127.0.0.1:54142 => /127.0.1.1:45224]: Not closing server connection on middle chunk for /
11:39:49.157 [LittleProxy-ProxyToServerWorker-1] DEBUG o.l.p.impl.ClientToProxyConnection - (AWAITING_INITIAL) [id: 0x324ae286, /127.0.0.1:54142 => /127.0.1.1:45224]: Not closing client connection on middle chunk for /
11:39:49.157 [LittleProxy-ProxyToServerWorker-1] DEBUG o.l.p.impl.ProxyToServerConnection - (AWAITING_CHUNK) [id: 0x73a4f472, /127.0.0.1:48931 => localhost/127.0.0.1:8080]: Reading: EmptyLastHttpContent
11:39:49.157 [LittleProxy-ProxyToServerWorker-1] DEBUG o.l.p.impl.ClientToProxyConnection - (AWAITING_INITIAL) [id: 0x324ae286, /127.0.0.1:54142 => /127.0.1.1:45224]: Retaining reference counted message
11:39:49.157 [LittleProxy-ProxyToServerWorker-1] DEBUG o.l.p.impl.ClientToProxyConnection - (AWAITING_INITIAL) [id: 0x324ae286, /127.0.0.1:54142 => /127.0.1.1:45224]: Writing: EmptyLastHttpContent
11:39:49.157 [LittleProxy-ProxyToServerWorker-1] DEBUG o.l.p.impl.ClientToProxyConnection - (AWAITING_INITIAL) [id: 0x324ae286, /127.0.0.1:54142 => /127.0.1.1:45224]: Writing an empty buffer to signal the end of our chunked transfer
11:39:49.158 [LittleProxy-ProxyToServerWorker-1] DEBUG o.l.p.impl.ClientToProxyConnection - (AWAITING_INITIAL) [id: 0x324ae286, /127.0.0.1:54142 => /127.0.1.1:45224]: Wrote: EmptyLastHttpContent
11:39:49.158 [LittleProxy-ProxyToServerWorker-1] DEBUG o.l.p.impl.ClientToProxyConnection - (AWAITING_INITIAL) [id: 0x324ae286, /127.0.0.1:54142 => /127.0.1.1:45224]: Retaining reference counted message
11:39:49.158 [LittleProxy-ProxyToServerWorker-1] DEBUG o.l.p.impl.ClientToProxyConnection - (AWAITING_INITIAL) [id: 0x324ae286, /127.0.0.1:54142 => /127.0.1.1:45224]: Writing: EmptyByteBufBE
11:39:49.158 [LittleProxy-ProxyToServerWorker-1] DEBUG o.l.p.impl.ClientToProxyConnection - (AWAITING_INITIAL) [id: 0x324ae286, /127.0.0.1:54142 => /127.0.1.1:45224]: Wrote: EmptyByteBufBE
11:39:49.158 [LittleProxy-ProxyToServerWorker-1] DEBUG o.l.p.impl.ClientToProxyConnection - (AWAITING_INITIAL) [id: 0x324ae286, /127.0.0.1:54142 => /127.0.1.1:45224]: Handling last chunk. Using normal server connection closing rules.
11:39:49.158 [LittleProxy-ProxyToServerWorker-1] DEBUG o.l.p.impl.ClientToProxyConnection - (AWAITING_INITIAL) [id: 0x324ae286, /127.0.0.1:54142 => /127.0.1.1:45224]: Not closing server connection for response: DefaultHttpResponse(decodeResult: success, version: HTTP/1.1)
HTTP/1.1 401 Unauthorized
Server: Apache-Coyote/1.1
Access-Control-Allow-Origin: null
Access-Control-Allow-Credentials: true
Strict-Transport-Security: max-age=31536000 ; includeSubDomains
X-Frame-Options: DENY
X-XSS-Protection: 1; mode=block
X-Content-Type-Options: nosniff
Cache-Control: no-cache, no-store, max-age=0, must-revalidate
Pragma: no-cache
Expires: 0
WWW-Authenticate: Basic realm="Vouchers manager"
Content-Type: application/json;charset=UTF-8
Transfer-Encoding: chunked
Date: Tue, 08 Sep 2015 10:39:49 GMT
11:39:49.158 [LittleProxy-ProxyToServerWorker-1] DEBUG o.l.p.impl.ClientToProxyConnection - (AWAITING_INITIAL) [id: 0x324ae286, /127.0.0.1:54142 => /127.0.1.1:45224]: Handling last chunk. Using normal client connection closing rules.
11:39:49.158 [LittleProxy-ProxyToServerWorker-1] DEBUG o.l.p.impl.ClientToProxyConnection - (AWAITING_INITIAL) [id: 0x324ae286, /127.0.0.1:54142 => /127.0.1.1:45224]: Not closing client connection for request: HttpObjectAggregator$AggregatedFullHttpRequest(decodeResult: success, version: HTTP/1.1, content: CompositeByteBuf(ridx: 0, widx: 0, cap: 0, components=0))
GET / HTTP/1.1
Host: localhost:8080
Accept: text/html,application/xhtml+xml,application/xml;q=0.9,image/webp,*/*;q=0.8
Upgrade-Insecure-Requests: 1
User-Agent: Mozilla/5.0 (X11; Linux x86_64) AppleWebKit/537.36 (KHTML, like Gecko) Chrome/44.0.2403.130 Safari/537.36
Accept-Language: en-GB,en-US;q=0.8,en;q=0.6
Content-Length: 0
X-Forwarded-Proto: https
Accept-Encoding: gzip, deflate, 
Via: 1.1 localhost.localdomain
11:39:49.177 [LittleProxy-ClientToProxyWorker-1] DEBUG o.l.p.impl.ClientToProxyConnection - (AWAITING_INITIAL) [id: 0x324ae286, /127.0.0.1:54142 => /127.0.1.1:45224]: Reading: HttpObjectAggregator$AggregatedFullHttpRequest(decodeResult: success, version: HTTP/1.1, content: CompositeByteBuf(ridx: 0, widx: 0, cap: 0, components=0))
GET http://localhost:8080/ HTTP/1.1
Host: localhost:8080
Proxy-Connection: keep-alive
Authorization: Basic YWRtaW46cGFzcw==
Accept: text/html,application/xhtml+xml,application/xml;q=0.9,image/webp,*/*;q=0.8
Upgrade-Insecure-Requests: 1
User-Agent: Mozilla/5.0 (X11; Linux x86_64) AppleWebKit/537.36 (KHTML, like Gecko) Chrome/44.0.2403.130 Safari/537.36
Accept-Encoding: gzip, deflate, sdch
Accept-Language: en-GB,en-US;q=0.8,en;q=0.6
Content-Length: 0
11:39:49.177 [LittleProxy-ClientToProxyWorker-1] DEBUG o.l.p.impl.ClientToProxyConnection - (AWAITING_INITIAL) [id: 0x324ae286, /127.0.0.1:54142 => /127.0.1.1:45224]: Got request: HttpObjectAggregator$AggregatedFullHttpRequest(decodeResult: success, version: HTTP/1.1, content: CompositeByteBuf(ridx: 0, widx: 0, cap: 0, components=0))
GET http://localhost:8080/ HTTP/1.1
Host: localhost:8080
Proxy-Connection: keep-alive
Authorization: Basic YWRtaW46cGFzcw==
Accept: text/html,application/xhtml+xml,application/xml;q=0.9,image/webp,*/*;q=0.8
Upgrade-Insecure-Requests: 1
User-Agent: Mozilla/5.0 (X11; Linux x86_64) AppleWebKit/537.36 (KHTML, like Gecko) Chrome/44.0.2403.130 Safari/537.36
Accept-Encoding: gzip, deflate, sdch
Accept-Language: en-GB,en-US;q=0.8,en;q=0.6
Content-Length: 0
11:39:49.177 [LittleProxy-ClientToProxyWorker-1] DEBUG o.l.p.impl.ClientToProxyConnection - (AWAITING_INITIAL) [id: 0x324ae286, /127.0.0.1:54142 => /127.0.1.1:45224]: Ensuring that hostAndPort are available in http://localhost:8080/
11:39:49.177 [LittleProxy-ClientToProxyWorker-1] DEBUG o.l.p.impl.ClientToProxyConnection - (AWAITING_INITIAL) [id: 0x324ae286, /127.0.0.1:54142 => /127.0.1.1:45224]: Finding ProxyToServerConnection for: localhost:8080
11:39:49.177 [LittleProxy-ClientToProxyWorker-1] DEBUG o.l.p.impl.ClientToProxyConnection - (AWAITING_INITIAL) [id: 0x324ae286, /127.0.0.1:54142 => /127.0.1.1:45224]: Reusing existing server connection: org.littleshoot.proxy.impl.ProxyToServerConnection@42cb70ae
11:39:49.177 [LittleProxy-ClientToProxyWorker-1] DEBUG o.l.p.impl.ClientToProxyConnection - (AWAITING_INITIAL) [id: 0x324ae286, /127.0.0.1:54142 => /127.0.1.1:45224]: Modifying request headers for proxying
11:39:49.177 [LittleProxy-ClientToProxyWorker-1] DEBUG o.l.p.impl.ClientToProxyConnection - (AWAITING_INITIAL) [id: 0x324ae286, /127.0.0.1:54142 => /127.0.1.1:45224]: Modifying request for proxy chaining
11:39:49.177 [LittleProxy-ClientToProxyWorker-1] DEBUG o.l.p.impl.ClientToProxyConnection - (AWAITING_INITIAL) [id: 0x324ae286, /127.0.0.1:54142 => /127.0.1.1:45224]: Stripped host from uri: http://localhost:8080/    yielding: /
11:39:49.178 [LittleProxy-ClientToProxyWorker-1] DEBUG o.l.p.impl.ClientToProxyConnection - (AWAITING_INITIAL) [id: 0x324ae286, /127.0.0.1:54142 => /127.0.1.1:45224]: Removed sdch and inserted: gzip, deflate, 
11:39:49.178 [LittleProxy-ClientToProxyWorker-1] DEBUG o.l.p.impl.ClientToProxyConnection - (AWAITING_INITIAL) [id: 0x324ae286, /127.0.0.1:54142 => /127.0.1.1:45224]: Writing request to ProxyToServerConnection
11:39:49.178 [LittleProxy-ClientToProxyWorker-1] DEBUG o.l.p.impl.ProxyToServerConnection - (AWAITING_INITIAL) [id: 0x73a4f472, /127.0.0.1:48931 => localhost/127.0.0.1:8080]: Requested write of HttpObjectAggregator$AggregatedFullHttpRequest(decodeResult: success, version: HTTP/1.1, content: CompositeByteBuf(ridx: 0, widx: 0, cap: 0, components=0))
GET / HTTP/1.1
Host: localhost:8080
Authorization: Basic YWRtaW46cGFzcw==
Accept: text/html,application/xhtml+xml,application/xml;q=0.9,image/webp,*/*;q=0.8
Upgrade-Insecure-Requests: 1
User-Agent: Mozilla/5.0 (X11; Linux x86_64) AppleWebKit/537.36 (KHTML, like Gecko) Chrome/44.0.2403.130 Safari/537.36
Accept-Language: en-GB,en-US;q=0.8,en;q=0.6
Content-Length: 0
X-Forwarded-Proto: https
Accept-Encoding: gzip, deflate, 
Via: 1.1 localhost.localdomain
11:39:49.178 [LittleProxy-ClientToProxyWorker-1] DEBUG o.l.p.impl.ProxyToServerConnection - (AWAITING_INITIAL) [id: 0x73a4f472, /127.0.0.1:48931 => localhost/127.0.0.1:8080]: Retaining reference counted message
11:39:49.178 [LittleProxy-ClientToProxyWorker-1] DEBUG o.l.p.impl.ProxyToServerConnection - (AWAITING_INITIAL) [id: 0x73a4f472, /127.0.0.1:48931 => localhost/127.0.0.1:8080]: Using existing connection to: localhost/127.0.0.1:8080
11:39:49.178 [LittleProxy-ClientToProxyWorker-1] DEBUG o.l.p.impl.ProxyToServerConnection - (AWAITING_INITIAL) [id: 0x73a4f472, /127.0.0.1:48931 => localhost/127.0.0.1:8080]: Writing: HttpObjectAggregator$AggregatedFullHttpRequest(decodeResult: success, version: HTTP/1.1, content: CompositeByteBuf(ridx: 0, widx: 0, cap: 0, components=0))
GET / HTTP/1.1
Host: localhost:8080
Authorization: Basic YWRtaW46cGFzcw==
Accept: text/html,application/xhtml+xml,application/xml;q=0.9,image/webp,*/*;q=0.8
Upgrade-Insecure-Requests: 1
User-Agent: Mozilla/5.0 (X11; Linux x86_64) AppleWebKit/537.36 (KHTML, like Gecko) Chrome/44.0.2403.130 Safari/537.36
Accept-Language: en-GB,en-US;q=0.8,en;q=0.6
Content-Length: 0
X-Forwarded-Proto: https
Accept-Encoding: gzip, deflate, 
Via: 1.1 localhost.localdomain
11:39:49.178 [LittleProxy-ClientToProxyWorker-1] DEBUG o.l.p.impl.ProxyToServerConnection - (AWAITING_INITIAL) [id: 0x73a4f472, /127.0.0.1:48931 => localhost/127.0.0.1:8080]: Writing an empty buffer to signal the end of our chunked transfer
11:39:49.178 [LittleProxy-ClientToProxyWorker-1] DEBUG o.l.p.impl.ProxyToServerConnection - (AWAITING_INITIAL) [id: 0x73a4f472, /127.0.0.1:48931 => localhost/127.0.0.1:8080]: Wrote: HttpObjectAggregator$AggregatedFullHttpRequest(decodeResult: success, version: HTTP/1.1, content: CompositeByteBuf(ridx: 0, widx: 0, cap: 0, components=0))
GET / HTTP/1.1
Host: localhost:8080
Authorization: Basic YWRtaW46cGFzcw==
Accept: text/html,application/xhtml+xml,application/xml;q=0.9,image/webp,*/*;q=0.8
Upgrade-Insecure-Requests: 1
User-Agent: Mozilla/5.0 (X11; Linux x86_64) AppleWebKit/537.36 (KHTML, like Gecko) Chrome/44.0.2403.130 Safari/537.36
Accept-Language: en-GB,en-US;q=0.8,en;q=0.6
Content-Length: 0
X-Forwarded-Proto: https
Accept-Encoding: gzip, deflate, 
Via: 1.1 localhost.localdomain
11:39:49.381 [LittleProxy-ProxyToServerWorker-1] DEBUG o.l.p.impl.ProxyToServerConnection - (AWAITING_INITIAL) [id: 0x73a4f472, /127.0.0.1:48931 => localhost/127.0.0.1:8080]: Remembering the current request.
11:39:49.381 [LittleProxy-ProxyToServerWorker-1] DEBUG o.l.p.impl.ProxyToServerConnection - (AWAITING_INITIAL) [id: 0x73a4f472, /127.0.0.1:48931 => localhost/127.0.0.1:8080]: Reading: DefaultHttpResponse(decodeResult: success, version: HTTP/1.1)
HTTP/1.1 200 OK
Server: Apache-Coyote/1.1
Access-Control-Allow-Origin: null
Access-Control-Allow-Credentials: true
Strict-Transport-Security: max-age=31536000 ; includeSubDomains
X-Frame-Options: DENY
X-XSS-Protection: 1; mode=block
X-Content-Type-Options: nosniff
Cache-Control: no-cache, no-store, max-age=0, must-revalidate
Pragma: no-cache
Expires: 0
X-Application-Context: application:development
Content-Type: application/json;charset=UTF-8
Transfer-Encoding: chunked
Date: Tue, 08 Sep 2015 10:39:49 GMT
11:39:49.381 [LittleProxy-ProxyToServerWorker-1] DEBUG o.l.p.impl.ProxyToServerConnection - (AWAITING_INITIAL) [id: 0x73a4f472, /127.0.0.1:48931 => localhost/127.0.0.1:8080]: Received raw response: DefaultHttpResponse(decodeResult: success, version: HTTP/1.1)
HTTP/1.1 200 OK
Server: Apache-Coyote/1.1
Access-Control-Allow-Origin: null
Access-Control-Allow-Credentials: true
Strict-Transport-Security: max-age=31536000 ; includeSubDomains
X-Frame-Options: DENY
X-XSS-Protection: 1; mode=block
X-Content-Type-Options: nosniff
Cache-Control: no-cache, no-store, max-age=0, must-revalidate
Pragma: no-cache
Expires: 0
X-Application-Context: application:development
Content-Type: application/json;charset=UTF-8
Transfer-Encoding: chunked
Date: Tue, 08 Sep 2015 10:39:49 GMT
11:39:49.382 [LittleProxy-ProxyToServerWorker-1] DEBUG o.l.p.impl.ProxyToServerConnection - (AWAITING_INITIAL) [id: 0x73a4f472, /127.0.0.1:48931 => localhost/127.0.0.1:8080]: Remembering the current response.
11:39:49.382 [LittleProxy-ProxyToServerWorker-1] DEBUG o.l.p.impl.ClientToProxyConnection - (AWAITING_INITIAL) [id: 0x324ae286, /127.0.0.1:54142 => /127.0.1.1:45224]: Writing: DefaultHttpResponse(decodeResult: success, version: HTTP/1.1)
HTTP/1.1 200 OK
Server: Apache-Coyote/1.1
Access-Control-Allow-Origin: null
Access-Control-Allow-Credentials: true
Strict-Transport-Security: max-age=31536000 ; includeSubDomains
X-Frame-Options: DENY
X-XSS-Protection: 1; mode=block
X-Content-Type-Options: nosniff
Cache-Control: no-cache, no-store, max-age=0, must-revalidate
Pragma: no-cache
Expires: 0
X-Application-Context: application:development
Content-Type: application/json;charset=UTF-8
Transfer-Encoding: chunked
Date: Tue, 08 Sep 2015 10:39:49 GMT
Via: 1.1 localhost.localdomain
11:39:49.383 [LittleProxy-ProxyToServerWorker-1] DEBUG o.l.p.impl.ClientToProxyConnection - (AWAITING_INITIAL) [id: 0x324ae286, /127.0.0.1:54142 => /127.0.1.1:45224]: Wrote: DefaultHttpResponse(decodeResult: success, version: HTTP/1.1)
HTTP/1.1 200 OK
Server: Apache-Coyote/1.1
Access-Control-Allow-Origin: null
Access-Control-Allow-Credentials: true
Strict-Transport-Security: max-age=31536000 ; includeSubDomains
X-Frame-Options: DENY
X-XSS-Protection: 1; mode=block
X-Content-Type-Options: nosniff
Cache-Control: no-cache, no-store, max-age=0, must-revalidate
Pragma: no-cache
Expires: 0
X-Application-Context: application:development
Content-Type: application/json;charset=UTF-8
Transfer-Encoding: chunked
Date: Tue, 08 Sep 2015 10:39:49 GMT
Via: 1.1 localhost.localdomain
11:39:49.383 [LittleProxy-ProxyToServerWorker-1] DEBUG o.l.p.impl.ClientToProxyConnection - (AWAITING_INITIAL) [id: 0x324ae286, /127.0.0.1:54142 => /127.0.1.1:45224]: Not closing server connection on middle chunk for /
11:39:49.383 [LittleProxy-ProxyToServerWorker-1] DEBUG o.l.p.impl.ClientToProxyConnection - (AWAITING_INITIAL) [id: 0x324ae286, /127.0.0.1:54142 => /127.0.1.1:45224]: Not closing client connection on middle chunk for /
11:39:49.383 [LittleProxy-ProxyToServerWorker-1] DEBUG o.l.p.impl.ProxyToServerConnection - (AWAITING_CHUNK) [id: 0x73a4f472, /127.0.0.1:48931 => localhost/127.0.0.1:8080]: Reading: DefaultHttpContent(data: SlicedByteBuf(ridx: 0, widx: 583, cap: 583/583, unwrapped: UnpooledUnsafeDirectByteBuf(ridx: 590, widx: 590, cap: 1024)), decoderResult: success)
11:39:49.383 [LittleProxy-ProxyToServerWorker-1] DEBUG o.l.p.impl.ClientToProxyConnection - (AWAITING_INITIAL) [id: 0x324ae286, /127.0.0.1:54142 => /127.0.1.1:45224]: Retaining reference counted message
11:39:49.383 [LittleProxy-ProxyToServerWorker-1] DEBUG o.l.p.impl.ClientToProxyConnection - (AWAITING_INITIAL) [id: 0x324ae286, /127.0.0.1:54142 => /127.0.1.1:45224]: Writing: DefaultHttpContent(data: SlicedByteBuf(ridx: 0, widx: 583, cap: 583/583, unwrapped: UnpooledUnsafeDirectByteBuf(ridx: 590, widx: 590, cap: 1024)), decoderResult: success)
11:39:49.384 [LittleProxy-ProxyToServerWorker-1] DEBUG o.l.p.impl.ClientToProxyConnection - (AWAITING_INITIAL) [id: 0x324ae286, /127.0.0.1:54142 => /127.0.1.1:45224]: Wrote: DefaultHttpContent(data: SlicedByteBuf(ridx: 0, widx: 583, cap: 583/583, unwrapped: UnpooledUnsafeDirectByteBuf(ridx: 590, widx: 590, cap: 1024)), decoderResult: success)
11:39:49.384 [LittleProxy-ProxyToServerWorker-1] DEBUG o.l.p.impl.ClientToProxyConnection - (AWAITING_INITIAL) [id: 0x324ae286, /127.0.0.1:54142 => /127.0.1.1:45224]: Not closing server connection on middle chunk for /
11:39:49.384 [LittleProxy-ProxyToServerWorker-1] DEBUG o.l.p.impl.ClientToProxyConnection - (AWAITING_INITIAL) [id: 0x324ae286, /127.0.0.1:54142 => /127.0.1.1:45224]: Not closing client connection on middle chunk for /
11:39:49.384 [LittleProxy-ProxyToServerWorker-1] DEBUG o.l.p.impl.ProxyToServerConnection - (AWAITING_CHUNK) [id: 0x73a4f472, /127.0.0.1:48931 => localhost/127.0.0.1:8080]: Reading: EmptyLastHttpContent
11:39:49.384 [LittleProxy-ProxyToServerWorker-1] DEBUG o.l.p.impl.ClientToProxyConnection - (AWAITING_INITIAL) [id: 0x324ae286, /127.0.0.1:54142 => /127.0.1.1:45224]: Retaining reference counted message
11:39:49.384 [LittleProxy-ProxyToServerWorker-1] DEBUG o.l.p.impl.ClientToProxyConnection - (AWAITING_INITIAL) [id: 0x324ae286, /127.0.0.1:54142 => /127.0.1.1:45224]: Writing: EmptyLastHttpContent
11:39:49.384 [LittleProxy-ProxyToServerWorker-1] DEBUG o.l.p.impl.ClientToProxyConnection - (AWAITING_INITIAL) [id: 0x324ae286, /127.0.0.1:54142 => /127.0.1.1:45224]: Writing an empty buffer to signal the end of our chunked transfer
11:39:49.385 [LittleProxy-ProxyToServerWorker-1] DEBUG o.l.p.impl.ClientToProxyConnection - (AWAITING_INITIAL) [id: 0x324ae286, /127.0.0.1:54142 => /127.0.1.1:45224]: Wrote: EmptyLastHttpContent
11:39:49.385 [LittleProxy-ProxyToServerWorker-1] DEBUG o.l.p.impl.ClientToProxyConnection - (AWAITING_INITIAL) [id: 0x324ae286, /127.0.0.1:54142 => /127.0.1.1:45224]: Retaining reference counted message
11:39:49.385 [LittleProxy-ProxyToServerWorker-1] DEBUG o.l.p.impl.ClientToProxyConnection - (AWAITING_INITIAL) [id: 0x324ae286, /127.0.0.1:54142 => /127.0.1.1:45224]: Writing: EmptyByteBufBE
11:39:49.386 [LittleProxy-ProxyToServerWorker-1] DEBUG o.l.p.impl.ClientToProxyConnection - (AWAITING_INITIAL) [id: 0x324ae286, /127.0.0.1:54142 => /127.0.1.1:45224]: Wrote: EmptyByteBufBE
11:39:49.386 [LittleProxy-ProxyToServerWorker-1] DEBUG o.l.p.impl.ClientToProxyConnection - (AWAITING_INITIAL) [id: 0x324ae286, /127.0.0.1:54142 => /127.0.1.1:45224]: Handling last chunk. Using normal server connection closing rules.
11:39:49.386 [LittleProxy-ProxyToServerWorker-1] DEBUG o.l.p.impl.ClientToProxyConnection - (AWAITING_INITIAL) [id: 0x324ae286, /127.0.0.1:54142 => /127.0.1.1:45224]: Not closing server connection for response: DefaultHttpResponse(decodeResult: success, version: HTTP/1.1)
HTTP/1.1 200 OK
Server: Apache-Coyote/1.1
Access-Control-Allow-Origin: null
Access-Control-Allow-Credentials: true
Strict-Transport-Security: max-age=31536000 ; includeSubDomains
X-Frame-Options: DENY
X-XSS-Protection: 1; mode=block
X-Content-Type-Options: nosniff
Cache-Control: no-cache, no-store, max-age=0, must-revalidate
Pragma: no-cache
Expires: 0
X-Application-Context: application:development
Content-Type: application/json;charset=UTF-8
Transfer-Encoding: chunked
Date: Tue, 08 Sep 2015 10:39:49 GMT
11:39:49.388 [LittleProxy-ProxyToServerWorker-1] DEBUG o.l.p.impl.ClientToProxyConnection - (AWAITING_INITIAL) [id: 0x324ae286, /127.0.0.1:54142 => /127.0.1.1:45224]: Handling last chunk. Using normal client connection closing rules.
11:39:49.394 [LittleProxy-ProxyToServerWorker-1] DEBUG o.l.p.impl.ClientToProxyConnection - (AWAITING_INITIAL) [id: 0x324ae286, /127.0.0.1:54142 => /127.0.1.1:45224]: Not closing client connection for request: [FAILED toString()]
11:39:49.413 [LittleProxy-ClientToProxyWorker-1] DEBUG o.l.p.impl.ClientToProxyConnection - (AWAITING_INITIAL) [id: 0x324ae286, /127.0.0.1:54142 => /127.0.1.1:45224]: Reading: HttpObjectAggregator$AggregatedFullHttpRequest(decodeResult: success, version: HTTP/1.1, content: CompositeByteBuf(ridx: 0, widx: 0, cap: 0, components=0))
GET http://localhost:8080/favicon.ico HTTP/1.1
Host: localhost:8080
Proxy-Connection: keep-alive
Authorization: Basic YWRtaW46cGFzcw==
User-Agent: Mozilla/5.0 (X11; Linux x86_64) AppleWebKit/537.36 (KHTML, like Gecko) Chrome/44.0.2403.130 Safari/537.36
Accept: */*
Referer: http://localhost:8080/
Accept-Encoding: gzip, deflate, sdch
Accept-Language: en-GB,en-US;q=0.8,en;q=0.6
Content-Length: 0
11:39:49.413 [LittleProxy-ClientToProxyWorker-1] DEBUG o.l.p.impl.ClientToProxyConnection - (AWAITING_INITIAL) [id: 0x324ae286, /127.0.0.1:54142 => /127.0.1.1:45224]: Got request: HttpObjectAggregator$AggregatedFullHttpRequest(decodeResult: success, version: HTTP/1.1, content: CompositeByteBuf(ridx: 0, widx: 0, cap: 0, components=0))
GET http://localhost:8080/favicon.ico HTTP/1.1
Host: localhost:8080
Proxy-Connection: keep-alive
Authorization: Basic YWRtaW46cGFzcw==
User-Agent: Mozilla/5.0 (X11; Linux x86_64) AppleWebKit/537.36 (KHTML, like Gecko) Chrome/44.0.2403.130 Safari/537.36
Accept: */*
Referer: http://localhost:8080/
Accept-Encoding: gzip, deflate, sdch
Accept-Language: en-GB,en-US;q=0.8,en;q=0.6
Content-Length: 0
11:39:49.414 [LittleProxy-ClientToProxyWorker-1] DEBUG o.l.p.impl.ClientToProxyConnection - (AWAITING_INITIAL) [id: 0x324ae286, /127.0.0.1:54142 => /127.0.1.1:45224]: Ensuring that hostAndPort are available in http://localhost:8080/favicon.ico
11:39:49.414 [LittleProxy-ClientToProxyWorker-1] DEBUG o.l.p.impl.ClientToProxyConnection - (AWAITING_INITIAL) [id: 0x324ae286, /127.0.0.1:54142 => /127.0.1.1:45224]: Finding ProxyToServerConnection for: localhost:8080
11:39:49.414 [LittleProxy-ClientToProxyWorker-1] DEBUG o.l.p.impl.ClientToProxyConnection - (AWAITING_INITIAL) [id: 0x324ae286, /127.0.0.1:54142 => /127.0.1.1:45224]: Reusing existing server connection: org.littleshoot.proxy.impl.ProxyToServerConnection@42cb70ae
11:39:49.414 [LittleProxy-ClientToProxyWorker-1] DEBUG o.l.p.impl.ClientToProxyConnection - (AWAITING_INITIAL) [id: 0x324ae286, /127.0.0.1:54142 => /127.0.1.1:45224]: Modifying request headers for proxying
11:39:49.414 [LittleProxy-ClientToProxyWorker-1] DEBUG o.l.p.impl.ClientToProxyConnection - (AWAITING_INITIAL) [id: 0x324ae286, /127.0.0.1:54142 => /127.0.1.1:45224]: Modifying request for proxy chaining
11:39:49.414 [LittleProxy-ClientToProxyWorker-1] DEBUG o.l.p.impl.ClientToProxyConnection - (AWAITING_INITIAL) [id: 0x324ae286, /127.0.0.1:54142 => /127.0.1.1:45224]: Stripped host from uri: http://localhost:8080/favicon.ico    yielding: /favicon.ico
11:39:49.414 [LittleProxy-ClientToProxyWorker-1] DEBUG o.l.p.impl.ClientToProxyConnection - (AWAITING_INITIAL) [id: 0x324ae286, /127.0.0.1:54142 => /127.0.1.1:45224]: Removed sdch and inserted: gzip, deflate, 
11:39:49.414 [LittleProxy-ClientToProxyWorker-1] DEBUG o.l.p.impl.ClientToProxyConnection - (AWAITING_INITIAL) [id: 0x324ae286, /127.0.0.1:54142 => /127.0.1.1:45224]: Writing request to ProxyToServerConnection
11:39:49.414 [LittleProxy-ClientToProxyWorker-1] DEBUG o.l.p.impl.ProxyToServerConnection - (AWAITING_INITIAL) [id: 0x73a4f472, /127.0.0.1:48931 => localhost/127.0.0.1:8080]: Requested write of HttpObjectAggregator$AggregatedFullHttpRequest(decodeResult: success, version: HTTP/1.1, content: CompositeByteBuf(ridx: 0, widx: 0, cap: 0, components=0))
GET /favicon.ico HTTP/1.1
Host: localhost:8080
Authorization: Basic YWRtaW46cGFzcw==
User-Agent: Mozilla/5.0 (X11; Linux x86_64) AppleWebKit/537.36 (KHTML, like Gecko) Chrome/44.0.2403.130 Safari/537.36
Accept: */*
Referer: http://localhost:8080/
Accept-Language: en-GB,en-US;q=0.8,en;q=0.6
Content-Length: 0
X-Forwarded-Proto: https
Accept-Encoding: gzip, deflate, 
Via: 1.1 localhost.localdomain
11:39:49.414 [LittleProxy-ClientToProxyWorker-1] DEBUG o.l.p.impl.ProxyToServerConnection - (AWAITING_INITIAL) [id: 0x73a4f472, /127.0.0.1:48931 => localhost/127.0.0.1:8080]: Retaining reference counted message
11:39:49.414 [LittleProxy-ClientToProxyWorker-1] DEBUG o.l.p.impl.ProxyToServerConnection - (AWAITING_INITIAL) [id: 0x73a4f472, /127.0.0.1:48931 => localhost/127.0.0.1:8080]: Using existing connection to: localhost/127.0.0.1:8080
11:39:49.414 [LittleProxy-ClientToProxyWorker-1] DEBUG o.l.p.impl.ProxyToServerConnection - (AWAITING_INITIAL) [id: 0x73a4f472, /127.0.0.1:48931 => localhost/127.0.0.1:8080]: Writing: HttpObjectAggregator$AggregatedFullHttpRequest(decodeResult: success, version: HTTP/1.1, content: CompositeByteBuf(ridx: 0, widx: 0, cap: 0, components=0))
GET /favicon.ico HTTP/1.1
Host: localhost:8080
Authorization: Basic YWRtaW46cGFzcw==
User-Agent: Mozilla/5.0 (X11; Linux x86_64) AppleWebKit/537.36 (KHTML, like Gecko) Chrome/44.0.2403.130 Safari/537.36
Accept: */*
Referer: http://localhost:8080/
Accept-Language: en-GB,en-US;q=0.8,en;q=0.6
Content-Length: 0
X-Forwarded-Proto: https
Accept-Encoding: gzip, deflate, 
Via: 1.1 localhost.localdomain
11:39:49.414 [LittleProxy-ClientToProxyWorker-1] DEBUG o.l.p.impl.ProxyToServerConnection - (AWAITING_INITIAL) [id: 0x73a4f472, /127.0.0.1:48931 => localhost/127.0.0.1:8080]: Writing an empty buffer to signal the end of our chunked transfer
11:39:49.414 [LittleProxy-ClientToProxyWorker-1] DEBUG o.l.p.impl.ProxyToServerConnection - (AWAITING_INITIAL) [id: 0x73a4f472, /127.0.0.1:48931 => localhost/127.0.0.1:8080]: Wrote: HttpObjectAggregator$AggregatedFullHttpRequest(decodeResult: success, version: HTTP/1.1, content: CompositeByteBuf(ridx: 0, widx: 0, cap: 0, components=0))
GET /favicon.ico HTTP/1.1
Host: localhost:8080
Authorization: Basic YWRtaW46cGFzcw==
User-Agent: Mozilla/5.0 (X11; Linux x86_64) AppleWebKit/537.36 (KHTML, like Gecko) Chrome/44.0.2403.130 Safari/537.36
Accept: */*
Referer: http://localhost:8080/
Accept-Language: en-GB,en-US;q=0.8,en;q=0.6
Content-Length: 0
X-Forwarded-Proto: https
Accept-Encoding: gzip, deflate, 
Via: 1.1 localhost.localdomain
11:39:49.417 [Forwarding get on session d94198a6aa3008d5ffaf97f92db0cb0c to remote] DEBUG org.apache.http.wire - http-outgoing-3 << "HTTP/1.1 200 OK[\r][\n]"
11:39:49.418 [Forwarding get on session d94198a6aa3008d5ffaf97f92db0cb0c to remote] DEBUG org.apache.http.wire - http-outgoing-3 << "Content-Length:72[\r][\n]"
11:39:49.418 [Forwarding get on session d94198a6aa3008d5ffaf97f92db0cb0c to remote] DEBUG org.apache.http.wire - http-outgoing-3 << "Content-Type:application/json; charset=utf-8[\r][\n]"
11:39:49.418 [Forwarding get on session d94198a6aa3008d5ffaf97f92db0cb0c to remote] DEBUG org.apache.http.wire - http-outgoing-3 << "Connection:close[\r][\n]"
11:39:49.418 [Forwarding get on session d94198a6aa3008d5ffaf97f92db0cb0c to remote] DEBUG org.apache.http.wire - http-outgoing-3 << "[\r][\n]"
11:39:49.418 [Forwarding get on session d94198a6aa3008d5ffaf97f92db0cb0c to remote] DEBUG org.apache.http.wire - http-outgoing-3 << "{"sessionId":"d94198a6aa3008d5ffaf97f92db0cb0c","status":0,"value":null}"
11:39:49.418 [Forwarding get on session d94198a6aa3008d5ffaf97f92db0cb0c to remote] DEBUG org.apache.http.headers - http-outgoing-3 << HTTP/1.1 200 OK
11:39:49.418 [Forwarding get on session d94198a6aa3008d5ffaf97f92db0cb0c to remote] DEBUG org.apache.http.headers - http-outgoing-3 << Content-Length:72
11:39:49.418 [Forwarding get on session d94198a6aa3008d5ffaf97f92db0cb0c to remote] DEBUG org.apache.http.headers - http-outgoing-3 << Content-Type:application/json; charset=utf-8
11:39:49.418 [Forwarding get on session d94198a6aa3008d5ffaf97f92db0cb0c to remote] DEBUG org.apache.http.headers - http-outgoing-3 << Connection:close
11:39:49.418 [Forwarding get on session d94198a6aa3008d5ffaf97f92db0cb0c to remote] DEBUG o.a.h.i.c.DefaultManagedHttpClientConnection - http-outgoing-3: Shutdown connection
11:39:49.418 [Forwarding get on session d94198a6aa3008d5ffaf97f92db0cb0c to remote] DEBUG o.a.h.impl.execchain.MainClientExec - Connection discarded
11:39:49.418 [Forwarding get on session d94198a6aa3008d5ffaf97f92db0cb0c to remote] DEBUG o.a.h.i.c.DefaultManagedHttpClientConnection - http-outgoing-3: Close connection
11:39:49.418 [Forwarding get on session d94198a6aa3008d5ffaf97f92db0cb0c to remote] DEBUG o.a.h.i.c.PoolingHttpClientConnectionManager - Connection released: [id: 3][route: {}->http://localhost:26477][total kept alive: 0; route allocated: 0 of 2000; total allocated: 0 of 2000]
11:39:49.676 [LittleProxy-ProxyToServerWorker-1] DEBUG o.l.p.impl.ProxyToServerConnection - (AWAITING_INITIAL) [id: 0x73a4f472, /127.0.0.1:48931 => localhost/127.0.0.1:8080]: Remembering the current request.
11:39:49.676 [LittleProxy-ProxyToServerWorker-1] DEBUG o.l.p.impl.ProxyToServerConnection - (AWAITING_INITIAL) [id: 0x73a4f472, /127.0.0.1:48931 => localhost/127.0.0.1:8080]: Reading: DefaultHttpResponse(decodeResult: success, version: HTTP/1.1)
HTTP/1.1 200 OK
Server: Apache-Coyote/1.1
X-Application-Context: application:development
Last-Modified: Fri, 03 Jul 2015 09:58:25 GMT
Content-Length: 946
Date: Tue, 08 Sep 2015 10:39:49 GMT
11:39:49.676 [LittleProxy-ProxyToServerWorker-1] DEBUG o.l.p.impl.ProxyToServerConnection - (AWAITING_INITIAL) [id: 0x73a4f472, /127.0.0.1:48931 => localhost/127.0.0.1:8080]: Received raw response: DefaultHttpResponse(decodeResult: success, version: HTTP/1.1)
HTTP/1.1 200 OK
Server: Apache-Coyote/1.1
X-Application-Context: application:development
Last-Modified: Fri, 03 Jul 2015 09:58:25 GMT
Content-Length: 946
Date: Tue, 08 Sep 2015 10:39:49 GMT
11:39:49.676 [LittleProxy-ProxyToServerWorker-1] DEBUG o.l.p.impl.ProxyToServerConnection - (AWAITING_INITIAL) [id: 0x73a4f472, /127.0.0.1:48931 => localhost/127.0.0.1:8080]: Remembering the current response.
11:39:49.676 [LittleProxy-ProxyToServerWorker-1] DEBUG o.l.p.impl.ClientToProxyConnection - (AWAITING_INITIAL) [id: 0x324ae286, /127.0.0.1:54142 => /127.0.1.1:45224]: Writing: DefaultHttpResponse(decodeResult: success, version: HTTP/1.1)
HTTP/1.1 200 OK
Server: Apache-Coyote/1.1
X-Application-Context: application:development
Last-Modified: Fri, 03 Jul 2015 09:58:25 GMT
Content-Length: 946
Date: Tue, 08 Sep 2015 10:39:49 GMT
Via: 1.1 localhost.localdomain
11:39:49.677 [LittleProxy-ProxyToServerWorker-1] DEBUG o.l.p.impl.ClientToProxyConnection - (AWAITING_INITIAL) [id: 0x324ae286, /127.0.0.1:54142 => /127.0.1.1:45224]: Wrote: DefaultHttpResponse(decodeResult: success, version: HTTP/1.1)
HTTP/1.1 200 OK
Server: Apache-Coyote/1.1
X-Application-Context: application:development
Last-Modified: Fri, 03 Jul 2015 09:58:25 GMT
Content-Length: 946
Date: Tue, 08 Sep 2015 10:39:49 GMT
Via: 1.1 localhost.localdomain
11:39:49.677 [LittleProxy-ProxyToServerWorker-1] DEBUG o.l.p.impl.ClientToProxyConnection - (AWAITING_INITIAL) [id: 0x324ae286, /127.0.0.1:54142 => /127.0.1.1:45224]: Not closing server connection on middle chunk for /favicon.ico
11:39:49.677 [LittleProxy-ProxyToServerWorker-1] DEBUG o.l.p.impl.ClientToProxyConnection - (AWAITING_INITIAL) [id: 0x324ae286, /127.0.0.1:54142 => /127.0.1.1:45224]: Not closing client connection on middle chunk for /favicon.ico
11:39:49.677 [LittleProxy-ProxyToServerWorker-1] DEBUG o.l.p.impl.ProxyToServerConnection - (AWAITING_CHUNK) [id: 0x73a4f472, /127.0.0.1:48931 => localhost/127.0.0.1:8080]: Reading: DefaultHttpContent(data: SlicedByteBuf(ridx: 0, widx: 826, cap: 826/826, unwrapped: UnpooledUnsafeDirectByteBuf(ridx: 1024, widx: 1024, cap: 1024)), decoderResult: success)
11:39:49.677 [LittleProxy-ProxyToServerWorker-1] DEBUG o.l.p.impl.ClientToProxyConnection - (AWAITING_INITIAL) [id: 0x324ae286, /127.0.0.1:54142 => /127.0.1.1:45224]: Retaining reference counted message
11:39:49.677 [LittleProxy-ProxyToServerWorker-1] DEBUG o.l.p.impl.ClientToProxyConnection - (AWAITING_INITIAL) [id: 0x324ae286, /127.0.0.1:54142 => /127.0.1.1:45224]: Writing: DefaultHttpContent(data: SlicedByteBuf(ridx: 0, widx: 826, cap: 826/826, unwrapped: UnpooledUnsafeDirectByteBuf(ridx: 1024, widx: 1024, cap: 1024)), decoderResult: success)
11:39:49.677 [LittleProxy-ProxyToServerWorker-1] DEBUG o.l.p.impl.ClientToProxyConnection - (AWAITING_INITIAL) [id: 0x324ae286, /127.0.0.1:54142 => /127.0.1.1:45224]: Wrote: DefaultHttpContent(data: SlicedByteBuf(ridx: 0, widx: 826, cap: 826/826, unwrapped: UnpooledUnsafeDirectByteBuf(ridx: 1024, widx: 1024, cap: 1024)), decoderResult: success)
11:39:49.677 [LittleProxy-ProxyToServerWorker-1] DEBUG o.l.p.impl.ClientToProxyConnection - (AWAITING_INITIAL) [id: 0x324ae286, /127.0.0.1:54142 => /127.0.1.1:45224]: Not closing server connection on middle chunk for /favicon.ico
11:39:49.677 [LittleProxy-ProxyToServerWorker-1] DEBUG o.l.p.impl.ClientToProxyConnection - (AWAITING_INITIAL) [id: 0x324ae286, /127.0.0.1:54142 => /127.0.1.1:45224]: Not closing client connection on middle chunk for /favicon.ico
11:39:49.677 [LittleProxy-ProxyToServerWorker-1] DEBUG o.l.p.impl.ProxyToServerConnection - (AWAITING_CHUNK) [id: 0x73a4f472, /127.0.0.1:48931 => localhost/127.0.0.1:8080]: Reading: DefaultLastHttpContent(data: SlicedByteBuf(ridx: 0, widx: 120, cap: 120/120, unwrapped: UnpooledUnsafeDirectByteBuf(ridx: 120, widx: 120, cap: 1024)), decoderResult: success)
11:39:49.677 [LittleProxy-ProxyToServerWorker-1] DEBUG o.l.p.impl.ClientToProxyConnection - (AWAITING_INITIAL) [id: 0x324ae286, /127.0.0.1:54142 => /127.0.1.1:45224]: Retaining reference counted message
11:39:49.677 [LittleProxy-ProxyToServerWorker-1] DEBUG o.l.p.impl.ClientToProxyConnection - (AWAITING_INITIAL) [id: 0x324ae286, /127.0.0.1:54142 => /127.0.1.1:45224]: Writing: DefaultLastHttpContent(data: SlicedByteBuf(ridx: 0, widx: 120, cap: 120/120, unwrapped: UnpooledUnsafeDirectByteBuf(ridx: 120, widx: 120, cap: 1024)), decoderResult: success)
11:39:49.677 [LittleProxy-ProxyToServerWorker-1] DEBUG o.l.p.impl.ClientToProxyConnection - (AWAITING_INITIAL) [id: 0x324ae286, /127.0.0.1:54142 => /127.0.1.1:45224]: Writing an empty buffer to signal the end of our chunked transfer
11:39:49.677 [LittleProxy-ProxyToServerWorker-1] DEBUG o.l.p.impl.ClientToProxyConnection - (AWAITING_INITIAL) [id: 0x324ae286, /127.0.0.1:54142 => /127.0.1.1:45224]: Wrote: DefaultLastHttpContent(data: SlicedByteBuf(ridx: 0, widx: 120, cap: 120/120, unwrapped: UnpooledUnsafeDirectByteBuf(ridx: 120, widx: 120, cap: 1024)), decoderResult: success)
11:39:49.677 [LittleProxy-ProxyToServerWorker-1] DEBUG o.l.p.impl.ClientToProxyConnection - (AWAITING_INITIAL) [id: 0x324ae286, /127.0.0.1:54142 => /127.0.1.1:45224]: Retaining reference counted message
11:39:49.677 [LittleProxy-ProxyToServerWorker-1] DEBUG o.l.p.impl.ClientToProxyConnection - (AWAITING_INITIAL) [id: 0x324ae286, /127.0.0.1:54142 => /127.0.1.1:45224]: Writing: EmptyByteBufBE
11:39:49.677 [LittleProxy-ProxyToServerWorker-1] DEBUG o.l.p.impl.ClientToProxyConnection - (AWAITING_INITIAL) [id: 0x324ae286, /127.0.0.1:54142 => /127.0.1.1:45224]: Wrote: EmptyByteBufBE
11:39:49.678 [LittleProxy-ProxyToServerWorker-1] DEBUG o.l.p.impl.ClientToProxyConnection - (AWAITING_INITIAL) [id: 0x324ae286, /127.0.0.1:54142 => /127.0.1.1:45224]: Handling last chunk. Using normal server connection closing rules.
11:39:49.678 [LittleProxy-ProxyToServerWorker-1] DEBUG o.l.p.impl.ClientToProxyConnection - (AWAITING_INITIAL) [id: 0x324ae286, /127.0.0.1:54142 => /127.0.1.1:45224]: Not closing server connection for response: DefaultHttpResponse(decodeResult: success, version: HTTP/1.1)
HTTP/1.1 200 OK
Server: Apache-Coyote/1.1
X-Application-Context: application:development
Last-Modified: Fri, 03 Jul 2015 09:58:25 GMT
Content-Length: 946
Date: Tue, 08 Sep 2015 10:39:49 GMT
11:39:49.678 [LittleProxy-ProxyToServerWorker-1] DEBUG o.l.p.impl.ClientToProxyConnection - (AWAITING_INITIAL) [id: 0x324ae286, /127.0.0.1:54142 => /127.0.1.1:45224]: Handling last chunk. Using normal client connection closing rules.
11:39:49.679 [LittleProxy-ProxyToServerWorker-1] DEBUG o.l.p.impl.ClientToProxyConnection - (AWAITING_INITIAL) [id: 0x324ae286, /127.0.0.1:54142 => /127.0.1.1:45224]: Not closing client connection for request: [FAILED toString()]
11:39:50.327 [Forwarding get on session d94198a6aa3008d5ffaf97f92db0cb0c to remote] DEBUG o.a.h.c.protocol.RequestAddCookies - CookieSpec selected: best-match
11:39:50.327 [Forwarding get on session d94198a6aa3008d5ffaf97f92db0cb0c to remote] DEBUG o.a.h.c.protocol.RequestAuthCache - Auth cache not set in the context
11:39:50.327 [Forwarding get on session d94198a6aa3008d5ffaf97f92db0cb0c to remote] DEBUG o.a.h.i.c.PoolingHttpClientConnectionManager - Connection request: [route: {}->http://localhost:26477][total kept alive: 0; route allocated: 0 of 2000; total allocated: 0 of 2000]
11:39:50.327 [Forwarding get on session d94198a6aa3008d5ffaf97f92db0cb0c to remote] DEBUG o.a.h.i.c.PoolingHttpClientConnectionManager - Connection leased: [id: 4][route: {}->http://localhost:26477][total kept alive: 0; route allocated: 1 of 2000; total allocated: 1 of 2000]
11:39:50.327 [Forwarding get on session d94198a6aa3008d5ffaf97f92db0cb0c to remote] DEBUG o.a.h.impl.execchain.MainClientExec - Opening connection {}->http://localhost:26477
11:39:50.328 [Forwarding get on session d94198a6aa3008d5ffaf97f92db0cb0c to remote] DEBUG o.a.h.i.c.HttpClientConnectionOperator - Connecting to localhost/127.0.0.1:26477
11:39:50.328 [Forwarding get on session d94198a6aa3008d5ffaf97f92db0cb0c to remote] DEBUG o.a.h.i.c.HttpClientConnectionOperator - Connection established 127.0.0.1:57247<->127.0.0.1:26477
11:39:50.328 [Forwarding get on session d94198a6aa3008d5ffaf97f92db0cb0c to remote] DEBUG o.a.h.impl.execchain.MainClientExec - Executing request POST /session/d94198a6aa3008d5ffaf97f92db0cb0c/url HTTP/1.1
11:39:50.328 [Forwarding get on session d94198a6aa3008d5ffaf97f92db0cb0c to remote] DEBUG o.a.h.impl.execchain.MainClientExec - Target auth state: UNCHALLENGED
11:39:50.328 [Forwarding get on session d94198a6aa3008d5ffaf97f92db0cb0c to remote] DEBUG o.a.h.impl.execchain.MainClientExec - Proxy auth state: UNCHALLENGED
11:39:50.328 [Forwarding get on session d94198a6aa3008d5ffaf97f92db0cb0c to remote] DEBUG org.apache.http.headers - http-outgoing-4 >> POST /session/d94198a6aa3008d5ffaf97f92db0cb0c/url HTTP/1.1
11:39:50.329 [Forwarding get on session d94198a6aa3008d5ffaf97f92db0cb0c to remote] DEBUG org.apache.http.headers - http-outgoing-4 >> Content-Type: application/json; charset=utf-8
11:39:50.329 [Forwarding get on session d94198a6aa3008d5ffaf97f92db0cb0c to remote] DEBUG org.apache.http.headers - http-outgoing-4 >> Content-Length: 43
11:39:50.329 [Forwarding get on session d94198a6aa3008d5ffaf97f92db0cb0c to remote] DEBUG org.apache.http.headers - http-outgoing-4 >> Host: localhost:26477
11:39:50.329 [Forwarding get on session d94198a6aa3008d5ffaf97f92db0cb0c to remote] DEBUG org.apache.http.headers - http-outgoing-4 >> Connection: Keep-Alive
11:39:50.329 [Forwarding get on session d94198a6aa3008d5ffaf97f92db0cb0c to remote] DEBUG org.apache.http.headers - http-outgoing-4 >> User-Agent: Apache-HttpClient/4.3.4 (java 1.5)
11:39:50.329 [Forwarding get on session d94198a6aa3008d5ffaf97f92db0cb0c to remote] DEBUG org.apache.http.headers - http-outgoing-4 >> Accept-Encoding: gzip,deflate
11:39:50.329 [Forwarding get on session d94198a6aa3008d5ffaf97f92db0cb0c to remote] DEBUG org.apache.http.wire - http-outgoing-4 >> "POST /session/d94198a6aa3008d5ffaf97f92db0cb0c/url HTTP/1.1[\r][\n]"
11:39:50.329 [Forwarding get on session d94198a6aa3008d5ffaf97f92db0cb0c to remote] DEBUG org.apache.http.wire - http-outgoing-4 >> "Content-Type: application/json; charset=utf-8[\r][\n]"
11:39:50.329 [Forwarding get on session d94198a6aa3008d5ffaf97f92db0cb0c to remote] DEBUG org.apache.http.wire - http-outgoing-4 >> "Content-Length: 43[\r][\n]"
11:39:50.329 [Forwarding get on session d94198a6aa3008d5ffaf97f92db0cb0c to remote] DEBUG org.apache.http.wire - http-outgoing-4 >> "Host: localhost:26477[\r][\n]"
11:39:50.329 [Forwarding get on session d94198a6aa3008d5ffaf97f92db0cb0c to remote] DEBUG org.apache.http.wire - http-outgoing-4 >> "Connection: Keep-Alive[\r][\n]"
11:39:50.329 [Forwarding get on session d94198a6aa3008d5ffaf97f92db0cb0c to remote] DEBUG org.apache.http.wire - http-outgoing-4 >> "User-Agent: Apache-HttpClient/4.3.4 (java 1.5)[\r][\n]"
11:39:50.329 [Forwarding get on session d94198a6aa3008d5ffaf97f92db0cb0c to remote] DEBUG org.apache.http.wire - http-outgoing-4 >> "Accept-Encoding: gzip,deflate[\r][\n]"
11:39:50.329 [Forwarding get on session d94198a6aa3008d5ffaf97f92db0cb0c to remote] DEBUG org.apache.http.wire - http-outgoing-4 >> "[\r][\n]"
11:39:50.329 [Forwarding get on session d94198a6aa3008d5ffaf97f92db0cb0c to remote] DEBUG org.apache.http.wire - http-outgoing-4 >> "{"url":"http://localhost:9000/#/campaigns"}"
11:39:50.333 [LittleProxy-ClientToProxyWorker-2] DEBUG o.l.p.impl.ClientToProxyConnection - (AWAITING_INITIAL): Configuring ChannelPipeline
11:39:50.334 [LittleProxy-ClientToProxyWorker-2] DEBUG o.l.p.impl.ClientToProxyConnection - (AWAITING_INITIAL): Created ClientToProxyConnection
11:39:50.335 [LittleProxy-ClientToProxyWorker-2] DEBUG o.l.p.impl.ClientToProxyConnection - (AWAITING_INITIAL) [id: 0xe726451f, /127.0.0.1:54145 => /127.0.1.1:45224]: Connected
11:39:50.335 [LittleProxy-ClientToProxyWorker-2] DEBUG o.l.p.impl.ClientToProxyConnection - (AWAITING_INITIAL) [id: 0xe726451f, /127.0.0.1:54145 => /127.0.1.1:45224]: Reading: HttpObjectAggregator$AggregatedFullHttpRequest(decodeResult: success, version: HTTP/1.1, content: CompositeByteBuf(ridx: 0, widx: 0, cap: 0, components=0))
GET http://localhost:9000/ HTTP/1.1
Host: localhost:9000
Proxy-Connection: keep-alive
Accept: text/html,application/xhtml+xml,application/xml;q=0.9,image/webp,*/*;q=0.8
Upgrade-Insecure-Requests: 1
User-Agent: Mozilla/5.0 (X11; Linux x86_64) AppleWebKit/537.36 (KHTML, like Gecko) Chrome/44.0.2403.130 Safari/537.36
Accept-Encoding: gzip, deflate, sdch
Accept-Language: en-GB,en-US;q=0.8,en;q=0.6
Content-Length: 0
11:39:50.335 [LittleProxy-ClientToProxyWorker-2] DEBUG o.l.p.impl.ClientToProxyConnection - (AWAITING_INITIAL) [id: 0xe726451f, /127.0.0.1:54145 => /127.0.1.1:45224]: Got request: HttpObjectAggregator$AggregatedFullHttpRequest(decodeResult: success, version: HTTP/1.1, content: CompositeByteBuf(ridx: 0, widx: 0, cap: 0, components=0))
GET http://localhost:9000/ HTTP/1.1
Host: localhost:9000
Proxy-Connection: keep-alive
Accept: text/html,application/xhtml+xml,application/xml;q=0.9,image/webp,*/*;q=0.8
Upgrade-Insecure-Requests: 1
User-Agent: Mozilla/5.0 (X11; Linux x86_64) AppleWebKit/537.36 (KHTML, like Gecko) Chrome/44.0.2403.130 Safari/537.36
Accept-Encoding: gzip, deflate, sdch
Accept-Language: en-GB,en-US;q=0.8,en;q=0.6
Content-Length: 0
11:39:50.336 [LittleProxy-ClientToProxyWorker-2] DEBUG o.l.p.impl.ClientToProxyConnection - (AWAITING_INITIAL) [id: 0xe726451f, /127.0.0.1:54145 => /127.0.1.1:45224]: Ensuring that hostAndPort are available in http://localhost:9000/
11:39:50.336 [LittleProxy-ClientToProxyWorker-2] DEBUG o.l.p.impl.ClientToProxyConnection - (AWAITING_INITIAL) [id: 0xe726451f, /127.0.0.1:54145 => /127.0.1.1:45224]: Finding ProxyToServerConnection for: localhost:9000
11:39:50.336 [LittleProxy-ClientToProxyWorker-2] DEBUG o.l.p.impl.ClientToProxyConnection - (AWAITING_INITIAL) [id: 0xe726451f, /127.0.0.1:54145 => /127.0.1.1:45224]: Didn't find existing ProxyToServerConnection for: localhost:9000
11:39:50.339 [LittleProxy-ClientToProxyWorker-2] DEBUG o.l.p.impl.ClientToProxyConnection - (AWAITING_INITIAL) [id: 0xe726451f, /127.0.0.1:54145 => /127.0.1.1:45224]: Modifying request headers for proxying
11:39:50.339 [LittleProxy-ClientToProxyWorker-2] DEBUG o.l.p.impl.ClientToProxyConnection - (AWAITING_INITIAL) [id: 0xe726451f, /127.0.0.1:54145 => /127.0.1.1:45224]: Modifying request for proxy chaining
11:39:50.339 [LittleProxy-ClientToProxyWorker-2] DEBUG o.l.p.impl.ClientToProxyConnection - (AWAITING_INITIAL) [id: 0xe726451f, /127.0.0.1:54145 => /127.0.1.1:45224]: Stripped host from uri: http://localhost:9000/    yielding: /
11:39:50.339 [LittleProxy-ClientToProxyWorker-2] DEBUG o.l.p.impl.ClientToProxyConnection - (AWAITING_INITIAL) [id: 0xe726451f, /127.0.0.1:54145 => /127.0.1.1:45224]: Removed sdch and inserted: gzip, deflate, 
11:39:50.339 [LittleProxy-ClientToProxyWorker-2] DEBUG o.l.p.impl.ClientToProxyConnection - (AWAITING_INITIAL) [id: 0xe726451f, /127.0.0.1:54145 => /127.0.1.1:45224]: Writing request to ProxyToServerConnection
11:39:50.340 [LittleProxy-ClientToProxyWorker-2] DEBUG o.l.p.impl.ProxyToServerConnection - (DISCONNECTED): Requested write of HttpObjectAggregator$AggregatedFullHttpRequest(decodeResult: success, version: HTTP/1.1, content: CompositeByteBuf(ridx: 0, widx: 0, cap: 0, components=0))
GET / HTTP/1.1
Host: localhost:9000
Accept: text/html,application/xhtml+xml,application/xml;q=0.9,image/webp,*/*;q=0.8
Upgrade-Insecure-Requests: 1
User-Agent: Mozilla/5.0 (X11; Linux x86_64) AppleWebKit/537.36 (KHTML, like Gecko) Chrome/44.0.2403.130 Safari/537.36
Accept-Language: en-GB,en-US;q=0.8,en;q=0.6
Content-Length: 0
Accept-Encoding: gzip, deflate, 
Via: 1.1 localhost.localdomain
11:39:50.340 [LittleProxy-ClientToProxyWorker-2] DEBUG o.l.p.impl.ProxyToServerConnection - (DISCONNECTED): Retaining reference counted message
11:39:50.340 [LittleProxy-ClientToProxyWorker-2] DEBUG o.l.p.impl.ProxyToServerConnection - (DISCONNECTED): Currently disconnected, connect and then write the message
11:39:50.340 [LittleProxy-ClientToProxyWorker-2] DEBUG o.l.p.impl.ProxyToServerConnection - (DISCONNECTED): Starting new connection to: localhost/127.0.0.1:9000
11:39:50.340 [LittleProxy-ClientToProxyWorker-2] DEBUG o.l.p.impl.ClientToProxyConnection - (AWAITING_INITIAL) [id: 0xe726451f, /127.0.0.1:54145 => /127.0.1.1:45224]: Stopped reading
11:39:50.340 [LittleProxy-ClientToProxyWorker-2] DEBUG o.l.p.impl.ProxyToServerConnection - (DISCONNECTED): Processing connection flow step: CONNECTING
11:39:50.340 [LittleProxy-ClientToProxyWorker-2] DEBUG o.l.p.impl.ProxyToServerConnection - (CONNECTING): Connecting to server with TCP
11:39:50.341 [LittleProxy-ProxyToServerWorker-2] DEBUG o.l.p.impl.ProxyToServerConnection - (CONNECTING) [id: 0x9953b61f, /127.0.0.1:35274 => localhost/127.0.0.1:9000]: ConnectionFlowStep succeeded
11:39:50.341 [LittleProxy-ProxyToServerWorker-2] DEBUG o.l.p.impl.ProxyToServerConnection - (CONNECTING) [id: 0x9953b61f, /127.0.0.1:35274 => localhost/127.0.0.1:9000]: Connection flow completed successfully: null
11:39:50.341 [LittleProxy-ProxyToServerWorker-2] DEBUG o.l.p.impl.ClientToProxyConnection - (AWAITING_INITIAL) [id: 0xe726451f, /127.0.0.1:54145 => /127.0.1.1:45224]: Connection to server succeeded: localhost/127.0.0.1:9000
11:39:50.341 [LittleProxy-ProxyToServerWorker-2] DEBUG o.l.p.impl.ClientToProxyConnection - (AWAITING_INITIAL) [id: 0xe726451f, /127.0.0.1:54145 => /127.0.1.1:45224]: All servers have finished attempting to connect, resuming reading from client.
11:39:50.342 [LittleProxy-ProxyToServerWorker-2] DEBUG o.l.p.impl.ClientToProxyConnection - (AWAITING_INITIAL) [id: 0xe726451f, /127.0.0.1:54145 => /127.0.1.1:45224]: Resumed reading
11:39:50.342 [LittleProxy-ProxyToServerWorker-2] DEBUG o.l.p.impl.ProxyToServerConnection - (AWAITING_INITIAL) [id: 0x9953b61f, /127.0.0.1:35274 => localhost/127.0.0.1:9000]: Writing initial request: HttpObjectAggregator$AggregatedFullHttpRequest(decodeResult: success, version: HTTP/1.1, content: CompositeByteBuf(ridx: 0, widx: 0, cap: 0, components=0))
GET / HTTP/1.1
Host: localhost:9000
Accept: text/html,application/xhtml+xml,application/xml;q=0.9,image/webp,*/*;q=0.8
Upgrade-Insecure-Requests: 1
User-Agent: Mozilla/5.0 (X11; Linux x86_64) AppleWebKit/537.36 (KHTML, like Gecko) Chrome/44.0.2403.130 Safari/537.36
Accept-Language: en-GB,en-US;q=0.8,en;q=0.6
Content-Length: 0
Accept-Encoding: gzip, deflate, 
Via: 1.1 localhost.localdomain
11:39:50.342 [LittleProxy-ProxyToServerWorker-2] DEBUG o.l.p.impl.ProxyToServerConnection - (AWAITING_INITIAL) [id: 0x9953b61f, /127.0.0.1:35274 => localhost/127.0.0.1:9000]: Requested write of HttpObjectAggregator$AggregatedFullHttpRequest(decodeResult: success, version: HTTP/1.1, content: CompositeByteBuf(ridx: 0, widx: 0, cap: 0, components=0))
GET / HTTP/1.1
Host: localhost:9000
Accept: text/html,application/xhtml+xml,application/xml;q=0.9,image/webp,*/*;q=0.8
Upgrade-Insecure-Requests: 1
User-Agent: Mozilla/5.0 (X11; Linux x86_64) AppleWebKit/537.36 (KHTML, like Gecko) Chrome/44.0.2403.130 Safari/537.36
Accept-Language: en-GB,en-US;q=0.8,en;q=0.6
Content-Length: 0
Accept-Encoding: gzip, deflate, 
Via: 1.1 localhost.localdomain
11:39:50.342 [LittleProxy-ProxyToServerWorker-2] DEBUG o.l.p.impl.ProxyToServerConnection - (AWAITING_INITIAL) [id: 0x9953b61f, /127.0.0.1:35274 => localhost/127.0.0.1:9000]: Retaining reference counted message
11:39:50.342 [LittleProxy-ProxyToServerWorker-2] DEBUG o.l.p.impl.ProxyToServerConnection - (AWAITING_INITIAL) [id: 0x9953b61f, /127.0.0.1:35274 => localhost/127.0.0.1:9000]: Using existing connection to: localhost/127.0.0.1:9000
11:39:50.342 [LittleProxy-ProxyToServerWorker-2] DEBUG o.l.p.impl.ProxyToServerConnection - (AWAITING_INITIAL) [id: 0x9953b61f, /127.0.0.1:35274 => localhost/127.0.0.1:9000]: Writing: HttpObjectAggregator$AggregatedFullHttpRequest(decodeResult: success, version: HTTP/1.1, content: CompositeByteBuf(ridx: 0, widx: 0, cap: 0, components=0))
GET / HTTP/1.1
Host: localhost:9000
Accept: text/html,application/xhtml+xml,application/xml;q=0.9,image/webp,*/*;q=0.8
Upgrade-Insecure-Requests: 1
User-Agent: Mozilla/5.0 (X11; Linux x86_64) AppleWebKit/537.36 (KHTML, like Gecko) Chrome/44.0.2403.130 Safari/537.36
Accept-Language: en-GB,en-US;q=0.8,en;q=0.6
Content-Length: 0
Accept-Encoding: gzip, deflate, 
Via: 1.1 localhost.localdomain
11:39:50.342 [LittleProxy-ProxyToServerWorker-2] DEBUG o.l.p.impl.ProxyToServerConnection - (AWAITING_INITIAL) [id: 0x9953b61f, /127.0.0.1:35274 => localhost/127.0.0.1:9000]: Writing an empty buffer to signal the end of our chunked transfer
11:39:50.343 [LittleProxy-ProxyToServerWorker-2] DEBUG o.l.p.impl.ProxyToServerConnection - (AWAITING_INITIAL) [id: 0x9953b61f, /127.0.0.1:35274 => localhost/127.0.0.1:9000]: Wrote: HttpObjectAggregator$AggregatedFullHttpRequest(decodeResult: success, version: HTTP/1.1, content: CompositeByteBuf(ridx: 0, widx: 0, cap: 0, components=0))
GET / HTTP/1.1
Host: localhost:9000
Accept: text/html,application/xhtml+xml,application/xml;q=0.9,image/webp,*/*;q=0.8
Upgrade-Insecure-Requests: 1
User-Agent: Mozilla/5.0 (X11; Linux x86_64) AppleWebKit/537.36 (KHTML, like Gecko) Chrome/44.0.2403.130 Safari/537.36
Accept-Language: en-GB,en-US;q=0.8,en;q=0.6
Content-Length: 0
Accept-Encoding: gzip, deflate, 
Via: 1.1 localhost.localdomain
11:39:50.343 [LittleProxy-ProxyToServerWorker-2] DEBUG o.l.p.impl.ProxyToServerConnection - (AWAITING_INITIAL) [id: 0x9953b61f, /127.0.0.1:35274 => localhost/127.0.0.1:9000]: Connected
11:39:50.366 [LittleProxy-ProxyToServerWorker-2] DEBUG o.l.p.impl.ProxyToServerConnection - (AWAITING_INITIAL) [id: 0x9953b61f, /127.0.0.1:35274 => localhost/127.0.0.1:9000]: Remembering the current request.
11:39:50.366 [LittleProxy-ProxyToServerWorker-2] DEBUG o.l.p.impl.ProxyToServerConnection - (AWAITING_INITIAL) [id: 0x9953b61f, /127.0.0.1:35274 => localhost/127.0.0.1:9000]: Reading: DefaultHttpResponse(decodeResult: success, version: HTTP/1.1)
HTTP/1.1 200 OK
Accept-Ranges: bytes
Date: Tue, 08 Sep 2015 10:39:50 GMT
Cache-Control: public, max-age=0
Last-Modified: Mon, 06 Jul 2015 17:22:12 GMT
ETag: W/"M9l175wG4iJlyP9HmD25+w=="
Content-Type: text/html; charset=UTF-8
content-length: 5137
Connection: keep-alive
11:39:50.366 [LittleProxy-ProxyToServerWorker-2] DEBUG o.l.p.impl.ProxyToServerConnection - (AWAITING_INITIAL) [id: 0x9953b61f, /127.0.0.1:35274 => localhost/127.0.0.1:9000]: Received raw response: DefaultHttpResponse(decodeResult: success, version: HTTP/1.1)
HTTP/1.1 200 OK
Accept-Ranges: bytes
Date: Tue, 08 Sep 2015 10:39:50 GMT
Cache-Control: public, max-age=0
Last-Modified: Mon, 06 Jul 2015 17:22:12 GMT
ETag: W/"M9l175wG4iJlyP9HmD25+w=="
Content-Type: text/html; charset=UTF-8
content-length: 5137
Connection: keep-alive
11:39:50.366 [LittleProxy-ProxyToServerWorker-2] DEBUG o.l.p.impl.ProxyToServerConnection - (AWAITING_INITIAL) [id: 0x9953b61f, /127.0.0.1:35274 => localhost/127.0.0.1:9000]: Remembering the current response.
11:39:50.366 [LittleProxy-ProxyToServerWorker-2] DEBUG o.l.p.impl.ClientToProxyConnection - (AWAITING_INITIAL) [id: 0xe726451f, /127.0.0.1:54145 => /127.0.1.1:45224]: Writing: DefaultHttpResponse(decodeResult: success, version: HTTP/1.1)
HTTP/1.1 200 OK
Accept-Ranges: bytes
Date: Tue, 08 Sep 2015 10:39:50 GMT
Cache-Control: public, max-age=0
Last-Modified: Mon, 06 Jul 2015 17:22:12 GMT
ETag: W/"M9l175wG4iJlyP9HmD25+w=="
Content-Type: text/html; charset=UTF-8
content-length: 5137
Via: 1.1 localhost.localdomain
11:39:50.367 [LittleProxy-ProxyToServerWorker-2] DEBUG o.l.p.impl.ClientToProxyConnection - (AWAITING_INITIAL) [id: 0xe726451f, /127.0.0.1:54145 => /127.0.1.1:45224]: Wrote: DefaultHttpResponse(decodeResult: success, version: HTTP/1.1)
HTTP/1.1 200 OK
Accept-Ranges: bytes
Date: Tue, 08 Sep 2015 10:39:50 GMT
Cache-Control: public, max-age=0
Last-Modified: Mon, 06 Jul 2015 17:22:12 GMT
ETag: W/"M9l175wG4iJlyP9HmD25+w=="
Content-Type: text/html; charset=UTF-8
content-length: 5137
Via: 1.1 localhost.localdomain
11:39:50.367 [LittleProxy-ProxyToServerWorker-2] DEBUG o.l.p.impl.ClientToProxyConnection - (AWAITING_INITIAL) [id: 0xe726451f, /127.0.0.1:54145 => /127.0.1.1:45224]: Not closing server connection on middle chunk for /
11:39:50.367 [LittleProxy-ProxyToServerWorker-2] DEBUG o.l.p.impl.ClientToProxyConnection - (AWAITING_INITIAL) [id: 0xe726451f, /127.0.0.1:54145 => /127.0.1.1:45224]: Not closing client connection on middle chunk for /
11:39:50.367 [LittleProxy-ProxyToServerWorker-2] DEBUG o.l.p.impl.ProxyToServerConnection - (AWAITING_CHUNK) [id: 0x9953b61f, /127.0.0.1:35274 => localhost/127.0.0.1:9000]: Reading: DefaultHttpContent(data: SlicedByteBuf(ridx: 0, widx: 744, cap: 744/744, unwrapped: UnpooledUnsafeDirectByteBuf(ridx: 1024, widx: 1024, cap: 1024)), decoderResult: success)
11:39:50.367 [LittleProxy-ProxyToServerWorker-2] DEBUG o.l.p.impl.ClientToProxyConnection - (AWAITING_INITIAL) [id: 0xe726451f, /127.0.0.1:54145 => /127.0.1.1:45224]: Retaining reference counted message
11:39:50.367 [LittleProxy-ProxyToServerWorker-2] DEBUG o.l.p.impl.ClientToProxyConnection - (AWAITING_INITIAL) [id: 0xe726451f, /127.0.0.1:54145 => /127.0.1.1:45224]: Writing: DefaultHttpContent(data: SlicedByteBuf(ridx: 0, widx: 744, cap: 744/744, unwrapped: UnpooledUnsafeDirectByteBuf(ridx: 1024, widx: 1024, cap: 1024)), decoderResult: success)
11:39:50.367 [LittleProxy-ProxyToServerWorker-2] DEBUG o.l.p.impl.ClientToProxyConnection - (AWAITING_INITIAL) [id: 0xe726451f, /127.0.0.1:54145 => /127.0.1.1:45224]: Wrote: DefaultHttpContent(data: SlicedByteBuf(ridx: 0, widx: 744, cap: 744/744, unwrapped: UnpooledUnsafeDirectByteBuf(ridx: 1024, widx: 1024, cap: 1024)), decoderResult: success)
11:39:50.367 [LittleProxy-ProxyToServerWorker-2] DEBUG o.l.p.impl.ClientToProxyConnection - (AWAITING_INITIAL) [id: 0xe726451f, /127.0.0.1:54145 => /127.0.1.1:45224]: Not closing server connection on middle chunk for /
11:39:50.367 [LittleProxy-ProxyToServerWorker-2] DEBUG o.l.p.impl.ClientToProxyConnection - (AWAITING_INITIAL) [id: 0xe726451f, /127.0.0.1:54145 => /127.0.1.1:45224]: Not closing client connection on middle chunk for /
11:39:50.367 [LittleProxy-ProxyToServerWorker-2] DEBUG o.l.p.impl.ProxyToServerConnection - (AWAITING_CHUNK) [id: 0x9953b61f, /127.0.0.1:35274 => localhost/127.0.0.1:9000]: Reading: DefaultHttpContent(data: SlicedByteBuf(ridx: 0, widx: 1024, cap: 1024/1024, unwrapped: UnpooledUnsafeDirectByteBuf(ridx: 1024, widx: 1024, cap: 1024)), decoderResult: success)
11:39:50.367 [LittleProxy-ProxyToServerWorker-2] DEBUG o.l.p.impl.ClientToProxyConnection - (AWAITING_INITIAL) [id: 0xe726451f, /127.0.0.1:54145 => /127.0.1.1:45224]: Retaining reference counted message
11:39:50.367 [LittleProxy-ProxyToServerWorker-2] DEBUG o.l.p.impl.ClientToProxyConnection - (AWAITING_INITIAL) [id: 0xe726451f, /127.0.0.1:54145 => /127.0.1.1:45224]: Writing: DefaultHttpContent(data: SlicedByteBuf(ridx: 0, widx: 1024, cap: 1024/1024, unwrapped: UnpooledUnsafeDirectByteBuf(ridx: 1024, widx: 1024, cap: 1024)), decoderResult: success)
11:39:50.367 [LittleProxy-ProxyToServerWorker-2] DEBUG o.l.p.impl.ClientToProxyConnection - (AWAITING_INITIAL) [id: 0xe726451f, /127.0.0.1:54145 => /127.0.1.1:45224]: Wrote: DefaultHttpContent(data: SlicedByteBuf(ridx: 0, widx: 1024, cap: 1024/1024, unwrapped: UnpooledUnsafeDirectByteBuf(ridx: 1024, widx: 1024, cap: 1024)), decoderResult: success)
11:39:50.367 [LittleProxy-ProxyToServerWorker-2] DEBUG o.l.p.impl.ClientToProxyConnection - (AWAITING_INITIAL) [id: 0xe726451f, /127.0.0.1:54145 => /127.0.1.1:45224]: Not closing server connection on middle chunk for /
11:39:50.367 [LittleProxy-ProxyToServerWorker-2] DEBUG o.l.p.impl.ClientToProxyConnection - (AWAITING_INITIAL) [id: 0xe726451f, /127.0.0.1:54145 => /127.0.1.1:45224]: Not closing client connection on middle chunk for /
11:39:50.368 [LittleProxy-ProxyToServerWorker-2] DEBUG o.l.p.impl.ProxyToServerConnection - (AWAITING_CHUNK) [id: 0x9953b61f, /127.0.0.1:35274 => localhost/127.0.0.1:9000]: Reading: DefaultHttpContent(data: SlicedByteBuf(ridx: 0, widx: 1024, cap: 1024/1024, unwrapped: UnpooledUnsafeDirectByteBuf(ridx: 1024, widx: 1024, cap: 1024)), decoderResult: success)
11:39:50.368 [LittleProxy-ProxyToServerWorker-2] DEBUG o.l.p.impl.ClientToProxyConnection - (AWAITING_INITIAL) [id: 0xe726451f, /127.0.0.1:54145 => /127.0.1.1:45224]: Retaining reference counted message
11:39:50.368 [LittleProxy-ProxyToServerWorker-2] DEBUG o.l.p.impl.ClientToProxyConnection - (AWAITING_INITIAL) [id: 0xe726451f, /127.0.0.1:54145 => /127.0.1.1:45224]: Writing: DefaultHttpContent(data: SlicedByteBuf(ridx: 0, widx: 1024, cap: 1024/1024, unwrapped: UnpooledUnsafeDirectByteBuf(ridx: 1024, widx: 1024, cap: 1024)), decoderResult: success)
11:39:50.368 [LittleProxy-ProxyToServerWorker-2] DEBUG o.l.p.impl.ClientToProxyConnection - (AWAITING_INITIAL) [id: 0xe726451f, /127.0.0.1:54145 => /127.0.1.1:45224]: Wrote: DefaultHttpContent(data: SlicedByteBuf(ridx: 0, widx: 1024, cap: 1024/1024, unwrapped: UnpooledUnsafeDirectByteBuf(ridx: 1024, widx: 1024, cap: 1024)), decoderResult: success)
11:39:50.368 [LittleProxy-ProxyToServerWorker-2] DEBUG o.l.p.impl.ClientToProxyConnection - (AWAITING_INITIAL) [id: 0xe726451f, /127.0.0.1:54145 => /127.0.1.1:45224]: Not closing server connection on middle chunk for /
11:39:50.368 [LittleProxy-ProxyToServerWorker-2] DEBUG o.l.p.impl.ClientToProxyConnection - (AWAITING_INITIAL) [id: 0xe726451f, /127.0.0.1:54145 => /127.0.1.1:45224]: Not closing client connection on middle chunk for /
11:39:50.368 [LittleProxy-ProxyToServerWorker-2] DEBUG o.l.p.impl.ProxyToServerConnection - (AWAITING_CHUNK) [id: 0x9953b61f, /127.0.0.1:35274 => localhost/127.0.0.1:9000]: Reading: DefaultHttpContent(data: SlicedByteBuf(ridx: 0, widx: 1024, cap: 1024/1024, unwrapped: UnpooledUnsafeDirectByteBuf(ridx: 1024, widx: 1024, cap: 1024)), decoderResult: success)
11:39:50.368 [LittleProxy-ProxyToServerWorker-2] DEBUG o.l.p.impl.ClientToProxyConnection - (AWAITING_INITIAL) [id: 0xe726451f, /127.0.0.1:54145 => /127.0.1.1:45224]: Retaining reference counted message
11:39:50.368 [LittleProxy-ProxyToServerWorker-2] DEBUG o.l.p.impl.ClientToProxyConnection - (AWAITING_INITIAL) [id: 0xe726451f, /127.0.0.1:54145 => /127.0.1.1:45224]: Writing: DefaultHttpContent(data: SlicedByteBuf(ridx: 0, widx: 1024, cap: 1024/1024, unwrapped: UnpooledUnsafeDirectByteBuf(ridx: 1024, widx: 1024, cap: 1024)), decoderResult: success)
11:39:50.368 [LittleProxy-ProxyToServerWorker-2] DEBUG o.l.p.impl.ClientToProxyConnection - (AWAITING_INITIAL) [id: 0xe726451f, /127.0.0.1:54145 => /127.0.1.1:45224]: Wrote: DefaultHttpContent(data: SlicedByteBuf(ridx: 0, widx: 1024, cap: 1024/1024, unwrapped: UnpooledUnsafeDirectByteBuf(ridx: 1024, widx: 1024, cap: 1024)), decoderResult: success)
11:39:50.368 [LittleProxy-ProxyToServerWorker-2] DEBUG o.l.p.impl.ClientToProxyConnection - (AWAITING_INITIAL) [id: 0xe726451f, /127.0.0.1:54145 => /127.0.1.1:45224]: Not closing server connection on middle chunk for /
11:39:50.368 [LittleProxy-ProxyToServerWorker-2] DEBUG o.l.p.impl.ClientToProxyConnection - (AWAITING_INITIAL) [id: 0xe726451f, /127.0.0.1:54145 => /127.0.1.1:45224]: Not closing client connection on middle chunk for /
11:39:50.368 [LittleProxy-ProxyToServerWorker-2] DEBUG o.l.p.impl.ProxyToServerConnection - (AWAITING_CHUNK) [id: 0x9953b61f, /127.0.0.1:35274 => localhost/127.0.0.1:9000]: Reading: DefaultHttpContent(data: SlicedByteBuf(ridx: 0, widx: 1024, cap: 1024/1024, unwrapped: UnpooledUnsafeDirectByteBuf(ridx: 1024, widx: 1024, cap: 1024)), decoderResult: success)
11:39:50.368 [LittleProxy-ProxyToServerWorker-2] DEBUG o.l.p.impl.ClientToProxyConnection - (AWAITING_INITIAL) [id: 0xe726451f, /127.0.0.1:54145 => /127.0.1.1:45224]: Retaining reference counted message
11:39:50.368 [LittleProxy-ProxyToServerWorker-2] DEBUG o.l.p.impl.ClientToProxyConnection - (AWAITING_INITIAL) [id: 0xe726451f, /127.0.0.1:54145 => /127.0.1.1:45224]: Writing: DefaultHttpContent(data: SlicedByteBuf(ridx: 0, widx: 1024, cap: 1024/1024, unwrapped: UnpooledUnsafeDirectByteBuf(ridx: 1024, widx: 1024, cap: 1024)), decoderResult: success)
11:39:50.368 [LittleProxy-ProxyToServerWorker-2] DEBUG o.l.p.impl.ClientToProxyConnection - (AWAITING_INITIAL) [id: 0xe726451f, /127.0.0.1:54145 => /127.0.1.1:45224]: Wrote: DefaultHttpContent(data: SlicedByteBuf(ridx: 0, widx: 1024, cap: 1024/1024, unwrapped: UnpooledUnsafeDirectByteBuf(ridx: 1024, widx: 1024, cap: 1024)), decoderResult: success)
11:39:50.369 [LittleProxy-ProxyToServerWorker-2] DEBUG o.l.p.impl.ClientToProxyConnection - (AWAITING_INITIAL) [id: 0xe726451f, /127.0.0.1:54145 => /127.0.1.1:45224]: Not closing server connection on middle chunk for /
11:39:50.369 [LittleProxy-ProxyToServerWorker-2] DEBUG o.l.p.impl.ClientToProxyConnection - (AWAITING_INITIAL) [id: 0xe726451f, /127.0.0.1:54145 => /127.0.1.1:45224]: Not closing client connection on middle chunk for /
11:39:50.369 [LittleProxy-ProxyToServerWorker-2] DEBUG o.l.p.impl.ProxyToServerConnection - (AWAITING_CHUNK) [id: 0x9953b61f, /127.0.0.1:35274 => localhost/127.0.0.1:9000]: Reading: DefaultLastHttpContent(data: SlicedByteBuf(ridx: 0, widx: 297, cap: 297/297, unwrapped: UnpooledUnsafeDirectByteBuf(ridx: 297, widx: 297, cap: 1024)), decoderResult: success)
11:39:50.369 [LittleProxy-ProxyToServerWorker-2] DEBUG o.l.p.impl.ClientToProxyConnection - (AWAITING_INITIAL) [id: 0xe726451f, /127.0.0.1:54145 => /127.0.1.1:45224]: Retaining reference counted message
11:39:50.369 [LittleProxy-ProxyToServerWorker-2] DEBUG o.l.p.impl.ClientToProxyConnection - (AWAITING_INITIAL) [id: 0xe726451f, /127.0.0.1:54145 => /127.0.1.1:45224]: Writing: DefaultLastHttpContent(data: SlicedByteBuf(ridx: 0, widx: 297, cap: 297/297, unwrapped: UnpooledUnsafeDirectByteBuf(ridx: 297, widx: 297, cap: 1024)), decoderResult: success)
11:39:50.369 [LittleProxy-ProxyToServerWorker-2] DEBUG o.l.p.impl.ClientToProxyConnection - (AWAITING_INITIAL) [id: 0xe726451f, /127.0.0.1:54145 => /127.0.1.1:45224]: Writing an empty buffer to signal the end of our chunked transfer
11:39:50.369 [LittleProxy-ProxyToServerWorker-2] DEBUG o.l.p.impl.ClientToProxyConnection - (AWAITING_INITIAL) [id: 0xe726451f, /127.0.0.1:54145 => /127.0.1.1:45224]: Wrote: DefaultLastHttpContent(data: SlicedByteBuf(ridx: 0, widx: 297, cap: 297/297, unwrapped: UnpooledUnsafeDirectByteBuf(ridx: 297, widx: 297, cap: 1024)), decoderResult: success)
11:39:50.369 [LittleProxy-ProxyToServerWorker-2] DEBUG o.l.p.impl.ClientToProxyConnection - (AWAITING_INITIAL) [id: 0xe726451f, /127.0.0.1:54145 => /127.0.1.1:45224]: Retaining reference counted message
11:39:50.369 [LittleProxy-ProxyToServerWorker-2] DEBUG o.l.p.impl.ClientToProxyConnection - (AWAITING_INITIAL) [id: 0xe726451f, /127.0.0.1:54145 => /127.0.1.1:45224]: Writing: EmptyByteBufBE
11:39:50.369 [LittleProxy-ProxyToServerWorker-2] DEBUG o.l.p.impl.ClientToProxyConnection - (AWAITING_INITIAL) [id: 0xe726451f, /127.0.0.1:54145 => /127.0.1.1:45224]: Wrote: EmptyByteBufBE
11:39:50.369 [LittleProxy-ProxyToServerWorker-2] DEBUG o.l.p.impl.ClientToProxyConnection - (AWAITING_INITIAL) [id: 0xe726451f, /127.0.0.1:54145 => /127.0.1.1:45224]: Handling last chunk. Using normal server connection closing rules.
11:39:50.369 [LittleProxy-ProxyToServerWorker-2] DEBUG o.l.p.impl.ClientToProxyConnection - (AWAITING_INITIAL) [id: 0xe726451f, /127.0.0.1:54145 => /127.0.1.1:45224]: Not closing server connection for response: DefaultHttpResponse(decodeResult: success, version: HTTP/1.1)
HTTP/1.1 200 OK
Accept-Ranges: bytes
Date: Tue, 08 Sep 2015 10:39:50 GMT
Cache-Control: public, max-age=0
Last-Modified: Mon, 06 Jul 2015 17:22:12 GMT
ETag: W/"M9l175wG4iJlyP9HmD25+w=="
Content-Type: text/html; charset=UTF-8
content-length: 5137
Connection: keep-alive
11:39:50.369 [LittleProxy-ProxyToServerWorker-2] DEBUG o.l.p.impl.ClientToProxyConnection - (AWAITING_INITIAL) [id: 0xe726451f, /127.0.0.1:54145 => /127.0.1.1:45224]: Handling last chunk. Using normal client connection closing rules.
11:39:50.370 [LittleProxy-ProxyToServerWorker-2] DEBUG o.l.p.impl.ClientToProxyConnection - (AWAITING_INITIAL) [id: 0xe726451f, /127.0.0.1:54145 => /127.0.1.1:45224]: Not closing client connection for request: HttpObjectAggregator$AggregatedFullHttpRequest(decodeResult: success, version: HTTP/1.1, content: CompositeByteBuf(ridx: 0, widx: 0, cap: 0, components=0))
GET / HTTP/1.1
Host: localhost:9000
Accept: text/html,application/xhtml+xml,application/xml;q=0.9,image/webp,*/*;q=0.8
Upgrade-Insecure-Requests: 1
User-Agent: Mozilla/5.0 (X11; Linux x86_64) AppleWebKit/537.36 (KHTML, like Gecko) Chrome/44.0.2403.130 Safari/537.36
Accept-Language: en-GB,en-US;q=0.8,en;q=0.6
Content-Length: 0
Accept-Encoding: gzip, deflate, 
Via: 1.1 localhost.localdomain
11:39:50.377 [LittleProxy-ClientToProxyWorker-2] DEBUG o.l.p.impl.ClientToProxyConnection - (AWAITING_INITIAL) [id: 0xe726451f, /127.0.0.1:54145 => /127.0.1.1:45224]: Reading: HttpObjectAggregator$AggregatedFullHttpRequest(decodeResult: success, version: HTTP/1.1, content: CompositeByteBuf(ridx: 0, widx: 0, cap: 0, components=0))
GET http://localhost:9000/bower_components/bootstrap/dist/css/bootstrap.css HTTP/1.1
Host: localhost:9000
Proxy-Connection: keep-alive
Accept: text/css,*/*;q=0.1
User-Agent: Mozilla/5.0 (X11; Linux x86_64) AppleWebKit/537.36 (KHTML, like Gecko) Chrome/44.0.2403.130 Safari/537.36
Referer: http://localhost:9000/
Accept-Encoding: gzip, deflate, sdch
Accept-Language: en-GB,en-US;q=0.8,en;q=0.6
Content-Length: 0
11:39:50.377 [LittleProxy-ClientToProxyWorker-2] DEBUG o.l.p.impl.ClientToProxyConnection - (AWAITING_INITIAL) [id: 0xe726451f, /127.0.0.1:54145 => /127.0.1.1:45224]: Got request: HttpObjectAggregator$AggregatedFullHttpRequest(decodeResult: success, version: HTTP/1.1, content: CompositeByteBuf(ridx: 0, widx: 0, cap: 0, components=0))
GET http://localhost:9000/bower_components/bootstrap/dist/css/bootstrap.css HTTP/1.1
Host: localhost:9000
Proxy-Connection: keep-alive
Accept: text/css,*/*;q=0.1
User-Agent: Mozilla/5.0 (X11; Linux x86_64) AppleWebKit/537.36 (KHTML, like Gecko) Chrome/44.0.2403.130 Safari/537.36
Referer: http://localhost:9000/
Accept-Encoding: gzip, deflate, sdch
Accept-Language: en-GB,en-US;q=0.8,en;q=0.6
Content-Length: 0
11:39:50.378 [LittleProxy-ClientToProxyWorker-2] DEBUG o.l.p.impl.ClientToProxyConnection - (AWAITING_INITIAL) [id: 0xe726451f, /127.0.0.1:54145 => /127.0.1.1:45224]: Ensuring that hostAndPort are available in http://localhost:9000/bower_components/bootstrap/dist/css/bootstrap.css
11:39:50.378 [LittleProxy-ClientToProxyWorker-2] DEBUG o.l.p.impl.ClientToProxyConnection - (AWAITING_INITIAL) [id: 0xe726451f, /127.0.0.1:54145 => /127.0.1.1:45224]: Finding ProxyToServerConnection for: localhost:9000
11:39:50.378 [LittleProxy-ClientToProxyWorker-2] DEBUG o.l.p.impl.ClientToProxyConnection - (AWAITING_INITIAL) [id: 0xe726451f, /127.0.0.1:54145 => /127.0.1.1:45224]: Reusing existing server connection: org.littleshoot.proxy.impl.ProxyToServerConnection@210dcfa0
11:39:50.378 [LittleProxy-ClientToProxyWorker-2] DEBUG o.l.p.impl.ClientToProxyConnection - (AWAITING_INITIAL) [id: 0xe726451f, /127.0.0.1:54145 => /127.0.1.1:45224]: Modifying request headers for proxying
11:39:50.378 [LittleProxy-ClientToProxyWorker-2] DEBUG o.l.p.impl.ClientToProxyConnection - (AWAITING_INITIAL) [id: 0xe726451f, /127.0.0.1:54145 => /127.0.1.1:45224]: Modifying request for proxy chaining
11:39:50.378 [LittleProxy-ClientToProxyWorker-2] DEBUG o.l.p.impl.ClientToProxyConnection - (AWAITING_INITIAL) [id: 0xe726451f, /127.0.0.1:54145 => /127.0.1.1:45224]: Stripped host from uri: http://localhost:9000/bower_components/bootstrap/dist/css/bootstrap.css    yielding: /bower_components/bootstrap/dist/css/bootstrap.css
11:39:50.378 [LittleProxy-ClientToProxyWorker-2] DEBUG o.l.p.impl.ClientToProxyConnection - (AWAITING_INITIAL) [id: 0xe726451f, /127.0.0.1:54145 => /127.0.1.1:45224]: Removed sdch and inserted: gzip, deflate, 
11:39:50.378 [LittleProxy-ClientToProxyWorker-2] DEBUG o.l.p.impl.ClientToProxyConnection - (AWAITING_INITIAL) [id: 0xe726451f, /127.0.0.1:54145 => /127.0.1.1:45224]: Writing request to ProxyToServerConnection
11:39:50.378 [LittleProxy-ClientToProxyWorker-2] DEBUG o.l.p.impl.ProxyToServerConnection - (AWAITING_INITIAL) [id: 0x9953b61f, /127.0.0.1:35274 => localhost/127.0.0.1:9000]: Requested write of HttpObjectAggregator$AggregatedFullHttpRequest(decodeResult: success, version: HTTP/1.1, content: CompositeByteBuf(ridx: 0, widx: 0, cap: 0, components=0))
GET /bower_components/bootstrap/dist/css/bootstrap.css HTTP/1.1
Host: localhost:9000
Accept: text/css,*/*;q=0.1
User-Agent: Mozilla/5.0 (X11; Linux x86_64) AppleWebKit/537.36 (KHTML, like Gecko) Chrome/44.0.2403.130 Safari/537.36
Referer: http://localhost:9000/
Accept-Language: en-GB,en-US;q=0.8,en;q=0.6
Content-Length: 0
Accept-Encoding: gzip, deflate, 
Via: 1.1 localhost.localdomain
11:39:50.378 [LittleProxy-ClientToProxyWorker-2] DEBUG o.l.p.impl.ProxyToServerConnection - (AWAITING_INITIAL) [id: 0x9953b61f, /127.0.0.1:35274 => localhost/127.0.0.1:9000]: Retaining reference counted message
11:39:50.378 [LittleProxy-ClientToProxyWorker-2] DEBUG o.l.p.impl.ProxyToServerConnection - (AWAITING_INITIAL) [id: 0x9953b61f, /127.0.0.1:35274 => localhost/127.0.0.1:9000]: Using existing connection to: localhost/127.0.0.1:9000
11:39:50.378 [LittleProxy-ClientToProxyWorker-2] DEBUG o.l.p.impl.ProxyToServerConnection - (AWAITING_INITIAL) [id: 0x9953b61f, /127.0.0.1:35274 => localhost/127.0.0.1:9000]: Writing: HttpObjectAggregator$AggregatedFullHttpRequest(decodeResult: success, version: HTTP/1.1, content: CompositeByteBuf(ridx: 0, widx: 0, cap: 0, components=0))
GET /bower_components/bootstrap/dist/css/bootstrap.css HTTP/1.1
Host: localhost:9000
Accept: text/css,*/*;q=0.1
User-Agent: Mozilla/5.0 (X11; Linux x86_64) AppleWebKit/537.36 (KHTML, like Gecko) Chrome/44.0.2403.130 Safari/537.36
Referer: http://localhost:9000/
Accept-Language: en-GB,en-US;q=0.8,en;q=0.6
Content-Length: 0
Accept-Encoding: gzip, deflate, 
Via: 1.1 localhost.localdomain
11:39:50.378 [LittleProxy-ClientToProxyWorker-2] DEBUG o.l.p.impl.ProxyToServerConnection - (AWAITING_INITIAL) [id: 0x9953b61f, /127.0.0.1:35274 => localhost/127.0.0.1:9000]: Writing an empty buffer to signal the end of our chunked transfer
11:39:50.378 [LittleProxy-ClientToProxyWorker-2] DEBUG o.l.p.impl.ProxyToServerConnection - (AWAITING_INITIAL) [id: 0x9953b61f, /127.0.0.1:35274 => localhost/127.0.0.1:9000]: Wrote: HttpObjectAggregator$AggregatedFullHttpRequest(decodeResult: success, version: HTTP/1.1, content: CompositeByteBuf(ridx: 0, widx: 0, cap: 0, components=0))
GET /bower_components/bootstrap/dist/css/bootstrap.css HTTP/1.1
Host: localhost:9000
Accept: text/css,*/*;q=0.1
User-Agent: Mozilla/5.0 (X11; Linux x86_64) AppleWebKit/537.36 (KHTML, like Gecko) Chrome/44.0.2403.130 Safari/537.36
Referer: http://localhost:9000/
Accept-Language: en-GB,en-US;q=0.8,en;q=0.6
Content-Length: 0
Accept-Encoding: gzip, deflate, 
Via: 1.1 localhost.localdomain
11:39:50.380 [LittleProxy-ClientToProxyWorker-3] DEBUG o.l.p.impl.ClientToProxyConnection - (AWAITING_INITIAL): Configuring ChannelPipeline
11:39:50.380 [LittleProxy-ClientToProxyWorker-6] DEBUG o.l.p.impl.ClientToProxyConnection - (AWAITING_INITIAL): Configuring ChannelPipeline
11:39:50.380 [LittleProxy-ClientToProxyWorker-5] DEBUG o.l.p.impl.ClientToProxyConnection - (AWAITING_INITIAL): Configuring ChannelPipeline
11:39:50.380 [LittleProxy-ClientToProxyWorker-4] DEBUG o.l.p.impl.ClientToProxyConnection - (AWAITING_INITIAL): Configuring ChannelPipeline
11:39:50.380 [LittleProxy-ClientToProxyWorker-7] DEBUG o.l.p.impl.ClientToProxyConnection - (AWAITING_INITIAL): Configuring ChannelPipeline
11:39:50.380 [LittleProxy-ClientToProxyWorker-3] DEBUG o.l.p.impl.ClientToProxyConnection - (AWAITING_INITIAL): Created ClientToProxyConnection
11:39:50.381 [LittleProxy-ClientToProxyWorker-6] DEBUG o.l.p.impl.ClientToProxyConnection - (AWAITING_INITIAL): Created ClientToProxyConnection
11:39:50.381 [LittleProxy-ClientToProxyWorker-4] DEBUG o.l.p.impl.ClientToProxyConnection - (AWAITING_INITIAL): Created ClientToProxyConnection
11:39:50.381 [LittleProxy-ClientToProxyWorker-7] DEBUG o.l.p.impl.ClientToProxyConnection - (AWAITING_INITIAL): Created ClientToProxyConnection
11:39:50.381 [LittleProxy-ClientToProxyWorker-6] DEBUG o.l.p.impl.ClientToProxyConnection - (AWAITING_INITIAL) [id: 0x16fa54b8, /127.0.0.1:54150 => /127.0.1.1:45224]: Connected
11:39:50.381 [LittleProxy-ClientToProxyWorker-4] DEBUG o.l.p.impl.ClientToProxyConnection - (AWAITING_INITIAL) [id: 0x1e5765f0, /127.0.0.1:54148 => /127.0.1.1:45224]: Connected
11:39:50.381 [LittleProxy-ClientToProxyWorker-7] DEBUG o.l.p.impl.ClientToProxyConnection - (AWAITING_INITIAL) [id: 0xa74abe3b, /127.0.0.1:54151 => /127.0.1.1:45224]: Connected
11:39:50.381 [LittleProxy-ClientToProxyWorker-5] DEBUG o.l.p.impl.ClientToProxyConnection - (AWAITING_INITIAL): Created ClientToProxyConnection
11:39:50.387 [LittleProxy-ClientToProxyWorker-4] DEBUG o.l.p.impl.ClientToProxyConnection - (AWAITING_INITIAL) [id: 0x1e5765f0, /127.0.0.1:54148 => /127.0.1.1:45224]: Reading: HttpObjectAggregator$AggregatedFullHttpRequest(decodeResult: success, version: HTTP/1.1, content: CompositeByteBuf(ridx: 0, widx: 0, cap: 0, components=0))
GET http://localhost:9000/bower_components/angular-dialog-service/dist/dialogs.min.css HTTP/1.1
Host: localhost:9000
Proxy-Connection: keep-alive
Accept: text/css,*/*;q=0.1
User-Agent: Mozilla/5.0 (X11; Linux x86_64) AppleWebKit/537.36 (KHTML, like Gecko) Chrome/44.0.2403.130 Safari/537.36
Referer: http://localhost:9000/
Accept-Encoding: gzip, deflate, sdch
Accept-Language: en-GB,en-US;q=0.8,en;q=0.6
Content-Length: 0
11:39:50.387 [LittleProxy-ClientToProxyWorker-7] DEBUG o.l.p.impl.ClientToProxyConnection - (AWAITING_INITIAL) [id: 0xa74abe3b, /127.0.0.1:54151 => /127.0.1.1:45224]: Reading: HttpObjectAggregator$AggregatedFullHttpRequest(decodeResult: success, version: HTTP/1.1, content: CompositeByteBuf(ridx: 0, widx: 0, cap: 0, components=0))
GET http://localhost:9000/bower_components/jquery/dist/jquery.js HTTP/1.1
Host: localhost:9000
Proxy-Connection: keep-alive
Accept: */*
User-Agent: Mozilla/5.0 (X11; Linux x86_64) AppleWebKit/537.36 (KHTML, like Gecko) Chrome/44.0.2403.130 Safari/537.36
Referer: http://localhost:9000/
Accept-Encoding: gzip, deflate, sdch
Accept-Language: en-GB,en-US;q=0.8,en;q=0.6
Content-Length: 0
11:39:50.387 [LittleProxy-ClientToProxyWorker-4] DEBUG o.l.p.impl.ClientToProxyConnection - (AWAITING_INITIAL) [id: 0x1e5765f0, /127.0.0.1:54148 => /127.0.1.1:45224]: Got request: HttpObjectAggregator$AggregatedFullHttpRequest(decodeResult: success, version: HTTP/1.1, content: CompositeByteBuf(ridx: 0, widx: 0, cap: 0, components=0))
GET http://localhost:9000/bower_components/angular-dialog-service/dist/dialogs.min.css HTTP/1.1
Host: localhost:9000
Proxy-Connection: keep-alive
Accept: text/css,*/*;q=0.1
User-Agent: Mozilla/5.0 (X11; Linux x86_64) AppleWebKit/537.36 (KHTML, like Gecko) Chrome/44.0.2403.130 Safari/537.36
Referer: http://localhost:9000/
Accept-Encoding: gzip, deflate, sdch
Accept-Language: en-GB,en-US;q=0.8,en;q=0.6
Content-Length: 0
11:39:50.387 [LittleProxy-ClientToProxyWorker-6] DEBUG o.l.p.impl.ClientToProxyConnection - (AWAITING_INITIAL) [id: 0x16fa54b8, /127.0.0.1:54150 => /127.0.1.1:45224]: Reading: HttpObjectAggregator$AggregatedFullHttpRequest(decodeResult: success, version: HTTP/1.1, content: CompositeByteBuf(ridx: 0, widx: 0, cap: 0, components=0))
GET http://localhost:9000/styles/main.css HTTP/1.1
Host: localhost:9000
Proxy-Connection: keep-alive
Accept: text/css,*/*;q=0.1
User-Agent: Mozilla/5.0 (X11; Linux x86_64) AppleWebKit/537.36 (KHTML, like Gecko) Chrome/44.0.2403.130 Safari/537.36
Referer: http://localhost:9000/
Accept-Encoding: gzip, deflate, sdch
Accept-Language: en-GB,en-US;q=0.8,en;q=0.6
Content-Length: 0
11:39:50.387 [LittleProxy-ClientToProxyWorker-7] DEBUG o.l.p.impl.ClientToProxyConnection - (AWAITING_INITIAL) [id: 0xa74abe3b, /127.0.0.1:54151 => /127.0.1.1:45224]: Got request: HttpObjectAggregator$AggregatedFullHttpRequest(decodeResult: success, version: HTTP/1.1, content: CompositeByteBuf(ridx: 0, widx: 0, cap: 0, components=0))
GET http://localhost:9000/bower_components/jquery/dist/jquery.js HTTP/1.1
Host: localhost:9000
Proxy-Connection: keep-alive
Accept: */*
User-Agent: Mozilla/5.0 (X11; Linux x86_64) AppleWebKit/537.36 (KHTML, like Gecko) Chrome/44.0.2403.130 Safari/537.36
Referer: http://localhost:9000/
Accept-Encoding: gzip, deflate, sdch
Accept-Language: en-GB,en-US;q=0.8,en;q=0.6
Content-Length: 0
11:39:50.388 [LittleProxy-ClientToProxyWorker-6] DEBUG o.l.p.impl.ClientToProxyConnection - (AWAITING_INITIAL) [id: 0x16fa54b8, /127.0.0.1:54150 => /127.0.1.1:45224]: Got request: HttpObjectAggregator$AggregatedFullHttpRequest(decodeResult: success, version: HTTP/1.1, content: CompositeByteBuf(ridx: 0, widx: 0, cap: 0, components=0))
GET http://localhost:9000/styles/main.css HTTP/1.1
Host: localhost:9000
Proxy-Connection: keep-alive
Accept: text/css,*/*;q=0.1
User-Agent: Mozilla/5.0 (X11; Linux x86_64) AppleWebKit/537.36 (KHTML, like Gecko) Chrome/44.0.2403.130 Safari/537.36
Referer: http://localhost:9000/
Accept-Encoding: gzip, deflate, sdch
Accept-Language: en-GB,en-US;q=0.8,en;q=0.6
Content-Length: 0
11:39:50.388 [LittleProxy-ClientToProxyWorker-7] DEBUG o.l.p.impl.ClientToProxyConnection - (AWAITING_INITIAL) [id: 0xa74abe3b, /127.0.0.1:54151 => /127.0.1.1:45224]: Ensuring that hostAndPort are available in http://localhost:9000/bower_components/jquery/dist/jquery.js
11:39:50.388 [LittleProxy-ClientToProxyWorker-4] DEBUG o.l.p.impl.ClientToProxyConnection - (AWAITING_INITIAL) [id: 0x1e5765f0, /127.0.0.1:54148 => /127.0.1.1:45224]: Ensuring that hostAndPort are available in http://localhost:9000/bower_components/angular-dialog-service/dist/dialogs.min.css
11:39:50.388 [LittleProxy-ClientToProxyWorker-4] DEBUG o.l.p.impl.ClientToProxyConnection - (AWAITING_INITIAL) [id: 0x1e5765f0, /127.0.0.1:54148 => /127.0.1.1:45224]: Finding ProxyToServerConnection for: localhost:9000
11:39:50.388 [LittleProxy-ClientToProxyWorker-4] DEBUG o.l.p.impl.ClientToProxyConnection - (AWAITING_INITIAL) [id: 0x1e5765f0, /127.0.0.1:54148 => /127.0.1.1:45224]: Didn't find existing ProxyToServerConnection for: localhost:9000
11:39:50.388 [LittleProxy-ClientToProxyWorker-6] DEBUG o.l.p.impl.ClientToProxyConnection - (AWAITING_INITIAL) [id: 0x16fa54b8, /127.0.0.1:54150 => /127.0.1.1:45224]: Ensuring that hostAndPort are available in http://localhost:9000/styles/main.css
11:39:50.388 [LittleProxy-ClientToProxyWorker-6] DEBUG o.l.p.impl.ClientToProxyConnection - (AWAITING_INITIAL) [id: 0x16fa54b8, /127.0.0.1:54150 => /127.0.1.1:45224]: Finding ProxyToServerConnection for: localhost:9000
11:39:50.388 [LittleProxy-ClientToProxyWorker-6] DEBUG o.l.p.impl.ClientToProxyConnection - (AWAITING_INITIAL) [id: 0x16fa54b8, /127.0.0.1:54150 => /127.0.1.1:45224]: Didn't find existing ProxyToServerConnection for: localhost:9000
11:39:50.388 [LittleProxy-ClientToProxyWorker-4] DEBUG o.l.p.impl.ClientToProxyConnection - (AWAITING_INITIAL) [id: 0x1e5765f0, /127.0.0.1:54148 => /127.0.1.1:45224]: Modifying request headers for proxying
11:39:50.388 [LittleProxy-ClientToProxyWorker-6] DEBUG o.l.p.impl.ClientToProxyConnection - (AWAITING_INITIAL) [id: 0x16fa54b8, /127.0.0.1:54150 => /127.0.1.1:45224]: Modifying request headers for proxying
11:39:50.388 [LittleProxy-ClientToProxyWorker-4] DEBUG o.l.p.impl.ClientToProxyConnection - (AWAITING_INITIAL) [id: 0x1e5765f0, /127.0.0.1:54148 => /127.0.1.1:45224]: Modifying request for proxy chaining
11:39:50.388 [LittleProxy-ClientToProxyWorker-6] DEBUG o.l.p.impl.ClientToProxyConnection - (AWAITING_INITIAL) [id: 0x16fa54b8, /127.0.0.1:54150 => /127.0.1.1:45224]: Modifying request for proxy chaining
11:39:50.388 [LittleProxy-ClientToProxyWorker-4] DEBUG o.l.p.impl.ClientToProxyConnection - (AWAITING_INITIAL) [id: 0x1e5765f0, /127.0.0.1:54148 => /127.0.1.1:45224]: Stripped host from uri: http://localhost:9000/bower_components/angular-dialog-service/dist/dialogs.min.css    yielding: /bower_components/angular-dialog-service/dist/dialogs.min.css
11:39:50.388 [LittleProxy-ClientToProxyWorker-6] DEBUG o.l.p.impl.ClientToProxyConnection - (AWAITING_INITIAL) [id: 0x16fa54b8, /127.0.0.1:54150 => /127.0.1.1:45224]: Stripped host from uri: http://localhost:9000/styles/main.css    yielding: /styles/main.css
11:39:50.388 [LittleProxy-ClientToProxyWorker-6] DEBUG o.l.p.impl.ClientToProxyConnection - (AWAITING_INITIAL) [id: 0x16fa54b8, /127.0.0.1:54150 => /127.0.1.1:45224]: Removed sdch and inserted: gzip, deflate, 
11:39:50.388 [LittleProxy-ClientToProxyWorker-4] DEBUG o.l.p.impl.ClientToProxyConnection - (AWAITING_INITIAL) [id: 0x1e5765f0, /127.0.0.1:54148 => /127.0.1.1:45224]: Removed sdch and inserted: gzip, deflate, 
11:39:50.389 [LittleProxy-ClientToProxyWorker-6] DEBUG o.l.p.impl.ClientToProxyConnection - (AWAITING_INITIAL) [id: 0x16fa54b8, /127.0.0.1:54150 => /127.0.1.1:45224]: Writing request to ProxyToServerConnection
11:39:50.389 [LittleProxy-ClientToProxyWorker-4] DEBUG o.l.p.impl.ClientToProxyConnection - (AWAITING_INITIAL) [id: 0x1e5765f0, /127.0.0.1:54148 => /127.0.1.1:45224]: Writing request to ProxyToServerConnection
11:39:50.389 [LittleProxy-ClientToProxyWorker-7] DEBUG o.l.p.impl.ClientToProxyConnection - (AWAITING_INITIAL) [id: 0xa74abe3b, /127.0.0.1:54151 => /127.0.1.1:45224]: Finding ProxyToServerConnection for: localhost:9000
11:39:50.389 [LittleProxy-ClientToProxyWorker-6] DEBUG o.l.p.impl.ProxyToServerConnection - (DISCONNECTED): Requested write of HttpObjectAggregator$AggregatedFullHttpRequest(decodeResult: success, version: HTTP/1.1, content: CompositeByteBuf(ridx: 0, widx: 0, cap: 0, components=0))
GET /styles/main.css HTTP/1.1
Host: localhost:9000
Accept: text/css,*/*;q=0.1
User-Agent: Mozilla/5.0 (X11; Linux x86_64) AppleWebKit/537.36 (KHTML, like Gecko) Chrome/44.0.2403.130 Safari/537.36
Referer: http://localhost:9000/
Accept-Language: en-GB,en-US;q=0.8,en;q=0.6
Content-Length: 0
Accept-Encoding: gzip, deflate, 
Via: 1.1 localhost.localdomain
11:39:50.389 [LittleProxy-ClientToProxyWorker-4] DEBUG o.l.p.impl.ProxyToServerConnection - (DISCONNECTED): Requested write of HttpObjectAggregator$AggregatedFullHttpRequest(decodeResult: success, version: HTTP/1.1, content: CompositeByteBuf(ridx: 0, widx: 0, cap: 0, components=0))
GET /bower_components/angular-dialog-service/dist/dialogs.min.css HTTP/1.1
Host: localhost:9000
Accept: text/css,*/*;q=0.1
User-Agent: Mozilla/5.0 (X11; Linux x86_64) AppleWebKit/537.36 (KHTML, like Gecko) Chrome/44.0.2403.130 Safari/537.36
Referer: http://localhost:9000/
Accept-Language: en-GB,en-US;q=0.8,en;q=0.6
Content-Length: 0
Accept-Encoding: gzip, deflate, 
Via: 1.1 localhost.localdomain
11:39:50.389 [LittleProxy-ClientToProxyWorker-6] DEBUG o.l.p.impl.ProxyToServerConnection - (DISCONNECTED): Retaining reference counted message
11:39:50.389 [LittleProxy-ClientToProxyWorker-4] DEBUG o.l.p.impl.ProxyToServerConnection - (DISCONNECTED): Retaining reference counted message
11:39:50.389 [LittleProxy-ClientToProxyWorker-6] DEBUG o.l.p.impl.ProxyToServerConnection - (DISCONNECTED): Currently disconnected, connect and then write the message
11:39:50.389 [LittleProxy-ClientToProxyWorker-4] DEBUG o.l.p.impl.ProxyToServerConnection - (DISCONNECTED): Currently disconnected, connect and then write the message
11:39:50.389 [LittleProxy-ClientToProxyWorker-7] DEBUG o.l.p.impl.ClientToProxyConnection - (AWAITING_INITIAL) [id: 0xa74abe3b, /127.0.0.1:54151 => /127.0.1.1:45224]: Didn't find existing ProxyToServerConnection for: localhost:9000
11:39:50.389 [LittleProxy-ClientToProxyWorker-6] DEBUG o.l.p.impl.ProxyToServerConnection - (DISCONNECTED): Starting new connection to: localhost/127.0.0.1:9000
11:39:50.389 [LittleProxy-ClientToProxyWorker-4] DEBUG o.l.p.impl.ProxyToServerConnection - (DISCONNECTED): Starting new connection to: localhost/127.0.0.1:9000
11:39:50.389 [LittleProxy-ClientToProxyWorker-6] DEBUG o.l.p.impl.ClientToProxyConnection - (AWAITING_INITIAL) [id: 0x16fa54b8, /127.0.0.1:54150 => /127.0.1.1:45224]: Stopped reading
11:39:50.389 [LittleProxy-ClientToProxyWorker-4] DEBUG o.l.p.impl.ClientToProxyConnection - (AWAITING_INITIAL) [id: 0x1e5765f0, /127.0.0.1:54148 => /127.0.1.1:45224]: Stopped reading
11:39:50.389 [LittleProxy-ClientToProxyWorker-6] DEBUG o.l.p.impl.ProxyToServerConnection - (DISCONNECTED): Processing connection flow step: CONNECTING
11:39:50.389 [LittleProxy-ClientToProxyWorker-4] DEBUG o.l.p.impl.ProxyToServerConnection - (DISCONNECTED): Processing connection flow step: CONNECTING
11:39:50.389 [LittleProxy-ClientToProxyWorker-6] DEBUG o.l.p.impl.ProxyToServerConnection - (CONNECTING): Connecting to server with TCP
11:39:50.389 [LittleProxy-ClientToProxyWorker-4] DEBUG o.l.p.impl.ProxyToServerConnection - (CONNECTING): Connecting to server with TCP
11:39:50.389 [LittleProxy-ClientToProxyWorker-7] DEBUG o.l.p.impl.ClientToProxyConnection - (AWAITING_INITIAL) [id: 0xa74abe3b, /127.0.0.1:54151 => /127.0.1.1:45224]: Modifying request headers for proxying
11:39:50.390 [LittleProxy-ClientToProxyWorker-7] DEBUG o.l.p.impl.ClientToProxyConnection - (AWAITING_INITIAL) [id: 0xa74abe3b, /127.0.0.1:54151 => /127.0.1.1:45224]: Modifying request for proxy chaining
11:39:50.390 [LittleProxy-ClientToProxyWorker-7] DEBUG o.l.p.impl.ClientToProxyConnection - (AWAITING_INITIAL) [id: 0xa74abe3b, /127.0.0.1:54151 => /127.0.1.1:45224]: Stripped host from uri: http://localhost:9000/bower_components/jquery/dist/jquery.js    yielding: /bower_components/jquery/dist/jquery.js
11:39:50.390 [LittleProxy-ClientToProxyWorker-7] DEBUG o.l.p.impl.ClientToProxyConnection - (AWAITING_INITIAL) [id: 0xa74abe3b, /127.0.0.1:54151 => /127.0.1.1:45224]: Removed sdch and inserted: gzip, deflate, 
11:39:50.390 [LittleProxy-ClientToProxyWorker-7] DEBUG o.l.p.impl.ClientToProxyConnection - (AWAITING_INITIAL) [id: 0xa74abe3b, /127.0.0.1:54151 => /127.0.1.1:45224]: Writing request to ProxyToServerConnection
11:39:50.390 [LittleProxy-ClientToProxyWorker-7] DEBUG o.l.p.impl.ProxyToServerConnection - (DISCONNECTED): Requested write of HttpObjectAggregator$AggregatedFullHttpRequest(decodeResult: success, version: HTTP/1.1, content: CompositeByteBuf(ridx: 0, widx: 0, cap: 0, components=0))
GET /bower_components/jquery/dist/jquery.js HTTP/1.1
Host: localhost:9000
Accept: */*
User-Agent: Mozilla/5.0 (X11; Linux x86_64) AppleWebKit/537.36 (KHTML, like Gecko) Chrome/44.0.2403.130 Safari/537.36
Referer: http://localhost:9000/
Accept-Language: en-GB,en-US;q=0.8,en;q=0.6
Content-Length: 0
Accept-Encoding: gzip, deflate, 
Via: 1.1 localhost.localdomain
11:39:50.390 [LittleProxy-ClientToProxyWorker-7] DEBUG o.l.p.impl.ProxyToServerConnection - (DISCONNECTED): Retaining reference counted message
11:39:50.390 [LittleProxy-ClientToProxyWorker-7] DEBUG o.l.p.impl.ProxyToServerConnection - (DISCONNECTED): Currently disconnected, connect and then write the message
11:39:50.390 [LittleProxy-ClientToProxyWorker-7] DEBUG o.l.p.impl.ProxyToServerConnection - (DISCONNECTED): Starting new connection to: localhost/127.0.0.1:9000
11:39:50.390 [LittleProxy-ClientToProxyWorker-7] DEBUG o.l.p.impl.ClientToProxyConnection - (AWAITING_INITIAL) [id: 0xa74abe3b, /127.0.0.1:54151 => /127.0.1.1:45224]: Stopped reading
11:39:50.390 [LittleProxy-ClientToProxyWorker-7] DEBUG o.l.p.impl.ProxyToServerConnection - (DISCONNECTED): Processing connection flow step: CONNECTING
11:39:50.390 [LittleProxy-ClientToProxyWorker-7] DEBUG o.l.p.impl.ProxyToServerConnection - (CONNECTING): Connecting to server with TCP
11:39:50.392 [LittleProxy-ClientToProxyWorker-3] DEBUG o.l.p.impl.ClientToProxyConnection - (AWAITING_INITIAL) [id: 0x4dc93f85, /127.0.0.1:54147 => /127.0.1.1:45224]: Connected
11:39:50.393 [LittleProxy-ClientToProxyWorker-5] DEBUG o.l.p.impl.ClientToProxyConnection - (AWAITING_INITIAL) [id: 0x87242349, /127.0.0.1:54149 => /127.0.1.1:45224]: Connected
11:39:50.393 [LittleProxy-ClientToProxyWorker-5] DEBUG o.l.p.impl.ClientToProxyConnection - (AWAITING_INITIAL) [id: 0x87242349, /127.0.0.1:54149 => /127.0.1.1:45224]: Reading: HttpObjectAggregator$AggregatedFullHttpRequest(decodeResult: success, version: HTTP/1.1, content: CompositeByteBuf(ridx: 0, widx: 0, cap: 0, components=0))
GET http://localhost:9000/bower_components/jquery-ui/themes/base/all.css HTTP/1.1
Host: localhost:9000
Proxy-Connection: keep-alive
Accept: text/css,*/*;q=0.1
User-Agent: Mozilla/5.0 (X11; Linux x86_64) AppleWebKit/537.36 (KHTML, like Gecko) Chrome/44.0.2403.130 Safari/537.36
Referer: http://localhost:9000/
Accept-Encoding: gzip, deflate, sdch
Accept-Language: en-GB,en-US;q=0.8,en;q=0.6
Content-Length: 0
11:39:50.394 [LittleProxy-ClientToProxyWorker-5] DEBUG o.l.p.impl.ClientToProxyConnection - (AWAITING_INITIAL) [id: 0x87242349, /127.0.0.1:54149 => /127.0.1.1:45224]: Got request: HttpObjectAggregator$AggregatedFullHttpRequest(decodeResult: success, version: HTTP/1.1, content: CompositeByteBuf(ridx: 0, widx: 0, cap: 0, components=0))
GET http://localhost:9000/bower_components/jquery-ui/themes/base/all.css HTTP/1.1
Host: localhost:9000
Proxy-Connection: keep-alive
Accept: text/css,*/*;q=0.1
User-Agent: Mozilla/5.0 (X11; Linux x86_64) AppleWebKit/537.36 (KHTML, like Gecko) Chrome/44.0.2403.130 Safari/537.36
Referer: http://localhost:9000/
Accept-Encoding: gzip, deflate, sdch
Accept-Language: en-GB,en-US;q=0.8,en;q=0.6
Content-Length: 0
11:39:50.394 [LittleProxy-ClientToProxyWorker-5] DEBUG o.l.p.impl.ClientToProxyConnection - (AWAITING_INITIAL) [id: 0x87242349, /127.0.0.1:54149 => /127.0.1.1:45224]: Ensuring that hostAndPort are available in http://localhost:9000/bower_components/jquery-ui/themes/base/all.css
11:39:50.394 [LittleProxy-ClientToProxyWorker-5] DEBUG o.l.p.impl.ClientToProxyConnection - (AWAITING_INITIAL) [id: 0x87242349, /127.0.0.1:54149 => /127.0.1.1:45224]: Finding ProxyToServerConnection for: localhost:9000
11:39:50.394 [LittleProxy-ClientToProxyWorker-5] DEBUG o.l.p.impl.ClientToProxyConnection - (AWAITING_INITIAL) [id: 0x87242349, /127.0.0.1:54149 => /127.0.1.1:45224]: Didn't find existing ProxyToServerConnection for: localhost:9000
11:39:50.394 [LittleProxy-ClientToProxyWorker-5] DEBUG o.l.p.impl.ClientToProxyConnection - (AWAITING_INITIAL) [id: 0x87242349, /127.0.0.1:54149 => /127.0.1.1:45224]: Modifying request headers for proxying
11:39:50.394 [LittleProxy-ClientToProxyWorker-5] DEBUG o.l.p.impl.ClientToProxyConnection - (AWAITING_INITIAL) [id: 0x87242349, /127.0.0.1:54149 => /127.0.1.1:45224]: Modifying request for proxy chaining
11:39:50.394 [LittleProxy-ClientToProxyWorker-3] DEBUG o.l.p.impl.ClientToProxyConnection - (AWAITING_INITIAL) [id: 0x4dc93f85, /127.0.0.1:54147 => /127.0.1.1:45224]: Reading: HttpObjectAggregator$AggregatedFullHttpRequest(decodeResult: success, version: HTTP/1.1, content: CompositeByteBuf(ridx: 0, widx: 0, cap: 0, components=0))
GET http://localhost:9000/bower_components/angular-bootstrap-datetimepicker/src/css/datetimepicker.css HTTP/1.1
Host: localhost:9000
Proxy-Connection: keep-alive
Accept: text/css,*/*;q=0.1
User-Agent: Mozilla/5.0 (X11; Linux x86_64) AppleWebKit/537.36 (KHTML, like Gecko) Chrome/44.0.2403.130 Safari/537.36
Referer: http://localhost:9000/
Accept-Encoding: gzip, deflate, sdch
Accept-Language: en-GB,en-US;q=0.8,en;q=0.6
Content-Length: 0
11:39:50.395 [LittleProxy-ClientToProxyWorker-5] DEBUG o.l.p.impl.ClientToProxyConnection - (AWAITING_INITIAL) [id: 0x87242349, /127.0.0.1:54149 => /127.0.1.1:45224]: Stripped host from uri: http://localhost:9000/bower_components/jquery-ui/themes/base/all.css    yielding: /bower_components/jquery-ui/themes/base/all.css
11:39:50.395 [LittleProxy-ClientToProxyWorker-3] DEBUG o.l.p.impl.ClientToProxyConnection - (AWAITING_INITIAL) [id: 0x4dc93f85, /127.0.0.1:54147 => /127.0.1.1:45224]: Got request: HttpObjectAggregator$AggregatedFullHttpRequest(decodeResult: success, version: HTTP/1.1, content: CompositeByteBuf(ridx: 0, widx: 0, cap: 0, components=0))
GET http://localhost:9000/bower_components/angular-bootstrap-datetimepicker/src/css/datetimepicker.css HTTP/1.1
Host: localhost:9000
Proxy-Connection: keep-alive
Accept: text/css,*/*;q=0.1
User-Agent: Mozilla/5.0 (X11; Linux x86_64) AppleWebKit/537.36 (KHTML, like Gecko) Chrome/44.0.2403.130 Safari/537.36
Referer: http://localhost:9000/
Accept-Encoding: gzip, deflate, sdch
Accept-Language: en-GB,en-US;q=0.8,en;q=0.6
Content-Length: 0
11:39:50.396 [LittleProxy-ClientToProxyWorker-5] DEBUG o.l.p.impl.ClientToProxyConnection - (AWAITING_INITIAL) [id: 0x87242349, /127.0.0.1:54149 => /127.0.1.1:45224]: Removed sdch and inserted: gzip, deflate, 
11:39:50.396 [LittleProxy-ClientToProxyWorker-5] DEBUG o.l.p.impl.ClientToProxyConnection - (AWAITING_INITIAL) [id: 0x87242349, /127.0.0.1:54149 => /127.0.1.1:45224]: Writing request to ProxyToServerConnection
11:39:50.398 [LittleProxy-ClientToProxyWorker-5] DEBUG o.l.p.impl.ProxyToServerConnection - (DISCONNECTED): Requested write of HttpObjectAggregator$AggregatedFullHttpRequest(decodeResult: success, version: HTTP/1.1, content: CompositeByteBuf(ridx: 0, widx: 0, cap: 0, components=0))
GET /bower_components/jquery-ui/themes/base/all.css HTTP/1.1
Host: localhost:9000
Accept: text/css,*/*;q=0.1
User-Agent: Mozilla/5.0 (X11; Linux x86_64) AppleWebKit/537.36 (KHTML, like Gecko) Chrome/44.0.2403.130 Safari/537.36
Referer: http://localhost:9000/
Accept-Language: en-GB,en-US;q=0.8,en;q=0.6
Content-Length: 0
Accept-Encoding: gzip, deflate, 
Via: 1.1 localhost.localdomain
11:39:50.398 [LittleProxy-ClientToProxyWorker-5] DEBUG o.l.p.impl.ProxyToServerConnection - (DISCONNECTED): Retaining reference counted message
11:39:50.398 [LittleProxy-ClientToProxyWorker-5] DEBUG o.l.p.impl.ProxyToServerConnection - (DISCONNECTED): Currently disconnected, connect and then write the message
11:39:50.398 [LittleProxy-ClientToProxyWorker-5] DEBUG o.l.p.impl.ProxyToServerConnection - (DISCONNECTED): Starting new connection to: localhost/127.0.0.1:9000
11:39:50.398 [LittleProxy-ClientToProxyWorker-3] DEBUG o.l.p.impl.ClientToProxyConnection - (AWAITING_INITIAL) [id: 0x4dc93f85, /127.0.0.1:54147 => /127.0.1.1:45224]: Ensuring that hostAndPort are available in http://localhost:9000/bower_components/angular-bootstrap-datetimepicker/src/css/datetimepicker.css
11:39:50.398 [LittleProxy-ClientToProxyWorker-5] DEBUG o.l.p.impl.ClientToProxyConnection - (AWAITING_INITIAL) [id: 0x87242349, /127.0.0.1:54149 => /127.0.1.1:45224]: Stopped reading
11:39:50.398 [LittleProxy-ClientToProxyWorker-3] DEBUG o.l.p.impl.ClientToProxyConnection - (AWAITING_INITIAL) [id: 0x4dc93f85, /127.0.0.1:54147 => /127.0.1.1:45224]: Finding ProxyToServerConnection for: localhost:9000
11:39:50.398 [LittleProxy-ClientToProxyWorker-5] DEBUG o.l.p.impl.ProxyToServerConnection - (DISCONNECTED): Processing connection flow step: CONNECTING
11:39:50.398 [LittleProxy-ClientToProxyWorker-3] DEBUG o.l.p.impl.ClientToProxyConnection - (AWAITING_INITIAL) [id: 0x4dc93f85, /127.0.0.1:54147 => /127.0.1.1:45224]: Didn't find existing ProxyToServerConnection for: localhost:9000
11:39:50.398 [LittleProxy-ClientToProxyWorker-5] DEBUG o.l.p.impl.ProxyToServerConnection - (CONNECTING): Connecting to server with TCP
11:39:50.399 [LittleProxy-ClientToProxyWorker-3] DEBUG o.l.p.impl.ClientToProxyConnection - (AWAITING_INITIAL) [id: 0x4dc93f85, /127.0.0.1:54147 => /127.0.1.1:45224]: Modifying request headers for proxying
11:39:50.399 [LittleProxy-ClientToProxyWorker-3] DEBUG o.l.p.impl.ClientToProxyConnection - (AWAITING_INITIAL) [id: 0x4dc93f85, /127.0.0.1:54147 => /127.0.1.1:45224]: Modifying request for proxy chaining
11:39:50.399 [LittleProxy-ClientToProxyWorker-3] DEBUG o.l.p.impl.ClientToProxyConnection - (AWAITING_INITIAL) [id: 0x4dc93f85, /127.0.0.1:54147 => /127.0.1.1:45224]: Stripped host from uri: http://localhost:9000/bower_components/angular-bootstrap-datetimepicker/src/css/datetimepicker.css    yielding: /bower_components/angular-bootstrap-datetimepicker/src/css/datetimepicker.css
11:39:50.399 [LittleProxy-ProxyToServerWorker-3] DEBUG o.l.p.impl.ProxyToServerConnection - (CONNECTING) [id: 0xceaab001, /127.0.0.1:35280 => localhost/127.0.0.1:9000]: ConnectionFlowStep succeeded
11:39:50.399 [LittleProxy-ClientToProxyWorker-3] DEBUG o.l.p.impl.ClientToProxyConnection - (AWAITING_INITIAL) [id: 0x4dc93f85, /127.0.0.1:54147 => /127.0.1.1:45224]: Removed sdch and inserted: gzip, deflate, 
11:39:50.399 [LittleProxy-ProxyToServerWorker-3] DEBUG o.l.p.impl.ProxyToServerConnection - (CONNECTING) [id: 0xceaab001, /127.0.0.1:35280 => localhost/127.0.0.1:9000]: Connection flow completed successfully: null
11:39:50.399 [LittleProxy-ClientToProxyWorker-3] DEBUG o.l.p.impl.ClientToProxyConnection - (AWAITING_INITIAL) [id: 0x4dc93f85, /127.0.0.1:54147 => /127.0.1.1:45224]: Writing request to ProxyToServerConnection
11:39:50.399 [LittleProxy-ProxyToServerWorker-3] DEBUG o.l.p.impl.ClientToProxyConnection - (AWAITING_INITIAL) [id: 0x16fa54b8, /127.0.0.1:54150 => /127.0.1.1:45224]: Connection to server succeeded: localhost/127.0.0.1:9000
11:39:50.399 [LittleProxy-ClientToProxyWorker-3] DEBUG o.l.p.impl.ProxyToServerConnection - (DISCONNECTED): Requested write of HttpObjectAggregator$AggregatedFullHttpRequest(decodeResult: success, version: HTTP/1.1, content: CompositeByteBuf(ridx: 0, widx: 0, cap: 0, components=0))
GET /bower_components/angular-bootstrap-datetimepicker/src/css/datetimepicker.css HTTP/1.1
Host: localhost:9000
Accept: text/css,*/*;q=0.1
User-Agent: Mozilla/5.0 (X11; Linux x86_64) AppleWebKit/537.36 (KHTML, like Gecko) Chrome/44.0.2403.130 Safari/537.36
Referer: http://localhost:9000/
Accept-Language: en-GB,en-US;q=0.8,en;q=0.6
Content-Length: 0
Accept-Encoding: gzip, deflate, 
Via: 1.1 localhost.localdomain
11:39:50.399 [LittleProxy-ProxyToServerWorker-3] DEBUG o.l.p.impl.ClientToProxyConnection - (AWAITING_INITIAL) [id: 0x16fa54b8, /127.0.0.1:54150 => /127.0.1.1:45224]: All servers have finished attempting to connect, resuming reading from client.
11:39:50.399 [LittleProxy-ClientToProxyWorker-3] DEBUG o.l.p.impl.ProxyToServerConnection - (DISCONNECTED): Retaining reference counted message
11:39:50.399 [LittleProxy-ProxyToServerWorker-3] DEBUG o.l.p.impl.ClientToProxyConnection - (AWAITING_INITIAL) [id: 0x16fa54b8, /127.0.0.1:54150 => /127.0.1.1:45224]: Resumed reading
11:39:50.399 [LittleProxy-ClientToProxyWorker-3] DEBUG o.l.p.impl.ProxyToServerConnection - (DISCONNECTED): Currently disconnected, connect and then write the message
11:39:50.399 [LittleProxy-ProxyToServerWorker-5] DEBUG o.l.p.impl.ProxyToServerConnection - (CONNECTING) [id: 0x97bd59d1, /127.0.0.1:35281 => localhost/127.0.0.1:9000]: ConnectionFlowStep succeeded
11:39:50.399 [LittleProxy-ClientToProxyWorker-3] DEBUG o.l.p.impl.ProxyToServerConnection - (DISCONNECTED): Starting new connection to: localhost/127.0.0.1:9000
11:39:50.399 [LittleProxy-ProxyToServerWorker-3] DEBUG o.l.p.impl.ProxyToServerConnection - (AWAITING_INITIAL) [id: 0xceaab001, /127.0.0.1:35280 => localhost/127.0.0.1:9000]: Writing initial request: HttpObjectAggregator$AggregatedFullHttpRequest(decodeResult: success, version: HTTP/1.1, content: CompositeByteBuf(ridx: 0, widx: 0, cap: 0, components=0))
GET /styles/main.css HTTP/1.1
Host: localhost:9000
Accept: text/css,*/*;q=0.1
User-Agent: Mozilla/5.0 (X11; Linux x86_64) AppleWebKit/537.36 (KHTML, like Gecko) Chrome/44.0.2403.130 Safari/537.36
Referer: http://localhost:9000/
Accept-Language: en-GB,en-US;q=0.8,en;q=0.6
Content-Length: 0
Accept-Encoding: gzip, deflate, 
Via: 1.1 localhost.localdomain
11:39:50.399 [LittleProxy-ProxyToServerWorker-5] DEBUG o.l.p.impl.ProxyToServerConnection - (CONNECTING) [id: 0x97bd59d1, /127.0.0.1:35281 => localhost/127.0.0.1:9000]: Connection flow completed successfully: null
11:39:50.399 [LittleProxy-ClientToProxyWorker-3] DEBUG o.l.p.impl.ClientToProxyConnection - (AWAITING_INITIAL) [id: 0x4dc93f85, /127.0.0.1:54147 => /127.0.1.1:45224]: Stopped reading
11:39:50.400 [LittleProxy-ProxyToServerWorker-3] DEBUG o.l.p.impl.ProxyToServerConnection - (AWAITING_INITIAL) [id: 0xceaab001, /127.0.0.1:35280 => localhost/127.0.0.1:9000]: Requested write of HttpObjectAggregator$AggregatedFullHttpRequest(decodeResult: success, version: HTTP/1.1, content: CompositeByteBuf(ridx: 0, widx: 0, cap: 0, components=0))
GET /styles/main.css HTTP/1.1
Host: localhost:9000
Accept: text/css,*/*;q=0.1
User-Agent: Mozilla/5.0 (X11; Linux x86_64) AppleWebKit/537.36 (KHTML, like Gecko) Chrome/44.0.2403.130 Safari/537.36
Referer: http://localhost:9000/
Accept-Language: en-GB,en-US;q=0.8,en;q=0.6
Content-Length: 0
Accept-Encoding: gzip, deflate, 
Via: 1.1 localhost.localdomain
11:39:50.400 [LittleProxy-ClientToProxyWorker-3] DEBUG o.l.p.impl.ProxyToServerConnection - (DISCONNECTED): Processing connection flow step: CONNECTING
11:39:50.400 [LittleProxy-ProxyToServerWorker-5] DEBUG o.l.p.impl.ClientToProxyConnection - (AWAITING_INITIAL) [id: 0xa74abe3b, /127.0.0.1:54151 => /127.0.1.1:45224]: Connection to server succeeded: localhost/127.0.0.1:9000
11:39:50.400 [LittleProxy-ProxyToServerWorker-3] DEBUG o.l.p.impl.ProxyToServerConnection - (AWAITING_INITIAL) [id: 0xceaab001, /127.0.0.1:35280 => localhost/127.0.0.1:9000]: Retaining reference counted message
11:39:50.400 [LittleProxy-ClientToProxyWorker-3] DEBUG o.l.p.impl.ProxyToServerConnection - (CONNECTING): Connecting to server with TCP
11:39:50.400 [LittleProxy-ProxyToServerWorker-5] DEBUG o.l.p.impl.ClientToProxyConnection - (AWAITING_INITIAL) [id: 0xa74abe3b, /127.0.0.1:54151 => /127.0.1.1:45224]: All servers have finished attempting to connect, resuming reading from client.
11:39:50.400 [LittleProxy-ProxyToServerWorker-3] DEBUG o.l.p.impl.ProxyToServerConnection - (AWAITING_INITIAL) [id: 0xceaab001, /127.0.0.1:35280 => localhost/127.0.0.1:9000]: Using existing connection to: localhost/127.0.0.1:9000
11:39:50.400 [LittleProxy-ProxyToServerWorker-5] DEBUG o.l.p.impl.ClientToProxyConnection - (AWAITING_INITIAL) [id: 0xa74abe3b, /127.0.0.1:54151 => /127.0.1.1:45224]: Resumed reading
11:39:50.400 [LittleProxy-ProxyToServerWorker-3] DEBUG o.l.p.impl.ProxyToServerConnection - (AWAITING_INITIAL) [id: 0xceaab001, /127.0.0.1:35280 => localhost/127.0.0.1:9000]: Writing: HttpObjectAggregator$AggregatedFullHttpRequest(decodeResult: success, version: HTTP/1.1, content: CompositeByteBuf(ridx: 0, widx: 0, cap: 0, components=0))
GET /styles/main.css HTTP/1.1
Host: localhost:9000
Accept: text/css,*/*;q=0.1
User-Agent: Mozilla/5.0 (X11; Linux x86_64) AppleWebKit/537.36 (KHTML, like Gecko) Chrome/44.0.2403.130 Safari/537.36
Referer: http://localhost:9000/
Accept-Language: en-GB,en-US;q=0.8,en;q=0.6
Content-Length: 0
Accept-Encoding: gzip, deflate, 
Via: 1.1 localhost.localdomain
11:39:50.400 [LittleProxy-ProxyToServerWorker-6] DEBUG o.l.p.impl.ProxyToServerConnection - (CONNECTING) [id: 0x15efad94, /127.0.0.1:35282 => localhost/127.0.0.1:9000]: ConnectionFlowStep succeeded
11:39:50.400 [LittleProxy-ProxyToServerWorker-5] DEBUG o.l.p.impl.ProxyToServerConnection - (AWAITING_INITIAL) [id: 0x97bd59d1, /127.0.0.1:35281 => localhost/127.0.0.1:9000]: Writing initial request: HttpObjectAggregator$AggregatedFullHttpRequest(decodeResult: success, version: HTTP/1.1, content: CompositeByteBuf(ridx: 0, widx: 0, cap: 0, components=0))
GET /bower_components/jquery/dist/jquery.js HTTP/1.1
Host: localhost:9000
Accept: */*
User-Agent: Mozilla/5.0 (X11; Linux x86_64) AppleWebKit/537.36 (KHTML, like Gecko) Chrome/44.0.2403.130 Safari/537.36
Referer: http://localhost:9000/
Accept-Language: en-GB,en-US;q=0.8,en;q=0.6
Content-Length: 0
Accept-Encoding: gzip, deflate, 
Via: 1.1 localhost.localdomain
11:39:50.400 [LittleProxy-ProxyToServerWorker-6] DEBUG o.l.p.impl.ProxyToServerConnection - (CONNECTING) [id: 0x15efad94, /127.0.0.1:35282 => localhost/127.0.0.1:9000]: Connection flow completed successfully: null
11:39:50.400 [LittleProxy-ProxyToServerWorker-3] DEBUG o.l.p.impl.ProxyToServerConnection - (AWAITING_INITIAL) [id: 0xceaab001, /127.0.0.1:35280 => localhost/127.0.0.1:9000]: Writing an empty buffer to signal the end of our chunked transfer
11:39:50.400 [LittleProxy-ProxyToServerWorker-5] DEBUG o.l.p.impl.ProxyToServerConnection - (AWAITING_INITIAL) [id: 0x97bd59d1, /127.0.0.1:35281 => localhost/127.0.0.1:9000]: Requested write of HttpObjectAggregator$AggregatedFullHttpRequest(decodeResult: success, version: HTTP/1.1, content: CompositeByteBuf(ridx: 0, widx: 0, cap: 0, components=0))
GET /bower_components/jquery/dist/jquery.js HTTP/1.1
Host: localhost:9000
Accept: */*
User-Agent: Mozilla/5.0 (X11; Linux x86_64) AppleWebKit/537.36 (KHTML, like Gecko) Chrome/44.0.2403.130 Safari/537.36
Referer: http://localhost:9000/
Accept-Language: en-GB,en-US;q=0.8,en;q=0.6
Content-Length: 0
Accept-Encoding: gzip, deflate, 
Via: 1.1 localhost.localdomain
11:39:50.401 [LittleProxy-ProxyToServerWorker-6] DEBUG o.l.p.impl.ClientToProxyConnection - (AWAITING_INITIAL) [id: 0x87242349, /127.0.0.1:54149 => /127.0.1.1:45224]: Connection to server succeeded: localhost/127.0.0.1:9000
11:39:50.401 [LittleProxy-ProxyToServerWorker-5] DEBUG o.l.p.impl.ProxyToServerConnection - (AWAITING_INITIAL) [id: 0x97bd59d1, /127.0.0.1:35281 => localhost/127.0.0.1:9000]: Retaining reference counted message
11:39:50.401 [LittleProxy-ProxyToServerWorker-6] DEBUG o.l.p.impl.ClientToProxyConnection - (AWAITING_INITIAL) [id: 0x87242349, /127.0.0.1:54149 => /127.0.1.1:45224]: All servers have finished attempting to connect, resuming reading from client.
11:39:50.401 [LittleProxy-ProxyToServerWorker-3] DEBUG o.l.p.impl.ProxyToServerConnection - (AWAITING_INITIAL) [id: 0xceaab001, /127.0.0.1:35280 => localhost/127.0.0.1:9000]: Wrote: HttpObjectAggregator$AggregatedFullHttpRequest(decodeResult: success, version: HTTP/1.1, content: CompositeByteBuf(ridx: 0, widx: 0, cap: 0, components=0))
GET /styles/main.css HTTP/1.1
Host: localhost:9000
Accept: text/css,*/*;q=0.1
User-Agent: Mozilla/5.0 (X11; Linux x86_64) AppleWebKit/537.36 (KHTML, like Gecko) Chrome/44.0.2403.130 Safari/537.36
Referer: http://localhost:9000/
Accept-Language: en-GB,en-US;q=0.8,en;q=0.6
Content-Length: 0
Accept-Encoding: gzip, deflate, 
Via: 1.1 localhost.localdomain
11:39:50.401 [LittleProxy-ProxyToServerWorker-5] DEBUG o.l.p.impl.ProxyToServerConnection - (AWAITING_INITIAL) [id: 0x97bd59d1, /127.0.0.1:35281 => localhost/127.0.0.1:9000]: Using existing connection to: localhost/127.0.0.1:9000
11:39:50.401 [LittleProxy-ProxyToServerWorker-6] DEBUG o.l.p.impl.ClientToProxyConnection - (AWAITING_INITIAL) [id: 0x87242349, /127.0.0.1:54149 => /127.0.1.1:45224]: Resumed reading
11:39:50.402 [LittleProxy-ProxyToServerWorker-3] DEBUG o.l.p.impl.ProxyToServerConnection - (AWAITING_INITIAL) [id: 0xceaab001, /127.0.0.1:35280 => localhost/127.0.0.1:9000]: Connected
11:39:50.402 [LittleProxy-ProxyToServerWorker-5] DEBUG o.l.p.impl.ProxyToServerConnection - (AWAITING_INITIAL) [id: 0x97bd59d1, /127.0.0.1:35281 => localhost/127.0.0.1:9000]: Writing: HttpObjectAggregator$AggregatedFullHttpRequest(decodeResult: success, version: HTTP/1.1, content: CompositeByteBuf(ridx: 0, widx: 0, cap: 0, components=0))
GET /bower_components/jquery/dist/jquery.js HTTP/1.1
Host: localhost:9000
Accept: */*
User-Agent: Mozilla/5.0 (X11; Linux x86_64) AppleWebKit/537.36 (KHTML, like Gecko) Chrome/44.0.2403.130 Safari/537.36
Referer: http://localhost:9000/
Accept-Language: en-GB,en-US;q=0.8,en;q=0.6
Content-Length: 0
Accept-Encoding: gzip, deflate, 
Via: 1.1 localhost.localdomain
11:39:50.402 [LittleProxy-ProxyToServerWorker-6] DEBUG o.l.p.impl.ProxyToServerConnection - (AWAITING_INITIAL) [id: 0x15efad94, /127.0.0.1:35282 => localhost/127.0.0.1:9000]: Writing initial request: HttpObjectAggregator$AggregatedFullHttpRequest(decodeResult: success, version: HTTP/1.1, content: CompositeByteBuf(ridx: 0, widx: 0, cap: 0, components=0))
GET /bower_components/jquery-ui/themes/base/all.css HTTP/1.1
Host: localhost:9000
Accept: text/css,*/*;q=0.1
User-Agent: Mozilla/5.0 (X11; Linux x86_64) AppleWebKit/537.36 (KHTML, like Gecko) Chrome/44.0.2403.130 Safari/537.36
Referer: http://localhost:9000/
Accept-Language: en-GB,en-US;q=0.8,en;q=0.6
Content-Length: 0
Accept-Encoding: gzip, deflate, 
Via: 1.1 localhost.localdomain
11:39:50.402 [LittleProxy-ProxyToServerWorker-6] DEBUG o.l.p.impl.ProxyToServerConnection - (AWAITING_INITIAL) [id: 0x15efad94, /127.0.0.1:35282 => localhost/127.0.0.1:9000]: Requested write of HttpObjectAggregator$AggregatedFullHttpRequest(decodeResult: success, version: HTTP/1.1, content: CompositeByteBuf(ridx: 0, widx: 0, cap: 0, components=0))
GET /bower_components/jquery-ui/themes/base/all.css HTTP/1.1
Host: localhost:9000
Accept: text/css,*/*;q=0.1
User-Agent: Mozilla/5.0 (X11; Linux x86_64) AppleWebKit/537.36 (KHTML, like Gecko) Chrome/44.0.2403.130 Safari/537.36
Referer: http://localhost:9000/
Accept-Language: en-GB,en-US;q=0.8,en;q=0.6
Content-Length: 0
Accept-Encoding: gzip, deflate, 
Via: 1.1 localhost.localdomain
11:39:50.402 [LittleProxy-ProxyToServerWorker-6] DEBUG o.l.p.impl.ProxyToServerConnection - (AWAITING_INITIAL) [id: 0x15efad94, /127.0.0.1:35282 => localhost/127.0.0.1:9000]: Retaining reference counted message
11:39:50.402 [LittleProxy-ProxyToServerWorker-5] DEBUG o.l.p.impl.ProxyToServerConnection - (AWAITING_INITIAL) [id: 0x97bd59d1, /127.0.0.1:35281 => localhost/127.0.0.1:9000]: Writing an empty buffer to signal the end of our chunked transfer
11:39:50.402 [LittleProxy-ProxyToServerWorker-6] DEBUG o.l.p.impl.ProxyToServerConnection - (AWAITING_INITIAL) [id: 0x15efad94, /127.0.0.1:35282 => localhost/127.0.0.1:9000]: Using existing connection to: localhost/127.0.0.1:9000
11:39:50.402 [LittleProxy-ProxyToServerWorker-6] DEBUG o.l.p.impl.ProxyToServerConnection - (AWAITING_INITIAL) [id: 0x15efad94, /127.0.0.1:35282 => localhost/127.0.0.1:9000]: Writing: HttpObjectAggregator$AggregatedFullHttpRequest(decodeResult: success, version: HTTP/1.1, content: CompositeByteBuf(ridx: 0, widx: 0, cap: 0, components=0))
GET /bower_components/jquery-ui/themes/base/all.css HTTP/1.1
Host: localhost:9000
Accept: text/css,*/*;q=0.1
User-Agent: Mozilla/5.0 (X11; Linux x86_64) AppleWebKit/537.36 (KHTML, like Gecko) Chrome/44.0.2403.130 Safari/537.36
Referer: http://localhost:9000/
Accept-Language: en-GB,en-US;q=0.8,en;q=0.6
Content-Length: 0
Accept-Encoding: gzip, deflate, 
Via: 1.1 localhost.localdomain
11:39:50.402 [LittleProxy-ProxyToServerWorker-5] DEBUG o.l.p.impl.ProxyToServerConnection - (AWAITING_INITIAL) [id: 0x97bd59d1, /127.0.0.1:35281 => localhost/127.0.0.1:9000]: Wrote: HttpObjectAggregator$AggregatedFullHttpRequest(decodeResult: success, version: HTTP/1.1, content: CompositeByteBuf(ridx: 0, widx: 0, cap: 0, components=0))
GET /bower_components/jquery/dist/jquery.js HTTP/1.1
Host: localhost:9000
Accept: */*
User-Agent: Mozilla/5.0 (X11; Linux x86_64) AppleWebKit/537.36 (KHTML, like Gecko) Chrome/44.0.2403.130 Safari/537.36
Referer: http://localhost:9000/
Accept-Language: en-GB,en-US;q=0.8,en;q=0.6
Content-Length: 0
Accept-Encoding: gzip, deflate, 
Via: 1.1 localhost.localdomain
11:39:50.402 [LittleProxy-ProxyToServerWorker-5] DEBUG o.l.p.impl.ProxyToServerConnection - (AWAITING_INITIAL) [id: 0x97bd59d1, /127.0.0.1:35281 => localhost/127.0.0.1:9000]: Connected
11:39:50.402 [LittleProxy-ProxyToServerWorker-6] DEBUG o.l.p.impl.ProxyToServerConnection - (AWAITING_INITIAL) [id: 0x15efad94, /127.0.0.1:35282 => localhost/127.0.0.1:9000]: Writing an empty buffer to signal the end of our chunked transfer
11:39:50.403 [LittleProxy-ProxyToServerWorker-6] DEBUG o.l.p.impl.ProxyToServerConnection - (AWAITING_INITIAL) [id: 0x15efad94, /127.0.0.1:35282 => localhost/127.0.0.1:9000]: Wrote: HttpObjectAggregator$AggregatedFullHttpRequest(decodeResult: success, version: HTTP/1.1, content: CompositeByteBuf(ridx: 0, widx: 0, cap: 0, components=0))
GET /bower_components/jquery-ui/themes/base/all.css HTTP/1.1
Host: localhost:9000
Accept: text/css,*/*;q=0.1
User-Agent: Mozilla/5.0 (X11; Linux x86_64) AppleWebKit/537.36 (KHTML, like Gecko) Chrome/44.0.2403.130 Safari/537.36
Referer: http://localhost:9000/
Accept-Language: en-GB,en-US;q=0.8,en;q=0.6
Content-Length: 0
Accept-Encoding: gzip, deflate, 
Via: 1.1 localhost.localdomain
11:39:50.403 [LittleProxy-ProxyToServerWorker-6] DEBUG o.l.p.impl.ProxyToServerConnection - (AWAITING_INITIAL) [id: 0x15efad94, /127.0.0.1:35282 => localhost/127.0.0.1:9000]: Connected
11:39:50.403 [LittleProxy-ProxyToServerWorker-7] DEBUG o.l.p.impl.ProxyToServerConnection - (CONNECTING) [id: 0x700df78a, /127.0.0.1:35283 => localhost/127.0.0.1:9000]: ConnectionFlowStep succeeded
11:39:50.403 [LittleProxy-ProxyToServerWorker-7] DEBUG o.l.p.impl.ProxyToServerConnection - (CONNECTING) [id: 0x700df78a, /127.0.0.1:35283 => localhost/127.0.0.1:9000]: Connection flow completed successfully: null
11:39:50.403 [LittleProxy-ProxyToServerWorker-7] DEBUG o.l.p.impl.ClientToProxyConnection - (AWAITING_INITIAL) [id: 0x4dc93f85, /127.0.0.1:54147 => /127.0.1.1:45224]: Connection to server succeeded: localhost/127.0.0.1:9000
11:39:50.403 [LittleProxy-ProxyToServerWorker-7] DEBUG o.l.p.impl.ClientToProxyConnection - (AWAITING_INITIAL) [id: 0x4dc93f85, /127.0.0.1:54147 => /127.0.1.1:45224]: All servers have finished attempting to connect, resuming reading from client.
11:39:50.403 [LittleProxy-ProxyToServerWorker-7] DEBUG o.l.p.impl.ClientToProxyConnection - (AWAITING_INITIAL) [id: 0x4dc93f85, /127.0.0.1:54147 => /127.0.1.1:45224]: Resumed reading
11:39:50.403 [LittleProxy-ProxyToServerWorker-7] DEBUG o.l.p.impl.ProxyToServerConnection - (AWAITING_INITIAL) [id: 0x700df78a, /127.0.0.1:35283 => localhost/127.0.0.1:9000]: Writing initial request: HttpObjectAggregator$AggregatedFullHttpRequest(decodeResult: success, version: HTTP/1.1, content: CompositeByteBuf(ridx: 0, widx: 0, cap: 0, components=0))
GET /bower_components/angular-bootstrap-datetimepicker/src/css/datetimepicker.css HTTP/1.1
Host: localhost:9000
Accept: text/css,*/*;q=0.1
User-Agent: Mozilla/5.0 (X11; Linux x86_64) AppleWebKit/537.36 (KHTML, like Gecko) Chrome/44.0.2403.130 Safari/537.36
Referer: http://localhost:9000/
Accept-Language: en-GB,en-US;q=0.8,en;q=0.6
Content-Length: 0
Accept-Encoding: gzip, deflate, 
Via: 1.1 localhost.localdomain
11:39:50.403 [LittleProxy-ProxyToServerWorker-7] DEBUG o.l.p.impl.ProxyToServerConnection - (AWAITING_INITIAL) [id: 0x700df78a, /127.0.0.1:35283 => localhost/127.0.0.1:9000]: Requested write of HttpObjectAggregator$AggregatedFullHttpRequest(decodeResult: success, version: HTTP/1.1, content: CompositeByteBuf(ridx: 0, widx: 0, cap: 0, components=0))
GET /bower_components/angular-bootstrap-datetimepicker/src/css/datetimepicker.css HTTP/1.1
Host: localhost:9000
Accept: text/css,*/*;q=0.1
User-Agent: Mozilla/5.0 (X11; Linux x86_64) AppleWebKit/537.36 (KHTML, like Gecko) Chrome/44.0.2403.130 Safari/537.36
Referer: http://localhost:9000/
Accept-Language: en-GB,en-US;q=0.8,en;q=0.6
Content-Length: 0
Accept-Encoding: gzip, deflate, 
Via: 1.1 localhost.localdomain
11:39:50.403 [LittleProxy-ProxyToServerWorker-7] DEBUG o.l.p.impl.ProxyToServerConnection - (AWAITING_INITIAL) [id: 0x700df78a, /127.0.0.1:35283 => localhost/127.0.0.1:9000]: Retaining reference counted message
11:39:50.403 [LittleProxy-ProxyToServerWorker-7] DEBUG o.l.p.impl.ProxyToServerConnection - (AWAITING_INITIAL) [id: 0x700df78a, /127.0.0.1:35283 => localhost/127.0.0.1:9000]: Using existing connection to: localhost/127.0.0.1:9000
11:39:50.403 [LittleProxy-ProxyToServerWorker-7] DEBUG o.l.p.impl.ProxyToServerConnection - (AWAITING_INITIAL) [id: 0x700df78a, /127.0.0.1:35283 => localhost/127.0.0.1:9000]: Writing: HttpObjectAggregator$AggregatedFullHttpRequest(decodeResult: success, version: HTTP/1.1, content: CompositeByteBuf(ridx: 0, widx: 0, cap: 0, components=0))
GET /bower_components/angular-bootstrap-datetimepicker/src/css/datetimepicker.css HTTP/1.1
Host: localhost:9000
Accept: text/css,*/*;q=0.1
User-Agent: Mozilla/5.0 (X11; Linux x86_64) AppleWebKit/537.36 (KHTML, like Gecko) Chrome/44.0.2403.130 Safari/537.36
Referer: http://localhost:9000/
Accept-Language: en-GB,en-US;q=0.8,en;q=0.6
Content-Length: 0
Accept-Encoding: gzip, deflate, 
Via: 1.1 localhost.localdomain
11:39:50.404 [LittleProxy-ProxyToServerWorker-7] DEBUG o.l.p.impl.ProxyToServerConnection - (AWAITING_INITIAL) [id: 0x700df78a, /127.0.0.1:35283 => localhost/127.0.0.1:9000]: Writing an empty buffer to signal the end of our chunked transfer
11:39:50.404 [LittleProxy-ProxyToServerWorker-7] DEBUG o.l.p.impl.ProxyToServerConnection - (AWAITING_INITIAL) [id: 0x700df78a, /127.0.0.1:35283 => localhost/127.0.0.1:9000]: Wrote: HttpObjectAggregator$AggregatedFullHttpRequest(decodeResult: success, version: HTTP/1.1, content: CompositeByteBuf(ridx: 0, widx: 0, cap: 0, components=0))
GET /bower_components/angular-bootstrap-datetimepicker/src/css/datetimepicker.css HTTP/1.1
Host: localhost:9000
Accept: text/css,*/*;q=0.1
User-Agent: Mozilla/5.0 (X11; Linux x86_64) AppleWebKit/537.36 (KHTML, like Gecko) Chrome/44.0.2403.130 Safari/537.36
Referer: http://localhost:9000/
Accept-Language: en-GB,en-US;q=0.8,en;q=0.6
Content-Length: 0
Accept-Encoding: gzip, deflate, 
Via: 1.1 localhost.localdomain
11:39:50.404 [LittleProxy-ProxyToServerWorker-7] DEBUG o.l.p.impl.ProxyToServerConnection - (AWAITING_INITIAL) [id: 0x700df78a, /127.0.0.1:35283 => localhost/127.0.0.1:9000]: Connected
11:39:50.479 [LittleProxy-ProxyToServerWorker-3] DEBUG o.l.p.impl.ProxyToServerConnection - (AWAITING_INITIAL) [id: 0xceaab001, /127.0.0.1:35280 => localhost/127.0.0.1:9000]: Remembering the current request.
11:39:50.479 [LittleProxy-ProxyToServerWorker-3] DEBUG o.l.p.impl.ProxyToServerConnection - (AWAITING_INITIAL) [id: 0xceaab001, /127.0.0.1:35280 => localhost/127.0.0.1:9000]: Reading: DefaultHttpResponse(decodeResult: success, version: HTTP/1.1)
HTTP/1.1 200 OK
Accept-Ranges: bytes
Date: Tue, 08 Sep 2015 10:39:50 GMT
Cache-Control: public, max-age=0
Last-Modified: Tue, 08 Sep 2015 10:39:12 GMT
ETag: W/"b3wIlTzAttb0EJ2EWBScOA=="
Content-Type: text/css; charset=UTF-8
Content-Length: 4291
Connection: keep-alive
11:39:50.479 [LittleProxy-ProxyToServerWorker-3] DEBUG o.l.p.impl.ProxyToServerConnection - (AWAITING_INITIAL) [id: 0xceaab001, /127.0.0.1:35280 => localhost/127.0.0.1:9000]: Received raw response: DefaultHttpResponse(decodeResult: success, version: HTTP/1.1)
HTTP/1.1 200 OK
Accept-Ranges: bytes
Date: Tue, 08 Sep 2015 10:39:50 GMT
Cache-Control: public, max-age=0
Last-Modified: Tue, 08 Sep 2015 10:39:12 GMT
ETag: W/"b3wIlTzAttb0EJ2EWBScOA=="
Content-Type: text/css; charset=UTF-8
Content-Length: 4291
Connection: keep-alive
11:39:50.479 [LittleProxy-ProxyToServerWorker-3] DEBUG o.l.p.impl.ProxyToServerConnection - (AWAITING_INITIAL) [id: 0xceaab001, /127.0.0.1:35280 => localhost/127.0.0.1:9000]: Remembering the current response.
11:39:50.480 [LittleProxy-ProxyToServerWorker-3] DEBUG o.l.p.impl.ClientToProxyConnection - (AWAITING_INITIAL) [id: 0x16fa54b8, /127.0.0.1:54150 => /127.0.1.1:45224]: Writing: DefaultHttpResponse(decodeResult: success, version: HTTP/1.1)
HTTP/1.1 200 OK
Accept-Ranges: bytes
Date: Tue, 08 Sep 2015 10:39:50 GMT
Cache-Control: public, max-age=0
Last-Modified: Tue, 08 Sep 2015 10:39:12 GMT
ETag: W/"b3wIlTzAttb0EJ2EWBScOA=="
Content-Type: text/css; charset=UTF-8
Content-Length: 4291
Via: 1.1 localhost.localdomain
11:39:50.480 [LittleProxy-ProxyToServerWorker-3] DEBUG o.l.p.impl.ClientToProxyConnection - (AWAITING_INITIAL) [id: 0x16fa54b8, /127.0.0.1:54150 => /127.0.1.1:45224]: Wrote: DefaultHttpResponse(decodeResult: success, version: HTTP/1.1)
HTTP/1.1 200 OK
Accept-Ranges: bytes
Date: Tue, 08 Sep 2015 10:39:50 GMT
Cache-Control: public, max-age=0
Last-Modified: Tue, 08 Sep 2015 10:39:12 GMT
ETag: W/"b3wIlTzAttb0EJ2EWBScOA=="
Content-Type: text/css; charset=UTF-8
Content-Length: 4291
Via: 1.1 localhost.localdomain
11:39:50.480 [LittleProxy-ProxyToServerWorker-3] DEBUG o.l.p.impl.ClientToProxyConnection - (AWAITING_INITIAL) [id: 0x16fa54b8, /127.0.0.1:54150 => /127.0.1.1:45224]: Not closing server connection on middle chunk for /styles/main.css
11:39:50.480 [LittleProxy-ProxyToServerWorker-3] DEBUG o.l.p.impl.ClientToProxyConnection - (AWAITING_INITIAL) [id: 0x16fa54b8, /127.0.0.1:54150 => /127.0.1.1:45224]: Not closing client connection on middle chunk for /styles/main.css
11:39:50.480 [LittleProxy-ProxyToServerWorker-3] DEBUG o.l.p.impl.ProxyToServerConnection - (AWAITING_CHUNK) [id: 0xceaab001, /127.0.0.1:35280 => localhost/127.0.0.1:9000]: Reading: DefaultHttpContent(data: SlicedByteBuf(ridx: 0, widx: 745, cap: 745/745, unwrapped: UnpooledUnsafeDirectByteBuf(ridx: 1024, widx: 1024, cap: 1024)), decoderResult: success)
11:39:50.480 [LittleProxy-ProxyToServerWorker-3] DEBUG o.l.p.impl.ClientToProxyConnection - (AWAITING_INITIAL) [id: 0x16fa54b8, /127.0.0.1:54150 => /127.0.1.1:45224]: Retaining reference counted message
11:39:50.480 [LittleProxy-ProxyToServerWorker-3] DEBUG o.l.p.impl.ClientToProxyConnection - (AWAITING_INITIAL) [id: 0x16fa54b8, /127.0.0.1:54150 => /127.0.1.1:45224]: Writing: DefaultHttpContent(data: SlicedByteBuf(ridx: 0, widx: 745, cap: 745/745, unwrapped: UnpooledUnsafeDirectByteBuf(ridx: 1024, widx: 1024, cap: 1024)), decoderResult: success)
11:39:50.480 [LittleProxy-ProxyToServerWorker-3] DEBUG o.l.p.impl.ClientToProxyConnection - (AWAITING_INITIAL) [id: 0x16fa54b8, /127.0.0.1:54150 => /127.0.1.1:45224]: Wrote: DefaultHttpContent(data: SlicedByteBuf(ridx: 0, widx: 745, cap: 745/745, unwrapped: UnpooledUnsafeDirectByteBuf(ridx: 1024, widx: 1024, cap: 1024)), decoderResult: success)
11:39:50.480 [LittleProxy-ProxyToServerWorker-3] DEBUG o.l.p.impl.ClientToProxyConnection - (AWAITING_INITIAL) [id: 0x16fa54b8, /127.0.0.1:54150 => /127.0.1.1:45224]: Not closing server connection on middle chunk for /styles/main.css
11:39:50.480 [LittleProxy-ProxyToServerWorker-3] DEBUG o.l.p.impl.ClientToProxyConnection - (AWAITING_INITIAL) [id: 0x16fa54b8, /127.0.0.1:54150 => /127.0.1.1:45224]: Not closing client connection on middle chunk for /styles/main.css
11:39:50.480 [LittleProxy-ProxyToServerWorker-3] DEBUG o.l.p.impl.ProxyToServerConnection - (AWAITING_CHUNK) [id: 0xceaab001, /127.0.0.1:35280 => localhost/127.0.0.1:9000]: Reading: DefaultHttpContent(data: SlicedByteBuf(ridx: 0, widx: 1024, cap: 1024/1024, unwrapped: UnpooledUnsafeDirectByteBuf(ridx: 1024, widx: 1024, cap: 1024)), decoderResult: success)
11:39:50.480 [LittleProxy-ProxyToServerWorker-3] DEBUG o.l.p.impl.ClientToProxyConnection - (AWAITING_INITIAL) [id: 0x16fa54b8, /127.0.0.1:54150 => /127.0.1.1:45224]: Retaining reference counted message
11:39:50.480 [LittleProxy-ProxyToServerWorker-3] DEBUG o.l.p.impl.ClientToProxyConnection - (AWAITING_INITIAL) [id: 0x16fa54b8, /127.0.0.1:54150 => /127.0.1.1:45224]: Writing: DefaultHttpContent(data: SlicedByteBuf(ridx: 0, widx: 1024, cap: 1024/1024, unwrapped: UnpooledUnsafeDirectByteBuf(ridx: 1024, widx: 1024, cap: 1024)), decoderResult: success)
11:39:50.480 [LittleProxy-ProxyToServerWorker-3] DEBUG o.l.p.impl.ClientToProxyConnection - (AWAITING_INITIAL) [id: 0x16fa54b8, /127.0.0.1:54150 => /127.0.1.1:45224]: Wrote: DefaultHttpContent(data: SlicedByteBuf(ridx: 0, widx: 1024, cap: 1024/1024, unwrapped: UnpooledUnsafeDirectByteBuf(ridx: 1024, widx: 1024, cap: 1024)), decoderResult: success)
11:39:50.480 [LittleProxy-ProxyToServerWorker-3] DEBUG o.l.p.impl.ClientToProxyConnection - (AWAITING_INITIAL) [id: 0x16fa54b8, /127.0.0.1:54150 => /127.0.1.1:45224]: Not closing server connection on middle chunk for /styles/main.css
11:39:50.480 [LittleProxy-ProxyToServerWorker-3] DEBUG o.l.p.impl.ClientToProxyConnection - (AWAITING_INITIAL) [id: 0x16fa54b8, /127.0.0.1:54150 => /127.0.1.1:45224]: Not closing client connection on middle chunk for /styles/main.css
11:39:50.480 [LittleProxy-ProxyToServerWorker-3] DEBUG o.l.p.impl.ProxyToServerConnection - (AWAITING_CHUNK) [id: 0xceaab001, /127.0.0.1:35280 => localhost/127.0.0.1:9000]: Reading: DefaultHttpContent(data: SlicedByteBuf(ridx: 0, widx: 1024, cap: 1024/1024, unwrapped: UnpooledUnsafeDirectByteBuf(ridx: 1024, widx: 1024, cap: 1024)), decoderResult: success)
11:39:50.480 [LittleProxy-ProxyToServerWorker-3] DEBUG o.l.p.impl.ClientToProxyConnection - (AWAITING_INITIAL) [id: 0x16fa54b8, /127.0.0.1:54150 => /127.0.1.1:45224]: Retaining reference counted message
11:39:50.481 [LittleProxy-ProxyToServerWorker-3] DEBUG o.l.p.impl.ClientToProxyConnection - (AWAITING_INITIAL) [id: 0x16fa54b8, /127.0.0.1:54150 => /127.0.1.1:45224]: Writing: DefaultHttpContent(data: SlicedByteBuf(ridx: 0, widx: 1024, cap: 1024/1024, unwrapped: UnpooledUnsafeDirectByteBuf(ridx: 1024, widx: 1024, cap: 1024)), decoderResult: success)
11:39:50.481 [LittleProxy-ProxyToServerWorker-3] DEBUG o.l.p.impl.ClientToProxyConnection - (AWAITING_INITIAL) [id: 0x16fa54b8, /127.0.0.1:54150 => /127.0.1.1:45224]: Wrote: DefaultHttpContent(data: SlicedByteBuf(ridx: 0, widx: 1024, cap: 1024/1024, unwrapped: UnpooledUnsafeDirectByteBuf(ridx: 1024, widx: 1024, cap: 1024)), decoderResult: success)
11:39:50.481 [LittleProxy-ProxyToServerWorker-3] DEBUG o.l.p.impl.ClientToProxyConnection - (AWAITING_INITIAL) [id: 0x16fa54b8, /127.0.0.1:54150 => /127.0.1.1:45224]: Not closing server connection on middle chunk for /styles/main.css
11:39:50.481 [LittleProxy-ProxyToServerWorker-3] DEBUG o.l.p.impl.ClientToProxyConnection - (AWAITING_INITIAL) [id: 0x16fa54b8, /127.0.0.1:54150 => /127.0.1.1:45224]: Not closing client connection on middle chunk for /styles/main.css
11:39:50.481 [LittleProxy-ProxyToServerWorker-3] DEBUG o.l.p.impl.ProxyToServerConnection - (AWAITING_CHUNK) [id: 0xceaab001, /127.0.0.1:35280 => localhost/127.0.0.1:9000]: Reading: DefaultHttpContent(data: SlicedByteBuf(ridx: 0, widx: 1024, cap: 1024/1024, unwrapped: UnpooledUnsafeDirectByteBuf(ridx: 1024, widx: 1024, cap: 1024)), decoderResult: success)
11:39:50.481 [LittleProxy-ProxyToServerWorker-3] DEBUG o.l.p.impl.ClientToProxyConnection - (AWAITING_INITIAL) [id: 0x16fa54b8, /127.0.0.1:54150 => /127.0.1.1:45224]: Retaining reference counted message
11:39:50.481 [LittleProxy-ProxyToServerWorker-3] DEBUG o.l.p.impl.ClientToProxyConnection - (AWAITING_INITIAL) [id: 0x16fa54b8, /127.0.0.1:54150 => /127.0.1.1:45224]: Writing: DefaultHttpContent(data: SlicedByteBuf(ridx: 0, widx: 1024, cap: 1024/1024, unwrapped: UnpooledUnsafeDirectByteBuf(ridx: 1024, widx: 1024, cap: 1024)), decoderResult: success)
11:39:50.481 [LittleProxy-ProxyToServerWorker-3] DEBUG o.l.p.impl.ClientToProxyConnection - (AWAITING_INITIAL) [id: 0x16fa54b8, /127.0.0.1:54150 => /127.0.1.1:45224]: Wrote: DefaultHttpContent(data: SlicedByteBuf(ridx: 0, widx: 1024, cap: 1024/1024, unwrapped: UnpooledUnsafeDirectByteBuf(ridx: 1024, widx: 1024, cap: 1024)), decoderResult: success)
11:39:50.481 [LittleProxy-ProxyToServerWorker-3] DEBUG o.l.p.impl.ClientToProxyConnection - (AWAITING_INITIAL) [id: 0x16fa54b8, /127.0.0.1:54150 => /127.0.1.1:45224]: Not closing server connection on middle chunk for /styles/main.css
11:39:50.481 [LittleProxy-ProxyToServerWorker-3] DEBUG o.l.p.impl.ClientToProxyConnection - (AWAITING_INITIAL) [id: 0x16fa54b8, /127.0.0.1:54150 => /127.0.1.1:45224]: Not closing client connection on middle chunk for /styles/main.css
11:39:50.481 [LittleProxy-ProxyToServerWorker-3] DEBUG o.l.p.impl.ProxyToServerConnection - (AWAITING_CHUNK) [id: 0xceaab001, /127.0.0.1:35280 => localhost/127.0.0.1:9000]: Reading: DefaultLastHttpContent(data: SlicedByteBuf(ridx: 0, widx: 474, cap: 474/474, unwrapped: UnpooledUnsafeDirectByteBuf(ridx: 474, widx: 474, cap: 1024)), decoderResult: success)
11:39:50.481 [LittleProxy-ProxyToServerWorker-3] DEBUG o.l.p.impl.ClientToProxyConnection - (AWAITING_INITIAL) [id: 0x16fa54b8, /127.0.0.1:54150 => /127.0.1.1:45224]: Retaining reference counted message
11:39:50.481 [LittleProxy-ProxyToServerWorker-3] DEBUG o.l.p.impl.ClientToProxyConnection - (AWAITING_INITIAL) [id: 0x16fa54b8, /127.0.0.1:54150 => /127.0.1.1:45224]: Writing: DefaultLastHttpContent(data: SlicedByteBuf(ridx: 0, widx: 474, cap: 474/474, unwrapped: UnpooledUnsafeDirectByteBuf(ridx: 474, widx: 474, cap: 1024)), decoderResult: success)
11:39:50.481 [LittleProxy-ProxyToServerWorker-3] DEBUG o.l.p.impl.ClientToProxyConnection - (AWAITING_INITIAL) [id: 0x16fa54b8, /127.0.0.1:54150 => /127.0.1.1:45224]: Writing an empty buffer to signal the end of our chunked transfer
11:39:50.481 [LittleProxy-ProxyToServerWorker-3] DEBUG o.l.p.impl.ClientToProxyConnection - (AWAITING_INITIAL) [id: 0x16fa54b8, /127.0.0.1:54150 => /127.0.1.1:45224]: Wrote: DefaultLastHttpContent(data: SlicedByteBuf(ridx: 0, widx: 474, cap: 474/474, unwrapped: UnpooledUnsafeDirectByteBuf(ridx: 474, widx: 474, cap: 1024)), decoderResult: success)
11:39:50.481 [LittleProxy-ProxyToServerWorker-3] DEBUG o.l.p.impl.ClientToProxyConnection - (AWAITING_INITIAL) [id: 0x16fa54b8, /127.0.0.1:54150 => /127.0.1.1:45224]: Retaining reference counted message
11:39:50.481 [LittleProxy-ProxyToServerWorker-3] DEBUG o.l.p.impl.ClientToProxyConnection - (AWAITING_INITIAL) [id: 0x16fa54b8, /127.0.0.1:54150 => /127.0.1.1:45224]: Writing: EmptyByteBufBE
11:39:50.482 [LittleProxy-ProxyToServerWorker-3] DEBUG o.l.p.impl.ClientToProxyConnection - (AWAITING_INITIAL) [id: 0x16fa54b8, /127.0.0.1:54150 => /127.0.1.1:45224]: Wrote: EmptyByteBufBE
11:39:50.482 [LittleProxy-ProxyToServerWorker-3] DEBUG o.l.p.impl.ClientToProxyConnection - (AWAITING_INITIAL) [id: 0x16fa54b8, /127.0.0.1:54150 => /127.0.1.1:45224]: Handling last chunk. Using normal server connection closing rules.
11:39:50.482 [LittleProxy-ProxyToServerWorker-3] DEBUG o.l.p.impl.ClientToProxyConnection - (AWAITING_INITIAL) [id: 0x16fa54b8, /127.0.0.1:54150 => /127.0.1.1:45224]: Not closing server connection for response: DefaultHttpResponse(decodeResult: success, version: HTTP/1.1)
HTTP/1.1 200 OK
Accept-Ranges: bytes
Date: Tue, 08 Sep 2015 10:39:50 GMT
Cache-Control: public, max-age=0
Last-Modified: Tue, 08 Sep 2015 10:39:12 GMT
ETag: W/"b3wIlTzAttb0EJ2EWBScOA=="
Content-Type: text/css; charset=UTF-8
Content-Length: 4291
Connection: keep-alive
11:39:50.482 [LittleProxy-ProxyToServerWorker-3] DEBUG o.l.p.impl.ClientToProxyConnection - (AWAITING_INITIAL) [id: 0x16fa54b8, /127.0.0.1:54150 => /127.0.1.1:45224]: Handling last chunk. Using normal client connection closing rules.
11:39:50.482 [LittleProxy-ProxyToServerWorker-3] DEBUG o.l.p.impl.ClientToProxyConnection - (AWAITING_INITIAL) [id: 0x16fa54b8, /127.0.0.1:54150 => /127.0.1.1:45224]: Not closing client connection for request: HttpObjectAggregator$AggregatedFullHttpRequest(decodeResult: success, version: HTTP/1.1, content: CompositeByteBuf(ridx: 0, widx: 0, cap: 0, components=0))
GET /styles/main.css HTTP/1.1
Host: localhost:9000
Accept: text/css,*/*;q=0.1
User-Agent: Mozilla/5.0 (X11; Linux x86_64) AppleWebKit/537.36 (KHTML, like Gecko) Chrome/44.0.2403.130 Safari/537.36
Referer: http://localhost:9000/
Accept-Language: en-GB,en-US;q=0.8,en;q=0.6
Content-Length: 0
Accept-Encoding: gzip, deflate, 
Via: 1.1 localhost.localdomain
11:39:50.482 [LittleProxy-ClientToProxyWorker-6] DEBUG o.l.p.impl.ClientToProxyConnection - (AWAITING_INITIAL) [id: 0x16fa54b8, /127.0.0.1:54150 => /127.0.1.1:45224]: Reading: HttpObjectAggregator$AggregatedFullHttpRequest(decodeResult: success, version: HTTP/1.1, content: CompositeByteBuf(ridx: 0, widx: 0, cap: 0, components=0))
GET http://localhost:9000/bower_components/angular/angular.js HTTP/1.1
Host: localhost:9000
Proxy-Connection: keep-alive
Accept: */*
User-Agent: Mozilla/5.0 (X11; Linux x86_64) AppleWebKit/537.36 (KHTML, like Gecko) Chrome/44.0.2403.130 Safari/537.36
Referer: http://localhost:9000/
Accept-Encoding: gzip, deflate, sdch
Accept-Language: en-GB,en-US;q=0.8,en;q=0.6
Content-Length: 0
11:39:50.483 [LittleProxy-ClientToProxyWorker-6] DEBUG o.l.p.impl.ClientToProxyConnection - (AWAITING_INITIAL) [id: 0x16fa54b8, /127.0.0.1:54150 => /127.0.1.1:45224]: Got request: HttpObjectAggregator$AggregatedFullHttpRequest(decodeResult: success, version: HTTP/1.1, content: CompositeByteBuf(ridx: 0, widx: 0, cap: 0, components=0))
GET http://localhost:9000/bower_components/angular/angular.js HTTP/1.1
Host: localhost:9000
Proxy-Connection: keep-alive
Accept: */*
User-Agent: Mozilla/5.0 (X11; Linux x86_64) AppleWebKit/537.36 (KHTML, like Gecko) Chrome/44.0.2403.130 Safari/537.36
Referer: http://localhost:9000/
Accept-Encoding: gzip, deflate, sdch
Accept-Language: en-GB,en-US;q=0.8,en;q=0.6
Content-Length: 0
11:39:50.483 [LittleProxy-ClientToProxyWorker-6] DEBUG o.l.p.impl.ClientToProxyConnection - (AWAITING_INITIAL) [id: 0x16fa54b8, /127.0.0.1:54150 => /127.0.1.1:45224]: Ensuring that hostAndPort are available in http://localhost:9000/bower_components/angular/angular.js
11:39:50.483 [LittleProxy-ClientToProxyWorker-6] DEBUG o.l.p.impl.ClientToProxyConnection - (AWAITING_INITIAL) [id: 0x16fa54b8, /127.0.0.1:54150 => /127.0.1.1:45224]: Finding ProxyToServerConnection for: localhost:9000
11:39:50.483 [LittleProxy-ClientToProxyWorker-6] DEBUG o.l.p.impl.ClientToProxyConnection - (AWAITING_INITIAL) [id: 0x16fa54b8, /127.0.0.1:54150 => /127.0.1.1:45224]: Reusing existing server connection: org.littleshoot.proxy.impl.ProxyToServerConnection@4072e2c4
11:39:50.483 [LittleProxy-ClientToProxyWorker-6] DEBUG o.l.p.impl.ClientToProxyConnection - (AWAITING_INITIAL) [id: 0x16fa54b8, /127.0.0.1:54150 => /127.0.1.1:45224]: Modifying request headers for proxying
11:39:50.483 [LittleProxy-ClientToProxyWorker-6] DEBUG o.l.p.impl.ClientToProxyConnection - (AWAITING_INITIAL) [id: 0x16fa54b8, /127.0.0.1:54150 => /127.0.1.1:45224]: Modifying request for proxy chaining
11:39:50.483 [LittleProxy-ClientToProxyWorker-6] DEBUG o.l.p.impl.ClientToProxyConnection - (AWAITING_INITIAL) [id: 0x16fa54b8, /127.0.0.1:54150 => /127.0.1.1:45224]: Stripped host from uri: http://localhost:9000/bower_components/angular/angular.js    yielding: /bower_components/angular/angular.js
11:39:50.483 [LittleProxy-ClientToProxyWorker-6] DEBUG o.l.p.impl.ClientToProxyConnection - (AWAITING_INITIAL) [id: 0x16fa54b8, /127.0.0.1:54150 => /127.0.1.1:45224]: Removed sdch and inserted: gzip, deflate, 
11:39:50.483 [LittleProxy-ClientToProxyWorker-6] DEBUG o.l.p.impl.ClientToProxyConnection - (AWAITING_INITIAL) [id: 0x16fa54b8, /127.0.0.1:54150 => /127.0.1.1:45224]: Writing request to ProxyToServerConnection
11:39:50.483 [LittleProxy-ClientToProxyWorker-6] DEBUG o.l.p.impl.ProxyToServerConnection - (AWAITING_INITIAL) [id: 0xceaab001, /127.0.0.1:35280 => localhost/127.0.0.1:9000]: Requested write of HttpObjectAggregator$AggregatedFullHttpRequest(decodeResult: success, version: HTTP/1.1, content: CompositeByteBuf(ridx: 0, widx: 0, cap: 0, components=0))
GET /bower_components/angular/angular.js HTTP/1.1
Host: localhost:9000
Accept: */*
User-Agent: Mozilla/5.0 (X11; Linux x86_64) AppleWebKit/537.36 (KHTML, like Gecko) Chrome/44.0.2403.130 Safari/537.36
Referer: http://localhost:9000/
Accept-Language: en-GB,en-US;q=0.8,en;q=0.6
Content-Length: 0
Accept-Encoding: gzip, deflate, 
Via: 1.1 localhost.localdomain
11:39:50.483 [LittleProxy-ClientToProxyWorker-6] DEBUG o.l.p.impl.ProxyToServerConnection - (AWAITING_INITIAL) [id: 0xceaab001, /127.0.0.1:35280 => localhost/127.0.0.1:9000]: Retaining reference counted message
11:39:50.483 [LittleProxy-ClientToProxyWorker-6] DEBUG o.l.p.impl.ProxyToServerConnection - (AWAITING_INITIAL) [id: 0xceaab001, /127.0.0.1:35280 => localhost/127.0.0.1:9000]: Using existing connection to: localhost/127.0.0.1:9000
11:39:50.483 [LittleProxy-ClientToProxyWorker-6] DEBUG o.l.p.impl.ProxyToServerConnection - (AWAITING_INITIAL) [id: 0xceaab001, /127.0.0.1:35280 => localhost/127.0.0.1:9000]: Writing: HttpObjectAggregator$AggregatedFullHttpRequest(decodeResult: success, version: HTTP/1.1, content: CompositeByteBuf(ridx: 0, widx: 0, cap: 0, components=0))
GET /bower_components/angular/angular.js HTTP/1.1
Host: localhost:9000
Accept: */*
User-Agent: Mozilla/5.0 (X11; Linux x86_64) AppleWebKit/537.36 (KHTML, like Gecko) Chrome/44.0.2403.130 Safari/537.36
Referer: http://localhost:9000/
Accept-Language: en-GB,en-US;q=0.8,en;q=0.6
Content-Length: 0
Accept-Encoding: gzip, deflate, 
Via: 1.1 localhost.localdomain
11:39:50.483 [LittleProxy-ClientToProxyWorker-6] DEBUG o.l.p.impl.ProxyToServerConnection - (AWAITING_INITIAL) [id: 0xceaab001, /127.0.0.1:35280 => localhost/127.0.0.1:9000]: Writing an empty buffer to signal the end of our chunked transfer
11:39:50.483 [LittleProxy-ClientToProxyWorker-6] DEBUG o.l.p.impl.ProxyToServerConnection - (AWAITING_INITIAL) [id: 0xceaab001, /127.0.0.1:35280 => localhost/127.0.0.1:9000]: Wrote: HttpObjectAggregator$AggregatedFullHttpRequest(decodeResult: success, version: HTTP/1.1, content: CompositeByteBuf(ridx: 0, widx: 0, cap: 0, components=0))
GET /bower_components/angular/angular.js HTTP/1.1
Host: localhost:9000
Accept: */*
User-Agent: Mozilla/5.0 (X11; Linux x86_64) AppleWebKit/537.36 (KHTML, like Gecko) Chrome/44.0.2403.130 Safari/537.36
Referer: http://localhost:9000/
Accept-Language: en-GB,en-US;q=0.8,en;q=0.6
Content-Length: 0
Accept-Encoding: gzip, deflate, 
Via: 1.1 localhost.localdomain
11:39:50.487 [LittleProxy-ProxyToServerWorker-2] DEBUG o.l.p.impl.ProxyToServerConnection - (AWAITING_INITIAL) [id: 0x9953b61f, /127.0.0.1:35274 => localhost/127.0.0.1:9000]: Remembering the current request.
11:39:50.487 [LittleProxy-ProxyToServerWorker-2] DEBUG o.l.p.impl.ProxyToServerConnection - (AWAITING_INITIAL) [id: 0x9953b61f, /127.0.0.1:35274 => localhost/127.0.0.1:9000]: Reading: DefaultHttpResponse(decodeResult: success, version: HTTP/1.1)
HTTP/1.1 200 OK
Accept-Ranges: bytes
Date: Tue, 08 Sep 2015 10:39:50 GMT
Cache-Control: public, max-age=0
Last-Modified: Thu, 13 Feb 2014 17:24:59 GMT
ETag: W/"cdQbSJ/bb2lUPMGpPKEjxw=="
Content-Type: text/css; charset=UTF-8
Content-Length: 121220
Connection: keep-alive
11:39:50.487 [LittleProxy-ProxyToServerWorker-2] DEBUG o.l.p.impl.ProxyToServerConnection - (AWAITING_INITIAL) [id: 0x9953b61f, /127.0.0.1:35274 => localhost/127.0.0.1:9000]: Received raw response: DefaultHttpResponse(decodeResult: success, version: HTTP/1.1)
HTTP/1.1 200 OK
Accept-Ranges: bytes
Date: Tue, 08 Sep 2015 10:39:50 GMT
Cache-Control: public, max-age=0
Last-Modified: Thu, 13 Feb 2014 17:24:59 GMT
ETag: W/"cdQbSJ/bb2lUPMGpPKEjxw=="
Content-Type: text/css; charset=UTF-8
Content-Length: 121220
Connection: keep-alive
11:39:50.487 [LittleProxy-ProxyToServerWorker-2] DEBUG o.l.p.impl.ProxyToServerConnection - (AWAITING_INITIAL) [id: 0x9953b61f, /127.0.0.1:35274 => localhost/127.0.0.1:9000]: Remembering the current response.
11:39:50.487 [LittleProxy-ProxyToServerWorker-2] DEBUG o.l.p.impl.ClientToProxyConnection - (AWAITING_INITIAL) [id: 0xe726451f, /127.0.0.1:54145 => /127.0.1.1:45224]: Writing: DefaultHttpResponse(decodeResult: success, version: HTTP/1.1)
HTTP/1.1 200 OK
Accept-Ranges: bytes
Date: Tue, 08 Sep 2015 10:39:50 GMT
Cache-Control: public, max-age=0
Last-Modified: Thu, 13 Feb 2014 17:24:59 GMT
ETag: W/"cdQbSJ/bb2lUPMGpPKEjxw=="
Content-Type: text/css; charset=UTF-8
Content-Length: 121220
Via: 1.1 localhost.localdomain
11:39:50.487 [LittleProxy-ProxyToServerWorker-2] DEBUG o.l.p.impl.ClientToProxyConnection - (AWAITING_INITIAL) [id: 0xe726451f, /127.0.0.1:54145 => /127.0.1.1:45224]: Wrote: DefaultHttpResponse(decodeResult: success, version: HTTP/1.1)
HTTP/1.1 200 OK
Accept-Ranges: bytes
Date: Tue, 08 Sep 2015 10:39:50 GMT
Cache-Control: public, max-age=0
Last-Modified: Thu, 13 Feb 2014 17:24:59 GMT
ETag: W/"cdQbSJ/bb2lUPMGpPKEjxw=="
Content-Type: text/css; charset=UTF-8
Content-Length: 121220
Via: 1.1 localhost.localdomain
11:39:50.491 [LittleProxy-ProxyToServerWorker-2] DEBUG o.l.p.impl.ClientToProxyConnection - (AWAITING_INITIAL) [id: 0xe726451f, /127.0.0.1:54145 => /127.0.1.1:45224]: Not closing server connection on middle chunk for /bower_components/bootstrap/dist/css/bootstrap.css
11:39:50.492 [LittleProxy-ProxyToServerWorker-2] DEBUG o.l.p.impl.ClientToProxyConnection - (AWAITING_INITIAL) [id: 0xe726451f, /127.0.0.1:54145 => /127.0.1.1:45224]: Not closing client connection on middle chunk for /bower_components/bootstrap/dist/css/bootstrap.css
11:39:50.492 [LittleProxy-ProxyToServerWorker-2] DEBUG o.l.p.impl.ProxyToServerConnection - (AWAITING_CHUNK) [id: 0x9953b61f, /127.0.0.1:35274 => localhost/127.0.0.1:9000]: Reading: DefaultHttpContent(data: SlicedByteBuf(ridx: 0, widx: 16103, cap: 16103/16103, unwrapped: UnpooledUnsafeDirectByteBuf(ridx: 16384, widx: 16384, cap: 16384)), decoderResult: success)
11:39:50.492 [LittleProxy-ProxyToServerWorker-7] DEBUG o.l.p.impl.ProxyToServerConnection - (AWAITING_INITIAL) [id: 0x700df78a, /127.0.0.1:35283 => localhost/127.0.0.1:9000]: Remembering the current request.
11:39:50.492 [LittleProxy-ProxyToServerWorker-2] DEBUG o.l.p.impl.ClientToProxyConnection - (AWAITING_INITIAL) [id: 0xe726451f, /127.0.0.1:54145 => /127.0.1.1:45224]: Retaining reference counted message
11:39:50.492 [LittleProxy-ProxyToServerWorker-2] DEBUG o.l.p.impl.ClientToProxyConnection - (AWAITING_INITIAL) [id: 0xe726451f, /127.0.0.1:54145 => /127.0.1.1:45224]: Writing: DefaultHttpContent(data: SlicedByteBuf(ridx: 0, widx: 16103, cap: 16103/16103, unwrapped: UnpooledUnsafeDirectByteBuf(ridx: 16384, widx: 16384, cap: 16384)), decoderResult: success)
11:39:50.492 [LittleProxy-ProxyToServerWorker-7] DEBUG o.l.p.impl.ProxyToServerConnection - (AWAITING_INITIAL) [id: 0x700df78a, /127.0.0.1:35283 => localhost/127.0.0.1:9000]: Reading: DefaultHttpResponse(decodeResult: success, version: HTTP/1.1)
HTTP/1.1 200 OK
Accept-Ranges: bytes
Date: Tue, 08 Sep 2015 10:39:50 GMT
Cache-Control: public, max-age=0
Last-Modified: Sun, 21 Jun 2015 18:07:42 GMT
ETag: W/"72KTdbZGfuiQL/2T1f7xcA=="
Content-Type: text/css; charset=UTF-8
Content-Length: 12390
Connection: keep-alive
11:39:50.492 [LittleProxy-ProxyToServerWorker-2] DEBUG o.l.p.impl.ClientToProxyConnection - (AWAITING_INITIAL) [id: 0xe726451f, /127.0.0.1:54145 => /127.0.1.1:45224]: Wrote: DefaultHttpContent(data: SlicedByteBuf(ridx: 0, widx: 16103, cap: 16103/16103, unwrapped: UnpooledUnsafeDirectByteBuf(ridx: 16384, widx: 16384, cap: 16384)), decoderResult: success)
11:39:50.492 [LittleProxy-ProxyToServerWorker-7] DEBUG o.l.p.impl.ProxyToServerConnection - (AWAITING_INITIAL) [id: 0x700df78a, /127.0.0.1:35283 => localhost/127.0.0.1:9000]: Received raw response: DefaultHttpResponse(decodeResult: success, version: HTTP/1.1)
HTTP/1.1 200 OK
Accept-Ranges: bytes
Date: Tue, 08 Sep 2015 10:39:50 GMT
Cache-Control: public, max-age=0
Last-Modified: Sun, 21 Jun 2015 18:07:42 GMT
ETag: W/"72KTdbZGfuiQL/2T1f7xcA=="
Content-Type: text/css; charset=UTF-8
Content-Length: 12390
Connection: keep-alive
11:39:50.492 [LittleProxy-ProxyToServerWorker-2] DEBUG o.l.p.impl.ClientToProxyConnection - (AWAITING_INITIAL) [id: 0xe726451f, /127.0.0.1:54145 => /127.0.1.1:45224]: Not closing server connection on middle chunk for /bower_components/bootstrap/dist/css/bootstrap.css
11:39:50.492 [LittleProxy-ProxyToServerWorker-7] DEBUG o.l.p.impl.ProxyToServerConnection - (AWAITING_INITIAL) [id: 0x700df78a, /127.0.0.1:35283 => localhost/127.0.0.1:9000]: Remembering the current response.
11:39:50.492 [LittleProxy-ProxyToServerWorker-2] DEBUG o.l.p.impl.ClientToProxyConnection - (AWAITING_INITIAL) [id: 0xe726451f, /127.0.0.1:54145 => /127.0.1.1:45224]: Not closing client connection on middle chunk for /bower_components/bootstrap/dist/css/bootstrap.css
11:39:50.493 [LittleProxy-ProxyToServerWorker-7] DEBUG o.l.p.impl.ClientToProxyConnection - (AWAITING_INITIAL) [id: 0x4dc93f85, /127.0.0.1:54147 => /127.0.1.1:45224]: Writing: DefaultHttpResponse(decodeResult: success, version: HTTP/1.1)
HTTP/1.1 200 OK
Accept-Ranges: bytes
Date: Tue, 08 Sep 2015 10:39:50 GMT
Cache-Control: public, max-age=0
Last-Modified: Sun, 21 Jun 2015 18:07:42 GMT
ETag: W/"72KTdbZGfuiQL/2T1f7xcA=="
Content-Type: text/css; charset=UTF-8
Content-Length: 12390
Via: 1.1 localhost.localdomain
11:39:50.493 [LittleProxy-ProxyToServerWorker-7] DEBUG o.l.p.impl.ClientToProxyConnection - (AWAITING_INITIAL) [id: 0x4dc93f85, /127.0.0.1:54147 => /127.0.1.1:45224]: Wrote: DefaultHttpResponse(decodeResult: success, version: HTTP/1.1)
HTTP/1.1 200 OK
Accept-Ranges: bytes
Date: Tue, 08 Sep 2015 10:39:50 GMT
Cache-Control: public, max-age=0
Last-Modified: Sun, 21 Jun 2015 18:07:42 GMT
ETag: W/"72KTdbZGfuiQL/2T1f7xcA=="
Content-Type: text/css; charset=UTF-8
Content-Length: 12390
Via: 1.1 localhost.localdomain
11:39:50.493 [LittleProxy-ProxyToServerWorker-7] DEBUG o.l.p.impl.ClientToProxyConnection - (AWAITING_INITIAL) [id: 0x4dc93f85, /127.0.0.1:54147 => /127.0.1.1:45224]: Not closing server connection on middle chunk for /bower_components/angular-bootstrap-datetimepicker/src/css/datetimepicker.css
11:39:50.493 [LittleProxy-ProxyToServerWorker-7] DEBUG o.l.p.impl.ClientToProxyConnection - (AWAITING_INITIAL) [id: 0x4dc93f85, /127.0.0.1:54147 => /127.0.1.1:45224]: Not closing client connection on middle chunk for /bower_components/angular-bootstrap-datetimepicker/src/css/datetimepicker.css
11:39:50.493 [LittleProxy-ProxyToServerWorker-7] DEBUG o.l.p.impl.ProxyToServerConnection - (AWAITING_CHUNK) [id: 0x700df78a, /127.0.0.1:35283 => localhost/127.0.0.1:9000]: Reading: DefaultHttpContent(data: SlicedByteBuf(ridx: 0, widx: 744, cap: 744/744, unwrapped: UnpooledUnsafeDirectByteBuf(ridx: 1024, widx: 1024, cap: 1024)), decoderResult: success)
11:39:50.493 [LittleProxy-ProxyToServerWorker-2] DEBUG o.l.p.impl.ProxyToServerConnection - (AWAITING_CHUNK) [id: 0x9953b61f, /127.0.0.1:35274 => localhost/127.0.0.1:9000]: Reading: DefaultHttpContent(data: SlicedByteBuf(ridx: 0, widx: 16384, cap: 16384/16384, unwrapped: UnpooledUnsafeDirectByteBuf(ridx: 16384, widx: 16384, cap: 16384)), decoderResult: success)
11:39:50.493 [LittleProxy-ProxyToServerWorker-7] DEBUG o.l.p.impl.ClientToProxyConnection - (AWAITING_INITIAL) [id: 0x4dc93f85, /127.0.0.1:54147 => /127.0.1.1:45224]: Retaining reference counted message
11:39:50.493 [LittleProxy-ProxyToServerWorker-2] DEBUG o.l.p.impl.ClientToProxyConnection - (AWAITING_INITIAL) [id: 0xe726451f, /127.0.0.1:54145 => /127.0.1.1:45224]: Retaining reference counted message
11:39:50.493 [LittleProxy-ProxyToServerWorker-7] DEBUG o.l.p.impl.ClientToProxyConnection - (AWAITING_INITIAL) [id: 0x4dc93f85, /127.0.0.1:54147 => /127.0.1.1:45224]: Writing: DefaultHttpContent(data: SlicedByteBuf(ridx: 0, widx: 744, cap: 744/744, unwrapped: UnpooledUnsafeDirectByteBuf(ridx: 1024, widx: 1024, cap: 1024)), decoderResult: success)
11:39:50.493 [LittleProxy-ProxyToServerWorker-2] DEBUG o.l.p.impl.ClientToProxyConnection - (AWAITING_INITIAL) [id: 0xe726451f, /127.0.0.1:54145 => /127.0.1.1:45224]: Writing: DefaultHttpContent(data: SlicedByteBuf(ridx: 0, widx: 16384, cap: 16384/16384, unwrapped: UnpooledUnsafeDirectByteBuf(ridx: 16384, widx: 16384, cap: 16384)), decoderResult: success)
11:39:50.493 [LittleProxy-ProxyToServerWorker-7] DEBUG o.l.p.impl.ClientToProxyConnection - (AWAITING_INITIAL) [id: 0x4dc93f85, /127.0.0.1:54147 => /127.0.1.1:45224]: Wrote: DefaultHttpContent(data: SlicedByteBuf(ridx: 0, widx: 744, cap: 744/744, unwrapped: UnpooledUnsafeDirectByteBuf(ridx: 1024, widx: 1024, cap: 1024)), decoderResult: success)
11:39:50.493 [LittleProxy-ProxyToServerWorker-2] DEBUG o.l.p.impl.ClientToProxyConnection - (AWAITING_INITIAL) [id: 0xe726451f, /127.0.0.1:54145 => /127.0.1.1:45224]: Wrote: DefaultHttpContent(data: SlicedByteBuf(ridx: 0, widx: 16384, cap: 16384/16384, unwrapped: UnpooledUnsafeDirectByteBuf(ridx: 16384, widx: 16384, cap: 16384)), decoderResult: success)
11:39:50.493 [LittleProxy-ProxyToServerWorker-7] DEBUG o.l.p.impl.ClientToProxyConnection - (AWAITING_INITIAL) [id: 0x4dc93f85, /127.0.0.1:54147 => /127.0.1.1:45224]: Not closing server connection on middle chunk for /bower_components/angular-bootstrap-datetimepicker/src/css/datetimepicker.css
11:39:50.493 [LittleProxy-ProxyToServerWorker-2] DEBUG o.l.p.impl.ClientToProxyConnection - (AWAITING_INITIAL) [id: 0xe726451f, /127.0.0.1:54145 => /127.0.1.1:45224]: Not closing server connection on middle chunk for /bower_components/bootstrap/dist/css/bootstrap.css
11:39:50.494 [LittleProxy-ProxyToServerWorker-7] DEBUG o.l.p.impl.ClientToProxyConnection - (AWAITING_INITIAL) [id: 0x4dc93f85, /127.0.0.1:54147 => /127.0.1.1:45224]: Not closing client connection on middle chunk for /bower_components/angular-bootstrap-datetimepicker/src/css/datetimepicker.css
11:39:50.494 [LittleProxy-ProxyToServerWorker-2] DEBUG o.l.p.impl.ClientToProxyConnection - (AWAITING_INITIAL) [id: 0xe726451f, /127.0.0.1:54145 => /127.0.1.1:45224]: Not closing client connection on middle chunk for /bower_components/bootstrap/dist/css/bootstrap.css
11:39:50.494 [LittleProxy-ProxyToServerWorker-7] DEBUG o.l.p.impl.ProxyToServerConnection - (AWAITING_CHUNK) [id: 0x700df78a, /127.0.0.1:35283 => localhost/127.0.0.1:9000]: Reading: DefaultHttpContent(data: SlicedByteBuf(ridx: 0, widx: 1024, cap: 1024/1024, unwrapped: UnpooledUnsafeDirectByteBuf(ridx: 1024, widx: 1024, cap: 1024)), decoderResult: success)
11:39:50.494 [LittleProxy-ProxyToServerWorker-2] DEBUG o.l.p.impl.ProxyToServerConnection - (AWAITING_CHUNK) [id: 0x9953b61f, /127.0.0.1:35274 => localhost/127.0.0.1:9000]: Reading: DefaultHttpContent(data: SlicedByteBuf(ridx: 0, widx: 16384, cap: 16384/16384, unwrapped: UnpooledUnsafeDirectByteBuf(ridx: 16384, widx: 16384, cap: 16384)), decoderResult: success)
11:39:50.494 [LittleProxy-ProxyToServerWorker-7] DEBUG o.l.p.impl.ClientToProxyConnection - (AWAITING_INITIAL) [id: 0x4dc93f85, /127.0.0.1:54147 => /127.0.1.1:45224]: Retaining reference counted message
11:39:50.494 [LittleProxy-ProxyToServerWorker-2] DEBUG o.l.p.impl.ClientToProxyConnection - (AWAITING_INITIAL) [id: 0xe726451f, /127.0.0.1:54145 => /127.0.1.1:45224]: Retaining reference counted message
11:39:50.494 [LittleProxy-ProxyToServerWorker-7] DEBUG o.l.p.impl.ClientToProxyConnection - (AWAITING_INITIAL) [id: 0x4dc93f85, /127.0.0.1:54147 => /127.0.1.1:45224]: Writing: DefaultHttpContent(data: SlicedByteBuf(ridx: 0, widx: 1024, cap: 1024/1024, unwrapped: UnpooledUnsafeDirectByteBuf(ridx: 1024, widx: 1024, cap: 1024)), decoderResult: success)
11:39:50.494 [LittleProxy-ProxyToServerWorker-2] DEBUG o.l.p.impl.ClientToProxyConnection - (AWAITING_INITIAL) [id: 0xe726451f, /127.0.0.1:54145 => /127.0.1.1:45224]: Writing: DefaultHttpContent(data: SlicedByteBuf(ridx: 0, widx: 16384, cap: 16384/16384, unwrapped: UnpooledUnsafeDirectByteBuf(ridx: 16384, widx: 16384, cap: 16384)), decoderResult: success)
11:39:50.494 [LittleProxy-ProxyToServerWorker-7] DEBUG o.l.p.impl.ClientToProxyConnection - (AWAITING_INITIAL) [id: 0x4dc93f85, /127.0.0.1:54147 => /127.0.1.1:45224]: Wrote: DefaultHttpContent(data: SlicedByteBuf(ridx: 0, widx: 1024, cap: 1024/1024, unwrapped: UnpooledUnsafeDirectByteBuf(ridx: 1024, widx: 1024, cap: 1024)), decoderResult: success)
11:39:50.494 [LittleProxy-ProxyToServerWorker-2] DEBUG o.l.p.impl.ClientToProxyConnection - (AWAITING_INITIAL) [id: 0xe726451f, /127.0.0.1:54145 => /127.0.1.1:45224]: Wrote: DefaultHttpContent(data: SlicedByteBuf(ridx: 0, widx: 16384, cap: 16384/16384, unwrapped: UnpooledUnsafeDirectByteBuf(ridx: 16384, widx: 16384, cap: 16384)), decoderResult: success)
11:39:50.494 [LittleProxy-ProxyToServerWorker-7] DEBUG o.l.p.impl.ClientToProxyConnection - (AWAITING_INITIAL) [id: 0x4dc93f85, /127.0.0.1:54147 => /127.0.1.1:45224]: Not closing server connection on middle chunk for /bower_components/angular-bootstrap-datetimepicker/src/css/datetimepicker.css
11:39:50.494 [LittleProxy-ProxyToServerWorker-2] DEBUG o.l.p.impl.ClientToProxyConnection - (AWAITING_INITIAL) [id: 0xe726451f, /127.0.0.1:54145 => /127.0.1.1:45224]: Not closing server connection on middle chunk for /bower_components/bootstrap/dist/css/bootstrap.css
11:39:50.494 [LittleProxy-ProxyToServerWorker-7] DEBUG o.l.p.impl.ClientToProxyConnection - (AWAITING_INITIAL) [id: 0x4dc93f85, /127.0.0.1:54147 => /127.0.1.1:45224]: Not closing client connection on middle chunk for /bower_components/angular-bootstrap-datetimepicker/src/css/datetimepicker.css
11:39:50.494 [LittleProxy-ProxyToServerWorker-2] DEBUG o.l.p.impl.ClientToProxyConnection - (AWAITING_INITIAL) [id: 0xe726451f, /127.0.0.1:54145 => /127.0.1.1:45224]: Not closing client connection on middle chunk for /bower_components/bootstrap/dist/css/bootstrap.css
11:39:50.494 [LittleProxy-ProxyToServerWorker-2] DEBUG o.l.p.impl.ProxyToServerConnection - (AWAITING_CHUNK) [id: 0x9953b61f, /127.0.0.1:35274 => localhost/127.0.0.1:9000]: Reading: DefaultHttpContent(data: SlicedByteBuf(ridx: 0, widx: 16384, cap: 16384/16384, unwrapped: UnpooledUnsafeDirectByteBuf(ridx: 16384, widx: 16384, cap: 16384)), decoderResult: success)
11:39:50.494 [LittleProxy-ProxyToServerWorker-7] DEBUG o.l.p.impl.ProxyToServerConnection - (AWAITING_CHUNK) [id: 0x700df78a, /127.0.0.1:35283 => localhost/127.0.0.1:9000]: Reading: DefaultHttpContent(data: SlicedByteBuf(ridx: 0, widx: 1024, cap: 1024/1024, unwrapped: UnpooledUnsafeDirectByteBuf(ridx: 1024, widx: 1024, cap: 1024)), decoderResult: success)
11:39:50.494 [LittleProxy-ProxyToServerWorker-2] DEBUG o.l.p.impl.ClientToProxyConnection - (AWAITING_INITIAL) [id: 0xe726451f, /127.0.0.1:54145 => /127.0.1.1:45224]: Retaining reference counted message
11:39:50.495 [LittleProxy-ProxyToServerWorker-7] DEBUG o.l.p.impl.ClientToProxyConnection - (AWAITING_INITIAL) [id: 0x4dc93f85, /127.0.0.1:54147 => /127.0.1.1:45224]: Retaining reference counted message
11:39:50.495 [LittleProxy-ProxyToServerWorker-2] DEBUG o.l.p.impl.ClientToProxyConnection - (AWAITING_INITIAL) [id: 0xe726451f, /127.0.0.1:54145 => /127.0.1.1:45224]: Writing: DefaultHttpContent(data: SlicedByteBuf(ridx: 0, widx: 16384, cap: 16384/16384, unwrapped: UnpooledUnsafeDirectByteBuf(ridx: 16384, widx: 16384, cap: 16384)), decoderResult: success)
11:39:50.495 [LittleProxy-ProxyToServerWorker-7] DEBUG o.l.p.impl.ClientToProxyConnection - (AWAITING_INITIAL) [id: 0x4dc93f85, /127.0.0.1:54147 => /127.0.1.1:45224]: Writing: DefaultHttpContent(data: SlicedByteBuf(ridx: 0, widx: 1024, cap: 1024/1024, unwrapped: UnpooledUnsafeDirectByteBuf(ridx: 1024, widx: 1024, cap: 1024)), decoderResult: success)
11:39:50.495 [LittleProxy-ProxyToServerWorker-2] DEBUG o.l.p.impl.ClientToProxyConnection - (AWAITING_INITIAL) [id: 0xe726451f, /127.0.0.1:54145 => /127.0.1.1:45224]: Wrote: DefaultHttpContent(data: SlicedByteBuf(ridx: 0, widx: 16384, cap: 16384/16384, unwrapped: UnpooledUnsafeDirectByteBuf(ridx: 16384, widx: 16384, cap: 16384)), decoderResult: success)
11:39:50.495 [LittleProxy-ProxyToServerWorker-2] DEBUG o.l.p.impl.ClientToProxyConnection - (AWAITING_INITIAL) [id: 0xe726451f, /127.0.0.1:54145 => /127.0.1.1:45224]: Not closing server connection on middle chunk for /bower_components/bootstrap/dist/css/bootstrap.css
11:39:50.495 [LittleProxy-ProxyToServerWorker-2] DEBUG o.l.p.impl.ClientToProxyConnection - (AWAITING_INITIAL) [id: 0xe726451f, /127.0.0.1:54145 => /127.0.1.1:45224]: Not closing client connection on middle chunk for /bower_components/bootstrap/dist/css/bootstrap.css
11:39:50.495 [LittleProxy-ProxyToServerWorker-7] DEBUG o.l.p.impl.ClientToProxyConnection - (AWAITING_INITIAL) [id: 0x4dc93f85, /127.0.0.1:54147 => /127.0.1.1:45224]: Wrote: DefaultHttpContent(data: SlicedByteBuf(ridx: 0, widx: 1024, cap: 1024/1024, unwrapped: UnpooledUnsafeDirectByteBuf(ridx: 1024, widx: 1024, cap: 1024)), decoderResult: success)
11:39:50.495 [LittleProxy-ProxyToServerWorker-7] DEBUG o.l.p.impl.ClientToProxyConnection - (AWAITING_INITIAL) [id: 0x4dc93f85, /127.0.0.1:54147 => /127.0.1.1:45224]: Not closing server connection on middle chunk for /bower_components/angular-bootstrap-datetimepicker/src/css/datetimepicker.css
11:39:50.495 [LittleProxy-ProxyToServerWorker-7] DEBUG o.l.p.impl.ClientToProxyConnection - (AWAITING_INITIAL) [id: 0x4dc93f85, /127.0.0.1:54147 => /127.0.1.1:45224]: Not closing client connection on middle chunk for /bower_components/angular-bootstrap-datetimepicker/src/css/datetimepicker.css
11:39:50.495 [LittleProxy-ProxyToServerWorker-2] DEBUG o.l.p.impl.ProxyToServerConnection - (AWAITING_CHUNK) [id: 0x9953b61f, /127.0.0.1:35274 => localhost/127.0.0.1:9000]: Reading: DefaultHttpContent(data: SlicedByteBuf(ridx: 0, widx: 281, cap: 281/281, unwrapped: UnpooledUnsafeDirectByteBuf(ridx: 281, widx: 281, cap: 16384)), decoderResult: success)
11:39:50.495 [LittleProxy-ProxyToServerWorker-2] DEBUG o.l.p.impl.ClientToProxyConnection - (AWAITING_INITIAL) [id: 0xe726451f, /127.0.0.1:54145 => /127.0.1.1:45224]: Retaining reference counted message
11:39:50.495 [LittleProxy-ProxyToServerWorker-7] DEBUG o.l.p.impl.ProxyToServerConnection - (AWAITING_CHUNK) [id: 0x700df78a, /127.0.0.1:35283 => localhost/127.0.0.1:9000]: Reading: DefaultHttpContent(data: SlicedByteBuf(ridx: 0, widx: 1024, cap: 1024/1024, unwrapped: UnpooledUnsafeDirectByteBuf(ridx: 1024, widx: 1024, cap: 1024)), decoderResult: success)
11:39:50.495 [LittleProxy-ProxyToServerWorker-2] DEBUG o.l.p.impl.ClientToProxyConnection - (AWAITING_INITIAL) [id: 0xe726451f, /127.0.0.1:54145 => /127.0.1.1:45224]: Writing: DefaultHttpContent(data: SlicedByteBuf(ridx: 0, widx: 281, cap: 281/281, unwrapped: UnpooledUnsafeDirectByteBuf(ridx: 281, widx: 281, cap: 16384)), decoderResult: success)
11:39:50.495 [LittleProxy-ProxyToServerWorker-7] DEBUG o.l.p.impl.ClientToProxyConnection - (AWAITING_INITIAL) [id: 0x4dc93f85, /127.0.0.1:54147 => /127.0.1.1:45224]: Retaining reference counted message
11:39:50.495 [LittleProxy-ProxyToServerWorker-2] DEBUG o.l.p.impl.ClientToProxyConnection - (AWAITING_INITIAL) [id: 0xe726451f, /127.0.0.1:54145 => /127.0.1.1:45224]: Wrote: DefaultHttpContent(data: SlicedByteBuf(ridx: 0, widx: 281, cap: 281/281, unwrapped: UnpooledUnsafeDirectByteBuf(ridx: 281, widx: 281, cap: 16384)), decoderResult: success)
11:39:50.495 [LittleProxy-ProxyToServerWorker-7] DEBUG o.l.p.impl.ClientToProxyConnection - (AWAITING_INITIAL) [id: 0x4dc93f85, /127.0.0.1:54147 => /127.0.1.1:45224]: Writing: DefaultHttpContent(data: SlicedByteBuf(ridx: 0, widx: 1024, cap: 1024/1024, unwrapped: UnpooledUnsafeDirectByteBuf(ridx: 1024, widx: 1024, cap: 1024)), decoderResult: success)
11:39:50.495 [LittleProxy-ProxyToServerWorker-2] DEBUG o.l.p.impl.ClientToProxyConnection - (AWAITING_INITIAL) [id: 0xe726451f, /127.0.0.1:54145 => /127.0.1.1:45224]: Not closing server connection on middle chunk for /bower_components/bootstrap/dist/css/bootstrap.css
11:39:50.495 [LittleProxy-ProxyToServerWorker-7] DEBUG o.l.p.impl.ClientToProxyConnection - (AWAITING_INITIAL) [id: 0x4dc93f85, /127.0.0.1:54147 => /127.0.1.1:45224]: Wrote: DefaultHttpContent(data: SlicedByteBuf(ridx: 0, widx: 1024, cap: 1024/1024, unwrapped: UnpooledUnsafeDirectByteBuf(ridx: 1024, widx: 1024, cap: 1024)), decoderResult: success)
11:39:50.495 [LittleProxy-ProxyToServerWorker-2] DEBUG o.l.p.impl.ClientToProxyConnection - (AWAITING_INITIAL) [id: 0xe726451f, /127.0.0.1:54145 => /127.0.1.1:45224]: Not closing client connection on middle chunk for /bower_components/bootstrap/dist/css/bootstrap.css
11:39:50.495 [LittleProxy-ProxyToServerWorker-7] DEBUG o.l.p.impl.ClientToProxyConnection - (AWAITING_INITIAL) [id: 0x4dc93f85, /127.0.0.1:54147 => /127.0.1.1:45224]: Not closing server connection on middle chunk for /bower_components/angular-bootstrap-datetimepicker/src/css/datetimepicker.css
11:39:50.495 [LittleProxy-ProxyToServerWorker-7] DEBUG o.l.p.impl.ClientToProxyConnection - (AWAITING_INITIAL) [id: 0x4dc93f85, /127.0.0.1:54147 => /127.0.1.1:45224]: Not closing client connection on middle chunk for /bower_components/angular-bootstrap-datetimepicker/src/css/datetimepicker.css
11:39:50.495 [LittleProxy-ProxyToServerWorker-7] DEBUG o.l.p.impl.ProxyToServerConnection - (AWAITING_CHUNK) [id: 0x700df78a, /127.0.0.1:35283 => localhost/127.0.0.1:9000]: Reading: DefaultHttpContent(data: SlicedByteBuf(ridx: 0, widx: 1024, cap: 1024/1024, unwrapped: UnpooledUnsafeDirectByteBuf(ridx: 1024, widx: 1024, cap: 1024)), decoderResult: success)
11:39:50.495 [LittleProxy-ProxyToServerWorker-7] DEBUG o.l.p.impl.ClientToProxyConnection - (AWAITING_INITIAL) [id: 0x4dc93f85, /127.0.0.1:54147 => /127.0.1.1:45224]: Retaining reference counted message
11:39:50.495 [LittleProxy-ProxyToServerWorker-7] DEBUG o.l.p.impl.ClientToProxyConnection - (AWAITING_INITIAL) [id: 0x4dc93f85, /127.0.0.1:54147 => /127.0.1.1:45224]: Writing: DefaultHttpContent(data: SlicedByteBuf(ridx: 0, widx: 1024, cap: 1024/1024, unwrapped: UnpooledUnsafeDirectByteBuf(ridx: 1024, widx: 1024, cap: 1024)), decoderResult: success)
11:39:50.495 [LittleProxy-ProxyToServerWorker-7] DEBUG o.l.p.impl.ClientToProxyConnection - (AWAITING_INITIAL) [id: 0x4dc93f85, /127.0.0.1:54147 => /127.0.1.1:45224]: Wrote: DefaultHttpContent(data: SlicedByteBuf(ridx: 0, widx: 1024, cap: 1024/1024, unwrapped: UnpooledUnsafeDirectByteBuf(ridx: 1024, widx: 1024, cap: 1024)), decoderResult: success)
11:39:50.496 [LittleProxy-ProxyToServerWorker-7] DEBUG o.l.p.impl.ClientToProxyConnection - (AWAITING_INITIAL) [id: 0x4dc93f85, /127.0.0.1:54147 => /127.0.1.1:45224]: Not closing server connection on middle chunk for /bower_components/angular-bootstrap-datetimepicker/src/css/datetimepicker.css
11:39:50.496 [LittleProxy-ProxyToServerWorker-7] DEBUG o.l.p.impl.ClientToProxyConnection - (AWAITING_INITIAL) [id: 0x4dc93f85, /127.0.0.1:54147 => /127.0.1.1:45224]: Not closing client connection on middle chunk for /bower_components/angular-bootstrap-datetimepicker/src/css/datetimepicker.css
11:39:50.496 [LittleProxy-ProxyToServerWorker-7] DEBUG o.l.p.impl.ProxyToServerConnection - (AWAITING_CHUNK) [id: 0x700df78a, /127.0.0.1:35283 => localhost/127.0.0.1:9000]: Reading: DefaultHttpContent(data: SimpleLeakAwareByteBuf(SlicedByteBuf(ridx: 0, widx: 1024, cap: 1024/1024, unwrapped: UnpooledUnsafeDirectByteBuf(ridx: 1024, widx: 1024, cap: 1024))), decoderResult: success)
11:39:50.496 [LittleProxy-ProxyToServerWorker-7] DEBUG o.l.p.impl.ClientToProxyConnection - (AWAITING_INITIAL) [id: 0x4dc93f85, /127.0.0.1:54147 => /127.0.1.1:45224]: Retaining reference counted message
11:39:50.497 [LittleProxy-ProxyToServerWorker-7] DEBUG o.l.p.impl.ClientToProxyConnection - (AWAITING_INITIAL) [id: 0x4dc93f85, /127.0.0.1:54147 => /127.0.1.1:45224]: Writing: DefaultHttpContent(data: SimpleLeakAwareByteBuf(SlicedByteBuf(ridx: 0, widx: 1024, cap: 1024/1024, unwrapped: UnpooledUnsafeDirectByteBuf(ridx: 1024, widx: 1024, cap: 1024))), decoderResult: success)
11:39:50.497 [LittleProxy-ProxyToServerWorker-7] DEBUG o.l.p.impl.ClientToProxyConnection - (AWAITING_INITIAL) [id: 0x4dc93f85, /127.0.0.1:54147 => /127.0.1.1:45224]: Wrote: DefaultHttpContent(data: SimpleLeakAwareByteBuf(SlicedByteBuf(ridx: 0, widx: 1024, cap: 1024/1024, unwrapped: UnpooledUnsafeDirectByteBuf(ridx: 1024, widx: 1024, cap: 1024))), decoderResult: success)
11:39:50.497 [LittleProxy-ProxyToServerWorker-7] DEBUG o.l.p.impl.ClientToProxyConnection - (AWAITING_INITIAL) [id: 0x4dc93f85, /127.0.0.1:54147 => /127.0.1.1:45224]: Not closing server connection on middle chunk for /bower_components/angular-bootstrap-datetimepicker/src/css/datetimepicker.css
11:39:50.497 [LittleProxy-ProxyToServerWorker-7] DEBUG o.l.p.impl.ClientToProxyConnection - (AWAITING_INITIAL) [id: 0x4dc93f85, /127.0.0.1:54147 => /127.0.1.1:45224]: Not closing client connection on middle chunk for /bower_components/angular-bootstrap-datetimepicker/src/css/datetimepicker.css
11:39:50.497 [LittleProxy-ProxyToServerWorker-7] DEBUG o.l.p.impl.ProxyToServerConnection - (AWAITING_CHUNK) [id: 0x700df78a, /127.0.0.1:35283 => localhost/127.0.0.1:9000]: Reading: DefaultHttpContent(data: SlicedByteBuf(ridx: 0, widx: 1024, cap: 1024/1024, unwrapped: UnpooledUnsafeDirectByteBuf(ridx: 1024, widx: 1024, cap: 1024)), decoderResult: success)
11:39:50.498 [LittleProxy-ProxyToServerWorker-7] DEBUG o.l.p.impl.ClientToProxyConnection - (AWAITING_INITIAL) [id: 0x4dc93f85, /127.0.0.1:54147 => /127.0.1.1:45224]: Retaining reference counted message
11:39:50.498 [LittleProxy-ProxyToServerWorker-7] DEBUG o.l.p.impl.ClientToProxyConnection - (AWAITING_INITIAL) [id: 0x4dc93f85, /127.0.0.1:54147 => /127.0.1.1:45224]: Writing: DefaultHttpContent(data: SlicedByteBuf(ridx: 0, widx: 1024, cap: 1024/1024, unwrapped: UnpooledUnsafeDirectByteBuf(ridx: 1024, widx: 1024, cap: 1024)), decoderResult: success)
11:39:50.498 [LittleProxy-ProxyToServerWorker-7] DEBUG o.l.p.impl.ClientToProxyConnection - (AWAITING_INITIAL) [id: 0x4dc93f85, /127.0.0.1:54147 => /127.0.1.1:45224]: Wrote: DefaultHttpContent(data: SlicedByteBuf(ridx: 0, widx: 1024, cap: 1024/1024, unwrapped: UnpooledUnsafeDirectByteBuf(ridx: 1024, widx: 1024, cap: 1024)), decoderResult: success)
11:39:50.498 [LittleProxy-ProxyToServerWorker-7] DEBUG o.l.p.impl.ClientToProxyConnection - (AWAITING_INITIAL) [id: 0x4dc93f85, /127.0.0.1:54147 => /127.0.1.1:45224]: Not closing server connection on middle chunk for /bower_components/angular-bootstrap-datetimepicker/src/css/datetimepicker.css
11:39:50.498 [LittleProxy-ProxyToServerWorker-7] DEBUG o.l.p.impl.ClientToProxyConnection - (AWAITING_INITIAL) [id: 0x4dc93f85, /127.0.0.1:54147 => /127.0.1.1:45224]: Not closing client connection on middle chunk for /bower_components/angular-bootstrap-datetimepicker/src/css/datetimepicker.css
11:39:50.498 [LittleProxy-ProxyToServerWorker-7] DEBUG o.l.p.impl.ProxyToServerConnection - (AWAITING_CHUNK) [id: 0x700df78a, /127.0.0.1:35283 => localhost/127.0.0.1:9000]: Reading: DefaultHttpContent(data: SlicedByteBuf(ridx: 0, widx: 1024, cap: 1024/1024, unwrapped: UnpooledUnsafeDirectByteBuf(ridx: 1024, widx: 1024, cap: 1024)), decoderResult: success)
11:39:50.498 [LittleProxy-ProxyToServerWorker-7] DEBUG o.l.p.impl.ClientToProxyConnection - (AWAITING_INITIAL) [id: 0x4dc93f85, /127.0.0.1:54147 => /127.0.1.1:45224]: Retaining reference counted message
11:39:50.498 [LittleProxy-ProxyToServerWorker-7] DEBUG o.l.p.impl.ClientToProxyConnection - (AWAITING_INITIAL) [id: 0x4dc93f85, /127.0.0.1:54147 => /127.0.1.1:45224]: Writing: DefaultHttpContent(data: SlicedByteBuf(ridx: 0, widx: 1024, cap: 1024/1024, unwrapped: UnpooledUnsafeDirectByteBuf(ridx: 1024, widx: 1024, cap: 1024)), decoderResult: success)
11:39:50.498 [LittleProxy-ProxyToServerWorker-7] DEBUG o.l.p.impl.ClientToProxyConnection - (AWAITING_INITIAL) [id: 0x4dc93f85, /127.0.0.1:54147 => /127.0.1.1:45224]: Wrote: DefaultHttpContent(data: SlicedByteBuf(ridx: 0, widx: 1024, cap: 1024/1024, unwrapped: UnpooledUnsafeDirectByteBuf(ridx: 1024, widx: 1024, cap: 1024)), decoderResult: success)
11:39:50.498 [LittleProxy-ProxyToServerWorker-7] DEBUG o.l.p.impl.ClientToProxyConnection - (AWAITING_INITIAL) [id: 0x4dc93f85, /127.0.0.1:54147 => /127.0.1.1:45224]: Not closing server connection on middle chunk for /bower_components/angular-bootstrap-datetimepicker/src/css/datetimepicker.css
11:39:50.498 [LittleProxy-ProxyToServerWorker-7] DEBUG o.l.p.impl.ClientToProxyConnection - (AWAITING_INITIAL) [id: 0x4dc93f85, /127.0.0.1:54147 => /127.0.1.1:45224]: Not closing client connection on middle chunk for /bower_components/angular-bootstrap-datetimepicker/src/css/datetimepicker.css
11:39:50.498 [LittleProxy-ProxyToServerWorker-7] DEBUG o.l.p.impl.ProxyToServerConnection - (AWAITING_CHUNK) [id: 0x700df78a, /127.0.0.1:35283 => localhost/127.0.0.1:9000]: Reading: DefaultHttpContent(data: SlicedByteBuf(ridx: 0, widx: 1024, cap: 1024/1024, unwrapped: UnpooledUnsafeDirectByteBuf(ridx: 1024, widx: 1024, cap: 1024)), decoderResult: success)
11:39:50.498 [LittleProxy-ProxyToServerWorker-7] DEBUG o.l.p.impl.ClientToProxyConnection - (AWAITING_INITIAL) [id: 0x4dc93f85, /127.0.0.1:54147 => /127.0.1.1:45224]: Retaining reference counted message
11:39:50.498 [LittleProxy-ProxyToServerWorker-7] DEBUG o.l.p.impl.ClientToProxyConnection - (AWAITING_INITIAL) [id: 0x4dc93f85, /127.0.0.1:54147 => /127.0.1.1:45224]: Writing: DefaultHttpContent(data: SlicedByteBuf(ridx: 0, widx: 1024, cap: 1024/1024, unwrapped: UnpooledUnsafeDirectByteBuf(ridx: 1024, widx: 1024, cap: 1024)), decoderResult: success)
11:39:50.498 [LittleProxy-ProxyToServerWorker-7] DEBUG o.l.p.impl.ClientToProxyConnection - (AWAITING_INITIAL) [id: 0x4dc93f85, /127.0.0.1:54147 => /127.0.1.1:45224]: Wrote: DefaultHttpContent(data: SlicedByteBuf(ridx: 0, widx: 1024, cap: 1024/1024, unwrapped: UnpooledUnsafeDirectByteBuf(ridx: 1024, widx: 1024, cap: 1024)), decoderResult: success)
11:39:50.498 [LittleProxy-ProxyToServerWorker-7] DEBUG o.l.p.impl.ClientToProxyConnection - (AWAITING_INITIAL) [id: 0x4dc93f85, /127.0.0.1:54147 => /127.0.1.1:45224]: Not closing server connection on middle chunk for /bower_components/angular-bootstrap-datetimepicker/src/css/datetimepicker.css
11:39:50.498 [LittleProxy-ProxyToServerWorker-7] DEBUG o.l.p.impl.ClientToProxyConnection - (AWAITING_INITIAL) [id: 0x4dc93f85, /127.0.0.1:54147 => /127.0.1.1:45224]: Not closing client connection on middle chunk for /bower_components/angular-bootstrap-datetimepicker/src/css/datetimepicker.css
11:39:50.498 [LittleProxy-ProxyToServerWorker-7] DEBUG o.l.p.impl.ProxyToServerConnection - (AWAITING_CHUNK) [id: 0x700df78a, /127.0.0.1:35283 => localhost/127.0.0.1:9000]: Reading: DefaultHttpContent(data: SlicedByteBuf(ridx: 0, widx: 1024, cap: 1024/1024, unwrapped: UnpooledUnsafeDirectByteBuf(ridx: 1024, widx: 1024, cap: 1024)), decoderResult: success)
11:39:50.498 [LittleProxy-ProxyToServerWorker-7] DEBUG o.l.p.impl.ClientToProxyConnection - (AWAITING_INITIAL) [id: 0x4dc93f85, /127.0.0.1:54147 => /127.0.1.1:45224]: Retaining reference counted message
11:39:50.498 [LittleProxy-ProxyToServerWorker-7] DEBUG o.l.p.impl.ClientToProxyConnection - (AWAITING_INITIAL) [id: 0x4dc93f85, /127.0.0.1:54147 => /127.0.1.1:45224]: Writing: DefaultHttpContent(data: SlicedByteBuf(ridx: 0, widx: 1024, cap: 1024/1024, unwrapped: UnpooledUnsafeDirectByteBuf(ridx: 1024, widx: 1024, cap: 1024)), decoderResult: success)
11:39:50.499 [LittleProxy-ProxyToServerWorker-7] DEBUG o.l.p.impl.ClientToProxyConnection - (AWAITING_INITIAL) [id: 0x4dc93f85, /127.0.0.1:54147 => /127.0.1.1:45224]: Wrote: DefaultHttpContent(data: SlicedByteBuf(ridx: 0, widx: 1024, cap: 1024/1024, unwrapped: UnpooledUnsafeDirectByteBuf(ridx: 1024, widx: 1024, cap: 1024)), decoderResult: success)
11:39:50.499 [LittleProxy-ProxyToServerWorker-7] DEBUG o.l.p.impl.ClientToProxyConnection - (AWAITING_INITIAL) [id: 0x4dc93f85, /127.0.0.1:54147 => /127.0.1.1:45224]: Not closing server connection on middle chunk for /bower_components/angular-bootstrap-datetimepicker/src/css/datetimepicker.css
11:39:50.499 [LittleProxy-ProxyToServerWorker-7] DEBUG o.l.p.impl.ClientToProxyConnection - (AWAITING_INITIAL) [id: 0x4dc93f85, /127.0.0.1:54147 => /127.0.1.1:45224]: Not closing client connection on middle chunk for /bower_components/angular-bootstrap-datetimepicker/src/css/datetimepicker.css
11:39:50.499 [LittleProxy-ProxyToServerWorker-7] DEBUG o.l.p.impl.ProxyToServerConnection - (AWAITING_CHUNK) [id: 0x700df78a, /127.0.0.1:35283 => localhost/127.0.0.1:9000]: Reading: DefaultHttpContent(data: SlicedByteBuf(ridx: 0, widx: 1024, cap: 1024/1024, unwrapped: UnpooledUnsafeDirectByteBuf(ridx: 1024, widx: 1024, cap: 1024)), decoderResult: success)
11:39:50.499 [LittleProxy-ProxyToServerWorker-7] DEBUG o.l.p.impl.ClientToProxyConnection - (AWAITING_INITIAL) [id: 0x4dc93f85, /127.0.0.1:54147 => /127.0.1.1:45224]: Retaining reference counted message
11:39:50.499 [LittleProxy-ProxyToServerWorker-7] DEBUG o.l.p.impl.ClientToProxyConnection - (AWAITING_INITIAL) [id: 0x4dc93f85, /127.0.0.1:54147 => /127.0.1.1:45224]: Writing: DefaultHttpContent(data: SlicedByteBuf(ridx: 0, widx: 1024, cap: 1024/1024, unwrapped: UnpooledUnsafeDirectByteBuf(ridx: 1024, widx: 1024, cap: 1024)), decoderResult: success)
11:39:50.499 [LittleProxy-ProxyToServerWorker-7] DEBUG o.l.p.impl.ClientToProxyConnection - (AWAITING_INITIAL) [id: 0x4dc93f85, /127.0.0.1:54147 => /127.0.1.1:45224]: Wrote: DefaultHttpContent(data: SlicedByteBuf(ridx: 0, widx: 1024, cap: 1024/1024, unwrapped: UnpooledUnsafeDirectByteBuf(ridx: 1024, widx: 1024, cap: 1024)), decoderResult: success)
11:39:50.499 [LittleProxy-ProxyToServerWorker-7] DEBUG o.l.p.impl.ClientToProxyConnection - (AWAITING_INITIAL) [id: 0x4dc93f85, /127.0.0.1:54147 => /127.0.1.1:45224]: Not closing server connection on middle chunk for /bower_components/angular-bootstrap-datetimepicker/src/css/datetimepicker.css
11:39:50.499 [LittleProxy-ProxyToServerWorker-7] DEBUG o.l.p.impl.ClientToProxyConnection - (AWAITING_INITIAL) [id: 0x4dc93f85, /127.0.0.1:54147 => /127.0.1.1:45224]: Not closing client connection on middle chunk for /bower_components/angular-bootstrap-datetimepicker/src/css/datetimepicker.css
11:39:50.499 [LittleProxy-ProxyToServerWorker-7] DEBUG o.l.p.impl.ProxyToServerConnection - (AWAITING_CHUNK) [id: 0x700df78a, /127.0.0.1:35283 => localhost/127.0.0.1:9000]: Reading: DefaultHttpContent(data: SlicedByteBuf(ridx: 0, widx: 1024, cap: 1024/1024, unwrapped: UnpooledUnsafeDirectByteBuf(ridx: 1024, widx: 1024, cap: 1024)), decoderResult: success)
11:39:50.499 [LittleProxy-ProxyToServerWorker-7] DEBUG o.l.p.impl.ClientToProxyConnection - (AWAITING_INITIAL) [id: 0x4dc93f85, /127.0.0.1:54147 => /127.0.1.1:45224]: Retaining reference counted message
11:39:50.499 [LittleProxy-ProxyToServerWorker-7] DEBUG o.l.p.impl.ClientToProxyConnection - (AWAITING_INITIAL) [id: 0x4dc93f85, /127.0.0.1:54147 => /127.0.1.1:45224]: Writing: DefaultHttpContent(data: SlicedByteBuf(ridx: 0, widx: 1024, cap: 1024/1024, unwrapped: UnpooledUnsafeDirectByteBuf(ridx: 1024, widx: 1024, cap: 1024)), decoderResult: success)
11:39:50.499 [LittleProxy-ProxyToServerWorker-7] DEBUG o.l.p.impl.ClientToProxyConnection - (AWAITING_INITIAL) [id: 0x4dc93f85, /127.0.0.1:54147 => /127.0.1.1:45224]: Wrote: DefaultHttpContent(data: SlicedByteBuf(ridx: 0, widx: 1024, cap: 1024/1024, unwrapped: UnpooledUnsafeDirectByteBuf(ridx: 1024, widx: 1024, cap: 1024)), decoderResult: success)
11:39:50.499 [LittleProxy-ProxyToServerWorker-7] DEBUG o.l.p.impl.ClientToProxyConnection - (AWAITING_INITIAL) [id: 0x4dc93f85, /127.0.0.1:54147 => /127.0.1.1:45224]: Not closing server connection on middle chunk for /bower_components/angular-bootstrap-datetimepicker/src/css/datetimepicker.css
11:39:50.499 [LittleProxy-ProxyToServerWorker-7] DEBUG o.l.p.impl.ClientToProxyConnection - (AWAITING_INITIAL) [id: 0x4dc93f85, /127.0.0.1:54147 => /127.0.1.1:45224]: Not closing client connection on middle chunk for /bower_components/angular-bootstrap-datetimepicker/src/css/datetimepicker.css
11:39:50.499 [LittleProxy-ProxyToServerWorker-7] DEBUG o.l.p.impl.ProxyToServerConnection - (AWAITING_CHUNK) [id: 0x700df78a, /127.0.0.1:35283 => localhost/127.0.0.1:9000]: Reading: DefaultLastHttpContent(data: SlicedByteBuf(ridx: 0, widx: 382, cap: 382/382, unwrapped: UnpooledUnsafeDirectByteBuf(ridx: 382, widx: 382, cap: 1024)), decoderResult: success)
11:39:50.499 [LittleProxy-ProxyToServerWorker-7] DEBUG o.l.p.impl.ClientToProxyConnection - (AWAITING_INITIAL) [id: 0x4dc93f85, /127.0.0.1:54147 => /127.0.1.1:45224]: Retaining reference counted message
11:39:50.499 [LittleProxy-ProxyToServerWorker-7] DEBUG o.l.p.impl.ClientToProxyConnection - (AWAITING_INITIAL) [id: 0x4dc93f85, /127.0.0.1:54147 => /127.0.1.1:45224]: Writing: DefaultLastHttpContent(data: SlicedByteBuf(ridx: 0, widx: 382, cap: 382/382, unwrapped: UnpooledUnsafeDirectByteBuf(ridx: 382, widx: 382, cap: 1024)), decoderResult: success)
11:39:50.500 [LittleProxy-ProxyToServerWorker-7] DEBUG o.l.p.impl.ClientToProxyConnection - (AWAITING_INITIAL) [id: 0x4dc93f85, /127.0.0.1:54147 => /127.0.1.1:45224]: Writing an empty buffer to signal the end of our chunked transfer
11:39:50.500 [LittleProxy-ProxyToServerWorker-7] DEBUG o.l.p.impl.ClientToProxyConnection - (AWAITING_INITIAL) [id: 0x4dc93f85, /127.0.0.1:54147 => /127.0.1.1:45224]: Wrote: DefaultLastHttpContent(data: SlicedByteBuf(ridx: 0, widx: 382, cap: 382/382, unwrapped: UnpooledUnsafeDirectByteBuf(ridx: 382, widx: 382, cap: 1024)), decoderResult: success)
11:39:50.500 [LittleProxy-ProxyToServerWorker-7] DEBUG o.l.p.impl.ClientToProxyConnection - (AWAITING_INITIAL) [id: 0x4dc93f85, /127.0.0.1:54147 => /127.0.1.1:45224]: Retaining reference counted message
11:39:50.500 [LittleProxy-ProxyToServerWorker-7] DEBUG o.l.p.impl.ClientToProxyConnection - (AWAITING_INITIAL) [id: 0x4dc93f85, /127.0.0.1:54147 => /127.0.1.1:45224]: Writing: EmptyByteBufBE
11:39:50.500 [LittleProxy-ProxyToServerWorker-7] DEBUG o.l.p.impl.ClientToProxyConnection - (AWAITING_INITIAL) [id: 0x4dc93f85, /127.0.0.1:54147 => /127.0.1.1:45224]: Wrote: EmptyByteBufBE
11:39:50.500 [LittleProxy-ProxyToServerWorker-7] DEBUG o.l.p.impl.ClientToProxyConnection - (AWAITING_INITIAL) [id: 0x4dc93f85, /127.0.0.1:54147 => /127.0.1.1:45224]: Handling last chunk. Using normal server connection closing rules.
11:39:50.500 [LittleProxy-ProxyToServerWorker-7] DEBUG o.l.p.impl.ClientToProxyConnection - (AWAITING_INITIAL) [id: 0x4dc93f85, /127.0.0.1:54147 => /127.0.1.1:45224]: Not closing server connection for response: DefaultHttpResponse(decodeResult: success, version: HTTP/1.1)
HTTP/1.1 200 OK
Accept-Ranges: bytes
Date: Tue, 08 Sep 2015 10:39:50 GMT
Cache-Control: public, max-age=0
Last-Modified: Sun, 21 Jun 2015 18:07:42 GMT
ETag: W/"72KTdbZGfuiQL/2T1f7xcA=="
Content-Type: text/css; charset=UTF-8
Content-Length: 12390
Connection: keep-alive
11:39:50.500 [LittleProxy-ProxyToServerWorker-7] DEBUG o.l.p.impl.ClientToProxyConnection - (AWAITING_INITIAL) [id: 0x4dc93f85, /127.0.0.1:54147 => /127.0.1.1:45224]: Handling last chunk. Using normal client connection closing rules.
11:39:50.500 [LittleProxy-ProxyToServerWorker-7] DEBUG o.l.p.impl.ClientToProxyConnection - (AWAITING_INITIAL) [id: 0x4dc93f85, /127.0.0.1:54147 => /127.0.1.1:45224]: Not closing client connection for request: HttpObjectAggregator$AggregatedFullHttpRequest(decodeResult: success, version: HTTP/1.1, content: CompositeByteBuf(ridx: 0, widx: 0, cap: 0, components=0))
GET /bower_components/angular-bootstrap-datetimepicker/src/css/datetimepicker.css HTTP/1.1
Host: localhost:9000
Accept: text/css,*/*;q=0.1
User-Agent: Mozilla/5.0 (X11; Linux x86_64) AppleWebKit/537.36 (KHTML, like Gecko) Chrome/44.0.2403.130 Safari/537.36
Referer: http://localhost:9000/
Accept-Language: en-GB,en-US;q=0.8,en;q=0.6
Content-Length: 0
Accept-Encoding: gzip, deflate, 
Via: 1.1 localhost.localdomain
11:39:50.506 [LittleProxy-ClientToProxyWorker-3] DEBUG o.l.p.impl.ClientToProxyConnection - (AWAITING_INITIAL) [id: 0x4dc93f85, /127.0.0.1:54147 => /127.0.1.1:45224]: Reading: HttpObjectAggregator$AggregatedFullHttpRequest(decodeResult: success, version: HTTP/1.1, content: CompositeByteBuf(ridx: 0, widx: 0, cap: 0, components=0))
GET http://localhost:9000/bower_components/json3/lib/json3.js HTTP/1.1
Host: localhost:9000
Proxy-Connection: keep-alive
Accept: */*
User-Agent: Mozilla/5.0 (X11; Linux x86_64) AppleWebKit/537.36 (KHTML, like Gecko) Chrome/44.0.2403.130 Safari/537.36
Referer: http://localhost:9000/
Accept-Encoding: gzip, deflate, sdch
Accept-Language: en-GB,en-US;q=0.8,en;q=0.6
Content-Length: 0
11:39:50.506 [LittleProxy-ClientToProxyWorker-3] DEBUG o.l.p.impl.ClientToProxyConnection - (AWAITING_INITIAL) [id: 0x4dc93f85, /127.0.0.1:54147 => /127.0.1.1:45224]: Got request: HttpObjectAggregator$AggregatedFullHttpRequest(decodeResult: success, version: HTTP/1.1, content: CompositeByteBuf(ridx: 0, widx: 0, cap: 0, components=0))
GET http://localhost:9000/bower_components/json3/lib/json3.js HTTP/1.1
Host: localhost:9000
Proxy-Connection: keep-alive
Accept: */*
User-Agent: Mozilla/5.0 (X11; Linux x86_64) AppleWebKit/537.36 (KHTML, like Gecko) Chrome/44.0.2403.130 Safari/537.36
Referer: http://localhost:9000/
Accept-Encoding: gzip, deflate, sdch
Accept-Language: en-GB,en-US;q=0.8,en;q=0.6
Content-Length: 0
11:39:50.506 [LittleProxy-ProxyToServerWorker-5] DEBUG o.l.p.impl.ProxyToServerConnection - (AWAITING_INITIAL) [id: 0x97bd59d1, /127.0.0.1:35281 => localhost/127.0.0.1:9000]: Remembering the current request.
11:39:50.507 [LittleProxy-ProxyToServerWorker-5] DEBUG o.l.p.impl.ProxyToServerConnection - (AWAITING_INITIAL) [id: 0x97bd59d1, /127.0.0.1:35281 => localhost/127.0.0.1:9000]: Reading: DefaultHttpResponse(decodeResult: success, version: HTTP/1.1)
HTTP/1.1 200 OK
Accept-Ranges: bytes
Date: Tue, 08 Sep 2015 10:39:50 GMT
Cache-Control: public, max-age=0
Last-Modified: Thu, 01 May 2014 17:11:50 GMT
ETag: W/"0g+swcwyuo1fRmzOVdx6vw=="
Content-Type: application/javascript
Content-Length: 247351
Connection: keep-alive
11:39:50.507 [LittleProxy-ProxyToServerWorker-5] DEBUG o.l.p.impl.ProxyToServerConnection - (AWAITING_INITIAL) [id: 0x97bd59d1, /127.0.0.1:35281 => localhost/127.0.0.1:9000]: Received raw response: DefaultHttpResponse(decodeResult: success, version: HTTP/1.1)
HTTP/1.1 200 OK
Accept-Ranges: bytes
Date: Tue, 08 Sep 2015 10:39:50 GMT
Cache-Control: public, max-age=0
Last-Modified: Thu, 01 May 2014 17:11:50 GMT
ETag: W/"0g+swcwyuo1fRmzOVdx6vw=="
Content-Type: application/javascript
Content-Length: 247351
Connection: keep-alive
11:39:50.507 [LittleProxy-ProxyToServerWorker-5] DEBUG o.l.p.impl.ProxyToServerConnection - (AWAITING_INITIAL) [id: 0x97bd59d1, /127.0.0.1:35281 => localhost/127.0.0.1:9000]: Remembering the current response.
11:39:50.507 [LittleProxy-ClientToProxyWorker-3] DEBUG o.l.p.impl.ClientToProxyConnection - (AWAITING_INITIAL) [id: 0x4dc93f85, /127.0.0.1:54147 => /127.0.1.1:45224]: Ensuring that hostAndPort are available in http://localhost:9000/bower_components/json3/lib/json3.js
11:39:50.507 [LittleProxy-ClientToProxyWorker-3] DEBUG o.l.p.impl.ClientToProxyConnection - (AWAITING_INITIAL) [id: 0x4dc93f85, /127.0.0.1:54147 => /127.0.1.1:45224]: Finding ProxyToServerConnection for: localhost:9000
11:39:50.507 [LittleProxy-ClientToProxyWorker-3] DEBUG o.l.p.impl.ClientToProxyConnection - (AWAITING_INITIAL) [id: 0x4dc93f85, /127.0.0.1:54147 => /127.0.1.1:45224]: Reusing existing server connection: org.littleshoot.proxy.impl.ProxyToServerConnection@2cc0768d
11:39:50.507 [LittleProxy-ClientToProxyWorker-3] DEBUG o.l.p.impl.ClientToProxyConnection - (AWAITING_INITIAL) [id: 0x4dc93f85, /127.0.0.1:54147 => /127.0.1.1:45224]: Modifying request headers for proxying
11:39:50.507 [LittleProxy-ClientToProxyWorker-3] DEBUG o.l.p.impl.ClientToProxyConnection - (AWAITING_INITIAL) [id: 0x4dc93f85, /127.0.0.1:54147 => /127.0.1.1:45224]: Modifying request for proxy chaining
11:39:50.507 [LittleProxy-ProxyToServerWorker-5] DEBUG o.l.p.impl.ClientToProxyConnection - (AWAITING_INITIAL) [id: 0xa74abe3b, /127.0.0.1:54151 => /127.0.1.1:45224]: Writing: DefaultHttpResponse(decodeResult: success, version: HTTP/1.1)
HTTP/1.1 200 OK
Accept-Ranges: bytes
Date: Tue, 08 Sep 2015 10:39:50 GMT
Cache-Control: public, max-age=0
Last-Modified: Thu, 01 May 2014 17:11:50 GMT
ETag: W/"0g+swcwyuo1fRmzOVdx6vw=="
Content-Type: application/javascript
Content-Length: 247351
Via: 1.1 localhost.localdomain
11:39:50.507 [LittleProxy-ClientToProxyWorker-3] DEBUG o.l.p.impl.ClientToProxyConnection - (AWAITING_INITIAL) [id: 0x4dc93f85, /127.0.0.1:54147 => /127.0.1.1:45224]: Stripped host from uri: http://localhost:9000/bower_components/json3/lib/json3.js    yielding: /bower_components/json3/lib/json3.js
11:39:50.507 [LittleProxy-ClientToProxyWorker-3] DEBUG o.l.p.impl.ClientToProxyConnection - (AWAITING_INITIAL) [id: 0x4dc93f85, /127.0.0.1:54147 => /127.0.1.1:45224]: Removed sdch and inserted: gzip, deflate, 
11:39:50.507 [LittleProxy-ProxyToServerWorker-5] DEBUG o.l.p.impl.ClientToProxyConnection - (AWAITING_INITIAL) [id: 0xa74abe3b, /127.0.0.1:54151 => /127.0.1.1:45224]: Wrote: DefaultHttpResponse(decodeResult: success, version: HTTP/1.1)
HTTP/1.1 200 OK
Accept-Ranges: bytes
Date: Tue, 08 Sep 2015 10:39:50 GMT
Cache-Control: public, max-age=0
Last-Modified: Thu, 01 May 2014 17:11:50 GMT
ETag: W/"0g+swcwyuo1fRmzOVdx6vw=="
Content-Type: application/javascript
Content-Length: 247351
Via: 1.1 localhost.localdomain
11:39:50.507 [LittleProxy-ProxyToServerWorker-5] DEBUG o.l.p.impl.ClientToProxyConnection - (AWAITING_INITIAL) [id: 0xa74abe3b, /127.0.0.1:54151 => /127.0.1.1:45224]: Not closing server connection on middle chunk for /bower_components/jquery/dist/jquery.js
11:39:50.507 [LittleProxy-ClientToProxyWorker-3] DEBUG o.l.p.impl.ClientToProxyConnection - (AWAITING_INITIAL) [id: 0x4dc93f85, /127.0.0.1:54147 => /127.0.1.1:45224]: Writing request to ProxyToServerConnection
11:39:50.507 [LittleProxy-ProxyToServerWorker-5] DEBUG o.l.p.impl.ClientToProxyConnection - (AWAITING_INITIAL) [id: 0xa74abe3b, /127.0.0.1:54151 => /127.0.1.1:45224]: Not closing client connection on middle chunk for /bower_components/jquery/dist/jquery.js
11:39:50.507 [LittleProxy-ClientToProxyWorker-3] DEBUG o.l.p.impl.ProxyToServerConnection - (AWAITING_INITIAL) [id: 0x700df78a, /127.0.0.1:35283 => localhost/127.0.0.1:9000]: Requested write of HttpObjectAggregator$AggregatedFullHttpRequest(decodeResult: success, version: HTTP/1.1, content: CompositeByteBuf(ridx: 0, widx: 0, cap: 0, components=0))
GET /bower_components/json3/lib/json3.js HTTP/1.1
Host: localhost:9000
Accept: */*
User-Agent: Mozilla/5.0 (X11; Linux x86_64) AppleWebKit/537.36 (KHTML, like Gecko) Chrome/44.0.2403.130 Safari/537.36
Referer: http://localhost:9000/
Accept-Language: en-GB,en-US;q=0.8,en;q=0.6
Content-Length: 0
Accept-Encoding: gzip, deflate, 
Via: 1.1 localhost.localdomain
11:39:50.507 [LittleProxy-ProxyToServerWorker-5] DEBUG o.l.p.impl.ProxyToServerConnection - (AWAITING_CHUNK) [id: 0x97bd59d1, /127.0.0.1:35281 => localhost/127.0.0.1:9000]: Reading: DefaultHttpContent(data: SlicedByteBuf(ridx: 0, widx: 744, cap: 744/744, unwrapped: UnpooledUnsafeDirectByteBuf(ridx: 1024, widx: 1024, cap: 1024)), decoderResult: success)
11:39:50.507 [LittleProxy-ClientToProxyWorker-3] DEBUG o.l.p.impl.ProxyToServerConnection - (AWAITING_INITIAL) [id: 0x700df78a, /127.0.0.1:35283 => localhost/127.0.0.1:9000]: Retaining reference counted message
11:39:50.507 [LittleProxy-ProxyToServerWorker-5] DEBUG o.l.p.impl.ClientToProxyConnection - (AWAITING_INITIAL) [id: 0xa74abe3b, /127.0.0.1:54151 => /127.0.1.1:45224]: Retaining reference counted message
11:39:50.507 [LittleProxy-ClientToProxyWorker-3] DEBUG o.l.p.impl.ProxyToServerConnection - (AWAITING_INITIAL) [id: 0x700df78a, /127.0.0.1:35283 => localhost/127.0.0.1:9000]: Using existing connection to: localhost/127.0.0.1:9000
11:39:50.507 [LittleProxy-ProxyToServerWorker-5] DEBUG o.l.p.impl.ClientToProxyConnection - (AWAITING_INITIAL) [id: 0xa74abe3b, /127.0.0.1:54151 => /127.0.1.1:45224]: Writing: DefaultHttpContent(data: SlicedByteBuf(ridx: 0, widx: 744, cap: 744/744, unwrapped: UnpooledUnsafeDirectByteBuf(ridx: 1024, widx: 1024, cap: 1024)), decoderResult: success)
11:39:50.507 [LittleProxy-ClientToProxyWorker-3] DEBUG o.l.p.impl.ProxyToServerConnection - (AWAITING_INITIAL) [id: 0x700df78a, /127.0.0.1:35283 => localhost/127.0.0.1:9000]: Writing: HttpObjectAggregator$AggregatedFullHttpRequest(decodeResult: success, version: HTTP/1.1, content: CompositeByteBuf(ridx: 0, widx: 0, cap: 0, components=0))
GET /bower_components/json3/lib/json3.js HTTP/1.1
Host: localhost:9000
Accept: */*
User-Agent: Mozilla/5.0 (X11; Linux x86_64) AppleWebKit/537.36 (KHTML, like Gecko) Chrome/44.0.2403.130 Safari/537.36
Referer: http://localhost:9000/
Accept-Language: en-GB,en-US;q=0.8,en;q=0.6
Content-Length: 0
Accept-Encoding: gzip, deflate, 
Via: 1.1 localhost.localdomain
11:39:50.507 [LittleProxy-ProxyToServerWorker-5] DEBUG o.l.p.impl.ClientToProxyConnection - (AWAITING_INITIAL) [id: 0xa74abe3b, /127.0.0.1:54151 => /127.0.1.1:45224]: Wrote: DefaultHttpContent(data: SlicedByteBuf(ridx: 0, widx: 744, cap: 744/744, unwrapped: UnpooledUnsafeDirectByteBuf(ridx: 1024, widx: 1024, cap: 1024)), decoderResult: success)
11:39:50.507 [LittleProxy-ProxyToServerWorker-5] DEBUG o.l.p.impl.ClientToProxyConnection - (AWAITING_INITIAL) [id: 0xa74abe3b, /127.0.0.1:54151 => /127.0.1.1:45224]: Not closing server connection on middle chunk for /bower_components/jquery/dist/jquery.js
11:39:50.507 [LittleProxy-ClientToProxyWorker-3] DEBUG o.l.p.impl.ProxyToServerConnection - (AWAITING_INITIAL) [id: 0x700df78a, /127.0.0.1:35283 => localhost/127.0.0.1:9000]: Writing an empty buffer to signal the end of our chunked transfer
11:39:50.507 [LittleProxy-ProxyToServerWorker-5] DEBUG o.l.p.impl.ClientToProxyConnection - (AWAITING_INITIAL) [id: 0xa74abe3b, /127.0.0.1:54151 => /127.0.1.1:45224]: Not closing client connection on middle chunk for /bower_components/jquery/dist/jquery.js
11:39:50.507 [LittleProxy-ClientToProxyWorker-3] DEBUG o.l.p.impl.ProxyToServerConnection - (AWAITING_INITIAL) [id: 0x700df78a, /127.0.0.1:35283 => localhost/127.0.0.1:9000]: Wrote: HttpObjectAggregator$AggregatedFullHttpRequest(decodeResult: success, version: HTTP/1.1, content: CompositeByteBuf(ridx: 0, widx: 0, cap: 0, components=0))
GET /bower_components/json3/lib/json3.js HTTP/1.1
Host: localhost:9000
Accept: */*
User-Agent: Mozilla/5.0 (X11; Linux x86_64) AppleWebKit/537.36 (KHTML, like Gecko) Chrome/44.0.2403.130 Safari/537.36
Referer: http://localhost:9000/
Accept-Language: en-GB,en-US;q=0.8,en;q=0.6
Content-Length: 0
Accept-Encoding: gzip, deflate, 
Via: 1.1 localhost.localdomain
11:39:50.507 [LittleProxy-ProxyToServerWorker-5] DEBUG o.l.p.impl.ProxyToServerConnection - (AWAITING_CHUNK) [id: 0x97bd59d1, /127.0.0.1:35281 => localhost/127.0.0.1:9000]: Reading: DefaultHttpContent(data: SlicedByteBuf(ridx: 0, widx: 1024, cap: 1024/1024, unwrapped: UnpooledUnsafeDirectByteBuf(ridx: 1024, widx: 1024, cap: 1024)), decoderResult: success)
11:39:50.507 [LittleProxy-ProxyToServerWorker-5] DEBUG o.l.p.impl.ClientToProxyConnection - (AWAITING_INITIAL) [id: 0xa74abe3b, /127.0.0.1:54151 => /127.0.1.1:45224]: Retaining reference counted message
11:39:50.508 [LittleProxy-ProxyToServerWorker-5] DEBUG o.l.p.impl.ClientToProxyConnection - (AWAITING_INITIAL) [id: 0xa74abe3b, /127.0.0.1:54151 => /127.0.1.1:45224]: Writing: DefaultHttpContent(data: SlicedByteBuf(ridx: 0, widx: 1024, cap: 1024/1024, unwrapped: UnpooledUnsafeDirectByteBuf(ridx: 1024, widx: 1024, cap: 1024)), decoderResult: success)
11:39:50.508 [LittleProxy-ProxyToServerWorker-5] DEBUG o.l.p.impl.ClientToProxyConnection - (AWAITING_INITIAL) [id: 0xa74abe3b, /127.0.0.1:54151 => /127.0.1.1:45224]: Wrote: DefaultHttpContent(data: SlicedByteBuf(ridx: 0, widx: 1024, cap: 1024/1024, unwrapped: UnpooledUnsafeDirectByteBuf(ridx: 1024, widx: 1024, cap: 1024)), decoderResult: success)
11:39:50.508 [LittleProxy-ProxyToServerWorker-5] DEBUG o.l.p.impl.ClientToProxyConnection - (AWAITING_INITIAL) [id: 0xa74abe3b, /127.0.0.1:54151 => /127.0.1.1:45224]: Not closing server connection on middle chunk for /bower_components/jquery/dist/jquery.js
11:39:50.508 [LittleProxy-ProxyToServerWorker-5] DEBUG o.l.p.impl.ClientToProxyConnection - (AWAITING_INITIAL) [id: 0xa74abe3b, /127.0.0.1:54151 => /127.0.1.1:45224]: Not closing client connection on middle chunk for /bower_components/jquery/dist/jquery.js
11:39:50.508 [LittleProxy-ProxyToServerWorker-5] DEBUG o.l.p.impl.ProxyToServerConnection - (AWAITING_CHUNK) [id: 0x97bd59d1, /127.0.0.1:35281 => localhost/127.0.0.1:9000]: Reading: DefaultHttpContent(data: SlicedByteBuf(ridx: 0, widx: 1024, cap: 1024/1024, unwrapped: UnpooledUnsafeDirectByteBuf(ridx: 1024, widx: 1024, cap: 1024)), decoderResult: success)
11:39:50.508 [LittleProxy-ProxyToServerWorker-5] DEBUG o.l.p.impl.ClientToProxyConnection - (AWAITING_INITIAL) [id: 0xa74abe3b, /127.0.0.1:54151 => /127.0.1.1:45224]: Retaining reference counted message
11:39:50.508 [LittleProxy-ProxyToServerWorker-5] DEBUG o.l.p.impl.ClientToProxyConnection - (AWAITING_INITIAL) [id: 0xa74abe3b, /127.0.0.1:54151 => /127.0.1.1:45224]: Writing: DefaultHttpContent(data: SlicedByteBuf(ridx: 0, widx: 1024, cap: 1024/1024, unwrapped: UnpooledUnsafeDirectByteBuf(ridx: 1024, widx: 1024, cap: 1024)), decoderResult: success)
11:39:50.508 [LittleProxy-ProxyToServerWorker-5] DEBUG o.l.p.impl.ClientToProxyConnection - (AWAITING_INITIAL) [id: 0xa74abe3b, /127.0.0.1:54151 => /127.0.1.1:45224]: Wrote: DefaultHttpContent(data: SlicedByteBuf(ridx: 0, widx: 1024, cap: 1024/1024, unwrapped: UnpooledUnsafeDirectByteBuf(ridx: 1024, widx: 1024, cap: 1024)), decoderResult: success)
11:39:50.508 [LittleProxy-ProxyToServerWorker-5] DEBUG o.l.p.impl.ClientToProxyConnection - (AWAITING_INITIAL) [id: 0xa74abe3b, /127.0.0.1:54151 => /127.0.1.1:45224]: Not closing server connection on middle chunk for /bower_components/jquery/dist/jquery.js
11:39:50.508 [LittleProxy-ProxyToServerWorker-5] DEBUG o.l.p.impl.ClientToProxyConnection - (AWAITING_INITIAL) [id: 0xa74abe3b, /127.0.0.1:54151 => /127.0.1.1:45224]: Not closing client connection on middle chunk for /bower_components/jquery/dist/jquery.js
11:39:50.508 [LittleProxy-ProxyToServerWorker-5] DEBUG o.l.p.impl.ProxyToServerConnection - (AWAITING_CHUNK) [id: 0x97bd59d1, /127.0.0.1:35281 => localhost/127.0.0.1:9000]: Reading: DefaultHttpContent(data: SlicedByteBuf(ridx: 0, widx: 1024, cap: 1024/1024, unwrapped: UnpooledUnsafeDirectByteBuf(ridx: 1024, widx: 1024, cap: 1024)), decoderResult: success)
11:39:50.508 [LittleProxy-ProxyToServerWorker-5] DEBUG o.l.p.impl.ClientToProxyConnection - (AWAITING_INITIAL) [id: 0xa74abe3b, /127.0.0.1:54151 => /127.0.1.1:45224]: Retaining reference counted message
11:39:50.508 [LittleProxy-ProxyToServerWorker-5] DEBUG o.l.p.impl.ClientToProxyConnection - (AWAITING_INITIAL) [id: 0xa74abe3b, /127.0.0.1:54151 => /127.0.1.1:45224]: Writing: DefaultHttpContent(data: SlicedByteBuf(ridx: 0, widx: 1024, cap: 1024/1024, unwrapped: UnpooledUnsafeDirectByteBuf(ridx: 1024, widx: 1024, cap: 1024)), decoderResult: success)
11:39:50.509 [LittleProxy-ProxyToServerWorker-5] DEBUG o.l.p.impl.ClientToProxyConnection - (AWAITING_INITIAL) [id: 0xa74abe3b, /127.0.0.1:54151 => /127.0.1.1:45224]: Wrote: DefaultHttpContent(data: SlicedByteBuf(ridx: 0, widx: 1024, cap: 1024/1024, unwrapped: UnpooledUnsafeDirectByteBuf(ridx: 1024, widx: 1024, cap: 1024)), decoderResult: success)
11:39:50.509 [LittleProxy-ProxyToServerWorker-5] DEBUG o.l.p.impl.ClientToProxyConnection - (AWAITING_INITIAL) [id: 0xa74abe3b, /127.0.0.1:54151 => /127.0.1.1:45224]: Not closing server connection on middle chunk for /bower_components/jquery/dist/jquery.js
11:39:50.509 [LittleProxy-ProxyToServerWorker-5] DEBUG o.l.p.impl.ClientToProxyConnection - (AWAITING_INITIAL) [id: 0xa74abe3b, /127.0.0.1:54151 => /127.0.1.1:45224]: Not closing client connection on middle chunk for /bower_components/jquery/dist/jquery.js
11:39:50.509 [LittleProxy-ProxyToServerWorker-5] DEBUG o.l.p.impl.ProxyToServerConnection - (AWAITING_CHUNK) [id: 0x97bd59d1, /127.0.0.1:35281 => localhost/127.0.0.1:9000]: Reading: DefaultHttpContent(data: SlicedByteBuf(ridx: 0, widx: 1024, cap: 1024/1024, unwrapped: UnpooledUnsafeDirectByteBuf(ridx: 1024, widx: 1024, cap: 1024)), decoderResult: success)
11:39:50.509 [LittleProxy-ProxyToServerWorker-5] DEBUG o.l.p.impl.ClientToProxyConnection - (AWAITING_INITIAL) [id: 0xa74abe3b, /127.0.0.1:54151 => /127.0.1.1:45224]: Retaining reference counted message
11:39:50.509 [LittleProxy-ProxyToServerWorker-5] DEBUG o.l.p.impl.ClientToProxyConnection - (AWAITING_INITIAL) [id: 0xa74abe3b, /127.0.0.1:54151 => /127.0.1.1:45224]: Writing: DefaultHttpContent(data: SlicedByteBuf(ridx: 0, widx: 1024, cap: 1024/1024, unwrapped: UnpooledUnsafeDirectByteBuf(ridx: 1024, widx: 1024, cap: 1024)), decoderResult: success)
11:39:50.509 [LittleProxy-ProxyToServerWorker-5] DEBUG o.l.p.impl.ClientToProxyConnection - (AWAITING_INITIAL) [id: 0xa74abe3b, /127.0.0.1:54151 => /127.0.1.1:45224]: Wrote: DefaultHttpContent(data: SlicedByteBuf(ridx: 0, widx: 1024, cap: 1024/1024, unwrapped: UnpooledUnsafeDirectByteBuf(ridx: 1024, widx: 1024, cap: 1024)), decoderResult: success)
11:39:50.509 [LittleProxy-ProxyToServerWorker-5] DEBUG o.l.p.impl.ClientToProxyConnection - (AWAITING_INITIAL) [id: 0xa74abe3b, /127.0.0.1:54151 => /127.0.1.1:45224]: Not closing server connection on middle chunk for /bower_components/jquery/dist/jquery.js
11:39:50.509 [LittleProxy-ProxyToServerWorker-5] DEBUG o.l.p.impl.ClientToProxyConnection - (AWAITING_INITIAL) [id: 0xa74abe3b, /127.0.0.1:54151 => /127.0.1.1:45224]: Not closing client connection on middle chunk for /bower_components/jquery/dist/jquery.js
11:39:50.509 [LittleProxy-ProxyToServerWorker-5] DEBUG o.l.p.impl.ProxyToServerConnection - (AWAITING_CHUNK) [id: 0x97bd59d1, /127.0.0.1:35281 => localhost/127.0.0.1:9000]: Reading: DefaultHttpContent(data: SlicedByteBuf(ridx: 0, widx: 1024, cap: 1024/1024, unwrapped: UnpooledUnsafeDirectByteBuf(ridx: 1024, widx: 1024, cap: 1024)), decoderResult: success)
11:39:50.509 [LittleProxy-ProxyToServerWorker-5] DEBUG o.l.p.impl.ClientToProxyConnection - (AWAITING_INITIAL) [id: 0xa74abe3b, /127.0.0.1:54151 => /127.0.1.1:45224]: Retaining reference counted message
11:39:50.509 [LittleProxy-ProxyToServerWorker-5] DEBUG o.l.p.impl.ClientToProxyConnection - (AWAITING_INITIAL) [id: 0xa74abe3b, /127.0.0.1:54151 => /127.0.1.1:45224]: Writing: DefaultHttpContent(data: SlicedByteBuf(ridx: 0, widx: 1024, cap: 1024/1024, unwrapped: UnpooledUnsafeDirectByteBuf(ridx: 1024, widx: 1024, cap: 1024)), decoderResult: success)
11:39:50.509 [LittleProxy-ProxyToServerWorker-5] DEBUG o.l.p.impl.ClientToProxyConnection - (AWAITING_INITIAL) [id: 0xa74abe3b, /127.0.0.1:54151 => /127.0.1.1:45224]: Wrote: DefaultHttpContent(data: SlicedByteBuf(ridx: 0, widx: 1024, cap: 1024/1024, unwrapped: UnpooledUnsafeDirectByteBuf(ridx: 1024, widx: 1024, cap: 1024)), decoderResult: success)
11:39:50.510 [LittleProxy-ProxyToServerWorker-5] DEBUG o.l.p.impl.ClientToProxyConnection - (AWAITING_INITIAL) [id: 0xa74abe3b, /127.0.0.1:54151 => /127.0.1.1:45224]: Not closing server connection on middle chunk for /bower_components/jquery/dist/jquery.js
11:39:50.510 [LittleProxy-ProxyToServerWorker-5] DEBUG o.l.p.impl.ClientToProxyConnection - (AWAITING_INITIAL) [id: 0xa74abe3b, /127.0.0.1:54151 => /127.0.1.1:45224]: Not closing client connection on middle chunk for /bower_components/jquery/dist/jquery.js
11:39:50.510 [LittleProxy-ProxyToServerWorker-5] DEBUG o.l.p.impl.ProxyToServerConnection - (AWAITING_CHUNK) [id: 0x97bd59d1, /127.0.0.1:35281 => localhost/127.0.0.1:9000]: Reading: DefaultHttpContent(data: SlicedByteBuf(ridx: 0, widx: 1024, cap: 1024/1024, unwrapped: UnpooledUnsafeDirectByteBuf(ridx: 1024, widx: 1024, cap: 1024)), decoderResult: success)
11:39:50.510 [LittleProxy-ProxyToServerWorker-5] DEBUG o.l.p.impl.ClientToProxyConnection - (AWAITING_INITIAL) [id: 0xa74abe3b, /127.0.0.1:54151 => /127.0.1.1:45224]: Retaining reference counted message
11:39:50.510 [LittleProxy-ProxyToServerWorker-5] DEBUG o.l.p.impl.ClientToProxyConnection - (AWAITING_INITIAL) [id: 0xa74abe3b, /127.0.0.1:54151 => /127.0.1.1:45224]: Writing: DefaultHttpContent(data: SlicedByteBuf(ridx: 0, widx: 1024, cap: 1024/1024, unwrapped: UnpooledUnsafeDirectByteBuf(ridx: 1024, widx: 1024, cap: 1024)), decoderResult: success)
11:39:50.510 [LittleProxy-ProxyToServerWorker-5] DEBUG o.l.p.impl.ClientToProxyConnection - (AWAITING_INITIAL) [id: 0xa74abe3b, /127.0.0.1:54151 => /127.0.1.1:45224]: Wrote: DefaultHttpContent(data: SlicedByteBuf(ridx: 0, widx: 1024, cap: 1024/1024, unwrapped: UnpooledUnsafeDirectByteBuf(ridx: 1024, widx: 1024, cap: 1024)), decoderResult: success)
11:39:50.510 [LittleProxy-ProxyToServerWorker-5] DEBUG o.l.p.impl.ClientToProxyConnection - (AWAITING_INITIAL) [id: 0xa74abe3b, /127.0.0.1:54151 => /127.0.1.1:45224]: Not closing server connection on middle chunk for /bower_components/jquery/dist/jquery.js
11:39:50.510 [LittleProxy-ProxyToServerWorker-5] DEBUG o.l.p.impl.ClientToProxyConnection - (AWAITING_INITIAL) [id: 0xa74abe3b, /127.0.0.1:54151 => /127.0.1.1:45224]: Not closing client connection on middle chunk for /bower_components/jquery/dist/jquery.js
11:39:50.510 [LittleProxy-ProxyToServerWorker-5] DEBUG o.l.p.impl.ProxyToServerConnection - (AWAITING_CHUNK) [id: 0x97bd59d1, /127.0.0.1:35281 => localhost/127.0.0.1:9000]: Reading: DefaultHttpContent(data: SlicedByteBuf(ridx: 0, widx: 1024, cap: 1024/1024, unwrapped: UnpooledUnsafeDirectByteBuf(ridx: 1024, widx: 1024, cap: 1024)), decoderResult: success)
11:39:50.510 [LittleProxy-ProxyToServerWorker-5] DEBUG o.l.p.impl.ClientToProxyConnection - (AWAITING_INITIAL) [id: 0xa74abe3b, /127.0.0.1:54151 => /127.0.1.1:45224]: Retaining reference counted message
11:39:50.510 [LittleProxy-ProxyToServerWorker-5] DEBUG o.l.p.impl.ClientToProxyConnection - (AWAITING_INITIAL) [id: 0xa74abe3b, /127.0.0.1:54151 => /127.0.1.1:45224]: Writing: DefaultHttpContent(data: SlicedByteBuf(ridx: 0, widx: 1024, cap: 1024/1024, unwrapped: UnpooledUnsafeDirectByteBuf(ridx: 1024, widx: 1024, cap: 1024)), decoderResult: success)
11:39:50.510 [LittleProxy-ProxyToServerWorker-5] DEBUG o.l.p.impl.ClientToProxyConnection - (AWAITING_INITIAL) [id: 0xa74abe3b, /127.0.0.1:54151 => /127.0.1.1:45224]: Wrote: DefaultHttpContent(data: SlicedByteBuf(ridx: 0, widx: 1024, cap: 1024/1024, unwrapped: UnpooledUnsafeDirectByteBuf(ridx: 1024, widx: 1024, cap: 1024)), decoderResult: success)
11:39:50.510 [LittleProxy-ProxyToServerWorker-5] DEBUG o.l.p.impl.ClientToProxyConnection - (AWAITING_INITIAL) [id: 0xa74abe3b, /127.0.0.1:54151 => /127.0.1.1:45224]: Not closing server connection on middle chunk for /bower_components/jquery/dist/jquery.js
11:39:50.510 [LittleProxy-ProxyToServerWorker-5] DEBUG o.l.p.impl.ClientToProxyConnection - (AWAITING_INITIAL) [id: 0xa74abe3b, /127.0.0.1:54151 => /127.0.1.1:45224]: Not closing client connection on middle chunk for /bower_components/jquery/dist/jquery.js
11:39:50.510 [LittleProxy-ProxyToServerWorker-5] DEBUG o.l.p.impl.ProxyToServerConnection - (AWAITING_CHUNK) [id: 0x97bd59d1, /127.0.0.1:35281 => localhost/127.0.0.1:9000]: Reading: DefaultHttpContent(data: SlicedByteBuf(ridx: 0, widx: 1024, cap: 1024/1024, unwrapped: UnpooledUnsafeDirectByteBuf(ridx: 1024, widx: 1024, cap: 1024)), decoderResult: success)
11:39:50.510 [LittleProxy-ProxyToServerWorker-5] DEBUG o.l.p.impl.ClientToProxyConnection - (AWAITING_INITIAL) [id: 0xa74abe3b, /127.0.0.1:54151 => /127.0.1.1:45224]: Retaining reference counted message
11:39:50.510 [LittleProxy-ProxyToServerWorker-5] DEBUG o.l.p.impl.ClientToProxyConnection - (AWAITING_INITIAL) [id: 0xa74abe3b, /127.0.0.1:54151 => /127.0.1.1:45224]: Writing: DefaultHttpContent(data: SlicedByteBuf(ridx: 0, widx: 1024, cap: 1024/1024, unwrapped: UnpooledUnsafeDirectByteBuf(ridx: 1024, widx: 1024, cap: 1024)), decoderResult: success)
11:39:50.510 [LittleProxy-ProxyToServerWorker-5] DEBUG o.l.p.impl.ClientToProxyConnection - (AWAITING_INITIAL) [id: 0xa74abe3b, /127.0.0.1:54151 => /127.0.1.1:45224]: Wrote: DefaultHttpContent(data: SlicedByteBuf(ridx: 0, widx: 1024, cap: 1024/1024, unwrapped: UnpooledUnsafeDirectByteBuf(ridx: 1024, widx: 1024, cap: 1024)), decoderResult: success)
11:39:50.510 [LittleProxy-ProxyToServerWorker-5] DEBUG o.l.p.impl.ClientToProxyConnection - (AWAITING_INITIAL) [id: 0xa74abe3b, /127.0.0.1:54151 => /127.0.1.1:45224]: Not closing server connection on middle chunk for /bower_components/jquery/dist/jquery.js
11:39:50.510 [LittleProxy-ProxyToServerWorker-5] DEBUG o.l.p.impl.ClientToProxyConnection - (AWAITING_INITIAL) [id: 0xa74abe3b, /127.0.0.1:54151 => /127.0.1.1:45224]: Not closing client connection on middle chunk for /bower_components/jquery/dist/jquery.js
11:39:50.510 [LittleProxy-ProxyToServerWorker-5] DEBUG o.l.p.impl.ProxyToServerConnection - (AWAITING_CHUNK) [id: 0x97bd59d1, /127.0.0.1:35281 => localhost/127.0.0.1:9000]: Reading: DefaultHttpContent(data: SlicedByteBuf(ridx: 0, widx: 1024, cap: 1024/1024, unwrapped: UnpooledUnsafeDirectByteBuf(ridx: 1024, widx: 1024, cap: 1024)), decoderResult: success)
11:39:50.510 [LittleProxy-ProxyToServerWorker-5] DEBUG o.l.p.impl.ClientToProxyConnection - (AWAITING_INITIAL) [id: 0xa74abe3b, /127.0.0.1:54151 => /127.0.1.1:45224]: Retaining reference counted message
11:39:50.510 [LittleProxy-ProxyToServerWorker-5] DEBUG o.l.p.impl.ClientToProxyConnection - (AWAITING_INITIAL) [id: 0xa74abe3b, /127.0.0.1:54151 => /127.0.1.1:45224]: Writing: DefaultHttpContent(data: SlicedByteBuf(ridx: 0, widx: 1024, cap: 1024/1024, unwrapped: UnpooledUnsafeDirectByteBuf(ridx: 1024, widx: 1024, cap: 1024)), decoderResult: success)
11:39:50.510 [LittleProxy-ProxyToServerWorker-5] DEBUG o.l.p.impl.ClientToProxyConnection - (AWAITING_INITIAL) [id: 0xa74abe3b, /127.0.0.1:54151 => /127.0.1.1:45224]: Wrote: DefaultHttpContent(data: SlicedByteBuf(ridx: 0, widx: 1024, cap: 1024/1024, unwrapped: UnpooledUnsafeDirectByteBuf(ridx: 1024, widx: 1024, cap: 1024)), decoderResult: success)
11:39:50.510 [LittleProxy-ProxyToServerWorker-5] DEBUG o.l.p.impl.ClientToProxyConnection - (AWAITING_INITIAL) [id: 0xa74abe3b, /127.0.0.1:54151 => /127.0.1.1:45224]: Not closing server connection on middle chunk for /bower_components/jquery/dist/jquery.js
11:39:50.510 [LittleProxy-ProxyToServerWorker-5] DEBUG o.l.p.impl.ClientToProxyConnection - (AWAITING_INITIAL) [id: 0xa74abe3b, /127.0.0.1:54151 => /127.0.1.1:45224]: Not closing client connection on middle chunk for /bower_components/jquery/dist/jquery.js
11:39:50.511 [LittleProxy-ProxyToServerWorker-5] DEBUG o.l.p.impl.ProxyToServerConnection - (AWAITING_CHUNK) [id: 0x97bd59d1, /127.0.0.1:35281 => localhost/127.0.0.1:9000]: Reading: DefaultHttpContent(data: SlicedByteBuf(ridx: 0, widx: 1024, cap: 1024/1024, unwrapped: UnpooledUnsafeDirectByteBuf(ridx: 1024, widx: 1024, cap: 1024)), decoderResult: success)
11:39:50.511 [LittleProxy-ProxyToServerWorker-5] DEBUG o.l.p.impl.ClientToProxyConnection - (AWAITING_INITIAL) [id: 0xa74abe3b, /127.0.0.1:54151 => /127.0.1.1:45224]: Retaining reference counted message
11:39:50.511 [LittleProxy-ProxyToServerWorker-5] DEBUG o.l.p.impl.ClientToProxyConnection - (AWAITING_INITIAL) [id: 0xa74abe3b, /127.0.0.1:54151 => /127.0.1.1:45224]: Writing: DefaultHttpContent(data: SlicedByteBuf(ridx: 0, widx: 1024, cap: 1024/1024, unwrapped: UnpooledUnsafeDirectByteBuf(ridx: 1024, widx: 1024, cap: 1024)), decoderResult: success)
11:39:50.511 [LittleProxy-ProxyToServerWorker-5] DEBUG o.l.p.impl.ClientToProxyConnection - (AWAITING_INITIAL) [id: 0xa74abe3b, /127.0.0.1:54151 => /127.0.1.1:45224]: Wrote: DefaultHttpContent(data: SlicedByteBuf(ridx: 0, widx: 1024, cap: 1024/1024, unwrapped: UnpooledUnsafeDirectByteBuf(ridx: 1024, widx: 1024, cap: 1024)), decoderResult: success)
11:39:50.511 [LittleProxy-ProxyToServerWorker-5] DEBUG o.l.p.impl.ClientToProxyConnection - (AWAITING_INITIAL) [id: 0xa74abe3b, /127.0.0.1:54151 => /127.0.1.1:45224]: Not closing server connection on middle chunk for /bower_components/jquery/dist/jquery.js
11:39:50.511 [LittleProxy-ProxyToServerWorker-5] DEBUG o.l.p.impl.ClientToProxyConnection - (AWAITING_INITIAL) [id: 0xa74abe3b, /127.0.0.1:54151 => /127.0.1.1:45224]: Not closing client connection on middle chunk for /bower_components/jquery/dist/jquery.js
11:39:50.511 [LittleProxy-ProxyToServerWorker-5] DEBUG o.l.p.impl.ProxyToServerConnection - (AWAITING_CHUNK) [id: 0x97bd59d1, /127.0.0.1:35281 => localhost/127.0.0.1:9000]: Reading: DefaultHttpContent(data: SlicedByteBuf(ridx: 0, widx: 1024, cap: 1024/1024, unwrapped: UnpooledUnsafeDirectByteBuf(ridx: 1024, widx: 1024, cap: 1024)), decoderResult: success)
11:39:50.511 [LittleProxy-ProxyToServerWorker-5] DEBUG o.l.p.impl.ClientToProxyConnection - (AWAITING_INITIAL) [id: 0xa74abe3b, /127.0.0.1:54151 => /127.0.1.1:45224]: Retaining reference counted message
11:39:50.511 [LittleProxy-ProxyToServerWorker-5] DEBUG o.l.p.impl.ClientToProxyConnection - (AWAITING_INITIAL) [id: 0xa74abe3b, /127.0.0.1:54151 => /127.0.1.1:45224]: Writing: DefaultHttpContent(data: SlicedByteBuf(ridx: 0, widx: 1024, cap: 1024/1024, unwrapped: UnpooledUnsafeDirectByteBuf(ridx: 1024, widx: 1024, cap: 1024)), decoderResult: success)
11:39:50.511 [LittleProxy-ProxyToServerWorker-5] DEBUG o.l.p.impl.ClientToProxyConnection - (AWAITING_INITIAL) [id: 0xa74abe3b, /127.0.0.1:54151 => /127.0.1.1:45224]: Wrote: DefaultHttpContent(data: SlicedByteBuf(ridx: 0, widx: 1024, cap: 1024/1024, unwrapped: UnpooledUnsafeDirectByteBuf(ridx: 1024, widx: 1024, cap: 1024)), decoderResult: success)
11:39:50.511 [LittleProxy-ProxyToServerWorker-5] DEBUG o.l.p.impl.ClientToProxyConnection - (AWAITING_INITIAL) [id: 0xa74abe3b, /127.0.0.1:54151 => /127.0.1.1:45224]: Not closing server connection on middle chunk for /bower_components/jquery/dist/jquery.js
11:39:50.511 [LittleProxy-ProxyToServerWorker-5] DEBUG o.l.p.impl.ClientToProxyConnection - (AWAITING_INITIAL) [id: 0xa74abe3b, /127.0.0.1:54151 => /127.0.1.1:45224]: Not closing client connection on middle chunk for /bower_components/jquery/dist/jquery.js
11:39:50.511 [LittleProxy-ProxyToServerWorker-5] DEBUG o.l.p.impl.ProxyToServerConnection - (AWAITING_CHUNK) [id: 0x97bd59d1, /127.0.0.1:35281 => localhost/127.0.0.1:9000]: Reading: DefaultHttpContent(data: SlicedByteBuf(ridx: 0, widx: 1024, cap: 1024/1024, unwrapped: UnpooledUnsafeDirectByteBuf(ridx: 1024, widx: 1024, cap: 1024)), decoderResult: success)
11:39:50.511 [LittleProxy-ProxyToServerWorker-5] DEBUG o.l.p.impl.ClientToProxyConnection - (AWAITING_INITIAL) [id: 0xa74abe3b, /127.0.0.1:54151 => /127.0.1.1:45224]: Retaining reference counted message
11:39:50.511 [LittleProxy-ProxyToServerWorker-5] DEBUG o.l.p.impl.ClientToProxyConnection - (AWAITING_INITIAL) [id: 0xa74abe3b, /127.0.0.1:54151 => /127.0.1.1:45224]: Writing: DefaultHttpContent(data: SlicedByteBuf(ridx: 0, widx: 1024, cap: 1024/1024, unwrapped: UnpooledUnsafeDirectByteBuf(ridx: 1024, widx: 1024, cap: 1024)), decoderResult: success)
11:39:50.511 [LittleProxy-ProxyToServerWorker-5] DEBUG o.l.p.impl.ClientToProxyConnection - (AWAITING_INITIAL) [id: 0xa74abe3b, /127.0.0.1:54151 => /127.0.1.1:45224]: Wrote: DefaultHttpContent(data: SlicedByteBuf(ridx: 0, widx: 1024, cap: 1024/1024, unwrapped: UnpooledUnsafeDirectByteBuf(ridx: 1024, widx: 1024, cap: 1024)), decoderResult: success)
11:39:50.511 [LittleProxy-ProxyToServerWorker-5] DEBUG o.l.p.impl.ClientToProxyConnection - (AWAITING_INITIAL) [id: 0xa74abe3b, /127.0.0.1:54151 => /127.0.1.1:45224]: Not closing server connection on middle chunk for /bower_components/jquery/dist/jquery.js
11:39:50.511 [LittleProxy-ProxyToServerWorker-5] DEBUG o.l.p.impl.ClientToProxyConnection - (AWAITING_INITIAL) [id: 0xa74abe3b, /127.0.0.1:54151 => /127.0.1.1:45224]: Not closing client connection on middle chunk for /bower_components/jquery/dist/jquery.js
11:39:50.511 [LittleProxy-ProxyToServerWorker-5] DEBUG o.l.p.impl.ProxyToServerConnection - (AWAITING_CHUNK) [id: 0x97bd59d1, /127.0.0.1:35281 => localhost/127.0.0.1:9000]: Reading: DefaultHttpContent(data: SlicedByteBuf(ridx: 0, widx: 1024, cap: 1024/1024, unwrapped: UnpooledUnsafeDirectByteBuf(ridx: 1024, widx: 1024, cap: 1024)), decoderResult: success)
11:39:50.511 [LittleProxy-ProxyToServerWorker-5] DEBUG o.l.p.impl.ClientToProxyConnection - (AWAITING_INITIAL) [id: 0xa74abe3b, /127.0.0.1:54151 => /127.0.1.1:45224]: Retaining reference counted message
11:39:50.511 [LittleProxy-ProxyToServerWorker-5] DEBUG o.l.p.impl.ClientToProxyConnection - (AWAITING_INITIAL) [id: 0xa74abe3b, /127.0.0.1:54151 => /127.0.1.1:45224]: Writing: DefaultHttpContent(data: SlicedByteBuf(ridx: 0, widx: 1024, cap: 1024/1024, unwrapped: UnpooledUnsafeDirectByteBuf(ridx: 1024, widx: 1024, cap: 1024)), decoderResult: success)
11:39:50.511 [LittleProxy-ProxyToServerWorker-5] DEBUG o.l.p.impl.ClientToProxyConnection - (AWAITING_INITIAL) [id: 0xa74abe3b, /127.0.0.1:54151 => /127.0.1.1:45224]: Wrote: DefaultHttpContent(data: SlicedByteBuf(ridx: 0, widx: 1024, cap: 1024/1024, unwrapped: UnpooledUnsafeDirectByteBuf(ridx: 1024, widx: 1024, cap: 1024)), decoderResult: success)
11:39:50.511 [LittleProxy-ProxyToServerWorker-5] DEBUG o.l.p.impl.ClientToProxyConnection - (AWAITING_INITIAL) [id: 0xa74abe3b, /127.0.0.1:54151 => /127.0.1.1:45224]: Not closing server connection on middle chunk for /bower_components/jquery/dist/jquery.js
11:39:50.511 [LittleProxy-ProxyToServerWorker-5] DEBUG o.l.p.impl.ClientToProxyConnection - (AWAITING_INITIAL) [id: 0xa74abe3b, /127.0.0.1:54151 => /127.0.1.1:45224]: Not closing client connection on middle chunk for /bower_components/jquery/dist/jquery.js
11:39:50.511 [LittleProxy-ProxyToServerWorker-5] DEBUG o.l.p.impl.ProxyToServerConnection - (AWAITING_CHUNK) [id: 0x97bd59d1, /127.0.0.1:35281 => localhost/127.0.0.1:9000]: Reading: DefaultHttpContent(data: SlicedByteBuf(ridx: 0, widx: 1024, cap: 1024/1024, unwrapped: UnpooledUnsafeDirectByteBuf(ridx: 1024, widx: 1024, cap: 1024)), decoderResult: success)
11:39:50.512 [LittleProxy-ProxyToServerWorker-5] DEBUG o.l.p.impl.ClientToProxyConnection - (AWAITING_INITIAL) [id: 0xa74abe3b, /127.0.0.1:54151 => /127.0.1.1:45224]: Retaining reference counted message
11:39:50.512 [LittleProxy-ProxyToServerWorker-5] DEBUG o.l.p.impl.ClientToProxyConnection - (AWAITING_INITIAL) [id: 0xa74abe3b, /127.0.0.1:54151 => /127.0.1.1:45224]: Writing: DefaultHttpContent(data: SlicedByteBuf(ridx: 0, widx: 1024, cap: 1024/1024, unwrapped: UnpooledUnsafeDirectByteBuf(ridx: 1024, widx: 1024, cap: 1024)), decoderResult: success)
11:39:50.512 [LittleProxy-ProxyToServerWorker-5] DEBUG o.l.p.impl.ClientToProxyConnection - (AWAITING_INITIAL) [id: 0xa74abe3b, /127.0.0.1:54151 => /127.0.1.1:45224]: Wrote: DefaultHttpContent(data: SlicedByteBuf(ridx: 0, widx: 1024, cap: 1024/1024, unwrapped: UnpooledUnsafeDirectByteBuf(ridx: 1024, widx: 1024, cap: 1024)), decoderResult: success)
11:39:50.512 [LittleProxy-ProxyToServerWorker-5] DEBUG o.l.p.impl.ClientToProxyConnection - (AWAITING_INITIAL) [id: 0xa74abe3b, /127.0.0.1:54151 => /127.0.1.1:45224]: Not closing server connection on middle chunk for /bower_components/jquery/dist/jquery.js
11:39:50.512 [LittleProxy-ProxyToServerWorker-5] DEBUG o.l.p.impl.ClientToProxyConnection - (AWAITING_INITIAL) [id: 0xa74abe3b, /127.0.0.1:54151 => /127.0.1.1:45224]: Not closing client connection on middle chunk for /bower_components/jquery/dist/jquery.js
11:39:50.512 [LittleProxy-ProxyToServerWorker-5] DEBUG o.l.p.impl.ProxyToServerConnection - (AWAITING_CHUNK) [id: 0x97bd59d1, /127.0.0.1:35281 => localhost/127.0.0.1:9000]: Reading: DefaultHttpContent(data: SlicedByteBuf(ridx: 0, widx: 1024, cap: 1024/1024, unwrapped: UnpooledUnsafeDirectByteBuf(ridx: 1024, widx: 1024, cap: 1024)), decoderResult: success)
11:39:50.512 [LittleProxy-ProxyToServerWorker-5] DEBUG o.l.p.impl.ClientToProxyConnection - (AWAITING_INITIAL) [id: 0xa74abe3b, /127.0.0.1:54151 => /127.0.1.1:45224]: Retaining reference counted message
11:39:50.512 [LittleProxy-ProxyToServerWorker-5] DEBUG o.l.p.impl.ClientToProxyConnection - (AWAITING_INITIAL) [id: 0xa74abe3b, /127.0.0.1:54151 => /127.0.1.1:45224]: Writing: DefaultHttpContent(data: SlicedByteBuf(ridx: 0, widx: 1024, cap: 1024/1024, unwrapped: UnpooledUnsafeDirectByteBuf(ridx: 1024, widx: 1024, cap: 1024)), decoderResult: success)
11:39:50.512 [LittleProxy-ProxyToServerWorker-5] DEBUG o.l.p.impl.ClientToProxyConnection - (AWAITING_INITIAL) [id: 0xa74abe3b, /127.0.0.1:54151 => /127.0.1.1:45224]: Wrote: DefaultHttpContent(data: SlicedByteBuf(ridx: 0, widx: 1024, cap: 1024/1024, unwrapped: UnpooledUnsafeDirectByteBuf(ridx: 1024, widx: 1024, cap: 1024)), decoderResult: success)
11:39:50.512 [LittleProxy-ProxyToServerWorker-5] DEBUG o.l.p.impl.ClientToProxyConnection - (AWAITING_INITIAL) [id: 0xa74abe3b, /127.0.0.1:54151 => /127.0.1.1:45224]: Not closing server connection on middle chunk for /bower_components/jquery/dist/jquery.js
11:39:50.512 [LittleProxy-ProxyToServerWorker-5] DEBUG o.l.p.impl.ClientToProxyConnection - (AWAITING_INITIAL) [id: 0xa74abe3b, /127.0.0.1:54151 => /127.0.1.1:45224]: Not closing client connection on middle chunk for /bower_components/jquery/dist/jquery.js
11:39:50.512 [LittleProxy-ProxyToServerWorker-5] DEBUG o.l.p.impl.ProxyToServerConnection - (AWAITING_CHUNK) [id: 0x97bd59d1, /127.0.0.1:35281 => localhost/127.0.0.1:9000]: Reading: DefaultHttpContent(data: SlicedByteBuf(ridx: 0, widx: 16384, cap: 16384/16384, unwrapped: UnpooledUnsafeDirectByteBuf(ridx: 16384, widx: 16384, cap: 16384)), decoderResult: success)
11:39:50.512 [LittleProxy-ProxyToServerWorker-5] DEBUG o.l.p.impl.ClientToProxyConnection - (AWAITING_INITIAL) [id: 0xa74abe3b, /127.0.0.1:54151 => /127.0.1.1:45224]: Retaining reference counted message
11:39:50.512 [LittleProxy-ProxyToServerWorker-5] DEBUG o.l.p.impl.ClientToProxyConnection - (AWAITING_INITIAL) [id: 0xa74abe3b, /127.0.0.1:54151 => /127.0.1.1:45224]: Writing: DefaultHttpContent(data: SlicedByteBuf(ridx: 0, widx: 16384, cap: 16384/16384, unwrapped: UnpooledUnsafeDirectByteBuf(ridx: 16384, widx: 16384, cap: 16384)), decoderResult: success)
11:39:50.512 [LittleProxy-ProxyToServerWorker-5] DEBUG o.l.p.impl.ClientToProxyConnection - (AWAITING_INITIAL) [id: 0xa74abe3b, /127.0.0.1:54151 => /127.0.1.1:45224]: Wrote: DefaultHttpContent(data: SlicedByteBuf(ridx: 0, widx: 16384, cap: 16384/16384, unwrapped: UnpooledUnsafeDirectByteBuf(ridx: 16384, widx: 16384, cap: 16384)), decoderResult: success)
11:39:50.512 [LittleProxy-ProxyToServerWorker-5] DEBUG o.l.p.impl.ClientToProxyConnection - (AWAITING_INITIAL) [id: 0xa74abe3b, /127.0.0.1:54151 => /127.0.1.1:45224]: Not closing server connection on middle chunk for /bower_components/jquery/dist/jquery.js
11:39:50.512 [LittleProxy-ProxyToServerWorker-5] DEBUG o.l.p.impl.ClientToProxyConnection - (AWAITING_INITIAL) [id: 0xa74abe3b, /127.0.0.1:54151 => /127.0.1.1:45224]: Not closing client connection on middle chunk for /bower_components/jquery/dist/jquery.js
11:39:50.512 [LittleProxy-ProxyToServerWorker-5] DEBUG o.l.p.impl.ProxyToServerConnection - (AWAITING_CHUNK) [id: 0x97bd59d1, /127.0.0.1:35281 => localhost/127.0.0.1:9000]: Reading: DefaultHttpContent(data: SlicedByteBuf(ridx: 0, widx: 16384, cap: 16384/16384, unwrapped: UnpooledUnsafeDirectByteBuf(ridx: 16384, widx: 16384, cap: 16384)), decoderResult: success)
11:39:50.512 [LittleProxy-ProxyToServerWorker-5] DEBUG o.l.p.impl.ClientToProxyConnection - (AWAITING_INITIAL) [id: 0xa74abe3b, /127.0.0.1:54151 => /127.0.1.1:45224]: Retaining reference counted message
11:39:50.512 [LittleProxy-ProxyToServerWorker-5] DEBUG o.l.p.impl.ClientToProxyConnection - (AWAITING_INITIAL) [id: 0xa74abe3b, /127.0.0.1:54151 => /127.0.1.1:45224]: Writing: DefaultHttpContent(data: SlicedByteBuf(ridx: 0, widx: 16384, cap: 16384/16384, unwrapped: UnpooledUnsafeDirectByteBuf(ridx: 16384, widx: 16384, cap: 16384)), decoderResult: success)
11:39:50.512 [LittleProxy-ProxyToServerWorker-5] DEBUG o.l.p.impl.ClientToProxyConnection - (AWAITING_INITIAL) [id: 0xa74abe3b, /127.0.0.1:54151 => /127.0.1.1:45224]: Wrote: DefaultHttpContent(data: SlicedByteBuf(ridx: 0, widx: 16384, cap: 16384/16384, unwrapped: UnpooledUnsafeDirectByteBuf(ridx: 16384, widx: 16384, cap: 16384)), decoderResult: success)
11:39:50.512 [LittleProxy-ProxyToServerWorker-5] DEBUG o.l.p.impl.ClientToProxyConnection - (AWAITING_INITIAL) [id: 0xa74abe3b, /127.0.0.1:54151 => /127.0.1.1:45224]: Not closing server connection on middle chunk for /bower_components/jquery/dist/jquery.js
11:39:50.512 [LittleProxy-ProxyToServerWorker-5] DEBUG o.l.p.impl.ClientToProxyConnection - (AWAITING_INITIAL) [id: 0xa74abe3b, /127.0.0.1:54151 => /127.0.1.1:45224]: Not closing client connection on middle chunk for /bower_components/jquery/dist/jquery.js
11:39:50.512 [LittleProxy-ProxyToServerWorker-5] DEBUG o.l.p.impl.ProxyToServerConnection - (AWAITING_CHUNK) [id: 0x97bd59d1, /127.0.0.1:35281 => localhost/127.0.0.1:9000]: Reading: DefaultHttpContent(data: SlicedByteBuf(ridx: 0, widx: 16384, cap: 16384/16384, unwrapped: UnpooledUnsafeDirectByteBuf(ridx: 16384, widx: 16384, cap: 16384)), decoderResult: success)
11:39:50.513 [LittleProxy-ProxyToServerWorker-5] DEBUG o.l.p.impl.ClientToProxyConnection - (AWAITING_INITIAL) [id: 0xa74abe3b, /127.0.0.1:54151 => /127.0.1.1:45224]: Retaining reference counted message
11:39:50.513 [LittleProxy-ProxyToServerWorker-5] DEBUG o.l.p.impl.ClientToProxyConnection - (AWAITING_INITIAL) [id: 0xa74abe3b, /127.0.0.1:54151 => /127.0.1.1:45224]: Writing: DefaultHttpContent(data: SlicedByteBuf(ridx: 0, widx: 16384, cap: 16384/16384, unwrapped: UnpooledUnsafeDirectByteBuf(ridx: 16384, widx: 16384, cap: 16384)), decoderResult: success)
11:39:50.513 [LittleProxy-ProxyToServerWorker-5] DEBUG o.l.p.impl.ClientToProxyConnection - (AWAITING_INITIAL) [id: 0xa74abe3b, /127.0.0.1:54151 => /127.0.1.1:45224]: Wrote: DefaultHttpContent(data: SlicedByteBuf(ridx: 0, widx: 16384, cap: 16384/16384, unwrapped: UnpooledUnsafeDirectByteBuf(ridx: 16384, widx: 16384, cap: 16384)), decoderResult: success)
11:39:50.513 [LittleProxy-ProxyToServerWorker-5] DEBUG o.l.p.impl.ClientToProxyConnection - (AWAITING_INITIAL) [id: 0xa74abe3b, /127.0.0.1:54151 => /127.0.1.1:45224]: Not closing server connection on middle chunk for /bower_components/jquery/dist/jquery.js
11:39:50.513 [LittleProxy-ProxyToServerWorker-5] DEBUG o.l.p.impl.ClientToProxyConnection - (AWAITING_INITIAL) [id: 0xa74abe3b, /127.0.0.1:54151 => /127.0.1.1:45224]: Not closing client connection on middle chunk for /bower_components/jquery/dist/jquery.js
11:39:50.513 [LittleProxy-ProxyToServerWorker-5] DEBUG o.l.p.impl.ProxyToServerConnection - (AWAITING_CHUNK) [id: 0x97bd59d1, /127.0.0.1:35281 => localhost/127.0.0.1:9000]: Reading: DefaultHttpContent(data: SlicedByteBuf(ridx: 0, widx: 16384, cap: 16384/16384, unwrapped: UnpooledUnsafeDirectByteBuf(ridx: 16384, widx: 16384, cap: 16384)), decoderResult: success)
11:39:50.513 [LittleProxy-ProxyToServerWorker-6] DEBUG o.l.p.impl.ProxyToServerConnection - (AWAITING_INITIAL) [id: 0x15efad94, /127.0.0.1:35282 => localhost/127.0.0.1:9000]: Remembering the current request.
11:39:50.513 [LittleProxy-ProxyToServerWorker-5] DEBUG o.l.p.impl.ClientToProxyConnection - (AWAITING_INITIAL) [id: 0xa74abe3b, /127.0.0.1:54151 => /127.0.1.1:45224]: Retaining reference counted message
11:39:50.513 [LittleProxy-ProxyToServerWorker-5] DEBUG o.l.p.impl.ClientToProxyConnection - (AWAITING_INITIAL) [id: 0xa74abe3b, /127.0.0.1:54151 => /127.0.1.1:45224]: Writing: DefaultHttpContent(data: SlicedByteBuf(ridx: 0, widx: 16384, cap: 16384/16384, unwrapped: UnpooledUnsafeDirectByteBuf(ridx: 16384, widx: 16384, cap: 16384)), decoderResult: success)
11:39:50.513 [LittleProxy-ProxyToServerWorker-6] DEBUG o.l.p.impl.ProxyToServerConnection - (AWAITING_INITIAL) [id: 0x15efad94, /127.0.0.1:35282 => localhost/127.0.0.1:9000]: Reading: DefaultHttpResponse(decodeResult: success, version: HTTP/1.1)
HTTP/1.1 200 OK
Accept-Ranges: bytes
Date: Tue, 08 Sep 2015 10:39:50 GMT
Cache-Control: public, max-age=0
Last-Modified: Fri, 17 Oct 2014 06:40:12 GMT
ETag: W/"L6w0vocMXx82sYRxAtBoAA=="
Content-Type: text/css; charset=UTF-8
Content-Length: 280
Connection: keep-alive
11:39:50.513 [LittleProxy-ProxyToServerWorker-5] DEBUG o.l.p.impl.ClientToProxyConnection - (AWAITING_INITIAL) [id: 0xa74abe3b, /127.0.0.1:54151 => /127.0.1.1:45224]: Wrote: DefaultHttpContent(data: SlicedByteBuf(ridx: 0, widx: 16384, cap: 16384/16384, unwrapped: UnpooledUnsafeDirectByteBuf(ridx: 16384, widx: 16384, cap: 16384)), decoderResult: success)
11:39:50.513 [LittleProxy-ProxyToServerWorker-6] DEBUG o.l.p.impl.ProxyToServerConnection - (AWAITING_INITIAL) [id: 0x15efad94, /127.0.0.1:35282 => localhost/127.0.0.1:9000]: Received raw response: DefaultHttpResponse(decodeResult: success, version: HTTP/1.1)
HTTP/1.1 200 OK
Accept-Ranges: bytes
Date: Tue, 08 Sep 2015 10:39:50 GMT
Cache-Control: public, max-age=0
Last-Modified: Fri, 17 Oct 2014 06:40:12 GMT
ETag: W/"L6w0vocMXx82sYRxAtBoAA=="
Content-Type: text/css; charset=UTF-8
Content-Length: 280
Connection: keep-alive
11:39:50.513 [LittleProxy-ProxyToServerWorker-5] DEBUG o.l.p.impl.ClientToProxyConnection - (AWAITING_INITIAL) [id: 0xa74abe3b, /127.0.0.1:54151 => /127.0.1.1:45224]: Not closing server connection on middle chunk for /bower_components/jquery/dist/jquery.js
11:39:50.513 [LittleProxy-ProxyToServerWorker-6] DEBUG o.l.p.impl.ProxyToServerConnection - (AWAITING_INITIAL) [id: 0x15efad94, /127.0.0.1:35282 => localhost/127.0.0.1:9000]: Remembering the current response.
11:39:50.513 [LittleProxy-ProxyToServerWorker-5] DEBUG o.l.p.impl.ClientToProxyConnection - (AWAITING_INITIAL) [id: 0xa74abe3b, /127.0.0.1:54151 => /127.0.1.1:45224]: Not closing client connection on middle chunk for /bower_components/jquery/dist/jquery.js
11:39:50.513 [LittleProxy-ProxyToServerWorker-6] DEBUG o.l.p.impl.ClientToProxyConnection - (AWAITING_INITIAL) [id: 0x87242349, /127.0.0.1:54149 => /127.0.1.1:45224]: Writing: DefaultHttpResponse(decodeResult: success, version: HTTP/1.1)
HTTP/1.1 200 OK
Accept-Ranges: bytes
Date: Tue, 08 Sep 2015 10:39:50 GMT
Cache-Control: public, max-age=0
Last-Modified: Fri, 17 Oct 2014 06:40:12 GMT
ETag: W/"L6w0vocMXx82sYRxAtBoAA=="
Content-Type: text/css; charset=UTF-8
Content-Length: 280
Via: 1.1 localhost.localdomain
11:39:50.513 [LittleProxy-ProxyToServerWorker-5] DEBUG o.l.p.impl.ProxyToServerConnection - (AWAITING_CHUNK) [id: 0x97bd59d1, /127.0.0.1:35281 => localhost/127.0.0.1:9000]: Reading: DefaultHttpContent(data: SlicedByteBuf(ridx: 0, widx: 16384, cap: 16384/16384, unwrapped: UnpooledUnsafeDirectByteBuf(ridx: 16384, widx: 16384, cap: 16384)), decoderResult: success)
11:39:50.513 [LittleProxy-ProxyToServerWorker-6] DEBUG o.l.p.impl.ClientToProxyConnection - (AWAITING_INITIAL) [id: 0x87242349, /127.0.0.1:54149 => /127.0.1.1:45224]: Wrote: DefaultHttpResponse(decodeResult: success, version: HTTP/1.1)
HTTP/1.1 200 OK
Accept-Ranges: bytes
Date: Tue, 08 Sep 2015 10:39:50 GMT
Cache-Control: public, max-age=0
Last-Modified: Fri, 17 Oct 2014 06:40:12 GMT
ETag: W/"L6w0vocMXx82sYRxAtBoAA=="
Content-Type: text/css; charset=UTF-8
Content-Length: 280
Via: 1.1 localhost.localdomain
11:39:50.514 [LittleProxy-ProxyToServerWorker-5] DEBUG o.l.p.impl.ClientToProxyConnection - (AWAITING_INITIAL) [id: 0xa74abe3b, /127.0.0.1:54151 => /127.0.1.1:45224]: Retaining reference counted message
11:39:50.514 [LittleProxy-ProxyToServerWorker-6] DEBUG o.l.p.impl.ClientToProxyConnection - (AWAITING_INITIAL) [id: 0x87242349, /127.0.0.1:54149 => /127.0.1.1:45224]: Not closing server connection on middle chunk for /bower_components/jquery-ui/themes/base/all.css
11:39:50.514 [LittleProxy-ProxyToServerWorker-5] DEBUG o.l.p.impl.ClientToProxyConnection - (AWAITING_INITIAL) [id: 0xa74abe3b, /127.0.0.1:54151 => /127.0.1.1:45224]: Writing: DefaultHttpContent(data: SlicedByteBuf(ridx: 0, widx: 16384, cap: 16384/16384, unwrapped: UnpooledUnsafeDirectByteBuf(ridx: 16384, widx: 16384, cap: 16384)), decoderResult: success)
11:39:50.514 [LittleProxy-ProxyToServerWorker-6] DEBUG o.l.p.impl.ClientToProxyConnection - (AWAITING_INITIAL) [id: 0x87242349, /127.0.0.1:54149 => /127.0.1.1:45224]: Not closing client connection on middle chunk for /bower_components/jquery-ui/themes/base/all.css
11:39:50.514 [LittleProxy-ProxyToServerWorker-5] DEBUG o.l.p.impl.ClientToProxyConnection - (AWAITING_INITIAL) [id: 0xa74abe3b, /127.0.0.1:54151 => /127.0.1.1:45224]: Wrote: DefaultHttpContent(data: SlicedByteBuf(ridx: 0, widx: 16384, cap: 16384/16384, unwrapped: UnpooledUnsafeDirectByteBuf(ridx: 16384, widx: 16384, cap: 16384)), decoderResult: success)
11:39:50.514 [LittleProxy-ProxyToServerWorker-6] DEBUG o.l.p.impl.ProxyToServerConnection - (AWAITING_CHUNK) [id: 0x15efad94, /127.0.0.1:35282 => localhost/127.0.0.1:9000]: Reading: DefaultLastHttpContent(data: SlicedByteBuf(ridx: 0, widx: 280, cap: 280/280, unwrapped: UnpooledUnsafeDirectByteBuf(ridx: 280, widx: 280, cap: 1024)), decoderResult: success)
11:39:50.514 [LittleProxy-ProxyToServerWorker-5] DEBUG o.l.p.impl.ClientToProxyConnection - (AWAITING_INITIAL) [id: 0xa74abe3b, /127.0.0.1:54151 => /127.0.1.1:45224]: Not closing server connection on middle chunk for /bower_components/jquery/dist/jquery.js
11:39:50.514 [LittleProxy-ProxyToServerWorker-6] DEBUG o.l.p.impl.ClientToProxyConnection - (AWAITING_INITIAL) [id: 0x87242349, /127.0.0.1:54149 => /127.0.1.1:45224]: Retaining reference counted message
11:39:50.514 [LittleProxy-ProxyToServerWorker-5] DEBUG o.l.p.impl.ClientToProxyConnection - (AWAITING_INITIAL) [id: 0xa74abe3b, /127.0.0.1:54151 => /127.0.1.1:45224]: Not closing client connection on middle chunk for /bower_components/jquery/dist/jquery.js
11:39:50.514 [LittleProxy-ProxyToServerWorker-6] DEBUG o.l.p.impl.ClientToProxyConnection - (AWAITING_INITIAL) [id: 0x87242349, /127.0.0.1:54149 => /127.0.1.1:45224]: Writing: DefaultLastHttpContent(data: SlicedByteBuf(ridx: 0, widx: 280, cap: 280/280, unwrapped: UnpooledUnsafeDirectByteBuf(ridx: 280, widx: 280, cap: 1024)), decoderResult: success)
11:39:50.514 [LittleProxy-ProxyToServerWorker-5] DEBUG o.l.p.impl.ProxyToServerConnection - (AWAITING_CHUNK) [id: 0x97bd59d1, /127.0.0.1:35281 => localhost/127.0.0.1:9000]: Reading: DefaultHttpContent(data: SlicedByteBuf(ridx: 0, widx: 16384, cap: 16384/16384, unwrapped: UnpooledUnsafeDirectByteBuf(ridx: 16384, widx: 16384, cap: 16384)), decoderResult: success)
11:39:50.514 [LittleProxy-ProxyToServerWorker-6] DEBUG o.l.p.impl.ClientToProxyConnection - (AWAITING_INITIAL) [id: 0x87242349, /127.0.0.1:54149 => /127.0.1.1:45224]: Writing an empty buffer to signal the end of our chunked transfer
11:39:50.514 [LittleProxy-ProxyToServerWorker-5] DEBUG o.l.p.impl.ClientToProxyConnection - (AWAITING_INITIAL) [id: 0xa74abe3b, /127.0.0.1:54151 => /127.0.1.1:45224]: Retaining reference counted message
11:39:50.514 [LittleProxy-ProxyToServerWorker-5] DEBUG o.l.p.impl.ClientToProxyConnection - (AWAITING_INITIAL) [id: 0xa74abe3b, /127.0.0.1:54151 => /127.0.1.1:45224]: Writing: DefaultHttpContent(data: SlicedByteBuf(ridx: 0, widx: 16384, cap: 16384/16384, unwrapped: UnpooledUnsafeDirectByteBuf(ridx: 16384, widx: 16384, cap: 16384)), decoderResult: success)
11:39:50.514 [LittleProxy-ProxyToServerWorker-5] DEBUG o.l.p.impl.ClientToProxyConnection - (AWAITING_INITIAL) [id: 0xa74abe3b, /127.0.0.1:54151 => /127.0.1.1:45224]: Wrote: DefaultHttpContent(data: SlicedByteBuf(ridx: 0, widx: 16384, cap: 16384/16384, unwrapped: UnpooledUnsafeDirectByteBuf(ridx: 16384, widx: 16384, cap: 16384)), decoderResult: success)
11:39:50.514 [LittleProxy-ProxyToServerWorker-5] DEBUG o.l.p.impl.ClientToProxyConnection - (AWAITING_INITIAL) [id: 0xa74abe3b, /127.0.0.1:54151 => /127.0.1.1:45224]: Not closing server connection on middle chunk for /bower_components/jquery/dist/jquery.js
11:39:50.514 [LittleProxy-ProxyToServerWorker-5] DEBUG o.l.p.impl.ClientToProxyConnection - (AWAITING_INITIAL) [id: 0xa74abe3b, /127.0.0.1:54151 => /127.0.1.1:45224]: Not closing client connection on middle chunk for /bower_components/jquery/dist/jquery.js
11:39:50.514 [LittleProxy-ProxyToServerWorker-5] DEBUG o.l.p.impl.ProxyToServerConnection - (AWAITING_CHUNK) [id: 0x97bd59d1, /127.0.0.1:35281 => localhost/127.0.0.1:9000]: Reading: DefaultHttpContent(data: SlicedByteBuf(ridx: 0, widx: 16384, cap: 16384/16384, unwrapped: UnpooledUnsafeDirectByteBuf(ridx: 16384, widx: 16384, cap: 16384)), decoderResult: success)
11:39:50.514 [LittleProxy-ProxyToServerWorker-6] DEBUG o.l.p.impl.ClientToProxyConnection - (AWAITING_INITIAL) [id: 0x87242349, /127.0.0.1:54149 => /127.0.1.1:45224]: Wrote: DefaultLastHttpContent(data: SlicedByteBuf(ridx: 0, widx: 280, cap: 280/280, unwrapped: UnpooledUnsafeDirectByteBuf(ridx: 280, widx: 280, cap: 1024)), decoderResult: success)
11:39:50.514 [LittleProxy-ProxyToServerWorker-5] DEBUG o.l.p.impl.ClientToProxyConnection - (AWAITING_INITIAL) [id: 0xa74abe3b, /127.0.0.1:54151 => /127.0.1.1:45224]: Retaining reference counted message
11:39:50.514 [LittleProxy-ProxyToServerWorker-6] DEBUG o.l.p.impl.ClientToProxyConnection - (AWAITING_INITIAL) [id: 0x87242349, /127.0.0.1:54149 => /127.0.1.1:45224]: Retaining reference counted message
11:39:50.514 [LittleProxy-ProxyToServerWorker-5] DEBUG o.l.p.impl.ClientToProxyConnection - (AWAITING_INITIAL) [id: 0xa74abe3b, /127.0.0.1:54151 => /127.0.1.1:45224]: Writing: DefaultHttpContent(data: SlicedByteBuf(ridx: 0, widx: 16384, cap: 16384/16384, unwrapped: UnpooledUnsafeDirectByteBuf(ridx: 16384, widx: 16384, cap: 16384)), decoderResult: success)
11:39:50.514 [LittleProxy-ProxyToServerWorker-6] DEBUG o.l.p.impl.ClientToProxyConnection - (AWAITING_INITIAL) [id: 0x87242349, /127.0.0.1:54149 => /127.0.1.1:45224]: Writing: EmptyByteBufBE
11:39:50.515 [LittleProxy-ProxyToServerWorker-5] DEBUG o.l.p.impl.ClientToProxyConnection - (AWAITING_INITIAL) [id: 0xa74abe3b, /127.0.0.1:54151 => /127.0.1.1:45224]: Wrote: DefaultHttpContent(data: SlicedByteBuf(ridx: 0, widx: 16384, cap: 16384/16384, unwrapped: UnpooledUnsafeDirectByteBuf(ridx: 16384, widx: 16384, cap: 16384)), decoderResult: success)
11:39:50.515 [LittleProxy-ProxyToServerWorker-5] DEBUG o.l.p.impl.ClientToProxyConnection - (AWAITING_INITIAL) [id: 0xa74abe3b, /127.0.0.1:54151 => /127.0.1.1:45224]: Not closing server connection on middle chunk for /bower_components/jquery/dist/jquery.js
11:39:50.515 [LittleProxy-ProxyToServerWorker-5] DEBUG o.l.p.impl.ClientToProxyConnection - (AWAITING_INITIAL) [id: 0xa74abe3b, /127.0.0.1:54151 => /127.0.1.1:45224]: Not closing client connection on middle chunk for /bower_components/jquery/dist/jquery.js
11:39:50.515 [LittleProxy-ProxyToServerWorker-5] DEBUG o.l.p.impl.ProxyToServerConnection - (AWAITING_CHUNK) [id: 0x97bd59d1, /127.0.0.1:35281 => localhost/127.0.0.1:9000]: Reading: DefaultHttpContent(data: SlicedByteBuf(ridx: 0, widx: 16384, cap: 16384/16384, unwrapped: UnpooledUnsafeDirectByteBuf(ridx: 16384, widx: 16384, cap: 16384)), decoderResult: success)
11:39:50.515 [LittleProxy-ProxyToServerWorker-5] DEBUG o.l.p.impl.ClientToProxyConnection - (AWAITING_INITIAL) [id: 0xa74abe3b, /127.0.0.1:54151 => /127.0.1.1:45224]: Retaining reference counted message
11:39:50.515 [LittleProxy-ProxyToServerWorker-5] DEBUG o.l.p.impl.ClientToProxyConnection - (AWAITING_INITIAL) [id: 0xa74abe3b, /127.0.0.1:54151 => /127.0.1.1:45224]: Writing: DefaultHttpContent(data: SlicedByteBuf(ridx: 0, widx: 16384, cap: 16384/16384, unwrapped: UnpooledUnsafeDirectByteBuf(ridx: 16384, widx: 16384, cap: 16384)), decoderResult: success)
11:39:50.515 [LittleProxy-ProxyToServerWorker-6] DEBUG o.l.p.impl.ClientToProxyConnection - (AWAITING_INITIAL) [id: 0x87242349, /127.0.0.1:54149 => /127.0.1.1:45224]: Wrote: EmptyByteBufBE
11:39:50.515 [LittleProxy-ProxyToServerWorker-6] DEBUG o.l.p.impl.ClientToProxyConnection - (AWAITING_INITIAL) [id: 0x87242349, /127.0.0.1:54149 => /127.0.1.1:45224]: Handling last chunk. Using normal server connection closing rules.
11:39:50.515 [LittleProxy-ProxyToServerWorker-6] DEBUG o.l.p.impl.ClientToProxyConnection - (AWAITING_INITIAL) [id: 0x87242349, /127.0.0.1:54149 => /127.0.1.1:45224]: Not closing server connection for response: DefaultHttpResponse(decodeResult: success, version: HTTP/1.1)
HTTP/1.1 200 OK
Accept-Ranges: bytes
Date: Tue, 08 Sep 2015 10:39:50 GMT
Cache-Control: public, max-age=0
Last-Modified: Fri, 17 Oct 2014 06:40:12 GMT
ETag: W/"L6w0vocMXx82sYRxAtBoAA=="
Content-Type: text/css; charset=UTF-8
Content-Length: 280
Connection: keep-alive
11:39:50.515 [LittleProxy-ProxyToServerWorker-6] DEBUG o.l.p.impl.ClientToProxyConnection - (AWAITING_INITIAL) [id: 0x87242349, /127.0.0.1:54149 => /127.0.1.1:45224]: Handling last chunk. Using normal client connection closing rules.
11:39:50.515 [LittleProxy-ProxyToServerWorker-6] DEBUG o.l.p.impl.ClientToProxyConnection - (AWAITING_INITIAL) [id: 0x87242349, /127.0.0.1:54149 => /127.0.1.1:45224]: Not closing client connection for request: HttpObjectAggregator$AggregatedFullHttpRequest(decodeResult: success, version: HTTP/1.1, content: CompositeByteBuf(ridx: 0, widx: 0, cap: 0, components=0))
GET /bower_components/jquery-ui/themes/base/all.css HTTP/1.1
Host: localhost:9000
Accept: text/css,*/*;q=0.1
User-Agent: Mozilla/5.0 (X11; Linux x86_64) AppleWebKit/537.36 (KHTML, like Gecko) Chrome/44.0.2403.130 Safari/537.36
Referer: http://localhost:9000/
Accept-Language: en-GB,en-US;q=0.8,en;q=0.6
Content-Length: 0
Accept-Encoding: gzip, deflate, 
Via: 1.1 localhost.localdomain
11:39:50.515 [LittleProxy-ProxyToServerWorker-5] DEBUG o.l.p.impl.ClientToProxyConnection - (AWAITING_INITIAL) [id: 0xa74abe3b, /127.0.0.1:54151 => /127.0.1.1:45224]: Wrote: DefaultHttpContent(data: SlicedByteBuf(ridx: 0, widx: 16384, cap: 16384/16384, unwrapped: UnpooledUnsafeDirectByteBuf(ridx: 16384, widx: 16384, cap: 16384)), decoderResult: success)
11:39:50.515 [LittleProxy-ProxyToServerWorker-5] DEBUG o.l.p.impl.ClientToProxyConnection - (AWAITING_INITIAL) [id: 0xa74abe3b, /127.0.0.1:54151 => /127.0.1.1:45224]: Not closing server connection on middle chunk for /bower_components/jquery/dist/jquery.js
11:39:50.515 [LittleProxy-ProxyToServerWorker-5] DEBUG o.l.p.impl.ClientToProxyConnection - (AWAITING_INITIAL) [id: 0xa74abe3b, /127.0.0.1:54151 => /127.0.1.1:45224]: Not closing client connection on middle chunk for /bower_components/jquery/dist/jquery.js
11:39:50.515 [LittleProxy-ProxyToServerWorker-5] DEBUG o.l.p.impl.ProxyToServerConnection - (AWAITING_CHUNK) [id: 0x97bd59d1, /127.0.0.1:35281 => localhost/127.0.0.1:9000]: Reading: DefaultHttpContent(data: SlicedByteBuf(ridx: 0, widx: 16384, cap: 16384/16384, unwrapped: UnpooledUnsafeDirectByteBuf(ridx: 16384, widx: 16384, cap: 16384)), decoderResult: success)
11:39:50.515 [LittleProxy-ProxyToServerWorker-5] DEBUG o.l.p.impl.ClientToProxyConnection - (AWAITING_INITIAL) [id: 0xa74abe3b, /127.0.0.1:54151 => /127.0.1.1:45224]: Retaining reference counted message
11:39:50.515 [LittleProxy-ProxyToServerWorker-5] DEBUG o.l.p.impl.ClientToProxyConnection - (AWAITING_INITIAL) [id: 0xa74abe3b, /127.0.0.1:54151 => /127.0.1.1:45224]: Writing: DefaultHttpContent(data: SlicedByteBuf(ridx: 0, widx: 16384, cap: 16384/16384, unwrapped: UnpooledUnsafeDirectByteBuf(ridx: 16384, widx: 16384, cap: 16384)), decoderResult: success)
11:39:50.515 [LittleProxy-ProxyToServerWorker-5] DEBUG o.l.p.impl.ClientToProxyConnection - (AWAITING_INITIAL) [id: 0xa74abe3b, /127.0.0.1:54151 => /127.0.1.1:45224]: Wrote: DefaultHttpContent(data: SlicedByteBuf(ridx: 0, widx: 16384, cap: 16384/16384, unwrapped: UnpooledUnsafeDirectByteBuf(ridx: 16384, widx: 16384, cap: 16384)), decoderResult: success)
11:39:50.515 [LittleProxy-ProxyToServerWorker-5] DEBUG o.l.p.impl.ClientToProxyConnection - (AWAITING_INITIAL) [id: 0xa74abe3b, /127.0.0.1:54151 => /127.0.1.1:45224]: Not closing server connection on middle chunk for /bower_components/jquery/dist/jquery.js
11:39:50.515 [LittleProxy-ProxyToServerWorker-5] DEBUG o.l.p.impl.ClientToProxyConnection - (AWAITING_INITIAL) [id: 0xa74abe3b, /127.0.0.1:54151 => /127.0.1.1:45224]: Not closing client connection on middle chunk for /bower_components/jquery/dist/jquery.js
11:39:50.516 [LittleProxy-ProxyToServerWorker-5] DEBUG o.l.p.impl.ProxyToServerConnection - (AWAITING_CHUNK) [id: 0x97bd59d1, /127.0.0.1:35281 => localhost/127.0.0.1:9000]: Reading: DefaultHttpContent(data: SlicedByteBuf(ridx: 0, widx: 16384, cap: 16384/16384, unwrapped: UnpooledUnsafeDirectByteBuf(ridx: 16384, widx: 16384, cap: 16384)), decoderResult: success)
11:39:50.516 [LittleProxy-ProxyToServerWorker-5] DEBUG o.l.p.impl.ClientToProxyConnection - (AWAITING_INITIAL) [id: 0xa74abe3b, /127.0.0.1:54151 => /127.0.1.1:45224]: Retaining reference counted message
11:39:50.516 [LittleProxy-ProxyToServerWorker-5] DEBUG o.l.p.impl.ClientToProxyConnection - (AWAITING_INITIAL) [id: 0xa74abe3b, /127.0.0.1:54151 => /127.0.1.1:45224]: Writing: DefaultHttpContent(data: SlicedByteBuf(ridx: 0, widx: 16384, cap: 16384/16384, unwrapped: UnpooledUnsafeDirectByteBuf(ridx: 16384, widx: 16384, cap: 16384)), decoderResult: success)
11:39:50.516 [LittleProxy-ProxyToServerWorker-5] DEBUG o.l.p.impl.ClientToProxyConnection - (AWAITING_INITIAL) [id: 0xa74abe3b, /127.0.0.1:54151 => /127.0.1.1:45224]: Wrote: DefaultHttpContent(data: SlicedByteBuf(ridx: 0, widx: 16384, cap: 16384/16384, unwrapped: UnpooledUnsafeDirectByteBuf(ridx: 16384, widx: 16384, cap: 16384)), decoderResult: success)
11:39:50.516 [LittleProxy-ProxyToServerWorker-5] DEBUG o.l.p.impl.ClientToProxyConnection - (AWAITING_INITIAL) [id: 0xa74abe3b, /127.0.0.1:54151 => /127.0.1.1:45224]: Not closing server connection on middle chunk for /bower_components/jquery/dist/jquery.js
11:39:50.516 [LittleProxy-ProxyToServerWorker-5] DEBUG o.l.p.impl.ClientToProxyConnection - (AWAITING_INITIAL) [id: 0xa74abe3b, /127.0.0.1:54151 => /127.0.1.1:45224]: Not closing client connection on middle chunk for /bower_components/jquery/dist/jquery.js
11:39:50.516 [LittleProxy-ProxyToServerWorker-5] DEBUG o.l.p.impl.ProxyToServerConnection - (AWAITING_CHUNK) [id: 0x97bd59d1, /127.0.0.1:35281 => localhost/127.0.0.1:9000]: Reading: DefaultHttpContent(data: SlicedByteBuf(ridx: 0, widx: 16384, cap: 16384/16384, unwrapped: UnpooledUnsafeDirectByteBuf(ridx: 16384, widx: 16384, cap: 16384)), decoderResult: success)
11:39:50.516 [LittleProxy-ProxyToServerWorker-5] DEBUG o.l.p.impl.ClientToProxyConnection - (AWAITING_INITIAL) [id: 0xa74abe3b, /127.0.0.1:54151 => /127.0.1.1:45224]: Retaining reference counted message
11:39:50.516 [LittleProxy-ProxyToServerWorker-5] DEBUG o.l.p.impl.ClientToProxyConnection - (AWAITING_INITIAL) [id: 0xa74abe3b, /127.0.0.1:54151 => /127.0.1.1:45224]: Writing: DefaultHttpContent(data: SlicedByteBuf(ridx: 0, widx: 16384, cap: 16384/16384, unwrapped: UnpooledUnsafeDirectByteBuf(ridx: 16384, widx: 16384, cap: 16384)), decoderResult: success)
11:39:50.516 [LittleProxy-ProxyToServerWorker-5] DEBUG o.l.p.impl.ClientToProxyConnection - (AWAITING_INITIAL) [id: 0xa74abe3b, /127.0.0.1:54151 => /127.0.1.1:45224]: Wrote: DefaultHttpContent(data: SlicedByteBuf(ridx: 0, widx: 16384, cap: 16384/16384, unwrapped: UnpooledUnsafeDirectByteBuf(ridx: 16384, widx: 16384, cap: 16384)), decoderResult: success)
11:39:50.516 [LittleProxy-ProxyToServerWorker-5] DEBUG o.l.p.impl.ClientToProxyConnection - (AWAITING_INITIAL) [id: 0xa74abe3b, /127.0.0.1:54151 => /127.0.1.1:45224]: Not closing server connection on middle chunk for /bower_components/jquery/dist/jquery.js
11:39:50.516 [LittleProxy-ProxyToServerWorker-5] DEBUG o.l.p.impl.ClientToProxyConnection - (AWAITING_INITIAL) [id: 0xa74abe3b, /127.0.0.1:54151 => /127.0.1.1:45224]: Not closing client connection on middle chunk for /bower_components/jquery/dist/jquery.js
11:39:50.516 [LittleProxy-ProxyToServerWorker-5] DEBUG o.l.p.impl.ProxyToServerConnection - (AWAITING_CHUNK) [id: 0x97bd59d1, /127.0.0.1:35281 => localhost/127.0.0.1:9000]: Reading: DefaultHttpContent(data: SlicedByteBuf(ridx: 0, widx: 16384, cap: 16384/16384, unwrapped: UnpooledUnsafeDirectByteBuf(ridx: 16384, widx: 16384, cap: 16384)), decoderResult: success)
11:39:50.516 [LittleProxy-ProxyToServerWorker-5] DEBUG o.l.p.impl.ClientToProxyConnection - (AWAITING_INITIAL) [id: 0xa74abe3b, /127.0.0.1:54151 => /127.0.1.1:45224]: Retaining reference counted message
11:39:50.516 [LittleProxy-ProxyToServerWorker-5] DEBUG o.l.p.impl.ClientToProxyConnection - (AWAITING_INITIAL) [id: 0xa74abe3b, /127.0.0.1:54151 => /127.0.1.1:45224]: Writing: DefaultHttpContent(data: SlicedByteBuf(ridx: 0, widx: 16384, cap: 16384/16384, unwrapped: UnpooledUnsafeDirectByteBuf(ridx: 16384, widx: 16384, cap: 16384)), decoderResult: success)
11:39:50.516 [LittleProxy-ProxyToServerWorker-5] DEBUG o.l.p.impl.ClientToProxyConnection - (AWAITING_INITIAL) [id: 0xa74abe3b, /127.0.0.1:54151 => /127.0.1.1:45224]: Wrote: DefaultHttpContent(data: SlicedByteBuf(ridx: 0, widx: 16384, cap: 16384/16384, unwrapped: UnpooledUnsafeDirectByteBuf(ridx: 16384, widx: 16384, cap: 16384)), decoderResult: success)
11:39:50.516 [LittleProxy-ProxyToServerWorker-5] DEBUG o.l.p.impl.ClientToProxyConnection - (AWAITING_INITIAL) [id: 0xa74abe3b, /127.0.0.1:54151 => /127.0.1.1:45224]: Not closing server connection on middle chunk for /bower_components/jquery/dist/jquery.js
11:39:50.516 [LittleProxy-ProxyToServerWorker-5] DEBUG o.l.p.impl.ClientToProxyConnection - (AWAITING_INITIAL) [id: 0xa74abe3b, /127.0.0.1:54151 => /127.0.1.1:45224]: Not closing client connection on middle chunk for /bower_components/jquery/dist/jquery.js
11:39:50.516 [LittleProxy-ProxyToServerWorker-5] DEBUG o.l.p.impl.ProxyToServerConnection - (AWAITING_CHUNK) [id: 0x97bd59d1, /127.0.0.1:35281 => localhost/127.0.0.1:9000]: Reading: DefaultHttpContent(data: SlicedByteBuf(ridx: 0, widx: 16384, cap: 16384/16384, unwrapped: UnpooledUnsafeDirectByteBuf(ridx: 16384, widx: 16384, cap: 16384)), decoderResult: success)
11:39:50.516 [LittleProxy-ProxyToServerWorker-5] DEBUG o.l.p.impl.ClientToProxyConnection - (AWAITING_INITIAL) [id: 0xa74abe3b, /127.0.0.1:54151 => /127.0.1.1:45224]: Retaining reference counted message
11:39:50.516 [LittleProxy-ProxyToServerWorker-5] DEBUG o.l.p.impl.ClientToProxyConnection - (AWAITING_INITIAL) [id: 0xa74abe3b, /127.0.0.1:54151 => /127.0.1.1:45224]: Writing: DefaultHttpContent(data: SlicedByteBuf(ridx: 0, widx: 16384, cap: 16384/16384, unwrapped: UnpooledUnsafeDirectByteBuf(ridx: 16384, widx: 16384, cap: 16384)), decoderResult: success)
11:39:50.516 [LittleProxy-ProxyToServerWorker-5] DEBUG o.l.p.impl.ClientToProxyConnection - (AWAITING_INITIAL) [id: 0xa74abe3b, /127.0.0.1:54151 => /127.0.1.1:45224]: Wrote: DefaultHttpContent(data: SlicedByteBuf(ridx: 0, widx: 16384, cap: 16384/16384, unwrapped: UnpooledUnsafeDirectByteBuf(ridx: 16384, widx: 16384, cap: 16384)), decoderResult: success)
11:39:50.516 [LittleProxy-ProxyToServerWorker-5] DEBUG o.l.p.impl.ClientToProxyConnection - (AWAITING_INITIAL) [id: 0xa74abe3b, /127.0.0.1:54151 => /127.0.1.1:45224]: Not closing server connection on middle chunk for /bower_components/jquery/dist/jquery.js
11:39:50.516 [LittleProxy-ProxyToServerWorker-5] DEBUG o.l.p.impl.ClientToProxyConnection - (AWAITING_INITIAL) [id: 0xa74abe3b, /127.0.0.1:54151 => /127.0.1.1:45224]: Not closing client connection on middle chunk for /bower_components/jquery/dist/jquery.js
11:39:50.516 [LittleProxy-ProxyToServerWorker-5] DEBUG o.l.p.impl.ProxyToServerConnection - (AWAITING_CHUNK) [id: 0x97bd59d1, /127.0.0.1:35281 => localhost/127.0.0.1:9000]: Reading: DefaultHttpContent(data: SlicedByteBuf(ridx: 0, widx: 16384, cap: 16384/16384, unwrapped: UnpooledUnsafeDirectByteBuf(ridx: 16384, widx: 16384, cap: 16384)), decoderResult: success)
11:39:50.516 [LittleProxy-ProxyToServerWorker-5] DEBUG o.l.p.impl.ClientToProxyConnection - (AWAITING_INITIAL) [id: 0xa74abe3b, /127.0.0.1:54151 => /127.0.1.1:45224]: Retaining reference counted message
11:39:50.517 [LittleProxy-ProxyToServerWorker-5] DEBUG o.l.p.impl.ClientToProxyConnection - (AWAITING_INITIAL) [id: 0xa74abe3b, /127.0.0.1:54151 => /127.0.1.1:45224]: Writing: DefaultHttpContent(data: SlicedByteBuf(ridx: 0, widx: 16384, cap: 16384/16384, unwrapped: UnpooledUnsafeDirectByteBuf(ridx: 16384, widx: 16384, cap: 16384)), decoderResult: success)
11:39:50.517 [LittleProxy-ProxyToServerWorker-5] DEBUG o.l.p.impl.ClientToProxyConnection - (AWAITING_INITIAL) [id: 0xa74abe3b, /127.0.0.1:54151 => /127.0.1.1:45224]: Wrote: DefaultHttpContent(data: SlicedByteBuf(ridx: 0, widx: 16384, cap: 16384/16384, unwrapped: UnpooledUnsafeDirectByteBuf(ridx: 16384, widx: 16384, cap: 16384)), decoderResult: success)
11:39:50.517 [LittleProxy-ProxyToServerWorker-5] DEBUG o.l.p.impl.ClientToProxyConnection - (AWAITING_INITIAL) [id: 0xa74abe3b, /127.0.0.1:54151 => /127.0.1.1:45224]: Not closing server connection on middle chunk for /bower_components/jquery/dist/jquery.js
11:39:50.517 [LittleProxy-ProxyToServerWorker-5] DEBUG o.l.p.impl.ClientToProxyConnection - (AWAITING_INITIAL) [id: 0xa74abe3b, /127.0.0.1:54151 => /127.0.1.1:45224]: Not closing client connection on middle chunk for /bower_components/jquery/dist/jquery.js
11:39:50.517 [LittleProxy-ClientToProxyWorker-5] DEBUG o.l.p.impl.ClientToProxyConnection - (AWAITING_INITIAL) [id: 0x87242349, /127.0.0.1:54149 => /127.0.1.1:45224]: Reading: HttpObjectAggregator$AggregatedFullHttpRequest(decodeResult: success, version: HTTP/1.1, content: CompositeByteBuf(ridx: 0, widx: 0, cap: 0, components=0))
GET http://localhost:9000/bower_components/bootstrap/dist/js/bootstrap.js HTTP/1.1
Host: localhost:9000
Proxy-Connection: keep-alive
Accept: */*
User-Agent: Mozilla/5.0 (X11; Linux x86_64) AppleWebKit/537.36 (KHTML, like Gecko) Chrome/44.0.2403.130 Safari/537.36
Referer: http://localhost:9000/
Accept-Encoding: gzip, deflate, sdch
Accept-Language: en-GB,en-US;q=0.8,en;q=0.6
Content-Length: 0
11:39:50.517 [LittleProxy-ClientToProxyWorker-5] DEBUG o.l.p.impl.ClientToProxyConnection - (AWAITING_INITIAL) [id: 0x87242349, /127.0.0.1:54149 => /127.0.1.1:45224]: Got request: HttpObjectAggregator$AggregatedFullHttpRequest(decodeResult: success, version: HTTP/1.1, content: CompositeByteBuf(ridx: 0, widx: 0, cap: 0, components=0))
GET http://localhost:9000/bower_components/bootstrap/dist/js/bootstrap.js HTTP/1.1
Host: localhost:9000
Proxy-Connection: keep-alive
Accept: */*
User-Agent: Mozilla/5.0 (X11; Linux x86_64) AppleWebKit/537.36 (KHTML, like Gecko) Chrome/44.0.2403.130 Safari/537.36
Referer: http://localhost:9000/
Accept-Encoding: gzip, deflate, sdch
Accept-Language: en-GB,en-US;q=0.8,en;q=0.6
Content-Length: 0
11:39:50.517 [LittleProxy-ClientToProxyWorker-5] DEBUG o.l.p.impl.ClientToProxyConnection - (AWAITING_INITIAL) [id: 0x87242349, /127.0.0.1:54149 => /127.0.1.1:45224]: Ensuring that hostAndPort are available in http://localhost:9000/bower_components/bootstrap/dist/js/bootstrap.js
11:39:50.517 [LittleProxy-ClientToProxyWorker-5] DEBUG o.l.p.impl.ClientToProxyConnection - (AWAITING_INITIAL) [id: 0x87242349, /127.0.0.1:54149 => /127.0.1.1:45224]: Finding ProxyToServerConnection for: localhost:9000
11:39:50.517 [LittleProxy-ClientToProxyWorker-5] DEBUG o.l.p.impl.ClientToProxyConnection - (AWAITING_INITIAL) [id: 0x87242349, /127.0.0.1:54149 => /127.0.1.1:45224]: Reusing existing server connection: org.littleshoot.proxy.impl.ProxyToServerConnection@19d9ddb6
11:39:50.517 [LittleProxy-ClientToProxyWorker-5] DEBUG o.l.p.impl.ClientToProxyConnection - (AWAITING_INITIAL) [id: 0x87242349, /127.0.0.1:54149 => /127.0.1.1:45224]: Modifying request headers for proxying
11:39:50.517 [LittleProxy-ClientToProxyWorker-5] DEBUG o.l.p.impl.ClientToProxyConnection - (AWAITING_INITIAL) [id: 0x87242349, /127.0.0.1:54149 => /127.0.1.1:45224]: Modifying request for proxy chaining
11:39:50.517 [LittleProxy-ClientToProxyWorker-5] DEBUG o.l.p.impl.ClientToProxyConnection - (AWAITING_INITIAL) [id: 0x87242349, /127.0.0.1:54149 => /127.0.1.1:45224]: Stripped host from uri: http://localhost:9000/bower_components/bootstrap/dist/js/bootstrap.js    yielding: /bower_components/bootstrap/dist/js/bootstrap.js
11:39:50.517 [LittleProxy-ClientToProxyWorker-5] DEBUG o.l.p.impl.ClientToProxyConnection - (AWAITING_INITIAL) [id: 0x87242349, /127.0.0.1:54149 => /127.0.1.1:45224]: Removed sdch and inserted: gzip, deflate, 
11:39:50.518 [LittleProxy-ClientToProxyWorker-5] DEBUG o.l.p.impl.ClientToProxyConnection - (AWAITING_INITIAL) [id: 0x87242349, /127.0.0.1:54149 => /127.0.1.1:45224]: Writing request to ProxyToServerConnection
11:39:50.518 [LittleProxy-ClientToProxyWorker-5] DEBUG o.l.p.impl.ProxyToServerConnection - (AWAITING_INITIAL) [id: 0x15efad94, /127.0.0.1:35282 => localhost/127.0.0.1:9000]: Requested write of HttpObjectAggregator$AggregatedFullHttpRequest(decodeResult: success, version: HTTP/1.1, content: CompositeByteBuf(ridx: 0, widx: 0, cap: 0, components=0))
GET /bower_components/bootstrap/dist/js/bootstrap.js HTTP/1.1
Host: localhost:9000
Accept: */*
User-Agent: Mozilla/5.0 (X11; Linux x86_64) AppleWebKit/537.36 (KHTML, like Gecko) Chrome/44.0.2403.130 Safari/537.36
Referer: http://localhost:9000/
Accept-Language: en-GB,en-US;q=0.8,en;q=0.6
Content-Length: 0
Accept-Encoding: gzip, deflate, 
Via: 1.1 localhost.localdomain
11:39:50.518 [LittleProxy-ClientToProxyWorker-5] DEBUG o.l.p.impl.ProxyToServerConnection - (AWAITING_INITIAL) [id: 0x15efad94, /127.0.0.1:35282 => localhost/127.0.0.1:9000]: Retaining reference counted message
11:39:50.518 [LittleProxy-ClientToProxyWorker-5] DEBUG o.l.p.impl.ProxyToServerConnection - (AWAITING_INITIAL) [id: 0x15efad94, /127.0.0.1:35282 => localhost/127.0.0.1:9000]: Using existing connection to: localhost/127.0.0.1:9000
11:39:50.518 [LittleProxy-ClientToProxyWorker-5] DEBUG o.l.p.impl.ProxyToServerConnection - (AWAITING_INITIAL) [id: 0x15efad94, /127.0.0.1:35282 => localhost/127.0.0.1:9000]: Writing: HttpObjectAggregator$AggregatedFullHttpRequest(decodeResult: success, version: HTTP/1.1, content: CompositeByteBuf(ridx: 0, widx: 0, cap: 0, components=0))
GET /bower_components/bootstrap/dist/js/bootstrap.js HTTP/1.1
Host: localhost:9000
Accept: */*
User-Agent: Mozilla/5.0 (X11; Linux x86_64) AppleWebKit/537.36 (KHTML, like Gecko) Chrome/44.0.2403.130 Safari/537.36
Referer: http://localhost:9000/
Accept-Language: en-GB,en-US;q=0.8,en;q=0.6
Content-Length: 0
Accept-Encoding: gzip, deflate, 
Via: 1.1 localhost.localdomain
11:39:50.518 [LittleProxy-ClientToProxyWorker-5] DEBUG o.l.p.impl.ProxyToServerConnection - (AWAITING_INITIAL) [id: 0x15efad94, /127.0.0.1:35282 => localhost/127.0.0.1:9000]: Writing an empty buffer to signal the end of our chunked transfer
11:39:50.518 [LittleProxy-ClientToProxyWorker-5] DEBUG o.l.p.impl.ProxyToServerConnection - (AWAITING_INITIAL) [id: 0x15efad94, /127.0.0.1:35282 => localhost/127.0.0.1:9000]: Wrote: HttpObjectAggregator$AggregatedFullHttpRequest(decodeResult: success, version: HTTP/1.1, content: CompositeByteBuf(ridx: 0, widx: 0, cap: 0, components=0))
GET /bower_components/bootstrap/dist/js/bootstrap.js HTTP/1.1
Host: localhost:9000
Accept: */*
User-Agent: Mozilla/5.0 (X11; Linux x86_64) AppleWebKit/537.36 (KHTML, like Gecko) Chrome/44.0.2403.130 Safari/537.36
Referer: http://localhost:9000/
Accept-Language: en-GB,en-US;q=0.8,en;q=0.6
Content-Length: 0
Accept-Encoding: gzip, deflate, 
Via: 1.1 localhost.localdomain
11:39:50.518 [LittleProxy-ProxyToServerWorker-5] DEBUG o.l.p.impl.ProxyToServerConnection - (AWAITING_CHUNK) [id: 0x97bd59d1, /127.0.0.1:35281 => localhost/127.0.0.1:9000]: Reading: DefaultLastHttpContent(data: SlicedByteBuf(ridx: 0, widx: 1871, cap: 1871/1871, unwrapped: UnpooledUnsafeDirectByteBuf(ridx: 1871, widx: 1871, cap: 16384)), decoderResult: success)
11:39:50.518 [LittleProxy-ProxyToServerWorker-5] DEBUG o.l.p.impl.ClientToProxyConnection - (AWAITING_INITIAL) [id: 0xa74abe3b, /127.0.0.1:54151 => /127.0.1.1:45224]: Retaining reference counted message
11:39:50.518 [LittleProxy-ProxyToServerWorker-5] DEBUG o.l.p.impl.ClientToProxyConnection - (AWAITING_INITIAL) [id: 0xa74abe3b, /127.0.0.1:54151 => /127.0.1.1:45224]: Writing: DefaultLastHttpContent(data: SlicedByteBuf(ridx: 0, widx: 1871, cap: 1871/1871, unwrapped: UnpooledUnsafeDirectByteBuf(ridx: 1871, widx: 1871, cap: 16384)), decoderResult: success)
11:39:50.518 [LittleProxy-ProxyToServerWorker-5] DEBUG o.l.p.impl.ClientToProxyConnection - (AWAITING_INITIAL) [id: 0xa74abe3b, /127.0.0.1:54151 => /127.0.1.1:45224]: Writing an empty buffer to signal the end of our chunked transfer
11:39:50.518 [LittleProxy-ProxyToServerWorker-5] DEBUG o.l.p.impl.ClientToProxyConnection - (AWAITING_INITIAL) [id: 0xa74abe3b, /127.0.0.1:54151 => /127.0.1.1:45224]: Wrote: DefaultLastHttpContent(data: SlicedByteBuf(ridx: 0, widx: 1871, cap: 1871/1871, unwrapped: UnpooledUnsafeDirectByteBuf(ridx: 1871, widx: 1871, cap: 16384)), decoderResult: success)
11:39:50.518 [LittleProxy-ProxyToServerWorker-5] DEBUG o.l.p.impl.ClientToProxyConnection - (AWAITING_INITIAL) [id: 0xa74abe3b, /127.0.0.1:54151 => /127.0.1.1:45224]: Retaining reference counted message
11:39:50.518 [LittleProxy-ProxyToServerWorker-5] DEBUG o.l.p.impl.ClientToProxyConnection - (AWAITING_INITIAL) [id: 0xa74abe3b, /127.0.0.1:54151 => /127.0.1.1:45224]: Writing: EmptyByteBufBE
11:39:50.518 [LittleProxy-ProxyToServerWorker-5] DEBUG o.l.p.impl.ClientToProxyConnection - (AWAITING_INITIAL) [id: 0xa74abe3b, /127.0.0.1:54151 => /127.0.1.1:45224]: Wrote: EmptyByteBufBE
11:39:50.518 [LittleProxy-ProxyToServerWorker-5] DEBUG o.l.p.impl.ClientToProxyConnection - (AWAITING_INITIAL) [id: 0xa74abe3b, /127.0.0.1:54151 => /127.0.1.1:45224]: Handling last chunk. Using normal server connection closing rules.
11:39:50.518 [LittleProxy-ProxyToServerWorker-5] DEBUG o.l.p.impl.ClientToProxyConnection - (AWAITING_INITIAL) [id: 0xa74abe3b, /127.0.0.1:54151 => /127.0.1.1:45224]: Not closing server connection for response: DefaultHttpResponse(decodeResult: success, version: HTTP/1.1)
HTTP/1.1 200 OK
Accept-Ranges: bytes
Date: Tue, 08 Sep 2015 10:39:50 GMT
Cache-Control: public, max-age=0
Last-Modified: Thu, 01 May 2014 17:11:50 GMT
ETag: W/"0g+swcwyuo1fRmzOVdx6vw=="
Content-Type: application/javascript
Content-Length: 247351
Connection: keep-alive
11:39:50.518 [LittleProxy-ProxyToServerWorker-5] DEBUG o.l.p.impl.ClientToProxyConnection - (AWAITING_INITIAL) [id: 0xa74abe3b, /127.0.0.1:54151 => /127.0.1.1:45224]: Handling last chunk. Using normal client connection closing rules.
11:39:50.518 [LittleProxy-ProxyToServerWorker-5] DEBUG o.l.p.impl.ClientToProxyConnection - (AWAITING_INITIAL) [id: 0xa74abe3b, /127.0.0.1:54151 => /127.0.1.1:45224]: Not closing client connection for request: HttpObjectAggregator$AggregatedFullHttpRequest(decodeResult: success, version: HTTP/1.1, content: CompositeByteBuf(ridx: 0, widx: 0, cap: 0, components=0))
GET /bower_components/jquery/dist/jquery.js HTTP/1.1
Host: localhost:9000
Accept: */*
User-Agent: Mozilla/5.0 (X11; Linux x86_64) AppleWebKit/537.36 (KHTML, like Gecko) Chrome/44.0.2403.130 Safari/537.36
Referer: http://localhost:9000/
Accept-Language: en-GB,en-US;q=0.8,en;q=0.6
Content-Length: 0
Accept-Encoding: gzip, deflate, 
Via: 1.1 localhost.localdomain
11:39:50.519 [LittleProxy-ClientToProxyWorker-7] DEBUG o.l.p.impl.ClientToProxyConnection - (AWAITING_INITIAL) [id: 0xa74abe3b, /127.0.0.1:54151 => /127.0.1.1:45224]: Reading: HttpObjectAggregator$AggregatedFullHttpRequest(decodeResult: success, version: HTTP/1.1, content: CompositeByteBuf(ridx: 0, widx: 0, cap: 0, components=0))
GET http://localhost:9000/bower_components/jquery-ui/themes/base/base.css HTTP/1.1
Host: localhost:9000
Proxy-Connection: keep-alive
Accept: text/css,*/*;q=0.1
User-Agent: Mozilla/5.0 (X11; Linux x86_64) AppleWebKit/537.36 (KHTML, like Gecko) Chrome/44.0.2403.130 Safari/537.36
Referer: http://localhost:9000/
Accept-Encoding: gzip, deflate, sdch
Accept-Language: en-GB,en-US;q=0.8,en;q=0.6
Content-Length: 0
11:39:50.519 [LittleProxy-ClientToProxyWorker-7] DEBUG o.l.p.impl.ClientToProxyConnection - (AWAITING_INITIAL) [id: 0xa74abe3b, /127.0.0.1:54151 => /127.0.1.1:45224]: Got request: HttpObjectAggregator$AggregatedFullHttpRequest(decodeResult: success, version: HTTP/1.1, content: CompositeByteBuf(ridx: 0, widx: 0, cap: 0, components=0))
GET http://localhost:9000/bower_components/jquery-ui/themes/base/base.css HTTP/1.1
Host: localhost:9000
Proxy-Connection: keep-alive
Accept: text/css,*/*;q=0.1
User-Agent: Mozilla/5.0 (X11; Linux x86_64) AppleWebKit/537.36 (KHTML, like Gecko) Chrome/44.0.2403.130 Safari/537.36
Referer: http://localhost:9000/
Accept-Encoding: gzip, deflate, sdch
Accept-Language: en-GB,en-US;q=0.8,en;q=0.6
Content-Length: 0
11:39:50.519 [LittleProxy-ClientToProxyWorker-7] DEBUG o.l.p.impl.ClientToProxyConnection - (AWAITING_INITIAL) [id: 0xa74abe3b, /127.0.0.1:54151 => /127.0.1.1:45224]: Ensuring that hostAndPort are available in http://localhost:9000/bower_components/jquery-ui/themes/base/base.css
11:39:50.519 [LittleProxy-ClientToProxyWorker-7] DEBUG o.l.p.impl.ClientToProxyConnection - (AWAITING_INITIAL) [id: 0xa74abe3b, /127.0.0.1:54151 => /127.0.1.1:45224]: Finding ProxyToServerConnection for: localhost:9000
11:39:50.519 [LittleProxy-ClientToProxyWorker-7] DEBUG o.l.p.impl.ClientToProxyConnection - (AWAITING_INITIAL) [id: 0xa74abe3b, /127.0.0.1:54151 => /127.0.1.1:45224]: Reusing existing server connection: org.littleshoot.proxy.impl.ProxyToServerConnection@55df2407
11:39:50.519 [LittleProxy-ClientToProxyWorker-7] DEBUG o.l.p.impl.ClientToProxyConnection - (AWAITING_INITIAL) [id: 0xa74abe3b, /127.0.0.1:54151 => /127.0.1.1:45224]: Modifying request headers for proxying
11:39:50.519 [LittleProxy-ClientToProxyWorker-7] DEBUG o.l.p.impl.ClientToProxyConnection - (AWAITING_INITIAL) [id: 0xa74abe3b, /127.0.0.1:54151 => /127.0.1.1:45224]: Modifying request for proxy chaining
11:39:50.519 [LittleProxy-ClientToProxyWorker-7] DEBUG o.l.p.impl.ClientToProxyConnection - (AWAITING_INITIAL) [id: 0xa74abe3b, /127.0.0.1:54151 => /127.0.1.1:45224]: Stripped host from uri: http://localhost:9000/bower_components/jquery-ui/themes/base/base.css    yielding: /bower_components/jquery-ui/themes/base/base.css
11:39:50.520 [LittleProxy-ClientToProxyWorker-7] DEBUG o.l.p.impl.ClientToProxyConnection - (AWAITING_INITIAL) [id: 0xa74abe3b, /127.0.0.1:54151 => /127.0.1.1:45224]: Removed sdch and inserted: gzip, deflate, 
11:39:50.520 [LittleProxy-ClientToProxyWorker-7] DEBUG o.l.p.impl.ClientToProxyConnection - (AWAITING_INITIAL) [id: 0xa74abe3b, /127.0.0.1:54151 => /127.0.1.1:45224]: Writing request to ProxyToServerConnection
11:39:50.520 [LittleProxy-ClientToProxyWorker-7] DEBUG o.l.p.impl.ProxyToServerConnection - (AWAITING_INITIAL) [id: 0x97bd59d1, /127.0.0.1:35281 => localhost/127.0.0.1:9000]: Requested write of HttpObjectAggregator$AggregatedFullHttpRequest(decodeResult: success, version: HTTP/1.1, content: CompositeByteBuf(ridx: 0, widx: 0, cap: 0, components=0))
GET /bower_components/jquery-ui/themes/base/base.css HTTP/1.1
Host: localhost:9000
Accept: text/css,*/*;q=0.1
User-Agent: Mozilla/5.0 (X11; Linux x86_64) AppleWebKit/537.36 (KHTML, like Gecko) Chrome/44.0.2403.130 Safari/537.36
Referer: http://localhost:9000/
Accept-Language: en-GB,en-US;q=0.8,en;q=0.6
Content-Length: 0
Accept-Encoding: gzip, deflate, 
Via: 1.1 localhost.localdomain
11:39:50.520 [LittleProxy-ClientToProxyWorker-7] DEBUG o.l.p.impl.ProxyToServerConnection - (AWAITING_INITIAL) [id: 0x97bd59d1, /127.0.0.1:35281 => localhost/127.0.0.1:9000]: Retaining reference counted message
11:39:50.520 [LittleProxy-ClientToProxyWorker-7] DEBUG o.l.p.impl.ProxyToServerConnection - (AWAITING_INITIAL) [id: 0x97bd59d1, /127.0.0.1:35281 => localhost/127.0.0.1:9000]: Using existing connection to: localhost/127.0.0.1:9000
11:39:50.520 [LittleProxy-ClientToProxyWorker-7] DEBUG o.l.p.impl.ProxyToServerConnection - (AWAITING_INITIAL) [id: 0x97bd59d1, /127.0.0.1:35281 => localhost/127.0.0.1:9000]: Writing: HttpObjectAggregator$AggregatedFullHttpRequest(decodeResult: success, version: HTTP/1.1, content: CompositeByteBuf(ridx: 0, widx: 0, cap: 0, components=0))
GET /bower_components/jquery-ui/themes/base/base.css HTTP/1.1
Host: localhost:9000
Accept: text/css,*/*;q=0.1
User-Agent: Mozilla/5.0 (X11; Linux x86_64) AppleWebKit/537.36 (KHTML, like Gecko) Chrome/44.0.2403.130 Safari/537.36
Referer: http://localhost:9000/
Accept-Language: en-GB,en-US;q=0.8,en;q=0.6
Content-Length: 0
Accept-Encoding: gzip, deflate, 
Via: 1.1 localhost.localdomain
11:39:50.520 [LittleProxy-ClientToProxyWorker-7] DEBUG o.l.p.impl.ProxyToServerConnection - (AWAITING_INITIAL) [id: 0x97bd59d1, /127.0.0.1:35281 => localhost/127.0.0.1:9000]: Writing an empty buffer to signal the end of our chunked transfer
11:39:50.520 [LittleProxy-ClientToProxyWorker-7] DEBUG o.l.p.impl.ProxyToServerConnection - (AWAITING_INITIAL) [id: 0x97bd59d1, /127.0.0.1:35281 => localhost/127.0.0.1:9000]: Wrote: HttpObjectAggregator$AggregatedFullHttpRequest(decodeResult: success, version: HTTP/1.1, content: CompositeByteBuf(ridx: 0, widx: 0, cap: 0, components=0))
GET /bower_components/jquery-ui/themes/base/base.css HTTP/1.1
Host: localhost:9000
Accept: text/css,*/*;q=0.1
User-Agent: Mozilla/5.0 (X11; Linux x86_64) AppleWebKit/537.36 (KHTML, like Gecko) Chrome/44.0.2403.130 Safari/537.36
Referer: http://localhost:9000/
Accept-Language: en-GB,en-US;q=0.8,en;q=0.6
Content-Length: 0
Accept-Encoding: gzip, deflate, 
Via: 1.1 localhost.localdomain
11:39:50.526 [LittleProxy-ProxyToServerWorker-7] DEBUG o.l.p.impl.ProxyToServerConnection - (AWAITING_INITIAL) [id: 0x700df78a, /127.0.0.1:35283 => localhost/127.0.0.1:9000]: Remembering the current request.
11:39:50.526 [LittleProxy-ProxyToServerWorker-7] DEBUG o.l.p.impl.ProxyToServerConnection - (AWAITING_INITIAL) [id: 0x700df78a, /127.0.0.1:35283 => localhost/127.0.0.1:9000]: Reading: DefaultHttpResponse(decodeResult: success, version: HTTP/1.1)
HTTP/1.1 200 OK
Accept-Ranges: bytes
Date: Tue, 08 Sep 2015 10:39:50 GMT
Cache-Control: public, max-age=0
Last-Modified: Sun, 22 Jun 2014 21:22:06 GMT
ETag: W/"Vmq8lb5blRynKgwp7vz37w=="
Content-Type: application/javascript
Content-Length: 43296
Connection: keep-alive
11:39:50.526 [LittleProxy-ProxyToServerWorker-7] DEBUG o.l.p.impl.ProxyToServerConnection - (AWAITING_INITIAL) [id: 0x700df78a, /127.0.0.1:35283 => localhost/127.0.0.1:9000]: Received raw response: DefaultHttpResponse(decodeResult: success, version: HTTP/1.1)
HTTP/1.1 200 OK
Accept-Ranges: bytes
Date: Tue, 08 Sep 2015 10:39:50 GMT
Cache-Control: public, max-age=0
Last-Modified: Sun, 22 Jun 2014 21:22:06 GMT
ETag: W/"Vmq8lb5blRynKgwp7vz37w=="
Content-Type: application/javascript
Content-Length: 43296
Connection: keep-alive
11:39:50.526 [LittleProxy-ProxyToServerWorker-7] DEBUG o.l.p.impl.ProxyToServerConnection - (AWAITING_INITIAL) [id: 0x700df78a, /127.0.0.1:35283 => localhost/127.0.0.1:9000]: Remembering the current response.
11:39:50.527 [LittleProxy-ProxyToServerWorker-7] DEBUG o.l.p.impl.ClientToProxyConnection - (AWAITING_INITIAL) [id: 0x4dc93f85, /127.0.0.1:54147 => /127.0.1.1:45224]: Writing: DefaultHttpResponse(decodeResult: success, version: HTTP/1.1)
HTTP/1.1 200 OK
Accept-Ranges: bytes
Date: Tue, 08 Sep 2015 10:39:50 GMT
Cache-Control: public, max-age=0
Last-Modified: Sun, 22 Jun 2014 21:22:06 GMT
ETag: W/"Vmq8lb5blRynKgwp7vz37w=="
Content-Type: application/javascript
Content-Length: 43296
Via: 1.1 localhost.localdomain
11:39:50.527 [LittleProxy-ProxyToServerWorker-7] DEBUG o.l.p.impl.ClientToProxyConnection - (AWAITING_INITIAL) [id: 0x4dc93f85, /127.0.0.1:54147 => /127.0.1.1:45224]: Wrote: DefaultHttpResponse(decodeResult: success, version: HTTP/1.1)
HTTP/1.1 200 OK
Accept-Ranges: bytes
Date: Tue, 08 Sep 2015 10:39:50 GMT
Cache-Control: public, max-age=0
Last-Modified: Sun, 22 Jun 2014 21:22:06 GMT
ETag: W/"Vmq8lb5blRynKgwp7vz37w=="
Content-Type: application/javascript
Content-Length: 43296
Via: 1.1 localhost.localdomain
11:39:50.527 [LittleProxy-ProxyToServerWorker-7] DEBUG o.l.p.impl.ClientToProxyConnection - (AWAITING_INITIAL) [id: 0x4dc93f85, /127.0.0.1:54147 => /127.0.1.1:45224]: Not closing server connection on middle chunk for /bower_components/json3/lib/json3.js
11:39:50.527 [LittleProxy-ProxyToServerWorker-7] DEBUG o.l.p.impl.ClientToProxyConnection - (AWAITING_INITIAL) [id: 0x4dc93f85, /127.0.0.1:54147 => /127.0.1.1:45224]: Not closing client connection on middle chunk for /bower_components/json3/lib/json3.js
11:39:50.527 [LittleProxy-ProxyToServerWorker-2] DEBUG o.l.p.impl.ProxyToServerConnection - (AWAITING_CHUNK) [id: 0x9953b61f, /127.0.0.1:35274 => localhost/127.0.0.1:9000]: Reading: DefaultHttpContent(data: SlicedByteBuf(ridx: 0, widx: 16384, cap: 16384/16384, unwrapped: UnpooledUnsafeDirectByteBuf(ridx: 55684, widx: 55684, cap: 65536)), decoderResult: success)
11:39:50.527 [LittleProxy-ProxyToServerWorker-2] DEBUG o.l.p.impl.ClientToProxyConnection - (AWAITING_INITIAL) [id: 0xe726451f, /127.0.0.1:54145 => /127.0.1.1:45224]: Retaining reference counted message
11:39:50.527 [LittleProxy-ProxyToServerWorker-2] DEBUG o.l.p.impl.ClientToProxyConnection - (AWAITING_INITIAL) [id: 0xe726451f, /127.0.0.1:54145 => /127.0.1.1:45224]: Writing: DefaultHttpContent(data: SlicedByteBuf(ridx: 0, widx: 16384, cap: 16384/16384, unwrapped: UnpooledUnsafeDirectByteBuf(ridx: 55684, widx: 55684, cap: 65536)), decoderResult: success)
11:39:50.527 [LittleProxy-ProxyToServerWorker-2] DEBUG o.l.p.impl.ClientToProxyConnection - (AWAITING_INITIAL) [id: 0xe726451f, /127.0.0.1:54145 => /127.0.1.1:45224]: Wrote: DefaultHttpContent(data: SlicedByteBuf(ridx: 0, widx: 16384, cap: 16384/16384, unwrapped: UnpooledUnsafeDirectByteBuf(ridx: 55684, widx: 55684, cap: 65536)), decoderResult: success)
11:39:50.527 [LittleProxy-ProxyToServerWorker-2] DEBUG o.l.p.impl.ClientToProxyConnection - (AWAITING_INITIAL) [id: 0xe726451f, /127.0.0.1:54145 => /127.0.1.1:45224]: Not closing server connection on middle chunk for /bower_components/bootstrap/dist/css/bootstrap.css
11:39:50.527 [LittleProxy-ProxyToServerWorker-2] DEBUG o.l.p.impl.ClientToProxyConnection - (AWAITING_INITIAL) [id: 0xe726451f, /127.0.0.1:54145 => /127.0.1.1:45224]: Not closing client connection on middle chunk for /bower_components/bootstrap/dist/css/bootstrap.css
11:39:50.527 [LittleProxy-ProxyToServerWorker-2] DEBUG o.l.p.impl.ProxyToServerConnection - (AWAITING_CHUNK) [id: 0x9953b61f, /127.0.0.1:35274 => localhost/127.0.0.1:9000]: Reading: DefaultHttpContent(data: SlicedByteBuf(ridx: 0, widx: 16384, cap: 16384/16384, unwrapped: UnpooledUnsafeDirectByteBuf(ridx: 55684, widx: 55684, cap: 65536)), decoderResult: success)
11:39:50.527 [LittleProxy-ProxyToServerWorker-2] DEBUG o.l.p.impl.ClientToProxyConnection - (AWAITING_INITIAL) [id: 0xe726451f, /127.0.0.1:54145 => /127.0.1.1:45224]: Retaining reference counted message
11:39:50.527 [LittleProxy-ProxyToServerWorker-2] DEBUG o.l.p.impl.ClientToProxyConnection - (AWAITING_INITIAL) [id: 0xe726451f, /127.0.0.1:54145 => /127.0.1.1:45224]: Writing: DefaultHttpContent(data: SlicedByteBuf(ridx: 0, widx: 16384, cap: 16384/16384, unwrapped: UnpooledUnsafeDirectByteBuf(ridx: 55684, widx: 55684, cap: 65536)), decoderResult: success)
11:39:50.527 [LittleProxy-ProxyToServerWorker-2] DEBUG o.l.p.impl.ClientToProxyConnection - (AWAITING_INITIAL) [id: 0xe726451f, /127.0.0.1:54145 => /127.0.1.1:45224]: Wrote: DefaultHttpContent(data: SlicedByteBuf(ridx: 0, widx: 16384, cap: 16384/16384, unwrapped: UnpooledUnsafeDirectByteBuf(ridx: 55684, widx: 55684, cap: 65536)), decoderResult: success)
11:39:50.527 [LittleProxy-ProxyToServerWorker-2] DEBUG o.l.p.impl.ClientToProxyConnection - (AWAITING_INITIAL) [id: 0xe726451f, /127.0.0.1:54145 => /127.0.1.1:45224]: Not closing server connection on middle chunk for /bower_components/bootstrap/dist/css/bootstrap.css
11:39:50.527 [LittleProxy-ProxyToServerWorker-2] DEBUG o.l.p.impl.ClientToProxyConnection - (AWAITING_INITIAL) [id: 0xe726451f, /127.0.0.1:54145 => /127.0.1.1:45224]: Not closing client connection on middle chunk for /bower_components/bootstrap/dist/css/bootstrap.css
11:39:50.527 [LittleProxy-ProxyToServerWorker-2] DEBUG o.l.p.impl.ProxyToServerConnection - (AWAITING_CHUNK) [id: 0x9953b61f, /127.0.0.1:35274 => localhost/127.0.0.1:9000]: Reading: DefaultHttpContent(data: SlicedByteBuf(ridx: 0, widx: 16384, cap: 16384/16384, unwrapped: UnpooledUnsafeDirectByteBuf(ridx: 55684, widx: 55684, cap: 65536)), decoderResult: success)
11:39:50.527 [LittleProxy-ProxyToServerWorker-2] DEBUG o.l.p.impl.ClientToProxyConnection - (AWAITING_INITIAL) [id: 0xe726451f, /127.0.0.1:54145 => /127.0.1.1:45224]: Retaining reference counted message
11:39:50.527 [LittleProxy-ProxyToServerWorker-2] DEBUG o.l.p.impl.ClientToProxyConnection - (AWAITING_INITIAL) [id: 0xe726451f, /127.0.0.1:54145 => /127.0.1.1:45224]: Writing: DefaultHttpContent(data: SlicedByteBuf(ridx: 0, widx: 16384, cap: 16384/16384, unwrapped: UnpooledUnsafeDirectByteBuf(ridx: 55684, widx: 55684, cap: 65536)), decoderResult: success)
11:39:50.527 [LittleProxy-ProxyToServerWorker-2] DEBUG o.l.p.impl.ClientToProxyConnection - (AWAITING_INITIAL) [id: 0xe726451f, /127.0.0.1:54145 => /127.0.1.1:45224]: Wrote: DefaultHttpContent(data: SlicedByteBuf(ridx: 0, widx: 16384, cap: 16384/16384, unwrapped: UnpooledUnsafeDirectByteBuf(ridx: 55684, widx: 55684, cap: 65536)), decoderResult: success)
11:39:50.527 [LittleProxy-ProxyToServerWorker-2] DEBUG o.l.p.impl.ClientToProxyConnection - (AWAITING_INITIAL) [id: 0xe726451f, /127.0.0.1:54145 => /127.0.1.1:45224]: Not closing server connection on middle chunk for /bower_components/bootstrap/dist/css/bootstrap.css
11:39:50.527 [LittleProxy-ProxyToServerWorker-2] DEBUG o.l.p.impl.ClientToProxyConnection - (AWAITING_INITIAL) [id: 0xe726451f, /127.0.0.1:54145 => /127.0.1.1:45224]: Not closing client connection on middle chunk for /bower_components/bootstrap/dist/css/bootstrap.css
11:39:50.527 [LittleProxy-ProxyToServerWorker-2] DEBUG o.l.p.impl.ProxyToServerConnection - (AWAITING_CHUNK) [id: 0x9953b61f, /127.0.0.1:35274 => localhost/127.0.0.1:9000]: Reading: DefaultLastHttpContent(data: SlicedByteBuf(ridx: 0, widx: 6532, cap: 6532/6532, unwrapped: UnpooledUnsafeDirectByteBuf(ridx: 55684, widx: 55684, cap: 65536)), decoderResult: success)
11:39:50.527 [LittleProxy-ProxyToServerWorker-2] DEBUG o.l.p.impl.ClientToProxyConnection - (AWAITING_INITIAL) [id: 0xe726451f, /127.0.0.1:54145 => /127.0.1.1:45224]: Retaining reference counted message
11:39:50.528 [LittleProxy-ProxyToServerWorker-2] DEBUG o.l.p.impl.ClientToProxyConnection - (AWAITING_INITIAL) [id: 0xe726451f, /127.0.0.1:54145 => /127.0.1.1:45224]: Writing: DefaultLastHttpContent(data: SlicedByteBuf(ridx: 0, widx: 6532, cap: 6532/6532, unwrapped: UnpooledUnsafeDirectByteBuf(ridx: 55684, widx: 55684, cap: 65536)), decoderResult: success)
11:39:50.528 [LittleProxy-ProxyToServerWorker-2] DEBUG o.l.p.impl.ClientToProxyConnection - (AWAITING_INITIAL) [id: 0xe726451f, /127.0.0.1:54145 => /127.0.1.1:45224]: Writing an empty buffer to signal the end of our chunked transfer
11:39:50.528 [LittleProxy-ProxyToServerWorker-2] DEBUG o.l.p.impl.ClientToProxyConnection - (AWAITING_INITIAL) [id: 0xe726451f, /127.0.0.1:54145 => /127.0.1.1:45224]: Wrote: DefaultLastHttpContent(data: SlicedByteBuf(ridx: 0, widx: 6532, cap: 6532/6532, unwrapped: UnpooledUnsafeDirectByteBuf(ridx: 55684, widx: 55684, cap: 65536)), decoderResult: success)
11:39:50.528 [LittleProxy-ProxyToServerWorker-2] DEBUG o.l.p.impl.ClientToProxyConnection - (AWAITING_INITIAL) [id: 0xe726451f, /127.0.0.1:54145 => /127.0.1.1:45224]: Retaining reference counted message
11:39:50.528 [LittleProxy-ProxyToServerWorker-2] DEBUG o.l.p.impl.ClientToProxyConnection - (AWAITING_INITIAL) [id: 0xe726451f, /127.0.0.1:54145 => /127.0.1.1:45224]: Writing: EmptyByteBufBE
11:39:50.528 [LittleProxy-ProxyToServerWorker-2] DEBUG o.l.p.impl.ClientToProxyConnection - (AWAITING_INITIAL) [id: 0xe726451f, /127.0.0.1:54145 => /127.0.1.1:45224]: Wrote: EmptyByteBufBE
11:39:50.528 [LittleProxy-ProxyToServerWorker-2] DEBUG o.l.p.impl.ClientToProxyConnection - (AWAITING_INITIAL) [id: 0xe726451f, /127.0.0.1:54145 => /127.0.1.1:45224]: Handling last chunk. Using normal server connection closing rules.
11:39:50.528 [LittleProxy-ProxyToServerWorker-2] DEBUG o.l.p.impl.ClientToProxyConnection - (AWAITING_INITIAL) [id: 0xe726451f, /127.0.0.1:54145 => /127.0.1.1:45224]: Not closing server connection for response: DefaultHttpResponse(decodeResult: success, version: HTTP/1.1)
HTTP/1.1 200 OK
Accept-Ranges: bytes
Date: Tue, 08 Sep 2015 10:39:50 GMT
Cache-Control: public, max-age=0
Last-Modified: Thu, 13 Feb 2014 17:24:59 GMT
ETag: W/"cdQbSJ/bb2lUPMGpPKEjxw=="
Content-Type: text/css; charset=UTF-8
Content-Length: 121220
Connection: keep-alive
11:39:50.528 [LittleProxy-ProxyToServerWorker-2] DEBUG o.l.p.impl.ClientToProxyConnection - (AWAITING_INITIAL) [id: 0xe726451f, /127.0.0.1:54145 => /127.0.1.1:45224]: Handling last chunk. Using normal client connection closing rules.
11:39:50.528 [LittleProxy-ClientToProxyWorker-2] DEBUG o.l.p.impl.ClientToProxyConnection - (AWAITING_INITIAL) [id: 0xe726451f, /127.0.0.1:54145 => /127.0.1.1:45224]: Reading: HttpObjectAggregator$AggregatedFullHttpRequest(decodeResult: success, version: HTTP/1.1, content: CompositeByteBuf(ridx: 0, widx: 0, cap: 0, components=0))
GET http://localhost:9000/bower_components/jquery-ui/themes/base/theme.css HTTP/1.1
Host: localhost:9000
Proxy-Connection: keep-alive
Accept: text/css,*/*;q=0.1
User-Agent: Mozilla/5.0 (X11; Linux x86_64) AppleWebKit/537.36 (KHTML, like Gecko) Chrome/44.0.2403.130 Safari/537.36
Referer: http://localhost:9000/
Accept-Encoding: gzip, deflate, sdch
Accept-Language: en-GB,en-US;q=0.8,en;q=0.6
Content-Length: 0
11:39:50.528 [LittleProxy-ClientToProxyWorker-2] DEBUG o.l.p.impl.ClientToProxyConnection - (AWAITING_INITIAL) [id: 0xe726451f, /127.0.0.1:54145 => /127.0.1.1:45224]: Got request: HttpObjectAggregator$AggregatedFullHttpRequest(decodeResult: success, version: HTTP/1.1, content: CompositeByteBuf(ridx: 0, widx: 0, cap: 0, components=0))
GET http://localhost:9000/bower_components/jquery-ui/themes/base/theme.css HTTP/1.1
Host: localhost:9000
Proxy-Connection: keep-alive
Accept: text/css,*/*;q=0.1
User-Agent: Mozilla/5.0 (X11; Linux x86_64) AppleWebKit/537.36 (KHTML, like Gecko) Chrome/44.0.2403.130 Safari/537.36
Referer: http://localhost:9000/
Accept-Encoding: gzip, deflate, sdch
Accept-Language: en-GB,en-US;q=0.8,en;q=0.6
Content-Length: 0
11:39:50.529 [LittleProxy-ProxyToServerWorker-2] DEBUG o.l.p.impl.ClientToProxyConnection - (AWAITING_INITIAL) [id: 0xe726451f, /127.0.0.1:54145 => /127.0.1.1:45224]: Not closing client connection for request: [FAILED toString()]
11:39:50.529 [LittleProxy-ClientToProxyWorker-2] DEBUG o.l.p.impl.ClientToProxyConnection - (AWAITING_INITIAL) [id: 0xe726451f, /127.0.0.1:54145 => /127.0.1.1:45224]: Ensuring that hostAndPort are available in http://localhost:9000/bower_components/jquery-ui/themes/base/theme.css
11:39:50.529 [LittleProxy-ClientToProxyWorker-2] DEBUG o.l.p.impl.ClientToProxyConnection - (AWAITING_INITIAL) [id: 0xe726451f, /127.0.0.1:54145 => /127.0.1.1:45224]: Finding ProxyToServerConnection for: localhost:9000
11:39:50.529 [LittleProxy-ClientToProxyWorker-2] DEBUG o.l.p.impl.ClientToProxyConnection - (AWAITING_INITIAL) [id: 0xe726451f, /127.0.0.1:54145 => /127.0.1.1:45224]: Reusing existing server connection: org.littleshoot.proxy.impl.ProxyToServerConnection@210dcfa0
11:39:50.529 [LittleProxy-ClientToProxyWorker-2] DEBUG o.l.p.impl.ClientToProxyConnection - (AWAITING_INITIAL) [id: 0xe726451f, /127.0.0.1:54145 => /127.0.1.1:45224]: Modifying request headers for proxying
11:39:50.529 [LittleProxy-ClientToProxyWorker-2] DEBUG o.l.p.impl.ClientToProxyConnection - (AWAITING_INITIAL) [id: 0xe726451f, /127.0.0.1:54145 => /127.0.1.1:45224]: Modifying request for proxy chaining
11:39:50.529 [LittleProxy-ClientToProxyWorker-2] DEBUG o.l.p.impl.ClientToProxyConnection - (AWAITING_INITIAL) [id: 0xe726451f, /127.0.0.1:54145 => /127.0.1.1:45224]: Stripped host from uri: http://localhost:9000/bower_components/jquery-ui/themes/base/theme.css    yielding: /bower_components/jquery-ui/themes/base/theme.css
11:39:50.529 [LittleProxy-ClientToProxyWorker-2] DEBUG o.l.p.impl.ClientToProxyConnection - (AWAITING_INITIAL) [id: 0xe726451f, /127.0.0.1:54145 => /127.0.1.1:45224]: Removed sdch and inserted: gzip, deflate, 
11:39:50.529 [LittleProxy-ClientToProxyWorker-2] DEBUG o.l.p.impl.ClientToProxyConnection - (AWAITING_INITIAL) [id: 0xe726451f, /127.0.0.1:54145 => /127.0.1.1:45224]: Writing request to ProxyToServerConnection
11:39:50.529 [LittleProxy-ClientToProxyWorker-2] DEBUG o.l.p.impl.ProxyToServerConnection - (AWAITING_INITIAL) [id: 0x9953b61f, /127.0.0.1:35274 => localhost/127.0.0.1:9000]: Requested write of HttpObjectAggregator$AggregatedFullHttpRequest(decodeResult: success, version: HTTP/1.1, content: CompositeByteBuf(ridx: 0, widx: 0, cap: 0, components=0))
GET /bower_components/jquery-ui/themes/base/theme.css HTTP/1.1
Host: localhost:9000
Accept: text/css,*/*;q=0.1
User-Agent: Mozilla/5.0 (X11; Linux x86_64) AppleWebKit/537.36 (KHTML, like Gecko) Chrome/44.0.2403.130 Safari/537.36
Referer: http://localhost:9000/
Accept-Language: en-GB,en-US;q=0.8,en;q=0.6
Content-Length: 0
Accept-Encoding: gzip, deflate, 
Via: 1.1 localhost.localdomain
11:39:50.529 [LittleProxy-ClientToProxyWorker-2] DEBUG o.l.p.impl.ProxyToServerConnection - (AWAITING_INITIAL) [id: 0x9953b61f, /127.0.0.1:35274 => localhost/127.0.0.1:9000]: Retaining reference counted message
11:39:50.529 [LittleProxy-ClientToProxyWorker-2] DEBUG o.l.p.impl.ProxyToServerConnection - (AWAITING_INITIAL) [id: 0x9953b61f, /127.0.0.1:35274 => localhost/127.0.0.1:9000]: Using existing connection to: localhost/127.0.0.1:9000
11:39:50.529 [LittleProxy-ClientToProxyWorker-2] DEBUG o.l.p.impl.ProxyToServerConnection - (AWAITING_INITIAL) [id: 0x9953b61f, /127.0.0.1:35274 => localhost/127.0.0.1:9000]: Writing: HttpObjectAggregator$AggregatedFullHttpRequest(decodeResult: success, version: HTTP/1.1, content: CompositeByteBuf(ridx: 0, widx: 0, cap: 0, components=0))
GET /bower_components/jquery-ui/themes/base/theme.css HTTP/1.1
Host: localhost:9000
Accept: text/css,*/*;q=0.1
User-Agent: Mozilla/5.0 (X11; Linux x86_64) AppleWebKit/537.36 (KHTML, like Gecko) Chrome/44.0.2403.130 Safari/537.36
Referer: http://localhost:9000/
Accept-Language: en-GB,en-US;q=0.8,en;q=0.6
Content-Length: 0
Accept-Encoding: gzip, deflate, 
Via: 1.1 localhost.localdomain
11:39:50.529 [LittleProxy-ClientToProxyWorker-2] DEBUG o.l.p.impl.ProxyToServerConnection - (AWAITING_INITIAL) [id: 0x9953b61f, /127.0.0.1:35274 => localhost/127.0.0.1:9000]: Writing an empty buffer to signal the end of our chunked transfer
11:39:50.529 [LittleProxy-ClientToProxyWorker-2] DEBUG o.l.p.impl.ProxyToServerConnection - (AWAITING_INITIAL) [id: 0x9953b61f, /127.0.0.1:35274 => localhost/127.0.0.1:9000]: Wrote: HttpObjectAggregator$AggregatedFullHttpRequest(decodeResult: success, version: HTTP/1.1, content: CompositeByteBuf(ridx: 0, widx: 0, cap: 0, components=0))
GET /bower_components/jquery-ui/themes/base/theme.css HTTP/1.1
Host: localhost:9000
Accept: text/css,*/*;q=0.1
User-Agent: Mozilla/5.0 (X11; Linux x86_64) AppleWebKit/537.36 (KHTML, like Gecko) Chrome/44.0.2403.130 Safari/537.36
Referer: http://localhost:9000/
Accept-Language: en-GB,en-US;q=0.8,en;q=0.6
Content-Length: 0
Accept-Encoding: gzip, deflate, 
Via: 1.1 localhost.localdomain
11:39:50.546 [LittleProxy-ProxyToServerWorker-4] DEBUG o.l.p.impl.ProxyToServerConnection - (CONNECTING) [id: 0xb51d3331, /127.0.0.1:35284 => localhost/127.0.0.1:9000]: ConnectionFlowStep succeeded
11:39:50.546 [LittleProxy-ProxyToServerWorker-4] DEBUG o.l.p.impl.ProxyToServerConnection - (CONNECTING) [id: 0xb51d3331, /127.0.0.1:35284 => localhost/127.0.0.1:9000]: Connection flow completed successfully: null
11:39:50.547 [LittleProxy-ProxyToServerWorker-4] DEBUG o.l.p.impl.ClientToProxyConnection - (AWAITING_INITIAL) [id: 0x1e5765f0, /127.0.0.1:54148 => /127.0.1.1:45224]: Connection to server succeeded: localhost/127.0.0.1:9000
11:39:50.547 [LittleProxy-ProxyToServerWorker-4] DEBUG o.l.p.impl.ClientToProxyConnection - (AWAITING_INITIAL) [id: 0x1e5765f0, /127.0.0.1:54148 => /127.0.1.1:45224]: All servers have finished attempting to connect, resuming reading from client.
11:39:50.547 [LittleProxy-ProxyToServerWorker-4] DEBUG o.l.p.impl.ClientToProxyConnection - (AWAITING_INITIAL) [id: 0x1e5765f0, /127.0.0.1:54148 => /127.0.1.1:45224]: Resumed reading
11:39:50.547 [LittleProxy-ProxyToServerWorker-4] DEBUG o.l.p.impl.ProxyToServerConnection - (AWAITING_INITIAL) [id: 0xb51d3331, /127.0.0.1:35284 => localhost/127.0.0.1:9000]: Writing initial request: HttpObjectAggregator$AggregatedFullHttpRequest(decodeResult: success, version: HTTP/1.1, content: CompositeByteBuf(ridx: 0, widx: 0, cap: 0, components=0))
GET /bower_components/angular-dialog-service/dist/dialogs.min.css HTTP/1.1
Host: localhost:9000
Accept: text/css,*/*;q=0.1
User-Agent: Mozilla/5.0 (X11; Linux x86_64) AppleWebKit/537.36 (KHTML, like Gecko) Chrome/44.0.2403.130 Safari/537.36
Referer: http://localhost:9000/
Accept-Language: en-GB,en-US;q=0.8,en;q=0.6
Content-Length: 0
Accept-Encoding: gzip, deflate, 
Via: 1.1 localhost.localdomain
11:39:50.547 [LittleProxy-ProxyToServerWorker-4] DEBUG o.l.p.impl.ProxyToServerConnection - (AWAITING_INITIAL) [id: 0xb51d3331, /127.0.0.1:35284 => localhost/127.0.0.1:9000]: Requested write of HttpObjectAggregator$AggregatedFullHttpRequest(decodeResult: success, version: HTTP/1.1, content: CompositeByteBuf(ridx: 0, widx: 0, cap: 0, components=0))
GET /bower_components/angular-dialog-service/dist/dialogs.min.css HTTP/1.1
Host: localhost:9000
Accept: text/css,*/*;q=0.1
User-Agent: Mozilla/5.0 (X11; Linux x86_64) AppleWebKit/537.36 (KHTML, like Gecko) Chrome/44.0.2403.130 Safari/537.36
Referer: http://localhost:9000/
Accept-Language: en-GB,en-US;q=0.8,en;q=0.6
Content-Length: 0
Accept-Encoding: gzip, deflate, 
Via: 1.1 localhost.localdomain
11:39:50.547 [LittleProxy-ProxyToServerWorker-4] DEBUG o.l.p.impl.ProxyToServerConnection - (AWAITING_INITIAL) [id: 0xb51d3331, /127.0.0.1:35284 => localhost/127.0.0.1:9000]: Retaining reference counted message
11:39:50.547 [LittleProxy-ProxyToServerWorker-4] DEBUG o.l.p.impl.ProxyToServerConnection - (AWAITING_INITIAL) [id: 0xb51d3331, /127.0.0.1:35284 => localhost/127.0.0.1:9000]: Using existing connection to: localhost/127.0.0.1:9000
11:39:50.547 [LittleProxy-ProxyToServerWorker-4] DEBUG o.l.p.impl.ProxyToServerConnection - (AWAITING_INITIAL) [id: 0xb51d3331, /127.0.0.1:35284 => localhost/127.0.0.1:9000]: Writing: HttpObjectAggregator$AggregatedFullHttpRequest(decodeResult: success, version: HTTP/1.1, content: CompositeByteBuf(ridx: 0, widx: 0, cap: 0, components=0))
GET /bower_components/angular-dialog-service/dist/dialogs.min.css HTTP/1.1
Host: localhost:9000
Accept: text/css,*/*;q=0.1
User-Agent: Mozilla/5.0 (X11; Linux x86_64) AppleWebKit/537.36 (KHTML, like Gecko) Chrome/44.0.2403.130 Safari/537.36
Referer: http://localhost:9000/
Accept-Language: en-GB,en-US;q=0.8,en;q=0.6
Content-Length: 0
Accept-Encoding: gzip, deflate, 
Via: 1.1 localhost.localdomain
11:39:50.547 [LittleProxy-ProxyToServerWorker-4] DEBUG o.l.p.impl.ProxyToServerConnection - (AWAITING_INITIAL) [id: 0xb51d3331, /127.0.0.1:35284 => localhost/127.0.0.1:9000]: Writing an empty buffer to signal the end of our chunked transfer
11:39:50.548 [LittleProxy-ProxyToServerWorker-4] DEBUG o.l.p.impl.ProxyToServerConnection - (AWAITING_INITIAL) [id: 0xb51d3331, /127.0.0.1:35284 => localhost/127.0.0.1:9000]: Wrote: HttpObjectAggregator$AggregatedFullHttpRequest(decodeResult: success, version: HTTP/1.1, content: CompositeByteBuf(ridx: 0, widx: 0, cap: 0, components=0))
GET /bower_components/angular-dialog-service/dist/dialogs.min.css HTTP/1.1
Host: localhost:9000
Accept: text/css,*/*;q=0.1
User-Agent: Mozilla/5.0 (X11; Linux x86_64) AppleWebKit/537.36 (KHTML, like Gecko) Chrome/44.0.2403.130 Safari/537.36
Referer: http://localhost:9000/
Accept-Language: en-GB,en-US;q=0.8,en;q=0.6
Content-Length: 0
Accept-Encoding: gzip, deflate, 
Via: 1.1 localhost.localdomain
11:39:50.548 [LittleProxy-ProxyToServerWorker-4] DEBUG o.l.p.impl.ProxyToServerConnection - (AWAITING_INITIAL) [id: 0xb51d3331, /127.0.0.1:35284 => localhost/127.0.0.1:9000]: Connected
11:39:50.563 [LittleProxy-ProxyToServerWorker-7] DEBUG o.l.p.impl.ProxyToServerConnection - (AWAITING_CHUNK) [id: 0x700df78a, /127.0.0.1:35283 => localhost/127.0.0.1:9000]: Reading: DefaultHttpContent(data: SlicedByteBuf(ridx: 0, widx: 16384, cap: 16384/16384, unwrapped: UnpooledUnsafeDirectByteBuf(ridx: 16384, widx: 16384, cap: 16384)), decoderResult: success)
11:39:50.563 [LittleProxy-ProxyToServerWorker-7] DEBUG o.l.p.impl.ClientToProxyConnection - (AWAITING_INITIAL) [id: 0x4dc93f85, /127.0.0.1:54147 => /127.0.1.1:45224]: Retaining reference counted message
11:39:50.563 [LittleProxy-ProxyToServerWorker-5] DEBUG o.l.p.impl.ProxyToServerConnection - (AWAITING_INITIAL) [id: 0x97bd59d1, /127.0.0.1:35281 => localhost/127.0.0.1:9000]: Remembering the current request.
11:39:50.563 [LittleProxy-ProxyToServerWorker-7] DEBUG o.l.p.impl.ClientToProxyConnection - (AWAITING_INITIAL) [id: 0x4dc93f85, /127.0.0.1:54147 => /127.0.1.1:45224]: Writing: DefaultHttpContent(data: SlicedByteBuf(ridx: 0, widx: 16384, cap: 16384/16384, unwrapped: UnpooledUnsafeDirectByteBuf(ridx: 16384, widx: 16384, cap: 16384)), decoderResult: success)
11:39:50.563 [LittleProxy-ProxyToServerWorker-7] DEBUG o.l.p.impl.ClientToProxyConnection - (AWAITING_INITIAL) [id: 0x4dc93f85, /127.0.0.1:54147 => /127.0.1.1:45224]: Wrote: DefaultHttpContent(data: SlicedByteBuf(ridx: 0, widx: 16384, cap: 16384/16384, unwrapped: UnpooledUnsafeDirectByteBuf(ridx: 16384, widx: 16384, cap: 16384)), decoderResult: success)
11:39:50.563 [LittleProxy-ProxyToServerWorker-7] DEBUG o.l.p.impl.ClientToProxyConnection - (AWAITING_INITIAL) [id: 0x4dc93f85, /127.0.0.1:54147 => /127.0.1.1:45224]: Not closing server connection on middle chunk for /bower_components/json3/lib/json3.js
11:39:50.563 [LittleProxy-ProxyToServerWorker-7] DEBUG o.l.p.impl.ClientToProxyConnection - (AWAITING_INITIAL) [id: 0x4dc93f85, /127.0.0.1:54147 => /127.0.1.1:45224]: Not closing client connection on middle chunk for /bower_components/json3/lib/json3.js
11:39:50.563 [LittleProxy-ProxyToServerWorker-7] DEBUG o.l.p.impl.ProxyToServerConnection - (AWAITING_CHUNK) [id: 0x700df78a, /127.0.0.1:35283 => localhost/127.0.0.1:9000]: Reading: DefaultHttpContent(data: SlicedByteBuf(ridx: 0, widx: 16384, cap: 16384/16384, unwrapped: UnpooledUnsafeDirectByteBuf(ridx: 16384, widx: 16384, cap: 16384)), decoderResult: success)
11:39:50.563 [LittleProxy-ProxyToServerWorker-7] DEBUG o.l.p.impl.ClientToProxyConnection - (AWAITING_INITIAL) [id: 0x4dc93f85, /127.0.0.1:54147 => /127.0.1.1:45224]: Retaining reference counted message
11:39:50.563 [LittleProxy-ProxyToServerWorker-7] DEBUG o.l.p.impl.ClientToProxyConnection - (AWAITING_INITIAL) [id: 0x4dc93f85, /127.0.0.1:54147 => /127.0.1.1:45224]: Writing: DefaultHttpContent(data: SlicedByteBuf(ridx: 0, widx: 16384, cap: 16384/16384, unwrapped: UnpooledUnsafeDirectByteBuf(ridx: 16384, widx: 16384, cap: 16384)), decoderResult: success)
11:39:50.563 [LittleProxy-ProxyToServerWorker-7] DEBUG o.l.p.impl.ClientToProxyConnection - (AWAITING_INITIAL) [id: 0x4dc93f85, /127.0.0.1:54147 => /127.0.1.1:45224]: Wrote: DefaultHttpContent(data: SlicedByteBuf(ridx: 0, widx: 16384, cap: 16384/16384, unwrapped: UnpooledUnsafeDirectByteBuf(ridx: 16384, widx: 16384, cap: 16384)), decoderResult: success)
11:39:50.563 [LittleProxy-ProxyToServerWorker-7] DEBUG o.l.p.impl.ClientToProxyConnection - (AWAITING_INITIAL) [id: 0x4dc93f85, /127.0.0.1:54147 => /127.0.1.1:45224]: Not closing server connection on middle chunk for /bower_components/json3/lib/json3.js
11:39:50.564 [LittleProxy-ProxyToServerWorker-7] DEBUG o.l.p.impl.ClientToProxyConnection - (AWAITING_INITIAL) [id: 0x4dc93f85, /127.0.0.1:54147 => /127.0.1.1:45224]: Not closing client connection on middle chunk for /bower_components/json3/lib/json3.js
11:39:50.564 [LittleProxy-ProxyToServerWorker-5] DEBUG o.l.p.impl.ProxyToServerConnection - (AWAITING_INITIAL) [id: 0x97bd59d1, /127.0.0.1:35281 => localhost/127.0.0.1:9000]: Reading: DefaultHttpResponse(decodeResult: success, version: HTTP/1.1)
HTTP/1.1 200 OK
Accept-Ranges: bytes
Date: Tue, 08 Sep 2015 10:39:50 GMT
Cache-Control: public, max-age=0
Last-Modified: Fri, 17 Oct 2014 06:40:12 GMT
ETag: W/"FHYtTDC+HpsR6J09Mm7/Xw=="
Content-Type: text/css; charset=UTF-8
Content-Length: 729
Connection: keep-alive
11:39:50.564 [LittleProxy-ProxyToServerWorker-7] DEBUG o.l.p.impl.ProxyToServerConnection - (AWAITING_CHUNK) [id: 0x700df78a, /127.0.0.1:35283 => localhost/127.0.0.1:9000]: Reading: DefaultLastHttpContent(data: SlicedByteBuf(ridx: 0, widx: 10528, cap: 10528/10528, unwrapped: UnpooledUnsafeDirectByteBuf(ridx: 10528, widx: 10528, cap: 16384)), decoderResult: success)
11:39:50.564 [LittleProxy-ProxyToServerWorker-5] DEBUG o.l.p.impl.ProxyToServerConnection - (AWAITING_INITIAL) [id: 0x97bd59d1, /127.0.0.1:35281 => localhost/127.0.0.1:9000]: Received raw response: DefaultHttpResponse(decodeResult: success, version: HTTP/1.1)
HTTP/1.1 200 OK
Accept-Ranges: bytes
Date: Tue, 08 Sep 2015 10:39:50 GMT
Cache-Control: public, max-age=0
Last-Modified: Fri, 17 Oct 2014 06:40:12 GMT
ETag: W/"FHYtTDC+HpsR6J09Mm7/Xw=="
Content-Type: text/css; charset=UTF-8
Content-Length: 729
Connection: keep-alive
11:39:50.564 [LittleProxy-ProxyToServerWorker-7] DEBUG o.l.p.impl.ClientToProxyConnection - (AWAITING_INITIAL) [id: 0x4dc93f85, /127.0.0.1:54147 => /127.0.1.1:45224]: Retaining reference counted message
11:39:50.564 [LittleProxy-ProxyToServerWorker-5] DEBUG o.l.p.impl.ProxyToServerConnection - (AWAITING_INITIAL) [id: 0x97bd59d1, /127.0.0.1:35281 => localhost/127.0.0.1:9000]: Remembering the current response.
11:39:50.564 [LittleProxy-ProxyToServerWorker-7] DEBUG o.l.p.impl.ClientToProxyConnection - (AWAITING_INITIAL) [id: 0x4dc93f85, /127.0.0.1:54147 => /127.0.1.1:45224]: Writing: DefaultLastHttpContent(data: SlicedByteBuf(ridx: 0, widx: 10528, cap: 10528/10528, unwrapped: UnpooledUnsafeDirectByteBuf(ridx: 10528, widx: 10528, cap: 16384)), decoderResult: success)
11:39:50.564 [LittleProxy-ProxyToServerWorker-7] DEBUG o.l.p.impl.ClientToProxyConnection - (AWAITING_INITIAL) [id: 0x4dc93f85, /127.0.0.1:54147 => /127.0.1.1:45224]: Writing an empty buffer to signal the end of our chunked transfer
11:39:50.564 [LittleProxy-ProxyToServerWorker-7] DEBUG o.l.p.impl.ClientToProxyConnection - (AWAITING_INITIAL) [id: 0x4dc93f85, /127.0.0.1:54147 => /127.0.1.1:45224]: Wrote: DefaultLastHttpContent(data: SlicedByteBuf(ridx: 0, widx: 10528, cap: 10528/10528, unwrapped: UnpooledUnsafeDirectByteBuf(ridx: 10528, widx: 10528, cap: 16384)), decoderResult: success)
11:39:50.564 [LittleProxy-ProxyToServerWorker-7] DEBUG o.l.p.impl.ClientToProxyConnection - (AWAITING_INITIAL) [id: 0x4dc93f85, /127.0.0.1:54147 => /127.0.1.1:45224]: Retaining reference counted message
11:39:50.564 [LittleProxy-ProxyToServerWorker-7] DEBUG o.l.p.impl.ClientToProxyConnection - (AWAITING_INITIAL) [id: 0x4dc93f85, /127.0.0.1:54147 => /127.0.1.1:45224]: Writing: EmptyByteBufBE
11:39:50.564 [LittleProxy-ProxyToServerWorker-7] DEBUG o.l.p.impl.ClientToProxyConnection - (AWAITING_INITIAL) [id: 0x4dc93f85, /127.0.0.1:54147 => /127.0.1.1:45224]: Wrote: EmptyByteBufBE
11:39:50.564 [LittleProxy-ProxyToServerWorker-7] DEBUG o.l.p.impl.ClientToProxyConnection - (AWAITING_INITIAL) [id: 0x4dc93f85, /127.0.0.1:54147 => /127.0.1.1:45224]: Handling last chunk. Using normal server connection closing rules.
11:39:50.564 [LittleProxy-ProxyToServerWorker-7] DEBUG o.l.p.impl.ClientToProxyConnection - (AWAITING_INITIAL) [id: 0x4dc93f85, /127.0.0.1:54147 => /127.0.1.1:45224]: Not closing server connection for response: DefaultHttpResponse(decodeResult: success, version: HTTP/1.1)
HTTP/1.1 200 OK
Accept-Ranges: bytes
Date: Tue, 08 Sep 2015 10:39:50 GMT
Cache-Control: public, max-age=0
Last-Modified: Sun, 22 Jun 2014 21:22:06 GMT
ETag: W/"Vmq8lb5blRynKgwp7vz37w=="
Content-Type: application/javascript
Content-Length: 43296
Connection: keep-alive
11:39:50.564 [LittleProxy-ProxyToServerWorker-7] DEBUG o.l.p.impl.ClientToProxyConnection - (AWAITING_INITIAL) [id: 0x4dc93f85, /127.0.0.1:54147 => /127.0.1.1:45224]: Handling last chunk. Using normal client connection closing rules.
11:39:50.564 [LittleProxy-ProxyToServerWorker-5] DEBUG o.l.p.impl.ClientToProxyConnection - (AWAITING_INITIAL) [id: 0xa74abe3b, /127.0.0.1:54151 => /127.0.1.1:45224]: Writing: DefaultHttpResponse(decodeResult: success, version: HTTP/1.1)
HTTP/1.1 200 OK
Accept-Ranges: bytes
Date: Tue, 08 Sep 2015 10:39:50 GMT
Cache-Control: public, max-age=0
Last-Modified: Fri, 17 Oct 2014 06:40:12 GMT
ETag: W/"FHYtTDC+HpsR6J09Mm7/Xw=="
Content-Type: text/css; charset=UTF-8
Content-Length: 729
Via: 1.1 localhost.localdomain
11:39:50.565 [LittleProxy-ClientToProxyWorker-3] DEBUG o.l.p.impl.ClientToProxyConnection - (AWAITING_INITIAL) [id: 0x4dc93f85, /127.0.0.1:54147 => /127.0.1.1:45224]: Reading: HttpObjectAggregator$AggregatedFullHttpRequest(decodeResult: success, version: HTTP/1.1, content: CompositeByteBuf(ridx: 0, widx: 0, cap: 0, components=0))
GET http://localhost:9000/bower_components/angular-resource/angular-resource.js HTTP/1.1
Host: localhost:9000
Proxy-Connection: keep-alive
Accept: */*
User-Agent: Mozilla/5.0 (X11; Linux x86_64) AppleWebKit/537.36 (KHTML, like Gecko) Chrome/44.0.2403.130 Safari/537.36
Referer: http://localhost:9000/
Accept-Encoding: gzip, deflate, sdch
Accept-Language: en-GB,en-US;q=0.8,en;q=0.6
Content-Length: 0
11:39:50.565 [LittleProxy-ClientToProxyWorker-3] DEBUG o.l.p.impl.ClientToProxyConnection - (AWAITING_INITIAL) [id: 0x4dc93f85, /127.0.0.1:54147 => /127.0.1.1:45224]: Got request: HttpObjectAggregator$AggregatedFullHttpRequest(decodeResult: success, version: HTTP/1.1, content: CompositeByteBuf(ridx: 0, widx: 0, cap: 0, components=0))
GET http://localhost:9000/bower_components/angular-resource/angular-resource.js HTTP/1.1
Host: localhost:9000
Proxy-Connection: keep-alive
Accept: */*
User-Agent: Mozilla/5.0 (X11; Linux x86_64) AppleWebKit/537.36 (KHTML, like Gecko) Chrome/44.0.2403.130 Safari/537.36
Referer: http://localhost:9000/
Accept-Encoding: gzip, deflate, sdch
Accept-Language: en-GB,en-US;q=0.8,en;q=0.6
Content-Length: 0
11:39:50.565 [LittleProxy-ProxyToServerWorker-7] DEBUG o.l.p.impl.ClientToProxyConnection - (AWAITING_INITIAL) [id: 0x4dc93f85, /127.0.0.1:54147 => /127.0.1.1:45224]: Not closing client connection for request: [FAILED toString()]
11:39:50.565 [LittleProxy-ClientToProxyWorker-3] DEBUG o.l.p.impl.ClientToProxyConnection - (AWAITING_INITIAL) [id: 0x4dc93f85, /127.0.0.1:54147 => /127.0.1.1:45224]: Ensuring that hostAndPort are available in http://localhost:9000/bower_components/angular-resource/angular-resource.js
11:39:50.565 [LittleProxy-ClientToProxyWorker-3] DEBUG o.l.p.impl.ClientToProxyConnection - (AWAITING_INITIAL) [id: 0x4dc93f85, /127.0.0.1:54147 => /127.0.1.1:45224]: Finding ProxyToServerConnection for: localhost:9000
11:39:50.565 [LittleProxy-ClientToProxyWorker-3] DEBUG o.l.p.impl.ClientToProxyConnection - (AWAITING_INITIAL) [id: 0x4dc93f85, /127.0.0.1:54147 => /127.0.1.1:45224]: Reusing existing server connection: org.littleshoot.proxy.impl.ProxyToServerConnection@2cc0768d
11:39:50.565 [LittleProxy-ClientToProxyWorker-3] DEBUG o.l.p.impl.ClientToProxyConnection - (AWAITING_INITIAL) [id: 0x4dc93f85, /127.0.0.1:54147 => /127.0.1.1:45224]: Modifying request headers for proxying
11:39:50.565 [LittleProxy-ClientToProxyWorker-3] DEBUG o.l.p.impl.ClientToProxyConnection - (AWAITING_INITIAL) [id: 0x4dc93f85, /127.0.0.1:54147 => /127.0.1.1:45224]: Modifying request for proxy chaining
11:39:50.565 [LittleProxy-ClientToProxyWorker-3] DEBUG o.l.p.impl.ClientToProxyConnection - (AWAITING_INITIAL) [id: 0x4dc93f85, /127.0.0.1:54147 => /127.0.1.1:45224]: Stripped host from uri: http://localhost:9000/bower_components/angular-resource/angular-resource.js    yielding: /bower_components/angular-resource/angular-resource.js
11:39:50.565 [LittleProxy-ClientToProxyWorker-3] DEBUG o.l.p.impl.ClientToProxyConnection - (AWAITING_INITIAL) [id: 0x4dc93f85, /127.0.0.1:54147 => /127.0.1.1:45224]: Removed sdch and inserted: gzip, deflate, 
11:39:50.565 [LittleProxy-ClientToProxyWorker-3] DEBUG o.l.p.impl.ClientToProxyConnection - (AWAITING_INITIAL) [id: 0x4dc93f85, /127.0.0.1:54147 => /127.0.1.1:45224]: Writing request to ProxyToServerConnection
11:39:50.566 [LittleProxy-ClientToProxyWorker-3] DEBUG o.l.p.impl.ProxyToServerConnection - (AWAITING_INITIAL) [id: 0x700df78a, /127.0.0.1:35283 => localhost/127.0.0.1:9000]: Requested write of HttpObjectAggregator$AggregatedFullHttpRequest(decodeResult: success, version: HTTP/1.1, content: CompositeByteBuf(ridx: 0, widx: 0, cap: 0, components=0))
GET /bower_components/angular-resource/angular-resource.js HTTP/1.1
Host: localhost:9000
Accept: */*
User-Agent: Mozilla/5.0 (X11; Linux x86_64) AppleWebKit/537.36 (KHTML, like Gecko) Chrome/44.0.2403.130 Safari/537.36
Referer: http://localhost:9000/
Accept-Language: en-GB,en-US;q=0.8,en;q=0.6
Content-Length: 0
Accept-Encoding: gzip, deflate, 
Via: 1.1 localhost.localdomain
11:39:50.566 [LittleProxy-ClientToProxyWorker-3] DEBUG o.l.p.impl.ProxyToServerConnection - (AWAITING_INITIAL) [id: 0x700df78a, /127.0.0.1:35283 => localhost/127.0.0.1:9000]: Retaining reference counted message
11:39:50.566 [LittleProxy-ClientToProxyWorker-3] DEBUG o.l.p.impl.ProxyToServerConnection - (AWAITING_INITIAL) [id: 0x700df78a, /127.0.0.1:35283 => localhost/127.0.0.1:9000]: Using existing connection to: localhost/127.0.0.1:9000
11:39:50.566 [LittleProxy-ClientToProxyWorker-3] DEBUG o.l.p.impl.ProxyToServerConnection - (AWAITING_INITIAL) [id: 0x700df78a, /127.0.0.1:35283 => localhost/127.0.0.1:9000]: Writing: HttpObjectAggregator$AggregatedFullHttpRequest(decodeResult: success, version: HTTP/1.1, content: CompositeByteBuf(ridx: 0, widx: 0, cap: 0, components=0))
GET /bower_components/angular-resource/angular-resource.js HTTP/1.1
Host: localhost:9000
Accept: */*
User-Agent: Mozilla/5.0 (X11; Linux x86_64) AppleWebKit/537.36 (KHTML, like Gecko) Chrome/44.0.2403.130 Safari/537.36
Referer: http://localhost:9000/
Accept-Language: en-GB,en-US;q=0.8,en;q=0.6
Content-Length: 0
Accept-Encoding: gzip, deflate, 
Via: 1.1 localhost.localdomain
11:39:50.566 [LittleProxy-ClientToProxyWorker-3] DEBUG o.l.p.impl.ProxyToServerConnection - (AWAITING_INITIAL) [id: 0x700df78a, /127.0.0.1:35283 => localhost/127.0.0.1:9000]: Writing an empty buffer to signal the end of our chunked transfer
11:39:50.566 [LittleProxy-ProxyToServerWorker-2] DEBUG o.l.p.impl.ProxyToServerConnection - (AWAITING_INITIAL) [id: 0x9953b61f, /127.0.0.1:35274 => localhost/127.0.0.1:9000]: Remembering the current request.
11:39:50.566 [LittleProxy-ClientToProxyWorker-3] DEBUG o.l.p.impl.ProxyToServerConnection - (AWAITING_INITIAL) [id: 0x700df78a, /127.0.0.1:35283 => localhost/127.0.0.1:9000]: Wrote: HttpObjectAggregator$AggregatedFullHttpRequest(decodeResult: success, version: HTTP/1.1, content: CompositeByteBuf(ridx: 0, widx: 0, cap: 0, components=0))
GET /bower_components/angular-resource/angular-resource.js HTTP/1.1
Host: localhost:9000
Accept: */*
User-Agent: Mozilla/5.0 (X11; Linux x86_64) AppleWebKit/537.36 (KHTML, like Gecko) Chrome/44.0.2403.130 Safari/537.36
Referer: http://localhost:9000/
Accept-Language: en-GB,en-US;q=0.8,en;q=0.6
Content-Length: 0
Accept-Encoding: gzip, deflate, 
Via: 1.1 localhost.localdomain
11:39:50.566 [LittleProxy-ProxyToServerWorker-2] DEBUG o.l.p.impl.ProxyToServerConnection - (AWAITING_INITIAL) [id: 0x9953b61f, /127.0.0.1:35274 => localhost/127.0.0.1:9000]: Reading: DefaultHttpResponse(decodeResult: success, version: HTTP/1.1)
HTTP/1.1 200 OK
Accept-Ranges: bytes
Date: Tue, 08 Sep 2015 10:39:50 GMT
Cache-Control: public, max-age=0
Last-Modified: Fri, 17 Oct 2014 06:40:12 GMT
ETag: W/"LK1C4P742DeZ5ki0GqPgPA=="
Content-Type: text/css; charset=UTF-8
Content-Length: 17732
Connection: keep-alive
11:39:50.566 [LittleProxy-ProxyToServerWorker-2] DEBUG o.l.p.impl.ProxyToServerConnection - (AWAITING_INITIAL) [id: 0x9953b61f, /127.0.0.1:35274 => localhost/127.0.0.1:9000]: Received raw response: DefaultHttpResponse(decodeResult: success, version: HTTP/1.1)
HTTP/1.1 200 OK
Accept-Ranges: bytes
Date: Tue, 08 Sep 2015 10:39:50 GMT
Cache-Control: public, max-age=0
Last-Modified: Fri, 17 Oct 2014 06:40:12 GMT
ETag: W/"LK1C4P742DeZ5ki0GqPgPA=="
Content-Type: text/css; charset=UTF-8
Content-Length: 17732
Connection: keep-alive
11:39:50.566 [LittleProxy-ProxyToServerWorker-2] DEBUG o.l.p.impl.ProxyToServerConnection - (AWAITING_INITIAL) [id: 0x9953b61f, /127.0.0.1:35274 => localhost/127.0.0.1:9000]: Remembering the current response.
11:39:50.566 [LittleProxy-ProxyToServerWorker-5] DEBUG o.l.p.impl.ClientToProxyConnection - (AWAITING_INITIAL) [id: 0xa74abe3b, /127.0.0.1:54151 => /127.0.1.1:45224]: Wrote: DefaultHttpResponse(decodeResult: success, version: HTTP/1.1)
HTTP/1.1 200 OK
Accept-Ranges: bytes
Date: Tue, 08 Sep 2015 10:39:50 GMT
Cache-Control: public, max-age=0
Last-Modified: Fri, 17 Oct 2014 06:40:12 GMT
ETag: W/"FHYtTDC+HpsR6J09Mm7/Xw=="
Content-Type: text/css; charset=UTF-8
Content-Length: 729
Via: 1.1 localhost.localdomain
11:39:50.566 [LittleProxy-ProxyToServerWorker-5] DEBUG o.l.p.impl.ClientToProxyConnection - (AWAITING_INITIAL) [id: 0xa74abe3b, /127.0.0.1:54151 => /127.0.1.1:45224]: Not closing server connection on middle chunk for /bower_components/jquery-ui/themes/base/base.css
11:39:50.566 [LittleProxy-ProxyToServerWorker-5] DEBUG o.l.p.impl.ClientToProxyConnection - (AWAITING_INITIAL) [id: 0xa74abe3b, /127.0.0.1:54151 => /127.0.1.1:45224]: Not closing client connection on middle chunk for /bower_components/jquery-ui/themes/base/base.css
11:39:50.566 [LittleProxy-ProxyToServerWorker-2] DEBUG o.l.p.impl.ClientToProxyConnection - (AWAITING_INITIAL) [id: 0xe726451f, /127.0.0.1:54145 => /127.0.1.1:45224]: Writing: DefaultHttpResponse(decodeResult: success, version: HTTP/1.1)
HTTP/1.1 200 OK
Accept-Ranges: bytes
Date: Tue, 08 Sep 2015 10:39:50 GMT
Cache-Control: public, max-age=0
Last-Modified: Fri, 17 Oct 2014 06:40:12 GMT
ETag: W/"LK1C4P742DeZ5ki0GqPgPA=="
Content-Type: text/css; charset=UTF-8
Content-Length: 17732
Via: 1.1 localhost.localdomain
11:39:50.566 [LittleProxy-ProxyToServerWorker-2] DEBUG o.l.p.impl.ClientToProxyConnection - (AWAITING_INITIAL) [id: 0xe726451f, /127.0.0.1:54145 => /127.0.1.1:45224]: Wrote: DefaultHttpResponse(decodeResult: success, version: HTTP/1.1)
HTTP/1.1 200 OK
Accept-Ranges: bytes
Date: Tue, 08 Sep 2015 10:39:50 GMT
Cache-Control: public, max-age=0
Last-Modified: Fri, 17 Oct 2014 06:40:12 GMT
ETag: W/"LK1C4P742DeZ5ki0GqPgPA=="
Content-Type: text/css; charset=UTF-8
Content-Length: 17732
Via: 1.1 localhost.localdomain
11:39:50.566 [LittleProxy-ProxyToServerWorker-2] DEBUG o.l.p.impl.ClientToProxyConnection - (AWAITING_INITIAL) [id: 0xe726451f, /127.0.0.1:54145 => /127.0.1.1:45224]: Not closing server connection on middle chunk for /bower_components/jquery-ui/themes/base/theme.css
11:39:50.566 [LittleProxy-ProxyToServerWorker-2] DEBUG o.l.p.impl.ClientToProxyConnection - (AWAITING_INITIAL) [id: 0xe726451f, /127.0.0.1:54145 => /127.0.1.1:45224]: Not closing client connection on middle chunk for /bower_components/jquery-ui/themes/base/theme.css
11:39:50.575 [LittleProxy-ProxyToServerWorker-3] DEBUG o.l.p.impl.ProxyToServerConnection - (AWAITING_INITIAL) [id: 0xceaab001, /127.0.0.1:35280 => localhost/127.0.0.1:9000]: Remembering the current request.
11:39:50.575 [LittleProxy-ProxyToServerWorker-3] DEBUG o.l.p.impl.ProxyToServerConnection - (AWAITING_INITIAL) [id: 0xceaab001, /127.0.0.1:35280 => localhost/127.0.0.1:9000]: Reading: DefaultHttpResponse(decodeResult: success, version: HTTP/1.1)
HTTP/1.1 200 OK
Accept-Ranges: bytes
Date: Tue, 08 Sep 2015 10:39:50 GMT
Cache-Control: public, max-age=0
Last-Modified: Tue, 16 Jun 2015 14:10:37 GMT
ETag: W/"FJeRm12Pfismj/9GSL3MXw=="
Content-Type: application/javascript
Content-Length: 1038340
Connection: keep-alive
11:39:50.575 [LittleProxy-ProxyToServerWorker-3] DEBUG o.l.p.impl.ProxyToServerConnection - (AWAITING_INITIAL) [id: 0xceaab001, /127.0.0.1:35280 => localhost/127.0.0.1:9000]: Received raw response: DefaultHttpResponse(decodeResult: success, version: HTTP/1.1)
HTTP/1.1 200 OK
Accept-Ranges: bytes
Date: Tue, 08 Sep 2015 10:39:50 GMT
Cache-Control: public, max-age=0
Last-Modified: Tue, 16 Jun 2015 14:10:37 GMT
ETag: W/"FJeRm12Pfismj/9GSL3MXw=="
Content-Type: application/javascript
Content-Length: 1038340
Connection: keep-alive
11:39:50.575 [LittleProxy-ProxyToServerWorker-3] DEBUG o.l.p.impl.ProxyToServerConnection - (AWAITING_INITIAL) [id: 0xceaab001, /127.0.0.1:35280 => localhost/127.0.0.1:9000]: Remembering the current response.
11:39:50.575 [LittleProxy-ProxyToServerWorker-3] DEBUG o.l.p.impl.ClientToProxyConnection - (AWAITING_INITIAL) [id: 0x16fa54b8, /127.0.0.1:54150 => /127.0.1.1:45224]: Writing: DefaultHttpResponse(decodeResult: success, version: HTTP/1.1)
HTTP/1.1 200 OK
Accept-Ranges: bytes
Date: Tue, 08 Sep 2015 10:39:50 GMT
Cache-Control: public, max-age=0
Last-Modified: Tue, 16 Jun 2015 14:10:37 GMT
ETag: W/"FJeRm12Pfismj/9GSL3MXw=="
Content-Type: application/javascript
Content-Length: 1038340
Via: 1.1 localhost.localdomain
11:39:50.575 [LittleProxy-ProxyToServerWorker-3] DEBUG o.l.p.impl.ClientToProxyConnection - (AWAITING_INITIAL) [id: 0x16fa54b8, /127.0.0.1:54150 => /127.0.1.1:45224]: Wrote: DefaultHttpResponse(decodeResult: success, version: HTTP/1.1)
HTTP/1.1 200 OK
Accept-Ranges: bytes
Date: Tue, 08 Sep 2015 10:39:50 GMT
Cache-Control: public, max-age=0
Last-Modified: Tue, 16 Jun 2015 14:10:37 GMT
ETag: W/"FJeRm12Pfismj/9GSL3MXw=="
Content-Type: application/javascript
Content-Length: 1038340
Via: 1.1 localhost.localdomain
11:39:50.575 [LittleProxy-ProxyToServerWorker-3] DEBUG o.l.p.impl.ClientToProxyConnection - (AWAITING_INITIAL) [id: 0x16fa54b8, /127.0.0.1:54150 => /127.0.1.1:45224]: Not closing server connection on middle chunk for /bower_components/angular/angular.js
11:39:50.575 [LittleProxy-ProxyToServerWorker-3] DEBUG o.l.p.impl.ClientToProxyConnection - (AWAITING_INITIAL) [id: 0x16fa54b8, /127.0.0.1:54150 => /127.0.1.1:45224]: Not closing client connection on middle chunk for /bower_components/angular/angular.js
11:39:50.575 [LittleProxy-ProxyToServerWorker-3] DEBUG o.l.p.impl.ProxyToServerConnection - (AWAITING_CHUNK) [id: 0xceaab001, /127.0.0.1:35280 => localhost/127.0.0.1:9000]: Reading: DefaultHttpContent(data: SlicedByteBuf(ridx: 0, widx: 16103, cap: 16103/16103, unwrapped: UnpooledUnsafeDirectByteBuf(ridx: 16384, widx: 16384, cap: 16384)), decoderResult: success)
11:39:50.575 [LittleProxy-ProxyToServerWorker-3] DEBUG o.l.p.impl.ClientToProxyConnection - (AWAITING_INITIAL) [id: 0x16fa54b8, /127.0.0.1:54150 => /127.0.1.1:45224]: Retaining reference counted message
11:39:50.575 [LittleProxy-ProxyToServerWorker-3] DEBUG o.l.p.impl.ClientToProxyConnection - (AWAITING_INITIAL) [id: 0x16fa54b8, /127.0.0.1:54150 => /127.0.1.1:45224]: Writing: DefaultHttpContent(data: SlicedByteBuf(ridx: 0, widx: 16103, cap: 16103/16103, unwrapped: UnpooledUnsafeDirectByteBuf(ridx: 16384, widx: 16384, cap: 16384)), decoderResult: success)
11:39:50.575 [LittleProxy-ProxyToServerWorker-3] DEBUG o.l.p.impl.ClientToProxyConnection - (AWAITING_INITIAL) [id: 0x16fa54b8, /127.0.0.1:54150 => /127.0.1.1:45224]: Wrote: DefaultHttpContent(data: SlicedByteBuf(ridx: 0, widx: 16103, cap: 16103/16103, unwrapped: UnpooledUnsafeDirectByteBuf(ridx: 16384, widx: 16384, cap: 16384)), decoderResult: success)
11:39:50.575 [LittleProxy-ProxyToServerWorker-3] DEBUG o.l.p.impl.ClientToProxyConnection - (AWAITING_INITIAL) [id: 0x16fa54b8, /127.0.0.1:54150 => /127.0.1.1:45224]: Not closing server connection on middle chunk for /bower_components/angular/angular.js
11:39:50.575 [LittleProxy-ProxyToServerWorker-3] DEBUG o.l.p.impl.ClientToProxyConnection - (AWAITING_INITIAL) [id: 0x16fa54b8, /127.0.0.1:54150 => /127.0.1.1:45224]: Not closing client connection on middle chunk for /bower_components/angular/angular.js
11:39:50.575 [LittleProxy-ProxyToServerWorker-3] DEBUG o.l.p.impl.ProxyToServerConnection - (AWAITING_CHUNK) [id: 0xceaab001, /127.0.0.1:35280 => localhost/127.0.0.1:9000]: Reading: DefaultHttpContent(data: SlicedByteBuf(ridx: 0, widx: 16384, cap: 16384/16384, unwrapped: UnpooledUnsafeDirectByteBuf(ridx: 16384, widx: 16384, cap: 16384)), decoderResult: success)
11:39:50.575 [LittleProxy-ProxyToServerWorker-3] DEBUG o.l.p.impl.ClientToProxyConnection - (AWAITING_INITIAL) [id: 0x16fa54b8, /127.0.0.1:54150 => /127.0.1.1:45224]: Retaining reference counted message
11:39:50.575 [LittleProxy-ProxyToServerWorker-3] DEBUG o.l.p.impl.ClientToProxyConnection - (AWAITING_INITIAL) [id: 0x16fa54b8, /127.0.0.1:54150 => /127.0.1.1:45224]: Writing: DefaultHttpContent(data: SlicedByteBuf(ridx: 0, widx: 16384, cap: 16384/16384, unwrapped: UnpooledUnsafeDirectByteBuf(ridx: 16384, widx: 16384, cap: 16384)), decoderResult: success)
11:39:50.575 [LittleProxy-ProxyToServerWorker-3] DEBUG o.l.p.impl.ClientToProxyConnection - (AWAITING_INITIAL) [id: 0x16fa54b8, /127.0.0.1:54150 => /127.0.1.1:45224]: Wrote: DefaultHttpContent(data: SlicedByteBuf(ridx: 0, widx: 16384, cap: 16384/16384, unwrapped: UnpooledUnsafeDirectByteBuf(ridx: 16384, widx: 16384, cap: 16384)), decoderResult: success)
11:39:50.575 [LittleProxy-ProxyToServerWorker-3] DEBUG o.l.p.impl.ClientToProxyConnection - (AWAITING_INITIAL) [id: 0x16fa54b8, /127.0.0.1:54150 => /127.0.1.1:45224]: Not closing server connection on middle chunk for /bower_components/angular/angular.js
11:39:50.575 [LittleProxy-ProxyToServerWorker-3] DEBUG o.l.p.impl.ClientToProxyConnection - (AWAITING_INITIAL) [id: 0x16fa54b8, /127.0.0.1:54150 => /127.0.1.1:45224]: Not closing client connection on middle chunk for /bower_components/angular/angular.js
11:39:50.575 [LittleProxy-ProxyToServerWorker-3] DEBUG o.l.p.impl.ProxyToServerConnection - (AWAITING_CHUNK) [id: 0xceaab001, /127.0.0.1:35280 => localhost/127.0.0.1:9000]: Reading: DefaultHttpContent(data: SlicedByteBuf(ridx: 0, widx: 16384, cap: 16384/16384, unwrapped: UnpooledUnsafeDirectByteBuf(ridx: 16384, widx: 16384, cap: 16384)), decoderResult: success)
11:39:50.575 [LittleProxy-ProxyToServerWorker-3] DEBUG o.l.p.impl.ClientToProxyConnection - (AWAITING_INITIAL) [id: 0x16fa54b8, /127.0.0.1:54150 => /127.0.1.1:45224]: Retaining reference counted message
11:39:50.575 [LittleProxy-ProxyToServerWorker-3] DEBUG o.l.p.impl.ClientToProxyConnection - (AWAITING_INITIAL) [id: 0x16fa54b8, /127.0.0.1:54150 => /127.0.1.1:45224]: Writing: DefaultHttpContent(data: SlicedByteBuf(ridx: 0, widx: 16384, cap: 16384/16384, unwrapped: UnpooledUnsafeDirectByteBuf(ridx: 16384, widx: 16384, cap: 16384)), decoderResult: success)
11:39:50.575 [LittleProxy-ProxyToServerWorker-3] DEBUG o.l.p.impl.ClientToProxyConnection - (AWAITING_INITIAL) [id: 0x16fa54b8, /127.0.0.1:54150 => /127.0.1.1:45224]: Wrote: DefaultHttpContent(data: SlicedByteBuf(ridx: 0, widx: 16384, cap: 16384/16384, unwrapped: UnpooledUnsafeDirectByteBuf(ridx: 16384, widx: 16384, cap: 16384)), decoderResult: success)
11:39:50.575 [LittleProxy-ProxyToServerWorker-3] DEBUG o.l.p.impl.ClientToProxyConnection - (AWAITING_INITIAL) [id: 0x16fa54b8, /127.0.0.1:54150 => /127.0.1.1:45224]: Not closing server connection on middle chunk for /bower_components/angular/angular.js
11:39:50.575 [LittleProxy-ProxyToServerWorker-3] DEBUG o.l.p.impl.ClientToProxyConnection - (AWAITING_INITIAL) [id: 0x16fa54b8, /127.0.0.1:54150 => /127.0.1.1:45224]: Not closing client connection on middle chunk for /bower_components/angular/angular.js
11:39:50.576 [LittleProxy-ProxyToServerWorker-3] DEBUG o.l.p.impl.ProxyToServerConnection - (AWAITING_CHUNK) [id: 0xceaab001, /127.0.0.1:35280 => localhost/127.0.0.1:9000]: Reading: DefaultHttpContent(data: SlicedByteBuf(ridx: 0, widx: 16384, cap: 16384/16384, unwrapped: UnpooledUnsafeDirectByteBuf(ridx: 16384, widx: 16384, cap: 16384)), decoderResult: success)
11:39:50.576 [LittleProxy-ProxyToServerWorker-3] DEBUG o.l.p.impl.ClientToProxyConnection - (AWAITING_INITIAL) [id: 0x16fa54b8, /127.0.0.1:54150 => /127.0.1.1:45224]: Retaining reference counted message
11:39:50.576 [LittleProxy-ProxyToServerWorker-3] DEBUG o.l.p.impl.ClientToProxyConnection - (AWAITING_INITIAL) [id: 0x16fa54b8, /127.0.0.1:54150 => /127.0.1.1:45224]: Writing: DefaultHttpContent(data: SlicedByteBuf(ridx: 0, widx: 16384, cap: 16384/16384, unwrapped: UnpooledUnsafeDirectByteBuf(ridx: 16384, widx: 16384, cap: 16384)), decoderResult: success)
11:39:50.576 [LittleProxy-ProxyToServerWorker-3] DEBUG o.l.p.impl.ClientToProxyConnection - (AWAITING_INITIAL) [id: 0x16fa54b8, /127.0.0.1:54150 => /127.0.1.1:45224]: Wrote: DefaultHttpContent(data: SlicedByteBuf(ridx: 0, widx: 16384, cap: 16384/16384, unwrapped: UnpooledUnsafeDirectByteBuf(ridx: 16384, widx: 16384, cap: 16384)), decoderResult: success)
11:39:50.576 [LittleProxy-ProxyToServerWorker-3] DEBUG o.l.p.impl.ClientToProxyConnection - (AWAITING_INITIAL) [id: 0x16fa54b8, /127.0.0.1:54150 => /127.0.1.1:45224]: Not closing server connection on middle chunk for /bower_components/angular/angular.js
11:39:50.576 [LittleProxy-ProxyToServerWorker-3] DEBUG o.l.p.impl.ClientToProxyConnection - (AWAITING_INITIAL) [id: 0x16fa54b8, /127.0.0.1:54150 => /127.0.1.1:45224]: Not closing client connection on middle chunk for /bower_components/angular/angular.js
11:39:50.576 [LittleProxy-ProxyToServerWorker-3] DEBUG o.l.p.impl.ProxyToServerConnection - (AWAITING_CHUNK) [id: 0xceaab001, /127.0.0.1:35280 => localhost/127.0.0.1:9000]: Reading: DefaultHttpContent(data: SlicedByteBuf(ridx: 0, widx: 16384, cap: 16384/16384, unwrapped: UnpooledUnsafeDirectByteBuf(ridx: 16384, widx: 16384, cap: 16384)), decoderResult: success)
11:39:50.576 [LittleProxy-ProxyToServerWorker-3] DEBUG o.l.p.impl.ClientToProxyConnection - (AWAITING_INITIAL) [id: 0x16fa54b8, /127.0.0.1:54150 => /127.0.1.1:45224]: Retaining reference counted message
11:39:50.576 [LittleProxy-ProxyToServerWorker-3] DEBUG o.l.p.impl.ClientToProxyConnection - (AWAITING_INITIAL) [id: 0x16fa54b8, /127.0.0.1:54150 => /127.0.1.1:45224]: Writing: DefaultHttpContent(data: SlicedByteBuf(ridx: 0, widx: 16384, cap: 16384/16384, unwrapped: UnpooledUnsafeDirectByteBuf(ridx: 16384, widx: 16384, cap: 16384)), decoderResult: success)
11:39:50.576 [LittleProxy-ProxyToServerWorker-3] DEBUG o.l.p.impl.ClientToProxyConnection - (AWAITING_INITIAL) [id: 0x16fa54b8, /127.0.0.1:54150 => /127.0.1.1:45224]: Wrote: DefaultHttpContent(data: SlicedByteBuf(ridx: 0, widx: 16384, cap: 16384/16384, unwrapped: UnpooledUnsafeDirectByteBuf(ridx: 16384, widx: 16384, cap: 16384)), decoderResult: success)
11:39:50.576 [LittleProxy-ProxyToServerWorker-3] DEBUG o.l.p.impl.ClientToProxyConnection - (AWAITING_INITIAL) [id: 0x16fa54b8, /127.0.0.1:54150 => /127.0.1.1:45224]: Not closing server connection on middle chunk for /bower_components/angular/angular.js
11:39:50.576 [LittleProxy-ProxyToServerWorker-3] DEBUG o.l.p.impl.ClientToProxyConnection - (AWAITING_INITIAL) [id: 0x16fa54b8, /127.0.0.1:54150 => /127.0.1.1:45224]: Not closing client connection on middle chunk for /bower_components/angular/angular.js
11:39:50.576 [LittleProxy-ProxyToServerWorker-3] DEBUG o.l.p.impl.ProxyToServerConnection - (AWAITING_CHUNK) [id: 0xceaab001, /127.0.0.1:35280 => localhost/127.0.0.1:9000]: Reading: DefaultHttpContent(data: SlicedByteBuf(ridx: 0, widx: 16384, cap: 16384/16384, unwrapped: UnpooledUnsafeDirectByteBuf(ridx: 16384, widx: 16384, cap: 16384)), decoderResult: success)
11:39:50.576 [LittleProxy-ProxyToServerWorker-3] DEBUG o.l.p.impl.ClientToProxyConnection - (AWAITING_INITIAL) [id: 0x16fa54b8, /127.0.0.1:54150 => /127.0.1.1:45224]: Retaining reference counted message
11:39:50.576 [LittleProxy-ProxyToServerWorker-3] DEBUG o.l.p.impl.ClientToProxyConnection - (AWAITING_INITIAL) [id: 0x16fa54b8, /127.0.0.1:54150 => /127.0.1.1:45224]: Writing: DefaultHttpContent(data: SlicedByteBuf(ridx: 0, widx: 16384, cap: 16384/16384, unwrapped: UnpooledUnsafeDirectByteBuf(ridx: 16384, widx: 16384, cap: 16384)), decoderResult: success)
11:39:50.576 [LittleProxy-ProxyToServerWorker-3] DEBUG o.l.p.impl.ClientToProxyConnection - (AWAITING_INITIAL) [id: 0x16fa54b8, /127.0.0.1:54150 => /127.0.1.1:45224]: Wrote: DefaultHttpContent(data: SlicedByteBuf(ridx: 0, widx: 16384, cap: 16384/16384, unwrapped: UnpooledUnsafeDirectByteBuf(ridx: 16384, widx: 16384, cap: 16384)), decoderResult: success)
11:39:50.576 [LittleProxy-ProxyToServerWorker-3] DEBUG o.l.p.impl.ClientToProxyConnection - (AWAITING_INITIAL) [id: 0x16fa54b8, /127.0.0.1:54150 => /127.0.1.1:45224]: Not closing server connection on middle chunk for /bower_components/angular/angular.js
11:39:50.576 [LittleProxy-ProxyToServerWorker-3] DEBUG o.l.p.impl.ClientToProxyConnection - (AWAITING_INITIAL) [id: 0x16fa54b8, /127.0.0.1:54150 => /127.0.1.1:45224]: Not closing client connection on middle chunk for /bower_components/angular/angular.js
11:39:50.576 [LittleProxy-ProxyToServerWorker-3] DEBUG o.l.p.impl.ProxyToServerConnection - (AWAITING_CHUNK) [id: 0xceaab001, /127.0.0.1:35280 => localhost/127.0.0.1:9000]: Reading: DefaultHttpContent(data: SlicedByteBuf(ridx: 0, widx: 16384, cap: 16384/16384, unwrapped: UnpooledUnsafeDirectByteBuf(ridx: 16384, widx: 16384, cap: 16384)), decoderResult: success)
11:39:50.576 [LittleProxy-ProxyToServerWorker-3] DEBUG o.l.p.impl.ClientToProxyConnection - (AWAITING_INITIAL) [id: 0x16fa54b8, /127.0.0.1:54150 => /127.0.1.1:45224]: Retaining reference counted message
11:39:50.576 [LittleProxy-ProxyToServerWorker-3] DEBUG o.l.p.impl.ClientToProxyConnection - (AWAITING_INITIAL) [id: 0x16fa54b8, /127.0.0.1:54150 => /127.0.1.1:45224]: Writing: DefaultHttpContent(data: SlicedByteBuf(ridx: 0, widx: 16384, cap: 16384/16384, unwrapped: UnpooledUnsafeDirectByteBuf(ridx: 16384, widx: 16384, cap: 16384)), decoderResult: success)
11:39:50.576 [LittleProxy-ProxyToServerWorker-3] DEBUG o.l.p.impl.ClientToProxyConnection - (AWAITING_INITIAL) [id: 0x16fa54b8, /127.0.0.1:54150 => /127.0.1.1:45224]: Wrote: DefaultHttpContent(data: SlicedByteBuf(ridx: 0, widx: 16384, cap: 16384/16384, unwrapped: UnpooledUnsafeDirectByteBuf(ridx: 16384, widx: 16384, cap: 16384)), decoderResult: success)
11:39:50.576 [LittleProxy-ProxyToServerWorker-3] DEBUG o.l.p.impl.ClientToProxyConnection - (AWAITING_INITIAL) [id: 0x16fa54b8, /127.0.0.1:54150 => /127.0.1.1:45224]: Not closing server connection on middle chunk for /bower_components/angular/angular.js
11:39:50.576 [LittleProxy-ProxyToServerWorker-3] DEBUG o.l.p.impl.ClientToProxyConnection - (AWAITING_INITIAL) [id: 0x16fa54b8, /127.0.0.1:54150 => /127.0.1.1:45224]: Not closing client connection on middle chunk for /bower_components/angular/angular.js
11:39:50.576 [LittleProxy-ProxyToServerWorker-3] DEBUG o.l.p.impl.ProxyToServerConnection - (AWAITING_CHUNK) [id: 0xceaab001, /127.0.0.1:35280 => localhost/127.0.0.1:9000]: Reading: DefaultHttpContent(data: SlicedByteBuf(ridx: 0, widx: 16384, cap: 16384/16384, unwrapped: UnpooledUnsafeDirectByteBuf(ridx: 16384, widx: 16384, cap: 16384)), decoderResult: success)
11:39:50.576 [LittleProxy-ProxyToServerWorker-3] DEBUG o.l.p.impl.ClientToProxyConnection - (AWAITING_INITIAL) [id: 0x16fa54b8, /127.0.0.1:54150 => /127.0.1.1:45224]: Retaining reference counted message
11:39:50.576 [LittleProxy-ProxyToServerWorker-3] DEBUG o.l.p.impl.ClientToProxyConnection - (AWAITING_INITIAL) [id: 0x16fa54b8, /127.0.0.1:54150 => /127.0.1.1:45224]: Writing: DefaultHttpContent(data: SlicedByteBuf(ridx: 0, widx: 16384, cap: 16384/16384, unwrapped: UnpooledUnsafeDirectByteBuf(ridx: 16384, widx: 16384, cap: 16384)), decoderResult: success)
11:39:50.576 [LittleProxy-ProxyToServerWorker-3] DEBUG o.l.p.impl.ClientToProxyConnection - (AWAITING_INITIAL) [id: 0x16fa54b8, /127.0.0.1:54150 => /127.0.1.1:45224]: Wrote: DefaultHttpContent(data: SlicedByteBuf(ridx: 0, widx: 16384, cap: 16384/16384, unwrapped: UnpooledUnsafeDirectByteBuf(ridx: 16384, widx: 16384, cap: 16384)), decoderResult: success)
11:39:50.576 [LittleProxy-ProxyToServerWorker-3] DEBUG o.l.p.impl.ClientToProxyConnection - (AWAITING_INITIAL) [id: 0x16fa54b8, /127.0.0.1:54150 => /127.0.1.1:45224]: Not closing server connection on middle chunk for /bower_components/angular/angular.js
11:39:50.576 [LittleProxy-ProxyToServerWorker-3] DEBUG o.l.p.impl.ClientToProxyConnection - (AWAITING_INITIAL) [id: 0x16fa54b8, /127.0.0.1:54150 => /127.0.1.1:45224]: Not closing client connection on middle chunk for /bower_components/angular/angular.js
11:39:50.576 [LittleProxy-ProxyToServerWorker-3] DEBUG o.l.p.impl.ProxyToServerConnection - (AWAITING_CHUNK) [id: 0xceaab001, /127.0.0.1:35280 => localhost/127.0.0.1:9000]: Reading: DefaultHttpContent(data: SlicedByteBuf(ridx: 0, widx: 281, cap: 281/281, unwrapped: UnpooledUnsafeDirectByteBuf(ridx: 281, widx: 281, cap: 16384)), decoderResult: success)
11:39:50.576 [LittleProxy-ProxyToServerWorker-3] DEBUG o.l.p.impl.ClientToProxyConnection - (AWAITING_INITIAL) [id: 0x16fa54b8, /127.0.0.1:54150 => /127.0.1.1:45224]: Retaining reference counted message
11:39:50.576 [LittleProxy-ProxyToServerWorker-3] DEBUG o.l.p.impl.ClientToProxyConnection - (AWAITING_INITIAL) [id: 0x16fa54b8, /127.0.0.1:54150 => /127.0.1.1:45224]: Writing: DefaultHttpContent(data: SlicedByteBuf(ridx: 0, widx: 281, cap: 281/281, unwrapped: UnpooledUnsafeDirectByteBuf(ridx: 281, widx: 281, cap: 16384)), decoderResult: success)
11:39:50.576 [LittleProxy-ProxyToServerWorker-3] DEBUG o.l.p.impl.ClientToProxyConnection - (AWAITING_INITIAL) [id: 0x16fa54b8, /127.0.0.1:54150 => /127.0.1.1:45224]: Wrote: DefaultHttpContent(data: SlicedByteBuf(ridx: 0, widx: 281, cap: 281/281, unwrapped: UnpooledUnsafeDirectByteBuf(ridx: 281, widx: 281, cap: 16384)), decoderResult: success)
11:39:50.576 [LittleProxy-ProxyToServerWorker-3] DEBUG o.l.p.impl.ClientToProxyConnection - (AWAITING_INITIAL) [id: 0x16fa54b8, /127.0.0.1:54150 => /127.0.1.1:45224]: Not closing server connection on middle chunk for /bower_components/angular/angular.js
11:39:50.576 [LittleProxy-ProxyToServerWorker-3] DEBUG o.l.p.impl.ClientToProxyConnection - (AWAITING_INITIAL) [id: 0x16fa54b8, /127.0.0.1:54150 => /127.0.1.1:45224]: Not closing client connection on middle chunk for /bower_components/angular/angular.js
11:39:50.592 [LittleProxy-ProxyToServerWorker-3] DEBUG o.l.p.impl.ProxyToServerConnection - (AWAITING_CHUNK) [id: 0xceaab001, /127.0.0.1:35280 => localhost/127.0.0.1:9000]: Reading: DefaultHttpContent(data: SlicedByteBuf(ridx: 0, widx: 16384, cap: 16384/16384, unwrapped: UnpooledUnsafeDirectByteBuf(ridx: 65536, widx: 65536, cap: 65536)), decoderResult: success)
11:39:50.592 [LittleProxy-ProxyToServerWorker-3] DEBUG o.l.p.impl.ClientToProxyConnection - (AWAITING_INITIAL) [id: 0x16fa54b8, /127.0.0.1:54150 => /127.0.1.1:45224]: Retaining reference counted message
11:39:50.592 [LittleProxy-ProxyToServerWorker-3] DEBUG o.l.p.impl.ClientToProxyConnection - (AWAITING_INITIAL) [id: 0x16fa54b8, /127.0.0.1:54150 => /127.0.1.1:45224]: Writing: DefaultHttpContent(data: SlicedByteBuf(ridx: 0, widx: 16384, cap: 16384/16384, unwrapped: UnpooledUnsafeDirectByteBuf(ridx: 65536, widx: 65536, cap: 65536)), decoderResult: success)
11:39:50.592 [LittleProxy-ProxyToServerWorker-3] DEBUG o.l.p.impl.ClientToProxyConnection - (AWAITING_INITIAL) [id: 0x16fa54b8, /127.0.0.1:54150 => /127.0.1.1:45224]: Wrote: DefaultHttpContent(data: SlicedByteBuf(ridx: 0, widx: 16384, cap: 16384/16384, unwrapped: UnpooledUnsafeDirectByteBuf(ridx: 65536, widx: 65536, cap: 65536)), decoderResult: success)
11:39:50.592 [LittleProxy-ProxyToServerWorker-3] DEBUG o.l.p.impl.ClientToProxyConnection - (AWAITING_INITIAL) [id: 0x16fa54b8, /127.0.0.1:54150 => /127.0.1.1:45224]: Not closing server connection on middle chunk for /bower_components/angular/angular.js
11:39:50.592 [LittleProxy-ProxyToServerWorker-3] DEBUG o.l.p.impl.ClientToProxyConnection - (AWAITING_INITIAL) [id: 0x16fa54b8, /127.0.0.1:54150 => /127.0.1.1:45224]: Not closing client connection on middle chunk for /bower_components/angular/angular.js
11:39:50.592 [LittleProxy-ProxyToServerWorker-3] DEBUG o.l.p.impl.ProxyToServerConnection - (AWAITING_CHUNK) [id: 0xceaab001, /127.0.0.1:35280 => localhost/127.0.0.1:9000]: Reading: DefaultHttpContent(data: SlicedByteBuf(ridx: 0, widx: 16384, cap: 16384/16384, unwrapped: UnpooledUnsafeDirectByteBuf(ridx: 65536, widx: 65536, cap: 65536)), decoderResult: success)
11:39:50.592 [LittleProxy-ProxyToServerWorker-3] DEBUG o.l.p.impl.ClientToProxyConnection - (AWAITING_INITIAL) [id: 0x16fa54b8, /127.0.0.1:54150 => /127.0.1.1:45224]: Retaining reference counted message
11:39:50.592 [LittleProxy-ProxyToServerWorker-3] DEBUG o.l.p.impl.ClientToProxyConnection - (AWAITING_INITIAL) [id: 0x16fa54b8, /127.0.0.1:54150 => /127.0.1.1:45224]: Writing: DefaultHttpContent(data: SlicedByteBuf(ridx: 0, widx: 16384, cap: 16384/16384, unwrapped: UnpooledUnsafeDirectByteBuf(ridx: 65536, widx: 65536, cap: 65536)), decoderResult: success)
11:39:50.592 [LittleProxy-ProxyToServerWorker-3] DEBUG o.l.p.impl.ClientToProxyConnection - (AWAITING_INITIAL) [id: 0x16fa54b8, /127.0.0.1:54150 => /127.0.1.1:45224]: Wrote: DefaultHttpContent(data: SlicedByteBuf(ridx: 0, widx: 16384, cap: 16384/16384, unwrapped: UnpooledUnsafeDirectByteBuf(ridx: 65536, widx: 65536, cap: 65536)), decoderResult: success)
11:39:50.592 [LittleProxy-ProxyToServerWorker-3] DEBUG o.l.p.impl.ClientToProxyConnection - (AWAITING_INITIAL) [id: 0x16fa54b8, /127.0.0.1:54150 => /127.0.1.1:45224]: Not closing server connection on middle chunk for /bower_components/angular/angular.js
11:39:50.592 [LittleProxy-ProxyToServerWorker-3] DEBUG o.l.p.impl.ClientToProxyConnection - (AWAITING_INITIAL) [id: 0x16fa54b8, /127.0.0.1:54150 => /127.0.1.1:45224]: Not closing client connection on middle chunk for /bower_components/angular/angular.js
11:39:50.592 [LittleProxy-ProxyToServerWorker-3] DEBUG o.l.p.impl.ProxyToServerConnection - (AWAITING_CHUNK) [id: 0xceaab001, /127.0.0.1:35280 => localhost/127.0.0.1:9000]: Reading: DefaultHttpContent(data: SlicedByteBuf(ridx: 0, widx: 16384, cap: 16384/16384, unwrapped: UnpooledUnsafeDirectByteBuf(ridx: 65536, widx: 65536, cap: 65536)), decoderResult: success)
11:39:50.592 [LittleProxy-ProxyToServerWorker-3] DEBUG o.l.p.impl.ClientToProxyConnection - (AWAITING_INITIAL) [id: 0x16fa54b8, /127.0.0.1:54150 => /127.0.1.1:45224]: Retaining reference counted message
11:39:50.592 [LittleProxy-ProxyToServerWorker-3] DEBUG o.l.p.impl.ClientToProxyConnection - (AWAITING_INITIAL) [id: 0x16fa54b8, /127.0.0.1:54150 => /127.0.1.1:45224]: Writing: DefaultHttpContent(data: SlicedByteBuf(ridx: 0, widx: 16384, cap: 16384/16384, unwrapped: UnpooledUnsafeDirectByteBuf(ridx: 65536, widx: 65536, cap: 65536)), decoderResult: success)
11:39:50.592 [LittleProxy-ProxyToServerWorker-3] DEBUG o.l.p.impl.ClientToProxyConnection - (AWAITING_INITIAL) [id: 0x16fa54b8, /127.0.0.1:54150 => /127.0.1.1:45224]: Wrote: DefaultHttpContent(data: SlicedByteBuf(ridx: 0, widx: 16384, cap: 16384/16384, unwrapped: UnpooledUnsafeDirectByteBuf(ridx: 65536, widx: 65536, cap: 65536)), decoderResult: success)
11:39:50.592 [LittleProxy-ProxyToServerWorker-3] DEBUG o.l.p.impl.ClientToProxyConnection - (AWAITING_INITIAL) [id: 0x16fa54b8, /127.0.0.1:54150 => /127.0.1.1:45224]: Not closing server connection on middle chunk for /bower_components/angular/angular.js
11:39:50.592 [LittleProxy-ProxyToServerWorker-3] DEBUG o.l.p.impl.ClientToProxyConnection - (AWAITING_INITIAL) [id: 0x16fa54b8, /127.0.0.1:54150 => /127.0.1.1:45224]: Not closing client connection on middle chunk for /bower_components/angular/angular.js
11:39:50.592 [LittleProxy-ProxyToServerWorker-3] DEBUG o.l.p.impl.ProxyToServerConnection - (AWAITING_CHUNK) [id: 0xceaab001, /127.0.0.1:35280 => localhost/127.0.0.1:9000]: Reading: DefaultHttpContent(data: SlicedByteBuf(ridx: 0, widx: 16384, cap: 16384/16384, unwrapped: UnpooledUnsafeDirectByteBuf(ridx: 65536, widx: 65536, cap: 65536)), decoderResult: success)
11:39:50.592 [LittleProxy-ProxyToServerWorker-3] DEBUG o.l.p.impl.ClientToProxyConnection - (AWAITING_INITIAL) [id: 0x16fa54b8, /127.0.0.1:54150 => /127.0.1.1:45224]: Retaining reference counted message
11:39:50.592 [LittleProxy-ProxyToServerWorker-3] DEBUG o.l.p.impl.ClientToProxyConnection - (AWAITING_INITIAL) [id: 0x16fa54b8, /127.0.0.1:54150 => /127.0.1.1:45224]: Writing: DefaultHttpContent(data: SlicedByteBuf(ridx: 0, widx: 16384, cap: 16384/16384, unwrapped: UnpooledUnsafeDirectByteBuf(ridx: 65536, widx: 65536, cap: 65536)), decoderResult: success)
11:39:50.592 [LittleProxy-ProxyToServerWorker-3] DEBUG o.l.p.impl.ClientToProxyConnection - (AWAITING_INITIAL) [id: 0x16fa54b8, /127.0.0.1:54150 => /127.0.1.1:45224]: Wrote: DefaultHttpContent(data: SlicedByteBuf(ridx: 0, widx: 16384, cap: 16384/16384, unwrapped: UnpooledUnsafeDirectByteBuf(ridx: 65536, widx: 65536, cap: 65536)), decoderResult: success)
11:39:50.592 [LittleProxy-ProxyToServerWorker-3] DEBUG o.l.p.impl.ClientToProxyConnection - (AWAITING_INITIAL) [id: 0x16fa54b8, /127.0.0.1:54150 => /127.0.1.1:45224]: Not closing server connection on middle chunk for /bower_components/angular/angular.js
11:39:50.592 [LittleProxy-ProxyToServerWorker-3] DEBUG o.l.p.impl.ClientToProxyConnection - (AWAITING_INITIAL) [id: 0x16fa54b8, /127.0.0.1:54150 => /127.0.1.1:45224]: Not closing client connection on middle chunk for /bower_components/angular/angular.js
11:39:50.593 [LittleProxy-ProxyToServerWorker-3] DEBUG o.l.p.impl.ProxyToServerConnection - (AWAITING_CHUNK) [id: 0xceaab001, /127.0.0.1:35280 => localhost/127.0.0.1:9000]: Reading: DefaultHttpContent(data: SlicedByteBuf(ridx: 0, widx: 16384, cap: 16384/16384, unwrapped: UnpooledUnsafeDirectByteBuf(ridx: 65536, widx: 65536, cap: 65536)), decoderResult: success)
11:39:50.593 [LittleProxy-ProxyToServerWorker-3] DEBUG o.l.p.impl.ClientToProxyConnection - (AWAITING_INITIAL) [id: 0x16fa54b8, /127.0.0.1:54150 => /127.0.1.1:45224]: Retaining reference counted message
11:39:50.593 [LittleProxy-ProxyToServerWorker-3] DEBUG o.l.p.impl.ClientToProxyConnection - (AWAITING_INITIAL) [id: 0x16fa54b8, /127.0.0.1:54150 => /127.0.1.1:45224]: Writing: DefaultHttpContent(data: SlicedByteBuf(ridx: 0, widx: 16384, cap: 16384/16384, unwrapped: UnpooledUnsafeDirectByteBuf(ridx: 65536, widx: 65536, cap: 65536)), decoderResult: success)
11:39:50.593 [LittleProxy-ProxyToServerWorker-3] DEBUG o.l.p.impl.ClientToProxyConnection - (AWAITING_INITIAL) [id: 0x16fa54b8, /127.0.0.1:54150 => /127.0.1.1:45224]: Wrote: DefaultHttpContent(data: SlicedByteBuf(ridx: 0, widx: 16384, cap: 16384/16384, unwrapped: UnpooledUnsafeDirectByteBuf(ridx: 65536, widx: 65536, cap: 65536)), decoderResult: success)
11:39:50.593 [LittleProxy-ProxyToServerWorker-3] DEBUG o.l.p.impl.ClientToProxyConnection - (AWAITING_INITIAL) [id: 0x16fa54b8, /127.0.0.1:54150 => /127.0.1.1:45224]: Not closing server connection on middle chunk for /bower_components/angular/angular.js
11:39:50.593 [LittleProxy-ProxyToServerWorker-3] DEBUG o.l.p.impl.ClientToProxyConnection - (AWAITING_INITIAL) [id: 0x16fa54b8, /127.0.0.1:54150 => /127.0.1.1:45224]: Not closing client connection on middle chunk for /bower_components/angular/angular.js
11:39:50.593 [LittleProxy-ProxyToServerWorker-3] DEBUG o.l.p.impl.ProxyToServerConnection - (AWAITING_CHUNK) [id: 0xceaab001, /127.0.0.1:35280 => localhost/127.0.0.1:9000]: Reading: DefaultHttpContent(data: SlicedByteBuf(ridx: 0, widx: 16384, cap: 16384/16384, unwrapped: UnpooledUnsafeDirectByteBuf(ridx: 65536, widx: 65536, cap: 65536)), decoderResult: success)
11:39:50.593 [LittleProxy-ProxyToServerWorker-3] DEBUG o.l.p.impl.ClientToProxyConnection - (AWAITING_INITIAL) [id: 0x16fa54b8, /127.0.0.1:54150 => /127.0.1.1:45224]: Retaining reference counted message
11:39:50.593 [LittleProxy-ProxyToServerWorker-3] DEBUG o.l.p.impl.ClientToProxyConnection - (AWAITING_INITIAL) [id: 0x16fa54b8, /127.0.0.1:54150 => /127.0.1.1:45224]: Writing: DefaultHttpContent(data: SlicedByteBuf(ridx: 0, widx: 16384, cap: 16384/16384, unwrapped: UnpooledUnsafeDirectByteBuf(ridx: 65536, widx: 65536, cap: 65536)), decoderResult: success)
11:39:50.593 [LittleProxy-ProxyToServerWorker-3] DEBUG o.l.p.impl.ClientToProxyConnection - (AWAITING_INITIAL) [id: 0x16fa54b8, /127.0.0.1:54150 => /127.0.1.1:45224]: Wrote: DefaultHttpContent(data: SlicedByteBuf(ridx: 0, widx: 16384, cap: 16384/16384, unwrapped: UnpooledUnsafeDirectByteBuf(ridx: 65536, widx: 65536, cap: 65536)), decoderResult: success)
11:39:50.593 [LittleProxy-ProxyToServerWorker-3] DEBUG o.l.p.impl.ClientToProxyConnection - (AWAITING_INITIAL) [id: 0x16fa54b8, /127.0.0.1:54150 => /127.0.1.1:45224]: Not closing server connection on middle chunk for /bower_components/angular/angular.js
11:39:50.593 [LittleProxy-ProxyToServerWorker-3] DEBUG o.l.p.impl.ClientToProxyConnection - (AWAITING_INITIAL) [id: 0x16fa54b8, /127.0.0.1:54150 => /127.0.1.1:45224]: Not closing client connection on middle chunk for /bower_components/angular/angular.js
11:39:50.593 [LittleProxy-ProxyToServerWorker-3] DEBUG o.l.p.impl.ProxyToServerConnection - (AWAITING_CHUNK) [id: 0xceaab001, /127.0.0.1:35280 => localhost/127.0.0.1:9000]: Reading: DefaultHttpContent(data: SlicedByteBuf(ridx: 0, widx: 16384, cap: 16384/16384, unwrapped: UnpooledUnsafeDirectByteBuf(ridx: 65536, widx: 65536, cap: 65536)), decoderResult: success)
11:39:50.593 [LittleProxy-ProxyToServerWorker-3] DEBUG o.l.p.impl.ClientToProxyConnection - (AWAITING_INITIAL) [id: 0x16fa54b8, /127.0.0.1:54150 => /127.0.1.1:45224]: Retaining reference counted message
11:39:50.593 [LittleProxy-ProxyToServerWorker-3] DEBUG o.l.p.impl.ClientToProxyConnection - (AWAITING_INITIAL) [id: 0x16fa54b8, /127.0.0.1:54150 => /127.0.1.1:45224]: Writing: DefaultHttpContent(data: SlicedByteBuf(ridx: 0, widx: 16384, cap: 16384/16384, unwrapped: UnpooledUnsafeDirectByteBuf(ridx: 65536, widx: 65536, cap: 65536)), decoderResult: success)
11:39:50.593 [LittleProxy-ProxyToServerWorker-3] DEBUG o.l.p.impl.ClientToProxyConnection - (AWAITING_INITIAL) [id: 0x16fa54b8, /127.0.0.1:54150 => /127.0.1.1:45224]: Wrote: DefaultHttpContent(data: SlicedByteBuf(ridx: 0, widx: 16384, cap: 16384/16384, unwrapped: UnpooledUnsafeDirectByteBuf(ridx: 65536, widx: 65536, cap: 65536)), decoderResult: success)
11:39:50.593 [LittleProxy-ProxyToServerWorker-3] DEBUG o.l.p.impl.ClientToProxyConnection - (AWAITING_INITIAL) [id: 0x16fa54b8, /127.0.0.1:54150 => /127.0.1.1:45224]: Not closing server connection on middle chunk for /bower_components/angular/angular.js
11:39:50.593 [LittleProxy-ProxyToServerWorker-3] DEBUG o.l.p.impl.ClientToProxyConnection - (AWAITING_INITIAL) [id: 0x16fa54b8, /127.0.0.1:54150 => /127.0.1.1:45224]: Not closing client connection on middle chunk for /bower_components/angular/angular.js
11:39:50.593 [LittleProxy-ProxyToServerWorker-3] DEBUG o.l.p.impl.ProxyToServerConnection - (AWAITING_CHUNK) [id: 0xceaab001, /127.0.0.1:35280 => localhost/127.0.0.1:9000]: Reading: DefaultHttpContent(data: SlicedByteBuf(ridx: 0, widx: 16384, cap: 16384/16384, unwrapped: UnpooledUnsafeDirectByteBuf(ridx: 65536, widx: 65536, cap: 65536)), decoderResult: success)
11:39:50.593 [LittleProxy-ProxyToServerWorker-3] DEBUG o.l.p.impl.ClientToProxyConnection - (AWAITING_INITIAL) [id: 0x16fa54b8, /127.0.0.1:54150 => /127.0.1.1:45224]: Retaining reference counted message
11:39:50.593 [LittleProxy-ProxyToServerWorker-3] DEBUG o.l.p.impl.ClientToProxyConnection - (AWAITING_INITIAL) [id: 0x16fa54b8, /127.0.0.1:54150 => /127.0.1.1:45224]: Writing: DefaultHttpContent(data: SlicedByteBuf(ridx: 0, widx: 16384, cap: 16384/16384, unwrapped: UnpooledUnsafeDirectByteBuf(ridx: 65536, widx: 65536, cap: 65536)), decoderResult: success)
11:39:50.593 [LittleProxy-ProxyToServerWorker-3] DEBUG o.l.p.impl.ClientToProxyConnection - (AWAITING_INITIAL) [id: 0x16fa54b8, /127.0.0.1:54150 => /127.0.1.1:45224]: Wrote: DefaultHttpContent(data: SlicedByteBuf(ridx: 0, widx: 16384, cap: 16384/16384, unwrapped: UnpooledUnsafeDirectByteBuf(ridx: 65536, widx: 65536, cap: 65536)), decoderResult: success)
11:39:50.593 [LittleProxy-ProxyToServerWorker-3] DEBUG o.l.p.impl.ClientToProxyConnection - (AWAITING_INITIAL) [id: 0x16fa54b8, /127.0.0.1:54150 => /127.0.1.1:45224]: Not closing server connection on middle chunk for /bower_components/angular/angular.js
11:39:50.593 [LittleProxy-ProxyToServerWorker-3] DEBUG o.l.p.impl.ClientToProxyConnection - (AWAITING_INITIAL) [id: 0x16fa54b8, /127.0.0.1:54150 => /127.0.1.1:45224]: Not closing client connection on middle chunk for /bower_components/angular/angular.js
11:39:50.593 [LittleProxy-ProxyToServerWorker-3] DEBUG o.l.p.impl.ProxyToServerConnection - (AWAITING_CHUNK) [id: 0xceaab001, /127.0.0.1:35280 => localhost/127.0.0.1:9000]: Reading: DefaultHttpContent(data: SlicedByteBuf(ridx: 0, widx: 16384, cap: 16384/16384, unwrapped: UnpooledUnsafeDirectByteBuf(ridx: 65536, widx: 65536, cap: 65536)), decoderResult: success)
11:39:50.593 [LittleProxy-ProxyToServerWorker-3] DEBUG o.l.p.impl.ClientToProxyConnection - (AWAITING_INITIAL) [id: 0x16fa54b8, /127.0.0.1:54150 => /127.0.1.1:45224]: Retaining reference counted message
11:39:50.593 [LittleProxy-ProxyToServerWorker-3] DEBUG o.l.p.impl.ClientToProxyConnection - (AWAITING_INITIAL) [id: 0x16fa54b8, /127.0.0.1:54150 => /127.0.1.1:45224]: Writing: DefaultHttpContent(data: SlicedByteBuf(ridx: 0, widx: 16384, cap: 16384/16384, unwrapped: UnpooledUnsafeDirectByteBuf(ridx: 65536, widx: 65536, cap: 65536)), decoderResult: success)
11:39:50.593 [LittleProxy-ProxyToServerWorker-3] DEBUG o.l.p.impl.ClientToProxyConnection - (AWAITING_INITIAL) [id: 0x16fa54b8, /127.0.0.1:54150 => /127.0.1.1:45224]: Wrote: DefaultHttpContent(data: SlicedByteBuf(ridx: 0, widx: 16384, cap: 16384/16384, unwrapped: UnpooledUnsafeDirectByteBuf(ridx: 65536, widx: 65536, cap: 65536)), decoderResult: success)
11:39:50.593 [LittleProxy-ProxyToServerWorker-3] DEBUG o.l.p.impl.ClientToProxyConnection - (AWAITING_INITIAL) [id: 0x16fa54b8, /127.0.0.1:54150 => /127.0.1.1:45224]: Not closing server connection on middle chunk for /bower_components/angular/angular.js
11:39:50.593 [LittleProxy-ProxyToServerWorker-3] DEBUG o.l.p.impl.ClientToProxyConnection - (AWAITING_INITIAL) [id: 0x16fa54b8, /127.0.0.1:54150 => /127.0.1.1:45224]: Not closing client connection on middle chunk for /bower_components/angular/angular.js
11:39:50.593 [LittleProxy-ProxyToServerWorker-3] DEBUG o.l.p.impl.ProxyToServerConnection - (AWAITING_CHUNK) [id: 0xceaab001, /127.0.0.1:35280 => localhost/127.0.0.1:9000]: Reading: DefaultHttpContent(data: SlicedByteBuf(ridx: 0, widx: 16384, cap: 16384/16384, unwrapped: UnpooledUnsafeDirectByteBuf(ridx: 65536, widx: 65536, cap: 65536)), decoderResult: success)
11:39:50.593 [LittleProxy-ProxyToServerWorker-3] DEBUG o.l.p.impl.ClientToProxyConnection - (AWAITING_INITIAL) [id: 0x16fa54b8, /127.0.0.1:54150 => /127.0.1.1:45224]: Retaining reference counted message
11:39:50.593 [LittleProxy-ProxyToServerWorker-3] DEBUG o.l.p.impl.ClientToProxyConnection - (AWAITING_INITIAL) [id: 0x16fa54b8, /127.0.0.1:54150 => /127.0.1.1:45224]: Writing: DefaultHttpContent(data: SlicedByteBuf(ridx: 0, widx: 16384, cap: 16384/16384, unwrapped: UnpooledUnsafeDirectByteBuf(ridx: 65536, widx: 65536, cap: 65536)), decoderResult: success)
11:39:50.593 [LittleProxy-ProxyToServerWorker-3] DEBUG o.l.p.impl.ClientToProxyConnection - (AWAITING_INITIAL) [id: 0x16fa54b8, /127.0.0.1:54150 => /127.0.1.1:45224]: Wrote: DefaultHttpContent(data: SlicedByteBuf(ridx: 0, widx: 16384, cap: 16384/16384, unwrapped: UnpooledUnsafeDirectByteBuf(ridx: 65536, widx: 65536, cap: 65536)), decoderResult: success)
11:39:50.593 [LittleProxy-ProxyToServerWorker-3] DEBUG o.l.p.impl.ClientToProxyConnection - (AWAITING_INITIAL) [id: 0x16fa54b8, /127.0.0.1:54150 => /127.0.1.1:45224]: Not closing server connection on middle chunk for /bower_components/angular/angular.js
11:39:50.593 [LittleProxy-ProxyToServerWorker-3] DEBUG o.l.p.impl.ClientToProxyConnection - (AWAITING_INITIAL) [id: 0x16fa54b8, /127.0.0.1:54150 => /127.0.1.1:45224]: Not closing client connection on middle chunk for /bower_components/angular/angular.js
11:39:50.593 [LittleProxy-ProxyToServerWorker-3] DEBUG o.l.p.impl.ProxyToServerConnection - (AWAITING_CHUNK) [id: 0xceaab001, /127.0.0.1:35280 => localhost/127.0.0.1:9000]: Reading: DefaultHttpContent(data: SlicedByteBuf(ridx: 0, widx: 16384, cap: 16384/16384, unwrapped: UnpooledUnsafeDirectByteBuf(ridx: 65536, widx: 65536, cap: 65536)), decoderResult: success)
11:39:50.594 [LittleProxy-ProxyToServerWorker-3] DEBUG o.l.p.impl.ClientToProxyConnection - (AWAITING_INITIAL) [id: 0x16fa54b8, /127.0.0.1:54150 => /127.0.1.1:45224]: Retaining reference counted message
11:39:50.594 [LittleProxy-ProxyToServerWorker-3] DEBUG o.l.p.impl.ClientToProxyConnection - (AWAITING_INITIAL) [id: 0x16fa54b8, /127.0.0.1:54150 => /127.0.1.1:45224]: Writing: DefaultHttpContent(data: SlicedByteBuf(ridx: 0, widx: 16384, cap: 16384/16384, unwrapped: UnpooledUnsafeDirectByteBuf(ridx: 65536, widx: 65536, cap: 65536)), decoderResult: success)
11:39:50.594 [LittleProxy-ProxyToServerWorker-3] DEBUG o.l.p.impl.ClientToProxyConnection - (AWAITING_INITIAL) [id: 0x16fa54b8, /127.0.0.1:54150 => /127.0.1.1:45224]: Wrote: DefaultHttpContent(data: SlicedByteBuf(ridx: 0, widx: 16384, cap: 16384/16384, unwrapped: UnpooledUnsafeDirectByteBuf(ridx: 65536, widx: 65536, cap: 65536)), decoderResult: success)
11:39:50.594 [LittleProxy-ProxyToServerWorker-3] DEBUG o.l.p.impl.ClientToProxyConnection - (AWAITING_INITIAL) [id: 0x16fa54b8, /127.0.0.1:54150 => /127.0.1.1:45224]: Not closing server connection on middle chunk for /bower_components/angular/angular.js
11:39:50.594 [LittleProxy-ProxyToServerWorker-3] DEBUG o.l.p.impl.ClientToProxyConnection - (AWAITING_INITIAL) [id: 0x16fa54b8, /127.0.0.1:54150 => /127.0.1.1:45224]: Not closing client connection on middle chunk for /bower_components/angular/angular.js
11:39:50.594 [LittleProxy-ProxyToServerWorker-3] DEBUG o.l.p.impl.ProxyToServerConnection - (AWAITING_CHUNK) [id: 0xceaab001, /127.0.0.1:35280 => localhost/127.0.0.1:9000]: Reading: DefaultHttpContent(data: SlicedByteBuf(ridx: 0, widx: 16384, cap: 16384/16384, unwrapped: UnpooledUnsafeDirectByteBuf(ridx: 65536, widx: 65536, cap: 65536)), decoderResult: success)
11:39:50.594 [LittleProxy-ProxyToServerWorker-3] DEBUG o.l.p.impl.ClientToProxyConnection - (AWAITING_INITIAL) [id: 0x16fa54b8, /127.0.0.1:54150 => /127.0.1.1:45224]: Retaining reference counted message
11:39:50.594 [LittleProxy-ProxyToServerWorker-3] DEBUG o.l.p.impl.ClientToProxyConnection - (AWAITING_INITIAL) [id: 0x16fa54b8, /127.0.0.1:54150 => /127.0.1.1:45224]: Writing: DefaultHttpContent(data: SlicedByteBuf(ridx: 0, widx: 16384, cap: 16384/16384, unwrapped: UnpooledUnsafeDirectByteBuf(ridx: 65536, widx: 65536, cap: 65536)), decoderResult: success)
11:39:50.594 [LittleProxy-ProxyToServerWorker-3] DEBUG o.l.p.impl.ClientToProxyConnection - (AWAITING_INITIAL) [id: 0x16fa54b8, /127.0.0.1:54150 => /127.0.1.1:45224]: Wrote: DefaultHttpContent(data: SlicedByteBuf(ridx: 0, widx: 16384, cap: 16384/16384, unwrapped: UnpooledUnsafeDirectByteBuf(ridx: 65536, widx: 65536, cap: 65536)), decoderResult: success)
11:39:50.594 [LittleProxy-ProxyToServerWorker-3] DEBUG o.l.p.impl.ClientToProxyConnection - (AWAITING_INITIAL) [id: 0x16fa54b8, /127.0.0.1:54150 => /127.0.1.1:45224]: Not closing server connection on middle chunk for /bower_components/angular/angular.js
11:39:50.594 [LittleProxy-ProxyToServerWorker-3] DEBUG o.l.p.impl.ClientToProxyConnection - (AWAITING_INITIAL) [id: 0x16fa54b8, /127.0.0.1:54150 => /127.0.1.1:45224]: Not closing client connection on middle chunk for /bower_components/angular/angular.js
11:39:50.594 [LittleProxy-ProxyToServerWorker-3] DEBUG o.l.p.impl.ProxyToServerConnection - (AWAITING_CHUNK) [id: 0xceaab001, /127.0.0.1:35280 => localhost/127.0.0.1:9000]: Reading: DefaultHttpContent(data: SlicedByteBuf(ridx: 0, widx: 16384, cap: 16384/16384, unwrapped: UnpooledUnsafeDirectByteBuf(ridx: 65536, widx: 65536, cap: 65536)), decoderResult: success)
11:39:50.594 [LittleProxy-ProxyToServerWorker-3] DEBUG o.l.p.impl.ClientToProxyConnection - (AWAITING_INITIAL) [id: 0x16fa54b8, /127.0.0.1:54150 => /127.0.1.1:45224]: Retaining reference counted message
11:39:50.594 [LittleProxy-ProxyToServerWorker-3] DEBUG o.l.p.impl.ClientToProxyConnection - (AWAITING_INITIAL) [id: 0x16fa54b8, /127.0.0.1:54150 => /127.0.1.1:45224]: Writing: DefaultHttpContent(data: SlicedByteBuf(ridx: 0, widx: 16384, cap: 16384/16384, unwrapped: UnpooledUnsafeDirectByteBuf(ridx: 65536, widx: 65536, cap: 65536)), decoderResult: success)
11:39:50.594 [LittleProxy-ProxyToServerWorker-3] DEBUG o.l.p.impl.ClientToProxyConnection - (AWAITING_INITIAL) [id: 0x16fa54b8, /127.0.0.1:54150 => /127.0.1.1:45224]: Wrote: DefaultHttpContent(data: SlicedByteBuf(ridx: 0, widx: 16384, cap: 16384/16384, unwrapped: UnpooledUnsafeDirectByteBuf(ridx: 65536, widx: 65536, cap: 65536)), decoderResult: success)
11:39:50.594 [LittleProxy-ProxyToServerWorker-3] DEBUG o.l.p.impl.ClientToProxyConnection - (AWAITING_INITIAL) [id: 0x16fa54b8, /127.0.0.1:54150 => /127.0.1.1:45224]: Not closing server connection on middle chunk for /bower_components/angular/angular.js
11:39:50.594 [LittleProxy-ProxyToServerWorker-3] DEBUG o.l.p.impl.ClientToProxyConnection - (AWAITING_INITIAL) [id: 0x16fa54b8, /127.0.0.1:54150 => /127.0.1.1:45224]: Not closing client connection on middle chunk for /bower_components/angular/angular.js
11:39:50.594 [LittleProxy-ProxyToServerWorker-3] DEBUG o.l.p.impl.ProxyToServerConnection - (AWAITING_CHUNK) [id: 0xceaab001, /127.0.0.1:35280 => localhost/127.0.0.1:9000]: Reading: DefaultHttpContent(data: SlicedByteBuf(ridx: 0, widx: 16384, cap: 16384/16384, unwrapped: UnpooledUnsafeDirectByteBuf(ridx: 65536, widx: 65536, cap: 65536)), decoderResult: success)
11:39:50.594 [LittleProxy-ProxyToServerWorker-3] DEBUG o.l.p.impl.ClientToProxyConnection - (AWAITING_INITIAL) [id: 0x16fa54b8, /127.0.0.1:54150 => /127.0.1.1:45224]: Retaining reference counted message
11:39:50.594 [LittleProxy-ProxyToServerWorker-3] DEBUG o.l.p.impl.ClientToProxyConnection - (AWAITING_INITIAL) [id: 0x16fa54b8, /127.0.0.1:54150 => /127.0.1.1:45224]: Writing: DefaultHttpContent(data: SlicedByteBuf(ridx: 0, widx: 16384, cap: 16384/16384, unwrapped: UnpooledUnsafeDirectByteBuf(ridx: 65536, widx: 65536, cap: 65536)), decoderResult: success)
11:39:50.594 [LittleProxy-ProxyToServerWorker-3] DEBUG o.l.p.impl.ClientToProxyConnection - (AWAITING_INITIAL) [id: 0x16fa54b8, /127.0.0.1:54150 => /127.0.1.1:45224]: Wrote: DefaultHttpContent(data: SlicedByteBuf(ridx: 0, widx: 16384, cap: 16384/16384, unwrapped: UnpooledUnsafeDirectByteBuf(ridx: 65536, widx: 65536, cap: 65536)), decoderResult: success)
11:39:50.594 [LittleProxy-ProxyToServerWorker-3] DEBUG o.l.p.impl.ClientToProxyConnection - (AWAITING_INITIAL) [id: 0x16fa54b8, /127.0.0.1:54150 => /127.0.1.1:45224]: Not closing server connection on middle chunk for /bower_components/angular/angular.js
11:39:50.594 [LittleProxy-ProxyToServerWorker-3] DEBUG o.l.p.impl.ClientToProxyConnection - (AWAITING_INITIAL) [id: 0x16fa54b8, /127.0.0.1:54150 => /127.0.1.1:45224]: Not closing client connection on middle chunk for /bower_components/angular/angular.js
11:39:50.594 [LittleProxy-ProxyToServerWorker-3] DEBUG o.l.p.impl.ProxyToServerConnection - (AWAITING_CHUNK) [id: 0xceaab001, /127.0.0.1:35280 => localhost/127.0.0.1:9000]: Reading: DefaultHttpContent(data: SlicedByteBuf(ridx: 0, widx: 16384, cap: 16384/16384, unwrapped: UnpooledUnsafeDirectByteBuf(ridx: 65536, widx: 65536, cap: 65536)), decoderResult: success)
11:39:50.594 [LittleProxy-ProxyToServerWorker-3] DEBUG o.l.p.impl.ClientToProxyConnection - (AWAITING_INITIAL) [id: 0x16fa54b8, /127.0.0.1:54150 => /127.0.1.1:45224]: Retaining reference counted message
11:39:50.594 [LittleProxy-ProxyToServerWorker-3] DEBUG o.l.p.impl.ClientToProxyConnection - (AWAITING_INITIAL) [id: 0x16fa54b8, /127.0.0.1:54150 => /127.0.1.1:45224]: Writing: DefaultHttpContent(data: SlicedByteBuf(ridx: 0, widx: 16384, cap: 16384/16384, unwrapped: UnpooledUnsafeDirectByteBuf(ridx: 65536, widx: 65536, cap: 65536)), decoderResult: success)
11:39:50.594 [LittleProxy-ProxyToServerWorker-3] DEBUG o.l.p.impl.ClientToProxyConnection - (AWAITING_INITIAL) [id: 0x16fa54b8, /127.0.0.1:54150 => /127.0.1.1:45224]: Wrote: DefaultHttpContent(data: SlicedByteBuf(ridx: 0, widx: 16384, cap: 16384/16384, unwrapped: UnpooledUnsafeDirectByteBuf(ridx: 65536, widx: 65536, cap: 65536)), decoderResult: success)
11:39:50.594 [LittleProxy-ProxyToServerWorker-3] DEBUG o.l.p.impl.ClientToProxyConnection - (AWAITING_INITIAL) [id: 0x16fa54b8, /127.0.0.1:54150 => /127.0.1.1:45224]: Not closing server connection on middle chunk for /bower_components/angular/angular.js
11:39:50.594 [LittleProxy-ProxyToServerWorker-3] DEBUG o.l.p.impl.ClientToProxyConnection - (AWAITING_INITIAL) [id: 0x16fa54b8, /127.0.0.1:54150 => /127.0.1.1:45224]: Not closing client connection on middle chunk for /bower_components/angular/angular.js
11:39:50.594 [LittleProxy-ProxyToServerWorker-3] DEBUG o.l.p.impl.ProxyToServerConnection - (AWAITING_CHUNK) [id: 0xceaab001, /127.0.0.1:35280 => localhost/127.0.0.1:9000]: Reading: DefaultHttpContent(data: SlicedByteBuf(ridx: 0, widx: 16384, cap: 16384/16384, unwrapped: UnpooledUnsafeDirectByteBuf(ridx: 65536, widx: 65536, cap: 65536)), decoderResult: success)
11:39:50.594 [LittleProxy-ProxyToServerWorker-3] DEBUG o.l.p.impl.ClientToProxyConnection - (AWAITING_INITIAL) [id: 0x16fa54b8, /127.0.0.1:54150 => /127.0.1.1:45224]: Retaining reference counted message
11:39:50.595 [LittleProxy-ProxyToServerWorker-3] DEBUG o.l.p.impl.ClientToProxyConnection - (AWAITING_INITIAL) [id: 0x16fa54b8, /127.0.0.1:54150 => /127.0.1.1:45224]: Writing: DefaultHttpContent(data: SlicedByteBuf(ridx: 0, widx: 16384, cap: 16384/16384, unwrapped: UnpooledUnsafeDirectByteBuf(ridx: 65536, widx: 65536, cap: 65536)), decoderResult: success)
11:39:50.595 [LittleProxy-ProxyToServerWorker-3] DEBUG o.l.p.impl.ClientToProxyConnection - (AWAITING_INITIAL) [id: 0x16fa54b8, /127.0.0.1:54150 => /127.0.1.1:45224]: Wrote: DefaultHttpContent(data: SlicedByteBuf(ridx: 0, widx: 16384, cap: 16384/16384, unwrapped: UnpooledUnsafeDirectByteBuf(ridx: 65536, widx: 65536, cap: 65536)), decoderResult: success)
11:39:50.595 [LittleProxy-ProxyToServerWorker-3] DEBUG o.l.p.impl.ClientToProxyConnection - (AWAITING_INITIAL) [id: 0x16fa54b8, /127.0.0.1:54150 => /127.0.1.1:45224]: Not closing server connection on middle chunk for /bower_components/angular/angular.js
11:39:50.595 [LittleProxy-ProxyToServerWorker-3] DEBUG o.l.p.impl.ClientToProxyConnection - (AWAITING_INITIAL) [id: 0x16fa54b8, /127.0.0.1:54150 => /127.0.1.1:45224]: Not closing client connection on middle chunk for /bower_components/angular/angular.js
11:39:50.600 [LittleProxy-ProxyToServerWorker-6] DEBUG o.l.p.impl.ProxyToServerConnection - (AWAITING_INITIAL) [id: 0x15efad94, /127.0.0.1:35282 => localhost/127.0.0.1:9000]: Remembering the current request.
11:39:50.601 [LittleProxy-ProxyToServerWorker-6] DEBUG o.l.p.impl.ProxyToServerConnection - (AWAITING_INITIAL) [id: 0x15efad94, /127.0.0.1:35282 => localhost/127.0.0.1:9000]: Reading: DefaultHttpResponse(decodeResult: success, version: HTTP/1.1)
HTTP/1.1 200 OK
Accept-Ranges: bytes
Date: Tue, 08 Sep 2015 10:39:50 GMT
Cache-Control: public, max-age=0
Last-Modified: Thu, 13 Feb 2014 17:24:59 GMT
ETag: W/"dDdpNkEWoPQr6VXsOhhhTg=="
Content-Type: application/javascript
Content-Length: 55258
Connection: keep-alive
11:39:50.601 [LittleProxy-ProxyToServerWorker-6] DEBUG o.l.p.impl.ProxyToServerConnection - (AWAITING_INITIAL) [id: 0x15efad94, /127.0.0.1:35282 => localhost/127.0.0.1:9000]: Received raw response: DefaultHttpResponse(decodeResult: success, version: HTTP/1.1)
HTTP/1.1 200 OK
Accept-Ranges: bytes
Date: Tue, 08 Sep 2015 10:39:50 GMT
Cache-Control: public, max-age=0
Last-Modified: Thu, 13 Feb 2014 17:24:59 GMT
ETag: W/"dDdpNkEWoPQr6VXsOhhhTg=="
Content-Type: application/javascript
Content-Length: 55258
Connection: keep-alive
11:39:50.601 [LittleProxy-ProxyToServerWorker-6] DEBUG o.l.p.impl.ProxyToServerConnection - (AWAITING_INITIAL) [id: 0x15efad94, /127.0.0.1:35282 => localhost/127.0.0.1:9000]: Remembering the current response.
11:39:50.601 [LittleProxy-ProxyToServerWorker-6] DEBUG o.l.p.impl.ClientToProxyConnection - (AWAITING_INITIAL) [id: 0x87242349, /127.0.0.1:54149 => /127.0.1.1:45224]: Writing: DefaultHttpResponse(decodeResult: success, version: HTTP/1.1)
HTTP/1.1 200 OK
Accept-Ranges: bytes
Date: Tue, 08 Sep 2015 10:39:50 GMT
Cache-Control: public, max-age=0
Last-Modified: Thu, 13 Feb 2014 17:24:59 GMT
ETag: W/"dDdpNkEWoPQr6VXsOhhhTg=="
Content-Type: application/javascript
Content-Length: 55258
Via: 1.1 localhost.localdomain
11:39:50.601 [LittleProxy-ProxyToServerWorker-6] DEBUG o.l.p.impl.ClientToProxyConnection - (AWAITING_INITIAL) [id: 0x87242349, /127.0.0.1:54149 => /127.0.1.1:45224]: Wrote: DefaultHttpResponse(decodeResult: success, version: HTTP/1.1)
HTTP/1.1 200 OK
Accept-Ranges: bytes
Date: Tue, 08 Sep 2015 10:39:50 GMT
Cache-Control: public, max-age=0
Last-Modified: Thu, 13 Feb 2014 17:24:59 GMT
ETag: W/"dDdpNkEWoPQr6VXsOhhhTg=="
Content-Type: application/javascript
Content-Length: 55258
Via: 1.1 localhost.localdomain
11:39:50.601 [LittleProxy-ProxyToServerWorker-6] DEBUG o.l.p.impl.ClientToProxyConnection - (AWAITING_INITIAL) [id: 0x87242349, /127.0.0.1:54149 => /127.0.1.1:45224]: Not closing server connection on middle chunk for /bower_components/bootstrap/dist/js/bootstrap.js
11:39:50.601 [LittleProxy-ProxyToServerWorker-6] DEBUG o.l.p.impl.ClientToProxyConnection - (AWAITING_INITIAL) [id: 0x87242349, /127.0.0.1:54149 => /127.0.1.1:45224]: Not closing client connection on middle chunk for /bower_components/bootstrap/dist/js/bootstrap.js
11:39:50.601 [LittleProxy-ProxyToServerWorker-6] DEBUG o.l.p.impl.ProxyToServerConnection - (AWAITING_CHUNK) [id: 0x15efad94, /127.0.0.1:35282 => localhost/127.0.0.1:9000]: Reading: DefaultHttpContent(data: SlicedByteBuf(ridx: 0, widx: 233, cap: 233/233, unwrapped: UnpooledUnsafeDirectByteBuf(ridx: 512, widx: 512, cap: 512)), decoderResult: success)
11:39:50.601 [LittleProxy-ProxyToServerWorker-6] DEBUG o.l.p.impl.ClientToProxyConnection - (AWAITING_INITIAL) [id: 0x87242349, /127.0.0.1:54149 => /127.0.1.1:45224]: Retaining reference counted message
11:39:50.601 [LittleProxy-ProxyToServerWorker-6] DEBUG o.l.p.impl.ClientToProxyConnection - (AWAITING_INITIAL) [id: 0x87242349, /127.0.0.1:54149 => /127.0.1.1:45224]: Writing: DefaultHttpContent(data: SlicedByteBuf(ridx: 0, widx: 233, cap: 233/233, unwrapped: UnpooledUnsafeDirectByteBuf(ridx: 512, widx: 512, cap: 512)), decoderResult: success)
11:39:50.601 [LittleProxy-ProxyToServerWorker-6] DEBUG o.l.p.impl.ClientToProxyConnection - (AWAITING_INITIAL) [id: 0x87242349, /127.0.0.1:54149 => /127.0.1.1:45224]: Wrote: DefaultHttpContent(data: SlicedByteBuf(ridx: 0, widx: 233, cap: 233/233, unwrapped: UnpooledUnsafeDirectByteBuf(ridx: 512, widx: 512, cap: 512)), decoderResult: success)
11:39:50.601 [LittleProxy-ProxyToServerWorker-6] DEBUG o.l.p.impl.ClientToProxyConnection - (AWAITING_INITIAL) [id: 0x87242349, /127.0.0.1:54149 => /127.0.1.1:45224]: Not closing server connection on middle chunk for /bower_components/bootstrap/dist/js/bootstrap.js
11:39:50.601 [LittleProxy-ProxyToServerWorker-6] DEBUG o.l.p.impl.ClientToProxyConnection - (AWAITING_INITIAL) [id: 0x87242349, /127.0.0.1:54149 => /127.0.1.1:45224]: Not closing client connection on middle chunk for /bower_components/bootstrap/dist/js/bootstrap.js
11:39:50.601 [LittleProxy-ProxyToServerWorker-6] DEBUG o.l.p.impl.ProxyToServerConnection - (AWAITING_CHUNK) [id: 0x15efad94, /127.0.0.1:35282 => localhost/127.0.0.1:9000]: Reading: DefaultHttpContent(data: SlicedByteBuf(ridx: 0, widx: 512, cap: 512/512, unwrapped: UnpooledUnsafeDirectByteBuf(ridx: 512, widx: 512, cap: 512)), decoderResult: success)
11:39:50.601 [LittleProxy-ProxyToServerWorker-6] DEBUG o.l.p.impl.ClientToProxyConnection - (AWAITING_INITIAL) [id: 0x87242349, /127.0.0.1:54149 => /127.0.1.1:45224]: Retaining reference counted message
11:39:50.601 [LittleProxy-ProxyToServerWorker-6] DEBUG o.l.p.impl.ClientToProxyConnection - (AWAITING_INITIAL) [id: 0x87242349, /127.0.0.1:54149 => /127.0.1.1:45224]: Writing: DefaultHttpContent(data: SlicedByteBuf(ridx: 0, widx: 512, cap: 512/512, unwrapped: UnpooledUnsafeDirectByteBuf(ridx: 512, widx: 512, cap: 512)), decoderResult: success)
11:39:50.601 [LittleProxy-ProxyToServerWorker-6] DEBUG o.l.p.impl.ClientToProxyConnection - (AWAITING_INITIAL) [id: 0x87242349, /127.0.0.1:54149 => /127.0.1.1:45224]: Wrote: DefaultHttpContent(data: SlicedByteBuf(ridx: 0, widx: 512, cap: 512/512, unwrapped: UnpooledUnsafeDirectByteBuf(ridx: 512, widx: 512, cap: 512)), decoderResult: success)
11:39:50.601 [LittleProxy-ProxyToServerWorker-6] DEBUG o.l.p.impl.ClientToProxyConnection - (AWAITING_INITIAL) [id: 0x87242349, /127.0.0.1:54149 => /127.0.1.1:45224]: Not closing server connection on middle chunk for /bower_components/bootstrap/dist/js/bootstrap.js
11:39:50.601 [LittleProxy-ProxyToServerWorker-6] DEBUG o.l.p.impl.ClientToProxyConnection - (AWAITING_INITIAL) [id: 0x87242349, /127.0.0.1:54149 => /127.0.1.1:45224]: Not closing client connection on middle chunk for /bower_components/bootstrap/dist/js/bootstrap.js
11:39:50.601 [LittleProxy-ProxyToServerWorker-6] DEBUG o.l.p.impl.ProxyToServerConnection - (AWAITING_CHUNK) [id: 0x15efad94, /127.0.0.1:35282 => localhost/127.0.0.1:9000]: Reading: DefaultHttpContent(data: SlicedByteBuf(ridx: 0, widx: 512, cap: 512/512, unwrapped: UnpooledUnsafeDirectByteBuf(ridx: 512, widx: 512, cap: 512)), decoderResult: success)
11:39:50.601 [LittleProxy-ProxyToServerWorker-6] DEBUG o.l.p.impl.ClientToProxyConnection - (AWAITING_INITIAL) [id: 0x87242349, /127.0.0.1:54149 => /127.0.1.1:45224]: Retaining reference counted message
11:39:50.601 [LittleProxy-ProxyToServerWorker-6] DEBUG o.l.p.impl.ClientToProxyConnection - (AWAITING_INITIAL) [id: 0x87242349, /127.0.0.1:54149 => /127.0.1.1:45224]: Writing: DefaultHttpContent(data: SlicedByteBuf(ridx: 0, widx: 512, cap: 512/512, unwrapped: UnpooledUnsafeDirectByteBuf(ridx: 512, widx: 512, cap: 512)), decoderResult: success)
11:39:50.601 [LittleProxy-ProxyToServerWorker-6] DEBUG o.l.p.impl.ClientToProxyConnection - (AWAITING_INITIAL) [id: 0x87242349, /127.0.0.1:54149 => /127.0.1.1:45224]: Wrote: DefaultHttpContent(data: SlicedByteBuf(ridx: 0, widx: 512, cap: 512/512, unwrapped: UnpooledUnsafeDirectByteBuf(ridx: 512, widx: 512, cap: 512)), decoderResult: success)
11:39:50.601 [LittleProxy-ProxyToServerWorker-6] DEBUG o.l.p.impl.ClientToProxyConnection - (AWAITING_INITIAL) [id: 0x87242349, /127.0.0.1:54149 => /127.0.1.1:45224]: Not closing server connection on middle chunk for /bower_components/bootstrap/dist/js/bootstrap.js
11:39:50.601 [LittleProxy-ProxyToServerWorker-6] DEBUG o.l.p.impl.ClientToProxyConnection - (AWAITING_INITIAL) [id: 0x87242349, /127.0.0.1:54149 => /127.0.1.1:45224]: Not closing client connection on middle chunk for /bower_components/bootstrap/dist/js/bootstrap.js
11:39:50.601 [LittleProxy-ProxyToServerWorker-6] DEBUG o.l.p.impl.ProxyToServerConnection - (AWAITING_CHUNK) [id: 0x15efad94, /127.0.0.1:35282 => localhost/127.0.0.1:9000]: Reading: DefaultHttpContent(data: SlicedByteBuf(ridx: 0, widx: 512, cap: 512/512, unwrapped: UnpooledUnsafeDirectByteBuf(ridx: 512, widx: 512, cap: 512)), decoderResult: success)
11:39:50.601 [LittleProxy-ProxyToServerWorker-6] DEBUG o.l.p.impl.ClientToProxyConnection - (AWAITING_INITIAL) [id: 0x87242349, /127.0.0.1:54149 => /127.0.1.1:45224]: Retaining reference counted message
11:39:50.601 [LittleProxy-ProxyToServerWorker-6] DEBUG o.l.p.impl.ClientToProxyConnection - (AWAITING_INITIAL) [id: 0x87242349, /127.0.0.1:54149 => /127.0.1.1:45224]: Writing: DefaultHttpContent(data: SlicedByteBuf(ridx: 0, widx: 512, cap: 512/512, unwrapped: UnpooledUnsafeDirectByteBuf(ridx: 512, widx: 512, cap: 512)), decoderResult: success)
11:39:50.601 [LittleProxy-ProxyToServerWorker-6] DEBUG o.l.p.impl.ClientToProxyConnection - (AWAITING_INITIAL) [id: 0x87242349, /127.0.0.1:54149 => /127.0.1.1:45224]: Wrote: DefaultHttpContent(data: SlicedByteBuf(ridx: 0, widx: 512, cap: 512/512, unwrapped: UnpooledUnsafeDirectByteBuf(ridx: 512, widx: 512, cap: 512)), decoderResult: success)
11:39:50.601 [LittleProxy-ProxyToServerWorker-6] DEBUG o.l.p.impl.ClientToProxyConnection - (AWAITING_INITIAL) [id: 0x87242349, /127.0.0.1:54149 => /127.0.1.1:45224]: Not closing server connection on middle chunk for /bower_components/bootstrap/dist/js/bootstrap.js
11:39:50.601 [LittleProxy-ProxyToServerWorker-6] DEBUG o.l.p.impl.ClientToProxyConnection - (AWAITING_INITIAL) [id: 0x87242349, /127.0.0.1:54149 => /127.0.1.1:45224]: Not closing client connection on middle chunk for /bower_components/bootstrap/dist/js/bootstrap.js
11:39:50.602 [LittleProxy-ProxyToServerWorker-6] DEBUG o.l.p.impl.ProxyToServerConnection - (AWAITING_CHUNK) [id: 0x15efad94, /127.0.0.1:35282 => localhost/127.0.0.1:9000]: Reading: DefaultHttpContent(data: SlicedByteBuf(ridx: 0, widx: 512, cap: 512/512, unwrapped: UnpooledUnsafeDirectByteBuf(ridx: 512, widx: 512, cap: 512)), decoderResult: success)
11:39:50.602 [LittleProxy-ProxyToServerWorker-6] DEBUG o.l.p.impl.ClientToProxyConnection - (AWAITING_INITIAL) [id: 0x87242349, /127.0.0.1:54149 => /127.0.1.1:45224]: Retaining reference counted message
11:39:50.602 [LittleProxy-ProxyToServerWorker-6] DEBUG o.l.p.impl.ClientToProxyConnection - (AWAITING_INITIAL) [id: 0x87242349, /127.0.0.1:54149 => /127.0.1.1:45224]: Writing: DefaultHttpContent(data: SlicedByteBuf(ridx: 0, widx: 512, cap: 512/512, unwrapped: UnpooledUnsafeDirectByteBuf(ridx: 512, widx: 512, cap: 512)), decoderResult: success)
11:39:50.602 [LittleProxy-ProxyToServerWorker-6] DEBUG o.l.p.impl.ClientToProxyConnection - (AWAITING_INITIAL) [id: 0x87242349, /127.0.0.1:54149 => /127.0.1.1:45224]: Wrote: DefaultHttpContent(data: SlicedByteBuf(ridx: 0, widx: 512, cap: 512/512, unwrapped: UnpooledUnsafeDirectByteBuf(ridx: 512, widx: 512, cap: 512)), decoderResult: success)
11:39:50.602 [LittleProxy-ProxyToServerWorker-6] DEBUG o.l.p.impl.ClientToProxyConnection - (AWAITING_INITIAL) [id: 0x87242349, /127.0.0.1:54149 => /127.0.1.1:45224]: Not closing server connection on middle chunk for /bower_components/bootstrap/dist/js/bootstrap.js
11:39:50.602 [LittleProxy-ProxyToServerWorker-6] DEBUG o.l.p.impl.ClientToProxyConnection - (AWAITING_INITIAL) [id: 0x87242349, /127.0.0.1:54149 => /127.0.1.1:45224]: Not closing client connection on middle chunk for /bower_components/bootstrap/dist/js/bootstrap.js
11:39:50.602 [LittleProxy-ProxyToServerWorker-6] DEBUG o.l.p.impl.ProxyToServerConnection - (AWAITING_CHUNK) [id: 0x15efad94, /127.0.0.1:35282 => localhost/127.0.0.1:9000]: Reading: DefaultHttpContent(data: SlicedByteBuf(ridx: 0, widx: 512, cap: 512/512, unwrapped: UnpooledUnsafeDirectByteBuf(ridx: 512, widx: 512, cap: 512)), decoderResult: success)
11:39:50.602 [LittleProxy-ProxyToServerWorker-6] DEBUG o.l.p.impl.ClientToProxyConnection - (AWAITING_INITIAL) [id: 0x87242349, /127.0.0.1:54149 => /127.0.1.1:45224]: Retaining reference counted message
11:39:50.602 [LittleProxy-ProxyToServerWorker-6] DEBUG o.l.p.impl.ClientToProxyConnection - (AWAITING_INITIAL) [id: 0x87242349, /127.0.0.1:54149 => /127.0.1.1:45224]: Writing: DefaultHttpContent(data: SlicedByteBuf(ridx: 0, widx: 512, cap: 512/512, unwrapped: UnpooledUnsafeDirectByteBuf(ridx: 512, widx: 512, cap: 512)), decoderResult: success)
11:39:50.602 [LittleProxy-ProxyToServerWorker-6] DEBUG o.l.p.impl.ClientToProxyConnection - (AWAITING_INITIAL) [id: 0x87242349, /127.0.0.1:54149 => /127.0.1.1:45224]: Wrote: DefaultHttpContent(data: SlicedByteBuf(ridx: 0, widx: 512, cap: 512/512, unwrapped: UnpooledUnsafeDirectByteBuf(ridx: 512, widx: 512, cap: 512)), decoderResult: success)
11:39:50.602 [LittleProxy-ProxyToServerWorker-6] DEBUG o.l.p.impl.ClientToProxyConnection - (AWAITING_INITIAL) [id: 0x87242349, /127.0.0.1:54149 => /127.0.1.1:45224]: Not closing server connection on middle chunk for /bower_components/bootstrap/dist/js/bootstrap.js
11:39:50.602 [LittleProxy-ProxyToServerWorker-6] DEBUG o.l.p.impl.ClientToProxyConnection - (AWAITING_INITIAL) [id: 0x87242349, /127.0.0.1:54149 => /127.0.1.1:45224]: Not closing client connection on middle chunk for /bower_components/bootstrap/dist/js/bootstrap.js
11:39:50.602 [LittleProxy-ProxyToServerWorker-6] DEBUG o.l.p.impl.ProxyToServerConnection - (AWAITING_CHUNK) [id: 0x15efad94, /127.0.0.1:35282 => localhost/127.0.0.1:9000]: Reading: DefaultHttpContent(data: SlicedByteBuf(ridx: 0, widx: 512, cap: 512/512, unwrapped: UnpooledUnsafeDirectByteBuf(ridx: 512, widx: 512, cap: 512)), decoderResult: success)
11:39:50.602 [LittleProxy-ProxyToServerWorker-6] DEBUG o.l.p.impl.ClientToProxyConnection - (AWAITING_INITIAL) [id: 0x87242349, /127.0.0.1:54149 => /127.0.1.1:45224]: Retaining reference counted message
11:39:50.602 [LittleProxy-ProxyToServerWorker-6] DEBUG o.l.p.impl.ClientToProxyConnection - (AWAITING_INITIAL) [id: 0x87242349, /127.0.0.1:54149 => /127.0.1.1:45224]: Writing: DefaultHttpContent(data: SlicedByteBuf(ridx: 0, widx: 512, cap: 512/512, unwrapped: UnpooledUnsafeDirectByteBuf(ridx: 512, widx: 512, cap: 512)), decoderResult: success)
11:39:50.602 [LittleProxy-ProxyToServerWorker-6] DEBUG o.l.p.impl.ClientToProxyConnection - (AWAITING_INITIAL) [id: 0x87242349, /127.0.0.1:54149 => /127.0.1.1:45224]: Wrote: DefaultHttpContent(data: SlicedByteBuf(ridx: 0, widx: 512, cap: 512/512, unwrapped: UnpooledUnsafeDirectByteBuf(ridx: 512, widx: 512, cap: 512)), decoderResult: success)
11:39:50.602 [LittleProxy-ProxyToServerWorker-6] DEBUG o.l.p.impl.ClientToProxyConnection - (AWAITING_INITIAL) [id: 0x87242349, /127.0.0.1:54149 => /127.0.1.1:45224]: Not closing server connection on middle chunk for /bower_components/bootstrap/dist/js/bootstrap.js
11:39:50.602 [LittleProxy-ProxyToServerWorker-6] DEBUG o.l.p.impl.ClientToProxyConnection - (AWAITING_INITIAL) [id: 0x87242349, /127.0.0.1:54149 => /127.0.1.1:45224]: Not closing client connection on middle chunk for /bower_components/bootstrap/dist/js/bootstrap.js
11:39:50.602 [LittleProxy-ProxyToServerWorker-6] DEBUG o.l.p.impl.ProxyToServerConnection - (AWAITING_CHUNK) [id: 0x15efad94, /127.0.0.1:35282 => localhost/127.0.0.1:9000]: Reading: DefaultHttpContent(data: SlicedByteBuf(ridx: 0, widx: 512, cap: 512/512, unwrapped: UnpooledUnsafeDirectByteBuf(ridx: 512, widx: 512, cap: 512)), decoderResult: success)
11:39:50.602 [LittleProxy-ProxyToServerWorker-6] DEBUG o.l.p.impl.ClientToProxyConnection - (AWAITING_INITIAL) [id: 0x87242349, /127.0.0.1:54149 => /127.0.1.1:45224]: Retaining reference counted message
11:39:50.602 [LittleProxy-ProxyToServerWorker-6] DEBUG o.l.p.impl.ClientToProxyConnection - (AWAITING_INITIAL) [id: 0x87242349, /127.0.0.1:54149 => /127.0.1.1:45224]: Writing: DefaultHttpContent(data: SlicedByteBuf(ridx: 0, widx: 512, cap: 512/512, unwrapped: UnpooledUnsafeDirectByteBuf(ridx: 512, widx: 512, cap: 512)), decoderResult: success)
11:39:50.602 [LittleProxy-ProxyToServerWorker-6] DEBUG o.l.p.impl.ClientToProxyConnection - (AWAITING_INITIAL) [id: 0x87242349, /127.0.0.1:54149 => /127.0.1.1:45224]: Wrote: DefaultHttpContent(data: SlicedByteBuf(ridx: 0, widx: 512, cap: 512/512, unwrapped: UnpooledUnsafeDirectByteBuf(ridx: 512, widx: 512, cap: 512)), decoderResult: success)
11:39:50.602 [LittleProxy-ProxyToServerWorker-6] DEBUG o.l.p.impl.ClientToProxyConnection - (AWAITING_INITIAL) [id: 0x87242349, /127.0.0.1:54149 => /127.0.1.1:45224]: Not closing server connection on middle chunk for /bower_components/bootstrap/dist/js/bootstrap.js
11:39:50.602 [LittleProxy-ProxyToServerWorker-6] DEBUG o.l.p.impl.ClientToProxyConnection - (AWAITING_INITIAL) [id: 0x87242349, /127.0.0.1:54149 => /127.0.1.1:45224]: Not closing client connection on middle chunk for /bower_components/bootstrap/dist/js/bootstrap.js
11:39:50.602 [LittleProxy-ProxyToServerWorker-6] DEBUG o.l.p.impl.ProxyToServerConnection - (AWAITING_CHUNK) [id: 0x15efad94, /127.0.0.1:35282 => localhost/127.0.0.1:9000]: Reading: DefaultHttpContent(data: SlicedByteBuf(ridx: 0, widx: 512, cap: 512/512, unwrapped: UnpooledUnsafeDirectByteBuf(ridx: 512, widx: 512, cap: 512)), decoderResult: success)
11:39:50.602 [LittleProxy-ProxyToServerWorker-6] DEBUG o.l.p.impl.ClientToProxyConnection - (AWAITING_INITIAL) [id: 0x87242349, /127.0.0.1:54149 => /127.0.1.1:45224]: Retaining reference counted message
11:39:50.602 [LittleProxy-ProxyToServerWorker-6] DEBUG o.l.p.impl.ClientToProxyConnection - (AWAITING_INITIAL) [id: 0x87242349, /127.0.0.1:54149 => /127.0.1.1:45224]: Writing: DefaultHttpContent(data: SlicedByteBuf(ridx: 0, widx: 512, cap: 512/512, unwrapped: UnpooledUnsafeDirectByteBuf(ridx: 512, widx: 512, cap: 512)), decoderResult: success)
11:39:50.602 [LittleProxy-ProxyToServerWorker-6] DEBUG o.l.p.impl.ClientToProxyConnection - (AWAITING_INITIAL) [id: 0x87242349, /127.0.0.1:54149 => /127.0.1.1:45224]: Wrote: DefaultHttpContent(data: SlicedByteBuf(ridx: 0, widx: 512, cap: 512/512, unwrapped: UnpooledUnsafeDirectByteBuf(ridx: 512, widx: 512, cap: 512)), decoderResult: success)
11:39:50.602 [LittleProxy-ProxyToServerWorker-6] DEBUG o.l.p.impl.ClientToProxyConnection - (AWAITING_INITIAL) [id: 0x87242349, /127.0.0.1:54149 => /127.0.1.1:45224]: Not closing server connection on middle chunk for /bower_components/bootstrap/dist/js/bootstrap.js
11:39:50.602 [LittleProxy-ProxyToServerWorker-6] DEBUG o.l.p.impl.ClientToProxyConnection - (AWAITING_INITIAL) [id: 0x87242349, /127.0.0.1:54149 => /127.0.1.1:45224]: Not closing client connection on middle chunk for /bower_components/bootstrap/dist/js/bootstrap.js
11:39:50.602 [LittleProxy-ProxyToServerWorker-6] DEBUG o.l.p.impl.ProxyToServerConnection - (AWAITING_CHUNK) [id: 0x15efad94, /127.0.0.1:35282 => localhost/127.0.0.1:9000]: Reading: DefaultHttpContent(data: SlicedByteBuf(ridx: 0, widx: 512, cap: 512/512, unwrapped: UnpooledUnsafeDirectByteBuf(ridx: 512, widx: 512, cap: 512)), decoderResult: success)
11:39:50.602 [LittleProxy-ProxyToServerWorker-6] DEBUG o.l.p.impl.ClientToProxyConnection - (AWAITING_INITIAL) [id: 0x87242349, /127.0.0.1:54149 => /127.0.1.1:45224]: Retaining reference counted message
11:39:50.602 [LittleProxy-ProxyToServerWorker-6] DEBUG o.l.p.impl.ClientToProxyConnection - (AWAITING_INITIAL) [id: 0x87242349, /127.0.0.1:54149 => /127.0.1.1:45224]: Writing: DefaultHttpContent(data: SlicedByteBuf(ridx: 0, widx: 512, cap: 512/512, unwrapped: UnpooledUnsafeDirectByteBuf(ridx: 512, widx: 512, cap: 512)), decoderResult: success)
11:39:50.602 [LittleProxy-ProxyToServerWorker-6] DEBUG o.l.p.impl.ClientToProxyConnection - (AWAITING_INITIAL) [id: 0x87242349, /127.0.0.1:54149 => /127.0.1.1:45224]: Wrote: DefaultHttpContent(data: SlicedByteBuf(ridx: 0, widx: 512, cap: 512/512, unwrapped: UnpooledUnsafeDirectByteBuf(ridx: 512, widx: 512, cap: 512)), decoderResult: success)
11:39:50.602 [LittleProxy-ProxyToServerWorker-6] DEBUG o.l.p.impl.ClientToProxyConnection - (AWAITING_INITIAL) [id: 0x87242349, /127.0.0.1:54149 => /127.0.1.1:45224]: Not closing server connection on middle chunk for /bower_components/bootstrap/dist/js/bootstrap.js
11:39:50.602 [LittleProxy-ProxyToServerWorker-6] DEBUG o.l.p.impl.ClientToProxyConnection - (AWAITING_INITIAL) [id: 0x87242349, /127.0.0.1:54149 => /127.0.1.1:45224]: Not closing client connection on middle chunk for /bower_components/bootstrap/dist/js/bootstrap.js
11:39:50.602 [LittleProxy-ProxyToServerWorker-6] DEBUG o.l.p.impl.ProxyToServerConnection - (AWAITING_CHUNK) [id: 0x15efad94, /127.0.0.1:35282 => localhost/127.0.0.1:9000]: Reading: DefaultHttpContent(data: SlicedByteBuf(ridx: 0, widx: 512, cap: 512/512, unwrapped: UnpooledUnsafeDirectByteBuf(ridx: 512, widx: 512, cap: 512)), decoderResult: success)
11:39:50.602 [LittleProxy-ProxyToServerWorker-6] DEBUG o.l.p.impl.ClientToProxyConnection - (AWAITING_INITIAL) [id: 0x87242349, /127.0.0.1:54149 => /127.0.1.1:45224]: Retaining reference counted message
11:39:50.602 [LittleProxy-ProxyToServerWorker-6] DEBUG o.l.p.impl.ClientToProxyConnection - (AWAITING_INITIAL) [id: 0x87242349, /127.0.0.1:54149 => /127.0.1.1:45224]: Writing: DefaultHttpContent(data: SlicedByteBuf(ridx: 0, widx: 512, cap: 512/512, unwrapped: UnpooledUnsafeDirectByteBuf(ridx: 512, widx: 512, cap: 512)), decoderResult: success)
11:39:50.603 [LittleProxy-ProxyToServerWorker-6] DEBUG o.l.p.impl.ClientToProxyConnection - (AWAITING_INITIAL) [id: 0x87242349, /127.0.0.1:54149 => /127.0.1.1:45224]: Wrote: DefaultHttpContent(data: SlicedByteBuf(ridx: 0, widx: 512, cap: 512/512, unwrapped: UnpooledUnsafeDirectByteBuf(ridx: 512, widx: 512, cap: 512)), decoderResult: success)
11:39:50.603 [LittleProxy-ProxyToServerWorker-6] DEBUG o.l.p.impl.ClientToProxyConnection - (AWAITING_INITIAL) [id: 0x87242349, /127.0.0.1:54149 => /127.0.1.1:45224]: Not closing server connection on middle chunk for /bower_components/bootstrap/dist/js/bootstrap.js
11:39:50.603 [LittleProxy-ProxyToServerWorker-6] DEBUG o.l.p.impl.ClientToProxyConnection - (AWAITING_INITIAL) [id: 0x87242349, /127.0.0.1:54149 => /127.0.1.1:45224]: Not closing client connection on middle chunk for /bower_components/bootstrap/dist/js/bootstrap.js
11:39:50.603 [LittleProxy-ProxyToServerWorker-6] DEBUG o.l.p.impl.ProxyToServerConnection - (AWAITING_CHUNK) [id: 0x15efad94, /127.0.0.1:35282 => localhost/127.0.0.1:9000]: Reading: DefaultHttpContent(data: SlicedByteBuf(ridx: 0, widx: 512, cap: 512/512, unwrapped: UnpooledUnsafeDirectByteBuf(ridx: 512, widx: 512, cap: 512)), decoderResult: success)
11:39:50.603 [LittleProxy-ProxyToServerWorker-6] DEBUG o.l.p.impl.ClientToProxyConnection - (AWAITING_INITIAL) [id: 0x87242349, /127.0.0.1:54149 => /127.0.1.1:45224]: Retaining reference counted message
11:39:50.603 [LittleProxy-ProxyToServerWorker-6] DEBUG o.l.p.impl.ClientToProxyConnection - (AWAITING_INITIAL) [id: 0x87242349, /127.0.0.1:54149 => /127.0.1.1:45224]: Writing: DefaultHttpContent(data: SlicedByteBuf(ridx: 0, widx: 512, cap: 512/512, unwrapped: UnpooledUnsafeDirectByteBuf(ridx: 512, widx: 512, cap: 512)), decoderResult: success)
11:39:50.603 [LittleProxy-ProxyToServerWorker-6] DEBUG o.l.p.impl.ClientToProxyConnection - (AWAITING_INITIAL) [id: 0x87242349, /127.0.0.1:54149 => /127.0.1.1:45224]: Wrote: DefaultHttpContent(data: SlicedByteBuf(ridx: 0, widx: 512, cap: 512/512, unwrapped: UnpooledUnsafeDirectByteBuf(ridx: 512, widx: 512, cap: 512)), decoderResult: success)
11:39:50.603 [LittleProxy-ProxyToServerWorker-6] DEBUG o.l.p.impl.ClientToProxyConnection - (AWAITING_INITIAL) [id: 0x87242349, /127.0.0.1:54149 => /127.0.1.1:45224]: Not closing server connection on middle chunk for /bower_components/bootstrap/dist/js/bootstrap.js
11:39:50.603 [LittleProxy-ProxyToServerWorker-2] DEBUG o.l.p.impl.ProxyToServerConnection - (AWAITING_CHUNK) [id: 0x9953b61f, /127.0.0.1:35274 => localhost/127.0.0.1:9000]: Reading: DefaultHttpContent(data: SlicedByteBuf(ridx: 0, widx: 16384, cap: 16384/16384, unwrapped: UnpooledUnsafeDirectByteBuf(ridx: 17732, widx: 17732, cap: 65536)), decoderResult: success)
11:39:50.603 [LittleProxy-ProxyToServerWorker-6] DEBUG o.l.p.impl.ClientToProxyConnection - (AWAITING_INITIAL) [id: 0x87242349, /127.0.0.1:54149 => /127.0.1.1:45224]: Not closing client connection on middle chunk for /bower_components/bootstrap/dist/js/bootstrap.js
11:39:50.603 [LittleProxy-ProxyToServerWorker-2] DEBUG o.l.p.impl.ClientToProxyConnection - (AWAITING_INITIAL) [id: 0xe726451f, /127.0.0.1:54145 => /127.0.1.1:45224]: Retaining reference counted message
11:39:50.603 [LittleProxy-ProxyToServerWorker-2] DEBUG o.l.p.impl.ClientToProxyConnection - (AWAITING_INITIAL) [id: 0xe726451f, /127.0.0.1:54145 => /127.0.1.1:45224]: Writing: DefaultHttpContent(data: SlicedByteBuf(ridx: 0, widx: 16384, cap: 16384/16384, unwrapped: UnpooledUnsafeDirectByteBuf(ridx: 17732, widx: 17732, cap: 65536)), decoderResult: success)
11:39:50.603 [LittleProxy-ProxyToServerWorker-6] DEBUG o.l.p.impl.ProxyToServerConnection - (AWAITING_CHUNK) [id: 0x15efad94, /127.0.0.1:35282 => localhost/127.0.0.1:9000]: Reading: DefaultHttpContent(data: SlicedByteBuf(ridx: 0, widx: 512, cap: 512/512, unwrapped: UnpooledUnsafeDirectByteBuf(ridx: 512, widx: 512, cap: 512)), decoderResult: success)
11:39:50.603 [LittleProxy-ProxyToServerWorker-6] DEBUG o.l.p.impl.ClientToProxyConnection - (AWAITING_INITIAL) [id: 0x87242349, /127.0.0.1:54149 => /127.0.1.1:45224]: Retaining reference counted message
11:39:50.603 [LittleProxy-ProxyToServerWorker-2] DEBUG o.l.p.impl.ClientToProxyConnection - (AWAITING_INITIAL) [id: 0xe726451f, /127.0.0.1:54145 => /127.0.1.1:45224]: Wrote: DefaultHttpContent(data: SlicedByteBuf(ridx: 0, widx: 16384, cap: 16384/16384, unwrapped: UnpooledUnsafeDirectByteBuf(ridx: 17732, widx: 17732, cap: 65536)), decoderResult: success)
11:39:50.603 [LittleProxy-ProxyToServerWorker-6] DEBUG o.l.p.impl.ClientToProxyConnection - (AWAITING_INITIAL) [id: 0x87242349, /127.0.0.1:54149 => /127.0.1.1:45224]: Writing: DefaultHttpContent(data: SlicedByteBuf(ridx: 0, widx: 512, cap: 512/512, unwrapped: UnpooledUnsafeDirectByteBuf(ridx: 512, widx: 512, cap: 512)), decoderResult: success)
11:39:50.603 [LittleProxy-ProxyToServerWorker-2] DEBUG o.l.p.impl.ClientToProxyConnection - (AWAITING_INITIAL) [id: 0xe726451f, /127.0.0.1:54145 => /127.0.1.1:45224]: Not closing server connection on middle chunk for /bower_components/jquery-ui/themes/base/theme.css
11:39:50.603 [LittleProxy-ProxyToServerWorker-6] DEBUG o.l.p.impl.ClientToProxyConnection - (AWAITING_INITIAL) [id: 0x87242349, /127.0.0.1:54149 => /127.0.1.1:45224]: Wrote: DefaultHttpContent(data: SlicedByteBuf(ridx: 0, widx: 512, cap: 512/512, unwrapped: UnpooledUnsafeDirectByteBuf(ridx: 512, widx: 512, cap: 512)), decoderResult: success)
11:39:50.603 [LittleProxy-ProxyToServerWorker-2] DEBUG o.l.p.impl.ClientToProxyConnection - (AWAITING_INITIAL) [id: 0xe726451f, /127.0.0.1:54145 => /127.0.1.1:45224]: Not closing client connection on middle chunk for /bower_components/jquery-ui/themes/base/theme.css
11:39:50.603 [LittleProxy-ProxyToServerWorker-6] DEBUG o.l.p.impl.ClientToProxyConnection - (AWAITING_INITIAL) [id: 0x87242349, /127.0.0.1:54149 => /127.0.1.1:45224]: Not closing server connection on middle chunk for /bower_components/bootstrap/dist/js/bootstrap.js
11:39:50.603 [LittleProxy-ProxyToServerWorker-6] DEBUG o.l.p.impl.ClientToProxyConnection - (AWAITING_INITIAL) [id: 0x87242349, /127.0.0.1:54149 => /127.0.1.1:45224]: Not closing client connection on middle chunk for /bower_components/bootstrap/dist/js/bootstrap.js
11:39:50.603 [LittleProxy-ProxyToServerWorker-2] DEBUG o.l.p.impl.ProxyToServerConnection - (AWAITING_CHUNK) [id: 0x9953b61f, /127.0.0.1:35274 => localhost/127.0.0.1:9000]: Reading: DefaultLastHttpContent(data: SlicedByteBuf(ridx: 0, widx: 1348, cap: 1348/1348, unwrapped: UnpooledUnsafeDirectByteBuf(ridx: 17732, widx: 17732, cap: 65536)), decoderResult: success)
11:39:50.603 [LittleProxy-ProxyToServerWorker-2] DEBUG o.l.p.impl.ClientToProxyConnection - (AWAITING_INITIAL) [id: 0xe726451f, /127.0.0.1:54145 => /127.0.1.1:45224]: Retaining reference counted message
11:39:50.603 [LittleProxy-ProxyToServerWorker-2] DEBUG o.l.p.impl.ClientToProxyConnection - (AWAITING_INITIAL) [id: 0xe726451f, /127.0.0.1:54145 => /127.0.1.1:45224]: Writing: DefaultLastHttpContent(data: SlicedByteBuf(ridx: 0, widx: 1348, cap: 1348/1348, unwrapped: UnpooledUnsafeDirectByteBuf(ridx: 17732, widx: 17732, cap: 65536)), decoderResult: success)
11:39:50.603 [LittleProxy-ProxyToServerWorker-6] DEBUG o.l.p.impl.ProxyToServerConnection - (AWAITING_CHUNK) [id: 0x15efad94, /127.0.0.1:35282 => localhost/127.0.0.1:9000]: Reading: DefaultHttpContent(data: SlicedByteBuf(ridx: 0, widx: 512, cap: 512/512, unwrapped: UnpooledUnsafeDirectByteBuf(ridx: 512, widx: 512, cap: 512)), decoderResult: success)
11:39:50.603 [LittleProxy-ProxyToServerWorker-6] DEBUG o.l.p.impl.ClientToProxyConnection - (AWAITING_INITIAL) [id: 0x87242349, /127.0.0.1:54149 => /127.0.1.1:45224]: Retaining reference counted message
11:39:50.603 [LittleProxy-ProxyToServerWorker-2] DEBUG o.l.p.impl.ClientToProxyConnection - (AWAITING_INITIAL) [id: 0xe726451f, /127.0.0.1:54145 => /127.0.1.1:45224]: Writing an empty buffer to signal the end of our chunked transfer
11:39:50.603 [LittleProxy-ProxyToServerWorker-6] DEBUG o.l.p.impl.ClientToProxyConnection - (AWAITING_INITIAL) [id: 0x87242349, /127.0.0.1:54149 => /127.0.1.1:45224]: Writing: DefaultHttpContent(data: SlicedByteBuf(ridx: 0, widx: 512, cap: 512/512, unwrapped: UnpooledUnsafeDirectByteBuf(ridx: 512, widx: 512, cap: 512)), decoderResult: success)
11:39:50.603 [LittleProxy-ProxyToServerWorker-5] DEBUG o.l.p.impl.ProxyToServerConnection - (AWAITING_CHUNK) [id: 0x97bd59d1, /127.0.0.1:35281 => localhost/127.0.0.1:9000]: Reading: DefaultLastHttpContent(data: SlicedByteBuf(ridx: 0, widx: 729, cap: 729/729, unwrapped: UnpooledUnsafeDirectByteBuf(ridx: 729, widx: 729, cap: 65536)), decoderResult: success)
11:39:50.603 [LittleProxy-ProxyToServerWorker-2] DEBUG o.l.p.impl.ClientToProxyConnection - (AWAITING_INITIAL) [id: 0xe726451f, /127.0.0.1:54145 => /127.0.1.1:45224]: Wrote: DefaultLastHttpContent(data: SlicedByteBuf(ridx: 0, widx: 1348, cap: 1348/1348, unwrapped: UnpooledUnsafeDirectByteBuf(ridx: 17732, widx: 17732, cap: 65536)), decoderResult: success)
11:39:50.603 [LittleProxy-ProxyToServerWorker-5] DEBUG o.l.p.impl.ClientToProxyConnection - (AWAITING_INITIAL) [id: 0xa74abe3b, /127.0.0.1:54151 => /127.0.1.1:45224]: Retaining reference counted message
11:39:50.603 [LittleProxy-ProxyToServerWorker-6] DEBUG o.l.p.impl.ClientToProxyConnection - (AWAITING_INITIAL) [id: 0x87242349, /127.0.0.1:54149 => /127.0.1.1:45224]: Wrote: DefaultHttpContent(data: SlicedByteBuf(ridx: 0, widx: 512, cap: 512/512, unwrapped: UnpooledUnsafeDirectByteBuf(ridx: 512, widx: 512, cap: 512)), decoderResult: success)
11:39:50.603 [LittleProxy-ProxyToServerWorker-2] DEBUG o.l.p.impl.ClientToProxyConnection - (AWAITING_INITIAL) [id: 0xe726451f, /127.0.0.1:54145 => /127.0.1.1:45224]: Retaining reference counted message
11:39:50.604 [LittleProxy-ProxyToServerWorker-5] DEBUG o.l.p.impl.ClientToProxyConnection - (AWAITING_INITIAL) [id: 0xa74abe3b, /127.0.0.1:54151 => /127.0.1.1:45224]: Writing: DefaultLastHttpContent(data: SlicedByteBuf(ridx: 0, widx: 729, cap: 729/729, unwrapped: UnpooledUnsafeDirectByteBuf(ridx: 729, widx: 729, cap: 65536)), decoderResult: success)
11:39:50.604 [LittleProxy-ProxyToServerWorker-6] DEBUG o.l.p.impl.ClientToProxyConnection - (AWAITING_INITIAL) [id: 0x87242349, /127.0.0.1:54149 => /127.0.1.1:45224]: Not closing server connection on middle chunk for /bower_components/bootstrap/dist/js/bootstrap.js
11:39:50.604 [LittleProxy-ProxyToServerWorker-2] DEBUG o.l.p.impl.ClientToProxyConnection - (AWAITING_INITIAL) [id: 0xe726451f, /127.0.0.1:54145 => /127.0.1.1:45224]: Writing: EmptyByteBufBE
11:39:50.604 [LittleProxy-ProxyToServerWorker-5] DEBUG o.l.p.impl.ClientToProxyConnection - (AWAITING_INITIAL) [id: 0xa74abe3b, /127.0.0.1:54151 => /127.0.1.1:45224]: Writing an empty buffer to signal the end of our chunked transfer
11:39:50.604 [LittleProxy-ProxyToServerWorker-6] DEBUG o.l.p.impl.ClientToProxyConnection - (AWAITING_INITIAL) [id: 0x87242349, /127.0.0.1:54149 => /127.0.1.1:45224]: Not closing client connection on middle chunk for /bower_components/bootstrap/dist/js/bootstrap.js
11:39:50.604 [LittleProxy-ProxyToServerWorker-2] DEBUG o.l.p.impl.ClientToProxyConnection - (AWAITING_INITIAL) [id: 0xe726451f, /127.0.0.1:54145 => /127.0.1.1:45224]: Wrote: EmptyByteBufBE
11:39:50.604 [LittleProxy-ProxyToServerWorker-2] DEBUG o.l.p.impl.ClientToProxyConnection - (AWAITING_INITIAL) [id: 0xe726451f, /127.0.0.1:54145 => /127.0.1.1:45224]: Handling last chunk. Using normal server connection closing rules.
11:39:50.604 [LittleProxy-ProxyToServerWorker-6] DEBUG o.l.p.impl.ProxyToServerConnection - (AWAITING_CHUNK) [id: 0x15efad94, /127.0.0.1:35282 => localhost/127.0.0.1:9000]: Reading: DefaultHttpContent(data: SlicedByteBuf(ridx: 0, widx: 512, cap: 512/512, unwrapped: UnpooledUnsafeDirectByteBuf(ridx: 512, widx: 512, cap: 512)), decoderResult: success)
11:39:50.604 [LittleProxy-ProxyToServerWorker-6] DEBUG o.l.p.impl.ClientToProxyConnection - (AWAITING_INITIAL) [id: 0x87242349, /127.0.0.1:54149 => /127.0.1.1:45224]: Retaining reference counted message
11:39:50.604 [LittleProxy-ProxyToServerWorker-6] DEBUG o.l.p.impl.ClientToProxyConnection - (AWAITING_INITIAL) [id: 0x87242349, /127.0.0.1:54149 => /127.0.1.1:45224]: Writing: DefaultHttpContent(data: SlicedByteBuf(ridx: 0, widx: 512, cap: 512/512, unwrapped: UnpooledUnsafeDirectByteBuf(ridx: 512, widx: 512, cap: 512)), decoderResult: success)
11:39:50.604 [LittleProxy-ProxyToServerWorker-2] DEBUG o.l.p.impl.ClientToProxyConnection - (AWAITING_INITIAL) [id: 0xe726451f, /127.0.0.1:54145 => /127.0.1.1:45224]: Not closing server connection for response: DefaultHttpResponse(decodeResult: success, version: HTTP/1.1)
HTTP/1.1 200 OK
Accept-Ranges: bytes
Date: Tue, 08 Sep 2015 10:39:50 GMT
Cache-Control: public, max-age=0
Last-Modified: Fri, 17 Oct 2014 06:40:12 GMT
ETag: W/"LK1C4P742DeZ5ki0GqPgPA=="
Content-Type: text/css; charset=UTF-8
Content-Length: 17732
Connection: keep-alive
11:39:50.604 [LittleProxy-ProxyToServerWorker-6] DEBUG o.l.p.impl.ClientToProxyConnection - (AWAITING_INITIAL) [id: 0x87242349, /127.0.0.1:54149 => /127.0.1.1:45224]: Wrote: DefaultHttpContent(data: SlicedByteBuf(ridx: 0, widx: 512, cap: 512/512, unwrapped: UnpooledUnsafeDirectByteBuf(ridx: 512, widx: 512, cap: 512)), decoderResult: success)
11:39:50.604 [LittleProxy-ProxyToServerWorker-2] DEBUG o.l.p.impl.ClientToProxyConnection - (AWAITING_INITIAL) [id: 0xe726451f, /127.0.0.1:54145 => /127.0.1.1:45224]: Handling last chunk. Using normal client connection closing rules.
11:39:50.604 [LittleProxy-ProxyToServerWorker-6] DEBUG o.l.p.impl.ClientToProxyConnection - (AWAITING_INITIAL) [id: 0x87242349, /127.0.0.1:54149 => /127.0.1.1:45224]: Not closing server connection on middle chunk for /bower_components/bootstrap/dist/js/bootstrap.js
11:39:50.604 [LittleProxy-ProxyToServerWorker-6] DEBUG o.l.p.impl.ClientToProxyConnection - (AWAITING_INITIAL) [id: 0x87242349, /127.0.0.1:54149 => /127.0.1.1:45224]: Not closing client connection on middle chunk for /bower_components/bootstrap/dist/js/bootstrap.js
11:39:50.604 [LittleProxy-ProxyToServerWorker-6] DEBUG o.l.p.impl.ProxyToServerConnection - (AWAITING_CHUNK) [id: 0x15efad94, /127.0.0.1:35282 => localhost/127.0.0.1:9000]: Reading: DefaultHttpContent(data: SlicedByteBuf(ridx: 0, widx: 512, cap: 512/512, unwrapped: UnpooledUnsafeDirectByteBuf(ridx: 512, widx: 512, cap: 512)), decoderResult: success)
11:39:50.604 [LittleProxy-ProxyToServerWorker-6] DEBUG o.l.p.impl.ClientToProxyConnection - (AWAITING_INITIAL) [id: 0x87242349, /127.0.0.1:54149 => /127.0.1.1:45224]: Retaining reference counted message
11:39:50.604 [LittleProxy-ProxyToServerWorker-6] DEBUG o.l.p.impl.ClientToProxyConnection - (AWAITING_INITIAL) [id: 0x87242349, /127.0.0.1:54149 => /127.0.1.1:45224]: Writing: DefaultHttpContent(data: SlicedByteBuf(ridx: 0, widx: 512, cap: 512/512, unwrapped: UnpooledUnsafeDirectByteBuf(ridx: 512, widx: 512, cap: 512)), decoderResult: success)
11:39:50.604 [LittleProxy-ProxyToServerWorker-6] DEBUG o.l.p.impl.ClientToProxyConnection - (AWAITING_INITIAL) [id: 0x87242349, /127.0.0.1:54149 => /127.0.1.1:45224]: Wrote: DefaultHttpContent(data: SlicedByteBuf(ridx: 0, widx: 512, cap: 512/512, unwrapped: UnpooledUnsafeDirectByteBuf(ridx: 512, widx: 512, cap: 512)), decoderResult: success)
11:39:50.604 [LittleProxy-ProxyToServerWorker-6] DEBUG o.l.p.impl.ClientToProxyConnection - (AWAITING_INITIAL) [id: 0x87242349, /127.0.0.1:54149 => /127.0.1.1:45224]: Not closing server connection on middle chunk for /bower_components/bootstrap/dist/js/bootstrap.js
11:39:50.604 [LittleProxy-ProxyToServerWorker-6] DEBUG o.l.p.impl.ClientToProxyConnection - (AWAITING_INITIAL) [id: 0x87242349, /127.0.0.1:54149 => /127.0.1.1:45224]: Not closing client connection on middle chunk for /bower_components/bootstrap/dist/js/bootstrap.js
11:39:50.604 [LittleProxy-ProxyToServerWorker-6] DEBUG o.l.p.impl.ProxyToServerConnection - (AWAITING_CHUNK) [id: 0x15efad94, /127.0.0.1:35282 => localhost/127.0.0.1:9000]: Reading: DefaultHttpContent(data: SlicedByteBuf(ridx: 0, widx: 8192, cap: 8192/8192, unwrapped: UnpooledUnsafeDirectByteBuf(ridx: 8192, widx: 8192, cap: 8192)), decoderResult: success)
11:39:50.604 [LittleProxy-ProxyToServerWorker-6] DEBUG o.l.p.impl.ClientToProxyConnection - (AWAITING_INITIAL) [id: 0x87242349, /127.0.0.1:54149 => /127.0.1.1:45224]: Retaining reference counted message
11:39:50.604 [LittleProxy-ProxyToServerWorker-6] DEBUG o.l.p.impl.ClientToProxyConnection - (AWAITING_INITIAL) [id: 0x87242349, /127.0.0.1:54149 => /127.0.1.1:45224]: Writing: DefaultHttpContent(data: SlicedByteBuf(ridx: 0, widx: 8192, cap: 8192/8192, unwrapped: UnpooledUnsafeDirectByteBuf(ridx: 8192, widx: 8192, cap: 8192)), decoderResult: success)
11:39:50.604 [LittleProxy-ProxyToServerWorker-6] DEBUG o.l.p.impl.ClientToProxyConnection - (AWAITING_INITIAL) [id: 0x87242349, /127.0.0.1:54149 => /127.0.1.1:45224]: Wrote: DefaultHttpContent(data: SlicedByteBuf(ridx: 0, widx: 8192, cap: 8192/8192, unwrapped: UnpooledUnsafeDirectByteBuf(ridx: 8192, widx: 8192, cap: 8192)), decoderResult: success)
11:39:50.604 [LittleProxy-ProxyToServerWorker-6] DEBUG o.l.p.impl.ClientToProxyConnection - (AWAITING_INITIAL) [id: 0x87242349, /127.0.0.1:54149 => /127.0.1.1:45224]: Not closing server connection on middle chunk for /bower_components/bootstrap/dist/js/bootstrap.js
11:39:50.604 [LittleProxy-ProxyToServerWorker-6] DEBUG o.l.p.impl.ClientToProxyConnection - (AWAITING_INITIAL) [id: 0x87242349, /127.0.0.1:54149 => /127.0.1.1:45224]: Not closing client connection on middle chunk for /bower_components/bootstrap/dist/js/bootstrap.js
11:39:50.605 [LittleProxy-ProxyToServerWorker-6] DEBUG o.l.p.impl.ProxyToServerConnection - (AWAITING_CHUNK) [id: 0x15efad94, /127.0.0.1:35282 => localhost/127.0.0.1:9000]: Reading: DefaultHttpContent(data: SlicedByteBuf(ridx: 0, widx: 8192, cap: 8192/8192, unwrapped: UnpooledUnsafeDirectByteBuf(ridx: 8192, widx: 8192, cap: 8192)), decoderResult: success)
11:39:50.605 [LittleProxy-ProxyToServerWorker-6] DEBUG o.l.p.impl.ClientToProxyConnection - (AWAITING_INITIAL) [id: 0x87242349, /127.0.0.1:54149 => /127.0.1.1:45224]: Retaining reference counted message
11:39:50.605 [LittleProxy-ProxyToServerWorker-6] DEBUG o.l.p.impl.ClientToProxyConnection - (AWAITING_INITIAL) [id: 0x87242349, /127.0.0.1:54149 => /127.0.1.1:45224]: Writing: DefaultHttpContent(data: SlicedByteBuf(ridx: 0, widx: 8192, cap: 8192/8192, unwrapped: UnpooledUnsafeDirectByteBuf(ridx: 8192, widx: 8192, cap: 8192)), decoderResult: success)
11:39:50.605 [LittleProxy-ProxyToServerWorker-6] DEBUG o.l.p.impl.ClientToProxyConnection - (AWAITING_INITIAL) [id: 0x87242349, /127.0.0.1:54149 => /127.0.1.1:45224]: Wrote: DefaultHttpContent(data: SlicedByteBuf(ridx: 0, widx: 8192, cap: 8192/8192, unwrapped: UnpooledUnsafeDirectByteBuf(ridx: 8192, widx: 8192, cap: 8192)), decoderResult: success)
11:39:50.605 [LittleProxy-ProxyToServerWorker-6] DEBUG o.l.p.impl.ClientToProxyConnection - (AWAITING_INITIAL) [id: 0x87242349, /127.0.0.1:54149 => /127.0.1.1:45224]: Not closing server connection on middle chunk for /bower_components/bootstrap/dist/js/bootstrap.js
11:39:50.605 [LittleProxy-ProxyToServerWorker-6] DEBUG o.l.p.impl.ClientToProxyConnection - (AWAITING_INITIAL) [id: 0x87242349, /127.0.0.1:54149 => /127.0.1.1:45224]: Not closing client connection on middle chunk for /bower_components/bootstrap/dist/js/bootstrap.js
11:39:50.605 [LittleProxy-ProxyToServerWorker-6] DEBUG o.l.p.impl.ProxyToServerConnection - (AWAITING_CHUNK) [id: 0x15efad94, /127.0.0.1:35282 => localhost/127.0.0.1:9000]: Reading: DefaultHttpContent(data: SlicedByteBuf(ridx: 0, widx: 8192, cap: 8192/8192, unwrapped: UnpooledUnsafeDirectByteBuf(ridx: 8192, widx: 8192, cap: 8192)), decoderResult: success)
11:39:50.605 [LittleProxy-ProxyToServerWorker-6] DEBUG o.l.p.impl.ClientToProxyConnection - (AWAITING_INITIAL) [id: 0x87242349, /127.0.0.1:54149 => /127.0.1.1:45224]: Retaining reference counted message
11:39:50.605 [LittleProxy-ProxyToServerWorker-6] DEBUG o.l.p.impl.ClientToProxyConnection - (AWAITING_INITIAL) [id: 0x87242349, /127.0.0.1:54149 => /127.0.1.1:45224]: Writing: DefaultHttpContent(data: SlicedByteBuf(ridx: 0, widx: 8192, cap: 8192/8192, unwrapped: UnpooledUnsafeDirectByteBuf(ridx: 8192, widx: 8192, cap: 8192)), decoderResult: success)
11:39:50.605 [LittleProxy-ProxyToServerWorker-6] DEBUG o.l.p.impl.ClientToProxyConnection - (AWAITING_INITIAL) [id: 0x87242349, /127.0.0.1:54149 => /127.0.1.1:45224]: Wrote: DefaultHttpContent(data: SlicedByteBuf(ridx: 0, widx: 8192, cap: 8192/8192, unwrapped: UnpooledUnsafeDirectByteBuf(ridx: 8192, widx: 8192, cap: 8192)), decoderResult: success)
11:39:50.605 [LittleProxy-ProxyToServerWorker-6] DEBUG o.l.p.impl.ClientToProxyConnection - (AWAITING_INITIAL) [id: 0x87242349, /127.0.0.1:54149 => /127.0.1.1:45224]: Not closing server connection on middle chunk for /bower_components/bootstrap/dist/js/bootstrap.js
11:39:50.605 [LittleProxy-ProxyToServerWorker-6] DEBUG o.l.p.impl.ClientToProxyConnection - (AWAITING_INITIAL) [id: 0x87242349, /127.0.0.1:54149 => /127.0.1.1:45224]: Not closing client connection on middle chunk for /bower_components/bootstrap/dist/js/bootstrap.js
11:39:50.605 [LittleProxy-ProxyToServerWorker-5] DEBUG o.l.p.impl.ClientToProxyConnection - (AWAITING_INITIAL) [id: 0xa74abe3b, /127.0.0.1:54151 => /127.0.1.1:45224]: Wrote: DefaultLastHttpContent(data: SlicedByteBuf(ridx: 0, widx: 729, cap: 729/729, unwrapped: UnpooledUnsafeDirectByteBuf(ridx: 729, widx: 729, cap: 65536)), decoderResult: success)
11:39:50.605 [LittleProxy-ProxyToServerWorker-6] DEBUG o.l.p.impl.ProxyToServerConnection - (AWAITING_CHUNK) [id: 0x15efad94, /127.0.0.1:35282 => localhost/127.0.0.1:9000]: Reading: DefaultHttpContent(data: SlicedByteBuf(ridx: 0, widx: 8192, cap: 8192/8192, unwrapped: UnpooledUnsafeDirectByteBuf(ridx: 8192, widx: 8192, cap: 8192)), decoderResult: success)
11:39:50.605 [LittleProxy-ProxyToServerWorker-5] DEBUG o.l.p.impl.ClientToProxyConnection - (AWAITING_INITIAL) [id: 0xa74abe3b, /127.0.0.1:54151 => /127.0.1.1:45224]: Retaining reference counted message
11:39:50.605 [LittleProxy-ProxyToServerWorker-6] DEBUG o.l.p.impl.ClientToProxyConnection - (AWAITING_INITIAL) [id: 0x87242349, /127.0.0.1:54149 => /127.0.1.1:45224]: Retaining reference counted message
11:39:50.605 [LittleProxy-ProxyToServerWorker-5] DEBUG o.l.p.impl.ClientToProxyConnection - (AWAITING_INITIAL) [id: 0xa74abe3b, /127.0.0.1:54151 => /127.0.1.1:45224]: Writing: EmptyByteBufBE
11:39:50.606 [LittleProxy-ProxyToServerWorker-6] DEBUG o.l.p.impl.ClientToProxyConnection - (AWAITING_INITIAL) [id: 0x87242349, /127.0.0.1:54149 => /127.0.1.1:45224]: Writing: DefaultHttpContent(data: SlicedByteBuf(ridx: 0, widx: 8192, cap: 8192/8192, unwrapped: UnpooledUnsafeDirectByteBuf(ridx: 8192, widx: 8192, cap: 8192)), decoderResult: success)
11:39:50.607 [LittleProxy-ProxyToServerWorker-2] DEBUG o.l.p.impl.ClientToProxyConnection - (AWAITING_INITIAL) [id: 0xe726451f, /127.0.0.1:54145 => /127.0.1.1:45224]: Not closing client connection for request: [FAILED toString()]
11:39:50.607 [LittleProxy-ProxyToServerWorker-6] DEBUG o.l.p.impl.ClientToProxyConnection - (AWAITING_INITIAL) [id: 0x87242349, /127.0.0.1:54149 => /127.0.1.1:45224]: Wrote: DefaultHttpContent(data: SlicedByteBuf(ridx: 0, widx: 8192, cap: 8192/8192, unwrapped: UnpooledUnsafeDirectByteBuf(ridx: 8192, widx: 8192, cap: 8192)), decoderResult: success)
11:39:50.607 [LittleProxy-ProxyToServerWorker-6] DEBUG o.l.p.impl.ClientToProxyConnection - (AWAITING_INITIAL) [id: 0x87242349, /127.0.0.1:54149 => /127.0.1.1:45224]: Not closing server connection on middle chunk for /bower_components/bootstrap/dist/js/bootstrap.js
11:39:50.607 [LittleProxy-ProxyToServerWorker-6] DEBUG o.l.p.impl.ClientToProxyConnection - (AWAITING_INITIAL) [id: 0x87242349, /127.0.0.1:54149 => /127.0.1.1:45224]: Not closing client connection on middle chunk for /bower_components/bootstrap/dist/js/bootstrap.js
11:39:50.607 [LittleProxy-ProxyToServerWorker-5] DEBUG o.l.p.impl.ClientToProxyConnection - (AWAITING_INITIAL) [id: 0xa74abe3b, /127.0.0.1:54151 => /127.0.1.1:45224]: Wrote: EmptyByteBufBE
11:39:50.607 [LittleProxy-ProxyToServerWorker-5] DEBUG o.l.p.impl.ClientToProxyConnection - (AWAITING_INITIAL) [id: 0xa74abe3b, /127.0.0.1:54151 => /127.0.1.1:45224]: Handling last chunk. Using normal server connection closing rules.
11:39:50.607 [LittleProxy-ProxyToServerWorker-5] DEBUG o.l.p.impl.ClientToProxyConnection - (AWAITING_INITIAL) [id: 0xa74abe3b, /127.0.0.1:54151 => /127.0.1.1:45224]: Not closing server connection for response: DefaultHttpResponse(decodeResult: success, version: HTTP/1.1)
HTTP/1.1 200 OK
Accept-Ranges: bytes
Date: Tue, 08 Sep 2015 10:39:50 GMT
Cache-Control: public, max-age=0
Last-Modified: Fri, 17 Oct 2014 06:40:12 GMT
ETag: W/"FHYtTDC+HpsR6J09Mm7/Xw=="
Content-Type: text/css; charset=UTF-8
Content-Length: 729
Connection: keep-alive
11:39:50.607 [LittleProxy-ProxyToServerWorker-6] DEBUG o.l.p.impl.ProxyToServerConnection - (AWAITING_CHUNK) [id: 0x15efad94, /127.0.0.1:35282 => localhost/127.0.0.1:9000]: Reading: DefaultHttpContent(data: SlicedByteBuf(ridx: 0, widx: 5271, cap: 5271/5271, unwrapped: UnpooledUnsafeDirectByteBuf(ridx: 5271, widx: 5271, cap: 8192)), decoderResult: success)
11:39:50.607 [LittleProxy-ProxyToServerWorker-5] DEBUG o.l.p.impl.ClientToProxyConnection - (AWAITING_INITIAL) [id: 0xa74abe3b, /127.0.0.1:54151 => /127.0.1.1:45224]: Handling last chunk. Using normal client connection closing rules.
11:39:50.607 [LittleProxy-ProxyToServerWorker-6] DEBUG o.l.p.impl.ClientToProxyConnection - (AWAITING_INITIAL) [id: 0x87242349, /127.0.0.1:54149 => /127.0.1.1:45224]: Retaining reference counted message
11:39:50.608 [LittleProxy-ClientToProxyWorker-2] DEBUG o.l.p.impl.ClientToProxyConnection - (AWAITING_INITIAL) [id: 0xe726451f, /127.0.0.1:54145 => /127.0.1.1:45224]: Reading: HttpObjectAggregator$AggregatedFullHttpRequest(decodeResult: success, version: HTTP/1.1, content: CompositeByteBuf(ridx: 0, widx: 0, cap: 0, components=0))
GET http://localhost:9000/bower_components/angular-sanitize/angular-sanitize.js HTTP/1.1
Host: localhost:9000
Proxy-Connection: keep-alive
Accept: */*
User-Agent: Mozilla/5.0 (X11; Linux x86_64) AppleWebKit/537.36 (KHTML, like Gecko) Chrome/44.0.2403.130 Safari/537.36
Referer: http://localhost:9000/
Accept-Encoding: gzip, deflate, sdch
Accept-Language: en-GB,en-US;q=0.8,en;q=0.6
Content-Length: 0
11:39:50.608 [LittleProxy-ProxyToServerWorker-6] DEBUG o.l.p.impl.ClientToProxyConnection - (AWAITING_INITIAL) [id: 0x87242349, /127.0.0.1:54149 => /127.0.1.1:45224]: Writing: DefaultHttpContent(data: SlicedByteBuf(ridx: 0, widx: 5271, cap: 5271/5271, unwrapped: UnpooledUnsafeDirectByteBuf(ridx: 5271, widx: 5271, cap: 8192)), decoderResult: success)
11:39:50.608 [LittleProxy-ClientToProxyWorker-2] DEBUG o.l.p.impl.ClientToProxyConnection - (AWAITING_INITIAL) [id: 0xe726451f, /127.0.0.1:54145 => /127.0.1.1:45224]: Got request: HttpObjectAggregator$AggregatedFullHttpRequest(decodeResult: success, version: HTTP/1.1, content: CompositeByteBuf(ridx: 0, widx: 0, cap: 0, components=0))
GET http://localhost:9000/bower_components/angular-sanitize/angular-sanitize.js HTTP/1.1
Host: localhost:9000
Proxy-Connection: keep-alive
Accept: */*
User-Agent: Mozilla/5.0 (X11; Linux x86_64) AppleWebKit/537.36 (KHTML, like Gecko) Chrome/44.0.2403.130 Safari/537.36
Referer: http://localhost:9000/
Accept-Encoding: gzip, deflate, sdch
Accept-Language: en-GB,en-US;q=0.8,en;q=0.6
Content-Length: 0
11:39:50.608 [LittleProxy-ProxyToServerWorker-6] DEBUG o.l.p.impl.ClientToProxyConnection - (AWAITING_INITIAL) [id: 0x87242349, /127.0.0.1:54149 => /127.0.1.1:45224]: Wrote: DefaultHttpContent(data: SlicedByteBuf(ridx: 0, widx: 5271, cap: 5271/5271, unwrapped: UnpooledUnsafeDirectByteBuf(ridx: 5271, widx: 5271, cap: 8192)), decoderResult: success)
11:39:50.608 [LittleProxy-ProxyToServerWorker-6] DEBUG o.l.p.impl.ClientToProxyConnection - (AWAITING_INITIAL) [id: 0x87242349, /127.0.0.1:54149 => /127.0.1.1:45224]: Not closing server connection on middle chunk for /bower_components/bootstrap/dist/js/bootstrap.js
11:39:50.608 [LittleProxy-ProxyToServerWorker-6] DEBUG o.l.p.impl.ClientToProxyConnection - (AWAITING_INITIAL) [id: 0x87242349, /127.0.0.1:54149 => /127.0.1.1:45224]: Not closing client connection on middle chunk for /bower_components/bootstrap/dist/js/bootstrap.js
11:39:50.608 [LittleProxy-ClientToProxyWorker-2] DEBUG o.l.p.impl.ClientToProxyConnection - (AWAITING_INITIAL) [id: 0xe726451f, /127.0.0.1:54145 => /127.0.1.1:45224]: Ensuring that hostAndPort are available in http://localhost:9000/bower_components/angular-sanitize/angular-sanitize.js
11:39:50.608 [LittleProxy-ClientToProxyWorker-2] DEBUG o.l.p.impl.ClientToProxyConnection - (AWAITING_INITIAL) [id: 0xe726451f, /127.0.0.1:54145 => /127.0.1.1:45224]: Finding ProxyToServerConnection for: localhost:9000
11:39:50.608 [LittleProxy-ClientToProxyWorker-2] DEBUG o.l.p.impl.ClientToProxyConnection - (AWAITING_INITIAL) [id: 0xe726451f, /127.0.0.1:54145 => /127.0.1.1:45224]: Reusing existing server connection: org.littleshoot.proxy.impl.ProxyToServerConnection@210dcfa0
11:39:50.608 [LittleProxy-ClientToProxyWorker-2] DEBUG o.l.p.impl.ClientToProxyConnection - (AWAITING_INITIAL) [id: 0xe726451f, /127.0.0.1:54145 => /127.0.1.1:45224]: Modifying request headers for proxying
11:39:50.608 [LittleProxy-ClientToProxyWorker-2] DEBUG o.l.p.impl.ClientToProxyConnection - (AWAITING_INITIAL) [id: 0xe726451f, /127.0.0.1:54145 => /127.0.1.1:45224]: Modifying request for proxy chaining
11:39:50.608 [LittleProxy-ClientToProxyWorker-2] DEBUG o.l.p.impl.ClientToProxyConnection - (AWAITING_INITIAL) [id: 0xe726451f, /127.0.0.1:54145 => /127.0.1.1:45224]: Stripped host from uri: http://localhost:9000/bower_components/angular-sanitize/angular-sanitize.js    yielding: /bower_components/angular-sanitize/angular-sanitize.js
11:39:50.609 [LittleProxy-ClientToProxyWorker-2] DEBUG o.l.p.impl.ClientToProxyConnection - (AWAITING_INITIAL) [id: 0xe726451f, /127.0.0.1:54145 => /127.0.1.1:45224]: Removed sdch and inserted: gzip, deflate, 
11:39:50.609 [LittleProxy-ClientToProxyWorker-2] DEBUG o.l.p.impl.ClientToProxyConnection - (AWAITING_INITIAL) [id: 0xe726451f, /127.0.0.1:54145 => /127.0.1.1:45224]: Writing request to ProxyToServerConnection
11:39:50.609 [LittleProxy-ClientToProxyWorker-2] DEBUG o.l.p.impl.ProxyToServerConnection - (AWAITING_INITIAL) [id: 0x9953b61f, /127.0.0.1:35274 => localhost/127.0.0.1:9000]: Requested write of HttpObjectAggregator$AggregatedFullHttpRequest(decodeResult: success, version: HTTP/1.1, content: CompositeByteBuf(ridx: 0, widx: 0, cap: 0, components=0))
GET /bower_components/angular-sanitize/angular-sanitize.js HTTP/1.1
Host: localhost:9000
Accept: */*
User-Agent: Mozilla/5.0 (X11; Linux x86_64) AppleWebKit/537.36 (KHTML, like Gecko) Chrome/44.0.2403.130 Safari/537.36
Referer: http://localhost:9000/
Accept-Language: en-GB,en-US;q=0.8,en;q=0.6
Content-Length: 0
Accept-Encoding: gzip, deflate, 
Via: 1.1 localhost.localdomain
11:39:50.609 [LittleProxy-ClientToProxyWorker-2] DEBUG o.l.p.impl.ProxyToServerConnection - (AWAITING_INITIAL) [id: 0x9953b61f, /127.0.0.1:35274 => localhost/127.0.0.1:9000]: Retaining reference counted message
11:39:50.609 [LittleProxy-ClientToProxyWorker-2] DEBUG o.l.p.impl.ProxyToServerConnection - (AWAITING_INITIAL) [id: 0x9953b61f, /127.0.0.1:35274 => localhost/127.0.0.1:9000]: Using existing connection to: localhost/127.0.0.1:9000
11:39:50.609 [LittleProxy-ClientToProxyWorker-2] DEBUG o.l.p.impl.ProxyToServerConnection - (AWAITING_INITIAL) [id: 0x9953b61f, /127.0.0.1:35274 => localhost/127.0.0.1:9000]: Writing: HttpObjectAggregator$AggregatedFullHttpRequest(decodeResult: success, version: HTTP/1.1, content: CompositeByteBuf(ridx: 0, widx: 0, cap: 0, components=0))
GET /bower_components/angular-sanitize/angular-sanitize.js HTTP/1.1
Host: localhost:9000
Accept: */*
User-Agent: Mozilla/5.0 (X11; Linux x86_64) AppleWebKit/537.36 (KHTML, like Gecko) Chrome/44.0.2403.130 Safari/537.36
Referer: http://localhost:9000/
Accept-Language: en-GB,en-US;q=0.8,en;q=0.6
Content-Length: 0
Accept-Encoding: gzip, deflate, 
Via: 1.1 localhost.localdomain
11:39:50.609 [LittleProxy-ClientToProxyWorker-2] DEBUG o.l.p.impl.ProxyToServerConnection - (AWAITING_INITIAL) [id: 0x9953b61f, /127.0.0.1:35274 => localhost/127.0.0.1:9000]: Writing an empty buffer to signal the end of our chunked transfer
11:39:50.609 [LittleProxy-ClientToProxyWorker-2] DEBUG o.l.p.impl.ProxyToServerConnection - (AWAITING_INITIAL) [id: 0x9953b61f, /127.0.0.1:35274 => localhost/127.0.0.1:9000]: Wrote: HttpObjectAggregator$AggregatedFullHttpRequest(decodeResult: success, version: HTTP/1.1, content: CompositeByteBuf(ridx: 0, widx: 0, cap: 0, components=0))
GET /bower_components/angular-sanitize/angular-sanitize.js HTTP/1.1
Host: localhost:9000
Accept: */*
User-Agent: Mozilla/5.0 (X11; Linux x86_64) AppleWebKit/537.36 (KHTML, like Gecko) Chrome/44.0.2403.130 Safari/537.36
Referer: http://localhost:9000/
Accept-Language: en-GB,en-US;q=0.8,en;q=0.6
Content-Length: 0
Accept-Encoding: gzip, deflate, 
Via: 1.1 localhost.localdomain
11:39:50.610 [LittleProxy-ProxyToServerWorker-5] DEBUG o.l.p.impl.ClientToProxyConnection - (AWAITING_INITIAL) [id: 0xa74abe3b, /127.0.0.1:54151 => /127.0.1.1:45224]: Not closing client connection for request: [FAILED toString()]
11:39:50.610 [LittleProxy-ProxyToServerWorker-3] DEBUG o.l.p.impl.ProxyToServerConnection - (AWAITING_CHUNK) [id: 0xceaab001, /127.0.0.1:35280 => localhost/127.0.0.1:9000]: Reading: DefaultHttpContent(data: SlicedByteBuf(ridx: 0, widx: 16384, cap: 16384/16384, unwrapped: UnpooledUnsafeDirectByteBuf(ridx: 65483, widx: 65483, cap: 65536)), decoderResult: success)
11:39:50.610 [LittleProxy-ProxyToServerWorker-3] DEBUG o.l.p.impl.ClientToProxyConnection - (AWAITING_INITIAL) [id: 0x16fa54b8, /127.0.0.1:54150 => /127.0.1.1:45224]: Retaining reference counted message
11:39:50.610 [LittleProxy-ProxyToServerWorker-3] DEBUG o.l.p.impl.ClientToProxyConnection - (AWAITING_INITIAL) [id: 0x16fa54b8, /127.0.0.1:54150 => /127.0.1.1:45224]: Writing: DefaultHttpContent(data: SlicedByteBuf(ridx: 0, widx: 16384, cap: 16384/16384, unwrapped: UnpooledUnsafeDirectByteBuf(ridx: 65483, widx: 65483, cap: 65536)), decoderResult: success)
11:39:50.610 [LittleProxy-ProxyToServerWorker-3] DEBUG o.l.p.impl.ClientToProxyConnection - (AWAITING_INITIAL) [id: 0x16fa54b8, /127.0.0.1:54150 => /127.0.1.1:45224]: Wrote: DefaultHttpContent(data: SlicedByteBuf(ridx: 0, widx: 16384, cap: 16384/16384, unwrapped: UnpooledUnsafeDirectByteBuf(ridx: 65483, widx: 65483, cap: 65536)), decoderResult: success)
11:39:50.610 [LittleProxy-ProxyToServerWorker-3] DEBUG o.l.p.impl.ClientToProxyConnection - (AWAITING_INITIAL) [id: 0x16fa54b8, /127.0.0.1:54150 => /127.0.1.1:45224]: Not closing server connection on middle chunk for /bower_components/angular/angular.js
11:39:50.610 [LittleProxy-ProxyToServerWorker-3] DEBUG o.l.p.impl.ClientToProxyConnection - (AWAITING_INITIAL) [id: 0x16fa54b8, /127.0.0.1:54150 => /127.0.1.1:45224]: Not closing client connection on middle chunk for /bower_components/angular/angular.js
11:39:50.610 [LittleProxy-ProxyToServerWorker-3] DEBUG o.l.p.impl.ProxyToServerConnection - (AWAITING_CHUNK) [id: 0xceaab001, /127.0.0.1:35280 => localhost/127.0.0.1:9000]: Reading: DefaultHttpContent(data: SlicedByteBuf(ridx: 0, widx: 16384, cap: 16384/16384, unwrapped: UnpooledUnsafeDirectByteBuf(ridx: 65483, widx: 65483, cap: 65536)), decoderResult: success)
11:39:50.610 [LittleProxy-ProxyToServerWorker-3] DEBUG o.l.p.impl.ClientToProxyConnection - (AWAITING_INITIAL) [id: 0x16fa54b8, /127.0.0.1:54150 => /127.0.1.1:45224]: Retaining reference counted message
11:39:50.610 [LittleProxy-ProxyToServerWorker-3] DEBUG o.l.p.impl.ClientToProxyConnection - (AWAITING_INITIAL) [id: 0x16fa54b8, /127.0.0.1:54150 => /127.0.1.1:45224]: Writing: DefaultHttpContent(data: SlicedByteBuf(ridx: 0, widx: 16384, cap: 16384/16384, unwrapped: UnpooledUnsafeDirectByteBuf(ridx: 65483, widx: 65483, cap: 65536)), decoderResult: success)
11:39:50.610 [LittleProxy-ProxyToServerWorker-3] DEBUG o.l.p.impl.ClientToProxyConnection - (AWAITING_INITIAL) [id: 0x16fa54b8, /127.0.0.1:54150 => /127.0.1.1:45224]: Wrote: DefaultHttpContent(data: SlicedByteBuf(ridx: 0, widx: 16384, cap: 16384/16384, unwrapped: UnpooledUnsafeDirectByteBuf(ridx: 65483, widx: 65483, cap: 65536)), decoderResult: success)
11:39:50.610 [LittleProxy-ProxyToServerWorker-3] DEBUG o.l.p.impl.ClientToProxyConnection - (AWAITING_INITIAL) [id: 0x16fa54b8, /127.0.0.1:54150 => /127.0.1.1:45224]: Not closing server connection on middle chunk for /bower_components/angular/angular.js
11:39:50.610 [LittleProxy-ProxyToServerWorker-3] DEBUG o.l.p.impl.ClientToProxyConnection - (AWAITING_INITIAL) [id: 0x16fa54b8, /127.0.0.1:54150 => /127.0.1.1:45224]: Not closing client connection on middle chunk for /bower_components/angular/angular.js
11:39:50.610 [LittleProxy-ProxyToServerWorker-3] DEBUG o.l.p.impl.ProxyToServerConnection - (AWAITING_CHUNK) [id: 0xceaab001, /127.0.0.1:35280 => localhost/127.0.0.1:9000]: Reading: DefaultHttpContent(data: SlicedByteBuf(ridx: 0, widx: 16384, cap: 16384/16384, unwrapped: UnpooledUnsafeDirectByteBuf(ridx: 65483, widx: 65483, cap: 65536)), decoderResult: success)
11:39:50.610 [LittleProxy-ProxyToServerWorker-3] DEBUG o.l.p.impl.ClientToProxyConnection - (AWAITING_INITIAL) [id: 0x16fa54b8, /127.0.0.1:54150 => /127.0.1.1:45224]: Retaining reference counted message
11:39:50.610 [LittleProxy-ProxyToServerWorker-3] DEBUG o.l.p.impl.ClientToProxyConnection - (AWAITING_INITIAL) [id: 0x16fa54b8, /127.0.0.1:54150 => /127.0.1.1:45224]: Writing: DefaultHttpContent(data: SlicedByteBuf(ridx: 0, widx: 16384, cap: 16384/16384, unwrapped: UnpooledUnsafeDirectByteBuf(ridx: 65483, widx: 65483, cap: 65536)), decoderResult: success)
11:39:50.610 [LittleProxy-ProxyToServerWorker-3] DEBUG o.l.p.impl.ClientToProxyConnection - (AWAITING_INITIAL) [id: 0x16fa54b8, /127.0.0.1:54150 => /127.0.1.1:45224]: Wrote: DefaultHttpContent(data: SlicedByteBuf(ridx: 0, widx: 16384, cap: 16384/16384, unwrapped: UnpooledUnsafeDirectByteBuf(ridx: 65483, widx: 65483, cap: 65536)), decoderResult: success)
11:39:50.610 [LittleProxy-ProxyToServerWorker-3] DEBUG o.l.p.impl.ClientToProxyConnection - (AWAITING_INITIAL) [id: 0x16fa54b8, /127.0.0.1:54150 => /127.0.1.1:45224]: Not closing server connection on middle chunk for /bower_components/angular/angular.js
11:39:50.610 [LittleProxy-ProxyToServerWorker-3] DEBUG o.l.p.impl.ClientToProxyConnection - (AWAITING_INITIAL) [id: 0x16fa54b8, /127.0.0.1:54150 => /127.0.1.1:45224]: Not closing client connection on middle chunk for /bower_components/angular/angular.js
11:39:50.610 [LittleProxy-ProxyToServerWorker-3] DEBUG o.l.p.impl.ProxyToServerConnection - (AWAITING_CHUNK) [id: 0xceaab001, /127.0.0.1:35280 => localhost/127.0.0.1:9000]: Reading: DefaultHttpContent(data: SlicedByteBuf(ridx: 0, widx: 16331, cap: 16331/16331, unwrapped: UnpooledUnsafeDirectByteBuf(ridx: 65483, widx: 65483, cap: 65536)), decoderResult: success)
11:39:50.610 [LittleProxy-ProxyToServerWorker-3] DEBUG o.l.p.impl.ClientToProxyConnection - (AWAITING_INITIAL) [id: 0x16fa54b8, /127.0.0.1:54150 => /127.0.1.1:45224]: Retaining reference counted message
11:39:50.610 [LittleProxy-ProxyToServerWorker-3] DEBUG o.l.p.impl.ClientToProxyConnection - (AWAITING_INITIAL) [id: 0x16fa54b8, /127.0.0.1:54150 => /127.0.1.1:45224]: Writing: DefaultHttpContent(data: SlicedByteBuf(ridx: 0, widx: 16331, cap: 16331/16331, unwrapped: UnpooledUnsafeDirectByteBuf(ridx: 65483, widx: 65483, cap: 65536)), decoderResult: success)
11:39:50.611 [LittleProxy-ProxyToServerWorker-3] DEBUG o.l.p.impl.ClientToProxyConnection - (AWAITING_INITIAL) [id: 0x16fa54b8, /127.0.0.1:54150 => /127.0.1.1:45224]: Wrote: DefaultHttpContent(data: SlicedByteBuf(ridx: 0, widx: 16331, cap: 16331/16331, unwrapped: UnpooledUnsafeDirectByteBuf(ridx: 65483, widx: 65483, cap: 65536)), decoderResult: success)
11:39:50.611 [LittleProxy-ProxyToServerWorker-3] DEBUG o.l.p.impl.ClientToProxyConnection - (AWAITING_INITIAL) [id: 0x16fa54b8, /127.0.0.1:54150 => /127.0.1.1:45224]: Not closing server connection on middle chunk for /bower_components/angular/angular.js
11:39:50.611 [LittleProxy-ProxyToServerWorker-3] DEBUG o.l.p.impl.ClientToProxyConnection - (AWAITING_INITIAL) [id: 0x16fa54b8, /127.0.0.1:54150 => /127.0.1.1:45224]: Not closing client connection on middle chunk for /bower_components/angular/angular.js
11:39:50.611 [LittleProxy-ClientToProxyWorker-7] DEBUG o.l.p.impl.ClientToProxyConnection - (AWAITING_INITIAL) [id: 0xa74abe3b, /127.0.0.1:54151 => /127.0.1.1:45224]: Reading: HttpObjectAggregator$AggregatedFullHttpRequest(decodeResult: success, version: HTTP/1.1, content: CompositeByteBuf(ridx: 0, widx: 0, cap: 0, components=0))
GET http://localhost:9000/bower_components/angular-animate/angular-animate.js HTTP/1.1
Host: localhost:9000
Proxy-Connection: keep-alive
Accept: */*
User-Agent: Mozilla/5.0 (X11; Linux x86_64) AppleWebKit/537.36 (KHTML, like Gecko) Chrome/44.0.2403.130 Safari/537.36
Referer: http://localhost:9000/
Accept-Encoding: gzip, deflate, sdch
Accept-Language: en-GB,en-US;q=0.8,en;q=0.6
Content-Length: 0
11:39:50.611 [LittleProxy-ProxyToServerWorker-3] DEBUG o.l.p.impl.ProxyToServerConnection - (AWAITING_CHUNK) [id: 0xceaab001, /127.0.0.1:35280 => localhost/127.0.0.1:9000]: Reading: DefaultHttpContent(data: SlicedByteBuf(ridx: 0, widx: 53, cap: 53/53, unwrapped: UnpooledUnsafeDirectByteBuf(ridx: 53, widx: 53, cap: 65536)), decoderResult: success)
11:39:50.611 [LittleProxy-ProxyToServerWorker-3] DEBUG o.l.p.impl.ClientToProxyConnection - (AWAITING_INITIAL) [id: 0x16fa54b8, /127.0.0.1:54150 => /127.0.1.1:45224]: Retaining reference counted message
11:39:50.611 [LittleProxy-ClientToProxyWorker-7] DEBUG o.l.p.impl.ClientToProxyConnection - (AWAITING_INITIAL) [id: 0xa74abe3b, /127.0.0.1:54151 => /127.0.1.1:45224]: Got request: HttpObjectAggregator$AggregatedFullHttpRequest(decodeResult: success, version: HTTP/1.1, content: CompositeByteBuf(ridx: 0, widx: 0, cap: 0, components=0))
GET http://localhost:9000/bower_components/angular-animate/angular-animate.js HTTP/1.1
Host: localhost:9000
Proxy-Connection: keep-alive
Accept: */*
User-Agent: Mozilla/5.0 (X11; Linux x86_64) AppleWebKit/537.36 (KHTML, like Gecko) Chrome/44.0.2403.130 Safari/537.36
Referer: http://localhost:9000/
Accept-Encoding: gzip, deflate, sdch
Accept-Language: en-GB,en-US;q=0.8,en;q=0.6
Content-Length: 0
11:39:50.611 [LittleProxy-ProxyToServerWorker-3] DEBUG o.l.p.impl.ClientToProxyConnection - (AWAITING_INITIAL) [id: 0x16fa54b8, /127.0.0.1:54150 => /127.0.1.1:45224]: Writing: DefaultHttpContent(data: SlicedByteBuf(ridx: 0, widx: 53, cap: 53/53, unwrapped: UnpooledUnsafeDirectByteBuf(ridx: 53, widx: 53, cap: 65536)), decoderResult: success)
11:39:50.611 [LittleProxy-ProxyToServerWorker-3] DEBUG o.l.p.impl.ClientToProxyConnection - (AWAITING_INITIAL) [id: 0x16fa54b8, /127.0.0.1:54150 => /127.0.1.1:45224]: Wrote: DefaultHttpContent(data: SlicedByteBuf(ridx: 0, widx: 53, cap: 53/53, unwrapped: UnpooledUnsafeDirectByteBuf(ridx: 53, widx: 53, cap: 65536)), decoderResult: success)
11:39:50.611 [LittleProxy-ProxyToServerWorker-3] DEBUG o.l.p.impl.ClientToProxyConnection - (AWAITING_INITIAL) [id: 0x16fa54b8, /127.0.0.1:54150 => /127.0.1.1:45224]: Not closing server connection on middle chunk for /bower_components/angular/angular.js
11:39:50.611 [LittleProxy-ProxyToServerWorker-3] DEBUG o.l.p.impl.ClientToProxyConnection - (AWAITING_INITIAL) [id: 0x16fa54b8, /127.0.0.1:54150 => /127.0.1.1:45224]: Not closing client connection on middle chunk for /bower_components/angular/angular.js
11:39:50.611 [LittleProxy-ClientToProxyWorker-7] DEBUG o.l.p.impl.ClientToProxyConnection - (AWAITING_INITIAL) [id: 0xa74abe3b, /127.0.0.1:54151 => /127.0.1.1:45224]: Ensuring that hostAndPort are available in http://localhost:9000/bower_components/angular-animate/angular-animate.js
11:39:50.611 [LittleProxy-ClientToProxyWorker-7] DEBUG o.l.p.impl.ClientToProxyConnection - (AWAITING_INITIAL) [id: 0xa74abe3b, /127.0.0.1:54151 => /127.0.1.1:45224]: Finding ProxyToServerConnection for: localhost:9000
11:39:50.611 [LittleProxy-ClientToProxyWorker-7] DEBUG o.l.p.impl.ClientToProxyConnection - (AWAITING_INITIAL) [id: 0xa74abe3b, /127.0.0.1:54151 => /127.0.1.1:45224]: Reusing existing server connection: org.littleshoot.proxy.impl.ProxyToServerConnection@55df2407
11:39:50.611 [LittleProxy-ClientToProxyWorker-7] DEBUG o.l.p.impl.ClientToProxyConnection - (AWAITING_INITIAL) [id: 0xa74abe3b, /127.0.0.1:54151 => /127.0.1.1:45224]: Modifying request headers for proxying
11:39:50.611 [LittleProxy-ClientToProxyWorker-7] DEBUG o.l.p.impl.ClientToProxyConnection - (AWAITING_INITIAL) [id: 0xa74abe3b, /127.0.0.1:54151 => /127.0.1.1:45224]: Modifying request for proxy chaining
11:39:50.611 [LittleProxy-ClientToProxyWorker-7] DEBUG o.l.p.impl.ClientToProxyConnection - (AWAITING_INITIAL) [id: 0xa74abe3b, /127.0.0.1:54151 => /127.0.1.1:45224]: Stripped host from uri: http://localhost:9000/bower_components/angular-animate/angular-animate.js    yielding: /bower_components/angular-animate/angular-animate.js
11:39:50.611 [LittleProxy-ClientToProxyWorker-7] DEBUG o.l.p.impl.ClientToProxyConnection - (AWAITING_INITIAL) [id: 0xa74abe3b, /127.0.0.1:54151 => /127.0.1.1:45224]: Removed sdch and inserted: gzip, deflate, 
11:39:50.611 [LittleProxy-ClientToProxyWorker-7] DEBUG o.l.p.impl.ClientToProxyConnection - (AWAITING_INITIAL) [id: 0xa74abe3b, /127.0.0.1:54151 => /127.0.1.1:45224]: Writing request to ProxyToServerConnection
11:39:50.611 [LittleProxy-ClientToProxyWorker-7] DEBUG o.l.p.impl.ProxyToServerConnection - (AWAITING_INITIAL) [id: 0x97bd59d1, /127.0.0.1:35281 => localhost/127.0.0.1:9000]: Requested write of HttpObjectAggregator$AggregatedFullHttpRequest(decodeResult: success, version: HTTP/1.1, content: CompositeByteBuf(ridx: 0, widx: 0, cap: 0, components=0))
GET /bower_components/angular-animate/angular-animate.js HTTP/1.1
Host: localhost:9000
Accept: */*
User-Agent: Mozilla/5.0 (X11; Linux x86_64) AppleWebKit/537.36 (KHTML, like Gecko) Chrome/44.0.2403.130 Safari/537.36
Referer: http://localhost:9000/
Accept-Language: en-GB,en-US;q=0.8,en;q=0.6
Content-Length: 0
Accept-Encoding: gzip, deflate, 
Via: 1.1 localhost.localdomain
11:39:50.611 [LittleProxy-ClientToProxyWorker-7] DEBUG o.l.p.impl.ProxyToServerConnection - (AWAITING_INITIAL) [id: 0x97bd59d1, /127.0.0.1:35281 => localhost/127.0.0.1:9000]: Retaining reference counted message
11:39:50.612 [LittleProxy-ClientToProxyWorker-7] DEBUG o.l.p.impl.ProxyToServerConnection - (AWAITING_INITIAL) [id: 0x97bd59d1, /127.0.0.1:35281 => localhost/127.0.0.1:9000]: Using existing connection to: localhost/127.0.0.1:9000
11:39:50.612 [LittleProxy-ClientToProxyWorker-7] DEBUG o.l.p.impl.ProxyToServerConnection - (AWAITING_INITIAL) [id: 0x97bd59d1, /127.0.0.1:35281 => localhost/127.0.0.1:9000]: Writing: HttpObjectAggregator$AggregatedFullHttpRequest(decodeResult: success, version: HTTP/1.1, content: CompositeByteBuf(ridx: 0, widx: 0, cap: 0, components=0))
GET /bower_components/angular-animate/angular-animate.js HTTP/1.1
Host: localhost:9000
Accept: */*
User-Agent: Mozilla/5.0 (X11; Linux x86_64) AppleWebKit/537.36 (KHTML, like Gecko) Chrome/44.0.2403.130 Safari/537.36
Referer: http://localhost:9000/
Accept-Language: en-GB,en-US;q=0.8,en;q=0.6
Content-Length: 0
Accept-Encoding: gzip, deflate, 
Via: 1.1 localhost.localdomain
11:39:50.612 [LittleProxy-ClientToProxyWorker-7] DEBUG o.l.p.impl.ProxyToServerConnection - (AWAITING_INITIAL) [id: 0x97bd59d1, /127.0.0.1:35281 => localhost/127.0.0.1:9000]: Writing an empty buffer to signal the end of our chunked transfer
11:39:50.612 [LittleProxy-ProxyToServerWorker-3] DEBUG o.l.p.impl.ProxyToServerConnection - (AWAITING_CHUNK) [id: 0xceaab001, /127.0.0.1:35280 => localhost/127.0.0.1:9000]: Reading: DefaultHttpContent(data: SlicedByteBuf(ridx: 0, widx: 16384, cap: 16384/16384, unwrapped: UnpooledUnsafeDirectByteBuf(ridx: 65483, widx: 65483, cap: 65536)), decoderResult: success)
11:39:50.612 [LittleProxy-ProxyToServerWorker-3] DEBUG o.l.p.impl.ClientToProxyConnection - (AWAITING_INITIAL) [id: 0x16fa54b8, /127.0.0.1:54150 => /127.0.1.1:45224]: Retaining reference counted message
11:39:50.612 [LittleProxy-ClientToProxyWorker-7] DEBUG o.l.p.impl.ProxyToServerConnection - (AWAITING_INITIAL) [id: 0x97bd59d1, /127.0.0.1:35281 => localhost/127.0.0.1:9000]: Wrote: HttpObjectAggregator$AggregatedFullHttpRequest(decodeResult: success, version: HTTP/1.1, content: CompositeByteBuf(ridx: 0, widx: 0, cap: 0, components=0))
GET /bower_components/angular-animate/angular-animate.js HTTP/1.1
Host: localhost:9000
Accept: */*
User-Agent: Mozilla/5.0 (X11; Linux x86_64) AppleWebKit/537.36 (KHTML, like Gecko) Chrome/44.0.2403.130 Safari/537.36
Referer: http://localhost:9000/
Accept-Language: en-GB,en-US;q=0.8,en;q=0.6
Content-Length: 0
Accept-Encoding: gzip, deflate, 
Via: 1.1 localhost.localdomain
11:39:50.612 [LittleProxy-ProxyToServerWorker-3] DEBUG o.l.p.impl.ClientToProxyConnection - (AWAITING_INITIAL) [id: 0x16fa54b8, /127.0.0.1:54150 => /127.0.1.1:45224]: Writing: DefaultHttpContent(data: SlicedByteBuf(ridx: 0, widx: 16384, cap: 16384/16384, unwrapped: UnpooledUnsafeDirectByteBuf(ridx: 65483, widx: 65483, cap: 65536)), decoderResult: success)
11:39:50.612 [LittleProxy-ProxyToServerWorker-3] DEBUG o.l.p.impl.ClientToProxyConnection - (AWAITING_INITIAL) [id: 0x16fa54b8, /127.0.0.1:54150 => /127.0.1.1:45224]: Wrote: DefaultHttpContent(data: SlicedByteBuf(ridx: 0, widx: 16384, cap: 16384/16384, unwrapped: UnpooledUnsafeDirectByteBuf(ridx: 65483, widx: 65483, cap: 65536)), decoderResult: success)
11:39:50.612 [LittleProxy-ProxyToServerWorker-3] DEBUG o.l.p.impl.ClientToProxyConnection - (AWAITING_INITIAL) [id: 0x16fa54b8, /127.0.0.1:54150 => /127.0.1.1:45224]: Not closing server connection on middle chunk for /bower_components/angular/angular.js
11:39:50.612 [LittleProxy-ProxyToServerWorker-3] DEBUG o.l.p.impl.ClientToProxyConnection - (AWAITING_INITIAL) [id: 0x16fa54b8, /127.0.0.1:54150 => /127.0.1.1:45224]: Not closing client connection on middle chunk for /bower_components/angular/angular.js
11:39:50.612 [LittleProxy-ProxyToServerWorker-3] DEBUG o.l.p.impl.ProxyToServerConnection - (AWAITING_CHUNK) [id: 0xceaab001, /127.0.0.1:35280 => localhost/127.0.0.1:9000]: Reading: DefaultHttpContent(data: SlicedByteBuf(ridx: 0, widx: 16384, cap: 16384/16384, unwrapped: UnpooledUnsafeDirectByteBuf(ridx: 65483, widx: 65483, cap: 65536)), decoderResult: success)
11:39:50.612 [LittleProxy-ProxyToServerWorker-3] DEBUG o.l.p.impl.ClientToProxyConnection - (AWAITING_INITIAL) [id: 0x16fa54b8, /127.0.0.1:54150 => /127.0.1.1:45224]: Retaining reference counted message
11:39:50.612 [LittleProxy-ProxyToServerWorker-3] DEBUG o.l.p.impl.ClientToProxyConnection - (AWAITING_INITIAL) [id: 0x16fa54b8, /127.0.0.1:54150 => /127.0.1.1:45224]: Writing: DefaultHttpContent(data: SlicedByteBuf(ridx: 0, widx: 16384, cap: 16384/16384, unwrapped: UnpooledUnsafeDirectByteBuf(ridx: 65483, widx: 65483, cap: 65536)), decoderResult: success)
11:39:50.612 [LittleProxy-ProxyToServerWorker-3] DEBUG o.l.p.impl.ClientToProxyConnection - (AWAITING_INITIAL) [id: 0x16fa54b8, /127.0.0.1:54150 => /127.0.1.1:45224]: Wrote: DefaultHttpContent(data: SlicedByteBuf(ridx: 0, widx: 16384, cap: 16384/16384, unwrapped: UnpooledUnsafeDirectByteBuf(ridx: 65483, widx: 65483, cap: 65536)), decoderResult: success)
11:39:50.612 [LittleProxy-ProxyToServerWorker-3] DEBUG o.l.p.impl.ClientToProxyConnection - (AWAITING_INITIAL) [id: 0x16fa54b8, /127.0.0.1:54150 => /127.0.1.1:45224]: Not closing server connection on middle chunk for /bower_components/angular/angular.js
11:39:50.612 [LittleProxy-ProxyToServerWorker-3] DEBUG o.l.p.impl.ClientToProxyConnection - (AWAITING_INITIAL) [id: 0x16fa54b8, /127.0.0.1:54150 => /127.0.1.1:45224]: Not closing client connection on middle chunk for /bower_components/angular/angular.js
11:39:50.612 [LittleProxy-ProxyToServerWorker-3] DEBUG o.l.p.impl.ProxyToServerConnection - (AWAITING_CHUNK) [id: 0xceaab001, /127.0.0.1:35280 => localhost/127.0.0.1:9000]: Reading: DefaultHttpContent(data: SlicedByteBuf(ridx: 0, widx: 16384, cap: 16384/16384, unwrapped: UnpooledUnsafeDirectByteBuf(ridx: 65483, widx: 65483, cap: 65536)), decoderResult: success)
11:39:50.612 [LittleProxy-ProxyToServerWorker-3] DEBUG o.l.p.impl.ClientToProxyConnection - (AWAITING_INITIAL) [id: 0x16fa54b8, /127.0.0.1:54150 => /127.0.1.1:45224]: Retaining reference counted message
11:39:50.612 [LittleProxy-ProxyToServerWorker-3] DEBUG o.l.p.impl.ClientToProxyConnection - (AWAITING_INITIAL) [id: 0x16fa54b8, /127.0.0.1:54150 => /127.0.1.1:45224]: Writing: DefaultHttpContent(data: SlicedByteBuf(ridx: 0, widx: 16384, cap: 16384/16384, unwrapped: UnpooledUnsafeDirectByteBuf(ridx: 65483, widx: 65483, cap: 65536)), decoderResult: success)
11:39:50.612 [LittleProxy-ProxyToServerWorker-3] DEBUG o.l.p.impl.ClientToProxyConnection - (AWAITING_INITIAL) [id: 0x16fa54b8, /127.0.0.1:54150 => /127.0.1.1:45224]: Wrote: DefaultHttpContent(data: SlicedByteBuf(ridx: 0, widx: 16384, cap: 16384/16384, unwrapped: UnpooledUnsafeDirectByteBuf(ridx: 65483, widx: 65483, cap: 65536)), decoderResult: success)
11:39:50.612 [LittleProxy-ProxyToServerWorker-3] DEBUG o.l.p.impl.ClientToProxyConnection - (AWAITING_INITIAL) [id: 0x16fa54b8, /127.0.0.1:54150 => /127.0.1.1:45224]: Not closing server connection on middle chunk for /bower_components/angular/angular.js
11:39:50.612 [LittleProxy-ProxyToServerWorker-3] DEBUG o.l.p.impl.ClientToProxyConnection - (AWAITING_INITIAL) [id: 0x16fa54b8, /127.0.0.1:54150 => /127.0.1.1:45224]: Not closing client connection on middle chunk for /bower_components/angular/angular.js
11:39:50.612 [LittleProxy-ProxyToServerWorker-3] DEBUG o.l.p.impl.ProxyToServerConnection - (AWAITING_CHUNK) [id: 0xceaab001, /127.0.0.1:35280 => localhost/127.0.0.1:9000]: Reading: DefaultHttpContent(data: SlicedByteBuf(ridx: 0, widx: 16331, cap: 16331/16331, unwrapped: UnpooledUnsafeDirectByteBuf(ridx: 65483, widx: 65483, cap: 65536)), decoderResult: success)
11:39:50.612 [LittleProxy-ProxyToServerWorker-3] DEBUG o.l.p.impl.ClientToProxyConnection - (AWAITING_INITIAL) [id: 0x16fa54b8, /127.0.0.1:54150 => /127.0.1.1:45224]: Retaining reference counted message
11:39:50.612 [LittleProxy-ProxyToServerWorker-3] DEBUG o.l.p.impl.ClientToProxyConnection - (AWAITING_INITIAL) [id: 0x16fa54b8, /127.0.0.1:54150 => /127.0.1.1:45224]: Writing: DefaultHttpContent(data: SlicedByteBuf(ridx: 0, widx: 16331, cap: 16331/16331, unwrapped: UnpooledUnsafeDirectByteBuf(ridx: 65483, widx: 65483, cap: 65536)), decoderResult: success)
11:39:50.612 [LittleProxy-ProxyToServerWorker-3] DEBUG o.l.p.impl.ClientToProxyConnection - (AWAITING_INITIAL) [id: 0x16fa54b8, /127.0.0.1:54150 => /127.0.1.1:45224]: Wrote: DefaultHttpContent(data: SlicedByteBuf(ridx: 0, widx: 16331, cap: 16331/16331, unwrapped: UnpooledUnsafeDirectByteBuf(ridx: 65483, widx: 65483, cap: 65536)), decoderResult: success)
11:39:50.612 [LittleProxy-ProxyToServerWorker-3] DEBUG o.l.p.impl.ClientToProxyConnection - (AWAITING_INITIAL) [id: 0x16fa54b8, /127.0.0.1:54150 => /127.0.1.1:45224]: Not closing server connection on middle chunk for /bower_components/angular/angular.js
11:39:50.612 [LittleProxy-ProxyToServerWorker-3] DEBUG o.l.p.impl.ClientToProxyConnection - (AWAITING_INITIAL) [id: 0x16fa54b8, /127.0.0.1:54150 => /127.0.1.1:45224]: Not closing client connection on middle chunk for /bower_components/angular/angular.js
11:39:50.612 [LittleProxy-ProxyToServerWorker-3] DEBUG o.l.p.impl.ProxyToServerConnection - (AWAITING_CHUNK) [id: 0xceaab001, /127.0.0.1:35280 => localhost/127.0.0.1:9000]: Reading: DefaultHttpContent(data: SlicedByteBuf(ridx: 0, widx: 53, cap: 53/53, unwrapped: UnpooledUnsafeDirectByteBuf(ridx: 53, widx: 53, cap: 65536)), decoderResult: success)
11:39:50.612 [LittleProxy-ProxyToServerWorker-3] DEBUG o.l.p.impl.ClientToProxyConnection - (AWAITING_INITIAL) [id: 0x16fa54b8, /127.0.0.1:54150 => /127.0.1.1:45224]: Retaining reference counted message
11:39:50.612 [LittleProxy-ProxyToServerWorker-3] DEBUG o.l.p.impl.ClientToProxyConnection - (AWAITING_INITIAL) [id: 0x16fa54b8, /127.0.0.1:54150 => /127.0.1.1:45224]: Writing: DefaultHttpContent(data: SlicedByteBuf(ridx: 0, widx: 53, cap: 53/53, unwrapped: UnpooledUnsafeDirectByteBuf(ridx: 53, widx: 53, cap: 65536)), decoderResult: success)
11:39:50.612 [LittleProxy-ProxyToServerWorker-3] DEBUG o.l.p.impl.ClientToProxyConnection - (AWAITING_INITIAL) [id: 0x16fa54b8, /127.0.0.1:54150 => /127.0.1.1:45224]: Wrote: DefaultHttpContent(data: SlicedByteBuf(ridx: 0, widx: 53, cap: 53/53, unwrapped: UnpooledUnsafeDirectByteBuf(ridx: 53, widx: 53, cap: 65536)), decoderResult: success)
11:39:50.613 [LittleProxy-ProxyToServerWorker-3] DEBUG o.l.p.impl.ClientToProxyConnection - (AWAITING_INITIAL) [id: 0x16fa54b8, /127.0.0.1:54150 => /127.0.1.1:45224]: Not closing server connection on middle chunk for /bower_components/angular/angular.js
11:39:50.613 [LittleProxy-ProxyToServerWorker-3] DEBUG o.l.p.impl.ClientToProxyConnection - (AWAITING_INITIAL) [id: 0x16fa54b8, /127.0.0.1:54150 => /127.0.1.1:45224]: Not closing client connection on middle chunk for /bower_components/angular/angular.js
11:39:50.614 [LittleProxy-ProxyToServerWorker-3] DEBUG o.l.p.impl.ProxyToServerConnection - (AWAITING_CHUNK) [id: 0xceaab001, /127.0.0.1:35280 => localhost/127.0.0.1:9000]: Reading: DefaultHttpContent(data: SlicedByteBuf(ridx: 0, widx: 16384, cap: 16384/16384, unwrapped: UnpooledUnsafeDirectByteBuf(ridx: 32768, widx: 32768, cap: 32768)), decoderResult: success)
11:39:50.614 [LittleProxy-ProxyToServerWorker-3] DEBUG o.l.p.impl.ClientToProxyConnection - (AWAITING_INITIAL) [id: 0x16fa54b8, /127.0.0.1:54150 => /127.0.1.1:45224]: Retaining reference counted message
11:39:50.614 [LittleProxy-ProxyToServerWorker-3] DEBUG o.l.p.impl.ClientToProxyConnection - (AWAITING_INITIAL) [id: 0x16fa54b8, /127.0.0.1:54150 => /127.0.1.1:45224]: Writing: DefaultHttpContent(data: SlicedByteBuf(ridx: 0, widx: 16384, cap: 16384/16384, unwrapped: UnpooledUnsafeDirectByteBuf(ridx: 32768, widx: 32768, cap: 32768)), decoderResult: success)
11:39:50.614 [LittleProxy-ProxyToServerWorker-3] DEBUG o.l.p.impl.ClientToProxyConnection - (AWAITING_INITIAL) [id: 0x16fa54b8, /127.0.0.1:54150 => /127.0.1.1:45224]: Wrote: DefaultHttpContent(data: SlicedByteBuf(ridx: 0, widx: 16384, cap: 16384/16384, unwrapped: UnpooledUnsafeDirectByteBuf(ridx: 32768, widx: 32768, cap: 32768)), decoderResult: success)
11:39:50.614 [LittleProxy-ProxyToServerWorker-3] DEBUG o.l.p.impl.ClientToProxyConnection - (AWAITING_INITIAL) [id: 0x16fa54b8, /127.0.0.1:54150 => /127.0.1.1:45224]: Not closing server connection on middle chunk for /bower_components/angular/angular.js
11:39:50.614 [LittleProxy-ProxyToServerWorker-3] DEBUG o.l.p.impl.ClientToProxyConnection - (AWAITING_INITIAL) [id: 0x16fa54b8, /127.0.0.1:54150 => /127.0.1.1:45224]: Not closing client connection on middle chunk for /bower_components/angular/angular.js
11:39:50.614 [LittleProxy-ProxyToServerWorker-3] DEBUG o.l.p.impl.ProxyToServerConnection - (AWAITING_CHUNK) [id: 0xceaab001, /127.0.0.1:35280 => localhost/127.0.0.1:9000]: Reading: DefaultHttpContent(data: SlicedByteBuf(ridx: 0, widx: 16384, cap: 16384/16384, unwrapped: UnpooledUnsafeDirectByteBuf(ridx: 32768, widx: 32768, cap: 32768)), decoderResult: success)
11:39:50.615 [LittleProxy-ProxyToServerWorker-3] DEBUG o.l.p.impl.ClientToProxyConnection - (AWAITING_INITIAL) [id: 0x16fa54b8, /127.0.0.1:54150 => /127.0.1.1:45224]: Retaining reference counted message
11:39:50.615 [LittleProxy-ProxyToServerWorker-3] DEBUG o.l.p.impl.ClientToProxyConnection - (AWAITING_INITIAL) [id: 0x16fa54b8, /127.0.0.1:54150 => /127.0.1.1:45224]: Writing: DefaultHttpContent(data: SlicedByteBuf(ridx: 0, widx: 16384, cap: 16384/16384, unwrapped: UnpooledUnsafeDirectByteBuf(ridx: 32768, widx: 32768, cap: 32768)), decoderResult: success)
11:39:50.615 [LittleProxy-ProxyToServerWorker-3] DEBUG o.l.p.impl.ClientToProxyConnection - (AWAITING_INITIAL) [id: 0x16fa54b8, /127.0.0.1:54150 => /127.0.1.1:45224]: Wrote: DefaultHttpContent(data: SlicedByteBuf(ridx: 0, widx: 16384, cap: 16384/16384, unwrapped: UnpooledUnsafeDirectByteBuf(ridx: 32768, widx: 32768, cap: 32768)), decoderResult: success)
11:39:50.615 [LittleProxy-ProxyToServerWorker-3] DEBUG o.l.p.impl.ClientToProxyConnection - (AWAITING_INITIAL) [id: 0x16fa54b8, /127.0.0.1:54150 => /127.0.1.1:45224]: Not closing server connection on middle chunk for /bower_components/angular/angular.js
11:39:50.615 [LittleProxy-ProxyToServerWorker-3] DEBUG o.l.p.impl.ClientToProxyConnection - (AWAITING_INITIAL) [id: 0x16fa54b8, /127.0.0.1:54150 => /127.0.1.1:45224]: Not closing client connection on middle chunk for /bower_components/angular/angular.js
11:39:50.615 [LittleProxy-ProxyToServerWorker-3] DEBUG o.l.p.impl.ProxyToServerConnection - (AWAITING_CHUNK) [id: 0xceaab001, /127.0.0.1:35280 => localhost/127.0.0.1:9000]: Reading: DefaultHttpContent(data: SlicedByteBuf(ridx: 0, widx: 16384, cap: 16384/16384, unwrapped: UnpooledUnsafeDirectByteBuf(ridx: 32715, widx: 32715, cap: 32768)), decoderResult: success)
11:39:50.615 [LittleProxy-ProxyToServerWorker-3] DEBUG o.l.p.impl.ClientToProxyConnection - (AWAITING_INITIAL) [id: 0x16fa54b8, /127.0.0.1:54150 => /127.0.1.1:45224]: Retaining reference counted message
11:39:50.615 [LittleProxy-ProxyToServerWorker-3] DEBUG o.l.p.impl.ClientToProxyConnection - (AWAITING_INITIAL) [id: 0x16fa54b8, /127.0.0.1:54150 => /127.0.1.1:45224]: Writing: DefaultHttpContent(data: SlicedByteBuf(ridx: 0, widx: 16384, cap: 16384/16384, unwrapped: UnpooledUnsafeDirectByteBuf(ridx: 32715, widx: 32715, cap: 32768)), decoderResult: success)
11:39:50.615 [LittleProxy-ProxyToServerWorker-3] DEBUG o.l.p.impl.ClientToProxyConnection - (AWAITING_INITIAL) [id: 0x16fa54b8, /127.0.0.1:54150 => /127.0.1.1:45224]: Wrote: DefaultHttpContent(data: SlicedByteBuf(ridx: 0, widx: 16384, cap: 16384/16384, unwrapped: UnpooledUnsafeDirectByteBuf(ridx: 32715, widx: 32715, cap: 32768)), decoderResult: success)
11:39:50.615 [LittleProxy-ProxyToServerWorker-3] DEBUG o.l.p.impl.ClientToProxyConnection - (AWAITING_INITIAL) [id: 0x16fa54b8, /127.0.0.1:54150 => /127.0.1.1:45224]: Not closing server connection on middle chunk for /bower_components/angular/angular.js
11:39:50.615 [LittleProxy-ProxyToServerWorker-3] DEBUG o.l.p.impl.ClientToProxyConnection - (AWAITING_INITIAL) [id: 0x16fa54b8, /127.0.0.1:54150 => /127.0.1.1:45224]: Not closing client connection on middle chunk for /bower_components/angular/angular.js
11:39:50.615 [LittleProxy-ProxyToServerWorker-3] DEBUG o.l.p.impl.ProxyToServerConnection - (AWAITING_CHUNK) [id: 0xceaab001, /127.0.0.1:35280 => localhost/127.0.0.1:9000]: Reading: DefaultHttpContent(data: SlicedByteBuf(ridx: 0, widx: 16331, cap: 16331/16331, unwrapped: UnpooledUnsafeDirectByteBuf(ridx: 32715, widx: 32715, cap: 32768)), decoderResult: success)
11:39:50.615 [LittleProxy-ProxyToServerWorker-3] DEBUG o.l.p.impl.ClientToProxyConnection - (AWAITING_INITIAL) [id: 0x16fa54b8, /127.0.0.1:54150 => /127.0.1.1:45224]: Retaining reference counted message
11:39:50.615 [LittleProxy-ProxyToServerWorker-3] DEBUG o.l.p.impl.ClientToProxyConnection - (AWAITING_INITIAL) [id: 0x16fa54b8, /127.0.0.1:54150 => /127.0.1.1:45224]: Writing: DefaultHttpContent(data: SlicedByteBuf(ridx: 0, widx: 16331, cap: 16331/16331, unwrapped: UnpooledUnsafeDirectByteBuf(ridx: 32715, widx: 32715, cap: 32768)), decoderResult: success)
11:39:50.615 [LittleProxy-ProxyToServerWorker-3] DEBUG o.l.p.impl.ClientToProxyConnection - (AWAITING_INITIAL) [id: 0x16fa54b8, /127.0.0.1:54150 => /127.0.1.1:45224]: Wrote: DefaultHttpContent(data: SlicedByteBuf(ridx: 0, widx: 16331, cap: 16331/16331, unwrapped: UnpooledUnsafeDirectByteBuf(ridx: 32715, widx: 32715, cap: 32768)), decoderResult: success)
11:39:50.615 [LittleProxy-ProxyToServerWorker-3] DEBUG o.l.p.impl.ClientToProxyConnection - (AWAITING_INITIAL) [id: 0x16fa54b8, /127.0.0.1:54150 => /127.0.1.1:45224]: Not closing server connection on middle chunk for /bower_components/angular/angular.js
11:39:50.615 [LittleProxy-ProxyToServerWorker-3] DEBUG o.l.p.impl.ClientToProxyConnection - (AWAITING_INITIAL) [id: 0x16fa54b8, /127.0.0.1:54150 => /127.0.1.1:45224]: Not closing client connection on middle chunk for /bower_components/angular/angular.js
11:39:50.615 [LittleProxy-ProxyToServerWorker-3] DEBUG o.l.p.impl.ProxyToServerConnection - (AWAITING_CHUNK) [id: 0xceaab001, /127.0.0.1:35280 => localhost/127.0.0.1:9000]: Reading: DefaultHttpContent(data: SlicedByteBuf(ridx: 0, widx: 53, cap: 53/53, unwrapped: UnpooledUnsafeDirectByteBuf(ridx: 53, widx: 53, cap: 65536)), decoderResult: success)
11:39:50.615 [LittleProxy-ProxyToServerWorker-3] DEBUG o.l.p.impl.ClientToProxyConnection - (AWAITING_INITIAL) [id: 0x16fa54b8, /127.0.0.1:54150 => /127.0.1.1:45224]: Retaining reference counted message
11:39:50.615 [LittleProxy-ProxyToServerWorker-3] DEBUG o.l.p.impl.ClientToProxyConnection - (AWAITING_INITIAL) [id: 0x16fa54b8, /127.0.0.1:54150 => /127.0.1.1:45224]: Writing: DefaultHttpContent(data: SlicedByteBuf(ridx: 0, widx: 53, cap: 53/53, unwrapped: UnpooledUnsafeDirectByteBuf(ridx: 53, widx: 53, cap: 65536)), decoderResult: success)
11:39:50.615 [LittleProxy-ProxyToServerWorker-3] DEBUG o.l.p.impl.ClientToProxyConnection - (AWAITING_INITIAL) [id: 0x16fa54b8, /127.0.0.1:54150 => /127.0.1.1:45224]: Wrote: DefaultHttpContent(data: SlicedByteBuf(ridx: 0, widx: 53, cap: 53/53, unwrapped: UnpooledUnsafeDirectByteBuf(ridx: 53, widx: 53, cap: 65536)), decoderResult: success)
11:39:50.615 [LittleProxy-ProxyToServerWorker-3] DEBUG o.l.p.impl.ClientToProxyConnection - (AWAITING_INITIAL) [id: 0x16fa54b8, /127.0.0.1:54150 => /127.0.1.1:45224]: Not closing server connection on middle chunk for /bower_components/angular/angular.js
11:39:50.615 [LittleProxy-ProxyToServerWorker-3] DEBUG o.l.p.impl.ClientToProxyConnection - (AWAITING_INITIAL) [id: 0x16fa54b8, /127.0.0.1:54150 => /127.0.1.1:45224]: Not closing client connection on middle chunk for /bower_components/angular/angular.js
11:39:50.616 [LittleProxy-ProxyToServerWorker-3] DEBUG o.l.p.impl.ProxyToServerConnection - (AWAITING_CHUNK) [id: 0xceaab001, /127.0.0.1:35280 => localhost/127.0.0.1:9000]: Reading: DefaultHttpContent(data: SlicedByteBuf(ridx: 0, widx: 16384, cap: 16384/16384, unwrapped: UnpooledUnsafeDirectByteBuf(ridx: 65483, widx: 65483, cap: 65536)), decoderResult: success)
11:39:50.616 [LittleProxy-ProxyToServerWorker-3] DEBUG o.l.p.impl.ClientToProxyConnection - (AWAITING_INITIAL) [id: 0x16fa54b8, /127.0.0.1:54150 => /127.0.1.1:45224]: Retaining reference counted message
11:39:50.616 [LittleProxy-ProxyToServerWorker-3] DEBUG o.l.p.impl.ClientToProxyConnection - (AWAITING_INITIAL) [id: 0x16fa54b8, /127.0.0.1:54150 => /127.0.1.1:45224]: Writing: DefaultHttpContent(data: SlicedByteBuf(ridx: 0, widx: 16384, cap: 16384/16384, unwrapped: UnpooledUnsafeDirectByteBuf(ridx: 65483, widx: 65483, cap: 65536)), decoderResult: success)
11:39:50.616 [LittleProxy-ProxyToServerWorker-3] DEBUG o.l.p.impl.ClientToProxyConnection - (AWAITING_INITIAL) [id: 0x16fa54b8, /127.0.0.1:54150 => /127.0.1.1:45224]: Wrote: DefaultHttpContent(data: SlicedByteBuf(ridx: 0, widx: 16384, cap: 16384/16384, unwrapped: UnpooledUnsafeDirectByteBuf(ridx: 65483, widx: 65483, cap: 65536)), decoderResult: success)
11:39:50.616 [LittleProxy-ProxyToServerWorker-3] DEBUG o.l.p.impl.ClientToProxyConnection - (AWAITING_INITIAL) [id: 0x16fa54b8, /127.0.0.1:54150 => /127.0.1.1:45224]: Not closing server connection on middle chunk for /bower_components/angular/angular.js
11:39:50.616 [LittleProxy-ProxyToServerWorker-3] DEBUG o.l.p.impl.ClientToProxyConnection - (AWAITING_INITIAL) [id: 0x16fa54b8, /127.0.0.1:54150 => /127.0.1.1:45224]: Not closing client connection on middle chunk for /bower_components/angular/angular.js
11:39:50.616 [LittleProxy-ProxyToServerWorker-3] DEBUG o.l.p.impl.ProxyToServerConnection - (AWAITING_CHUNK) [id: 0xceaab001, /127.0.0.1:35280 => localhost/127.0.0.1:9000]: Reading: DefaultHttpContent(data: SlicedByteBuf(ridx: 0, widx: 16384, cap: 16384/16384, unwrapped: UnpooledUnsafeDirectByteBuf(ridx: 65483, widx: 65483, cap: 65536)), decoderResult: success)
11:39:50.616 [LittleProxy-ProxyToServerWorker-3] DEBUG o.l.p.impl.ClientToProxyConnection - (AWAITING_INITIAL) [id: 0x16fa54b8, /127.0.0.1:54150 => /127.0.1.1:45224]: Retaining reference counted message
11:39:50.616 [LittleProxy-ProxyToServerWorker-3] DEBUG o.l.p.impl.ClientToProxyConnection - (AWAITING_INITIAL) [id: 0x16fa54b8, /127.0.0.1:54150 => /127.0.1.1:45224]: Writing: DefaultHttpContent(data: SlicedByteBuf(ridx: 0, widx: 16384, cap: 16384/16384, unwrapped: UnpooledUnsafeDirectByteBuf(ridx: 65483, widx: 65483, cap: 65536)), decoderResult: success)
11:39:50.616 [LittleProxy-ProxyToServerWorker-3] DEBUG o.l.p.impl.ClientToProxyConnection - (AWAITING_INITIAL) [id: 0x16fa54b8, /127.0.0.1:54150 => /127.0.1.1:45224]: Wrote: DefaultHttpContent(data: SlicedByteBuf(ridx: 0, widx: 16384, cap: 16384/16384, unwrapped: UnpooledUnsafeDirectByteBuf(ridx: 65483, widx: 65483, cap: 65536)), decoderResult: success)
11:39:50.617 [LittleProxy-ProxyToServerWorker-3] DEBUG o.l.p.impl.ClientToProxyConnection - (AWAITING_INITIAL) [id: 0x16fa54b8, /127.0.0.1:54150 => /127.0.1.1:45224]: Not closing server connection on middle chunk for /bower_components/angular/angular.js
11:39:50.617 [LittleProxy-ProxyToServerWorker-3] DEBUG o.l.p.impl.ClientToProxyConnection - (AWAITING_INITIAL) [id: 0x16fa54b8, /127.0.0.1:54150 => /127.0.1.1:45224]: Not closing client connection on middle chunk for /bower_components/angular/angular.js
11:39:50.617 [LittleProxy-ProxyToServerWorker-3] DEBUG o.l.p.impl.ProxyToServerConnection - (AWAITING_CHUNK) [id: 0xceaab001, /127.0.0.1:35280 => localhost/127.0.0.1:9000]: Reading: DefaultHttpContent(data: SlicedByteBuf(ridx: 0, widx: 16384, cap: 16384/16384, unwrapped: UnpooledUnsafeDirectByteBuf(ridx: 65483, widx: 65483, cap: 65536)), decoderResult: success)
11:39:50.617 [LittleProxy-ProxyToServerWorker-3] DEBUG o.l.p.impl.ClientToProxyConnection - (AWAITING_INITIAL) [id: 0x16fa54b8, /127.0.0.1:54150 => /127.0.1.1:45224]: Retaining reference counted message
11:39:50.617 [LittleProxy-ProxyToServerWorker-3] DEBUG o.l.p.impl.ClientToProxyConnection - (AWAITING_INITIAL) [id: 0x16fa54b8, /127.0.0.1:54150 => /127.0.1.1:45224]: Writing: DefaultHttpContent(data: SlicedByteBuf(ridx: 0, widx: 16384, cap: 16384/16384, unwrapped: UnpooledUnsafeDirectByteBuf(ridx: 65483, widx: 65483, cap: 65536)), decoderResult: success)
11:39:50.617 [LittleProxy-ProxyToServerWorker-3] DEBUG o.l.p.impl.ClientToProxyConnection - (AWAITING_INITIAL) [id: 0x16fa54b8, /127.0.0.1:54150 => /127.0.1.1:45224]: Wrote: DefaultHttpContent(data: SlicedByteBuf(ridx: 0, widx: 16384, cap: 16384/16384, unwrapped: UnpooledUnsafeDirectByteBuf(ridx: 65483, widx: 65483, cap: 65536)), decoderResult: success)
11:39:50.617 [LittleProxy-ProxyToServerWorker-3] DEBUG o.l.p.impl.ClientToProxyConnection - (AWAITING_INITIAL) [id: 0x16fa54b8, /127.0.0.1:54150 => /127.0.1.1:45224]: Not closing server connection on middle chunk for /bower_components/angular/angular.js
11:39:50.617 [LittleProxy-ProxyToServerWorker-3] DEBUG o.l.p.impl.ClientToProxyConnection - (AWAITING_INITIAL) [id: 0x16fa54b8, /127.0.0.1:54150 => /127.0.1.1:45224]: Not closing client connection on middle chunk for /bower_components/angular/angular.js
11:39:50.617 [LittleProxy-ProxyToServerWorker-3] DEBUG o.l.p.impl.ProxyToServerConnection - (AWAITING_CHUNK) [id: 0xceaab001, /127.0.0.1:35280 => localhost/127.0.0.1:9000]: Reading: DefaultHttpContent(data: SlicedByteBuf(ridx: 0, widx: 16331, cap: 16331/16331, unwrapped: UnpooledUnsafeDirectByteBuf(ridx: 65483, widx: 65483, cap: 65536)), decoderResult: success)
11:39:50.617 [LittleProxy-ProxyToServerWorker-3] DEBUG o.l.p.impl.ClientToProxyConnection - (AWAITING_INITIAL) [id: 0x16fa54b8, /127.0.0.1:54150 => /127.0.1.1:45224]: Retaining reference counted message
11:39:50.617 [LittleProxy-ProxyToServerWorker-3] DEBUG o.l.p.impl.ClientToProxyConnection - (AWAITING_INITIAL) [id: 0x16fa54b8, /127.0.0.1:54150 => /127.0.1.1:45224]: Writing: DefaultHttpContent(data: SlicedByteBuf(ridx: 0, widx: 16331, cap: 16331/16331, unwrapped: UnpooledUnsafeDirectByteBuf(ridx: 65483, widx: 65483, cap: 65536)), decoderResult: success)
11:39:50.617 [LittleProxy-ProxyToServerWorker-3] DEBUG o.l.p.impl.ClientToProxyConnection - (AWAITING_INITIAL) [id: 0x16fa54b8, /127.0.0.1:54150 => /127.0.1.1:45224]: Wrote: DefaultHttpContent(data: SlicedByteBuf(ridx: 0, widx: 16331, cap: 16331/16331, unwrapped: UnpooledUnsafeDirectByteBuf(ridx: 65483, widx: 65483, cap: 65536)), decoderResult: success)
11:39:50.617 [LittleProxy-ProxyToServerWorker-3] DEBUG o.l.p.impl.ClientToProxyConnection - (AWAITING_INITIAL) [id: 0x16fa54b8, /127.0.0.1:54150 => /127.0.1.1:45224]: Not closing server connection on middle chunk for /bower_components/angular/angular.js
11:39:50.617 [LittleProxy-ProxyToServerWorker-3] DEBUG o.l.p.impl.ClientToProxyConnection - (AWAITING_INITIAL) [id: 0x16fa54b8, /127.0.0.1:54150 => /127.0.1.1:45224]: Not closing client connection on middle chunk for /bower_components/angular/angular.js
11:39:50.617 [LittleProxy-ProxyToServerWorker-3] DEBUG o.l.p.impl.ProxyToServerConnection - (AWAITING_CHUNK) [id: 0xceaab001, /127.0.0.1:35280 => localhost/127.0.0.1:9000]: Reading: DefaultHttpContent(data: SlicedByteBuf(ridx: 0, widx: 53, cap: 53/53, unwrapped: UnpooledUnsafeDirectByteBuf(ridx: 53, widx: 53, cap: 65536)), decoderResult: success)
11:39:50.617 [LittleProxy-ProxyToServerWorker-3] DEBUG o.l.p.impl.ClientToProxyConnection - (AWAITING_INITIAL) [id: 0x16fa54b8, /127.0.0.1:54150 => /127.0.1.1:45224]: Retaining reference counted message
11:39:50.617 [LittleProxy-ProxyToServerWorker-3] DEBUG o.l.p.impl.ClientToProxyConnection - (AWAITING_INITIAL) [id: 0x16fa54b8, /127.0.0.1:54150 => /127.0.1.1:45224]: Writing: DefaultHttpContent(data: SlicedByteBuf(ridx: 0, widx: 53, cap: 53/53, unwrapped: UnpooledUnsafeDirectByteBuf(ridx: 53, widx: 53, cap: 65536)), decoderResult: success)
11:39:50.617 [LittleProxy-ProxyToServerWorker-3] DEBUG o.l.p.impl.ClientToProxyConnection - (AWAITING_INITIAL) [id: 0x16fa54b8, /127.0.0.1:54150 => /127.0.1.1:45224]: Wrote: DefaultHttpContent(data: SlicedByteBuf(ridx: 0, widx: 53, cap: 53/53, unwrapped: UnpooledUnsafeDirectByteBuf(ridx: 53, widx: 53, cap: 65536)), decoderResult: success)
11:39:50.617 [LittleProxy-ProxyToServerWorker-3] DEBUG o.l.p.impl.ClientToProxyConnection - (AWAITING_INITIAL) [id: 0x16fa54b8, /127.0.0.1:54150 => /127.0.1.1:45224]: Not closing server connection on middle chunk for /bower_components/angular/angular.js
11:39:50.617 [LittleProxy-ProxyToServerWorker-3] DEBUG o.l.p.impl.ClientToProxyConnection - (AWAITING_INITIAL) [id: 0x16fa54b8, /127.0.0.1:54150 => /127.0.1.1:45224]: Not closing client connection on middle chunk for /bower_components/angular/angular.js
11:39:50.639 [LittleProxy-ProxyToServerWorker-6] DEBUG o.l.p.impl.ProxyToServerConnection - (AWAITING_CHUNK) [id: 0x15efad94, /127.0.0.1:35282 => localhost/127.0.0.1:9000]: Reading: DefaultLastHttpContent(data: SlicedByteBuf(ridx: 0, widx: 9306, cap: 9306/9306, unwrapped: UnpooledUnsafeDirectByteBuf(ridx: 9306, widx: 9306, cap: 65536)), decoderResult: success)
11:39:50.639 [LittleProxy-ProxyToServerWorker-6] DEBUG o.l.p.impl.ClientToProxyConnection - (AWAITING_INITIAL) [id: 0x87242349, /127.0.0.1:54149 => /127.0.1.1:45224]: Retaining reference counted message
11:39:50.639 [LittleProxy-ProxyToServerWorker-6] DEBUG o.l.p.impl.ClientToProxyConnection - (AWAITING_INITIAL) [id: 0x87242349, /127.0.0.1:54149 => /127.0.1.1:45224]: Writing: DefaultLastHttpContent(data: SlicedByteBuf(ridx: 0, widx: 9306, cap: 9306/9306, unwrapped: UnpooledUnsafeDirectByteBuf(ridx: 9306, widx: 9306, cap: 65536)), decoderResult: success)
11:39:50.639 [LittleProxy-ProxyToServerWorker-6] DEBUG o.l.p.impl.ClientToProxyConnection - (AWAITING_INITIAL) [id: 0x87242349, /127.0.0.1:54149 => /127.0.1.1:45224]: Writing an empty buffer to signal the end of our chunked transfer
11:39:50.639 [LittleProxy-ProxyToServerWorker-6] DEBUG o.l.p.impl.ClientToProxyConnection - (AWAITING_INITIAL) [id: 0x87242349, /127.0.0.1:54149 => /127.0.1.1:45224]: Wrote: DefaultLastHttpContent(data: SlicedByteBuf(ridx: 0, widx: 9306, cap: 9306/9306, unwrapped: UnpooledUnsafeDirectByteBuf(ridx: 9306, widx: 9306, cap: 65536)), decoderResult: success)
11:39:50.639 [LittleProxy-ProxyToServerWorker-6] DEBUG o.l.p.impl.ClientToProxyConnection - (AWAITING_INITIAL) [id: 0x87242349, /127.0.0.1:54149 => /127.0.1.1:45224]: Retaining reference counted message
11:39:50.639 [LittleProxy-ProxyToServerWorker-6] DEBUG o.l.p.impl.ClientToProxyConnection - (AWAITING_INITIAL) [id: 0x87242349, /127.0.0.1:54149 => /127.0.1.1:45224]: Writing: EmptyByteBufBE
11:39:50.639 [LittleProxy-ProxyToServerWorker-6] DEBUG o.l.p.impl.ClientToProxyConnection - (AWAITING_INITIAL) [id: 0x87242349, /127.0.0.1:54149 => /127.0.1.1:45224]: Wrote: EmptyByteBufBE
11:39:50.639 [LittleProxy-ProxyToServerWorker-6] DEBUG o.l.p.impl.ClientToProxyConnection - (AWAITING_INITIAL) [id: 0x87242349, /127.0.0.1:54149 => /127.0.1.1:45224]: Handling last chunk. Using normal server connection closing rules.
11:39:50.639 [LittleProxy-ProxyToServerWorker-6] DEBUG o.l.p.impl.ClientToProxyConnection - (AWAITING_INITIAL) [id: 0x87242349, /127.0.0.1:54149 => /127.0.1.1:45224]: Not closing server connection for response: DefaultHttpResponse(decodeResult: success, version: HTTP/1.1)
HTTP/1.1 200 OK
Accept-Ranges: bytes
Date: Tue, 08 Sep 2015 10:39:50 GMT
Cache-Control: public, max-age=0
Last-Modified: Thu, 13 Feb 2014 17:24:59 GMT
ETag: W/"dDdpNkEWoPQr6VXsOhhhTg=="
Content-Type: application/javascript
Content-Length: 55258
Connection: keep-alive
11:39:50.639 [LittleProxy-ProxyToServerWorker-6] DEBUG o.l.p.impl.ClientToProxyConnection - (AWAITING_INITIAL) [id: 0x87242349, /127.0.0.1:54149 => /127.0.1.1:45224]: Handling last chunk. Using normal client connection closing rules.
11:39:50.640 [LittleProxy-ProxyToServerWorker-6] DEBUG o.l.p.impl.ClientToProxyConnection - (AWAITING_INITIAL) [id: 0x87242349, /127.0.0.1:54149 => /127.0.1.1:45224]: Not closing client connection for request: [FAILED toString()]
11:39:50.640 [LittleProxy-ClientToProxyWorker-5] DEBUG o.l.p.impl.ClientToProxyConnection - (AWAITING_INITIAL) [id: 0x87242349, /127.0.0.1:54149 => /127.0.1.1:45224]: Reading: HttpObjectAggregator$AggregatedFullHttpRequest(decodeResult: success, version: HTTP/1.1, content: CompositeByteBuf(ridx: 0, widx: 0, cap: 0, components=0))
GET http://localhost:9000/bower_components/jquery-ui/themes/base/core.css HTTP/1.1
Host: localhost:9000
Proxy-Connection: keep-alive
Accept: text/css,*/*;q=0.1
User-Agent: Mozilla/5.0 (X11; Linux x86_64) AppleWebKit/537.36 (KHTML, like Gecko) Chrome/44.0.2403.130 Safari/537.36
Referer: http://localhost:9000/
Accept-Encoding: gzip, deflate, sdch
Accept-Language: en-GB,en-US;q=0.8,en;q=0.6
Content-Length: 0
11:39:50.640 [LittleProxy-ClientToProxyWorker-5] DEBUG o.l.p.impl.ClientToProxyConnection - (AWAITING_INITIAL) [id: 0x87242349, /127.0.0.1:54149 => /127.0.1.1:45224]: Got request: HttpObjectAggregator$AggregatedFullHttpRequest(decodeResult: success, version: HTTP/1.1, content: CompositeByteBuf(ridx: 0, widx: 0, cap: 0, components=0))
GET http://localhost:9000/bower_components/jquery-ui/themes/base/core.css HTTP/1.1
Host: localhost:9000
Proxy-Connection: keep-alive
Accept: text/css,*/*;q=0.1
User-Agent: Mozilla/5.0 (X11; Linux x86_64) AppleWebKit/537.36 (KHTML, like Gecko) Chrome/44.0.2403.130 Safari/537.36
Referer: http://localhost:9000/
Accept-Encoding: gzip, deflate, sdch
Accept-Language: en-GB,en-US;q=0.8,en;q=0.6
Content-Length: 0
11:39:50.641 [LittleProxy-ClientToProxyWorker-5] DEBUG o.l.p.impl.ClientToProxyConnection - (AWAITING_INITIAL) [id: 0x87242349, /127.0.0.1:54149 => /127.0.1.1:45224]: Ensuring that hostAndPort are available in http://localhost:9000/bower_components/jquery-ui/themes/base/core.css
11:39:50.641 [LittleProxy-ClientToProxyWorker-5] DEBUG o.l.p.impl.ClientToProxyConnection - (AWAITING_INITIAL) [id: 0x87242349, /127.0.0.1:54149 => /127.0.1.1:45224]: Finding ProxyToServerConnection for: localhost:9000
11:39:50.641 [LittleProxy-ClientToProxyWorker-5] DEBUG o.l.p.impl.ClientToProxyConnection - (AWAITING_INITIAL) [id: 0x87242349, /127.0.0.1:54149 => /127.0.1.1:45224]: Reusing existing server connection: org.littleshoot.proxy.impl.ProxyToServerConnection@19d9ddb6
11:39:50.641 [LittleProxy-ClientToProxyWorker-5] DEBUG o.l.p.impl.ClientToProxyConnection - (AWAITING_INITIAL) [id: 0x87242349, /127.0.0.1:54149 => /127.0.1.1:45224]: Modifying request headers for proxying
11:39:50.641 [LittleProxy-ClientToProxyWorker-5] DEBUG o.l.p.impl.ClientToProxyConnection - (AWAITING_INITIAL) [id: 0x87242349, /127.0.0.1:54149 => /127.0.1.1:45224]: Modifying request for proxy chaining
11:39:50.641 [LittleProxy-ClientToProxyWorker-5] DEBUG o.l.p.impl.ClientToProxyConnection - (AWAITING_INITIAL) [id: 0x87242349, /127.0.0.1:54149 => /127.0.1.1:45224]: Stripped host from uri: http://localhost:9000/bower_components/jquery-ui/themes/base/core.css    yielding: /bower_components/jquery-ui/themes/base/core.css
11:39:50.641 [LittleProxy-ClientToProxyWorker-5] DEBUG o.l.p.impl.ClientToProxyConnection - (AWAITING_INITIAL) [id: 0x87242349, /127.0.0.1:54149 => /127.0.1.1:45224]: Removed sdch and inserted: gzip, deflate, 
11:39:50.641 [LittleProxy-ClientToProxyWorker-5] DEBUG o.l.p.impl.ClientToProxyConnection - (AWAITING_INITIAL) [id: 0x87242349, /127.0.0.1:54149 => /127.0.1.1:45224]: Writing request to ProxyToServerConnection
11:39:50.641 [LittleProxy-ClientToProxyWorker-5] DEBUG o.l.p.impl.ProxyToServerConnection - (AWAITING_INITIAL) [id: 0x15efad94, /127.0.0.1:35282 => localhost/127.0.0.1:9000]: Requested write of HttpObjectAggregator$AggregatedFullHttpRequest(decodeResult: success, version: HTTP/1.1, content: CompositeByteBuf(ridx: 0, widx: 0, cap: 0, components=0))
GET /bower_components/jquery-ui/themes/base/core.css HTTP/1.1
Host: localhost:9000
Accept: text/css,*/*;q=0.1
User-Agent: Mozilla/5.0 (X11; Linux x86_64) AppleWebKit/537.36 (KHTML, like Gecko) Chrome/44.0.2403.130 Safari/537.36
Referer: http://localhost:9000/
Accept-Language: en-GB,en-US;q=0.8,en;q=0.6
Content-Length: 0
Accept-Encoding: gzip, deflate, 
Via: 1.1 localhost.localdomain
11:39:50.641 [LittleProxy-ClientToProxyWorker-5] DEBUG o.l.p.impl.ProxyToServerConnection - (AWAITING_INITIAL) [id: 0x15efad94, /127.0.0.1:35282 => localhost/127.0.0.1:9000]: Retaining reference counted message
11:39:50.641 [LittleProxy-ClientToProxyWorker-5] DEBUG o.l.p.impl.ProxyToServerConnection - (AWAITING_INITIAL) [id: 0x15efad94, /127.0.0.1:35282 => localhost/127.0.0.1:9000]: Using existing connection to: localhost/127.0.0.1:9000
11:39:50.641 [LittleProxy-ClientToProxyWorker-5] DEBUG o.l.p.impl.ProxyToServerConnection - (AWAITING_INITIAL) [id: 0x15efad94, /127.0.0.1:35282 => localhost/127.0.0.1:9000]: Writing: HttpObjectAggregator$AggregatedFullHttpRequest(decodeResult: success, version: HTTP/1.1, content: CompositeByteBuf(ridx: 0, widx: 0, cap: 0, components=0))
GET /bower_components/jquery-ui/themes/base/core.css HTTP/1.1
Host: localhost:9000
Accept: text/css,*/*;q=0.1
User-Agent: Mozilla/5.0 (X11; Linux x86_64) AppleWebKit/537.36 (KHTML, like Gecko) Chrome/44.0.2403.130 Safari/537.36
Referer: http://localhost:9000/
Accept-Language: en-GB,en-US;q=0.8,en;q=0.6
Content-Length: 0
Accept-Encoding: gzip, deflate, 
Via: 1.1 localhost.localdomain
11:39:50.641 [LittleProxy-ClientToProxyWorker-5] DEBUG o.l.p.impl.ProxyToServerConnection - (AWAITING_INITIAL) [id: 0x15efad94, /127.0.0.1:35282 => localhost/127.0.0.1:9000]: Writing an empty buffer to signal the end of our chunked transfer
11:39:50.641 [LittleProxy-ClientToProxyWorker-5] DEBUG o.l.p.impl.ProxyToServerConnection - (AWAITING_INITIAL) [id: 0x15efad94, /127.0.0.1:35282 => localhost/127.0.0.1:9000]: Wrote: HttpObjectAggregator$AggregatedFullHttpRequest(decodeResult: success, version: HTTP/1.1, content: CompositeByteBuf(ridx: 0, widx: 0, cap: 0, components=0))
GET /bower_components/jquery-ui/themes/base/core.css HTTP/1.1
Host: localhost:9000
Accept: text/css,*/*;q=0.1
User-Agent: Mozilla/5.0 (X11; Linux x86_64) AppleWebKit/537.36 (KHTML, like Gecko) Chrome/44.0.2403.130 Safari/537.36
Referer: http://localhost:9000/
Accept-Language: en-GB,en-US;q=0.8,en;q=0.6
Content-Length: 0
Accept-Encoding: gzip, deflate, 
Via: 1.1 localhost.localdomain
11:39:50.667 [LittleProxy-ProxyToServerWorker-3] DEBUG o.l.p.impl.ProxyToServerConnection - (AWAITING_CHUNK) [id: 0xceaab001, /127.0.0.1:35280 => localhost/127.0.0.1:9000]: Reading: DefaultHttpContent(data: SlicedByteBuf(ridx: 0, widx: 16384, cap: 16384/16384, unwrapped: UnpooledUnsafeDirectByteBuf(ridx: 32768, widx: 32768, cap: 32768)), decoderResult: success)
11:39:50.667 [LittleProxy-ProxyToServerWorker-3] DEBUG o.l.p.impl.ClientToProxyConnection - (AWAITING_INITIAL) [id: 0x16fa54b8, /127.0.0.1:54150 => /127.0.1.1:45224]: Retaining reference counted message
11:39:50.667 [LittleProxy-ProxyToServerWorker-3] DEBUG o.l.p.impl.ClientToProxyConnection - (AWAITING_INITIAL) [id: 0x16fa54b8, /127.0.0.1:54150 => /127.0.1.1:45224]: Writing: DefaultHttpContent(data: SlicedByteBuf(ridx: 0, widx: 16384, cap: 16384/16384, unwrapped: UnpooledUnsafeDirectByteBuf(ridx: 32768, widx: 32768, cap: 32768)), decoderResult: success)
11:39:50.667 [LittleProxy-ProxyToServerWorker-3] DEBUG o.l.p.impl.ClientToProxyConnection - (AWAITING_INITIAL) [id: 0x16fa54b8, /127.0.0.1:54150 => /127.0.1.1:45224]: Wrote: DefaultHttpContent(data: SlicedByteBuf(ridx: 0, widx: 16384, cap: 16384/16384, unwrapped: UnpooledUnsafeDirectByteBuf(ridx: 32768, widx: 32768, cap: 32768)), decoderResult: success)
11:39:50.667 [LittleProxy-ProxyToServerWorker-3] DEBUG o.l.p.impl.ClientToProxyConnection - (AWAITING_INITIAL) [id: 0x16fa54b8, /127.0.0.1:54150 => /127.0.1.1:45224]: Not closing server connection on middle chunk for /bower_components/angular/angular.js
11:39:50.667 [LittleProxy-ProxyToServerWorker-3] DEBUG o.l.p.impl.ClientToProxyConnection - (AWAITING_INITIAL) [id: 0x16fa54b8, /127.0.0.1:54150 => /127.0.1.1:45224]: Not closing client connection on middle chunk for /bower_components/angular/angular.js
11:39:50.667 [LittleProxy-ProxyToServerWorker-3] DEBUG o.l.p.impl.ProxyToServerConnection - (AWAITING_CHUNK) [id: 0xceaab001, /127.0.0.1:35280 => localhost/127.0.0.1:9000]: Reading: DefaultHttpContent(data: SlicedByteBuf(ridx: 0, widx: 16384, cap: 16384/16384, unwrapped: UnpooledUnsafeDirectByteBuf(ridx: 32768, widx: 32768, cap: 32768)), decoderResult: success)
11:39:50.667 [LittleProxy-ProxyToServerWorker-3] DEBUG o.l.p.impl.ClientToProxyConnection - (AWAITING_INITIAL) [id: 0x16fa54b8, /127.0.0.1:54150 => /127.0.1.1:45224]: Retaining reference counted message
11:39:50.667 [LittleProxy-ProxyToServerWorker-3] DEBUG o.l.p.impl.ClientToProxyConnection - (AWAITING_INITIAL) [id: 0x16fa54b8, /127.0.0.1:54150 => /127.0.1.1:45224]: Writing: DefaultHttpContent(data: SlicedByteBuf(ridx: 0, widx: 16384, cap: 16384/16384, unwrapped: UnpooledUnsafeDirectByteBuf(ridx: 32768, widx: 32768, cap: 32768)), decoderResult: success)
11:39:50.667 [LittleProxy-ProxyToServerWorker-3] DEBUG o.l.p.impl.ClientToProxyConnection - (AWAITING_INITIAL) [id: 0x16fa54b8, /127.0.0.1:54150 => /127.0.1.1:45224]: Wrote: DefaultHttpContent(data: SlicedByteBuf(ridx: 0, widx: 16384, cap: 16384/16384, unwrapped: UnpooledUnsafeDirectByteBuf(ridx: 32768, widx: 32768, cap: 32768)), decoderResult: success)
11:39:50.667 [LittleProxy-ProxyToServerWorker-3] DEBUG o.l.p.impl.ClientToProxyConnection - (AWAITING_INITIAL) [id: 0x16fa54b8, /127.0.0.1:54150 => /127.0.1.1:45224]: Not closing server connection on middle chunk for /bower_components/angular/angular.js
11:39:50.667 [LittleProxy-ProxyToServerWorker-3] DEBUG o.l.p.impl.ClientToProxyConnection - (AWAITING_INITIAL) [id: 0x16fa54b8, /127.0.0.1:54150 => /127.0.1.1:45224]: Not closing client connection on middle chunk for /bower_components/angular/angular.js
11:39:50.667 [LittleProxy-ProxyToServerWorker-3] DEBUG o.l.p.impl.ProxyToServerConnection - (AWAITING_CHUNK) [id: 0xceaab001, /127.0.0.1:35280 => localhost/127.0.0.1:9000]: Reading: DefaultHttpContent(data: SlicedByteBuf(ridx: 0, widx: 16384, cap: 16384/16384, unwrapped: UnpooledUnsafeDirectByteBuf(ridx: 32768, widx: 32768, cap: 32768)), decoderResult: success)
11:39:50.667 [LittleProxy-ProxyToServerWorker-3] DEBUG o.l.p.impl.ClientToProxyConnection - (AWAITING_INITIAL) [id: 0x16fa54b8, /127.0.0.1:54150 => /127.0.1.1:45224]: Retaining reference counted message
11:39:50.667 [LittleProxy-ProxyToServerWorker-3] DEBUG o.l.p.impl.ClientToProxyConnection - (AWAITING_INITIAL) [id: 0x16fa54b8, /127.0.0.1:54150 => /127.0.1.1:45224]: Writing: DefaultHttpContent(data: SlicedByteBuf(ridx: 0, widx: 16384, cap: 16384/16384, unwrapped: UnpooledUnsafeDirectByteBuf(ridx: 32768, widx: 32768, cap: 32768)), decoderResult: success)
11:39:50.667 [LittleProxy-ProxyToServerWorker-3] DEBUG o.l.p.impl.ClientToProxyConnection - (AWAITING_INITIAL) [id: 0x16fa54b8, /127.0.0.1:54150 => /127.0.1.1:45224]: Wrote: DefaultHttpContent(data: SlicedByteBuf(ridx: 0, widx: 16384, cap: 16384/16384, unwrapped: UnpooledUnsafeDirectByteBuf(ridx: 32768, widx: 32768, cap: 32768)), decoderResult: success)
11:39:50.667 [LittleProxy-ProxyToServerWorker-3] DEBUG o.l.p.impl.ClientToProxyConnection - (AWAITING_INITIAL) [id: 0x16fa54b8, /127.0.0.1:54150 => /127.0.1.1:45224]: Not closing server connection on middle chunk for /bower_components/angular/angular.js
11:39:50.667 [LittleProxy-ProxyToServerWorker-3] DEBUG o.l.p.impl.ClientToProxyConnection - (AWAITING_INITIAL) [id: 0x16fa54b8, /127.0.0.1:54150 => /127.0.1.1:45224]: Not closing client connection on middle chunk for /bower_components/angular/angular.js
11:39:50.667 [LittleProxy-ProxyToServerWorker-3] DEBUG o.l.p.impl.ProxyToServerConnection - (AWAITING_CHUNK) [id: 0xceaab001, /127.0.0.1:35280 => localhost/127.0.0.1:9000]: Reading: DefaultHttpContent(data: SlicedByteBuf(ridx: 0, widx: 16384, cap: 16384/16384, unwrapped: UnpooledUnsafeDirectByteBuf(ridx: 32768, widx: 32768, cap: 32768)), decoderResult: success)
11:39:50.667 [LittleProxy-ProxyToServerWorker-3] DEBUG o.l.p.impl.ClientToProxyConnection - (AWAITING_INITIAL) [id: 0x16fa54b8, /127.0.0.1:54150 => /127.0.1.1:45224]: Retaining reference counted message
11:39:50.667 [LittleProxy-ProxyToServerWorker-3] DEBUG o.l.p.impl.ClientToProxyConnection - (AWAITING_INITIAL) [id: 0x16fa54b8, /127.0.0.1:54150 => /127.0.1.1:45224]: Writing: DefaultHttpContent(data: SlicedByteBuf(ridx: 0, widx: 16384, cap: 16384/16384, unwrapped: UnpooledUnsafeDirectByteBuf(ridx: 32768, widx: 32768, cap: 32768)), decoderResult: success)
11:39:50.667 [LittleProxy-ProxyToServerWorker-3] DEBUG o.l.p.impl.ClientToProxyConnection - (AWAITING_INITIAL) [id: 0x16fa54b8, /127.0.0.1:54150 => /127.0.1.1:45224]: Wrote: DefaultHttpContent(data: SlicedByteBuf(ridx: 0, widx: 16384, cap: 16384/16384, unwrapped: UnpooledUnsafeDirectByteBuf(ridx: 32768, widx: 32768, cap: 32768)), decoderResult: success)
11:39:50.667 [LittleProxy-ProxyToServerWorker-3] DEBUG o.l.p.impl.ClientToProxyConnection - (AWAITING_INITIAL) [id: 0x16fa54b8, /127.0.0.1:54150 => /127.0.1.1:45224]: Not closing server connection on middle chunk for /bower_components/angular/angular.js
11:39:50.667 [LittleProxy-ProxyToServerWorker-3] DEBUG o.l.p.impl.ClientToProxyConnection - (AWAITING_INITIAL) [id: 0x16fa54b8, /127.0.0.1:54150 => /127.0.1.1:45224]: Not closing client connection on middle chunk for /bower_components/angular/angular.js
11:39:50.668 [LittleProxy-ProxyToServerWorker-3] DEBUG o.l.p.impl.ProxyToServerConnection - (AWAITING_CHUNK) [id: 0xceaab001, /127.0.0.1:35280 => localhost/127.0.0.1:9000]: Reading: DefaultHttpContent(data: SlicedByteBuf(ridx: 0, widx: 16384, cap: 16384/16384, unwrapped: UnpooledUnsafeDirectByteBuf(ridx: 65536, widx: 65536, cap: 65536)), decoderResult: success)
11:39:50.668 [LittleProxy-ProxyToServerWorker-3] DEBUG o.l.p.impl.ClientToProxyConnection - (AWAITING_INITIAL) [id: 0x16fa54b8, /127.0.0.1:54150 => /127.0.1.1:45224]: Retaining reference counted message
11:39:50.668 [LittleProxy-ProxyToServerWorker-3] DEBUG o.l.p.impl.ClientToProxyConnection - (AWAITING_INITIAL) [id: 0x16fa54b8, /127.0.0.1:54150 => /127.0.1.1:45224]: Writing: DefaultHttpContent(data: SlicedByteBuf(ridx: 0, widx: 16384, cap: 16384/16384, unwrapped: UnpooledUnsafeDirectByteBuf(ridx: 65536, widx: 65536, cap: 65536)), decoderResult: success)
11:39:50.668 [LittleProxy-ProxyToServerWorker-3] DEBUG o.l.p.impl.ClientToProxyConnection - (AWAITING_INITIAL) [id: 0x16fa54b8, /127.0.0.1:54150 => /127.0.1.1:45224]: Wrote: DefaultHttpContent(data: SlicedByteBuf(ridx: 0, widx: 16384, cap: 16384/16384, unwrapped: UnpooledUnsafeDirectByteBuf(ridx: 65536, widx: 65536, cap: 65536)), decoderResult: success)
11:39:50.668 [LittleProxy-ProxyToServerWorker-3] DEBUG o.l.p.impl.ClientToProxyConnection - (AWAITING_INITIAL) [id: 0x16fa54b8, /127.0.0.1:54150 => /127.0.1.1:45224]: Not closing server connection on middle chunk for /bower_components/angular/angular.js
11:39:50.668 [LittleProxy-ProxyToServerWorker-3] DEBUG o.l.p.impl.ClientToProxyConnection - (AWAITING_INITIAL) [id: 0x16fa54b8, /127.0.0.1:54150 => /127.0.1.1:45224]: Not closing client connection on middle chunk for /bower_components/angular/angular.js
11:39:50.668 [LittleProxy-ProxyToServerWorker-3] DEBUG o.l.p.impl.ProxyToServerConnection - (AWAITING_CHUNK) [id: 0xceaab001, /127.0.0.1:35280 => localhost/127.0.0.1:9000]: Reading: DefaultHttpContent(data: SlicedByteBuf(ridx: 0, widx: 16384, cap: 16384/16384, unwrapped: UnpooledUnsafeDirectByteBuf(ridx: 65536, widx: 65536, cap: 65536)), decoderResult: success)
11:39:50.668 [LittleProxy-ProxyToServerWorker-3] DEBUG o.l.p.impl.ClientToProxyConnection - (AWAITING_INITIAL) [id: 0x16fa54b8, /127.0.0.1:54150 => /127.0.1.1:45224]: Retaining reference counted message
11:39:50.668 [LittleProxy-ProxyToServerWorker-3] DEBUG o.l.p.impl.ClientToProxyConnection - (AWAITING_INITIAL) [id: 0x16fa54b8, /127.0.0.1:54150 => /127.0.1.1:45224]: Writing: DefaultHttpContent(data: SlicedByteBuf(ridx: 0, widx: 16384, cap: 16384/16384, unwrapped: UnpooledUnsafeDirectByteBuf(ridx: 65536, widx: 65536, cap: 65536)), decoderResult: success)
11:39:50.669 [LittleProxy-ProxyToServerWorker-3] DEBUG o.l.p.impl.ClientToProxyConnection - (AWAITING_INITIAL) [id: 0x16fa54b8, /127.0.0.1:54150 => /127.0.1.1:45224]: Wrote: DefaultHttpContent(data: SlicedByteBuf(ridx: 0, widx: 16384, cap: 16384/16384, unwrapped: UnpooledUnsafeDirectByteBuf(ridx: 65536, widx: 65536, cap: 65536)), decoderResult: success)
11:39:50.669 [LittleProxy-ProxyToServerWorker-3] DEBUG o.l.p.impl.ClientToProxyConnection - (AWAITING_INITIAL) [id: 0x16fa54b8, /127.0.0.1:54150 => /127.0.1.1:45224]: Not closing server connection on middle chunk for /bower_components/angular/angular.js
11:39:50.669 [LittleProxy-ProxyToServerWorker-3] DEBUG o.l.p.impl.ClientToProxyConnection - (AWAITING_INITIAL) [id: 0x16fa54b8, /127.0.0.1:54150 => /127.0.1.1:45224]: Not closing client connection on middle chunk for /bower_components/angular/angular.js
11:39:50.669 [LittleProxy-ProxyToServerWorker-3] DEBUG o.l.p.impl.ProxyToServerConnection - (AWAITING_CHUNK) [id: 0xceaab001, /127.0.0.1:35280 => localhost/127.0.0.1:9000]: Reading: DefaultHttpContent(data: SlicedByteBuf(ridx: 0, widx: 16384, cap: 16384/16384, unwrapped: UnpooledUnsafeDirectByteBuf(ridx: 65536, widx: 65536, cap: 65536)), decoderResult: success)
11:39:50.669 [LittleProxy-ProxyToServerWorker-3] DEBUG o.l.p.impl.ClientToProxyConnection - (AWAITING_INITIAL) [id: 0x16fa54b8, /127.0.0.1:54150 => /127.0.1.1:45224]: Retaining reference counted message
11:39:50.669 [LittleProxy-ProxyToServerWorker-3] DEBUG o.l.p.impl.ClientToProxyConnection - (AWAITING_INITIAL) [id: 0x16fa54b8, /127.0.0.1:54150 => /127.0.1.1:45224]: Writing: DefaultHttpContent(data: SlicedByteBuf(ridx: 0, widx: 16384, cap: 16384/16384, unwrapped: UnpooledUnsafeDirectByteBuf(ridx: 65536, widx: 65536, cap: 65536)), decoderResult: success)
11:39:50.669 [LittleProxy-ProxyToServerWorker-3] DEBUG o.l.p.impl.ClientToProxyConnection - (AWAITING_INITIAL) [id: 0x16fa54b8, /127.0.0.1:54150 => /127.0.1.1:45224]: Wrote: DefaultHttpContent(data: SlicedByteBuf(ridx: 0, widx: 16384, cap: 16384/16384, unwrapped: UnpooledUnsafeDirectByteBuf(ridx: 65536, widx: 65536, cap: 65536)), decoderResult: success)
11:39:50.669 [LittleProxy-ProxyToServerWorker-3] DEBUG o.l.p.impl.ClientToProxyConnection - (AWAITING_INITIAL) [id: 0x16fa54b8, /127.0.0.1:54150 => /127.0.1.1:45224]: Not closing server connection on middle chunk for /bower_components/angular/angular.js
11:39:50.669 [LittleProxy-ProxyToServerWorker-3] DEBUG o.l.p.impl.ClientToProxyConnection - (AWAITING_INITIAL) [id: 0x16fa54b8, /127.0.0.1:54150 => /127.0.1.1:45224]: Not closing client connection on middle chunk for /bower_components/angular/angular.js
11:39:50.669 [LittleProxy-ProxyToServerWorker-3] DEBUG o.l.p.impl.ProxyToServerConnection - (AWAITING_CHUNK) [id: 0xceaab001, /127.0.0.1:35280 => localhost/127.0.0.1:9000]: Reading: DefaultHttpContent(data: SlicedByteBuf(ridx: 0, widx: 16384, cap: 16384/16384, unwrapped: UnpooledUnsafeDirectByteBuf(ridx: 65536, widx: 65536, cap: 65536)), decoderResult: success)
11:39:50.669 [LittleProxy-ProxyToServerWorker-3] DEBUG o.l.p.impl.ClientToProxyConnection - (AWAITING_INITIAL) [id: 0x16fa54b8, /127.0.0.1:54150 => /127.0.1.1:45224]: Retaining reference counted message
11:39:50.669 [LittleProxy-ProxyToServerWorker-3] DEBUG o.l.p.impl.ClientToProxyConnection - (AWAITING_INITIAL) [id: 0x16fa54b8, /127.0.0.1:54150 => /127.0.1.1:45224]: Writing: DefaultHttpContent(data: SlicedByteBuf(ridx: 0, widx: 16384, cap: 16384/16384, unwrapped: UnpooledUnsafeDirectByteBuf(ridx: 65536, widx: 65536, cap: 65536)), decoderResult: success)
11:39:50.669 [LittleProxy-ProxyToServerWorker-3] DEBUG o.l.p.impl.ClientToProxyConnection - (AWAITING_INITIAL) [id: 0x16fa54b8, /127.0.0.1:54150 => /127.0.1.1:45224]: Wrote: DefaultHttpContent(data: SlicedByteBuf(ridx: 0, widx: 16384, cap: 16384/16384, unwrapped: UnpooledUnsafeDirectByteBuf(ridx: 65536, widx: 65536, cap: 65536)), decoderResult: success)
11:39:50.669 [LittleProxy-ProxyToServerWorker-3] DEBUG o.l.p.impl.ClientToProxyConnection - (AWAITING_INITIAL) [id: 0x16fa54b8, /127.0.0.1:54150 => /127.0.1.1:45224]: Not closing server connection on middle chunk for /bower_components/angular/angular.js
11:39:50.669 [LittleProxy-ProxyToServerWorker-3] DEBUG o.l.p.impl.ClientToProxyConnection - (AWAITING_INITIAL) [id: 0x16fa54b8, /127.0.0.1:54150 => /127.0.1.1:45224]: Not closing client connection on middle chunk for /bower_components/angular/angular.js
11:39:50.686 [LittleProxy-ProxyToServerWorker-6] DEBUG o.l.p.impl.ProxyToServerConnection - (AWAITING_INITIAL) [id: 0x15efad94, /127.0.0.1:35282 => localhost/127.0.0.1:9000]: Remembering the current request.
11:39:50.686 [LittleProxy-ProxyToServerWorker-6] DEBUG o.l.p.impl.ProxyToServerConnection - (AWAITING_INITIAL) [id: 0x15efad94, /127.0.0.1:35282 => localhost/127.0.0.1:9000]: Reading: DefaultHttpResponse(decodeResult: success, version: HTTP/1.1)
HTTP/1.1 200 OK
Accept-Ranges: bytes
Date: Tue, 08 Sep 2015 10:39:50 GMT
Cache-Control: public, max-age=0
Last-Modified: Fri, 17 Oct 2014 06:40:12 GMT
ETag: W/"+Vb4/CGiOg5wHLXtQx/5NQ=="
Content-Type: text/css; charset=UTF-8
Content-Length: 1491
Connection: keep-alive
11:39:50.686 [LittleProxy-ProxyToServerWorker-6] DEBUG o.l.p.impl.ProxyToServerConnection - (AWAITING_INITIAL) [id: 0x15efad94, /127.0.0.1:35282 => localhost/127.0.0.1:9000]: Received raw response: DefaultHttpResponse(decodeResult: success, version: HTTP/1.1)
HTTP/1.1 200 OK
Accept-Ranges: bytes
Date: Tue, 08 Sep 2015 10:39:50 GMT
Cache-Control: public, max-age=0
Last-Modified: Fri, 17 Oct 2014 06:40:12 GMT
ETag: W/"+Vb4/CGiOg5wHLXtQx/5NQ=="
Content-Type: text/css; charset=UTF-8
Content-Length: 1491
Connection: keep-alive
11:39:50.686 [LittleProxy-ProxyToServerWorker-6] DEBUG o.l.p.impl.ProxyToServerConnection - (AWAITING_INITIAL) [id: 0x15efad94, /127.0.0.1:35282 => localhost/127.0.0.1:9000]: Remembering the current response.
11:39:50.686 [LittleProxy-ProxyToServerWorker-6] DEBUG o.l.p.impl.ClientToProxyConnection - (AWAITING_INITIAL) [id: 0x87242349, /127.0.0.1:54149 => /127.0.1.1:45224]: Writing: DefaultHttpResponse(decodeResult: success, version: HTTP/1.1)
HTTP/1.1 200 OK
Accept-Ranges: bytes
Date: Tue, 08 Sep 2015 10:39:50 GMT
Cache-Control: public, max-age=0
Last-Modified: Fri, 17 Oct 2014 06:40:12 GMT
ETag: W/"+Vb4/CGiOg5wHLXtQx/5NQ=="
Content-Type: text/css; charset=UTF-8
Content-Length: 1491
Via: 1.1 localhost.localdomain
11:39:50.686 [LittleProxy-ProxyToServerWorker-6] DEBUG o.l.p.impl.ClientToProxyConnection - (AWAITING_INITIAL) [id: 0x87242349, /127.0.0.1:54149 => /127.0.1.1:45224]: Wrote: DefaultHttpResponse(decodeResult: success, version: HTTP/1.1)
HTTP/1.1 200 OK
Accept-Ranges: bytes
Date: Tue, 08 Sep 2015 10:39:50 GMT
Cache-Control: public, max-age=0
Last-Modified: Fri, 17 Oct 2014 06:40:12 GMT
ETag: W/"+Vb4/CGiOg5wHLXtQx/5NQ=="
Content-Type: text/css; charset=UTF-8
Content-Length: 1491
Via: 1.1 localhost.localdomain
11:39:50.686 [LittleProxy-ProxyToServerWorker-6] DEBUG o.l.p.impl.ClientToProxyConnection - (AWAITING_INITIAL) [id: 0x87242349, /127.0.0.1:54149 => /127.0.1.1:45224]: Not closing server connection on middle chunk for /bower_components/jquery-ui/themes/base/core.css
11:39:50.686 [LittleProxy-ProxyToServerWorker-6] DEBUG o.l.p.impl.ClientToProxyConnection - (AWAITING_INITIAL) [id: 0x87242349, /127.0.0.1:54149 => /127.0.1.1:45224]: Not closing client connection on middle chunk for /bower_components/jquery-ui/themes/base/core.css
11:39:50.690 [LittleProxy-ProxyToServerWorker-2] DEBUG o.l.p.impl.ProxyToServerConnection - (AWAITING_INITIAL) [id: 0x9953b61f, /127.0.0.1:35274 => localhost/127.0.0.1:9000]: Remembering the current request.
11:39:50.691 [LittleProxy-ProxyToServerWorker-2] DEBUG o.l.p.impl.ProxyToServerConnection - (AWAITING_INITIAL) [id: 0x9953b61f, /127.0.0.1:35274 => localhost/127.0.0.1:9000]: Reading: DefaultHttpResponse(decodeResult: success, version: HTTP/1.1)
HTTP/1.1 200 OK
Accept-Ranges: bytes
Date: Tue, 08 Sep 2015 10:39:50 GMT
Cache-Control: public, max-age=0
Last-Modified: Tue, 16 Jun 2015 14:10:38 GMT
ETag: W/"4+TuWS+EnhE1gIR/KY9HdA=="
Content-Type: application/javascript
Content-Length: 24540
Connection: keep-alive
11:39:50.691 [LittleProxy-ProxyToServerWorker-2] DEBUG o.l.p.impl.ProxyToServerConnection - (AWAITING_INITIAL) [id: 0x9953b61f, /127.0.0.1:35274 => localhost/127.0.0.1:9000]: Received raw response: DefaultHttpResponse(decodeResult: success, version: HTTP/1.1)
HTTP/1.1 200 OK
Accept-Ranges: bytes
Date: Tue, 08 Sep 2015 10:39:50 GMT
Cache-Control: public, max-age=0
Last-Modified: Tue, 16 Jun 2015 14:10:38 GMT
ETag: W/"4+TuWS+EnhE1gIR/KY9HdA=="
Content-Type: application/javascript
Content-Length: 24540
Connection: keep-alive
11:39:50.691 [LittleProxy-ProxyToServerWorker-2] DEBUG o.l.p.impl.ProxyToServerConnection - (AWAITING_INITIAL) [id: 0x9953b61f, /127.0.0.1:35274 => localhost/127.0.0.1:9000]: Remembering the current response.
11:39:50.691 [LittleProxy-ProxyToServerWorker-2] DEBUG o.l.p.impl.ClientToProxyConnection - (AWAITING_INITIAL) [id: 0xe726451f, /127.0.0.1:54145 => /127.0.1.1:45224]: Writing: DefaultHttpResponse(decodeResult: success, version: HTTP/1.1)
HTTP/1.1 200 OK
Accept-Ranges: bytes
Date: Tue, 08 Sep 2015 10:39:50 GMT
Cache-Control: public, max-age=0
Last-Modified: Tue, 16 Jun 2015 14:10:38 GMT
ETag: W/"4+TuWS+EnhE1gIR/KY9HdA=="
Content-Type: application/javascript
Content-Length: 24540
Via: 1.1 localhost.localdomain
11:39:50.691 [LittleProxy-ProxyToServerWorker-2] DEBUG o.l.p.impl.ClientToProxyConnection - (AWAITING_INITIAL) [id: 0xe726451f, /127.0.0.1:54145 => /127.0.1.1:45224]: Wrote: DefaultHttpResponse(decodeResult: success, version: HTTP/1.1)
HTTP/1.1 200 OK
Accept-Ranges: bytes
Date: Tue, 08 Sep 2015 10:39:50 GMT
Cache-Control: public, max-age=0
Last-Modified: Tue, 16 Jun 2015 14:10:38 GMT
ETag: W/"4+TuWS+EnhE1gIR/KY9HdA=="
Content-Type: application/javascript
Content-Length: 24540
Via: 1.1 localhost.localdomain
11:39:50.691 [LittleProxy-ProxyToServerWorker-2] DEBUG o.l.p.impl.ClientToProxyConnection - (AWAITING_INITIAL) [id: 0xe726451f, /127.0.0.1:54145 => /127.0.1.1:45224]: Not closing server connection on middle chunk for /bower_components/angular-sanitize/angular-sanitize.js
11:39:50.691 [LittleProxy-ProxyToServerWorker-2] DEBUG o.l.p.impl.ClientToProxyConnection - (AWAITING_INITIAL) [id: 0xe726451f, /127.0.0.1:54145 => /127.0.1.1:45224]: Not closing client connection on middle chunk for /bower_components/angular-sanitize/angular-sanitize.js
11:39:50.697 [LittleProxy-ProxyToServerWorker-7] DEBUG o.l.p.impl.ProxyToServerConnection - (AWAITING_INITIAL) [id: 0x700df78a, /127.0.0.1:35283 => localhost/127.0.0.1:9000]: Remembering the current request.
11:39:50.697 [LittleProxy-ProxyToServerWorker-7] DEBUG o.l.p.impl.ProxyToServerConnection - (AWAITING_INITIAL) [id: 0x700df78a, /127.0.0.1:35283 => localhost/127.0.0.1:9000]: Reading: DefaultHttpResponse(decodeResult: success, version: HTTP/1.1)
HTTP/1.1 200 OK
Accept-Ranges: bytes
Date: Tue, 08 Sep 2015 10:39:50 GMT
Cache-Control: public, max-age=0
Last-Modified: Tue, 16 Jun 2015 14:10:38 GMT
ETag: W/"1duUslUa4qkFJ/e0Tx6DgQ=="
Content-Type: application/javascript
Content-Length: 26833
Connection: keep-alive
11:39:50.697 [LittleProxy-ProxyToServerWorker-7] DEBUG o.l.p.impl.ProxyToServerConnection - (AWAITING_INITIAL) [id: 0x700df78a, /127.0.0.1:35283 => localhost/127.0.0.1:9000]: Received raw response: DefaultHttpResponse(decodeResult: success, version: HTTP/1.1)
HTTP/1.1 200 OK
Accept-Ranges: bytes
Date: Tue, 08 Sep 2015 10:39:50 GMT
Cache-Control: public, max-age=0
Last-Modified: Tue, 16 Jun 2015 14:10:38 GMT
ETag: W/"1duUslUa4qkFJ/e0Tx6DgQ=="
Content-Type: application/javascript
Content-Length: 26833
Connection: keep-alive
11:39:50.697 [LittleProxy-ProxyToServerWorker-7] DEBUG o.l.p.impl.ProxyToServerConnection - (AWAITING_INITIAL) [id: 0x700df78a, /127.0.0.1:35283 => localhost/127.0.0.1:9000]: Remembering the current response.
11:39:50.697 [LittleProxy-ProxyToServerWorker-7] DEBUG o.l.p.impl.ClientToProxyConnection - (AWAITING_INITIAL) [id: 0x4dc93f85, /127.0.0.1:54147 => /127.0.1.1:45224]: Writing: DefaultHttpResponse(decodeResult: success, version: HTTP/1.1)
HTTP/1.1 200 OK
Accept-Ranges: bytes
Date: Tue, 08 Sep 2015 10:39:50 GMT
Cache-Control: public, max-age=0
Last-Modified: Tue, 16 Jun 2015 14:10:38 GMT
ETag: W/"1duUslUa4qkFJ/e0Tx6DgQ=="
Content-Type: application/javascript
Content-Length: 26833
Via: 1.1 localhost.localdomain
11:39:50.697 [LittleProxy-ProxyToServerWorker-7] DEBUG o.l.p.impl.ClientToProxyConnection - (AWAITING_INITIAL) [id: 0x4dc93f85, /127.0.0.1:54147 => /127.0.1.1:45224]: Wrote: DefaultHttpResponse(decodeResult: success, version: HTTP/1.1)
HTTP/1.1 200 OK
Accept-Ranges: bytes
Date: Tue, 08 Sep 2015 10:39:50 GMT
Cache-Control: public, max-age=0
Last-Modified: Tue, 16 Jun 2015 14:10:38 GMT
ETag: W/"1duUslUa4qkFJ/e0Tx6DgQ=="
Content-Type: application/javascript
Content-Length: 26833
Via: 1.1 localhost.localdomain
11:39:50.697 [LittleProxy-ProxyToServerWorker-7] DEBUG o.l.p.impl.ClientToProxyConnection - (AWAITING_INITIAL) [id: 0x4dc93f85, /127.0.0.1:54147 => /127.0.1.1:45224]: Not closing server connection on middle chunk for /bower_components/angular-resource/angular-resource.js
11:39:50.697 [LittleProxy-ProxyToServerWorker-7] DEBUG o.l.p.impl.ClientToProxyConnection - (AWAITING_INITIAL) [id: 0x4dc93f85, /127.0.0.1:54147 => /127.0.1.1:45224]: Not closing client connection on middle chunk for /bower_components/angular-resource/angular-resource.js
11:39:50.703 [LittleProxy-ProxyToServerWorker-5] DEBUG o.l.p.impl.ProxyToServerConnection - (AWAITING_INITIAL) [id: 0x97bd59d1, /127.0.0.1:35281 => localhost/127.0.0.1:9000]: Remembering the current request.
11:39:50.703 [LittleProxy-ProxyToServerWorker-5] DEBUG o.l.p.impl.ProxyToServerConnection - (AWAITING_INITIAL) [id: 0x97bd59d1, /127.0.0.1:35281 => localhost/127.0.0.1:9000]: Reading: DefaultHttpResponse(decodeResult: success, version: HTTP/1.1)
HTTP/1.1 200 OK
Accept-Ranges: bytes
Date: Tue, 08 Sep 2015 10:39:50 GMT
Cache-Control: public, max-age=0
Last-Modified: Tue, 16 Jun 2015 14:10:38 GMT
ETag: W/"Iw9MW/sVSksRG/v+cHZAYA=="
Content-Type: application/javascript
Content-Length: 133786
Connection: keep-alive
11:39:50.703 [LittleProxy-ProxyToServerWorker-5] DEBUG o.l.p.impl.ProxyToServerConnection - (AWAITING_INITIAL) [id: 0x97bd59d1, /127.0.0.1:35281 => localhost/127.0.0.1:9000]: Received raw response: DefaultHttpResponse(decodeResult: success, version: HTTP/1.1)
HTTP/1.1 200 OK
Accept-Ranges: bytes
Date: Tue, 08 Sep 2015 10:39:50 GMT
Cache-Control: public, max-age=0
Last-Modified: Tue, 16 Jun 2015 14:10:38 GMT
ETag: W/"Iw9MW/sVSksRG/v+cHZAYA=="
Content-Type: application/javascript
Content-Length: 133786
Connection: keep-alive
11:39:50.703 [LittleProxy-ProxyToServerWorker-5] DEBUG o.l.p.impl.ProxyToServerConnection - (AWAITING_INITIAL) [id: 0x97bd59d1, /127.0.0.1:35281 => localhost/127.0.0.1:9000]: Remembering the current response.
11:39:50.703 [LittleProxy-ProxyToServerWorker-5] DEBUG o.l.p.impl.ClientToProxyConnection - (AWAITING_INITIAL) [id: 0xa74abe3b, /127.0.0.1:54151 => /127.0.1.1:45224]: Writing: DefaultHttpResponse(decodeResult: success, version: HTTP/1.1)
HTTP/1.1 200 OK
Accept-Ranges: bytes
Date: Tue, 08 Sep 2015 10:39:50 GMT
Cache-Control: public, max-age=0
Last-Modified: Tue, 16 Jun 2015 14:10:38 GMT
ETag: W/"Iw9MW/sVSksRG/v+cHZAYA=="
Content-Type: application/javascript
Content-Length: 133786
Via: 1.1 localhost.localdomain
11:39:50.703 [LittleProxy-ProxyToServerWorker-5] DEBUG o.l.p.impl.ClientToProxyConnection - (AWAITING_INITIAL) [id: 0xa74abe3b, /127.0.0.1:54151 => /127.0.1.1:45224]: Wrote: DefaultHttpResponse(decodeResult: success, version: HTTP/1.1)
HTTP/1.1 200 OK
Accept-Ranges: bytes
Date: Tue, 08 Sep 2015 10:39:50 GMT
Cache-Control: public, max-age=0
Last-Modified: Tue, 16 Jun 2015 14:10:38 GMT
ETag: W/"Iw9MW/sVSksRG/v+cHZAYA=="
Content-Type: application/javascript
Content-Length: 133786
Via: 1.1 localhost.localdomain
11:39:50.703 [LittleProxy-ProxyToServerWorker-5] DEBUG o.l.p.impl.ClientToProxyConnection - (AWAITING_INITIAL) [id: 0xa74abe3b, /127.0.0.1:54151 => /127.0.1.1:45224]: Not closing server connection on middle chunk for /bower_components/angular-animate/angular-animate.js
11:39:50.703 [LittleProxy-ProxyToServerWorker-5] DEBUG o.l.p.impl.ClientToProxyConnection - (AWAITING_INITIAL) [id: 0xa74abe3b, /127.0.0.1:54151 => /127.0.1.1:45224]: Not closing client connection on middle chunk for /bower_components/angular-animate/angular-animate.js
11:39:50.703 [LittleProxy-ProxyToServerWorker-5] DEBUG o.l.p.impl.ProxyToServerConnection - (AWAITING_CHUNK) [id: 0x97bd59d1, /127.0.0.1:35281 => localhost/127.0.0.1:9000]: Reading: DefaultHttpContent(data: SlicedByteBuf(ridx: 0, widx: 16384, cap: 16384/16384, unwrapped: UnpooledUnsafeDirectByteBuf(ridx: 32768, widx: 32768, cap: 32768)), decoderResult: success)
11:39:50.703 [LittleProxy-ProxyToServerWorker-5] DEBUG o.l.p.impl.ClientToProxyConnection - (AWAITING_INITIAL) [id: 0xa74abe3b, /127.0.0.1:54151 => /127.0.1.1:45224]: Retaining reference counted message
11:39:50.703 [LittleProxy-ProxyToServerWorker-5] DEBUG o.l.p.impl.ClientToProxyConnection - (AWAITING_INITIAL) [id: 0xa74abe3b, /127.0.0.1:54151 => /127.0.1.1:45224]: Writing: DefaultHttpContent(data: SlicedByteBuf(ridx: 0, widx: 16384, cap: 16384/16384, unwrapped: UnpooledUnsafeDirectByteBuf(ridx: 32768, widx: 32768, cap: 32768)), decoderResult: success)
11:39:50.703 [LittleProxy-ProxyToServerWorker-5] DEBUG o.l.p.impl.ClientToProxyConnection - (AWAITING_INITIAL) [id: 0xa74abe3b, /127.0.0.1:54151 => /127.0.1.1:45224]: Wrote: DefaultHttpContent(data: SlicedByteBuf(ridx: 0, widx: 16384, cap: 16384/16384, unwrapped: UnpooledUnsafeDirectByteBuf(ridx: 32768, widx: 32768, cap: 32768)), decoderResult: success)
11:39:50.703 [LittleProxy-ProxyToServerWorker-5] DEBUG o.l.p.impl.ClientToProxyConnection - (AWAITING_INITIAL) [id: 0xa74abe3b, /127.0.0.1:54151 => /127.0.1.1:45224]: Not closing server connection on middle chunk for /bower_components/angular-animate/angular-animate.js
11:39:50.703 [LittleProxy-ProxyToServerWorker-5] DEBUG o.l.p.impl.ClientToProxyConnection - (AWAITING_INITIAL) [id: 0xa74abe3b, /127.0.0.1:54151 => /127.0.1.1:45224]: Not closing client connection on middle chunk for /bower_components/angular-animate/angular-animate.js
11:39:50.703 [LittleProxy-ProxyToServerWorker-5] DEBUG o.l.p.impl.ProxyToServerConnection - (AWAITING_CHUNK) [id: 0x97bd59d1, /127.0.0.1:35281 => localhost/127.0.0.1:9000]: Reading: DefaultHttpContent(data: SlicedByteBuf(ridx: 0, widx: 16104, cap: 16104/16104, unwrapped: UnpooledUnsafeDirectByteBuf(ridx: 32768, widx: 32768, cap: 32768)), decoderResult: success)
11:39:50.703 [LittleProxy-ProxyToServerWorker-5] DEBUG o.l.p.impl.ClientToProxyConnection - (AWAITING_INITIAL) [id: 0xa74abe3b, /127.0.0.1:54151 => /127.0.1.1:45224]: Retaining reference counted message
11:39:50.703 [LittleProxy-ProxyToServerWorker-5] DEBUG o.l.p.impl.ClientToProxyConnection - (AWAITING_INITIAL) [id: 0xa74abe3b, /127.0.0.1:54151 => /127.0.1.1:45224]: Writing: DefaultHttpContent(data: SlicedByteBuf(ridx: 0, widx: 16104, cap: 16104/16104, unwrapped: UnpooledUnsafeDirectByteBuf(ridx: 32768, widx: 32768, cap: 32768)), decoderResult: success)
11:39:50.703 [LittleProxy-ProxyToServerWorker-5] DEBUG o.l.p.impl.ClientToProxyConnection - (AWAITING_INITIAL) [id: 0xa74abe3b, /127.0.0.1:54151 => /127.0.1.1:45224]: Wrote: DefaultHttpContent(data: SlicedByteBuf(ridx: 0, widx: 16104, cap: 16104/16104, unwrapped: UnpooledUnsafeDirectByteBuf(ridx: 32768, widx: 32768, cap: 32768)), decoderResult: success)
11:39:50.703 [LittleProxy-ProxyToServerWorker-5] DEBUG o.l.p.impl.ClientToProxyConnection - (AWAITING_INITIAL) [id: 0xa74abe3b, /127.0.0.1:54151 => /127.0.1.1:45224]: Not closing server connection on middle chunk for /bower_components/angular-animate/angular-animate.js
11:39:50.703 [LittleProxy-ProxyToServerWorker-5] DEBUG o.l.p.impl.ClientToProxyConnection - (AWAITING_INITIAL) [id: 0xa74abe3b, /127.0.0.1:54151 => /127.0.1.1:45224]: Not closing client connection on middle chunk for /bower_components/angular-animate/angular-animate.js
11:39:50.703 [LittleProxy-ProxyToServerWorker-5] DEBUG o.l.p.impl.ProxyToServerConnection - (AWAITING_CHUNK) [id: 0x97bd59d1, /127.0.0.1:35281 => localhost/127.0.0.1:9000]: Reading: DefaultHttpContent(data: SlicedByteBuf(ridx: 0, widx: 16384, cap: 16384/16384, unwrapped: UnpooledUnsafeDirectByteBuf(ridx: 32768, widx: 32768, cap: 32768)), decoderResult: success)
11:39:50.703 [LittleProxy-ProxyToServerWorker-5] DEBUG o.l.p.impl.ClientToProxyConnection - (AWAITING_INITIAL) [id: 0xa74abe3b, /127.0.0.1:54151 => /127.0.1.1:45224]: Retaining reference counted message
11:39:50.703 [LittleProxy-ProxyToServerWorker-5] DEBUG o.l.p.impl.ClientToProxyConnection - (AWAITING_INITIAL) [id: 0xa74abe3b, /127.0.0.1:54151 => /127.0.1.1:45224]: Writing: DefaultHttpContent(data: SlicedByteBuf(ridx: 0, widx: 16384, cap: 16384/16384, unwrapped: UnpooledUnsafeDirectByteBuf(ridx: 32768, widx: 32768, cap: 32768)), decoderResult: success)
11:39:50.703 [LittleProxy-ProxyToServerWorker-5] DEBUG o.l.p.impl.ClientToProxyConnection - (AWAITING_INITIAL) [id: 0xa74abe3b, /127.0.0.1:54151 => /127.0.1.1:45224]: Wrote: DefaultHttpContent(data: SlicedByteBuf(ridx: 0, widx: 16384, cap: 16384/16384, unwrapped: UnpooledUnsafeDirectByteBuf(ridx: 32768, widx: 32768, cap: 32768)), decoderResult: success)
11:39:50.704 [LittleProxy-ProxyToServerWorker-5] DEBUG o.l.p.impl.ClientToProxyConnection - (AWAITING_INITIAL) [id: 0xa74abe3b, /127.0.0.1:54151 => /127.0.1.1:45224]: Not closing server connection on middle chunk for /bower_components/angular-animate/angular-animate.js
11:39:50.704 [LittleProxy-ProxyToServerWorker-5] DEBUG o.l.p.impl.ClientToProxyConnection - (AWAITING_INITIAL) [id: 0xa74abe3b, /127.0.0.1:54151 => /127.0.1.1:45224]: Not closing client connection on middle chunk for /bower_components/angular-animate/angular-animate.js
11:39:50.704 [LittleProxy-ProxyToServerWorker-5] DEBUG o.l.p.impl.ProxyToServerConnection - (AWAITING_CHUNK) [id: 0x97bd59d1, /127.0.0.1:35281 => localhost/127.0.0.1:9000]: Reading: DefaultHttpContent(data: SlicedByteBuf(ridx: 0, widx: 16384, cap: 16384/16384, unwrapped: UnpooledUnsafeDirectByteBuf(ridx: 32768, widx: 32768, cap: 32768)), decoderResult: success)
11:39:50.704 [LittleProxy-ProxyToServerWorker-5] DEBUG o.l.p.impl.ClientToProxyConnection - (AWAITING_INITIAL) [id: 0xa74abe3b, /127.0.0.1:54151 => /127.0.1.1:45224]: Retaining reference counted message
11:39:50.704 [LittleProxy-ProxyToServerWorker-5] DEBUG o.l.p.impl.ClientToProxyConnection - (AWAITING_INITIAL) [id: 0xa74abe3b, /127.0.0.1:54151 => /127.0.1.1:45224]: Writing: DefaultHttpContent(data: SlicedByteBuf(ridx: 0, widx: 16384, cap: 16384/16384, unwrapped: UnpooledUnsafeDirectByteBuf(ridx: 32768, widx: 32768, cap: 32768)), decoderResult: success)
11:39:50.704 [LittleProxy-ProxyToServerWorker-5] DEBUG o.l.p.impl.ClientToProxyConnection - (AWAITING_INITIAL) [id: 0xa74abe3b, /127.0.0.1:54151 => /127.0.1.1:45224]: Wrote: DefaultHttpContent(data: SlicedByteBuf(ridx: 0, widx: 16384, cap: 16384/16384, unwrapped: UnpooledUnsafeDirectByteBuf(ridx: 32768, widx: 32768, cap: 32768)), decoderResult: success)
11:39:50.704 [LittleProxy-ProxyToServerWorker-5] DEBUG o.l.p.impl.ClientToProxyConnection - (AWAITING_INITIAL) [id: 0xa74abe3b, /127.0.0.1:54151 => /127.0.1.1:45224]: Not closing server connection on middle chunk for /bower_components/angular-animate/angular-animate.js
11:39:50.704 [LittleProxy-ProxyToServerWorker-5] DEBUG o.l.p.impl.ClientToProxyConnection - (AWAITING_INITIAL) [id: 0xa74abe3b, /127.0.0.1:54151 => /127.0.1.1:45224]: Not closing client connection on middle chunk for /bower_components/angular-animate/angular-animate.js
11:39:50.704 [LittleProxy-ProxyToServerWorker-5] DEBUG o.l.p.impl.ProxyToServerConnection - (AWAITING_CHUNK) [id: 0x97bd59d1, /127.0.0.1:35281 => localhost/127.0.0.1:9000]: Reading: DefaultHttpContent(data: SlicedByteBuf(ridx: 0, widx: 16384, cap: 16384/16384, unwrapped: UnpooledUnsafeDirectByteBuf(ridx: 32768, widx: 32768, cap: 32768)), decoderResult: success)
11:39:50.704 [LittleProxy-ProxyToServerWorker-5] DEBUG o.l.p.impl.ClientToProxyConnection - (AWAITING_INITIAL) [id: 0xa74abe3b, /127.0.0.1:54151 => /127.0.1.1:45224]: Retaining reference counted message
11:39:50.704 [LittleProxy-ProxyToServerWorker-5] DEBUG o.l.p.impl.ClientToProxyConnection - (AWAITING_INITIAL) [id: 0xa74abe3b, /127.0.0.1:54151 => /127.0.1.1:45224]: Writing: DefaultHttpContent(data: SlicedByteBuf(ridx: 0, widx: 16384, cap: 16384/16384, unwrapped: UnpooledUnsafeDirectByteBuf(ridx: 32768, widx: 32768, cap: 32768)), decoderResult: success)
11:39:50.704 [LittleProxy-ProxyToServerWorker-5] DEBUG o.l.p.impl.ClientToProxyConnection - (AWAITING_INITIAL) [id: 0xa74abe3b, /127.0.0.1:54151 => /127.0.1.1:45224]: Wrote: DefaultHttpContent(data: SlicedByteBuf(ridx: 0, widx: 16384, cap: 16384/16384, unwrapped: UnpooledUnsafeDirectByteBuf(ridx: 32768, widx: 32768, cap: 32768)), decoderResult: success)
11:39:50.704 [LittleProxy-ProxyToServerWorker-5] DEBUG o.l.p.impl.ClientToProxyConnection - (AWAITING_INITIAL) [id: 0xa74abe3b, /127.0.0.1:54151 => /127.0.1.1:45224]: Not closing server connection on middle chunk for /bower_components/angular-animate/angular-animate.js
11:39:50.704 [LittleProxy-ProxyToServerWorker-5] DEBUG o.l.p.impl.ClientToProxyConnection - (AWAITING_INITIAL) [id: 0xa74abe3b, /127.0.0.1:54151 => /127.0.1.1:45224]: Not closing client connection on middle chunk for /bower_components/angular-animate/angular-animate.js
11:39:50.704 [LittleProxy-ProxyToServerWorker-5] DEBUG o.l.p.impl.ProxyToServerConnection - (AWAITING_CHUNK) [id: 0x97bd59d1, /127.0.0.1:35281 => localhost/127.0.0.1:9000]: Reading: DefaultHttpContent(data: SlicedByteBuf(ridx: 0, widx: 16384, cap: 16384/16384, unwrapped: UnpooledUnsafeDirectByteBuf(ridx: 32768, widx: 32768, cap: 32768)), decoderResult: success)
11:39:50.704 [LittleProxy-ProxyToServerWorker-5] DEBUG o.l.p.impl.ClientToProxyConnection - (AWAITING_INITIAL) [id: 0xa74abe3b, /127.0.0.1:54151 => /127.0.1.1:45224]: Retaining reference counted message
11:39:50.704 [LittleProxy-ProxyToServerWorker-5] DEBUG o.l.p.impl.ClientToProxyConnection - (AWAITING_INITIAL) [id: 0xa74abe3b, /127.0.0.1:54151 => /127.0.1.1:45224]: Writing: DefaultHttpContent(data: SlicedByteBuf(ridx: 0, widx: 16384, cap: 16384/16384, unwrapped: UnpooledUnsafeDirectByteBuf(ridx: 32768, widx: 32768, cap: 32768)), decoderResult: success)
11:39:50.704 [LittleProxy-ProxyToServerWorker-5] DEBUG o.l.p.impl.ClientToProxyConnection - (AWAITING_INITIAL) [id: 0xa74abe3b, /127.0.0.1:54151 => /127.0.1.1:45224]: Wrote: DefaultHttpContent(data: SlicedByteBuf(ridx: 0, widx: 16384, cap: 16384/16384, unwrapped: UnpooledUnsafeDirectByteBuf(ridx: 32768, widx: 32768, cap: 32768)), decoderResult: success)
11:39:50.704 [LittleProxy-ProxyToServerWorker-5] DEBUG o.l.p.impl.ClientToProxyConnection - (AWAITING_INITIAL) [id: 0xa74abe3b, /127.0.0.1:54151 => /127.0.1.1:45224]: Not closing server connection on middle chunk for /bower_components/angular-animate/angular-animate.js
11:39:50.704 [LittleProxy-ProxyToServerWorker-5] DEBUG o.l.p.impl.ClientToProxyConnection - (AWAITING_INITIAL) [id: 0xa74abe3b, /127.0.0.1:54151 => /127.0.1.1:45224]: Not closing client connection on middle chunk for /bower_components/angular-animate/angular-animate.js
11:39:50.704 [LittleProxy-ProxyToServerWorker-5] DEBUG o.l.p.impl.ProxyToServerConnection - (AWAITING_CHUNK) [id: 0x97bd59d1, /127.0.0.1:35281 => localhost/127.0.0.1:9000]: Reading: DefaultHttpContent(data: SlicedByteBuf(ridx: 0, widx: 16384, cap: 16384/16384, unwrapped: UnpooledUnsafeDirectByteBuf(ridx: 32768, widx: 32768, cap: 32768)), decoderResult: success)
11:39:50.704 [LittleProxy-ProxyToServerWorker-5] DEBUG o.l.p.impl.ClientToProxyConnection - (AWAITING_INITIAL) [id: 0xa74abe3b, /127.0.0.1:54151 => /127.0.1.1:45224]: Retaining reference counted message
11:39:50.704 [LittleProxy-ProxyToServerWorker-5] DEBUG o.l.p.impl.ClientToProxyConnection - (AWAITING_INITIAL) [id: 0xa74abe3b, /127.0.0.1:54151 => /127.0.1.1:45224]: Writing: DefaultHttpContent(data: SlicedByteBuf(ridx: 0, widx: 16384, cap: 16384/16384, unwrapped: UnpooledUnsafeDirectByteBuf(ridx: 32768, widx: 32768, cap: 32768)), decoderResult: success)
11:39:50.704 [LittleProxy-ProxyToServerWorker-5] DEBUG o.l.p.impl.ClientToProxyConnection - (AWAITING_INITIAL) [id: 0xa74abe3b, /127.0.0.1:54151 => /127.0.1.1:45224]: Wrote: DefaultHttpContent(data: SlicedByteBuf(ridx: 0, widx: 16384, cap: 16384/16384, unwrapped: UnpooledUnsafeDirectByteBuf(ridx: 32768, widx: 32768, cap: 32768)), decoderResult: success)
11:39:50.704 [LittleProxy-ProxyToServerWorker-5] DEBUG o.l.p.impl.ClientToProxyConnection - (AWAITING_INITIAL) [id: 0xa74abe3b, /127.0.0.1:54151 => /127.0.1.1:45224]: Not closing server connection on middle chunk for /bower_components/angular-animate/angular-animate.js
11:39:50.704 [LittleProxy-ProxyToServerWorker-5] DEBUG o.l.p.impl.ClientToProxyConnection - (AWAITING_INITIAL) [id: 0xa74abe3b, /127.0.0.1:54151 => /127.0.1.1:45224]: Not closing client connection on middle chunk for /bower_components/angular-animate/angular-animate.js
11:39:50.704 [LittleProxy-ProxyToServerWorker-5] DEBUG o.l.p.impl.ProxyToServerConnection - (AWAITING_CHUNK) [id: 0x97bd59d1, /127.0.0.1:35281 => localhost/127.0.0.1:9000]: Reading: DefaultHttpContent(data: SlicedByteBuf(ridx: 0, widx: 16384, cap: 16384/16384, unwrapped: UnpooledUnsafeDirectByteBuf(ridx: 32768, widx: 32768, cap: 32768)), decoderResult: success)
11:39:50.704 [LittleProxy-ProxyToServerWorker-5] DEBUG o.l.p.impl.ClientToProxyConnection - (AWAITING_INITIAL) [id: 0xa74abe3b, /127.0.0.1:54151 => /127.0.1.1:45224]: Retaining reference counted message
11:39:50.704 [LittleProxy-ProxyToServerWorker-5] DEBUG o.l.p.impl.ClientToProxyConnection - (AWAITING_INITIAL) [id: 0xa74abe3b, /127.0.0.1:54151 => /127.0.1.1:45224]: Writing: DefaultHttpContent(data: SlicedByteBuf(ridx: 0, widx: 16384, cap: 16384/16384, unwrapped: UnpooledUnsafeDirectByteBuf(ridx: 32768, widx: 32768, cap: 32768)), decoderResult: success)
11:39:50.704 [LittleProxy-ProxyToServerWorker-5] DEBUG o.l.p.impl.ClientToProxyConnection - (AWAITING_INITIAL) [id: 0xa74abe3b, /127.0.0.1:54151 => /127.0.1.1:45224]: Wrote: DefaultHttpContent(data: SlicedByteBuf(ridx: 0, widx: 16384, cap: 16384/16384, unwrapped: UnpooledUnsafeDirectByteBuf(ridx: 32768, widx: 32768, cap: 32768)), decoderResult: success)
11:39:50.704 [LittleProxy-ProxyToServerWorker-5] DEBUG o.l.p.impl.ClientToProxyConnection - (AWAITING_INITIAL) [id: 0xa74abe3b, /127.0.0.1:54151 => /127.0.1.1:45224]: Not closing server connection on middle chunk for /bower_components/angular-animate/angular-animate.js
11:39:50.704 [LittleProxy-ProxyToServerWorker-5] DEBUG o.l.p.impl.ClientToProxyConnection - (AWAITING_INITIAL) [id: 0xa74abe3b, /127.0.0.1:54151 => /127.0.1.1:45224]: Not closing client connection on middle chunk for /bower_components/angular-animate/angular-animate.js
11:39:50.704 [LittleProxy-ProxyToServerWorker-5] DEBUG o.l.p.impl.ProxyToServerConnection - (AWAITING_CHUNK) [id: 0x97bd59d1, /127.0.0.1:35281 => localhost/127.0.0.1:9000]: Reading: DefaultHttpContent(data: SlicedByteBuf(ridx: 0, widx: 280, cap: 280/280, unwrapped: UnpooledUnsafeDirectByteBuf(ridx: 280, widx: 280, cap: 32768)), decoderResult: success)
11:39:50.704 [LittleProxy-ProxyToServerWorker-5] DEBUG o.l.p.impl.ClientToProxyConnection - (AWAITING_INITIAL) [id: 0xa74abe3b, /127.0.0.1:54151 => /127.0.1.1:45224]: Retaining reference counted message
11:39:50.704 [LittleProxy-ProxyToServerWorker-5] DEBUG o.l.p.impl.ClientToProxyConnection - (AWAITING_INITIAL) [id: 0xa74abe3b, /127.0.0.1:54151 => /127.0.1.1:45224]: Writing: DefaultHttpContent(data: SlicedByteBuf(ridx: 0, widx: 280, cap: 280/280, unwrapped: UnpooledUnsafeDirectByteBuf(ridx: 280, widx: 280, cap: 32768)), decoderResult: success)
11:39:50.704 [LittleProxy-ProxyToServerWorker-5] DEBUG o.l.p.impl.ClientToProxyConnection - (AWAITING_INITIAL) [id: 0xa74abe3b, /127.0.0.1:54151 => /127.0.1.1:45224]: Wrote: DefaultHttpContent(data: SlicedByteBuf(ridx: 0, widx: 280, cap: 280/280, unwrapped: UnpooledUnsafeDirectByteBuf(ridx: 280, widx: 280, cap: 32768)), decoderResult: success)
11:39:50.704 [LittleProxy-ProxyToServerWorker-5] DEBUG o.l.p.impl.ClientToProxyConnection - (AWAITING_INITIAL) [id: 0xa74abe3b, /127.0.0.1:54151 => /127.0.1.1:45224]: Not closing server connection on middle chunk for /bower_components/angular-animate/angular-animate.js
11:39:50.704 [LittleProxy-ProxyToServerWorker-5] DEBUG o.l.p.impl.ClientToProxyConnection - (AWAITING_INITIAL) [id: 0xa74abe3b, /127.0.0.1:54151 => /127.0.1.1:45224]: Not closing client connection on middle chunk for /bower_components/angular-animate/angular-animate.js
11:39:50.711 [LittleProxy-ProxyToServerWorker-4] DEBUG o.l.p.impl.ProxyToServerConnection - (AWAITING_INITIAL) [id: 0xb51d3331, /127.0.0.1:35284 => localhost/127.0.0.1:9000]: Remembering the current request.
11:39:50.711 [LittleProxy-ProxyToServerWorker-4] DEBUG o.l.p.impl.ProxyToServerConnection - (AWAITING_INITIAL) [id: 0xb51d3331, /127.0.0.1:35284 => localhost/127.0.0.1:9000]: Reading: DefaultHttpResponse(decodeResult: success, version: HTTP/1.1)
HTTP/1.1 200 OK
Accept-Ranges: bytes
Date: Tue, 08 Sep 2015 10:39:50 GMT
Cache-Control: public, max-age=0
Last-Modified: Wed, 29 Oct 2014 15:11:16 GMT
ETag: W/"OWaD3w3NVe+bPmY4rId2Xw=="
Content-Type: text/css; charset=UTF-8
Content-Length: 343
Connection: keep-alive
11:39:50.711 [LittleProxy-ProxyToServerWorker-4] DEBUG o.l.p.impl.ProxyToServerConnection - (AWAITING_INITIAL) [id: 0xb51d3331, /127.0.0.1:35284 => localhost/127.0.0.1:9000]: Received raw response: DefaultHttpResponse(decodeResult: success, version: HTTP/1.1)
HTTP/1.1 200 OK
Accept-Ranges: bytes
Date: Tue, 08 Sep 2015 10:39:50 GMT
Cache-Control: public, max-age=0
Last-Modified: Wed, 29 Oct 2014 15:11:16 GMT
ETag: W/"OWaD3w3NVe+bPmY4rId2Xw=="
Content-Type: text/css; charset=UTF-8
Content-Length: 343
Connection: keep-alive
11:39:50.711 [LittleProxy-ProxyToServerWorker-4] DEBUG o.l.p.impl.ProxyToServerConnection - (AWAITING_INITIAL) [id: 0xb51d3331, /127.0.0.1:35284 => localhost/127.0.0.1:9000]: Remembering the current response.
11:39:50.711 [LittleProxy-ProxyToServerWorker-4] DEBUG o.l.p.impl.ClientToProxyConnection - (AWAITING_INITIAL) [id: 0x1e5765f0, /127.0.0.1:54148 => /127.0.1.1:45224]: Writing: DefaultHttpResponse(decodeResult: success, version: HTTP/1.1)
HTTP/1.1 200 OK
Accept-Ranges: bytes
Date: Tue, 08 Sep 2015 10:39:50 GMT
Cache-Control: public, max-age=0
Last-Modified: Wed, 29 Oct 2014 15:11:16 GMT
ETag: W/"OWaD3w3NVe+bPmY4rId2Xw=="
Content-Type: text/css; charset=UTF-8
Content-Length: 343
Via: 1.1 localhost.localdomain
11:39:50.711 [LittleProxy-ProxyToServerWorker-4] DEBUG o.l.p.impl.ClientToProxyConnection - (AWAITING_INITIAL) [id: 0x1e5765f0, /127.0.0.1:54148 => /127.0.1.1:45224]: Wrote: DefaultHttpResponse(decodeResult: success, version: HTTP/1.1)
HTTP/1.1 200 OK
Accept-Ranges: bytes
Date: Tue, 08 Sep 2015 10:39:50 GMT
Cache-Control: public, max-age=0
Last-Modified: Wed, 29 Oct 2014 15:11:16 GMT
ETag: W/"OWaD3w3NVe+bPmY4rId2Xw=="
Content-Type: text/css; charset=UTF-8
Content-Length: 343
Via: 1.1 localhost.localdomain
11:39:50.711 [LittleProxy-ProxyToServerWorker-4] DEBUG o.l.p.impl.ClientToProxyConnection - (AWAITING_INITIAL) [id: 0x1e5765f0, /127.0.0.1:54148 => /127.0.1.1:45224]: Not closing server connection on middle chunk for /bower_components/angular-dialog-service/dist/dialogs.min.css
11:39:50.711 [LittleProxy-ProxyToServerWorker-4] DEBUG o.l.p.impl.ClientToProxyConnection - (AWAITING_INITIAL) [id: 0x1e5765f0, /127.0.0.1:54148 => /127.0.1.1:45224]: Not closing client connection on middle chunk for /bower_components/angular-dialog-service/dist/dialogs.min.css
11:39:50.711 [LittleProxy-ProxyToServerWorker-4] DEBUG o.l.p.impl.ProxyToServerConnection - (AWAITING_CHUNK) [id: 0xb51d3331, /127.0.0.1:35284 => localhost/127.0.0.1:9000]: Reading: DefaultLastHttpContent(data: SlicedByteBuf(ridx: 0, widx: 343, cap: 343/343, unwrapped: UnpooledUnsafeDirectByteBuf(ridx: 621, widx: 621, cap: 1024)), decoderResult: success)
11:39:50.711 [LittleProxy-ProxyToServerWorker-4] DEBUG o.l.p.impl.ClientToProxyConnection - (AWAITING_INITIAL) [id: 0x1e5765f0, /127.0.0.1:54148 => /127.0.1.1:45224]: Retaining reference counted message
11:39:50.711 [LittleProxy-ProxyToServerWorker-4] DEBUG o.l.p.impl.ClientToProxyConnection - (AWAITING_INITIAL) [id: 0x1e5765f0, /127.0.0.1:54148 => /127.0.1.1:45224]: Writing: DefaultLastHttpContent(data: SlicedByteBuf(ridx: 0, widx: 343, cap: 343/343, unwrapped: UnpooledUnsafeDirectByteBuf(ridx: 621, widx: 621, cap: 1024)), decoderResult: success)
11:39:50.711 [LittleProxy-ProxyToServerWorker-4] DEBUG o.l.p.impl.ClientToProxyConnection - (AWAITING_INITIAL) [id: 0x1e5765f0, /127.0.0.1:54148 => /127.0.1.1:45224]: Writing an empty buffer to signal the end of our chunked transfer
11:39:50.711 [LittleProxy-ProxyToServerWorker-4] DEBUG o.l.p.impl.ClientToProxyConnection - (AWAITING_INITIAL) [id: 0x1e5765f0, /127.0.0.1:54148 => /127.0.1.1:45224]: Wrote: DefaultLastHttpContent(data: SlicedByteBuf(ridx: 0, widx: 343, cap: 343/343, unwrapped: UnpooledUnsafeDirectByteBuf(ridx: 621, widx: 621, cap: 1024)), decoderResult: success)
11:39:50.711 [LittleProxy-ProxyToServerWorker-4] DEBUG o.l.p.impl.ClientToProxyConnection - (AWAITING_INITIAL) [id: 0x1e5765f0, /127.0.0.1:54148 => /127.0.1.1:45224]: Retaining reference counted message
11:39:50.711 [LittleProxy-ProxyToServerWorker-4] DEBUG o.l.p.impl.ClientToProxyConnection - (AWAITING_INITIAL) [id: 0x1e5765f0, /127.0.0.1:54148 => /127.0.1.1:45224]: Writing: EmptyByteBufBE
11:39:50.711 [LittleProxy-ProxyToServerWorker-4] DEBUG o.l.p.impl.ClientToProxyConnection - (AWAITING_INITIAL) [id: 0x1e5765f0, /127.0.0.1:54148 => /127.0.1.1:45224]: Wrote: EmptyByteBufBE
11:39:50.711 [LittleProxy-ProxyToServerWorker-4] DEBUG o.l.p.impl.ClientToProxyConnection - (AWAITING_INITIAL) [id: 0x1e5765f0, /127.0.0.1:54148 => /127.0.1.1:45224]: Handling last chunk. Using normal server connection closing rules.
11:39:50.711 [LittleProxy-ProxyToServerWorker-4] DEBUG o.l.p.impl.ClientToProxyConnection - (AWAITING_INITIAL) [id: 0x1e5765f0, /127.0.0.1:54148 => /127.0.1.1:45224]: Not closing server connection for response: DefaultHttpResponse(decodeResult: success, version: HTTP/1.1)
HTTP/1.1 200 OK
Accept-Ranges: bytes
Date: Tue, 08 Sep 2015 10:39:50 GMT
Cache-Control: public, max-age=0
Last-Modified: Wed, 29 Oct 2014 15:11:16 GMT
ETag: W/"OWaD3w3NVe+bPmY4rId2Xw=="
Content-Type: text/css; charset=UTF-8
Content-Length: 343
Connection: keep-alive
11:39:50.711 [LittleProxy-ProxyToServerWorker-4] DEBUG o.l.p.impl.ClientToProxyConnection - (AWAITING_INITIAL) [id: 0x1e5765f0, /127.0.0.1:54148 => /127.0.1.1:45224]: Handling last chunk. Using normal client connection closing rules.
11:39:50.712 [LittleProxy-ProxyToServerWorker-4] DEBUG o.l.p.impl.ClientToProxyConnection - (AWAITING_INITIAL) [id: 0x1e5765f0, /127.0.0.1:54148 => /127.0.1.1:45224]: Not closing client connection for request: HttpObjectAggregator$AggregatedFullHttpRequest(decodeResult: success, version: HTTP/1.1, content: CompositeByteBuf(ridx: 0, widx: 0, cap: 0, components=0))
GET /bower_components/angular-dialog-service/dist/dialogs.min.css HTTP/1.1
Host: localhost:9000
Accept: text/css,*/*;q=0.1
User-Agent: Mozilla/5.0 (X11; Linux x86_64) AppleWebKit/537.36 (KHTML, like Gecko) Chrome/44.0.2403.130 Safari/537.36
Referer: http://localhost:9000/
Accept-Language: en-GB,en-US;q=0.8,en;q=0.6
Content-Length: 0
Accept-Encoding: gzip, deflate, 
Via: 1.1 localhost.localdomain
11:39:50.713 [LittleProxy-ClientToProxyWorker-4] DEBUG o.l.p.impl.ClientToProxyConnection - (AWAITING_INITIAL) [id: 0x1e5765f0, /127.0.0.1:54148 => /127.0.1.1:45224]: Reading: HttpObjectAggregator$AggregatedFullHttpRequest(decodeResult: success, version: HTTP/1.1, content: CompositeByteBuf(ridx: 0, widx: 0, cap: 0, components=0))
GET http://localhost:9000/bower_components/jquery-ui/themes/base/accordion.css HTTP/1.1
Host: localhost:9000
Proxy-Connection: keep-alive
Accept: text/css,*/*;q=0.1
User-Agent: Mozilla/5.0 (X11; Linux x86_64) AppleWebKit/537.36 (KHTML, like Gecko) Chrome/44.0.2403.130 Safari/537.36
Referer: http://localhost:9000/
Accept-Encoding: gzip, deflate, sdch
Accept-Language: en-GB,en-US;q=0.8,en;q=0.6
Content-Length: 0
11:39:50.713 [LittleProxy-ClientToProxyWorker-4] DEBUG o.l.p.impl.ClientToProxyConnection - (AWAITING_INITIAL) [id: 0x1e5765f0, /127.0.0.1:54148 => /127.0.1.1:45224]: Got request: HttpObjectAggregator$AggregatedFullHttpRequest(decodeResult: success, version: HTTP/1.1, content: CompositeByteBuf(ridx: 0, widx: 0, cap: 0, components=0))
GET http://localhost:9000/bower_components/jquery-ui/themes/base/accordion.css HTTP/1.1
Host: localhost:9000
Proxy-Connection: keep-alive
Accept: text/css,*/*;q=0.1
User-Agent: Mozilla/5.0 (X11; Linux x86_64) AppleWebKit/537.36 (KHTML, like Gecko) Chrome/44.0.2403.130 Safari/537.36
Referer: http://localhost:9000/
Accept-Encoding: gzip, deflate, sdch
Accept-Language: en-GB,en-US;q=0.8,en;q=0.6
Content-Length: 0
11:39:50.713 [LittleProxy-ClientToProxyWorker-4] DEBUG o.l.p.impl.ClientToProxyConnection - (AWAITING_INITIAL) [id: 0x1e5765f0, /127.0.0.1:54148 => /127.0.1.1:45224]: Ensuring that hostAndPort are available in http://localhost:9000/bower_components/jquery-ui/themes/base/accordion.css
11:39:50.713 [LittleProxy-ClientToProxyWorker-4] DEBUG o.l.p.impl.ClientToProxyConnection - (AWAITING_INITIAL) [id: 0x1e5765f0, /127.0.0.1:54148 => /127.0.1.1:45224]: Finding ProxyToServerConnection for: localhost:9000
11:39:50.713 [LittleProxy-ClientToProxyWorker-4] DEBUG o.l.p.impl.ClientToProxyConnection - (AWAITING_INITIAL) [id: 0x1e5765f0, /127.0.0.1:54148 => /127.0.1.1:45224]: Reusing existing server connection: org.littleshoot.proxy.impl.ProxyToServerConnection@4d318448
11:39:50.713 [LittleProxy-ClientToProxyWorker-4] DEBUG o.l.p.impl.ClientToProxyConnection - (AWAITING_INITIAL) [id: 0x1e5765f0, /127.0.0.1:54148 => /127.0.1.1:45224]: Modifying request headers for proxying
11:39:50.713 [LittleProxy-ClientToProxyWorker-4] DEBUG o.l.p.impl.ClientToProxyConnection - (AWAITING_INITIAL) [id: 0x1e5765f0, /127.0.0.1:54148 => /127.0.1.1:45224]: Modifying request for proxy chaining
11:39:50.713 [LittleProxy-ClientToProxyWorker-4] DEBUG o.l.p.impl.ClientToProxyConnection - (AWAITING_INITIAL) [id: 0x1e5765f0, /127.0.0.1:54148 => /127.0.1.1:45224]: Stripped host from uri: http://localhost:9000/bower_components/jquery-ui/themes/base/accordion.css    yielding: /bower_components/jquery-ui/themes/base/accordion.css
11:39:50.713 [LittleProxy-ClientToProxyWorker-4] DEBUG o.l.p.impl.ClientToProxyConnection - (AWAITING_INITIAL) [id: 0x1e5765f0, /127.0.0.1:54148 => /127.0.1.1:45224]: Removed sdch and inserted: gzip, deflate, 
11:39:50.713 [LittleProxy-ClientToProxyWorker-4] DEBUG o.l.p.impl.ClientToProxyConnection - (AWAITING_INITIAL) [id: 0x1e5765f0, /127.0.0.1:54148 => /127.0.1.1:45224]: Writing request to ProxyToServerConnection
11:39:50.713 [LittleProxy-ClientToProxyWorker-4] DEBUG o.l.p.impl.ProxyToServerConnection - (AWAITING_INITIAL) [id: 0xb51d3331, /127.0.0.1:35284 => localhost/127.0.0.1:9000]: Requested write of HttpObjectAggregator$AggregatedFullHttpRequest(decodeResult: success, version: HTTP/1.1, content: CompositeByteBuf(ridx: 0, widx: 0, cap: 0, components=0))
GET /bower_components/jquery-ui/themes/base/accordion.css HTTP/1.1
Host: localhost:9000
Accept: text/css,*/*;q=0.1
User-Agent: Mozilla/5.0 (X11; Linux x86_64) AppleWebKit/537.36 (KHTML, like Gecko) Chrome/44.0.2403.130 Safari/537.36
Referer: http://localhost:9000/
Accept-Language: en-GB,en-US;q=0.8,en;q=0.6
Content-Length: 0
Accept-Encoding: gzip, deflate, 
Via: 1.1 localhost.localdomain
11:39:50.713 [LittleProxy-ClientToProxyWorker-4] DEBUG o.l.p.impl.ProxyToServerConnection - (AWAITING_INITIAL) [id: 0xb51d3331, /127.0.0.1:35284 => localhost/127.0.0.1:9000]: Retaining reference counted message
11:39:50.713 [LittleProxy-ClientToProxyWorker-4] DEBUG o.l.p.impl.ProxyToServerConnection - (AWAITING_INITIAL) [id: 0xb51d3331, /127.0.0.1:35284 => localhost/127.0.0.1:9000]: Using existing connection to: localhost/127.0.0.1:9000
11:39:50.713 [LittleProxy-ClientToProxyWorker-4] DEBUG o.l.p.impl.ProxyToServerConnection - (AWAITING_INITIAL) [id: 0xb51d3331, /127.0.0.1:35284 => localhost/127.0.0.1:9000]: Writing: HttpObjectAggregator$AggregatedFullHttpRequest(decodeResult: success, version: HTTP/1.1, content: CompositeByteBuf(ridx: 0, widx: 0, cap: 0, components=0))
GET /bower_components/jquery-ui/themes/base/accordion.css HTTP/1.1
Host: localhost:9000
Accept: text/css,*/*;q=0.1
User-Agent: Mozilla/5.0 (X11; Linux x86_64) AppleWebKit/537.36 (KHTML, like Gecko) Chrome/44.0.2403.130 Safari/537.36
Referer: http://localhost:9000/
Accept-Language: en-GB,en-US;q=0.8,en;q=0.6
Content-Length: 0
Accept-Encoding: gzip, deflate, 
Via: 1.1 localhost.localdomain
11:39:50.713 [LittleProxy-ClientToProxyWorker-4] DEBUG o.l.p.impl.ProxyToServerConnection - (AWAITING_INITIAL) [id: 0xb51d3331, /127.0.0.1:35284 => localhost/127.0.0.1:9000]: Writing an empty buffer to signal the end of our chunked transfer
11:39:50.714 [LittleProxy-ClientToProxyWorker-4] DEBUG o.l.p.impl.ProxyToServerConnection - (AWAITING_INITIAL) [id: 0xb51d3331, /127.0.0.1:35284 => localhost/127.0.0.1:9000]: Wrote: HttpObjectAggregator$AggregatedFullHttpRequest(decodeResult: success, version: HTTP/1.1, content: CompositeByteBuf(ridx: 0, widx: 0, cap: 0, components=0))
GET /bower_components/jquery-ui/themes/base/accordion.css HTTP/1.1
Host: localhost:9000
Accept: text/css,*/*;q=0.1
User-Agent: Mozilla/5.0 (X11; Linux x86_64) AppleWebKit/537.36 (KHTML, like Gecko) Chrome/44.0.2403.130 Safari/537.36
Referer: http://localhost:9000/
Accept-Language: en-GB,en-US;q=0.8,en;q=0.6
Content-Length: 0
Accept-Encoding: gzip, deflate, 
Via: 1.1 localhost.localdomain
11:39:50.721 [LittleProxy-ProxyToServerWorker-3] DEBUG o.l.p.impl.ProxyToServerConnection - (AWAITING_CHUNK) [id: 0xceaab001, /127.0.0.1:35280 => localhost/127.0.0.1:9000]: Reading: DefaultHttpContent(data: SlicedByteBuf(ridx: 0, widx: 16384, cap: 16384/16384, unwrapped: UnpooledUnsafeDirectByteBuf(ridx: 65536, widx: 65536, cap: 65536)), decoderResult: success)
11:39:50.721 [LittleProxy-ProxyToServerWorker-3] DEBUG o.l.p.impl.ClientToProxyConnection - (AWAITING_INITIAL) [id: 0x16fa54b8, /127.0.0.1:54150 => /127.0.1.1:45224]: Retaining reference counted message
11:39:50.721 [LittleProxy-ProxyToServerWorker-3] DEBUG o.l.p.impl.ClientToProxyConnection - (AWAITING_INITIAL) [id: 0x16fa54b8, /127.0.0.1:54150 => /127.0.1.1:45224]: Writing: DefaultHttpContent(data: SlicedByteBuf(ridx: 0, widx: 16384, cap: 16384/16384, unwrapped: UnpooledUnsafeDirectByteBuf(ridx: 65536, widx: 65536, cap: 65536)), decoderResult: success)
11:39:50.721 [LittleProxy-ProxyToServerWorker-3] DEBUG o.l.p.impl.ClientToProxyConnection - (AWAITING_INITIAL) [id: 0x16fa54b8, /127.0.0.1:54150 => /127.0.1.1:45224]: Wrote: DefaultHttpContent(data: SlicedByteBuf(ridx: 0, widx: 16384, cap: 16384/16384, unwrapped: UnpooledUnsafeDirectByteBuf(ridx: 65536, widx: 65536, cap: 65536)), decoderResult: success)
11:39:50.721 [LittleProxy-ProxyToServerWorker-3] DEBUG o.l.p.impl.ClientToProxyConnection - (AWAITING_INITIAL) [id: 0x16fa54b8, /127.0.0.1:54150 => /127.0.1.1:45224]: Not closing server connection on middle chunk for /bower_components/angular/angular.js
11:39:50.721 [LittleProxy-ProxyToServerWorker-3] DEBUG o.l.p.impl.ClientToProxyConnection - (AWAITING_INITIAL) [id: 0x16fa54b8, /127.0.0.1:54150 => /127.0.1.1:45224]: Not closing client connection on middle chunk for /bower_components/angular/angular.js
11:39:50.721 [LittleProxy-ProxyToServerWorker-3] DEBUG o.l.p.impl.ProxyToServerConnection - (AWAITING_CHUNK) [id: 0xceaab001, /127.0.0.1:35280 => localhost/127.0.0.1:9000]: Reading: DefaultHttpContent(data: SlicedByteBuf(ridx: 0, widx: 16384, cap: 16384/16384, unwrapped: UnpooledUnsafeDirectByteBuf(ridx: 65536, widx: 65536, cap: 65536)), decoderResult: success)
11:39:50.721 [LittleProxy-ProxyToServerWorker-3] DEBUG o.l.p.impl.ClientToProxyConnection - (AWAITING_INITIAL) [id: 0x16fa54b8, /127.0.0.1:54150 => /127.0.1.1:45224]: Retaining reference counted message
11:39:50.721 [LittleProxy-ProxyToServerWorker-3] DEBUG o.l.p.impl.ClientToProxyConnection - (AWAITING_INITIAL) [id: 0x16fa54b8, /127.0.0.1:54150 => /127.0.1.1:45224]: Writing: DefaultHttpContent(data: SlicedByteBuf(ridx: 0, widx: 16384, cap: 16384/16384, unwrapped: UnpooledUnsafeDirectByteBuf(ridx: 65536, widx: 65536, cap: 65536)), decoderResult: success)
11:39:50.721 [LittleProxy-ProxyToServerWorker-3] DEBUG o.l.p.impl.ClientToProxyConnection - (AWAITING_INITIAL) [id: 0x16fa54b8, /127.0.0.1:54150 => /127.0.1.1:45224]: Wrote: DefaultHttpContent(data: SlicedByteBuf(ridx: 0, widx: 16384, cap: 16384/16384, unwrapped: UnpooledUnsafeDirectByteBuf(ridx: 65536, widx: 65536, cap: 65536)), decoderResult: success)
11:39:50.721 [LittleProxy-ProxyToServerWorker-3] DEBUG o.l.p.impl.ClientToProxyConnection - (AWAITING_INITIAL) [id: 0x16fa54b8, /127.0.0.1:54150 => /127.0.1.1:45224]: Not closing server connection on middle chunk for /bower_components/angular/angular.js
11:39:50.721 [LittleProxy-ProxyToServerWorker-3] DEBUG o.l.p.impl.ClientToProxyConnection - (AWAITING_INITIAL) [id: 0x16fa54b8, /127.0.0.1:54150 => /127.0.1.1:45224]: Not closing client connection on middle chunk for /bower_components/angular/angular.js
11:39:50.721 [LittleProxy-ProxyToServerWorker-3] DEBUG o.l.p.impl.ProxyToServerConnection - (AWAITING_CHUNK) [id: 0xceaab001, /127.0.0.1:35280 => localhost/127.0.0.1:9000]: Reading: DefaultHttpContent(data: SlicedByteBuf(ridx: 0, widx: 16384, cap: 16384/16384, unwrapped: UnpooledUnsafeDirectByteBuf(ridx: 65536, widx: 65536, cap: 65536)), decoderResult: success)
11:39:50.721 [LittleProxy-ProxyToServerWorker-3] DEBUG o.l.p.impl.ClientToProxyConnection - (AWAITING_INITIAL) [id: 0x16fa54b8, /127.0.0.1:54150 => /127.0.1.1:45224]: Retaining reference counted message
11:39:50.721 [LittleProxy-ProxyToServerWorker-3] DEBUG o.l.p.impl.ClientToProxyConnection - (AWAITING_INITIAL) [id: 0x16fa54b8, /127.0.0.1:54150 => /127.0.1.1:45224]: Writing: DefaultHttpContent(data: SlicedByteBuf(ridx: 0, widx: 16384, cap: 16384/16384, unwrapped: UnpooledUnsafeDirectByteBuf(ridx: 65536, widx: 65536, cap: 65536)), decoderResult: success)
11:39:50.721 [LittleProxy-ProxyToServerWorker-3] DEBUG o.l.p.impl.ClientToProxyConnection - (AWAITING_INITIAL) [id: 0x16fa54b8, /127.0.0.1:54150 => /127.0.1.1:45224]: Wrote: DefaultHttpContent(data: SlicedByteBuf(ridx: 0, widx: 16384, cap: 16384/16384, unwrapped: UnpooledUnsafeDirectByteBuf(ridx: 65536, widx: 65536, cap: 65536)), decoderResult: success)
11:39:50.721 [LittleProxy-ProxyToServerWorker-3] DEBUG o.l.p.impl.ClientToProxyConnection - (AWAITING_INITIAL) [id: 0x16fa54b8, /127.0.0.1:54150 => /127.0.1.1:45224]: Not closing server connection on middle chunk for /bower_components/angular/angular.js
11:39:50.721 [LittleProxy-ProxyToServerWorker-3] DEBUG o.l.p.impl.ClientToProxyConnection - (AWAITING_INITIAL) [id: 0x16fa54b8, /127.0.0.1:54150 => /127.0.1.1:45224]: Not closing client connection on middle chunk for /bower_components/angular/angular.js
11:39:50.721 [LittleProxy-ProxyToServerWorker-3] DEBUG o.l.p.impl.ProxyToServerConnection - (AWAITING_CHUNK) [id: 0xceaab001, /127.0.0.1:35280 => localhost/127.0.0.1:9000]: Reading: DefaultHttpContent(data: SlicedByteBuf(ridx: 0, widx: 16384, cap: 16384/16384, unwrapped: UnpooledUnsafeDirectByteBuf(ridx: 65536, widx: 65536, cap: 65536)), decoderResult: success)
11:39:50.721 [LittleProxy-ProxyToServerWorker-3] DEBUG o.l.p.impl.ClientToProxyConnection - (AWAITING_INITIAL) [id: 0x16fa54b8, /127.0.0.1:54150 => /127.0.1.1:45224]: Retaining reference counted message
11:39:50.721 [LittleProxy-ProxyToServerWorker-3] DEBUG o.l.p.impl.ClientToProxyConnection - (AWAITING_INITIAL) [id: 0x16fa54b8, /127.0.0.1:54150 => /127.0.1.1:45224]: Writing: DefaultHttpContent(data: SlicedByteBuf(ridx: 0, widx: 16384, cap: 16384/16384, unwrapped: UnpooledUnsafeDirectByteBuf(ridx: 65536, widx: 65536, cap: 65536)), decoderResult: success)
11:39:50.721 [LittleProxy-ProxyToServerWorker-3] DEBUG o.l.p.impl.ClientToProxyConnection - (AWAITING_INITIAL) [id: 0x16fa54b8, /127.0.0.1:54150 => /127.0.1.1:45224]: Wrote: DefaultHttpContent(data: SlicedByteBuf(ridx: 0, widx: 16384, cap: 16384/16384, unwrapped: UnpooledUnsafeDirectByteBuf(ridx: 65536, widx: 65536, cap: 65536)), decoderResult: success)
11:39:50.721 [LittleProxy-ProxyToServerWorker-3] DEBUG o.l.p.impl.ClientToProxyConnection - (AWAITING_INITIAL) [id: 0x16fa54b8, /127.0.0.1:54150 => /127.0.1.1:45224]: Not closing server connection on middle chunk for /bower_components/angular/angular.js
11:39:50.721 [LittleProxy-ProxyToServerWorker-3] DEBUG o.l.p.impl.ClientToProxyConnection - (AWAITING_INITIAL) [id: 0x16fa54b8, /127.0.0.1:54150 => /127.0.1.1:45224]: Not closing client connection on middle chunk for /bower_components/angular/angular.js
11:39:50.721 [LittleProxy-ProxyToServerWorker-3] DEBUG o.l.p.impl.ProxyToServerConnection - (AWAITING_CHUNK) [id: 0xceaab001, /127.0.0.1:35280 => localhost/127.0.0.1:9000]: Reading: DefaultHttpContent(data: SlicedByteBuf(ridx: 0, widx: 16384, cap: 16384/16384, unwrapped: UnpooledUnsafeDirectByteBuf(ridx: 65536, widx: 65536, cap: 65536)), decoderResult: success)
11:39:50.721 [LittleProxy-ProxyToServerWorker-3] DEBUG o.l.p.impl.ClientToProxyConnection - (AWAITING_INITIAL) [id: 0x16fa54b8, /127.0.0.1:54150 => /127.0.1.1:45224]: Retaining reference counted message
11:39:50.721 [LittleProxy-ProxyToServerWorker-3] DEBUG o.l.p.impl.ClientToProxyConnection - (AWAITING_INITIAL) [id: 0x16fa54b8, /127.0.0.1:54150 => /127.0.1.1:45224]: Writing: DefaultHttpContent(data: SlicedByteBuf(ridx: 0, widx: 16384, cap: 16384/16384, unwrapped: UnpooledUnsafeDirectByteBuf(ridx: 65536, widx: 65536, cap: 65536)), decoderResult: success)
11:39:50.721 [LittleProxy-ProxyToServerWorker-3] DEBUG o.l.p.impl.ClientToProxyConnection - (AWAITING_INITIAL) [id: 0x16fa54b8, /127.0.0.1:54150 => /127.0.1.1:45224]: Wrote: DefaultHttpContent(data: SlicedByteBuf(ridx: 0, widx: 16384, cap: 16384/16384, unwrapped: UnpooledUnsafeDirectByteBuf(ridx: 65536, widx: 65536, cap: 65536)), decoderResult: success)
11:39:50.721 [LittleProxy-ProxyToServerWorker-3] DEBUG o.l.p.impl.ClientToProxyConnection - (AWAITING_INITIAL) [id: 0x16fa54b8, /127.0.0.1:54150 => /127.0.1.1:45224]: Not closing server connection on middle chunk for /bower_components/angular/angular.js
11:39:50.721 [LittleProxy-ProxyToServerWorker-3] DEBUG o.l.p.impl.ClientToProxyConnection - (AWAITING_INITIAL) [id: 0x16fa54b8, /127.0.0.1:54150 => /127.0.1.1:45224]: Not closing client connection on middle chunk for /bower_components/angular/angular.js
11:39:50.721 [LittleProxy-ProxyToServerWorker-3] DEBUG o.l.p.impl.ProxyToServerConnection - (AWAITING_CHUNK) [id: 0xceaab001, /127.0.0.1:35280 => localhost/127.0.0.1:9000]: Reading: DefaultHttpContent(data: SlicedByteBuf(ridx: 0, widx: 16384, cap: 16384/16384, unwrapped: UnpooledUnsafeDirectByteBuf(ridx: 65536, widx: 65536, cap: 65536)), decoderResult: success)
11:39:50.722 [LittleProxy-ProxyToServerWorker-3] DEBUG o.l.p.impl.ClientToProxyConnection - (AWAITING_INITIAL) [id: 0x16fa54b8, /127.0.0.1:54150 => /127.0.1.1:45224]: Retaining reference counted message
11:39:50.722 [LittleProxy-ProxyToServerWorker-3] DEBUG o.l.p.impl.ClientToProxyConnection - (AWAITING_INITIAL) [id: 0x16fa54b8, /127.0.0.1:54150 => /127.0.1.1:45224]: Writing: DefaultHttpContent(data: SlicedByteBuf(ridx: 0, widx: 16384, cap: 16384/16384, unwrapped: UnpooledUnsafeDirectByteBuf(ridx: 65536, widx: 65536, cap: 65536)), decoderResult: success)
11:39:50.722 [LittleProxy-ProxyToServerWorker-3] DEBUG o.l.p.impl.ClientToProxyConnection - (AWAITING_INITIAL) [id: 0x16fa54b8, /127.0.0.1:54150 => /127.0.1.1:45224]: Wrote: DefaultHttpContent(data: SlicedByteBuf(ridx: 0, widx: 16384, cap: 16384/16384, unwrapped: UnpooledUnsafeDirectByteBuf(ridx: 65536, widx: 65536, cap: 65536)), decoderResult: success)
11:39:50.722 [LittleProxy-ProxyToServerWorker-3] DEBUG o.l.p.impl.ClientToProxyConnection - (AWAITING_INITIAL) [id: 0x16fa54b8, /127.0.0.1:54150 => /127.0.1.1:45224]: Not closing server connection on middle chunk for /bower_components/angular/angular.js
11:39:50.722 [LittleProxy-ProxyToServerWorker-3] DEBUG o.l.p.impl.ClientToProxyConnection - (AWAITING_INITIAL) [id: 0x16fa54b8, /127.0.0.1:54150 => /127.0.1.1:45224]: Not closing client connection on middle chunk for /bower_components/angular/angular.js
11:39:50.722 [LittleProxy-ProxyToServerWorker-3] DEBUG o.l.p.impl.ProxyToServerConnection - (AWAITING_CHUNK) [id: 0xceaab001, /127.0.0.1:35280 => localhost/127.0.0.1:9000]: Reading: DefaultHttpContent(data: SlicedByteBuf(ridx: 0, widx: 16384, cap: 16384/16384, unwrapped: UnpooledUnsafeDirectByteBuf(ridx: 65536, widx: 65536, cap: 65536)), decoderResult: success)
11:39:50.722 [LittleProxy-ProxyToServerWorker-3] DEBUG o.l.p.impl.ClientToProxyConnection - (AWAITING_INITIAL) [id: 0x16fa54b8, /127.0.0.1:54150 => /127.0.1.1:45224]: Retaining reference counted message
11:39:50.722 [LittleProxy-ProxyToServerWorker-3] DEBUG o.l.p.impl.ClientToProxyConnection - (AWAITING_INITIAL) [id: 0x16fa54b8, /127.0.0.1:54150 => /127.0.1.1:45224]: Writing: DefaultHttpContent(data: SlicedByteBuf(ridx: 0, widx: 16384, cap: 16384/16384, unwrapped: UnpooledUnsafeDirectByteBuf(ridx: 65536, widx: 65536, cap: 65536)), decoderResult: success)
11:39:50.722 [LittleProxy-ProxyToServerWorker-3] DEBUG o.l.p.impl.ClientToProxyConnection - (AWAITING_INITIAL) [id: 0x16fa54b8, /127.0.0.1:54150 => /127.0.1.1:45224]: Wrote: DefaultHttpContent(data: SlicedByteBuf(ridx: 0, widx: 16384, cap: 16384/16384, unwrapped: UnpooledUnsafeDirectByteBuf(ridx: 65536, widx: 65536, cap: 65536)), decoderResult: success)
11:39:50.722 [LittleProxy-ProxyToServerWorker-3] DEBUG o.l.p.impl.ClientToProxyConnection - (AWAITING_INITIAL) [id: 0x16fa54b8, /127.0.0.1:54150 => /127.0.1.1:45224]: Not closing server connection on middle chunk for /bower_components/angular/angular.js
11:39:50.722 [LittleProxy-ProxyToServerWorker-3] DEBUG o.l.p.impl.ClientToProxyConnection - (AWAITING_INITIAL) [id: 0x16fa54b8, /127.0.0.1:54150 => /127.0.1.1:45224]: Not closing client connection on middle chunk for /bower_components/angular/angular.js
11:39:50.722 [LittleProxy-ProxyToServerWorker-3] DEBUG o.l.p.impl.ProxyToServerConnection - (AWAITING_CHUNK) [id: 0xceaab001, /127.0.0.1:35280 => localhost/127.0.0.1:9000]: Reading: DefaultHttpContent(data: SlicedByteBuf(ridx: 0, widx: 16384, cap: 16384/16384, unwrapped: UnpooledUnsafeDirectByteBuf(ridx: 65536, widx: 65536, cap: 65536)), decoderResult: success)
11:39:50.722 [LittleProxy-ProxyToServerWorker-3] DEBUG o.l.p.impl.ClientToProxyConnection - (AWAITING_INITIAL) [id: 0x16fa54b8, /127.0.0.1:54150 => /127.0.1.1:45224]: Retaining reference counted message
11:39:50.722 [LittleProxy-ProxyToServerWorker-3] DEBUG o.l.p.impl.ClientToProxyConnection - (AWAITING_INITIAL) [id: 0x16fa54b8, /127.0.0.1:54150 => /127.0.1.1:45224]: Writing: DefaultHttpContent(data: SlicedByteBuf(ridx: 0, widx: 16384, cap: 16384/16384, unwrapped: UnpooledUnsafeDirectByteBuf(ridx: 65536, widx: 65536, cap: 65536)), decoderResult: success)
11:39:50.722 [LittleProxy-ProxyToServerWorker-3] DEBUG o.l.p.impl.ClientToProxyConnection - (AWAITING_INITIAL) [id: 0x16fa54b8, /127.0.0.1:54150 => /127.0.1.1:45224]: Wrote: DefaultHttpContent(data: SlicedByteBuf(ridx: 0, widx: 16384, cap: 16384/16384, unwrapped: UnpooledUnsafeDirectByteBuf(ridx: 65536, widx: 65536, cap: 65536)), decoderResult: success)
11:39:50.722 [LittleProxy-ProxyToServerWorker-3] DEBUG o.l.p.impl.ClientToProxyConnection - (AWAITING_INITIAL) [id: 0x16fa54b8, /127.0.0.1:54150 => /127.0.1.1:45224]: Not closing server connection on middle chunk for /bower_components/angular/angular.js
11:39:50.722 [LittleProxy-ProxyToServerWorker-3] DEBUG o.l.p.impl.ClientToProxyConnection - (AWAITING_INITIAL) [id: 0x16fa54b8, /127.0.0.1:54150 => /127.0.1.1:45224]: Not closing client connection on middle chunk for /bower_components/angular/angular.js
11:39:50.722 [LittleProxy-ProxyToServerWorker-3] DEBUG o.l.p.impl.ProxyToServerConnection - (AWAITING_CHUNK) [id: 0xceaab001, /127.0.0.1:35280 => localhost/127.0.0.1:9000]: Reading: DefaultHttpContent(data: SlicedByteBuf(ridx: 0, widx: 16384, cap: 16384/16384, unwrapped: UnpooledUnsafeDirectByteBuf(ridx: 65536, widx: 65536, cap: 65536)), decoderResult: success)
11:39:50.722 [LittleProxy-ProxyToServerWorker-3] DEBUG o.l.p.impl.ClientToProxyConnection - (AWAITING_INITIAL) [id: 0x16fa54b8, /127.0.0.1:54150 => /127.0.1.1:45224]: Retaining reference counted message
11:39:50.722 [LittleProxy-ProxyToServerWorker-3] DEBUG o.l.p.impl.ClientToProxyConnection - (AWAITING_INITIAL) [id: 0x16fa54b8, /127.0.0.1:54150 => /127.0.1.1:45224]: Writing: DefaultHttpContent(data: SlicedByteBuf(ridx: 0, widx: 16384, cap: 16384/16384, unwrapped: UnpooledUnsafeDirectByteBuf(ridx: 65536, widx: 65536, cap: 65536)), decoderResult: success)
11:39:50.722 [LittleProxy-ProxyToServerWorker-3] DEBUG o.l.p.impl.ClientToProxyConnection - (AWAITING_INITIAL) [id: 0x16fa54b8, /127.0.0.1:54150 => /127.0.1.1:45224]: Wrote: DefaultHttpContent(data: SlicedByteBuf(ridx: 0, widx: 16384, cap: 16384/16384, unwrapped: UnpooledUnsafeDirectByteBuf(ridx: 65536, widx: 65536, cap: 65536)), decoderResult: success)
11:39:50.722 [LittleProxy-ProxyToServerWorker-3] DEBUG o.l.p.impl.ClientToProxyConnection - (AWAITING_INITIAL) [id: 0x16fa54b8, /127.0.0.1:54150 => /127.0.1.1:45224]: Not closing server connection on middle chunk for /bower_components/angular/angular.js
11:39:50.722 [LittleProxy-ProxyToServerWorker-3] DEBUG o.l.p.impl.ClientToProxyConnection - (AWAITING_INITIAL) [id: 0x16fa54b8, /127.0.0.1:54150 => /127.0.1.1:45224]: Not closing client connection on middle chunk for /bower_components/angular/angular.js
11:39:50.722 [LittleProxy-ProxyToServerWorker-3] DEBUG o.l.p.impl.ProxyToServerConnection - (AWAITING_CHUNK) [id: 0xceaab001, /127.0.0.1:35280 => localhost/127.0.0.1:9000]: Reading: DefaultHttpContent(data: SlicedByteBuf(ridx: 0, widx: 16384, cap: 16384/16384, unwrapped: UnpooledUnsafeDirectByteBuf(ridx: 65536, widx: 65536, cap: 65536)), decoderResult: success)
11:39:50.722 [LittleProxy-ProxyToServerWorker-3] DEBUG o.l.p.impl.ClientToProxyConnection - (AWAITING_INITIAL) [id: 0x16fa54b8, /127.0.0.1:54150 => /127.0.1.1:45224]: Retaining reference counted message
11:39:50.722 [LittleProxy-ProxyToServerWorker-3] DEBUG o.l.p.impl.ClientToProxyConnection - (AWAITING_INITIAL) [id: 0x16fa54b8, /127.0.0.1:54150 => /127.0.1.1:45224]: Writing: DefaultHttpContent(data: SlicedByteBuf(ridx: 0, widx: 16384, cap: 16384/16384, unwrapped: UnpooledUnsafeDirectByteBuf(ridx: 65536, widx: 65536, cap: 65536)), decoderResult: success)
11:39:50.722 [LittleProxy-ProxyToServerWorker-3] DEBUG o.l.p.impl.ClientToProxyConnection - (AWAITING_INITIAL) [id: 0x16fa54b8, /127.0.0.1:54150 => /127.0.1.1:45224]: Wrote: DefaultHttpContent(data: SlicedByteBuf(ridx: 0, widx: 16384, cap: 16384/16384, unwrapped: UnpooledUnsafeDirectByteBuf(ridx: 65536, widx: 65536, cap: 65536)), decoderResult: success)
11:39:50.722 [LittleProxy-ProxyToServerWorker-3] DEBUG o.l.p.impl.ClientToProxyConnection - (AWAITING_INITIAL) [id: 0x16fa54b8, /127.0.0.1:54150 => /127.0.1.1:45224]: Not closing server connection on middle chunk for /bower_components/angular/angular.js
11:39:50.722 [LittleProxy-ProxyToServerWorker-3] DEBUG o.l.p.impl.ClientToProxyConnection - (AWAITING_INITIAL) [id: 0x16fa54b8, /127.0.0.1:54150 => /127.0.1.1:45224]: Not closing client connection on middle chunk for /bower_components/angular/angular.js
11:39:50.722 [LittleProxy-ProxyToServerWorker-3] DEBUG o.l.p.impl.ProxyToServerConnection - (AWAITING_CHUNK) [id: 0xceaab001, /127.0.0.1:35280 => localhost/127.0.0.1:9000]: Reading: DefaultHttpContent(data: SlicedByteBuf(ridx: 0, widx: 16384, cap: 16384/16384, unwrapped: UnpooledUnsafeDirectByteBuf(ridx: 65536, widx: 65536, cap: 65536)), decoderResult: success)
11:39:50.722 [LittleProxy-ProxyToServerWorker-3] DEBUG o.l.p.impl.ClientToProxyConnection - (AWAITING_INITIAL) [id: 0x16fa54b8, /127.0.0.1:54150 => /127.0.1.1:45224]: Retaining reference counted message
11:39:50.722 [LittleProxy-ProxyToServerWorker-3] DEBUG o.l.p.impl.ClientToProxyConnection - (AWAITING_INITIAL) [id: 0x16fa54b8, /127.0.0.1:54150 => /127.0.1.1:45224]: Writing: DefaultHttpContent(data: SlicedByteBuf(ridx: 0, widx: 16384, cap: 16384/16384, unwrapped: UnpooledUnsafeDirectByteBuf(ridx: 65536, widx: 65536, cap: 65536)), decoderResult: success)
11:39:50.722 [LittleProxy-ProxyToServerWorker-3] DEBUG o.l.p.impl.ClientToProxyConnection - (AWAITING_INITIAL) [id: 0x16fa54b8, /127.0.0.1:54150 => /127.0.1.1:45224]: Wrote: DefaultHttpContent(data: SlicedByteBuf(ridx: 0, widx: 16384, cap: 16384/16384, unwrapped: UnpooledUnsafeDirectByteBuf(ridx: 65536, widx: 65536, cap: 65536)), decoderResult: success)
11:39:50.722 [LittleProxy-ProxyToServerWorker-3] DEBUG o.l.p.impl.ClientToProxyConnection - (AWAITING_INITIAL) [id: 0x16fa54b8, /127.0.0.1:54150 => /127.0.1.1:45224]: Not closing server connection on middle chunk for /bower_components/angular/angular.js
11:39:50.723 [LittleProxy-ProxyToServerWorker-3] DEBUG o.l.p.impl.ClientToProxyConnection - (AWAITING_INITIAL) [id: 0x16fa54b8, /127.0.0.1:54150 => /127.0.1.1:45224]: Not closing client connection on middle chunk for /bower_components/angular/angular.js
11:39:50.723 [LittleProxy-ProxyToServerWorker-3] DEBUG o.l.p.impl.ProxyToServerConnection - (AWAITING_CHUNK) [id: 0xceaab001, /127.0.0.1:35280 => localhost/127.0.0.1:9000]: Reading: DefaultHttpContent(data: SlicedByteBuf(ridx: 0, widx: 16384, cap: 16384/16384, unwrapped: UnpooledUnsafeDirectByteBuf(ridx: 65536, widx: 65536, cap: 65536)), decoderResult: success)
11:39:50.723 [LittleProxy-ProxyToServerWorker-3] DEBUG o.l.p.impl.ClientToProxyConnection - (AWAITING_INITIAL) [id: 0x16fa54b8, /127.0.0.1:54150 => /127.0.1.1:45224]: Retaining reference counted message
11:39:50.723 [LittleProxy-ProxyToServerWorker-3] DEBUG o.l.p.impl.ClientToProxyConnection - (AWAITING_INITIAL) [id: 0x16fa54b8, /127.0.0.1:54150 => /127.0.1.1:45224]: Writing: DefaultHttpContent(data: SlicedByteBuf(ridx: 0, widx: 16384, cap: 16384/16384, unwrapped: UnpooledUnsafeDirectByteBuf(ridx: 65536, widx: 65536, cap: 65536)), decoderResult: success)
11:39:50.723 [LittleProxy-ProxyToServerWorker-3] DEBUG o.l.p.impl.ClientToProxyConnection - (AWAITING_INITIAL) [id: 0x16fa54b8, /127.0.0.1:54150 => /127.0.1.1:45224]: Wrote: DefaultHttpContent(data: SlicedByteBuf(ridx: 0, widx: 16384, cap: 16384/16384, unwrapped: UnpooledUnsafeDirectByteBuf(ridx: 65536, widx: 65536, cap: 65536)), decoderResult: success)
11:39:50.723 [LittleProxy-ProxyToServerWorker-3] DEBUG o.l.p.impl.ClientToProxyConnection - (AWAITING_INITIAL) [id: 0x16fa54b8, /127.0.0.1:54150 => /127.0.1.1:45224]: Not closing server connection on middle chunk for /bower_components/angular/angular.js
11:39:50.723 [LittleProxy-ProxyToServerWorker-3] DEBUG o.l.p.impl.ClientToProxyConnection - (AWAITING_INITIAL) [id: 0x16fa54b8, /127.0.0.1:54150 => /127.0.1.1:45224]: Not closing client connection on middle chunk for /bower_components/angular/angular.js
11:39:50.723 [LittleProxy-ProxyToServerWorker-3] DEBUG o.l.p.impl.ProxyToServerConnection - (AWAITING_CHUNK) [id: 0xceaab001, /127.0.0.1:35280 => localhost/127.0.0.1:9000]: Reading: DefaultHttpContent(data: SlicedByteBuf(ridx: 0, widx: 16384, cap: 16384/16384, unwrapped: UnpooledUnsafeDirectByteBuf(ridx: 55300, widx: 55300, cap: 65536)), decoderResult: success)
11:39:50.723 [LittleProxy-ProxyToServerWorker-3] DEBUG o.l.p.impl.ClientToProxyConnection - (AWAITING_INITIAL) [id: 0x16fa54b8, /127.0.0.1:54150 => /127.0.1.1:45224]: Retaining reference counted message
11:39:50.723 [LittleProxy-ProxyToServerWorker-3] DEBUG o.l.p.impl.ClientToProxyConnection - (AWAITING_INITIAL) [id: 0x16fa54b8, /127.0.0.1:54150 => /127.0.1.1:45224]: Writing: DefaultHttpContent(data: SlicedByteBuf(ridx: 0, widx: 16384, cap: 16384/16384, unwrapped: UnpooledUnsafeDirectByteBuf(ridx: 55300, widx: 55300, cap: 65536)), decoderResult: success)
11:39:50.723 [LittleProxy-ProxyToServerWorker-6] DEBUG o.l.p.impl.ProxyToServerConnection - (AWAITING_CHUNK) [id: 0x15efad94, /127.0.0.1:35282 => localhost/127.0.0.1:9000]: Reading: DefaultLastHttpContent(data: SlicedByteBuf(ridx: 0, widx: 1491, cap: 1491/1491, unwrapped: UnpooledUnsafeDirectByteBuf(ridx: 1491, widx: 1491, cap: 32768)), decoderResult: success)
11:39:50.723 [LittleProxy-ProxyToServerWorker-3] DEBUG o.l.p.impl.ClientToProxyConnection - (AWAITING_INITIAL) [id: 0x16fa54b8, /127.0.0.1:54150 => /127.0.1.1:45224]: Wrote: DefaultHttpContent(data: SlicedByteBuf(ridx: 0, widx: 16384, cap: 16384/16384, unwrapped: UnpooledUnsafeDirectByteBuf(ridx: 55300, widx: 55300, cap: 65536)), decoderResult: success)
11:39:50.723 [LittleProxy-ProxyToServerWorker-3] DEBUG o.l.p.impl.ClientToProxyConnection - (AWAITING_INITIAL) [id: 0x16fa54b8, /127.0.0.1:54150 => /127.0.1.1:45224]: Not closing server connection on middle chunk for /bower_components/angular/angular.js
11:39:50.723 [LittleProxy-ProxyToServerWorker-6] DEBUG o.l.p.impl.ClientToProxyConnection - (AWAITING_INITIAL) [id: 0x87242349, /127.0.0.1:54149 => /127.0.1.1:45224]: Retaining reference counted message
11:39:50.723 [LittleProxy-ProxyToServerWorker-3] DEBUG o.l.p.impl.ClientToProxyConnection - (AWAITING_INITIAL) [id: 0x16fa54b8, /127.0.0.1:54150 => /127.0.1.1:45224]: Not closing client connection on middle chunk for /bower_components/angular/angular.js
11:39:50.723 [LittleProxy-ProxyToServerWorker-6] DEBUG o.l.p.impl.ClientToProxyConnection - (AWAITING_INITIAL) [id: 0x87242349, /127.0.0.1:54149 => /127.0.1.1:45224]: Writing: DefaultLastHttpContent(data: SlicedByteBuf(ridx: 0, widx: 1491, cap: 1491/1491, unwrapped: UnpooledUnsafeDirectByteBuf(ridx: 1491, widx: 1491, cap: 32768)), decoderResult: success)
11:39:50.723 [LittleProxy-ProxyToServerWorker-3] DEBUG o.l.p.impl.ProxyToServerConnection - (AWAITING_CHUNK) [id: 0xceaab001, /127.0.0.1:35280 => localhost/127.0.0.1:9000]: Reading: DefaultHttpContent(data: SlicedByteBuf(ridx: 0, widx: 16384, cap: 16384/16384, unwrapped: UnpooledUnsafeDirectByteBuf(ridx: 55300, widx: 55300, cap: 65536)), decoderResult: success)
11:39:50.723 [LittleProxy-ProxyToServerWorker-6] DEBUG o.l.p.impl.ClientToProxyConnection - (AWAITING_INITIAL) [id: 0x87242349, /127.0.0.1:54149 => /127.0.1.1:45224]: Writing an empty buffer to signal the end of our chunked transfer
11:39:50.723 [LittleProxy-ProxyToServerWorker-3] DEBUG o.l.p.impl.ClientToProxyConnection - (AWAITING_INITIAL) [id: 0x16fa54b8, /127.0.0.1:54150 => /127.0.1.1:45224]: Retaining reference counted message
11:39:50.723 [LittleProxy-ProxyToServerWorker-3] DEBUG o.l.p.impl.ClientToProxyConnection - (AWAITING_INITIAL) [id: 0x16fa54b8, /127.0.0.1:54150 => /127.0.1.1:45224]: Writing: DefaultHttpContent(data: SlicedByteBuf(ridx: 0, widx: 16384, cap: 16384/16384, unwrapped: UnpooledUnsafeDirectByteBuf(ridx: 55300, widx: 55300, cap: 65536)), decoderResult: success)
11:39:50.723 [LittleProxy-ProxyToServerWorker-6] DEBUG o.l.p.impl.ClientToProxyConnection - (AWAITING_INITIAL) [id: 0x87242349, /127.0.0.1:54149 => /127.0.1.1:45224]: Wrote: DefaultLastHttpContent(data: SlicedByteBuf(ridx: 0, widx: 1491, cap: 1491/1491, unwrapped: UnpooledUnsafeDirectByteBuf(ridx: 1491, widx: 1491, cap: 32768)), decoderResult: success)
11:39:50.723 [LittleProxy-ProxyToServerWorker-3] DEBUG o.l.p.impl.ClientToProxyConnection - (AWAITING_INITIAL) [id: 0x16fa54b8, /127.0.0.1:54150 => /127.0.1.1:45224]: Wrote: DefaultHttpContent(data: SlicedByteBuf(ridx: 0, widx: 16384, cap: 16384/16384, unwrapped: UnpooledUnsafeDirectByteBuf(ridx: 55300, widx: 55300, cap: 65536)), decoderResult: success)
11:39:50.723 [LittleProxy-ProxyToServerWorker-6] DEBUG o.l.p.impl.ClientToProxyConnection - (AWAITING_INITIAL) [id: 0x87242349, /127.0.0.1:54149 => /127.0.1.1:45224]: Retaining reference counted message
11:39:50.723 [LittleProxy-ProxyToServerWorker-3] DEBUG o.l.p.impl.ClientToProxyConnection - (AWAITING_INITIAL) [id: 0x16fa54b8, /127.0.0.1:54150 => /127.0.1.1:45224]: Not closing server connection on middle chunk for /bower_components/angular/angular.js
11:39:50.723 [LittleProxy-ProxyToServerWorker-6] DEBUG o.l.p.impl.ClientToProxyConnection - (AWAITING_INITIAL) [id: 0x87242349, /127.0.0.1:54149 => /127.0.1.1:45224]: Writing: EmptyByteBufBE
11:39:50.723 [LittleProxy-ProxyToServerWorker-3] DEBUG o.l.p.impl.ClientToProxyConnection - (AWAITING_INITIAL) [id: 0x16fa54b8, /127.0.0.1:54150 => /127.0.1.1:45224]: Not closing client connection on middle chunk for /bower_components/angular/angular.js
11:39:50.723 [LittleProxy-ProxyToServerWorker-6] DEBUG o.l.p.impl.ClientToProxyConnection - (AWAITING_INITIAL) [id: 0x87242349, /127.0.0.1:54149 => /127.0.1.1:45224]: Wrote: EmptyByteBufBE
11:39:50.723 [LittleProxy-ProxyToServerWorker-3] DEBUG o.l.p.impl.ProxyToServerConnection - (AWAITING_CHUNK) [id: 0xceaab001, /127.0.0.1:35280 => localhost/127.0.0.1:9000]: Reading: DefaultHttpContent(data: SlicedByteBuf(ridx: 0, widx: 16384, cap: 16384/16384, unwrapped: UnpooledUnsafeDirectByteBuf(ridx: 55300, widx: 55300, cap: 65536)), decoderResult: success)
11:39:50.723 [LittleProxy-ProxyToServerWorker-6] DEBUG o.l.p.impl.ClientToProxyConnection - (AWAITING_INITIAL) [id: 0x87242349, /127.0.0.1:54149 => /127.0.1.1:45224]: Handling last chunk. Using normal server connection closing rules.
11:39:50.723 [LittleProxy-ProxyToServerWorker-3] DEBUG o.l.p.impl.ClientToProxyConnection - (AWAITING_INITIAL) [id: 0x16fa54b8, /127.0.0.1:54150 => /127.0.1.1:45224]: Retaining reference counted message
11:39:50.723 [LittleProxy-ProxyToServerWorker-3] DEBUG o.l.p.impl.ClientToProxyConnection - (AWAITING_INITIAL) [id: 0x16fa54b8, /127.0.0.1:54150 => /127.0.1.1:45224]: Writing: DefaultHttpContent(data: SlicedByteBuf(ridx: 0, widx: 16384, cap: 16384/16384, unwrapped: UnpooledUnsafeDirectByteBuf(ridx: 55300, widx: 55300, cap: 65536)), decoderResult: success)
11:39:50.723 [LittleProxy-ProxyToServerWorker-6] DEBUG o.l.p.impl.ClientToProxyConnection - (AWAITING_INITIAL) [id: 0x87242349, /127.0.0.1:54149 => /127.0.1.1:45224]: Not closing server connection for response: DefaultHttpResponse(decodeResult: success, version: HTTP/1.1)
HTTP/1.1 200 OK
Accept-Ranges: bytes
Date: Tue, 08 Sep 2015 10:39:50 GMT
Cache-Control: public, max-age=0
Last-Modified: Fri, 17 Oct 2014 06:40:12 GMT
ETag: W/"+Vb4/CGiOg5wHLXtQx/5NQ=="
Content-Type: text/css; charset=UTF-8
Content-Length: 1491
Connection: keep-alive
11:39:50.723 [LittleProxy-ProxyToServerWorker-6] DEBUG o.l.p.impl.ClientToProxyConnection - (AWAITING_INITIAL) [id: 0x87242349, /127.0.0.1:54149 => /127.0.1.1:45224]: Handling last chunk. Using normal client connection closing rules.
11:39:50.723 [LittleProxy-ProxyToServerWorker-3] DEBUG o.l.p.impl.ClientToProxyConnection - (AWAITING_INITIAL) [id: 0x16fa54b8, /127.0.0.1:54150 => /127.0.1.1:45224]: Wrote: DefaultHttpContent(data: SlicedByteBuf(ridx: 0, widx: 16384, cap: 16384/16384, unwrapped: UnpooledUnsafeDirectByteBuf(ridx: 55300, widx: 55300, cap: 65536)), decoderResult: success)
11:39:50.723 [LittleProxy-ProxyToServerWorker-3] DEBUG o.l.p.impl.ClientToProxyConnection - (AWAITING_INITIAL) [id: 0x16fa54b8, /127.0.0.1:54150 => /127.0.1.1:45224]: Not closing server connection on middle chunk for /bower_components/angular/angular.js
11:39:50.723 [LittleProxy-ProxyToServerWorker-3] DEBUG o.l.p.impl.ClientToProxyConnection - (AWAITING_INITIAL) [id: 0x16fa54b8, /127.0.0.1:54150 => /127.0.1.1:45224]: Not closing client connection on middle chunk for /bower_components/angular/angular.js
11:39:50.723 [LittleProxy-ProxyToServerWorker-3] DEBUG o.l.p.impl.ProxyToServerConnection - (AWAITING_CHUNK) [id: 0xceaab001, /127.0.0.1:35280 => localhost/127.0.0.1:9000]: Reading: DefaultLastHttpContent(data: SlicedByteBuf(ridx: 0, widx: 6148, cap: 6148/6148, unwrapped: UnpooledUnsafeDirectByteBuf(ridx: 55300, widx: 55300, cap: 65536)), decoderResult: success)
11:39:50.723 [LittleProxy-ProxyToServerWorker-3] DEBUG o.l.p.impl.ClientToProxyConnection - (AWAITING_INITIAL) [id: 0x16fa54b8, /127.0.0.1:54150 => /127.0.1.1:45224]: Retaining reference counted message
11:39:50.723 [LittleProxy-ProxyToServerWorker-3] DEBUG o.l.p.impl.ClientToProxyConnection - (AWAITING_INITIAL) [id: 0x16fa54b8, /127.0.0.1:54150 => /127.0.1.1:45224]: Writing: DefaultLastHttpContent(data: SlicedByteBuf(ridx: 0, widx: 6148, cap: 6148/6148, unwrapped: UnpooledUnsafeDirectByteBuf(ridx: 55300, widx: 55300, cap: 65536)), decoderResult: success)
11:39:50.723 [LittleProxy-ProxyToServerWorker-3] DEBUG o.l.p.impl.ClientToProxyConnection - (AWAITING_INITIAL) [id: 0x16fa54b8, /127.0.0.1:54150 => /127.0.1.1:45224]: Writing an empty buffer to signal the end of our chunked transfer
11:39:50.723 [LittleProxy-ProxyToServerWorker-3] DEBUG o.l.p.impl.ClientToProxyConnection - (AWAITING_INITIAL) [id: 0x16fa54b8, /127.0.0.1:54150 => /127.0.1.1:45224]: Wrote: DefaultLastHttpContent(data: SlicedByteBuf(ridx: 0, widx: 6148, cap: 6148/6148, unwrapped: UnpooledUnsafeDirectByteBuf(ridx: 55300, widx: 55300, cap: 65536)), decoderResult: success)
11:39:50.723 [LittleProxy-ProxyToServerWorker-3] DEBUG o.l.p.impl.ClientToProxyConnection - (AWAITING_INITIAL) [id: 0x16fa54b8, /127.0.0.1:54150 => /127.0.1.1:45224]: Retaining reference counted message
11:39:50.723 [LittleProxy-ProxyToServerWorker-3] DEBUG o.l.p.impl.ClientToProxyConnection - (AWAITING_INITIAL) [id: 0x16fa54b8, /127.0.0.1:54150 => /127.0.1.1:45224]: Writing: EmptyByteBufBE
11:39:50.723 [LittleProxy-ProxyToServerWorker-3] DEBUG o.l.p.impl.ClientToProxyConnection - (AWAITING_INITIAL) [id: 0x16fa54b8, /127.0.0.1:54150 => /127.0.1.1:45224]: Wrote: EmptyByteBufBE
11:39:50.723 [LittleProxy-ProxyToServerWorker-3] DEBUG o.l.p.impl.ClientToProxyConnection - (AWAITING_INITIAL) [id: 0x16fa54b8, /127.0.0.1:54150 => /127.0.1.1:45224]: Handling last chunk. Using normal server connection closing rules.
11:39:50.723 [LittleProxy-ProxyToServerWorker-3] DEBUG o.l.p.impl.ClientToProxyConnection - (AWAITING_INITIAL) [id: 0x16fa54b8, /127.0.0.1:54150 => /127.0.1.1:45224]: Not closing server connection for response: DefaultHttpResponse(decodeResult: success, version: HTTP/1.1)
HTTP/1.1 200 OK
Accept-Ranges: bytes
Date: Tue, 08 Sep 2015 10:39:50 GMT
Cache-Control: public, max-age=0
Last-Modified: Tue, 16 Jun 2015 14:10:37 GMT
ETag: W/"FJeRm12Pfismj/9GSL3MXw=="
Content-Type: application/javascript
Content-Length: 1038340
Connection: keep-alive
11:39:50.723 [LittleProxy-ProxyToServerWorker-3] DEBUG o.l.p.impl.ClientToProxyConnection - (AWAITING_INITIAL) [id: 0x16fa54b8, /127.0.0.1:54150 => /127.0.1.1:45224]: Handling last chunk. Using normal client connection closing rules.
11:39:50.724 [LittleProxy-ProxyToServerWorker-6] DEBUG o.l.p.impl.ClientToProxyConnection - (AWAITING_INITIAL) [id: 0x87242349, /127.0.0.1:54149 => /127.0.1.1:45224]: Not closing client connection for request: [FAILED toString()]
11:39:50.724 [LittleProxy-ClientToProxyWorker-5] DEBUG o.l.p.impl.ClientToProxyConnection - (AWAITING_INITIAL) [id: 0x87242349, /127.0.0.1:54149 => /127.0.1.1:45224]: Reading: HttpObjectAggregator$AggregatedFullHttpRequest(decodeResult: success, version: HTTP/1.1, content: CompositeByteBuf(ridx: 0, widx: 0, cap: 0, components=0))
GET http://localhost:9000/bower_components/jquery-ui/themes/base/autocomplete.css HTTP/1.1
Host: localhost:9000
Proxy-Connection: keep-alive
Accept: text/css,*/*;q=0.1
User-Agent: Mozilla/5.0 (X11; Linux x86_64) AppleWebKit/537.36 (KHTML, like Gecko) Chrome/44.0.2403.130 Safari/537.36
Referer: http://localhost:9000/
Accept-Encoding: gzip, deflate, sdch
Accept-Language: en-GB,en-US;q=0.8,en;q=0.6
Content-Length: 0
11:39:50.724 [LittleProxy-ClientToProxyWorker-5] DEBUG o.l.p.impl.ClientToProxyConnection - (AWAITING_INITIAL) [id: 0x87242349, /127.0.0.1:54149 => /127.0.1.1:45224]: Got request: HttpObjectAggregator$AggregatedFullHttpRequest(decodeResult: success, version: HTTP/1.1, content: CompositeByteBuf(ridx: 0, widx: 0, cap: 0, components=0))
GET http://localhost:9000/bower_components/jquery-ui/themes/base/autocomplete.css HTTP/1.1
Host: localhost:9000
Proxy-Connection: keep-alive
Accept: text/css,*/*;q=0.1
User-Agent: Mozilla/5.0 (X11; Linux x86_64) AppleWebKit/537.36 (KHTML, like Gecko) Chrome/44.0.2403.130 Safari/537.36
Referer: http://localhost:9000/
Accept-Encoding: gzip, deflate, sdch
Accept-Language: en-GB,en-US;q=0.8,en;q=0.6
Content-Length: 0
11:39:50.724 [LittleProxy-ClientToProxyWorker-6] DEBUG o.l.p.impl.ClientToProxyConnection - (AWAITING_INITIAL) [id: 0x16fa54b8, /127.0.0.1:54150 => /127.0.1.1:45224]: Reading: HttpObjectAggregator$AggregatedFullHttpRequest(decodeResult: success, version: HTTP/1.1, content: CompositeByteBuf(ridx: 0, widx: 0, cap: 0, components=0))
GET http://localhost:9000/bower_components/jquery-ui/themes/base/button.css HTTP/1.1
Host: localhost:9000
Proxy-Connection: keep-alive
Accept: text/css,*/*;q=0.1
User-Agent: Mozilla/5.0 (X11; Linux x86_64) AppleWebKit/537.36 (KHTML, like Gecko) Chrome/44.0.2403.130 Safari/537.36
Referer: http://localhost:9000/
Accept-Encoding: gzip, deflate, sdch
Accept-Language: en-GB,en-US;q=0.8,en;q=0.6
Content-Length: 0
11:39:50.724 [LittleProxy-ClientToProxyWorker-6] DEBUG o.l.p.impl.ClientToProxyConnection - (AWAITING_INITIAL) [id: 0x16fa54b8, /127.0.0.1:54150 => /127.0.1.1:45224]: Got request: HttpObjectAggregator$AggregatedFullHttpRequest(decodeResult: success, version: HTTP/1.1, content: CompositeByteBuf(ridx: 0, widx: 0, cap: 0, components=0))
GET http://localhost:9000/bower_components/jquery-ui/themes/base/button.css HTTP/1.1
Host: localhost:9000
Proxy-Connection: keep-alive
Accept: text/css,*/*;q=0.1
User-Agent: Mozilla/5.0 (X11; Linux x86_64) AppleWebKit/537.36 (KHTML, like Gecko) Chrome/44.0.2403.130 Safari/537.36
Referer: http://localhost:9000/
Accept-Encoding: gzip, deflate, sdch
Accept-Language: en-GB,en-US;q=0.8,en;q=0.6
Content-Length: 0
11:39:50.724 [LittleProxy-ProxyToServerWorker-3] DEBUG o.l.p.impl.ClientToProxyConnection - (AWAITING_INITIAL) [id: 0x16fa54b8, /127.0.0.1:54150 => /127.0.1.1:45224]: Not closing client connection for request: [FAILED toString()]
11:39:50.724 [LittleProxy-ClientToProxyWorker-5] DEBUG o.l.p.impl.ClientToProxyConnection - (AWAITING_INITIAL) [id: 0x87242349, /127.0.0.1:54149 => /127.0.1.1:45224]: Ensuring that hostAndPort are available in http://localhost:9000/bower_components/jquery-ui/themes/base/autocomplete.css
11:39:50.724 [LittleProxy-ClientToProxyWorker-5] DEBUG o.l.p.impl.ClientToProxyConnection - (AWAITING_INITIAL) [id: 0x87242349, /127.0.0.1:54149 => /127.0.1.1:45224]: Finding ProxyToServerConnection for: localhost:9000
11:39:50.724 [LittleProxy-ClientToProxyWorker-5] DEBUG o.l.p.impl.ClientToProxyConnection - (AWAITING_INITIAL) [id: 0x87242349, /127.0.0.1:54149 => /127.0.1.1:45224]: Reusing existing server connection: org.littleshoot.proxy.impl.ProxyToServerConnection@19d9ddb6
11:39:50.724 [LittleProxy-ClientToProxyWorker-5] DEBUG o.l.p.impl.ClientToProxyConnection - (AWAITING_INITIAL) [id: 0x87242349, /127.0.0.1:54149 => /127.0.1.1:45224]: Modifying request headers for proxying
11:39:50.724 [LittleProxy-ClientToProxyWorker-5] DEBUG o.l.p.impl.ClientToProxyConnection - (AWAITING_INITIAL) [id: 0x87242349, /127.0.0.1:54149 => /127.0.1.1:45224]: Modifying request for proxy chaining
11:39:50.724 [LittleProxy-ClientToProxyWorker-5] DEBUG o.l.p.impl.ClientToProxyConnection - (AWAITING_INITIAL) [id: 0x87242349, /127.0.0.1:54149 => /127.0.1.1:45224]: Stripped host from uri: http://localhost:9000/bower_components/jquery-ui/themes/base/autocomplete.css    yielding: /bower_components/jquery-ui/themes/base/autocomplete.css
11:39:50.724 [LittleProxy-ClientToProxyWorker-6] DEBUG o.l.p.impl.ClientToProxyConnection - (AWAITING_INITIAL) [id: 0x16fa54b8, /127.0.0.1:54150 => /127.0.1.1:45224]: Ensuring that hostAndPort are available in http://localhost:9000/bower_components/jquery-ui/themes/base/button.css
11:39:50.724 [LittleProxy-ClientToProxyWorker-6] DEBUG o.l.p.impl.ClientToProxyConnection - (AWAITING_INITIAL) [id: 0x16fa54b8, /127.0.0.1:54150 => /127.0.1.1:45224]: Finding ProxyToServerConnection for: localhost:9000
11:39:50.724 [LittleProxy-ClientToProxyWorker-5] DEBUG o.l.p.impl.ClientToProxyConnection - (AWAITING_INITIAL) [id: 0x87242349, /127.0.0.1:54149 => /127.0.1.1:45224]: Removed sdch and inserted: gzip, deflate, 
11:39:50.724 [LittleProxy-ClientToProxyWorker-6] DEBUG o.l.p.impl.ClientToProxyConnection - (AWAITING_INITIAL) [id: 0x16fa54b8, /127.0.0.1:54150 => /127.0.1.1:45224]: Reusing existing server connection: org.littleshoot.proxy.impl.ProxyToServerConnection@4072e2c4
11:39:50.724 [LittleProxy-ClientToProxyWorker-6] DEBUG o.l.p.impl.ClientToProxyConnection - (AWAITING_INITIAL) [id: 0x16fa54b8, /127.0.0.1:54150 => /127.0.1.1:45224]: Modifying request headers for proxying
11:39:50.724 [LittleProxy-ClientToProxyWorker-6] DEBUG o.l.p.impl.ClientToProxyConnection - (AWAITING_INITIAL) [id: 0x16fa54b8, /127.0.0.1:54150 => /127.0.1.1:45224]: Modifying request for proxy chaining
11:39:50.724 [LittleProxy-ClientToProxyWorker-6] DEBUG o.l.p.impl.ClientToProxyConnection - (AWAITING_INITIAL) [id: 0x16fa54b8, /127.0.0.1:54150 => /127.0.1.1:45224]: Stripped host from uri: http://localhost:9000/bower_components/jquery-ui/themes/base/button.css    yielding: /bower_components/jquery-ui/themes/base/button.css
11:39:50.724 [LittleProxy-ClientToProxyWorker-5] DEBUG o.l.p.impl.ClientToProxyConnection - (AWAITING_INITIAL) [id: 0x87242349, /127.0.0.1:54149 => /127.0.1.1:45224]: Writing request to ProxyToServerConnection
11:39:50.724 [LittleProxy-ClientToProxyWorker-6] DEBUG o.l.p.impl.ClientToProxyConnection - (AWAITING_INITIAL) [id: 0x16fa54b8, /127.0.0.1:54150 => /127.0.1.1:45224]: Removed sdch and inserted: gzip, deflate, 
11:39:50.724 [LittleProxy-ClientToProxyWorker-5] DEBUG o.l.p.impl.ProxyToServerConnection - (AWAITING_INITIAL) [id: 0x15efad94, /127.0.0.1:35282 => localhost/127.0.0.1:9000]: Requested write of HttpObjectAggregator$AggregatedFullHttpRequest(decodeResult: success, version: HTTP/1.1, content: CompositeByteBuf(ridx: 0, widx: 0, cap: 0, components=0))
GET /bower_components/jquery-ui/themes/base/autocomplete.css HTTP/1.1
Host: localhost:9000
Accept: text/css,*/*;q=0.1
User-Agent: Mozilla/5.0 (X11; Linux x86_64) AppleWebKit/537.36 (KHTML, like Gecko) Chrome/44.0.2403.130 Safari/537.36
Referer: http://localhost:9000/
Accept-Language: en-GB,en-US;q=0.8,en;q=0.6
Content-Length: 0
Accept-Encoding: gzip, deflate, 
Via: 1.1 localhost.localdomain
11:39:50.724 [LittleProxy-ClientToProxyWorker-5] DEBUG o.l.p.impl.ProxyToServerConnection - (AWAITING_INITIAL) [id: 0x15efad94, /127.0.0.1:35282 => localhost/127.0.0.1:9000]: Retaining reference counted message
11:39:50.724 [LittleProxy-ClientToProxyWorker-5] DEBUG o.l.p.impl.ProxyToServerConnection - (AWAITING_INITIAL) [id: 0x15efad94, /127.0.0.1:35282 => localhost/127.0.0.1:9000]: Using existing connection to: localhost/127.0.0.1:9000
11:39:50.724 [LittleProxy-ClientToProxyWorker-6] DEBUG o.l.p.impl.ClientToProxyConnection - (AWAITING_INITIAL) [id: 0x16fa54b8, /127.0.0.1:54150 => /127.0.1.1:45224]: Writing request to ProxyToServerConnection
11:39:50.725 [LittleProxy-ClientToProxyWorker-5] DEBUG o.l.p.impl.ProxyToServerConnection - (AWAITING_INITIAL) [id: 0x15efad94, /127.0.0.1:35282 => localhost/127.0.0.1:9000]: Writing: HttpObjectAggregator$AggregatedFullHttpRequest(decodeResult: success, version: HTTP/1.1, content: CompositeByteBuf(ridx: 0, widx: 0, cap: 0, components=0))
GET /bower_components/jquery-ui/themes/base/autocomplete.css HTTP/1.1
Host: localhost:9000
Accept: text/css,*/*;q=0.1
User-Agent: Mozilla/5.0 (X11; Linux x86_64) AppleWebKit/537.36 (KHTML, like Gecko) Chrome/44.0.2403.130 Safari/537.36
Referer: http://localhost:9000/
Accept-Language: en-GB,en-US;q=0.8,en;q=0.6
Content-Length: 0
Accept-Encoding: gzip, deflate, 
Via: 1.1 localhost.localdomain
11:39:50.725 [LittleProxy-ClientToProxyWorker-6] DEBUG o.l.p.impl.ProxyToServerConnection - (AWAITING_INITIAL) [id: 0xceaab001, /127.0.0.1:35280 => localhost/127.0.0.1:9000]: Requested write of HttpObjectAggregator$AggregatedFullHttpRequest(decodeResult: success, version: HTTP/1.1, content: CompositeByteBuf(ridx: 0, widx: 0, cap: 0, components=0))
GET /bower_components/jquery-ui/themes/base/button.css HTTP/1.1
Host: localhost:9000
Accept: text/css,*/*;q=0.1
User-Agent: Mozilla/5.0 (X11; Linux x86_64) AppleWebKit/537.36 (KHTML, like Gecko) Chrome/44.0.2403.130 Safari/537.36
Referer: http://localhost:9000/
Accept-Language: en-GB,en-US;q=0.8,en;q=0.6
Content-Length: 0
Accept-Encoding: gzip, deflate, 
Via: 1.1 localhost.localdomain
11:39:50.725 [LittleProxy-ClientToProxyWorker-6] DEBUG o.l.p.impl.ProxyToServerConnection - (AWAITING_INITIAL) [id: 0xceaab001, /127.0.0.1:35280 => localhost/127.0.0.1:9000]: Retaining reference counted message
11:39:50.725 [LittleProxy-ClientToProxyWorker-5] DEBUG o.l.p.impl.ProxyToServerConnection - (AWAITING_INITIAL) [id: 0x15efad94, /127.0.0.1:35282 => localhost/127.0.0.1:9000]: Writing an empty buffer to signal the end of our chunked transfer
11:39:50.725 [LittleProxy-ClientToProxyWorker-6] DEBUG o.l.p.impl.ProxyToServerConnection - (AWAITING_INITIAL) [id: 0xceaab001, /127.0.0.1:35280 => localhost/127.0.0.1:9000]: Using existing connection to: localhost/127.0.0.1:9000
11:39:50.725 [LittleProxy-ClientToProxyWorker-6] DEBUG o.l.p.impl.ProxyToServerConnection - (AWAITING_INITIAL) [id: 0xceaab001, /127.0.0.1:35280 => localhost/127.0.0.1:9000]: Writing: HttpObjectAggregator$AggregatedFullHttpRequest(decodeResult: success, version: HTTP/1.1, content: CompositeByteBuf(ridx: 0, widx: 0, cap: 0, components=0))
GET /bower_components/jquery-ui/themes/base/button.css HTTP/1.1
Host: localhost:9000
Accept: text/css,*/*;q=0.1
User-Agent: Mozilla/5.0 (X11; Linux x86_64) AppleWebKit/537.36 (KHTML, like Gecko) Chrome/44.0.2403.130 Safari/537.36
Referer: http://localhost:9000/
Accept-Language: en-GB,en-US;q=0.8,en;q=0.6
Content-Length: 0
Accept-Encoding: gzip, deflate, 
Via: 1.1 localhost.localdomain
11:39:50.725 [LittleProxy-ClientToProxyWorker-5] DEBUG o.l.p.impl.ProxyToServerConnection - (AWAITING_INITIAL) [id: 0x15efad94, /127.0.0.1:35282 => localhost/127.0.0.1:9000]: Wrote: HttpObjectAggregator$AggregatedFullHttpRequest(decodeResult: success, version: HTTP/1.1, content: CompositeByteBuf(ridx: 0, widx: 0, cap: 0, components=0))
GET /bower_components/jquery-ui/themes/base/autocomplete.css HTTP/1.1
Host: localhost:9000
Accept: text/css,*/*;q=0.1
User-Agent: Mozilla/5.0 (X11; Linux x86_64) AppleWebKit/537.36 (KHTML, like Gecko) Chrome/44.0.2403.130 Safari/537.36
Referer: http://localhost:9000/
Accept-Language: en-GB,en-US;q=0.8,en;q=0.6
Content-Length: 0
Accept-Encoding: gzip, deflate, 
Via: 1.1 localhost.localdomain
11:39:50.725 [LittleProxy-ClientToProxyWorker-6] DEBUG o.l.p.impl.ProxyToServerConnection - (AWAITING_INITIAL) [id: 0xceaab001, /127.0.0.1:35280 => localhost/127.0.0.1:9000]: Writing an empty buffer to signal the end of our chunked transfer
11:39:50.725 [LittleProxy-ClientToProxyWorker-6] DEBUG o.l.p.impl.ProxyToServerConnection - (AWAITING_INITIAL) [id: 0xceaab001, /127.0.0.1:35280 => localhost/127.0.0.1:9000]: Wrote: HttpObjectAggregator$AggregatedFullHttpRequest(decodeResult: success, version: HTTP/1.1, content: CompositeByteBuf(ridx: 0, widx: 0, cap: 0, components=0))
GET /bower_components/jquery-ui/themes/base/button.css HTTP/1.1
Host: localhost:9000
Accept: text/css,*/*;q=0.1
User-Agent: Mozilla/5.0 (X11; Linux x86_64) AppleWebKit/537.36 (KHTML, like Gecko) Chrome/44.0.2403.130 Safari/537.36
Referer: http://localhost:9000/
Accept-Language: en-GB,en-US;q=0.8,en;q=0.6
Content-Length: 0
Accept-Encoding: gzip, deflate, 
Via: 1.1 localhost.localdomain
11:39:50.727 [LittleProxy-ProxyToServerWorker-2] DEBUG o.l.p.impl.ProxyToServerConnection - (AWAITING_CHUNK) [id: 0x9953b61f, /127.0.0.1:35274 => localhost/127.0.0.1:9000]: Reading: DefaultHttpContent(data: SlicedByteBuf(ridx: 0, widx: 16384, cap: 16384/16384, unwrapped: UnpooledUnsafeDirectByteBuf(ridx: 24540, widx: 24540, cap: 32768)), decoderResult: success)
11:39:50.727 [LittleProxy-ProxyToServerWorker-2] DEBUG o.l.p.impl.ClientToProxyConnection - (AWAITING_INITIAL) [id: 0xe726451f, /127.0.0.1:54145 => /127.0.1.1:45224]: Retaining reference counted message
11:39:50.727 [LittleProxy-ProxyToServerWorker-6] DEBUG o.l.p.impl.ProxyToServerConnection - (AWAITING_INITIAL) [id: 0x15efad94, /127.0.0.1:35282 => localhost/127.0.0.1:9000]: Remembering the current request.
11:39:50.727 [LittleProxy-ProxyToServerWorker-2] DEBUG o.l.p.impl.ClientToProxyConnection - (AWAITING_INITIAL) [id: 0xe726451f, /127.0.0.1:54145 => /127.0.1.1:45224]: Writing: DefaultHttpContent(data: SlicedByteBuf(ridx: 0, widx: 16384, cap: 16384/16384, unwrapped: UnpooledUnsafeDirectByteBuf(ridx: 24540, widx: 24540, cap: 32768)), decoderResult: success)
11:39:50.727 [LittleProxy-ProxyToServerWorker-2] DEBUG o.l.p.impl.ClientToProxyConnection - (AWAITING_INITIAL) [id: 0xe726451f, /127.0.0.1:54145 => /127.0.1.1:45224]: Wrote: DefaultHttpContent(data: SlicedByteBuf(ridx: 0, widx: 16384, cap: 16384/16384, unwrapped: UnpooledUnsafeDirectByteBuf(ridx: 24540, widx: 24540, cap: 32768)), decoderResult: success)
11:39:50.727 [LittleProxy-ProxyToServerWorker-6] DEBUG o.l.p.impl.ProxyToServerConnection - (AWAITING_INITIAL) [id: 0x15efad94, /127.0.0.1:35282 => localhost/127.0.0.1:9000]: Reading: DefaultHttpResponse(decodeResult: success, version: HTTP/1.1)
HTTP/1.1 200 OK
Accept-Ranges: bytes
Date: Tue, 08 Sep 2015 10:39:50 GMT
Cache-Control: public, max-age=0
Last-Modified: Fri, 17 Oct 2014 06:40:12 GMT
ETag: W/"nwi9RjgoVHB+/6O1nE6Fsg=="
Content-Type: text/css; charset=UTF-8
Content-Length: 321
Connection: keep-alive
11:39:50.727 [LittleProxy-ProxyToServerWorker-2] DEBUG o.l.p.impl.ClientToProxyConnection - (AWAITING_INITIAL) [id: 0xe726451f, /127.0.0.1:54145 => /127.0.1.1:45224]: Not closing server connection on middle chunk for /bower_components/angular-sanitize/angular-sanitize.js
11:39:50.727 [LittleProxy-ProxyToServerWorker-6] DEBUG o.l.p.impl.ProxyToServerConnection - (AWAITING_INITIAL) [id: 0x15efad94, /127.0.0.1:35282 => localhost/127.0.0.1:9000]: Received raw response: DefaultHttpResponse(decodeResult: success, version: HTTP/1.1)
HTTP/1.1 200 OK
Accept-Ranges: bytes
Date: Tue, 08 Sep 2015 10:39:50 GMT
Cache-Control: public, max-age=0
Last-Modified: Fri, 17 Oct 2014 06:40:12 GMT
ETag: W/"nwi9RjgoVHB+/6O1nE6Fsg=="
Content-Type: text/css; charset=UTF-8
Content-Length: 321
Connection: keep-alive
11:39:50.727 [LittleProxy-ProxyToServerWorker-2] DEBUG o.l.p.impl.ClientToProxyConnection - (AWAITING_INITIAL) [id: 0xe726451f, /127.0.0.1:54145 => /127.0.1.1:45224]: Not closing client connection on middle chunk for /bower_components/angular-sanitize/angular-sanitize.js
11:39:50.727 [LittleProxy-ProxyToServerWorker-6] DEBUG o.l.p.impl.ProxyToServerConnection - (AWAITING_INITIAL) [id: 0x15efad94, /127.0.0.1:35282 => localhost/127.0.0.1:9000]: Remembering the current response.
11:39:50.727 [LittleProxy-ProxyToServerWorker-2] DEBUG o.l.p.impl.ProxyToServerConnection - (AWAITING_CHUNK) [id: 0x9953b61f, /127.0.0.1:35274 => localhost/127.0.0.1:9000]: Reading: DefaultLastHttpContent(data: SlicedByteBuf(ridx: 0, widx: 8156, cap: 8156/8156, unwrapped: UnpooledUnsafeDirectByteBuf(ridx: 24540, widx: 24540, cap: 32768)), decoderResult: success)
11:39:50.727 [LittleProxy-ProxyToServerWorker-2] DEBUG o.l.p.impl.ClientToProxyConnection - (AWAITING_INITIAL) [id: 0xe726451f, /127.0.0.1:54145 => /127.0.1.1:45224]: Retaining reference counted message
11:39:50.727 [LittleProxy-ProxyToServerWorker-2] DEBUG o.l.p.impl.ClientToProxyConnection - (AWAITING_INITIAL) [id: 0xe726451f, /127.0.0.1:54145 => /127.0.1.1:45224]: Writing: DefaultLastHttpContent(data: SlicedByteBuf(ridx: 0, widx: 8156, cap: 8156/8156, unwrapped: UnpooledUnsafeDirectByteBuf(ridx: 24540, widx: 24540, cap: 32768)), decoderResult: success)
11:39:50.727 [LittleProxy-ProxyToServerWorker-2] DEBUG o.l.p.impl.ClientToProxyConnection - (AWAITING_INITIAL) [id: 0xe726451f, /127.0.0.1:54145 => /127.0.1.1:45224]: Writing an empty buffer to signal the end of our chunked transfer
11:39:50.727 [LittleProxy-ProxyToServerWorker-2] DEBUG o.l.p.impl.ClientToProxyConnection - (AWAITING_INITIAL) [id: 0xe726451f, /127.0.0.1:54145 => /127.0.1.1:45224]: Wrote: DefaultLastHttpContent(data: SlicedByteBuf(ridx: 0, widx: 8156, cap: 8156/8156, unwrapped: UnpooledUnsafeDirectByteBuf(ridx: 24540, widx: 24540, cap: 32768)), decoderResult: success)
11:39:50.727 [LittleProxy-ProxyToServerWorker-2] DEBUG o.l.p.impl.ClientToProxyConnection - (AWAITING_INITIAL) [id: 0xe726451f, /127.0.0.1:54145 => /127.0.1.1:45224]: Retaining reference counted message
11:39:50.727 [LittleProxy-ProxyToServerWorker-6] DEBUG o.l.p.impl.ClientToProxyConnection - (AWAITING_INITIAL) [id: 0x87242349, /127.0.0.1:54149 => /127.0.1.1:45224]: Writing: DefaultHttpResponse(decodeResult: success, version: HTTP/1.1)
HTTP/1.1 200 OK
Accept-Ranges: bytes
Date: Tue, 08 Sep 2015 10:39:50 GMT
Cache-Control: public, max-age=0
Last-Modified: Fri, 17 Oct 2014 06:40:12 GMT
ETag: W/"nwi9RjgoVHB+/6O1nE6Fsg=="
Content-Type: text/css; charset=UTF-8
Content-Length: 321
Via: 1.1 localhost.localdomain
11:39:50.727 [LittleProxy-ProxyToServerWorker-2] DEBUG o.l.p.impl.ClientToProxyConnection - (AWAITING_INITIAL) [id: 0xe726451f, /127.0.0.1:54145 => /127.0.1.1:45224]: Writing: EmptyByteBufBE
11:39:50.727 [LittleProxy-ProxyToServerWorker-2] DEBUG o.l.p.impl.ClientToProxyConnection - (AWAITING_INITIAL) [id: 0xe726451f, /127.0.0.1:54145 => /127.0.1.1:45224]: Wrote: EmptyByteBufBE
11:39:50.727 [LittleProxy-ProxyToServerWorker-6] DEBUG o.l.p.impl.ClientToProxyConnection - (AWAITING_INITIAL) [id: 0x87242349, /127.0.0.1:54149 => /127.0.1.1:45224]: Wrote: DefaultHttpResponse(decodeResult: success, version: HTTP/1.1)
HTTP/1.1 200 OK
Accept-Ranges: bytes
Date: Tue, 08 Sep 2015 10:39:50 GMT
Cache-Control: public, max-age=0
Last-Modified: Fri, 17 Oct 2014 06:40:12 GMT
ETag: W/"nwi9RjgoVHB+/6O1nE6Fsg=="
Content-Type: text/css; charset=UTF-8
Content-Length: 321
Via: 1.1 localhost.localdomain
11:39:50.727 [LittleProxy-ProxyToServerWorker-2] DEBUG o.l.p.impl.ClientToProxyConnection - (AWAITING_INITIAL) [id: 0xe726451f, /127.0.0.1:54145 => /127.0.1.1:45224]: Handling last chunk. Using normal server connection closing rules.
11:39:50.727 [LittleProxy-ProxyToServerWorker-6] DEBUG o.l.p.impl.ClientToProxyConnection - (AWAITING_INITIAL) [id: 0x87242349, /127.0.0.1:54149 => /127.0.1.1:45224]: Not closing server connection on middle chunk for /bower_components/jquery-ui/themes/base/autocomplete.css
11:39:50.727 [LittleProxy-ProxyToServerWorker-6] DEBUG o.l.p.impl.ClientToProxyConnection - (AWAITING_INITIAL) [id: 0x87242349, /127.0.0.1:54149 => /127.0.1.1:45224]: Not closing client connection on middle chunk for /bower_components/jquery-ui/themes/base/autocomplete.css
11:39:50.727 [LittleProxy-ProxyToServerWorker-2] DEBUG o.l.p.impl.ClientToProxyConnection - (AWAITING_INITIAL) [id: 0xe726451f, /127.0.0.1:54145 => /127.0.1.1:45224]: Not closing server connection for response: DefaultHttpResponse(decodeResult: success, version: HTTP/1.1)
HTTP/1.1 200 OK
Accept-Ranges: bytes
Date: Tue, 08 Sep 2015 10:39:50 GMT
Cache-Control: public, max-age=0
Last-Modified: Tue, 16 Jun 2015 14:10:38 GMT
ETag: W/"4+TuWS+EnhE1gIR/KY9HdA=="
Content-Type: application/javascript
Content-Length: 24540
Connection: keep-alive
11:39:50.727 [LittleProxy-ProxyToServerWorker-2] DEBUG o.l.p.impl.ClientToProxyConnection - (AWAITING_INITIAL) [id: 0xe726451f, /127.0.0.1:54145 => /127.0.1.1:45224]: Handling last chunk. Using normal client connection closing rules.
11:39:50.728 [LittleProxy-ProxyToServerWorker-2] DEBUG o.l.p.impl.ClientToProxyConnection - (AWAITING_INITIAL) [id: 0xe726451f, /127.0.0.1:54145 => /127.0.1.1:45224]: Not closing client connection for request: [FAILED toString()]
11:39:50.728 [LittleProxy-ProxyToServerWorker-3] DEBUG o.l.p.impl.ProxyToServerConnection - (AWAITING_INITIAL) [id: 0xceaab001, /127.0.0.1:35280 => localhost/127.0.0.1:9000]: Remembering the current request.
11:39:50.729 [LittleProxy-ProxyToServerWorker-3] DEBUG o.l.p.impl.ProxyToServerConnection - (AWAITING_INITIAL) [id: 0xceaab001, /127.0.0.1:35280 => localhost/127.0.0.1:9000]: Reading: DefaultHttpResponse(decodeResult: success, version: HTTP/1.1)
HTTP/1.1 200 OK
Accept-Ranges: bytes
Date: Tue, 08 Sep 2015 10:39:50 GMT
Cache-Control: public, max-age=0
Last-Modified: Fri, 17 Oct 2014 06:40:12 GMT
ETag: W/"neZAFHRwTBcEATJ/5akrzg=="
Content-Type: text/css; charset=UTF-8
Content-Length: 2540
Connection: keep-alive
11:39:50.729 [LittleProxy-ProxyToServerWorker-3] DEBUG o.l.p.impl.ProxyToServerConnection - (AWAITING_INITIAL) [id: 0xceaab001, /127.0.0.1:35280 => localhost/127.0.0.1:9000]: Received raw response: DefaultHttpResponse(decodeResult: success, version: HTTP/1.1)
HTTP/1.1 200 OK
Accept-Ranges: bytes
Date: Tue, 08 Sep 2015 10:39:50 GMT
Cache-Control: public, max-age=0
Last-Modified: Fri, 17 Oct 2014 06:40:12 GMT
ETag: W/"neZAFHRwTBcEATJ/5akrzg=="
Content-Type: text/css; charset=UTF-8
Content-Length: 2540
Connection: keep-alive
11:39:50.729 [LittleProxy-ProxyToServerWorker-3] DEBUG o.l.p.impl.ProxyToServerConnection - (AWAITING_INITIAL) [id: 0xceaab001, /127.0.0.1:35280 => localhost/127.0.0.1:9000]: Remembering the current response.
11:39:50.729 [LittleProxy-ProxyToServerWorker-3] DEBUG o.l.p.impl.ClientToProxyConnection - (AWAITING_INITIAL) [id: 0x16fa54b8, /127.0.0.1:54150 => /127.0.1.1:45224]: Writing: DefaultHttpResponse(decodeResult: success, version: HTTP/1.1)
HTTP/1.1 200 OK
Accept-Ranges: bytes
Date: Tue, 08 Sep 2015 10:39:50 GMT
Cache-Control: public, max-age=0
Last-Modified: Fri, 17 Oct 2014 06:40:12 GMT
ETag: W/"neZAFHRwTBcEATJ/5akrzg=="
Content-Type: text/css; charset=UTF-8
Content-Length: 2540
Via: 1.1 localhost.localdomain
11:39:50.729 [LittleProxy-ProxyToServerWorker-3] DEBUG o.l.p.impl.ClientToProxyConnection - (AWAITING_INITIAL) [id: 0x16fa54b8, /127.0.0.1:54150 => /127.0.1.1:45224]: Wrote: DefaultHttpResponse(decodeResult: success, version: HTTP/1.1)
HTTP/1.1 200 OK
Accept-Ranges: bytes
Date: Tue, 08 Sep 2015 10:39:50 GMT
Cache-Control: public, max-age=0
Last-Modified: Fri, 17 Oct 2014 06:40:12 GMT
ETag: W/"neZAFHRwTBcEATJ/5akrzg=="
Content-Type: text/css; charset=UTF-8
Content-Length: 2540
Via: 1.1 localhost.localdomain
11:39:50.729 [LittleProxy-ProxyToServerWorker-3] DEBUG o.l.p.impl.ClientToProxyConnection - (AWAITING_INITIAL) [id: 0x16fa54b8, /127.0.0.1:54150 => /127.0.1.1:45224]: Not closing server connection on middle chunk for /bower_components/jquery-ui/themes/base/button.css
11:39:50.729 [LittleProxy-ProxyToServerWorker-3] DEBUG o.l.p.impl.ClientToProxyConnection - (AWAITING_INITIAL) [id: 0x16fa54b8, /127.0.0.1:54150 => /127.0.1.1:45224]: Not closing client connection on middle chunk for /bower_components/jquery-ui/themes/base/button.css
11:39:50.729 [LittleProxy-ClientToProxyWorker-2] DEBUG o.l.p.impl.ClientToProxyConnection - (AWAITING_INITIAL) [id: 0xe726451f, /127.0.0.1:54145 => /127.0.1.1:45224]: Reading: HttpObjectAggregator$AggregatedFullHttpRequest(decodeResult: success, version: HTTP/1.1, content: CompositeByteBuf(ridx: 0, widx: 0, cap: 0, components=0))
GET http://localhost:9000/bower_components/jquery-ui/themes/base/datepicker.css HTTP/1.1
Host: localhost:9000
Proxy-Connection: keep-alive
Accept: text/css,*/*;q=0.1
User-Agent: Mozilla/5.0 (X11; Linux x86_64) AppleWebKit/537.36 (KHTML, like Gecko) Chrome/44.0.2403.130 Safari/537.36
Referer: http://localhost:9000/
Accept-Encoding: gzip, deflate, sdch
Accept-Language: en-GB,en-US;q=0.8,en;q=0.6
Content-Length: 0
11:39:50.729 [LittleProxy-ClientToProxyWorker-2] DEBUG o.l.p.impl.ClientToProxyConnection - (AWAITING_INITIAL) [id: 0xe726451f, /127.0.0.1:54145 => /127.0.1.1:45224]: Got request: HttpObjectAggregator$AggregatedFullHttpRequest(decodeResult: success, version: HTTP/1.1, content: CompositeByteBuf(ridx: 0, widx: 0, cap: 0, components=0))
GET http://localhost:9000/bower_components/jquery-ui/themes/base/datepicker.css HTTP/1.1
Host: localhost:9000
Proxy-Connection: keep-alive
Accept: text/css,*/*;q=0.1
User-Agent: Mozilla/5.0 (X11; Linux x86_64) AppleWebKit/537.36 (KHTML, like Gecko) Chrome/44.0.2403.130 Safari/537.36
Referer: http://localhost:9000/
Accept-Encoding: gzip, deflate, sdch
Accept-Language: en-GB,en-US;q=0.8,en;q=0.6
Content-Length: 0
11:39:50.730 [LittleProxy-ClientToProxyWorker-2] DEBUG o.l.p.impl.ClientToProxyConnection - (AWAITING_INITIAL) [id: 0xe726451f, /127.0.0.1:54145 => /127.0.1.1:45224]: Ensuring that hostAndPort are available in http://localhost:9000/bower_components/jquery-ui/themes/base/datepicker.css
11:39:50.730 [LittleProxy-ClientToProxyWorker-2] DEBUG o.l.p.impl.ClientToProxyConnection - (AWAITING_INITIAL) [id: 0xe726451f, /127.0.0.1:54145 => /127.0.1.1:45224]: Finding ProxyToServerConnection for: localhost:9000
11:39:50.730 [LittleProxy-ClientToProxyWorker-2] DEBUG o.l.p.impl.ClientToProxyConnection - (AWAITING_INITIAL) [id: 0xe726451f, /127.0.0.1:54145 => /127.0.1.1:45224]: Reusing existing server connection: org.littleshoot.proxy.impl.ProxyToServerConnection@210dcfa0
11:39:50.730 [LittleProxy-ClientToProxyWorker-2] DEBUG o.l.p.impl.ClientToProxyConnection - (AWAITING_INITIAL) [id: 0xe726451f, /127.0.0.1:54145 => /127.0.1.1:45224]: Modifying request headers for proxying
11:39:50.730 [LittleProxy-ClientToProxyWorker-2] DEBUG o.l.p.impl.ClientToProxyConnection - (AWAITING_INITIAL) [id: 0xe726451f, /127.0.0.1:54145 => /127.0.1.1:45224]: Modifying request for proxy chaining
11:39:50.730 [LittleProxy-ClientToProxyWorker-2] DEBUG o.l.p.impl.ClientToProxyConnection - (AWAITING_INITIAL) [id: 0xe726451f, /127.0.0.1:54145 => /127.0.1.1:45224]: Stripped host from uri: http://localhost:9000/bower_components/jquery-ui/themes/base/datepicker.css    yielding: /bower_components/jquery-ui/themes/base/datepicker.css
11:39:50.730 [LittleProxy-ClientToProxyWorker-2] DEBUG o.l.p.impl.ClientToProxyConnection - (AWAITING_INITIAL) [id: 0xe726451f, /127.0.0.1:54145 => /127.0.1.1:45224]: Removed sdch and inserted: gzip, deflate, 
11:39:50.730 [LittleProxy-ClientToProxyWorker-2] DEBUG o.l.p.impl.ClientToProxyConnection - (AWAITING_INITIAL) [id: 0xe726451f, /127.0.0.1:54145 => /127.0.1.1:45224]: Writing request to ProxyToServerConnection
11:39:50.730 [LittleProxy-ClientToProxyWorker-2] DEBUG o.l.p.impl.ProxyToServerConnection - (AWAITING_INITIAL) [id: 0x9953b61f, /127.0.0.1:35274 => localhost/127.0.0.1:9000]: Requested write of HttpObjectAggregator$AggregatedFullHttpRequest(decodeResult: success, version: HTTP/1.1, content: CompositeByteBuf(ridx: 0, widx: 0, cap: 0, components=0))
GET /bower_components/jquery-ui/themes/base/datepicker.css HTTP/1.1
Host: localhost:9000
Accept: text/css,*/*;q=0.1
User-Agent: Mozilla/5.0 (X11; Linux x86_64) AppleWebKit/537.36 (KHTML, like Gecko) Chrome/44.0.2403.130 Safari/537.36
Referer: http://localhost:9000/
Accept-Language: en-GB,en-US;q=0.8,en;q=0.6
Content-Length: 0
Accept-Encoding: gzip, deflate, 
Via: 1.1 localhost.localdomain
11:39:50.730 [LittleProxy-ClientToProxyWorker-2] DEBUG o.l.p.impl.ProxyToServerConnection - (AWAITING_INITIAL) [id: 0x9953b61f, /127.0.0.1:35274 => localhost/127.0.0.1:9000]: Retaining reference counted message
11:39:50.730 [LittleProxy-ClientToProxyWorker-2] DEBUG o.l.p.impl.ProxyToServerConnection - (AWAITING_INITIAL) [id: 0x9953b61f, /127.0.0.1:35274 => localhost/127.0.0.1:9000]: Using existing connection to: localhost/127.0.0.1:9000
11:39:50.730 [LittleProxy-ClientToProxyWorker-2] DEBUG o.l.p.impl.ProxyToServerConnection - (AWAITING_INITIAL) [id: 0x9953b61f, /127.0.0.1:35274 => localhost/127.0.0.1:9000]: Writing: HttpObjectAggregator$AggregatedFullHttpRequest(decodeResult: success, version: HTTP/1.1, content: CompositeByteBuf(ridx: 0, widx: 0, cap: 0, components=0))
GET /bower_components/jquery-ui/themes/base/datepicker.css HTTP/1.1
Host: localhost:9000
Accept: text/css,*/*;q=0.1
User-Agent: Mozilla/5.0 (X11; Linux x86_64) AppleWebKit/537.36 (KHTML, like Gecko) Chrome/44.0.2403.130 Safari/537.36
Referer: http://localhost:9000/
Accept-Language: en-GB,en-US;q=0.8,en;q=0.6
Content-Length: 0
Accept-Encoding: gzip, deflate, 
Via: 1.1 localhost.localdomain
11:39:50.730 [LittleProxy-ClientToProxyWorker-2] DEBUG o.l.p.impl.ProxyToServerConnection - (AWAITING_INITIAL) [id: 0x9953b61f, /127.0.0.1:35274 => localhost/127.0.0.1:9000]: Writing an empty buffer to signal the end of our chunked transfer
11:39:50.730 [LittleProxy-ClientToProxyWorker-2] DEBUG o.l.p.impl.ProxyToServerConnection - (AWAITING_INITIAL) [id: 0x9953b61f, /127.0.0.1:35274 => localhost/127.0.0.1:9000]: Wrote: HttpObjectAggregator$AggregatedFullHttpRequest(decodeResult: success, version: HTTP/1.1, content: CompositeByteBuf(ridx: 0, widx: 0, cap: 0, components=0))
GET /bower_components/jquery-ui/themes/base/datepicker.css HTTP/1.1
Host: localhost:9000
Accept: text/css,*/*;q=0.1
User-Agent: Mozilla/5.0 (X11; Linux x86_64) AppleWebKit/537.36 (KHTML, like Gecko) Chrome/44.0.2403.130 Safari/537.36
Referer: http://localhost:9000/
Accept-Language: en-GB,en-US;q=0.8,en;q=0.6
Content-Length: 0
Accept-Encoding: gzip, deflate, 
Via: 1.1 localhost.localdomain
11:39:50.732 [LittleProxy-ProxyToServerWorker-4] DEBUG o.l.p.impl.ProxyToServerConnection - (AWAITING_INITIAL) [id: 0xb51d3331, /127.0.0.1:35284 => localhost/127.0.0.1:9000]: Remembering the current request.
11:39:50.732 [LittleProxy-ProxyToServerWorker-4] DEBUG o.l.p.impl.ProxyToServerConnection - (AWAITING_INITIAL) [id: 0xb51d3331, /127.0.0.1:35284 => localhost/127.0.0.1:9000]: Reading: DefaultHttpResponse(decodeResult: success, version: HTTP/1.1)
HTTP/1.1 200 OK
Accept-Ranges: bytes
Date: Tue, 08 Sep 2015 10:39:50 GMT
Cache-Control: public, max-age=0
Last-Modified: Fri, 17 Oct 2014 06:40:12 GMT
ETag: W/"07okYBxsyyEjT5888GGn4A=="
Content-Type: text/css; charset=UTF-8
Content-Length: 798
Connection: keep-alive
11:39:50.732 [LittleProxy-ProxyToServerWorker-4] DEBUG o.l.p.impl.ProxyToServerConnection - (AWAITING_INITIAL) [id: 0xb51d3331, /127.0.0.1:35284 => localhost/127.0.0.1:9000]: Received raw response: DefaultHttpResponse(decodeResult: success, version: HTTP/1.1)
HTTP/1.1 200 OK
Accept-Ranges: bytes
Date: Tue, 08 Sep 2015 10:39:50 GMT
Cache-Control: public, max-age=0
Last-Modified: Fri, 17 Oct 2014 06:40:12 GMT
ETag: W/"07okYBxsyyEjT5888GGn4A=="
Content-Type: text/css; charset=UTF-8
Content-Length: 798
Connection: keep-alive
11:39:50.732 [LittleProxy-ProxyToServerWorker-4] DEBUG o.l.p.impl.ProxyToServerConnection - (AWAITING_INITIAL) [id: 0xb51d3331, /127.0.0.1:35284 => localhost/127.0.0.1:9000]: Remembering the current response.
11:39:50.733 [LittleProxy-ProxyToServerWorker-4] DEBUG o.l.p.impl.ClientToProxyConnection - (AWAITING_INITIAL) [id: 0x1e5765f0, /127.0.0.1:54148 => /127.0.1.1:45224]: Writing: DefaultHttpResponse(decodeResult: success, version: HTTP/1.1)
HTTP/1.1 200 OK
Accept-Ranges: bytes
Date: Tue, 08 Sep 2015 10:39:50 GMT
Cache-Control: public, max-age=0
Last-Modified: Fri, 17 Oct 2014 06:40:12 GMT
ETag: W/"07okYBxsyyEjT5888GGn4A=="
Content-Type: text/css; charset=UTF-8
Content-Length: 798
Via: 1.1 localhost.localdomain
11:39:50.733 [LittleProxy-ProxyToServerWorker-4] DEBUG o.l.p.impl.ClientToProxyConnection - (AWAITING_INITIAL) [id: 0x1e5765f0, /127.0.0.1:54148 => /127.0.1.1:45224]: Wrote: DefaultHttpResponse(decodeResult: success, version: HTTP/1.1)
HTTP/1.1 200 OK
Accept-Ranges: bytes
Date: Tue, 08 Sep 2015 10:39:50 GMT
Cache-Control: public, max-age=0
Last-Modified: Fri, 17 Oct 2014 06:40:12 GMT
ETag: W/"07okYBxsyyEjT5888GGn4A=="
Content-Type: text/css; charset=UTF-8
Content-Length: 798
Via: 1.1 localhost.localdomain
11:39:50.733 [LittleProxy-ProxyToServerWorker-4] DEBUG o.l.p.impl.ClientToProxyConnection - (AWAITING_INITIAL) [id: 0x1e5765f0, /127.0.0.1:54148 => /127.0.1.1:45224]: Not closing server connection on middle chunk for /bower_components/jquery-ui/themes/base/accordion.css
11:39:50.733 [LittleProxy-ProxyToServerWorker-4] DEBUG o.l.p.impl.ClientToProxyConnection - (AWAITING_INITIAL) [id: 0x1e5765f0, /127.0.0.1:54148 => /127.0.1.1:45224]: Not closing client connection on middle chunk for /bower_components/jquery-ui/themes/base/accordion.css
11:39:50.733 [LittleProxy-ProxyToServerWorker-2] DEBUG o.l.p.impl.ProxyToServerConnection - (AWAITING_INITIAL) [id: 0x9953b61f, /127.0.0.1:35274 => localhost/127.0.0.1:9000]: Remembering the current request.
11:39:50.734 [LittleProxy-ProxyToServerWorker-2] DEBUG o.l.p.impl.ProxyToServerConnection - (AWAITING_INITIAL) [id: 0x9953b61f, /127.0.0.1:35274 => localhost/127.0.0.1:9000]: Reading: DefaultHttpResponse(decodeResult: success, version: HTTP/1.1)
HTTP/1.1 200 OK
Accept-Ranges: bytes
Date: Tue, 08 Sep 2015 10:39:50 GMT
Cache-Control: public, max-age=0
Last-Modified: Fri, 17 Oct 2014 06:40:12 GMT
ETag: W/"+O9bq/zgcfLZlPl37balqQ=="
Content-Type: text/css; charset=UTF-8
Content-Length: 3636
Connection: keep-alive
11:39:50.734 [LittleProxy-ProxyToServerWorker-2] DEBUG o.l.p.impl.ProxyToServerConnection - (AWAITING_INITIAL) [id: 0x9953b61f, /127.0.0.1:35274 => localhost/127.0.0.1:9000]: Received raw response: DefaultHttpResponse(decodeResult: success, version: HTTP/1.1)
HTTP/1.1 200 OK
Accept-Ranges: bytes
Date: Tue, 08 Sep 2015 10:39:50 GMT
Cache-Control: public, max-age=0
Last-Modified: Fri, 17 Oct 2014 06:40:12 GMT
ETag: W/"+O9bq/zgcfLZlPl37balqQ=="
Content-Type: text/css; charset=UTF-8
Content-Length: 3636
Connection: keep-alive
11:39:50.734 [LittleProxy-ProxyToServerWorker-2] DEBUG o.l.p.impl.ProxyToServerConnection - (AWAITING_INITIAL) [id: 0x9953b61f, /127.0.0.1:35274 => localhost/127.0.0.1:9000]: Remembering the current response.
11:39:50.734 [LittleProxy-ProxyToServerWorker-2] DEBUG o.l.p.impl.ClientToProxyConnection - (AWAITING_INITIAL) [id: 0xe726451f, /127.0.0.1:54145 => /127.0.1.1:45224]: Writing: DefaultHttpResponse(decodeResult: success, version: HTTP/1.1)
HTTP/1.1 200 OK
Accept-Ranges: bytes
Date: Tue, 08 Sep 2015 10:39:50 GMT
Cache-Control: public, max-age=0
Last-Modified: Fri, 17 Oct 2014 06:40:12 GMT
ETag: W/"+O9bq/zgcfLZlPl37balqQ=="
Content-Type: text/css; charset=UTF-8
Content-Length: 3636
Via: 1.1 localhost.localdomain
11:39:50.734 [LittleProxy-ProxyToServerWorker-2] DEBUG o.l.p.impl.ClientToProxyConnection - (AWAITING_INITIAL) [id: 0xe726451f, /127.0.0.1:54145 => /127.0.1.1:45224]: Wrote: DefaultHttpResponse(decodeResult: success, version: HTTP/1.1)
HTTP/1.1 200 OK
Accept-Ranges: bytes
Date: Tue, 08 Sep 2015 10:39:50 GMT
Cache-Control: public, max-age=0
Last-Modified: Fri, 17 Oct 2014 06:40:12 GMT
ETag: W/"+O9bq/zgcfLZlPl37balqQ=="
Content-Type: text/css; charset=UTF-8
Content-Length: 3636
Via: 1.1 localhost.localdomain
11:39:50.734 [LittleProxy-ProxyToServerWorker-2] DEBUG o.l.p.impl.ClientToProxyConnection - (AWAITING_INITIAL) [id: 0xe726451f, /127.0.0.1:54145 => /127.0.1.1:45224]: Not closing server connection on middle chunk for /bower_components/jquery-ui/themes/base/datepicker.css
11:39:50.734 [LittleProxy-ProxyToServerWorker-2] DEBUG o.l.p.impl.ClientToProxyConnection - (AWAITING_INITIAL) [id: 0xe726451f, /127.0.0.1:54145 => /127.0.1.1:45224]: Not closing client connection on middle chunk for /bower_components/jquery-ui/themes/base/datepicker.css
11:39:50.735 [LittleProxy-ProxyToServerWorker-7] DEBUG o.l.p.impl.ProxyToServerConnection - (AWAITING_CHUNK) [id: 0x700df78a, /127.0.0.1:35283 => localhost/127.0.0.1:9000]: Reading: DefaultHttpContent(data: SlicedByteBuf(ridx: 0, widx: 16384, cap: 16384/16384, unwrapped: UnpooledUnsafeDirectByteBuf(ridx: 26833, widx: 26833, cap: 65536)), decoderResult: success)
11:39:50.735 [LittleProxy-ProxyToServerWorker-7] DEBUG o.l.p.impl.ClientToProxyConnection - (AWAITING_INITIAL) [id: 0x4dc93f85, /127.0.0.1:54147 => /127.0.1.1:45224]: Retaining reference counted message
11:39:50.735 [LittleProxy-ProxyToServerWorker-7] DEBUG o.l.p.impl.ClientToProxyConnection - (AWAITING_INITIAL) [id: 0x4dc93f85, /127.0.0.1:54147 => /127.0.1.1:45224]: Writing: DefaultHttpContent(data: SlicedByteBuf(ridx: 0, widx: 16384, cap: 16384/16384, unwrapped: UnpooledUnsafeDirectByteBuf(ridx: 26833, widx: 26833, cap: 65536)), decoderResult: success)
11:39:50.735 [LittleProxy-ProxyToServerWorker-7] DEBUG o.l.p.impl.ClientToProxyConnection - (AWAITING_INITIAL) [id: 0x4dc93f85, /127.0.0.1:54147 => /127.0.1.1:45224]: Wrote: DefaultHttpContent(data: SlicedByteBuf(ridx: 0, widx: 16384, cap: 16384/16384, unwrapped: UnpooledUnsafeDirectByteBuf(ridx: 26833, widx: 26833, cap: 65536)), decoderResult: success)
11:39:50.735 [LittleProxy-ProxyToServerWorker-7] DEBUG o.l.p.impl.ClientToProxyConnection - (AWAITING_INITIAL) [id: 0x4dc93f85, /127.0.0.1:54147 => /127.0.1.1:45224]: Not closing server connection on middle chunk for /bower_components/angular-resource/angular-resource.js
11:39:50.735 [LittleProxy-ProxyToServerWorker-7] DEBUG o.l.p.impl.ClientToProxyConnection - (AWAITING_INITIAL) [id: 0x4dc93f85, /127.0.0.1:54147 => /127.0.1.1:45224]: Not closing client connection on middle chunk for /bower_components/angular-resource/angular-resource.js
11:39:50.735 [LittleProxy-ProxyToServerWorker-7] DEBUG o.l.p.impl.ProxyToServerConnection - (AWAITING_CHUNK) [id: 0x700df78a, /127.0.0.1:35283 => localhost/127.0.0.1:9000]: Reading: DefaultLastHttpContent(data: SlicedByteBuf(ridx: 0, widx: 10449, cap: 10449/10449, unwrapped: UnpooledUnsafeDirectByteBuf(ridx: 26833, widx: 26833, cap: 65536)), decoderResult: success)
11:39:50.735 [LittleProxy-ProxyToServerWorker-7] DEBUG o.l.p.impl.ClientToProxyConnection - (AWAITING_INITIAL) [id: 0x4dc93f85, /127.0.0.1:54147 => /127.0.1.1:45224]: Retaining reference counted message
11:39:50.735 [LittleProxy-ProxyToServerWorker-7] DEBUG o.l.p.impl.ClientToProxyConnection - (AWAITING_INITIAL) [id: 0x4dc93f85, /127.0.0.1:54147 => /127.0.1.1:45224]: Writing: DefaultLastHttpContent(data: SlicedByteBuf(ridx: 0, widx: 10449, cap: 10449/10449, unwrapped: UnpooledUnsafeDirectByteBuf(ridx: 26833, widx: 26833, cap: 65536)), decoderResult: success)
11:39:50.735 [LittleProxy-ProxyToServerWorker-7] DEBUG o.l.p.impl.ClientToProxyConnection - (AWAITING_INITIAL) [id: 0x4dc93f85, /127.0.0.1:54147 => /127.0.1.1:45224]: Writing an empty buffer to signal the end of our chunked transfer
11:39:50.735 [LittleProxy-ProxyToServerWorker-7] DEBUG o.l.p.impl.ClientToProxyConnection - (AWAITING_INITIAL) [id: 0x4dc93f85, /127.0.0.1:54147 => /127.0.1.1:45224]: Wrote: DefaultLastHttpContent(data: SlicedByteBuf(ridx: 0, widx: 10449, cap: 10449/10449, unwrapped: UnpooledUnsafeDirectByteBuf(ridx: 26833, widx: 26833, cap: 65536)), decoderResult: success)
11:39:50.735 [LittleProxy-ProxyToServerWorker-7] DEBUG o.l.p.impl.ClientToProxyConnection - (AWAITING_INITIAL) [id: 0x4dc93f85, /127.0.0.1:54147 => /127.0.1.1:45224]: Retaining reference counted message
11:39:50.735 [LittleProxy-ProxyToServerWorker-7] DEBUG o.l.p.impl.ClientToProxyConnection - (AWAITING_INITIAL) [id: 0x4dc93f85, /127.0.0.1:54147 => /127.0.1.1:45224]: Writing: EmptyByteBufBE
11:39:50.735 [LittleProxy-ProxyToServerWorker-7] DEBUG o.l.p.impl.ClientToProxyConnection - (AWAITING_INITIAL) [id: 0x4dc93f85, /127.0.0.1:54147 => /127.0.1.1:45224]: Wrote: EmptyByteBufBE
11:39:50.735 [LittleProxy-ProxyToServerWorker-7] DEBUG o.l.p.impl.ClientToProxyConnection - (AWAITING_INITIAL) [id: 0x4dc93f85, /127.0.0.1:54147 => /127.0.1.1:45224]: Handling last chunk. Using normal server connection closing rules.
11:39:50.735 [LittleProxy-ProxyToServerWorker-7] DEBUG o.l.p.impl.ClientToProxyConnection - (AWAITING_INITIAL) [id: 0x4dc93f85, /127.0.0.1:54147 => /127.0.1.1:45224]: Not closing server connection for response: DefaultHttpResponse(decodeResult: success, version: HTTP/1.1)
HTTP/1.1 200 OK
Accept-Ranges: bytes
Date: Tue, 08 Sep 2015 10:39:50 GMT
Cache-Control: public, max-age=0
Last-Modified: Tue, 16 Jun 2015 14:10:38 GMT
ETag: W/"1duUslUa4qkFJ/e0Tx6DgQ=="
Content-Type: application/javascript
Content-Length: 26833
Connection: keep-alive
11:39:50.735 [LittleProxy-ProxyToServerWorker-7] DEBUG o.l.p.impl.ClientToProxyConnection - (AWAITING_INITIAL) [id: 0x4dc93f85, /127.0.0.1:54147 => /127.0.1.1:45224]: Handling last chunk. Using normal client connection closing rules.
11:39:50.736 [LittleProxy-ProxyToServerWorker-7] DEBUG o.l.p.impl.ClientToProxyConnection - (AWAITING_INITIAL) [id: 0x4dc93f85, /127.0.0.1:54147 => /127.0.1.1:45224]: Not closing client connection for request: [FAILED toString()]
11:39:50.737 [LittleProxy-ClientToProxyWorker-3] DEBUG o.l.p.impl.ClientToProxyConnection - (AWAITING_INITIAL) [id: 0x4dc93f85, /127.0.0.1:54147 => /127.0.1.1:45224]: Reading: HttpObjectAggregator$AggregatedFullHttpRequest(decodeResult: success, version: HTTP/1.1, content: CompositeByteBuf(ridx: 0, widx: 0, cap: 0, components=0))
GET http://localhost:9000/bower_components/jquery-ui/themes/base/dialog.css HTTP/1.1
Host: localhost:9000
Proxy-Connection: keep-alive
Accept: text/css,*/*;q=0.1
User-Agent: Mozilla/5.0 (X11; Linux x86_64) AppleWebKit/537.36 (KHTML, like Gecko) Chrome/44.0.2403.130 Safari/537.36
Referer: http://localhost:9000/
Accept-Encoding: gzip, deflate, sdch
Accept-Language: en-GB,en-US;q=0.8,en;q=0.6
Content-Length: 0
11:39:50.737 [LittleProxy-ClientToProxyWorker-3] DEBUG o.l.p.impl.ClientToProxyConnection - (AWAITING_INITIAL) [id: 0x4dc93f85, /127.0.0.1:54147 => /127.0.1.1:45224]: Got request: HttpObjectAggregator$AggregatedFullHttpRequest(decodeResult: success, version: HTTP/1.1, content: CompositeByteBuf(ridx: 0, widx: 0, cap: 0, components=0))
GET http://localhost:9000/bower_components/jquery-ui/themes/base/dialog.css HTTP/1.1
Host: localhost:9000
Proxy-Connection: keep-alive
Accept: text/css,*/*;q=0.1
User-Agent: Mozilla/5.0 (X11; Linux x86_64) AppleWebKit/537.36 (KHTML, like Gecko) Chrome/44.0.2403.130 Safari/537.36
Referer: http://localhost:9000/
Accept-Encoding: gzip, deflate, sdch
Accept-Language: en-GB,en-US;q=0.8,en;q=0.6
Content-Length: 0
11:39:50.737 [LittleProxy-ClientToProxyWorker-3] DEBUG o.l.p.impl.ClientToProxyConnection - (AWAITING_INITIAL) [id: 0x4dc93f85, /127.0.0.1:54147 => /127.0.1.1:45224]: Ensuring that hostAndPort are available in http://localhost:9000/bower_components/jquery-ui/themes/base/dialog.css
11:39:50.737 [LittleProxy-ClientToProxyWorker-3] DEBUG o.l.p.impl.ClientToProxyConnection - (AWAITING_INITIAL) [id: 0x4dc93f85, /127.0.0.1:54147 => /127.0.1.1:45224]: Finding ProxyToServerConnection for: localhost:9000
11:39:50.737 [LittleProxy-ClientToProxyWorker-3] DEBUG o.l.p.impl.ClientToProxyConnection - (AWAITING_INITIAL) [id: 0x4dc93f85, /127.0.0.1:54147 => /127.0.1.1:45224]: Reusing existing server connection: org.littleshoot.proxy.impl.ProxyToServerConnection@2cc0768d
11:39:50.737 [LittleProxy-ClientToProxyWorker-3] DEBUG o.l.p.impl.ClientToProxyConnection - (AWAITING_INITIAL) [id: 0x4dc93f85, /127.0.0.1:54147 => /127.0.1.1:45224]: Modifying request headers for proxying
11:39:50.737 [LittleProxy-ClientToProxyWorker-3] DEBUG o.l.p.impl.ClientToProxyConnection - (AWAITING_INITIAL) [id: 0x4dc93f85, /127.0.0.1:54147 => /127.0.1.1:45224]: Modifying request for proxy chaining
11:39:50.737 [LittleProxy-ClientToProxyWorker-3] DEBUG o.l.p.impl.ClientToProxyConnection - (AWAITING_INITIAL) [id: 0x4dc93f85, /127.0.0.1:54147 => /127.0.1.1:45224]: Stripped host from uri: http://localhost:9000/bower_components/jquery-ui/themes/base/dialog.css    yielding: /bower_components/jquery-ui/themes/base/dialog.css
11:39:50.737 [LittleProxy-ClientToProxyWorker-3] DEBUG o.l.p.impl.ClientToProxyConnection - (AWAITING_INITIAL) [id: 0x4dc93f85, /127.0.0.1:54147 => /127.0.1.1:45224]: Removed sdch and inserted: gzip, deflate, 
11:39:50.737 [LittleProxy-ClientToProxyWorker-3] DEBUG o.l.p.impl.ClientToProxyConnection - (AWAITING_INITIAL) [id: 0x4dc93f85, /127.0.0.1:54147 => /127.0.1.1:45224]: Writing request to ProxyToServerConnection
11:39:50.737 [LittleProxy-ClientToProxyWorker-3] DEBUG o.l.p.impl.ProxyToServerConnection - (AWAITING_INITIAL) [id: 0x700df78a, /127.0.0.1:35283 => localhost/127.0.0.1:9000]: Requested write of HttpObjectAggregator$AggregatedFullHttpRequest(decodeResult: success, version: HTTP/1.1, content: CompositeByteBuf(ridx: 0, widx: 0, cap: 0, components=0))
GET /bower_components/jquery-ui/themes/base/dialog.css HTTP/1.1
Host: localhost:9000
Accept: text/css,*/*;q=0.1
User-Agent: Mozilla/5.0 (X11; Linux x86_64) AppleWebKit/537.36 (KHTML, like Gecko) Chrome/44.0.2403.130 Safari/537.36
Referer: http://localhost:9000/
Accept-Language: en-GB,en-US;q=0.8,en;q=0.6
Content-Length: 0
Accept-Encoding: gzip, deflate, 
Via: 1.1 localhost.localdomain
11:39:50.737 [LittleProxy-ClientToProxyWorker-3] DEBUG o.l.p.impl.ProxyToServerConnection - (AWAITING_INITIAL) [id: 0x700df78a, /127.0.0.1:35283 => localhost/127.0.0.1:9000]: Retaining reference counted message
11:39:50.737 [LittleProxy-ClientToProxyWorker-3] DEBUG o.l.p.impl.ProxyToServerConnection - (AWAITING_INITIAL) [id: 0x700df78a, /127.0.0.1:35283 => localhost/127.0.0.1:9000]: Using existing connection to: localhost/127.0.0.1:9000
11:39:50.737 [LittleProxy-ClientToProxyWorker-3] DEBUG o.l.p.impl.ProxyToServerConnection - (AWAITING_INITIAL) [id: 0x700df78a, /127.0.0.1:35283 => localhost/127.0.0.1:9000]: Writing: HttpObjectAggregator$AggregatedFullHttpRequest(decodeResult: success, version: HTTP/1.1, content: CompositeByteBuf(ridx: 0, widx: 0, cap: 0, components=0))
GET /bower_components/jquery-ui/themes/base/dialog.css HTTP/1.1
Host: localhost:9000
Accept: text/css,*/*;q=0.1
User-Agent: Mozilla/5.0 (X11; Linux x86_64) AppleWebKit/537.36 (KHTML, like Gecko) Chrome/44.0.2403.130 Safari/537.36
Referer: http://localhost:9000/
Accept-Language: en-GB,en-US;q=0.8,en;q=0.6
Content-Length: 0
Accept-Encoding: gzip, deflate, 
Via: 1.1 localhost.localdomain
11:39:50.737 [LittleProxy-ClientToProxyWorker-3] DEBUG o.l.p.impl.ProxyToServerConnection - (AWAITING_INITIAL) [id: 0x700df78a, /127.0.0.1:35283 => localhost/127.0.0.1:9000]: Writing an empty buffer to signal the end of our chunked transfer
11:39:50.738 [LittleProxy-ClientToProxyWorker-3] DEBUG o.l.p.impl.ProxyToServerConnection - (AWAITING_INITIAL) [id: 0x700df78a, /127.0.0.1:35283 => localhost/127.0.0.1:9000]: Wrote: HttpObjectAggregator$AggregatedFullHttpRequest(decodeResult: success, version: HTTP/1.1, content: CompositeByteBuf(ridx: 0, widx: 0, cap: 0, components=0))
GET /bower_components/jquery-ui/themes/base/dialog.css HTTP/1.1
Host: localhost:9000
Accept: text/css,*/*;q=0.1
User-Agent: Mozilla/5.0 (X11; Linux x86_64) AppleWebKit/537.36 (KHTML, like Gecko) Chrome/44.0.2403.130 Safari/537.36
Referer: http://localhost:9000/
Accept-Language: en-GB,en-US;q=0.8,en;q=0.6
Content-Length: 0
Accept-Encoding: gzip, deflate, 
Via: 1.1 localhost.localdomain
11:39:50.741 [LittleProxy-ProxyToServerWorker-7] DEBUG o.l.p.impl.ProxyToServerConnection - (AWAITING_INITIAL) [id: 0x700df78a, /127.0.0.1:35283 => localhost/127.0.0.1:9000]: Remembering the current request.
11:39:50.742 [LittleProxy-ProxyToServerWorker-7] DEBUG o.l.p.impl.ProxyToServerConnection - (AWAITING_INITIAL) [id: 0x700df78a, /127.0.0.1:35283 => localhost/127.0.0.1:9000]: Reading: DefaultHttpResponse(decodeResult: success, version: HTTP/1.1)
HTTP/1.1 200 OK
Accept-Ranges: bytes
Date: Tue, 08 Sep 2015 10:39:50 GMT
Cache-Control: public, max-age=0
Last-Modified: Fri, 17 Oct 2014 06:40:12 GMT
ETag: W/"iC7mWvsAHnaBPpKZerNOYQ=="
Content-Type: text/css; charset=UTF-8
Content-Length: 1322
Connection: keep-alive
11:39:50.742 [LittleProxy-ProxyToServerWorker-7] DEBUG o.l.p.impl.ProxyToServerConnection - (AWAITING_INITIAL) [id: 0x700df78a, /127.0.0.1:35283 => localhost/127.0.0.1:9000]: Received raw response: DefaultHttpResponse(decodeResult: success, version: HTTP/1.1)
HTTP/1.1 200 OK
Accept-Ranges: bytes
Date: Tue, 08 Sep 2015 10:39:50 GMT
Cache-Control: public, max-age=0
Last-Modified: Fri, 17 Oct 2014 06:40:12 GMT
ETag: W/"iC7mWvsAHnaBPpKZerNOYQ=="
Content-Type: text/css; charset=UTF-8
Content-Length: 1322
Connection: keep-alive
11:39:50.742 [LittleProxy-ProxyToServerWorker-7] DEBUG o.l.p.impl.ProxyToServerConnection - (AWAITING_INITIAL) [id: 0x700df78a, /127.0.0.1:35283 => localhost/127.0.0.1:9000]: Remembering the current response.
11:39:50.742 [LittleProxy-ProxyToServerWorker-7] DEBUG o.l.p.impl.ClientToProxyConnection - (AWAITING_INITIAL) [id: 0x4dc93f85, /127.0.0.1:54147 => /127.0.1.1:45224]: Writing: DefaultHttpResponse(decodeResult: success, version: HTTP/1.1)
HTTP/1.1 200 OK
Accept-Ranges: bytes
Date: Tue, 08 Sep 2015 10:39:50 GMT
Cache-Control: public, max-age=0
Last-Modified: Fri, 17 Oct 2014 06:40:12 GMT
ETag: W/"iC7mWvsAHnaBPpKZerNOYQ=="
Content-Type: text/css; charset=UTF-8
Content-Length: 1322
Via: 1.1 localhost.localdomain
11:39:50.742 [LittleProxy-ProxyToServerWorker-7] DEBUG o.l.p.impl.ClientToProxyConnection - (AWAITING_INITIAL) [id: 0x4dc93f85, /127.0.0.1:54147 => /127.0.1.1:45224]: Wrote: DefaultHttpResponse(decodeResult: success, version: HTTP/1.1)
HTTP/1.1 200 OK
Accept-Ranges: bytes
Date: Tue, 08 Sep 2015 10:39:50 GMT
Cache-Control: public, max-age=0
Last-Modified: Fri, 17 Oct 2014 06:40:12 GMT
ETag: W/"iC7mWvsAHnaBPpKZerNOYQ=="
Content-Type: text/css; charset=UTF-8
Content-Length: 1322
Via: 1.1 localhost.localdomain
11:39:50.742 [LittleProxy-ProxyToServerWorker-7] DEBUG o.l.p.impl.ClientToProxyConnection - (AWAITING_INITIAL) [id: 0x4dc93f85, /127.0.0.1:54147 => /127.0.1.1:45224]: Not closing server connection on middle chunk for /bower_components/jquery-ui/themes/base/dialog.css
11:39:50.742 [LittleProxy-ProxyToServerWorker-7] DEBUG o.l.p.impl.ClientToProxyConnection - (AWAITING_INITIAL) [id: 0x4dc93f85, /127.0.0.1:54147 => /127.0.1.1:45224]: Not closing client connection on middle chunk for /bower_components/jquery-ui/themes/base/dialog.css
11:39:50.744 [LittleProxy-ProxyToServerWorker-5] DEBUG o.l.p.impl.ProxyToServerConnection - (AWAITING_CHUNK) [id: 0x97bd59d1, /127.0.0.1:35281 => localhost/127.0.0.1:9000]: Reading: DefaultLastHttpContent(data: SlicedByteBuf(ridx: 0, widx: 2714, cap: 2714/2714, unwrapped: UnpooledUnsafeDirectByteBuf(ridx: 2714, widx: 2714, cap: 65536)), decoderResult: success)
11:39:50.744 [LittleProxy-ProxyToServerWorker-5] DEBUG o.l.p.impl.ClientToProxyConnection - (AWAITING_INITIAL) [id: 0xa74abe3b, /127.0.0.1:54151 => /127.0.1.1:45224]: Retaining reference counted message
11:39:50.744 [LittleProxy-ProxyToServerWorker-5] DEBUG o.l.p.impl.ClientToProxyConnection - (AWAITING_INITIAL) [id: 0xa74abe3b, /127.0.0.1:54151 => /127.0.1.1:45224]: Writing: DefaultLastHttpContent(data: SlicedByteBuf(ridx: 0, widx: 2714, cap: 2714/2714, unwrapped: UnpooledUnsafeDirectByteBuf(ridx: 2714, widx: 2714, cap: 65536)), decoderResult: success)
11:39:50.744 [LittleProxy-ProxyToServerWorker-5] DEBUG o.l.p.impl.ClientToProxyConnection - (AWAITING_INITIAL) [id: 0xa74abe3b, /127.0.0.1:54151 => /127.0.1.1:45224]: Writing an empty buffer to signal the end of our chunked transfer
11:39:50.744 [LittleProxy-ProxyToServerWorker-5] DEBUG o.l.p.impl.ClientToProxyConnection - (AWAITING_INITIAL) [id: 0xa74abe3b, /127.0.0.1:54151 => /127.0.1.1:45224]: Wrote: DefaultLastHttpContent(data: SlicedByteBuf(ridx: 0, widx: 2714, cap: 2714/2714, unwrapped: UnpooledUnsafeDirectByteBuf(ridx: 2714, widx: 2714, cap: 65536)), decoderResult: success)
11:39:50.745 [LittleProxy-ProxyToServerWorker-5] DEBUG o.l.p.impl.ClientToProxyConnection - (AWAITING_INITIAL) [id: 0xa74abe3b, /127.0.0.1:54151 => /127.0.1.1:45224]: Retaining reference counted message
11:39:50.745 [LittleProxy-ProxyToServerWorker-5] DEBUG o.l.p.impl.ClientToProxyConnection - (AWAITING_INITIAL) [id: 0xa74abe3b, /127.0.0.1:54151 => /127.0.1.1:45224]: Writing: EmptyByteBufBE
11:39:50.745 [LittleProxy-ProxyToServerWorker-5] DEBUG o.l.p.impl.ClientToProxyConnection - (AWAITING_INITIAL) [id: 0xa74abe3b, /127.0.0.1:54151 => /127.0.1.1:45224]: Wrote: EmptyByteBufBE
11:39:50.745 [LittleProxy-ProxyToServerWorker-5] DEBUG o.l.p.impl.ClientToProxyConnection - (AWAITING_INITIAL) [id: 0xa74abe3b, /127.0.0.1:54151 => /127.0.1.1:45224]: Handling last chunk. Using normal server connection closing rules.
11:39:50.745 [LittleProxy-ProxyToServerWorker-5] DEBUG o.l.p.impl.ClientToProxyConnection - (AWAITING_INITIAL) [id: 0xa74abe3b, /127.0.0.1:54151 => /127.0.1.1:45224]: Not closing server connection for response: DefaultHttpResponse(decodeResult: success, version: HTTP/1.1)
HTTP/1.1 200 OK
Accept-Ranges: bytes
Date: Tue, 08 Sep 2015 10:39:50 GMT
Cache-Control: public, max-age=0
Last-Modified: Tue, 16 Jun 2015 14:10:38 GMT
ETag: W/"Iw9MW/sVSksRG/v+cHZAYA=="
Content-Type: application/javascript
Content-Length: 133786
Connection: keep-alive
11:39:50.745 [LittleProxy-ProxyToServerWorker-5] DEBUG o.l.p.impl.ClientToProxyConnection - (AWAITING_INITIAL) [id: 0xa74abe3b, /127.0.0.1:54151 => /127.0.1.1:45224]: Handling last chunk. Using normal client connection closing rules.
11:39:50.745 [LittleProxy-ProxyToServerWorker-5] DEBUG o.l.p.impl.ClientToProxyConnection - (AWAITING_INITIAL) [id: 0xa74abe3b, /127.0.0.1:54151 => /127.0.1.1:45224]: Not closing client connection for request: [FAILED toString()]
11:39:50.745 [LittleProxy-ClientToProxyWorker-7] DEBUG o.l.p.impl.ClientToProxyConnection - (AWAITING_INITIAL) [id: 0xa74abe3b, /127.0.0.1:54151 => /127.0.1.1:45224]: Reading: HttpObjectAggregator$AggregatedFullHttpRequest(decodeResult: success, version: HTTP/1.1, content: CompositeByteBuf(ridx: 0, widx: 0, cap: 0, components=0))
GET http://localhost:9000/bower_components/jquery-ui/themes/base/draggable.css HTTP/1.1
Host: localhost:9000
Proxy-Connection: keep-alive
Accept: text/css,*/*;q=0.1
User-Agent: Mozilla/5.0 (X11; Linux x86_64) AppleWebKit/537.36 (KHTML, like Gecko) Chrome/44.0.2403.130 Safari/537.36
Referer: http://localhost:9000/
Accept-Encoding: gzip, deflate, sdch
Accept-Language: en-GB,en-US;q=0.8,en;q=0.6
Content-Length: 0
11:39:50.745 [LittleProxy-ClientToProxyWorker-7] DEBUG o.l.p.impl.ClientToProxyConnection - (AWAITING_INITIAL) [id: 0xa74abe3b, /127.0.0.1:54151 => /127.0.1.1:45224]: Got request: HttpObjectAggregator$AggregatedFullHttpRequest(decodeResult: success, version: HTTP/1.1, content: CompositeByteBuf(ridx: 0, widx: 0, cap: 0, components=0))
GET http://localhost:9000/bower_components/jquery-ui/themes/base/draggable.css HTTP/1.1
Host: localhost:9000
Proxy-Connection: keep-alive
Accept: text/css,*/*;q=0.1
User-Agent: Mozilla/5.0 (X11; Linux x86_64) AppleWebKit/537.36 (KHTML, like Gecko) Chrome/44.0.2403.130 Safari/537.36
Referer: http://localhost:9000/
Accept-Encoding: gzip, deflate, sdch
Accept-Language: en-GB,en-US;q=0.8,en;q=0.6
Content-Length: 0
11:39:50.745 [LittleProxy-ClientToProxyWorker-7] DEBUG o.l.p.impl.ClientToProxyConnection - (AWAITING_INITIAL) [id: 0xa74abe3b, /127.0.0.1:54151 => /127.0.1.1:45224]: Ensuring that hostAndPort are available in http://localhost:9000/bower_components/jquery-ui/themes/base/draggable.css
11:39:50.745 [LittleProxy-ClientToProxyWorker-7] DEBUG o.l.p.impl.ClientToProxyConnection - (AWAITING_INITIAL) [id: 0xa74abe3b, /127.0.0.1:54151 => /127.0.1.1:45224]: Finding ProxyToServerConnection for: localhost:9000
11:39:50.746 [LittleProxy-ClientToProxyWorker-7] DEBUG o.l.p.impl.ClientToProxyConnection - (AWAITING_INITIAL) [id: 0xa74abe3b, /127.0.0.1:54151 => /127.0.1.1:45224]: Reusing existing server connection: org.littleshoot.proxy.impl.ProxyToServerConnection@55df2407
11:39:50.746 [LittleProxy-ClientToProxyWorker-7] DEBUG o.l.p.impl.ClientToProxyConnection - (AWAITING_INITIAL) [id: 0xa74abe3b, /127.0.0.1:54151 => /127.0.1.1:45224]: Modifying request headers for proxying
11:39:50.746 [LittleProxy-ClientToProxyWorker-7] DEBUG o.l.p.impl.ClientToProxyConnection - (AWAITING_INITIAL) [id: 0xa74abe3b, /127.0.0.1:54151 => /127.0.1.1:45224]: Modifying request for proxy chaining
11:39:50.746 [LittleProxy-ClientToProxyWorker-7] DEBUG o.l.p.impl.ClientToProxyConnection - (AWAITING_INITIAL) [id: 0xa74abe3b, /127.0.0.1:54151 => /127.0.1.1:45224]: Stripped host from uri: http://localhost:9000/bower_components/jquery-ui/themes/base/draggable.css    yielding: /bower_components/jquery-ui/themes/base/draggable.css
11:39:50.746 [LittleProxy-ClientToProxyWorker-7] DEBUG o.l.p.impl.ClientToProxyConnection - (AWAITING_INITIAL) [id: 0xa74abe3b, /127.0.0.1:54151 => /127.0.1.1:45224]: Removed sdch and inserted: gzip, deflate, 
11:39:50.746 [LittleProxy-ClientToProxyWorker-7] DEBUG o.l.p.impl.ClientToProxyConnection - (AWAITING_INITIAL) [id: 0xa74abe3b, /127.0.0.1:54151 => /127.0.1.1:45224]: Writing request to ProxyToServerConnection
11:39:50.746 [LittleProxy-ClientToProxyWorker-7] DEBUG o.l.p.impl.ProxyToServerConnection - (AWAITING_INITIAL) [id: 0x97bd59d1, /127.0.0.1:35281 => localhost/127.0.0.1:9000]: Requested write of HttpObjectAggregator$AggregatedFullHttpRequest(decodeResult: success, version: HTTP/1.1, content: CompositeByteBuf(ridx: 0, widx: 0, cap: 0, components=0))
GET /bower_components/jquery-ui/themes/base/draggable.css HTTP/1.1
Host: localhost:9000
Accept: text/css,*/*;q=0.1
User-Agent: Mozilla/5.0 (X11; Linux x86_64) AppleWebKit/537.36 (KHTML, like Gecko) Chrome/44.0.2403.130 Safari/537.36
Referer: http://localhost:9000/
Accept-Language: en-GB,en-US;q=0.8,en;q=0.6
Content-Length: 0
Accept-Encoding: gzip, deflate, 
Via: 1.1 localhost.localdomain
11:39:50.746 [LittleProxy-ClientToProxyWorker-7] DEBUG o.l.p.impl.ProxyToServerConnection - (AWAITING_INITIAL) [id: 0x97bd59d1, /127.0.0.1:35281 => localhost/127.0.0.1:9000]: Retaining reference counted message
11:39:50.746 [LittleProxy-ClientToProxyWorker-7] DEBUG o.l.p.impl.ProxyToServerConnection - (AWAITING_INITIAL) [id: 0x97bd59d1, /127.0.0.1:35281 => localhost/127.0.0.1:9000]: Using existing connection to: localhost/127.0.0.1:9000
11:39:50.746 [LittleProxy-ClientToProxyWorker-7] DEBUG o.l.p.impl.ProxyToServerConnection - (AWAITING_INITIAL) [id: 0x97bd59d1, /127.0.0.1:35281 => localhost/127.0.0.1:9000]: Writing: HttpObjectAggregator$AggregatedFullHttpRequest(decodeResult: success, version: HTTP/1.1, content: CompositeByteBuf(ridx: 0, widx: 0, cap: 0, components=0))
GET /bower_components/jquery-ui/themes/base/draggable.css HTTP/1.1
Host: localhost:9000
Accept: text/css,*/*;q=0.1
User-Agent: Mozilla/5.0 (X11; Linux x86_64) AppleWebKit/537.36 (KHTML, like Gecko) Chrome/44.0.2403.130 Safari/537.36
Referer: http://localhost:9000/
Accept-Language: en-GB,en-US;q=0.8,en;q=0.6
Content-Length: 0
Accept-Encoding: gzip, deflate, 
Via: 1.1 localhost.localdomain
11:39:50.746 [LittleProxy-ClientToProxyWorker-7] DEBUG o.l.p.impl.ProxyToServerConnection - (AWAITING_INITIAL) [id: 0x97bd59d1, /127.0.0.1:35281 => localhost/127.0.0.1:9000]: Writing an empty buffer to signal the end of our chunked transfer
11:39:50.746 [LittleProxy-ClientToProxyWorker-7] DEBUG o.l.p.impl.ProxyToServerConnection - (AWAITING_INITIAL) [id: 0x97bd59d1, /127.0.0.1:35281 => localhost/127.0.0.1:9000]: Wrote: HttpObjectAggregator$AggregatedFullHttpRequest(decodeResult: success, version: HTTP/1.1, content: CompositeByteBuf(ridx: 0, widx: 0, cap: 0, components=0))
GET /bower_components/jquery-ui/themes/base/draggable.css HTTP/1.1
Host: localhost:9000
Accept: text/css,*/*;q=0.1
User-Agent: Mozilla/5.0 (X11; Linux x86_64) AppleWebKit/537.36 (KHTML, like Gecko) Chrome/44.0.2403.130 Safari/537.36
Referer: http://localhost:9000/
Accept-Language: en-GB,en-US;q=0.8,en;q=0.6
Content-Length: 0
Accept-Encoding: gzip, deflate, 
Via: 1.1 localhost.localdomain
11:39:50.748 [LittleProxy-ProxyToServerWorker-5] DEBUG o.l.p.impl.ProxyToServerConnection - (AWAITING_INITIAL) [id: 0x97bd59d1, /127.0.0.1:35281 => localhost/127.0.0.1:9000]: Remembering the current request.
11:39:50.748 [LittleProxy-ProxyToServerWorker-5] DEBUG o.l.p.impl.ProxyToServerConnection - (AWAITING_INITIAL) [id: 0x97bd59d1, /127.0.0.1:35281 => localhost/127.0.0.1:9000]: Reading: DefaultHttpResponse(decodeResult: success, version: HTTP/1.1)
HTTP/1.1 200 OK
Accept-Ranges: bytes
Date: Tue, 08 Sep 2015 10:39:50 GMT
Cache-Control: public, max-age=0
Last-Modified: Fri, 17 Oct 2014 06:40:12 GMT
ETag: W/"GexIZ2n2ZiqoIslgNU+89Q=="
Content-Type: text/css; charset=UTF-8
Content-Length: 258
Connection: keep-alive
11:39:50.748 [LittleProxy-ProxyToServerWorker-5] DEBUG o.l.p.impl.ProxyToServerConnection - (AWAITING_INITIAL) [id: 0x97bd59d1, /127.0.0.1:35281 => localhost/127.0.0.1:9000]: Received raw response: DefaultHttpResponse(decodeResult: success, version: HTTP/1.1)
HTTP/1.1 200 OK
Accept-Ranges: bytes
Date: Tue, 08 Sep 2015 10:39:50 GMT
Cache-Control: public, max-age=0
Last-Modified: Fri, 17 Oct 2014 06:40:12 GMT
ETag: W/"GexIZ2n2ZiqoIslgNU+89Q=="
Content-Type: text/css; charset=UTF-8
Content-Length: 258
Connection: keep-alive
11:39:50.748 [LittleProxy-ProxyToServerWorker-5] DEBUG o.l.p.impl.ProxyToServerConnection - (AWAITING_INITIAL) [id: 0x97bd59d1, /127.0.0.1:35281 => localhost/127.0.0.1:9000]: Remembering the current response.
11:39:50.748 [LittleProxy-ProxyToServerWorker-5] DEBUG o.l.p.impl.ClientToProxyConnection - (AWAITING_INITIAL) [id: 0xa74abe3b, /127.0.0.1:54151 => /127.0.1.1:45224]: Writing: DefaultHttpResponse(decodeResult: success, version: HTTP/1.1)
HTTP/1.1 200 OK
Accept-Ranges: bytes
Date: Tue, 08 Sep 2015 10:39:50 GMT
Cache-Control: public, max-age=0
Last-Modified: Fri, 17 Oct 2014 06:40:12 GMT
ETag: W/"GexIZ2n2ZiqoIslgNU+89Q=="
Content-Type: text/css; charset=UTF-8
Content-Length: 258
Via: 1.1 localhost.localdomain
11:39:50.748 [LittleProxy-ProxyToServerWorker-5] DEBUG o.l.p.impl.ClientToProxyConnection - (AWAITING_INITIAL) [id: 0xa74abe3b, /127.0.0.1:54151 => /127.0.1.1:45224]: Wrote: DefaultHttpResponse(decodeResult: success, version: HTTP/1.1)
HTTP/1.1 200 OK
Accept-Ranges: bytes
Date: Tue, 08 Sep 2015 10:39:50 GMT
Cache-Control: public, max-age=0
Last-Modified: Fri, 17 Oct 2014 06:40:12 GMT
ETag: W/"GexIZ2n2ZiqoIslgNU+89Q=="
Content-Type: text/css; charset=UTF-8
Content-Length: 258
Via: 1.1 localhost.localdomain
11:39:50.748 [LittleProxy-ProxyToServerWorker-5] DEBUG o.l.p.impl.ClientToProxyConnection - (AWAITING_INITIAL) [id: 0xa74abe3b, /127.0.0.1:54151 => /127.0.1.1:45224]: Not closing server connection on middle chunk for /bower_components/jquery-ui/themes/base/draggable.css
11:39:50.748 [LittleProxy-ProxyToServerWorker-5] DEBUG o.l.p.impl.ClientToProxyConnection - (AWAITING_INITIAL) [id: 0xa74abe3b, /127.0.0.1:54151 => /127.0.1.1:45224]: Not closing client connection on middle chunk for /bower_components/jquery-ui/themes/base/draggable.css
11:39:50.767 [LittleProxy-ProxyToServerWorker-6] DEBUG o.l.p.impl.ProxyToServerConnection - (AWAITING_CHUNK) [id: 0x15efad94, /127.0.0.1:35282 => localhost/127.0.0.1:9000]: Reading: DefaultLastHttpContent(data: SlicedByteBuf(ridx: 0, widx: 321, cap: 321/321, unwrapped: UnpooledUnsafeDirectByteBuf(ridx: 321, widx: 321, cap: 16384)), decoderResult: success)
11:39:50.767 [LittleProxy-ProxyToServerWorker-3] DEBUG o.l.p.impl.ProxyToServerConnection - (AWAITING_CHUNK) [id: 0xceaab001, /127.0.0.1:35280 => localhost/127.0.0.1:9000]: Reading: DefaultLastHttpContent(data: SlicedByteBuf(ridx: 0, widx: 2540, cap: 2540/2540, unwrapped: UnpooledUnsafeDirectByteBuf(ridx: 2540, widx: 2540, cap: 65536)), decoderResult: success)
11:39:50.767 [LittleProxy-ProxyToServerWorker-6] DEBUG o.l.p.impl.ClientToProxyConnection - (AWAITING_INITIAL) [id: 0x87242349, /127.0.0.1:54149 => /127.0.1.1:45224]: Retaining reference counted message
11:39:50.767 [LittleProxy-ProxyToServerWorker-3] DEBUG o.l.p.impl.ClientToProxyConnection - (AWAITING_INITIAL) [id: 0x16fa54b8, /127.0.0.1:54150 => /127.0.1.1:45224]: Retaining reference counted message
11:39:50.767 [LittleProxy-ProxyToServerWorker-6] DEBUG o.l.p.impl.ClientToProxyConnection - (AWAITING_INITIAL) [id: 0x87242349, /127.0.0.1:54149 => /127.0.1.1:45224]: Writing: DefaultLastHttpContent(data: SlicedByteBuf(ridx: 0, widx: 321, cap: 321/321, unwrapped: UnpooledUnsafeDirectByteBuf(ridx: 321, widx: 321, cap: 16384)), decoderResult: success)
11:39:50.767 [LittleProxy-ProxyToServerWorker-3] DEBUG o.l.p.impl.ClientToProxyConnection - (AWAITING_INITIAL) [id: 0x16fa54b8, /127.0.0.1:54150 => /127.0.1.1:45224]: Writing: DefaultLastHttpContent(data: SlicedByteBuf(ridx: 0, widx: 2540, cap: 2540/2540, unwrapped: UnpooledUnsafeDirectByteBuf(ridx: 2540, widx: 2540, cap: 65536)), decoderResult: success)
11:39:50.767 [LittleProxy-ProxyToServerWorker-6] DEBUG o.l.p.impl.ClientToProxyConnection - (AWAITING_INITIAL) [id: 0x87242349, /127.0.0.1:54149 => /127.0.1.1:45224]: Writing an empty buffer to signal the end of our chunked transfer
11:39:50.767 [LittleProxy-ProxyToServerWorker-3] DEBUG o.l.p.impl.ClientToProxyConnection - (AWAITING_INITIAL) [id: 0x16fa54b8, /127.0.0.1:54150 => /127.0.1.1:45224]: Writing an empty buffer to signal the end of our chunked transfer
11:39:50.767 [LittleProxy-ProxyToServerWorker-6] DEBUG o.l.p.impl.ClientToProxyConnection - (AWAITING_INITIAL) [id: 0x87242349, /127.0.0.1:54149 => /127.0.1.1:45224]: Wrote: DefaultLastHttpContent(data: SlicedByteBuf(ridx: 0, widx: 321, cap: 321/321, unwrapped: UnpooledUnsafeDirectByteBuf(ridx: 321, widx: 321, cap: 16384)), decoderResult: success)
11:39:50.767 [LittleProxy-ProxyToServerWorker-3] DEBUG o.l.p.impl.ClientToProxyConnection - (AWAITING_INITIAL) [id: 0x16fa54b8, /127.0.0.1:54150 => /127.0.1.1:45224]: Wrote: DefaultLastHttpContent(data: SlicedByteBuf(ridx: 0, widx: 2540, cap: 2540/2540, unwrapped: UnpooledUnsafeDirectByteBuf(ridx: 2540, widx: 2540, cap: 65536)), decoderResult: success)
11:39:50.767 [LittleProxy-ProxyToServerWorker-6] DEBUG o.l.p.impl.ClientToProxyConnection - (AWAITING_INITIAL) [id: 0x87242349, /127.0.0.1:54149 => /127.0.1.1:45224]: Retaining reference counted message
11:39:50.767 [LittleProxy-ProxyToServerWorker-3] DEBUG o.l.p.impl.ClientToProxyConnection - (AWAITING_INITIAL) [id: 0x16fa54b8, /127.0.0.1:54150 => /127.0.1.1:45224]: Retaining reference counted message
11:39:50.768 [LittleProxy-ProxyToServerWorker-6] DEBUG o.l.p.impl.ClientToProxyConnection - (AWAITING_INITIAL) [id: 0x87242349, /127.0.0.1:54149 => /127.0.1.1:45224]: Writing: EmptyByteBufBE
11:39:50.768 [LittleProxy-ProxyToServerWorker-3] DEBUG o.l.p.impl.ClientToProxyConnection - (AWAITING_INITIAL) [id: 0x16fa54b8, /127.0.0.1:54150 => /127.0.1.1:45224]: Writing: EmptyByteBufBE
11:39:50.768 [LittleProxy-ProxyToServerWorker-6] DEBUG o.l.p.impl.ClientToProxyConnection - (AWAITING_INITIAL) [id: 0x87242349, /127.0.0.1:54149 => /127.0.1.1:45224]: Wrote: EmptyByteBufBE
11:39:50.768 [LittleProxy-ProxyToServerWorker-3] DEBUG o.l.p.impl.ClientToProxyConnection - (AWAITING_INITIAL) [id: 0x16fa54b8, /127.0.0.1:54150 => /127.0.1.1:45224]: Wrote: EmptyByteBufBE
11:39:50.768 [LittleProxy-ProxyToServerWorker-6] DEBUG o.l.p.impl.ClientToProxyConnection - (AWAITING_INITIAL) [id: 0x87242349, /127.0.0.1:54149 => /127.0.1.1:45224]: Handling last chunk. Using normal server connection closing rules.
11:39:50.768 [LittleProxy-ProxyToServerWorker-3] DEBUG o.l.p.impl.ClientToProxyConnection - (AWAITING_INITIAL) [id: 0x16fa54b8, /127.0.0.1:54150 => /127.0.1.1:45224]: Handling last chunk. Using normal server connection closing rules.
11:39:50.768 [LittleProxy-ProxyToServerWorker-6] DEBUG o.l.p.impl.ClientToProxyConnection - (AWAITING_INITIAL) [id: 0x87242349, /127.0.0.1:54149 => /127.0.1.1:45224]: Not closing server connection for response: DefaultHttpResponse(decodeResult: success, version: HTTP/1.1)
HTTP/1.1 200 OK
Accept-Ranges: bytes
Date: Tue, 08 Sep 2015 10:39:50 GMT
Cache-Control: public, max-age=0
Last-Modified: Fri, 17 Oct 2014 06:40:12 GMT
ETag: W/"nwi9RjgoVHB+/6O1nE6Fsg=="
Content-Type: text/css; charset=UTF-8
Content-Length: 321
Connection: keep-alive
11:39:50.768 [LittleProxy-ClientToProxyWorker-5] DEBUG o.l.p.impl.ClientToProxyConnection - (AWAITING_INITIAL) [id: 0x87242349, /127.0.0.1:54149 => /127.0.1.1:45224]: Reading: HttpObjectAggregator$AggregatedFullHttpRequest(decodeResult: success, version: HTTP/1.1, content: CompositeByteBuf(ridx: 0, widx: 0, cap: 0, components=0))
GET http://localhost:9000/bower_components/jquery-ui/themes/base/menu.css HTTP/1.1
Host: localhost:9000
Proxy-Connection: keep-alive
Accept: text/css,*/*;q=0.1
User-Agent: Mozilla/5.0 (X11; Linux x86_64) AppleWebKit/537.36 (KHTML, like Gecko) Chrome/44.0.2403.130 Safari/537.36
Referer: http://localhost:9000/
Accept-Encoding: gzip, deflate, sdch
Accept-Language: en-GB,en-US;q=0.8,en;q=0.6
Content-Length: 0
11:39:50.768 [LittleProxy-ClientToProxyWorker-6] DEBUG o.l.p.impl.ClientToProxyConnection - (AWAITING_INITIAL) [id: 0x16fa54b8, /127.0.0.1:54150 => /127.0.1.1:45224]: Reading: HttpObjectAggregator$AggregatedFullHttpRequest(decodeResult: success, version: HTTP/1.1, content: CompositeByteBuf(ridx: 0, widx: 0, cap: 0, components=0))
GET http://localhost:9000/bower_components/jquery-ui/themes/base/progressbar.css HTTP/1.1
Host: localhost:9000
Proxy-Connection: keep-alive
Accept: text/css,*/*;q=0.1
User-Agent: Mozilla/5.0 (X11; Linux x86_64) AppleWebKit/537.36 (KHTML, like Gecko) Chrome/44.0.2403.130 Safari/537.36
Referer: http://localhost:9000/
Accept-Encoding: gzip, deflate, sdch
Accept-Language: en-GB,en-US;q=0.8,en;q=0.6
Content-Length: 0
11:39:50.768 [LittleProxy-ProxyToServerWorker-3] DEBUG o.l.p.impl.ClientToProxyConnection - (AWAITING_INITIAL) [id: 0x16fa54b8, /127.0.0.1:54150 => /127.0.1.1:45224]: Not closing server connection for response: DefaultHttpResponse(decodeResult: success, version: HTTP/1.1)
HTTP/1.1 200 OK
Accept-Ranges: bytes
Date: Tue, 08 Sep 2015 10:39:50 GMT
Cache-Control: public, max-age=0
Last-Modified: Fri, 17 Oct 2014 06:40:12 GMT
ETag: W/"neZAFHRwTBcEATJ/5akrzg=="
Content-Type: text/css; charset=UTF-8
Content-Length: 2540
Connection: keep-alive
11:39:50.768 [LittleProxy-ProxyToServerWorker-6] DEBUG o.l.p.impl.ClientToProxyConnection - (AWAITING_INITIAL) [id: 0x87242349, /127.0.0.1:54149 => /127.0.1.1:45224]: Handling last chunk. Using normal client connection closing rules.
11:39:50.770 [LittleProxy-ClientToProxyWorker-5] DEBUG o.l.p.impl.ClientToProxyConnection - (AWAITING_INITIAL) [id: 0x87242349, /127.0.0.1:54149 => /127.0.1.1:45224]: Got request: HttpObjectAggregator$AggregatedFullHttpRequest(decodeResult: success, version: HTTP/1.1, content: CompositeByteBuf(ridx: 0, widx: 0, cap: 0, components=0))
GET http://localhost:9000/bower_components/jquery-ui/themes/base/menu.css HTTP/1.1
Host: localhost:9000
Proxy-Connection: keep-alive
Accept: text/css,*/*;q=0.1
User-Agent: Mozilla/5.0 (X11; Linux x86_64) AppleWebKit/537.36 (KHTML, like Gecko) Chrome/44.0.2403.130 Safari/537.36
Referer: http://localhost:9000/
Accept-Encoding: gzip, deflate, sdch
Accept-Language: en-GB,en-US;q=0.8,en;q=0.6
Content-Length: 0
11:39:50.770 [LittleProxy-ProxyToServerWorker-3] DEBUG o.l.p.impl.ClientToProxyConnection - (AWAITING_INITIAL) [id: 0x16fa54b8, /127.0.0.1:54150 => /127.0.1.1:45224]: Handling last chunk. Using normal client connection closing rules.
11:39:50.770 [LittleProxy-ClientToProxyWorker-6] DEBUG o.l.p.impl.ClientToProxyConnection - (AWAITING_INITIAL) [id: 0x16fa54b8, /127.0.0.1:54150 => /127.0.1.1:45224]: Got request: HttpObjectAggregator$AggregatedFullHttpRequest(decodeResult: success, version: HTTP/1.1, content: CompositeByteBuf(ridx: 0, widx: 0, cap: 0, components=0))
GET http://localhost:9000/bower_components/jquery-ui/themes/base/progressbar.css HTTP/1.1
Host: localhost:9000
Proxy-Connection: keep-alive
Accept: text/css,*/*;q=0.1
User-Agent: Mozilla/5.0 (X11; Linux x86_64) AppleWebKit/537.36 (KHTML, like Gecko) Chrome/44.0.2403.130 Safari/537.36
Referer: http://localhost:9000/
Accept-Encoding: gzip, deflate, sdch
Accept-Language: en-GB,en-US;q=0.8,en;q=0.6
Content-Length: 0
11:39:50.770 [LittleProxy-ClientToProxyWorker-5] DEBUG o.l.p.impl.ClientToProxyConnection - (AWAITING_INITIAL) [id: 0x87242349, /127.0.0.1:54149 => /127.0.1.1:45224]: Ensuring that hostAndPort are available in http://localhost:9000/bower_components/jquery-ui/themes/base/menu.css
11:39:50.770 [LittleProxy-ProxyToServerWorker-6] DEBUG o.l.p.impl.ClientToProxyConnection - (AWAITING_INITIAL) [id: 0x87242349, /127.0.0.1:54149 => /127.0.1.1:45224]: Not closing client connection for request: [FAILED toString()]
11:39:50.770 [LittleProxy-ClientToProxyWorker-5] DEBUG o.l.p.impl.ClientToProxyConnection - (AWAITING_INITIAL) [id: 0x87242349, /127.0.0.1:54149 => /127.0.1.1:45224]: Finding ProxyToServerConnection for: localhost:9000
11:39:50.770 [LittleProxy-ClientToProxyWorker-5] DEBUG o.l.p.impl.ClientToProxyConnection - (AWAITING_INITIAL) [id: 0x87242349, /127.0.0.1:54149 => /127.0.1.1:45224]: Reusing existing server connection: org.littleshoot.proxy.impl.ProxyToServerConnection@19d9ddb6
11:39:50.770 [LittleProxy-ClientToProxyWorker-5] DEBUG o.l.p.impl.ClientToProxyConnection - (AWAITING_INITIAL) [id: 0x87242349, /127.0.0.1:54149 => /127.0.1.1:45224]: Modifying request headers for proxying
11:39:50.770 [LittleProxy-ClientToProxyWorker-5] DEBUG o.l.p.impl.ClientToProxyConnection - (AWAITING_INITIAL) [id: 0x87242349, /127.0.0.1:54149 => /127.0.1.1:45224]: Modifying request for proxy chaining
11:39:50.770 [LittleProxy-ClientToProxyWorker-5] DEBUG o.l.p.impl.ClientToProxyConnection - (AWAITING_INITIAL) [id: 0x87242349, /127.0.0.1:54149 => /127.0.1.1:45224]: Stripped host from uri: http://localhost:9000/bower_components/jquery-ui/themes/base/menu.css    yielding: /bower_components/jquery-ui/themes/base/menu.css
11:39:50.770 [LittleProxy-ClientToProxyWorker-5] DEBUG o.l.p.impl.ClientToProxyConnection - (AWAITING_INITIAL) [id: 0x87242349, /127.0.0.1:54149 => /127.0.1.1:45224]: Removed sdch and inserted: gzip, deflate, 
11:39:50.770 [LittleProxy-ProxyToServerWorker-3] DEBUG o.l.p.impl.ClientToProxyConnection - (AWAITING_INITIAL) [id: 0x16fa54b8, /127.0.0.1:54150 => /127.0.1.1:45224]: Not closing client connection for request: [FAILED toString()]
11:39:50.770 [LittleProxy-ClientToProxyWorker-6] DEBUG o.l.p.impl.ClientToProxyConnection - (AWAITING_INITIAL) [id: 0x16fa54b8, /127.0.0.1:54150 => /127.0.1.1:45224]: Ensuring that hostAndPort are available in http://localhost:9000/bower_components/jquery-ui/themes/base/progressbar.css
11:39:50.770 [LittleProxy-ClientToProxyWorker-5] DEBUG o.l.p.impl.ClientToProxyConnection - (AWAITING_INITIAL) [id: 0x87242349, /127.0.0.1:54149 => /127.0.1.1:45224]: Writing request to ProxyToServerConnection
11:39:50.770 [LittleProxy-ClientToProxyWorker-6] DEBUG o.l.p.impl.ClientToProxyConnection - (AWAITING_INITIAL) [id: 0x16fa54b8, /127.0.0.1:54150 => /127.0.1.1:45224]: Finding ProxyToServerConnection for: localhost:9000
11:39:50.770 [LittleProxy-ClientToProxyWorker-6] DEBUG o.l.p.impl.ClientToProxyConnection - (AWAITING_INITIAL) [id: 0x16fa54b8, /127.0.0.1:54150 => /127.0.1.1:45224]: Reusing existing server connection: org.littleshoot.proxy.impl.ProxyToServerConnection@4072e2c4
11:39:50.770 [LittleProxy-ClientToProxyWorker-5] DEBUG o.l.p.impl.ProxyToServerConnection - (AWAITING_INITIAL) [id: 0x15efad94, /127.0.0.1:35282 => localhost/127.0.0.1:9000]: Requested write of HttpObjectAggregator$AggregatedFullHttpRequest(decodeResult: success, version: HTTP/1.1, content: CompositeByteBuf(ridx: 0, widx: 0, cap: 0, components=0))
GET /bower_components/jquery-ui/themes/base/menu.css HTTP/1.1
Host: localhost:9000
Accept: text/css,*/*;q=0.1
User-Agent: Mozilla/5.0 (X11; Linux x86_64) AppleWebKit/537.36 (KHTML, like Gecko) Chrome/44.0.2403.130 Safari/537.36
Referer: http://localhost:9000/
Accept-Language: en-GB,en-US;q=0.8,en;q=0.6
Content-Length: 0
Accept-Encoding: gzip, deflate, 
Via: 1.1 localhost.localdomain
11:39:50.770 [LittleProxy-ClientToProxyWorker-6] DEBUG o.l.p.impl.ClientToProxyConnection - (AWAITING_INITIAL) [id: 0x16fa54b8, /127.0.0.1:54150 => /127.0.1.1:45224]: Modifying request headers for proxying
11:39:50.770 [LittleProxy-ClientToProxyWorker-5] DEBUG o.l.p.impl.ProxyToServerConnection - (AWAITING_INITIAL) [id: 0x15efad94, /127.0.0.1:35282 => localhost/127.0.0.1:9000]: Retaining reference counted message
11:39:50.770 [LittleProxy-ClientToProxyWorker-6] DEBUG o.l.p.impl.ClientToProxyConnection - (AWAITING_INITIAL) [id: 0x16fa54b8, /127.0.0.1:54150 => /127.0.1.1:45224]: Modifying request for proxy chaining
11:39:50.771 [LittleProxy-ClientToProxyWorker-5] DEBUG o.l.p.impl.ProxyToServerConnection - (AWAITING_INITIAL) [id: 0x15efad94, /127.0.0.1:35282 => localhost/127.0.0.1:9000]: Using existing connection to: localhost/127.0.0.1:9000
11:39:50.771 [LittleProxy-ClientToProxyWorker-6] DEBUG o.l.p.impl.ClientToProxyConnection - (AWAITING_INITIAL) [id: 0x16fa54b8, /127.0.0.1:54150 => /127.0.1.1:45224]: Stripped host from uri: http://localhost:9000/bower_components/jquery-ui/themes/base/progressbar.css    yielding: /bower_components/jquery-ui/themes/base/progressbar.css
11:39:50.771 [LittleProxy-ClientToProxyWorker-5] DEBUG o.l.p.impl.ProxyToServerConnection - (AWAITING_INITIAL) [id: 0x15efad94, /127.0.0.1:35282 => localhost/127.0.0.1:9000]: Writing: HttpObjectAggregator$AggregatedFullHttpRequest(decodeResult: success, version: HTTP/1.1, content: CompositeByteBuf(ridx: 0, widx: 0, cap: 0, components=0))
GET /bower_components/jquery-ui/themes/base/menu.css HTTP/1.1
Host: localhost:9000
Accept: text/css,*/*;q=0.1
User-Agent: Mozilla/5.0 (X11; Linux x86_64) AppleWebKit/537.36 (KHTML, like Gecko) Chrome/44.0.2403.130 Safari/537.36
Referer: http://localhost:9000/
Accept-Language: en-GB,en-US;q=0.8,en;q=0.6
Content-Length: 0
Accept-Encoding: gzip, deflate, 
Via: 1.1 localhost.localdomain
11:39:50.771 [LittleProxy-ClientToProxyWorker-6] DEBUG o.l.p.impl.ClientToProxyConnection - (AWAITING_INITIAL) [id: 0x16fa54b8, /127.0.0.1:54150 => /127.0.1.1:45224]: Removed sdch and inserted: gzip, deflate, 
11:39:50.771 [LittleProxy-ClientToProxyWorker-5] DEBUG o.l.p.impl.ProxyToServerConnection - (AWAITING_INITIAL) [id: 0x15efad94, /127.0.0.1:35282 => localhost/127.0.0.1:9000]: Writing an empty buffer to signal the end of our chunked transfer
11:39:50.771 [LittleProxy-ClientToProxyWorker-6] DEBUG o.l.p.impl.ClientToProxyConnection - (AWAITING_INITIAL) [id: 0x16fa54b8, /127.0.0.1:54150 => /127.0.1.1:45224]: Writing request to ProxyToServerConnection
11:39:50.771 [LittleProxy-ClientToProxyWorker-6] DEBUG o.l.p.impl.ProxyToServerConnection - (AWAITING_INITIAL) [id: 0xceaab001, /127.0.0.1:35280 => localhost/127.0.0.1:9000]: Requested write of HttpObjectAggregator$AggregatedFullHttpRequest(decodeResult: success, version: HTTP/1.1, content: CompositeByteBuf(ridx: 0, widx: 0, cap: 0, components=0))
GET /bower_components/jquery-ui/themes/base/progressbar.css HTTP/1.1
Host: localhost:9000
Accept: text/css,*/*;q=0.1
User-Agent: Mozilla/5.0 (X11; Linux x86_64) AppleWebKit/537.36 (KHTML, like Gecko) Chrome/44.0.2403.130 Safari/537.36
Referer: http://localhost:9000/
Accept-Language: en-GB,en-US;q=0.8,en;q=0.6
Content-Length: 0
Accept-Encoding: gzip, deflate, 
Via: 1.1 localhost.localdomain
11:39:50.771 [LittleProxy-ClientToProxyWorker-6] DEBUG o.l.p.impl.ProxyToServerConnection - (AWAITING_INITIAL) [id: 0xceaab001, /127.0.0.1:35280 => localhost/127.0.0.1:9000]: Retaining reference counted message
11:39:50.771 [LittleProxy-ClientToProxyWorker-5] DEBUG o.l.p.impl.ProxyToServerConnection - (AWAITING_INITIAL) [id: 0x15efad94, /127.0.0.1:35282 => localhost/127.0.0.1:9000]: Wrote: HttpObjectAggregator$AggregatedFullHttpRequest(decodeResult: success, version: HTTP/1.1, content: CompositeByteBuf(ridx: 0, widx: 0, cap: 0, components=0))
GET /bower_components/jquery-ui/themes/base/menu.css HTTP/1.1
Host: localhost:9000
Accept: text/css,*/*;q=0.1
User-Agent: Mozilla/5.0 (X11; Linux x86_64) AppleWebKit/537.36 (KHTML, like Gecko) Chrome/44.0.2403.130 Safari/537.36
Referer: http://localhost:9000/
Accept-Language: en-GB,en-US;q=0.8,en;q=0.6
Content-Length: 0
Accept-Encoding: gzip, deflate, 
Via: 1.1 localhost.localdomain
11:39:50.771 [LittleProxy-ClientToProxyWorker-6] DEBUG o.l.p.impl.ProxyToServerConnection - (AWAITING_INITIAL) [id: 0xceaab001, /127.0.0.1:35280 => localhost/127.0.0.1:9000]: Using existing connection to: localhost/127.0.0.1:9000
11:39:50.771 [LittleProxy-ClientToProxyWorker-6] DEBUG o.l.p.impl.ProxyToServerConnection - (AWAITING_INITIAL) [id: 0xceaab001, /127.0.0.1:35280 => localhost/127.0.0.1:9000]: Writing: HttpObjectAggregator$AggregatedFullHttpRequest(decodeResult: success, version: HTTP/1.1, content: CompositeByteBuf(ridx: 0, widx: 0, cap: 0, components=0))
GET /bower_components/jquery-ui/themes/base/progressbar.css HTTP/1.1
Host: localhost:9000
Accept: text/css,*/*;q=0.1
User-Agent: Mozilla/5.0 (X11; Linux x86_64) AppleWebKit/537.36 (KHTML, like Gecko) Chrome/44.0.2403.130 Safari/537.36
Referer: http://localhost:9000/
Accept-Language: en-GB,en-US;q=0.8,en;q=0.6
Content-Length: 0
Accept-Encoding: gzip, deflate, 
Via: 1.1 localhost.localdomain
11:39:50.771 [LittleProxy-ClientToProxyWorker-6] DEBUG o.l.p.impl.ProxyToServerConnection - (AWAITING_INITIAL) [id: 0xceaab001, /127.0.0.1:35280 => localhost/127.0.0.1:9000]: Writing an empty buffer to signal the end of our chunked transfer
11:39:50.771 [LittleProxy-ProxyToServerWorker-2] DEBUG o.l.p.impl.ProxyToServerConnection - (AWAITING_CHUNK) [id: 0x9953b61f, /127.0.0.1:35274 => localhost/127.0.0.1:9000]: Reading: DefaultLastHttpContent(data: SlicedByteBuf(ridx: 0, widx: 3636, cap: 3636/3636, unwrapped: UnpooledUnsafeDirectByteBuf(ridx: 3636, widx: 3636, cap: 32768)), decoderResult: success)
11:39:50.771 [LittleProxy-ProxyToServerWorker-4] DEBUG o.l.p.impl.ProxyToServerConnection - (AWAITING_CHUNK) [id: 0xb51d3331, /127.0.0.1:35284 => localhost/127.0.0.1:9000]: Reading: DefaultLastHttpContent(data: SlicedByteBuf(ridx: 0, widx: 798, cap: 798/798, unwrapped: UnpooledUnsafeDirectByteBuf(ridx: 798, widx: 798, cap: 1024)), decoderResult: success)
11:39:50.771 [LittleProxy-ClientToProxyWorker-6] DEBUG o.l.p.impl.ProxyToServerConnection - (AWAITING_INITIAL) [id: 0xceaab001, /127.0.0.1:35280 => localhost/127.0.0.1:9000]: Wrote: HttpObjectAggregator$AggregatedFullHttpRequest(decodeResult: success, version: HTTP/1.1, content: CompositeByteBuf(ridx: 0, widx: 0, cap: 0, components=0))
GET /bower_components/jquery-ui/themes/base/progressbar.css HTTP/1.1
Host: localhost:9000
Accept: text/css,*/*;q=0.1
User-Agent: Mozilla/5.0 (X11; Linux x86_64) AppleWebKit/537.36 (KHTML, like Gecko) Chrome/44.0.2403.130 Safari/537.36
Referer: http://localhost:9000/
Accept-Language: en-GB,en-US;q=0.8,en;q=0.6
Content-Length: 0
Accept-Encoding: gzip, deflate, 
Via: 1.1 localhost.localdomain
11:39:50.771 [LittleProxy-ProxyToServerWorker-2] DEBUG o.l.p.impl.ClientToProxyConnection - (AWAITING_INITIAL) [id: 0xe726451f, /127.0.0.1:54145 => /127.0.1.1:45224]: Retaining reference counted message
11:39:50.771 [LittleProxy-ProxyToServerWorker-4] DEBUG o.l.p.impl.ClientToProxyConnection - (AWAITING_INITIAL) [id: 0x1e5765f0, /127.0.0.1:54148 => /127.0.1.1:45224]: Retaining reference counted message
11:39:50.771 [LittleProxy-ProxyToServerWorker-2] DEBUG o.l.p.impl.ClientToProxyConnection - (AWAITING_INITIAL) [id: 0xe726451f, /127.0.0.1:54145 => /127.0.1.1:45224]: Writing: DefaultLastHttpContent(data: SlicedByteBuf(ridx: 0, widx: 3636, cap: 3636/3636, unwrapped: UnpooledUnsafeDirectByteBuf(ridx: 3636, widx: 3636, cap: 32768)), decoderResult: success)
11:39:50.771 [LittleProxy-ProxyToServerWorker-4] DEBUG o.l.p.impl.ClientToProxyConnection - (AWAITING_INITIAL) [id: 0x1e5765f0, /127.0.0.1:54148 => /127.0.1.1:45224]: Writing: DefaultLastHttpContent(data: SlicedByteBuf(ridx: 0, widx: 798, cap: 798/798, unwrapped: UnpooledUnsafeDirectByteBuf(ridx: 798, widx: 798, cap: 1024)), decoderResult: success)
11:39:50.771 [LittleProxy-ProxyToServerWorker-2] DEBUG o.l.p.impl.ClientToProxyConnection - (AWAITING_INITIAL) [id: 0xe726451f, /127.0.0.1:54145 => /127.0.1.1:45224]: Writing an empty buffer to signal the end of our chunked transfer
11:39:50.771 [LittleProxy-ProxyToServerWorker-4] DEBUG o.l.p.impl.ClientToProxyConnection - (AWAITING_INITIAL) [id: 0x1e5765f0, /127.0.0.1:54148 => /127.0.1.1:45224]: Writing an empty buffer to signal the end of our chunked transfer
11:39:50.771 [LittleProxy-ProxyToServerWorker-2] DEBUG o.l.p.impl.ClientToProxyConnection - (AWAITING_INITIAL) [id: 0xe726451f, /127.0.0.1:54145 => /127.0.1.1:45224]: Wrote: DefaultLastHttpContent(data: SlicedByteBuf(ridx: 0, widx: 3636, cap: 3636/3636, unwrapped: UnpooledUnsafeDirectByteBuf(ridx: 3636, widx: 3636, cap: 32768)), decoderResult: success)
11:39:50.771 [LittleProxy-ProxyToServerWorker-2] DEBUG o.l.p.impl.ClientToProxyConnection - (AWAITING_INITIAL) [id: 0xe726451f, /127.0.0.1:54145 => /127.0.1.1:45224]: Retaining reference counted message
11:39:50.771 [LittleProxy-ProxyToServerWorker-4] DEBUG o.l.p.impl.ClientToProxyConnection - (AWAITING_INITIAL) [id: 0x1e5765f0, /127.0.0.1:54148 => /127.0.1.1:45224]: Wrote: DefaultLastHttpContent(data: SlicedByteBuf(ridx: 0, widx: 798, cap: 798/798, unwrapped: UnpooledUnsafeDirectByteBuf(ridx: 798, widx: 798, cap: 1024)), decoderResult: success)
11:39:50.771 [LittleProxy-ProxyToServerWorker-2] DEBUG o.l.p.impl.ClientToProxyConnection - (AWAITING_INITIAL) [id: 0xe726451f, /127.0.0.1:54145 => /127.0.1.1:45224]: Writing: EmptyByteBufBE
11:39:50.771 [LittleProxy-ProxyToServerWorker-4] DEBUG o.l.p.impl.ClientToProxyConnection - (AWAITING_INITIAL) [id: 0x1e5765f0, /127.0.0.1:54148 => /127.0.1.1:45224]: Retaining reference counted message
11:39:50.771 [LittleProxy-ProxyToServerWorker-2] DEBUG o.l.p.impl.ClientToProxyConnection - (AWAITING_INITIAL) [id: 0xe726451f, /127.0.0.1:54145 => /127.0.1.1:45224]: Wrote: EmptyByteBufBE
11:39:50.771 [LittleProxy-ProxyToServerWorker-4] DEBUG o.l.p.impl.ClientToProxyConnection - (AWAITING_INITIAL) [id: 0x1e5765f0, /127.0.0.1:54148 => /127.0.1.1:45224]: Writing: EmptyByteBufBE
11:39:50.771 [LittleProxy-ProxyToServerWorker-2] DEBUG o.l.p.impl.ClientToProxyConnection - (AWAITING_INITIAL) [id: 0xe726451f, /127.0.0.1:54145 => /127.0.1.1:45224]: Handling last chunk. Using normal server connection closing rules.
11:39:50.771 [LittleProxy-ProxyToServerWorker-4] DEBUG o.l.p.impl.ClientToProxyConnection - (AWAITING_INITIAL) [id: 0x1e5765f0, /127.0.0.1:54148 => /127.0.1.1:45224]: Wrote: EmptyByteBufBE
11:39:50.771 [LittleProxy-ProxyToServerWorker-2] DEBUG o.l.p.impl.ClientToProxyConnection - (AWAITING_INITIAL) [id: 0xe726451f, /127.0.0.1:54145 => /127.0.1.1:45224]: Not closing server connection for response: DefaultHttpResponse(decodeResult: success, version: HTTP/1.1)
HTTP/1.1 200 OK
Accept-Ranges: bytes
Date: Tue, 08 Sep 2015 10:39:50 GMT
Cache-Control: public, max-age=0
Last-Modified: Fri, 17 Oct 2014 06:40:12 GMT
ETag: W/"+O9bq/zgcfLZlPl37balqQ=="
Content-Type: text/css; charset=UTF-8
Content-Length: 3636
Connection: keep-alive
11:39:50.771 [LittleProxy-ProxyToServerWorker-4] DEBUG o.l.p.impl.ClientToProxyConnection - (AWAITING_INITIAL) [id: 0x1e5765f0, /127.0.0.1:54148 => /127.0.1.1:45224]: Handling last chunk. Using normal server connection closing rules.
11:39:50.771 [LittleProxy-ProxyToServerWorker-2] DEBUG o.l.p.impl.ClientToProxyConnection - (AWAITING_INITIAL) [id: 0xe726451f, /127.0.0.1:54145 => /127.0.1.1:45224]: Handling last chunk. Using normal client connection closing rules.
11:39:50.771 [LittleProxy-ProxyToServerWorker-4] DEBUG o.l.p.impl.ClientToProxyConnection - (AWAITING_INITIAL) [id: 0x1e5765f0, /127.0.0.1:54148 => /127.0.1.1:45224]: Not closing server connection for response: DefaultHttpResponse(decodeResult: success, version: HTTP/1.1)
HTTP/1.1 200 OK
Accept-Ranges: bytes
Date: Tue, 08 Sep 2015 10:39:50 GMT
Cache-Control: public, max-age=0
Last-Modified: Fri, 17 Oct 2014 06:40:12 GMT
ETag: W/"07okYBxsyyEjT5888GGn4A=="
Content-Type: text/css; charset=UTF-8
Content-Length: 798
Connection: keep-alive
11:39:50.772 [LittleProxy-ProxyToServerWorker-4] DEBUG o.l.p.impl.ClientToProxyConnection - (AWAITING_INITIAL) [id: 0x1e5765f0, /127.0.0.1:54148 => /127.0.1.1:45224]: Handling last chunk. Using normal client connection closing rules.
11:39:50.772 [LittleProxy-ProxyToServerWorker-2] DEBUG o.l.p.impl.ClientToProxyConnection - (AWAITING_INITIAL) [id: 0xe726451f, /127.0.0.1:54145 => /127.0.1.1:45224]: Not closing client connection for request: [FAILED toString()]
11:39:50.772 [LittleProxy-ProxyToServerWorker-4] DEBUG o.l.p.impl.ClientToProxyConnection - (AWAITING_INITIAL) [id: 0x1e5765f0, /127.0.0.1:54148 => /127.0.1.1:45224]: Not closing client connection for request: [FAILED toString()]
11:39:50.773 [LittleProxy-ClientToProxyWorker-4] DEBUG o.l.p.impl.ClientToProxyConnection - (AWAITING_INITIAL) [id: 0x1e5765f0, /127.0.0.1:54148 => /127.0.1.1:45224]: Reading: HttpObjectAggregator$AggregatedFullHttpRequest(decodeResult: success, version: HTTP/1.1, content: CompositeByteBuf(ridx: 0, widx: 0, cap: 0, components=0))
GET http://localhost:9000/bower_components/jquery-ui/themes/base/selectable.css HTTP/1.1
Host: localhost:9000
Proxy-Connection: keep-alive
Accept: text/css,*/*;q=0.1
User-Agent: Mozilla/5.0 (X11; Linux x86_64) AppleWebKit/537.36 (KHTML, like Gecko) Chrome/44.0.2403.130 Safari/537.36
Referer: http://localhost:9000/
Accept-Encoding: gzip, deflate, sdch
Accept-Language: en-GB,en-US;q=0.8,en;q=0.6
Content-Length: 0
11:39:50.773 [LittleProxy-ClientToProxyWorker-4] DEBUG o.l.p.impl.ClientToProxyConnection - (AWAITING_INITIAL) [id: 0x1e5765f0, /127.0.0.1:54148 => /127.0.1.1:45224]: Got request: HttpObjectAggregator$AggregatedFullHttpRequest(decodeResult: success, version: HTTP/1.1, content: CompositeByteBuf(ridx: 0, widx: 0, cap: 0, components=0))
GET http://localhost:9000/bower_components/jquery-ui/themes/base/selectable.css HTTP/1.1
Host: localhost:9000
Proxy-Connection: keep-alive
Accept: text/css,*/*;q=0.1
User-Agent: Mozilla/5.0 (X11; Linux x86_64) AppleWebKit/537.36 (KHTML, like Gecko) Chrome/44.0.2403.130 Safari/537.36
Referer: http://localhost:9000/
Accept-Encoding: gzip, deflate, sdch
Accept-Language: en-GB,en-US;q=0.8,en;q=0.6
Content-Length: 0
11:39:50.773 [LittleProxy-ClientToProxyWorker-4] DEBUG o.l.p.impl.ClientToProxyConnection - (AWAITING_INITIAL) [id: 0x1e5765f0, /127.0.0.1:54148 => /127.0.1.1:45224]: Ensuring that hostAndPort are available in http://localhost:9000/bower_components/jquery-ui/themes/base/selectable.css
11:39:50.773 [LittleProxy-ClientToProxyWorker-4] DEBUG o.l.p.impl.ClientToProxyConnection - (AWAITING_INITIAL) [id: 0x1e5765f0, /127.0.0.1:54148 => /127.0.1.1:45224]: Finding ProxyToServerConnection for: localhost:9000
11:39:50.773 [LittleProxy-ClientToProxyWorker-4] DEBUG o.l.p.impl.ClientToProxyConnection - (AWAITING_INITIAL) [id: 0x1e5765f0, /127.0.0.1:54148 => /127.0.1.1:45224]: Reusing existing server connection: org.littleshoot.proxy.impl.ProxyToServerConnection@4d318448
11:39:50.773 [LittleProxy-ClientToProxyWorker-4] DEBUG o.l.p.impl.ClientToProxyConnection - (AWAITING_INITIAL) [id: 0x1e5765f0, /127.0.0.1:54148 => /127.0.1.1:45224]: Modifying request headers for proxying
11:39:50.773 [LittleProxy-ClientToProxyWorker-4] DEBUG o.l.p.impl.ClientToProxyConnection - (AWAITING_INITIAL) [id: 0x1e5765f0, /127.0.0.1:54148 => /127.0.1.1:45224]: Modifying request for proxy chaining
11:39:50.773 [LittleProxy-ClientToProxyWorker-4] DEBUG o.l.p.impl.ClientToProxyConnection - (AWAITING_INITIAL) [id: 0x1e5765f0, /127.0.0.1:54148 => /127.0.1.1:45224]: Stripped host from uri: http://localhost:9000/bower_components/jquery-ui/themes/base/selectable.css    yielding: /bower_components/jquery-ui/themes/base/selectable.css
11:39:50.773 [LittleProxy-ClientToProxyWorker-4] DEBUG o.l.p.impl.ClientToProxyConnection - (AWAITING_INITIAL) [id: 0x1e5765f0, /127.0.0.1:54148 => /127.0.1.1:45224]: Removed sdch and inserted: gzip, deflate, 
11:39:50.773 [LittleProxy-ClientToProxyWorker-4] DEBUG o.l.p.impl.ClientToProxyConnection - (AWAITING_INITIAL) [id: 0x1e5765f0, /127.0.0.1:54148 => /127.0.1.1:45224]: Writing request to ProxyToServerConnection
11:39:50.773 [LittleProxy-ClientToProxyWorker-4] DEBUG o.l.p.impl.ProxyToServerConnection - (AWAITING_INITIAL) [id: 0xb51d3331, /127.0.0.1:35284 => localhost/127.0.0.1:9000]: Requested write of HttpObjectAggregator$AggregatedFullHttpRequest(decodeResult: success, version: HTTP/1.1, content: CompositeByteBuf(ridx: 0, widx: 0, cap: 0, components=0))
GET /bower_components/jquery-ui/themes/base/selectable.css HTTP/1.1
Host: localhost:9000
Accept: text/css,*/*;q=0.1
User-Agent: Mozilla/5.0 (X11; Linux x86_64) AppleWebKit/537.36 (KHTML, like Gecko) Chrome/44.0.2403.130 Safari/537.36
Referer: http://localhost:9000/
Accept-Language: en-GB,en-US;q=0.8,en;q=0.6
Content-Length: 0
Accept-Encoding: gzip, deflate, 
Via: 1.1 localhost.localdomain
11:39:50.773 [LittleProxy-ClientToProxyWorker-4] DEBUG o.l.p.impl.ProxyToServerConnection - (AWAITING_INITIAL) [id: 0xb51d3331, /127.0.0.1:35284 => localhost/127.0.0.1:9000]: Retaining reference counted message
11:39:50.773 [LittleProxy-ClientToProxyWorker-4] DEBUG o.l.p.impl.ProxyToServerConnection - (AWAITING_INITIAL) [id: 0xb51d3331, /127.0.0.1:35284 => localhost/127.0.0.1:9000]: Using existing connection to: localhost/127.0.0.1:9000
11:39:50.773 [LittleProxy-ClientToProxyWorker-4] DEBUG o.l.p.impl.ProxyToServerConnection - (AWAITING_INITIAL) [id: 0xb51d3331, /127.0.0.1:35284 => localhost/127.0.0.1:9000]: Writing: HttpObjectAggregator$AggregatedFullHttpRequest(decodeResult: success, version: HTTP/1.1, content: CompositeByteBuf(ridx: 0, widx: 0, cap: 0, components=0))
GET /bower_components/jquery-ui/themes/base/selectable.css HTTP/1.1
Host: localhost:9000
Accept: text/css,*/*;q=0.1
User-Agent: Mozilla/5.0 (X11; Linux x86_64) AppleWebKit/537.36 (KHTML, like Gecko) Chrome/44.0.2403.130 Safari/537.36
Referer: http://localhost:9000/
Accept-Language: en-GB,en-US;q=0.8,en;q=0.6
Content-Length: 0
Accept-Encoding: gzip, deflate, 
Via: 1.1 localhost.localdomain
11:39:50.773 [LittleProxy-ClientToProxyWorker-4] DEBUG o.l.p.impl.ProxyToServerConnection - (AWAITING_INITIAL) [id: 0xb51d3331, /127.0.0.1:35284 => localhost/127.0.0.1:9000]: Writing an empty buffer to signal the end of our chunked transfer
11:39:50.773 [LittleProxy-ClientToProxyWorker-4] DEBUG o.l.p.impl.ProxyToServerConnection - (AWAITING_INITIAL) [id: 0xb51d3331, /127.0.0.1:35284 => localhost/127.0.0.1:9000]: Wrote: HttpObjectAggregator$AggregatedFullHttpRequest(decodeResult: success, version: HTTP/1.1, content: CompositeByteBuf(ridx: 0, widx: 0, cap: 0, components=0))
GET /bower_components/jquery-ui/themes/base/selectable.css HTTP/1.1
Host: localhost:9000
Accept: text/css,*/*;q=0.1
User-Agent: Mozilla/5.0 (X11; Linux x86_64) AppleWebKit/537.36 (KHTML, like Gecko) Chrome/44.0.2403.130 Safari/537.36
Referer: http://localhost:9000/
Accept-Language: en-GB,en-US;q=0.8,en;q=0.6
Content-Length: 0
Accept-Encoding: gzip, deflate, 
Via: 1.1 localhost.localdomain
11:39:50.774 [LittleProxy-ClientToProxyWorker-2] DEBUG o.l.p.impl.ClientToProxyConnection - (AWAITING_INITIAL) [id: 0xe726451f, /127.0.0.1:54145 => /127.0.1.1:45224]: Reading: HttpObjectAggregator$AggregatedFullHttpRequest(decodeResult: success, version: HTTP/1.1, content: CompositeByteBuf(ridx: 0, widx: 0, cap: 0, components=0))
GET http://localhost:9000/bower_components/jquery-ui/themes/base/resizable.css HTTP/1.1
Host: localhost:9000
Proxy-Connection: keep-alive
Accept: text/css,*/*;q=0.1
User-Agent: Mozilla/5.0 (X11; Linux x86_64) AppleWebKit/537.36 (KHTML, like Gecko) Chrome/44.0.2403.130 Safari/537.36
Referer: http://localhost:9000/
Accept-Encoding: gzip, deflate, sdch
Accept-Language: en-GB,en-US;q=0.8,en;q=0.6
Content-Length: 0
11:39:50.774 [LittleProxy-ClientToProxyWorker-2] DEBUG o.l.p.impl.ClientToProxyConnection - (AWAITING_INITIAL) [id: 0xe726451f, /127.0.0.1:54145 => /127.0.1.1:45224]: Got request: HttpObjectAggregator$AggregatedFullHttpRequest(decodeResult: success, version: HTTP/1.1, content: CompositeByteBuf(ridx: 0, widx: 0, cap: 0, components=0))
GET http://localhost:9000/bower_components/jquery-ui/themes/base/resizable.css HTTP/1.1
Host: localhost:9000
Proxy-Connection: keep-alive
Accept: text/css,*/*;q=0.1
User-Agent: Mozilla/5.0 (X11; Linux x86_64) AppleWebKit/537.36 (KHTML, like Gecko) Chrome/44.0.2403.130 Safari/537.36
Referer: http://localhost:9000/
Accept-Encoding: gzip, deflate, sdch
Accept-Language: en-GB,en-US;q=0.8,en;q=0.6
Content-Length: 0
11:39:50.774 [LittleProxy-ClientToProxyWorker-2] DEBUG o.l.p.impl.ClientToProxyConnection - (AWAITING_INITIAL) [id: 0xe726451f, /127.0.0.1:54145 => /127.0.1.1:45224]: Ensuring that hostAndPort are available in http://localhost:9000/bower_components/jquery-ui/themes/base/resizable.css
11:39:50.774 [LittleProxy-ClientToProxyWorker-2] DEBUG o.l.p.impl.ClientToProxyConnection - (AWAITING_INITIAL) [id: 0xe726451f, /127.0.0.1:54145 => /127.0.1.1:45224]: Finding ProxyToServerConnection for: localhost:9000
11:39:50.774 [LittleProxy-ClientToProxyWorker-2] DEBUG o.l.p.impl.ClientToProxyConnection - (AWAITING_INITIAL) [id: 0xe726451f, /127.0.0.1:54145 => /127.0.1.1:45224]: Reusing existing server connection: org.littleshoot.proxy.impl.ProxyToServerConnection@210dcfa0
11:39:50.774 [LittleProxy-ClientToProxyWorker-2] DEBUG o.l.p.impl.ClientToProxyConnection - (AWAITING_INITIAL) [id: 0xe726451f, /127.0.0.1:54145 => /127.0.1.1:45224]: Modifying request headers for proxying
11:39:50.774 [LittleProxy-ClientToProxyWorker-2] DEBUG o.l.p.impl.ClientToProxyConnection - (AWAITING_INITIAL) [id: 0xe726451f, /127.0.0.1:54145 => /127.0.1.1:45224]: Modifying request for proxy chaining
11:39:50.774 [LittleProxy-ClientToProxyWorker-2] DEBUG o.l.p.impl.ClientToProxyConnection - (AWAITING_INITIAL) [id: 0xe726451f, /127.0.0.1:54145 => /127.0.1.1:45224]: Stripped host from uri: http://localhost:9000/bower_components/jquery-ui/themes/base/resizable.css    yielding: /bower_components/jquery-ui/themes/base/resizable.css
11:39:50.774 [LittleProxy-ClientToProxyWorker-2] DEBUG o.l.p.impl.ClientToProxyConnection - (AWAITING_INITIAL) [id: 0xe726451f, /127.0.0.1:54145 => /127.0.1.1:45224]: Removed sdch and inserted: gzip, deflate, 
11:39:50.774 [LittleProxy-ClientToProxyWorker-2] DEBUG o.l.p.impl.ClientToProxyConnection - (AWAITING_INITIAL) [id: 0xe726451f, /127.0.0.1:54145 => /127.0.1.1:45224]: Writing request to ProxyToServerConnection
11:39:50.774 [LittleProxy-ClientToProxyWorker-2] DEBUG o.l.p.impl.ProxyToServerConnection - (AWAITING_INITIAL) [id: 0x9953b61f, /127.0.0.1:35274 => localhost/127.0.0.1:9000]: Requested write of HttpObjectAggregator$AggregatedFullHttpRequest(decodeResult: success, version: HTTP/1.1, content: CompositeByteBuf(ridx: 0, widx: 0, cap: 0, components=0))
GET /bower_components/jquery-ui/themes/base/resizable.css HTTP/1.1
Host: localhost:9000
Accept: text/css,*/*;q=0.1
User-Agent: Mozilla/5.0 (X11; Linux x86_64) AppleWebKit/537.36 (KHTML, like Gecko) Chrome/44.0.2403.130 Safari/537.36
Referer: http://localhost:9000/
Accept-Language: en-GB,en-US;q=0.8,en;q=0.6
Content-Length: 0
Accept-Encoding: gzip, deflate, 
Via: 1.1 localhost.localdomain
11:39:50.774 [LittleProxy-ClientToProxyWorker-2] DEBUG o.l.p.impl.ProxyToServerConnection - (AWAITING_INITIAL) [id: 0x9953b61f, /127.0.0.1:35274 => localhost/127.0.0.1:9000]: Retaining reference counted message
11:39:50.774 [LittleProxy-ClientToProxyWorker-2] DEBUG o.l.p.impl.ProxyToServerConnection - (AWAITING_INITIAL) [id: 0x9953b61f, /127.0.0.1:35274 => localhost/127.0.0.1:9000]: Using existing connection to: localhost/127.0.0.1:9000
11:39:50.774 [LittleProxy-ClientToProxyWorker-2] DEBUG o.l.p.impl.ProxyToServerConnection - (AWAITING_INITIAL) [id: 0x9953b61f, /127.0.0.1:35274 => localhost/127.0.0.1:9000]: Writing: HttpObjectAggregator$AggregatedFullHttpRequest(decodeResult: success, version: HTTP/1.1, content: CompositeByteBuf(ridx: 0, widx: 0, cap: 0, components=0))
GET /bower_components/jquery-ui/themes/base/resizable.css HTTP/1.1
Host: localhost:9000
Accept: text/css,*/*;q=0.1
User-Agent: Mozilla/5.0 (X11; Linux x86_64) AppleWebKit/537.36 (KHTML, like Gecko) Chrome/44.0.2403.130 Safari/537.36
Referer: http://localhost:9000/
Accept-Language: en-GB,en-US;q=0.8,en;q=0.6
Content-Length: 0
Accept-Encoding: gzip, deflate, 
Via: 1.1 localhost.localdomain
11:39:50.774 [LittleProxy-ClientToProxyWorker-2] DEBUG o.l.p.impl.ProxyToServerConnection - (AWAITING_INITIAL) [id: 0x9953b61f, /127.0.0.1:35274 => localhost/127.0.0.1:9000]: Writing an empty buffer to signal the end of our chunked transfer
11:39:50.774 [LittleProxy-ClientToProxyWorker-2] DEBUG o.l.p.impl.ProxyToServerConnection - (AWAITING_INITIAL) [id: 0x9953b61f, /127.0.0.1:35274 => localhost/127.0.0.1:9000]: Wrote: HttpObjectAggregator$AggregatedFullHttpRequest(decodeResult: success, version: HTTP/1.1, content: CompositeByteBuf(ridx: 0, widx: 0, cap: 0, components=0))
GET /bower_components/jquery-ui/themes/base/resizable.css HTTP/1.1
Host: localhost:9000
Accept: text/css,*/*;q=0.1
User-Agent: Mozilla/5.0 (X11; Linux x86_64) AppleWebKit/537.36 (KHTML, like Gecko) Chrome/44.0.2403.130 Safari/537.36
Referer: http://localhost:9000/
Accept-Language: en-GB,en-US;q=0.8,en;q=0.6
Content-Length: 0
Accept-Encoding: gzip, deflate, 
Via: 1.1 localhost.localdomain
11:39:50.776 [LittleProxy-ProxyToServerWorker-3] DEBUG o.l.p.impl.ProxyToServerConnection - (AWAITING_INITIAL) [id: 0xceaab001, /127.0.0.1:35280 => localhost/127.0.0.1:9000]: Remembering the current request.
11:39:50.776 [LittleProxy-ProxyToServerWorker-6] DEBUG o.l.p.impl.ProxyToServerConnection - (AWAITING_INITIAL) [id: 0x15efad94, /127.0.0.1:35282 => localhost/127.0.0.1:9000]: Remembering the current request.
11:39:50.776 [LittleProxy-ProxyToServerWorker-3] DEBUG o.l.p.impl.ProxyToServerConnection - (AWAITING_INITIAL) [id: 0xceaab001, /127.0.0.1:35280 => localhost/127.0.0.1:9000]: Reading: DefaultHttpResponse(decodeResult: success, version: HTTP/1.1)
HTTP/1.1 200 OK
Accept-Ranges: bytes
Date: Tue, 08 Sep 2015 10:39:50 GMT
Cache-Control: public, max-age=0
Last-Modified: Fri, 17 Oct 2014 06:40:12 GMT
ETag: W/"lANgJzCu1m+bdAPlxpeUsg=="
Content-Type: text/css; charset=UTF-8
Content-Length: 2951
Connection: keep-alive
11:39:50.776 [LittleProxy-ProxyToServerWorker-3] DEBUG o.l.p.impl.ProxyToServerConnection - (AWAITING_INITIAL) [id: 0xceaab001, /127.0.0.1:35280 => localhost/127.0.0.1:9000]: Received raw response: DefaultHttpResponse(decodeResult: success, version: HTTP/1.1)
HTTP/1.1 200 OK
Accept-Ranges: bytes
Date: Tue, 08 Sep 2015 10:39:50 GMT
Cache-Control: public, max-age=0
Last-Modified: Fri, 17 Oct 2014 06:40:12 GMT
ETag: W/"lANgJzCu1m+bdAPlxpeUsg=="
Content-Type: text/css; charset=UTF-8
Content-Length: 2951
Connection: keep-alive
11:39:50.776 [LittleProxy-ProxyToServerWorker-6] DEBUG o.l.p.impl.ProxyToServerConnection - (AWAITING_INITIAL) [id: 0x15efad94, /127.0.0.1:35282 => localhost/127.0.0.1:9000]: Reading: DefaultHttpResponse(decodeResult: success, version: HTTP/1.1)
HTTP/1.1 200 OK
Accept-Ranges: bytes
Date: Tue, 08 Sep 2015 10:39:50 GMT
Cache-Control: public, max-age=0
Last-Modified: Fri, 17 Oct 2014 06:40:12 GMT
ETag: W/"sv6Z/DqKViBVUwLzaWQ7Iw=="
Content-Type: text/css; charset=UTF-8
Content-Length: 1124
Connection: keep-alive
11:39:50.776 [LittleProxy-ProxyToServerWorker-3] DEBUG o.l.p.impl.ProxyToServerConnection - (AWAITING_INITIAL) [id: 0xceaab001, /127.0.0.1:35280 => localhost/127.0.0.1:9000]: Remembering the current response.
11:39:50.776 [LittleProxy-ProxyToServerWorker-6] DEBUG o.l.p.impl.ProxyToServerConnection - (AWAITING_INITIAL) [id: 0x15efad94, /127.0.0.1:35282 => localhost/127.0.0.1:9000]: Received raw response: DefaultHttpResponse(decodeResult: success, version: HTTP/1.1)
HTTP/1.1 200 OK
Accept-Ranges: bytes
Date: Tue, 08 Sep 2015 10:39:50 GMT
Cache-Control: public, max-age=0
Last-Modified: Fri, 17 Oct 2014 06:40:12 GMT
ETag: W/"sv6Z/DqKViBVUwLzaWQ7Iw=="
Content-Type: text/css; charset=UTF-8
Content-Length: 1124
Connection: keep-alive
11:39:50.776 [LittleProxy-ProxyToServerWorker-6] DEBUG o.l.p.impl.ProxyToServerConnection - (AWAITING_INITIAL) [id: 0x15efad94, /127.0.0.1:35282 => localhost/127.0.0.1:9000]: Remembering the current response.
11:39:50.776 [LittleProxy-ProxyToServerWorker-3] DEBUG o.l.p.impl.ClientToProxyConnection - (AWAITING_INITIAL) [id: 0x16fa54b8, /127.0.0.1:54150 => /127.0.1.1:45224]: Writing: DefaultHttpResponse(decodeResult: success, version: HTTP/1.1)
HTTP/1.1 200 OK
Accept-Ranges: bytes
Date: Tue, 08 Sep 2015 10:39:50 GMT
Cache-Control: public, max-age=0
Last-Modified: Fri, 17 Oct 2014 06:40:12 GMT
ETag: W/"lANgJzCu1m+bdAPlxpeUsg=="
Content-Type: text/css; charset=UTF-8
Content-Length: 2951
Via: 1.1 localhost.localdomain
11:39:50.776 [LittleProxy-ProxyToServerWorker-6] DEBUG o.l.p.impl.ClientToProxyConnection - (AWAITING_INITIAL) [id: 0x87242349, /127.0.0.1:54149 => /127.0.1.1:45224]: Writing: DefaultHttpResponse(decodeResult: success, version: HTTP/1.1)
HTTP/1.1 200 OK
Accept-Ranges: bytes
Date: Tue, 08 Sep 2015 10:39:50 GMT
Cache-Control: public, max-age=0
Last-Modified: Fri, 17 Oct 2014 06:40:12 GMT
ETag: W/"sv6Z/DqKViBVUwLzaWQ7Iw=="
Content-Type: text/css; charset=UTF-8
Content-Length: 1124
Via: 1.1 localhost.localdomain
11:39:50.776 [LittleProxy-ProxyToServerWorker-3] DEBUG o.l.p.impl.ClientToProxyConnection - (AWAITING_INITIAL) [id: 0x16fa54b8, /127.0.0.1:54150 => /127.0.1.1:45224]: Wrote: DefaultHttpResponse(decodeResult: success, version: HTTP/1.1)
HTTP/1.1 200 OK
Accept-Ranges: bytes
Date: Tue, 08 Sep 2015 10:39:50 GMT
Cache-Control: public, max-age=0
Last-Modified: Fri, 17 Oct 2014 06:40:12 GMT
ETag: W/"lANgJzCu1m+bdAPlxpeUsg=="
Content-Type: text/css; charset=UTF-8
Content-Length: 2951
Via: 1.1 localhost.localdomain
11:39:50.776 [LittleProxy-ProxyToServerWorker-6] DEBUG o.l.p.impl.ClientToProxyConnection - (AWAITING_INITIAL) [id: 0x87242349, /127.0.0.1:54149 => /127.0.1.1:45224]: Wrote: DefaultHttpResponse(decodeResult: success, version: HTTP/1.1)
HTTP/1.1 200 OK
Accept-Ranges: bytes
Date: Tue, 08 Sep 2015 10:39:50 GMT
Cache-Control: public, max-age=0
Last-Modified: Fri, 17 Oct 2014 06:40:12 GMT
ETag: W/"sv6Z/DqKViBVUwLzaWQ7Iw=="
Content-Type: text/css; charset=UTF-8
Content-Length: 1124
Via: 1.1 localhost.localdomain
11:39:50.776 [LittleProxy-ProxyToServerWorker-3] DEBUG o.l.p.impl.ClientToProxyConnection - (AWAITING_INITIAL) [id: 0x16fa54b8, /127.0.0.1:54150 => /127.0.1.1:45224]: Not closing server connection on middle chunk for /bower_components/jquery-ui/themes/base/progressbar.css
11:39:50.776 [LittleProxy-ProxyToServerWorker-6] DEBUG o.l.p.impl.ClientToProxyConnection - (AWAITING_INITIAL) [id: 0x87242349, /127.0.0.1:54149 => /127.0.1.1:45224]: Not closing server connection on middle chunk for /bower_components/jquery-ui/themes/base/menu.css
11:39:50.776 [LittleProxy-ProxyToServerWorker-3] DEBUG o.l.p.impl.ClientToProxyConnection - (AWAITING_INITIAL) [id: 0x16fa54b8, /127.0.0.1:54150 => /127.0.1.1:45224]: Not closing client connection on middle chunk for /bower_components/jquery-ui/themes/base/progressbar.css
11:39:50.776 [LittleProxy-ProxyToServerWorker-6] DEBUG o.l.p.impl.ClientToProxyConnection - (AWAITING_INITIAL) [id: 0x87242349, /127.0.0.1:54149 => /127.0.1.1:45224]: Not closing client connection on middle chunk for /bower_components/jquery-ui/themes/base/menu.css
11:39:50.779 [LittleProxy-ProxyToServerWorker-7] DEBUG o.l.p.impl.ProxyToServerConnection - (AWAITING_CHUNK) [id: 0x700df78a, /127.0.0.1:35283 => localhost/127.0.0.1:9000]: Reading: DefaultLastHttpContent(data: SlicedByteBuf(ridx: 0, widx: 1322, cap: 1322/1322, unwrapped: UnpooledUnsafeDirectByteBuf(ridx: 1322, widx: 1322, cap: 32768)), decoderResult: success)
11:39:50.779 [LittleProxy-ProxyToServerWorker-4] DEBUG o.l.p.impl.ProxyToServerConnection - (AWAITING_INITIAL) [id: 0xb51d3331, /127.0.0.1:35284 => localhost/127.0.0.1:9000]: Remembering the current request.
11:39:50.779 [LittleProxy-ProxyToServerWorker-7] DEBUG o.l.p.impl.ClientToProxyConnection - (AWAITING_INITIAL) [id: 0x4dc93f85, /127.0.0.1:54147 => /127.0.1.1:45224]: Retaining reference counted message
11:39:50.779 [LittleProxy-ProxyToServerWorker-7] DEBUG o.l.p.impl.ClientToProxyConnection - (AWAITING_INITIAL) [id: 0x4dc93f85, /127.0.0.1:54147 => /127.0.1.1:45224]: Writing: DefaultLastHttpContent(data: SlicedByteBuf(ridx: 0, widx: 1322, cap: 1322/1322, unwrapped: UnpooledUnsafeDirectByteBuf(ridx: 1322, widx: 1322, cap: 32768)), decoderResult: success)
11:39:50.779 [LittleProxy-ProxyToServerWorker-7] DEBUG o.l.p.impl.ClientToProxyConnection - (AWAITING_INITIAL) [id: 0x4dc93f85, /127.0.0.1:54147 => /127.0.1.1:45224]: Writing an empty buffer to signal the end of our chunked transfer
11:39:50.779 [LittleProxy-ProxyToServerWorker-4] DEBUG o.l.p.impl.ProxyToServerConnection - (AWAITING_INITIAL) [id: 0xb51d3331, /127.0.0.1:35284 => localhost/127.0.0.1:9000]: Reading: DefaultHttpResponse(decodeResult: success, version: HTTP/1.1)
HTTP/1.1 200 OK
Accept-Ranges: bytes
Date: Tue, 08 Sep 2015 10:39:50 GMT
Cache-Control: public, max-age=0
Last-Modified: Fri, 17 Oct 2014 06:40:12 GMT
ETag: W/"6swqLuWkw0n7FfY9djtj4w=="
Content-Type: text/css; charset=UTF-8
Content-Length: 342
Connection: keep-alive
11:39:50.779 [LittleProxy-ProxyToServerWorker-7] DEBUG o.l.p.impl.ClientToProxyConnection - (AWAITING_INITIAL) [id: 0x4dc93f85, /127.0.0.1:54147 => /127.0.1.1:45224]: Wrote: DefaultLastHttpContent(data: SlicedByteBuf(ridx: 0, widx: 1322, cap: 1322/1322, unwrapped: UnpooledUnsafeDirectByteBuf(ridx: 1322, widx: 1322, cap: 32768)), decoderResult: success)
11:39:50.779 [LittleProxy-ProxyToServerWorker-2] DEBUG o.l.p.impl.ProxyToServerConnection - (AWAITING_INITIAL) [id: 0x9953b61f, /127.0.0.1:35274 => localhost/127.0.0.1:9000]: Remembering the current request.
11:39:50.779 [LittleProxy-ProxyToServerWorker-4] DEBUG o.l.p.impl.ProxyToServerConnection - (AWAITING_INITIAL) [id: 0xb51d3331, /127.0.0.1:35284 => localhost/127.0.0.1:9000]: Received raw response: DefaultHttpResponse(decodeResult: success, version: HTTP/1.1)
HTTP/1.1 200 OK
Accept-Ranges: bytes
Date: Tue, 08 Sep 2015 10:39:50 GMT
Cache-Control: public, max-age=0
Last-Modified: Fri, 17 Oct 2014 06:40:12 GMT
ETag: W/"6swqLuWkw0n7FfY9djtj4w=="
Content-Type: text/css; charset=UTF-8
Content-Length: 342
Connection: keep-alive
11:39:50.779 [LittleProxy-ProxyToServerWorker-7] DEBUG o.l.p.impl.ClientToProxyConnection - (AWAITING_INITIAL) [id: 0x4dc93f85, /127.0.0.1:54147 => /127.0.1.1:45224]: Retaining reference counted message
11:39:50.779 [LittleProxy-ProxyToServerWorker-2] DEBUG o.l.p.impl.ProxyToServerConnection - (AWAITING_INITIAL) [id: 0x9953b61f, /127.0.0.1:35274 => localhost/127.0.0.1:9000]: Reading: DefaultHttpResponse(decodeResult: success, version: HTTP/1.1)
HTTP/1.1 200 OK
Accept-Ranges: bytes
Date: Tue, 08 Sep 2015 10:39:50 GMT
Cache-Control: public, max-age=0
Last-Modified: Fri, 17 Oct 2014 06:40:12 GMT
ETag: W/"U6N05LgWV45k/hTto/1yCA=="
Content-Type: text/css; charset=UTF-8
Content-Length: 1203
Connection: keep-alive
11:39:50.779 [LittleProxy-ProxyToServerWorker-4] DEBUG o.l.p.impl.ProxyToServerConnection - (AWAITING_INITIAL) [id: 0xb51d3331, /127.0.0.1:35284 => localhost/127.0.0.1:9000]: Remembering the current response.
11:39:50.779 [LittleProxy-ProxyToServerWorker-7] DEBUG o.l.p.impl.ClientToProxyConnection - (AWAITING_INITIAL) [id: 0x4dc93f85, /127.0.0.1:54147 => /127.0.1.1:45224]: Writing: EmptyByteBufBE
11:39:50.779 [LittleProxy-ProxyToServerWorker-2] DEBUG o.l.p.impl.ProxyToServerConnection - (AWAITING_INITIAL) [id: 0x9953b61f, /127.0.0.1:35274 => localhost/127.0.0.1:9000]: Received raw response: DefaultHttpResponse(decodeResult: success, version: HTTP/1.1)
HTTP/1.1 200 OK
Accept-Ranges: bytes
Date: Tue, 08 Sep 2015 10:39:50 GMT
Cache-Control: public, max-age=0
Last-Modified: Fri, 17 Oct 2014 06:40:12 GMT
ETag: W/"U6N05LgWV45k/hTto/1yCA=="
Content-Type: text/css; charset=UTF-8
Content-Length: 1203
Connection: keep-alive
11:39:50.779 [LittleProxy-ProxyToServerWorker-4] DEBUG o.l.p.impl.ClientToProxyConnection - (AWAITING_INITIAL) [id: 0x1e5765f0, /127.0.0.1:54148 => /127.0.1.1:45224]: Writing: DefaultHttpResponse(decodeResult: success, version: HTTP/1.1)
HTTP/1.1 200 OK
Accept-Ranges: bytes
Date: Tue, 08 Sep 2015 10:39:50 GMT
Cache-Control: public, max-age=0
Last-Modified: Fri, 17 Oct 2014 06:40:12 GMT
ETag: W/"6swqLuWkw0n7FfY9djtj4w=="
Content-Type: text/css; charset=UTF-8
Content-Length: 342
Via: 1.1 localhost.localdomain
11:39:50.780 [LittleProxy-ProxyToServerWorker-7] DEBUG o.l.p.impl.ClientToProxyConnection - (AWAITING_INITIAL) [id: 0x4dc93f85, /127.0.0.1:54147 => /127.0.1.1:45224]: Wrote: EmptyByteBufBE
11:39:50.780 [LittleProxy-ProxyToServerWorker-2] DEBUG o.l.p.impl.ProxyToServerConnection - (AWAITING_INITIAL) [id: 0x9953b61f, /127.0.0.1:35274 => localhost/127.0.0.1:9000]: Remembering the current response.
11:39:50.780 [LittleProxy-ProxyToServerWorker-4] DEBUG o.l.p.impl.ClientToProxyConnection - (AWAITING_INITIAL) [id: 0x1e5765f0, /127.0.0.1:54148 => /127.0.1.1:45224]: Wrote: DefaultHttpResponse(decodeResult: success, version: HTTP/1.1)
HTTP/1.1 200 OK
Accept-Ranges: bytes
Date: Tue, 08 Sep 2015 10:39:50 GMT
Cache-Control: public, max-age=0
Last-Modified: Fri, 17 Oct 2014 06:40:12 GMT
ETag: W/"6swqLuWkw0n7FfY9djtj4w=="
Content-Type: text/css; charset=UTF-8
Content-Length: 342
Via: 1.1 localhost.localdomain
11:39:50.780 [LittleProxy-ProxyToServerWorker-7] DEBUG o.l.p.impl.ClientToProxyConnection - (AWAITING_INITIAL) [id: 0x4dc93f85, /127.0.0.1:54147 => /127.0.1.1:45224]: Handling last chunk. Using normal server connection closing rules.
11:39:50.780 [LittleProxy-ProxyToServerWorker-4] DEBUG o.l.p.impl.ClientToProxyConnection - (AWAITING_INITIAL) [id: 0x1e5765f0, /127.0.0.1:54148 => /127.0.1.1:45224]: Not closing server connection on middle chunk for /bower_components/jquery-ui/themes/base/selectable.css
11:39:50.780 [LittleProxy-ProxyToServerWorker-2] DEBUG o.l.p.impl.ClientToProxyConnection - (AWAITING_INITIAL) [id: 0xe726451f, /127.0.0.1:54145 => /127.0.1.1:45224]: Writing: DefaultHttpResponse(decodeResult: success, version: HTTP/1.1)
HTTP/1.1 200 OK
Accept-Ranges: bytes
Date: Tue, 08 Sep 2015 10:39:50 GMT
Cache-Control: public, max-age=0
Last-Modified: Fri, 17 Oct 2014 06:40:12 GMT
ETag: W/"U6N05LgWV45k/hTto/1yCA=="
Content-Type: text/css; charset=UTF-8
Content-Length: 1203
Via: 1.1 localhost.localdomain
11:39:50.780 [LittleProxy-ProxyToServerWorker-7] DEBUG o.l.p.impl.ClientToProxyConnection - (AWAITING_INITIAL) [id: 0x4dc93f85, /127.0.0.1:54147 => /127.0.1.1:45224]: Not closing server connection for response: DefaultHttpResponse(decodeResult: success, version: HTTP/1.1)
HTTP/1.1 200 OK
Accept-Ranges: bytes
Date: Tue, 08 Sep 2015 10:39:50 GMT
Cache-Control: public, max-age=0
Last-Modified: Fri, 17 Oct 2014 06:40:12 GMT
ETag: W/"iC7mWvsAHnaBPpKZerNOYQ=="
Content-Type: text/css; charset=UTF-8
Content-Length: 1322
Connection: keep-alive
11:39:50.780 [LittleProxy-ProxyToServerWorker-4] DEBUG o.l.p.impl.ClientToProxyConnection - (AWAITING_INITIAL) [id: 0x1e5765f0, /127.0.0.1:54148 => /127.0.1.1:45224]: Not closing client connection on middle chunk for /bower_components/jquery-ui/themes/base/selectable.css
11:39:50.780 [LittleProxy-ClientToProxyWorker-3] DEBUG o.l.p.impl.ClientToProxyConnection - (AWAITING_INITIAL) [id: 0x4dc93f85, /127.0.0.1:54147 => /127.0.1.1:45224]: Reading: HttpObjectAggregator$AggregatedFullHttpRequest(decodeResult: success, version: HTTP/1.1, content: CompositeByteBuf(ridx: 0, widx: 0, cap: 0, components=0))
GET http://localhost:9000/bower_components/jquery-ui/themes/base/selectmenu.css HTTP/1.1
Host: localhost:9000
Proxy-Connection: keep-alive
Accept: text/css,*/*;q=0.1
User-Agent: Mozilla/5.0 (X11; Linux x86_64) AppleWebKit/537.36 (KHTML, like Gecko) Chrome/44.0.2403.130 Safari/537.36
Referer: http://localhost:9000/
Accept-Encoding: gzip, deflate, sdch
Accept-Language: en-GB,en-US;q=0.8,en;q=0.6
Content-Length: 0
11:39:50.780 [LittleProxy-ProxyToServerWorker-2] DEBUG o.l.p.impl.ClientToProxyConnection - (AWAITING_INITIAL) [id: 0xe726451f, /127.0.0.1:54145 => /127.0.1.1:45224]: Wrote: DefaultHttpResponse(decodeResult: success, version: HTTP/1.1)
HTTP/1.1 200 OK
Accept-Ranges: bytes
Date: Tue, 08 Sep 2015 10:39:50 GMT
Cache-Control: public, max-age=0
Last-Modified: Fri, 17 Oct 2014 06:40:12 GMT
ETag: W/"U6N05LgWV45k/hTto/1yCA=="
Content-Type: text/css; charset=UTF-8
Content-Length: 1203
Via: 1.1 localhost.localdomain
11:39:50.780 [LittleProxy-ProxyToServerWorker-7] DEBUG o.l.p.impl.ClientToProxyConnection - (AWAITING_INITIAL) [id: 0x4dc93f85, /127.0.0.1:54147 => /127.0.1.1:45224]: Handling last chunk. Using normal client connection closing rules.
11:39:50.780 [LittleProxy-ProxyToServerWorker-2] DEBUG o.l.p.impl.ClientToProxyConnection - (AWAITING_INITIAL) [id: 0xe726451f, /127.0.0.1:54145 => /127.0.1.1:45224]: Not closing server connection on middle chunk for /bower_components/jquery-ui/themes/base/resizable.css
11:39:50.780 [LittleProxy-ClientToProxyWorker-3] DEBUG o.l.p.impl.ClientToProxyConnection - (AWAITING_INITIAL) [id: 0x4dc93f85, /127.0.0.1:54147 => /127.0.1.1:45224]: Got request: HttpObjectAggregator$AggregatedFullHttpRequest(decodeResult: success, version: HTTP/1.1, content: CompositeByteBuf(ridx: 0, widx: 0, cap: 0, components=0))
GET http://localhost:9000/bower_components/jquery-ui/themes/base/selectmenu.css HTTP/1.1
Host: localhost:9000
Proxy-Connection: keep-alive
Accept: text/css,*/*;q=0.1
User-Agent: Mozilla/5.0 (X11; Linux x86_64) AppleWebKit/537.36 (KHTML, like Gecko) Chrome/44.0.2403.130 Safari/537.36
Referer: http://localhost:9000/
Accept-Encoding: gzip, deflate, sdch
Accept-Language: en-GB,en-US;q=0.8,en;q=0.6
Content-Length: 0
11:39:50.781 [LittleProxy-ProxyToServerWorker-7] DEBUG o.l.p.impl.ClientToProxyConnection - (AWAITING_INITIAL) [id: 0x4dc93f85, /127.0.0.1:54147 => /127.0.1.1:45224]: Not closing client connection for request: [FAILED toString()]
11:39:50.781 [LittleProxy-ProxyToServerWorker-2] DEBUG o.l.p.impl.ClientToProxyConnection - (AWAITING_INITIAL) [id: 0xe726451f, /127.0.0.1:54145 => /127.0.1.1:45224]: Not closing client connection on middle chunk for /bower_components/jquery-ui/themes/base/resizable.css
11:39:50.781 [LittleProxy-ClientToProxyWorker-3] DEBUG o.l.p.impl.ClientToProxyConnection - (AWAITING_INITIAL) [id: 0x4dc93f85, /127.0.0.1:54147 => /127.0.1.1:45224]: Ensuring that hostAndPort are available in http://localhost:9000/bower_components/jquery-ui/themes/base/selectmenu.css
11:39:50.781 [LittleProxy-ClientToProxyWorker-3] DEBUG o.l.p.impl.ClientToProxyConnection - (AWAITING_INITIAL) [id: 0x4dc93f85, /127.0.0.1:54147 => /127.0.1.1:45224]: Finding ProxyToServerConnection for: localhost:9000
11:39:50.781 [LittleProxy-ClientToProxyWorker-3] DEBUG o.l.p.impl.ClientToProxyConnection - (AWAITING_INITIAL) [id: 0x4dc93f85, /127.0.0.1:54147 => /127.0.1.1:45224]: Reusing existing server connection: org.littleshoot.proxy.impl.ProxyToServerConnection@2cc0768d
11:39:50.781 [LittleProxy-ClientToProxyWorker-3] DEBUG o.l.p.impl.ClientToProxyConnection - (AWAITING_INITIAL) [id: 0x4dc93f85, /127.0.0.1:54147 => /127.0.1.1:45224]: Modifying request headers for proxying
11:39:50.781 [LittleProxy-ClientToProxyWorker-3] DEBUG o.l.p.impl.ClientToProxyConnection - (AWAITING_INITIAL) [id: 0x4dc93f85, /127.0.0.1:54147 => /127.0.1.1:45224]: Modifying request for proxy chaining
11:39:50.781 [LittleProxy-ClientToProxyWorker-3] DEBUG o.l.p.impl.ClientToProxyConnection - (AWAITING_INITIAL) [id: 0x4dc93f85, /127.0.0.1:54147 => /127.0.1.1:45224]: Stripped host from uri: http://localhost:9000/bower_components/jquery-ui/themes/base/selectmenu.css    yielding: /bower_components/jquery-ui/themes/base/selectmenu.css
11:39:50.781 [LittleProxy-ClientToProxyWorker-3] DEBUG o.l.p.impl.ClientToProxyConnection - (AWAITING_INITIAL) [id: 0x4dc93f85, /127.0.0.1:54147 => /127.0.1.1:45224]: Removed sdch and inserted: gzip, deflate, 
11:39:50.781 [LittleProxy-ClientToProxyWorker-3] DEBUG o.l.p.impl.ClientToProxyConnection - (AWAITING_INITIAL) [id: 0x4dc93f85, /127.0.0.1:54147 => /127.0.1.1:45224]: Writing request to ProxyToServerConnection
11:39:50.782 [LittleProxy-ClientToProxyWorker-3] DEBUG o.l.p.impl.ProxyToServerConnection - (AWAITING_INITIAL) [id: 0x700df78a, /127.0.0.1:35283 => localhost/127.0.0.1:9000]: Requested write of HttpObjectAggregator$AggregatedFullHttpRequest(decodeResult: success, version: HTTP/1.1, content: CompositeByteBuf(ridx: 0, widx: 0, cap: 0, components=0))
GET /bower_components/jquery-ui/themes/base/selectmenu.css HTTP/1.1
Host: localhost:9000
Accept: text/css,*/*;q=0.1
User-Agent: Mozilla/5.0 (X11; Linux x86_64) AppleWebKit/537.36 (KHTML, like Gecko) Chrome/44.0.2403.130 Safari/537.36
Referer: http://localhost:9000/
Accept-Language: en-GB,en-US;q=0.8,en;q=0.6
Content-Length: 0
Accept-Encoding: gzip, deflate, 
Via: 1.1 localhost.localdomain
11:39:50.782 [LittleProxy-ClientToProxyWorker-3] DEBUG o.l.p.impl.ProxyToServerConnection - (AWAITING_INITIAL) [id: 0x700df78a, /127.0.0.1:35283 => localhost/127.0.0.1:9000]: Retaining reference counted message
11:39:50.782 [LittleProxy-ClientToProxyWorker-3] DEBUG o.l.p.impl.ProxyToServerConnection - (AWAITING_INITIAL) [id: 0x700df78a, /127.0.0.1:35283 => localhost/127.0.0.1:9000]: Using existing connection to: localhost/127.0.0.1:9000
11:39:50.782 [LittleProxy-ClientToProxyWorker-3] DEBUG o.l.p.impl.ProxyToServerConnection - (AWAITING_INITIAL) [id: 0x700df78a, /127.0.0.1:35283 => localhost/127.0.0.1:9000]: Writing: HttpObjectAggregator$AggregatedFullHttpRequest(decodeResult: success, version: HTTP/1.1, content: CompositeByteBuf(ridx: 0, widx: 0, cap: 0, components=0))
GET /bower_components/jquery-ui/themes/base/selectmenu.css HTTP/1.1
Host: localhost:9000
Accept: text/css,*/*;q=0.1
User-Agent: Mozilla/5.0 (X11; Linux x86_64) AppleWebKit/537.36 (KHTML, like Gecko) Chrome/44.0.2403.130 Safari/537.36
Referer: http://localhost:9000/
Accept-Language: en-GB,en-US;q=0.8,en;q=0.6
Content-Length: 0
Accept-Encoding: gzip, deflate, 
Via: 1.1 localhost.localdomain
11:39:50.782 [LittleProxy-ClientToProxyWorker-3] DEBUG o.l.p.impl.ProxyToServerConnection - (AWAITING_INITIAL) [id: 0x700df78a, /127.0.0.1:35283 => localhost/127.0.0.1:9000]: Writing an empty buffer to signal the end of our chunked transfer
11:39:50.782 [LittleProxy-ClientToProxyWorker-3] DEBUG o.l.p.impl.ProxyToServerConnection - (AWAITING_INITIAL) [id: 0x700df78a, /127.0.0.1:35283 => localhost/127.0.0.1:9000]: Wrote: HttpObjectAggregator$AggregatedFullHttpRequest(decodeResult: success, version: HTTP/1.1, content: CompositeByteBuf(ridx: 0, widx: 0, cap: 0, components=0))
GET /bower_components/jquery-ui/themes/base/selectmenu.css HTTP/1.1
Host: localhost:9000
Accept: text/css,*/*;q=0.1
User-Agent: Mozilla/5.0 (X11; Linux x86_64) AppleWebKit/537.36 (KHTML, like Gecko) Chrome/44.0.2403.130 Safari/537.36
Referer: http://localhost:9000/
Accept-Language: en-GB,en-US;q=0.8,en;q=0.6
Content-Length: 0
Accept-Encoding: gzip, deflate, 
Via: 1.1 localhost.localdomain
11:39:50.787 [LittleProxy-ProxyToServerWorker-5] DEBUG o.l.p.impl.ProxyToServerConnection - (AWAITING_CHUNK) [id: 0x97bd59d1, /127.0.0.1:35281 => localhost/127.0.0.1:9000]: Reading: DefaultLastHttpContent(data: SlicedByteBuf(ridx: 0, widx: 258, cap: 258/258, unwrapped: UnpooledUnsafeDirectByteBuf(ridx: 258, widx: 258, cap: 32768)), decoderResult: success)
11:39:50.787 [LittleProxy-ProxyToServerWorker-5] DEBUG o.l.p.impl.ClientToProxyConnection - (AWAITING_INITIAL) [id: 0xa74abe3b, /127.0.0.1:54151 => /127.0.1.1:45224]: Retaining reference counted message
11:39:50.787 [LittleProxy-ProxyToServerWorker-5] DEBUG o.l.p.impl.ClientToProxyConnection - (AWAITING_INITIAL) [id: 0xa74abe3b, /127.0.0.1:54151 => /127.0.1.1:45224]: Writing: DefaultLastHttpContent(data: SlicedByteBuf(ridx: 0, widx: 258, cap: 258/258, unwrapped: UnpooledUnsafeDirectByteBuf(ridx: 258, widx: 258, cap: 32768)), decoderResult: success)
11:39:50.787 [LittleProxy-ProxyToServerWorker-5] DEBUG o.l.p.impl.ClientToProxyConnection - (AWAITING_INITIAL) [id: 0xa74abe3b, /127.0.0.1:54151 => /127.0.1.1:45224]: Writing an empty buffer to signal the end of our chunked transfer
11:39:50.787 [LittleProxy-ProxyToServerWorker-5] DEBUG o.l.p.impl.ClientToProxyConnection - (AWAITING_INITIAL) [id: 0xa74abe3b, /127.0.0.1:54151 => /127.0.1.1:45224]: Wrote: DefaultLastHttpContent(data: SlicedByteBuf(ridx: 0, widx: 258, cap: 258/258, unwrapped: UnpooledUnsafeDirectByteBuf(ridx: 258, widx: 258, cap: 32768)), decoderResult: success)
11:39:50.787 [LittleProxy-ProxyToServerWorker-5] DEBUG o.l.p.impl.ClientToProxyConnection - (AWAITING_INITIAL) [id: 0xa74abe3b, /127.0.0.1:54151 => /127.0.1.1:45224]: Retaining reference counted message
11:39:50.787 [LittleProxy-ProxyToServerWorker-5] DEBUG o.l.p.impl.ClientToProxyConnection - (AWAITING_INITIAL) [id: 0xa74abe3b, /127.0.0.1:54151 => /127.0.1.1:45224]: Writing: EmptyByteBufBE
11:39:50.787 [LittleProxy-ProxyToServerWorker-5] DEBUG o.l.p.impl.ClientToProxyConnection - (AWAITING_INITIAL) [id: 0xa74abe3b, /127.0.0.1:54151 => /127.0.1.1:45224]: Wrote: EmptyByteBufBE
11:39:50.787 [LittleProxy-ProxyToServerWorker-5] DEBUG o.l.p.impl.ClientToProxyConnection - (AWAITING_INITIAL) [id: 0xa74abe3b, /127.0.0.1:54151 => /127.0.1.1:45224]: Handling last chunk. Using normal server connection closing rules.
11:39:50.787 [LittleProxy-ProxyToServerWorker-5] DEBUG o.l.p.impl.ClientToProxyConnection - (AWAITING_INITIAL) [id: 0xa74abe3b, /127.0.0.1:54151 => /127.0.1.1:45224]: Not closing server connection for response: DefaultHttpResponse(decodeResult: success, version: HTTP/1.1)
HTTP/1.1 200 OK
Accept-Ranges: bytes
Date: Tue, 08 Sep 2015 10:39:50 GMT
Cache-Control: public, max-age=0
Last-Modified: Fri, 17 Oct 2014 06:40:12 GMT
ETag: W/"GexIZ2n2ZiqoIslgNU+89Q=="
Content-Type: text/css; charset=UTF-8
Content-Length: 258
Connection: keep-alive
11:39:50.787 [LittleProxy-ProxyToServerWorker-5] DEBUG o.l.p.impl.ClientToProxyConnection - (AWAITING_INITIAL) [id: 0xa74abe3b, /127.0.0.1:54151 => /127.0.1.1:45224]: Handling last chunk. Using normal client connection closing rules.
11:39:50.788 [LittleProxy-ProxyToServerWorker-5] DEBUG o.l.p.impl.ClientToProxyConnection - (AWAITING_INITIAL) [id: 0xa74abe3b, /127.0.0.1:54151 => /127.0.1.1:45224]: Not closing client connection for request: [FAILED toString()]
11:39:50.789 [LittleProxy-ClientToProxyWorker-7] DEBUG o.l.p.impl.ClientToProxyConnection - (AWAITING_INITIAL) [id: 0xa74abe3b, /127.0.0.1:54151 => /127.0.1.1:45224]: Reading: HttpObjectAggregator$AggregatedFullHttpRequest(decodeResult: success, version: HTTP/1.1, content: CompositeByteBuf(ridx: 0, widx: 0, cap: 0, components=0))
GET http://localhost:9000/bower_components/jquery-ui/themes/base/sortable.css HTTP/1.1
Host: localhost:9000
Proxy-Connection: keep-alive
Accept: text/css,*/*;q=0.1
User-Agent: Mozilla/5.0 (X11; Linux x86_64) AppleWebKit/537.36 (KHTML, like Gecko) Chrome/44.0.2403.130 Safari/537.36
Referer: http://localhost:9000/
Accept-Encoding: gzip, deflate, sdch
Accept-Language: en-GB,en-US;q=0.8,en;q=0.6
Content-Length: 0
11:39:50.789 [LittleProxy-ClientToProxyWorker-7] DEBUG o.l.p.impl.ClientToProxyConnection - (AWAITING_INITIAL) [id: 0xa74abe3b, /127.0.0.1:54151 => /127.0.1.1:45224]: Got request: HttpObjectAggregator$AggregatedFullHttpRequest(decodeResult: success, version: HTTP/1.1, content: CompositeByteBuf(ridx: 0, widx: 0, cap: 0, components=0))
GET http://localhost:9000/bower_components/jquery-ui/themes/base/sortable.css HTTP/1.1
Host: localhost:9000
Proxy-Connection: keep-alive
Accept: text/css,*/*;q=0.1
User-Agent: Mozilla/5.0 (X11; Linux x86_64) AppleWebKit/537.36 (KHTML, like Gecko) Chrome/44.0.2403.130 Safari/537.36
Referer: http://localhost:9000/
Accept-Encoding: gzip, deflate, sdch
Accept-Language: en-GB,en-US;q=0.8,en;q=0.6
Content-Length: 0
11:39:50.789 [LittleProxy-ClientToProxyWorker-7] DEBUG o.l.p.impl.ClientToProxyConnection - (AWAITING_INITIAL) [id: 0xa74abe3b, /127.0.0.1:54151 => /127.0.1.1:45224]: Ensuring that hostAndPort are available in http://localhost:9000/bower_components/jquery-ui/themes/base/sortable.css
11:39:50.789 [LittleProxy-ClientToProxyWorker-7] DEBUG o.l.p.impl.ClientToProxyConnection - (AWAITING_INITIAL) [id: 0xa74abe3b, /127.0.0.1:54151 => /127.0.1.1:45224]: Finding ProxyToServerConnection for: localhost:9000
11:39:50.789 [LittleProxy-ClientToProxyWorker-7] DEBUG o.l.p.impl.ClientToProxyConnection - (AWAITING_INITIAL) [id: 0xa74abe3b, /127.0.0.1:54151 => /127.0.1.1:45224]: Reusing existing server connection: org.littleshoot.proxy.impl.ProxyToServerConnection@55df2407
11:39:50.789 [LittleProxy-ClientToProxyWorker-7] DEBUG o.l.p.impl.ClientToProxyConnection - (AWAITING_INITIAL) [id: 0xa74abe3b, /127.0.0.1:54151 => /127.0.1.1:45224]: Modifying request headers for proxying
11:39:50.789 [LittleProxy-ClientToProxyWorker-7] DEBUG o.l.p.impl.ClientToProxyConnection - (AWAITING_INITIAL) [id: 0xa74abe3b, /127.0.0.1:54151 => /127.0.1.1:45224]: Modifying request for proxy chaining
11:39:50.789 [LittleProxy-ClientToProxyWorker-7] DEBUG o.l.p.impl.ClientToProxyConnection - (AWAITING_INITIAL) [id: 0xa74abe3b, /127.0.0.1:54151 => /127.0.1.1:45224]: Stripped host from uri: http://localhost:9000/bower_components/jquery-ui/themes/base/sortable.css    yielding: /bower_components/jquery-ui/themes/base/sortable.css
11:39:50.789 [LittleProxy-ClientToProxyWorker-7] DEBUG o.l.p.impl.ClientToProxyConnection - (AWAITING_INITIAL) [id: 0xa74abe3b, /127.0.0.1:54151 => /127.0.1.1:45224]: Removed sdch and inserted: gzip, deflate, 
11:39:50.789 [LittleProxy-ClientToProxyWorker-7] DEBUG o.l.p.impl.ClientToProxyConnection - (AWAITING_INITIAL) [id: 0xa74abe3b, /127.0.0.1:54151 => /127.0.1.1:45224]: Writing request to ProxyToServerConnection
11:39:50.789 [LittleProxy-ClientToProxyWorker-7] DEBUG o.l.p.impl.ProxyToServerConnection - (AWAITING_INITIAL) [id: 0x97bd59d1, /127.0.0.1:35281 => localhost/127.0.0.1:9000]: Requested write of HttpObjectAggregator$AggregatedFullHttpRequest(decodeResult: success, version: HTTP/1.1, content: CompositeByteBuf(ridx: 0, widx: 0, cap: 0, components=0))
GET /bower_components/jquery-ui/themes/base/sortable.css HTTP/1.1
Host: localhost:9000
Accept: text/css,*/*;q=0.1
User-Agent: Mozilla/5.0 (X11; Linux x86_64) AppleWebKit/537.36 (KHTML, like Gecko) Chrome/44.0.2403.130 Safari/537.36
Referer: http://localhost:9000/
Accept-Language: en-GB,en-US;q=0.8,en;q=0.6
Content-Length: 0
Accept-Encoding: gzip, deflate, 
Via: 1.1 localhost.localdomain
11:39:50.789 [LittleProxy-ClientToProxyWorker-7] DEBUG o.l.p.impl.ProxyToServerConnection - (AWAITING_INITIAL) [id: 0x97bd59d1, /127.0.0.1:35281 => localhost/127.0.0.1:9000]: Retaining reference counted message
11:39:50.789 [LittleProxy-ClientToProxyWorker-7] DEBUG o.l.p.impl.ProxyToServerConnection - (AWAITING_INITIAL) [id: 0x97bd59d1, /127.0.0.1:35281 => localhost/127.0.0.1:9000]: Using existing connection to: localhost/127.0.0.1:9000
11:39:50.789 [LittleProxy-ClientToProxyWorker-7] DEBUG o.l.p.impl.ProxyToServerConnection - (AWAITING_INITIAL) [id: 0x97bd59d1, /127.0.0.1:35281 => localhost/127.0.0.1:9000]: Writing: HttpObjectAggregator$AggregatedFullHttpRequest(decodeResult: success, version: HTTP/1.1, content: CompositeByteBuf(ridx: 0, widx: 0, cap: 0, components=0))
GET /bower_components/jquery-ui/themes/base/sortable.css HTTP/1.1
Host: localhost:9000
Accept: text/css,*/*;q=0.1
User-Agent: Mozilla/5.0 (X11; Linux x86_64) AppleWebKit/537.36 (KHTML, like Gecko) Chrome/44.0.2403.130 Safari/537.36
Referer: http://localhost:9000/
Accept-Language: en-GB,en-US;q=0.8,en;q=0.6
Content-Length: 0
Accept-Encoding: gzip, deflate, 
Via: 1.1 localhost.localdomain
11:39:50.790 [LittleProxy-ClientToProxyWorker-7] DEBUG o.l.p.impl.ProxyToServerConnection - (AWAITING_INITIAL) [id: 0x97bd59d1, /127.0.0.1:35281 => localhost/127.0.0.1:9000]: Writing an empty buffer to signal the end of our chunked transfer
11:39:50.790 [LittleProxy-ClientToProxyWorker-7] DEBUG o.l.p.impl.ProxyToServerConnection - (AWAITING_INITIAL) [id: 0x97bd59d1, /127.0.0.1:35281 => localhost/127.0.0.1:9000]: Wrote: HttpObjectAggregator$AggregatedFullHttpRequest(decodeResult: success, version: HTTP/1.1, content: CompositeByteBuf(ridx: 0, widx: 0, cap: 0, components=0))
GET /bower_components/jquery-ui/themes/base/sortable.css HTTP/1.1
Host: localhost:9000
Accept: text/css,*/*;q=0.1
User-Agent: Mozilla/5.0 (X11; Linux x86_64) AppleWebKit/537.36 (KHTML, like Gecko) Chrome/44.0.2403.130 Safari/537.36
Referer: http://localhost:9000/
Accept-Language: en-GB,en-US;q=0.8,en;q=0.6
Content-Length: 0
Accept-Encoding: gzip, deflate, 
Via: 1.1 localhost.localdomain
11:39:50.800 [LittleProxy-ProxyToServerWorker-7] DEBUG o.l.p.impl.ProxyToServerConnection - (AWAITING_INITIAL) [id: 0x700df78a, /127.0.0.1:35283 => localhost/127.0.0.1:9000]: Remembering the current request.
11:39:50.800 [LittleProxy-ProxyToServerWorker-5] DEBUG o.l.p.impl.ProxyToServerConnection - (AWAITING_INITIAL) [id: 0x97bd59d1, /127.0.0.1:35281 => localhost/127.0.0.1:9000]: Remembering the current request.
11:39:50.800 [LittleProxy-ProxyToServerWorker-7] DEBUG o.l.p.impl.ProxyToServerConnection - (AWAITING_INITIAL) [id: 0x700df78a, /127.0.0.1:35283 => localhost/127.0.0.1:9000]: Reading: DefaultHttpResponse(decodeResult: success, version: HTTP/1.1)
HTTP/1.1 200 OK
Accept-Ranges: bytes
Date: Tue, 08 Sep 2015 10:39:50 GMT
Cache-Control: public, max-age=0
Last-Modified: Fri, 17 Oct 2014 06:40:12 GMT
ETag: W/"WN6TWoUbmrwp3y0qkkM9JA=="
Content-Type: text/css; charset=UTF-8
Content-Length: 1135
Connection: keep-alive
11:39:50.800 [LittleProxy-ProxyToServerWorker-5] DEBUG o.l.p.impl.ProxyToServerConnection - (AWAITING_INITIAL) [id: 0x97bd59d1, /127.0.0.1:35281 => localhost/127.0.0.1:9000]: Reading: DefaultHttpResponse(decodeResult: success, version: HTTP/1.1)
HTTP/1.1 200 OK
Accept-Ranges: bytes
Date: Tue, 08 Sep 2015 10:39:50 GMT
Cache-Control: public, max-age=0
Last-Modified: Fri, 17 Oct 2014 06:40:12 GMT
ETag: W/"GpOqcuK/vsMBEx333mh/QA=="
Content-Type: text/css; charset=UTF-8
Content-Length: 256
Connection: keep-alive
11:39:50.800 [LittleProxy-ProxyToServerWorker-7] DEBUG o.l.p.impl.ProxyToServerConnection - (AWAITING_INITIAL) [id: 0x700df78a, /127.0.0.1:35283 => localhost/127.0.0.1:9000]: Received raw response: DefaultHttpResponse(decodeResult: success, version: HTTP/1.1)
HTTP/1.1 200 OK
Accept-Ranges: bytes
Date: Tue, 08 Sep 2015 10:39:50 GMT
Cache-Control: public, max-age=0
Last-Modified: Fri, 17 Oct 2014 06:40:12 GMT
ETag: W/"WN6TWoUbmrwp3y0qkkM9JA=="
Content-Type: text/css; charset=UTF-8
Content-Length: 1135
Connection: keep-alive
11:39:50.800 [LittleProxy-ProxyToServerWorker-5] DEBUG o.l.p.impl.ProxyToServerConnection - (AWAITING_INITIAL) [id: 0x97bd59d1, /127.0.0.1:35281 => localhost/127.0.0.1:9000]: Received raw response: DefaultHttpResponse(decodeResult: success, version: HTTP/1.1)
HTTP/1.1 200 OK
Accept-Ranges: bytes
Date: Tue, 08 Sep 2015 10:39:50 GMT
Cache-Control: public, max-age=0
Last-Modified: Fri, 17 Oct 2014 06:40:12 GMT
ETag: W/"GpOqcuK/vsMBEx333mh/QA=="
Content-Type: text/css; charset=UTF-8
Content-Length: 256
Connection: keep-alive
11:39:50.800 [LittleProxy-ProxyToServerWorker-7] DEBUG o.l.p.impl.ProxyToServerConnection - (AWAITING_INITIAL) [id: 0x700df78a, /127.0.0.1:35283 => localhost/127.0.0.1:9000]: Remembering the current response.
11:39:50.800 [LittleProxy-ProxyToServerWorker-5] DEBUG o.l.p.impl.ProxyToServerConnection - (AWAITING_INITIAL) [id: 0x97bd59d1, /127.0.0.1:35281 => localhost/127.0.0.1:9000]: Remembering the current response.
11:39:50.801 [LittleProxy-ProxyToServerWorker-5] DEBUG o.l.p.impl.ClientToProxyConnection - (AWAITING_INITIAL) [id: 0xa74abe3b, /127.0.0.1:54151 => /127.0.1.1:45224]: Writing: DefaultHttpResponse(decodeResult: success, version: HTTP/1.1)
HTTP/1.1 200 OK
Accept-Ranges: bytes
Date: Tue, 08 Sep 2015 10:39:50 GMT
Cache-Control: public, max-age=0
Last-Modified: Fri, 17 Oct 2014 06:40:12 GMT
ETag: W/"GpOqcuK/vsMBEx333mh/QA=="
Content-Type: text/css; charset=UTF-8
Content-Length: 256
Via: 1.1 localhost.localdomain
11:39:50.801 [LittleProxy-ProxyToServerWorker-7] DEBUG o.l.p.impl.ClientToProxyConnection - (AWAITING_INITIAL) [id: 0x4dc93f85, /127.0.0.1:54147 => /127.0.1.1:45224]: Writing: DefaultHttpResponse(decodeResult: success, version: HTTP/1.1)
HTTP/1.1 200 OK
Accept-Ranges: bytes
Date: Tue, 08 Sep 2015 10:39:50 GMT
Cache-Control: public, max-age=0
Last-Modified: Fri, 17 Oct 2014 06:40:12 GMT
ETag: W/"WN6TWoUbmrwp3y0qkkM9JA=="
Content-Type: text/css; charset=UTF-8
Content-Length: 1135
Via: 1.1 localhost.localdomain
11:39:50.801 [LittleProxy-ProxyToServerWorker-5] DEBUG o.l.p.impl.ClientToProxyConnection - (AWAITING_INITIAL) [id: 0xa74abe3b, /127.0.0.1:54151 => /127.0.1.1:45224]: Wrote: DefaultHttpResponse(decodeResult: success, version: HTTP/1.1)
HTTP/1.1 200 OK
Accept-Ranges: bytes
Date: Tue, 08 Sep 2015 10:39:50 GMT
Cache-Control: public, max-age=0
Last-Modified: Fri, 17 Oct 2014 06:40:12 GMT
ETag: W/"GpOqcuK/vsMBEx333mh/QA=="
Content-Type: text/css; charset=UTF-8
Content-Length: 256
Via: 1.1 localhost.localdomain
11:39:50.801 [LittleProxy-ProxyToServerWorker-7] DEBUG o.l.p.impl.ClientToProxyConnection - (AWAITING_INITIAL) [id: 0x4dc93f85, /127.0.0.1:54147 => /127.0.1.1:45224]: Wrote: DefaultHttpResponse(decodeResult: success, version: HTTP/1.1)
HTTP/1.1 200 OK
Accept-Ranges: bytes
Date: Tue, 08 Sep 2015 10:39:50 GMT
Cache-Control: public, max-age=0
Last-Modified: Fri, 17 Oct 2014 06:40:12 GMT
ETag: W/"WN6TWoUbmrwp3y0qkkM9JA=="
Content-Type: text/css; charset=UTF-8
Content-Length: 1135
Via: 1.1 localhost.localdomain
11:39:50.801 [LittleProxy-ProxyToServerWorker-5] DEBUG o.l.p.impl.ClientToProxyConnection - (AWAITING_INITIAL) [id: 0xa74abe3b, /127.0.0.1:54151 => /127.0.1.1:45224]: Not closing server connection on middle chunk for /bower_components/jquery-ui/themes/base/sortable.css
11:39:50.801 [LittleProxy-ProxyToServerWorker-7] DEBUG o.l.p.impl.ClientToProxyConnection - (AWAITING_INITIAL) [id: 0x4dc93f85, /127.0.0.1:54147 => /127.0.1.1:45224]: Not closing server connection on middle chunk for /bower_components/jquery-ui/themes/base/selectmenu.css
11:39:50.801 [LittleProxy-ProxyToServerWorker-5] DEBUG o.l.p.impl.ClientToProxyConnection - (AWAITING_INITIAL) [id: 0xa74abe3b, /127.0.0.1:54151 => /127.0.1.1:45224]: Not closing client connection on middle chunk for /bower_components/jquery-ui/themes/base/sortable.css
11:39:50.801 [LittleProxy-ProxyToServerWorker-7] DEBUG o.l.p.impl.ClientToProxyConnection - (AWAITING_INITIAL) [id: 0x4dc93f85, /127.0.0.1:54147 => /127.0.1.1:45224]: Not closing client connection on middle chunk for /bower_components/jquery-ui/themes/base/selectmenu.css
11:39:50.815 [LittleProxy-ProxyToServerWorker-6] DEBUG o.l.p.impl.ProxyToServerConnection - (AWAITING_CHUNK) [id: 0x15efad94, /127.0.0.1:35282 => localhost/127.0.0.1:9000]: Reading: DefaultLastHttpContent(data: SlicedByteBuf(ridx: 0, widx: 1124, cap: 1124/1124, unwrapped: UnpooledUnsafeDirectByteBuf(ridx: 1124, widx: 1124, cap: 8192)), decoderResult: success)
11:39:50.815 [LittleProxy-ProxyToServerWorker-3] DEBUG o.l.p.impl.ProxyToServerConnection - (AWAITING_CHUNK) [id: 0xceaab001, /127.0.0.1:35280 => localhost/127.0.0.1:9000]: Reading: DefaultLastHttpContent(data: SlicedByteBuf(ridx: 0, widx: 2951, cap: 2951/2951, unwrapped: UnpooledUnsafeDirectByteBuf(ridx: 2951, widx: 2951, cap: 32768)), decoderResult: success)
11:39:50.815 [LittleProxy-ProxyToServerWorker-6] DEBUG o.l.p.impl.ClientToProxyConnection - (AWAITING_INITIAL) [id: 0x87242349, /127.0.0.1:54149 => /127.0.1.1:45224]: Retaining reference counted message
11:39:50.815 [LittleProxy-ProxyToServerWorker-3] DEBUG o.l.p.impl.ClientToProxyConnection - (AWAITING_INITIAL) [id: 0x16fa54b8, /127.0.0.1:54150 => /127.0.1.1:45224]: Retaining reference counted message
11:39:50.815 [LittleProxy-ProxyToServerWorker-6] DEBUG o.l.p.impl.ClientToProxyConnection - (AWAITING_INITIAL) [id: 0x87242349, /127.0.0.1:54149 => /127.0.1.1:45224]: Writing: DefaultLastHttpContent(data: SlicedByteBuf(ridx: 0, widx: 1124, cap: 1124/1124, unwrapped: UnpooledUnsafeDirectByteBuf(ridx: 1124, widx: 1124, cap: 8192)), decoderResult: success)
11:39:50.815 [LittleProxy-ProxyToServerWorker-3] DEBUG o.l.p.impl.ClientToProxyConnection - (AWAITING_INITIAL) [id: 0x16fa54b8, /127.0.0.1:54150 => /127.0.1.1:45224]: Writing: DefaultLastHttpContent(data: SlicedByteBuf(ridx: 0, widx: 2951, cap: 2951/2951, unwrapped: UnpooledUnsafeDirectByteBuf(ridx: 2951, widx: 2951, cap: 32768)), decoderResult: success)
11:39:50.815 [LittleProxy-ProxyToServerWorker-3] DEBUG o.l.p.impl.ClientToProxyConnection - (AWAITING_INITIAL) [id: 0x16fa54b8, /127.0.0.1:54150 => /127.0.1.1:45224]: Writing an empty buffer to signal the end of our chunked transfer
11:39:50.815 [LittleProxy-ProxyToServerWorker-6] DEBUG o.l.p.impl.ClientToProxyConnection - (AWAITING_INITIAL) [id: 0x87242349, /127.0.0.1:54149 => /127.0.1.1:45224]: Writing an empty buffer to signal the end of our chunked transfer
11:39:50.815 [LittleProxy-ProxyToServerWorker-3] DEBUG o.l.p.impl.ClientToProxyConnection - (AWAITING_INITIAL) [id: 0x16fa54b8, /127.0.0.1:54150 => /127.0.1.1:45224]: Wrote: DefaultLastHttpContent(data: SlicedByteBuf(ridx: 0, widx: 2951, cap: 2951/2951, unwrapped: UnpooledUnsafeDirectByteBuf(ridx: 2951, widx: 2951, cap: 32768)), decoderResult: success)
11:39:50.815 [LittleProxy-ProxyToServerWorker-6] DEBUG o.l.p.impl.ClientToProxyConnection - (AWAITING_INITIAL) [id: 0x87242349, /127.0.0.1:54149 => /127.0.1.1:45224]: Wrote: DefaultLastHttpContent(data: SlicedByteBuf(ridx: 0, widx: 1124, cap: 1124/1124, unwrapped: UnpooledUnsafeDirectByteBuf(ridx: 1124, widx: 1124, cap: 8192)), decoderResult: success)
11:39:50.815 [LittleProxy-ProxyToServerWorker-3] DEBUG o.l.p.impl.ClientToProxyConnection - (AWAITING_INITIAL) [id: 0x16fa54b8, /127.0.0.1:54150 => /127.0.1.1:45224]: Retaining reference counted message
11:39:50.815 [LittleProxy-ProxyToServerWorker-6] DEBUG o.l.p.impl.ClientToProxyConnection - (AWAITING_INITIAL) [id: 0x87242349, /127.0.0.1:54149 => /127.0.1.1:45224]: Retaining reference counted message
11:39:50.815 [LittleProxy-ProxyToServerWorker-3] DEBUG o.l.p.impl.ClientToProxyConnection - (AWAITING_INITIAL) [id: 0x16fa54b8, /127.0.0.1:54150 => /127.0.1.1:45224]: Writing: EmptyByteBufBE
11:39:50.815 [LittleProxy-ProxyToServerWorker-6] DEBUG o.l.p.impl.ClientToProxyConnection - (AWAITING_INITIAL) [id: 0x87242349, /127.0.0.1:54149 => /127.0.1.1:45224]: Writing: EmptyByteBufBE
11:39:50.815 [LittleProxy-ProxyToServerWorker-3] DEBUG o.l.p.impl.ClientToProxyConnection - (AWAITING_INITIAL) [id: 0x16fa54b8, /127.0.0.1:54150 => /127.0.1.1:45224]: Wrote: EmptyByteBufBE
11:39:50.815 [LittleProxy-ProxyToServerWorker-3] DEBUG o.l.p.impl.ClientToProxyConnection - (AWAITING_INITIAL) [id: 0x16fa54b8, /127.0.0.1:54150 => /127.0.1.1:45224]: Handling last chunk. Using normal server connection closing rules.
11:39:50.815 [LittleProxy-ProxyToServerWorker-6] DEBUG o.l.p.impl.ClientToProxyConnection - (AWAITING_INITIAL) [id: 0x87242349, /127.0.0.1:54149 => /127.0.1.1:45224]: Wrote: EmptyByteBufBE
11:39:50.815 [LittleProxy-ProxyToServerWorker-6] DEBUG o.l.p.impl.ClientToProxyConnection - (AWAITING_INITIAL) [id: 0x87242349, /127.0.0.1:54149 => /127.0.1.1:45224]: Handling last chunk. Using normal server connection closing rules.
11:39:50.815 [LittleProxy-ProxyToServerWorker-3] DEBUG o.l.p.impl.ClientToProxyConnection - (AWAITING_INITIAL) [id: 0x16fa54b8, /127.0.0.1:54150 => /127.0.1.1:45224]: Not closing server connection for response: DefaultHttpResponse(decodeResult: success, version: HTTP/1.1)
HTTP/1.1 200 OK
Accept-Ranges: bytes
Date: Tue, 08 Sep 2015 10:39:50 GMT
Cache-Control: public, max-age=0
Last-Modified: Fri, 17 Oct 2014 06:40:12 GMT
ETag: W/"lANgJzCu1m+bdAPlxpeUsg=="
Content-Type: text/css; charset=UTF-8
Content-Length: 2951
Connection: keep-alive
11:39:50.815 [LittleProxy-ProxyToServerWorker-3] DEBUG o.l.p.impl.ClientToProxyConnection - (AWAITING_INITIAL) [id: 0x16fa54b8, /127.0.0.1:54150 => /127.0.1.1:45224]: Handling last chunk. Using normal client connection closing rules.
11:39:50.815 [LittleProxy-ProxyToServerWorker-6] DEBUG o.l.p.impl.ClientToProxyConnection - (AWAITING_INITIAL) [id: 0x87242349, /127.0.0.1:54149 => /127.0.1.1:45224]: Not closing server connection for response: DefaultHttpResponse(decodeResult: success, version: HTTP/1.1)
HTTP/1.1 200 OK
Accept-Ranges: bytes
Date: Tue, 08 Sep 2015 10:39:50 GMT
Cache-Control: public, max-age=0
Last-Modified: Fri, 17 Oct 2014 06:40:12 GMT
ETag: W/"sv6Z/DqKViBVUwLzaWQ7Iw=="
Content-Type: text/css; charset=UTF-8
Content-Length: 1124
Connection: keep-alive
11:39:50.816 [LittleProxy-ProxyToServerWorker-6] DEBUG o.l.p.impl.ClientToProxyConnection - (AWAITING_INITIAL) [id: 0x87242349, /127.0.0.1:54149 => /127.0.1.1:45224]: Handling last chunk. Using normal client connection closing rules.
11:39:50.816 [LittleProxy-ProxyToServerWorker-3] DEBUG o.l.p.impl.ClientToProxyConnection - (AWAITING_INITIAL) [id: 0x16fa54b8, /127.0.0.1:54150 => /127.0.1.1:45224]: Not closing client connection for request: [FAILED toString()]
11:39:50.817 [LittleProxy-ClientToProxyWorker-6] DEBUG o.l.p.impl.ClientToProxyConnection - (AWAITING_INITIAL) [id: 0x16fa54b8, /127.0.0.1:54150 => /127.0.1.1:45224]: Reading: HttpObjectAggregator$AggregatedFullHttpRequest(decodeResult: success, version: HTTP/1.1, content: CompositeByteBuf(ridx: 0, widx: 0, cap: 0, components=0))
GET http://localhost:9000/bower_components/jquery-ui/themes/base/spinner.css HTTP/1.1
Host: localhost:9000
Proxy-Connection: keep-alive
Accept: text/css,*/*;q=0.1
User-Agent: Mozilla/5.0 (X11; Linux x86_64) AppleWebKit/537.36 (KHTML, like Gecko) Chrome/44.0.2403.130 Safari/537.36
Referer: http://localhost:9000/
Accept-Encoding: gzip, deflate, sdch
Accept-Language: en-GB,en-US;q=0.8,en;q=0.6
Content-Length: 0
11:39:50.817 [LittleProxy-ProxyToServerWorker-6] DEBUG o.l.p.impl.ClientToProxyConnection - (AWAITING_INITIAL) [id: 0x87242349, /127.0.0.1:54149 => /127.0.1.1:45224]: Not closing client connection for request: [FAILED toString()]
11:39:50.817 [LittleProxy-ClientToProxyWorker-6] DEBUG o.l.p.impl.ClientToProxyConnection - (AWAITING_INITIAL) [id: 0x16fa54b8, /127.0.0.1:54150 => /127.0.1.1:45224]: Got request: HttpObjectAggregator$AggregatedFullHttpRequest(decodeResult: success, version: HTTP/1.1, content: CompositeByteBuf(ridx: 0, widx: 0, cap: 0, components=0))
GET http://localhost:9000/bower_components/jquery-ui/themes/base/spinner.css HTTP/1.1
Host: localhost:9000
Proxy-Connection: keep-alive
Accept: text/css,*/*;q=0.1
User-Agent: Mozilla/5.0 (X11; Linux x86_64) AppleWebKit/537.36 (KHTML, like Gecko) Chrome/44.0.2403.130 Safari/537.36
Referer: http://localhost:9000/
Accept-Encoding: gzip, deflate, sdch
Accept-Language: en-GB,en-US;q=0.8,en;q=0.6
Content-Length: 0
11:39:50.817 [LittleProxy-ClientToProxyWorker-5] DEBUG o.l.p.impl.ClientToProxyConnection - (AWAITING_INITIAL) [id: 0x87242349, /127.0.0.1:54149 => /127.0.1.1:45224]: Reading: HttpObjectAggregator$AggregatedFullHttpRequest(decodeResult: success, version: HTTP/1.1, content: CompositeByteBuf(ridx: 0, widx: 0, cap: 0, components=0))
GET http://localhost:9000/bower_components/jquery-ui/themes/base/slider.css HTTP/1.1
Host: localhost:9000
Proxy-Connection: keep-alive
Accept: text/css,*/*;q=0.1
User-Agent: Mozilla/5.0 (X11; Linux x86_64) AppleWebKit/537.36 (KHTML, like Gecko) Chrome/44.0.2403.130 Safari/537.36
Referer: http://localhost:9000/
Accept-Encoding: gzip, deflate, sdch
Accept-Language: en-GB,en-US;q=0.8,en;q=0.6
Content-Length: 0
11:39:50.817 [LittleProxy-ClientToProxyWorker-6] DEBUG o.l.p.impl.ClientToProxyConnection - (AWAITING_INITIAL) [id: 0x16fa54b8, /127.0.0.1:54150 => /127.0.1.1:45224]: Ensuring that hostAndPort are available in http://localhost:9000/bower_components/jquery-ui/themes/base/spinner.css
11:39:50.817 [LittleProxy-ClientToProxyWorker-6] DEBUG o.l.p.impl.ClientToProxyConnection - (AWAITING_INITIAL) [id: 0x16fa54b8, /127.0.0.1:54150 => /127.0.1.1:45224]: Finding ProxyToServerConnection for: localhost:9000
11:39:50.817 [LittleProxy-ClientToProxyWorker-5] DEBUG o.l.p.impl.ClientToProxyConnection - (AWAITING_INITIAL) [id: 0x87242349, /127.0.0.1:54149 => /127.0.1.1:45224]: Got request: HttpObjectAggregator$AggregatedFullHttpRequest(decodeResult: success, version: HTTP/1.1, content: CompositeByteBuf(ridx: 0, widx: 0, cap: 0, components=0))
GET http://localhost:9000/bower_components/jquery-ui/themes/base/slider.css HTTP/1.1
Host: localhost:9000
Proxy-Connection: keep-alive
Accept: text/css,*/*;q=0.1
User-Agent: Mozilla/5.0 (X11; Linux x86_64) AppleWebKit/537.36 (KHTML, like Gecko) Chrome/44.0.2403.130 Safari/537.36
Referer: http://localhost:9000/
Accept-Encoding: gzip, deflate, sdch
Accept-Language: en-GB,en-US;q=0.8,en;q=0.6
Content-Length: 0
11:39:50.817 [LittleProxy-ClientToProxyWorker-6] DEBUG o.l.p.impl.ClientToProxyConnection - (AWAITING_INITIAL) [id: 0x16fa54b8, /127.0.0.1:54150 => /127.0.1.1:45224]: Reusing existing server connection: org.littleshoot.proxy.impl.ProxyToServerConnection@4072e2c4
11:39:50.817 [LittleProxy-ClientToProxyWorker-6] DEBUG o.l.p.impl.ClientToProxyConnection - (AWAITING_INITIAL) [id: 0x16fa54b8, /127.0.0.1:54150 => /127.0.1.1:45224]: Modifying request headers for proxying
11:39:50.817 [LittleProxy-ClientToProxyWorker-6] DEBUG o.l.p.impl.ClientToProxyConnection - (AWAITING_INITIAL) [id: 0x16fa54b8, /127.0.0.1:54150 => /127.0.1.1:45224]: Modifying request for proxy chaining
11:39:50.817 [LittleProxy-ClientToProxyWorker-6] DEBUG o.l.p.impl.ClientToProxyConnection - (AWAITING_INITIAL) [id: 0x16fa54b8, /127.0.0.1:54150 => /127.0.1.1:45224]: Stripped host from uri: http://localhost:9000/bower_components/jquery-ui/themes/base/spinner.css    yielding: /bower_components/jquery-ui/themes/base/spinner.css
11:39:50.817 [LittleProxy-ClientToProxyWorker-6] DEBUG o.l.p.impl.ClientToProxyConnection - (AWAITING_INITIAL) [id: 0x16fa54b8, /127.0.0.1:54150 => /127.0.1.1:45224]: Removed sdch and inserted: gzip, deflate, 
11:39:50.817 [LittleProxy-ClientToProxyWorker-5] DEBUG o.l.p.impl.ClientToProxyConnection - (AWAITING_INITIAL) [id: 0x87242349, /127.0.0.1:54149 => /127.0.1.1:45224]: Ensuring that hostAndPort are available in http://localhost:9000/bower_components/jquery-ui/themes/base/slider.css
11:39:50.817 [LittleProxy-ClientToProxyWorker-5] DEBUG o.l.p.impl.ClientToProxyConnection - (AWAITING_INITIAL) [id: 0x87242349, /127.0.0.1:54149 => /127.0.1.1:45224]: Finding ProxyToServerConnection for: localhost:9000
11:39:50.817 [LittleProxy-ClientToProxyWorker-6] DEBUG o.l.p.impl.ClientToProxyConnection - (AWAITING_INITIAL) [id: 0x16fa54b8, /127.0.0.1:54150 => /127.0.1.1:45224]: Writing request to ProxyToServerConnection
11:39:50.817 [LittleProxy-ClientToProxyWorker-5] DEBUG o.l.p.impl.ClientToProxyConnection - (AWAITING_INITIAL) [id: 0x87242349, /127.0.0.1:54149 => /127.0.1.1:45224]: Reusing existing server connection: org.littleshoot.proxy.impl.ProxyToServerConnection@19d9ddb6
11:39:50.817 [LittleProxy-ClientToProxyWorker-5] DEBUG o.l.p.impl.ClientToProxyConnection - (AWAITING_INITIAL) [id: 0x87242349, /127.0.0.1:54149 => /127.0.1.1:45224]: Modifying request headers for proxying
11:39:50.817 [LittleProxy-ClientToProxyWorker-6] DEBUG o.l.p.impl.ProxyToServerConnection - (AWAITING_INITIAL) [id: 0xceaab001, /127.0.0.1:35280 => localhost/127.0.0.1:9000]: Requested write of HttpObjectAggregator$AggregatedFullHttpRequest(decodeResult: success, version: HTTP/1.1, content: CompositeByteBuf(ridx: 0, widx: 0, cap: 0, components=0))
GET /bower_components/jquery-ui/themes/base/spinner.css HTTP/1.1
Host: localhost:9000
Accept: text/css,*/*;q=0.1
User-Agent: Mozilla/5.0 (X11; Linux x86_64) AppleWebKit/537.36 (KHTML, like Gecko) Chrome/44.0.2403.130 Safari/537.36
Referer: http://localhost:9000/
Accept-Language: en-GB,en-US;q=0.8,en;q=0.6
Content-Length: 0
Accept-Encoding: gzip, deflate, 
Via: 1.1 localhost.localdomain
11:39:50.817 [LittleProxy-ClientToProxyWorker-5] DEBUG o.l.p.impl.ClientToProxyConnection - (AWAITING_INITIAL) [id: 0x87242349, /127.0.0.1:54149 => /127.0.1.1:45224]: Modifying request for proxy chaining
11:39:50.817 [LittleProxy-ClientToProxyWorker-6] DEBUG o.l.p.impl.ProxyToServerConnection - (AWAITING_INITIAL) [id: 0xceaab001, /127.0.0.1:35280 => localhost/127.0.0.1:9000]: Retaining reference counted message
11:39:50.818 [LittleProxy-ClientToProxyWorker-5] DEBUG o.l.p.impl.ClientToProxyConnection - (AWAITING_INITIAL) [id: 0x87242349, /127.0.0.1:54149 => /127.0.1.1:45224]: Stripped host from uri: http://localhost:9000/bower_components/jquery-ui/themes/base/slider.css    yielding: /bower_components/jquery-ui/themes/base/slider.css
11:39:50.818 [LittleProxy-ClientToProxyWorker-6] DEBUG o.l.p.impl.ProxyToServerConnection - (AWAITING_INITIAL) [id: 0xceaab001, /127.0.0.1:35280 => localhost/127.0.0.1:9000]: Using existing connection to: localhost/127.0.0.1:9000
11:39:50.818 [LittleProxy-ClientToProxyWorker-5] DEBUG o.l.p.impl.ClientToProxyConnection - (AWAITING_INITIAL) [id: 0x87242349, /127.0.0.1:54149 => /127.0.1.1:45224]: Removed sdch and inserted: gzip, deflate, 
11:39:50.818 [LittleProxy-ClientToProxyWorker-6] DEBUG o.l.p.impl.ProxyToServerConnection - (AWAITING_INITIAL) [id: 0xceaab001, /127.0.0.1:35280 => localhost/127.0.0.1:9000]: Writing: HttpObjectAggregator$AggregatedFullHttpRequest(decodeResult: success, version: HTTP/1.1, content: CompositeByteBuf(ridx: 0, widx: 0, cap: 0, components=0))
GET /bower_components/jquery-ui/themes/base/spinner.css HTTP/1.1
Host: localhost:9000
Accept: text/css,*/*;q=0.1
User-Agent: Mozilla/5.0 (X11; Linux x86_64) AppleWebKit/537.36 (KHTML, like Gecko) Chrome/44.0.2403.130 Safari/537.36
Referer: http://localhost:9000/
Accept-Language: en-GB,en-US;q=0.8,en;q=0.6
Content-Length: 0
Accept-Encoding: gzip, deflate, 
Via: 1.1 localhost.localdomain
11:39:50.818 [LittleProxy-ClientToProxyWorker-6] DEBUG o.l.p.impl.ProxyToServerConnection - (AWAITING_INITIAL) [id: 0xceaab001, /127.0.0.1:35280 => localhost/127.0.0.1:9000]: Writing an empty buffer to signal the end of our chunked transfer
11:39:50.818 [LittleProxy-ClientToProxyWorker-5] DEBUG o.l.p.impl.ClientToProxyConnection - (AWAITING_INITIAL) [id: 0x87242349, /127.0.0.1:54149 => /127.0.1.1:45224]: Writing request to ProxyToServerConnection
11:39:50.818 [LittleProxy-ClientToProxyWorker-5] DEBUG o.l.p.impl.ProxyToServerConnection - (AWAITING_INITIAL) [id: 0x15efad94, /127.0.0.1:35282 => localhost/127.0.0.1:9000]: Requested write of HttpObjectAggregator$AggregatedFullHttpRequest(decodeResult: success, version: HTTP/1.1, content: CompositeByteBuf(ridx: 0, widx: 0, cap: 0, components=0))
GET /bower_components/jquery-ui/themes/base/slider.css HTTP/1.1
Host: localhost:9000
Accept: text/css,*/*;q=0.1
User-Agent: Mozilla/5.0 (X11; Linux x86_64) AppleWebKit/537.36 (KHTML, like Gecko) Chrome/44.0.2403.130 Safari/537.36
Referer: http://localhost:9000/
Accept-Language: en-GB,en-US;q=0.8,en;q=0.6
Content-Length: 0
Accept-Encoding: gzip, deflate, 
Via: 1.1 localhost.localdomain
11:39:50.818 [LittleProxy-ClientToProxyWorker-6] DEBUG o.l.p.impl.ProxyToServerConnection - (AWAITING_INITIAL) [id: 0xceaab001, /127.0.0.1:35280 => localhost/127.0.0.1:9000]: Wrote: HttpObjectAggregator$AggregatedFullHttpRequest(decodeResult: success, version: HTTP/1.1, content: CompositeByteBuf(ridx: 0, widx: 0, cap: 0, components=0))
GET /bower_components/jquery-ui/themes/base/spinner.css HTTP/1.1
Host: localhost:9000
Accept: text/css,*/*;q=0.1
User-Agent: Mozilla/5.0 (X11; Linux x86_64) AppleWebKit/537.36 (KHTML, like Gecko) Chrome/44.0.2403.130 Safari/537.36
Referer: http://localhost:9000/
Accept-Language: en-GB,en-US;q=0.8,en;q=0.6
Content-Length: 0
Accept-Encoding: gzip, deflate, 
Via: 1.1 localhost.localdomain
11:39:50.818 [LittleProxy-ClientToProxyWorker-5] DEBUG o.l.p.impl.ProxyToServerConnection - (AWAITING_INITIAL) [id: 0x15efad94, /127.0.0.1:35282 => localhost/127.0.0.1:9000]: Retaining reference counted message
11:39:50.819 [LittleProxy-ClientToProxyWorker-5] DEBUG o.l.p.impl.ProxyToServerConnection - (AWAITING_INITIAL) [id: 0x15efad94, /127.0.0.1:35282 => localhost/127.0.0.1:9000]: Using existing connection to: localhost/127.0.0.1:9000
11:39:50.819 [LittleProxy-ClientToProxyWorker-5] DEBUG o.l.p.impl.ProxyToServerConnection - (AWAITING_INITIAL) [id: 0x15efad94, /127.0.0.1:35282 => localhost/127.0.0.1:9000]: Writing: HttpObjectAggregator$AggregatedFullHttpRequest(decodeResult: success, version: HTTP/1.1, content: CompositeByteBuf(ridx: 0, widx: 0, cap: 0, components=0))
GET /bower_components/jquery-ui/themes/base/slider.css HTTP/1.1
Host: localhost:9000
Accept: text/css,*/*;q=0.1
User-Agent: Mozilla/5.0 (X11; Linux x86_64) AppleWebKit/537.36 (KHTML, like Gecko) Chrome/44.0.2403.130 Safari/537.36
Referer: http://localhost:9000/
Accept-Language: en-GB,en-US;q=0.8,en;q=0.6
Content-Length: 0
Accept-Encoding: gzip, deflate, 
Via: 1.1 localhost.localdomain
11:39:50.819 [LittleProxy-ClientToProxyWorker-5] DEBUG o.l.p.impl.ProxyToServerConnection - (AWAITING_INITIAL) [id: 0x15efad94, /127.0.0.1:35282 => localhost/127.0.0.1:9000]: Writing an empty buffer to signal the end of our chunked transfer
11:39:50.819 [LittleProxy-ClientToProxyWorker-5] DEBUG o.l.p.impl.ProxyToServerConnection - (AWAITING_INITIAL) [id: 0x15efad94, /127.0.0.1:35282 => localhost/127.0.0.1:9000]: Wrote: HttpObjectAggregator$AggregatedFullHttpRequest(decodeResult: success, version: HTTP/1.1, content: CompositeByteBuf(ridx: 0, widx: 0, cap: 0, components=0))
GET /bower_components/jquery-ui/themes/base/slider.css HTTP/1.1
Host: localhost:9000
Accept: text/css,*/*;q=0.1
User-Agent: Mozilla/5.0 (X11; Linux x86_64) AppleWebKit/537.36 (KHTML, like Gecko) Chrome/44.0.2403.130 Safari/537.36
Referer: http://localhost:9000/
Accept-Language: en-GB,en-US;q=0.8,en;q=0.6
Content-Length: 0
Accept-Encoding: gzip, deflate, 
Via: 1.1 localhost.localdomain
11:39:50.819 [LittleProxy-ProxyToServerWorker-2] DEBUG o.l.p.impl.ProxyToServerConnection - (AWAITING_CHUNK) [id: 0x9953b61f, /127.0.0.1:35274 => localhost/127.0.0.1:9000]: Reading: DefaultLastHttpContent(data: SlicedByteBuf(ridx: 0, widx: 1203, cap: 1203/1203, unwrapped: UnpooledUnsafeDirectByteBuf(ridx: 1203, widx: 1203, cap: 16384)), decoderResult: success)
11:39:50.819 [LittleProxy-ProxyToServerWorker-4] DEBUG o.l.p.impl.ProxyToServerConnection - (AWAITING_CHUNK) [id: 0xb51d3331, /127.0.0.1:35284 => localhost/127.0.0.1:9000]: Reading: DefaultLastHttpContent(data: SlicedByteBuf(ridx: 0, widx: 342, cap: 342/342, unwrapped: UnpooledUnsafeDirectByteBuf(ridx: 342, widx: 342, cap: 512)), decoderResult: success)
11:39:50.819 [LittleProxy-ProxyToServerWorker-2] DEBUG o.l.p.impl.ClientToProxyConnection - (AWAITING_INITIAL) [id: 0xe726451f, /127.0.0.1:54145 => /127.0.1.1:45224]: Retaining reference counted message
11:39:50.819 [LittleProxy-ProxyToServerWorker-4] DEBUG o.l.p.impl.ClientToProxyConnection - (AWAITING_INITIAL) [id: 0x1e5765f0, /127.0.0.1:54148 => /127.0.1.1:45224]: Retaining reference counted message
11:39:50.819 [LittleProxy-ProxyToServerWorker-2] DEBUG o.l.p.impl.ClientToProxyConnection - (AWAITING_INITIAL) [id: 0xe726451f, /127.0.0.1:54145 => /127.0.1.1:45224]: Writing: DefaultLastHttpContent(data: SlicedByteBuf(ridx: 0, widx: 1203, cap: 1203/1203, unwrapped: UnpooledUnsafeDirectByteBuf(ridx: 1203, widx: 1203, cap: 16384)), decoderResult: success)
11:39:50.819 [LittleProxy-ProxyToServerWorker-4] DEBUG o.l.p.impl.ClientToProxyConnection - (AWAITING_INITIAL) [id: 0x1e5765f0, /127.0.0.1:54148 => /127.0.1.1:45224]: Writing: DefaultLastHttpContent(data: SlicedByteBuf(ridx: 0, widx: 342, cap: 342/342, unwrapped: UnpooledUnsafeDirectByteBuf(ridx: 342, widx: 342, cap: 512)), decoderResult: success)
11:39:50.819 [LittleProxy-ProxyToServerWorker-2] DEBUG o.l.p.impl.ClientToProxyConnection - (AWAITING_INITIAL) [id: 0xe726451f, /127.0.0.1:54145 => /127.0.1.1:45224]: Writing an empty buffer to signal the end of our chunked transfer
11:39:50.819 [LittleProxy-ProxyToServerWorker-4] DEBUG o.l.p.impl.ClientToProxyConnection - (AWAITING_INITIAL) [id: 0x1e5765f0, /127.0.0.1:54148 => /127.0.1.1:45224]: Writing an empty buffer to signal the end of our chunked transfer
11:39:50.819 [LittleProxy-ProxyToServerWorker-2] DEBUG o.l.p.impl.ClientToProxyConnection - (AWAITING_INITIAL) [id: 0xe726451f, /127.0.0.1:54145 => /127.0.1.1:45224]: Wrote: DefaultLastHttpContent(data: SlicedByteBuf(ridx: 0, widx: 1203, cap: 1203/1203, unwrapped: UnpooledUnsafeDirectByteBuf(ridx: 1203, widx: 1203, cap: 16384)), decoderResult: success)
11:39:50.819 [LittleProxy-ProxyToServerWorker-4] DEBUG o.l.p.impl.ClientToProxyConnection - (AWAITING_INITIAL) [id: 0x1e5765f0, /127.0.0.1:54148 => /127.0.1.1:45224]: Wrote: DefaultLastHttpContent(data: SlicedByteBuf(ridx: 0, widx: 342, cap: 342/342, unwrapped: UnpooledUnsafeDirectByteBuf(ridx: 342, widx: 342, cap: 512)), decoderResult: success)
11:39:50.819 [LittleProxy-ProxyToServerWorker-2] DEBUG o.l.p.impl.ClientToProxyConnection - (AWAITING_INITIAL) [id: 0xe726451f, /127.0.0.1:54145 => /127.0.1.1:45224]: Retaining reference counted message
11:39:50.819 [LittleProxy-ProxyToServerWorker-4] DEBUG o.l.p.impl.ClientToProxyConnection - (AWAITING_INITIAL) [id: 0x1e5765f0, /127.0.0.1:54148 => /127.0.1.1:45224]: Retaining reference counted message
11:39:50.819 [LittleProxy-ProxyToServerWorker-2] DEBUG o.l.p.impl.ClientToProxyConnection - (AWAITING_INITIAL) [id: 0xe726451f, /127.0.0.1:54145 => /127.0.1.1:45224]: Writing: EmptyByteBufBE
11:39:50.819 [LittleProxy-ProxyToServerWorker-4] DEBUG o.l.p.impl.ClientToProxyConnection - (AWAITING_INITIAL) [id: 0x1e5765f0, /127.0.0.1:54148 => /127.0.1.1:45224]: Writing: EmptyByteBufBE
11:39:50.819 [LittleProxy-ProxyToServerWorker-2] DEBUG o.l.p.impl.ClientToProxyConnection - (AWAITING_INITIAL) [id: 0xe726451f, /127.0.0.1:54145 => /127.0.1.1:45224]: Wrote: EmptyByteBufBE
11:39:50.819 [LittleProxy-ProxyToServerWorker-4] DEBUG o.l.p.impl.ClientToProxyConnection - (AWAITING_INITIAL) [id: 0x1e5765f0, /127.0.0.1:54148 => /127.0.1.1:45224]: Wrote: EmptyByteBufBE
11:39:50.819 [LittleProxy-ProxyToServerWorker-2] DEBUG o.l.p.impl.ClientToProxyConnection - (AWAITING_INITIAL) [id: 0xe726451f, /127.0.0.1:54145 => /127.0.1.1:45224]: Handling last chunk. Using normal server connection closing rules.
11:39:50.819 [LittleProxy-ProxyToServerWorker-4] DEBUG o.l.p.impl.ClientToProxyConnection - (AWAITING_INITIAL) [id: 0x1e5765f0, /127.0.0.1:54148 => /127.0.1.1:45224]: Handling last chunk. Using normal server connection closing rules.
11:39:50.819 [LittleProxy-ProxyToServerWorker-2] DEBUG o.l.p.impl.ClientToProxyConnection - (AWAITING_INITIAL) [id: 0xe726451f, /127.0.0.1:54145 => /127.0.1.1:45224]: Not closing server connection for response: DefaultHttpResponse(decodeResult: success, version: HTTP/1.1)
HTTP/1.1 200 OK
Accept-Ranges: bytes
Date: Tue, 08 Sep 2015 10:39:50 GMT
Cache-Control: public, max-age=0
Last-Modified: Fri, 17 Oct 2014 06:40:12 GMT
ETag: W/"U6N05LgWV45k/hTto/1yCA=="
Content-Type: text/css; charset=UTF-8
Content-Length: 1203
Connection: keep-alive
11:39:50.819 [LittleProxy-ProxyToServerWorker-4] DEBUG o.l.p.impl.ClientToProxyConnection - (AWAITING_INITIAL) [id: 0x1e5765f0, /127.0.0.1:54148 => /127.0.1.1:45224]: Not closing server connection for response: DefaultHttpResponse(decodeResult: success, version: HTTP/1.1)
HTTP/1.1 200 OK
Accept-Ranges: bytes
Date: Tue, 08 Sep 2015 10:39:50 GMT
Cache-Control: public, max-age=0
Last-Modified: Fri, 17 Oct 2014 06:40:12 GMT
ETag: W/"6swqLuWkw0n7FfY9djtj4w=="
Content-Type: text/css; charset=UTF-8
Content-Length: 342
Connection: keep-alive
11:39:50.819 [LittleProxy-ProxyToServerWorker-2] DEBUG o.l.p.impl.ClientToProxyConnection - (AWAITING_INITIAL) [id: 0xe726451f, /127.0.0.1:54145 => /127.0.1.1:45224]: Handling last chunk. Using normal client connection closing rules.
11:39:50.819 [LittleProxy-ProxyToServerWorker-4] DEBUG o.l.p.impl.ClientToProxyConnection - (AWAITING_INITIAL) [id: 0x1e5765f0, /127.0.0.1:54148 => /127.0.1.1:45224]: Handling last chunk. Using normal client connection closing rules.
11:39:50.820 [LittleProxy-ProxyToServerWorker-2] DEBUG o.l.p.impl.ClientToProxyConnection - (AWAITING_INITIAL) [id: 0xe726451f, /127.0.0.1:54145 => /127.0.1.1:45224]: Not closing client connection for request: [FAILED toString()]
11:39:50.820 [LittleProxy-ProxyToServerWorker-4] DEBUG o.l.p.impl.ClientToProxyConnection - (AWAITING_INITIAL) [id: 0x1e5765f0, /127.0.0.1:54148 => /127.0.1.1:45224]: Not closing client connection for request: [FAILED toString()]
11:39:50.820 [LittleProxy-ClientToProxyWorker-2] DEBUG o.l.p.impl.ClientToProxyConnection - (AWAITING_INITIAL) [id: 0xe726451f, /127.0.0.1:54145 => /127.0.1.1:45224]: Reading: HttpObjectAggregator$AggregatedFullHttpRequest(decodeResult: success, version: HTTP/1.1, content: CompositeByteBuf(ridx: 0, widx: 0, cap: 0, components=0))
GET http://localhost:9000/bower_components/jquery-ui/themes/base/tabs.css HTTP/1.1
Host: localhost:9000
Proxy-Connection: keep-alive
Accept: text/css,*/*;q=0.1
User-Agent: Mozilla/5.0 (X11; Linux x86_64) AppleWebKit/537.36 (KHTML, like Gecko) Chrome/44.0.2403.130 Safari/537.36
Referer: http://localhost:9000/
Accept-Encoding: gzip, deflate, sdch
Accept-Language: en-GB,en-US;q=0.8,en;q=0.6
Content-Length: 0
11:39:50.820 [LittleProxy-ClientToProxyWorker-2] DEBUG o.l.p.impl.ClientToProxyConnection - (AWAITING_INITIAL) [id: 0xe726451f, /127.0.0.1:54145 => /127.0.1.1:45224]: Got request: HttpObjectAggregator$AggregatedFullHttpRequest(decodeResult: success, version: HTTP/1.1, content: CompositeByteBuf(ridx: 0, widx: 0, cap: 0, components=0))
GET http://localhost:9000/bower_components/jquery-ui/themes/base/tabs.css HTTP/1.1
Host: localhost:9000
Proxy-Connection: keep-alive
Accept: text/css,*/*;q=0.1
User-Agent: Mozilla/5.0 (X11; Linux x86_64) AppleWebKit/537.36 (KHTML, like Gecko) Chrome/44.0.2403.130 Safari/537.36
Referer: http://localhost:9000/
Accept-Encoding: gzip, deflate, sdch
Accept-Language: en-GB,en-US;q=0.8,en;q=0.6
Content-Length: 0
11:39:50.821 [LittleProxy-ClientToProxyWorker-2] DEBUG o.l.p.impl.ClientToProxyConnection - (AWAITING_INITIAL) [id: 0xe726451f, /127.0.0.1:54145 => /127.0.1.1:45224]: Ensuring that hostAndPort are available in http://localhost:9000/bower_components/jquery-ui/themes/base/tabs.css
11:39:50.821 [LittleProxy-ClientToProxyWorker-2] DEBUG o.l.p.impl.ClientToProxyConnection - (AWAITING_INITIAL) [id: 0xe726451f, /127.0.0.1:54145 => /127.0.1.1:45224]: Finding ProxyToServerConnection for: localhost:9000
11:39:50.821 [LittleProxy-ClientToProxyWorker-2] DEBUG o.l.p.impl.ClientToProxyConnection - (AWAITING_INITIAL) [id: 0xe726451f, /127.0.0.1:54145 => /127.0.1.1:45224]: Reusing existing server connection: org.littleshoot.proxy.impl.ProxyToServerConnection@210dcfa0
11:39:50.821 [LittleProxy-ClientToProxyWorker-2] DEBUG o.l.p.impl.ClientToProxyConnection - (AWAITING_INITIAL) [id: 0xe726451f, /127.0.0.1:54145 => /127.0.1.1:45224]: Modifying request headers for proxying
11:39:50.821 [LittleProxy-ClientToProxyWorker-2] DEBUG o.l.p.impl.ClientToProxyConnection - (AWAITING_INITIAL) [id: 0xe726451f, /127.0.0.1:54145 => /127.0.1.1:45224]: Modifying request for proxy chaining
11:39:50.821 [LittleProxy-ClientToProxyWorker-2] DEBUG o.l.p.impl.ClientToProxyConnection - (AWAITING_INITIAL) [id: 0xe726451f, /127.0.0.1:54145 => /127.0.1.1:45224]: Stripped host from uri: http://localhost:9000/bower_components/jquery-ui/themes/base/tabs.css    yielding: /bower_components/jquery-ui/themes/base/tabs.css
11:39:50.821 [LittleProxy-ClientToProxyWorker-2] DEBUG o.l.p.impl.ClientToProxyConnection - (AWAITING_INITIAL) [id: 0xe726451f, /127.0.0.1:54145 => /127.0.1.1:45224]: Removed sdch and inserted: gzip, deflate, 
11:39:50.821 [LittleProxy-ClientToProxyWorker-2] DEBUG o.l.p.impl.ClientToProxyConnection - (AWAITING_INITIAL) [id: 0xe726451f, /127.0.0.1:54145 => /127.0.1.1:45224]: Writing request to ProxyToServerConnection
11:39:50.821 [LittleProxy-ClientToProxyWorker-2] DEBUG o.l.p.impl.ProxyToServerConnection - (AWAITING_INITIAL) [id: 0x9953b61f, /127.0.0.1:35274 => localhost/127.0.0.1:9000]: Requested write of HttpObjectAggregator$AggregatedFullHttpRequest(decodeResult: success, version: HTTP/1.1, content: CompositeByteBuf(ridx: 0, widx: 0, cap: 0, components=0))
GET /bower_components/jquery-ui/themes/base/tabs.css HTTP/1.1
Host: localhost:9000
Accept: text/css,*/*;q=0.1
User-Agent: Mozilla/5.0 (X11; Linux x86_64) AppleWebKit/537.36 (KHTML, like Gecko) Chrome/44.0.2403.130 Safari/537.36
Referer: http://localhost:9000/
Accept-Language: en-GB,en-US;q=0.8,en;q=0.6
Content-Length: 0
Accept-Encoding: gzip, deflate, 
Via: 1.1 localhost.localdomain
11:39:50.821 [LittleProxy-ClientToProxyWorker-2] DEBUG o.l.p.impl.ProxyToServerConnection - (AWAITING_INITIAL) [id: 0x9953b61f, /127.0.0.1:35274 => localhost/127.0.0.1:9000]: Retaining reference counted message
11:39:50.821 [LittleProxy-ClientToProxyWorker-2] DEBUG o.l.p.impl.ProxyToServerConnection - (AWAITING_INITIAL) [id: 0x9953b61f, /127.0.0.1:35274 => localhost/127.0.0.1:9000]: Using existing connection to: localhost/127.0.0.1:9000
11:39:50.821 [LittleProxy-ClientToProxyWorker-2] DEBUG o.l.p.impl.ProxyToServerConnection - (AWAITING_INITIAL) [id: 0x9953b61f, /127.0.0.1:35274 => localhost/127.0.0.1:9000]: Writing: HttpObjectAggregator$AggregatedFullHttpRequest(decodeResult: success, version: HTTP/1.1, content: CompositeByteBuf(ridx: 0, widx: 0, cap: 0, components=0))
GET /bower_components/jquery-ui/themes/base/tabs.css HTTP/1.1
Host: localhost:9000
Accept: text/css,*/*;q=0.1
User-Agent: Mozilla/5.0 (X11; Linux x86_64) AppleWebKit/537.36 (KHTML, like Gecko) Chrome/44.0.2403.130 Safari/537.36
Referer: http://localhost:9000/
Accept-Language: en-GB,en-US;q=0.8,en;q=0.6
Content-Length: 0
Accept-Encoding: gzip, deflate, 
Via: 1.1 localhost.localdomain
11:39:50.821 [LittleProxy-ClientToProxyWorker-2] DEBUG o.l.p.impl.ProxyToServerConnection - (AWAITING_INITIAL) [id: 0x9953b61f, /127.0.0.1:35274 => localhost/127.0.0.1:9000]: Writing an empty buffer to signal the end of our chunked transfer
11:39:50.821 [LittleProxy-ClientToProxyWorker-2] DEBUG o.l.p.impl.ProxyToServerConnection - (AWAITING_INITIAL) [id: 0x9953b61f, /127.0.0.1:35274 => localhost/127.0.0.1:9000]: Wrote: HttpObjectAggregator$AggregatedFullHttpRequest(decodeResult: success, version: HTTP/1.1, content: CompositeByteBuf(ridx: 0, widx: 0, cap: 0, components=0))
GET /bower_components/jquery-ui/themes/base/tabs.css HTTP/1.1
Host: localhost:9000
Accept: text/css,*/*;q=0.1
User-Agent: Mozilla/5.0 (X11; Linux x86_64) AppleWebKit/537.36 (KHTML, like Gecko) Chrome/44.0.2403.130 Safari/537.36
Referer: http://localhost:9000/
Accept-Language: en-GB,en-US;q=0.8,en;q=0.6
Content-Length: 0
Accept-Encoding: gzip, deflate, 
Via: 1.1 localhost.localdomain
11:39:50.821 [LittleProxy-ClientToProxyWorker-4] DEBUG o.l.p.impl.ClientToProxyConnection - (AWAITING_INITIAL) [id: 0x1e5765f0, /127.0.0.1:54148 => /127.0.1.1:45224]: Reading: HttpObjectAggregator$AggregatedFullHttpRequest(decodeResult: success, version: HTTP/1.1, content: CompositeByteBuf(ridx: 0, widx: 0, cap: 0, components=0))
GET http://localhost:9000/bower_components/jquery-ui/themes/base/tooltip.css HTTP/1.1
Host: localhost:9000
Proxy-Connection: keep-alive
Accept: text/css,*/*;q=0.1
User-Agent: Mozilla/5.0 (X11; Linux x86_64) AppleWebKit/537.36 (KHTML, like Gecko) Chrome/44.0.2403.130 Safari/537.36
Referer: http://localhost:9000/
Accept-Encoding: gzip, deflate, sdch
Accept-Language: en-GB,en-US;q=0.8,en;q=0.6
Content-Length: 0
11:39:50.821 [LittleProxy-ClientToProxyWorker-4] DEBUG o.l.p.impl.ClientToProxyConnection - (AWAITING_INITIAL) [id: 0x1e5765f0, /127.0.0.1:54148 => /127.0.1.1:45224]: Got request: HttpObjectAggregator$AggregatedFullHttpRequest(decodeResult: success, version: HTTP/1.1, content: CompositeByteBuf(ridx: 0, widx: 0, cap: 0, components=0))
GET http://localhost:9000/bower_components/jquery-ui/themes/base/tooltip.css HTTP/1.1
Host: localhost:9000
Proxy-Connection: keep-alive
Accept: text/css,*/*;q=0.1
User-Agent: Mozilla/5.0 (X11; Linux x86_64) AppleWebKit/537.36 (KHTML, like Gecko) Chrome/44.0.2403.130 Safari/537.36
Referer: http://localhost:9000/
Accept-Encoding: gzip, deflate, sdch
Accept-Language: en-GB,en-US;q=0.8,en;q=0.6
Content-Length: 0
11:39:50.822 [LittleProxy-ClientToProxyWorker-4] DEBUG o.l.p.impl.ClientToProxyConnection - (AWAITING_INITIAL) [id: 0x1e5765f0, /127.0.0.1:54148 => /127.0.1.1:45224]: Ensuring that hostAndPort are available in http://localhost:9000/bower_components/jquery-ui/themes/base/tooltip.css
11:39:50.822 [LittleProxy-ClientToProxyWorker-4] DEBUG o.l.p.impl.ClientToProxyConnection - (AWAITING_INITIAL) [id: 0x1e5765f0, /127.0.0.1:54148 => /127.0.1.1:45224]: Finding ProxyToServerConnection for: localhost:9000
11:39:50.822 [LittleProxy-ClientToProxyWorker-4] DEBUG o.l.p.impl.ClientToProxyConnection - (AWAITING_INITIAL) [id: 0x1e5765f0, /127.0.0.1:54148 => /127.0.1.1:45224]: Reusing existing server connection: org.littleshoot.proxy.impl.ProxyToServerConnection@4d318448
11:39:50.822 [LittleProxy-ClientToProxyWorker-4] DEBUG o.l.p.impl.ClientToProxyConnection - (AWAITING_INITIAL) [id: 0x1e5765f0, /127.0.0.1:54148 => /127.0.1.1:45224]: Modifying request headers for proxying
11:39:50.822 [LittleProxy-ClientToProxyWorker-4] DEBUG o.l.p.impl.ClientToProxyConnection - (AWAITING_INITIAL) [id: 0x1e5765f0, /127.0.0.1:54148 => /127.0.1.1:45224]: Modifying request for proxy chaining
11:39:50.822 [LittleProxy-ClientToProxyWorker-4] DEBUG o.l.p.impl.ClientToProxyConnection - (AWAITING_INITIAL) [id: 0x1e5765f0, /127.0.0.1:54148 => /127.0.1.1:45224]: Stripped host from uri: http://localhost:9000/bower_components/jquery-ui/themes/base/tooltip.css    yielding: /bower_components/jquery-ui/themes/base/tooltip.css
11:39:50.822 [LittleProxy-ClientToProxyWorker-4] DEBUG o.l.p.impl.ClientToProxyConnection - (AWAITING_INITIAL) [id: 0x1e5765f0, /127.0.0.1:54148 => /127.0.1.1:45224]: Removed sdch and inserted: gzip, deflate, 
11:39:50.822 [LittleProxy-ClientToProxyWorker-4] DEBUG o.l.p.impl.ClientToProxyConnection - (AWAITING_INITIAL) [id: 0x1e5765f0, /127.0.0.1:54148 => /127.0.1.1:45224]: Writing request to ProxyToServerConnection
11:39:50.822 [LittleProxy-ClientToProxyWorker-4] DEBUG o.l.p.impl.ProxyToServerConnection - (AWAITING_INITIAL) [id: 0xb51d3331, /127.0.0.1:35284 => localhost/127.0.0.1:9000]: Requested write of HttpObjectAggregator$AggregatedFullHttpRequest(decodeResult: success, version: HTTP/1.1, content: CompositeByteBuf(ridx: 0, widx: 0, cap: 0, components=0))
GET /bower_components/jquery-ui/themes/base/tooltip.css HTTP/1.1
Host: localhost:9000
Accept: text/css,*/*;q=0.1
User-Agent: Mozilla/5.0 (X11; Linux x86_64) AppleWebKit/537.36 (KHTML, like Gecko) Chrome/44.0.2403.130 Safari/537.36
Referer: http://localhost:9000/
Accept-Language: en-GB,en-US;q=0.8,en;q=0.6
Content-Length: 0
Accept-Encoding: gzip, deflate, 
Via: 1.1 localhost.localdomain
11:39:50.822 [LittleProxy-ClientToProxyWorker-4] DEBUG o.l.p.impl.ProxyToServerConnection - (AWAITING_INITIAL) [id: 0xb51d3331, /127.0.0.1:35284 => localhost/127.0.0.1:9000]: Retaining reference counted message
11:39:50.822 [LittleProxy-ClientToProxyWorker-4] DEBUG o.l.p.impl.ProxyToServerConnection - (AWAITING_INITIAL) [id: 0xb51d3331, /127.0.0.1:35284 => localhost/127.0.0.1:9000]: Using existing connection to: localhost/127.0.0.1:9000
11:39:50.822 [LittleProxy-ClientToProxyWorker-4] DEBUG o.l.p.impl.ProxyToServerConnection - (AWAITING_INITIAL) [id: 0xb51d3331, /127.0.0.1:35284 => localhost/127.0.0.1:9000]: Writing: HttpObjectAggregator$AggregatedFullHttpRequest(decodeResult: success, version: HTTP/1.1, content: CompositeByteBuf(ridx: 0, widx: 0, cap: 0, components=0))
GET /bower_components/jquery-ui/themes/base/tooltip.css HTTP/1.1
Host: localhost:9000
Accept: text/css,*/*;q=0.1
User-Agent: Mozilla/5.0 (X11; Linux x86_64) AppleWebKit/537.36 (KHTML, like Gecko) Chrome/44.0.2403.130 Safari/537.36
Referer: http://localhost:9000/
Accept-Language: en-GB,en-US;q=0.8,en;q=0.6
Content-Length: 0
Accept-Encoding: gzip, deflate, 
Via: 1.1 localhost.localdomain
11:39:50.822 [LittleProxy-ClientToProxyWorker-4] DEBUG o.l.p.impl.ProxyToServerConnection - (AWAITING_INITIAL) [id: 0xb51d3331, /127.0.0.1:35284 => localhost/127.0.0.1:9000]: Writing an empty buffer to signal the end of our chunked transfer
11:39:50.822 [LittleProxy-ClientToProxyWorker-4] DEBUG o.l.p.impl.ProxyToServerConnection - (AWAITING_INITIAL) [id: 0xb51d3331, /127.0.0.1:35284 => localhost/127.0.0.1:9000]: Wrote: HttpObjectAggregator$AggregatedFullHttpRequest(decodeResult: success, version: HTTP/1.1, content: CompositeByteBuf(ridx: 0, widx: 0, cap: 0, components=0))
GET /bower_components/jquery-ui/themes/base/tooltip.css HTTP/1.1
Host: localhost:9000
Accept: text/css,*/*;q=0.1
User-Agent: Mozilla/5.0 (X11; Linux x86_64) AppleWebKit/537.36 (KHTML, like Gecko) Chrome/44.0.2403.130 Safari/537.36
Referer: http://localhost:9000/
Accept-Language: en-GB,en-US;q=0.8,en;q=0.6
Content-Length: 0
Accept-Encoding: gzip, deflate, 
Via: 1.1 localhost.localdomain
11:39:50.823 [LittleProxy-ProxyToServerWorker-3] DEBUG o.l.p.impl.ProxyToServerConnection - (AWAITING_INITIAL) [id: 0xceaab001, /127.0.0.1:35280 => localhost/127.0.0.1:9000]: Remembering the current request.
11:39:50.823 [LittleProxy-ProxyToServerWorker-3] DEBUG o.l.p.impl.ProxyToServerConnection - (AWAITING_INITIAL) [id: 0xceaab001, /127.0.0.1:35280 => localhost/127.0.0.1:9000]: Reading: DefaultHttpResponse(decodeResult: success, version: HTTP/1.1)
HTTP/1.1 200 OK
Accept-Ranges: bytes
Date: Tue, 08 Sep 2015 10:39:50 GMT
Cache-Control: public, max-age=0
Last-Modified: Fri, 17 Oct 2014 06:40:12 GMT
ETag: W/"7qvI4hQqMtmD9zJcVhjo5A=="
Content-Type: text/css; charset=UTF-8
Content-Length: 1184
Connection: keep-alive
11:39:50.823 [LittleProxy-ProxyToServerWorker-3] DEBUG o.l.p.impl.ProxyToServerConnection - (AWAITING_INITIAL) [id: 0xceaab001, /127.0.0.1:35280 => localhost/127.0.0.1:9000]: Received raw response: DefaultHttpResponse(decodeResult: success, version: HTTP/1.1)
HTTP/1.1 200 OK
Accept-Ranges: bytes
Date: Tue, 08 Sep 2015 10:39:50 GMT
Cache-Control: public, max-age=0
Last-Modified: Fri, 17 Oct 2014 06:40:12 GMT
ETag: W/"7qvI4hQqMtmD9zJcVhjo5A=="
Content-Type: text/css; charset=UTF-8
Content-Length: 1184
Connection: keep-alive
11:39:50.823 [LittleProxy-ProxyToServerWorker-3] DEBUG o.l.p.impl.ProxyToServerConnection - (AWAITING_INITIAL) [id: 0xceaab001, /127.0.0.1:35280 => localhost/127.0.0.1:9000]: Remembering the current response.
11:39:50.823 [LittleProxy-ProxyToServerWorker-3] DEBUG o.l.p.impl.ClientToProxyConnection - (AWAITING_INITIAL) [id: 0x16fa54b8, /127.0.0.1:54150 => /127.0.1.1:45224]: Writing: DefaultHttpResponse(decodeResult: success, version: HTTP/1.1)
HTTP/1.1 200 OK
Accept-Ranges: bytes
Date: Tue, 08 Sep 2015 10:39:50 GMT
Cache-Control: public, max-age=0
Last-Modified: Fri, 17 Oct 2014 06:40:12 GMT
ETag: W/"7qvI4hQqMtmD9zJcVhjo5A=="
Content-Type: text/css; charset=UTF-8
Content-Length: 1184
Via: 1.1 localhost.localdomain
11:39:50.823 [LittleProxy-ProxyToServerWorker-3] DEBUG o.l.p.impl.ClientToProxyConnection - (AWAITING_INITIAL) [id: 0x16fa54b8, /127.0.0.1:54150 => /127.0.1.1:45224]: Wrote: DefaultHttpResponse(decodeResult: success, version: HTTP/1.1)
HTTP/1.1 200 OK
Accept-Ranges: bytes
Date: Tue, 08 Sep 2015 10:39:50 GMT
Cache-Control: public, max-age=0
Last-Modified: Fri, 17 Oct 2014 06:40:12 GMT
ETag: W/"7qvI4hQqMtmD9zJcVhjo5A=="
Content-Type: text/css; charset=UTF-8
Content-Length: 1184
Via: 1.1 localhost.localdomain
11:39:50.823 [LittleProxy-ProxyToServerWorker-3] DEBUG o.l.p.impl.ClientToProxyConnection - (AWAITING_INITIAL) [id: 0x16fa54b8, /127.0.0.1:54150 => /127.0.1.1:45224]: Not closing server connection on middle chunk for /bower_components/jquery-ui/themes/base/spinner.css
11:39:50.823 [LittleProxy-ProxyToServerWorker-3] DEBUG o.l.p.impl.ClientToProxyConnection - (AWAITING_INITIAL) [id: 0x16fa54b8, /127.0.0.1:54150 => /127.0.1.1:45224]: Not closing client connection on middle chunk for /bower_components/jquery-ui/themes/base/spinner.css
11:39:50.823 [LittleProxy-ProxyToServerWorker-6] DEBUG o.l.p.impl.ProxyToServerConnection - (AWAITING_INITIAL) [id: 0x15efad94, /127.0.0.1:35282 => localhost/127.0.0.1:9000]: Remembering the current request.
11:39:50.824 [LittleProxy-ProxyToServerWorker-6] DEBUG o.l.p.impl.ProxyToServerConnection - (AWAITING_INITIAL) [id: 0x15efad94, /127.0.0.1:35282 => localhost/127.0.0.1:9000]: Reading: DefaultHttpResponse(decodeResult: success, version: HTTP/1.1)
HTTP/1.1 200 OK
Accept-Ranges: bytes
Date: Tue, 08 Sep 2015 10:39:50 GMT
Cache-Control: public, max-age=0
Last-Modified: Fri, 17 Oct 2014 06:40:12 GMT
ETag: W/"8W99oHUIat/p9qsbyKMsOw=="
Content-Type: text/css; charset=UTF-8
Content-Length: 1364
Connection: keep-alive
11:39:50.824 [LittleProxy-ProxyToServerWorker-6] DEBUG o.l.p.impl.ProxyToServerConnection - (AWAITING_INITIAL) [id: 0x15efad94, /127.0.0.1:35282 => localhost/127.0.0.1:9000]: Received raw response: DefaultHttpResponse(decodeResult: success, version: HTTP/1.1)
HTTP/1.1 200 OK
Accept-Ranges: bytes
Date: Tue, 08 Sep 2015 10:39:50 GMT
Cache-Control: public, max-age=0
Last-Modified: Fri, 17 Oct 2014 06:40:12 GMT
ETag: W/"8W99oHUIat/p9qsbyKMsOw=="
Content-Type: text/css; charset=UTF-8
Content-Length: 1364
Connection: keep-alive
11:39:50.824 [LittleProxy-ProxyToServerWorker-6] DEBUG o.l.p.impl.ProxyToServerConnection - (AWAITING_INITIAL) [id: 0x15efad94, /127.0.0.1:35282 => localhost/127.0.0.1:9000]: Remembering the current response.
11:39:50.824 [LittleProxy-ProxyToServerWorker-6] DEBUG o.l.p.impl.ClientToProxyConnection - (AWAITING_INITIAL) [id: 0x87242349, /127.0.0.1:54149 => /127.0.1.1:45224]: Writing: DefaultHttpResponse(decodeResult: success, version: HTTP/1.1)
HTTP/1.1 200 OK
Accept-Ranges: bytes
Date: Tue, 08 Sep 2015 10:39:50 GMT
Cache-Control: public, max-age=0
Last-Modified: Fri, 17 Oct 2014 06:40:12 GMT
ETag: W/"8W99oHUIat/p9qsbyKMsOw=="
Content-Type: text/css; charset=UTF-8
Content-Length: 1364
Via: 1.1 localhost.localdomain
11:39:50.824 [LittleProxy-ProxyToServerWorker-6] DEBUG o.l.p.impl.ClientToProxyConnection - (AWAITING_INITIAL) [id: 0x87242349, /127.0.0.1:54149 => /127.0.1.1:45224]: Wrote: DefaultHttpResponse(decodeResult: success, version: HTTP/1.1)
HTTP/1.1 200 OK
Accept-Ranges: bytes
Date: Tue, 08 Sep 2015 10:39:50 GMT
Cache-Control: public, max-age=0
Last-Modified: Fri, 17 Oct 2014 06:40:12 GMT
ETag: W/"8W99oHUIat/p9qsbyKMsOw=="
Content-Type: text/css; charset=UTF-8
Content-Length: 1364
Via: 1.1 localhost.localdomain
11:39:50.824 [LittleProxy-ProxyToServerWorker-6] DEBUG o.l.p.impl.ClientToProxyConnection - (AWAITING_INITIAL) [id: 0x87242349, /127.0.0.1:54149 => /127.0.1.1:45224]: Not closing server connection on middle chunk for /bower_components/jquery-ui/themes/base/slider.css
11:39:50.824 [LittleProxy-ProxyToServerWorker-6] DEBUG o.l.p.impl.ClientToProxyConnection - (AWAITING_INITIAL) [id: 0x87242349, /127.0.0.1:54149 => /127.0.1.1:45224]: Not closing client connection on middle chunk for /bower_components/jquery-ui/themes/base/slider.css
11:39:50.827 [LittleProxy-ProxyToServerWorker-2] DEBUG o.l.p.impl.ProxyToServerConnection - (AWAITING_INITIAL) [id: 0x9953b61f, /127.0.0.1:35274 => localhost/127.0.0.1:9000]: Remembering the current request.
11:39:50.827 [LittleProxy-ProxyToServerWorker-2] DEBUG o.l.p.impl.ProxyToServerConnection - (AWAITING_INITIAL) [id: 0x9953b61f, /127.0.0.1:35274 => localhost/127.0.0.1:9000]: Reading: DefaultHttpResponse(decodeResult: success, version: HTTP/1.1)
HTTP/1.1 200 OK
Accept-Ranges: bytes
Date: Tue, 08 Sep 2015 10:39:50 GMT
Cache-Control: public, max-age=0
Last-Modified: Fri, 17 Oct 2014 06:40:12 GMT
ETag: W/"1aDIJ5jerQoDWCxXlwm+Kg=="
Content-Type: text/css; charset=UTF-8
Content-Length: 1222
Connection: keep-alive
11:39:50.827 [LittleProxy-ProxyToServerWorker-2] DEBUG o.l.p.impl.ProxyToServerConnection - (AWAITING_INITIAL) [id: 0x9953b61f, /127.0.0.1:35274 => localhost/127.0.0.1:9000]: Received raw response: DefaultHttpResponse(decodeResult: success, version: HTTP/1.1)
HTTP/1.1 200 OK
Accept-Ranges: bytes
Date: Tue, 08 Sep 2015 10:39:50 GMT
Cache-Control: public, max-age=0
Last-Modified: Fri, 17 Oct 2014 06:40:12 GMT
ETag: W/"1aDIJ5jerQoDWCxXlwm+Kg=="
Content-Type: text/css; charset=UTF-8
Content-Length: 1222
Connection: keep-alive
11:39:50.827 [LittleProxy-ProxyToServerWorker-2] DEBUG o.l.p.impl.ProxyToServerConnection - (AWAITING_INITIAL) [id: 0x9953b61f, /127.0.0.1:35274 => localhost/127.0.0.1:9000]: Remembering the current response.
11:39:50.827 [LittleProxy-ProxyToServerWorker-2] DEBUG o.l.p.impl.ClientToProxyConnection - (AWAITING_INITIAL) [id: 0xe726451f, /127.0.0.1:54145 => /127.0.1.1:45224]: Writing: DefaultHttpResponse(decodeResult: success, version: HTTP/1.1)
HTTP/1.1 200 OK
Accept-Ranges: bytes
Date: Tue, 08 Sep 2015 10:39:50 GMT
Cache-Control: public, max-age=0
Last-Modified: Fri, 17 Oct 2014 06:40:12 GMT
ETag: W/"1aDIJ5jerQoDWCxXlwm+Kg=="
Content-Type: text/css; charset=UTF-8
Content-Length: 1222
Via: 1.1 localhost.localdomain
11:39:50.827 [LittleProxy-ProxyToServerWorker-2] DEBUG o.l.p.impl.ClientToProxyConnection - (AWAITING_INITIAL) [id: 0xe726451f, /127.0.0.1:54145 => /127.0.1.1:45224]: Wrote: DefaultHttpResponse(decodeResult: success, version: HTTP/1.1)
HTTP/1.1 200 OK
Accept-Ranges: bytes
Date: Tue, 08 Sep 2015 10:39:50 GMT
Cache-Control: public, max-age=0
Last-Modified: Fri, 17 Oct 2014 06:40:12 GMT
ETag: W/"1aDIJ5jerQoDWCxXlwm+Kg=="
Content-Type: text/css; charset=UTF-8
Content-Length: 1222
Via: 1.1 localhost.localdomain
11:39:50.827 [LittleProxy-ProxyToServerWorker-2] DEBUG o.l.p.impl.ClientToProxyConnection - (AWAITING_INITIAL) [id: 0xe726451f, /127.0.0.1:54145 => /127.0.1.1:45224]: Not closing server connection on middle chunk for /bower_components/jquery-ui/themes/base/tabs.css
11:39:50.827 [LittleProxy-ProxyToServerWorker-2] DEBUG o.l.p.impl.ClientToProxyConnection - (AWAITING_INITIAL) [id: 0xe726451f, /127.0.0.1:54145 => /127.0.1.1:45224]: Not closing client connection on middle chunk for /bower_components/jquery-ui/themes/base/tabs.css
11:39:50.828 [LittleProxy-ProxyToServerWorker-4] DEBUG o.l.p.impl.ProxyToServerConnection - (AWAITING_INITIAL) [id: 0xb51d3331, /127.0.0.1:35284 => localhost/127.0.0.1:9000]: Remembering the current request.
11:39:50.828 [LittleProxy-ProxyToServerWorker-4] DEBUG o.l.p.impl.ProxyToServerConnection - (AWAITING_INITIAL) [id: 0xb51d3331, /127.0.0.1:35284 => localhost/127.0.0.1:9000]: Reading: DefaultHttpResponse(decodeResult: success, version: HTTP/1.1)
HTTP/1.1 200 OK
Accept-Ranges: bytes
Date: Tue, 08 Sep 2015 10:39:50 GMT
Cache-Control: public, max-age=0
Last-Modified: Fri, 17 Oct 2014 06:40:12 GMT
ETag: W/"MFx9FUiKo7Vgc7+Lb4bQZw=="
Content-Type: text/css; charset=UTF-8
Content-Length: 422
Connection: keep-alive
11:39:50.828 [LittleProxy-ProxyToServerWorker-4] DEBUG o.l.p.impl.ProxyToServerConnection - (AWAITING_INITIAL) [id: 0xb51d3331, /127.0.0.1:35284 => localhost/127.0.0.1:9000]: Received raw response: DefaultHttpResponse(decodeResult: success, version: HTTP/1.1)
HTTP/1.1 200 OK
Accept-Ranges: bytes
Date: Tue, 08 Sep 2015 10:39:50 GMT
Cache-Control: public, max-age=0
Last-Modified: Fri, 17 Oct 2014 06:40:12 GMT
ETag: W/"MFx9FUiKo7Vgc7+Lb4bQZw=="
Content-Type: text/css; charset=UTF-8
Content-Length: 422
Connection: keep-alive
11:39:50.828 [LittleProxy-ProxyToServerWorker-4] DEBUG o.l.p.impl.ProxyToServerConnection - (AWAITING_INITIAL) [id: 0xb51d3331, /127.0.0.1:35284 => localhost/127.0.0.1:9000]: Remembering the current response.
11:39:50.828 [LittleProxy-ProxyToServerWorker-4] DEBUG o.l.p.impl.ClientToProxyConnection - (AWAITING_INITIAL) [id: 0x1e5765f0, /127.0.0.1:54148 => /127.0.1.1:45224]: Writing: DefaultHttpResponse(decodeResult: success, version: HTTP/1.1)
HTTP/1.1 200 OK
Accept-Ranges: bytes
Date: Tue, 08 Sep 2015 10:39:50 GMT
Cache-Control: public, max-age=0
Last-Modified: Fri, 17 Oct 2014 06:40:12 GMT
ETag: W/"MFx9FUiKo7Vgc7+Lb4bQZw=="
Content-Type: text/css; charset=UTF-8
Content-Length: 422
Via: 1.1 localhost.localdomain
11:39:50.828 [LittleProxy-ProxyToServerWorker-4] DEBUG o.l.p.impl.ClientToProxyConnection - (AWAITING_INITIAL) [id: 0x1e5765f0, /127.0.0.1:54148 => /127.0.1.1:45224]: Wrote: DefaultHttpResponse(decodeResult: success, version: HTTP/1.1)
HTTP/1.1 200 OK
Accept-Ranges: bytes
Date: Tue, 08 Sep 2015 10:39:50 GMT
Cache-Control: public, max-age=0
Last-Modified: Fri, 17 Oct 2014 06:40:12 GMT
ETag: W/"MFx9FUiKo7Vgc7+Lb4bQZw=="
Content-Type: text/css; charset=UTF-8
Content-Length: 422
Via: 1.1 localhost.localdomain
11:39:50.828 [LittleProxy-ProxyToServerWorker-4] DEBUG o.l.p.impl.ClientToProxyConnection - (AWAITING_INITIAL) [id: 0x1e5765f0, /127.0.0.1:54148 => /127.0.1.1:45224]: Not closing server connection on middle chunk for /bower_components/jquery-ui/themes/base/tooltip.css
11:39:50.828 [LittleProxy-ProxyToServerWorker-4] DEBUG o.l.p.impl.ClientToProxyConnection - (AWAITING_INITIAL) [id: 0x1e5765f0, /127.0.0.1:54148 => /127.0.1.1:45224]: Not closing client connection on middle chunk for /bower_components/jquery-ui/themes/base/tooltip.css
11:39:50.839 [LittleProxy-ProxyToServerWorker-7] DEBUG o.l.p.impl.ProxyToServerConnection - (AWAITING_CHUNK) [id: 0x700df78a, /127.0.0.1:35283 => localhost/127.0.0.1:9000]: Reading: DefaultLastHttpContent(data: SlicedByteBuf(ridx: 0, widx: 1135, cap: 1135/1135, unwrapped: UnpooledUnsafeDirectByteBuf(ridx: 1135, widx: 1135, cap: 16384)), decoderResult: success)
11:39:50.839 [LittleProxy-ProxyToServerWorker-5] DEBUG o.l.p.impl.ProxyToServerConnection - (AWAITING_CHUNK) [id: 0x97bd59d1, /127.0.0.1:35281 => localhost/127.0.0.1:9000]: Reading: DefaultLastHttpContent(data: SlicedByteBuf(ridx: 0, widx: 256, cap: 256/256, unwrapped: UnpooledUnsafeDirectByteBuf(ridx: 256, widx: 256, cap: 16384)), decoderResult: success)
11:39:50.839 [LittleProxy-ProxyToServerWorker-7] DEBUG o.l.p.impl.ClientToProxyConnection - (AWAITING_INITIAL) [id: 0x4dc93f85, /127.0.0.1:54147 => /127.0.1.1:45224]: Retaining reference counted message
11:39:50.839 [LittleProxy-ProxyToServerWorker-5] DEBUG o.l.p.impl.ClientToProxyConnection - (AWAITING_INITIAL) [id: 0xa74abe3b, /127.0.0.1:54151 => /127.0.1.1:45224]: Retaining reference counted message
11:39:50.839 [LittleProxy-ProxyToServerWorker-7] DEBUG o.l.p.impl.ClientToProxyConnection - (AWAITING_INITIAL) [id: 0x4dc93f85, /127.0.0.1:54147 => /127.0.1.1:45224]: Writing: DefaultLastHttpContent(data: SlicedByteBuf(ridx: 0, widx: 1135, cap: 1135/1135, unwrapped: UnpooledUnsafeDirectByteBuf(ridx: 1135, widx: 1135, cap: 16384)), decoderResult: success)
11:39:50.839 [LittleProxy-ProxyToServerWorker-5] DEBUG o.l.p.impl.ClientToProxyConnection - (AWAITING_INITIAL) [id: 0xa74abe3b, /127.0.0.1:54151 => /127.0.1.1:45224]: Writing: DefaultLastHttpContent(data: SlicedByteBuf(ridx: 0, widx: 256, cap: 256/256, unwrapped: UnpooledUnsafeDirectByteBuf(ridx: 256, widx: 256, cap: 16384)), decoderResult: success)
11:39:50.839 [LittleProxy-ProxyToServerWorker-5] DEBUG o.l.p.impl.ClientToProxyConnection - (AWAITING_INITIAL) [id: 0xa74abe3b, /127.0.0.1:54151 => /127.0.1.1:45224]: Writing an empty buffer to signal the end of our chunked transfer
11:39:50.839 [LittleProxy-ProxyToServerWorker-7] DEBUG o.l.p.impl.ClientToProxyConnection - (AWAITING_INITIAL) [id: 0x4dc93f85, /127.0.0.1:54147 => /127.0.1.1:45224]: Writing an empty buffer to signal the end of our chunked transfer
11:39:50.839 [LittleProxy-ProxyToServerWorker-5] DEBUG o.l.p.impl.ClientToProxyConnection - (AWAITING_INITIAL) [id: 0xa74abe3b, /127.0.0.1:54151 => /127.0.1.1:45224]: Wrote: DefaultLastHttpContent(data: SlicedByteBuf(ridx: 0, widx: 256, cap: 256/256, unwrapped: UnpooledUnsafeDirectByteBuf(ridx: 256, widx: 256, cap: 16384)), decoderResult: success)
11:39:50.839 [LittleProxy-ProxyToServerWorker-5] DEBUG o.l.p.impl.ClientToProxyConnection - (AWAITING_INITIAL) [id: 0xa74abe3b, /127.0.0.1:54151 => /127.0.1.1:45224]: Retaining reference counted message
11:39:50.839 [LittleProxy-ProxyToServerWorker-7] DEBUG o.l.p.impl.ClientToProxyConnection - (AWAITING_INITIAL) [id: 0x4dc93f85, /127.0.0.1:54147 => /127.0.1.1:45224]: Wrote: DefaultLastHttpContent(data: SlicedByteBuf(ridx: 0, widx: 1135, cap: 1135/1135, unwrapped: UnpooledUnsafeDirectByteBuf(ridx: 1135, widx: 1135, cap: 16384)), decoderResult: success)
11:39:50.839 [LittleProxy-ProxyToServerWorker-5] DEBUG o.l.p.impl.ClientToProxyConnection - (AWAITING_INITIAL) [id: 0xa74abe3b, /127.0.0.1:54151 => /127.0.1.1:45224]: Writing: EmptyByteBufBE
11:39:50.839 [LittleProxy-ProxyToServerWorker-7] DEBUG o.l.p.impl.ClientToProxyConnection - (AWAITING_INITIAL) [id: 0x4dc93f85, /127.0.0.1:54147 => /127.0.1.1:45224]: Retaining reference counted message
11:39:50.839 [LittleProxy-ProxyToServerWorker-7] DEBUG o.l.p.impl.ClientToProxyConnection - (AWAITING_INITIAL) [id: 0x4dc93f85, /127.0.0.1:54147 => /127.0.1.1:45224]: Writing: EmptyByteBufBE
11:39:50.839 [LittleProxy-ProxyToServerWorker-5] DEBUG o.l.p.impl.ClientToProxyConnection - (AWAITING_INITIAL) [id: 0xa74abe3b, /127.0.0.1:54151 => /127.0.1.1:45224]: Wrote: EmptyByteBufBE
11:39:50.839 [LittleProxy-ProxyToServerWorker-7] DEBUG o.l.p.impl.ClientToProxyConnection - (AWAITING_INITIAL) [id: 0x4dc93f85, /127.0.0.1:54147 => /127.0.1.1:45224]: Wrote: EmptyByteBufBE
11:39:50.840 [LittleProxy-ProxyToServerWorker-5] DEBUG o.l.p.impl.ClientToProxyConnection - (AWAITING_INITIAL) [id: 0xa74abe3b, /127.0.0.1:54151 => /127.0.1.1:45224]: Handling last chunk. Using normal server connection closing rules.
11:39:50.840 [LittleProxy-ProxyToServerWorker-7] DEBUG o.l.p.impl.ClientToProxyConnection - (AWAITING_INITIAL) [id: 0x4dc93f85, /127.0.0.1:54147 => /127.0.1.1:45224]: Handling last chunk. Using normal server connection closing rules.
11:39:50.840 [LittleProxy-ProxyToServerWorker-5] DEBUG o.l.p.impl.ClientToProxyConnection - (AWAITING_INITIAL) [id: 0xa74abe3b, /127.0.0.1:54151 => /127.0.1.1:45224]: Not closing server connection for response: DefaultHttpResponse(decodeResult: success, version: HTTP/1.1)
HTTP/1.1 200 OK
Accept-Ranges: bytes
Date: Tue, 08 Sep 2015 10:39:50 GMT
Cache-Control: public, max-age=0
Last-Modified: Fri, 17 Oct 2014 06:40:12 GMT
ETag: W/"GpOqcuK/vsMBEx333mh/QA=="
Content-Type: text/css; charset=UTF-8
Content-Length: 256
Connection: keep-alive
11:39:50.840 [LittleProxy-ProxyToServerWorker-7] DEBUG o.l.p.impl.ClientToProxyConnection - (AWAITING_INITIAL) [id: 0x4dc93f85, /127.0.0.1:54147 => /127.0.1.1:45224]: Not closing server connection for response: DefaultHttpResponse(decodeResult: success, version: HTTP/1.1)
HTTP/1.1 200 OK
Accept-Ranges: bytes
Date: Tue, 08 Sep 2015 10:39:50 GMT
Cache-Control: public, max-age=0
Last-Modified: Fri, 17 Oct 2014 06:40:12 GMT
ETag: W/"WN6TWoUbmrwp3y0qkkM9JA=="
Content-Type: text/css; charset=UTF-8
Content-Length: 1135
Connection: keep-alive
11:39:50.840 [LittleProxy-ProxyToServerWorker-5] DEBUG o.l.p.impl.ClientToProxyConnection - (AWAITING_INITIAL) [id: 0xa74abe3b, /127.0.0.1:54151 => /127.0.1.1:45224]: Handling last chunk. Using normal client connection closing rules.
11:39:50.840 [LittleProxy-ProxyToServerWorker-7] DEBUG o.l.p.impl.ClientToProxyConnection - (AWAITING_INITIAL) [id: 0x4dc93f85, /127.0.0.1:54147 => /127.0.1.1:45224]: Handling last chunk. Using normal client connection closing rules.
11:39:50.840 [LittleProxy-ProxyToServerWorker-5] DEBUG o.l.p.impl.ClientToProxyConnection - (AWAITING_INITIAL) [id: 0xa74abe3b, /127.0.0.1:54151 => /127.0.1.1:45224]: Not closing client connection for request: [FAILED toString()]
11:39:50.841 [LittleProxy-ProxyToServerWorker-7] DEBUG o.l.p.impl.ClientToProxyConnection - (AWAITING_INITIAL) [id: 0x4dc93f85, /127.0.0.1:54147 => /127.0.1.1:45224]: Not closing client connection for request: [FAILED toString()]
11:39:50.841 [LittleProxy-ClientToProxyWorker-7] DEBUG o.l.p.impl.ClientToProxyConnection - (AWAITING_INITIAL) [id: 0xa74abe3b, /127.0.0.1:54151 => /127.0.1.1:45224]: Reading: HttpObjectAggregator$AggregatedFullHttpRequest(decodeResult: success, version: HTTP/1.1, content: CompositeByteBuf(ridx: 0, widx: 0, cap: 0, components=0))
GET http://localhost:9000/bower_components/moment/moment.js HTTP/1.1
Host: localhost:9000
Proxy-Connection: keep-alive
Accept: */*
User-Agent: Mozilla/5.0 (X11; Linux x86_64) AppleWebKit/537.36 (KHTML, like Gecko) Chrome/44.0.2403.130 Safari/537.36
Referer: http://localhost:9000/
Accept-Encoding: gzip, deflate, sdch
Accept-Language: en-GB,en-US;q=0.8,en;q=0.6
Content-Length: 0
11:39:50.841 [LittleProxy-ClientToProxyWorker-3] DEBUG o.l.p.impl.ClientToProxyConnection - (AWAITING_INITIAL) [id: 0x4dc93f85, /127.0.0.1:54147 => /127.0.1.1:45224]: Reading: HttpObjectAggregator$AggregatedFullHttpRequest(decodeResult: success, version: HTTP/1.1, content: CompositeByteBuf(ridx: 0, widx: 0, cap: 0, components=0))
GET http://localhost:9000/bower_components/angular-route/angular-route.js HTTP/1.1
Host: localhost:9000
Proxy-Connection: keep-alive
Accept: */*
User-Agent: Mozilla/5.0 (X11; Linux x86_64) AppleWebKit/537.36 (KHTML, like Gecko) Chrome/44.0.2403.130 Safari/537.36
Referer: http://localhost:9000/
Accept-Encoding: gzip, deflate, sdch
Accept-Language: en-GB,en-US;q=0.8,en;q=0.6
Content-Length: 0
11:39:50.841 [LittleProxy-ClientToProxyWorker-7] DEBUG o.l.p.impl.ClientToProxyConnection - (AWAITING_INITIAL) [id: 0xa74abe3b, /127.0.0.1:54151 => /127.0.1.1:45224]: Got request: HttpObjectAggregator$AggregatedFullHttpRequest(decodeResult: success, version: HTTP/1.1, content: CompositeByteBuf(ridx: 0, widx: 0, cap: 0, components=0))
GET http://localhost:9000/bower_components/moment/moment.js HTTP/1.1
Host: localhost:9000
Proxy-Connection: keep-alive
Accept: */*
User-Agent: Mozilla/5.0 (X11; Linux x86_64) AppleWebKit/537.36 (KHTML, like Gecko) Chrome/44.0.2403.130 Safari/537.36
Referer: http://localhost:9000/
Accept-Encoding: gzip, deflate, sdch
Accept-Language: en-GB,en-US;q=0.8,en;q=0.6
Content-Length: 0
11:39:50.841 [LittleProxy-ClientToProxyWorker-3] DEBUG o.l.p.impl.ClientToProxyConnection - (AWAITING_INITIAL) [id: 0x4dc93f85, /127.0.0.1:54147 => /127.0.1.1:45224]: Got request: HttpObjectAggregator$AggregatedFullHttpRequest(decodeResult: success, version: HTTP/1.1, content: CompositeByteBuf(ridx: 0, widx: 0, cap: 0, components=0))
GET http://localhost:9000/bower_components/angular-route/angular-route.js HTTP/1.1
Host: localhost:9000
Proxy-Connection: keep-alive
Accept: */*
User-Agent: Mozilla/5.0 (X11; Linux x86_64) AppleWebKit/537.36 (KHTML, like Gecko) Chrome/44.0.2403.130 Safari/537.36
Referer: http://localhost:9000/
Accept-Encoding: gzip, deflate, sdch
Accept-Language: en-GB,en-US;q=0.8,en;q=0.6
Content-Length: 0
11:39:50.841 [LittleProxy-ClientToProxyWorker-7] DEBUG o.l.p.impl.ClientToProxyConnection - (AWAITING_INITIAL) [id: 0xa74abe3b, /127.0.0.1:54151 => /127.0.1.1:45224]: Ensuring that hostAndPort are available in http://localhost:9000/bower_components/moment/moment.js
11:39:50.841 [LittleProxy-ClientToProxyWorker-3] DEBUG o.l.p.impl.ClientToProxyConnection - (AWAITING_INITIAL) [id: 0x4dc93f85, /127.0.0.1:54147 => /127.0.1.1:45224]: Ensuring that hostAndPort are available in http://localhost:9000/bower_components/angular-route/angular-route.js
11:39:50.841 [LittleProxy-ClientToProxyWorker-7] DEBUG o.l.p.impl.ClientToProxyConnection - (AWAITING_INITIAL) [id: 0xa74abe3b, /127.0.0.1:54151 => /127.0.1.1:45224]: Finding ProxyToServerConnection for: localhost:9000
11:39:50.841 [LittleProxy-ClientToProxyWorker-3] DEBUG o.l.p.impl.ClientToProxyConnection - (AWAITING_INITIAL) [id: 0x4dc93f85, /127.0.0.1:54147 => /127.0.1.1:45224]: Finding ProxyToServerConnection for: localhost:9000
11:39:50.841 [LittleProxy-ClientToProxyWorker-7] DEBUG o.l.p.impl.ClientToProxyConnection - (AWAITING_INITIAL) [id: 0xa74abe3b, /127.0.0.1:54151 => /127.0.1.1:45224]: Reusing existing server connection: org.littleshoot.proxy.impl.ProxyToServerConnection@55df2407
11:39:50.841 [LittleProxy-ClientToProxyWorker-3] DEBUG o.l.p.impl.ClientToProxyConnection - (AWAITING_INITIAL) [id: 0x4dc93f85, /127.0.0.1:54147 => /127.0.1.1:45224]: Reusing existing server connection: org.littleshoot.proxy.impl.ProxyToServerConnection@2cc0768d
11:39:50.841 [LittleProxy-ClientToProxyWorker-7] DEBUG o.l.p.impl.ClientToProxyConnection - (AWAITING_INITIAL) [id: 0xa74abe3b, /127.0.0.1:54151 => /127.0.1.1:45224]: Modifying request headers for proxying
11:39:50.841 [LittleProxy-ClientToProxyWorker-3] DEBUG o.l.p.impl.ClientToProxyConnection - (AWAITING_INITIAL) [id: 0x4dc93f85, /127.0.0.1:54147 => /127.0.1.1:45224]: Modifying request headers for proxying
11:39:50.841 [LittleProxy-ClientToProxyWorker-7] DEBUG o.l.p.impl.ClientToProxyConnection - (AWAITING_INITIAL) [id: 0xa74abe3b, /127.0.0.1:54151 => /127.0.1.1:45224]: Modifying request for proxy chaining
11:39:50.841 [LittleProxy-ClientToProxyWorker-3] DEBUG o.l.p.impl.ClientToProxyConnection - (AWAITING_INITIAL) [id: 0x4dc93f85, /127.0.0.1:54147 => /127.0.1.1:45224]: Modifying request for proxy chaining
11:39:50.841 [LittleProxy-ClientToProxyWorker-7] DEBUG o.l.p.impl.ClientToProxyConnection - (AWAITING_INITIAL) [id: 0xa74abe3b, /127.0.0.1:54151 => /127.0.1.1:45224]: Stripped host from uri: http://localhost:9000/bower_components/moment/moment.js    yielding: /bower_components/moment/moment.js
11:39:50.841 [LittleProxy-ClientToProxyWorker-3] DEBUG o.l.p.impl.ClientToProxyConnection - (AWAITING_INITIAL) [id: 0x4dc93f85, /127.0.0.1:54147 => /127.0.1.1:45224]: Stripped host from uri: http://localhost:9000/bower_components/angular-route/angular-route.js    yielding: /bower_components/angular-route/angular-route.js
11:39:50.841 [LittleProxy-ClientToProxyWorker-7] DEBUG o.l.p.impl.ClientToProxyConnection - (AWAITING_INITIAL) [id: 0xa74abe3b, /127.0.0.1:54151 => /127.0.1.1:45224]: Removed sdch and inserted: gzip, deflate, 
11:39:50.841 [LittleProxy-ClientToProxyWorker-3] DEBUG o.l.p.impl.ClientToProxyConnection - (AWAITING_INITIAL) [id: 0x4dc93f85, /127.0.0.1:54147 => /127.0.1.1:45224]: Removed sdch and inserted: gzip, deflate, 
11:39:50.842 [LittleProxy-ClientToProxyWorker-7] DEBUG o.l.p.impl.ClientToProxyConnection - (AWAITING_INITIAL) [id: 0xa74abe3b, /127.0.0.1:54151 => /127.0.1.1:45224]: Writing request to ProxyToServerConnection
11:39:50.842 [LittleProxy-ClientToProxyWorker-3] DEBUG o.l.p.impl.ClientToProxyConnection - (AWAITING_INITIAL) [id: 0x4dc93f85, /127.0.0.1:54147 => /127.0.1.1:45224]: Writing request to ProxyToServerConnection
11:39:50.842 [LittleProxy-ClientToProxyWorker-7] DEBUG o.l.p.impl.ProxyToServerConnection - (AWAITING_INITIAL) [id: 0x97bd59d1, /127.0.0.1:35281 => localhost/127.0.0.1:9000]: Requested write of HttpObjectAggregator$AggregatedFullHttpRequest(decodeResult: success, version: HTTP/1.1, content: CompositeByteBuf(ridx: 0, widx: 0, cap: 0, components=0))
GET /bower_components/moment/moment.js HTTP/1.1
Host: localhost:9000
Accept: */*
User-Agent: Mozilla/5.0 (X11; Linux x86_64) AppleWebKit/537.36 (KHTML, like Gecko) Chrome/44.0.2403.130 Safari/537.36
Referer: http://localhost:9000/
Accept-Language: en-GB,en-US;q=0.8,en;q=0.6
Content-Length: 0
Accept-Encoding: gzip, deflate, 
Via: 1.1 localhost.localdomain
11:39:50.843 [LittleProxy-ClientToProxyWorker-7] DEBUG o.l.p.impl.ProxyToServerConnection - (AWAITING_INITIAL) [id: 0x97bd59d1, /127.0.0.1:35281 => localhost/127.0.0.1:9000]: Retaining reference counted message
11:39:50.843 [LittleProxy-ClientToProxyWorker-3] DEBUG o.l.p.impl.ProxyToServerConnection - (AWAITING_INITIAL) [id: 0x700df78a, /127.0.0.1:35283 => localhost/127.0.0.1:9000]: Requested write of HttpObjectAggregator$AggregatedFullHttpRequest(decodeResult: success, version: HTTP/1.1, content: CompositeByteBuf(ridx: 0, widx: 0, cap: 0, components=0))
GET /bower_components/angular-route/angular-route.js HTTP/1.1
Host: localhost:9000
Accept: */*
User-Agent: Mozilla/5.0 (X11; Linux x86_64) AppleWebKit/537.36 (KHTML, like Gecko) Chrome/44.0.2403.130 Safari/537.36
Referer: http://localhost:9000/
Accept-Language: en-GB,en-US;q=0.8,en;q=0.6
Content-Length: 0
Accept-Encoding: gzip, deflate, 
Via: 1.1 localhost.localdomain
11:39:50.843 [LittleProxy-ClientToProxyWorker-7] DEBUG o.l.p.impl.ProxyToServerConnection - (AWAITING_INITIAL) [id: 0x97bd59d1, /127.0.0.1:35281 => localhost/127.0.0.1:9000]: Using existing connection to: localhost/127.0.0.1:9000
11:39:50.843 [LittleProxy-ClientToProxyWorker-3] DEBUG o.l.p.impl.ProxyToServerConnection - (AWAITING_INITIAL) [id: 0x700df78a, /127.0.0.1:35283 => localhost/127.0.0.1:9000]: Retaining reference counted message
11:39:50.843 [LittleProxy-ClientToProxyWorker-7] DEBUG o.l.p.impl.ProxyToServerConnection - (AWAITING_INITIAL) [id: 0x97bd59d1, /127.0.0.1:35281 => localhost/127.0.0.1:9000]: Writing: HttpObjectAggregator$AggregatedFullHttpRequest(decodeResult: success, version: HTTP/1.1, content: CompositeByteBuf(ridx: 0, widx: 0, cap: 0, components=0))
GET /bower_components/moment/moment.js HTTP/1.1
Host: localhost:9000
Accept: */*
User-Agent: Mozilla/5.0 (X11; Linux x86_64) AppleWebKit/537.36 (KHTML, like Gecko) Chrome/44.0.2403.130 Safari/537.36
Referer: http://localhost:9000/
Accept-Language: en-GB,en-US;q=0.8,en;q=0.6
Content-Length: 0
Accept-Encoding: gzip, deflate, 
Via: 1.1 localhost.localdomain
11:39:50.843 [LittleProxy-ClientToProxyWorker-3] DEBUG o.l.p.impl.ProxyToServerConnection - (AWAITING_INITIAL) [id: 0x700df78a, /127.0.0.1:35283 => localhost/127.0.0.1:9000]: Using existing connection to: localhost/127.0.0.1:9000
11:39:50.843 [LittleProxy-ClientToProxyWorker-3] DEBUG o.l.p.impl.ProxyToServerConnection - (AWAITING_INITIAL) [id: 0x700df78a, /127.0.0.1:35283 => localhost/127.0.0.1:9000]: Writing: HttpObjectAggregator$AggregatedFullHttpRequest(decodeResult: success, version: HTTP/1.1, content: CompositeByteBuf(ridx: 0, widx: 0, cap: 0, components=0))
GET /bower_components/angular-route/angular-route.js HTTP/1.1
Host: localhost:9000
Accept: */*
User-Agent: Mozilla/5.0 (X11; Linux x86_64) AppleWebKit/537.36 (KHTML, like Gecko) Chrome/44.0.2403.130 Safari/537.36
Referer: http://localhost:9000/
Accept-Language: en-GB,en-US;q=0.8,en;q=0.6
Content-Length: 0
Accept-Encoding: gzip, deflate, 
Via: 1.1 localhost.localdomain
11:39:50.843 [LittleProxy-ClientToProxyWorker-7] DEBUG o.l.p.impl.ProxyToServerConnection - (AWAITING_INITIAL) [id: 0x97bd59d1, /127.0.0.1:35281 => localhost/127.0.0.1:9000]: Writing an empty buffer to signal the end of our chunked transfer
11:39:50.843 [LittleProxy-ClientToProxyWorker-3] DEBUG o.l.p.impl.ProxyToServerConnection - (AWAITING_INITIAL) [id: 0x700df78a, /127.0.0.1:35283 => localhost/127.0.0.1:9000]: Writing an empty buffer to signal the end of our chunked transfer
11:39:50.843 [LittleProxy-ClientToProxyWorker-3] DEBUG o.l.p.impl.ProxyToServerConnection - (AWAITING_INITIAL) [id: 0x700df78a, /127.0.0.1:35283 => localhost/127.0.0.1:9000]: Wrote: HttpObjectAggregator$AggregatedFullHttpRequest(decodeResult: success, version: HTTP/1.1, content: CompositeByteBuf(ridx: 0, widx: 0, cap: 0, components=0))
GET /bower_components/angular-route/angular-route.js HTTP/1.1
Host: localhost:9000
Accept: */*
User-Agent: Mozilla/5.0 (X11; Linux x86_64) AppleWebKit/537.36 (KHTML, like Gecko) Chrome/44.0.2403.130 Safari/537.36
Referer: http://localhost:9000/
Accept-Language: en-GB,en-US;q=0.8,en;q=0.6
Content-Length: 0
Accept-Encoding: gzip, deflate, 
Via: 1.1 localhost.localdomain
11:39:50.843 [LittleProxy-ClientToProxyWorker-7] DEBUG o.l.p.impl.ProxyToServerConnection - (AWAITING_INITIAL) [id: 0x97bd59d1, /127.0.0.1:35281 => localhost/127.0.0.1:9000]: Wrote: HttpObjectAggregator$AggregatedFullHttpRequest(decodeResult: success, version: HTTP/1.1, content: CompositeByteBuf(ridx: 0, widx: 0, cap: 0, components=0))
GET /bower_components/moment/moment.js HTTP/1.1
Host: localhost:9000
Accept: */*
User-Agent: Mozilla/5.0 (X11; Linux x86_64) AppleWebKit/537.36 (KHTML, like Gecko) Chrome/44.0.2403.130 Safari/537.36
Referer: http://localhost:9000/
Accept-Language: en-GB,en-US;q=0.8,en;q=0.6
Content-Length: 0
Accept-Encoding: gzip, deflate, 
Via: 1.1 localhost.localdomain
11:39:50.856 [LittleProxy-ProxyToServerWorker-7] DEBUG o.l.p.impl.ProxyToServerConnection - (AWAITING_INITIAL) [id: 0x700df78a, /127.0.0.1:35283 => localhost/127.0.0.1:9000]: Remembering the current request.
11:39:50.856 [LittleProxy-ProxyToServerWorker-7] DEBUG o.l.p.impl.ProxyToServerConnection - (AWAITING_INITIAL) [id: 0x700df78a, /127.0.0.1:35283 => localhost/127.0.0.1:9000]: Reading: DefaultHttpResponse(decodeResult: success, version: HTTP/1.1)
HTTP/1.1 200 OK
Accept-Ranges: bytes
Date: Tue, 08 Sep 2015 10:39:50 GMT
Cache-Control: public, max-age=0
Last-Modified: Tue, 16 Jun 2015 14:10:38 GMT
ETag: W/"Bs1Co+m2wEHSG/eVilQkIw=="
Content-Type: application/javascript
Content-Length: 35914
Connection: keep-alive
11:39:50.856 [LittleProxy-ProxyToServerWorker-7] DEBUG o.l.p.impl.ProxyToServerConnection - (AWAITING_INITIAL) [id: 0x700df78a, /127.0.0.1:35283 => localhost/127.0.0.1:9000]: Received raw response: DefaultHttpResponse(decodeResult: success, version: HTTP/1.1)
HTTP/1.1 200 OK
Accept-Ranges: bytes
Date: Tue, 08 Sep 2015 10:39:50 GMT
Cache-Control: public, max-age=0
Last-Modified: Tue, 16 Jun 2015 14:10:38 GMT
ETag: W/"Bs1Co+m2wEHSG/eVilQkIw=="
Content-Type: application/javascript
Content-Length: 35914
Connection: keep-alive
11:39:50.856 [LittleProxy-ProxyToServerWorker-7] DEBUG o.l.p.impl.ProxyToServerConnection - (AWAITING_INITIAL) [id: 0x700df78a, /127.0.0.1:35283 => localhost/127.0.0.1:9000]: Remembering the current response.
11:39:50.856 [LittleProxy-ProxyToServerWorker-7] DEBUG o.l.p.impl.ClientToProxyConnection - (AWAITING_INITIAL) [id: 0x4dc93f85, /127.0.0.1:54147 => /127.0.1.1:45224]: Writing: DefaultHttpResponse(decodeResult: success, version: HTTP/1.1)
HTTP/1.1 200 OK
Accept-Ranges: bytes
Date: Tue, 08 Sep 2015 10:39:50 GMT
Cache-Control: public, max-age=0
Last-Modified: Tue, 16 Jun 2015 14:10:38 GMT
ETag: W/"Bs1Co+m2wEHSG/eVilQkIw=="
Content-Type: application/javascript
Content-Length: 35914
Via: 1.1 localhost.localdomain
11:39:50.856 [LittleProxy-ProxyToServerWorker-7] DEBUG o.l.p.impl.ClientToProxyConnection - (AWAITING_INITIAL) [id: 0x4dc93f85, /127.0.0.1:54147 => /127.0.1.1:45224]: Wrote: DefaultHttpResponse(decodeResult: success, version: HTTP/1.1)
HTTP/1.1 200 OK
Accept-Ranges: bytes
Date: Tue, 08 Sep 2015 10:39:50 GMT
Cache-Control: public, max-age=0
Last-Modified: Tue, 16 Jun 2015 14:10:38 GMT
ETag: W/"Bs1Co+m2wEHSG/eVilQkIw=="
Content-Type: application/javascript
Content-Length: 35914
Via: 1.1 localhost.localdomain
11:39:50.856 [LittleProxy-ProxyToServerWorker-7] DEBUG o.l.p.impl.ClientToProxyConnection - (AWAITING_INITIAL) [id: 0x4dc93f85, /127.0.0.1:54147 => /127.0.1.1:45224]: Not closing server connection on middle chunk for /bower_components/angular-route/angular-route.js
11:39:50.856 [LittleProxy-ProxyToServerWorker-7] DEBUG o.l.p.impl.ClientToProxyConnection - (AWAITING_INITIAL) [id: 0x4dc93f85, /127.0.0.1:54147 => /127.0.1.1:45224]: Not closing client connection on middle chunk for /bower_components/angular-route/angular-route.js
11:39:50.859 [LittleProxy-ProxyToServerWorker-3] DEBUG o.l.p.impl.ProxyToServerConnection - (AWAITING_CHUNK) [id: 0xceaab001, /127.0.0.1:35280 => localhost/127.0.0.1:9000]: Reading: DefaultLastHttpContent(data: SlicedByteBuf(ridx: 0, widx: 1184, cap: 1184/1184, unwrapped: UnpooledUnsafeDirectByteBuf(ridx: 1184, widx: 1184, cap: 16384)), decoderResult: success)
11:39:50.859 [LittleProxy-ProxyToServerWorker-3] DEBUG o.l.p.impl.ClientToProxyConnection - (AWAITING_INITIAL) [id: 0x16fa54b8, /127.0.0.1:54150 => /127.0.1.1:45224]: Retaining reference counted message
11:39:50.859 [LittleProxy-ProxyToServerWorker-3] DEBUG o.l.p.impl.ClientToProxyConnection - (AWAITING_INITIAL) [id: 0x16fa54b8, /127.0.0.1:54150 => /127.0.1.1:45224]: Writing: DefaultLastHttpContent(data: SlicedByteBuf(ridx: 0, widx: 1184, cap: 1184/1184, unwrapped: UnpooledUnsafeDirectByteBuf(ridx: 1184, widx: 1184, cap: 16384)), decoderResult: success)
11:39:50.859 [LittleProxy-ProxyToServerWorker-3] DEBUG o.l.p.impl.ClientToProxyConnection - (AWAITING_INITIAL) [id: 0x16fa54b8, /127.0.0.1:54150 => /127.0.1.1:45224]: Writing an empty buffer to signal the end of our chunked transfer
11:39:50.859 [LittleProxy-ProxyToServerWorker-3] DEBUG o.l.p.impl.ClientToProxyConnection - (AWAITING_INITIAL) [id: 0x16fa54b8, /127.0.0.1:54150 => /127.0.1.1:45224]: Wrote: DefaultLastHttpContent(data: SlicedByteBuf(ridx: 0, widx: 1184, cap: 1184/1184, unwrapped: UnpooledUnsafeDirectByteBuf(ridx: 1184, widx: 1184, cap: 16384)), decoderResult: success)
11:39:50.859 [LittleProxy-ProxyToServerWorker-3] DEBUG o.l.p.impl.ClientToProxyConnection - (AWAITING_INITIAL) [id: 0x16fa54b8, /127.0.0.1:54150 => /127.0.1.1:45224]: Retaining reference counted message
11:39:50.859 [LittleProxy-ProxyToServerWorker-3] DEBUG o.l.p.impl.ClientToProxyConnection - (AWAITING_INITIAL) [id: 0x16fa54b8, /127.0.0.1:54150 => /127.0.1.1:45224]: Writing: EmptyByteBufBE
11:39:50.859 [LittleProxy-ProxyToServerWorker-3] DEBUG o.l.p.impl.ClientToProxyConnection - (AWAITING_INITIAL) [id: 0x16fa54b8, /127.0.0.1:54150 => /127.0.1.1:45224]: Wrote: EmptyByteBufBE
11:39:50.859 [LittleProxy-ProxyToServerWorker-3] DEBUG o.l.p.impl.ClientToProxyConnection - (AWAITING_INITIAL) [id: 0x16fa54b8, /127.0.0.1:54150 => /127.0.1.1:45224]: Handling last chunk. Using normal server connection closing rules.
11:39:50.859 [LittleProxy-ProxyToServerWorker-3] DEBUG o.l.p.impl.ClientToProxyConnection - (AWAITING_INITIAL) [id: 0x16fa54b8, /127.0.0.1:54150 => /127.0.1.1:45224]: Not closing server connection for response: DefaultHttpResponse(decodeResult: success, version: HTTP/1.1)
HTTP/1.1 200 OK
Accept-Ranges: bytes
Date: Tue, 08 Sep 2015 10:39:50 GMT
Cache-Control: public, max-age=0
Last-Modified: Fri, 17 Oct 2014 06:40:12 GMT
ETag: W/"7qvI4hQqMtmD9zJcVhjo5A=="
Content-Type: text/css; charset=UTF-8
Content-Length: 1184
Connection: keep-alive
11:39:50.859 [LittleProxy-ProxyToServerWorker-3] DEBUG o.l.p.impl.ClientToProxyConnection - (AWAITING_INITIAL) [id: 0x16fa54b8, /127.0.0.1:54150 => /127.0.1.1:45224]: Handling last chunk. Using normal client connection closing rules.
11:39:50.860 [LittleProxy-ProxyToServerWorker-3] DEBUG o.l.p.impl.ClientToProxyConnection - (AWAITING_INITIAL) [id: 0x16fa54b8, /127.0.0.1:54150 => /127.0.1.1:45224]: Not closing client connection for request: [FAILED toString()]
11:39:50.860 [LittleProxy-ClientToProxyWorker-6] DEBUG o.l.p.impl.ClientToProxyConnection - (AWAITING_INITIAL) [id: 0x16fa54b8, /127.0.0.1:54150 => /127.0.1.1:45224]: Reading: HttpObjectAggregator$AggregatedFullHttpRequest(decodeResult: success, version: HTTP/1.1, content: CompositeByteBuf(ridx: 0, widx: 0, cap: 0, components=0))
GET http://localhost:9000/bower_components/angular-bootstrap-show-errors/src/showErrors.js HTTP/1.1
Host: localhost:9000
Proxy-Connection: keep-alive
Accept: */*
User-Agent: Mozilla/5.0 (X11; Linux x86_64) AppleWebKit/537.36 (KHTML, like Gecko) Chrome/44.0.2403.130 Safari/537.36
Referer: http://localhost:9000/
Accept-Encoding: gzip, deflate, sdch
Accept-Language: en-GB,en-US;q=0.8,en;q=0.6
Content-Length: 0
11:39:50.860 [LittleProxy-ClientToProxyWorker-6] DEBUG o.l.p.impl.ClientToProxyConnection - (AWAITING_INITIAL) [id: 0x16fa54b8, /127.0.0.1:54150 => /127.0.1.1:45224]: Got request: HttpObjectAggregator$AggregatedFullHttpRequest(decodeResult: success, version: HTTP/1.1, content: CompositeByteBuf(ridx: 0, widx: 0, cap: 0, components=0))
GET http://localhost:9000/bower_components/angular-bootstrap-show-errors/src/showErrors.js HTTP/1.1
Host: localhost:9000
Proxy-Connection: keep-alive
Accept: */*
User-Agent: Mozilla/5.0 (X11; Linux x86_64) AppleWebKit/537.36 (KHTML, like Gecko) Chrome/44.0.2403.130 Safari/537.36
Referer: http://localhost:9000/
Accept-Encoding: gzip, deflate, sdch
Accept-Language: en-GB,en-US;q=0.8,en;q=0.6
Content-Length: 0
11:39:50.860 [LittleProxy-ProxyToServerWorker-5] DEBUG o.l.p.impl.ProxyToServerConnection - (AWAITING_INITIAL) [id: 0x97bd59d1, /127.0.0.1:35281 => localhost/127.0.0.1:9000]: Remembering the current request.
11:39:50.860 [LittleProxy-ProxyToServerWorker-5] DEBUG o.l.p.impl.ProxyToServerConnection - (AWAITING_INITIAL) [id: 0x97bd59d1, /127.0.0.1:35281 => localhost/127.0.0.1:9000]: Reading: DefaultHttpResponse(decodeResult: success, version: HTTP/1.1)
HTTP/1.1 200 OK
Accept-Ranges: bytes
Date: Tue, 08 Sep 2015 10:39:50 GMT
Cache-Control: public, max-age=0
Last-Modified: Wed, 13 May 2015 07:42:12 GMT
ETag: W/"NoByFrpB+Y83p/ctY9E64w=="
Content-Type: application/javascript
Content-Length: 101906
Connection: keep-alive
11:39:50.860 [LittleProxy-ProxyToServerWorker-5] DEBUG o.l.p.impl.ProxyToServerConnection - (AWAITING_INITIAL) [id: 0x97bd59d1, /127.0.0.1:35281 => localhost/127.0.0.1:9000]: Received raw response: DefaultHttpResponse(decodeResult: success, version: HTTP/1.1)
HTTP/1.1 200 OK
Accept-Ranges: bytes
Date: Tue, 08 Sep 2015 10:39:50 GMT
Cache-Control: public, max-age=0
Last-Modified: Wed, 13 May 2015 07:42:12 GMT
ETag: W/"NoByFrpB+Y83p/ctY9E64w=="
Content-Type: application/javascript
Content-Length: 101906
Connection: keep-alive
11:39:50.860 [LittleProxy-ProxyToServerWorker-5] DEBUG o.l.p.impl.ProxyToServerConnection - (AWAITING_INITIAL) [id: 0x97bd59d1, /127.0.0.1:35281 => localhost/127.0.0.1:9000]: Remembering the current response.
11:39:50.860 [LittleProxy-ClientToProxyWorker-6] DEBUG o.l.p.impl.ClientToProxyConnection - (AWAITING_INITIAL) [id: 0x16fa54b8, /127.0.0.1:54150 => /127.0.1.1:45224]: Ensuring that hostAndPort are available in http://localhost:9000/bower_components/angular-bootstrap-show-errors/src/showErrors.js
11:39:50.860 [LittleProxy-ClientToProxyWorker-6] DEBUG o.l.p.impl.ClientToProxyConnection - (AWAITING_INITIAL) [id: 0x16fa54b8, /127.0.0.1:54150 => /127.0.1.1:45224]: Finding ProxyToServerConnection for: localhost:9000
11:39:50.860 [LittleProxy-ClientToProxyWorker-6] DEBUG o.l.p.impl.ClientToProxyConnection - (AWAITING_INITIAL) [id: 0x16fa54b8, /127.0.0.1:54150 => /127.0.1.1:45224]: Reusing existing server connection: org.littleshoot.proxy.impl.ProxyToServerConnection@4072e2c4
11:39:50.860 [LittleProxy-ClientToProxyWorker-6] DEBUG o.l.p.impl.ClientToProxyConnection - (AWAITING_INITIAL) [id: 0x16fa54b8, /127.0.0.1:54150 => /127.0.1.1:45224]: Modifying request headers for proxying
11:39:50.860 [LittleProxy-ClientToProxyWorker-6] DEBUG o.l.p.impl.ClientToProxyConnection - (AWAITING_INITIAL) [id: 0x16fa54b8, /127.0.0.1:54150 => /127.0.1.1:45224]: Modifying request for proxy chaining
11:39:50.860 [LittleProxy-ProxyToServerWorker-5] DEBUG o.l.p.impl.ClientToProxyConnection - (AWAITING_INITIAL) [id: 0xa74abe3b, /127.0.0.1:54151 => /127.0.1.1:45224]: Writing: DefaultHttpResponse(decodeResult: success, version: HTTP/1.1)
HTTP/1.1 200 OK
Accept-Ranges: bytes
Date: Tue, 08 Sep 2015 10:39:50 GMT
Cache-Control: public, max-age=0
Last-Modified: Wed, 13 May 2015 07:42:12 GMT
ETag: W/"NoByFrpB+Y83p/ctY9E64w=="
Content-Type: application/javascript
Content-Length: 101906
Via: 1.1 localhost.localdomain
11:39:50.860 [LittleProxy-ClientToProxyWorker-6] DEBUG o.l.p.impl.ClientToProxyConnection - (AWAITING_INITIAL) [id: 0x16fa54b8, /127.0.0.1:54150 => /127.0.1.1:45224]: Stripped host from uri: http://localhost:9000/bower_components/angular-bootstrap-show-errors/src/showErrors.js    yielding: /bower_components/angular-bootstrap-show-errors/src/showErrors.js
11:39:50.860 [LittleProxy-ProxyToServerWorker-5] DEBUG o.l.p.impl.ClientToProxyConnection - (AWAITING_INITIAL) [id: 0xa74abe3b, /127.0.0.1:54151 => /127.0.1.1:45224]: Wrote: DefaultHttpResponse(decodeResult: success, version: HTTP/1.1)
HTTP/1.1 200 OK
Accept-Ranges: bytes
Date: Tue, 08 Sep 2015 10:39:50 GMT
Cache-Control: public, max-age=0
Last-Modified: Wed, 13 May 2015 07:42:12 GMT
ETag: W/"NoByFrpB+Y83p/ctY9E64w=="
Content-Type: application/javascript
Content-Length: 101906
Via: 1.1 localhost.localdomain
11:39:50.860 [LittleProxy-ProxyToServerWorker-5] DEBUG o.l.p.impl.ClientToProxyConnection - (AWAITING_INITIAL) [id: 0xa74abe3b, /127.0.0.1:54151 => /127.0.1.1:45224]: Not closing server connection on middle chunk for /bower_components/moment/moment.js
11:39:50.860 [LittleProxy-ProxyToServerWorker-5] DEBUG o.l.p.impl.ClientToProxyConnection - (AWAITING_INITIAL) [id: 0xa74abe3b, /127.0.0.1:54151 => /127.0.1.1:45224]: Not closing client connection on middle chunk for /bower_components/moment/moment.js
11:39:50.860 [LittleProxy-ClientToProxyWorker-6] DEBUG o.l.p.impl.ClientToProxyConnection - (AWAITING_INITIAL) [id: 0x16fa54b8, /127.0.0.1:54150 => /127.0.1.1:45224]: Removed sdch and inserted: gzip, deflate, 
11:39:50.860 [LittleProxy-ClientToProxyWorker-6] DEBUG o.l.p.impl.ClientToProxyConnection - (AWAITING_INITIAL) [id: 0x16fa54b8, /127.0.0.1:54150 => /127.0.1.1:45224]: Writing request to ProxyToServerConnection
11:39:50.860 [LittleProxy-ProxyToServerWorker-5] DEBUG o.l.p.impl.ProxyToServerConnection - (AWAITING_CHUNK) [id: 0x97bd59d1, /127.0.0.1:35281 => localhost/127.0.0.1:9000]: Reading: DefaultHttpContent(data: SlicedByteBuf(ridx: 0, widx: 8192, cap: 8192/8192, unwrapped: UnpooledUnsafeDirectByteBuf(ridx: 8192, widx: 8192, cap: 8192)), decoderResult: success)
11:39:50.860 [LittleProxy-ClientToProxyWorker-6] DEBUG o.l.p.impl.ProxyToServerConnection - (AWAITING_INITIAL) [id: 0xceaab001, /127.0.0.1:35280 => localhost/127.0.0.1:9000]: Requested write of HttpObjectAggregator$AggregatedFullHttpRequest(decodeResult: success, version: HTTP/1.1, content: CompositeByteBuf(ridx: 0, widx: 0, cap: 0, components=0))
GET /bower_components/angular-bootstrap-show-errors/src/showErrors.js HTTP/1.1
Host: localhost:9000
Accept: */*
User-Agent: Mozilla/5.0 (X11; Linux x86_64) AppleWebKit/537.36 (KHTML, like Gecko) Chrome/44.0.2403.130 Safari/537.36
Referer: http://localhost:9000/
Accept-Language: en-GB,en-US;q=0.8,en;q=0.6
Content-Length: 0
Accept-Encoding: gzip, deflate, 
Via: 1.1 localhost.localdomain
11:39:50.860 [LittleProxy-ProxyToServerWorker-5] DEBUG o.l.p.impl.ClientToProxyConnection - (AWAITING_INITIAL) [id: 0xa74abe3b, /127.0.0.1:54151 => /127.0.1.1:45224]: Retaining reference counted message
11:39:50.861 [LittleProxy-ClientToProxyWorker-6] DEBUG o.l.p.impl.ProxyToServerConnection - (AWAITING_INITIAL) [id: 0xceaab001, /127.0.0.1:35280 => localhost/127.0.0.1:9000]: Retaining reference counted message
11:39:50.861 [LittleProxy-ProxyToServerWorker-5] DEBUG o.l.p.impl.ClientToProxyConnection - (AWAITING_INITIAL) [id: 0xa74abe3b, /127.0.0.1:54151 => /127.0.1.1:45224]: Writing: DefaultHttpContent(data: SlicedByteBuf(ridx: 0, widx: 8192, cap: 8192/8192, unwrapped: UnpooledUnsafeDirectByteBuf(ridx: 8192, widx: 8192, cap: 8192)), decoderResult: success)
11:39:50.861 [LittleProxy-ClientToProxyWorker-6] DEBUG o.l.p.impl.ProxyToServerConnection - (AWAITING_INITIAL) [id: 0xceaab001, /127.0.0.1:35280 => localhost/127.0.0.1:9000]: Using existing connection to: localhost/127.0.0.1:9000
11:39:50.861 [LittleProxy-ProxyToServerWorker-5] DEBUG o.l.p.impl.ClientToProxyConnection - (AWAITING_INITIAL) [id: 0xa74abe3b, /127.0.0.1:54151 => /127.0.1.1:45224]: Wrote: DefaultHttpContent(data: SlicedByteBuf(ridx: 0, widx: 8192, cap: 8192/8192, unwrapped: UnpooledUnsafeDirectByteBuf(ridx: 8192, widx: 8192, cap: 8192)), decoderResult: success)
11:39:50.861 [LittleProxy-ClientToProxyWorker-6] DEBUG o.l.p.impl.ProxyToServerConnection - (AWAITING_INITIAL) [id: 0xceaab001, /127.0.0.1:35280 => localhost/127.0.0.1:9000]: Writing: HttpObjectAggregator$AggregatedFullHttpRequest(decodeResult: success, version: HTTP/1.1, content: CompositeByteBuf(ridx: 0, widx: 0, cap: 0, components=0))
GET /bower_components/angular-bootstrap-show-errors/src/showErrors.js HTTP/1.1
Host: localhost:9000
Accept: */*
User-Agent: Mozilla/5.0 (X11; Linux x86_64) AppleWebKit/537.36 (KHTML, like Gecko) Chrome/44.0.2403.130 Safari/537.36
Referer: http://localhost:9000/
Accept-Language: en-GB,en-US;q=0.8,en;q=0.6
Content-Length: 0
Accept-Encoding: gzip, deflate, 
Via: 1.1 localhost.localdomain
11:39:50.861 [LittleProxy-ProxyToServerWorker-5] DEBUG o.l.p.impl.ClientToProxyConnection - (AWAITING_INITIAL) [id: 0xa74abe3b, /127.0.0.1:54151 => /127.0.1.1:45224]: Not closing server connection on middle chunk for /bower_components/moment/moment.js
11:39:50.861 [LittleProxy-ClientToProxyWorker-6] DEBUG o.l.p.impl.ProxyToServerConnection - (AWAITING_INITIAL) [id: 0xceaab001, /127.0.0.1:35280 => localhost/127.0.0.1:9000]: Writing an empty buffer to signal the end of our chunked transfer
11:39:50.861 [LittleProxy-ProxyToServerWorker-5] DEBUG o.l.p.impl.ClientToProxyConnection - (AWAITING_INITIAL) [id: 0xa74abe3b, /127.0.0.1:54151 => /127.0.1.1:45224]: Not closing client connection on middle chunk for /bower_components/moment/moment.js
11:39:50.861 [LittleProxy-ClientToProxyWorker-6] DEBUG o.l.p.impl.ProxyToServerConnection - (AWAITING_INITIAL) [id: 0xceaab001, /127.0.0.1:35280 => localhost/127.0.0.1:9000]: Wrote: HttpObjectAggregator$AggregatedFullHttpRequest(decodeResult: success, version: HTTP/1.1, content: CompositeByteBuf(ridx: 0, widx: 0, cap: 0, components=0))
GET /bower_components/angular-bootstrap-show-errors/src/showErrors.js HTTP/1.1
Host: localhost:9000
Accept: */*
User-Agent: Mozilla/5.0 (X11; Linux x86_64) AppleWebKit/537.36 (KHTML, like Gecko) Chrome/44.0.2403.130 Safari/537.36
Referer: http://localhost:9000/
Accept-Language: en-GB,en-US;q=0.8,en;q=0.6
Content-Length: 0
Accept-Encoding: gzip, deflate, 
Via: 1.1 localhost.localdomain
11:39:50.861 [LittleProxy-ProxyToServerWorker-5] DEBUG o.l.p.impl.ProxyToServerConnection - (AWAITING_CHUNK) [id: 0x97bd59d1, /127.0.0.1:35281 => localhost/127.0.0.1:9000]: Reading: DefaultHttpContent(data: SlicedByteBuf(ridx: 0, widx: 8192, cap: 8192/8192, unwrapped: UnpooledUnsafeDirectByteBuf(ridx: 8192, widx: 8192, cap: 8192)), decoderResult: success)
11:39:50.861 [LittleProxy-ProxyToServerWorker-5] DEBUG o.l.p.impl.ClientToProxyConnection - (AWAITING_INITIAL) [id: 0xa74abe3b, /127.0.0.1:54151 => /127.0.1.1:45224]: Retaining reference counted message
11:39:50.862 [LittleProxy-ProxyToServerWorker-5] DEBUG o.l.p.impl.ClientToProxyConnection - (AWAITING_INITIAL) [id: 0xa74abe3b, /127.0.0.1:54151 => /127.0.1.1:45224]: Writing: DefaultHttpContent(data: SlicedByteBuf(ridx: 0, widx: 8192, cap: 8192/8192, unwrapped: UnpooledUnsafeDirectByteBuf(ridx: 8192, widx: 8192, cap: 8192)), decoderResult: success)
11:39:50.862 [LittleProxy-ProxyToServerWorker-5] DEBUG o.l.p.impl.ClientToProxyConnection - (AWAITING_INITIAL) [id: 0xa74abe3b, /127.0.0.1:54151 => /127.0.1.1:45224]: Wrote: DefaultHttpContent(data: SlicedByteBuf(ridx: 0, widx: 8192, cap: 8192/8192, unwrapped: UnpooledUnsafeDirectByteBuf(ridx: 8192, widx: 8192, cap: 8192)), decoderResult: success)
11:39:50.862 [LittleProxy-ProxyToServerWorker-5] DEBUG o.l.p.impl.ClientToProxyConnection - (AWAITING_INITIAL) [id: 0xa74abe3b, /127.0.0.1:54151 => /127.0.1.1:45224]: Not closing server connection on middle chunk for /bower_components/moment/moment.js
11:39:50.862 [LittleProxy-ProxyToServerWorker-5] DEBUG o.l.p.impl.ClientToProxyConnection - (AWAITING_INITIAL) [id: 0xa74abe3b, /127.0.0.1:54151 => /127.0.1.1:45224]: Not closing client connection on middle chunk for /bower_components/moment/moment.js
11:39:50.862 [LittleProxy-ProxyToServerWorker-5] DEBUG o.l.p.impl.ProxyToServerConnection - (AWAITING_CHUNK) [id: 0x97bd59d1, /127.0.0.1:35281 => localhost/127.0.0.1:9000]: Reading: DefaultHttpContent(data: SlicedByteBuf(ridx: 0, widx: 8192, cap: 8192/8192, unwrapped: UnpooledUnsafeDirectByteBuf(ridx: 8192, widx: 8192, cap: 8192)), decoderResult: success)
11:39:50.862 [LittleProxy-ProxyToServerWorker-5] DEBUG o.l.p.impl.ClientToProxyConnection - (AWAITING_INITIAL) [id: 0xa74abe3b, /127.0.0.1:54151 => /127.0.1.1:45224]: Retaining reference counted message
11:39:50.862 [LittleProxy-ProxyToServerWorker-5] DEBUG o.l.p.impl.ClientToProxyConnection - (AWAITING_INITIAL) [id: 0xa74abe3b, /127.0.0.1:54151 => /127.0.1.1:45224]: Writing: DefaultHttpContent(data: SlicedByteBuf(ridx: 0, widx: 8192, cap: 8192/8192, unwrapped: UnpooledUnsafeDirectByteBuf(ridx: 8192, widx: 8192, cap: 8192)), decoderResult: success)
11:39:50.862 [LittleProxy-ProxyToServerWorker-5] DEBUG o.l.p.impl.ClientToProxyConnection - (AWAITING_INITIAL) [id: 0xa74abe3b, /127.0.0.1:54151 => /127.0.1.1:45224]: Wrote: DefaultHttpContent(data: SlicedByteBuf(ridx: 0, widx: 8192, cap: 8192/8192, unwrapped: UnpooledUnsafeDirectByteBuf(ridx: 8192, widx: 8192, cap: 8192)), decoderResult: success)
11:39:50.862 [LittleProxy-ProxyToServerWorker-5] DEBUG o.l.p.impl.ClientToProxyConnection - (AWAITING_INITIAL) [id: 0xa74abe3b, /127.0.0.1:54151 => /127.0.1.1:45224]: Not closing server connection on middle chunk for /bower_components/moment/moment.js
11:39:50.862 [LittleProxy-ProxyToServerWorker-5] DEBUG o.l.p.impl.ClientToProxyConnection - (AWAITING_INITIAL) [id: 0xa74abe3b, /127.0.0.1:54151 => /127.0.1.1:45224]: Not closing client connection on middle chunk for /bower_components/moment/moment.js
11:39:50.862 [LittleProxy-ProxyToServerWorker-5] DEBUG o.l.p.impl.ProxyToServerConnection - (AWAITING_CHUNK) [id: 0x97bd59d1, /127.0.0.1:35281 => localhost/127.0.0.1:9000]: Reading: DefaultHttpContent(data: SlicedByteBuf(ridx: 0, widx: 8192, cap: 8192/8192, unwrapped: UnpooledUnsafeDirectByteBuf(ridx: 8192, widx: 8192, cap: 8192)), decoderResult: success)
11:39:50.862 [LittleProxy-ProxyToServerWorker-5] DEBUG o.l.p.impl.ClientToProxyConnection - (AWAITING_INITIAL) [id: 0xa74abe3b, /127.0.0.1:54151 => /127.0.1.1:45224]: Retaining reference counted message
11:39:50.862 [LittleProxy-ProxyToServerWorker-5] DEBUG o.l.p.impl.ClientToProxyConnection - (AWAITING_INITIAL) [id: 0xa74abe3b, /127.0.0.1:54151 => /127.0.1.1:45224]: Writing: DefaultHttpContent(data: SlicedByteBuf(ridx: 0, widx: 8192, cap: 8192/8192, unwrapped: UnpooledUnsafeDirectByteBuf(ridx: 8192, widx: 8192, cap: 8192)), decoderResult: success)
11:39:50.862 [LittleProxy-ProxyToServerWorker-5] DEBUG o.l.p.impl.ClientToProxyConnection - (AWAITING_INITIAL) [id: 0xa74abe3b, /127.0.0.1:54151 => /127.0.1.1:45224]: Wrote: DefaultHttpContent(data: SlicedByteBuf(ridx: 0, widx: 8192, cap: 8192/8192, unwrapped: UnpooledUnsafeDirectByteBuf(ridx: 8192, widx: 8192, cap: 8192)), decoderResult: success)
11:39:50.862 [LittleProxy-ProxyToServerWorker-5] DEBUG o.l.p.impl.ClientToProxyConnection - (AWAITING_INITIAL) [id: 0xa74abe3b, /127.0.0.1:54151 => /127.0.1.1:45224]: Not closing server connection on middle chunk for /bower_components/moment/moment.js
11:39:50.862 [LittleProxy-ProxyToServerWorker-5] DEBUG o.l.p.impl.ClientToProxyConnection - (AWAITING_INITIAL) [id: 0xa74abe3b, /127.0.0.1:54151 => /127.0.1.1:45224]: Not closing client connection on middle chunk for /bower_components/moment/moment.js
11:39:50.862 [LittleProxy-ProxyToServerWorker-5] DEBUG o.l.p.impl.ProxyToServerConnection - (AWAITING_CHUNK) [id: 0x97bd59d1, /127.0.0.1:35281 => localhost/127.0.0.1:9000]: Reading: DefaultHttpContent(data: SlicedByteBuf(ridx: 0, widx: 8192, cap: 8192/8192, unwrapped: UnpooledUnsafeDirectByteBuf(ridx: 8192, widx: 8192, cap: 8192)), decoderResult: success)
11:39:50.862 [LittleProxy-ProxyToServerWorker-5] DEBUG o.l.p.impl.ClientToProxyConnection - (AWAITING_INITIAL) [id: 0xa74abe3b, /127.0.0.1:54151 => /127.0.1.1:45224]: Retaining reference counted message
11:39:50.862 [LittleProxy-ProxyToServerWorker-5] DEBUG o.l.p.impl.ClientToProxyConnection - (AWAITING_INITIAL) [id: 0xa74abe3b, /127.0.0.1:54151 => /127.0.1.1:45224]: Writing: DefaultHttpContent(data: SlicedByteBuf(ridx: 0, widx: 8192, cap: 8192/8192, unwrapped: UnpooledUnsafeDirectByteBuf(ridx: 8192, widx: 8192, cap: 8192)), decoderResult: success)
11:39:50.862 [LittleProxy-ProxyToServerWorker-5] DEBUG o.l.p.impl.ClientToProxyConnection - (AWAITING_INITIAL) [id: 0xa74abe3b, /127.0.0.1:54151 => /127.0.1.1:45224]: Wrote: DefaultHttpContent(data: SlicedByteBuf(ridx: 0, widx: 8192, cap: 8192/8192, unwrapped: UnpooledUnsafeDirectByteBuf(ridx: 8192, widx: 8192, cap: 8192)), decoderResult: success)
11:39:50.862 [LittleProxy-ProxyToServerWorker-5] DEBUG o.l.p.impl.ClientToProxyConnection - (AWAITING_INITIAL) [id: 0xa74abe3b, /127.0.0.1:54151 => /127.0.1.1:45224]: Not closing server connection on middle chunk for /bower_components/moment/moment.js
11:39:50.862 [LittleProxy-ProxyToServerWorker-5] DEBUG o.l.p.impl.ClientToProxyConnection - (AWAITING_INITIAL) [id: 0xa74abe3b, /127.0.0.1:54151 => /127.0.1.1:45224]: Not closing client connection on middle chunk for /bower_components/moment/moment.js
11:39:50.862 [LittleProxy-ProxyToServerWorker-5] DEBUG o.l.p.impl.ProxyToServerConnection - (AWAITING_CHUNK) [id: 0x97bd59d1, /127.0.0.1:35281 => localhost/127.0.0.1:9000]: Reading: DefaultHttpContent(data: SlicedByteBuf(ridx: 0, widx: 8192, cap: 8192/8192, unwrapped: UnpooledUnsafeDirectByteBuf(ridx: 8192, widx: 8192, cap: 8192)), decoderResult: success)
11:39:50.862 [LittleProxy-ProxyToServerWorker-5] DEBUG o.l.p.impl.ClientToProxyConnection - (AWAITING_INITIAL) [id: 0xa74abe3b, /127.0.0.1:54151 => /127.0.1.1:45224]: Retaining reference counted message
11:39:50.862 [LittleProxy-ProxyToServerWorker-5] DEBUG o.l.p.impl.ClientToProxyConnection - (AWAITING_INITIAL) [id: 0xa74abe3b, /127.0.0.1:54151 => /127.0.1.1:45224]: Writing: DefaultHttpContent(data: SlicedByteBuf(ridx: 0, widx: 8192, cap: 8192/8192, unwrapped: UnpooledUnsafeDirectByteBuf(ridx: 8192, widx: 8192, cap: 8192)), decoderResult: success)
11:39:50.862 [LittleProxy-ProxyToServerWorker-5] DEBUG o.l.p.impl.ClientToProxyConnection - (AWAITING_INITIAL) [id: 0xa74abe3b, /127.0.0.1:54151 => /127.0.1.1:45224]: Wrote: DefaultHttpContent(data: SlicedByteBuf(ridx: 0, widx: 8192, cap: 8192/8192, unwrapped: UnpooledUnsafeDirectByteBuf(ridx: 8192, widx: 8192, cap: 8192)), decoderResult: success)
11:39:50.862 [LittleProxy-ProxyToServerWorker-5] DEBUG o.l.p.impl.ClientToProxyConnection - (AWAITING_INITIAL) [id: 0xa74abe3b, /127.0.0.1:54151 => /127.0.1.1:45224]: Not closing server connection on middle chunk for /bower_components/moment/moment.js
11:39:50.862 [LittleProxy-ProxyToServerWorker-5] DEBUG o.l.p.impl.ClientToProxyConnection - (AWAITING_INITIAL) [id: 0xa74abe3b, /127.0.0.1:54151 => /127.0.1.1:45224]: Not closing client connection on middle chunk for /bower_components/moment/moment.js
11:39:50.862 [LittleProxy-ProxyToServerWorker-5] DEBUG o.l.p.impl.ProxyToServerConnection - (AWAITING_CHUNK) [id: 0x97bd59d1, /127.0.0.1:35281 => localhost/127.0.0.1:9000]: Reading: DefaultHttpContent(data: SlicedByteBuf(ridx: 0, widx: 8192, cap: 8192/8192, unwrapped: UnpooledUnsafeDirectByteBuf(ridx: 8192, widx: 8192, cap: 8192)), decoderResult: success)
11:39:50.862 [LittleProxy-ProxyToServerWorker-5] DEBUG o.l.p.impl.ClientToProxyConnection - (AWAITING_INITIAL) [id: 0xa74abe3b, /127.0.0.1:54151 => /127.0.1.1:45224]: Retaining reference counted message
11:39:50.862 [LittleProxy-ProxyToServerWorker-5] DEBUG o.l.p.impl.ClientToProxyConnection - (AWAITING_INITIAL) [id: 0xa74abe3b, /127.0.0.1:54151 => /127.0.1.1:45224]: Writing: DefaultHttpContent(data: SlicedByteBuf(ridx: 0, widx: 8192, cap: 8192/8192, unwrapped: UnpooledUnsafeDirectByteBuf(ridx: 8192, widx: 8192, cap: 8192)), decoderResult: success)
11:39:50.862 [LittleProxy-ProxyToServerWorker-5] DEBUG o.l.p.impl.ClientToProxyConnection - (AWAITING_INITIAL) [id: 0xa74abe3b, /127.0.0.1:54151 => /127.0.1.1:45224]: Wrote: DefaultHttpContent(data: SlicedByteBuf(ridx: 0, widx: 8192, cap: 8192/8192, unwrapped: UnpooledUnsafeDirectByteBuf(ridx: 8192, widx: 8192, cap: 8192)), decoderResult: success)
11:39:50.862 [LittleProxy-ProxyToServerWorker-5] DEBUG o.l.p.impl.ClientToProxyConnection - (AWAITING_INITIAL) [id: 0xa74abe3b, /127.0.0.1:54151 => /127.0.1.1:45224]: Not closing server connection on middle chunk for /bower_components/moment/moment.js
11:39:50.862 [LittleProxy-ProxyToServerWorker-5] DEBUG o.l.p.impl.ClientToProxyConnection - (AWAITING_INITIAL) [id: 0xa74abe3b, /127.0.0.1:54151 => /127.0.1.1:45224]: Not closing client connection on middle chunk for /bower_components/moment/moment.js
11:39:50.863 [LittleProxy-ProxyToServerWorker-5] DEBUG o.l.p.impl.ProxyToServerConnection - (AWAITING_CHUNK) [id: 0x97bd59d1, /127.0.0.1:35281 => localhost/127.0.0.1:9000]: Reading: DefaultHttpContent(data: SlicedByteBuf(ridx: 0, widx: 8192, cap: 8192/8192, unwrapped: UnpooledUnsafeDirectByteBuf(ridx: 8192, widx: 8192, cap: 8192)), decoderResult: success)
11:39:50.863 [LittleProxy-ProxyToServerWorker-5] DEBUG o.l.p.impl.ClientToProxyConnection - (AWAITING_INITIAL) [id: 0xa74abe3b, /127.0.0.1:54151 => /127.0.1.1:45224]: Retaining reference counted message
11:39:50.863 [LittleProxy-ProxyToServerWorker-5] DEBUG o.l.p.impl.ClientToProxyConnection - (AWAITING_INITIAL) [id: 0xa74abe3b, /127.0.0.1:54151 => /127.0.1.1:45224]: Writing: DefaultHttpContent(data: SlicedByteBuf(ridx: 0, widx: 8192, cap: 8192/8192, unwrapped: UnpooledUnsafeDirectByteBuf(ridx: 8192, widx: 8192, cap: 8192)), decoderResult: success)
11:39:50.863 [LittleProxy-ProxyToServerWorker-5] DEBUG o.l.p.impl.ClientToProxyConnection - (AWAITING_INITIAL) [id: 0xa74abe3b, /127.0.0.1:54151 => /127.0.1.1:45224]: Wrote: DefaultHttpContent(data: SlicedByteBuf(ridx: 0, widx: 8192, cap: 8192/8192, unwrapped: UnpooledUnsafeDirectByteBuf(ridx: 8192, widx: 8192, cap: 8192)), decoderResult: success)
11:39:50.863 [LittleProxy-ProxyToServerWorker-5] DEBUG o.l.p.impl.ClientToProxyConnection - (AWAITING_INITIAL) [id: 0xa74abe3b, /127.0.0.1:54151 => /127.0.1.1:45224]: Not closing server connection on middle chunk for /bower_components/moment/moment.js
11:39:50.863 [LittleProxy-ProxyToServerWorker-5] DEBUG o.l.p.impl.ClientToProxyConnection - (AWAITING_INITIAL) [id: 0xa74abe3b, /127.0.0.1:54151 => /127.0.1.1:45224]: Not closing client connection on middle chunk for /bower_components/moment/moment.js
11:39:50.863 [LittleProxy-ProxyToServerWorker-2] DEBUG o.l.p.impl.ProxyToServerConnection - (AWAITING_CHUNK) [id: 0x9953b61f, /127.0.0.1:35274 => localhost/127.0.0.1:9000]: Reading: DefaultLastHttpContent(data: SlicedByteBuf(ridx: 0, widx: 1222, cap: 1222/1222, unwrapped: UnpooledUnsafeDirectByteBuf(ridx: 1222, widx: 1222, cap: 8192)), decoderResult: success)
11:39:50.863 [LittleProxy-ProxyToServerWorker-6] DEBUG o.l.p.impl.ProxyToServerConnection - (AWAITING_CHUNK) [id: 0x15efad94, /127.0.0.1:35282 => localhost/127.0.0.1:9000]: Reading: DefaultLastHttpContent(data: SlicedByteBuf(ridx: 0, widx: 1364, cap: 1364/1364, unwrapped: UnpooledUnsafeDirectByteBuf(ridx: 1364, widx: 1364, cap: 4096)), decoderResult: success)
11:39:50.863 [LittleProxy-ProxyToServerWorker-2] DEBUG o.l.p.impl.ClientToProxyConnection - (AWAITING_INITIAL) [id: 0xe726451f, /127.0.0.1:54145 => /127.0.1.1:45224]: Retaining reference counted message
11:39:50.863 [LittleProxy-ProxyToServerWorker-6] DEBUG o.l.p.impl.ClientToProxyConnection - (AWAITING_INITIAL) [id: 0x87242349, /127.0.0.1:54149 => /127.0.1.1:45224]: Retaining reference counted message
11:39:50.863 [LittleProxy-ProxyToServerWorker-2] DEBUG o.l.p.impl.ClientToProxyConnection - (AWAITING_INITIAL) [id: 0xe726451f, /127.0.0.1:54145 => /127.0.1.1:45224]: Writing: DefaultLastHttpContent(data: SlicedByteBuf(ridx: 0, widx: 1222, cap: 1222/1222, unwrapped: UnpooledUnsafeDirectByteBuf(ridx: 1222, widx: 1222, cap: 8192)), decoderResult: success)
11:39:50.863 [LittleProxy-ProxyToServerWorker-6] DEBUG o.l.p.impl.ClientToProxyConnection - (AWAITING_INITIAL) [id: 0x87242349, /127.0.0.1:54149 => /127.0.1.1:45224]: Writing: DefaultLastHttpContent(data: SlicedByteBuf(ridx: 0, widx: 1364, cap: 1364/1364, unwrapped: UnpooledUnsafeDirectByteBuf(ridx: 1364, widx: 1364, cap: 4096)), decoderResult: success)
11:39:50.863 [LittleProxy-ProxyToServerWorker-2] DEBUG o.l.p.impl.ClientToProxyConnection - (AWAITING_INITIAL) [id: 0xe726451f, /127.0.0.1:54145 => /127.0.1.1:45224]: Writing an empty buffer to signal the end of our chunked transfer
11:39:50.863 [LittleProxy-ProxyToServerWorker-6] DEBUG o.l.p.impl.ClientToProxyConnection - (AWAITING_INITIAL) [id: 0x87242349, /127.0.0.1:54149 => /127.0.1.1:45224]: Writing an empty buffer to signal the end of our chunked transfer
11:39:50.863 [LittleProxy-ProxyToServerWorker-2] DEBUG o.l.p.impl.ClientToProxyConnection - (AWAITING_INITIAL) [id: 0xe726451f, /127.0.0.1:54145 => /127.0.1.1:45224]: Wrote: DefaultLastHttpContent(data: SlicedByteBuf(ridx: 0, widx: 1222, cap: 1222/1222, unwrapped: UnpooledUnsafeDirectByteBuf(ridx: 1222, widx: 1222, cap: 8192)), decoderResult: success)
11:39:50.863 [LittleProxy-ProxyToServerWorker-2] DEBUG o.l.p.impl.ClientToProxyConnection - (AWAITING_INITIAL) [id: 0xe726451f, /127.0.0.1:54145 => /127.0.1.1:45224]: Retaining reference counted message
11:39:50.863 [LittleProxy-ProxyToServerWorker-6] DEBUG o.l.p.impl.ClientToProxyConnection - (AWAITING_INITIAL) [id: 0x87242349, /127.0.0.1:54149 => /127.0.1.1:45224]: Wrote: DefaultLastHttpContent(data: SlicedByteBuf(ridx: 0, widx: 1364, cap: 1364/1364, unwrapped: UnpooledUnsafeDirectByteBuf(ridx: 1364, widx: 1364, cap: 4096)), decoderResult: success)
11:39:50.863 [LittleProxy-ProxyToServerWorker-2] DEBUG o.l.p.impl.ClientToProxyConnection - (AWAITING_INITIAL) [id: 0xe726451f, /127.0.0.1:54145 => /127.0.1.1:45224]: Writing: EmptyByteBufBE
11:39:50.863 [LittleProxy-ProxyToServerWorker-6] DEBUG o.l.p.impl.ClientToProxyConnection - (AWAITING_INITIAL) [id: 0x87242349, /127.0.0.1:54149 => /127.0.1.1:45224]: Retaining reference counted message
11:39:50.863 [LittleProxy-ProxyToServerWorker-2] DEBUG o.l.p.impl.ClientToProxyConnection - (AWAITING_INITIAL) [id: 0xe726451f, /127.0.0.1:54145 => /127.0.1.1:45224]: Wrote: EmptyByteBufBE
11:39:50.863 [LittleProxy-ProxyToServerWorker-6] DEBUG o.l.p.impl.ClientToProxyConnection - (AWAITING_INITIAL) [id: 0x87242349, /127.0.0.1:54149 => /127.0.1.1:45224]: Writing: EmptyByteBufBE
11:39:50.863 [LittleProxy-ProxyToServerWorker-2] DEBUG o.l.p.impl.ClientToProxyConnection - (AWAITING_INITIAL) [id: 0xe726451f, /127.0.0.1:54145 => /127.0.1.1:45224]: Handling last chunk. Using normal server connection closing rules.
11:39:50.863 [LittleProxy-ProxyToServerWorker-6] DEBUG o.l.p.impl.ClientToProxyConnection - (AWAITING_INITIAL) [id: 0x87242349, /127.0.0.1:54149 => /127.0.1.1:45224]: Wrote: EmptyByteBufBE
11:39:50.863 [LittleProxy-ProxyToServerWorker-6] DEBUG o.l.p.impl.ClientToProxyConnection - (AWAITING_INITIAL) [id: 0x87242349, /127.0.0.1:54149 => /127.0.1.1:45224]: Handling last chunk. Using normal server connection closing rules.
11:39:50.863 [LittleProxy-ProxyToServerWorker-2] DEBUG o.l.p.impl.ClientToProxyConnection - (AWAITING_INITIAL) [id: 0xe726451f, /127.0.0.1:54145 => /127.0.1.1:45224]: Not closing server connection for response: DefaultHttpResponse(decodeResult: success, version: HTTP/1.1)
HTTP/1.1 200 OK
Accept-Ranges: bytes
Date: Tue, 08 Sep 2015 10:39:50 GMT
Cache-Control: public, max-age=0
Last-Modified: Fri, 17 Oct 2014 06:40:12 GMT
ETag: W/"1aDIJ5jerQoDWCxXlwm+Kg=="
Content-Type: text/css; charset=UTF-8
Content-Length: 1222
Connection: keep-alive
11:39:50.863 [LittleProxy-ProxyToServerWorker-6] DEBUG o.l.p.impl.ClientToProxyConnection - (AWAITING_INITIAL) [id: 0x87242349, /127.0.0.1:54149 => /127.0.1.1:45224]: Not closing server connection for response: DefaultHttpResponse(decodeResult: success, version: HTTP/1.1)
HTTP/1.1 200 OK
Accept-Ranges: bytes
Date: Tue, 08 Sep 2015 10:39:50 GMT
Cache-Control: public, max-age=0
Last-Modified: Fri, 17 Oct 2014 06:40:12 GMT
ETag: W/"8W99oHUIat/p9qsbyKMsOw=="
Content-Type: text/css; charset=UTF-8
Content-Length: 1364
Connection: keep-alive
11:39:50.863 [LittleProxy-ProxyToServerWorker-2] DEBUG o.l.p.impl.ClientToProxyConnection - (AWAITING_INITIAL) [id: 0xe726451f, /127.0.0.1:54145 => /127.0.1.1:45224]: Handling last chunk. Using normal client connection closing rules.
11:39:50.863 [LittleProxy-ProxyToServerWorker-6] DEBUG o.l.p.impl.ClientToProxyConnection - (AWAITING_INITIAL) [id: 0x87242349, /127.0.0.1:54149 => /127.0.1.1:45224]: Handling last chunk. Using normal client connection closing rules.
11:39:50.864 [LittleProxy-ProxyToServerWorker-6] DEBUG o.l.p.impl.ClientToProxyConnection - (AWAITING_INITIAL) [id: 0x87242349, /127.0.0.1:54149 => /127.0.1.1:45224]: Not closing client connection for request: [FAILED toString()]
11:39:50.864 [LittleProxy-ProxyToServerWorker-2] DEBUG o.l.p.impl.ClientToProxyConnection - (AWAITING_INITIAL) [id: 0xe726451f, /127.0.0.1:54145 => /127.0.1.1:45224]: Not closing client connection for request: [FAILED toString()]
11:39:50.864 [LittleProxy-ClientToProxyWorker-2] DEBUG o.l.p.impl.ClientToProxyConnection - (AWAITING_INITIAL) [id: 0xe726451f, /127.0.0.1:54145 => /127.0.1.1:45224]: Reading: HttpObjectAggregator$AggregatedFullHttpRequest(decodeResult: success, version: HTTP/1.1, content: CompositeByteBuf(ridx: 0, widx: 0, cap: 0, components=0))
GET http://localhost:9000/bower_components/jquery-ui/jquery-ui.js HTTP/1.1
Host: localhost:9000
Proxy-Connection: keep-alive
Accept: */*
User-Agent: Mozilla/5.0 (X11; Linux x86_64) AppleWebKit/537.36 (KHTML, like Gecko) Chrome/44.0.2403.130 Safari/537.36
Referer: http://localhost:9000/
Accept-Encoding: gzip, deflate, sdch
Accept-Language: en-GB,en-US;q=0.8,en;q=0.6
Content-Length: 0
11:39:50.864 [LittleProxy-ClientToProxyWorker-2] DEBUG o.l.p.impl.ClientToProxyConnection - (AWAITING_INITIAL) [id: 0xe726451f, /127.0.0.1:54145 => /127.0.1.1:45224]: Got request: HttpObjectAggregator$AggregatedFullHttpRequest(decodeResult: success, version: HTTP/1.1, content: CompositeByteBuf(ridx: 0, widx: 0, cap: 0, components=0))
GET http://localhost:9000/bower_components/jquery-ui/jquery-ui.js HTTP/1.1
Host: localhost:9000
Proxy-Connection: keep-alive
Accept: */*
User-Agent: Mozilla/5.0 (X11; Linux x86_64) AppleWebKit/537.36 (KHTML, like Gecko) Chrome/44.0.2403.130 Safari/537.36
Referer: http://localhost:9000/
Accept-Encoding: gzip, deflate, sdch
Accept-Language: en-GB,en-US;q=0.8,en;q=0.6
Content-Length: 0
11:39:50.864 [LittleProxy-ClientToProxyWorker-2] DEBUG o.l.p.impl.ClientToProxyConnection - (AWAITING_INITIAL) [id: 0xe726451f, /127.0.0.1:54145 => /127.0.1.1:45224]: Ensuring that hostAndPort are available in http://localhost:9000/bower_components/jquery-ui/jquery-ui.js
11:39:50.864 [LittleProxy-ClientToProxyWorker-2] DEBUG o.l.p.impl.ClientToProxyConnection - (AWAITING_INITIAL) [id: 0xe726451f, /127.0.0.1:54145 => /127.0.1.1:45224]: Finding ProxyToServerConnection for: localhost:9000
11:39:50.864 [LittleProxy-ClientToProxyWorker-2] DEBUG o.l.p.impl.ClientToProxyConnection - (AWAITING_INITIAL) [id: 0xe726451f, /127.0.0.1:54145 => /127.0.1.1:45224]: Reusing existing server connection: org.littleshoot.proxy.impl.ProxyToServerConnection@210dcfa0
11:39:50.864 [LittleProxy-ClientToProxyWorker-2] DEBUG o.l.p.impl.ClientToProxyConnection - (AWAITING_INITIAL) [id: 0xe726451f, /127.0.0.1:54145 => /127.0.1.1:45224]: Modifying request headers for proxying
11:39:50.864 [LittleProxy-ClientToProxyWorker-2] DEBUG o.l.p.impl.ClientToProxyConnection - (AWAITING_INITIAL) [id: 0xe726451f, /127.0.0.1:54145 => /127.0.1.1:45224]: Modifying request for proxy chaining
11:39:50.864 [LittleProxy-ClientToProxyWorker-2] DEBUG o.l.p.impl.ClientToProxyConnection - (AWAITING_INITIAL) [id: 0xe726451f, /127.0.0.1:54145 => /127.0.1.1:45224]: Stripped host from uri: http://localhost:9000/bower_components/jquery-ui/jquery-ui.js    yielding: /bower_components/jquery-ui/jquery-ui.js
11:39:50.864 [LittleProxy-ClientToProxyWorker-2] DEBUG o.l.p.impl.ClientToProxyConnection - (AWAITING_INITIAL) [id: 0xe726451f, /127.0.0.1:54145 => /127.0.1.1:45224]: Removed sdch and inserted: gzip, deflate, 
11:39:50.865 [LittleProxy-ClientToProxyWorker-2] DEBUG o.l.p.impl.ClientToProxyConnection - (AWAITING_INITIAL) [id: 0xe726451f, /127.0.0.1:54145 => /127.0.1.1:45224]: Writing request to ProxyToServerConnection
11:39:50.865 [LittleProxy-ClientToProxyWorker-2] DEBUG o.l.p.impl.ProxyToServerConnection - (AWAITING_INITIAL) [id: 0x9953b61f, /127.0.0.1:35274 => localhost/127.0.0.1:9000]: Requested write of HttpObjectAggregator$AggregatedFullHttpRequest(decodeResult: success, version: HTTP/1.1, content: CompositeByteBuf(ridx: 0, widx: 0, cap: 0, components=0))
GET /bower_components/jquery-ui/jquery-ui.js HTTP/1.1
Host: localhost:9000
Accept: */*
User-Agent: Mozilla/5.0 (X11; Linux x86_64) AppleWebKit/537.36 (KHTML, like Gecko) Chrome/44.0.2403.130 Safari/537.36
Referer: http://localhost:9000/
Accept-Language: en-GB,en-US;q=0.8,en;q=0.6
Content-Length: 0
Accept-Encoding: gzip, deflate, 
Via: 1.1 localhost.localdomain
11:39:50.865 [LittleProxy-ClientToProxyWorker-2] DEBUG o.l.p.impl.ProxyToServerConnection - (AWAITING_INITIAL) [id: 0x9953b61f, /127.0.0.1:35274 => localhost/127.0.0.1:9000]: Retaining reference counted message
11:39:50.865 [LittleProxy-ClientToProxyWorker-2] DEBUG o.l.p.impl.ProxyToServerConnection - (AWAITING_INITIAL) [id: 0x9953b61f, /127.0.0.1:35274 => localhost/127.0.0.1:9000]: Using existing connection to: localhost/127.0.0.1:9000
11:39:50.865 [LittleProxy-ClientToProxyWorker-2] DEBUG o.l.p.impl.ProxyToServerConnection - (AWAITING_INITIAL) [id: 0x9953b61f, /127.0.0.1:35274 => localhost/127.0.0.1:9000]: Writing: HttpObjectAggregator$AggregatedFullHttpRequest(decodeResult: success, version: HTTP/1.1, content: CompositeByteBuf(ridx: 0, widx: 0, cap: 0, components=0))
GET /bower_components/jquery-ui/jquery-ui.js HTTP/1.1
Host: localhost:9000
Accept: */*
User-Agent: Mozilla/5.0 (X11; Linux x86_64) AppleWebKit/537.36 (KHTML, like Gecko) Chrome/44.0.2403.130 Safari/537.36
Referer: http://localhost:9000/
Accept-Language: en-GB,en-US;q=0.8,en;q=0.6
Content-Length: 0
Accept-Encoding: gzip, deflate, 
Via: 1.1 localhost.localdomain
11:39:50.865 [LittleProxy-ClientToProxyWorker-2] DEBUG o.l.p.impl.ProxyToServerConnection - (AWAITING_INITIAL) [id: 0x9953b61f, /127.0.0.1:35274 => localhost/127.0.0.1:9000]: Writing an empty buffer to signal the end of our chunked transfer
11:39:50.865 [LittleProxy-ClientToProxyWorker-2] DEBUG o.l.p.impl.ProxyToServerConnection - (AWAITING_INITIAL) [id: 0x9953b61f, /127.0.0.1:35274 => localhost/127.0.0.1:9000]: Wrote: HttpObjectAggregator$AggregatedFullHttpRequest(decodeResult: success, version: HTTP/1.1, content: CompositeByteBuf(ridx: 0, widx: 0, cap: 0, components=0))
GET /bower_components/jquery-ui/jquery-ui.js HTTP/1.1
Host: localhost:9000
Accept: */*
User-Agent: Mozilla/5.0 (X11; Linux x86_64) AppleWebKit/537.36 (KHTML, like Gecko) Chrome/44.0.2403.130 Safari/537.36
Referer: http://localhost:9000/
Accept-Language: en-GB,en-US;q=0.8,en;q=0.6
Content-Length: 0
Accept-Encoding: gzip, deflate, 
Via: 1.1 localhost.localdomain
11:39:50.865 [LittleProxy-ClientToProxyWorker-5] DEBUG o.l.p.impl.ClientToProxyConnection - (AWAITING_INITIAL) [id: 0x87242349, /127.0.0.1:54149 => /127.0.1.1:45224]: Reading: HttpObjectAggregator$AggregatedFullHttpRequest(decodeResult: success, version: HTTP/1.1, content: CompositeByteBuf(ridx: 0, widx: 0, cap: 0, components=0))
GET http://localhost:9000/bower_components/angular-bootstrap-datetimepicker/src/js/datetimepicker.js HTTP/1.1
Host: localhost:9000
Proxy-Connection: keep-alive
Accept: */*
User-Agent: Mozilla/5.0 (X11; Linux x86_64) AppleWebKit/537.36 (KHTML, like Gecko) Chrome/44.0.2403.130 Safari/537.36
Referer: http://localhost:9000/
Accept-Encoding: gzip, deflate, sdch
Accept-Language: en-GB,en-US;q=0.8,en;q=0.6
Content-Length: 0
11:39:50.865 [LittleProxy-ClientToProxyWorker-5] DEBUG o.l.p.impl.ClientToProxyConnection - (AWAITING_INITIAL) [id: 0x87242349, /127.0.0.1:54149 => /127.0.1.1:45224]: Got request: HttpObjectAggregator$AggregatedFullHttpRequest(decodeResult: success, version: HTTP/1.1, content: CompositeByteBuf(ridx: 0, widx: 0, cap: 0, components=0))
GET http://localhost:9000/bower_components/angular-bootstrap-datetimepicker/src/js/datetimepicker.js HTTP/1.1
Host: localhost:9000
Proxy-Connection: keep-alive
Accept: */*
User-Agent: Mozilla/5.0 (X11; Linux x86_64) AppleWebKit/537.36 (KHTML, like Gecko) Chrome/44.0.2403.130 Safari/537.36
Referer: http://localhost:9000/
Accept-Encoding: gzip, deflate, sdch
Accept-Language: en-GB,en-US;q=0.8,en;q=0.6
Content-Length: 0
11:39:50.865 [LittleProxy-ClientToProxyWorker-5] DEBUG o.l.p.impl.ClientToProxyConnection - (AWAITING_INITIAL) [id: 0x87242349, /127.0.0.1:54149 => /127.0.1.1:45224]: Ensuring that hostAndPort are available in http://localhost:9000/bower_components/angular-bootstrap-datetimepicker/src/js/datetimepicker.js
11:39:50.865 [LittleProxy-ClientToProxyWorker-5] DEBUG o.l.p.impl.ClientToProxyConnection - (AWAITING_INITIAL) [id: 0x87242349, /127.0.0.1:54149 => /127.0.1.1:45224]: Finding ProxyToServerConnection for: localhost:9000
11:39:50.865 [LittleProxy-ClientToProxyWorker-5] DEBUG o.l.p.impl.ClientToProxyConnection - (AWAITING_INITIAL) [id: 0x87242349, /127.0.0.1:54149 => /127.0.1.1:45224]: Reusing existing server connection: org.littleshoot.proxy.impl.ProxyToServerConnection@19d9ddb6
11:39:50.865 [LittleProxy-ClientToProxyWorker-5] DEBUG o.l.p.impl.ClientToProxyConnection - (AWAITING_INITIAL) [id: 0x87242349, /127.0.0.1:54149 => /127.0.1.1:45224]: Modifying request headers for proxying
11:39:50.865 [LittleProxy-ClientToProxyWorker-5] DEBUG o.l.p.impl.ClientToProxyConnection - (AWAITING_INITIAL) [id: 0x87242349, /127.0.0.1:54149 => /127.0.1.1:45224]: Modifying request for proxy chaining
11:39:50.866 [LittleProxy-ClientToProxyWorker-5] DEBUG o.l.p.impl.ClientToProxyConnection - (AWAITING_INITIAL) [id: 0x87242349, /127.0.0.1:54149 => /127.0.1.1:45224]: Stripped host from uri: http://localhost:9000/bower_components/angular-bootstrap-datetimepicker/src/js/datetimepicker.js    yielding: /bower_components/angular-bootstrap-datetimepicker/src/js/datetimepicker.js
11:39:50.866 [LittleProxy-ClientToProxyWorker-5] DEBUG o.l.p.impl.ClientToProxyConnection - (AWAITING_INITIAL) [id: 0x87242349, /127.0.0.1:54149 => /127.0.1.1:45224]: Removed sdch and inserted: gzip, deflate, 
11:39:50.866 [LittleProxy-ClientToProxyWorker-5] DEBUG o.l.p.impl.ClientToProxyConnection - (AWAITING_INITIAL) [id: 0x87242349, /127.0.0.1:54149 => /127.0.1.1:45224]: Writing request to ProxyToServerConnection
11:39:50.866 [LittleProxy-ClientToProxyWorker-5] DEBUG o.l.p.impl.ProxyToServerConnection - (AWAITING_INITIAL) [id: 0x15efad94, /127.0.0.1:35282 => localhost/127.0.0.1:9000]: Requested write of HttpObjectAggregator$AggregatedFullHttpRequest(decodeResult: success, version: HTTP/1.1, content: CompositeByteBuf(ridx: 0, widx: 0, cap: 0, components=0))
GET /bower_components/angular-bootstrap-datetimepicker/src/js/datetimepicker.js HTTP/1.1
Host: localhost:9000
Accept: */*
User-Agent: Mozilla/5.0 (X11; Linux x86_64) AppleWebKit/537.36 (KHTML, like Gecko) Chrome/44.0.2403.130 Safari/537.36
Referer: http://localhost:9000/
Accept-Language: en-GB,en-US;q=0.8,en;q=0.6
Content-Length: 0
Accept-Encoding: gzip, deflate, 
Via: 1.1 localhost.localdomain
11:39:50.866 [LittleProxy-ClientToProxyWorker-5] DEBUG o.l.p.impl.ProxyToServerConnection - (AWAITING_INITIAL) [id: 0x15efad94, /127.0.0.1:35282 => localhost/127.0.0.1:9000]: Retaining reference counted message
11:39:50.866 [LittleProxy-ClientToProxyWorker-5] DEBUG o.l.p.impl.ProxyToServerConnection - (AWAITING_INITIAL) [id: 0x15efad94, /127.0.0.1:35282 => localhost/127.0.0.1:9000]: Using existing connection to: localhost/127.0.0.1:9000
11:39:50.866 [LittleProxy-ClientToProxyWorker-5] DEBUG o.l.p.impl.ProxyToServerConnection - (AWAITING_INITIAL) [id: 0x15efad94, /127.0.0.1:35282 => localhost/127.0.0.1:9000]: Writing: HttpObjectAggregator$AggregatedFullHttpRequest(decodeResult: success, version: HTTP/1.1, content: CompositeByteBuf(ridx: 0, widx: 0, cap: 0, components=0))
GET /bower_components/angular-bootstrap-datetimepicker/src/js/datetimepicker.js HTTP/1.1
Host: localhost:9000
Accept: */*
User-Agent: Mozilla/5.0 (X11; Linux x86_64) AppleWebKit/537.36 (KHTML, like Gecko) Chrome/44.0.2403.130 Safari/537.36
Referer: http://localhost:9000/
Accept-Language: en-GB,en-US;q=0.8,en;q=0.6
Content-Length: 0
Accept-Encoding: gzip, deflate, 
Via: 1.1 localhost.localdomain
11:39:50.866 [LittleProxy-ClientToProxyWorker-5] DEBUG o.l.p.impl.ProxyToServerConnection - (AWAITING_INITIAL) [id: 0x15efad94, /127.0.0.1:35282 => localhost/127.0.0.1:9000]: Writing an empty buffer to signal the end of our chunked transfer
11:39:50.866 [LittleProxy-ClientToProxyWorker-5] DEBUG o.l.p.impl.ProxyToServerConnection - (AWAITING_INITIAL) [id: 0x15efad94, /127.0.0.1:35282 => localhost/127.0.0.1:9000]: Wrote: HttpObjectAggregator$AggregatedFullHttpRequest(decodeResult: success, version: HTTP/1.1, content: CompositeByteBuf(ridx: 0, widx: 0, cap: 0, components=0))
GET /bower_components/angular-bootstrap-datetimepicker/src/js/datetimepicker.js HTTP/1.1
Host: localhost:9000
Accept: */*
User-Agent: Mozilla/5.0 (X11; Linux x86_64) AppleWebKit/537.36 (KHTML, like Gecko) Chrome/44.0.2403.130 Safari/537.36
Referer: http://localhost:9000/
Accept-Language: en-GB,en-US;q=0.8,en;q=0.6
Content-Length: 0
Accept-Encoding: gzip, deflate, 
Via: 1.1 localhost.localdomain
11:39:50.867 [LittleProxy-ProxyToServerWorker-4] DEBUG o.l.p.impl.ProxyToServerConnection - (AWAITING_CHUNK) [id: 0xb51d3331, /127.0.0.1:35284 => localhost/127.0.0.1:9000]: Reading: DefaultLastHttpContent(data: SlicedByteBuf(ridx: 0, widx: 422, cap: 422/422, unwrapped: UnpooledUnsafeDirectByteBuf(ridx: 422, widx: 422, cap: 496)), decoderResult: success)
11:39:50.867 [LittleProxy-ProxyToServerWorker-4] DEBUG o.l.p.impl.ClientToProxyConnection - (AWAITING_INITIAL) [id: 0x1e5765f0, /127.0.0.1:54148 => /127.0.1.1:45224]: Retaining reference counted message
11:39:50.867 [LittleProxy-ProxyToServerWorker-4] DEBUG o.l.p.impl.ClientToProxyConnection - (AWAITING_INITIAL) [id: 0x1e5765f0, /127.0.0.1:54148 => /127.0.1.1:45224]: Writing: DefaultLastHttpContent(data: SlicedByteBuf(ridx: 0, widx: 422, cap: 422/422, unwrapped: UnpooledUnsafeDirectByteBuf(ridx: 422, widx: 422, cap: 496)), decoderResult: success)
11:39:50.867 [LittleProxy-ProxyToServerWorker-4] DEBUG o.l.p.impl.ClientToProxyConnection - (AWAITING_INITIAL) [id: 0x1e5765f0, /127.0.0.1:54148 => /127.0.1.1:45224]: Writing an empty buffer to signal the end of our chunked transfer
11:39:50.867 [LittleProxy-ProxyToServerWorker-4] DEBUG o.l.p.impl.ClientToProxyConnection - (AWAITING_INITIAL) [id: 0x1e5765f0, /127.0.0.1:54148 => /127.0.1.1:45224]: Wrote: DefaultLastHttpContent(data: SlicedByteBuf(ridx: 0, widx: 422, cap: 422/422, unwrapped: UnpooledUnsafeDirectByteBuf(ridx: 422, widx: 422, cap: 496)), decoderResult: success)
11:39:50.867 [LittleProxy-ProxyToServerWorker-4] DEBUG o.l.p.impl.ClientToProxyConnection - (AWAITING_INITIAL) [id: 0x1e5765f0, /127.0.0.1:54148 => /127.0.1.1:45224]: Retaining reference counted message
11:39:50.867 [LittleProxy-ProxyToServerWorker-4] DEBUG o.l.p.impl.ClientToProxyConnection - (AWAITING_INITIAL) [id: 0x1e5765f0, /127.0.0.1:54148 => /127.0.1.1:45224]: Writing: EmptyByteBufBE
11:39:50.867 [LittleProxy-ProxyToServerWorker-4] DEBUG o.l.p.impl.ClientToProxyConnection - (AWAITING_INITIAL) [id: 0x1e5765f0, /127.0.0.1:54148 => /127.0.1.1:45224]: Wrote: EmptyByteBufBE
11:39:50.867 [LittleProxy-ProxyToServerWorker-4] DEBUG o.l.p.impl.ClientToProxyConnection - (AWAITING_INITIAL) [id: 0x1e5765f0, /127.0.0.1:54148 => /127.0.1.1:45224]: Handling last chunk. Using normal server connection closing rules.
11:39:50.867 [LittleProxy-ProxyToServerWorker-4] DEBUG o.l.p.impl.ClientToProxyConnection - (AWAITING_INITIAL) [id: 0x1e5765f0, /127.0.0.1:54148 => /127.0.1.1:45224]: Not closing server connection for response: DefaultHttpResponse(decodeResult: success, version: HTTP/1.1)
HTTP/1.1 200 OK
Accept-Ranges: bytes
Date: Tue, 08 Sep 2015 10:39:50 GMT
Cache-Control: public, max-age=0
Last-Modified: Fri, 17 Oct 2014 06:40:12 GMT
ETag: W/"MFx9FUiKo7Vgc7+Lb4bQZw=="
Content-Type: text/css; charset=UTF-8
Content-Length: 422
Connection: keep-alive
11:39:50.867 [LittleProxy-ProxyToServerWorker-4] DEBUG o.l.p.impl.ClientToProxyConnection - (AWAITING_INITIAL) [id: 0x1e5765f0, /127.0.0.1:54148 => /127.0.1.1:45224]: Handling last chunk. Using normal client connection closing rules.
11:39:50.867 [LittleProxy-ProxyToServerWorker-4] DEBUG o.l.p.impl.ClientToProxyConnection - (AWAITING_INITIAL) [id: 0x1e5765f0, /127.0.0.1:54148 => /127.0.1.1:45224]: Not closing client connection for request: [FAILED toString()]
11:39:50.868 [LittleProxy-ClientToProxyWorker-4] DEBUG o.l.p.impl.ClientToProxyConnection - (AWAITING_INITIAL) [id: 0x1e5765f0, /127.0.0.1:54148 => /127.0.1.1:45224]: Reading: HttpObjectAggregator$AggregatedFullHttpRequest(decodeResult: success, version: HTTP/1.1, content: CompositeByteBuf(ridx: 0, widx: 0, cap: 0, components=0))
GET http://localhost:9000/bower_components/FileSaver/FileSaver.js HTTP/1.1
Host: localhost:9000
Proxy-Connection: keep-alive
Accept: */*
User-Agent: Mozilla/5.0 (X11; Linux x86_64) AppleWebKit/537.36 (KHTML, like Gecko) Chrome/44.0.2403.130 Safari/537.36
Referer: http://localhost:9000/
Accept-Encoding: gzip, deflate, sdch
Accept-Language: en-GB,en-US;q=0.8,en;q=0.6
Content-Length: 0
11:39:50.868 [LittleProxy-ClientToProxyWorker-4] DEBUG o.l.p.impl.ClientToProxyConnection - (AWAITING_INITIAL) [id: 0x1e5765f0, /127.0.0.1:54148 => /127.0.1.1:45224]: Got request: HttpObjectAggregator$AggregatedFullHttpRequest(decodeResult: success, version: HTTP/1.1, content: CompositeByteBuf(ridx: 0, widx: 0, cap: 0, components=0))
GET http://localhost:9000/bower_components/FileSaver/FileSaver.js HTTP/1.1
Host: localhost:9000
Proxy-Connection: keep-alive
Accept: */*
User-Agent: Mozilla/5.0 (X11; Linux x86_64) AppleWebKit/537.36 (KHTML, like Gecko) Chrome/44.0.2403.130 Safari/537.36
Referer: http://localhost:9000/
Accept-Encoding: gzip, deflate, sdch
Accept-Language: en-GB,en-US;q=0.8,en;q=0.6
Content-Length: 0
11:39:50.869 [LittleProxy-ClientToProxyWorker-4] DEBUG o.l.p.impl.ClientToProxyConnection - (AWAITING_INITIAL) [id: 0x1e5765f0, /127.0.0.1:54148 => /127.0.1.1:45224]: Ensuring that hostAndPort are available in http://localhost:9000/bower_components/FileSaver/FileSaver.js
11:39:50.869 [LittleProxy-ClientToProxyWorker-4] DEBUG o.l.p.impl.ClientToProxyConnection - (AWAITING_INITIAL) [id: 0x1e5765f0, /127.0.0.1:54148 => /127.0.1.1:45224]: Finding ProxyToServerConnection for: localhost:9000
11:39:50.869 [LittleProxy-ClientToProxyWorker-4] DEBUG o.l.p.impl.ClientToProxyConnection - (AWAITING_INITIAL) [id: 0x1e5765f0, /127.0.0.1:54148 => /127.0.1.1:45224]: Reusing existing server connection: org.littleshoot.proxy.impl.ProxyToServerConnection@4d318448
11:39:50.869 [LittleProxy-ClientToProxyWorker-4] DEBUG o.l.p.impl.ClientToProxyConnection - (AWAITING_INITIAL) [id: 0x1e5765f0, /127.0.0.1:54148 => /127.0.1.1:45224]: Modifying request headers for proxying
11:39:50.869 [LittleProxy-ClientToProxyWorker-4] DEBUG o.l.p.impl.ClientToProxyConnection - (AWAITING_INITIAL) [id: 0x1e5765f0, /127.0.0.1:54148 => /127.0.1.1:45224]: Modifying request for proxy chaining
11:39:50.869 [LittleProxy-ClientToProxyWorker-4] DEBUG o.l.p.impl.ClientToProxyConnection - (AWAITING_INITIAL) [id: 0x1e5765f0, /127.0.0.1:54148 => /127.0.1.1:45224]: Stripped host from uri: http://localhost:9000/bower_components/FileSaver/FileSaver.js    yielding: /bower_components/FileSaver/FileSaver.js
11:39:50.869 [LittleProxy-ClientToProxyWorker-4] DEBUG o.l.p.impl.ClientToProxyConnection - (AWAITING_INITIAL) [id: 0x1e5765f0, /127.0.0.1:54148 => /127.0.1.1:45224]: Removed sdch and inserted: gzip, deflate, 
11:39:50.869 [LittleProxy-ClientToProxyWorker-4] DEBUG o.l.p.impl.ClientToProxyConnection - (AWAITING_INITIAL) [id: 0x1e5765f0, /127.0.0.1:54148 => /127.0.1.1:45224]: Writing request to ProxyToServerConnection
11:39:50.869 [LittleProxy-ClientToProxyWorker-4] DEBUG o.l.p.impl.ProxyToServerConnection - (AWAITING_INITIAL) [id: 0xb51d3331, /127.0.0.1:35284 => localhost/127.0.0.1:9000]: Requested write of HttpObjectAggregator$AggregatedFullHttpRequest(decodeResult: success, version: HTTP/1.1, content: CompositeByteBuf(ridx: 0, widx: 0, cap: 0, components=0))
GET /bower_components/FileSaver/FileSaver.js HTTP/1.1
Host: localhost:9000
Accept: */*
User-Agent: Mozilla/5.0 (X11; Linux x86_64) AppleWebKit/537.36 (KHTML, like Gecko) Chrome/44.0.2403.130 Safari/537.36
Referer: http://localhost:9000/
Accept-Language: en-GB,en-US;q=0.8,en;q=0.6
Content-Length: 0
Accept-Encoding: gzip, deflate, 
Via: 1.1 localhost.localdomain
11:39:50.869 [LittleProxy-ClientToProxyWorker-4] DEBUG o.l.p.impl.ProxyToServerConnection - (AWAITING_INITIAL) [id: 0xb51d3331, /127.0.0.1:35284 => localhost/127.0.0.1:9000]: Retaining reference counted message
11:39:50.869 [LittleProxy-ClientToProxyWorker-4] DEBUG o.l.p.impl.ProxyToServerConnection - (AWAITING_INITIAL) [id: 0xb51d3331, /127.0.0.1:35284 => localhost/127.0.0.1:9000]: Using existing connection to: localhost/127.0.0.1:9000
11:39:50.869 [LittleProxy-ClientToProxyWorker-4] DEBUG o.l.p.impl.ProxyToServerConnection - (AWAITING_INITIAL) [id: 0xb51d3331, /127.0.0.1:35284 => localhost/127.0.0.1:9000]: Writing: HttpObjectAggregator$AggregatedFullHttpRequest(decodeResult: success, version: HTTP/1.1, content: CompositeByteBuf(ridx: 0, widx: 0, cap: 0, components=0))
GET /bower_components/FileSaver/FileSaver.js HTTP/1.1
Host: localhost:9000
Accept: */*
User-Agent: Mozilla/5.0 (X11; Linux x86_64) AppleWebKit/537.36 (KHTML, like Gecko) Chrome/44.0.2403.130 Safari/537.36
Referer: http://localhost:9000/
Accept-Language: en-GB,en-US;q=0.8,en;q=0.6
Content-Length: 0
Accept-Encoding: gzip, deflate, 
Via: 1.1 localhost.localdomain
11:39:50.869 [LittleProxy-ClientToProxyWorker-4] DEBUG o.l.p.impl.ProxyToServerConnection - (AWAITING_INITIAL) [id: 0xb51d3331, /127.0.0.1:35284 => localhost/127.0.0.1:9000]: Writing an empty buffer to signal the end of our chunked transfer
11:39:50.869 [LittleProxy-ClientToProxyWorker-4] DEBUG o.l.p.impl.ProxyToServerConnection - (AWAITING_INITIAL) [id: 0xb51d3331, /127.0.0.1:35284 => localhost/127.0.0.1:9000]: Wrote: HttpObjectAggregator$AggregatedFullHttpRequest(decodeResult: success, version: HTTP/1.1, content: CompositeByteBuf(ridx: 0, widx: 0, cap: 0, components=0))
GET /bower_components/FileSaver/FileSaver.js HTTP/1.1
Host: localhost:9000
Accept: */*
User-Agent: Mozilla/5.0 (X11; Linux x86_64) AppleWebKit/537.36 (KHTML, like Gecko) Chrome/44.0.2403.130 Safari/537.36
Referer: http://localhost:9000/
Accept-Language: en-GB,en-US;q=0.8,en;q=0.6
Content-Length: 0
Accept-Encoding: gzip, deflate, 
Via: 1.1 localhost.localdomain
11:39:50.887 [LittleProxy-ProxyToServerWorker-4] DEBUG o.l.p.impl.ProxyToServerConnection - (AWAITING_INITIAL) [id: 0xb51d3331, /127.0.0.1:35284 => localhost/127.0.0.1:9000]: Remembering the current request.
11:39:50.887 [LittleProxy-ProxyToServerWorker-4] DEBUG o.l.p.impl.ProxyToServerConnection - (AWAITING_INITIAL) [id: 0xb51d3331, /127.0.0.1:35284 => localhost/127.0.0.1:9000]: Reading: DefaultHttpResponse(decodeResult: success, version: HTTP/1.1)
HTTP/1.1 200 OK
Accept-Ranges: bytes
Date: Tue, 08 Sep 2015 10:39:50 GMT
Cache-Control: public, max-age=0
Last-Modified: Fri, 24 Jul 2015 15:37:05 GMT
ETag: W/"GFvmNPnkUAqY4ogIRwcHHw=="
Content-Type: application/javascript
Content-Length: 8011
Connection: keep-alive
11:39:50.887 [LittleProxy-ProxyToServerWorker-4] DEBUG o.l.p.impl.ProxyToServerConnection - (AWAITING_INITIAL) [id: 0xb51d3331, /127.0.0.1:35284 => localhost/127.0.0.1:9000]: Received raw response: DefaultHttpResponse(decodeResult: success, version: HTTP/1.1)
HTTP/1.1 200 OK
Accept-Ranges: bytes
Date: Tue, 08 Sep 2015 10:39:50 GMT
Cache-Control: public, max-age=0
Last-Modified: Fri, 24 Jul 2015 15:37:05 GMT
ETag: W/"GFvmNPnkUAqY4ogIRwcHHw=="
Content-Type: application/javascript
Content-Length: 8011
Connection: keep-alive
11:39:50.887 [LittleProxy-ProxyToServerWorker-4] DEBUG o.l.p.impl.ProxyToServerConnection - (AWAITING_INITIAL) [id: 0xb51d3331, /127.0.0.1:35284 => localhost/127.0.0.1:9000]: Remembering the current response.
11:39:50.887 [LittleProxy-ProxyToServerWorker-4] DEBUG o.l.p.impl.ClientToProxyConnection - (AWAITING_INITIAL) [id: 0x1e5765f0, /127.0.0.1:54148 => /127.0.1.1:45224]: Writing: DefaultHttpResponse(decodeResult: success, version: HTTP/1.1)
HTTP/1.1 200 OK
Accept-Ranges: bytes
Date: Tue, 08 Sep 2015 10:39:50 GMT
Cache-Control: public, max-age=0
Last-Modified: Fri, 24 Jul 2015 15:37:05 GMT
ETag: W/"GFvmNPnkUAqY4ogIRwcHHw=="
Content-Type: application/javascript
Content-Length: 8011
Via: 1.1 localhost.localdomain
11:39:50.887 [LittleProxy-ProxyToServerWorker-4] DEBUG o.l.p.impl.ClientToProxyConnection - (AWAITING_INITIAL) [id: 0x1e5765f0, /127.0.0.1:54148 => /127.0.1.1:45224]: Wrote: DefaultHttpResponse(decodeResult: success, version: HTTP/1.1)
HTTP/1.1 200 OK
Accept-Ranges: bytes
Date: Tue, 08 Sep 2015 10:39:50 GMT
Cache-Control: public, max-age=0
Last-Modified: Fri, 24 Jul 2015 15:37:05 GMT
ETag: W/"GFvmNPnkUAqY4ogIRwcHHw=="
Content-Type: application/javascript
Content-Length: 8011
Via: 1.1 localhost.localdomain
11:39:50.887 [LittleProxy-ProxyToServerWorker-4] DEBUG o.l.p.impl.ClientToProxyConnection - (AWAITING_INITIAL) [id: 0x1e5765f0, /127.0.0.1:54148 => /127.0.1.1:45224]: Not closing server connection on middle chunk for /bower_components/FileSaver/FileSaver.js
11:39:50.887 [LittleProxy-ProxyToServerWorker-4] DEBUG o.l.p.impl.ClientToProxyConnection - (AWAITING_INITIAL) [id: 0x1e5765f0, /127.0.0.1:54148 => /127.0.1.1:45224]: Not closing client connection on middle chunk for /bower_components/FileSaver/FileSaver.js
11:39:50.895 [LittleProxy-ProxyToServerWorker-6] DEBUG o.l.p.impl.ProxyToServerConnection - (AWAITING_INITIAL) [id: 0x15efad94, /127.0.0.1:35282 => localhost/127.0.0.1:9000]: Remembering the current request.
11:39:50.895 [LittleProxy-ProxyToServerWorker-7] DEBUG o.l.p.impl.ProxyToServerConnection - (AWAITING_CHUNK) [id: 0x700df78a, /127.0.0.1:35283 => localhost/127.0.0.1:9000]: Reading: DefaultHttpContent(data: SlicedByteBuf(ridx: 0, widx: 8192, cap: 8192/8192, unwrapped: UnpooledUnsafeDirectByteBuf(ridx: 8192, widx: 8192, cap: 8192)), decoderResult: success)
11:39:50.895 [LittleProxy-ProxyToServerWorker-6] DEBUG o.l.p.impl.ProxyToServerConnection - (AWAITING_INITIAL) [id: 0x15efad94, /127.0.0.1:35282 => localhost/127.0.0.1:9000]: Reading: DefaultHttpResponse(decodeResult: success, version: HTTP/1.1)
HTTP/1.1 200 OK
Accept-Ranges: bytes
Date: Tue, 08 Sep 2015 10:39:50 GMT
Cache-Control: public, max-age=0
Last-Modified: Sun, 21 Jun 2015 18:07:42 GMT
ETag: W/"WEJwP7hJr9eBTbmq3j5sqQ=="
Content-Type: application/javascript
Content-Length: 17701
Connection: keep-alive
11:39:50.895 [LittleProxy-ProxyToServerWorker-7] DEBUG o.l.p.impl.ClientToProxyConnection - (AWAITING_INITIAL) [id: 0x4dc93f85, /127.0.0.1:54147 => /127.0.1.1:45224]: Retaining reference counted message
11:39:50.895 [LittleProxy-ProxyToServerWorker-6] DEBUG o.l.p.impl.ProxyToServerConnection - (AWAITING_INITIAL) [id: 0x15efad94, /127.0.0.1:35282 => localhost/127.0.0.1:9000]: Received raw response: DefaultHttpResponse(decodeResult: success, version: HTTP/1.1)
HTTP/1.1 200 OK
Accept-Ranges: bytes
Date: Tue, 08 Sep 2015 10:39:50 GMT
Cache-Control: public, max-age=0
Last-Modified: Sun, 21 Jun 2015 18:07:42 GMT
ETag: W/"WEJwP7hJr9eBTbmq3j5sqQ=="
Content-Type: application/javascript
Content-Length: 17701
Connection: keep-alive
11:39:50.895 [LittleProxy-ProxyToServerWorker-7] DEBUG o.l.p.impl.ClientToProxyConnection - (AWAITING_INITIAL) [id: 0x4dc93f85, /127.0.0.1:54147 => /127.0.1.1:45224]: Writing: DefaultHttpContent(data: SlicedByteBuf(ridx: 0, widx: 8192, cap: 8192/8192, unwrapped: UnpooledUnsafeDirectByteBuf(ridx: 8192, widx: 8192, cap: 8192)), decoderResult: success)
11:39:50.895 [LittleProxy-ProxyToServerWorker-6] DEBUG o.l.p.impl.ProxyToServerConnection - (AWAITING_INITIAL) [id: 0x15efad94, /127.0.0.1:35282 => localhost/127.0.0.1:9000]: Remembering the current response.
11:39:50.895 [LittleProxy-ProxyToServerWorker-7] DEBUG o.l.p.impl.ClientToProxyConnection - (AWAITING_INITIAL) [id: 0x4dc93f85, /127.0.0.1:54147 => /127.0.1.1:45224]: Wrote: DefaultHttpContent(data: SlicedByteBuf(ridx: 0, widx: 8192, cap: 8192/8192, unwrapped: UnpooledUnsafeDirectByteBuf(ridx: 8192, widx: 8192, cap: 8192)), decoderResult: success)
11:39:50.895 [LittleProxy-ProxyToServerWorker-7] DEBUG o.l.p.impl.ClientToProxyConnection - (AWAITING_INITIAL) [id: 0x4dc93f85, /127.0.0.1:54147 => /127.0.1.1:45224]: Not closing server connection on middle chunk for /bower_components/angular-route/angular-route.js
11:39:50.895 [LittleProxy-ProxyToServerWorker-7] DEBUG o.l.p.impl.ClientToProxyConnection - (AWAITING_INITIAL) [id: 0x4dc93f85, /127.0.0.1:54147 => /127.0.1.1:45224]: Not closing client connection on middle chunk for /bower_components/angular-route/angular-route.js
11:39:50.895 [LittleProxy-ProxyToServerWorker-7] DEBUG o.l.p.impl.ProxyToServerConnection - (AWAITING_CHUNK) [id: 0x700df78a, /127.0.0.1:35283 => localhost/127.0.0.1:9000]: Reading: DefaultHttpContent(data: SlicedByteBuf(ridx: 0, widx: 8192, cap: 8192/8192, unwrapped: UnpooledUnsafeDirectByteBuf(ridx: 8192, widx: 8192, cap: 8192)), decoderResult: success)
11:39:50.895 [LittleProxy-ProxyToServerWorker-6] DEBUG o.l.p.impl.ClientToProxyConnection - (AWAITING_INITIAL) [id: 0x87242349, /127.0.0.1:54149 => /127.0.1.1:45224]: Writing: DefaultHttpResponse(decodeResult: success, version: HTTP/1.1)
HTTP/1.1 200 OK
Accept-Ranges: bytes
Date: Tue, 08 Sep 2015 10:39:50 GMT
Cache-Control: public, max-age=0
Last-Modified: Sun, 21 Jun 2015 18:07:42 GMT
ETag: W/"WEJwP7hJr9eBTbmq3j5sqQ=="
Content-Type: application/javascript
Content-Length: 17701
Via: 1.1 localhost.localdomain
11:39:50.895 [LittleProxy-ProxyToServerWorker-7] DEBUG o.l.p.impl.ClientToProxyConnection - (AWAITING_INITIAL) [id: 0x4dc93f85, /127.0.0.1:54147 => /127.0.1.1:45224]: Retaining reference counted message
11:39:50.896 [LittleProxy-ProxyToServerWorker-6] DEBUG o.l.p.impl.ClientToProxyConnection - (AWAITING_INITIAL) [id: 0x87242349, /127.0.0.1:54149 => /127.0.1.1:45224]: Wrote: DefaultHttpResponse(decodeResult: success, version: HTTP/1.1)
HTTP/1.1 200 OK
Accept-Ranges: bytes
Date: Tue, 08 Sep 2015 10:39:50 GMT
Cache-Control: public, max-age=0
Last-Modified: Sun, 21 Jun 2015 18:07:42 GMT
ETag: W/"WEJwP7hJr9eBTbmq3j5sqQ=="
Content-Type: application/javascript
Content-Length: 17701
Via: 1.1 localhost.localdomain
11:39:50.896 [LittleProxy-ProxyToServerWorker-7] DEBUG o.l.p.impl.ClientToProxyConnection - (AWAITING_INITIAL) [id: 0x4dc93f85, /127.0.0.1:54147 => /127.0.1.1:45224]: Writing: DefaultHttpContent(data: SlicedByteBuf(ridx: 0, widx: 8192, cap: 8192/8192, unwrapped: UnpooledUnsafeDirectByteBuf(ridx: 8192, widx: 8192, cap: 8192)), decoderResult: success)
11:39:50.896 [LittleProxy-ProxyToServerWorker-6] DEBUG o.l.p.impl.ClientToProxyConnection - (AWAITING_INITIAL) [id: 0x87242349, /127.0.0.1:54149 => /127.0.1.1:45224]: Not closing server connection on middle chunk for /bower_components/angular-bootstrap-datetimepicker/src/js/datetimepicker.js
11:39:50.896 [LittleProxy-ProxyToServerWorker-7] DEBUG o.l.p.impl.ClientToProxyConnection - (AWAITING_INITIAL) [id: 0x4dc93f85, /127.0.0.1:54147 => /127.0.1.1:45224]: Wrote: DefaultHttpContent(data: SlicedByteBuf(ridx: 0, widx: 8192, cap: 8192/8192, unwrapped: UnpooledUnsafeDirectByteBuf(ridx: 8192, widx: 8192, cap: 8192)), decoderResult: success)
11:39:50.896 [LittleProxy-ProxyToServerWorker-6] DEBUG o.l.p.impl.ClientToProxyConnection - (AWAITING_INITIAL) [id: 0x87242349, /127.0.0.1:54149 => /127.0.1.1:45224]: Not closing client connection on middle chunk for /bower_components/angular-bootstrap-datetimepicker/src/js/datetimepicker.js
11:39:50.896 [LittleProxy-ProxyToServerWorker-7] DEBUG o.l.p.impl.ClientToProxyConnection - (AWAITING_INITIAL) [id: 0x4dc93f85, /127.0.0.1:54147 => /127.0.1.1:45224]: Not closing server connection on middle chunk for /bower_components/angular-route/angular-route.js
11:39:50.896 [LittleProxy-ProxyToServerWorker-7] DEBUG o.l.p.impl.ClientToProxyConnection - (AWAITING_INITIAL) [id: 0x4dc93f85, /127.0.0.1:54147 => /127.0.1.1:45224]: Not closing client connection on middle chunk for /bower_components/angular-route/angular-route.js
11:39:50.896 [LittleProxy-ProxyToServerWorker-7] DEBUG o.l.p.impl.ProxyToServerConnection - (AWAITING_CHUNK) [id: 0x700df78a, /127.0.0.1:35283 => localhost/127.0.0.1:9000]: Reading: DefaultHttpContent(data: SlicedByteBuf(ridx: 0, widx: 8192, cap: 8192/8192, unwrapped: UnpooledUnsafeDirectByteBuf(ridx: 8192, widx: 8192, cap: 8192)), decoderResult: success)
11:39:50.896 [LittleProxy-ProxyToServerWorker-7] DEBUG o.l.p.impl.ClientToProxyConnection - (AWAITING_INITIAL) [id: 0x4dc93f85, /127.0.0.1:54147 => /127.0.1.1:45224]: Retaining reference counted message
11:39:50.896 [LittleProxy-ProxyToServerWorker-7] DEBUG o.l.p.impl.ClientToProxyConnection - (AWAITING_INITIAL) [id: 0x4dc93f85, /127.0.0.1:54147 => /127.0.1.1:45224]: Writing: DefaultHttpContent(data: SlicedByteBuf(ridx: 0, widx: 8192, cap: 8192/8192, unwrapped: UnpooledUnsafeDirectByteBuf(ridx: 8192, widx: 8192, cap: 8192)), decoderResult: success)
11:39:50.896 [LittleProxy-ProxyToServerWorker-7] DEBUG o.l.p.impl.ClientToProxyConnection - (AWAITING_INITIAL) [id: 0x4dc93f85, /127.0.0.1:54147 => /127.0.1.1:45224]: Wrote: DefaultHttpContent(data: SlicedByteBuf(ridx: 0, widx: 8192, cap: 8192/8192, unwrapped: UnpooledUnsafeDirectByteBuf(ridx: 8192, widx: 8192, cap: 8192)), decoderResult: success)
11:39:50.896 [LittleProxy-ProxyToServerWorker-7] DEBUG o.l.p.impl.ClientToProxyConnection - (AWAITING_INITIAL) [id: 0x4dc93f85, /127.0.0.1:54147 => /127.0.1.1:45224]: Not closing server connection on middle chunk for /bower_components/angular-route/angular-route.js
11:39:50.896 [LittleProxy-ProxyToServerWorker-7] DEBUG o.l.p.impl.ClientToProxyConnection - (AWAITING_INITIAL) [id: 0x4dc93f85, /127.0.0.1:54147 => /127.0.1.1:45224]: Not closing client connection on middle chunk for /bower_components/angular-route/angular-route.js
11:39:50.896 [LittleProxy-ProxyToServerWorker-7] DEBUG o.l.p.impl.ProxyToServerConnection - (AWAITING_CHUNK) [id: 0x700df78a, /127.0.0.1:35283 => localhost/127.0.0.1:9000]: Reading: DefaultHttpContent(data: SlicedByteBuf(ridx: 0, widx: 8192, cap: 8192/8192, unwrapped: UnpooledUnsafeDirectByteBuf(ridx: 8192, widx: 8192, cap: 8192)), decoderResult: success)
11:39:50.896 [LittleProxy-ProxyToServerWorker-7] DEBUG o.l.p.impl.ClientToProxyConnection - (AWAITING_INITIAL) [id: 0x4dc93f85, /127.0.0.1:54147 => /127.0.1.1:45224]: Retaining reference counted message
11:39:50.896 [LittleProxy-ProxyToServerWorker-7] DEBUG o.l.p.impl.ClientToProxyConnection - (AWAITING_INITIAL) [id: 0x4dc93f85, /127.0.0.1:54147 => /127.0.1.1:45224]: Writing: DefaultHttpContent(data: SlicedByteBuf(ridx: 0, widx: 8192, cap: 8192/8192, unwrapped: UnpooledUnsafeDirectByteBuf(ridx: 8192, widx: 8192, cap: 8192)), decoderResult: success)
11:39:50.896 [LittleProxy-ProxyToServerWorker-7] DEBUG o.l.p.impl.ClientToProxyConnection - (AWAITING_INITIAL) [id: 0x4dc93f85, /127.0.0.1:54147 => /127.0.1.1:45224]: Wrote: DefaultHttpContent(data: SlicedByteBuf(ridx: 0, widx: 8192, cap: 8192/8192, unwrapped: UnpooledUnsafeDirectByteBuf(ridx: 8192, widx: 8192, cap: 8192)), decoderResult: success)
11:39:50.896 [LittleProxy-ProxyToServerWorker-7] DEBUG o.l.p.impl.ClientToProxyConnection - (AWAITING_INITIAL) [id: 0x4dc93f85, /127.0.0.1:54147 => /127.0.1.1:45224]: Not closing server connection on middle chunk for /bower_components/angular-route/angular-route.js
11:39:50.896 [LittleProxy-ProxyToServerWorker-7] DEBUG o.l.p.impl.ClientToProxyConnection - (AWAITING_INITIAL) [id: 0x4dc93f85, /127.0.0.1:54147 => /127.0.1.1:45224]: Not closing client connection on middle chunk for /bower_components/angular-route/angular-route.js
11:39:50.897 [LittleProxy-ProxyToServerWorker-7] DEBUG o.l.p.impl.ProxyToServerConnection - (AWAITING_CHUNK) [id: 0x700df78a, /127.0.0.1:35283 => localhost/127.0.0.1:9000]: Reading: DefaultLastHttpContent(data: SlicedByteBuf(ridx: 0, widx: 3146, cap: 3146/3146, unwrapped: UnpooledUnsafeDirectByteBuf(ridx: 3146, widx: 3146, cap: 8192)), decoderResult: success)
11:39:50.897 [LittleProxy-ProxyToServerWorker-7] DEBUG o.l.p.impl.ClientToProxyConnection - (AWAITING_INITIAL) [id: 0x4dc93f85, /127.0.0.1:54147 => /127.0.1.1:45224]: Retaining reference counted message
11:39:50.897 [LittleProxy-ProxyToServerWorker-7] DEBUG o.l.p.impl.ClientToProxyConnection - (AWAITING_INITIAL) [id: 0x4dc93f85, /127.0.0.1:54147 => /127.0.1.1:45224]: Writing: DefaultLastHttpContent(data: SlicedByteBuf(ridx: 0, widx: 3146, cap: 3146/3146, unwrapped: UnpooledUnsafeDirectByteBuf(ridx: 3146, widx: 3146, cap: 8192)), decoderResult: success)
11:39:50.897 [LittleProxy-ProxyToServerWorker-7] DEBUG o.l.p.impl.ClientToProxyConnection - (AWAITING_INITIAL) [id: 0x4dc93f85, /127.0.0.1:54147 => /127.0.1.1:45224]: Writing an empty buffer to signal the end of our chunked transfer
11:39:50.897 [LittleProxy-ProxyToServerWorker-7] DEBUG o.l.p.impl.ClientToProxyConnection - (AWAITING_INITIAL) [id: 0x4dc93f85, /127.0.0.1:54147 => /127.0.1.1:45224]: Wrote: DefaultLastHttpContent(data: SlicedByteBuf(ridx: 0, widx: 3146, cap: 3146/3146, unwrapped: UnpooledUnsafeDirectByteBuf(ridx: 3146, widx: 3146, cap: 8192)), decoderResult: success)
11:39:50.897 [LittleProxy-ProxyToServerWorker-7] DEBUG o.l.p.impl.ClientToProxyConnection - (AWAITING_INITIAL) [id: 0x4dc93f85, /127.0.0.1:54147 => /127.0.1.1:45224]: Retaining reference counted message
11:39:50.897 [LittleProxy-ProxyToServerWorker-7] DEBUG o.l.p.impl.ClientToProxyConnection - (AWAITING_INITIAL) [id: 0x4dc93f85, /127.0.0.1:54147 => /127.0.1.1:45224]: Writing: EmptyByteBufBE
11:39:50.897 [LittleProxy-ProxyToServerWorker-7] DEBUG o.l.p.impl.ClientToProxyConnection - (AWAITING_INITIAL) [id: 0x4dc93f85, /127.0.0.1:54147 => /127.0.1.1:45224]: Wrote: EmptyByteBufBE
11:39:50.897 [LittleProxy-ProxyToServerWorker-7] DEBUG o.l.p.impl.ClientToProxyConnection - (AWAITING_INITIAL) [id: 0x4dc93f85, /127.0.0.1:54147 => /127.0.1.1:45224]: Handling last chunk. Using normal server connection closing rules.
11:39:50.897 [LittleProxy-ProxyToServerWorker-7] DEBUG o.l.p.impl.ClientToProxyConnection - (AWAITING_INITIAL) [id: 0x4dc93f85, /127.0.0.1:54147 => /127.0.1.1:45224]: Not closing server connection for response: DefaultHttpResponse(decodeResult: success, version: HTTP/1.1)
HTTP/1.1 200 OK
Accept-Ranges: bytes
Date: Tue, 08 Sep 2015 10:39:50 GMT
Cache-Control: public, max-age=0
Last-Modified: Tue, 16 Jun 2015 14:10:38 GMT
ETag: W/"Bs1Co+m2wEHSG/eVilQkIw=="
Content-Type: application/javascript
Content-Length: 35914
Connection: keep-alive
11:39:50.897 [LittleProxy-ProxyToServerWorker-7] DEBUG o.l.p.impl.ClientToProxyConnection - (AWAITING_INITIAL) [id: 0x4dc93f85, /127.0.0.1:54147 => /127.0.1.1:45224]: Handling last chunk. Using normal client connection closing rules.
11:39:50.897 [LittleProxy-ProxyToServerWorker-7] DEBUG o.l.p.impl.ClientToProxyConnection - (AWAITING_INITIAL) [id: 0x4dc93f85, /127.0.0.1:54147 => /127.0.1.1:45224]: Not closing client connection for request: [FAILED toString()]
11:39:50.899 [LittleProxy-ClientToProxyWorker-3] DEBUG o.l.p.impl.ClientToProxyConnection - (AWAITING_INITIAL) [id: 0x4dc93f85, /127.0.0.1:54147 => /127.0.1.1:45224]: Reading: HttpObjectAggregator$AggregatedFullHttpRequest(decodeResult: success, version: HTTP/1.1, content: CompositeByteBuf(ridx: 0, widx: 0, cap: 0, components=0))
GET http://localhost:9000/bower_components/underscore/underscore.js HTTP/1.1
Host: localhost:9000
Proxy-Connection: keep-alive
Accept: */*
User-Agent: Mozilla/5.0 (X11; Linux x86_64) AppleWebKit/537.36 (KHTML, like Gecko) Chrome/44.0.2403.130 Safari/537.36
Referer: http://localhost:9000/
Accept-Encoding: gzip, deflate, sdch
Accept-Language: en-GB,en-US;q=0.8,en;q=0.6
Content-Length: 0
11:39:50.899 [LittleProxy-ProxyToServerWorker-5] DEBUG o.l.p.impl.ProxyToServerConnection - (AWAITING_CHUNK) [id: 0x97bd59d1, /127.0.0.1:35281 => localhost/127.0.0.1:9000]: Reading: DefaultHttpContent(data: SlicedByteBuf(ridx: 0, widx: 16384, cap: 16384/16384, unwrapped: UnpooledUnsafeDirectByteBuf(ridx: 36370, widx: 36370, cap: 65536)), decoderResult: success)
11:39:50.899 [LittleProxy-ClientToProxyWorker-3] DEBUG o.l.p.impl.ClientToProxyConnection - (AWAITING_INITIAL) [id: 0x4dc93f85, /127.0.0.1:54147 => /127.0.1.1:45224]: Got request: HttpObjectAggregator$AggregatedFullHttpRequest(decodeResult: success, version: HTTP/1.1, content: CompositeByteBuf(ridx: 0, widx: 0, cap: 0, components=0))
GET http://localhost:9000/bower_components/underscore/underscore.js HTTP/1.1
Host: localhost:9000
Proxy-Connection: keep-alive
Accept: */*
User-Agent: Mozilla/5.0 (X11; Linux x86_64) AppleWebKit/537.36 (KHTML, like Gecko) Chrome/44.0.2403.130 Safari/537.36
Referer: http://localhost:9000/
Accept-Encoding: gzip, deflate, sdch
Accept-Language: en-GB,en-US;q=0.8,en;q=0.6
Content-Length: 0
11:39:50.899 [LittleProxy-ProxyToServerWorker-5] DEBUG o.l.p.impl.ClientToProxyConnection - (AWAITING_INITIAL) [id: 0xa74abe3b, /127.0.0.1:54151 => /127.0.1.1:45224]: Retaining reference counted message
11:39:50.899 [LittleProxy-ProxyToServerWorker-5] DEBUG o.l.p.impl.ClientToProxyConnection - (AWAITING_INITIAL) [id: 0xa74abe3b, /127.0.0.1:54151 => /127.0.1.1:45224]: Writing: DefaultHttpContent(data: SlicedByteBuf(ridx: 0, widx: 16384, cap: 16384/16384, unwrapped: UnpooledUnsafeDirectByteBuf(ridx: 36370, widx: 36370, cap: 65536)), decoderResult: success)
11:39:50.899 [LittleProxy-ClientToProxyWorker-3] DEBUG o.l.p.impl.ClientToProxyConnection - (AWAITING_INITIAL) [id: 0x4dc93f85, /127.0.0.1:54147 => /127.0.1.1:45224]: Ensuring that hostAndPort are available in http://localhost:9000/bower_components/underscore/underscore.js
11:39:50.899 [LittleProxy-ProxyToServerWorker-5] DEBUG o.l.p.impl.ClientToProxyConnection - (AWAITING_INITIAL) [id: 0xa74abe3b, /127.0.0.1:54151 => /127.0.1.1:45224]: Wrote: DefaultHttpContent(data: SlicedByteBuf(ridx: 0, widx: 16384, cap: 16384/16384, unwrapped: UnpooledUnsafeDirectByteBuf(ridx: 36370, widx: 36370, cap: 65536)), decoderResult: success)
11:39:50.899 [LittleProxy-ClientToProxyWorker-3] DEBUG o.l.p.impl.ClientToProxyConnection - (AWAITING_INITIAL) [id: 0x4dc93f85, /127.0.0.1:54147 => /127.0.1.1:45224]: Finding ProxyToServerConnection for: localhost:9000
11:39:50.899 [LittleProxy-ProxyToServerWorker-5] DEBUG o.l.p.impl.ClientToProxyConnection - (AWAITING_INITIAL) [id: 0xa74abe3b, /127.0.0.1:54151 => /127.0.1.1:45224]: Not closing server connection on middle chunk for /bower_components/moment/moment.js
11:39:50.899 [LittleProxy-ProxyToServerWorker-5] DEBUG o.l.p.impl.ClientToProxyConnection - (AWAITING_INITIAL) [id: 0xa74abe3b, /127.0.0.1:54151 => /127.0.1.1:45224]: Not closing client connection on middle chunk for /bower_components/moment/moment.js
11:39:50.899 [LittleProxy-ClientToProxyWorker-3] DEBUG o.l.p.impl.ClientToProxyConnection - (AWAITING_INITIAL) [id: 0x4dc93f85, /127.0.0.1:54147 => /127.0.1.1:45224]: Reusing existing server connection: org.littleshoot.proxy.impl.ProxyToServerConnection@2cc0768d
11:39:50.899 [LittleProxy-ClientToProxyWorker-3] DEBUG o.l.p.impl.ClientToProxyConnection - (AWAITING_INITIAL) [id: 0x4dc93f85, /127.0.0.1:54147 => /127.0.1.1:45224]: Modifying request headers for proxying
11:39:50.899 [LittleProxy-ProxyToServerWorker-5] DEBUG o.l.p.impl.ProxyToServerConnection - (AWAITING_CHUNK) [id: 0x97bd59d1, /127.0.0.1:35281 => localhost/127.0.0.1:9000]: Reading: DefaultHttpContent(data: SlicedByteBuf(ridx: 0, widx: 16384, cap: 16384/16384, unwrapped: UnpooledUnsafeDirectByteBuf(ridx: 36370, widx: 36370, cap: 65536)), decoderResult: success)
11:39:50.899 [LittleProxy-ClientToProxyWorker-3] DEBUG o.l.p.impl.ClientToProxyConnection - (AWAITING_INITIAL) [id: 0x4dc93f85, /127.0.0.1:54147 => /127.0.1.1:45224]: Modifying request for proxy chaining
11:39:50.899 [LittleProxy-ClientToProxyWorker-3] DEBUG o.l.p.impl.ClientToProxyConnection - (AWAITING_INITIAL) [id: 0x4dc93f85, /127.0.0.1:54147 => /127.0.1.1:45224]: Stripped host from uri: http://localhost:9000/bower_components/underscore/underscore.js    yielding: /bower_components/underscore/underscore.js
11:39:50.899 [LittleProxy-ProxyToServerWorker-5] DEBUG o.l.p.impl.ClientToProxyConnection - (AWAITING_INITIAL) [id: 0xa74abe3b, /127.0.0.1:54151 => /127.0.1.1:45224]: Retaining reference counted message
11:39:50.899 [LittleProxy-ClientToProxyWorker-3] DEBUG o.l.p.impl.ClientToProxyConnection - (AWAITING_INITIAL) [id: 0x4dc93f85, /127.0.0.1:54147 => /127.0.1.1:45224]: Removed sdch and inserted: gzip, deflate, 
11:39:50.899 [LittleProxy-ProxyToServerWorker-5] DEBUG o.l.p.impl.ClientToProxyConnection - (AWAITING_INITIAL) [id: 0xa74abe3b, /127.0.0.1:54151 => /127.0.1.1:45224]: Writing: DefaultHttpContent(data: SlicedByteBuf(ridx: 0, widx: 16384, cap: 16384/16384, unwrapped: UnpooledUnsafeDirectByteBuf(ridx: 36370, widx: 36370, cap: 65536)), decoderResult: success)
11:39:50.900 [LittleProxy-ClientToProxyWorker-3] DEBUG o.l.p.impl.ClientToProxyConnection - (AWAITING_INITIAL) [id: 0x4dc93f85, /127.0.0.1:54147 => /127.0.1.1:45224]: Writing request to ProxyToServerConnection
11:39:50.900 [LittleProxy-ProxyToServerWorker-5] DEBUG o.l.p.impl.ClientToProxyConnection - (AWAITING_INITIAL) [id: 0xa74abe3b, /127.0.0.1:54151 => /127.0.1.1:45224]: Wrote: DefaultHttpContent(data: SlicedByteBuf(ridx: 0, widx: 16384, cap: 16384/16384, unwrapped: UnpooledUnsafeDirectByteBuf(ridx: 36370, widx: 36370, cap: 65536)), decoderResult: success)
11:39:50.900 [LittleProxy-ClientToProxyWorker-3] DEBUG o.l.p.impl.ProxyToServerConnection - (AWAITING_INITIAL) [id: 0x700df78a, /127.0.0.1:35283 => localhost/127.0.0.1:9000]: Requested write of HttpObjectAggregator$AggregatedFullHttpRequest(decodeResult: success, version: HTTP/1.1, content: CompositeByteBuf(ridx: 0, widx: 0, cap: 0, components=0))
GET /bower_components/underscore/underscore.js HTTP/1.1
Host: localhost:9000
Accept: */*
User-Agent: Mozilla/5.0 (X11; Linux x86_64) AppleWebKit/537.36 (KHTML, like Gecko) Chrome/44.0.2403.130 Safari/537.36
Referer: http://localhost:9000/
Accept-Language: en-GB,en-US;q=0.8,en;q=0.6
Content-Length: 0
Accept-Encoding: gzip, deflate, 
Via: 1.1 localhost.localdomain
11:39:50.900 [LittleProxy-ProxyToServerWorker-5] DEBUG o.l.p.impl.ClientToProxyConnection - (AWAITING_INITIAL) [id: 0xa74abe3b, /127.0.0.1:54151 => /127.0.1.1:45224]: Not closing server connection on middle chunk for /bower_components/moment/moment.js
11:39:50.900 [LittleProxy-ClientToProxyWorker-3] DEBUG o.l.p.impl.ProxyToServerConnection - (AWAITING_INITIAL) [id: 0x700df78a, /127.0.0.1:35283 => localhost/127.0.0.1:9000]: Retaining reference counted message
11:39:50.900 [LittleProxy-ProxyToServerWorker-5] DEBUG o.l.p.impl.ClientToProxyConnection - (AWAITING_INITIAL) [id: 0xa74abe3b, /127.0.0.1:54151 => /127.0.1.1:45224]: Not closing client connection on middle chunk for /bower_components/moment/moment.js
11:39:50.900 [LittleProxy-ClientToProxyWorker-3] DEBUG o.l.p.impl.ProxyToServerConnection - (AWAITING_INITIAL) [id: 0x700df78a, /127.0.0.1:35283 => localhost/127.0.0.1:9000]: Using existing connection to: localhost/127.0.0.1:9000
11:39:50.900 [LittleProxy-ProxyToServerWorker-5] DEBUG o.l.p.impl.ProxyToServerConnection - (AWAITING_CHUNK) [id: 0x97bd59d1, /127.0.0.1:35281 => localhost/127.0.0.1:9000]: Reading: DefaultLastHttpContent(data: SlicedByteBuf(ridx: 0, widx: 3602, cap: 3602/3602, unwrapped: UnpooledUnsafeDirectByteBuf(ridx: 36370, widx: 36370, cap: 65536)), decoderResult: success)
11:39:50.900 [LittleProxy-ClientToProxyWorker-3] DEBUG o.l.p.impl.ProxyToServerConnection - (AWAITING_INITIAL) [id: 0x700df78a, /127.0.0.1:35283 => localhost/127.0.0.1:9000]: Writing: HttpObjectAggregator$AggregatedFullHttpRequest(decodeResult: success, version: HTTP/1.1, content: CompositeByteBuf(ridx: 0, widx: 0, cap: 0, components=0))
GET /bower_components/underscore/underscore.js HTTP/1.1
Host: localhost:9000
Accept: */*
User-Agent: Mozilla/5.0 (X11; Linux x86_64) AppleWebKit/537.36 (KHTML, like Gecko) Chrome/44.0.2403.130 Safari/537.36
Referer: http://localhost:9000/
Accept-Language: en-GB,en-US;q=0.8,en;q=0.6
Content-Length: 0
Accept-Encoding: gzip, deflate, 
Via: 1.1 localhost.localdomain
11:39:50.900 [LittleProxy-ClientToProxyWorker-3] DEBUG o.l.p.impl.ProxyToServerConnection - (AWAITING_INITIAL) [id: 0x700df78a, /127.0.0.1:35283 => localhost/127.0.0.1:9000]: Writing an empty buffer to signal the end of our chunked transfer
11:39:50.900 [LittleProxy-ProxyToServerWorker-5] DEBUG o.l.p.impl.ClientToProxyConnection - (AWAITING_INITIAL) [id: 0xa74abe3b, /127.0.0.1:54151 => /127.0.1.1:45224]: Retaining reference counted message
11:39:50.900 [LittleProxy-ClientToProxyWorker-3] DEBUG o.l.p.impl.ProxyToServerConnection - (AWAITING_INITIAL) [id: 0x700df78a, /127.0.0.1:35283 => localhost/127.0.0.1:9000]: Wrote: HttpObjectAggregator$AggregatedFullHttpRequest(decodeResult: success, version: HTTP/1.1, content: CompositeByteBuf(ridx: 0, widx: 0, cap: 0, components=0))
GET /bower_components/underscore/underscore.js HTTP/1.1
Host: localhost:9000
Accept: */*
User-Agent: Mozilla/5.0 (X11; Linux x86_64) AppleWebKit/537.36 (KHTML, like Gecko) Chrome/44.0.2403.130 Safari/537.36
Referer: http://localhost:9000/
Accept-Language: en-GB,en-US;q=0.8,en;q=0.6
Content-Length: 0
Accept-Encoding: gzip, deflate, 
Via: 1.1 localhost.localdomain
11:39:50.900 [LittleProxy-ProxyToServerWorker-5] DEBUG o.l.p.impl.ClientToProxyConnection - (AWAITING_INITIAL) [id: 0xa74abe3b, /127.0.0.1:54151 => /127.0.1.1:45224]: Writing: DefaultLastHttpContent(data: SlicedByteBuf(ridx: 0, widx: 3602, cap: 3602/3602, unwrapped: UnpooledUnsafeDirectByteBuf(ridx: 36370, widx: 36370, cap: 65536)), decoderResult: success)
11:39:50.900 [LittleProxy-ProxyToServerWorker-5] DEBUG o.l.p.impl.ClientToProxyConnection - (AWAITING_INITIAL) [id: 0xa74abe3b, /127.0.0.1:54151 => /127.0.1.1:45224]: Writing an empty buffer to signal the end of our chunked transfer
11:39:50.900 [LittleProxy-ProxyToServerWorker-5] DEBUG o.l.p.impl.ClientToProxyConnection - (AWAITING_INITIAL) [id: 0xa74abe3b, /127.0.0.1:54151 => /127.0.1.1:45224]: Wrote: DefaultLastHttpContent(data: SlicedByteBuf(ridx: 0, widx: 3602, cap: 3602/3602, unwrapped: UnpooledUnsafeDirectByteBuf(ridx: 36370, widx: 36370, cap: 65536)), decoderResult: success)
11:39:50.900 [LittleProxy-ProxyToServerWorker-5] DEBUG o.l.p.impl.ClientToProxyConnection - (AWAITING_INITIAL) [id: 0xa74abe3b, /127.0.0.1:54151 => /127.0.1.1:45224]: Retaining reference counted message
11:39:50.901 [LittleProxy-ProxyToServerWorker-5] DEBUG o.l.p.impl.ClientToProxyConnection - (AWAITING_INITIAL) [id: 0xa74abe3b, /127.0.0.1:54151 => /127.0.1.1:45224]: Writing: EmptyByteBufBE
11:39:50.901 [LittleProxy-ProxyToServerWorker-5] DEBUG o.l.p.impl.ClientToProxyConnection - (AWAITING_INITIAL) [id: 0xa74abe3b, /127.0.0.1:54151 => /127.0.1.1:45224]: Wrote: EmptyByteBufBE
11:39:50.901 [LittleProxy-ProxyToServerWorker-5] DEBUG o.l.p.impl.ClientToProxyConnection - (AWAITING_INITIAL) [id: 0xa74abe3b, /127.0.0.1:54151 => /127.0.1.1:45224]: Handling last chunk. Using normal server connection closing rules.
11:39:50.901 [LittleProxy-ProxyToServerWorker-5] DEBUG o.l.p.impl.ClientToProxyConnection - (AWAITING_INITIAL) [id: 0xa74abe3b, /127.0.0.1:54151 => /127.0.1.1:45224]: Not closing server connection for response: DefaultHttpResponse(decodeResult: success, version: HTTP/1.1)
HTTP/1.1 200 OK
Accept-Ranges: bytes
Date: Tue, 08 Sep 2015 10:39:50 GMT
Cache-Control: public, max-age=0
Last-Modified: Wed, 13 May 2015 07:42:12 GMT
ETag: W/"NoByFrpB+Y83p/ctY9E64w=="
Content-Type: application/javascript
Content-Length: 101906
Connection: keep-alive
11:39:50.901 [LittleProxy-ProxyToServerWorker-5] DEBUG o.l.p.impl.ClientToProxyConnection - (AWAITING_INITIAL) [id: 0xa74abe3b, /127.0.0.1:54151 => /127.0.1.1:45224]: Handling last chunk. Using normal client connection closing rules.
11:39:50.901 [LittleProxy-ProxyToServerWorker-5] DEBUG o.l.p.impl.ClientToProxyConnection - (AWAITING_INITIAL) [id: 0xa74abe3b, /127.0.0.1:54151 => /127.0.1.1:45224]: Not closing client connection for request: [FAILED toString()]
11:39:50.904 [LittleProxy-ClientToProxyWorker-7] DEBUG o.l.p.impl.ClientToProxyConnection - (AWAITING_INITIAL) [id: 0xa74abe3b, /127.0.0.1:54151 => /127.0.1.1:45224]: Reading: HttpObjectAggregator$AggregatedFullHttpRequest(decodeResult: success, version: HTTP/1.1, content: CompositeByteBuf(ridx: 0, widx: 0, cap: 0, components=0))
GET http://localhost:9000/bower_components/angular-bootstrap/ui-bootstrap-tpls.js HTTP/1.1
Host: localhost:9000
Proxy-Connection: keep-alive
Accept: */*
User-Agent: Mozilla/5.0 (X11; Linux x86_64) AppleWebKit/537.36 (KHTML, like Gecko) Chrome/44.0.2403.130 Safari/537.36
Referer: http://localhost:9000/
Accept-Encoding: gzip, deflate, sdch
Accept-Language: en-GB,en-US;q=0.8,en;q=0.6
Content-Length: 0
11:39:50.904 [LittleProxy-ClientToProxyWorker-7] DEBUG o.l.p.impl.ClientToProxyConnection - (AWAITING_INITIAL) [id: 0xa74abe3b, /127.0.0.1:54151 => /127.0.1.1:45224]: Got request: HttpObjectAggregator$AggregatedFullHttpRequest(decodeResult: success, version: HTTP/1.1, content: CompositeByteBuf(ridx: 0, widx: 0, cap: 0, components=0))
GET http://localhost:9000/bower_components/angular-bootstrap/ui-bootstrap-tpls.js HTTP/1.1
Host: localhost:9000
Proxy-Connection: keep-alive
Accept: */*
User-Agent: Mozilla/5.0 (X11; Linux x86_64) AppleWebKit/537.36 (KHTML, like Gecko) Chrome/44.0.2403.130 Safari/537.36
Referer: http://localhost:9000/
Accept-Encoding: gzip, deflate, sdch
Accept-Language: en-GB,en-US;q=0.8,en;q=0.6
Content-Length: 0
11:39:50.904 [LittleProxy-ClientToProxyWorker-7] DEBUG o.l.p.impl.ClientToProxyConnection - (AWAITING_INITIAL) [id: 0xa74abe3b, /127.0.0.1:54151 => /127.0.1.1:45224]: Ensuring that hostAndPort are available in http://localhost:9000/bower_components/angular-bootstrap/ui-bootstrap-tpls.js
11:39:50.904 [LittleProxy-ClientToProxyWorker-7] DEBUG o.l.p.impl.ClientToProxyConnection - (AWAITING_INITIAL) [id: 0xa74abe3b, /127.0.0.1:54151 => /127.0.1.1:45224]: Finding ProxyToServerConnection for: localhost:9000
11:39:50.904 [LittleProxy-ClientToProxyWorker-7] DEBUG o.l.p.impl.ClientToProxyConnection - (AWAITING_INITIAL) [id: 0xa74abe3b, /127.0.0.1:54151 => /127.0.1.1:45224]: Reusing existing server connection: org.littleshoot.proxy.impl.ProxyToServerConnection@55df2407
11:39:50.904 [LittleProxy-ClientToProxyWorker-7] DEBUG o.l.p.impl.ClientToProxyConnection - (AWAITING_INITIAL) [id: 0xa74abe3b, /127.0.0.1:54151 => /127.0.1.1:45224]: Modifying request headers for proxying
11:39:50.904 [LittleProxy-ClientToProxyWorker-7] DEBUG o.l.p.impl.ClientToProxyConnection - (AWAITING_INITIAL) [id: 0xa74abe3b, /127.0.0.1:54151 => /127.0.1.1:45224]: Modifying request for proxy chaining
11:39:50.904 [LittleProxy-ClientToProxyWorker-7] DEBUG o.l.p.impl.ClientToProxyConnection - (AWAITING_INITIAL) [id: 0xa74abe3b, /127.0.0.1:54151 => /127.0.1.1:45224]: Stripped host from uri: http://localhost:9000/bower_components/angular-bootstrap/ui-bootstrap-tpls.js    yielding: /bower_components/angular-bootstrap/ui-bootstrap-tpls.js
11:39:50.904 [LittleProxy-ClientToProxyWorker-7] DEBUG o.l.p.impl.ClientToProxyConnection - (AWAITING_INITIAL) [id: 0xa74abe3b, /127.0.0.1:54151 => /127.0.1.1:45224]: Removed sdch and inserted: gzip, deflate, 
11:39:50.904 [LittleProxy-ClientToProxyWorker-7] DEBUG o.l.p.impl.ClientToProxyConnection - (AWAITING_INITIAL) [id: 0xa74abe3b, /127.0.0.1:54151 => /127.0.1.1:45224]: Writing request to ProxyToServerConnection
11:39:50.904 [LittleProxy-ClientToProxyWorker-7] DEBUG o.l.p.impl.ProxyToServerConnection - (AWAITING_INITIAL) [id: 0x97bd59d1, /127.0.0.1:35281 => localhost/127.0.0.1:9000]: Requested write of HttpObjectAggregator$AggregatedFullHttpRequest(decodeResult: success, version: HTTP/1.1, content: CompositeByteBuf(ridx: 0, widx: 0, cap: 0, components=0))
GET /bower_components/angular-bootstrap/ui-bootstrap-tpls.js HTTP/1.1
Host: localhost:9000
Accept: */*
User-Agent: Mozilla/5.0 (X11; Linux x86_64) AppleWebKit/537.36 (KHTML, like Gecko) Chrome/44.0.2403.130 Safari/537.36
Referer: http://localhost:9000/
Accept-Language: en-GB,en-US;q=0.8,en;q=0.6
Content-Length: 0
Accept-Encoding: gzip, deflate, 
Via: 1.1 localhost.localdomain
11:39:50.904 [LittleProxy-ClientToProxyWorker-7] DEBUG o.l.p.impl.ProxyToServerConnection - (AWAITING_INITIAL) [id: 0x97bd59d1, /127.0.0.1:35281 => localhost/127.0.0.1:9000]: Retaining reference counted message
11:39:50.904 [LittleProxy-ClientToProxyWorker-7] DEBUG o.l.p.impl.ProxyToServerConnection - (AWAITING_INITIAL) [id: 0x97bd59d1, /127.0.0.1:35281 => localhost/127.0.0.1:9000]: Using existing connection to: localhost/127.0.0.1:9000
11:39:50.904 [LittleProxy-ClientToProxyWorker-7] DEBUG o.l.p.impl.ProxyToServerConnection - (AWAITING_INITIAL) [id: 0x97bd59d1, /127.0.0.1:35281 => localhost/127.0.0.1:9000]: Writing: HttpObjectAggregator$AggregatedFullHttpRequest(decodeResult: success, version: HTTP/1.1, content: CompositeByteBuf(ridx: 0, widx: 0, cap: 0, components=0))
GET /bower_components/angular-bootstrap/ui-bootstrap-tpls.js HTTP/1.1
Host: localhost:9000
Accept: */*
User-Agent: Mozilla/5.0 (X11; Linux x86_64) AppleWebKit/537.36 (KHTML, like Gecko) Chrome/44.0.2403.130 Safari/537.36
Referer: http://localhost:9000/
Accept-Language: en-GB,en-US;q=0.8,en;q=0.6
Content-Length: 0
Accept-Encoding: gzip, deflate, 
Via: 1.1 localhost.localdomain
11:39:50.905 [LittleProxy-ClientToProxyWorker-7] DEBUG o.l.p.impl.ProxyToServerConnection - (AWAITING_INITIAL) [id: 0x97bd59d1, /127.0.0.1:35281 => localhost/127.0.0.1:9000]: Writing an empty buffer to signal the end of our chunked transfer
11:39:50.905 [LittleProxy-ClientToProxyWorker-7] DEBUG o.l.p.impl.ProxyToServerConnection - (AWAITING_INITIAL) [id: 0x97bd59d1, /127.0.0.1:35281 => localhost/127.0.0.1:9000]: Wrote: HttpObjectAggregator$AggregatedFullHttpRequest(decodeResult: success, version: HTTP/1.1, content: CompositeByteBuf(ridx: 0, widx: 0, cap: 0, components=0))
GET /bower_components/angular-bootstrap/ui-bootstrap-tpls.js HTTP/1.1
Host: localhost:9000
Accept: */*
User-Agent: Mozilla/5.0 (X11; Linux x86_64) AppleWebKit/537.36 (KHTML, like Gecko) Chrome/44.0.2403.130 Safari/537.36
Referer: http://localhost:9000/
Accept-Language: en-GB,en-US;q=0.8,en;q=0.6
Content-Length: 0
Accept-Encoding: gzip, deflate, 
Via: 1.1 localhost.localdomain
11:39:50.905 [LittleProxy-ProxyToServerWorker-2] DEBUG o.l.p.impl.ProxyToServerConnection - (AWAITING_INITIAL) [id: 0x9953b61f, /127.0.0.1:35274 => localhost/127.0.0.1:9000]: Remembering the current request.
11:39:50.905 [LittleProxy-ProxyToServerWorker-2] DEBUG o.l.p.impl.ProxyToServerConnection - (AWAITING_INITIAL) [id: 0x9953b61f, /127.0.0.1:35274 => localhost/127.0.0.1:9000]: Reading: DefaultHttpResponse(decodeResult: success, version: HTTP/1.1)
HTTP/1.1 200 OK
Accept-Ranges: bytes
Date: Tue, 08 Sep 2015 10:39:50 GMT
Cache-Control: public, max-age=0
Last-Modified: Fri, 17 Oct 2014 06:40:12 GMT
ETag: W/"O+T26lwvkVKnu2VG/qDXZQ=="
Content-Type: application/javascript
Content-Length: 469356
Connection: keep-alive
11:39:50.905 [LittleProxy-ProxyToServerWorker-2] DEBUG o.l.p.impl.ProxyToServerConnection - (AWAITING_INITIAL) [id: 0x9953b61f, /127.0.0.1:35274 => localhost/127.0.0.1:9000]: Received raw response: DefaultHttpResponse(decodeResult: success, version: HTTP/1.1)
HTTP/1.1 200 OK
Accept-Ranges: bytes
Date: Tue, 08 Sep 2015 10:39:50 GMT
Cache-Control: public, max-age=0
Last-Modified: Fri, 17 Oct 2014 06:40:12 GMT
ETag: W/"O+T26lwvkVKnu2VG/qDXZQ=="
Content-Type: application/javascript
Content-Length: 469356
Connection: keep-alive
11:39:50.905 [LittleProxy-ProxyToServerWorker-2] DEBUG o.l.p.impl.ProxyToServerConnection - (AWAITING_INITIAL) [id: 0x9953b61f, /127.0.0.1:35274 => localhost/127.0.0.1:9000]: Remembering the current response.
11:39:50.905 [LittleProxy-ProxyToServerWorker-2] DEBUG o.l.p.impl.ClientToProxyConnection - (AWAITING_INITIAL) [id: 0xe726451f, /127.0.0.1:54145 => /127.0.1.1:45224]: Writing: DefaultHttpResponse(decodeResult: success, version: HTTP/1.1)
HTTP/1.1 200 OK
Accept-Ranges: bytes
Date: Tue, 08 Sep 2015 10:39:50 GMT
Cache-Control: public, max-age=0
Last-Modified: Fri, 17 Oct 2014 06:40:12 GMT
ETag: W/"O+T26lwvkVKnu2VG/qDXZQ=="
Content-Type: application/javascript
Content-Length: 469356
Via: 1.1 localhost.localdomain
11:39:50.905 [LittleProxy-ProxyToServerWorker-2] DEBUG o.l.p.impl.ClientToProxyConnection - (AWAITING_INITIAL) [id: 0xe726451f, /127.0.0.1:54145 => /127.0.1.1:45224]: Wrote: DefaultHttpResponse(decodeResult: success, version: HTTP/1.1)
HTTP/1.1 200 OK
Accept-Ranges: bytes
Date: Tue, 08 Sep 2015 10:39:50 GMT
Cache-Control: public, max-age=0
Last-Modified: Fri, 17 Oct 2014 06:40:12 GMT
ETag: W/"O+T26lwvkVKnu2VG/qDXZQ=="
Content-Type: application/javascript
Content-Length: 469356
Via: 1.1 localhost.localdomain
11:39:50.905 [LittleProxy-ProxyToServerWorker-2] DEBUG o.l.p.impl.ClientToProxyConnection - (AWAITING_INITIAL) [id: 0xe726451f, /127.0.0.1:54145 => /127.0.1.1:45224]: Not closing server connection on middle chunk for /bower_components/jquery-ui/jquery-ui.js
11:39:50.905 [LittleProxy-ProxyToServerWorker-2] DEBUG o.l.p.impl.ClientToProxyConnection - (AWAITING_INITIAL) [id: 0xe726451f, /127.0.0.1:54145 => /127.0.1.1:45224]: Not closing client connection on middle chunk for /bower_components/jquery-ui/jquery-ui.js
11:39:50.905 [LittleProxy-ProxyToServerWorker-2] DEBUG o.l.p.impl.ProxyToServerConnection - (AWAITING_CHUNK) [id: 0x9953b61f, /127.0.0.1:35274 => localhost/127.0.0.1:9000]: Reading: DefaultHttpContent(data: SlicedByteBuf(ridx: 0, widx: 4096, cap: 4096/4096, unwrapped: UnpooledUnsafeDirectByteBuf(ridx: 4096, widx: 4096, cap: 4096)), decoderResult: success)
11:39:50.905 [LittleProxy-ProxyToServerWorker-2] DEBUG o.l.p.impl.ClientToProxyConnection - (AWAITING_INITIAL) [id: 0xe726451f, /127.0.0.1:54145 => /127.0.1.1:45224]: Retaining reference counted message
11:39:50.905 [LittleProxy-ProxyToServerWorker-2] DEBUG o.l.p.impl.ClientToProxyConnection - (AWAITING_INITIAL) [id: 0xe726451f, /127.0.0.1:54145 => /127.0.1.1:45224]: Writing: DefaultHttpContent(data: SlicedByteBuf(ridx: 0, widx: 4096, cap: 4096/4096, unwrapped: UnpooledUnsafeDirectByteBuf(ridx: 4096, widx: 4096, cap: 4096)), decoderResult: success)
11:39:50.905 [LittleProxy-ProxyToServerWorker-2] DEBUG o.l.p.impl.ClientToProxyConnection - (AWAITING_INITIAL) [id: 0xe726451f, /127.0.0.1:54145 => /127.0.1.1:45224]: Wrote: DefaultHttpContent(data: SlicedByteBuf(ridx: 0, widx: 4096, cap: 4096/4096, unwrapped: UnpooledUnsafeDirectByteBuf(ridx: 4096, widx: 4096, cap: 4096)), decoderResult: success)
11:39:50.905 [LittleProxy-ProxyToServerWorker-2] DEBUG o.l.p.impl.ClientToProxyConnection - (AWAITING_INITIAL) [id: 0xe726451f, /127.0.0.1:54145 => /127.0.1.1:45224]: Not closing server connection on middle chunk for /bower_components/jquery-ui/jquery-ui.js
11:39:50.905 [LittleProxy-ProxyToServerWorker-2] DEBUG o.l.p.impl.ClientToProxyConnection - (AWAITING_INITIAL) [id: 0xe726451f, /127.0.0.1:54145 => /127.0.1.1:45224]: Not closing client connection on middle chunk for /bower_components/jquery-ui/jquery-ui.js
11:39:50.906 [LittleProxy-ProxyToServerWorker-2] DEBUG o.l.p.impl.ProxyToServerConnection - (AWAITING_CHUNK) [id: 0x9953b61f, /127.0.0.1:35274 => localhost/127.0.0.1:9000]: Reading: DefaultHttpContent(data: SlicedByteBuf(ridx: 0, widx: 4096, cap: 4096/4096, unwrapped: UnpooledUnsafeDirectByteBuf(ridx: 4096, widx: 4096, cap: 4096)), decoderResult: success)
11:39:50.906 [LittleProxy-ProxyToServerWorker-2] DEBUG o.l.p.impl.ClientToProxyConnection - (AWAITING_INITIAL) [id: 0xe726451f, /127.0.0.1:54145 => /127.0.1.1:45224]: Retaining reference counted message
11:39:50.906 [LittleProxy-ProxyToServerWorker-2] DEBUG o.l.p.impl.ClientToProxyConnection - (AWAITING_INITIAL) [id: 0xe726451f, /127.0.0.1:54145 => /127.0.1.1:45224]: Writing: DefaultHttpContent(data: SlicedByteBuf(ridx: 0, widx: 4096, cap: 4096/4096, unwrapped: UnpooledUnsafeDirectByteBuf(ridx: 4096, widx: 4096, cap: 4096)), decoderResult: success)
11:39:50.906 [LittleProxy-ProxyToServerWorker-2] DEBUG o.l.p.impl.ClientToProxyConnection - (AWAITING_INITIAL) [id: 0xe726451f, /127.0.0.1:54145 => /127.0.1.1:45224]: Wrote: DefaultHttpContent(data: SlicedByteBuf(ridx: 0, widx: 4096, cap: 4096/4096, unwrapped: UnpooledUnsafeDirectByteBuf(ridx: 4096, widx: 4096, cap: 4096)), decoderResult: success)
11:39:50.906 [LittleProxy-ProxyToServerWorker-2] DEBUG o.l.p.impl.ClientToProxyConnection - (AWAITING_INITIAL) [id: 0xe726451f, /127.0.0.1:54145 => /127.0.1.1:45224]: Not closing server connection on middle chunk for /bower_components/jquery-ui/jquery-ui.js
11:39:50.906 [LittleProxy-ProxyToServerWorker-2] DEBUG o.l.p.impl.ClientToProxyConnection - (AWAITING_INITIAL) [id: 0xe726451f, /127.0.0.1:54145 => /127.0.1.1:45224]: Not closing client connection on middle chunk for /bower_components/jquery-ui/jquery-ui.js
11:39:50.906 [LittleProxy-ProxyToServerWorker-2] DEBUG o.l.p.impl.ProxyToServerConnection - (AWAITING_CHUNK) [id: 0x9953b61f, /127.0.0.1:35274 => localhost/127.0.0.1:9000]: Reading: DefaultHttpContent(data: SlicedByteBuf(ridx: 0, widx: 4096, cap: 4096/4096, unwrapped: UnpooledUnsafeDirectByteBuf(ridx: 4096, widx: 4096, cap: 4096)), decoderResult: success)
11:39:50.906 [LittleProxy-ProxyToServerWorker-2] DEBUG o.l.p.impl.ClientToProxyConnection - (AWAITING_INITIAL) [id: 0xe726451f, /127.0.0.1:54145 => /127.0.1.1:45224]: Retaining reference counted message
11:39:50.906 [LittleProxy-ProxyToServerWorker-2] DEBUG o.l.p.impl.ClientToProxyConnection - (AWAITING_INITIAL) [id: 0xe726451f, /127.0.0.1:54145 => /127.0.1.1:45224]: Writing: DefaultHttpContent(data: SlicedByteBuf(ridx: 0, widx: 4096, cap: 4096/4096, unwrapped: UnpooledUnsafeDirectByteBuf(ridx: 4096, widx: 4096, cap: 4096)), decoderResult: success)
11:39:50.906 [LittleProxy-ProxyToServerWorker-2] DEBUG o.l.p.impl.ClientToProxyConnection - (AWAITING_INITIAL) [id: 0xe726451f, /127.0.0.1:54145 => /127.0.1.1:45224]: Wrote: DefaultHttpContent(data: SlicedByteBuf(ridx: 0, widx: 4096, cap: 4096/4096, unwrapped: UnpooledUnsafeDirectByteBuf(ridx: 4096, widx: 4096, cap: 4096)), decoderResult: success)
11:39:50.906 [LittleProxy-ProxyToServerWorker-2] DEBUG o.l.p.impl.ClientToProxyConnection - (AWAITING_INITIAL) [id: 0xe726451f, /127.0.0.1:54145 => /127.0.1.1:45224]: Not closing server connection on middle chunk for /bower_components/jquery-ui/jquery-ui.js
11:39:50.906 [LittleProxy-ProxyToServerWorker-2] DEBUG o.l.p.impl.ClientToProxyConnection - (AWAITING_INITIAL) [id: 0xe726451f, /127.0.0.1:54145 => /127.0.1.1:45224]: Not closing client connection on middle chunk for /bower_components/jquery-ui/jquery-ui.js
11:39:50.906 [LittleProxy-ProxyToServerWorker-2] DEBUG o.l.p.impl.ProxyToServerConnection - (AWAITING_CHUNK) [id: 0x9953b61f, /127.0.0.1:35274 => localhost/127.0.0.1:9000]: Reading: DefaultHttpContent(data: SlicedByteBuf(ridx: 0, widx: 4096, cap: 4096/4096, unwrapped: UnpooledUnsafeDirectByteBuf(ridx: 4096, widx: 4096, cap: 4096)), decoderResult: success)
11:39:50.906 [LittleProxy-ProxyToServerWorker-2] DEBUG o.l.p.impl.ClientToProxyConnection - (AWAITING_INITIAL) [id: 0xe726451f, /127.0.0.1:54145 => /127.0.1.1:45224]: Retaining reference counted message
11:39:50.906 [LittleProxy-ProxyToServerWorker-2] DEBUG o.l.p.impl.ClientToProxyConnection - (AWAITING_INITIAL) [id: 0xe726451f, /127.0.0.1:54145 => /127.0.1.1:45224]: Writing: DefaultHttpContent(data: SlicedByteBuf(ridx: 0, widx: 4096, cap: 4096/4096, unwrapped: UnpooledUnsafeDirectByteBuf(ridx: 4096, widx: 4096, cap: 4096)), decoderResult: success)
11:39:50.906 [LittleProxy-ProxyToServerWorker-2] DEBUG o.l.p.impl.ClientToProxyConnection - (AWAITING_INITIAL) [id: 0xe726451f, /127.0.0.1:54145 => /127.0.1.1:45224]: Wrote: DefaultHttpContent(data: SlicedByteBuf(ridx: 0, widx: 4096, cap: 4096/4096, unwrapped: UnpooledUnsafeDirectByteBuf(ridx: 4096, widx: 4096, cap: 4096)), decoderResult: success)
11:39:50.906 [LittleProxy-ProxyToServerWorker-2] DEBUG o.l.p.impl.ClientToProxyConnection - (AWAITING_INITIAL) [id: 0xe726451f, /127.0.0.1:54145 => /127.0.1.1:45224]: Not closing server connection on middle chunk for /bower_components/jquery-ui/jquery-ui.js
11:39:50.906 [LittleProxy-ProxyToServerWorker-2] DEBUG o.l.p.impl.ClientToProxyConnection - (AWAITING_INITIAL) [id: 0xe726451f, /127.0.0.1:54145 => /127.0.1.1:45224]: Not closing client connection on middle chunk for /bower_components/jquery-ui/jquery-ui.js
11:39:50.906 [LittleProxy-ProxyToServerWorker-2] DEBUG o.l.p.impl.ProxyToServerConnection - (AWAITING_CHUNK) [id: 0x9953b61f, /127.0.0.1:35274 => localhost/127.0.0.1:9000]: Reading: DefaultHttpContent(data: SlicedByteBuf(ridx: 0, widx: 4096, cap: 4096/4096, unwrapped: UnpooledUnsafeDirectByteBuf(ridx: 4096, widx: 4096, cap: 4096)), decoderResult: success)
11:39:50.906 [LittleProxy-ProxyToServerWorker-2] DEBUG o.l.p.impl.ClientToProxyConnection - (AWAITING_INITIAL) [id: 0xe726451f, /127.0.0.1:54145 => /127.0.1.1:45224]: Retaining reference counted message
11:39:50.906 [LittleProxy-ProxyToServerWorker-2] DEBUG o.l.p.impl.ClientToProxyConnection - (AWAITING_INITIAL) [id: 0xe726451f, /127.0.0.1:54145 => /127.0.1.1:45224]: Writing: DefaultHttpContent(data: SlicedByteBuf(ridx: 0, widx: 4096, cap: 4096/4096, unwrapped: UnpooledUnsafeDirectByteBuf(ridx: 4096, widx: 4096, cap: 4096)), decoderResult: success)
11:39:50.906 [LittleProxy-ProxyToServerWorker-2] DEBUG o.l.p.impl.ClientToProxyConnection - (AWAITING_INITIAL) [id: 0xe726451f, /127.0.0.1:54145 => /127.0.1.1:45224]: Wrote: DefaultHttpContent(data: SlicedByteBuf(ridx: 0, widx: 4096, cap: 4096/4096, unwrapped: UnpooledUnsafeDirectByteBuf(ridx: 4096, widx: 4096, cap: 4096)), decoderResult: success)
11:39:50.906 [LittleProxy-ProxyToServerWorker-2] DEBUG o.l.p.impl.ClientToProxyConnection - (AWAITING_INITIAL) [id: 0xe726451f, /127.0.0.1:54145 => /127.0.1.1:45224]: Not closing server connection on middle chunk for /bower_components/jquery-ui/jquery-ui.js
11:39:50.906 [LittleProxy-ProxyToServerWorker-2] DEBUG o.l.p.impl.ClientToProxyConnection - (AWAITING_INITIAL) [id: 0xe726451f, /127.0.0.1:54145 => /127.0.1.1:45224]: Not closing client connection on middle chunk for /bower_components/jquery-ui/jquery-ui.js
11:39:50.906 [LittleProxy-ProxyToServerWorker-2] DEBUG o.l.p.impl.ProxyToServerConnection - (AWAITING_CHUNK) [id: 0x9953b61f, /127.0.0.1:35274 => localhost/127.0.0.1:9000]: Reading: DefaultHttpContent(data: SlicedByteBuf(ridx: 0, widx: 4096, cap: 4096/4096, unwrapped: UnpooledUnsafeDirectByteBuf(ridx: 4096, widx: 4096, cap: 4096)), decoderResult: success)
11:39:50.906 [LittleProxy-ProxyToServerWorker-2] DEBUG o.l.p.impl.ClientToProxyConnection - (AWAITING_INITIAL) [id: 0xe726451f, /127.0.0.1:54145 => /127.0.1.1:45224]: Retaining reference counted message
11:39:50.906 [LittleProxy-ProxyToServerWorker-2] DEBUG o.l.p.impl.ClientToProxyConnection - (AWAITING_INITIAL) [id: 0xe726451f, /127.0.0.1:54145 => /127.0.1.1:45224]: Writing: DefaultHttpContent(data: SlicedByteBuf(ridx: 0, widx: 4096, cap: 4096/4096, unwrapped: UnpooledUnsafeDirectByteBuf(ridx: 4096, widx: 4096, cap: 4096)), decoderResult: success)
11:39:50.906 [LittleProxy-ProxyToServerWorker-2] DEBUG o.l.p.impl.ClientToProxyConnection - (AWAITING_INITIAL) [id: 0xe726451f, /127.0.0.1:54145 => /127.0.1.1:45224]: Wrote: DefaultHttpContent(data: SlicedByteBuf(ridx: 0, widx: 4096, cap: 4096/4096, unwrapped: UnpooledUnsafeDirectByteBuf(ridx: 4096, widx: 4096, cap: 4096)), decoderResult: success)
11:39:50.906 [LittleProxy-ProxyToServerWorker-2] DEBUG o.l.p.impl.ClientToProxyConnection - (AWAITING_INITIAL) [id: 0xe726451f, /127.0.0.1:54145 => /127.0.1.1:45224]: Not closing server connection on middle chunk for /bower_components/jquery-ui/jquery-ui.js
11:39:50.906 [LittleProxy-ProxyToServerWorker-2] DEBUG o.l.p.impl.ClientToProxyConnection - (AWAITING_INITIAL) [id: 0xe726451f, /127.0.0.1:54145 => /127.0.1.1:45224]: Not closing client connection on middle chunk for /bower_components/jquery-ui/jquery-ui.js
11:39:50.906 [LittleProxy-ProxyToServerWorker-2] DEBUG o.l.p.impl.ProxyToServerConnection - (AWAITING_CHUNK) [id: 0x9953b61f, /127.0.0.1:35274 => localhost/127.0.0.1:9000]: Reading: DefaultHttpContent(data: SlicedByteBuf(ridx: 0, widx: 4096, cap: 4096/4096, unwrapped: UnpooledUnsafeDirectByteBuf(ridx: 4096, widx: 4096, cap: 4096)), decoderResult: success)
11:39:50.906 [LittleProxy-ProxyToServerWorker-2] DEBUG o.l.p.impl.ClientToProxyConnection - (AWAITING_INITIAL) [id: 0xe726451f, /127.0.0.1:54145 => /127.0.1.1:45224]: Retaining reference counted message
11:39:50.906 [LittleProxy-ProxyToServerWorker-2] DEBUG o.l.p.impl.ClientToProxyConnection - (AWAITING_INITIAL) [id: 0xe726451f, /127.0.0.1:54145 => /127.0.1.1:45224]: Writing: DefaultHttpContent(data: SlicedByteBuf(ridx: 0, widx: 4096, cap: 4096/4096, unwrapped: UnpooledUnsafeDirectByteBuf(ridx: 4096, widx: 4096, cap: 4096)), decoderResult: success)
11:39:50.906 [LittleProxy-ProxyToServerWorker-2] DEBUG o.l.p.impl.ClientToProxyConnection - (AWAITING_INITIAL) [id: 0xe726451f, /127.0.0.1:54145 => /127.0.1.1:45224]: Wrote: DefaultHttpContent(data: SlicedByteBuf(ridx: 0, widx: 4096, cap: 4096/4096, unwrapped: UnpooledUnsafeDirectByteBuf(ridx: 4096, widx: 4096, cap: 4096)), decoderResult: success)
11:39:50.906 [LittleProxy-ProxyToServerWorker-2] DEBUG o.l.p.impl.ClientToProxyConnection - (AWAITING_INITIAL) [id: 0xe726451f, /127.0.0.1:54145 => /127.0.1.1:45224]: Not closing server connection on middle chunk for /bower_components/jquery-ui/jquery-ui.js
11:39:50.906 [LittleProxy-ProxyToServerWorker-2] DEBUG o.l.p.impl.ClientToProxyConnection - (AWAITING_INITIAL) [id: 0xe726451f, /127.0.0.1:54145 => /127.0.1.1:45224]: Not closing client connection on middle chunk for /bower_components/jquery-ui/jquery-ui.js
11:39:50.906 [LittleProxy-ProxyToServerWorker-2] DEBUG o.l.p.impl.ProxyToServerConnection - (AWAITING_CHUNK) [id: 0x9953b61f, /127.0.0.1:35274 => localhost/127.0.0.1:9000]: Reading: DefaultHttpContent(data: SlicedByteBuf(ridx: 0, widx: 4096, cap: 4096/4096, unwrapped: UnpooledUnsafeDirectByteBuf(ridx: 4096, widx: 4096, cap: 4096)), decoderResult: success)
11:39:50.906 [LittleProxy-ProxyToServerWorker-2] DEBUG o.l.p.impl.ClientToProxyConnection - (AWAITING_INITIAL) [id: 0xe726451f, /127.0.0.1:54145 => /127.0.1.1:45224]: Retaining reference counted message
11:39:50.906 [LittleProxy-ProxyToServerWorker-2] DEBUG o.l.p.impl.ClientToProxyConnection - (AWAITING_INITIAL) [id: 0xe726451f, /127.0.0.1:54145 => /127.0.1.1:45224]: Writing: DefaultHttpContent(data: SlicedByteBuf(ridx: 0, widx: 4096, cap: 4096/4096, unwrapped: UnpooledUnsafeDirectByteBuf(ridx: 4096, widx: 4096, cap: 4096)), decoderResult: success)
11:39:50.907 [LittleProxy-ProxyToServerWorker-2] DEBUG o.l.p.impl.ClientToProxyConnection - (AWAITING_INITIAL) [id: 0xe726451f, /127.0.0.1:54145 => /127.0.1.1:45224]: Wrote: DefaultHttpContent(data: SlicedByteBuf(ridx: 0, widx: 4096, cap: 4096/4096, unwrapped: UnpooledUnsafeDirectByteBuf(ridx: 4096, widx: 4096, cap: 4096)), decoderResult: success)
11:39:50.907 [LittleProxy-ProxyToServerWorker-2] DEBUG o.l.p.impl.ClientToProxyConnection - (AWAITING_INITIAL) [id: 0xe726451f, /127.0.0.1:54145 => /127.0.1.1:45224]: Not closing server connection on middle chunk for /bower_components/jquery-ui/jquery-ui.js
11:39:50.907 [LittleProxy-ProxyToServerWorker-2] DEBUG o.l.p.impl.ClientToProxyConnection - (AWAITING_INITIAL) [id: 0xe726451f, /127.0.0.1:54145 => /127.0.1.1:45224]: Not closing client connection on middle chunk for /bower_components/jquery-ui/jquery-ui.js
11:39:50.907 [LittleProxy-ProxyToServerWorker-2] DEBUG o.l.p.impl.ProxyToServerConnection - (AWAITING_CHUNK) [id: 0x9953b61f, /127.0.0.1:35274 => localhost/127.0.0.1:9000]: Reading: DefaultHttpContent(data: SlicedByteBuf(ridx: 0, widx: 4096, cap: 4096/4096, unwrapped: UnpooledUnsafeDirectByteBuf(ridx: 4096, widx: 4096, cap: 4096)), decoderResult: success)
11:39:50.907 [LittleProxy-ProxyToServerWorker-2] DEBUG o.l.p.impl.ClientToProxyConnection - (AWAITING_INITIAL) [id: 0xe726451f, /127.0.0.1:54145 => /127.0.1.1:45224]: Retaining reference counted message
11:39:50.907 [LittleProxy-ProxyToServerWorker-2] DEBUG o.l.p.impl.ClientToProxyConnection - (AWAITING_INITIAL) [id: 0xe726451f, /127.0.0.1:54145 => /127.0.1.1:45224]: Writing: DefaultHttpContent(data: SlicedByteBuf(ridx: 0, widx: 4096, cap: 4096/4096, unwrapped: UnpooledUnsafeDirectByteBuf(ridx: 4096, widx: 4096, cap: 4096)), decoderResult: success)
11:39:50.907 [LittleProxy-ProxyToServerWorker-2] DEBUG o.l.p.impl.ClientToProxyConnection - (AWAITING_INITIAL) [id: 0xe726451f, /127.0.0.1:54145 => /127.0.1.1:45224]: Wrote: DefaultHttpContent(data: SlicedByteBuf(ridx: 0, widx: 4096, cap: 4096/4096, unwrapped: UnpooledUnsafeDirectByteBuf(ridx: 4096, widx: 4096, cap: 4096)), decoderResult: success)
11:39:50.907 [LittleProxy-ProxyToServerWorker-2] DEBUG o.l.p.impl.ClientToProxyConnection - (AWAITING_INITIAL) [id: 0xe726451f, /127.0.0.1:54145 => /127.0.1.1:45224]: Not closing server connection on middle chunk for /bower_components/jquery-ui/jquery-ui.js
11:39:50.907 [LittleProxy-ProxyToServerWorker-2] DEBUG o.l.p.impl.ClientToProxyConnection - (AWAITING_INITIAL) [id: 0xe726451f, /127.0.0.1:54145 => /127.0.1.1:45224]: Not closing client connection on middle chunk for /bower_components/jquery-ui/jquery-ui.js
11:39:50.907 [LittleProxy-ProxyToServerWorker-2] DEBUG o.l.p.impl.ProxyToServerConnection - (AWAITING_CHUNK) [id: 0x9953b61f, /127.0.0.1:35274 => localhost/127.0.0.1:9000]: Reading: DefaultHttpContent(data: SlicedByteBuf(ridx: 0, widx: 4096, cap: 4096/4096, unwrapped: UnpooledUnsafeDirectByteBuf(ridx: 4096, widx: 4096, cap: 4096)), decoderResult: success)
11:39:50.907 [LittleProxy-ProxyToServerWorker-2] DEBUG o.l.p.impl.ClientToProxyConnection - (AWAITING_INITIAL) [id: 0xe726451f, /127.0.0.1:54145 => /127.0.1.1:45224]: Retaining reference counted message
11:39:50.907 [LittleProxy-ProxyToServerWorker-2] DEBUG o.l.p.impl.ClientToProxyConnection - (AWAITING_INITIAL) [id: 0xe726451f, /127.0.0.1:54145 => /127.0.1.1:45224]: Writing: DefaultHttpContent(data: SlicedByteBuf(ridx: 0, widx: 4096, cap: 4096/4096, unwrapped: UnpooledUnsafeDirectByteBuf(ridx: 4096, widx: 4096, cap: 4096)), decoderResult: success)
11:39:50.907 [LittleProxy-ProxyToServerWorker-2] DEBUG o.l.p.impl.ClientToProxyConnection - (AWAITING_INITIAL) [id: 0xe726451f, /127.0.0.1:54145 => /127.0.1.1:45224]: Wrote: DefaultHttpContent(data: SlicedByteBuf(ridx: 0, widx: 4096, cap: 4096/4096, unwrapped: UnpooledUnsafeDirectByteBuf(ridx: 4096, widx: 4096, cap: 4096)), decoderResult: success)
11:39:50.907 [LittleProxy-ProxyToServerWorker-2] DEBUG o.l.p.impl.ClientToProxyConnection - (AWAITING_INITIAL) [id: 0xe726451f, /127.0.0.1:54145 => /127.0.1.1:45224]: Not closing server connection on middle chunk for /bower_components/jquery-ui/jquery-ui.js
11:39:50.907 [LittleProxy-ProxyToServerWorker-2] DEBUG o.l.p.impl.ClientToProxyConnection - (AWAITING_INITIAL) [id: 0xe726451f, /127.0.0.1:54145 => /127.0.1.1:45224]: Not closing client connection on middle chunk for /bower_components/jquery-ui/jquery-ui.js
11:39:50.907 [LittleProxy-ProxyToServerWorker-2] DEBUG o.l.p.impl.ProxyToServerConnection - (AWAITING_CHUNK) [id: 0x9953b61f, /127.0.0.1:35274 => localhost/127.0.0.1:9000]: Reading: DefaultHttpContent(data: SlicedByteBuf(ridx: 0, widx: 4096, cap: 4096/4096, unwrapped: UnpooledUnsafeDirectByteBuf(ridx: 4096, widx: 4096, cap: 4096)), decoderResult: success)
11:39:50.907 [LittleProxy-ProxyToServerWorker-2] DEBUG o.l.p.impl.ClientToProxyConnection - (AWAITING_INITIAL) [id: 0xe726451f, /127.0.0.1:54145 => /127.0.1.1:45224]: Retaining reference counted message
11:39:50.907 [LittleProxy-ProxyToServerWorker-2] DEBUG o.l.p.impl.ClientToProxyConnection - (AWAITING_INITIAL) [id: 0xe726451f, /127.0.0.1:54145 => /127.0.1.1:45224]: Writing: DefaultHttpContent(data: SlicedByteBuf(ridx: 0, widx: 4096, cap: 4096/4096, unwrapped: UnpooledUnsafeDirectByteBuf(ridx: 4096, widx: 4096, cap: 4096)), decoderResult: success)
11:39:50.907 [LittleProxy-ProxyToServerWorker-2] DEBUG o.l.p.impl.ClientToProxyConnection - (AWAITING_INITIAL) [id: 0xe726451f, /127.0.0.1:54145 => /127.0.1.1:45224]: Wrote: DefaultHttpContent(data: SlicedByteBuf(ridx: 0, widx: 4096, cap: 4096/4096, unwrapped: UnpooledUnsafeDirectByteBuf(ridx: 4096, widx: 4096, cap: 4096)), decoderResult: success)
11:39:50.907 [LittleProxy-ProxyToServerWorker-2] DEBUG o.l.p.impl.ClientToProxyConnection - (AWAITING_INITIAL) [id: 0xe726451f, /127.0.0.1:54145 => /127.0.1.1:45224]: Not closing server connection on middle chunk for /bower_components/jquery-ui/jquery-ui.js
11:39:50.907 [LittleProxy-ProxyToServerWorker-2] DEBUG o.l.p.impl.ClientToProxyConnection - (AWAITING_INITIAL) [id: 0xe726451f, /127.0.0.1:54145 => /127.0.1.1:45224]: Not closing client connection on middle chunk for /bower_components/jquery-ui/jquery-ui.js
11:39:50.907 [LittleProxy-ProxyToServerWorker-2] DEBUG o.l.p.impl.ProxyToServerConnection - (AWAITING_CHUNK) [id: 0x9953b61f, /127.0.0.1:35274 => localhost/127.0.0.1:9000]: Reading: DefaultHttpContent(data: SlicedByteBuf(ridx: 0, widx: 4096, cap: 4096/4096, unwrapped: UnpooledUnsafeDirectByteBuf(ridx: 4096, widx: 4096, cap: 4096)), decoderResult: success)
11:39:50.907 [LittleProxy-ProxyToServerWorker-2] DEBUG o.l.p.impl.ClientToProxyConnection - (AWAITING_INITIAL) [id: 0xe726451f, /127.0.0.1:54145 => /127.0.1.1:45224]: Retaining reference counted message
11:39:50.907 [LittleProxy-ProxyToServerWorker-2] DEBUG o.l.p.impl.ClientToProxyConnection - (AWAITING_INITIAL) [id: 0xe726451f, /127.0.0.1:54145 => /127.0.1.1:45224]: Writing: DefaultHttpContent(data: SlicedByteBuf(ridx: 0, widx: 4096, cap: 4096/4096, unwrapped: UnpooledUnsafeDirectByteBuf(ridx: 4096, widx: 4096, cap: 4096)), decoderResult: success)
11:39:50.907 [LittleProxy-ProxyToServerWorker-2] DEBUG o.l.p.impl.ClientToProxyConnection - (AWAITING_INITIAL) [id: 0xe726451f, /127.0.0.1:54145 => /127.0.1.1:45224]: Wrote: DefaultHttpContent(data: SlicedByteBuf(ridx: 0, widx: 4096, cap: 4096/4096, unwrapped: UnpooledUnsafeDirectByteBuf(ridx: 4096, widx: 4096, cap: 4096)), decoderResult: success)
11:39:50.907 [LittleProxy-ProxyToServerWorker-2] DEBUG o.l.p.impl.ClientToProxyConnection - (AWAITING_INITIAL) [id: 0xe726451f, /127.0.0.1:54145 => /127.0.1.1:45224]: Not closing server connection on middle chunk for /bower_components/jquery-ui/jquery-ui.js
11:39:50.907 [LittleProxy-ProxyToServerWorker-2] DEBUG o.l.p.impl.ClientToProxyConnection - (AWAITING_INITIAL) [id: 0xe726451f, /127.0.0.1:54145 => /127.0.1.1:45224]: Not closing client connection on middle chunk for /bower_components/jquery-ui/jquery-ui.js
11:39:50.907 [LittleProxy-ProxyToServerWorker-2] DEBUG o.l.p.impl.ProxyToServerConnection - (AWAITING_CHUNK) [id: 0x9953b61f, /127.0.0.1:35274 => localhost/127.0.0.1:9000]: Reading: DefaultHttpContent(data: SlicedByteBuf(ridx: 0, widx: 4096, cap: 4096/4096, unwrapped: UnpooledUnsafeDirectByteBuf(ridx: 4096, widx: 4096, cap: 4096)), decoderResult: success)
11:39:50.907 [LittleProxy-ProxyToServerWorker-2] DEBUG o.l.p.impl.ClientToProxyConnection - (AWAITING_INITIAL) [id: 0xe726451f, /127.0.0.1:54145 => /127.0.1.1:45224]: Retaining reference counted message
11:39:50.907 [LittleProxy-ProxyToServerWorker-2] DEBUG o.l.p.impl.ClientToProxyConnection - (AWAITING_INITIAL) [id: 0xe726451f, /127.0.0.1:54145 => /127.0.1.1:45224]: Writing: DefaultHttpContent(data: SlicedByteBuf(ridx: 0, widx: 4096, cap: 4096/4096, unwrapped: UnpooledUnsafeDirectByteBuf(ridx: 4096, widx: 4096, cap: 4096)), decoderResult: success)
11:39:50.907 [LittleProxy-ProxyToServerWorker-2] DEBUG o.l.p.impl.ClientToProxyConnection - (AWAITING_INITIAL) [id: 0xe726451f, /127.0.0.1:54145 => /127.0.1.1:45224]: Wrote: DefaultHttpContent(data: SlicedByteBuf(ridx: 0, widx: 4096, cap: 4096/4096, unwrapped: UnpooledUnsafeDirectByteBuf(ridx: 4096, widx: 4096, cap: 4096)), decoderResult: success)
11:39:50.907 [LittleProxy-ProxyToServerWorker-2] DEBUG o.l.p.impl.ClientToProxyConnection - (AWAITING_INITIAL) [id: 0xe726451f, /127.0.0.1:54145 => /127.0.1.1:45224]: Not closing server connection on middle chunk for /bower_components/jquery-ui/jquery-ui.js
11:39:50.907 [LittleProxy-ProxyToServerWorker-2] DEBUG o.l.p.impl.ClientToProxyConnection - (AWAITING_INITIAL) [id: 0xe726451f, /127.0.0.1:54145 => /127.0.1.1:45224]: Not closing client connection on middle chunk for /bower_components/jquery-ui/jquery-ui.js
11:39:50.907 [LittleProxy-ProxyToServerWorker-2] DEBUG o.l.p.impl.ProxyToServerConnection - (AWAITING_CHUNK) [id: 0x9953b61f, /127.0.0.1:35274 => localhost/127.0.0.1:9000]: Reading: DefaultHttpContent(data: SlicedByteBuf(ridx: 0, widx: 4096, cap: 4096/4096, unwrapped: UnpooledUnsafeDirectByteBuf(ridx: 4096, widx: 4096, cap: 4096)), decoderResult: success)
11:39:50.907 [LittleProxy-ProxyToServerWorker-2] DEBUG o.l.p.impl.ClientToProxyConnection - (AWAITING_INITIAL) [id: 0xe726451f, /127.0.0.1:54145 => /127.0.1.1:45224]: Retaining reference counted message
11:39:50.907 [LittleProxy-ProxyToServerWorker-2] DEBUG o.l.p.impl.ClientToProxyConnection - (AWAITING_INITIAL) [id: 0xe726451f, /127.0.0.1:54145 => /127.0.1.1:45224]: Writing: DefaultHttpContent(data: SlicedByteBuf(ridx: 0, widx: 4096, cap: 4096/4096, unwrapped: UnpooledUnsafeDirectByteBuf(ridx: 4096, widx: 4096, cap: 4096)), decoderResult: success)
11:39:50.907 [LittleProxy-ProxyToServerWorker-2] DEBUG o.l.p.impl.ClientToProxyConnection - (AWAITING_INITIAL) [id: 0xe726451f, /127.0.0.1:54145 => /127.0.1.1:45224]: Wrote: DefaultHttpContent(data: SlicedByteBuf(ridx: 0, widx: 4096, cap: 4096/4096, unwrapped: UnpooledUnsafeDirectByteBuf(ridx: 4096, widx: 4096, cap: 4096)), decoderResult: success)
11:39:50.907 [LittleProxy-ProxyToServerWorker-2] DEBUG o.l.p.impl.ClientToProxyConnection - (AWAITING_INITIAL) [id: 0xe726451f, /127.0.0.1:54145 => /127.0.1.1:45224]: Not closing server connection on middle chunk for /bower_components/jquery-ui/jquery-ui.js
11:39:50.907 [LittleProxy-ProxyToServerWorker-2] DEBUG o.l.p.impl.ClientToProxyConnection - (AWAITING_INITIAL) [id: 0xe726451f, /127.0.0.1:54145 => /127.0.1.1:45224]: Not closing client connection on middle chunk for /bower_components/jquery-ui/jquery-ui.js
11:39:50.908 [LittleProxy-ProxyToServerWorker-2] DEBUG o.l.p.impl.ProxyToServerConnection - (AWAITING_CHUNK) [id: 0x9953b61f, /127.0.0.1:35274 => localhost/127.0.0.1:9000]: Reading: DefaultHttpContent(data: SlicedByteBuf(ridx: 0, widx: 4096, cap: 4096/4096, unwrapped: UnpooledUnsafeDirectByteBuf(ridx: 4096, widx: 4096, cap: 4096)), decoderResult: success)
11:39:50.908 [LittleProxy-ProxyToServerWorker-2] DEBUG o.l.p.impl.ClientToProxyConnection - (AWAITING_INITIAL) [id: 0xe726451f, /127.0.0.1:54145 => /127.0.1.1:45224]: Retaining reference counted message
11:39:50.908 [LittleProxy-ProxyToServerWorker-2] DEBUG o.l.p.impl.ClientToProxyConnection - (AWAITING_INITIAL) [id: 0xe726451f, /127.0.0.1:54145 => /127.0.1.1:45224]: Writing: DefaultHttpContent(data: SlicedByteBuf(ridx: 0, widx: 4096, cap: 4096/4096, unwrapped: UnpooledUnsafeDirectByteBuf(ridx: 4096, widx: 4096, cap: 4096)), decoderResult: success)
11:39:50.908 [LittleProxy-ProxyToServerWorker-2] DEBUG o.l.p.impl.ClientToProxyConnection - (AWAITING_INITIAL) [id: 0xe726451f, /127.0.0.1:54145 => /127.0.1.1:45224]: Wrote: DefaultHttpContent(data: SlicedByteBuf(ridx: 0, widx: 4096, cap: 4096/4096, unwrapped: UnpooledUnsafeDirectByteBuf(ridx: 4096, widx: 4096, cap: 4096)), decoderResult: success)
11:39:50.908 [LittleProxy-ProxyToServerWorker-2] DEBUG o.l.p.impl.ClientToProxyConnection - (AWAITING_INITIAL) [id: 0xe726451f, /127.0.0.1:54145 => /127.0.1.1:45224]: Not closing server connection on middle chunk for /bower_components/jquery-ui/jquery-ui.js
11:39:50.908 [LittleProxy-ProxyToServerWorker-2] DEBUG o.l.p.impl.ClientToProxyConnection - (AWAITING_INITIAL) [id: 0xe726451f, /127.0.0.1:54145 => /127.0.1.1:45224]: Not closing client connection on middle chunk for /bower_components/jquery-ui/jquery-ui.js
11:39:50.908 [LittleProxy-ProxyToServerWorker-2] DEBUG o.l.p.impl.ProxyToServerConnection - (AWAITING_CHUNK) [id: 0x9953b61f, /127.0.0.1:35274 => localhost/127.0.0.1:9000]: Reading: DefaultHttpContent(data: SlicedByteBuf(ridx: 0, widx: 4096, cap: 4096/4096, unwrapped: UnpooledUnsafeDirectByteBuf(ridx: 4096, widx: 4096, cap: 4096)), decoderResult: success)
11:39:50.908 [LittleProxy-ProxyToServerWorker-2] DEBUG o.l.p.impl.ClientToProxyConnection - (AWAITING_INITIAL) [id: 0xe726451f, /127.0.0.1:54145 => /127.0.1.1:45224]: Retaining reference counted message
11:39:50.908 [LittleProxy-ProxyToServerWorker-2] DEBUG o.l.p.impl.ClientToProxyConnection - (AWAITING_INITIAL) [id: 0xe726451f, /127.0.0.1:54145 => /127.0.1.1:45224]: Writing: DefaultHttpContent(data: SlicedByteBuf(ridx: 0, widx: 4096, cap: 4096/4096, unwrapped: UnpooledUnsafeDirectByteBuf(ridx: 4096, widx: 4096, cap: 4096)), decoderResult: success)
11:39:50.908 [LittleProxy-ProxyToServerWorker-2] DEBUG o.l.p.impl.ClientToProxyConnection - (AWAITING_INITIAL) [id: 0xe726451f, /127.0.0.1:54145 => /127.0.1.1:45224]: Wrote: DefaultHttpContent(data: SlicedByteBuf(ridx: 0, widx: 4096, cap: 4096/4096, unwrapped: UnpooledUnsafeDirectByteBuf(ridx: 4096, widx: 4096, cap: 4096)), decoderResult: success)
11:39:50.908 [LittleProxy-ProxyToServerWorker-2] DEBUG o.l.p.impl.ClientToProxyConnection - (AWAITING_INITIAL) [id: 0xe726451f, /127.0.0.1:54145 => /127.0.1.1:45224]: Not closing server connection on middle chunk for /bower_components/jquery-ui/jquery-ui.js
11:39:50.908 [LittleProxy-ProxyToServerWorker-2] DEBUG o.l.p.impl.ClientToProxyConnection - (AWAITING_INITIAL) [id: 0xe726451f, /127.0.0.1:54145 => /127.0.1.1:45224]: Not closing client connection on middle chunk for /bower_components/jquery-ui/jquery-ui.js
11:39:50.908 [LittleProxy-ProxyToServerWorker-2] DEBUG o.l.p.impl.ProxyToServerConnection - (AWAITING_CHUNK) [id: 0x9953b61f, /127.0.0.1:35274 => localhost/127.0.0.1:9000]: Reading: DefaultHttpContent(data: SlicedByteBuf(ridx: 0, widx: 16384, cap: 16384/16384, unwrapped: UnpooledUnsafeDirectByteBuf(ridx: 65536, widx: 65536, cap: 65536)), decoderResult: success)
11:39:50.908 [LittleProxy-ProxyToServerWorker-2] DEBUG o.l.p.impl.ClientToProxyConnection - (AWAITING_INITIAL) [id: 0xe726451f, /127.0.0.1:54145 => /127.0.1.1:45224]: Retaining reference counted message
11:39:50.908 [LittleProxy-ProxyToServerWorker-2] DEBUG o.l.p.impl.ClientToProxyConnection - (AWAITING_INITIAL) [id: 0xe726451f, /127.0.0.1:54145 => /127.0.1.1:45224]: Writing: DefaultHttpContent(data: SlicedByteBuf(ridx: 0, widx: 16384, cap: 16384/16384, unwrapped: UnpooledUnsafeDirectByteBuf(ridx: 65536, widx: 65536, cap: 65536)), decoderResult: success)
11:39:50.908 [LittleProxy-ProxyToServerWorker-2] DEBUG o.l.p.impl.ClientToProxyConnection - (AWAITING_INITIAL) [id: 0xe726451f, /127.0.0.1:54145 => /127.0.1.1:45224]: Wrote: DefaultHttpContent(data: SlicedByteBuf(ridx: 0, widx: 16384, cap: 16384/16384, unwrapped: UnpooledUnsafeDirectByteBuf(ridx: 65536, widx: 65536, cap: 65536)), decoderResult: success)
11:39:50.908 [LittleProxy-ProxyToServerWorker-2] DEBUG o.l.p.impl.ClientToProxyConnection - (AWAITING_INITIAL) [id: 0xe726451f, /127.0.0.1:54145 => /127.0.1.1:45224]: Not closing server connection on middle chunk for /bower_components/jquery-ui/jquery-ui.js
11:39:50.908 [LittleProxy-ProxyToServerWorker-2] DEBUG o.l.p.impl.ClientToProxyConnection - (AWAITING_INITIAL) [id: 0xe726451f, /127.0.0.1:54145 => /127.0.1.1:45224]: Not closing client connection on middle chunk for /bower_components/jquery-ui/jquery-ui.js
11:39:50.908 [LittleProxy-ProxyToServerWorker-2] DEBUG o.l.p.impl.ProxyToServerConnection - (AWAITING_CHUNK) [id: 0x9953b61f, /127.0.0.1:35274 => localhost/127.0.0.1:9000]: Reading: DefaultHttpContent(data: SlicedByteBuf(ridx: 0, widx: 16384, cap: 16384/16384, unwrapped: UnpooledUnsafeDirectByteBuf(ridx: 65536, widx: 65536, cap: 65536)), decoderResult: success)
11:39:50.908 [LittleProxy-ProxyToServerWorker-2] DEBUG o.l.p.impl.ClientToProxyConnection - (AWAITING_INITIAL) [id: 0xe726451f, /127.0.0.1:54145 => /127.0.1.1:45224]: Retaining reference counted message
11:39:50.908 [LittleProxy-ProxyToServerWorker-2] DEBUG o.l.p.impl.ClientToProxyConnection - (AWAITING_INITIAL) [id: 0xe726451f, /127.0.0.1:54145 => /127.0.1.1:45224]: Writing: DefaultHttpContent(data: SlicedByteBuf(ridx: 0, widx: 16384, cap: 16384/16384, unwrapped: UnpooledUnsafeDirectByteBuf(ridx: 65536, widx: 65536, cap: 65536)), decoderResult: success)
11:39:50.908 [LittleProxy-ProxyToServerWorker-2] DEBUG o.l.p.impl.ClientToProxyConnection - (AWAITING_INITIAL) [id: 0xe726451f, /127.0.0.1:54145 => /127.0.1.1:45224]: Wrote: DefaultHttpContent(data: SlicedByteBuf(ridx: 0, widx: 16384, cap: 16384/16384, unwrapped: UnpooledUnsafeDirectByteBuf(ridx: 65536, widx: 65536, cap: 65536)), decoderResult: success)
11:39:50.908 [LittleProxy-ProxyToServerWorker-2] DEBUG o.l.p.impl.ClientToProxyConnection - (AWAITING_INITIAL) [id: 0xe726451f, /127.0.0.1:54145 => /127.0.1.1:45224]: Not closing server connection on middle chunk for /bower_components/jquery-ui/jquery-ui.js
11:39:50.908 [LittleProxy-ProxyToServerWorker-2] DEBUG o.l.p.impl.ClientToProxyConnection - (AWAITING_INITIAL) [id: 0xe726451f, /127.0.0.1:54145 => /127.0.1.1:45224]: Not closing client connection on middle chunk for /bower_components/jquery-ui/jquery-ui.js
11:39:50.908 [LittleProxy-ProxyToServerWorker-2] DEBUG o.l.p.impl.ProxyToServerConnection - (AWAITING_CHUNK) [id: 0x9953b61f, /127.0.0.1:35274 => localhost/127.0.0.1:9000]: Reading: DefaultHttpContent(data: SlicedByteBuf(ridx: 0, widx: 16384, cap: 16384/16384, unwrapped: UnpooledUnsafeDirectByteBuf(ridx: 65536, widx: 65536, cap: 65536)), decoderResult: success)
11:39:50.908 [LittleProxy-ProxyToServerWorker-2] DEBUG o.l.p.impl.ClientToProxyConnection - (AWAITING_INITIAL) [id: 0xe726451f, /127.0.0.1:54145 => /127.0.1.1:45224]: Retaining reference counted message
11:39:50.908 [LittleProxy-ProxyToServerWorker-2] DEBUG o.l.p.impl.ClientToProxyConnection - (AWAITING_INITIAL) [id: 0xe726451f, /127.0.0.1:54145 => /127.0.1.1:45224]: Writing: DefaultHttpContent(data: SlicedByteBuf(ridx: 0, widx: 16384, cap: 16384/16384, unwrapped: UnpooledUnsafeDirectByteBuf(ridx: 65536, widx: 65536, cap: 65536)), decoderResult: success)
11:39:50.908 [LittleProxy-ProxyToServerWorker-2] DEBUG o.l.p.impl.ClientToProxyConnection - (AWAITING_INITIAL) [id: 0xe726451f, /127.0.0.1:54145 => /127.0.1.1:45224]: Wrote: DefaultHttpContent(data: SlicedByteBuf(ridx: 0, widx: 16384, cap: 16384/16384, unwrapped: UnpooledUnsafeDirectByteBuf(ridx: 65536, widx: 65536, cap: 65536)), decoderResult: success)
11:39:50.908 [LittleProxy-ProxyToServerWorker-2] DEBUG o.l.p.impl.ClientToProxyConnection - (AWAITING_INITIAL) [id: 0xe726451f, /127.0.0.1:54145 => /127.0.1.1:45224]: Not closing server connection on middle chunk for /bower_components/jquery-ui/jquery-ui.js
11:39:50.908 [LittleProxy-ProxyToServerWorker-2] DEBUG o.l.p.impl.ClientToProxyConnection - (AWAITING_INITIAL) [id: 0xe726451f, /127.0.0.1:54145 => /127.0.1.1:45224]: Not closing client connection on middle chunk for /bower_components/jquery-ui/jquery-ui.js
11:39:50.908 [LittleProxy-ProxyToServerWorker-2] DEBUG o.l.p.impl.ProxyToServerConnection - (AWAITING_CHUNK) [id: 0x9953b61f, /127.0.0.1:35274 => localhost/127.0.0.1:9000]: Reading: DefaultHttpContent(data: SlicedByteBuf(ridx: 0, widx: 16384, cap: 16384/16384, unwrapped: UnpooledUnsafeDirectByteBuf(ridx: 65536, widx: 65536, cap: 65536)), decoderResult: success)
11:39:50.908 [LittleProxy-ProxyToServerWorker-2] DEBUG o.l.p.impl.ClientToProxyConnection - (AWAITING_INITIAL) [id: 0xe726451f, /127.0.0.1:54145 => /127.0.1.1:45224]: Retaining reference counted message
11:39:50.908 [LittleProxy-ProxyToServerWorker-2] DEBUG o.l.p.impl.ClientToProxyConnection - (AWAITING_INITIAL) [id: 0xe726451f, /127.0.0.1:54145 => /127.0.1.1:45224]: Writing: DefaultHttpContent(data: SlicedByteBuf(ridx: 0, widx: 16384, cap: 16384/16384, unwrapped: UnpooledUnsafeDirectByteBuf(ridx: 65536, widx: 65536, cap: 65536)), decoderResult: success)
11:39:50.909 [LittleProxy-ProxyToServerWorker-2] DEBUG o.l.p.impl.ClientToProxyConnection - (AWAITING_INITIAL) [id: 0xe726451f, /127.0.0.1:54145 => /127.0.1.1:45224]: Wrote: DefaultHttpContent(data: SlicedByteBuf(ridx: 0, widx: 16384, cap: 16384/16384, unwrapped: UnpooledUnsafeDirectByteBuf(ridx: 65536, widx: 65536, cap: 65536)), decoderResult: success)
11:39:50.909 [LittleProxy-ProxyToServerWorker-2] DEBUG o.l.p.impl.ClientToProxyConnection - (AWAITING_INITIAL) [id: 0xe726451f, /127.0.0.1:54145 => /127.0.1.1:45224]: Not closing server connection on middle chunk for /bower_components/jquery-ui/jquery-ui.js
11:39:50.909 [LittleProxy-ProxyToServerWorker-2] DEBUG o.l.p.impl.ClientToProxyConnection - (AWAITING_INITIAL) [id: 0xe726451f, /127.0.0.1:54145 => /127.0.1.1:45224]: Not closing client connection on middle chunk for /bower_components/jquery-ui/jquery-ui.js
11:39:50.909 [LittleProxy-ClientToProxyWorker-2] DEBUG o.l.p.impl.ClientToProxyConnection - (AWAITING_INITIAL) [id: 0xe726451f, /127.0.0.1:54145 => /127.0.1.1:45224]: Writability changed. Is writable: true
11:39:50.909 [LittleProxy-ClientToProxyWorker-2] DEBUG o.l.p.impl.ClientToProxyConnection - (AWAITING_INITIAL) [id: 0xe726451f, /127.0.0.1:54145 => /127.0.1.1:45224]: Became writeable
11:39:50.909 [LittleProxy-ClientToProxyWorker-2] DEBUG o.l.p.impl.ProxyToServerConnection - (AWAITING_CHUNK) [id: 0x9953b61f, /127.0.0.1:35274 => localhost/127.0.0.1:9000]: Resumed reading
11:39:50.909 [LittleProxy-ClientToProxyWorker-2] DEBUG o.l.p.impl.ClientToProxyConnection - (AWAITING_INITIAL) [id: 0xe726451f, /127.0.0.1:54145 => /127.0.1.1:45224]: Writability changed. Is writable: true
11:39:50.909 [LittleProxy-ClientToProxyWorker-2] DEBUG o.l.p.impl.ClientToProxyConnection - (AWAITING_INITIAL) [id: 0xe726451f, /127.0.0.1:54145 => /127.0.1.1:45224]: Became writeable
11:39:50.909 [LittleProxy-ClientToProxyWorker-2] DEBUG o.l.p.impl.ProxyToServerConnection - (AWAITING_CHUNK) [id: 0x9953b61f, /127.0.0.1:35274 => localhost/127.0.0.1:9000]: Resumed reading
11:39:50.917 [LittleProxy-ProxyToServerWorker-3] DEBUG o.l.p.impl.ProxyToServerConnection - (AWAITING_INITIAL) [id: 0xceaab001, /127.0.0.1:35280 => localhost/127.0.0.1:9000]: Remembering the current request.
11:39:50.917 [LittleProxy-ProxyToServerWorker-3] DEBUG o.l.p.impl.ProxyToServerConnection - (AWAITING_INITIAL) [id: 0xceaab001, /127.0.0.1:35280 => localhost/127.0.0.1:9000]: Reading: DefaultHttpResponse(decodeResult: success, version: HTTP/1.1)
HTTP/1.1 200 OK
Accept-Ranges: bytes
Date: Tue, 08 Sep 2015 10:39:50 GMT
Cache-Control: public, max-age=0
Last-Modified: Thu, 09 Oct 2014 19:57:34 GMT
ETag: W/"THKbSj+hkZwWUNHnkgOy7A=="
Content-Type: application/javascript
Content-Length: 3146
Connection: keep-alive
11:39:50.917 [LittleProxy-ProxyToServerWorker-3] DEBUG o.l.p.impl.ProxyToServerConnection - (AWAITING_INITIAL) [id: 0xceaab001, /127.0.0.1:35280 => localhost/127.0.0.1:9000]: Received raw response: DefaultHttpResponse(decodeResult: success, version: HTTP/1.1)
HTTP/1.1 200 OK
Accept-Ranges: bytes
Date: Tue, 08 Sep 2015 10:39:50 GMT
Cache-Control: public, max-age=0
Last-Modified: Thu, 09 Oct 2014 19:57:34 GMT
ETag: W/"THKbSj+hkZwWUNHnkgOy7A=="
Content-Type: application/javascript
Content-Length: 3146
Connection: keep-alive
11:39:50.917 [LittleProxy-ProxyToServerWorker-3] DEBUG o.l.p.impl.ProxyToServerConnection - (AWAITING_INITIAL) [id: 0xceaab001, /127.0.0.1:35280 => localhost/127.0.0.1:9000]: Remembering the current response.
11:39:50.917 [LittleProxy-ProxyToServerWorker-3] DEBUG o.l.p.impl.ClientToProxyConnection - (AWAITING_INITIAL) [id: 0x16fa54b8, /127.0.0.1:54150 => /127.0.1.1:45224]: Writing: DefaultHttpResponse(decodeResult: success, version: HTTP/1.1)
HTTP/1.1 200 OK
Accept-Ranges: bytes
Date: Tue, 08 Sep 2015 10:39:50 GMT
Cache-Control: public, max-age=0
Last-Modified: Thu, 09 Oct 2014 19:57:34 GMT
ETag: W/"THKbSj+hkZwWUNHnkgOy7A=="
Content-Type: application/javascript
Content-Length: 3146
Via: 1.1 localhost.localdomain
11:39:50.917 [LittleProxy-ProxyToServerWorker-3] DEBUG o.l.p.impl.ClientToProxyConnection - (AWAITING_INITIAL) [id: 0x16fa54b8, /127.0.0.1:54150 => /127.0.1.1:45224]: Wrote: DefaultHttpResponse(decodeResult: success, version: HTTP/1.1)
HTTP/1.1 200 OK
Accept-Ranges: bytes
Date: Tue, 08 Sep 2015 10:39:50 GMT
Cache-Control: public, max-age=0
Last-Modified: Thu, 09 Oct 2014 19:57:34 GMT
ETag: W/"THKbSj+hkZwWUNHnkgOy7A=="
Content-Type: application/javascript
Content-Length: 3146
Via: 1.1 localhost.localdomain
11:39:50.917 [LittleProxy-ProxyToServerWorker-3] DEBUG o.l.p.impl.ClientToProxyConnection - (AWAITING_INITIAL) [id: 0x16fa54b8, /127.0.0.1:54150 => /127.0.1.1:45224]: Not closing server connection on middle chunk for /bower_components/angular-bootstrap-show-errors/src/showErrors.js
11:39:50.917 [LittleProxy-ProxyToServerWorker-3] DEBUG o.l.p.impl.ClientToProxyConnection - (AWAITING_INITIAL) [id: 0x16fa54b8, /127.0.0.1:54150 => /127.0.1.1:45224]: Not closing client connection on middle chunk for /bower_components/angular-bootstrap-show-errors/src/showErrors.js
11:39:50.922 [LittleProxy-ProxyToServerWorker-2] DEBUG o.l.p.impl.ProxyToServerConnection - (AWAITING_CHUNK) [id: 0x9953b61f, /127.0.0.1:35274 => localhost/127.0.0.1:9000]: Reading: DefaultHttpContent(data: SlicedByteBuf(ridx: 0, widx: 16384, cap: 16384/16384, unwrapped: UnpooledUnsafeDirectByteBuf(ridx: 65536, widx: 65536, cap: 65536)), decoderResult: success)
11:39:50.922 [LittleProxy-ProxyToServerWorker-2] DEBUG o.l.p.impl.ClientToProxyConnection - (AWAITING_INITIAL) [id: 0xe726451f, /127.0.0.1:54145 => /127.0.1.1:45224]: Retaining reference counted message
11:39:50.922 [LittleProxy-ProxyToServerWorker-2] DEBUG o.l.p.impl.ClientToProxyConnection - (AWAITING_INITIAL) [id: 0xe726451f, /127.0.0.1:54145 => /127.0.1.1:45224]: Writing: DefaultHttpContent(data: SlicedByteBuf(ridx: 0, widx: 16384, cap: 16384/16384, unwrapped: UnpooledUnsafeDirectByteBuf(ridx: 65536, widx: 65536, cap: 65536)), decoderResult: success)
11:39:50.922 [LittleProxy-ProxyToServerWorker-2] DEBUG o.l.p.impl.ClientToProxyConnection - (AWAITING_INITIAL) [id: 0xe726451f, /127.0.0.1:54145 => /127.0.1.1:45224]: Wrote: DefaultHttpContent(data: SlicedByteBuf(ridx: 0, widx: 16384, cap: 16384/16384, unwrapped: UnpooledUnsafeDirectByteBuf(ridx: 65536, widx: 65536, cap: 65536)), decoderResult: success)
11:39:50.922 [LittleProxy-ProxyToServerWorker-2] DEBUG o.l.p.impl.ClientToProxyConnection - (AWAITING_INITIAL) [id: 0xe726451f, /127.0.0.1:54145 => /127.0.1.1:45224]: Not closing server connection on middle chunk for /bower_components/jquery-ui/jquery-ui.js
11:39:50.922 [LittleProxy-ProxyToServerWorker-2] DEBUG o.l.p.impl.ClientToProxyConnection - (AWAITING_INITIAL) [id: 0xe726451f, /127.0.0.1:54145 => /127.0.1.1:45224]: Not closing client connection on middle chunk for /bower_components/jquery-ui/jquery-ui.js
11:39:50.922 [LittleProxy-ProxyToServerWorker-2] DEBUG o.l.p.impl.ProxyToServerConnection - (AWAITING_CHUNK) [id: 0x9953b61f, /127.0.0.1:35274 => localhost/127.0.0.1:9000]: Reading: DefaultHttpContent(data: SlicedByteBuf(ridx: 0, widx: 16384, cap: 16384/16384, unwrapped: UnpooledUnsafeDirectByteBuf(ridx: 65536, widx: 65536, cap: 65536)), decoderResult: success)
11:39:50.922 [LittleProxy-ProxyToServerWorker-2] DEBUG o.l.p.impl.ClientToProxyConnection - (AWAITING_INITIAL) [id: 0xe726451f, /127.0.0.1:54145 => /127.0.1.1:45224]: Retaining reference counted message
11:39:50.923 [LittleProxy-ProxyToServerWorker-2] DEBUG o.l.p.impl.ClientToProxyConnection - (AWAITING_INITIAL) [id: 0xe726451f, /127.0.0.1:54145 => /127.0.1.1:45224]: Writing: DefaultHttpContent(data: SlicedByteBuf(ridx: 0, widx: 16384, cap: 16384/16384, unwrapped: UnpooledUnsafeDirectByteBuf(ridx: 65536, widx: 65536, cap: 65536)), decoderResult: success)
11:39:50.923 [LittleProxy-ProxyToServerWorker-2] DEBUG o.l.p.impl.ClientToProxyConnection - (AWAITING_INITIAL) [id: 0xe726451f, /127.0.0.1:54145 => /127.0.1.1:45224]: Wrote: DefaultHttpContent(data: SlicedByteBuf(ridx: 0, widx: 16384, cap: 16384/16384, unwrapped: UnpooledUnsafeDirectByteBuf(ridx: 65536, widx: 65536, cap: 65536)), decoderResult: success)
11:39:50.923 [LittleProxy-ProxyToServerWorker-2] DEBUG o.l.p.impl.ClientToProxyConnection - (AWAITING_INITIAL) [id: 0xe726451f, /127.0.0.1:54145 => /127.0.1.1:45224]: Not closing server connection on middle chunk for /bower_components/jquery-ui/jquery-ui.js
11:39:50.923 [LittleProxy-ProxyToServerWorker-2] DEBUG o.l.p.impl.ClientToProxyConnection - (AWAITING_INITIAL) [id: 0xe726451f, /127.0.0.1:54145 => /127.0.1.1:45224]: Not closing client connection on middle chunk for /bower_components/jquery-ui/jquery-ui.js
11:39:50.923 [LittleProxy-ProxyToServerWorker-2] DEBUG o.l.p.impl.ProxyToServerConnection - (AWAITING_CHUNK) [id: 0x9953b61f, /127.0.0.1:35274 => localhost/127.0.0.1:9000]: Reading: DefaultHttpContent(data: SlicedByteBuf(ridx: 0, widx: 16384, cap: 16384/16384, unwrapped: UnpooledUnsafeDirectByteBuf(ridx: 65536, widx: 65536, cap: 65536)), decoderResult: success)
11:39:50.923 [LittleProxy-ProxyToServerWorker-2] DEBUG o.l.p.impl.ClientToProxyConnection - (AWAITING_INITIAL) [id: 0xe726451f, /127.0.0.1:54145 => /127.0.1.1:45224]: Retaining reference counted message
11:39:50.923 [LittleProxy-ProxyToServerWorker-2] DEBUG o.l.p.impl.ClientToProxyConnection - (AWAITING_INITIAL) [id: 0xe726451f, /127.0.0.1:54145 => /127.0.1.1:45224]: Writing: DefaultHttpContent(data: SlicedByteBuf(ridx: 0, widx: 16384, cap: 16384/16384, unwrapped: UnpooledUnsafeDirectByteBuf(ridx: 65536, widx: 65536, cap: 65536)), decoderResult: success)
11:39:50.923 [LittleProxy-ProxyToServerWorker-2] DEBUG o.l.p.impl.ClientToProxyConnection - (AWAITING_INITIAL) [id: 0xe726451f, /127.0.0.1:54145 => /127.0.1.1:45224]: Wrote: DefaultHttpContent(data: SlicedByteBuf(ridx: 0, widx: 16384, cap: 16384/16384, unwrapped: UnpooledUnsafeDirectByteBuf(ridx: 65536, widx: 65536, cap: 65536)), decoderResult: success)
11:39:50.923 [LittleProxy-ProxyToServerWorker-2] DEBUG o.l.p.impl.ClientToProxyConnection - (AWAITING_INITIAL) [id: 0xe726451f, /127.0.0.1:54145 => /127.0.1.1:45224]: Not closing server connection on middle chunk for /bower_components/jquery-ui/jquery-ui.js
11:39:50.923 [LittleProxy-ProxyToServerWorker-2] DEBUG o.l.p.impl.ClientToProxyConnection - (AWAITING_INITIAL) [id: 0xe726451f, /127.0.0.1:54145 => /127.0.1.1:45224]: Not closing client connection on middle chunk for /bower_components/jquery-ui/jquery-ui.js
11:39:50.923 [LittleProxy-ProxyToServerWorker-2] DEBUG o.l.p.impl.ProxyToServerConnection - (AWAITING_CHUNK) [id: 0x9953b61f, /127.0.0.1:35274 => localhost/127.0.0.1:9000]: Reading: DefaultHttpContent(data: SlicedByteBuf(ridx: 0, widx: 16384, cap: 16384/16384, unwrapped: UnpooledUnsafeDirectByteBuf(ridx: 65536, widx: 65536, cap: 65536)), decoderResult: success)
11:39:50.923 [LittleProxy-ProxyToServerWorker-2] DEBUG o.l.p.impl.ClientToProxyConnection - (AWAITING_INITIAL) [id: 0xe726451f, /127.0.0.1:54145 => /127.0.1.1:45224]: Retaining reference counted message
11:39:50.923 [LittleProxy-ProxyToServerWorker-2] DEBUG o.l.p.impl.ClientToProxyConnection - (AWAITING_INITIAL) [id: 0xe726451f, /127.0.0.1:54145 => /127.0.1.1:45224]: Writing: DefaultHttpContent(data: SlicedByteBuf(ridx: 0, widx: 16384, cap: 16384/16384, unwrapped: UnpooledUnsafeDirectByteBuf(ridx: 65536, widx: 65536, cap: 65536)), decoderResult: success)
11:39:50.923 [LittleProxy-ProxyToServerWorker-2] DEBUG o.l.p.impl.ClientToProxyConnection - (AWAITING_INITIAL) [id: 0xe726451f, /127.0.0.1:54145 => /127.0.1.1:45224]: Wrote: DefaultHttpContent(data: SlicedByteBuf(ridx: 0, widx: 16384, cap: 16384/16384, unwrapped: UnpooledUnsafeDirectByteBuf(ridx: 65536, widx: 65536, cap: 65536)), decoderResult: success)
11:39:50.923 [LittleProxy-ProxyToServerWorker-2] DEBUG o.l.p.impl.ClientToProxyConnection - (AWAITING_INITIAL) [id: 0xe726451f, /127.0.0.1:54145 => /127.0.1.1:45224]: Not closing server connection on middle chunk for /bower_components/jquery-ui/jquery-ui.js
11:39:50.923 [LittleProxy-ProxyToServerWorker-4] DEBUG o.l.p.impl.ProxyToServerConnection - (AWAITING_CHUNK) [id: 0xb51d3331, /127.0.0.1:35284 => localhost/127.0.0.1:9000]: Reading: DefaultHttpContent(data: SlicedByteBuf(ridx: 0, widx: 480, cap: 480/480, unwrapped: UnpooledUnsafeDirectByteBuf(ridx: 480, widx: 480, cap: 480)), decoderResult: success)
11:39:50.923 [LittleProxy-ProxyToServerWorker-2] DEBUG o.l.p.impl.ClientToProxyConnection - (AWAITING_INITIAL) [id: 0xe726451f, /127.0.0.1:54145 => /127.0.1.1:45224]: Not closing client connection on middle chunk for /bower_components/jquery-ui/jquery-ui.js
11:39:50.923 [LittleProxy-ProxyToServerWorker-4] DEBUG o.l.p.impl.ClientToProxyConnection - (AWAITING_INITIAL) [id: 0x1e5765f0, /127.0.0.1:54148 => /127.0.1.1:45224]: Retaining reference counted message
11:39:50.923 [LittleProxy-ProxyToServerWorker-4] DEBUG o.l.p.impl.ClientToProxyConnection - (AWAITING_INITIAL) [id: 0x1e5765f0, /127.0.0.1:54148 => /127.0.1.1:45224]: Writing: DefaultHttpContent(data: SlicedByteBuf(ridx: 0, widx: 480, cap: 480/480, unwrapped: UnpooledUnsafeDirectByteBuf(ridx: 480, widx: 480, cap: 480)), decoderResult: success)
11:39:50.923 [LittleProxy-ProxyToServerWorker-4] DEBUG o.l.p.impl.ClientToProxyConnection - (AWAITING_INITIAL) [id: 0x1e5765f0, /127.0.0.1:54148 => /127.0.1.1:45224]: Wrote: DefaultHttpContent(data: SlicedByteBuf(ridx: 0, widx: 480, cap: 480/480, unwrapped: UnpooledUnsafeDirectByteBuf(ridx: 480, widx: 480, cap: 480)), decoderResult: success)
11:39:50.923 [LittleProxy-ProxyToServerWorker-2] DEBUG o.l.p.impl.ProxyToServerConnection - (AWAITING_CHUNK) [id: 0x9953b61f, /127.0.0.1:35274 => localhost/127.0.0.1:9000]: Reading: DefaultHttpContent(data: SlicedByteBuf(ridx: 0, widx: 16384, cap: 16384/16384, unwrapped: UnpooledUnsafeDirectByteBuf(ridx: 65536, widx: 65536, cap: 65536)), decoderResult: success)
11:39:50.923 [LittleProxy-ProxyToServerWorker-4] DEBUG o.l.p.impl.ClientToProxyConnection - (AWAITING_INITIAL) [id: 0x1e5765f0, /127.0.0.1:54148 => /127.0.1.1:45224]: Not closing server connection on middle chunk for /bower_components/FileSaver/FileSaver.js
11:39:50.923 [LittleProxy-ProxyToServerWorker-2] DEBUG o.l.p.impl.ClientToProxyConnection - (AWAITING_INITIAL) [id: 0xe726451f, /127.0.0.1:54145 => /127.0.1.1:45224]: Retaining reference counted message
11:39:50.923 [LittleProxy-ProxyToServerWorker-4] DEBUG o.l.p.impl.ClientToProxyConnection - (AWAITING_INITIAL) [id: 0x1e5765f0, /127.0.0.1:54148 => /127.0.1.1:45224]: Not closing client connection on middle chunk for /bower_components/FileSaver/FileSaver.js
11:39:50.923 [LittleProxy-ProxyToServerWorker-2] DEBUG o.l.p.impl.ClientToProxyConnection - (AWAITING_INITIAL) [id: 0xe726451f, /127.0.0.1:54145 => /127.0.1.1:45224]: Writing: DefaultHttpContent(data: SlicedByteBuf(ridx: 0, widx: 16384, cap: 16384/16384, unwrapped: UnpooledUnsafeDirectByteBuf(ridx: 65536, widx: 65536, cap: 65536)), decoderResult: success)
11:39:50.923 [LittleProxy-ProxyToServerWorker-2] DEBUG o.l.p.impl.ClientToProxyConnection - (AWAITING_INITIAL) [id: 0xe726451f, /127.0.0.1:54145 => /127.0.1.1:45224]: Wrote: DefaultHttpContent(data: SlicedByteBuf(ridx: 0, widx: 16384, cap: 16384/16384, unwrapped: UnpooledUnsafeDirectByteBuf(ridx: 65536, widx: 65536, cap: 65536)), decoderResult: success)
11:39:50.923 [LittleProxy-ProxyToServerWorker-4] DEBUG o.l.p.impl.ProxyToServerConnection - (AWAITING_CHUNK) [id: 0xb51d3331, /127.0.0.1:35284 => localhost/127.0.0.1:9000]: Reading: DefaultHttpContent(data: SlicedByteBuf(ridx: 0, widx: 480, cap: 480/480, unwrapped: UnpooledUnsafeDirectByteBuf(ridx: 480, widx: 480, cap: 480)), decoderResult: success)
11:39:50.923 [LittleProxy-ProxyToServerWorker-2] DEBUG o.l.p.impl.ClientToProxyConnection - (AWAITING_INITIAL) [id: 0xe726451f, /127.0.0.1:54145 => /127.0.1.1:45224]: Not closing server connection on middle chunk for /bower_components/jquery-ui/jquery-ui.js
11:39:50.923 [LittleProxy-ProxyToServerWorker-4] DEBUG o.l.p.impl.ClientToProxyConnection - (AWAITING_INITIAL) [id: 0x1e5765f0, /127.0.0.1:54148 => /127.0.1.1:45224]: Retaining reference counted message
11:39:50.923 [LittleProxy-ProxyToServerWorker-2] DEBUG o.l.p.impl.ClientToProxyConnection - (AWAITING_INITIAL) [id: 0xe726451f, /127.0.0.1:54145 => /127.0.1.1:45224]: Not closing client connection on middle chunk for /bower_components/jquery-ui/jquery-ui.js
11:39:50.923 [LittleProxy-ProxyToServerWorker-4] DEBUG o.l.p.impl.ClientToProxyConnection - (AWAITING_INITIAL) [id: 0x1e5765f0, /127.0.0.1:54148 => /127.0.1.1:45224]: Writing: DefaultHttpContent(data: SlicedByteBuf(ridx: 0, widx: 480, cap: 480/480, unwrapped: UnpooledUnsafeDirectByteBuf(ridx: 480, widx: 480, cap: 480)), decoderResult: success)
11:39:50.923 [LittleProxy-ProxyToServerWorker-2] DEBUG o.l.p.impl.ProxyToServerConnection - (AWAITING_CHUNK) [id: 0x9953b61f, /127.0.0.1:35274 => localhost/127.0.0.1:9000]: Reading: DefaultHttpContent(data: SlicedByteBuf(ridx: 0, widx: 16384, cap: 16384/16384, unwrapped: UnpooledUnsafeDirectByteBuf(ridx: 65536, widx: 65536, cap: 65536)), decoderResult: success)
11:39:50.923 [LittleProxy-ProxyToServerWorker-4] DEBUG o.l.p.impl.ClientToProxyConnection - (AWAITING_INITIAL) [id: 0x1e5765f0, /127.0.0.1:54148 => /127.0.1.1:45224]: Wrote: DefaultHttpContent(data: SlicedByteBuf(ridx: 0, widx: 480, cap: 480/480, unwrapped: UnpooledUnsafeDirectByteBuf(ridx: 480, widx: 480, cap: 480)), decoderResult: success)
11:39:50.923 [LittleProxy-ProxyToServerWorker-4] DEBUG o.l.p.impl.ClientToProxyConnection - (AWAITING_INITIAL) [id: 0x1e5765f0, /127.0.0.1:54148 => /127.0.1.1:45224]: Not closing server connection on middle chunk for /bower_components/FileSaver/FileSaver.js
11:39:50.923 [LittleProxy-ProxyToServerWorker-4] DEBUG o.l.p.impl.ClientToProxyConnection - (AWAITING_INITIAL) [id: 0x1e5765f0, /127.0.0.1:54148 => /127.0.1.1:45224]: Not closing client connection on middle chunk for /bower_components/FileSaver/FileSaver.js
11:39:50.923 [LittleProxy-ProxyToServerWorker-2] DEBUG o.l.p.impl.ClientToProxyConnection - (AWAITING_INITIAL) [id: 0xe726451f, /127.0.0.1:54145 => /127.0.1.1:45224]: Retaining reference counted message
11:39:50.923 [LittleProxy-ProxyToServerWorker-2] DEBUG o.l.p.impl.ClientToProxyConnection - (AWAITING_INITIAL) [id: 0xe726451f, /127.0.0.1:54145 => /127.0.1.1:45224]: Writing: DefaultHttpContent(data: SlicedByteBuf(ridx: 0, widx: 16384, cap: 16384/16384, unwrapped: UnpooledUnsafeDirectByteBuf(ridx: 65536, widx: 65536, cap: 65536)), decoderResult: success)
11:39:50.923 [LittleProxy-ProxyToServerWorker-4] DEBUG o.l.p.impl.ProxyToServerConnection - (AWAITING_CHUNK) [id: 0xb51d3331, /127.0.0.1:35284 => localhost/127.0.0.1:9000]: Reading: DefaultHttpContent(data: SlicedByteBuf(ridx: 0, widx: 480, cap: 480/480, unwrapped: UnpooledUnsafeDirectByteBuf(ridx: 480, widx: 480, cap: 480)), decoderResult: success)
11:39:50.923 [LittleProxy-ProxyToServerWorker-2] DEBUG o.l.p.impl.ClientToProxyConnection - (AWAITING_INITIAL) [id: 0xe726451f, /127.0.0.1:54145 => /127.0.1.1:45224]: Wrote: DefaultHttpContent(data: SlicedByteBuf(ridx: 0, widx: 16384, cap: 16384/16384, unwrapped: UnpooledUnsafeDirectByteBuf(ridx: 65536, widx: 65536, cap: 65536)), decoderResult: success)
11:39:50.923 [LittleProxy-ProxyToServerWorker-4] DEBUG o.l.p.impl.ClientToProxyConnection - (AWAITING_INITIAL) [id: 0x1e5765f0, /127.0.0.1:54148 => /127.0.1.1:45224]: Retaining reference counted message
11:39:50.923 [LittleProxy-ProxyToServerWorker-2] DEBUG o.l.p.impl.ClientToProxyConnection - (AWAITING_INITIAL) [id: 0xe726451f, /127.0.0.1:54145 => /127.0.1.1:45224]: Not closing server connection on middle chunk for /bower_components/jquery-ui/jquery-ui.js
11:39:50.923 [LittleProxy-ProxyToServerWorker-2] DEBUG o.l.p.impl.ClientToProxyConnection - (AWAITING_INITIAL) [id: 0xe726451f, /127.0.0.1:54145 => /127.0.1.1:45224]: Not closing client connection on middle chunk for /bower_components/jquery-ui/jquery-ui.js
11:39:50.923 [LittleProxy-ProxyToServerWorker-4] DEBUG o.l.p.impl.ClientToProxyConnection - (AWAITING_INITIAL) [id: 0x1e5765f0, /127.0.0.1:54148 => /127.0.1.1:45224]: Writing: DefaultHttpContent(data: SlicedByteBuf(ridx: 0, widx: 480, cap: 480/480, unwrapped: UnpooledUnsafeDirectByteBuf(ridx: 480, widx: 480, cap: 480)), decoderResult: success)
11:39:50.923 [LittleProxy-ProxyToServerWorker-2] DEBUG o.l.p.impl.ProxyToServerConnection - (AWAITING_CHUNK) [id: 0x9953b61f, /127.0.0.1:35274 => localhost/127.0.0.1:9000]: Reading: DefaultHttpContent(data: SlicedByteBuf(ridx: 0, widx: 16384, cap: 16384/16384, unwrapped: UnpooledUnsafeDirectByteBuf(ridx: 65536, widx: 65536, cap: 65536)), decoderResult: success)
11:39:50.923 [LittleProxy-ProxyToServerWorker-4] DEBUG o.l.p.impl.ClientToProxyConnection - (AWAITING_INITIAL) [id: 0x1e5765f0, /127.0.0.1:54148 => /127.0.1.1:45224]: Wrote: DefaultHttpContent(data: SlicedByteBuf(ridx: 0, widx: 480, cap: 480/480, unwrapped: UnpooledUnsafeDirectByteBuf(ridx: 480, widx: 480, cap: 480)), decoderResult: success)
11:39:50.923 [LittleProxy-ProxyToServerWorker-2] DEBUG o.l.p.impl.ClientToProxyConnection - (AWAITING_INITIAL) [id: 0xe726451f, /127.0.0.1:54145 => /127.0.1.1:45224]: Retaining reference counted message
11:39:50.923 [LittleProxy-ProxyToServerWorker-4] DEBUG o.l.p.impl.ClientToProxyConnection - (AWAITING_INITIAL) [id: 0x1e5765f0, /127.0.0.1:54148 => /127.0.1.1:45224]: Not closing server connection on middle chunk for /bower_components/FileSaver/FileSaver.js
11:39:50.923 [LittleProxy-ProxyToServerWorker-2] DEBUG o.l.p.impl.ClientToProxyConnection - (AWAITING_INITIAL) [id: 0xe726451f, /127.0.0.1:54145 => /127.0.1.1:45224]: Writing: DefaultHttpContent(data: SlicedByteBuf(ridx: 0, widx: 16384, cap: 16384/16384, unwrapped: UnpooledUnsafeDirectByteBuf(ridx: 65536, widx: 65536, cap: 65536)), decoderResult: success)
11:39:50.923 [LittleProxy-ProxyToServerWorker-4] DEBUG o.l.p.impl.ClientToProxyConnection - (AWAITING_INITIAL) [id: 0x1e5765f0, /127.0.0.1:54148 => /127.0.1.1:45224]: Not closing client connection on middle chunk for /bower_components/FileSaver/FileSaver.js
11:39:50.923 [LittleProxy-ProxyToServerWorker-2] DEBUG o.l.p.impl.ClientToProxyConnection - (AWAITING_INITIAL) [id: 0xe726451f, /127.0.0.1:54145 => /127.0.1.1:45224]: Wrote: DefaultHttpContent(data: SlicedByteBuf(ridx: 0, widx: 16384, cap: 16384/16384, unwrapped: UnpooledUnsafeDirectByteBuf(ridx: 65536, widx: 65536, cap: 65536)), decoderResult: success)
11:39:50.923 [LittleProxy-ProxyToServerWorker-2] DEBUG o.l.p.impl.ClientToProxyConnection - (AWAITING_INITIAL) [id: 0xe726451f, /127.0.0.1:54145 => /127.0.1.1:45224]: Not closing server connection on middle chunk for /bower_components/jquery-ui/jquery-ui.js
11:39:50.924 [LittleProxy-ProxyToServerWorker-2] DEBUG o.l.p.impl.ClientToProxyConnection - (AWAITING_INITIAL) [id: 0xe726451f, /127.0.0.1:54145 => /127.0.1.1:45224]: Not closing client connection on middle chunk for /bower_components/jquery-ui/jquery-ui.js
11:39:50.924 [LittleProxy-ProxyToServerWorker-4] DEBUG o.l.p.impl.ProxyToServerConnection - (AWAITING_CHUNK) [id: 0xb51d3331, /127.0.0.1:35284 => localhost/127.0.0.1:9000]: Reading: DefaultHttpContent(data: SlicedByteBuf(ridx: 0, widx: 480, cap: 480/480, unwrapped: UnpooledUnsafeDirectByteBuf(ridx: 480, widx: 480, cap: 480)), decoderResult: success)
11:39:50.924 [LittleProxy-ProxyToServerWorker-2] DEBUG o.l.p.impl.ProxyToServerConnection - (AWAITING_CHUNK) [id: 0x9953b61f, /127.0.0.1:35274 => localhost/127.0.0.1:9000]: Reading: DefaultHttpContent(data: SlicedByteBuf(ridx: 0, widx: 16384, cap: 16384/16384, unwrapped: UnpooledUnsafeDirectByteBuf(ridx: 65536, widx: 65536, cap: 65536)), decoderResult: success)
11:39:50.924 [LittleProxy-ProxyToServerWorker-4] DEBUG o.l.p.impl.ClientToProxyConnection - (AWAITING_INITIAL) [id: 0x1e5765f0, /127.0.0.1:54148 => /127.0.1.1:45224]: Retaining reference counted message
11:39:50.924 [LittleProxy-ProxyToServerWorker-2] DEBUG o.l.p.impl.ClientToProxyConnection - (AWAITING_INITIAL) [id: 0xe726451f, /127.0.0.1:54145 => /127.0.1.1:45224]: Retaining reference counted message
11:39:50.924 [LittleProxy-ProxyToServerWorker-4] DEBUG o.l.p.impl.ClientToProxyConnection - (AWAITING_INITIAL) [id: 0x1e5765f0, /127.0.0.1:54148 => /127.0.1.1:45224]: Writing: DefaultHttpContent(data: SlicedByteBuf(ridx: 0, widx: 480, cap: 480/480, unwrapped: UnpooledUnsafeDirectByteBuf(ridx: 480, widx: 480, cap: 480)), decoderResult: success)
11:39:50.924 [LittleProxy-ProxyToServerWorker-2] DEBUG o.l.p.impl.ClientToProxyConnection - (AWAITING_INITIAL) [id: 0xe726451f, /127.0.0.1:54145 => /127.0.1.1:45224]: Writing: DefaultHttpContent(data: SlicedByteBuf(ridx: 0, widx: 16384, cap: 16384/16384, unwrapped: UnpooledUnsafeDirectByteBuf(ridx: 65536, widx: 65536, cap: 65536)), decoderResult: success)
11:39:50.924 [LittleProxy-ProxyToServerWorker-4] DEBUG o.l.p.impl.ClientToProxyConnection - (AWAITING_INITIAL) [id: 0x1e5765f0, /127.0.0.1:54148 => /127.0.1.1:45224]: Wrote: DefaultHttpContent(data: SlicedByteBuf(ridx: 0, widx: 480, cap: 480/480, unwrapped: UnpooledUnsafeDirectByteBuf(ridx: 480, widx: 480, cap: 480)), decoderResult: success)
11:39:50.924 [LittleProxy-ProxyToServerWorker-4] DEBUG o.l.p.impl.ClientToProxyConnection - (AWAITING_INITIAL) [id: 0x1e5765f0, /127.0.0.1:54148 => /127.0.1.1:45224]: Not closing server connection on middle chunk for /bower_components/FileSaver/FileSaver.js
11:39:50.924 [LittleProxy-ProxyToServerWorker-2] DEBUG o.l.p.impl.ClientToProxyConnection - (AWAITING_INITIAL) [id: 0xe726451f, /127.0.0.1:54145 => /127.0.1.1:45224]: Wrote: DefaultHttpContent(data: SlicedByteBuf(ridx: 0, widx: 16384, cap: 16384/16384, unwrapped: UnpooledUnsafeDirectByteBuf(ridx: 65536, widx: 65536, cap: 65536)), decoderResult: success)
11:39:50.924 [LittleProxy-ProxyToServerWorker-4] DEBUG o.l.p.impl.ClientToProxyConnection - (AWAITING_INITIAL) [id: 0x1e5765f0, /127.0.0.1:54148 => /127.0.1.1:45224]: Not closing client connection on middle chunk for /bower_components/FileSaver/FileSaver.js
11:39:50.924 [LittleProxy-ProxyToServerWorker-2] DEBUG o.l.p.impl.ClientToProxyConnection - (AWAITING_INITIAL) [id: 0xe726451f, /127.0.0.1:54145 => /127.0.1.1:45224]: Not closing server connection on middle chunk for /bower_components/jquery-ui/jquery-ui.js
11:39:50.924 [LittleProxy-ProxyToServerWorker-4] DEBUG o.l.p.impl.ProxyToServerConnection - (AWAITING_CHUNK) [id: 0xb51d3331, /127.0.0.1:35284 => localhost/127.0.0.1:9000]: Reading: DefaultHttpContent(data: SlicedByteBuf(ridx: 0, widx: 480, cap: 480/480, unwrapped: UnpooledUnsafeDirectByteBuf(ridx: 480, widx: 480, cap: 480)), decoderResult: success)
11:39:50.924 [LittleProxy-ProxyToServerWorker-2] DEBUG o.l.p.impl.ClientToProxyConnection - (AWAITING_INITIAL) [id: 0xe726451f, /127.0.0.1:54145 => /127.0.1.1:45224]: Not closing client connection on middle chunk for /bower_components/jquery-ui/jquery-ui.js
11:39:50.924 [LittleProxy-ProxyToServerWorker-4] DEBUG o.l.p.impl.ClientToProxyConnection - (AWAITING_INITIAL) [id: 0x1e5765f0, /127.0.0.1:54148 => /127.0.1.1:45224]: Retaining reference counted message
11:39:50.924 [LittleProxy-ProxyToServerWorker-4] DEBUG o.l.p.impl.ClientToProxyConnection - (AWAITING_INITIAL) [id: 0x1e5765f0, /127.0.0.1:54148 => /127.0.1.1:45224]: Writing: DefaultHttpContent(data: SlicedByteBuf(ridx: 0, widx: 480, cap: 480/480, unwrapped: UnpooledUnsafeDirectByteBuf(ridx: 480, widx: 480, cap: 480)), decoderResult: success)
11:39:50.924 [LittleProxy-ProxyToServerWorker-4] DEBUG o.l.p.impl.ClientToProxyConnection - (AWAITING_INITIAL) [id: 0x1e5765f0, /127.0.0.1:54148 => /127.0.1.1:45224]: Wrote: DefaultHttpContent(data: SlicedByteBuf(ridx: 0, widx: 480, cap: 480/480, unwrapped: UnpooledUnsafeDirectByteBuf(ridx: 480, widx: 480, cap: 480)), decoderResult: success)
11:39:50.924 [LittleProxy-ProxyToServerWorker-2] DEBUG o.l.p.impl.ProxyToServerConnection - (AWAITING_CHUNK) [id: 0x9953b61f, /127.0.0.1:35274 => localhost/127.0.0.1:9000]: Reading: DefaultHttpContent(data: SlicedByteBuf(ridx: 0, widx: 16384, cap: 16384/16384, unwrapped: UnpooledUnsafeDirectByteBuf(ridx: 65536, widx: 65536, cap: 65536)), decoderResult: success)
11:39:50.924 [LittleProxy-ProxyToServerWorker-4] DEBUG o.l.p.impl.ClientToProxyConnection - (AWAITING_INITIAL) [id: 0x1e5765f0, /127.0.0.1:54148 => /127.0.1.1:45224]: Not closing server connection on middle chunk for /bower_components/FileSaver/FileSaver.js
11:39:50.924 [LittleProxy-ProxyToServerWorker-2] DEBUG o.l.p.impl.ClientToProxyConnection - (AWAITING_INITIAL) [id: 0xe726451f, /127.0.0.1:54145 => /127.0.1.1:45224]: Retaining reference counted message
11:39:50.924 [LittleProxy-ProxyToServerWorker-4] DEBUG o.l.p.impl.ClientToProxyConnection - (AWAITING_INITIAL) [id: 0x1e5765f0, /127.0.0.1:54148 => /127.0.1.1:45224]: Not closing client connection on middle chunk for /bower_components/FileSaver/FileSaver.js
11:39:50.924 [LittleProxy-ProxyToServerWorker-2] DEBUG o.l.p.impl.ClientToProxyConnection - (AWAITING_INITIAL) [id: 0xe726451f, /127.0.0.1:54145 => /127.0.1.1:45224]: Writing: DefaultHttpContent(data: SlicedByteBuf(ridx: 0, widx: 16384, cap: 16384/16384, unwrapped: UnpooledUnsafeDirectByteBuf(ridx: 65536, widx: 65536, cap: 65536)), decoderResult: success)
11:39:50.924 [LittleProxy-ProxyToServerWorker-2] DEBUG o.l.p.impl.ClientToProxyConnection - (AWAITING_INITIAL) [id: 0xe726451f, /127.0.0.1:54145 => /127.0.1.1:45224]: Wrote: DefaultHttpContent(data: SlicedByteBuf(ridx: 0, widx: 16384, cap: 16384/16384, unwrapped: UnpooledUnsafeDirectByteBuf(ridx: 65536, widx: 65536, cap: 65536)), decoderResult: success)
11:39:50.924 [LittleProxy-ProxyToServerWorker-2] DEBUG o.l.p.impl.ClientToProxyConnection - (AWAITING_INITIAL) [id: 0xe726451f, /127.0.0.1:54145 => /127.0.1.1:45224]: Not closing server connection on middle chunk for /bower_components/jquery-ui/jquery-ui.js
11:39:50.924 [LittleProxy-ProxyToServerWorker-4] DEBUG o.l.p.impl.ProxyToServerConnection - (AWAITING_CHUNK) [id: 0xb51d3331, /127.0.0.1:35284 => localhost/127.0.0.1:9000]: Reading: DefaultHttpContent(data: SlicedByteBuf(ridx: 0, widx: 480, cap: 480/480, unwrapped: UnpooledUnsafeDirectByteBuf(ridx: 480, widx: 480, cap: 480)), decoderResult: success)
11:39:50.924 [LittleProxy-ProxyToServerWorker-2] DEBUG o.l.p.impl.ClientToProxyConnection - (AWAITING_INITIAL) [id: 0xe726451f, /127.0.0.1:54145 => /127.0.1.1:45224]: Not closing client connection on middle chunk for /bower_components/jquery-ui/jquery-ui.js
11:39:50.924 [LittleProxy-ProxyToServerWorker-4] DEBUG o.l.p.impl.ClientToProxyConnection - (AWAITING_INITIAL) [id: 0x1e5765f0, /127.0.0.1:54148 => /127.0.1.1:45224]: Retaining reference counted message
11:39:50.924 [LittleProxy-ProxyToServerWorker-2] DEBUG o.l.p.impl.ProxyToServerConnection - (AWAITING_CHUNK) [id: 0x9953b61f, /127.0.0.1:35274 => localhost/127.0.0.1:9000]: Reading: DefaultHttpContent(data: SlicedByteBuf(ridx: 0, widx: 16384, cap: 16384/16384, unwrapped: UnpooledUnsafeDirectByteBuf(ridx: 65536, widx: 65536, cap: 65536)), decoderResult: success)
11:39:50.924 [LittleProxy-ProxyToServerWorker-4] DEBUG o.l.p.impl.ClientToProxyConnection - (AWAITING_INITIAL) [id: 0x1e5765f0, /127.0.0.1:54148 => /127.0.1.1:45224]: Writing: DefaultHttpContent(data: SlicedByteBuf(ridx: 0, widx: 480, cap: 480/480, unwrapped: UnpooledUnsafeDirectByteBuf(ridx: 480, widx: 480, cap: 480)), decoderResult: success)
11:39:50.924 [LittleProxy-ProxyToServerWorker-2] DEBUG o.l.p.impl.ClientToProxyConnection - (AWAITING_INITIAL) [id: 0xe726451f, /127.0.0.1:54145 => /127.0.1.1:45224]: Retaining reference counted message
11:39:50.924 [LittleProxy-ProxyToServerWorker-4] DEBUG o.l.p.impl.ClientToProxyConnection - (AWAITING_INITIAL) [id: 0x1e5765f0, /127.0.0.1:54148 => /127.0.1.1:45224]: Wrote: DefaultHttpContent(data: SlicedByteBuf(ridx: 0, widx: 480, cap: 480/480, unwrapped: UnpooledUnsafeDirectByteBuf(ridx: 480, widx: 480, cap: 480)), decoderResult: success)
11:39:50.925 [LittleProxy-ProxyToServerWorker-2] DEBUG o.l.p.impl.ClientToProxyConnection - (AWAITING_INITIAL) [id: 0xe726451f, /127.0.0.1:54145 => /127.0.1.1:45224]: Writing: DefaultHttpContent(data: SlicedByteBuf(ridx: 0, widx: 16384, cap: 16384/16384, unwrapped: UnpooledUnsafeDirectByteBuf(ridx: 65536, widx: 65536, cap: 65536)), decoderResult: success)
11:39:50.925 [LittleProxy-ProxyToServerWorker-4] DEBUG o.l.p.impl.ClientToProxyConnection - (AWAITING_INITIAL) [id: 0x1e5765f0, /127.0.0.1:54148 => /127.0.1.1:45224]: Not closing server connection on middle chunk for /bower_components/FileSaver/FileSaver.js
11:39:50.925 [LittleProxy-ProxyToServerWorker-4] DEBUG o.l.p.impl.ClientToProxyConnection - (AWAITING_INITIAL) [id: 0x1e5765f0, /127.0.0.1:54148 => /127.0.1.1:45224]: Not closing client connection on middle chunk for /bower_components/FileSaver/FileSaver.js
11:39:50.925 [LittleProxy-ProxyToServerWorker-2] DEBUG o.l.p.impl.ClientToProxyConnection - (AWAITING_INITIAL) [id: 0xe726451f, /127.0.0.1:54145 => /127.0.1.1:45224]: Wrote: DefaultHttpContent(data: SlicedByteBuf(ridx: 0, widx: 16384, cap: 16384/16384, unwrapped: UnpooledUnsafeDirectByteBuf(ridx: 65536, widx: 65536, cap: 65536)), decoderResult: success)
11:39:50.925 [LittleProxy-ProxyToServerWorker-4] DEBUG o.l.p.impl.ProxyToServerConnection - (AWAITING_CHUNK) [id: 0xb51d3331, /127.0.0.1:35284 => localhost/127.0.0.1:9000]: Reading: DefaultHttpContent(data: SlicedByteBuf(ridx: 0, widx: 480, cap: 480/480, unwrapped: UnpooledUnsafeDirectByteBuf(ridx: 480, widx: 480, cap: 480)), decoderResult: success)
11:39:50.925 [LittleProxy-ProxyToServerWorker-2] DEBUG o.l.p.impl.ClientToProxyConnection - (AWAITING_INITIAL) [id: 0xe726451f, /127.0.0.1:54145 => /127.0.1.1:45224]: Not closing server connection on middle chunk for /bower_components/jquery-ui/jquery-ui.js
11:39:50.925 [LittleProxy-ProxyToServerWorker-4] DEBUG o.l.p.impl.ClientToProxyConnection - (AWAITING_INITIAL) [id: 0x1e5765f0, /127.0.0.1:54148 => /127.0.1.1:45224]: Retaining reference counted message
11:39:50.925 [LittleProxy-ProxyToServerWorker-2] DEBUG o.l.p.impl.ClientToProxyConnection - (AWAITING_INITIAL) [id: 0xe726451f, /127.0.0.1:54145 => /127.0.1.1:45224]: Not closing client connection on middle chunk for /bower_components/jquery-ui/jquery-ui.js
11:39:50.925 [LittleProxy-ProxyToServerWorker-4] DEBUG o.l.p.impl.ClientToProxyConnection - (AWAITING_INITIAL) [id: 0x1e5765f0, /127.0.0.1:54148 => /127.0.1.1:45224]: Writing: DefaultHttpContent(data: SlicedByteBuf(ridx: 0, widx: 480, cap: 480/480, unwrapped: UnpooledUnsafeDirectByteBuf(ridx: 480, widx: 480, cap: 480)), decoderResult: success)
11:39:50.925 [LittleProxy-ProxyToServerWorker-2] DEBUG o.l.p.impl.ProxyToServerConnection - (AWAITING_CHUNK) [id: 0x9953b61f, /127.0.0.1:35274 => localhost/127.0.0.1:9000]: Reading: DefaultHttpContent(data: SlicedByteBuf(ridx: 0, widx: 16384, cap: 16384/16384, unwrapped: UnpooledUnsafeDirectByteBuf(ridx: 65536, widx: 65536, cap: 65536)), decoderResult: success)
11:39:50.925 [LittleProxy-ProxyToServerWorker-4] DEBUG o.l.p.impl.ClientToProxyConnection - (AWAITING_INITIAL) [id: 0x1e5765f0, /127.0.0.1:54148 => /127.0.1.1:45224]: Wrote: DefaultHttpContent(data: SlicedByteBuf(ridx: 0, widx: 480, cap: 480/480, unwrapped: UnpooledUnsafeDirectByteBuf(ridx: 480, widx: 480, cap: 480)), decoderResult: success)
11:39:50.925 [LittleProxy-ProxyToServerWorker-2] DEBUG o.l.p.impl.ClientToProxyConnection - (AWAITING_INITIAL) [id: 0xe726451f, /127.0.0.1:54145 => /127.0.1.1:45224]: Retaining reference counted message
11:39:50.925 [LittleProxy-ProxyToServerWorker-4] DEBUG o.l.p.impl.ClientToProxyConnection - (AWAITING_INITIAL) [id: 0x1e5765f0, /127.0.0.1:54148 => /127.0.1.1:45224]: Not closing server connection on middle chunk for /bower_components/FileSaver/FileSaver.js
11:39:50.925 [LittleProxy-ProxyToServerWorker-2] DEBUG o.l.p.impl.ClientToProxyConnection - (AWAITING_INITIAL) [id: 0xe726451f, /127.0.0.1:54145 => /127.0.1.1:45224]: Writing: DefaultHttpContent(data: SlicedByteBuf(ridx: 0, widx: 16384, cap: 16384/16384, unwrapped: UnpooledUnsafeDirectByteBuf(ridx: 65536, widx: 65536, cap: 65536)), decoderResult: success)
11:39:50.925 [LittleProxy-ProxyToServerWorker-4] DEBUG o.l.p.impl.ClientToProxyConnection - (AWAITING_INITIAL) [id: 0x1e5765f0, /127.0.0.1:54148 => /127.0.1.1:45224]: Not closing client connection on middle chunk for /bower_components/FileSaver/FileSaver.js
11:39:50.925 [LittleProxy-ProxyToServerWorker-2] DEBUG o.l.p.impl.ClientToProxyConnection - (AWAITING_INITIAL) [id: 0xe726451f, /127.0.0.1:54145 => /127.0.1.1:45224]: Wrote: DefaultHttpContent(data: SlicedByteBuf(ridx: 0, widx: 16384, cap: 16384/16384, unwrapped: UnpooledUnsafeDirectByteBuf(ridx: 65536, widx: 65536, cap: 65536)), decoderResult: success)
11:39:50.925 [LittleProxy-ProxyToServerWorker-2] DEBUG o.l.p.impl.ClientToProxyConnection - (AWAITING_INITIAL) [id: 0xe726451f, /127.0.0.1:54145 => /127.0.1.1:45224]: Not closing server connection on middle chunk for /bower_components/jquery-ui/jquery-ui.js
11:39:50.925 [LittleProxy-ProxyToServerWorker-2] DEBUG o.l.p.impl.ClientToProxyConnection - (AWAITING_INITIAL) [id: 0xe726451f, /127.0.0.1:54145 => /127.0.1.1:45224]: Not closing client connection on middle chunk for /bower_components/jquery-ui/jquery-ui.js
11:39:50.925 [LittleProxy-ProxyToServerWorker-4] DEBUG o.l.p.impl.ProxyToServerConnection - (AWAITING_CHUNK) [id: 0xb51d3331, /127.0.0.1:35284 => localhost/127.0.0.1:9000]: Reading: DefaultHttpContent(data: SlicedByteBuf(ridx: 0, widx: 480, cap: 480/480, unwrapped: UnpooledUnsafeDirectByteBuf(ridx: 480, widx: 480, cap: 480)), decoderResult: success)
11:39:50.925 [LittleProxy-ProxyToServerWorker-2] DEBUG o.l.p.impl.ProxyToServerConnection - (AWAITING_CHUNK) [id: 0x9953b61f, /127.0.0.1:35274 => localhost/127.0.0.1:9000]: Reading: DefaultHttpContent(data: SlicedByteBuf(ridx: 0, widx: 16384, cap: 16384/16384, unwrapped: UnpooledUnsafeDirectByteBuf(ridx: 65536, widx: 65536, cap: 65536)), decoderResult: success)
11:39:50.925 [LittleProxy-ProxyToServerWorker-4] DEBUG o.l.p.impl.ClientToProxyConnection - (AWAITING_INITIAL) [id: 0x1e5765f0, /127.0.0.1:54148 => /127.0.1.1:45224]: Retaining reference counted message
11:39:50.925 [LittleProxy-ProxyToServerWorker-2] DEBUG o.l.p.impl.ClientToProxyConnection - (AWAITING_INITIAL) [id: 0xe726451f, /127.0.0.1:54145 => /127.0.1.1:45224]: Retaining reference counted message
11:39:50.925 [LittleProxy-ProxyToServerWorker-4] DEBUG o.l.p.impl.ClientToProxyConnection - (AWAITING_INITIAL) [id: 0x1e5765f0, /127.0.0.1:54148 => /127.0.1.1:45224]: Writing: DefaultHttpContent(data: SlicedByteBuf(ridx: 0, widx: 480, cap: 480/480, unwrapped: UnpooledUnsafeDirectByteBuf(ridx: 480, widx: 480, cap: 480)), decoderResult: success)
11:39:50.925 [LittleProxy-ProxyToServerWorker-2] DEBUG o.l.p.impl.ClientToProxyConnection - (AWAITING_INITIAL) [id: 0xe726451f, /127.0.0.1:54145 => /127.0.1.1:45224]: Writing: DefaultHttpContent(data: SlicedByteBuf(ridx: 0, widx: 16384, cap: 16384/16384, unwrapped: UnpooledUnsafeDirectByteBuf(ridx: 65536, widx: 65536, cap: 65536)), decoderResult: success)
11:39:50.925 [LittleProxy-ProxyToServerWorker-4] DEBUG o.l.p.impl.ClientToProxyConnection - (AWAITING_INITIAL) [id: 0x1e5765f0, /127.0.0.1:54148 => /127.0.1.1:45224]: Wrote: DefaultHttpContent(data: SlicedByteBuf(ridx: 0, widx: 480, cap: 480/480, unwrapped: UnpooledUnsafeDirectByteBuf(ridx: 480, widx: 480, cap: 480)), decoderResult: success)
11:39:50.925 [LittleProxy-ProxyToServerWorker-2] DEBUG o.l.p.impl.ClientToProxyConnection - (AWAITING_INITIAL) [id: 0xe726451f, /127.0.0.1:54145 => /127.0.1.1:45224]: Wrote: DefaultHttpContent(data: SlicedByteBuf(ridx: 0, widx: 16384, cap: 16384/16384, unwrapped: UnpooledUnsafeDirectByteBuf(ridx: 65536, widx: 65536, cap: 65536)), decoderResult: success)
11:39:50.925 [LittleProxy-ProxyToServerWorker-4] DEBUG o.l.p.impl.ClientToProxyConnection - (AWAITING_INITIAL) [id: 0x1e5765f0, /127.0.0.1:54148 => /127.0.1.1:45224]: Not closing server connection on middle chunk for /bower_components/FileSaver/FileSaver.js
11:39:50.925 [LittleProxy-ProxyToServerWorker-2] DEBUG o.l.p.impl.ClientToProxyConnection - (AWAITING_INITIAL) [id: 0xe726451f, /127.0.0.1:54145 => /127.0.1.1:45224]: Not closing server connection on middle chunk for /bower_components/jquery-ui/jquery-ui.js
11:39:50.925 [LittleProxy-ProxyToServerWorker-4] DEBUG o.l.p.impl.ClientToProxyConnection - (AWAITING_INITIAL) [id: 0x1e5765f0, /127.0.0.1:54148 => /127.0.1.1:45224]: Not closing client connection on middle chunk for /bower_components/FileSaver/FileSaver.js
11:39:50.925 [LittleProxy-ProxyToServerWorker-2] DEBUG o.l.p.impl.ClientToProxyConnection - (AWAITING_INITIAL) [id: 0xe726451f, /127.0.0.1:54145 => /127.0.1.1:45224]: Not closing client connection on middle chunk for /bower_components/jquery-ui/jquery-ui.js
11:39:50.925 [LittleProxy-ProxyToServerWorker-4] DEBUG o.l.p.impl.ProxyToServerConnection - (AWAITING_CHUNK) [id: 0xb51d3331, /127.0.0.1:35284 => localhost/127.0.0.1:9000]: Reading: DefaultHttpContent(data: SlicedByteBuf(ridx: 0, widx: 480, cap: 480/480, unwrapped: UnpooledUnsafeDirectByteBuf(ridx: 480, widx: 480, cap: 480)), decoderResult: success)
11:39:50.925 [LittleProxy-ProxyToServerWorker-4] DEBUG o.l.p.impl.ClientToProxyConnection - (AWAITING_INITIAL) [id: 0x1e5765f0, /127.0.0.1:54148 => /127.0.1.1:45224]: Retaining reference counted message
11:39:50.925 [LittleProxy-ProxyToServerWorker-4] DEBUG o.l.p.impl.ClientToProxyConnection - (AWAITING_INITIAL) [id: 0x1e5765f0, /127.0.0.1:54148 => /127.0.1.1:45224]: Writing: DefaultHttpContent(data: SlicedByteBuf(ridx: 0, widx: 480, cap: 480/480, unwrapped: UnpooledUnsafeDirectByteBuf(ridx: 480, widx: 480, cap: 480)), decoderResult: success)
11:39:50.925 [LittleProxy-ProxyToServerWorker-2] DEBUG o.l.p.impl.ProxyToServerConnection - (AWAITING_CHUNK) [id: 0x9953b61f, /127.0.0.1:35274 => localhost/127.0.0.1:9000]: Reading: DefaultHttpContent(data: SlicedByteBuf(ridx: 0, widx: 16384, cap: 16384/16384, unwrapped: UnpooledUnsafeDirectByteBuf(ridx: 65536, widx: 65536, cap: 65536)), decoderResult: success)
11:39:50.925 [LittleProxy-ProxyToServerWorker-4] DEBUG o.l.p.impl.ClientToProxyConnection - (AWAITING_INITIAL) [id: 0x1e5765f0, /127.0.0.1:54148 => /127.0.1.1:45224]: Wrote: DefaultHttpContent(data: SlicedByteBuf(ridx: 0, widx: 480, cap: 480/480, unwrapped: UnpooledUnsafeDirectByteBuf(ridx: 480, widx: 480, cap: 480)), decoderResult: success)
11:39:50.925 [LittleProxy-ProxyToServerWorker-2] DEBUG o.l.p.impl.ClientToProxyConnection - (AWAITING_INITIAL) [id: 0xe726451f, /127.0.0.1:54145 => /127.0.1.1:45224]: Retaining reference counted message
11:39:50.926 [LittleProxy-ProxyToServerWorker-4] DEBUG o.l.p.impl.ClientToProxyConnection - (AWAITING_INITIAL) [id: 0x1e5765f0, /127.0.0.1:54148 => /127.0.1.1:45224]: Not closing server connection on middle chunk for /bower_components/FileSaver/FileSaver.js
11:39:50.926 [LittleProxy-ProxyToServerWorker-2] DEBUG o.l.p.impl.ClientToProxyConnection - (AWAITING_INITIAL) [id: 0xe726451f, /127.0.0.1:54145 => /127.0.1.1:45224]: Writing: DefaultHttpContent(data: SlicedByteBuf(ridx: 0, widx: 16384, cap: 16384/16384, unwrapped: UnpooledUnsafeDirectByteBuf(ridx: 65536, widx: 65536, cap: 65536)), decoderResult: success)
11:39:50.926 [LittleProxy-ProxyToServerWorker-4] DEBUG o.l.p.impl.ClientToProxyConnection - (AWAITING_INITIAL) [id: 0x1e5765f0, /127.0.0.1:54148 => /127.0.1.1:45224]: Not closing client connection on middle chunk for /bower_components/FileSaver/FileSaver.js
11:39:50.926 [LittleProxy-ProxyToServerWorker-2] DEBUG o.l.p.impl.ClientToProxyConnection - (AWAITING_INITIAL) [id: 0xe726451f, /127.0.0.1:54145 => /127.0.1.1:45224]: Wrote: DefaultHttpContent(data: SlicedByteBuf(ridx: 0, widx: 16384, cap: 16384/16384, unwrapped: UnpooledUnsafeDirectByteBuf(ridx: 65536, widx: 65536, cap: 65536)), decoderResult: success)
11:39:50.926 [LittleProxy-ProxyToServerWorker-2] DEBUG o.l.p.impl.ClientToProxyConnection - (AWAITING_INITIAL) [id: 0xe726451f, /127.0.0.1:54145 => /127.0.1.1:45224]: Not closing server connection on middle chunk for /bower_components/jquery-ui/jquery-ui.js
11:39:50.926 [LittleProxy-ProxyToServerWorker-2] DEBUG o.l.p.impl.ClientToProxyConnection - (AWAITING_INITIAL) [id: 0xe726451f, /127.0.0.1:54145 => /127.0.1.1:45224]: Not closing client connection on middle chunk for /bower_components/jquery-ui/jquery-ui.js
11:39:50.926 [LittleProxy-ProxyToServerWorker-4] DEBUG o.l.p.impl.ProxyToServerConnection - (AWAITING_CHUNK) [id: 0xb51d3331, /127.0.0.1:35284 => localhost/127.0.0.1:9000]: Reading: DefaultHttpContent(data: SlicedByteBuf(ridx: 0, widx: 480, cap: 480/480, unwrapped: UnpooledUnsafeDirectByteBuf(ridx: 480, widx: 480, cap: 480)), decoderResult: success)
11:39:50.926 [LittleProxy-ProxyToServerWorker-2] DEBUG o.l.p.impl.ProxyToServerConnection - (AWAITING_CHUNK) [id: 0x9953b61f, /127.0.0.1:35274 => localhost/127.0.0.1:9000]: Reading: DefaultHttpContent(data: SlicedByteBuf(ridx: 0, widx: 16384, cap: 16384/16384, unwrapped: UnpooledUnsafeDirectByteBuf(ridx: 65536, widx: 65536, cap: 65536)), decoderResult: success)
11:39:50.926 [LittleProxy-ProxyToServerWorker-4] DEBUG o.l.p.impl.ClientToProxyConnection - (AWAITING_INITIAL) [id: 0x1e5765f0, /127.0.0.1:54148 => /127.0.1.1:45224]: Retaining reference counted message
11:39:50.926 [LittleProxy-ProxyToServerWorker-2] DEBUG o.l.p.impl.ClientToProxyConnection - (AWAITING_INITIAL) [id: 0xe726451f, /127.0.0.1:54145 => /127.0.1.1:45224]: Retaining reference counted message
11:39:50.926 [LittleProxy-ProxyToServerWorker-4] DEBUG o.l.p.impl.ClientToProxyConnection - (AWAITING_INITIAL) [id: 0x1e5765f0, /127.0.0.1:54148 => /127.0.1.1:45224]: Writing: DefaultHttpContent(data: SlicedByteBuf(ridx: 0, widx: 480, cap: 480/480, unwrapped: UnpooledUnsafeDirectByteBuf(ridx: 480, widx: 480, cap: 480)), decoderResult: success)
11:39:50.926 [LittleProxy-ProxyToServerWorker-2] DEBUG o.l.p.impl.ClientToProxyConnection - (AWAITING_INITIAL) [id: 0xe726451f, /127.0.0.1:54145 => /127.0.1.1:45224]: Writing: DefaultHttpContent(data: SlicedByteBuf(ridx: 0, widx: 16384, cap: 16384/16384, unwrapped: UnpooledUnsafeDirectByteBuf(ridx: 65536, widx: 65536, cap: 65536)), decoderResult: success)
11:39:50.926 [LittleProxy-ProxyToServerWorker-4] DEBUG o.l.p.impl.ClientToProxyConnection - (AWAITING_INITIAL) [id: 0x1e5765f0, /127.0.0.1:54148 => /127.0.1.1:45224]: Wrote: DefaultHttpContent(data: SlicedByteBuf(ridx: 0, widx: 480, cap: 480/480, unwrapped: UnpooledUnsafeDirectByteBuf(ridx: 480, widx: 480, cap: 480)), decoderResult: success)
11:39:50.926 [LittleProxy-ProxyToServerWorker-2] DEBUG o.l.p.impl.ClientToProxyConnection - (AWAITING_INITIAL) [id: 0xe726451f, /127.0.0.1:54145 => /127.0.1.1:45224]: Wrote: DefaultHttpContent(data: SlicedByteBuf(ridx: 0, widx: 16384, cap: 16384/16384, unwrapped: UnpooledUnsafeDirectByteBuf(ridx: 65536, widx: 65536, cap: 65536)), decoderResult: success)
11:39:50.926 [LittleProxy-ProxyToServerWorker-4] DEBUG o.l.p.impl.ClientToProxyConnection - (AWAITING_INITIAL) [id: 0x1e5765f0, /127.0.0.1:54148 => /127.0.1.1:45224]: Not closing server connection on middle chunk for /bower_components/FileSaver/FileSaver.js
11:39:50.926 [LittleProxy-ProxyToServerWorker-2] DEBUG o.l.p.impl.ClientToProxyConnection - (AWAITING_INITIAL) [id: 0xe726451f, /127.0.0.1:54145 => /127.0.1.1:45224]: Not closing server connection on middle chunk for /bower_components/jquery-ui/jquery-ui.js
11:39:50.926 [LittleProxy-ProxyToServerWorker-4] DEBUG o.l.p.impl.ClientToProxyConnection - (AWAITING_INITIAL) [id: 0x1e5765f0, /127.0.0.1:54148 => /127.0.1.1:45224]: Not closing client connection on middle chunk for /bower_components/FileSaver/FileSaver.js
11:39:50.926 [LittleProxy-ProxyToServerWorker-2] DEBUG o.l.p.impl.ClientToProxyConnection - (AWAITING_INITIAL) [id: 0xe726451f, /127.0.0.1:54145 => /127.0.1.1:45224]: Not closing client connection on middle chunk for /bower_components/jquery-ui/jquery-ui.js
11:39:50.926 [LittleProxy-ProxyToServerWorker-2] DEBUG o.l.p.impl.ProxyToServerConnection - (AWAITING_CHUNK) [id: 0x9953b61f, /127.0.0.1:35274 => localhost/127.0.0.1:9000]: Reading: DefaultHttpContent(data: SlicedByteBuf(ridx: 0, widx: 16384, cap: 16384/16384, unwrapped: UnpooledUnsafeDirectByteBuf(ridx: 65536, widx: 65536, cap: 65536)), decoderResult: success)
11:39:50.926 [LittleProxy-ProxyToServerWorker-4] DEBUG o.l.p.impl.ProxyToServerConnection - (AWAITING_CHUNK) [id: 0xb51d3331, /127.0.0.1:35284 => localhost/127.0.0.1:9000]: Reading: DefaultHttpContent(data: SlicedByteBuf(ridx: 0, widx: 480, cap: 480/480, unwrapped: UnpooledUnsafeDirectByteBuf(ridx: 480, widx: 480, cap: 480)), decoderResult: success)
11:39:50.926 [LittleProxy-ProxyToServerWorker-2] DEBUG o.l.p.impl.ClientToProxyConnection - (AWAITING_INITIAL) [id: 0xe726451f, /127.0.0.1:54145 => /127.0.1.1:45224]: Retaining reference counted message
11:39:50.926 [LittleProxy-ProxyToServerWorker-4] DEBUG o.l.p.impl.ClientToProxyConnection - (AWAITING_INITIAL) [id: 0x1e5765f0, /127.0.0.1:54148 => /127.0.1.1:45224]: Retaining reference counted message
11:39:50.926 [LittleProxy-ProxyToServerWorker-2] DEBUG o.l.p.impl.ClientToProxyConnection - (AWAITING_INITIAL) [id: 0xe726451f, /127.0.0.1:54145 => /127.0.1.1:45224]: Writing: DefaultHttpContent(data: SlicedByteBuf(ridx: 0, widx: 16384, cap: 16384/16384, unwrapped: UnpooledUnsafeDirectByteBuf(ridx: 65536, widx: 65536, cap: 65536)), decoderResult: success)
11:39:50.926 [LittleProxy-ProxyToServerWorker-4] DEBUG o.l.p.impl.ClientToProxyConnection - (AWAITING_INITIAL) [id: 0x1e5765f0, /127.0.0.1:54148 => /127.0.1.1:45224]: Writing: DefaultHttpContent(data: SlicedByteBuf(ridx: 0, widx: 480, cap: 480/480, unwrapped: UnpooledUnsafeDirectByteBuf(ridx: 480, widx: 480, cap: 480)), decoderResult: success)
11:39:50.926 [LittleProxy-ProxyToServerWorker-2] DEBUG o.l.p.impl.ClientToProxyConnection - (AWAITING_INITIAL) [id: 0xe726451f, /127.0.0.1:54145 => /127.0.1.1:45224]: Wrote: DefaultHttpContent(data: SlicedByteBuf(ridx: 0, widx: 16384, cap: 16384/16384, unwrapped: UnpooledUnsafeDirectByteBuf(ridx: 65536, widx: 65536, cap: 65536)), decoderResult: success)
11:39:50.926 [LittleProxy-ProxyToServerWorker-4] DEBUG o.l.p.impl.ClientToProxyConnection - (AWAITING_INITIAL) [id: 0x1e5765f0, /127.0.0.1:54148 => /127.0.1.1:45224]: Wrote: DefaultHttpContent(data: SlicedByteBuf(ridx: 0, widx: 480, cap: 480/480, unwrapped: UnpooledUnsafeDirectByteBuf(ridx: 480, widx: 480, cap: 480)), decoderResult: success)
11:39:50.926 [LittleProxy-ProxyToServerWorker-2] DEBUG o.l.p.impl.ClientToProxyConnection - (AWAITING_INITIAL) [id: 0xe726451f, /127.0.0.1:54145 => /127.0.1.1:45224]: Not closing server connection on middle chunk for /bower_components/jquery-ui/jquery-ui.js
11:39:50.926 [LittleProxy-ProxyToServerWorker-4] DEBUG o.l.p.impl.ClientToProxyConnection - (AWAITING_INITIAL) [id: 0x1e5765f0, /127.0.0.1:54148 => /127.0.1.1:45224]: Not closing server connection on middle chunk for /bower_components/FileSaver/FileSaver.js
11:39:50.926 [LittleProxy-ProxyToServerWorker-2] DEBUG o.l.p.impl.ClientToProxyConnection - (AWAITING_INITIAL) [id: 0xe726451f, /127.0.0.1:54145 => /127.0.1.1:45224]: Not closing client connection on middle chunk for /bower_components/jquery-ui/jquery-ui.js
11:39:50.926 [LittleProxy-ProxyToServerWorker-4] DEBUG o.l.p.impl.ClientToProxyConnection - (AWAITING_INITIAL) [id: 0x1e5765f0, /127.0.0.1:54148 => /127.0.1.1:45224]: Not closing client connection on middle chunk for /bower_components/FileSaver/FileSaver.js
11:39:50.926 [LittleProxy-ProxyToServerWorker-2] DEBUG o.l.p.impl.ProxyToServerConnection - (AWAITING_CHUNK) [id: 0x9953b61f, /127.0.0.1:35274 => localhost/127.0.0.1:9000]: Reading: DefaultHttpContent(data: SlicedByteBuf(ridx: 0, widx: 16384, cap: 16384/16384, unwrapped: UnpooledUnsafeDirectByteBuf(ridx: 65536, widx: 65536, cap: 65536)), decoderResult: success)
11:39:50.926 [LittleProxy-ProxyToServerWorker-2] DEBUG o.l.p.impl.ClientToProxyConnection - (AWAITING_INITIAL) [id: 0xe726451f, /127.0.0.1:54145 => /127.0.1.1:45224]: Retaining reference counted message
11:39:50.926 [LittleProxy-ProxyToServerWorker-2] DEBUG o.l.p.impl.ClientToProxyConnection - (AWAITING_INITIAL) [id: 0xe726451f, /127.0.0.1:54145 => /127.0.1.1:45224]: Writing: DefaultHttpContent(data: SlicedByteBuf(ridx: 0, widx: 16384, cap: 16384/16384, unwrapped: UnpooledUnsafeDirectByteBuf(ridx: 65536, widx: 65536, cap: 65536)), decoderResult: success)
11:39:50.926 [LittleProxy-ProxyToServerWorker-4] DEBUG o.l.p.impl.ProxyToServerConnection - (AWAITING_CHUNK) [id: 0xb51d3331, /127.0.0.1:35284 => localhost/127.0.0.1:9000]: Reading: DefaultHttpContent(data: SlicedByteBuf(ridx: 0, widx: 480, cap: 480/480, unwrapped: UnpooledUnsafeDirectByteBuf(ridx: 480, widx: 480, cap: 480)), decoderResult: success)
11:39:50.926 [LittleProxy-ProxyToServerWorker-4] DEBUG o.l.p.impl.ClientToProxyConnection - (AWAITING_INITIAL) [id: 0x1e5765f0, /127.0.0.1:54148 => /127.0.1.1:45224]: Retaining reference counted message
11:39:50.926 [LittleProxy-ProxyToServerWorker-2] DEBUG o.l.p.impl.ClientToProxyConnection - (AWAITING_INITIAL) [id: 0xe726451f, /127.0.0.1:54145 => /127.0.1.1:45224]: Wrote: DefaultHttpContent(data: SlicedByteBuf(ridx: 0, widx: 16384, cap: 16384/16384, unwrapped: UnpooledUnsafeDirectByteBuf(ridx: 65536, widx: 65536, cap: 65536)), decoderResult: success)
11:39:50.926 [LittleProxy-ProxyToServerWorker-4] DEBUG o.l.p.impl.ClientToProxyConnection - (AWAITING_INITIAL) [id: 0x1e5765f0, /127.0.0.1:54148 => /127.0.1.1:45224]: Writing: DefaultHttpContent(data: SlicedByteBuf(ridx: 0, widx: 480, cap: 480/480, unwrapped: UnpooledUnsafeDirectByteBuf(ridx: 480, widx: 480, cap: 480)), decoderResult: success)
11:39:50.927 [LittleProxy-ProxyToServerWorker-2] DEBUG o.l.p.impl.ClientToProxyConnection - (AWAITING_INITIAL) [id: 0xe726451f, /127.0.0.1:54145 => /127.0.1.1:45224]: Not closing server connection on middle chunk for /bower_components/jquery-ui/jquery-ui.js
11:39:50.927 [LittleProxy-ProxyToServerWorker-4] DEBUG o.l.p.impl.ClientToProxyConnection - (AWAITING_INITIAL) [id: 0x1e5765f0, /127.0.0.1:54148 => /127.0.1.1:45224]: Wrote: DefaultHttpContent(data: SlicedByteBuf(ridx: 0, widx: 480, cap: 480/480, unwrapped: UnpooledUnsafeDirectByteBuf(ridx: 480, widx: 480, cap: 480)), decoderResult: success)
11:39:50.927 [LittleProxy-ProxyToServerWorker-2] DEBUG o.l.p.impl.ClientToProxyConnection - (AWAITING_INITIAL) [id: 0xe726451f, /127.0.0.1:54145 => /127.0.1.1:45224]: Not closing client connection on middle chunk for /bower_components/jquery-ui/jquery-ui.js
11:39:50.927 [LittleProxy-ProxyToServerWorker-4] DEBUG o.l.p.impl.ClientToProxyConnection - (AWAITING_INITIAL) [id: 0x1e5765f0, /127.0.0.1:54148 => /127.0.1.1:45224]: Not closing server connection on middle chunk for /bower_components/FileSaver/FileSaver.js
11:39:50.927 [LittleProxy-ProxyToServerWorker-4] DEBUG o.l.p.impl.ClientToProxyConnection - (AWAITING_INITIAL) [id: 0x1e5765f0, /127.0.0.1:54148 => /127.0.1.1:45224]: Not closing client connection on middle chunk for /bower_components/FileSaver/FileSaver.js
11:39:50.927 [LittleProxy-ProxyToServerWorker-4] DEBUG o.l.p.impl.ProxyToServerConnection - (AWAITING_CHUNK) [id: 0xb51d3331, /127.0.0.1:35284 => localhost/127.0.0.1:9000]: Reading: DefaultHttpContent(data: SlicedByteBuf(ridx: 0, widx: 480, cap: 480/480, unwrapped: UnpooledUnsafeDirectByteBuf(ridx: 480, widx: 480, cap: 480)), decoderResult: success)
11:39:50.927 [LittleProxy-ProxyToServerWorker-4] DEBUG o.l.p.impl.ClientToProxyConnection - (AWAITING_INITIAL) [id: 0x1e5765f0, /127.0.0.1:54148 => /127.0.1.1:45224]: Retaining reference counted message
11:39:50.927 [LittleProxy-ProxyToServerWorker-4] DEBUG o.l.p.impl.ClientToProxyConnection - (AWAITING_INITIAL) [id: 0x1e5765f0, /127.0.0.1:54148 => /127.0.1.1:45224]: Writing: DefaultHttpContent(data: SlicedByteBuf(ridx: 0, widx: 480, cap: 480/480, unwrapped: UnpooledUnsafeDirectByteBuf(ridx: 480, widx: 480, cap: 480)), decoderResult: success)
11:39:50.927 [LittleProxy-ProxyToServerWorker-4] DEBUG o.l.p.impl.ClientToProxyConnection - (AWAITING_INITIAL) [id: 0x1e5765f0, /127.0.0.1:54148 => /127.0.1.1:45224]: Wrote: DefaultHttpContent(data: SlicedByteBuf(ridx: 0, widx: 480, cap: 480/480, unwrapped: UnpooledUnsafeDirectByteBuf(ridx: 480, widx: 480, cap: 480)), decoderResult: success)
11:39:50.927 [LittleProxy-ProxyToServerWorker-4] DEBUG o.l.p.impl.ClientToProxyConnection - (AWAITING_INITIAL) [id: 0x1e5765f0, /127.0.0.1:54148 => /127.0.1.1:45224]: Not closing server connection on middle chunk for /bower_components/FileSaver/FileSaver.js
11:39:50.927 [LittleProxy-ProxyToServerWorker-4] DEBUG o.l.p.impl.ClientToProxyConnection - (AWAITING_INITIAL) [id: 0x1e5765f0, /127.0.0.1:54148 => /127.0.1.1:45224]: Not closing client connection on middle chunk for /bower_components/FileSaver/FileSaver.js
11:39:50.927 [LittleProxy-ProxyToServerWorker-4] DEBUG o.l.p.impl.ProxyToServerConnection - (AWAITING_CHUNK) [id: 0xb51d3331, /127.0.0.1:35284 => localhost/127.0.0.1:9000]: Reading: DefaultHttpContent(data: SlicedByteBuf(ridx: 0, widx: 480, cap: 480/480, unwrapped: UnpooledUnsafeDirectByteBuf(ridx: 480, widx: 480, cap: 480)), decoderResult: success)
11:39:50.927 [LittleProxy-ProxyToServerWorker-4] DEBUG o.l.p.impl.ClientToProxyConnection - (AWAITING_INITIAL) [id: 0x1e5765f0, /127.0.0.1:54148 => /127.0.1.1:45224]: Retaining reference counted message
11:39:50.927 [LittleProxy-ProxyToServerWorker-4] DEBUG o.l.p.impl.ClientToProxyConnection - (AWAITING_INITIAL) [id: 0x1e5765f0, /127.0.0.1:54148 => /127.0.1.1:45224]: Writing: DefaultHttpContent(data: SlicedByteBuf(ridx: 0, widx: 480, cap: 480/480, unwrapped: UnpooledUnsafeDirectByteBuf(ridx: 480, widx: 480, cap: 480)), decoderResult: success)
11:39:50.927 [LittleProxy-ProxyToServerWorker-4] DEBUG o.l.p.impl.ClientToProxyConnection - (AWAITING_INITIAL) [id: 0x1e5765f0, /127.0.0.1:54148 => /127.0.1.1:45224]: Wrote: DefaultHttpContent(data: SlicedByteBuf(ridx: 0, widx: 480, cap: 480/480, unwrapped: UnpooledUnsafeDirectByteBuf(ridx: 480, widx: 480, cap: 480)), decoderResult: success)
11:39:50.927 [LittleProxy-ProxyToServerWorker-4] DEBUG o.l.p.impl.ClientToProxyConnection - (AWAITING_INITIAL) [id: 0x1e5765f0, /127.0.0.1:54148 => /127.0.1.1:45224]: Not closing server connection on middle chunk for /bower_components/FileSaver/FileSaver.js
11:39:50.927 [LittleProxy-ProxyToServerWorker-4] DEBUG o.l.p.impl.ClientToProxyConnection - (AWAITING_INITIAL) [id: 0x1e5765f0, /127.0.0.1:54148 => /127.0.1.1:45224]: Not closing client connection on middle chunk for /bower_components/FileSaver/FileSaver.js
11:39:50.927 [LittleProxy-ProxyToServerWorker-4] DEBUG o.l.p.impl.ProxyToServerConnection - (AWAITING_CHUNK) [id: 0xb51d3331, /127.0.0.1:35284 => localhost/127.0.0.1:9000]: Reading: DefaultHttpContent(data: SlicedByteBuf(ridx: 0, widx: 480, cap: 480/480, unwrapped: UnpooledUnsafeDirectByteBuf(ridx: 480, widx: 480, cap: 480)), decoderResult: success)
11:39:50.927 [LittleProxy-ProxyToServerWorker-4] DEBUG o.l.p.impl.ClientToProxyConnection - (AWAITING_INITIAL) [id: 0x1e5765f0, /127.0.0.1:54148 => /127.0.1.1:45224]: Retaining reference counted message
11:39:50.927 [LittleProxy-ProxyToServerWorker-4] DEBUG o.l.p.impl.ClientToProxyConnection - (AWAITING_INITIAL) [id: 0x1e5765f0, /127.0.0.1:54148 => /127.0.1.1:45224]: Writing: DefaultHttpContent(data: SlicedByteBuf(ridx: 0, widx: 480, cap: 480/480, unwrapped: UnpooledUnsafeDirectByteBuf(ridx: 480, widx: 480, cap: 480)), decoderResult: success)
11:39:50.927 [LittleProxy-ProxyToServerWorker-4] DEBUG o.l.p.impl.ClientToProxyConnection - (AWAITING_INITIAL) [id: 0x1e5765f0, /127.0.0.1:54148 => /127.0.1.1:45224]: Wrote: DefaultHttpContent(data: SlicedByteBuf(ridx: 0, widx: 480, cap: 480/480, unwrapped: UnpooledUnsafeDirectByteBuf(ridx: 480, widx: 480, cap: 480)), decoderResult: success)
11:39:50.927 [LittleProxy-ProxyToServerWorker-4] DEBUG o.l.p.impl.ClientToProxyConnection - (AWAITING_INITIAL) [id: 0x1e5765f0, /127.0.0.1:54148 => /127.0.1.1:45224]: Not closing server connection on middle chunk for /bower_components/FileSaver/FileSaver.js
11:39:50.927 [LittleProxy-ProxyToServerWorker-4] DEBUG o.l.p.impl.ClientToProxyConnection - (AWAITING_INITIAL) [id: 0x1e5765f0, /127.0.0.1:54148 => /127.0.1.1:45224]: Not closing client connection on middle chunk for /bower_components/FileSaver/FileSaver.js
11:39:50.927 [LittleProxy-ProxyToServerWorker-4] DEBUG o.l.p.impl.ProxyToServerConnection - (AWAITING_CHUNK) [id: 0xb51d3331, /127.0.0.1:35284 => localhost/127.0.0.1:9000]: Reading: DefaultHttpContent(data: SlicedByteBuf(ridx: 0, widx: 480, cap: 480/480, unwrapped: UnpooledUnsafeDirectByteBuf(ridx: 480, widx: 480, cap: 480)), decoderResult: success)
11:39:50.927 [LittleProxy-ProxyToServerWorker-4] DEBUG o.l.p.impl.ClientToProxyConnection - (AWAITING_INITIAL) [id: 0x1e5765f0, /127.0.0.1:54148 => /127.0.1.1:45224]: Retaining reference counted message
11:39:50.927 [LittleProxy-ProxyToServerWorker-4] DEBUG o.l.p.impl.ClientToProxyConnection - (AWAITING_INITIAL) [id: 0x1e5765f0, /127.0.0.1:54148 => /127.0.1.1:45224]: Writing: DefaultHttpContent(data: SlicedByteBuf(ridx: 0, widx: 480, cap: 480/480, unwrapped: UnpooledUnsafeDirectByteBuf(ridx: 480, widx: 480, cap: 480)), decoderResult: success)
11:39:50.927 [LittleProxy-ProxyToServerWorker-4] DEBUG o.l.p.impl.ClientToProxyConnection - (AWAITING_INITIAL) [id: 0x1e5765f0, /127.0.0.1:54148 => /127.0.1.1:45224]: Wrote: DefaultHttpContent(data: SlicedByteBuf(ridx: 0, widx: 480, cap: 480/480, unwrapped: UnpooledUnsafeDirectByteBuf(ridx: 480, widx: 480, cap: 480)), decoderResult: success)
11:39:50.928 [LittleProxy-ProxyToServerWorker-4] DEBUG o.l.p.impl.ClientToProxyConnection - (AWAITING_INITIAL) [id: 0x1e5765f0, /127.0.0.1:54148 => /127.0.1.1:45224]: Not closing server connection on middle chunk for /bower_components/FileSaver/FileSaver.js
11:39:50.928 [LittleProxy-ProxyToServerWorker-4] DEBUG o.l.p.impl.ClientToProxyConnection - (AWAITING_INITIAL) [id: 0x1e5765f0, /127.0.0.1:54148 => /127.0.1.1:45224]: Not closing client connection on middle chunk for /bower_components/FileSaver/FileSaver.js
11:39:50.928 [LittleProxy-ProxyToServerWorker-4] DEBUG o.l.p.impl.ProxyToServerConnection - (AWAITING_CHUNK) [id: 0xb51d3331, /127.0.0.1:35284 => localhost/127.0.0.1:9000]: Reading: DefaultLastHttpContent(data: SlicedByteBuf(ridx: 0, widx: 331, cap: 331/331, unwrapped: UnpooledUnsafeDirectByteBuf(ridx: 331, widx: 331, cap: 2048)), decoderResult: success)
11:39:50.928 [LittleProxy-ProxyToServerWorker-4] DEBUG o.l.p.impl.ClientToProxyConnection - (AWAITING_INITIAL) [id: 0x1e5765f0, /127.0.0.1:54148 => /127.0.1.1:45224]: Retaining reference counted message
11:39:50.928 [LittleProxy-ProxyToServerWorker-4] DEBUG o.l.p.impl.ClientToProxyConnection - (AWAITING_INITIAL) [id: 0x1e5765f0, /127.0.0.1:54148 => /127.0.1.1:45224]: Writing: DefaultLastHttpContent(data: SlicedByteBuf(ridx: 0, widx: 331, cap: 331/331, unwrapped: UnpooledUnsafeDirectByteBuf(ridx: 331, widx: 331, cap: 2048)), decoderResult: success)
11:39:50.928 [LittleProxy-ProxyToServerWorker-4] DEBUG o.l.p.impl.ClientToProxyConnection - (AWAITING_INITIAL) [id: 0x1e5765f0, /127.0.0.1:54148 => /127.0.1.1:45224]: Writing an empty buffer to signal the end of our chunked transfer
11:39:50.928 [LittleProxy-ProxyToServerWorker-4] DEBUG o.l.p.impl.ClientToProxyConnection - (AWAITING_INITIAL) [id: 0x1e5765f0, /127.0.0.1:54148 => /127.0.1.1:45224]: Wrote: DefaultLastHttpContent(data: SlicedByteBuf(ridx: 0, widx: 331, cap: 331/331, unwrapped: UnpooledUnsafeDirectByteBuf(ridx: 331, widx: 331, cap: 2048)), decoderResult: success)
11:39:50.928 [LittleProxy-ProxyToServerWorker-4] DEBUG o.l.p.impl.ClientToProxyConnection - (AWAITING_INITIAL) [id: 0x1e5765f0, /127.0.0.1:54148 => /127.0.1.1:45224]: Retaining reference counted message
11:39:50.928 [LittleProxy-ProxyToServerWorker-4] DEBUG o.l.p.impl.ClientToProxyConnection - (AWAITING_INITIAL) [id: 0x1e5765f0, /127.0.0.1:54148 => /127.0.1.1:45224]: Writing: EmptyByteBufBE
11:39:50.928 [LittleProxy-ProxyToServerWorker-4] DEBUG o.l.p.impl.ClientToProxyConnection - (AWAITING_INITIAL) [id: 0x1e5765f0, /127.0.0.1:54148 => /127.0.1.1:45224]: Wrote: EmptyByteBufBE
11:39:50.928 [LittleProxy-ProxyToServerWorker-4] DEBUG o.l.p.impl.ClientToProxyConnection - (AWAITING_INITIAL) [id: 0x1e5765f0, /127.0.0.1:54148 => /127.0.1.1:45224]: Handling last chunk. Using normal server connection closing rules.
11:39:50.928 [LittleProxy-ProxyToServerWorker-4] DEBUG o.l.p.impl.ClientToProxyConnection - (AWAITING_INITIAL) [id: 0x1e5765f0, /127.0.0.1:54148 => /127.0.1.1:45224]: Not closing server connection for response: DefaultHttpResponse(decodeResult: success, version: HTTP/1.1)
HTTP/1.1 200 OK
Accept-Ranges: bytes
Date: Tue, 08 Sep 2015 10:39:50 GMT
Cache-Control: public, max-age=0
Last-Modified: Fri, 24 Jul 2015 15:37:05 GMT
ETag: W/"GFvmNPnkUAqY4ogIRwcHHw=="
Content-Type: application/javascript
Content-Length: 8011
Connection: keep-alive
11:39:50.928 [LittleProxy-ProxyToServerWorker-4] DEBUG o.l.p.impl.ClientToProxyConnection - (AWAITING_INITIAL) [id: 0x1e5765f0, /127.0.0.1:54148 => /127.0.1.1:45224]: Handling last chunk. Using normal client connection closing rules.
11:39:50.928 [LittleProxy-ProxyToServerWorker-4] DEBUG o.l.p.impl.ClientToProxyConnection - (AWAITING_INITIAL) [id: 0x1e5765f0, /127.0.0.1:54148 => /127.0.1.1:45224]: Not closing client connection for request: [FAILED toString()]
11:39:50.929 [LittleProxy-ClientToProxyWorker-4] DEBUG o.l.p.impl.ClientToProxyConnection - (AWAITING_INITIAL) [id: 0x1e5765f0, /127.0.0.1:54148 => /127.0.1.1:45224]: Reading: HttpObjectAggregator$AggregatedFullHttpRequest(decodeResult: success, version: HTTP/1.1, content: CompositeByteBuf(ridx: 0, widx: 0, cap: 0, components=0))
GET http://localhost:9000/bower_components/angular-translate/angular-translate.js HTTP/1.1
Host: localhost:9000
Proxy-Connection: keep-alive
Accept: */*
User-Agent: Mozilla/5.0 (X11; Linux x86_64) AppleWebKit/537.36 (KHTML, like Gecko) Chrome/44.0.2403.130 Safari/537.36
Referer: http://localhost:9000/
Accept-Encoding: gzip, deflate, sdch
Accept-Language: en-GB,en-US;q=0.8,en;q=0.6
Content-Length: 0
11:39:50.929 [LittleProxy-ClientToProxyWorker-4] DEBUG o.l.p.impl.ClientToProxyConnection - (AWAITING_INITIAL) [id: 0x1e5765f0, /127.0.0.1:54148 => /127.0.1.1:45224]: Got request: HttpObjectAggregator$AggregatedFullHttpRequest(decodeResult: success, version: HTTP/1.1, content: CompositeByteBuf(ridx: 0, widx: 0, cap: 0, components=0))
GET http://localhost:9000/bower_components/angular-translate/angular-translate.js HTTP/1.1
Host: localhost:9000
Proxy-Connection: keep-alive
Accept: */*
User-Agent: Mozilla/5.0 (X11; Linux x86_64) AppleWebKit/537.36 (KHTML, like Gecko) Chrome/44.0.2403.130 Safari/537.36
Referer: http://localhost:9000/
Accept-Encoding: gzip, deflate, sdch
Accept-Language: en-GB,en-US;q=0.8,en;q=0.6
Content-Length: 0
11:39:50.929 [LittleProxy-ClientToProxyWorker-4] DEBUG o.l.p.impl.ClientToProxyConnection - (AWAITING_INITIAL) [id: 0x1e5765f0, /127.0.0.1:54148 => /127.0.1.1:45224]: Ensuring that hostAndPort are available in http://localhost:9000/bower_components/angular-translate/angular-translate.js
11:39:50.930 [LittleProxy-ClientToProxyWorker-4] DEBUG o.l.p.impl.ClientToProxyConnection - (AWAITING_INITIAL) [id: 0x1e5765f0, /127.0.0.1:54148 => /127.0.1.1:45224]: Finding ProxyToServerConnection for: localhost:9000
11:39:50.930 [LittleProxy-ClientToProxyWorker-4] DEBUG o.l.p.impl.ClientToProxyConnection - (AWAITING_INITIAL) [id: 0x1e5765f0, /127.0.0.1:54148 => /127.0.1.1:45224]: Reusing existing server connection: org.littleshoot.proxy.impl.ProxyToServerConnection@4d318448
11:39:50.930 [LittleProxy-ClientToProxyWorker-4] DEBUG o.l.p.impl.ClientToProxyConnection - (AWAITING_INITIAL) [id: 0x1e5765f0, /127.0.0.1:54148 => /127.0.1.1:45224]: Modifying request headers for proxying
11:39:50.930 [LittleProxy-ClientToProxyWorker-4] DEBUG o.l.p.impl.ClientToProxyConnection - (AWAITING_INITIAL) [id: 0x1e5765f0, /127.0.0.1:54148 => /127.0.1.1:45224]: Modifying request for proxy chaining
11:39:50.930 [LittleProxy-ClientToProxyWorker-4] DEBUG o.l.p.impl.ClientToProxyConnection - (AWAITING_INITIAL) [id: 0x1e5765f0, /127.0.0.1:54148 => /127.0.1.1:45224]: Stripped host from uri: http://localhost:9000/bower_components/angular-translate/angular-translate.js    yielding: /bower_components/angular-translate/angular-translate.js
11:39:50.930 [LittleProxy-ClientToProxyWorker-4] DEBUG o.l.p.impl.ClientToProxyConnection - (AWAITING_INITIAL) [id: 0x1e5765f0, /127.0.0.1:54148 => /127.0.1.1:45224]: Removed sdch and inserted: gzip, deflate, 
11:39:50.930 [LittleProxy-ClientToProxyWorker-4] DEBUG o.l.p.impl.ClientToProxyConnection - (AWAITING_INITIAL) [id: 0x1e5765f0, /127.0.0.1:54148 => /127.0.1.1:45224]: Writing request to ProxyToServerConnection
11:39:50.930 [LittleProxy-ClientToProxyWorker-4] DEBUG o.l.p.impl.ProxyToServerConnection - (AWAITING_INITIAL) [id: 0xb51d3331, /127.0.0.1:35284 => localhost/127.0.0.1:9000]: Requested write of HttpObjectAggregator$AggregatedFullHttpRequest(decodeResult: success, version: HTTP/1.1, content: CompositeByteBuf(ridx: 0, widx: 0, cap: 0, components=0))
GET /bower_components/angular-translate/angular-translate.js HTTP/1.1
Host: localhost:9000
Accept: */*
User-Agent: Mozilla/5.0 (X11; Linux x86_64) AppleWebKit/537.36 (KHTML, like Gecko) Chrome/44.0.2403.130 Safari/537.36
Referer: http://localhost:9000/
Accept-Language: en-GB,en-US;q=0.8,en;q=0.6
Content-Length: 0
Accept-Encoding: gzip, deflate, 
Via: 1.1 localhost.localdomain
11:39:50.930 [LittleProxy-ClientToProxyWorker-4] DEBUG o.l.p.impl.ProxyToServerConnection - (AWAITING_INITIAL) [id: 0xb51d3331, /127.0.0.1:35284 => localhost/127.0.0.1:9000]: Retaining reference counted message
11:39:50.930 [LittleProxy-ClientToProxyWorker-4] DEBUG o.l.p.impl.ProxyToServerConnection - (AWAITING_INITIAL) [id: 0xb51d3331, /127.0.0.1:35284 => localhost/127.0.0.1:9000]: Using existing connection to: localhost/127.0.0.1:9000
11:39:50.930 [LittleProxy-ClientToProxyWorker-4] DEBUG o.l.p.impl.ProxyToServerConnection - (AWAITING_INITIAL) [id: 0xb51d3331, /127.0.0.1:35284 => localhost/127.0.0.1:9000]: Writing: HttpObjectAggregator$AggregatedFullHttpRequest(decodeResult: success, version: HTTP/1.1, content: CompositeByteBuf(ridx: 0, widx: 0, cap: 0, components=0))
GET /bower_components/angular-translate/angular-translate.js HTTP/1.1
Host: localhost:9000
Accept: */*
User-Agent: Mozilla/5.0 (X11; Linux x86_64) AppleWebKit/537.36 (KHTML, like Gecko) Chrome/44.0.2403.130 Safari/537.36
Referer: http://localhost:9000/
Accept-Language: en-GB,en-US;q=0.8,en;q=0.6
Content-Length: 0
Accept-Encoding: gzip, deflate, 
Via: 1.1 localhost.localdomain
11:39:50.930 [LittleProxy-ClientToProxyWorker-4] DEBUG o.l.p.impl.ProxyToServerConnection - (AWAITING_INITIAL) [id: 0xb51d3331, /127.0.0.1:35284 => localhost/127.0.0.1:9000]: Writing an empty buffer to signal the end of our chunked transfer
11:39:50.930 [LittleProxy-ClientToProxyWorker-4] DEBUG o.l.p.impl.ProxyToServerConnection - (AWAITING_INITIAL) [id: 0xb51d3331, /127.0.0.1:35284 => localhost/127.0.0.1:9000]: Wrote: HttpObjectAggregator$AggregatedFullHttpRequest(decodeResult: success, version: HTTP/1.1, content: CompositeByteBuf(ridx: 0, widx: 0, cap: 0, components=0))
GET /bower_components/angular-translate/angular-translate.js HTTP/1.1
Host: localhost:9000
Accept: */*
User-Agent: Mozilla/5.0 (X11; Linux x86_64) AppleWebKit/537.36 (KHTML, like Gecko) Chrome/44.0.2403.130 Safari/537.36
Referer: http://localhost:9000/
Accept-Language: en-GB,en-US;q=0.8,en;q=0.6
Content-Length: 0
Accept-Encoding: gzip, deflate, 
Via: 1.1 localhost.localdomain
11:39:50.930 [LittleProxy-ProxyToServerWorker-7] DEBUG o.l.p.impl.ProxyToServerConnection - (AWAITING_INITIAL) [id: 0x700df78a, /127.0.0.1:35283 => localhost/127.0.0.1:9000]: Remembering the current request.
11:39:50.930 [LittleProxy-ProxyToServerWorker-7] DEBUG o.l.p.impl.ProxyToServerConnection - (AWAITING_INITIAL) [id: 0x700df78a, /127.0.0.1:35283 => localhost/127.0.0.1:9000]: Reading: DefaultHttpResponse(decodeResult: success, version: HTTP/1.1)
HTTP/1.1 200 OK
Accept-Ranges: bytes
Date: Tue, 08 Sep 2015 10:39:50 GMT
Cache-Control: public, max-age=0
Last-Modified: Tue, 26 Aug 2014 22:16:18 GMT
ETag: W/"1aP2Cz4viiAkZQ8wO1rABw=="
Content-Type: application/javascript
Content-Length: 47559
Connection: keep-alive
11:39:50.930 [LittleProxy-ProxyToServerWorker-7] DEBUG o.l.p.impl.ProxyToServerConnection - (AWAITING_INITIAL) [id: 0x700df78a, /127.0.0.1:35283 => localhost/127.0.0.1:9000]: Received raw response: DefaultHttpResponse(decodeResult: success, version: HTTP/1.1)
HTTP/1.1 200 OK
Accept-Ranges: bytes
Date: Tue, 08 Sep 2015 10:39:50 GMT
Cache-Control: public, max-age=0
Last-Modified: Tue, 26 Aug 2014 22:16:18 GMT
ETag: W/"1aP2Cz4viiAkZQ8wO1rABw=="
Content-Type: application/javascript
Content-Length: 47559
Connection: keep-alive
11:39:50.930 [LittleProxy-ProxyToServerWorker-7] DEBUG o.l.p.impl.ProxyToServerConnection - (AWAITING_INITIAL) [id: 0x700df78a, /127.0.0.1:35283 => localhost/127.0.0.1:9000]: Remembering the current response.
11:39:50.931 [LittleProxy-ProxyToServerWorker-7] DEBUG o.l.p.impl.ClientToProxyConnection - (AWAITING_INITIAL) [id: 0x4dc93f85, /127.0.0.1:54147 => /127.0.1.1:45224]: Writing: DefaultHttpResponse(decodeResult: success, version: HTTP/1.1)
HTTP/1.1 200 OK
Accept-Ranges: bytes
Date: Tue, 08 Sep 2015 10:39:50 GMT
Cache-Control: public, max-age=0
Last-Modified: Tue, 26 Aug 2014 22:16:18 GMT
ETag: W/"1aP2Cz4viiAkZQ8wO1rABw=="
Content-Type: application/javascript
Content-Length: 47559
Via: 1.1 localhost.localdomain
11:39:50.931 [LittleProxy-ProxyToServerWorker-7] DEBUG o.l.p.impl.ClientToProxyConnection - (AWAITING_INITIAL) [id: 0x4dc93f85, /127.0.0.1:54147 => /127.0.1.1:45224]: Wrote: DefaultHttpResponse(decodeResult: success, version: HTTP/1.1)
HTTP/1.1 200 OK
Accept-Ranges: bytes
Date: Tue, 08 Sep 2015 10:39:50 GMT
Cache-Control: public, max-age=0
Last-Modified: Tue, 26 Aug 2014 22:16:18 GMT
ETag: W/"1aP2Cz4viiAkZQ8wO1rABw=="
Content-Type: application/javascript
Content-Length: 47559
Via: 1.1 localhost.localdomain
11:39:50.931 [LittleProxy-ProxyToServerWorker-7] DEBUG o.l.p.impl.ClientToProxyConnection - (AWAITING_INITIAL) [id: 0x4dc93f85, /127.0.0.1:54147 => /127.0.1.1:45224]: Not closing server connection on middle chunk for /bower_components/underscore/underscore.js
11:39:50.931 [LittleProxy-ProxyToServerWorker-7] DEBUG o.l.p.impl.ClientToProxyConnection - (AWAITING_INITIAL) [id: 0x4dc93f85, /127.0.0.1:54147 => /127.0.1.1:45224]: Not closing client connection on middle chunk for /bower_components/underscore/underscore.js
11:39:50.931 [LittleProxy-ProxyToServerWorker-6] DEBUG o.l.p.impl.ProxyToServerConnection - (AWAITING_CHUNK) [id: 0x15efad94, /127.0.0.1:35282 => localhost/127.0.0.1:9000]: Reading: DefaultHttpContent(data: SlicedByteBuf(ridx: 0, widx: 4096, cap: 4096/4096, unwrapped: UnpooledUnsafeDirectByteBuf(ridx: 4096, widx: 4096, cap: 4096)), decoderResult: success)
11:39:50.932 [LittleProxy-ProxyToServerWorker-6] DEBUG o.l.p.impl.ClientToProxyConnection - (AWAITING_INITIAL) [id: 0x87242349, /127.0.0.1:54149 => /127.0.1.1:45224]: Retaining reference counted message
11:39:50.932 [LittleProxy-ProxyToServerWorker-6] DEBUG o.l.p.impl.ClientToProxyConnection - (AWAITING_INITIAL) [id: 0x87242349, /127.0.0.1:54149 => /127.0.1.1:45224]: Writing: DefaultHttpContent(data: SlicedByteBuf(ridx: 0, widx: 4096, cap: 4096/4096, unwrapped: UnpooledUnsafeDirectByteBuf(ridx: 4096, widx: 4096, cap: 4096)), decoderResult: success)
11:39:50.932 [LittleProxy-ProxyToServerWorker-6] DEBUG o.l.p.impl.ClientToProxyConnection - (AWAITING_INITIAL) [id: 0x87242349, /127.0.0.1:54149 => /127.0.1.1:45224]: Wrote: DefaultHttpContent(data: SlicedByteBuf(ridx: 0, widx: 4096, cap: 4096/4096, unwrapped: UnpooledUnsafeDirectByteBuf(ridx: 4096, widx: 4096, cap: 4096)), decoderResult: success)
11:39:50.932 [LittleProxy-ProxyToServerWorker-6] DEBUG o.l.p.impl.ClientToProxyConnection - (AWAITING_INITIAL) [id: 0x87242349, /127.0.0.1:54149 => /127.0.1.1:45224]: Not closing server connection on middle chunk for /bower_components/angular-bootstrap-datetimepicker/src/js/datetimepicker.js
11:39:50.932 [LittleProxy-ProxyToServerWorker-6] DEBUG o.l.p.impl.ClientToProxyConnection - (AWAITING_INITIAL) [id: 0x87242349, /127.0.0.1:54149 => /127.0.1.1:45224]: Not closing client connection on middle chunk for /bower_components/angular-bootstrap-datetimepicker/src/js/datetimepicker.js
11:39:50.932 [LittleProxy-ProxyToServerWorker-6] DEBUG o.l.p.impl.ProxyToServerConnection - (AWAITING_CHUNK) [id: 0x15efad94, /127.0.0.1:35282 => localhost/127.0.0.1:9000]: Reading: DefaultHttpContent(data: SlicedByteBuf(ridx: 0, widx: 4096, cap: 4096/4096, unwrapped: UnpooledUnsafeDirectByteBuf(ridx: 4096, widx: 4096, cap: 4096)), decoderResult: success)
11:39:50.932 [LittleProxy-ProxyToServerWorker-6] DEBUG o.l.p.impl.ClientToProxyConnection - (AWAITING_INITIAL) [id: 0x87242349, /127.0.0.1:54149 => /127.0.1.1:45224]: Retaining reference counted message
11:39:50.932 [LittleProxy-ProxyToServerWorker-6] DEBUG o.l.p.impl.ClientToProxyConnection - (AWAITING_INITIAL) [id: 0x87242349, /127.0.0.1:54149 => /127.0.1.1:45224]: Writing: DefaultHttpContent(data: SlicedByteBuf(ridx: 0, widx: 4096, cap: 4096/4096, unwrapped: UnpooledUnsafeDirectByteBuf(ridx: 4096, widx: 4096, cap: 4096)), decoderResult: success)
11:39:50.932 [LittleProxy-ProxyToServerWorker-6] DEBUG o.l.p.impl.ClientToProxyConnection - (AWAITING_INITIAL) [id: 0x87242349, /127.0.0.1:54149 => /127.0.1.1:45224]: Wrote: DefaultHttpContent(data: SlicedByteBuf(ridx: 0, widx: 4096, cap: 4096/4096, unwrapped: UnpooledUnsafeDirectByteBuf(ridx: 4096, widx: 4096, cap: 4096)), decoderResult: success)
11:39:50.932 [LittleProxy-ProxyToServerWorker-6] DEBUG o.l.p.impl.ClientToProxyConnection - (AWAITING_INITIAL) [id: 0x87242349, /127.0.0.1:54149 => /127.0.1.1:45224]: Not closing server connection on middle chunk for /bower_components/angular-bootstrap-datetimepicker/src/js/datetimepicker.js
11:39:50.932 [LittleProxy-ProxyToServerWorker-6] DEBUG o.l.p.impl.ClientToProxyConnection - (AWAITING_INITIAL) [id: 0x87242349, /127.0.0.1:54149 => /127.0.1.1:45224]: Not closing client connection on middle chunk for /bower_components/angular-bootstrap-datetimepicker/src/js/datetimepicker.js
11:39:50.932 [LittleProxy-ProxyToServerWorker-6] DEBUG o.l.p.impl.ProxyToServerConnection - (AWAITING_CHUNK) [id: 0x15efad94, /127.0.0.1:35282 => localhost/127.0.0.1:9000]: Reading: DefaultHttpContent(data: SlicedByteBuf(ridx: 0, widx: 4096, cap: 4096/4096, unwrapped: UnpooledUnsafeDirectByteBuf(ridx: 4096, widx: 4096, cap: 4096)), decoderResult: success)
11:39:50.932 [LittleProxy-ProxyToServerWorker-6] DEBUG o.l.p.impl.ClientToProxyConnection - (AWAITING_INITIAL) [id: 0x87242349, /127.0.0.1:54149 => /127.0.1.1:45224]: Retaining reference counted message
11:39:50.932 [LittleProxy-ProxyToServerWorker-6] DEBUG o.l.p.impl.ClientToProxyConnection - (AWAITING_INITIAL) [id: 0x87242349, /127.0.0.1:54149 => /127.0.1.1:45224]: Writing: DefaultHttpContent(data: SlicedByteBuf(ridx: 0, widx: 4096, cap: 4096/4096, unwrapped: UnpooledUnsafeDirectByteBuf(ridx: 4096, widx: 4096, cap: 4096)), decoderResult: success)
11:39:50.932 [LittleProxy-ProxyToServerWorker-6] DEBUG o.l.p.impl.ClientToProxyConnection - (AWAITING_INITIAL) [id: 0x87242349, /127.0.0.1:54149 => /127.0.1.1:45224]: Wrote: DefaultHttpContent(data: SlicedByteBuf(ridx: 0, widx: 4096, cap: 4096/4096, unwrapped: UnpooledUnsafeDirectByteBuf(ridx: 4096, widx: 4096, cap: 4096)), decoderResult: success)
11:39:50.932 [LittleProxy-ProxyToServerWorker-6] DEBUG o.l.p.impl.ClientToProxyConnection - (AWAITING_INITIAL) [id: 0x87242349, /127.0.0.1:54149 => /127.0.1.1:45224]: Not closing server connection on middle chunk for /bower_components/angular-bootstrap-datetimepicker/src/js/datetimepicker.js
11:39:50.932 [LittleProxy-ProxyToServerWorker-6] DEBUG o.l.p.impl.ClientToProxyConnection - (AWAITING_INITIAL) [id: 0x87242349, /127.0.0.1:54149 => /127.0.1.1:45224]: Not closing client connection on middle chunk for /bower_components/angular-bootstrap-datetimepicker/src/js/datetimepicker.js
11:39:50.932 [LittleProxy-ProxyToServerWorker-6] DEBUG o.l.p.impl.ProxyToServerConnection - (AWAITING_CHUNK) [id: 0x15efad94, /127.0.0.1:35282 => localhost/127.0.0.1:9000]: Reading: DefaultHttpContent(data: SlicedByteBuf(ridx: 0, widx: 4096, cap: 4096/4096, unwrapped: UnpooledUnsafeDirectByteBuf(ridx: 4096, widx: 4096, cap: 4096)), decoderResult: success)
11:39:50.932 [LittleProxy-ProxyToServerWorker-6] DEBUG o.l.p.impl.ClientToProxyConnection - (AWAITING_INITIAL) [id: 0x87242349, /127.0.0.1:54149 => /127.0.1.1:45224]: Retaining reference counted message
11:39:50.932 [LittleProxy-ProxyToServerWorker-6] DEBUG o.l.p.impl.ClientToProxyConnection - (AWAITING_INITIAL) [id: 0x87242349, /127.0.0.1:54149 => /127.0.1.1:45224]: Writing: DefaultHttpContent(data: SlicedByteBuf(ridx: 0, widx: 4096, cap: 4096/4096, unwrapped: UnpooledUnsafeDirectByteBuf(ridx: 4096, widx: 4096, cap: 4096)), decoderResult: success)
11:39:50.932 [LittleProxy-ProxyToServerWorker-6] DEBUG o.l.p.impl.ClientToProxyConnection - (AWAITING_INITIAL) [id: 0x87242349, /127.0.0.1:54149 => /127.0.1.1:45224]: Wrote: DefaultHttpContent(data: SlicedByteBuf(ridx: 0, widx: 4096, cap: 4096/4096, unwrapped: UnpooledUnsafeDirectByteBuf(ridx: 4096, widx: 4096, cap: 4096)), decoderResult: success)
11:39:50.932 [LittleProxy-ProxyToServerWorker-6] DEBUG o.l.p.impl.ClientToProxyConnection - (AWAITING_INITIAL) [id: 0x87242349, /127.0.0.1:54149 => /127.0.1.1:45224]: Not closing server connection on middle chunk for /bower_components/angular-bootstrap-datetimepicker/src/js/datetimepicker.js
11:39:50.932 [LittleProxy-ProxyToServerWorker-6] DEBUG o.l.p.impl.ClientToProxyConnection - (AWAITING_INITIAL) [id: 0x87242349, /127.0.0.1:54149 => /127.0.1.1:45224]: Not closing client connection on middle chunk for /bower_components/angular-bootstrap-datetimepicker/src/js/datetimepicker.js
11:39:50.932 [LittleProxy-ProxyToServerWorker-6] DEBUG o.l.p.impl.ProxyToServerConnection - (AWAITING_CHUNK) [id: 0x15efad94, /127.0.0.1:35282 => localhost/127.0.0.1:9000]: Reading: DefaultLastHttpContent(data: SlicedByteBuf(ridx: 0, widx: 1317, cap: 1317/1317, unwrapped: UnpooledUnsafeDirectByteBuf(ridx: 1317, widx: 1317, cap: 4096)), decoderResult: success)
11:39:50.932 [LittleProxy-ProxyToServerWorker-6] DEBUG o.l.p.impl.ClientToProxyConnection - (AWAITING_INITIAL) [id: 0x87242349, /127.0.0.1:54149 => /127.0.1.1:45224]: Retaining reference counted message
11:39:50.932 [LittleProxy-ProxyToServerWorker-6] DEBUG o.l.p.impl.ClientToProxyConnection - (AWAITING_INITIAL) [id: 0x87242349, /127.0.0.1:54149 => /127.0.1.1:45224]: Writing: DefaultLastHttpContent(data: SlicedByteBuf(ridx: 0, widx: 1317, cap: 1317/1317, unwrapped: UnpooledUnsafeDirectByteBuf(ridx: 1317, widx: 1317, cap: 4096)), decoderResult: success)
11:39:50.932 [LittleProxy-ProxyToServerWorker-6] DEBUG o.l.p.impl.ClientToProxyConnection - (AWAITING_INITIAL) [id: 0x87242349, /127.0.0.1:54149 => /127.0.1.1:45224]: Writing an empty buffer to signal the end of our chunked transfer
11:39:50.932 [LittleProxy-ProxyToServerWorker-6] DEBUG o.l.p.impl.ClientToProxyConnection - (AWAITING_INITIAL) [id: 0x87242349, /127.0.0.1:54149 => /127.0.1.1:45224]: Wrote: DefaultLastHttpContent(data: SlicedByteBuf(ridx: 0, widx: 1317, cap: 1317/1317, unwrapped: UnpooledUnsafeDirectByteBuf(ridx: 1317, widx: 1317, cap: 4096)), decoderResult: success)
11:39:50.932 [LittleProxy-ProxyToServerWorker-6] DEBUG o.l.p.impl.ClientToProxyConnection - (AWAITING_INITIAL) [id: 0x87242349, /127.0.0.1:54149 => /127.0.1.1:45224]: Retaining reference counted message
11:39:50.932 [LittleProxy-ProxyToServerWorker-6] DEBUG o.l.p.impl.ClientToProxyConnection - (AWAITING_INITIAL) [id: 0x87242349, /127.0.0.1:54149 => /127.0.1.1:45224]: Writing: EmptyByteBufBE
11:39:50.932 [LittleProxy-ProxyToServerWorker-6] DEBUG o.l.p.impl.ClientToProxyConnection - (AWAITING_INITIAL) [id: 0x87242349, /127.0.0.1:54149 => /127.0.1.1:45224]: Wrote: EmptyByteBufBE
11:39:50.932 [LittleProxy-ProxyToServerWorker-6] DEBUG o.l.p.impl.ClientToProxyConnection - (AWAITING_INITIAL) [id: 0x87242349, /127.0.0.1:54149 => /127.0.1.1:45224]: Handling last chunk. Using normal server connection closing rules.
11:39:50.932 [LittleProxy-ProxyToServerWorker-6] DEBUG o.l.p.impl.ClientToProxyConnection - (AWAITING_INITIAL) [id: 0x87242349, /127.0.0.1:54149 => /127.0.1.1:45224]: Not closing server connection for response: DefaultHttpResponse(decodeResult: success, version: HTTP/1.1)
HTTP/1.1 200 OK
Accept-Ranges: bytes
Date: Tue, 08 Sep 2015 10:39:50 GMT
Cache-Control: public, max-age=0
Last-Modified: Sun, 21 Jun 2015 18:07:42 GMT
ETag: W/"WEJwP7hJr9eBTbmq3j5sqQ=="
Content-Type: application/javascript
Content-Length: 17701
Connection: keep-alive
11:39:50.932 [LittleProxy-ProxyToServerWorker-6] DEBUG o.l.p.impl.ClientToProxyConnection - (AWAITING_INITIAL) [id: 0x87242349, /127.0.0.1:54149 => /127.0.1.1:45224]: Handling last chunk. Using normal client connection closing rules.
11:39:50.933 [LittleProxy-ProxyToServerWorker-6] DEBUG o.l.p.impl.ClientToProxyConnection - (AWAITING_INITIAL) [id: 0x87242349, /127.0.0.1:54149 => /127.0.1.1:45224]: Not closing client connection for request: [FAILED toString()]
11:39:50.933 [LittleProxy-ClientToProxyWorker-5] DEBUG o.l.p.impl.ClientToProxyConnection - (AWAITING_INITIAL) [id: 0x87242349, /127.0.0.1:54149 => /127.0.1.1:45224]: Reading: HttpObjectAggregator$AggregatedFullHttpRequest(decodeResult: success, version: HTTP/1.1, content: CompositeByteBuf(ridx: 0, widx: 0, cap: 0, components=0))
GET http://localhost:9000/bower_components/angular-dialog-service/dist/dialogs.min.js HTTP/1.1
Host: localhost:9000
Proxy-Connection: keep-alive
Accept: */*
User-Agent: Mozilla/5.0 (X11; Linux x86_64) AppleWebKit/537.36 (KHTML, like Gecko) Chrome/44.0.2403.130 Safari/537.36
Referer: http://localhost:9000/
Accept-Encoding: gzip, deflate, sdch
Accept-Language: en-GB,en-US;q=0.8,en;q=0.6
Content-Length: 0
11:39:50.933 [LittleProxy-ClientToProxyWorker-5] DEBUG o.l.p.impl.ClientToProxyConnection - (AWAITING_INITIAL) [id: 0x87242349, /127.0.0.1:54149 => /127.0.1.1:45224]: Got request: HttpObjectAggregator$AggregatedFullHttpRequest(decodeResult: success, version: HTTP/1.1, content: CompositeByteBuf(ridx: 0, widx: 0, cap: 0, components=0))
GET http://localhost:9000/bower_components/angular-dialog-service/dist/dialogs.min.js HTTP/1.1
Host: localhost:9000
Proxy-Connection: keep-alive
Accept: */*
User-Agent: Mozilla/5.0 (X11; Linux x86_64) AppleWebKit/537.36 (KHTML, like Gecko) Chrome/44.0.2403.130 Safari/537.36
Referer: http://localhost:9000/
Accept-Encoding: gzip, deflate, sdch
Accept-Language: en-GB,en-US;q=0.8,en;q=0.6
Content-Length: 0
11:39:50.933 [LittleProxy-ClientToProxyWorker-5] DEBUG o.l.p.impl.ClientToProxyConnection - (AWAITING_INITIAL) [id: 0x87242349, /127.0.0.1:54149 => /127.0.1.1:45224]: Ensuring that hostAndPort are available in http://localhost:9000/bower_components/angular-dialog-service/dist/dialogs.min.js
11:39:50.933 [LittleProxy-ClientToProxyWorker-5] DEBUG o.l.p.impl.ClientToProxyConnection - (AWAITING_INITIAL) [id: 0x87242349, /127.0.0.1:54149 => /127.0.1.1:45224]: Finding ProxyToServerConnection for: localhost:9000
11:39:50.933 [LittleProxy-ClientToProxyWorker-5] DEBUG o.l.p.impl.ClientToProxyConnection - (AWAITING_INITIAL) [id: 0x87242349, /127.0.0.1:54149 => /127.0.1.1:45224]: Reusing existing server connection: org.littleshoot.proxy.impl.ProxyToServerConnection@19d9ddb6
11:39:50.933 [LittleProxy-ClientToProxyWorker-5] DEBUG o.l.p.impl.ClientToProxyConnection - (AWAITING_INITIAL) [id: 0x87242349, /127.0.0.1:54149 => /127.0.1.1:45224]: Modifying request headers for proxying
11:39:50.933 [LittleProxy-ClientToProxyWorker-5] DEBUG o.l.p.impl.ClientToProxyConnection - (AWAITING_INITIAL) [id: 0x87242349, /127.0.0.1:54149 => /127.0.1.1:45224]: Modifying request for proxy chaining
11:39:50.933 [LittleProxy-ClientToProxyWorker-5] DEBUG o.l.p.impl.ClientToProxyConnection - (AWAITING_INITIAL) [id: 0x87242349, /127.0.0.1:54149 => /127.0.1.1:45224]: Stripped host from uri: http://localhost:9000/bower_components/angular-dialog-service/dist/dialogs.min.js    yielding: /bower_components/angular-dialog-service/dist/dialogs.min.js
11:39:50.933 [LittleProxy-ClientToProxyWorker-5] DEBUG o.l.p.impl.ClientToProxyConnection - (AWAITING_INITIAL) [id: 0x87242349, /127.0.0.1:54149 => /127.0.1.1:45224]: Removed sdch and inserted: gzip, deflate, 
11:39:50.933 [LittleProxy-ClientToProxyWorker-5] DEBUG o.l.p.impl.ClientToProxyConnection - (AWAITING_INITIAL) [id: 0x87242349, /127.0.0.1:54149 => /127.0.1.1:45224]: Writing request to ProxyToServerConnection
11:39:50.933 [LittleProxy-ClientToProxyWorker-5] DEBUG o.l.p.impl.ProxyToServerConnection - (AWAITING_INITIAL) [id: 0x15efad94, /127.0.0.1:35282 => localhost/127.0.0.1:9000]: Requested write of HttpObjectAggregator$AggregatedFullHttpRequest(decodeResult: success, version: HTTP/1.1, content: CompositeByteBuf(ridx: 0, widx: 0, cap: 0, components=0))
GET /bower_components/angular-dialog-service/dist/dialogs.min.js HTTP/1.1
Host: localhost:9000
Accept: */*
User-Agent: Mozilla/5.0 (X11; Linux x86_64) AppleWebKit/537.36 (KHTML, like Gecko) Chrome/44.0.2403.130 Safari/537.36
Referer: http://localhost:9000/
Accept-Language: en-GB,en-US;q=0.8,en;q=0.6
Content-Length: 0
Accept-Encoding: gzip, deflate, 
Via: 1.1 localhost.localdomain
11:39:50.934 [LittleProxy-ClientToProxyWorker-5] DEBUG o.l.p.impl.ProxyToServerConnection - (AWAITING_INITIAL) [id: 0x15efad94, /127.0.0.1:35282 => localhost/127.0.0.1:9000]: Retaining reference counted message
11:39:50.934 [LittleProxy-ClientToProxyWorker-5] DEBUG o.l.p.impl.ProxyToServerConnection - (AWAITING_INITIAL) [id: 0x15efad94, /127.0.0.1:35282 => localhost/127.0.0.1:9000]: Using existing connection to: localhost/127.0.0.1:9000
11:39:50.934 [LittleProxy-ClientToProxyWorker-5] DEBUG o.l.p.impl.ProxyToServerConnection - (AWAITING_INITIAL) [id: 0x15efad94, /127.0.0.1:35282 => localhost/127.0.0.1:9000]: Writing: HttpObjectAggregator$AggregatedFullHttpRequest(decodeResult: success, version: HTTP/1.1, content: CompositeByteBuf(ridx: 0, widx: 0, cap: 0, components=0))
GET /bower_components/angular-dialog-service/dist/dialogs.min.js HTTP/1.1
Host: localhost:9000
Accept: */*
User-Agent: Mozilla/5.0 (X11; Linux x86_64) AppleWebKit/537.36 (KHTML, like Gecko) Chrome/44.0.2403.130 Safari/537.36
Referer: http://localhost:9000/
Accept-Language: en-GB,en-US;q=0.8,en;q=0.6
Content-Length: 0
Accept-Encoding: gzip, deflate, 
Via: 1.1 localhost.localdomain
11:39:50.934 [LittleProxy-ClientToProxyWorker-5] DEBUG o.l.p.impl.ProxyToServerConnection - (AWAITING_INITIAL) [id: 0x15efad94, /127.0.0.1:35282 => localhost/127.0.0.1:9000]: Writing an empty buffer to signal the end of our chunked transfer
11:39:50.934 [LittleProxy-ClientToProxyWorker-5] DEBUG o.l.p.impl.ProxyToServerConnection - (AWAITING_INITIAL) [id: 0x15efad94, /127.0.0.1:35282 => localhost/127.0.0.1:9000]: Wrote: HttpObjectAggregator$AggregatedFullHttpRequest(decodeResult: success, version: HTTP/1.1, content: CompositeByteBuf(ridx: 0, widx: 0, cap: 0, components=0))
GET /bower_components/angular-dialog-service/dist/dialogs.min.js HTTP/1.1
Host: localhost:9000
Accept: */*
User-Agent: Mozilla/5.0 (X11; Linux x86_64) AppleWebKit/537.36 (KHTML, like Gecko) Chrome/44.0.2403.130 Safari/537.36
Referer: http://localhost:9000/
Accept-Language: en-GB,en-US;q=0.8,en;q=0.6
Content-Length: 0
Accept-Encoding: gzip, deflate, 
Via: 1.1 localhost.localdomain
11:39:50.948 [LittleProxy-ProxyToServerWorker-2] DEBUG o.l.p.impl.ProxyToServerConnection - (AWAITING_CHUNK) [id: 0x9953b61f, /127.0.0.1:35274 => localhost/127.0.0.1:9000]: Reading: DefaultHttpContent(data: SlicedByteBuf(ridx: 0, widx: 16384, cap: 16384/16384, unwrapped: UnpooledUnsafeDirectByteBuf(ridx: 65536, widx: 65536, cap: 65536)), decoderResult: success)
11:39:50.949 [LittleProxy-ProxyToServerWorker-2] DEBUG o.l.p.impl.ClientToProxyConnection - (AWAITING_INITIAL) [id: 0xe726451f, /127.0.0.1:54145 => /127.0.1.1:45224]: Retaining reference counted message
11:39:50.949 [LittleProxy-ProxyToServerWorker-2] DEBUG o.l.p.impl.ClientToProxyConnection - (AWAITING_INITIAL) [id: 0xe726451f, /127.0.0.1:54145 => /127.0.1.1:45224]: Writing: DefaultHttpContent(data: SlicedByteBuf(ridx: 0, widx: 16384, cap: 16384/16384, unwrapped: UnpooledUnsafeDirectByteBuf(ridx: 65536, widx: 65536, cap: 65536)), decoderResult: success)
11:39:50.949 [LittleProxy-ProxyToServerWorker-2] DEBUG o.l.p.impl.ClientToProxyConnection - (AWAITING_INITIAL) [id: 0xe726451f, /127.0.0.1:54145 => /127.0.1.1:45224]: Wrote: DefaultHttpContent(data: SlicedByteBuf(ridx: 0, widx: 16384, cap: 16384/16384, unwrapped: UnpooledUnsafeDirectByteBuf(ridx: 65536, widx: 65536, cap: 65536)), decoderResult: success)
11:39:50.949 [LittleProxy-ProxyToServerWorker-2] DEBUG o.l.p.impl.ClientToProxyConnection - (AWAITING_INITIAL) [id: 0xe726451f, /127.0.0.1:54145 => /127.0.1.1:45224]: Not closing server connection on middle chunk for /bower_components/jquery-ui/jquery-ui.js
11:39:50.949 [LittleProxy-ProxyToServerWorker-2] DEBUG o.l.p.impl.ClientToProxyConnection - (AWAITING_INITIAL) [id: 0xe726451f, /127.0.0.1:54145 => /127.0.1.1:45224]: Not closing client connection on middle chunk for /bower_components/jquery-ui/jquery-ui.js
11:39:50.949 [LittleProxy-ProxyToServerWorker-2] DEBUG o.l.p.impl.ProxyToServerConnection - (AWAITING_CHUNK) [id: 0x9953b61f, /127.0.0.1:35274 => localhost/127.0.0.1:9000]: Reading: DefaultHttpContent(data: SlicedByteBuf(ridx: 0, widx: 16384, cap: 16384/16384, unwrapped: UnpooledUnsafeDirectByteBuf(ridx: 65536, widx: 65536, cap: 65536)), decoderResult: success)
11:39:50.949 [LittleProxy-ProxyToServerWorker-2] DEBUG o.l.p.impl.ClientToProxyConnection - (AWAITING_INITIAL) [id: 0xe726451f, /127.0.0.1:54145 => /127.0.1.1:45224]: Retaining reference counted message
11:39:50.949 [LittleProxy-ProxyToServerWorker-2] DEBUG o.l.p.impl.ClientToProxyConnection - (AWAITING_INITIAL) [id: 0xe726451f, /127.0.0.1:54145 => /127.0.1.1:45224]: Writing: DefaultHttpContent(data: SlicedByteBuf(ridx: 0, widx: 16384, cap: 16384/16384, unwrapped: UnpooledUnsafeDirectByteBuf(ridx: 65536, widx: 65536, cap: 65536)), decoderResult: success)
11:39:50.949 [LittleProxy-ProxyToServerWorker-2] DEBUG o.l.p.impl.ClientToProxyConnection - (AWAITING_INITIAL) [id: 0xe726451f, /127.0.0.1:54145 => /127.0.1.1:45224]: Wrote: DefaultHttpContent(data: SlicedByteBuf(ridx: 0, widx: 16384, cap: 16384/16384, unwrapped: UnpooledUnsafeDirectByteBuf(ridx: 65536, widx: 65536, cap: 65536)), decoderResult: success)
11:39:50.949 [LittleProxy-ProxyToServerWorker-2] DEBUG o.l.p.impl.ClientToProxyConnection - (AWAITING_INITIAL) [id: 0xe726451f, /127.0.0.1:54145 => /127.0.1.1:45224]: Not closing server connection on middle chunk for /bower_components/jquery-ui/jquery-ui.js
11:39:50.949 [LittleProxy-ProxyToServerWorker-2] DEBUG o.l.p.impl.ClientToProxyConnection - (AWAITING_INITIAL) [id: 0xe726451f, /127.0.0.1:54145 => /127.0.1.1:45224]: Not closing client connection on middle chunk for /bower_components/jquery-ui/jquery-ui.js
11:39:50.949 [LittleProxy-ProxyToServerWorker-2] DEBUG o.l.p.impl.ProxyToServerConnection - (AWAITING_CHUNK) [id: 0x9953b61f, /127.0.0.1:35274 => localhost/127.0.0.1:9000]: Reading: DefaultHttpContent(data: SlicedByteBuf(ridx: 0, widx: 16384, cap: 16384/16384, unwrapped: UnpooledUnsafeDirectByteBuf(ridx: 65536, widx: 65536, cap: 65536)), decoderResult: success)
11:39:50.949 [LittleProxy-ProxyToServerWorker-2] DEBUG o.l.p.impl.ClientToProxyConnection - (AWAITING_INITIAL) [id: 0xe726451f, /127.0.0.1:54145 => /127.0.1.1:45224]: Retaining reference counted message
11:39:50.949 [LittleProxy-ProxyToServerWorker-2] DEBUG o.l.p.impl.ClientToProxyConnection - (AWAITING_INITIAL) [id: 0xe726451f, /127.0.0.1:54145 => /127.0.1.1:45224]: Writing: DefaultHttpContent(data: SlicedByteBuf(ridx: 0, widx: 16384, cap: 16384/16384, unwrapped: UnpooledUnsafeDirectByteBuf(ridx: 65536, widx: 65536, cap: 65536)), decoderResult: success)
11:39:50.949 [LittleProxy-ProxyToServerWorker-2] DEBUG o.l.p.impl.ClientToProxyConnection - (AWAITING_INITIAL) [id: 0xe726451f, /127.0.0.1:54145 => /127.0.1.1:45224]: Wrote: DefaultHttpContent(data: SlicedByteBuf(ridx: 0, widx: 16384, cap: 16384/16384, unwrapped: UnpooledUnsafeDirectByteBuf(ridx: 65536, widx: 65536, cap: 65536)), decoderResult: success)
11:39:50.949 [LittleProxy-ProxyToServerWorker-2] DEBUG o.l.p.impl.ClientToProxyConnection - (AWAITING_INITIAL) [id: 0xe726451f, /127.0.0.1:54145 => /127.0.1.1:45224]: Not closing server connection on middle chunk for /bower_components/jquery-ui/jquery-ui.js
11:39:50.949 [LittleProxy-ProxyToServerWorker-2] DEBUG o.l.p.impl.ClientToProxyConnection - (AWAITING_INITIAL) [id: 0xe726451f, /127.0.0.1:54145 => /127.0.1.1:45224]: Not closing client connection on middle chunk for /bower_components/jquery-ui/jquery-ui.js
11:39:50.949 [LittleProxy-ProxyToServerWorker-2] DEBUG o.l.p.impl.ProxyToServerConnection - (AWAITING_CHUNK) [id: 0x9953b61f, /127.0.0.1:35274 => localhost/127.0.0.1:9000]: Reading: DefaultHttpContent(data: SlicedByteBuf(ridx: 0, widx: 16384, cap: 16384/16384, unwrapped: UnpooledUnsafeDirectByteBuf(ridx: 65536, widx: 65536, cap: 65536)), decoderResult: success)
11:39:50.949 [LittleProxy-ProxyToServerWorker-2] DEBUG o.l.p.impl.ClientToProxyConnection - (AWAITING_INITIAL) [id: 0xe726451f, /127.0.0.1:54145 => /127.0.1.1:45224]: Retaining reference counted message
11:39:50.949 [LittleProxy-ProxyToServerWorker-2] DEBUG o.l.p.impl.ClientToProxyConnection - (AWAITING_INITIAL) [id: 0xe726451f, /127.0.0.1:54145 => /127.0.1.1:45224]: Writing: DefaultHttpContent(data: SlicedByteBuf(ridx: 0, widx: 16384, cap: 16384/16384, unwrapped: UnpooledUnsafeDirectByteBuf(ridx: 65536, widx: 65536, cap: 65536)), decoderResult: success)
11:39:50.949 [LittleProxy-ProxyToServerWorker-2] DEBUG o.l.p.impl.ClientToProxyConnection - (AWAITING_INITIAL) [id: 0xe726451f, /127.0.0.1:54145 => /127.0.1.1:45224]: Wrote: DefaultHttpContent(data: SlicedByteBuf(ridx: 0, widx: 16384, cap: 16384/16384, unwrapped: UnpooledUnsafeDirectByteBuf(ridx: 65536, widx: 65536, cap: 65536)), decoderResult: success)
11:39:50.949 [LittleProxy-ProxyToServerWorker-2] DEBUG o.l.p.impl.ClientToProxyConnection - (AWAITING_INITIAL) [id: 0xe726451f, /127.0.0.1:54145 => /127.0.1.1:45224]: Not closing server connection on middle chunk for /bower_components/jquery-ui/jquery-ui.js
11:39:50.949 [LittleProxy-ProxyToServerWorker-2] DEBUG o.l.p.impl.ClientToProxyConnection - (AWAITING_INITIAL) [id: 0xe726451f, /127.0.0.1:54145 => /127.0.1.1:45224]: Not closing client connection on middle chunk for /bower_components/jquery-ui/jquery-ui.js
11:39:50.955 [LittleProxy-ProxyToServerWorker-3] DEBUG o.l.p.impl.ProxyToServerConnection - (AWAITING_CHUNK) [id: 0xceaab001, /127.0.0.1:35280 => localhost/127.0.0.1:9000]: Reading: DefaultLastHttpContent(data: SlicedByteBuf(ridx: 0, widx: 3146, cap: 3146/3146, unwrapped: UnpooledUnsafeDirectByteBuf(ridx: 3146, widx: 3146, cap: 8192)), decoderResult: success)
11:39:50.955 [LittleProxy-ProxyToServerWorker-3] DEBUG o.l.p.impl.ClientToProxyConnection - (AWAITING_INITIAL) [id: 0x16fa54b8, /127.0.0.1:54150 => /127.0.1.1:45224]: Retaining reference counted message
11:39:50.955 [LittleProxy-ProxyToServerWorker-3] DEBUG o.l.p.impl.ClientToProxyConnection - (AWAITING_INITIAL) [id: 0x16fa54b8, /127.0.0.1:54150 => /127.0.1.1:45224]: Writing: DefaultLastHttpContent(data: SlicedByteBuf(ridx: 0, widx: 3146, cap: 3146/3146, unwrapped: UnpooledUnsafeDirectByteBuf(ridx: 3146, widx: 3146, cap: 8192)), decoderResult: success)
11:39:50.955 [LittleProxy-ProxyToServerWorker-3] DEBUG o.l.p.impl.ClientToProxyConnection - (AWAITING_INITIAL) [id: 0x16fa54b8, /127.0.0.1:54150 => /127.0.1.1:45224]: Writing an empty buffer to signal the end of our chunked transfer
11:39:50.955 [LittleProxy-ProxyToServerWorker-3] DEBUG o.l.p.impl.ClientToProxyConnection - (AWAITING_INITIAL) [id: 0x16fa54b8, /127.0.0.1:54150 => /127.0.1.1:45224]: Wrote: DefaultLastHttpContent(data: SlicedByteBuf(ridx: 0, widx: 3146, cap: 3146/3146, unwrapped: UnpooledUnsafeDirectByteBuf(ridx: 3146, widx: 3146, cap: 8192)), decoderResult: success)
11:39:50.955 [LittleProxy-ProxyToServerWorker-3] DEBUG o.l.p.impl.ClientToProxyConnection - (AWAITING_INITIAL) [id: 0x16fa54b8, /127.0.0.1:54150 => /127.0.1.1:45224]: Retaining reference counted message
11:39:50.955 [LittleProxy-ProxyToServerWorker-3] DEBUG o.l.p.impl.ClientToProxyConnection - (AWAITING_INITIAL) [id: 0x16fa54b8, /127.0.0.1:54150 => /127.0.1.1:45224]: Writing: EmptyByteBufBE
11:39:50.987 [LittleProxy-ProxyToServerWorker-3] DEBUG o.l.p.impl.ClientToProxyConnection - (AWAITING_INITIAL) [id: 0x16fa54b8, /127.0.0.1:54150 => /127.0.1.1:45224]: Wrote: EmptyByteBufBE
11:39:50.987 [LittleProxy-ProxyToServerWorker-7] DEBUG o.l.p.impl.ProxyToServerConnection - (AWAITING_CHUNK) [id: 0x700df78a, /127.0.0.1:35283 => localhost/127.0.0.1:9000]: Reading: DefaultHttpContent(data: SlicedByteBuf(ridx: 0, widx: 16384, cap: 16384/16384, unwrapped: UnpooledUnsafeDirectByteBuf(ridx: 47559, widx: 47559, cap: 65536)), decoderResult: success)
11:39:50.987 [LittleProxy-ProxyToServerWorker-2] DEBUG o.l.p.impl.ProxyToServerConnection - (AWAITING_CHUNK) [id: 0x9953b61f, /127.0.0.1:35274 => localhost/127.0.0.1:9000]: Reading: DefaultLastHttpContent(data: SlicedByteBuf(ridx: 0, widx: 10604, cap: 10604/10604, unwrapped: UnpooledUnsafeDirectByteBuf(ridx: 10604, widx: 10604, cap: 65536)), decoderResult: success)
11:39:50.987 [LittleProxy-ProxyToServerWorker-6] DEBUG o.l.p.impl.ProxyToServerConnection - (AWAITING_INITIAL) [id: 0x15efad94, /127.0.0.1:35282 => localhost/127.0.0.1:9000]: Remembering the current request.
11:39:50.987 [LittleProxy-ProxyToServerWorker-5] DEBUG o.l.p.impl.ProxyToServerConnection - (AWAITING_INITIAL) [id: 0x97bd59d1, /127.0.0.1:35281 => localhost/127.0.0.1:9000]: Remembering the current request.
11:39:50.987 [LittleProxy-ProxyToServerWorker-3] DEBUG o.l.p.impl.ClientToProxyConnection - (AWAITING_INITIAL) [id: 0x16fa54b8, /127.0.0.1:54150 => /127.0.1.1:45224]: Handling last chunk. Using normal server connection closing rules.
11:39:50.987 [LittleProxy-ProxyToServerWorker-7] DEBUG o.l.p.impl.ClientToProxyConnection - (AWAITING_INITIAL) [id: 0x4dc93f85, /127.0.0.1:54147 => /127.0.1.1:45224]: Retaining reference counted message
11:39:50.987 [LittleProxy-ProxyToServerWorker-2] DEBUG o.l.p.impl.ClientToProxyConnection - (AWAITING_INITIAL) [id: 0xe726451f, /127.0.0.1:54145 => /127.0.1.1:45224]: Retaining reference counted message
11:39:50.987 [LittleProxy-ProxyToServerWorker-6] DEBUG o.l.p.impl.ProxyToServerConnection - (AWAITING_INITIAL) [id: 0x15efad94, /127.0.0.1:35282 => localhost/127.0.0.1:9000]: Reading: DefaultHttpResponse(decodeResult: success, version: HTTP/1.1)
HTTP/1.1 200 OK
Accept-Ranges: bytes
Date: Tue, 08 Sep 2015 10:39:50 GMT
Cache-Control: public, max-age=0
Last-Modified: Wed, 29 Oct 2014 15:11:16 GMT
ETag: W/"VMvR0548uLoC728e/estXw=="
Content-Type: application/javascript
Content-Length: 8202
Connection: keep-alive
11:39:50.987 [LittleProxy-ProxyToServerWorker-4] DEBUG o.l.p.impl.ProxyToServerConnection - (AWAITING_INITIAL) [id: 0xb51d3331, /127.0.0.1:35284 => localhost/127.0.0.1:9000]: Remembering the current request.
11:39:50.987 [LittleProxy-ProxyToServerWorker-5] DEBUG o.l.p.impl.ProxyToServerConnection - (AWAITING_INITIAL) [id: 0x97bd59d1, /127.0.0.1:35281 => localhost/127.0.0.1:9000]: Reading: DefaultHttpResponse(decodeResult: success, version: HTTP/1.1)
HTTP/1.1 200 OK
Accept-Ranges: bytes
Date: Tue, 08 Sep 2015 10:39:50 GMT
Cache-Control: public, max-age=0
Last-Modified: Fri, 26 Sep 2014 16:09:39 GMT
ETag: W/"LRlCSay4kesfe5r8mk06cQ=="
Content-Type: application/javascript
Content-Length: 141352
Connection: keep-alive
11:39:50.989 [LittleProxy-ClientToProxyWorker-6] DEBUG o.l.p.impl.ClientToProxyConnection - (AWAITING_INITIAL) [id: 0x16fa54b8, /127.0.0.1:54150 => /127.0.1.1:45224]: Reading: HttpObjectAggregator$AggregatedFullHttpRequest(decodeResult: success, version: HTTP/1.1, content: CompositeByteBuf(ridx: 0, widx: 0, cap: 0, components=0))
GET http://localhost:9000/bower_components/angular-dialog-service/dist/dialogs-default-translations.min.js HTTP/1.1
Host: localhost:9000
Proxy-Connection: keep-alive
Accept: */*
User-Agent: Mozilla/5.0 (X11; Linux x86_64) AppleWebKit/537.36 (KHTML, like Gecko) Chrome/44.0.2403.130 Safari/537.36
Referer: http://localhost:9000/
Accept-Encoding: gzip, deflate, sdch
Accept-Language: en-GB,en-US;q=0.8,en;q=0.6
Content-Length: 0
11:39:50.989 [LittleProxy-ProxyToServerWorker-3] DEBUG o.l.p.impl.ClientToProxyConnection - (AWAITING_INITIAL) [id: 0x16fa54b8, /127.0.0.1:54150 => /127.0.1.1:45224]: Not closing server connection for response: DefaultHttpResponse(decodeResult: success, version: HTTP/1.1)
HTTP/1.1 200 OK
Accept-Ranges: bytes
Date: Tue, 08 Sep 2015 10:39:50 GMT
Cache-Control: public, max-age=0
Last-Modified: Thu, 09 Oct 2014 19:57:34 GMT
ETag: W/"THKbSj+hkZwWUNHnkgOy7A=="
Content-Type: application/javascript
Content-Length: 3146
Connection: keep-alive
11:39:50.989 [LittleProxy-ProxyToServerWorker-7] DEBUG o.l.p.impl.ClientToProxyConnection - (AWAITING_INITIAL) [id: 0x4dc93f85, /127.0.0.1:54147 => /127.0.1.1:45224]: Writing: DefaultHttpContent(data: SlicedByteBuf(ridx: 0, widx: 16384, cap: 16384/16384, unwrapped: UnpooledUnsafeDirectByteBuf(ridx: 47559, widx: 47559, cap: 65536)), decoderResult: success)
11:39:50.989 [LittleProxy-ProxyToServerWorker-2] DEBUG o.l.p.impl.ClientToProxyConnection - (AWAITING_INITIAL) [id: 0xe726451f, /127.0.0.1:54145 => /127.0.1.1:45224]: Writing: DefaultLastHttpContent(data: SlicedByteBuf(ridx: 0, widx: 10604, cap: 10604/10604, unwrapped: UnpooledUnsafeDirectByteBuf(ridx: 10604, widx: 10604, cap: 65536)), decoderResult: success)
11:39:50.989 [LittleProxy-ProxyToServerWorker-6] DEBUG o.l.p.impl.ProxyToServerConnection - (AWAITING_INITIAL) [id: 0x15efad94, /127.0.0.1:35282 => localhost/127.0.0.1:9000]: Received raw response: DefaultHttpResponse(decodeResult: success, version: HTTP/1.1)
HTTP/1.1 200 OK
Accept-Ranges: bytes
Date: Tue, 08 Sep 2015 10:39:50 GMT
Cache-Control: public, max-age=0
Last-Modified: Wed, 29 Oct 2014 15:11:16 GMT
ETag: W/"VMvR0548uLoC728e/estXw=="
Content-Type: application/javascript
Content-Length: 8202
Connection: keep-alive
11:39:50.990 [LittleProxy-ProxyToServerWorker-4] DEBUG o.l.p.impl.ProxyToServerConnection - (AWAITING_INITIAL) [id: 0xb51d3331, /127.0.0.1:35284 => localhost/127.0.0.1:9000]: Reading: DefaultHttpResponse(decodeResult: success, version: HTTP/1.1)
HTTP/1.1 200 OK
Accept-Ranges: bytes
Date: Tue, 08 Sep 2015 10:39:50 GMT
Cache-Control: public, max-age=0
Last-Modified: Wed, 02 Apr 2014 19:49:06 GMT
ETag: W/"Qr8bSGyROw3+KAAWcf73RA=="
Content-Type: application/javascript
Content-Length: 34402
Connection: keep-alive
11:39:50.990 [LittleProxy-ProxyToServerWorker-5] DEBUG o.l.p.impl.ProxyToServerConnection - (AWAITING_INITIAL) [id: 0x97bd59d1, /127.0.0.1:35281 => localhost/127.0.0.1:9000]: Received raw response: DefaultHttpResponse(decodeResult: success, version: HTTP/1.1)
HTTP/1.1 200 OK
Accept-Ranges: bytes
Date: Tue, 08 Sep 2015 10:39:50 GMT
Cache-Control: public, max-age=0
Last-Modified: Fri, 26 Sep 2014 16:09:39 GMT
ETag: W/"LRlCSay4kesfe5r8mk06cQ=="
Content-Type: application/javascript
Content-Length: 141352
Connection: keep-alive
11:39:50.990 [LittleProxy-ClientToProxyWorker-6] DEBUG o.l.p.impl.ClientToProxyConnection - (AWAITING_INITIAL) [id: 0x16fa54b8, /127.0.0.1:54150 => /127.0.1.1:45224]: Got request: HttpObjectAggregator$AggregatedFullHttpRequest(decodeResult: success, version: HTTP/1.1, content: CompositeByteBuf(ridx: 0, widx: 0, cap: 0, components=0))
GET http://localhost:9000/bower_components/angular-dialog-service/dist/dialogs-default-translations.min.js HTTP/1.1
Host: localhost:9000
Proxy-Connection: keep-alive
Accept: */*
User-Agent: Mozilla/5.0 (X11; Linux x86_64) AppleWebKit/537.36 (KHTML, like Gecko) Chrome/44.0.2403.130 Safari/537.36
Referer: http://localhost:9000/
Accept-Encoding: gzip, deflate, sdch
Accept-Language: en-GB,en-US;q=0.8,en;q=0.6
Content-Length: 0
11:39:50.990 [LittleProxy-ProxyToServerWorker-3] DEBUG o.l.p.impl.ClientToProxyConnection - (AWAITING_INITIAL) [id: 0x16fa54b8, /127.0.0.1:54150 => /127.0.1.1:45224]: Handling last chunk. Using normal client connection closing rules.
11:39:50.990 [LittleProxy-ProxyToServerWorker-7] DEBUG o.l.p.impl.ClientToProxyConnection - (AWAITING_INITIAL) [id: 0x4dc93f85, /127.0.0.1:54147 => /127.0.1.1:45224]: Wrote: DefaultHttpContent(data: SlicedByteBuf(ridx: 0, widx: 16384, cap: 16384/16384, unwrapped: UnpooledUnsafeDirectByteBuf(ridx: 47559, widx: 47559, cap: 65536)), decoderResult: success)
11:39:50.990 [LittleProxy-ProxyToServerWorker-2] DEBUG o.l.p.impl.ClientToProxyConnection - (AWAITING_INITIAL) [id: 0xe726451f, /127.0.0.1:54145 => /127.0.1.1:45224]: Writing an empty buffer to signal the end of our chunked transfer
11:39:50.990 [LittleProxy-ProxyToServerWorker-6] DEBUG o.l.p.impl.ProxyToServerConnection - (AWAITING_INITIAL) [id: 0x15efad94, /127.0.0.1:35282 => localhost/127.0.0.1:9000]: Remembering the current response.
11:39:50.990 [LittleProxy-ProxyToServerWorker-4] DEBUG o.l.p.impl.ProxyToServerConnection - (AWAITING_INITIAL) [id: 0xb51d3331, /127.0.0.1:35284 => localhost/127.0.0.1:9000]: Received raw response: DefaultHttpResponse(decodeResult: success, version: HTTP/1.1)
HTTP/1.1 200 OK
Accept-Ranges: bytes
Date: Tue, 08 Sep 2015 10:39:50 GMT
Cache-Control: public, max-age=0
Last-Modified: Wed, 02 Apr 2014 19:49:06 GMT
ETag: W/"Qr8bSGyROw3+KAAWcf73RA=="
Content-Type: application/javascript
Content-Length: 34402
Connection: keep-alive
11:39:50.991 [LittleProxy-ProxyToServerWorker-5] DEBUG o.l.p.impl.ProxyToServerConnection - (AWAITING_INITIAL) [id: 0x97bd59d1, /127.0.0.1:35281 => localhost/127.0.0.1:9000]: Remembering the current response.
11:39:50.991 [LittleProxy-ClientToProxyWorker-6] DEBUG o.l.p.impl.ClientToProxyConnection - (AWAITING_INITIAL) [id: 0x16fa54b8, /127.0.0.1:54150 => /127.0.1.1:45224]: Ensuring that hostAndPort are available in http://localhost:9000/bower_components/angular-dialog-service/dist/dialogs-default-translations.min.js
11:39:50.991 [LittleProxy-ProxyToServerWorker-3] DEBUG o.l.p.impl.ClientToProxyConnection - (AWAITING_INITIAL) [id: 0x16fa54b8, /127.0.0.1:54150 => /127.0.1.1:45224]: Not closing client connection for request: [FAILED toString()]
11:39:50.991 [LittleProxy-ProxyToServerWorker-7] DEBUG o.l.p.impl.ClientToProxyConnection - (AWAITING_INITIAL) [id: 0x4dc93f85, /127.0.0.1:54147 => /127.0.1.1:45224]: Not closing server connection on middle chunk for /bower_components/underscore/underscore.js
11:39:50.991 [LittleProxy-ProxyToServerWorker-2] DEBUG o.l.p.impl.ClientToProxyConnection - (AWAITING_INITIAL) [id: 0xe726451f, /127.0.0.1:54145 => /127.0.1.1:45224]: Wrote: DefaultLastHttpContent(data: SlicedByteBuf(ridx: 0, widx: 10604, cap: 10604/10604, unwrapped: UnpooledUnsafeDirectByteBuf(ridx: 10604, widx: 10604, cap: 65536)), decoderResult: success)
11:39:50.992 [LittleProxy-ProxyToServerWorker-6] DEBUG o.l.p.impl.ClientToProxyConnection - (AWAITING_INITIAL) [id: 0x87242349, /127.0.0.1:54149 => /127.0.1.1:45224]: Writing: DefaultHttpResponse(decodeResult: success, version: HTTP/1.1)
HTTP/1.1 200 OK
Accept-Ranges: bytes
Date: Tue, 08 Sep 2015 10:39:50 GMT
Cache-Control: public, max-age=0
Last-Modified: Wed, 29 Oct 2014 15:11:16 GMT
ETag: W/"VMvR0548uLoC728e/estXw=="
Content-Type: application/javascript
Content-Length: 8202
Via: 1.1 localhost.localdomain
11:39:50.992 [LittleProxy-ProxyToServerWorker-4] DEBUG o.l.p.impl.ProxyToServerConnection - (AWAITING_INITIAL) [id: 0xb51d3331, /127.0.0.1:35284 => localhost/127.0.0.1:9000]: Remembering the current response.
11:39:50.992 [LittleProxy-ClientToProxyWorker-6] DEBUG o.l.p.impl.ClientToProxyConnection - (AWAITING_INITIAL) [id: 0x16fa54b8, /127.0.0.1:54150 => /127.0.1.1:45224]: Finding ProxyToServerConnection for: localhost:9000
11:39:50.992 [LittleProxy-ProxyToServerWorker-5] DEBUG o.l.p.impl.ClientToProxyConnection - (AWAITING_INITIAL) [id: 0xa74abe3b, /127.0.0.1:54151 => /127.0.1.1:45224]: Writing: DefaultHttpResponse(decodeResult: success, version: HTTP/1.1)
HTTP/1.1 200 OK
Accept-Ranges: bytes
Date: Tue, 08 Sep 2015 10:39:50 GMT
Cache-Control: public, max-age=0
Last-Modified: Fri, 26 Sep 2014 16:09:39 GMT
ETag: W/"LRlCSay4kesfe5r8mk06cQ=="
Content-Type: application/javascript
Content-Length: 141352
Via: 1.1 localhost.localdomain
11:39:50.992 [LittleProxy-ProxyToServerWorker-7] DEBUG o.l.p.impl.ClientToProxyConnection - (AWAITING_INITIAL) [id: 0x4dc93f85, /127.0.0.1:54147 => /127.0.1.1:45224]: Not closing client connection on middle chunk for /bower_components/underscore/underscore.js
11:39:50.992 [LittleProxy-ProxyToServerWorker-2] DEBUG o.l.p.impl.ClientToProxyConnection - (AWAITING_INITIAL) [id: 0xe726451f, /127.0.0.1:54145 => /127.0.1.1:45224]: Retaining reference counted message
11:39:50.993 [LittleProxy-ProxyToServerWorker-6] DEBUG o.l.p.impl.ClientToProxyConnection - (AWAITING_INITIAL) [id: 0x87242349, /127.0.0.1:54149 => /127.0.1.1:45224]: Wrote: DefaultHttpResponse(decodeResult: success, version: HTTP/1.1)
HTTP/1.1 200 OK
Accept-Ranges: bytes
Date: Tue, 08 Sep 2015 10:39:50 GMT
Cache-Control: public, max-age=0
Last-Modified: Wed, 29 Oct 2014 15:11:16 GMT
ETag: W/"VMvR0548uLoC728e/estXw=="
Content-Type: application/javascript
Content-Length: 8202
Via: 1.1 localhost.localdomain
11:39:50.993 [LittleProxy-ClientToProxyWorker-6] DEBUG o.l.p.impl.ClientToProxyConnection - (AWAITING_INITIAL) [id: 0x16fa54b8, /127.0.0.1:54150 => /127.0.1.1:45224]: Reusing existing server connection: org.littleshoot.proxy.impl.ProxyToServerConnection@4072e2c4
11:39:50.993 [LittleProxy-ProxyToServerWorker-4] DEBUG o.l.p.impl.ClientToProxyConnection - (AWAITING_INITIAL) [id: 0x1e5765f0, /127.0.0.1:54148 => /127.0.1.1:45224]: Writing: DefaultHttpResponse(decodeResult: success, version: HTTP/1.1)
HTTP/1.1 200 OK
Accept-Ranges: bytes
Date: Tue, 08 Sep 2015 10:39:50 GMT
Cache-Control: public, max-age=0
Last-Modified: Wed, 02 Apr 2014 19:49:06 GMT
ETag: W/"Qr8bSGyROw3+KAAWcf73RA=="
Content-Type: application/javascript
Content-Length: 34402
Via: 1.1 localhost.localdomain
11:39:50.993 [LittleProxy-ProxyToServerWorker-5] DEBUG o.l.p.impl.ClientToProxyConnection - (AWAITING_INITIAL) [id: 0xa74abe3b, /127.0.0.1:54151 => /127.0.1.1:45224]: Wrote: DefaultHttpResponse(decodeResult: success, version: HTTP/1.1)
HTTP/1.1 200 OK
Accept-Ranges: bytes
Date: Tue, 08 Sep 2015 10:39:50 GMT
Cache-Control: public, max-age=0
Last-Modified: Fri, 26 Sep 2014 16:09:39 GMT
ETag: W/"LRlCSay4kesfe5r8mk06cQ=="
Content-Type: application/javascript
Content-Length: 141352
Via: 1.1 localhost.localdomain
11:39:50.993 [LittleProxy-ProxyToServerWorker-2] DEBUG o.l.p.impl.ClientToProxyConnection - (AWAITING_INITIAL) [id: 0xe726451f, /127.0.0.1:54145 => /127.0.1.1:45224]: Writing: EmptyByteBufBE
11:39:50.993 [LittleProxy-ProxyToServerWorker-7] DEBUG o.l.p.impl.ProxyToServerConnection - (AWAITING_CHUNK) [id: 0x700df78a, /127.0.0.1:35283 => localhost/127.0.0.1:9000]: Reading: DefaultHttpContent(data: SlicedByteBuf(ridx: 0, widx: 16384, cap: 16384/16384, unwrapped: UnpooledUnsafeDirectByteBuf(ridx: 47559, widx: 47559, cap: 65536)), decoderResult: success)
11:39:50.993 [LittleProxy-ProxyToServerWorker-6] DEBUG o.l.p.impl.ClientToProxyConnection - (AWAITING_INITIAL) [id: 0x87242349, /127.0.0.1:54149 => /127.0.1.1:45224]: Not closing server connection on middle chunk for /bower_components/angular-dialog-service/dist/dialogs.min.js
11:39:50.993 [LittleProxy-ClientToProxyWorker-6] DEBUG o.l.p.impl.ClientToProxyConnection - (AWAITING_INITIAL) [id: 0x16fa54b8, /127.0.0.1:54150 => /127.0.1.1:45224]: Modifying request headers for proxying
11:39:50.993 [LittleProxy-ProxyToServerWorker-4] DEBUG o.l.p.impl.ClientToProxyConnection - (AWAITING_INITIAL) [id: 0x1e5765f0, /127.0.0.1:54148 => /127.0.1.1:45224]: Wrote: DefaultHttpResponse(decodeResult: success, version: HTTP/1.1)
HTTP/1.1 200 OK
Accept-Ranges: bytes
Date: Tue, 08 Sep 2015 10:39:50 GMT
Cache-Control: public, max-age=0
Last-Modified: Wed, 02 Apr 2014 19:49:06 GMT
ETag: W/"Qr8bSGyROw3+KAAWcf73RA=="
Content-Type: application/javascript
Content-Length: 34402
Via: 1.1 localhost.localdomain
11:39:50.993 [LittleProxy-ProxyToServerWorker-5] DEBUG o.l.p.impl.ClientToProxyConnection - (AWAITING_INITIAL) [id: 0xa74abe3b, /127.0.0.1:54151 => /127.0.1.1:45224]: Not closing server connection on middle chunk for /bower_components/angular-bootstrap/ui-bootstrap-tpls.js
11:39:50.993 [LittleProxy-ProxyToServerWorker-2] DEBUG o.l.p.impl.ClientToProxyConnection - (AWAITING_INITIAL) [id: 0xe726451f, /127.0.0.1:54145 => /127.0.1.1:45224]: Wrote: EmptyByteBufBE
11:39:50.993 [LittleProxy-ProxyToServerWorker-7] DEBUG o.l.p.impl.ClientToProxyConnection - (AWAITING_INITIAL) [id: 0x4dc93f85, /127.0.0.1:54147 => /127.0.1.1:45224]: Retaining reference counted message
11:39:50.993 [LittleProxy-ProxyToServerWorker-6] DEBUG o.l.p.impl.ClientToProxyConnection - (AWAITING_INITIAL) [id: 0x87242349, /127.0.0.1:54149 => /127.0.1.1:45224]: Not closing client connection on middle chunk for /bower_components/angular-dialog-service/dist/dialogs.min.js
11:39:50.993 [LittleProxy-ClientToProxyWorker-6] DEBUG o.l.p.impl.ClientToProxyConnection - (AWAITING_INITIAL) [id: 0x16fa54b8, /127.0.0.1:54150 => /127.0.1.1:45224]: Modifying request for proxy chaining
11:39:50.993 [LittleProxy-ProxyToServerWorker-4] DEBUG o.l.p.impl.ClientToProxyConnection - (AWAITING_INITIAL) [id: 0x1e5765f0, /127.0.0.1:54148 => /127.0.1.1:45224]: Not closing server connection on middle chunk for /bower_components/angular-translate/angular-translate.js
11:39:50.993 [LittleProxy-ProxyToServerWorker-5] DEBUG o.l.p.impl.ClientToProxyConnection - (AWAITING_INITIAL) [id: 0xa74abe3b, /127.0.0.1:54151 => /127.0.1.1:45224]: Not closing client connection on middle chunk for /bower_components/angular-bootstrap/ui-bootstrap-tpls.js
11:39:50.993 [LittleProxy-ProxyToServerWorker-2] DEBUG o.l.p.impl.ClientToProxyConnection - (AWAITING_INITIAL) [id: 0xe726451f, /127.0.0.1:54145 => /127.0.1.1:45224]: Handling last chunk. Using normal server connection closing rules.
11:39:50.993 [LittleProxy-ProxyToServerWorker-7] DEBUG o.l.p.impl.ClientToProxyConnection - (AWAITING_INITIAL) [id: 0x4dc93f85, /127.0.0.1:54147 => /127.0.1.1:45224]: Writing: DefaultHttpContent(data: SlicedByteBuf(ridx: 0, widx: 16384, cap: 16384/16384, unwrapped: UnpooledUnsafeDirectByteBuf(ridx: 47559, widx: 47559, cap: 65536)), decoderResult: success)
11:39:50.994 [LittleProxy-ClientToProxyWorker-6] DEBUG o.l.p.impl.ClientToProxyConnection - (AWAITING_INITIAL) [id: 0x16fa54b8, /127.0.0.1:54150 => /127.0.1.1:45224]: Stripped host from uri: http://localhost:9000/bower_components/angular-dialog-service/dist/dialogs-default-translations.min.js    yielding: /bower_components/angular-dialog-service/dist/dialogs-default-translations.min.js
11:39:50.994 [LittleProxy-ProxyToServerWorker-4] DEBUG o.l.p.impl.ClientToProxyConnection - (AWAITING_INITIAL) [id: 0x1e5765f0, /127.0.0.1:54148 => /127.0.1.1:45224]: Not closing client connection on middle chunk for /bower_components/angular-translate/angular-translate.js
11:39:50.994 [LittleProxy-ProxyToServerWorker-5] DEBUG o.l.p.impl.ProxyToServerConnection - (AWAITING_CHUNK) [id: 0x97bd59d1, /127.0.0.1:35281 => localhost/127.0.0.1:9000]: Reading: DefaultHttpContent(data: SlicedByteBuf(ridx: 0, widx: 16384, cap: 16384/16384, unwrapped: UnpooledUnsafeDirectByteBuf(ridx: 65536, widx: 65536, cap: 65536)), decoderResult: success)
11:39:50.994 [LittleProxy-ProxyToServerWorker-2] DEBUG o.l.p.impl.ClientToProxyConnection - (AWAITING_INITIAL) [id: 0xe726451f, /127.0.0.1:54145 => /127.0.1.1:45224]: Not closing server connection for response: DefaultHttpResponse(decodeResult: success, version: HTTP/1.1)
HTTP/1.1 200 OK
Accept-Ranges: bytes
Date: Tue, 08 Sep 2015 10:39:50 GMT
Cache-Control: public, max-age=0
Last-Modified: Fri, 17 Oct 2014 06:40:12 GMT
ETag: W/"O+T26lwvkVKnu2VG/qDXZQ=="
Content-Type: application/javascript
Content-Length: 469356
Connection: keep-alive
11:39:50.994 [LittleProxy-ProxyToServerWorker-7] DEBUG o.l.p.impl.ClientToProxyConnection - (AWAITING_INITIAL) [id: 0x4dc93f85, /127.0.0.1:54147 => /127.0.1.1:45224]: Wrote: DefaultHttpContent(data: SlicedByteBuf(ridx: 0, widx: 16384, cap: 16384/16384, unwrapped: UnpooledUnsafeDirectByteBuf(ridx: 47559, widx: 47559, cap: 65536)), decoderResult: success)
11:39:50.994 [LittleProxy-ClientToProxyWorker-6] DEBUG o.l.p.impl.ClientToProxyConnection - (AWAITING_INITIAL) [id: 0x16fa54b8, /127.0.0.1:54150 => /127.0.1.1:45224]: Removed sdch and inserted: gzip, deflate, 
11:39:50.994 [LittleProxy-ProxyToServerWorker-5] DEBUG o.l.p.impl.ClientToProxyConnection - (AWAITING_INITIAL) [id: 0xa74abe3b, /127.0.0.1:54151 => /127.0.1.1:45224]: Retaining reference counted message
11:39:50.994 [LittleProxy-ProxyToServerWorker-2] DEBUG o.l.p.impl.ClientToProxyConnection - (AWAITING_INITIAL) [id: 0xe726451f, /127.0.0.1:54145 => /127.0.1.1:45224]: Handling last chunk. Using normal client connection closing rules.
11:39:50.994 [LittleProxy-ProxyToServerWorker-7] DEBUG o.l.p.impl.ClientToProxyConnection - (AWAITING_INITIAL) [id: 0x4dc93f85, /127.0.0.1:54147 => /127.0.1.1:45224]: Not closing server connection on middle chunk for /bower_components/underscore/underscore.js
11:39:50.994 [LittleProxy-ClientToProxyWorker-6] DEBUG o.l.p.impl.ClientToProxyConnection - (AWAITING_INITIAL) [id: 0x16fa54b8, /127.0.0.1:54150 => /127.0.1.1:45224]: Writing request to ProxyToServerConnection
11:39:50.994 [LittleProxy-ProxyToServerWorker-5] DEBUG o.l.p.impl.ClientToProxyConnection - (AWAITING_INITIAL) [id: 0xa74abe3b, /127.0.0.1:54151 => /127.0.1.1:45224]: Writing: DefaultHttpContent(data: SlicedByteBuf(ridx: 0, widx: 16384, cap: 16384/16384, unwrapped: UnpooledUnsafeDirectByteBuf(ridx: 65536, widx: 65536, cap: 65536)), decoderResult: success)
11:39:50.994 [LittleProxy-ProxyToServerWorker-7] DEBUG o.l.p.impl.ClientToProxyConnection - (AWAITING_INITIAL) [id: 0x4dc93f85, /127.0.0.1:54147 => /127.0.1.1:45224]: Not closing client connection on middle chunk for /bower_components/underscore/underscore.js
11:39:50.994 [LittleProxy-ClientToProxyWorker-6] DEBUG o.l.p.impl.ProxyToServerConnection - (AWAITING_INITIAL) [id: 0xceaab001, /127.0.0.1:35280 => localhost/127.0.0.1:9000]: Requested write of HttpObjectAggregator$AggregatedFullHttpRequest(decodeResult: success, version: HTTP/1.1, content: CompositeByteBuf(ridx: 0, widx: 0, cap: 0, components=0))
GET /bower_components/angular-dialog-service/dist/dialogs-default-translations.min.js HTTP/1.1
Host: localhost:9000
Accept: */*
User-Agent: Mozilla/5.0 (X11; Linux x86_64) AppleWebKit/537.36 (KHTML, like Gecko) Chrome/44.0.2403.130 Safari/537.36
Referer: http://localhost:9000/
Accept-Language: en-GB,en-US;q=0.8,en;q=0.6
Content-Length: 0
Accept-Encoding: gzip, deflate, 
Via: 1.1 localhost.localdomain
11:39:50.994 [LittleProxy-ProxyToServerWorker-5] DEBUG o.l.p.impl.ClientToProxyConnection - (AWAITING_INITIAL) [id: 0xa74abe3b, /127.0.0.1:54151 => /127.0.1.1:45224]: Wrote: DefaultHttpContent(data: SlicedByteBuf(ridx: 0, widx: 16384, cap: 16384/16384, unwrapped: UnpooledUnsafeDirectByteBuf(ridx: 65536, widx: 65536, cap: 65536)), decoderResult: success)
11:39:50.995 [LittleProxy-ProxyToServerWorker-7] DEBUG o.l.p.impl.ProxyToServerConnection - (AWAITING_CHUNK) [id: 0x700df78a, /127.0.0.1:35283 => localhost/127.0.0.1:9000]: Reading: DefaultLastHttpContent(data: SlicedByteBuf(ridx: 0, widx: 14791, cap: 14791/14791, unwrapped: UnpooledUnsafeDirectByteBuf(ridx: 47559, widx: 47559, cap: 65536)), decoderResult: success)
11:39:50.995 [LittleProxy-ProxyToServerWorker-2] DEBUG o.l.p.impl.ClientToProxyConnection - (AWAITING_INITIAL) [id: 0xe726451f, /127.0.0.1:54145 => /127.0.1.1:45224]: Not closing client connection for request: [FAILED toString()]
11:39:50.995 [LittleProxy-ProxyToServerWorker-4] DEBUG o.l.p.impl.ProxyToServerConnection - (AWAITING_CHUNK) [id: 0xb51d3331, /127.0.0.1:35284 => localhost/127.0.0.1:9000]: Reading: DefaultHttpContent(data: SlicedByteBuf(ridx: 0, widx: 1024, cap: 1024/1024, unwrapped: UnpooledUnsafeDirectByteBuf(ridx: 1024, widx: 1024, cap: 1024)), decoderResult: success)
11:39:50.995 [LittleProxy-ClientToProxyWorker-6] DEBUG o.l.p.impl.ProxyToServerConnection - (AWAITING_INITIAL) [id: 0xceaab001, /127.0.0.1:35280 => localhost/127.0.0.1:9000]: Retaining reference counted message
11:39:50.995 [LittleProxy-ProxyToServerWorker-5] DEBUG o.l.p.impl.ClientToProxyConnection - (AWAITING_INITIAL) [id: 0xa74abe3b, /127.0.0.1:54151 => /127.0.1.1:45224]: Not closing server connection on middle chunk for /bower_components/angular-bootstrap/ui-bootstrap-tpls.js
11:39:50.995 [LittleProxy-ProxyToServerWorker-7] DEBUG o.l.p.impl.ClientToProxyConnection - (AWAITING_INITIAL) [id: 0x4dc93f85, /127.0.0.1:54147 => /127.0.1.1:45224]: Retaining reference counted message
11:39:50.995 [LittleProxy-ProxyToServerWorker-4] DEBUG o.l.p.impl.ClientToProxyConnection - (AWAITING_INITIAL) [id: 0x1e5765f0, /127.0.0.1:54148 => /127.0.1.1:45224]: Retaining reference counted message
11:39:50.996 [LittleProxy-ClientToProxyWorker-6] DEBUG o.l.p.impl.ProxyToServerConnection - (AWAITING_INITIAL) [id: 0xceaab001, /127.0.0.1:35280 => localhost/127.0.0.1:9000]: Using existing connection to: localhost/127.0.0.1:9000
11:39:50.996 [LittleProxy-ProxyToServerWorker-5] DEBUG o.l.p.impl.ClientToProxyConnection - (AWAITING_INITIAL) [id: 0xa74abe3b, /127.0.0.1:54151 => /127.0.1.1:45224]: Not closing client connection on middle chunk for /bower_components/angular-bootstrap/ui-bootstrap-tpls.js
11:39:50.996 [LittleProxy-ProxyToServerWorker-7] DEBUG o.l.p.impl.ClientToProxyConnection - (AWAITING_INITIAL) [id: 0x4dc93f85, /127.0.0.1:54147 => /127.0.1.1:45224]: Writing: DefaultLastHttpContent(data: SlicedByteBuf(ridx: 0, widx: 14791, cap: 14791/14791, unwrapped: UnpooledUnsafeDirectByteBuf(ridx: 47559, widx: 47559, cap: 65536)), decoderResult: success)
11:39:50.996 [LittleProxy-ProxyToServerWorker-4] DEBUG o.l.p.impl.ClientToProxyConnection - (AWAITING_INITIAL) [id: 0x1e5765f0, /127.0.0.1:54148 => /127.0.1.1:45224]: Writing: DefaultHttpContent(data: SlicedByteBuf(ridx: 0, widx: 1024, cap: 1024/1024, unwrapped: UnpooledUnsafeDirectByteBuf(ridx: 1024, widx: 1024, cap: 1024)), decoderResult: success)
11:39:50.996 [LittleProxy-ClientToProxyWorker-6] DEBUG o.l.p.impl.ProxyToServerConnection - (AWAITING_INITIAL) [id: 0xceaab001, /127.0.0.1:35280 => localhost/127.0.0.1:9000]: Writing: HttpObjectAggregator$AggregatedFullHttpRequest(decodeResult: success, version: HTTP/1.1, content: CompositeByteBuf(ridx: 0, widx: 0, cap: 0, components=0))
GET /bower_components/angular-dialog-service/dist/dialogs-default-translations.min.js HTTP/1.1
Host: localhost:9000
Accept: */*
User-Agent: Mozilla/5.0 (X11; Linux x86_64) AppleWebKit/537.36 (KHTML, like Gecko) Chrome/44.0.2403.130 Safari/537.36
Referer: http://localhost:9000/
Accept-Language: en-GB,en-US;q=0.8,en;q=0.6
Content-Length: 0
Accept-Encoding: gzip, deflate, 
Via: 1.1 localhost.localdomain
11:39:50.996 [LittleProxy-ProxyToServerWorker-5] DEBUG o.l.p.impl.ProxyToServerConnection - (AWAITING_CHUNK) [id: 0x97bd59d1, /127.0.0.1:35281 => localhost/127.0.0.1:9000]: Reading: DefaultHttpContent(data: SlicedByteBuf(ridx: 0, widx: 16384, cap: 16384/16384, unwrapped: UnpooledUnsafeDirectByteBuf(ridx: 65536, widx: 65536, cap: 65536)), decoderResult: success)
11:39:50.996 [LittleProxy-ProxyToServerWorker-7] DEBUG o.l.p.impl.ClientToProxyConnection - (AWAITING_INITIAL) [id: 0x4dc93f85, /127.0.0.1:54147 => /127.0.1.1:45224]: Writing an empty buffer to signal the end of our chunked transfer
11:39:50.996 [LittleProxy-ProxyToServerWorker-4] DEBUG o.l.p.impl.ClientToProxyConnection - (AWAITING_INITIAL) [id: 0x1e5765f0, /127.0.0.1:54148 => /127.0.1.1:45224]: Wrote: DefaultHttpContent(data: SlicedByteBuf(ridx: 0, widx: 1024, cap: 1024/1024, unwrapped: UnpooledUnsafeDirectByteBuf(ridx: 1024, widx: 1024, cap: 1024)), decoderResult: success)
11:39:50.996 [LittleProxy-ClientToProxyWorker-6] DEBUG o.l.p.impl.ProxyToServerConnection - (AWAITING_INITIAL) [id: 0xceaab001, /127.0.0.1:35280 => localhost/127.0.0.1:9000]: Writing an empty buffer to signal the end of our chunked transfer
11:39:50.996 [LittleProxy-ProxyToServerWorker-5] DEBUG o.l.p.impl.ClientToProxyConnection - (AWAITING_INITIAL) [id: 0xa74abe3b, /127.0.0.1:54151 => /127.0.1.1:45224]: Retaining reference counted message
11:39:50.996 [LittleProxy-ProxyToServerWorker-7] DEBUG o.l.p.impl.ClientToProxyConnection - (AWAITING_INITIAL) [id: 0x4dc93f85, /127.0.0.1:54147 => /127.0.1.1:45224]: Wrote: DefaultLastHttpContent(data: SlicedByteBuf(ridx: 0, widx: 14791, cap: 14791/14791, unwrapped: UnpooledUnsafeDirectByteBuf(ridx: 47559, widx: 47559, cap: 65536)), decoderResult: success)
11:39:50.996 [LittleProxy-ProxyToServerWorker-4] DEBUG o.l.p.impl.ClientToProxyConnection - (AWAITING_INITIAL) [id: 0x1e5765f0, /127.0.0.1:54148 => /127.0.1.1:45224]: Not closing server connection on middle chunk for /bower_components/angular-translate/angular-translate.js
11:39:50.997 [LittleProxy-ClientToProxyWorker-6] DEBUG o.l.p.impl.ProxyToServerConnection - (AWAITING_INITIAL) [id: 0xceaab001, /127.0.0.1:35280 => localhost/127.0.0.1:9000]: Wrote: HttpObjectAggregator$AggregatedFullHttpRequest(decodeResult: success, version: HTTP/1.1, content: CompositeByteBuf(ridx: 0, widx: 0, cap: 0, components=0))
GET /bower_components/angular-dialog-service/dist/dialogs-default-translations.min.js HTTP/1.1
Host: localhost:9000
Accept: */*
User-Agent: Mozilla/5.0 (X11; Linux x86_64) AppleWebKit/537.36 (KHTML, like Gecko) Chrome/44.0.2403.130 Safari/537.36
Referer: http://localhost:9000/
Accept-Language: en-GB,en-US;q=0.8,en;q=0.6
Content-Length: 0
Accept-Encoding: gzip, deflate, 
Via: 1.1 localhost.localdomain
11:39:50.997 [LittleProxy-ProxyToServerWorker-5] DEBUG o.l.p.impl.ClientToProxyConnection - (AWAITING_INITIAL) [id: 0xa74abe3b, /127.0.0.1:54151 => /127.0.1.1:45224]: Writing: DefaultHttpContent(data: SlicedByteBuf(ridx: 0, widx: 16384, cap: 16384/16384, unwrapped: UnpooledUnsafeDirectByteBuf(ridx: 65536, widx: 65536, cap: 65536)), decoderResult: success)
11:39:50.997 [LittleProxy-ProxyToServerWorker-7] DEBUG o.l.p.impl.ClientToProxyConnection - (AWAITING_INITIAL) [id: 0x4dc93f85, /127.0.0.1:54147 => /127.0.1.1:45224]: Retaining reference counted message
11:39:50.997 [LittleProxy-ProxyToServerWorker-4] DEBUG o.l.p.impl.ClientToProxyConnection - (AWAITING_INITIAL) [id: 0x1e5765f0, /127.0.0.1:54148 => /127.0.1.1:45224]: Not closing client connection on middle chunk for /bower_components/angular-translate/angular-translate.js
11:39:50.997 [LittleProxy-ProxyToServerWorker-5] DEBUG o.l.p.impl.ClientToProxyConnection - (AWAITING_INITIAL) [id: 0xa74abe3b, /127.0.0.1:54151 => /127.0.1.1:45224]: Wrote: DefaultHttpContent(data: SlicedByteBuf(ridx: 0, widx: 16384, cap: 16384/16384, unwrapped: UnpooledUnsafeDirectByteBuf(ridx: 65536, widx: 65536, cap: 65536)), decoderResult: success)
11:39:50.997 [LittleProxy-ProxyToServerWorker-7] DEBUG o.l.p.impl.ClientToProxyConnection - (AWAITING_INITIAL) [id: 0x4dc93f85, /127.0.0.1:54147 => /127.0.1.1:45224]: Writing: EmptyByteBufBE
11:39:50.997 [LittleProxy-ProxyToServerWorker-4] DEBUG o.l.p.impl.ProxyToServerConnection - (AWAITING_CHUNK) [id: 0xb51d3331, /127.0.0.1:35284 => localhost/127.0.0.1:9000]: Reading: DefaultHttpContent(data: SlicedByteBuf(ridx: 0, widx: 1024, cap: 1024/1024, unwrapped: UnpooledUnsafeDirectByteBuf(ridx: 1024, widx: 1024, cap: 1024)), decoderResult: success)
11:39:50.997 [LittleProxy-ProxyToServerWorker-5] DEBUG o.l.p.impl.ClientToProxyConnection - (AWAITING_INITIAL) [id: 0xa74abe3b, /127.0.0.1:54151 => /127.0.1.1:45224]: Not closing server connection on middle chunk for /bower_components/angular-bootstrap/ui-bootstrap-tpls.js
11:39:50.997 [LittleProxy-ProxyToServerWorker-7] DEBUG o.l.p.impl.ClientToProxyConnection - (AWAITING_INITIAL) [id: 0x4dc93f85, /127.0.0.1:54147 => /127.0.1.1:45224]: Wrote: EmptyByteBufBE
11:39:50.997 [LittleProxy-ProxyToServerWorker-4] DEBUG o.l.p.impl.ClientToProxyConnection - (AWAITING_INITIAL) [id: 0x1e5765f0, /127.0.0.1:54148 => /127.0.1.1:45224]: Retaining reference counted message
11:39:50.997 [LittleProxy-ProxyToServerWorker-5] DEBUG o.l.p.impl.ClientToProxyConnection - (AWAITING_INITIAL) [id: 0xa74abe3b, /127.0.0.1:54151 => /127.0.1.1:45224]: Not closing client connection on middle chunk for /bower_components/angular-bootstrap/ui-bootstrap-tpls.js
11:39:50.997 [LittleProxy-ProxyToServerWorker-7] DEBUG o.l.p.impl.ClientToProxyConnection - (AWAITING_INITIAL) [id: 0x4dc93f85, /127.0.0.1:54147 => /127.0.1.1:45224]: Handling last chunk. Using normal server connection closing rules.
11:39:50.998 [LittleProxy-ProxyToServerWorker-4] DEBUG o.l.p.impl.ClientToProxyConnection - (AWAITING_INITIAL) [id: 0x1e5765f0, /127.0.0.1:54148 => /127.0.1.1:45224]: Writing: DefaultHttpContent(data: SlicedByteBuf(ridx: 0, widx: 1024, cap: 1024/1024, unwrapped: UnpooledUnsafeDirectByteBuf(ridx: 1024, widx: 1024, cap: 1024)), decoderResult: success)
11:39:50.998 [LittleProxy-ProxyToServerWorker-5] DEBUG o.l.p.impl.ProxyToServerConnection - (AWAITING_CHUNK) [id: 0x97bd59d1, /127.0.0.1:35281 => localhost/127.0.0.1:9000]: Reading: DefaultHttpContent(data: SlicedByteBuf(ridx: 0, widx: 16384, cap: 16384/16384, unwrapped: UnpooledUnsafeDirectByteBuf(ridx: 65536, widx: 65536, cap: 65536)), decoderResult: success)
11:39:50.998 [LittleProxy-ProxyToServerWorker-7] DEBUG o.l.p.impl.ClientToProxyConnection - (AWAITING_INITIAL) [id: 0x4dc93f85, /127.0.0.1:54147 => /127.0.1.1:45224]: Not closing server connection for response: DefaultHttpResponse(decodeResult: success, version: HTTP/1.1)
HTTP/1.1 200 OK
Accept-Ranges: bytes
Date: Tue, 08 Sep 2015 10:39:50 GMT
Cache-Control: public, max-age=0
Last-Modified: Tue, 26 Aug 2014 22:16:18 GMT
ETag: W/"1aP2Cz4viiAkZQ8wO1rABw=="
Content-Type: application/javascript
Content-Length: 47559
Connection: keep-alive
11:39:50.998 [LittleProxy-ProxyToServerWorker-4] DEBUG o.l.p.impl.ClientToProxyConnection - (AWAITING_INITIAL) [id: 0x1e5765f0, /127.0.0.1:54148 => /127.0.1.1:45224]: Wrote: DefaultHttpContent(data: SlicedByteBuf(ridx: 0, widx: 1024, cap: 1024/1024, unwrapped: UnpooledUnsafeDirectByteBuf(ridx: 1024, widx: 1024, cap: 1024)), decoderResult: success)
11:39:50.998 [LittleProxy-ProxyToServerWorker-5] DEBUG o.l.p.impl.ClientToProxyConnection - (AWAITING_INITIAL) [id: 0xa74abe3b, /127.0.0.1:54151 => /127.0.1.1:45224]: Retaining reference counted message
11:39:50.998 [LittleProxy-ProxyToServerWorker-7] DEBUG o.l.p.impl.ClientToProxyConnection - (AWAITING_INITIAL) [id: 0x4dc93f85, /127.0.0.1:54147 => /127.0.1.1:45224]: Handling last chunk. Using normal client connection closing rules.
11:39:50.998 [LittleProxy-ProxyToServerWorker-4] DEBUG o.l.p.impl.ClientToProxyConnection - (AWAITING_INITIAL) [id: 0x1e5765f0, /127.0.0.1:54148 => /127.0.1.1:45224]: Not closing server connection on middle chunk for /bower_components/angular-translate/angular-translate.js
11:39:50.998 [LittleProxy-ProxyToServerWorker-5] DEBUG o.l.p.impl.ClientToProxyConnection - (AWAITING_INITIAL) [id: 0xa74abe3b, /127.0.0.1:54151 => /127.0.1.1:45224]: Writing: DefaultHttpContent(data: SlicedByteBuf(ridx: 0, widx: 16384, cap: 16384/16384, unwrapped: UnpooledUnsafeDirectByteBuf(ridx: 65536, widx: 65536, cap: 65536)), decoderResult: success)
11:39:50.998 [LittleProxy-ProxyToServerWorker-7] DEBUG o.l.p.impl.ClientToProxyConnection - (AWAITING_INITIAL) [id: 0x4dc93f85, /127.0.0.1:54147 => /127.0.1.1:45224]: Not closing client connection for request: [FAILED toString()]
11:39:50.998 [LittleProxy-ClientToProxyWorker-2] DEBUG o.l.p.impl.ClientToProxyConnection - (AWAITING_INITIAL) [id: 0xe726451f, /127.0.0.1:54145 => /127.0.1.1:45224]: Reading: HttpObjectAggregator$AggregatedFullHttpRequest(decodeResult: success, version: HTTP/1.1, content: CompositeByteBuf(ridx: 0, widx: 0, cap: 0, components=0))
GET http://localhost:9000/bower_components/angular-utils-pagination/dirPagination.js HTTP/1.1
Host: localhost:9000
Proxy-Connection: keep-alive
Accept: */*
User-Agent: Mozilla/5.0 (X11; Linux x86_64) AppleWebKit/537.36 (KHTML, like Gecko) Chrome/44.0.2403.130 Safari/537.36
Referer: http://localhost:9000/
Accept-Encoding: gzip, deflate, sdch
Accept-Language: en-GB,en-US;q=0.8,en;q=0.6
Content-Length: 0
11:39:50.998 [LittleProxy-ProxyToServerWorker-4] DEBUG o.l.p.impl.ClientToProxyConnection - (AWAITING_INITIAL) [id: 0x1e5765f0, /127.0.0.1:54148 => /127.0.1.1:45224]: Not closing client connection on middle chunk for /bower_components/angular-translate/angular-translate.js
11:39:50.998 [LittleProxy-ProxyToServerWorker-5] DEBUG o.l.p.impl.ClientToProxyConnection - (AWAITING_INITIAL) [id: 0xa74abe3b, /127.0.0.1:54151 => /127.0.1.1:45224]: Wrote: DefaultHttpContent(data: SlicedByteBuf(ridx: 0, widx: 16384, cap: 16384/16384, unwrapped: UnpooledUnsafeDirectByteBuf(ridx: 65536, widx: 65536, cap: 65536)), decoderResult: success)
11:39:50.999 [LittleProxy-ClientToProxyWorker-2] DEBUG o.l.p.impl.ClientToProxyConnection - (AWAITING_INITIAL) [id: 0xe726451f, /127.0.0.1:54145 => /127.0.1.1:45224]: Got request: HttpObjectAggregator$AggregatedFullHttpRequest(decodeResult: success, version: HTTP/1.1, content: CompositeByteBuf(ridx: 0, widx: 0, cap: 0, components=0))
GET http://localhost:9000/bower_components/angular-utils-pagination/dirPagination.js HTTP/1.1
Host: localhost:9000
Proxy-Connection: keep-alive
Accept: */*
User-Agent: Mozilla/5.0 (X11; Linux x86_64) AppleWebKit/537.36 (KHTML, like Gecko) Chrome/44.0.2403.130 Safari/537.36
Referer: http://localhost:9000/
Accept-Encoding: gzip, deflate, sdch
Accept-Language: en-GB,en-US;q=0.8,en;q=0.6
Content-Length: 0
11:39:50.999 [LittleProxy-ProxyToServerWorker-4] DEBUG o.l.p.impl.ProxyToServerConnection - (AWAITING_CHUNK) [id: 0xb51d3331, /127.0.0.1:35284 => localhost/127.0.0.1:9000]: Reading: DefaultHttpContent(data: SlicedByteBuf(ridx: 0, widx: 1024, cap: 1024/1024, unwrapped: UnpooledUnsafeDirectByteBuf(ridx: 1024, widx: 1024, cap: 1024)), decoderResult: success)
11:39:50.999 [LittleProxy-ProxyToServerWorker-5] DEBUG o.l.p.impl.ClientToProxyConnection - (AWAITING_INITIAL) [id: 0xa74abe3b, /127.0.0.1:54151 => /127.0.1.1:45224]: Not closing server connection on middle chunk for /bower_components/angular-bootstrap/ui-bootstrap-tpls.js
11:39:50.999 [LittleProxy-ClientToProxyWorker-2] DEBUG o.l.p.impl.ClientToProxyConnection - (AWAITING_INITIAL) [id: 0xe726451f, /127.0.0.1:54145 => /127.0.1.1:45224]: Ensuring that hostAndPort are available in http://localhost:9000/bower_components/angular-utils-pagination/dirPagination.js
11:39:50.999 [LittleProxy-ProxyToServerWorker-6] DEBUG o.l.p.impl.ProxyToServerConnection - (AWAITING_CHUNK) [id: 0x15efad94, /127.0.0.1:35282 => localhost/127.0.0.1:9000]: Reading: DefaultLastHttpContent(data: SlicedByteBuf(ridx: 0, widx: 8202, cap: 8202/8202, unwrapped: UnpooledUnsafeDirectByteBuf(ridx: 8202, widx: 8202, cap: 65536)), decoderResult: success)
11:39:50.999 [LittleProxy-ProxyToServerWorker-4] DEBUG o.l.p.impl.ClientToProxyConnection - (AWAITING_INITIAL) [id: 0x1e5765f0, /127.0.0.1:54148 => /127.0.1.1:45224]: Retaining reference counted message
11:39:50.999 [LittleProxy-ProxyToServerWorker-5] DEBUG o.l.p.impl.ClientToProxyConnection - (AWAITING_INITIAL) [id: 0xa74abe3b, /127.0.0.1:54151 => /127.0.1.1:45224]: Not closing client connection on middle chunk for /bower_components/angular-bootstrap/ui-bootstrap-tpls.js
11:39:50.999 [LittleProxy-ClientToProxyWorker-2] DEBUG o.l.p.impl.ClientToProxyConnection - (AWAITING_INITIAL) [id: 0xe726451f, /127.0.0.1:54145 => /127.0.1.1:45224]: Finding ProxyToServerConnection for: localhost:9000
11:39:50.999 [LittleProxy-ProxyToServerWorker-6] DEBUG o.l.p.impl.ClientToProxyConnection - (AWAITING_INITIAL) [id: 0x87242349, /127.0.0.1:54149 => /127.0.1.1:45224]: Retaining reference counted message
11:39:50.999 [LittleProxy-ProxyToServerWorker-4] DEBUG o.l.p.impl.ClientToProxyConnection - (AWAITING_INITIAL) [id: 0x1e5765f0, /127.0.0.1:54148 => /127.0.1.1:45224]: Writing: DefaultHttpContent(data: SlicedByteBuf(ridx: 0, widx: 1024, cap: 1024/1024, unwrapped: UnpooledUnsafeDirectByteBuf(ridx: 1024, widx: 1024, cap: 1024)), decoderResult: success)
11:39:50.999 [LittleProxy-ProxyToServerWorker-5] DEBUG o.l.p.impl.ProxyToServerConnection - (AWAITING_CHUNK) [id: 0x97bd59d1, /127.0.0.1:35281 => localhost/127.0.0.1:9000]: Reading: DefaultHttpContent(data: SlicedByteBuf(ridx: 0, widx: 16104, cap: 16104/16104, unwrapped: UnpooledUnsafeDirectByteBuf(ridx: 65536, widx: 65536, cap: 65536)), decoderResult: success)
11:39:50.999 [LittleProxy-ClientToProxyWorker-2] DEBUG o.l.p.impl.ClientToProxyConnection - (AWAITING_INITIAL) [id: 0xe726451f, /127.0.0.1:54145 => /127.0.1.1:45224]: Reusing existing server connection: org.littleshoot.proxy.impl.ProxyToServerConnection@210dcfa0
11:39:50.999 [LittleProxy-ProxyToServerWorker-6] DEBUG o.l.p.impl.ClientToProxyConnection - (AWAITING_INITIAL) [id: 0x87242349, /127.0.0.1:54149 => /127.0.1.1:45224]: Writing: DefaultLastHttpContent(data: SlicedByteBuf(ridx: 0, widx: 8202, cap: 8202/8202, unwrapped: UnpooledUnsafeDirectByteBuf(ridx: 8202, widx: 8202, cap: 65536)), decoderResult: success)
11:39:50.999 [LittleProxy-ProxyToServerWorker-4] DEBUG o.l.p.impl.ClientToProxyConnection - (AWAITING_INITIAL) [id: 0x1e5765f0, /127.0.0.1:54148 => /127.0.1.1:45224]: Wrote: DefaultHttpContent(data: SlicedByteBuf(ridx: 0, widx: 1024, cap: 1024/1024, unwrapped: UnpooledUnsafeDirectByteBuf(ridx: 1024, widx: 1024, cap: 1024)), decoderResult: success)
11:39:50.999 [LittleProxy-ProxyToServerWorker-5] DEBUG o.l.p.impl.ClientToProxyConnection - (AWAITING_INITIAL) [id: 0xa74abe3b, /127.0.0.1:54151 => /127.0.1.1:45224]: Retaining reference counted message
11:39:50.999 [LittleProxy-ClientToProxyWorker-2] DEBUG o.l.p.impl.ClientToProxyConnection - (AWAITING_INITIAL) [id: 0xe726451f, /127.0.0.1:54145 => /127.0.1.1:45224]: Modifying request headers for proxying
11:39:50.999 [LittleProxy-ProxyToServerWorker-6] DEBUG o.l.p.impl.ClientToProxyConnection - (AWAITING_INITIAL) [id: 0x87242349, /127.0.0.1:54149 => /127.0.1.1:45224]: Writing an empty buffer to signal the end of our chunked transfer
11:39:50.999 [LittleProxy-ProxyToServerWorker-4] DEBUG o.l.p.impl.ClientToProxyConnection - (AWAITING_INITIAL) [id: 0x1e5765f0, /127.0.0.1:54148 => /127.0.1.1:45224]: Not closing server connection on middle chunk for /bower_components/angular-translate/angular-translate.js
11:39:50.999 [LittleProxy-ProxyToServerWorker-5] DEBUG o.l.p.impl.ClientToProxyConnection - (AWAITING_INITIAL) [id: 0xa74abe3b, /127.0.0.1:54151 => /127.0.1.1:45224]: Writing: DefaultHttpContent(data: SlicedByteBuf(ridx: 0, widx: 16104, cap: 16104/16104, unwrapped: UnpooledUnsafeDirectByteBuf(ridx: 65536, widx: 65536, cap: 65536)), decoderResult: success)
11:39:50.999 [LittleProxy-ClientToProxyWorker-2] DEBUG o.l.p.impl.ClientToProxyConnection - (AWAITING_INITIAL) [id: 0xe726451f, /127.0.0.1:54145 => /127.0.1.1:45224]: Modifying request for proxy chaining
11:39:50.999 [LittleProxy-ProxyToServerWorker-4] DEBUG o.l.p.impl.ClientToProxyConnection - (AWAITING_INITIAL) [id: 0x1e5765f0, /127.0.0.1:54148 => /127.0.1.1:45224]: Not closing client connection on middle chunk for /bower_components/angular-translate/angular-translate.js
11:39:50.999 [LittleProxy-ProxyToServerWorker-6] DEBUG o.l.p.impl.ClientToProxyConnection - (AWAITING_INITIAL) [id: 0x87242349, /127.0.0.1:54149 => /127.0.1.1:45224]: Wrote: DefaultLastHttpContent(data: SlicedByteBuf(ridx: 0, widx: 8202, cap: 8202/8202, unwrapped: UnpooledUnsafeDirectByteBuf(ridx: 8202, widx: 8202, cap: 65536)), decoderResult: success)
11:39:51.000 [LittleProxy-ProxyToServerWorker-5] DEBUG o.l.p.impl.ClientToProxyConnection - (AWAITING_INITIAL) [id: 0xa74abe3b, /127.0.0.1:54151 => /127.0.1.1:45224]: Wrote: DefaultHttpContent(data: SlicedByteBuf(ridx: 0, widx: 16104, cap: 16104/16104, unwrapped: UnpooledUnsafeDirectByteBuf(ridx: 65536, widx: 65536, cap: 65536)), decoderResult: success)
11:39:51.000 [LittleProxy-ClientToProxyWorker-2] DEBUG o.l.p.impl.ClientToProxyConnection - (AWAITING_INITIAL) [id: 0xe726451f, /127.0.0.1:54145 => /127.0.1.1:45224]: Stripped host from uri: http://localhost:9000/bower_components/angular-utils-pagination/dirPagination.js    yielding: /bower_components/angular-utils-pagination/dirPagination.js
11:39:51.000 [LittleProxy-ProxyToServerWorker-4] DEBUG o.l.p.impl.ProxyToServerConnection - (AWAITING_CHUNK) [id: 0xb51d3331, /127.0.0.1:35284 => localhost/127.0.0.1:9000]: Reading: DefaultHttpContent(data: SlicedByteBuf(ridx: 0, widx: 1024, cap: 1024/1024, unwrapped: UnpooledUnsafeDirectByteBuf(ridx: 1024, widx: 1024, cap: 1024)), decoderResult: success)
11:39:51.000 [LittleProxy-ProxyToServerWorker-6] DEBUG o.l.p.impl.ClientToProxyConnection - (AWAITING_INITIAL) [id: 0x87242349, /127.0.0.1:54149 => /127.0.1.1:45224]: Retaining reference counted message
11:39:51.000 [LittleProxy-ProxyToServerWorker-5] DEBUG o.l.p.impl.ClientToProxyConnection - (AWAITING_INITIAL) [id: 0xa74abe3b, /127.0.0.1:54151 => /127.0.1.1:45224]: Not closing server connection on middle chunk for /bower_components/angular-bootstrap/ui-bootstrap-tpls.js
11:39:51.000 [LittleProxy-ClientToProxyWorker-3] DEBUG o.l.p.impl.ClientToProxyConnection - (AWAITING_INITIAL) [id: 0x4dc93f85, /127.0.0.1:54147 => /127.0.1.1:45224]: Reading: HttpObjectAggregator$AggregatedFullHttpRequest(decodeResult: success, version: HTTP/1.1, content: CompositeByteBuf(ridx: 0, widx: 0, cap: 0, components=0))
GET http://localhost:9000/scripts/app.js HTTP/1.1
Host: localhost:9000
Proxy-Connection: keep-alive
Accept: */*
User-Agent: Mozilla/5.0 (X11; Linux x86_64) AppleWebKit/537.36 (KHTML, like Gecko) Chrome/44.0.2403.130 Safari/537.36
Referer: http://localhost:9000/
Accept-Encoding: gzip, deflate, sdch
Accept-Language: en-GB,en-US;q=0.8,en;q=0.6
Content-Length: 0
11:39:51.000 [LittleProxy-ProxyToServerWorker-4] DEBUG o.l.p.impl.ClientToProxyConnection - (AWAITING_INITIAL) [id: 0x1e5765f0, /127.0.0.1:54148 => /127.0.1.1:45224]: Retaining reference counted message
11:39:51.000 [LittleProxy-ClientToProxyWorker-2] DEBUG o.l.p.impl.ClientToProxyConnection - (AWAITING_INITIAL) [id: 0xe726451f, /127.0.0.1:54145 => /127.0.1.1:45224]: Removed sdch and inserted: gzip, deflate, 
11:39:51.000 [LittleProxy-ProxyToServerWorker-6] DEBUG o.l.p.impl.ClientToProxyConnection - (AWAITING_INITIAL) [id: 0x87242349, /127.0.0.1:54149 => /127.0.1.1:45224]: Writing: EmptyByteBufBE
11:39:51.000 [LittleProxy-ProxyToServerWorker-5] DEBUG o.l.p.impl.ClientToProxyConnection - (AWAITING_INITIAL) [id: 0xa74abe3b, /127.0.0.1:54151 => /127.0.1.1:45224]: Not closing client connection on middle chunk for /bower_components/angular-bootstrap/ui-bootstrap-tpls.js
11:39:51.001 [LittleProxy-ClientToProxyWorker-5] DEBUG o.l.p.impl.ClientToProxyConnection - (AWAITING_INITIAL) [id: 0x87242349, /127.0.0.1:54149 => /127.0.1.1:45224]: Reading: HttpObjectAggregator$AggregatedFullHttpRequest(decodeResult: success, version: HTTP/1.1, content: CompositeByteBuf(ridx: 0, widx: 0, cap: 0, components=0))
GET http://localhost:9000/scripts/config/config.js HTTP/1.1
Host: localhost:9000
Proxy-Connection: keep-alive
Accept: */*
User-Agent: Mozilla/5.0 (X11; Linux x86_64) AppleWebKit/537.36 (KHTML, like Gecko) Chrome/44.0.2403.130 Safari/537.36
Referer: http://localhost:9000/
Accept-Encoding: gzip, deflate, sdch
Accept-Language: en-GB,en-US;q=0.8,en;q=0.6
Content-Length: 0
11:39:51.001 [LittleProxy-ClientToProxyWorker-3] DEBUG o.l.p.impl.ClientToProxyConnection - (AWAITING_INITIAL) [id: 0x4dc93f85, /127.0.0.1:54147 => /127.0.1.1:45224]: Got request: HttpObjectAggregator$AggregatedFullHttpRequest(decodeResult: success, version: HTTP/1.1, content: CompositeByteBuf(ridx: 0, widx: 0, cap: 0, components=0))
GET http://localhost:9000/scripts/app.js HTTP/1.1
Host: localhost:9000
Proxy-Connection: keep-alive
Accept: */*
User-Agent: Mozilla/5.0 (X11; Linux x86_64) AppleWebKit/537.36 (KHTML, like Gecko) Chrome/44.0.2403.130 Safari/537.36
Referer: http://localhost:9000/
Accept-Encoding: gzip, deflate, sdch
Accept-Language: en-GB,en-US;q=0.8,en;q=0.6
Content-Length: 0
11:39:51.001 [LittleProxy-ProxyToServerWorker-4] DEBUG o.l.p.impl.ClientToProxyConnection - (AWAITING_INITIAL) [id: 0x1e5765f0, /127.0.0.1:54148 => /127.0.1.1:45224]: Writing: DefaultHttpContent(data: SlicedByteBuf(ridx: 0, widx: 1024, cap: 1024/1024, unwrapped: UnpooledUnsafeDirectByteBuf(ridx: 1024, widx: 1024, cap: 1024)), decoderResult: success)
11:39:51.001 [LittleProxy-ProxyToServerWorker-6] DEBUG o.l.p.impl.ClientToProxyConnection - (AWAITING_INITIAL) [id: 0x87242349, /127.0.0.1:54149 => /127.0.1.1:45224]: Wrote: EmptyByteBufBE
11:39:51.001 [LittleProxy-ClientToProxyWorker-2] DEBUG o.l.p.impl.ClientToProxyConnection - (AWAITING_INITIAL) [id: 0xe726451f, /127.0.0.1:54145 => /127.0.1.1:45224]: Writing request to ProxyToServerConnection
11:39:51.001 [LittleProxy-ProxyToServerWorker-5] DEBUG o.l.p.impl.ProxyToServerConnection - (AWAITING_CHUNK) [id: 0x97bd59d1, /127.0.0.1:35281 => localhost/127.0.0.1:9000]: Reading: DefaultHttpContent(data: SlicedByteBuf(ridx: 0, widx: 16384, cap: 16384/16384, unwrapped: UnpooledUnsafeDirectByteBuf(ridx: 65536, widx: 65536, cap: 65536)), decoderResult: success)
11:39:51.001 [LittleProxy-ClientToProxyWorker-5] DEBUG o.l.p.impl.ClientToProxyConnection - (AWAITING_INITIAL) [id: 0x87242349, /127.0.0.1:54149 => /127.0.1.1:45224]: Got request: HttpObjectAggregator$AggregatedFullHttpRequest(decodeResult: success, version: HTTP/1.1, content: CompositeByteBuf(ridx: 0, widx: 0, cap: 0, components=0))
GET http://localhost:9000/scripts/config/config.js HTTP/1.1
Host: localhost:9000
Proxy-Connection: keep-alive
Accept: */*
User-Agent: Mozilla/5.0 (X11; Linux x86_64) AppleWebKit/537.36 (KHTML, like Gecko) Chrome/44.0.2403.130 Safari/537.36
Referer: http://localhost:9000/
Accept-Encoding: gzip, deflate, sdch
Accept-Language: en-GB,en-US;q=0.8,en;q=0.6
Content-Length: 0
11:39:51.001 [LittleProxy-ClientToProxyWorker-3] DEBUG o.l.p.impl.ClientToProxyConnection - (AWAITING_INITIAL) [id: 0x4dc93f85, /127.0.0.1:54147 => /127.0.1.1:45224]: Ensuring that hostAndPort are available in http://localhost:9000/scripts/app.js
11:39:51.002 [LittleProxy-ProxyToServerWorker-4] DEBUG o.l.p.impl.ClientToProxyConnection - (AWAITING_INITIAL) [id: 0x1e5765f0, /127.0.0.1:54148 => /127.0.1.1:45224]: Wrote: DefaultHttpContent(data: SlicedByteBuf(ridx: 0, widx: 1024, cap: 1024/1024, unwrapped: UnpooledUnsafeDirectByteBuf(ridx: 1024, widx: 1024, cap: 1024)), decoderResult: success)
11:39:51.002 [LittleProxy-ProxyToServerWorker-6] DEBUG o.l.p.impl.ClientToProxyConnection - (AWAITING_INITIAL) [id: 0x87242349, /127.0.0.1:54149 => /127.0.1.1:45224]: Handling last chunk. Using normal server connection closing rules.
11:39:51.002 [LittleProxy-ClientToProxyWorker-2] DEBUG o.l.p.impl.ProxyToServerConnection - (AWAITING_INITIAL) [id: 0x9953b61f, /127.0.0.1:35274 => localhost/127.0.0.1:9000]: Requested write of HttpObjectAggregator$AggregatedFullHttpRequest(decodeResult: success, version: HTTP/1.1, content: CompositeByteBuf(ridx: 0, widx: 0, cap: 0, components=0))
GET /bower_components/angular-utils-pagination/dirPagination.js HTTP/1.1
Host: localhost:9000
Accept: */*
User-Agent: Mozilla/5.0 (X11; Linux x86_64) AppleWebKit/537.36 (KHTML, like Gecko) Chrome/44.0.2403.130 Safari/537.36
Referer: http://localhost:9000/
Accept-Language: en-GB,en-US;q=0.8,en;q=0.6
Content-Length: 0
Accept-Encoding: gzip, deflate, 
Via: 1.1 localhost.localdomain
11:39:51.002 [LittleProxy-ProxyToServerWorker-5] DEBUG o.l.p.impl.ClientToProxyConnection - (AWAITING_INITIAL) [id: 0xa74abe3b, /127.0.0.1:54151 => /127.0.1.1:45224]: Retaining reference counted message
11:39:51.002 [LittleProxy-ClientToProxyWorker-3] DEBUG o.l.p.impl.ClientToProxyConnection - (AWAITING_INITIAL) [id: 0x4dc93f85, /127.0.0.1:54147 => /127.0.1.1:45224]: Finding ProxyToServerConnection for: localhost:9000
11:39:51.002 [LittleProxy-ProxyToServerWorker-4] DEBUG o.l.p.impl.ClientToProxyConnection - (AWAITING_INITIAL) [id: 0x1e5765f0, /127.0.0.1:54148 => /127.0.1.1:45224]: Not closing server connection on middle chunk for /bower_components/angular-translate/angular-translate.js
11:39:51.002 [LittleProxy-ClientToProxyWorker-5] DEBUG o.l.p.impl.ClientToProxyConnection - (AWAITING_INITIAL) [id: 0x87242349, /127.0.0.1:54149 => /127.0.1.1:45224]: Ensuring that hostAndPort are available in http://localhost:9000/scripts/config/config.js
11:39:51.002 [LittleProxy-ProxyToServerWorker-6] DEBUG o.l.p.impl.ClientToProxyConnection - (AWAITING_INITIAL) [id: 0x87242349, /127.0.0.1:54149 => /127.0.1.1:45224]: Not closing server connection for response: DefaultHttpResponse(decodeResult: success, version: HTTP/1.1)
HTTP/1.1 200 OK
Accept-Ranges: bytes
Date: Tue, 08 Sep 2015 10:39:50 GMT
Cache-Control: public, max-age=0
Last-Modified: Wed, 29 Oct 2014 15:11:16 GMT
ETag: W/"VMvR0548uLoC728e/estXw=="
Content-Type: application/javascript
Content-Length: 8202
Connection: keep-alive
11:39:51.002 [LittleProxy-ClientToProxyWorker-2] DEBUG o.l.p.impl.ProxyToServerConnection - (AWAITING_INITIAL) [id: 0x9953b61f, /127.0.0.1:35274 => localhost/127.0.0.1:9000]: Retaining reference counted message
11:39:51.002 [LittleProxy-ProxyToServerWorker-5] DEBUG o.l.p.impl.ClientToProxyConnection - (AWAITING_INITIAL) [id: 0xa74abe3b, /127.0.0.1:54151 => /127.0.1.1:45224]: Writing: DefaultHttpContent(data: SlicedByteBuf(ridx: 0, widx: 16384, cap: 16384/16384, unwrapped: UnpooledUnsafeDirectByteBuf(ridx: 65536, widx: 65536, cap: 65536)), decoderResult: success)
11:39:51.002 [LittleProxy-ClientToProxyWorker-3] DEBUG o.l.p.impl.ClientToProxyConnection - (AWAITING_INITIAL) [id: 0x4dc93f85, /127.0.0.1:54147 => /127.0.1.1:45224]: Reusing existing server connection: org.littleshoot.proxy.impl.ProxyToServerConnection@2cc0768d
11:39:51.002 [LittleProxy-ProxyToServerWorker-4] DEBUG o.l.p.impl.ClientToProxyConnection - (AWAITING_INITIAL) [id: 0x1e5765f0, /127.0.0.1:54148 => /127.0.1.1:45224]: Not closing client connection on middle chunk for /bower_components/angular-translate/angular-translate.js
11:39:51.002 [LittleProxy-ClientToProxyWorker-5] DEBUG o.l.p.impl.ClientToProxyConnection - (AWAITING_INITIAL) [id: 0x87242349, /127.0.0.1:54149 => /127.0.1.1:45224]: Finding ProxyToServerConnection for: localhost:9000
11:39:51.002 [LittleProxy-ProxyToServerWorker-6] DEBUG o.l.p.impl.ClientToProxyConnection - (AWAITING_INITIAL) [id: 0x87242349, /127.0.0.1:54149 => /127.0.1.1:45224]: Handling last chunk. Using normal client connection closing rules.
11:39:51.002 [LittleProxy-ClientToProxyWorker-2] DEBUG o.l.p.impl.ProxyToServerConnection - (AWAITING_INITIAL) [id: 0x9953b61f, /127.0.0.1:35274 => localhost/127.0.0.1:9000]: Using existing connection to: localhost/127.0.0.1:9000
11:39:51.002 [LittleProxy-ClientToProxyWorker-3] DEBUG o.l.p.impl.ClientToProxyConnection - (AWAITING_INITIAL) [id: 0x4dc93f85, /127.0.0.1:54147 => /127.0.1.1:45224]: Modifying request headers for proxying
11:39:51.002 [LittleProxy-ProxyToServerWorker-5] DEBUG o.l.p.impl.ClientToProxyConnection - (AWAITING_INITIAL) [id: 0xa74abe3b, /127.0.0.1:54151 => /127.0.1.1:45224]: Wrote: DefaultHttpContent(data: SlicedByteBuf(ridx: 0, widx: 16384, cap: 16384/16384, unwrapped: UnpooledUnsafeDirectByteBuf(ridx: 65536, widx: 65536, cap: 65536)), decoderResult: success)
11:39:51.002 [LittleProxy-ProxyToServerWorker-4] DEBUG o.l.p.impl.ProxyToServerConnection - (AWAITING_CHUNK) [id: 0xb51d3331, /127.0.0.1:35284 => localhost/127.0.0.1:9000]: Reading: DefaultHttpContent(data: SlicedByteBuf(ridx: 0, widx: 1024, cap: 1024/1024, unwrapped: UnpooledUnsafeDirectByteBuf(ridx: 1024, widx: 1024, cap: 1024)), decoderResult: success)
11:39:51.003 [LittleProxy-ClientToProxyWorker-5] DEBUG o.l.p.impl.ClientToProxyConnection - (AWAITING_INITIAL) [id: 0x87242349, /127.0.0.1:54149 => /127.0.1.1:45224]: Reusing existing server connection: org.littleshoot.proxy.impl.ProxyToServerConnection@19d9ddb6
11:39:51.003 [LittleProxy-ClientToProxyWorker-3] DEBUG o.l.p.impl.ClientToProxyConnection - (AWAITING_INITIAL) [id: 0x4dc93f85, /127.0.0.1:54147 => /127.0.1.1:45224]: Modifying request for proxy chaining
11:39:51.003 [LittleProxy-ClientToProxyWorker-2] DEBUG o.l.p.impl.ProxyToServerConnection - (AWAITING_INITIAL) [id: 0x9953b61f, /127.0.0.1:35274 => localhost/127.0.0.1:9000]: Writing: HttpObjectAggregator$AggregatedFullHttpRequest(decodeResult: success, version: HTTP/1.1, content: CompositeByteBuf(ridx: 0, widx: 0, cap: 0, components=0))
GET /bower_components/angular-utils-pagination/dirPagination.js HTTP/1.1
Host: localhost:9000
Accept: */*
User-Agent: Mozilla/5.0 (X11; Linux x86_64) AppleWebKit/537.36 (KHTML, like Gecko) Chrome/44.0.2403.130 Safari/537.36
Referer: http://localhost:9000/
Accept-Language: en-GB,en-US;q=0.8,en;q=0.6
Content-Length: 0
Accept-Encoding: gzip, deflate, 
Via: 1.1 localhost.localdomain
11:39:51.003 [LittleProxy-ProxyToServerWorker-6] DEBUG o.l.p.impl.ClientToProxyConnection - (AWAITING_INITIAL) [id: 0x87242349, /127.0.0.1:54149 => /127.0.1.1:45224]: Not closing client connection for request: [FAILED toString()]
11:39:51.003 [LittleProxy-ProxyToServerWorker-5] DEBUG o.l.p.impl.ClientToProxyConnection - (AWAITING_INITIAL) [id: 0xa74abe3b, /127.0.0.1:54151 => /127.0.1.1:45224]: Not closing server connection on middle chunk for /bower_components/angular-bootstrap/ui-bootstrap-tpls.js
11:39:51.003 [LittleProxy-ProxyToServerWorker-4] DEBUG o.l.p.impl.ClientToProxyConnection - (AWAITING_INITIAL) [id: 0x1e5765f0, /127.0.0.1:54148 => /127.0.1.1:45224]: Retaining reference counted message
11:39:51.003 [LittleProxy-ClientToProxyWorker-5] DEBUG o.l.p.impl.ClientToProxyConnection - (AWAITING_INITIAL) [id: 0x87242349, /127.0.0.1:54149 => /127.0.1.1:45224]: Modifying request headers for proxying
11:39:51.003 [LittleProxy-ClientToProxyWorker-3] DEBUG o.l.p.impl.ClientToProxyConnection - (AWAITING_INITIAL) [id: 0x4dc93f85, /127.0.0.1:54147 => /127.0.1.1:45224]: Stripped host from uri: http://localhost:9000/scripts/app.js    yielding: /scripts/app.js
11:39:51.003 [LittleProxy-ClientToProxyWorker-2] DEBUG o.l.p.impl.ProxyToServerConnection - (AWAITING_INITIAL) [id: 0x9953b61f, /127.0.0.1:35274 => localhost/127.0.0.1:9000]: Writing an empty buffer to signal the end of our chunked transfer
11:39:51.003 [LittleProxy-ProxyToServerWorker-5] DEBUG o.l.p.impl.ClientToProxyConnection - (AWAITING_INITIAL) [id: 0xa74abe3b, /127.0.0.1:54151 => /127.0.1.1:45224]: Not closing client connection on middle chunk for /bower_components/angular-bootstrap/ui-bootstrap-tpls.js
11:39:51.003 [LittleProxy-ProxyToServerWorker-4] DEBUG o.l.p.impl.ClientToProxyConnection - (AWAITING_INITIAL) [id: 0x1e5765f0, /127.0.0.1:54148 => /127.0.1.1:45224]: Writing: DefaultHttpContent(data: SlicedByteBuf(ridx: 0, widx: 1024, cap: 1024/1024, unwrapped: UnpooledUnsafeDirectByteBuf(ridx: 1024, widx: 1024, cap: 1024)), decoderResult: success)
11:39:51.003 [LittleProxy-ClientToProxyWorker-5] DEBUG o.l.p.impl.ClientToProxyConnection - (AWAITING_INITIAL) [id: 0x87242349, /127.0.0.1:54149 => /127.0.1.1:45224]: Modifying request for proxy chaining
11:39:51.003 [LittleProxy-ClientToProxyWorker-3] DEBUG o.l.p.impl.ClientToProxyConnection - (AWAITING_INITIAL) [id: 0x4dc93f85, /127.0.0.1:54147 => /127.0.1.1:45224]: Removed sdch and inserted: gzip, deflate, 
11:39:51.004 [LittleProxy-ClientToProxyWorker-2] DEBUG o.l.p.impl.ProxyToServerConnection - (AWAITING_INITIAL) [id: 0x9953b61f, /127.0.0.1:35274 => localhost/127.0.0.1:9000]: Wrote: HttpObjectAggregator$AggregatedFullHttpRequest(decodeResult: success, version: HTTP/1.1, content: CompositeByteBuf(ridx: 0, widx: 0, cap: 0, components=0))
GET /bower_components/angular-utils-pagination/dirPagination.js HTTP/1.1
Host: localhost:9000
Accept: */*
User-Agent: Mozilla/5.0 (X11; Linux x86_64) AppleWebKit/537.36 (KHTML, like Gecko) Chrome/44.0.2403.130 Safari/537.36
Referer: http://localhost:9000/
Accept-Language: en-GB,en-US;q=0.8,en;q=0.6
Content-Length: 0
Accept-Encoding: gzip, deflate, 
Via: 1.1 localhost.localdomain
11:39:51.004 [LittleProxy-ProxyToServerWorker-5] DEBUG o.l.p.impl.ProxyToServerConnection - (AWAITING_CHUNK) [id: 0x97bd59d1, /127.0.0.1:35281 => localhost/127.0.0.1:9000]: Reading: DefaultHttpContent(data: SlicedByteBuf(ridx: 0, widx: 16384, cap: 16384/16384, unwrapped: UnpooledUnsafeDirectByteBuf(ridx: 65536, widx: 65536, cap: 65536)), decoderResult: success)
11:39:51.004 [LittleProxy-ProxyToServerWorker-4] DEBUG o.l.p.impl.ClientToProxyConnection - (AWAITING_INITIAL) [id: 0x1e5765f0, /127.0.0.1:54148 => /127.0.1.1:45224]: Wrote: DefaultHttpContent(data: SlicedByteBuf(ridx: 0, widx: 1024, cap: 1024/1024, unwrapped: UnpooledUnsafeDirectByteBuf(ridx: 1024, widx: 1024, cap: 1024)), decoderResult: success)
11:39:51.004 [LittleProxy-ClientToProxyWorker-5] DEBUG o.l.p.impl.ClientToProxyConnection - (AWAITING_INITIAL) [id: 0x87242349, /127.0.0.1:54149 => /127.0.1.1:45224]: Stripped host from uri: http://localhost:9000/scripts/config/config.js    yielding: /scripts/config/config.js
11:39:51.005 [LittleProxy-ClientToProxyWorker-3] DEBUG o.l.p.impl.ClientToProxyConnection - (AWAITING_INITIAL) [id: 0x4dc93f85, /127.0.0.1:54147 => /127.0.1.1:45224]: Writing request to ProxyToServerConnection
11:39:51.005 [LittleProxy-ProxyToServerWorker-5] DEBUG o.l.p.impl.ClientToProxyConnection - (AWAITING_INITIAL) [id: 0xa74abe3b, /127.0.0.1:54151 => /127.0.1.1:45224]: Retaining reference counted message
11:39:51.005 [LittleProxy-ProxyToServerWorker-4] DEBUG o.l.p.impl.ClientToProxyConnection - (AWAITING_INITIAL) [id: 0x1e5765f0, /127.0.0.1:54148 => /127.0.1.1:45224]: Not closing server connection on middle chunk for /bower_components/angular-translate/angular-translate.js
11:39:51.005 [LittleProxy-ClientToProxyWorker-5] DEBUG o.l.p.impl.ClientToProxyConnection - (AWAITING_INITIAL) [id: 0x87242349, /127.0.0.1:54149 => /127.0.1.1:45224]: Removed sdch and inserted: gzip, deflate, 
11:39:51.005 [LittleProxy-ClientToProxyWorker-3] DEBUG o.l.p.impl.ProxyToServerConnection - (AWAITING_INITIAL) [id: 0x700df78a, /127.0.0.1:35283 => localhost/127.0.0.1:9000]: Requested write of HttpObjectAggregator$AggregatedFullHttpRequest(decodeResult: success, version: HTTP/1.1, content: CompositeByteBuf(ridx: 0, widx: 0, cap: 0, components=0))
GET /scripts/app.js HTTP/1.1
Host: localhost:9000
Accept: */*
User-Agent: Mozilla/5.0 (X11; Linux x86_64) AppleWebKit/537.36 (KHTML, like Gecko) Chrome/44.0.2403.130 Safari/537.36
Referer: http://localhost:9000/
Accept-Language: en-GB,en-US;q=0.8,en;q=0.6
Content-Length: 0
Accept-Encoding: gzip, deflate, 
Via: 1.1 localhost.localdomain
11:39:51.005 [LittleProxy-ProxyToServerWorker-5] DEBUG o.l.p.impl.ClientToProxyConnection - (AWAITING_INITIAL) [id: 0xa74abe3b, /127.0.0.1:54151 => /127.0.1.1:45224]: Writing: DefaultHttpContent(data: SlicedByteBuf(ridx: 0, widx: 16384, cap: 16384/16384, unwrapped: UnpooledUnsafeDirectByteBuf(ridx: 65536, widx: 65536, cap: 65536)), decoderResult: success)
11:39:51.005 [LittleProxy-ProxyToServerWorker-4] DEBUG o.l.p.impl.ClientToProxyConnection - (AWAITING_INITIAL) [id: 0x1e5765f0, /127.0.0.1:54148 => /127.0.1.1:45224]: Not closing client connection on middle chunk for /bower_components/angular-translate/angular-translate.js
11:39:51.005 [LittleProxy-ClientToProxyWorker-3] DEBUG o.l.p.impl.ProxyToServerConnection - (AWAITING_INITIAL) [id: 0x700df78a, /127.0.0.1:35283 => localhost/127.0.0.1:9000]: Retaining reference counted message
11:39:51.005 [LittleProxy-ClientToProxyWorker-5] DEBUG o.l.p.impl.ClientToProxyConnection - (AWAITING_INITIAL) [id: 0x87242349, /127.0.0.1:54149 => /127.0.1.1:45224]: Writing request to ProxyToServerConnection
11:39:51.005 [LittleProxy-ProxyToServerWorker-5] DEBUG o.l.p.impl.ClientToProxyConnection - (AWAITING_INITIAL) [id: 0xa74abe3b, /127.0.0.1:54151 => /127.0.1.1:45224]: Wrote: DefaultHttpContent(data: SlicedByteBuf(ridx: 0, widx: 16384, cap: 16384/16384, unwrapped: UnpooledUnsafeDirectByteBuf(ridx: 65536, widx: 65536, cap: 65536)), decoderResult: success)
11:39:51.005 [LittleProxy-ProxyToServerWorker-4] DEBUG o.l.p.impl.ProxyToServerConnection - (AWAITING_CHUNK) [id: 0xb51d3331, /127.0.0.1:35284 => localhost/127.0.0.1:9000]: Reading: DefaultHttpContent(data: SlicedByteBuf(ridx: 0, widx: 1024, cap: 1024/1024, unwrapped: UnpooledUnsafeDirectByteBuf(ridx: 1024, widx: 1024, cap: 1024)), decoderResult: success)
11:39:51.005 [LittleProxy-ClientToProxyWorker-3] DEBUG o.l.p.impl.ProxyToServerConnection - (AWAITING_INITIAL) [id: 0x700df78a, /127.0.0.1:35283 => localhost/127.0.0.1:9000]: Using existing connection to: localhost/127.0.0.1:9000
11:39:51.005 [LittleProxy-ClientToProxyWorker-5] DEBUG o.l.p.impl.ProxyToServerConnection - (AWAITING_INITIAL) [id: 0x15efad94, /127.0.0.1:35282 => localhost/127.0.0.1:9000]: Requested write of HttpObjectAggregator$AggregatedFullHttpRequest(decodeResult: success, version: HTTP/1.1, content: CompositeByteBuf(ridx: 0, widx: 0, cap: 0, components=0))
GET /scripts/config/config.js HTTP/1.1
Host: localhost:9000
Accept: */*
User-Agent: Mozilla/5.0 (X11; Linux x86_64) AppleWebKit/537.36 (KHTML, like Gecko) Chrome/44.0.2403.130 Safari/537.36
Referer: http://localhost:9000/
Accept-Language: en-GB,en-US;q=0.8,en;q=0.6
Content-Length: 0
Accept-Encoding: gzip, deflate, 
Via: 1.1 localhost.localdomain
11:39:51.006 [LittleProxy-ProxyToServerWorker-5] DEBUG o.l.p.impl.ClientToProxyConnection - (AWAITING_INITIAL) [id: 0xa74abe3b, /127.0.0.1:54151 => /127.0.1.1:45224]: Not closing server connection on middle chunk for /bower_components/angular-bootstrap/ui-bootstrap-tpls.js
11:39:51.006 [LittleProxy-ProxyToServerWorker-4] DEBUG o.l.p.impl.ClientToProxyConnection - (AWAITING_INITIAL) [id: 0x1e5765f0, /127.0.0.1:54148 => /127.0.1.1:45224]: Retaining reference counted message
11:39:51.006 [LittleProxy-ClientToProxyWorker-3] DEBUG o.l.p.impl.ProxyToServerConnection - (AWAITING_INITIAL) [id: 0x700df78a, /127.0.0.1:35283 => localhost/127.0.0.1:9000]: Writing: HttpObjectAggregator$AggregatedFullHttpRequest(decodeResult: success, version: HTTP/1.1, content: CompositeByteBuf(ridx: 0, widx: 0, cap: 0, components=0))
GET /scripts/app.js HTTP/1.1
Host: localhost:9000
Accept: */*
User-Agent: Mozilla/5.0 (X11; Linux x86_64) AppleWebKit/537.36 (KHTML, like Gecko) Chrome/44.0.2403.130 Safari/537.36
Referer: http://localhost:9000/
Accept-Language: en-GB,en-US;q=0.8,en;q=0.6
Content-Length: 0
Accept-Encoding: gzip, deflate, 
Via: 1.1 localhost.localdomain
11:39:51.006 [LittleProxy-ClientToProxyWorker-5] DEBUG o.l.p.impl.ProxyToServerConnection - (AWAITING_INITIAL) [id: 0x15efad94, /127.0.0.1:35282 => localhost/127.0.0.1:9000]: Retaining reference counted message
11:39:51.006 [LittleProxy-ProxyToServerWorker-5] DEBUG o.l.p.impl.ClientToProxyConnection - (AWAITING_INITIAL) [id: 0xa74abe3b, /127.0.0.1:54151 => /127.0.1.1:45224]: Not closing client connection on middle chunk for /bower_components/angular-bootstrap/ui-bootstrap-tpls.js
11:39:51.006 [LittleProxy-ProxyToServerWorker-4] DEBUG o.l.p.impl.ClientToProxyConnection - (AWAITING_INITIAL) [id: 0x1e5765f0, /127.0.0.1:54148 => /127.0.1.1:45224]: Writing: DefaultHttpContent(data: SlicedByteBuf(ridx: 0, widx: 1024, cap: 1024/1024, unwrapped: UnpooledUnsafeDirectByteBuf(ridx: 1024, widx: 1024, cap: 1024)), decoderResult: success)
11:39:51.009 [LittleProxy-ClientToProxyWorker-3] DEBUG o.l.p.impl.ProxyToServerConnection - (AWAITING_INITIAL) [id: 0x700df78a, /127.0.0.1:35283 => localhost/127.0.0.1:9000]: Writing an empty buffer to signal the end of our chunked transfer
11:39:51.009 [LittleProxy-ClientToProxyWorker-5] DEBUG o.l.p.impl.ProxyToServerConnection - (AWAITING_INITIAL) [id: 0x15efad94, /127.0.0.1:35282 => localhost/127.0.0.1:9000]: Using existing connection to: localhost/127.0.0.1:9000
11:39:51.009 [LittleProxy-ProxyToServerWorker-5] DEBUG o.l.p.impl.ProxyToServerConnection - (AWAITING_CHUNK) [id: 0x97bd59d1, /127.0.0.1:35281 => localhost/127.0.0.1:9000]: Reading: DefaultHttpContent(data: SlicedByteBuf(ridx: 0, widx: 16384, cap: 16384/16384, unwrapped: UnpooledUnsafeDirectByteBuf(ridx: 65536, widx: 65536, cap: 65536)), decoderResult: success)
11:39:51.009 [LittleProxy-ProxyToServerWorker-4] DEBUG o.l.p.impl.ClientToProxyConnection - (AWAITING_INITIAL) [id: 0x1e5765f0, /127.0.0.1:54148 => /127.0.1.1:45224]: Wrote: DefaultHttpContent(data: SlicedByteBuf(ridx: 0, widx: 1024, cap: 1024/1024, unwrapped: UnpooledUnsafeDirectByteBuf(ridx: 1024, widx: 1024, cap: 1024)), decoderResult: success)
11:39:51.010 [LittleProxy-ClientToProxyWorker-3] DEBUG o.l.p.impl.ProxyToServerConnection - (AWAITING_INITIAL) [id: 0x700df78a, /127.0.0.1:35283 => localhost/127.0.0.1:9000]: Wrote: HttpObjectAggregator$AggregatedFullHttpRequest(decodeResult: success, version: HTTP/1.1, content: CompositeByteBuf(ridx: 0, widx: 0, cap: 0, components=0))
GET /scripts/app.js HTTP/1.1
Host: localhost:9000
Accept: */*
User-Agent: Mozilla/5.0 (X11; Linux x86_64) AppleWebKit/537.36 (KHTML, like Gecko) Chrome/44.0.2403.130 Safari/537.36
Referer: http://localhost:9000/
Accept-Language: en-GB,en-US;q=0.8,en;q=0.6
Content-Length: 0
Accept-Encoding: gzip, deflate, 
Via: 1.1 localhost.localdomain
11:39:51.010 [LittleProxy-ClientToProxyWorker-5] DEBUG o.l.p.impl.ProxyToServerConnection - (AWAITING_INITIAL) [id: 0x15efad94, /127.0.0.1:35282 => localhost/127.0.0.1:9000]: Writing: HttpObjectAggregator$AggregatedFullHttpRequest(decodeResult: success, version: HTTP/1.1, content: CompositeByteBuf(ridx: 0, widx: 0, cap: 0, components=0))
GET /scripts/config/config.js HTTP/1.1
Host: localhost:9000
Accept: */*
User-Agent: Mozilla/5.0 (X11; Linux x86_64) AppleWebKit/537.36 (KHTML, like Gecko) Chrome/44.0.2403.130 Safari/537.36
Referer: http://localhost:9000/
Accept-Language: en-GB,en-US;q=0.8,en;q=0.6
Content-Length: 0
Accept-Encoding: gzip, deflate, 
Via: 1.1 localhost.localdomain
11:39:51.010 [LittleProxy-ProxyToServerWorker-5] DEBUG o.l.p.impl.ClientToProxyConnection - (AWAITING_INITIAL) [id: 0xa74abe3b, /127.0.0.1:54151 => /127.0.1.1:45224]: Retaining reference counted message
11:39:51.010 [LittleProxy-ProxyToServerWorker-4] DEBUG o.l.p.impl.ClientToProxyConnection - (AWAITING_INITIAL) [id: 0x1e5765f0, /127.0.0.1:54148 => /127.0.1.1:45224]: Not closing server connection on middle chunk for /bower_components/angular-translate/angular-translate.js
11:39:51.010 [LittleProxy-ClientToProxyWorker-5] DEBUG o.l.p.impl.ProxyToServerConnection - (AWAITING_INITIAL) [id: 0x15efad94, /127.0.0.1:35282 => localhost/127.0.0.1:9000]: Writing an empty buffer to signal the end of our chunked transfer
11:39:51.010 [LittleProxy-ProxyToServerWorker-5] DEBUG o.l.p.impl.ClientToProxyConnection - (AWAITING_INITIAL) [id: 0xa74abe3b, /127.0.0.1:54151 => /127.0.1.1:45224]: Writing: DefaultHttpContent(data: SlicedByteBuf(ridx: 0, widx: 16384, cap: 16384/16384, unwrapped: UnpooledUnsafeDirectByteBuf(ridx: 65536, widx: 65536, cap: 65536)), decoderResult: success)
11:39:51.010 [LittleProxy-ProxyToServerWorker-4] DEBUG o.l.p.impl.ClientToProxyConnection - (AWAITING_INITIAL) [id: 0x1e5765f0, /127.0.0.1:54148 => /127.0.1.1:45224]: Not closing client connection on middle chunk for /bower_components/angular-translate/angular-translate.js
11:39:51.010 [LittleProxy-ClientToProxyWorker-5] DEBUG o.l.p.impl.ProxyToServerConnection - (AWAITING_INITIAL) [id: 0x15efad94, /127.0.0.1:35282 => localhost/127.0.0.1:9000]: Wrote: HttpObjectAggregator$AggregatedFullHttpRequest(decodeResult: success, version: HTTP/1.1, content: CompositeByteBuf(ridx: 0, widx: 0, cap: 0, components=0))
GET /scripts/config/config.js HTTP/1.1
Host: localhost:9000
Accept: */*
User-Agent: Mozilla/5.0 (X11; Linux x86_64) AppleWebKit/537.36 (KHTML, like Gecko) Chrome/44.0.2403.130 Safari/537.36
Referer: http://localhost:9000/
Accept-Language: en-GB,en-US;q=0.8,en;q=0.6
Content-Length: 0
Accept-Encoding: gzip, deflate, 
Via: 1.1 localhost.localdomain
11:39:51.010 [LittleProxy-ProxyToServerWorker-5] DEBUG o.l.p.impl.ClientToProxyConnection - (AWAITING_INITIAL) [id: 0xa74abe3b, /127.0.0.1:54151 => /127.0.1.1:45224]: Wrote: DefaultHttpContent(data: SlicedByteBuf(ridx: 0, widx: 16384, cap: 16384/16384, unwrapped: UnpooledUnsafeDirectByteBuf(ridx: 65536, widx: 65536, cap: 65536)), decoderResult: success)
11:39:51.010 [LittleProxy-ProxyToServerWorker-4] DEBUG o.l.p.impl.ProxyToServerConnection - (AWAITING_CHUNK) [id: 0xb51d3331, /127.0.0.1:35284 => localhost/127.0.0.1:9000]: Reading: DefaultHttpContent(data: SlicedByteBuf(ridx: 0, widx: 1024, cap: 1024/1024, unwrapped: UnpooledUnsafeDirectByteBuf(ridx: 1024, widx: 1024, cap: 1024)), decoderResult: success)
11:39:51.010 [LittleProxy-ProxyToServerWorker-5] DEBUG o.l.p.impl.ClientToProxyConnection - (AWAITING_INITIAL) [id: 0xa74abe3b, /127.0.0.1:54151 => /127.0.1.1:45224]: Not closing server connection on middle chunk for /bower_components/angular-bootstrap/ui-bootstrap-tpls.js
11:39:51.010 [LittleProxy-ProxyToServerWorker-4] DEBUG o.l.p.impl.ClientToProxyConnection - (AWAITING_INITIAL) [id: 0x1e5765f0, /127.0.0.1:54148 => /127.0.1.1:45224]: Retaining reference counted message
11:39:51.010 [LittleProxy-ProxyToServerWorker-5] DEBUG o.l.p.impl.ClientToProxyConnection - (AWAITING_INITIAL) [id: 0xa74abe3b, /127.0.0.1:54151 => /127.0.1.1:45224]: Not closing client connection on middle chunk for /bower_components/angular-bootstrap/ui-bootstrap-tpls.js
11:39:51.010 [LittleProxy-ProxyToServerWorker-4] DEBUG o.l.p.impl.ClientToProxyConnection - (AWAITING_INITIAL) [id: 0x1e5765f0, /127.0.0.1:54148 => /127.0.1.1:45224]: Writing: DefaultHttpContent(data: SlicedByteBuf(ridx: 0, widx: 1024, cap: 1024/1024, unwrapped: UnpooledUnsafeDirectByteBuf(ridx: 1024, widx: 1024, cap: 1024)), decoderResult: success)
11:39:51.011 [LittleProxy-ProxyToServerWorker-5] DEBUG o.l.p.impl.ProxyToServerConnection - (AWAITING_CHUNK) [id: 0x97bd59d1, /127.0.0.1:35281 => localhost/127.0.0.1:9000]: Reading: DefaultHttpContent(data: SlicedByteBuf(ridx: 0, widx: 16384, cap: 16384/16384, unwrapped: UnpooledUnsafeDirectByteBuf(ridx: 65536, widx: 65536, cap: 65536)), decoderResult: success)
11:39:51.011 [LittleProxy-ProxyToServerWorker-4] DEBUG o.l.p.impl.ClientToProxyConnection - (AWAITING_INITIAL) [id: 0x1e5765f0, /127.0.0.1:54148 => /127.0.1.1:45224]: Wrote: DefaultHttpContent(data: SlicedByteBuf(ridx: 0, widx: 1024, cap: 1024/1024, unwrapped: UnpooledUnsafeDirectByteBuf(ridx: 1024, widx: 1024, cap: 1024)), decoderResult: success)
11:39:51.011 [LittleProxy-ProxyToServerWorker-5] DEBUG o.l.p.impl.ClientToProxyConnection - (AWAITING_INITIAL) [id: 0xa74abe3b, /127.0.0.1:54151 => /127.0.1.1:45224]: Retaining reference counted message
11:39:51.011 [LittleProxy-ProxyToServerWorker-4] DEBUG o.l.p.impl.ClientToProxyConnection - (AWAITING_INITIAL) [id: 0x1e5765f0, /127.0.0.1:54148 => /127.0.1.1:45224]: Not closing server connection on middle chunk for /bower_components/angular-translate/angular-translate.js
11:39:51.011 [LittleProxy-ProxyToServerWorker-5] DEBUG o.l.p.impl.ClientToProxyConnection - (AWAITING_INITIAL) [id: 0xa74abe3b, /127.0.0.1:54151 => /127.0.1.1:45224]: Writing: DefaultHttpContent(data: SlicedByteBuf(ridx: 0, widx: 16384, cap: 16384/16384, unwrapped: UnpooledUnsafeDirectByteBuf(ridx: 65536, widx: 65536, cap: 65536)), decoderResult: success)
11:39:51.011 [LittleProxy-ProxyToServerWorker-4] DEBUG o.l.p.impl.ClientToProxyConnection - (AWAITING_INITIAL) [id: 0x1e5765f0, /127.0.0.1:54148 => /127.0.1.1:45224]: Not closing client connection on middle chunk for /bower_components/angular-translate/angular-translate.js
11:39:51.011 [LittleProxy-ProxyToServerWorker-5] DEBUG o.l.p.impl.ClientToProxyConnection - (AWAITING_INITIAL) [id: 0xa74abe3b, /127.0.0.1:54151 => /127.0.1.1:45224]: Wrote: DefaultHttpContent(data: SlicedByteBuf(ridx: 0, widx: 16384, cap: 16384/16384, unwrapped: UnpooledUnsafeDirectByteBuf(ridx: 65536, widx: 65536, cap: 65536)), decoderResult: success)
11:39:51.011 [LittleProxy-ProxyToServerWorker-4] DEBUG o.l.p.impl.ProxyToServerConnection - (AWAITING_CHUNK) [id: 0xb51d3331, /127.0.0.1:35284 => localhost/127.0.0.1:9000]: Reading: DefaultHttpContent(data: SlicedByteBuf(ridx: 0, widx: 1024, cap: 1024/1024, unwrapped: UnpooledUnsafeDirectByteBuf(ridx: 1024, widx: 1024, cap: 1024)), decoderResult: success)
11:39:51.011 [LittleProxy-ProxyToServerWorker-5] DEBUG o.l.p.impl.ClientToProxyConnection - (AWAITING_INITIAL) [id: 0xa74abe3b, /127.0.0.1:54151 => /127.0.1.1:45224]: Not closing server connection on middle chunk for /bower_components/angular-bootstrap/ui-bootstrap-tpls.js
11:39:51.011 [LittleProxy-ProxyToServerWorker-4] DEBUG o.l.p.impl.ClientToProxyConnection - (AWAITING_INITIAL) [id: 0x1e5765f0, /127.0.0.1:54148 => /127.0.1.1:45224]: Retaining reference counted message
11:39:51.011 [LittleProxy-ProxyToServerWorker-5] DEBUG o.l.p.impl.ClientToProxyConnection - (AWAITING_INITIAL) [id: 0xa74abe3b, /127.0.0.1:54151 => /127.0.1.1:45224]: Not closing client connection on middle chunk for /bower_components/angular-bootstrap/ui-bootstrap-tpls.js
11:39:51.011 [LittleProxy-ProxyToServerWorker-4] DEBUG o.l.p.impl.ClientToProxyConnection - (AWAITING_INITIAL) [id: 0x1e5765f0, /127.0.0.1:54148 => /127.0.1.1:45224]: Writing: DefaultHttpContent(data: SlicedByteBuf(ridx: 0, widx: 1024, cap: 1024/1024, unwrapped: UnpooledUnsafeDirectByteBuf(ridx: 1024, widx: 1024, cap: 1024)), decoderResult: success)
11:39:51.011 [LittleProxy-ProxyToServerWorker-5] DEBUG o.l.p.impl.ProxyToServerConnection - (AWAITING_CHUNK) [id: 0x97bd59d1, /127.0.0.1:35281 => localhost/127.0.0.1:9000]: Reading: DefaultLastHttpContent(data: SlicedByteBuf(ridx: 0, widx: 10560, cap: 10560/10560, unwrapped: UnpooledUnsafeDirectByteBuf(ridx: 10560, widx: 10560, cap: 65536)), decoderResult: success)
11:39:51.011 [LittleProxy-ProxyToServerWorker-4] DEBUG o.l.p.impl.ClientToProxyConnection - (AWAITING_INITIAL) [id: 0x1e5765f0, /127.0.0.1:54148 => /127.0.1.1:45224]: Wrote: DefaultHttpContent(data: SlicedByteBuf(ridx: 0, widx: 1024, cap: 1024/1024, unwrapped: UnpooledUnsafeDirectByteBuf(ridx: 1024, widx: 1024, cap: 1024)), decoderResult: success)
11:39:51.011 [LittleProxy-ProxyToServerWorker-5] DEBUG o.l.p.impl.ClientToProxyConnection - (AWAITING_INITIAL) [id: 0xa74abe3b, /127.0.0.1:54151 => /127.0.1.1:45224]: Retaining reference counted message
11:39:51.011 [LittleProxy-ProxyToServerWorker-4] DEBUG o.l.p.impl.ClientToProxyConnection - (AWAITING_INITIAL) [id: 0x1e5765f0, /127.0.0.1:54148 => /127.0.1.1:45224]: Not closing server connection on middle chunk for /bower_components/angular-translate/angular-translate.js
11:39:51.011 [LittleProxy-ProxyToServerWorker-5] DEBUG o.l.p.impl.ClientToProxyConnection - (AWAITING_INITIAL) [id: 0xa74abe3b, /127.0.0.1:54151 => /127.0.1.1:45224]: Writing: DefaultLastHttpContent(data: SlicedByteBuf(ridx: 0, widx: 10560, cap: 10560/10560, unwrapped: UnpooledUnsafeDirectByteBuf(ridx: 10560, widx: 10560, cap: 65536)), decoderResult: success)
11:39:51.011 [LittleProxy-ProxyToServerWorker-4] DEBUG o.l.p.impl.ClientToProxyConnection - (AWAITING_INITIAL) [id: 0x1e5765f0, /127.0.0.1:54148 => /127.0.1.1:45224]: Not closing client connection on middle chunk for /bower_components/angular-translate/angular-translate.js
11:39:51.011 [LittleProxy-ProxyToServerWorker-5] DEBUG o.l.p.impl.ClientToProxyConnection - (AWAITING_INITIAL) [id: 0xa74abe3b, /127.0.0.1:54151 => /127.0.1.1:45224]: Writing an empty buffer to signal the end of our chunked transfer
11:39:51.011 [LittleProxy-ProxyToServerWorker-4] DEBUG o.l.p.impl.ProxyToServerConnection - (AWAITING_CHUNK) [id: 0xb51d3331, /127.0.0.1:35284 => localhost/127.0.0.1:9000]: Reading: DefaultHttpContent(data: SlicedByteBuf(ridx: 0, widx: 1024, cap: 1024/1024, unwrapped: UnpooledUnsafeDirectByteBuf(ridx: 1024, widx: 1024, cap: 1024)), decoderResult: success)
11:39:51.011 [LittleProxy-ProxyToServerWorker-5] DEBUG o.l.p.impl.ClientToProxyConnection - (AWAITING_INITIAL) [id: 0xa74abe3b, /127.0.0.1:54151 => /127.0.1.1:45224]: Wrote: DefaultLastHttpContent(data: SlicedByteBuf(ridx: 0, widx: 10560, cap: 10560/10560, unwrapped: UnpooledUnsafeDirectByteBuf(ridx: 10560, widx: 10560, cap: 65536)), decoderResult: success)
11:39:51.011 [LittleProxy-ProxyToServerWorker-4] DEBUG o.l.p.impl.ClientToProxyConnection - (AWAITING_INITIAL) [id: 0x1e5765f0, /127.0.0.1:54148 => /127.0.1.1:45224]: Retaining reference counted message
11:39:51.012 [LittleProxy-ProxyToServerWorker-5] DEBUG o.l.p.impl.ClientToProxyConnection - (AWAITING_INITIAL) [id: 0xa74abe3b, /127.0.0.1:54151 => /127.0.1.1:45224]: Retaining reference counted message
11:39:51.012 [LittleProxy-ProxyToServerWorker-4] DEBUG o.l.p.impl.ClientToProxyConnection - (AWAITING_INITIAL) [id: 0x1e5765f0, /127.0.0.1:54148 => /127.0.1.1:45224]: Writing: DefaultHttpContent(data: SlicedByteBuf(ridx: 0, widx: 1024, cap: 1024/1024, unwrapped: UnpooledUnsafeDirectByteBuf(ridx: 1024, widx: 1024, cap: 1024)), decoderResult: success)
11:39:51.012 [LittleProxy-ProxyToServerWorker-5] DEBUG o.l.p.impl.ClientToProxyConnection - (AWAITING_INITIAL) [id: 0xa74abe3b, /127.0.0.1:54151 => /127.0.1.1:45224]: Writing: EmptyByteBufBE
11:39:51.012 [LittleProxy-ProxyToServerWorker-4] DEBUG o.l.p.impl.ClientToProxyConnection - (AWAITING_INITIAL) [id: 0x1e5765f0, /127.0.0.1:54148 => /127.0.1.1:45224]: Wrote: DefaultHttpContent(data: SlicedByteBuf(ridx: 0, widx: 1024, cap: 1024/1024, unwrapped: UnpooledUnsafeDirectByteBuf(ridx: 1024, widx: 1024, cap: 1024)), decoderResult: success)
11:39:51.012 [LittleProxy-ProxyToServerWorker-5] DEBUG o.l.p.impl.ClientToProxyConnection - (AWAITING_INITIAL) [id: 0xa74abe3b, /127.0.0.1:54151 => /127.0.1.1:45224]: Wrote: EmptyByteBufBE
11:39:51.012 [LittleProxy-ProxyToServerWorker-4] DEBUG o.l.p.impl.ClientToProxyConnection - (AWAITING_INITIAL) [id: 0x1e5765f0, /127.0.0.1:54148 => /127.0.1.1:45224]: Not closing server connection on middle chunk for /bower_components/angular-translate/angular-translate.js
11:39:51.012 [LittleProxy-ProxyToServerWorker-5] DEBUG o.l.p.impl.ClientToProxyConnection - (AWAITING_INITIAL) [id: 0xa74abe3b, /127.0.0.1:54151 => /127.0.1.1:45224]: Handling last chunk. Using normal server connection closing rules.
11:39:51.012 [LittleProxy-ProxyToServerWorker-4] DEBUG o.l.p.impl.ClientToProxyConnection - (AWAITING_INITIAL) [id: 0x1e5765f0, /127.0.0.1:54148 => /127.0.1.1:45224]: Not closing client connection on middle chunk for /bower_components/angular-translate/angular-translate.js
11:39:51.012 [LittleProxy-ProxyToServerWorker-5] DEBUG o.l.p.impl.ClientToProxyConnection - (AWAITING_INITIAL) [id: 0xa74abe3b, /127.0.0.1:54151 => /127.0.1.1:45224]: Not closing server connection for response: DefaultHttpResponse(decodeResult: success, version: HTTP/1.1)
HTTP/1.1 200 OK
Accept-Ranges: bytes
Date: Tue, 08 Sep 2015 10:39:50 GMT
Cache-Control: public, max-age=0
Last-Modified: Fri, 26 Sep 2014 16:09:39 GMT
ETag: W/"LRlCSay4kesfe5r8mk06cQ=="
Content-Type: application/javascript
Content-Length: 141352
Connection: keep-alive
11:39:51.012 [LittleProxy-ProxyToServerWorker-4] DEBUG o.l.p.impl.ProxyToServerConnection - (AWAITING_CHUNK) [id: 0xb51d3331, /127.0.0.1:35284 => localhost/127.0.0.1:9000]: Reading: DefaultHttpContent(data: SlicedByteBuf(ridx: 0, widx: 1024, cap: 1024/1024, unwrapped: UnpooledUnsafeDirectByteBuf(ridx: 1024, widx: 1024, cap: 1024)), decoderResult: success)
11:39:51.012 [LittleProxy-ProxyToServerWorker-5] DEBUG o.l.p.impl.ClientToProxyConnection - (AWAITING_INITIAL) [id: 0xa74abe3b, /127.0.0.1:54151 => /127.0.1.1:45224]: Handling last chunk. Using normal client connection closing rules.
11:39:51.012 [LittleProxy-ClientToProxyWorker-7] DEBUG o.l.p.impl.ClientToProxyConnection - (AWAITING_INITIAL) [id: 0xa74abe3b, /127.0.0.1:54151 => /127.0.1.1:45224]: Reading: HttpObjectAggregator$AggregatedFullHttpRequest(decodeResult: success, version: HTTP/1.1, content: CompositeByteBuf(ridx: 0, widx: 0, cap: 0, components=0))
GET http://localhost:9000/scripts/services/base-http-service.js HTTP/1.1
Host: localhost:9000
Proxy-Connection: keep-alive
Accept: */*
User-Agent: Mozilla/5.0 (X11; Linux x86_64) AppleWebKit/537.36 (KHTML, like Gecko) Chrome/44.0.2403.130 Safari/537.36
Referer: http://localhost:9000/
Accept-Encoding: gzip, deflate, sdch
Accept-Language: en-GB,en-US;q=0.8,en;q=0.6
Content-Length: 0
11:39:51.012 [LittleProxy-ProxyToServerWorker-4] DEBUG o.l.p.impl.ClientToProxyConnection - (AWAITING_INITIAL) [id: 0x1e5765f0, /127.0.0.1:54148 => /127.0.1.1:45224]: Retaining reference counted message
11:39:51.012 [LittleProxy-ProxyToServerWorker-5] DEBUG o.l.p.impl.ClientToProxyConnection - (AWAITING_INITIAL) [id: 0xa74abe3b, /127.0.0.1:54151 => /127.0.1.1:45224]: Not closing client connection for request: [FAILED toString()]
11:39:51.013 [LittleProxy-ClientToProxyWorker-7] DEBUG o.l.p.impl.ClientToProxyConnection - (AWAITING_INITIAL) [id: 0xa74abe3b, /127.0.0.1:54151 => /127.0.1.1:45224]: Got request: HttpObjectAggregator$AggregatedFullHttpRequest(decodeResult: success, version: HTTP/1.1, content: CompositeByteBuf(ridx: 0, widx: 0, cap: 0, components=0))
GET http://localhost:9000/scripts/services/base-http-service.js HTTP/1.1
Host: localhost:9000
Proxy-Connection: keep-alive
Accept: */*
User-Agent: Mozilla/5.0 (X11; Linux x86_64) AppleWebKit/537.36 (KHTML, like Gecko) Chrome/44.0.2403.130 Safari/537.36
Referer: http://localhost:9000/
Accept-Encoding: gzip, deflate, sdch
Accept-Language: en-GB,en-US;q=0.8,en;q=0.6
Content-Length: 0
11:39:51.013 [LittleProxy-ProxyToServerWorker-4] DEBUG o.l.p.impl.ClientToProxyConnection - (AWAITING_INITIAL) [id: 0x1e5765f0, /127.0.0.1:54148 => /127.0.1.1:45224]: Writing: DefaultHttpContent(data: SlicedByteBuf(ridx: 0, widx: 1024, cap: 1024/1024, unwrapped: UnpooledUnsafeDirectByteBuf(ridx: 1024, widx: 1024, cap: 1024)), decoderResult: success)
11:39:51.013 [LittleProxy-ClientToProxyWorker-7] DEBUG o.l.p.impl.ClientToProxyConnection - (AWAITING_INITIAL) [id: 0xa74abe3b, /127.0.0.1:54151 => /127.0.1.1:45224]: Ensuring that hostAndPort are available in http://localhost:9000/scripts/services/base-http-service.js
11:39:51.013 [LittleProxy-ProxyToServerWorker-4] DEBUG o.l.p.impl.ClientToProxyConnection - (AWAITING_INITIAL) [id: 0x1e5765f0, /127.0.0.1:54148 => /127.0.1.1:45224]: Wrote: DefaultHttpContent(data: SlicedByteBuf(ridx: 0, widx: 1024, cap: 1024/1024, unwrapped: UnpooledUnsafeDirectByteBuf(ridx: 1024, widx: 1024, cap: 1024)), decoderResult: success)
11:39:51.013 [LittleProxy-ClientToProxyWorker-7] DEBUG o.l.p.impl.ClientToProxyConnection - (AWAITING_INITIAL) [id: 0xa74abe3b, /127.0.0.1:54151 => /127.0.1.1:45224]: Finding ProxyToServerConnection for: localhost:9000
11:39:51.013 [LittleProxy-ProxyToServerWorker-4] DEBUG o.l.p.impl.ClientToProxyConnection - (AWAITING_INITIAL) [id: 0x1e5765f0, /127.0.0.1:54148 => /127.0.1.1:45224]: Not closing server connection on middle chunk for /bower_components/angular-translate/angular-translate.js
11:39:51.013 [LittleProxy-ClientToProxyWorker-7] DEBUG o.l.p.impl.ClientToProxyConnection - (AWAITING_INITIAL) [id: 0xa74abe3b, /127.0.0.1:54151 => /127.0.1.1:45224]: Reusing existing server connection: org.littleshoot.proxy.impl.ProxyToServerConnection@55df2407
11:39:51.013 [LittleProxy-ProxyToServerWorker-4] DEBUG o.l.p.impl.ClientToProxyConnection - (AWAITING_INITIAL) [id: 0x1e5765f0, /127.0.0.1:54148 => /127.0.1.1:45224]: Not closing client connection on middle chunk for /bower_components/angular-translate/angular-translate.js
11:39:51.013 [LittleProxy-ClientToProxyWorker-7] DEBUG o.l.p.impl.ClientToProxyConnection - (AWAITING_INITIAL) [id: 0xa74abe3b, /127.0.0.1:54151 => /127.0.1.1:45224]: Modifying request headers for proxying
11:39:51.013 [LittleProxy-ProxyToServerWorker-4] DEBUG o.l.p.impl.ProxyToServerConnection - (AWAITING_CHUNK) [id: 0xb51d3331, /127.0.0.1:35284 => localhost/127.0.0.1:9000]: Reading: DefaultHttpContent(data: SlicedByteBuf(ridx: 0, widx: 1024, cap: 1024/1024, unwrapped: UnpooledUnsafeDirectByteBuf(ridx: 1024, widx: 1024, cap: 1024)), decoderResult: success)
11:39:51.013 [LittleProxy-ClientToProxyWorker-7] DEBUG o.l.p.impl.ClientToProxyConnection - (AWAITING_INITIAL) [id: 0xa74abe3b, /127.0.0.1:54151 => /127.0.1.1:45224]: Modifying request for proxy chaining
11:39:51.013 [LittleProxy-ProxyToServerWorker-4] DEBUG o.l.p.impl.ClientToProxyConnection - (AWAITING_INITIAL) [id: 0x1e5765f0, /127.0.0.1:54148 => /127.0.1.1:45224]: Retaining reference counted message
11:39:51.013 [LittleProxy-ClientToProxyWorker-7] DEBUG o.l.p.impl.ClientToProxyConnection - (AWAITING_INITIAL) [id: 0xa74abe3b, /127.0.0.1:54151 => /127.0.1.1:45224]: Stripped host from uri: http://localhost:9000/scripts/services/base-http-service.js    yielding: /scripts/services/base-http-service.js
11:39:51.013 [LittleProxy-ProxyToServerWorker-4] DEBUG o.l.p.impl.ClientToProxyConnection - (AWAITING_INITIAL) [id: 0x1e5765f0, /127.0.0.1:54148 => /127.0.1.1:45224]: Writing: DefaultHttpContent(data: SlicedByteBuf(ridx: 0, widx: 1024, cap: 1024/1024, unwrapped: UnpooledUnsafeDirectByteBuf(ridx: 1024, widx: 1024, cap: 1024)), decoderResult: success)
11:39:51.013 [LittleProxy-ClientToProxyWorker-7] DEBUG o.l.p.impl.ClientToProxyConnection - (AWAITING_INITIAL) [id: 0xa74abe3b, /127.0.0.1:54151 => /127.0.1.1:45224]: Removed sdch and inserted: gzip, deflate, 
11:39:51.013 [LittleProxy-ProxyToServerWorker-4] DEBUG o.l.p.impl.ClientToProxyConnection - (AWAITING_INITIAL) [id: 0x1e5765f0, /127.0.0.1:54148 => /127.0.1.1:45224]: Wrote: DefaultHttpContent(data: SlicedByteBuf(ridx: 0, widx: 1024, cap: 1024/1024, unwrapped: UnpooledUnsafeDirectByteBuf(ridx: 1024, widx: 1024, cap: 1024)), decoderResult: success)
11:39:51.013 [LittleProxy-ClientToProxyWorker-7] DEBUG o.l.p.impl.ClientToProxyConnection - (AWAITING_INITIAL) [id: 0xa74abe3b, /127.0.0.1:54151 => /127.0.1.1:45224]: Writing request to ProxyToServerConnection
11:39:51.013 [LittleProxy-ProxyToServerWorker-4] DEBUG o.l.p.impl.ClientToProxyConnection - (AWAITING_INITIAL) [id: 0x1e5765f0, /127.0.0.1:54148 => /127.0.1.1:45224]: Not closing server connection on middle chunk for /bower_components/angular-translate/angular-translate.js
11:39:51.013 [LittleProxy-ClientToProxyWorker-7] DEBUG o.l.p.impl.ProxyToServerConnection - (AWAITING_INITIAL) [id: 0x97bd59d1, /127.0.0.1:35281 => localhost/127.0.0.1:9000]: Requested write of HttpObjectAggregator$AggregatedFullHttpRequest(decodeResult: success, version: HTTP/1.1, content: CompositeByteBuf(ridx: 0, widx: 0, cap: 0, components=0))
GET /scripts/services/base-http-service.js HTTP/1.1
Host: localhost:9000
Accept: */*
User-Agent: Mozilla/5.0 (X11; Linux x86_64) AppleWebKit/537.36 (KHTML, like Gecko) Chrome/44.0.2403.130 Safari/537.36
Referer: http://localhost:9000/
Accept-Language: en-GB,en-US;q=0.8,en;q=0.6
Content-Length: 0
Accept-Encoding: gzip, deflate, 
Via: 1.1 localhost.localdomain
11:39:51.013 [LittleProxy-ProxyToServerWorker-4] DEBUG o.l.p.impl.ClientToProxyConnection - (AWAITING_INITIAL) [id: 0x1e5765f0, /127.0.0.1:54148 => /127.0.1.1:45224]: Not closing client connection on middle chunk for /bower_components/angular-translate/angular-translate.js
11:39:51.013 [LittleProxy-ClientToProxyWorker-7] DEBUG o.l.p.impl.ProxyToServerConnection - (AWAITING_INITIAL) [id: 0x97bd59d1, /127.0.0.1:35281 => localhost/127.0.0.1:9000]: Retaining reference counted message
11:39:51.013 [LittleProxy-ProxyToServerWorker-4] DEBUG o.l.p.impl.ProxyToServerConnection - (AWAITING_CHUNK) [id: 0xb51d3331, /127.0.0.1:35284 => localhost/127.0.0.1:9000]: Reading: DefaultHttpContent(data: SlicedByteBuf(ridx: 0, widx: 1024, cap: 1024/1024, unwrapped: UnpooledUnsafeDirectByteBuf(ridx: 1024, widx: 1024, cap: 1024)), decoderResult: success)
11:39:51.013 [LittleProxy-ClientToProxyWorker-7] DEBUG o.l.p.impl.ProxyToServerConnection - (AWAITING_INITIAL) [id: 0x97bd59d1, /127.0.0.1:35281 => localhost/127.0.0.1:9000]: Using existing connection to: localhost/127.0.0.1:9000
11:39:51.014 [LittleProxy-ProxyToServerWorker-4] DEBUG o.l.p.impl.ClientToProxyConnection - (AWAITING_INITIAL) [id: 0x1e5765f0, /127.0.0.1:54148 => /127.0.1.1:45224]: Retaining reference counted message
11:39:51.014 [LittleProxy-ClientToProxyWorker-7] DEBUG o.l.p.impl.ProxyToServerConnection - (AWAITING_INITIAL) [id: 0x97bd59d1, /127.0.0.1:35281 => localhost/127.0.0.1:9000]: Writing: HttpObjectAggregator$AggregatedFullHttpRequest(decodeResult: success, version: HTTP/1.1, content: CompositeByteBuf(ridx: 0, widx: 0, cap: 0, components=0))
GET /scripts/services/base-http-service.js HTTP/1.1
Host: localhost:9000
Accept: */*
User-Agent: Mozilla/5.0 (X11; Linux x86_64) AppleWebKit/537.36 (KHTML, like Gecko) Chrome/44.0.2403.130 Safari/537.36
Referer: http://localhost:9000/
Accept-Language: en-GB,en-US;q=0.8,en;q=0.6
Content-Length: 0
Accept-Encoding: gzip, deflate, 
Via: 1.1 localhost.localdomain
11:39:51.014 [LittleProxy-ProxyToServerWorker-4] DEBUG o.l.p.impl.ClientToProxyConnection - (AWAITING_INITIAL) [id: 0x1e5765f0, /127.0.0.1:54148 => /127.0.1.1:45224]: Writing: DefaultHttpContent(data: SlicedByteBuf(ridx: 0, widx: 1024, cap: 1024/1024, unwrapped: UnpooledUnsafeDirectByteBuf(ridx: 1024, widx: 1024, cap: 1024)), decoderResult: success)
11:39:51.014 [LittleProxy-ClientToProxyWorker-7] DEBUG o.l.p.impl.ProxyToServerConnection - (AWAITING_INITIAL) [id: 0x97bd59d1, /127.0.0.1:35281 => localhost/127.0.0.1:9000]: Writing an empty buffer to signal the end of our chunked transfer
11:39:51.014 [LittleProxy-ProxyToServerWorker-4] DEBUG o.l.p.impl.ClientToProxyConnection - (AWAITING_INITIAL) [id: 0x1e5765f0, /127.0.0.1:54148 => /127.0.1.1:45224]: Wrote: DefaultHttpContent(data: SlicedByteBuf(ridx: 0, widx: 1024, cap: 1024/1024, unwrapped: UnpooledUnsafeDirectByteBuf(ridx: 1024, widx: 1024, cap: 1024)), decoderResult: success)
11:39:51.014 [LittleProxy-ClientToProxyWorker-7] DEBUG o.l.p.impl.ProxyToServerConnection - (AWAITING_INITIAL) [id: 0x97bd59d1, /127.0.0.1:35281 => localhost/127.0.0.1:9000]: Wrote: HttpObjectAggregator$AggregatedFullHttpRequest(decodeResult: success, version: HTTP/1.1, content: CompositeByteBuf(ridx: 0, widx: 0, cap: 0, components=0))
GET /scripts/services/base-http-service.js HTTP/1.1
Host: localhost:9000
Accept: */*
User-Agent: Mozilla/5.0 (X11; Linux x86_64) AppleWebKit/537.36 (KHTML, like Gecko) Chrome/44.0.2403.130 Safari/537.36
Referer: http://localhost:9000/
Accept-Language: en-GB,en-US;q=0.8,en;q=0.6
Content-Length: 0
Accept-Encoding: gzip, deflate, 
Via: 1.1 localhost.localdomain
11:39:51.014 [LittleProxy-ProxyToServerWorker-4] DEBUG o.l.p.impl.ClientToProxyConnection - (AWAITING_INITIAL) [id: 0x1e5765f0, /127.0.0.1:54148 => /127.0.1.1:45224]: Not closing server connection on middle chunk for /bower_components/angular-translate/angular-translate.js
11:39:51.015 [LittleProxy-ProxyToServerWorker-4] DEBUG o.l.p.impl.ClientToProxyConnection - (AWAITING_INITIAL) [id: 0x1e5765f0, /127.0.0.1:54148 => /127.0.1.1:45224]: Not closing client connection on middle chunk for /bower_components/angular-translate/angular-translate.js
11:39:51.015 [LittleProxy-ProxyToServerWorker-4] DEBUG o.l.p.impl.ProxyToServerConnection - (AWAITING_CHUNK) [id: 0xb51d3331, /127.0.0.1:35284 => localhost/127.0.0.1:9000]: Reading: DefaultHttpContent(data: SlicedByteBuf(ridx: 0, widx: 1024, cap: 1024/1024, unwrapped: UnpooledUnsafeDirectByteBuf(ridx: 1024, widx: 1024, cap: 1024)), decoderResult: success)
11:39:51.015 [LittleProxy-ProxyToServerWorker-4] DEBUG o.l.p.impl.ClientToProxyConnection - (AWAITING_INITIAL) [id: 0x1e5765f0, /127.0.0.1:54148 => /127.0.1.1:45224]: Retaining reference counted message
11:39:51.015 [LittleProxy-ProxyToServerWorker-4] DEBUG o.l.p.impl.ClientToProxyConnection - (AWAITING_INITIAL) [id: 0x1e5765f0, /127.0.0.1:54148 => /127.0.1.1:45224]: Writing: DefaultHttpContent(data: SlicedByteBuf(ridx: 0, widx: 1024, cap: 1024/1024, unwrapped: UnpooledUnsafeDirectByteBuf(ridx: 1024, widx: 1024, cap: 1024)), decoderResult: success)
11:39:51.015 [LittleProxy-ProxyToServerWorker-4] DEBUG o.l.p.impl.ClientToProxyConnection - (AWAITING_INITIAL) [id: 0x1e5765f0, /127.0.0.1:54148 => /127.0.1.1:45224]: Wrote: DefaultHttpContent(data: SlicedByteBuf(ridx: 0, widx: 1024, cap: 1024/1024, unwrapped: UnpooledUnsafeDirectByteBuf(ridx: 1024, widx: 1024, cap: 1024)), decoderResult: success)
11:39:51.015 [LittleProxy-ProxyToServerWorker-4] DEBUG o.l.p.impl.ClientToProxyConnection - (AWAITING_INITIAL) [id: 0x1e5765f0, /127.0.0.1:54148 => /127.0.1.1:45224]: Not closing server connection on middle chunk for /bower_components/angular-translate/angular-translate.js
11:39:51.015 [LittleProxy-ProxyToServerWorker-4] DEBUG o.l.p.impl.ClientToProxyConnection - (AWAITING_INITIAL) [id: 0x1e5765f0, /127.0.0.1:54148 => /127.0.1.1:45224]: Not closing client connection on middle chunk for /bower_components/angular-translate/angular-translate.js
11:39:51.015 [LittleProxy-ProxyToServerWorker-4] DEBUG o.l.p.impl.ProxyToServerConnection - (AWAITING_CHUNK) [id: 0xb51d3331, /127.0.0.1:35284 => localhost/127.0.0.1:9000]: Reading: DefaultHttpContent(data: SlicedByteBuf(ridx: 0, widx: 1024, cap: 1024/1024, unwrapped: UnpooledUnsafeDirectByteBuf(ridx: 1024, widx: 1024, cap: 1024)), decoderResult: success)
11:39:51.015 [LittleProxy-ProxyToServerWorker-4] DEBUG o.l.p.impl.ClientToProxyConnection - (AWAITING_INITIAL) [id: 0x1e5765f0, /127.0.0.1:54148 => /127.0.1.1:45224]: Retaining reference counted message
11:39:51.015 [LittleProxy-ProxyToServerWorker-4] DEBUG o.l.p.impl.ClientToProxyConnection - (AWAITING_INITIAL) [id: 0x1e5765f0, /127.0.0.1:54148 => /127.0.1.1:45224]: Writing: DefaultHttpContent(data: SlicedByteBuf(ridx: 0, widx: 1024, cap: 1024/1024, unwrapped: UnpooledUnsafeDirectByteBuf(ridx: 1024, widx: 1024, cap: 1024)), decoderResult: success)
11:39:51.015 [LittleProxy-ProxyToServerWorker-4] DEBUG o.l.p.impl.ClientToProxyConnection - (AWAITING_INITIAL) [id: 0x1e5765f0, /127.0.0.1:54148 => /127.0.1.1:45224]: Wrote: DefaultHttpContent(data: SlicedByteBuf(ridx: 0, widx: 1024, cap: 1024/1024, unwrapped: UnpooledUnsafeDirectByteBuf(ridx: 1024, widx: 1024, cap: 1024)), decoderResult: success)
11:39:51.015 [LittleProxy-ProxyToServerWorker-4] DEBUG o.l.p.impl.ClientToProxyConnection - (AWAITING_INITIAL) [id: 0x1e5765f0, /127.0.0.1:54148 => /127.0.1.1:45224]: Not closing server connection on middle chunk for /bower_components/angular-translate/angular-translate.js
11:39:51.015 [LittleProxy-ProxyToServerWorker-4] DEBUG o.l.p.impl.ClientToProxyConnection - (AWAITING_INITIAL) [id: 0x1e5765f0, /127.0.0.1:54148 => /127.0.1.1:45224]: Not closing client connection on middle chunk for /bower_components/angular-translate/angular-translate.js
11:39:51.015 [LittleProxy-ProxyToServerWorker-4] DEBUG o.l.p.impl.ProxyToServerConnection - (AWAITING_CHUNK) [id: 0xb51d3331, /127.0.0.1:35284 => localhost/127.0.0.1:9000]: Reading: DefaultHttpContent(data: SlicedByteBuf(ridx: 0, widx: 1024, cap: 1024/1024, unwrapped: UnpooledUnsafeDirectByteBuf(ridx: 1024, widx: 1024, cap: 1024)), decoderResult: success)
11:39:51.015 [LittleProxy-ProxyToServerWorker-4] DEBUG o.l.p.impl.ClientToProxyConnection - (AWAITING_INITIAL) [id: 0x1e5765f0, /127.0.0.1:54148 => /127.0.1.1:45224]: Retaining reference counted message
11:39:51.015 [LittleProxy-ProxyToServerWorker-4] DEBUG o.l.p.impl.ClientToProxyConnection - (AWAITING_INITIAL) [id: 0x1e5765f0, /127.0.0.1:54148 => /127.0.1.1:45224]: Writing: DefaultHttpContent(data: SlicedByteBuf(ridx: 0, widx: 1024, cap: 1024/1024, unwrapped: UnpooledUnsafeDirectByteBuf(ridx: 1024, widx: 1024, cap: 1024)), decoderResult: success)
11:39:51.015 [LittleProxy-ProxyToServerWorker-4] DEBUG o.l.p.impl.ClientToProxyConnection - (AWAITING_INITIAL) [id: 0x1e5765f0, /127.0.0.1:54148 => /127.0.1.1:45224]: Wrote: DefaultHttpContent(data: SlicedByteBuf(ridx: 0, widx: 1024, cap: 1024/1024, unwrapped: UnpooledUnsafeDirectByteBuf(ridx: 1024, widx: 1024, cap: 1024)), decoderResult: success)
11:39:51.015 [LittleProxy-ProxyToServerWorker-4] DEBUG o.l.p.impl.ClientToProxyConnection - (AWAITING_INITIAL) [id: 0x1e5765f0, /127.0.0.1:54148 => /127.0.1.1:45224]: Not closing server connection on middle chunk for /bower_components/angular-translate/angular-translate.js
11:39:51.015 [LittleProxy-ProxyToServerWorker-4] DEBUG o.l.p.impl.ClientToProxyConnection - (AWAITING_INITIAL) [id: 0x1e5765f0, /127.0.0.1:54148 => /127.0.1.1:45224]: Not closing client connection on middle chunk for /bower_components/angular-translate/angular-translate.js
11:39:51.015 [LittleProxy-ProxyToServerWorker-4] DEBUG o.l.p.impl.ProxyToServerConnection - (AWAITING_CHUNK) [id: 0xb51d3331, /127.0.0.1:35284 => localhost/127.0.0.1:9000]: Reading: DefaultHttpContent(data: SlicedByteBuf(ridx: 0, widx: 1024, cap: 1024/1024, unwrapped: UnpooledUnsafeDirectByteBuf(ridx: 1024, widx: 1024, cap: 1024)), decoderResult: success)
11:39:51.015 [LittleProxy-ProxyToServerWorker-4] DEBUG o.l.p.impl.ClientToProxyConnection - (AWAITING_INITIAL) [id: 0x1e5765f0, /127.0.0.1:54148 => /127.0.1.1:45224]: Retaining reference counted message
11:39:51.015 [LittleProxy-ProxyToServerWorker-4] DEBUG o.l.p.impl.ClientToProxyConnection - (AWAITING_INITIAL) [id: 0x1e5765f0, /127.0.0.1:54148 => /127.0.1.1:45224]: Writing: DefaultHttpContent(data: SlicedByteBuf(ridx: 0, widx: 1024, cap: 1024/1024, unwrapped: UnpooledUnsafeDirectByteBuf(ridx: 1024, widx: 1024, cap: 1024)), decoderResult: success)
11:39:51.015 [LittleProxy-ProxyToServerWorker-4] DEBUG o.l.p.impl.ClientToProxyConnection - (AWAITING_INITIAL) [id: 0x1e5765f0, /127.0.0.1:54148 => /127.0.1.1:45224]: Wrote: DefaultHttpContent(data: SlicedByteBuf(ridx: 0, widx: 1024, cap: 1024/1024, unwrapped: UnpooledUnsafeDirectByteBuf(ridx: 1024, widx: 1024, cap: 1024)), decoderResult: success)
11:39:51.015 [LittleProxy-ProxyToServerWorker-4] DEBUG o.l.p.impl.ClientToProxyConnection - (AWAITING_INITIAL) [id: 0x1e5765f0, /127.0.0.1:54148 => /127.0.1.1:45224]: Not closing server connection on middle chunk for /bower_components/angular-translate/angular-translate.js
11:39:51.015 [LittleProxy-ProxyToServerWorker-4] DEBUG o.l.p.impl.ClientToProxyConnection - (AWAITING_INITIAL) [id: 0x1e5765f0, /127.0.0.1:54148 => /127.0.1.1:45224]: Not closing client connection on middle chunk for /bower_components/angular-translate/angular-translate.js
11:39:51.015 [LittleProxy-ProxyToServerWorker-4] DEBUG o.l.p.impl.ProxyToServerConnection - (AWAITING_CHUNK) [id: 0xb51d3331, /127.0.0.1:35284 => localhost/127.0.0.1:9000]: Reading: DefaultHttpContent(data: SlicedByteBuf(ridx: 0, widx: 16384, cap: 16384/16384, unwrapped: UnpooledUnsafeDirectByteBuf(ridx: 16384, widx: 16384, cap: 16384)), decoderResult: success)
11:39:51.015 [LittleProxy-ProxyToServerWorker-4] DEBUG o.l.p.impl.ClientToProxyConnection - (AWAITING_INITIAL) [id: 0x1e5765f0, /127.0.0.1:54148 => /127.0.1.1:45224]: Retaining reference counted message
11:39:51.015 [LittleProxy-ProxyToServerWorker-4] DEBUG o.l.p.impl.ClientToProxyConnection - (AWAITING_INITIAL) [id: 0x1e5765f0, /127.0.0.1:54148 => /127.0.1.1:45224]: Writing: DefaultHttpContent(data: SlicedByteBuf(ridx: 0, widx: 16384, cap: 16384/16384, unwrapped: UnpooledUnsafeDirectByteBuf(ridx: 16384, widx: 16384, cap: 16384)), decoderResult: success)
11:39:51.015 [LittleProxy-ProxyToServerWorker-4] DEBUG o.l.p.impl.ClientToProxyConnection - (AWAITING_INITIAL) [id: 0x1e5765f0, /127.0.0.1:54148 => /127.0.1.1:45224]: Wrote: DefaultHttpContent(data: SlicedByteBuf(ridx: 0, widx: 16384, cap: 16384/16384, unwrapped: UnpooledUnsafeDirectByteBuf(ridx: 16384, widx: 16384, cap: 16384)), decoderResult: success)
11:39:51.015 [LittleProxy-ProxyToServerWorker-4] DEBUG o.l.p.impl.ClientToProxyConnection - (AWAITING_INITIAL) [id: 0x1e5765f0, /127.0.0.1:54148 => /127.0.1.1:45224]: Not closing server connection on middle chunk for /bower_components/angular-translate/angular-translate.js
11:39:51.015 [LittleProxy-ProxyToServerWorker-4] DEBUG o.l.p.impl.ClientToProxyConnection - (AWAITING_INITIAL) [id: 0x1e5765f0, /127.0.0.1:54148 => /127.0.1.1:45224]: Not closing client connection on middle chunk for /bower_components/angular-translate/angular-translate.js
11:39:51.015 [LittleProxy-ProxyToServerWorker-4] DEBUG o.l.p.impl.ProxyToServerConnection - (AWAITING_CHUNK) [id: 0xb51d3331, /127.0.0.1:35284 => localhost/127.0.0.1:9000]: Reading: DefaultLastHttpContent(data: SlicedByteBuf(ridx: 0, widx: 1634, cap: 1634/1634, unwrapped: UnpooledUnsafeDirectByteBuf(ridx: 1634, widx: 1634, cap: 16384)), decoderResult: success)
11:39:51.015 [LittleProxy-ProxyToServerWorker-4] DEBUG o.l.p.impl.ClientToProxyConnection - (AWAITING_INITIAL) [id: 0x1e5765f0, /127.0.0.1:54148 => /127.0.1.1:45224]: Retaining reference counted message
11:39:51.015 [LittleProxy-ProxyToServerWorker-4] DEBUG o.l.p.impl.ClientToProxyConnection - (AWAITING_INITIAL) [id: 0x1e5765f0, /127.0.0.1:54148 => /127.0.1.1:45224]: Writing: DefaultLastHttpContent(data: SlicedByteBuf(ridx: 0, widx: 1634, cap: 1634/1634, unwrapped: UnpooledUnsafeDirectByteBuf(ridx: 1634, widx: 1634, cap: 16384)), decoderResult: success)
11:39:51.015 [LittleProxy-ProxyToServerWorker-4] DEBUG o.l.p.impl.ClientToProxyConnection - (AWAITING_INITIAL) [id: 0x1e5765f0, /127.0.0.1:54148 => /127.0.1.1:45224]: Writing an empty buffer to signal the end of our chunked transfer
11:39:51.015 [LittleProxy-ProxyToServerWorker-4] DEBUG o.l.p.impl.ClientToProxyConnection - (AWAITING_INITIAL) [id: 0x1e5765f0, /127.0.0.1:54148 => /127.0.1.1:45224]: Wrote: DefaultLastHttpContent(data: SlicedByteBuf(ridx: 0, widx: 1634, cap: 1634/1634, unwrapped: UnpooledUnsafeDirectByteBuf(ridx: 1634, widx: 1634, cap: 16384)), decoderResult: success)
11:39:51.015 [LittleProxy-ProxyToServerWorker-4] DEBUG o.l.p.impl.ClientToProxyConnection - (AWAITING_INITIAL) [id: 0x1e5765f0, /127.0.0.1:54148 => /127.0.1.1:45224]: Retaining reference counted message
11:39:51.015 [LittleProxy-ProxyToServerWorker-4] DEBUG o.l.p.impl.ClientToProxyConnection - (AWAITING_INITIAL) [id: 0x1e5765f0, /127.0.0.1:54148 => /127.0.1.1:45224]: Writing: EmptyByteBufBE
11:39:51.015 [LittleProxy-ProxyToServerWorker-4] DEBUG o.l.p.impl.ClientToProxyConnection - (AWAITING_INITIAL) [id: 0x1e5765f0, /127.0.0.1:54148 => /127.0.1.1:45224]: Wrote: EmptyByteBufBE
11:39:51.015 [LittleProxy-ProxyToServerWorker-4] DEBUG o.l.p.impl.ClientToProxyConnection - (AWAITING_INITIAL) [id: 0x1e5765f0, /127.0.0.1:54148 => /127.0.1.1:45224]: Handling last chunk. Using normal server connection closing rules.
11:39:51.016 [LittleProxy-ProxyToServerWorker-4] DEBUG o.l.p.impl.ClientToProxyConnection - (AWAITING_INITIAL) [id: 0x1e5765f0, /127.0.0.1:54148 => /127.0.1.1:45224]: Not closing server connection for response: DefaultHttpResponse(decodeResult: success, version: HTTP/1.1)
HTTP/1.1 200 OK
Accept-Ranges: bytes
Date: Tue, 08 Sep 2015 10:39:50 GMT
Cache-Control: public, max-age=0
Last-Modified: Wed, 02 Apr 2014 19:49:06 GMT
ETag: W/"Qr8bSGyROw3+KAAWcf73RA=="
Content-Type: application/javascript
Content-Length: 34402
Connection: keep-alive
11:39:51.016 [LittleProxy-ProxyToServerWorker-4] DEBUG o.l.p.impl.ClientToProxyConnection - (AWAITING_INITIAL) [id: 0x1e5765f0, /127.0.0.1:54148 => /127.0.1.1:45224]: Handling last chunk. Using normal client connection closing rules.
11:39:51.016 [LittleProxy-ProxyToServerWorker-4] DEBUG o.l.p.impl.ClientToProxyConnection - (AWAITING_INITIAL) [id: 0x1e5765f0, /127.0.0.1:54148 => /127.0.1.1:45224]: Not closing client connection for request: [FAILED toString()]
11:39:51.016 [LittleProxy-ClientToProxyWorker-4] DEBUG o.l.p.impl.ClientToProxyConnection - (AWAITING_INITIAL) [id: 0x1e5765f0, /127.0.0.1:54148 => /127.0.1.1:45224]: Reading: HttpObjectAggregator$AggregatedFullHttpRequest(decodeResult: success, version: HTTP/1.1, content: CompositeByteBuf(ridx: 0, widx: 0, cap: 0, components=0))
GET http://localhost:9000/scripts/services/voucher-service.js HTTP/1.1
Host: localhost:9000
Proxy-Connection: keep-alive
Accept: */*
User-Agent: Mozilla/5.0 (X11; Linux x86_64) AppleWebKit/537.36 (KHTML, like Gecko) Chrome/44.0.2403.130 Safari/537.36
Referer: http://localhost:9000/
Accept-Encoding: gzip, deflate, sdch
Accept-Language: en-GB,en-US;q=0.8,en;q=0.6
Content-Length: 0
11:39:51.016 [LittleProxy-ClientToProxyWorker-4] DEBUG o.l.p.impl.ClientToProxyConnection - (AWAITING_INITIAL) [id: 0x1e5765f0, /127.0.0.1:54148 => /127.0.1.1:45224]: Got request: HttpObjectAggregator$AggregatedFullHttpRequest(decodeResult: success, version: HTTP/1.1, content: CompositeByteBuf(ridx: 0, widx: 0, cap: 0, components=0))
GET http://localhost:9000/scripts/services/voucher-service.js HTTP/1.1
Host: localhost:9000
Proxy-Connection: keep-alive
Accept: */*
User-Agent: Mozilla/5.0 (X11; Linux x86_64) AppleWebKit/537.36 (KHTML, like Gecko) Chrome/44.0.2403.130 Safari/537.36
Referer: http://localhost:9000/
Accept-Encoding: gzip, deflate, sdch
Accept-Language: en-GB,en-US;q=0.8,en;q=0.6
Content-Length: 0
11:39:51.016 [LittleProxy-ClientToProxyWorker-4] DEBUG o.l.p.impl.ClientToProxyConnection - (AWAITING_INITIAL) [id: 0x1e5765f0, /127.0.0.1:54148 => /127.0.1.1:45224]: Ensuring that hostAndPort are available in http://localhost:9000/scripts/services/voucher-service.js
11:39:51.016 [LittleProxy-ClientToProxyWorker-4] DEBUG o.l.p.impl.ClientToProxyConnection - (AWAITING_INITIAL) [id: 0x1e5765f0, /127.0.0.1:54148 => /127.0.1.1:45224]: Finding ProxyToServerConnection for: localhost:9000
11:39:51.016 [LittleProxy-ClientToProxyWorker-4] DEBUG o.l.p.impl.ClientToProxyConnection - (AWAITING_INITIAL) [id: 0x1e5765f0, /127.0.0.1:54148 => /127.0.1.1:45224]: Reusing existing server connection: org.littleshoot.proxy.impl.ProxyToServerConnection@4d318448
11:39:51.016 [LittleProxy-ClientToProxyWorker-4] DEBUG o.l.p.impl.ClientToProxyConnection - (AWAITING_INITIAL) [id: 0x1e5765f0, /127.0.0.1:54148 => /127.0.1.1:45224]: Modifying request headers for proxying
11:39:51.016 [LittleProxy-ClientToProxyWorker-4] DEBUG o.l.p.impl.ClientToProxyConnection - (AWAITING_INITIAL) [id: 0x1e5765f0, /127.0.0.1:54148 => /127.0.1.1:45224]: Modifying request for proxy chaining
11:39:51.016 [LittleProxy-ClientToProxyWorker-4] DEBUG o.l.p.impl.ClientToProxyConnection - (AWAITING_INITIAL) [id: 0x1e5765f0, /127.0.0.1:54148 => /127.0.1.1:45224]: Stripped host from uri: http://localhost:9000/scripts/services/voucher-service.js    yielding: /scripts/services/voucher-service.js
11:39:51.016 [LittleProxy-ClientToProxyWorker-4] DEBUG o.l.p.impl.ClientToProxyConnection - (AWAITING_INITIAL) [id: 0x1e5765f0, /127.0.0.1:54148 => /127.0.1.1:45224]: Removed sdch and inserted: gzip, deflate, 
11:39:51.017 [LittleProxy-ClientToProxyWorker-4] DEBUG o.l.p.impl.ClientToProxyConnection - (AWAITING_INITIAL) [id: 0x1e5765f0, /127.0.0.1:54148 => /127.0.1.1:45224]: Writing request to ProxyToServerConnection
11:39:51.017 [LittleProxy-ClientToProxyWorker-4] DEBUG o.l.p.impl.ProxyToServerConnection - (AWAITING_INITIAL) [id: 0xb51d3331, /127.0.0.1:35284 => localhost/127.0.0.1:9000]: Requested write of HttpObjectAggregator$AggregatedFullHttpRequest(decodeResult: success, version: HTTP/1.1, content: CompositeByteBuf(ridx: 0, widx: 0, cap: 0, components=0))
GET /scripts/services/voucher-service.js HTTP/1.1
Host: localhost:9000
Accept: */*
User-Agent: Mozilla/5.0 (X11; Linux x86_64) AppleWebKit/537.36 (KHTML, like Gecko) Chrome/44.0.2403.130 Safari/537.36
Referer: http://localhost:9000/
Accept-Language: en-GB,en-US;q=0.8,en;q=0.6
Content-Length: 0
Accept-Encoding: gzip, deflate, 
Via: 1.1 localhost.localdomain
11:39:51.017 [LittleProxy-ClientToProxyWorker-4] DEBUG o.l.p.impl.ProxyToServerConnection - (AWAITING_INITIAL) [id: 0xb51d3331, /127.0.0.1:35284 => localhost/127.0.0.1:9000]: Retaining reference counted message
11:39:51.017 [LittleProxy-ClientToProxyWorker-4] DEBUG o.l.p.impl.ProxyToServerConnection - (AWAITING_INITIAL) [id: 0xb51d3331, /127.0.0.1:35284 => localhost/127.0.0.1:9000]: Using existing connection to: localhost/127.0.0.1:9000
11:39:51.017 [LittleProxy-ClientToProxyWorker-4] DEBUG o.l.p.impl.ProxyToServerConnection - (AWAITING_INITIAL) [id: 0xb51d3331, /127.0.0.1:35284 => localhost/127.0.0.1:9000]: Writing: HttpObjectAggregator$AggregatedFullHttpRequest(decodeResult: success, version: HTTP/1.1, content: CompositeByteBuf(ridx: 0, widx: 0, cap: 0, components=0))
GET /scripts/services/voucher-service.js HTTP/1.1
Host: localhost:9000
Accept: */*
User-Agent: Mozilla/5.0 (X11; Linux x86_64) AppleWebKit/537.36 (KHTML, like Gecko) Chrome/44.0.2403.130 Safari/537.36
Referer: http://localhost:9000/
Accept-Language: en-GB,en-US;q=0.8,en;q=0.6
Content-Length: 0
Accept-Encoding: gzip, deflate, 
Via: 1.1 localhost.localdomain
11:39:51.017 [LittleProxy-ClientToProxyWorker-4] DEBUG o.l.p.impl.ProxyToServerConnection - (AWAITING_INITIAL) [id: 0xb51d3331, /127.0.0.1:35284 => localhost/127.0.0.1:9000]: Writing an empty buffer to signal the end of our chunked transfer
11:39:51.017 [LittleProxy-ClientToProxyWorker-4] DEBUG o.l.p.impl.ProxyToServerConnection - (AWAITING_INITIAL) [id: 0xb51d3331, /127.0.0.1:35284 => localhost/127.0.0.1:9000]: Wrote: HttpObjectAggregator$AggregatedFullHttpRequest(decodeResult: success, version: HTTP/1.1, content: CompositeByteBuf(ridx: 0, widx: 0, cap: 0, components=0))
GET /scripts/services/voucher-service.js HTTP/1.1
Host: localhost:9000
Accept: */*
User-Agent: Mozilla/5.0 (X11; Linux x86_64) AppleWebKit/537.36 (KHTML, like Gecko) Chrome/44.0.2403.130 Safari/537.36
Referer: http://localhost:9000/
Accept-Language: en-GB,en-US;q=0.8,en;q=0.6
Content-Length: 0
Accept-Encoding: gzip, deflate, 
Via: 1.1 localhost.localdomain
11:39:51.019 [LittleProxy-ProxyToServerWorker-3] DEBUG o.l.p.impl.ProxyToServerConnection - (AWAITING_INITIAL) [id: 0xceaab001, /127.0.0.1:35280 => localhost/127.0.0.1:9000]: Remembering the current request.
11:39:51.019 [LittleProxy-ProxyToServerWorker-3] DEBUG o.l.p.impl.ProxyToServerConnection - (AWAITING_INITIAL) [id: 0xceaab001, /127.0.0.1:35280 => localhost/127.0.0.1:9000]: Reading: DefaultHttpResponse(decodeResult: success, version: HTTP/1.1)
HTTP/1.1 200 OK
Accept-Ranges: bytes
Date: Tue, 08 Sep 2015 10:39:51 GMT
Cache-Control: public, max-age=0
Last-Modified: Wed, 29 Oct 2014 15:11:16 GMT
ETag: W/"4qs+LqhhU8yIOlsiKfq3kQ=="
Content-Type: application/javascript
Content-Length: 676
Connection: keep-alive
11:39:51.019 [LittleProxy-ProxyToServerWorker-3] DEBUG o.l.p.impl.ProxyToServerConnection - (AWAITING_INITIAL) [id: 0xceaab001, /127.0.0.1:35280 => localhost/127.0.0.1:9000]: Received raw response: DefaultHttpResponse(decodeResult: success, version: HTTP/1.1)
HTTP/1.1 200 OK
Accept-Ranges: bytes
Date: Tue, 08 Sep 2015 10:39:51 GMT
Cache-Control: public, max-age=0
Last-Modified: Wed, 29 Oct 2014 15:11:16 GMT
ETag: W/"4qs+LqhhU8yIOlsiKfq3kQ=="
Content-Type: application/javascript
Content-Length: 676
Connection: keep-alive
11:39:51.019 [LittleProxy-ProxyToServerWorker-3] DEBUG o.l.p.impl.ProxyToServerConnection - (AWAITING_INITIAL) [id: 0xceaab001, /127.0.0.1:35280 => localhost/127.0.0.1:9000]: Remembering the current response.
11:39:51.019 [LittleProxy-ProxyToServerWorker-3] DEBUG o.l.p.impl.ClientToProxyConnection - (AWAITING_INITIAL) [id: 0x16fa54b8, /127.0.0.1:54150 => /127.0.1.1:45224]: Writing: DefaultHttpResponse(decodeResult: success, version: HTTP/1.1)
HTTP/1.1 200 OK
Accept-Ranges: bytes
Date: Tue, 08 Sep 2015 10:39:51 GMT
Cache-Control: public, max-age=0
Last-Modified: Wed, 29 Oct 2014 15:11:16 GMT
ETag: W/"4qs+LqhhU8yIOlsiKfq3kQ=="
Content-Type: application/javascript
Content-Length: 676
Via: 1.1 localhost.localdomain
11:39:51.019 [LittleProxy-ProxyToServerWorker-3] DEBUG o.l.p.impl.ClientToProxyConnection - (AWAITING_INITIAL) [id: 0x16fa54b8, /127.0.0.1:54150 => /127.0.1.1:45224]: Wrote: DefaultHttpResponse(decodeResult: success, version: HTTP/1.1)
HTTP/1.1 200 OK
Accept-Ranges: bytes
Date: Tue, 08 Sep 2015 10:39:51 GMT
Cache-Control: public, max-age=0
Last-Modified: Wed, 29 Oct 2014 15:11:16 GMT
ETag: W/"4qs+LqhhU8yIOlsiKfq3kQ=="
Content-Type: application/javascript
Content-Length: 676
Via: 1.1 localhost.localdomain
11:39:51.019 [LittleProxy-ProxyToServerWorker-3] DEBUG o.l.p.impl.ClientToProxyConnection - (AWAITING_INITIAL) [id: 0x16fa54b8, /127.0.0.1:54150 => /127.0.1.1:45224]: Not closing server connection on middle chunk for /bower_components/angular-dialog-service/dist/dialogs-default-translations.min.js
11:39:51.019 [LittleProxy-ProxyToServerWorker-3] DEBUG o.l.p.impl.ClientToProxyConnection - (AWAITING_INITIAL) [id: 0x16fa54b8, /127.0.0.1:54150 => /127.0.1.1:45224]: Not closing client connection on middle chunk for /bower_components/angular-dialog-service/dist/dialogs-default-translations.min.js
11:39:51.019 [LittleProxy-ProxyToServerWorker-3] DEBUG o.l.p.impl.ProxyToServerConnection - (AWAITING_CHUNK) [id: 0xceaab001, /127.0.0.1:35280 => localhost/127.0.0.1:9000]: Reading: DefaultLastHttpContent(data: SlicedByteBuf(ridx: 0, widx: 676, cap: 676/676, unwrapped: UnpooledUnsafeDirectByteBuf(ridx: 676, widx: 676, cap: 4096)), decoderResult: success)
11:39:51.019 [LittleProxy-ProxyToServerWorker-3] DEBUG o.l.p.impl.ClientToProxyConnection - (AWAITING_INITIAL) [id: 0x16fa54b8, /127.0.0.1:54150 => /127.0.1.1:45224]: Retaining reference counted message
11:39:51.019 [LittleProxy-ProxyToServerWorker-3] DEBUG o.l.p.impl.ClientToProxyConnection - (AWAITING_INITIAL) [id: 0x16fa54b8, /127.0.0.1:54150 => /127.0.1.1:45224]: Writing: DefaultLastHttpContent(data: SlicedByteBuf(ridx: 0, widx: 676, cap: 676/676, unwrapped: UnpooledUnsafeDirectByteBuf(ridx: 676, widx: 676, cap: 4096)), decoderResult: success)
11:39:51.020 [LittleProxy-ProxyToServerWorker-3] DEBUG o.l.p.impl.ClientToProxyConnection - (AWAITING_INITIAL) [id: 0x16fa54b8, /127.0.0.1:54150 => /127.0.1.1:45224]: Writing an empty buffer to signal the end of our chunked transfer
11:39:51.020 [LittleProxy-ProxyToServerWorker-3] DEBUG o.l.p.impl.ClientToProxyConnection - (AWAITING_INITIAL) [id: 0x16fa54b8, /127.0.0.1:54150 => /127.0.1.1:45224]: Wrote: DefaultLastHttpContent(data: SlicedByteBuf(ridx: 0, widx: 676, cap: 676/676, unwrapped: UnpooledUnsafeDirectByteBuf(ridx: 676, widx: 676, cap: 4096)), decoderResult: success)
11:39:51.020 [LittleProxy-ProxyToServerWorker-3] DEBUG o.l.p.impl.ClientToProxyConnection - (AWAITING_INITIAL) [id: 0x16fa54b8, /127.0.0.1:54150 => /127.0.1.1:45224]: Retaining reference counted message
11:39:51.020 [LittleProxy-ProxyToServerWorker-3] DEBUG o.l.p.impl.ClientToProxyConnection - (AWAITING_INITIAL) [id: 0x16fa54b8, /127.0.0.1:54150 => /127.0.1.1:45224]: Writing: EmptyByteBufBE
11:39:51.020 [LittleProxy-ProxyToServerWorker-3] DEBUG o.l.p.impl.ClientToProxyConnection - (AWAITING_INITIAL) [id: 0x16fa54b8, /127.0.0.1:54150 => /127.0.1.1:45224]: Wrote: EmptyByteBufBE
11:39:51.020 [LittleProxy-ProxyToServerWorker-3] DEBUG o.l.p.impl.ClientToProxyConnection - (AWAITING_INITIAL) [id: 0x16fa54b8, /127.0.0.1:54150 => /127.0.1.1:45224]: Handling last chunk. Using normal server connection closing rules.
11:39:51.020 [LittleProxy-ProxyToServerWorker-3] DEBUG o.l.p.impl.ClientToProxyConnection - (AWAITING_INITIAL) [id: 0x16fa54b8, /127.0.0.1:54150 => /127.0.1.1:45224]: Not closing server connection for response: DefaultHttpResponse(decodeResult: success, version: HTTP/1.1)
HTTP/1.1 200 OK
Accept-Ranges: bytes
Date: Tue, 08 Sep 2015 10:39:51 GMT
Cache-Control: public, max-age=0
Last-Modified: Wed, 29 Oct 2014 15:11:16 GMT
ETag: W/"4qs+LqhhU8yIOlsiKfq3kQ=="
Content-Type: application/javascript
Content-Length: 676
Connection: keep-alive
11:39:51.020 [LittleProxy-ProxyToServerWorker-3] DEBUG o.l.p.impl.ClientToProxyConnection - (AWAITING_INITIAL) [id: 0x16fa54b8, /127.0.0.1:54150 => /127.0.1.1:45224]: Handling last chunk. Using normal client connection closing rules.
11:39:51.020 [LittleProxy-ProxyToServerWorker-3] DEBUG o.l.p.impl.ClientToProxyConnection - (AWAITING_INITIAL) [id: 0x16fa54b8, /127.0.0.1:54150 => /127.0.1.1:45224]: Not closing client connection for request: [FAILED toString()]
11:39:51.022 [LittleProxy-ClientToProxyWorker-6] DEBUG o.l.p.impl.ClientToProxyConnection - (AWAITING_INITIAL) [id: 0x16fa54b8, /127.0.0.1:54150 => /127.0.1.1:45224]: Reading: HttpObjectAggregator$AggregatedFullHttpRequest(decodeResult: success, version: HTTP/1.1, content: CompositeByteBuf(ridx: 0, widx: 0, cap: 0, components=0))
GET http://localhost:9000/scripts/services/campaign-service.js HTTP/1.1
Host: localhost:9000
Proxy-Connection: keep-alive
Accept: */*
User-Agent: Mozilla/5.0 (X11; Linux x86_64) AppleWebKit/537.36 (KHTML, like Gecko) Chrome/44.0.2403.130 Safari/537.36
Referer: http://localhost:9000/
Accept-Encoding: gzip, deflate, sdch
Accept-Language: en-GB,en-US;q=0.8,en;q=0.6
Content-Length: 0
11:39:51.022 [LittleProxy-ClientToProxyWorker-6] DEBUG o.l.p.impl.ClientToProxyConnection - (AWAITING_INITIAL) [id: 0x16fa54b8, /127.0.0.1:54150 => /127.0.1.1:45224]: Got request: HttpObjectAggregator$AggregatedFullHttpRequest(decodeResult: success, version: HTTP/1.1, content: CompositeByteBuf(ridx: 0, widx: 0, cap: 0, components=0))
GET http://localhost:9000/scripts/services/campaign-service.js HTTP/1.1
Host: localhost:9000
Proxy-Connection: keep-alive
Accept: */*
User-Agent: Mozilla/5.0 (X11; Linux x86_64) AppleWebKit/537.36 (KHTML, like Gecko) Chrome/44.0.2403.130 Safari/537.36
Referer: http://localhost:9000/
Accept-Encoding: gzip, deflate, sdch
Accept-Language: en-GB,en-US;q=0.8,en;q=0.6
Content-Length: 0
11:39:51.022 [LittleProxy-ClientToProxyWorker-6] DEBUG o.l.p.impl.ClientToProxyConnection - (AWAITING_INITIAL) [id: 0x16fa54b8, /127.0.0.1:54150 => /127.0.1.1:45224]: Ensuring that hostAndPort are available in http://localhost:9000/scripts/services/campaign-service.js
11:39:51.022 [LittleProxy-ClientToProxyWorker-6] DEBUG o.l.p.impl.ClientToProxyConnection - (AWAITING_INITIAL) [id: 0x16fa54b8, /127.0.0.1:54150 => /127.0.1.1:45224]: Finding ProxyToServerConnection for: localhost:9000
11:39:51.022 [LittleProxy-ClientToProxyWorker-6] DEBUG o.l.p.impl.ClientToProxyConnection - (AWAITING_INITIAL) [id: 0x16fa54b8, /127.0.0.1:54150 => /127.0.1.1:45224]: Reusing existing server connection: org.littleshoot.proxy.impl.ProxyToServerConnection@4072e2c4
11:39:51.022 [LittleProxy-ClientToProxyWorker-6] DEBUG o.l.p.impl.ClientToProxyConnection - (AWAITING_INITIAL) [id: 0x16fa54b8, /127.0.0.1:54150 => /127.0.1.1:45224]: Modifying request headers for proxying
11:39:51.022 [LittleProxy-ClientToProxyWorker-6] DEBUG o.l.p.impl.ClientToProxyConnection - (AWAITING_INITIAL) [id: 0x16fa54b8, /127.0.0.1:54150 => /127.0.1.1:45224]: Modifying request for proxy chaining
11:39:51.022 [LittleProxy-ClientToProxyWorker-6] DEBUG o.l.p.impl.ClientToProxyConnection - (AWAITING_INITIAL) [id: 0x16fa54b8, /127.0.0.1:54150 => /127.0.1.1:45224]: Stripped host from uri: http://localhost:9000/scripts/services/campaign-service.js    yielding: /scripts/services/campaign-service.js
11:39:51.022 [LittleProxy-ClientToProxyWorker-6] DEBUG o.l.p.impl.ClientToProxyConnection - (AWAITING_INITIAL) [id: 0x16fa54b8, /127.0.0.1:54150 => /127.0.1.1:45224]: Removed sdch and inserted: gzip, deflate, 
11:39:51.022 [LittleProxy-ClientToProxyWorker-6] DEBUG o.l.p.impl.ClientToProxyConnection - (AWAITING_INITIAL) [id: 0x16fa54b8, /127.0.0.1:54150 => /127.0.1.1:45224]: Writing request to ProxyToServerConnection
11:39:51.022 [LittleProxy-ClientToProxyWorker-6] DEBUG o.l.p.impl.ProxyToServerConnection - (AWAITING_INITIAL) [id: 0xceaab001, /127.0.0.1:35280 => localhost/127.0.0.1:9000]: Requested write of HttpObjectAggregator$AggregatedFullHttpRequest(decodeResult: success, version: HTTP/1.1, content: CompositeByteBuf(ridx: 0, widx: 0, cap: 0, components=0))
GET /scripts/services/campaign-service.js HTTP/1.1
Host: localhost:9000
Accept: */*
User-Agent: Mozilla/5.0 (X11; Linux x86_64) AppleWebKit/537.36 (KHTML, like Gecko) Chrome/44.0.2403.130 Safari/537.36
Referer: http://localhost:9000/
Accept-Language: en-GB,en-US;q=0.8,en;q=0.6
Content-Length: 0
Accept-Encoding: gzip, deflate, 
Via: 1.1 localhost.localdomain
11:39:51.022 [LittleProxy-ClientToProxyWorker-6] DEBUG o.l.p.impl.ProxyToServerConnection - (AWAITING_INITIAL) [id: 0xceaab001, /127.0.0.1:35280 => localhost/127.0.0.1:9000]: Retaining reference counted message
11:39:51.022 [LittleProxy-ClientToProxyWorker-6] DEBUG o.l.p.impl.ProxyToServerConnection - (AWAITING_INITIAL) [id: 0xceaab001, /127.0.0.1:35280 => localhost/127.0.0.1:9000]: Using existing connection to: localhost/127.0.0.1:9000
11:39:51.022 [LittleProxy-ClientToProxyWorker-6] DEBUG o.l.p.impl.ProxyToServerConnection - (AWAITING_INITIAL) [id: 0xceaab001, /127.0.0.1:35280 => localhost/127.0.0.1:9000]: Writing: HttpObjectAggregator$AggregatedFullHttpRequest(decodeResult: success, version: HTTP/1.1, content: CompositeByteBuf(ridx: 0, widx: 0, cap: 0, components=0))
GET /scripts/services/campaign-service.js HTTP/1.1
Host: localhost:9000
Accept: */*
User-Agent: Mozilla/5.0 (X11; Linux x86_64) AppleWebKit/537.36 (KHTML, like Gecko) Chrome/44.0.2403.130 Safari/537.36
Referer: http://localhost:9000/
Accept-Language: en-GB,en-US;q=0.8,en;q=0.6
Content-Length: 0
Accept-Encoding: gzip, deflate, 
Via: 1.1 localhost.localdomain
11:39:51.022 [LittleProxy-ClientToProxyWorker-6] DEBUG o.l.p.impl.ProxyToServerConnection - (AWAITING_INITIAL) [id: 0xceaab001, /127.0.0.1:35280 => localhost/127.0.0.1:9000]: Writing an empty buffer to signal the end of our chunked transfer
11:39:51.023 [LittleProxy-ClientToProxyWorker-6] DEBUG o.l.p.impl.ProxyToServerConnection - (AWAITING_INITIAL) [id: 0xceaab001, /127.0.0.1:35280 => localhost/127.0.0.1:9000]: Wrote: HttpObjectAggregator$AggregatedFullHttpRequest(decodeResult: success, version: HTTP/1.1, content: CompositeByteBuf(ridx: 0, widx: 0, cap: 0, components=0))
GET /scripts/services/campaign-service.js HTTP/1.1
Host: localhost:9000
Accept: */*
User-Agent: Mozilla/5.0 (X11; Linux x86_64) AppleWebKit/537.36 (KHTML, like Gecko) Chrome/44.0.2403.130 Safari/537.36
Referer: http://localhost:9000/
Accept-Language: en-GB,en-US;q=0.8,en;q=0.6
Content-Length: 0
Accept-Encoding: gzip, deflate, 
Via: 1.1 localhost.localdomain
11:39:51.030 [LittleProxy-ProxyToServerWorker-2] DEBUG o.l.p.impl.ProxyToServerConnection - (AWAITING_INITIAL) [id: 0x9953b61f, /127.0.0.1:35274 => localhost/127.0.0.1:9000]: Remembering the current request.
11:39:51.030 [LittleProxy-ProxyToServerWorker-2] DEBUG o.l.p.impl.ProxyToServerConnection - (AWAITING_INITIAL) [id: 0x9953b61f, /127.0.0.1:35274 => localhost/127.0.0.1:9000]: Reading: DefaultHttpResponse(decodeResult: success, version: HTTP/1.1)
HTTP/1.1 200 OK
Accept-Ranges: bytes
Date: Tue, 08 Sep 2015 10:39:51 GMT
Cache-Control: public, max-age=0
Last-Modified: Fri, 17 Apr 2015 14:36:57 GMT
ETag: W/"MclzowBM2rQPVIdvIkRpTg=="
Content-Type: application/javascript
Content-Length: 22037
Connection: keep-alive
11:39:51.030 [LittleProxy-ProxyToServerWorker-2] DEBUG o.l.p.impl.ProxyToServerConnection - (AWAITING_INITIAL) [id: 0x9953b61f, /127.0.0.1:35274 => localhost/127.0.0.1:9000]: Received raw response: DefaultHttpResponse(decodeResult: success, version: HTTP/1.1)
HTTP/1.1 200 OK
Accept-Ranges: bytes
Date: Tue, 08 Sep 2015 10:39:51 GMT
Cache-Control: public, max-age=0
Last-Modified: Fri, 17 Apr 2015 14:36:57 GMT
ETag: W/"MclzowBM2rQPVIdvIkRpTg=="
Content-Type: application/javascript
Content-Length: 22037
Connection: keep-alive
11:39:51.030 [LittleProxy-ProxyToServerWorker-2] DEBUG o.l.p.impl.ProxyToServerConnection - (AWAITING_INITIAL) [id: 0x9953b61f, /127.0.0.1:35274 => localhost/127.0.0.1:9000]: Remembering the current response.
11:39:51.030 [LittleProxy-ProxyToServerWorker-2] DEBUG o.l.p.impl.ClientToProxyConnection - (AWAITING_INITIAL) [id: 0xe726451f, /127.0.0.1:54145 => /127.0.1.1:45224]: Writing: DefaultHttpResponse(decodeResult: success, version: HTTP/1.1)
HTTP/1.1 200 OK
Accept-Ranges: bytes
Date: Tue, 08 Sep 2015 10:39:51 GMT
Cache-Control: public, max-age=0
Last-Modified: Fri, 17 Apr 2015 14:36:57 GMT
ETag: W/"MclzowBM2rQPVIdvIkRpTg=="
Content-Type: application/javascript
Content-Length: 22037
Via: 1.1 localhost.localdomain
11:39:51.030 [LittleProxy-ProxyToServerWorker-2] DEBUG o.l.p.impl.ClientToProxyConnection - (AWAITING_INITIAL) [id: 0xe726451f, /127.0.0.1:54145 => /127.0.1.1:45224]: Wrote: DefaultHttpResponse(decodeResult: success, version: HTTP/1.1)
HTTP/1.1 200 OK
Accept-Ranges: bytes
Date: Tue, 08 Sep 2015 10:39:51 GMT
Cache-Control: public, max-age=0
Last-Modified: Fri, 17 Apr 2015 14:36:57 GMT
ETag: W/"MclzowBM2rQPVIdvIkRpTg=="
Content-Type: application/javascript
Content-Length: 22037
Via: 1.1 localhost.localdomain
11:39:51.030 [LittleProxy-ProxyToServerWorker-2] DEBUG o.l.p.impl.ClientToProxyConnection - (AWAITING_INITIAL) [id: 0xe726451f, /127.0.0.1:54145 => /127.0.1.1:45224]: Not closing server connection on middle chunk for /bower_components/angular-utils-pagination/dirPagination.js
11:39:51.030 [LittleProxy-ProxyToServerWorker-2] DEBUG o.l.p.impl.ClientToProxyConnection - (AWAITING_INITIAL) [id: 0xe726451f, /127.0.0.1:54145 => /127.0.1.1:45224]: Not closing client connection on middle chunk for /bower_components/angular-utils-pagination/dirPagination.js
11:39:51.036 [LittleProxy-ProxyToServerWorker-7] DEBUG o.l.p.impl.ProxyToServerConnection - (AWAITING_INITIAL) [id: 0x700df78a, /127.0.0.1:35283 => localhost/127.0.0.1:9000]: Remembering the current request.
11:39:51.036 [LittleProxy-ProxyToServerWorker-7] DEBUG o.l.p.impl.ProxyToServerConnection - (AWAITING_INITIAL) [id: 0x700df78a, /127.0.0.1:35283 => localhost/127.0.0.1:9000]: Reading: DefaultHttpResponse(decodeResult: success, version: HTTP/1.1)
HTTP/1.1 200 OK
Accept-Ranges: bytes
Date: Tue, 08 Sep 2015 10:39:51 GMT
Cache-Control: public, max-age=0
Last-Modified: Mon, 03 Aug 2015 14:47:14 GMT
ETag: W/"EntozxcVB1/oyeWIY8cwdg=="
Content-Type: application/javascript
Content-Length: 2664
Connection: keep-alive
11:39:51.036 [LittleProxy-ProxyToServerWorker-7] DEBUG o.l.p.impl.ProxyToServerConnection - (AWAITING_INITIAL) [id: 0x700df78a, /127.0.0.1:35283 => localhost/127.0.0.1:9000]: Received raw response: DefaultHttpResponse(decodeResult: success, version: HTTP/1.1)
HTTP/1.1 200 OK
Accept-Ranges: bytes
Date: Tue, 08 Sep 2015 10:39:51 GMT
Cache-Control: public, max-age=0
Last-Modified: Mon, 03 Aug 2015 14:47:14 GMT
ETag: W/"EntozxcVB1/oyeWIY8cwdg=="
Content-Type: application/javascript
Content-Length: 2664
Connection: keep-alive
11:39:51.036 [LittleProxy-ProxyToServerWorker-7] DEBUG o.l.p.impl.ProxyToServerConnection - (AWAITING_INITIAL) [id: 0x700df78a, /127.0.0.1:35283 => localhost/127.0.0.1:9000]: Remembering the current response.
11:39:51.036 [LittleProxy-ProxyToServerWorker-7] DEBUG o.l.p.impl.ClientToProxyConnection - (AWAITING_INITIAL) [id: 0x4dc93f85, /127.0.0.1:54147 => /127.0.1.1:45224]: Writing: DefaultHttpResponse(decodeResult: success, version: HTTP/1.1)
HTTP/1.1 200 OK
Accept-Ranges: bytes
Date: Tue, 08 Sep 2015 10:39:51 GMT
Cache-Control: public, max-age=0
Last-Modified: Mon, 03 Aug 2015 14:47:14 GMT
ETag: W/"EntozxcVB1/oyeWIY8cwdg=="
Content-Type: application/javascript
Content-Length: 2664
Via: 1.1 localhost.localdomain
11:39:51.037 [LittleProxy-ProxyToServerWorker-7] DEBUG o.l.p.impl.ClientToProxyConnection - (AWAITING_INITIAL) [id: 0x4dc93f85, /127.0.0.1:54147 => /127.0.1.1:45224]: Wrote: DefaultHttpResponse(decodeResult: success, version: HTTP/1.1)
HTTP/1.1 200 OK
Accept-Ranges: bytes
Date: Tue, 08 Sep 2015 10:39:51 GMT
Cache-Control: public, max-age=0
Last-Modified: Mon, 03 Aug 2015 14:47:14 GMT
ETag: W/"EntozxcVB1/oyeWIY8cwdg=="
Content-Type: application/javascript
Content-Length: 2664
Via: 1.1 localhost.localdomain
11:39:51.037 [LittleProxy-ProxyToServerWorker-7] DEBUG o.l.p.impl.ClientToProxyConnection - (AWAITING_INITIAL) [id: 0x4dc93f85, /127.0.0.1:54147 => /127.0.1.1:45224]: Not closing server connection on middle chunk for /scripts/app.js
11:39:51.037 [LittleProxy-ProxyToServerWorker-7] DEBUG o.l.p.impl.ClientToProxyConnection - (AWAITING_INITIAL) [id: 0x4dc93f85, /127.0.0.1:54147 => /127.0.1.1:45224]: Not closing client connection on middle chunk for /scripts/app.js
11:39:51.037 [LittleProxy-ProxyToServerWorker-7] DEBUG o.l.p.impl.ProxyToServerConnection - (AWAITING_CHUNK) [id: 0x700df78a, /127.0.0.1:35283 => localhost/127.0.0.1:9000]: Reading: DefaultLastHttpContent(data: SlicedByteBuf(ridx: 0, widx: 2664, cap: 2664/2664, unwrapped: UnpooledUnsafeDirectByteBuf(ridx: 2664, widx: 2664, cap: 32768)), decoderResult: success)
11:39:51.037 [LittleProxy-ProxyToServerWorker-7] DEBUG o.l.p.impl.ClientToProxyConnection - (AWAITING_INITIAL) [id: 0x4dc93f85, /127.0.0.1:54147 => /127.0.1.1:45224]: Retaining reference counted message
11:39:51.037 [LittleProxy-ProxyToServerWorker-7] DEBUG o.l.p.impl.ClientToProxyConnection - (AWAITING_INITIAL) [id: 0x4dc93f85, /127.0.0.1:54147 => /127.0.1.1:45224]: Writing: DefaultLastHttpContent(data: SlicedByteBuf(ridx: 0, widx: 2664, cap: 2664/2664, unwrapped: UnpooledUnsafeDirectByteBuf(ridx: 2664, widx: 2664, cap: 32768)), decoderResult: success)
11:39:51.037 [LittleProxy-ProxyToServerWorker-7] DEBUG o.l.p.impl.ClientToProxyConnection - (AWAITING_INITIAL) [id: 0x4dc93f85, /127.0.0.1:54147 => /127.0.1.1:45224]: Writing an empty buffer to signal the end of our chunked transfer
11:39:51.037 [LittleProxy-ProxyToServerWorker-7] DEBUG o.l.p.impl.ClientToProxyConnection - (AWAITING_INITIAL) [id: 0x4dc93f85, /127.0.0.1:54147 => /127.0.1.1:45224]: Wrote: DefaultLastHttpContent(data: SlicedByteBuf(ridx: 0, widx: 2664, cap: 2664/2664, unwrapped: UnpooledUnsafeDirectByteBuf(ridx: 2664, widx: 2664, cap: 32768)), decoderResult: success)
11:39:51.037 [LittleProxy-ProxyToServerWorker-7] DEBUG o.l.p.impl.ClientToProxyConnection - (AWAITING_INITIAL) [id: 0x4dc93f85, /127.0.0.1:54147 => /127.0.1.1:45224]: Retaining reference counted message
11:39:51.037 [LittleProxy-ProxyToServerWorker-7] DEBUG o.l.p.impl.ClientToProxyConnection - (AWAITING_INITIAL) [id: 0x4dc93f85, /127.0.0.1:54147 => /127.0.1.1:45224]: Writing: EmptyByteBufBE
11:39:51.037 [LittleProxy-ProxyToServerWorker-7] DEBUG o.l.p.impl.ClientToProxyConnection - (AWAITING_INITIAL) [id: 0x4dc93f85, /127.0.0.1:54147 => /127.0.1.1:45224]: Wrote: EmptyByteBufBE
11:39:51.037 [LittleProxy-ProxyToServerWorker-7] DEBUG o.l.p.impl.ClientToProxyConnection - (AWAITING_INITIAL) [id: 0x4dc93f85, /127.0.0.1:54147 => /127.0.1.1:45224]: Handling last chunk. Using normal server connection closing rules.
11:39:51.037 [LittleProxy-ProxyToServerWorker-7] DEBUG o.l.p.impl.ClientToProxyConnection - (AWAITING_INITIAL) [id: 0x4dc93f85, /127.0.0.1:54147 => /127.0.1.1:45224]: Not closing server connection for response: DefaultHttpResponse(decodeResult: success, version: HTTP/1.1)
HTTP/1.1 200 OK
Accept-Ranges: bytes
Date: Tue, 08 Sep 2015 10:39:51 GMT
Cache-Control: public, max-age=0
Last-Modified: Mon, 03 Aug 2015 14:47:14 GMT
ETag: W/"EntozxcVB1/oyeWIY8cwdg=="
Content-Type: application/javascript
Content-Length: 2664
Connection: keep-alive
11:39:51.037 [LittleProxy-ProxyToServerWorker-7] DEBUG o.l.p.impl.ClientToProxyConnection - (AWAITING_INITIAL) [id: 0x4dc93f85, /127.0.0.1:54147 => /127.0.1.1:45224]: Handling last chunk. Using normal client connection closing rules.
11:39:51.039 [LittleProxy-ClientToProxyWorker-3] DEBUG o.l.p.impl.ClientToProxyConnection - (AWAITING_INITIAL) [id: 0x4dc93f85, /127.0.0.1:54147 => /127.0.1.1:45224]: Reading: HttpObjectAggregator$AggregatedFullHttpRequest(decodeResult: success, version: HTTP/1.1, content: CompositeByteBuf(ridx: 0, widx: 0, cap: 0, components=0))
GET http://localhost:9000/scripts/services/history-service.js HTTP/1.1
Host: localhost:9000
Proxy-Connection: keep-alive
Accept: */*
User-Agent: Mozilla/5.0 (X11; Linux x86_64) AppleWebKit/537.36 (KHTML, like Gecko) Chrome/44.0.2403.130 Safari/537.36
Referer: http://localhost:9000/
Accept-Encoding: gzip, deflate, sdch
Accept-Language: en-GB,en-US;q=0.8,en;q=0.6
Content-Length: 0
11:39:51.039 [LittleProxy-ProxyToServerWorker-7] DEBUG o.l.p.impl.ClientToProxyConnection - (AWAITING_INITIAL) [id: 0x4dc93f85, /127.0.0.1:54147 => /127.0.1.1:45224]: Not closing client connection for request: [FAILED toString()]
11:39:51.039 [LittleProxy-ClientToProxyWorker-3] DEBUG o.l.p.impl.ClientToProxyConnection - (AWAITING_INITIAL) [id: 0x4dc93f85, /127.0.0.1:54147 => /127.0.1.1:45224]: Got request: HttpObjectAggregator$AggregatedFullHttpRequest(decodeResult: success, version: HTTP/1.1, content: CompositeByteBuf(ridx: 0, widx: 0, cap: 0, components=0))
GET http://localhost:9000/scripts/services/history-service.js HTTP/1.1
Host: localhost:9000
Proxy-Connection: keep-alive
Accept: */*
User-Agent: Mozilla/5.0 (X11; Linux x86_64) AppleWebKit/537.36 (KHTML, like Gecko) Chrome/44.0.2403.130 Safari/537.36
Referer: http://localhost:9000/
Accept-Encoding: gzip, deflate, sdch
Accept-Language: en-GB,en-US;q=0.8,en;q=0.6
Content-Length: 0
11:39:51.039 [LittleProxy-ClientToProxyWorker-3] DEBUG o.l.p.impl.ClientToProxyConnection - (AWAITING_INITIAL) [id: 0x4dc93f85, /127.0.0.1:54147 => /127.0.1.1:45224]: Ensuring that hostAndPort are available in http://localhost:9000/scripts/services/history-service.js
11:39:51.039 [LittleProxy-ClientToProxyWorker-3] DEBUG o.l.p.impl.ClientToProxyConnection - (AWAITING_INITIAL) [id: 0x4dc93f85, /127.0.0.1:54147 => /127.0.1.1:45224]: Finding ProxyToServerConnection for: localhost:9000
11:39:51.039 [LittleProxy-ClientToProxyWorker-3] DEBUG o.l.p.impl.ClientToProxyConnection - (AWAITING_INITIAL) [id: 0x4dc93f85, /127.0.0.1:54147 => /127.0.1.1:45224]: Reusing existing server connection: org.littleshoot.proxy.impl.ProxyToServerConnection@2cc0768d
11:39:51.039 [LittleProxy-ClientToProxyWorker-3] DEBUG o.l.p.impl.ClientToProxyConnection - (AWAITING_INITIAL) [id: 0x4dc93f85, /127.0.0.1:54147 => /127.0.1.1:45224]: Modifying request headers for proxying
11:39:51.039 [LittleProxy-ClientToProxyWorker-3] DEBUG o.l.p.impl.ClientToProxyConnection - (AWAITING_INITIAL) [id: 0x4dc93f85, /127.0.0.1:54147 => /127.0.1.1:45224]: Modifying request for proxy chaining
11:39:51.039 [LittleProxy-ClientToProxyWorker-3] DEBUG o.l.p.impl.ClientToProxyConnection - (AWAITING_INITIAL) [id: 0x4dc93f85, /127.0.0.1:54147 => /127.0.1.1:45224]: Stripped host from uri: http://localhost:9000/scripts/services/history-service.js    yielding: /scripts/services/history-service.js
11:39:51.039 [LittleProxy-ClientToProxyWorker-3] DEBUG o.l.p.impl.ClientToProxyConnection - (AWAITING_INITIAL) [id: 0x4dc93f85, /127.0.0.1:54147 => /127.0.1.1:45224]: Removed sdch and inserted: gzip, deflate, 
11:39:51.039 [LittleProxy-ClientToProxyWorker-3] DEBUG o.l.p.impl.ClientToProxyConnection - (AWAITING_INITIAL) [id: 0x4dc93f85, /127.0.0.1:54147 => /127.0.1.1:45224]: Writing request to ProxyToServerConnection
11:39:51.040 [LittleProxy-ClientToProxyWorker-3] DEBUG o.l.p.impl.ProxyToServerConnection - (AWAITING_INITIAL) [id: 0x700df78a, /127.0.0.1:35283 => localhost/127.0.0.1:9000]: Requested write of HttpObjectAggregator$AggregatedFullHttpRequest(decodeResult: success, version: HTTP/1.1, content: CompositeByteBuf(ridx: 0, widx: 0, cap: 0, components=0))
GET /scripts/services/history-service.js HTTP/1.1
Host: localhost:9000
Accept: */*
User-Agent: Mozilla/5.0 (X11; Linux x86_64) AppleWebKit/537.36 (KHTML, like Gecko) Chrome/44.0.2403.130 Safari/537.36
Referer: http://localhost:9000/
Accept-Language: en-GB,en-US;q=0.8,en;q=0.6
Content-Length: 0
Accept-Encoding: gzip, deflate, 
Via: 1.1 localhost.localdomain
11:39:51.040 [LittleProxy-ClientToProxyWorker-3] DEBUG o.l.p.impl.ProxyToServerConnection - (AWAITING_INITIAL) [id: 0x700df78a, /127.0.0.1:35283 => localhost/127.0.0.1:9000]: Retaining reference counted message
11:39:51.040 [LittleProxy-ClientToProxyWorker-3] DEBUG o.l.p.impl.ProxyToServerConnection - (AWAITING_INITIAL) [id: 0x700df78a, /127.0.0.1:35283 => localhost/127.0.0.1:9000]: Using existing connection to: localhost/127.0.0.1:9000
11:39:51.040 [LittleProxy-ClientToProxyWorker-3] DEBUG o.l.p.impl.ProxyToServerConnection - (AWAITING_INITIAL) [id: 0x700df78a, /127.0.0.1:35283 => localhost/127.0.0.1:9000]: Writing: HttpObjectAggregator$AggregatedFullHttpRequest(decodeResult: success, version: HTTP/1.1, content: CompositeByteBuf(ridx: 0, widx: 0, cap: 0, components=0))
GET /scripts/services/history-service.js HTTP/1.1
Host: localhost:9000
Accept: */*
User-Agent: Mozilla/5.0 (X11; Linux x86_64) AppleWebKit/537.36 (KHTML, like Gecko) Chrome/44.0.2403.130 Safari/537.36
Referer: http://localhost:9000/
Accept-Language: en-GB,en-US;q=0.8,en;q=0.6
Content-Length: 0
Accept-Encoding: gzip, deflate, 
Via: 1.1 localhost.localdomain
11:39:51.040 [LittleProxy-ClientToProxyWorker-3] DEBUG o.l.p.impl.ProxyToServerConnection - (AWAITING_INITIAL) [id: 0x700df78a, /127.0.0.1:35283 => localhost/127.0.0.1:9000]: Writing an empty buffer to signal the end of our chunked transfer
11:39:51.040 [LittleProxy-ClientToProxyWorker-3] DEBUG o.l.p.impl.ProxyToServerConnection - (AWAITING_INITIAL) [id: 0x700df78a, /127.0.0.1:35283 => localhost/127.0.0.1:9000]: Wrote: HttpObjectAggregator$AggregatedFullHttpRequest(decodeResult: success, version: HTTP/1.1, content: CompositeByteBuf(ridx: 0, widx: 0, cap: 0, components=0))
GET /scripts/services/history-service.js HTTP/1.1
Host: localhost:9000
Accept: */*
User-Agent: Mozilla/5.0 (X11; Linux x86_64) AppleWebKit/537.36 (KHTML, like Gecko) Chrome/44.0.2403.130 Safari/537.36
Referer: http://localhost:9000/
Accept-Language: en-GB,en-US;q=0.8,en;q=0.6
Content-Length: 0
Accept-Encoding: gzip, deflate, 
Via: 1.1 localhost.localdomain
11:39:51.041 [LittleProxy-ProxyToServerWorker-6] DEBUG o.l.p.impl.ProxyToServerConnection - (AWAITING_INITIAL) [id: 0x15efad94, /127.0.0.1:35282 => localhost/127.0.0.1:9000]: Remembering the current request.
11:39:51.041 [LittleProxy-ProxyToServerWorker-6] DEBUG o.l.p.impl.ProxyToServerConnection - (AWAITING_INITIAL) [id: 0x15efad94, /127.0.0.1:35282 => localhost/127.0.0.1:9000]: Reading: DefaultHttpResponse(decodeResult: success, version: HTTP/1.1)
HTTP/1.1 200 OK
Accept-Ranges: bytes
Date: Tue, 08 Sep 2015 10:39:51 GMT
Cache-Control: public, max-age=0
Last-Modified: Wed, 27 May 2015 12:23:22 GMT
ETag: W/"rOKCu5RqB30KCrsa7GwzUQ=="
Content-Type: application/javascript
Content-Length: 97
Connection: keep-alive
11:39:51.041 [LittleProxy-ProxyToServerWorker-6] DEBUG o.l.p.impl.ProxyToServerConnection - (AWAITING_INITIAL) [id: 0x15efad94, /127.0.0.1:35282 => localhost/127.0.0.1:9000]: Received raw response: DefaultHttpResponse(decodeResult: success, version: HTTP/1.1)
HTTP/1.1 200 OK
Accept-Ranges: bytes
Date: Tue, 08 Sep 2015 10:39:51 GMT
Cache-Control: public, max-age=0
Last-Modified: Wed, 27 May 2015 12:23:22 GMT
ETag: W/"rOKCu5RqB30KCrsa7GwzUQ=="
Content-Type: application/javascript
Content-Length: 97
Connection: keep-alive
11:39:51.041 [LittleProxy-ProxyToServerWorker-6] DEBUG o.l.p.impl.ProxyToServerConnection - (AWAITING_INITIAL) [id: 0x15efad94, /127.0.0.1:35282 => localhost/127.0.0.1:9000]: Remembering the current response.
11:39:51.041 [LittleProxy-ProxyToServerWorker-6] DEBUG o.l.p.impl.ClientToProxyConnection - (AWAITING_INITIAL) [id: 0x87242349, /127.0.0.1:54149 => /127.0.1.1:45224]: Writing: DefaultHttpResponse(decodeResult: success, version: HTTP/1.1)
HTTP/1.1 200 OK
Accept-Ranges: bytes
Date: Tue, 08 Sep 2015 10:39:51 GMT
Cache-Control: public, max-age=0
Last-Modified: Wed, 27 May 2015 12:23:22 GMT
ETag: W/"rOKCu5RqB30KCrsa7GwzUQ=="
Content-Type: application/javascript
Content-Length: 97
Via: 1.1 localhost.localdomain
11:39:51.041 [LittleProxy-ProxyToServerWorker-3] DEBUG o.l.p.impl.ProxyToServerConnection - (AWAITING_INITIAL) [id: 0xceaab001, /127.0.0.1:35280 => localhost/127.0.0.1:9000]: Remembering the current request.
11:39:51.041 [LittleProxy-ProxyToServerWorker-6] DEBUG o.l.p.impl.ClientToProxyConnection - (AWAITING_INITIAL) [id: 0x87242349, /127.0.0.1:54149 => /127.0.1.1:45224]: Wrote: DefaultHttpResponse(decodeResult: success, version: HTTP/1.1)
HTTP/1.1 200 OK
Accept-Ranges: bytes
Date: Tue, 08 Sep 2015 10:39:51 GMT
Cache-Control: public, max-age=0
Last-Modified: Wed, 27 May 2015 12:23:22 GMT
ETag: W/"rOKCu5RqB30KCrsa7GwzUQ=="
Content-Type: application/javascript
Content-Length: 97
Via: 1.1 localhost.localdomain
11:39:51.041 [LittleProxy-ProxyToServerWorker-3] DEBUG o.l.p.impl.ProxyToServerConnection - (AWAITING_INITIAL) [id: 0xceaab001, /127.0.0.1:35280 => localhost/127.0.0.1:9000]: Reading: DefaultHttpResponse(decodeResult: success, version: HTTP/1.1)
HTTP/1.1 200 OK
Accept-Ranges: bytes
Date: Tue, 08 Sep 2015 10:39:51 GMT
Cache-Control: public, max-age=0
Last-Modified: Wed, 27 May 2015 12:23:22 GMT
ETag: W/"d1Tx9vByx8zFAeOHvuNU4g=="
Content-Type: application/javascript
Content-Length: 2325
Connection: keep-alive
11:39:51.041 [LittleProxy-ProxyToServerWorker-6] DEBUG o.l.p.impl.ClientToProxyConnection - (AWAITING_INITIAL) [id: 0x87242349, /127.0.0.1:54149 => /127.0.1.1:45224]: Not closing server connection on middle chunk for /scripts/config/config.js
11:39:51.041 [LittleProxy-ProxyToServerWorker-3] DEBUG o.l.p.impl.ProxyToServerConnection - (AWAITING_INITIAL) [id: 0xceaab001, /127.0.0.1:35280 => localhost/127.0.0.1:9000]: Received raw response: DefaultHttpResponse(decodeResult: success, version: HTTP/1.1)
HTTP/1.1 200 OK
Accept-Ranges: bytes
Date: Tue, 08 Sep 2015 10:39:51 GMT
Cache-Control: public, max-age=0
Last-Modified: Wed, 27 May 2015 12:23:22 GMT
ETag: W/"d1Tx9vByx8zFAeOHvuNU4g=="
Content-Type: application/javascript
Content-Length: 2325
Connection: keep-alive
11:39:51.041 [LittleProxy-ProxyToServerWorker-6] DEBUG o.l.p.impl.ClientToProxyConnection - (AWAITING_INITIAL) [id: 0x87242349, /127.0.0.1:54149 => /127.0.1.1:45224]: Not closing client connection on middle chunk for /scripts/config/config.js
11:39:51.041 [LittleProxy-ProxyToServerWorker-3] DEBUG o.l.p.impl.ProxyToServerConnection - (AWAITING_INITIAL) [id: 0xceaab001, /127.0.0.1:35280 => localhost/127.0.0.1:9000]: Remembering the current response.
11:39:51.041 [LittleProxy-ProxyToServerWorker-3] DEBUG o.l.p.impl.ClientToProxyConnection - (AWAITING_INITIAL) [id: 0x16fa54b8, /127.0.0.1:54150 => /127.0.1.1:45224]: Writing: DefaultHttpResponse(decodeResult: success, version: HTTP/1.1)
HTTP/1.1 200 OK
Accept-Ranges: bytes
Date: Tue, 08 Sep 2015 10:39:51 GMT
Cache-Control: public, max-age=0
Last-Modified: Wed, 27 May 2015 12:23:22 GMT
ETag: W/"d1Tx9vByx8zFAeOHvuNU4g=="
Content-Type: application/javascript
Content-Length: 2325
Via: 1.1 localhost.localdomain
11:39:51.041 [LittleProxy-ProxyToServerWorker-3] DEBUG o.l.p.impl.ClientToProxyConnection - (AWAITING_INITIAL) [id: 0x16fa54b8, /127.0.0.1:54150 => /127.0.1.1:45224]: Wrote: DefaultHttpResponse(decodeResult: success, version: HTTP/1.1)
HTTP/1.1 200 OK
Accept-Ranges: bytes
Date: Tue, 08 Sep 2015 10:39:51 GMT
Cache-Control: public, max-age=0
Last-Modified: Wed, 27 May 2015 12:23:22 GMT
ETag: W/"d1Tx9vByx8zFAeOHvuNU4g=="
Content-Type: application/javascript
Content-Length: 2325
Via: 1.1 localhost.localdomain
11:39:51.041 [LittleProxy-ProxyToServerWorker-3] DEBUG o.l.p.impl.ClientToProxyConnection - (AWAITING_INITIAL) [id: 0x16fa54b8, /127.0.0.1:54150 => /127.0.1.1:45224]: Not closing server connection on middle chunk for /scripts/services/campaign-service.js
11:39:51.041 [LittleProxy-ProxyToServerWorker-3] DEBUG o.l.p.impl.ClientToProxyConnection - (AWAITING_INITIAL) [id: 0x16fa54b8, /127.0.0.1:54150 => /127.0.1.1:45224]: Not closing client connection on middle chunk for /scripts/services/campaign-service.js
11:39:51.043 [LittleProxy-ProxyToServerWorker-5] DEBUG o.l.p.impl.ProxyToServerConnection - (AWAITING_INITIAL) [id: 0x97bd59d1, /127.0.0.1:35281 => localhost/127.0.0.1:9000]: Remembering the current request.
11:39:51.043 [LittleProxy-ProxyToServerWorker-5] DEBUG o.l.p.impl.ProxyToServerConnection - (AWAITING_INITIAL) [id: 0x97bd59d1, /127.0.0.1:35281 => localhost/127.0.0.1:9000]: Reading: DefaultHttpResponse(decodeResult: success, version: HTTP/1.1)
HTTP/1.1 200 OK
Accept-Ranges: bytes
Date: Tue, 08 Sep 2015 10:39:51 GMT
Cache-Control: public, max-age=0
Last-Modified: Tue, 23 Jun 2015 13:00:42 GMT
ETag: W/"VpbYqqFrt6RA8rcYxEZhqw=="
Content-Type: application/javascript
Content-Length: 2293
Connection: keep-alive
11:39:51.043 [LittleProxy-ProxyToServerWorker-5] DEBUG o.l.p.impl.ProxyToServerConnection - (AWAITING_INITIAL) [id: 0x97bd59d1, /127.0.0.1:35281 => localhost/127.0.0.1:9000]: Received raw response: DefaultHttpResponse(decodeResult: success, version: HTTP/1.1)
HTTP/1.1 200 OK
Accept-Ranges: bytes
Date: Tue, 08 Sep 2015 10:39:51 GMT
Cache-Control: public, max-age=0
Last-Modified: Tue, 23 Jun 2015 13:00:42 GMT
ETag: W/"VpbYqqFrt6RA8rcYxEZhqw=="
Content-Type: application/javascript
Content-Length: 2293
Connection: keep-alive
11:39:51.043 [LittleProxy-ProxyToServerWorker-5] DEBUG o.l.p.impl.ProxyToServerConnection - (AWAITING_INITIAL) [id: 0x97bd59d1, /127.0.0.1:35281 => localhost/127.0.0.1:9000]: Remembering the current response.
11:39:51.043 [LittleProxy-ProxyToServerWorker-5] DEBUG o.l.p.impl.ClientToProxyConnection - (AWAITING_INITIAL) [id: 0xa74abe3b, /127.0.0.1:54151 => /127.0.1.1:45224]: Writing: DefaultHttpResponse(decodeResult: success, version: HTTP/1.1)
HTTP/1.1 200 OK
Accept-Ranges: bytes
Date: Tue, 08 Sep 2015 10:39:51 GMT
Cache-Control: public, max-age=0
Last-Modified: Tue, 23 Jun 2015 13:00:42 GMT
ETag: W/"VpbYqqFrt6RA8rcYxEZhqw=="
Content-Type: application/javascript
Content-Length: 2293
Via: 1.1 localhost.localdomain
11:39:51.043 [LittleProxy-ProxyToServerWorker-5] DEBUG o.l.p.impl.ClientToProxyConnection - (AWAITING_INITIAL) [id: 0xa74abe3b, /127.0.0.1:54151 => /127.0.1.1:45224]: Wrote: DefaultHttpResponse(decodeResult: success, version: HTTP/1.1)
HTTP/1.1 200 OK
Accept-Ranges: bytes
Date: Tue, 08 Sep 2015 10:39:51 GMT
Cache-Control: public, max-age=0
Last-Modified: Tue, 23 Jun 2015 13:00:42 GMT
ETag: W/"VpbYqqFrt6RA8rcYxEZhqw=="
Content-Type: application/javascript
Content-Length: 2293
Via: 1.1 localhost.localdomain
11:39:51.043 [LittleProxy-ProxyToServerWorker-5] DEBUG o.l.p.impl.ClientToProxyConnection - (AWAITING_INITIAL) [id: 0xa74abe3b, /127.0.0.1:54151 => /127.0.1.1:45224]: Not closing server connection on middle chunk for /scripts/services/base-http-service.js
11:39:51.043 [LittleProxy-ProxyToServerWorker-5] DEBUG o.l.p.impl.ClientToProxyConnection - (AWAITING_INITIAL) [id: 0xa74abe3b, /127.0.0.1:54151 => /127.0.1.1:45224]: Not closing client connection on middle chunk for /scripts/services/base-http-service.js
11:39:51.044 [LittleProxy-ProxyToServerWorker-4] DEBUG o.l.p.impl.ProxyToServerConnection - (AWAITING_INITIAL) [id: 0xb51d3331, /127.0.0.1:35284 => localhost/127.0.0.1:9000]: Remembering the current request.
11:39:51.044 [LittleProxy-ProxyToServerWorker-4] DEBUG o.l.p.impl.ProxyToServerConnection - (AWAITING_INITIAL) [id: 0xb51d3331, /127.0.0.1:35284 => localhost/127.0.0.1:9000]: Reading: DefaultHttpResponse(decodeResult: success, version: HTTP/1.1)
HTTP/1.1 200 OK
Accept-Ranges: bytes
Date: Tue, 08 Sep 2015 10:39:51 GMT
Cache-Control: public, max-age=0
Last-Modified: Tue, 23 Jun 2015 13:00:42 GMT
ETag: W/"/6A+pxy+ObO3U5zx4Ugpkw=="
Content-Type: application/javascript
Content-Length: 3451
Connection: keep-alive
11:39:51.044 [LittleProxy-ProxyToServerWorker-4] DEBUG o.l.p.impl.ProxyToServerConnection - (AWAITING_INITIAL) [id: 0xb51d3331, /127.0.0.1:35284 => localhost/127.0.0.1:9000]: Received raw response: DefaultHttpResponse(decodeResult: success, version: HTTP/1.1)
HTTP/1.1 200 OK
Accept-Ranges: bytes
Date: Tue, 08 Sep 2015 10:39:51 GMT
Cache-Control: public, max-age=0
Last-Modified: Tue, 23 Jun 2015 13:00:42 GMT
ETag: W/"/6A+pxy+ObO3U5zx4Ugpkw=="
Content-Type: application/javascript
Content-Length: 3451
Connection: keep-alive
11:39:51.044 [LittleProxy-ProxyToServerWorker-4] DEBUG o.l.p.impl.ProxyToServerConnection - (AWAITING_INITIAL) [id: 0xb51d3331, /127.0.0.1:35284 => localhost/127.0.0.1:9000]: Remembering the current response.
11:39:51.044 [LittleProxy-ProxyToServerWorker-4] DEBUG o.l.p.impl.ClientToProxyConnection - (AWAITING_INITIAL) [id: 0x1e5765f0, /127.0.0.1:54148 => /127.0.1.1:45224]: Writing: DefaultHttpResponse(decodeResult: success, version: HTTP/1.1)
HTTP/1.1 200 OK
Accept-Ranges: bytes
Date: Tue, 08 Sep 2015 10:39:51 GMT
Cache-Control: public, max-age=0
Last-Modified: Tue, 23 Jun 2015 13:00:42 GMT
ETag: W/"/6A+pxy+ObO3U5zx4Ugpkw=="
Content-Type: application/javascript
Content-Length: 3451
Via: 1.1 localhost.localdomain
11:39:51.044 [LittleProxy-ProxyToServerWorker-4] DEBUG o.l.p.impl.ClientToProxyConnection - (AWAITING_INITIAL) [id: 0x1e5765f0, /127.0.0.1:54148 => /127.0.1.1:45224]: Wrote: DefaultHttpResponse(decodeResult: success, version: HTTP/1.1)
HTTP/1.1 200 OK
Accept-Ranges: bytes
Date: Tue, 08 Sep 2015 10:39:51 GMT
Cache-Control: public, max-age=0
Last-Modified: Tue, 23 Jun 2015 13:00:42 GMT
ETag: W/"/6A+pxy+ObO3U5zx4Ugpkw=="
Content-Type: application/javascript
Content-Length: 3451
Via: 1.1 localhost.localdomain
11:39:51.044 [LittleProxy-ProxyToServerWorker-4] DEBUG o.l.p.impl.ClientToProxyConnection - (AWAITING_INITIAL) [id: 0x1e5765f0, /127.0.0.1:54148 => /127.0.1.1:45224]: Not closing server connection on middle chunk for /scripts/services/voucher-service.js
11:39:51.044 [LittleProxy-ProxyToServerWorker-4] DEBUG o.l.p.impl.ClientToProxyConnection - (AWAITING_INITIAL) [id: 0x1e5765f0, /127.0.0.1:54148 => /127.0.1.1:45224]: Not closing client connection on middle chunk for /scripts/services/voucher-service.js
11:39:51.046 [LittleProxy-ProxyToServerWorker-7] DEBUG o.l.p.impl.ProxyToServerConnection - (AWAITING_INITIAL) [id: 0x700df78a, /127.0.0.1:35283 => localhost/127.0.0.1:9000]: Remembering the current request.
11:39:51.046 [LittleProxy-ProxyToServerWorker-7] DEBUG o.l.p.impl.ProxyToServerConnection - (AWAITING_INITIAL) [id: 0x700df78a, /127.0.0.1:35283 => localhost/127.0.0.1:9000]: Reading: DefaultHttpResponse(decodeResult: success, version: HTTP/1.1)
HTTP/1.1 200 OK
Accept-Ranges: bytes
Date: Tue, 08 Sep 2015 10:39:51 GMT
Cache-Control: public, max-age=0
Last-Modified: Wed, 27 May 2015 12:23:22 GMT
ETag: W/"h3LwtaSN+ZPWomc/+/9LAA=="
Content-Type: application/javascript
Content-Length: 897
Connection: keep-alive
11:39:51.046 [LittleProxy-ProxyToServerWorker-7] DEBUG o.l.p.impl.ProxyToServerConnection - (AWAITING_INITIAL) [id: 0x700df78a, /127.0.0.1:35283 => localhost/127.0.0.1:9000]: Received raw response: DefaultHttpResponse(decodeResult: success, version: HTTP/1.1)
HTTP/1.1 200 OK
Accept-Ranges: bytes
Date: Tue, 08 Sep 2015 10:39:51 GMT
Cache-Control: public, max-age=0
Last-Modified: Wed, 27 May 2015 12:23:22 GMT
ETag: W/"h3LwtaSN+ZPWomc/+/9LAA=="
Content-Type: application/javascript
Content-Length: 897
Connection: keep-alive
11:39:51.046 [LittleProxy-ProxyToServerWorker-7] DEBUG o.l.p.impl.ProxyToServerConnection - (AWAITING_INITIAL) [id: 0x700df78a, /127.0.0.1:35283 => localhost/127.0.0.1:9000]: Remembering the current response.
11:39:51.046 [LittleProxy-ProxyToServerWorker-7] DEBUG o.l.p.impl.ClientToProxyConnection - (AWAITING_INITIAL) [id: 0x4dc93f85, /127.0.0.1:54147 => /127.0.1.1:45224]: Writing: DefaultHttpResponse(decodeResult: success, version: HTTP/1.1)
HTTP/1.1 200 OK
Accept-Ranges: bytes
Date: Tue, 08 Sep 2015 10:39:51 GMT
Cache-Control: public, max-age=0
Last-Modified: Wed, 27 May 2015 12:23:22 GMT
ETag: W/"h3LwtaSN+ZPWomc/+/9LAA=="
Content-Type: application/javascript
Content-Length: 897
Via: 1.1 localhost.localdomain
11:39:51.046 [LittleProxy-ProxyToServerWorker-7] DEBUG o.l.p.impl.ClientToProxyConnection - (AWAITING_INITIAL) [id: 0x4dc93f85, /127.0.0.1:54147 => /127.0.1.1:45224]: Wrote: DefaultHttpResponse(decodeResult: success, version: HTTP/1.1)
HTTP/1.1 200 OK
Accept-Ranges: bytes
Date: Tue, 08 Sep 2015 10:39:51 GMT
Cache-Control: public, max-age=0
Last-Modified: Wed, 27 May 2015 12:23:22 GMT
ETag: W/"h3LwtaSN+ZPWomc/+/9LAA=="
Content-Type: application/javascript
Content-Length: 897
Via: 1.1 localhost.localdomain
11:39:51.046 [LittleProxy-ProxyToServerWorker-7] DEBUG o.l.p.impl.ClientToProxyConnection - (AWAITING_INITIAL) [id: 0x4dc93f85, /127.0.0.1:54147 => /127.0.1.1:45224]: Not closing server connection on middle chunk for /scripts/services/history-service.js
11:39:51.046 [LittleProxy-ProxyToServerWorker-7] DEBUG o.l.p.impl.ClientToProxyConnection - (AWAITING_INITIAL) [id: 0x4dc93f85, /127.0.0.1:54147 => /127.0.1.1:45224]: Not closing client connection on middle chunk for /scripts/services/history-service.js
11:39:51.067 [LittleProxy-ProxyToServerWorker-2] DEBUG o.l.p.impl.ProxyToServerConnection - (AWAITING_CHUNK) [id: 0x9953b61f, /127.0.0.1:35274 => localhost/127.0.0.1:9000]: Reading: DefaultHttpContent(data: SlicedByteBuf(ridx: 0, widx: 16384, cap: 16384/16384, unwrapped: UnpooledUnsafeDirectByteBuf(ridx: 22037, widx: 22037, cap: 32768)), decoderResult: success)
11:39:51.067 [LittleProxy-ProxyToServerWorker-2] DEBUG o.l.p.impl.ClientToProxyConnection - (AWAITING_INITIAL) [id: 0xe726451f, /127.0.0.1:54145 => /127.0.1.1:45224]: Retaining reference counted message
11:39:51.067 [LittleProxy-ProxyToServerWorker-2] DEBUG o.l.p.impl.ClientToProxyConnection - (AWAITING_INITIAL) [id: 0xe726451f, /127.0.0.1:54145 => /127.0.1.1:45224]: Writing: DefaultHttpContent(data: SlicedByteBuf(ridx: 0, widx: 16384, cap: 16384/16384, unwrapped: UnpooledUnsafeDirectByteBuf(ridx: 22037, widx: 22037, cap: 32768)), decoderResult: success)
11:39:51.067 [LittleProxy-ProxyToServerWorker-2] DEBUG o.l.p.impl.ClientToProxyConnection - (AWAITING_INITIAL) [id: 0xe726451f, /127.0.0.1:54145 => /127.0.1.1:45224]: Wrote: DefaultHttpContent(data: SlicedByteBuf(ridx: 0, widx: 16384, cap: 16384/16384, unwrapped: UnpooledUnsafeDirectByteBuf(ridx: 22037, widx: 22037, cap: 32768)), decoderResult: success)
11:39:51.067 [LittleProxy-ProxyToServerWorker-2] DEBUG o.l.p.impl.ClientToProxyConnection - (AWAITING_INITIAL) [id: 0xe726451f, /127.0.0.1:54145 => /127.0.1.1:45224]: Not closing server connection on middle chunk for /bower_components/angular-utils-pagination/dirPagination.js
11:39:51.067 [LittleProxy-ProxyToServerWorker-2] DEBUG o.l.p.impl.ClientToProxyConnection - (AWAITING_INITIAL) [id: 0xe726451f, /127.0.0.1:54145 => /127.0.1.1:45224]: Not closing client connection on middle chunk for /bower_components/angular-utils-pagination/dirPagination.js
11:39:51.067 [LittleProxy-ProxyToServerWorker-2] DEBUG o.l.p.impl.ProxyToServerConnection - (AWAITING_CHUNK) [id: 0x9953b61f, /127.0.0.1:35274 => localhost/127.0.0.1:9000]: Reading: DefaultLastHttpContent(data: SlicedByteBuf(ridx: 0, widx: 5653, cap: 5653/5653, unwrapped: UnpooledUnsafeDirectByteBuf(ridx: 22037, widx: 22037, cap: 32768)), decoderResult: success)
11:39:51.067 [LittleProxy-ProxyToServerWorker-2] DEBUG o.l.p.impl.ClientToProxyConnection - (AWAITING_INITIAL) [id: 0xe726451f, /127.0.0.1:54145 => /127.0.1.1:45224]: Retaining reference counted message
11:39:51.067 [LittleProxy-ProxyToServerWorker-2] DEBUG o.l.p.impl.ClientToProxyConnection - (AWAITING_INITIAL) [id: 0xe726451f, /127.0.0.1:54145 => /127.0.1.1:45224]: Writing: DefaultLastHttpContent(data: SlicedByteBuf(ridx: 0, widx: 5653, cap: 5653/5653, unwrapped: UnpooledUnsafeDirectByteBuf(ridx: 22037, widx: 22037, cap: 32768)), decoderResult: success)
11:39:51.067 [LittleProxy-ProxyToServerWorker-2] DEBUG o.l.p.impl.ClientToProxyConnection - (AWAITING_INITIAL) [id: 0xe726451f, /127.0.0.1:54145 => /127.0.1.1:45224]: Writing an empty buffer to signal the end of our chunked transfer
11:39:51.067 [LittleProxy-ProxyToServerWorker-2] DEBUG o.l.p.impl.ClientToProxyConnection - (AWAITING_INITIAL) [id: 0xe726451f, /127.0.0.1:54145 => /127.0.1.1:45224]: Wrote: DefaultLastHttpContent(data: SlicedByteBuf(ridx: 0, widx: 5653, cap: 5653/5653, unwrapped: UnpooledUnsafeDirectByteBuf(ridx: 22037, widx: 22037, cap: 32768)), decoderResult: success)
11:39:51.067 [LittleProxy-ProxyToServerWorker-2] DEBUG o.l.p.impl.ClientToProxyConnection - (AWAITING_INITIAL) [id: 0xe726451f, /127.0.0.1:54145 => /127.0.1.1:45224]: Retaining reference counted message
11:39:51.067 [LittleProxy-ProxyToServerWorker-2] DEBUG o.l.p.impl.ClientToProxyConnection - (AWAITING_INITIAL) [id: 0xe726451f, /127.0.0.1:54145 => /127.0.1.1:45224]: Writing: EmptyByteBufBE
11:39:51.067 [LittleProxy-ProxyToServerWorker-2] DEBUG o.l.p.impl.ClientToProxyConnection - (AWAITING_INITIAL) [id: 0xe726451f, /127.0.0.1:54145 => /127.0.1.1:45224]: Wrote: EmptyByteBufBE
11:39:51.067 [LittleProxy-ProxyToServerWorker-2] DEBUG o.l.p.impl.ClientToProxyConnection - (AWAITING_INITIAL) [id: 0xe726451f, /127.0.0.1:54145 => /127.0.1.1:45224]: Handling last chunk. Using normal server connection closing rules.
11:39:51.067 [LittleProxy-ProxyToServerWorker-2] DEBUG o.l.p.impl.ClientToProxyConnection - (AWAITING_INITIAL) [id: 0xe726451f, /127.0.0.1:54145 => /127.0.1.1:45224]: Not closing server connection for response: DefaultHttpResponse(decodeResult: success, version: HTTP/1.1)
HTTP/1.1 200 OK
Accept-Ranges: bytes
Date: Tue, 08 Sep 2015 10:39:51 GMT
Cache-Control: public, max-age=0
Last-Modified: Fri, 17 Apr 2015 14:36:57 GMT
ETag: W/"MclzowBM2rQPVIdvIkRpTg=="
Content-Type: application/javascript
Content-Length: 22037
Connection: keep-alive
11:39:51.067 [LittleProxy-ProxyToServerWorker-2] DEBUG o.l.p.impl.ClientToProxyConnection - (AWAITING_INITIAL) [id: 0xe726451f, /127.0.0.1:54145 => /127.0.1.1:45224]: Handling last chunk. Using normal client connection closing rules.
11:39:51.068 [LittleProxy-ProxyToServerWorker-2] DEBUG o.l.p.impl.ClientToProxyConnection - (AWAITING_INITIAL) [id: 0xe726451f, /127.0.0.1:54145 => /127.0.1.1:45224]: Not closing client connection for request: [FAILED toString()]
11:39:51.069 [LittleProxy-ClientToProxyWorker-2] DEBUG o.l.p.impl.ClientToProxyConnection - (AWAITING_INITIAL) [id: 0xe726451f, /127.0.0.1:54145 => /127.0.1.1:45224]: Reading: HttpObjectAggregator$AggregatedFullHttpRequest(decodeResult: success, version: HTTP/1.1, content: CompositeByteBuf(ridx: 0, widx: 0, cap: 0, components=0))
GET http://localhost:9000/scripts/services/promo-service.js HTTP/1.1
Host: localhost:9000
Proxy-Connection: keep-alive
Accept: */*
User-Agent: Mozilla/5.0 (X11; Linux x86_64) AppleWebKit/537.36 (KHTML, like Gecko) Chrome/44.0.2403.130 Safari/537.36
Referer: http://localhost:9000/
Accept-Encoding: gzip, deflate, sdch
Accept-Language: en-GB,en-US;q=0.8,en;q=0.6
Content-Length: 0
11:39:51.069 [LittleProxy-ClientToProxyWorker-2] DEBUG o.l.p.impl.ClientToProxyConnection - (AWAITING_INITIAL) [id: 0xe726451f, /127.0.0.1:54145 => /127.0.1.1:45224]: Got request: HttpObjectAggregator$AggregatedFullHttpRequest(decodeResult: success, version: HTTP/1.1, content: CompositeByteBuf(ridx: 0, widx: 0, cap: 0, components=0))
GET http://localhost:9000/scripts/services/promo-service.js HTTP/1.1
Host: localhost:9000
Proxy-Connection: keep-alive
Accept: */*
User-Agent: Mozilla/5.0 (X11; Linux x86_64) AppleWebKit/537.36 (KHTML, like Gecko) Chrome/44.0.2403.130 Safari/537.36
Referer: http://localhost:9000/
Accept-Encoding: gzip, deflate, sdch
Accept-Language: en-GB,en-US;q=0.8,en;q=0.6
Content-Length: 0
11:39:51.069 [LittleProxy-ClientToProxyWorker-2] DEBUG o.l.p.impl.ClientToProxyConnection - (AWAITING_INITIAL) [id: 0xe726451f, /127.0.0.1:54145 => /127.0.1.1:45224]: Ensuring that hostAndPort are available in http://localhost:9000/scripts/services/promo-service.js
11:39:51.069 [LittleProxy-ClientToProxyWorker-2] DEBUG o.l.p.impl.ClientToProxyConnection - (AWAITING_INITIAL) [id: 0xe726451f, /127.0.0.1:54145 => /127.0.1.1:45224]: Finding ProxyToServerConnection for: localhost:9000
11:39:51.069 [LittleProxy-ClientToProxyWorker-2] DEBUG o.l.p.impl.ClientToProxyConnection - (AWAITING_INITIAL) [id: 0xe726451f, /127.0.0.1:54145 => /127.0.1.1:45224]: Reusing existing server connection: org.littleshoot.proxy.impl.ProxyToServerConnection@210dcfa0
11:39:51.069 [LittleProxy-ClientToProxyWorker-2] DEBUG o.l.p.impl.ClientToProxyConnection - (AWAITING_INITIAL) [id: 0xe726451f, /127.0.0.1:54145 => /127.0.1.1:45224]: Modifying request headers for proxying
11:39:51.069 [LittleProxy-ClientToProxyWorker-2] DEBUG o.l.p.impl.ClientToProxyConnection - (AWAITING_INITIAL) [id: 0xe726451f, /127.0.0.1:54145 => /127.0.1.1:45224]: Modifying request for proxy chaining
11:39:51.069 [LittleProxy-ClientToProxyWorker-2] DEBUG o.l.p.impl.ClientToProxyConnection - (AWAITING_INITIAL) [id: 0xe726451f, /127.0.0.1:54145 => /127.0.1.1:45224]: Stripped host from uri: http://localhost:9000/scripts/services/promo-service.js    yielding: /scripts/services/promo-service.js
11:39:51.069 [LittleProxy-ClientToProxyWorker-2] DEBUG o.l.p.impl.ClientToProxyConnection - (AWAITING_INITIAL) [id: 0xe726451f, /127.0.0.1:54145 => /127.0.1.1:45224]: Removed sdch and inserted: gzip, deflate, 
11:39:51.069 [LittleProxy-ClientToProxyWorker-2] DEBUG o.l.p.impl.ClientToProxyConnection - (AWAITING_INITIAL) [id: 0xe726451f, /127.0.0.1:54145 => /127.0.1.1:45224]: Writing request to ProxyToServerConnection
11:39:51.069 [LittleProxy-ClientToProxyWorker-2] DEBUG o.l.p.impl.ProxyToServerConnection - (AWAITING_INITIAL) [id: 0x9953b61f, /127.0.0.1:35274 => localhost/127.0.0.1:9000]: Requested write of HttpObjectAggregator$AggregatedFullHttpRequest(decodeResult: success, version: HTTP/1.1, content: CompositeByteBuf(ridx: 0, widx: 0, cap: 0, components=0))
GET /scripts/services/promo-service.js HTTP/1.1
Host: localhost:9000
Accept: */*
User-Agent: Mozilla/5.0 (X11; Linux x86_64) AppleWebKit/537.36 (KHTML, like Gecko) Chrome/44.0.2403.130 Safari/537.36
Referer: http://localhost:9000/
Accept-Language: en-GB,en-US;q=0.8,en;q=0.6
Content-Length: 0
Accept-Encoding: gzip, deflate, 
Via: 1.1 localhost.localdomain
11:39:51.069 [LittleProxy-ClientToProxyWorker-2] DEBUG o.l.p.impl.ProxyToServerConnection - (AWAITING_INITIAL) [id: 0x9953b61f, /127.0.0.1:35274 => localhost/127.0.0.1:9000]: Retaining reference counted message
11:39:51.069 [LittleProxy-ClientToProxyWorker-2] DEBUG o.l.p.impl.ProxyToServerConnection - (AWAITING_INITIAL) [id: 0x9953b61f, /127.0.0.1:35274 => localhost/127.0.0.1:9000]: Using existing connection to: localhost/127.0.0.1:9000
11:39:51.069 [LittleProxy-ClientToProxyWorker-2] DEBUG o.l.p.impl.ProxyToServerConnection - (AWAITING_INITIAL) [id: 0x9953b61f, /127.0.0.1:35274 => localhost/127.0.0.1:9000]: Writing: HttpObjectAggregator$AggregatedFullHttpRequest(decodeResult: success, version: HTTP/1.1, content: CompositeByteBuf(ridx: 0, widx: 0, cap: 0, components=0))
GET /scripts/services/promo-service.js HTTP/1.1
Host: localhost:9000
Accept: */*
User-Agent: Mozilla/5.0 (X11; Linux x86_64) AppleWebKit/537.36 (KHTML, like Gecko) Chrome/44.0.2403.130 Safari/537.36
Referer: http://localhost:9000/
Accept-Language: en-GB,en-US;q=0.8,en;q=0.6
Content-Length: 0
Accept-Encoding: gzip, deflate, 
Via: 1.1 localhost.localdomain
11:39:51.069 [LittleProxy-ClientToProxyWorker-2] DEBUG o.l.p.impl.ProxyToServerConnection - (AWAITING_INITIAL) [id: 0x9953b61f, /127.0.0.1:35274 => localhost/127.0.0.1:9000]: Writing an empty buffer to signal the end of our chunked transfer
11:39:51.069 [LittleProxy-ClientToProxyWorker-2] DEBUG o.l.p.impl.ProxyToServerConnection - (AWAITING_INITIAL) [id: 0x9953b61f, /127.0.0.1:35274 => localhost/127.0.0.1:9000]: Wrote: HttpObjectAggregator$AggregatedFullHttpRequest(decodeResult: success, version: HTTP/1.1, content: CompositeByteBuf(ridx: 0, widx: 0, cap: 0, components=0))
GET /scripts/services/promo-service.js HTTP/1.1
Host: localhost:9000
Accept: */*
User-Agent: Mozilla/5.0 (X11; Linux x86_64) AppleWebKit/537.36 (KHTML, like Gecko) Chrome/44.0.2403.130 Safari/537.36
Referer: http://localhost:9000/
Accept-Language: en-GB,en-US;q=0.8,en;q=0.6
Content-Length: 0
Accept-Encoding: gzip, deflate, 
Via: 1.1 localhost.localdomain
11:39:51.079 [LittleProxy-ProxyToServerWorker-3] DEBUG o.l.p.impl.ProxyToServerConnection - (AWAITING_CHUNK) [id: 0xceaab001, /127.0.0.1:35280 => localhost/127.0.0.1:9000]: Reading: DefaultHttpContent(data: SlicedByteBuf(ridx: 0, widx: 2048, cap: 2048/2048, unwrapped: UnpooledUnsafeDirectByteBuf(ridx: 2048, widx: 2048, cap: 2048)), decoderResult: success)
11:39:51.079 [LittleProxy-ProxyToServerWorker-5] DEBUG o.l.p.impl.ProxyToServerConnection - (AWAITING_CHUNK) [id: 0x97bd59d1, /127.0.0.1:35281 => localhost/127.0.0.1:9000]: Reading: DefaultLastHttpContent(data: SlicedByteBuf(ridx: 0, widx: 2293, cap: 2293/2293, unwrapped: UnpooledUnsafeDirectByteBuf(ridx: 2293, widx: 2293, cap: 65536)), decoderResult: success)
11:39:51.079 [LittleProxy-ProxyToServerWorker-6] DEBUG o.l.p.impl.ProxyToServerConnection - (AWAITING_CHUNK) [id: 0x15efad94, /127.0.0.1:35282 => localhost/127.0.0.1:9000]: Reading: DefaultLastHttpContent(data: SlicedByteBuf(ridx: 0, widx: 97, cap: 97/97, unwrapped: UnpooledUnsafeDirectByteBuf(ridx: 97, widx: 97, cap: 32768)), decoderResult: success)
11:39:51.079 [LittleProxy-ProxyToServerWorker-3] DEBUG o.l.p.impl.ClientToProxyConnection - (AWAITING_INITIAL) [id: 0x16fa54b8, /127.0.0.1:54150 => /127.0.1.1:45224]: Retaining reference counted message
11:39:51.079 [LittleProxy-ProxyToServerWorker-5] DEBUG o.l.p.impl.ClientToProxyConnection - (AWAITING_INITIAL) [id: 0xa74abe3b, /127.0.0.1:54151 => /127.0.1.1:45224]: Retaining reference counted message
11:39:51.079 [LittleProxy-ProxyToServerWorker-6] DEBUG o.l.p.impl.ClientToProxyConnection - (AWAITING_INITIAL) [id: 0x87242349, /127.0.0.1:54149 => /127.0.1.1:45224]: Retaining reference counted message
11:39:51.079 [LittleProxy-ProxyToServerWorker-3] DEBUG o.l.p.impl.ClientToProxyConnection - (AWAITING_INITIAL) [id: 0x16fa54b8, /127.0.0.1:54150 => /127.0.1.1:45224]: Writing: DefaultHttpContent(data: SlicedByteBuf(ridx: 0, widx: 2048, cap: 2048/2048, unwrapped: UnpooledUnsafeDirectByteBuf(ridx: 2048, widx: 2048, cap: 2048)), decoderResult: success)
11:39:51.079 [LittleProxy-ProxyToServerWorker-5] DEBUG o.l.p.impl.ClientToProxyConnection - (AWAITING_INITIAL) [id: 0xa74abe3b, /127.0.0.1:54151 => /127.0.1.1:45224]: Writing: DefaultLastHttpContent(data: SlicedByteBuf(ridx: 0, widx: 2293, cap: 2293/2293, unwrapped: UnpooledUnsafeDirectByteBuf(ridx: 2293, widx: 2293, cap: 65536)), decoderResult: success)
11:39:51.079 [LittleProxy-ProxyToServerWorker-6] DEBUG o.l.p.impl.ClientToProxyConnection - (AWAITING_INITIAL) [id: 0x87242349, /127.0.0.1:54149 => /127.0.1.1:45224]: Writing: DefaultLastHttpContent(data: SlicedByteBuf(ridx: 0, widx: 97, cap: 97/97, unwrapped: UnpooledUnsafeDirectByteBuf(ridx: 97, widx: 97, cap: 32768)), decoderResult: success)
11:39:51.079 [LittleProxy-ProxyToServerWorker-3] DEBUG o.l.p.impl.ClientToProxyConnection - (AWAITING_INITIAL) [id: 0x16fa54b8, /127.0.0.1:54150 => /127.0.1.1:45224]: Wrote: DefaultHttpContent(data: SlicedByteBuf(ridx: 0, widx: 2048, cap: 2048/2048, unwrapped: UnpooledUnsafeDirectByteBuf(ridx: 2048, widx: 2048, cap: 2048)), decoderResult: success)
11:39:51.079 [LittleProxy-ProxyToServerWorker-5] DEBUG o.l.p.impl.ClientToProxyConnection - (AWAITING_INITIAL) [id: 0xa74abe3b, /127.0.0.1:54151 => /127.0.1.1:45224]: Writing an empty buffer to signal the end of our chunked transfer
11:39:51.079 [LittleProxy-ProxyToServerWorker-6] DEBUG o.l.p.impl.ClientToProxyConnection - (AWAITING_INITIAL) [id: 0x87242349, /127.0.0.1:54149 => /127.0.1.1:45224]: Writing an empty buffer to signal the end of our chunked transfer
11:39:51.079 [LittleProxy-ProxyToServerWorker-3] DEBUG o.l.p.impl.ClientToProxyConnection - (AWAITING_INITIAL) [id: 0x16fa54b8, /127.0.0.1:54150 => /127.0.1.1:45224]: Not closing server connection on middle chunk for /scripts/services/campaign-service.js
11:39:51.079 [LittleProxy-ProxyToServerWorker-5] DEBUG o.l.p.impl.ClientToProxyConnection - (AWAITING_INITIAL) [id: 0xa74abe3b, /127.0.0.1:54151 => /127.0.1.1:45224]: Wrote: DefaultLastHttpContent(data: SlicedByteBuf(ridx: 0, widx: 2293, cap: 2293/2293, unwrapped: UnpooledUnsafeDirectByteBuf(ridx: 2293, widx: 2293, cap: 65536)), decoderResult: success)
11:39:51.079 [LittleProxy-ProxyToServerWorker-3] DEBUG o.l.p.impl.ClientToProxyConnection - (AWAITING_INITIAL) [id: 0x16fa54b8, /127.0.0.1:54150 => /127.0.1.1:45224]: Not closing client connection on middle chunk for /scripts/services/campaign-service.js
11:39:51.079 [LittleProxy-ProxyToServerWorker-6] DEBUG o.l.p.impl.ClientToProxyConnection - (AWAITING_INITIAL) [id: 0x87242349, /127.0.0.1:54149 => /127.0.1.1:45224]: Wrote: DefaultLastHttpContent(data: SlicedByteBuf(ridx: 0, widx: 97, cap: 97/97, unwrapped: UnpooledUnsafeDirectByteBuf(ridx: 97, widx: 97, cap: 32768)), decoderResult: success)
11:39:51.079 [LittleProxy-ProxyToServerWorker-5] DEBUG o.l.p.impl.ClientToProxyConnection - (AWAITING_INITIAL) [id: 0xa74abe3b, /127.0.0.1:54151 => /127.0.1.1:45224]: Retaining reference counted message
11:39:51.080 [LittleProxy-ProxyToServerWorker-6] DEBUG o.l.p.impl.ClientToProxyConnection - (AWAITING_INITIAL) [id: 0x87242349, /127.0.0.1:54149 => /127.0.1.1:45224]: Retaining reference counted message
11:39:51.080 [LittleProxy-ProxyToServerWorker-3] DEBUG o.l.p.impl.ProxyToServerConnection - (AWAITING_CHUNK) [id: 0xceaab001, /127.0.0.1:35280 => localhost/127.0.0.1:9000]: Reading: DefaultLastHttpContent(data: SlicedByteBuf(ridx: 0, widx: 277, cap: 277/277, unwrapped: UnpooledUnsafeDirectByteBuf(ridx: 277, widx: 277, cap: 2048)), decoderResult: success)
11:39:51.080 [LittleProxy-ProxyToServerWorker-5] DEBUG o.l.p.impl.ClientToProxyConnection - (AWAITING_INITIAL) [id: 0xa74abe3b, /127.0.0.1:54151 => /127.0.1.1:45224]: Writing: EmptyByteBufBE
11:39:51.080 [LittleProxy-ProxyToServerWorker-6] DEBUG o.l.p.impl.ClientToProxyConnection - (AWAITING_INITIAL) [id: 0x87242349, /127.0.0.1:54149 => /127.0.1.1:45224]: Writing: EmptyByteBufBE
11:39:51.080 [LittleProxy-ProxyToServerWorker-3] DEBUG o.l.p.impl.ClientToProxyConnection - (AWAITING_INITIAL) [id: 0x16fa54b8, /127.0.0.1:54150 => /127.0.1.1:45224]: Retaining reference counted message
11:39:51.080 [LittleProxy-ProxyToServerWorker-5] DEBUG o.l.p.impl.ClientToProxyConnection - (AWAITING_INITIAL) [id: 0xa74abe3b, /127.0.0.1:54151 => /127.0.1.1:45224]: Wrote: EmptyByteBufBE
11:39:51.080 [LittleProxy-ProxyToServerWorker-6] DEBUG o.l.p.impl.ClientToProxyConnection - (AWAITING_INITIAL) [id: 0x87242349, /127.0.0.1:54149 => /127.0.1.1:45224]: Wrote: EmptyByteBufBE
11:39:51.080 [LittleProxy-ProxyToServerWorker-3] DEBUG o.l.p.impl.ClientToProxyConnection - (AWAITING_INITIAL) [id: 0x16fa54b8, /127.0.0.1:54150 => /127.0.1.1:45224]: Writing: DefaultLastHttpContent(data: SlicedByteBuf(ridx: 0, widx: 277, cap: 277/277, unwrapped: UnpooledUnsafeDirectByteBuf(ridx: 277, widx: 277, cap: 2048)), decoderResult: success)
11:39:51.080 [LittleProxy-ProxyToServerWorker-5] DEBUG o.l.p.impl.ClientToProxyConnection - (AWAITING_INITIAL) [id: 0xa74abe3b, /127.0.0.1:54151 => /127.0.1.1:45224]: Handling last chunk. Using normal server connection closing rules.
11:39:51.080 [LittleProxy-ClientToProxyWorker-7] DEBUG o.l.p.impl.ClientToProxyConnection - (AWAITING_INITIAL) [id: 0xa74abe3b, /127.0.0.1:54151 => /127.0.1.1:45224]: Reading: HttpObjectAggregator$AggregatedFullHttpRequest(decodeResult: success, version: HTTP/1.1, content: CompositeByteBuf(ridx: 0, widx: 0, cap: 0, components=0))
GET http://localhost:9000/scripts/services/date-service.js HTTP/1.1
Host: localhost:9000
Proxy-Connection: keep-alive
Accept: */*
User-Agent: Mozilla/5.0 (X11; Linux x86_64) AppleWebKit/537.36 (KHTML, like Gecko) Chrome/44.0.2403.130 Safari/537.36
Referer: http://localhost:9000/
Accept-Encoding: gzip, deflate, sdch
Accept-Language: en-GB,en-US;q=0.8,en;q=0.6
Content-Length: 0
11:39:51.080 [LittleProxy-ClientToProxyWorker-5] DEBUG o.l.p.impl.ClientToProxyConnection - (AWAITING_INITIAL) [id: 0x87242349, /127.0.0.1:54149 => /127.0.1.1:45224]: Reading: HttpObjectAggregator$AggregatedFullHttpRequest(decodeResult: success, version: HTTP/1.1, content: CompositeByteBuf(ridx: 0, widx: 0, cap: 0, components=0))
GET http://localhost:9000/scripts/services/root-service.js HTTP/1.1
Host: localhost:9000
Proxy-Connection: keep-alive
Accept: */*
User-Agent: Mozilla/5.0 (X11; Linux x86_64) AppleWebKit/537.36 (KHTML, like Gecko) Chrome/44.0.2403.130 Safari/537.36
Referer: http://localhost:9000/
Accept-Encoding: gzip, deflate, sdch
Accept-Language: en-GB,en-US;q=0.8,en;q=0.6
Content-Length: 0
11:39:51.080 [LittleProxy-ProxyToServerWorker-6] DEBUG o.l.p.impl.ClientToProxyConnection - (AWAITING_INITIAL) [id: 0x87242349, /127.0.0.1:54149 => /127.0.1.1:45224]: Handling last chunk. Using normal server connection closing rules.
11:39:51.080 [LittleProxy-ProxyToServerWorker-3] DEBUG o.l.p.impl.ClientToProxyConnection - (AWAITING_INITIAL) [id: 0x16fa54b8, /127.0.0.1:54150 => /127.0.1.1:45224]: Writing an empty buffer to signal the end of our chunked transfer
11:39:51.080 [LittleProxy-ProxyToServerWorker-5] DEBUG o.l.p.impl.ClientToProxyConnection - (AWAITING_INITIAL) [id: 0xa74abe3b, /127.0.0.1:54151 => /127.0.1.1:45224]: Not closing server connection for response: DefaultHttpResponse(decodeResult: success, version: HTTP/1.1)
HTTP/1.1 200 OK
Accept-Ranges: bytes
Date: Tue, 08 Sep 2015 10:39:51 GMT
Cache-Control: public, max-age=0
Last-Modified: Tue, 23 Jun 2015 13:00:42 GMT
ETag: W/"VpbYqqFrt6RA8rcYxEZhqw=="
Content-Type: application/javascript
Content-Length: 2293
Connection: keep-alive
11:39:51.080 [LittleProxy-ClientToProxyWorker-7] DEBUG o.l.p.impl.ClientToProxyConnection - (AWAITING_INITIAL) [id: 0xa74abe3b, /127.0.0.1:54151 => /127.0.1.1:45224]: Got request: HttpObjectAggregator$AggregatedFullHttpRequest(decodeResult: success, version: HTTP/1.1, content: CompositeByteBuf(ridx: 0, widx: 0, cap: 0, components=0))
GET http://localhost:9000/scripts/services/date-service.js HTTP/1.1
Host: localhost:9000
Proxy-Connection: keep-alive
Accept: */*
User-Agent: Mozilla/5.0 (X11; Linux x86_64) AppleWebKit/537.36 (KHTML, like Gecko) Chrome/44.0.2403.130 Safari/537.36
Referer: http://localhost:9000/
Accept-Encoding: gzip, deflate, sdch
Accept-Language: en-GB,en-US;q=0.8,en;q=0.6
Content-Length: 0
11:39:51.080 [LittleProxy-ClientToProxyWorker-5] DEBUG o.l.p.impl.ClientToProxyConnection - (AWAITING_INITIAL) [id: 0x87242349, /127.0.0.1:54149 => /127.0.1.1:45224]: Got request: HttpObjectAggregator$AggregatedFullHttpRequest(decodeResult: success, version: HTTP/1.1, content: CompositeByteBuf(ridx: 0, widx: 0, cap: 0, components=0))
GET http://localhost:9000/scripts/services/root-service.js HTTP/1.1
Host: localhost:9000
Proxy-Connection: keep-alive
Accept: */*
User-Agent: Mozilla/5.0 (X11; Linux x86_64) AppleWebKit/537.36 (KHTML, like Gecko) Chrome/44.0.2403.130 Safari/537.36
Referer: http://localhost:9000/
Accept-Encoding: gzip, deflate, sdch
Accept-Language: en-GB,en-US;q=0.8,en;q=0.6
Content-Length: 0
11:39:51.080 [LittleProxy-ProxyToServerWorker-6] DEBUG o.l.p.impl.ClientToProxyConnection - (AWAITING_INITIAL) [id: 0x87242349, /127.0.0.1:54149 => /127.0.1.1:45224]: Not closing server connection for response: DefaultHttpResponse(decodeResult: success, version: HTTP/1.1)
HTTP/1.1 200 OK
Accept-Ranges: bytes
Date: Tue, 08 Sep 2015 10:39:51 GMT
Cache-Control: public, max-age=0
Last-Modified: Wed, 27 May 2015 12:23:22 GMT
ETag: W/"rOKCu5RqB30KCrsa7GwzUQ=="
Content-Type: application/javascript
Content-Length: 97
Connection: keep-alive
11:39:51.080 [LittleProxy-ProxyToServerWorker-5] DEBUG o.l.p.impl.ClientToProxyConnection - (AWAITING_INITIAL) [id: 0xa74abe3b, /127.0.0.1:54151 => /127.0.1.1:45224]: Handling last chunk. Using normal client connection closing rules.
11:39:51.080 [LittleProxy-ProxyToServerWorker-3] DEBUG o.l.p.impl.ClientToProxyConnection - (AWAITING_INITIAL) [id: 0x16fa54b8, /127.0.0.1:54150 => /127.0.1.1:45224]: Wrote: DefaultLastHttpContent(data: SlicedByteBuf(ridx: 0, widx: 277, cap: 277/277, unwrapped: UnpooledUnsafeDirectByteBuf(ridx: 277, widx: 277, cap: 2048)), decoderResult: success)
11:39:51.081 [LittleProxy-ProxyToServerWorker-6] DEBUG o.l.p.impl.ClientToProxyConnection - (AWAITING_INITIAL) [id: 0x87242349, /127.0.0.1:54149 => /127.0.1.1:45224]: Handling last chunk. Using normal client connection closing rules.
11:39:51.081 [LittleProxy-ProxyToServerWorker-3] DEBUG o.l.p.impl.ClientToProxyConnection - (AWAITING_INITIAL) [id: 0x16fa54b8, /127.0.0.1:54150 => /127.0.1.1:45224]: Retaining reference counted message
11:39:51.081 [LittleProxy-ClientToProxyWorker-7] DEBUG o.l.p.impl.ClientToProxyConnection - (AWAITING_INITIAL) [id: 0xa74abe3b, /127.0.0.1:54151 => /127.0.1.1:45224]: Ensuring that hostAndPort are available in http://localhost:9000/scripts/services/date-service.js
11:39:51.081 [LittleProxy-ClientToProxyWorker-5] DEBUG o.l.p.impl.ClientToProxyConnection - (AWAITING_INITIAL) [id: 0x87242349, /127.0.0.1:54149 => /127.0.1.1:45224]: Ensuring that hostAndPort are available in http://localhost:9000/scripts/services/root-service.js
11:39:51.081 [LittleProxy-ProxyToServerWorker-3] DEBUG o.l.p.impl.ClientToProxyConnection - (AWAITING_INITIAL) [id: 0x16fa54b8, /127.0.0.1:54150 => /127.0.1.1:45224]: Writing: EmptyByteBufBE
11:39:51.081 [LittleProxy-ClientToProxyWorker-7] DEBUG o.l.p.impl.ClientToProxyConnection - (AWAITING_INITIAL) [id: 0xa74abe3b, /127.0.0.1:54151 => /127.0.1.1:45224]: Finding ProxyToServerConnection for: localhost:9000
11:39:51.081 [LittleProxy-ClientToProxyWorker-5] DEBUG o.l.p.impl.ClientToProxyConnection - (AWAITING_INITIAL) [id: 0x87242349, /127.0.0.1:54149 => /127.0.1.1:45224]: Finding ProxyToServerConnection for: localhost:9000
11:39:51.081 [LittleProxy-ProxyToServerWorker-3] DEBUG o.l.p.impl.ClientToProxyConnection - (AWAITING_INITIAL) [id: 0x16fa54b8, /127.0.0.1:54150 => /127.0.1.1:45224]: Wrote: EmptyByteBufBE
11:39:51.081 [LittleProxy-ClientToProxyWorker-7] DEBUG o.l.p.impl.ClientToProxyConnection - (AWAITING_INITIAL) [id: 0xa74abe3b, /127.0.0.1:54151 => /127.0.1.1:45224]: Reusing existing server connection: org.littleshoot.proxy.impl.ProxyToServerConnection@55df2407
11:39:51.081 [LittleProxy-ClientToProxyWorker-5] DEBUG o.l.p.impl.ClientToProxyConnection - (AWAITING_INITIAL) [id: 0x87242349, /127.0.0.1:54149 => /127.0.1.1:45224]: Reusing existing server connection: org.littleshoot.proxy.impl.ProxyToServerConnection@19d9ddb6
11:39:51.081 [LittleProxy-ProxyToServerWorker-3] DEBUG o.l.p.impl.ClientToProxyConnection - (AWAITING_INITIAL) [id: 0x16fa54b8, /127.0.0.1:54150 => /127.0.1.1:45224]: Handling last chunk. Using normal server connection closing rules.
11:39:51.081 [LittleProxy-ClientToProxyWorker-7] DEBUG o.l.p.impl.ClientToProxyConnection - (AWAITING_INITIAL) [id: 0xa74abe3b, /127.0.0.1:54151 => /127.0.1.1:45224]: Modifying request headers for proxying
11:39:51.081 [LittleProxy-ProxyToServerWorker-5] DEBUG o.l.p.impl.ClientToProxyConnection - (AWAITING_INITIAL) [id: 0xa74abe3b, /127.0.0.1:54151 => /127.0.1.1:45224]: Not closing client connection for request: [FAILED toString()]
11:39:51.081 [LittleProxy-ClientToProxyWorker-5] DEBUG o.l.p.impl.ClientToProxyConnection - (AWAITING_INITIAL) [id: 0x87242349, /127.0.0.1:54149 => /127.0.1.1:45224]: Modifying request headers for proxying
11:39:51.081 [LittleProxy-ProxyToServerWorker-3] DEBUG o.l.p.impl.ClientToProxyConnection - (AWAITING_INITIAL) [id: 0x16fa54b8, /127.0.0.1:54150 => /127.0.1.1:45224]: Not closing server connection for response: DefaultHttpResponse(decodeResult: success, version: HTTP/1.1)
HTTP/1.1 200 OK
Accept-Ranges: bytes
Date: Tue, 08 Sep 2015 10:39:51 GMT
Cache-Control: public, max-age=0
Last-Modified: Wed, 27 May 2015 12:23:22 GMT
ETag: W/"d1Tx9vByx8zFAeOHvuNU4g=="
Content-Type: application/javascript
Content-Length: 2325
Connection: keep-alive
11:39:51.081 [LittleProxy-ClientToProxyWorker-7] DEBUG o.l.p.impl.ClientToProxyConnection - (AWAITING_INITIAL) [id: 0xa74abe3b, /127.0.0.1:54151 => /127.0.1.1:45224]: Modifying request for proxy chaining
11:39:51.081 [LittleProxy-ProxyToServerWorker-6] DEBUG o.l.p.impl.ClientToProxyConnection - (AWAITING_INITIAL) [id: 0x87242349, /127.0.0.1:54149 => /127.0.1.1:45224]: Not closing client connection for request: [FAILED toString()]
11:39:51.081 [LittleProxy-ClientToProxyWorker-5] DEBUG o.l.p.impl.ClientToProxyConnection - (AWAITING_INITIAL) [id: 0x87242349, /127.0.0.1:54149 => /127.0.1.1:45224]: Modifying request for proxy chaining
11:39:51.081 [LittleProxy-ProxyToServerWorker-3] DEBUG o.l.p.impl.ClientToProxyConnection - (AWAITING_INITIAL) [id: 0x16fa54b8, /127.0.0.1:54150 => /127.0.1.1:45224]: Handling last chunk. Using normal client connection closing rules.
11:39:51.081 [LittleProxy-ClientToProxyWorker-7] DEBUG o.l.p.impl.ClientToProxyConnection - (AWAITING_INITIAL) [id: 0xa74abe3b, /127.0.0.1:54151 => /127.0.1.1:45224]: Stripped host from uri: http://localhost:9000/scripts/services/date-service.js    yielding: /scripts/services/date-service.js
11:39:51.081 [LittleProxy-ClientToProxyWorker-5] DEBUG o.l.p.impl.ClientToProxyConnection - (AWAITING_INITIAL) [id: 0x87242349, /127.0.0.1:54149 => /127.0.1.1:45224]: Stripped host from uri: http://localhost:9000/scripts/services/root-service.js    yielding: /scripts/services/root-service.js
11:39:51.082 [LittleProxy-ProxyToServerWorker-3] DEBUG o.l.p.impl.ClientToProxyConnection - (AWAITING_INITIAL) [id: 0x16fa54b8, /127.0.0.1:54150 => /127.0.1.1:45224]: Not closing client connection for request: [FAILED toString()]
11:39:51.082 [LittleProxy-ClientToProxyWorker-7] DEBUG o.l.p.impl.ClientToProxyConnection - (AWAITING_INITIAL) [id: 0xa74abe3b, /127.0.0.1:54151 => /127.0.1.1:45224]: Removed sdch and inserted: gzip, deflate, 
11:39:51.082 [LittleProxy-ClientToProxyWorker-5] DEBUG o.l.p.impl.ClientToProxyConnection - (AWAITING_INITIAL) [id: 0x87242349, /127.0.0.1:54149 => /127.0.1.1:45224]: Removed sdch and inserted: gzip, deflate, 
11:39:51.082 [LittleProxy-ClientToProxyWorker-5] DEBUG o.l.p.impl.ClientToProxyConnection - (AWAITING_INITIAL) [id: 0x87242349, /127.0.0.1:54149 => /127.0.1.1:45224]: Writing request to ProxyToServerConnection
11:39:51.082 [LittleProxy-ClientToProxyWorker-7] DEBUG o.l.p.impl.ClientToProxyConnection - (AWAITING_INITIAL) [id: 0xa74abe3b, /127.0.0.1:54151 => /127.0.1.1:45224]: Writing request to ProxyToServerConnection
11:39:51.082 [LittleProxy-ClientToProxyWorker-5] DEBUG o.l.p.impl.ProxyToServerConnection - (AWAITING_INITIAL) [id: 0x15efad94, /127.0.0.1:35282 => localhost/127.0.0.1:9000]: Requested write of HttpObjectAggregator$AggregatedFullHttpRequest(decodeResult: success, version: HTTP/1.1, content: CompositeByteBuf(ridx: 0, widx: 0, cap: 0, components=0))
GET /scripts/services/root-service.js HTTP/1.1
Host: localhost:9000
Accept: */*
User-Agent: Mozilla/5.0 (X11; Linux x86_64) AppleWebKit/537.36 (KHTML, like Gecko) Chrome/44.0.2403.130 Safari/537.36
Referer: http://localhost:9000/
Accept-Language: en-GB,en-US;q=0.8,en;q=0.6
Content-Length: 0
Accept-Encoding: gzip, deflate, 
Via: 1.1 localhost.localdomain
11:39:51.082 [LittleProxy-ClientToProxyWorker-5] DEBUG o.l.p.impl.ProxyToServerConnection - (AWAITING_INITIAL) [id: 0x15efad94, /127.0.0.1:35282 => localhost/127.0.0.1:9000]: Retaining reference counted message
11:39:51.082 [LittleProxy-ClientToProxyWorker-5] DEBUG o.l.p.impl.ProxyToServerConnection - (AWAITING_INITIAL) [id: 0x15efad94, /127.0.0.1:35282 => localhost/127.0.0.1:9000]: Using existing connection to: localhost/127.0.0.1:9000
11:39:51.082 [LittleProxy-ClientToProxyWorker-5] DEBUG o.l.p.impl.ProxyToServerConnection - (AWAITING_INITIAL) [id: 0x15efad94, /127.0.0.1:35282 => localhost/127.0.0.1:9000]: Writing: HttpObjectAggregator$AggregatedFullHttpRequest(decodeResult: success, version: HTTP/1.1, content: CompositeByteBuf(ridx: 0, widx: 0, cap: 0, components=0))
GET /scripts/services/root-service.js HTTP/1.1
Host: localhost:9000
Accept: */*
User-Agent: Mozilla/5.0 (X11; Linux x86_64) AppleWebKit/537.36 (KHTML, like Gecko) Chrome/44.0.2403.130 Safari/537.36
Referer: http://localhost:9000/
Accept-Language: en-GB,en-US;q=0.8,en;q=0.6
Content-Length: 0
Accept-Encoding: gzip, deflate, 
Via: 1.1 localhost.localdomain
11:39:51.082 [LittleProxy-ClientToProxyWorker-5] DEBUG o.l.p.impl.ProxyToServerConnection - (AWAITING_INITIAL) [id: 0x15efad94, /127.0.0.1:35282 => localhost/127.0.0.1:9000]: Writing an empty buffer to signal the end of our chunked transfer
11:39:51.082 [LittleProxy-ClientToProxyWorker-7] DEBUG o.l.p.impl.ProxyToServerConnection - (AWAITING_INITIAL) [id: 0x97bd59d1, /127.0.0.1:35281 => localhost/127.0.0.1:9000]: Requested write of HttpObjectAggregator$AggregatedFullHttpRequest(decodeResult: success, version: HTTP/1.1, content: CompositeByteBuf(ridx: 0, widx: 0, cap: 0, components=0))
GET /scripts/services/date-service.js HTTP/1.1
Host: localhost:9000
Accept: */*
User-Agent: Mozilla/5.0 (X11; Linux x86_64) AppleWebKit/537.36 (KHTML, like Gecko) Chrome/44.0.2403.130 Safari/537.36
Referer: http://localhost:9000/
Accept-Language: en-GB,en-US;q=0.8,en;q=0.6
Content-Length: 0
Accept-Encoding: gzip, deflate, 
Via: 1.1 localhost.localdomain
11:39:51.082 [LittleProxy-ClientToProxyWorker-7] DEBUG o.l.p.impl.ProxyToServerConnection - (AWAITING_INITIAL) [id: 0x97bd59d1, /127.0.0.1:35281 => localhost/127.0.0.1:9000]: Retaining reference counted message
11:39:51.082 [LittleProxy-ClientToProxyWorker-5] DEBUG o.l.p.impl.ProxyToServerConnection - (AWAITING_INITIAL) [id: 0x15efad94, /127.0.0.1:35282 => localhost/127.0.0.1:9000]: Wrote: HttpObjectAggregator$AggregatedFullHttpRequest(decodeResult: success, version: HTTP/1.1, content: CompositeByteBuf(ridx: 0, widx: 0, cap: 0, components=0))
GET /scripts/services/root-service.js HTTP/1.1
Host: localhost:9000
Accept: */*
User-Agent: Mozilla/5.0 (X11; Linux x86_64) AppleWebKit/537.36 (KHTML, like Gecko) Chrome/44.0.2403.130 Safari/537.36
Referer: http://localhost:9000/
Accept-Language: en-GB,en-US;q=0.8,en;q=0.6
Content-Length: 0
Accept-Encoding: gzip, deflate, 
Via: 1.1 localhost.localdomain
11:39:51.082 [LittleProxy-ClientToProxyWorker-7] DEBUG o.l.p.impl.ProxyToServerConnection - (AWAITING_INITIAL) [id: 0x97bd59d1, /127.0.0.1:35281 => localhost/127.0.0.1:9000]: Using existing connection to: localhost/127.0.0.1:9000
11:39:51.082 [LittleProxy-ClientToProxyWorker-7] DEBUG o.l.p.impl.ProxyToServerConnection - (AWAITING_INITIAL) [id: 0x97bd59d1, /127.0.0.1:35281 => localhost/127.0.0.1:9000]: Writing: HttpObjectAggregator$AggregatedFullHttpRequest(decodeResult: success, version: HTTP/1.1, content: CompositeByteBuf(ridx: 0, widx: 0, cap: 0, components=0))
GET /scripts/services/date-service.js HTTP/1.1
Host: localhost:9000
Accept: */*
User-Agent: Mozilla/5.0 (X11; Linux x86_64) AppleWebKit/537.36 (KHTML, like Gecko) Chrome/44.0.2403.130 Safari/537.36
Referer: http://localhost:9000/
Accept-Language: en-GB,en-US;q=0.8,en;q=0.6
Content-Length: 0
Accept-Encoding: gzip, deflate, 
Via: 1.1 localhost.localdomain
11:39:51.082 [LittleProxy-ClientToProxyWorker-7] DEBUG o.l.p.impl.ProxyToServerConnection - (AWAITING_INITIAL) [id: 0x97bd59d1, /127.0.0.1:35281 => localhost/127.0.0.1:9000]: Writing an empty buffer to signal the end of our chunked transfer
11:39:51.082 [LittleProxy-ClientToProxyWorker-7] DEBUG o.l.p.impl.ProxyToServerConnection - (AWAITING_INITIAL) [id: 0x97bd59d1, /127.0.0.1:35281 => localhost/127.0.0.1:9000]: Wrote: HttpObjectAggregator$AggregatedFullHttpRequest(decodeResult: success, version: HTTP/1.1, content: CompositeByteBuf(ridx: 0, widx: 0, cap: 0, components=0))
GET /scripts/services/date-service.js HTTP/1.1
Host: localhost:9000
Accept: */*
User-Agent: Mozilla/5.0 (X11; Linux x86_64) AppleWebKit/537.36 (KHTML, like Gecko) Chrome/44.0.2403.130 Safari/537.36
Referer: http://localhost:9000/
Accept-Language: en-GB,en-US;q=0.8,en;q=0.6
Content-Length: 0
Accept-Encoding: gzip, deflate, 
Via: 1.1 localhost.localdomain
11:39:51.082 [LittleProxy-ClientToProxyWorker-6] DEBUG o.l.p.impl.ClientToProxyConnection - (AWAITING_INITIAL) [id: 0x16fa54b8, /127.0.0.1:54150 => /127.0.1.1:45224]: Reading: HttpObjectAggregator$AggregatedFullHttpRequest(decodeResult: success, version: HTTP/1.1, content: CompositeByteBuf(ridx: 0, widx: 0, cap: 0, components=0))
GET http://localhost:9000/scripts/services/hateoas-service-util.js HTTP/1.1
Host: localhost:9000
Proxy-Connection: keep-alive
Accept: */*
User-Agent: Mozilla/5.0 (X11; Linux x86_64) AppleWebKit/537.36 (KHTML, like Gecko) Chrome/44.0.2403.130 Safari/537.36
Referer: http://localhost:9000/
Accept-Encoding: gzip, deflate, sdch
Accept-Language: en-GB,en-US;q=0.8,en;q=0.6
Content-Length: 0
11:39:51.082 [LittleProxy-ClientToProxyWorker-6] DEBUG o.l.p.impl.ClientToProxyConnection - (AWAITING_INITIAL) [id: 0x16fa54b8, /127.0.0.1:54150 => /127.0.1.1:45224]: Got request: HttpObjectAggregator$AggregatedFullHttpRequest(decodeResult: success, version: HTTP/1.1, content: CompositeByteBuf(ridx: 0, widx: 0, cap: 0, components=0))
GET http://localhost:9000/scripts/services/hateoas-service-util.js HTTP/1.1
Host: localhost:9000
Proxy-Connection: keep-alive
Accept: */*
User-Agent: Mozilla/5.0 (X11; Linux x86_64) AppleWebKit/537.36 (KHTML, like Gecko) Chrome/44.0.2403.130 Safari/537.36
Referer: http://localhost:9000/
Accept-Encoding: gzip, deflate, sdch
Accept-Language: en-GB,en-US;q=0.8,en;q=0.6
Content-Length: 0
11:39:51.083 [LittleProxy-ClientToProxyWorker-6] DEBUG o.l.p.impl.ClientToProxyConnection - (AWAITING_INITIAL) [id: 0x16fa54b8, /127.0.0.1:54150 => /127.0.1.1:45224]: Ensuring that hostAndPort are available in http://localhost:9000/scripts/services/hateoas-service-util.js
11:39:51.083 [LittleProxy-ClientToProxyWorker-6] DEBUG o.l.p.impl.ClientToProxyConnection - (AWAITING_INITIAL) [id: 0x16fa54b8, /127.0.0.1:54150 => /127.0.1.1:45224]: Finding ProxyToServerConnection for: localhost:9000
11:39:51.083 [LittleProxy-ClientToProxyWorker-6] DEBUG o.l.p.impl.ClientToProxyConnection - (AWAITING_INITIAL) [id: 0x16fa54b8, /127.0.0.1:54150 => /127.0.1.1:45224]: Reusing existing server connection: org.littleshoot.proxy.impl.ProxyToServerConnection@4072e2c4
11:39:51.083 [LittleProxy-ClientToProxyWorker-6] DEBUG o.l.p.impl.ClientToProxyConnection - (AWAITING_INITIAL) [id: 0x16fa54b8, /127.0.0.1:54150 => /127.0.1.1:45224]: Modifying request headers for proxying
11:39:51.083 [LittleProxy-ClientToProxyWorker-6] DEBUG o.l.p.impl.ClientToProxyConnection - (AWAITING_INITIAL) [id: 0x16fa54b8, /127.0.0.1:54150 => /127.0.1.1:45224]: Modifying request for proxy chaining
11:39:51.083 [LittleProxy-ClientToProxyWorker-6] DEBUG o.l.p.impl.ClientToProxyConnection - (AWAITING_INITIAL) [id: 0x16fa54b8, /127.0.0.1:54150 => /127.0.1.1:45224]: Stripped host from uri: http://localhost:9000/scripts/services/hateoas-service-util.js    yielding: /scripts/services/hateoas-service-util.js
11:39:51.083 [LittleProxy-ClientToProxyWorker-6] DEBUG o.l.p.impl.ClientToProxyConnection - (AWAITING_INITIAL) [id: 0x16fa54b8, /127.0.0.1:54150 => /127.0.1.1:45224]: Removed sdch and inserted: gzip, deflate, 
11:39:51.083 [LittleProxy-ClientToProxyWorker-6] DEBUG o.l.p.impl.ClientToProxyConnection - (AWAITING_INITIAL) [id: 0x16fa54b8, /127.0.0.1:54150 => /127.0.1.1:45224]: Writing request to ProxyToServerConnection
11:39:51.083 [LittleProxy-ProxyToServerWorker-4] DEBUG o.l.p.impl.ProxyToServerConnection - (AWAITING_CHUNK) [id: 0xb51d3331, /127.0.0.1:35284 => localhost/127.0.0.1:9000]: Reading: DefaultLastHttpContent(data: SlicedByteBuf(ridx: 0, widx: 3451, cap: 3451/3451, unwrapped: UnpooledUnsafeDirectByteBuf(ridx: 3451, widx: 3451, cap: 65536)), decoderResult: success)
11:39:51.083 [LittleProxy-ProxyToServerWorker-7] DEBUG o.l.p.impl.ProxyToServerConnection - (AWAITING_CHUNK) [id: 0x700df78a, /127.0.0.1:35283 => localhost/127.0.0.1:9000]: Reading: DefaultLastHttpContent(data: SlicedByteBuf(ridx: 0, widx: 897, cap: 897/897, unwrapped: UnpooledUnsafeDirectByteBuf(ridx: 897, widx: 897, cap: 16384)), decoderResult: success)
11:39:51.083 [LittleProxy-ClientToProxyWorker-6] DEBUG o.l.p.impl.ProxyToServerConnection - (AWAITING_INITIAL) [id: 0xceaab001, /127.0.0.1:35280 => localhost/127.0.0.1:9000]: Requested write of HttpObjectAggregator$AggregatedFullHttpRequest(decodeResult: success, version: HTTP/1.1, content: CompositeByteBuf(ridx: 0, widx: 0, cap: 0, components=0))
GET /scripts/services/hateoas-service-util.js HTTP/1.1
Host: localhost:9000
Accept: */*
User-Agent: Mozilla/5.0 (X11; Linux x86_64) AppleWebKit/537.36 (KHTML, like Gecko) Chrome/44.0.2403.130 Safari/537.36
Referer: http://localhost:9000/
Accept-Language: en-GB,en-US;q=0.8,en;q=0.6
Content-Length: 0
Accept-Encoding: gzip, deflate, 
Via: 1.1 localhost.localdomain
11:39:51.083 [LittleProxy-ProxyToServerWorker-4] DEBUG o.l.p.impl.ClientToProxyConnection - (AWAITING_INITIAL) [id: 0x1e5765f0, /127.0.0.1:54148 => /127.0.1.1:45224]: Retaining reference counted message
11:39:51.083 [LittleProxy-ClientToProxyWorker-6] DEBUG o.l.p.impl.ProxyToServerConnection - (AWAITING_INITIAL) [id: 0xceaab001, /127.0.0.1:35280 => localhost/127.0.0.1:9000]: Retaining reference counted message
11:39:51.083 [LittleProxy-ProxyToServerWorker-7] DEBUG o.l.p.impl.ClientToProxyConnection - (AWAITING_INITIAL) [id: 0x4dc93f85, /127.0.0.1:54147 => /127.0.1.1:45224]: Retaining reference counted message
11:39:51.083 [LittleProxy-ProxyToServerWorker-4] DEBUG o.l.p.impl.ClientToProxyConnection - (AWAITING_INITIAL) [id: 0x1e5765f0, /127.0.0.1:54148 => /127.0.1.1:45224]: Writing: DefaultLastHttpContent(data: SlicedByteBuf(ridx: 0, widx: 3451, cap: 3451/3451, unwrapped: UnpooledUnsafeDirectByteBuf(ridx: 3451, widx: 3451, cap: 65536)), decoderResult: success)
11:39:51.083 [LittleProxy-ClientToProxyWorker-6] DEBUG o.l.p.impl.ProxyToServerConnection - (AWAITING_INITIAL) [id: 0xceaab001, /127.0.0.1:35280 => localhost/127.0.0.1:9000]: Using existing connection to: localhost/127.0.0.1:9000
11:39:51.084 [LittleProxy-ProxyToServerWorker-4] DEBUG o.l.p.impl.ClientToProxyConnection - (AWAITING_INITIAL) [id: 0x1e5765f0, /127.0.0.1:54148 => /127.0.1.1:45224]: Writing an empty buffer to signal the end of our chunked transfer
11:39:51.084 [LittleProxy-ClientToProxyWorker-6] DEBUG o.l.p.impl.ProxyToServerConnection - (AWAITING_INITIAL) [id: 0xceaab001, /127.0.0.1:35280 => localhost/127.0.0.1:9000]: Writing: HttpObjectAggregator$AggregatedFullHttpRequest(decodeResult: success, version: HTTP/1.1, content: CompositeByteBuf(ridx: 0, widx: 0, cap: 0, components=0))
GET /scripts/services/hateoas-service-util.js HTTP/1.1
Host: localhost:9000
Accept: */*
User-Agent: Mozilla/5.0 (X11; Linux x86_64) AppleWebKit/537.36 (KHTML, like Gecko) Chrome/44.0.2403.130 Safari/537.36
Referer: http://localhost:9000/
Accept-Language: en-GB,en-US;q=0.8,en;q=0.6
Content-Length: 0
Accept-Encoding: gzip, deflate, 
Via: 1.1 localhost.localdomain
11:39:51.084 [LittleProxy-ProxyToServerWorker-4] DEBUG o.l.p.impl.ClientToProxyConnection - (AWAITING_INITIAL) [id: 0x1e5765f0, /127.0.0.1:54148 => /127.0.1.1:45224]: Wrote: DefaultLastHttpContent(data: SlicedByteBuf(ridx: 0, widx: 3451, cap: 3451/3451, unwrapped: UnpooledUnsafeDirectByteBuf(ridx: 3451, widx: 3451, cap: 65536)), decoderResult: success)
11:39:51.084 [LittleProxy-ClientToProxyWorker-6] DEBUG o.l.p.impl.ProxyToServerConnection - (AWAITING_INITIAL) [id: 0xceaab001, /127.0.0.1:35280 => localhost/127.0.0.1:9000]: Writing an empty buffer to signal the end of our chunked transfer
11:39:51.084 [LittleProxy-ProxyToServerWorker-7] DEBUG o.l.p.impl.ClientToProxyConnection - (AWAITING_INITIAL) [id: 0x4dc93f85, /127.0.0.1:54147 => /127.0.1.1:45224]: Writing: DefaultLastHttpContent(data: SlicedByteBuf(ridx: 0, widx: 897, cap: 897/897, unwrapped: UnpooledUnsafeDirectByteBuf(ridx: 897, widx: 897, cap: 16384)), decoderResult: success)
11:39:51.084 [LittleProxy-ProxyToServerWorker-4] DEBUG o.l.p.impl.ClientToProxyConnection - (AWAITING_INITIAL) [id: 0x1e5765f0, /127.0.0.1:54148 => /127.0.1.1:45224]: Retaining reference counted message
11:39:51.084 [LittleProxy-ClientToProxyWorker-6] DEBUG o.l.p.impl.ProxyToServerConnection - (AWAITING_INITIAL) [id: 0xceaab001, /127.0.0.1:35280 => localhost/127.0.0.1:9000]: Wrote: HttpObjectAggregator$AggregatedFullHttpRequest(decodeResult: success, version: HTTP/1.1, content: CompositeByteBuf(ridx: 0, widx: 0, cap: 0, components=0))
GET /scripts/services/hateoas-service-util.js HTTP/1.1
Host: localhost:9000
Accept: */*
User-Agent: Mozilla/5.0 (X11; Linux x86_64) AppleWebKit/537.36 (KHTML, like Gecko) Chrome/44.0.2403.130 Safari/537.36
Referer: http://localhost:9000/
Accept-Language: en-GB,en-US;q=0.8,en;q=0.6
Content-Length: 0
Accept-Encoding: gzip, deflate, 
Via: 1.1 localhost.localdomain
11:39:51.084 [LittleProxy-ProxyToServerWorker-7] DEBUG o.l.p.impl.ClientToProxyConnection - (AWAITING_INITIAL) [id: 0x4dc93f85, /127.0.0.1:54147 => /127.0.1.1:45224]: Writing an empty buffer to signal the end of our chunked transfer
11:39:51.084 [LittleProxy-ProxyToServerWorker-4] DEBUG o.l.p.impl.ClientToProxyConnection - (AWAITING_INITIAL) [id: 0x1e5765f0, /127.0.0.1:54148 => /127.0.1.1:45224]: Writing: EmptyByteBufBE
11:39:51.084 [LittleProxy-ProxyToServerWorker-4] DEBUG o.l.p.impl.ClientToProxyConnection - (AWAITING_INITIAL) [id: 0x1e5765f0, /127.0.0.1:54148 => /127.0.1.1:45224]: Wrote: EmptyByteBufBE
11:39:51.084 [LittleProxy-ProxyToServerWorker-7] DEBUG o.l.p.impl.ClientToProxyConnection - (AWAITING_INITIAL) [id: 0x4dc93f85, /127.0.0.1:54147 => /127.0.1.1:45224]: Wrote: DefaultLastHttpContent(data: SlicedByteBuf(ridx: 0, widx: 897, cap: 897/897, unwrapped: UnpooledUnsafeDirectByteBuf(ridx: 897, widx: 897, cap: 16384)), decoderResult: success)
11:39:51.084 [LittleProxy-ProxyToServerWorker-4] DEBUG o.l.p.impl.ClientToProxyConnection - (AWAITING_INITIAL) [id: 0x1e5765f0, /127.0.0.1:54148 => /127.0.1.1:45224]: Handling last chunk. Using normal server connection closing rules.
11:39:51.084 [LittleProxy-ProxyToServerWorker-7] DEBUG o.l.p.impl.ClientToProxyConnection - (AWAITING_INITIAL) [id: 0x4dc93f85, /127.0.0.1:54147 => /127.0.1.1:45224]: Retaining reference counted message
11:39:51.084 [LittleProxy-ProxyToServerWorker-7] DEBUG o.l.p.impl.ClientToProxyConnection - (AWAITING_INITIAL) [id: 0x4dc93f85, /127.0.0.1:54147 => /127.0.1.1:45224]: Writing: EmptyByteBufBE
11:39:51.084 [LittleProxy-ProxyToServerWorker-4] DEBUG o.l.p.impl.ClientToProxyConnection - (AWAITING_INITIAL) [id: 0x1e5765f0, /127.0.0.1:54148 => /127.0.1.1:45224]: Not closing server connection for response: DefaultHttpResponse(decodeResult: success, version: HTTP/1.1)
HTTP/1.1 200 OK
Accept-Ranges: bytes
Date: Tue, 08 Sep 2015 10:39:51 GMT
Cache-Control: public, max-age=0
Last-Modified: Tue, 23 Jun 2015 13:00:42 GMT
ETag: W/"/6A+pxy+ObO3U5zx4Ugpkw=="
Content-Type: application/javascript
Content-Length: 3451
Connection: keep-alive
11:39:51.084 [LittleProxy-ProxyToServerWorker-7] DEBUG o.l.p.impl.ClientToProxyConnection - (AWAITING_INITIAL) [id: 0x4dc93f85, /127.0.0.1:54147 => /127.0.1.1:45224]: Wrote: EmptyByteBufBE
11:39:51.084 [LittleProxy-ProxyToServerWorker-4] DEBUG o.l.p.impl.ClientToProxyConnection - (AWAITING_INITIAL) [id: 0x1e5765f0, /127.0.0.1:54148 => /127.0.1.1:45224]: Handling last chunk. Using normal client connection closing rules.
11:39:51.084 [LittleProxy-ProxyToServerWorker-7] DEBUG o.l.p.impl.ClientToProxyConnection - (AWAITING_INITIAL) [id: 0x4dc93f85, /127.0.0.1:54147 => /127.0.1.1:45224]: Handling last chunk. Using normal server connection closing rules.
11:39:51.084 [LittleProxy-ProxyToServerWorker-7] DEBUG o.l.p.impl.ClientToProxyConnection - (AWAITING_INITIAL) [id: 0x4dc93f85, /127.0.0.1:54147 => /127.0.1.1:45224]: Not closing server connection for response: DefaultHttpResponse(decodeResult: success, version: HTTP/1.1)
HTTP/1.1 200 OK
Accept-Ranges: bytes
Date: Tue, 08 Sep 2015 10:39:51 GMT
Cache-Control: public, max-age=0
Last-Modified: Wed, 27 May 2015 12:23:22 GMT
ETag: W/"h3LwtaSN+ZPWomc/+/9LAA=="
Content-Type: application/javascript
Content-Length: 897
Connection: keep-alive
11:39:51.084 [LittleProxy-ProxyToServerWorker-7] DEBUG o.l.p.impl.ClientToProxyConnection - (AWAITING_INITIAL) [id: 0x4dc93f85, /127.0.0.1:54147 => /127.0.1.1:45224]: Handling last chunk. Using normal client connection closing rules.
11:39:51.085 [LittleProxy-ProxyToServerWorker-7] DEBUG o.l.p.impl.ClientToProxyConnection - (AWAITING_INITIAL) [id: 0x4dc93f85, /127.0.0.1:54147 => /127.0.1.1:45224]: Not closing client connection for request: [FAILED toString()]
11:39:51.085 [LittleProxy-ProxyToServerWorker-4] DEBUG o.l.p.impl.ClientToProxyConnection - (AWAITING_INITIAL) [id: 0x1e5765f0, /127.0.0.1:54148 => /127.0.1.1:45224]: Not closing client connection for request: [FAILED toString()]
11:39:51.086 [LittleProxy-ClientToProxyWorker-4] DEBUG o.l.p.impl.ClientToProxyConnection - (AWAITING_INITIAL) [id: 0x1e5765f0, /127.0.0.1:54148 => /127.0.1.1:45224]: Reading: HttpObjectAggregator$AggregatedFullHttpRequest(decodeResult: success, version: HTTP/1.1, content: CompositeByteBuf(ridx: 0, widx: 0, cap: 0, components=0))
GET http://localhost:9000/scripts/controllers/promo-controller.js HTTP/1.1
Host: localhost:9000
Proxy-Connection: keep-alive
Accept: */*
User-Agent: Mozilla/5.0 (X11; Linux x86_64) AppleWebKit/537.36 (KHTML, like Gecko) Chrome/44.0.2403.130 Safari/537.36
Referer: http://localhost:9000/
Accept-Encoding: gzip, deflate, sdch
Accept-Language: en-GB,en-US;q=0.8,en;q=0.6
Content-Length: 0
11:39:51.086 [LittleProxy-ClientToProxyWorker-3] DEBUG o.l.p.impl.ClientToProxyConnection - (AWAITING_INITIAL) [id: 0x4dc93f85, /127.0.0.1:54147 => /127.0.1.1:45224]: Reading: HttpObjectAggregator$AggregatedFullHttpRequest(decodeResult: success, version: HTTP/1.1, content: CompositeByteBuf(ridx: 0, widx: 0, cap: 0, components=0))
GET http://localhost:9000/scripts/controllers/campaign-controller.js HTTP/1.1
Host: localhost:9000
Proxy-Connection: keep-alive
Accept: */*
User-Agent: Mozilla/5.0 (X11; Linux x86_64) AppleWebKit/537.36 (KHTML, like Gecko) Chrome/44.0.2403.130 Safari/537.36
Referer: http://localhost:9000/
Accept-Encoding: gzip, deflate, sdch
Accept-Language: en-GB,en-US;q=0.8,en;q=0.6
Content-Length: 0
11:39:51.086 [LittleProxy-ClientToProxyWorker-4] DEBUG o.l.p.impl.ClientToProxyConnection - (AWAITING_INITIAL) [id: 0x1e5765f0, /127.0.0.1:54148 => /127.0.1.1:45224]: Got request: HttpObjectAggregator$AggregatedFullHttpRequest(decodeResult: success, version: HTTP/1.1, content: CompositeByteBuf(ridx: 0, widx: 0, cap: 0, components=0))
GET http://localhost:9000/scripts/controllers/promo-controller.js HTTP/1.1
Host: localhost:9000
Proxy-Connection: keep-alive
Accept: */*
User-Agent: Mozilla/5.0 (X11; Linux x86_64) AppleWebKit/537.36 (KHTML, like Gecko) Chrome/44.0.2403.130 Safari/537.36
Referer: http://localhost:9000/
Accept-Encoding: gzip, deflate, sdch
Accept-Language: en-GB,en-US;q=0.8,en;q=0.6
Content-Length: 0
11:39:51.086 [LittleProxy-ClientToProxyWorker-3] DEBUG o.l.p.impl.ClientToProxyConnection - (AWAITING_INITIAL) [id: 0x4dc93f85, /127.0.0.1:54147 => /127.0.1.1:45224]: Got request: HttpObjectAggregator$AggregatedFullHttpRequest(decodeResult: success, version: HTTP/1.1, content: CompositeByteBuf(ridx: 0, widx: 0, cap: 0, components=0))
GET http://localhost:9000/scripts/controllers/campaign-controller.js HTTP/1.1
Host: localhost:9000
Proxy-Connection: keep-alive
Accept: */*
User-Agent: Mozilla/5.0 (X11; Linux x86_64) AppleWebKit/537.36 (KHTML, like Gecko) Chrome/44.0.2403.130 Safari/537.36
Referer: http://localhost:9000/
Accept-Encoding: gzip, deflate, sdch
Accept-Language: en-GB,en-US;q=0.8,en;q=0.6
Content-Length: 0
11:39:51.086 [LittleProxy-ClientToProxyWorker-3] DEBUG o.l.p.impl.ClientToProxyConnection - (AWAITING_INITIAL) [id: 0x4dc93f85, /127.0.0.1:54147 => /127.0.1.1:45224]: Ensuring that hostAndPort are available in http://localhost:9000/scripts/controllers/campaign-controller.js
11:39:51.086 [LittleProxy-ClientToProxyWorker-4] DEBUG o.l.p.impl.ClientToProxyConnection - (AWAITING_INITIAL) [id: 0x1e5765f0, /127.0.0.1:54148 => /127.0.1.1:45224]: Ensuring that hostAndPort are available in http://localhost:9000/scripts/controllers/promo-controller.js
11:39:51.086 [LittleProxy-ClientToProxyWorker-3] DEBUG o.l.p.impl.ClientToProxyConnection - (AWAITING_INITIAL) [id: 0x4dc93f85, /127.0.0.1:54147 => /127.0.1.1:45224]: Finding ProxyToServerConnection for: localhost:9000
11:39:51.086 [LittleProxy-ClientToProxyWorker-4] DEBUG o.l.p.impl.ClientToProxyConnection - (AWAITING_INITIAL) [id: 0x1e5765f0, /127.0.0.1:54148 => /127.0.1.1:45224]: Finding ProxyToServerConnection for: localhost:9000
11:39:51.086 [LittleProxy-ClientToProxyWorker-3] DEBUG o.l.p.impl.ClientToProxyConnection - (AWAITING_INITIAL) [id: 0x4dc93f85, /127.0.0.1:54147 => /127.0.1.1:45224]: Reusing existing server connection: org.littleshoot.proxy.impl.ProxyToServerConnection@2cc0768d
11:39:51.086 [LittleProxy-ClientToProxyWorker-4] DEBUG o.l.p.impl.ClientToProxyConnection - (AWAITING_INITIAL) [id: 0x1e5765f0, /127.0.0.1:54148 => /127.0.1.1:45224]: Reusing existing server connection: org.littleshoot.proxy.impl.ProxyToServerConnection@4d318448
11:39:51.086 [LittleProxy-ClientToProxyWorker-3] DEBUG o.l.p.impl.ClientToProxyConnection - (AWAITING_INITIAL) [id: 0x4dc93f85, /127.0.0.1:54147 => /127.0.1.1:45224]: Modifying request headers for proxying
11:39:51.086 [LittleProxy-ClientToProxyWorker-4] DEBUG o.l.p.impl.ClientToProxyConnection - (AWAITING_INITIAL) [id: 0x1e5765f0, /127.0.0.1:54148 => /127.0.1.1:45224]: Modifying request headers for proxying
11:39:51.086 [LittleProxy-ClientToProxyWorker-3] DEBUG o.l.p.impl.ClientToProxyConnection - (AWAITING_INITIAL) [id: 0x4dc93f85, /127.0.0.1:54147 => /127.0.1.1:45224]: Modifying request for proxy chaining
11:39:51.086 [LittleProxy-ClientToProxyWorker-4] DEBUG o.l.p.impl.ClientToProxyConnection - (AWAITING_INITIAL) [id: 0x1e5765f0, /127.0.0.1:54148 => /127.0.1.1:45224]: Modifying request for proxy chaining
11:39:51.086 [LittleProxy-ClientToProxyWorker-4] DEBUG o.l.p.impl.ClientToProxyConnection - (AWAITING_INITIAL) [id: 0x1e5765f0, /127.0.0.1:54148 => /127.0.1.1:45224]: Stripped host from uri: http://localhost:9000/scripts/controllers/promo-controller.js    yielding: /scripts/controllers/promo-controller.js
11:39:51.086 [LittleProxy-ClientToProxyWorker-3] DEBUG o.l.p.impl.ClientToProxyConnection - (AWAITING_INITIAL) [id: 0x4dc93f85, /127.0.0.1:54147 => /127.0.1.1:45224]: Stripped host from uri: http://localhost:9000/scripts/controllers/campaign-controller.js    yielding: /scripts/controllers/campaign-controller.js
11:39:51.086 [LittleProxy-ClientToProxyWorker-3] DEBUG o.l.p.impl.ClientToProxyConnection - (AWAITING_INITIAL) [id: 0x4dc93f85, /127.0.0.1:54147 => /127.0.1.1:45224]: Removed sdch and inserted: gzip, deflate, 
11:39:51.086 [LittleProxy-ClientToProxyWorker-4] DEBUG o.l.p.impl.ClientToProxyConnection - (AWAITING_INITIAL) [id: 0x1e5765f0, /127.0.0.1:54148 => /127.0.1.1:45224]: Removed sdch and inserted: gzip, deflate, 
11:39:51.086 [LittleProxy-ClientToProxyWorker-3] DEBUG o.l.p.impl.ClientToProxyConnection - (AWAITING_INITIAL) [id: 0x4dc93f85, /127.0.0.1:54147 => /127.0.1.1:45224]: Writing request to ProxyToServerConnection
11:39:51.086 [LittleProxy-ClientToProxyWorker-3] DEBUG o.l.p.impl.ProxyToServerConnection - (AWAITING_INITIAL) [id: 0x700df78a, /127.0.0.1:35283 => localhost/127.0.0.1:9000]: Requested write of HttpObjectAggregator$AggregatedFullHttpRequest(decodeResult: success, version: HTTP/1.1, content: CompositeByteBuf(ridx: 0, widx: 0, cap: 0, components=0))
GET /scripts/controllers/campaign-controller.js HTTP/1.1
Host: localhost:9000
Accept: */*
User-Agent: Mozilla/5.0 (X11; Linux x86_64) AppleWebKit/537.36 (KHTML, like Gecko) Chrome/44.0.2403.130 Safari/537.36
Referer: http://localhost:9000/
Accept-Language: en-GB,en-US;q=0.8,en;q=0.6
Content-Length: 0
Accept-Encoding: gzip, deflate, 
Via: 1.1 localhost.localdomain
11:39:51.086 [LittleProxy-ClientToProxyWorker-4] DEBUG o.l.p.impl.ClientToProxyConnection - (AWAITING_INITIAL) [id: 0x1e5765f0, /127.0.0.1:54148 => /127.0.1.1:45224]: Writing request to ProxyToServerConnection
11:39:51.086 [LittleProxy-ClientToProxyWorker-3] DEBUG o.l.p.impl.ProxyToServerConnection - (AWAITING_INITIAL) [id: 0x700df78a, /127.0.0.1:35283 => localhost/127.0.0.1:9000]: Retaining reference counted message
11:39:51.086 [LittleProxy-ClientToProxyWorker-4] DEBUG o.l.p.impl.ProxyToServerConnection - (AWAITING_INITIAL) [id: 0xb51d3331, /127.0.0.1:35284 => localhost/127.0.0.1:9000]: Requested write of HttpObjectAggregator$AggregatedFullHttpRequest(decodeResult: success, version: HTTP/1.1, content: CompositeByteBuf(ridx: 0, widx: 0, cap: 0, components=0))
GET /scripts/controllers/promo-controller.js HTTP/1.1
Host: localhost:9000
Accept: */*
User-Agent: Mozilla/5.0 (X11; Linux x86_64) AppleWebKit/537.36 (KHTML, like Gecko) Chrome/44.0.2403.130 Safari/537.36
Referer: http://localhost:9000/
Accept-Language: en-GB,en-US;q=0.8,en;q=0.6
Content-Length: 0
Accept-Encoding: gzip, deflate, 
Via: 1.1 localhost.localdomain
11:39:51.086 [LittleProxy-ClientToProxyWorker-3] DEBUG o.l.p.impl.ProxyToServerConnection - (AWAITING_INITIAL) [id: 0x700df78a, /127.0.0.1:35283 => localhost/127.0.0.1:9000]: Using existing connection to: localhost/127.0.0.1:9000
11:39:51.086 [LittleProxy-ClientToProxyWorker-4] DEBUG o.l.p.impl.ProxyToServerConnection - (AWAITING_INITIAL) [id: 0xb51d3331, /127.0.0.1:35284 => localhost/127.0.0.1:9000]: Retaining reference counted message
11:39:51.086 [LittleProxy-ClientToProxyWorker-3] DEBUG o.l.p.impl.ProxyToServerConnection - (AWAITING_INITIAL) [id: 0x700df78a, /127.0.0.1:35283 => localhost/127.0.0.1:9000]: Writing: HttpObjectAggregator$AggregatedFullHttpRequest(decodeResult: success, version: HTTP/1.1, content: CompositeByteBuf(ridx: 0, widx: 0, cap: 0, components=0))
GET /scripts/controllers/campaign-controller.js HTTP/1.1
Host: localhost:9000
Accept: */*
User-Agent: Mozilla/5.0 (X11; Linux x86_64) AppleWebKit/537.36 (KHTML, like Gecko) Chrome/44.0.2403.130 Safari/537.36
Referer: http://localhost:9000/
Accept-Language: en-GB,en-US;q=0.8,en;q=0.6
Content-Length: 0
Accept-Encoding: gzip, deflate, 
Via: 1.1 localhost.localdomain
11:39:51.087 [LittleProxy-ClientToProxyWorker-4] DEBUG o.l.p.impl.ProxyToServerConnection - (AWAITING_INITIAL) [id: 0xb51d3331, /127.0.0.1:35284 => localhost/127.0.0.1:9000]: Using existing connection to: localhost/127.0.0.1:9000
11:39:51.087 [LittleProxy-ClientToProxyWorker-3] DEBUG o.l.p.impl.ProxyToServerConnection - (AWAITING_INITIAL) [id: 0x700df78a, /127.0.0.1:35283 => localhost/127.0.0.1:9000]: Writing an empty buffer to signal the end of our chunked transfer
11:39:51.087 [LittleProxy-ClientToProxyWorker-4] DEBUG o.l.p.impl.ProxyToServerConnection - (AWAITING_INITIAL) [id: 0xb51d3331, /127.0.0.1:35284 => localhost/127.0.0.1:9000]: Writing: HttpObjectAggregator$AggregatedFullHttpRequest(decodeResult: success, version: HTTP/1.1, content: CompositeByteBuf(ridx: 0, widx: 0, cap: 0, components=0))
GET /scripts/controllers/promo-controller.js HTTP/1.1
Host: localhost:9000
Accept: */*
User-Agent: Mozilla/5.0 (X11; Linux x86_64) AppleWebKit/537.36 (KHTML, like Gecko) Chrome/44.0.2403.130 Safari/537.36
Referer: http://localhost:9000/
Accept-Language: en-GB,en-US;q=0.8,en;q=0.6
Content-Length: 0
Accept-Encoding: gzip, deflate, 
Via: 1.1 localhost.localdomain
11:39:51.087 [LittleProxy-ClientToProxyWorker-3] DEBUG o.l.p.impl.ProxyToServerConnection - (AWAITING_INITIAL) [id: 0x700df78a, /127.0.0.1:35283 => localhost/127.0.0.1:9000]: Wrote: HttpObjectAggregator$AggregatedFullHttpRequest(decodeResult: success, version: HTTP/1.1, content: CompositeByteBuf(ridx: 0, widx: 0, cap: 0, components=0))
GET /scripts/controllers/campaign-controller.js HTTP/1.1
Host: localhost:9000
Accept: */*
User-Agent: Mozilla/5.0 (X11; Linux x86_64) AppleWebKit/537.36 (KHTML, like Gecko) Chrome/44.0.2403.130 Safari/537.36
Referer: http://localhost:9000/
Accept-Language: en-GB,en-US;q=0.8,en;q=0.6
Content-Length: 0
Accept-Encoding: gzip, deflate, 
Via: 1.1 localhost.localdomain
11:39:51.087 [LittleProxy-ClientToProxyWorker-4] DEBUG o.l.p.impl.ProxyToServerConnection - (AWAITING_INITIAL) [id: 0xb51d3331, /127.0.0.1:35284 => localhost/127.0.0.1:9000]: Writing an empty buffer to signal the end of our chunked transfer
11:39:51.087 [LittleProxy-ClientToProxyWorker-4] DEBUG o.l.p.impl.ProxyToServerConnection - (AWAITING_INITIAL) [id: 0xb51d3331, /127.0.0.1:35284 => localhost/127.0.0.1:9000]: Wrote: HttpObjectAggregator$AggregatedFullHttpRequest(decodeResult: success, version: HTTP/1.1, content: CompositeByteBuf(ridx: 0, widx: 0, cap: 0, components=0))
GET /scripts/controllers/promo-controller.js HTTP/1.1
Host: localhost:9000
Accept: */*
User-Agent: Mozilla/5.0 (X11; Linux x86_64) AppleWebKit/537.36 (KHTML, like Gecko) Chrome/44.0.2403.130 Safari/537.36
Referer: http://localhost:9000/
Accept-Language: en-GB,en-US;q=0.8,en;q=0.6
Content-Length: 0
Accept-Encoding: gzip, deflate, 
Via: 1.1 localhost.localdomain
11:39:51.090 [LittleProxy-ProxyToServerWorker-6] DEBUG o.l.p.impl.ProxyToServerConnection - (AWAITING_INITIAL) [id: 0x15efad94, /127.0.0.1:35282 => localhost/127.0.0.1:9000]: Remembering the current request.
11:39:51.090 [LittleProxy-ProxyToServerWorker-6] DEBUG o.l.p.impl.ProxyToServerConnection - (AWAITING_INITIAL) [id: 0x15efad94, /127.0.0.1:35282 => localhost/127.0.0.1:9000]: Reading: DefaultHttpResponse(decodeResult: success, version: HTTP/1.1)
HTTP/1.1 200 OK
Accept-Ranges: bytes
Date: Tue, 08 Sep 2015 10:39:51 GMT
Cache-Control: public, max-age=0
Last-Modified: Tue, 23 Jun 2015 13:00:42 GMT
ETag: W/"VfeVJHxGsjVbGvMZ85cY8g=="
Content-Type: application/javascript
Content-Length: 832
Connection: keep-alive
11:39:51.090 [LittleProxy-ProxyToServerWorker-6] DEBUG o.l.p.impl.ProxyToServerConnection - (AWAITING_INITIAL) [id: 0x15efad94, /127.0.0.1:35282 => localhost/127.0.0.1:9000]: Received raw response: DefaultHttpResponse(decodeResult: success, version: HTTP/1.1)
HTTP/1.1 200 OK
Accept-Ranges: bytes
Date: Tue, 08 Sep 2015 10:39:51 GMT
Cache-Control: public, max-age=0
Last-Modified: Tue, 23 Jun 2015 13:00:42 GMT
ETag: W/"VfeVJHxGsjVbGvMZ85cY8g=="
Content-Type: application/javascript
Content-Length: 832
Connection: keep-alive
11:39:51.090 [LittleProxy-ProxyToServerWorker-6] DEBUG o.l.p.impl.ProxyToServerConnection - (AWAITING_INITIAL) [id: 0x15efad94, /127.0.0.1:35282 => localhost/127.0.0.1:9000]: Remembering the current response.
11:39:51.090 [LittleProxy-ProxyToServerWorker-6] DEBUG o.l.p.impl.ClientToProxyConnection - (AWAITING_INITIAL) [id: 0x87242349, /127.0.0.1:54149 => /127.0.1.1:45224]: Writing: DefaultHttpResponse(decodeResult: success, version: HTTP/1.1)
HTTP/1.1 200 OK
Accept-Ranges: bytes
Date: Tue, 08 Sep 2015 10:39:51 GMT
Cache-Control: public, max-age=0
Last-Modified: Tue, 23 Jun 2015 13:00:42 GMT
ETag: W/"VfeVJHxGsjVbGvMZ85cY8g=="
Content-Type: application/javascript
Content-Length: 832
Via: 1.1 localhost.localdomain
11:39:51.090 [LittleProxy-ProxyToServerWorker-6] DEBUG o.l.p.impl.ClientToProxyConnection - (AWAITING_INITIAL) [id: 0x87242349, /127.0.0.1:54149 => /127.0.1.1:45224]: Wrote: DefaultHttpResponse(decodeResult: success, version: HTTP/1.1)
HTTP/1.1 200 OK
Accept-Ranges: bytes
Date: Tue, 08 Sep 2015 10:39:51 GMT
Cache-Control: public, max-age=0
Last-Modified: Tue, 23 Jun 2015 13:00:42 GMT
ETag: W/"VfeVJHxGsjVbGvMZ85cY8g=="
Content-Type: application/javascript
Content-Length: 832
Via: 1.1 localhost.localdomain
11:39:51.090 [LittleProxy-ProxyToServerWorker-6] DEBUG o.l.p.impl.ClientToProxyConnection - (AWAITING_INITIAL) [id: 0x87242349, /127.0.0.1:54149 => /127.0.1.1:45224]: Not closing server connection on middle chunk for /scripts/services/root-service.js
11:39:51.090 [LittleProxy-ProxyToServerWorker-6] DEBUG o.l.p.impl.ClientToProxyConnection - (AWAITING_INITIAL) [id: 0x87242349, /127.0.0.1:54149 => /127.0.1.1:45224]: Not closing client connection on middle chunk for /scripts/services/root-service.js
11:39:51.092 [LittleProxy-ProxyToServerWorker-3] DEBUG o.l.p.impl.ProxyToServerConnection - (AWAITING_INITIAL) [id: 0xceaab001, /127.0.0.1:35280 => localhost/127.0.0.1:9000]: Remembering the current request.
11:39:51.092 [LittleProxy-ProxyToServerWorker-3] DEBUG o.l.p.impl.ProxyToServerConnection - (AWAITING_INITIAL) [id: 0xceaab001, /127.0.0.1:35280 => localhost/127.0.0.1:9000]: Reading: DefaultHttpResponse(decodeResult: success, version: HTTP/1.1)
HTTP/1.1 200 OK
Accept-Ranges: bytes
Date: Tue, 08 Sep 2015 10:39:51 GMT
Cache-Control: public, max-age=0
Last-Modified: Wed, 27 May 2015 12:23:22 GMT
ETag: W/"VvJYHt4u5lCq/ZIUI7opdA=="
Content-Type: application/javascript
Content-Length: 514
Connection: keep-alive
11:39:51.092 [LittleProxy-ProxyToServerWorker-3] DEBUG o.l.p.impl.ProxyToServerConnection - (AWAITING_INITIAL) [id: 0xceaab001, /127.0.0.1:35280 => localhost/127.0.0.1:9000]: Received raw response: DefaultHttpResponse(decodeResult: success, version: HTTP/1.1)
HTTP/1.1 200 OK
Accept-Ranges: bytes
Date: Tue, 08 Sep 2015 10:39:51 GMT
Cache-Control: public, max-age=0
Last-Modified: Wed, 27 May 2015 12:23:22 GMT
ETag: W/"VvJYHt4u5lCq/ZIUI7opdA=="
Content-Type: application/javascript
Content-Length: 514
Connection: keep-alive
11:39:51.092 [LittleProxy-ProxyToServerWorker-3] DEBUG o.l.p.impl.ProxyToServerConnection - (AWAITING_INITIAL) [id: 0xceaab001, /127.0.0.1:35280 => localhost/127.0.0.1:9000]: Remembering the current response.
11:39:51.092 [LittleProxy-ProxyToServerWorker-4] DEBUG o.l.p.impl.ProxyToServerConnection - (AWAITING_INITIAL) [id: 0xb51d3331, /127.0.0.1:35284 => localhost/127.0.0.1:9000]: Remembering the current request.
11:39:51.092 [LittleProxy-ProxyToServerWorker-4] DEBUG o.l.p.impl.ProxyToServerConnection - (AWAITING_INITIAL) [id: 0xb51d3331, /127.0.0.1:35284 => localhost/127.0.0.1:9000]: Reading: DefaultHttpResponse(decodeResult: success, version: HTTP/1.1)
HTTP/1.1 200 OK
Accept-Ranges: bytes
Date: Tue, 08 Sep 2015 10:39:51 GMT
Cache-Control: public, max-age=0
Last-Modified: Wed, 27 May 2015 12:23:22 GMT
ETag: W/"GRtIiMdapPA8FZqoA+eekw=="
Content-Type: application/javascript
Content-Length: 3506
Connection: keep-alive
11:39:51.092 [LittleProxy-ProxyToServerWorker-3] DEBUG o.l.p.impl.ClientToProxyConnection - (AWAITING_INITIAL) [id: 0x16fa54b8, /127.0.0.1:54150 => /127.0.1.1:45224]: Writing: DefaultHttpResponse(decodeResult: success, version: HTTP/1.1)
HTTP/1.1 200 OK
Accept-Ranges: bytes
Date: Tue, 08 Sep 2015 10:39:51 GMT
Cache-Control: public, max-age=0
Last-Modified: Wed, 27 May 2015 12:23:22 GMT
ETag: W/"VvJYHt4u5lCq/ZIUI7opdA=="
Content-Type: application/javascript
Content-Length: 514
Via: 1.1 localhost.localdomain
11:39:51.092 [LittleProxy-ProxyToServerWorker-4] DEBUG o.l.p.impl.ProxyToServerConnection - (AWAITING_INITIAL) [id: 0xb51d3331, /127.0.0.1:35284 => localhost/127.0.0.1:9000]: Received raw response: DefaultHttpResponse(decodeResult: success, version: HTTP/1.1)
HTTP/1.1 200 OK
Accept-Ranges: bytes
Date: Tue, 08 Sep 2015 10:39:51 GMT
Cache-Control: public, max-age=0
Last-Modified: Wed, 27 May 2015 12:23:22 GMT
ETag: W/"GRtIiMdapPA8FZqoA+eekw=="
Content-Type: application/javascript
Content-Length: 3506
Connection: keep-alive
11:39:51.092 [LittleProxy-ProxyToServerWorker-4] DEBUG o.l.p.impl.ProxyToServerConnection - (AWAITING_INITIAL) [id: 0xb51d3331, /127.0.0.1:35284 => localhost/127.0.0.1:9000]: Remembering the current response.
11:39:51.092 [LittleProxy-ProxyToServerWorker-3] DEBUG o.l.p.impl.ClientToProxyConnection - (AWAITING_INITIAL) [id: 0x16fa54b8, /127.0.0.1:54150 => /127.0.1.1:45224]: Wrote: DefaultHttpResponse(decodeResult: success, version: HTTP/1.1)
HTTP/1.1 200 OK
Accept-Ranges: bytes
Date: Tue, 08 Sep 2015 10:39:51 GMT
Cache-Control: public, max-age=0
Last-Modified: Wed, 27 May 2015 12:23:22 GMT
ETag: W/"VvJYHt4u5lCq/ZIUI7opdA=="
Content-Type: application/javascript
Content-Length: 514
Via: 1.1 localhost.localdomain
11:39:51.092 [LittleProxy-ProxyToServerWorker-3] DEBUG o.l.p.impl.ClientToProxyConnection - (AWAITING_INITIAL) [id: 0x16fa54b8, /127.0.0.1:54150 => /127.0.1.1:45224]: Not closing server connection on middle chunk for /scripts/services/hateoas-service-util.js
11:39:51.092 [LittleProxy-ProxyToServerWorker-3] DEBUG o.l.p.impl.ClientToProxyConnection - (AWAITING_INITIAL) [id: 0x16fa54b8, /127.0.0.1:54150 => /127.0.1.1:45224]: Not closing client connection on middle chunk for /scripts/services/hateoas-service-util.js
11:39:51.092 [LittleProxy-ProxyToServerWorker-4] DEBUG o.l.p.impl.ClientToProxyConnection - (AWAITING_INITIAL) [id: 0x1e5765f0, /127.0.0.1:54148 => /127.0.1.1:45224]: Writing: DefaultHttpResponse(decodeResult: success, version: HTTP/1.1)
HTTP/1.1 200 OK
Accept-Ranges: bytes
Date: Tue, 08 Sep 2015 10:39:51 GMT
Cache-Control: public, max-age=0
Last-Modified: Wed, 27 May 2015 12:23:22 GMT
ETag: W/"GRtIiMdapPA8FZqoA+eekw=="
Content-Type: application/javascript
Content-Length: 3506
Via: 1.1 localhost.localdomain
11:39:51.092 [LittleProxy-ProxyToServerWorker-4] DEBUG o.l.p.impl.ClientToProxyConnection - (AWAITING_INITIAL) [id: 0x1e5765f0, /127.0.0.1:54148 => /127.0.1.1:45224]: Wrote: DefaultHttpResponse(decodeResult: success, version: HTTP/1.1)
HTTP/1.1 200 OK
Accept-Ranges: bytes
Date: Tue, 08 Sep 2015 10:39:51 GMT
Cache-Control: public, max-age=0
Last-Modified: Wed, 27 May 2015 12:23:22 GMT
ETag: W/"GRtIiMdapPA8FZqoA+eekw=="
Content-Type: application/javascript
Content-Length: 3506
Via: 1.1 localhost.localdomain
11:39:51.092 [LittleProxy-ProxyToServerWorker-4] DEBUG o.l.p.impl.ClientToProxyConnection - (AWAITING_INITIAL) [id: 0x1e5765f0, /127.0.0.1:54148 => /127.0.1.1:45224]: Not closing server connection on middle chunk for /scripts/controllers/promo-controller.js
11:39:51.092 [LittleProxy-ProxyToServerWorker-4] DEBUG o.l.p.impl.ClientToProxyConnection - (AWAITING_INITIAL) [id: 0x1e5765f0, /127.0.0.1:54148 => /127.0.1.1:45224]: Not closing client connection on middle chunk for /scripts/controllers/promo-controller.js
11:39:51.108 [LittleProxy-ProxyToServerWorker-2] DEBUG o.l.p.impl.ProxyToServerConnection - (AWAITING_INITIAL) [id: 0x9953b61f, /127.0.0.1:35274 => localhost/127.0.0.1:9000]: Remembering the current request.
11:39:51.108 [LittleProxy-ProxyToServerWorker-2] DEBUG o.l.p.impl.ProxyToServerConnection - (AWAITING_INITIAL) [id: 0x9953b61f, /127.0.0.1:35274 => localhost/127.0.0.1:9000]: Reading: DefaultHttpResponse(decodeResult: success, version: HTTP/1.1)
HTTP/1.1 200 OK
Accept-Ranges: bytes
Date: Tue, 08 Sep 2015 10:39:51 GMT
Cache-Control: public, max-age=0
Last-Modified: Wed, 27 May 2015 12:23:22 GMT
ETag: W/"jh+jlqtRSgGVMbGOShWRpQ=="
Content-Type: application/javascript
Content-Length: 1318
Connection: keep-alive
11:39:51.108 [LittleProxy-ProxyToServerWorker-2] DEBUG o.l.p.impl.ProxyToServerConnection - (AWAITING_INITIAL) [id: 0x9953b61f, /127.0.0.1:35274 => localhost/127.0.0.1:9000]: Received raw response: DefaultHttpResponse(decodeResult: success, version: HTTP/1.1)
HTTP/1.1 200 OK
Accept-Ranges: bytes
Date: Tue, 08 Sep 2015 10:39:51 GMT
Cache-Control: public, max-age=0
Last-Modified: Wed, 27 May 2015 12:23:22 GMT
ETag: W/"jh+jlqtRSgGVMbGOShWRpQ=="
Content-Type: application/javascript
Content-Length: 1318
Connection: keep-alive
11:39:51.108 [LittleProxy-ProxyToServerWorker-2] DEBUG o.l.p.impl.ProxyToServerConnection - (AWAITING_INITIAL) [id: 0x9953b61f, /127.0.0.1:35274 => localhost/127.0.0.1:9000]: Remembering the current response.
11:39:51.108 [LittleProxy-ProxyToServerWorker-2] DEBUG o.l.p.impl.ClientToProxyConnection - (AWAITING_INITIAL) [id: 0xe726451f, /127.0.0.1:54145 => /127.0.1.1:45224]: Writing: DefaultHttpResponse(decodeResult: success, version: HTTP/1.1)
HTTP/1.1 200 OK
Accept-Ranges: bytes
Date: Tue, 08 Sep 2015 10:39:51 GMT
Cache-Control: public, max-age=0
Last-Modified: Wed, 27 May 2015 12:23:22 GMT
ETag: W/"jh+jlqtRSgGVMbGOShWRpQ=="
Content-Type: application/javascript
Content-Length: 1318
Via: 1.1 localhost.localdomain
11:39:51.108 [LittleProxy-ProxyToServerWorker-2] DEBUG o.l.p.impl.ClientToProxyConnection - (AWAITING_INITIAL) [id: 0xe726451f, /127.0.0.1:54145 => /127.0.1.1:45224]: Wrote: DefaultHttpResponse(decodeResult: success, version: HTTP/1.1)
HTTP/1.1 200 OK
Accept-Ranges: bytes
Date: Tue, 08 Sep 2015 10:39:51 GMT
Cache-Control: public, max-age=0
Last-Modified: Wed, 27 May 2015 12:23:22 GMT
ETag: W/"jh+jlqtRSgGVMbGOShWRpQ=="
Content-Type: application/javascript
Content-Length: 1318
Via: 1.1 localhost.localdomain
11:39:51.108 [LittleProxy-ProxyToServerWorker-2] DEBUG o.l.p.impl.ClientToProxyConnection - (AWAITING_INITIAL) [id: 0xe726451f, /127.0.0.1:54145 => /127.0.1.1:45224]: Not closing server connection on middle chunk for /scripts/services/promo-service.js
11:39:51.108 [LittleProxy-ProxyToServerWorker-2] DEBUG o.l.p.impl.ClientToProxyConnection - (AWAITING_INITIAL) [id: 0xe726451f, /127.0.0.1:54145 => /127.0.1.1:45224]: Not closing client connection on middle chunk for /scripts/services/promo-service.js
11:39:51.114 [LittleProxy-ProxyToServerWorker-5] DEBUG o.l.p.impl.ProxyToServerConnection - (AWAITING_INITIAL) [id: 0x97bd59d1, /127.0.0.1:35281 => localhost/127.0.0.1:9000]: Remembering the current request.
11:39:51.114 [LittleProxy-ProxyToServerWorker-5] DEBUG o.l.p.impl.ProxyToServerConnection - (AWAITING_INITIAL) [id: 0x97bd59d1, /127.0.0.1:35281 => localhost/127.0.0.1:9000]: Reading: DefaultHttpResponse(decodeResult: success, version: HTTP/1.1)
HTTP/1.1 200 OK
Accept-Ranges: bytes
Date: Tue, 08 Sep 2015 10:39:51 GMT
Cache-Control: public, max-age=0
Last-Modified: Mon, 06 Jul 2015 17:22:12 GMT
ETag: W/"eup0CzLbXSq0lkge5z02UA=="
Content-Type: application/javascript
Content-Length: 559
Connection: keep-alive
11:39:51.114 [LittleProxy-ProxyToServerWorker-5] DEBUG o.l.p.impl.ProxyToServerConnection - (AWAITING_INITIAL) [id: 0x97bd59d1, /127.0.0.1:35281 => localhost/127.0.0.1:9000]: Received raw response: DefaultHttpResponse(decodeResult: success, version: HTTP/1.1)
HTTP/1.1 200 OK
Accept-Ranges: bytes
Date: Tue, 08 Sep 2015 10:39:51 GMT
Cache-Control: public, max-age=0
Last-Modified: Mon, 06 Jul 2015 17:22:12 GMT
ETag: W/"eup0CzLbXSq0lkge5z02UA=="
Content-Type: application/javascript
Content-Length: 559
Connection: keep-alive
11:39:51.114 [LittleProxy-ProxyToServerWorker-5] DEBUG o.l.p.impl.ProxyToServerConnection - (AWAITING_INITIAL) [id: 0x97bd59d1, /127.0.0.1:35281 => localhost/127.0.0.1:9000]: Remembering the current response.
11:39:51.114 [LittleProxy-ProxyToServerWorker-5] DEBUG o.l.p.impl.ClientToProxyConnection - (AWAITING_INITIAL) [id: 0xa74abe3b, /127.0.0.1:54151 => /127.0.1.1:45224]: Writing: DefaultHttpResponse(decodeResult: success, version: HTTP/1.1)
HTTP/1.1 200 OK
Accept-Ranges: bytes
Date: Tue, 08 Sep 2015 10:39:51 GMT
Cache-Control: public, max-age=0
Last-Modified: Mon, 06 Jul 2015 17:22:12 GMT
ETag: W/"eup0CzLbXSq0lkge5z02UA=="
Content-Type: application/javascript
Content-Length: 559
Via: 1.1 localhost.localdomain
11:39:51.114 [LittleProxy-ProxyToServerWorker-5] DEBUG o.l.p.impl.ClientToProxyConnection - (AWAITING_INITIAL) [id: 0xa74abe3b, /127.0.0.1:54151 => /127.0.1.1:45224]: Wrote: DefaultHttpResponse(decodeResult: success, version: HTTP/1.1)
HTTP/1.1 200 OK
Accept-Ranges: bytes
Date: Tue, 08 Sep 2015 10:39:51 GMT
Cache-Control: public, max-age=0
Last-Modified: Mon, 06 Jul 2015 17:22:12 GMT
ETag: W/"eup0CzLbXSq0lkge5z02UA=="
Content-Type: application/javascript
Content-Length: 559
Via: 1.1 localhost.localdomain
11:39:51.114 [LittleProxy-ProxyToServerWorker-5] DEBUG o.l.p.impl.ClientToProxyConnection - (AWAITING_INITIAL) [id: 0xa74abe3b, /127.0.0.1:54151 => /127.0.1.1:45224]: Not closing server connection on middle chunk for /scripts/services/date-service.js
11:39:51.114 [LittleProxy-ProxyToServerWorker-5] DEBUG o.l.p.impl.ClientToProxyConnection - (AWAITING_INITIAL) [id: 0xa74abe3b, /127.0.0.1:54151 => /127.0.1.1:45224]: Not closing client connection on middle chunk for /scripts/services/date-service.js
11:39:51.115 [LittleProxy-ProxyToServerWorker-7] DEBUG o.l.p.impl.ProxyToServerConnection - (AWAITING_INITIAL) [id: 0x700df78a, /127.0.0.1:35283 => localhost/127.0.0.1:9000]: Remembering the current request.
11:39:51.115 [LittleProxy-ProxyToServerWorker-7] DEBUG o.l.p.impl.ProxyToServerConnection - (AWAITING_INITIAL) [id: 0x700df78a, /127.0.0.1:35283 => localhost/127.0.0.1:9000]: Reading: DefaultHttpResponse(decodeResult: success, version: HTTP/1.1)
HTTP/1.1 200 OK
Accept-Ranges: bytes
Date: Tue, 08 Sep 2015 10:39:51 GMT
Cache-Control: public, max-age=0
Last-Modified: Mon, 17 Aug 2015 12:36:33 GMT
ETag: W/"50EYNtjpmJiVoud1jDbKWw=="
Content-Type: application/javascript
Content-Length: 14704
Connection: keep-alive
11:39:51.115 [LittleProxy-ProxyToServerWorker-7] DEBUG o.l.p.impl.ProxyToServerConnection - (AWAITING_INITIAL) [id: 0x700df78a, /127.0.0.1:35283 => localhost/127.0.0.1:9000]: Received raw response: DefaultHttpResponse(decodeResult: success, version: HTTP/1.1)
HTTP/1.1 200 OK
Accept-Ranges: bytes
Date: Tue, 08 Sep 2015 10:39:51 GMT
Cache-Control: public, max-age=0
Last-Modified: Mon, 17 Aug 2015 12:36:33 GMT
ETag: W/"50EYNtjpmJiVoud1jDbKWw=="
Content-Type: application/javascript
Content-Length: 14704
Connection: keep-alive
11:39:51.115 [LittleProxy-ProxyToServerWorker-7] DEBUG o.l.p.impl.ProxyToServerConnection - (AWAITING_INITIAL) [id: 0x700df78a, /127.0.0.1:35283 => localhost/127.0.0.1:9000]: Remembering the current response.
11:39:51.115 [LittleProxy-ProxyToServerWorker-7] DEBUG o.l.p.impl.ClientToProxyConnection - (AWAITING_INITIAL) [id: 0x4dc93f85, /127.0.0.1:54147 => /127.0.1.1:45224]: Writing: DefaultHttpResponse(decodeResult: success, version: HTTP/1.1)
HTTP/1.1 200 OK
Accept-Ranges: bytes
Date: Tue, 08 Sep 2015 10:39:51 GMT
Cache-Control: public, max-age=0
Last-Modified: Mon, 17 Aug 2015 12:36:33 GMT
ETag: W/"50EYNtjpmJiVoud1jDbKWw=="
Content-Type: application/javascript
Content-Length: 14704
Via: 1.1 localhost.localdomain
11:39:51.116 [LittleProxy-ProxyToServerWorker-7] DEBUG o.l.p.impl.ClientToProxyConnection - (AWAITING_INITIAL) [id: 0x4dc93f85, /127.0.0.1:54147 => /127.0.1.1:45224]: Wrote: DefaultHttpResponse(decodeResult: success, version: HTTP/1.1)
HTTP/1.1 200 OK
Accept-Ranges: bytes
Date: Tue, 08 Sep 2015 10:39:51 GMT
Cache-Control: public, max-age=0
Last-Modified: Mon, 17 Aug 2015 12:36:33 GMT
ETag: W/"50EYNtjpmJiVoud1jDbKWw=="
Content-Type: application/javascript
Content-Length: 14704
Via: 1.1 localhost.localdomain
11:39:51.116 [LittleProxy-ProxyToServerWorker-7] DEBUG o.l.p.impl.ClientToProxyConnection - (AWAITING_INITIAL) [id: 0x4dc93f85, /127.0.0.1:54147 => /127.0.1.1:45224]: Not closing server connection on middle chunk for /scripts/controllers/campaign-controller.js
11:39:51.116 [LittleProxy-ProxyToServerWorker-7] DEBUG o.l.p.impl.ClientToProxyConnection - (AWAITING_INITIAL) [id: 0x4dc93f85, /127.0.0.1:54147 => /127.0.1.1:45224]: Not closing client connection on middle chunk for /scripts/controllers/campaign-controller.js
11:39:51.127 [LittleProxy-ProxyToServerWorker-6] DEBUG o.l.p.impl.ProxyToServerConnection - (AWAITING_CHUNK) [id: 0x15efad94, /127.0.0.1:35282 => localhost/127.0.0.1:9000]: Reading: DefaultLastHttpContent(data: SlicedByteBuf(ridx: 0, widx: 832, cap: 832/832, unwrapped: UnpooledUnsafeDirectByteBuf(ridx: 832, widx: 832, cap: 16384)), decoderResult: success)
11:39:51.127 [LittleProxy-ProxyToServerWorker-6] DEBUG o.l.p.impl.ClientToProxyConnection - (AWAITING_INITIAL) [id: 0x87242349, /127.0.0.1:54149 => /127.0.1.1:45224]: Retaining reference counted message
11:39:51.127 [LittleProxy-ProxyToServerWorker-6] DEBUG o.l.p.impl.ClientToProxyConnection - (AWAITING_INITIAL) [id: 0x87242349, /127.0.0.1:54149 => /127.0.1.1:45224]: Writing: DefaultLastHttpContent(data: SlicedByteBuf(ridx: 0, widx: 832, cap: 832/832, unwrapped: UnpooledUnsafeDirectByteBuf(ridx: 832, widx: 832, cap: 16384)), decoderResult: success)
11:39:51.127 [LittleProxy-ProxyToServerWorker-6] DEBUG o.l.p.impl.ClientToProxyConnection - (AWAITING_INITIAL) [id: 0x87242349, /127.0.0.1:54149 => /127.0.1.1:45224]: Writing an empty buffer to signal the end of our chunked transfer
11:39:51.127 [LittleProxy-ProxyToServerWorker-6] DEBUG o.l.p.impl.ClientToProxyConnection - (AWAITING_INITIAL) [id: 0x87242349, /127.0.0.1:54149 => /127.0.1.1:45224]: Wrote: DefaultLastHttpContent(data: SlicedByteBuf(ridx: 0, widx: 832, cap: 832/832, unwrapped: UnpooledUnsafeDirectByteBuf(ridx: 832, widx: 832, cap: 16384)), decoderResult: success)
11:39:51.127 [LittleProxy-ProxyToServerWorker-6] DEBUG o.l.p.impl.ClientToProxyConnection - (AWAITING_INITIAL) [id: 0x87242349, /127.0.0.1:54149 => /127.0.1.1:45224]: Retaining reference counted message
11:39:51.127 [LittleProxy-ProxyToServerWorker-6] DEBUG o.l.p.impl.ClientToProxyConnection - (AWAITING_INITIAL) [id: 0x87242349, /127.0.0.1:54149 => /127.0.1.1:45224]: Writing: EmptyByteBufBE
11:39:51.127 [LittleProxy-ProxyToServerWorker-6] DEBUG o.l.p.impl.ClientToProxyConnection - (AWAITING_INITIAL) [id: 0x87242349, /127.0.0.1:54149 => /127.0.1.1:45224]: Wrote: EmptyByteBufBE
11:39:51.127 [LittleProxy-ProxyToServerWorker-6] DEBUG o.l.p.impl.ClientToProxyConnection - (AWAITING_INITIAL) [id: 0x87242349, /127.0.0.1:54149 => /127.0.1.1:45224]: Handling last chunk. Using normal server connection closing rules.
11:39:51.127 [LittleProxy-ProxyToServerWorker-6] DEBUG o.l.p.impl.ClientToProxyConnection - (AWAITING_INITIAL) [id: 0x87242349, /127.0.0.1:54149 => /127.0.1.1:45224]: Not closing server connection for response: DefaultHttpResponse(decodeResult: success, version: HTTP/1.1)
HTTP/1.1 200 OK
Accept-Ranges: bytes
Date: Tue, 08 Sep 2015 10:39:51 GMT
Cache-Control: public, max-age=0
Last-Modified: Tue, 23 Jun 2015 13:00:42 GMT
ETag: W/"VfeVJHxGsjVbGvMZ85cY8g=="
Content-Type: application/javascript
Content-Length: 832
Connection: keep-alive
11:39:51.127 [LittleProxy-ProxyToServerWorker-6] DEBUG o.l.p.impl.ClientToProxyConnection - (AWAITING_INITIAL) [id: 0x87242349, /127.0.0.1:54149 => /127.0.1.1:45224]: Handling last chunk. Using normal client connection closing rules.
11:39:51.127 [LittleProxy-ProxyToServerWorker-6] DEBUG o.l.p.impl.ClientToProxyConnection - (AWAITING_INITIAL) [id: 0x87242349, /127.0.0.1:54149 => /127.0.1.1:45224]: Not closing client connection for request: [FAILED toString()]
11:39:51.128 [LittleProxy-ClientToProxyWorker-5] DEBUG o.l.p.impl.ClientToProxyConnection - (AWAITING_INITIAL) [id: 0x87242349, /127.0.0.1:54149 => /127.0.1.1:45224]: Reading: HttpObjectAggregator$AggregatedFullHttpRequest(decodeResult: success, version: HTTP/1.1, content: CompositeByteBuf(ridx: 0, widx: 0, cap: 0, components=0))
GET http://localhost:9000/scripts/controllers/status-controller.js HTTP/1.1
Host: localhost:9000
Proxy-Connection: keep-alive
Accept: */*
User-Agent: Mozilla/5.0 (X11; Linux x86_64) AppleWebKit/537.36 (KHTML, like Gecko) Chrome/44.0.2403.130 Safari/537.36
Referer: http://localhost:9000/
Accept-Encoding: gzip, deflate, sdch
Accept-Language: en-GB,en-US;q=0.8,en;q=0.6
Content-Length: 0
11:39:51.128 [LittleProxy-ClientToProxyWorker-5] DEBUG o.l.p.impl.ClientToProxyConnection - (AWAITING_INITIAL) [id: 0x87242349, /127.0.0.1:54149 => /127.0.1.1:45224]: Got request: HttpObjectAggregator$AggregatedFullHttpRequest(decodeResult: success, version: HTTP/1.1, content: CompositeByteBuf(ridx: 0, widx: 0, cap: 0, components=0))
GET http://localhost:9000/scripts/controllers/status-controller.js HTTP/1.1
Host: localhost:9000
Proxy-Connection: keep-alive
Accept: */*
User-Agent: Mozilla/5.0 (X11; Linux x86_64) AppleWebKit/537.36 (KHTML, like Gecko) Chrome/44.0.2403.130 Safari/537.36
Referer: http://localhost:9000/
Accept-Encoding: gzip, deflate, sdch
Accept-Language: en-GB,en-US;q=0.8,en;q=0.6
Content-Length: 0
11:39:51.128 [LittleProxy-ClientToProxyWorker-5] DEBUG o.l.p.impl.ClientToProxyConnection - (AWAITING_INITIAL) [id: 0x87242349, /127.0.0.1:54149 => /127.0.1.1:45224]: Ensuring that hostAndPort are available in http://localhost:9000/scripts/controllers/status-controller.js
11:39:51.128 [LittleProxy-ClientToProxyWorker-5] DEBUG o.l.p.impl.ClientToProxyConnection - (AWAITING_INITIAL) [id: 0x87242349, /127.0.0.1:54149 => /127.0.1.1:45224]: Finding ProxyToServerConnection for: localhost:9000
11:39:51.128 [LittleProxy-ClientToProxyWorker-5] DEBUG o.l.p.impl.ClientToProxyConnection - (AWAITING_INITIAL) [id: 0x87242349, /127.0.0.1:54149 => /127.0.1.1:45224]: Reusing existing server connection: org.littleshoot.proxy.impl.ProxyToServerConnection@19d9ddb6
11:39:51.128 [LittleProxy-ClientToProxyWorker-5] DEBUG o.l.p.impl.ClientToProxyConnection - (AWAITING_INITIAL) [id: 0x87242349, /127.0.0.1:54149 => /127.0.1.1:45224]: Modifying request headers for proxying
11:39:51.128 [LittleProxy-ClientToProxyWorker-5] DEBUG o.l.p.impl.ClientToProxyConnection - (AWAITING_INITIAL) [id: 0x87242349, /127.0.0.1:54149 => /127.0.1.1:45224]: Modifying request for proxy chaining
11:39:51.128 [LittleProxy-ClientToProxyWorker-5] DEBUG o.l.p.impl.ClientToProxyConnection - (AWAITING_INITIAL) [id: 0x87242349, /127.0.0.1:54149 => /127.0.1.1:45224]: Stripped host from uri: http://localhost:9000/scripts/controllers/status-controller.js    yielding: /scripts/controllers/status-controller.js
11:39:51.128 [LittleProxy-ClientToProxyWorker-5] DEBUG o.l.p.impl.ClientToProxyConnection - (AWAITING_INITIAL) [id: 0x87242349, /127.0.0.1:54149 => /127.0.1.1:45224]: Removed sdch and inserted: gzip, deflate, 
11:39:51.128 [LittleProxy-ClientToProxyWorker-5] DEBUG o.l.p.impl.ClientToProxyConnection - (AWAITING_INITIAL) [id: 0x87242349, /127.0.0.1:54149 => /127.0.1.1:45224]: Writing request to ProxyToServerConnection
11:39:51.128 [LittleProxy-ClientToProxyWorker-5] DEBUG o.l.p.impl.ProxyToServerConnection - (AWAITING_INITIAL) [id: 0x15efad94, /127.0.0.1:35282 => localhost/127.0.0.1:9000]: Requested write of HttpObjectAggregator$AggregatedFullHttpRequest(decodeResult: success, version: HTTP/1.1, content: CompositeByteBuf(ridx: 0, widx: 0, cap: 0, components=0))
GET /scripts/controllers/status-controller.js HTTP/1.1
Host: localhost:9000
Accept: */*
User-Agent: Mozilla/5.0 (X11; Linux x86_64) AppleWebKit/537.36 (KHTML, like Gecko) Chrome/44.0.2403.130 Safari/537.36
Referer: http://localhost:9000/
Accept-Language: en-GB,en-US;q=0.8,en;q=0.6
Content-Length: 0
Accept-Encoding: gzip, deflate, 
Via: 1.1 localhost.localdomain
11:39:51.128 [LittleProxy-ClientToProxyWorker-5] DEBUG o.l.p.impl.ProxyToServerConnection - (AWAITING_INITIAL) [id: 0x15efad94, /127.0.0.1:35282 => localhost/127.0.0.1:9000]: Retaining reference counted message
11:39:51.128 [LittleProxy-ClientToProxyWorker-5] DEBUG o.l.p.impl.ProxyToServerConnection - (AWAITING_INITIAL) [id: 0x15efad94, /127.0.0.1:35282 => localhost/127.0.0.1:9000]: Using existing connection to: localhost/127.0.0.1:9000
11:39:51.128 [LittleProxy-ClientToProxyWorker-5] DEBUG o.l.p.impl.ProxyToServerConnection - (AWAITING_INITIAL) [id: 0x15efad94, /127.0.0.1:35282 => localhost/127.0.0.1:9000]: Writing: HttpObjectAggregator$AggregatedFullHttpRequest(decodeResult: success, version: HTTP/1.1, content: CompositeByteBuf(ridx: 0, widx: 0, cap: 0, components=0))
GET /scripts/controllers/status-controller.js HTTP/1.1
Host: localhost:9000
Accept: */*
User-Agent: Mozilla/5.0 (X11; Linux x86_64) AppleWebKit/537.36 (KHTML, like Gecko) Chrome/44.0.2403.130 Safari/537.36
Referer: http://localhost:9000/
Accept-Language: en-GB,en-US;q=0.8,en;q=0.6
Content-Length: 0
Accept-Encoding: gzip, deflate, 
Via: 1.1 localhost.localdomain
11:39:51.128 [LittleProxy-ClientToProxyWorker-5] DEBUG o.l.p.impl.ProxyToServerConnection - (AWAITING_INITIAL) [id: 0x15efad94, /127.0.0.1:35282 => localhost/127.0.0.1:9000]: Writing an empty buffer to signal the end of our chunked transfer
11:39:51.129 [LittleProxy-ClientToProxyWorker-5] DEBUG o.l.p.impl.ProxyToServerConnection - (AWAITING_INITIAL) [id: 0x15efad94, /127.0.0.1:35282 => localhost/127.0.0.1:9000]: Wrote: HttpObjectAggregator$AggregatedFullHttpRequest(decodeResult: success, version: HTTP/1.1, content: CompositeByteBuf(ridx: 0, widx: 0, cap: 0, components=0))
GET /scripts/controllers/status-controller.js HTTP/1.1
Host: localhost:9000
Accept: */*
User-Agent: Mozilla/5.0 (X11; Linux x86_64) AppleWebKit/537.36 (KHTML, like Gecko) Chrome/44.0.2403.130 Safari/537.36
Referer: http://localhost:9000/
Accept-Language: en-GB,en-US;q=0.8,en;q=0.6
Content-Length: 0
Accept-Encoding: gzip, deflate, 
Via: 1.1 localhost.localdomain
11:39:51.130 [LittleProxy-ProxyToServerWorker-6] DEBUG o.l.p.impl.ProxyToServerConnection - (AWAITING_INITIAL) [id: 0x15efad94, /127.0.0.1:35282 => localhost/127.0.0.1:9000]: Remembering the current request.
11:39:51.130 [LittleProxy-ProxyToServerWorker-6] DEBUG o.l.p.impl.ProxyToServerConnection - (AWAITING_INITIAL) [id: 0x15efad94, /127.0.0.1:35282 => localhost/127.0.0.1:9000]: Reading: DefaultHttpResponse(decodeResult: success, version: HTTP/1.1)
HTTP/1.1 200 OK
Accept-Ranges: bytes
Date: Tue, 08 Sep 2015 10:39:51 GMT
Cache-Control: public, max-age=0
Last-Modified: Wed, 27 May 2015 12:23:22 GMT
ETag: W/"M0anGxRIJfYYVmYwDqtjqg=="
Content-Type: application/javascript
Content-Length: 303
Connection: keep-alive
11:39:51.130 [LittleProxy-ProxyToServerWorker-6] DEBUG o.l.p.impl.ProxyToServerConnection - (AWAITING_INITIAL) [id: 0x15efad94, /127.0.0.1:35282 => localhost/127.0.0.1:9000]: Received raw response: DefaultHttpResponse(decodeResult: success, version: HTTP/1.1)
HTTP/1.1 200 OK
Accept-Ranges: bytes
Date: Tue, 08 Sep 2015 10:39:51 GMT
Cache-Control: public, max-age=0
Last-Modified: Wed, 27 May 2015 12:23:22 GMT
ETag: W/"M0anGxRIJfYYVmYwDqtjqg=="
Content-Type: application/javascript
Content-Length: 303
Connection: keep-alive
11:39:51.130 [LittleProxy-ProxyToServerWorker-6] DEBUG o.l.p.impl.ProxyToServerConnection - (AWAITING_INITIAL) [id: 0x15efad94, /127.0.0.1:35282 => localhost/127.0.0.1:9000]: Remembering the current response.
11:39:51.130 [LittleProxy-ProxyToServerWorker-6] DEBUG o.l.p.impl.ClientToProxyConnection - (AWAITING_INITIAL) [id: 0x87242349, /127.0.0.1:54149 => /127.0.1.1:45224]: Writing: DefaultHttpResponse(decodeResult: success, version: HTTP/1.1)
HTTP/1.1 200 OK
Accept-Ranges: bytes
Date: Tue, 08 Sep 2015 10:39:51 GMT
Cache-Control: public, max-age=0
Last-Modified: Wed, 27 May 2015 12:23:22 GMT
ETag: W/"M0anGxRIJfYYVmYwDqtjqg=="
Content-Type: application/javascript
Content-Length: 303
Via: 1.1 localhost.localdomain
11:39:51.130 [LittleProxy-ProxyToServerWorker-6] DEBUG o.l.p.impl.ClientToProxyConnection - (AWAITING_INITIAL) [id: 0x87242349, /127.0.0.1:54149 => /127.0.1.1:45224]: Wrote: DefaultHttpResponse(decodeResult: success, version: HTTP/1.1)
HTTP/1.1 200 OK
Accept-Ranges: bytes
Date: Tue, 08 Sep 2015 10:39:51 GMT
Cache-Control: public, max-age=0
Last-Modified: Wed, 27 May 2015 12:23:22 GMT
ETag: W/"M0anGxRIJfYYVmYwDqtjqg=="
Content-Type: application/javascript
Content-Length: 303
Via: 1.1 localhost.localdomain
11:39:51.130 [LittleProxy-ProxyToServerWorker-6] DEBUG o.l.p.impl.ClientToProxyConnection - (AWAITING_INITIAL) [id: 0x87242349, /127.0.0.1:54149 => /127.0.1.1:45224]: Not closing server connection on middle chunk for /scripts/controllers/status-controller.js
11:39:51.130 [LittleProxy-ProxyToServerWorker-6] DEBUG o.l.p.impl.ClientToProxyConnection - (AWAITING_INITIAL) [id: 0x87242349, /127.0.0.1:54149 => /127.0.1.1:45224]: Not closing client connection on middle chunk for /scripts/controllers/status-controller.js
11:39:51.131 [LittleProxy-ProxyToServerWorker-3] DEBUG o.l.p.impl.ProxyToServerConnection - (AWAITING_CHUNK) [id: 0xceaab001, /127.0.0.1:35280 => localhost/127.0.0.1:9000]: Reading: DefaultLastHttpContent(data: SlicedByteBuf(ridx: 0, widx: 514, cap: 514/514, unwrapped: UnpooledUnsafeDirectByteBuf(ridx: 514, widx: 514, cap: 32768)), decoderResult: success)
11:39:51.131 [LittleProxy-ProxyToServerWorker-4] DEBUG o.l.p.impl.ProxyToServerConnection - (AWAITING_CHUNK) [id: 0xb51d3331, /127.0.0.1:35284 => localhost/127.0.0.1:9000]: Reading: DefaultLastHttpContent(data: SlicedByteBuf(ridx: 0, widx: 3506, cap: 3506/3506, unwrapped: UnpooledUnsafeDirectByteBuf(ridx: 3506, widx: 3506, cap: 32768)), decoderResult: success)
11:39:51.131 [LittleProxy-ProxyToServerWorker-3] DEBUG o.l.p.impl.ClientToProxyConnection - (AWAITING_INITIAL) [id: 0x16fa54b8, /127.0.0.1:54150 => /127.0.1.1:45224]: Retaining reference counted message
11:39:51.131 [LittleProxy-ProxyToServerWorker-4] DEBUG o.l.p.impl.ClientToProxyConnection - (AWAITING_INITIAL) [id: 0x1e5765f0, /127.0.0.1:54148 => /127.0.1.1:45224]: Retaining reference counted message
11:39:51.131 [LittleProxy-ProxyToServerWorker-3] DEBUG o.l.p.impl.ClientToProxyConnection - (AWAITING_INITIAL) [id: 0x16fa54b8, /127.0.0.1:54150 => /127.0.1.1:45224]: Writing: DefaultLastHttpContent(data: SlicedByteBuf(ridx: 0, widx: 514, cap: 514/514, unwrapped: UnpooledUnsafeDirectByteBuf(ridx: 514, widx: 514, cap: 32768)), decoderResult: success)
11:39:51.131 [LittleProxy-ProxyToServerWorker-4] DEBUG o.l.p.impl.ClientToProxyConnection - (AWAITING_INITIAL) [id: 0x1e5765f0, /127.0.0.1:54148 => /127.0.1.1:45224]: Writing: DefaultLastHttpContent(data: SlicedByteBuf(ridx: 0, widx: 3506, cap: 3506/3506, unwrapped: UnpooledUnsafeDirectByteBuf(ridx: 3506, widx: 3506, cap: 32768)), decoderResult: success)
11:39:51.131 [LittleProxy-ProxyToServerWorker-3] DEBUG o.l.p.impl.ClientToProxyConnection - (AWAITING_INITIAL) [id: 0x16fa54b8, /127.0.0.1:54150 => /127.0.1.1:45224]: Writing an empty buffer to signal the end of our chunked transfer
11:39:51.131 [LittleProxy-ProxyToServerWorker-4] DEBUG o.l.p.impl.ClientToProxyConnection - (AWAITING_INITIAL) [id: 0x1e5765f0, /127.0.0.1:54148 => /127.0.1.1:45224]: Writing an empty buffer to signal the end of our chunked transfer
11:39:51.131 [LittleProxy-ProxyToServerWorker-3] DEBUG o.l.p.impl.ClientToProxyConnection - (AWAITING_INITIAL) [id: 0x16fa54b8, /127.0.0.1:54150 => /127.0.1.1:45224]: Wrote: DefaultLastHttpContent(data: SlicedByteBuf(ridx: 0, widx: 514, cap: 514/514, unwrapped: UnpooledUnsafeDirectByteBuf(ridx: 514, widx: 514, cap: 32768)), decoderResult: success)
11:39:51.131 [LittleProxy-ProxyToServerWorker-3] DEBUG o.l.p.impl.ClientToProxyConnection - (AWAITING_INITIAL) [id: 0x16fa54b8, /127.0.0.1:54150 => /127.0.1.1:45224]: Retaining reference counted message
11:39:51.131 [LittleProxy-ProxyToServerWorker-4] DEBUG o.l.p.impl.ClientToProxyConnection - (AWAITING_INITIAL) [id: 0x1e5765f0, /127.0.0.1:54148 => /127.0.1.1:45224]: Wrote: DefaultLastHttpContent(data: SlicedByteBuf(ridx: 0, widx: 3506, cap: 3506/3506, unwrapped: UnpooledUnsafeDirectByteBuf(ridx: 3506, widx: 3506, cap: 32768)), decoderResult: success)
11:39:51.131 [LittleProxy-ProxyToServerWorker-3] DEBUG o.l.p.impl.ClientToProxyConnection - (AWAITING_INITIAL) [id: 0x16fa54b8, /127.0.0.1:54150 => /127.0.1.1:45224]: Writing: EmptyByteBufBE
11:39:51.131 [LittleProxy-ProxyToServerWorker-4] DEBUG o.l.p.impl.ClientToProxyConnection - (AWAITING_INITIAL) [id: 0x1e5765f0, /127.0.0.1:54148 => /127.0.1.1:45224]: Retaining reference counted message
11:39:51.131 [LittleProxy-ProxyToServerWorker-4] DEBUG o.l.p.impl.ClientToProxyConnection - (AWAITING_INITIAL) [id: 0x1e5765f0, /127.0.0.1:54148 => /127.0.1.1:45224]: Writing: EmptyByteBufBE
11:39:51.131 [LittleProxy-ProxyToServerWorker-3] DEBUG o.l.p.impl.ClientToProxyConnection - (AWAITING_INITIAL) [id: 0x16fa54b8, /127.0.0.1:54150 => /127.0.1.1:45224]: Wrote: EmptyByteBufBE
11:39:51.131 [LittleProxy-ProxyToServerWorker-3] DEBUG o.l.p.impl.ClientToProxyConnection - (AWAITING_INITIAL) [id: 0x16fa54b8, /127.0.0.1:54150 => /127.0.1.1:45224]: Handling last chunk. Using normal server connection closing rules.
11:39:51.131 [LittleProxy-ProxyToServerWorker-4] DEBUG o.l.p.impl.ClientToProxyConnection - (AWAITING_INITIAL) [id: 0x1e5765f0, /127.0.0.1:54148 => /127.0.1.1:45224]: Wrote: EmptyByteBufBE
11:39:51.131 [LittleProxy-ProxyToServerWorker-3] DEBUG o.l.p.impl.ClientToProxyConnection - (AWAITING_INITIAL) [id: 0x16fa54b8, /127.0.0.1:54150 => /127.0.1.1:45224]: Not closing server connection for response: DefaultHttpResponse(decodeResult: success, version: HTTP/1.1)
HTTP/1.1 200 OK
Accept-Ranges: bytes
Date: Tue, 08 Sep 2015 10:39:51 GMT
Cache-Control: public, max-age=0
Last-Modified: Wed, 27 May 2015 12:23:22 GMT
ETag: W/"VvJYHt4u5lCq/ZIUI7opdA=="
Content-Type: application/javascript
Content-Length: 514
Connection: keep-alive
11:39:51.131 [LittleProxy-ProxyToServerWorker-4] DEBUG o.l.p.impl.ClientToProxyConnection - (AWAITING_INITIAL) [id: 0x1e5765f0, /127.0.0.1:54148 => /127.0.1.1:45224]: Handling last chunk. Using normal server connection closing rules.
11:39:51.131 [LittleProxy-ProxyToServerWorker-3] DEBUG o.l.p.impl.ClientToProxyConnection - (AWAITING_INITIAL) [id: 0x16fa54b8, /127.0.0.1:54150 => /127.0.1.1:45224]: Handling last chunk. Using normal client connection closing rules.
11:39:51.131 [LittleProxy-ProxyToServerWorker-4] DEBUG o.l.p.impl.ClientToProxyConnection - (AWAITING_INITIAL) [id: 0x1e5765f0, /127.0.0.1:54148 => /127.0.1.1:45224]: Not closing server connection for response: DefaultHttpResponse(decodeResult: success, version: HTTP/1.1)
HTTP/1.1 200 OK
Accept-Ranges: bytes
Date: Tue, 08 Sep 2015 10:39:51 GMT
Cache-Control: public, max-age=0
Last-Modified: Wed, 27 May 2015 12:23:22 GMT
ETag: W/"GRtIiMdapPA8FZqoA+eekw=="
Content-Type: application/javascript
Content-Length: 3506
Connection: keep-alive
11:39:51.131 [LittleProxy-ProxyToServerWorker-4] DEBUG o.l.p.impl.ClientToProxyConnection - (AWAITING_INITIAL) [id: 0x1e5765f0, /127.0.0.1:54148 => /127.0.1.1:45224]: Handling last chunk. Using normal client connection closing rules.
11:39:51.131 [LittleProxy-ProxyToServerWorker-4] DEBUG o.l.p.impl.ClientToProxyConnection - (AWAITING_INITIAL) [id: 0x1e5765f0, /127.0.0.1:54148 => /127.0.1.1:45224]: Not closing client connection for request: [FAILED toString()]
11:39:51.132 [LittleProxy-ProxyToServerWorker-3] DEBUG o.l.p.impl.ClientToProxyConnection - (AWAITING_INITIAL) [id: 0x16fa54b8, /127.0.0.1:54150 => /127.0.1.1:45224]: Not closing client connection for request: [FAILED toString()]
11:39:51.132 [LittleProxy-ClientToProxyWorker-6] DEBUG o.l.p.impl.ClientToProxyConnection - (AWAITING_INITIAL) [id: 0x16fa54b8, /127.0.0.1:54150 => /127.0.1.1:45224]: Reading: HttpObjectAggregator$AggregatedFullHttpRequest(decodeResult: success, version: HTTP/1.1, content: CompositeByteBuf(ridx: 0, widx: 0, cap: 0, components=0))
GET http://localhost:9000/scripts/controllers/audit-history-controller.js HTTP/1.1
Host: localhost:9000
Proxy-Connection: keep-alive
Accept: */*
User-Agent: Mozilla/5.0 (X11; Linux x86_64) AppleWebKit/537.36 (KHTML, like Gecko) Chrome/44.0.2403.130 Safari/537.36
Referer: http://localhost:9000/
Accept-Encoding: gzip, deflate, sdch
Accept-Language: en-GB,en-US;q=0.8,en;q=0.6
Content-Length: 0
11:39:51.132 [LittleProxy-ClientToProxyWorker-6] DEBUG o.l.p.impl.ClientToProxyConnection - (AWAITING_INITIAL) [id: 0x16fa54b8, /127.0.0.1:54150 => /127.0.1.1:45224]: Got request: HttpObjectAggregator$AggregatedFullHttpRequest(decodeResult: success, version: HTTP/1.1, content: CompositeByteBuf(ridx: 0, widx: 0, cap: 0, components=0))
GET http://localhost:9000/scripts/controllers/audit-history-controller.js HTTP/1.1
Host: localhost:9000
Proxy-Connection: keep-alive
Accept: */*
User-Agent: Mozilla/5.0 (X11; Linux x86_64) AppleWebKit/537.36 (KHTML, like Gecko) Chrome/44.0.2403.130 Safari/537.36
Referer: http://localhost:9000/
Accept-Encoding: gzip, deflate, sdch
Accept-Language: en-GB,en-US;q=0.8,en;q=0.6
Content-Length: 0
11:39:51.132 [LittleProxy-ClientToProxyWorker-6] DEBUG o.l.p.impl.ClientToProxyConnection - (AWAITING_INITIAL) [id: 0x16fa54b8, /127.0.0.1:54150 => /127.0.1.1:45224]: Ensuring that hostAndPort are available in http://localhost:9000/scripts/controllers/audit-history-controller.js
11:39:51.132 [LittleProxy-ClientToProxyWorker-6] DEBUG o.l.p.impl.ClientToProxyConnection - (AWAITING_INITIAL) [id: 0x16fa54b8, /127.0.0.1:54150 => /127.0.1.1:45224]: Finding ProxyToServerConnection for: localhost:9000
11:39:51.132 [LittleProxy-ClientToProxyWorker-6] DEBUG o.l.p.impl.ClientToProxyConnection - (AWAITING_INITIAL) [id: 0x16fa54b8, /127.0.0.1:54150 => /127.0.1.1:45224]: Reusing existing server connection: org.littleshoot.proxy.impl.ProxyToServerConnection@4072e2c4
11:39:51.132 [LittleProxy-ClientToProxyWorker-6] DEBUG o.l.p.impl.ClientToProxyConnection - (AWAITING_INITIAL) [id: 0x16fa54b8, /127.0.0.1:54150 => /127.0.1.1:45224]: Modifying request headers for proxying
11:39:51.132 [LittleProxy-ClientToProxyWorker-6] DEBUG o.l.p.impl.ClientToProxyConnection - (AWAITING_INITIAL) [id: 0x16fa54b8, /127.0.0.1:54150 => /127.0.1.1:45224]: Modifying request for proxy chaining
11:39:51.132 [LittleProxy-ClientToProxyWorker-6] DEBUG o.l.p.impl.ClientToProxyConnection - (AWAITING_INITIAL) [id: 0x16fa54b8, /127.0.0.1:54150 => /127.0.1.1:45224]: Stripped host from uri: http://localhost:9000/scripts/controllers/audit-history-controller.js    yielding: /scripts/controllers/audit-history-controller.js
11:39:51.132 [LittleProxy-ClientToProxyWorker-6] DEBUG o.l.p.impl.ClientToProxyConnection - (AWAITING_INITIAL) [id: 0x16fa54b8, /127.0.0.1:54150 => /127.0.1.1:45224]: Removed sdch and inserted: gzip, deflate, 
11:39:51.132 [LittleProxy-ClientToProxyWorker-6] DEBUG o.l.p.impl.ClientToProxyConnection - (AWAITING_INITIAL) [id: 0x16fa54b8, /127.0.0.1:54150 => /127.0.1.1:45224]: Writing request to ProxyToServerConnection
11:39:51.132 [LittleProxy-ClientToProxyWorker-6] DEBUG o.l.p.impl.ProxyToServerConnection - (AWAITING_INITIAL) [id: 0xceaab001, /127.0.0.1:35280 => localhost/127.0.0.1:9000]: Requested write of HttpObjectAggregator$AggregatedFullHttpRequest(decodeResult: success, version: HTTP/1.1, content: CompositeByteBuf(ridx: 0, widx: 0, cap: 0, components=0))
GET /scripts/controllers/audit-history-controller.js HTTP/1.1
Host: localhost:9000
Accept: */*
User-Agent: Mozilla/5.0 (X11; Linux x86_64) AppleWebKit/537.36 (KHTML, like Gecko) Chrome/44.0.2403.130 Safari/537.36
Referer: http://localhost:9000/
Accept-Language: en-GB,en-US;q=0.8,en;q=0.6
Content-Length: 0
Accept-Encoding: gzip, deflate, 
Via: 1.1 localhost.localdomain
11:39:51.132 [LittleProxy-ClientToProxyWorker-6] DEBUG o.l.p.impl.ProxyToServerConnection - (AWAITING_INITIAL) [id: 0xceaab001, /127.0.0.1:35280 => localhost/127.0.0.1:9000]: Retaining reference counted message
11:39:51.132 [LittleProxy-ClientToProxyWorker-6] DEBUG o.l.p.impl.ProxyToServerConnection - (AWAITING_INITIAL) [id: 0xceaab001, /127.0.0.1:35280 => localhost/127.0.0.1:9000]: Using existing connection to: localhost/127.0.0.1:9000
11:39:51.132 [LittleProxy-ClientToProxyWorker-6] DEBUG o.l.p.impl.ProxyToServerConnection - (AWAITING_INITIAL) [id: 0xceaab001, /127.0.0.1:35280 => localhost/127.0.0.1:9000]: Writing: HttpObjectAggregator$AggregatedFullHttpRequest(decodeResult: success, version: HTTP/1.1, content: CompositeByteBuf(ridx: 0, widx: 0, cap: 0, components=0))
GET /scripts/controllers/audit-history-controller.js HTTP/1.1
Host: localhost:9000
Accept: */*
User-Agent: Mozilla/5.0 (X11; Linux x86_64) AppleWebKit/537.36 (KHTML, like Gecko) Chrome/44.0.2403.130 Safari/537.36
Referer: http://localhost:9000/
Accept-Language: en-GB,en-US;q=0.8,en;q=0.6
Content-Length: 0
Accept-Encoding: gzip, deflate, 
Via: 1.1 localhost.localdomain
11:39:51.132 [LittleProxy-ClientToProxyWorker-6] DEBUG o.l.p.impl.ProxyToServerConnection - (AWAITING_INITIAL) [id: 0xceaab001, /127.0.0.1:35280 => localhost/127.0.0.1:9000]: Writing an empty buffer to signal the end of our chunked transfer
11:39:51.133 [LittleProxy-ClientToProxyWorker-6] DEBUG o.l.p.impl.ProxyToServerConnection - (AWAITING_INITIAL) [id: 0xceaab001, /127.0.0.1:35280 => localhost/127.0.0.1:9000]: Wrote: HttpObjectAggregator$AggregatedFullHttpRequest(decodeResult: success, version: HTTP/1.1, content: CompositeByteBuf(ridx: 0, widx: 0, cap: 0, components=0))
GET /scripts/controllers/audit-history-controller.js HTTP/1.1
Host: localhost:9000
Accept: */*
User-Agent: Mozilla/5.0 (X11; Linux x86_64) AppleWebKit/537.36 (KHTML, like Gecko) Chrome/44.0.2403.130 Safari/537.36
Referer: http://localhost:9000/
Accept-Language: en-GB,en-US;q=0.8,en;q=0.6
Content-Length: 0
Accept-Encoding: gzip, deflate, 
Via: 1.1 localhost.localdomain
11:39:51.133 [LittleProxy-ClientToProxyWorker-4] DEBUG o.l.p.impl.ClientToProxyConnection - (AWAITING_INITIAL) [id: 0x1e5765f0, /127.0.0.1:54148 => /127.0.1.1:45224]: Reading: HttpObjectAggregator$AggregatedFullHttpRequest(decodeResult: success, version: HTTP/1.1, content: CompositeByteBuf(ridx: 0, widx: 0, cap: 0, components=0))
GET http://localhost:9000/scripts/controllers/voucher-controller.js HTTP/1.1
Host: localhost:9000
Proxy-Connection: keep-alive
Accept: */*
User-Agent: Mozilla/5.0 (X11; Linux x86_64) AppleWebKit/537.36 (KHTML, like Gecko) Chrome/44.0.2403.130 Safari/537.36
Referer: http://localhost:9000/
Accept-Encoding: gzip, deflate, sdch
Accept-Language: en-GB,en-US;q=0.8,en;q=0.6
Content-Length: 0
11:39:51.133 [LittleProxy-ClientToProxyWorker-4] DEBUG o.l.p.impl.ClientToProxyConnection - (AWAITING_INITIAL) [id: 0x1e5765f0, /127.0.0.1:54148 => /127.0.1.1:45224]: Got request: HttpObjectAggregator$AggregatedFullHttpRequest(decodeResult: success, version: HTTP/1.1, content: CompositeByteBuf(ridx: 0, widx: 0, cap: 0, components=0))
GET http://localhost:9000/scripts/controllers/voucher-controller.js HTTP/1.1
Host: localhost:9000
Proxy-Connection: keep-alive
Accept: */*
User-Agent: Mozilla/5.0 (X11; Linux x86_64) AppleWebKit/537.36 (KHTML, like Gecko) Chrome/44.0.2403.130 Safari/537.36
Referer: http://localhost:9000/
Accept-Encoding: gzip, deflate, sdch
Accept-Language: en-GB,en-US;q=0.8,en;q=0.6
Content-Length: 0
11:39:51.133 [LittleProxy-ClientToProxyWorker-4] DEBUG o.l.p.impl.ClientToProxyConnection - (AWAITING_INITIAL) [id: 0x1e5765f0, /127.0.0.1:54148 => /127.0.1.1:45224]: Ensuring that hostAndPort are available in http://localhost:9000/scripts/controllers/voucher-controller.js
11:39:51.133 [LittleProxy-ClientToProxyWorker-4] DEBUG o.l.p.impl.ClientToProxyConnection - (AWAITING_INITIAL) [id: 0x1e5765f0, /127.0.0.1:54148 => /127.0.1.1:45224]: Finding ProxyToServerConnection for: localhost:9000
11:39:51.133 [LittleProxy-ClientToProxyWorker-4] DEBUG o.l.p.impl.ClientToProxyConnection - (AWAITING_INITIAL) [id: 0x1e5765f0, /127.0.0.1:54148 => /127.0.1.1:45224]: Reusing existing server connection: org.littleshoot.proxy.impl.ProxyToServerConnection@4d318448
11:39:51.133 [LittleProxy-ClientToProxyWorker-4] DEBUG o.l.p.impl.ClientToProxyConnection - (AWAITING_INITIAL) [id: 0x1e5765f0, /127.0.0.1:54148 => /127.0.1.1:45224]: Modifying request headers for proxying
11:39:51.133 [LittleProxy-ClientToProxyWorker-4] DEBUG o.l.p.impl.ClientToProxyConnection - (AWAITING_INITIAL) [id: 0x1e5765f0, /127.0.0.1:54148 => /127.0.1.1:45224]: Modifying request for proxy chaining
11:39:51.133 [LittleProxy-ClientToProxyWorker-4] DEBUG o.l.p.impl.ClientToProxyConnection - (AWAITING_INITIAL) [id: 0x1e5765f0, /127.0.0.1:54148 => /127.0.1.1:45224]: Stripped host from uri: http://localhost:9000/scripts/controllers/voucher-controller.js    yielding: /scripts/controllers/voucher-controller.js
11:39:51.133 [LittleProxy-ClientToProxyWorker-4] DEBUG o.l.p.impl.ClientToProxyConnection - (AWAITING_INITIAL) [id: 0x1e5765f0, /127.0.0.1:54148 => /127.0.1.1:45224]: Removed sdch and inserted: gzip, deflate, 
11:39:51.133 [LittleProxy-ClientToProxyWorker-4] DEBUG o.l.p.impl.ClientToProxyConnection - (AWAITING_INITIAL) [id: 0x1e5765f0, /127.0.0.1:54148 => /127.0.1.1:45224]: Writing request to ProxyToServerConnection
11:39:51.133 [LittleProxy-ClientToProxyWorker-4] DEBUG o.l.p.impl.ProxyToServerConnection - (AWAITING_INITIAL) [id: 0xb51d3331, /127.0.0.1:35284 => localhost/127.0.0.1:9000]: Requested write of HttpObjectAggregator$AggregatedFullHttpRequest(decodeResult: success, version: HTTP/1.1, content: CompositeByteBuf(ridx: 0, widx: 0, cap: 0, components=0))
GET /scripts/controllers/voucher-controller.js HTTP/1.1
Host: localhost:9000
Accept: */*
User-Agent: Mozilla/5.0 (X11; Linux x86_64) AppleWebKit/537.36 (KHTML, like Gecko) Chrome/44.0.2403.130 Safari/537.36
Referer: http://localhost:9000/
Accept-Language: en-GB,en-US;q=0.8,en;q=0.6
Content-Length: 0
Accept-Encoding: gzip, deflate, 
Via: 1.1 localhost.localdomain
11:39:51.133 [LittleProxy-ClientToProxyWorker-4] DEBUG o.l.p.impl.ProxyToServerConnection - (AWAITING_INITIAL) [id: 0xb51d3331, /127.0.0.1:35284 => localhost/127.0.0.1:9000]: Retaining reference counted message
11:39:51.133 [LittleProxy-ClientToProxyWorker-4] DEBUG o.l.p.impl.ProxyToServerConnection - (AWAITING_INITIAL) [id: 0xb51d3331, /127.0.0.1:35284 => localhost/127.0.0.1:9000]: Using existing connection to: localhost/127.0.0.1:9000
11:39:51.133 [LittleProxy-ClientToProxyWorker-4] DEBUG o.l.p.impl.ProxyToServerConnection - (AWAITING_INITIAL) [id: 0xb51d3331, /127.0.0.1:35284 => localhost/127.0.0.1:9000]: Writing: HttpObjectAggregator$AggregatedFullHttpRequest(decodeResult: success, version: HTTP/1.1, content: CompositeByteBuf(ridx: 0, widx: 0, cap: 0, components=0))
GET /scripts/controllers/voucher-controller.js HTTP/1.1
Host: localhost:9000
Accept: */*
User-Agent: Mozilla/5.0 (X11; Linux x86_64) AppleWebKit/537.36 (KHTML, like Gecko) Chrome/44.0.2403.130 Safari/537.36
Referer: http://localhost:9000/
Accept-Language: en-GB,en-US;q=0.8,en;q=0.6
Content-Length: 0
Accept-Encoding: gzip, deflate, 
Via: 1.1 localhost.localdomain
11:39:51.133 [LittleProxy-ClientToProxyWorker-4] DEBUG o.l.p.impl.ProxyToServerConnection - (AWAITING_INITIAL) [id: 0xb51d3331, /127.0.0.1:35284 => localhost/127.0.0.1:9000]: Writing an empty buffer to signal the end of our chunked transfer
11:39:51.133 [LittleProxy-ClientToProxyWorker-4] DEBUG o.l.p.impl.ProxyToServerConnection - (AWAITING_INITIAL) [id: 0xb51d3331, /127.0.0.1:35284 => localhost/127.0.0.1:9000]: Wrote: HttpObjectAggregator$AggregatedFullHttpRequest(decodeResult: success, version: HTTP/1.1, content: CompositeByteBuf(ridx: 0, widx: 0, cap: 0, components=0))
GET /scripts/controllers/voucher-controller.js HTTP/1.1
Host: localhost:9000
Accept: */*
User-Agent: Mozilla/5.0 (X11; Linux x86_64) AppleWebKit/537.36 (KHTML, like Gecko) Chrome/44.0.2403.130 Safari/537.36
Referer: http://localhost:9000/
Accept-Language: en-GB,en-US;q=0.8,en;q=0.6
Content-Length: 0
Accept-Encoding: gzip, deflate, 
Via: 1.1 localhost.localdomain
11:39:51.144 [LittleProxy-ProxyToServerWorker-3] DEBUG o.l.p.impl.ProxyToServerConnection - (AWAITING_INITIAL) [id: 0xceaab001, /127.0.0.1:35280 => localhost/127.0.0.1:9000]: Remembering the current request.
11:39:51.144 [LittleProxy-ProxyToServerWorker-3] DEBUG o.l.p.impl.ProxyToServerConnection - (AWAITING_INITIAL) [id: 0xceaab001, /127.0.0.1:35280 => localhost/127.0.0.1:9000]: Reading: DefaultHttpResponse(decodeResult: success, version: HTTP/1.1)
HTTP/1.1 200 OK
Accept-Ranges: bytes
Date: Tue, 08 Sep 2015 10:39:51 GMT
Cache-Control: public, max-age=0
Last-Modified: Wed, 27 May 2015 12:23:22 GMT
ETag: W/"tqvYS/2ndw46ubH++40YYw=="
Content-Type: application/javascript
Content-Length: 2349
Connection: keep-alive
11:39:51.144 [LittleProxy-ProxyToServerWorker-3] DEBUG o.l.p.impl.ProxyToServerConnection - (AWAITING_INITIAL) [id: 0xceaab001, /127.0.0.1:35280 => localhost/127.0.0.1:9000]: Received raw response: DefaultHttpResponse(decodeResult: success, version: HTTP/1.1)
HTTP/1.1 200 OK
Accept-Ranges: bytes
Date: Tue, 08 Sep 2015 10:39:51 GMT
Cache-Control: public, max-age=0
Last-Modified: Wed, 27 May 2015 12:23:22 GMT
ETag: W/"tqvYS/2ndw46ubH++40YYw=="
Content-Type: application/javascript
Content-Length: 2349
Connection: keep-alive
11:39:51.144 [LittleProxy-ProxyToServerWorker-3] DEBUG o.l.p.impl.ProxyToServerConnection - (AWAITING_INITIAL) [id: 0xceaab001, /127.0.0.1:35280 => localhost/127.0.0.1:9000]: Remembering the current response.
11:39:51.144 [LittleProxy-ProxyToServerWorker-3] DEBUG o.l.p.impl.ClientToProxyConnection - (AWAITING_INITIAL) [id: 0x16fa54b8, /127.0.0.1:54150 => /127.0.1.1:45224]: Writing: DefaultHttpResponse(decodeResult: success, version: HTTP/1.1)
HTTP/1.1 200 OK
Accept-Ranges: bytes
Date: Tue, 08 Sep 2015 10:39:51 GMT
Cache-Control: public, max-age=0
Last-Modified: Wed, 27 May 2015 12:23:22 GMT
ETag: W/"tqvYS/2ndw46ubH++40YYw=="
Content-Type: application/javascript
Content-Length: 2349
Via: 1.1 localhost.localdomain
11:39:51.144 [LittleProxy-ProxyToServerWorker-3] DEBUG o.l.p.impl.ClientToProxyConnection - (AWAITING_INITIAL) [id: 0x16fa54b8, /127.0.0.1:54150 => /127.0.1.1:45224]: Wrote: DefaultHttpResponse(decodeResult: success, version: HTTP/1.1)
HTTP/1.1 200 OK
Accept-Ranges: bytes
Date: Tue, 08 Sep 2015 10:39:51 GMT
Cache-Control: public, max-age=0
Last-Modified: Wed, 27 May 2015 12:23:22 GMT
ETag: W/"tqvYS/2ndw46ubH++40YYw=="
Content-Type: application/javascript
Content-Length: 2349
Via: 1.1 localhost.localdomain
11:39:51.144 [LittleProxy-ProxyToServerWorker-3] DEBUG o.l.p.impl.ClientToProxyConnection - (AWAITING_INITIAL) [id: 0x16fa54b8, /127.0.0.1:54150 => /127.0.1.1:45224]: Not closing server connection on middle chunk for /scripts/controllers/audit-history-controller.js
11:39:51.144 [LittleProxy-ProxyToServerWorker-3] DEBUG o.l.p.impl.ClientToProxyConnection - (AWAITING_INITIAL) [id: 0x16fa54b8, /127.0.0.1:54150 => /127.0.1.1:45224]: Not closing client connection on middle chunk for /scripts/controllers/audit-history-controller.js
11:39:51.147 [LittleProxy-ProxyToServerWorker-2] DEBUG o.l.p.impl.ProxyToServerConnection - (AWAITING_CHUNK) [id: 0x9953b61f, /127.0.0.1:35274 => localhost/127.0.0.1:9000]: Reading: DefaultLastHttpContent(data: SlicedByteBuf(ridx: 0, widx: 1318, cap: 1318/1318, unwrapped: UnpooledUnsafeDirectByteBuf(ridx: 1318, widx: 1318, cap: 32768)), decoderResult: success)
11:39:51.147 [LittleProxy-ProxyToServerWorker-2] DEBUG o.l.p.impl.ClientToProxyConnection - (AWAITING_INITIAL) [id: 0xe726451f, /127.0.0.1:54145 => /127.0.1.1:45224]: Retaining reference counted message
11:39:51.147 [LittleProxy-ProxyToServerWorker-2] DEBUG o.l.p.impl.ClientToProxyConnection - (AWAITING_INITIAL) [id: 0xe726451f, /127.0.0.1:54145 => /127.0.1.1:45224]: Writing: DefaultLastHttpContent(data: SlicedByteBuf(ridx: 0, widx: 1318, cap: 1318/1318, unwrapped: UnpooledUnsafeDirectByteBuf(ridx: 1318, widx: 1318, cap: 32768)), decoderResult: success)
11:39:51.147 [LittleProxy-ProxyToServerWorker-2] DEBUG o.l.p.impl.ClientToProxyConnection - (AWAITING_INITIAL) [id: 0xe726451f, /127.0.0.1:54145 => /127.0.1.1:45224]: Writing an empty buffer to signal the end of our chunked transfer
11:39:51.147 [LittleProxy-ProxyToServerWorker-2] DEBUG o.l.p.impl.ClientToProxyConnection - (AWAITING_INITIAL) [id: 0xe726451f, /127.0.0.1:54145 => /127.0.1.1:45224]: Wrote: DefaultLastHttpContent(data: SlicedByteBuf(ridx: 0, widx: 1318, cap: 1318/1318, unwrapped: UnpooledUnsafeDirectByteBuf(ridx: 1318, widx: 1318, cap: 32768)), decoderResult: success)
11:39:51.147 [LittleProxy-ProxyToServerWorker-2] DEBUG o.l.p.impl.ClientToProxyConnection - (AWAITING_INITIAL) [id: 0xe726451f, /127.0.0.1:54145 => /127.0.1.1:45224]: Retaining reference counted message
11:39:51.147 [LittleProxy-ProxyToServerWorker-2] DEBUG o.l.p.impl.ClientToProxyConnection - (AWAITING_INITIAL) [id: 0xe726451f, /127.0.0.1:54145 => /127.0.1.1:45224]: Writing: EmptyByteBufBE
11:39:51.147 [LittleProxy-ProxyToServerWorker-2] DEBUG o.l.p.impl.ClientToProxyConnection - (AWAITING_INITIAL) [id: 0xe726451f, /127.0.0.1:54145 => /127.0.1.1:45224]: Wrote: EmptyByteBufBE
11:39:51.147 [LittleProxy-ProxyToServerWorker-2] DEBUG o.l.p.impl.ClientToProxyConnection - (AWAITING_INITIAL) [id: 0xe726451f, /127.0.0.1:54145 => /127.0.1.1:45224]: Handling last chunk. Using normal server connection closing rules.
11:39:51.147 [LittleProxy-ProxyToServerWorker-2] DEBUG o.l.p.impl.ClientToProxyConnection - (AWAITING_INITIAL) [id: 0xe726451f, /127.0.0.1:54145 => /127.0.1.1:45224]: Not closing server connection for response: DefaultHttpResponse(decodeResult: success, version: HTTP/1.1)
HTTP/1.1 200 OK
Accept-Ranges: bytes
Date: Tue, 08 Sep 2015 10:39:51 GMT
Cache-Control: public, max-age=0
Last-Modified: Wed, 27 May 2015 12:23:22 GMT
ETag: W/"jh+jlqtRSgGVMbGOShWRpQ=="
Content-Type: application/javascript
Content-Length: 1318
Connection: keep-alive
11:39:51.147 [LittleProxy-ProxyToServerWorker-2] DEBUG o.l.p.impl.ClientToProxyConnection - (AWAITING_INITIAL) [id: 0xe726451f, /127.0.0.1:54145 => /127.0.1.1:45224]: Handling last chunk. Using normal client connection closing rules.
11:39:51.148 [LittleProxy-ProxyToServerWorker-2] DEBUG o.l.p.impl.ClientToProxyConnection - (AWAITING_INITIAL) [id: 0xe726451f, /127.0.0.1:54145 => /127.0.1.1:45224]: Not closing client connection for request: [FAILED toString()]
11:39:51.148 [LittleProxy-ClientToProxyWorker-2] DEBUG o.l.p.impl.ClientToProxyConnection - (AWAITING_INITIAL) [id: 0xe726451f, /127.0.0.1:54145 => /127.0.1.1:45224]: Reading: HttpObjectAggregator$AggregatedFullHttpRequest(decodeResult: success, version: HTTP/1.1, content: CompositeByteBuf(ridx: 0, widx: 0, cap: 0, components=0))
GET http://localhost:9000/scripts/controllers/account-controller.js HTTP/1.1
Host: localhost:9000
Proxy-Connection: keep-alive
Accept: */*
User-Agent: Mozilla/5.0 (X11; Linux x86_64) AppleWebKit/537.36 (KHTML, like Gecko) Chrome/44.0.2403.130 Safari/537.36
Referer: http://localhost:9000/
Accept-Encoding: gzip, deflate, sdch
Accept-Language: en-GB,en-US;q=0.8,en;q=0.6
Content-Length: 0
11:39:51.148 [LittleProxy-ClientToProxyWorker-2] DEBUG o.l.p.impl.ClientToProxyConnection - (AWAITING_INITIAL) [id: 0xe726451f, /127.0.0.1:54145 => /127.0.1.1:45224]: Got request: HttpObjectAggregator$AggregatedFullHttpRequest(decodeResult: success, version: HTTP/1.1, content: CompositeByteBuf(ridx: 0, widx: 0, cap: 0, components=0))
GET http://localhost:9000/scripts/controllers/account-controller.js HTTP/1.1
Host: localhost:9000
Proxy-Connection: keep-alive
Accept: */*
User-Agent: Mozilla/5.0 (X11; Linux x86_64) AppleWebKit/537.36 (KHTML, like Gecko) Chrome/44.0.2403.130 Safari/537.36
Referer: http://localhost:9000/
Accept-Encoding: gzip, deflate, sdch
Accept-Language: en-GB,en-US;q=0.8,en;q=0.6
Content-Length: 0
11:39:51.149 [LittleProxy-ClientToProxyWorker-2] DEBUG o.l.p.impl.ClientToProxyConnection - (AWAITING_INITIAL) [id: 0xe726451f, /127.0.0.1:54145 => /127.0.1.1:45224]: Ensuring that hostAndPort are available in http://localhost:9000/scripts/controllers/account-controller.js
11:39:51.149 [LittleProxy-ClientToProxyWorker-2] DEBUG o.l.p.impl.ClientToProxyConnection - (AWAITING_INITIAL) [id: 0xe726451f, /127.0.0.1:54145 => /127.0.1.1:45224]: Finding ProxyToServerConnection for: localhost:9000
11:39:51.149 [LittleProxy-ClientToProxyWorker-2] DEBUG o.l.p.impl.ClientToProxyConnection - (AWAITING_INITIAL) [id: 0xe726451f, /127.0.0.1:54145 => /127.0.1.1:45224]: Reusing existing server connection: org.littleshoot.proxy.impl.ProxyToServerConnection@210dcfa0
11:39:51.149 [LittleProxy-ClientToProxyWorker-2] DEBUG o.l.p.impl.ClientToProxyConnection - (AWAITING_INITIAL) [id: 0xe726451f, /127.0.0.1:54145 => /127.0.1.1:45224]: Modifying request headers for proxying
11:39:51.149 [LittleProxy-ClientToProxyWorker-2] DEBUG o.l.p.impl.ClientToProxyConnection - (AWAITING_INITIAL) [id: 0xe726451f, /127.0.0.1:54145 => /127.0.1.1:45224]: Modifying request for proxy chaining
11:39:51.149 [LittleProxy-ClientToProxyWorker-2] DEBUG o.l.p.impl.ClientToProxyConnection - (AWAITING_INITIAL) [id: 0xe726451f, /127.0.0.1:54145 => /127.0.1.1:45224]: Stripped host from uri: http://localhost:9000/scripts/controllers/account-controller.js    yielding: /scripts/controllers/account-controller.js
11:39:51.149 [LittleProxy-ClientToProxyWorker-2] DEBUG o.l.p.impl.ClientToProxyConnection - (AWAITING_INITIAL) [id: 0xe726451f, /127.0.0.1:54145 => /127.0.1.1:45224]: Removed sdch and inserted: gzip, deflate, 
11:39:51.149 [LittleProxy-ClientToProxyWorker-2] DEBUG o.l.p.impl.ClientToProxyConnection - (AWAITING_INITIAL) [id: 0xe726451f, /127.0.0.1:54145 => /127.0.1.1:45224]: Writing request to ProxyToServerConnection
11:39:51.149 [LittleProxy-ClientToProxyWorker-2] DEBUG o.l.p.impl.ProxyToServerConnection - (AWAITING_INITIAL) [id: 0x9953b61f, /127.0.0.1:35274 => localhost/127.0.0.1:9000]: Requested write of HttpObjectAggregator$AggregatedFullHttpRequest(decodeResult: success, version: HTTP/1.1, content: CompositeByteBuf(ridx: 0, widx: 0, cap: 0, components=0))
GET /scripts/controllers/account-controller.js HTTP/1.1
Host: localhost:9000
Accept: */*
User-Agent: Mozilla/5.0 (X11; Linux x86_64) AppleWebKit/537.36 (KHTML, like Gecko) Chrome/44.0.2403.130 Safari/537.36
Referer: http://localhost:9000/
Accept-Language: en-GB,en-US;q=0.8,en;q=0.6
Content-Length: 0
Accept-Encoding: gzip, deflate, 
Via: 1.1 localhost.localdomain
11:39:51.149 [LittleProxy-ClientToProxyWorker-2] DEBUG o.l.p.impl.ProxyToServerConnection - (AWAITING_INITIAL) [id: 0x9953b61f, /127.0.0.1:35274 => localhost/127.0.0.1:9000]: Retaining reference counted message
11:39:51.149 [LittleProxy-ClientToProxyWorker-2] DEBUG o.l.p.impl.ProxyToServerConnection - (AWAITING_INITIAL) [id: 0x9953b61f, /127.0.0.1:35274 => localhost/127.0.0.1:9000]: Using existing connection to: localhost/127.0.0.1:9000
11:39:51.149 [LittleProxy-ClientToProxyWorker-2] DEBUG o.l.p.impl.ProxyToServerConnection - (AWAITING_INITIAL) [id: 0x9953b61f, /127.0.0.1:35274 => localhost/127.0.0.1:9000]: Writing: HttpObjectAggregator$AggregatedFullHttpRequest(decodeResult: success, version: HTTP/1.1, content: CompositeByteBuf(ridx: 0, widx: 0, cap: 0, components=0))
GET /scripts/controllers/account-controller.js HTTP/1.1
Host: localhost:9000
Accept: */*
User-Agent: Mozilla/5.0 (X11; Linux x86_64) AppleWebKit/537.36 (KHTML, like Gecko) Chrome/44.0.2403.130 Safari/537.36
Referer: http://localhost:9000/
Accept-Language: en-GB,en-US;q=0.8,en;q=0.6
Content-Length: 0
Accept-Encoding: gzip, deflate, 
Via: 1.1 localhost.localdomain
11:39:51.149 [LittleProxy-ClientToProxyWorker-2] DEBUG o.l.p.impl.ProxyToServerConnection - (AWAITING_INITIAL) [id: 0x9953b61f, /127.0.0.1:35274 => localhost/127.0.0.1:9000]: Writing an empty buffer to signal the end of our chunked transfer
11:39:51.149 [LittleProxy-ClientToProxyWorker-2] DEBUG o.l.p.impl.ProxyToServerConnection - (AWAITING_INITIAL) [id: 0x9953b61f, /127.0.0.1:35274 => localhost/127.0.0.1:9000]: Wrote: HttpObjectAggregator$AggregatedFullHttpRequest(decodeResult: success, version: HTTP/1.1, content: CompositeByteBuf(ridx: 0, widx: 0, cap: 0, components=0))
GET /scripts/controllers/account-controller.js HTTP/1.1
Host: localhost:9000
Accept: */*
User-Agent: Mozilla/5.0 (X11; Linux x86_64) AppleWebKit/537.36 (KHTML, like Gecko) Chrome/44.0.2403.130 Safari/537.36
Referer: http://localhost:9000/
Accept-Language: en-GB,en-US;q=0.8,en;q=0.6
Content-Length: 0
Accept-Encoding: gzip, deflate, 
Via: 1.1 localhost.localdomain
11:39:51.151 [LittleProxy-ProxyToServerWorker-2] DEBUG o.l.p.impl.ProxyToServerConnection - (AWAITING_INITIAL) [id: 0x9953b61f, /127.0.0.1:35274 => localhost/127.0.0.1:9000]: Remembering the current request.
11:39:51.151 [LittleProxy-ProxyToServerWorker-2] DEBUG o.l.p.impl.ProxyToServerConnection - (AWAITING_INITIAL) [id: 0x9953b61f, /127.0.0.1:35274 => localhost/127.0.0.1:9000]: Reading: DefaultHttpResponse(decodeResult: success, version: HTTP/1.1)
HTTP/1.1 200 OK
Accept-Ranges: bytes
Date: Tue, 08 Sep 2015 10:39:51 GMT
Cache-Control: public, max-age=0
Last-Modified: Wed, 01 Jul 2015 10:59:45 GMT
ETag: W/"cORxPR0HYR8OcwR9khD0nA=="
Content-Type: application/javascript
Content-Length: 1855
Connection: keep-alive
11:39:51.151 [LittleProxy-ProxyToServerWorker-2] DEBUG o.l.p.impl.ProxyToServerConnection - (AWAITING_INITIAL) [id: 0x9953b61f, /127.0.0.1:35274 => localhost/127.0.0.1:9000]: Received raw response: DefaultHttpResponse(decodeResult: success, version: HTTP/1.1)
HTTP/1.1 200 OK
Accept-Ranges: bytes
Date: Tue, 08 Sep 2015 10:39:51 GMT
Cache-Control: public, max-age=0
Last-Modified: Wed, 01 Jul 2015 10:59:45 GMT
ETag: W/"cORxPR0HYR8OcwR9khD0nA=="
Content-Type: application/javascript
Content-Length: 1855
Connection: keep-alive
11:39:51.151 [LittleProxy-ProxyToServerWorker-2] DEBUG o.l.p.impl.ProxyToServerConnection - (AWAITING_INITIAL) [id: 0x9953b61f, /127.0.0.1:35274 => localhost/127.0.0.1:9000]: Remembering the current response.
11:39:51.151 [LittleProxy-ProxyToServerWorker-5] DEBUG o.l.p.impl.ProxyToServerConnection - (AWAITING_CHUNK) [id: 0x97bd59d1, /127.0.0.1:35281 => localhost/127.0.0.1:9000]: Reading: DefaultLastHttpContent(data: SlicedByteBuf(ridx: 0, widx: 559, cap: 559/559, unwrapped: UnpooledUnsafeDirectByteBuf(ridx: 559, widx: 559, cap: 32768)), decoderResult: success)
11:39:51.151 [LittleProxy-ProxyToServerWorker-5] DEBUG o.l.p.impl.ClientToProxyConnection - (AWAITING_INITIAL) [id: 0xa74abe3b, /127.0.0.1:54151 => /127.0.1.1:45224]: Retaining reference counted message
11:39:51.151 [LittleProxy-ProxyToServerWorker-2] DEBUG o.l.p.impl.ClientToProxyConnection - (AWAITING_INITIAL) [id: 0xe726451f, /127.0.0.1:54145 => /127.0.1.1:45224]: Writing: DefaultHttpResponse(decodeResult: success, version: HTTP/1.1)
HTTP/1.1 200 OK
Accept-Ranges: bytes
Date: Tue, 08 Sep 2015 10:39:51 GMT
Cache-Control: public, max-age=0
Last-Modified: Wed, 01 Jul 2015 10:59:45 GMT
ETag: W/"cORxPR0HYR8OcwR9khD0nA=="
Content-Type: application/javascript
Content-Length: 1855
Via: 1.1 localhost.localdomain
11:39:51.151 [LittleProxy-ProxyToServerWorker-5] DEBUG o.l.p.impl.ClientToProxyConnection - (AWAITING_INITIAL) [id: 0xa74abe3b, /127.0.0.1:54151 => /127.0.1.1:45224]: Writing: DefaultLastHttpContent(data: SlicedByteBuf(ridx: 0, widx: 559, cap: 559/559, unwrapped: UnpooledUnsafeDirectByteBuf(ridx: 559, widx: 559, cap: 32768)), decoderResult: success)
11:39:51.151 [LittleProxy-ProxyToServerWorker-2] DEBUG o.l.p.impl.ClientToProxyConnection - (AWAITING_INITIAL) [id: 0xe726451f, /127.0.0.1:54145 => /127.0.1.1:45224]: Wrote: DefaultHttpResponse(decodeResult: success, version: HTTP/1.1)
HTTP/1.1 200 OK
Accept-Ranges: bytes
Date: Tue, 08 Sep 2015 10:39:51 GMT
Cache-Control: public, max-age=0
Last-Modified: Wed, 01 Jul 2015 10:59:45 GMT
ETag: W/"cORxPR0HYR8OcwR9khD0nA=="
Content-Type: application/javascript
Content-Length: 1855
Via: 1.1 localhost.localdomain
11:39:51.151 [LittleProxy-ProxyToServerWorker-5] DEBUG o.l.p.impl.ClientToProxyConnection - (AWAITING_INITIAL) [id: 0xa74abe3b, /127.0.0.1:54151 => /127.0.1.1:45224]: Writing an empty buffer to signal the end of our chunked transfer
11:39:51.151 [LittleProxy-ProxyToServerWorker-2] DEBUG o.l.p.impl.ClientToProxyConnection - (AWAITING_INITIAL) [id: 0xe726451f, /127.0.0.1:54145 => /127.0.1.1:45224]: Not closing server connection on middle chunk for /scripts/controllers/account-controller.js
11:39:51.151 [LittleProxy-ProxyToServerWorker-2] DEBUG o.l.p.impl.ClientToProxyConnection - (AWAITING_INITIAL) [id: 0xe726451f, /127.0.0.1:54145 => /127.0.1.1:45224]: Not closing client connection on middle chunk for /scripts/controllers/account-controller.js
11:39:51.151 [LittleProxy-ProxyToServerWorker-5] DEBUG o.l.p.impl.ClientToProxyConnection - (AWAITING_INITIAL) [id: 0xa74abe3b, /127.0.0.1:54151 => /127.0.1.1:45224]: Wrote: DefaultLastHttpContent(data: SlicedByteBuf(ridx: 0, widx: 559, cap: 559/559, unwrapped: UnpooledUnsafeDirectByteBuf(ridx: 559, widx: 559, cap: 32768)), decoderResult: success)
11:39:51.151 [LittleProxy-ProxyToServerWorker-5] DEBUG o.l.p.impl.ClientToProxyConnection - (AWAITING_INITIAL) [id: 0xa74abe3b, /127.0.0.1:54151 => /127.0.1.1:45224]: Retaining reference counted message
11:39:51.151 [LittleProxy-ProxyToServerWorker-5] DEBUG o.l.p.impl.ClientToProxyConnection - (AWAITING_INITIAL) [id: 0xa74abe3b, /127.0.0.1:54151 => /127.0.1.1:45224]: Writing: EmptyByteBufBE
11:39:51.151 [LittleProxy-ProxyToServerWorker-5] DEBUG o.l.p.impl.ClientToProxyConnection - (AWAITING_INITIAL) [id: 0xa74abe3b, /127.0.0.1:54151 => /127.0.1.1:45224]: Wrote: EmptyByteBufBE
11:39:51.151 [LittleProxy-ProxyToServerWorker-5] DEBUG o.l.p.impl.ClientToProxyConnection - (AWAITING_INITIAL) [id: 0xa74abe3b, /127.0.0.1:54151 => /127.0.1.1:45224]: Handling last chunk. Using normal server connection closing rules.
11:39:51.151 [LittleProxy-ProxyToServerWorker-5] DEBUG o.l.p.impl.ClientToProxyConnection - (AWAITING_INITIAL) [id: 0xa74abe3b, /127.0.0.1:54151 => /127.0.1.1:45224]: Not closing server connection for response: DefaultHttpResponse(decodeResult: success, version: HTTP/1.1)
HTTP/1.1 200 OK
Accept-Ranges: bytes
Date: Tue, 08 Sep 2015 10:39:51 GMT
Cache-Control: public, max-age=0
Last-Modified: Mon, 06 Jul 2015 17:22:12 GMT
ETag: W/"eup0CzLbXSq0lkge5z02UA=="
Content-Type: application/javascript
Content-Length: 559
Connection: keep-alive
11:39:51.151 [LittleProxy-ProxyToServerWorker-5] DEBUG o.l.p.impl.ClientToProxyConnection - (AWAITING_INITIAL) [id: 0xa74abe3b, /127.0.0.1:54151 => /127.0.1.1:45224]: Handling last chunk. Using normal client connection closing rules.
11:39:51.151 [LittleProxy-ProxyToServerWorker-5] DEBUG o.l.p.impl.ClientToProxyConnection - (AWAITING_INITIAL) [id: 0xa74abe3b, /127.0.0.1:54151 => /127.0.1.1:45224]: Not closing client connection for request: [FAILED toString()]
11:39:51.152 [LittleProxy-ProxyToServerWorker-4] DEBUG o.l.p.impl.ProxyToServerConnection - (AWAITING_INITIAL) [id: 0xb51d3331, /127.0.0.1:35284 => localhost/127.0.0.1:9000]: Remembering the current request.
11:39:51.152 [LittleProxy-ProxyToServerWorker-4] DEBUG o.l.p.impl.ProxyToServerConnection - (AWAITING_INITIAL) [id: 0xb51d3331, /127.0.0.1:35284 => localhost/127.0.0.1:9000]: Reading: DefaultHttpResponse(decodeResult: success, version: HTTP/1.1)
HTTP/1.1 200 OK
Accept-Ranges: bytes
Date: Tue, 08 Sep 2015 10:39:51 GMT
Cache-Control: public, max-age=0
Last-Modified: Wed, 01 Jul 2015 10:59:45 GMT
ETag: W/"4+xUnFwD4aGYS/lctm5QpA=="
Content-Type: application/javascript
Content-Length: 3193
Connection: keep-alive
11:39:51.152 [LittleProxy-ProxyToServerWorker-4] DEBUG o.l.p.impl.ProxyToServerConnection - (AWAITING_INITIAL) [id: 0xb51d3331, /127.0.0.1:35284 => localhost/127.0.0.1:9000]: Received raw response: DefaultHttpResponse(decodeResult: success, version: HTTP/1.1)
HTTP/1.1 200 OK
Accept-Ranges: bytes
Date: Tue, 08 Sep 2015 10:39:51 GMT
Cache-Control: public, max-age=0
Last-Modified: Wed, 01 Jul 2015 10:59:45 GMT
ETag: W/"4+xUnFwD4aGYS/lctm5QpA=="
Content-Type: application/javascript
Content-Length: 3193
Connection: keep-alive
11:39:51.152 [LittleProxy-ProxyToServerWorker-4] DEBUG o.l.p.impl.ProxyToServerConnection - (AWAITING_INITIAL) [id: 0xb51d3331, /127.0.0.1:35284 => localhost/127.0.0.1:9000]: Remembering the current response.
11:39:51.152 [LittleProxy-ProxyToServerWorker-4] DEBUG o.l.p.impl.ClientToProxyConnection - (AWAITING_INITIAL) [id: 0x1e5765f0, /127.0.0.1:54148 => /127.0.1.1:45224]: Writing: DefaultHttpResponse(decodeResult: success, version: HTTP/1.1)
HTTP/1.1 200 OK
Accept-Ranges: bytes
Date: Tue, 08 Sep 2015 10:39:51 GMT
Cache-Control: public, max-age=0
Last-Modified: Wed, 01 Jul 2015 10:59:45 GMT
ETag: W/"4+xUnFwD4aGYS/lctm5QpA=="
Content-Type: application/javascript
Content-Length: 3193
Via: 1.1 localhost.localdomain
11:39:51.152 [LittleProxy-ClientToProxyWorker-7] DEBUG o.l.p.impl.ClientToProxyConnection - (AWAITING_INITIAL) [id: 0xa74abe3b, /127.0.0.1:54151 => /127.0.1.1:45224]: Reading: HttpObjectAggregator$AggregatedFullHttpRequest(decodeResult: success, version: HTTP/1.1, content: CompositeByteBuf(ridx: 0, widx: 0, cap: 0, components=0))
GET http://localhost:9000/scripts/controllers/campaign-list-controller.js HTTP/1.1
Host: localhost:9000
Proxy-Connection: keep-alive
Accept: */*
User-Agent: Mozilla/5.0 (X11; Linux x86_64) AppleWebKit/537.36 (KHTML, like Gecko) Chrome/44.0.2403.130 Safari/537.36
Referer: http://localhost:9000/
Accept-Encoding: gzip, deflate, sdch
Accept-Language: en-GB,en-US;q=0.8,en;q=0.6
Content-Length: 0
11:39:51.152 [LittleProxy-ProxyToServerWorker-4] DEBUG o.l.p.impl.ClientToProxyConnection - (AWAITING_INITIAL) [id: 0x1e5765f0, /127.0.0.1:54148 => /127.0.1.1:45224]: Wrote: DefaultHttpResponse(decodeResult: success, version: HTTP/1.1)
HTTP/1.1 200 OK
Accept-Ranges: bytes
Date: Tue, 08 Sep 2015 10:39:51 GMT
Cache-Control: public, max-age=0
Last-Modified: Wed, 01 Jul 2015 10:59:45 GMT
ETag: W/"4+xUnFwD4aGYS/lctm5QpA=="
Content-Type: application/javascript
Content-Length: 3193
Via: 1.1 localhost.localdomain
11:39:51.152 [LittleProxy-ClientToProxyWorker-7] DEBUG o.l.p.impl.ClientToProxyConnection - (AWAITING_INITIAL) [id: 0xa74abe3b, /127.0.0.1:54151 => /127.0.1.1:45224]: Got request: HttpObjectAggregator$AggregatedFullHttpRequest(decodeResult: success, version: HTTP/1.1, content: CompositeByteBuf(ridx: 0, widx: 0, cap: 0, components=0))
GET http://localhost:9000/scripts/controllers/campaign-list-controller.js HTTP/1.1
Host: localhost:9000
Proxy-Connection: keep-alive
Accept: */*
User-Agent: Mozilla/5.0 (X11; Linux x86_64) AppleWebKit/537.36 (KHTML, like Gecko) Chrome/44.0.2403.130 Safari/537.36
Referer: http://localhost:9000/
Accept-Encoding: gzip, deflate, sdch
Accept-Language: en-GB,en-US;q=0.8,en;q=0.6
Content-Length: 0
11:39:51.152 [LittleProxy-ProxyToServerWorker-4] DEBUG o.l.p.impl.ClientToProxyConnection - (AWAITING_INITIAL) [id: 0x1e5765f0, /127.0.0.1:54148 => /127.0.1.1:45224]: Not closing server connection on middle chunk for /scripts/controllers/voucher-controller.js
11:39:51.152 [LittleProxy-ProxyToServerWorker-4] DEBUG o.l.p.impl.ClientToProxyConnection - (AWAITING_INITIAL) [id: 0x1e5765f0, /127.0.0.1:54148 => /127.0.1.1:45224]: Not closing client connection on middle chunk for /scripts/controllers/voucher-controller.js
11:39:51.152 [LittleProxy-ClientToProxyWorker-7] DEBUG o.l.p.impl.ClientToProxyConnection - (AWAITING_INITIAL) [id: 0xa74abe3b, /127.0.0.1:54151 => /127.0.1.1:45224]: Ensuring that hostAndPort are available in http://localhost:9000/scripts/controllers/campaign-list-controller.js
11:39:51.152 [LittleProxy-ClientToProxyWorker-7] DEBUG o.l.p.impl.ClientToProxyConnection - (AWAITING_INITIAL) [id: 0xa74abe3b, /127.0.0.1:54151 => /127.0.1.1:45224]: Finding ProxyToServerConnection for: localhost:9000
11:39:51.152 [LittleProxy-ClientToProxyWorker-7] DEBUG o.l.p.impl.ClientToProxyConnection - (AWAITING_INITIAL) [id: 0xa74abe3b, /127.0.0.1:54151 => /127.0.1.1:45224]: Reusing existing server connection: org.littleshoot.proxy.impl.ProxyToServerConnection@55df2407
11:39:51.152 [LittleProxy-ClientToProxyWorker-7] DEBUG o.l.p.impl.ClientToProxyConnection - (AWAITING_INITIAL) [id: 0xa74abe3b, /127.0.0.1:54151 => /127.0.1.1:45224]: Modifying request headers for proxying
11:39:51.152 [LittleProxy-ClientToProxyWorker-7] DEBUG o.l.p.impl.ClientToProxyConnection - (AWAITING_INITIAL) [id: 0xa74abe3b, /127.0.0.1:54151 => /127.0.1.1:45224]: Modifying request for proxy chaining
11:39:51.152 [LittleProxy-ClientToProxyWorker-7] DEBUG o.l.p.impl.ClientToProxyConnection - (AWAITING_INITIAL) [id: 0xa74abe3b, /127.0.0.1:54151 => /127.0.1.1:45224]: Stripped host from uri: http://localhost:9000/scripts/controllers/campaign-list-controller.js    yielding: /scripts/controllers/campaign-list-controller.js
11:39:51.153 [LittleProxy-ClientToProxyWorker-7] DEBUG o.l.p.impl.ClientToProxyConnection - (AWAITING_INITIAL) [id: 0xa74abe3b, /127.0.0.1:54151 => /127.0.1.1:45224]: Removed sdch and inserted: gzip, deflate, 
11:39:51.153 [LittleProxy-ClientToProxyWorker-7] DEBUG o.l.p.impl.ClientToProxyConnection - (AWAITING_INITIAL) [id: 0xa74abe3b, /127.0.0.1:54151 => /127.0.1.1:45224]: Writing request to ProxyToServerConnection
11:39:51.153 [LittleProxy-ClientToProxyWorker-7] DEBUG o.l.p.impl.ProxyToServerConnection - (AWAITING_INITIAL) [id: 0x97bd59d1, /127.0.0.1:35281 => localhost/127.0.0.1:9000]: Requested write of HttpObjectAggregator$AggregatedFullHttpRequest(decodeResult: success, version: HTTP/1.1, content: CompositeByteBuf(ridx: 0, widx: 0, cap: 0, components=0))
GET /scripts/controllers/campaign-list-controller.js HTTP/1.1
Host: localhost:9000
Accept: */*
User-Agent: Mozilla/5.0 (X11; Linux x86_64) AppleWebKit/537.36 (KHTML, like Gecko) Chrome/44.0.2403.130 Safari/537.36
Referer: http://localhost:9000/
Accept-Language: en-GB,en-US;q=0.8,en;q=0.6
Content-Length: 0
Accept-Encoding: gzip, deflate, 
Via: 1.1 localhost.localdomain
11:39:51.153 [LittleProxy-ClientToProxyWorker-7] DEBUG o.l.p.impl.ProxyToServerConnection - (AWAITING_INITIAL) [id: 0x97bd59d1, /127.0.0.1:35281 => localhost/127.0.0.1:9000]: Retaining reference counted message
11:39:51.153 [LittleProxy-ClientToProxyWorker-7] DEBUG o.l.p.impl.ProxyToServerConnection - (AWAITING_INITIAL) [id: 0x97bd59d1, /127.0.0.1:35281 => localhost/127.0.0.1:9000]: Using existing connection to: localhost/127.0.0.1:9000
11:39:51.153 [LittleProxy-ClientToProxyWorker-7] DEBUG o.l.p.impl.ProxyToServerConnection - (AWAITING_INITIAL) [id: 0x97bd59d1, /127.0.0.1:35281 => localhost/127.0.0.1:9000]: Writing: HttpObjectAggregator$AggregatedFullHttpRequest(decodeResult: success, version: HTTP/1.1, content: CompositeByteBuf(ridx: 0, widx: 0, cap: 0, components=0))
GET /scripts/controllers/campaign-list-controller.js HTTP/1.1
Host: localhost:9000
Accept: */*
User-Agent: Mozilla/5.0 (X11; Linux x86_64) AppleWebKit/537.36 (KHTML, like Gecko) Chrome/44.0.2403.130 Safari/537.36
Referer: http://localhost:9000/
Accept-Language: en-GB,en-US;q=0.8,en;q=0.6
Content-Length: 0
Accept-Encoding: gzip, deflate, 
Via: 1.1 localhost.localdomain
11:39:51.153 [LittleProxy-ClientToProxyWorker-7] DEBUG o.l.p.impl.ProxyToServerConnection - (AWAITING_INITIAL) [id: 0x97bd59d1, /127.0.0.1:35281 => localhost/127.0.0.1:9000]: Writing an empty buffer to signal the end of our chunked transfer
11:39:51.153 [LittleProxy-ClientToProxyWorker-7] DEBUG o.l.p.impl.ProxyToServerConnection - (AWAITING_INITIAL) [id: 0x97bd59d1, /127.0.0.1:35281 => localhost/127.0.0.1:9000]: Wrote: HttpObjectAggregator$AggregatedFullHttpRequest(decodeResult: success, version: HTTP/1.1, content: CompositeByteBuf(ridx: 0, widx: 0, cap: 0, components=0))
GET /scripts/controllers/campaign-list-controller.js HTTP/1.1
Host: localhost:9000
Accept: */*
User-Agent: Mozilla/5.0 (X11; Linux x86_64) AppleWebKit/537.36 (KHTML, like Gecko) Chrome/44.0.2403.130 Safari/537.36
Referer: http://localhost:9000/
Accept-Language: en-GB,en-US;q=0.8,en;q=0.6
Content-Length: 0
Accept-Encoding: gzip, deflate, 
Via: 1.1 localhost.localdomain
11:39:51.155 [LittleProxy-ProxyToServerWorker-7] DEBUG o.l.p.impl.ProxyToServerConnection - (AWAITING_CHUNK) [id: 0x700df78a, /127.0.0.1:35283 => localhost/127.0.0.1:9000]: Reading: DefaultHttpContent(data: SlicedByteBuf(ridx: 0, widx: 8192, cap: 8192/8192, unwrapped: UnpooledUnsafeDirectByteBuf(ridx: 8192, widx: 8192, cap: 8192)), decoderResult: success)
11:39:51.155 [LittleProxy-ProxyToServerWorker-7] DEBUG o.l.p.impl.ClientToProxyConnection - (AWAITING_INITIAL) [id: 0x4dc93f85, /127.0.0.1:54147 => /127.0.1.1:45224]: Retaining reference counted message
11:39:51.155 [LittleProxy-ProxyToServerWorker-7] DEBUG o.l.p.impl.ClientToProxyConnection - (AWAITING_INITIAL) [id: 0x4dc93f85, /127.0.0.1:54147 => /127.0.1.1:45224]: Writing: DefaultHttpContent(data: SlicedByteBuf(ridx: 0, widx: 8192, cap: 8192/8192, unwrapped: UnpooledUnsafeDirectByteBuf(ridx: 8192, widx: 8192, cap: 8192)), decoderResult: success)
11:39:51.155 [LittleProxy-ProxyToServerWorker-7] DEBUG o.l.p.impl.ClientToProxyConnection - (AWAITING_INITIAL) [id: 0x4dc93f85, /127.0.0.1:54147 => /127.0.1.1:45224]: Wrote: DefaultHttpContent(data: SlicedByteBuf(ridx: 0, widx: 8192, cap: 8192/8192, unwrapped: UnpooledUnsafeDirectByteBuf(ridx: 8192, widx: 8192, cap: 8192)), decoderResult: success)
11:39:51.155 [LittleProxy-ProxyToServerWorker-7] DEBUG o.l.p.impl.ClientToProxyConnection - (AWAITING_INITIAL) [id: 0x4dc93f85, /127.0.0.1:54147 => /127.0.1.1:45224]: Not closing server connection on middle chunk for /scripts/controllers/campaign-controller.js
11:39:51.155 [LittleProxy-ProxyToServerWorker-7] DEBUG o.l.p.impl.ClientToProxyConnection - (AWAITING_INITIAL) [id: 0x4dc93f85, /127.0.0.1:54147 => /127.0.1.1:45224]: Not closing client connection on middle chunk for /scripts/controllers/campaign-controller.js
11:39:51.155 [LittleProxy-ProxyToServerWorker-7] DEBUG o.l.p.impl.ProxyToServerConnection - (AWAITING_CHUNK) [id: 0x700df78a, /127.0.0.1:35283 => localhost/127.0.0.1:9000]: Reading: DefaultLastHttpContent(data: SlicedByteBuf(ridx: 0, widx: 6512, cap: 6512/6512, unwrapped: UnpooledUnsafeDirectByteBuf(ridx: 6512, widx: 6512, cap: 8192)), decoderResult: success)
11:39:51.155 [LittleProxy-ProxyToServerWorker-7] DEBUG o.l.p.impl.ClientToProxyConnection - (AWAITING_INITIAL) [id: 0x4dc93f85, /127.0.0.1:54147 => /127.0.1.1:45224]: Retaining reference counted message
11:39:51.155 [LittleProxy-ProxyToServerWorker-7] DEBUG o.l.p.impl.ClientToProxyConnection - (AWAITING_INITIAL) [id: 0x4dc93f85, /127.0.0.1:54147 => /127.0.1.1:45224]: Writing: DefaultLastHttpContent(data: SlicedByteBuf(ridx: 0, widx: 6512, cap: 6512/6512, unwrapped: UnpooledUnsafeDirectByteBuf(ridx: 6512, widx: 6512, cap: 8192)), decoderResult: success)
11:39:51.155 [LittleProxy-ProxyToServerWorker-7] DEBUG o.l.p.impl.ClientToProxyConnection - (AWAITING_INITIAL) [id: 0x4dc93f85, /127.0.0.1:54147 => /127.0.1.1:45224]: Writing an empty buffer to signal the end of our chunked transfer
11:39:51.155 [LittleProxy-ProxyToServerWorker-7] DEBUG o.l.p.impl.ClientToProxyConnection - (AWAITING_INITIAL) [id: 0x4dc93f85, /127.0.0.1:54147 => /127.0.1.1:45224]: Wrote: DefaultLastHttpContent(data: SlicedByteBuf(ridx: 0, widx: 6512, cap: 6512/6512, unwrapped: UnpooledUnsafeDirectByteBuf(ridx: 6512, widx: 6512, cap: 8192)), decoderResult: success)
11:39:51.155 [LittleProxy-ProxyToServerWorker-7] DEBUG o.l.p.impl.ClientToProxyConnection - (AWAITING_INITIAL) [id: 0x4dc93f85, /127.0.0.1:54147 => /127.0.1.1:45224]: Retaining reference counted message
11:39:51.155 [LittleProxy-ProxyToServerWorker-7] DEBUG o.l.p.impl.ClientToProxyConnection - (AWAITING_INITIAL) [id: 0x4dc93f85, /127.0.0.1:54147 => /127.0.1.1:45224]: Writing: EmptyByteBufBE
11:39:51.155 [LittleProxy-ProxyToServerWorker-7] DEBUG o.l.p.impl.ClientToProxyConnection - (AWAITING_INITIAL) [id: 0x4dc93f85, /127.0.0.1:54147 => /127.0.1.1:45224]: Wrote: EmptyByteBufBE
11:39:51.155 [LittleProxy-ProxyToServerWorker-7] DEBUG o.l.p.impl.ClientToProxyConnection - (AWAITING_INITIAL) [id: 0x4dc93f85, /127.0.0.1:54147 => /127.0.1.1:45224]: Handling last chunk. Using normal server connection closing rules.
11:39:51.155 [LittleProxy-ProxyToServerWorker-7] DEBUG o.l.p.impl.ClientToProxyConnection - (AWAITING_INITIAL) [id: 0x4dc93f85, /127.0.0.1:54147 => /127.0.1.1:45224]: Not closing server connection for response: DefaultHttpResponse(decodeResult: success, version: HTTP/1.1)
HTTP/1.1 200 OK
Accept-Ranges: bytes
Date: Tue, 08 Sep 2015 10:39:51 GMT
Cache-Control: public, max-age=0
Last-Modified: Mon, 17 Aug 2015 12:36:33 GMT
ETag: W/"50EYNtjpmJiVoud1jDbKWw=="
Content-Type: application/javascript
Content-Length: 14704
Connection: keep-alive
11:39:51.155 [LittleProxy-ProxyToServerWorker-7] DEBUG o.l.p.impl.ClientToProxyConnection - (AWAITING_INITIAL) [id: 0x4dc93f85, /127.0.0.1:54147 => /127.0.1.1:45224]: Handling last chunk. Using normal client connection closing rules.
11:39:51.156 [LittleProxy-ProxyToServerWorker-7] DEBUG o.l.p.impl.ClientToProxyConnection - (AWAITING_INITIAL) [id: 0x4dc93f85, /127.0.0.1:54147 => /127.0.1.1:45224]: Not closing client connection for request: [FAILED toString()]
11:39:51.157 [LittleProxy-ClientToProxyWorker-3] DEBUG o.l.p.impl.ClientToProxyConnection - (AWAITING_INITIAL) [id: 0x4dc93f85, /127.0.0.1:54147 => /127.0.1.1:45224]: Reading: HttpObjectAggregator$AggregatedFullHttpRequest(decodeResult: success, version: HTTP/1.1, content: CompositeByteBuf(ridx: 0, widx: 0, cap: 0, components=0))
GET http://localhost:9000/scripts/directives/campaign-directive.js HTTP/1.1
Host: localhost:9000
Proxy-Connection: keep-alive
Accept: */*
User-Agent: Mozilla/5.0 (X11; Linux x86_64) AppleWebKit/537.36 (KHTML, like Gecko) Chrome/44.0.2403.130 Safari/537.36
Referer: http://localhost:9000/
Accept-Encoding: gzip, deflate, sdch
Accept-Language: en-GB,en-US;q=0.8,en;q=0.6
Content-Length: 0
11:39:51.157 [LittleProxy-ClientToProxyWorker-3] DEBUG o.l.p.impl.ClientToProxyConnection - (AWAITING_INITIAL) [id: 0x4dc93f85, /127.0.0.1:54147 => /127.0.1.1:45224]: Got request: HttpObjectAggregator$AggregatedFullHttpRequest(decodeResult: success, version: HTTP/1.1, content: CompositeByteBuf(ridx: 0, widx: 0, cap: 0, components=0))
GET http://localhost:9000/scripts/directives/campaign-directive.js HTTP/1.1
Host: localhost:9000
Proxy-Connection: keep-alive
Accept: */*
User-Agent: Mozilla/5.0 (X11; Linux x86_64) AppleWebKit/537.36 (KHTML, like Gecko) Chrome/44.0.2403.130 Safari/537.36
Referer: http://localhost:9000/
Accept-Encoding: gzip, deflate, sdch
Accept-Language: en-GB,en-US;q=0.8,en;q=0.6
Content-Length: 0
11:39:51.157 [LittleProxy-ClientToProxyWorker-3] DEBUG o.l.p.impl.ClientToProxyConnection - (AWAITING_INITIAL) [id: 0x4dc93f85, /127.0.0.1:54147 => /127.0.1.1:45224]: Ensuring that hostAndPort are available in http://localhost:9000/scripts/directives/campaign-directive.js
11:39:51.157 [LittleProxy-ClientToProxyWorker-3] DEBUG o.l.p.impl.ClientToProxyConnection - (AWAITING_INITIAL) [id: 0x4dc93f85, /127.0.0.1:54147 => /127.0.1.1:45224]: Finding ProxyToServerConnection for: localhost:9000
11:39:51.157 [LittleProxy-ClientToProxyWorker-3] DEBUG o.l.p.impl.ClientToProxyConnection - (AWAITING_INITIAL) [id: 0x4dc93f85, /127.0.0.1:54147 => /127.0.1.1:45224]: Reusing existing server connection: org.littleshoot.proxy.impl.ProxyToServerConnection@2cc0768d
11:39:51.157 [LittleProxy-ClientToProxyWorker-3] DEBUG o.l.p.impl.ClientToProxyConnection - (AWAITING_INITIAL) [id: 0x4dc93f85, /127.0.0.1:54147 => /127.0.1.1:45224]: Modifying request headers for proxying
11:39:51.157 [LittleProxy-ClientToProxyWorker-3] DEBUG o.l.p.impl.ClientToProxyConnection - (AWAITING_INITIAL) [id: 0x4dc93f85, /127.0.0.1:54147 => /127.0.1.1:45224]: Modifying request for proxy chaining
11:39:51.157 [LittleProxy-ClientToProxyWorker-3] DEBUG o.l.p.impl.ClientToProxyConnection - (AWAITING_INITIAL) [id: 0x4dc93f85, /127.0.0.1:54147 => /127.0.1.1:45224]: Stripped host from uri: http://localhost:9000/scripts/directives/campaign-directive.js    yielding: /scripts/directives/campaign-directive.js
11:39:51.157 [LittleProxy-ClientToProxyWorker-3] DEBUG o.l.p.impl.ClientToProxyConnection - (AWAITING_INITIAL) [id: 0x4dc93f85, /127.0.0.1:54147 => /127.0.1.1:45224]: Removed sdch and inserted: gzip, deflate, 
11:39:51.157 [LittleProxy-ClientToProxyWorker-3] DEBUG o.l.p.impl.ClientToProxyConnection - (AWAITING_INITIAL) [id: 0x4dc93f85, /127.0.0.1:54147 => /127.0.1.1:45224]: Writing request to ProxyToServerConnection
11:39:51.157 [LittleProxy-ClientToProxyWorker-3] DEBUG o.l.p.impl.ProxyToServerConnection - (AWAITING_INITIAL) [id: 0x700df78a, /127.0.0.1:35283 => localhost/127.0.0.1:9000]: Requested write of HttpObjectAggregator$AggregatedFullHttpRequest(decodeResult: success, version: HTTP/1.1, content: CompositeByteBuf(ridx: 0, widx: 0, cap: 0, components=0))
GET /scripts/directives/campaign-directive.js HTTP/1.1
Host: localhost:9000
Accept: */*
User-Agent: Mozilla/5.0 (X11; Linux x86_64) AppleWebKit/537.36 (KHTML, like Gecko) Chrome/44.0.2403.130 Safari/537.36
Referer: http://localhost:9000/
Accept-Language: en-GB,en-US;q=0.8,en;q=0.6
Content-Length: 0
Accept-Encoding: gzip, deflate, 
Via: 1.1 localhost.localdomain
11:39:51.157 [LittleProxy-ClientToProxyWorker-3] DEBUG o.l.p.impl.ProxyToServerConnection - (AWAITING_INITIAL) [id: 0x700df78a, /127.0.0.1:35283 => localhost/127.0.0.1:9000]: Retaining reference counted message
11:39:51.157 [LittleProxy-ClientToProxyWorker-3] DEBUG o.l.p.impl.ProxyToServerConnection - (AWAITING_INITIAL) [id: 0x700df78a, /127.0.0.1:35283 => localhost/127.0.0.1:9000]: Using existing connection to: localhost/127.0.0.1:9000
11:39:51.157 [LittleProxy-ClientToProxyWorker-3] DEBUG o.l.p.impl.ProxyToServerConnection - (AWAITING_INITIAL) [id: 0x700df78a, /127.0.0.1:35283 => localhost/127.0.0.1:9000]: Writing: HttpObjectAggregator$AggregatedFullHttpRequest(decodeResult: success, version: HTTP/1.1, content: CompositeByteBuf(ridx: 0, widx: 0, cap: 0, components=0))
GET /scripts/directives/campaign-directive.js HTTP/1.1
Host: localhost:9000
Accept: */*
User-Agent: Mozilla/5.0 (X11; Linux x86_64) AppleWebKit/537.36 (KHTML, like Gecko) Chrome/44.0.2403.130 Safari/537.36
Referer: http://localhost:9000/
Accept-Language: en-GB,en-US;q=0.8,en;q=0.6
Content-Length: 0
Accept-Encoding: gzip, deflate, 
Via: 1.1 localhost.localdomain
11:39:51.157 [LittleProxy-ClientToProxyWorker-3] DEBUG o.l.p.impl.ProxyToServerConnection - (AWAITING_INITIAL) [id: 0x700df78a, /127.0.0.1:35283 => localhost/127.0.0.1:9000]: Writing an empty buffer to signal the end of our chunked transfer
11:39:51.157 [LittleProxy-ClientToProxyWorker-3] DEBUG o.l.p.impl.ProxyToServerConnection - (AWAITING_INITIAL) [id: 0x700df78a, /127.0.0.1:35283 => localhost/127.0.0.1:9000]: Wrote: HttpObjectAggregator$AggregatedFullHttpRequest(decodeResult: success, version: HTTP/1.1, content: CompositeByteBuf(ridx: 0, widx: 0, cap: 0, components=0))
GET /scripts/directives/campaign-directive.js HTTP/1.1
Host: localhost:9000
Accept: */*
User-Agent: Mozilla/5.0 (X11; Linux x86_64) AppleWebKit/537.36 (KHTML, like Gecko) Chrome/44.0.2403.130 Safari/537.36
Referer: http://localhost:9000/
Accept-Language: en-GB,en-US;q=0.8,en;q=0.6
Content-Length: 0
Accept-Encoding: gzip, deflate, 
Via: 1.1 localhost.localdomain
11:39:51.164 [LittleProxy-ProxyToServerWorker-5] DEBUG o.l.p.impl.ProxyToServerConnection - (AWAITING_INITIAL) [id: 0x97bd59d1, /127.0.0.1:35281 => localhost/127.0.0.1:9000]: Remembering the current request.
11:39:51.164 [LittleProxy-ProxyToServerWorker-5] DEBUG o.l.p.impl.ProxyToServerConnection - (AWAITING_INITIAL) [id: 0x97bd59d1, /127.0.0.1:35281 => localhost/127.0.0.1:9000]: Reading: DefaultHttpResponse(decodeResult: success, version: HTTP/1.1)
HTTP/1.1 200 OK
Accept-Ranges: bytes
Date: Tue, 08 Sep 2015 10:39:51 GMT
Cache-Control: public, max-age=0
Last-Modified: Mon, 20 Jul 2015 14:46:32 GMT
ETag: W/"7v60XUoQ1Nz++K5iFZuF8Q=="
Content-Type: application/javascript
Content-Length: 5219
Connection: keep-alive
11:39:51.164 [LittleProxy-ProxyToServerWorker-5] DEBUG o.l.p.impl.ProxyToServerConnection - (AWAITING_INITIAL) [id: 0x97bd59d1, /127.0.0.1:35281 => localhost/127.0.0.1:9000]: Received raw response: DefaultHttpResponse(decodeResult: success, version: HTTP/1.1)
HTTP/1.1 200 OK
Accept-Ranges: bytes
Date: Tue, 08 Sep 2015 10:39:51 GMT
Cache-Control: public, max-age=0
Last-Modified: Mon, 20 Jul 2015 14:46:32 GMT
ETag: W/"7v60XUoQ1Nz++K5iFZuF8Q=="
Content-Type: application/javascript
Content-Length: 5219
Connection: keep-alive
11:39:51.164 [LittleProxy-ProxyToServerWorker-5] DEBUG o.l.p.impl.ProxyToServerConnection - (AWAITING_INITIAL) [id: 0x97bd59d1, /127.0.0.1:35281 => localhost/127.0.0.1:9000]: Remembering the current response.
11:39:51.164 [LittleProxy-ProxyToServerWorker-5] DEBUG o.l.p.impl.ClientToProxyConnection - (AWAITING_INITIAL) [id: 0xa74abe3b, /127.0.0.1:54151 => /127.0.1.1:45224]: Writing: DefaultHttpResponse(decodeResult: success, version: HTTP/1.1)
HTTP/1.1 200 OK
Accept-Ranges: bytes
Date: Tue, 08 Sep 2015 10:39:51 GMT
Cache-Control: public, max-age=0
Last-Modified: Mon, 20 Jul 2015 14:46:32 GMT
ETag: W/"7v60XUoQ1Nz++K5iFZuF8Q=="
Content-Type: application/javascript
Content-Length: 5219
Via: 1.1 localhost.localdomain
11:39:51.164 [LittleProxy-ProxyToServerWorker-5] DEBUG o.l.p.impl.ClientToProxyConnection - (AWAITING_INITIAL) [id: 0xa74abe3b, /127.0.0.1:54151 => /127.0.1.1:45224]: Wrote: DefaultHttpResponse(decodeResult: success, version: HTTP/1.1)
HTTP/1.1 200 OK
Accept-Ranges: bytes
Date: Tue, 08 Sep 2015 10:39:51 GMT
Cache-Control: public, max-age=0
Last-Modified: Mon, 20 Jul 2015 14:46:32 GMT
ETag: W/"7v60XUoQ1Nz++K5iFZuF8Q=="
Content-Type: application/javascript
Content-Length: 5219
Via: 1.1 localhost.localdomain
11:39:51.164 [LittleProxy-ProxyToServerWorker-5] DEBUG o.l.p.impl.ClientToProxyConnection - (AWAITING_INITIAL) [id: 0xa74abe3b, /127.0.0.1:54151 => /127.0.1.1:45224]: Not closing server connection on middle chunk for /scripts/controllers/campaign-list-controller.js
11:39:51.164 [LittleProxy-ProxyToServerWorker-5] DEBUG o.l.p.impl.ClientToProxyConnection - (AWAITING_INITIAL) [id: 0xa74abe3b, /127.0.0.1:54151 => /127.0.1.1:45224]: Not closing client connection on middle chunk for /scripts/controllers/campaign-list-controller.js
11:39:51.167 [LittleProxy-ProxyToServerWorker-6] DEBUG o.l.p.impl.ProxyToServerConnection - (AWAITING_CHUNK) [id: 0x15efad94, /127.0.0.1:35282 => localhost/127.0.0.1:9000]: Reading: DefaultLastHttpContent(data: SlicedByteBuf(ridx: 0, widx: 303, cap: 303/303, unwrapped: UnpooledUnsafeDirectByteBuf(ridx: 303, widx: 303, cap: 8192)), decoderResult: success)
11:39:51.167 [LittleProxy-ProxyToServerWorker-6] DEBUG o.l.p.impl.ClientToProxyConnection - (AWAITING_INITIAL) [id: 0x87242349, /127.0.0.1:54149 => /127.0.1.1:45224]: Retaining reference counted message
11:39:51.167 [LittleProxy-ProxyToServerWorker-6] DEBUG o.l.p.impl.ClientToProxyConnection - (AWAITING_INITIAL) [id: 0x87242349, /127.0.0.1:54149 => /127.0.1.1:45224]: Writing: DefaultLastHttpContent(data: SlicedByteBuf(ridx: 0, widx: 303, cap: 303/303, unwrapped: UnpooledUnsafeDirectByteBuf(ridx: 303, widx: 303, cap: 8192)), decoderResult: success)
11:39:51.167 [LittleProxy-ProxyToServerWorker-6] DEBUG o.l.p.impl.ClientToProxyConnection - (AWAITING_INITIAL) [id: 0x87242349, /127.0.0.1:54149 => /127.0.1.1:45224]: Writing an empty buffer to signal the end of our chunked transfer
11:39:51.167 [LittleProxy-ProxyToServerWorker-6] DEBUG o.l.p.impl.ClientToProxyConnection - (AWAITING_INITIAL) [id: 0x87242349, /127.0.0.1:54149 => /127.0.1.1:45224]: Wrote: DefaultLastHttpContent(data: SlicedByteBuf(ridx: 0, widx: 303, cap: 303/303, unwrapped: UnpooledUnsafeDirectByteBuf(ridx: 303, widx: 303, cap: 8192)), decoderResult: success)
11:39:51.167 [LittleProxy-ProxyToServerWorker-6] DEBUG o.l.p.impl.ClientToProxyConnection - (AWAITING_INITIAL) [id: 0x87242349, /127.0.0.1:54149 => /127.0.1.1:45224]: Retaining reference counted message
11:39:51.167 [LittleProxy-ProxyToServerWorker-6] DEBUG o.l.p.impl.ClientToProxyConnection - (AWAITING_INITIAL) [id: 0x87242349, /127.0.0.1:54149 => /127.0.1.1:45224]: Writing: EmptyByteBufBE
11:39:51.167 [LittleProxy-ProxyToServerWorker-6] DEBUG o.l.p.impl.ClientToProxyConnection - (AWAITING_INITIAL) [id: 0x87242349, /127.0.0.1:54149 => /127.0.1.1:45224]: Wrote: EmptyByteBufBE
11:39:51.167 [LittleProxy-ProxyToServerWorker-6] DEBUG o.l.p.impl.ClientToProxyConnection - (AWAITING_INITIAL) [id: 0x87242349, /127.0.0.1:54149 => /127.0.1.1:45224]: Handling last chunk. Using normal server connection closing rules.
11:39:51.167 [LittleProxy-ProxyToServerWorker-6] DEBUG o.l.p.impl.ClientToProxyConnection - (AWAITING_INITIAL) [id: 0x87242349, /127.0.0.1:54149 => /127.0.1.1:45224]: Not closing server connection for response: DefaultHttpResponse(decodeResult: success, version: HTTP/1.1)
HTTP/1.1 200 OK
Accept-Ranges: bytes
Date: Tue, 08 Sep 2015 10:39:51 GMT
Cache-Control: public, max-age=0
Last-Modified: Wed, 27 May 2015 12:23:22 GMT
ETag: W/"M0anGxRIJfYYVmYwDqtjqg=="
Content-Type: application/javascript
Content-Length: 303
Connection: keep-alive
11:39:51.167 [LittleProxy-ProxyToServerWorker-6] DEBUG o.l.p.impl.ClientToProxyConnection - (AWAITING_INITIAL) [id: 0x87242349, /127.0.0.1:54149 => /127.0.1.1:45224]: Handling last chunk. Using normal client connection closing rules.
11:39:51.167 [LittleProxy-ProxyToServerWorker-6] DEBUG o.l.p.impl.ClientToProxyConnection - (AWAITING_INITIAL) [id: 0x87242349, /127.0.0.1:54149 => /127.0.1.1:45224]: Not closing client connection for request: [FAILED toString()]
11:39:51.168 [LittleProxy-ClientToProxyWorker-5] DEBUG o.l.p.impl.ClientToProxyConnection - (AWAITING_INITIAL) [id: 0x87242349, /127.0.0.1:54149 => /127.0.1.1:45224]: Reading: HttpObjectAggregator$AggregatedFullHttpRequest(decodeResult: success, version: HTTP/1.1, content: CompositeByteBuf(ridx: 0, widx: 0, cap: 0, components=0))
GET http://localhost:9000/scripts/directives/voucher-directive.js HTTP/1.1
Host: localhost:9000
Proxy-Connection: keep-alive
Accept: */*
User-Agent: Mozilla/5.0 (X11; Linux x86_64) AppleWebKit/537.36 (KHTML, like Gecko) Chrome/44.0.2403.130 Safari/537.36
Referer: http://localhost:9000/
Accept-Encoding: gzip, deflate, sdch
Accept-Language: en-GB,en-US;q=0.8,en;q=0.6
Content-Length: 0
11:39:51.168 [LittleProxy-ClientToProxyWorker-5] DEBUG o.l.p.impl.ClientToProxyConnection - (AWAITING_INITIAL) [id: 0x87242349, /127.0.0.1:54149 => /127.0.1.1:45224]: Got request: HttpObjectAggregator$AggregatedFullHttpRequest(decodeResult: success, version: HTTP/1.1, content: CompositeByteBuf(ridx: 0, widx: 0, cap: 0, components=0))
GET http://localhost:9000/scripts/directives/voucher-directive.js HTTP/1.1
Host: localhost:9000
Proxy-Connection: keep-alive
Accept: */*
User-Agent: Mozilla/5.0 (X11; Linux x86_64) AppleWebKit/537.36 (KHTML, like Gecko) Chrome/44.0.2403.130 Safari/537.36
Referer: http://localhost:9000/
Accept-Encoding: gzip, deflate, sdch
Accept-Language: en-GB,en-US;q=0.8,en;q=0.6
Content-Length: 0
11:39:51.168 [LittleProxy-ClientToProxyWorker-5] DEBUG o.l.p.impl.ClientToProxyConnection - (AWAITING_INITIAL) [id: 0x87242349, /127.0.0.1:54149 => /127.0.1.1:45224]: Ensuring that hostAndPort are available in http://localhost:9000/scripts/directives/voucher-directive.js
11:39:51.168 [LittleProxy-ClientToProxyWorker-5] DEBUG o.l.p.impl.ClientToProxyConnection - (AWAITING_INITIAL) [id: 0x87242349, /127.0.0.1:54149 => /127.0.1.1:45224]: Finding ProxyToServerConnection for: localhost:9000
11:39:51.168 [LittleProxy-ClientToProxyWorker-5] DEBUG o.l.p.impl.ClientToProxyConnection - (AWAITING_INITIAL) [id: 0x87242349, /127.0.0.1:54149 => /127.0.1.1:45224]: Reusing existing server connection: org.littleshoot.proxy.impl.ProxyToServerConnection@19d9ddb6
11:39:51.168 [LittleProxy-ClientToProxyWorker-5] DEBUG o.l.p.impl.ClientToProxyConnection - (AWAITING_INITIAL) [id: 0x87242349, /127.0.0.1:54149 => /127.0.1.1:45224]: Modifying request headers for proxying
11:39:51.168 [LittleProxy-ClientToProxyWorker-5] DEBUG o.l.p.impl.ClientToProxyConnection - (AWAITING_INITIAL) [id: 0x87242349, /127.0.0.1:54149 => /127.0.1.1:45224]: Modifying request for proxy chaining
11:39:51.168 [LittleProxy-ClientToProxyWorker-5] DEBUG o.l.p.impl.ClientToProxyConnection - (AWAITING_INITIAL) [id: 0x87242349, /127.0.0.1:54149 => /127.0.1.1:45224]: Stripped host from uri: http://localhost:9000/scripts/directives/voucher-directive.js    yielding: /scripts/directives/voucher-directive.js
11:39:51.168 [LittleProxy-ClientToProxyWorker-5] DEBUG o.l.p.impl.ClientToProxyConnection - (AWAITING_INITIAL) [id: 0x87242349, /127.0.0.1:54149 => /127.0.1.1:45224]: Removed sdch and inserted: gzip, deflate, 
11:39:51.168 [LittleProxy-ClientToProxyWorker-5] DEBUG o.l.p.impl.ClientToProxyConnection - (AWAITING_INITIAL) [id: 0x87242349, /127.0.0.1:54149 => /127.0.1.1:45224]: Writing request to ProxyToServerConnection
11:39:51.168 [LittleProxy-ClientToProxyWorker-5] DEBUG o.l.p.impl.ProxyToServerConnection - (AWAITING_INITIAL) [id: 0x15efad94, /127.0.0.1:35282 => localhost/127.0.0.1:9000]: Requested write of HttpObjectAggregator$AggregatedFullHttpRequest(decodeResult: success, version: HTTP/1.1, content: CompositeByteBuf(ridx: 0, widx: 0, cap: 0, components=0))
GET /scripts/directives/voucher-directive.js HTTP/1.1
Host: localhost:9000
Accept: */*
User-Agent: Mozilla/5.0 (X11; Linux x86_64) AppleWebKit/537.36 (KHTML, like Gecko) Chrome/44.0.2403.130 Safari/537.36
Referer: http://localhost:9000/
Accept-Language: en-GB,en-US;q=0.8,en;q=0.6
Content-Length: 0
Accept-Encoding: gzip, deflate, 
Via: 1.1 localhost.localdomain
11:39:51.168 [LittleProxy-ClientToProxyWorker-5] DEBUG o.l.p.impl.ProxyToServerConnection - (AWAITING_INITIAL) [id: 0x15efad94, /127.0.0.1:35282 => localhost/127.0.0.1:9000]: Retaining reference counted message
11:39:51.168 [LittleProxy-ClientToProxyWorker-5] DEBUG o.l.p.impl.ProxyToServerConnection - (AWAITING_INITIAL) [id: 0x15efad94, /127.0.0.1:35282 => localhost/127.0.0.1:9000]: Using existing connection to: localhost/127.0.0.1:9000
11:39:51.168 [LittleProxy-ClientToProxyWorker-5] DEBUG o.l.p.impl.ProxyToServerConnection - (AWAITING_INITIAL) [id: 0x15efad94, /127.0.0.1:35282 => localhost/127.0.0.1:9000]: Writing: HttpObjectAggregator$AggregatedFullHttpRequest(decodeResult: success, version: HTTP/1.1, content: CompositeByteBuf(ridx: 0, widx: 0, cap: 0, components=0))
GET /scripts/directives/voucher-directive.js HTTP/1.1
Host: localhost:9000
Accept: */*
User-Agent: Mozilla/5.0 (X11; Linux x86_64) AppleWebKit/537.36 (KHTML, like Gecko) Chrome/44.0.2403.130 Safari/537.36
Referer: http://localhost:9000/
Accept-Language: en-GB,en-US;q=0.8,en;q=0.6
Content-Length: 0
Accept-Encoding: gzip, deflate, 
Via: 1.1 localhost.localdomain
11:39:51.168 [LittleProxy-ClientToProxyWorker-5] DEBUG o.l.p.impl.ProxyToServerConnection - (AWAITING_INITIAL) [id: 0x15efad94, /127.0.0.1:35282 => localhost/127.0.0.1:9000]: Writing an empty buffer to signal the end of our chunked transfer
11:39:51.168 [LittleProxy-ClientToProxyWorker-5] DEBUG o.l.p.impl.ProxyToServerConnection - (AWAITING_INITIAL) [id: 0x15efad94, /127.0.0.1:35282 => localhost/127.0.0.1:9000]: Wrote: HttpObjectAggregator$AggregatedFullHttpRequest(decodeResult: success, version: HTTP/1.1, content: CompositeByteBuf(ridx: 0, widx: 0, cap: 0, components=0))
GET /scripts/directives/voucher-directive.js HTTP/1.1
Host: localhost:9000
Accept: */*
User-Agent: Mozilla/5.0 (X11; Linux x86_64) AppleWebKit/537.36 (KHTML, like Gecko) Chrome/44.0.2403.130 Safari/537.36
Referer: http://localhost:9000/
Accept-Language: en-GB,en-US;q=0.8,en;q=0.6
Content-Length: 0
Accept-Encoding: gzip, deflate, 
Via: 1.1 localhost.localdomain
11:39:51.173 [LittleProxy-ProxyToServerWorker-7] DEBUG o.l.p.impl.ProxyToServerConnection - (AWAITING_INITIAL) [id: 0x700df78a, /127.0.0.1:35283 => localhost/127.0.0.1:9000]: Remembering the current request.
11:39:51.173 [LittleProxy-ProxyToServerWorker-7] DEBUG o.l.p.impl.ProxyToServerConnection - (AWAITING_INITIAL) [id: 0x700df78a, /127.0.0.1:35283 => localhost/127.0.0.1:9000]: Reading: DefaultHttpResponse(decodeResult: success, version: HTTP/1.1)
HTTP/1.1 200 OK
Accept-Ranges: bytes
Date: Tue, 08 Sep 2015 10:39:51 GMT
Cache-Control: public, max-age=0
Last-Modified: Wed, 24 Jun 2015 11:24:04 GMT
ETag: W/"p5X8UEm+H+WGGPgD36tdAQ=="
Content-Type: application/javascript
Content-Length: 134
Connection: keep-alive
11:39:51.173 [LittleProxy-ProxyToServerWorker-7] DEBUG o.l.p.impl.ProxyToServerConnection - (AWAITING_INITIAL) [id: 0x700df78a, /127.0.0.1:35283 => localhost/127.0.0.1:9000]: Received raw response: DefaultHttpResponse(decodeResult: success, version: HTTP/1.1)
HTTP/1.1 200 OK
Accept-Ranges: bytes
Date: Tue, 08 Sep 2015 10:39:51 GMT
Cache-Control: public, max-age=0
Last-Modified: Wed, 24 Jun 2015 11:24:04 GMT
ETag: W/"p5X8UEm+H+WGGPgD36tdAQ=="
Content-Type: application/javascript
Content-Length: 134
Connection: keep-alive
11:39:51.173 [LittleProxy-ProxyToServerWorker-7] DEBUG o.l.p.impl.ProxyToServerConnection - (AWAITING_INITIAL) [id: 0x700df78a, /127.0.0.1:35283 => localhost/127.0.0.1:9000]: Remembering the current response.
11:39:51.173 [LittleProxy-ProxyToServerWorker-7] DEBUG o.l.p.impl.ClientToProxyConnection - (AWAITING_INITIAL) [id: 0x4dc93f85, /127.0.0.1:54147 => /127.0.1.1:45224]: Writing: DefaultHttpResponse(decodeResult: success, version: HTTP/1.1)
HTTP/1.1 200 OK
Accept-Ranges: bytes
Date: Tue, 08 Sep 2015 10:39:51 GMT
Cache-Control: public, max-age=0
Last-Modified: Wed, 24 Jun 2015 11:24:04 GMT
ETag: W/"p5X8UEm+H+WGGPgD36tdAQ=="
Content-Type: application/javascript
Content-Length: 134
Via: 1.1 localhost.localdomain
11:39:51.173 [LittleProxy-ProxyToServerWorker-7] DEBUG o.l.p.impl.ClientToProxyConnection - (AWAITING_INITIAL) [id: 0x4dc93f85, /127.0.0.1:54147 => /127.0.1.1:45224]: Wrote: DefaultHttpResponse(decodeResult: success, version: HTTP/1.1)
HTTP/1.1 200 OK
Accept-Ranges: bytes
Date: Tue, 08 Sep 2015 10:39:51 GMT
Cache-Control: public, max-age=0
Last-Modified: Wed, 24 Jun 2015 11:24:04 GMT
ETag: W/"p5X8UEm+H+WGGPgD36tdAQ=="
Content-Type: application/javascript
Content-Length: 134
Via: 1.1 localhost.localdomain
11:39:51.173 [LittleProxy-ProxyToServerWorker-7] DEBUG o.l.p.impl.ClientToProxyConnection - (AWAITING_INITIAL) [id: 0x4dc93f85, /127.0.0.1:54147 => /127.0.1.1:45224]: Not closing server connection on middle chunk for /scripts/directives/campaign-directive.js
11:39:51.173 [LittleProxy-ProxyToServerWorker-7] DEBUG o.l.p.impl.ClientToProxyConnection - (AWAITING_INITIAL) [id: 0x4dc93f85, /127.0.0.1:54147 => /127.0.1.1:45224]: Not closing client connection on middle chunk for /scripts/directives/campaign-directive.js
11:39:51.174 [LittleProxy-ProxyToServerWorker-6] DEBUG o.l.p.impl.ProxyToServerConnection - (AWAITING_INITIAL) [id: 0x15efad94, /127.0.0.1:35282 => localhost/127.0.0.1:9000]: Remembering the current request.
11:39:51.174 [LittleProxy-ProxyToServerWorker-6] DEBUG o.l.p.impl.ProxyToServerConnection - (AWAITING_INITIAL) [id: 0x15efad94, /127.0.0.1:35282 => localhost/127.0.0.1:9000]: Reading: DefaultHttpResponse(decodeResult: success, version: HTTP/1.1)
HTTP/1.1 200 OK
Accept-Ranges: bytes
Date: Tue, 08 Sep 2015 10:39:51 GMT
Cache-Control: public, max-age=0
Last-Modified: Thu, 25 Jun 2015 14:36:46 GMT
ETag: W/"bEmmnfaJO8gzw0N3MZEjoQ=="
Content-Type: application/javascript
Content-Length: 709
Connection: keep-alive
11:39:51.174 [LittleProxy-ProxyToServerWorker-6] DEBUG o.l.p.impl.ProxyToServerConnection - (AWAITING_INITIAL) [id: 0x15efad94, /127.0.0.1:35282 => localhost/127.0.0.1:9000]: Received raw response: DefaultHttpResponse(decodeResult: success, version: HTTP/1.1)
HTTP/1.1 200 OK
Accept-Ranges: bytes
Date: Tue, 08 Sep 2015 10:39:51 GMT
Cache-Control: public, max-age=0
Last-Modified: Thu, 25 Jun 2015 14:36:46 GMT
ETag: W/"bEmmnfaJO8gzw0N3MZEjoQ=="
Content-Type: application/javascript
Content-Length: 709
Connection: keep-alive
11:39:51.174 [LittleProxy-ProxyToServerWorker-6] DEBUG o.l.p.impl.ProxyToServerConnection - (AWAITING_INITIAL) [id: 0x15efad94, /127.0.0.1:35282 => localhost/127.0.0.1:9000]: Remembering the current response.
11:39:51.174 [LittleProxy-ProxyToServerWorker-6] DEBUG o.l.p.impl.ClientToProxyConnection - (AWAITING_INITIAL) [id: 0x87242349, /127.0.0.1:54149 => /127.0.1.1:45224]: Writing: DefaultHttpResponse(decodeResult: success, version: HTTP/1.1)
HTTP/1.1 200 OK
Accept-Ranges: bytes
Date: Tue, 08 Sep 2015 10:39:51 GMT
Cache-Control: public, max-age=0
Last-Modified: Thu, 25 Jun 2015 14:36:46 GMT
ETag: W/"bEmmnfaJO8gzw0N3MZEjoQ=="
Content-Type: application/javascript
Content-Length: 709
Via: 1.1 localhost.localdomain
11:39:51.174 [LittleProxy-ProxyToServerWorker-6] DEBUG o.l.p.impl.ClientToProxyConnection - (AWAITING_INITIAL) [id: 0x87242349, /127.0.0.1:54149 => /127.0.1.1:45224]: Wrote: DefaultHttpResponse(decodeResult: success, version: HTTP/1.1)
HTTP/1.1 200 OK
Accept-Ranges: bytes
Date: Tue, 08 Sep 2015 10:39:51 GMT
Cache-Control: public, max-age=0
Last-Modified: Thu, 25 Jun 2015 14:36:46 GMT
ETag: W/"bEmmnfaJO8gzw0N3MZEjoQ=="
Content-Type: application/javascript
Content-Length: 709
Via: 1.1 localhost.localdomain
11:39:51.174 [LittleProxy-ProxyToServerWorker-6] DEBUG o.l.p.impl.ClientToProxyConnection - (AWAITING_INITIAL) [id: 0x87242349, /127.0.0.1:54149 => /127.0.1.1:45224]: Not closing server connection on middle chunk for /scripts/directives/voucher-directive.js
11:39:51.174 [LittleProxy-ProxyToServerWorker-6] DEBUG o.l.p.impl.ClientToProxyConnection - (AWAITING_INITIAL) [id: 0x87242349, /127.0.0.1:54149 => /127.0.1.1:45224]: Not closing client connection on middle chunk for /scripts/directives/voucher-directive.js
11:39:51.183 [LittleProxy-ProxyToServerWorker-3] DEBUG o.l.p.impl.ProxyToServerConnection - (AWAITING_CHUNK) [id: 0xceaab001, /127.0.0.1:35280 => localhost/127.0.0.1:9000]: Reading: DefaultLastHttpContent(data: SlicedByteBuf(ridx: 0, widx: 2349, cap: 2349/2349, unwrapped: UnpooledUnsafeDirectByteBuf(ridx: 2349, widx: 2349, cap: 16384)), decoderResult: success)
11:39:51.183 [LittleProxy-ProxyToServerWorker-3] DEBUG o.l.p.impl.ClientToProxyConnection - (AWAITING_INITIAL) [id: 0x16fa54b8, /127.0.0.1:54150 => /127.0.1.1:45224]: Retaining reference counted message
11:39:51.183 [LittleProxy-ProxyToServerWorker-3] DEBUG o.l.p.impl.ClientToProxyConnection - (AWAITING_INITIAL) [id: 0x16fa54b8, /127.0.0.1:54150 => /127.0.1.1:45224]: Writing: DefaultLastHttpContent(data: SlicedByteBuf(ridx: 0, widx: 2349, cap: 2349/2349, unwrapped: UnpooledUnsafeDirectByteBuf(ridx: 2349, widx: 2349, cap: 16384)), decoderResult: success)
11:39:51.183 [LittleProxy-ProxyToServerWorker-3] DEBUG o.l.p.impl.ClientToProxyConnection - (AWAITING_INITIAL) [id: 0x16fa54b8, /127.0.0.1:54150 => /127.0.1.1:45224]: Writing an empty buffer to signal the end of our chunked transfer
11:39:51.183 [LittleProxy-ProxyToServerWorker-3] DEBUG o.l.p.impl.ClientToProxyConnection - (AWAITING_INITIAL) [id: 0x16fa54b8, /127.0.0.1:54150 => /127.0.1.1:45224]: Wrote: DefaultLastHttpContent(data: SlicedByteBuf(ridx: 0, widx: 2349, cap: 2349/2349, unwrapped: UnpooledUnsafeDirectByteBuf(ridx: 2349, widx: 2349, cap: 16384)), decoderResult: success)
11:39:51.183 [LittleProxy-ProxyToServerWorker-3] DEBUG o.l.p.impl.ClientToProxyConnection - (AWAITING_INITIAL) [id: 0x16fa54b8, /127.0.0.1:54150 => /127.0.1.1:45224]: Retaining reference counted message
11:39:51.183 [LittleProxy-ProxyToServerWorker-3] DEBUG o.l.p.impl.ClientToProxyConnection - (AWAITING_INITIAL) [id: 0x16fa54b8, /127.0.0.1:54150 => /127.0.1.1:45224]: Writing: EmptyByteBufBE
11:39:51.183 [LittleProxy-ProxyToServerWorker-3] DEBUG o.l.p.impl.ClientToProxyConnection - (AWAITING_INITIAL) [id: 0x16fa54b8, /127.0.0.1:54150 => /127.0.1.1:45224]: Wrote: EmptyByteBufBE
11:39:51.183 [LittleProxy-ProxyToServerWorker-3] DEBUG o.l.p.impl.ClientToProxyConnection - (AWAITING_INITIAL) [id: 0x16fa54b8, /127.0.0.1:54150 => /127.0.1.1:45224]: Handling last chunk. Using normal server connection closing rules.
11:39:51.183 [LittleProxy-ProxyToServerWorker-3] DEBUG o.l.p.impl.ClientToProxyConnection - (AWAITING_INITIAL) [id: 0x16fa54b8, /127.0.0.1:54150 => /127.0.1.1:45224]: Not closing server connection for response: DefaultHttpResponse(decodeResult: success, version: HTTP/1.1)
HTTP/1.1 200 OK
Accept-Ranges: bytes
Date: Tue, 08 Sep 2015 10:39:51 GMT
Cache-Control: public, max-age=0
Last-Modified: Wed, 27 May 2015 12:23:22 GMT
ETag: W/"tqvYS/2ndw46ubH++40YYw=="
Content-Type: application/javascript
Content-Length: 2349
Connection: keep-alive
11:39:51.183 [LittleProxy-ProxyToServerWorker-3] DEBUG o.l.p.impl.ClientToProxyConnection - (AWAITING_INITIAL) [id: 0x16fa54b8, /127.0.0.1:54150 => /127.0.1.1:45224]: Handling last chunk. Using normal client connection closing rules.
11:39:51.184 [LittleProxy-ProxyToServerWorker-3] DEBUG o.l.p.impl.ClientToProxyConnection - (AWAITING_INITIAL) [id: 0x16fa54b8, /127.0.0.1:54150 => /127.0.1.1:45224]: Not closing client connection for request: [FAILED toString()]
11:39:51.184 [LittleProxy-ClientToProxyWorker-6] DEBUG o.l.p.impl.ClientToProxyConnection - (AWAITING_INITIAL) [id: 0x16fa54b8, /127.0.0.1:54150 => /127.0.1.1:45224]: Reading: HttpObjectAggregator$AggregatedFullHttpRequest(decodeResult: success, version: HTTP/1.1, content: CompositeByteBuf(ridx: 0, widx: 0, cap: 0, components=0))
GET http://localhost:9000/scripts/directives/single-use-voucher-directive.js HTTP/1.1
Host: localhost:9000
Proxy-Connection: keep-alive
Accept: */*
User-Agent: Mozilla/5.0 (X11; Linux x86_64) AppleWebKit/537.36 (KHTML, like Gecko) Chrome/44.0.2403.130 Safari/537.36
Referer: http://localhost:9000/
Accept-Encoding: gzip, deflate, sdch
Accept-Language: en-GB,en-US;q=0.8,en;q=0.6
Content-Length: 0
11:39:51.184 [LittleProxy-ClientToProxyWorker-6] DEBUG o.l.p.impl.ClientToProxyConnection - (AWAITING_INITIAL) [id: 0x16fa54b8, /127.0.0.1:54150 => /127.0.1.1:45224]: Got request: HttpObjectAggregator$AggregatedFullHttpRequest(decodeResult: success, version: HTTP/1.1, content: CompositeByteBuf(ridx: 0, widx: 0, cap: 0, components=0))
GET http://localhost:9000/scripts/directives/single-use-voucher-directive.js HTTP/1.1
Host: localhost:9000
Proxy-Connection: keep-alive
Accept: */*
User-Agent: Mozilla/5.0 (X11; Linux x86_64) AppleWebKit/537.36 (KHTML, like Gecko) Chrome/44.0.2403.130 Safari/537.36
Referer: http://localhost:9000/
Accept-Encoding: gzip, deflate, sdch
Accept-Language: en-GB,en-US;q=0.8,en;q=0.6
Content-Length: 0
11:39:51.184 [LittleProxy-ClientToProxyWorker-6] DEBUG o.l.p.impl.ClientToProxyConnection - (AWAITING_INITIAL) [id: 0x16fa54b8, /127.0.0.1:54150 => /127.0.1.1:45224]: Ensuring that hostAndPort are available in http://localhost:9000/scripts/directives/single-use-voucher-directive.js
11:39:51.184 [LittleProxy-ClientToProxyWorker-6] DEBUG o.l.p.impl.ClientToProxyConnection - (AWAITING_INITIAL) [id: 0x16fa54b8, /127.0.0.1:54150 => /127.0.1.1:45224]: Finding ProxyToServerConnection for: localhost:9000
11:39:51.184 [LittleProxy-ClientToProxyWorker-6] DEBUG o.l.p.impl.ClientToProxyConnection - (AWAITING_INITIAL) [id: 0x16fa54b8, /127.0.0.1:54150 => /127.0.1.1:45224]: Reusing existing server connection: org.littleshoot.proxy.impl.ProxyToServerConnection@4072e2c4
11:39:51.184 [LittleProxy-ClientToProxyWorker-6] DEBUG o.l.p.impl.ClientToProxyConnection - (AWAITING_INITIAL) [id: 0x16fa54b8, /127.0.0.1:54150 => /127.0.1.1:45224]: Modifying request headers for proxying
11:39:51.184 [LittleProxy-ClientToProxyWorker-6] DEBUG o.l.p.impl.ClientToProxyConnection - (AWAITING_INITIAL) [id: 0x16fa54b8, /127.0.0.1:54150 => /127.0.1.1:45224]: Modifying request for proxy chaining
11:39:51.184 [LittleProxy-ClientToProxyWorker-6] DEBUG o.l.p.impl.ClientToProxyConnection - (AWAITING_INITIAL) [id: 0x16fa54b8, /127.0.0.1:54150 => /127.0.1.1:45224]: Stripped host from uri: http://localhost:9000/scripts/directives/single-use-voucher-directive.js    yielding: /scripts/directives/single-use-voucher-directive.js
11:39:51.184 [LittleProxy-ClientToProxyWorker-6] DEBUG o.l.p.impl.ClientToProxyConnection - (AWAITING_INITIAL) [id: 0x16fa54b8, /127.0.0.1:54150 => /127.0.1.1:45224]: Removed sdch and inserted: gzip, deflate, 
11:39:51.184 [LittleProxy-ClientToProxyWorker-6] DEBUG o.l.p.impl.ClientToProxyConnection - (AWAITING_INITIAL) [id: 0x16fa54b8, /127.0.0.1:54150 => /127.0.1.1:45224]: Writing request to ProxyToServerConnection
11:39:51.184 [LittleProxy-ClientToProxyWorker-6] DEBUG o.l.p.impl.ProxyToServerConnection - (AWAITING_INITIAL) [id: 0xceaab001, /127.0.0.1:35280 => localhost/127.0.0.1:9000]: Requested write of HttpObjectAggregator$AggregatedFullHttpRequest(decodeResult: success, version: HTTP/1.1, content: CompositeByteBuf(ridx: 0, widx: 0, cap: 0, components=0))
GET /scripts/directives/single-use-voucher-directive.js HTTP/1.1
Host: localhost:9000
Accept: */*
User-Agent: Mozilla/5.0 (X11; Linux x86_64) AppleWebKit/537.36 (KHTML, like Gecko) Chrome/44.0.2403.130 Safari/537.36
Referer: http://localhost:9000/
Accept-Language: en-GB,en-US;q=0.8,en;q=0.6
Content-Length: 0
Accept-Encoding: gzip, deflate, 
Via: 1.1 localhost.localdomain
11:39:51.184 [LittleProxy-ClientToProxyWorker-6] DEBUG o.l.p.impl.ProxyToServerConnection - (AWAITING_INITIAL) [id: 0xceaab001, /127.0.0.1:35280 => localhost/127.0.0.1:9000]: Retaining reference counted message
11:39:51.184 [LittleProxy-ClientToProxyWorker-6] DEBUG o.l.p.impl.ProxyToServerConnection - (AWAITING_INITIAL) [id: 0xceaab001, /127.0.0.1:35280 => localhost/127.0.0.1:9000]: Using existing connection to: localhost/127.0.0.1:9000
11:39:51.184 [LittleProxy-ClientToProxyWorker-6] DEBUG o.l.p.impl.ProxyToServerConnection - (AWAITING_INITIAL) [id: 0xceaab001, /127.0.0.1:35280 => localhost/127.0.0.1:9000]: Writing: HttpObjectAggregator$AggregatedFullHttpRequest(decodeResult: success, version: HTTP/1.1, content: CompositeByteBuf(ridx: 0, widx: 0, cap: 0, components=0))
GET /scripts/directives/single-use-voucher-directive.js HTTP/1.1
Host: localhost:9000
Accept: */*
User-Agent: Mozilla/5.0 (X11; Linux x86_64) AppleWebKit/537.36 (KHTML, like Gecko) Chrome/44.0.2403.130 Safari/537.36
Referer: http://localhost:9000/
Accept-Language: en-GB,en-US;q=0.8,en;q=0.6
Content-Length: 0
Accept-Encoding: gzip, deflate, 
Via: 1.1 localhost.localdomain
11:39:51.185 [LittleProxy-ClientToProxyWorker-6] DEBUG o.l.p.impl.ProxyToServerConnection - (AWAITING_INITIAL) [id: 0xceaab001, /127.0.0.1:35280 => localhost/127.0.0.1:9000]: Writing an empty buffer to signal the end of our chunked transfer
11:39:51.185 [LittleProxy-ClientToProxyWorker-6] DEBUG o.l.p.impl.ProxyToServerConnection - (AWAITING_INITIAL) [id: 0xceaab001, /127.0.0.1:35280 => localhost/127.0.0.1:9000]: Wrote: HttpObjectAggregator$AggregatedFullHttpRequest(decodeResult: success, version: HTTP/1.1, content: CompositeByteBuf(ridx: 0, widx: 0, cap: 0, components=0))
GET /scripts/directives/single-use-voucher-directive.js HTTP/1.1
Host: localhost:9000
Accept: */*
User-Agent: Mozilla/5.0 (X11; Linux x86_64) AppleWebKit/537.36 (KHTML, like Gecko) Chrome/44.0.2403.130 Safari/537.36
Referer: http://localhost:9000/
Accept-Language: en-GB,en-US;q=0.8,en;q=0.6
Content-Length: 0
Accept-Encoding: gzip, deflate, 
Via: 1.1 localhost.localdomain
11:39:51.187 [LittleProxy-ProxyToServerWorker-2] DEBUG o.l.p.impl.ProxyToServerConnection - (AWAITING_CHUNK) [id: 0x9953b61f, /127.0.0.1:35274 => localhost/127.0.0.1:9000]: Reading: DefaultLastHttpContent(data: SlicedByteBuf(ridx: 0, widx: 1855, cap: 1855/1855, unwrapped: UnpooledUnsafeDirectByteBuf(ridx: 1855, widx: 1855, cap: 16384)), decoderResult: success)
11:39:51.187 [LittleProxy-ProxyToServerWorker-2] DEBUG o.l.p.impl.ClientToProxyConnection - (AWAITING_INITIAL) [id: 0xe726451f, /127.0.0.1:54145 => /127.0.1.1:45224]: Retaining reference counted message
11:39:51.187 [LittleProxy-ProxyToServerWorker-2] DEBUG o.l.p.impl.ClientToProxyConnection - (AWAITING_INITIAL) [id: 0xe726451f, /127.0.0.1:54145 => /127.0.1.1:45224]: Writing: DefaultLastHttpContent(data: SlicedByteBuf(ridx: 0, widx: 1855, cap: 1855/1855, unwrapped: UnpooledUnsafeDirectByteBuf(ridx: 1855, widx: 1855, cap: 16384)), decoderResult: success)
11:39:51.187 [LittleProxy-ProxyToServerWorker-2] DEBUG o.l.p.impl.ClientToProxyConnection - (AWAITING_INITIAL) [id: 0xe726451f, /127.0.0.1:54145 => /127.0.1.1:45224]: Writing an empty buffer to signal the end of our chunked transfer
11:39:51.187 [LittleProxy-ProxyToServerWorker-2] DEBUG o.l.p.impl.ClientToProxyConnection - (AWAITING_INITIAL) [id: 0xe726451f, /127.0.0.1:54145 => /127.0.1.1:45224]: Wrote: DefaultLastHttpContent(data: SlicedByteBuf(ridx: 0, widx: 1855, cap: 1855/1855, unwrapped: UnpooledUnsafeDirectByteBuf(ridx: 1855, widx: 1855, cap: 16384)), decoderResult: success)
11:39:51.187 [LittleProxy-ProxyToServerWorker-2] DEBUG o.l.p.impl.ClientToProxyConnection - (AWAITING_INITIAL) [id: 0xe726451f, /127.0.0.1:54145 => /127.0.1.1:45224]: Retaining reference counted message
11:39:51.187 [LittleProxy-ProxyToServerWorker-2] DEBUG o.l.p.impl.ClientToProxyConnection - (AWAITING_INITIAL) [id: 0xe726451f, /127.0.0.1:54145 => /127.0.1.1:45224]: Writing: EmptyByteBufBE
11:39:51.187 [LittleProxy-ProxyToServerWorker-2] DEBUG o.l.p.impl.ClientToProxyConnection - (AWAITING_INITIAL) [id: 0xe726451f, /127.0.0.1:54145 => /127.0.1.1:45224]: Wrote: EmptyByteBufBE
11:39:51.187 [LittleProxy-ProxyToServerWorker-2] DEBUG o.l.p.impl.ClientToProxyConnection - (AWAITING_INITIAL) [id: 0xe726451f, /127.0.0.1:54145 => /127.0.1.1:45224]: Handling last chunk. Using normal server connection closing rules.
11:39:51.187 [LittleProxy-ProxyToServerWorker-2] DEBUG o.l.p.impl.ClientToProxyConnection - (AWAITING_INITIAL) [id: 0xe726451f, /127.0.0.1:54145 => /127.0.1.1:45224]: Not closing server connection for response: DefaultHttpResponse(decodeResult: success, version: HTTP/1.1)
HTTP/1.1 200 OK
Accept-Ranges: bytes
Date: Tue, 08 Sep 2015 10:39:51 GMT
Cache-Control: public, max-age=0
Last-Modified: Wed, 01 Jul 2015 10:59:45 GMT
ETag: W/"cORxPR0HYR8OcwR9khD0nA=="
Content-Type: application/javascript
Content-Length: 1855
Connection: keep-alive
11:39:51.187 [LittleProxy-ProxyToServerWorker-2] DEBUG o.l.p.impl.ClientToProxyConnection - (AWAITING_INITIAL) [id: 0xe726451f, /127.0.0.1:54145 => /127.0.1.1:45224]: Handling last chunk. Using normal client connection closing rules.
11:39:51.187 [LittleProxy-ProxyToServerWorker-2] DEBUG o.l.p.impl.ClientToProxyConnection - (AWAITING_INITIAL) [id: 0xe726451f, /127.0.0.1:54145 => /127.0.1.1:45224]: Not closing client connection for request: [FAILED toString()]
11:39:51.188 [LittleProxy-ClientToProxyWorker-2] DEBUG o.l.p.impl.ClientToProxyConnection - (AWAITING_INITIAL) [id: 0xe726451f, /127.0.0.1:54145 => /127.0.1.1:45224]: Reading: HttpObjectAggregator$AggregatedFullHttpRequest(decodeResult: success, version: HTTP/1.1, content: CompositeByteBuf(ridx: 0, widx: 0, cap: 0, components=0))
GET http://localhost:9000/scripts/directives/server-connection-directive.js HTTP/1.1
Host: localhost:9000
Proxy-Connection: keep-alive
Accept: */*
User-Agent: Mozilla/5.0 (X11; Linux x86_64) AppleWebKit/537.36 (KHTML, like Gecko) Chrome/44.0.2403.130 Safari/537.36
Referer: http://localhost:9000/
Accept-Encoding: gzip, deflate, sdch
Accept-Language: en-GB,en-US;q=0.8,en;q=0.6
Content-Length: 0
11:39:51.188 [LittleProxy-ClientToProxyWorker-2] DEBUG o.l.p.impl.ClientToProxyConnection - (AWAITING_INITIAL) [id: 0xe726451f, /127.0.0.1:54145 => /127.0.1.1:45224]: Got request: HttpObjectAggregator$AggregatedFullHttpRequest(decodeResult: success, version: HTTP/1.1, content: CompositeByteBuf(ridx: 0, widx: 0, cap: 0, components=0))
GET http://localhost:9000/scripts/directives/server-connection-directive.js HTTP/1.1
Host: localhost:9000
Proxy-Connection: keep-alive
Accept: */*
User-Agent: Mozilla/5.0 (X11; Linux x86_64) AppleWebKit/537.36 (KHTML, like Gecko) Chrome/44.0.2403.130 Safari/537.36
Referer: http://localhost:9000/
Accept-Encoding: gzip, deflate, sdch
Accept-Language: en-GB,en-US;q=0.8,en;q=0.6
Content-Length: 0
11:39:51.188 [LittleProxy-ClientToProxyWorker-2] DEBUG o.l.p.impl.ClientToProxyConnection - (AWAITING_INITIAL) [id: 0xe726451f, /127.0.0.1:54145 => /127.0.1.1:45224]: Ensuring that hostAndPort are available in http://localhost:9000/scripts/directives/server-connection-directive.js
11:39:51.188 [LittleProxy-ClientToProxyWorker-2] DEBUG o.l.p.impl.ClientToProxyConnection - (AWAITING_INITIAL) [id: 0xe726451f, /127.0.0.1:54145 => /127.0.1.1:45224]: Finding ProxyToServerConnection for: localhost:9000
11:39:51.188 [LittleProxy-ClientToProxyWorker-2] DEBUG o.l.p.impl.ClientToProxyConnection - (AWAITING_INITIAL) [id: 0xe726451f, /127.0.0.1:54145 => /127.0.1.1:45224]: Reusing existing server connection: org.littleshoot.proxy.impl.ProxyToServerConnection@210dcfa0
11:39:51.188 [LittleProxy-ClientToProxyWorker-2] DEBUG o.l.p.impl.ClientToProxyConnection - (AWAITING_INITIAL) [id: 0xe726451f, /127.0.0.1:54145 => /127.0.1.1:45224]: Modifying request headers for proxying
11:39:51.188 [LittleProxy-ClientToProxyWorker-2] DEBUG o.l.p.impl.ClientToProxyConnection - (AWAITING_INITIAL) [id: 0xe726451f, /127.0.0.1:54145 => /127.0.1.1:45224]: Modifying request for proxy chaining
11:39:51.188 [LittleProxy-ClientToProxyWorker-2] DEBUG o.l.p.impl.ClientToProxyConnection - (AWAITING_INITIAL) [id: 0xe726451f, /127.0.0.1:54145 => /127.0.1.1:45224]: Stripped host from uri: http://localhost:9000/scripts/directives/server-connection-directive.js    yielding: /scripts/directives/server-connection-directive.js
11:39:51.188 [LittleProxy-ClientToProxyWorker-2] DEBUG o.l.p.impl.ClientToProxyConnection - (AWAITING_INITIAL) [id: 0xe726451f, /127.0.0.1:54145 => /127.0.1.1:45224]: Removed sdch and inserted: gzip, deflate, 
11:39:51.188 [LittleProxy-ClientToProxyWorker-2] DEBUG o.l.p.impl.ClientToProxyConnection - (AWAITING_INITIAL) [id: 0xe726451f, /127.0.0.1:54145 => /127.0.1.1:45224]: Writing request to ProxyToServerConnection
11:39:51.188 [LittleProxy-ClientToProxyWorker-2] DEBUG o.l.p.impl.ProxyToServerConnection - (AWAITING_INITIAL) [id: 0x9953b61f, /127.0.0.1:35274 => localhost/127.0.0.1:9000]: Requested write of HttpObjectAggregator$AggregatedFullHttpRequest(decodeResult: success, version: HTTP/1.1, content: CompositeByteBuf(ridx: 0, widx: 0, cap: 0, components=0))
GET /scripts/directives/server-connection-directive.js HTTP/1.1
Host: localhost:9000
Accept: */*
User-Agent: Mozilla/5.0 (X11; Linux x86_64) AppleWebKit/537.36 (KHTML, like Gecko) Chrome/44.0.2403.130 Safari/537.36
Referer: http://localhost:9000/
Accept-Language: en-GB,en-US;q=0.8,en;q=0.6
Content-Length: 0
Accept-Encoding: gzip, deflate, 
Via: 1.1 localhost.localdomain
11:39:51.188 [LittleProxy-ClientToProxyWorker-2] DEBUG o.l.p.impl.ProxyToServerConnection - (AWAITING_INITIAL) [id: 0x9953b61f, /127.0.0.1:35274 => localhost/127.0.0.1:9000]: Retaining reference counted message
11:39:51.188 [LittleProxy-ClientToProxyWorker-2] DEBUG o.l.p.impl.ProxyToServerConnection - (AWAITING_INITIAL) [id: 0x9953b61f, /127.0.0.1:35274 => localhost/127.0.0.1:9000]: Using existing connection to: localhost/127.0.0.1:9000
11:39:51.188 [LittleProxy-ClientToProxyWorker-2] DEBUG o.l.p.impl.ProxyToServerConnection - (AWAITING_INITIAL) [id: 0x9953b61f, /127.0.0.1:35274 => localhost/127.0.0.1:9000]: Writing: HttpObjectAggregator$AggregatedFullHttpRequest(decodeResult: success, version: HTTP/1.1, content: CompositeByteBuf(ridx: 0, widx: 0, cap: 0, components=0))
GET /scripts/directives/server-connection-directive.js HTTP/1.1
Host: localhost:9000
Accept: */*
User-Agent: Mozilla/5.0 (X11; Linux x86_64) AppleWebKit/537.36 (KHTML, like Gecko) Chrome/44.0.2403.130 Safari/537.36
Referer: http://localhost:9000/
Accept-Language: en-GB,en-US;q=0.8,en;q=0.6
Content-Length: 0
Accept-Encoding: gzip, deflate, 
Via: 1.1 localhost.localdomain
11:39:51.188 [LittleProxy-ClientToProxyWorker-2] DEBUG o.l.p.impl.ProxyToServerConnection - (AWAITING_INITIAL) [id: 0x9953b61f, /127.0.0.1:35274 => localhost/127.0.0.1:9000]: Writing an empty buffer to signal the end of our chunked transfer
11:39:51.188 [LittleProxy-ClientToProxyWorker-2] DEBUG o.l.p.impl.ProxyToServerConnection - (AWAITING_INITIAL) [id: 0x9953b61f, /127.0.0.1:35274 => localhost/127.0.0.1:9000]: Wrote: HttpObjectAggregator$AggregatedFullHttpRequest(decodeResult: success, version: HTTP/1.1, content: CompositeByteBuf(ridx: 0, widx: 0, cap: 0, components=0))
GET /scripts/directives/server-connection-directive.js HTTP/1.1
Host: localhost:9000
Accept: */*
User-Agent: Mozilla/5.0 (X11; Linux x86_64) AppleWebKit/537.36 (KHTML, like Gecko) Chrome/44.0.2403.130 Safari/537.36
Referer: http://localhost:9000/
Accept-Language: en-GB,en-US;q=0.8,en;q=0.6
Content-Length: 0
Accept-Encoding: gzip, deflate, 
Via: 1.1 localhost.localdomain
11:39:51.191 [LittleProxy-ProxyToServerWorker-4] DEBUG o.l.p.impl.ProxyToServerConnection - (AWAITING_CHUNK) [id: 0xb51d3331, /127.0.0.1:35284 => localhost/127.0.0.1:9000]: Reading: DefaultLastHttpContent(data: SlicedByteBuf(ridx: 0, widx: 3193, cap: 3193/3193, unwrapped: UnpooledUnsafeDirectByteBuf(ridx: 3193, widx: 3193, cap: 16384)), decoderResult: success)
11:39:51.191 [LittleProxy-ProxyToServerWorker-4] DEBUG o.l.p.impl.ClientToProxyConnection - (AWAITING_INITIAL) [id: 0x1e5765f0, /127.0.0.1:54148 => /127.0.1.1:45224]: Retaining reference counted message
11:39:51.191 [LittleProxy-ProxyToServerWorker-4] DEBUG o.l.p.impl.ClientToProxyConnection - (AWAITING_INITIAL) [id: 0x1e5765f0, /127.0.0.1:54148 => /127.0.1.1:45224]: Writing: DefaultLastHttpContent(data: SlicedByteBuf(ridx: 0, widx: 3193, cap: 3193/3193, unwrapped: UnpooledUnsafeDirectByteBuf(ridx: 3193, widx: 3193, cap: 16384)), decoderResult: success)
11:39:51.191 [LittleProxy-ProxyToServerWorker-4] DEBUG o.l.p.impl.ClientToProxyConnection - (AWAITING_INITIAL) [id: 0x1e5765f0, /127.0.0.1:54148 => /127.0.1.1:45224]: Writing an empty buffer to signal the end of our chunked transfer
11:39:51.191 [LittleProxy-ProxyToServerWorker-4] DEBUG o.l.p.impl.ClientToProxyConnection - (AWAITING_INITIAL) [id: 0x1e5765f0, /127.0.0.1:54148 => /127.0.1.1:45224]: Wrote: DefaultLastHttpContent(data: SlicedByteBuf(ridx: 0, widx: 3193, cap: 3193/3193, unwrapped: UnpooledUnsafeDirectByteBuf(ridx: 3193, widx: 3193, cap: 16384)), decoderResult: success)
11:39:51.191 [LittleProxy-ProxyToServerWorker-4] DEBUG o.l.p.impl.ClientToProxyConnection - (AWAITING_INITIAL) [id: 0x1e5765f0, /127.0.0.1:54148 => /127.0.1.1:45224]: Retaining reference counted message
11:39:51.191 [LittleProxy-ProxyToServerWorker-4] DEBUG o.l.p.impl.ClientToProxyConnection - (AWAITING_INITIAL) [id: 0x1e5765f0, /127.0.0.1:54148 => /127.0.1.1:45224]: Writing: EmptyByteBufBE
11:39:51.191 [LittleProxy-ProxyToServerWorker-4] DEBUG o.l.p.impl.ClientToProxyConnection - (AWAITING_INITIAL) [id: 0x1e5765f0, /127.0.0.1:54148 => /127.0.1.1:45224]: Wrote: EmptyByteBufBE
11:39:51.191 [LittleProxy-ProxyToServerWorker-4] DEBUG o.l.p.impl.ClientToProxyConnection - (AWAITING_INITIAL) [id: 0x1e5765f0, /127.0.0.1:54148 => /127.0.1.1:45224]: Handling last chunk. Using normal server connection closing rules.
11:39:51.191 [LittleProxy-ProxyToServerWorker-4] DEBUG o.l.p.impl.ClientToProxyConnection - (AWAITING_INITIAL) [id: 0x1e5765f0, /127.0.0.1:54148 => /127.0.1.1:45224]: Not closing server connection for response: DefaultHttpResponse(decodeResult: success, version: HTTP/1.1)
HTTP/1.1 200 OK
Accept-Ranges: bytes
Date: Tue, 08 Sep 2015 10:39:51 GMT
Cache-Control: public, max-age=0
Last-Modified: Wed, 01 Jul 2015 10:59:45 GMT
ETag: W/"4+xUnFwD4aGYS/lctm5QpA=="
Content-Type: application/javascript
Content-Length: 3193
Connection: keep-alive
11:39:51.191 [LittleProxy-ProxyToServerWorker-4] DEBUG o.l.p.impl.ClientToProxyConnection - (AWAITING_INITIAL) [id: 0x1e5765f0, /127.0.0.1:54148 => /127.0.1.1:45224]: Handling last chunk. Using normal client connection closing rules.
11:39:51.191 [LittleProxy-ProxyToServerWorker-4] DEBUG o.l.p.impl.ClientToProxyConnection - (AWAITING_INITIAL) [id: 0x1e5765f0, /127.0.0.1:54148 => /127.0.1.1:45224]: Not closing client connection for request: [FAILED toString()]
11:39:51.192 [LittleProxy-ClientToProxyWorker-4] DEBUG o.l.p.impl.ClientToProxyConnection - (AWAITING_INITIAL) [id: 0x1e5765f0, /127.0.0.1:54148 => /127.0.1.1:45224]: Reading: HttpObjectAggregator$AggregatedFullHttpRequest(decodeResult: success, version: HTTP/1.1, content: CompositeByteBuf(ridx: 0, widx: 0, cap: 0, components=0))
GET http://localhost:9000/scripts/directives/promocode-directive.js HTTP/1.1
Host: localhost:9000
Proxy-Connection: keep-alive
Accept: */*
User-Agent: Mozilla/5.0 (X11; Linux x86_64) AppleWebKit/537.36 (KHTML, like Gecko) Chrome/44.0.2403.130 Safari/537.36
Referer: http://localhost:9000/
Accept-Encoding: gzip, deflate, sdch
Accept-Language: en-GB,en-US;q=0.8,en;q=0.6
Content-Length: 0
11:39:51.192 [LittleProxy-ClientToProxyWorker-4] DEBUG o.l.p.impl.ClientToProxyConnection - (AWAITING_INITIAL) [id: 0x1e5765f0, /127.0.0.1:54148 => /127.0.1.1:45224]: Got request: HttpObjectAggregator$AggregatedFullHttpRequest(decodeResult: success, version: HTTP/1.1, content: CompositeByteBuf(ridx: 0, widx: 0, cap: 0, components=0))
GET http://localhost:9000/scripts/directives/promocode-directive.js HTTP/1.1
Host: localhost:9000
Proxy-Connection: keep-alive
Accept: */*
User-Agent: Mozilla/5.0 (X11; Linux x86_64) AppleWebKit/537.36 (KHTML, like Gecko) Chrome/44.0.2403.130 Safari/537.36
Referer: http://localhost:9000/
Accept-Encoding: gzip, deflate, sdch
Accept-Language: en-GB,en-US;q=0.8,en;q=0.6
Content-Length: 0
11:39:51.192 [LittleProxy-ClientToProxyWorker-4] DEBUG o.l.p.impl.ClientToProxyConnection - (AWAITING_INITIAL) [id: 0x1e5765f0, /127.0.0.1:54148 => /127.0.1.1:45224]: Ensuring that hostAndPort are available in http://localhost:9000/scripts/directives/promocode-directive.js
11:39:51.192 [LittleProxy-ClientToProxyWorker-4] DEBUG o.l.p.impl.ClientToProxyConnection - (AWAITING_INITIAL) [id: 0x1e5765f0, /127.0.0.1:54148 => /127.0.1.1:45224]: Finding ProxyToServerConnection for: localhost:9000
11:39:51.192 [LittleProxy-ClientToProxyWorker-4] DEBUG o.l.p.impl.ClientToProxyConnection - (AWAITING_INITIAL) [id: 0x1e5765f0, /127.0.0.1:54148 => /127.0.1.1:45224]: Reusing existing server connection: org.littleshoot.proxy.impl.ProxyToServerConnection@4d318448
11:39:51.192 [LittleProxy-ClientToProxyWorker-4] DEBUG o.l.p.impl.ClientToProxyConnection - (AWAITING_INITIAL) [id: 0x1e5765f0, /127.0.0.1:54148 => /127.0.1.1:45224]: Modifying request headers for proxying
11:39:51.192 [LittleProxy-ClientToProxyWorker-4] DEBUG o.l.p.impl.ClientToProxyConnection - (AWAITING_INITIAL) [id: 0x1e5765f0, /127.0.0.1:54148 => /127.0.1.1:45224]: Modifying request for proxy chaining
11:39:51.192 [LittleProxy-ClientToProxyWorker-4] DEBUG o.l.p.impl.ClientToProxyConnection - (AWAITING_INITIAL) [id: 0x1e5765f0, /127.0.0.1:54148 => /127.0.1.1:45224]: Stripped host from uri: http://localhost:9000/scripts/directives/promocode-directive.js    yielding: /scripts/directives/promocode-directive.js
11:39:51.192 [LittleProxy-ClientToProxyWorker-4] DEBUG o.l.p.impl.ClientToProxyConnection - (AWAITING_INITIAL) [id: 0x1e5765f0, /127.0.0.1:54148 => /127.0.1.1:45224]: Removed sdch and inserted: gzip, deflate, 
11:39:51.193 [LittleProxy-ClientToProxyWorker-4] DEBUG o.l.p.impl.ClientToProxyConnection - (AWAITING_INITIAL) [id: 0x1e5765f0, /127.0.0.1:54148 => /127.0.1.1:45224]: Writing request to ProxyToServerConnection
11:39:51.193 [LittleProxy-ClientToProxyWorker-4] DEBUG o.l.p.impl.ProxyToServerConnection - (AWAITING_INITIAL) [id: 0xb51d3331, /127.0.0.1:35284 => localhost/127.0.0.1:9000]: Requested write of HttpObjectAggregator$AggregatedFullHttpRequest(decodeResult: success, version: HTTP/1.1, content: CompositeByteBuf(ridx: 0, widx: 0, cap: 0, components=0))
GET /scripts/directives/promocode-directive.js HTTP/1.1
Host: localhost:9000
Accept: */*
User-Agent: Mozilla/5.0 (X11; Linux x86_64) AppleWebKit/537.36 (KHTML, like Gecko) Chrome/44.0.2403.130 Safari/537.36
Referer: http://localhost:9000/
Accept-Language: en-GB,en-US;q=0.8,en;q=0.6
Content-Length: 0
Accept-Encoding: gzip, deflate, 
Via: 1.1 localhost.localdomain
11:39:51.193 [LittleProxy-ClientToProxyWorker-4] DEBUG o.l.p.impl.ProxyToServerConnection - (AWAITING_INITIAL) [id: 0xb51d3331, /127.0.0.1:35284 => localhost/127.0.0.1:9000]: Retaining reference counted message
11:39:51.193 [LittleProxy-ClientToProxyWorker-4] DEBUG o.l.p.impl.ProxyToServerConnection - (AWAITING_INITIAL) [id: 0xb51d3331, /127.0.0.1:35284 => localhost/127.0.0.1:9000]: Using existing connection to: localhost/127.0.0.1:9000
11:39:51.193 [LittleProxy-ClientToProxyWorker-4] DEBUG o.l.p.impl.ProxyToServerConnection - (AWAITING_INITIAL) [id: 0xb51d3331, /127.0.0.1:35284 => localhost/127.0.0.1:9000]: Writing: HttpObjectAggregator$AggregatedFullHttpRequest(decodeResult: success, version: HTTP/1.1, content: CompositeByteBuf(ridx: 0, widx: 0, cap: 0, components=0))
GET /scripts/directives/promocode-directive.js HTTP/1.1
Host: localhost:9000
Accept: */*
User-Agent: Mozilla/5.0 (X11; Linux x86_64) AppleWebKit/537.36 (KHTML, like Gecko) Chrome/44.0.2403.130 Safari/537.36
Referer: http://localhost:9000/
Accept-Language: en-GB,en-US;q=0.8,en;q=0.6
Content-Length: 0
Accept-Encoding: gzip, deflate, 
Via: 1.1 localhost.localdomain
11:39:51.193 [LittleProxy-ClientToProxyWorker-4] DEBUG o.l.p.impl.ProxyToServerConnection - (AWAITING_INITIAL) [id: 0xb51d3331, /127.0.0.1:35284 => localhost/127.0.0.1:9000]: Writing an empty buffer to signal the end of our chunked transfer
11:39:51.193 [LittleProxy-ClientToProxyWorker-4] DEBUG o.l.p.impl.ProxyToServerConnection - (AWAITING_INITIAL) [id: 0xb51d3331, /127.0.0.1:35284 => localhost/127.0.0.1:9000]: Wrote: HttpObjectAggregator$AggregatedFullHttpRequest(decodeResult: success, version: HTTP/1.1, content: CompositeByteBuf(ridx: 0, widx: 0, cap: 0, components=0))
GET /scripts/directives/promocode-directive.js HTTP/1.1
Host: localhost:9000
Accept: */*
User-Agent: Mozilla/5.0 (X11; Linux x86_64) AppleWebKit/537.36 (KHTML, like Gecko) Chrome/44.0.2403.130 Safari/537.36
Referer: http://localhost:9000/
Accept-Language: en-GB,en-US;q=0.8,en;q=0.6
Content-Length: 0
Accept-Encoding: gzip, deflate, 
Via: 1.1 localhost.localdomain
11:39:51.203 [LittleProxy-ProxyToServerWorker-5] DEBUG o.l.p.impl.ProxyToServerConnection - (AWAITING_CHUNK) [id: 0x97bd59d1, /127.0.0.1:35281 => localhost/127.0.0.1:9000]: Reading: DefaultLastHttpContent(data: SlicedByteBuf(ridx: 0, widx: 5219, cap: 5219/5219, unwrapped: UnpooledUnsafeDirectByteBuf(ridx: 5219, widx: 5219, cap: 16384)), decoderResult: success)
11:39:51.203 [LittleProxy-ProxyToServerWorker-5] DEBUG o.l.p.impl.ClientToProxyConnection - (AWAITING_INITIAL) [id: 0xa74abe3b, /127.0.0.1:54151 => /127.0.1.1:45224]: Retaining reference counted message
11:39:51.203 [LittleProxy-ProxyToServerWorker-5] DEBUG o.l.p.impl.ClientToProxyConnection - (AWAITING_INITIAL) [id: 0xa74abe3b, /127.0.0.1:54151 => /127.0.1.1:45224]: Writing: DefaultLastHttpContent(data: SlicedByteBuf(ridx: 0, widx: 5219, cap: 5219/5219, unwrapped: UnpooledUnsafeDirectByteBuf(ridx: 5219, widx: 5219, cap: 16384)), decoderResult: success)
11:39:51.203 [LittleProxy-ProxyToServerWorker-5] DEBUG o.l.p.impl.ClientToProxyConnection - (AWAITING_INITIAL) [id: 0xa74abe3b, /127.0.0.1:54151 => /127.0.1.1:45224]: Writing an empty buffer to signal the end of our chunked transfer
11:39:51.203 [LittleProxy-ProxyToServerWorker-5] DEBUG o.l.p.impl.ClientToProxyConnection - (AWAITING_INITIAL) [id: 0xa74abe3b, /127.0.0.1:54151 => /127.0.1.1:45224]: Wrote: DefaultLastHttpContent(data: SlicedByteBuf(ridx: 0, widx: 5219, cap: 5219/5219, unwrapped: UnpooledUnsafeDirectByteBuf(ridx: 5219, widx: 5219, cap: 16384)), decoderResult: success)
11:39:51.203 [LittleProxy-ProxyToServerWorker-5] DEBUG o.l.p.impl.ClientToProxyConnection - (AWAITING_INITIAL) [id: 0xa74abe3b, /127.0.0.1:54151 => /127.0.1.1:45224]: Retaining reference counted message
11:39:51.203 [LittleProxy-ProxyToServerWorker-5] DEBUG o.l.p.impl.ClientToProxyConnection - (AWAITING_INITIAL) [id: 0xa74abe3b, /127.0.0.1:54151 => /127.0.1.1:45224]: Writing: EmptyByteBufBE
11:39:51.203 [LittleProxy-ProxyToServerWorker-5] DEBUG o.l.p.impl.ClientToProxyConnection - (AWAITING_INITIAL) [id: 0xa74abe3b, /127.0.0.1:54151 => /127.0.1.1:45224]: Wrote: EmptyByteBufBE
11:39:51.203 [LittleProxy-ProxyToServerWorker-5] DEBUG o.l.p.impl.ClientToProxyConnection - (AWAITING_INITIAL) [id: 0xa74abe3b, /127.0.0.1:54151 => /127.0.1.1:45224]: Handling last chunk. Using normal server connection closing rules.
11:39:51.203 [LittleProxy-ProxyToServerWorker-5] DEBUG o.l.p.impl.ClientToProxyConnection - (AWAITING_INITIAL) [id: 0xa74abe3b, /127.0.0.1:54151 => /127.0.1.1:45224]: Not closing server connection for response: DefaultHttpResponse(decodeResult: success, version: HTTP/1.1)
HTTP/1.1 200 OK
Accept-Ranges: bytes
Date: Tue, 08 Sep 2015 10:39:51 GMT
Cache-Control: public, max-age=0
Last-Modified: Mon, 20 Jul 2015 14:46:32 GMT
ETag: W/"7v60XUoQ1Nz++K5iFZuF8Q=="
Content-Type: application/javascript
Content-Length: 5219
Connection: keep-alive
11:39:51.203 [LittleProxy-ProxyToServerWorker-5] DEBUG o.l.p.impl.ClientToProxyConnection - (AWAITING_INITIAL) [id: 0xa74abe3b, /127.0.0.1:54151 => /127.0.1.1:45224]: Handling last chunk. Using normal client connection closing rules.
11:39:51.203 [LittleProxy-ProxyToServerWorker-5] DEBUG o.l.p.impl.ClientToProxyConnection - (AWAITING_INITIAL) [id: 0xa74abe3b, /127.0.0.1:54151 => /127.0.1.1:45224]: Not closing client connection for request: [FAILED toString()]
11:39:51.205 [LittleProxy-ClientToProxyWorker-7] DEBUG o.l.p.impl.ClientToProxyConnection - (AWAITING_INITIAL) [id: 0xa74abe3b, /127.0.0.1:54151 => /127.0.1.1:45224]: Reading: HttpObjectAggregator$AggregatedFullHttpRequest(decodeResult: success, version: HTTP/1.1, content: CompositeByteBuf(ridx: 0, widx: 0, cap: 0, components=0))
GET http://localhost:9000/scripts/directives/voucher-batch-directive.js HTTP/1.1
Host: localhost:9000
Proxy-Connection: keep-alive
Accept: */*
User-Agent: Mozilla/5.0 (X11; Linux x86_64) AppleWebKit/537.36 (KHTML, like Gecko) Chrome/44.0.2403.130 Safari/537.36
Referer: http://localhost:9000/
Accept-Encoding: gzip, deflate, sdch
Accept-Language: en-GB,en-US;q=0.8,en;q=0.6
Content-Length: 0
11:39:51.205 [LittleProxy-ClientToProxyWorker-7] DEBUG o.l.p.impl.ClientToProxyConnection - (AWAITING_INITIAL) [id: 0xa74abe3b, /127.0.0.1:54151 => /127.0.1.1:45224]: Got request: HttpObjectAggregator$AggregatedFullHttpRequest(decodeResult: success, version: HTTP/1.1, content: CompositeByteBuf(ridx: 0, widx: 0, cap: 0, components=0))
GET http://localhost:9000/scripts/directives/voucher-batch-directive.js HTTP/1.1
Host: localhost:9000
Proxy-Connection: keep-alive
Accept: */*
User-Agent: Mozilla/5.0 (X11; Linux x86_64) AppleWebKit/537.36 (KHTML, like Gecko) Chrome/44.0.2403.130 Safari/537.36
Referer: http://localhost:9000/
Accept-Encoding: gzip, deflate, sdch
Accept-Language: en-GB,en-US;q=0.8,en;q=0.6
Content-Length: 0
11:39:51.205 [LittleProxy-ClientToProxyWorker-7] DEBUG o.l.p.impl.ClientToProxyConnection - (AWAITING_INITIAL) [id: 0xa74abe3b, /127.0.0.1:54151 => /127.0.1.1:45224]: Ensuring that hostAndPort are available in http://localhost:9000/scripts/directives/voucher-batch-directive.js
11:39:51.205 [LittleProxy-ClientToProxyWorker-7] DEBUG o.l.p.impl.ClientToProxyConnection - (AWAITING_INITIAL) [id: 0xa74abe3b, /127.0.0.1:54151 => /127.0.1.1:45224]: Finding ProxyToServerConnection for: localhost:9000
11:39:51.205 [LittleProxy-ClientToProxyWorker-7] DEBUG o.l.p.impl.ClientToProxyConnection - (AWAITING_INITIAL) [id: 0xa74abe3b, /127.0.0.1:54151 => /127.0.1.1:45224]: Reusing existing server connection: org.littleshoot.proxy.impl.ProxyToServerConnection@55df2407
11:39:51.205 [LittleProxy-ClientToProxyWorker-7] DEBUG o.l.p.impl.ClientToProxyConnection - (AWAITING_INITIAL) [id: 0xa74abe3b, /127.0.0.1:54151 => /127.0.1.1:45224]: Modifying request headers for proxying
11:39:51.205 [LittleProxy-ClientToProxyWorker-7] DEBUG o.l.p.impl.ClientToProxyConnection - (AWAITING_INITIAL) [id: 0xa74abe3b, /127.0.0.1:54151 => /127.0.1.1:45224]: Modifying request for proxy chaining
11:39:51.205 [LittleProxy-ClientToProxyWorker-7] DEBUG o.l.p.impl.ClientToProxyConnection - (AWAITING_INITIAL) [id: 0xa74abe3b, /127.0.0.1:54151 => /127.0.1.1:45224]: Stripped host from uri: http://localhost:9000/scripts/directives/voucher-batch-directive.js    yielding: /scripts/directives/voucher-batch-directive.js
11:39:51.205 [LittleProxy-ClientToProxyWorker-7] DEBUG o.l.p.impl.ClientToProxyConnection - (AWAITING_INITIAL) [id: 0xa74abe3b, /127.0.0.1:54151 => /127.0.1.1:45224]: Removed sdch and inserted: gzip, deflate, 
11:39:51.205 [LittleProxy-ClientToProxyWorker-7] DEBUG o.l.p.impl.ClientToProxyConnection - (AWAITING_INITIAL) [id: 0xa74abe3b, /127.0.0.1:54151 => /127.0.1.1:45224]: Writing request to ProxyToServerConnection
11:39:51.205 [LittleProxy-ClientToProxyWorker-7] DEBUG o.l.p.impl.ProxyToServerConnection - (AWAITING_INITIAL) [id: 0x97bd59d1, /127.0.0.1:35281 => localhost/127.0.0.1:9000]: Requested write of HttpObjectAggregator$AggregatedFullHttpRequest(decodeResult: success, version: HTTP/1.1, content: CompositeByteBuf(ridx: 0, widx: 0, cap: 0, components=0))
GET /scripts/directives/voucher-batch-directive.js HTTP/1.1
Host: localhost:9000
Accept: */*
User-Agent: Mozilla/5.0 (X11; Linux x86_64) AppleWebKit/537.36 (KHTML, like Gecko) Chrome/44.0.2403.130 Safari/537.36
Referer: http://localhost:9000/
Accept-Language: en-GB,en-US;q=0.8,en;q=0.6
Content-Length: 0
Accept-Encoding: gzip, deflate, 
Via: 1.1 localhost.localdomain
11:39:51.205 [LittleProxy-ClientToProxyWorker-7] DEBUG o.l.p.impl.ProxyToServerConnection - (AWAITING_INITIAL) [id: 0x97bd59d1, /127.0.0.1:35281 => localhost/127.0.0.1:9000]: Retaining reference counted message
11:39:51.205 [LittleProxy-ClientToProxyWorker-7] DEBUG o.l.p.impl.ProxyToServerConnection - (AWAITING_INITIAL) [id: 0x97bd59d1, /127.0.0.1:35281 => localhost/127.0.0.1:9000]: Using existing connection to: localhost/127.0.0.1:9000
11:39:51.205 [LittleProxy-ClientToProxyWorker-7] DEBUG o.l.p.impl.ProxyToServerConnection - (AWAITING_INITIAL) [id: 0x97bd59d1, /127.0.0.1:35281 => localhost/127.0.0.1:9000]: Writing: HttpObjectAggregator$AggregatedFullHttpRequest(decodeResult: success, version: HTTP/1.1, content: CompositeByteBuf(ridx: 0, widx: 0, cap: 0, components=0))
GET /scripts/directives/voucher-batch-directive.js HTTP/1.1
Host: localhost:9000
Accept: */*
User-Agent: Mozilla/5.0 (X11; Linux x86_64) AppleWebKit/537.36 (KHTML, like Gecko) Chrome/44.0.2403.130 Safari/537.36
Referer: http://localhost:9000/
Accept-Language: en-GB,en-US;q=0.8,en;q=0.6
Content-Length: 0
Accept-Encoding: gzip, deflate, 
Via: 1.1 localhost.localdomain
11:39:51.205 [LittleProxy-ClientToProxyWorker-7] DEBUG o.l.p.impl.ProxyToServerConnection - (AWAITING_INITIAL) [id: 0x97bd59d1, /127.0.0.1:35281 => localhost/127.0.0.1:9000]: Writing an empty buffer to signal the end of our chunked transfer
11:39:51.205 [LittleProxy-ClientToProxyWorker-7] DEBUG o.l.p.impl.ProxyToServerConnection - (AWAITING_INITIAL) [id: 0x97bd59d1, /127.0.0.1:35281 => localhost/127.0.0.1:9000]: Wrote: HttpObjectAggregator$AggregatedFullHttpRequest(decodeResult: success, version: HTTP/1.1, content: CompositeByteBuf(ridx: 0, widx: 0, cap: 0, components=0))
GET /scripts/directives/voucher-batch-directive.js HTTP/1.1
Host: localhost:9000
Accept: */*
User-Agent: Mozilla/5.0 (X11; Linux x86_64) AppleWebKit/537.36 (KHTML, like Gecko) Chrome/44.0.2403.130 Safari/537.36
Referer: http://localhost:9000/
Accept-Language: en-GB,en-US;q=0.8,en;q=0.6
Content-Length: 0
Accept-Encoding: gzip, deflate, 
Via: 1.1 localhost.localdomain
11:39:51.211 [LittleProxy-ProxyToServerWorker-7] DEBUG o.l.p.impl.ProxyToServerConnection - (AWAITING_CHUNK) [id: 0x700df78a, /127.0.0.1:35283 => localhost/127.0.0.1:9000]: Reading: DefaultLastHttpContent(data: SlicedByteBuf(ridx: 0, widx: 134, cap: 134/134, unwrapped: UnpooledUnsafeDirectByteBuf(ridx: 134, widx: 134, cap: 65536)), decoderResult: success)
11:39:51.211 [LittleProxy-ProxyToServerWorker-6] DEBUG o.l.p.impl.ProxyToServerConnection - (AWAITING_CHUNK) [id: 0x15efad94, /127.0.0.1:35282 => localhost/127.0.0.1:9000]: Reading: DefaultLastHttpContent(data: SlicedByteBuf(ridx: 0, widx: 709, cap: 709/709, unwrapped: UnpooledUnsafeDirectByteBuf(ridx: 709, widx: 709, cap: 4096)), decoderResult: success)
11:39:51.211 [LittleProxy-ProxyToServerWorker-7] DEBUG o.l.p.impl.ClientToProxyConnection - (AWAITING_INITIAL) [id: 0x4dc93f85, /127.0.0.1:54147 => /127.0.1.1:45224]: Retaining reference counted message
11:39:51.211 [LittleProxy-ProxyToServerWorker-6] DEBUG o.l.p.impl.ClientToProxyConnection - (AWAITING_INITIAL) [id: 0x87242349, /127.0.0.1:54149 => /127.0.1.1:45224]: Retaining reference counted message
11:39:51.211 [LittleProxy-ProxyToServerWorker-7] DEBUG o.l.p.impl.ClientToProxyConnection - (AWAITING_INITIAL) [id: 0x4dc93f85, /127.0.0.1:54147 => /127.0.1.1:45224]: Writing: DefaultLastHttpContent(data: SlicedByteBuf(ridx: 0, widx: 134, cap: 134/134, unwrapped: UnpooledUnsafeDirectByteBuf(ridx: 134, widx: 134, cap: 65536)), decoderResult: success)
11:39:51.211 [LittleProxy-ProxyToServerWorker-6] DEBUG o.l.p.impl.ClientToProxyConnection - (AWAITING_INITIAL) [id: 0x87242349, /127.0.0.1:54149 => /127.0.1.1:45224]: Writing: DefaultLastHttpContent(data: SlicedByteBuf(ridx: 0, widx: 709, cap: 709/709, unwrapped: UnpooledUnsafeDirectByteBuf(ridx: 709, widx: 709, cap: 4096)), decoderResult: success)
11:39:51.211 [LittleProxy-ProxyToServerWorker-6] DEBUG o.l.p.impl.ClientToProxyConnection - (AWAITING_INITIAL) [id: 0x87242349, /127.0.0.1:54149 => /127.0.1.1:45224]: Writing an empty buffer to signal the end of our chunked transfer
11:39:51.211 [LittleProxy-ProxyToServerWorker-7] DEBUG o.l.p.impl.ClientToProxyConnection - (AWAITING_INITIAL) [id: 0x4dc93f85, /127.0.0.1:54147 => /127.0.1.1:45224]: Writing an empty buffer to signal the end of our chunked transfer
11:39:51.211 [LittleProxy-ProxyToServerWorker-6] DEBUG o.l.p.impl.ClientToProxyConnection - (AWAITING_INITIAL) [id: 0x87242349, /127.0.0.1:54149 => /127.0.1.1:45224]: Wrote: DefaultLastHttpContent(data: SlicedByteBuf(ridx: 0, widx: 709, cap: 709/709, unwrapped: UnpooledUnsafeDirectByteBuf(ridx: 709, widx: 709, cap: 4096)), decoderResult: success)
11:39:51.211 [LittleProxy-ProxyToServerWorker-6] DEBUG o.l.p.impl.ClientToProxyConnection - (AWAITING_INITIAL) [id: 0x87242349, /127.0.0.1:54149 => /127.0.1.1:45224]: Retaining reference counted message
11:39:51.211 [LittleProxy-ProxyToServerWorker-6] DEBUG o.l.p.impl.ClientToProxyConnection - (AWAITING_INITIAL) [id: 0x87242349, /127.0.0.1:54149 => /127.0.1.1:45224]: Writing: EmptyByteBufBE
11:39:51.211 [LittleProxy-ProxyToServerWorker-7] DEBUG o.l.p.impl.ClientToProxyConnection - (AWAITING_INITIAL) [id: 0x4dc93f85, /127.0.0.1:54147 => /127.0.1.1:45224]: Wrote: DefaultLastHttpContent(data: SlicedByteBuf(ridx: 0, widx: 134, cap: 134/134, unwrapped: UnpooledUnsafeDirectByteBuf(ridx: 134, widx: 134, cap: 65536)), decoderResult: success)
11:39:51.211 [LittleProxy-ProxyToServerWorker-6] DEBUG o.l.p.impl.ClientToProxyConnection - (AWAITING_INITIAL) [id: 0x87242349, /127.0.0.1:54149 => /127.0.1.1:45224]: Wrote: EmptyByteBufBE
11:39:51.211 [LittleProxy-ProxyToServerWorker-7] DEBUG o.l.p.impl.ClientToProxyConnection - (AWAITING_INITIAL) [id: 0x4dc93f85, /127.0.0.1:54147 => /127.0.1.1:45224]: Retaining reference counted message
11:39:51.211 [LittleProxy-ProxyToServerWorker-6] DEBUG o.l.p.impl.ClientToProxyConnection - (AWAITING_INITIAL) [id: 0x87242349, /127.0.0.1:54149 => /127.0.1.1:45224]: Handling last chunk. Using normal server connection closing rules.
11:39:51.211 [LittleProxy-ProxyToServerWorker-7] DEBUG o.l.p.impl.ClientToProxyConnection - (AWAITING_INITIAL) [id: 0x4dc93f85, /127.0.0.1:54147 => /127.0.1.1:45224]: Writing: EmptyByteBufBE
11:39:51.211 [LittleProxy-ProxyToServerWorker-6] DEBUG o.l.p.impl.ClientToProxyConnection - (AWAITING_INITIAL) [id: 0x87242349, /127.0.0.1:54149 => /127.0.1.1:45224]: Not closing server connection for response: DefaultHttpResponse(decodeResult: success, version: HTTP/1.1)
HTTP/1.1 200 OK
Accept-Ranges: bytes
Date: Tue, 08 Sep 2015 10:39:51 GMT
Cache-Control: public, max-age=0
Last-Modified: Thu, 25 Jun 2015 14:36:46 GMT
ETag: W/"bEmmnfaJO8gzw0N3MZEjoQ=="
Content-Type: application/javascript
Content-Length: 709
Connection: keep-alive
11:39:51.211 [LittleProxy-ProxyToServerWorker-7] DEBUG o.l.p.impl.ClientToProxyConnection - (AWAITING_INITIAL) [id: 0x4dc93f85, /127.0.0.1:54147 => /127.0.1.1:45224]: Wrote: EmptyByteBufBE
11:39:51.211 [LittleProxy-ProxyToServerWorker-6] DEBUG o.l.p.impl.ClientToProxyConnection - (AWAITING_INITIAL) [id: 0x87242349, /127.0.0.1:54149 => /127.0.1.1:45224]: Handling last chunk. Using normal client connection closing rules.
11:39:51.211 [LittleProxy-ProxyToServerWorker-7] DEBUG o.l.p.impl.ClientToProxyConnection - (AWAITING_INITIAL) [id: 0x4dc93f85, /127.0.0.1:54147 => /127.0.1.1:45224]: Handling last chunk. Using normal server connection closing rules.
11:39:51.211 [LittleProxy-ProxyToServerWorker-7] DEBUG o.l.p.impl.ClientToProxyConnection - (AWAITING_INITIAL) [id: 0x4dc93f85, /127.0.0.1:54147 => /127.0.1.1:45224]: Not closing server connection for response: DefaultHttpResponse(decodeResult: success, version: HTTP/1.1)
HTTP/1.1 200 OK
Accept-Ranges: bytes
Date: Tue, 08 Sep 2015 10:39:51 GMT
Cache-Control: public, max-age=0
Last-Modified: Wed, 24 Jun 2015 11:24:04 GMT
ETag: W/"p5X8UEm+H+WGGPgD36tdAQ=="
Content-Type: application/javascript
Content-Length: 134
Connection: keep-alive
11:39:51.211 [LittleProxy-ProxyToServerWorker-7] DEBUG o.l.p.impl.ClientToProxyConnection - (AWAITING_INITIAL) [id: 0x4dc93f85, /127.0.0.1:54147 => /127.0.1.1:45224]: Handling last chunk. Using normal client connection closing rules.
11:39:51.212 [LittleProxy-ProxyToServerWorker-6] DEBUG o.l.p.impl.ClientToProxyConnection - (AWAITING_INITIAL) [id: 0x87242349, /127.0.0.1:54149 => /127.0.1.1:45224]: Not closing client connection for request: [FAILED toString()]
11:39:51.212 [LittleProxy-ProxyToServerWorker-7] DEBUG o.l.p.impl.ClientToProxyConnection - (AWAITING_INITIAL) [id: 0x4dc93f85, /127.0.0.1:54147 => /127.0.1.1:45224]: Not closing client connection for request: [FAILED toString()]
11:39:51.213 [LittleProxy-ProxyToServerWorker-4] DEBUG o.l.p.impl.ProxyToServerConnection - (AWAITING_INITIAL) [id: 0xb51d3331, /127.0.0.1:35284 => localhost/127.0.0.1:9000]: Remembering the current request.
11:39:51.213 [LittleProxy-ProxyToServerWorker-3] DEBUG o.l.p.impl.ProxyToServerConnection - (AWAITING_INITIAL) [id: 0xceaab001, /127.0.0.1:35280 => localhost/127.0.0.1:9000]: Remembering the current request.
11:39:51.213 [LittleProxy-ProxyToServerWorker-4] DEBUG o.l.p.impl.ProxyToServerConnection - (AWAITING_INITIAL) [id: 0xb51d3331, /127.0.0.1:35284 => localhost/127.0.0.1:9000]: Reading: DefaultHttpResponse(decodeResult: success, version: HTTP/1.1)
HTTP/1.1 200 OK
Accept-Ranges: bytes
Date: Tue, 08 Sep 2015 10:39:51 GMT
Cache-Control: public, max-age=0
Last-Modified: Thu, 25 Jun 2015 14:36:46 GMT
ETag: W/"iiciD+6YcNHCy/9frYTHIQ=="
Content-Type: application/javascript
Content-Length: 1184
Connection: keep-alive
11:39:51.213 [LittleProxy-ProxyToServerWorker-3] DEBUG o.l.p.impl.ProxyToServerConnection - (AWAITING_INITIAL) [id: 0xceaab001, /127.0.0.1:35280 => localhost/127.0.0.1:9000]: Reading: DefaultHttpResponse(decodeResult: success, version: HTTP/1.1)
HTTP/1.1 200 OK
Accept-Ranges: bytes
Date: Tue, 08 Sep 2015 10:39:51 GMT
Cache-Control: public, max-age=0
Last-Modified: Thu, 25 Jun 2015 14:36:46 GMT
ETag: W/"XmgGcmeunZxmCeEVbdLo8Q=="
Content-Type: application/javascript
Content-Length: 2324
Connection: keep-alive
11:39:51.213 [LittleProxy-ProxyToServerWorker-4] DEBUG o.l.p.impl.ProxyToServerConnection - (AWAITING_INITIAL) [id: 0xb51d3331, /127.0.0.1:35284 => localhost/127.0.0.1:9000]: Received raw response: DefaultHttpResponse(decodeResult: success, version: HTTP/1.1)
HTTP/1.1 200 OK
Accept-Ranges: bytes
Date: Tue, 08 Sep 2015 10:39:51 GMT
Cache-Control: public, max-age=0
Last-Modified: Thu, 25 Jun 2015 14:36:46 GMT
ETag: W/"iiciD+6YcNHCy/9frYTHIQ=="
Content-Type: application/javascript
Content-Length: 1184
Connection: keep-alive
11:39:51.213 [LittleProxy-ProxyToServerWorker-3] DEBUG o.l.p.impl.ProxyToServerConnection - (AWAITING_INITIAL) [id: 0xceaab001, /127.0.0.1:35280 => localhost/127.0.0.1:9000]: Received raw response: DefaultHttpResponse(decodeResult: success, version: HTTP/1.1)
HTTP/1.1 200 OK
Accept-Ranges: bytes
Date: Tue, 08 Sep 2015 10:39:51 GMT
Cache-Control: public, max-age=0
Last-Modified: Thu, 25 Jun 2015 14:36:46 GMT
ETag: W/"XmgGcmeunZxmCeEVbdLo8Q=="
Content-Type: application/javascript
Content-Length: 2324
Connection: keep-alive
11:39:51.213 [LittleProxy-ProxyToServerWorker-4] DEBUG o.l.p.impl.ProxyToServerConnection - (AWAITING_INITIAL) [id: 0xb51d3331, /127.0.0.1:35284 => localhost/127.0.0.1:9000]: Remembering the current response.
11:39:51.213 [LittleProxy-ProxyToServerWorker-3] DEBUG o.l.p.impl.ProxyToServerConnection - (AWAITING_INITIAL) [id: 0xceaab001, /127.0.0.1:35280 => localhost/127.0.0.1:9000]: Remembering the current response.
11:39:51.213 [LittleProxy-ProxyToServerWorker-4] DEBUG o.l.p.impl.ClientToProxyConnection - (AWAITING_INITIAL) [id: 0x1e5765f0, /127.0.0.1:54148 => /127.0.1.1:45224]: Writing: DefaultHttpResponse(decodeResult: success, version: HTTP/1.1)
HTTP/1.1 200 OK
Accept-Ranges: bytes
Date: Tue, 08 Sep 2015 10:39:51 GMT
Cache-Control: public, max-age=0
Last-Modified: Thu, 25 Jun 2015 14:36:46 GMT
ETag: W/"iiciD+6YcNHCy/9frYTHIQ=="
Content-Type: application/javascript
Content-Length: 1184
Via: 1.1 localhost.localdomain
11:39:51.213 [LittleProxy-ProxyToServerWorker-3] DEBUG o.l.p.impl.ClientToProxyConnection - (AWAITING_INITIAL) [id: 0x16fa54b8, /127.0.0.1:54150 => /127.0.1.1:45224]: Writing: DefaultHttpResponse(decodeResult: success, version: HTTP/1.1)
HTTP/1.1 200 OK
Accept-Ranges: bytes
Date: Tue, 08 Sep 2015 10:39:51 GMT
Cache-Control: public, max-age=0
Last-Modified: Thu, 25 Jun 2015 14:36:46 GMT
ETag: W/"XmgGcmeunZxmCeEVbdLo8Q=="
Content-Type: application/javascript
Content-Length: 2324
Via: 1.1 localhost.localdomain
11:39:51.213 [LittleProxy-ProxyToServerWorker-4] DEBUG o.l.p.impl.ClientToProxyConnection - (AWAITING_INITIAL) [id: 0x1e5765f0, /127.0.0.1:54148 => /127.0.1.1:45224]: Wrote: DefaultHttpResponse(decodeResult: success, version: HTTP/1.1)
HTTP/1.1 200 OK
Accept-Ranges: bytes
Date: Tue, 08 Sep 2015 10:39:51 GMT
Cache-Control: public, max-age=0
Last-Modified: Thu, 25 Jun 2015 14:36:46 GMT
ETag: W/"iiciD+6YcNHCy/9frYTHIQ=="
Content-Type: application/javascript
Content-Length: 1184
Via: 1.1 localhost.localdomain
11:39:51.213 [LittleProxy-ProxyToServerWorker-2] DEBUG o.l.p.impl.ProxyToServerConnection - (AWAITING_INITIAL) [id: 0x9953b61f, /127.0.0.1:35274 => localhost/127.0.0.1:9000]: Remembering the current request.
11:39:51.213 [LittleProxy-ProxyToServerWorker-4] DEBUG o.l.p.impl.ClientToProxyConnection - (AWAITING_INITIAL) [id: 0x1e5765f0, /127.0.0.1:54148 => /127.0.1.1:45224]: Not closing server connection on middle chunk for /scripts/directives/promocode-directive.js
11:39:51.213 [LittleProxy-ProxyToServerWorker-3] DEBUG o.l.p.impl.ClientToProxyConnection - (AWAITING_INITIAL) [id: 0x16fa54b8, /127.0.0.1:54150 => /127.0.1.1:45224]: Wrote: DefaultHttpResponse(decodeResult: success, version: HTTP/1.1)
HTTP/1.1 200 OK
Accept-Ranges: bytes
Date: Tue, 08 Sep 2015 10:39:51 GMT
Cache-Control: public, max-age=0
Last-Modified: Thu, 25 Jun 2015 14:36:46 GMT
ETag: W/"XmgGcmeunZxmCeEVbdLo8Q=="
Content-Type: application/javascript
Content-Length: 2324
Via: 1.1 localhost.localdomain
11:39:51.213 [LittleProxy-ProxyToServerWorker-4] DEBUG o.l.p.impl.ClientToProxyConnection - (AWAITING_INITIAL) [id: 0x1e5765f0, /127.0.0.1:54148 => /127.0.1.1:45224]: Not closing client connection on middle chunk for /scripts/directives/promocode-directive.js
11:39:51.213 [LittleProxy-ProxyToServerWorker-2] DEBUG o.l.p.impl.ProxyToServerConnection - (AWAITING_INITIAL) [id: 0x9953b61f, /127.0.0.1:35274 => localhost/127.0.0.1:9000]: Reading: DefaultHttpResponse(decodeResult: success, version: HTTP/1.1)
HTTP/1.1 200 OK
Accept-Ranges: bytes
Date: Tue, 08 Sep 2015 10:39:51 GMT
Cache-Control: public, max-age=0
Last-Modified: Mon, 20 Jul 2015 14:46:32 GMT
ETag: W/"erN+67vPH1ZbJvXyOY29PQ=="
Content-Type: application/javascript
Content-Length: 1877
Connection: keep-alive
11:39:51.213 [LittleProxy-ProxyToServerWorker-3] DEBUG o.l.p.impl.ClientToProxyConnection - (AWAITING_INITIAL) [id: 0x16fa54b8, /127.0.0.1:54150 => /127.0.1.1:45224]: Not closing server connection on middle chunk for /scripts/directives/single-use-voucher-directive.js
11:39:51.213 [LittleProxy-ProxyToServerWorker-2] DEBUG o.l.p.impl.ProxyToServerConnection - (AWAITING_INITIAL) [id: 0x9953b61f, /127.0.0.1:35274 => localhost/127.0.0.1:9000]: Received raw response: DefaultHttpResponse(decodeResult: success, version: HTTP/1.1)
HTTP/1.1 200 OK
Accept-Ranges: bytes
Date: Tue, 08 Sep 2015 10:39:51 GMT
Cache-Control: public, max-age=0
Last-Modified: Mon, 20 Jul 2015 14:46:32 GMT
ETag: W/"erN+67vPH1ZbJvXyOY29PQ=="
Content-Type: application/javascript
Content-Length: 1877
Connection: keep-alive
11:39:51.213 [LittleProxy-ProxyToServerWorker-3] DEBUG o.l.p.impl.ClientToProxyConnection - (AWAITING_INITIAL) [id: 0x16fa54b8, /127.0.0.1:54150 => /127.0.1.1:45224]: Not closing client connection on middle chunk for /scripts/directives/single-use-voucher-directive.js
11:39:51.213 [LittleProxy-ProxyToServerWorker-2] DEBUG o.l.p.impl.ProxyToServerConnection - (AWAITING_INITIAL) [id: 0x9953b61f, /127.0.0.1:35274 => localhost/127.0.0.1:9000]: Remembering the current response.
11:39:51.213 [LittleProxy-ProxyToServerWorker-2] DEBUG o.l.p.impl.ClientToProxyConnection - (AWAITING_INITIAL) [id: 0xe726451f, /127.0.0.1:54145 => /127.0.1.1:45224]: Writing: DefaultHttpResponse(decodeResult: success, version: HTTP/1.1)
HTTP/1.1 200 OK
Accept-Ranges: bytes
Date: Tue, 08 Sep 2015 10:39:51 GMT
Cache-Control: public, max-age=0
Last-Modified: Mon, 20 Jul 2015 14:46:32 GMT
ETag: W/"erN+67vPH1ZbJvXyOY29PQ=="
Content-Type: application/javascript
Content-Length: 1877
Via: 1.1 localhost.localdomain
11:39:51.213 [LittleProxy-ProxyToServerWorker-2] DEBUG o.l.p.impl.ClientToProxyConnection - (AWAITING_INITIAL) [id: 0xe726451f, /127.0.0.1:54145 => /127.0.1.1:45224]: Wrote: DefaultHttpResponse(decodeResult: success, version: HTTP/1.1)
HTTP/1.1 200 OK
Accept-Ranges: bytes
Date: Tue, 08 Sep 2015 10:39:51 GMT
Cache-Control: public, max-age=0
Last-Modified: Mon, 20 Jul 2015 14:46:32 GMT
ETag: W/"erN+67vPH1ZbJvXyOY29PQ=="
Content-Type: application/javascript
Content-Length: 1877
Via: 1.1 localhost.localdomain
11:39:51.213 [LittleProxy-ProxyToServerWorker-2] DEBUG o.l.p.impl.ClientToProxyConnection - (AWAITING_INITIAL) [id: 0xe726451f, /127.0.0.1:54145 => /127.0.1.1:45224]: Not closing server connection on middle chunk for /scripts/directives/server-connection-directive.js
11:39:51.213 [LittleProxy-ProxyToServerWorker-2] DEBUG o.l.p.impl.ClientToProxyConnection - (AWAITING_INITIAL) [id: 0xe726451f, /127.0.0.1:54145 => /127.0.1.1:45224]: Not closing client connection on middle chunk for /scripts/directives/server-connection-directive.js
11:39:51.214 [LittleProxy-ClientToProxyWorker-5] DEBUG o.l.p.impl.ClientToProxyConnection - (AWAITING_INITIAL) [id: 0x87242349, /127.0.0.1:54149 => /127.0.1.1:45224]: Reading: HttpObjectAggregator$AggregatedFullHttpRequest(decodeResult: success, version: HTTP/1.1, content: CompositeByteBuf(ridx: 0, widx: 0, cap: 0, components=0))
GET http://localhost:9000/scripts/filters/account-filter.js HTTP/1.1
Host: localhost:9000
Proxy-Connection: keep-alive
Accept: */*
User-Agent: Mozilla/5.0 (X11; Linux x86_64) AppleWebKit/537.36 (KHTML, like Gecko) Chrome/44.0.2403.130 Safari/537.36
Referer: http://localhost:9000/
Accept-Encoding: gzip, deflate, sdch
Accept-Language: en-GB,en-US;q=0.8,en;q=0.6
Content-Length: 0
11:39:51.214 [LittleProxy-ClientToProxyWorker-5] DEBUG o.l.p.impl.ClientToProxyConnection - (AWAITING_INITIAL) [id: 0x87242349, /127.0.0.1:54149 => /127.0.1.1:45224]: Got request: HttpObjectAggregator$AggregatedFullHttpRequest(decodeResult: success, version: HTTP/1.1, content: CompositeByteBuf(ridx: 0, widx: 0, cap: 0, components=0))
GET http://localhost:9000/scripts/filters/account-filter.js HTTP/1.1
Host: localhost:9000
Proxy-Connection: keep-alive
Accept: */*
User-Agent: Mozilla/5.0 (X11; Linux x86_64) AppleWebKit/537.36 (KHTML, like Gecko) Chrome/44.0.2403.130 Safari/537.36
Referer: http://localhost:9000/
Accept-Encoding: gzip, deflate, sdch
Accept-Language: en-GB,en-US;q=0.8,en;q=0.6
Content-Length: 0
11:39:51.214 [LittleProxy-ClientToProxyWorker-3] DEBUG o.l.p.impl.ClientToProxyConnection - (AWAITING_INITIAL) [id: 0x4dc93f85, /127.0.0.1:54147 => /127.0.1.1:45224]: Reading: HttpObjectAggregator$AggregatedFullHttpRequest(decodeResult: success, version: HTTP/1.1, content: CompositeByteBuf(ridx: 0, widx: 0, cap: 0, components=0))
GET http://localhost:9000/config HTTP/1.1
Host: localhost:9000
Proxy-Connection: keep-alive
Accept: */*
User-Agent: Mozilla/5.0 (X11; Linux x86_64) AppleWebKit/537.36 (KHTML, like Gecko) Chrome/44.0.2403.130 Safari/537.36
Referer: http://localhost:9000/
Accept-Encoding: gzip, deflate, sdch
Accept-Language: en-GB,en-US;q=0.8,en;q=0.6
Content-Length: 0
11:39:51.214 [LittleProxy-ClientToProxyWorker-3] DEBUG o.l.p.impl.ClientToProxyConnection - (AWAITING_INITIAL) [id: 0x4dc93f85, /127.0.0.1:54147 => /127.0.1.1:45224]: Got request: HttpObjectAggregator$AggregatedFullHttpRequest(decodeResult: success, version: HTTP/1.1, content: CompositeByteBuf(ridx: 0, widx: 0, cap: 0, components=0))
GET http://localhost:9000/config HTTP/1.1
Host: localhost:9000
Proxy-Connection: keep-alive
Accept: */*
User-Agent: Mozilla/5.0 (X11; Linux x86_64) AppleWebKit/537.36 (KHTML, like Gecko) Chrome/44.0.2403.130 Safari/537.36
Referer: http://localhost:9000/
Accept-Encoding: gzip, deflate, sdch
Accept-Language: en-GB,en-US;q=0.8,en;q=0.6
Content-Length: 0
11:39:51.214 [LittleProxy-ClientToProxyWorker-3] DEBUG o.l.p.impl.ClientToProxyConnection - (AWAITING_INITIAL) [id: 0x4dc93f85, /127.0.0.1:54147 => /127.0.1.1:45224]: Ensuring that hostAndPort are available in http://localhost:9000/config
11:39:51.214 [LittleProxy-ClientToProxyWorker-5] DEBUG o.l.p.impl.ClientToProxyConnection - (AWAITING_INITIAL) [id: 0x87242349, /127.0.0.1:54149 => /127.0.1.1:45224]: Ensuring that hostAndPort are available in http://localhost:9000/scripts/filters/account-filter.js
11:39:51.214 [LittleProxy-ClientToProxyWorker-3] DEBUG o.l.p.impl.ClientToProxyConnection - (AWAITING_INITIAL) [id: 0x4dc93f85, /127.0.0.1:54147 => /127.0.1.1:45224]: Finding ProxyToServerConnection for: localhost:9000
11:39:51.214 [LittleProxy-ClientToProxyWorker-5] DEBUG o.l.p.impl.ClientToProxyConnection - (AWAITING_INITIAL) [id: 0x87242349, /127.0.0.1:54149 => /127.0.1.1:45224]: Finding ProxyToServerConnection for: localhost:9000
11:39:51.214 [LittleProxy-ClientToProxyWorker-3] DEBUG o.l.p.impl.ClientToProxyConnection - (AWAITING_INITIAL) [id: 0x4dc93f85, /127.0.0.1:54147 => /127.0.1.1:45224]: Reusing existing server connection: org.littleshoot.proxy.impl.ProxyToServerConnection@2cc0768d
11:39:51.214 [LittleProxy-ClientToProxyWorker-5] DEBUG o.l.p.impl.ClientToProxyConnection - (AWAITING_INITIAL) [id: 0x87242349, /127.0.0.1:54149 => /127.0.1.1:45224]: Reusing existing server connection: org.littleshoot.proxy.impl.ProxyToServerConnection@19d9ddb6
11:39:51.214 [LittleProxy-ClientToProxyWorker-3] DEBUG o.l.p.impl.ClientToProxyConnection - (AWAITING_INITIAL) [id: 0x4dc93f85, /127.0.0.1:54147 => /127.0.1.1:45224]: Modifying request headers for proxying
11:39:51.214 [LittleProxy-ClientToProxyWorker-5] DEBUG o.l.p.impl.ClientToProxyConnection - (AWAITING_INITIAL) [id: 0x87242349, /127.0.0.1:54149 => /127.0.1.1:45224]: Modifying request headers for proxying
11:39:51.214 [LittleProxy-ClientToProxyWorker-3] DEBUG o.l.p.impl.ClientToProxyConnection - (AWAITING_INITIAL) [id: 0x4dc93f85, /127.0.0.1:54147 => /127.0.1.1:45224]: Modifying request for proxy chaining
11:39:51.214 [LittleProxy-ClientToProxyWorker-5] DEBUG o.l.p.impl.ClientToProxyConnection - (AWAITING_INITIAL) [id: 0x87242349, /127.0.0.1:54149 => /127.0.1.1:45224]: Modifying request for proxy chaining
11:39:51.214 [LittleProxy-ClientToProxyWorker-3] DEBUG o.l.p.impl.ClientToProxyConnection - (AWAITING_INITIAL) [id: 0x4dc93f85, /127.0.0.1:54147 => /127.0.1.1:45224]: Stripped host from uri: http://localhost:9000/config    yielding: /config
11:39:51.214 [LittleProxy-ClientToProxyWorker-5] DEBUG o.l.p.impl.ClientToProxyConnection - (AWAITING_INITIAL) [id: 0x87242349, /127.0.0.1:54149 => /127.0.1.1:45224]: Stripped host from uri: http://localhost:9000/scripts/filters/account-filter.js    yielding: /scripts/filters/account-filter.js
11:39:51.214 [LittleProxy-ClientToProxyWorker-3] DEBUG o.l.p.impl.ClientToProxyConnection - (AWAITING_INITIAL) [id: 0x4dc93f85, /127.0.0.1:54147 => /127.0.1.1:45224]: Removed sdch and inserted: gzip, deflate, 
11:39:51.214 [LittleProxy-ClientToProxyWorker-5] DEBUG o.l.p.impl.ClientToProxyConnection - (AWAITING_INITIAL) [id: 0x87242349, /127.0.0.1:54149 => /127.0.1.1:45224]: Removed sdch and inserted: gzip, deflate, 
11:39:51.214 [LittleProxy-ProxyToServerWorker-5] DEBUG o.l.p.impl.ProxyToServerConnection - (AWAITING_INITIAL) [id: 0x97bd59d1, /127.0.0.1:35281 => localhost/127.0.0.1:9000]: Remembering the current request.
11:39:51.214 [LittleProxy-ClientToProxyWorker-3] DEBUG o.l.p.impl.ClientToProxyConnection - (AWAITING_INITIAL) [id: 0x4dc93f85, /127.0.0.1:54147 => /127.0.1.1:45224]: Writing request to ProxyToServerConnection
11:39:51.214 [LittleProxy-ClientToProxyWorker-5] DEBUG o.l.p.impl.ClientToProxyConnection - (AWAITING_INITIAL) [id: 0x87242349, /127.0.0.1:54149 => /127.0.1.1:45224]: Writing request to ProxyToServerConnection
11:39:51.214 [LittleProxy-ClientToProxyWorker-3] DEBUG o.l.p.impl.ProxyToServerConnection - (AWAITING_INITIAL) [id: 0x700df78a, /127.0.0.1:35283 => localhost/127.0.0.1:9000]: Requested write of HttpObjectAggregator$AggregatedFullHttpRequest(decodeResult: success, version: HTTP/1.1, content: CompositeByteBuf(ridx: 0, widx: 0, cap: 0, components=0))
GET /config HTTP/1.1
Host: localhost:9000
Accept: */*
User-Agent: Mozilla/5.0 (X11; Linux x86_64) AppleWebKit/537.36 (KHTML, like Gecko) Chrome/44.0.2403.130 Safari/537.36
Referer: http://localhost:9000/
Accept-Language: en-GB,en-US;q=0.8,en;q=0.6
Content-Length: 0
Accept-Encoding: gzip, deflate, 
Via: 1.1 localhost.localdomain
11:39:51.214 [LittleProxy-ProxyToServerWorker-5] DEBUG o.l.p.impl.ProxyToServerConnection - (AWAITING_INITIAL) [id: 0x97bd59d1, /127.0.0.1:35281 => localhost/127.0.0.1:9000]: Reading: DefaultHttpResponse(decodeResult: success, version: HTTP/1.1)
HTTP/1.1 200 OK
Accept-Ranges: bytes
Date: Tue, 08 Sep 2015 10:39:51 GMT
Cache-Control: public, max-age=0
Last-Modified: Mon, 20 Jul 2015 14:46:32 GMT
ETag: W/"15nzz5CeUU23xxgFevt9+A=="
Content-Type: application/javascript
Content-Length: 1095
Connection: keep-alive
11:39:51.214 [LittleProxy-ClientToProxyWorker-3] DEBUG o.l.p.impl.ProxyToServerConnection - (AWAITING_INITIAL) [id: 0x700df78a, /127.0.0.1:35283 => localhost/127.0.0.1:9000]: Retaining reference counted message
11:39:51.214 [LittleProxy-ClientToProxyWorker-5] DEBUG o.l.p.impl.ProxyToServerConnection - (AWAITING_INITIAL) [id: 0x15efad94, /127.0.0.1:35282 => localhost/127.0.0.1:9000]: Requested write of HttpObjectAggregator$AggregatedFullHttpRequest(decodeResult: success, version: HTTP/1.1, content: CompositeByteBuf(ridx: 0, widx: 0, cap: 0, components=0))
GET /scripts/filters/account-filter.js HTTP/1.1
Host: localhost:9000
Accept: */*
User-Agent: Mozilla/5.0 (X11; Linux x86_64) AppleWebKit/537.36 (KHTML, like Gecko) Chrome/44.0.2403.130 Safari/537.36
Referer: http://localhost:9000/
Accept-Language: en-GB,en-US;q=0.8,en;q=0.6
Content-Length: 0
Accept-Encoding: gzip, deflate, 
Via: 1.1 localhost.localdomain
11:39:51.214 [LittleProxy-ProxyToServerWorker-5] DEBUG o.l.p.impl.ProxyToServerConnection - (AWAITING_INITIAL) [id: 0x97bd59d1, /127.0.0.1:35281 => localhost/127.0.0.1:9000]: Received raw response: DefaultHttpResponse(decodeResult: success, version: HTTP/1.1)
HTTP/1.1 200 OK
Accept-Ranges: bytes
Date: Tue, 08 Sep 2015 10:39:51 GMT
Cache-Control: public, max-age=0
Last-Modified: Mon, 20 Jul 2015 14:46:32 GMT
ETag: W/"15nzz5CeUU23xxgFevt9+A=="
Content-Type: application/javascript
Content-Length: 1095
Connection: keep-alive
11:39:51.214 [LittleProxy-ClientToProxyWorker-3] DEBUG o.l.p.impl.ProxyToServerConnection - (AWAITING_INITIAL) [id: 0x700df78a, /127.0.0.1:35283 => localhost/127.0.0.1:9000]: Using existing connection to: localhost/127.0.0.1:9000
11:39:51.214 [LittleProxy-ClientToProxyWorker-5] DEBUG o.l.p.impl.ProxyToServerConnection - (AWAITING_INITIAL) [id: 0x15efad94, /127.0.0.1:35282 => localhost/127.0.0.1:9000]: Retaining reference counted message
11:39:51.214 [LittleProxy-ProxyToServerWorker-5] DEBUG o.l.p.impl.ProxyToServerConnection - (AWAITING_INITIAL) [id: 0x97bd59d1, /127.0.0.1:35281 => localhost/127.0.0.1:9000]: Remembering the current response.
11:39:51.214 [LittleProxy-ClientToProxyWorker-3] DEBUG o.l.p.impl.ProxyToServerConnection - (AWAITING_INITIAL) [id: 0x700df78a, /127.0.0.1:35283 => localhost/127.0.0.1:9000]: Writing: HttpObjectAggregator$AggregatedFullHttpRequest(decodeResult: success, version: HTTP/1.1, content: CompositeByteBuf(ridx: 0, widx: 0, cap: 0, components=0))
GET /config HTTP/1.1
Host: localhost:9000
Accept: */*
User-Agent: Mozilla/5.0 (X11; Linux x86_64) AppleWebKit/537.36 (KHTML, like Gecko) Chrome/44.0.2403.130 Safari/537.36
Referer: http://localhost:9000/
Accept-Language: en-GB,en-US;q=0.8,en;q=0.6
Content-Length: 0
Accept-Encoding: gzip, deflate, 
Via: 1.1 localhost.localdomain
11:39:51.214 [LittleProxy-ClientToProxyWorker-5] DEBUG o.l.p.impl.ProxyToServerConnection - (AWAITING_INITIAL) [id: 0x15efad94, /127.0.0.1:35282 => localhost/127.0.0.1:9000]: Using existing connection to: localhost/127.0.0.1:9000
11:39:51.214 [LittleProxy-ClientToProxyWorker-3] DEBUG o.l.p.impl.ProxyToServerConnection - (AWAITING_INITIAL) [id: 0x700df78a, /127.0.0.1:35283 => localhost/127.0.0.1:9000]: Writing an empty buffer to signal the end of our chunked transfer
11:39:51.214 [LittleProxy-ClientToProxyWorker-5] DEBUG o.l.p.impl.ProxyToServerConnection - (AWAITING_INITIAL) [id: 0x15efad94, /127.0.0.1:35282 => localhost/127.0.0.1:9000]: Writing: HttpObjectAggregator$AggregatedFullHttpRequest(decodeResult: success, version: HTTP/1.1, content: CompositeByteBuf(ridx: 0, widx: 0, cap: 0, components=0))
GET /scripts/filters/account-filter.js HTTP/1.1
Host: localhost:9000
Accept: */*
User-Agent: Mozilla/5.0 (X11; Linux x86_64) AppleWebKit/537.36 (KHTML, like Gecko) Chrome/44.0.2403.130 Safari/537.36
Referer: http://localhost:9000/
Accept-Language: en-GB,en-US;q=0.8,en;q=0.6
Content-Length: 0
Accept-Encoding: gzip, deflate, 
Via: 1.1 localhost.localdomain
11:39:51.214 [LittleProxy-ClientToProxyWorker-5] DEBUG o.l.p.impl.ProxyToServerConnection - (AWAITING_INITIAL) [id: 0x15efad94, /127.0.0.1:35282 => localhost/127.0.0.1:9000]: Writing an empty buffer to signal the end of our chunked transfer
11:39:51.214 [LittleProxy-ClientToProxyWorker-3] DEBUG o.l.p.impl.ProxyToServerConnection - (AWAITING_INITIAL) [id: 0x700df78a, /127.0.0.1:35283 => localhost/127.0.0.1:9000]: Wrote: HttpObjectAggregator$AggregatedFullHttpRequest(decodeResult: success, version: HTTP/1.1, content: CompositeByteBuf(ridx: 0, widx: 0, cap: 0, components=0))
GET /config HTTP/1.1
Host: localhost:9000
Accept: */*
User-Agent: Mozilla/5.0 (X11; Linux x86_64) AppleWebKit/537.36 (KHTML, like Gecko) Chrome/44.0.2403.130 Safari/537.36
Referer: http://localhost:9000/
Accept-Language: en-GB,en-US;q=0.8,en;q=0.6
Content-Length: 0
Accept-Encoding: gzip, deflate, 
Via: 1.1 localhost.localdomain
11:39:51.214 [LittleProxy-ProxyToServerWorker-5] DEBUG o.l.p.impl.ClientToProxyConnection - (AWAITING_INITIAL) [id: 0xa74abe3b, /127.0.0.1:54151 => /127.0.1.1:45224]: Writing: DefaultHttpResponse(decodeResult: success, version: HTTP/1.1)
HTTP/1.1 200 OK
Accept-Ranges: bytes
Date: Tue, 08 Sep 2015 10:39:51 GMT
Cache-Control: public, max-age=0
Last-Modified: Mon, 20 Jul 2015 14:46:32 GMT
ETag: W/"15nzz5CeUU23xxgFevt9+A=="
Content-Type: application/javascript
Content-Length: 1095
Via: 1.1 localhost.localdomain
11:39:51.214 [LittleProxy-ClientToProxyWorker-5] DEBUG o.l.p.impl.ProxyToServerConnection - (AWAITING_INITIAL) [id: 0x15efad94, /127.0.0.1:35282 => localhost/127.0.0.1:9000]: Wrote: HttpObjectAggregator$AggregatedFullHttpRequest(decodeResult: success, version: HTTP/1.1, content: CompositeByteBuf(ridx: 0, widx: 0, cap: 0, components=0))
GET /scripts/filters/account-filter.js HTTP/1.1
Host: localhost:9000
Accept: */*
User-Agent: Mozilla/5.0 (X11; Linux x86_64) AppleWebKit/537.36 (KHTML, like Gecko) Chrome/44.0.2403.130 Safari/537.36
Referer: http://localhost:9000/
Accept-Language: en-GB,en-US;q=0.8,en;q=0.6
Content-Length: 0
Accept-Encoding: gzip, deflate, 
Via: 1.1 localhost.localdomain
11:39:51.215 [LittleProxy-ProxyToServerWorker-5] DEBUG o.l.p.impl.ClientToProxyConnection - (AWAITING_INITIAL) [id: 0xa74abe3b, /127.0.0.1:54151 => /127.0.1.1:45224]: Wrote: DefaultHttpResponse(decodeResult: success, version: HTTP/1.1)
HTTP/1.1 200 OK
Accept-Ranges: bytes
Date: Tue, 08 Sep 2015 10:39:51 GMT
Cache-Control: public, max-age=0
Last-Modified: Mon, 20 Jul 2015 14:46:32 GMT
ETag: W/"15nzz5CeUU23xxgFevt9+A=="
Content-Type: application/javascript
Content-Length: 1095
Via: 1.1 localhost.localdomain
11:39:51.215 [LittleProxy-ProxyToServerWorker-5] DEBUG o.l.p.impl.ClientToProxyConnection - (AWAITING_INITIAL) [id: 0xa74abe3b, /127.0.0.1:54151 => /127.0.1.1:45224]: Not closing server connection on middle chunk for /scripts/directives/voucher-batch-directive.js
11:39:51.215 [LittleProxy-ProxyToServerWorker-5] DEBUG o.l.p.impl.ClientToProxyConnection - (AWAITING_INITIAL) [id: 0xa74abe3b, /127.0.0.1:54151 => /127.0.1.1:45224]: Not closing client connection on middle chunk for /scripts/directives/voucher-batch-directive.js
11:39:51.239 [LittleProxy-ProxyToServerWorker-7] DEBUG o.l.p.impl.ProxyToServerConnection - (AWAITING_INITIAL) [id: 0x700df78a, /127.0.0.1:35283 => localhost/127.0.0.1:9000]: Remembering the current request.
11:39:51.239 [LittleProxy-ProxyToServerWorker-7] DEBUG o.l.p.impl.ProxyToServerConnection - (AWAITING_INITIAL) [id: 0x700df78a, /127.0.0.1:35283 => localhost/127.0.0.1:9000]: Reading: DefaultHttpResponse(decodeResult: success, version: HTTP/1.1)
HTTP/1.1 303 See Other
Location: /config/
Date: Tue, 08 Sep 2015 10:39:51 GMT
Connection: keep-alive
Transfer-Encoding: chunked
11:39:51.239 [LittleProxy-ProxyToServerWorker-7] DEBUG o.l.p.impl.ProxyToServerConnection - (AWAITING_INITIAL) [id: 0x700df78a, /127.0.0.1:35283 => localhost/127.0.0.1:9000]: Received raw response: DefaultHttpResponse(decodeResult: success, version: HTTP/1.1)
HTTP/1.1 303 See Other
Location: /config/
Date: Tue, 08 Sep 2015 10:39:51 GMT
Connection: keep-alive
Transfer-Encoding: chunked
11:39:51.239 [LittleProxy-ProxyToServerWorker-7] DEBUG o.l.p.impl.ProxyToServerConnection - (AWAITING_INITIAL) [id: 0x700df78a, /127.0.0.1:35283 => localhost/127.0.0.1:9000]: Remembering the current response.
11:39:51.240 [LittleProxy-ProxyToServerWorker-7] DEBUG o.l.p.impl.ClientToProxyConnection - (AWAITING_INITIAL) [id: 0x4dc93f85, /127.0.0.1:54147 => /127.0.1.1:45224]: Writing: DefaultHttpResponse(decodeResult: success, version: HTTP/1.1)
HTTP/1.1 303 See Other
Location: /config/
Date: Tue, 08 Sep 2015 10:39:51 GMT
Transfer-Encoding: chunked
Via: 1.1 localhost.localdomain
11:39:51.240 [LittleProxy-ProxyToServerWorker-7] DEBUG o.l.p.impl.ClientToProxyConnection - (AWAITING_INITIAL) [id: 0x4dc93f85, /127.0.0.1:54147 => /127.0.1.1:45224]: Wrote: DefaultHttpResponse(decodeResult: success, version: HTTP/1.1)
HTTP/1.1 303 See Other
Location: /config/
Date: Tue, 08 Sep 2015 10:39:51 GMT
Transfer-Encoding: chunked
Via: 1.1 localhost.localdomain
11:39:51.240 [LittleProxy-ProxyToServerWorker-7] DEBUG o.l.p.impl.ClientToProxyConnection - (AWAITING_INITIAL) [id: 0x4dc93f85, /127.0.0.1:54147 => /127.0.1.1:45224]: Not closing server connection on middle chunk for /config
11:39:51.240 [LittleProxy-ProxyToServerWorker-7] DEBUG o.l.p.impl.ClientToProxyConnection - (AWAITING_INITIAL) [id: 0x4dc93f85, /127.0.0.1:54147 => /127.0.1.1:45224]: Not closing client connection on middle chunk for /config
11:39:51.240 [LittleProxy-ProxyToServerWorker-7] DEBUG o.l.p.impl.ProxyToServerConnection - (AWAITING_CHUNK) [id: 0x700df78a, /127.0.0.1:35283 => localhost/127.0.0.1:9000]: Reading: DefaultHttpContent(data: SlicedByteBuf(ridx: 0, widx: 23, cap: 23/23, unwrapped: UnpooledUnsafeDirectByteBuf(ridx: 169, widx: 169, cap: 32768)), decoderResult: success)
11:39:51.240 [LittleProxy-ProxyToServerWorker-7] DEBUG o.l.p.impl.ClientToProxyConnection - (AWAITING_INITIAL) [id: 0x4dc93f85, /127.0.0.1:54147 => /127.0.1.1:45224]: Retaining reference counted message
11:39:51.240 [LittleProxy-ProxyToServerWorker-7] DEBUG o.l.p.impl.ClientToProxyConnection - (AWAITING_INITIAL) [id: 0x4dc93f85, /127.0.0.1:54147 => /127.0.1.1:45224]: Writing: DefaultHttpContent(data: SlicedByteBuf(ridx: 0, widx: 23, cap: 23/23, unwrapped: UnpooledUnsafeDirectByteBuf(ridx: 169, widx: 169, cap: 32768)), decoderResult: success)
11:39:51.240 [LittleProxy-ProxyToServerWorker-7] DEBUG o.l.p.impl.ClientToProxyConnection - (AWAITING_INITIAL) [id: 0x4dc93f85, /127.0.0.1:54147 => /127.0.1.1:45224]: Wrote: DefaultHttpContent(data: SlicedByteBuf(ridx: 0, widx: 23, cap: 23/23, unwrapped: UnpooledUnsafeDirectByteBuf(ridx: 169, widx: 169, cap: 32768)), decoderResult: success)
11:39:51.240 [LittleProxy-ProxyToServerWorker-7] DEBUG o.l.p.impl.ClientToProxyConnection - (AWAITING_INITIAL) [id: 0x4dc93f85, /127.0.0.1:54147 => /127.0.1.1:45224]: Not closing server connection on middle chunk for /config
11:39:51.240 [LittleProxy-ProxyToServerWorker-7] DEBUG o.l.p.impl.ClientToProxyConnection - (AWAITING_INITIAL) [id: 0x4dc93f85, /127.0.0.1:54147 => /127.0.1.1:45224]: Not closing client connection on middle chunk for /config
11:39:51.240 [LittleProxy-ProxyToServerWorker-7] DEBUG o.l.p.impl.ProxyToServerConnection - (AWAITING_CHUNK) [id: 0x700df78a, /127.0.0.1:35283 => localhost/127.0.0.1:9000]: Reading: EmptyLastHttpContent
11:39:51.240 [LittleProxy-ProxyToServerWorker-7] DEBUG o.l.p.impl.ClientToProxyConnection - (AWAITING_INITIAL) [id: 0x4dc93f85, /127.0.0.1:54147 => /127.0.1.1:45224]: Retaining reference counted message
11:39:51.240 [LittleProxy-ProxyToServerWorker-7] DEBUG o.l.p.impl.ClientToProxyConnection - (AWAITING_INITIAL) [id: 0x4dc93f85, /127.0.0.1:54147 => /127.0.1.1:45224]: Writing: EmptyLastHttpContent
11:39:51.240 [LittleProxy-ProxyToServerWorker-7] DEBUG o.l.p.impl.ClientToProxyConnection - (AWAITING_INITIAL) [id: 0x4dc93f85, /127.0.0.1:54147 => /127.0.1.1:45224]: Writing an empty buffer to signal the end of our chunked transfer
11:39:51.240 [LittleProxy-ProxyToServerWorker-7] DEBUG o.l.p.impl.ClientToProxyConnection - (AWAITING_INITIAL) [id: 0x4dc93f85, /127.0.0.1:54147 => /127.0.1.1:45224]: Wrote: EmptyLastHttpContent
11:39:51.240 [LittleProxy-ProxyToServerWorker-7] DEBUG o.l.p.impl.ClientToProxyConnection - (AWAITING_INITIAL) [id: 0x4dc93f85, /127.0.0.1:54147 => /127.0.1.1:45224]: Retaining reference counted message
11:39:51.240 [LittleProxy-ProxyToServerWorker-7] DEBUG o.l.p.impl.ClientToProxyConnection - (AWAITING_INITIAL) [id: 0x4dc93f85, /127.0.0.1:54147 => /127.0.1.1:45224]: Writing: EmptyByteBufBE
11:39:51.240 [LittleProxy-ProxyToServerWorker-7] DEBUG o.l.p.impl.ClientToProxyConnection - (AWAITING_INITIAL) [id: 0x4dc93f85, /127.0.0.1:54147 => /127.0.1.1:45224]: Wrote: EmptyByteBufBE
11:39:51.240 [LittleProxy-ProxyToServerWorker-7] DEBUG o.l.p.impl.ClientToProxyConnection - (AWAITING_INITIAL) [id: 0x4dc93f85, /127.0.0.1:54147 => /127.0.1.1:45224]: Handling last chunk. Using normal server connection closing rules.
11:39:51.240 [LittleProxy-ProxyToServerWorker-7] DEBUG o.l.p.impl.ClientToProxyConnection - (AWAITING_INITIAL) [id: 0x4dc93f85, /127.0.0.1:54147 => /127.0.1.1:45224]: Not closing server connection for response: DefaultHttpResponse(decodeResult: success, version: HTTP/1.1)
HTTP/1.1 303 See Other
Location: /config/
Date: Tue, 08 Sep 2015 10:39:51 GMT
Connection: keep-alive
Transfer-Encoding: chunked
11:39:51.240 [LittleProxy-ProxyToServerWorker-7] DEBUG o.l.p.impl.ClientToProxyConnection - (AWAITING_INITIAL) [id: 0x4dc93f85, /127.0.0.1:54147 => /127.0.1.1:45224]: Handling last chunk. Using normal client connection closing rules.
11:39:51.240 [LittleProxy-ProxyToServerWorker-7] DEBUG o.l.p.impl.ClientToProxyConnection - (AWAITING_INITIAL) [id: 0x4dc93f85, /127.0.0.1:54147 => /127.0.1.1:45224]: Not closing client connection for request: [FAILED toString()]
11:39:51.241 [LittleProxy-ClientToProxyWorker-3] DEBUG o.l.p.impl.ClientToProxyConnection - (AWAITING_INITIAL) [id: 0x4dc93f85, /127.0.0.1:54147 => /127.0.1.1:45224]: Reading: HttpObjectAggregator$AggregatedFullHttpRequest(decodeResult: success, version: HTTP/1.1, content: CompositeByteBuf(ridx: 0, widx: 0, cap: 0, components=0))
GET http://localhost:9000/config/ HTTP/1.1
Host: localhost:9000
Proxy-Connection: keep-alive
Accept: */*
User-Agent: Mozilla/5.0 (X11; Linux x86_64) AppleWebKit/537.36 (KHTML, like Gecko) Chrome/44.0.2403.130 Safari/537.36
Referer: http://localhost:9000/
Accept-Encoding: gzip, deflate, sdch
Accept-Language: en-GB,en-US;q=0.8,en;q=0.6
Content-Length: 0
11:39:51.241 [LittleProxy-ClientToProxyWorker-3] DEBUG o.l.p.impl.ClientToProxyConnection - (AWAITING_INITIAL) [id: 0x4dc93f85, /127.0.0.1:54147 => /127.0.1.1:45224]: Got request: HttpObjectAggregator$AggregatedFullHttpRequest(decodeResult: success, version: HTTP/1.1, content: CompositeByteBuf(ridx: 0, widx: 0, cap: 0, components=0))
GET http://localhost:9000/config/ HTTP/1.1
Host: localhost:9000
Proxy-Connection: keep-alive
Accept: */*
User-Agent: Mozilla/5.0 (X11; Linux x86_64) AppleWebKit/537.36 (KHTML, like Gecko) Chrome/44.0.2403.130 Safari/537.36
Referer: http://localhost:9000/
Accept-Encoding: gzip, deflate, sdch
Accept-Language: en-GB,en-US;q=0.8,en;q=0.6
Content-Length: 0
11:39:51.241 [LittleProxy-ClientToProxyWorker-3] DEBUG o.l.p.impl.ClientToProxyConnection - (AWAITING_INITIAL) [id: 0x4dc93f85, /127.0.0.1:54147 => /127.0.1.1:45224]: Ensuring that hostAndPort are available in http://localhost:9000/config/
11:39:51.241 [LittleProxy-ClientToProxyWorker-3] DEBUG o.l.p.impl.ClientToProxyConnection - (AWAITING_INITIAL) [id: 0x4dc93f85, /127.0.0.1:54147 => /127.0.1.1:45224]: Finding ProxyToServerConnection for: localhost:9000
11:39:51.241 [LittleProxy-ClientToProxyWorker-3] DEBUG o.l.p.impl.ClientToProxyConnection - (AWAITING_INITIAL) [id: 0x4dc93f85, /127.0.0.1:54147 => /127.0.1.1:45224]: Reusing existing server connection: org.littleshoot.proxy.impl.ProxyToServerConnection@2cc0768d
11:39:51.241 [LittleProxy-ClientToProxyWorker-3] DEBUG o.l.p.impl.ClientToProxyConnection - (AWAITING_INITIAL) [id: 0x4dc93f85, /127.0.0.1:54147 => /127.0.1.1:45224]: Modifying request headers for proxying
11:39:51.241 [LittleProxy-ClientToProxyWorker-3] DEBUG o.l.p.impl.ClientToProxyConnection - (AWAITING_INITIAL) [id: 0x4dc93f85, /127.0.0.1:54147 => /127.0.1.1:45224]: Modifying request for proxy chaining
11:39:51.241 [LittleProxy-ClientToProxyWorker-3] DEBUG o.l.p.impl.ClientToProxyConnection - (AWAITING_INITIAL) [id: 0x4dc93f85, /127.0.0.1:54147 => /127.0.1.1:45224]: Stripped host from uri: http://localhost:9000/config/    yielding: /config/
11:39:51.241 [LittleProxy-ClientToProxyWorker-3] DEBUG o.l.p.impl.ClientToProxyConnection - (AWAITING_INITIAL) [id: 0x4dc93f85, /127.0.0.1:54147 => /127.0.1.1:45224]: Removed sdch and inserted: gzip, deflate, 
11:39:51.241 [LittleProxy-ClientToProxyWorker-3] DEBUG o.l.p.impl.ClientToProxyConnection - (AWAITING_INITIAL) [id: 0x4dc93f85, /127.0.0.1:54147 => /127.0.1.1:45224]: Writing request to ProxyToServerConnection
11:39:51.241 [LittleProxy-ClientToProxyWorker-3] DEBUG o.l.p.impl.ProxyToServerConnection - (AWAITING_INITIAL) [id: 0x700df78a, /127.0.0.1:35283 => localhost/127.0.0.1:9000]: Requested write of HttpObjectAggregator$AggregatedFullHttpRequest(decodeResult: success, version: HTTP/1.1, content: CompositeByteBuf(ridx: 0, widx: 0, cap: 0, components=0))
GET /config/ HTTP/1.1
Host: localhost:9000
Accept: */*
User-Agent: Mozilla/5.0 (X11; Linux x86_64) AppleWebKit/537.36 (KHTML, like Gecko) Chrome/44.0.2403.130 Safari/537.36
Referer: http://localhost:9000/
Accept-Language: en-GB,en-US;q=0.8,en;q=0.6
Content-Length: 0
Accept-Encoding: gzip, deflate, 
Via: 1.1 localhost.localdomain
11:39:51.241 [LittleProxy-ClientToProxyWorker-3] DEBUG o.l.p.impl.ProxyToServerConnection - (AWAITING_INITIAL) [id: 0x700df78a, /127.0.0.1:35283 => localhost/127.0.0.1:9000]: Retaining reference counted message
11:39:51.241 [LittleProxy-ClientToProxyWorker-3] DEBUG o.l.p.impl.ProxyToServerConnection - (AWAITING_INITIAL) [id: 0x700df78a, /127.0.0.1:35283 => localhost/127.0.0.1:9000]: Using existing connection to: localhost/127.0.0.1:9000
11:39:51.241 [LittleProxy-ClientToProxyWorker-3] DEBUG o.l.p.impl.ProxyToServerConnection - (AWAITING_INITIAL) [id: 0x700df78a, /127.0.0.1:35283 => localhost/127.0.0.1:9000]: Writing: HttpObjectAggregator$AggregatedFullHttpRequest(decodeResult: success, version: HTTP/1.1, content: CompositeByteBuf(ridx: 0, widx: 0, cap: 0, components=0))
GET /config/ HTTP/1.1
Host: localhost:9000
Accept: */*
User-Agent: Mozilla/5.0 (X11; Linux x86_64) AppleWebKit/537.36 (KHTML, like Gecko) Chrome/44.0.2403.130 Safari/537.36
Referer: http://localhost:9000/
Accept-Language: en-GB,en-US;q=0.8,en;q=0.6
Content-Length: 0
Accept-Encoding: gzip, deflate, 
Via: 1.1 localhost.localdomain
11:39:51.241 [LittleProxy-ClientToProxyWorker-3] DEBUG o.l.p.impl.ProxyToServerConnection - (AWAITING_INITIAL) [id: 0x700df78a, /127.0.0.1:35283 => localhost/127.0.0.1:9000]: Writing an empty buffer to signal the end of our chunked transfer
11:39:51.241 [LittleProxy-ClientToProxyWorker-3] DEBUG o.l.p.impl.ProxyToServerConnection - (AWAITING_INITIAL) [id: 0x700df78a, /127.0.0.1:35283 => localhost/127.0.0.1:9000]: Wrote: HttpObjectAggregator$AggregatedFullHttpRequest(decodeResult: success, version: HTTP/1.1, content: CompositeByteBuf(ridx: 0, widx: 0, cap: 0, components=0))
GET /config/ HTTP/1.1
Host: localhost:9000
Accept: */*
User-Agent: Mozilla/5.0 (X11; Linux x86_64) AppleWebKit/537.36 (KHTML, like Gecko) Chrome/44.0.2403.130 Safari/537.36
Referer: http://localhost:9000/
Accept-Language: en-GB,en-US;q=0.8,en;q=0.6
Content-Length: 0
Accept-Encoding: gzip, deflate, 
Via: 1.1 localhost.localdomain
11:39:51.243 [LittleProxy-ProxyToServerWorker-7] DEBUG o.l.p.impl.ProxyToServerConnection - (AWAITING_INITIAL) [id: 0x700df78a, /127.0.0.1:35283 => localhost/127.0.0.1:9000]: Remembering the current request.
11:39:51.243 [LittleProxy-ProxyToServerWorker-7] DEBUG o.l.p.impl.ProxyToServerConnection - (AWAITING_INITIAL) [id: 0x700df78a, /127.0.0.1:35283 => localhost/127.0.0.1:9000]: Reading: DefaultHttpResponse(decodeResult: success, version: HTTP/1.1)
HTTP/1.1 200 OK
Accept-Ranges: bytes
Date: Tue, 08 Sep 2015 10:39:51 GMT
Cache-Control: public, max-age=0
Last-Modified: Mon, 03 Aug 2015 14:47:14 GMT
ETag: W/"kCLKsXRLGmehMRh6SAOHtQ=="
Content-Type: application/javascript
Content-Length: 115
Connection: keep-alive
11:39:51.243 [LittleProxy-ProxyToServerWorker-7] DEBUG o.l.p.impl.ProxyToServerConnection - (AWAITING_INITIAL) [id: 0x700df78a, /127.0.0.1:35283 => localhost/127.0.0.1:9000]: Received raw response: DefaultHttpResponse(decodeResult: success, version: HTTP/1.1)
HTTP/1.1 200 OK
Accept-Ranges: bytes
Date: Tue, 08 Sep 2015 10:39:51 GMT
Cache-Control: public, max-age=0
Last-Modified: Mon, 03 Aug 2015 14:47:14 GMT
ETag: W/"kCLKsXRLGmehMRh6SAOHtQ=="
Content-Type: application/javascript
Content-Length: 115
Connection: keep-alive
11:39:51.243 [LittleProxy-ProxyToServerWorker-7] DEBUG o.l.p.impl.ProxyToServerConnection - (AWAITING_INITIAL) [id: 0x700df78a, /127.0.0.1:35283 => localhost/127.0.0.1:9000]: Remembering the current response.
11:39:51.243 [LittleProxy-ProxyToServerWorker-7] DEBUG o.l.p.impl.ClientToProxyConnection - (AWAITING_INITIAL) [id: 0x4dc93f85, /127.0.0.1:54147 => /127.0.1.1:45224]: Writing: DefaultHttpResponse(decodeResult: success, version: HTTP/1.1)
HTTP/1.1 200 OK
Accept-Ranges: bytes
Date: Tue, 08 Sep 2015 10:39:51 GMT
Cache-Control: public, max-age=0
Last-Modified: Mon, 03 Aug 2015 14:47:14 GMT
ETag: W/"kCLKsXRLGmehMRh6SAOHtQ=="
Content-Type: application/javascript
Content-Length: 115
Via: 1.1 localhost.localdomain
11:39:51.243 [LittleProxy-ProxyToServerWorker-7] DEBUG o.l.p.impl.ClientToProxyConnection - (AWAITING_INITIAL) [id: 0x4dc93f85, /127.0.0.1:54147 => /127.0.1.1:45224]: Wrote: DefaultHttpResponse(decodeResult: success, version: HTTP/1.1)
HTTP/1.1 200 OK
Accept-Ranges: bytes
Date: Tue, 08 Sep 2015 10:39:51 GMT
Cache-Control: public, max-age=0
Last-Modified: Mon, 03 Aug 2015 14:47:14 GMT
ETag: W/"kCLKsXRLGmehMRh6SAOHtQ=="
Content-Type: application/javascript
Content-Length: 115
Via: 1.1 localhost.localdomain
11:39:51.243 [LittleProxy-ProxyToServerWorker-7] DEBUG o.l.p.impl.ClientToProxyConnection - (AWAITING_INITIAL) [id: 0x4dc93f85, /127.0.0.1:54147 => /127.0.1.1:45224]: Not closing server connection on middle chunk for /config/
11:39:51.243 [LittleProxy-ProxyToServerWorker-7] DEBUG o.l.p.impl.ClientToProxyConnection - (AWAITING_INITIAL) [id: 0x4dc93f85, /127.0.0.1:54147 => /127.0.1.1:45224]: Not closing client connection on middle chunk for /config/
11:39:51.251 [LittleProxy-ProxyToServerWorker-2] DEBUG o.l.p.impl.ProxyToServerConnection - (AWAITING_CHUNK) [id: 0x9953b61f, /127.0.0.1:35274 => localhost/127.0.0.1:9000]: Reading: DefaultLastHttpContent(data: SlicedByteBuf(ridx: 0, widx: 1877, cap: 1877/1877, unwrapped: UnpooledUnsafeDirectByteBuf(ridx: 1877, widx: 1877, cap: 8192)), decoderResult: success)
11:39:51.251 [LittleProxy-ProxyToServerWorker-3] DEBUG o.l.p.impl.ProxyToServerConnection - (AWAITING_CHUNK) [id: 0xceaab001, /127.0.0.1:35280 => localhost/127.0.0.1:9000]: Reading: DefaultLastHttpContent(data: SlicedByteBuf(ridx: 0, widx: 2324, cap: 2324/2324, unwrapped: UnpooledUnsafeDirectByteBuf(ridx: 2324, widx: 2324, cap: 8192)), decoderResult: success)
11:39:51.251 [LittleProxy-ProxyToServerWorker-4] DEBUG o.l.p.impl.ProxyToServerConnection - (AWAITING_CHUNK) [id: 0xb51d3331, /127.0.0.1:35284 => localhost/127.0.0.1:9000]: Reading: DefaultLastHttpContent(data: SlicedByteBuf(ridx: 0, widx: 1184, cap: 1184/1184, unwrapped: UnpooledUnsafeDirectByteBuf(ridx: 1184, widx: 1184, cap: 8192)), decoderResult: success)
11:39:51.251 [LittleProxy-ProxyToServerWorker-2] DEBUG o.l.p.impl.ClientToProxyConnection - (AWAITING_INITIAL) [id: 0xe726451f, /127.0.0.1:54145 => /127.0.1.1:45224]: Retaining reference counted message
11:39:51.251 [LittleProxy-ProxyToServerWorker-5] DEBUG o.l.p.impl.ProxyToServerConnection - (AWAITING_CHUNK) [id: 0x97bd59d1, /127.0.0.1:35281 => localhost/127.0.0.1:9000]: Reading: DefaultLastHttpContent(data: SlicedByteBuf(ridx: 0, widx: 1095, cap: 1095/1095, unwrapped: UnpooledUnsafeDirectByteBuf(ridx: 1095, widx: 1095, cap: 8192)), decoderResult: success)
11:39:51.251 [LittleProxy-ProxyToServerWorker-3] DEBUG o.l.p.impl.ClientToProxyConnection - (AWAITING_INITIAL) [id: 0x16fa54b8, /127.0.0.1:54150 => /127.0.1.1:45224]: Retaining reference counted message
11:39:51.251 [LittleProxy-ProxyToServerWorker-4] DEBUG o.l.p.impl.ClientToProxyConnection - (AWAITING_INITIAL) [id: 0x1e5765f0, /127.0.0.1:54148 => /127.0.1.1:45224]: Retaining reference counted message
11:39:51.251 [LittleProxy-ProxyToServerWorker-2] DEBUG o.l.p.impl.ClientToProxyConnection - (AWAITING_INITIAL) [id: 0xe726451f, /127.0.0.1:54145 => /127.0.1.1:45224]: Writing: DefaultLastHttpContent(data: SlicedByteBuf(ridx: 0, widx: 1877, cap: 1877/1877, unwrapped: UnpooledUnsafeDirectByteBuf(ridx: 1877, widx: 1877, cap: 8192)), decoderResult: success)
11:39:51.251 [LittleProxy-ProxyToServerWorker-5] DEBUG o.l.p.impl.ClientToProxyConnection - (AWAITING_INITIAL) [id: 0xa74abe3b, /127.0.0.1:54151 => /127.0.1.1:45224]: Retaining reference counted message
11:39:51.251 [LittleProxy-ProxyToServerWorker-3] DEBUG o.l.p.impl.ClientToProxyConnection - (AWAITING_INITIAL) [id: 0x16fa54b8, /127.0.0.1:54150 => /127.0.1.1:45224]: Writing: DefaultLastHttpContent(data: SlicedByteBuf(ridx: 0, widx: 2324, cap: 2324/2324, unwrapped: UnpooledUnsafeDirectByteBuf(ridx: 2324, widx: 2324, cap: 8192)), decoderResult: success)
11:39:51.251 [LittleProxy-ProxyToServerWorker-4] DEBUG o.l.p.impl.ClientToProxyConnection - (AWAITING_INITIAL) [id: 0x1e5765f0, /127.0.0.1:54148 => /127.0.1.1:45224]: Writing: DefaultLastHttpContent(data: SlicedByteBuf(ridx: 0, widx: 1184, cap: 1184/1184, unwrapped: UnpooledUnsafeDirectByteBuf(ridx: 1184, widx: 1184, cap: 8192)), decoderResult: success)
11:39:51.251 [LittleProxy-ProxyToServerWorker-2] DEBUG o.l.p.impl.ClientToProxyConnection - (AWAITING_INITIAL) [id: 0xe726451f, /127.0.0.1:54145 => /127.0.1.1:45224]: Writing an empty buffer to signal the end of our chunked transfer
11:39:51.251 [LittleProxy-ProxyToServerWorker-5] DEBUG o.l.p.impl.ClientToProxyConnection - (AWAITING_INITIAL) [id: 0xa74abe3b, /127.0.0.1:54151 => /127.0.1.1:45224]: Writing: DefaultLastHttpContent(data: SlicedByteBuf(ridx: 0, widx: 1095, cap: 1095/1095, unwrapped: UnpooledUnsafeDirectByteBuf(ridx: 1095, widx: 1095, cap: 8192)), decoderResult: success)
11:39:51.251 [LittleProxy-ProxyToServerWorker-3] DEBUG o.l.p.impl.ClientToProxyConnection - (AWAITING_INITIAL) [id: 0x16fa54b8, /127.0.0.1:54150 => /127.0.1.1:45224]: Writing an empty buffer to signal the end of our chunked transfer
11:39:51.251 [LittleProxy-ProxyToServerWorker-4] DEBUG o.l.p.impl.ClientToProxyConnection - (AWAITING_INITIAL) [id: 0x1e5765f0, /127.0.0.1:54148 => /127.0.1.1:45224]: Writing an empty buffer to signal the end of our chunked transfer
11:39:51.251 [LittleProxy-ProxyToServerWorker-2] DEBUG o.l.p.impl.ClientToProxyConnection - (AWAITING_INITIAL) [id: 0xe726451f, /127.0.0.1:54145 => /127.0.1.1:45224]: Wrote: DefaultLastHttpContent(data: SlicedByteBuf(ridx: 0, widx: 1877, cap: 1877/1877, unwrapped: UnpooledUnsafeDirectByteBuf(ridx: 1877, widx: 1877, cap: 8192)), decoderResult: success)
11:39:51.251 [LittleProxy-ProxyToServerWorker-5] DEBUG o.l.p.impl.ClientToProxyConnection - (AWAITING_INITIAL) [id: 0xa74abe3b, /127.0.0.1:54151 => /127.0.1.1:45224]: Writing an empty buffer to signal the end of our chunked transfer
11:39:51.251 [LittleProxy-ProxyToServerWorker-3] DEBUG o.l.p.impl.ClientToProxyConnection - (AWAITING_INITIAL) [id: 0x16fa54b8, /127.0.0.1:54150 => /127.0.1.1:45224]: Wrote: DefaultLastHttpContent(data: SlicedByteBuf(ridx: 0, widx: 2324, cap: 2324/2324, unwrapped: UnpooledUnsafeDirectByteBuf(ridx: 2324, widx: 2324, cap: 8192)), decoderResult: success)
11:39:51.251 [LittleProxy-ProxyToServerWorker-2] DEBUG o.l.p.impl.ClientToProxyConnection - (AWAITING_INITIAL) [id: 0xe726451f, /127.0.0.1:54145 => /127.0.1.1:45224]: Retaining reference counted message
11:39:51.251 [LittleProxy-ProxyToServerWorker-4] DEBUG o.l.p.impl.ClientToProxyConnection - (AWAITING_INITIAL) [id: 0x1e5765f0, /127.0.0.1:54148 => /127.0.1.1:45224]: Wrote: DefaultLastHttpContent(data: SlicedByteBuf(ridx: 0, widx: 1184, cap: 1184/1184, unwrapped: UnpooledUnsafeDirectByteBuf(ridx: 1184, widx: 1184, cap: 8192)), decoderResult: success)
11:39:51.251 [LittleProxy-ProxyToServerWorker-3] DEBUG o.l.p.impl.ClientToProxyConnection - (AWAITING_INITIAL) [id: 0x16fa54b8, /127.0.0.1:54150 => /127.0.1.1:45224]: Retaining reference counted message
11:39:51.251 [LittleProxy-ProxyToServerWorker-5] DEBUG o.l.p.impl.ClientToProxyConnection - (AWAITING_INITIAL) [id: 0xa74abe3b, /127.0.0.1:54151 => /127.0.1.1:45224]: Wrote: DefaultLastHttpContent(data: SlicedByteBuf(ridx: 0, widx: 1095, cap: 1095/1095, unwrapped: UnpooledUnsafeDirectByteBuf(ridx: 1095, widx: 1095, cap: 8192)), decoderResult: success)
11:39:51.251 [LittleProxy-ProxyToServerWorker-2] DEBUG o.l.p.impl.ClientToProxyConnection - (AWAITING_INITIAL) [id: 0xe726451f, /127.0.0.1:54145 => /127.0.1.1:45224]: Writing: EmptyByteBufBE
11:39:51.251 [LittleProxy-ProxyToServerWorker-4] DEBUG o.l.p.impl.ClientToProxyConnection - (AWAITING_INITIAL) [id: 0x1e5765f0, /127.0.0.1:54148 => /127.0.1.1:45224]: Retaining reference counted message
11:39:51.251 [LittleProxy-ProxyToServerWorker-3] DEBUG o.l.p.impl.ClientToProxyConnection - (AWAITING_INITIAL) [id: 0x16fa54b8, /127.0.0.1:54150 => /127.0.1.1:45224]: Writing: EmptyByteBufBE
11:39:51.251 [LittleProxy-ProxyToServerWorker-5] DEBUG o.l.p.impl.ClientToProxyConnection - (AWAITING_INITIAL) [id: 0xa74abe3b, /127.0.0.1:54151 => /127.0.1.1:45224]: Retaining reference counted message
11:39:51.251 [LittleProxy-ProxyToServerWorker-4] DEBUG o.l.p.impl.ClientToProxyConnection - (AWAITING_INITIAL) [id: 0x1e5765f0, /127.0.0.1:54148 => /127.0.1.1:45224]: Writing: EmptyByteBufBE
11:39:51.251 [LittleProxy-ProxyToServerWorker-2] DEBUG o.l.p.impl.ClientToProxyConnection - (AWAITING_INITIAL) [id: 0xe726451f, /127.0.0.1:54145 => /127.0.1.1:45224]: Wrote: EmptyByteBufBE
11:39:51.251 [LittleProxy-ProxyToServerWorker-3] DEBUG o.l.p.impl.ClientToProxyConnection - (AWAITING_INITIAL) [id: 0x16fa54b8, /127.0.0.1:54150 => /127.0.1.1:45224]: Wrote: EmptyByteBufBE
11:39:51.251 [LittleProxy-ProxyToServerWorker-5] DEBUG o.l.p.impl.ClientToProxyConnection - (AWAITING_INITIAL) [id: 0xa74abe3b, /127.0.0.1:54151 => /127.0.1.1:45224]: Writing: EmptyByteBufBE
11:39:51.251 [LittleProxy-ProxyToServerWorker-4] DEBUG o.l.p.impl.ClientToProxyConnection - (AWAITING_INITIAL) [id: 0x1e5765f0, /127.0.0.1:54148 => /127.0.1.1:45224]: Wrote: EmptyByteBufBE
11:39:51.251 [LittleProxy-ProxyToServerWorker-2] DEBUG o.l.p.impl.ClientToProxyConnection - (AWAITING_INITIAL) [id: 0xe726451f, /127.0.0.1:54145 => /127.0.1.1:45224]: Handling last chunk. Using normal server connection closing rules.
11:39:51.251 [LittleProxy-ProxyToServerWorker-3] DEBUG o.l.p.impl.ClientToProxyConnection - (AWAITING_INITIAL) [id: 0x16fa54b8, /127.0.0.1:54150 => /127.0.1.1:45224]: Handling last chunk. Using normal server connection closing rules.
11:39:51.251 [LittleProxy-ProxyToServerWorker-5] DEBUG o.l.p.impl.ClientToProxyConnection - (AWAITING_INITIAL) [id: 0xa74abe3b, /127.0.0.1:54151 => /127.0.1.1:45224]: Wrote: EmptyByteBufBE
11:39:51.251 [LittleProxy-ProxyToServerWorker-4] DEBUG o.l.p.impl.ClientToProxyConnection - (AWAITING_INITIAL) [id: 0x1e5765f0, /127.0.0.1:54148 => /127.0.1.1:45224]: Handling last chunk. Using normal server connection closing rules.
11:39:51.252 [LittleProxy-ProxyToServerWorker-2] DEBUG o.l.p.impl.ClientToProxyConnection - (AWAITING_INITIAL) [id: 0xe726451f, /127.0.0.1:54145 => /127.0.1.1:45224]: Not closing server connection for response: DefaultHttpResponse(decodeResult: success, version: HTTP/1.1)
HTTP/1.1 200 OK
Accept-Ranges: bytes
Date: Tue, 08 Sep 2015 10:39:51 GMT
Cache-Control: public, max-age=0
Last-Modified: Mon, 20 Jul 2015 14:46:32 GMT
ETag: W/"erN+67vPH1ZbJvXyOY29PQ=="
Content-Type: application/javascript
Content-Length: 1877
Connection: keep-alive
11:39:51.252 [LittleProxy-ProxyToServerWorker-3] DEBUG o.l.p.impl.ClientToProxyConnection - (AWAITING_INITIAL) [id: 0x16fa54b8, /127.0.0.1:54150 => /127.0.1.1:45224]: Not closing server connection for response: DefaultHttpResponse(decodeResult: success, version: HTTP/1.1)
HTTP/1.1 200 OK
Accept-Ranges: bytes
Date: Tue, 08 Sep 2015 10:39:51 GMT
Cache-Control: public, max-age=0
Last-Modified: Thu, 25 Jun 2015 14:36:46 GMT
ETag: W/"XmgGcmeunZxmCeEVbdLo8Q=="
Content-Type: application/javascript
Content-Length: 2324
Connection: keep-alive
11:39:51.252 [LittleProxy-ProxyToServerWorker-5] DEBUG o.l.p.impl.ClientToProxyConnection - (AWAITING_INITIAL) [id: 0xa74abe3b, /127.0.0.1:54151 => /127.0.1.1:45224]: Handling last chunk. Using normal server connection closing rules.
11:39:51.252 [LittleProxy-ProxyToServerWorker-4] DEBUG o.l.p.impl.ClientToProxyConnection - (AWAITING_INITIAL) [id: 0x1e5765f0, /127.0.0.1:54148 => /127.0.1.1:45224]: Not closing server connection for response: DefaultHttpResponse(decodeResult: success, version: HTTP/1.1)
HTTP/1.1 200 OK
Accept-Ranges: bytes
Date: Tue, 08 Sep 2015 10:39:51 GMT
Cache-Control: public, max-age=0
Last-Modified: Thu, 25 Jun 2015 14:36:46 GMT
ETag: W/"iiciD+6YcNHCy/9frYTHIQ=="
Content-Type: application/javascript
Content-Length: 1184
Connection: keep-alive
11:39:51.252 [LittleProxy-ProxyToServerWorker-2] DEBUG o.l.p.impl.ClientToProxyConnection - (AWAITING_INITIAL) [id: 0xe726451f, /127.0.0.1:54145 => /127.0.1.1:45224]: Handling last chunk. Using normal client connection closing rules.
11:39:51.252 [LittleProxy-ProxyToServerWorker-3] DEBUG o.l.p.impl.ClientToProxyConnection - (AWAITING_INITIAL) [id: 0x16fa54b8, /127.0.0.1:54150 => /127.0.1.1:45224]: Handling last chunk. Using normal client connection closing rules.
11:39:51.252 [LittleProxy-ProxyToServerWorker-5] DEBUG o.l.p.impl.ClientToProxyConnection - (AWAITING_INITIAL) [id: 0xa74abe3b, /127.0.0.1:54151 => /127.0.1.1:45224]: Not closing server connection for response: DefaultHttpResponse(decodeResult: success, version: HTTP/1.1)
HTTP/1.1 200 OK
Accept-Ranges: bytes
Date: Tue, 08 Sep 2015 10:39:51 GMT
Cache-Control: public, max-age=0
Last-Modified: Mon, 20 Jul 2015 14:46:32 GMT
ETag: W/"15nzz5CeUU23xxgFevt9+A=="
Content-Type: application/javascript
Content-Length: 1095
Connection: keep-alive
11:39:51.252 [LittleProxy-ProxyToServerWorker-4] DEBUG o.l.p.impl.ClientToProxyConnection - (AWAITING_INITIAL) [id: 0x1e5765f0, /127.0.0.1:54148 => /127.0.1.1:45224]: Handling last chunk. Using normal client connection closing rules.
11:39:51.252 [LittleProxy-ProxyToServerWorker-5] DEBUG o.l.p.impl.ClientToProxyConnection - (AWAITING_INITIAL) [id: 0xa74abe3b, /127.0.0.1:54151 => /127.0.1.1:45224]: Handling last chunk. Using normal client connection closing rules.
11:39:51.252 [LittleProxy-ProxyToServerWorker-2] DEBUG o.l.p.impl.ClientToProxyConnection - (AWAITING_INITIAL) [id: 0xe726451f, /127.0.0.1:54145 => /127.0.1.1:45224]: Not closing client connection for request: [FAILED toString()]
11:39:51.252 [LittleProxy-ProxyToServerWorker-5] DEBUG o.l.p.impl.ClientToProxyConnection - (AWAITING_INITIAL) [id: 0xa74abe3b, /127.0.0.1:54151 => /127.0.1.1:45224]: Not closing client connection for request: [FAILED toString()]
11:39:51.252 [LittleProxy-ProxyToServerWorker-3] DEBUG o.l.p.impl.ClientToProxyConnection - (AWAITING_INITIAL) [id: 0x16fa54b8, /127.0.0.1:54150 => /127.0.1.1:45224]: Not closing client connection for request: [FAILED toString()]
11:39:51.253 [LittleProxy-ProxyToServerWorker-4] DEBUG o.l.p.impl.ClientToProxyConnection - (AWAITING_INITIAL) [id: 0x1e5765f0, /127.0.0.1:54148 => /127.0.1.1:45224]: Not closing client connection for request: [FAILED toString()]
11:39:51.260 [LittleProxy-ProxyToServerWorker-6] DEBUG o.l.p.impl.ProxyToServerConnection - (AWAITING_INITIAL) [id: 0x15efad94, /127.0.0.1:35282 => localhost/127.0.0.1:9000]: Remembering the current request.
11:39:51.260 [LittleProxy-ProxyToServerWorker-6] DEBUG o.l.p.impl.ProxyToServerConnection - (AWAITING_INITIAL) [id: 0x15efad94, /127.0.0.1:35282 => localhost/127.0.0.1:9000]: Reading: DefaultHttpResponse(decodeResult: success, version: HTTP/1.1)
HTTP/1.1 200 OK
Accept-Ranges: bytes
Date: Tue, 08 Sep 2015 10:39:51 GMT
Cache-Control: public, max-age=0
Last-Modified: Tue, 23 Jun 2015 13:00:42 GMT
ETag: W/"ZoSgHbCQQkwKEYeQzmyKSg=="
Content-Type: application/javascript
Content-Length: 346
Connection: keep-alive
11:39:51.260 [LittleProxy-ProxyToServerWorker-6] DEBUG o.l.p.impl.ProxyToServerConnection - (AWAITING_INITIAL) [id: 0x15efad94, /127.0.0.1:35282 => localhost/127.0.0.1:9000]: Received raw response: DefaultHttpResponse(decodeResult: success, version: HTTP/1.1)
HTTP/1.1 200 OK
Accept-Ranges: bytes
Date: Tue, 08 Sep 2015 10:39:51 GMT
Cache-Control: public, max-age=0
Last-Modified: Tue, 23 Jun 2015 13:00:42 GMT
ETag: W/"ZoSgHbCQQkwKEYeQzmyKSg=="
Content-Type: application/javascript
Content-Length: 346
Connection: keep-alive
11:39:51.260 [LittleProxy-ProxyToServerWorker-6] DEBUG o.l.p.impl.ProxyToServerConnection - (AWAITING_INITIAL) [id: 0x15efad94, /127.0.0.1:35282 => localhost/127.0.0.1:9000]: Remembering the current response.
11:39:51.260 [LittleProxy-ProxyToServerWorker-6] DEBUG o.l.p.impl.ClientToProxyConnection - (AWAITING_INITIAL) [id: 0x87242349, /127.0.0.1:54149 => /127.0.1.1:45224]: Writing: DefaultHttpResponse(decodeResult: success, version: HTTP/1.1)
HTTP/1.1 200 OK
Accept-Ranges: bytes
Date: Tue, 08 Sep 2015 10:39:51 GMT
Cache-Control: public, max-age=0
Last-Modified: Tue, 23 Jun 2015 13:00:42 GMT
ETag: W/"ZoSgHbCQQkwKEYeQzmyKSg=="
Content-Type: application/javascript
Content-Length: 346
Via: 1.1 localhost.localdomain
11:39:51.260 [LittleProxy-ProxyToServerWorker-6] DEBUG o.l.p.impl.ClientToProxyConnection - (AWAITING_INITIAL) [id: 0x87242349, /127.0.0.1:54149 => /127.0.1.1:45224]: Wrote: DefaultHttpResponse(decodeResult: success, version: HTTP/1.1)
HTTP/1.1 200 OK
Accept-Ranges: bytes
Date: Tue, 08 Sep 2015 10:39:51 GMT
Cache-Control: public, max-age=0
Last-Modified: Tue, 23 Jun 2015 13:00:42 GMT
ETag: W/"ZoSgHbCQQkwKEYeQzmyKSg=="
Content-Type: application/javascript
Content-Length: 346
Via: 1.1 localhost.localdomain
11:39:51.260 [LittleProxy-ProxyToServerWorker-6] DEBUG o.l.p.impl.ClientToProxyConnection - (AWAITING_INITIAL) [id: 0x87242349, /127.0.0.1:54149 => /127.0.1.1:45224]: Not closing server connection on middle chunk for /scripts/filters/account-filter.js
11:39:51.260 [LittleProxy-ProxyToServerWorker-6] DEBUG o.l.p.impl.ClientToProxyConnection - (AWAITING_INITIAL) [id: 0x87242349, /127.0.0.1:54149 => /127.0.1.1:45224]: Not closing client connection on middle chunk for /scripts/filters/account-filter.js
11:39:51.283 [LittleProxy-ProxyToServerWorker-7] DEBUG o.l.p.impl.ProxyToServerConnection - (AWAITING_CHUNK) [id: 0x700df78a, /127.0.0.1:35283 => localhost/127.0.0.1:9000]: Reading: DefaultLastHttpContent(data: SlicedByteBuf(ridx: 0, widx: 115, cap: 115/115, unwrapped: UnpooledUnsafeDirectByteBuf(ridx: 115, widx: 115, cap: 16384)), decoderResult: success)
11:39:51.283 [LittleProxy-ProxyToServerWorker-7] DEBUG o.l.p.impl.ClientToProxyConnection - (AWAITING_INITIAL) [id: 0x4dc93f85, /127.0.0.1:54147 => /127.0.1.1:45224]: Retaining reference counted message
11:39:51.283 [LittleProxy-ProxyToServerWorker-7] DEBUG o.l.p.impl.ClientToProxyConnection - (AWAITING_INITIAL) [id: 0x4dc93f85, /127.0.0.1:54147 => /127.0.1.1:45224]: Writing: DefaultLastHttpContent(data: SlicedByteBuf(ridx: 0, widx: 115, cap: 115/115, unwrapped: UnpooledUnsafeDirectByteBuf(ridx: 115, widx: 115, cap: 16384)), decoderResult: success)
11:39:51.283 [LittleProxy-ProxyToServerWorker-7] DEBUG o.l.p.impl.ClientToProxyConnection - (AWAITING_INITIAL) [id: 0x4dc93f85, /127.0.0.1:54147 => /127.0.1.1:45224]: Writing an empty buffer to signal the end of our chunked transfer
11:39:51.283 [LittleProxy-ProxyToServerWorker-7] DEBUG o.l.p.impl.ClientToProxyConnection - (AWAITING_INITIAL) [id: 0x4dc93f85, /127.0.0.1:54147 => /127.0.1.1:45224]: Wrote: DefaultLastHttpContent(data: SlicedByteBuf(ridx: 0, widx: 115, cap: 115/115, unwrapped: UnpooledUnsafeDirectByteBuf(ridx: 115, widx: 115, cap: 16384)), decoderResult: success)
11:39:51.283 [LittleProxy-ProxyToServerWorker-7] DEBUG o.l.p.impl.ClientToProxyConnection - (AWAITING_INITIAL) [id: 0x4dc93f85, /127.0.0.1:54147 => /127.0.1.1:45224]: Retaining reference counted message
11:39:51.283 [LittleProxy-ProxyToServerWorker-7] DEBUG o.l.p.impl.ClientToProxyConnection - (AWAITING_INITIAL) [id: 0x4dc93f85, /127.0.0.1:54147 => /127.0.1.1:45224]: Writing: EmptyByteBufBE
11:39:51.283 [LittleProxy-ProxyToServerWorker-7] DEBUG o.l.p.impl.ClientToProxyConnection - (AWAITING_INITIAL) [id: 0x4dc93f85, /127.0.0.1:54147 => /127.0.1.1:45224]: Wrote: EmptyByteBufBE
11:39:51.283 [LittleProxy-ProxyToServerWorker-7] DEBUG o.l.p.impl.ClientToProxyConnection - (AWAITING_INITIAL) [id: 0x4dc93f85, /127.0.0.1:54147 => /127.0.1.1:45224]: Handling last chunk. Using normal server connection closing rules.
11:39:51.283 [LittleProxy-ProxyToServerWorker-7] DEBUG o.l.p.impl.ClientToProxyConnection - (AWAITING_INITIAL) [id: 0x4dc93f85, /127.0.0.1:54147 => /127.0.1.1:45224]: Not closing server connection for response: DefaultHttpResponse(decodeResult: success, version: HTTP/1.1)
HTTP/1.1 200 OK
Accept-Ranges: bytes
Date: Tue, 08 Sep 2015 10:39:51 GMT
Cache-Control: public, max-age=0
Last-Modified: Mon, 03 Aug 2015 14:47:14 GMT
ETag: W/"kCLKsXRLGmehMRh6SAOHtQ=="
Content-Type: application/javascript
Content-Length: 115
Connection: keep-alive
11:39:51.283 [LittleProxy-ProxyToServerWorker-7] DEBUG o.l.p.impl.ClientToProxyConnection - (AWAITING_INITIAL) [id: 0x4dc93f85, /127.0.0.1:54147 => /127.0.1.1:45224]: Handling last chunk. Using normal client connection closing rules.
11:39:51.284 [LittleProxy-ProxyToServerWorker-7] DEBUG o.l.p.impl.ClientToProxyConnection - (AWAITING_INITIAL) [id: 0x4dc93f85, /127.0.0.1:54147 => /127.0.1.1:45224]: Not closing client connection for request: [FAILED toString()]
11:39:51.299 [LittleProxy-ProxyToServerWorker-6] DEBUG o.l.p.impl.ProxyToServerConnection - (AWAITING_CHUNK) [id: 0x15efad94, /127.0.0.1:35282 => localhost/127.0.0.1:9000]: Reading: DefaultLastHttpContent(data: SlicedByteBuf(ridx: 0, widx: 346, cap: 346/346, unwrapped: UnpooledUnsafeDirectByteBuf(ridx: 346, widx: 346, cap: 2048)), decoderResult: success)
11:39:51.299 [LittleProxy-ProxyToServerWorker-6] DEBUG o.l.p.impl.ClientToProxyConnection - (AWAITING_INITIAL) [id: 0x87242349, /127.0.0.1:54149 => /127.0.1.1:45224]: Retaining reference counted message
11:39:51.299 [LittleProxy-ProxyToServerWorker-6] DEBUG o.l.p.impl.ClientToProxyConnection - (AWAITING_INITIAL) [id: 0x87242349, /127.0.0.1:54149 => /127.0.1.1:45224]: Writing: DefaultLastHttpContent(data: SlicedByteBuf(ridx: 0, widx: 346, cap: 346/346, unwrapped: UnpooledUnsafeDirectByteBuf(ridx: 346, widx: 346, cap: 2048)), decoderResult: success)
11:39:51.299 [LittleProxy-ProxyToServerWorker-6] DEBUG o.l.p.impl.ClientToProxyConnection - (AWAITING_INITIAL) [id: 0x87242349, /127.0.0.1:54149 => /127.0.1.1:45224]: Writing an empty buffer to signal the end of our chunked transfer
11:39:51.299 [LittleProxy-ProxyToServerWorker-6] DEBUG o.l.p.impl.ClientToProxyConnection - (AWAITING_INITIAL) [id: 0x87242349, /127.0.0.1:54149 => /127.0.1.1:45224]: Wrote: DefaultLastHttpContent(data: SlicedByteBuf(ridx: 0, widx: 346, cap: 346/346, unwrapped: UnpooledUnsafeDirectByteBuf(ridx: 346, widx: 346, cap: 2048)), decoderResult: success)
11:39:51.299 [LittleProxy-ProxyToServerWorker-6] DEBUG o.l.p.impl.ClientToProxyConnection - (AWAITING_INITIAL) [id: 0x87242349, /127.0.0.1:54149 => /127.0.1.1:45224]: Retaining reference counted message
11:39:51.299 [LittleProxy-ProxyToServerWorker-6] DEBUG o.l.p.impl.ClientToProxyConnection - (AWAITING_INITIAL) [id: 0x87242349, /127.0.0.1:54149 => /127.0.1.1:45224]: Writing: EmptyByteBufBE
11:39:51.299 [LittleProxy-ProxyToServerWorker-6] DEBUG o.l.p.impl.ClientToProxyConnection - (AWAITING_INITIAL) [id: 0x87242349, /127.0.0.1:54149 => /127.0.1.1:45224]: Wrote: EmptyByteBufBE
11:39:51.299 [LittleProxy-ProxyToServerWorker-6] DEBUG o.l.p.impl.ClientToProxyConnection - (AWAITING_INITIAL) [id: 0x87242349, /127.0.0.1:54149 => /127.0.1.1:45224]: Handling last chunk. Using normal server connection closing rules.
11:39:51.299 [LittleProxy-ProxyToServerWorker-6] DEBUG o.l.p.impl.ClientToProxyConnection - (AWAITING_INITIAL) [id: 0x87242349, /127.0.0.1:54149 => /127.0.1.1:45224]: Not closing server connection for response: DefaultHttpResponse(decodeResult: success, version: HTTP/1.1)
HTTP/1.1 200 OK
Accept-Ranges: bytes
Date: Tue, 08 Sep 2015 10:39:51 GMT
Cache-Control: public, max-age=0
Last-Modified: Tue, 23 Jun 2015 13:00:42 GMT
ETag: W/"ZoSgHbCQQkwKEYeQzmyKSg=="
Content-Type: application/javascript
Content-Length: 346
Connection: keep-alive
11:39:51.299 [LittleProxy-ProxyToServerWorker-6] DEBUG o.l.p.impl.ClientToProxyConnection - (AWAITING_INITIAL) [id: 0x87242349, /127.0.0.1:54149 => /127.0.1.1:45224]: Handling last chunk. Using normal client connection closing rules.
11:39:51.299 [LittleProxy-ProxyToServerWorker-6] DEBUG o.l.p.impl.ClientToProxyConnection - (AWAITING_INITIAL) [id: 0x87242349, /127.0.0.1:54149 => /127.0.1.1:45224]: Not closing client connection for request: [FAILED toString()]
11:39:51.301 [LittleProxy-ClientToProxyWorker-0] DEBUG o.l.p.impl.ClientToProxyConnection - (AWAITING_INITIAL): Configuring ChannelPipeline
11:39:51.301 [LittleProxy-ClientToProxyWorker-0] DEBUG o.l.p.impl.ClientToProxyConnection - (AWAITING_INITIAL): Created ClientToProxyConnection
11:39:51.301 [LittleProxy-ClientToProxyWorker-0] DEBUG o.l.p.impl.ClientToProxyConnection - (AWAITING_INITIAL) [id: 0x54e38a99, /127.0.0.1:54157 => /127.0.1.1:45224]: Connected
11:39:51.302 [LittleProxy-ClientToProxyWorker-0] DEBUG o.l.p.impl.ClientToProxyConnection - (AWAITING_INITIAL) [id: 0x54e38a99, /127.0.0.1:54157 => /127.0.1.1:45224]: Reading: HttpObjectAggregator$AggregatedFullHttpRequest(decodeResult: success, version: HTTP/1.1, content: CompositeByteBuf(ridx: 0, widx: 0, cap: 0, components=0))
GET http://localhost:35729/livereload.js?snipver=1 HTTP/1.1
Host: localhost:35729
Proxy-Connection: keep-alive
Accept: */*
User-Agent: Mozilla/5.0 (X11; Linux x86_64) AppleWebKit/537.36 (KHTML, like Gecko) Chrome/44.0.2403.130 Safari/537.36
Referer: http://localhost:9000/
Accept-Encoding: gzip, deflate, sdch
Accept-Language: en-GB,en-US;q=0.8,en;q=0.6
Content-Length: 0
11:39:51.302 [LittleProxy-ClientToProxyWorker-0] DEBUG o.l.p.impl.ClientToProxyConnection - (AWAITING_INITIAL) [id: 0x54e38a99, /127.0.0.1:54157 => /127.0.1.1:45224]: Got request: HttpObjectAggregator$AggregatedFullHttpRequest(decodeResult: success, version: HTTP/1.1, content: CompositeByteBuf(ridx: 0, widx: 0, cap: 0, components=0))
GET http://localhost:35729/livereload.js?snipver=1 HTTP/1.1
Host: localhost:35729
Proxy-Connection: keep-alive
Accept: */*
User-Agent: Mozilla/5.0 (X11; Linux x86_64) AppleWebKit/537.36 (KHTML, like Gecko) Chrome/44.0.2403.130 Safari/537.36
Referer: http://localhost:9000/
Accept-Encoding: gzip, deflate, sdch
Accept-Language: en-GB,en-US;q=0.8,en;q=0.6
Content-Length: 0
11:39:51.302 [LittleProxy-ClientToProxyWorker-0] DEBUG o.l.p.impl.ClientToProxyConnection - (AWAITING_INITIAL) [id: 0x54e38a99, /127.0.0.1:54157 => /127.0.1.1:45224]: Ensuring that hostAndPort are available in http://localhost:35729/livereload.js?snipver=1
11:39:51.302 [LittleProxy-ClientToProxyWorker-0] DEBUG o.l.p.impl.ClientToProxyConnection - (AWAITING_INITIAL) [id: 0x54e38a99, /127.0.0.1:54157 => /127.0.1.1:45224]: Finding ProxyToServerConnection for: localhost:35729
11:39:51.302 [LittleProxy-ClientToProxyWorker-0] DEBUG o.l.p.impl.ClientToProxyConnection - (AWAITING_INITIAL) [id: 0x54e38a99, /127.0.0.1:54157 => /127.0.1.1:45224]: Didn't find existing ProxyToServerConnection for: localhost:35729
11:39:51.302 [LittleProxy-ClientToProxyWorker-0] DEBUG o.l.p.impl.ClientToProxyConnection - (AWAITING_INITIAL) [id: 0x54e38a99, /127.0.0.1:54157 => /127.0.1.1:45224]: Modifying request headers for proxying
11:39:51.302 [LittleProxy-ClientToProxyWorker-0] DEBUG o.l.p.impl.ClientToProxyConnection - (AWAITING_INITIAL) [id: 0x54e38a99, /127.0.0.1:54157 => /127.0.1.1:45224]: Modifying request for proxy chaining
11:39:51.302 [LittleProxy-ClientToProxyWorker-0] DEBUG o.l.p.impl.ClientToProxyConnection - (AWAITING_INITIAL) [id: 0x54e38a99, /127.0.0.1:54157 => /127.0.1.1:45224]: Stripped host from uri: http://localhost:35729/livereload.js?snipver=1    yielding: /livereload.js?snipver=1
11:39:51.302 [LittleProxy-ClientToProxyWorker-0] DEBUG o.l.p.impl.ClientToProxyConnection - (AWAITING_INITIAL) [id: 0x54e38a99, /127.0.0.1:54157 => /127.0.1.1:45224]: Removed sdch and inserted: gzip, deflate, 
11:39:51.302 [LittleProxy-ClientToProxyWorker-0] DEBUG o.l.p.impl.ClientToProxyConnection - (AWAITING_INITIAL) [id: 0x54e38a99, /127.0.0.1:54157 => /127.0.1.1:45224]: Writing request to ProxyToServerConnection
11:39:51.302 [LittleProxy-ClientToProxyWorker-0] DEBUG o.l.p.impl.ProxyToServerConnection - (DISCONNECTED): Requested write of HttpObjectAggregator$AggregatedFullHttpRequest(decodeResult: success, version: HTTP/1.1, content: CompositeByteBuf(ridx: 0, widx: 0, cap: 0, components=0))
GET /livereload.js?snipver=1 HTTP/1.1
Host: localhost:35729
Accept: */*
User-Agent: Mozilla/5.0 (X11; Linux x86_64) AppleWebKit/537.36 (KHTML, like Gecko) Chrome/44.0.2403.130 Safari/537.36
Referer: http://localhost:9000/
Accept-Language: en-GB,en-US;q=0.8,en;q=0.6
Content-Length: 0
Accept-Encoding: gzip, deflate, 
Via: 1.1 localhost.localdomain
11:39:51.302 [LittleProxy-ClientToProxyWorker-0] DEBUG o.l.p.impl.ProxyToServerConnection - (DISCONNECTED): Retaining reference counted message
11:39:51.302 [LittleProxy-ClientToProxyWorker-0] DEBUG o.l.p.impl.ProxyToServerConnection - (DISCONNECTED): Currently disconnected, connect and then write the message
11:39:51.302 [LittleProxy-ClientToProxyWorker-0] DEBUG o.l.p.impl.ProxyToServerConnection - (DISCONNECTED): Starting new connection to: localhost/127.0.0.1:35729
11:39:51.302 [LittleProxy-ClientToProxyWorker-0] DEBUG o.l.p.impl.ClientToProxyConnection - (AWAITING_INITIAL) [id: 0x54e38a99, /127.0.0.1:54157 => /127.0.1.1:45224]: Stopped reading
11:39:51.302 [LittleProxy-ClientToProxyWorker-0] DEBUG o.l.p.impl.ProxyToServerConnection - (DISCONNECTED): Processing connection flow step: CONNECTING
11:39:51.302 [LittleProxy-ClientToProxyWorker-0] DEBUG o.l.p.impl.ProxyToServerConnection - (CONNECTING): Connecting to server with TCP
11:39:51.303 [LittleProxy-ProxyToServerWorker-0] DEBUG o.l.p.impl.ProxyToServerConnection - (CONNECTING) [id: 0x28ca0320, /127.0.0.1:37657 => localhost/127.0.0.1:35729]: ConnectionFlowStep succeeded
11:39:51.303 [LittleProxy-ProxyToServerWorker-0] DEBUG o.l.p.impl.ProxyToServerConnection - (CONNECTING) [id: 0x28ca0320, /127.0.0.1:37657 => localhost/127.0.0.1:35729]: Connection flow completed successfully: null
11:39:51.303 [LittleProxy-ProxyToServerWorker-0] DEBUG o.l.p.impl.ClientToProxyConnection - (AWAITING_INITIAL) [id: 0x54e38a99, /127.0.0.1:54157 => /127.0.1.1:45224]: Connection to server succeeded: localhost/127.0.0.1:35729
11:39:51.303 [LittleProxy-ProxyToServerWorker-0] DEBUG o.l.p.impl.ClientToProxyConnection - (AWAITING_INITIAL) [id: 0x54e38a99, /127.0.0.1:54157 => /127.0.1.1:45224]: All servers have finished attempting to connect, resuming reading from client.
11:39:51.303 [LittleProxy-ProxyToServerWorker-0] DEBUG o.l.p.impl.ClientToProxyConnection - (AWAITING_INITIAL) [id: 0x54e38a99, /127.0.0.1:54157 => /127.0.1.1:45224]: Resumed reading
11:39:51.303 [LittleProxy-ProxyToServerWorker-0] DEBUG o.l.p.impl.ProxyToServerConnection - (AWAITING_INITIAL) [id: 0x28ca0320, /127.0.0.1:37657 => localhost/127.0.0.1:35729]: Writing initial request: HttpObjectAggregator$AggregatedFullHttpRequest(decodeResult: success, version: HTTP/1.1, content: CompositeByteBuf(ridx: 0, widx: 0, cap: 0, components=0))
GET /livereload.js?snipver=1 HTTP/1.1
Host: localhost:35729
Accept: */*
User-Agent: Mozilla/5.0 (X11; Linux x86_64) AppleWebKit/537.36 (KHTML, like Gecko) Chrome/44.0.2403.130 Safari/537.36
Referer: http://localhost:9000/
Accept-Language: en-GB,en-US;q=0.8,en;q=0.6
Content-Length: 0
Accept-Encoding: gzip, deflate, 
Via: 1.1 localhost.localdomain
11:39:51.303 [LittleProxy-ProxyToServerWorker-0] DEBUG o.l.p.impl.ProxyToServerConnection - (AWAITING_INITIAL) [id: 0x28ca0320, /127.0.0.1:37657 => localhost/127.0.0.1:35729]: Requested write of HttpObjectAggregator$AggregatedFullHttpRequest(decodeResult: success, version: HTTP/1.1, content: CompositeByteBuf(ridx: 0, widx: 0, cap: 0, components=0))
GET /livereload.js?snipver=1 HTTP/1.1
Host: localhost:35729
Accept: */*
User-Agent: Mozilla/5.0 (X11; Linux x86_64) AppleWebKit/537.36 (KHTML, like Gecko) Chrome/44.0.2403.130 Safari/537.36
Referer: http://localhost:9000/
Accept-Language: en-GB,en-US;q=0.8,en;q=0.6
Content-Length: 0
Accept-Encoding: gzip, deflate, 
Via: 1.1 localhost.localdomain
11:39:51.303 [LittleProxy-ProxyToServerWorker-0] DEBUG o.l.p.impl.ProxyToServerConnection - (AWAITING_INITIAL) [id: 0x28ca0320, /127.0.0.1:37657 => localhost/127.0.0.1:35729]: Retaining reference counted message
11:39:51.303 [LittleProxy-ProxyToServerWorker-0] DEBUG o.l.p.impl.ProxyToServerConnection - (AWAITING_INITIAL) [id: 0x28ca0320, /127.0.0.1:37657 => localhost/127.0.0.1:35729]: Using existing connection to: localhost/127.0.0.1:35729
11:39:51.303 [LittleProxy-ProxyToServerWorker-0] DEBUG o.l.p.impl.ProxyToServerConnection - (AWAITING_INITIAL) [id: 0x28ca0320, /127.0.0.1:37657 => localhost/127.0.0.1:35729]: Writing: HttpObjectAggregator$AggregatedFullHttpRequest(decodeResult: success, version: HTTP/1.1, content: CompositeByteBuf(ridx: 0, widx: 0, cap: 0, components=0))
GET /livereload.js?snipver=1 HTTP/1.1
Host: localhost:35729
Accept: */*
User-Agent: Mozilla/5.0 (X11; Linux x86_64) AppleWebKit/537.36 (KHTML, like Gecko) Chrome/44.0.2403.130 Safari/537.36
Referer: http://localhost:9000/
Accept-Language: en-GB,en-US;q=0.8,en;q=0.6
Content-Length: 0
Accept-Encoding: gzip, deflate, 
Via: 1.1 localhost.localdomain
11:39:51.303 [LittleProxy-ProxyToServerWorker-0] DEBUG o.l.p.impl.ProxyToServerConnection - (AWAITING_INITIAL) [id: 0x28ca0320, /127.0.0.1:37657 => localhost/127.0.0.1:35729]: Writing an empty buffer to signal the end of our chunked transfer
11:39:51.304 [LittleProxy-ProxyToServerWorker-0] DEBUG o.l.p.impl.ProxyToServerConnection - (AWAITING_INITIAL) [id: 0x28ca0320, /127.0.0.1:37657 => localhost/127.0.0.1:35729]: Wrote: HttpObjectAggregator$AggregatedFullHttpRequest(decodeResult: success, version: HTTP/1.1, content: CompositeByteBuf(ridx: 0, widx: 0, cap: 0, components=0))
GET /livereload.js?snipver=1 HTTP/1.1
Host: localhost:35729
Accept: */*
User-Agent: Mozilla/5.0 (X11; Linux x86_64) AppleWebKit/537.36 (KHTML, like Gecko) Chrome/44.0.2403.130 Safari/537.36
Referer: http://localhost:9000/
Accept-Language: en-GB,en-US;q=0.8,en;q=0.6
Content-Length: 0
Accept-Encoding: gzip, deflate, 
Via: 1.1 localhost.localdomain
11:39:51.304 [LittleProxy-ProxyToServerWorker-0] DEBUG o.l.p.impl.ProxyToServerConnection - (AWAITING_INITIAL) [id: 0x28ca0320, /127.0.0.1:37657 => localhost/127.0.0.1:35729]: Connected
11:39:51.357 [LittleProxy-ProxyToServerWorker-0] DEBUG o.l.p.impl.ProxyToServerConnection - (AWAITING_INITIAL) [id: 0x28ca0320, /127.0.0.1:37657 => localhost/127.0.0.1:35729]: Remembering the current request.
11:39:51.357 [LittleProxy-ProxyToServerWorker-0] DEBUG o.l.p.impl.ProxyToServerConnection - (AWAITING_INITIAL) [id: 0x28ca0320, /127.0.0.1:37657 => localhost/127.0.0.1:35729]: Reading: DefaultHttpResponse(decodeResult: success, version: HTTP/1.1)
HTTP/1.1 200 OK
Content-Type: application/json
Date: Tue, 08 Sep 2015 10:39:51 GMT
Connection: keep-alive
Transfer-Encoding: chunked
11:39:51.357 [LittleProxy-ProxyToServerWorker-0] DEBUG o.l.p.impl.ProxyToServerConnection - (AWAITING_INITIAL) [id: 0x28ca0320, /127.0.0.1:37657 => localhost/127.0.0.1:35729]: Received raw response: DefaultHttpResponse(decodeResult: success, version: HTTP/1.1)
HTTP/1.1 200 OK
Content-Type: application/json
Date: Tue, 08 Sep 2015 10:39:51 GMT
Connection: keep-alive
Transfer-Encoding: chunked
11:39:51.358 [LittleProxy-ProxyToServerWorker-0] DEBUG o.l.p.impl.ProxyToServerConnection - (AWAITING_INITIAL) [id: 0x28ca0320, /127.0.0.1:37657 => localhost/127.0.0.1:35729]: Remembering the current response.
11:39:51.358 [LittleProxy-ProxyToServerWorker-0] DEBUG o.l.p.impl.ClientToProxyConnection - (AWAITING_INITIAL) [id: 0x54e38a99, /127.0.0.1:54157 => /127.0.1.1:45224]: Writing: DefaultHttpResponse(decodeResult: success, version: HTTP/1.1)
HTTP/1.1 200 OK
Content-Type: application/json
Date: Tue, 08 Sep 2015 10:39:51 GMT
Transfer-Encoding: chunked
Via: 1.1 localhost.localdomain
11:39:51.358 [LittleProxy-ProxyToServerWorker-0] DEBUG o.l.p.impl.ClientToProxyConnection - (AWAITING_INITIAL) [id: 0x54e38a99, /127.0.0.1:54157 => /127.0.1.1:45224]: Wrote: DefaultHttpResponse(decodeResult: success, version: HTTP/1.1)
HTTP/1.1 200 OK
Content-Type: application/json
Date: Tue, 08 Sep 2015 10:39:51 GMT
Transfer-Encoding: chunked
Via: 1.1 localhost.localdomain
11:39:51.358 [LittleProxy-ProxyToServerWorker-0] DEBUG o.l.p.impl.ClientToProxyConnection - (AWAITING_INITIAL) [id: 0x54e38a99, /127.0.0.1:54157 => /127.0.1.1:45224]: Not closing server connection on middle chunk for /livereload.js?snipver=1
11:39:51.358 [LittleProxy-ProxyToServerWorker-0] DEBUG o.l.p.impl.ClientToProxyConnection - (AWAITING_INITIAL) [id: 0x54e38a99, /127.0.0.1:54157 => /127.0.1.1:45224]: Not closing client connection on middle chunk for /livereload.js?snipver=1
11:39:51.358 [LittleProxy-ProxyToServerWorker-0] DEBUG o.l.p.impl.ProxyToServerConnection - (AWAITING_CHUNK) [id: 0x28ca0320, /127.0.0.1:37657 => localhost/127.0.0.1:35729]: Reading: DefaultHttpContent(data: SlicedByteBuf(ridx: 0, widx: 878, cap: 878/878, unwrapped: UnpooledUnsafeDirectByteBuf(ridx: 1024, widx: 1024, cap: 1024)), decoderResult: success)
11:39:51.358 [LittleProxy-ProxyToServerWorker-0] DEBUG o.l.p.impl.ClientToProxyConnection - (AWAITING_INITIAL) [id: 0x54e38a99, /127.0.0.1:54157 => /127.0.1.1:45224]: Retaining reference counted message
11:39:51.358 [LittleProxy-ProxyToServerWorker-0] DEBUG o.l.p.impl.ClientToProxyConnection - (AWAITING_INITIAL) [id: 0x54e38a99, /127.0.0.1:54157 => /127.0.1.1:45224]: Writing: DefaultHttpContent(data: SlicedByteBuf(ridx: 0, widx: 878, cap: 878/878, unwrapped: UnpooledUnsafeDirectByteBuf(ridx: 1024, widx: 1024, cap: 1024)), decoderResult: success)
11:39:51.358 [LittleProxy-ProxyToServerWorker-0] DEBUG o.l.p.impl.ClientToProxyConnection - (AWAITING_INITIAL) [id: 0x54e38a99, /127.0.0.1:54157 => /127.0.1.1:45224]: Wrote: DefaultHttpContent(data: SlicedByteBuf(ridx: 0, widx: 878, cap: 878/878, unwrapped: UnpooledUnsafeDirectByteBuf(ridx: 1024, widx: 1024, cap: 1024)), decoderResult: success)
11:39:51.358 [LittleProxy-ProxyToServerWorker-0] DEBUG o.l.p.impl.ClientToProxyConnection - (AWAITING_INITIAL) [id: 0x54e38a99, /127.0.0.1:54157 => /127.0.1.1:45224]: Not closing server connection on middle chunk for /livereload.js?snipver=1
11:39:51.358 [LittleProxy-ProxyToServerWorker-0] DEBUG o.l.p.impl.ClientToProxyConnection - (AWAITING_INITIAL) [id: 0x54e38a99, /127.0.0.1:54157 => /127.0.1.1:45224]: Not closing client connection on middle chunk for /livereload.js?snipver=1
11:39:51.358 [LittleProxy-ProxyToServerWorker-0] DEBUG o.l.p.impl.ProxyToServerConnection - (AWAITING_CHUNK) [id: 0x28ca0320, /127.0.0.1:37657 => localhost/127.0.0.1:35729]: Reading: DefaultHttpContent(data: SlicedByteBuf(ridx: 0, widx: 1024, cap: 1024/1024, unwrapped: UnpooledUnsafeDirectByteBuf(ridx: 1024, widx: 1024, cap: 1024)), decoderResult: success)
11:39:51.358 [LittleProxy-ProxyToServerWorker-0] DEBUG o.l.p.impl.ClientToProxyConnection - (AWAITING_INITIAL) [id: 0x54e38a99, /127.0.0.1:54157 => /127.0.1.1:45224]: Retaining reference counted message
11:39:51.358 [LittleProxy-ProxyToServerWorker-0] DEBUG o.l.p.impl.ClientToProxyConnection - (AWAITING_INITIAL) [id: 0x54e38a99, /127.0.0.1:54157 => /127.0.1.1:45224]: Writing: DefaultHttpContent(data: SlicedByteBuf(ridx: 0, widx: 1024, cap: 1024/1024, unwrapped: UnpooledUnsafeDirectByteBuf(ridx: 1024, widx: 1024, cap: 1024)), decoderResult: success)
11:39:51.358 [LittleProxy-ProxyToServerWorker-0] DEBUG o.l.p.impl.ClientToProxyConnection - (AWAITING_INITIAL) [id: 0x54e38a99, /127.0.0.1:54157 => /127.0.1.1:45224]: Wrote: DefaultHttpContent(data: SlicedByteBuf(ridx: 0, widx: 1024, cap: 1024/1024, unwrapped: UnpooledUnsafeDirectByteBuf(ridx: 1024, widx: 1024, cap: 1024)), decoderResult: success)
11:39:51.358 [LittleProxy-ProxyToServerWorker-0] DEBUG o.l.p.impl.ClientToProxyConnection - (AWAITING_INITIAL) [id: 0x54e38a99, /127.0.0.1:54157 => /127.0.1.1:45224]: Not closing server connection on middle chunk for /livereload.js?snipver=1
11:39:51.358 [LittleProxy-ProxyToServerWorker-0] DEBUG o.l.p.impl.ClientToProxyConnection - (AWAITING_INITIAL) [id: 0x54e38a99, /127.0.0.1:54157 => /127.0.1.1:45224]: Not closing client connection on middle chunk for /livereload.js?snipver=1
11:39:51.358 [LittleProxy-ProxyToServerWorker-0] DEBUG o.l.p.impl.ProxyToServerConnection - (AWAITING_CHUNK) [id: 0x28ca0320, /127.0.0.1:37657 => localhost/127.0.0.1:35729]: Reading: DefaultHttpContent(data: SlicedByteBuf(ridx: 0, widx: 1024, cap: 1024/1024, unwrapped: UnpooledUnsafeDirectByteBuf(ridx: 1024, widx: 1024, cap: 1024)), decoderResult: success)
11:39:51.358 [LittleProxy-ProxyToServerWorker-0] DEBUG o.l.p.impl.ClientToProxyConnection - (AWAITING_INITIAL) [id: 0x54e38a99, /127.0.0.1:54157 => /127.0.1.1:45224]: Retaining reference counted message
11:39:51.358 [LittleProxy-ProxyToServerWorker-0] DEBUG o.l.p.impl.ClientToProxyConnection - (AWAITING_INITIAL) [id: 0x54e38a99, /127.0.0.1:54157 => /127.0.1.1:45224]: Writing: DefaultHttpContent(data: SlicedByteBuf(ridx: 0, widx: 1024, cap: 1024/1024, unwrapped: UnpooledUnsafeDirectByteBuf(ridx: 1024, widx: 1024, cap: 1024)), decoderResult: success)
11:39:51.358 [LittleProxy-ProxyToServerWorker-0] DEBUG o.l.p.impl.ClientToProxyConnection - (AWAITING_INITIAL) [id: 0x54e38a99, /127.0.0.1:54157 => /127.0.1.1:45224]: Wrote: DefaultHttpContent(data: SlicedByteBuf(ridx: 0, widx: 1024, cap: 1024/1024, unwrapped: UnpooledUnsafeDirectByteBuf(ridx: 1024, widx: 1024, cap: 1024)), decoderResult: success)
11:39:51.358 [LittleProxy-ProxyToServerWorker-0] DEBUG o.l.p.impl.ClientToProxyConnection - (AWAITING_INITIAL) [id: 0x54e38a99, /127.0.0.1:54157 => /127.0.1.1:45224]: Not closing server connection on middle chunk for /livereload.js?snipver=1
11:39:51.358 [LittleProxy-ProxyToServerWorker-0] DEBUG o.l.p.impl.ClientToProxyConnection - (AWAITING_INITIAL) [id: 0x54e38a99, /127.0.0.1:54157 => /127.0.1.1:45224]: Not closing client connection on middle chunk for /livereload.js?snipver=1
11:39:51.358 [LittleProxy-ProxyToServerWorker-0] DEBUG o.l.p.impl.ProxyToServerConnection - (AWAITING_CHUNK) [id: 0x28ca0320, /127.0.0.1:37657 => localhost/127.0.0.1:35729]: Reading: DefaultHttpContent(data: SlicedByteBuf(ridx: 0, widx: 1024, cap: 1024/1024, unwrapped: UnpooledUnsafeDirectByteBuf(ridx: 1024, widx: 1024, cap: 1024)), decoderResult: success)
11:39:51.358 [LittleProxy-ProxyToServerWorker-0] DEBUG o.l.p.impl.ClientToProxyConnection - (AWAITING_INITIAL) [id: 0x54e38a99, /127.0.0.1:54157 => /127.0.1.1:45224]: Retaining reference counted message
11:39:51.358 [LittleProxy-ProxyToServerWorker-0] DEBUG o.l.p.impl.ClientToProxyConnection - (AWAITING_INITIAL) [id: 0x54e38a99, /127.0.0.1:54157 => /127.0.1.1:45224]: Writing: DefaultHttpContent(data: SlicedByteBuf(ridx: 0, widx: 1024, cap: 1024/1024, unwrapped: UnpooledUnsafeDirectByteBuf(ridx: 1024, widx: 1024, cap: 1024)), decoderResult: success)
11:39:51.358 [LittleProxy-ProxyToServerWorker-0] DEBUG o.l.p.impl.ClientToProxyConnection - (AWAITING_INITIAL) [id: 0x54e38a99, /127.0.0.1:54157 => /127.0.1.1:45224]: Wrote: DefaultHttpContent(data: SlicedByteBuf(ridx: 0, widx: 1024, cap: 1024/1024, unwrapped: UnpooledUnsafeDirectByteBuf(ridx: 1024, widx: 1024, cap: 1024)), decoderResult: success)
11:39:51.358 [LittleProxy-ProxyToServerWorker-0] DEBUG o.l.p.impl.ClientToProxyConnection - (AWAITING_INITIAL) [id: 0x54e38a99, /127.0.0.1:54157 => /127.0.1.1:45224]: Not closing server connection on middle chunk for /livereload.js?snipver=1
11:39:51.358 [LittleProxy-ProxyToServerWorker-0] DEBUG o.l.p.impl.ClientToProxyConnection - (AWAITING_INITIAL) [id: 0x54e38a99, /127.0.0.1:54157 => /127.0.1.1:45224]: Not closing client connection on middle chunk for /livereload.js?snipver=1
11:39:51.358 [LittleProxy-ProxyToServerWorker-0] DEBUG o.l.p.impl.ProxyToServerConnection - (AWAITING_CHUNK) [id: 0x28ca0320, /127.0.0.1:37657 => localhost/127.0.0.1:35729]: Reading: DefaultHttpContent(data: SlicedByteBuf(ridx: 0, widx: 1024, cap: 1024/1024, unwrapped: UnpooledUnsafeDirectByteBuf(ridx: 1024, widx: 1024, cap: 1024)), decoderResult: success)
11:39:51.358 [LittleProxy-ProxyToServerWorker-0] DEBUG o.l.p.impl.ClientToProxyConnection - (AWAITING_INITIAL) [id: 0x54e38a99, /127.0.0.1:54157 => /127.0.1.1:45224]: Retaining reference counted message
11:39:51.358 [LittleProxy-ProxyToServerWorker-0] DEBUG o.l.p.impl.ClientToProxyConnection - (AWAITING_INITIAL) [id: 0x54e38a99, /127.0.0.1:54157 => /127.0.1.1:45224]: Writing: DefaultHttpContent(data: SlicedByteBuf(ridx: 0, widx: 1024, cap: 1024/1024, unwrapped: UnpooledUnsafeDirectByteBuf(ridx: 1024, widx: 1024, cap: 1024)), decoderResult: success)
11:39:51.358 [LittleProxy-ProxyToServerWorker-0] DEBUG o.l.p.impl.ClientToProxyConnection - (AWAITING_INITIAL) [id: 0x54e38a99, /127.0.0.1:54157 => /127.0.1.1:45224]: Wrote: DefaultHttpContent(data: SlicedByteBuf(ridx: 0, widx: 1024, cap: 1024/1024, unwrapped: UnpooledUnsafeDirectByteBuf(ridx: 1024, widx: 1024, cap: 1024)), decoderResult: success)
11:39:51.358 [LittleProxy-ProxyToServerWorker-0] DEBUG o.l.p.impl.ClientToProxyConnection - (AWAITING_INITIAL) [id: 0x54e38a99, /127.0.0.1:54157 => /127.0.1.1:45224]: Not closing server connection on middle chunk for /livereload.js?snipver=1
11:39:51.358 [LittleProxy-ProxyToServerWorker-0] DEBUG o.l.p.impl.ClientToProxyConnection - (AWAITING_INITIAL) [id: 0x54e38a99, /127.0.0.1:54157 => /127.0.1.1:45224]: Not closing client connection on middle chunk for /livereload.js?snipver=1
11:39:51.358 [LittleProxy-ProxyToServerWorker-0] DEBUG o.l.p.impl.ProxyToServerConnection - (AWAITING_CHUNK) [id: 0x28ca0320, /127.0.0.1:37657 => localhost/127.0.0.1:35729]: Reading: DefaultHttpContent(data: SlicedByteBuf(ridx: 0, widx: 1024, cap: 1024/1024, unwrapped: UnpooledUnsafeDirectByteBuf(ridx: 1024, widx: 1024, cap: 1024)), decoderResult: success)
11:39:51.358 [LittleProxy-ProxyToServerWorker-0] DEBUG o.l.p.impl.ClientToProxyConnection - (AWAITING_INITIAL) [id: 0x54e38a99, /127.0.0.1:54157 => /127.0.1.1:45224]: Retaining reference counted message
11:39:51.358 [LittleProxy-ProxyToServerWorker-0] DEBUG o.l.p.impl.ClientToProxyConnection - (AWAITING_INITIAL) [id: 0x54e38a99, /127.0.0.1:54157 => /127.0.1.1:45224]: Writing: DefaultHttpContent(data: SlicedByteBuf(ridx: 0, widx: 1024, cap: 1024/1024, unwrapped: UnpooledUnsafeDirectByteBuf(ridx: 1024, widx: 1024, cap: 1024)), decoderResult: success)
11:39:51.358 [LittleProxy-ProxyToServerWorker-0] DEBUG o.l.p.impl.ClientToProxyConnection - (AWAITING_INITIAL) [id: 0x54e38a99, /127.0.0.1:54157 => /127.0.1.1:45224]: Wrote: DefaultHttpContent(data: SlicedByteBuf(ridx: 0, widx: 1024, cap: 1024/1024, unwrapped: UnpooledUnsafeDirectByteBuf(ridx: 1024, widx: 1024, cap: 1024)), decoderResult: success)
11:39:51.358 [LittleProxy-ProxyToServerWorker-0] DEBUG o.l.p.impl.ClientToProxyConnection - (AWAITING_INITIAL) [id: 0x54e38a99, /127.0.0.1:54157 => /127.0.1.1:45224]: Not closing server connection on middle chunk for /livereload.js?snipver=1
11:39:51.358 [LittleProxy-ProxyToServerWorker-0] DEBUG o.l.p.impl.ClientToProxyConnection - (AWAITING_INITIAL) [id: 0x54e38a99, /127.0.0.1:54157 => /127.0.1.1:45224]: Not closing client connection on middle chunk for /livereload.js?snipver=1
11:39:51.359 [LittleProxy-ProxyToServerWorker-0] DEBUG o.l.p.impl.ProxyToServerConnection - (AWAITING_CHUNK) [id: 0x28ca0320, /127.0.0.1:37657 => localhost/127.0.0.1:35729]: Reading: DefaultHttpContent(data: SimpleLeakAwareByteBuf(SlicedByteBuf(ridx: 0, widx: 1024, cap: 1024/1024, unwrapped: UnpooledUnsafeDirectByteBuf(ridx: 1024, widx: 1024, cap: 1024))), decoderResult: success)
11:39:51.359 [LittleProxy-ProxyToServerWorker-0] DEBUG o.l.p.impl.ClientToProxyConnection - (AWAITING_INITIAL) [id: 0x54e38a99, /127.0.0.1:54157 => /127.0.1.1:45224]: Retaining reference counted message
11:39:51.359 [LittleProxy-ProxyToServerWorker-0] DEBUG o.l.p.impl.ClientToProxyConnection - (AWAITING_INITIAL) [id: 0x54e38a99, /127.0.0.1:54157 => /127.0.1.1:45224]: Writing: DefaultHttpContent(data: SimpleLeakAwareByteBuf(SlicedByteBuf(ridx: 0, widx: 1024, cap: 1024/1024, unwrapped: UnpooledUnsafeDirectByteBuf(ridx: 1024, widx: 1024, cap: 1024))), decoderResult: success)
11:39:51.359 [LittleProxy-ProxyToServerWorker-0] DEBUG o.l.p.impl.ClientToProxyConnection - (AWAITING_INITIAL) [id: 0x54e38a99, /127.0.0.1:54157 => /127.0.1.1:45224]: Wrote: DefaultHttpContent(data: SimpleLeakAwareByteBuf(SlicedByteBuf(ridx: 0, widx: 1024, cap: 1024/1024, unwrapped: UnpooledUnsafeDirectByteBuf(ridx: 1024, widx: 1024, cap: 1024))), decoderResult: success)
11:39:51.359 [LittleProxy-ProxyToServerWorker-0] DEBUG o.l.p.impl.ClientToProxyConnection - (AWAITING_INITIAL) [id: 0x54e38a99, /127.0.0.1:54157 => /127.0.1.1:45224]: Not closing server connection on middle chunk for /livereload.js?snipver=1
11:39:51.359 [LittleProxy-ProxyToServerWorker-0] DEBUG o.l.p.impl.ClientToProxyConnection - (AWAITING_INITIAL) [id: 0x54e38a99, /127.0.0.1:54157 => /127.0.1.1:45224]: Not closing client connection on middle chunk for /livereload.js?snipver=1
11:39:51.359 [LittleProxy-ProxyToServerWorker-0] DEBUG o.l.p.impl.ProxyToServerConnection - (AWAITING_CHUNK) [id: 0x28ca0320, /127.0.0.1:37657 => localhost/127.0.0.1:35729]: Reading: DefaultHttpContent(data: SlicedByteBuf(ridx: 0, widx: 1024, cap: 1024/1024, unwrapped: UnpooledUnsafeDirectByteBuf(ridx: 1024, widx: 1024, cap: 1024)), decoderResult: success)
11:39:51.359 [LittleProxy-ProxyToServerWorker-0] DEBUG o.l.p.impl.ClientToProxyConnection - (AWAITING_INITIAL) [id: 0x54e38a99, /127.0.0.1:54157 => /127.0.1.1:45224]: Retaining reference counted message
11:39:51.359 [LittleProxy-ProxyToServerWorker-0] DEBUG o.l.p.impl.ClientToProxyConnection - (AWAITING_INITIAL) [id: 0x54e38a99, /127.0.0.1:54157 => /127.0.1.1:45224]: Writing: DefaultHttpContent(data: SlicedByteBuf(ridx: 0, widx: 1024, cap: 1024/1024, unwrapped: UnpooledUnsafeDirectByteBuf(ridx: 1024, widx: 1024, cap: 1024)), decoderResult: success)
11:39:51.359 [LittleProxy-ProxyToServerWorker-0] DEBUG o.l.p.impl.ClientToProxyConnection - (AWAITING_INITIAL) [id: 0x54e38a99, /127.0.0.1:54157 => /127.0.1.1:45224]: Wrote: DefaultHttpContent(data: SlicedByteBuf(ridx: 0, widx: 1024, cap: 1024/1024, unwrapped: UnpooledUnsafeDirectByteBuf(ridx: 1024, widx: 1024, cap: 1024)), decoderResult: success)
11:39:51.359 [LittleProxy-ProxyToServerWorker-0] DEBUG o.l.p.impl.ClientToProxyConnection - (AWAITING_INITIAL) [id: 0x54e38a99, /127.0.0.1:54157 => /127.0.1.1:45224]: Not closing server connection on middle chunk for /livereload.js?snipver=1
11:39:51.359 [LittleProxy-ProxyToServerWorker-0] DEBUG o.l.p.impl.ClientToProxyConnection - (AWAITING_INITIAL) [id: 0x54e38a99, /127.0.0.1:54157 => /127.0.1.1:45224]: Not closing client connection on middle chunk for /livereload.js?snipver=1
11:39:51.359 [LittleProxy-ProxyToServerWorker-0] DEBUG o.l.p.impl.ProxyToServerConnection - (AWAITING_CHUNK) [id: 0x28ca0320, /127.0.0.1:37657 => localhost/127.0.0.1:35729]: Reading: DefaultHttpContent(data: SlicedByteBuf(ridx: 0, widx: 1024, cap: 1024/1024, unwrapped: UnpooledUnsafeDirectByteBuf(ridx: 1024, widx: 1024, cap: 1024)), decoderResult: success)
11:39:51.359 [LittleProxy-ProxyToServerWorker-0] DEBUG o.l.p.impl.ClientToProxyConnection - (AWAITING_INITIAL) [id: 0x54e38a99, /127.0.0.1:54157 => /127.0.1.1:45224]: Retaining reference counted message
11:39:51.359 [LittleProxy-ProxyToServerWorker-0] DEBUG o.l.p.impl.ClientToProxyConnection - (AWAITING_INITIAL) [id: 0x54e38a99, /127.0.0.1:54157 => /127.0.1.1:45224]: Writing: DefaultHttpContent(data: SlicedByteBuf(ridx: 0, widx: 1024, cap: 1024/1024, unwrapped: UnpooledUnsafeDirectByteBuf(ridx: 1024, widx: 1024, cap: 1024)), decoderResult: success)
11:39:51.359 [LittleProxy-ProxyToServerWorker-0] DEBUG o.l.p.impl.ClientToProxyConnection - (AWAITING_INITIAL) [id: 0x54e38a99, /127.0.0.1:54157 => /127.0.1.1:45224]: Wrote: DefaultHttpContent(data: SlicedByteBuf(ridx: 0, widx: 1024, cap: 1024/1024, unwrapped: UnpooledUnsafeDirectByteBuf(ridx: 1024, widx: 1024, cap: 1024)), decoderResult: success)
11:39:51.359 [LittleProxy-ProxyToServerWorker-0] DEBUG o.l.p.impl.ClientToProxyConnection - (AWAITING_INITIAL) [id: 0x54e38a99, /127.0.0.1:54157 => /127.0.1.1:45224]: Not closing server connection on middle chunk for /livereload.js?snipver=1
11:39:51.359 [LittleProxy-ProxyToServerWorker-0] DEBUG o.l.p.impl.ClientToProxyConnection - (AWAITING_INITIAL) [id: 0x54e38a99, /127.0.0.1:54157 => /127.0.1.1:45224]: Not closing client connection on middle chunk for /livereload.js?snipver=1
11:39:51.359 [LittleProxy-ProxyToServerWorker-0] DEBUG o.l.p.impl.ProxyToServerConnection - (AWAITING_CHUNK) [id: 0x28ca0320, /127.0.0.1:37657 => localhost/127.0.0.1:35729]: Reading: DefaultHttpContent(data: SlicedByteBuf(ridx: 0, widx: 1024, cap: 1024/1024, unwrapped: UnpooledUnsafeDirectByteBuf(ridx: 1024, widx: 1024, cap: 1024)), decoderResult: success)
11:39:51.359 [LittleProxy-ProxyToServerWorker-0] DEBUG o.l.p.impl.ClientToProxyConnection - (AWAITING_INITIAL) [id: 0x54e38a99, /127.0.0.1:54157 => /127.0.1.1:45224]: Retaining reference counted message
11:39:51.359 [LittleProxy-ProxyToServerWorker-0] DEBUG o.l.p.impl.ClientToProxyConnection - (AWAITING_INITIAL) [id: 0x54e38a99, /127.0.0.1:54157 => /127.0.1.1:45224]: Writing: DefaultHttpContent(data: SlicedByteBuf(ridx: 0, widx: 1024, cap: 1024/1024, unwrapped: UnpooledUnsafeDirectByteBuf(ridx: 1024, widx: 1024, cap: 1024)), decoderResult: success)
11:39:51.359 [LittleProxy-ProxyToServerWorker-0] DEBUG o.l.p.impl.ClientToProxyConnection - (AWAITING_INITIAL) [id: 0x54e38a99, /127.0.0.1:54157 => /127.0.1.1:45224]: Wrote: DefaultHttpContent(data: SlicedByteBuf(ridx: 0, widx: 1024, cap: 1024/1024, unwrapped: UnpooledUnsafeDirectByteBuf(ridx: 1024, widx: 1024, cap: 1024)), decoderResult: success)
11:39:51.359 [LittleProxy-ProxyToServerWorker-0] DEBUG o.l.p.impl.ClientToProxyConnection - (AWAITING_INITIAL) [id: 0x54e38a99, /127.0.0.1:54157 => /127.0.1.1:45224]: Not closing server connection on middle chunk for /livereload.js?snipver=1
11:39:51.359 [LittleProxy-ProxyToServerWorker-0] DEBUG o.l.p.impl.ClientToProxyConnection - (AWAITING_INITIAL) [id: 0x54e38a99, /127.0.0.1:54157 => /127.0.1.1:45224]: Not closing client connection on middle chunk for /livereload.js?snipver=1
11:39:51.359 [LittleProxy-ProxyToServerWorker-0] DEBUG o.l.p.impl.ProxyToServerConnection - (AWAITING_CHUNK) [id: 0x28ca0320, /127.0.0.1:37657 => localhost/127.0.0.1:35729]: Reading: DefaultHttpContent(data: SlicedByteBuf(ridx: 0, widx: 1024, cap: 1024/1024, unwrapped: UnpooledUnsafeDirectByteBuf(ridx: 1024, widx: 1024, cap: 1024)), decoderResult: success)
11:39:51.359 [LittleProxy-ProxyToServerWorker-0] DEBUG o.l.p.impl.ClientToProxyConnection - (AWAITING_INITIAL) [id: 0x54e38a99, /127.0.0.1:54157 => /127.0.1.1:45224]: Retaining reference counted message
11:39:51.359 [LittleProxy-ProxyToServerWorker-0] DEBUG o.l.p.impl.ClientToProxyConnection - (AWAITING_INITIAL) [id: 0x54e38a99, /127.0.0.1:54157 => /127.0.1.1:45224]: Writing: DefaultHttpContent(data: SlicedByteBuf(ridx: 0, widx: 1024, cap: 1024/1024, unwrapped: UnpooledUnsafeDirectByteBuf(ridx: 1024, widx: 1024, cap: 1024)), decoderResult: success)
11:39:51.359 [LittleProxy-ProxyToServerWorker-0] DEBUG o.l.p.impl.ClientToProxyConnection - (AWAITING_INITIAL) [id: 0x54e38a99, /127.0.0.1:54157 => /127.0.1.1:45224]: Wrote: DefaultHttpContent(data: SlicedByteBuf(ridx: 0, widx: 1024, cap: 1024/1024, unwrapped: UnpooledUnsafeDirectByteBuf(ridx: 1024, widx: 1024, cap: 1024)), decoderResult: success)
11:39:51.359 [LittleProxy-ProxyToServerWorker-0] DEBUG o.l.p.impl.ClientToProxyConnection - (AWAITING_INITIAL) [id: 0x54e38a99, /127.0.0.1:54157 => /127.0.1.1:45224]: Not closing server connection on middle chunk for /livereload.js?snipver=1
11:39:51.359 [LittleProxy-ProxyToServerWorker-0] DEBUG o.l.p.impl.ClientToProxyConnection - (AWAITING_INITIAL) [id: 0x54e38a99, /127.0.0.1:54157 => /127.0.1.1:45224]: Not closing client connection on middle chunk for /livereload.js?snipver=1
11:39:51.359 [LittleProxy-ProxyToServerWorker-0] DEBUG o.l.p.impl.ProxyToServerConnection - (AWAITING_CHUNK) [id: 0x28ca0320, /127.0.0.1:37657 => localhost/127.0.0.1:35729]: Reading: DefaultHttpContent(data: SlicedByteBuf(ridx: 0, widx: 1024, cap: 1024/1024, unwrapped: UnpooledUnsafeDirectByteBuf(ridx: 1024, widx: 1024, cap: 1024)), decoderResult: success)
11:39:51.359 [LittleProxy-ProxyToServerWorker-0] DEBUG o.l.p.impl.ClientToProxyConnection - (AWAITING_INITIAL) [id: 0x54e38a99, /127.0.0.1:54157 => /127.0.1.1:45224]: Retaining reference counted message
11:39:51.359 [LittleProxy-ProxyToServerWorker-0] DEBUG o.l.p.impl.ClientToProxyConnection - (AWAITING_INITIAL) [id: 0x54e38a99, /127.0.0.1:54157 => /127.0.1.1:45224]: Writing: DefaultHttpContent(data: SlicedByteBuf(ridx: 0, widx: 1024, cap: 1024/1024, unwrapped: UnpooledUnsafeDirectByteBuf(ridx: 1024, widx: 1024, cap: 1024)), decoderResult: success)
11:39:51.359 [LittleProxy-ProxyToServerWorker-0] DEBUG o.l.p.impl.ClientToProxyConnection - (AWAITING_INITIAL) [id: 0x54e38a99, /127.0.0.1:54157 => /127.0.1.1:45224]: Wrote: DefaultHttpContent(data: SlicedByteBuf(ridx: 0, widx: 1024, cap: 1024/1024, unwrapped: UnpooledUnsafeDirectByteBuf(ridx: 1024, widx: 1024, cap: 1024)), decoderResult: success)
11:39:51.359 [LittleProxy-ProxyToServerWorker-0] DEBUG o.l.p.impl.ClientToProxyConnection - (AWAITING_INITIAL) [id: 0x54e38a99, /127.0.0.1:54157 => /127.0.1.1:45224]: Not closing server connection on middle chunk for /livereload.js?snipver=1
11:39:51.359 [LittleProxy-ProxyToServerWorker-0] DEBUG o.l.p.impl.ClientToProxyConnection - (AWAITING_INITIAL) [id: 0x54e38a99, /127.0.0.1:54157 => /127.0.1.1:45224]: Not closing client connection on middle chunk for /livereload.js?snipver=1
11:39:51.359 [LittleProxy-ProxyToServerWorker-0] DEBUG o.l.p.impl.ProxyToServerConnection - (AWAITING_CHUNK) [id: 0x28ca0320, /127.0.0.1:37657 => localhost/127.0.0.1:35729]: Reading: DefaultHttpContent(data: SlicedByteBuf(ridx: 0, widx: 1024, cap: 1024/1024, unwrapped: UnpooledUnsafeDirectByteBuf(ridx: 1024, widx: 1024, cap: 1024)), decoderResult: success)
11:39:51.359 [LittleProxy-ProxyToServerWorker-0] DEBUG o.l.p.impl.ClientToProxyConnection - (AWAITING_INITIAL) [id: 0x54e38a99, /127.0.0.1:54157 => /127.0.1.1:45224]: Retaining reference counted message
11:39:51.359 [LittleProxy-ProxyToServerWorker-0] DEBUG o.l.p.impl.ClientToProxyConnection - (AWAITING_INITIAL) [id: 0x54e38a99, /127.0.0.1:54157 => /127.0.1.1:45224]: Writing: DefaultHttpContent(data: SlicedByteBuf(ridx: 0, widx: 1024, cap: 1024/1024, unwrapped: UnpooledUnsafeDirectByteBuf(ridx: 1024, widx: 1024, cap: 1024)), decoderResult: success)
11:39:51.359 [LittleProxy-ProxyToServerWorker-0] DEBUG o.l.p.impl.ClientToProxyConnection - (AWAITING_INITIAL) [id: 0x54e38a99, /127.0.0.1:54157 => /127.0.1.1:45224]: Wrote: DefaultHttpContent(data: SlicedByteBuf(ridx: 0, widx: 1024, cap: 1024/1024, unwrapped: UnpooledUnsafeDirectByteBuf(ridx: 1024, widx: 1024, cap: 1024)), decoderResult: success)
11:39:51.359 [LittleProxy-ProxyToServerWorker-0] DEBUG o.l.p.impl.ClientToProxyConnection - (AWAITING_INITIAL) [id: 0x54e38a99, /127.0.0.1:54157 => /127.0.1.1:45224]: Not closing server connection on middle chunk for /livereload.js?snipver=1
11:39:51.359 [LittleProxy-ProxyToServerWorker-0] DEBUG o.l.p.impl.ClientToProxyConnection - (AWAITING_INITIAL) [id: 0x54e38a99, /127.0.0.1:54157 => /127.0.1.1:45224]: Not closing client connection on middle chunk for /livereload.js?snipver=1
11:39:51.360 [LittleProxy-ProxyToServerWorker-0] DEBUG o.l.p.impl.ProxyToServerConnection - (AWAITING_CHUNK) [id: 0x28ca0320, /127.0.0.1:37657 => localhost/127.0.0.1:35729]: Reading: DefaultHttpContent(data: SlicedByteBuf(ridx: 0, widx: 1024, cap: 1024/1024, unwrapped: UnpooledUnsafeDirectByteBuf(ridx: 1024, widx: 1024, cap: 1024)), decoderResult: success)
11:39:51.360 [LittleProxy-ProxyToServerWorker-0] DEBUG o.l.p.impl.ClientToProxyConnection - (AWAITING_INITIAL) [id: 0x54e38a99, /127.0.0.1:54157 => /127.0.1.1:45224]: Retaining reference counted message
11:39:51.360 [LittleProxy-ProxyToServerWorker-0] DEBUG o.l.p.impl.ClientToProxyConnection - (AWAITING_INITIAL) [id: 0x54e38a99, /127.0.0.1:54157 => /127.0.1.1:45224]: Writing: DefaultHttpContent(data: SlicedByteBuf(ridx: 0, widx: 1024, cap: 1024/1024, unwrapped: UnpooledUnsafeDirectByteBuf(ridx: 1024, widx: 1024, cap: 1024)), decoderResult: success)
11:39:51.360 [LittleProxy-ProxyToServerWorker-0] DEBUG o.l.p.impl.ClientToProxyConnection - (AWAITING_INITIAL) [id: 0x54e38a99, /127.0.0.1:54157 => /127.0.1.1:45224]: Wrote: DefaultHttpContent(data: SlicedByteBuf(ridx: 0, widx: 1024, cap: 1024/1024, unwrapped: UnpooledUnsafeDirectByteBuf(ridx: 1024, widx: 1024, cap: 1024)), decoderResult: success)
11:39:51.360 [LittleProxy-ProxyToServerWorker-0] DEBUG o.l.p.impl.ClientToProxyConnection - (AWAITING_INITIAL) [id: 0x54e38a99, /127.0.0.1:54157 => /127.0.1.1:45224]: Not closing server connection on middle chunk for /livereload.js?snipver=1
11:39:51.360 [LittleProxy-ProxyToServerWorker-0] DEBUG o.l.p.impl.ClientToProxyConnection - (AWAITING_INITIAL) [id: 0x54e38a99, /127.0.0.1:54157 => /127.0.1.1:45224]: Not closing client connection on middle chunk for /livereload.js?snipver=1
11:39:51.360 [LittleProxy-ProxyToServerWorker-0] DEBUG o.l.p.impl.ProxyToServerConnection - (AWAITING_CHUNK) [id: 0x28ca0320, /127.0.0.1:37657 => localhost/127.0.0.1:35729]: Reading: DefaultHttpContent(data: SlicedByteBuf(ridx: 0, widx: 1024, cap: 1024/1024, unwrapped: UnpooledUnsafeDirectByteBuf(ridx: 1024, widx: 1024, cap: 1024)), decoderResult: success)
11:39:51.360 [LittleProxy-ProxyToServerWorker-0] DEBUG o.l.p.impl.ClientToProxyConnection - (AWAITING_INITIAL) [id: 0x54e38a99, /127.0.0.1:54157 => /127.0.1.1:45224]: Retaining reference counted message
11:39:51.360 [LittleProxy-ProxyToServerWorker-0] DEBUG o.l.p.impl.ClientToProxyConnection - (AWAITING_INITIAL) [id: 0x54e38a99, /127.0.0.1:54157 => /127.0.1.1:45224]: Writing: DefaultHttpContent(data: SlicedByteBuf(ridx: 0, widx: 1024, cap: 1024/1024, unwrapped: UnpooledUnsafeDirectByteBuf(ridx: 1024, widx: 1024, cap: 1024)), decoderResult: success)
11:39:51.360 [LittleProxy-ProxyToServerWorker-0] DEBUG o.l.p.impl.ClientToProxyConnection - (AWAITING_INITIAL) [id: 0x54e38a99, /127.0.0.1:54157 => /127.0.1.1:45224]: Wrote: DefaultHttpContent(data: SlicedByteBuf(ridx: 0, widx: 1024, cap: 1024/1024, unwrapped: UnpooledUnsafeDirectByteBuf(ridx: 1024, widx: 1024, cap: 1024)), decoderResult: success)
11:39:51.360 [LittleProxy-ProxyToServerWorker-0] DEBUG o.l.p.impl.ClientToProxyConnection - (AWAITING_INITIAL) [id: 0x54e38a99, /127.0.0.1:54157 => /127.0.1.1:45224]: Not closing server connection on middle chunk for /livereload.js?snipver=1
11:39:51.360 [LittleProxy-ProxyToServerWorker-0] DEBUG o.l.p.impl.ClientToProxyConnection - (AWAITING_INITIAL) [id: 0x54e38a99, /127.0.0.1:54157 => /127.0.1.1:45224]: Not closing client connection on middle chunk for /livereload.js?snipver=1
11:39:51.360 [LittleProxy-ProxyToServerWorker-0] DEBUG o.l.p.impl.ProxyToServerConnection - (AWAITING_CHUNK) [id: 0x28ca0320, /127.0.0.1:37657 => localhost/127.0.0.1:35729]: Reading: DefaultHttpContent(data: SlicedByteBuf(ridx: 0, widx: 1024, cap: 1024/1024, unwrapped: UnpooledUnsafeDirectByteBuf(ridx: 1024, widx: 1024, cap: 1024)), decoderResult: success)
11:39:51.360 [LittleProxy-ProxyToServerWorker-0] DEBUG o.l.p.impl.ClientToProxyConnection - (AWAITING_INITIAL) [id: 0x54e38a99, /127.0.0.1:54157 => /127.0.1.1:45224]: Retaining reference counted message
11:39:51.360 [LittleProxy-ProxyToServerWorker-0] DEBUG o.l.p.impl.ClientToProxyConnection - (AWAITING_INITIAL) [id: 0x54e38a99, /127.0.0.1:54157 => /127.0.1.1:45224]: Writing: DefaultHttpContent(data: SlicedByteBuf(ridx: 0, widx: 1024, cap: 1024/1024, unwrapped: UnpooledUnsafeDirectByteBuf(ridx: 1024, widx: 1024, cap: 1024)), decoderResult: success)
11:39:51.360 [LittleProxy-ProxyToServerWorker-0] DEBUG o.l.p.impl.ClientToProxyConnection - (AWAITING_INITIAL) [id: 0x54e38a99, /127.0.0.1:54157 => /127.0.1.1:45224]: Wrote: DefaultHttpContent(data: SlicedByteBuf(ridx: 0, widx: 1024, cap: 1024/1024, unwrapped: UnpooledUnsafeDirectByteBuf(ridx: 1024, widx: 1024, cap: 1024)), decoderResult: success)
11:39:51.360 [LittleProxy-ProxyToServerWorker-0] DEBUG o.l.p.impl.ClientToProxyConnection - (AWAITING_INITIAL) [id: 0x54e38a99, /127.0.0.1:54157 => /127.0.1.1:45224]: Not closing server connection on middle chunk for /livereload.js?snipver=1
11:39:51.360 [LittleProxy-ProxyToServerWorker-0] DEBUG o.l.p.impl.ClientToProxyConnection - (AWAITING_INITIAL) [id: 0x54e38a99, /127.0.0.1:54157 => /127.0.1.1:45224]: Not closing client connection on middle chunk for /livereload.js?snipver=1
11:39:51.360 [LittleProxy-ProxyToServerWorker-0] DEBUG o.l.p.impl.ProxyToServerConnection - (AWAITING_CHUNK) [id: 0x28ca0320, /127.0.0.1:37657 => localhost/127.0.0.1:35729]: Reading: DefaultHttpContent(data: SlicedByteBuf(ridx: 0, widx: 16384, cap: 16384/16384, unwrapped: UnpooledUnsafeDirectByteBuf(ridx: 16384, widx: 16384, cap: 16384)), decoderResult: success)
11:39:51.360 [LittleProxy-ProxyToServerWorker-0] DEBUG o.l.p.impl.ClientToProxyConnection - (AWAITING_INITIAL) [id: 0x54e38a99, /127.0.0.1:54157 => /127.0.1.1:45224]: Retaining reference counted message
11:39:51.360 [LittleProxy-ProxyToServerWorker-0] DEBUG o.l.p.impl.ClientToProxyConnection - (AWAITING_INITIAL) [id: 0x54e38a99, /127.0.0.1:54157 => /127.0.1.1:45224]: Writing: DefaultHttpContent(data: SlicedByteBuf(ridx: 0, widx: 16384, cap: 16384/16384, unwrapped: UnpooledUnsafeDirectByteBuf(ridx: 16384, widx: 16384, cap: 16384)), decoderResult: success)
11:39:51.360 [LittleProxy-ProxyToServerWorker-0] DEBUG o.l.p.impl.ClientToProxyConnection - (AWAITING_INITIAL) [id: 0x54e38a99, /127.0.0.1:54157 => /127.0.1.1:45224]: Wrote: DefaultHttpContent(data: SlicedByteBuf(ridx: 0, widx: 16384, cap: 16384/16384, unwrapped: UnpooledUnsafeDirectByteBuf(ridx: 16384, widx: 16384, cap: 16384)), decoderResult: success)
11:39:51.360 [LittleProxy-ProxyToServerWorker-0] DEBUG o.l.p.impl.ClientToProxyConnection - (AWAITING_INITIAL) [id: 0x54e38a99, /127.0.0.1:54157 => /127.0.1.1:45224]: Not closing server connection on middle chunk for /livereload.js?snipver=1
11:39:51.360 [LittleProxy-ProxyToServerWorker-0] DEBUG o.l.p.impl.ClientToProxyConnection - (AWAITING_INITIAL) [id: 0x54e38a99, /127.0.0.1:54157 => /127.0.1.1:45224]: Not closing client connection on middle chunk for /livereload.js?snipver=1
11:39:51.360 [LittleProxy-ProxyToServerWorker-0] DEBUG o.l.p.impl.ProxyToServerConnection - (AWAITING_CHUNK) [id: 0x28ca0320, /127.0.0.1:37657 => localhost/127.0.0.1:35729]: Reading: DefaultHttpContent(data: SlicedByteBuf(ridx: 0, widx: 1133, cap: 1133/1133, unwrapped: UnpooledUnsafeDirectByteBuf(ridx: 1140, widx: 1140, cap: 16384)), decoderResult: success)
11:39:51.360 [LittleProxy-ProxyToServerWorker-0] DEBUG o.l.p.impl.ClientToProxyConnection - (AWAITING_INITIAL) [id: 0x54e38a99, /127.0.0.1:54157 => /127.0.1.1:45224]: Retaining reference counted message
11:39:51.360 [LittleProxy-ProxyToServerWorker-0] DEBUG o.l.p.impl.ClientToProxyConnection - (AWAITING_INITIAL) [id: 0x54e38a99, /127.0.0.1:54157 => /127.0.1.1:45224]: Writing: DefaultHttpContent(data: SlicedByteBuf(ridx: 0, widx: 1133, cap: 1133/1133, unwrapped: UnpooledUnsafeDirectByteBuf(ridx: 1140, widx: 1140, cap: 16384)), decoderResult: success)
11:39:51.360 [LittleProxy-ProxyToServerWorker-0] DEBUG o.l.p.impl.ClientToProxyConnection - (AWAITING_INITIAL) [id: 0x54e38a99, /127.0.0.1:54157 => /127.0.1.1:45224]: Wrote: DefaultHttpContent(data: SlicedByteBuf(ridx: 0, widx: 1133, cap: 1133/1133, unwrapped: UnpooledUnsafeDirectByteBuf(ridx: 1140, widx: 1140, cap: 16384)), decoderResult: success)
11:39:51.360 [LittleProxy-ProxyToServerWorker-0] DEBUG o.l.p.impl.ClientToProxyConnection - (AWAITING_INITIAL) [id: 0x54e38a99, /127.0.0.1:54157 => /127.0.1.1:45224]: Not closing server connection on middle chunk for /livereload.js?snipver=1
11:39:51.360 [LittleProxy-ProxyToServerWorker-0] DEBUG o.l.p.impl.ClientToProxyConnection - (AWAITING_INITIAL) [id: 0x54e38a99, /127.0.0.1:54157 => /127.0.1.1:45224]: Not closing client connection on middle chunk for /livereload.js?snipver=1
11:39:51.360 [LittleProxy-ProxyToServerWorker-0] DEBUG o.l.p.impl.ProxyToServerConnection - (AWAITING_CHUNK) [id: 0x28ca0320, /127.0.0.1:37657 => localhost/127.0.0.1:35729]: Reading: EmptyLastHttpContent
11:39:51.360 [LittleProxy-ProxyToServerWorker-0] DEBUG o.l.p.impl.ClientToProxyConnection - (AWAITING_INITIAL) [id: 0x54e38a99, /127.0.0.1:54157 => /127.0.1.1:45224]: Retaining reference counted message
11:39:51.360 [LittleProxy-ProxyToServerWorker-0] DEBUG o.l.p.impl.ClientToProxyConnection - (AWAITING_INITIAL) [id: 0x54e38a99, /127.0.0.1:54157 => /127.0.1.1:45224]: Writing: EmptyLastHttpContent
11:39:51.360 [LittleProxy-ProxyToServerWorker-0] DEBUG o.l.p.impl.ClientToProxyConnection - (AWAITING_INITIAL) [id: 0x54e38a99, /127.0.0.1:54157 => /127.0.1.1:45224]: Writing an empty buffer to signal the end of our chunked transfer
11:39:51.360 [LittleProxy-ProxyToServerWorker-0] DEBUG o.l.p.impl.ClientToProxyConnection - (AWAITING_INITIAL) [id: 0x54e38a99, /127.0.0.1:54157 => /127.0.1.1:45224]: Wrote: EmptyLastHttpContent
11:39:51.360 [LittleProxy-ProxyToServerWorker-0] DEBUG o.l.p.impl.ClientToProxyConnection - (AWAITING_INITIAL) [id: 0x54e38a99, /127.0.0.1:54157 => /127.0.1.1:45224]: Retaining reference counted message
11:39:51.360 [LittleProxy-ProxyToServerWorker-0] DEBUG o.l.p.impl.ClientToProxyConnection - (AWAITING_INITIAL) [id: 0x54e38a99, /127.0.0.1:54157 => /127.0.1.1:45224]: Writing: EmptyByteBufBE
11:39:51.360 [LittleProxy-ProxyToServerWorker-0] DEBUG o.l.p.impl.ClientToProxyConnection - (AWAITING_INITIAL) [id: 0x54e38a99, /127.0.0.1:54157 => /127.0.1.1:45224]: Wrote: EmptyByteBufBE
11:39:51.360 [LittleProxy-ProxyToServerWorker-0] DEBUG o.l.p.impl.ClientToProxyConnection - (AWAITING_INITIAL) [id: 0x54e38a99, /127.0.0.1:54157 => /127.0.1.1:45224]: Handling last chunk. Using normal server connection closing rules.
11:39:51.360 [LittleProxy-ProxyToServerWorker-0] DEBUG o.l.p.impl.ClientToProxyConnection - (AWAITING_INITIAL) [id: 0x54e38a99, /127.0.0.1:54157 => /127.0.1.1:45224]: Not closing server connection for response: DefaultHttpResponse(decodeResult: success, version: HTTP/1.1)
HTTP/1.1 200 OK
Content-Type: application/json
Date: Tue, 08 Sep 2015 10:39:51 GMT
Connection: keep-alive
Transfer-Encoding: chunked
11:39:51.360 [LittleProxy-ProxyToServerWorker-0] DEBUG o.l.p.impl.ClientToProxyConnection - (AWAITING_INITIAL) [id: 0x54e38a99, /127.0.0.1:54157 => /127.0.1.1:45224]: Handling last chunk. Using normal client connection closing rules.
11:39:51.360 [LittleProxy-ProxyToServerWorker-0] DEBUG o.l.p.impl.ClientToProxyConnection - (AWAITING_INITIAL) [id: 0x54e38a99, /127.0.0.1:54157 => /127.0.1.1:45224]: Not closing client connection for request: HttpObjectAggregator$AggregatedFullHttpRequest(decodeResult: success, version: HTTP/1.1, content: CompositeByteBuf(ridx: 0, widx: 0, cap: 0, components=0))
GET /livereload.js?snipver=1 HTTP/1.1
Host: localhost:35729
Accept: */*
User-Agent: Mozilla/5.0 (X11; Linux x86_64) AppleWebKit/537.36 (KHTML, like Gecko) Chrome/44.0.2403.130 Safari/537.36
Referer: http://localhost:9000/
Accept-Language: en-GB,en-US;q=0.8,en;q=0.6
Content-Length: 0
Accept-Encoding: gzip, deflate, 
Via: 1.1 localhost.localdomain
11:39:51.393 [LittleProxy-ClientToProxyWorker-1] DEBUG o.l.p.impl.ClientToProxyConnection - (AWAITING_INITIAL): Configuring ChannelPipeline
11:39:51.394 [LittleProxy-ClientToProxyWorker-1] DEBUG o.l.p.impl.ClientToProxyConnection - (AWAITING_INITIAL): Created ClientToProxyConnection
11:39:51.394 [LittleProxy-ClientToProxyWorker-1] DEBUG o.l.p.impl.ClientToProxyConnection - (AWAITING_INITIAL) [id: 0xe4af9376, /127.0.0.1:54159 => /127.0.1.1:45224]: Connected
11:39:51.394 [LittleProxy-ClientToProxyWorker-1] DEBUG o.l.p.impl.ClientToProxyConnection - (AWAITING_INITIAL) [id: 0xe4af9376, /127.0.0.1:54159 => /127.0.1.1:45224]: Reading: HttpObjectAggregator$AggregatedFullHttpRequest(decodeResult: success, version: HTTP/1.1, content: CompositeByteBuf(ridx: 0, widx: 0, cap: 0, components=0))
CONNECT localhost:35729 HTTP/1.1
Host: localhost:35729
Proxy-Connection: keep-alive
User-Agent: Mozilla/5.0 (X11; Linux x86_64) AppleWebKit/537.36 (KHTML, like Gecko) Chrome/44.0.2403.130 Safari/537.36
Content-Length: 0
11:39:51.394 [LittleProxy-ClientToProxyWorker-1] DEBUG o.l.p.impl.ClientToProxyConnection - (AWAITING_INITIAL) [id: 0xe4af9376, /127.0.0.1:54159 => /127.0.1.1:45224]: Got request: HttpObjectAggregator$AggregatedFullHttpRequest(decodeResult: success, version: HTTP/1.1, content: CompositeByteBuf(ridx: 0, widx: 0, cap: 0, components=0))
CONNECT localhost:35729 HTTP/1.1
Host: localhost:35729
Proxy-Connection: keep-alive
User-Agent: Mozilla/5.0 (X11; Linux x86_64) AppleWebKit/537.36 (KHTML, like Gecko) Chrome/44.0.2403.130 Safari/537.36
Content-Length: 0
11:39:51.394 [LittleProxy-ClientToProxyWorker-1] DEBUG o.l.p.impl.ClientToProxyConnection - (AWAITING_INITIAL) [id: 0xe4af9376, /127.0.0.1:54159 => /127.0.1.1:45224]: Ensuring that hostAndPort are available in localhost:35729
11:39:51.394 [LittleProxy-ClientToProxyWorker-1] DEBUG o.l.p.impl.ClientToProxyConnection - (AWAITING_INITIAL) [id: 0xe4af9376, /127.0.0.1:54159 => /127.0.1.1:45224]: Finding ProxyToServerConnection for: localhost:35729
11:39:51.394 [LittleProxy-ClientToProxyWorker-1] DEBUG o.l.p.impl.ClientToProxyConnection - (AWAITING_INITIAL) [id: 0xe4af9376, /127.0.0.1:54159 => /127.0.1.1:45224]: Not reusing existing ProxyToServerConnection because request is a CONNECT for: localhost:35729
11:39:51.394 [LittleProxy-ClientToProxyWorker-1] DEBUG o.l.p.impl.ClientToProxyConnection - (AWAITING_INITIAL) [id: 0xe4af9376, /127.0.0.1:54159 => /127.0.1.1:45224]: Modifying request headers for proxying
11:39:51.394 [LittleProxy-ClientToProxyWorker-1] DEBUG o.l.p.impl.ClientToProxyConnection - (AWAITING_INITIAL) [id: 0xe4af9376, /127.0.0.1:54159 => /127.0.1.1:45224]: Modifying request for proxy chaining
11:39:51.394 [LittleProxy-ClientToProxyWorker-1] DEBUG o.l.p.impl.ClientToProxyConnection - (AWAITING_INITIAL) [id: 0xe4af9376, /127.0.0.1:54159 => /127.0.1.1:45224]: Stripped host from uri: localhost:35729    yielding: localhost:35729
11:39:51.394 [LittleProxy-ClientToProxyWorker-1] DEBUG o.l.p.impl.ClientToProxyConnection - (AWAITING_INITIAL) [id: 0xe4af9376, /127.0.0.1:54159 => /127.0.1.1:45224]: Writing request to ProxyToServerConnection
11:39:51.394 [LittleProxy-ClientToProxyWorker-1] DEBUG o.l.p.impl.ProxyToServerConnection - (DISCONNECTED): Requested write of HttpObjectAggregator$AggregatedFullHttpRequest(decodeResult: success, version: HTTP/1.1, content: CompositeByteBuf(ridx: 0, widx: 0, cap: 0, components=0))
CONNECT localhost:35729 HTTP/1.1
Host: localhost:35729
User-Agent: Mozilla/5.0 (X11; Linux x86_64) AppleWebKit/537.36 (KHTML, like Gecko) Chrome/44.0.2403.130 Safari/537.36
Content-Length: 0
Via: 1.1 localhost.localdomain
11:39:51.394 [LittleProxy-ClientToProxyWorker-1] DEBUG o.l.p.impl.ProxyToServerConnection - (DISCONNECTED): Retaining reference counted message
11:39:51.394 [LittleProxy-ClientToProxyWorker-1] DEBUG o.l.p.impl.ProxyToServerConnection - (DISCONNECTED): Currently disconnected, connect and then write the message
11:39:51.394 [LittleProxy-ClientToProxyWorker-1] DEBUG o.l.p.impl.ProxyToServerConnection - (DISCONNECTED): Starting new connection to: localhost/127.0.0.1:35729
11:39:51.396 [LittleProxy-ClientToProxyWorker-1] DEBUG o.l.p.impl.ClientToProxyConnection - (AWAITING_INITIAL) [id: 0xe4af9376, /127.0.0.1:54159 => /127.0.1.1:45224]: Stopped reading
11:39:51.396 [LittleProxy-ClientToProxyWorker-1] DEBUG o.l.p.impl.ProxyToServerConnection - (DISCONNECTED): Processing connection flow step: CONNECTING
11:39:51.396 [LittleProxy-ClientToProxyWorker-1] DEBUG o.l.p.impl.ProxyToServerConnection - (CONNECTING): Connecting to server with TCP
11:39:51.397 [LittleProxy-ProxyToServerWorker-1] DEBUG o.l.p.impl.ProxyToServerConnection - (CONNECTING) [id: 0xf9bc8420, /127.0.0.1:37659 => localhost/127.0.0.1:35729]: ConnectionFlowStep succeeded
11:39:51.397 [LittleProxy-ProxyToServerWorker-1] DEBUG o.l.p.impl.ProxyToServerConnection - (CONNECTING) [id: 0xf9bc8420, /127.0.0.1:37659 => localhost/127.0.0.1:35729]: Processing connection flow step: HANDSHAKING
11:39:51.397 [LittleProxy-ProxyToServerWorker-1] DEBUG o.l.p.impl.ProxyToServerConnection - (HANDSHAKING) [id: 0xf9bc8420, /127.0.0.1:37659 => localhost/127.0.0.1:35729]: Enabling encryption with SSLEngine: 5289c819[SSLEngine[hostname=localhost port=35729] SSL_NULL_WITH_NULL_NULL]
11:39:51.399 [LittleProxy-ProxyToServerWorker-1] DEBUG o.l.p.impl.ProxyToServerConnection - (HANDSHAKING) [id: 0xf9bc8420, /127.0.0.1:37659 => localhost/127.0.0.1:35729]: Connected
11:39:51.441 [LittleProxy-ClientToProxyWorker-5] DEBUG o.l.p.impl.ClientToProxyConnection - (AWAITING_INITIAL) [id: 0x87242349, /127.0.0.1:54149 => /127.0.1.1:45224]: Reading: HttpObjectAggregator$AggregatedFullHttpRequest(decodeResult: success, version: HTTP/1.1, content: CompositeByteBuf(ridx: 0, widx: 0, cap: 0, components=0))
GET http://localhost:9000/views/server-connection.html HTTP/1.1
Host: localhost:9000
Proxy-Connection: keep-alive
Accept: application/json, text/plain, */*
X-Forwarded-Proto: https
User-Agent: Mozilla/5.0 (X11; Linux x86_64) AppleWebKit/537.36 (KHTML, like Gecko) Chrome/44.0.2403.130 Safari/537.36
Referer: http://localhost:9000/
Accept-Encoding: gzip, deflate, sdch
Accept-Language: en-GB,en-US;q=0.8,en;q=0.6
Content-Length: 0
11:39:51.441 [LittleProxy-ClientToProxyWorker-5] DEBUG o.l.p.impl.ClientToProxyConnection - (AWAITING_INITIAL) [id: 0x87242349, /127.0.0.1:54149 => /127.0.1.1:45224]: Got request: HttpObjectAggregator$AggregatedFullHttpRequest(decodeResult: success, version: HTTP/1.1, content: CompositeByteBuf(ridx: 0, widx: 0, cap: 0, components=0))
GET http://localhost:9000/views/server-connection.html HTTP/1.1
Host: localhost:9000
Proxy-Connection: keep-alive
Accept: application/json, text/plain, */*
X-Forwarded-Proto: https
User-Agent: Mozilla/5.0 (X11; Linux x86_64) AppleWebKit/537.36 (KHTML, like Gecko) Chrome/44.0.2403.130 Safari/537.36
Referer: http://localhost:9000/
Accept-Encoding: gzip, deflate, sdch
Accept-Language: en-GB,en-US;q=0.8,en;q=0.6
Content-Length: 0
11:39:51.441 [LittleProxy-ClientToProxyWorker-5] DEBUG o.l.p.impl.ClientToProxyConnection - (AWAITING_INITIAL) [id: 0x87242349, /127.0.0.1:54149 => /127.0.1.1:45224]: Ensuring that hostAndPort are available in http://localhost:9000/views/server-connection.html
11:39:51.441 [LittleProxy-ClientToProxyWorker-5] DEBUG o.l.p.impl.ClientToProxyConnection - (AWAITING_INITIAL) [id: 0x87242349, /127.0.0.1:54149 => /127.0.1.1:45224]: Finding ProxyToServerConnection for: localhost:9000
11:39:51.441 [LittleProxy-ClientToProxyWorker-5] DEBUG o.l.p.impl.ClientToProxyConnection - (AWAITING_INITIAL) [id: 0x87242349, /127.0.0.1:54149 => /127.0.1.1:45224]: Reusing existing server connection: org.littleshoot.proxy.impl.ProxyToServerConnection@19d9ddb6
11:39:51.441 [LittleProxy-ClientToProxyWorker-5] DEBUG o.l.p.impl.ClientToProxyConnection - (AWAITING_INITIAL) [id: 0x87242349, /127.0.0.1:54149 => /127.0.1.1:45224]: Modifying request headers for proxying
11:39:51.441 [LittleProxy-ClientToProxyWorker-5] DEBUG o.l.p.impl.ClientToProxyConnection - (AWAITING_INITIAL) [id: 0x87242349, /127.0.0.1:54149 => /127.0.1.1:45224]: Modifying request for proxy chaining
11:39:51.441 [LittleProxy-ClientToProxyWorker-5] DEBUG o.l.p.impl.ClientToProxyConnection - (AWAITING_INITIAL) [id: 0x87242349, /127.0.0.1:54149 => /127.0.1.1:45224]: Stripped host from uri: http://localhost:9000/views/server-connection.html    yielding: /views/server-connection.html
11:39:51.442 [LittleProxy-ClientToProxyWorker-5] DEBUG o.l.p.impl.ClientToProxyConnection - (AWAITING_INITIAL) [id: 0x87242349, /127.0.0.1:54149 => /127.0.1.1:45224]: Removed sdch and inserted: gzip, deflate, 
11:39:51.442 [LittleProxy-ClientToProxyWorker-5] DEBUG o.l.p.impl.ClientToProxyConnection - (AWAITING_INITIAL) [id: 0x87242349, /127.0.0.1:54149 => /127.0.1.1:45224]: Writing request to ProxyToServerConnection
11:39:51.442 [LittleProxy-ClientToProxyWorker-5] DEBUG o.l.p.impl.ProxyToServerConnection - (AWAITING_INITIAL) [id: 0x15efad94, /127.0.0.1:35282 => localhost/127.0.0.1:9000]: Requested write of HttpObjectAggregator$AggregatedFullHttpRequest(decodeResult: success, version: HTTP/1.1, content: CompositeByteBuf(ridx: 0, widx: 0, cap: 0, components=0))
GET /views/server-connection.html HTTP/1.1
Host: localhost:9000
Accept: application/json, text/plain, */*
X-Forwarded-Proto: https
User-Agent: Mozilla/5.0 (X11; Linux x86_64) AppleWebKit/537.36 (KHTML, like Gecko) Chrome/44.0.2403.130 Safari/537.36
Referer: http://localhost:9000/
Accept-Language: en-GB,en-US;q=0.8,en;q=0.6
Content-Length: 0
Accept-Encoding: gzip, deflate, 
Via: 1.1 localhost.localdomain
11:39:51.442 [LittleProxy-ClientToProxyWorker-5] DEBUG o.l.p.impl.ProxyToServerConnection - (AWAITING_INITIAL) [id: 0x15efad94, /127.0.0.1:35282 => localhost/127.0.0.1:9000]: Retaining reference counted message
11:39:51.442 [LittleProxy-ClientToProxyWorker-5] DEBUG o.l.p.impl.ProxyToServerConnection - (AWAITING_INITIAL) [id: 0x15efad94, /127.0.0.1:35282 => localhost/127.0.0.1:9000]: Using existing connection to: localhost/127.0.0.1:9000
11:39:51.442 [LittleProxy-ClientToProxyWorker-5] DEBUG o.l.p.impl.ProxyToServerConnection - (AWAITING_INITIAL) [id: 0x15efad94, /127.0.0.1:35282 => localhost/127.0.0.1:9000]: Writing: HttpObjectAggregator$AggregatedFullHttpRequest(decodeResult: success, version: HTTP/1.1, content: CompositeByteBuf(ridx: 0, widx: 0, cap: 0, components=0))
GET /views/server-connection.html HTTP/1.1
Host: localhost:9000
Accept: application/json, text/plain, */*
X-Forwarded-Proto: https
User-Agent: Mozilla/5.0 (X11; Linux x86_64) AppleWebKit/537.36 (KHTML, like Gecko) Chrome/44.0.2403.130 Safari/537.36
Referer: http://localhost:9000/
Accept-Language: en-GB,en-US;q=0.8,en;q=0.6
Content-Length: 0
Accept-Encoding: gzip, deflate, 
Via: 1.1 localhost.localdomain
11:39:51.442 [LittleProxy-ClientToProxyWorker-5] DEBUG o.l.p.impl.ProxyToServerConnection - (AWAITING_INITIAL) [id: 0x15efad94, /127.0.0.1:35282 => localhost/127.0.0.1:9000]: Writing an empty buffer to signal the end of our chunked transfer
11:39:51.442 [LittleProxy-ClientToProxyWorker-5] DEBUG o.l.p.impl.ProxyToServerConnection - (AWAITING_INITIAL) [id: 0x15efad94, /127.0.0.1:35282 => localhost/127.0.0.1:9000]: Wrote: HttpObjectAggregator$AggregatedFullHttpRequest(decodeResult: success, version: HTTP/1.1, content: CompositeByteBuf(ridx: 0, widx: 0, cap: 0, components=0))
GET /views/server-connection.html HTTP/1.1
Host: localhost:9000
Accept: application/json, text/plain, */*
X-Forwarded-Proto: https
User-Agent: Mozilla/5.0 (X11; Linux x86_64) AppleWebKit/537.36 (KHTML, like Gecko) Chrome/44.0.2403.130 Safari/537.36
Referer: http://localhost:9000/
Accept-Language: en-GB,en-US;q=0.8,en;q=0.6
Content-Length: 0
Accept-Encoding: gzip, deflate, 
Via: 1.1 localhost.localdomain
11:39:51.443 [LittleProxy-ClientToProxyWorker-3] DEBUG o.l.p.impl.ClientToProxyConnection - (AWAITING_INITIAL) [id: 0x4dc93f85, /127.0.0.1:54147 => /127.0.1.1:45224]: Reading: HttpObjectAggregator$AggregatedFullHttpRequest(decodeResult: success, version: HTTP/1.1, content: CompositeByteBuf(ridx: 0, widx: 0, cap: 0, components=0))
GET http://localhost:9000/views/listCampaigns.html HTTP/1.1
Host: localhost:9000
Proxy-Connection: keep-alive
Accept: application/json, text/plain, */*
X-Forwarded-Proto: https
User-Agent: Mozilla/5.0 (X11; Linux x86_64) AppleWebKit/537.36 (KHTML, like Gecko) Chrome/44.0.2403.130 Safari/537.36
Referer: http://localhost:9000/
Accept-Encoding: gzip, deflate, sdch
Accept-Language: en-GB,en-US;q=0.8,en;q=0.6
Content-Length: 0
11:39:51.444 [LittleProxy-ClientToProxyWorker-3] DEBUG o.l.p.impl.ClientToProxyConnection - (AWAITING_INITIAL) [id: 0x4dc93f85, /127.0.0.1:54147 => /127.0.1.1:45224]: Got request: HttpObjectAggregator$AggregatedFullHttpRequest(decodeResult: success, version: HTTP/1.1, content: CompositeByteBuf(ridx: 0, widx: 0, cap: 0, components=0))
GET http://localhost:9000/views/listCampaigns.html HTTP/1.1
Host: localhost:9000
Proxy-Connection: keep-alive
Accept: application/json, text/plain, */*
X-Forwarded-Proto: https
User-Agent: Mozilla/5.0 (X11; Linux x86_64) AppleWebKit/537.36 (KHTML, like Gecko) Chrome/44.0.2403.130 Safari/537.36
Referer: http://localhost:9000/
Accept-Encoding: gzip, deflate, sdch
Accept-Language: en-GB,en-US;q=0.8,en;q=0.6
Content-Length: 0
11:39:51.444 [LittleProxy-ClientToProxyWorker-3] DEBUG o.l.p.impl.ClientToProxyConnection - (AWAITING_INITIAL) [id: 0x4dc93f85, /127.0.0.1:54147 => /127.0.1.1:45224]: Ensuring that hostAndPort are available in http://localhost:9000/views/listCampaigns.html
11:39:51.444 [LittleProxy-ClientToProxyWorker-3] DEBUG o.l.p.impl.ClientToProxyConnection - (AWAITING_INITIAL) [id: 0x4dc93f85, /127.0.0.1:54147 => /127.0.1.1:45224]: Finding ProxyToServerConnection for: localhost:9000
11:39:51.444 [LittleProxy-ClientToProxyWorker-3] DEBUG o.l.p.impl.ClientToProxyConnection - (AWAITING_INITIAL) [id: 0x4dc93f85, /127.0.0.1:54147 => /127.0.1.1:45224]: Reusing existing server connection: org.littleshoot.proxy.impl.ProxyToServerConnection@2cc0768d
11:39:51.444 [LittleProxy-ClientToProxyWorker-3] DEBUG o.l.p.impl.ClientToProxyConnection - (AWAITING_INITIAL) [id: 0x4dc93f85, /127.0.0.1:54147 => /127.0.1.1:45224]: Modifying request headers for proxying
11:39:51.444 [LittleProxy-ClientToProxyWorker-3] DEBUG o.l.p.impl.ClientToProxyConnection - (AWAITING_INITIAL) [id: 0x4dc93f85, /127.0.0.1:54147 => /127.0.1.1:45224]: Modifying request for proxy chaining
11:39:51.444 [LittleProxy-ClientToProxyWorker-3] DEBUG o.l.p.impl.ClientToProxyConnection - (AWAITING_INITIAL) [id: 0x4dc93f85, /127.0.0.1:54147 => /127.0.1.1:45224]: Stripped host from uri: http://localhost:9000/views/listCampaigns.html    yielding: /views/listCampaigns.html
11:39:51.444 [LittleProxy-ClientToProxyWorker-3] DEBUG o.l.p.impl.ClientToProxyConnection - (AWAITING_INITIAL) [id: 0x4dc93f85, /127.0.0.1:54147 => /127.0.1.1:45224]: Removed sdch and inserted: gzip, deflate, 
11:39:51.444 [LittleProxy-ClientToProxyWorker-3] DEBUG o.l.p.impl.ClientToProxyConnection - (AWAITING_INITIAL) [id: 0x4dc93f85, /127.0.0.1:54147 => /127.0.1.1:45224]: Writing request to ProxyToServerConnection
11:39:51.444 [LittleProxy-ClientToProxyWorker-3] DEBUG o.l.p.impl.ProxyToServerConnection - (AWAITING_INITIAL) [id: 0x700df78a, /127.0.0.1:35283 => localhost/127.0.0.1:9000]: Requested write of HttpObjectAggregator$AggregatedFullHttpRequest(decodeResult: success, version: HTTP/1.1, content: CompositeByteBuf(ridx: 0, widx: 0, cap: 0, components=0))
GET /views/listCampaigns.html HTTP/1.1
Host: localhost:9000
Accept: application/json, text/plain, */*
X-Forwarded-Proto: https
User-Agent: Mozilla/5.0 (X11; Linux x86_64) AppleWebKit/537.36 (KHTML, like Gecko) Chrome/44.0.2403.130 Safari/537.36
Referer: http://localhost:9000/
Accept-Language: en-GB,en-US;q=0.8,en;q=0.6
Content-Length: 0
Accept-Encoding: gzip, deflate, 
Via: 1.1 localhost.localdomain
11:39:51.444 [LittleProxy-ClientToProxyWorker-3] DEBUG o.l.p.impl.ProxyToServerConnection - (AWAITING_INITIAL) [id: 0x700df78a, /127.0.0.1:35283 => localhost/127.0.0.1:9000]: Retaining reference counted message
11:39:51.444 [LittleProxy-ClientToProxyWorker-3] DEBUG o.l.p.impl.ProxyToServerConnection - (AWAITING_INITIAL) [id: 0x700df78a, /127.0.0.1:35283 => localhost/127.0.0.1:9000]: Using existing connection to: localhost/127.0.0.1:9000
11:39:51.444 [LittleProxy-ClientToProxyWorker-3] DEBUG o.l.p.impl.ProxyToServerConnection - (AWAITING_INITIAL) [id: 0x700df78a, /127.0.0.1:35283 => localhost/127.0.0.1:9000]: Writing: HttpObjectAggregator$AggregatedFullHttpRequest(decodeResult: success, version: HTTP/1.1, content: CompositeByteBuf(ridx: 0, widx: 0, cap: 0, components=0))
GET /views/listCampaigns.html HTTP/1.1
Host: localhost:9000
Accept: application/json, text/plain, */*
X-Forwarded-Proto: https
User-Agent: Mozilla/5.0 (X11; Linux x86_64) AppleWebKit/537.36 (KHTML, like Gecko) Chrome/44.0.2403.130 Safari/537.36
Referer: http://localhost:9000/
Accept-Language: en-GB,en-US;q=0.8,en;q=0.6
Content-Length: 0
Accept-Encoding: gzip, deflate, 
Via: 1.1 localhost.localdomain
11:39:51.444 [LittleProxy-ClientToProxyWorker-3] DEBUG o.l.p.impl.ProxyToServerConnection - (AWAITING_INITIAL) [id: 0x700df78a, /127.0.0.1:35283 => localhost/127.0.0.1:9000]: Writing an empty buffer to signal the end of our chunked transfer
11:39:51.444 [LittleProxy-ClientToProxyWorker-3] DEBUG o.l.p.impl.ProxyToServerConnection - (AWAITING_INITIAL) [id: 0x700df78a, /127.0.0.1:35283 => localhost/127.0.0.1:9000]: Wrote: HttpObjectAggregator$AggregatedFullHttpRequest(decodeResult: success, version: HTTP/1.1, content: CompositeByteBuf(ridx: 0, widx: 0, cap: 0, components=0))
GET /views/listCampaigns.html HTTP/1.1
Host: localhost:9000
Accept: application/json, text/plain, */*
X-Forwarded-Proto: https
User-Agent: Mozilla/5.0 (X11; Linux x86_64) AppleWebKit/537.36 (KHTML, like Gecko) Chrome/44.0.2403.130 Safari/537.36
Referer: http://localhost:9000/
Accept-Language: en-GB,en-US;q=0.8,en;q=0.6
Content-Length: 0
Accept-Encoding: gzip, deflate, 
Via: 1.1 localhost.localdomain
11:39:51.447 [LittleProxy-ClientToProxyWorker-7] DEBUG o.l.p.impl.ClientToProxyConnection - (AWAITING_INITIAL) [id: 0xa74abe3b, /127.0.0.1:54151 => /127.0.1.1:45224]: Reading: HttpObjectAggregator$AggregatedFullHttpRequest(decodeResult: success, version: HTTP/1.1, content: CompositeByteBuf(ridx: 0, widx: 0, cap: 0, components=0))
GET http://localhost:9000/favicon.ico HTTP/1.1
Host: localhost:9000
Proxy-Connection: keep-alive
User-Agent: Mozilla/5.0 (X11; Linux x86_64) AppleWebKit/537.36 (KHTML, like Gecko) Chrome/44.0.2403.130 Safari/537.36
Accept: */*
Referer: http://localhost:9000/
Accept-Encoding: gzip, deflate, sdch
Accept-Language: en-GB,en-US;q=0.8,en;q=0.6
Content-Length: 0
11:39:51.447 [LittleProxy-ClientToProxyWorker-7] DEBUG o.l.p.impl.ClientToProxyConnection - (AWAITING_INITIAL) [id: 0xa74abe3b, /127.0.0.1:54151 => /127.0.1.1:45224]: Got request: HttpObjectAggregator$AggregatedFullHttpRequest(decodeResult: success, version: HTTP/1.1, content: CompositeByteBuf(ridx: 0, widx: 0, cap: 0, components=0))
GET http://localhost:9000/favicon.ico HTTP/1.1
Host: localhost:9000
Proxy-Connection: keep-alive
User-Agent: Mozilla/5.0 (X11; Linux x86_64) AppleWebKit/537.36 (KHTML, like Gecko) Chrome/44.0.2403.130 Safari/537.36
Accept: */*
Referer: http://localhost:9000/
Accept-Encoding: gzip, deflate, sdch
Accept-Language: en-GB,en-US;q=0.8,en;q=0.6
Content-Length: 0
11:39:51.447 [LittleProxy-ClientToProxyWorker-7] DEBUG o.l.p.impl.ClientToProxyConnection - (AWAITING_INITIAL) [id: 0xa74abe3b, /127.0.0.1:54151 => /127.0.1.1:45224]: Ensuring that hostAndPort are available in http://localhost:9000/favicon.ico
11:39:51.447 [LittleProxy-ClientToProxyWorker-7] DEBUG o.l.p.impl.ClientToProxyConnection - (AWAITING_INITIAL) [id: 0xa74abe3b, /127.0.0.1:54151 => /127.0.1.1:45224]: Finding ProxyToServerConnection for: localhost:9000
11:39:51.448 [LittleProxy-ClientToProxyWorker-7] DEBUG o.l.p.impl.ClientToProxyConnection - (AWAITING_INITIAL) [id: 0xa74abe3b, /127.0.0.1:54151 => /127.0.1.1:45224]: Reusing existing server connection: org.littleshoot.proxy.impl.ProxyToServerConnection@55df2407
11:39:51.448 [LittleProxy-ClientToProxyWorker-7] DEBUG o.l.p.impl.ClientToProxyConnection - (AWAITING_INITIAL) [id: 0xa74abe3b, /127.0.0.1:54151 => /127.0.1.1:45224]: Modifying request headers for proxying
11:39:51.448 [LittleProxy-ClientToProxyWorker-7] DEBUG o.l.p.impl.ClientToProxyConnection - (AWAITING_INITIAL) [id: 0xa74abe3b, /127.0.0.1:54151 => /127.0.1.1:45224]: Modifying request for proxy chaining
11:39:51.448 [LittleProxy-ClientToProxyWorker-7] DEBUG o.l.p.impl.ClientToProxyConnection - (AWAITING_INITIAL) [id: 0xa74abe3b, /127.0.0.1:54151 => /127.0.1.1:45224]: Stripped host from uri: http://localhost:9000/favicon.ico    yielding: /favicon.ico
11:39:51.448 [LittleProxy-ClientToProxyWorker-7] DEBUG o.l.p.impl.ClientToProxyConnection - (AWAITING_INITIAL) [id: 0xa74abe3b, /127.0.0.1:54151 => /127.0.1.1:45224]: Removed sdch and inserted: gzip, deflate, 
11:39:51.448 [LittleProxy-ClientToProxyWorker-7] DEBUG o.l.p.impl.ClientToProxyConnection - (AWAITING_INITIAL) [id: 0xa74abe3b, /127.0.0.1:54151 => /127.0.1.1:45224]: Writing request to ProxyToServerConnection
11:39:51.448 [LittleProxy-ClientToProxyWorker-7] DEBUG o.l.p.impl.ProxyToServerConnection - (AWAITING_INITIAL) [id: 0x97bd59d1, /127.0.0.1:35281 => localhost/127.0.0.1:9000]: Requested write of HttpObjectAggregator$AggregatedFullHttpRequest(decodeResult: success, version: HTTP/1.1, content: CompositeByteBuf(ridx: 0, widx: 0, cap: 0, components=0))
GET /favicon.ico HTTP/1.1
Host: localhost:9000
User-Agent: Mozilla/5.0 (X11; Linux x86_64) AppleWebKit/537.36 (KHTML, like Gecko) Chrome/44.0.2403.130 Safari/537.36
Accept: */*
Referer: http://localhost:9000/
Accept-Language: en-GB,en-US;q=0.8,en;q=0.6
Content-Length: 0
Accept-Encoding: gzip, deflate, 
Via: 1.1 localhost.localdomain
11:39:51.448 [LittleProxy-ClientToProxyWorker-7] DEBUG o.l.p.impl.ProxyToServerConnection - (AWAITING_INITIAL) [id: 0x97bd59d1, /127.0.0.1:35281 => localhost/127.0.0.1:9000]: Retaining reference counted message
11:39:51.448 [LittleProxy-ClientToProxyWorker-7] DEBUG o.l.p.impl.ProxyToServerConnection - (AWAITING_INITIAL) [id: 0x97bd59d1, /127.0.0.1:35281 => localhost/127.0.0.1:9000]: Using existing connection to: localhost/127.0.0.1:9000
11:39:51.448 [LittleProxy-ClientToProxyWorker-7] DEBUG o.l.p.impl.ProxyToServerConnection - (AWAITING_INITIAL) [id: 0x97bd59d1, /127.0.0.1:35281 => localhost/127.0.0.1:9000]: Writing: HttpObjectAggregator$AggregatedFullHttpRequest(decodeResult: success, version: HTTP/1.1, content: CompositeByteBuf(ridx: 0, widx: 0, cap: 0, components=0))
GET /favicon.ico HTTP/1.1
Host: localhost:9000
User-Agent: Mozilla/5.0 (X11; Linux x86_64) AppleWebKit/537.36 (KHTML, like Gecko) Chrome/44.0.2403.130 Safari/537.36
Accept: */*
Referer: http://localhost:9000/
Accept-Language: en-GB,en-US;q=0.8,en;q=0.6
Content-Length: 0
Accept-Encoding: gzip, deflate, 
Via: 1.1 localhost.localdomain
11:39:51.448 [LittleProxy-ClientToProxyWorker-7] DEBUG o.l.p.impl.ProxyToServerConnection - (AWAITING_INITIAL) [id: 0x97bd59d1, /127.0.0.1:35281 => localhost/127.0.0.1:9000]: Writing an empty buffer to signal the end of our chunked transfer
11:39:51.448 [LittleProxy-ClientToProxyWorker-7] DEBUG o.l.p.impl.ProxyToServerConnection - (AWAITING_INITIAL) [id: 0x97bd59d1, /127.0.0.1:35281 => localhost/127.0.0.1:9000]: Wrote: HttpObjectAggregator$AggregatedFullHttpRequest(decodeResult: success, version: HTTP/1.1, content: CompositeByteBuf(ridx: 0, widx: 0, cap: 0, components=0))
GET /favicon.ico HTTP/1.1
Host: localhost:9000
User-Agent: Mozilla/5.0 (X11; Linux x86_64) AppleWebKit/537.36 (KHTML, like Gecko) Chrome/44.0.2403.130 Safari/537.36
Accept: */*
Referer: http://localhost:9000/
Accept-Language: en-GB,en-US;q=0.8,en;q=0.6
Content-Length: 0
Accept-Encoding: gzip, deflate, 
Via: 1.1 localhost.localdomain
11:39:51.449 [Forwarding get on session d94198a6aa3008d5ffaf97f92db0cb0c to remote] DEBUG org.apache.http.wire - http-outgoing-4 << "HTTP/1.1 200 OK[\r][\n]"
11:39:51.449 [Forwarding get on session d94198a6aa3008d5ffaf97f92db0cb0c to remote] DEBUG org.apache.http.wire - http-outgoing-4 << "Content-Length:72[\r][\n]"
11:39:51.449 [Forwarding get on session d94198a6aa3008d5ffaf97f92db0cb0c to remote] DEBUG org.apache.http.wire - http-outgoing-4 << "Content-Type:application/json; charset=utf-8[\r][\n]"
11:39:51.449 [Forwarding get on session d94198a6aa3008d5ffaf97f92db0cb0c to remote] DEBUG org.apache.http.wire - http-outgoing-4 << "Connection:close[\r][\n]"
11:39:51.449 [Forwarding get on session d94198a6aa3008d5ffaf97f92db0cb0c to remote] DEBUG org.apache.http.wire - http-outgoing-4 << "[\r][\n]"
11:39:51.449 [Forwarding get on session d94198a6aa3008d5ffaf97f92db0cb0c to remote] DEBUG org.apache.http.wire - http-outgoing-4 << "{"sessionId":"d94198a6aa3008d5ffaf97f92db0cb0c","status":0,"value":null}"
11:39:51.450 [Forwarding get on session d94198a6aa3008d5ffaf97f92db0cb0c to remote] DEBUG org.apache.http.headers - http-outgoing-4 << HTTP/1.1 200 OK
11:39:51.450 [Forwarding get on session d94198a6aa3008d5ffaf97f92db0cb0c to remote] DEBUG org.apache.http.headers - http-outgoing-4 << Content-Length:72
11:39:51.450 [Forwarding get on session d94198a6aa3008d5ffaf97f92db0cb0c to remote] DEBUG org.apache.http.headers - http-outgoing-4 << Content-Type:application/json; charset=utf-8
11:39:51.450 [Forwarding get on session d94198a6aa3008d5ffaf97f92db0cb0c to remote] DEBUG org.apache.http.headers - http-outgoing-4 << Connection:close
11:39:51.450 [Forwarding get on session d94198a6aa3008d5ffaf97f92db0cb0c to remote] DEBUG o.a.h.i.c.DefaultManagedHttpClientConnection - http-outgoing-4: Shutdown connection
11:39:51.450 [Forwarding get on session d94198a6aa3008d5ffaf97f92db0cb0c to remote] DEBUG o.a.h.impl.execchain.MainClientExec - Connection discarded
11:39:51.450 [Forwarding get on session d94198a6aa3008d5ffaf97f92db0cb0c to remote] DEBUG o.a.h.i.c.DefaultManagedHttpClientConnection - http-outgoing-4: Close connection
11:39:51.450 [Forwarding get on session d94198a6aa3008d5ffaf97f92db0cb0c to remote] DEBUG o.a.h.i.c.PoolingHttpClientConnectionManager - Connection released: [id: 4][route: {}->http://localhost:26477][total kept alive: 0; route allocated: 0 of 2000; total allocated: 0 of 2000]
11:39:51.451 [LittleProxy-ProxyToServerWorker-5] DEBUG o.l.p.impl.ProxyToServerConnection - (AWAITING_INITIAL) [id: 0x97bd59d1, /127.0.0.1:35281 => localhost/127.0.0.1:9000]: Remembering the current request.
11:39:51.451 [LittleProxy-ProxyToServerWorker-5] DEBUG o.l.p.impl.ProxyToServerConnection - (AWAITING_INITIAL) [id: 0x97bd59d1, /127.0.0.1:35281 => localhost/127.0.0.1:9000]: Reading: DefaultHttpResponse(decodeResult: success, version: HTTP/1.1)
HTTP/1.1 200 OK
Accept-Ranges: bytes
Date: Tue, 08 Sep 2015 10:39:51 GMT
Cache-Control: public, max-age=0
Last-Modified: Wed, 27 May 2015 12:23:22 GMT
ETag: W/"qsfTAyf0ruDwdHdwFB1pHA=="
Content-Type: image/x-icon
Content-Length: 411
Connection: keep-alive
11:39:51.451 [LittleProxy-ProxyToServerWorker-5] DEBUG o.l.p.impl.ProxyToServerConnection - (AWAITING_INITIAL) [id: 0x97bd59d1, /127.0.0.1:35281 => localhost/127.0.0.1:9000]: Received raw response: DefaultHttpResponse(decodeResult: success, version: HTTP/1.1)
HTTP/1.1 200 OK
Accept-Ranges: bytes
Date: Tue, 08 Sep 2015 10:39:51 GMT
Cache-Control: public, max-age=0
Last-Modified: Wed, 27 May 2015 12:23:22 GMT
ETag: W/"qsfTAyf0ruDwdHdwFB1pHA=="
Content-Type: image/x-icon
Content-Length: 411
Connection: keep-alive
11:39:51.451 [LittleProxy-ProxyToServerWorker-5] DEBUG o.l.p.impl.ProxyToServerConnection - (AWAITING_INITIAL) [id: 0x97bd59d1, /127.0.0.1:35281 => localhost/127.0.0.1:9000]: Remembering the current response.
11:39:51.451 [LittleProxy-ProxyToServerWorker-5] DEBUG o.l.p.impl.ClientToProxyConnection - (AWAITING_INITIAL) [id: 0xa74abe3b, /127.0.0.1:54151 => /127.0.1.1:45224]: Writing: DefaultHttpResponse(decodeResult: success, version: HTTP/1.1)
HTTP/1.1 200 OK
Accept-Ranges: bytes
Date: Tue, 08 Sep 2015 10:39:51 GMT
Cache-Control: public, max-age=0
Last-Modified: Wed, 27 May 2015 12:23:22 GMT
ETag: W/"qsfTAyf0ruDwdHdwFB1pHA=="
Content-Type: image/x-icon
Content-Length: 411
Via: 1.1 localhost.localdomain
11:39:51.452 [LittleProxy-ProxyToServerWorker-5] DEBUG o.l.p.impl.ClientToProxyConnection - (AWAITING_INITIAL) [id: 0xa74abe3b, /127.0.0.1:54151 => /127.0.1.1:45224]: Wrote: DefaultHttpResponse(decodeResult: success, version: HTTP/1.1)
HTTP/1.1 200 OK
Accept-Ranges: bytes
Date: Tue, 08 Sep 2015 10:39:51 GMT
Cache-Control: public, max-age=0
Last-Modified: Wed, 27 May 2015 12:23:22 GMT
ETag: W/"qsfTAyf0ruDwdHdwFB1pHA=="
Content-Type: image/x-icon
Content-Length: 411
Via: 1.1 localhost.localdomain
11:39:51.452 [LittleProxy-ProxyToServerWorker-5] DEBUG o.l.p.impl.ClientToProxyConnection - (AWAITING_INITIAL) [id: 0xa74abe3b, /127.0.0.1:54151 => /127.0.1.1:45224]: Not closing server connection on middle chunk for /favicon.ico
11:39:51.452 [LittleProxy-ProxyToServerWorker-5] DEBUG o.l.p.impl.ClientToProxyConnection - (AWAITING_INITIAL) [id: 0xa74abe3b, /127.0.0.1:54151 => /127.0.1.1:45224]: Not closing client connection on middle chunk for /favicon.ico
11:39:51.452 [LittleProxy-ProxyToServerWorker-5] DEBUG o.l.p.impl.ProxyToServerConnection - (AWAITING_CHUNK) [id: 0x97bd59d1, /127.0.0.1:35281 => localhost/127.0.0.1:9000]: Reading: DefaultLastHttpContent(data: SlicedByteBuf(ridx: 0, widx: 411, cap: 411/411, unwrapped: UnpooledUnsafeDirectByteBuf(ridx: 411, widx: 411, cap: 4096)), decoderResult: success)
11:39:51.452 [LittleProxy-ProxyToServerWorker-5] DEBUG o.l.p.impl.ClientToProxyConnection - (AWAITING_INITIAL) [id: 0xa74abe3b, /127.0.0.1:54151 => /127.0.1.1:45224]: Retaining reference counted message
11:39:51.452 [LittleProxy-ProxyToServerWorker-5] DEBUG o.l.p.impl.ClientToProxyConnection - (AWAITING_INITIAL) [id: 0xa74abe3b, /127.0.0.1:54151 => /127.0.1.1:45224]: Writing: DefaultLastHttpContent(data: SlicedByteBuf(ridx: 0, widx: 411, cap: 411/411, unwrapped: UnpooledUnsafeDirectByteBuf(ridx: 411, widx: 411, cap: 4096)), decoderResult: success)
11:39:51.452 [LittleProxy-ProxyToServerWorker-5] DEBUG o.l.p.impl.ClientToProxyConnection - (AWAITING_INITIAL) [id: 0xa74abe3b, /127.0.0.1:54151 => /127.0.1.1:45224]: Writing an empty buffer to signal the end of our chunked transfer
11:39:51.452 [LittleProxy-ProxyToServerWorker-5] DEBUG o.l.p.impl.ClientToProxyConnection - (AWAITING_INITIAL) [id: 0xa74abe3b, /127.0.0.1:54151 => /127.0.1.1:45224]: Wrote: DefaultLastHttpContent(data: SlicedByteBuf(ridx: 0, widx: 411, cap: 411/411, unwrapped: UnpooledUnsafeDirectByteBuf(ridx: 411, widx: 411, cap: 4096)), decoderResult: success)
11:39:51.452 [LittleProxy-ProxyToServerWorker-5] DEBUG o.l.p.impl.ClientToProxyConnection - (AWAITING_INITIAL) [id: 0xa74abe3b, /127.0.0.1:54151 => /127.0.1.1:45224]: Retaining reference counted message
11:39:51.452 [LittleProxy-ProxyToServerWorker-5] DEBUG o.l.p.impl.ClientToProxyConnection - (AWAITING_INITIAL) [id: 0xa74abe3b, /127.0.0.1:54151 => /127.0.1.1:45224]: Writing: EmptyByteBufBE
11:39:51.452 [LittleProxy-ProxyToServerWorker-5] DEBUG o.l.p.impl.ClientToProxyConnection - (AWAITING_INITIAL) [id: 0xa74abe3b, /127.0.0.1:54151 => /127.0.1.1:45224]: Wrote: EmptyByteBufBE
11:39:51.452 [LittleProxy-ProxyToServerWorker-5] DEBUG o.l.p.impl.ClientToProxyConnection - (AWAITING_INITIAL) [id: 0xa74abe3b, /127.0.0.1:54151 => /127.0.1.1:45224]: Handling last chunk. Using normal server connection closing rules.
11:39:51.452 [LittleProxy-ProxyToServerWorker-5] DEBUG o.l.p.impl.ClientToProxyConnection - (AWAITING_INITIAL) [id: 0xa74abe3b, /127.0.0.1:54151 => /127.0.1.1:45224]: Not closing server connection for response: DefaultHttpResponse(decodeResult: success, version: HTTP/1.1)
HTTP/1.1 200 OK
Accept-Ranges: bytes
Date: Tue, 08 Sep 2015 10:39:51 GMT
Cache-Control: public, max-age=0
Last-Modified: Wed, 27 May 2015 12:23:22 GMT
ETag: W/"qsfTAyf0ruDwdHdwFB1pHA=="
Content-Type: image/x-icon
Content-Length: 411
Connection: keep-alive
11:39:51.452 [LittleProxy-ProxyToServerWorker-5] DEBUG o.l.p.impl.ClientToProxyConnection - (AWAITING_INITIAL) [id: 0xa74abe3b, /127.0.0.1:54151 => /127.0.1.1:45224]: Handling last chunk. Using normal client connection closing rules.
11:39:51.452 [LittleProxy-ProxyToServerWorker-5] DEBUG o.l.p.impl.ClientToProxyConnection - (AWAITING_INITIAL) [id: 0xa74abe3b, /127.0.0.1:54151 => /127.0.1.1:45224]: Not closing client connection for request: [FAILED toString()]
11:39:51.458 [LittleProxy-ProxyToServerWorker-6] DEBUG o.l.p.impl.ProxyToServerConnection - (AWAITING_INITIAL) [id: 0x15efad94, /127.0.0.1:35282 => localhost/127.0.0.1:9000]: Remembering the current request.
11:39:51.458 [LittleProxy-ProxyToServerWorker-6] DEBUG o.l.p.impl.ProxyToServerConnection - (AWAITING_INITIAL) [id: 0x15efad94, /127.0.0.1:35282 => localhost/127.0.0.1:9000]: Reading: DefaultHttpResponse(decodeResult: success, version: HTTP/1.1)
HTTP/1.1 200 OK
Accept-Ranges: bytes
Date: Tue, 08 Sep 2015 10:39:51 GMT
Cache-Control: public, max-age=0
Last-Modified: Wed, 24 Jun 2015 11:24:04 GMT
ETag: W/"9Y+rxMAjVVc6ctgYdcKM3A=="
Content-Type: text/html; charset=UTF-8
Content-Length: 184
Connection: keep-alive
11:39:51.458 [LittleProxy-ProxyToServerWorker-6] DEBUG o.l.p.impl.ProxyToServerConnection - (AWAITING_INITIAL) [id: 0x15efad94, /127.0.0.1:35282 => localhost/127.0.0.1:9000]: Received raw response: DefaultHttpResponse(decodeResult: success, version: HTTP/1.1)
HTTP/1.1 200 OK
Accept-Ranges: bytes
Date: Tue, 08 Sep 2015 10:39:51 GMT
Cache-Control: public, max-age=0
Last-Modified: Wed, 24 Jun 2015 11:24:04 GMT
ETag: W/"9Y+rxMAjVVc6ctgYdcKM3A=="
Content-Type: text/html; charset=UTF-8
Content-Length: 184
Connection: keep-alive
11:39:51.458 [LittleProxy-ProxyToServerWorker-6] DEBUG o.l.p.impl.ProxyToServerConnection - (AWAITING_INITIAL) [id: 0x15efad94, /127.0.0.1:35282 => localhost/127.0.0.1:9000]: Remembering the current response.
11:39:51.458 [LittleProxy-ProxyToServerWorker-6] DEBUG o.l.p.impl.ClientToProxyConnection - (AWAITING_INITIAL) [id: 0x87242349, /127.0.0.1:54149 => /127.0.1.1:45224]: Writing: DefaultHttpResponse(decodeResult: success, version: HTTP/1.1)
HTTP/1.1 200 OK
Accept-Ranges: bytes
Date: Tue, 08 Sep 2015 10:39:51 GMT
Cache-Control: public, max-age=0
Last-Modified: Wed, 24 Jun 2015 11:24:04 GMT
ETag: W/"9Y+rxMAjVVc6ctgYdcKM3A=="
Content-Type: text/html; charset=UTF-8
Content-Length: 184
Via: 1.1 localhost.localdomain
11:39:51.458 [LittleProxy-ProxyToServerWorker-6] DEBUG o.l.p.impl.ClientToProxyConnection - (AWAITING_INITIAL) [id: 0x87242349, /127.0.0.1:54149 => /127.0.1.1:45224]: Wrote: DefaultHttpResponse(decodeResult: success, version: HTTP/1.1)
HTTP/1.1 200 OK
Accept-Ranges: bytes
Date: Tue, 08 Sep 2015 10:39:51 GMT
Cache-Control: public, max-age=0
Last-Modified: Wed, 24 Jun 2015 11:24:04 GMT
ETag: W/"9Y+rxMAjVVc6ctgYdcKM3A=="
Content-Type: text/html; charset=UTF-8
Content-Length: 184
Via: 1.1 localhost.localdomain
11:39:51.458 [LittleProxy-ProxyToServerWorker-6] DEBUG o.l.p.impl.ClientToProxyConnection - (AWAITING_INITIAL) [id: 0x87242349, /127.0.0.1:54149 => /127.0.1.1:45224]: Not closing server connection on middle chunk for /views/server-connection.html
11:39:51.458 [LittleProxy-ProxyToServerWorker-6] DEBUG o.l.p.impl.ClientToProxyConnection - (AWAITING_INITIAL) [id: 0x87242349, /127.0.0.1:54149 => /127.0.1.1:45224]: Not closing client connection on middle chunk for /views/server-connection.html
11:39:51.458 [LittleProxy-ProxyToServerWorker-6] DEBUG o.l.p.impl.ProxyToServerConnection - (AWAITING_CHUNK) [id: 0x15efad94, /127.0.0.1:35282 => localhost/127.0.0.1:9000]: Reading: DefaultLastHttpContent(data: SlicedByteBuf(ridx: 0, widx: 184, cap: 184/184, unwrapped: UnpooledUnsafeDirectByteBuf(ridx: 184, widx: 184, cap: 1024)), decoderResult: success)
11:39:51.458 [LittleProxy-ProxyToServerWorker-6] DEBUG o.l.p.impl.ClientToProxyConnection - (AWAITING_INITIAL) [id: 0x87242349, /127.0.0.1:54149 => /127.0.1.1:45224]: Retaining reference counted message
11:39:51.458 [LittleProxy-ProxyToServerWorker-6] DEBUG o.l.p.impl.ClientToProxyConnection - (AWAITING_INITIAL) [id: 0x87242349, /127.0.0.1:54149 => /127.0.1.1:45224]: Writing: DefaultLastHttpContent(data: SlicedByteBuf(ridx: 0, widx: 184, cap: 184/184, unwrapped: UnpooledUnsafeDirectByteBuf(ridx: 184, widx: 184, cap: 1024)), decoderResult: success)
11:39:51.459 [LittleProxy-ProxyToServerWorker-6] DEBUG o.l.p.impl.ClientToProxyConnection - (AWAITING_INITIAL) [id: 0x87242349, /127.0.0.1:54149 => /127.0.1.1:45224]: Writing an empty buffer to signal the end of our chunked transfer
11:39:51.459 [LittleProxy-ProxyToServerWorker-6] DEBUG o.l.p.impl.ClientToProxyConnection - (AWAITING_INITIAL) [id: 0x87242349, /127.0.0.1:54149 => /127.0.1.1:45224]: Wrote: DefaultLastHttpContent(data: SlicedByteBuf(ridx: 0, widx: 184, cap: 184/184, unwrapped: UnpooledUnsafeDirectByteBuf(ridx: 184, widx: 184, cap: 1024)), decoderResult: success)
11:39:51.459 [LittleProxy-ProxyToServerWorker-6] DEBUG o.l.p.impl.ClientToProxyConnection - (AWAITING_INITIAL) [id: 0x87242349, /127.0.0.1:54149 => /127.0.1.1:45224]: Retaining reference counted message
11:39:51.459 [LittleProxy-ProxyToServerWorker-6] DEBUG o.l.p.impl.ClientToProxyConnection - (AWAITING_INITIAL) [id: 0x87242349, /127.0.0.1:54149 => /127.0.1.1:45224]: Writing: EmptyByteBufBE
11:39:51.459 [LittleProxy-ProxyToServerWorker-6] DEBUG o.l.p.impl.ClientToProxyConnection - (AWAITING_INITIAL) [id: 0x87242349, /127.0.0.1:54149 => /127.0.1.1:45224]: Wrote: EmptyByteBufBE
11:39:51.459 [LittleProxy-ProxyToServerWorker-6] DEBUG o.l.p.impl.ClientToProxyConnection - (AWAITING_INITIAL) [id: 0x87242349, /127.0.0.1:54149 => /127.0.1.1:45224]: Handling last chunk. Using normal server connection closing rules.
11:39:51.459 [LittleProxy-ProxyToServerWorker-6] DEBUG o.l.p.impl.ClientToProxyConnection - (AWAITING_INITIAL) [id: 0x87242349, /127.0.0.1:54149 => /127.0.1.1:45224]: Not closing server connection for response: DefaultHttpResponse(decodeResult: success, version: HTTP/1.1)
HTTP/1.1 200 OK
Accept-Ranges: bytes
Date: Tue, 08 Sep 2015 10:39:51 GMT
Cache-Control: public, max-age=0
Last-Modified: Wed, 24 Jun 2015 11:24:04 GMT
ETag: W/"9Y+rxMAjVVc6ctgYdcKM3A=="
Content-Type: text/html; charset=UTF-8
Content-Length: 184
Connection: keep-alive
11:39:51.459 [LittleProxy-ProxyToServerWorker-6] DEBUG o.l.p.impl.ClientToProxyConnection - (AWAITING_INITIAL) [id: 0x87242349, /127.0.0.1:54149 => /127.0.1.1:45224]: Handling last chunk. Using normal client connection closing rules.
11:39:51.459 [LittleProxy-ProxyToServerWorker-6] DEBUG o.l.p.impl.ClientToProxyConnection - (AWAITING_INITIAL) [id: 0x87242349, /127.0.0.1:54149 => /127.0.1.1:45224]: Not closing client connection for request: [FAILED toString()]
11:39:51.467 [LittleProxy-ProxyToServerWorker-7] DEBUG o.l.p.impl.ProxyToServerConnection - (AWAITING_INITIAL) [id: 0x700df78a, /127.0.0.1:35283 => localhost/127.0.0.1:9000]: Remembering the current request.
11:39:51.467 [LittleProxy-ProxyToServerWorker-7] DEBUG o.l.p.impl.ProxyToServerConnection - (AWAITING_INITIAL) [id: 0x700df78a, /127.0.0.1:35283 => localhost/127.0.0.1:9000]: Reading: DefaultHttpResponse(decodeResult: success, version: HTTP/1.1)
HTTP/1.1 200 OK
Accept-Ranges: bytes
Date: Tue, 08 Sep 2015 10:39:51 GMT
Cache-Control: public, max-age=0
Last-Modified: Mon, 20 Jul 2015 14:46:32 GMT
ETag: W/"XQohj0mhpvG9zpjW6C6Aiw=="
Content-Type: text/html; charset=UTF-8
Content-Length: 5173
Connection: keep-alive
11:39:51.467 [LittleProxy-ProxyToServerWorker-7] DEBUG o.l.p.impl.ProxyToServerConnection - (AWAITING_INITIAL) [id: 0x700df78a, /127.0.0.1:35283 => localhost/127.0.0.1:9000]: Received raw response: DefaultHttpResponse(decodeResult: success, version: HTTP/1.1)
HTTP/1.1 200 OK
Accept-Ranges: bytes
Date: Tue, 08 Sep 2015 10:39:51 GMT
Cache-Control: public, max-age=0
Last-Modified: Mon, 20 Jul 2015 14:46:32 GMT
ETag: W/"XQohj0mhpvG9zpjW6C6Aiw=="
Content-Type: text/html; charset=UTF-8
Content-Length: 5173
Connection: keep-alive
11:39:51.467 [LittleProxy-ProxyToServerWorker-7] DEBUG o.l.p.impl.ProxyToServerConnection - (AWAITING_INITIAL) [id: 0x700df78a, /127.0.0.1:35283 => localhost/127.0.0.1:9000]: Remembering the current response.
11:39:51.467 [LittleProxy-ProxyToServerWorker-7] DEBUG o.l.p.impl.ClientToProxyConnection - (AWAITING_INITIAL) [id: 0x4dc93f85, /127.0.0.1:54147 => /127.0.1.1:45224]: Writing: DefaultHttpResponse(decodeResult: success, version: HTTP/1.1)
HTTP/1.1 200 OK
Accept-Ranges: bytes
Date: Tue, 08 Sep 2015 10:39:51 GMT
Cache-Control: public, max-age=0
Last-Modified: Mon, 20 Jul 2015 14:46:32 GMT
ETag: W/"XQohj0mhpvG9zpjW6C6Aiw=="
Content-Type: text/html; charset=UTF-8
Content-Length: 5173
Via: 1.1 localhost.localdomain
11:39:51.467 [LittleProxy-ProxyToServerWorker-7] DEBUG o.l.p.impl.ClientToProxyConnection - (AWAITING_INITIAL) [id: 0x4dc93f85, /127.0.0.1:54147 => /127.0.1.1:45224]: Wrote: DefaultHttpResponse(decodeResult: success, version: HTTP/1.1)
HTTP/1.1 200 OK
Accept-Ranges: bytes
Date: Tue, 08 Sep 2015 10:39:51 GMT
Cache-Control: public, max-age=0
Last-Modified: Mon, 20 Jul 2015 14:46:32 GMT
ETag: W/"XQohj0mhpvG9zpjW6C6Aiw=="
Content-Type: text/html; charset=UTF-8
Content-Length: 5173
Via: 1.1 localhost.localdomain
11:39:51.467 [LittleProxy-ProxyToServerWorker-7] DEBUG o.l.p.impl.ClientToProxyConnection - (AWAITING_INITIAL) [id: 0x4dc93f85, /127.0.0.1:54147 => /127.0.1.1:45224]: Not closing server connection on middle chunk for /views/listCampaigns.html
11:39:51.467 [LittleProxy-ProxyToServerWorker-7] DEBUG o.l.p.impl.ClientToProxyConnection - (AWAITING_INITIAL) [id: 0x4dc93f85, /127.0.0.1:54147 => /127.0.1.1:45224]: Not closing client connection on middle chunk for /views/listCampaigns.html
11:39:51.467 [LittleProxy-ProxyToServerWorker-7] DEBUG o.l.p.impl.ProxyToServerConnection - (AWAITING_CHUNK) [id: 0x700df78a, /127.0.0.1:35283 => localhost/127.0.0.1:9000]: Reading: DefaultLastHttpContent(data: SlicedByteBuf(ridx: 0, widx: 5173, cap: 5173/5173, unwrapped: UnpooledUnsafeDirectByteBuf(ridx: 5173, widx: 5173, cap: 8192)), decoderResult: success)
11:39:51.467 [LittleProxy-ProxyToServerWorker-7] DEBUG o.l.p.impl.ClientToProxyConnection - (AWAITING_INITIAL) [id: 0x4dc93f85, /127.0.0.1:54147 => /127.0.1.1:45224]: Retaining reference counted message
11:39:51.467 [LittleProxy-ProxyToServerWorker-7] DEBUG o.l.p.impl.ClientToProxyConnection - (AWAITING_INITIAL) [id: 0x4dc93f85, /127.0.0.1:54147 => /127.0.1.1:45224]: Writing: DefaultLastHttpContent(data: SlicedByteBuf(ridx: 0, widx: 5173, cap: 5173/5173, unwrapped: UnpooledUnsafeDirectByteBuf(ridx: 5173, widx: 5173, cap: 8192)), decoderResult: success)
11:39:51.467 [LittleProxy-ProxyToServerWorker-7] DEBUG o.l.p.impl.ClientToProxyConnection - (AWAITING_INITIAL) [id: 0x4dc93f85, /127.0.0.1:54147 => /127.0.1.1:45224]: Writing an empty buffer to signal the end of our chunked transfer
11:39:51.467 [LittleProxy-ProxyToServerWorker-7] DEBUG o.l.p.impl.ClientToProxyConnection - (AWAITING_INITIAL) [id: 0x4dc93f85, /127.0.0.1:54147 => /127.0.1.1:45224]: Wrote: DefaultLastHttpContent(data: SlicedByteBuf(ridx: 0, widx: 5173, cap: 5173/5173, unwrapped: UnpooledUnsafeDirectByteBuf(ridx: 5173, widx: 5173, cap: 8192)), decoderResult: success)
11:39:51.467 [LittleProxy-ProxyToServerWorker-7] DEBUG o.l.p.impl.ClientToProxyConnection - (AWAITING_INITIAL) [id: 0x4dc93f85, /127.0.0.1:54147 => /127.0.1.1:45224]: Retaining reference counted message
11:39:51.467 [LittleProxy-ProxyToServerWorker-7] DEBUG o.l.p.impl.ClientToProxyConnection - (AWAITING_INITIAL) [id: 0x4dc93f85, /127.0.0.1:54147 => /127.0.1.1:45224]: Writing: EmptyByteBufBE
11:39:51.467 [LittleProxy-ProxyToServerWorker-7] DEBUG o.l.p.impl.ClientToProxyConnection - (AWAITING_INITIAL) [id: 0x4dc93f85, /127.0.0.1:54147 => /127.0.1.1:45224]: Wrote: EmptyByteBufBE
11:39:51.467 [LittleProxy-ProxyToServerWorker-7] DEBUG o.l.p.impl.ClientToProxyConnection - (AWAITING_INITIAL) [id: 0x4dc93f85, /127.0.0.1:54147 => /127.0.1.1:45224]: Handling last chunk. Using normal server connection closing rules.
11:39:51.467 [LittleProxy-ProxyToServerWorker-7] DEBUG o.l.p.impl.ClientToProxyConnection - (AWAITING_INITIAL) [id: 0x4dc93f85, /127.0.0.1:54147 => /127.0.1.1:45224]: Not closing server connection for response: DefaultHttpResponse(decodeResult: success, version: HTTP/1.1)
HTTP/1.1 200 OK
Accept-Ranges: bytes
Date: Tue, 08 Sep 2015 10:39:51 GMT
Cache-Control: public, max-age=0
Last-Modified: Mon, 20 Jul 2015 14:46:32 GMT
ETag: W/"XQohj0mhpvG9zpjW6C6Aiw=="
Content-Type: text/html; charset=UTF-8
Content-Length: 5173
Connection: keep-alive
11:39:51.467 [LittleProxy-ProxyToServerWorker-7] DEBUG o.l.p.impl.ClientToProxyConnection - (AWAITING_INITIAL) [id: 0x4dc93f85, /127.0.0.1:54147 => /127.0.1.1:45224]: Handling last chunk. Using normal client connection closing rules.
11:39:51.468 [LittleProxy-ProxyToServerWorker-7] DEBUG o.l.p.impl.ClientToProxyConnection - (AWAITING_INITIAL) [id: 0x4dc93f85, /127.0.0.1:54147 => /127.0.1.1:45224]: Not closing client connection for request: [FAILED toString()]
11:39:51.570 [LittleProxy-ProxyToServerWorker-1] DEBUG o.l.p.impl.ProxyToServerConnection - (HANDSHAKING) [id: 0xf9bc8420, /127.0.0.1:37659 :> localhost/127.0.0.1:35729]: ConnectionFlowStep failed
java.nio.channels.ClosedChannelException: null
11:39:51.572 [LittleProxy-ProxyToServerWorker-1] DEBUG o.l.p.impl.ClientToProxyConnection - (NEGOTIATING_CONNECT) [id: 0xe4af9376, /127.0.0.1:54159 => /127.0.1.1:45224]: All servers have finished attempting to connect, resuming reading from client.
11:39:51.572 [LittleProxy-ProxyToServerWorker-1] DEBUG o.l.p.impl.ClientToProxyConnection - (NEGOTIATING_CONNECT) [id: 0xe4af9376, /127.0.0.1:54159 => /127.0.1.1:45224]: Resumed reading
11:39:51.572 [LittleProxy-ProxyToServerWorker-1] DEBUG o.l.p.impl.ClientToProxyConnection - (NEGOTIATING_CONNECT) [id: 0xe4af9376, /127.0.0.1:54159 => /127.0.1.1:45224]: Connection to server failed: localhost/127.0.0.1:35729.  Last state before failure: HANDSHAKING
11:39:51.573 [LittleProxy-ProxyToServerWorker-1] DEBUG o.l.p.impl.ClientToProxyConnection - (NEGOTIATING_CONNECT) [id: 0xe4af9376, /127.0.0.1:54159 => /127.0.1.1:45224]: Retaining reference counted message
11:39:51.573 [LittleProxy-ProxyToServerWorker-1] DEBUG o.l.p.impl.ClientToProxyConnection - (NEGOTIATING_CONNECT) [id: 0xe4af9376, /127.0.0.1:54159 => /127.0.1.1:45224]: Writing: DefaultFullHttpResponse(decodeResult: success, version: HTTP/1.1, content: UnpooledHeapByteBuf(ridx: 0, widx: 28, cap: 28/28))
HTTP/1.1 502 Bad Gateway
Content-Length: 28
Content-Type: text/html; charset=UTF-8
11:39:51.573 [LittleProxy-ProxyToServerWorker-1] DEBUG o.l.p.impl.ClientToProxyConnection - (NEGOTIATING_CONNECT) [id: 0xe4af9376, /127.0.0.1:54159 => /127.0.1.1:45224]: Writing an empty buffer to signal the end of our chunked transfer
11:39:51.573 [LittleProxy-ProxyToServerWorker-1] DEBUG o.l.p.impl.ClientToProxyConnection - (NEGOTIATING_CONNECT) [id: 0xe4af9376, /127.0.0.1:54159 => /127.0.1.1:45224]: Wrote: DefaultFullHttpResponse(decodeResult: success, version: HTTP/1.1, content: UnpooledHeapByteBuf(ridx: 0, widx: 28, cap: 28/28))
HTTP/1.1 502 Bad Gateway
Content-Length: 28
Content-Type: text/html; charset=UTF-8
11:39:51.573 [LittleProxy-ProxyToServerWorker-1] DEBUG o.l.p.impl.ClientToProxyConnection - (NEGOTIATING_CONNECT) [id: 0xe4af9376, /127.0.0.1:54159 => /127.0.1.1:45224]: Retaining reference counted message
11:39:51.573 [LittleProxy-ProxyToServerWorker-1] DEBUG o.l.p.impl.ClientToProxyConnection - (NEGOTIATING_CONNECT) [id: 0xe4af9376, /127.0.0.1:54159 => /127.0.1.1:45224]: Writing: EmptyByteBufBE
11:39:51.573 [LittleProxy-ProxyToServerWorker-1] DEBUG o.l.p.impl.ClientToProxyConnection - (NEGOTIATING_CONNECT) [id: 0xe4af9376, /127.0.0.1:54159 => /127.0.1.1:45224]: Wrote: EmptyByteBufBE
11:39:51.573 [LittleProxy-ProxyToServerWorker-1] DEBUG o.l.p.impl.ProxyToServerConnection - (DISCONNECTED) [id: 0xf9bc8420, /127.0.0.1:37659 :> localhost/127.0.0.1:35729]: Disconnected
11:39:51.574 [LittleProxy-ClientToProxyWorker-1] DEBUG o.l.p.impl.ClientToProxyConnection - (DISCONNECTED) [id: 0xe4af9376, /127.0.0.1:54159 :> /127.0.1.1:45224]: Disconnected
11:39:51.579 [Forwarding getCurrentUrl on session d94198a6aa3008d5ffaf97f92db0cb0c to remote] DEBUG o.a.h.c.protocol.RequestAddCookies - CookieSpec selected: best-match
11:39:51.579 [Forwarding getCurrentUrl on session d94198a6aa3008d5ffaf97f92db0cb0c to remote] DEBUG o.a.h.c.protocol.RequestAuthCache - Auth cache not set in the context
11:39:51.579 [Forwarding getCurrentUrl on session d94198a6aa3008d5ffaf97f92db0cb0c to remote] DEBUG o.a.h.i.c.PoolingHttpClientConnectionManager - Connection request: [route: {}->http://localhost:26477][total kept alive: 0; route allocated: 0 of 2000; total allocated: 0 of 2000]
11:39:51.579 [Forwarding getCurrentUrl on session d94198a6aa3008d5ffaf97f92db0cb0c to remote] DEBUG o.a.h.i.c.PoolingHttpClientConnectionManager - Connection leased: [id: 5][route: {}->http://localhost:26477][total kept alive: 0; route allocated: 1 of 2000; total allocated: 1 of 2000]
11:39:51.579 [Forwarding getCurrentUrl on session d94198a6aa3008d5ffaf97f92db0cb0c to remote] DEBUG o.a.h.impl.execchain.MainClientExec - Opening connection {}->http://localhost:26477
11:39:51.579 [Forwarding getCurrentUrl on session d94198a6aa3008d5ffaf97f92db0cb0c to remote] DEBUG o.a.h.i.c.HttpClientConnectionOperator - Connecting to localhost/127.0.0.1:26477
11:39:51.579 [Forwarding getCurrentUrl on session d94198a6aa3008d5ffaf97f92db0cb0c to remote] DEBUG o.a.h.i.c.HttpClientConnectionOperator - Connection established 127.0.0.1:57264<->127.0.0.1:26477
11:39:51.579 [Forwarding getCurrentUrl on session d94198a6aa3008d5ffaf97f92db0cb0c to remote] DEBUG o.a.h.impl.execchain.MainClientExec - Executing request GET /session/d94198a6aa3008d5ffaf97f92db0cb0c/url HTTP/1.1
11:39:51.579 [Forwarding getCurrentUrl on session d94198a6aa3008d5ffaf97f92db0cb0c to remote] DEBUG o.a.h.impl.execchain.MainClientExec - Target auth state: UNCHALLENGED
11:39:51.579 [Forwarding getCurrentUrl on session d94198a6aa3008d5ffaf97f92db0cb0c to remote] DEBUG o.a.h.impl.execchain.MainClientExec - Proxy auth state: UNCHALLENGED
11:39:51.579 [Forwarding getCurrentUrl on session d94198a6aa3008d5ffaf97f92db0cb0c to remote] DEBUG org.apache.http.headers - http-outgoing-5 >> GET /session/d94198a6aa3008d5ffaf97f92db0cb0c/url HTTP/1.1
11:39:51.579 [Forwarding getCurrentUrl on session d94198a6aa3008d5ffaf97f92db0cb0c to remote] DEBUG org.apache.http.headers - http-outgoing-5 >> Cache-Control: no-cache
11:39:51.579 [Forwarding getCurrentUrl on session d94198a6aa3008d5ffaf97f92db0cb0c to remote] DEBUG org.apache.http.headers - http-outgoing-5 >> Host: localhost:26477
11:39:51.579 [Forwarding getCurrentUrl on session d94198a6aa3008d5ffaf97f92db0cb0c to remote] DEBUG org.apache.http.headers - http-outgoing-5 >> Connection: Keep-Alive
11:39:51.579 [Forwarding getCurrentUrl on session d94198a6aa3008d5ffaf97f92db0cb0c to remote] DEBUG org.apache.http.headers - http-outgoing-5 >> User-Agent: Apache-HttpClient/4.3.4 (java 1.5)
11:39:51.579 [Forwarding getCurrentUrl on session d94198a6aa3008d5ffaf97f92db0cb0c to remote] DEBUG org.apache.http.headers - http-outgoing-5 >> Accept-Encoding: gzip,deflate
11:39:51.579 [Forwarding getCurrentUrl on session d94198a6aa3008d5ffaf97f92db0cb0c to remote] DEBUG org.apache.http.wire - http-outgoing-5 >> "GET /session/d94198a6aa3008d5ffaf97f92db0cb0c/url HTTP/1.1[\r][\n]"
11:39:51.579 [Forwarding getCurrentUrl on session d94198a6aa3008d5ffaf97f92db0cb0c to remote] DEBUG org.apache.http.wire - http-outgoing-5 >> "Cache-Control: no-cache[\r][\n]"
11:39:51.579 [Forwarding getCurrentUrl on session d94198a6aa3008d5ffaf97f92db0cb0c to remote] DEBUG org.apache.http.wire - http-outgoing-5 >> "Host: localhost:26477[\r][\n]"
11:39:51.579 [Forwarding getCurrentUrl on session d94198a6aa3008d5ffaf97f92db0cb0c to remote] DEBUG org.apache.http.wire - http-outgoing-5 >> "Connection: Keep-Alive[\r][\n]"
11:39:51.579 [Forwarding getCurrentUrl on session d94198a6aa3008d5ffaf97f92db0cb0c to remote] DEBUG org.apache.http.wire - http-outgoing-5 >> "User-Agent: Apache-HttpClient/4.3.4 (java 1.5)[\r][\n]"
11:39:51.579 [Forwarding getCurrentUrl on session d94198a6aa3008d5ffaf97f92db0cb0c to remote] DEBUG org.apache.http.wire - http-outgoing-5 >> "Accept-Encoding: gzip,deflate[\r][\n]"
11:39:51.579 [Forwarding getCurrentUrl on session d94198a6aa3008d5ffaf97f92db0cb0c to remote] DEBUG org.apache.http.wire - http-outgoing-5 >> "[\r][\n]"
11:39:51.626 [LittleProxy-ClientToProxyWorker-2] DEBUG o.l.p.impl.ClientToProxyConnection - (AWAITING_INITIAL): Configuring ChannelPipeline
11:39:51.626 [LittleProxy-ClientToProxyWorker-1] DEBUG o.l.p.impl.ClientToProxyConnection - (AWAITING_INITIAL) [id: 0x324ae286, /127.0.0.1:54142 => /127.0.1.1:45224]: Reading: HttpObjectAggregator$AggregatedFullHttpRequest(decodeResult: success, version: HTTP/1.1, content: CompositeByteBuf(ridx: 0, widx: 0, cap: 0, components=0))
GET http://localhost:8080/campaign HTTP/1.1
Host: localhost:8080
Proxy-Connection: keep-alive
Authorization: Basic YWRtaW46cGFzcw==
Accept: application/json, text/plain, */*
X-Forwarded-Proto: https
User-Agent: Mozilla/5.0 (X11; Linux x86_64) AppleWebKit/537.36 (KHTML, like Gecko) Chrome/44.0.2403.130 Safari/537.36
Referer: http://localhost:9000/
Accept-Encoding: gzip, deflate, sdch
Accept-Language: en-GB,en-US;q=0.8,en;q=0.6
Content-Length: 0
11:39:51.627 [LittleProxy-ClientToProxyWorker-1] DEBUG o.l.p.impl.ClientToProxyConnection - (AWAITING_INITIAL) [id: 0x324ae286, /127.0.0.1:54142 => /127.0.1.1:45224]: Got request: HttpObjectAggregator$AggregatedFullHttpRequest(decodeResult: success, version: HTTP/1.1, content: CompositeByteBuf(ridx: 0, widx: 0, cap: 0, components=0))
GET http://localhost:8080/campaign HTTP/1.1
Host: localhost:8080
Proxy-Connection: keep-alive
Authorization: Basic YWRtaW46cGFzcw==
Accept: application/json, text/plain, */*
X-Forwarded-Proto: https
User-Agent: Mozilla/5.0 (X11; Linux x86_64) AppleWebKit/537.36 (KHTML, like Gecko) Chrome/44.0.2403.130 Safari/537.36
Referer: http://localhost:9000/
Accept-Encoding: gzip, deflate, sdch
Accept-Language: en-GB,en-US;q=0.8,en;q=0.6
Content-Length: 0
11:39:51.627 [LittleProxy-ClientToProxyWorker-2] DEBUG o.l.p.impl.ClientToProxyConnection - (AWAITING_INITIAL): Created ClientToProxyConnection
11:39:51.627 [LittleProxy-ClientToProxyWorker-1] DEBUG o.l.p.impl.ClientToProxyConnection - (AWAITING_INITIAL) [id: 0x324ae286, /127.0.0.1:54142 => /127.0.1.1:45224]: Ensuring that hostAndPort are available in http://localhost:8080/campaign
11:39:51.627 [LittleProxy-ClientToProxyWorker-1] DEBUG o.l.p.impl.ClientToProxyConnection - (AWAITING_INITIAL) [id: 0x324ae286, /127.0.0.1:54142 => /127.0.1.1:45224]: Finding ProxyToServerConnection for: localhost:8080
11:39:51.627 [LittleProxy-ClientToProxyWorker-1] DEBUG o.l.p.impl.ClientToProxyConnection - (AWAITING_INITIAL) [id: 0x324ae286, /127.0.0.1:54142 => /127.0.1.1:45224]: Reusing existing server connection: org.littleshoot.proxy.impl.ProxyToServerConnection@42cb70ae
11:39:51.627 [LittleProxy-ClientToProxyWorker-2] DEBUG o.l.p.impl.ClientToProxyConnection - (AWAITING_INITIAL) [id: 0xbfd76251, /127.0.0.1:54162 => /127.0.1.1:45224]: Connected
11:39:51.627 [LittleProxy-ClientToProxyWorker-1] DEBUG o.l.p.impl.ClientToProxyConnection - (AWAITING_INITIAL) [id: 0x324ae286, /127.0.0.1:54142 => /127.0.1.1:45224]: Modifying request headers for proxying
11:39:51.627 [LittleProxy-ClientToProxyWorker-1] DEBUG o.l.p.impl.ClientToProxyConnection - (AWAITING_INITIAL) [id: 0x324ae286, /127.0.0.1:54142 => /127.0.1.1:45224]: Modifying request for proxy chaining
11:39:51.627 [LittleProxy-ClientToProxyWorker-1] DEBUG o.l.p.impl.ClientToProxyConnection - (AWAITING_INITIAL) [id: 0x324ae286, /127.0.0.1:54142 => /127.0.1.1:45224]: Stripped host from uri: http://localhost:8080/campaign    yielding: /campaign
11:39:51.627 [LittleProxy-ClientToProxyWorker-1] DEBUG o.l.p.impl.ClientToProxyConnection - (AWAITING_INITIAL) [id: 0x324ae286, /127.0.0.1:54142 => /127.0.1.1:45224]: Removed sdch and inserted: gzip, deflate, 
11:39:51.627 [LittleProxy-ClientToProxyWorker-1] DEBUG o.l.p.impl.ClientToProxyConnection - (AWAITING_INITIAL) [id: 0x324ae286, /127.0.0.1:54142 => /127.0.1.1:45224]: Writing request to ProxyToServerConnection
11:39:51.627 [LittleProxy-ClientToProxyWorker-1] DEBUG o.l.p.impl.ProxyToServerConnection - (AWAITING_INITIAL) [id: 0x73a4f472, /127.0.0.1:48931 => localhost/127.0.0.1:8080]: Requested write of HttpObjectAggregator$AggregatedFullHttpRequest(decodeResult: success, version: HTTP/1.1, content: CompositeByteBuf(ridx: 0, widx: 0, cap: 0, components=0))
GET /campaign HTTP/1.1
Host: localhost:8080
Authorization: Basic YWRtaW46cGFzcw==
Accept: application/json, text/plain, */*
X-Forwarded-Proto: https
User-Agent: Mozilla/5.0 (X11; Linux x86_64) AppleWebKit/537.36 (KHTML, like Gecko) Chrome/44.0.2403.130 Safari/537.36
Referer: http://localhost:9000/
Accept-Language: en-GB,en-US;q=0.8,en;q=0.6
Content-Length: 0
X-Forwarded-Proto: https
Accept-Encoding: gzip, deflate, 
Via: 1.1 localhost.localdomain
11:39:51.627 [LittleProxy-ClientToProxyWorker-2] DEBUG o.l.p.impl.ClientToProxyConnection - (AWAITING_INITIAL) [id: 0xbfd76251, /127.0.0.1:54162 => /127.0.1.1:45224]: Reading: HttpObjectAggregator$AggregatedFullHttpRequest(decodeResult: success, version: HTTP/1.1, content: CompositeByteBuf(ridx: 0, widx: 0, cap: 0, components=0))
GET http://localhost:8080/campaign/types HTTP/1.1
Host: localhost:8080
Proxy-Connection: keep-alive
Authorization: Basic YWRtaW46cGFzcw==
Accept: application/json, text/plain, */*
X-Forwarded-Proto: https
User-Agent: Mozilla/5.0 (X11; Linux x86_64) AppleWebKit/537.36 (KHTML, like Gecko) Chrome/44.0.2403.130 Safari/537.36
Referer: http://localhost:9000/
Accept-Encoding: gzip, deflate, sdch
Accept-Language: en-GB,en-US;q=0.8,en;q=0.6
Content-Length: 0
11:39:51.627 [LittleProxy-ClientToProxyWorker-1] DEBUG o.l.p.impl.ProxyToServerConnection - (AWAITING_INITIAL) [id: 0x73a4f472, /127.0.0.1:48931 => localhost/127.0.0.1:8080]: Retaining reference counted message
11:39:51.627 [LittleProxy-ClientToProxyWorker-2] DEBUG o.l.p.impl.ClientToProxyConnection - (AWAITING_INITIAL) [id: 0xbfd76251, /127.0.0.1:54162 => /127.0.1.1:45224]: Got request: HttpObjectAggregator$AggregatedFullHttpRequest(decodeResult: success, version: HTTP/1.1, content: CompositeByteBuf(ridx: 0, widx: 0, cap: 0, components=0))
GET http://localhost:8080/campaign/types HTTP/1.1
Host: localhost:8080
Proxy-Connection: keep-alive
Authorization: Basic YWRtaW46cGFzcw==
Accept: application/json, text/plain, */*
X-Forwarded-Proto: https
User-Agent: Mozilla/5.0 (X11; Linux x86_64) AppleWebKit/537.36 (KHTML, like Gecko) Chrome/44.0.2403.130 Safari/537.36
Referer: http://localhost:9000/
Accept-Encoding: gzip, deflate, sdch
Accept-Language: en-GB,en-US;q=0.8,en;q=0.6
Content-Length: 0
11:39:51.627 [LittleProxy-ClientToProxyWorker-1] DEBUG o.l.p.impl.ProxyToServerConnection - (AWAITING_INITIAL) [id: 0x73a4f472, /127.0.0.1:48931 => localhost/127.0.0.1:8080]: Using existing connection to: localhost/127.0.0.1:8080
11:39:51.627 [LittleProxy-ClientToProxyWorker-1] DEBUG o.l.p.impl.ProxyToServerConnection - (AWAITING_INITIAL) [id: 0x73a4f472, /127.0.0.1:48931 => localhost/127.0.0.1:8080]: Writing: HttpObjectAggregator$AggregatedFullHttpRequest(decodeResult: success, version: HTTP/1.1, content: CompositeByteBuf(ridx: 0, widx: 0, cap: 0, components=0))
GET /campaign HTTP/1.1
Host: localhost:8080
Authorization: Basic YWRtaW46cGFzcw==
Accept: application/json, text/plain, */*
X-Forwarded-Proto: https
User-Agent: Mozilla/5.0 (X11; Linux x86_64) AppleWebKit/537.36 (KHTML, like Gecko) Chrome/44.0.2403.130 Safari/537.36
Referer: http://localhost:9000/
Accept-Language: en-GB,en-US;q=0.8,en;q=0.6
Content-Length: 0
X-Forwarded-Proto: https
Accept-Encoding: gzip, deflate, 
Via: 1.1 localhost.localdomain
11:39:51.627 [LittleProxy-ClientToProxyWorker-1] DEBUG o.l.p.impl.ProxyToServerConnection - (AWAITING_INITIAL) [id: 0x73a4f472, /127.0.0.1:48931 => localhost/127.0.0.1:8080]: Writing an empty buffer to signal the end of our chunked transfer
11:39:51.627 [LittleProxy-ClientToProxyWorker-1] DEBUG o.l.p.impl.ProxyToServerConnection - (AWAITING_INITIAL) [id: 0x73a4f472, /127.0.0.1:48931 => localhost/127.0.0.1:8080]: Wrote: HttpObjectAggregator$AggregatedFullHttpRequest(decodeResult: success, version: HTTP/1.1, content: CompositeByteBuf(ridx: 0, widx: 0, cap: 0, components=0))
GET /campaign HTTP/1.1
Host: localhost:8080
Authorization: Basic YWRtaW46cGFzcw==
Accept: application/json, text/plain, */*
X-Forwarded-Proto: https
User-Agent: Mozilla/5.0 (X11; Linux x86_64) AppleWebKit/537.36 (KHTML, like Gecko) Chrome/44.0.2403.130 Safari/537.36
Referer: http://localhost:9000/
Accept-Language: en-GB,en-US;q=0.8,en;q=0.6
Content-Length: 0
X-Forwarded-Proto: https
Accept-Encoding: gzip, deflate, 
Via: 1.1 localhost.localdomain
11:39:51.627 [LittleProxy-ClientToProxyWorker-2] DEBUG o.l.p.impl.ClientToProxyConnection - (AWAITING_INITIAL) [id: 0xbfd76251, /127.0.0.1:54162 => /127.0.1.1:45224]: Ensuring that hostAndPort are available in http://localhost:8080/campaign/types
11:39:51.627 [LittleProxy-ClientToProxyWorker-2] DEBUG o.l.p.impl.ClientToProxyConnection - (AWAITING_INITIAL) [id: 0xbfd76251, /127.0.0.1:54162 => /127.0.1.1:45224]: Finding ProxyToServerConnection for: localhost:8080
11:39:51.627 [LittleProxy-ClientToProxyWorker-2] DEBUG o.l.p.impl.ClientToProxyConnection - (AWAITING_INITIAL) [id: 0xbfd76251, /127.0.0.1:54162 => /127.0.1.1:45224]: Didn't find existing ProxyToServerConnection for: localhost:8080
11:39:51.627 [LittleProxy-ClientToProxyWorker-2] DEBUG o.l.p.impl.ClientToProxyConnection - (AWAITING_INITIAL) [id: 0xbfd76251, /127.0.0.1:54162 => /127.0.1.1:45224]: Modifying request headers for proxying
11:39:51.627 [LittleProxy-ClientToProxyWorker-2] DEBUG o.l.p.impl.ClientToProxyConnection - (AWAITING_INITIAL) [id: 0xbfd76251, /127.0.0.1:54162 => /127.0.1.1:45224]: Modifying request for proxy chaining
11:39:51.627 [LittleProxy-ClientToProxyWorker-2] DEBUG o.l.p.impl.ClientToProxyConnection - (AWAITING_INITIAL) [id: 0xbfd76251, /127.0.0.1:54162 => /127.0.1.1:45224]: Stripped host from uri: http://localhost:8080/campaign/types    yielding: /campaign/types
11:39:51.627 [LittleProxy-ClientToProxyWorker-2] DEBUG o.l.p.impl.ClientToProxyConnection - (AWAITING_INITIAL) [id: 0xbfd76251, /127.0.0.1:54162 => /127.0.1.1:45224]: Removed sdch and inserted: gzip, deflate, 
11:39:51.627 [LittleProxy-ClientToProxyWorker-2] DEBUG o.l.p.impl.ClientToProxyConnection - (AWAITING_INITIAL) [id: 0xbfd76251, /127.0.0.1:54162 => /127.0.1.1:45224]: Writing request to ProxyToServerConnection
11:39:51.627 [LittleProxy-ClientToProxyWorker-2] DEBUG o.l.p.impl.ProxyToServerConnection - (DISCONNECTED): Requested write of HttpObjectAggregator$AggregatedFullHttpRequest(decodeResult: success, version: HTTP/1.1, content: CompositeByteBuf(ridx: 0, widx: 0, cap: 0, components=0))
GET /campaign/types HTTP/1.1
Host: localhost:8080
Authorization: Basic YWRtaW46cGFzcw==
Accept: application/json, text/plain, */*
X-Forwarded-Proto: https
User-Agent: Mozilla/5.0 (X11; Linux x86_64) AppleWebKit/537.36 (KHTML, like Gecko) Chrome/44.0.2403.130 Safari/537.36
Referer: http://localhost:9000/
Accept-Language: en-GB,en-US;q=0.8,en;q=0.6
Content-Length: 0
X-Forwarded-Proto: https
Accept-Encoding: gzip, deflate, 
Via: 1.1 localhost.localdomain
11:39:51.628 [LittleProxy-ClientToProxyWorker-2] DEBUG o.l.p.impl.ProxyToServerConnection - (DISCONNECTED): Retaining reference counted message
11:39:51.628 [LittleProxy-ClientToProxyWorker-2] DEBUG o.l.p.impl.ProxyToServerConnection - (DISCONNECTED): Currently disconnected, connect and then write the message
11:39:51.628 [LittleProxy-ClientToProxyWorker-2] DEBUG o.l.p.impl.ProxyToServerConnection - (DISCONNECTED): Starting new connection to: localhost/127.0.0.1:8080
11:39:51.628 [LittleProxy-ClientToProxyWorker-2] DEBUG o.l.p.impl.ClientToProxyConnection - (AWAITING_INITIAL) [id: 0xbfd76251, /127.0.0.1:54162 => /127.0.1.1:45224]: Stopped reading
11:39:51.628 [LittleProxy-ClientToProxyWorker-2] DEBUG o.l.p.impl.ProxyToServerConnection - (DISCONNECTED): Processing connection flow step: CONNECTING
11:39:51.628 [LittleProxy-ClientToProxyWorker-2] DEBUG o.l.p.impl.ProxyToServerConnection - (CONNECTING): Connecting to server with TCP
11:39:51.628 [LittleProxy-ProxyToServerWorker-2] DEBUG o.l.p.impl.ProxyToServerConnection - (CONNECTING) [id: 0xf37282df, /127.0.0.1:48951 => localhost/127.0.0.1:8080]: ConnectionFlowStep succeeded
11:39:51.628 [LittleProxy-ProxyToServerWorker-2] DEBUG o.l.p.impl.ProxyToServerConnection - (CONNECTING) [id: 0xf37282df, /127.0.0.1:48951 => localhost/127.0.0.1:8080]: Connection flow completed successfully: null
11:39:51.628 [LittleProxy-ProxyToServerWorker-2] DEBUG o.l.p.impl.ClientToProxyConnection - (AWAITING_INITIAL) [id: 0xbfd76251, /127.0.0.1:54162 => /127.0.1.1:45224]: Connection to server succeeded: localhost/127.0.0.1:8080
11:39:51.628 [LittleProxy-ProxyToServerWorker-2] DEBUG o.l.p.impl.ClientToProxyConnection - (AWAITING_INITIAL) [id: 0xbfd76251, /127.0.0.1:54162 => /127.0.1.1:45224]: All servers have finished attempting to connect, resuming reading from client.
11:39:51.628 [LittleProxy-ProxyToServerWorker-2] DEBUG o.l.p.impl.ClientToProxyConnection - (AWAITING_INITIAL) [id: 0xbfd76251, /127.0.0.1:54162 => /127.0.1.1:45224]: Resumed reading
11:39:51.629 [LittleProxy-ProxyToServerWorker-2] DEBUG o.l.p.impl.ProxyToServerConnection - (AWAITING_INITIAL) [id: 0xf37282df, /127.0.0.1:48951 => localhost/127.0.0.1:8080]: Writing initial request: HttpObjectAggregator$AggregatedFullHttpRequest(decodeResult: success, version: HTTP/1.1, content: CompositeByteBuf(ridx: 0, widx: 0, cap: 0, components=0))
GET /campaign/types HTTP/1.1
Host: localhost:8080
Authorization: Basic YWRtaW46cGFzcw==
Accept: application/json, text/plain, */*
X-Forwarded-Proto: https
User-Agent: Mozilla/5.0 (X11; Linux x86_64) AppleWebKit/537.36 (KHTML, like Gecko) Chrome/44.0.2403.130 Safari/537.36
Referer: http://localhost:9000/
Accept-Language: en-GB,en-US;q=0.8,en;q=0.6
Content-Length: 0
X-Forwarded-Proto: https
Accept-Encoding: gzip, deflate, 
Via: 1.1 localhost.localdomain
11:39:51.629 [LittleProxy-ProxyToServerWorker-2] DEBUG o.l.p.impl.ProxyToServerConnection - (AWAITING_INITIAL) [id: 0xf37282df, /127.0.0.1:48951 => localhost/127.0.0.1:8080]: Requested write of HttpObjectAggregator$AggregatedFullHttpRequest(decodeResult: success, version: HTTP/1.1, content: CompositeByteBuf(ridx: 0, widx: 0, cap: 0, components=0))
GET /campaign/types HTTP/1.1
Host: localhost:8080
Authorization: Basic YWRtaW46cGFzcw==
Accept: application/json, text/plain, */*
X-Forwarded-Proto: https
User-Agent: Mozilla/5.0 (X11; Linux x86_64) AppleWebKit/537.36 (KHTML, like Gecko) Chrome/44.0.2403.130 Safari/537.36
Referer: http://localhost:9000/
Accept-Language: en-GB,en-US;q=0.8,en;q=0.6
Content-Length: 0
X-Forwarded-Proto: https
Accept-Encoding: gzip, deflate, 
Via: 1.1 localhost.localdomain
11:39:51.629 [LittleProxy-ProxyToServerWorker-2] DEBUG o.l.p.impl.ProxyToServerConnection - (AWAITING_INITIAL) [id: 0xf37282df, /127.0.0.1:48951 => localhost/127.0.0.1:8080]: Retaining reference counted message
11:39:51.629 [LittleProxy-ProxyToServerWorker-2] DEBUG o.l.p.impl.ProxyToServerConnection - (AWAITING_INITIAL) [id: 0xf37282df, /127.0.0.1:48951 => localhost/127.0.0.1:8080]: Using existing connection to: localhost/127.0.0.1:8080
11:39:51.629 [LittleProxy-ProxyToServerWorker-2] DEBUG o.l.p.impl.ProxyToServerConnection - (AWAITING_INITIAL) [id: 0xf37282df, /127.0.0.1:48951 => localhost/127.0.0.1:8080]: Writing: HttpObjectAggregator$AggregatedFullHttpRequest(decodeResult: success, version: HTTP/1.1, content: CompositeByteBuf(ridx: 0, widx: 0, cap: 0, components=0))
GET /campaign/types HTTP/1.1
Host: localhost:8080
Authorization: Basic YWRtaW46cGFzcw==
Accept: application/json, text/plain, */*
X-Forwarded-Proto: https
User-Agent: Mozilla/5.0 (X11; Linux x86_64) AppleWebKit/537.36 (KHTML, like Gecko) Chrome/44.0.2403.130 Safari/537.36
Referer: http://localhost:9000/
Accept-Language: en-GB,en-US;q=0.8,en;q=0.6
Content-Length: 0
X-Forwarded-Proto: https
Accept-Encoding: gzip, deflate, 
Via: 1.1 localhost.localdomain
11:39:51.629 [LittleProxy-ProxyToServerWorker-2] DEBUG o.l.p.impl.ProxyToServerConnection - (AWAITING_INITIAL) [id: 0xf37282df, /127.0.0.1:48951 => localhost/127.0.0.1:8080]: Writing an empty buffer to signal the end of our chunked transfer
11:39:51.629 [LittleProxy-ProxyToServerWorker-2] DEBUG o.l.p.impl.ProxyToServerConnection - (AWAITING_INITIAL) [id: 0xf37282df, /127.0.0.1:48951 => localhost/127.0.0.1:8080]: Wrote: HttpObjectAggregator$AggregatedFullHttpRequest(decodeResult: success, version: HTTP/1.1, content: CompositeByteBuf(ridx: 0, widx: 0, cap: 0, components=0))
GET /campaign/types HTTP/1.1
Host: localhost:8080
Authorization: Basic YWRtaW46cGFzcw==
Accept: application/json, text/plain, */*
X-Forwarded-Proto: https
User-Agent: Mozilla/5.0 (X11; Linux x86_64) AppleWebKit/537.36 (KHTML, like Gecko) Chrome/44.0.2403.130 Safari/537.36
Referer: http://localhost:9000/
Accept-Language: en-GB,en-US;q=0.8,en;q=0.6
Content-Length: 0
X-Forwarded-Proto: https
Accept-Encoding: gzip, deflate, 
Via: 1.1 localhost.localdomain
11:39:51.629 [LittleProxy-ProxyToServerWorker-2] DEBUG o.l.p.impl.ProxyToServerConnection - (AWAITING_INITIAL) [id: 0xf37282df, /127.0.0.1:48951 => localhost/127.0.0.1:8080]: Connected
11:39:51.710 [LittleProxy-ClientToProxyWorker-3] DEBUG o.l.p.impl.ClientToProxyConnection - (AWAITING_INITIAL): Configuring ChannelPipeline
11:39:51.711 [LittleProxy-ClientToProxyWorker-3] DEBUG o.l.p.impl.ClientToProxyConnection - (AWAITING_INITIAL): Created ClientToProxyConnection
11:39:51.711 [LittleProxy-ClientToProxyWorker-3] DEBUG o.l.p.impl.ClientToProxyConnection - (AWAITING_INITIAL) [id: 0x4990c9ae, /127.0.0.1:54164 => /127.0.1.1:45224]: Connected
11:39:51.711 [LittleProxy-ClientToProxyWorker-3] DEBUG o.l.p.impl.ClientToProxyConnection - (AWAITING_INITIAL) [id: 0x4dc93f85, /127.0.0.1:54147 => /127.0.1.1:45224]: Reading: HttpObjectAggregator$AggregatedFullHttpRequest(decodeResult: success, version: HTTP/1.1, content: CompositeByteBuf(ridx: 0, widx: 0, cap: 0, components=0))
GET http://localhost:9000/views/header.html HTTP/1.1
Host: localhost:9000
Proxy-Connection: keep-alive
Accept: application/json, text/plain, */*
X-Forwarded-Proto: https
User-Agent: Mozilla/5.0 (X11; Linux x86_64) AppleWebKit/537.36 (KHTML, like Gecko) Chrome/44.0.2403.130 Safari/537.36
Referer: http://localhost:9000/
Accept-Encoding: gzip, deflate, sdch
Accept-Language: en-GB,en-US;q=0.8,en;q=0.6
Content-Length: 0
11:39:51.711 [LittleProxy-ClientToProxyWorker-3] DEBUG o.l.p.impl.ClientToProxyConnection - (AWAITING_INITIAL) [id: 0x4dc93f85, /127.0.0.1:54147 => /127.0.1.1:45224]: Got request: HttpObjectAggregator$AggregatedFullHttpRequest(decodeResult: success, version: HTTP/1.1, content: CompositeByteBuf(ridx: 0, widx: 0, cap: 0, components=0))
GET http://localhost:9000/views/header.html HTTP/1.1
Host: localhost:9000
Proxy-Connection: keep-alive
Accept: application/json, text/plain, */*
X-Forwarded-Proto: https
User-Agent: Mozilla/5.0 (X11; Linux x86_64) AppleWebKit/537.36 (KHTML, like Gecko) Chrome/44.0.2403.130 Safari/537.36
Referer: http://localhost:9000/
Accept-Encoding: gzip, deflate, sdch
Accept-Language: en-GB,en-US;q=0.8,en;q=0.6
Content-Length: 0
11:39:51.711 [LittleProxy-ClientToProxyWorker-3] DEBUG o.l.p.impl.ClientToProxyConnection - (AWAITING_INITIAL) [id: 0x4dc93f85, /127.0.0.1:54147 => /127.0.1.1:45224]: Ensuring that hostAndPort are available in http://localhost:9000/views/header.html
11:39:51.711 [LittleProxy-ClientToProxyWorker-3] DEBUG o.l.p.impl.ClientToProxyConnection - (AWAITING_INITIAL) [id: 0x4dc93f85, /127.0.0.1:54147 => /127.0.1.1:45224]: Finding ProxyToServerConnection for: localhost:9000
11:39:51.711 [LittleProxy-ClientToProxyWorker-3] DEBUG o.l.p.impl.ClientToProxyConnection - (AWAITING_INITIAL) [id: 0x4dc93f85, /127.0.0.1:54147 => /127.0.1.1:45224]: Reusing existing server connection: org.littleshoot.proxy.impl.ProxyToServerConnection@2cc0768d
11:39:51.711 [LittleProxy-ClientToProxyWorker-3] DEBUG o.l.p.impl.ClientToProxyConnection - (AWAITING_INITIAL) [id: 0x4dc93f85, /127.0.0.1:54147 => /127.0.1.1:45224]: Modifying request headers for proxying
11:39:51.711 [LittleProxy-ClientToProxyWorker-3] DEBUG o.l.p.impl.ClientToProxyConnection - (AWAITING_INITIAL) [id: 0x4dc93f85, /127.0.0.1:54147 => /127.0.1.1:45224]: Modifying request for proxy chaining
11:39:51.711 [LittleProxy-ClientToProxyWorker-3] DEBUG o.l.p.impl.ClientToProxyConnection - (AWAITING_INITIAL) [id: 0x4dc93f85, /127.0.0.1:54147 => /127.0.1.1:45224]: Stripped host from uri: http://localhost:9000/views/header.html    yielding: /views/header.html
11:39:51.711 [LittleProxy-ClientToProxyWorker-3] DEBUG o.l.p.impl.ClientToProxyConnection - (AWAITING_INITIAL) [id: 0x4dc93f85, /127.0.0.1:54147 => /127.0.1.1:45224]: Removed sdch and inserted: gzip, deflate, 
11:39:51.711 [LittleProxy-ClientToProxyWorker-3] DEBUG o.l.p.impl.ClientToProxyConnection - (AWAITING_INITIAL) [id: 0x4dc93f85, /127.0.0.1:54147 => /127.0.1.1:45224]: Writing request to ProxyToServerConnection
11:39:51.711 [LittleProxy-ClientToProxyWorker-3] DEBUG o.l.p.impl.ProxyToServerConnection - (AWAITING_INITIAL) [id: 0x700df78a, /127.0.0.1:35283 => localhost/127.0.0.1:9000]: Requested write of HttpObjectAggregator$AggregatedFullHttpRequest(decodeResult: success, version: HTTP/1.1, content: CompositeByteBuf(ridx: 0, widx: 0, cap: 0, components=0))
GET /views/header.html HTTP/1.1
Host: localhost:9000
Accept: application/json, text/plain, */*
X-Forwarded-Proto: https
User-Agent: Mozilla/5.0 (X11; Linux x86_64) AppleWebKit/537.36 (KHTML, like Gecko) Chrome/44.0.2403.130 Safari/537.36
Referer: http://localhost:9000/
Accept-Language: en-GB,en-US;q=0.8,en;q=0.6
Content-Length: 0
Accept-Encoding: gzip, deflate, 
Via: 1.1 localhost.localdomain
11:39:51.711 [LittleProxy-ClientToProxyWorker-3] DEBUG o.l.p.impl.ProxyToServerConnection - (AWAITING_INITIAL) [id: 0x700df78a, /127.0.0.1:35283 => localhost/127.0.0.1:9000]: Retaining reference counted message
11:39:51.711 [LittleProxy-ClientToProxyWorker-3] DEBUG o.l.p.impl.ProxyToServerConnection - (AWAITING_INITIAL) [id: 0x700df78a, /127.0.0.1:35283 => localhost/127.0.0.1:9000]: Using existing connection to: localhost/127.0.0.1:9000
11:39:51.712 [LittleProxy-ClientToProxyWorker-3] DEBUG o.l.p.impl.ProxyToServerConnection - (AWAITING_INITIAL) [id: 0x700df78a, /127.0.0.1:35283 => localhost/127.0.0.1:9000]: Writing: HttpObjectAggregator$AggregatedFullHttpRequest(decodeResult: success, version: HTTP/1.1, content: CompositeByteBuf(ridx: 0, widx: 0, cap: 0, components=0))
GET /views/header.html HTTP/1.1
Host: localhost:9000
Accept: application/json, text/plain, */*
X-Forwarded-Proto: https
User-Agent: Mozilla/5.0 (X11; Linux x86_64) AppleWebKit/537.36 (KHTML, like Gecko) Chrome/44.0.2403.130 Safari/537.36
Referer: http://localhost:9000/
Accept-Language: en-GB,en-US;q=0.8,en;q=0.6
Content-Length: 0
Accept-Encoding: gzip, deflate, 
Via: 1.1 localhost.localdomain
11:39:51.712 [LittleProxy-ClientToProxyWorker-3] DEBUG o.l.p.impl.ProxyToServerConnection - (AWAITING_INITIAL) [id: 0x700df78a, /127.0.0.1:35283 => localhost/127.0.0.1:9000]: Writing an empty buffer to signal the end of our chunked transfer
11:39:51.712 [LittleProxy-ClientToProxyWorker-3] DEBUG o.l.p.impl.ProxyToServerConnection - (AWAITING_INITIAL) [id: 0x700df78a, /127.0.0.1:35283 => localhost/127.0.0.1:9000]: Wrote: HttpObjectAggregator$AggregatedFullHttpRequest(decodeResult: success, version: HTTP/1.1, content: CompositeByteBuf(ridx: 0, widx: 0, cap: 0, components=0))
GET /views/header.html HTTP/1.1
Host: localhost:9000
Accept: application/json, text/plain, */*
X-Forwarded-Proto: https
User-Agent: Mozilla/5.0 (X11; Linux x86_64) AppleWebKit/537.36 (KHTML, like Gecko) Chrome/44.0.2403.130 Safari/537.36
Referer: http://localhost:9000/
Accept-Language: en-GB,en-US;q=0.8,en;q=0.6
Content-Length: 0
Accept-Encoding: gzip, deflate, 
Via: 1.1 localhost.localdomain
11:39:51.712 [LittleProxy-ClientToProxyWorker-3] DEBUG o.l.p.impl.ClientToProxyConnection - (AWAITING_INITIAL) [id: 0x4990c9ae, /127.0.0.1:54164 => /127.0.1.1:45224]: Reading: HttpObjectAggregator$AggregatedFullHttpRequest(decodeResult: success, version: HTTP/1.1, content: CompositeByteBuf(ridx: 0, widx: 0, cap: 0, components=0))
GET http://localhost:8080/campaign?page=1 HTTP/1.1
Host: localhost:8080
Proxy-Connection: keep-alive
Authorization: Basic YWRtaW46cGFzcw==
Accept: application/json, text/plain, */*
X-Forwarded-Proto: https
User-Agent: Mozilla/5.0 (X11; Linux x86_64) AppleWebKit/537.36 (KHTML, like Gecko) Chrome/44.0.2403.130 Safari/537.36
Referer: http://localhost:9000/
Accept-Encoding: gzip, deflate, sdch
Accept-Language: en-GB,en-US;q=0.8,en;q=0.6
Content-Length: 0
11:39:51.712 [LittleProxy-ClientToProxyWorker-3] DEBUG o.l.p.impl.ClientToProxyConnection - (AWAITING_INITIAL) [id: 0x4990c9ae, /127.0.0.1:54164 => /127.0.1.1:45224]: Got request: HttpObjectAggregator$AggregatedFullHttpRequest(decodeResult: success, version: HTTP/1.1, content: CompositeByteBuf(ridx: 0, widx: 0, cap: 0, components=0))
GET http://localhost:8080/campaign?page=1 HTTP/1.1
Host: localhost:8080
Proxy-Connection: keep-alive
Authorization: Basic YWRtaW46cGFzcw==
Accept: application/json, text/plain, */*
X-Forwarded-Proto: https
User-Agent: Mozilla/5.0 (X11; Linux x86_64) AppleWebKit/537.36 (KHTML, like Gecko) Chrome/44.0.2403.130 Safari/537.36
Referer: http://localhost:9000/
Accept-Encoding: gzip, deflate, sdch
Accept-Language: en-GB,en-US;q=0.8,en;q=0.6
Content-Length: 0
11:39:51.712 [LittleProxy-ClientToProxyWorker-3] DEBUG o.l.p.impl.ClientToProxyConnection - (AWAITING_INITIAL) [id: 0x4990c9ae, /127.0.0.1:54164 => /127.0.1.1:45224]: Ensuring that hostAndPort are available in http://localhost:8080/campaign?page=1
11:39:51.712 [LittleProxy-ClientToProxyWorker-3] DEBUG o.l.p.impl.ClientToProxyConnection - (AWAITING_INITIAL) [id: 0x4990c9ae, /127.0.0.1:54164 => /127.0.1.1:45224]: Finding ProxyToServerConnection for: localhost:8080
11:39:51.712 [LittleProxy-ClientToProxyWorker-3] DEBUG o.l.p.impl.ClientToProxyConnection - (AWAITING_INITIAL) [id: 0x4990c9ae, /127.0.0.1:54164 => /127.0.1.1:45224]: Didn't find existing ProxyToServerConnection for: localhost:8080
11:39:51.712 [LittleProxy-ClientToProxyWorker-3] DEBUG o.l.p.impl.ClientToProxyConnection - (AWAITING_INITIAL) [id: 0x4990c9ae, /127.0.0.1:54164 => /127.0.1.1:45224]: Modifying request headers for proxying
11:39:51.712 [LittleProxy-ClientToProxyWorker-3] DEBUG o.l.p.impl.ClientToProxyConnection - (AWAITING_INITIAL) [id: 0x4990c9ae, /127.0.0.1:54164 => /127.0.1.1:45224]: Modifying request for proxy chaining
11:39:51.712 [LittleProxy-ClientToProxyWorker-3] DEBUG o.l.p.impl.ClientToProxyConnection - (AWAITING_INITIAL) [id: 0x4990c9ae, /127.0.0.1:54164 => /127.0.1.1:45224]: Stripped host from uri: http://localhost:8080/campaign?page=1    yielding: /campaign?page=1
11:39:51.712 [LittleProxy-ClientToProxyWorker-3] DEBUG o.l.p.impl.ClientToProxyConnection - (AWAITING_INITIAL) [id: 0x4990c9ae, /127.0.0.1:54164 => /127.0.1.1:45224]: Removed sdch and inserted: gzip, deflate, 
11:39:51.712 [LittleProxy-ClientToProxyWorker-3] DEBUG o.l.p.impl.ClientToProxyConnection - (AWAITING_INITIAL) [id: 0x4990c9ae, /127.0.0.1:54164 => /127.0.1.1:45224]: Writing request to ProxyToServerConnection
11:39:51.712 [LittleProxy-ClientToProxyWorker-3] DEBUG o.l.p.impl.ProxyToServerConnection - (DISCONNECTED): Requested write of HttpObjectAggregator$AggregatedFullHttpRequest(decodeResult: success, version: HTTP/1.1, content: CompositeByteBuf(ridx: 0, widx: 0, cap: 0, components=0))
GET /campaign?page=1 HTTP/1.1
Host: localhost:8080
Authorization: Basic YWRtaW46cGFzcw==
Accept: application/json, text/plain, */*
X-Forwarded-Proto: https
User-Agent: Mozilla/5.0 (X11; Linux x86_64) AppleWebKit/537.36 (KHTML, like Gecko) Chrome/44.0.2403.130 Safari/537.36
Referer: http://localhost:9000/
Accept-Language: en-GB,en-US;q=0.8,en;q=0.6
Content-Length: 0
X-Forwarded-Proto: https
Accept-Encoding: gzip, deflate, 
Via: 1.1 localhost.localdomain
11:39:51.712 [LittleProxy-ClientToProxyWorker-3] DEBUG o.l.p.impl.ProxyToServerConnection - (DISCONNECTED): Retaining reference counted message
11:39:51.712 [LittleProxy-ClientToProxyWorker-3] DEBUG o.l.p.impl.ProxyToServerConnection - (DISCONNECTED): Currently disconnected, connect and then write the message
11:39:51.712 [LittleProxy-ClientToProxyWorker-3] DEBUG o.l.p.impl.ProxyToServerConnection - (DISCONNECTED): Starting new connection to: localhost/127.0.0.1:8080
11:39:51.712 [LittleProxy-ClientToProxyWorker-3] DEBUG o.l.p.impl.ClientToProxyConnection - (AWAITING_INITIAL) [id: 0x4990c9ae, /127.0.0.1:54164 => /127.0.1.1:45224]: Stopped reading
11:39:51.712 [LittleProxy-ClientToProxyWorker-3] DEBUG o.l.p.impl.ProxyToServerConnection - (DISCONNECTED): Processing connection flow step: CONNECTING
11:39:51.712 [LittleProxy-ClientToProxyWorker-3] DEBUG o.l.p.impl.ProxyToServerConnection - (CONNECTING): Connecting to server with TCP
11:39:51.713 [LittleProxy-ProxyToServerWorker-3] DEBUG o.l.p.impl.ProxyToServerConnection - (CONNECTING) [id: 0x233f9b43, /127.0.0.1:48953 => localhost/127.0.0.1:8080]: ConnectionFlowStep succeeded
11:39:51.713 [LittleProxy-ProxyToServerWorker-3] DEBUG o.l.p.impl.ProxyToServerConnection - (CONNECTING) [id: 0x233f9b43, /127.0.0.1:48953 => localhost/127.0.0.1:8080]: Connection flow completed successfully: null
11:39:51.713 [LittleProxy-ProxyToServerWorker-3] DEBUG o.l.p.impl.ClientToProxyConnection - (AWAITING_INITIAL) [id: 0x4990c9ae, /127.0.0.1:54164 => /127.0.1.1:45224]: Connection to server succeeded: localhost/127.0.0.1:8080
11:39:51.713 [LittleProxy-ProxyToServerWorker-3] DEBUG o.l.p.impl.ClientToProxyConnection - (AWAITING_INITIAL) [id: 0x4990c9ae, /127.0.0.1:54164 => /127.0.1.1:45224]: All servers have finished attempting to connect, resuming reading from client.
11:39:51.713 [LittleProxy-ProxyToServerWorker-3] DEBUG o.l.p.impl.ClientToProxyConnection - (AWAITING_INITIAL) [id: 0x4990c9ae, /127.0.0.1:54164 => /127.0.1.1:45224]: Resumed reading
11:39:51.713 [LittleProxy-ProxyToServerWorker-3] DEBUG o.l.p.impl.ProxyToServerConnection - (AWAITING_INITIAL) [id: 0x233f9b43, /127.0.0.1:48953 => localhost/127.0.0.1:8080]: Writing initial request: HttpObjectAggregator$AggregatedFullHttpRequest(decodeResult: success, version: HTTP/1.1, content: CompositeByteBuf(ridx: 0, widx: 0, cap: 0, components=0))
GET /campaign?page=1 HTTP/1.1
Host: localhost:8080
Authorization: Basic YWRtaW46cGFzcw==
Accept: application/json, text/plain, */*
X-Forwarded-Proto: https
User-Agent: Mozilla/5.0 (X11; Linux x86_64) AppleWebKit/537.36 (KHTML, like Gecko) Chrome/44.0.2403.130 Safari/537.36
Referer: http://localhost:9000/
Accept-Language: en-GB,en-US;q=0.8,en;q=0.6
Content-Length: 0
X-Forwarded-Proto: https
Accept-Encoding: gzip, deflate, 
Via: 1.1 localhost.localdomain
11:39:51.713 [LittleProxy-ProxyToServerWorker-3] DEBUG o.l.p.impl.ProxyToServerConnection - (AWAITING_INITIAL) [id: 0x233f9b43, /127.0.0.1:48953 => localhost/127.0.0.1:8080]: Requested write of HttpObjectAggregator$AggregatedFullHttpRequest(decodeResult: success, version: HTTP/1.1, content: CompositeByteBuf(ridx: 0, widx: 0, cap: 0, components=0))
GET /campaign?page=1 HTTP/1.1
Host: localhost:8080
Authorization: Basic YWRtaW46cGFzcw==
Accept: application/json, text/plain, */*
X-Forwarded-Proto: https
User-Agent: Mozilla/5.0 (X11; Linux x86_64) AppleWebKit/537.36 (KHTML, like Gecko) Chrome/44.0.2403.130 Safari/537.36
Referer: http://localhost:9000/
Accept-Language: en-GB,en-US;q=0.8,en;q=0.6
Content-Length: 0
X-Forwarded-Proto: https
Accept-Encoding: gzip, deflate, 
Via: 1.1 localhost.localdomain
11:39:51.713 [LittleProxy-ProxyToServerWorker-3] DEBUG o.l.p.impl.ProxyToServerConnection - (AWAITING_INITIAL) [id: 0x233f9b43, /127.0.0.1:48953 => localhost/127.0.0.1:8080]: Retaining reference counted message
11:39:51.713 [LittleProxy-ProxyToServerWorker-3] DEBUG o.l.p.impl.ProxyToServerConnection - (AWAITING_INITIAL) [id: 0x233f9b43, /127.0.0.1:48953 => localhost/127.0.0.1:8080]: Using existing connection to: localhost/127.0.0.1:8080
11:39:51.713 [LittleProxy-ProxyToServerWorker-3] DEBUG o.l.p.impl.ProxyToServerConnection - (AWAITING_INITIAL) [id: 0x233f9b43, /127.0.0.1:48953 => localhost/127.0.0.1:8080]: Writing: HttpObjectAggregator$AggregatedFullHttpRequest(decodeResult: success, version: HTTP/1.1, content: CompositeByteBuf(ridx: 0, widx: 0, cap: 0, components=0))
GET /campaign?page=1 HTTP/1.1
Host: localhost:8080
Authorization: Basic YWRtaW46cGFzcw==
Accept: application/json, text/plain, */*
X-Forwarded-Proto: https
User-Agent: Mozilla/5.0 (X11; Linux x86_64) AppleWebKit/537.36 (KHTML, like Gecko) Chrome/44.0.2403.130 Safari/537.36
Referer: http://localhost:9000/
Accept-Language: en-GB,en-US;q=0.8,en;q=0.6
Content-Length: 0
X-Forwarded-Proto: https
Accept-Encoding: gzip, deflate, 
Via: 1.1 localhost.localdomain
11:39:51.713 [LittleProxy-ProxyToServerWorker-3] DEBUG o.l.p.impl.ProxyToServerConnection - (AWAITING_INITIAL) [id: 0x233f9b43, /127.0.0.1:48953 => localhost/127.0.0.1:8080]: Writing an empty buffer to signal the end of our chunked transfer
11:39:51.714 [LittleProxy-ProxyToServerWorker-3] DEBUG o.l.p.impl.ProxyToServerConnection - (AWAITING_INITIAL) [id: 0x233f9b43, /127.0.0.1:48953 => localhost/127.0.0.1:8080]: Wrote: HttpObjectAggregator$AggregatedFullHttpRequest(decodeResult: success, version: HTTP/1.1, content: CompositeByteBuf(ridx: 0, widx: 0, cap: 0, components=0))
GET /campaign?page=1 HTTP/1.1
Host: localhost:8080
Authorization: Basic YWRtaW46cGFzcw==
Accept: application/json, text/plain, */*
X-Forwarded-Proto: https
User-Agent: Mozilla/5.0 (X11; Linux x86_64) AppleWebKit/537.36 (KHTML, like Gecko) Chrome/44.0.2403.130 Safari/537.36
Referer: http://localhost:9000/
Accept-Language: en-GB,en-US;q=0.8,en;q=0.6
Content-Length: 0
X-Forwarded-Proto: https
Accept-Encoding: gzip, deflate, 
Via: 1.1 localhost.localdomain
11:39:51.714 [LittleProxy-ClientToProxyWorker-5] DEBUG o.l.p.impl.ClientToProxyConnection - (AWAITING_INITIAL) [id: 0x87242349, /127.0.0.1:54149 => /127.0.1.1:45224]: Reading: HttpObjectAggregator$AggregatedFullHttpRequest(decodeResult: success, version: HTTP/1.1, content: CompositeByteBuf(ridx: 0, widx: 0, cap: 0, components=0))
GET http://localhost:9000/bower_components/bootstrap/dist/fonts/glyphicons-halflings-regular.woff HTTP/1.1
Host: localhost:9000
Proxy-Connection: keep-alive
User-Agent: Mozilla/5.0 (X11; Linux x86_64) AppleWebKit/537.36 (KHTML, like Gecko) Chrome/44.0.2403.130 Safari/537.36
Accept: */*
Referer: http://localhost:9000/bower_components/bootstrap/dist/css/bootstrap.css
Accept-Encoding: gzip, deflate, sdch
Accept-Language: en-GB,en-US;q=0.8,en;q=0.6
Content-Length: 0
11:39:51.714 [LittleProxy-ProxyToServerWorker-3] DEBUG o.l.p.impl.ProxyToServerConnection - (AWAITING_INITIAL) [id: 0x233f9b43, /127.0.0.1:48953 => localhost/127.0.0.1:8080]: Connected
11:39:51.714 [LittleProxy-ClientToProxyWorker-5] DEBUG o.l.p.impl.ClientToProxyConnection - (AWAITING_INITIAL) [id: 0x87242349, /127.0.0.1:54149 => /127.0.1.1:45224]: Got request: HttpObjectAggregator$AggregatedFullHttpRequest(decodeResult: success, version: HTTP/1.1, content: CompositeByteBuf(ridx: 0, widx: 0, cap: 0, components=0))
GET http://localhost:9000/bower_components/bootstrap/dist/fonts/glyphicons-halflings-regular.woff HTTP/1.1
Host: localhost:9000
Proxy-Connection: keep-alive
User-Agent: Mozilla/5.0 (X11; Linux x86_64) AppleWebKit/537.36 (KHTML, like Gecko) Chrome/44.0.2403.130 Safari/537.36
Accept: */*
Referer: http://localhost:9000/bower_components/bootstrap/dist/css/bootstrap.css
Accept-Encoding: gzip, deflate, sdch
Accept-Language: en-GB,en-US;q=0.8,en;q=0.6
Content-Length: 0
11:39:51.714 [LittleProxy-ClientToProxyWorker-5] DEBUG o.l.p.impl.ClientToProxyConnection - (AWAITING_INITIAL) [id: 0x87242349, /127.0.0.1:54149 => /127.0.1.1:45224]: Ensuring that hostAndPort are available in http://localhost:9000/bower_components/bootstrap/dist/fonts/glyphicons-halflings-regular.woff
11:39:51.714 [LittleProxy-ClientToProxyWorker-5] DEBUG o.l.p.impl.ClientToProxyConnection - (AWAITING_INITIAL) [id: 0x87242349, /127.0.0.1:54149 => /127.0.1.1:45224]: Finding ProxyToServerConnection for: localhost:9000
11:39:51.714 [LittleProxy-ClientToProxyWorker-5] DEBUG o.l.p.impl.ClientToProxyConnection - (AWAITING_INITIAL) [id: 0x87242349, /127.0.0.1:54149 => /127.0.1.1:45224]: Reusing existing server connection: org.littleshoot.proxy.impl.ProxyToServerConnection@19d9ddb6
11:39:51.714 [LittleProxy-ClientToProxyWorker-5] DEBUG o.l.p.impl.ClientToProxyConnection - (AWAITING_INITIAL) [id: 0x87242349, /127.0.0.1:54149 => /127.0.1.1:45224]: Modifying request headers for proxying
11:39:51.714 [LittleProxy-ClientToProxyWorker-5] DEBUG o.l.p.impl.ClientToProxyConnection - (AWAITING_INITIAL) [id: 0x87242349, /127.0.0.1:54149 => /127.0.1.1:45224]: Modifying request for proxy chaining
11:39:51.714 [LittleProxy-ClientToProxyWorker-5] DEBUG o.l.p.impl.ClientToProxyConnection - (AWAITING_INITIAL) [id: 0x87242349, /127.0.0.1:54149 => /127.0.1.1:45224]: Stripped host from uri: http://localhost:9000/bower_components/bootstrap/dist/fonts/glyphicons-halflings-regular.woff    yielding: /bower_components/bootstrap/dist/fonts/glyphicons-halflings-regular.woff
11:39:51.714 [LittleProxy-ClientToProxyWorker-5] DEBUG o.l.p.impl.ClientToProxyConnection - (AWAITING_INITIAL) [id: 0x87242349, /127.0.0.1:54149 => /127.0.1.1:45224]: Removed sdch and inserted: gzip, deflate, 
11:39:51.714 [LittleProxy-ClientToProxyWorker-5] DEBUG o.l.p.impl.ClientToProxyConnection - (AWAITING_INITIAL) [id: 0x87242349, /127.0.0.1:54149 => /127.0.1.1:45224]: Writing request to ProxyToServerConnection
11:39:51.714 [LittleProxy-ClientToProxyWorker-5] DEBUG o.l.p.impl.ProxyToServerConnection - (AWAITING_INITIAL) [id: 0x15efad94, /127.0.0.1:35282 => localhost/127.0.0.1:9000]: Requested write of HttpObjectAggregator$AggregatedFullHttpRequest(decodeResult: success, version: HTTP/1.1, content: CompositeByteBuf(ridx: 0, widx: 0, cap: 0, components=0))
GET /bower_components/bootstrap/dist/fonts/glyphicons-halflings-regular.woff HTTP/1.1
Host: localhost:9000
User-Agent: Mozilla/5.0 (X11; Linux x86_64) AppleWebKit/537.36 (KHTML, like Gecko) Chrome/44.0.2403.130 Safari/537.36
Accept: */*
Referer: http://localhost:9000/bower_components/bootstrap/dist/css/bootstrap.css
Accept-Language: en-GB,en-US;q=0.8,en;q=0.6
Content-Length: 0
Accept-Encoding: gzip, deflate, 
Via: 1.1 localhost.localdomain
11:39:51.714 [LittleProxy-ClientToProxyWorker-5] DEBUG o.l.p.impl.ProxyToServerConnection - (AWAITING_INITIAL) [id: 0x15efad94, /127.0.0.1:35282 => localhost/127.0.0.1:9000]: Retaining reference counted message
11:39:51.714 [LittleProxy-ClientToProxyWorker-5] DEBUG o.l.p.impl.ProxyToServerConnection - (AWAITING_INITIAL) [id: 0x15efad94, /127.0.0.1:35282 => localhost/127.0.0.1:9000]: Using existing connection to: localhost/127.0.0.1:9000
11:39:51.714 [LittleProxy-ClientToProxyWorker-5] DEBUG o.l.p.impl.ProxyToServerConnection - (AWAITING_INITIAL) [id: 0x15efad94, /127.0.0.1:35282 => localhost/127.0.0.1:9000]: Writing: HttpObjectAggregator$AggregatedFullHttpRequest(decodeResult: success, version: HTTP/1.1, content: CompositeByteBuf(ridx: 0, widx: 0, cap: 0, components=0))
GET /bower_components/bootstrap/dist/fonts/glyphicons-halflings-regular.woff HTTP/1.1
Host: localhost:9000
User-Agent: Mozilla/5.0 (X11; Linux x86_64) AppleWebKit/537.36 (KHTML, like Gecko) Chrome/44.0.2403.130 Safari/537.36
Accept: */*
Referer: http://localhost:9000/bower_components/bootstrap/dist/css/bootstrap.css
Accept-Language: en-GB,en-US;q=0.8,en;q=0.6
Content-Length: 0
Accept-Encoding: gzip, deflate, 
Via: 1.1 localhost.localdomain
11:39:51.714 [LittleProxy-ClientToProxyWorker-5] DEBUG o.l.p.impl.ProxyToServerConnection - (AWAITING_INITIAL) [id: 0x15efad94, /127.0.0.1:35282 => localhost/127.0.0.1:9000]: Writing an empty buffer to signal the end of our chunked transfer
11:39:51.714 [LittleProxy-ClientToProxyWorker-5] DEBUG o.l.p.impl.ProxyToServerConnection - (AWAITING_INITIAL) [id: 0x15efad94, /127.0.0.1:35282 => localhost/127.0.0.1:9000]: Wrote: HttpObjectAggregator$AggregatedFullHttpRequest(decodeResult: success, version: HTTP/1.1, content: CompositeByteBuf(ridx: 0, widx: 0, cap: 0, components=0))
GET /bower_components/bootstrap/dist/fonts/glyphicons-halflings-regular.woff HTTP/1.1
Host: localhost:9000
User-Agent: Mozilla/5.0 (X11; Linux x86_64) AppleWebKit/537.36 (KHTML, like Gecko) Chrome/44.0.2403.130 Safari/537.36
Accept: */*
Referer: http://localhost:9000/bower_components/bootstrap/dist/css/bootstrap.css
Accept-Language: en-GB,en-US;q=0.8,en;q=0.6
Content-Length: 0
Accept-Encoding: gzip, deflate, 
Via: 1.1 localhost.localdomain
11:39:51.718 [LittleProxy-ProxyToServerWorker-6] DEBUG o.l.p.impl.ProxyToServerConnection - (AWAITING_INITIAL) [id: 0x15efad94, /127.0.0.1:35282 => localhost/127.0.0.1:9000]: Remembering the current request.
11:39:51.718 [LittleProxy-ProxyToServerWorker-6] DEBUG o.l.p.impl.ProxyToServerConnection - (AWAITING_INITIAL) [id: 0x15efad94, /127.0.0.1:35282 => localhost/127.0.0.1:9000]: Reading: DefaultHttpResponse(decodeResult: success, version: HTTP/1.1)
HTTP/1.1 200 OK
Accept-Ranges: bytes
Date: Tue, 08 Sep 2015 10:39:51 GMT
Cache-Control: public, max-age=0
Last-Modified: Thu, 13 Feb 2014 17:24:59 GMT
ETag: W/"mU3L3WOv0aLhzRES8awB8g=="
Content-Type: application/font-woff
Content-Length: 23320
Connection: keep-alive
11:39:51.719 [LittleProxy-ProxyToServerWorker-6] DEBUG o.l.p.impl.ProxyToServerConnection - (AWAITING_INITIAL) [id: 0x15efad94, /127.0.0.1:35282 => localhost/127.0.0.1:9000]: Received raw response: DefaultHttpResponse(decodeResult: success, version: HTTP/1.1)
HTTP/1.1 200 OK
Accept-Ranges: bytes
Date: Tue, 08 Sep 2015 10:39:51 GMT
Cache-Control: public, max-age=0
Last-Modified: Thu, 13 Feb 2014 17:24:59 GMT
ETag: W/"mU3L3WOv0aLhzRES8awB8g=="
Content-Type: application/font-woff
Content-Length: 23320
Connection: keep-alive
11:39:51.719 [LittleProxy-ProxyToServerWorker-6] DEBUG o.l.p.impl.ProxyToServerConnection - (AWAITING_INITIAL) [id: 0x15efad94, /127.0.0.1:35282 => localhost/127.0.0.1:9000]: Remembering the current response.
11:39:51.719 [LittleProxy-ProxyToServerWorker-6] DEBUG o.l.p.impl.ClientToProxyConnection - (AWAITING_INITIAL) [id: 0x87242349, /127.0.0.1:54149 => /127.0.1.1:45224]: Writing: DefaultHttpResponse(decodeResult: success, version: HTTP/1.1)
HTTP/1.1 200 OK
Accept-Ranges: bytes
Date: Tue, 08 Sep 2015 10:39:51 GMT
Cache-Control: public, max-age=0
Last-Modified: Thu, 13 Feb 2014 17:24:59 GMT
ETag: W/"mU3L3WOv0aLhzRES8awB8g=="
Content-Type: application/font-woff
Content-Length: 23320
Via: 1.1 localhost.localdomain
11:39:51.719 [LittleProxy-ProxyToServerWorker-6] DEBUG o.l.p.impl.ClientToProxyConnection - (AWAITING_INITIAL) [id: 0x87242349, /127.0.0.1:54149 => /127.0.1.1:45224]: Wrote: DefaultHttpResponse(decodeResult: success, version: HTTP/1.1)
HTTP/1.1 200 OK
Accept-Ranges: bytes
Date: Tue, 08 Sep 2015 10:39:51 GMT
Cache-Control: public, max-age=0
Last-Modified: Thu, 13 Feb 2014 17:24:59 GMT
ETag: W/"mU3L3WOv0aLhzRES8awB8g=="
Content-Type: application/font-woff
Content-Length: 23320
Via: 1.1 localhost.localdomain
11:39:51.719 [LittleProxy-ProxyToServerWorker-6] DEBUG o.l.p.impl.ClientToProxyConnection - (AWAITING_INITIAL) [id: 0x87242349, /127.0.0.1:54149 => /127.0.1.1:45224]: Not closing server connection on middle chunk for /bower_components/bootstrap/dist/fonts/glyphicons-halflings-regular.woff
11:39:51.719 [LittleProxy-ProxyToServerWorker-6] DEBUG o.l.p.impl.ClientToProxyConnection - (AWAITING_INITIAL) [id: 0x87242349, /127.0.0.1:54149 => /127.0.1.1:45224]: Not closing client connection on middle chunk for /bower_components/bootstrap/dist/fonts/glyphicons-halflings-regular.woff
11:39:51.719 [LittleProxy-ProxyToServerWorker-6] DEBUG o.l.p.impl.ProxyToServerConnection - (AWAITING_CHUNK) [id: 0x15efad94, /127.0.0.1:35282 => localhost/127.0.0.1:9000]: Reading: DefaultHttpContent(data: SlicedByteBuf(ridx: 0, widx: 512, cap: 512/512, unwrapped: UnpooledUnsafeDirectByteBuf(ridx: 512, widx: 512, cap: 512)), decoderResult: success)
11:39:51.719 [LittleProxy-ProxyToServerWorker-6] DEBUG o.l.p.impl.ClientToProxyConnection - (AWAITING_INITIAL) [id: 0x87242349, /127.0.0.1:54149 => /127.0.1.1:45224]: Retaining reference counted message
11:39:51.719 [LittleProxy-ProxyToServerWorker-6] DEBUG o.l.p.impl.ClientToProxyConnection - (AWAITING_INITIAL) [id: 0x87242349, /127.0.0.1:54149 => /127.0.1.1:45224]: Writing: DefaultHttpContent(data: SlicedByteBuf(ridx: 0, widx: 512, cap: 512/512, unwrapped: UnpooledUnsafeDirectByteBuf(ridx: 512, widx: 512, cap: 512)), decoderResult: success)
11:39:51.719 [LittleProxy-ProxyToServerWorker-6] DEBUG o.l.p.impl.ClientToProxyConnection - (AWAITING_INITIAL) [id: 0x87242349, /127.0.0.1:54149 => /127.0.1.1:45224]: Wrote: DefaultHttpContent(data: SlicedByteBuf(ridx: 0, widx: 512, cap: 512/512, unwrapped: UnpooledUnsafeDirectByteBuf(ridx: 512, widx: 512, cap: 512)), decoderResult: success)
11:39:51.719 [LittleProxy-ProxyToServerWorker-6] DEBUG o.l.p.impl.ClientToProxyConnection - (AWAITING_INITIAL) [id: 0x87242349, /127.0.0.1:54149 => /127.0.1.1:45224]: Not closing server connection on middle chunk for /bower_components/bootstrap/dist/fonts/glyphicons-halflings-regular.woff
11:39:51.719 [LittleProxy-ProxyToServerWorker-6] DEBUG o.l.p.impl.ClientToProxyConnection - (AWAITING_INITIAL) [id: 0x87242349, /127.0.0.1:54149 => /127.0.1.1:45224]: Not closing client connection on middle chunk for /bower_components/bootstrap/dist/fonts/glyphicons-halflings-regular.woff
11:39:51.719 [LittleProxy-ProxyToServerWorker-6] DEBUG o.l.p.impl.ProxyToServerConnection - (AWAITING_CHUNK) [id: 0x15efad94, /127.0.0.1:35282 => localhost/127.0.0.1:9000]: Reading: DefaultHttpContent(data: SlicedByteBuf(ridx: 0, widx: 512, cap: 512/512, unwrapped: UnpooledUnsafeDirectByteBuf(ridx: 512, widx: 512, cap: 512)), decoderResult: success)
11:39:51.719 [LittleProxy-ProxyToServerWorker-6] DEBUG o.l.p.impl.ClientToProxyConnection - (AWAITING_INITIAL) [id: 0x87242349, /127.0.0.1:54149 => /127.0.1.1:45224]: Retaining reference counted message
11:39:51.719 [LittleProxy-ProxyToServerWorker-6] DEBUG o.l.p.impl.ClientToProxyConnection - (AWAITING_INITIAL) [id: 0x87242349, /127.0.0.1:54149 => /127.0.1.1:45224]: Writing: DefaultHttpContent(data: SlicedByteBuf(ridx: 0, widx: 512, cap: 512/512, unwrapped: UnpooledUnsafeDirectByteBuf(ridx: 512, widx: 512, cap: 512)), decoderResult: success)
11:39:51.719 [LittleProxy-ProxyToServerWorker-6] DEBUG o.l.p.impl.ClientToProxyConnection - (AWAITING_INITIAL) [id: 0x87242349, /127.0.0.1:54149 => /127.0.1.1:45224]: Wrote: DefaultHttpContent(data: SlicedByteBuf(ridx: 0, widx: 512, cap: 512/512, unwrapped: UnpooledUnsafeDirectByteBuf(ridx: 512, widx: 512, cap: 512)), decoderResult: success)
11:39:51.719 [LittleProxy-ProxyToServerWorker-6] DEBUG o.l.p.impl.ClientToProxyConnection - (AWAITING_INITIAL) [id: 0x87242349, /127.0.0.1:54149 => /127.0.1.1:45224]: Not closing server connection on middle chunk for /bower_components/bootstrap/dist/fonts/glyphicons-halflings-regular.woff
11:39:51.719 [LittleProxy-ProxyToServerWorker-6] DEBUG o.l.p.impl.ClientToProxyConnection - (AWAITING_INITIAL) [id: 0x87242349, /127.0.0.1:54149 => /127.0.1.1:45224]: Not closing client connection on middle chunk for /bower_components/bootstrap/dist/fonts/glyphicons-halflings-regular.woff
11:39:51.719 [LittleProxy-ProxyToServerWorker-6] DEBUG o.l.p.impl.ProxyToServerConnection - (AWAITING_CHUNK) [id: 0x15efad94, /127.0.0.1:35282 => localhost/127.0.0.1:9000]: Reading: DefaultHttpContent(data: SlicedByteBuf(ridx: 0, widx: 512, cap: 512/512, unwrapped: UnpooledUnsafeDirectByteBuf(ridx: 512, widx: 512, cap: 512)), decoderResult: success)
11:39:51.719 [LittleProxy-ProxyToServerWorker-6] DEBUG o.l.p.impl.ClientToProxyConnection - (AWAITING_INITIAL) [id: 0x87242349, /127.0.0.1:54149 => /127.0.1.1:45224]: Retaining reference counted message
11:39:51.719 [LittleProxy-ProxyToServerWorker-6] DEBUG o.l.p.impl.ClientToProxyConnection - (AWAITING_INITIAL) [id: 0x87242349, /127.0.0.1:54149 => /127.0.1.1:45224]: Writing: DefaultHttpContent(data: SlicedByteBuf(ridx: 0, widx: 512, cap: 512/512, unwrapped: UnpooledUnsafeDirectByteBuf(ridx: 512, widx: 512, cap: 512)), decoderResult: success)
11:39:51.719 [LittleProxy-ProxyToServerWorker-6] DEBUG o.l.p.impl.ClientToProxyConnection - (AWAITING_INITIAL) [id: 0x87242349, /127.0.0.1:54149 => /127.0.1.1:45224]: Wrote: DefaultHttpContent(data: SlicedByteBuf(ridx: 0, widx: 512, cap: 512/512, unwrapped: UnpooledUnsafeDirectByteBuf(ridx: 512, widx: 512, cap: 512)), decoderResult: success)
11:39:51.719 [LittleProxy-ProxyToServerWorker-6] DEBUG o.l.p.impl.ClientToProxyConnection - (AWAITING_INITIAL) [id: 0x87242349, /127.0.0.1:54149 => /127.0.1.1:45224]: Not closing server connection on middle chunk for /bower_components/bootstrap/dist/fonts/glyphicons-halflings-regular.woff
11:39:51.719 [LittleProxy-ProxyToServerWorker-6] DEBUG o.l.p.impl.ClientToProxyConnection - (AWAITING_INITIAL) [id: 0x87242349, /127.0.0.1:54149 => /127.0.1.1:45224]: Not closing client connection on middle chunk for /bower_components/bootstrap/dist/fonts/glyphicons-halflings-regular.woff
11:39:51.719 [LittleProxy-ProxyToServerWorker-6] DEBUG o.l.p.impl.ProxyToServerConnection - (AWAITING_CHUNK) [id: 0x15efad94, /127.0.0.1:35282 => localhost/127.0.0.1:9000]: Reading: DefaultHttpContent(data: SlicedByteBuf(ridx: 0, widx: 512, cap: 512/512, unwrapped: UnpooledUnsafeDirectByteBuf(ridx: 512, widx: 512, cap: 512)), decoderResult: success)
11:39:51.719 [LittleProxy-ProxyToServerWorker-6] DEBUG o.l.p.impl.ClientToProxyConnection - (AWAITING_INITIAL) [id: 0x87242349, /127.0.0.1:54149 => /127.0.1.1:45224]: Retaining reference counted message
11:39:51.719 [LittleProxy-ProxyToServerWorker-6] DEBUG o.l.p.impl.ClientToProxyConnection - (AWAITING_INITIAL) [id: 0x87242349, /127.0.0.1:54149 => /127.0.1.1:45224]: Writing: DefaultHttpContent(data: SlicedByteBuf(ridx: 0, widx: 512, cap: 512/512, unwrapped: UnpooledUnsafeDirectByteBuf(ridx: 512, widx: 512, cap: 512)), decoderResult: success)
11:39:51.719 [LittleProxy-ProxyToServerWorker-6] DEBUG o.l.p.impl.ClientToProxyConnection - (AWAITING_INITIAL) [id: 0x87242349, /127.0.0.1:54149 => /127.0.1.1:45224]: Wrote: DefaultHttpContent(data: SlicedByteBuf(ridx: 0, widx: 512, cap: 512/512, unwrapped: UnpooledUnsafeDirectByteBuf(ridx: 512, widx: 512, cap: 512)), decoderResult: success)
11:39:51.719 [LittleProxy-ProxyToServerWorker-6] DEBUG o.l.p.impl.ClientToProxyConnection - (AWAITING_INITIAL) [id: 0x87242349, /127.0.0.1:54149 => /127.0.1.1:45224]: Not closing server connection on middle chunk for /bower_components/bootstrap/dist/fonts/glyphicons-halflings-regular.woff
11:39:51.719 [LittleProxy-ProxyToServerWorker-6] DEBUG o.l.p.impl.ClientToProxyConnection - (AWAITING_INITIAL) [id: 0x87242349, /127.0.0.1:54149 => /127.0.1.1:45224]: Not closing client connection on middle chunk for /bower_components/bootstrap/dist/fonts/glyphicons-halflings-regular.woff
11:39:51.719 [LittleProxy-ProxyToServerWorker-6] DEBUG o.l.p.impl.ProxyToServerConnection - (AWAITING_CHUNK) [id: 0x15efad94, /127.0.0.1:35282 => localhost/127.0.0.1:9000]: Reading: DefaultHttpContent(data: SlicedByteBuf(ridx: 0, widx: 512, cap: 512/512, unwrapped: UnpooledUnsafeDirectByteBuf(ridx: 512, widx: 512, cap: 512)), decoderResult: success)
11:39:51.719 [LittleProxy-ProxyToServerWorker-6] DEBUG o.l.p.impl.ClientToProxyConnection - (AWAITING_INITIAL) [id: 0x87242349, /127.0.0.1:54149 => /127.0.1.1:45224]: Retaining reference counted message
11:39:51.719 [LittleProxy-ProxyToServerWorker-6] DEBUG o.l.p.impl.ClientToProxyConnection - (AWAITING_INITIAL) [id: 0x87242349, /127.0.0.1:54149 => /127.0.1.1:45224]: Writing: DefaultHttpContent(data: SlicedByteBuf(ridx: 0, widx: 512, cap: 512/512, unwrapped: UnpooledUnsafeDirectByteBuf(ridx: 512, widx: 512, cap: 512)), decoderResult: success)
11:39:51.719 [LittleProxy-ProxyToServerWorker-6] DEBUG o.l.p.impl.ClientToProxyConnection - (AWAITING_INITIAL) [id: 0x87242349, /127.0.0.1:54149 => /127.0.1.1:45224]: Wrote: DefaultHttpContent(data: SlicedByteBuf(ridx: 0, widx: 512, cap: 512/512, unwrapped: UnpooledUnsafeDirectByteBuf(ridx: 512, widx: 512, cap: 512)), decoderResult: success)
11:39:51.719 [LittleProxy-ProxyToServerWorker-6] DEBUG o.l.p.impl.ClientToProxyConnection - (AWAITING_INITIAL) [id: 0x87242349, /127.0.0.1:54149 => /127.0.1.1:45224]: Not closing server connection on middle chunk for /bower_components/bootstrap/dist/fonts/glyphicons-halflings-regular.woff
11:39:51.719 [LittleProxy-ProxyToServerWorker-6] DEBUG o.l.p.impl.ClientToProxyConnection - (AWAITING_INITIAL) [id: 0x87242349, /127.0.0.1:54149 => /127.0.1.1:45224]: Not closing client connection on middle chunk for /bower_components/bootstrap/dist/fonts/glyphicons-halflings-regular.woff
11:39:51.719 [LittleProxy-ProxyToServerWorker-6] DEBUG o.l.p.impl.ProxyToServerConnection - (AWAITING_CHUNK) [id: 0x15efad94, /127.0.0.1:35282 => localhost/127.0.0.1:9000]: Reading: DefaultHttpContent(data: SlicedByteBuf(ridx: 0, widx: 512, cap: 512/512, unwrapped: UnpooledUnsafeDirectByteBuf(ridx: 512, widx: 512, cap: 512)), decoderResult: success)
11:39:51.719 [LittleProxy-ProxyToServerWorker-6] DEBUG o.l.p.impl.ClientToProxyConnection - (AWAITING_INITIAL) [id: 0x87242349, /127.0.0.1:54149 => /127.0.1.1:45224]: Retaining reference counted message
11:39:51.719 [LittleProxy-ProxyToServerWorker-6] DEBUG o.l.p.impl.ClientToProxyConnection - (AWAITING_INITIAL) [id: 0x87242349, /127.0.0.1:54149 => /127.0.1.1:45224]: Writing: DefaultHttpContent(data: SlicedByteBuf(ridx: 0, widx: 512, cap: 512/512, unwrapped: UnpooledUnsafeDirectByteBuf(ridx: 512, widx: 512, cap: 512)), decoderResult: success)
11:39:51.719 [LittleProxy-ProxyToServerWorker-6] DEBUG o.l.p.impl.ClientToProxyConnection - (AWAITING_INITIAL) [id: 0x87242349, /127.0.0.1:54149 => /127.0.1.1:45224]: Wrote: DefaultHttpContent(data: SlicedByteBuf(ridx: 0, widx: 512, cap: 512/512, unwrapped: UnpooledUnsafeDirectByteBuf(ridx: 512, widx: 512, cap: 512)), decoderResult: success)
11:39:51.719 [LittleProxy-ProxyToServerWorker-6] DEBUG o.l.p.impl.ClientToProxyConnection - (AWAITING_INITIAL) [id: 0x87242349, /127.0.0.1:54149 => /127.0.1.1:45224]: Not closing server connection on middle chunk for /bower_components/bootstrap/dist/fonts/glyphicons-halflings-regular.woff
11:39:51.720 [LittleProxy-ProxyToServerWorker-6] DEBUG o.l.p.impl.ClientToProxyConnection - (AWAITING_INITIAL) [id: 0x87242349, /127.0.0.1:54149 => /127.0.1.1:45224]: Not closing client connection on middle chunk for /bower_components/bootstrap/dist/fonts/glyphicons-halflings-regular.woff
11:39:51.720 [LittleProxy-ProxyToServerWorker-6] DEBUG o.l.p.impl.ProxyToServerConnection - (AWAITING_CHUNK) [id: 0x15efad94, /127.0.0.1:35282 => localhost/127.0.0.1:9000]: Reading: DefaultHttpContent(data: SlicedByteBuf(ridx: 0, widx: 512, cap: 512/512, unwrapped: UnpooledUnsafeDirectByteBuf(ridx: 512, widx: 512, cap: 512)), decoderResult: success)
11:39:51.720 [LittleProxy-ProxyToServerWorker-6] DEBUG o.l.p.impl.ClientToProxyConnection - (AWAITING_INITIAL) [id: 0x87242349, /127.0.0.1:54149 => /127.0.1.1:45224]: Retaining reference counted message
11:39:51.720 [LittleProxy-ProxyToServerWorker-6] DEBUG o.l.p.impl.ClientToProxyConnection - (AWAITING_INITIAL) [id: 0x87242349, /127.0.0.1:54149 => /127.0.1.1:45224]: Writing: DefaultHttpContent(data: SlicedByteBuf(ridx: 0, widx: 512, cap: 512/512, unwrapped: UnpooledUnsafeDirectByteBuf(ridx: 512, widx: 512, cap: 512)), decoderResult: success)
11:39:51.720 [LittleProxy-ProxyToServerWorker-6] DEBUG o.l.p.impl.ClientToProxyConnection - (AWAITING_INITIAL) [id: 0x87242349, /127.0.0.1:54149 => /127.0.1.1:45224]: Wrote: DefaultHttpContent(data: SlicedByteBuf(ridx: 0, widx: 512, cap: 512/512, unwrapped: UnpooledUnsafeDirectByteBuf(ridx: 512, widx: 512, cap: 512)), decoderResult: success)
11:39:51.720 [LittleProxy-ProxyToServerWorker-6] DEBUG o.l.p.impl.ClientToProxyConnection - (AWAITING_INITIAL) [id: 0x87242349, /127.0.0.1:54149 => /127.0.1.1:45224]: Not closing server connection on middle chunk for /bower_components/bootstrap/dist/fonts/glyphicons-halflings-regular.woff
11:39:51.720 [LittleProxy-ProxyToServerWorker-6] DEBUG o.l.p.impl.ClientToProxyConnection - (AWAITING_INITIAL) [id: 0x87242349, /127.0.0.1:54149 => /127.0.1.1:45224]: Not closing client connection on middle chunk for /bower_components/bootstrap/dist/fonts/glyphicons-halflings-regular.woff
11:39:51.720 [LittleProxy-ProxyToServerWorker-6] DEBUG o.l.p.impl.ProxyToServerConnection - (AWAITING_CHUNK) [id: 0x15efad94, /127.0.0.1:35282 => localhost/127.0.0.1:9000]: Reading: DefaultHttpContent(data: SlicedByteBuf(ridx: 0, widx: 512, cap: 512/512, unwrapped: UnpooledUnsafeDirectByteBuf(ridx: 512, widx: 512, cap: 512)), decoderResult: success)
11:39:51.720 [LittleProxy-ProxyToServerWorker-6] DEBUG o.l.p.impl.ClientToProxyConnection - (AWAITING_INITIAL) [id: 0x87242349, /127.0.0.1:54149 => /127.0.1.1:45224]: Retaining reference counted message
11:39:51.720 [LittleProxy-ProxyToServerWorker-6] DEBUG o.l.p.impl.ClientToProxyConnection - (AWAITING_INITIAL) [id: 0x87242349, /127.0.0.1:54149 => /127.0.1.1:45224]: Writing: DefaultHttpContent(data: SlicedByteBuf(ridx: 0, widx: 512, cap: 512/512, unwrapped: UnpooledUnsafeDirectByteBuf(ridx: 512, widx: 512, cap: 512)), decoderResult: success)
11:39:51.720 [LittleProxy-ProxyToServerWorker-6] DEBUG o.l.p.impl.ClientToProxyConnection - (AWAITING_INITIAL) [id: 0x87242349, /127.0.0.1:54149 => /127.0.1.1:45224]: Wrote: DefaultHttpContent(data: SlicedByteBuf(ridx: 0, widx: 512, cap: 512/512, unwrapped: UnpooledUnsafeDirectByteBuf(ridx: 512, widx: 512, cap: 512)), decoderResult: success)
11:39:51.720 [LittleProxy-ProxyToServerWorker-6] DEBUG o.l.p.impl.ClientToProxyConnection - (AWAITING_INITIAL) [id: 0x87242349, /127.0.0.1:54149 => /127.0.1.1:45224]: Not closing server connection on middle chunk for /bower_components/bootstrap/dist/fonts/glyphicons-halflings-regular.woff
11:39:51.720 [LittleProxy-ProxyToServerWorker-6] DEBUG o.l.p.impl.ClientToProxyConnection - (AWAITING_INITIAL) [id: 0x87242349, /127.0.0.1:54149 => /127.0.1.1:45224]: Not closing client connection on middle chunk for /bower_components/bootstrap/dist/fonts/glyphicons-halflings-regular.woff
11:39:51.720 [LittleProxy-ProxyToServerWorker-6] DEBUG o.l.p.impl.ProxyToServerConnection - (AWAITING_CHUNK) [id: 0x15efad94, /127.0.0.1:35282 => localhost/127.0.0.1:9000]: Reading: DefaultHttpContent(data: SlicedByteBuf(ridx: 0, widx: 512, cap: 512/512, unwrapped: UnpooledUnsafeDirectByteBuf(ridx: 512, widx: 512, cap: 512)), decoderResult: success)
11:39:51.720 [LittleProxy-ProxyToServerWorker-6] DEBUG o.l.p.impl.ClientToProxyConnection - (AWAITING_INITIAL) [id: 0x87242349, /127.0.0.1:54149 => /127.0.1.1:45224]: Retaining reference counted message
11:39:51.720 [LittleProxy-ProxyToServerWorker-6] DEBUG o.l.p.impl.ClientToProxyConnection - (AWAITING_INITIAL) [id: 0x87242349, /127.0.0.1:54149 => /127.0.1.1:45224]: Writing: DefaultHttpContent(data: SlicedByteBuf(ridx: 0, widx: 512, cap: 512/512, unwrapped: UnpooledUnsafeDirectByteBuf(ridx: 512, widx: 512, cap: 512)), decoderResult: success)
11:39:51.720 [LittleProxy-ProxyToServerWorker-6] DEBUG o.l.p.impl.ClientToProxyConnection - (AWAITING_INITIAL) [id: 0x87242349, /127.0.0.1:54149 => /127.0.1.1:45224]: Wrote: DefaultHttpContent(data: SlicedByteBuf(ridx: 0, widx: 512, cap: 512/512, unwrapped: UnpooledUnsafeDirectByteBuf(ridx: 512, widx: 512, cap: 512)), decoderResult: success)
11:39:51.720 [LittleProxy-ProxyToServerWorker-6] DEBUG o.l.p.impl.ClientToProxyConnection - (AWAITING_INITIAL) [id: 0x87242349, /127.0.0.1:54149 => /127.0.1.1:45224]: Not closing server connection on middle chunk for /bower_components/bootstrap/dist/fonts/glyphicons-halflings-regular.woff
11:39:51.720 [LittleProxy-ProxyToServerWorker-6] DEBUG o.l.p.impl.ClientToProxyConnection - (AWAITING_INITIAL) [id: 0x87242349, /127.0.0.1:54149 => /127.0.1.1:45224]: Not closing client connection on middle chunk for /bower_components/bootstrap/dist/fonts/glyphicons-halflings-regular.woff
11:39:51.720 [LittleProxy-ProxyToServerWorker-6] DEBUG o.l.p.impl.ProxyToServerConnection - (AWAITING_CHUNK) [id: 0x15efad94, /127.0.0.1:35282 => localhost/127.0.0.1:9000]: Reading: DefaultHttpContent(data: SlicedByteBuf(ridx: 0, widx: 512, cap: 512/512, unwrapped: UnpooledUnsafeDirectByteBuf(ridx: 512, widx: 512, cap: 512)), decoderResult: success)
11:39:51.720 [LittleProxy-ProxyToServerWorker-6] DEBUG o.l.p.impl.ClientToProxyConnection - (AWAITING_INITIAL) [id: 0x87242349, /127.0.0.1:54149 => /127.0.1.1:45224]: Retaining reference counted message
11:39:51.720 [LittleProxy-ProxyToServerWorker-6] DEBUG o.l.p.impl.ClientToProxyConnection - (AWAITING_INITIAL) [id: 0x87242349, /127.0.0.1:54149 => /127.0.1.1:45224]: Writing: DefaultHttpContent(data: SlicedByteBuf(ridx: 0, widx: 512, cap: 512/512, unwrapped: UnpooledUnsafeDirectByteBuf(ridx: 512, widx: 512, cap: 512)), decoderResult: success)
11:39:51.720 [LittleProxy-ProxyToServerWorker-6] DEBUG o.l.p.impl.ClientToProxyConnection - (AWAITING_INITIAL) [id: 0x87242349, /127.0.0.1:54149 => /127.0.1.1:45224]: Wrote: DefaultHttpContent(data: SlicedByteBuf(ridx: 0, widx: 512, cap: 512/512, unwrapped: UnpooledUnsafeDirectByteBuf(ridx: 512, widx: 512, cap: 512)), decoderResult: success)
11:39:51.720 [LittleProxy-ProxyToServerWorker-6] DEBUG o.l.p.impl.ClientToProxyConnection - (AWAITING_INITIAL) [id: 0x87242349, /127.0.0.1:54149 => /127.0.1.1:45224]: Not closing server connection on middle chunk for /bower_components/bootstrap/dist/fonts/glyphicons-halflings-regular.woff
11:39:51.720 [LittleProxy-ProxyToServerWorker-6] DEBUG o.l.p.impl.ClientToProxyConnection - (AWAITING_INITIAL) [id: 0x87242349, /127.0.0.1:54149 => /127.0.1.1:45224]: Not closing client connection on middle chunk for /bower_components/bootstrap/dist/fonts/glyphicons-halflings-regular.woff
11:39:51.720 [LittleProxy-ProxyToServerWorker-6] DEBUG o.l.p.impl.ProxyToServerConnection - (AWAITING_CHUNK) [id: 0x15efad94, /127.0.0.1:35282 => localhost/127.0.0.1:9000]: Reading: DefaultHttpContent(data: SlicedByteBuf(ridx: 0, widx: 512, cap: 512/512, unwrapped: UnpooledUnsafeDirectByteBuf(ridx: 512, widx: 512, cap: 512)), decoderResult: success)
11:39:51.720 [LittleProxy-ProxyToServerWorker-6] DEBUG o.l.p.impl.ClientToProxyConnection - (AWAITING_INITIAL) [id: 0x87242349, /127.0.0.1:54149 => /127.0.1.1:45224]: Retaining reference counted message
11:39:51.720 [LittleProxy-ProxyToServerWorker-6] DEBUG o.l.p.impl.ClientToProxyConnection - (AWAITING_INITIAL) [id: 0x87242349, /127.0.0.1:54149 => /127.0.1.1:45224]: Writing: DefaultHttpContent(data: SlicedByteBuf(ridx: 0, widx: 512, cap: 512/512, unwrapped: UnpooledUnsafeDirectByteBuf(ridx: 512, widx: 512, cap: 512)), decoderResult: success)
11:39:51.720 [LittleProxy-ProxyToServerWorker-6] DEBUG o.l.p.impl.ClientToProxyConnection - (AWAITING_INITIAL) [id: 0x87242349, /127.0.0.1:54149 => /127.0.1.1:45224]: Wrote: DefaultHttpContent(data: SlicedByteBuf(ridx: 0, widx: 512, cap: 512/512, unwrapped: UnpooledUnsafeDirectByteBuf(ridx: 512, widx: 512, cap: 512)), decoderResult: success)
11:39:51.720 [LittleProxy-ProxyToServerWorker-6] DEBUG o.l.p.impl.ClientToProxyConnection - (AWAITING_INITIAL) [id: 0x87242349, /127.0.0.1:54149 => /127.0.1.1:45224]: Not closing server connection on middle chunk for /bower_components/bootstrap/dist/fonts/glyphicons-halflings-regular.woff
11:39:51.720 [LittleProxy-ProxyToServerWorker-6] DEBUG o.l.p.impl.ClientToProxyConnection - (AWAITING_INITIAL) [id: 0x87242349, /127.0.0.1:54149 => /127.0.1.1:45224]: Not closing client connection on middle chunk for /bower_components/bootstrap/dist/fonts/glyphicons-halflings-regular.woff
11:39:51.720 [LittleProxy-ProxyToServerWorker-6] DEBUG o.l.p.impl.ProxyToServerConnection - (AWAITING_CHUNK) [id: 0x15efad94, /127.0.0.1:35282 => localhost/127.0.0.1:9000]: Reading: DefaultHttpContent(data: SlicedByteBuf(ridx: 0, widx: 512, cap: 512/512, unwrapped: UnpooledUnsafeDirectByteBuf(ridx: 512, widx: 512, cap: 512)), decoderResult: success)
11:39:51.720 [LittleProxy-ProxyToServerWorker-6] DEBUG o.l.p.impl.ClientToProxyConnection - (AWAITING_INITIAL) [id: 0x87242349, /127.0.0.1:54149 => /127.0.1.1:45224]: Retaining reference counted message
11:39:51.720 [LittleProxy-ProxyToServerWorker-6] DEBUG o.l.p.impl.ClientToProxyConnection - (AWAITING_INITIAL) [id: 0x87242349, /127.0.0.1:54149 => /127.0.1.1:45224]: Writing: DefaultHttpContent(data: SlicedByteBuf(ridx: 0, widx: 512, cap: 512/512, unwrapped: UnpooledUnsafeDirectByteBuf(ridx: 512, widx: 512, cap: 512)), decoderResult: success)
11:39:51.720 [LittleProxy-ProxyToServerWorker-6] DEBUG o.l.p.impl.ClientToProxyConnection - (AWAITING_INITIAL) [id: 0x87242349, /127.0.0.1:54149 => /127.0.1.1:45224]: Wrote: DefaultHttpContent(data: SlicedByteBuf(ridx: 0, widx: 512, cap: 512/512, unwrapped: UnpooledUnsafeDirectByteBuf(ridx: 512, widx: 512, cap: 512)), decoderResult: success)
11:39:51.720 [LittleProxy-ProxyToServerWorker-6] DEBUG o.l.p.impl.ClientToProxyConnection - (AWAITING_INITIAL) [id: 0x87242349, /127.0.0.1:54149 => /127.0.1.1:45224]: Not closing server connection on middle chunk for /bower_components/bootstrap/dist/fonts/glyphicons-halflings-regular.woff
11:39:51.720 [LittleProxy-ProxyToServerWorker-6] DEBUG o.l.p.impl.ClientToProxyConnection - (AWAITING_INITIAL) [id: 0x87242349, /127.0.0.1:54149 => /127.0.1.1:45224]: Not closing client connection on middle chunk for /bower_components/bootstrap/dist/fonts/glyphicons-halflings-regular.woff
11:39:51.720 [LittleProxy-ProxyToServerWorker-6] DEBUG o.l.p.impl.ProxyToServerConnection - (AWAITING_CHUNK) [id: 0x15efad94, /127.0.0.1:35282 => localhost/127.0.0.1:9000]: Reading: DefaultHttpContent(data: SlicedByteBuf(ridx: 0, widx: 512, cap: 512/512, unwrapped: UnpooledUnsafeDirectByteBuf(ridx: 512, widx: 512, cap: 512)), decoderResult: success)
11:39:51.720 [LittleProxy-ProxyToServerWorker-6] DEBUG o.l.p.impl.ClientToProxyConnection - (AWAITING_INITIAL) [id: 0x87242349, /127.0.0.1:54149 => /127.0.1.1:45224]: Retaining reference counted message
11:39:51.720 [LittleProxy-ProxyToServerWorker-6] DEBUG o.l.p.impl.ClientToProxyConnection - (AWAITING_INITIAL) [id: 0x87242349, /127.0.0.1:54149 => /127.0.1.1:45224]: Writing: DefaultHttpContent(data: SlicedByteBuf(ridx: 0, widx: 512, cap: 512/512, unwrapped: UnpooledUnsafeDirectByteBuf(ridx: 512, widx: 512, cap: 512)), decoderResult: success)
11:39:51.720 [LittleProxy-ProxyToServerWorker-6] DEBUG o.l.p.impl.ClientToProxyConnection - (AWAITING_INITIAL) [id: 0x87242349, /127.0.0.1:54149 => /127.0.1.1:45224]: Wrote: DefaultHttpContent(data: SlicedByteBuf(ridx: 0, widx: 512, cap: 512/512, unwrapped: UnpooledUnsafeDirectByteBuf(ridx: 512, widx: 512, cap: 512)), decoderResult: success)
11:39:51.720 [LittleProxy-ProxyToServerWorker-6] DEBUG o.l.p.impl.ClientToProxyConnection - (AWAITING_INITIAL) [id: 0x87242349, /127.0.0.1:54149 => /127.0.1.1:45224]: Not closing server connection on middle chunk for /bower_components/bootstrap/dist/fonts/glyphicons-halflings-regular.woff
11:39:51.720 [LittleProxy-ProxyToServerWorker-6] DEBUG o.l.p.impl.ClientToProxyConnection - (AWAITING_INITIAL) [id: 0x87242349, /127.0.0.1:54149 => /127.0.1.1:45224]: Not closing client connection on middle chunk for /bower_components/bootstrap/dist/fonts/glyphicons-halflings-regular.woff
11:39:51.720 [LittleProxy-ProxyToServerWorker-6] DEBUG o.l.p.impl.ProxyToServerConnection - (AWAITING_CHUNK) [id: 0x15efad94, /127.0.0.1:35282 => localhost/127.0.0.1:9000]: Reading: DefaultHttpContent(data: SlicedByteBuf(ridx: 0, widx: 512, cap: 512/512, unwrapped: UnpooledUnsafeDirectByteBuf(ridx: 512, widx: 512, cap: 512)), decoderResult: success)
11:39:51.720 [LittleProxy-ProxyToServerWorker-6] DEBUG o.l.p.impl.ClientToProxyConnection - (AWAITING_INITIAL) [id: 0x87242349, /127.0.0.1:54149 => /127.0.1.1:45224]: Retaining reference counted message
11:39:51.720 [LittleProxy-ProxyToServerWorker-6] DEBUG o.l.p.impl.ClientToProxyConnection - (AWAITING_INITIAL) [id: 0x87242349, /127.0.0.1:54149 => /127.0.1.1:45224]: Writing: DefaultHttpContent(data: SlicedByteBuf(ridx: 0, widx: 512, cap: 512/512, unwrapped: UnpooledUnsafeDirectByteBuf(ridx: 512, widx: 512, cap: 512)), decoderResult: success)
11:39:51.720 [LittleProxy-ProxyToServerWorker-6] DEBUG o.l.p.impl.ClientToProxyConnection - (AWAITING_INITIAL) [id: 0x87242349, /127.0.0.1:54149 => /127.0.1.1:45224]: Wrote: DefaultHttpContent(data: SlicedByteBuf(ridx: 0, widx: 512, cap: 512/512, unwrapped: UnpooledUnsafeDirectByteBuf(ridx: 512, widx: 512, cap: 512)), decoderResult: success)
11:39:51.720 [LittleProxy-ProxyToServerWorker-6] DEBUG o.l.p.impl.ClientToProxyConnection - (AWAITING_INITIAL) [id: 0x87242349, /127.0.0.1:54149 => /127.0.1.1:45224]: Not closing server connection on middle chunk for /bower_components/bootstrap/dist/fonts/glyphicons-halflings-regular.woff
11:39:51.720 [LittleProxy-ProxyToServerWorker-6] DEBUG o.l.p.impl.ClientToProxyConnection - (AWAITING_INITIAL) [id: 0x87242349, /127.0.0.1:54149 => /127.0.1.1:45224]: Not closing client connection on middle chunk for /bower_components/bootstrap/dist/fonts/glyphicons-halflings-regular.woff
11:39:51.720 [LittleProxy-ProxyToServerWorker-6] DEBUG o.l.p.impl.ProxyToServerConnection - (AWAITING_CHUNK) [id: 0x15efad94, /127.0.0.1:35282 => localhost/127.0.0.1:9000]: Reading: DefaultHttpContent(data: SlicedByteBuf(ridx: 0, widx: 512, cap: 512/512, unwrapped: UnpooledUnsafeDirectByteBuf(ridx: 512, widx: 512, cap: 512)), decoderResult: success)
11:39:51.720 [LittleProxy-ProxyToServerWorker-6] DEBUG o.l.p.impl.ClientToProxyConnection - (AWAITING_INITIAL) [id: 0x87242349, /127.0.0.1:54149 => /127.0.1.1:45224]: Retaining reference counted message
11:39:51.720 [LittleProxy-ProxyToServerWorker-6] DEBUG o.l.p.impl.ClientToProxyConnection - (AWAITING_INITIAL) [id: 0x87242349, /127.0.0.1:54149 => /127.0.1.1:45224]: Writing: DefaultHttpContent(data: SlicedByteBuf(ridx: 0, widx: 512, cap: 512/512, unwrapped: UnpooledUnsafeDirectByteBuf(ridx: 512, widx: 512, cap: 512)), decoderResult: success)
11:39:51.720 [LittleProxy-ProxyToServerWorker-6] DEBUG o.l.p.impl.ClientToProxyConnection - (AWAITING_INITIAL) [id: 0x87242349, /127.0.0.1:54149 => /127.0.1.1:45224]: Wrote: DefaultHttpContent(data: SlicedByteBuf(ridx: 0, widx: 512, cap: 512/512, unwrapped: UnpooledUnsafeDirectByteBuf(ridx: 512, widx: 512, cap: 512)), decoderResult: success)
11:39:51.720 [LittleProxy-ProxyToServerWorker-6] DEBUG o.l.p.impl.ClientToProxyConnection - (AWAITING_INITIAL) [id: 0x87242349, /127.0.0.1:54149 => /127.0.1.1:45224]: Not closing server connection on middle chunk for /bower_components/bootstrap/dist/fonts/glyphicons-halflings-regular.woff
11:39:51.720 [LittleProxy-ProxyToServerWorker-6] DEBUG o.l.p.impl.ClientToProxyConnection - (AWAITING_INITIAL) [id: 0x87242349, /127.0.0.1:54149 => /127.0.1.1:45224]: Not closing client connection on middle chunk for /bower_components/bootstrap/dist/fonts/glyphicons-halflings-regular.woff
11:39:51.720 [LittleProxy-ProxyToServerWorker-6] DEBUG o.l.p.impl.ProxyToServerConnection - (AWAITING_CHUNK) [id: 0x15efad94, /127.0.0.1:35282 => localhost/127.0.0.1:9000]: Reading: DefaultHttpContent(data: SlicedByteBuf(ridx: 0, widx: 512, cap: 512/512, unwrapped: UnpooledUnsafeDirectByteBuf(ridx: 512, widx: 512, cap: 512)), decoderResult: success)
11:39:51.720 [LittleProxy-ProxyToServerWorker-6] DEBUG o.l.p.impl.ClientToProxyConnection - (AWAITING_INITIAL) [id: 0x87242349, /127.0.0.1:54149 => /127.0.1.1:45224]: Retaining reference counted message
11:39:51.720 [LittleProxy-ProxyToServerWorker-6] DEBUG o.l.p.impl.ClientToProxyConnection - (AWAITING_INITIAL) [id: 0x87242349, /127.0.0.1:54149 => /127.0.1.1:45224]: Writing: DefaultHttpContent(data: SlicedByteBuf(ridx: 0, widx: 512, cap: 512/512, unwrapped: UnpooledUnsafeDirectByteBuf(ridx: 512, widx: 512, cap: 512)), decoderResult: success)
11:39:51.721 [LittleProxy-ProxyToServerWorker-6] DEBUG o.l.p.impl.ClientToProxyConnection - (AWAITING_INITIAL) [id: 0x87242349, /127.0.0.1:54149 => /127.0.1.1:45224]: Wrote: DefaultHttpContent(data: SlicedByteBuf(ridx: 0, widx: 512, cap: 512/512, unwrapped: UnpooledUnsafeDirectByteBuf(ridx: 512, widx: 512, cap: 512)), decoderResult: success)
11:39:51.721 [LittleProxy-ProxyToServerWorker-6] DEBUG o.l.p.impl.ClientToProxyConnection - (AWAITING_INITIAL) [id: 0x87242349, /127.0.0.1:54149 => /127.0.1.1:45224]: Not closing server connection on middle chunk for /bower_components/bootstrap/dist/fonts/glyphicons-halflings-regular.woff
11:39:51.721 [LittleProxy-ProxyToServerWorker-6] DEBUG o.l.p.impl.ClientToProxyConnection - (AWAITING_INITIAL) [id: 0x87242349, /127.0.0.1:54149 => /127.0.1.1:45224]: Not closing client connection on middle chunk for /bower_components/bootstrap/dist/fonts/glyphicons-halflings-regular.woff
11:39:51.721 [LittleProxy-ProxyToServerWorker-6] DEBUG o.l.p.impl.ProxyToServerConnection - (AWAITING_CHUNK) [id: 0x15efad94, /127.0.0.1:35282 => localhost/127.0.0.1:9000]: Reading: DefaultHttpContent(data: SlicedByteBuf(ridx: 0, widx: 8192, cap: 8192/8192, unwrapped: UnpooledUnsafeDirectByteBuf(ridx: 8192, widx: 8192, cap: 8192)), decoderResult: success)
11:39:51.721 [LittleProxy-ProxyToServerWorker-6] DEBUG o.l.p.impl.ClientToProxyConnection - (AWAITING_INITIAL) [id: 0x87242349, /127.0.0.1:54149 => /127.0.1.1:45224]: Retaining reference counted message
11:39:51.721 [LittleProxy-ProxyToServerWorker-6] DEBUG o.l.p.impl.ClientToProxyConnection - (AWAITING_INITIAL) [id: 0x87242349, /127.0.0.1:54149 => /127.0.1.1:45224]: Writing: DefaultHttpContent(data: SlicedByteBuf(ridx: 0, widx: 8192, cap: 8192/8192, unwrapped: UnpooledUnsafeDirectByteBuf(ridx: 8192, widx: 8192, cap: 8192)), decoderResult: success)
11:39:51.721 [LittleProxy-ProxyToServerWorker-6] DEBUG o.l.p.impl.ClientToProxyConnection - (AWAITING_INITIAL) [id: 0x87242349, /127.0.0.1:54149 => /127.0.1.1:45224]: Wrote: DefaultHttpContent(data: SlicedByteBuf(ridx: 0, widx: 8192, cap: 8192/8192, unwrapped: UnpooledUnsafeDirectByteBuf(ridx: 8192, widx: 8192, cap: 8192)), decoderResult: success)
11:39:51.721 [LittleProxy-ProxyToServerWorker-6] DEBUG o.l.p.impl.ClientToProxyConnection - (AWAITING_INITIAL) [id: 0x87242349, /127.0.0.1:54149 => /127.0.1.1:45224]: Not closing server connection on middle chunk for /bower_components/bootstrap/dist/fonts/glyphicons-halflings-regular.woff
11:39:51.721 [LittleProxy-ProxyToServerWorker-6] DEBUG o.l.p.impl.ClientToProxyConnection - (AWAITING_INITIAL) [id: 0x87242349, /127.0.0.1:54149 => /127.0.1.1:45224]: Not closing client connection on middle chunk for /bower_components/bootstrap/dist/fonts/glyphicons-halflings-regular.woff
11:39:51.721 [LittleProxy-ProxyToServerWorker-6] DEBUG o.l.p.impl.ProxyToServerConnection - (AWAITING_CHUNK) [id: 0x15efad94, /127.0.0.1:35282 => localhost/127.0.0.1:9000]: Reading: DefaultLastHttpContent(data: SlicedByteBuf(ridx: 0, widx: 6936, cap: 6936/6936, unwrapped: UnpooledUnsafeDirectByteBuf(ridx: 6936, widx: 6936, cap: 8192)), decoderResult: success)
11:39:51.721 [LittleProxy-ProxyToServerWorker-6] DEBUG o.l.p.impl.ClientToProxyConnection - (AWAITING_INITIAL) [id: 0x87242349, /127.0.0.1:54149 => /127.0.1.1:45224]: Retaining reference counted message
11:39:51.721 [LittleProxy-ProxyToServerWorker-6] DEBUG o.l.p.impl.ClientToProxyConnection - (AWAITING_INITIAL) [id: 0x87242349, /127.0.0.1:54149 => /127.0.1.1:45224]: Writing: DefaultLastHttpContent(data: SlicedByteBuf(ridx: 0, widx: 6936, cap: 6936/6936, unwrapped: UnpooledUnsafeDirectByteBuf(ridx: 6936, widx: 6936, cap: 8192)), decoderResult: success)
11:39:51.721 [LittleProxy-ProxyToServerWorker-6] DEBUG o.l.p.impl.ClientToProxyConnection - (AWAITING_INITIAL) [id: 0x87242349, /127.0.0.1:54149 => /127.0.1.1:45224]: Writing an empty buffer to signal the end of our chunked transfer
11:39:51.721 [LittleProxy-ProxyToServerWorker-6] DEBUG o.l.p.impl.ClientToProxyConnection - (AWAITING_INITIAL) [id: 0x87242349, /127.0.0.1:54149 => /127.0.1.1:45224]: Wrote: DefaultLastHttpContent(data: SlicedByteBuf(ridx: 0, widx: 6936, cap: 6936/6936, unwrapped: UnpooledUnsafeDirectByteBuf(ridx: 6936, widx: 6936, cap: 8192)), decoderResult: success)
11:39:51.721 [LittleProxy-ProxyToServerWorker-6] DEBUG o.l.p.impl.ClientToProxyConnection - (AWAITING_INITIAL) [id: 0x87242349, /127.0.0.1:54149 => /127.0.1.1:45224]: Retaining reference counted message
11:39:51.721 [LittleProxy-ProxyToServerWorker-6] DEBUG o.l.p.impl.ClientToProxyConnection - (AWAITING_INITIAL) [id: 0x87242349, /127.0.0.1:54149 => /127.0.1.1:45224]: Writing: EmptyByteBufBE
11:39:51.721 [LittleProxy-ProxyToServerWorker-6] DEBUG o.l.p.impl.ClientToProxyConnection - (AWAITING_INITIAL) [id: 0x87242349, /127.0.0.1:54149 => /127.0.1.1:45224]: Wrote: EmptyByteBufBE
11:39:51.721 [LittleProxy-ProxyToServerWorker-6] DEBUG o.l.p.impl.ClientToProxyConnection - (AWAITING_INITIAL) [id: 0x87242349, /127.0.0.1:54149 => /127.0.1.1:45224]: Handling last chunk. Using normal server connection closing rules.
11:39:51.721 [LittleProxy-ProxyToServerWorker-6] DEBUG o.l.p.impl.ClientToProxyConnection - (AWAITING_INITIAL) [id: 0x87242349, /127.0.0.1:54149 => /127.0.1.1:45224]: Not closing server connection for response: DefaultHttpResponse(decodeResult: success, version: HTTP/1.1)
HTTP/1.1 200 OK
Accept-Ranges: bytes
Date: Tue, 08 Sep 2015 10:39:51 GMT
Cache-Control: public, max-age=0
Last-Modified: Thu, 13 Feb 2014 17:24:59 GMT
ETag: W/"mU3L3WOv0aLhzRES8awB8g=="
Content-Type: application/font-woff
Content-Length: 23320
Connection: keep-alive
11:39:51.721 [LittleProxy-ProxyToServerWorker-6] DEBUG o.l.p.impl.ClientToProxyConnection - (AWAITING_INITIAL) [id: 0x87242349, /127.0.0.1:54149 => /127.0.1.1:45224]: Handling last chunk. Using normal client connection closing rules.
11:39:51.721 [LittleProxy-ProxyToServerWorker-6] DEBUG o.l.p.impl.ClientToProxyConnection - (AWAITING_INITIAL) [id: 0x87242349, /127.0.0.1:54149 => /127.0.1.1:45224]: Not closing client connection for request: [FAILED toString()]
11:39:51.739 [LittleProxy-ProxyToServerWorker-7] DEBUG o.l.p.impl.ProxyToServerConnection - (AWAITING_INITIAL) [id: 0x700df78a, /127.0.0.1:35283 => localhost/127.0.0.1:9000]: Remembering the current request.
11:39:51.739 [LittleProxy-ProxyToServerWorker-7] DEBUG o.l.p.impl.ProxyToServerConnection - (AWAITING_INITIAL) [id: 0x700df78a, /127.0.0.1:35283 => localhost/127.0.0.1:9000]: Reading: DefaultHttpResponse(decodeResult: success, version: HTTP/1.1)
HTTP/1.1 200 OK
Accept-Ranges: bytes
Date: Tue, 08 Sep 2015 10:39:51 GMT
Cache-Control: public, max-age=0
Last-Modified: Mon, 06 Jul 2015 17:22:11 GMT
ETag: W/"YwDVeOk+hYM0j08PglppqQ=="
Content-Type: text/html; charset=UTF-8
Content-Length: 566
Connection: keep-alive
11:39:51.739 [LittleProxy-ProxyToServerWorker-7] DEBUG o.l.p.impl.ProxyToServerConnection - (AWAITING_INITIAL) [id: 0x700df78a, /127.0.0.1:35283 => localhost/127.0.0.1:9000]: Received raw response: DefaultHttpResponse(decodeResult: success, version: HTTP/1.1)
HTTP/1.1 200 OK
Accept-Ranges: bytes
Date: Tue, 08 Sep 2015 10:39:51 GMT
Cache-Control: public, max-age=0
Last-Modified: Mon, 06 Jul 2015 17:22:11 GMT
ETag: W/"YwDVeOk+hYM0j08PglppqQ=="
Content-Type: text/html; charset=UTF-8
Content-Length: 566
Connection: keep-alive
11:39:51.739 [LittleProxy-ProxyToServerWorker-7] DEBUG o.l.p.impl.ProxyToServerConnection - (AWAITING_INITIAL) [id: 0x700df78a, /127.0.0.1:35283 => localhost/127.0.0.1:9000]: Remembering the current response.
11:39:51.740 [LittleProxy-ProxyToServerWorker-7] DEBUG o.l.p.impl.ClientToProxyConnection - (AWAITING_INITIAL) [id: 0x4dc93f85, /127.0.0.1:54147 => /127.0.1.1:45224]: Writing: DefaultHttpResponse(decodeResult: success, version: HTTP/1.1)
HTTP/1.1 200 OK
Accept-Ranges: bytes
Date: Tue, 08 Sep 2015 10:39:51 GMT
Cache-Control: public, max-age=0
Last-Modified: Mon, 06 Jul 2015 17:22:11 GMT
ETag: W/"YwDVeOk+hYM0j08PglppqQ=="
Content-Type: text/html; charset=UTF-8
Content-Length: 566
Via: 1.1 localhost.localdomain
11:39:51.740 [LittleProxy-ProxyToServerWorker-7] DEBUG o.l.p.impl.ClientToProxyConnection - (AWAITING_INITIAL) [id: 0x4dc93f85, /127.0.0.1:54147 => /127.0.1.1:45224]: Wrote: DefaultHttpResponse(decodeResult: success, version: HTTP/1.1)
HTTP/1.1 200 OK
Accept-Ranges: bytes
Date: Tue, 08 Sep 2015 10:39:51 GMT
Cache-Control: public, max-age=0
Last-Modified: Mon, 06 Jul 2015 17:22:11 GMT
ETag: W/"YwDVeOk+hYM0j08PglppqQ=="
Content-Type: text/html; charset=UTF-8
Content-Length: 566
Via: 1.1 localhost.localdomain
11:39:51.740 [LittleProxy-ProxyToServerWorker-7] DEBUG o.l.p.impl.ClientToProxyConnection - (AWAITING_INITIAL) [id: 0x4dc93f85, /127.0.0.1:54147 => /127.0.1.1:45224]: Not closing server connection on middle chunk for /views/header.html
11:39:51.740 [LittleProxy-ProxyToServerWorker-7] DEBUG o.l.p.impl.ClientToProxyConnection - (AWAITING_INITIAL) [id: 0x4dc93f85, /127.0.0.1:54147 => /127.0.1.1:45224]: Not closing client connection on middle chunk for /views/header.html
11:39:51.740 [LittleProxy-ProxyToServerWorker-7] DEBUG o.l.p.impl.ProxyToServerConnection - (AWAITING_CHUNK) [id: 0x700df78a, /127.0.0.1:35283 => localhost/127.0.0.1:9000]: Reading: DefaultLastHttpContent(data: SlicedByteBuf(ridx: 0, widx: 566, cap: 566/566, unwrapped: UnpooledUnsafeDirectByteBuf(ridx: 845, widx: 845, cap: 8192)), decoderResult: success)
11:39:51.740 [LittleProxy-ProxyToServerWorker-7] DEBUG o.l.p.impl.ClientToProxyConnection - (AWAITING_INITIAL) [id: 0x4dc93f85, /127.0.0.1:54147 => /127.0.1.1:45224]: Retaining reference counted message
11:39:51.740 [LittleProxy-ProxyToServerWorker-7] DEBUG o.l.p.impl.ClientToProxyConnection - (AWAITING_INITIAL) [id: 0x4dc93f85, /127.0.0.1:54147 => /127.0.1.1:45224]: Writing: DefaultLastHttpContent(data: SlicedByteBuf(ridx: 0, widx: 566, cap: 566/566, unwrapped: UnpooledUnsafeDirectByteBuf(ridx: 845, widx: 845, cap: 8192)), decoderResult: success)
11:39:51.740 [LittleProxy-ProxyToServerWorker-7] DEBUG o.l.p.impl.ClientToProxyConnection - (AWAITING_INITIAL) [id: 0x4dc93f85, /127.0.0.1:54147 => /127.0.1.1:45224]: Writing an empty buffer to signal the end of our chunked transfer
11:39:51.740 [LittleProxy-ProxyToServerWorker-7] DEBUG o.l.p.impl.ClientToProxyConnection - (AWAITING_INITIAL) [id: 0x4dc93f85, /127.0.0.1:54147 => /127.0.1.1:45224]: Wrote: DefaultLastHttpContent(data: SlicedByteBuf(ridx: 0, widx: 566, cap: 566/566, unwrapped: UnpooledUnsafeDirectByteBuf(ridx: 845, widx: 845, cap: 8192)), decoderResult: success)
11:39:51.740 [LittleProxy-ProxyToServerWorker-7] DEBUG o.l.p.impl.ClientToProxyConnection - (AWAITING_INITIAL) [id: 0x4dc93f85, /127.0.0.1:54147 => /127.0.1.1:45224]: Retaining reference counted message
11:39:51.740 [LittleProxy-ProxyToServerWorker-7] DEBUG o.l.p.impl.ClientToProxyConnection - (AWAITING_INITIAL) [id: 0x4dc93f85, /127.0.0.1:54147 => /127.0.1.1:45224]: Writing: EmptyByteBufBE
11:39:51.740 [LittleProxy-ProxyToServerWorker-7] DEBUG o.l.p.impl.ClientToProxyConnection - (AWAITING_INITIAL) [id: 0x4dc93f85, /127.0.0.1:54147 => /127.0.1.1:45224]: Wrote: EmptyByteBufBE
11:39:51.740 [LittleProxy-ProxyToServerWorker-7] DEBUG o.l.p.impl.ClientToProxyConnection - (AWAITING_INITIAL) [id: 0x4dc93f85, /127.0.0.1:54147 => /127.0.1.1:45224]: Handling last chunk. Using normal server connection closing rules.
11:39:51.740 [LittleProxy-ProxyToServerWorker-7] DEBUG o.l.p.impl.ClientToProxyConnection - (AWAITING_INITIAL) [id: 0x4dc93f85, /127.0.0.1:54147 => /127.0.1.1:45224]: Not closing server connection for response: DefaultHttpResponse(decodeResult: success, version: HTTP/1.1)
HTTP/1.1 200 OK
Accept-Ranges: bytes
Date: Tue, 08 Sep 2015 10:39:51 GMT
Cache-Control: public, max-age=0
Last-Modified: Mon, 06 Jul 2015 17:22:11 GMT
ETag: W/"YwDVeOk+hYM0j08PglppqQ=="
Content-Type: text/html; charset=UTF-8
Content-Length: 566
Connection: keep-alive
11:39:51.740 [LittleProxy-ProxyToServerWorker-7] DEBUG o.l.p.impl.ClientToProxyConnection - (AWAITING_INITIAL) [id: 0x4dc93f85, /127.0.0.1:54147 => /127.0.1.1:45224]: Handling last chunk. Using normal client connection closing rules.
11:39:51.740 [LittleProxy-ProxyToServerWorker-7] DEBUG o.l.p.impl.ClientToProxyConnection - (AWAITING_INITIAL) [id: 0x4dc93f85, /127.0.0.1:54147 => /127.0.1.1:45224]: Not closing client connection for request: [FAILED toString()]
11:39:51.987 [LittleProxy-ProxyToServerWorker-2] DEBUG o.l.p.impl.ProxyToServerConnection - (AWAITING_INITIAL) [id: 0xf37282df, /127.0.0.1:48951 => localhost/127.0.0.1:8080]: Remembering the current request.
11:39:51.987 [LittleProxy-ProxyToServerWorker-2] DEBUG o.l.p.impl.ProxyToServerConnection - (AWAITING_INITIAL) [id: 0xf37282df, /127.0.0.1:48951 => localhost/127.0.0.1:8080]: Reading: DefaultHttpResponse(decodeResult: success, version: HTTP/1.1)
HTTP/1.1 200 OK
Server: Apache-Coyote/1.1
Access-Control-Allow-Origin: null
Access-Control-Allow-Credentials: true
Strict-Transport-Security: max-age=31536000 ; includeSubDomains
X-Frame-Options: DENY
X-XSS-Protection: 1; mode=block
X-Content-Type-Options: nosniff
Cache-Control: no-cache, no-store, max-age=0, must-revalidate
Pragma: no-cache
Expires: 0
X-Application-Context: application:development
Content-Type: application/json;charset=UTF-8
Transfer-Encoding: chunked
Date: Tue, 08 Sep 2015 10:39:51 GMT
11:39:51.987 [LittleProxy-ProxyToServerWorker-2] DEBUG o.l.p.impl.ProxyToServerConnection - (AWAITING_INITIAL) [id: 0xf37282df, /127.0.0.1:48951 => localhost/127.0.0.1:8080]: Received raw response: DefaultHttpResponse(decodeResult: success, version: HTTP/1.1)
HTTP/1.1 200 OK
Server: Apache-Coyote/1.1
Access-Control-Allow-Origin: null
Access-Control-Allow-Credentials: true
Strict-Transport-Security: max-age=31536000 ; includeSubDomains
X-Frame-Options: DENY
X-XSS-Protection: 1; mode=block
X-Content-Type-Options: nosniff
Cache-Control: no-cache, no-store, max-age=0, must-revalidate
Pragma: no-cache
Expires: 0
X-Application-Context: application:development
Content-Type: application/json;charset=UTF-8
Transfer-Encoding: chunked
Date: Tue, 08 Sep 2015 10:39:51 GMT
11:39:51.987 [LittleProxy-ProxyToServerWorker-2] DEBUG o.l.p.impl.ProxyToServerConnection - (AWAITING_INITIAL) [id: 0xf37282df, /127.0.0.1:48951 => localhost/127.0.0.1:8080]: Remembering the current response.
11:39:51.987 [LittleProxy-ProxyToServerWorker-2] DEBUG o.l.p.impl.ClientToProxyConnection - (AWAITING_INITIAL) [id: 0xbfd76251, /127.0.0.1:54162 => /127.0.1.1:45224]: Writing: DefaultHttpResponse(decodeResult: success, version: HTTP/1.1)
HTTP/1.1 200 OK
Server: Apache-Coyote/1.1
Access-Control-Allow-Origin: null
Access-Control-Allow-Credentials: true
Strict-Transport-Security: max-age=31536000 ; includeSubDomains
X-Frame-Options: DENY
X-XSS-Protection: 1; mode=block
X-Content-Type-Options: nosniff
Cache-Control: no-cache, no-store, max-age=0, must-revalidate
Pragma: no-cache
Expires: 0
X-Application-Context: application:development
Content-Type: application/json;charset=UTF-8
Transfer-Encoding: chunked
Date: Tue, 08 Sep 2015 10:39:51 GMT
Via: 1.1 localhost.localdomain
11:39:51.987 [LittleProxy-ProxyToServerWorker-2] DEBUG o.l.p.impl.ClientToProxyConnection - (AWAITING_INITIAL) [id: 0xbfd76251, /127.0.0.1:54162 => /127.0.1.1:45224]: Wrote: DefaultHttpResponse(decodeResult: success, version: HTTP/1.1)
HTTP/1.1 200 OK
Server: Apache-Coyote/1.1
Access-Control-Allow-Origin: null
Access-Control-Allow-Credentials: true
Strict-Transport-Security: max-age=31536000 ; includeSubDomains
X-Frame-Options: DENY
X-XSS-Protection: 1; mode=block
X-Content-Type-Options: nosniff
Cache-Control: no-cache, no-store, max-age=0, must-revalidate
Pragma: no-cache
Expires: 0
X-Application-Context: application:development
Content-Type: application/json;charset=UTF-8
Transfer-Encoding: chunked
Date: Tue, 08 Sep 2015 10:39:51 GMT
Via: 1.1 localhost.localdomain
11:39:51.987 [LittleProxy-ProxyToServerWorker-2] DEBUG o.l.p.impl.ClientToProxyConnection - (AWAITING_INITIAL) [id: 0xbfd76251, /127.0.0.1:54162 => /127.0.1.1:45224]: Not closing server connection on middle chunk for /campaign/types
11:39:51.987 [LittleProxy-ProxyToServerWorker-2] DEBUG o.l.p.impl.ClientToProxyConnection - (AWAITING_INITIAL) [id: 0xbfd76251, /127.0.0.1:54162 => /127.0.1.1:45224]: Not closing client connection on middle chunk for /campaign/types
11:39:51.987 [LittleProxy-ProxyToServerWorker-2] DEBUG o.l.p.impl.ProxyToServerConnection - (AWAITING_CHUNK) [id: 0xf37282df, /127.0.0.1:48951 => localhost/127.0.0.1:8080]: Reading: DefaultHttpContent(data: SlicedByteBuf(ridx: 0, widx: 223, cap: 223/223, unwrapped: UnpooledUnsafeDirectByteBuf(ridx: 229, widx: 229, cap: 1024)), decoderResult: success)
11:39:51.987 [LittleProxy-ProxyToServerWorker-2] DEBUG o.l.p.impl.ClientToProxyConnection - (AWAITING_INITIAL) [id: 0xbfd76251, /127.0.0.1:54162 => /127.0.1.1:45224]: Retaining reference counted message
11:39:51.987 [LittleProxy-ProxyToServerWorker-2] DEBUG o.l.p.impl.ClientToProxyConnection - (AWAITING_INITIAL) [id: 0xbfd76251, /127.0.0.1:54162 => /127.0.1.1:45224]: Writing: DefaultHttpContent(data: SlicedByteBuf(ridx: 0, widx: 223, cap: 223/223, unwrapped: UnpooledUnsafeDirectByteBuf(ridx: 229, widx: 229, cap: 1024)), decoderResult: success)
11:39:51.987 [LittleProxy-ProxyToServerWorker-2] DEBUG o.l.p.impl.ClientToProxyConnection - (AWAITING_INITIAL) [id: 0xbfd76251, /127.0.0.1:54162 => /127.0.1.1:45224]: Wrote: DefaultHttpContent(data: SlicedByteBuf(ridx: 0, widx: 223, cap: 223/223, unwrapped: UnpooledUnsafeDirectByteBuf(ridx: 229, widx: 229, cap: 1024)), decoderResult: success)
11:39:51.987 [LittleProxy-ProxyToServerWorker-2] DEBUG o.l.p.impl.ClientToProxyConnection - (AWAITING_INITIAL) [id: 0xbfd76251, /127.0.0.1:54162 => /127.0.1.1:45224]: Not closing server connection on middle chunk for /campaign/types
11:39:51.987 [LittleProxy-ProxyToServerWorker-2] DEBUG o.l.p.impl.ClientToProxyConnection - (AWAITING_INITIAL) [id: 0xbfd76251, /127.0.0.1:54162 => /127.0.1.1:45224]: Not closing client connection on middle chunk for /campaign/types
11:39:51.988 [LittleProxy-ProxyToServerWorker-2] DEBUG o.l.p.impl.ProxyToServerConnection - (AWAITING_CHUNK) [id: 0xf37282df, /127.0.0.1:48951 => localhost/127.0.0.1:8080]: Reading: EmptyLastHttpContent
11:39:51.988 [LittleProxy-ProxyToServerWorker-2] DEBUG o.l.p.impl.ClientToProxyConnection - (AWAITING_INITIAL) [id: 0xbfd76251, /127.0.0.1:54162 => /127.0.1.1:45224]: Retaining reference counted message
11:39:51.988 [LittleProxy-ProxyToServerWorker-2] DEBUG o.l.p.impl.ClientToProxyConnection - (AWAITING_INITIAL) [id: 0xbfd76251, /127.0.0.1:54162 => /127.0.1.1:45224]: Writing: EmptyLastHttpContent
11:39:51.988 [LittleProxy-ProxyToServerWorker-2] DEBUG o.l.p.impl.ClientToProxyConnection - (AWAITING_INITIAL) [id: 0xbfd76251, /127.0.0.1:54162 => /127.0.1.1:45224]: Writing an empty buffer to signal the end of our chunked transfer
11:39:51.988 [LittleProxy-ProxyToServerWorker-2] DEBUG o.l.p.impl.ClientToProxyConnection - (AWAITING_INITIAL) [id: 0xbfd76251, /127.0.0.1:54162 => /127.0.1.1:45224]: Wrote: EmptyLastHttpContent
11:39:51.988 [LittleProxy-ProxyToServerWorker-2] DEBUG o.l.p.impl.ClientToProxyConnection - (AWAITING_INITIAL) [id: 0xbfd76251, /127.0.0.1:54162 => /127.0.1.1:45224]: Retaining reference counted message
11:39:51.988 [LittleProxy-ProxyToServerWorker-2] DEBUG o.l.p.impl.ClientToProxyConnection - (AWAITING_INITIAL) [id: 0xbfd76251, /127.0.0.1:54162 => /127.0.1.1:45224]: Writing: EmptyByteBufBE
11:39:51.988 [LittleProxy-ProxyToServerWorker-2] DEBUG o.l.p.impl.ClientToProxyConnection - (AWAITING_INITIAL) [id: 0xbfd76251, /127.0.0.1:54162 => /127.0.1.1:45224]: Wrote: EmptyByteBufBE
11:39:51.988 [LittleProxy-ProxyToServerWorker-2] DEBUG o.l.p.impl.ClientToProxyConnection - (AWAITING_INITIAL) [id: 0xbfd76251, /127.0.0.1:54162 => /127.0.1.1:45224]: Handling last chunk. Using normal server connection closing rules.
11:39:51.988 [LittleProxy-ProxyToServerWorker-2] DEBUG o.l.p.impl.ClientToProxyConnection - (AWAITING_INITIAL) [id: 0xbfd76251, /127.0.0.1:54162 => /127.0.1.1:45224]: Not closing server connection for response: DefaultHttpResponse(decodeResult: success, version: HTTP/1.1)
HTTP/1.1 200 OK
Server: Apache-Coyote/1.1
Access-Control-Allow-Origin: null
Access-Control-Allow-Credentials: true
Strict-Transport-Security: max-age=31536000 ; includeSubDomains
X-Frame-Options: DENY
X-XSS-Protection: 1; mode=block
X-Content-Type-Options: nosniff
Cache-Control: no-cache, no-store, max-age=0, must-revalidate
Pragma: no-cache
Expires: 0
X-Application-Context: application:development
Content-Type: application/json;charset=UTF-8
Transfer-Encoding: chunked
Date: Tue, 08 Sep 2015 10:39:51 GMT
11:39:51.988 [LittleProxy-ProxyToServerWorker-2] DEBUG o.l.p.impl.ClientToProxyConnection - (AWAITING_INITIAL) [id: 0xbfd76251, /127.0.0.1:54162 => /127.0.1.1:45224]: Handling last chunk. Using normal client connection closing rules.
11:39:51.988 [LittleProxy-ProxyToServerWorker-2] DEBUG o.l.p.impl.ClientToProxyConnection - (AWAITING_INITIAL) [id: 0xbfd76251, /127.0.0.1:54162 => /127.0.1.1:45224]: Not closing client connection for request: HttpObjectAggregator$AggregatedFullHttpRequest(decodeResult: success, version: HTTP/1.1, content: CompositeByteBuf(ridx: 0, widx: 0, cap: 0, components=0))
GET /campaign/types HTTP/1.1
Host: localhost:8080
Authorization: Basic YWRtaW46cGFzcw==
Accept: application/json, text/plain, */*
X-Forwarded-Proto: https
User-Agent: Mozilla/5.0 (X11; Linux x86_64) AppleWebKit/537.36 (KHTML, like Gecko) Chrome/44.0.2403.130 Safari/537.36
Referer: http://localhost:9000/
Accept-Language: en-GB,en-US;q=0.8,en;q=0.6
Content-Length: 0
X-Forwarded-Proto: https
Accept-Encoding: gzip, deflate, 
Via: 1.1 localhost.localdomain
11:39:52.539 [Forwarding getCurrentUrl on session d94198a6aa3008d5ffaf97f92db0cb0c to remote] DEBUG org.apache.http.wire - http-outgoing-5 << "HTTP/1.1 200 OK[\r][\n]"
11:39:52.539 [Forwarding getCurrentUrl on session d94198a6aa3008d5ffaf97f92db0cb0c to remote] DEBUG org.apache.http.wire - http-outgoing-5 << "Content-Length:103[\r][\n]"
11:39:52.539 [Forwarding getCurrentUrl on session d94198a6aa3008d5ffaf97f92db0cb0c to remote] DEBUG org.apache.http.wire - http-outgoing-5 << "Content-Type:application/json; charset=utf-8[\r][\n]"
11:39:52.539 [Forwarding getCurrentUrl on session d94198a6aa3008d5ffaf97f92db0cb0c to remote] DEBUG org.apache.http.wire - http-outgoing-5 << "Connection:close[\r][\n]"
11:39:52.539 [Forwarding getCurrentUrl on session d94198a6aa3008d5ffaf97f92db0cb0c to remote] DEBUG org.apache.http.wire - http-outgoing-5 << "[\r][\n]"
11:39:52.539 [Forwarding getCurrentUrl on session d94198a6aa3008d5ffaf97f92db0cb0c to remote] DEBUG org.apache.http.wire - http-outgoing-5 << "{"sessionId":"d94198a6aa3008d5ffaf97f92db0cb0c","status":0,"value":"http://localhost:9000/#/campaigns"}"
11:39:52.539 [Forwarding getCurrentUrl on session d94198a6aa3008d5ffaf97f92db0cb0c to remote] DEBUG org.apache.http.headers - http-outgoing-5 << HTTP/1.1 200 OK
11:39:52.539 [Forwarding getCurrentUrl on session d94198a6aa3008d5ffaf97f92db0cb0c to remote] DEBUG org.apache.http.headers - http-outgoing-5 << Content-Length:103
11:39:52.539 [Forwarding getCurrentUrl on session d94198a6aa3008d5ffaf97f92db0cb0c to remote] DEBUG org.apache.http.headers - http-outgoing-5 << Content-Type:application/json; charset=utf-8
11:39:52.539 [Forwarding getCurrentUrl on session d94198a6aa3008d5ffaf97f92db0cb0c to remote] DEBUG org.apache.http.headers - http-outgoing-5 << Connection:close
11:39:52.540 [Forwarding getCurrentUrl on session d94198a6aa3008d5ffaf97f92db0cb0c to remote] DEBUG o.a.h.i.c.DefaultManagedHttpClientConnection - http-outgoing-5: Shutdown connection
11:39:52.540 [Forwarding getCurrentUrl on session d94198a6aa3008d5ffaf97f92db0cb0c to remote] DEBUG o.a.h.impl.execchain.MainClientExec - Connection discarded
11:39:52.540 [Forwarding getCurrentUrl on session d94198a6aa3008d5ffaf97f92db0cb0c to remote] DEBUG o.a.h.i.c.DefaultManagedHttpClientConnection - http-outgoing-5: Close connection
11:39:52.540 [Forwarding getCurrentUrl on session d94198a6aa3008d5ffaf97f92db0cb0c to remote] DEBUG o.a.h.i.c.PoolingHttpClientConnectionManager - Connection released: [id: 5][route: {}->http://localhost:26477][total kept alive: 0; route allocated: 0 of 2000; total allocated: 0 of 2000]
11:39:52.690 [Forwarding executeScript on session d94198a6aa3008d5ffaf97f92db0cb0c to remote] DEBUG o.a.h.c.protocol.RequestAddCookies - CookieSpec selected: best-match
11:39:52.690 [Forwarding executeScript on session d94198a6aa3008d5ffaf97f92db0cb0c to remote] DEBUG o.a.h.c.protocol.RequestAuthCache - Auth cache not set in the context
11:39:52.690 [Forwarding executeScript on session d94198a6aa3008d5ffaf97f92db0cb0c to remote] DEBUG o.a.h.i.c.PoolingHttpClientConnectionManager - Connection request: [route: {}->http://localhost:26477][total kept alive: 0; route allocated: 0 of 2000; total allocated: 0 of 2000]
11:39:52.690 [Forwarding executeScript on session d94198a6aa3008d5ffaf97f92db0cb0c to remote] DEBUG o.a.h.i.c.PoolingHttpClientConnectionManager - Connection leased: [id: 6][route: {}->http://localhost:26477][total kept alive: 0; route allocated: 1 of 2000; total allocated: 1 of 2000]
11:39:52.690 [Forwarding executeScript on session d94198a6aa3008d5ffaf97f92db0cb0c to remote] DEBUG o.a.h.impl.execchain.MainClientExec - Opening connection {}->http://localhost:26477
11:39:52.690 [Forwarding executeScript on session d94198a6aa3008d5ffaf97f92db0cb0c to remote] DEBUG o.a.h.i.c.HttpClientConnectionOperator - Connecting to localhost/127.0.0.1:26477
11:39:52.690 [Forwarding executeScript on session d94198a6aa3008d5ffaf97f92db0cb0c to remote] DEBUG o.a.h.i.c.HttpClientConnectionOperator - Connection established 127.0.0.1:57269<->127.0.0.1:26477
11:39:52.691 [Forwarding executeScript on session d94198a6aa3008d5ffaf97f92db0cb0c to remote] DEBUG o.a.h.impl.execchain.MainClientExec - Executing request POST /session/d94198a6aa3008d5ffaf97f92db0cb0c/execute HTTP/1.1
11:39:52.691 [Forwarding executeScript on session d94198a6aa3008d5ffaf97f92db0cb0c to remote] DEBUG o.a.h.impl.execchain.MainClientExec - Target auth state: UNCHALLENGED
11:39:52.691 [Forwarding executeScript on session d94198a6aa3008d5ffaf97f92db0cb0c to remote] DEBUG o.a.h.impl.execchain.MainClientExec - Proxy auth state: UNCHALLENGED
11:39:52.691 [Forwarding executeScript on session d94198a6aa3008d5ffaf97f92db0cb0c to remote] DEBUG org.apache.http.headers - http-outgoing-6 >> POST /session/d94198a6aa3008d5ffaf97f92db0cb0c/execute HTTP/1.1
11:39:52.691 [Forwarding executeScript on session d94198a6aa3008d5ffaf97f92db0cb0c to remote] DEBUG org.apache.http.headers - http-outgoing-6 >> Content-Type: application/json; charset=utf-8
11:39:52.691 [Forwarding executeScript on session d94198a6aa3008d5ffaf97f92db0cb0c to remote] DEBUG org.apache.http.headers - http-outgoing-6 >> Content-Length: 75
11:39:52.691 [Forwarding executeScript on session d94198a6aa3008d5ffaf97f92db0cb0c to remote] DEBUG org.apache.http.headers - http-outgoing-6 >> Host: localhost:26477
11:39:52.691 [Forwarding executeScript on session d94198a6aa3008d5ffaf97f92db0cb0c to remote] DEBUG org.apache.http.headers - http-outgoing-6 >> Connection: Keep-Alive
11:39:52.691 [Forwarding executeScript on session d94198a6aa3008d5ffaf97f92db0cb0c to remote] DEBUG org.apache.http.headers - http-outgoing-6 >> User-Agent: Apache-HttpClient/4.3.4 (java 1.5)
11:39:52.691 [Forwarding executeScript on session d94198a6aa3008d5ffaf97f92db0cb0c to remote] DEBUG org.apache.http.headers - http-outgoing-6 >> Accept-Encoding: gzip,deflate
11:39:52.691 [Forwarding executeScript on session d94198a6aa3008d5ffaf97f92db0cb0c to remote] DEBUG org.apache.http.wire - http-outgoing-6 >> "POST /session/d94198a6aa3008d5ffaf97f92db0cb0c/execute HTTP/1.1[\r][\n]"
11:39:52.691 [Forwarding executeScript on session d94198a6aa3008d5ffaf97f92db0cb0c to remote] DEBUG org.apache.http.wire - http-outgoing-6 >> "Content-Type: application/json; charset=utf-8[\r][\n]"
11:39:52.691 [Forwarding executeScript on session d94198a6aa3008d5ffaf97f92db0cb0c to remote] DEBUG org.apache.http.wire - http-outgoing-6 >> "Content-Length: 75[\r][\n]"
11:39:52.691 [Forwarding executeScript on session d94198a6aa3008d5ffaf97f92db0cb0c to remote] DEBUG org.apache.http.wire - http-outgoing-6 >> "Host: localhost:26477[\r][\n]"
11:39:52.691 [Forwarding executeScript on session d94198a6aa3008d5ffaf97f92db0cb0c to remote] DEBUG org.apache.http.wire - http-outgoing-6 >> "Connection: Keep-Alive[\r][\n]"
11:39:52.691 [Forwarding executeScript on session d94198a6aa3008d5ffaf97f92db0cb0c to remote] DEBUG org.apache.http.wire - http-outgoing-6 >> "User-Agent: Apache-HttpClient/4.3.4 (java 1.5)[\r][\n]"
11:39:52.691 [Forwarding executeScript on session d94198a6aa3008d5ffaf97f92db0cb0c to remote] DEBUG org.apache.http.wire - http-outgoing-6 >> "Accept-Encoding: gzip,deflate[\r][\n]"
11:39:52.691 [Forwarding executeScript on session d94198a6aa3008d5ffaf97f92db0cb0c to remote] DEBUG org.apache.http.wire - http-outgoing-6 >> "[\r][\n]"
11:39:52.691 [Forwarding executeScript on session d94198a6aa3008d5ffaf97f92db0cb0c to remote] DEBUG org.apache.http.wire - http-outgoing-6 >> "{"args":[],"script":"if (document.readyState) return document.readyState;"}"
11:39:52.695 [Forwarding executeScript on session d94198a6aa3008d5ffaf97f92db0cb0c to remote] DEBUG org.apache.http.wire - http-outgoing-6 << "HTTP/1.1 200 OK[\r][\n]"
11:39:52.695 [Forwarding executeScript on session d94198a6aa3008d5ffaf97f92db0cb0c to remote] DEBUG org.apache.http.wire - http-outgoing-6 << "Content-Length:78[\r][\n]"
11:39:52.695 [Forwarding executeScript on session d94198a6aa3008d5ffaf97f92db0cb0c to remote] DEBUG org.apache.http.wire - http-outgoing-6 << "Content-Type:application/json; charset=utf-8[\r][\n]"
11:39:52.695 [Forwarding executeScript on session d94198a6aa3008d5ffaf97f92db0cb0c to remote] DEBUG org.apache.http.wire - http-outgoing-6 << "Connection:close[\r][\n]"
11:39:52.695 [Forwarding executeScript on session d94198a6aa3008d5ffaf97f92db0cb0c to remote] DEBUG org.apache.http.wire - http-outgoing-6 << "[\r][\n]"
11:39:52.695 [Forwarding executeScript on session d94198a6aa3008d5ffaf97f92db0cb0c to remote] DEBUG org.apache.http.wire - http-outgoing-6 << "{"sessionId":"d94198a6aa3008d5ffaf97f92db0cb0c","status":0,"value":"complete"}"
11:39:52.695 [Forwarding executeScript on session d94198a6aa3008d5ffaf97f92db0cb0c to remote] DEBUG org.apache.http.headers - http-outgoing-6 << HTTP/1.1 200 OK
11:39:52.695 [Forwarding executeScript on session d94198a6aa3008d5ffaf97f92db0cb0c to remote] DEBUG org.apache.http.headers - http-outgoing-6 << Content-Length:78
11:39:52.695 [Forwarding executeScript on session d94198a6aa3008d5ffaf97f92db0cb0c to remote] DEBUG org.apache.http.headers - http-outgoing-6 << Content-Type:application/json; charset=utf-8
11:39:52.695 [Forwarding executeScript on session d94198a6aa3008d5ffaf97f92db0cb0c to remote] DEBUG org.apache.http.headers - http-outgoing-6 << Connection:close
11:39:52.695 [Forwarding executeScript on session d94198a6aa3008d5ffaf97f92db0cb0c to remote] DEBUG o.a.h.i.c.DefaultManagedHttpClientConnection - http-outgoing-6: Shutdown connection
11:39:52.695 [Forwarding executeScript on session d94198a6aa3008d5ffaf97f92db0cb0c to remote] DEBUG o.a.h.impl.execchain.MainClientExec - Connection discarded
11:39:52.696 [Forwarding executeScript on session d94198a6aa3008d5ffaf97f92db0cb0c to remote] DEBUG o.a.h.i.c.DefaultManagedHttpClientConnection - http-outgoing-6: Close connection
11:39:52.696 [Forwarding executeScript on session d94198a6aa3008d5ffaf97f92db0cb0c to remote] DEBUG o.a.h.i.c.PoolingHttpClientConnectionManager - Connection released: [id: 6][route: {}->http://localhost:26477][total kept alive: 0; route allocated: 0 of 2000; total allocated: 0 of 2000]
11:39:52.697 [Forwarding getPageSource on session d94198a6aa3008d5ffaf97f92db0cb0c to remote] DEBUG o.a.h.c.protocol.RequestAddCookies - CookieSpec selected: best-match
11:39:52.697 [Forwarding getPageSource on session d94198a6aa3008d5ffaf97f92db0cb0c to remote] DEBUG o.a.h.c.protocol.RequestAuthCache - Auth cache not set in the context
11:39:52.697 [Forwarding getPageSource on session d94198a6aa3008d5ffaf97f92db0cb0c to remote] DEBUG o.a.h.i.c.PoolingHttpClientConnectionManager - Connection request: [route: {}->http://localhost:26477][total kept alive: 0; route allocated: 0 of 2000; total allocated: 0 of 2000]
11:39:52.697 [Forwarding getPageSource on session d94198a6aa3008d5ffaf97f92db0cb0c to remote] DEBUG o.a.h.i.c.PoolingHttpClientConnectionManager - Connection leased: [id: 7][route: {}->http://localhost:26477][total kept alive: 0; route allocated: 1 of 2000; total allocated: 1 of 2000]
11:39:52.697 [Forwarding getPageSource on session d94198a6aa3008d5ffaf97f92db0cb0c to remote] DEBUG o.a.h.impl.execchain.MainClientExec - Opening connection {}->http://localhost:26477
11:39:52.698 [Forwarding getPageSource on session d94198a6aa3008d5ffaf97f92db0cb0c to remote] DEBUG o.a.h.i.c.HttpClientConnectionOperator - Connecting to localhost/127.0.0.1:26477
11:39:52.698 [Forwarding getPageSource on session d94198a6aa3008d5ffaf97f92db0cb0c to remote] DEBUG o.a.h.i.c.HttpClientConnectionOperator - Connection established 127.0.0.1:57270<->127.0.0.1:26477
11:39:52.698 [Forwarding getPageSource on session d94198a6aa3008d5ffaf97f92db0cb0c to remote] DEBUG o.a.h.impl.execchain.MainClientExec - Executing request GET /session/d94198a6aa3008d5ffaf97f92db0cb0c/source HTTP/1.1
11:39:52.698 [Forwarding getPageSource on session d94198a6aa3008d5ffaf97f92db0cb0c to remote] DEBUG o.a.h.impl.execchain.MainClientExec - Target auth state: UNCHALLENGED
11:39:52.698 [Forwarding getPageSource on session d94198a6aa3008d5ffaf97f92db0cb0c to remote] DEBUG o.a.h.impl.execchain.MainClientExec - Proxy auth state: UNCHALLENGED
11:39:52.698 [Forwarding getPageSource on session d94198a6aa3008d5ffaf97f92db0cb0c to remote] DEBUG org.apache.http.headers - http-outgoing-7 >> GET /session/d94198a6aa3008d5ffaf97f92db0cb0c/source HTTP/1.1
11:39:52.698 [Forwarding getPageSource on session d94198a6aa3008d5ffaf97f92db0cb0c to remote] DEBUG org.apache.http.headers - http-outgoing-7 >> Cache-Control: no-cache
11:39:52.698 [Forwarding getPageSource on session d94198a6aa3008d5ffaf97f92db0cb0c to remote] DEBUG org.apache.http.headers - http-outgoing-7 >> Host: localhost:26477
11:39:52.698 [Forwarding getPageSource on session d94198a6aa3008d5ffaf97f92db0cb0c to remote] DEBUG org.apache.http.headers - http-outgoing-7 >> Connection: Keep-Alive
11:39:52.698 [Forwarding getPageSource on session d94198a6aa3008d5ffaf97f92db0cb0c to remote] DEBUG org.apache.http.headers - http-outgoing-7 >> User-Agent: Apache-HttpClient/4.3.4 (java 1.5)
11:39:52.698 [Forwarding getPageSource on session d94198a6aa3008d5ffaf97f92db0cb0c to remote] DEBUG org.apache.http.headers - http-outgoing-7 >> Accept-Encoding: gzip,deflate
11:39:52.698 [Forwarding getPageSource on session d94198a6aa3008d5ffaf97f92db0cb0c to remote] DEBUG org.apache.http.wire - http-outgoing-7 >> "GET /session/d94198a6aa3008d5ffaf97f92db0cb0c/source HTTP/1.1[\r][\n]"
11:39:52.698 [Forwarding getPageSource on session d94198a6aa3008d5ffaf97f92db0cb0c to remote] DEBUG org.apache.http.wire - http-outgoing-7 >> "Cache-Control: no-cache[\r][\n]"
11:39:52.698 [Forwarding getPageSource on session d94198a6aa3008d5ffaf97f92db0cb0c to remote] DEBUG org.apache.http.wire - http-outgoing-7 >> "Host: localhost:26477[\r][\n]"
11:39:52.698 [Forwarding getPageSource on session d94198a6aa3008d5ffaf97f92db0cb0c to remote] DEBUG org.apache.http.wire - http-outgoing-7 >> "Connection: Keep-Alive[\r][\n]"
11:39:52.698 [Forwarding getPageSource on session d94198a6aa3008d5ffaf97f92db0cb0c to remote] DEBUG org.apache.http.wire - http-outgoing-7 >> "User-Agent: Apache-HttpClient/4.3.4 (java 1.5)[\r][\n]"
11:39:52.698 [Forwarding getPageSource on session d94198a6aa3008d5ffaf97f92db0cb0c to remote] DEBUG org.apache.http.wire - http-outgoing-7 >> "Accept-Encoding: gzip,deflate[\r][\n]"
11:39:52.698 [Forwarding getPageSource on session d94198a6aa3008d5ffaf97f92db0cb0c to remote] DEBUG org.apache.http.wire - http-outgoing-7 >> "[\r][\n]"
11:39:52.707 [Forwarding getPageSource on session d94198a6aa3008d5ffaf97f92db0cb0c to remote] DEBUG org.apache.http.wire - http-outgoing-7 << "HTTP/1.1 200 OK[\r][\n]"
11:39:52.707 [Forwarding getPageSource on session d94198a6aa3008d5ffaf97f92db0cb0c to remote] DEBUG org.apache.http.wire - http-outgoing-7 << "Content-Length:51207[\r][\n]"
11:39:52.707 [Forwarding getPageSource on session d94198a6aa3008d5ffaf97f92db0cb0c to remote] DEBUG org.apache.http.wire - http-outgoing-7 << "Content-Type:application/json; charset=utf-8[\r][\n]"
11:39:52.707 [Forwarding getPageSource on session d94198a6aa3008d5ffaf97f92db0cb0c to remote] DEBUG org.apache.http.wire - http-outgoing-7 << "Connection:close[\r][\n]"
11:39:52.707 [Forwarding getPageSource on session d94198a6aa3008d5ffaf97f92db0cb0c to remote] DEBUG org.apache.http.wire - http-outgoing-7 << "[\r][\n]"
11:39:52.709 [Forwarding getPageSource on session d94198a6aa3008d5ffaf97f92db0cb0c to remote] DEBUG org.apache.http.wire - http-outgoing-7 << "{"sessionId":"d94198a6aa3008d5ffaf97f92db0cb0c","status":0,"value":"\u003C!DOCTYPE html>\u003Chtml xmlns=\"http://www.w3.org/1999/xhtml\" class=\"no-js\">\u003Chead>\u003Cstyle type=\"text/css\">@charset \"UTF-8\";[ng\\:cloak],[ng-cloak],[data-ng-cloak],[x-ng-cloak],.ng-cloak,.x-ng-cloak,.ng-hide:not(.ng-hide-animate){display:none !important;}ng\\:form{display:block;}.ng-animate-shim{visibility:hidden;}.ng-anchor{position:absolute;}\u003C/style>\n    \u003Cmeta charset=\"utf-8\" />\n    \u003Ctitle>\u003C/title>\n    \u003Cmeta name=\"description\" content=\"\" />\n    \u003Cmeta name=\"viewport\" content=\"width=device-width\" />\n    \u003C!-- build:css(.) styles/vendor.css -->\n    \u003C!-- bower:css -->\n    \u003Clink rel=\"stylesheet\" href=\"bower_components/bootstrap/dist/css/bootstrap.css\" />\n    \u003Clink rel=\"stylesheet\" href=\"bower_components/angular-bootstrap-datetimepicker/src/css/datetimepicker.css\" />\n    \u003Clink rel=\"stylesheet\" href=\"bower_components/angular-dialog-service/dist/dialogs.min.css\" />\n    \u003C!-- endbower -->\n    \u003Clink rel=\"stylesheet\" href=\"bower_components/jquery-ui/themes/base/all.css\" />\n    \u003C!-- endbuild -->\n    \u003C!-- build:css(.tmp) styles/main.css -->\n    \u003Clink rel=\"stylesheet\" href=\"styles/main.css\" />\n    \u003C!-- endbuild -->\n  \u003C/head>\n  \u003Cbody ng-app=\"vouchersUiApp\" class=\"ng-scope\">\n    \u003C!--[if lt IE 7]>\n      \u003Cp class=\"browsehappy\">You are using an \u003Cstrong>outdated\u003C/strong> browser. Please \u003Ca href=\"http://browsehappy.com/\">upgrade your browser\u003C/a> to improve your experience.\u003C/p>\n    \u003C![endif]-->\n    \u003Cserver-connection>\u003Cdiv class=\"col-md-12 alert-message\">\n\u003C!-- ngRepeat: alert in alerts -->\n\u003C/div>\n\u003C/server-connection>\n    \u003C!-- Add your site or application content here -->\n    \u003Cdiv class=\"container\">\n\n        \u003C!-- ngView:  -->\u003Cdiv ng-view=\"\" class=\"body ng-scope\">\u003C!-- ngInclude: undefined -->\u003Cng-include src=\"'/views/header.html'\" class=\"ng-scope\">\u003Cdiv class=\"header ng-scope\">\n    \u003Cul class=\"nav nav-pills pull-right\">\n        \u003Cli>\u003Ca id=\"campaigns-header\" ng-href=\"#/\" class=\"campaigns\" href=\"#/\">Campaigns\u003C/a>\u003C/li>\n        \u003Cli>\u003Ca id=\"create-campaign-header\" ng-href=\"#/campaign\" class=\"campaign ng-hide\" data-ng-show=\"showCreateCampaign()\" href=\"#/campaign\">Create Campaign\u003C/a>\u003C/li>\n        \u003Cli>\u003Ca id=\"search-vouchers-header\" ng-href=\"#/voucher\" class=\"campaign\" href=\"#/voucher\">Search Vouchers\u003C/a>\u003C/li>\n        \u003Cli>\u003Ca id=\"search-account-header\" ng-href=\"#/account\" class=\"campaign\" href=\"#/account\">Search Account\u003C/a>\u003C/li>\n    \u003C/ul>\n    \u003Ch3>\u003Ca ng-href=\"#/\" href=\"#/\">Voucher Manager\u003C/a>\u003C/h3>\n\u003C/div>\n\u003C/ng-include>\n\u003Cdiv class=\"row name-group ng-scope\">\n  \u003Cdiv class=\"col-md-12\">\n    \u003Ch4>Campaign List\u003C/h4>\n\n    \u003Cform class=\"form-inline search-form ng-pristine ng-valid ng-valid-minlength ng-valid-maxlength\" name=\"nameForm\">\n      \u003Cdiv class=\"form-group col-md-5 \">\n        \u003Clabel for=\"search-name\">Find\u003C/label>\n        \u003Cinput type=\"text\" ng-model=\"searchName\" delayed-model=\"searchName\" name=\"name\" class=\"form-control ng-pristine ng-untouched ng-valid ng-valid-minlength ng-valid-maxlength\" id=\"search-name\" ng-minlength=\"3\" maxlength=\"50\" placeholder=\"Campaign Name (Minimum 3 characters)\" />\n        \u003Cspan id=\"searchclear\" class=\"glyphicon glyphicon-remove-circle\" ng-click=\"clearSearchName()\">\u003C/span>\n      \u003C/div>\n    \u003C/form>\n    \u003Cdiv class=\"btn-group pull-right\">\n      \u003Cbutton type=\"submit\" class=\"btn btn-success\" ng-click=\"exportFilteredList()\">Export Campaign List\u003C/button>\n    \u003C/div>\n  \u003C/div>\n\u003C/div>\n\u003Cdiv class=\"row ng-scope\">\n  \u003Cform class=\"form-inline search-form filter-campaigns ng-pristine ng-valid ng-valid-date\" name=\"searchForm\">\n    \u003Cdiv class=\"col-md-12 ng-hide\" ng-hide=\"!showFilters\">\n      \u003Chr />\n      \u003Cdiv class=\"form-group date-group\">\n        \u003Clabel for=\"start\">Start Date\u003C/label>\n\n        \u003Cdiv class=\"dropdown\">\n          \u003Ca class=\"dropdown-toggle\" id=\"start-dropdown\" role=\"button\" data-toggle=\"dropdown\" data-target=\"#\" href=\"#\" aria-haspopup=\"true\" aria-expanded=\"false\">\n            \u003Cdiv class=\"input-group\">\u003Cinput type=\"text\" size=\"20\" class=\"form-control ng-pristine ng-untouched ng-valid ng-valid-date\" name=\"start\" id=\"start\" data-ng-model=\"search.start\" ng-change=\"checkFilterDateValidity()\" />\u003Cspan class=\"input-group-addon\">\u003Ci class=\"glyphicon glyphicon-calendar\">\u003C/i>\u003C/span>\u003C/div>\n          \u003C/a>\n          \u003Cul class=\"dropdown-menu\" role=\"menu\" aria-labelledby=\"dLabel\">\n            \u003Cdiv class=\"datetimepicker table-responsive ng-isolate-scope ng-valid\" data-ng-model=\"search.start\" data-datetimepicker-config=\"{ dropdownSelector: '#start-dropdown', startView:'day', minView:'day' }\" data-on-set-time=\"setStartDate(newDate, oldDate)\">\u003Ctable class=\"table table-striped  day-view\">   \u003Cthead>       \u003Ctr>           \u003Cth class=\"left\" data-ng-click=\"changeView(data.currentView, data.leftDate, $event)\" data-ng-show=\"data.leftDate.selectable\">\u003Ci class=\"glyphicon glyphicon-arrow-left\">\u003C/i>\u003C/th>           \u003Cth class=\"switch ng-binding\" colspan=\"5\" data-ng-show=\"data.previousViewDate.selectable\" data-ng-click=\"changeView(data.previousView, data.previousViewDate, $event)\">2015-Sep\u003C/th>           \u003Cth class=\"right\" data-ng-click=\"changeView(data.currentView, data.rightDate, $event)\" data-ng-show=\"data.rightDate.selectable\">\u003Ci class=\"glyphicon glyphicon-arrow-right\">\u003C/i>\u003C/th>       \u003C/tr>       \u003Ctr>           \u003C!-- ngRepeat: day in data.dayNames -->\u003Cth class=\"dow ng-binding ng-scope\" data-ng-repeat=\"day in data.dayNames\">Su\u003C/th>\u003C!-- end ngRepeat: day in data.dayNames -->\u003Cth class=\"dow ng-binding ng-scope\" data-ng-repeat=\"day in data.dayNames\">Mo\u003C/th>\u003C!-- end ngRepeat: day in data.dayNames -->\u003Cth class=\"dow ng-binding ng-scope\" data-ng-repeat=\"day in data.dayNames\">Tu\u003C/th>\u003C!-- end ngRepeat: day in data.dayNames -->\u003Cth class=\"dow ng-binding ng-scope\" data-ng-repeat=\"day in data.dayNames\">We\u003C/th>\u003C!-- end ngRepeat: day in data.dayNames -->\u003Cth class=\"dow ng-binding ng-scope\" data-ng-repeat=\"day in data.dayNames\">Th\u003C/th>\u003C!-- end ngRepeat: day in data.dayNames -->\u003Cth class=\"dow ng-binding ng-scope\" data-ng-repeat=\"day in data.dayNames\">Fr\u003C/th>\u003C!-- end ngRepeat: day in data.dayNames -->\u003Cth class=\"dow ng-binding ng-scope\" data-ng-repeat=\"day in data.dayNames\">Sa\u003C/th>\u003C!-- end ngRepeat: day in data.dayNames -->       \u003C/tr>   \u003C/thead>   \u003Ctbody>       \u003C!-- ngIf: data.currentView !== 'day' -->       \u003C!-- ngRepeat: week in data.weeks -->\u003C!-- ngIf: data.currentView === 'day' -->\u003Ctr data-ng-if=\"data.currentView === 'day'\" data-ng-repeat=\"week in data.weeks\" class=\"ng-scope\">           \u003C!-- ngRepeat: dateObject in week.dates -->\u003Ctd data-ng-repeat=\"dateObject in week.dates\" data-ng-click=\"changeView(data.nextView, dateObject, $event)\" class=\"day ng-binding ng-scope past\" data-ng-class=\"{active: dateObject.active, past: dateObject.past, future: dateObject.future, disabled: !dateObject.selectable}\">30\u003C/td>\u003C!-- end ngRepeat: dateObject in week.dates -->\u003Ctd data-ng-repeat=\"dateObject in week.dates\" data-ng-click=\"changeView(data.nextView, dateObject, $event)\" class=\"day ng-binding ng-scope past\" data-ng-class=\"{active: dateObject.active, past: dateObject"
11:39:52.710 [Forwarding getPageSource on session d94198a6aa3008d5ffaf97f92db0cb0c to remote] DEBUG org.apache.http.headers - http-outgoing-7 << HTTP/1.1 200 OK
11:39:52.710 [Forwarding getPageSource on session d94198a6aa3008d5ffaf97f92db0cb0c to remote] DEBUG org.apache.http.headers - http-outgoing-7 << Content-Length:51207
11:39:52.710 [Forwarding getPageSource on session d94198a6aa3008d5ffaf97f92db0cb0c to remote] DEBUG org.apache.http.headers - http-outgoing-7 << Content-Type:application/json; charset=utf-8
11:39:52.710 [Forwarding getPageSource on session d94198a6aa3008d5ffaf97f92db0cb0c to remote] DEBUG org.apache.http.headers - http-outgoing-7 << Connection:close
11:39:52.711 [Forwarding getPageSource on session d94198a6aa3008d5ffaf97f92db0cb0c to remote] DEBUG org.apache.http.wire - http-outgoing-7 << ".past, future: dateObject.future, disabled: !dateObject.selectable}\">31\u003C/td>\u003C!-- end ngRepeat: dateObject in week.dates -->\u003Ctd data-ng-repeat=\"dateObject in week.dates\" data-ng-click=\"changeView(data.nextView, dateObject, $event)\" class=\"day ng-binding ng-scope\" data-ng-class=\"{active: dateObject.active, past: dateObject.past, future: dateObject.future, disabled: !dateObject.selectable}\">1\u003C/td>\u003C!-- end ngRepeat: dateObject in week.dates -->\u003Ctd data-ng-repeat=\"dateObject in week.dates\" data-ng-click=\"changeView(data.nextView, dateObject, $event)\" class=\"day ng-binding ng-scope\" data-ng-class=\"{active: dateObject.active, past: dateObject.past, future: dateObject.future, disabled: !dateObject.selectable}\">2\u003C/td>\u003C!-- end ngRepeat: dateObject in week.dates -->\u003Ctd data-ng-repeat=\"dateObject in week.dates\" data-ng-click=\"changeView(data.nextView, dateObject, $event)\" class=\"day ng-binding ng-scope\" data-ng-class=\"{active: dateObject.active, past: dateObject.past, future: dateObject.future, disabled: !dateObject.selectable}\">3\u003C/td>\u003C!-- end ngRepeat: dateObject in week.dates -->\u003Ctd data-ng-repeat=\"dateObject in week.dates\" data-ng-click=\"changeView(data.nextView, dateObject, $event)\" class=\"day ng-binding ng-scope\" data-ng-class=\"{active: dateObject.active, past: dateObject.past, future: dateObject.future, disabled: !dateObject.selectable}\">4\u003C/td>\u003C!-- end ngRepeat: dateObject in week.dates -->\u003Ctd data-ng-repeat=\"dateObject in week.dates\" data-ng-click=\"changeView(data.nextView, dateObject, $event)\" class=\"day ng-binding ng-scope\" data-ng-class=\"{active: dateObject.active, past: dateObject.past, future: dateObject.future, disabled: !dateObject.selectable}\">5\u003C/td>\u003C!-- end ngRepeat: dateObject in week.dates -->       \u003C/tr>\u003C!-- end ngIf: data.currentView === 'day' -->\u003C!-- end ngRepeat: week in data.weeks -->\u003C!-- ngIf: data.currentView === 'day' -->\u003Ctr data-ng-if=\"data.currentView === 'day'\" data-ng-repeat=\"week in data.weeks\" class=\"ng-scope\">           \u003C!-- ngRepeat: dateObject in week.dates -->\u003Ctd data-ng-repeat=\"dateObject in week.dates\" data-ng-click=\"changeView(data.nextView, dateObject, $event)\" class=\"day ng-binding ng-scope\" data-ng-class=\"{active: dateObject.active, past: dateObject.past, future: dateObject.future, disabled: !dateObject.selectable}\">6\u003C/td>\u003C!-- end ngRepeat: dateObject in week.dates -->\u003Ctd data-ng-repeat=\"dateObject in week.dates\" data-ng-click=\"changeView(data.nextView, dateObject, $event)\" class=\"day ng-binding ng-scope\" data-ng-class=\"{active: dateObject.active, past: dateObject.past, future: dateObject.future, disabled: !dateObject.selectable}\">7\u003C/td>\u003C!-- end ngRepeat: dateObject in week.dates -->\u003Ctd data-ng-repeat=\"dateObject in week.dates\" data-ng-click=\"changeView(data.nextView, dateObject, $event)\" class=\"day ng-binding ng-scope\" data-ng-class=\"{active: dateObject.active, past: dateObject.past, future: dateObject.future, disabled: !dateObject.selectable}\">8\u003C/td>\u003C!-- end ngRepeat: dateObject in week.dates -->\u003Ctd data-ng-repeat=\"dateObject in week.dates\" data-ng-click=\"changeView(data.nextView, dateObject, $event)\" class=\"day ng-binding ng-scope\" data-ng-class=\"{active: dateObject.active, past: dateObject.past, future: dateObject.future, disabled: !dateObject.selectable}\">9\u003C/td>\u003C!-- end ngRepeat: dateObject in week.dates -->\u003Ctd data-ng-repeat=\"dateObject in week.dates\" data-ng-click=\"changeView(data.nextView, dateObject, $event)\" class=\"day ng-binding ng-scope\" data-ng-class=\"{active: dateObject.active, past: dateObject.past, future: dateObject.future, disabled: !dateObject.selectable}\">10\u003C/td>\u003C!-- end ngRepeat: dateObject in week.dates -->\u003Ctd data-ng-repeat=\"dateObject in week.dates\" data-ng-click=\"changeView(data.nextView, dateObject, $event)\" class=\"day ng-binding ng-scope\" data-ng-class=\"{active: dateObject.active, "
11:39:52.712 [Forwarding getPageSource on session d94198a6aa3008d5ffaf97f92db0cb0c to remote] DEBUG org.apache.http.wire - http-outgoing-7 << "past: dateObject.past, future: dateObject.future, disabled: !dateObject.selectable}\">11\u003C/td>\u003C!-- end ngRepeat: dateObject in week.dates -->\u003Ctd data-ng-repeat=\"dateObject in week.dates\" data-ng-click=\"changeView(data.nextView, dateObject, $event)\" class=\"day ng-binding ng-scope\" data-ng-class=\"{active: dateObject.active, past: dateObject.past, future: dateObject.future, disabled: !dateObject.selectable}\">12\u003C/td>\u003C!-- end ngRepeat: dateObject in week.dates -->       \u003C/tr>\u003C!-- end ngIf: data.currentView === 'day' -->\u003C!-- end ngRepeat: week in data.weeks -->\u003C!-- ngIf: data.currentView === 'day' -->\u003Ctr data-ng-if=\"data.currentView === 'day'\" data-ng-repeat=\"week in data.weeks\" class=\"ng-scope\">           \u003C!-- ngRepeat: dateObject in week.dates -->\u003Ctd data-ng-repeat=\"dateObject in week.dates\" data-ng-click=\"changeView(data.nextView, dateObject, $event)\" class=\"day ng-binding ng-scope\" data-ng-class=\"{active: dateObject.active, past: dateObject.past, future: dateObject.future, disabled: !dateObject.selectable}\">13\u003C/td>\u003C!-- end ngRepeat: dateObject in week.dates -->\u003Ctd data-ng-repeat=\"dateObject in week.dates\" data-ng-click=\"changeView(data.nextView, dateObject, $event)\" class=\"day ng-binding ng-scope\" data-ng-class=\"{active: dateObject.active, past: dateObject.past, future: dateObject.future, disabled: !dateObject.selectable}\">14\u003C/td>\u003C!-- end ngRepeat: dateObject in week.dates -->\u003Ctd data-ng-repeat=\"dateObject in week.dates\" data-ng-click=\"changeView(data.nextView, dateObject, $event)\" class=\"day ng-binding ng-scope\" data-ng-class=\"{active: dateObject.active, past: dateObject.past, future: dateObject.future, disabled: !dateObject.selectable}\">15\u003C/td>\u003C!-- end ngRepeat: dateObject in week.dates -->\u003Ctd data-ng-repeat=\"dateObject in week.dates\" data-ng-click=\"changeView(data.nextView, dateObject, $event)\" class=\"day ng-binding ng-scope\" data-ng-class=\"{active: dateObject.active, past: dateObject.past, future: dateObject.future, disabled: !dateObject.selectable}\">16\u003C/td>\u003C!-- end ngRepeat: dateObject in week.dates -->\u003Ctd data-ng-repeat=\"dateObject in week.dates\" data-ng-click=\"changeView(data.nextView, dateObject, $event)\" class=\"day ng-binding ng-scope\" data-ng-class=\"{active: dateObject.active, past: dateObject.past, future: dateObject.future, disabled: !dateObject.selectable}\">17\u003C/td>\u003C!-- end ngRepeat: dateObject in week.dates -->\u003Ctd data-ng-repeat=\"dateObject in week.dates\" data-ng-click=\"changeView(data.nextView, dateObject, $event)\" class=\"day ng-binding ng-scope\" data-ng-class=\"{active: dateObject.active, past: dateObject.past, future: dateObject.future, disabled: !dateObject.selectable}\">18\u003C/td>\u003C!-- end ngRepeat: dateObject in week.dates -->\u003Ctd data-ng-repeat=\"dateObject in week.dates\" data-ng-click=\"changeView(data.nextView, dateObject, $event)\" class=\"day ng-binding ng-scope\" data-ng-class=\"{active: dateObject.active, past: dateObject.past, future: dateObject.future, disabled: !dateObject.selectable}\">19\u003C/td>\u003C!-- end ngRepeat: dateObject in week.dates -->       \u003C/tr>\u003C!-- end ngIf: data.currentView === 'day' -->\u003C!-- end ngRepeat: week in data.weeks -->\u003C!-- ngIf: data.currentView === 'day' -->\u003Ctr data-ng-if=\"data.currentView === 'day'\" data-ng-repeat=\"week in data.weeks\" class=\"ng-scope\">           \u003C!-- ngRepeat: dateObject in week.dates -->\u003Ctd data-ng-repeat=\"dateObject in week.dates\" data-ng-click=\"changeView(data.nextView, dateObject, $event)\" class=\"day ng-binding ng-scope\" data-ng-class=\"{active: dateObject.active, past: dateObject.past, future: dateObject.future, disabled: !dateObject.selectable}\">20\u003C/td>\u003C!-- end ngRepeat: dateObject in week.dates -->\u003Ctd data-ng-repeat=\"dateObject in week.dates\" data-ng-click=\"changeView(data.nextView, dateObject, $event)\" class=\"day ng-binding ng-scope\" data-ng-class=\"{active: dateObject.ac"
11:39:52.713 [Forwarding getPageSource on session d94198a6aa3008d5ffaf97f92db0cb0c to remote] DEBUG org.apache.http.wire - http-outgoing-7 << "tive, past: dateObject.past, future: dateObject.future, disabled: !dateObject.selectable}\">21\u003C/td>\u003C!-- end ngRepeat: dateObject in week.dates -->\u003Ctd data-ng-repeat=\"dateObject in week.dates\" data-ng-click=\"changeView(data.nextView, dateObject, $event)\" class=\"day ng-binding ng-scope\" data-ng-class=\"{active: dateObject.active, past: dateObject.past, future: dateObject.future, disabled: !dateObject.selectable}\">22\u003C/td>\u003C!-- end ngRepeat: dateObject in week.dates -->\u003Ctd data-ng-repeat=\"dateObject in week.dates\" data-ng-click=\"changeView(data.nextView, dateObject, $event)\" class=\"day ng-binding ng-scope\" data-ng-class=\"{active: dateObject.active, past: dateObject.past, future: dateObject.future, disabled: !dateObject.selectable}\">23\u003C/td>\u003C!-- end ngRepeat: dateObject in week.dates -->\u003Ctd data-ng-repeat=\"dateObject in week.dates\" data-ng-click=\"changeView(data.nextView, dateObject, $event)\" class=\"day ng-binding ng-scope\" data-ng-class=\"{active: dateObject.active, past: dateObject.past, future: dateObject.future, disabled: !dateObject.selectable}\">24\u003C/td>\u003C!-- end ngRepeat: dateObject in week.dates -->\u003Ctd data-ng-repeat=\"dateObject in week.dates\" data-ng-click=\"changeView(data.nextView, dateObject, $event)\" class=\"day ng-binding ng-scope\" data-ng-class=\"{active: dateObject.active, past: dateObject.past, future: dateObject.future, disabled: !dateObject.selectable}\">25\u003C/td>\u003C!-- end ngRepeat: dateObject in week.dates -->\u003Ctd data-ng-repeat=\"dateObject in week.dates\" data-ng-click=\"changeView(data.nextView, dateObject, $event)\" class=\"day ng-binding ng-scope\" data-ng-class=\"{active: dateObject.active, past: dateObject.past, future: dateObject.future, disabled: !dateObject.selectable}\">26\u003C/td>\u003C!-- end ngRepeat: dateObject in week.dates -->       \u003C/tr>\u003C!-- end ngIf: data.currentView === 'day' -->\u003C!-- end ngRepeat: week in data.weeks -->\u003C!-- ngIf: data.currentView === 'day' -->\u003Ctr data-ng-if=\"data.currentView === 'day'\" data-ng-repeat=\"week in data.weeks\" class=\"ng-scope\">           \u003C!-- ngRepeat: dateObject in week.dates -->\u003Ctd data-ng-repeat=\"dateObject in week.dates\" data-ng-click=\"changeView(data.nextView, dateObject, $event)\" class=\"day ng-binding ng-scope\" data-ng-class=\"{active: dateObject.active, past: dateObject.past, future: dateObject.future, disabled: !dateObject.selectable}\">27\u003C/td>\u003C!-- end ngRepeat: dateObject in week.dates -->\u003Ctd data-ng-repeat=\"dateObject in week.dates\" data-ng-click=\"changeView(data.nextView, dateObject, $event)\" class=\"day ng-binding ng-scope\" data-ng-class=\"{active: dateObject.active, past: dateObject.past, future: dateObject.future, disabled: !dateObject.selectable}\">28\u003C/td>\u003C!-- end ngRepeat: dateObject in week.dates -->\u003Ctd data-ng-repeat=\"dateObject in week.dates\" data-ng-click=\"changeView(data.nextView, dateObject, $event)\" class=\"day ng-binding ng-scope\" data-ng-class=\"{active: dateObject.active, past: dateObject.past, future: dateObject.future, disabled: !dateObject.selectable}\">29\u003C/td>\u003C!-- end ngRepeat: dateObject in week.dates -->\u003Ctd data-ng-repeat=\"dateObject in week.dates\" data-ng-click=\"changeView(data.nextView, dateObject, $event)\" class=\"day ng-binding ng-scope\" data-ng-class=\"{active: dateObject.active, past: dateObject.past, future: dateObject.future, disabled: !dateObject.selectable}\">30\u003C/td>\u003C!-- end ngRepeat: dateObject in week.dates -->\u003Ctd data-ng-repeat=\"dateObject in week.dates\" data-ng-click=\"changeView(data.nextView, dateObject, $event)\" class=\"day ng-binding ng-scope future\" data-ng-class=\"{active: dateObject.active, past: dateObject.past, future: dateObject.future, disabled: !dateObject.selectable}\">1\u003C/td>\u003C!-- end ngRepeat: dateObject in week.dates -->\u003Ctd data-ng-repeat=\"dateObject in week.dates\" data-ng-click=\"changeView(data.nextView, dateObject, $event)\" class=\"day ng-binding ng-scope future\" "
11:39:52.714 [Forwarding getPageSource on session d94198a6aa3008d5ffaf97f92db0cb0c to remote] DEBUG org.apache.http.wire - http-outgoing-7 << "data-ng-class=\"{active: dateObject.active, past: dateObject.past, future: dateObject.future, disabled: !dateObject.selectable}\">2\u003C/td>\u003C!-- end ngRepeat: dateObject in week.dates -->\u003Ctd data-ng-repeat=\"dateObject in week.dates\" data-ng-click=\"changeView(data.nextView, dateObject, $event)\" class=\"day ng-binding ng-scope future\" data-ng-class=\"{active: dateObject.active, past: dateObject.past, future: dateObject.future, disabled: !dateObject.selectable}\">3\u003C/td>\u003C!-- end ngRepeat: dateObject in week.dates -->       \u003C/tr>\u003C!-- end ngIf: data.currentView === 'day' -->\u003C!-- end ngRepeat: week in data.weeks -->\u003C!-- ngIf: data.currentView === 'day' -->\u003Ctr data-ng-if=\"data.currentView === 'day'\" data-ng-repeat=\"week in data.weeks\" class=\"ng-scope\">           \u003C!-- ngRepeat: dateObject in week.dates -->\u003Ctd data-ng-repeat=\"dateObject in week.dates\" data-ng-click=\"changeView(data.nextView, dateObject, $event)\" class=\"day ng-binding ng-scope future\" data-ng-class=\"{active: dateObject.active, past: dateObject.past, future: dateObject.future, disabled: !dateObject.selectable}\">4\u003C/td>\u003C!-- end ngRepeat: dateObject in week.dates -->\u003Ctd data-ng-repeat=\"dateObject in week.dates\" data-ng-click=\"changeView(data.nextView, dateObject, $event)\" class=\"day ng-binding ng-scope future\" data-ng-class=\"{active: dateObject.active, past: dateObject.past, future: dateObject.future, disabled: !dateObject.selectable}\">5\u003C/td>\u003C!-- end ngRepeat: dateObject in week.dates -->\u003Ctd data-ng-repeat=\"dateObject in week.dates\" data-ng-click=\"changeView(data.nextView, dateObject, $event)\" class=\"day ng-binding ng-scope future\" data-ng-class=\"{active: dateObject.active, past: dateObject.past, future: dateObject.future, disabled: !dateObject.selectable}\">6\u003C/td>\u003C!-- end ngRepeat: dateObject in week.dates -->\u003Ctd data-ng-repeat=\"dateObject in week.dates\" data-ng-click=\"changeView(data.nextView, dateObject, $event)\" class=\"day ng-binding ng-scope future\" data-ng-class=\"{active: dateObject.active, past: dateObject.past, future: dateObject.future, disabled: !dateObject.selectable}\">7\u003C/td>\u003C!-- end ngRepeat: dateObject in week.dates -->\u003Ctd data-ng-repeat=\"dateObject in week.dates\" data-ng-click=\"changeView(data.nextView, dateObject, $event)\" class=\"day ng-binding ng-scope future\" data-ng-class=\"{active: dateObject.active, past: dateObject.past, future: dateObject.future, disabled: !dateObject.selectable}\">8\u003C/td>\u003C!-- end ngRepeat: dateObject in week.dates -->\u003Ctd data-ng-repeat=\"dateObject in week.dates\" data-ng-click=\"changeView(data.nextView, dateObject, $event)\" class=\"day ng-binding ng-scope future\" data-ng-class=\"{active: dateObject.active, past: dateObject.past, future: dateObject.future, disabled: !dateObject.selectable}\">9\u003C/td>\u003C!-- end ngRepeat: dateObject in week.dates -->\u003Ctd data-ng-repeat=\"dateObject in week.dates\" data-ng-click=\"changeView(data.nextView, dateObject, $event)\" class=\"day ng-binding ng-scope future\" data-ng-class=\"{active: dateObject.active, past: dateObject.past, future: dateObject.future, disabled: !dateObject.selectable}\">10\u003C/td>\u003C!-- end ngRepeat: dateObject in week.dates -->       \u003C/tr>\u003C!-- end ngIf: data.currentView === 'day' -->\u003C!-- end ngRepeat: week in data.weeks -->   \u003C/tbody>\u003C/table>\u003C/div>\n          \u003C/ul>\n        \u003C/div>\n      \u003C/div>\n      \u003Cdiv class=\"form-group  date-group\">\n        \u003Clabel for=\"end\">End Date\u003C/label>\n        \u003Cdiv class=\"dropdown\">\n          \u003Ca class=\"dropdown-toggle\" id=\"end-dropdown\" role=\"button\" data-toggle=\"dropdown\" data-target=\"#\" href=\"#\" aria-haspopup=\"true\" aria-expanded=\"false\">\n            \u003Cdiv class=\"input-group\">\u003Cinput type=\"text\" size=\"20\" class=\"form-control ng-pristine ng-untouched ng-valid ng-valid-date\" name=\"end\" id=\"end\" data-ng-model=\"search.end\" ng-change=\"check"
11:39:52.715 [Forwarding getPageSource on session d94198a6aa3008d5ffaf97f92db0cb0c to remote] DEBUG org.apache.http.wire - http-outgoing-7 << "FilterDateValidity()\" />\u003Cspan class=\"input-group-addon\">\u003Ci class=\"glyphicon glyphicon-calendar\">\u003C/i>\u003C/span>\u003C/div>\n          \u003C/a>\n          \u003Cul class=\"dropdown-menu\" role=\"menu\" aria-labelledby=\"dLabel\">\n            \u003Cdiv class=\"datetimepicker table-responsive ng-isolate-scope ng-valid\" data-ng-model=\"search.end\" data-datetimepicker-config=\"{ dropdownSelector: '#end-dropdown', startView:'day', minView:'day' }\" data-on-set-time=\"setEndDate(newDate, oldDate)\">\u003Ctable class=\"table table-striped  day-view\">   \u003Cthead>       \u003Ctr>           \u003Cth class=\"left\" data-ng-click=\"changeView(data.currentView, data.leftDate, $event)\" data-ng-show=\"data.leftDate.selectable\">\u003Ci class=\"glyphicon glyphicon-arrow-left\">\u003C/i>\u003C/th>           \u003Cth class=\"switch ng-binding\" colspan=\"5\" data-ng-show=\"data.previousViewDate.selectable\" data-ng-click=\"changeView(data.previousView, data.previousViewDate, $event)\">2015-Sep\u003C/th>           \u003Cth class=\"right\" data-ng-click=\"changeView(data.currentView, data.rightDate, $event)\" data-ng-show=\"data.rightDate.selectable\">\u003Ci class=\"glyphicon glyphicon-arrow-right\">\u003C/i>\u003C/th>       \u003C/tr>       \u003Ctr>           \u003C!-- ngRepeat: day in data.dayNames -->\u003Cth class=\"dow ng-binding ng-scope\" data-ng-repeat=\"day in data.dayNames\">Su\u003C/th>\u003C!-- end ngRepeat: day in data.dayNames -->\u003Cth class=\"dow ng-binding ng-scope\" data-ng-repeat=\"day in data.dayNames\">Mo\u003C/th>\u003C!-- end ngRepeat: day in data.dayNames -->\u003Cth class=\"dow ng-binding ng-scope\" data-ng-repeat=\"day in data.dayNames\">Tu\u003C/th>\u003C!-- end ngRepeat: day in data.dayNames -->\u003Cth class=\"dow ng-binding ng-scope\" data-ng-repeat=\"day in data.dayNames\">We\u003C/th>\u003C!-- end ngRepeat: day in data.dayNames -->\u003Cth class=\"dow ng-binding ng-scope\" data-ng-repeat=\"day in data.dayNames\">Th\u003C/th>\u003C!-- end ngRepeat: day in data.dayNames -->\u003Cth class=\"dow ng-binding ng-scope\" data-ng-repeat=\"day in data.dayNames\">Fr\u003C/th>\u003C!-- end ngRepeat: day in data.dayNames -->\u003Cth class=\"dow ng-binding ng-scope\" data-ng-repeat=\"day in data.dayNames\">Sa\u003C/th>\u003C!-- end ngRepeat: day in data.dayNames -->       \u003C/tr>   \u003C/thead>   \u003Ctbody>       \u003C!-- ngIf: data.currentView !== 'day' -->       \u003C!-- ngRepeat: week in data.weeks -->\u003C!-- ngIf: data.currentView === 'day' -->\u003Ctr data-ng-if=\"data.currentView === 'day'\" data-ng-repeat=\"week in data.weeks\" class=\"ng-scope\">           \u003C!-- ngRepeat: dateObject in week.dates -->\u003Ctd data-ng-repeat=\"dateObject in week.dates\" data-ng-click=\"changeView(data.nextView, dateObject, $event)\" class=\"day ng-binding ng-scope past\" data-ng-class=\"{active: dateObject.active, past: dateObject.past, future: dateObject.future, disabled: !dateObject.selectable}\">30\u003C/td>\u003C!-- end ngRepeat: dateObject in week.dates -->\u003Ctd data-ng-repeat=\"dateObject in week.dates\" data-ng-click=\"changeView(data.nextView, dateObject, $event)\" class=\"day ng-binding ng-scope past\" data-ng-class=\"{active: dateObject.active, past: dateObject.past, future: dateObject.future, disabled: !dateObject.selectable}\">31\u003C/td>\u003C!-- end ngRepeat: dateObject in week.dates -->\u003Ctd data-ng-repeat=\"dateObject in week.dates\" data-ng-click=\"changeView(data.nextView, dateObject, $event)\" class=\"day ng-binding ng-scope\" data-ng-class=\"{active: dateObject.active, past: dateObject.past, future: dateObject.future, disabled: !dateObject.selectable}\">1\u003C/td>\u003C!-- end ngRepeat: dateObject in week.dates -->\u003Ctd data-ng-repeat=\"dateObject in week.dates\" data-ng-click=\"changeView(data.nextView, dateObject, $event)\" class=\"day ng-binding ng-scope\" data-ng-class=\"{active: dateObject.active, past: dateObject.past, future: dateObject.future, disabled: !dateObject.selectable}\">2\u003C/td>\u003C!-- end ngRepeat: dateObject in week.dates -->\u003Ctd"
11:39:52.716 [Forwarding getPageSource on session d94198a6aa3008d5ffaf97f92db0cb0c to remote] DEBUG org.apache.http.wire - http-outgoing-7 << " data-ng-repeat=\"dateObject in week.dates\" data-ng-click=\"changeView(data.nextView, dateObject, $event)\" class=\"day ng-binding ng-scope\" data-ng-class=\"{active: dateObject.active, past: dateObject.past, future: dateObject.future, disabled: !dateObject.selectable}\">3\u003C/td>\u003C!-- end ngRepeat: dateObject in week.dates -->\u003Ctd data-ng-repeat=\"dateObject in week.dates\" data-ng-click=\"changeView(data.nextView, dateObject, $event)\" class=\"day ng-binding ng-scope\" data-ng-class=\"{active: dateObject.active, past: dateObject.past, future: dateObject.future, disabled: !dateObject.selectable}\">4\u003C/td>\u003C!-- end ngRepeat: dateObject in week.dates -->\u003Ctd data-ng-repeat=\"dateObject in week.dates\" data-ng-click=\"changeView(data.nextView, dateObject, $event)\" class=\"day ng-binding ng-scope\" data-ng-class=\"{active: dateObject.active, past: dateObject.past, future: dateObject.future, disabled: !dateObject.selectable}\">5\u003C/td>\u003C!-- end ngRepeat: dateObject in week.dates -->       \u003C/tr>\u003C!-- end ngIf: data.currentView === 'day' -->\u003C!-- end ngRepeat: week in data.weeks -->\u003C!-- ngIf: data.currentView === 'day' -->\u003Ctr data-ng-if=\"data.currentView === 'day'\" data-ng-repeat=\"week in data.weeks\" class=\"ng-scope\">           \u003C!-- ngRepeat: dateObject in week.dates -->\u003Ctd data-ng-repeat=\"dateObject in week.dates\" data-ng-click=\"changeView(data.nextView, dateObject, $event)\" class=\"day ng-binding ng-scope\" data-ng-class=\"{active: dateObject.active, past: dateObject.past, future: dateObject.future, disabled: !dateObject.selectable}\">6\u003C/td>\u003C!-- end ngRepeat: dateObject in week.dates -->\u003Ctd data-ng-repeat=\"dateObject in week.dates\" data-ng-click=\"changeView(data.nextView, dateObject, $event)\" class=\"day ng-binding ng-scope\" data-ng-class=\"{active: dateObject.active, past: dateObject.past, future: dateObject.future, disabled: !dateObject.selectable}\">7\u003C/td>\u003C!-- end ngRepeat: dateObject in week.dates -->\u003Ctd data-ng-repeat=\"dateObject in week.dates\" data-ng-click=\"changeView(data.nextView, dateObject, $event)\" class=\"day ng-binding ng-scope\" data-ng-class=\"{active: dateObject.active, past: dateObject.past, future: dateObject.future, disabled: !dateObject.selectable}\">8\u003C/td>\u003C!-- end ngRepeat: dateObject in week.dates -->\u003Ctd data-ng-repeat=\"dateObject in week.dates\" data-ng-click=\"changeView(data.nextView, dateObject, $event)\" class=\"day ng-binding ng-scope\" data-ng-class=\"{active: dateObject.active, past: dateObject.past, future: dateObject.future, disabled: !dateObject.selectable}\">9\u003C/td>\u003C!-- end ngRepeat: dateObject in week.dates -->\u003Ctd data-ng-repeat=\"dateObject in week.dates\" data-ng-click=\"changeView(data.nextView, dateObject, $event)\" class=\"day ng-binding ng-scope\" data-ng-class=\"{active: dateObject.active, past: dateObject.past, future: dateObject.future, disabled: !dateObject.selectable}\">10\u003C/td>\u003C!-- end ngRepeat: dateObject in week.dates -->\u003Ctd data-ng-repeat=\"dateObject in week.dates\" data-ng-click=\"changeView(data.nextView, dateObject, $event)\" class=\"day ng-binding ng-scope\" data-ng-class=\"{active: dateObject.active, past: dateObject.past, future: dateObject.future, disabled: !dateObject.selectable}\">11\u003C/td>\u003C!-- end ngRepeat: dateObject in week.dates -->\u003Ctd data-ng-repeat=\"dateObject in week.dates\" data-ng-click=\"changeView(data.nextView, dateObject, $event)\" class=\"day ng-binding ng-scope\" data-ng-class=\"{active: dateObject.active, past: dateObject.past, future: dateObject.future, disabled: !dateObject.selectable}\">12\u003C/td>\u003C!-- end ngRepeat: dateObject in week.dates -->       \u003C/tr>\u003C!-- end ngIf: data.currentView === 'day' -->\u003C!-- end ngRepeat: week in data.weeks -->\u003C!-- ngIf: data.currentView === 'day' -->\u003Ctr data-ng-if=\"data.currentView === 'day'\" data-ng-repeat=\"week in data.weeks\" class=\"ng-scope\">           \u003C!-- ngRepeat: dateObject in week.dates -->\u003Ctd "
11:39:52.716 [Forwarding getPageSource on session d94198a6aa3008d5ffaf97f92db0cb0c to remote] DEBUG org.apache.http.wire - http-outgoing-7 << "data-ng-repeat=\"dateObject in week.dates\" data-ng-click=\"changeView(data.nextView, dateObject, $event)\" class=\"day ng-binding ng-scope\" data-ng-class=\"{active: dateObject.active, past: dateObject.past, future: dateObject.future, disabled: !dateObject.selectable}\">13\u003C/td>\u003C!-- end ngRepeat: dateObject in week.dates -->\u003Ctd data-ng-repeat=\"dateObject in week.dates\" data-ng-click=\"changeView(data.nextView, dateObject, $event)\" class=\"day ng-binding ng-scope\" data-ng-class=\"{active: dateObject.active, past: dateObject.past, future: dateObject.future, disabled: !dateObject.selectable}\">14\u003C/td>\u003C!-- end ngRepeat: dateObject in week.dates -->\u003Ctd data-ng-repeat=\"dateObject in week.dates\" data-ng-click=\"changeView(data.nextView, dateObject, $event)\" class=\"day ng-binding ng-scope\" data-ng-class=\"{active: dateObject.active, past: dateObject.past, future: dateObject.future, disabled: !dateObject.selectable}\">15\u003C/td>\u003C!-- end ngRepeat: dateObject in week.dates -->\u003Ctd data-ng-repeat=\"dateObject in week.dates\" data-ng-click=\"changeView(data.nextView, dateObject, $event)\" class=\"day ng-binding ng-scope\" data-ng-class=\"{active: dateObject.active, past: dateObject.past, future: dateObject.future, disabled: !dateObject.selectable}\">16\u003C/td>\u003C!-- end ngRepeat: dateObject in week.dates -->\u003Ctd data-ng-repeat=\"dateObject in week.dates\" data-ng-click=\"changeView(data.nextView, dateObject, $event)\" class=\"day ng-binding ng-scope\" data-ng-class=\"{active: dateObject.active, past: dateObject.past, future: dateObject.future, disabled: !dateObject.selectable}\">17\u003C/td>\u003C!-- end ngRepeat: dateObject in week.dates -->\u003Ctd data-ng-repeat=\"dateObject in week.dates\" data-ng-click=\"changeView(data.nextView, dateObject, $event)\" class=\"day ng-binding ng-scope\" data-ng-class=\"{active: dateObject.active, past: dateObject.past, future: dateObject.future, disabled: !dateObject.selectable}\">18\u003C/td>\u003C!-- end ngRepeat: dateObject in week.dates -->\u003Ctd data-ng-repeat=\"dateObject in week.dates\" data-ng-click=\"changeView(data.nextView, dateObject, $event)\" class=\"day ng-binding ng-scope\" data-ng-class=\"{active: dateObject.active, past: dateObject.past, future: dateObject.future, disabled: !dateObject.selectable}\">19\u003C/td>\u003C!-- end ngRepeat: dateObject in week.dates -->       \u003C/tr>\u003C!-- end ngIf: data.currentView === 'day' -->\u003C!-- end ngRepeat: week in data.weeks -->\u003C!-- ngIf: data.currentView === 'day' -->\u003Ctr data-ng-if=\"data.currentView === 'day'\" data-ng-repeat=\"week in data.weeks\" class=\"ng-scope\">           \u003C!-- ngRepeat: dateObject in week.dates -->\u003Ctd data-ng-repeat=\"dateObject in week.dates\" data-ng-click=\"changeView(data.nextView, dateObject, $event)\" class=\"day ng-binding ng-scope\" data-ng-class=\"{active: dateObject.active, past: dateObject.past, future: dateObject.future, disabled: !dateObject.selectable}\">20\u003C/td>\u003C!-- end ngRepeat: dateObject in week.dates -->\u003Ctd data-ng-repeat=\"dateObject in week.dates\" data-ng-click=\"changeView(data.nextView, dateObject, $event)\" class=\"day ng-binding ng-scope\" data-ng-class=\"{active: dateObject.active, past: dateObject.past, future: dateObject.future, disabled: !dateObject.selectable}\">21\u003C/td>\u003C!-- end ngRepeat: dateObject in week.dates -->\u003Ctd data-ng-repeat=\"dateObject in week.dates\" data-ng-click=\"changeView(data.nextView, dateObject, $event)\" class=\"day ng-binding ng-scope\" data-ng-class=\"{active: dateObject.active, past: dateObject.past, future: dateObject.future, disabled: !dateObject.selectable}\">22\u003C/td>\u003C!-- end ngRepeat: dateObject in week.dates -->\u003Ctd data-ng-repeat=\"dateObject in week.dates\" data-ng-click=\"changeView(data.nextView, dateObject, $event)\" class=\"day ng-binding ng-scope\" data-ng-class=\"{active: dateObject.active, past: dateObject.past, future: dateObject.future, disabled: !dateObject.selectable}\">23\u003C/td>\u003C!-- end ngRepeat: dateObject i"
11:39:52.717 [Forwarding getPageSource on session d94198a6aa3008d5ffaf97f92db0cb0c to remote] DEBUG org.apache.http.wire - http-outgoing-7 << "n week.dates -->\u003Ctd data-ng-repeat=\"dateObject in week.dates\" data-ng-click=\"changeView(data.nextView, dateObject, $event)\" class=\"day ng-binding ng-scope\" data-ng-class=\"{active: dateObject.active, past: dateObject.past, future: dateObject.future, disabled: !dateObject.selectable}\">24\u003C/td>\u003C!-- end ngRepeat: dateObject in week.dates -->\u003Ctd data-ng-repeat=\"dateObject in week.dates\" data-ng-click=\"changeView(data.nextView, dateObject, $event)\" class=\"day ng-binding ng-scope\" data-ng-class=\"{active: dateObject.active, past: dateObject.past, future: dateObject.future, disabled: !dateObject.selectable}\">25\u003C/td>\u003C!-- end ngRepeat: dateObject in week.dates -->\u003Ctd data-ng-repeat=\"dateObject in week.dates\" data-ng-click=\"changeView(data.nextView, dateObject, $event)\" class=\"day ng-binding ng-scope\" data-ng-class=\"{active: dateObject.active, past: dateObject.past, future: dateObject.future, disabled: !dateObject.selectable}\">26\u003C/td>\u003C!-- end ngRepeat: dateObject in week.dates -->       \u003C/tr>\u003C!-- end ngIf: data.currentView === 'day' -->\u003C!-- end ngRepeat: week in data.weeks -->\u003C!-- ngIf: data.currentView === 'day' -->\u003Ctr data-ng-if=\"data.currentView === 'day'\" data-ng-repeat=\"week in data.weeks\" class=\"ng-scope\">           \u003C!-- ngRepeat: dateObject in week.dates -->\u003Ctd data-ng-repeat=\"dateObject in week.dates\" data-ng-click=\"changeView(data.nextView, dateObject, $event)\" class=\"day ng-binding ng-scope\" data-ng-class=\"{active: dateObject.active, past: dateObject.past, future: dateObject.future, disabled: !dateObject.selectable}\">27\u003C/td>\u003C!-- end ngRepeat: dateObject in week.dates -->\u003Ctd data-ng-repeat=\"dateObject in week.dates\" data-ng-click=\"changeView(data.nextView, dateObject, $event)\" class=\"day ng-binding ng-scope\" data-ng-class=\"{active: dateObject.active, past: dateObject.past, future: dateObject.future, disabled: !dateObject.selectable}\">28\u003C/td>\u003C!-- end ngRepeat: dateObject in week.dates -->\u003Ctd data-ng-repeat=\"dateObject in week.dates\" data-ng-click=\"changeView(data.nextView, dateObject, $event)\" class=\"day ng-binding ng-scope\" data-ng-class=\"{active: dateObject.active, past: dateObject.past, future: dateObject.future, disabled: !dateObject.selectable}\">29\u003C/td>\u003C!-- end ngRepeat: dateObject in week.dates -->\u003Ctd data-ng-repeat=\"dateObject in week.dates\" data-ng-click=\"changeView(data.nextView, dateObject, $event)\" class=\"day ng-binding ng-scope\" data-ng-class=\"{active: dateObject.active, past: dateObject.past, future: dateObject.future, disabled: !dateObject.selectable}\">30\u003C/td>\u003C!-- end ngRepeat: dateObject in week.dates -->\u003Ctd data-ng-repeat=\"dateObject in week.dates\" data-ng-click=\"changeView(data.nextView, dateObject, $event)\" class=\"day ng-binding ng-scope future\" data-ng-class=\"{active: dateObject.active, past: dateObject.past, future: dateObject.future, disabled: !dateObject.selectable}\">1\u003C/td>\u003C!-- end ngRepeat: dateObject in week.dates -->\u003Ctd data-ng-repeat=\"dateObject in week.dates\" data-ng-click=\"changeView(data.nextView, dateObject, $event)\" class=\"day ng-binding ng-scope future\" data-ng-class=\"{active: dateObject.active, past: dateObject.past, future: dateObject.future, disabled: !dateObject.selectable}\">2\u003C/td>\u003C!-- end ngRepeat: dateObject in week.dates -->\u003Ctd data-ng-repeat=\"dateObject in week.dates\" data-ng-click=\"changeView(data.nextView, dateObject, $event)\" class=\"day ng-binding ng-scope future\" data-ng-class=\"{active: dateObject.active, past: dateObject.past, future: dateObject.future, disabled: !dateObject.selectable}\">3\u003C/td>\u003C!-- end ngRepeat: dateObject in week.dates -->       \u003C/tr>\u003C!-- end ngIf: data.currentView === 'day' -->\u003C!-- end ngRepeat: week in data.weeks -->\u003C!-- ngIf: data.currentView === 'day' -->\u003Ctr data-ng-if=\"data.currentView === 'day'\" data-ng-repeat=\"week in data.weeks\" class=\"ng-scope\">           \u003C!-"
11:39:52.718 [Forwarding getPageSource on session d94198a6aa3008d5ffaf97f92db0cb0c to remote] DEBUG org.apache.http.wire - http-outgoing-7 << "- ngRepeat: dateObject in week.dates -->\u003Ctd data-ng-repeat=\"dateObject in week.dates\" data-ng-click=\"changeView(data.nextView, dateObject, $event)\" class=\"day ng-binding ng-scope future\" data-ng-class=\"{active: dateObject.active, past: dateObject.past, future: dateObject.future, disabled: !dateObject.selectable}\">4\u003C/td>\u003C!-- end ngRepeat: dateObject in week.dates -->\u003Ctd data-ng-repeat=\"dateObject in week.dates\" data-ng-click=\"changeView(data.nextView, dateObject, $event)\" class=\"day ng-binding ng-scope future\" data-ng-class=\"{active: dateObject.active, past: dateObject.past, future: dateObject.future, disabled: !dateObject.selectable}\">5\u003C/td>\u003C!-- end ngRepeat: dateObject in week.dates -->\u003Ctd data-ng-repeat=\"dateObject in week.dates\" data-ng-click=\"changeView(data.nextView, dateObject, $event)\" class=\"day ng-binding ng-scope future\" data-ng-class=\"{active: dateObject.active, past: dateObject.past, future: dateObject.future, disabled: !dateObject.selectable}\">6\u003C/td>\u003C!-- end ngRepeat: dateObject in week.dates -->\u003Ctd data-ng-repeat=\"dateObject in week.dates\" data-ng-click=\"changeView(data.nextView, dateObject, $event)\" class=\"day ng-binding ng-scope future\" data-ng-class=\"{active: dateObject.active, past: dateObject.past, future: dateObject.future, disabled: !dateObject.selectable}\">7\u003C/td>\u003C!-- end ngRepeat: dateObject in week.dates -->\u003Ctd data-ng-repeat=\"dateObject in week.dates\" data-ng-click=\"changeView(data.nextView, dateObject, $event)\" class=\"day ng-binding ng-scope future\" data-ng-class=\"{active: dateObject.active, past: dateObject.past, future: dateObject.future, disabled: !dateObject.selectable}\">8\u003C/td>\u003C!-- end ngRepeat: dateObject in week.dates -->\u003Ctd data-ng-repeat=\"dateObject in week.dates\" data-ng-click=\"changeView(data.nextView, dateObject, $event)\" class=\"day ng-binding ng-scope future\" data-ng-class=\"{active: dateObject.active, past: dateObject.past, future: dateObject.future, disabled: !dateObject.selectable}\">9\u003C/td>\u003C!-- end ngRepeat: dateObject in week.dates -->\u003Ctd data-ng-repeat=\"dateObject in week.dates\" data-ng-click=\"changeView(data.nextView, dateObject, $event)\" class=\"day ng-binding ng-scope future\" data-ng-class=\"{active: dateObject.active, past: dateObject.past, future: dateObject.future, disabled: !dateObject.selectable}\">10\u003C/td>\u003C!-- end ngRepeat: dateObject in week.dates -->       \u003C/tr>\u003C!-- end ngIf: data.currentView === 'day' -->\u003C!-- end ngRepeat: week in data.weeks -->   \u003C/tbody>\u003C/table>\u003C/div>\n          \u003C/ul>\n        \u003C/div>\n      \u003C/div>\n      \u003Cdiv class=\"form-group\">\n        \u003Clabel>Status\u003C/label>\n        \u003Cselect id=\"status\" class=\"form-control ng-pristine ng-untouched ng-valid\" data-ng-model=\"search.active\">\n          \u003Coption name=\"All\" value=\"\">All\u003C/option>\n          \u003Coption name=\"Active\" value=\"true\">Active\u003C/option>\n          \u003Coption name=\"Inactive\" value=\"false\">Inactive\u003C/option>\n        \u003C/select>\n      \u003C/div>\n      \u003Cdiv class=\"form-group\">\n        \u003Clabel for=\"type\">Type\u003C/label>\n        \u003Cselect id=\"type\" name=\"search.type\" class=\"form-control ng-pristine ng-untouched ng-valid\" ng-model=\"search.type\" ng-options=\"campaignType.key as campaignType.value for campaignType in campaignTypes\">\u003Coption value=\"string:\" label=\"All\" selected=\"selected\">All\u003C/option>\u003Coption value=\"string:PROMO_CODE\" label=\"Promo Code\">Promo Code\u003C/option>\u003Coption value=\"string:SINGLE_USE_TRANSFERABLE\" label=\"Single Use Transferable\">Single Use Transferable\u003C/option>\u003Coption value=\"string:SINGLE_USE_NON_TRANSFERABLE\" label=\"Single Use Non-Transferable\">Single Use Non-Transferable\u003C/option>\u003Coption value=\"string:GIFTING\" label=\"Gifting\">Gifting\u003C/option>\u003C/select>\n      \u003C/div>\n      \u003Cdiv class=\"form-group buttons\">\n   "
11:39:52.719 [Forwarding getPageSource on session d94198a6aa3008d5ffaf97f92db0cb0c to remote] DEBUG org.apache.http.wire - http-outgoing-7 << "     \u003Cbutton type=\"submit\" class=\"btn btn-primary filter\" ng-click=\"searchForm.$valid &amp;&amp; updateFilter()\" ng-disabled=\"!searchForm.$valid\">Filter Campaigns\n        \u003C/button>\n        \u003Cbutton type=\"submit\" class=\"btn btn-default clear\" ng-click=\"clearFilter()\">Clear Filter\u003C/button>\n      \u003C/div>\n      \u003Cdiv class=\"clear\">\u003C/div>\n    \u003C/div>\n  \u003C/form>\n\u003C/div>\n\u003Cdiv class=\"row ng-scope\">\n  \u003Cdiv class=\"col-md-12\">\n    \u003Ca style=\"cursor: pointer;\" ng-click=\"showFilters=!showFilters\" class=\"ng-binding\">Show Advanced Filters\u003C/a>\n  \u003C/div>\n\u003C/div>\n\u003Cdiv class=\"row ng-scope\">\n  \u003Cdiv class=\"col-md-12\">\n    \u003Ctable class=\"table campaign-list\" id=\"campaign-list\">\n      \u003Cthead>\n      \u003Ctr>\n        \u003Cth>Name\u003C/th>\n        \u003Cth>State\u003C/th>\n        \u003Cth>Type\u003C/th>\n        \u003Cth>Start\u003C/th>\n        \u003Cth>End\u003C/th>\n        \u003Cth>Vouchers\u003C/th>\n        \u003Cth>Redemption Cap\u003C/th>\n        \u003Cth>Redeemed\u003C/th>\n      \u003C/tr>\n      \u003C/thead>\n      \u003Ctbody>\n      \u003C!-- ngRepeat: campaign in campaigns | itemsPerPage: 25 -->\n      \u003C/tbody>\n    \u003C/table>\n  \u003C/div>\n\u003C/div>\n\u003Cdiv dir-pagination-controls=\"\" class=\"col-lg-12 paginationList ng-scope ng-isolate-scope\" on-page-change=\"pageChanged(newPageNumber)\">\u003C!-- ngIf: 1 \u003C pages.length -->\u003C/div>\n\u003C/div>\n        \u003Cdiv class=\"footer\">\u003C/div>\n    \u003C/div>\n\n    \u003C!-- build:js(.) scripts/ie-include.js -->\n        \u003C!--[if lt IE 9]>\n            \u003Cscript src=\"bower_components/es5-shim/es5-shim.js\">\u003C/script>\n            \u003Cscript src=\"bower_components/json3/lib/json3.min.js\">\u003C/script>\n            \u003Cscript src=\"bower_components/respond/dest/respond.src.js\">\u003C/script>\n        \u003C![endif]-->\n    \u003C!-- endbuild -->\n\n    \u003C!-- build:js(.) scripts/vendor.js -->\n    \u003C!-- bower:js -->\n    \u003Cscript src=\"bower_components/jquery/dist/jquery.js\">\u003C/script>\n    \u003Cscript src=\"bower_components/angular/angular.js\">\u003C/script>\n    \u003Cscript src=\"bower_components/json3/lib/json3.js\">\u003C/script>\n    \u003Cscript src=\"bower_components/bootstrap/dist/js/bootstrap.js\">\u003C/script>\n    \u003Cscript src=\"bower_components/angular-resource/angular-resource.js\">\u003C/script>\n    \u003Cscript src=\"bower_components/angular-sanitize/angular-sanitize.js\">\u003C/script>\n    \u003Cscript src=\"bower_components/angular-animate/angular-animate.js\">\u003C/script>\n    \u003Cscript src=\"bower_components/angular-route/angular-route.js\">\u003C/script>\n    \u003Cscript src=\"bower_components/moment/moment.js\">\u003C/script>\n    \u003Cscript src=\"bower_components/angular-bootstrap-show-errors/src/showErrors.js\">\u003C/script>\n    \u003Cscript src=\"bower_components/angular-bootstrap-datetimepicker/src/js/datetimepicker.js\">\u003C/script>\n    \u003Cscript src=\"bower_components/jquery-ui/jquery-ui.js\">\u003C/script>\n    \u003Cscript src=\"bower_components/FileSaver/FileSaver.js\">\u003C/script>\n    \u003Cscript src=\"bower_components/underscore/underscore.js\">\u003C/script>\n    \u003Cscript src=\"bower_components/angular-bootstrap/ui-bootstrap-tpls.js\">\u003C/script>\n    \u003Cscript src=\"bower_components/angular-translate/angular-translate.js\">\u003C/script>\n    \u003Cscript src=\"bower_components/angular-dialog-service/dist/dialogs.min.js\">\u003C/script>\n    \u003Cscript src=\"bower_components/angular-dialog-service/dist/dialogs-default-translations.min.js\">\u003C/script>\n    \u003Cscript src=\"bower_components/angular-utils-pagination/dirPagination.js\">\u003C/script>\n    \u003C!-- endbower -->\n    \u003C!-- endbuild -->\n\n    \u003C!-- build:js({.tmp,app}) scripts/scripts.js -->\n    \u003Cscript src=\"scripts/app.js\">\u003C/script>\n    \u003Cscript src=\"scripts/config/config.js\">\u003C/script>\n    \u003Cscrip"
11:39:52.719 [Forwarding getPageSource on session d94198a6aa3008d5ffaf97f92db0cb0c to remote] DEBUG org.apache.http.wire - http-outgoing-7 << "t src=\"scripts/services/base-http-service.js\">\u003C/script>\n    \u003Cscript src=\"scripts/services/voucher-service.js\">\u003C/script>\n    \u003Cscript src=\"scripts/services/campaign-service.js\">\u003C/script>\n    \u003Cscript src=\"scripts/services/history-service.js\">\u003C/script>\n    \u003Cscript src=\"scripts/services/promo-service.js\">\u003C/script>\n    \u003Cscript src=\"scripts/services/date-service.js\">\u003C/script>\n    \u003Cscript src=\"scripts/services/root-service.js\">\u003C/script>\n    \u003Cscript src=\"scripts/services/hateoas-service-util.js\">\u003C/script>\n    \u003Cscript src=\"scripts/controllers/promo-controller.js\">\u003C/script>\n    \u003Cscript src=\"scripts/controllers/campaign-controller.js\">\u003C/script>\n    \u003Cscript src=\"scripts/controllers/status-controller.js\">\u003C/script>\n    \u003Cscript src=\"scripts/controllers/audit-history-controller.js\">\u003C/script>\n    \u003Cscript src=\"scripts/controllers/voucher-controller.js\">\u003C/script>\n    \u003Cscript src=\"scripts/controllers/account-controller.js\">\u003C/script>\n    \u003Cscript src=\"scripts/controllers/campaign-list-controller.js\">\u003C/script>\n    \u003Cscript src=\"scripts/directives/campaign-directive.js\">\u003C/script>\n    \u003Cscript src=\"scripts/directives/voucher-directive.js\">\u003C/script>\n    \u003Cscript src=\"scripts/directives/single-use-voucher-directive.js\">\u003C/script>\n    \u003Cscript src=\"scripts/directives/server-connection-directive.js\">\u003C/script>\n    \u003Cscript src=\"scripts/directives/promocode-directive.js\">\u003C/script>\n    \u003Cscript src=\"scripts/directives/voucher-batch-directive.js\">\u003C/script>\n    \u003Cscript src=\"scripts/filters/account-filter.js\">\u003C/script>\n\n    \u003C!-- endbuild -->\n\n    \u003Cscript src=\"/config\">\u003C/script>\n\n\u003Cscript>//&lt;![CDATA[\ndocument.write('&lt;script src=\"//' + (location.hostname || 'localhost') + ':35729/livereload.js?snipver=1\"&gt;&lt;\\/script&gt;')\n//]]&gt;\u003C/script>\u003Cscript src=\"//localhost:35729/livereload.js?snipver=1\">\u003C/script>\n\n\n\u003C/body>\u003C/html>"}"
11:39:52.719 [Forwarding getPageSource on session d94198a6aa3008d5ffaf97f92db0cb0c to remote] DEBUG o.a.h.i.c.DefaultManagedHttpClientConnection - http-outgoing-7: Shutdown connection
11:39:52.720 [Forwarding getPageSource on session d94198a6aa3008d5ffaf97f92db0cb0c to remote] DEBUG o.a.h.impl.execchain.MainClientExec - Connection discarded
11:39:52.720 [Forwarding getPageSource on session d94198a6aa3008d5ffaf97f92db0cb0c to remote] DEBUG o.a.h.i.c.DefaultManagedHttpClientConnection - http-outgoing-7: Close connection
11:39:52.720 [Forwarding getPageSource on session d94198a6aa3008d5ffaf97f92db0cb0c to remote] DEBUG o.a.h.i.c.PoolingHttpClientConnectionManager - Connection released: [id: 7][route: {}->http://localhost:26477][total kept alive: 0; route allocated: 0 of 2000; total allocated: 0 of 2000]
]]></system-out>
  <system-err><![CDATA[Starting ChromeDriver 2.15.322448 (52179c1b310fec1797c81ea9a20326839860b7d3) on port 26477
Only local connections are allowed.
SLF4J: Failed toString() invocation on an object of type [io.netty.handler.codec.http.HttpObjectAggregator$AggregatedFullHttpRequest]
io.netty.util.IllegalReferenceCountException: refCnt: 0
	at io.netty.buffer.DefaultByteBufHolder.content(DefaultByteBufHolder.java:39)
	at io.netty.handler.codec.http.HttpMessageUtil.appendFullCommon(HttpMessageUtil.java:79)
	at io.netty.handler.codec.http.HttpMessageUtil.appendFullRequest(HttpMessageUtil.java:55)
	at io.netty.handler.codec.http.HttpObjectAggregator$AggregatedFullHttpRequest.toString(HttpObjectAggregator.java:415)
	at org.slf4j.helpers.MessageFormatter.safeObjectAppend(MessageFormatter.java:297)
	at org.slf4j.helpers.MessageFormatter.deeplyAppendParameter(MessageFormatter.java:269)
	at org.slf4j.helpers.MessageFormatter.arrayFormat(MessageFormatter.java:227)
	at org.littleshoot.proxy.impl.ProxyConnectionLogger$LocationAwareLogggerDispatch.doLog(ProxyConnectionLogger.java:178)
	at org.littleshoot.proxy.impl.ProxyConnectionLogger.debug(ProxyConnectionLogger.java:81)
	at org.littleshoot.proxy.impl.ClientToProxyConnection.shouldCloseClientConnection(ClientToProxyConnection.java:789)
	at org.littleshoot.proxy.impl.ClientToProxyConnection.closeConnectionsAfterWriteIfNecessary(ClientToProxyConnection.java:732)
	at org.littleshoot.proxy.impl.ClientToProxyConnection.respond(ClientToProxyConnection.java:408)
	at org.littleshoot.proxy.impl.ProxyToServerConnection.respondWith(ProxyToServerConnection.java:513)
	at org.littleshoot.proxy.impl.ProxyToServerConnection.readHTTPChunk(ProxyToServerConnection.java:229)
	at org.littleshoot.proxy.impl.ProxyConnection.readHTTP(ProxyConnection.java:146)
	at org.littleshoot.proxy.impl.ProxyConnection.read(ProxyConnection.java:120)
	at org.littleshoot.proxy.impl.ProxyToServerConnection.read(ProxyToServerConnection.java:206)
	at org.littleshoot.proxy.impl.ProxyConnection.channelRead0(ProxyConnection.java:579)
	at io.netty.channel.SimpleChannelInboundHandler.channelRead(SimpleChannelInboundHandler.java:105)
	at io.netty.channel.AbstractChannelHandlerContext.invokeChannelRead(AbstractChannelHandlerContext.java:339)
	at io.netty.channel.AbstractChannelHandlerContext.fireChannelRead(AbstractChannelHandlerContext.java:324)
	at io.netty.handler.timeout.IdleStateHandler.channelRead(IdleStateHandler.java:254)
	at io.netty.channel.AbstractChannelHandlerContext.invokeChannelRead(AbstractChannelHandlerContext.java:339)
	at io.netty.channel.AbstractChannelHandlerContext.fireChannelRead(AbstractChannelHandlerContext.java:324)
	at io.netty.channel.ChannelInboundHandlerAdapter.channelRead(ChannelInboundHandlerAdapter.java:86)
	at org.littleshoot.proxy.impl.ProxyConnection$ResponseReadMonitor.channelRead(ProxyConnection.java:730)
	at io.netty.channel.AbstractChannelHandlerContext.invokeChannelRead(AbstractChannelHandlerContext.java:339)
	at io.netty.channel.AbstractChannelHandlerContext.fireChannelRead(AbstractChannelHandlerContext.java:324)
	at io.netty.handler.codec.ByteToMessageDecoder.channelRead(ByteToMessageDecoder.java:242)
	at io.netty.channel.AbstractChannelHandlerContext.invokeChannelRead(AbstractChannelHandlerContext.java:339)
	at io.netty.channel.AbstractChannelHandlerContext.fireChannelRead(AbstractChannelHandlerContext.java:324)
	at io.netty.channel.ChannelInboundHandlerAdapter.channelRead(ChannelInboundHandlerAdapter.java:86)
	at org.littleshoot.proxy.impl.ProxyConnection$BytesReadMonitor.channelRead(ProxyConnection.java:684)
	at io.netty.channel.AbstractChannelHandlerContext.invokeChannelRead(AbstractChannelHandlerContext.java:339)
	at io.netty.channel.AbstractChannelHandlerContext.fireChannelRead(AbstractChannelHandlerContext.java:324)
	at io.netty.handler.ssl.SslHandler.unwrap(SslHandler.java:1044)
	at io.netty.handler.ssl.SslHandler.decode(SslHandler.java:929)
	at io.netty.handler.codec.ByteToMessageDecoder.callDecode(ByteToMessageDecoder.java:315)
	at io.netty.handler.codec.ByteToMessageDecoder.channelRead(ByteToMessageDecoder.java:229)
	at io.netty.channel.AbstractChannelHandlerContext.invokeChannelRead(AbstractChannelHandlerContext.java:339)
	at io.netty.channel.AbstractChannelHandlerContext.fireChannelRead(AbstractChannelHandlerContext.java:324)
	at io.netty.channel.DefaultChannelPipeline.fireChannelRead(DefaultChannelPipeline.java:847)
	at io.netty.channel.nio.AbstractNioByteChannel$NioByteUnsafe.read(AbstractNioByteChannel.java:131)
	at io.netty.channel.nio.NioEventLoop.processSelectedKey(NioEventLoop.java:511)
	at io.netty.channel.nio.NioEventLoop.processSelectedKeysOptimized(NioEventLoop.java:468)
	at io.netty.channel.nio.NioEventLoop.processSelectedKeys(NioEventLoop.java:382)
	at io.netty.channel.nio.NioEventLoop.run(NioEventLoop.java:354)
	at io.netty.util.concurrent.SingleThreadEventExecutor$2.run(SingleThreadEventExecutor.java:111)
	at java.lang.Thread.run(Thread.java:745)
SLF4J: Failed toString() invocation on an object of type [io.netty.handler.codec.http.HttpObjectAggregator$AggregatedFullHttpRequest]
io.netty.util.IllegalReferenceCountException: refCnt: 0
	at io.netty.buffer.DefaultByteBufHolder.content(DefaultByteBufHolder.java:39)
	at io.netty.handler.codec.http.HttpMessageUtil.appendFullCommon(HttpMessageUtil.java:79)
	at io.netty.handler.codec.http.HttpMessageUtil.appendFullRequest(HttpMessageUtil.java:55)
	at io.netty.handler.codec.http.HttpObjectAggregator$AggregatedFullHttpRequest.toString(HttpObjectAggregator.java:415)
	at org.slf4j.helpers.MessageFormatter.safeObjectAppend(MessageFormatter.java:297)
	at org.slf4j.helpers.MessageFormatter.deeplyAppendParameter(MessageFormatter.java:269)
	at org.slf4j.helpers.MessageFormatter.arrayFormat(MessageFormatter.java:227)
	at org.littleshoot.proxy.impl.ProxyConnectionLogger$LocationAwareLogggerDispatch.doLog(ProxyConnectionLogger.java:178)
	at org.littleshoot.proxy.impl.ProxyConnectionLogger.debug(ProxyConnectionLogger.java:81)
	at org.littleshoot.proxy.impl.ClientToProxyConnection.shouldCloseClientConnection(ClientToProxyConnection.java:789)
	at org.littleshoot.proxy.impl.ClientToProxyConnection.closeConnectionsAfterWriteIfNecessary(ClientToProxyConnection.java:732)
	at org.littleshoot.proxy.impl.ClientToProxyConnection.respond(ClientToProxyConnection.java:408)
	at org.littleshoot.proxy.impl.ProxyToServerConnection.respondWith(ProxyToServerConnection.java:513)
	at org.littleshoot.proxy.impl.ProxyToServerConnection.readHTTPChunk(ProxyToServerConnection.java:229)
	at org.littleshoot.proxy.impl.ProxyConnection.readHTTP(ProxyConnection.java:146)
	at org.littleshoot.proxy.impl.ProxyConnection.read(ProxyConnection.java:120)
	at org.littleshoot.proxy.impl.ProxyToServerConnection.read(ProxyToServerConnection.java:206)
	at org.littleshoot.proxy.impl.ProxyConnection.channelRead0(ProxyConnection.java:579)
	at io.netty.channel.SimpleChannelInboundHandler.channelRead(SimpleChannelInboundHandler.java:105)
	at io.netty.channel.AbstractChannelHandlerContext.invokeChannelRead(AbstractChannelHandlerContext.java:339)
	at io.netty.channel.AbstractChannelHandlerContext.fireChannelRead(AbstractChannelHandlerContext.java:324)
	at io.netty.handler.timeout.IdleStateHandler.channelRead(IdleStateHandler.java:254)
	at io.netty.channel.AbstractChannelHandlerContext.invokeChannelRead(AbstractChannelHandlerContext.java:339)
	at io.netty.channel.AbstractChannelHandlerContext.fireChannelRead(AbstractChannelHandlerContext.java:324)
	at io.netty.channel.ChannelInboundHandlerAdapter.channelRead(ChannelInboundHandlerAdapter.java:86)
	at org.littleshoot.proxy.impl.ProxyConnection$ResponseReadMonitor.channelRead(ProxyConnection.java:730)
	at io.netty.channel.AbstractChannelHandlerContext.invokeChannelRead(AbstractChannelHandlerContext.java:339)
	at io.netty.channel.AbstractChannelHandlerContext.fireChannelRead(AbstractChannelHandlerContext.java:324)
	at io.netty.handler.codec.ByteToMessageDecoder.channelRead(ByteToMessageDecoder.java:242)
	at io.netty.channel.AbstractChannelHandlerContext.invokeChannelRead(AbstractChannelHandlerContext.java:339)
	at io.netty.channel.AbstractChannelHandlerContext.fireChannelRead(AbstractChannelHandlerContext.java:324)
	at io.netty.channel.ChannelInboundHandlerAdapter.channelRead(ChannelInboundHandlerAdapter.java:86)
	at org.littleshoot.proxy.impl.ProxyConnection$BytesReadMonitor.channelRead(ProxyConnection.java:684)
	at io.netty.channel.AbstractChannelHandlerContext.invokeChannelRead(AbstractChannelHandlerContext.java:339)
	at io.netty.channel.AbstractChannelHandlerContext.fireChannelRead(AbstractChannelHandlerContext.java:324)
	at io.netty.channel.DefaultChannelPipeline.fireChannelRead(DefaultChannelPipeline.java:847)
	at io.netty.channel.nio.AbstractNioByteChannel$NioByteUnsafe.read(AbstractNioByteChannel.java:131)
	at io.netty.channel.nio.NioEventLoop.processSelectedKey(NioEventLoop.java:511)
	at io.netty.channel.nio.NioEventLoop.processSelectedKeysOptimized(NioEventLoop.java:468)
	at io.netty.channel.nio.NioEventLoop.processSelectedKeys(NioEventLoop.java:382)
	at io.netty.channel.nio.NioEventLoop.run(NioEventLoop.java:354)
	at io.netty.util.concurrent.SingleThreadEventExecutor$2.run(SingleThreadEventExecutor.java:111)
	at java.lang.Thread.run(Thread.java:745)
SLF4J: Failed toString() invocation on an object of type [io.netty.handler.codec.http.HttpObjectAggregator$AggregatedFullHttpRequest]
io.netty.util.IllegalReferenceCountException: refCnt: 0
	at io.netty.buffer.DefaultByteBufHolder.content(DefaultByteBufHolder.java:39)
	at io.netty.handler.codec.http.HttpMessageUtil.appendFullCommon(HttpMessageUtil.java:79)
	at io.netty.handler.codec.http.HttpMessageUtil.appendFullRequest(HttpMessageUtil.java:55)
	at io.netty.handler.codec.http.HttpObjectAggregator$AggregatedFullHttpRequest.toString(HttpObjectAggregator.java:415)
	at org.slf4j.helpers.MessageFormatter.safeObjectAppend(MessageFormatter.java:297)
	at org.slf4j.helpers.MessageFormatter.deeplyAppendParameter(MessageFormatter.java:269)
	at org.slf4j.helpers.MessageFormatter.arrayFormat(MessageFormatter.java:227)
	at org.littleshoot.proxy.impl.ProxyConnectionLogger$LocationAwareLogggerDispatch.doLog(ProxyConnectionLogger.java:178)
	at org.littleshoot.proxy.impl.ProxyConnectionLogger.debug(ProxyConnectionLogger.java:81)
	at org.littleshoot.proxy.impl.ClientToProxyConnection.shouldCloseClientConnection(ClientToProxyConnection.java:789)
	at org.littleshoot.proxy.impl.ClientToProxyConnection.closeConnectionsAfterWriteIfNecessary(ClientToProxyConnection.java:732)
	at org.littleshoot.proxy.impl.ClientToProxyConnection.respond(ClientToProxyConnection.java:408)
	at org.littleshoot.proxy.impl.ProxyToServerConnection.respondWith(ProxyToServerConnection.java:513)
	at org.littleshoot.proxy.impl.ProxyToServerConnection.readHTTPChunk(ProxyToServerConnection.java:229)
	at org.littleshoot.proxy.impl.ProxyConnection.readHTTP(ProxyConnection.java:146)
	at org.littleshoot.proxy.impl.ProxyConnection.read(ProxyConnection.java:120)
	at org.littleshoot.proxy.impl.ProxyToServerConnection.read(ProxyToServerConnection.java:206)
	at org.littleshoot.proxy.impl.ProxyConnection.channelRead0(ProxyConnection.java:579)
	at io.netty.channel.SimpleChannelInboundHandler.channelRead(SimpleChannelInboundHandler.java:105)
	at io.netty.channel.AbstractChannelHandlerContext.invokeChannelRead(AbstractChannelHandlerContext.java:339)
	at io.netty.channel.AbstractChannelHandlerContext.fireChannelRead(AbstractChannelHandlerContext.java:324)
	at io.netty.handler.timeout.IdleStateHandler.channelRead(IdleStateHandler.java:254)
	at io.netty.channel.AbstractChannelHandlerContext.invokeChannelRead(AbstractChannelHandlerContext.java:339)
	at io.netty.channel.AbstractChannelHandlerContext.fireChannelRead(AbstractChannelHandlerContext.java:324)
	at io.netty.channel.ChannelInboundHandlerAdapter.channelRead(ChannelInboundHandlerAdapter.java:86)
	at org.littleshoot.proxy.impl.ProxyConnection$ResponseReadMonitor.channelRead(ProxyConnection.java:730)
	at io.netty.channel.AbstractChannelHandlerContext.invokeChannelRead(AbstractChannelHandlerContext.java:339)
	at io.netty.channel.AbstractChannelHandlerContext.fireChannelRead(AbstractChannelHandlerContext.java:324)
	at io.netty.handler.codec.ByteToMessageDecoder.channelRead(ByteToMessageDecoder.java:242)
	at io.netty.channel.AbstractChannelHandlerContext.invokeChannelRead(AbstractChannelHandlerContext.java:339)
	at io.netty.channel.AbstractChannelHandlerContext.fireChannelRead(AbstractChannelHandlerContext.java:324)
	at io.netty.channel.ChannelInboundHandlerAdapter.channelRead(ChannelInboundHandlerAdapter.java:86)
	at org.littleshoot.proxy.impl.ProxyConnection$BytesReadMonitor.channelRead(ProxyConnection.java:684)
	at io.netty.channel.AbstractChannelHandlerContext.invokeChannelRead(AbstractChannelHandlerContext.java:339)
	at io.netty.channel.AbstractChannelHandlerContext.fireChannelRead(AbstractChannelHandlerContext.java:324)
	at io.netty.channel.DefaultChannelPipeline.fireChannelRead(DefaultChannelPipeline.java:847)
	at io.netty.channel.nio.AbstractNioByteChannel$NioByteUnsafe.read(AbstractNioByteChannel.java:131)
	at io.netty.channel.nio.NioEventLoop.processSelectedKey(NioEventLoop.java:511)
	at io.netty.channel.nio.NioEventLoop.processSelectedKeysOptimized(NioEventLoop.java:468)
	at io.netty.channel.nio.NioEventLoop.processSelectedKeys(NioEventLoop.java:382)
	at io.netty.channel.nio.NioEventLoop.run(NioEventLoop.java:354)
	at io.netty.util.concurrent.SingleThreadEventExecutor$2.run(SingleThreadEventExecutor.java:111)
	at java.lang.Thread.run(Thread.java:745)
SLF4J: Failed toString() invocation on an object of type [io.netty.handler.codec.http.HttpObjectAggregator$AggregatedFullHttpRequest]
io.netty.util.IllegalReferenceCountException: refCnt: 0
	at io.netty.buffer.DefaultByteBufHolder.content(DefaultByteBufHolder.java:39)
	at io.netty.handler.codec.http.HttpMessageUtil.appendFullCommon(HttpMessageUtil.java:79)
	at io.netty.handler.codec.http.HttpMessageUtil.appendFullRequest(HttpMessageUtil.java:55)
	at io.netty.handler.codec.http.HttpObjectAggregator$AggregatedFullHttpRequest.toString(HttpObjectAggregator.java:415)
	at org.slf4j.helpers.MessageFormatter.safeObjectAppend(MessageFormatter.java:297)
	at org.slf4j.helpers.MessageFormatter.deeplyAppendParameter(MessageFormatter.java:269)
	at org.slf4j.helpers.MessageFormatter.arrayFormat(MessageFormatter.java:227)
	at org.littleshoot.proxy.impl.ProxyConnectionLogger$LocationAwareLogggerDispatch.doLog(ProxyConnectionLogger.java:178)
	at org.littleshoot.proxy.impl.ProxyConnectionLogger.debug(ProxyConnectionLogger.java:81)
	at org.littleshoot.proxy.impl.ClientToProxyConnection.shouldCloseClientConnection(ClientToProxyConnection.java:789)
	at org.littleshoot.proxy.impl.ClientToProxyConnection.closeConnectionsAfterWriteIfNecessary(ClientToProxyConnection.java:732)
	at org.littleshoot.proxy.impl.ClientToProxyConnection.respond(ClientToProxyConnection.java:408)
	at org.littleshoot.proxy.impl.ProxyToServerConnection.respondWith(ProxyToServerConnection.java:513)
	at org.littleshoot.proxy.impl.ProxyToServerConnection.readHTTPChunk(ProxyToServerConnection.java:229)
	at org.littleshoot.proxy.impl.ProxyConnection.readHTTP(ProxyConnection.java:146)
	at org.littleshoot.proxy.impl.ProxyConnection.read(ProxyConnection.java:120)
	at org.littleshoot.proxy.impl.ProxyToServerConnection.read(ProxyToServerConnection.java:206)
	at org.littleshoot.proxy.impl.ProxyConnection.channelRead0(ProxyConnection.java:579)
	at io.netty.channel.SimpleChannelInboundHandler.channelRead(SimpleChannelInboundHandler.java:105)
	at io.netty.channel.AbstractChannelHandlerContext.invokeChannelRead(AbstractChannelHandlerContext.java:339)
	at io.netty.channel.AbstractChannelHandlerContext.fireChannelRead(AbstractChannelHandlerContext.java:324)
	at io.netty.handler.timeout.IdleStateHandler.channelRead(IdleStateHandler.java:254)
	at io.netty.channel.AbstractChannelHandlerContext.invokeChannelRead(AbstractChannelHandlerContext.java:339)
	at io.netty.channel.AbstractChannelHandlerContext.fireChannelRead(AbstractChannelHandlerContext.java:324)
	at io.netty.channel.ChannelInboundHandlerAdapter.channelRead(ChannelInboundHandlerAdapter.java:86)
	at org.littleshoot.proxy.impl.ProxyConnection$ResponseReadMonitor.channelRead(ProxyConnection.java:730)
	at io.netty.channel.AbstractChannelHandlerContext.invokeChannelRead(AbstractChannelHandlerContext.java:339)
	at io.netty.channel.AbstractChannelHandlerContext.fireChannelRead(AbstractChannelHandlerContext.java:324)
	at io.netty.handler.codec.ByteToMessageDecoder.channelRead(ByteToMessageDecoder.java:242)
	at io.netty.channel.AbstractChannelHandlerContext.invokeChannelRead(AbstractChannelHandlerContext.java:339)
	at io.netty.channel.AbstractChannelHandlerContext.fireChannelRead(AbstractChannelHandlerContext.java:324)
	at io.netty.channel.ChannelInboundHandlerAdapter.channelRead(ChannelInboundHandlerAdapter.java:86)
	at org.littleshoot.proxy.impl.ProxyConnection$BytesReadMonitor.channelRead(ProxyConnection.java:684)
	at io.netty.channel.AbstractChannelHandlerContext.invokeChannelRead(AbstractChannelHandlerContext.java:339)
	at io.netty.channel.AbstractChannelHandlerContext.fireChannelRead(AbstractChannelHandlerContext.java:324)
	at io.netty.channel.DefaultChannelPipeline.fireChannelRead(DefaultChannelPipeline.java:847)
	at io.netty.channel.nio.AbstractNioByteChannel$NioByteUnsafe.read(AbstractNioByteChannel.java:131)
	at io.netty.channel.nio.NioEventLoop.processSelectedKey(NioEventLoop.java:511)
	at io.netty.channel.nio.NioEventLoop.processSelectedKeysOptimized(NioEventLoop.java:468)
	at io.netty.channel.nio.NioEventLoop.processSelectedKeys(NioEventLoop.java:382)
	at io.netty.channel.nio.NioEventLoop.run(NioEventLoop.java:354)
	at io.netty.util.concurrent.SingleThreadEventExecutor$2.run(SingleThreadEventExecutor.java:111)
	at java.lang.Thread.run(Thread.java:745)
SLF4J: Failed toString() invocation on an object of type [io.netty.handler.codec.http.HttpObjectAggregator$AggregatedFullHttpRequest]
io.netty.util.IllegalReferenceCountException: refCnt: 0
	at io.netty.buffer.DefaultByteBufHolder.content(DefaultByteBufHolder.java:39)
	at io.netty.handler.codec.http.HttpMessageUtil.appendFullCommon(HttpMessageUtil.java:79)
	at io.netty.handler.codec.http.HttpMessageUtil.appendFullRequest(HttpMessageUtil.java:55)
	at io.netty.handler.codec.http.HttpObjectAggregator$AggregatedFullHttpRequest.toString(HttpObjectAggregator.java:415)
	at org.slf4j.helpers.MessageFormatter.safeObjectAppend(MessageFormatter.java:297)
	at org.slf4j.helpers.MessageFormatter.deeplyAppendParameter(MessageFormatter.java:269)
	at org.slf4j.helpers.MessageFormatter.arrayFormat(MessageFormatter.java:227)
	at org.littleshoot.proxy.impl.ProxyConnectionLogger$LocationAwareLogggerDispatch.doLog(ProxyConnectionLogger.java:178)
	at org.littleshoot.proxy.impl.ProxyConnectionLogger.debug(ProxyConnectionLogger.java:81)
	at org.littleshoot.proxy.impl.ClientToProxyConnection.shouldCloseClientConnection(ClientToProxyConnection.java:789)
	at org.littleshoot.proxy.impl.ClientToProxyConnection.closeConnectionsAfterWriteIfNecessary(ClientToProxyConnection.java:732)
	at org.littleshoot.proxy.impl.ClientToProxyConnection.respond(ClientToProxyConnection.java:408)
	at org.littleshoot.proxy.impl.ProxyToServerConnection.respondWith(ProxyToServerConnection.java:513)
	at org.littleshoot.proxy.impl.ProxyToServerConnection.readHTTPChunk(ProxyToServerConnection.java:229)
	at org.littleshoot.proxy.impl.ProxyConnection.readHTTP(ProxyConnection.java:146)
	at org.littleshoot.proxy.impl.ProxyConnection.read(ProxyConnection.java:120)
	at org.littleshoot.proxy.impl.ProxyToServerConnection.read(ProxyToServerConnection.java:206)
	at org.littleshoot.proxy.impl.ProxyConnection.channelRead0(ProxyConnection.java:579)
	at io.netty.channel.SimpleChannelInboundHandler.channelRead(SimpleChannelInboundHandler.java:105)
	at io.netty.channel.AbstractChannelHandlerContext.invokeChannelRead(AbstractChannelHandlerContext.java:339)
	at io.netty.channel.AbstractChannelHandlerContext.fireChannelRead(AbstractChannelHandlerContext.java:324)
	at io.netty.handler.timeout.IdleStateHandler.channelRead(IdleStateHandler.java:254)
	at io.netty.channel.AbstractChannelHandlerContext.invokeChannelRead(AbstractChannelHandlerContext.java:339)
	at io.netty.channel.AbstractChannelHandlerContext.fireChannelRead(AbstractChannelHandlerContext.java:324)
	at io.netty.channel.ChannelInboundHandlerAdapter.channelRead(ChannelInboundHandlerAdapter.java:86)
	at org.littleshoot.proxy.impl.ProxyConnection$ResponseReadMonitor.channelRead(ProxyConnection.java:730)
	at io.netty.channel.AbstractChannelHandlerContext.invokeChannelRead(AbstractChannelHandlerContext.java:339)
	at io.netty.channel.AbstractChannelHandlerContext.fireChannelRead(AbstractChannelHandlerContext.java:324)
	at io.netty.handler.codec.ByteToMessageDecoder.channelRead(ByteToMessageDecoder.java:242)
	at io.netty.channel.AbstractChannelHandlerContext.invokeChannelRead(AbstractChannelHandlerContext.java:339)
	at io.netty.channel.AbstractChannelHandlerContext.fireChannelRead(AbstractChannelHandlerContext.java:324)
	at io.netty.channel.ChannelInboundHandlerAdapter.channelRead(ChannelInboundHandlerAdapter.java:86)
	at org.littleshoot.proxy.impl.ProxyConnection$BytesReadMonitor.channelRead(ProxyConnection.java:684)
	at io.netty.channel.AbstractChannelHandlerContext.invokeChannelRead(AbstractChannelHandlerContext.java:339)
	at io.netty.channel.AbstractChannelHandlerContext.fireChannelRead(AbstractChannelHandlerContext.java:324)
	at io.netty.channel.DefaultChannelPipeline.fireChannelRead(DefaultChannelPipeline.java:847)
	at io.netty.channel.nio.AbstractNioByteChannel$NioByteUnsafe.read(AbstractNioByteChannel.java:131)
	at io.netty.channel.nio.NioEventLoop.processSelectedKey(NioEventLoop.java:511)
	at io.netty.channel.nio.NioEventLoop.processSelectedKeysOptimized(NioEventLoop.java:468)
	at io.netty.channel.nio.NioEventLoop.processSelectedKeys(NioEventLoop.java:382)
	at io.netty.channel.nio.NioEventLoop.run(NioEventLoop.java:354)
	at io.netty.util.concurrent.SingleThreadEventExecutor$2.run(SingleThreadEventExecutor.java:111)
	at java.lang.Thread.run(Thread.java:745)
SLF4J: Failed toString() invocation on an object of type [io.netty.handler.codec.http.HttpObjectAggregator$AggregatedFullHttpRequest]
io.netty.util.IllegalReferenceCountException: refCnt: 0
	at io.netty.buffer.DefaultByteBufHolder.content(DefaultByteBufHolder.java:39)
	at io.netty.handler.codec.http.HttpMessageUtil.appendFullCommon(HttpMessageUtil.java:79)
	at io.netty.handler.codec.http.HttpMessageUtil.appendFullRequest(HttpMessageUtil.java:55)
	at io.netty.handler.codec.http.HttpObjectAggregator$AggregatedFullHttpRequest.toString(HttpObjectAggregator.java:415)
	at org.slf4j.helpers.MessageFormatter.safeObjectAppend(MessageFormatter.java:297)
	at org.slf4j.helpers.MessageFormatter.deeplyAppendParameter(MessageFormatter.java:269)
	at org.slf4j.helpers.MessageFormatter.arrayFormat(MessageFormatter.java:227)
	at org.littleshoot.proxy.impl.ProxyConnectionLogger$LocationAwareLogggerDispatch.doLog(ProxyConnectionLogger.java:178)
	at org.littleshoot.proxy.impl.ProxyConnectionLogger.debug(ProxyConnectionLogger.java:81)
	at org.littleshoot.proxy.impl.ClientToProxyConnection.shouldCloseClientConnection(ClientToProxyConnection.java:789)
	at org.littleshoot.proxy.impl.ClientToProxyConnection.closeConnectionsAfterWriteIfNecessary(ClientToProxyConnection.java:732)
	at org.littleshoot.proxy.impl.ClientToProxyConnection.respond(ClientToProxyConnection.java:408)
	at org.littleshoot.proxy.impl.ProxyToServerConnection.respondWith(ProxyToServerConnection.java:513)
	at org.littleshoot.proxy.impl.ProxyToServerConnection.readHTTPChunk(ProxyToServerConnection.java:229)
	at org.littleshoot.proxy.impl.ProxyConnection.readHTTP(ProxyConnection.java:146)
	at org.littleshoot.proxy.impl.ProxyConnection.read(ProxyConnection.java:120)
	at org.littleshoot.proxy.impl.ProxyToServerConnection.read(ProxyToServerConnection.java:206)
	at org.littleshoot.proxy.impl.ProxyConnection.channelRead0(ProxyConnection.java:579)
	at io.netty.channel.SimpleChannelInboundHandler.channelRead(SimpleChannelInboundHandler.java:105)
	at io.netty.channel.AbstractChannelHandlerContext.invokeChannelRead(AbstractChannelHandlerContext.java:339)
	at io.netty.channel.AbstractChannelHandlerContext.fireChannelRead(AbstractChannelHandlerContext.java:324)
	at io.netty.handler.timeout.IdleStateHandler.channelRead(IdleStateHandler.java:254)
	at io.netty.channel.AbstractChannelHandlerContext.invokeChannelRead(AbstractChannelHandlerContext.java:339)
	at io.netty.channel.AbstractChannelHandlerContext.fireChannelRead(AbstractChannelHandlerContext.java:324)
	at io.netty.channel.ChannelInboundHandlerAdapter.channelRead(ChannelInboundHandlerAdapter.java:86)
	at org.littleshoot.proxy.impl.ProxyConnection$ResponseReadMonitor.channelRead(ProxyConnection.java:730)
	at io.netty.channel.AbstractChannelHandlerContext.invokeChannelRead(AbstractChannelHandlerContext.java:339)
	at io.netty.channel.AbstractChannelHandlerContext.fireChannelRead(AbstractChannelHandlerContext.java:324)
	at io.netty.handler.codec.ByteToMessageDecoder.channelRead(ByteToMessageDecoder.java:242)
	at io.netty.channel.AbstractChannelHandlerContext.invokeChannelRead(AbstractChannelHandlerContext.java:339)
	at io.netty.channel.AbstractChannelHandlerContext.fireChannelRead(AbstractChannelHandlerContext.java:324)
	at io.netty.channel.ChannelInboundHandlerAdapter.channelRead(ChannelInboundHandlerAdapter.java:86)
	at org.littleshoot.proxy.impl.ProxyConnection$BytesReadMonitor.channelRead(ProxyConnection.java:684)
	at io.netty.channel.AbstractChannelHandlerContext.invokeChannelRead(AbstractChannelHandlerContext.java:339)
	at io.netty.channel.AbstractChannelHandlerContext.fireChannelRead(AbstractChannelHandlerContext.java:324)
	at io.netty.channel.DefaultChannelPipeline.fireChannelRead(DefaultChannelPipeline.java:847)
	at io.netty.channel.nio.AbstractNioByteChannel$NioByteUnsafe.read(AbstractNioByteChannel.java:131)
	at io.netty.channel.nio.NioEventLoop.processSelectedKey(NioEventLoop.java:511)
	at io.netty.channel.nio.NioEventLoop.processSelectedKeysOptimized(NioEventLoop.java:468)
	at io.netty.channel.nio.NioEventLoop.processSelectedKeys(NioEventLoop.java:382)
	at io.netty.channel.nio.NioEventLoop.run(NioEventLoop.java:354)
	at io.netty.util.concurrent.SingleThreadEventExecutor$2.run(SingleThreadEventExecutor.java:111)
	at java.lang.Thread.run(Thread.java:745)
SLF4J: Failed toString() invocation on an object of type [io.netty.handler.codec.http.HttpObjectAggregator$AggregatedFullHttpRequest]
io.netty.util.IllegalReferenceCountException: refCnt: 0
	at io.netty.buffer.DefaultByteBufHolder.content(DefaultByteBufHolder.java:39)
	at io.netty.handler.codec.http.HttpMessageUtil.appendFullCommon(HttpMessageUtil.java:79)
	at io.netty.handler.codec.http.HttpMessageUtil.appendFullRequest(HttpMessageUtil.java:55)
	at io.netty.handler.codec.http.HttpObjectAggregator$AggregatedFullHttpRequest.toString(HttpObjectAggregator.java:415)
	at org.slf4j.helpers.MessageFormatter.safeObjectAppend(MessageFormatter.java:297)
	at org.slf4j.helpers.MessageFormatter.deeplyAppendParameter(MessageFormatter.java:269)
	at org.slf4j.helpers.MessageFormatter.arrayFormat(MessageFormatter.java:227)
	at org.littleshoot.proxy.impl.ProxyConnectionLogger$LocationAwareLogggerDispatch.doLog(ProxyConnectionLogger.java:178)
	at org.littleshoot.proxy.impl.ProxyConnectionLogger.debug(ProxyConnectionLogger.java:81)
	at org.littleshoot.proxy.impl.ClientToProxyConnection.shouldCloseClientConnection(ClientToProxyConnection.java:789)
	at org.littleshoot.proxy.impl.ClientToProxyConnection.closeConnectionsAfterWriteIfNecessary(ClientToProxyConnection.java:732)
	at org.littleshoot.proxy.impl.ClientToProxyConnection.respond(ClientToProxyConnection.java:408)
	at org.littleshoot.proxy.impl.ProxyToServerConnection.respondWith(ProxyToServerConnection.java:513)
	at org.littleshoot.proxy.impl.ProxyToServerConnection.readHTTPChunk(ProxyToServerConnection.java:229)
	at org.littleshoot.proxy.impl.ProxyConnection.readHTTP(ProxyConnection.java:146)
	at org.littleshoot.proxy.impl.ProxyConnection.read(ProxyConnection.java:120)
	at org.littleshoot.proxy.impl.ProxyToServerConnection.read(ProxyToServerConnection.java:206)
	at org.littleshoot.proxy.impl.ProxyConnection.channelRead0(ProxyConnection.java:579)
	at io.netty.channel.SimpleChannelInboundHandler.channelRead(SimpleChannelInboundHandler.java:105)
	at io.netty.channel.AbstractChannelHandlerContext.invokeChannelRead(AbstractChannelHandlerContext.java:339)
	at io.netty.channel.AbstractChannelHandlerContext.fireChannelRead(AbstractChannelHandlerContext.java:324)
	at io.netty.handler.timeout.IdleStateHandler.channelRead(IdleStateHandler.java:254)
	at io.netty.channel.AbstractChannelHandlerContext.invokeChannelRead(AbstractChannelHandlerContext.java:339)
	at io.netty.channel.AbstractChannelHandlerContext.fireChannelRead(AbstractChannelHandlerContext.java:324)
	at io.netty.channel.ChannelInboundHandlerAdapter.channelRead(ChannelInboundHandlerAdapter.java:86)
	at org.littleshoot.proxy.impl.ProxyConnection$ResponseReadMonitor.channelRead(ProxyConnection.java:730)
	at io.netty.channel.AbstractChannelHandlerContext.invokeChannelRead(AbstractChannelHandlerContext.java:339)
	at io.netty.channel.AbstractChannelHandlerContext.fireChannelRead(AbstractChannelHandlerContext.java:324)
	at io.netty.handler.codec.ByteToMessageDecoder.channelRead(ByteToMessageDecoder.java:242)
	at io.netty.channel.AbstractChannelHandlerContext.invokeChannelRead(AbstractChannelHandlerContext.java:339)
	at io.netty.channel.AbstractChannelHandlerContext.fireChannelRead(AbstractChannelHandlerContext.java:324)
	at io.netty.channel.ChannelInboundHandlerAdapter.channelRead(ChannelInboundHandlerAdapter.java:86)
	at org.littleshoot.proxy.impl.ProxyConnection$BytesReadMonitor.channelRead(ProxyConnection.java:684)
	at io.netty.channel.AbstractChannelHandlerContext.invokeChannelRead(AbstractChannelHandlerContext.java:339)
	at io.netty.channel.AbstractChannelHandlerContext.fireChannelRead(AbstractChannelHandlerContext.java:324)
	at io.netty.channel.DefaultChannelPipeline.fireChannelRead(DefaultChannelPipeline.java:847)
	at io.netty.channel.nio.AbstractNioByteChannel$NioByteUnsafe.read(AbstractNioByteChannel.java:131)
	at io.netty.channel.nio.NioEventLoop.processSelectedKey(NioEventLoop.java:511)
	at io.netty.channel.nio.NioEventLoop.processSelectedKeysOptimized(NioEventLoop.java:468)
	at io.netty.channel.nio.NioEventLoop.processSelectedKeys(NioEventLoop.java:382)
	at io.netty.channel.nio.NioEventLoop.run(NioEventLoop.java:354)
	at io.netty.util.concurrent.SingleThreadEventExecutor$2.run(SingleThreadEventExecutor.java:111)
	at java.lang.Thread.run(Thread.java:745)
SLF4J: Failed toString() invocation on an object of type [io.netty.handler.codec.http.HttpObjectAggregator$AggregatedFullHttpRequest]
io.netty.util.IllegalReferenceCountException: refCnt: 0
	at io.netty.buffer.DefaultByteBufHolder.content(DefaultByteBufHolder.java:39)
	at io.netty.handler.codec.http.HttpMessageUtil.appendFullCommon(HttpMessageUtil.java:79)
	at io.netty.handler.codec.http.HttpMessageUtil.appendFullRequest(HttpMessageUtil.java:55)
	at io.netty.handler.codec.http.HttpObjectAggregator$AggregatedFullHttpRequest.toString(HttpObjectAggregator.java:415)
	at org.slf4j.helpers.MessageFormatter.safeObjectAppend(MessageFormatter.java:297)
	at org.slf4j.helpers.MessageFormatter.deeplyAppendParameter(MessageFormatter.java:269)
	at org.slf4j.helpers.MessageFormatter.arrayFormat(MessageFormatter.java:227)
	at org.littleshoot.proxy.impl.ProxyConnectionLogger$LocationAwareLogggerDispatch.doLog(ProxyConnectionLogger.java:178)
	at org.littleshoot.proxy.impl.ProxyConnectionLogger.debug(ProxyConnectionLogger.java:81)
	at org.littleshoot.proxy.impl.ClientToProxyConnection.shouldCloseClientConnection(ClientToProxyConnection.java:789)
	at org.littleshoot.proxy.impl.ClientToProxyConnection.closeConnectionsAfterWriteIfNecessary(ClientToProxyConnection.java:732)
	at org.littleshoot.proxy.impl.ClientToProxyConnection.respond(ClientToProxyConnection.java:408)
	at org.littleshoot.proxy.impl.ProxyToServerConnection.respondWith(ProxyToServerConnection.java:513)
	at org.littleshoot.proxy.impl.ProxyToServerConnection.readHTTPChunk(ProxyToServerConnection.java:229)
	at org.littleshoot.proxy.impl.ProxyConnection.readHTTP(ProxyConnection.java:146)
	at org.littleshoot.proxy.impl.ProxyConnection.read(ProxyConnection.java:120)
	at org.littleshoot.proxy.impl.ProxyToServerConnection.read(ProxyToServerConnection.java:206)
	at org.littleshoot.proxy.impl.ProxyConnection.channelRead0(ProxyConnection.java:579)
	at io.netty.channel.SimpleChannelInboundHandler.channelRead(SimpleChannelInboundHandler.java:105)
	at io.netty.channel.AbstractChannelHandlerContext.invokeChannelRead(AbstractChannelHandlerContext.java:339)
	at io.netty.channel.AbstractChannelHandlerContext.fireChannelRead(AbstractChannelHandlerContext.java:324)
	at io.netty.handler.timeout.IdleStateHandler.channelRead(IdleStateHandler.java:254)
	at io.netty.channel.AbstractChannelHandlerContext.invokeChannelRead(AbstractChannelHandlerContext.java:339)
	at io.netty.channel.AbstractChannelHandlerContext.fireChannelRead(AbstractChannelHandlerContext.java:324)
	at io.netty.channel.ChannelInboundHandlerAdapter.channelRead(ChannelInboundHandlerAdapter.java:86)
	at org.littleshoot.proxy.impl.ProxyConnection$ResponseReadMonitor.channelRead(ProxyConnection.java:730)
	at io.netty.channel.AbstractChannelHandlerContext.invokeChannelRead(AbstractChannelHandlerContext.java:339)
	at io.netty.channel.AbstractChannelHandlerContext.fireChannelRead(AbstractChannelHandlerContext.java:324)
	at io.netty.handler.codec.ByteToMessageDecoder.channelRead(ByteToMessageDecoder.java:242)
	at io.netty.channel.AbstractChannelHandlerContext.invokeChannelRead(AbstractChannelHandlerContext.java:339)
	at io.netty.channel.AbstractChannelHandlerContext.fireChannelRead(AbstractChannelHandlerContext.java:324)
	at io.netty.channel.ChannelInboundHandlerAdapter.channelRead(ChannelInboundHandlerAdapter.java:86)
	at org.littleshoot.proxy.impl.ProxyConnection$BytesReadMonitor.channelRead(ProxyConnection.java:684)
	at io.netty.channel.AbstractChannelHandlerContext.invokeChannelRead(AbstractChannelHandlerContext.java:339)
	at io.netty.channel.AbstractChannelHandlerContext.fireChannelRead(AbstractChannelHandlerContext.java:324)
	at io.netty.channel.DefaultChannelPipeline.fireChannelRead(DefaultChannelPipeline.java:847)
	at io.netty.channel.nio.AbstractNioByteChannel$NioByteUnsafe.read(AbstractNioByteChannel.java:131)
	at io.netty.channel.nio.NioEventLoop.processSelectedKey(NioEventLoop.java:511)
	at io.netty.channel.nio.NioEventLoop.processSelectedKeysOptimized(NioEventLoop.java:468)
	at io.netty.channel.nio.NioEventLoop.processSelectedKeys(NioEventLoop.java:382)
	at io.netty.channel.nio.NioEventLoop.run(NioEventLoop.java:354)
	at io.netty.util.concurrent.SingleThreadEventExecutor$2.run(SingleThreadEventExecutor.java:111)
	at java.lang.Thread.run(Thread.java:745)
SLF4J: Failed toString() invocation on an object of type [io.netty.handler.codec.http.HttpObjectAggregator$AggregatedFullHttpRequest]
io.netty.util.IllegalReferenceCountException: refCnt: 0
	at io.netty.buffer.DefaultByteBufHolder.content(DefaultByteBufHolder.java:39)
	at io.netty.handler.codec.http.HttpMessageUtil.appendFullCommon(HttpMessageUtil.java:79)
	at io.netty.handler.codec.http.HttpMessageUtil.appendFullRequest(HttpMessageUtil.java:55)
	at io.netty.handler.codec.http.HttpObjectAggregator$AggregatedFullHttpRequest.toString(HttpObjectAggregator.java:415)
	at org.slf4j.helpers.MessageFormatter.safeObjectAppend(MessageFormatter.java:297)
	at org.slf4j.helpers.MessageFormatter.deeplyAppendParameter(MessageFormatter.java:269)
	at org.slf4j.helpers.MessageFormatter.arrayFormat(MessageFormatter.java:227)
	at org.littleshoot.proxy.impl.ProxyConnectionLogger$LocationAwareLogggerDispatch.doLog(ProxyConnectionLogger.java:178)
	at org.littleshoot.proxy.impl.ProxyConnectionLogger.debug(ProxyConnectionLogger.java:81)
	at org.littleshoot.proxy.impl.ClientToProxyConnection.shouldCloseClientConnection(ClientToProxyConnection.java:789)
SLF4J: Failed toString() invocation on an object of type [io.netty.handler.codec.http.HttpObjectAggregator$AggregatedFullHttpRequest]
	at org.littleshoot.proxy.impl.ClientToProxyConnection.closeConnectionsAfterWriteIfNecessary(ClientToProxyConnection.java:732)
	at org.littleshoot.proxy.impl.ClientToProxyConnection.respond(ClientToProxyConnection.java:408)
	at org.littleshoot.proxy.impl.ProxyToServerConnection.respondWith(ProxyToServerConnection.java:513)
	at org.littleshoot.proxy.impl.ProxyToServerConnection.readHTTPChunk(ProxyToServerConnection.java:229)
	at org.littleshoot.proxy.impl.ProxyConnection.readHTTP(ProxyConnection.java:146)
	at org.littleshoot.proxy.impl.ProxyConnection.read(ProxyConnection.java:120)
	at org.littleshoot.proxy.impl.ProxyToServerConnection.read(ProxyToServerConnection.java:206)
	at org.littleshoot.proxy.impl.ProxyConnection.channelRead0(ProxyConnection.java:579)
	at io.netty.channel.SimpleChannelInboundHandler.channelRead(SimpleChannelInboundHandler.java:105)
	at io.netty.channel.AbstractChannelHandlerContext.invokeChannelRead(AbstractChannelHandlerContext.java:339)
	at io.netty.channel.AbstractChannelHandlerContext.fireChannelRead(AbstractChannelHandlerContext.java:324)
	at io.netty.handler.timeout.IdleStateHandler.channelRead(IdleStateHandler.java:254)
	at io.netty.channel.AbstractChannelHandlerContext.invokeChannelRead(AbstractChannelHandlerContext.java:339)
	at io.netty.channel.AbstractChannelHandlerContext.fireChannelRead(AbstractChannelHandlerContext.java:324)
	at io.netty.channel.ChannelInboundHandlerAdapter.channelRead(ChannelInboundHandlerAdapter.java:86)
	at org.littleshoot.proxy.impl.ProxyConnection$ResponseReadMonitor.channelRead(ProxyConnection.java:730)
	at io.netty.channel.AbstractChannelHandlerContext.invokeChannelRead(AbstractChannelHandlerContext.java:339)
	at io.netty.channel.AbstractChannelHandlerContext.fireChannelRead(AbstractChannelHandlerContext.java:324)
	at io.netty.handler.codec.ByteToMessageDecoder.channelRead(ByteToMessageDecoder.java:242)
	at io.netty.channel.AbstractChannelHandlerContext.invokeChannelRead(AbstractChannelHandlerContext.java:339)
	at io.netty.channel.AbstractChannelHandlerContext.fireChannelRead(AbstractChannelHandlerContext.java:324)
	at io.netty.channel.ChannelInboundHandlerAdapter.channelRead(ChannelInboundHandlerAdapter.java:86)
	at org.littleshoot.proxy.impl.ProxyConnection$BytesReadMonitor.channelRead(ProxyConnection.java:684)
	at io.netty.channel.AbstractChannelHandlerContext.invokeChannelRead(AbstractChannelHandlerContext.java:339)
	at io.netty.channel.AbstractChannelHandlerContext.fireChannelRead(AbstractChannelHandlerContext.java:324)
	at io.netty.channel.DefaultChannelPipeline.fireChannelRead(DefaultChannelPipeline.java:847)
	at io.netty.channel.nio.AbstractNioByteChannel$NioByteUnsafe.read(AbstractNioByteChannel.java:131)
	at io.netty.channel.nio.NioEventLoop.processSelectedKey(NioEventLoop.java:511)
	at io.netty.channel.nio.NioEventLoop.processSelectedKeysOptimized(NioEventLoop.java:468)
	at io.netty.channel.nio.NioEventLoop.processSelectedKeys(NioEventLoop.java:382)
	at io.netty.channel.nio.NioEventLoop.run(NioEventLoop.java:354)
	at io.netty.util.concurrent.SingleThreadEventExecutor$2.run(SingleThreadEventExecutor.java:111)
	at java.lang.Thread.run(Thread.java:745)
io.netty.util.IllegalReferenceCountException: refCnt: 0
	at io.netty.buffer.DefaultByteBufHolder.content(DefaultByteBufHolder.java:39)
	at io.netty.handler.codec.http.HttpMessageUtil.appendFullCommon(HttpMessageUtil.java:79)
	at io.netty.handler.codec.http.HttpMessageUtil.appendFullRequest(HttpMessageUtil.java:55)
	at io.netty.handler.codec.http.HttpObjectAggregator$AggregatedFullHttpRequest.toString(HttpObjectAggregator.java:415)
	at org.slf4j.helpers.MessageFormatter.safeObjectAppend(MessageFormatter.java:297)
	at org.slf4j.helpers.MessageFormatter.deeplyAppendParameter(MessageFormatter.java:269)
	at org.slf4j.helpers.MessageFormatter.arrayFormat(MessageFormatter.java:227)
	at org.littleshoot.proxy.impl.ProxyConnectionLogger$LocationAwareLogggerDispatch.doLog(ProxyConnectionLogger.java:178)
	at org.littleshoot.proxy.impl.ProxyConnectionLogger.debug(ProxyConnectionLogger.java:81)
	at org.littleshoot.proxy.impl.ClientToProxyConnection.shouldCloseClientConnection(ClientToProxyConnection.java:789)
	at org.littleshoot.proxy.impl.ClientToProxyConnection.closeConnectionsAfterWriteIfNecessary(ClientToProxyConnection.java:732)
	at org.littleshoot.proxy.impl.ClientToProxyConnection.respond(ClientToProxyConnection.java:408)
	at org.littleshoot.proxy.impl.ProxyToServerConnection.respondWith(ProxyToServerConnection.java:513)
	at org.littleshoot.proxy.impl.ProxyToServerConnection.readHTTPChunk(ProxyToServerConnection.java:229)
	at org.littleshoot.proxy.impl.ProxyConnection.readHTTP(ProxyConnection.java:146)
	at org.littleshoot.proxy.impl.ProxyConnection.read(ProxyConnection.java:120)
	at org.littleshoot.proxy.impl.ProxyToServerConnection.read(ProxyToServerConnection.java:206)
	at org.littleshoot.proxy.impl.ProxyConnection.channelRead0(ProxyConnection.java:579)
	at io.netty.channel.SimpleChannelInboundHandler.channelRead(SimpleChannelInboundHandler.java:105)
	at io.netty.channel.AbstractChannelHandlerContext.invokeChannelRead(AbstractChannelHandlerContext.java:339)
	at io.netty.channel.AbstractChannelHandlerContext.fireChannelRead(AbstractChannelHandlerContext.java:324)
	at io.netty.handler.timeout.IdleStateHandler.channelRead(IdleStateHandler.java:254)
	at io.netty.channel.AbstractChannelHandlerContext.invokeChannelRead(AbstractChannelHandlerContext.java:339)
	at io.netty.channel.AbstractChannelHandlerContext.fireChannelRead(AbstractChannelHandlerContext.java:324)
	at io.netty.channel.ChannelInboundHandlerAdapter.channelRead(ChannelInboundHandlerAdapter.java:86)
	at org.littleshoot.proxy.impl.ProxyConnection$ResponseReadMonitor.channelRead(ProxyConnection.java:730)
	at io.netty.channel.AbstractChannelHandlerContext.invokeChannelRead(AbstractChannelHandlerContext.java:339)
	at io.netty.channel.AbstractChannelHandlerContext.fireChannelRead(AbstractChannelHandlerContext.java:324)
	at io.netty.handler.codec.ByteToMessageDecoder.channelRead(ByteToMessageDecoder.java:242)
	at io.netty.channel.AbstractChannelHandlerContext.invokeChannelRead(AbstractChannelHandlerContext.java:339)
	at io.netty.channel.AbstractChannelHandlerContext.fireChannelRead(AbstractChannelHandlerContext.java:324)
	at io.netty.channel.ChannelInboundHandlerAdapter.channelRead(ChannelInboundHandlerAdapter.java:86)
	at org.littleshoot.proxy.impl.ProxyConnection$BytesReadMonitor.channelRead(ProxyConnection.java:684)
	at io.netty.channel.AbstractChannelHandlerContext.invokeChannelRead(AbstractChannelHandlerContext.java:339)
	at io.netty.channel.AbstractChannelHandlerContext.fireChannelRead(AbstractChannelHandlerContext.java:324)
	at io.netty.channel.DefaultChannelPipeline.fireChannelRead(DefaultChannelPipeline.java:847)
	at io.netty.channel.nio.AbstractNioByteChannel$NioByteUnsafe.read(AbstractNioByteChannel.java:131)
	at io.netty.channel.nio.NioEventLoop.processSelectedKey(NioEventLoop.java:511)
	at io.netty.channel.nio.NioEventLoop.processSelectedKeysOptimized(NioEventLoop.java:468)
	at io.netty.channel.nio.NioEventLoop.processSelectedKeys(NioEventLoop.java:382)
	at io.netty.channel.nio.NioEventLoop.run(NioEventLoop.java:354)
	at io.netty.util.concurrent.SingleThreadEventExecutor$2.run(SingleThreadEventExecutor.java:111)
	at java.lang.Thread.run(Thread.java:745)
SLF4J: Failed toString() invocation on an object of type [io.netty.handler.codec.http.HttpObjectAggregator$AggregatedFullHttpRequest]
io.netty.util.IllegalReferenceCountException: refCnt: 0
	at io.netty.buffer.DefaultByteBufHolder.content(DefaultByteBufHolder.java:39)
	at io.netty.handler.codec.http.HttpMessageUtil.appendFullCommon(HttpMessageUtil.java:79)
	at io.netty.handler.codec.http.HttpMessageUtil.appendFullRequest(HttpMessageUtil.java:55)
	at io.netty.handler.codec.http.HttpObjectAggregator$AggregatedFullHttpRequest.toString(HttpObjectAggregator.java:415)
	at org.slf4j.helpers.MessageFormatter.safeObjectAppend(MessageFormatter.java:297)
	at org.slf4j.helpers.MessageFormatter.deeplyAppendParameter(MessageFormatter.java:269)
	at org.slf4j.helpers.MessageFormatter.arrayFormat(MessageFormatter.java:227)
	at org.littleshoot.proxy.impl.ProxyConnectionLogger$LocationAwareLogggerDispatch.doLog(ProxyConnectionLogger.java:178)
	at org.littleshoot.proxy.impl.ProxyConnectionLogger.debug(ProxyConnectionLogger.java:81)
	at org.littleshoot.proxy.impl.ClientToProxyConnection.shouldCloseClientConnection(ClientToProxyConnection.java:789)
	at org.littleshoot.proxy.impl.ClientToProxyConnection.closeConnectionsAfterWriteIfNecessary(ClientToProxyConnection.java:732)
	at org.littleshoot.proxy.impl.ClientToProxyConnection.respond(ClientToProxyConnection.java:408)
	at org.littleshoot.proxy.impl.ProxyToServerConnection.respondWith(ProxyToServerConnection.java:513)
	at org.littleshoot.proxy.impl.ProxyToServerConnection.readHTTPChunk(ProxyToServerConnection.java:229)
	at org.littleshoot.proxy.impl.ProxyConnection.readHTTP(ProxyConnection.java:146)
	at org.littleshoot.proxy.impl.ProxyConnection.read(ProxyConnection.java:120)
	at org.littleshoot.proxy.impl.ProxyToServerConnection.read(ProxyToServerConnection.java:206)
	at org.littleshoot.proxy.impl.ProxyConnection.channelRead0(ProxyConnection.java:579)
	at io.netty.channel.SimpleChannelInboundHandler.channelRead(SimpleChannelInboundHandler.java:105)
	at io.netty.channel.AbstractChannelHandlerContext.invokeChannelRead(AbstractChannelHandlerContext.java:339)
	at io.netty.channel.AbstractChannelHandlerContext.fireChannelRead(AbstractChannelHandlerContext.java:324)
	at io.netty.handler.timeout.IdleStateHandler.channelRead(IdleStateHandler.java:254)
	at io.netty.channel.AbstractChannelHandlerContext.invokeChannelRead(AbstractChannelHandlerContext.java:339)
	at io.netty.channel.AbstractChannelHandlerContext.fireChannelRead(AbstractChannelHandlerContext.java:324)
	at io.netty.channel.ChannelInboundHandlerAdapter.channelRead(ChannelInboundHandlerAdapter.java:86)
	at org.littleshoot.proxy.impl.ProxyConnection$ResponseReadMonitor.channelRead(ProxyConnection.java:730)
	at io.netty.channel.AbstractChannelHandlerContext.invokeChannelRead(AbstractChannelHandlerContext.java:339)
	at io.netty.channel.AbstractChannelHandlerContext.fireChannelRead(AbstractChannelHandlerContext.java:324)
	at io.netty.handler.codec.ByteToMessageDecoder.channelRead(ByteToMessageDecoder.java:242)
	at io.netty.channel.AbstractChannelHandlerContext.invokeChannelRead(AbstractChannelHandlerContext.java:339)
	at io.netty.channel.AbstractChannelHandlerContext.fireChannelRead(AbstractChannelHandlerContext.java:324)
	at io.netty.channel.ChannelInboundHandlerAdapter.channelRead(ChannelInboundHandlerAdapter.java:86)
	at org.littleshoot.proxy.impl.ProxyConnection$BytesReadMonitor.channelRead(ProxyConnection.java:684)
	at io.netty.channel.AbstractChannelHandlerContext.invokeChannelRead(AbstractChannelHandlerContext.java:339)
	at io.netty.channel.AbstractChannelHandlerContext.fireChannelRead(AbstractChannelHandlerContext.java:324)
	at io.netty.channel.DefaultChannelPipeline.fireChannelRead(DefaultChannelPipeline.java:847)
	at io.netty.channel.nio.AbstractNioByteChannel$NioByteUnsafe.read(AbstractNioByteChannel.java:131)
	at io.netty.channel.nio.NioEventLoop.processSelectedKey(NioEventLoop.java:511)
	at io.netty.channel.nio.NioEventLoop.processSelectedKeysOptimized(NioEventLoop.java:468)
	at io.netty.channel.nio.NioEventLoop.processSelectedKeys(NioEventLoop.java:382)
	at io.netty.channel.nio.NioEventLoop.run(NioEventLoop.java:354)
	at io.netty.util.concurrent.SingleThreadEventExecutor$2.run(SingleThreadEventExecutor.java:111)
	at java.lang.Thread.run(Thread.java:745)
SLF4J: Failed toString() invocation on an object of type [io.netty.handler.codec.http.HttpObjectAggregator$AggregatedFullHttpRequest]
io.netty.util.IllegalReferenceCountException: refCnt: 0
	at io.netty.buffer.DefaultByteBufHolder.content(DefaultByteBufHolder.java:39)
	at io.netty.handler.codec.http.HttpMessageUtil.appendFullCommon(HttpMessageUtil.java:79)
	at io.netty.handler.codec.http.HttpMessageUtil.appendFullRequest(HttpMessageUtil.java:55)
	at io.netty.handler.codec.http.HttpObjectAggregator$AggregatedFullHttpRequest.toString(HttpObjectAggregator.java:415)
	at org.slf4j.helpers.MessageFormatter.safeObjectAppend(MessageFormatter.java:297)
	at org.slf4j.helpers.MessageFormatter.deeplyAppendParameter(MessageFormatter.java:269)
	at org.slf4j.helpers.MessageFormatter.arrayFormat(MessageFormatter.java:227)
	at org.littleshoot.proxy.impl.ProxyConnectionLogger$LocationAwareLogggerDispatch.doLog(ProxyConnectionLogger.java:178)
	at org.littleshoot.proxy.impl.ProxyConnectionLogger.debug(ProxyConnectionLogger.java:81)
	at org.littleshoot.proxy.impl.ClientToProxyConnection.shouldCloseClientConnection(ClientToProxyConnection.java:789)
	at org.littleshoot.proxy.impl.ClientToProxyConnection.closeConnectionsAfterWriteIfNecessary(ClientToProxyConnection.java:732)
	at org.littleshoot.proxy.impl.ClientToProxyConnection.respond(ClientToProxyConnection.java:408)
	at org.littleshoot.proxy.impl.ProxyToServerConnection.respondWith(ProxyToServerConnection.java:513)
	at org.littleshoot.proxy.impl.ProxyToServerConnection.readHTTPChunk(ProxyToServerConnection.java:229)
	at org.littleshoot.proxy.impl.ProxyConnection.readHTTP(ProxyConnection.java:146)
	at org.littleshoot.proxy.impl.ProxyConnection.read(ProxyConnection.java:120)
	at org.littleshoot.proxy.impl.ProxyToServerConnection.read(ProxyToServerConnection.java:206)
	at org.littleshoot.proxy.impl.ProxyConnection.channelRead0(ProxyConnection.java:579)
	at io.netty.channel.SimpleChannelInboundHandler.channelRead(SimpleChannelInboundHandler.java:105)
	at io.netty.channel.AbstractChannelHandlerContext.invokeChannelRead(AbstractChannelHandlerContext.java:339)
	at io.netty.channel.AbstractChannelHandlerContext.fireChannelRead(AbstractChannelHandlerContext.java:324)
	at io.netty.handler.timeout.IdleStateHandler.channelRead(IdleStateHandler.java:254)
	at io.netty.channel.AbstractChannelHandlerContext.invokeChannelRead(AbstractChannelHandlerContext.java:339)
	at io.netty.channel.AbstractChannelHandlerContext.fireChannelRead(AbstractChannelHandlerContext.java:324)
	at io.netty.channel.ChannelInboundHandlerAdapter.channelRead(ChannelInboundHandlerAdapter.java:86)
	at org.littleshoot.proxy.impl.ProxyConnection$ResponseReadMonitor.channelRead(ProxyConnection.java:730)
	at io.netty.channel.AbstractChannelHandlerContext.invokeChannelRead(AbstractChannelHandlerContext.java:339)
	at io.netty.channel.AbstractChannelHandlerContext.fireChannelRead(AbstractChannelHandlerContext.java:324)
	at io.netty.handler.codec.ByteToMessageDecoder.channelRead(ByteToMessageDecoder.java:242)
	at io.netty.channel.AbstractChannelHandlerContext.invokeChannelRead(AbstractChannelHandlerContext.java:339)
	at io.netty.channel.AbstractChannelHandlerContext.fireChannelRead(AbstractChannelHandlerContext.java:324)
	at io.netty.channel.ChannelInboundHandlerAdapter.channelRead(ChannelInboundHandlerAdapter.java:86)
	at org.littleshoot.proxy.impl.ProxyConnection$BytesReadMonitor.channelRead(ProxyConnection.java:684)
	at io.netty.channel.AbstractChannelHandlerContext.invokeChannelRead(AbstractChannelHandlerContext.java:339)
	at io.netty.channel.AbstractChannelHandlerContext.fireChannelRead(AbstractChannelHandlerContext.java:324)
	at io.netty.channel.DefaultChannelPipeline.fireChannelRead(DefaultChannelPipeline.java:847)
	at io.netty.channel.nio.AbstractNioByteChannel$NioByteUnsafe.read(AbstractNioByteChannel.java:131)
	at io.netty.channel.nio.NioEventLoop.processSelectedKey(NioEventLoop.java:511)
	at io.netty.channel.nio.NioEventLoop.processSelectedKeysOptimized(NioEventLoop.java:468)
	at io.netty.channel.nio.NioEventLoop.processSelectedKeys(NioEventLoop.java:382)
	at io.netty.channel.nio.NioEventLoop.run(NioEventLoop.java:354)
	at io.netty.util.concurrent.SingleThreadEventExecutor$2.run(SingleThreadEventExecutor.java:111)
	at java.lang.Thread.run(Thread.java:745)
SLF4J: Failed toString() invocation on an object of type [io.netty.handler.codec.http.HttpObjectAggregator$AggregatedFullHttpRequest]
io.netty.util.IllegalReferenceCountException: refCnt: 0
	at io.netty.buffer.DefaultByteBufHolder.content(DefaultByteBufHolder.java:39)
	at io.netty.handler.codec.http.HttpMessageUtil.appendFullCommon(HttpMessageUtil.java:79)
	at io.netty.handler.codec.http.HttpMessageUtil.appendFullRequest(HttpMessageUtil.java:55)
	at io.netty.handler.codec.http.HttpObjectAggregator$AggregatedFullHttpRequest.toString(HttpObjectAggregator.java:415)
	at org.slf4j.helpers.MessageFormatter.safeObjectAppend(MessageFormatter.java:297)
	at org.slf4j.helpers.MessageFormatter.deeplyAppendParameter(MessageFormatter.java:269)
	at org.slf4j.helpers.MessageFormatter.arrayFormat(MessageFormatter.java:227)
	at org.littleshoot.proxy.impl.ProxyConnectionLogger$LocationAwareLogggerDispatch.doLog(ProxyConnectionLogger.java:178)
	at org.littleshoot.proxy.impl.ProxyConnectionLogger.debug(ProxyConnectionLogger.java:81)
	at org.littleshoot.proxy.impl.ClientToProxyConnection.shouldCloseClientConnection(ClientToProxyConnection.java:789)
	at org.littleshoot.proxy.impl.ClientToProxyConnection.closeConnectionsAfterWriteIfNecessary(ClientToProxyConnection.java:732)
	at org.littleshoot.proxy.impl.ClientToProxyConnection.respond(ClientToProxyConnection.java:408)
	at org.littleshoot.proxy.impl.ProxyToServerConnection.respondWith(ProxyToServerConnection.java:513)
	at org.littleshoot.proxy.impl.ProxyToServerConnection.readHTTPChunk(ProxyToServerConnection.java:229)
	at org.littleshoot.proxy.impl.ProxyConnection.readHTTP(ProxyConnection.java:146)
	at org.littleshoot.proxy.impl.ProxyConnection.read(ProxyConnection.java:120)
	at org.littleshoot.proxy.impl.ProxyToServerConnection.read(ProxyToServerConnection.java:206)
	at org.littleshoot.proxy.impl.ProxyConnection.channelRead0(ProxyConnection.java:579)
	at io.netty.channel.SimpleChannelInboundHandler.channelRead(SimpleChannelInboundHandler.java:105)
	at io.netty.channel.AbstractChannelHandlerContext.invokeChannelRead(AbstractChannelHandlerContext.java:339)
	at io.netty.channel.AbstractChannelHandlerContext.fireChannelRead(AbstractChannelHandlerContext.java:324)
	at io.netty.handler.timeout.IdleStateHandler.channelRead(IdleStateHandler.java:254)
	at io.netty.channel.AbstractChannelHandlerContext.invokeChannelRead(AbstractChannelHandlerContext.java:339)
	at io.netty.channel.AbstractChannelHandlerContext.fireChannelRead(AbstractChannelHandlerContext.java:324)
	at io.netty.channel.ChannelInboundHandlerAdapter.channelRead(ChannelInboundHandlerAdapter.java:86)
	at org.littleshoot.proxy.impl.ProxyConnection$ResponseReadMonitor.channelRead(ProxyConnection.java:730)
	at io.netty.channel.AbstractChannelHandlerContext.invokeChannelRead(AbstractChannelHandlerContext.java:339)
	at io.netty.channel.AbstractChannelHandlerContext.fireChannelRead(AbstractChannelHandlerContext.java:324)
	at io.netty.handler.codec.ByteToMessageDecoder.channelRead(ByteToMessageDecoder.java:242)
	at io.netty.channel.AbstractChannelHandlerContext.invokeChannelRead(AbstractChannelHandlerContext.java:339)
	at io.netty.channel.AbstractChannelHandlerContext.fireChannelRead(AbstractChannelHandlerContext.java:324)
	at io.netty.channel.ChannelInboundHandlerAdapter.channelRead(ChannelInboundHandlerAdapter.java:86)
	at org.littleshoot.proxy.impl.ProxyConnection$BytesReadMonitor.channelRead(ProxyConnection.java:684)
	at io.netty.channel.AbstractChannelHandlerContext.invokeChannelRead(AbstractChannelHandlerContext.java:339)
	at io.netty.channel.AbstractChannelHandlerContext.fireChannelRead(AbstractChannelHandlerContext.java:324)
	at io.netty.channel.DefaultChannelPipeline.fireChannelRead(DefaultChannelPipeline.java:847)
	at io.netty.channel.nio.AbstractNioByteChannel$NioByteUnsafe.read(AbstractNioByteChannel.java:131)
	at io.netty.channel.nio.NioEventLoop.processSelectedKey(NioEventLoop.java:511)
	at io.netty.channel.nio.NioEventLoop.processSelectedKeysOptimized(NioEventLoop.java:468)
	at io.netty.channel.nio.NioEventLoop.processSelectedKeys(NioEventLoop.java:382)
	at io.netty.channel.nio.NioEventLoop.run(NioEventLoop.java:354)
	at io.netty.util.concurrent.SingleThreadEventExecutor$2.run(SingleThreadEventExecutor.java:111)
	at java.lang.Thread.run(Thread.java:745)
SLF4J: Failed toString() invocation on an object of type [io.netty.handler.codec.http.HttpObjectAggregator$AggregatedFullHttpRequest]
SLF4J: Failed toString() invocation on an object of type [io.netty.handler.codec.http.HttpObjectAggregator$AggregatedFullHttpRequest]
io.netty.util.IllegalReferenceCountException: refCnt: 0
	at io.netty.buffer.DefaultByteBufHolder.content(DefaultByteBufHolder.java:39)
	at io.netty.handler.codec.http.HttpMessageUtil.appendFullCommon(HttpMessageUtil.java:79)
	at io.netty.handler.codec.http.HttpMessageUtil.appendFullRequest(HttpMessageUtil.java:55)
	at io.netty.handler.codec.http.HttpObjectAggregator$AggregatedFullHttpRequest.toString(HttpObjectAggregator.java:415)
	at org.slf4j.helpers.MessageFormatter.safeObjectAppend(MessageFormatter.java:297)
	at org.slf4j.helpers.MessageFormatter.deeplyAppendParameter(MessageFormatter.java:269)
	at org.slf4j.helpers.MessageFormatter.arrayFormat(MessageFormatter.java:227)
	at org.littleshoot.proxy.impl.ProxyConnectionLogger$LocationAwareLogggerDispatch.doLog(ProxyConnectionLogger.java:178)
	at org.littleshoot.proxy.impl.ProxyConnectionLogger.debug(ProxyConnectionLogger.java:81)
	at org.littleshoot.proxy.impl.ClientToProxyConnection.shouldCloseClientConnection(ClientToProxyConnection.java:789)
	at org.littleshoot.proxy.impl.ClientToProxyConnection.closeConnectionsAfterWriteIfNecessary(ClientToProxyConnection.java:732)
	at org.littleshoot.proxy.impl.ClientToProxyConnection.respond(ClientToProxyConnection.java:408)
	at org.littleshoot.proxy.impl.ProxyToServerConnection.respondWith(ProxyToServerConnection.java:513)
	at org.littleshoot.proxy.impl.ProxyToServerConnection.readHTTPChunk(ProxyToServerConnection.java:229)
	at org.littleshoot.proxy.impl.ProxyConnection.readHTTP(ProxyConnection.java:146)
	at org.littleshoot.proxy.impl.ProxyConnection.read(ProxyConnection.java:120)
	at org.littleshoot.proxy.impl.ProxyToServerConnection.read(ProxyToServerConnection.java:206)
	at org.littleshoot.proxy.impl.ProxyConnection.channelRead0(ProxyConnection.java:579)
	at io.netty.channel.SimpleChannelInboundHandler.channelRead(SimpleChannelInboundHandler.java:105)
	at io.netty.channel.AbstractChannelHandlerContext.invokeChannelRead(AbstractChannelHandlerContext.java:339)
	at io.netty.channel.AbstractChannelHandlerContext.fireChannelRead(AbstractChannelHandlerContext.java:324)
	at io.netty.handler.timeout.IdleStateHandler.channelRead(IdleStateHandler.java:254)
	at io.netty.channel.AbstractChannelHandlerContext.invokeChannelRead(AbstractChannelHandlerContext.java:339)
	at io.netty.channel.AbstractChannelHandlerContext.fireChannelRead(AbstractChannelHandlerContext.java:324)
	at io.netty.channel.ChannelInboundHandlerAdapter.channelRead(ChannelInboundHandlerAdapter.java:86)
	at org.littleshoot.proxy.impl.ProxyConnection$ResponseReadMonitor.channelRead(ProxyConnection.java:730)
	at io.netty.channel.AbstractChannelHandlerContext.invokeChannelRead(AbstractChannelHandlerContext.java:339)
	at io.netty.channel.AbstractChannelHandlerContext.fireChannelRead(AbstractChannelHandlerContext.java:324)
	at io.netty.handler.codec.ByteToMessageDecoder.channelRead(ByteToMessageDecoder.java:242)
	at io.netty.channel.AbstractChannelHandlerContext.invokeChannelRead(AbstractChannelHandlerContext.java:339)
	at io.netty.channel.AbstractChannelHandlerContext.fireChannelRead(AbstractChannelHandlerContext.java:324)
	at io.netty.channel.ChannelInboundHandlerAdapter.channelRead(ChannelInboundHandlerAdapter.java:86)
	at org.littleshoot.proxy.impl.ProxyConnection$BytesReadMonitor.channelRead(ProxyConnection.java:684)
	at io.netty.channel.AbstractChannelHandlerContext.invokeChannelRead(AbstractChannelHandlerContext.java:339)
	at io.netty.channel.AbstractChannelHandlerContext.fireChannelRead(AbstractChannelHandlerContext.java:324)
	at io.netty.channel.DefaultChannelPipeline.fireChannelRead(DefaultChannelPipeline.java:847)
	at io.netty.channel.nio.AbstractNioByteChannel$NioByteUnsafe.read(AbstractNioByteChannel.java:131)
	at io.netty.channel.nio.NioEventLoop.processSelectedKey(NioEventLoop.java:511)
	at io.netty.channel.nio.NioEventLoop.processSelectedKeysOptimized(NioEventLoop.java:468)
	at io.netty.channel.nio.NioEventLoop.processSelectedKeys(NioEventLoop.java:382)
	at io.netty.channel.nio.NioEventLoop.run(NioEventLoop.java:354)
	at io.netty.util.concurrent.SingleThreadEventExecutor$2.run(SingleThreadEventExecutor.java:111)
	at java.lang.Thread.run(Thread.java:745)
io.netty.util.IllegalReferenceCountException: refCnt: 0
	at io.netty.buffer.DefaultByteBufHolder.content(DefaultByteBufHolder.java:39)
	at io.netty.handler.codec.http.HttpMessageUtil.appendFullCommon(HttpMessageUtil.java:79)
	at io.netty.handler.codec.http.HttpMessageUtil.appendFullRequest(HttpMessageUtil.java:55)
	at io.netty.handler.codec.http.HttpObjectAggregator$AggregatedFullHttpRequest.toString(HttpObjectAggregator.java:415)
	at org.slf4j.helpers.MessageFormatter.safeObjectAppend(MessageFormatter.java:297)
	at org.slf4j.helpers.MessageFormatter.deeplyAppendParameter(MessageFormatter.java:269)
	at org.slf4j.helpers.MessageFormatter.arrayFormat(MessageFormatter.java:227)
	at org.littleshoot.proxy.impl.ProxyConnectionLogger$LocationAwareLogggerDispatch.doLog(ProxyConnectionLogger.java:178)
	at org.littleshoot.proxy.impl.ProxyConnectionLogger.debug(ProxyConnectionLogger.java:81)
	at org.littleshoot.proxy.impl.ClientToProxyConnection.shouldCloseClientConnection(ClientToProxyConnection.java:789)
	at org.littleshoot.proxy.impl.ClientToProxyConnection.closeConnectionsAfterWriteIfNecessary(ClientToProxyConnection.java:732)
	at org.littleshoot.proxy.impl.ClientToProxyConnection.respond(ClientToProxyConnection.java:408)
	at org.littleshoot.proxy.impl.ProxyToServerConnection.respondWith(ProxyToServerConnection.java:513)
	at org.littleshoot.proxy.impl.ProxyToServerConnection.readHTTPChunk(ProxyToServerConnection.java:229)
	at org.littleshoot.proxy.impl.ProxyConnection.readHTTP(ProxyConnection.java:146)
	at org.littleshoot.proxy.impl.ProxyConnection.read(ProxyConnection.java:120)
	at org.littleshoot.proxy.impl.ProxyToServerConnection.read(ProxyToServerConnection.java:206)
	at org.littleshoot.proxy.impl.ProxyConnection.channelRead0(ProxyConnection.java:579)
	at io.netty.channel.SimpleChannelInboundHandler.channelRead(SimpleChannelInboundHandler.java:105)
	at io.netty.channel.AbstractChannelHandlerContext.invokeChannelRead(AbstractChannelHandlerContext.java:339)
	at io.netty.channel.AbstractChannelHandlerContext.fireChannelRead(AbstractChannelHandlerContext.java:324)
	at io.netty.handler.timeout.IdleStateHandler.channelRead(IdleStateHandler.java:254)
	at io.netty.channel.AbstractChannelHandlerContext.invokeChannelRead(AbstractChannelHandlerContext.java:339)
	at io.netty.channel.AbstractChannelHandlerContext.fireChannelRead(AbstractChannelHandlerContext.java:324)
	at io.netty.channel.ChannelInboundHandlerAdapter.channelRead(ChannelInboundHandlerAdapter.java:86)
	at org.littleshoot.proxy.impl.ProxyConnection$ResponseReadMonitor.channelRead(ProxyConnection.java:730)
	at io.netty.channel.AbstractChannelHandlerContext.invokeChannelRead(AbstractChannelHandlerContext.java:339)
	at io.netty.channel.AbstractChannelHandlerContext.fireChannelRead(AbstractChannelHandlerContext.java:324)
	at io.netty.handler.codec.ByteToMessageDecoder.channelRead(ByteToMessageDecoder.java:242)
	at io.netty.channel.AbstractChannelHandlerContext.invokeChannelRead(AbstractChannelHandlerContext.java:339)
	at io.netty.channel.AbstractChannelHandlerContext.fireChannelRead(AbstractChannelHandlerContext.java:324)
	at io.netty.channel.ChannelInboundHandlerAdapter.channelRead(ChannelInboundHandlerAdapter.java:86)
	at org.littleshoot.proxy.impl.ProxyConnection$BytesReadMonitor.channelRead(ProxyConnection.java:684)
	at io.netty.channel.AbstractChannelHandlerContext.invokeChannelRead(AbstractChannelHandlerContext.java:339)
	at io.netty.channel.AbstractChannelHandlerContext.fireChannelRead(AbstractChannelHandlerContext.java:324)
	at io.netty.channel.DefaultChannelPipeline.fireChannelRead(DefaultChannelPipeline.java:847)
	at io.netty.channel.nio.AbstractNioByteChannel$NioByteUnsafe.read(AbstractNioByteChannel.java:131)
	at io.netty.channel.nio.NioEventLoop.processSelectedKey(NioEventLoop.java:511)
	at io.netty.channel.nio.NioEventLoop.processSelectedKeysOptimized(NioEventLoop.java:468)
	at io.netty.channel.nio.NioEventLoop.processSelectedKeys(NioEventLoop.java:382)
	at io.netty.channel.nio.NioEventLoop.run(NioEventLoop.java:354)
	at io.netty.util.concurrent.SingleThreadEventExecutor$2.run(SingleThreadEventExecutor.java:111)
	at java.lang.Thread.run(Thread.java:745)
SLF4J: Failed toString() invocation on an object of type [io.netty.handler.codec.http.HttpObjectAggregator$AggregatedFullHttpRequest]
io.netty.util.IllegalReferenceCountException: refCnt: 0
	at io.netty.buffer.DefaultByteBufHolder.content(DefaultByteBufHolder.java:39)
	at io.netty.handler.codec.http.HttpMessageUtil.appendFullCommon(HttpMessageUtil.java:79)
	at io.netty.handler.codec.http.HttpMessageUtil.appendFullRequest(HttpMessageUtil.java:55)
	at io.netty.handler.codec.http.HttpObjectAggregator$AggregatedFullHttpRequest.toString(HttpObjectAggregator.java:415)
	at org.slf4j.helpers.MessageFormatter.safeObjectAppend(MessageFormatter.java:297)
	at org.slf4j.helpers.MessageFormatter.deeplyAppendParameter(MessageFormatter.java:269)
	at org.slf4j.helpers.MessageFormatter.arrayFormat(MessageFormatter.java:227)
	at org.littleshoot.proxy.impl.ProxyConnectionLogger$LocationAwareLogggerDispatch.doLog(ProxyConnectionLogger.java:178)
	at org.littleshoot.proxy.impl.ProxyConnectionLogger.debug(ProxyConnectionLogger.java:81)
	at org.littleshoot.proxy.impl.ClientToProxyConnection.shouldCloseClientConnection(ClientToProxyConnection.java:789)
	at org.littleshoot.proxy.impl.ClientToProxyConnection.closeConnectionsAfterWriteIfNecessary(ClientToProxyConnection.java:732)
	at org.littleshoot.proxy.impl.ClientToProxyConnection.respond(ClientToProxyConnection.java:408)
	at org.littleshoot.proxy.impl.ProxyToServerConnection.respondWith(ProxyToServerConnection.java:513)
	at org.littleshoot.proxy.impl.ProxyToServerConnection.readHTTPChunk(ProxyToServerConnection.java:229)
	at org.littleshoot.proxy.impl.ProxyConnection.readHTTP(ProxyConnection.java:146)
	at org.littleshoot.proxy.impl.ProxyConnection.read(ProxyConnection.java:120)
	at org.littleshoot.proxy.impl.ProxyToServerConnection.read(ProxyToServerConnection.java:206)
	at org.littleshoot.proxy.impl.ProxyConnection.channelRead0(ProxyConnection.java:579)
	at io.netty.channel.SimpleChannelInboundHandler.channelRead(SimpleChannelInboundHandler.java:105)
	at io.netty.channel.AbstractChannelHandlerContext.invokeChannelRead(AbstractChannelHandlerContext.java:339)
	at io.netty.channel.AbstractChannelHandlerContext.fireChannelRead(AbstractChannelHandlerContext.java:324)
	at io.netty.handler.timeout.IdleStateHandler.channelRead(IdleStateHandler.java:254)
	at io.netty.channel.AbstractChannelHandlerContext.invokeChannelRead(AbstractChannelHandlerContext.java:339)
	at io.netty.channel.AbstractChannelHandlerContext.fireChannelRead(AbstractChannelHandlerContext.java:324)
	at io.netty.channel.ChannelInboundHandlerAdapter.channelRead(ChannelInboundHandlerAdapter.java:86)
	at org.littleshoot.proxy.impl.ProxyConnection$ResponseReadMonitor.channelRead(ProxyConnection.java:730)
	at io.netty.channel.AbstractChannelHandlerContext.invokeChannelRead(AbstractChannelHandlerContext.java:339)
	at io.netty.channel.AbstractChannelHandlerContext.fireChannelRead(AbstractChannelHandlerContext.java:324)
	at io.netty.handler.codec.ByteToMessageDecoder.channelRead(ByteToMessageDecoder.java:242)
	at io.netty.channel.AbstractChannelHandlerContext.invokeChannelRead(AbstractChannelHandlerContext.java:339)
	at io.netty.channel.AbstractChannelHandlerContext.fireChannelRead(AbstractChannelHandlerContext.java:324)
	at io.netty.channel.ChannelInboundHandlerAdapter.channelRead(ChannelInboundHandlerAdapter.java:86)
	at org.littleshoot.proxy.impl.ProxyConnection$BytesReadMonitor.channelRead(ProxyConnection.java:684)
	at io.netty.channel.AbstractChannelHandlerContext.invokeChannelRead(AbstractChannelHandlerContext.java:339)
	at io.netty.channel.AbstractChannelHandlerContext.fireChannelRead(AbstractChannelHandlerContext.java:324)
	at io.netty.channel.DefaultChannelPipeline.fireChannelRead(DefaultChannelPipeline.java:847)
	at io.netty.channel.nio.AbstractNioByteChannel$NioByteUnsafe.read(AbstractNioByteChannel.java:131)
	at io.netty.channel.nio.NioEventLoop.processSelectedKey(NioEventLoop.java:511)
SLF4J: Failed toString() invocation on an object of type [io.netty.handler.codec.http.HttpObjectAggregator$AggregatedFullHttpRequest]
	at io.netty.channel.nio.NioEventLoop.processSelectedKeysOptimized(NioEventLoop.java:468)
	at io.netty.channel.nio.NioEventLoop.processSelectedKeys(NioEventLoop.java:382)
	at io.netty.channel.nio.NioEventLoop.run(NioEventLoop.java:354)
	at io.netty.util.concurrent.SingleThreadEventExecutor$2.run(SingleThreadEventExecutor.java:111)
	at java.lang.Thread.run(Thread.java:745)
io.netty.util.IllegalReferenceCountException: refCnt: 0
	at io.netty.buffer.DefaultByteBufHolder.content(DefaultByteBufHolder.java:39)
	at io.netty.handler.codec.http.HttpMessageUtil.appendFullCommon(HttpMessageUtil.java:79)
	at io.netty.handler.codec.http.HttpMessageUtil.appendFullRequest(HttpMessageUtil.java:55)
	at io.netty.handler.codec.http.HttpObjectAggregator$AggregatedFullHttpRequest.toString(HttpObjectAggregator.java:415)
	at org.slf4j.helpers.MessageFormatter.safeObjectAppend(MessageFormatter.java:297)
	at org.slf4j.helpers.MessageFormatter.deeplyAppendParameter(MessageFormatter.java:269)
	at org.slf4j.helpers.MessageFormatter.arrayFormat(MessageFormatter.java:227)
	at org.littleshoot.proxy.impl.ProxyConnectionLogger$LocationAwareLogggerDispatch.doLog(ProxyConnectionLogger.java:178)
	at org.littleshoot.proxy.impl.ProxyConnectionLogger.debug(ProxyConnectionLogger.java:81)
	at org.littleshoot.proxy.impl.ClientToProxyConnection.shouldCloseClientConnection(ClientToProxyConnection.java:789)
	at org.littleshoot.proxy.impl.ClientToProxyConnection.closeConnectionsAfterWriteIfNecessary(ClientToProxyConnection.java:732)
	at org.littleshoot.proxy.impl.ClientToProxyConnection.respond(ClientToProxyConnection.java:408)
	at org.littleshoot.proxy.impl.ProxyToServerConnection.respondWith(ProxyToServerConnection.java:513)
	at org.littleshoot.proxy.impl.ProxyToServerConnection.readHTTPChunk(ProxyToServerConnection.java:229)
	at org.littleshoot.proxy.impl.ProxyConnection.readHTTP(ProxyConnection.java:146)
	at org.littleshoot.proxy.impl.ProxyConnection.read(ProxyConnection.java:120)
	at org.littleshoot.proxy.impl.ProxyToServerConnection.read(ProxyToServerConnection.java:206)
	at org.littleshoot.proxy.impl.ProxyConnection.channelRead0(ProxyConnection.java:579)
	at io.netty.channel.SimpleChannelInboundHandler.channelRead(SimpleChannelInboundHandler.java:105)
	at io.netty.channel.AbstractChannelHandlerContext.invokeChannelRead(AbstractChannelHandlerContext.java:339)
	at io.netty.channel.AbstractChannelHandlerContext.fireChannelRead(AbstractChannelHandlerContext.java:324)
	at io.netty.handler.timeout.IdleStateHandler.channelRead(IdleStateHandler.java:254)
	at io.netty.channel.AbstractChannelHandlerContext.invokeChannelRead(AbstractChannelHandlerContext.java:339)
	at io.netty.channel.AbstractChannelHandlerContext.fireChannelRead(AbstractChannelHandlerContext.java:324)
	at io.netty.channel.ChannelInboundHandlerAdapter.channelRead(ChannelInboundHandlerAdapter.java:86)
	at org.littleshoot.proxy.impl.ProxyConnection$ResponseReadMonitor.channelRead(ProxyConnection.java:730)
	at io.netty.channel.AbstractChannelHandlerContext.invokeChannelRead(AbstractChannelHandlerContext.java:339)
	at io.netty.channel.AbstractChannelHandlerContext.fireChannelRead(AbstractChannelHandlerContext.java:324)
	at io.netty.handler.codec.ByteToMessageDecoder.channelRead(ByteToMessageDecoder.java:242)
	at io.netty.channel.AbstractChannelHandlerContext.invokeChannelRead(AbstractChannelHandlerContext.java:339)
	at io.netty.channel.AbstractChannelHandlerContext.fireChannelRead(AbstractChannelHandlerContext.java:324)
	at io.netty.channel.ChannelInboundHandlerAdapter.channelRead(ChannelInboundHandlerAdapter.java:86)
	at org.littleshoot.proxy.impl.ProxyConnection$BytesReadMonitor.channelRead(ProxyConnection.java:684)
	at io.netty.channel.AbstractChannelHandlerContext.invokeChannelRead(AbstractChannelHandlerContext.java:339)
	at io.netty.channel.AbstractChannelHandlerContext.fireChannelRead(AbstractChannelHandlerContext.java:324)
	at io.netty.channel.DefaultChannelPipeline.fireChannelRead(DefaultChannelPipeline.java:847)
	at io.netty.channel.nio.AbstractNioByteChannel$NioByteUnsafe.read(AbstractNioByteChannel.java:131)
	at io.netty.channel.nio.NioEventLoop.processSelectedKey(NioEventLoop.java:511)
	at io.netty.channel.nio.NioEventLoop.processSelectedKeysOptimized(NioEventLoop.java:468)
	at io.netty.channel.nio.NioEventLoop.processSelectedKeys(NioEventLoop.java:382)
	at io.netty.channel.nio.NioEventLoop.run(NioEventLoop.java:354)
	at io.netty.util.concurrent.SingleThreadEventExecutor$2.run(SingleThreadEventExecutor.java:111)
	at java.lang.Thread.run(Thread.java:745)
SLF4J: Failed toString() invocation on an object of type [io.netty.handler.codec.http.HttpObjectAggregator$AggregatedFullHttpRequest]
io.netty.util.IllegalReferenceCountException: refCnt: 0
	at io.netty.buffer.DefaultByteBufHolder.content(DefaultByteBufHolder.java:39)
	at io.netty.handler.codec.http.HttpMessageUtil.appendFullCommon(HttpMessageUtil.java:79)
	at io.netty.handler.codec.http.HttpMessageUtil.appendFullRequest(HttpMessageUtil.java:55)
	at io.netty.handler.codec.http.HttpObjectAggregator$AggregatedFullHttpRequest.toString(HttpObjectAggregator.java:415)
	at org.slf4j.helpers.MessageFormatter.safeObjectAppend(MessageFormatter.java:297)
	at org.slf4j.helpers.MessageFormatter.deeplyAppendParameter(MessageFormatter.java:269)
	at org.slf4j.helpers.MessageFormatter.arrayFormat(MessageFormatter.java:227)
	at org.littleshoot.proxy.impl.ProxyConnectionLogger$LocationAwareLogggerDispatch.doLog(ProxyConnectionLogger.java:178)
	at org.littleshoot.proxy.impl.ProxyConnectionLogger.debug(ProxyConnectionLogger.java:81)
	at org.littleshoot.proxy.impl.ClientToProxyConnection.shouldCloseClientConnection(ClientToProxyConnection.java:789)
	at org.littleshoot.proxy.impl.ClientToProxyConnection.closeConnectionsAfterWriteIfNecessary(ClientToProxyConnection.java:732)
	at org.littleshoot.proxy.impl.ClientToProxyConnection.respond(ClientToProxyConnection.java:408)
	at org.littleshoot.proxy.impl.ProxyToServerConnection.respondWith(ProxyToServerConnection.java:513)
	at org.littleshoot.proxy.impl.ProxyToServerConnection.readHTTPChunk(ProxyToServerConnection.java:229)
	at org.littleshoot.proxy.impl.ProxyConnection.readHTTP(ProxyConnection.java:146)
	at org.littleshoot.proxy.impl.ProxyConnection.read(ProxyConnection.java:120)
	at org.littleshoot.proxy.impl.ProxyToServerConnection.read(ProxyToServerConnection.java:206)
	at org.littleshoot.proxy.impl.ProxyConnection.channelRead0(ProxyConnection.java:579)
	at io.netty.channel.SimpleChannelInboundHandler.channelRead(SimpleChannelInboundHandler.java:105)
	at io.netty.channel.AbstractChannelHandlerContext.invokeChannelRead(AbstractChannelHandlerContext.java:339)
	at io.netty.channel.AbstractChannelHandlerContext.fireChannelRead(AbstractChannelHandlerContext.java:324)
	at io.netty.handler.timeout.IdleStateHandler.channelRead(IdleStateHandler.java:254)
	at io.netty.channel.AbstractChannelHandlerContext.invokeChannelRead(AbstractChannelHandlerContext.java:339)
	at io.netty.channel.AbstractChannelHandlerContext.fireChannelRead(AbstractChannelHandlerContext.java:324)
	at io.netty.channel.ChannelInboundHandlerAdapter.channelRead(ChannelInboundHandlerAdapter.java:86)
	at org.littleshoot.proxy.impl.ProxyConnection$ResponseReadMonitor.channelRead(ProxyConnection.java:730)
	at io.netty.channel.AbstractChannelHandlerContext.invokeChannelRead(AbstractChannelHandlerContext.java:339)
	at io.netty.channel.AbstractChannelHandlerContext.fireChannelRead(AbstractChannelHandlerContext.java:324)
	at io.netty.handler.codec.ByteToMessageDecoder.channelRead(ByteToMessageDecoder.java:242)
	at io.netty.channel.AbstractChannelHandlerContext.invokeChannelRead(AbstractChannelHandlerContext.java:339)
	at io.netty.channel.AbstractChannelHandlerContext.fireChannelRead(AbstractChannelHandlerContext.java:324)
	at io.netty.channel.ChannelInboundHandlerAdapter.channelRead(ChannelInboundHandlerAdapter.java:86)
	at org.littleshoot.proxy.impl.ProxyConnection$BytesReadMonitor.channelRead(ProxyConnection.java:684)
	at io.netty.channel.AbstractChannelHandlerContext.invokeChannelRead(AbstractChannelHandlerContext.java:339)
	at io.netty.channel.AbstractChannelHandlerContext.fireChannelRead(AbstractChannelHandlerContext.java:324)
	at io.netty.channel.DefaultChannelPipeline.fireChannelRead(DefaultChannelPipeline.java:847)
	at io.netty.channel.nio.AbstractNioByteChannel$NioByteUnsafe.read(AbstractNioByteChannel.java:131)
	at io.netty.channel.nio.NioEventLoop.processSelectedKey(NioEventLoop.java:511)
	at io.netty.channel.nio.NioEventLoop.processSelectedKeysOptimized(NioEventLoop.java:468)
	at io.netty.channel.nio.NioEventLoop.processSelectedKeys(NioEventLoop.java:382)
	at io.netty.channel.nio.NioEventLoop.run(NioEventLoop.java:354)
	at io.netty.util.concurrent.SingleThreadEventExecutor$2.run(SingleThreadEventExecutor.java:111)
	at java.lang.Thread.run(Thread.java:745)
SLF4J: Failed toString() invocation on an object of type [io.netty.handler.codec.http.HttpObjectAggregator$AggregatedFullHttpRequest]
io.netty.util.IllegalReferenceCountException: refCnt: 0
	at io.netty.buffer.DefaultByteBufHolder.content(DefaultByteBufHolder.java:39)
	at io.netty.handler.codec.http.HttpMessageUtil.appendFullCommon(HttpMessageUtil.java:79)
	at io.netty.handler.codec.http.HttpMessageUtil.appendFullRequest(HttpMessageUtil.java:55)
	at io.netty.handler.codec.http.HttpObjectAggregator$AggregatedFullHttpRequest.toString(HttpObjectAggregator.java:415)
	at org.slf4j.helpers.MessageFormatter.safeObjectAppend(MessageFormatter.java:297)
	at org.slf4j.helpers.MessageFormatter.deeplyAppendParameter(MessageFormatter.java:269)
	at org.slf4j.helpers.MessageFormatter.arrayFormat(MessageFormatter.java:227)
	at org.littleshoot.proxy.impl.ProxyConnectionLogger$LocationAwareLogggerDispatch.doLog(ProxyConnectionLogger.java:178)
	at org.littleshoot.proxy.impl.ProxyConnectionLogger.debug(ProxyConnectionLogger.java:81)
	at org.littleshoot.proxy.impl.ClientToProxyConnection.shouldCloseClientConnection(ClientToProxyConnection.java:789)
	at org.littleshoot.proxy.impl.ClientToProxyConnection.closeConnectionsAfterWriteIfNecessary(ClientToProxyConnection.java:732)
	at org.littleshoot.proxy.impl.ClientToProxyConnection.respond(ClientToProxyConnection.java:408)
	at org.littleshoot.proxy.impl.ProxyToServerConnection.respondWith(ProxyToServerConnection.java:513)
	at org.littleshoot.proxy.impl.ProxyToServerConnection.readHTTPChunk(ProxyToServerConnection.java:229)
	at org.littleshoot.proxy.impl.ProxyConnection.readHTTP(ProxyConnection.java:146)
	at org.littleshoot.proxy.impl.ProxyConnection.read(ProxyConnection.java:120)
	at org.littleshoot.proxy.impl.ProxyToServerConnection.read(ProxyToServerConnection.java:206)
	at org.littleshoot.proxy.impl.ProxyConnection.channelRead0(ProxyConnection.java:579)
	at io.netty.channel.SimpleChannelInboundHandler.channelRead(SimpleChannelInboundHandler.java:105)
	at io.netty.channel.AbstractChannelHandlerContext.invokeChannelRead(AbstractChannelHandlerContext.java:339)
	at io.netty.channel.AbstractChannelHandlerContext.fireChannelRead(AbstractChannelHandlerContext.java:324)
	at io.netty.handler.timeout.IdleStateHandler.channelRead(IdleStateHandler.java:254)
	at io.netty.channel.AbstractChannelHandlerContext.invokeChannelRead(AbstractChannelHandlerContext.java:339)
	at io.netty.channel.AbstractChannelHandlerContext.fireChannelRead(AbstractChannelHandlerContext.java:324)
	at io.netty.channel.ChannelInboundHandlerAdapter.channelRead(ChannelInboundHandlerAdapter.java:86)
	at org.littleshoot.proxy.impl.ProxyConnection$ResponseReadMonitor.channelRead(ProxyConnection.java:730)
	at io.netty.channel.AbstractChannelHandlerContext.invokeChannelRead(AbstractChannelHandlerContext.java:339)
	at io.netty.channel.AbstractChannelHandlerContext.fireChannelRead(AbstractChannelHandlerContext.java:324)
	at io.netty.handler.codec.ByteToMessageDecoder.channelRead(ByteToMessageDecoder.java:242)
	at io.netty.channel.AbstractChannelHandlerContext.invokeChannelRead(AbstractChannelHandlerContext.java:339)
	at io.netty.channel.AbstractChannelHandlerContext.fireChannelRead(AbstractChannelHandlerContext.java:324)
	at io.netty.channel.ChannelInboundHandlerAdapter.channelRead(ChannelInboundHandlerAdapter.java:86)
	at org.littleshoot.proxy.impl.ProxyConnection$BytesReadMonitor.channelRead(ProxyConnection.java:684)
	at io.netty.channel.AbstractChannelHandlerContext.invokeChannelRead(AbstractChannelHandlerContext.java:339)
	at io.netty.channel.AbstractChannelHandlerContext.fireChannelRead(AbstractChannelHandlerContext.java:324)
	at io.netty.channel.DefaultChannelPipeline.fireChannelRead(DefaultChannelPipeline.java:847)
	at io.netty.channel.nio.AbstractNioByteChannel$NioByteUnsafe.read(AbstractNioByteChannel.java:131)
	at io.netty.channel.nio.NioEventLoop.processSelectedKey(NioEventLoop.java:511)
	at io.netty.channel.nio.NioEventLoop.processSelectedKeysOptimized(NioEventLoop.java:468)
	at io.netty.channel.nio.NioEventLoop.processSelectedKeys(NioEventLoop.java:382)
	at io.netty.channel.nio.NioEventLoop.run(NioEventLoop.java:354)
	at io.netty.util.concurrent.SingleThreadEventExecutor$2.run(SingleThreadEventExecutor.java:111)
	at java.lang.Thread.run(Thread.java:745)
SLF4J: Failed toString() invocation on an object of type [io.netty.handler.codec.http.HttpObjectAggregator$AggregatedFullHttpRequest]
SLF4J: Failed toString() invocation on an object of type [io.netty.handler.codec.http.HttpObjectAggregator$AggregatedFullHttpRequest]
io.netty.util.IllegalReferenceCountException: refCnt: 0
	at io.netty.buffer.DefaultByteBufHolder.content(DefaultByteBufHolder.java:39)
	at io.netty.handler.codec.http.HttpMessageUtil.appendFullCommon(HttpMessageUtil.java:79)
	at io.netty.handler.codec.http.HttpMessageUtil.appendFullRequest(HttpMessageUtil.java:55)
	at io.netty.handler.codec.http.HttpObjectAggregator$AggregatedFullHttpRequest.toString(HttpObjectAggregator.java:415)
	at org.slf4j.helpers.MessageFormatter.safeObjectAppend(MessageFormatter.java:297)
	at org.slf4j.helpers.MessageFormatter.deeplyAppendParameter(MessageFormatter.java:269)
	at org.slf4j.helpers.MessageFormatter.arrayFormat(MessageFormatter.java:227)
	at org.littleshoot.proxy.impl.ProxyConnectionLogger$LocationAwareLogggerDispatch.doLog(ProxyConnectionLogger.java:178)
	at org.littleshoot.proxy.impl.ProxyConnectionLogger.debug(ProxyConnectionLogger.java:81)
	at org.littleshoot.proxy.impl.ClientToProxyConnection.shouldCloseClientConnection(ClientToProxyConnection.java:789)
	at org.littleshoot.proxy.impl.ClientToProxyConnection.closeConnectionsAfterWriteIfNecessary(ClientToProxyConnection.java:732)
	at org.littleshoot.proxy.impl.ClientToProxyConnection.respond(ClientToProxyConnection.java:408)
	at org.littleshoot.proxy.impl.ProxyToServerConnection.respondWith(ProxyToServerConnection.java:513)
	at org.littleshoot.proxy.impl.ProxyToServerConnection.readHTTPChunk(ProxyToServerConnection.java:229)
	at org.littleshoot.proxy.impl.ProxyConnection.readHTTP(ProxyConnection.java:146)
	at org.littleshoot.proxy.impl.ProxyConnection.read(ProxyConnection.java:120)
	at org.littleshoot.proxy.impl.ProxyToServerConnection.read(ProxyToServerConnection.java:206)
	at org.littleshoot.proxy.impl.ProxyConnection.channelRead0(ProxyConnection.java:579)
	at io.netty.channel.SimpleChannelInboundHandler.channelRead(SimpleChannelInboundHandler.java:105)
	at io.netty.channel.AbstractChannelHandlerContext.invokeChannelRead(AbstractChannelHandlerContext.java:339)
	at io.netty.channel.AbstractChannelHandlerContext.fireChannelRead(AbstractChannelHandlerContext.java:324)
	at io.netty.handler.timeout.IdleStateHandler.channelRead(IdleStateHandler.java:254)
	at io.netty.channel.AbstractChannelHandlerContext.invokeChannelRead(AbstractChannelHandlerContext.java:339)
	at io.netty.channel.AbstractChannelHandlerContext.fireChannelRead(AbstractChannelHandlerContext.java:324)
	at io.netty.channel.ChannelInboundHandlerAdapter.channelRead(ChannelInboundHandlerAdapter.java:86)
	at org.littleshoot.proxy.impl.ProxyConnection$ResponseReadMonitor.channelRead(ProxyConnection.java:730)
	at io.netty.channel.AbstractChannelHandlerContext.invokeChannelRead(AbstractChannelHandlerContext.java:339)
	at io.netty.channel.AbstractChannelHandlerContext.fireChannelRead(AbstractChannelHandlerContext.java:324)
	at io.netty.handler.codec.ByteToMessageDecoder.channelRead(ByteToMessageDecoder.java:242)
	at io.netty.channel.AbstractChannelHandlerContext.invokeChannelRead(AbstractChannelHandlerContext.java:339)
	at io.netty.channel.AbstractChannelHandlerContext.fireChannelRead(AbstractChannelHandlerContext.java:324)
	at io.netty.channel.ChannelInboundHandlerAdapter.channelRead(ChannelInboundHandlerAdapter.java:86)
	at org.littleshoot.proxy.impl.ProxyConnection$BytesReadMonitor.channelRead(ProxyConnection.java:684)
	at io.netty.channel.AbstractChannelHandlerContext.invokeChannelRead(AbstractChannelHandlerContext.java:339)
	at io.netty.channel.AbstractChannelHandlerContext.fireChannelRead(AbstractChannelHandlerContext.java:324)
	at io.netty.channel.DefaultChannelPipeline.fireChannelRead(DefaultChannelPipeline.java:847)
	at io.netty.channel.nio.AbstractNioByteChannel$NioByteUnsafe.read(AbstractNioByteChannel.java:131)
	at io.netty.channel.nio.NioEventLoop.processSelectedKey(NioEventLoop.java:511)
	at io.netty.channel.nio.NioEventLoop.processSelectedKeysOptimized(NioEventLoop.java:468)
	at io.netty.channel.nio.NioEventLoop.processSelectedKeys(NioEventLoop.java:382)
	at io.netty.channel.nio.NioEventLoop.run(NioEventLoop.java:354)
	at io.netty.util.concurrent.SingleThreadEventExecutor$2.run(SingleThreadEventExecutor.java:111)
	at java.lang.Thread.run(Thread.java:745)
io.netty.util.IllegalReferenceCountException: refCnt: 0
	at io.netty.buffer.DefaultByteBufHolder.content(DefaultByteBufHolder.java:39)
	at io.netty.handler.codec.http.HttpMessageUtil.appendFullCommon(HttpMessageUtil.java:79)
	at io.netty.handler.codec.http.HttpMessageUtil.appendFullRequest(HttpMessageUtil.java:55)
	at io.netty.handler.codec.http.HttpObjectAggregator$AggregatedFullHttpRequest.toString(HttpObjectAggregator.java:415)
	at org.slf4j.helpers.MessageFormatter.safeObjectAppend(MessageFormatter.java:297)
	at org.slf4j.helpers.MessageFormatter.deeplyAppendParameter(MessageFormatter.java:269)
	at org.slf4j.helpers.MessageFormatter.arrayFormat(MessageFormatter.java:227)
	at org.littleshoot.proxy.impl.ProxyConnectionLogger$LocationAwareLogggerDispatch.doLog(ProxyConnectionLogger.java:178)
	at org.littleshoot.proxy.impl.ProxyConnectionLogger.debug(ProxyConnectionLogger.java:81)
	at org.littleshoot.proxy.impl.ClientToProxyConnection.shouldCloseClientConnection(ClientToProxyConnection.java:789)
	at org.littleshoot.proxy.impl.ClientToProxyConnection.closeConnectionsAfterWriteIfNecessary(ClientToProxyConnection.java:732)
	at org.littleshoot.proxy.impl.ClientToProxyConnection.respond(ClientToProxyConnection.java:408)
	at org.littleshoot.proxy.impl.ProxyToServerConnection.respondWith(ProxyToServerConnection.java:513)
	at org.littleshoot.proxy.impl.ProxyToServerConnection.readHTTPChunk(ProxyToServerConnection.java:229)
	at org.littleshoot.proxy.impl.ProxyConnection.readHTTP(ProxyConnection.java:146)
	at org.littleshoot.proxy.impl.ProxyConnection.read(ProxyConnection.java:120)
	at org.littleshoot.proxy.impl.ProxyToServerConnection.read(ProxyToServerConnection.java:206)
	at org.littleshoot.proxy.impl.ProxyConnection.channelRead0(ProxyConnection.java:579)
	at io.netty.channel.SimpleChannelInboundHandler.channelRead(SimpleChannelInboundHandler.java:105)
	at io.netty.channel.AbstractChannelHandlerContext.invokeChannelRead(AbstractChannelHandlerContext.java:339)
	at io.netty.channel.AbstractChannelHandlerContext.fireChannelRead(AbstractChannelHandlerContext.java:324)
	at io.netty.handler.timeout.IdleStateHandler.channelRead(IdleStateHandler.java:254)
	at io.netty.channel.AbstractChannelHandlerContext.invokeChannelRead(AbstractChannelHandlerContext.java:339)
	at io.netty.channel.AbstractChannelHandlerContext.fireChannelRead(AbstractChannelHandlerContext.java:324)
	at io.netty.channel.ChannelInboundHandlerAdapter.channelRead(ChannelInboundHandlerAdapter.java:86)
	at org.littleshoot.proxy.impl.ProxyConnection$ResponseReadMonitor.channelRead(ProxyConnection.java:730)
	at io.netty.channel.AbstractChannelHandlerContext.invokeChannelRead(AbstractChannelHandlerContext.java:339)
	at io.netty.channel.AbstractChannelHandlerContext.fireChannelRead(AbstractChannelHandlerContext.java:324)
	at io.netty.handler.codec.ByteToMessageDecoder.channelRead(ByteToMessageDecoder.java:242)
	at io.netty.channel.AbstractChannelHandlerContext.invokeChannelRead(AbstractChannelHandlerContext.java:339)
	at io.netty.channel.AbstractChannelHandlerContext.fireChannelRead(AbstractChannelHandlerContext.java:324)
	at io.netty.channel.ChannelInboundHandlerAdapter.channelRead(ChannelInboundHandlerAdapter.java:86)
	at org.littleshoot.proxy.impl.ProxyConnection$BytesReadMonitor.channelRead(ProxyConnection.java:684)
	at io.netty.channel.AbstractChannelHandlerContext.invokeChannelRead(AbstractChannelHandlerContext.java:339)
	at io.netty.channel.AbstractChannelHandlerContext.fireChannelRead(AbstractChannelHandlerContext.java:324)
	at io.netty.channel.DefaultChannelPipeline.fireChannelRead(DefaultChannelPipeline.java:847)
	at io.netty.channel.nio.AbstractNioByteChannel$NioByteUnsafe.read(AbstractNioByteChannel.java:131)
	at io.netty.channel.nio.NioEventLoop.processSelectedKey(NioEventLoop.java:511)
	at io.netty.channel.nio.NioEventLoop.processSelectedKeysOptimized(NioEventLoop.java:468)
	at io.netty.channel.nio.NioEventLoop.processSelectedKeys(NioEventLoop.java:382)
	at io.netty.channel.nio.NioEventLoop.run(NioEventLoop.java:354)
	at io.netty.util.concurrent.SingleThreadEventExecutor$2.run(SingleThreadEventExecutor.java:111)
	at java.lang.Thread.run(Thread.java:745)
SLF4J: Failed toString() invocation on an object of type [io.netty.handler.codec.http.HttpObjectAggregator$AggregatedFullHttpRequest]
io.netty.util.IllegalReferenceCountException: refCnt: 0
	at io.netty.buffer.DefaultByteBufHolder.content(DefaultByteBufHolder.java:39)
	at io.netty.handler.codec.http.HttpMessageUtil.appendFullCommon(HttpMessageUtil.java:79)
	at io.netty.handler.codec.http.HttpMessageUtil.appendFullRequest(HttpMessageUtil.java:55)
	at io.netty.handler.codec.http.HttpObjectAggregator$AggregatedFullHttpRequest.toString(HttpObjectAggregator.java:415)
	at org.slf4j.helpers.MessageFormatter.safeObjectAppend(MessageFormatter.java:297)
	at org.slf4j.helpers.MessageFormatter.deeplyAppendParameter(MessageFormatter.java:269)
	at org.slf4j.helpers.MessageFormatter.arrayFormat(MessageFormatter.java:227)
	at org.littleshoot.proxy.impl.ProxyConnectionLogger$LocationAwareLogggerDispatch.doLog(ProxyConnectionLogger.java:178)
	at org.littleshoot.proxy.impl.ProxyConnectionLogger.debug(ProxyConnectionLogger.java:81)
	at org.littleshoot.proxy.impl.ClientToProxyConnection.shouldCloseClientConnection(ClientToProxyConnection.java:789)
	at org.littleshoot.proxy.impl.ClientToProxyConnection.closeConnectionsAfterWriteIfNecessary(ClientToProxyConnection.java:732)
	at org.littleshoot.proxy.impl.ClientToProxyConnection.respond(ClientToProxyConnection.java:408)
	at org.littleshoot.proxy.impl.ProxyToServerConnection.respondWith(ProxyToServerConnection.java:513)
	at org.littleshoot.proxy.impl.ProxyToServerConnection.readHTTPChunk(ProxyToServerConnection.java:229)
	at org.littleshoot.proxy.impl.ProxyConnection.readHTTP(ProxyConnection.java:146)
	at org.littleshoot.proxy.impl.ProxyConnection.read(ProxyConnection.java:120)
	at org.littleshoot.proxy.impl.ProxyToServerConnection.read(ProxyToServerConnection.java:206)
	at org.littleshoot.proxy.impl.ProxyConnection.channelRead0(ProxyConnection.java:579)
	at io.netty.channel.SimpleChannelInboundHandler.channelRead(SimpleChannelInboundHandler.java:105)
	at io.netty.channel.AbstractChannelHandlerContext.invokeChannelRead(AbstractChannelHandlerContext.java:339)
	at io.netty.channel.AbstractChannelHandlerContext.fireChannelRead(AbstractChannelHandlerContext.java:324)
	at io.netty.handler.timeout.IdleStateHandler.channelRead(IdleStateHandler.java:254)
	at io.netty.channel.AbstractChannelHandlerContext.invokeChannelRead(AbstractChannelHandlerContext.java:339)
	at io.netty.channel.AbstractChannelHandlerContext.fireChannelRead(AbstractChannelHandlerContext.java:324)
	at io.netty.channel.ChannelInboundHandlerAdapter.channelRead(ChannelInboundHandlerAdapter.java:86)
	at org.littleshoot.proxy.impl.ProxyConnection$ResponseReadMonitor.channelRead(ProxyConnection.java:730)
	at io.netty.channel.AbstractChannelHandlerContext.invokeChannelRead(AbstractChannelHandlerContext.java:339)
	at io.netty.channel.AbstractChannelHandlerContext.fireChannelRead(AbstractChannelHandlerContext.java:324)
	at io.netty.handler.codec.ByteToMessageDecoder.channelRead(ByteToMessageDecoder.java:242)
	at io.netty.channel.AbstractChannelHandlerContext.invokeChannelRead(AbstractChannelHandlerContext.java:339)
	at io.netty.channel.AbstractChannelHandlerContext.fireChannelRead(AbstractChannelHandlerContext.java:324)
	at io.netty.channel.ChannelInboundHandlerAdapter.channelRead(ChannelInboundHandlerAdapter.java:86)
	at org.littleshoot.proxy.impl.ProxyConnection$BytesReadMonitor.channelRead(ProxyConnection.java:684)
	at io.netty.channel.AbstractChannelHandlerContext.invokeChannelRead(AbstractChannelHandlerContext.java:339)
	at io.netty.channel.AbstractChannelHandlerContext.fireChannelRead(AbstractChannelHandlerContext.java:324)
	at io.netty.channel.DefaultChannelPipeline.fireChannelRead(DefaultChannelPipeline.java:847)
	at io.netty.channel.nio.AbstractNioByteChannel$NioByteUnsafe.read(AbstractNioByteChannel.java:131)
	at io.netty.channel.nio.NioEventLoop.processSelectedKey(NioEventLoop.java:511)
	at io.netty.channel.nio.NioEventLoop.processSelectedKeysOptimized(NioEventLoop.java:468)
	at io.netty.channel.nio.NioEventLoop.processSelectedKeys(NioEventLoop.java:382)
	at io.netty.channel.nio.NioEventLoop.run(NioEventLoop.java:354)
	at io.netty.util.concurrent.SingleThreadEventExecutor$2.run(SingleThreadEventExecutor.java:111)
	at java.lang.Thread.run(Thread.java:745)
SLF4J: Failed toString() invocation on an object of type [io.netty.handler.codec.http.HttpObjectAggregator$AggregatedFullHttpRequest]
io.netty.util.IllegalReferenceCountException: refCnt: 0
	at io.netty.buffer.DefaultByteBufHolder.content(DefaultByteBufHolder.java:39)
	at io.netty.handler.codec.http.HttpMessageUtil.appendFullCommon(HttpMessageUtil.java:79)
	at io.netty.handler.codec.http.HttpMessageUtil.appendFullRequest(HttpMessageUtil.java:55)
	at io.netty.handler.codec.http.HttpObjectAggregator$AggregatedFullHttpRequest.toString(HttpObjectAggregator.java:415)
	at org.slf4j.helpers.MessageFormatter.safeObjectAppend(MessageFormatter.java:297)
	at org.slf4j.helpers.MessageFormatter.deeplyAppendParameter(MessageFormatter.java:269)
	at org.slf4j.helpers.MessageFormatter.arrayFormat(MessageFormatter.java:227)
	at org.littleshoot.proxy.impl.ProxyConnectionLogger$LocationAwareLogggerDispatch.doLog(ProxyConnectionLogger.java:178)
	at org.littleshoot.proxy.impl.ProxyConnectionLogger.debug(ProxyConnectionLogger.java:81)
	at org.littleshoot.proxy.impl.ClientToProxyConnection.shouldCloseClientConnection(ClientToProxyConnection.java:789)
	at org.littleshoot.proxy.impl.ClientToProxyConnection.closeConnectionsAfterWriteIfNecessary(ClientToProxyConnection.java:732)
	at org.littleshoot.proxy.impl.ClientToProxyConnection.respond(ClientToProxyConnection.java:408)
	at org.littleshoot.proxy.impl.ProxyToServerConnection.respondWith(ProxyToServerConnection.java:513)
	at org.littleshoot.proxy.impl.ProxyToServerConnection.readHTTPChunk(ProxyToServerConnection.java:229)
	at org.littleshoot.proxy.impl.ProxyConnection.readHTTP(ProxyConnection.java:146)
	at org.littleshoot.proxy.impl.ProxyConnection.read(ProxyConnection.java:120)
	at org.littleshoot.proxy.impl.ProxyToServerConnection.read(ProxyToServerConnection.java:206)
	at org.littleshoot.proxy.impl.ProxyConnection.channelRead0(ProxyConnection.java:579)
	at io.netty.channel.SimpleChannelInboundHandler.channelRead(SimpleChannelInboundHandler.java:105)
	at io.netty.channel.AbstractChannelHandlerContext.invokeChannelRead(AbstractChannelHandlerContext.java:339)
	at io.netty.channel.AbstractChannelHandlerContext.fireChannelRead(AbstractChannelHandlerContext.java:324)
	at io.netty.handler.timeout.IdleStateHandler.channelRead(IdleStateHandler.java:254)
	at io.netty.channel.AbstractChannelHandlerContext.invokeChannelRead(AbstractChannelHandlerContext.java:339)
	at io.netty.channel.AbstractChannelHandlerContext.fireChannelRead(AbstractChannelHandlerContext.java:324)
	at io.netty.channel.ChannelInboundHandlerAdapter.channelRead(ChannelInboundHandlerAdapter.java:86)
	at org.littleshoot.proxy.impl.ProxyConnection$ResponseReadMonitor.channelRead(ProxyConnection.java:730)
	at io.netty.channel.AbstractChannelHandlerContext.invokeChannelRead(AbstractChannelHandlerContext.java:339)
	at io.netty.channel.AbstractChannelHandlerContext.fireChannelRead(AbstractChannelHandlerContext.java:324)
	at io.netty.handler.codec.ByteToMessageDecoder.channelRead(ByteToMessageDecoder.java:242)
	at io.netty.channel.AbstractChannelHandlerContext.invokeChannelRead(AbstractChannelHandlerContext.java:339)
	at io.netty.channel.AbstractChannelHandlerContext.fireChannelRead(AbstractChannelHandlerContext.java:324)
	at io.netty.channel.ChannelInboundHandlerAdapter.channelRead(ChannelInboundHandlerAdapter.java:86)
	at org.littleshoot.proxy.impl.ProxyConnection$BytesReadMonitor.channelRead(ProxyConnection.java:684)
	at io.netty.channel.AbstractChannelHandlerContext.invokeChannelRead(AbstractChannelHandlerContext.java:339)
	at io.netty.channel.AbstractChannelHandlerContext.fireChannelRead(AbstractChannelHandlerContext.java:324)
	at io.netty.channel.DefaultChannelPipeline.fireChannelRead(DefaultChannelPipeline.java:847)
	at io.netty.channel.nio.AbstractNioByteChannel$NioByteUnsafe.read(AbstractNioByteChannel.java:131)
	at io.netty.channel.nio.NioEventLoop.processSelectedKey(NioEventLoop.java:511)
	at io.netty.channel.nio.NioEventLoop.processSelectedKeysOptimized(NioEventLoop.java:468)
	at io.netty.channel.nio.NioEventLoop.processSelectedKeys(NioEventLoop.java:382)
	at io.netty.channel.nio.NioEventLoop.run(NioEventLoop.java:354)
	at io.netty.util.concurrent.SingleThreadEventExecutor$2.run(SingleThreadEventExecutor.java:111)
	at java.lang.Thread.run(Thread.java:745)
SLF4J: Failed toString() invocation on an object of type [io.netty.handler.codec.http.HttpObjectAggregator$AggregatedFullHttpRequest]
io.netty.util.IllegalReferenceCountException: refCnt: 0
	at io.netty.buffer.DefaultByteBufHolder.content(DefaultByteBufHolder.java:39)
	at io.netty.handler.codec.http.HttpMessageUtil.appendFullCommon(HttpMessageUtil.java:79)
	at io.netty.handler.codec.http.HttpMessageUtil.appendFullRequest(HttpMessageUtil.java:55)
	at io.netty.handler.codec.http.HttpObjectAggregator$AggregatedFullHttpRequest.toString(HttpObjectAggregator.java:415)
	at org.slf4j.helpers.MessageFormatter.safeObjectAppend(MessageFormatter.java:297)
	at org.slf4j.helpers.MessageFormatter.deeplyAppendParameter(MessageFormatter.java:269)
	at org.slf4j.helpers.MessageFormatter.arrayFormat(MessageFormatter.java:227)
	at org.littleshoot.proxy.impl.ProxyConnectionLogger$LocationAwareLogggerDispatch.doLog(ProxyConnectionLogger.java:178)
	at org.littleshoot.proxy.impl.ProxyConnectionLogger.debug(ProxyConnectionLogger.java:81)
	at org.littleshoot.proxy.impl.ClientToProxyConnection.shouldCloseClientConnection(ClientToProxyConnection.java:789)
	at org.littleshoot.proxy.impl.ClientToProxyConnection.closeConnectionsAfterWriteIfNecessary(ClientToProxyConnection.java:732)
	at org.littleshoot.proxy.impl.ClientToProxyConnection.respond(ClientToProxyConnection.java:408)
	at org.littleshoot.proxy.impl.ProxyToServerConnection.respondWith(ProxyToServerConnection.java:513)
	at org.littleshoot.proxy.impl.ProxyToServerConnection.readHTTPChunk(ProxyToServerConnection.java:229)
	at org.littleshoot.proxy.impl.ProxyConnection.readHTTP(ProxyConnection.java:146)
	at org.littleshoot.proxy.impl.ProxyConnection.read(ProxyConnection.java:120)
	at org.littleshoot.proxy.impl.ProxyToServerConnection.read(ProxyToServerConnection.java:206)
	at org.littleshoot.proxy.impl.ProxyConnection.channelRead0(ProxyConnection.java:579)
	at io.netty.channel.SimpleChannelInboundHandler.channelRead(SimpleChannelInboundHandler.java:105)
	at io.netty.channel.AbstractChannelHandlerContext.invokeChannelRead(AbstractChannelHandlerContext.java:339)
	at io.netty.channel.AbstractChannelHandlerContext.fireChannelRead(AbstractChannelHandlerContext.java:324)
	at io.netty.handler.timeout.IdleStateHandler.channelRead(IdleStateHandler.java:254)
	at io.netty.channel.AbstractChannelHandlerContext.invokeChannelRead(AbstractChannelHandlerContext.java:339)
	at io.netty.channel.AbstractChannelHandlerContext.fireChannelRead(AbstractChannelHandlerContext.java:324)
	at io.netty.channel.ChannelInboundHandlerAdapter.channelRead(ChannelInboundHandlerAdapter.java:86)
	at org.littleshoot.proxy.impl.ProxyConnection$ResponseReadMonitor.channelRead(ProxyConnection.java:730)
	at io.netty.channel.AbstractChannelHandlerContext.invokeChannelRead(AbstractChannelHandlerContext.java:339)
	at io.netty.channel.AbstractChannelHandlerContext.fireChannelRead(AbstractChannelHandlerContext.java:324)
	at io.netty.handler.codec.ByteToMessageDecoder.channelRead(ByteToMessageDecoder.java:242)
	at io.netty.channel.AbstractChannelHandlerContext.invokeChannelRead(AbstractChannelHandlerContext.java:339)
	at io.netty.channel.AbstractChannelHandlerContext.fireChannelRead(AbstractChannelHandlerContext.java:324)
	at io.netty.channel.ChannelInboundHandlerAdapter.channelRead(ChannelInboundHandlerAdapter.java:86)
	at org.littleshoot.proxy.impl.ProxyConnection$BytesReadMonitor.channelRead(ProxyConnection.java:684)
	at io.netty.channel.AbstractChannelHandlerContext.invokeChannelRead(AbstractChannelHandlerContext.java:339)
	at io.netty.channel.AbstractChannelHandlerContext.fireChannelRead(AbstractChannelHandlerContext.java:324)
	at io.netty.channel.DefaultChannelPipeline.fireChannelRead(DefaultChannelPipeline.java:847)
	at io.netty.channel.nio.AbstractNioByteChannel$NioByteUnsafe.read(AbstractNioByteChannel.java:131)
	at io.netty.channel.nio.NioEventLoop.processSelectedKey(NioEventLoop.java:511)
	at io.netty.channel.nio.NioEventLoop.processSelectedKeysOptimized(NioEventLoop.java:468)
	at io.netty.channel.nio.NioEventLoop.processSelectedKeys(NioEventLoop.java:382)
	at io.netty.channel.nio.NioEventLoop.run(NioEventLoop.java:354)
	at io.netty.util.concurrent.SingleThreadEventExecutor$2.run(SingleThreadEventExecutor.java:111)
	at java.lang.Thread.run(Thread.java:745)
SLF4J: Failed toString() invocation on an object of type [io.netty.handler.codec.http.HttpObjectAggregator$AggregatedFullHttpRequest]
io.netty.util.IllegalReferenceCountException: refCnt: 0
	at io.netty.buffer.DefaultByteBufHolder.content(DefaultByteBufHolder.java:39)
	at io.netty.handler.codec.http.HttpMessageUtil.appendFullCommon(HttpMessageUtil.java:79)
	at io.netty.handler.codec.http.HttpMessageUtil.appendFullRequest(HttpMessageUtil.java:55)
	at io.netty.handler.codec.http.HttpObjectAggregator$AggregatedFullHttpRequest.toString(HttpObjectAggregator.java:415)
	at org.slf4j.helpers.MessageFormatter.safeObjectAppend(MessageFormatter.java:297)
	at org.slf4j.helpers.MessageFormatter.deeplyAppendParameter(MessageFormatter.java:269)
	at org.slf4j.helpers.MessageFormatter.arrayFormat(MessageFormatter.java:227)
	at org.littleshoot.proxy.impl.ProxyConnectionLogger$LocationAwareLogggerDispatch.doLog(ProxyConnectionLogger.java:178)
	at org.littleshoot.proxy.impl.ProxyConnectionLogger.debug(ProxyConnectionLogger.java:81)
	at org.littleshoot.proxy.impl.ClientToProxyConnection.shouldCloseClientConnection(ClientToProxyConnection.java:789)
	at org.littleshoot.proxy.impl.ClientToProxyConnection.closeConnectionsAfterWriteIfNecessary(ClientToProxyConnection.java:732)
	at org.littleshoot.proxy.impl.ClientToProxyConnection.respond(ClientToProxyConnection.java:408)
	at org.littleshoot.proxy.impl.ProxyToServerConnection.respondWith(ProxyToServerConnection.java:513)
	at org.littleshoot.proxy.impl.ProxyToServerConnection.readHTTPChunk(ProxyToServerConnection.java:229)
	at org.littleshoot.proxy.impl.ProxyConnection.readHTTP(ProxyConnection.java:146)
	at org.littleshoot.proxy.impl.ProxyConnection.read(ProxyConnection.java:120)
	at org.littleshoot.proxy.impl.ProxyToServerConnection.read(ProxyToServerConnection.java:206)
	at org.littleshoot.proxy.impl.ProxyConnection.channelRead0(ProxyConnection.java:579)
	at io.netty.channel.SimpleChannelInboundHandler.channelRead(SimpleChannelInboundHandler.java:105)
	at io.netty.channel.AbstractChannelHandlerContext.invokeChannelRead(AbstractChannelHandlerContext.java:339)
	at io.netty.channel.AbstractChannelHandlerContext.fireChannelRead(AbstractChannelHandlerContext.java:324)
	at io.netty.handler.timeout.IdleStateHandler.channelRead(IdleStateHandler.java:254)
	at io.netty.channel.AbstractChannelHandlerContext.invokeChannelRead(AbstractChannelHandlerContext.java:339)
	at io.netty.channel.AbstractChannelHandlerContext.fireChannelRead(AbstractChannelHandlerContext.java:324)
	at io.netty.channel.ChannelInboundHandlerAdapter.channelRead(ChannelInboundHandlerAdapter.java:86)
	at org.littleshoot.proxy.impl.ProxyConnection$ResponseReadMonitor.channelRead(ProxyConnection.java:730)
	at io.netty.channel.AbstractChannelHandlerContext.invokeChannelRead(AbstractChannelHandlerContext.java:339)
	at io.netty.channel.AbstractChannelHandlerContext.fireChannelRead(AbstractChannelHandlerContext.java:324)
	at io.netty.handler.codec.ByteToMessageDecoder.channelRead(ByteToMessageDecoder.java:242)
	at io.netty.channel.AbstractChannelHandlerContext.invokeChannelRead(AbstractChannelHandlerContext.java:339)
	at io.netty.channel.AbstractChannelHandlerContext.fireChannelRead(AbstractChannelHandlerContext.java:324)
	at io.netty.channel.ChannelInboundHandlerAdapter.channelRead(ChannelInboundHandlerAdapter.java:86)
	at org.littleshoot.proxy.impl.ProxyConnection$BytesReadMonitor.channelRead(ProxyConnection.java:684)
	at io.netty.channel.AbstractChannelHandlerContext.invokeChannelRead(AbstractChannelHandlerContext.java:339)
	at io.netty.channel.AbstractChannelHandlerContext.fireChannelRead(AbstractChannelHandlerContext.java:324)
	at io.netty.channel.DefaultChannelPipeline.fireChannelRead(DefaultChannelPipeline.java:847)
	at io.netty.channel.nio.AbstractNioByteChannel$NioByteUnsafe.read(AbstractNioByteChannel.java:131)
	at io.netty.channel.nio.NioEventLoop.processSelectedKey(NioEventLoop.java:511)
	at io.netty.channel.nio.NioEventLoop.processSelectedKeysOptimized(NioEventLoop.java:468)
	at io.netty.channel.nio.NioEventLoop.processSelectedKeys(NioEventLoop.java:382)
	at io.netty.channel.nio.NioEventLoop.run(NioEventLoop.java:354)
	at io.netty.util.concurrent.SingleThreadEventExecutor$2.run(SingleThreadEventExecutor.java:111)
	at java.lang.Thread.run(Thread.java:745)
SLF4J: Failed toString() invocation on an object of type [io.netty.handler.codec.http.HttpObjectAggregator$AggregatedFullHttpRequest]
io.netty.util.IllegalReferenceCountException: refCnt: 0
	at io.netty.buffer.DefaultByteBufHolder.content(DefaultByteBufHolder.java:39)
	at io.netty.handler.codec.http.HttpMessageUtil.appendFullCommon(HttpMessageUtil.java:79)
	at io.netty.handler.codec.http.HttpMessageUtil.appendFullRequest(HttpMessageUtil.java:55)
	at io.netty.handler.codec.http.HttpObjectAggregator$AggregatedFullHttpRequest.toString(HttpObjectAggregator.java:415)
	at org.slf4j.helpers.MessageFormatter.safeObjectAppend(MessageFormatter.java:297)
	at org.slf4j.helpers.MessageFormatter.deeplyAppendParameter(MessageFormatter.java:269)
	at org.slf4j.helpers.MessageFormatter.arrayFormat(MessageFormatter.java:227)
	at org.littleshoot.proxy.impl.ProxyConnectionLogger$LocationAwareLogggerDispatch.doLog(ProxyConnectionLogger.java:178)
	at org.littleshoot.proxy.impl.ProxyConnectionLogger.debug(ProxyConnectionLogger.java:81)
	at org.littleshoot.proxy.impl.ClientToProxyConnection.shouldCloseClientConnection(ClientToProxyConnection.java:789)
	at org.littleshoot.proxy.impl.ClientToProxyConnection.closeConnectionsAfterWriteIfNecessary(ClientToProxyConnection.java:732)
	at org.littleshoot.proxy.impl.ClientToProxyConnection.respond(ClientToProxyConnection.java:408)
	at org.littleshoot.proxy.impl.ProxyToServerConnection.respondWith(ProxyToServerConnection.java:513)
	at org.littleshoot.proxy.impl.ProxyToServerConnection.readHTTPChunk(ProxyToServerConnection.java:229)
	at org.littleshoot.proxy.impl.ProxyConnection.readHTTP(ProxyConnection.java:146)
	at org.littleshoot.proxy.impl.ProxyConnection.read(ProxyConnection.java:120)
	at org.littleshoot.proxy.impl.ProxyToServerConnection.read(ProxyToServerConnection.java:206)
	at org.littleshoot.proxy.impl.ProxyConnection.channelRead0(ProxyConnection.java:579)
	at io.netty.channel.SimpleChannelInboundHandler.channelRead(SimpleChannelInboundHandler.java:105)
	at io.netty.channel.AbstractChannelHandlerContext.invokeChannelRead(AbstractChannelHandlerContext.java:339)
	at io.netty.channel.AbstractChannelHandlerContext.fireChannelRead(AbstractChannelHandlerContext.java:324)
	at io.netty.handler.timeout.IdleStateHandler.channelRead(IdleStateHandler.java:254)
	at io.netty.channel.AbstractChannelHandlerContext.invokeChannelRead(AbstractChannelHandlerContext.java:339)
	at io.netty.channel.AbstractChannelHandlerContext.fireChannelRead(AbstractChannelHandlerContext.java:324)
	at io.netty.channel.ChannelInboundHandlerAdapter.channelRead(ChannelInboundHandlerAdapter.java:86)
	at org.littleshoot.proxy.impl.ProxyConnection$ResponseReadMonitor.channelRead(ProxyConnection.java:730)
	at io.netty.channel.AbstractChannelHandlerContext.invokeChannelRead(AbstractChannelHandlerContext.java:339)
	at io.netty.channel.AbstractChannelHandlerContext.fireChannelRead(AbstractChannelHandlerContext.java:324)
	at io.netty.handler.codec.ByteToMessageDecoder.channelRead(ByteToMessageDecoder.java:242)
	at io.netty.channel.AbstractChannelHandlerContext.invokeChannelRead(AbstractChannelHandlerContext.java:339)
	at io.netty.channel.AbstractChannelHandlerContext.fireChannelRead(AbstractChannelHandlerContext.java:324)
	at io.netty.channel.ChannelInboundHandlerAdapter.channelRead(ChannelInboundHandlerAdapter.java:86)
	at org.littleshoot.proxy.impl.ProxyConnection$BytesReadMonitor.channelRead(ProxyConnection.java:684)
	at io.netty.channel.AbstractChannelHandlerContext.invokeChannelRead(AbstractChannelHandlerContext.java:339)
	at io.netty.channel.AbstractChannelHandlerContext.fireChannelRead(AbstractChannelHandlerContext.java:324)
	at io.netty.channel.DefaultChannelPipeline.fireChannelRead(DefaultChannelPipeline.java:847)
	at io.netty.channel.nio.AbstractNioByteChannel$NioByteUnsafe.read(AbstractNioByteChannel.java:131)
	at io.netty.channel.nio.NioEventLoop.processSelectedKey(NioEventLoop.java:511)
	at io.netty.channel.nio.NioEventLoop.processSelectedKeysOptimized(NioEventLoop.java:468)
	at io.netty.channel.nio.NioEventLoop.processSelectedKeys(NioEventLoop.java:382)
	at io.netty.channel.nio.NioEventLoop.run(NioEventLoop.java:354)
	at io.netty.util.concurrent.SingleThreadEventExecutor$2.run(SingleThreadEventExecutor.java:111)
	at java.lang.Thread.run(Thread.java:745)
SLF4J: Failed toString() invocation on an object of type [io.netty.handler.codec.http.HttpObjectAggregator$AggregatedFullHttpRequest]
SLF4J: Failed toString() invocation on an object of type [io.netty.handler.codec.http.HttpObjectAggregator$AggregatedFullHttpRequest]
io.netty.util.IllegalReferenceCountException: refCnt: 0
	at io.netty.buffer.DefaultByteBufHolder.content(DefaultByteBufHolder.java:39)
	at io.netty.handler.codec.http.HttpMessageUtil.appendFullCommon(HttpMessageUtil.java:79)
	at io.netty.handler.codec.http.HttpMessageUtil.appendFullRequest(HttpMessageUtil.java:55)
	at io.netty.handler.codec.http.HttpObjectAggregator$AggregatedFullHttpRequest.toString(HttpObjectAggregator.java:415)
	at org.slf4j.helpers.MessageFormatter.safeObjectAppend(MessageFormatter.java:297)
	at org.slf4j.helpers.MessageFormatter.deeplyAppendParameter(MessageFormatter.java:269)
	at org.slf4j.helpers.MessageFormatter.arrayFormat(MessageFormatter.java:227)
	at org.littleshoot.proxy.impl.ProxyConnectionLogger$LocationAwareLogggerDispatch.doLog(ProxyConnectionLogger.java:178)
	at org.littleshoot.proxy.impl.ProxyConnectionLogger.debug(ProxyConnectionLogger.java:81)
	at org.littleshoot.proxy.impl.ClientToProxyConnection.shouldCloseClientConnection(ClientToProxyConnection.java:789)
	at org.littleshoot.proxy.impl.ClientToProxyConnection.closeConnectionsAfterWriteIfNecessary(ClientToProxyConnection.java:732)
	at org.littleshoot.proxy.impl.ClientToProxyConnection.respond(ClientToProxyConnection.java:408)
	at org.littleshoot.proxy.impl.ProxyToServerConnection.respondWith(ProxyToServerConnection.java:513)
	at org.littleshoot.proxy.impl.ProxyToServerConnection.readHTTPChunk(ProxyToServerConnection.java:229)
	at org.littleshoot.proxy.impl.ProxyConnection.readHTTP(ProxyConnection.java:146)
	at org.littleshoot.proxy.impl.ProxyConnection.read(ProxyConnection.java:120)
	at org.littleshoot.proxy.impl.ProxyToServerConnection.read(ProxyToServerConnection.java:206)
	at org.littleshoot.proxy.impl.ProxyConnection.channelRead0(ProxyConnection.java:579)
	at io.netty.channel.SimpleChannelInboundHandler.channelRead(SimpleChannelInboundHandler.java:105)
	at io.netty.channel.AbstractChannelHandlerContext.invokeChannelRead(AbstractChannelHandlerContext.java:339)
	at io.netty.channel.AbstractChannelHandlerContext.fireChannelRead(AbstractChannelHandlerContext.java:324)
	at io.netty.handler.timeout.IdleStateHandler.channelRead(IdleStateHandler.java:254)
	at io.netty.channel.AbstractChannelHandlerContext.invokeChannelRead(AbstractChannelHandlerContext.java:339)
	at io.netty.channel.AbstractChannelHandlerContext.fireChannelRead(AbstractChannelHandlerContext.java:324)
	at io.netty.channel.ChannelInboundHandlerAdapter.channelRead(ChannelInboundHandlerAdapter.java:86)
	at org.littleshoot.proxy.impl.ProxyConnection$ResponseReadMonitor.channelRead(ProxyConnection.java:730)
	at io.netty.channel.AbstractChannelHandlerContext.invokeChannelRead(AbstractChannelHandlerContext.java:339)
	at io.netty.channel.AbstractChannelHandlerContext.fireChannelRead(AbstractChannelHandlerContext.java:324)
	at io.netty.handler.codec.ByteToMessageDecoder.channelRead(ByteToMessageDecoder.java:242)
	at io.netty.channel.AbstractChannelHandlerContext.invokeChannelRead(AbstractChannelHandlerContext.java:339)
	at io.netty.channel.AbstractChannelHandlerContext.fireChannelRead(AbstractChannelHandlerContext.java:324)
	at io.netty.channel.ChannelInboundHandlerAdapter.channelRead(ChannelInboundHandlerAdapter.java:86)
	at org.littleshoot.proxy.impl.ProxyConnection$BytesReadMonitor.channelRead(ProxyConnection.java:684)
	at io.netty.channel.AbstractChannelHandlerContext.invokeChannelRead(AbstractChannelHandlerContext.java:339)
	at io.netty.channel.AbstractChannelHandlerContext.fireChannelRead(AbstractChannelHandlerContext.java:324)
	at io.netty.channel.DefaultChannelPipeline.fireChannelRead(DefaultChannelPipeline.java:847)
	at io.netty.channel.nio.AbstractNioByteChannel$NioByteUnsafe.read(AbstractNioByteChannel.java:131)
	at io.netty.channel.nio.NioEventLoop.processSelectedKey(NioEventLoop.java:511)
	at io.netty.channel.nio.NioEventLoop.processSelectedKeysOptimized(NioEventLoop.java:468)
	at io.netty.channel.nio.NioEventLoop.processSelectedKeys(NioEventLoop.java:382)
	at io.netty.channel.nio.NioEventLoop.run(NioEventLoop.java:354)
	at io.netty.util.concurrent.SingleThreadEventExecutor$2.run(SingleThreadEventExecutor.java:111)
	at java.lang.Thread.run(Thread.java:745)
io.netty.util.IllegalReferenceCountException: refCnt: 0
	at io.netty.buffer.DefaultByteBufHolder.content(DefaultByteBufHolder.java:39)
	at io.netty.handler.codec.http.HttpMessageUtil.appendFullCommon(HttpMessageUtil.java:79)
	at io.netty.handler.codec.http.HttpMessageUtil.appendFullRequest(HttpMessageUtil.java:55)
	at io.netty.handler.codec.http.HttpObjectAggregator$AggregatedFullHttpRequest.toString(HttpObjectAggregator.java:415)
	at org.slf4j.helpers.MessageFormatter.safeObjectAppend(MessageFormatter.java:297)
	at org.slf4j.helpers.MessageFormatter.deeplyAppendParameter(MessageFormatter.java:269)
	at org.slf4j.helpers.MessageFormatter.arrayFormat(MessageFormatter.java:227)
	at org.littleshoot.proxy.impl.ProxyConnectionLogger$LocationAwareLogggerDispatch.doLog(ProxyConnectionLogger.java:178)
	at org.littleshoot.proxy.impl.ProxyConnectionLogger.debug(ProxyConnectionLogger.java:81)
	at org.littleshoot.proxy.impl.ClientToProxyConnection.shouldCloseClientConnection(ClientToProxyConnection.java:789)
	at org.littleshoot.proxy.impl.ClientToProxyConnection.closeConnectionsAfterWriteIfNecessary(ClientToProxyConnection.java:732)
	at org.littleshoot.proxy.impl.ClientToProxyConnection.respond(ClientToProxyConnection.java:408)
	at org.littleshoot.proxy.impl.ProxyToServerConnection.respondWith(ProxyToServerConnection.java:513)
	at org.littleshoot.proxy.impl.ProxyToServerConnection.readHTTPChunk(ProxyToServerConnection.java:229)
	at org.littleshoot.proxy.impl.ProxyConnection.readHTTP(ProxyConnection.java:146)
	at org.littleshoot.proxy.impl.ProxyConnection.read(ProxyConnection.java:120)
	at org.littleshoot.proxy.impl.ProxyToServerConnection.read(ProxyToServerConnection.java:206)
	at org.littleshoot.proxy.impl.ProxyConnection.channelRead0(ProxyConnection.java:579)
	at io.netty.channel.SimpleChannelInboundHandler.channelRead(SimpleChannelInboundHandler.java:105)
	at io.netty.channel.AbstractChannelHandlerContext.invokeChannelRead(AbstractChannelHandlerContext.java:339)
	at io.netty.channel.AbstractChannelHandlerContext.fireChannelRead(AbstractChannelHandlerContext.java:324)
	at io.netty.handler.timeout.IdleStateHandler.channelRead(IdleStateHandler.java:254)
	at io.netty.channel.AbstractChannelHandlerContext.invokeChannelRead(AbstractChannelHandlerContext.java:339)
	at io.netty.channel.AbstractChannelHandlerContext.fireChannelRead(AbstractChannelHandlerContext.java:324)
	at io.netty.channel.ChannelInboundHandlerAdapter.channelRead(ChannelInboundHandlerAdapter.java:86)
	at org.littleshoot.proxy.impl.ProxyConnection$ResponseReadMonitor.channelRead(ProxyConnection.java:730)
	at io.netty.channel.AbstractChannelHandlerContext.invokeChannelRead(AbstractChannelHandlerContext.java:339)
	at io.netty.channel.AbstractChannelHandlerContext.fireChannelRead(AbstractChannelHandlerContext.java:324)
	at io.netty.handler.codec.ByteToMessageDecoder.channelRead(ByteToMessageDecoder.java:242)
	at io.netty.channel.AbstractChannelHandlerContext.invokeChannelRead(AbstractChannelHandlerContext.java:339)
	at io.netty.channel.AbstractChannelHandlerContext.fireChannelRead(AbstractChannelHandlerContext.java:324)
	at io.netty.channel.ChannelInboundHandlerAdapter.channelRead(ChannelInboundHandlerAdapter.java:86)
	at org.littleshoot.proxy.impl.ProxyConnection$BytesReadMonitor.channelRead(ProxyConnection.java:684)
	at io.netty.channel.AbstractChannelHandlerContext.invokeChannelRead(AbstractChannelHandlerContext.java:339)
	at io.netty.channel.AbstractChannelHandlerContext.fireChannelRead(AbstractChannelHandlerContext.java:324)
	at io.netty.channel.DefaultChannelPipeline.fireChannelRead(DefaultChannelPipeline.java:847)
	at io.netty.channel.nio.AbstractNioByteChannel$NioByteUnsafe.read(AbstractNioByteChannel.java:131)
	at io.netty.channel.nio.NioEventLoop.processSelectedKey(NioEventLoop.java:511)
	at io.netty.channel.nio.NioEventLoop.processSelectedKeysOptimized(NioEventLoop.java:468)
	at io.netty.channel.nio.NioEventLoop.processSelectedKeys(NioEventLoop.java:382)
	at io.netty.channel.nio.NioEventLoop.run(NioEventLoop.java:354)
	at io.netty.util.concurrent.SingleThreadEventExecutor$2.run(SingleThreadEventExecutor.java:111)
	at java.lang.Thread.run(Thread.java:745)
SLF4J: Failed toString() invocation on an object of type [io.netty.handler.codec.http.HttpObjectAggregator$AggregatedFullHttpRequest]
io.netty.util.IllegalReferenceCountException: refCnt: 0
	at io.netty.buffer.DefaultByteBufHolder.content(DefaultByteBufHolder.java:39)
	at io.netty.handler.codec.http.HttpMessageUtil.appendFullCommon(HttpMessageUtil.java:79)
	at io.netty.handler.codec.http.HttpMessageUtil.appendFullRequest(HttpMessageUtil.java:55)
	at io.netty.handler.codec.http.HttpObjectAggregator$AggregatedFullHttpRequest.toString(HttpObjectAggregator.java:415)
	at org.slf4j.helpers.MessageFormatter.safeObjectAppend(MessageFormatter.java:297)
	at org.slf4j.helpers.MessageFormatter.deeplyAppendParameter(MessageFormatter.java:269)
	at org.slf4j.helpers.MessageFormatter.arrayFormat(MessageFormatter.java:227)
	at org.littleshoot.proxy.impl.ProxyConnectionLogger$LocationAwareLogggerDispatch.doLog(ProxyConnectionLogger.java:178)
	at org.littleshoot.proxy.impl.ProxyConnectionLogger.debug(ProxyConnectionLogger.java:81)
	at org.littleshoot.proxy.impl.ClientToProxyConnection.shouldCloseClientConnection(ClientToProxyConnection.java:789)
	at org.littleshoot.proxy.impl.ClientToProxyConnection.closeConnectionsAfterWriteIfNecessary(ClientToProxyConnection.java:732)
	at org.littleshoot.proxy.impl.ClientToProxyConnection.respond(ClientToProxyConnection.java:408)
	at org.littleshoot.proxy.impl.ProxyToServerConnection.respondWith(ProxyToServerConnection.java:513)
	at org.littleshoot.proxy.impl.ProxyToServerConnection.readHTTPChunk(ProxyToServerConnection.java:229)
	at org.littleshoot.proxy.impl.ProxyConnection.readHTTP(ProxyConnection.java:146)
	at org.littleshoot.proxy.impl.ProxyConnection.read(ProxyConnection.java:120)
	at org.littleshoot.proxy.impl.ProxyToServerConnection.read(ProxyToServerConnection.java:206)
	at org.littleshoot.proxy.impl.ProxyConnection.channelRead0(ProxyConnection.java:579)
	at io.netty.channel.SimpleChannelInboundHandler.channelRead(SimpleChannelInboundHandler.java:105)
	at io.netty.channel.AbstractChannelHandlerContext.invokeChannelRead(AbstractChannelHandlerContext.java:339)
	at io.netty.channel.AbstractChannelHandlerContext.fireChannelRead(AbstractChannelHandlerContext.java:324)
	at io.netty.handler.timeout.IdleStateHandler.channelRead(IdleStateHandler.java:254)
	at io.netty.channel.AbstractChannelHandlerContext.invokeChannelRead(AbstractChannelHandlerContext.java:339)
	at io.netty.channel.AbstractChannelHandlerContext.fireChannelRead(AbstractChannelHandlerContext.java:324)
	at io.netty.channel.ChannelInboundHandlerAdapter.channelRead(ChannelInboundHandlerAdapter.java:86)
	at org.littleshoot.proxy.impl.ProxyConnection$ResponseReadMonitor.channelRead(ProxyConnection.java:730)
	at io.netty.channel.AbstractChannelHandlerContext.invokeChannelRead(AbstractChannelHandlerContext.java:339)
	at io.netty.channel.AbstractChannelHandlerContext.fireChannelRead(AbstractChannelHandlerContext.java:324)
	at io.netty.handler.codec.ByteToMessageDecoder.channelRead(ByteToMessageDecoder.java:242)
	at io.netty.channel.AbstractChannelHandlerContext.invokeChannelRead(AbstractChannelHandlerContext.java:339)
	at io.netty.channel.AbstractChannelHandlerContext.fireChannelRead(AbstractChannelHandlerContext.java:324)
	at io.netty.channel.ChannelInboundHandlerAdapter.channelRead(ChannelInboundHandlerAdapter.java:86)
	at org.littleshoot.proxy.impl.ProxyConnection$BytesReadMonitor.channelRead(ProxyConnection.java:684)
	at io.netty.channel.AbstractChannelHandlerContext.invokeChannelRead(AbstractChannelHandlerContext.java:339)
	at io.netty.channel.AbstractChannelHandlerContext.fireChannelRead(AbstractChannelHandlerContext.java:324)
	at io.netty.channel.DefaultChannelPipeline.fireChannelRead(DefaultChannelPipeline.java:847)
	at io.netty.channel.nio.AbstractNioByteChannel$NioByteUnsafe.read(AbstractNioByteChannel.java:131)
	at io.netty.channel.nio.NioEventLoop.processSelectedKey(NioEventLoop.java:511)
	at io.netty.channel.nio.NioEventLoop.processSelectedKeysOptimized(NioEventLoop.java:468)
	at io.netty.channel.nio.NioEventLoop.processSelectedKeys(NioEventLoop.java:382)
	at io.netty.channel.nio.NioEventLoop.run(NioEventLoop.java:354)
	at io.netty.util.concurrent.SingleThreadEventExecutor$2.run(SingleThreadEventExecutor.java:111)
	at java.lang.Thread.run(Thread.java:745)
SLF4J: Failed toString() invocation on an object of type [io.netty.handler.codec.http.HttpObjectAggregator$AggregatedFullHttpRequest]
io.netty.util.IllegalReferenceCountException: refCnt: 0
	at io.netty.buffer.DefaultByteBufHolder.content(DefaultByteBufHolder.java:39)
	at io.netty.handler.codec.http.HttpMessageUtil.appendFullCommon(HttpMessageUtil.java:79)
	at io.netty.handler.codec.http.HttpMessageUtil.appendFullRequest(HttpMessageUtil.java:55)
	at io.netty.handler.codec.http.HttpObjectAggregator$AggregatedFullHttpRequest.toString(HttpObjectAggregator.java:415)
	at org.slf4j.helpers.MessageFormatter.safeObjectAppend(MessageFormatter.java:297)
	at org.slf4j.helpers.MessageFormatter.deeplyAppendParameter(MessageFormatter.java:269)
	at org.slf4j.helpers.MessageFormatter.arrayFormat(MessageFormatter.java:227)
	at org.littleshoot.proxy.impl.ProxyConnectionLogger$LocationAwareLogggerDispatch.doLog(ProxyConnectionLogger.java:178)
	at org.littleshoot.proxy.impl.ProxyConnectionLogger.debug(ProxyConnectionLogger.java:81)
	at org.littleshoot.proxy.impl.ClientToProxyConnection.shouldCloseClientConnection(ClientToProxyConnection.java:789)
	at org.littleshoot.proxy.impl.ClientToProxyConnection.closeConnectionsAfterWriteIfNecessary(ClientToProxyConnection.java:732)
	at org.littleshoot.proxy.impl.ClientToProxyConnection.respond(ClientToProxyConnection.java:408)
	at org.littleshoot.proxy.impl.ProxyToServerConnection.respondWith(ProxyToServerConnection.java:513)
	at org.littleshoot.proxy.impl.ProxyToServerConnection.readHTTPChunk(ProxyToServerConnection.java:229)
	at org.littleshoot.proxy.impl.ProxyConnection.readHTTP(ProxyConnection.java:146)
	at org.littleshoot.proxy.impl.ProxyConnection.read(ProxyConnection.java:120)
	at org.littleshoot.proxy.impl.ProxyToServerConnection.read(ProxyToServerConnection.java:206)
	at org.littleshoot.proxy.impl.ProxyConnection.channelRead0(ProxyConnection.java:579)
	at io.netty.channel.SimpleChannelInboundHandler.channelRead(SimpleChannelInboundHandler.java:105)
	at io.netty.channel.AbstractChannelHandlerContext.invokeChannelRead(AbstractChannelHandlerContext.java:339)
	at io.netty.channel.AbstractChannelHandlerContext.fireChannelRead(AbstractChannelHandlerContext.java:324)
	at io.netty.handler.timeout.IdleStateHandler.channelRead(IdleStateHandler.java:254)
	at io.netty.channel.AbstractChannelHandlerContext.invokeChannelRead(AbstractChannelHandlerContext.java:339)
	at io.netty.channel.AbstractChannelHandlerContext.fireChannelRead(AbstractChannelHandlerContext.java:324)
	at io.netty.channel.ChannelInboundHandlerAdapter.channelRead(ChannelInboundHandlerAdapter.java:86)
	at org.littleshoot.proxy.impl.ProxyConnection$ResponseReadMonitor.channelRead(ProxyConnection.java:730)
	at io.netty.channel.AbstractChannelHandlerContext.invokeChannelRead(AbstractChannelHandlerContext.java:339)
	at io.netty.channel.AbstractChannelHandlerContext.fireChannelRead(AbstractChannelHandlerContext.java:324)
	at io.netty.handler.codec.ByteToMessageDecoder.channelRead(ByteToMessageDecoder.java:242)
	at io.netty.channel.AbstractChannelHandlerContext.invokeChannelRead(AbstractChannelHandlerContext.java:339)
	at io.netty.channel.AbstractChannelHandlerContext.fireChannelRead(AbstractChannelHandlerContext.java:324)
	at io.netty.channel.ChannelInboundHandlerAdapter.channelRead(ChannelInboundHandlerAdapter.java:86)
	at org.littleshoot.proxy.impl.ProxyConnection$BytesReadMonitor.channelRead(ProxyConnection.java:684)
	at io.netty.channel.AbstractChannelHandlerContext.invokeChannelRead(AbstractChannelHandlerContext.java:339)
	at io.netty.channel.AbstractChannelHandlerContext.fireChannelRead(AbstractChannelHandlerContext.java:324)
	at io.netty.channel.DefaultChannelPipeline.fireChannelRead(DefaultChannelPipeline.java:847)
	at io.netty.channel.nio.AbstractNioByteChannel$NioByteUnsafe.read(AbstractNioByteChannel.java:131)
	at io.netty.channel.nio.NioEventLoop.processSelectedKey(NioEventLoop.java:511)
	at io.netty.channel.nio.NioEventLoop.processSelectedKeysOptimized(NioEventLoop.java:468)
	at io.netty.channel.nio.NioEventLoop.processSelectedKeys(NioEventLoop.java:382)
	at io.netty.channel.nio.NioEventLoop.run(NioEventLoop.java:354)
	at io.netty.util.concurrent.SingleThreadEventExecutor$2.run(SingleThreadEventExecutor.java:111)
	at java.lang.Thread.run(Thread.java:745)
SLF4J: Failed toString() invocation on an object of type [io.netty.handler.codec.http.HttpObjectAggregator$AggregatedFullHttpRequest]
io.netty.util.IllegalReferenceCountException: refCnt: 0
	at io.netty.buffer.DefaultByteBufHolder.content(DefaultByteBufHolder.java:39)
	at io.netty.handler.codec.http.HttpMessageUtil.appendFullCommon(HttpMessageUtil.java:79)
	at io.netty.handler.codec.http.HttpMessageUtil.appendFullRequest(HttpMessageUtil.java:55)
	at io.netty.handler.codec.http.HttpObjectAggregator$AggregatedFullHttpRequest.toString(HttpObjectAggregator.java:415)
	at org.slf4j.helpers.MessageFormatter.safeObjectAppend(MessageFormatter.java:297)
	at org.slf4j.helpers.MessageFormatter.deeplyAppendParameter(MessageFormatter.java:269)
	at org.slf4j.helpers.MessageFormatter.arrayFormat(MessageFormatter.java:227)
	at org.littleshoot.proxy.impl.ProxyConnectionLogger$LocationAwareLogggerDispatch.doLog(ProxyConnectionLogger.java:178)
	at org.littleshoot.proxy.impl.ProxyConnectionLogger.debug(ProxyConnectionLogger.java:81)
	at org.littleshoot.proxy.impl.ClientToProxyConnection.shouldCloseClientConnection(ClientToProxyConnection.java:789)
	at org.littleshoot.proxy.impl.ClientToProxyConnection.closeConnectionsAfterWriteIfNecessary(ClientToProxyConnection.java:732)
	at org.littleshoot.proxy.impl.ClientToProxyConnection.respond(ClientToProxyConnection.java:408)
	at org.littleshoot.proxy.impl.ProxyToServerConnection.respondWith(ProxyToServerConnection.java:513)
	at org.littleshoot.proxy.impl.ProxyToServerConnection.readHTTPChunk(ProxyToServerConnection.java:229)
	at org.littleshoot.proxy.impl.ProxyConnection.readHTTP(ProxyConnection.java:146)
	at org.littleshoot.proxy.impl.ProxyConnection.read(ProxyConnection.java:120)
	at org.littleshoot.proxy.impl.ProxyToServerConnection.read(ProxyToServerConnection.java:206)
	at org.littleshoot.proxy.impl.ProxyConnection.channelRead0(ProxyConnection.java:579)
	at io.netty.channel.SimpleChannelInboundHandler.channelRead(SimpleChannelInboundHandler.java:105)
	at io.netty.channel.AbstractChannelHandlerContext.invokeChannelRead(AbstractChannelHandlerContext.java:339)
	at io.netty.channel.AbstractChannelHandlerContext.fireChannelRead(AbstractChannelHandlerContext.java:324)
	at io.netty.handler.timeout.IdleStateHandler.channelRead(IdleStateHandler.java:254)
	at io.netty.channel.AbstractChannelHandlerContext.invokeChannelRead(AbstractChannelHandlerContext.java:339)
	at io.netty.channel.AbstractChannelHandlerContext.fireChannelRead(AbstractChannelHandlerContext.java:324)
	at io.netty.channel.ChannelInboundHandlerAdapter.channelRead(ChannelInboundHandlerAdapter.java:86)
	at org.littleshoot.proxy.impl.ProxyConnection$ResponseReadMonitor.channelRead(ProxyConnection.java:730)
	at io.netty.channel.AbstractChannelHandlerContext.invokeChannelRead(AbstractChannelHandlerContext.java:339)
	at io.netty.channel.AbstractChannelHandlerContext.fireChannelRead(AbstractChannelHandlerContext.java:324)
	at io.netty.handler.codec.ByteToMessageDecoder.channelRead(ByteToMessageDecoder.java:242)
	at io.netty.channel.AbstractChannelHandlerContext.invokeChannelRead(AbstractChannelHandlerContext.java:339)
	at io.netty.channel.AbstractChannelHandlerContext.fireChannelRead(AbstractChannelHandlerContext.java:324)
	at io.netty.channel.ChannelInboundHandlerAdapter.channelRead(ChannelInboundHandlerAdapter.java:86)
	at org.littleshoot.proxy.impl.ProxyConnection$BytesReadMonitor.channelRead(ProxyConnection.java:684)
	at io.netty.channel.AbstractChannelHandlerContext.invokeChannelRead(AbstractChannelHandlerContext.java:339)
	at io.netty.channel.AbstractChannelHandlerContext.fireChannelRead(AbstractChannelHandlerContext.java:324)
	at io.netty.channel.DefaultChannelPipeline.fireChannelRead(DefaultChannelPipeline.java:847)
	at io.netty.channel.nio.AbstractNioByteChannel$NioByteUnsafe.read(AbstractNioByteChannel.java:131)
	at io.netty.channel.nio.NioEventLoop.processSelectedKey(NioEventLoop.java:511)
	at io.netty.channel.nio.NioEventLoop.processSelectedKeysOptimized(NioEventLoop.java:468)
	at io.netty.channel.nio.NioEventLoop.processSelectedKeys(NioEventLoop.java:382)
	at io.netty.channel.nio.NioEventLoop.run(NioEventLoop.java:354)
	at io.netty.util.concurrent.SingleThreadEventExecutor$2.run(SingleThreadEventExecutor.java:111)
	at java.lang.Thread.run(Thread.java:745)
SLF4J: Failed toString() invocation on an object of type [io.netty.handler.codec.http.HttpObjectAggregator$AggregatedFullHttpRequest]
io.netty.util.IllegalReferenceCountException: refCnt: 0
	at io.netty.buffer.DefaultByteBufHolder.content(DefaultByteBufHolder.java:39)
	at io.netty.handler.codec.http.HttpMessageUtil.appendFullCommon(HttpMessageUtil.java:79)
	at io.netty.handler.codec.http.HttpMessageUtil.appendFullRequest(HttpMessageUtil.java:55)
	at io.netty.handler.codec.http.HttpObjectAggregator$AggregatedFullHttpRequest.toString(HttpObjectAggregator.java:415)
	at org.slf4j.helpers.MessageFormatter.safeObjectAppend(MessageFormatter.java:297)
	at org.slf4j.helpers.MessageFormatter.deeplyAppendParameter(MessageFormatter.java:269)
	at org.slf4j.helpers.MessageFormatter.arrayFormat(MessageFormatter.java:227)
	at org.littleshoot.proxy.impl.ProxyConnectionLogger$LocationAwareLogggerDispatch.doLog(ProxyConnectionLogger.java:178)
	at org.littleshoot.proxy.impl.ProxyConnectionLogger.debug(ProxyConnectionLogger.java:81)
	at org.littleshoot.proxy.impl.ClientToProxyConnection.shouldCloseClientConnection(ClientToProxyConnection.java:789)
	at org.littleshoot.proxy.impl.ClientToProxyConnection.closeConnectionsAfterWriteIfNecessary(ClientToProxyConnection.java:732)
	at org.littleshoot.proxy.impl.ClientToProxyConnection.respond(ClientToProxyConnection.java:408)
	at org.littleshoot.proxy.impl.ProxyToServerConnection.respondWith(ProxyToServerConnection.java:513)
	at org.littleshoot.proxy.impl.ProxyToServerConnection.readHTTPChunk(ProxyToServerConnection.java:229)
	at org.littleshoot.proxy.impl.ProxyConnection.readHTTP(ProxyConnection.java:146)
	at org.littleshoot.proxy.impl.ProxyConnection.read(ProxyConnection.java:120)
	at org.littleshoot.proxy.impl.ProxyToServerConnection.read(ProxyToServerConnection.java:206)
	at org.littleshoot.proxy.impl.ProxyConnection.channelRead0(ProxyConnection.java:579)
	at io.netty.channel.SimpleChannelInboundHandler.channelRead(SimpleChannelInboundHandler.java:105)
	at io.netty.channel.AbstractChannelHandlerContext.invokeChannelRead(AbstractChannelHandlerContext.java:339)
	at io.netty.channel.AbstractChannelHandlerContext.fireChannelRead(AbstractChannelHandlerContext.java:324)
	at io.netty.handler.timeout.IdleStateHandler.channelRead(IdleStateHandler.java:254)
	at io.netty.channel.AbstractChannelHandlerContext.invokeChannelRead(AbstractChannelHandlerContext.java:339)
	at io.netty.channel.AbstractChannelHandlerContext.fireChannelRead(AbstractChannelHandlerContext.java:324)
	at io.netty.channel.ChannelInboundHandlerAdapter.channelRead(ChannelInboundHandlerAdapter.java:86)
	at org.littleshoot.proxy.impl.ProxyConnection$ResponseReadMonitor.channelRead(ProxyConnection.java:730)
	at io.netty.channel.AbstractChannelHandlerContext.invokeChannelRead(AbstractChannelHandlerContext.java:339)
	at io.netty.channel.AbstractChannelHandlerContext.fireChannelRead(AbstractChannelHandlerContext.java:324)
	at io.netty.handler.codec.ByteToMessageDecoder.channelRead(ByteToMessageDecoder.java:242)
	at io.netty.channel.AbstractChannelHandlerContext.invokeChannelRead(AbstractChannelHandlerContext.java:339)
	at io.netty.channel.AbstractChannelHandlerContext.fireChannelRead(AbstractChannelHandlerContext.java:324)
	at io.netty.channel.ChannelInboundHandlerAdapter.channelRead(ChannelInboundHandlerAdapter.java:86)
	at org.littleshoot.proxy.impl.ProxyConnection$BytesReadMonitor.channelRead(ProxyConnection.java:684)
	at io.netty.channel.AbstractChannelHandlerContext.invokeChannelRead(AbstractChannelHandlerContext.java:339)
	at io.netty.channel.AbstractChannelHandlerContext.fireChannelRead(AbstractChannelHandlerContext.java:324)
	at io.netty.channel.DefaultChannelPipeline.fireChannelRead(DefaultChannelPipeline.java:847)
	at io.netty.channel.nio.AbstractNioByteChannel$NioByteUnsafe.read(AbstractNioByteChannel.java:131)
	at io.netty.channel.nio.NioEventLoop.processSelectedKey(NioEventLoop.java:511)
	at io.netty.channel.nio.NioEventLoop.processSelectedKeysOptimized(NioEventLoop.java:468)
	at io.netty.channel.nio.NioEventLoop.processSelectedKeys(NioEventLoop.java:382)
	at io.netty.channel.nio.NioEventLoop.run(NioEventLoop.java:354)
	at io.netty.util.concurrent.SingleThreadEventExecutor$2.run(SingleThreadEventExecutor.java:111)
	at java.lang.Thread.run(Thread.java:745)
SLF4J: Failed toString() invocation on an object of type [io.netty.handler.codec.http.HttpObjectAggregator$AggregatedFullHttpRequest]
io.netty.util.IllegalReferenceCountException: refCnt: 0
	at io.netty.buffer.DefaultByteBufHolder.content(DefaultByteBufHolder.java:39)
	at io.netty.handler.codec.http.HttpMessageUtil.appendFullCommon(HttpMessageUtil.java:79)
	at io.netty.handler.codec.http.HttpMessageUtil.appendFullRequest(HttpMessageUtil.java:55)
	at io.netty.handler.codec.http.HttpObjectAggregator$AggregatedFullHttpRequest.toString(HttpObjectAggregator.java:415)
	at org.slf4j.helpers.MessageFormatter.safeObjectAppend(MessageFormatter.java:297)
	at org.slf4j.helpers.MessageFormatter.deeplyAppendParameter(MessageFormatter.java:269)
	at org.slf4j.helpers.MessageFormatter.arrayFormat(MessageFormatter.java:227)
	at org.littleshoot.proxy.impl.ProxyConnectionLogger$LocationAwareLogggerDispatch.doLog(ProxyConnectionLogger.java:178)
	at org.littleshoot.proxy.impl.ProxyConnectionLogger.debug(ProxyConnectionLogger.java:81)
	at org.littleshoot.proxy.impl.ClientToProxyConnection.shouldCloseClientConnection(ClientToProxyConnection.java:789)
	at org.littleshoot.proxy.impl.ClientToProxyConnection.closeConnectionsAfterWriteIfNecessary(ClientToProxyConnection.java:732)
	at org.littleshoot.proxy.impl.ClientToProxyConnection.respond(ClientToProxyConnection.java:408)
	at org.littleshoot.proxy.impl.ProxyToServerConnection.respondWith(ProxyToServerConnection.java:513)
	at org.littleshoot.proxy.impl.ProxyToServerConnection.readHTTPChunk(ProxyToServerConnection.java:229)
	at org.littleshoot.proxy.impl.ProxyConnection.readHTTP(ProxyConnection.java:146)
	at org.littleshoot.proxy.impl.ProxyConnection.read(ProxyConnection.java:120)
	at org.littleshoot.proxy.impl.ProxyToServerConnection.read(ProxyToServerConnection.java:206)
	at org.littleshoot.proxy.impl.ProxyConnection.channelRead0(ProxyConnection.java:579)
	at io.netty.channel.SimpleChannelInboundHandler.channelRead(SimpleChannelInboundHandler.java:105)
	at io.netty.channel.AbstractChannelHandlerContext.invokeChannelRead(AbstractChannelHandlerContext.java:339)
	at io.netty.channel.AbstractChannelHandlerContext.fireChannelRead(AbstractChannelHandlerContext.java:324)
	at io.netty.handler.timeout.IdleStateHandler.channelRead(IdleStateHandler.java:254)
	at io.netty.channel.AbstractChannelHandlerContext.invokeChannelRead(AbstractChannelHandlerContext.java:339)
	at io.netty.channel.AbstractChannelHandlerContext.fireChannelRead(AbstractChannelHandlerContext.java:324)
	at io.netty.channel.ChannelInboundHandlerAdapter.channelRead(ChannelInboundHandlerAdapter.java:86)
	at org.littleshoot.proxy.impl.ProxyConnection$ResponseReadMonitor.channelRead(ProxyConnection.java:730)
	at io.netty.channel.AbstractChannelHandlerContext.invokeChannelRead(AbstractChannelHandlerContext.java:339)
	at io.netty.channel.AbstractChannelHandlerContext.fireChannelRead(AbstractChannelHandlerContext.java:324)
	at io.netty.handler.codec.ByteToMessageDecoder.channelRead(ByteToMessageDecoder.java:242)
	at io.netty.channel.AbstractChannelHandlerContext.invokeChannelRead(AbstractChannelHandlerContext.java:339)
	at io.netty.channel.AbstractChannelHandlerContext.fireChannelRead(AbstractChannelHandlerContext.java:324)
	at io.netty.channel.ChannelInboundHandlerAdapter.channelRead(ChannelInboundHandlerAdapter.java:86)
	at org.littleshoot.proxy.impl.ProxyConnection$BytesReadMonitor.channelRead(ProxyConnection.java:684)
	at io.netty.channel.AbstractChannelHandlerContext.invokeChannelRead(AbstractChannelHandlerContext.java:339)
	at io.netty.channel.AbstractChannelHandlerContext.fireChannelRead(AbstractChannelHandlerContext.java:324)
	at io.netty.channel.DefaultChannelPipeline.fireChannelRead(DefaultChannelPipeline.java:847)
	at io.netty.channel.nio.AbstractNioByteChannel$NioByteUnsafe.read(AbstractNioByteChannel.java:131)
	at io.netty.channel.nio.NioEventLoop.processSelectedKey(NioEventLoop.java:511)
	at io.netty.channel.nio.NioEventLoop.processSelectedKeysOptimized(NioEventLoop.java:468)
	at io.netty.channel.nio.NioEventLoop.processSelectedKeys(NioEventLoop.java:382)
	at io.netty.channel.nio.NioEventLoop.run(NioEventLoop.java:354)
	at io.netty.util.concurrent.SingleThreadEventExecutor$2.run(SingleThreadEventExecutor.java:111)
	at java.lang.Thread.run(Thread.java:745)
SLF4J: Failed toString() invocation on an object of type [io.netty.handler.codec.http.HttpObjectAggregator$AggregatedFullHttpRequest]
io.netty.util.IllegalReferenceCountException: refCnt: 0
	at io.netty.buffer.DefaultByteBufHolder.content(DefaultByteBufHolder.java:39)
	at io.netty.handler.codec.http.HttpMessageUtil.appendFullCommon(HttpMessageUtil.java:79)
	at io.netty.handler.codec.http.HttpMessageUtil.appendFullRequest(HttpMessageUtil.java:55)
	at io.netty.handler.codec.http.HttpObjectAggregator$AggregatedFullHttpRequest.toString(HttpObjectAggregator.java:415)
	at org.slf4j.helpers.MessageFormatter.safeObjectAppend(MessageFormatter.java:297)
	at org.slf4j.helpers.MessageFormatter.deeplyAppendParameter(MessageFormatter.java:269)
	at org.slf4j.helpers.MessageFormatter.arrayFormat(MessageFormatter.java:227)
	at org.littleshoot.proxy.impl.ProxyConnectionLogger$LocationAwareLogggerDispatch.doLog(ProxyConnectionLogger.java:178)
	at org.littleshoot.proxy.impl.ProxyConnectionLogger.debug(ProxyConnectionLogger.java:81)
	at org.littleshoot.proxy.impl.ClientToProxyConnection.shouldCloseClientConnection(ClientToProxyConnection.java:789)
	at org.littleshoot.proxy.impl.ClientToProxyConnection.closeConnectionsAfterWriteIfNecessary(ClientToProxyConnection.java:732)
	at org.littleshoot.proxy.impl.ClientToProxyConnection.respond(ClientToProxyConnection.java:408)
	at org.littleshoot.proxy.impl.ProxyToServerConnection.respondWith(ProxyToServerConnection.java:513)
	at org.littleshoot.proxy.impl.ProxyToServerConnection.readHTTPChunk(ProxyToServerConnection.java:229)
	at org.littleshoot.proxy.impl.ProxyConnection.readHTTP(ProxyConnection.java:146)
	at org.littleshoot.proxy.impl.ProxyConnection.read(ProxyConnection.java:120)
	at org.littleshoot.proxy.impl.ProxyToServerConnection.read(ProxyToServerConnection.java:206)
	at org.littleshoot.proxy.impl.ProxyConnection.channelRead0(ProxyConnection.java:579)
	at io.netty.channel.SimpleChannelInboundHandler.channelRead(SimpleChannelInboundHandler.java:105)
	at io.netty.channel.AbstractChannelHandlerContext.invokeChannelRead(AbstractChannelHandlerContext.java:339)
	at io.netty.channel.AbstractChannelHandlerContext.fireChannelRead(AbstractChannelHandlerContext.java:324)
	at io.netty.handler.timeout.IdleStateHandler.channelRead(IdleStateHandler.java:254)
	at io.netty.channel.AbstractChannelHandlerContext.invokeChannelRead(AbstractChannelHandlerContext.java:339)
	at io.netty.channel.AbstractChannelHandlerContext.fireChannelRead(AbstractChannelHandlerContext.java:324)
	at io.netty.channel.ChannelInboundHandlerAdapter.channelRead(ChannelInboundHandlerAdapter.java:86)
	at org.littleshoot.proxy.impl.ProxyConnection$ResponseReadMonitor.channelRead(ProxyConnection.java:730)
	at io.netty.channel.AbstractChannelHandlerContext.invokeChannelRead(AbstractChannelHandlerContext.java:339)
	at io.netty.channel.AbstractChannelHandlerContext.fireChannelRead(AbstractChannelHandlerContext.java:324)
	at io.netty.handler.codec.ByteToMessageDecoder.channelRead(ByteToMessageDecoder.java:242)
	at io.netty.channel.AbstractChannelHandlerContext.invokeChannelRead(AbstractChannelHandlerContext.java:339)
	at io.netty.channel.AbstractChannelHandlerContext.fireChannelRead(AbstractChannelHandlerContext.java:324)
	at io.netty.channel.ChannelInboundHandlerAdapter.channelRead(ChannelInboundHandlerAdapter.java:86)
	at org.littleshoot.proxy.impl.ProxyConnection$BytesReadMonitor.channelRead(ProxyConnection.java:684)
	at io.netty.channel.AbstractChannelHandlerContext.invokeChannelRead(AbstractChannelHandlerContext.java:339)
	at io.netty.channel.AbstractChannelHandlerContext.fireChannelRead(AbstractChannelHandlerContext.java:324)
	at io.netty.channel.DefaultChannelPipeline.fireChannelRead(DefaultChannelPipeline.java:847)
	at io.netty.channel.nio.AbstractNioByteChannel$NioByteUnsafe.read(AbstractNioByteChannel.java:131)
	at io.netty.channel.nio.NioEventLoop.processSelectedKey(NioEventLoop.java:511)
	at io.netty.channel.nio.NioEventLoop.processSelectedKeysOptimized(NioEventLoop.java:468)
	at io.netty.channel.nio.NioEventLoop.processSelectedKeys(NioEventLoop.java:382)
	at io.netty.channel.nio.NioEventLoop.run(NioEventLoop.java:354)
	at io.netty.util.concurrent.SingleThreadEventExecutor$2.run(SingleThreadEventExecutor.java:111)
	at java.lang.Thread.run(Thread.java:745)
SLF4J: Failed toString() invocation on an object of type [io.netty.handler.codec.http.HttpObjectAggregator$AggregatedFullHttpRequest]
io.netty.util.IllegalReferenceCountException: refCnt: 0
	at io.netty.buffer.DefaultByteBufHolder.content(DefaultByteBufHolder.java:39)
	at io.netty.handler.codec.http.HttpMessageUtil.appendFullCommon(HttpMessageUtil.java:79)
	at io.netty.handler.codec.http.HttpMessageUtil.appendFullRequest(HttpMessageUtil.java:55)
	at io.netty.handler.codec.http.HttpObjectAggregator$AggregatedFullHttpRequest.toString(HttpObjectAggregator.java:415)
	at org.slf4j.helpers.MessageFormatter.safeObjectAppend(MessageFormatter.java:297)
	at org.slf4j.helpers.MessageFormatter.deeplyAppendParameter(MessageFormatter.java:269)
	at org.slf4j.helpers.MessageFormatter.arrayFormat(MessageFormatter.java:227)
	at org.littleshoot.proxy.impl.ProxyConnectionLogger$LocationAwareLogggerDispatch.doLog(ProxyConnectionLogger.java:178)
	at org.littleshoot.proxy.impl.ProxyConnectionLogger.debug(ProxyConnectionLogger.java:81)
	at org.littleshoot.proxy.impl.ClientToProxyConnection.shouldCloseClientConnection(ClientToProxyConnection.java:789)
	at org.littleshoot.proxy.impl.ClientToProxyConnection.closeConnectionsAfterWriteIfNecessary(ClientToProxyConnection.java:732)
	at org.littleshoot.proxy.impl.ClientToProxyConnection.respond(ClientToProxyConnection.java:408)
	at org.littleshoot.proxy.impl.ProxyToServerConnection.respondWith(ProxyToServerConnection.java:513)
	at org.littleshoot.proxy.impl.ProxyToServerConnection.readHTTPChunk(ProxyToServerConnection.java:229)
	at org.littleshoot.proxy.impl.ProxyConnection.readHTTP(ProxyConnection.java:146)
	at org.littleshoot.proxy.impl.ProxyConnection.read(ProxyConnection.java:120)
	at org.littleshoot.proxy.impl.ProxyToServerConnection.read(ProxyToServerConnection.java:206)
	at org.littleshoot.proxy.impl.ProxyConnection.channelRead0(ProxyConnection.java:579)
	at io.netty.channel.SimpleChannelInboundHandler.channelRead(SimpleChannelInboundHandler.java:105)
	at io.netty.channel.AbstractChannelHandlerContext.invokeChannelRead(AbstractChannelHandlerContext.java:339)
	at io.netty.channel.AbstractChannelHandlerContext.fireChannelRead(AbstractChannelHandlerContext.java:324)
	at io.netty.handler.timeout.IdleStateHandler.channelRead(IdleStateHandler.java:254)
	at io.netty.channel.AbstractChannelHandlerContext.invokeChannelRead(AbstractChannelHandlerContext.java:339)
	at io.netty.channel.AbstractChannelHandlerContext.fireChannelRead(AbstractChannelHandlerContext.java:324)
	at io.netty.channel.ChannelInboundHandlerAdapter.channelRead(ChannelInboundHandlerAdapter.java:86)
	at org.littleshoot.proxy.impl.ProxyConnection$ResponseReadMonitor.channelRead(ProxyConnection.java:730)
	at io.netty.channel.AbstractChannelHandlerContext.invokeChannelRead(AbstractChannelHandlerContext.java:339)
	at io.netty.channel.AbstractChannelHandlerContext.fireChannelRead(AbstractChannelHandlerContext.java:324)
	at io.netty.handler.codec.ByteToMessageDecoder.channelRead(ByteToMessageDecoder.java:242)
	at io.netty.channel.AbstractChannelHandlerContext.invokeChannelRead(AbstractChannelHandlerContext.java:339)
	at io.netty.channel.AbstractChannelHandlerContext.fireChannelRead(AbstractChannelHandlerContext.java:324)
	at io.netty.channel.ChannelInboundHandlerAdapter.channelRead(ChannelInboundHandlerAdapter.java:86)
	at org.littleshoot.proxy.impl.ProxyConnection$BytesReadMonitor.channelRead(ProxyConnection.java:684)
	at io.netty.channel.AbstractChannelHandlerContext.invokeChannelRead(AbstractChannelHandlerContext.java:339)
	at io.netty.channel.AbstractChannelHandlerContext.fireChannelRead(AbstractChannelHandlerContext.java:324)
	at io.netty.channel.DefaultChannelPipeline.fireChannelRead(DefaultChannelPipeline.java:847)
	at io.netty.channel.nio.AbstractNioByteChannel$NioByteUnsafe.read(AbstractNioByteChannel.java:131)
	at io.netty.channel.nio.NioEventLoop.processSelectedKey(NioEventLoop.java:511)
	at io.netty.channel.nio.NioEventLoop.processSelectedKeysOptimized(NioEventLoop.java:468)
	at io.netty.channel.nio.NioEventLoop.processSelectedKeys(NioEventLoop.java:382)
	at io.netty.channel.nio.NioEventLoop.run(NioEventLoop.java:354)
	at io.netty.util.concurrent.SingleThreadEventExecutor$2.run(SingleThreadEventExecutor.java:111)
	at java.lang.Thread.run(Thread.java:745)
SLF4J: Failed toString() invocation on an object of type [io.netty.handler.codec.http.HttpObjectAggregator$AggregatedFullHttpRequest]
io.netty.util.IllegalReferenceCountException: refCnt: 0
	at io.netty.buffer.DefaultByteBufHolder.content(DefaultByteBufHolder.java:39)
	at io.netty.handler.codec.http.HttpMessageUtil.appendFullCommon(HttpMessageUtil.java:79)
	at io.netty.handler.codec.http.HttpMessageUtil.appendFullRequest(HttpMessageUtil.java:55)
	at io.netty.handler.codec.http.HttpObjectAggregator$AggregatedFullHttpRequest.toString(HttpObjectAggregator.java:415)
	at org.slf4j.helpers.MessageFormatter.safeObjectAppend(MessageFormatter.java:297)
	at org.slf4j.helpers.MessageFormatter.deeplyAppendParameter(MessageFormatter.java:269)
	at org.slf4j.helpers.MessageFormatter.arrayFormat(MessageFormatter.java:227)
	at org.littleshoot.proxy.impl.ProxyConnectionLogger$LocationAwareLogggerDispatch.doLog(ProxyConnectionLogger.java:178)
	at org.littleshoot.proxy.impl.ProxyConnectionLogger.debug(ProxyConnectionLogger.java:81)
	at org.littleshoot.proxy.impl.ClientToProxyConnection.shouldCloseClientConnection(ClientToProxyConnection.java:789)
	at org.littleshoot.proxy.impl.ClientToProxyConnection.closeConnectionsAfterWriteIfNecessary(ClientToProxyConnection.java:732)
	at org.littleshoot.proxy.impl.ClientToProxyConnection.respond(ClientToProxyConnection.java:408)
	at org.littleshoot.proxy.impl.ProxyToServerConnection.respondWith(ProxyToServerConnection.java:513)
	at org.littleshoot.proxy.impl.ProxyToServerConnection.readHTTPChunk(ProxyToServerConnection.java:229)
	at org.littleshoot.proxy.impl.ProxyConnection.readHTTP(ProxyConnection.java:146)
	at org.littleshoot.proxy.impl.ProxyConnection.read(ProxyConnection.java:120)
	at org.littleshoot.proxy.impl.ProxyToServerConnection.read(ProxyToServerConnection.java:206)
	at org.littleshoot.proxy.impl.ProxyConnection.channelRead0(ProxyConnection.java:579)
	at io.netty.channel.SimpleChannelInboundHandler.channelRead(SimpleChannelInboundHandler.java:105)
	at io.netty.channel.AbstractChannelHandlerContext.invokeChannelRead(AbstractChannelHandlerContext.java:339)
	at io.netty.channel.AbstractChannelHandlerContext.fireChannelRead(AbstractChannelHandlerContext.java:324)
	at io.netty.handler.timeout.IdleStateHandler.channelRead(IdleStateHandler.java:254)
	at io.netty.channel.AbstractChannelHandlerContext.invokeChannelRead(AbstractChannelHandlerContext.java:339)
	at io.netty.channel.AbstractChannelHandlerContext.fireChannelRead(AbstractChannelHandlerContext.java:324)
	at io.netty.channel.ChannelInboundHandlerAdapter.channelRead(ChannelInboundHandlerAdapter.java:86)
	at org.littleshoot.proxy.impl.ProxyConnection$ResponseReadMonitor.channelRead(ProxyConnection.java:730)
	at io.netty.channel.AbstractChannelHandlerContext.invokeChannelRead(AbstractChannelHandlerContext.java:339)
	at io.netty.channel.AbstractChannelHandlerContext.fireChannelRead(AbstractChannelHandlerContext.java:324)
	at io.netty.handler.codec.ByteToMessageDecoder.channelRead(ByteToMessageDecoder.java:242)
	at io.netty.channel.AbstractChannelHandlerContext.invokeChannelRead(AbstractChannelHandlerContext.java:339)
	at io.netty.channel.AbstractChannelHandlerContext.fireChannelRead(AbstractChannelHandlerContext.java:324)
	at io.netty.channel.ChannelInboundHandlerAdapter.channelRead(ChannelInboundHandlerAdapter.java:86)
	at org.littleshoot.proxy.impl.ProxyConnection$BytesReadMonitor.channelRead(ProxyConnection.java:684)
	at io.netty.channel.AbstractChannelHandlerContext.invokeChannelRead(AbstractChannelHandlerContext.java:339)
	at io.netty.channel.AbstractChannelHandlerContext.fireChannelRead(AbstractChannelHandlerContext.java:324)
	at io.netty.channel.DefaultChannelPipeline.fireChannelRead(DefaultChannelPipeline.java:847)
	at io.netty.channel.nio.AbstractNioByteChannel$NioByteUnsafe.read(AbstractNioByteChannel.java:131)
	at io.netty.channel.nio.NioEventLoop.processSelectedKey(NioEventLoop.java:511)
	at io.netty.channel.nio.NioEventLoop.processSelectedKeysOptimized(NioEventLoop.java:468)
	at io.netty.channel.nio.NioEventLoop.processSelectedKeys(NioEventLoop.java:382)
	at io.netty.channel.nio.NioEventLoop.run(NioEventLoop.java:354)
	at io.netty.util.concurrent.SingleThreadEventExecutor$2.run(SingleThreadEventExecutor.java:111)
	at java.lang.Thread.run(Thread.java:745)
SLF4J: Failed toString() invocation on an object of type [io.netty.handler.codec.http.HttpObjectAggregator$AggregatedFullHttpRequest]
io.netty.util.IllegalReferenceCountException: refCnt: 0
	at io.netty.buffer.DefaultByteBufHolder.content(DefaultByteBufHolder.java:39)
	at io.netty.handler.codec.http.HttpMessageUtil.appendFullCommon(HttpMessageUtil.java:79)
	at io.netty.handler.codec.http.HttpMessageUtil.appendFullRequest(HttpMessageUtil.java:55)
	at io.netty.handler.codec.http.HttpObjectAggregator$AggregatedFullHttpRequest.toString(HttpObjectAggregator.java:415)
	at org.slf4j.helpers.MessageFormatter.safeObjectAppend(MessageFormatter.java:297)
	at org.slf4j.helpers.MessageFormatter.deeplyAppendParameter(MessageFormatter.java:269)
	at org.slf4j.helpers.MessageFormatter.arrayFormat(MessageFormatter.java:227)
	at org.littleshoot.proxy.impl.ProxyConnectionLogger$LocationAwareLogggerDispatch.doLog(ProxyConnectionLogger.java:178)
	at org.littleshoot.proxy.impl.ProxyConnectionLogger.debug(ProxyConnectionLogger.java:81)
	at org.littleshoot.proxy.impl.ClientToProxyConnection.shouldCloseClientConnection(ClientToProxyConnection.java:789)
	at org.littleshoot.proxy.impl.ClientToProxyConnection.closeConnectionsAfterWriteIfNecessary(ClientToProxyConnection.java:732)
	at org.littleshoot.proxy.impl.ClientToProxyConnection.respond(ClientToProxyConnection.java:408)
	at org.littleshoot.proxy.impl.ProxyToServerConnection.respondWith(ProxyToServerConnection.java:513)
	at org.littleshoot.proxy.impl.ProxyToServerConnection.readHTTPChunk(ProxyToServerConnection.java:229)
	at org.littleshoot.proxy.impl.ProxyConnection.readHTTP(ProxyConnection.java:146)
	at org.littleshoot.proxy.impl.ProxyConnection.read(ProxyConnection.java:120)
	at org.littleshoot.proxy.impl.ProxyToServerConnection.read(ProxyToServerConnection.java:206)
	at org.littleshoot.proxy.impl.ProxyConnection.channelRead0(ProxyConnection.java:579)
	at io.netty.channel.SimpleChannelInboundHandler.channelRead(SimpleChannelInboundHandler.java:105)
	at io.netty.channel.AbstractChannelHandlerContext.invokeChannelRead(AbstractChannelHandlerContext.java:339)
	at io.netty.channel.AbstractChannelHandlerContext.fireChannelRead(AbstractChannelHandlerContext.java:324)
	at io.netty.handler.timeout.IdleStateHandler.channelRead(IdleStateHandler.java:254)
	at io.netty.channel.AbstractChannelHandlerContext.invokeChannelRead(AbstractChannelHandlerContext.java:339)
	at io.netty.channel.AbstractChannelHandlerContext.fireChannelRead(AbstractChannelHandlerContext.java:324)
	at io.netty.channel.ChannelInboundHandlerAdapter.channelRead(ChannelInboundHandlerAdapter.java:86)
	at org.littleshoot.proxy.impl.ProxyConnection$ResponseReadMonitor.channelRead(ProxyConnection.java:730)
	at io.netty.channel.AbstractChannelHandlerContext.invokeChannelRead(AbstractChannelHandlerContext.java:339)
	at io.netty.channel.AbstractChannelHandlerContext.fireChannelRead(AbstractChannelHandlerContext.java:324)
	at io.netty.handler.codec.ByteToMessageDecoder.channelRead(ByteToMessageDecoder.java:242)
	at io.netty.channel.AbstractChannelHandlerContext.invokeChannelRead(AbstractChannelHandlerContext.java:339)
	at io.netty.channel.AbstractChannelHandlerContext.fireChannelRead(AbstractChannelHandlerContext.java:324)
	at io.netty.channel.ChannelInboundHandlerAdapter.channelRead(ChannelInboundHandlerAdapter.java:86)
	at org.littleshoot.proxy.impl.ProxyConnection$BytesReadMonitor.channelRead(ProxyConnection.java:684)
	at io.netty.channel.AbstractChannelHandlerContext.invokeChannelRead(AbstractChannelHandlerContext.java:339)
	at io.netty.channel.AbstractChannelHandlerContext.fireChannelRead(AbstractChannelHandlerContext.java:324)
	at io.netty.channel.DefaultChannelPipeline.fireChannelRead(DefaultChannelPipeline.java:847)
	at io.netty.channel.nio.AbstractNioByteChannel$NioByteUnsafe.read(AbstractNioByteChannel.java:131)
	at io.netty.channel.nio.NioEventLoop.processSelectedKey(NioEventLoop.java:511)
	at io.netty.channel.nio.NioEventLoop.processSelectedKeysOptimized(NioEventLoop.java:468)
	at io.netty.channel.nio.NioEventLoop.processSelectedKeys(NioEventLoop.java:382)
	at io.netty.channel.nio.NioEventLoop.run(NioEventLoop.java:354)
	at io.netty.util.concurrent.SingleThreadEventExecutor$2.run(SingleThreadEventExecutor.java:111)
	at java.lang.Thread.run(Thread.java:745)
SLF4J: Failed toString() invocation on an object of type [io.netty.handler.codec.http.HttpObjectAggregator$AggregatedFullHttpRequest]
io.netty.util.IllegalReferenceCountException: refCnt: 0
	at io.netty.buffer.DefaultByteBufHolder.content(DefaultByteBufHolder.java:39)
	at io.netty.handler.codec.http.HttpMessageUtil.appendFullCommon(HttpMessageUtil.java:79)
	at io.netty.handler.codec.http.HttpMessageUtil.appendFullRequest(HttpMessageUtil.java:55)
	at io.netty.handler.codec.http.HttpObjectAggregator$AggregatedFullHttpRequest.toString(HttpObjectAggregator.java:415)
	at org.slf4j.helpers.MessageFormatter.safeObjectAppend(MessageFormatter.java:297)
	at org.slf4j.helpers.MessageFormatter.deeplyAppendParameter(MessageFormatter.java:269)
	at org.slf4j.helpers.MessageFormatter.arrayFormat(MessageFormatter.java:227)
	at org.littleshoot.proxy.impl.ProxyConnectionLogger$LocationAwareLogggerDispatch.doLog(ProxyConnectionLogger.java:178)
	at org.littleshoot.proxy.impl.ProxyConnectionLogger.debug(ProxyConnectionLogger.java:81)
	at org.littleshoot.proxy.impl.ClientToProxyConnection.shouldCloseClientConnection(ClientToProxyConnection.java:789)
	at org.littleshoot.proxy.impl.ClientToProxyConnection.closeConnectionsAfterWriteIfNecessary(ClientToProxyConnection.java:732)
	at org.littleshoot.proxy.impl.ClientToProxyConnection.respond(ClientToProxyConnection.java:408)
	at org.littleshoot.proxy.impl.ProxyToServerConnection.respondWith(ProxyToServerConnection.java:513)
	at org.littleshoot.proxy.impl.ProxyToServerConnection.readHTTPChunk(ProxyToServerConnection.java:229)
	at org.littleshoot.proxy.impl.ProxyConnection.readHTTP(ProxyConnection.java:146)
	at org.littleshoot.proxy.impl.ProxyConnection.read(ProxyConnection.java:120)
	at org.littleshoot.proxy.impl.ProxyToServerConnection.read(ProxyToServerConnection.java:206)
	at org.littleshoot.proxy.impl.ProxyConnection.channelRead0(ProxyConnection.java:579)
	at io.netty.channel.SimpleChannelInboundHandler.channelRead(SimpleChannelInboundHandler.java:105)
	at io.netty.channel.AbstractChannelHandlerContext.invokeChannelRead(AbstractChannelHandlerContext.java:339)
	at io.netty.channel.AbstractChannelHandlerContext.fireChannelRead(AbstractChannelHandlerContext.java:324)
	at io.netty.handler.timeout.IdleStateHandler.channelRead(IdleStateHandler.java:254)
	at io.netty.channel.AbstractChannelHandlerContext.invokeChannelRead(AbstractChannelHandlerContext.java:339)
	at io.netty.channel.AbstractChannelHandlerContext.fireChannelRead(AbstractChannelHandlerContext.java:324)
	at io.netty.channel.ChannelInboundHandlerAdapter.channelRead(ChannelInboundHandlerAdapter.java:86)
	at org.littleshoot.proxy.impl.ProxyConnection$ResponseReadMonitor.channelRead(ProxyConnection.java:730)
	at io.netty.channel.AbstractChannelHandlerContext.invokeChannelRead(AbstractChannelHandlerContext.java:339)
	at io.netty.channel.AbstractChannelHandlerContext.fireChannelRead(AbstractChannelHandlerContext.java:324)
	at io.netty.handler.codec.ByteToMessageDecoder.channelRead(ByteToMessageDecoder.java:242)
	at io.netty.channel.AbstractChannelHandlerContext.invokeChannelRead(AbstractChannelHandlerContext.java:339)
	at io.netty.channel.AbstractChannelHandlerContext.fireChannelRead(AbstractChannelHandlerContext.java:324)
	at io.netty.channel.ChannelInboundHandlerAdapter.channelRead(ChannelInboundHandlerAdapter.java:86)
	at org.littleshoot.proxy.impl.ProxyConnection$BytesReadMonitor.channelRead(ProxyConnection.java:684)
	at io.netty.channel.AbstractChannelHandlerContext.invokeChannelRead(AbstractChannelHandlerContext.java:339)
	at io.netty.channel.AbstractChannelHandlerContext.fireChannelRead(AbstractChannelHandlerContext.java:324)
	at io.netty.channel.DefaultChannelPipeline.fireChannelRead(DefaultChannelPipeline.java:847)
	at io.netty.channel.nio.AbstractNioByteChannel$NioByteUnsafe.read(AbstractNioByteChannel.java:131)
	at io.netty.channel.nio.NioEventLoop.processSelectedKey(NioEventLoop.java:511)
	at io.netty.channel.nio.NioEventLoop.processSelectedKeysOptimized(NioEventLoop.java:468)
	at io.netty.channel.nio.NioEventLoop.processSelectedKeys(NioEventLoop.java:382)
	at io.netty.channel.nio.NioEventLoop.run(NioEventLoop.java:354)
	at io.netty.util.concurrent.SingleThreadEventExecutor$2.run(SingleThreadEventExecutor.java:111)
	at java.lang.Thread.run(Thread.java:745)
SLF4J: Failed toString() invocation on an object of type [io.netty.handler.codec.http.HttpObjectAggregator$AggregatedFullHttpRequest]
io.netty.util.IllegalReferenceCountException: refCnt: 0
	at io.netty.buffer.DefaultByteBufHolder.content(DefaultByteBufHolder.java:39)
	at io.netty.handler.codec.http.HttpMessageUtil.appendFullCommon(HttpMessageUtil.java:79)
	at io.netty.handler.codec.http.HttpMessageUtil.appendFullRequest(HttpMessageUtil.java:55)
	at io.netty.handler.codec.http.HttpObjectAggregator$AggregatedFullHttpRequest.toString(HttpObjectAggregator.java:415)
	at org.slf4j.helpers.MessageFormatter.safeObjectAppend(MessageFormatter.java:297)
	at org.slf4j.helpers.MessageFormatter.deeplyAppendParameter(MessageFormatter.java:269)
	at org.slf4j.helpers.MessageFormatter.arrayFormat(MessageFormatter.java:227)
	at org.littleshoot.proxy.impl.ProxyConnectionLogger$LocationAwareLogggerDispatch.doLog(ProxyConnectionLogger.java:178)
	at org.littleshoot.proxy.impl.ProxyConnectionLogger.debug(ProxyConnectionLogger.java:81)
	at org.littleshoot.proxy.impl.ClientToProxyConnection.shouldCloseClientConnection(ClientToProxyConnection.java:789)
	at org.littleshoot.proxy.impl.ClientToProxyConnection.closeConnectionsAfterWriteIfNecessary(ClientToProxyConnection.java:732)
	at org.littleshoot.proxy.impl.ClientToProxyConnection.respond(ClientToProxyConnection.java:408)
	at org.littleshoot.proxy.impl.ProxyToServerConnection.respondWith(ProxyToServerConnection.java:513)
	at org.littleshoot.proxy.impl.ProxyToServerConnection.readHTTPChunk(ProxyToServerConnection.java:229)
	at org.littleshoot.proxy.impl.ProxyConnection.readHTTP(ProxyConnection.java:146)
	at org.littleshoot.proxy.impl.ProxyConnection.read(ProxyConnection.java:120)
	at org.littleshoot.proxy.impl.ProxyToServerConnection.read(ProxyToServerConnection.java:206)
	at org.littleshoot.proxy.impl.ProxyConnection.channelRead0(ProxyConnection.java:579)
	at io.netty.channel.SimpleChannelInboundHandler.channelRead(SimpleChannelInboundHandler.java:105)
	at io.netty.channel.AbstractChannelHandlerContext.invokeChannelRead(AbstractChannelHandlerContext.java:339)
	at io.netty.channel.AbstractChannelHandlerContext.fireChannelRead(AbstractChannelHandlerContext.java:324)
	at io.netty.handler.timeout.IdleStateHandler.channelRead(IdleStateHandler.java:254)
	at io.netty.channel.AbstractChannelHandlerContext.invokeChannelRead(AbstractChannelHandlerContext.java:339)
	at io.netty.channel.AbstractChannelHandlerContext.fireChannelRead(AbstractChannelHandlerContext.java:324)
	at io.netty.channel.ChannelInboundHandlerAdapter.channelRead(ChannelInboundHandlerAdapter.java:86)
	at org.littleshoot.proxy.impl.ProxyConnection$ResponseReadMonitor.channelRead(ProxyConnection.java:730)
	at io.netty.channel.AbstractChannelHandlerContext.invokeChannelRead(AbstractChannelHandlerContext.java:339)
	at io.netty.channel.AbstractChannelHandlerContext.fireChannelRead(AbstractChannelHandlerContext.java:324)
	at io.netty.handler.codec.ByteToMessageDecoder.channelRead(ByteToMessageDecoder.java:242)
	at io.netty.channel.AbstractChannelHandlerContext.invokeChannelRead(AbstractChannelHandlerContext.java:339)
	at io.netty.channel.AbstractChannelHandlerContext.fireChannelRead(AbstractChannelHandlerContext.java:324)
	at io.netty.channel.ChannelInboundHandlerAdapter.channelRead(ChannelInboundHandlerAdapter.java:86)
	at org.littleshoot.proxy.impl.ProxyConnection$BytesReadMonitor.channelRead(ProxyConnection.java:684)
	at io.netty.channel.AbstractChannelHandlerContext.invokeChannelRead(AbstractChannelHandlerContext.java:339)
	at io.netty.channel.AbstractChannelHandlerContext.fireChannelRead(AbstractChannelHandlerContext.java:324)
	at io.netty.channel.DefaultChannelPipeline.fireChannelRead(DefaultChannelPipeline.java:847)
	at io.netty.channel.nio.AbstractNioByteChannel$NioByteUnsafe.read(AbstractNioByteChannel.java:131)
	at io.netty.channel.nio.NioEventLoop.processSelectedKey(NioEventLoop.java:511)
	at io.netty.channel.nio.NioEventLoop.processSelectedKeysOptimized(NioEventLoop.java:468)
	at io.netty.channel.nio.NioEventLoop.processSelectedKeys(NioEventLoop.java:382)
	at io.netty.channel.nio.NioEventLoop.run(NioEventLoop.java:354)
	at io.netty.util.concurrent.SingleThreadEventExecutor$2.run(SingleThreadEventExecutor.java:111)
	at java.lang.Thread.run(Thread.java:745)
SLF4J: Failed toString() invocation on an object of type [io.netty.handler.codec.http.HttpObjectAggregator$AggregatedFullHttpRequest]
io.netty.util.IllegalReferenceCountException: refCnt: 0
	at io.netty.buffer.DefaultByteBufHolder.content(DefaultByteBufHolder.java:39)
	at io.netty.handler.codec.http.HttpMessageUtil.appendFullCommon(HttpMessageUtil.java:79)
	at io.netty.handler.codec.http.HttpMessageUtil.appendFullRequest(HttpMessageUtil.java:55)
	at io.netty.handler.codec.http.HttpObjectAggregator$AggregatedFullHttpRequest.toString(HttpObjectAggregator.java:415)
	at org.slf4j.helpers.MessageFormatter.safeObjectAppend(MessageFormatter.java:297)
	at org.slf4j.helpers.MessageFormatter.deeplyAppendParameter(MessageFormatter.java:269)
	at org.slf4j.helpers.MessageFormatter.arrayFormat(MessageFormatter.java:227)
	at org.littleshoot.proxy.impl.ProxyConnectionLogger$LocationAwareLogggerDispatch.doLog(ProxyConnectionLogger.java:178)
	at org.littleshoot.proxy.impl.ProxyConnectionLogger.debug(ProxyConnectionLogger.java:81)
	at org.littleshoot.proxy.impl.ClientToProxyConnection.shouldCloseClientConnection(ClientToProxyConnection.java:789)
	at org.littleshoot.proxy.impl.ClientToProxyConnection.closeConnectionsAfterWriteIfNecessary(ClientToProxyConnection.java:732)
	at org.littleshoot.proxy.impl.ClientToProxyConnection.respond(ClientToProxyConnection.java:408)
	at org.littleshoot.proxy.impl.ProxyToServerConnection.respondWith(ProxyToServerConnection.java:513)
	at org.littleshoot.proxy.impl.ProxyToServerConnection.readHTTPChunk(ProxyToServerConnection.java:229)
	at org.littleshoot.proxy.impl.ProxyConnection.readHTTP(ProxyConnection.java:146)
	at org.littleshoot.proxy.impl.ProxyConnection.read(ProxyConnection.java:120)
	at org.littleshoot.proxy.impl.ProxyToServerConnection.read(ProxyToServerConnection.java:206)
	at org.littleshoot.proxy.impl.ProxyConnection.channelRead0(ProxyConnection.java:579)
	at io.netty.channel.SimpleChannelInboundHandler.channelRead(SimpleChannelInboundHandler.java:105)
	at io.netty.channel.AbstractChannelHandlerContext.invokeChannelRead(AbstractChannelHandlerContext.java:339)
	at io.netty.channel.AbstractChannelHandlerContext.fireChannelRead(AbstractChannelHandlerContext.java:324)
	at io.netty.handler.timeout.IdleStateHandler.channelRead(IdleStateHandler.java:254)
	at io.netty.channel.AbstractChannelHandlerContext.invokeChannelRead(AbstractChannelHandlerContext.java:339)
	at io.netty.channel.AbstractChannelHandlerContext.fireChannelRead(AbstractChannelHandlerContext.java:324)
	at io.netty.channel.ChannelInboundHandlerAdapter.channelRead(ChannelInboundHandlerAdapter.java:86)
	at org.littleshoot.proxy.impl.ProxyConnection$ResponseReadMonitor.channelRead(ProxyConnection.java:730)
	at io.netty.channel.AbstractChannelHandlerContext.invokeChannelRead(AbstractChannelHandlerContext.java:339)
	at io.netty.channel.AbstractChannelHandlerContext.fireChannelRead(AbstractChannelHandlerContext.java:324)
	at io.netty.handler.codec.ByteToMessageDecoder.channelRead(ByteToMessageDecoder.java:242)
	at io.netty.channel.AbstractChannelHandlerContext.invokeChannelRead(AbstractChannelHandlerContext.java:339)
	at io.netty.channel.AbstractChannelHandlerContext.fireChannelRead(AbstractChannelHandlerContext.java:324)
	at io.netty.channel.ChannelInboundHandlerAdapter.channelRead(ChannelInboundHandlerAdapter.java:86)
	at org.littleshoot.proxy.impl.ProxyConnection$BytesReadMonitor.channelRead(ProxyConnection.java:684)
	at io.netty.channel.AbstractChannelHandlerContext.invokeChannelRead(AbstractChannelHandlerContext.java:339)
	at io.netty.channel.AbstractChannelHandlerContext.fireChannelRead(AbstractChannelHandlerContext.java:324)
	at io.netty.channel.DefaultChannelPipeline.fireChannelRead(DefaultChannelPipeline.java:847)
	at io.netty.channel.nio.AbstractNioByteChannel$NioByteUnsafe.read(AbstractNioByteChannel.java:131)
	at io.netty.channel.nio.NioEventLoop.processSelectedKey(NioEventLoop.java:511)
	at io.netty.channel.nio.NioEventLoop.processSelectedKeysOptimized(NioEventLoop.java:468)
	at io.netty.channel.nio.NioEventLoop.processSelectedKeys(NioEventLoop.java:382)
	at io.netty.channel.nio.NioEventLoop.run(NioEventLoop.java:354)
	at io.netty.util.concurrent.SingleThreadEventExecutor$2.run(SingleThreadEventExecutor.java:111)
	at java.lang.Thread.run(Thread.java:745)
SLF4J: Failed toString() invocation on an object of type [io.netty.handler.codec.http.HttpObjectAggregator$AggregatedFullHttpRequest]
io.netty.util.IllegalReferenceCountException: refCnt: 0
	at io.netty.buffer.DefaultByteBufHolder.content(DefaultByteBufHolder.java:39)
	at io.netty.handler.codec.http.HttpMessageUtil.appendFullCommon(HttpMessageUtil.java:79)
	at io.netty.handler.codec.http.HttpMessageUtil.appendFullRequest(HttpMessageUtil.java:55)
	at io.netty.handler.codec.http.HttpObjectAggregator$AggregatedFullHttpRequest.toString(HttpObjectAggregator.java:415)
	at org.slf4j.helpers.MessageFormatter.safeObjectAppend(MessageFormatter.java:297)
	at org.slf4j.helpers.MessageFormatter.deeplyAppendParameter(MessageFormatter.java:269)
	at org.slf4j.helpers.MessageFormatter.arrayFormat(MessageFormatter.java:227)
	at org.littleshoot.proxy.impl.ProxyConnectionLogger$LocationAwareLogggerDispatch.doLog(ProxyConnectionLogger.java:178)
	at org.littleshoot.proxy.impl.ProxyConnectionLogger.debug(ProxyConnectionLogger.java:81)
	at org.littleshoot.proxy.impl.ClientToProxyConnection.shouldCloseClientConnection(ClientToProxyConnection.java:789)
	at org.littleshoot.proxy.impl.ClientToProxyConnection.closeConnectionsAfterWriteIfNecessary(ClientToProxyConnection.java:732)
	at org.littleshoot.proxy.impl.ClientToProxyConnection.respond(ClientToProxyConnection.java:408)
	at org.littleshoot.proxy.impl.ProxyToServerConnection.respondWith(ProxyToServerConnection.java:513)
	at org.littleshoot.proxy.impl.ProxyToServerConnection.readHTTPChunk(ProxyToServerConnection.java:229)
	at org.littleshoot.proxy.impl.ProxyConnection.readHTTP(ProxyConnection.java:146)
	at org.littleshoot.proxy.impl.ProxyConnection.read(ProxyConnection.java:120)
	at org.littleshoot.proxy.impl.ProxyToServerConnection.read(ProxyToServerConnection.java:206)
	at org.littleshoot.proxy.impl.ProxyConnection.channelRead0(ProxyConnection.java:579)
	at io.netty.channel.SimpleChannelInboundHandler.channelRead(SimpleChannelInboundHandler.java:105)
	at io.netty.channel.AbstractChannelHandlerContext.invokeChannelRead(AbstractChannelHandlerContext.java:339)
	at io.netty.channel.AbstractChannelHandlerContext.fireChannelRead(AbstractChannelHandlerContext.java:324)
	at io.netty.handler.timeout.IdleStateHandler.channelRead(IdleStateHandler.java:254)
	at io.netty.channel.AbstractChannelHandlerContext.invokeChannelRead(AbstractChannelHandlerContext.java:339)
	at io.netty.channel.AbstractChannelHandlerContext.fireChannelRead(AbstractChannelHandlerContext.java:324)
	at io.netty.channel.ChannelInboundHandlerAdapter.channelRead(ChannelInboundHandlerAdapter.java:86)
	at org.littleshoot.proxy.impl.ProxyConnection$ResponseReadMonitor.channelRead(ProxyConnection.java:730)
	at io.netty.channel.AbstractChannelHandlerContext.invokeChannelRead(AbstractChannelHandlerContext.java:339)
	at io.netty.channel.AbstractChannelHandlerContext.fireChannelRead(AbstractChannelHandlerContext.java:324)
	at io.netty.handler.codec.ByteToMessageDecoder.channelRead(ByteToMessageDecoder.java:242)
	at io.netty.channel.AbstractChannelHandlerContext.invokeChannelRead(AbstractChannelHandlerContext.java:339)
	at io.netty.channel.AbstractChannelHandlerContext.fireChannelRead(AbstractChannelHandlerContext.java:324)
	at io.netty.channel.ChannelInboundHandlerAdapter.channelRead(ChannelInboundHandlerAdapter.java:86)
	at org.littleshoot.proxy.impl.ProxyConnection$BytesReadMonitor.channelRead(ProxyConnection.java:684)
	at io.netty.channel.AbstractChannelHandlerContext.invokeChannelRead(AbstractChannelHandlerContext.java:339)
	at io.netty.channel.AbstractChannelHandlerContext.fireChannelRead(AbstractChannelHandlerContext.java:324)
	at io.netty.channel.DefaultChannelPipeline.fireChannelRead(DefaultChannelPipeline.java:847)
	at io.netty.channel.nio.AbstractNioByteChannel$NioByteUnsafe.read(AbstractNioByteChannel.java:131)
	at io.netty.channel.nio.NioEventLoop.processSelectedKey(NioEventLoop.java:511)
	at io.netty.channel.nio.NioEventLoop.processSelectedKeysOptimized(NioEventLoop.java:468)
	at io.netty.channel.nio.NioEventLoop.processSelectedKeys(NioEventLoop.java:382)
	at io.netty.channel.nio.NioEventLoop.run(NioEventLoop.java:354)
	at io.netty.util.concurrent.SingleThreadEventExecutor$2.run(SingleThreadEventExecutor.java:111)
	at java.lang.Thread.run(Thread.java:745)
SLF4J: Failed toString() invocation on an object of type [io.netty.handler.codec.http.HttpObjectAggregator$AggregatedFullHttpRequest]
io.netty.util.IllegalReferenceCountException: refCnt: 0
	at io.netty.buffer.DefaultByteBufHolder.content(DefaultByteBufHolder.java:39)
	at io.netty.handler.codec.http.HttpMessageUtil.appendFullCommon(HttpMessageUtil.java:79)
	at io.netty.handler.codec.http.HttpMessageUtil.appendFullRequest(HttpMessageUtil.java:55)
	at io.netty.handler.codec.http.HttpObjectAggregator$AggregatedFullHttpRequest.toString(HttpObjectAggregator.java:415)
	at org.slf4j.helpers.MessageFormatter.safeObjectAppend(MessageFormatter.java:297)
	at org.slf4j.helpers.MessageFormatter.deeplyAppendParameter(MessageFormatter.java:269)
	at org.slf4j.helpers.MessageFormatter.arrayFormat(MessageFormatter.java:227)
	at org.littleshoot.proxy.impl.ProxyConnectionLogger$LocationAwareLogggerDispatch.doLog(ProxyConnectionLogger.java:178)
	at org.littleshoot.proxy.impl.ProxyConnectionLogger.debug(ProxyConnectionLogger.java:81)
	at org.littleshoot.proxy.impl.ClientToProxyConnection.shouldCloseClientConnection(ClientToProxyConnection.java:789)
	at org.littleshoot.proxy.impl.ClientToProxyConnection.closeConnectionsAfterWriteIfNecessary(ClientToProxyConnection.java:732)
	at org.littleshoot.proxy.impl.ClientToProxyConnection.respond(ClientToProxyConnection.java:408)
	at org.littleshoot.proxy.impl.ProxyToServerConnection.respondWith(ProxyToServerConnection.java:513)
	at org.littleshoot.proxy.impl.ProxyToServerConnection.readHTTPChunk(ProxyToServerConnection.java:229)
	at org.littleshoot.proxy.impl.ProxyConnection.readHTTP(ProxyConnection.java:146)
	at org.littleshoot.proxy.impl.ProxyConnection.read(ProxyConnection.java:120)
	at org.littleshoot.proxy.impl.ProxyToServerConnection.read(ProxyToServerConnection.java:206)
	at org.littleshoot.proxy.impl.ProxyConnection.channelRead0(ProxyConnection.java:579)
	at io.netty.channel.SimpleChannelInboundHandler.channelRead(SimpleChannelInboundHandler.java:105)
	at io.netty.channel.AbstractChannelHandlerContext.invokeChannelRead(AbstractChannelHandlerContext.java:339)
	at io.netty.channel.AbstractChannelHandlerContext.fireChannelRead(AbstractChannelHandlerContext.java:324)
	at io.netty.handler.timeout.IdleStateHandler.channelRead(IdleStateHandler.java:254)
	at io.netty.channel.AbstractChannelHandlerContext.invokeChannelRead(AbstractChannelHandlerContext.java:339)
	at io.netty.channel.AbstractChannelHandlerContext.fireChannelRead(AbstractChannelHandlerContext.java:324)
	at io.netty.channel.ChannelInboundHandlerAdapter.channelRead(ChannelInboundHandlerAdapter.java:86)
	at org.littleshoot.proxy.impl.ProxyConnection$ResponseReadMonitor.channelRead(ProxyConnection.java:730)
	at io.netty.channel.AbstractChannelHandlerContext.invokeChannelRead(AbstractChannelHandlerContext.java:339)
	at io.netty.channel.AbstractChannelHandlerContext.fireChannelRead(AbstractChannelHandlerContext.java:324)
	at io.netty.handler.codec.ByteToMessageDecoder.channelRead(ByteToMessageDecoder.java:242)
	at io.netty.channel.AbstractChannelHandlerContext.invokeChannelRead(AbstractChannelHandlerContext.java:339)
	at io.netty.channel.AbstractChannelHandlerContext.fireChannelRead(AbstractChannelHandlerContext.java:324)
	at io.netty.channel.ChannelInboundHandlerAdapter.channelRead(ChannelInboundHandlerAdapter.java:86)
	at org.littleshoot.proxy.impl.ProxyConnection$BytesReadMonitor.channelRead(ProxyConnection.java:684)
	at io.netty.channel.AbstractChannelHandlerContext.invokeChannelRead(AbstractChannelHandlerContext.java:339)
	at io.netty.channel.AbstractChannelHandlerContext.fireChannelRead(AbstractChannelHandlerContext.java:324)
	at io.netty.channel.DefaultChannelPipeline.fireChannelRead(DefaultChannelPipeline.java:847)
	at io.netty.channel.nio.AbstractNioByteChannel$NioByteUnsafe.read(AbstractNioByteChannel.java:131)
	at io.netty.channel.nio.NioEventLoop.processSelectedKey(NioEventLoop.java:511)
	at io.netty.channel.nio.NioEventLoop.processSelectedKeysOptimized(NioEventLoop.java:468)
	at io.netty.channel.nio.NioEventLoop.processSelectedKeys(NioEventLoop.java:382)
	at io.netty.channel.nio.NioEventLoop.run(NioEventLoop.java:354)
	at io.netty.util.concurrent.SingleThreadEventExecutor$2.run(SingleThreadEventExecutor.java:111)
	at java.lang.Thread.run(Thread.java:745)
SLF4J: Failed toString() invocation on an object of type [io.netty.handler.codec.http.HttpObjectAggregator$AggregatedFullHttpRequest]
io.netty.util.IllegalReferenceCountException: refCnt: 0
SLF4J: Failed toString() invocation on an object of type [io.netty.handler.codec.http.HttpObjectAggregator$AggregatedFullHttpRequest]
	at io.netty.buffer.DefaultByteBufHolder.content(DefaultByteBufHolder.java:39)
	at io.netty.handler.codec.http.HttpMessageUtil.appendFullCommon(HttpMessageUtil.java:79)
	at io.netty.handler.codec.http.HttpMessageUtil.appendFullRequest(HttpMessageUtil.java:55)
	at io.netty.handler.codec.http.HttpObjectAggregator$AggregatedFullHttpRequest.toString(HttpObjectAggregator.java:415)
	at org.slf4j.helpers.MessageFormatter.safeObjectAppend(MessageFormatter.java:297)
	at org.slf4j.helpers.MessageFormatter.deeplyAppendParameter(MessageFormatter.java:269)
	at org.slf4j.helpers.MessageFormatter.arrayFormat(MessageFormatter.java:227)
	at org.littleshoot.proxy.impl.ProxyConnectionLogger$LocationAwareLogggerDispatch.doLog(ProxyConnectionLogger.java:178)
	at org.littleshoot.proxy.impl.ProxyConnectionLogger.debug(ProxyConnectionLogger.java:81)
	at org.littleshoot.proxy.impl.ClientToProxyConnection.shouldCloseClientConnection(ClientToProxyConnection.java:789)
	at org.littleshoot.proxy.impl.ClientToProxyConnection.closeConnectionsAfterWriteIfNecessary(ClientToProxyConnection.java:732)
	at org.littleshoot.proxy.impl.ClientToProxyConnection.respond(ClientToProxyConnection.java:408)
	at org.littleshoot.proxy.impl.ProxyToServerConnection.respondWith(ProxyToServerConnection.java:513)
	at org.littleshoot.proxy.impl.ProxyToServerConnection.readHTTPChunk(ProxyToServerConnection.java:229)
	at org.littleshoot.proxy.impl.ProxyConnection.readHTTP(ProxyConnection.java:146)
	at org.littleshoot.proxy.impl.ProxyConnection.read(ProxyConnection.java:120)
	at org.littleshoot.proxy.impl.ProxyToServerConnection.read(ProxyToServerConnection.java:206)
	at org.littleshoot.proxy.impl.ProxyConnection.channelRead0(ProxyConnection.java:579)
	at io.netty.channel.SimpleChannelInboundHandler.channelRead(SimpleChannelInboundHandler.java:105)
	at io.netty.channel.AbstractChannelHandlerContext.invokeChannelRead(AbstractChannelHandlerContext.java:339)
	at io.netty.channel.AbstractChannelHandlerContext.fireChannelRead(AbstractChannelHandlerContext.java:324)
	at io.netty.handler.timeout.IdleStateHandler.channelRead(IdleStateHandler.java:254)
	at io.netty.channel.AbstractChannelHandlerContext.invokeChannelRead(AbstractChannelHandlerContext.java:339)
	at io.netty.channel.AbstractChannelHandlerContext.fireChannelRead(AbstractChannelHandlerContext.java:324)
	at io.netty.channel.ChannelInboundHandlerAdapter.channelRead(ChannelInboundHandlerAdapter.java:86)
	at org.littleshoot.proxy.impl.ProxyConnection$ResponseReadMonitor.channelRead(ProxyConnection.java:730)
	at io.netty.channel.AbstractChannelHandlerContext.invokeChannelRead(AbstractChannelHandlerContext.java:339)
	at io.netty.channel.AbstractChannelHandlerContext.fireChannelRead(AbstractChannelHandlerContext.java:324)
	at io.netty.handler.codec.ByteToMessageDecoder.channelRead(ByteToMessageDecoder.java:242)
	at io.netty.channel.AbstractChannelHandlerContext.invokeChannelRead(AbstractChannelHandlerContext.java:339)
	at io.netty.channel.AbstractChannelHandlerContext.fireChannelRead(AbstractChannelHandlerContext.java:324)
	at io.netty.channel.ChannelInboundHandlerAdapter.channelRead(ChannelInboundHandlerAdapter.java:86)
	at org.littleshoot.proxy.impl.ProxyConnection$BytesReadMonitor.channelRead(ProxyConnection.java:684)
	at io.netty.channel.AbstractChannelHandlerContext.invokeChannelRead(AbstractChannelHandlerContext.java:339)
	at io.netty.channel.AbstractChannelHandlerContext.fireChannelRead(AbstractChannelHandlerContext.java:324)
	at io.netty.channel.DefaultChannelPipeline.fireChannelRead(DefaultChannelPipeline.java:847)
	at io.netty.channel.nio.AbstractNioByteChannel$NioByteUnsafe.read(AbstractNioByteChannel.java:131)
	at io.netty.channel.nio.NioEventLoop.processSelectedKey(NioEventLoop.java:511)
	at io.netty.channel.nio.NioEventLoop.processSelectedKeysOptimized(NioEventLoop.java:468)
	at io.netty.channel.nio.NioEventLoop.processSelectedKeys(NioEventLoop.java:382)
	at io.netty.channel.nio.NioEventLoop.run(NioEventLoop.java:354)
	at io.netty.util.concurrent.SingleThreadEventExecutor$2.run(SingleThreadEventExecutor.java:111)
	at java.lang.Thread.run(Thread.java:745)
io.netty.util.IllegalReferenceCountException: refCnt: 0
	at io.netty.buffer.DefaultByteBufHolder.content(DefaultByteBufHolder.java:39)
	at io.netty.handler.codec.http.HttpMessageUtil.appendFullCommon(HttpMessageUtil.java:79)
	at io.netty.handler.codec.http.HttpMessageUtil.appendFullRequest(HttpMessageUtil.java:55)
	at io.netty.handler.codec.http.HttpObjectAggregator$AggregatedFullHttpRequest.toString(HttpObjectAggregator.java:415)
	at org.slf4j.helpers.MessageFormatter.safeObjectAppend(MessageFormatter.java:297)
	at org.slf4j.helpers.MessageFormatter.deeplyAppendParameter(MessageFormatter.java:269)
	at org.slf4j.helpers.MessageFormatter.arrayFormat(MessageFormatter.java:227)
	at org.littleshoot.proxy.impl.ProxyConnectionLogger$LocationAwareLogggerDispatch.doLog(ProxyConnectionLogger.java:178)
	at org.littleshoot.proxy.impl.ProxyConnectionLogger.debug(ProxyConnectionLogger.java:81)
	at org.littleshoot.proxy.impl.ClientToProxyConnection.shouldCloseClientConnection(ClientToProxyConnection.java:789)
	at org.littleshoot.proxy.impl.ClientToProxyConnection.closeConnectionsAfterWriteIfNecessary(ClientToProxyConnection.java:732)
	at org.littleshoot.proxy.impl.ClientToProxyConnection.respond(ClientToProxyConnection.java:408)
	at org.littleshoot.proxy.impl.ProxyToServerConnection.respondWith(ProxyToServerConnection.java:513)
	at org.littleshoot.proxy.impl.ProxyToServerConnection.readHTTPChunk(ProxyToServerConnection.java:229)
	at org.littleshoot.proxy.impl.ProxyConnection.readHTTP(ProxyConnection.java:146)
	at org.littleshoot.proxy.impl.ProxyConnection.read(ProxyConnection.java:120)
	at org.littleshoot.proxy.impl.ProxyToServerConnection.read(ProxyToServerConnection.java:206)
	at org.littleshoot.proxy.impl.ProxyConnection.channelRead0(ProxyConnection.java:579)
	at io.netty.channel.SimpleChannelInboundHandler.channelRead(SimpleChannelInboundHandler.java:105)
	at io.netty.channel.AbstractChannelHandlerContext.invokeChannelRead(AbstractChannelHandlerContext.java:339)
	at io.netty.channel.AbstractChannelHandlerContext.fireChannelRead(AbstractChannelHandlerContext.java:324)
	at io.netty.handler.timeout.IdleStateHandler.channelRead(IdleStateHandler.java:254)
	at io.netty.channel.AbstractChannelHandlerContext.invokeChannelRead(AbstractChannelHandlerContext.java:339)
	at io.netty.channel.AbstractChannelHandlerContext.fireChannelRead(AbstractChannelHandlerContext.java:324)
	at io.netty.channel.ChannelInboundHandlerAdapter.channelRead(ChannelInboundHandlerAdapter.java:86)
	at org.littleshoot.proxy.impl.ProxyConnection$ResponseReadMonitor.channelRead(ProxyConnection.java:730)
	at io.netty.channel.AbstractChannelHandlerContext.invokeChannelRead(AbstractChannelHandlerContext.java:339)
	at io.netty.channel.AbstractChannelHandlerContext.fireChannelRead(AbstractChannelHandlerContext.java:324)
	at io.netty.handler.codec.ByteToMessageDecoder.channelRead(ByteToMessageDecoder.java:242)
	at io.netty.channel.AbstractChannelHandlerContext.invokeChannelRead(AbstractChannelHandlerContext.java:339)
	at io.netty.channel.AbstractChannelHandlerContext.fireChannelRead(AbstractChannelHandlerContext.java:324)
	at io.netty.channel.ChannelInboundHandlerAdapter.channelRead(ChannelInboundHandlerAdapter.java:86)
	at org.littleshoot.proxy.impl.ProxyConnection$BytesReadMonitor.channelRead(ProxyConnection.java:684)
	at io.netty.channel.AbstractChannelHandlerContext.invokeChannelRead(AbstractChannelHandlerContext.java:339)
	at io.netty.channel.AbstractChannelHandlerContext.fireChannelRead(AbstractChannelHandlerContext.java:324)
	at io.netty.channel.DefaultChannelPipeline.fireChannelRead(DefaultChannelPipeline.java:847)
	at io.netty.channel.nio.AbstractNioByteChannel$NioByteUnsafe.read(AbstractNioByteChannel.java:131)
	at io.netty.channel.nio.NioEventLoop.processSelectedKey(NioEventLoop.java:511)
	at io.netty.channel.nio.NioEventLoop.processSelectedKeysOptimized(NioEventLoop.java:468)
	at io.netty.channel.nio.NioEventLoop.processSelectedKeys(NioEventLoop.java:382)
	at io.netty.channel.nio.NioEventLoop.run(NioEventLoop.java:354)
	at io.netty.util.concurrent.SingleThreadEventExecutor$2.run(SingleThreadEventExecutor.java:111)
	at java.lang.Thread.run(Thread.java:745)
SLF4J: Failed toString() invocation on an object of type [io.netty.handler.codec.http.HttpObjectAggregator$AggregatedFullHttpRequest]
io.netty.util.IllegalReferenceCountException: refCnt: 0
	at io.netty.buffer.DefaultByteBufHolder.content(DefaultByteBufHolder.java:39)
	at io.netty.handler.codec.http.HttpMessageUtil.appendFullCommon(HttpMessageUtil.java:79)
	at io.netty.handler.codec.http.HttpMessageUtil.appendFullRequest(HttpMessageUtil.java:55)
	at io.netty.handler.codec.http.HttpObjectAggregator$AggregatedFullHttpRequest.toString(HttpObjectAggregator.java:415)
	at org.slf4j.helpers.MessageFormatter.safeObjectAppend(MessageFormatter.java:297)
	at org.slf4j.helpers.MessageFormatter.deeplyAppendParameter(MessageFormatter.java:269)
	at org.slf4j.helpers.MessageFormatter.arrayFormat(MessageFormatter.java:227)
	at org.littleshoot.proxy.impl.ProxyConnectionLogger$LocationAwareLogggerDispatch.doLog(ProxyConnectionLogger.java:178)
	at org.littleshoot.proxy.impl.ProxyConnectionLogger.debug(ProxyConnectionLogger.java:81)
	at org.littleshoot.proxy.impl.ClientToProxyConnection.shouldCloseClientConnection(ClientToProxyConnection.java:789)
	at org.littleshoot.proxy.impl.ClientToProxyConnection.closeConnectionsAfterWriteIfNecessary(ClientToProxyConnection.java:732)
	at org.littleshoot.proxy.impl.ClientToProxyConnection.respond(ClientToProxyConnection.java:408)
	at org.littleshoot.proxy.impl.ProxyToServerConnection.respondWith(ProxyToServerConnection.java:513)
	at org.littleshoot.proxy.impl.ProxyToServerConnection.readHTTPChunk(ProxyToServerConnection.java:229)
	at org.littleshoot.proxy.impl.ProxyConnection.readHTTP(ProxyConnection.java:146)
	at org.littleshoot.proxy.impl.ProxyConnection.read(ProxyConnection.java:120)
	at org.littleshoot.proxy.impl.ProxyToServerConnection.read(ProxyToServerConnection.java:206)
	at org.littleshoot.proxy.impl.ProxyConnection.channelRead0(ProxyConnection.java:579)
	at io.netty.channel.SimpleChannelInboundHandler.channelRead(SimpleChannelInboundHandler.java:105)
	at io.netty.channel.AbstractChannelHandlerContext.invokeChannelRead(AbstractChannelHandlerContext.java:339)
	at io.netty.channel.AbstractChannelHandlerContext.fireChannelRead(AbstractChannelHandlerContext.java:324)
	at io.netty.handler.timeout.IdleStateHandler.channelRead(IdleStateHandler.java:254)
	at io.netty.channel.AbstractChannelHandlerContext.invokeChannelRead(AbstractChannelHandlerContext.java:339)
	at io.netty.channel.AbstractChannelHandlerContext.fireChannelRead(AbstractChannelHandlerContext.java:324)
	at io.netty.channel.ChannelInboundHandlerAdapter.channelRead(ChannelInboundHandlerAdapter.java:86)
	at org.littleshoot.proxy.impl.ProxyConnection$ResponseReadMonitor.channelRead(ProxyConnection.java:730)
	at io.netty.channel.AbstractChannelHandlerContext.invokeChannelRead(AbstractChannelHandlerContext.java:339)
	at io.netty.channel.AbstractChannelHandlerContext.fireChannelRead(AbstractChannelHandlerContext.java:324)
	at io.netty.handler.codec.ByteToMessageDecoder.channelRead(ByteToMessageDecoder.java:242)
	at io.netty.channel.AbstractChannelHandlerContext.invokeChannelRead(AbstractChannelHandlerContext.java:339)
	at io.netty.channel.AbstractChannelHandlerContext.fireChannelRead(AbstractChannelHandlerContext.java:324)
	at io.netty.channel.ChannelInboundHandlerAdapter.channelRead(ChannelInboundHandlerAdapter.java:86)
	at org.littleshoot.proxy.impl.ProxyConnection$BytesReadMonitor.channelRead(ProxyConnection.java:684)
	at io.netty.channel.AbstractChannelHandlerContext.invokeChannelRead(AbstractChannelHandlerContext.java:339)
	at io.netty.channel.AbstractChannelHandlerContext.fireChannelRead(AbstractChannelHandlerContext.java:324)
	at io.netty.channel.DefaultChannelPipeline.fireChannelRead(DefaultChannelPipeline.java:847)
	at io.netty.channel.nio.AbstractNioByteChannel$NioByteUnsafe.read(AbstractNioByteChannel.java:131)
	at io.netty.channel.nio.NioEventLoop.processSelectedKey(NioEventLoop.java:511)
	at io.netty.channel.nio.NioEventLoop.processSelectedKeysOptimized(NioEventLoop.java:468)
	at io.netty.channel.nio.NioEventLoop.processSelectedKeys(NioEventLoop.java:382)
	at io.netty.channel.nio.NioEventLoop.run(NioEventLoop.java:354)
	at io.netty.util.concurrent.SingleThreadEventExecutor$2.run(SingleThreadEventExecutor.java:111)
	at java.lang.Thread.run(Thread.java:745)
SLF4J: Failed toString() invocation on an object of type [io.netty.handler.codec.http.HttpObjectAggregator$AggregatedFullHttpRequest]
SLF4J: Failed toString() invocation on an object of type [io.netty.handler.codec.http.HttpObjectAggregator$AggregatedFullHttpRequest]
io.netty.util.IllegalReferenceCountException: refCnt: 0
	at io.netty.buffer.DefaultByteBufHolder.content(DefaultByteBufHolder.java:39)
	at io.netty.handler.codec.http.HttpMessageUtil.appendFullCommon(HttpMessageUtil.java:79)
	at io.netty.handler.codec.http.HttpMessageUtil.appendFullRequest(HttpMessageUtil.java:55)
	at io.netty.handler.codec.http.HttpObjectAggregator$AggregatedFullHttpRequest.toString(HttpObjectAggregator.java:415)
	at org.slf4j.helpers.MessageFormatter.safeObjectAppend(MessageFormatter.java:297)
	at org.slf4j.helpers.MessageFormatter.deeplyAppendParameter(MessageFormatter.java:269)
	at org.slf4j.helpers.MessageFormatter.arrayFormat(MessageFormatter.java:227)
	at org.littleshoot.proxy.impl.ProxyConnectionLogger$LocationAwareLogggerDispatch.doLog(ProxyConnectionLogger.java:178)
	at org.littleshoot.proxy.impl.ProxyConnectionLogger.debug(ProxyConnectionLogger.java:81)
	at org.littleshoot.proxy.impl.ClientToProxyConnection.shouldCloseClientConnection(ClientToProxyConnection.java:789)
	at org.littleshoot.proxy.impl.ClientToProxyConnection.closeConnectionsAfterWriteIfNecessary(ClientToProxyConnection.java:732)
	at org.littleshoot.proxy.impl.ClientToProxyConnection.respond(ClientToProxyConnection.java:408)
	at org.littleshoot.proxy.impl.ProxyToServerConnection.respondWith(ProxyToServerConnection.java:513)
	at org.littleshoot.proxy.impl.ProxyToServerConnection.readHTTPChunk(ProxyToServerConnection.java:229)
	at org.littleshoot.proxy.impl.ProxyConnection.readHTTP(ProxyConnection.java:146)
	at org.littleshoot.proxy.impl.ProxyConnection.read(ProxyConnection.java:120)
	at org.littleshoot.proxy.impl.ProxyToServerConnection.read(ProxyToServerConnection.java:206)
	at org.littleshoot.proxy.impl.ProxyConnection.channelRead0(ProxyConnection.java:579)
	at io.netty.channel.SimpleChannelInboundHandler.channelRead(SimpleChannelInboundHandler.java:105)
	at io.netty.channel.AbstractChannelHandlerContext.invokeChannelRead(AbstractChannelHandlerContext.java:339)
	at io.netty.channel.AbstractChannelHandlerContext.fireChannelRead(AbstractChannelHandlerContext.java:324)
	at io.netty.handler.timeout.IdleStateHandler.channelRead(IdleStateHandler.java:254)
	at io.netty.channel.AbstractChannelHandlerContext.invokeChannelRead(AbstractChannelHandlerContext.java:339)
	at io.netty.channel.AbstractChannelHandlerContext.fireChannelRead(AbstractChannelHandlerContext.java:324)
	at io.netty.channel.ChannelInboundHandlerAdapter.channelRead(ChannelInboundHandlerAdapter.java:86)
	at org.littleshoot.proxy.impl.ProxyConnection$ResponseReadMonitor.channelRead(ProxyConnection.java:730)
	at io.netty.channel.AbstractChannelHandlerContext.invokeChannelRead(AbstractChannelHandlerContext.java:339)
	at io.netty.channel.AbstractChannelHandlerContext.fireChannelRead(AbstractChannelHandlerContext.java:324)
	at io.netty.handler.codec.ByteToMessageDecoder.channelRead(ByteToMessageDecoder.java:242)
	at io.netty.channel.AbstractChannelHandlerContext.invokeChannelRead(AbstractChannelHandlerContext.java:339)
	at io.netty.channel.AbstractChannelHandlerContext.fireChannelRead(AbstractChannelHandlerContext.java:324)
	at io.netty.channel.ChannelInboundHandlerAdapter.channelRead(ChannelInboundHandlerAdapter.java:86)
	at org.littleshoot.proxy.impl.ProxyConnection$BytesReadMonitor.channelRead(ProxyConnection.java:684)
	at io.netty.channel.AbstractChannelHandlerContext.invokeChannelRead(AbstractChannelHandlerContext.java:339)
	at io.netty.channel.AbstractChannelHandlerContext.fireChannelRead(AbstractChannelHandlerContext.java:324)
	at io.netty.channel.DefaultChannelPipeline.fireChannelRead(DefaultChannelPipeline.java:847)
	at io.netty.channel.nio.AbstractNioByteChannel$NioByteUnsafe.read(AbstractNioByteChannel.java:131)
	at io.netty.channel.nio.NioEventLoop.processSelectedKey(NioEventLoop.java:511)
	at io.netty.channel.nio.NioEventLoop.processSelectedKeysOptimized(NioEventLoop.java:468)
	at io.netty.channel.nio.NioEventLoop.processSelectedKeys(NioEventLoop.java:382)
	at io.netty.channel.nio.NioEventLoop.run(NioEventLoop.java:354)
	at io.netty.util.concurrent.SingleThreadEventExecutor$2.run(SingleThreadEventExecutor.java:111)
	at java.lang.Thread.run(Thread.java:745)
io.netty.util.IllegalReferenceCountException: refCnt: 0
	at io.netty.buffer.DefaultByteBufHolder.content(DefaultByteBufHolder.java:39)
	at io.netty.handler.codec.http.HttpMessageUtil.appendFullCommon(HttpMessageUtil.java:79)
	at io.netty.handler.codec.http.HttpMessageUtil.appendFullRequest(HttpMessageUtil.java:55)
	at io.netty.handler.codec.http.HttpObjectAggregator$AggregatedFullHttpRequest.toString(HttpObjectAggregator.java:415)
	at org.slf4j.helpers.MessageFormatter.safeObjectAppend(MessageFormatter.java:297)
	at org.slf4j.helpers.MessageFormatter.deeplyAppendParameter(MessageFormatter.java:269)
	at org.slf4j.helpers.MessageFormatter.arrayFormat(MessageFormatter.java:227)
	at org.littleshoot.proxy.impl.ProxyConnectionLogger$LocationAwareLogggerDispatch.doLog(ProxyConnectionLogger.java:178)
	at org.littleshoot.proxy.impl.ProxyConnectionLogger.debug(ProxyConnectionLogger.java:81)
	at org.littleshoot.proxy.impl.ClientToProxyConnection.shouldCloseClientConnection(ClientToProxyConnection.java:789)
	at org.littleshoot.proxy.impl.ClientToProxyConnection.closeConnectionsAfterWriteIfNecessary(ClientToProxyConnection.java:732)
	at org.littleshoot.proxy.impl.ClientToProxyConnection.respond(ClientToProxyConnection.java:408)
	at org.littleshoot.proxy.impl.ProxyToServerConnection.respondWith(ProxyToServerConnection.java:513)
	at org.littleshoot.proxy.impl.ProxyToServerConnection.readHTTPChunk(ProxyToServerConnection.java:229)
	at org.littleshoot.proxy.impl.ProxyConnection.readHTTP(ProxyConnection.java:146)
	at org.littleshoot.proxy.impl.ProxyConnection.read(ProxyConnection.java:120)
	at org.littleshoot.proxy.impl.ProxyToServerConnection.read(ProxyToServerConnection.java:206)
	at org.littleshoot.proxy.impl.ProxyConnection.channelRead0(ProxyConnection.java:579)
	at io.netty.channel.SimpleChannelInboundHandler.channelRead(SimpleChannelInboundHandler.java:105)
	at io.netty.channel.AbstractChannelHandlerContext.invokeChannelRead(AbstractChannelHandlerContext.java:339)
	at io.netty.channel.AbstractChannelHandlerContext.fireChannelRead(AbstractChannelHandlerContext.java:324)
	at io.netty.handler.timeout.IdleStateHandler.channelRead(IdleStateHandler.java:254)
	at io.netty.channel.AbstractChannelHandlerContext.invokeChannelRead(AbstractChannelHandlerContext.java:339)
	at io.netty.channel.AbstractChannelHandlerContext.fireChannelRead(AbstractChannelHandlerContext.java:324)
	at io.netty.channel.ChannelInboundHandlerAdapter.channelRead(ChannelInboundHandlerAdapter.java:86)
	at org.littleshoot.proxy.impl.ProxyConnection$ResponseReadMonitor.channelRead(ProxyConnection.java:730)
	at io.netty.channel.AbstractChannelHandlerContext.invokeChannelRead(AbstractChannelHandlerContext.java:339)
	at io.netty.channel.AbstractChannelHandlerContext.fireChannelRead(AbstractChannelHandlerContext.java:324)
	at io.netty.handler.codec.ByteToMessageDecoder.channelRead(ByteToMessageDecoder.java:242)
	at io.netty.channel.AbstractChannelHandlerContext.invokeChannelRead(AbstractChannelHandlerContext.java:339)
	at io.netty.channel.AbstractChannelHandlerContext.fireChannelRead(AbstractChannelHandlerContext.java:324)
	at io.netty.channel.ChannelInboundHandlerAdapter.channelRead(ChannelInboundHandlerAdapter.java:86)
	at org.littleshoot.proxy.impl.ProxyConnection$BytesReadMonitor.channelRead(ProxyConnection.java:684)
	at io.netty.channel.AbstractChannelHandlerContext.invokeChannelRead(AbstractChannelHandlerContext.java:339)
	at io.netty.channel.AbstractChannelHandlerContext.fireChannelRead(AbstractChannelHandlerContext.java:324)
	at io.netty.channel.DefaultChannelPipeline.fireChannelRead(DefaultChannelPipeline.java:847)
	at io.netty.channel.nio.AbstractNioByteChannel$NioByteUnsafe.read(AbstractNioByteChannel.java:131)
	at io.netty.channel.nio.NioEventLoop.processSelectedKey(NioEventLoop.java:511)
	at io.netty.channel.nio.NioEventLoop.processSelectedKeysOptimized(NioEventLoop.java:468)
	at io.netty.channel.nio.NioEventLoop.processSelectedKeys(NioEventLoop.java:382)
	at io.netty.channel.nio.NioEventLoop.run(NioEventLoop.java:354)
	at io.netty.util.concurrent.SingleThreadEventExecutor$2.run(SingleThreadEventExecutor.java:111)
	at java.lang.Thread.run(Thread.java:745)
SLF4J: Failed toString() invocation on an object of type [io.netty.handler.codec.http.HttpObjectAggregator$AggregatedFullHttpRequest]
io.netty.util.IllegalReferenceCountException: refCnt: 0
	at io.netty.buffer.DefaultByteBufHolder.content(DefaultByteBufHolder.java:39)
	at io.netty.handler.codec.http.HttpMessageUtil.appendFullCommon(HttpMessageUtil.java:79)
	at io.netty.handler.codec.http.HttpMessageUtil.appendFullRequest(HttpMessageUtil.java:55)
	at io.netty.handler.codec.http.HttpObjectAggregator$AggregatedFullHttpRequest.toString(HttpObjectAggregator.java:415)
	at org.slf4j.helpers.MessageFormatter.safeObjectAppend(MessageFormatter.java:297)
	at org.slf4j.helpers.MessageFormatter.deeplyAppendParameter(MessageFormatter.java:269)
	at org.slf4j.helpers.MessageFormatter.arrayFormat(MessageFormatter.java:227)
	at org.littleshoot.proxy.impl.ProxyConnectionLogger$LocationAwareLogggerDispatch.doLog(ProxyConnectionLogger.java:178)
	at org.littleshoot.proxy.impl.ProxyConnectionLogger.debug(ProxyConnectionLogger.java:81)
	at org.littleshoot.proxy.impl.ClientToProxyConnection.shouldCloseClientConnection(ClientToProxyConnection.java:789)
	at org.littleshoot.proxy.impl.ClientToProxyConnection.closeConnectionsAfterWriteIfNecessary(ClientToProxyConnection.java:732)
	at org.littleshoot.proxy.impl.ClientToProxyConnection.respond(ClientToProxyConnection.java:408)
	at org.littleshoot.proxy.impl.ProxyToServerConnection.respondWith(ProxyToServerConnection.java:513)
	at org.littleshoot.proxy.impl.ProxyToServerConnection.readHTTPChunk(ProxyToServerConnection.java:229)
	at org.littleshoot.proxy.impl.ProxyConnection.readHTTP(ProxyConnection.java:146)
	at org.littleshoot.proxy.impl.ProxyConnection.read(ProxyConnection.java:120)
	at org.littleshoot.proxy.impl.ProxyToServerConnection.read(ProxyToServerConnection.java:206)
	at org.littleshoot.proxy.impl.ProxyConnection.channelRead0(ProxyConnection.java:579)
	at io.netty.channel.SimpleChannelInboundHandler.channelRead(SimpleChannelInboundHandler.java:105)
	at io.netty.channel.AbstractChannelHandlerContext.invokeChannelRead(AbstractChannelHandlerContext.java:339)
	at io.netty.channel.AbstractChannelHandlerContext.fireChannelRead(AbstractChannelHandlerContext.java:324)
	at io.netty.handler.timeout.IdleStateHandler.channelRead(IdleStateHandler.java:254)
	at io.netty.channel.AbstractChannelHandlerContext.invokeChannelRead(AbstractChannelHandlerContext.java:339)
	at io.netty.channel.AbstractChannelHandlerContext.fireChannelRead(AbstractChannelHandlerContext.java:324)
	at io.netty.channel.ChannelInboundHandlerAdapter.channelRead(ChannelInboundHandlerAdapter.java:86)
	at org.littleshoot.proxy.impl.ProxyConnection$ResponseReadMonitor.channelRead(ProxyConnection.java:730)
	at io.netty.channel.AbstractChannelHandlerContext.invokeChannelRead(AbstractChannelHandlerContext.java:339)
	at io.netty.channel.AbstractChannelHandlerContext.fireChannelRead(AbstractChannelHandlerContext.java:324)
	at io.netty.handler.codec.ByteToMessageDecoder.channelRead(ByteToMessageDecoder.java:242)
	at io.netty.channel.AbstractChannelHandlerContext.invokeChannelRead(AbstractChannelHandlerContext.java:339)
	at io.netty.channel.AbstractChannelHandlerContext.fireChannelRead(AbstractChannelHandlerContext.java:324)
	at io.netty.channel.ChannelInboundHandlerAdapter.channelRead(ChannelInboundHandlerAdapter.java:86)
	at org.littleshoot.proxy.impl.ProxyConnection$BytesReadMonitor.channelRead(ProxyConnection.java:684)
	at io.netty.channel.AbstractChannelHandlerContext.invokeChannelRead(AbstractChannelHandlerContext.java:339)
	at io.netty.channel.AbstractChannelHandlerContext.fireChannelRead(AbstractChannelHandlerContext.java:324)
	at io.netty.channel.DefaultChannelPipeline.fireChannelRead(DefaultChannelPipeline.java:847)
	at io.netty.channel.nio.AbstractNioByteChannel$NioByteUnsafe.read(AbstractNioByteChannel.java:131)
	at io.netty.channel.nio.NioEventLoop.processSelectedKey(NioEventLoop.java:511)
	at io.netty.channel.nio.NioEventLoop.processSelectedKeysOptimized(NioEventLoop.java:468)
	at io.netty.channel.nio.NioEventLoop.processSelectedKeys(NioEventLoop.java:382)
	at io.netty.channel.nio.NioEventLoop.run(NioEventLoop.java:354)
	at io.netty.util.concurrent.SingleThreadEventExecutor$2.run(SingleThreadEventExecutor.java:111)
	at java.lang.Thread.run(Thread.java:745)
SLF4J: Failed toString() invocation on an object of type [io.netty.handler.codec.http.HttpObjectAggregator$AggregatedFullHttpRequest]
SLF4J: Failed toString() invocation on an object of type [io.netty.handler.codec.http.HttpObjectAggregator$AggregatedFullHttpRequest]
io.netty.util.IllegalReferenceCountException: refCnt: 0
	at io.netty.buffer.DefaultByteBufHolder.content(DefaultByteBufHolder.java:39)
	at io.netty.handler.codec.http.HttpMessageUtil.appendFullCommon(HttpMessageUtil.java:79)
	at io.netty.handler.codec.http.HttpMessageUtil.appendFullRequest(HttpMessageUtil.java:55)
	at io.netty.handler.codec.http.HttpObjectAggregator$AggregatedFullHttpRequest.toString(HttpObjectAggregator.java:415)
	at org.slf4j.helpers.MessageFormatter.safeObjectAppend(MessageFormatter.java:297)
	at org.slf4j.helpers.MessageFormatter.deeplyAppendParameter(MessageFormatter.java:269)
	at org.slf4j.helpers.MessageFormatter.arrayFormat(MessageFormatter.java:227)
	at org.littleshoot.proxy.impl.ProxyConnectionLogger$LocationAwareLogggerDispatch.doLog(ProxyConnectionLogger.java:178)
	at org.littleshoot.proxy.impl.ProxyConnectionLogger.debug(ProxyConnectionLogger.java:81)
	at org.littleshoot.proxy.impl.ClientToProxyConnection.shouldCloseClientConnection(ClientToProxyConnection.java:789)
	at org.littleshoot.proxy.impl.ClientToProxyConnection.closeConnectionsAfterWriteIfNecessary(ClientToProxyConnection.java:732)
	at org.littleshoot.proxy.impl.ClientToProxyConnection.respond(ClientToProxyConnection.java:408)
	at org.littleshoot.proxy.impl.ProxyToServerConnection.respondWith(ProxyToServerConnection.java:513)
	at org.littleshoot.proxy.impl.ProxyToServerConnection.readHTTPChunk(ProxyToServerConnection.java:229)
	at org.littleshoot.proxy.impl.ProxyConnection.readHTTP(ProxyConnection.java:146)
	at org.littleshoot.proxy.impl.ProxyConnection.read(ProxyConnection.java:120)
	at org.littleshoot.proxy.impl.ProxyToServerConnection.read(ProxyToServerConnection.java:206)
	at org.littleshoot.proxy.impl.ProxyConnection.channelRead0(ProxyConnection.java:579)
	at io.netty.channel.SimpleChannelInboundHandler.channelRead(SimpleChannelInboundHandler.java:105)
	at io.netty.channel.AbstractChannelHandlerContext.invokeChannelRead(AbstractChannelHandlerContext.java:339)
	at io.netty.channel.AbstractChannelHandlerContext.fireChannelRead(AbstractChannelHandlerContext.java:324)
	at io.netty.handler.timeout.IdleStateHandler.channelRead(IdleStateHandler.java:254)
	at io.netty.channel.AbstractChannelHandlerContext.invokeChannelRead(AbstractChannelHandlerContext.java:339)
	at io.netty.channel.AbstractChannelHandlerContext.fireChannelRead(AbstractChannelHandlerContext.java:324)
	at io.netty.channel.ChannelInboundHandlerAdapter.channelRead(ChannelInboundHandlerAdapter.java:86)
	at org.littleshoot.proxy.impl.ProxyConnection$ResponseReadMonitor.channelRead(ProxyConnection.java:730)
	at io.netty.channel.AbstractChannelHandlerContext.invokeChannelRead(AbstractChannelHandlerContext.java:339)
	at io.netty.channel.AbstractChannelHandlerContext.fireChannelRead(AbstractChannelHandlerContext.java:324)
	at io.netty.handler.codec.ByteToMessageDecoder.channelRead(ByteToMessageDecoder.java:242)
	at io.netty.channel.AbstractChannelHandlerContext.invokeChannelRead(AbstractChannelHandlerContext.java:339)
	at io.netty.channel.AbstractChannelHandlerContext.fireChannelRead(AbstractChannelHandlerContext.java:324)
	at io.netty.channel.ChannelInboundHandlerAdapter.channelRead(ChannelInboundHandlerAdapter.java:86)
	at org.littleshoot.proxy.impl.ProxyConnection$BytesReadMonitor.channelRead(ProxyConnection.java:684)
	at io.netty.channel.AbstractChannelHandlerContext.invokeChannelRead(AbstractChannelHandlerContext.java:339)
	at io.netty.channel.AbstractChannelHandlerContext.fireChannelRead(AbstractChannelHandlerContext.java:324)
	at io.netty.channel.DefaultChannelPipeline.fireChannelRead(DefaultChannelPipeline.java:847)
	at io.netty.channel.nio.AbstractNioByteChannel$NioByteUnsafe.read(AbstractNioByteChannel.java:131)
	at io.netty.channel.nio.NioEventLoop.processSelectedKey(NioEventLoop.java:511)
	at io.netty.channel.nio.NioEventLoop.processSelectedKeysOptimized(NioEventLoop.java:468)
	at io.netty.channel.nio.NioEventLoop.processSelectedKeys(NioEventLoop.java:382)
	at io.netty.channel.nio.NioEventLoop.run(NioEventLoop.java:354)
	at io.netty.util.concurrent.SingleThreadEventExecutor$2.run(SingleThreadEventExecutor.java:111)
	at java.lang.Thread.run(Thread.java:745)
io.netty.util.IllegalReferenceCountException: refCnt: 0
	at io.netty.buffer.DefaultByteBufHolder.content(DefaultByteBufHolder.java:39)
	at io.netty.handler.codec.http.HttpMessageUtil.appendFullCommon(HttpMessageUtil.java:79)
	at io.netty.handler.codec.http.HttpMessageUtil.appendFullRequest(HttpMessageUtil.java:55)
	at io.netty.handler.codec.http.HttpObjectAggregator$AggregatedFullHttpRequest.toString(HttpObjectAggregator.java:415)
	at org.slf4j.helpers.MessageFormatter.safeObjectAppend(MessageFormatter.java:297)
	at org.slf4j.helpers.MessageFormatter.deeplyAppendParameter(MessageFormatter.java:269)
	at org.slf4j.helpers.MessageFormatter.arrayFormat(MessageFormatter.java:227)
	at org.littleshoot.proxy.impl.ProxyConnectionLogger$LocationAwareLogggerDispatch.doLog(ProxyConnectionLogger.java:178)
	at org.littleshoot.proxy.impl.ProxyConnectionLogger.debug(ProxyConnectionLogger.java:81)
	at org.littleshoot.proxy.impl.ClientToProxyConnection.shouldCloseClientConnection(ClientToProxyConnection.java:789)
	at org.littleshoot.proxy.impl.ClientToProxyConnection.closeConnectionsAfterWriteIfNecessary(ClientToProxyConnection.java:732)
	at org.littleshoot.proxy.impl.ClientToProxyConnection.respond(ClientToProxyConnection.java:408)
	at org.littleshoot.proxy.impl.ProxyToServerConnection.respondWith(ProxyToServerConnection.java:513)
	at org.littleshoot.proxy.impl.ProxyToServerConnection.readHTTPChunk(ProxyToServerConnection.java:229)
	at org.littleshoot.proxy.impl.ProxyConnection.readHTTP(ProxyConnection.java:146)
	at org.littleshoot.proxy.impl.ProxyConnection.read(ProxyConnection.java:120)
	at org.littleshoot.proxy.impl.ProxyToServerConnection.read(ProxyToServerConnection.java:206)
	at org.littleshoot.proxy.impl.ProxyConnection.channelRead0(ProxyConnection.java:579)
	at io.netty.channel.SimpleChannelInboundHandler.channelRead(SimpleChannelInboundHandler.java:105)
	at io.netty.channel.AbstractChannelHandlerContext.invokeChannelRead(AbstractChannelHandlerContext.java:339)
	at io.netty.channel.AbstractChannelHandlerContext.fireChannelRead(AbstractChannelHandlerContext.java:324)
	at io.netty.handler.timeout.IdleStateHandler.channelRead(IdleStateHandler.java:254)
	at io.netty.channel.AbstractChannelHandlerContext.invokeChannelRead(AbstractChannelHandlerContext.java:339)
	at io.netty.channel.AbstractChannelHandlerContext.fireChannelRead(AbstractChannelHandlerContext.java:324)
	at io.netty.channel.ChannelInboundHandlerAdapter.channelRead(ChannelInboundHandlerAdapter.java:86)
	at org.littleshoot.proxy.impl.ProxyConnection$ResponseReadMonitor.channelRead(ProxyConnection.java:730)
	at io.netty.channel.AbstractChannelHandlerContext.invokeChannelRead(AbstractChannelHandlerContext.java:339)
	at io.netty.channel.AbstractChannelHandlerContext.fireChannelRead(AbstractChannelHandlerContext.java:324)
	at io.netty.handler.codec.ByteToMessageDecoder.channelRead(ByteToMessageDecoder.java:242)
	at io.netty.channel.AbstractChannelHandlerContext.invokeChannelRead(AbstractChannelHandlerContext.java:339)
	at io.netty.channel.AbstractChannelHandlerContext.fireChannelRead(AbstractChannelHandlerContext.java:324)
	at io.netty.channel.ChannelInboundHandlerAdapter.channelRead(ChannelInboundHandlerAdapter.java:86)
	at org.littleshoot.proxy.impl.ProxyConnection$BytesReadMonitor.channelRead(ProxyConnection.java:684)
	at io.netty.channel.AbstractChannelHandlerContext.invokeChannelRead(AbstractChannelHandlerContext.java:339)
	at io.netty.channel.AbstractChannelHandlerContext.fireChannelRead(AbstractChannelHandlerContext.java:324)
	at io.netty.channel.DefaultChannelPipeline.fireChannelRead(DefaultChannelPipeline.java:847)
	at io.netty.channel.nio.AbstractNioByteChannel$NioByteUnsafe.read(AbstractNioByteChannel.java:131)
	at io.netty.channel.nio.NioEventLoop.processSelectedKey(NioEventLoop.java:511)
	at io.netty.channel.nio.NioEventLoop.processSelectedKeysOptimized(NioEventLoop.java:468)
	at io.netty.channel.nio.NioEventLoop.processSelectedKeys(NioEventLoop.java:382)
	at io.netty.channel.nio.NioEventLoop.run(NioEventLoop.java:354)
	at io.netty.util.concurrent.SingleThreadEventExecutor$2.run(SingleThreadEventExecutor.java:111)
	at java.lang.Thread.run(Thread.java:745)
SLF4J: Failed toString() invocation on an object of type [io.netty.handler.codec.http.HttpObjectAggregator$AggregatedFullHttpRequest]
io.netty.util.IllegalReferenceCountException: refCnt: 0
	at io.netty.buffer.DefaultByteBufHolder.content(DefaultByteBufHolder.java:39)
	at io.netty.handler.codec.http.HttpMessageUtil.appendFullCommon(HttpMessageUtil.java:79)
	at io.netty.handler.codec.http.HttpMessageUtil.appendFullRequest(HttpMessageUtil.java:55)
	at io.netty.handler.codec.http.HttpObjectAggregator$AggregatedFullHttpRequest.toString(HttpObjectAggregator.java:415)
	at org.slf4j.helpers.MessageFormatter.safeObjectAppend(MessageFormatter.java:297)
	at org.slf4j.helpers.MessageFormatter.deeplyAppendParameter(MessageFormatter.java:269)
	at org.slf4j.helpers.MessageFormatter.arrayFormat(MessageFormatter.java:227)
	at org.littleshoot.proxy.impl.ProxyConnectionLogger$LocationAwareLogggerDispatch.doLog(ProxyConnectionLogger.java:178)
	at org.littleshoot.proxy.impl.ProxyConnectionLogger.debug(ProxyConnectionLogger.java:81)
	at org.littleshoot.proxy.impl.ClientToProxyConnection.shouldCloseClientConnection(ClientToProxyConnection.java:789)
	at org.littleshoot.proxy.impl.ClientToProxyConnection.closeConnectionsAfterWriteIfNecessary(ClientToProxyConnection.java:732)
	at org.littleshoot.proxy.impl.ClientToProxyConnection.respond(ClientToProxyConnection.java:408)
	at org.littleshoot.proxy.impl.ProxyToServerConnection.respondWith(ProxyToServerConnection.java:513)
	at org.littleshoot.proxy.impl.ProxyToServerConnection.readHTTPChunk(ProxyToServerConnection.java:229)
	at org.littleshoot.proxy.impl.ProxyConnection.readHTTP(ProxyConnection.java:146)
	at org.littleshoot.proxy.impl.ProxyConnection.read(ProxyConnection.java:120)
	at org.littleshoot.proxy.impl.ProxyToServerConnection.read(ProxyToServerConnection.java:206)
	at org.littleshoot.proxy.impl.ProxyConnection.channelRead0(ProxyConnection.java:579)
	at io.netty.channel.SimpleChannelInboundHandler.channelRead(SimpleChannelInboundHandler.java:105)
	at io.netty.channel.AbstractChannelHandlerContext.invokeChannelRead(AbstractChannelHandlerContext.java:339)
	at io.netty.channel.AbstractChannelHandlerContext.fireChannelRead(AbstractChannelHandlerContext.java:324)
	at io.netty.handler.timeout.IdleStateHandler.channelRead(IdleStateHandler.java:254)
	at io.netty.channel.AbstractChannelHandlerContext.invokeChannelRead(AbstractChannelHandlerContext.java:339)
	at io.netty.channel.AbstractChannelHandlerContext.fireChannelRead(AbstractChannelHandlerContext.java:324)
	at io.netty.channel.ChannelInboundHandlerAdapter.channelRead(ChannelInboundHandlerAdapter.java:86)
	at org.littleshoot.proxy.impl.ProxyConnection$ResponseReadMonitor.channelRead(ProxyConnection.java:730)
	at io.netty.channel.AbstractChannelHandlerContext.invokeChannelRead(AbstractChannelHandlerContext.java:339)
	at io.netty.channel.AbstractChannelHandlerContext.fireChannelRead(AbstractChannelHandlerContext.java:324)
	at io.netty.handler.codec.ByteToMessageDecoder.channelRead(ByteToMessageDecoder.java:242)
	at io.netty.channel.AbstractChannelHandlerContext.invokeChannelRead(AbstractChannelHandlerContext.java:339)
	at io.netty.channel.AbstractChannelHandlerContext.fireChannelRead(AbstractChannelHandlerContext.java:324)
	at io.netty.channel.ChannelInboundHandlerAdapter.channelRead(ChannelInboundHandlerAdapter.java:86)
	at org.littleshoot.proxy.impl.ProxyConnection$BytesReadMonitor.channelRead(ProxyConnection.java:684)
	at io.netty.channel.AbstractChannelHandlerContext.invokeChannelRead(AbstractChannelHandlerContext.java:339)
	at io.netty.channel.AbstractChannelHandlerContext.fireChannelRead(AbstractChannelHandlerContext.java:324)
	at io.netty.channel.DefaultChannelPipeline.fireChannelRead(DefaultChannelPipeline.java:847)
	at io.netty.channel.nio.AbstractNioByteChannel$NioByteUnsafe.read(AbstractNioByteChannel.java:131)
	at io.netty.channel.nio.NioEventLoop.processSelectedKey(NioEventLoop.java:511)
	at io.netty.channel.nio.NioEventLoop.processSelectedKeysOptimized(NioEventLoop.java:468)
	at io.netty.channel.nio.NioEventLoop.processSelectedKeys(NioEventLoop.java:382)
	at io.netty.channel.nio.NioEventLoop.run(NioEventLoop.java:354)
	at io.netty.util.concurrent.SingleThreadEventExecutor$2.run(SingleThreadEventExecutor.java:111)
	at java.lang.Thread.run(Thread.java:745)
SLF4J: Failed toString() invocation on an object of type [io.netty.handler.codec.http.HttpObjectAggregator$AggregatedFullHttpRequest]
io.netty.util.IllegalReferenceCountException: refCnt: 0
	at io.netty.buffer.DefaultByteBufHolder.content(DefaultByteBufHolder.java:39)
	at io.netty.handler.codec.http.HttpMessageUtil.appendFullCommon(HttpMessageUtil.java:79)
	at io.netty.handler.codec.http.HttpMessageUtil.appendFullRequest(HttpMessageUtil.java:55)
	at io.netty.handler.codec.http.HttpObjectAggregator$AggregatedFullHttpRequest.toString(HttpObjectAggregator.java:415)
	at org.slf4j.helpers.MessageFormatter.safeObjectAppend(MessageFormatter.java:297)
	at org.slf4j.helpers.MessageFormatter.deeplyAppendParameter(MessageFormatter.java:269)
	at org.slf4j.helpers.MessageFormatter.arrayFormat(MessageFormatter.java:227)
	at org.littleshoot.proxy.impl.ProxyConnectionLogger$LocationAwareLogggerDispatch.doLog(ProxyConnectionLogger.java:178)
	at org.littleshoot.proxy.impl.ProxyConnectionLogger.debug(ProxyConnectionLogger.java:81)
	at org.littleshoot.proxy.impl.ClientToProxyConnection.shouldCloseClientConnection(ClientToProxyConnection.java:789)
	at org.littleshoot.proxy.impl.ClientToProxyConnection.closeConnectionsAfterWriteIfNecessary(ClientToProxyConnection.java:732)
	at org.littleshoot.proxy.impl.ClientToProxyConnection.respond(ClientToProxyConnection.java:408)
	at org.littleshoot.proxy.impl.ProxyToServerConnection.respondWith(ProxyToServerConnection.java:513)
	at org.littleshoot.proxy.impl.ProxyToServerConnection.readHTTPChunk(ProxyToServerConnection.java:229)
	at org.littleshoot.proxy.impl.ProxyConnection.readHTTP(ProxyConnection.java:146)
	at org.littleshoot.proxy.impl.ProxyConnection.read(ProxyConnection.java:120)
	at org.littleshoot.proxy.impl.ProxyToServerConnection.read(ProxyToServerConnection.java:206)
	at org.littleshoot.proxy.impl.ProxyConnection.channelRead0(ProxyConnection.java:579)
	at io.netty.channel.SimpleChannelInboundHandler.channelRead(SimpleChannelInboundHandler.java:105)
	at io.netty.channel.AbstractChannelHandlerContext.invokeChannelRead(AbstractChannelHandlerContext.java:339)
	at io.netty.channel.AbstractChannelHandlerContext.fireChannelRead(AbstractChannelHandlerContext.java:324)
	at io.netty.handler.timeout.IdleStateHandler.channelRead(IdleStateHandler.java:254)
	at io.netty.channel.AbstractChannelHandlerContext.invokeChannelRead(AbstractChannelHandlerContext.java:339)
	at io.netty.channel.AbstractChannelHandlerContext.fireChannelRead(AbstractChannelHandlerContext.java:324)
	at io.netty.channel.ChannelInboundHandlerAdapter.channelRead(ChannelInboundHandlerAdapter.java:86)
	at org.littleshoot.proxy.impl.ProxyConnection$ResponseReadMonitor.channelRead(ProxyConnection.java:730)
	at io.netty.channel.AbstractChannelHandlerContext.invokeChannelRead(AbstractChannelHandlerContext.java:339)
	at io.netty.channel.AbstractChannelHandlerContext.fireChannelRead(AbstractChannelHandlerContext.java:324)
	at io.netty.handler.codec.ByteToMessageDecoder.channelRead(ByteToMessageDecoder.java:242)
	at io.netty.channel.AbstractChannelHandlerContext.invokeChannelRead(AbstractChannelHandlerContext.java:339)
	at io.netty.channel.AbstractChannelHandlerContext.fireChannelRead(AbstractChannelHandlerContext.java:324)
	at io.netty.channel.ChannelInboundHandlerAdapter.channelRead(ChannelInboundHandlerAdapter.java:86)
	at org.littleshoot.proxy.impl.ProxyConnection$BytesReadMonitor.channelRead(ProxyConnection.java:684)
	at io.netty.channel.AbstractChannelHandlerContext.invokeChannelRead(AbstractChannelHandlerContext.java:339)
	at io.netty.channel.AbstractChannelHandlerContext.fireChannelRead(AbstractChannelHandlerContext.java:324)
	at io.netty.channel.DefaultChannelPipeline.fireChannelRead(DefaultChannelPipeline.java:847)
	at io.netty.channel.nio.AbstractNioByteChannel$NioByteUnsafe.read(AbstractNioByteChannel.java:131)
	at io.netty.channel.nio.NioEventLoop.processSelectedKey(NioEventLoop.java:511)
	at io.netty.channel.nio.NioEventLoop.processSelectedKeysOptimized(NioEventLoop.java:468)
	at io.netty.channel.nio.NioEventLoop.processSelectedKeys(NioEventLoop.java:382)
	at io.netty.channel.nio.NioEventLoop.run(NioEventLoop.java:354)
	at io.netty.util.concurrent.SingleThreadEventExecutor$2.run(SingleThreadEventExecutor.java:111)
	at java.lang.Thread.run(Thread.java:745)
SLF4J: Failed toString() invocation on an object of type [io.netty.handler.codec.http.HttpObjectAggregator$AggregatedFullHttpRequest]
io.netty.util.IllegalReferenceCountException: refCnt: 0
	at io.netty.buffer.DefaultByteBufHolder.content(DefaultByteBufHolder.java:39)
	at io.netty.handler.codec.http.HttpMessageUtil.appendFullCommon(HttpMessageUtil.java:79)
	at io.netty.handler.codec.http.HttpMessageUtil.appendFullRequest(HttpMessageUtil.java:55)
	at io.netty.handler.codec.http.HttpObjectAggregator$AggregatedFullHttpRequest.toString(HttpObjectAggregator.java:415)
	at org.slf4j.helpers.MessageFormatter.safeObjectAppend(MessageFormatter.java:297)
	at org.slf4j.helpers.MessageFormatter.deeplyAppendParameter(MessageFormatter.java:269)
	at org.slf4j.helpers.MessageFormatter.arrayFormat(MessageFormatter.java:227)
	at org.littleshoot.proxy.impl.ProxyConnectionLogger$LocationAwareLogggerDispatch.doLog(ProxyConnectionLogger.java:178)
	at org.littleshoot.proxy.impl.ProxyConnectionLogger.debug(ProxyConnectionLogger.java:81)
	at org.littleshoot.proxy.impl.ClientToProxyConnection.shouldCloseClientConnection(ClientToProxyConnection.java:789)
	at org.littleshoot.proxy.impl.ClientToProxyConnection.closeConnectionsAfterWriteIfNecessary(ClientToProxyConnection.java:732)
	at org.littleshoot.proxy.impl.ClientToProxyConnection.respond(ClientToProxyConnection.java:408)
	at org.littleshoot.proxy.impl.ProxyToServerConnection.respondWith(ProxyToServerConnection.java:513)
	at org.littleshoot.proxy.impl.ProxyToServerConnection.readHTTPChunk(ProxyToServerConnection.java:229)
	at org.littleshoot.proxy.impl.ProxyConnection.readHTTP(ProxyConnection.java:146)
	at org.littleshoot.proxy.impl.ProxyConnection.read(ProxyConnection.java:120)
	at org.littleshoot.proxy.impl.ProxyToServerConnection.read(ProxyToServerConnection.java:206)
	at org.littleshoot.proxy.impl.ProxyConnection.channelRead0(ProxyConnection.java:579)
	at io.netty.channel.SimpleChannelInboundHandler.channelRead(SimpleChannelInboundHandler.java:105)
	at io.netty.channel.AbstractChannelHandlerContext.invokeChannelRead(AbstractChannelHandlerContext.java:339)
	at io.netty.channel.AbstractChannelHandlerContext.fireChannelRead(AbstractChannelHandlerContext.java:324)
	at io.netty.handler.timeout.IdleStateHandler.channelRead(IdleStateHandler.java:254)
	at io.netty.channel.AbstractChannelHandlerContext.invokeChannelRead(AbstractChannelHandlerContext.java:339)
	at io.netty.channel.AbstractChannelHandlerContext.fireChannelRead(AbstractChannelHandlerContext.java:324)
	at io.netty.channel.ChannelInboundHandlerAdapter.channelRead(ChannelInboundHandlerAdapter.java:86)
	at org.littleshoot.proxy.impl.ProxyConnection$ResponseReadMonitor.channelRead(ProxyConnection.java:730)
	at io.netty.channel.AbstractChannelHandlerContext.invokeChannelRead(AbstractChannelHandlerContext.java:339)
	at io.netty.channel.AbstractChannelHandlerContext.fireChannelRead(AbstractChannelHandlerContext.java:324)
	at io.netty.handler.codec.ByteToMessageDecoder.channelRead(ByteToMessageDecoder.java:242)
	at io.netty.channel.AbstractChannelHandlerContext.invokeChannelRead(AbstractChannelHandlerContext.java:339)
	at io.netty.channel.AbstractChannelHandlerContext.fireChannelRead(AbstractChannelHandlerContext.java:324)
	at io.netty.channel.ChannelInboundHandlerAdapter.channelRead(ChannelInboundHandlerAdapter.java:86)
	at org.littleshoot.proxy.impl.ProxyConnection$BytesReadMonitor.channelRead(ProxyConnection.java:684)
	at io.netty.channel.AbstractChannelHandlerContext.invokeChannelRead(AbstractChannelHandlerContext.java:339)
	at io.netty.channel.AbstractChannelHandlerContext.fireChannelRead(AbstractChannelHandlerContext.java:324)
	at io.netty.channel.DefaultChannelPipeline.fireChannelRead(DefaultChannelPipeline.java:847)
	at io.netty.channel.nio.AbstractNioByteChannel$NioByteUnsafe.read(AbstractNioByteChannel.java:131)
	at io.netty.channel.nio.NioEventLoop.processSelectedKey(NioEventLoop.java:511)
	at io.netty.channel.nio.NioEventLoop.processSelectedKeysOptimized(NioEventLoop.java:468)
	at io.netty.channel.nio.NioEventLoop.processSelectedKeys(NioEventLoop.java:382)
	at io.netty.channel.nio.NioEventLoop.run(NioEventLoop.java:354)
	at io.netty.util.concurrent.SingleThreadEventExecutor$2.run(SingleThreadEventExecutor.java:111)
	at java.lang.Thread.run(Thread.java:745)
SLF4J: Failed toString() invocation on an object of type [io.netty.handler.codec.http.HttpObjectAggregator$AggregatedFullHttpRequest]
io.netty.util.IllegalReferenceCountException: refCnt: 0
	at io.netty.buffer.DefaultByteBufHolder.content(DefaultByteBufHolder.java:39)
	at io.netty.handler.codec.http.HttpMessageUtil.appendFullCommon(HttpMessageUtil.java:79)
	at io.netty.handler.codec.http.HttpMessageUtil.appendFullRequest(HttpMessageUtil.java:55)
	at io.netty.handler.codec.http.HttpObjectAggregator$AggregatedFullHttpRequest.toString(HttpObjectAggregator.java:415)
	at org.slf4j.helpers.MessageFormatter.safeObjectAppend(MessageFormatter.java:297)
	at org.slf4j.helpers.MessageFormatter.deeplyAppendParameter(MessageFormatter.java:269)
	at org.slf4j.helpers.MessageFormatter.arrayFormat(MessageFormatter.java:227)
	at org.littleshoot.proxy.impl.ProxyConnectionLogger$LocationAwareLogggerDispatch.doLog(ProxyConnectionLogger.java:178)
	at org.littleshoot.proxy.impl.ProxyConnectionLogger.debug(ProxyConnectionLogger.java:81)
	at org.littleshoot.proxy.impl.ClientToProxyConnection.shouldCloseClientConnection(ClientToProxyConnection.java:789)
	at org.littleshoot.proxy.impl.ClientToProxyConnection.closeConnectionsAfterWriteIfNecessary(ClientToProxyConnection.java:732)
	at org.littleshoot.proxy.impl.ClientToProxyConnection.respond(ClientToProxyConnection.java:408)
	at org.littleshoot.proxy.impl.ProxyToServerConnection.respondWith(ProxyToServerConnection.java:513)
	at org.littleshoot.proxy.impl.ProxyToServerConnection.readHTTPChunk(ProxyToServerConnection.java:229)
	at org.littleshoot.proxy.impl.ProxyConnection.readHTTP(ProxyConnection.java:146)
	at org.littleshoot.proxy.impl.ProxyConnection.read(ProxyConnection.java:120)
	at org.littleshoot.proxy.impl.ProxyToServerConnection.read(ProxyToServerConnection.java:206)
	at org.littleshoot.proxy.impl.ProxyConnection.channelRead0(ProxyConnection.java:579)
	at io.netty.channel.SimpleChannelInboundHandler.channelRead(SimpleChannelInboundHandler.java:105)
	at io.netty.channel.AbstractChannelHandlerContext.invokeChannelRead(AbstractChannelHandlerContext.java:339)
	at io.netty.channel.AbstractChannelHandlerContext.fireChannelRead(AbstractChannelHandlerContext.java:324)
	at io.netty.handler.timeout.IdleStateHandler.channelRead(IdleStateHandler.java:254)
	at io.netty.channel.AbstractChannelHandlerContext.invokeChannelRead(AbstractChannelHandlerContext.java:339)
	at io.netty.channel.AbstractChannelHandlerContext.fireChannelRead(AbstractChannelHandlerContext.java:324)
	at io.netty.channel.ChannelInboundHandlerAdapter.channelRead(ChannelInboundHandlerAdapter.java:86)
	at org.littleshoot.proxy.impl.ProxyConnection$ResponseReadMonitor.channelRead(ProxyConnection.java:730)
	at io.netty.channel.AbstractChannelHandlerContext.invokeChannelRead(AbstractChannelHandlerContext.java:339)
	at io.netty.channel.AbstractChannelHandlerContext.fireChannelRead(AbstractChannelHandlerContext.java:324)
	at io.netty.handler.codec.ByteToMessageDecoder.channelRead(ByteToMessageDecoder.java:242)
	at io.netty.channel.AbstractChannelHandlerContext.invokeChannelRead(AbstractChannelHandlerContext.java:339)
	at io.netty.channel.AbstractChannelHandlerContext.fireChannelRead(AbstractChannelHandlerContext.java:324)
	at io.netty.channel.ChannelInboundHandlerAdapter.channelRead(ChannelInboundHandlerAdapter.java:86)
	at org.littleshoot.proxy.impl.ProxyConnection$BytesReadMonitor.channelRead(ProxyConnection.java:684)
	at io.netty.channel.AbstractChannelHandlerContext.invokeChannelRead(AbstractChannelHandlerContext.java:339)
	at io.netty.channel.AbstractChannelHandlerContext.fireChannelRead(AbstractChannelHandlerContext.java:324)
	at io.netty.channel.DefaultChannelPipeline.fireChannelRead(DefaultChannelPipeline.java:847)
	at io.netty.channel.nio.AbstractNioByteChannel$NioByteUnsafe.read(AbstractNioByteChannel.java:131)
	at io.netty.channel.nio.NioEventLoop.processSelectedKey(NioEventLoop.java:511)
	at io.netty.channel.nio.NioEventLoop.processSelectedKeysOptimized(NioEventLoop.java:468)
	at io.netty.channel.nio.NioEventLoop.processSelectedKeys(NioEventLoop.java:382)
	at io.netty.channel.nio.NioEventLoop.run(NioEventLoop.java:354)
	at io.netty.util.concurrent.SingleThreadEventExecutor$2.run(SingleThreadEventExecutor.java:111)
	at java.lang.Thread.run(Thread.java:745)
SLF4J: Failed toString() invocation on an object of type [io.netty.handler.codec.http.HttpObjectAggregator$AggregatedFullHttpRequest]
io.netty.util.IllegalReferenceCountException: refCnt: 0
	at io.netty.buffer.DefaultByteBufHolder.content(DefaultByteBufHolder.java:39)
	at io.netty.handler.codec.http.HttpMessageUtil.appendFullCommon(HttpMessageUtil.java:79)
	at io.netty.handler.codec.http.HttpMessageUtil.appendFullRequest(HttpMessageUtil.java:55)
	at io.netty.handler.codec.http.HttpObjectAggregator$AggregatedFullHttpRequest.toString(HttpObjectAggregator.java:415)
	at org.slf4j.helpers.MessageFormatter.safeObjectAppend(MessageFormatter.java:297)
	at org.slf4j.helpers.MessageFormatter.deeplyAppendParameter(MessageFormatter.java:269)
	at org.slf4j.helpers.MessageFormatter.arrayFormat(MessageFormatter.java:227)
	at org.littleshoot.proxy.impl.ProxyConnectionLogger$LocationAwareLogggerDispatch.doLog(ProxyConnectionLogger.java:178)
	at org.littleshoot.proxy.impl.ProxyConnectionLogger.debug(ProxyConnectionLogger.java:81)
	at org.littleshoot.proxy.impl.ClientToProxyConnection.shouldCloseClientConnection(ClientToProxyConnection.java:789)
	at org.littleshoot.proxy.impl.ClientToProxyConnection.closeConnectionsAfterWriteIfNecessary(ClientToProxyConnection.java:732)
	at org.littleshoot.proxy.impl.ClientToProxyConnection.respond(ClientToProxyConnection.java:408)
	at org.littleshoot.proxy.impl.ProxyToServerConnection.respondWith(ProxyToServerConnection.java:513)
	at org.littleshoot.proxy.impl.ProxyToServerConnection.readHTTPChunk(ProxyToServerConnection.java:229)
	at org.littleshoot.proxy.impl.ProxyConnection.readHTTP(ProxyConnection.java:146)
	at org.littleshoot.proxy.impl.ProxyConnection.read(ProxyConnection.java:120)
	at org.littleshoot.proxy.impl.ProxyToServerConnection.read(ProxyToServerConnection.java:206)
	at org.littleshoot.proxy.impl.ProxyConnection.channelRead0(ProxyConnection.java:579)
	at io.netty.channel.SimpleChannelInboundHandler.channelRead(SimpleChannelInboundHandler.java:105)
	at io.netty.channel.AbstractChannelHandlerContext.invokeChannelRead(AbstractChannelHandlerContext.java:339)
	at io.netty.channel.AbstractChannelHandlerContext.fireChannelRead(AbstractChannelHandlerContext.java:324)
	at io.netty.handler.timeout.IdleStateHandler.channelRead(IdleStateHandler.java:254)
	at io.netty.channel.AbstractChannelHandlerContext.invokeChannelRead(AbstractChannelHandlerContext.java:339)
	at io.netty.channel.AbstractChannelHandlerContext.fireChannelRead(AbstractChannelHandlerContext.java:324)
	at io.netty.channel.ChannelInboundHandlerAdapter.channelRead(ChannelInboundHandlerAdapter.java:86)
	at org.littleshoot.proxy.impl.ProxyConnection$ResponseReadMonitor.channelRead(ProxyConnection.java:730)
	at io.netty.channel.AbstractChannelHandlerContext.invokeChannelRead(AbstractChannelHandlerContext.java:339)
	at io.netty.channel.AbstractChannelHandlerContext.fireChannelRead(AbstractChannelHandlerContext.java:324)
	at io.netty.handler.codec.ByteToMessageDecoder.channelRead(ByteToMessageDecoder.java:242)
	at io.netty.channel.AbstractChannelHandlerContext.invokeChannelRead(AbstractChannelHandlerContext.java:339)
	at io.netty.channel.AbstractChannelHandlerContext.fireChannelRead(AbstractChannelHandlerContext.java:324)
	at io.netty.channel.ChannelInboundHandlerAdapter.channelRead(ChannelInboundHandlerAdapter.java:86)
	at org.littleshoot.proxy.impl.ProxyConnection$BytesReadMonitor.channelRead(ProxyConnection.java:684)
	at io.netty.channel.AbstractChannelHandlerContext.invokeChannelRead(AbstractChannelHandlerContext.java:339)
	at io.netty.channel.AbstractChannelHandlerContext.fireChannelRead(AbstractChannelHandlerContext.java:324)
	at io.netty.channel.DefaultChannelPipeline.fireChannelRead(DefaultChannelPipeline.java:847)
	at io.netty.channel.nio.AbstractNioByteChannel$NioByteUnsafe.read(AbstractNioByteChannel.java:131)
	at io.netty.channel.nio.NioEventLoop.processSelectedKey(NioEventLoop.java:511)
	at io.netty.channel.nio.NioEventLoop.processSelectedKeysOptimized(NioEventLoop.java:468)
	at io.netty.channel.nio.NioEventLoop.processSelectedKeys(NioEventLoop.java:382)
	at io.netty.channel.nio.NioEventLoop.run(NioEventLoop.java:354)
	at io.netty.util.concurrent.SingleThreadEventExecutor$2.run(SingleThreadEventExecutor.java:111)
	at java.lang.Thread.run(Thread.java:745)
SLF4J: Failed toString() invocation on an object of type [io.netty.handler.codec.http.HttpObjectAggregator$AggregatedFullHttpRequest]
io.netty.util.IllegalReferenceCountException: refCnt: 0
	at io.netty.buffer.DefaultByteBufHolder.content(DefaultByteBufHolder.java:39)
	at io.netty.handler.codec.http.HttpMessageUtil.appendFullCommon(HttpMessageUtil.java:79)
	at io.netty.handler.codec.http.HttpMessageUtil.appendFullRequest(HttpMessageUtil.java:55)
	at io.netty.handler.codec.http.HttpObjectAggregator$AggregatedFullHttpRequest.toString(HttpObjectAggregator.java:415)
	at org.slf4j.helpers.MessageFormatter.safeObjectAppend(MessageFormatter.java:297)
	at org.slf4j.helpers.MessageFormatter.deeplyAppendParameter(MessageFormatter.java:269)
	at org.slf4j.helpers.MessageFormatter.arrayFormat(MessageFormatter.java:227)
	at org.littleshoot.proxy.impl.ProxyConnectionLogger$LocationAwareLogggerDispatch.doLog(ProxyConnectionLogger.java:178)
	at org.littleshoot.proxy.impl.ProxyConnectionLogger.debug(ProxyConnectionLogger.java:81)
	at org.littleshoot.proxy.impl.ClientToProxyConnection.shouldCloseClientConnection(ClientToProxyConnection.java:789)
	at org.littleshoot.proxy.impl.ClientToProxyConnection.closeConnectionsAfterWriteIfNecessary(ClientToProxyConnection.java:732)
	at org.littleshoot.proxy.impl.ClientToProxyConnection.respond(ClientToProxyConnection.java:408)
	at org.littleshoot.proxy.impl.ProxyToServerConnection.respondWith(ProxyToServerConnection.java:513)
	at org.littleshoot.proxy.impl.ProxyToServerConnection.readHTTPChunk(ProxyToServerConnection.java:229)
	at org.littleshoot.proxy.impl.ProxyConnection.readHTTP(ProxyConnection.java:146)
	at org.littleshoot.proxy.impl.ProxyConnection.read(ProxyConnection.java:120)
	at org.littleshoot.proxy.impl.ProxyToServerConnection.read(ProxyToServerConnection.java:206)
	at org.littleshoot.proxy.impl.ProxyConnection.channelRead0(ProxyConnection.java:579)
	at io.netty.channel.SimpleChannelInboundHandler.channelRead(SimpleChannelInboundHandler.java:105)
	at io.netty.channel.AbstractChannelHandlerContext.invokeChannelRead(AbstractChannelHandlerContext.java:339)
	at io.netty.channel.AbstractChannelHandlerContext.fireChannelRead(AbstractChannelHandlerContext.java:324)
	at io.netty.handler.timeout.IdleStateHandler.channelRead(IdleStateHandler.java:254)
	at io.netty.channel.AbstractChannelHandlerContext.invokeChannelRead(AbstractChannelHandlerContext.java:339)
	at io.netty.channel.AbstractChannelHandlerContext.fireChannelRead(AbstractChannelHandlerContext.java:324)
	at io.netty.channel.ChannelInboundHandlerAdapter.channelRead(ChannelInboundHandlerAdapter.java:86)
	at org.littleshoot.proxy.impl.ProxyConnection$ResponseReadMonitor.channelRead(ProxyConnection.java:730)
	at io.netty.channel.AbstractChannelHandlerContext.invokeChannelRead(AbstractChannelHandlerContext.java:339)
	at io.netty.channel.AbstractChannelHandlerContext.fireChannelRead(AbstractChannelHandlerContext.java:324)
	at io.netty.handler.codec.ByteToMessageDecoder.channelRead(ByteToMessageDecoder.java:242)
	at io.netty.channel.AbstractChannelHandlerContext.invokeChannelRead(AbstractChannelHandlerContext.java:339)
	at io.netty.channel.AbstractChannelHandlerContext.fireChannelRead(AbstractChannelHandlerContext.java:324)
	at io.netty.channel.ChannelInboundHandlerAdapter.channelRead(ChannelInboundHandlerAdapter.java:86)
	at org.littleshoot.proxy.impl.ProxyConnection$BytesReadMonitor.channelRead(ProxyConnection.java:684)
	at io.netty.channel.AbstractChannelHandlerContext.invokeChannelRead(AbstractChannelHandlerContext.java:339)
	at io.netty.channel.AbstractChannelHandlerContext.fireChannelRead(AbstractChannelHandlerContext.java:324)
	at io.netty.channel.DefaultChannelPipeline.fireChannelRead(DefaultChannelPipeline.java:847)
	at io.netty.channel.nio.AbstractNioByteChannel$NioByteUnsafe.read(AbstractNioByteChannel.java:131)
	at io.netty.channel.nio.NioEventLoop.processSelectedKey(NioEventLoop.java:511)
	at io.netty.channel.nio.NioEventLoop.processSelectedKeysOptimized(NioEventLoop.java:468)
	at io.netty.channel.nio.NioEventLoop.processSelectedKeys(NioEventLoop.java:382)
	at io.netty.channel.nio.NioEventLoop.run(NioEventLoop.java:354)
	at io.netty.util.concurrent.SingleThreadEventExecutor$2.run(SingleThreadEventExecutor.java:111)
	at java.lang.Thread.run(Thread.java:745)
SLF4J: Failed toString() invocation on an object of type [io.netty.handler.codec.http.HttpObjectAggregator$AggregatedFullHttpRequest]
io.netty.util.IllegalReferenceCountException: refCnt: 0
	at io.netty.buffer.DefaultByteBufHolder.content(DefaultByteBufHolder.java:39)
	at io.netty.handler.codec.http.HttpMessageUtil.appendFullCommon(HttpMessageUtil.java:79)
	at io.netty.handler.codec.http.HttpMessageUtil.appendFullRequest(HttpMessageUtil.java:55)
	at io.netty.handler.codec.http.HttpObjectAggregator$AggregatedFullHttpRequest.toString(HttpObjectAggregator.java:415)
	at org.slf4j.helpers.MessageFormatter.safeObjectAppend(MessageFormatter.java:297)
	at org.slf4j.helpers.MessageFormatter.deeplyAppendParameter(MessageFormatter.java:269)
	at org.slf4j.helpers.MessageFormatter.arrayFormat(MessageFormatter.java:227)
	at org.littleshoot.proxy.impl.ProxyConnectionLogger$LocationAwareLogggerDispatch.doLog(ProxyConnectionLogger.java:178)
	at org.littleshoot.proxy.impl.ProxyConnectionLogger.debug(ProxyConnectionLogger.java:81)
	at org.littleshoot.proxy.impl.ClientToProxyConnection.shouldCloseClientConnection(ClientToProxyConnection.java:789)
	at org.littleshoot.proxy.impl.ClientToProxyConnection.closeConnectionsAfterWriteIfNecessary(ClientToProxyConnection.java:732)
	at org.littleshoot.proxy.impl.ClientToProxyConnection.respond(ClientToProxyConnection.java:408)
	at org.littleshoot.proxy.impl.ProxyToServerConnection.respondWith(ProxyToServerConnection.java:513)
	at org.littleshoot.proxy.impl.ProxyToServerConnection.readHTTPChunk(ProxyToServerConnection.java:229)
	at org.littleshoot.proxy.impl.ProxyConnection.readHTTP(ProxyConnection.java:146)
	at org.littleshoot.proxy.impl.ProxyConnection.read(ProxyConnection.java:120)
	at org.littleshoot.proxy.impl.ProxyToServerConnection.read(ProxyToServerConnection.java:206)
	at org.littleshoot.proxy.impl.ProxyConnection.channelRead0(ProxyConnection.java:579)
	at io.netty.channel.SimpleChannelInboundHandler.channelRead(SimpleChannelInboundHandler.java:105)
	at io.netty.channel.AbstractChannelHandlerContext.invokeChannelRead(AbstractChannelHandlerContext.java:339)
	at io.netty.channel.AbstractChannelHandlerContext.fireChannelRead(AbstractChannelHandlerContext.java:324)
	at io.netty.handler.timeout.IdleStateHandler.channelRead(IdleStateHandler.java:254)
	at io.netty.channel.AbstractChannelHandlerContext.invokeChannelRead(AbstractChannelHandlerContext.java:339)
	at io.netty.channel.AbstractChannelHandlerContext.fireChannelRead(AbstractChannelHandlerContext.java:324)
	at io.netty.channel.ChannelInboundHandlerAdapter.channelRead(ChannelInboundHandlerAdapter.java:86)
	at org.littleshoot.proxy.impl.ProxyConnection$ResponseReadMonitor.channelRead(ProxyConnection.java:730)
	at io.netty.channel.AbstractChannelHandlerContext.invokeChannelRead(AbstractChannelHandlerContext.java:339)
	at io.netty.channel.AbstractChannelHandlerContext.fireChannelRead(AbstractChannelHandlerContext.java:324)
	at io.netty.handler.codec.ByteToMessageDecoder.channelRead(ByteToMessageDecoder.java:242)
	at io.netty.channel.AbstractChannelHandlerContext.invokeChannelRead(AbstractChannelHandlerContext.java:339)
	at io.netty.channel.AbstractChannelHandlerContext.fireChannelRead(AbstractChannelHandlerContext.java:324)
	at io.netty.channel.ChannelInboundHandlerAdapter.channelRead(ChannelInboundHandlerAdapter.java:86)
	at org.littleshoot.proxy.impl.ProxyConnection$BytesReadMonitor.channelRead(ProxyConnection.java:684)
	at io.netty.channel.AbstractChannelHandlerContext.invokeChannelRead(AbstractChannelHandlerContext.java:339)
	at io.netty.channel.AbstractChannelHandlerContext.fireChannelRead(AbstractChannelHandlerContext.java:324)
	at io.netty.channel.DefaultChannelPipeline.fireChannelRead(DefaultChannelPipeline.java:847)
	at io.netty.channel.nio.AbstractNioByteChannel$NioByteUnsafe.read(AbstractNioByteChannel.java:131)
	at io.netty.channel.nio.NioEventLoop.processSelectedKey(NioEventLoop.java:511)
	at io.netty.channel.nio.NioEventLoop.processSelectedKeysOptimized(NioEventLoop.java:468)
	at io.netty.channel.nio.NioEventLoop.processSelectedKeys(NioEventLoop.java:382)
	at io.netty.channel.nio.NioEventLoop.run(NioEventLoop.java:354)
	at io.netty.util.concurrent.SingleThreadEventExecutor$2.run(SingleThreadEventExecutor.java:111)
	at java.lang.Thread.run(Thread.java:745)
SLF4J: Failed toString() invocation on an object of type [io.netty.handler.codec.http.HttpObjectAggregator$AggregatedFullHttpRequest]
io.netty.util.IllegalReferenceCountException: refCnt: 0
	at io.netty.buffer.DefaultByteBufHolder.content(DefaultByteBufHolder.java:39)
	at io.netty.handler.codec.http.HttpMessageUtil.appendFullCommon(HttpMessageUtil.java:79)
	at io.netty.handler.codec.http.HttpMessageUtil.appendFullRequest(HttpMessageUtil.java:55)
	at io.netty.handler.codec.http.HttpObjectAggregator$AggregatedFullHttpRequest.toString(HttpObjectAggregator.java:415)
	at org.slf4j.helpers.MessageFormatter.safeObjectAppend(MessageFormatter.java:297)
	at org.slf4j.helpers.MessageFormatter.deeplyAppendParameter(MessageFormatter.java:269)
	at org.slf4j.helpers.MessageFormatter.arrayFormat(MessageFormatter.java:227)
	at org.littleshoot.proxy.impl.ProxyConnectionLogger$LocationAwareLogggerDispatch.doLog(ProxyConnectionLogger.java:178)
	at org.littleshoot.proxy.impl.ProxyConnectionLogger.debug(ProxyConnectionLogger.java:81)
	at org.littleshoot.proxy.impl.ClientToProxyConnection.shouldCloseClientConnection(ClientToProxyConnection.java:789)
	at org.littleshoot.proxy.impl.ClientToProxyConnection.closeConnectionsAfterWriteIfNecessary(ClientToProxyConnection.java:732)
	at org.littleshoot.proxy.impl.ClientToProxyConnection.respond(ClientToProxyConnection.java:408)
	at org.littleshoot.proxy.impl.ProxyToServerConnection.respondWith(ProxyToServerConnection.java:513)
	at org.littleshoot.proxy.impl.ProxyToServerConnection.readHTTPChunk(ProxyToServerConnection.java:229)
	at org.littleshoot.proxy.impl.ProxyConnection.readHTTP(ProxyConnection.java:146)
	at org.littleshoot.proxy.impl.ProxyConnection.read(ProxyConnection.java:120)
	at org.littleshoot.proxy.impl.ProxyToServerConnection.read(ProxyToServerConnection.java:206)
	at org.littleshoot.proxy.impl.ProxyConnection.channelRead0(ProxyConnection.java:579)
	at io.netty.channel.SimpleChannelInboundHandler.channelRead(SimpleChannelInboundHandler.java:105)
	at io.netty.channel.AbstractChannelHandlerContext.invokeChannelRead(AbstractChannelHandlerContext.java:339)
	at io.netty.channel.AbstractChannelHandlerContext.fireChannelRead(AbstractChannelHandlerContext.java:324)
	at io.netty.handler.timeout.IdleStateHandler.channelRead(IdleStateHandler.java:254)
	at io.netty.channel.AbstractChannelHandlerContext.invokeChannelRead(AbstractChannelHandlerContext.java:339)
	at io.netty.channel.AbstractChannelHandlerContext.fireChannelRead(AbstractChannelHandlerContext.java:324)
	at io.netty.channel.ChannelInboundHandlerAdapter.channelRead(ChannelInboundHandlerAdapter.java:86)
	at org.littleshoot.proxy.impl.ProxyConnection$ResponseReadMonitor.channelRead(ProxyConnection.java:730)
	at io.netty.channel.AbstractChannelHandlerContext.invokeChannelRead(AbstractChannelHandlerContext.java:339)
	at io.netty.channel.AbstractChannelHandlerContext.fireChannelRead(AbstractChannelHandlerContext.java:324)
	at io.netty.handler.codec.ByteToMessageDecoder.channelRead(ByteToMessageDecoder.java:242)
	at io.netty.channel.AbstractChannelHandlerContext.invokeChannelRead(AbstractChannelHandlerContext.java:339)
	at io.netty.channel.AbstractChannelHandlerContext.fireChannelRead(AbstractChannelHandlerContext.java:324)
	at io.netty.channel.ChannelInboundHandlerAdapter.channelRead(ChannelInboundHandlerAdapter.java:86)
	at org.littleshoot.proxy.impl.ProxyConnection$BytesReadMonitor.channelRead(ProxyConnection.java:684)
	at io.netty.channel.AbstractChannelHandlerContext.invokeChannelRead(AbstractChannelHandlerContext.java:339)
	at io.netty.channel.AbstractChannelHandlerContext.fireChannelRead(AbstractChannelHandlerContext.java:324)
	at io.netty.channel.DefaultChannelPipeline.fireChannelRead(DefaultChannelPipeline.java:847)
	at io.netty.channel.nio.AbstractNioByteChannel$NioByteUnsafe.read(AbstractNioByteChannel.java:131)
	at io.netty.channel.nio.NioEventLoop.processSelectedKey(NioEventLoop.java:511)
	at io.netty.channel.nio.NioEventLoop.processSelectedKeysOptimized(NioEventLoop.java:468)
	at io.netty.channel.nio.NioEventLoop.processSelectedKeys(NioEventLoop.java:382)
	at io.netty.channel.nio.NioEventLoop.run(NioEventLoop.java:354)
	at io.netty.util.concurrent.SingleThreadEventExecutor$2.run(SingleThreadEventExecutor.java:111)
	at java.lang.Thread.run(Thread.java:745)
SLF4J: Failed toString() invocation on an object of type [io.netty.handler.codec.http.HttpObjectAggregator$AggregatedFullHttpRequest]
SLF4J: Failed toString() invocation on an object of type [io.netty.handler.codec.http.HttpObjectAggregator$AggregatedFullHttpRequest]
io.netty.util.IllegalReferenceCountException: refCnt: 0
	at io.netty.buffer.DefaultByteBufHolder.content(DefaultByteBufHolder.java:39)
	at io.netty.handler.codec.http.HttpMessageUtil.appendFullCommon(HttpMessageUtil.java:79)
	at io.netty.handler.codec.http.HttpMessageUtil.appendFullRequest(HttpMessageUtil.java:55)
	at io.netty.handler.codec.http.HttpObjectAggregator$AggregatedFullHttpRequest.toString(HttpObjectAggregator.java:415)
	at org.slf4j.helpers.MessageFormatter.safeObjectAppend(MessageFormatter.java:297)
	at org.slf4j.helpers.MessageFormatter.deeplyAppendParameter(MessageFormatter.java:269)
	at org.slf4j.helpers.MessageFormatter.arrayFormat(MessageFormatter.java:227)
	at org.littleshoot.proxy.impl.ProxyConnectionLogger$LocationAwareLogggerDispatch.doLog(ProxyConnectionLogger.java:178)
	at org.littleshoot.proxy.impl.ProxyConnectionLogger.debug(ProxyConnectionLogger.java:81)
	at org.littleshoot.proxy.impl.ClientToProxyConnection.shouldCloseClientConnection(ClientToProxyConnection.java:789)
	at org.littleshoot.proxy.impl.ClientToProxyConnection.closeConnectionsAfterWriteIfNecessary(ClientToProxyConnection.java:732)
	at org.littleshoot.proxy.impl.ClientToProxyConnection.respond(ClientToProxyConnection.java:408)
	at org.littleshoot.proxy.impl.ProxyToServerConnection.respondWith(ProxyToServerConnection.java:513)
	at org.littleshoot.proxy.impl.ProxyToServerConnection.readHTTPChunk(ProxyToServerConnection.java:229)
	at org.littleshoot.proxy.impl.ProxyConnection.readHTTP(ProxyConnection.java:146)
	at org.littleshoot.proxy.impl.ProxyConnection.read(ProxyConnection.java:120)
	at org.littleshoot.proxy.impl.ProxyToServerConnection.read(ProxyToServerConnection.java:206)
	at org.littleshoot.proxy.impl.ProxyConnection.channelRead0(ProxyConnection.java:579)
	at io.netty.channel.SimpleChannelInboundHandler.channelRead(SimpleChannelInboundHandler.java:105)
	at io.netty.channel.AbstractChannelHandlerContext.invokeChannelRead(AbstractChannelHandlerContext.java:339)
	at io.netty.channel.AbstractChannelHandlerContext.fireChannelRead(AbstractChannelHandlerContext.java:324)
	at io.netty.handler.timeout.IdleStateHandler.channelRead(IdleStateHandler.java:254)
	at io.netty.channel.AbstractChannelHandlerContext.invokeChannelRead(AbstractChannelHandlerContext.java:339)
	at io.netty.channel.AbstractChannelHandlerContext.fireChannelRead(AbstractChannelHandlerContext.java:324)
	at io.netty.channel.ChannelInboundHandlerAdapter.channelRead(ChannelInboundHandlerAdapter.java:86)
	at org.littleshoot.proxy.impl.ProxyConnection$ResponseReadMonitor.channelRead(ProxyConnection.java:730)
	at io.netty.channel.AbstractChannelHandlerContext.invokeChannelRead(AbstractChannelHandlerContext.java:339)
	at io.netty.channel.AbstractChannelHandlerContext.fireChannelRead(AbstractChannelHandlerContext.java:324)
	at io.netty.handler.codec.ByteToMessageDecoder.channelRead(ByteToMessageDecoder.java:242)
	at io.netty.channel.AbstractChannelHandlerContext.invokeChannelRead(AbstractChannelHandlerContext.java:339)
	at io.netty.channel.AbstractChannelHandlerContext.fireChannelRead(AbstractChannelHandlerContext.java:324)
	at io.netty.channel.ChannelInboundHandlerAdapter.channelRead(ChannelInboundHandlerAdapter.java:86)
	at org.littleshoot.proxy.impl.ProxyConnection$BytesReadMonitor.channelRead(ProxyConnection.java:684)
	at io.netty.channel.AbstractChannelHandlerContext.invokeChannelRead(AbstractChannelHandlerContext.java:339)
	at io.netty.channel.AbstractChannelHandlerContext.fireChannelRead(AbstractChannelHandlerContext.java:324)
	at io.netty.channel.DefaultChannelPipeline.fireChannelRead(DefaultChannelPipeline.java:847)
	at io.netty.channel.nio.AbstractNioByteChannel$NioByteUnsafe.read(AbstractNioByteChannel.java:131)
	at io.netty.channel.nio.NioEventLoop.processSelectedKey(NioEventLoop.java:511)
	at io.netty.channel.nio.NioEventLoop.processSelectedKeysOptimized(NioEventLoop.java:468)
	at io.netty.channel.nio.NioEventLoop.processSelectedKeys(NioEventLoop.java:382)
	at io.netty.channel.nio.NioEventLoop.run(NioEventLoop.java:354)
	at io.netty.util.concurrent.SingleThreadEventExecutor$2.run(SingleThreadEventExecutor.java:111)
	at java.lang.Thread.run(Thread.java:745)
io.netty.util.IllegalReferenceCountException: refCnt: 0
	at io.netty.buffer.DefaultByteBufHolder.content(DefaultByteBufHolder.java:39)
	at io.netty.handler.codec.http.HttpMessageUtil.appendFullCommon(HttpMessageUtil.java:79)
	at io.netty.handler.codec.http.HttpMessageUtil.appendFullRequest(HttpMessageUtil.java:55)
	at io.netty.handler.codec.http.HttpObjectAggregator$AggregatedFullHttpRequest.toString(HttpObjectAggregator.java:415)
	at org.slf4j.helpers.MessageFormatter.safeObjectAppend(MessageFormatter.java:297)
	at org.slf4j.helpers.MessageFormatter.deeplyAppendParameter(MessageFormatter.java:269)
	at org.slf4j.helpers.MessageFormatter.arrayFormat(MessageFormatter.java:227)
	at org.littleshoot.proxy.impl.ProxyConnectionLogger$LocationAwareLogggerDispatch.doLog(ProxyConnectionLogger.java:178)
	at org.littleshoot.proxy.impl.ProxyConnectionLogger.debug(ProxyConnectionLogger.java:81)
	at org.littleshoot.proxy.impl.ClientToProxyConnection.shouldCloseClientConnection(ClientToProxyConnection.java:789)
	at org.littleshoot.proxy.impl.ClientToProxyConnection.closeConnectionsAfterWriteIfNecessary(ClientToProxyConnection.java:732)
	at org.littleshoot.proxy.impl.ClientToProxyConnection.respond(ClientToProxyConnection.java:408)
	at org.littleshoot.proxy.impl.ProxyToServerConnection.respondWith(ProxyToServerConnection.java:513)
	at org.littleshoot.proxy.impl.ProxyToServerConnection.readHTTPChunk(ProxyToServerConnection.java:229)
	at org.littleshoot.proxy.impl.ProxyConnection.readHTTP(ProxyConnection.java:146)
	at org.littleshoot.proxy.impl.ProxyConnection.read(ProxyConnection.java:120)
	at org.littleshoot.proxy.impl.ProxyToServerConnection.read(ProxyToServerConnection.java:206)
	at org.littleshoot.proxy.impl.ProxyConnection.channelRead0(ProxyConnection.java:579)
	at io.netty.channel.SimpleChannelInboundHandler.channelRead(SimpleChannelInboundHandler.java:105)
	at io.netty.channel.AbstractChannelHandlerContext.invokeChannelRead(AbstractChannelHandlerContext.java:339)
	at io.netty.channel.AbstractChannelHandlerContext.fireChannelRead(AbstractChannelHandlerContext.java:324)
	at io.netty.handler.timeout.IdleStateHandler.channelRead(IdleStateHandler.java:254)
	at io.netty.channel.AbstractChannelHandlerContext.invokeChannelRead(AbstractChannelHandlerContext.java:339)
	at io.netty.channel.AbstractChannelHandlerContext.fireChannelRead(AbstractChannelHandlerContext.java:324)
	at io.netty.channel.ChannelInboundHandlerAdapter.channelRead(ChannelInboundHandlerAdapter.java:86)
	at org.littleshoot.proxy.impl.ProxyConnection$ResponseReadMonitor.channelRead(ProxyConnection.java:730)
	at io.netty.channel.AbstractChannelHandlerContext.invokeChannelRead(AbstractChannelHandlerContext.java:339)
	at io.netty.channel.AbstractChannelHandlerContext.fireChannelRead(AbstractChannelHandlerContext.java:324)
	at io.netty.handler.codec.ByteToMessageDecoder.channelRead(ByteToMessageDecoder.java:242)
	at io.netty.channel.AbstractChannelHandlerContext.invokeChannelRead(AbstractChannelHandlerContext.java:339)
	at io.netty.channel.AbstractChannelHandlerContext.fireChannelRead(AbstractChannelHandlerContext.java:324)
	at io.netty.channel.ChannelInboundHandlerAdapter.channelRead(ChannelInboundHandlerAdapter.java:86)
	at org.littleshoot.proxy.impl.ProxyConnection$BytesReadMonitor.channelRead(ProxyConnection.java:684)
	at io.netty.channel.AbstractChannelHandlerContext.invokeChannelRead(AbstractChannelHandlerContext.java:339)
	at io.netty.channel.AbstractChannelHandlerContext.fireChannelRead(AbstractChannelHandlerContext.java:324)
	at io.netty.channel.DefaultChannelPipeline.fireChannelRead(DefaultChannelPipeline.java:847)
	at io.netty.channel.nio.AbstractNioByteChannel$NioByteUnsafe.read(AbstractNioByteChannel.java:131)
	at io.netty.channel.nio.NioEventLoop.processSelectedKey(NioEventLoop.java:511)
	at io.netty.channel.nio.NioEventLoop.processSelectedKeysOptimized(NioEventLoop.java:468)
	at io.netty.channel.nio.NioEventLoop.processSelectedKeys(NioEventLoop.java:382)
	at io.netty.channel.nio.NioEventLoop.run(NioEventLoop.java:354)
	at io.netty.util.concurrent.SingleThreadEventExecutor$2.run(SingleThreadEventExecutor.java:111)
	at java.lang.Thread.run(Thread.java:745)
SLF4J: Failed toString() invocation on an object of type [io.netty.handler.codec.http.HttpObjectAggregator$AggregatedFullHttpRequest]
io.netty.util.IllegalReferenceCountException: refCnt: 0
	at io.netty.buffer.DefaultByteBufHolder.content(DefaultByteBufHolder.java:39)
	at io.netty.handler.codec.http.HttpMessageUtil.appendFullCommon(HttpMessageUtil.java:79)
	at io.netty.handler.codec.http.HttpMessageUtil.appendFullRequest(HttpMessageUtil.java:55)
	at io.netty.handler.codec.http.HttpObjectAggregator$AggregatedFullHttpRequest.toString(HttpObjectAggregator.java:415)
	at org.slf4j.helpers.MessageFormatter.safeObjectAppend(MessageFormatter.java:297)
	at org.slf4j.helpers.MessageFormatter.deeplyAppendParameter(MessageFormatter.java:269)
	at org.slf4j.helpers.MessageFormatter.arrayFormat(MessageFormatter.java:227)
	at org.littleshoot.proxy.impl.ProxyConnectionLogger$LocationAwareLogggerDispatch.doLog(ProxyConnectionLogger.java:178)
	at org.littleshoot.proxy.impl.ProxyConnectionLogger.debug(ProxyConnectionLogger.java:81)
	at org.littleshoot.proxy.impl.ClientToProxyConnection.shouldCloseClientConnection(ClientToProxyConnection.java:789)
	at org.littleshoot.proxy.impl.ClientToProxyConnection.closeConnectionsAfterWriteIfNecessary(ClientToProxyConnection.java:732)
	at org.littleshoot.proxy.impl.ClientToProxyConnection.respond(ClientToProxyConnection.java:408)
	at org.littleshoot.proxy.impl.ProxyToServerConnection.respondWith(ProxyToServerConnection.java:513)
	at org.littleshoot.proxy.impl.ProxyToServerConnection.readHTTPChunk(ProxyToServerConnection.java:229)
	at org.littleshoot.proxy.impl.ProxyConnection.readHTTP(ProxyConnection.java:146)
	at org.littleshoot.proxy.impl.ProxyConnection.read(ProxyConnection.java:120)
	at org.littleshoot.proxy.impl.ProxyToServerConnection.read(ProxyToServerConnection.java:206)
	at org.littleshoot.proxy.impl.ProxyConnection.channelRead0(ProxyConnection.java:579)
	at io.netty.channel.SimpleChannelInboundHandler.channelRead(SimpleChannelInboundHandler.java:105)
	at io.netty.channel.AbstractChannelHandlerContext.invokeChannelRead(AbstractChannelHandlerContext.java:339)
	at io.netty.channel.AbstractChannelHandlerContext.fireChannelRead(AbstractChannelHandlerContext.java:324)
	at io.netty.handler.timeout.IdleStateHandler.channelRead(IdleStateHandler.java:254)
	at io.netty.channel.AbstractChannelHandlerContext.invokeChannelRead(AbstractChannelHandlerContext.java:339)
	at io.netty.channel.AbstractChannelHandlerContext.fireChannelRead(AbstractChannelHandlerContext.java:324)
	at io.netty.channel.ChannelInboundHandlerAdapter.channelRead(ChannelInboundHandlerAdapter.java:86)
	at org.littleshoot.proxy.impl.ProxyConnection$ResponseReadMonitor.channelRead(ProxyConnection.java:730)
	at io.netty.channel.AbstractChannelHandlerContext.invokeChannelRead(AbstractChannelHandlerContext.java:339)
	at io.netty.channel.AbstractChannelHandlerContext.fireChannelRead(AbstractChannelHandlerContext.java:324)
	at io.netty.handler.codec.ByteToMessageDecoder.channelRead(ByteToMessageDecoder.java:242)
	at io.netty.channel.AbstractChannelHandlerContext.invokeChannelRead(AbstractChannelHandlerContext.java:339)
	at io.netty.channel.AbstractChannelHandlerContext.fireChannelRead(AbstractChannelHandlerContext.java:324)
	at io.netty.channel.ChannelInboundHandlerAdapter.channelRead(ChannelInboundHandlerAdapter.java:86)
	at org.littleshoot.proxy.impl.ProxyConnection$BytesReadMonitor.channelRead(ProxyConnection.java:684)
	at io.netty.channel.AbstractChannelHandlerContext.invokeChannelRead(AbstractChannelHandlerContext.java:339)
	at io.netty.channel.AbstractChannelHandlerContext.fireChannelRead(AbstractChannelHandlerContext.java:324)
	at io.netty.channel.DefaultChannelPipeline.fireChannelRead(DefaultChannelPipeline.java:847)
	at io.netty.channel.nio.AbstractNioByteChannel$NioByteUnsafe.read(AbstractNioByteChannel.java:131)
	at io.netty.channel.nio.NioEventLoop.processSelectedKey(NioEventLoop.java:511)
	at io.netty.channel.nio.NioEventLoop.processSelectedKeysOptimized(NioEventLoop.java:468)
	at io.netty.channel.nio.NioEventLoop.processSelectedKeys(NioEventLoop.java:382)
	at io.netty.channel.nio.NioEventLoop.run(NioEventLoop.java:354)
	at io.netty.util.concurrent.SingleThreadEventExecutor$2.run(SingleThreadEventExecutor.java:111)
	at java.lang.Thread.run(Thread.java:745)
SLF4J: Failed toString() invocation on an object of type [io.netty.handler.codec.http.HttpObjectAggregator$AggregatedFullHttpRequest]
io.netty.util.IllegalReferenceCountException: refCnt: 0
SLF4J: Failed toString() invocation on an object of type [io.netty.handler.codec.http.HttpObjectAggregator$AggregatedFullHttpRequest]
SLF4J: Failed toString() invocation on an object of type [io.netty.handler.codec.http.HttpObjectAggregator$AggregatedFullHttpRequest]
SLF4J: Failed toString() invocation on an object of type [io.netty.handler.codec.http.HttpObjectAggregator$AggregatedFullHttpRequest]
	at io.netty.buffer.DefaultByteBufHolder.content(DefaultByteBufHolder.java:39)
	at io.netty.handler.codec.http.HttpMessageUtil.appendFullCommon(HttpMessageUtil.java:79)
	at io.netty.handler.codec.http.HttpMessageUtil.appendFullRequest(HttpMessageUtil.java:55)
	at io.netty.handler.codec.http.HttpObjectAggregator$AggregatedFullHttpRequest.toString(HttpObjectAggregator.java:415)
	at org.slf4j.helpers.MessageFormatter.safeObjectAppend(MessageFormatter.java:297)
	at org.slf4j.helpers.MessageFormatter.deeplyAppendParameter(MessageFormatter.java:269)
	at org.slf4j.helpers.MessageFormatter.arrayFormat(MessageFormatter.java:227)
	at org.littleshoot.proxy.impl.ProxyConnectionLogger$LocationAwareLogggerDispatch.doLog(ProxyConnectionLogger.java:178)
	at org.littleshoot.proxy.impl.ProxyConnectionLogger.debug(ProxyConnectionLogger.java:81)
	at org.littleshoot.proxy.impl.ClientToProxyConnection.shouldCloseClientConnection(ClientToProxyConnection.java:789)
	at org.littleshoot.proxy.impl.ClientToProxyConnection.closeConnectionsAfterWriteIfNecessary(ClientToProxyConnection.java:732)
	at org.littleshoot.proxy.impl.ClientToProxyConnection.respond(ClientToProxyConnection.java:408)
	at org.littleshoot.proxy.impl.ProxyToServerConnection.respondWith(ProxyToServerConnection.java:513)
	at org.littleshoot.proxy.impl.ProxyToServerConnection.readHTTPChunk(ProxyToServerConnection.java:229)
	at org.littleshoot.proxy.impl.ProxyConnection.readHTTP(ProxyConnection.java:146)
	at org.littleshoot.proxy.impl.ProxyConnection.read(ProxyConnection.java:120)
	at org.littleshoot.proxy.impl.ProxyToServerConnection.read(ProxyToServerConnection.java:206)
	at org.littleshoot.proxy.impl.ProxyConnection.channelRead0(ProxyConnection.java:579)
	at io.netty.channel.SimpleChannelInboundHandler.channelRead(SimpleChannelInboundHandler.java:105)
	at io.netty.channel.AbstractChannelHandlerContext.invokeChannelRead(AbstractChannelHandlerContext.java:339)
	at io.netty.channel.AbstractChannelHandlerContext.fireChannelRead(AbstractChannelHandlerContext.java:324)
	at io.netty.handler.timeout.IdleStateHandler.channelRead(IdleStateHandler.java:254)
	at io.netty.channel.AbstractChannelHandlerContext.invokeChannelRead(AbstractChannelHandlerContext.java:339)
	at io.netty.channel.AbstractChannelHandlerContext.fireChannelRead(AbstractChannelHandlerContext.java:324)
	at io.netty.channel.ChannelInboundHandlerAdapter.channelRead(ChannelInboundHandlerAdapter.java:86)
	at org.littleshoot.proxy.impl.ProxyConnection$ResponseReadMonitor.channelRead(ProxyConnection.java:730)
	at io.netty.channel.AbstractChannelHandlerContext.invokeChannelRead(AbstractChannelHandlerContext.java:339)
	at io.netty.channel.AbstractChannelHandlerContext.fireChannelRead(AbstractChannelHandlerContext.java:324)
	at io.netty.handler.codec.ByteToMessageDecoder.channelRead(ByteToMessageDecoder.java:242)
	at io.netty.channel.AbstractChannelHandlerContext.invokeChannelRead(AbstractChannelHandlerContext.java:339)
	at io.netty.channel.AbstractChannelHandlerContext.fireChannelRead(AbstractChannelHandlerContext.java:324)
	at io.netty.channel.ChannelInboundHandlerAdapter.channelRead(ChannelInboundHandlerAdapter.java:86)
	at org.littleshoot.proxy.impl.ProxyConnection$BytesReadMonitor.channelRead(ProxyConnection.java:684)
	at io.netty.channel.AbstractChannelHandlerContext.invokeChannelRead(AbstractChannelHandlerContext.java:339)
	at io.netty.channel.AbstractChannelHandlerContext.fireChannelRead(AbstractChannelHandlerContext.java:324)
	at io.netty.channel.DefaultChannelPipeline.fireChannelRead(DefaultChannelPipeline.java:847)
	at io.netty.channel.nio.AbstractNioByteChannel$NioByteUnsafe.read(AbstractNioByteChannel.java:131)
	at io.netty.channel.nio.NioEventLoop.processSelectedKey(NioEventLoop.java:511)
	at io.netty.channel.nio.NioEventLoop.processSelectedKeysOptimized(NioEventLoop.java:468)
	at io.netty.channel.nio.NioEventLoop.processSelectedKeys(NioEventLoop.java:382)
	at io.netty.channel.nio.NioEventLoop.run(NioEventLoop.java:354)
	at io.netty.util.concurrent.SingleThreadEventExecutor$2.run(SingleThreadEventExecutor.java:111)
	at java.lang.Thread.run(Thread.java:745)
io.netty.util.IllegalReferenceCountException: refCnt: 0
	at io.netty.buffer.DefaultByteBufHolder.content(DefaultByteBufHolder.java:39)
	at io.netty.handler.codec.http.HttpMessageUtil.appendFullCommon(HttpMessageUtil.java:79)
	at io.netty.handler.codec.http.HttpMessageUtil.appendFullRequest(HttpMessageUtil.java:55)
	at io.netty.handler.codec.http.HttpObjectAggregator$AggregatedFullHttpRequest.toString(HttpObjectAggregator.java:415)
	at org.slf4j.helpers.MessageFormatter.safeObjectAppend(MessageFormatter.java:297)
	at org.slf4j.helpers.MessageFormatter.deeplyAppendParameter(MessageFormatter.java:269)
	at org.slf4j.helpers.MessageFormatter.arrayFormat(MessageFormatter.java:227)
	at org.littleshoot.proxy.impl.ProxyConnectionLogger$LocationAwareLogggerDispatch.doLog(ProxyConnectionLogger.java:178)
	at org.littleshoot.proxy.impl.ProxyConnectionLogger.debug(ProxyConnectionLogger.java:81)
	at org.littleshoot.proxy.impl.ClientToProxyConnection.shouldCloseClientConnection(ClientToProxyConnection.java:789)
	at org.littleshoot.proxy.impl.ClientToProxyConnection.closeConnectionsAfterWriteIfNecessary(ClientToProxyConnection.java:732)
	at org.littleshoot.proxy.impl.ClientToProxyConnection.respond(ClientToProxyConnection.java:408)
	at org.littleshoot.proxy.impl.ProxyToServerConnection.respondWith(ProxyToServerConnection.java:513)
	at org.littleshoot.proxy.impl.ProxyToServerConnection.readHTTPChunk(ProxyToServerConnection.java:229)
	at org.littleshoot.proxy.impl.ProxyConnection.readHTTP(ProxyConnection.java:146)
	at org.littleshoot.proxy.impl.ProxyConnection.read(ProxyConnection.java:120)
	at org.littleshoot.proxy.impl.ProxyToServerConnection.read(ProxyToServerConnection.java:206)
	at org.littleshoot.proxy.impl.ProxyConnection.channelRead0(ProxyConnection.java:579)
	at io.netty.channel.SimpleChannelInboundHandler.channelRead(SimpleChannelInboundHandler.java:105)
	at io.netty.channel.AbstractChannelHandlerContext.invokeChannelRead(AbstractChannelHandlerContext.java:339)
	at io.netty.channel.AbstractChannelHandlerContext.fireChannelRead(AbstractChannelHandlerContext.java:324)
	at io.netty.handler.timeout.IdleStateHandler.channelRead(IdleStateHandler.java:254)
	at io.netty.channel.AbstractChannelHandlerContext.invokeChannelRead(AbstractChannelHandlerContext.java:339)
	at io.netty.channel.AbstractChannelHandlerContext.fireChannelRead(AbstractChannelHandlerContext.java:324)
	at io.netty.channel.ChannelInboundHandlerAdapter.channelRead(ChannelInboundHandlerAdapter.java:86)
	at org.littleshoot.proxy.impl.ProxyConnection$ResponseReadMonitor.channelRead(ProxyConnection.java:730)
	at io.netty.channel.AbstractChannelHandlerContext.invokeChannelRead(AbstractChannelHandlerContext.java:339)
	at io.netty.channel.AbstractChannelHandlerContext.fireChannelRead(AbstractChannelHandlerContext.java:324)
	at io.netty.handler.codec.ByteToMessageDecoder.channelRead(ByteToMessageDecoder.java:242)
	at io.netty.channel.AbstractChannelHandlerContext.invokeChannelRead(AbstractChannelHandlerContext.java:339)
	at io.netty.channel.AbstractChannelHandlerContext.fireChannelRead(AbstractChannelHandlerContext.java:324)
	at io.netty.channel.ChannelInboundHandlerAdapter.channelRead(ChannelInboundHandlerAdapter.java:86)
	at org.littleshoot.proxy.impl.ProxyConnection$BytesReadMonitor.channelRead(ProxyConnection.java:684)
	at io.netty.channel.AbstractChannelHandlerContext.invokeChannelRead(AbstractChannelHandlerContext.java:339)
	at io.netty.channel.AbstractChannelHandlerContext.fireChannelRead(AbstractChannelHandlerContext.java:324)
	at io.netty.channel.DefaultChannelPipeline.fireChannelRead(DefaultChannelPipeline.java:847)
	at io.netty.channel.nio.AbstractNioByteChannel$NioByteUnsafe.read(AbstractNioByteChannel.java:131)
	at io.netty.channel.nio.NioEventLoop.processSelectedKey(NioEventLoop.java:511)
	at io.netty.channel.nio.NioEventLoop.processSelectedKeysOptimized(NioEventLoop.java:468)
	at io.netty.channel.nio.NioEventLoop.processSelectedKeys(NioEventLoop.java:382)
	at io.netty.channel.nio.NioEventLoop.run(NioEventLoop.java:354)
	at io.netty.util.concurrent.SingleThreadEventExecutor$2.run(SingleThreadEventExecutor.java:111)
	at java.lang.Thread.run(Thread.java:745)
io.netty.util.IllegalReferenceCountException: refCnt: 0
	at io.netty.buffer.DefaultByteBufHolder.content(DefaultByteBufHolder.java:39)
	at io.netty.handler.codec.http.HttpMessageUtil.appendFullCommon(HttpMessageUtil.java:79)
	at io.netty.handler.codec.http.HttpMessageUtil.appendFullRequest(HttpMessageUtil.java:55)
	at io.netty.handler.codec.http.HttpObjectAggregator$AggregatedFullHttpRequest.toString(HttpObjectAggregator.java:415)
	at org.slf4j.helpers.MessageFormatter.safeObjectAppend(MessageFormatter.java:297)
	at org.slf4j.helpers.MessageFormatter.deeplyAppendParameter(MessageFormatter.java:269)
	at org.slf4j.helpers.MessageFormatter.arrayFormat(MessageFormatter.java:227)
	at org.littleshoot.proxy.impl.ProxyConnectionLogger$LocationAwareLogggerDispatch.doLog(ProxyConnectionLogger.java:178)
	at org.littleshoot.proxy.impl.ProxyConnectionLogger.debug(ProxyConnectionLogger.java:81)
	at org.littleshoot.proxy.impl.ClientToProxyConnection.shouldCloseClientConnection(ClientToProxyConnection.java:789)
	at org.littleshoot.proxy.impl.ClientToProxyConnection.closeConnectionsAfterWriteIfNecessary(ClientToProxyConnection.java:732)
	at org.littleshoot.proxy.impl.ClientToProxyConnection.respond(ClientToProxyConnection.java:408)
	at org.littleshoot.proxy.impl.ProxyToServerConnection.respondWith(ProxyToServerConnection.java:513)
	at org.littleshoot.proxy.impl.ProxyToServerConnection.readHTTPChunk(ProxyToServerConnection.java:229)
	at org.littleshoot.proxy.impl.ProxyConnection.readHTTP(ProxyConnection.java:146)
	at org.littleshoot.proxy.impl.ProxyConnection.read(ProxyConnection.java:120)
	at org.littleshoot.proxy.impl.ProxyToServerConnection.read(ProxyToServerConnection.java:206)
	at org.littleshoot.proxy.impl.ProxyConnection.channelRead0(ProxyConnection.java:579)
	at io.netty.channel.SimpleChannelInboundHandler.channelRead(SimpleChannelInboundHandler.java:105)
	at io.netty.channel.AbstractChannelHandlerContext.invokeChannelRead(AbstractChannelHandlerContext.java:339)
	at io.netty.channel.AbstractChannelHandlerContext.fireChannelRead(AbstractChannelHandlerContext.java:324)
	at io.netty.handler.timeout.IdleStateHandler.channelRead(IdleStateHandler.java:254)
	at io.netty.channel.AbstractChannelHandlerContext.invokeChannelRead(AbstractChannelHandlerContext.java:339)
	at io.netty.channel.AbstractChannelHandlerContext.fireChannelRead(AbstractChannelHandlerContext.java:324)
	at io.netty.channel.ChannelInboundHandlerAdapter.channelRead(ChannelInboundHandlerAdapter.java:86)
	at org.littleshoot.proxy.impl.ProxyConnection$ResponseReadMonitor.channelRead(ProxyConnection.java:730)
	at io.netty.channel.AbstractChannelHandlerContext.invokeChannelRead(AbstractChannelHandlerContext.java:339)
	at io.netty.channel.AbstractChannelHandlerContext.fireChannelRead(AbstractChannelHandlerContext.java:324)
	at io.netty.handler.codec.ByteToMessageDecoder.channelRead(ByteToMessageDecoder.java:242)
	at io.netty.channel.AbstractChannelHandlerContext.invokeChannelRead(AbstractChannelHandlerContext.java:339)
	at io.netty.channel.AbstractChannelHandlerContext.fireChannelRead(AbstractChannelHandlerContext.java:324)
	at io.netty.channel.ChannelInboundHandlerAdapter.channelRead(ChannelInboundHandlerAdapter.java:86)
	at org.littleshoot.proxy.impl.ProxyConnection$BytesReadMonitor.channelRead(ProxyConnection.java:684)
	at io.netty.channel.AbstractChannelHandlerContext.invokeChannelRead(AbstractChannelHandlerContext.java:339)
	at io.netty.channel.AbstractChannelHandlerContext.fireChannelRead(AbstractChannelHandlerContext.java:324)
	at io.netty.channel.DefaultChannelPipeline.fireChannelRead(DefaultChannelPipeline.java:847)
	at io.netty.channel.nio.AbstractNioByteChannel$NioByteUnsafe.read(AbstractNioByteChannel.java:131)
	at io.netty.channel.nio.NioEventLoop.processSelectedKey(NioEventLoop.java:511)
	at io.netty.channel.nio.NioEventLoop.processSelectedKeysOptimized(NioEventLoop.java:468)
	at io.netty.channel.nio.NioEventLoop.processSelectedKeys(NioEventLoop.java:382)
	at io.netty.channel.nio.NioEventLoop.run(NioEventLoop.java:354)
	at io.netty.util.concurrent.SingleThreadEventExecutor$2.run(SingleThreadEventExecutor.java:111)
	at java.lang.Thread.run(Thread.java:745)
io.netty.util.IllegalReferenceCountException: refCnt: 0
	at io.netty.buffer.DefaultByteBufHolder.content(DefaultByteBufHolder.java:39)
	at io.netty.handler.codec.http.HttpMessageUtil.appendFullCommon(HttpMessageUtil.java:79)
	at io.netty.handler.codec.http.HttpMessageUtil.appendFullRequest(HttpMessageUtil.java:55)
	at io.netty.handler.codec.http.HttpObjectAggregator$AggregatedFullHttpRequest.toString(HttpObjectAggregator.java:415)
	at org.slf4j.helpers.MessageFormatter.safeObjectAppend(MessageFormatter.java:297)
	at org.slf4j.helpers.MessageFormatter.deeplyAppendParameter(MessageFormatter.java:269)
	at org.slf4j.helpers.MessageFormatter.arrayFormat(MessageFormatter.java:227)
	at org.littleshoot.proxy.impl.ProxyConnectionLogger$LocationAwareLogggerDispatch.doLog(ProxyConnectionLogger.java:178)
	at org.littleshoot.proxy.impl.ProxyConnectionLogger.debug(ProxyConnectionLogger.java:81)
	at org.littleshoot.proxy.impl.ClientToProxyConnection.shouldCloseClientConnection(ClientToProxyConnection.java:789)
	at org.littleshoot.proxy.impl.ClientToProxyConnection.closeConnectionsAfterWriteIfNecessary(ClientToProxyConnection.java:732)
	at org.littleshoot.proxy.impl.ClientToProxyConnection.respond(ClientToProxyConnection.java:408)
	at org.littleshoot.proxy.impl.ProxyToServerConnection.respondWith(ProxyToServerConnection.java:513)
	at org.littleshoot.proxy.impl.ProxyToServerConnection.readHTTPChunk(ProxyToServerConnection.java:229)
	at org.littleshoot.proxy.impl.ProxyConnection.readHTTP(ProxyConnection.java:146)
	at org.littleshoot.proxy.impl.ProxyConnection.read(ProxyConnection.java:120)
	at org.littleshoot.proxy.impl.ProxyToServerConnection.read(ProxyToServerConnection.java:206)
	at org.littleshoot.proxy.impl.ProxyConnection.channelRead0(ProxyConnection.java:579)
	at io.netty.channel.SimpleChannelInboundHandler.channelRead(SimpleChannelInboundHandler.java:105)
	at io.netty.channel.AbstractChannelHandlerContext.invokeChannelRead(AbstractChannelHandlerContext.java:339)
	at io.netty.channel.AbstractChannelHandlerContext.fireChannelRead(AbstractChannelHandlerContext.java:324)
	at io.netty.handler.timeout.IdleStateHandler.channelRead(IdleStateHandler.java:254)
	at io.netty.channel.AbstractChannelHandlerContext.invokeChannelRead(AbstractChannelHandlerContext.java:339)
	at io.netty.channel.AbstractChannelHandlerContext.fireChannelRead(AbstractChannelHandlerContext.java:324)
	at io.netty.channel.ChannelInboundHandlerAdapter.channelRead(ChannelInboundHandlerAdapter.java:86)
	at org.littleshoot.proxy.impl.ProxyConnection$ResponseReadMonitor.channelRead(ProxyConnection.java:730)
	at io.netty.channel.AbstractChannelHandlerContext.invokeChannelRead(AbstractChannelHandlerContext.java:339)
	at io.netty.channel.AbstractChannelHandlerContext.fireChannelRead(AbstractChannelHandlerContext.java:324)
	at io.netty.handler.codec.ByteToMessageDecoder.channelRead(ByteToMessageDecoder.java:242)
	at io.netty.channel.AbstractChannelHandlerContext.invokeChannelRead(AbstractChannelHandlerContext.java:339)
	at io.netty.channel.AbstractChannelHandlerContext.fireChannelRead(AbstractChannelHandlerContext.java:324)
	at io.netty.channel.ChannelInboundHandlerAdapter.channelRead(ChannelInboundHandlerAdapter.java:86)
	at org.littleshoot.proxy.impl.ProxyConnection$BytesReadMonitor.channelRead(ProxyConnection.java:684)
	at io.netty.channel.AbstractChannelHandlerContext.invokeChannelRead(AbstractChannelHandlerContext.java:339)
	at io.netty.channel.AbstractChannelHandlerContext.fireChannelRead(AbstractChannelHandlerContext.java:324)
	at io.netty.channel.DefaultChannelPipeline.fireChannelRead(DefaultChannelPipeline.java:847)
	at io.netty.channel.nio.AbstractNioByteChannel$NioByteUnsafe.read(AbstractNioByteChannel.java:131)
	at io.netty.channel.nio.NioEventLoop.processSelectedKey(NioEventLoop.java:511)
	at io.netty.channel.nio.NioEventLoop.processSelectedKeysOptimized(NioEventLoop.java:468)
	at io.netty.channel.nio.NioEventLoop.processSelectedKeys(NioEventLoop.java:382)
	at io.netty.channel.nio.NioEventLoop.run(NioEventLoop.java:354)
	at io.netty.util.concurrent.SingleThreadEventExecutor$2.run(SingleThreadEventExecutor.java:111)
	at java.lang.Thread.run(Thread.java:745)
SLF4J: Failed toString() invocation on an object of type [io.netty.handler.codec.http.HttpObjectAggregator$AggregatedFullHttpRequest]
io.netty.util.IllegalReferenceCountException: refCnt: 0
	at io.netty.buffer.DefaultByteBufHolder.content(DefaultByteBufHolder.java:39)
	at io.netty.handler.codec.http.HttpMessageUtil.appendFullCommon(HttpMessageUtil.java:79)
	at io.netty.handler.codec.http.HttpMessageUtil.appendFullRequest(HttpMessageUtil.java:55)
	at io.netty.handler.codec.http.HttpObjectAggregator$AggregatedFullHttpRequest.toString(HttpObjectAggregator.java:415)
	at org.slf4j.helpers.MessageFormatter.safeObjectAppend(MessageFormatter.java:297)
	at org.slf4j.helpers.MessageFormatter.deeplyAppendParameter(MessageFormatter.java:269)
	at org.slf4j.helpers.MessageFormatter.arrayFormat(MessageFormatter.java:227)
	at org.littleshoot.proxy.impl.ProxyConnectionLogger$LocationAwareLogggerDispatch.doLog(ProxyConnectionLogger.java:178)
	at org.littleshoot.proxy.impl.ProxyConnectionLogger.debug(ProxyConnectionLogger.java:81)
	at org.littleshoot.proxy.impl.ClientToProxyConnection.shouldCloseClientConnection(ClientToProxyConnection.java:789)
	at org.littleshoot.proxy.impl.ClientToProxyConnection.closeConnectionsAfterWriteIfNecessary(ClientToProxyConnection.java:732)
	at org.littleshoot.proxy.impl.ClientToProxyConnection.respond(ClientToProxyConnection.java:408)
	at org.littleshoot.proxy.impl.ProxyToServerConnection.respondWith(ProxyToServerConnection.java:513)
	at org.littleshoot.proxy.impl.ProxyToServerConnection.readHTTPChunk(ProxyToServerConnection.java:229)
	at org.littleshoot.proxy.impl.ProxyConnection.readHTTP(ProxyConnection.java:146)
	at org.littleshoot.proxy.impl.ProxyConnection.read(ProxyConnection.java:120)
	at org.littleshoot.proxy.impl.ProxyToServerConnection.read(ProxyToServerConnection.java:206)
	at org.littleshoot.proxy.impl.ProxyConnection.channelRead0(ProxyConnection.java:579)
	at io.netty.channel.SimpleChannelInboundHandler.channelRead(SimpleChannelInboundHandler.java:105)
	at io.netty.channel.AbstractChannelHandlerContext.invokeChannelRead(AbstractChannelHandlerContext.java:339)
	at io.netty.channel.AbstractChannelHandlerContext.fireChannelRead(AbstractChannelHandlerContext.java:324)
	at io.netty.handler.timeout.IdleStateHandler.channelRead(IdleStateHandler.java:254)
	at io.netty.channel.AbstractChannelHandlerContext.invokeChannelRead(AbstractChannelHandlerContext.java:339)
	at io.netty.channel.AbstractChannelHandlerContext.fireChannelRead(AbstractChannelHandlerContext.java:324)
	at io.netty.channel.ChannelInboundHandlerAdapter.channelRead(ChannelInboundHandlerAdapter.java:86)
	at org.littleshoot.proxy.impl.ProxyConnection$ResponseReadMonitor.channelRead(ProxyConnection.java:730)
	at io.netty.channel.AbstractChannelHandlerContext.invokeChannelRead(AbstractChannelHandlerContext.java:339)
	at io.netty.channel.AbstractChannelHandlerContext.fireChannelRead(AbstractChannelHandlerContext.java:324)
	at io.netty.handler.codec.ByteToMessageDecoder.channelRead(ByteToMessageDecoder.java:242)
	at io.netty.channel.AbstractChannelHandlerContext.invokeChannelRead(AbstractChannelHandlerContext.java:339)
	at io.netty.channel.AbstractChannelHandlerContext.fireChannelRead(AbstractChannelHandlerContext.java:324)
	at io.netty.channel.ChannelInboundHandlerAdapter.channelRead(ChannelInboundHandlerAdapter.java:86)
	at org.littleshoot.proxy.impl.ProxyConnection$BytesReadMonitor.channelRead(ProxyConnection.java:684)
	at io.netty.channel.AbstractChannelHandlerContext.invokeChannelRead(AbstractChannelHandlerContext.java:339)
	at io.netty.channel.AbstractChannelHandlerContext.fireChannelRead(AbstractChannelHandlerContext.java:324)
	at io.netty.channel.DefaultChannelPipeline.fireChannelRead(DefaultChannelPipeline.java:847)
	at io.netty.channel.nio.AbstractNioByteChannel$NioByteUnsafe.read(AbstractNioByteChannel.java:131)
	at io.netty.channel.nio.NioEventLoop.processSelectedKey(NioEventLoop.java:511)
	at io.netty.channel.nio.NioEventLoop.processSelectedKeysOptimized(NioEventLoop.java:468)
	at io.netty.channel.nio.NioEventLoop.processSelectedKeys(NioEventLoop.java:382)
	at io.netty.channel.nio.NioEventLoop.run(NioEventLoop.java:354)
	at io.netty.util.concurrent.SingleThreadEventExecutor$2.run(SingleThreadEventExecutor.java:111)
	at java.lang.Thread.run(Thread.java:745)
SLF4J: Failed toString() invocation on an object of type [io.netty.handler.codec.http.HttpObjectAggregator$AggregatedFullHttpRequest]
io.netty.util.IllegalReferenceCountException: refCnt: 0
	at io.netty.buffer.DefaultByteBufHolder.content(DefaultByteBufHolder.java:39)
	at io.netty.handler.codec.http.HttpMessageUtil.appendFullCommon(HttpMessageUtil.java:79)
	at io.netty.handler.codec.http.HttpMessageUtil.appendFullRequest(HttpMessageUtil.java:55)
	at io.netty.handler.codec.http.HttpObjectAggregator$AggregatedFullHttpRequest.toString(HttpObjectAggregator.java:415)
	at org.slf4j.helpers.MessageFormatter.safeObjectAppend(MessageFormatter.java:297)
	at org.slf4j.helpers.MessageFormatter.deeplyAppendParameter(MessageFormatter.java:269)
	at org.slf4j.helpers.MessageFormatter.arrayFormat(MessageFormatter.java:227)
	at org.littleshoot.proxy.impl.ProxyConnectionLogger$LocationAwareLogggerDispatch.doLog(ProxyConnectionLogger.java:178)
	at org.littleshoot.proxy.impl.ProxyConnectionLogger.debug(ProxyConnectionLogger.java:81)
	at org.littleshoot.proxy.impl.ClientToProxyConnection.shouldCloseClientConnection(ClientToProxyConnection.java:789)
	at org.littleshoot.proxy.impl.ClientToProxyConnection.closeConnectionsAfterWriteIfNecessary(ClientToProxyConnection.java:732)
	at org.littleshoot.proxy.impl.ClientToProxyConnection.respond(ClientToProxyConnection.java:408)
	at org.littleshoot.proxy.impl.ProxyToServerConnection.respondWith(ProxyToServerConnection.java:513)
	at org.littleshoot.proxy.impl.ProxyToServerConnection.readHTTPChunk(ProxyToServerConnection.java:229)
	at org.littleshoot.proxy.impl.ProxyConnection.readHTTP(ProxyConnection.java:146)
	at org.littleshoot.proxy.impl.ProxyConnection.read(ProxyConnection.java:120)
	at org.littleshoot.proxy.impl.ProxyToServerConnection.read(ProxyToServerConnection.java:206)
	at org.littleshoot.proxy.impl.ProxyConnection.channelRead0(ProxyConnection.java:579)
	at io.netty.channel.SimpleChannelInboundHandler.channelRead(SimpleChannelInboundHandler.java:105)
	at io.netty.channel.AbstractChannelHandlerContext.invokeChannelRead(AbstractChannelHandlerContext.java:339)
	at io.netty.channel.AbstractChannelHandlerContext.fireChannelRead(AbstractChannelHandlerContext.java:324)
	at io.netty.handler.timeout.IdleStateHandler.channelRead(IdleStateHandler.java:254)
	at io.netty.channel.AbstractChannelHandlerContext.invokeChannelRead(AbstractChannelHandlerContext.java:339)
	at io.netty.channel.AbstractChannelHandlerContext.fireChannelRead(AbstractChannelHandlerContext.java:324)
	at io.netty.channel.ChannelInboundHandlerAdapter.channelRead(ChannelInboundHandlerAdapter.java:86)
	at org.littleshoot.proxy.impl.ProxyConnection$ResponseReadMonitor.channelRead(ProxyConnection.java:730)
	at io.netty.channel.AbstractChannelHandlerContext.invokeChannelRead(AbstractChannelHandlerContext.java:339)
	at io.netty.channel.AbstractChannelHandlerContext.fireChannelRead(AbstractChannelHandlerContext.java:324)
	at io.netty.handler.codec.ByteToMessageDecoder.channelRead(ByteToMessageDecoder.java:242)
	at io.netty.channel.AbstractChannelHandlerContext.invokeChannelRead(AbstractChannelHandlerContext.java:339)
	at io.netty.channel.AbstractChannelHandlerContext.fireChannelRead(AbstractChannelHandlerContext.java:324)
	at io.netty.channel.ChannelInboundHandlerAdapter.channelRead(ChannelInboundHandlerAdapter.java:86)
	at org.littleshoot.proxy.impl.ProxyConnection$BytesReadMonitor.channelRead(ProxyConnection.java:684)
	at io.netty.channel.AbstractChannelHandlerContext.invokeChannelRead(AbstractChannelHandlerContext.java:339)
	at io.netty.channel.AbstractChannelHandlerContext.fireChannelRead(AbstractChannelHandlerContext.java:324)
	at io.netty.channel.DefaultChannelPipeline.fireChannelRead(DefaultChannelPipeline.java:847)
	at io.netty.channel.nio.AbstractNioByteChannel$NioByteUnsafe.read(AbstractNioByteChannel.java:131)
	at io.netty.channel.nio.NioEventLoop.processSelectedKey(NioEventLoop.java:511)
	at io.netty.channel.nio.NioEventLoop.processSelectedKeysOptimized(NioEventLoop.java:468)
	at io.netty.channel.nio.NioEventLoop.processSelectedKeys(NioEventLoop.java:382)
	at io.netty.channel.nio.NioEventLoop.run(NioEventLoop.java:354)
	at io.netty.util.concurrent.SingleThreadEventExecutor$2.run(SingleThreadEventExecutor.java:111)
	at java.lang.Thread.run(Thread.java:745)
SLF4J: Failed toString() invocation on an object of type [io.netty.handler.codec.http.HttpObjectAggregator$AggregatedFullHttpRequest]
io.netty.util.IllegalReferenceCountException: refCnt: 0
	at io.netty.buffer.DefaultByteBufHolder.content(DefaultByteBufHolder.java:39)
	at io.netty.handler.codec.http.HttpMessageUtil.appendFullCommon(HttpMessageUtil.java:79)
	at io.netty.handler.codec.http.HttpMessageUtil.appendFullRequest(HttpMessageUtil.java:55)
	at io.netty.handler.codec.http.HttpObjectAggregator$AggregatedFullHttpRequest.toString(HttpObjectAggregator.java:415)
	at org.slf4j.helpers.MessageFormatter.safeObjectAppend(MessageFormatter.java:297)
	at org.slf4j.helpers.MessageFormatter.deeplyAppendParameter(MessageFormatter.java:269)
	at org.slf4j.helpers.MessageFormatter.arrayFormat(MessageFormatter.java:227)
	at org.littleshoot.proxy.impl.ProxyConnectionLogger$LocationAwareLogggerDispatch.doLog(ProxyConnectionLogger.java:178)
	at org.littleshoot.proxy.impl.ProxyConnectionLogger.debug(ProxyConnectionLogger.java:81)
	at org.littleshoot.proxy.impl.ClientToProxyConnection.shouldCloseClientConnection(ClientToProxyConnection.java:789)
	at org.littleshoot.proxy.impl.ClientToProxyConnection.closeConnectionsAfterWriteIfNecessary(ClientToProxyConnection.java:732)
	at org.littleshoot.proxy.impl.ClientToProxyConnection.respond(ClientToProxyConnection.java:408)
	at org.littleshoot.proxy.impl.ProxyToServerConnection.respondWith(ProxyToServerConnection.java:513)
	at org.littleshoot.proxy.impl.ProxyToServerConnection.readHTTPChunk(ProxyToServerConnection.java:229)
	at org.littleshoot.proxy.impl.ProxyConnection.readHTTP(ProxyConnection.java:146)
	at org.littleshoot.proxy.impl.ProxyConnection.read(ProxyConnection.java:120)
	at org.littleshoot.proxy.impl.ProxyToServerConnection.read(ProxyToServerConnection.java:206)
	at org.littleshoot.proxy.impl.ProxyConnection.channelRead0(ProxyConnection.java:579)
	at io.netty.channel.SimpleChannelInboundHandler.channelRead(SimpleChannelInboundHandler.java:105)
	at io.netty.channel.AbstractChannelHandlerContext.invokeChannelRead(AbstractChannelHandlerContext.java:339)
	at io.netty.channel.AbstractChannelHandlerContext.fireChannelRead(AbstractChannelHandlerContext.java:324)
	at io.netty.handler.timeout.IdleStateHandler.channelRead(IdleStateHandler.java:254)
	at io.netty.channel.AbstractChannelHandlerContext.invokeChannelRead(AbstractChannelHandlerContext.java:339)
	at io.netty.channel.AbstractChannelHandlerContext.fireChannelRead(AbstractChannelHandlerContext.java:324)
	at io.netty.channel.ChannelInboundHandlerAdapter.channelRead(ChannelInboundHandlerAdapter.java:86)
	at org.littleshoot.proxy.impl.ProxyConnection$ResponseReadMonitor.channelRead(ProxyConnection.java:730)
	at io.netty.channel.AbstractChannelHandlerContext.invokeChannelRead(AbstractChannelHandlerContext.java:339)
	at io.netty.channel.AbstractChannelHandlerContext.fireChannelRead(AbstractChannelHandlerContext.java:324)
	at io.netty.handler.codec.ByteToMessageDecoder.channelRead(ByteToMessageDecoder.java:242)
	at io.netty.channel.AbstractChannelHandlerContext.invokeChannelRead(AbstractChannelHandlerContext.java:339)
	at io.netty.channel.AbstractChannelHandlerContext.fireChannelRead(AbstractChannelHandlerContext.java:324)
	at io.netty.channel.ChannelInboundHandlerAdapter.channelRead(ChannelInboundHandlerAdapter.java:86)
	at org.littleshoot.proxy.impl.ProxyConnection$BytesReadMonitor.channelRead(ProxyConnection.java:684)
	at io.netty.channel.AbstractChannelHandlerContext.invokeChannelRead(AbstractChannelHandlerContext.java:339)
	at io.netty.channel.AbstractChannelHandlerContext.fireChannelRead(AbstractChannelHandlerContext.java:324)
	at io.netty.channel.DefaultChannelPipeline.fireChannelRead(DefaultChannelPipeline.java:847)
	at io.netty.channel.nio.AbstractNioByteChannel$NioByteUnsafe.read(AbstractNioByteChannel.java:131)
	at io.netty.channel.nio.NioEventLoop.processSelectedKey(NioEventLoop.java:511)
	at io.netty.channel.nio.NioEventLoop.processSelectedKeysOptimized(NioEventLoop.java:468)
	at io.netty.channel.nio.NioEventLoop.processSelectedKeys(NioEventLoop.java:382)
	at io.netty.channel.nio.NioEventLoop.run(NioEventLoop.java:354)
	at io.netty.util.concurrent.SingleThreadEventExecutor$2.run(SingleThreadEventExecutor.java:111)
	at java.lang.Thread.run(Thread.java:745)
SLF4J: Failed toString() invocation on an object of type [io.netty.handler.codec.http.HttpObjectAggregator$AggregatedFullHttpRequest]
io.netty.util.IllegalReferenceCountException: refCnt: 0
	at io.netty.buffer.DefaultByteBufHolder.content(DefaultByteBufHolder.java:39)
	at io.netty.handler.codec.http.HttpMessageUtil.appendFullCommon(HttpMessageUtil.java:79)
	at io.netty.handler.codec.http.HttpMessageUtil.appendFullRequest(HttpMessageUtil.java:55)
	at io.netty.handler.codec.http.HttpObjectAggregator$AggregatedFullHttpRequest.toString(HttpObjectAggregator.java:415)
	at org.slf4j.helpers.MessageFormatter.safeObjectAppend(MessageFormatter.java:297)
	at org.slf4j.helpers.MessageFormatter.deeplyAppendParameter(MessageFormatter.java:269)
	at org.slf4j.helpers.MessageFormatter.arrayFormat(MessageFormatter.java:227)
	at org.littleshoot.proxy.impl.ProxyConnectionLogger$LocationAwareLogggerDispatch.doLog(ProxyConnectionLogger.java:178)
	at org.littleshoot.proxy.impl.ProxyConnectionLogger.debug(ProxyConnectionLogger.java:81)
	at org.littleshoot.proxy.impl.ClientToProxyConnection.shouldCloseClientConnection(ClientToProxyConnection.java:789)
	at org.littleshoot.proxy.impl.ClientToProxyConnection.closeConnectionsAfterWriteIfNecessary(ClientToProxyConnection.java:732)
	at org.littleshoot.proxy.impl.ClientToProxyConnection.respond(ClientToProxyConnection.java:408)
	at org.littleshoot.proxy.impl.ProxyToServerConnection.respondWith(ProxyToServerConnection.java:513)
	at org.littleshoot.proxy.impl.ProxyToServerConnection.readHTTPChunk(ProxyToServerConnection.java:229)
	at org.littleshoot.proxy.impl.ProxyConnection.readHTTP(ProxyConnection.java:146)
	at org.littleshoot.proxy.impl.ProxyConnection.read(ProxyConnection.java:120)
	at org.littleshoot.proxy.impl.ProxyToServerConnection.read(ProxyToServerConnection.java:206)
	at org.littleshoot.proxy.impl.ProxyConnection.channelRead0(ProxyConnection.java:579)
	at io.netty.channel.SimpleChannelInboundHandler.channelRead(SimpleChannelInboundHandler.java:105)
	at io.netty.channel.AbstractChannelHandlerContext.invokeChannelRead(AbstractChannelHandlerContext.java:339)
	at io.netty.channel.AbstractChannelHandlerContext.fireChannelRead(AbstractChannelHandlerContext.java:324)
	at io.netty.handler.timeout.IdleStateHandler.channelRead(IdleStateHandler.java:254)
	at io.netty.channel.AbstractChannelHandlerContext.invokeChannelRead(AbstractChannelHandlerContext.java:339)
	at io.netty.channel.AbstractChannelHandlerContext.fireChannelRead(AbstractChannelHandlerContext.java:324)
	at io.netty.channel.ChannelInboundHandlerAdapter.channelRead(ChannelInboundHandlerAdapter.java:86)
	at org.littleshoot.proxy.impl.ProxyConnection$ResponseReadMonitor.channelRead(ProxyConnection.java:730)
	at io.netty.channel.AbstractChannelHandlerContext.invokeChannelRead(AbstractChannelHandlerContext.java:339)
	at io.netty.channel.AbstractChannelHandlerContext.fireChannelRead(AbstractChannelHandlerContext.java:324)
	at io.netty.handler.codec.ByteToMessageDecoder.channelRead(ByteToMessageDecoder.java:242)
	at io.netty.channel.AbstractChannelHandlerContext.invokeChannelRead(AbstractChannelHandlerContext.java:339)
	at io.netty.channel.AbstractChannelHandlerContext.fireChannelRead(AbstractChannelHandlerContext.java:324)
	at io.netty.channel.ChannelInboundHandlerAdapter.channelRead(ChannelInboundHandlerAdapter.java:86)
	at org.littleshoot.proxy.impl.ProxyConnection$BytesReadMonitor.channelRead(ProxyConnection.java:684)
	at io.netty.channel.AbstractChannelHandlerContext.invokeChannelRead(AbstractChannelHandlerContext.java:339)
	at io.netty.channel.AbstractChannelHandlerContext.fireChannelRead(AbstractChannelHandlerContext.java:324)
	at io.netty.channel.DefaultChannelPipeline.fireChannelRead(DefaultChannelPipeline.java:847)
	at io.netty.channel.nio.AbstractNioByteChannel$NioByteUnsafe.read(AbstractNioByteChannel.java:131)
	at io.netty.channel.nio.NioEventLoop.processSelectedKey(NioEventLoop.java:511)
	at io.netty.channel.nio.NioEventLoop.processSelectedKeysOptimized(NioEventLoop.java:468)
	at io.netty.channel.nio.NioEventLoop.processSelectedKeys(NioEventLoop.java:382)
	at io.netty.channel.nio.NioEventLoop.run(NioEventLoop.java:354)
	at io.netty.util.concurrent.SingleThreadEventExecutor$2.run(SingleThreadEventExecutor.java:111)
	at java.lang.Thread.run(Thread.java:745)
SLF4J: Failed toString() invocation on an object of type [io.netty.handler.codec.http.HttpObjectAggregator$AggregatedFullHttpRequest]
io.netty.util.IllegalReferenceCountException: refCnt: 0
	at io.netty.buffer.DefaultByteBufHolder.content(DefaultByteBufHolder.java:39)
	at io.netty.handler.codec.http.HttpMessageUtil.appendFullCommon(HttpMessageUtil.java:79)
	at io.netty.handler.codec.http.HttpMessageUtil.appendFullRequest(HttpMessageUtil.java:55)
	at io.netty.handler.codec.http.HttpObjectAggregator$AggregatedFullHttpRequest.toString(HttpObjectAggregator.java:415)
	at org.slf4j.helpers.MessageFormatter.safeObjectAppend(MessageFormatter.java:297)
	at org.slf4j.helpers.MessageFormatter.deeplyAppendParameter(MessageFormatter.java:269)
	at org.slf4j.helpers.MessageFormatter.arrayFormat(MessageFormatter.java:227)
	at org.littleshoot.proxy.impl.ProxyConnectionLogger$LocationAwareLogggerDispatch.doLog(ProxyConnectionLogger.java:178)
	at org.littleshoot.proxy.impl.ProxyConnectionLogger.debug(ProxyConnectionLogger.java:81)
	at org.littleshoot.proxy.impl.ClientToProxyConnection.shouldCloseClientConnection(ClientToProxyConnection.java:789)
	at org.littleshoot.proxy.impl.ClientToProxyConnection.closeConnectionsAfterWriteIfNecessary(ClientToProxyConnection.java:732)
	at org.littleshoot.proxy.impl.ClientToProxyConnection.respond(ClientToProxyConnection.java:408)
	at org.littleshoot.proxy.impl.ProxyToServerConnection.respondWith(ProxyToServerConnection.java:513)
	at org.littleshoot.proxy.impl.ProxyToServerConnection.readHTTPChunk(ProxyToServerConnection.java:229)
	at org.littleshoot.proxy.impl.ProxyConnection.readHTTP(ProxyConnection.java:146)
	at org.littleshoot.proxy.impl.ProxyConnection.read(ProxyConnection.java:120)
	at org.littleshoot.proxy.impl.ProxyToServerConnection.read(ProxyToServerConnection.java:206)
	at org.littleshoot.proxy.impl.ProxyConnection.channelRead0(ProxyConnection.java:579)
	at io.netty.channel.SimpleChannelInboundHandler.channelRead(SimpleChannelInboundHandler.java:105)
	at io.netty.channel.AbstractChannelHandlerContext.invokeChannelRead(AbstractChannelHandlerContext.java:339)
	at io.netty.channel.AbstractChannelHandlerContext.fireChannelRead(AbstractChannelHandlerContext.java:324)
	at io.netty.handler.timeout.IdleStateHandler.channelRead(IdleStateHandler.java:254)
	at io.netty.channel.AbstractChannelHandlerContext.invokeChannelRead(AbstractChannelHandlerContext.java:339)
	at io.netty.channel.AbstractChannelHandlerContext.fireChannelRead(AbstractChannelHandlerContext.java:324)
	at io.netty.channel.ChannelInboundHandlerAdapter.channelRead(ChannelInboundHandlerAdapter.java:86)
	at org.littleshoot.proxy.impl.ProxyConnection$ResponseReadMonitor.channelRead(ProxyConnection.java:730)
	at io.netty.channel.AbstractChannelHandlerContext.invokeChannelRead(AbstractChannelHandlerContext.java:339)
	at io.netty.channel.AbstractChannelHandlerContext.fireChannelRead(AbstractChannelHandlerContext.java:324)
	at io.netty.handler.codec.ByteToMessageDecoder.channelRead(ByteToMessageDecoder.java:242)
	at io.netty.channel.AbstractChannelHandlerContext.invokeChannelRead(AbstractChannelHandlerContext.java:339)
	at io.netty.channel.AbstractChannelHandlerContext.fireChannelRead(AbstractChannelHandlerContext.java:324)
	at io.netty.channel.ChannelInboundHandlerAdapter.channelRead(ChannelInboundHandlerAdapter.java:86)
	at org.littleshoot.proxy.impl.ProxyConnection$BytesReadMonitor.channelRead(ProxyConnection.java:684)
	at io.netty.channel.AbstractChannelHandlerContext.invokeChannelRead(AbstractChannelHandlerContext.java:339)
	at io.netty.channel.AbstractChannelHandlerContext.fireChannelRead(AbstractChannelHandlerContext.java:324)
	at io.netty.channel.DefaultChannelPipeline.fireChannelRead(DefaultChannelPipeline.java:847)
	at io.netty.channel.nio.AbstractNioByteChannel$NioByteUnsafe.read(AbstractNioByteChannel.java:131)
	at io.netty.channel.nio.NioEventLoop.processSelectedKey(NioEventLoop.java:511)
	at io.netty.channel.nio.NioEventLoop.processSelectedKeysOptimized(NioEventLoop.java:468)
	at io.netty.channel.nio.NioEventLoop.processSelectedKeys(NioEventLoop.java:382)
	at io.netty.channel.nio.NioEventLoop.run(NioEventLoop.java:354)
	at io.netty.util.concurrent.SingleThreadEventExecutor$2.run(SingleThreadEventExecutor.java:111)
	at java.lang.Thread.run(Thread.java:745)
SLF4J: Failed toString() invocation on an object of type [io.netty.handler.codec.http.HttpObjectAggregator$AggregatedFullHttpRequest]
io.netty.util.IllegalReferenceCountException: refCnt: 0
	at io.netty.buffer.DefaultByteBufHolder.content(DefaultByteBufHolder.java:39)
	at io.netty.handler.codec.http.HttpMessageUtil.appendFullCommon(HttpMessageUtil.java:79)
	at io.netty.handler.codec.http.HttpMessageUtil.appendFullRequest(HttpMessageUtil.java:55)
	at io.netty.handler.codec.http.HttpObjectAggregator$AggregatedFullHttpRequest.toString(HttpObjectAggregator.java:415)
	at org.slf4j.helpers.MessageFormatter.safeObjectAppend(MessageFormatter.java:297)
	at org.slf4j.helpers.MessageFormatter.deeplyAppendParameter(MessageFormatter.java:269)
	at org.slf4j.helpers.MessageFormatter.arrayFormat(MessageFormatter.java:227)
	at org.littleshoot.proxy.impl.ProxyConnectionLogger$LocationAwareLogggerDispatch.doLog(ProxyConnectionLogger.java:178)
	at org.littleshoot.proxy.impl.ProxyConnectionLogger.debug(ProxyConnectionLogger.java:81)
	at org.littleshoot.proxy.impl.ClientToProxyConnection.shouldCloseClientConnection(ClientToProxyConnection.java:789)
	at org.littleshoot.proxy.impl.ClientToProxyConnection.closeConnectionsAfterWriteIfNecessary(ClientToProxyConnection.java:732)
	at org.littleshoot.proxy.impl.ClientToProxyConnection.respond(ClientToProxyConnection.java:408)
	at org.littleshoot.proxy.impl.ProxyToServerConnection.respondWith(ProxyToServerConnection.java:513)
	at org.littleshoot.proxy.impl.ProxyToServerConnection.readHTTPChunk(ProxyToServerConnection.java:229)
	at org.littleshoot.proxy.impl.ProxyConnection.readHTTP(ProxyConnection.java:146)
	at org.littleshoot.proxy.impl.ProxyConnection.read(ProxyConnection.java:120)
	at org.littleshoot.proxy.impl.ProxyToServerConnection.read(ProxyToServerConnection.java:206)
	at org.littleshoot.proxy.impl.ProxyConnection.channelRead0(ProxyConnection.java:579)
	at io.netty.channel.SimpleChannelInboundHandler.channelRead(SimpleChannelInboundHandler.java:105)
	at io.netty.channel.AbstractChannelHandlerContext.invokeChannelRead(AbstractChannelHandlerContext.java:339)
	at io.netty.channel.AbstractChannelHandlerContext.fireChannelRead(AbstractChannelHandlerContext.java:324)
	at io.netty.handler.timeout.IdleStateHandler.channelRead(IdleStateHandler.java:254)
	at io.netty.channel.AbstractChannelHandlerContext.invokeChannelRead(AbstractChannelHandlerContext.java:339)
	at io.netty.channel.AbstractChannelHandlerContext.fireChannelRead(AbstractChannelHandlerContext.java:324)
	at io.netty.channel.ChannelInboundHandlerAdapter.channelRead(ChannelInboundHandlerAdapter.java:86)
	at org.littleshoot.proxy.impl.ProxyConnection$ResponseReadMonitor.channelRead(ProxyConnection.java:730)
	at io.netty.channel.AbstractChannelHandlerContext.invokeChannelRead(AbstractChannelHandlerContext.java:339)
	at io.netty.channel.AbstractChannelHandlerContext.fireChannelRead(AbstractChannelHandlerContext.java:324)
	at io.netty.handler.codec.ByteToMessageDecoder.channelRead(ByteToMessageDecoder.java:242)
	at io.netty.channel.AbstractChannelHandlerContext.invokeChannelRead(AbstractChannelHandlerContext.java:339)
	at io.netty.channel.AbstractChannelHandlerContext.fireChannelRead(AbstractChannelHandlerContext.java:324)
	at io.netty.channel.ChannelInboundHandlerAdapter.channelRead(ChannelInboundHandlerAdapter.java:86)
	at org.littleshoot.proxy.impl.ProxyConnection$BytesReadMonitor.channelRead(ProxyConnection.java:684)
	at io.netty.channel.AbstractChannelHandlerContext.invokeChannelRead(AbstractChannelHandlerContext.java:339)
	at io.netty.channel.AbstractChannelHandlerContext.fireChannelRead(AbstractChannelHandlerContext.java:324)
	at io.netty.channel.DefaultChannelPipeline.fireChannelRead(DefaultChannelPipeline.java:847)
	at io.netty.channel.nio.AbstractNioByteChannel$NioByteUnsafe.read(AbstractNioByteChannel.java:131)
	at io.netty.channel.nio.NioEventLoop.processSelectedKey(NioEventLoop.java:511)
	at io.netty.channel.nio.NioEventLoop.processSelectedKeysOptimized(NioEventLoop.java:468)
	at io.netty.channel.nio.NioEventLoop.processSelectedKeys(NioEventLoop.java:382)
	at io.netty.channel.nio.NioEventLoop.run(NioEventLoop.java:354)
	at io.netty.util.concurrent.SingleThreadEventExecutor$2.run(SingleThreadEventExecutor.java:111)
	at java.lang.Thread.run(Thread.java:745)
SLF4J: Failed toString() invocation on an object of type [io.netty.handler.codec.http.HttpObjectAggregator$AggregatedFullHttpRequest]
io.netty.util.IllegalReferenceCountException: refCnt: 0
	at io.netty.buffer.DefaultByteBufHolder.content(DefaultByteBufHolder.java:39)
	at io.netty.handler.codec.http.HttpMessageUtil.appendFullCommon(HttpMessageUtil.java:79)
	at io.netty.handler.codec.http.HttpMessageUtil.appendFullRequest(HttpMessageUtil.java:55)
	at io.netty.handler.codec.http.HttpObjectAggregator$AggregatedFullHttpRequest.toString(HttpObjectAggregator.java:415)
	at org.slf4j.helpers.MessageFormatter.safeObjectAppend(MessageFormatter.java:297)
	at org.slf4j.helpers.MessageFormatter.deeplyAppendParameter(MessageFormatter.java:269)
	at org.slf4j.helpers.MessageFormatter.arrayFormat(MessageFormatter.java:227)
	at org.littleshoot.proxy.impl.ProxyConnectionLogger$LocationAwareLogggerDispatch.doLog(ProxyConnectionLogger.java:178)
	at org.littleshoot.proxy.impl.ProxyConnectionLogger.debug(ProxyConnectionLogger.java:81)
	at org.littleshoot.proxy.impl.ClientToProxyConnection.shouldCloseClientConnection(ClientToProxyConnection.java:789)
	at org.littleshoot.proxy.impl.ClientToProxyConnection.closeConnectionsAfterWriteIfNecessary(ClientToProxyConnection.java:732)
	at org.littleshoot.proxy.impl.ClientToProxyConnection.respond(ClientToProxyConnection.java:408)
	at org.littleshoot.proxy.impl.ProxyToServerConnection.respondWith(ProxyToServerConnection.java:513)
	at org.littleshoot.proxy.impl.ProxyToServerConnection.readHTTPChunk(ProxyToServerConnection.java:229)
	at org.littleshoot.proxy.impl.ProxyConnection.readHTTP(ProxyConnection.java:146)
	at org.littleshoot.proxy.impl.ProxyConnection.read(ProxyConnection.java:120)
	at org.littleshoot.proxy.impl.ProxyToServerConnection.read(ProxyToServerConnection.java:206)
	at org.littleshoot.proxy.impl.ProxyConnection.channelRead0(ProxyConnection.java:579)
	at io.netty.channel.SimpleChannelInboundHandler.channelRead(SimpleChannelInboundHandler.java:105)
	at io.netty.channel.AbstractChannelHandlerContext.invokeChannelRead(AbstractChannelHandlerContext.java:339)
	at io.netty.channel.AbstractChannelHandlerContext.fireChannelRead(AbstractChannelHandlerContext.java:324)
	at io.netty.handler.timeout.IdleStateHandler.channelRead(IdleStateHandler.java:254)
	at io.netty.channel.AbstractChannelHandlerContext.invokeChannelRead(AbstractChannelHandlerContext.java:339)
	at io.netty.channel.AbstractChannelHandlerContext.fireChannelRead(AbstractChannelHandlerContext.java:324)
	at io.netty.channel.ChannelInboundHandlerAdapter.channelRead(ChannelInboundHandlerAdapter.java:86)
	at org.littleshoot.proxy.impl.ProxyConnection$ResponseReadMonitor.channelRead(ProxyConnection.java:730)
	at io.netty.channel.AbstractChannelHandlerContext.invokeChannelRead(AbstractChannelHandlerContext.java:339)
	at io.netty.channel.AbstractChannelHandlerContext.fireChannelRead(AbstractChannelHandlerContext.java:324)
	at io.netty.handler.codec.ByteToMessageDecoder.channelRead(ByteToMessageDecoder.java:242)
	at io.netty.channel.AbstractChannelHandlerContext.invokeChannelRead(AbstractChannelHandlerContext.java:339)
	at io.netty.channel.AbstractChannelHandlerContext.fireChannelRead(AbstractChannelHandlerContext.java:324)
	at io.netty.channel.ChannelInboundHandlerAdapter.channelRead(ChannelInboundHandlerAdapter.java:86)
	at org.littleshoot.proxy.impl.ProxyConnection$BytesReadMonitor.channelRead(ProxyConnection.java:684)
	at io.netty.channel.AbstractChannelHandlerContext.invokeChannelRead(AbstractChannelHandlerContext.java:339)
	at io.netty.channel.AbstractChannelHandlerContext.fireChannelRead(AbstractChannelHandlerContext.java:324)
	at io.netty.channel.DefaultChannelPipeline.fireChannelRead(DefaultChannelPipeline.java:847)
	at io.netty.channel.nio.AbstractNioByteChannel$NioByteUnsafe.read(AbstractNioByteChannel.java:131)
	at io.netty.channel.nio.NioEventLoop.processSelectedKey(NioEventLoop.java:511)
	at io.netty.channel.nio.NioEventLoop.processSelectedKeysOptimized(NioEventLoop.java:468)
	at io.netty.channel.nio.NioEventLoop.processSelectedKeys(NioEventLoop.java:382)
	at io.netty.channel.nio.NioEventLoop.run(NioEventLoop.java:354)
	at io.netty.util.concurrent.SingleThreadEventExecutor$2.run(SingleThreadEventExecutor.java:111)
	at java.lang.Thread.run(Thread.java:745)
]]></system-err>
</testsuite>
