<?xml version="1.0" encoding="UTF-8"?>
<testsuite name="Scenario: Search Account ID with SUNT Vouchers" tests="28" skipped="0" failures="0" errors="0" timestamp="2015-07-01T15:09:34" hostname="jov-HP-Z220-CMT-Workstation" time="13.762">
  <properties/>
  <testcase name="When I go to the Home page" classname="Scenario: Search Account ID with SUNT Vouchers" time="0.001"/>
  <testcase name="And the browser is at the Home page" classname="Scenario: Search Account ID with SUNT Vouchers" time="0.0"/>
  <testcase name="And I click on the Create Campaign link" classname="Scenario: Search Account ID with SUNT Vouchers" time="0.001"/>
  <testcase name="And the browser is at the Create Campaign page" classname="Scenario: Search Account ID with SUNT Vouchers" time="0.0"/>
  <testcase name="And I select Single Use Non-Transferable from campaignType" classname="Scenario: Search Account ID with SUNT Vouchers" time="0.0"/>
  <testcase name="And I enter a random campaign name" classname="Scenario: Search Account ID with SUNT Vouchers" time="0.0"/>
  <testcase name="And I enter the values" classname="Scenario: Search Account ID with SUNT Vouchers" time="0.0"/>
  <testcase name="And I click the Create Campaign button" classname="Scenario: Search Account ID with SUNT Vouchers" time="0.001"/>
  <testcase name="And I wait until the campaign links are displayed" classname="Scenario: Search Account ID with SUNT Vouchers" time="0.0"/>
  <testcase name="Then the browser is at the List Campaigns page" classname="Scenario: Search Account ID with SUNT Vouchers" time="0.0"/>
  <testcase name="And I click on the campaign we just created" classname="Scenario: Search Account ID with SUNT Vouchers" time="0.0"/>
  <testcase name="And I click on the Show Create Vouchers link" classname="Scenario: Search Account ID with SUNT Vouchers" time="0.0"/>
  <testcase name="When I enter the values" classname="Scenario: Search Account ID with SUNT Vouchers" time="0.0"/>
  <testcase name="And I click the Create Voucher button" classname="Scenario: Search Account ID with SUNT Vouchers" time="0.0"/>
  <testcase name="And I go to the Search Account page" classname="Scenario: Search Account ID with SUNT Vouchers" time="0.001"/>
  <testcase name="And I enter the values" classname="Scenario: Search Account ID with SUNT Vouchers" time="0.0"/>
  <testcase name="And I click the Search Account button" classname="Scenario: Search Account ID with SUNT Vouchers" time="0.0"/>
  <testcase name="Then the error &quot;Unknown account or no vouchers associated with account '90909090'&quot; is displayed on the page" classname="Scenario: Search Account ID with SUNT Vouchers" time="0.0"/>
  <testcase name="And I enter the values" classname="Scenario: Search Account ID with SUNT Vouchers" time="0.0"/>
  <testcase name="And I click the Search Account button" classname="Scenario: Search Account ID with SUNT Vouchers" time="0.0"/>
  <testcase name="And the table headers correspond to row values" classname="Scenario: Search Account ID with SUNT Vouchers" time="0.0"/>
  <testcase name="And I click on the link starting with NOW" classname="Scenario: Search Account ID with SUNT Vouchers" time="0.001"/>
  <testcase name="Then the browser is at the Search Vouchers page" classname="Scenario: Search Account ID with SUNT Vouchers" time="0.0"/>
  <testcase name="And the Search Vouchers button is displayed" classname="Scenario: Search Account ID with SUNT Vouchers" time="0.0"/>
  <testcase name="And I click on the 11777711 link" classname="Scenario: Search Account ID with SUNT Vouchers" time="0.0"/>
  <testcase name="Then the browser is at the Search Account page" classname="Scenario: Search Account ID with SUNT Vouchers" time="0.0"/>
  <testcase name="And the Search Account button is displayed" classname="Scenario: Search Account ID with SUNT Vouchers" time="0.0"/>
  <testcase name="classMethod" classname="Scenario: Search Account ID with SUNT Vouchers" time="16.883"/>
  <system-out><![CDATA[16:09:31.061 [Test worker] DEBUG o.s.b.f.s.DefaultListableBeanFactory - Creating instance of bean 'com.nowtv.pav.test.steps.GenericSteps'
16:09:31.863 [Forwarding newSession on session null to remote] DEBUG o.a.h.c.protocol.RequestAddCookies - CookieSpec selected: best-match
16:09:31.872 [Forwarding newSession on session null to remote] DEBUG o.a.h.c.protocol.RequestAuthCache - Auth cache not set in the context
16:09:31.873 [Forwarding newSession on session null to remote] DEBUG o.a.h.i.c.PoolingHttpClientConnectionManager - Connection request: [route: {}->http://localhost:26428][total kept alive: 0; route allocated: 0 of 2000; total allocated: 0 of 2000]
16:09:31.888 [Forwarding newSession on session null to remote] DEBUG o.a.h.i.c.PoolingHttpClientConnectionManager - Connection leased: [id: 0][route: {}->http://localhost:26428][total kept alive: 0; route allocated: 1 of 2000; total allocated: 1 of 2000]
16:09:31.889 [Forwarding newSession on session null to remote] DEBUG o.a.h.impl.execchain.MainClientExec - Opening connection {}->http://localhost:26428
16:09:31.890 [Forwarding newSession on session null to remote] DEBUG o.a.h.i.c.HttpClientConnectionOperator - Connecting to localhost/127.0.0.1:26428
16:09:31.891 [Forwarding newSession on session null to remote] DEBUG o.a.h.i.c.HttpClientConnectionOperator - Connection established 127.0.0.1:43115<->127.0.0.1:26428
16:09:31.891 [Forwarding newSession on session null to remote] DEBUG o.a.h.impl.execchain.MainClientExec - Executing request POST /session HTTP/1.1
16:09:31.891 [Forwarding newSession on session null to remote] DEBUG o.a.h.impl.execchain.MainClientExec - Target auth state: UNCHALLENGED
16:09:31.891 [Forwarding newSession on session null to remote] DEBUG o.a.h.impl.execchain.MainClientExec - Proxy auth state: UNCHALLENGED
16:09:31.893 [Forwarding newSession on session null to remote] DEBUG org.apache.http.headers - http-outgoing-0 >> POST /session HTTP/1.1
16:09:31.893 [Forwarding newSession on session null to remote] DEBUG org.apache.http.headers - http-outgoing-0 >> Content-Type: application/json; charset=utf-8
16:09:31.893 [Forwarding newSession on session null to remote] DEBUG org.apache.http.headers - http-outgoing-0 >> Content-Length: 143
16:09:31.893 [Forwarding newSession on session null to remote] DEBUG org.apache.http.headers - http-outgoing-0 >> Host: localhost:26428
16:09:31.893 [Forwarding newSession on session null to remote] DEBUG org.apache.http.headers - http-outgoing-0 >> Connection: Keep-Alive
16:09:31.893 [Forwarding newSession on session null to remote] DEBUG org.apache.http.headers - http-outgoing-0 >> User-Agent: Apache-HttpClient/4.3.4 (java 1.5)
16:09:31.893 [Forwarding newSession on session null to remote] DEBUG org.apache.http.headers - http-outgoing-0 >> Accept-Encoding: gzip,deflate
16:09:31.893 [Forwarding newSession on session null to remote] DEBUG org.apache.http.wire - http-outgoing-0 >> "POST /session HTTP/1.1[\r][\n]"
16:09:31.893 [Forwarding newSession on session null to remote] DEBUG org.apache.http.wire - http-outgoing-0 >> "Content-Type: application/json; charset=utf-8[\r][\n]"
16:09:31.893 [Forwarding newSession on session null to remote] DEBUG org.apache.http.wire - http-outgoing-0 >> "Content-Length: 143[\r][\n]"
16:09:31.893 [Forwarding newSession on session null to remote] DEBUG org.apache.http.wire - http-outgoing-0 >> "Host: localhost:26428[\r][\n]"
16:09:31.893 [Forwarding newSession on session null to remote] DEBUG org.apache.http.wire - http-outgoing-0 >> "Connection: Keep-Alive[\r][\n]"
16:09:31.894 [Forwarding newSession on session null to remote] DEBUG org.apache.http.wire - http-outgoing-0 >> "User-Agent: Apache-HttpClient/4.3.4 (java 1.5)[\r][\n]"
16:09:31.894 [Forwarding newSession on session null to remote] DEBUG org.apache.http.wire - http-outgoing-0 >> "Accept-Encoding: gzip,deflate[\r][\n]"
16:09:31.894 [Forwarding newSession on session null to remote] DEBUG org.apache.http.wire - http-outgoing-0 >> "[\r][\n]"
16:09:31.894 [Forwarding newSession on session null to remote] DEBUG org.apache.http.wire - http-outgoing-0 >> "{"desiredCapabilities":{"chrome.switches":[],"browserName":"chrome","chromeOptions":{"args":[],"extensions":[]},"version":"","platform":"ANY"}}"
16:09:32.212 [Forwarding newSession on session null to remote] DEBUG org.apache.http.wire - http-outgoing-0 << "HTTP/1.1 200 OK[\r][\n]"
16:09:32.212 [Forwarding newSession on session null to remote] DEBUG org.apache.http.wire - http-outgoing-0 << "Content-Length:550[\r][\n]"
16:09:32.212 [Forwarding newSession on session null to remote] DEBUG org.apache.http.wire - http-outgoing-0 << "Content-Type:application/json; charset=utf-8[\r][\n]"
16:09:32.212 [Forwarding newSession on session null to remote] DEBUG org.apache.http.wire - http-outgoing-0 << "Connection:close[\r][\n]"
16:09:32.212 [Forwarding newSession on session null to remote] DEBUG org.apache.http.wire - http-outgoing-0 << "[\r][\n]"
16:09:32.212 [Forwarding newSession on session null to remote] DEBUG org.apache.http.wire - http-outgoing-0 << "{"sessionId":"4040cb7a5bc71c83f3ed4ea31eacdfd8","status":0,"value":{"acceptSslCerts":true,"applicationCacheEnabled":false,"browserConnectionEnabled":false,"browserName":"chrome","chrome":{"userDataDir":"/tmp/.com.google.Chrome.W864B3"},"cssSelectorsEnabled":true,"databaseEnabled":false,"handlesAlerts":true,"javascriptEnabled":true,"locationContextEnabled":true,"mobileEmulationEnabled":false,"nativeEvents":true,"platform":"Linux","rotatable":false,"takesHeapSnapshot":true,"takesScreenshot":true,"version":"43.0.2357.81","webStorageEnabled":true}}"
16:09:32.214 [Forwarding newSession on session null to remote] DEBUG org.apache.http.headers - http-outgoing-0 << HTTP/1.1 200 OK
16:09:32.215 [Forwarding newSession on session null to remote] DEBUG org.apache.http.headers - http-outgoing-0 << Content-Length:550
16:09:32.215 [Forwarding newSession on session null to remote] DEBUG org.apache.http.headers - http-outgoing-0 << Content-Type:application/json; charset=utf-8
16:09:32.215 [Forwarding newSession on session null to remote] DEBUG org.apache.http.headers - http-outgoing-0 << Connection:close
16:09:32.220 [Forwarding newSession on session null to remote] DEBUG o.a.h.i.c.DefaultManagedHttpClientConnection - http-outgoing-0: Shutdown connection
16:09:32.220 [Forwarding newSession on session null to remote] DEBUG o.a.h.impl.execchain.MainClientExec - Connection discarded
16:09:32.220 [Forwarding newSession on session null to remote] DEBUG o.a.h.i.c.DefaultManagedHttpClientConnection - http-outgoing-0: Close connection
16:09:32.221 [Forwarding newSession on session null to remote] DEBUG o.a.h.i.c.PoolingHttpClientConnectionManager - Connection released: [id: 0][route: {}->http://localhost:26428][total kept alive: 0; route allocated: 0 of 2000; total allocated: 0 of 2000]
16:09:32.226 [Forwarding implicitlyWait on session 4040cb7a5bc71c83f3ed4ea31eacdfd8 to remote] DEBUG o.a.h.c.protocol.RequestAddCookies - CookieSpec selected: best-match
16:09:32.226 [Forwarding implicitlyWait on session 4040cb7a5bc71c83f3ed4ea31eacdfd8 to remote] DEBUG o.a.h.c.protocol.RequestAuthCache - Auth cache not set in the context
16:09:32.227 [Forwarding implicitlyWait on session 4040cb7a5bc71c83f3ed4ea31eacdfd8 to remote] DEBUG o.a.h.i.c.PoolingHttpClientConnectionManager - Connection request: [route: {}->http://localhost:26428][total kept alive: 0; route allocated: 0 of 2000; total allocated: 0 of 2000]
16:09:32.227 [Forwarding implicitlyWait on session 4040cb7a5bc71c83f3ed4ea31eacdfd8 to remote] DEBUG o.a.h.i.c.PoolingHttpClientConnectionManager - Connection leased: [id: 1][route: {}->http://localhost:26428][total kept alive: 0; route allocated: 1 of 2000; total allocated: 1 of 2000]
16:09:32.227 [Forwarding implicitlyWait on session 4040cb7a5bc71c83f3ed4ea31eacdfd8 to remote] DEBUG o.a.h.impl.execchain.MainClientExec - Opening connection {}->http://localhost:26428
16:09:32.227 [Forwarding implicitlyWait on session 4040cb7a5bc71c83f3ed4ea31eacdfd8 to remote] DEBUG o.a.h.i.c.HttpClientConnectionOperator - Connecting to localhost/127.0.0.1:26428
16:09:32.227 [Forwarding implicitlyWait on session 4040cb7a5bc71c83f3ed4ea31eacdfd8 to remote] DEBUG o.a.h.i.c.HttpClientConnectionOperator - Connection established 127.0.0.1:43123<->127.0.0.1:26428
16:09:32.227 [Forwarding implicitlyWait on session 4040cb7a5bc71c83f3ed4ea31eacdfd8 to remote] DEBUG o.a.h.impl.execchain.MainClientExec - Executing request POST /session/4040cb7a5bc71c83f3ed4ea31eacdfd8/timeouts/implicit_wait HTTP/1.1
16:09:32.227 [Forwarding implicitlyWait on session 4040cb7a5bc71c83f3ed4ea31eacdfd8 to remote] DEBUG o.a.h.impl.execchain.MainClientExec - Target auth state: UNCHALLENGED
16:09:32.227 [Forwarding implicitlyWait on session 4040cb7a5bc71c83f3ed4ea31eacdfd8 to remote] DEBUG o.a.h.impl.execchain.MainClientExec - Proxy auth state: UNCHALLENGED
16:09:32.227 [Forwarding implicitlyWait on session 4040cb7a5bc71c83f3ed4ea31eacdfd8 to remote] DEBUG org.apache.http.headers - http-outgoing-1 >> POST /session/4040cb7a5bc71c83f3ed4ea31eacdfd8/timeouts/implicit_wait HTTP/1.1
16:09:32.227 [Forwarding implicitlyWait on session 4040cb7a5bc71c83f3ed4ea31eacdfd8 to remote] DEBUG org.apache.http.headers - http-outgoing-1 >> Content-Type: application/json; charset=utf-8
16:09:32.227 [Forwarding implicitlyWait on session 4040cb7a5bc71c83f3ed4ea31eacdfd8 to remote] DEBUG org.apache.http.headers - http-outgoing-1 >> Content-Length: 12
16:09:32.227 [Forwarding implicitlyWait on session 4040cb7a5bc71c83f3ed4ea31eacdfd8 to remote] DEBUG org.apache.http.headers - http-outgoing-1 >> Host: localhost:26428
16:09:32.228 [Forwarding implicitlyWait on session 4040cb7a5bc71c83f3ed4ea31eacdfd8 to remote] DEBUG org.apache.http.headers - http-outgoing-1 >> Connection: Keep-Alive
16:09:32.228 [Forwarding implicitlyWait on session 4040cb7a5bc71c83f3ed4ea31eacdfd8 to remote] DEBUG org.apache.http.headers - http-outgoing-1 >> User-Agent: Apache-HttpClient/4.3.4 (java 1.5)
16:09:32.228 [Forwarding implicitlyWait on session 4040cb7a5bc71c83f3ed4ea31eacdfd8 to remote] DEBUG org.apache.http.headers - http-outgoing-1 >> Accept-Encoding: gzip,deflate
16:09:32.228 [Forwarding implicitlyWait on session 4040cb7a5bc71c83f3ed4ea31eacdfd8 to remote] DEBUG org.apache.http.wire - http-outgoing-1 >> "POST /session/4040cb7a5bc71c83f3ed4ea31eacdfd8/timeouts/implicit_wait HTTP/1.1[\r][\n]"
16:09:32.228 [Forwarding implicitlyWait on session 4040cb7a5bc71c83f3ed4ea31eacdfd8 to remote] DEBUG org.apache.http.wire - http-outgoing-1 >> "Content-Type: application/json; charset=utf-8[\r][\n]"
16:09:32.228 [Forwarding implicitlyWait on session 4040cb7a5bc71c83f3ed4ea31eacdfd8 to remote] DEBUG org.apache.http.wire - http-outgoing-1 >> "Content-Length: 12[\r][\n]"
16:09:32.228 [Forwarding implicitlyWait on session 4040cb7a5bc71c83f3ed4ea31eacdfd8 to remote] DEBUG org.apache.http.wire - http-outgoing-1 >> "Host: localhost:26428[\r][\n]"
16:09:32.228 [Forwarding implicitlyWait on session 4040cb7a5bc71c83f3ed4ea31eacdfd8 to remote] DEBUG org.apache.http.wire - http-outgoing-1 >> "Connection: Keep-Alive[\r][\n]"
16:09:32.228 [Forwarding implicitlyWait on session 4040cb7a5bc71c83f3ed4ea31eacdfd8 to remote] DEBUG org.apache.http.wire - http-outgoing-1 >> "User-Agent: Apache-HttpClient/4.3.4 (java 1.5)[\r][\n]"
16:09:32.228 [Forwarding implicitlyWait on session 4040cb7a5bc71c83f3ed4ea31eacdfd8 to remote] DEBUG org.apache.http.wire - http-outgoing-1 >> "Accept-Encoding: gzip,deflate[\r][\n]"
16:09:32.228 [Forwarding implicitlyWait on session 4040cb7a5bc71c83f3ed4ea31eacdfd8 to remote] DEBUG org.apache.http.wire - http-outgoing-1 >> "[\r][\n]"
16:09:32.228 [Forwarding implicitlyWait on session 4040cb7a5bc71c83f3ed4ea31eacdfd8 to remote] DEBUG org.apache.http.wire - http-outgoing-1 >> "{"ms":30000}"
16:09:32.228 [Forwarding implicitlyWait on session 4040cb7a5bc71c83f3ed4ea31eacdfd8 to remote] DEBUG org.apache.http.wire - http-outgoing-1 << "HTTP/1.1 200 OK[\r][\n]"
16:09:32.228 [Forwarding implicitlyWait on session 4040cb7a5bc71c83f3ed4ea31eacdfd8 to remote] DEBUG org.apache.http.wire - http-outgoing-1 << "Content-Length:72[\r][\n]"
16:09:32.228 [Forwarding implicitlyWait on session 4040cb7a5bc71c83f3ed4ea31eacdfd8 to remote] DEBUG org.apache.http.wire - http-outgoing-1 << "Content-Type:application/json; charset=utf-8[\r][\n]"
16:09:32.228 [Forwarding implicitlyWait on session 4040cb7a5bc71c83f3ed4ea31eacdfd8 to remote] DEBUG org.apache.http.wire - http-outgoing-1 << "Connection:close[\r][\n]"
16:09:32.231 [Forwarding implicitlyWait on session 4040cb7a5bc71c83f3ed4ea31eacdfd8 to remote] DEBUG org.apache.http.wire - http-outgoing-1 << "[\r][\n]"
16:09:32.231 [Forwarding implicitlyWait on session 4040cb7a5bc71c83f3ed4ea31eacdfd8 to remote] DEBUG org.apache.http.wire - http-outgoing-1 << "{"sessionId":"4040cb7a5bc71c83f3ed4ea31eacdfd8","status":0,"value":null}"
16:09:32.231 [Forwarding implicitlyWait on session 4040cb7a5bc71c83f3ed4ea31eacdfd8 to remote] DEBUG org.apache.http.headers - http-outgoing-1 << HTTP/1.1 200 OK
16:09:32.231 [Forwarding implicitlyWait on session 4040cb7a5bc71c83f3ed4ea31eacdfd8 to remote] DEBUG org.apache.http.headers - http-outgoing-1 << Content-Length:72
16:09:32.231 [Forwarding implicitlyWait on session 4040cb7a5bc71c83f3ed4ea31eacdfd8 to remote] DEBUG org.apache.http.headers - http-outgoing-1 << Content-Type:application/json; charset=utf-8
16:09:32.231 [Forwarding implicitlyWait on session 4040cb7a5bc71c83f3ed4ea31eacdfd8 to remote] DEBUG org.apache.http.headers - http-outgoing-1 << Connection:close
16:09:32.231 [Forwarding implicitlyWait on session 4040cb7a5bc71c83f3ed4ea31eacdfd8 to remote] DEBUG o.a.h.i.c.DefaultManagedHttpClientConnection - http-outgoing-1: Shutdown connection
16:09:32.231 [Forwarding implicitlyWait on session 4040cb7a5bc71c83f3ed4ea31eacdfd8 to remote] DEBUG o.a.h.impl.execchain.MainClientExec - Connection discarded
16:09:32.231 [Forwarding implicitlyWait on session 4040cb7a5bc71c83f3ed4ea31eacdfd8 to remote] DEBUG o.a.h.i.c.DefaultManagedHttpClientConnection - http-outgoing-1: Close connection
16:09:32.231 [Forwarding implicitlyWait on session 4040cb7a5bc71c83f3ed4ea31eacdfd8 to remote] DEBUG o.a.h.i.c.PoolingHttpClientConnectionManager - Connection released: [id: 1][route: {}->http://localhost:26428][total kept alive: 0; route allocated: 0 of 2000; total allocated: 0 of 2000]
16:09:32.246 [Test worker] DEBUG o.s.b.f.s.DefaultListableBeanFactory - Finished creating instance of bean 'com.nowtv.pav.test.steps.GenericSteps'
16:09:32.248 [Forwarding maximizeWindow on session 4040cb7a5bc71c83f3ed4ea31eacdfd8 to remote] DEBUG o.a.h.c.protocol.RequestAddCookies - CookieSpec selected: best-match
16:09:32.248 [Forwarding maximizeWindow on session 4040cb7a5bc71c83f3ed4ea31eacdfd8 to remote] DEBUG o.a.h.c.protocol.RequestAuthCache - Auth cache not set in the context
16:09:32.248 [Forwarding maximizeWindow on session 4040cb7a5bc71c83f3ed4ea31eacdfd8 to remote] DEBUG o.a.h.i.c.PoolingHttpClientConnectionManager - Connection request: [route: {}->http://localhost:26428][total kept alive: 0; route allocated: 0 of 2000; total allocated: 0 of 2000]
16:09:32.248 [Forwarding maximizeWindow on session 4040cb7a5bc71c83f3ed4ea31eacdfd8 to remote] DEBUG o.a.h.i.c.PoolingHttpClientConnectionManager - Connection leased: [id: 2][route: {}->http://localhost:26428][total kept alive: 0; route allocated: 1 of 2000; total allocated: 1 of 2000]
16:09:32.248 [Forwarding maximizeWindow on session 4040cb7a5bc71c83f3ed4ea31eacdfd8 to remote] DEBUG o.a.h.impl.execchain.MainClientExec - Opening connection {}->http://localhost:26428
16:09:32.248 [Forwarding maximizeWindow on session 4040cb7a5bc71c83f3ed4ea31eacdfd8 to remote] DEBUG o.a.h.i.c.HttpClientConnectionOperator - Connecting to localhost/127.0.0.1:26428
16:09:32.248 [Forwarding maximizeWindow on session 4040cb7a5bc71c83f3ed4ea31eacdfd8 to remote] DEBUG o.a.h.i.c.HttpClientConnectionOperator - Connection established 127.0.0.1:43124<->127.0.0.1:26428
16:09:32.249 [Forwarding maximizeWindow on session 4040cb7a5bc71c83f3ed4ea31eacdfd8 to remote] DEBUG o.a.h.impl.execchain.MainClientExec - Executing request POST /session/4040cb7a5bc71c83f3ed4ea31eacdfd8/window/current/maximize HTTP/1.1
16:09:32.249 [Forwarding maximizeWindow on session 4040cb7a5bc71c83f3ed4ea31eacdfd8 to remote] DEBUG o.a.h.impl.execchain.MainClientExec - Target auth state: UNCHALLENGED
16:09:32.249 [Forwarding maximizeWindow on session 4040cb7a5bc71c83f3ed4ea31eacdfd8 to remote] DEBUG o.a.h.impl.execchain.MainClientExec - Proxy auth state: UNCHALLENGED
16:09:32.249 [Forwarding maximizeWindow on session 4040cb7a5bc71c83f3ed4ea31eacdfd8 to remote] DEBUG org.apache.http.headers - http-outgoing-2 >> POST /session/4040cb7a5bc71c83f3ed4ea31eacdfd8/window/current/maximize HTTP/1.1
16:09:32.249 [Forwarding maximizeWindow on session 4040cb7a5bc71c83f3ed4ea31eacdfd8 to remote] DEBUG org.apache.http.headers - http-outgoing-2 >> Content-Type: application/json; charset=utf-8
16:09:32.249 [Forwarding maximizeWindow on session 4040cb7a5bc71c83f3ed4ea31eacdfd8 to remote] DEBUG org.apache.http.headers - http-outgoing-2 >> Content-Length: 26
16:09:32.249 [Forwarding maximizeWindow on session 4040cb7a5bc71c83f3ed4ea31eacdfd8 to remote] DEBUG org.apache.http.headers - http-outgoing-2 >> Host: localhost:26428
16:09:32.249 [Forwarding maximizeWindow on session 4040cb7a5bc71c83f3ed4ea31eacdfd8 to remote] DEBUG org.apache.http.headers - http-outgoing-2 >> Connection: Keep-Alive
16:09:32.249 [Forwarding maximizeWindow on session 4040cb7a5bc71c83f3ed4ea31eacdfd8 to remote] DEBUG org.apache.http.headers - http-outgoing-2 >> User-Agent: Apache-HttpClient/4.3.4 (java 1.5)
16:09:32.249 [Forwarding maximizeWindow on session 4040cb7a5bc71c83f3ed4ea31eacdfd8 to remote] DEBUG org.apache.http.headers - http-outgoing-2 >> Accept-Encoding: gzip,deflate
16:09:32.249 [Forwarding maximizeWindow on session 4040cb7a5bc71c83f3ed4ea31eacdfd8 to remote] DEBUG org.apache.http.wire - http-outgoing-2 >> "POST /session/4040cb7a5bc71c83f3ed4ea31eacdfd8/window/current/maximize HTTP/1.1[\r][\n]"
16:09:32.249 [Forwarding maximizeWindow on session 4040cb7a5bc71c83f3ed4ea31eacdfd8 to remote] DEBUG org.apache.http.wire - http-outgoing-2 >> "Content-Type: application/json; charset=utf-8[\r][\n]"
16:09:32.249 [Forwarding maximizeWindow on session 4040cb7a5bc71c83f3ed4ea31eacdfd8 to remote] DEBUG org.apache.http.wire - http-outgoing-2 >> "Content-Length: 26[\r][\n]"
16:09:32.249 [Forwarding maximizeWindow on session 4040cb7a5bc71c83f3ed4ea31eacdfd8 to remote] DEBUG org.apache.http.wire - http-outgoing-2 >> "Host: localhost:26428[\r][\n]"
16:09:32.249 [Forwarding maximizeWindow on session 4040cb7a5bc71c83f3ed4ea31eacdfd8 to remote] DEBUG org.apache.http.wire - http-outgoing-2 >> "Connection: Keep-Alive[\r][\n]"
16:09:32.249 [Forwarding maximizeWindow on session 4040cb7a5bc71c83f3ed4ea31eacdfd8 to remote] DEBUG org.apache.http.wire - http-outgoing-2 >> "User-Agent: Apache-HttpClient/4.3.4 (java 1.5)[\r][\n]"
16:09:32.249 [Forwarding maximizeWindow on session 4040cb7a5bc71c83f3ed4ea31eacdfd8 to remote] DEBUG org.apache.http.wire - http-outgoing-2 >> "Accept-Encoding: gzip,deflate[\r][\n]"
16:09:32.249 [Forwarding maximizeWindow on session 4040cb7a5bc71c83f3ed4ea31eacdfd8 to remote] DEBUG org.apache.http.wire - http-outgoing-2 >> "[\r][\n]"
16:09:32.249 [Forwarding maximizeWindow on session 4040cb7a5bc71c83f3ed4ea31eacdfd8 to remote] DEBUG org.apache.http.wire - http-outgoing-2 >> "{"windowHandle":"current"}"
16:09:32.385 [Forwarding maximizeWindow on session 4040cb7a5bc71c83f3ed4ea31eacdfd8 to remote] DEBUG org.apache.http.wire - http-outgoing-2 << "HTTP/1.1 200 OK[\r][\n]"
16:09:32.385 [Forwarding maximizeWindow on session 4040cb7a5bc71c83f3ed4ea31eacdfd8 to remote] DEBUG org.apache.http.wire - http-outgoing-2 << "Content-Length:72[\r][\n]"
16:09:32.385 [Forwarding maximizeWindow on session 4040cb7a5bc71c83f3ed4ea31eacdfd8 to remote] DEBUG org.apache.http.wire - http-outgoing-2 << "Content-Type:application/json; charset=utf-8[\r][\n]"
16:09:32.385 [Forwarding maximizeWindow on session 4040cb7a5bc71c83f3ed4ea31eacdfd8 to remote] DEBUG org.apache.http.wire - http-outgoing-2 << "Connection:close[\r][\n]"
16:09:32.385 [Forwarding maximizeWindow on session 4040cb7a5bc71c83f3ed4ea31eacdfd8 to remote] DEBUG org.apache.http.wire - http-outgoing-2 << "[\r][\n]"
16:09:32.386 [Forwarding maximizeWindow on session 4040cb7a5bc71c83f3ed4ea31eacdfd8 to remote] DEBUG org.apache.http.wire - http-outgoing-2 << "{"sessionId":"4040cb7a5bc71c83f3ed4ea31eacdfd8","status":0,"value":null}"
16:09:32.386 [Forwarding maximizeWindow on session 4040cb7a5bc71c83f3ed4ea31eacdfd8 to remote] DEBUG org.apache.http.headers - http-outgoing-2 << HTTP/1.1 200 OK
16:09:32.386 [Forwarding maximizeWindow on session 4040cb7a5bc71c83f3ed4ea31eacdfd8 to remote] DEBUG org.apache.http.headers - http-outgoing-2 << Content-Length:72
16:09:32.387 [Forwarding maximizeWindow on session 4040cb7a5bc71c83f3ed4ea31eacdfd8 to remote] DEBUG org.apache.http.headers - http-outgoing-2 << Content-Type:application/json; charset=utf-8
16:09:32.387 [Forwarding maximizeWindow on session 4040cb7a5bc71c83f3ed4ea31eacdfd8 to remote] DEBUG org.apache.http.headers - http-outgoing-2 << Connection:close
16:09:32.387 [Forwarding maximizeWindow on session 4040cb7a5bc71c83f3ed4ea31eacdfd8 to remote] DEBUG o.a.h.i.c.DefaultManagedHttpClientConnection - http-outgoing-2: Shutdown connection
16:09:32.387 [Forwarding maximizeWindow on session 4040cb7a5bc71c83f3ed4ea31eacdfd8 to remote] DEBUG o.a.h.impl.execchain.MainClientExec - Connection discarded
16:09:32.387 [Forwarding maximizeWindow on session 4040cb7a5bc71c83f3ed4ea31eacdfd8 to remote] DEBUG o.a.h.i.c.DefaultManagedHttpClientConnection - http-outgoing-2: Close connection
16:09:32.387 [Forwarding maximizeWindow on session 4040cb7a5bc71c83f3ed4ea31eacdfd8 to remote] DEBUG o.a.h.i.c.PoolingHttpClientConnectionManager - Connection released: [id: 2][route: {}->http://localhost:26428][total kept alive: 0; route allocated: 0 of 2000; total allocated: 0 of 2000]
16:09:32.389 [Forwarding get on session 4040cb7a5bc71c83f3ed4ea31eacdfd8 to remote] DEBUG o.a.h.c.protocol.RequestAddCookies - CookieSpec selected: best-match
16:09:32.390 [Forwarding get on session 4040cb7a5bc71c83f3ed4ea31eacdfd8 to remote] DEBUG o.a.h.c.protocol.RequestAuthCache - Auth cache not set in the context
16:09:32.390 [Forwarding get on session 4040cb7a5bc71c83f3ed4ea31eacdfd8 to remote] DEBUG o.a.h.i.c.PoolingHttpClientConnectionManager - Connection request: [route: {}->http://localhost:26428][total kept alive: 0; route allocated: 0 of 2000; total allocated: 0 of 2000]
16:09:32.390 [Forwarding get on session 4040cb7a5bc71c83f3ed4ea31eacdfd8 to remote] DEBUG o.a.h.i.c.PoolingHttpClientConnectionManager - Connection leased: [id: 3][route: {}->http://localhost:26428][total kept alive: 0; route allocated: 1 of 2000; total allocated: 1 of 2000]
16:09:32.390 [Forwarding get on session 4040cb7a5bc71c83f3ed4ea31eacdfd8 to remote] DEBUG o.a.h.impl.execchain.MainClientExec - Opening connection {}->http://localhost:26428
16:09:32.390 [Forwarding get on session 4040cb7a5bc71c83f3ed4ea31eacdfd8 to remote] DEBUG o.a.h.i.c.HttpClientConnectionOperator - Connecting to localhost/127.0.0.1:26428
16:09:32.390 [Forwarding get on session 4040cb7a5bc71c83f3ed4ea31eacdfd8 to remote] DEBUG o.a.h.i.c.HttpClientConnectionOperator - Connection established 127.0.0.1:43126<->127.0.0.1:26428
16:09:32.390 [Forwarding get on session 4040cb7a5bc71c83f3ed4ea31eacdfd8 to remote] DEBUG o.a.h.impl.execchain.MainClientExec - Executing request POST /session/4040cb7a5bc71c83f3ed4ea31eacdfd8/url HTTP/1.1
16:09:32.390 [Forwarding get on session 4040cb7a5bc71c83f3ed4ea31eacdfd8 to remote] DEBUG o.a.h.impl.execchain.MainClientExec - Target auth state: UNCHALLENGED
16:09:32.390 [Forwarding get on session 4040cb7a5bc71c83f3ed4ea31eacdfd8 to remote] DEBUG o.a.h.impl.execchain.MainClientExec - Proxy auth state: UNCHALLENGED
16:09:32.390 [Forwarding get on session 4040cb7a5bc71c83f3ed4ea31eacdfd8 to remote] DEBUG org.apache.http.headers - http-outgoing-3 >> POST /session/4040cb7a5bc71c83f3ed4ea31eacdfd8/url HTTP/1.1
16:09:32.391 [Forwarding get on session 4040cb7a5bc71c83f3ed4ea31eacdfd8 to remote] DEBUG org.apache.http.headers - http-outgoing-3 >> Content-Type: application/json; charset=utf-8
16:09:32.391 [Forwarding get on session 4040cb7a5bc71c83f3ed4ea31eacdfd8 to remote] DEBUG org.apache.http.headers - http-outgoing-3 >> Content-Length: 51
16:09:32.391 [Forwarding get on session 4040cb7a5bc71c83f3ed4ea31eacdfd8 to remote] DEBUG org.apache.http.headers - http-outgoing-3 >> Host: localhost:26428
16:09:32.391 [Forwarding get on session 4040cb7a5bc71c83f3ed4ea31eacdfd8 to remote] DEBUG org.apache.http.headers - http-outgoing-3 >> Connection: Keep-Alive
16:09:32.391 [Forwarding get on session 4040cb7a5bc71c83f3ed4ea31eacdfd8 to remote] DEBUG org.apache.http.headers - http-outgoing-3 >> User-Agent: Apache-HttpClient/4.3.4 (java 1.5)
16:09:32.391 [Forwarding get on session 4040cb7a5bc71c83f3ed4ea31eacdfd8 to remote] DEBUG org.apache.http.headers - http-outgoing-3 >> Accept-Encoding: gzip,deflate
16:09:32.391 [Forwarding get on session 4040cb7a5bc71c83f3ed4ea31eacdfd8 to remote] DEBUG org.apache.http.wire - http-outgoing-3 >> "POST /session/4040cb7a5bc71c83f3ed4ea31eacdfd8/url HTTP/1.1[\r][\n]"
16:09:32.391 [Forwarding get on session 4040cb7a5bc71c83f3ed4ea31eacdfd8 to remote] DEBUG org.apache.http.wire - http-outgoing-3 >> "Content-Type: application/json; charset=utf-8[\r][\n]"
16:09:32.391 [Forwarding get on session 4040cb7a5bc71c83f3ed4ea31eacdfd8 to remote] DEBUG org.apache.http.wire - http-outgoing-3 >> "Content-Length: 51[\r][\n]"
16:09:32.391 [Forwarding get on session 4040cb7a5bc71c83f3ed4ea31eacdfd8 to remote] DEBUG org.apache.http.wire - http-outgoing-3 >> "Host: localhost:26428[\r][\n]"
16:09:32.391 [Forwarding get on session 4040cb7a5bc71c83f3ed4ea31eacdfd8 to remote] DEBUG org.apache.http.wire - http-outgoing-3 >> "Connection: Keep-Alive[\r][\n]"
16:09:32.391 [Forwarding get on session 4040cb7a5bc71c83f3ed4ea31eacdfd8 to remote] DEBUG org.apache.http.wire - http-outgoing-3 >> "User-Agent: Apache-HttpClient/4.3.4 (java 1.5)[\r][\n]"
16:09:32.391 [Forwarding get on session 4040cb7a5bc71c83f3ed4ea31eacdfd8 to remote] DEBUG org.apache.http.wire - http-outgoing-3 >> "Accept-Encoding: gzip,deflate[\r][\n]"
16:09:32.391 [Forwarding get on session 4040cb7a5bc71c83f3ed4ea31eacdfd8 to remote] DEBUG org.apache.http.wire - http-outgoing-3 >> "[\r][\n]"
16:09:32.391 [Forwarding get on session 4040cb7a5bc71c83f3ed4ea31eacdfd8 to remote] DEBUG org.apache.http.wire - http-outgoing-3 >> "{"url":"http://admin:pass@localhost:8080/campaign"}"
16:09:33.252 [Forwarding get on session 4040cb7a5bc71c83f3ed4ea31eacdfd8 to remote] DEBUG org.apache.http.wire - http-outgoing-3 << "HTTP/1.1 200 OK[\r][\n]"
16:09:33.252 [Forwarding get on session 4040cb7a5bc71c83f3ed4ea31eacdfd8 to remote] DEBUG org.apache.http.wire - http-outgoing-3 << "Content-Length:72[\r][\n]"
16:09:33.253 [Forwarding get on session 4040cb7a5bc71c83f3ed4ea31eacdfd8 to remote] DEBUG org.apache.http.wire - http-outgoing-3 << "Content-Type:application/json; charset=utf-8[\r][\n]"
16:09:33.253 [Forwarding get on session 4040cb7a5bc71c83f3ed4ea31eacdfd8 to remote] DEBUG org.apache.http.wire - http-outgoing-3 << "Connection:close[\r][\n]"
16:09:33.253 [Forwarding get on session 4040cb7a5bc71c83f3ed4ea31eacdfd8 to remote] DEBUG org.apache.http.wire - http-outgoing-3 << "[\r][\n]"
16:09:33.253 [Forwarding get on session 4040cb7a5bc71c83f3ed4ea31eacdfd8 to remote] DEBUG org.apache.http.wire - http-outgoing-3 << "{"sessionId":"4040cb7a5bc71c83f3ed4ea31eacdfd8","status":0,"value":null}"
16:09:33.253 [Forwarding get on session 4040cb7a5bc71c83f3ed4ea31eacdfd8 to remote] DEBUG org.apache.http.headers - http-outgoing-3 << HTTP/1.1 200 OK
16:09:33.253 [Forwarding get on session 4040cb7a5bc71c83f3ed4ea31eacdfd8 to remote] DEBUG org.apache.http.headers - http-outgoing-3 << Content-Length:72
16:09:33.253 [Forwarding get on session 4040cb7a5bc71c83f3ed4ea31eacdfd8 to remote] DEBUG org.apache.http.headers - http-outgoing-3 << Content-Type:application/json; charset=utf-8
16:09:33.253 [Forwarding get on session 4040cb7a5bc71c83f3ed4ea31eacdfd8 to remote] DEBUG org.apache.http.headers - http-outgoing-3 << Connection:close
16:09:33.253 [Forwarding get on session 4040cb7a5bc71c83f3ed4ea31eacdfd8 to remote] DEBUG o.a.h.i.c.DefaultManagedHttpClientConnection - http-outgoing-3: Shutdown connection
16:09:33.253 [Forwarding get on session 4040cb7a5bc71c83f3ed4ea31eacdfd8 to remote] DEBUG o.a.h.impl.execchain.MainClientExec - Connection discarded
16:09:33.253 [Forwarding get on session 4040cb7a5bc71c83f3ed4ea31eacdfd8 to remote] DEBUG o.a.h.i.c.DefaultManagedHttpClientConnection - http-outgoing-3: Close connection
16:09:33.253 [Forwarding get on session 4040cb7a5bc71c83f3ed4ea31eacdfd8 to remote] DEBUG o.a.h.i.c.PoolingHttpClientConnectionManager - Connection released: [id: 3][route: {}->http://localhost:26428][total kept alive: 0; route allocated: 0 of 2000; total allocated: 0 of 2000]
16:09:33.336 [Forwarding get on session 4040cb7a5bc71c83f3ed4ea31eacdfd8 to remote] DEBUG o.a.h.c.protocol.RequestAddCookies - CookieSpec selected: best-match
16:09:33.336 [Forwarding get on session 4040cb7a5bc71c83f3ed4ea31eacdfd8 to remote] DEBUG o.a.h.c.protocol.RequestAuthCache - Auth cache not set in the context
16:09:33.336 [Forwarding get on session 4040cb7a5bc71c83f3ed4ea31eacdfd8 to remote] DEBUG o.a.h.i.c.PoolingHttpClientConnectionManager - Connection request: [route: {}->http://localhost:26428][total kept alive: 0; route allocated: 0 of 2000; total allocated: 0 of 2000]
16:09:33.336 [Forwarding get on session 4040cb7a5bc71c83f3ed4ea31eacdfd8 to remote] DEBUG o.a.h.i.c.PoolingHttpClientConnectionManager - Connection leased: [id: 4][route: {}->http://localhost:26428][total kept alive: 0; route allocated: 1 of 2000; total allocated: 1 of 2000]
16:09:33.337 [Forwarding get on session 4040cb7a5bc71c83f3ed4ea31eacdfd8 to remote] DEBUG o.a.h.impl.execchain.MainClientExec - Opening connection {}->http://localhost:26428
16:09:33.337 [Forwarding get on session 4040cb7a5bc71c83f3ed4ea31eacdfd8 to remote] DEBUG o.a.h.i.c.HttpClientConnectionOperator - Connecting to localhost/127.0.0.1:26428
16:09:33.337 [Forwarding get on session 4040cb7a5bc71c83f3ed4ea31eacdfd8 to remote] DEBUG o.a.h.i.c.HttpClientConnectionOperator - Connection established 127.0.0.1:43128<->127.0.0.1:26428
16:09:33.337 [Forwarding get on session 4040cb7a5bc71c83f3ed4ea31eacdfd8 to remote] DEBUG o.a.h.impl.execchain.MainClientExec - Executing request POST /session/4040cb7a5bc71c83f3ed4ea31eacdfd8/url HTTP/1.1
16:09:33.337 [Forwarding get on session 4040cb7a5bc71c83f3ed4ea31eacdfd8 to remote] DEBUG o.a.h.impl.execchain.MainClientExec - Target auth state: UNCHALLENGED
16:09:33.337 [Forwarding get on session 4040cb7a5bc71c83f3ed4ea31eacdfd8 to remote] DEBUG o.a.h.impl.execchain.MainClientExec - Proxy auth state: UNCHALLENGED
16:09:33.338 [Forwarding get on session 4040cb7a5bc71c83f3ed4ea31eacdfd8 to remote] DEBUG org.apache.http.headers - http-outgoing-4 >> POST /session/4040cb7a5bc71c83f3ed4ea31eacdfd8/url HTTP/1.1
16:09:33.338 [Forwarding get on session 4040cb7a5bc71c83f3ed4ea31eacdfd8 to remote] DEBUG org.apache.http.headers - http-outgoing-4 >> Content-Type: application/json; charset=utf-8
16:09:33.338 [Forwarding get on session 4040cb7a5bc71c83f3ed4ea31eacdfd8 to remote] DEBUG org.apache.http.headers - http-outgoing-4 >> Content-Length: 43
16:09:33.338 [Forwarding get on session 4040cb7a5bc71c83f3ed4ea31eacdfd8 to remote] DEBUG org.apache.http.headers - http-outgoing-4 >> Host: localhost:26428
16:09:33.338 [Forwarding get on session 4040cb7a5bc71c83f3ed4ea31eacdfd8 to remote] DEBUG org.apache.http.headers - http-outgoing-4 >> Connection: Keep-Alive
16:09:33.338 [Forwarding get on session 4040cb7a5bc71c83f3ed4ea31eacdfd8 to remote] DEBUG org.apache.http.headers - http-outgoing-4 >> User-Agent: Apache-HttpClient/4.3.4 (java 1.5)
16:09:33.338 [Forwarding get on session 4040cb7a5bc71c83f3ed4ea31eacdfd8 to remote] DEBUG org.apache.http.headers - http-outgoing-4 >> Accept-Encoding: gzip,deflate
16:09:33.338 [Forwarding get on session 4040cb7a5bc71c83f3ed4ea31eacdfd8 to remote] DEBUG org.apache.http.wire - http-outgoing-4 >> "POST /session/4040cb7a5bc71c83f3ed4ea31eacdfd8/url HTTP/1.1[\r][\n]"
16:09:33.338 [Forwarding get on session 4040cb7a5bc71c83f3ed4ea31eacdfd8 to remote] DEBUG org.apache.http.wire - http-outgoing-4 >> "Content-Type: application/json; charset=utf-8[\r][\n]"
16:09:33.338 [Forwarding get on session 4040cb7a5bc71c83f3ed4ea31eacdfd8 to remote] DEBUG org.apache.http.wire - http-outgoing-4 >> "Content-Length: 43[\r][\n]"
16:09:33.338 [Forwarding get on session 4040cb7a5bc71c83f3ed4ea31eacdfd8 to remote] DEBUG org.apache.http.wire - http-outgoing-4 >> "Host: localhost:26428[\r][\n]"
16:09:33.338 [Forwarding get on session 4040cb7a5bc71c83f3ed4ea31eacdfd8 to remote] DEBUG org.apache.http.wire - http-outgoing-4 >> "Connection: Keep-Alive[\r][\n]"
16:09:33.338 [Forwarding get on session 4040cb7a5bc71c83f3ed4ea31eacdfd8 to remote] DEBUG org.apache.http.wire - http-outgoing-4 >> "User-Agent: Apache-HttpClient/4.3.4 (java 1.5)[\r][\n]"
16:09:33.338 [Forwarding get on session 4040cb7a5bc71c83f3ed4ea31eacdfd8 to remote] DEBUG org.apache.http.wire - http-outgoing-4 >> "Accept-Encoding: gzip,deflate[\r][\n]"
16:09:33.338 [Forwarding get on session 4040cb7a5bc71c83f3ed4ea31eacdfd8 to remote] DEBUG org.apache.http.wire - http-outgoing-4 >> "[\r][\n]"
16:09:33.338 [Forwarding get on session 4040cb7a5bc71c83f3ed4ea31eacdfd8 to remote] DEBUG org.apache.http.wire - http-outgoing-4 >> "{"url":"http://localhost:9000/#/campaigns"}"
16:09:33.909 [Forwarding get on session 4040cb7a5bc71c83f3ed4ea31eacdfd8 to remote] DEBUG org.apache.http.wire - http-outgoing-4 << "HTTP/1.1 200 OK[\r][\n]"
16:09:33.909 [Forwarding get on session 4040cb7a5bc71c83f3ed4ea31eacdfd8 to remote] DEBUG org.apache.http.wire - http-outgoing-4 << "Content-Length:72[\r][\n]"
16:09:33.909 [Forwarding get on session 4040cb7a5bc71c83f3ed4ea31eacdfd8 to remote] DEBUG org.apache.http.wire - http-outgoing-4 << "Content-Type:application/json; charset=utf-8[\r][\n]"
16:09:33.909 [Forwarding get on session 4040cb7a5bc71c83f3ed4ea31eacdfd8 to remote] DEBUG org.apache.http.wire - http-outgoing-4 << "Connection:close[\r][\n]"
16:09:33.909 [Forwarding get on session 4040cb7a5bc71c83f3ed4ea31eacdfd8 to remote] DEBUG org.apache.http.wire - http-outgoing-4 << "[\r][\n]"
16:09:33.909 [Forwarding get on session 4040cb7a5bc71c83f3ed4ea31eacdfd8 to remote] DEBUG org.apache.http.wire - http-outgoing-4 << "{"sessionId":"4040cb7a5bc71c83f3ed4ea31eacdfd8","status":0,"value":null}"
16:09:33.910 [Forwarding get on session 4040cb7a5bc71c83f3ed4ea31eacdfd8 to remote] DEBUG org.apache.http.headers - http-outgoing-4 << HTTP/1.1 200 OK
16:09:33.910 [Forwarding get on session 4040cb7a5bc71c83f3ed4ea31eacdfd8 to remote] DEBUG org.apache.http.headers - http-outgoing-4 << Content-Length:72
16:09:33.910 [Forwarding get on session 4040cb7a5bc71c83f3ed4ea31eacdfd8 to remote] DEBUG org.apache.http.headers - http-outgoing-4 << Content-Type:application/json; charset=utf-8
16:09:33.910 [Forwarding get on session 4040cb7a5bc71c83f3ed4ea31eacdfd8 to remote] DEBUG org.apache.http.headers - http-outgoing-4 << Connection:close
16:09:33.910 [Forwarding get on session 4040cb7a5bc71c83f3ed4ea31eacdfd8 to remote] DEBUG o.a.h.i.c.DefaultManagedHttpClientConnection - http-outgoing-4: Shutdown connection
16:09:33.910 [Forwarding get on session 4040cb7a5bc71c83f3ed4ea31eacdfd8 to remote] DEBUG o.a.h.impl.execchain.MainClientExec - Connection discarded
16:09:33.910 [Forwarding get on session 4040cb7a5bc71c83f3ed4ea31eacdfd8 to remote] DEBUG o.a.h.i.c.DefaultManagedHttpClientConnection - http-outgoing-4: Close connection
16:09:33.910 [Forwarding get on session 4040cb7a5bc71c83f3ed4ea31eacdfd8 to remote] DEBUG o.a.h.i.c.PoolingHttpClientConnectionManager - Connection released: [id: 4][route: {}->http://localhost:26428][total kept alive: 0; route allocated: 0 of 2000; total allocated: 0 of 2000]
16:09:33.915 [Forwarding getCurrentUrl on session 4040cb7a5bc71c83f3ed4ea31eacdfd8 to remote] DEBUG o.a.h.c.protocol.RequestAddCookies - CookieSpec selected: best-match
16:09:33.915 [Forwarding getCurrentUrl on session 4040cb7a5bc71c83f3ed4ea31eacdfd8 to remote] DEBUG o.a.h.c.protocol.RequestAuthCache - Auth cache not set in the context
16:09:33.915 [Forwarding getCurrentUrl on session 4040cb7a5bc71c83f3ed4ea31eacdfd8 to remote] DEBUG o.a.h.i.c.PoolingHttpClientConnectionManager - Connection request: [route: {}->http://localhost:26428][total kept alive: 0; route allocated: 0 of 2000; total allocated: 0 of 2000]
16:09:33.915 [Forwarding getCurrentUrl on session 4040cb7a5bc71c83f3ed4ea31eacdfd8 to remote] DEBUG o.a.h.i.c.PoolingHttpClientConnectionManager - Connection leased: [id: 5][route: {}->http://localhost:26428][total kept alive: 0; route allocated: 1 of 2000; total allocated: 1 of 2000]
16:09:33.916 [Forwarding getCurrentUrl on session 4040cb7a5bc71c83f3ed4ea31eacdfd8 to remote] DEBUG o.a.h.impl.execchain.MainClientExec - Opening connection {}->http://localhost:26428
16:09:33.916 [Forwarding getCurrentUrl on session 4040cb7a5bc71c83f3ed4ea31eacdfd8 to remote] DEBUG o.a.h.i.c.HttpClientConnectionOperator - Connecting to localhost/127.0.0.1:26428
16:09:33.916 [Forwarding getCurrentUrl on session 4040cb7a5bc71c83f3ed4ea31eacdfd8 to remote] DEBUG o.a.h.i.c.HttpClientConnectionOperator - Connection established 127.0.0.1:43137<->127.0.0.1:26428
16:09:33.916 [Forwarding getCurrentUrl on session 4040cb7a5bc71c83f3ed4ea31eacdfd8 to remote] DEBUG o.a.h.impl.execchain.MainClientExec - Executing request GET /session/4040cb7a5bc71c83f3ed4ea31eacdfd8/url HTTP/1.1
16:09:33.916 [Forwarding getCurrentUrl on session 4040cb7a5bc71c83f3ed4ea31eacdfd8 to remote] DEBUG o.a.h.impl.execchain.MainClientExec - Target auth state: UNCHALLENGED
16:09:33.916 [Forwarding getCurrentUrl on session 4040cb7a5bc71c83f3ed4ea31eacdfd8 to remote] DEBUG o.a.h.impl.execchain.MainClientExec - Proxy auth state: UNCHALLENGED
16:09:33.916 [Forwarding getCurrentUrl on session 4040cb7a5bc71c83f3ed4ea31eacdfd8 to remote] DEBUG org.apache.http.headers - http-outgoing-5 >> GET /session/4040cb7a5bc71c83f3ed4ea31eacdfd8/url HTTP/1.1
16:09:33.916 [Forwarding getCurrentUrl on session 4040cb7a5bc71c83f3ed4ea31eacdfd8 to remote] DEBUG org.apache.http.headers - http-outgoing-5 >> Cache-Control: no-cache
16:09:33.916 [Forwarding getCurrentUrl on session 4040cb7a5bc71c83f3ed4ea31eacdfd8 to remote] DEBUG org.apache.http.headers - http-outgoing-5 >> Host: localhost:26428
16:09:33.916 [Forwarding getCurrentUrl on session 4040cb7a5bc71c83f3ed4ea31eacdfd8 to remote] DEBUG org.apache.http.headers - http-outgoing-5 >> Connection: Keep-Alive
16:09:33.916 [Forwarding getCurrentUrl on session 4040cb7a5bc71c83f3ed4ea31eacdfd8 to remote] DEBUG org.apache.http.headers - http-outgoing-5 >> User-Agent: Apache-HttpClient/4.3.4 (java 1.5)
16:09:33.916 [Forwarding getCurrentUrl on session 4040cb7a5bc71c83f3ed4ea31eacdfd8 to remote] DEBUG org.apache.http.headers - http-outgoing-5 >> Accept-Encoding: gzip,deflate
16:09:33.917 [Forwarding getCurrentUrl on session 4040cb7a5bc71c83f3ed4ea31eacdfd8 to remote] DEBUG org.apache.http.wire - http-outgoing-5 >> "GET /session/4040cb7a5bc71c83f3ed4ea31eacdfd8/url HTTP/1.1[\r][\n]"
16:09:33.917 [Forwarding getCurrentUrl on session 4040cb7a5bc71c83f3ed4ea31eacdfd8 to remote] DEBUG org.apache.http.wire - http-outgoing-5 >> "Cache-Control: no-cache[\r][\n]"
16:09:33.917 [Forwarding getCurrentUrl on session 4040cb7a5bc71c83f3ed4ea31eacdfd8 to remote] DEBUG org.apache.http.wire - http-outgoing-5 >> "Host: localhost:26428[\r][\n]"
16:09:33.917 [Forwarding getCurrentUrl on session 4040cb7a5bc71c83f3ed4ea31eacdfd8 to remote] DEBUG org.apache.http.wire - http-outgoing-5 >> "Connection: Keep-Alive[\r][\n]"
16:09:33.917 [Forwarding getCurrentUrl on session 4040cb7a5bc71c83f3ed4ea31eacdfd8 to remote] DEBUG org.apache.http.wire - http-outgoing-5 >> "User-Agent: Apache-HttpClient/4.3.4 (java 1.5)[\r][\n]"
16:09:33.917 [Forwarding getCurrentUrl on session 4040cb7a5bc71c83f3ed4ea31eacdfd8 to remote] DEBUG org.apache.http.wire - http-outgoing-5 >> "Accept-Encoding: gzip,deflate[\r][\n]"
16:09:33.917 [Forwarding getCurrentUrl on session 4040cb7a5bc71c83f3ed4ea31eacdfd8 to remote] DEBUG org.apache.http.wire - http-outgoing-5 >> "[\r][\n]"
16:09:33.923 [Forwarding getCurrentUrl on session 4040cb7a5bc71c83f3ed4ea31eacdfd8 to remote] DEBUG org.apache.http.wire - http-outgoing-5 << "HTTP/1.1 200 OK[\r][\n]"
16:09:33.923 [Forwarding getCurrentUrl on session 4040cb7a5bc71c83f3ed4ea31eacdfd8 to remote] DEBUG org.apache.http.wire - http-outgoing-5 << "Content-Length:103[\r][\n]"
16:09:33.923 [Forwarding getCurrentUrl on session 4040cb7a5bc71c83f3ed4ea31eacdfd8 to remote] DEBUG org.apache.http.wire - http-outgoing-5 << "Content-Type:application/json; charset=utf-8[\r][\n]"
16:09:33.923 [Forwarding getCurrentUrl on session 4040cb7a5bc71c83f3ed4ea31eacdfd8 to remote] DEBUG org.apache.http.wire - http-outgoing-5 << "Connection:close[\r][\n]"
16:09:33.923 [Forwarding getCurrentUrl on session 4040cb7a5bc71c83f3ed4ea31eacdfd8 to remote] DEBUG org.apache.http.wire - http-outgoing-5 << "[\r][\n]"
16:09:33.924 [Forwarding getCurrentUrl on session 4040cb7a5bc71c83f3ed4ea31eacdfd8 to remote] DEBUG org.apache.http.wire - http-outgoing-5 << "{"sessionId":"4040cb7a5bc71c83f3ed4ea31eacdfd8","status":0,"value":"http://localhost:9000/#/campaigns"}"
16:09:33.924 [Forwarding getCurrentUrl on session 4040cb7a5bc71c83f3ed4ea31eacdfd8 to remote] DEBUG org.apache.http.headers - http-outgoing-5 << HTTP/1.1 200 OK
16:09:33.924 [Forwarding getCurrentUrl on session 4040cb7a5bc71c83f3ed4ea31eacdfd8 to remote] DEBUG org.apache.http.headers - http-outgoing-5 << Content-Length:103
16:09:33.924 [Forwarding getCurrentUrl on session 4040cb7a5bc71c83f3ed4ea31eacdfd8 to remote] DEBUG org.apache.http.headers - http-outgoing-5 << Content-Type:application/json; charset=utf-8
16:09:33.924 [Forwarding getCurrentUrl on session 4040cb7a5bc71c83f3ed4ea31eacdfd8 to remote] DEBUG org.apache.http.headers - http-outgoing-5 << Connection:close
16:09:33.924 [Forwarding getCurrentUrl on session 4040cb7a5bc71c83f3ed4ea31eacdfd8 to remote] DEBUG o.a.h.i.c.DefaultManagedHttpClientConnection - http-outgoing-5: Shutdown connection
16:09:33.924 [Forwarding getCurrentUrl on session 4040cb7a5bc71c83f3ed4ea31eacdfd8 to remote] DEBUG o.a.h.impl.execchain.MainClientExec - Connection discarded
16:09:33.924 [Forwarding getCurrentUrl on session 4040cb7a5bc71c83f3ed4ea31eacdfd8 to remote] DEBUG o.a.h.i.c.DefaultManagedHttpClientConnection - http-outgoing-5: Close connection
16:09:33.924 [Forwarding getCurrentUrl on session 4040cb7a5bc71c83f3ed4ea31eacdfd8 to remote] DEBUG o.a.h.i.c.PoolingHttpClientConnectionManager - Connection released: [id: 5][route: {}->http://localhost:26428][total kept alive: 0; route allocated: 0 of 2000; total allocated: 0 of 2000]
16:09:33.927 [Forwarding executeScript on session 4040cb7a5bc71c83f3ed4ea31eacdfd8 to remote] DEBUG o.a.h.c.protocol.RequestAddCookies - CookieSpec selected: best-match
16:09:33.927 [Forwarding executeScript on session 4040cb7a5bc71c83f3ed4ea31eacdfd8 to remote] DEBUG o.a.h.c.protocol.RequestAuthCache - Auth cache not set in the context
16:09:33.928 [Forwarding executeScript on session 4040cb7a5bc71c83f3ed4ea31eacdfd8 to remote] DEBUG o.a.h.i.c.PoolingHttpClientConnectionManager - Connection request: [route: {}->http://localhost:26428][total kept alive: 0; route allocated: 0 of 2000; total allocated: 0 of 2000]
16:09:33.928 [Forwarding executeScript on session 4040cb7a5bc71c83f3ed4ea31eacdfd8 to remote] DEBUG o.a.h.i.c.PoolingHttpClientConnectionManager - Connection leased: [id: 6][route: {}->http://localhost:26428][total kept alive: 0; route allocated: 1 of 2000; total allocated: 1 of 2000]
16:09:33.928 [Forwarding executeScript on session 4040cb7a5bc71c83f3ed4ea31eacdfd8 to remote] DEBUG o.a.h.impl.execchain.MainClientExec - Opening connection {}->http://localhost:26428
16:09:33.928 [Forwarding executeScript on session 4040cb7a5bc71c83f3ed4ea31eacdfd8 to remote] DEBUG o.a.h.i.c.HttpClientConnectionOperator - Connecting to localhost/127.0.0.1:26428
16:09:33.928 [Forwarding executeScript on session 4040cb7a5bc71c83f3ed4ea31eacdfd8 to remote] DEBUG o.a.h.i.c.HttpClientConnectionOperator - Connection established 127.0.0.1:43138<->127.0.0.1:26428
16:09:33.928 [Forwarding executeScript on session 4040cb7a5bc71c83f3ed4ea31eacdfd8 to remote] DEBUG o.a.h.impl.execchain.MainClientExec - Executing request POST /session/4040cb7a5bc71c83f3ed4ea31eacdfd8/execute HTTP/1.1
16:09:33.928 [Forwarding executeScript on session 4040cb7a5bc71c83f3ed4ea31eacdfd8 to remote] DEBUG o.a.h.impl.execchain.MainClientExec - Target auth state: UNCHALLENGED
16:09:33.928 [Forwarding executeScript on session 4040cb7a5bc71c83f3ed4ea31eacdfd8 to remote] DEBUG o.a.h.impl.execchain.MainClientExec - Proxy auth state: UNCHALLENGED
16:09:33.928 [Forwarding executeScript on session 4040cb7a5bc71c83f3ed4ea31eacdfd8 to remote] DEBUG org.apache.http.headers - http-outgoing-6 >> POST /session/4040cb7a5bc71c83f3ed4ea31eacdfd8/execute HTTP/1.1
16:09:33.928 [Forwarding executeScript on session 4040cb7a5bc71c83f3ed4ea31eacdfd8 to remote] DEBUG org.apache.http.headers - http-outgoing-6 >> Content-Type: application/json; charset=utf-8
16:09:33.928 [Forwarding executeScript on session 4040cb7a5bc71c83f3ed4ea31eacdfd8 to remote] DEBUG org.apache.http.headers - http-outgoing-6 >> Content-Length: 75
16:09:33.928 [Forwarding executeScript on session 4040cb7a5bc71c83f3ed4ea31eacdfd8 to remote] DEBUG org.apache.http.headers - http-outgoing-6 >> Host: localhost:26428
16:09:33.928 [Forwarding executeScript on session 4040cb7a5bc71c83f3ed4ea31eacdfd8 to remote] DEBUG org.apache.http.headers - http-outgoing-6 >> Connection: Keep-Alive
16:09:33.928 [Forwarding executeScript on session 4040cb7a5bc71c83f3ed4ea31eacdfd8 to remote] DEBUG org.apache.http.headers - http-outgoing-6 >> User-Agent: Apache-HttpClient/4.3.4 (java 1.5)
16:09:33.929 [Forwarding executeScript on session 4040cb7a5bc71c83f3ed4ea31eacdfd8 to remote] DEBUG org.apache.http.headers - http-outgoing-6 >> Accept-Encoding: gzip,deflate
16:09:33.929 [Forwarding executeScript on session 4040cb7a5bc71c83f3ed4ea31eacdfd8 to remote] DEBUG org.apache.http.wire - http-outgoing-6 >> "POST /session/4040cb7a5bc71c83f3ed4ea31eacdfd8/execute HTTP/1.1[\r][\n]"
16:09:33.929 [Forwarding executeScript on session 4040cb7a5bc71c83f3ed4ea31eacdfd8 to remote] DEBUG org.apache.http.wire - http-outgoing-6 >> "Content-Type: application/json; charset=utf-8[\r][\n]"
16:09:33.929 [Forwarding executeScript on session 4040cb7a5bc71c83f3ed4ea31eacdfd8 to remote] DEBUG org.apache.http.wire - http-outgoing-6 >> "Content-Length: 75[\r][\n]"
16:09:33.929 [Forwarding executeScript on session 4040cb7a5bc71c83f3ed4ea31eacdfd8 to remote] DEBUG org.apache.http.wire - http-outgoing-6 >> "Host: localhost:26428[\r][\n]"
16:09:33.929 [Forwarding executeScript on session 4040cb7a5bc71c83f3ed4ea31eacdfd8 to remote] DEBUG org.apache.http.wire - http-outgoing-6 >> "Connection: Keep-Alive[\r][\n]"
16:09:33.929 [Forwarding executeScript on session 4040cb7a5bc71c83f3ed4ea31eacdfd8 to remote] DEBUG org.apache.http.wire - http-outgoing-6 >> "User-Agent: Apache-HttpClient/4.3.4 (java 1.5)[\r][\n]"
16:09:33.929 [Forwarding executeScript on session 4040cb7a5bc71c83f3ed4ea31eacdfd8 to remote] DEBUG org.apache.http.wire - http-outgoing-6 >> "Accept-Encoding: gzip,deflate[\r][\n]"
16:09:33.929 [Forwarding executeScript on session 4040cb7a5bc71c83f3ed4ea31eacdfd8 to remote] DEBUG org.apache.http.wire - http-outgoing-6 >> "[\r][\n]"
16:09:33.929 [Forwarding executeScript on session 4040cb7a5bc71c83f3ed4ea31eacdfd8 to remote] DEBUG org.apache.http.wire - http-outgoing-6 >> "{"args":[],"script":"if (document.readyState) return document.readyState;"}"
16:09:34.013 [Forwarding executeScript on session 4040cb7a5bc71c83f3ed4ea31eacdfd8 to remote] DEBUG org.apache.http.wire - http-outgoing-6 << "HTTP/1.1 200 OK[\r][\n]"
16:09:34.013 [Forwarding executeScript on session 4040cb7a5bc71c83f3ed4ea31eacdfd8 to remote] DEBUG org.apache.http.wire - http-outgoing-6 << "Content-Length:78[\r][\n]"
16:09:34.013 [Forwarding executeScript on session 4040cb7a5bc71c83f3ed4ea31eacdfd8 to remote] DEBUG org.apache.http.wire - http-outgoing-6 << "Content-Type:application/json; charset=utf-8[\r][\n]"
16:09:34.013 [Forwarding executeScript on session 4040cb7a5bc71c83f3ed4ea31eacdfd8 to remote] DEBUG org.apache.http.wire - http-outgoing-6 << "Connection:close[\r][\n]"
16:09:34.013 [Forwarding executeScript on session 4040cb7a5bc71c83f3ed4ea31eacdfd8 to remote] DEBUG org.apache.http.wire - http-outgoing-6 << "[\r][\n]"
16:09:34.013 [Forwarding executeScript on session 4040cb7a5bc71c83f3ed4ea31eacdfd8 to remote] DEBUG org.apache.http.wire - http-outgoing-6 << "{"sessionId":"4040cb7a5bc71c83f3ed4ea31eacdfd8","status":0,"value":"complete"}"
16:09:34.013 [Forwarding executeScript on session 4040cb7a5bc71c83f3ed4ea31eacdfd8 to remote] DEBUG org.apache.http.headers - http-outgoing-6 << HTTP/1.1 200 OK
16:09:34.013 [Forwarding executeScript on session 4040cb7a5bc71c83f3ed4ea31eacdfd8 to remote] DEBUG org.apache.http.headers - http-outgoing-6 << Content-Length:78
16:09:34.013 [Forwarding executeScript on session 4040cb7a5bc71c83f3ed4ea31eacdfd8 to remote] DEBUG org.apache.http.headers - http-outgoing-6 << Content-Type:application/json; charset=utf-8
16:09:34.013 [Forwarding executeScript on session 4040cb7a5bc71c83f3ed4ea31eacdfd8 to remote] DEBUG org.apache.http.headers - http-outgoing-6 << Connection:close
16:09:34.014 [Forwarding executeScript on session 4040cb7a5bc71c83f3ed4ea31eacdfd8 to remote] DEBUG o.a.h.i.c.DefaultManagedHttpClientConnection - http-outgoing-6: Shutdown connection
16:09:34.014 [Forwarding executeScript on session 4040cb7a5bc71c83f3ed4ea31eacdfd8 to remote] DEBUG o.a.h.impl.execchain.MainClientExec - Connection discarded
16:09:34.014 [Forwarding executeScript on session 4040cb7a5bc71c83f3ed4ea31eacdfd8 to remote] DEBUG o.a.h.i.c.DefaultManagedHttpClientConnection - http-outgoing-6: Close connection
16:09:34.014 [Forwarding executeScript on session 4040cb7a5bc71c83f3ed4ea31eacdfd8 to remote] DEBUG o.a.h.i.c.PoolingHttpClientConnectionManager - Connection released: [id: 6][route: {}->http://localhost:26428][total kept alive: 0; route allocated: 0 of 2000; total allocated: 0 of 2000]
16:09:34.015 [Forwarding getPageSource on session 4040cb7a5bc71c83f3ed4ea31eacdfd8 to remote] DEBUG o.a.h.c.protocol.RequestAddCookies - CookieSpec selected: best-match
16:09:34.015 [Forwarding getPageSource on session 4040cb7a5bc71c83f3ed4ea31eacdfd8 to remote] DEBUG o.a.h.c.protocol.RequestAuthCache - Auth cache not set in the context
16:09:34.015 [Forwarding getPageSource on session 4040cb7a5bc71c83f3ed4ea31eacdfd8 to remote] DEBUG o.a.h.i.c.PoolingHttpClientConnectionManager - Connection request: [route: {}->http://localhost:26428][total kept alive: 0; route allocated: 0 of 2000; total allocated: 0 of 2000]
16:09:34.015 [Forwarding getPageSource on session 4040cb7a5bc71c83f3ed4ea31eacdfd8 to remote] DEBUG o.a.h.i.c.PoolingHttpClientConnectionManager - Connection leased: [id: 7][route: {}->http://localhost:26428][total kept alive: 0; route allocated: 1 of 2000; total allocated: 1 of 2000]
16:09:34.015 [Forwarding getPageSource on session 4040cb7a5bc71c83f3ed4ea31eacdfd8 to remote] DEBUG o.a.h.impl.execchain.MainClientExec - Opening connection {}->http://localhost:26428
16:09:34.015 [Forwarding getPageSource on session 4040cb7a5bc71c83f3ed4ea31eacdfd8 to remote] DEBUG o.a.h.i.c.HttpClientConnectionOperator - Connecting to localhost/127.0.0.1:26428
16:09:34.015 [Forwarding getPageSource on session 4040cb7a5bc71c83f3ed4ea31eacdfd8 to remote] DEBUG o.a.h.i.c.HttpClientConnectionOperator - Connection established 127.0.0.1:43142<->127.0.0.1:26428
16:09:34.015 [Forwarding getPageSource on session 4040cb7a5bc71c83f3ed4ea31eacdfd8 to remote] DEBUG o.a.h.impl.execchain.MainClientExec - Executing request GET /session/4040cb7a5bc71c83f3ed4ea31eacdfd8/source HTTP/1.1
16:09:34.015 [Forwarding getPageSource on session 4040cb7a5bc71c83f3ed4ea31eacdfd8 to remote] DEBUG o.a.h.impl.execchain.MainClientExec - Target auth state: UNCHALLENGED
16:09:34.016 [Forwarding getPageSource on session 4040cb7a5bc71c83f3ed4ea31eacdfd8 to remote] DEBUG o.a.h.impl.execchain.MainClientExec - Proxy auth state: UNCHALLENGED
16:09:34.016 [Forwarding getPageSource on session 4040cb7a5bc71c83f3ed4ea31eacdfd8 to remote] DEBUG org.apache.http.headers - http-outgoing-7 >> GET /session/4040cb7a5bc71c83f3ed4ea31eacdfd8/source HTTP/1.1
16:09:34.016 [Forwarding getPageSource on session 4040cb7a5bc71c83f3ed4ea31eacdfd8 to remote] DEBUG org.apache.http.headers - http-outgoing-7 >> Cache-Control: no-cache
16:09:34.016 [Forwarding getPageSource on session 4040cb7a5bc71c83f3ed4ea31eacdfd8 to remote] DEBUG org.apache.http.headers - http-outgoing-7 >> Host: localhost:26428
16:09:34.016 [Forwarding getPageSource on session 4040cb7a5bc71c83f3ed4ea31eacdfd8 to remote] DEBUG org.apache.http.headers - http-outgoing-7 >> Connection: Keep-Alive
16:09:34.016 [Forwarding getPageSource on session 4040cb7a5bc71c83f3ed4ea31eacdfd8 to remote] DEBUG org.apache.http.headers - http-outgoing-7 >> User-Agent: Apache-HttpClient/4.3.4 (java 1.5)
16:09:34.016 [Forwarding getPageSource on session 4040cb7a5bc71c83f3ed4ea31eacdfd8 to remote] DEBUG org.apache.http.headers - http-outgoing-7 >> Accept-Encoding: gzip,deflate
16:09:34.016 [Forwarding getPageSource on session 4040cb7a5bc71c83f3ed4ea31eacdfd8 to remote] DEBUG org.apache.http.wire - http-outgoing-7 >> "GET /session/4040cb7a5bc71c83f3ed4ea31eacdfd8/source HTTP/1.1[\r][\n]"
16:09:34.016 [Forwarding getPageSource on session 4040cb7a5bc71c83f3ed4ea31eacdfd8 to remote] DEBUG org.apache.http.wire - http-outgoing-7 >> "Cache-Control: no-cache[\r][\n]"
16:09:34.016 [Forwarding getPageSource on session 4040cb7a5bc71c83f3ed4ea31eacdfd8 to remote] DEBUG org.apache.http.wire - http-outgoing-7 >> "Host: localhost:26428[\r][\n]"
16:09:34.016 [Forwarding getPageSource on session 4040cb7a5bc71c83f3ed4ea31eacdfd8 to remote] DEBUG org.apache.http.wire - http-outgoing-7 >> "Connection: Keep-Alive[\r][\n]"
16:09:34.016 [Forwarding getPageSource on session 4040cb7a5bc71c83f3ed4ea31eacdfd8 to remote] DEBUG org.apache.http.wire - http-outgoing-7 >> "User-Agent: Apache-HttpClient/4.3.4 (java 1.5)[\r][\n]"
16:09:34.016 [Forwarding getPageSource on session 4040cb7a5bc71c83f3ed4ea31eacdfd8 to remote] DEBUG org.apache.http.wire - http-outgoing-7 >> "Accept-Encoding: gzip,deflate[\r][\n]"
16:09:34.016 [Forwarding getPageSource on session 4040cb7a5bc71c83f3ed4ea31eacdfd8 to remote] DEBUG org.apache.http.wire - http-outgoing-7 >> "[\r][\n]"
16:09:34.097 [Forwarding getPageSource on session 4040cb7a5bc71c83f3ed4ea31eacdfd8 to remote] DEBUG org.apache.http.wire - http-outgoing-7 << "HTTP/1.1 200 OK[\r][\n]"
16:09:34.097 [Forwarding getPageSource on session 4040cb7a5bc71c83f3ed4ea31eacdfd8 to remote] DEBUG org.apache.http.wire - http-outgoing-7 << "Content-Length:12208[\r][\n]"
16:09:34.097 [Forwarding getPageSource on session 4040cb7a5bc71c83f3ed4ea31eacdfd8 to remote] DEBUG org.apache.http.wire - http-outgoing-7 << "Content-Type:application/json; charset=utf-8[\r][\n]"
16:09:34.097 [Forwarding getPageSource on session 4040cb7a5bc71c83f3ed4ea31eacdfd8 to remote] DEBUG org.apache.http.wire - http-outgoing-7 << "Connection:close[\r][\n]"
16:09:34.097 [Forwarding getPageSource on session 4040cb7a5bc71c83f3ed4ea31eacdfd8 to remote] DEBUG org.apache.http.wire - http-outgoing-7 << "[\r][\n]"
16:09:34.098 [Forwarding getPageSource on session 4040cb7a5bc71c83f3ed4ea31eacdfd8 to remote] DEBUG org.apache.http.wire - http-outgoing-7 << "{"sessionId":"4040cb7a5bc71c83f3ed4ea31eacdfd8","status":0,"value":"\u003C!DOCTYPE html>\u003Chtml xmlns=\"http://www.w3.org/1999/xhtml\" class=\"no-js\">\u003Chead>\u003Cstyle type=\"text/css\">@charset \"UTF-8\";[ng\\:cloak],[ng-cloak],[data-ng-cloak],[x-ng-cloak],.ng-cloak,.x-ng-cloak,.ng-hide{display:none !important;}ng\\:form{display:block;}.ng-animate-block-transitions{transition:0s all!important;-webkit-transition:0s all!important;}.ng-hide-add-active,.ng-hide-remove{display:block!important;}\u003C/style>\n    \u003Cmeta charset=\"utf-8\" />\n    \u003Ctitle>\u003C/title>\n    \u003Cmeta name=\"description\" content=\"\" />\n    \u003Cmeta name=\"viewport\" content=\"width=device-width\" />\n    \u003C!-- build:css(.) styles/vendor.css -->\n    \u003C!-- bower:css -->\n    \u003Clink rel=\"stylesheet\" href=\"bower_components/bootstrap/dist/css/bootstrap.css\" />\n    \u003Clink rel=\"stylesheet\" href=\"bower_components/angular-dialog-service/dist/dialogs.min.css\" />\n    \u003C!-- endbower -->\n    \u003Clink rel=\"stylesheet\" href=\"bower_components/jquery-ui/themes/base/all.css\" />\n    \u003C!-- endbuild -->\n    \u003C!-- build:css(.tmp) styles/main.css -->\n    \u003Clink rel=\"stylesheet\" href=\"styles/main.css\" />\n    \u003C!-- endbuild -->\n  \u003C/head>\n  \u003Cbody ng-app=\"vouchersUiApp\" class=\"ng-scope\">\n    \u003C!--[if lt IE 7]>\n      \u003Cp class=\"browsehappy\">You are using an \u003Cstrong>outdated\u003C/strong> browser. Please \u003Ca href=\"http://browsehappy.com/\">upgrade your browser\u003C/a> to improve your experience.\u003C/p>\n    \u003C![endif]-->\n    \u003Cserver-connection>\u003Cdiv class=\"col-md-12 alert-message\">\n\u003C!-- ngRepeat: alert in alerts -->\n\u003C/div>\n\u003C/server-connection>\n    \u003C!-- Add your site or application content here -->\n    \u003Cdiv class=\"container\">\n\n        \u003C!-- ngView:  -->\u003Cdiv ng-view=\"\" class=\"body ng-scope\">\u003C!-- ngInclude: undefined -->\u003Cng-include src=\"'/views/header.html'\" class=\"ng-scope ng-animate\">\u003Cul class=\"nav nav-tabs ng-scope\">\n  \u003Ca class=\"navbar-brand\" href=\"#\">Voucher Manager\u003C/a>\n  \u003Cspan class=\"nav nav-tabs pull-right\">\n    \u003Cli role=\"presentation\" class=\"active\">\u003Ca id=\"campaigns-header\" href=\"#/\">Campaigns\u003C/a>\u003C/li>\n    \u003Cli role=\"presentation\">\u003Ca id=\"create-campaign-header\" href=\"#/campaign\">Create Campaign\u003C/a>\u003C/li>\n    \u003Cli role=\"presentation\">\u003Ca id=\"search-vouchers-header\" href=\"#/voucher\">Search Vouchers\u003C/a>\u003C/li>\n    \u003Cli role=\"presentation\">\u003Ca id=\"search-account-header\" href=\"#/account\">Search Account\u003C/a>\u003C/li>\n  \u003C/span>\n\u003C/ul>\n\u003C/ng-include>\n\u003Cdiv class=\"row name-group ng-scope\">\n  \u003Cdiv class=\"col-md-12\">\n    \u003Ch4>Campaign List\u003C/h4>\n    \u003Cform class=\"form-inline search-form ng-pristine ng-valid\" name=\"nameForm\">\n      \u003Cdiv class=\"form-group col-md-5 \">\n        \u003Clabel for=\"search-name\">Find\u003C/label>\n        \u003Cinput type=\"text\" ng-model=\"searchName\" delayed-model=\"searchName\" name=\"name\" class=\"form-control ng-pristine ng-valid ng-valid-minlength\" id=\"search-name\" ng-minlength=\"3\" maxlength=\"50\" placeholder=\"Campaign Name (Minimum 3 characters)\" />\n        \u003Cspan id=\"searchclear\" class=\"glyphicon glyphicon-remove-circle\" ng-click=\"clearSearchName()\">\u003C/span>\n      \u003C/div>\n    \u003C/form>\n    \u003Cdiv class=\"btn-group pull-right\">\n      \u003Cbutton type=\"submit\" class=\"btn btn-success\" ng-click=\"exportFilteredList()\">Export Campaign List \u003C/button>\n    \u003C/div>\n  \u003C/div>\n\u003C/div>\n\u003Cdiv class=\"row ng-scope\">\n  \u003Cform class=\"form-inline search-form ng-pristine ng-valid\" name=\"searchForm\">\n    \u003Cdiv class=\"col-md-12 ng-hide\" ng-hide=\"!showFilters\">\n      \u003Chr />\n      \u003Cdiv class=\"form-group\">\n        \u003Clabel for=\"start\">Start Date\u003C/label>\n        \u003Cinput type=\"text\" class=\"form-control mac-date-time ng-pristine ng-valid hasDatepicker ng-valid-date\" ng-model=\"search.start\" mac-datepicker-date-format=\"dd/mm/yy\" mac-datepicker-auto-size=\"\" name=\"start\" id=\"start\" placeholder=\"dd/mm/yyyy\" ng-change=\"checkFilterDateValidity()\" size=\"10\" />\n      \u003C/div>\n      \u003Cdiv class=\"form-group\">\n        \u003Clabel for=\"end\">End Date\u003C/label>\n        \u003Cinput type=\"text\" class=\"form-control mac-date-time ng-pristine ng-valid hasDatepicker ng-valid-date\" ng-model=\"search.end\" mac-datepicker-date-format=\"dd/mm/yy\" mac-datepicker-auto-size=\"\" name=\"end\" id=\"end\" placeholder=\"dd/mm/yyyy\" ng-change=\"checkFilterDateValidity()\" size=\"10\" />\n      \u003C/div>\n      \u003Cdiv class=\"form-group\">\n        \u003Clabel>Status\u003C/label>\n        \u003Cselect id=\"status\" class=\"form-control ng-pristine ng-valid\" data-ng-model=\"search.active\">\n          \u003Coption name=\"All\" value=\"\">All\u003C/option>\n          \u003Coption name=\"Active\" value=\"true\">Active\u003C/option>\n          \u003Coption name=\"Inactive\" value=\"false\">Inactive\u003C/option>\n        \u003C/select>\n      \u003C/div>\n      \u003Cdiv class=\"form-group\">\n        \u003Clabel for=\"type\">Type\u003C/label>\n        \u003Cselect id=\"type\" name=\"search.type\" class=\"form-control ng-pristine ng-valid\" ng-model=\"search.type\" ng-options=\"campaignType.key as campaignType.value for campaignType in campaignTypes\">\u003Coption value=\"0\" selected=\"selected\">All\u003C/option>\u003Coption value=\"1\">Promo Code\u003C/option>\u003Coption value=\"2\">Single Use Transferable\u003C/option>\u003Coption value=\"3\">Single Use Non-Transferable\u003C/option>\u003Coption value=\"4\">Gifting\u003C/option>\u003C/select>\n      \u003C/div>\n      \u003Cbutton type=\"submit\" class=\"btn btn-primary filter\" ng-click=\"searchForm.$valid &amp;&amp; updateFilter()\" ng-disabled=\"!searchForm.$valid\">Filter Campaigns\n      \u003C/button>\n      \u003Cbutton type=\"submit\" class=\"btn btn-default clear\" ng-click=\"clearFilter()\">Clear Filter\u003C/button>\n    \u003C/div>\n  \u003C/form>\n\u003C/div>\n\u003Cdiv class=\"row ng-scope\">\n  \u003Cdiv class=\"col-md-12\">\n    \u003Ca style=\"cursor: pointer;\" ng-click=\"showFilters=!showFilters\" class=\"ng-binding\">Show Advanced Filters\u003C/a>\n  \u003C/div>\n\u003C/div>\n\u003Cdiv class=\"row ng-scope\">\n  \u003Cdiv class=\"col-md-12\">\n    \u003Ctable class=\"table\">\n      \u003Cthead>\n      \u003Ctr>\n        \u003Cth>Name\u003C/th>\n        \u003Cth>State\u003C/th>\n        \u003Cth>Type\u003C/th>\n        \u003Cth>Start\u003C/th>\n        \u003Cth>End\u003C/th>\n        \u003Cth>Vouchers\u003C/th>\n        \u003Cth>Redemption Cap\u003C/th>\n        \u003Cth>Redeemed\u003C/th>\n      \u003C/tr>\n      \u003C/thead>\n      \u003Ctbody>\n      \u003C!-- ngRepeat: campaign in campaigns | itemsPerPage: 25 -->\n      \u003C/tbody>\n    \u003C/table>\n  \u003C/div>\n\u003C/div>\n\u003Cdiv dir-pagination-controls=\"\" class=\"col-lg-12 paginationList ng-scope ng-isolate-scope\" on-page-change=\"pageChanged(newPageNumber)\">\u003C!-- ngIf: 1 \u003C pages.length -->\u003C/div>\n\u003C/div>\n        \u003Cdiv class=\"footer\">\u003C/div>\n    \u003C/div>\n\n    \u003C!-- build:js(.) scripts/ie-include.js -->\n        \u003C!--[if lt IE 9]>\n            \u003Cscript src=\"bower_components/es5-shim/es5-shim.js\">\u003C/script>\n            \u003Cscript src=\"bower_components/json3/lib/json3.min.js\">\u003C/script>\n            \u003Cscript src=\"bower_components/respond/dest/respond.src.js\">\u003C/script>\n        \u003C![endif]-->\n    \u003C!-- endbuild -->\n\n    \u003C!-- build:js(.) scripts/vendor.js -->\n    \u003C!-- bower:js -->\n    \u003Cscript src=\"bower_components/jquery/dist/jquery.js\">\u003C/script>\n    \u003Cscript src=\"bower_components/angular/angular.js\">\u003C/script>\n    \u"
16:09:34.100 [Forwarding getPageSource on session 4040cb7a5bc71c83f3ed4ea31eacdfd8 to remote] DEBUG org.apache.http.headers - http-outgoing-7 << HTTP/1.1 200 OK
16:09:34.100 [Forwarding getPageSource on session 4040cb7a5bc71c83f3ed4ea31eacdfd8 to remote] DEBUG org.apache.http.headers - http-outgoing-7 << Content-Length:12208
16:09:34.100 [Forwarding getPageSource on session 4040cb7a5bc71c83f3ed4ea31eacdfd8 to remote] DEBUG org.apache.http.headers - http-outgoing-7 << Content-Type:application/json; charset=utf-8
16:09:34.100 [Forwarding getPageSource on session 4040cb7a5bc71c83f3ed4ea31eacdfd8 to remote] DEBUG org.apache.http.headers - http-outgoing-7 << Connection:close
16:09:34.101 [Forwarding getPageSource on session 4040cb7a5bc71c83f3ed4ea31eacdfd8 to remote] DEBUG org.apache.http.wire - http-outgoing-7 << "003Cscript src=\"bower_components/json3/lib/json3.js\">\u003C/script>\n    \u003Cscript src=\"bower_components/bootstrap/dist/js/bootstrap.js\">\u003C/script>\n    \u003Cscript src=\"bower_components/angular-resource/angular-resource.js\">\u003C/script>\n    \u003Cscript src=\"bower_components/angular-sanitize/angular-sanitize.js\">\u003C/script>\n    \u003Cscript src=\"bower_components/angular-animate/angular-animate.js\">\u003C/script>\n    \u003Cscript src=\"bower_components/angular-route/angular-route.js\">\u003C/script>\n    \u003Cscript src=\"bower_components/moment/moment.js\">\u003C/script>\n    \u003Cscript src=\"bower_components/angular-bootstrap-show-errors/src/showErrors.js\">\u003C/script>\n    \u003Cscript src=\"bower_components/jquery-ui/jquery-ui.js\">\u003C/script>\n    \u003Cscript src=\"bower_components/macgyver-datepicker/macgyver-datepicker.js\">\u003C/script>\n    \u003Cscript src=\"bower_components/FileSaver/FileSaver.js\">\u003C/script>\n    \u003Cscript src=\"bower_components/underscore/underscore.js\">\u003C/script>\n    \u003Cscript src=\"bower_components/angular-bootstrap/ui-bootstrap-tpls.js\">\u003C/script>\n    \u003Cscript src=\"bower_components/angular-translate/angular-translate.js\">\u003C/script>\n    \u003Cscript src=\"bower_components/angular-dialog-service/dist/dialogs.min.js\">\u003C/script>\n    \u003Cscript src=\"bower_components/angular-dialog-service/dist/dialogs-default-translations.min.js\">\u003C/script>\n    \u003Cscript src=\"bower_components/angular-utils-pagination/dirPagination.js\">\u003C/script>\n    \u003C!-- endbower -->\n    \u003C!-- endbuild -->\n\n    \u003C!-- build:js({.tmp,app}) scripts/scripts.js -->\n    \u003Cscript src=\"scripts/app.js\">\u003C/script>\n    \u003Cscript src=\"scripts/config/config.js\">\u003C/script>\n    \u003Cscript src=\"scripts/services/base-http-service.js\">\u003C/script>\n    \u003Cscript src=\"scripts/services/voucher-service.js\">\u003C/script>\n    \u003Cscript src=\"scripts/services/campaign-service.js\">\u003C/script>\n    \u003Cscript src=\"scripts/services/history-service.js\">\u003C/script>\n    \u003Cscript src=\"scripts/services/promo-service.js\">\u003C/script>\n    \u003Cscript src=\"scripts/services/date-service.js\">\u003C/script>\n    \u003Cscript src=\"scripts/services/root-service.js\">\u003C/script>\n    \u003Cscript src=\"scripts/services/hateoas-service-util.js\">\u003C/script>\n    \u003Cscript src=\"scripts/controllers/promo-controller.js\">\u003C/script>\n    \u003Cscript src=\"scripts/controllers/campaign-controller.js\">\u003C/script>\n    \u003Cscript src=\"scripts/controllers/status-controller.js\">\u003C/script>\n    \u003Cscript src=\"scripts/controllers/audit-history-controller.js\">\u003C/script>\n    \u003Cscript src=\"scripts/controllers/voucher-controller.js\">\u003C/script>\n    \u003Cscript src=\"scripts/controllers/account-controller.js\">\u003C/script>\n    \u003Cscript src=\"scripts/controllers/campaign-list-controller.js\">\u003C/script>\n    \u003Cscript src=\"scripts/directives/campaign-directive.js\">\u003C/script>\n    \u003Cscript src=\"scripts/directives/voucher-directive.js\">\u003C/script>\n    \u003Cscript src=\"scripts/directives/single-use-voucher-directive.js\">\u003C/script>\n    \u003Cscript src=\"scripts/directives/server-connection-directive.js\">\u003C/script>\n    \u003Cscript src=\"scripts/directives/promocode-directive.js\">\u003C/script>\n    \u003Cscript src=\"scripts/directives/voucher-batch-directive.js\">\u003C/script>\n    \u003Cscript src=\"scripts/filters/account-filter.js\">\u003C/script>\n\n    \u003C!-- endbuild -->\n\n    \u003Cscript src=\"/config\">\u003C/script>\n\n\u003Cscript>//&lt;![CDATA[\ndocument.write('&lt;script src=\"//' + (location.hostname || 'localhost') + ':35729/livereload.js?snipver=1\"&gt;&lt;\\/script&gt;')\n//]]&gt;\u003C/script>\u003Cscript src=\"//localhost:35729/livereload.js?snipver=1\">\u003C/script>\n\n\n\u003Cdiv id=\"ui-datepicker-div\" class=\"ui-datepicker ui-widget ui-widget-content ui-helper-clearfix ui-corner-all\">\u003C/div>\"
16:09:34.102 [Forwarding getPageSource on session 4040cb7a5bc71c83f3ed4ea31eacdfd8 to remote] DEBUG org.apache.http.wire - http-outgoing-7 << "u003C/body>\u003C/html>"}"
16:09:34.102 [Forwarding getPageSource on session 4040cb7a5bc71c83f3ed4ea31eacdfd8 to remote] DEBUG o.a.h.i.c.DefaultManagedHttpClientConnection - http-outgoing-7: Shutdown connection
16:09:34.104 [Forwarding getPageSource on session 4040cb7a5bc71c83f3ed4ea31eacdfd8 to remote] DEBUG o.a.h.impl.execchain.MainClientExec - Connection discarded
16:09:34.104 [Forwarding getPageSource on session 4040cb7a5bc71c83f3ed4ea31eacdfd8 to remote] DEBUG o.a.h.i.c.DefaultManagedHttpClientConnection - http-outgoing-7: Close connection
16:09:34.104 [Forwarding getPageSource on session 4040cb7a5bc71c83f3ed4ea31eacdfd8 to remote] DEBUG o.a.h.i.c.PoolingHttpClientConnectionManager - Connection released: [id: 7][route: {}->http://localhost:26428][total kept alive: 0; route allocated: 0 of 2000; total allocated: 0 of 2000]
]]></system-out>
  <system-err><![CDATA[Starting ChromeDriver 2.15.322448 (52179c1b310fec1797c81ea9a20326839860b7d3) on port 26428
Only local connections are allowed.
]]></system-err>
</testsuite>
