<?xml version="1.0" encoding="UTF-8"?>
<testsuite name="Scenario: Gifting campaign should not have an option to generate single voucher" tests="13" skipped="0" failures="0" errors="0" timestamp="2015-07-07T10:26:49" hostname="jov-HP-Z220-CMT-Workstation" time="8.732">
  <properties/>
  <testcase name="Given I create the campaign" classname="Scenario: Gifting campaign should not have an option to generate single voucher" time="0.0"/>
  <testcase name="And I go to the List Campaigns page" classname="Scenario: Gifting campaign should not have an option to generate single voucher" time="0.0"/>
  <testcase name="Then the browser is at the List Campaigns page" classname="Scenario: Gifting campaign should not have an option to generate single voucher" time="0.001"/>
  <testcase name="And I click on the campaign we just created" classname="Scenario: Gifting campaign should not have an option to generate single voucher" time="0.0"/>
  <testcase name="And I click on the Show Create Vouchers link" classname="Scenario: Gifting campaign should not have an option to generate single voucher" time="0.0"/>
  <testcase name="When the following elements are not be displayed" classname="Scenario: Gifting campaign should not have an option to generate single voucher" time="0.0"/>
  <testcase name="classMethod" classname="Scenario: Gifting campaign should not have an option to generate single voucher" time="4.824"/>
  <testcase name="Given I create the campaign" classname="Scenario: Gifting campaign should not have an option to generate single voucher" time="0.0"/>
  <testcase name="And I go to the List Campaigns page" classname="Scenario: Gifting campaign should not have an option to generate single voucher" time="0.0"/>
  <testcase name="Then the browser is at the List Campaigns page" classname="Scenario: Gifting campaign should not have an option to generate single voucher" time="0.0"/>
  <testcase name="And I click on the campaign we just created" classname="Scenario: Gifting campaign should not have an option to generate single voucher" time="0.0"/>
  <testcase name="When the following elements are not be displayed" classname="Scenario: Gifting campaign should not have an option to generate single voucher" time="0.001"/>
  <testcase name="classMethod" classname="Scenario: Gifting campaign should not have an option to generate single voucher" time="4.196"/>
  <system-out><![CDATA[11:26:49.545 [Test worker] DEBUG o.s.b.f.s.DefaultListableBeanFactory - Creating instance of bean 'com.nowtv.pav.test.steps.GenericSteps'
11:26:49.545 [Test worker] DEBUG o.s.b.f.s.DefaultListableBeanFactory - Finished creating instance of bean 'com.nowtv.pav.test.steps.GenericSteps'
11:26:49.545 [Forwarding maximizeWindow on session 24c56de00ffa00fe6118d27df9e3a356 to remote] DEBUG o.a.h.c.protocol.RequestAddCookies - CookieSpec selected: best-match
11:26:49.545 [Forwarding maximizeWindow on session 24c56de00ffa00fe6118d27df9e3a356 to remote] DEBUG o.a.h.c.protocol.RequestAuthCache - Auth cache not set in the context
11:26:49.545 [Forwarding maximizeWindow on session 24c56de00ffa00fe6118d27df9e3a356 to remote] DEBUG o.a.h.i.c.PoolingHttpClientConnectionManager - Connection request: [route: {}->http://localhost:5387][total kept alive: 0; route allocated: 0 of 2000; total allocated: 0 of 2000]
11:26:49.545 [Forwarding maximizeWindow on session 24c56de00ffa00fe6118d27df9e3a356 to remote] DEBUG o.a.h.i.c.PoolingHttpClientConnectionManager - Connection leased: [id: 2892][route: {}->http://localhost:5387][total kept alive: 0; route allocated: 1 of 2000; total allocated: 1 of 2000]
11:26:49.545 [Forwarding maximizeWindow on session 24c56de00ffa00fe6118d27df9e3a356 to remote] DEBUG o.a.h.impl.execchain.MainClientExec - Opening connection {}->http://localhost:5387
11:26:49.545 [Forwarding maximizeWindow on session 24c56de00ffa00fe6118d27df9e3a356 to remote] DEBUG o.a.h.i.c.HttpClientConnectionOperator - Connecting to localhost/127.0.0.1:5387
11:26:49.545 [Forwarding maximizeWindow on session 24c56de00ffa00fe6118d27df9e3a356 to remote] DEBUG o.a.h.i.c.HttpClientConnectionOperator - Connection established 127.0.0.1:45966<->127.0.0.1:5387
11:26:49.545 [Forwarding maximizeWindow on session 24c56de00ffa00fe6118d27df9e3a356 to remote] DEBUG o.a.h.impl.execchain.MainClientExec - Executing request POST /session/24c56de00ffa00fe6118d27df9e3a356/window/current/maximize HTTP/1.1
11:26:49.545 [Forwarding maximizeWindow on session 24c56de00ffa00fe6118d27df9e3a356 to remote] DEBUG o.a.h.impl.execchain.MainClientExec - Target auth state: UNCHALLENGED
11:26:49.545 [Forwarding maximizeWindow on session 24c56de00ffa00fe6118d27df9e3a356 to remote] DEBUG o.a.h.impl.execchain.MainClientExec - Proxy auth state: UNCHALLENGED
11:26:49.545 [Forwarding maximizeWindow on session 24c56de00ffa00fe6118d27df9e3a356 to remote] DEBUG org.apache.http.headers - http-outgoing-2892 >> POST /session/24c56de00ffa00fe6118d27df9e3a356/window/current/maximize HTTP/1.1
11:26:49.545 [Forwarding maximizeWindow on session 24c56de00ffa00fe6118d27df9e3a356 to remote] DEBUG org.apache.http.headers - http-outgoing-2892 >> Content-Type: application/json; charset=utf-8
11:26:49.545 [Forwarding maximizeWindow on session 24c56de00ffa00fe6118d27df9e3a356 to remote] DEBUG org.apache.http.headers - http-outgoing-2892 >> Content-Length: 26
11:26:49.545 [Forwarding maximizeWindow on session 24c56de00ffa00fe6118d27df9e3a356 to remote] DEBUG org.apache.http.headers - http-outgoing-2892 >> Host: localhost:5387
11:26:49.545 [Forwarding maximizeWindow on session 24c56de00ffa00fe6118d27df9e3a356 to remote] DEBUG org.apache.http.headers - http-outgoing-2892 >> Connection: Keep-Alive
11:26:49.545 [Forwarding maximizeWindow on session 24c56de00ffa00fe6118d27df9e3a356 to remote] DEBUG org.apache.http.headers - http-outgoing-2892 >> User-Agent: Apache-HttpClient/4.3.4 (java 1.5)
11:26:49.545 [Forwarding maximizeWindow on session 24c56de00ffa00fe6118d27df9e3a356 to remote] DEBUG org.apache.http.headers - http-outgoing-2892 >> Accept-Encoding: gzip,deflate
11:26:49.545 [Forwarding maximizeWindow on session 24c56de00ffa00fe6118d27df9e3a356 to remote] DEBUG org.apache.http.wire - http-outgoing-2892 >> "POST /session/24c56de00ffa00fe6118d27df9e3a356/window/current/maximize HTTP/1.1[\r][\n]"
11:26:49.545 [Forwarding maximizeWindow on session 24c56de00ffa00fe6118d27df9e3a356 to remote] DEBUG org.apache.http.wire - http-outgoing-2892 >> "Content-Type: application/json; charset=utf-8[\r][\n]"
11:26:49.545 [Forwarding maximizeWindow on session 24c56de00ffa00fe6118d27df9e3a356 to remote] DEBUG org.apache.http.wire - http-outgoing-2892 >> "Content-Length: 26[\r][\n]"
11:26:49.545 [Forwarding maximizeWindow on session 24c56de00ffa00fe6118d27df9e3a356 to remote] DEBUG org.apache.http.wire - http-outgoing-2892 >> "Host: localhost:5387[\r][\n]"
11:26:49.545 [Forwarding maximizeWindow on session 24c56de00ffa00fe6118d27df9e3a356 to remote] DEBUG org.apache.http.wire - http-outgoing-2892 >> "Connection: Keep-Alive[\r][\n]"
11:26:49.545 [Forwarding maximizeWindow on session 24c56de00ffa00fe6118d27df9e3a356 to remote] DEBUG org.apache.http.wire - http-outgoing-2892 >> "User-Agent: Apache-HttpClient/4.3.4 (java 1.5)[\r][\n]"
11:26:49.545 [Forwarding maximizeWindow on session 24c56de00ffa00fe6118d27df9e3a356 to remote] DEBUG org.apache.http.wire - http-outgoing-2892 >> "Accept-Encoding: gzip,deflate[\r][\n]"
11:26:49.545 [Forwarding maximizeWindow on session 24c56de00ffa00fe6118d27df9e3a356 to remote] DEBUG org.apache.http.wire - http-outgoing-2892 >> "[\r][\n]"
11:26:49.545 [Forwarding maximizeWindow on session 24c56de00ffa00fe6118d27df9e3a356 to remote] DEBUG org.apache.http.wire - http-outgoing-2892 >> "{"windowHandle":"current"}"
11:26:49.650 [Forwarding maximizeWindow on session 24c56de00ffa00fe6118d27df9e3a356 to remote] DEBUG org.apache.http.wire - http-outgoing-2892 << "HTTP/1.1 200 OK[\r][\n]"
11:26:49.650 [Forwarding maximizeWindow on session 24c56de00ffa00fe6118d27df9e3a356 to remote] DEBUG org.apache.http.wire - http-outgoing-2892 << "Content-Length:72[\r][\n]"
11:26:49.650 [Forwarding maximizeWindow on session 24c56de00ffa00fe6118d27df9e3a356 to remote] DEBUG org.apache.http.wire - http-outgoing-2892 << "Content-Type:application/json; charset=utf-8[\r][\n]"
11:26:49.650 [Forwarding maximizeWindow on session 24c56de00ffa00fe6118d27df9e3a356 to remote] DEBUG org.apache.http.wire - http-outgoing-2892 << "Connection:close[\r][\n]"
11:26:49.650 [Forwarding maximizeWindow on session 24c56de00ffa00fe6118d27df9e3a356 to remote] DEBUG org.apache.http.wire - http-outgoing-2892 << "[\r][\n]"
11:26:49.650 [Forwarding maximizeWindow on session 24c56de00ffa00fe6118d27df9e3a356 to remote] DEBUG org.apache.http.wire - http-outgoing-2892 << "{"sessionId":"24c56de00ffa00fe6118d27df9e3a356","status":0,"value":null}"
11:26:49.650 [Forwarding maximizeWindow on session 24c56de00ffa00fe6118d27df9e3a356 to remote] DEBUG org.apache.http.headers - http-outgoing-2892 << HTTP/1.1 200 OK
11:26:49.650 [Forwarding maximizeWindow on session 24c56de00ffa00fe6118d27df9e3a356 to remote] DEBUG org.apache.http.headers - http-outgoing-2892 << Content-Length:72
11:26:49.650 [Forwarding maximizeWindow on session 24c56de00ffa00fe6118d27df9e3a356 to remote] DEBUG org.apache.http.headers - http-outgoing-2892 << Content-Type:application/json; charset=utf-8
11:26:49.650 [Forwarding maximizeWindow on session 24c56de00ffa00fe6118d27df9e3a356 to remote] DEBUG org.apache.http.headers - http-outgoing-2892 << Connection:close
11:26:49.650 [Forwarding maximizeWindow on session 24c56de00ffa00fe6118d27df9e3a356 to remote] DEBUG o.a.h.i.c.DefaultManagedHttpClientConnection - http-outgoing-2892: Shutdown connection
11:26:49.650 [Forwarding maximizeWindow on session 24c56de00ffa00fe6118d27df9e3a356 to remote] DEBUG o.a.h.impl.execchain.MainClientExec - Connection discarded
11:26:49.650 [Forwarding maximizeWindow on session 24c56de00ffa00fe6118d27df9e3a356 to remote] DEBUG o.a.h.i.c.DefaultManagedHttpClientConnection - http-outgoing-2892: Close connection
11:26:49.650 [Forwarding maximizeWindow on session 24c56de00ffa00fe6118d27df9e3a356 to remote] DEBUG o.a.h.i.c.PoolingHttpClientConnectionManager - Connection released: [id: 2892][route: {}->http://localhost:5387][total kept alive: 0; route allocated: 0 of 2000; total allocated: 0 of 2000]
11:26:49.651 [Forwarding get on session 24c56de00ffa00fe6118d27df9e3a356 to remote] DEBUG o.a.h.c.protocol.RequestAddCookies - CookieSpec selected: best-match
11:26:49.651 [Forwarding get on session 24c56de00ffa00fe6118d27df9e3a356 to remote] DEBUG o.a.h.c.protocol.RequestAuthCache - Auth cache not set in the context
11:26:49.651 [Forwarding get on session 24c56de00ffa00fe6118d27df9e3a356 to remote] DEBUG o.a.h.i.c.PoolingHttpClientConnectionManager - Connection request: [route: {}->http://localhost:5387][total kept alive: 0; route allocated: 0 of 2000; total allocated: 0 of 2000]
11:26:49.651 [Forwarding get on session 24c56de00ffa00fe6118d27df9e3a356 to remote] DEBUG o.a.h.i.c.PoolingHttpClientConnectionManager - Connection leased: [id: 2893][route: {}->http://localhost:5387][total kept alive: 0; route allocated: 1 of 2000; total allocated: 1 of 2000]
11:26:49.651 [Forwarding get on session 24c56de00ffa00fe6118d27df9e3a356 to remote] DEBUG o.a.h.impl.execchain.MainClientExec - Opening connection {}->http://localhost:5387
11:26:49.651 [Forwarding get on session 24c56de00ffa00fe6118d27df9e3a356 to remote] DEBUG o.a.h.i.c.HttpClientConnectionOperator - Connecting to localhost/127.0.0.1:5387
11:26:49.651 [Forwarding get on session 24c56de00ffa00fe6118d27df9e3a356 to remote] DEBUG o.a.h.i.c.HttpClientConnectionOperator - Connection established 127.0.0.1:45967<->127.0.0.1:5387
11:26:49.651 [Forwarding get on session 24c56de00ffa00fe6118d27df9e3a356 to remote] DEBUG o.a.h.impl.execchain.MainClientExec - Executing request POST /session/24c56de00ffa00fe6118d27df9e3a356/url HTTP/1.1
11:26:49.651 [Forwarding get on session 24c56de00ffa00fe6118d27df9e3a356 to remote] DEBUG o.a.h.impl.execchain.MainClientExec - Target auth state: UNCHALLENGED
11:26:49.651 [Forwarding get on session 24c56de00ffa00fe6118d27df9e3a356 to remote] DEBUG o.a.h.impl.execchain.MainClientExec - Proxy auth state: UNCHALLENGED
11:26:49.651 [Forwarding get on session 24c56de00ffa00fe6118d27df9e3a356 to remote] DEBUG org.apache.http.headers - http-outgoing-2893 >> POST /session/24c56de00ffa00fe6118d27df9e3a356/url HTTP/1.1
11:26:49.651 [Forwarding get on session 24c56de00ffa00fe6118d27df9e3a356 to remote] DEBUG org.apache.http.headers - http-outgoing-2893 >> Content-Type: application/json; charset=utf-8
11:26:49.651 [Forwarding get on session 24c56de00ffa00fe6118d27df9e3a356 to remote] DEBUG org.apache.http.headers - http-outgoing-2893 >> Content-Length: 80
11:26:49.651 [Forwarding get on session 24c56de00ffa00fe6118d27df9e3a356 to remote] DEBUG org.apache.http.headers - http-outgoing-2893 >> Host: localhost:5387
11:26:49.651 [Forwarding get on session 24c56de00ffa00fe6118d27df9e3a356 to remote] DEBUG org.apache.http.headers - http-outgoing-2893 >> Connection: Keep-Alive
11:26:49.651 [Forwarding get on session 24c56de00ffa00fe6118d27df9e3a356 to remote] DEBUG org.apache.http.headers - http-outgoing-2893 >> User-Agent: Apache-HttpClient/4.3.4 (java 1.5)
11:26:49.651 [Forwarding get on session 24c56de00ffa00fe6118d27df9e3a356 to remote] DEBUG org.apache.http.headers - http-outgoing-2893 >> Accept-Encoding: gzip,deflate
11:26:49.651 [Forwarding get on session 24c56de00ffa00fe6118d27df9e3a356 to remote] DEBUG org.apache.http.wire - http-outgoing-2893 >> "POST /session/24c56de00ffa00fe6118d27df9e3a356/url HTTP/1.1[\r][\n]"
11:26:49.651 [Forwarding get on session 24c56de00ffa00fe6118d27df9e3a356 to remote] DEBUG org.apache.http.wire - http-outgoing-2893 >> "Content-Type: application/json; charset=utf-8[\r][\n]"
11:26:49.651 [Forwarding get on session 24c56de00ffa00fe6118d27df9e3a356 to remote] DEBUG org.apache.http.wire - http-outgoing-2893 >> "Content-Length: 80[\r][\n]"
11:26:49.651 [Forwarding get on session 24c56de00ffa00fe6118d27df9e3a356 to remote] DEBUG org.apache.http.wire - http-outgoing-2893 >> "Host: localhost:5387[\r][\n]"
11:26:49.651 [Forwarding get on session 24c56de00ffa00fe6118d27df9e3a356 to remote] DEBUG org.apache.http.wire - http-outgoing-2893 >> "Connection: Keep-Alive[\r][\n]"
11:26:49.651 [Forwarding get on session 24c56de00ffa00fe6118d27df9e3a356 to remote] DEBUG org.apache.http.wire - http-outgoing-2893 >> "User-Agent: Apache-HttpClient/4.3.4 (java 1.5)[\r][\n]"
11:26:49.651 [Forwarding get on session 24c56de00ffa00fe6118d27df9e3a356 to remote] DEBUG org.apache.http.wire - http-outgoing-2893 >> "Accept-Encoding: gzip,deflate[\r][\n]"
11:26:49.651 [Forwarding get on session 24c56de00ffa00fe6118d27df9e3a356 to remote] DEBUG org.apache.http.wire - http-outgoing-2893 >> "[\r][\n]"
11:26:49.651 [Forwarding get on session 24c56de00ffa00fe6118d27df9e3a356 to remote] DEBUG org.apache.http.wire - http-outgoing-2893 >> "{"url":"http://admin:pass@voucher-manager.snapshot.pv.nimbus-stage.cg.sky.com/"}"
11:26:49.757 [Forwarding get on session 24c56de00ffa00fe6118d27df9e3a356 to remote] DEBUG org.apache.http.wire - http-outgoing-2893 << "HTTP/1.1 200 OK[\r][\n]"
11:26:49.757 [Forwarding get on session 24c56de00ffa00fe6118d27df9e3a356 to remote] DEBUG org.apache.http.wire - http-outgoing-2893 << "Content-Length:72[\r][\n]"
11:26:49.757 [Forwarding get on session 24c56de00ffa00fe6118d27df9e3a356 to remote] DEBUG org.apache.http.wire - http-outgoing-2893 << "Content-Type:application/json; charset=utf-8[\r][\n]"
11:26:49.757 [Forwarding get on session 24c56de00ffa00fe6118d27df9e3a356 to remote] DEBUG org.apache.http.wire - http-outgoing-2893 << "Connection:close[\r][\n]"
11:26:49.757 [Forwarding get on session 24c56de00ffa00fe6118d27df9e3a356 to remote] DEBUG org.apache.http.wire - http-outgoing-2893 << "[\r][\n]"
11:26:49.757 [Forwarding get on session 24c56de00ffa00fe6118d27df9e3a356 to remote] DEBUG org.apache.http.wire - http-outgoing-2893 << "{"sessionId":"24c56de00ffa00fe6118d27df9e3a356","status":0,"value":null}"
11:26:49.757 [Forwarding get on session 24c56de00ffa00fe6118d27df9e3a356 to remote] DEBUG org.apache.http.headers - http-outgoing-2893 << HTTP/1.1 200 OK
11:26:49.757 [Forwarding get on session 24c56de00ffa00fe6118d27df9e3a356 to remote] DEBUG org.apache.http.headers - http-outgoing-2893 << Content-Length:72
11:26:49.757 [Forwarding get on session 24c56de00ffa00fe6118d27df9e3a356 to remote] DEBUG org.apache.http.headers - http-outgoing-2893 << Content-Type:application/json; charset=utf-8
11:26:49.757 [Forwarding get on session 24c56de00ffa00fe6118d27df9e3a356 to remote] DEBUG org.apache.http.headers - http-outgoing-2893 << Connection:close
11:26:49.757 [Forwarding get on session 24c56de00ffa00fe6118d27df9e3a356 to remote] DEBUG o.a.h.i.c.DefaultManagedHttpClientConnection - http-outgoing-2893: Shutdown connection
11:26:49.757 [Forwarding get on session 24c56de00ffa00fe6118d27df9e3a356 to remote] DEBUG o.a.h.impl.execchain.MainClientExec - Connection discarded
11:26:49.757 [Forwarding get on session 24c56de00ffa00fe6118d27df9e3a356 to remote] DEBUG o.a.h.i.c.DefaultManagedHttpClientConnection - http-outgoing-2893: Close connection
11:26:49.757 [Forwarding get on session 24c56de00ffa00fe6118d27df9e3a356 to remote] DEBUG o.a.h.i.c.PoolingHttpClientConnectionManager - Connection released: [id: 2893][route: {}->http://localhost:5387][total kept alive: 0; route allocated: 0 of 2000; total allocated: 0 of 2000]

  #**************************************************************************************
  # -------------------------------- Generate SUT Vouchers-------------------------------
  # **************************************************************************************
  Scenario: Generate single voucher on SUT campaign with/without Case Number and Account ID ?[90m# features/generateSingleVouchers.feature:51?[0m
    ?[32mGiven ?[0m?[32mI create the campaign?[0m                                                             ?[90m# CreateCampaignSteps.i_create_campaign(String)?[0m
      """
      {
      	"type":"SINGLE_USE_TRANSFERABLE",
         "name":"SUT Campaign",
         "prefix":"NOW",
         "cancelled":false,
         "pomOfferId":"12346",
         "secondaryOfferId":"abc123",
         "start":"2014-06-26T00:00:00Z",
         "end":"2016-06-26T00:00:00Z",
         "cap":"20"
      }
      """
    ?[32mAnd ?[0m?[32mI go to the ?[0m?[32m?[1mList Campaigns?[0m?[32m page?[0m                                                     ?[90m# GenericSteps.i_go_to_page(String)?[0m
    ?[32mThen ?[0m?[32mthe browser is at the ?[0m?[32m?[1mList Campaigns?[0m?[32m page?[0m                                          ?[90m# GenericSteps.the_browser_is_at_the_page(String)?[0m
    ?[32mAnd ?[0m?[32mI click on the campaign we just created?[0m                                             ?[90m# ListCampaignsSteps.i_click_on_the_campaign_we_just_created()?[0m
    ?[32mAnd ?[0m?[32mI click on the ?[0m?[32m?[1mShow Create Vouchers?[0m?[32m link?[0m                                            ?[90m# GenericSteps.i_click_on_the_link(String)?[0m
    ?[32mWhen ?[0m?[32mI enter the values?[0m                                                                 ?[90m# GenericSteps.i_enter_the_values(String,String>)?[0m
    ?[32mAnd ?[0m?[32mI click the ?[0m?[32m?[1mCreate Voucher?[0m?[32m button?[0m                                                   ?[90m# GenericSteps.click_the_submit_button(String)?[0m
    ?[32mThen ?[0m?[32mthe text "?[0m?[32m?[1mCreated Voucher?[0m?[32m" is displayed on the page?[0m                                ?[90m# GenericSteps.the_page_displays_text_containing_text(String)?[0m
    ?[32mAnd ?[0m?[32mI wait for the campaign batches to change state from PENDING?[0m                        ?[90m# CampaignDetailsSteps.i_wait_for_the_voucher_batches_to_generate()?[0m
    ?[32mThen ?[0m?[32mthe table has the following headers with corresponding first row values?[0m            ?[90m# GenericSteps.the_table_headers_versus_rows(String,String>)?[0m
    ?[32mAnd ?[0m?[32mI click on the ?[0m?[32m?[1mHide Create Vouchers?[0m?[32m link?[0m                                            ?[90m# GenericSteps.i_click_on_the_link(String)?[0m
    ?[32mAnd ?[0m?[32mI click on the ?[0m?[32m?[1mShow Create Vouchers?[0m?[32m link?[0m                                            ?[90m# GenericSteps.i_click_on_the_link(String)?[0m
    ?[32mWhen ?[0m?[32mI enter the values?[0m                                                                 ?[90m# GenericSteps.i_enter_the_values(String,String>)?[0m
    ?[32mAnd ?[0m?[32mI click the ?[0m?[32m?[1mCreate Voucher?[0m?[32m button?[0m                                                   ?[90m# GenericSteps.click_the_submit_button(String)?[0m
    ?[32mThen ?[0m?[32mthe text "?[0m?[32m?[1mCreated Voucher?[0m?[32m" is displayed on the page?[0m                                ?[90m# GenericSteps.the_page_displays_text_containing_text(String)?[0m
    ?[32mAnd ?[0m?[32mI wait for the campaign batches to change state from PENDING?[0m                        ?[90m# CampaignDetailsSteps.i_wait_for_the_voucher_batches_to_generate()?[0m
    ?[32mThen ?[0m?[32mthe table has the following headers with corresponding first row values?[0m            ?[90m# GenericSteps.the_table_headers_versus_rows(String,String>)?[0m
11:26:49.760 [Test worker] DEBUG o.s.b.f.s.DefaultListableBeanFactory - Creating instance of bean 'com.nowtv.pav.test.steps.CreateCampaignSteps'
11:26:49.760 [Test worker] DEBUG o.s.b.f.s.DefaultListableBeanFactory - Finished creating instance of bean 'com.nowtv.pav.test.steps.CreateCampaignSteps'
11:26:49.760 [Test worker] DEBUG o.a.h.i.c.PoolingClientConnectionManager - Connection request: [route: {}->http://voucher-manager.snapshot.pv.nimbus-stage.cg.sky.com][total kept alive: 1; route allocated: 1 of 100; total allocated: 1 of 200]
11:26:49.760 [Test worker] DEBUG o.a.h.i.c.PoolingClientConnectionManager - Connection leased: [id: 2][route: {}->http://voucher-manager.snapshot.pv.nimbus-stage.cg.sky.com][total kept alive: 0; route allocated: 1 of 100; total allocated: 1 of 200]
11:26:49.760 [Test worker] DEBUG o.a.h.impl.client.DefaultHttpClient - Stale connection check
11:26:49.761 [Test worker] DEBUG o.a.h.c.protocol.RequestAddCookies - CookieSpec selected: best-match
11:26:49.761 [Test worker] DEBUG o.a.h.c.protocol.RequestAuthCache - Auth cache not set in the context
11:26:49.761 [Test worker] DEBUG o.a.h.c.p.RequestTargetAuthentication - Target auth state: UNCHALLENGED
11:26:49.761 [Test worker] DEBUG o.a.h.c.p.RequestProxyAuthentication - Proxy auth state: UNCHALLENGED
11:26:49.762 [Test worker] DEBUG o.a.h.impl.client.DefaultHttpClient - Attempt 1 to execute request
11:26:49.762 [Test worker] DEBUG o.a.h.i.conn.DefaultClientConnection - Sending request: POST /campaign HTTP/1.1
11:26:49.762 [Test worker] DEBUG org.apache.http.wire -  >> "POST /campaign HTTP/1.1[\r][\n]"
11:26:49.762 [Test worker] DEBUG org.apache.http.wire -  >> "Content-Type: application/json[\r][\n]"
11:26:49.762 [Test worker] DEBUG org.apache.http.wire -  >> "Content-Length: 232[\r][\n]"
11:26:49.762 [Test worker] DEBUG org.apache.http.wire -  >> "Host: voucher-manager.snapshot.pv.nimbus-stage.cg.sky.com[\r][\n]"
11:26:49.762 [Test worker] DEBUG org.apache.http.wire -  >> "Connection: Keep-Alive[\r][\n]"
11:26:49.762 [Test worker] DEBUG org.apache.http.wire -  >> "User-Agent: Apache-HttpClient/4.3.4 (java 1.5)[\r][\n]"
11:26:49.762 [Test worker] DEBUG org.apache.http.wire -  >> "Authorization: Basic YWRtaW46cGFzcw==[\r][\n]"
11:26:49.762 [Test worker] DEBUG org.apache.http.wire -  >> "[\r][\n]"
11:26:49.762 [Test worker] DEBUG org.apache.http.headers - >> POST /campaign HTTP/1.1
11:26:49.762 [Test worker] DEBUG org.apache.http.headers - >> Content-Type: application/json
11:26:49.762 [Test worker] DEBUG org.apache.http.headers - >> Content-Length: 232
11:26:49.762 [Test worker] DEBUG org.apache.http.headers - >> Host: voucher-manager.snapshot.pv.nimbus-stage.cg.sky.com
11:26:49.762 [Test worker] DEBUG org.apache.http.headers - >> Connection: Keep-Alive
11:26:49.762 [Test worker] DEBUG org.apache.http.headers - >> User-Agent: Apache-HttpClient/4.3.4 (java 1.5)
11:26:49.762 [Test worker] DEBUG org.apache.http.headers - >> Authorization: Basic YWRtaW46cGFzcw==
11:26:49.762 [Test worker] DEBUG org.apache.http.wire -  >> "{[\n]"
11:26:49.762 [Test worker] DEBUG org.apache.http.wire -  >> "[0x9]"type":"GIFTING",[\n]"
11:26:49.762 [Test worker] DEBUG org.apache.http.wire -  >> "   "name":"GIFTING Campaign",[\n]"
11:26:49.762 [Test worker] DEBUG org.apache.http.wire -  >> "   "prefix":"NOW",[\n]"
11:26:49.762 [Test worker] DEBUG org.apache.http.wire -  >> "   "cancelled":false,[\n]"
11:26:49.762 [Test worker] DEBUG org.apache.http.wire -  >> "   "pomOfferId":"12346",[\n]"
11:26:49.762 [Test worker] DEBUG org.apache.http.wire -  >> "   "secondaryOfferId":"abc123",[\n]"
11:26:49.762 [Test worker] DEBUG org.apache.http.wire -  >> "   "start":"2014-06-26T00:00:00Z",[\n]"
11:26:49.762 [Test worker] DEBUG org.apache.http.wire -  >> "   "end":"2016-06-26T00:00:00Z",[\n]"
11:26:49.762 [Test worker] DEBUG org.apache.http.wire -  >> "   "cap":"20"[\n]"
11:26:49.762 [Test worker] DEBUG org.apache.http.wire -  >> "}"
11:26:49.831 [Test worker] DEBUG org.apache.http.wire -  << "HTTP/1.1 201 Created[\r][\n]"
11:26:49.831 [Test worker] DEBUG org.apache.http.wire -  << "X-FORWARDED-PROTO: http[\r][\n]"
11:26:49.831 [Test worker] DEBUG org.apache.http.wire -  << "Server: nginx[\r][\n]"
11:26:49.831 [Test worker] DEBUG org.apache.http.wire -  << "Date: Tue, 07 Jul 2015 10:26:49 GMT[\r][\n]"
11:26:49.831 [Test worker] DEBUG org.apache.http.wire -  << "Content-Type: application/json;charset=UTF-8[\r][\n]"
11:26:49.831 [Test worker] DEBUG org.apache.http.wire -  << "Transfer-Encoding: chunked[\r][\n]"
11:26:49.831 [Test worker] DEBUG org.apache.http.wire -  << "Connection: keep-alive[\r][\n]"
11:26:49.831 [Test worker] DEBUG org.apache.http.wire -  << "Keep-Alive: timeout=10[\r][\n]"
11:26:49.831 [Test worker] DEBUG org.apache.http.wire -  << "Access-Control-Allow-Credentials: true[\r][\n]"
11:26:49.831 [Test worker] DEBUG org.apache.http.wire -  << "X-Content-Type-Options: nosniff[\r][\n]"
11:26:49.831 [Test worker] DEBUG org.apache.http.wire -  << "X-XSS-Protection: 1; mode=block[\r][\n]"
11:26:49.831 [Test worker] DEBUG org.apache.http.wire -  << "Cache-Control: no-cache, no-store, max-age=0, must-revalidate[\r][\n]"
11:26:49.832 [Test worker] DEBUG org.apache.http.wire -  << "Pragma: no-cache[\r][\n]"
11:26:49.832 [Test worker] DEBUG org.apache.http.wire -  << "Expires: 0[\r][\n]"
11:26:49.832 [Test worker] DEBUG org.apache.http.wire -  << "X-Frame-Options: DENY[\r][\n]"
11:26:49.832 [Test worker] DEBUG org.apache.http.wire -  << "X-Application-Context: pv__voucher-manager__snapshot__v444:snapshot-cloud:0[\r][\n]"
11:26:49.832 [Test worker] DEBUG org.apache.http.wire -  << "[\r][\n]"
11:26:49.832 [Test worker] DEBUG o.a.h.i.conn.DefaultClientConnection - Receiving response: HTTP/1.1 201 Created
11:26:49.832 [Test worker] DEBUG org.apache.http.headers - << HTTP/1.1 201 Created
11:26:49.832 [Test worker] DEBUG org.apache.http.headers - << X-FORWARDED-PROTO: http
11:26:49.832 [Test worker] DEBUG org.apache.http.headers - << Server: nginx
11:26:49.832 [Test worker] DEBUG org.apache.http.headers - << Date: Tue, 07 Jul 2015 10:26:49 GMT
11:26:49.832 [Test worker] DEBUG org.apache.http.headers - << Content-Type: application/json;charset=UTF-8
11:26:49.832 [Test worker] DEBUG org.apache.http.headers - << Transfer-Encoding: chunked
11:26:49.832 [Test worker] DEBUG org.apache.http.headers - << Connection: keep-alive
11:26:49.832 [Test worker] DEBUG org.apache.http.headers - << Keep-Alive: timeout=10
11:26:49.832 [Test worker] DEBUG org.apache.http.headers - << Access-Control-Allow-Credentials: true
11:26:49.832 [Test worker] DEBUG org.apache.http.headers - << X-Content-Type-Options: nosniff
11:26:49.832 [Test worker] DEBUG org.apache.http.headers - << X-XSS-Protection: 1; mode=block
11:26:49.832 [Test worker] DEBUG org.apache.http.headers - << Cache-Control: no-cache, no-store, max-age=0, must-revalidate
11:26:49.832 [Test worker] DEBUG org.apache.http.headers - << Pragma: no-cache
11:26:49.832 [Test worker] DEBUG org.apache.http.headers - << Expires: 0
11:26:49.832 [Test worker] DEBUG org.apache.http.headers - << X-Frame-Options: DENY
11:26:49.832 [Test worker] DEBUG org.apache.http.headers - << X-Application-Context: pv__voucher-manager__snapshot__v444:snapshot-cloud:0
11:26:49.832 [Test worker] DEBUG o.a.h.impl.client.DefaultHttpClient - Connection can be kept alive for 10000 MILLISECONDS
11:26:49.832 [Test worker] DEBUG org.apache.http.wire -  << "51a[\r][\n]"
11:26:49.832 [Test worker] DEBUG org.apache.http.wire -  << "{"id":9132,"type":"GIFTING","name":"GIFTING Campaign","description":null,"prefix":"NOW","cancelled":false,"pomOfferId":"12346","secondaryOfferId":"abc123","start":"2014-06-26T00:00:00Z","end":"2016-06-26T00:00:00Z","cap":20,"voucherCreationLock":true,"state":null,"updated":"2015-07-07T10:26:49Z","updatedBy":"admin","created":"2015-07-07T10:26:49Z","createdBy":"admin","totalVoucherCount":null,"redeemedCount":0,"campaignState":"ACTIVE","links":[{"rel":"self","href":"http://voucher-manager.snapshot.pv.nimbus-stage.cg.sky.com/campaign/9132"},{"rel":"campaign.types","href":"http://voucher-manager.snapshot.pv.nimbus-stage.cg.sky.com/campaign/types"},{"rel":"voucher.batches","href":"http://voucher-manager.snapshot.pv.nimbus-stage.cg.sky.com/campaign/9132/voucher-batch"},{"rel":"voucher.create-batch","href":"http://voucher-manager.snapshot.pv.nimbus-stage.cg.sky.com/campaign/9132/voucher-batch?size={batch-size}"},{"rel":"voucher.create-additional","href":"http://voucher-manager.snapshot.pv.nimbus-stage.cg.sky.com/campaign/9132/voucher-batch/casenumber/1?requestedAccountId=2"},{"rel":"campaign.history","href":"http://voucher-manager.snapshot.pv.nimbus-stage.cg.sky.com/campaign/9132/history"},{"rel":"campaign.update","href":"http://voucher-manager.snapshot.pv.nimbus-stage.cg.sky.com/campaign"}]}"
11:26:49.832 [Test worker] DEBUG org.apache.http.wire -  << "[\r][\n]"
11:26:49.832 [Test worker] DEBUG org.apache.http.wire -  << "0[\r][\n]"
11:26:49.832 [Test worker] DEBUG org.apache.http.wire -  << "[\r][\n]"
11:26:49.832 [Test worker] DEBUG o.a.h.i.c.PoolingClientConnectionManager - Connection [id: 2][route: {}->http://voucher-manager.snapshot.pv.nimbus-stage.cg.sky.com] can be kept alive for 10000 MILLISECONDS
11:26:49.832 [Test worker] DEBUG o.a.h.i.c.PoolingClientConnectionManager - Connection released: [id: 2][route: {}->http://voucher-manager.snapshot.pv.nimbus-stage.cg.sky.com][total kept alive: 1; route allocated: 1 of 100; total allocated: 1 of 200]
11:26:54.368 [Test worker] DEBUG o.s.b.f.s.DefaultListableBeanFactory - Creating instance of bean 'com.nowtv.pav.test.steps.GenericSteps'
11:26:54.368 [Test worker] DEBUG o.s.b.f.s.DefaultListableBeanFactory - Finished creating instance of bean 'com.nowtv.pav.test.steps.GenericSteps'
11:26:54.368 [Forwarding maximizeWindow on session 24c56de00ffa00fe6118d27df9e3a356 to remote] DEBUG o.a.h.c.protocol.RequestAddCookies - CookieSpec selected: best-match
11:26:54.369 [Forwarding maximizeWindow on session 24c56de00ffa00fe6118d27df9e3a356 to remote] DEBUG o.a.h.c.protocol.RequestAuthCache - Auth cache not set in the context
11:26:54.369 [Forwarding maximizeWindow on session 24c56de00ffa00fe6118d27df9e3a356 to remote] DEBUG o.a.h.i.c.PoolingHttpClientConnectionManager - Connection request: [route: {}->http://localhost:5387][total kept alive: 0; route allocated: 0 of 2000; total allocated: 0 of 2000]
11:26:54.369 [Forwarding maximizeWindow on session 24c56de00ffa00fe6118d27df9e3a356 to remote] DEBUG o.a.h.i.c.PoolingHttpClientConnectionManager - Connection leased: [id: 3049][route: {}->http://localhost:5387][total kept alive: 0; route allocated: 1 of 2000; total allocated: 1 of 2000]
11:26:54.369 [Forwarding maximizeWindow on session 24c56de00ffa00fe6118d27df9e3a356 to remote] DEBUG o.a.h.impl.execchain.MainClientExec - Opening connection {}->http://localhost:5387
11:26:54.369 [Forwarding maximizeWindow on session 24c56de00ffa00fe6118d27df9e3a356 to remote] DEBUG o.a.h.i.c.HttpClientConnectionOperator - Connecting to localhost/127.0.0.1:5387
11:26:54.369 [Forwarding maximizeWindow on session 24c56de00ffa00fe6118d27df9e3a356 to remote] DEBUG o.a.h.i.c.HttpClientConnectionOperator - Connection established 127.0.0.1:46132<->127.0.0.1:5387
11:26:54.369 [Forwarding maximizeWindow on session 24c56de00ffa00fe6118d27df9e3a356 to remote] DEBUG o.a.h.impl.execchain.MainClientExec - Executing request POST /session/24c56de00ffa00fe6118d27df9e3a356/window/current/maximize HTTP/1.1
11:26:54.369 [Forwarding maximizeWindow on session 24c56de00ffa00fe6118d27df9e3a356 to remote] DEBUG o.a.h.impl.execchain.MainClientExec - Target auth state: UNCHALLENGED
11:26:54.369 [Forwarding maximizeWindow on session 24c56de00ffa00fe6118d27df9e3a356 to remote] DEBUG o.a.h.impl.execchain.MainClientExec - Proxy auth state: UNCHALLENGED
11:26:54.369 [Forwarding maximizeWindow on session 24c56de00ffa00fe6118d27df9e3a356 to remote] DEBUG org.apache.http.headers - http-outgoing-3049 >> POST /session/24c56de00ffa00fe6118d27df9e3a356/window/current/maximize HTTP/1.1
11:26:54.369 [Forwarding maximizeWindow on session 24c56de00ffa00fe6118d27df9e3a356 to remote] DEBUG org.apache.http.headers - http-outgoing-3049 >> Content-Type: application/json; charset=utf-8
11:26:54.369 [Forwarding maximizeWindow on session 24c56de00ffa00fe6118d27df9e3a356 to remote] DEBUG org.apache.http.headers - http-outgoing-3049 >> Content-Length: 26
11:26:54.369 [Forwarding maximizeWindow on session 24c56de00ffa00fe6118d27df9e3a356 to remote] DEBUG org.apache.http.headers - http-outgoing-3049 >> Host: localhost:5387
11:26:54.369 [Forwarding maximizeWindow on session 24c56de00ffa00fe6118d27df9e3a356 to remote] DEBUG org.apache.http.headers - http-outgoing-3049 >> Connection: Keep-Alive
11:26:54.369 [Forwarding maximizeWindow on session 24c56de00ffa00fe6118d27df9e3a356 to remote] DEBUG org.apache.http.headers - http-outgoing-3049 >> User-Agent: Apache-HttpClient/4.3.4 (java 1.5)
11:26:54.369 [Forwarding maximizeWindow on session 24c56de00ffa00fe6118d27df9e3a356 to remote] DEBUG org.apache.http.headers - http-outgoing-3049 >> Accept-Encoding: gzip,deflate
11:26:54.369 [Forwarding maximizeWindow on session 24c56de00ffa00fe6118d27df9e3a356 to remote] DEBUG org.apache.http.wire - http-outgoing-3049 >> "POST /session/24c56de00ffa00fe6118d27df9e3a356/window/current/maximize HTTP/1.1[\r][\n]"
11:26:54.369 [Forwarding maximizeWindow on session 24c56de00ffa00fe6118d27df9e3a356 to remote] DEBUG org.apache.http.wire - http-outgoing-3049 >> "Content-Type: application/json; charset=utf-8[\r][\n]"
11:26:54.369 [Forwarding maximizeWindow on session 24c56de00ffa00fe6118d27df9e3a356 to remote] DEBUG org.apache.http.wire - http-outgoing-3049 >> "Content-Length: 26[\r][\n]"
11:26:54.369 [Forwarding maximizeWindow on session 24c56de00ffa00fe6118d27df9e3a356 to remote] DEBUG org.apache.http.wire - http-outgoing-3049 >> "Host: localhost:5387[\r][\n]"
11:26:54.369 [Forwarding maximizeWindow on session 24c56de00ffa00fe6118d27df9e3a356 to remote] DEBUG org.apache.http.wire - http-outgoing-3049 >> "Connection: Keep-Alive[\r][\n]"
11:26:54.369 [Forwarding maximizeWindow on session 24c56de00ffa00fe6118d27df9e3a356 to remote] DEBUG org.apache.http.wire - http-outgoing-3049 >> "User-Agent: Apache-HttpClient/4.3.4 (java 1.5)[\r][\n]"
11:26:54.369 [Forwarding maximizeWindow on session 24c56de00ffa00fe6118d27df9e3a356 to remote] DEBUG org.apache.http.wire - http-outgoing-3049 >> "Accept-Encoding: gzip,deflate[\r][\n]"
11:26:54.369 [Forwarding maximizeWindow on session 24c56de00ffa00fe6118d27df9e3a356 to remote] DEBUG org.apache.http.wire - http-outgoing-3049 >> "[\r][\n]"
11:26:54.369 [Forwarding maximizeWindow on session 24c56de00ffa00fe6118d27df9e3a356 to remote] DEBUG org.apache.http.wire - http-outgoing-3049 >> "{"windowHandle":"current"}"
11:26:54.474 [Forwarding maximizeWindow on session 24c56de00ffa00fe6118d27df9e3a356 to remote] DEBUG org.apache.http.wire - http-outgoing-3049 << "HTTP/1.1 200 OK[\r][\n]"
11:26:54.474 [Forwarding maximizeWindow on session 24c56de00ffa00fe6118d27df9e3a356 to remote] DEBUG org.apache.http.wire - http-outgoing-3049 << "Content-Length:72[\r][\n]"
11:26:54.474 [Forwarding maximizeWindow on session 24c56de00ffa00fe6118d27df9e3a356 to remote] DEBUG org.apache.http.wire - http-outgoing-3049 << "Content-Type:application/json; charset=utf-8[\r][\n]"
11:26:54.474 [Forwarding maximizeWindow on session 24c56de00ffa00fe6118d27df9e3a356 to remote] DEBUG org.apache.http.wire - http-outgoing-3049 << "Connection:close[\r][\n]"
11:26:54.474 [Forwarding maximizeWindow on session 24c56de00ffa00fe6118d27df9e3a356 to remote] DEBUG org.apache.http.wire - http-outgoing-3049 << "[\r][\n]"
11:26:54.474 [Forwarding maximizeWindow on session 24c56de00ffa00fe6118d27df9e3a356 to remote] DEBUG org.apache.http.wire - http-outgoing-3049 << "{"sessionId":"24c56de00ffa00fe6118d27df9e3a356","status":0,"value":null}"
11:26:54.474 [Forwarding maximizeWindow on session 24c56de00ffa00fe6118d27df9e3a356 to remote] DEBUG org.apache.http.headers - http-outgoing-3049 << HTTP/1.1 200 OK
11:26:54.474 [Forwarding maximizeWindow on session 24c56de00ffa00fe6118d27df9e3a356 to remote] DEBUG org.apache.http.headers - http-outgoing-3049 << Content-Length:72
11:26:54.474 [Forwarding maximizeWindow on session 24c56de00ffa00fe6118d27df9e3a356 to remote] DEBUG org.apache.http.headers - http-outgoing-3049 << Content-Type:application/json; charset=utf-8
11:26:54.474 [Forwarding maximizeWindow on session 24c56de00ffa00fe6118d27df9e3a356 to remote] DEBUG org.apache.http.headers - http-outgoing-3049 << Connection:close
11:26:54.474 [Forwarding maximizeWindow on session 24c56de00ffa00fe6118d27df9e3a356 to remote] DEBUG o.a.h.i.c.DefaultManagedHttpClientConnection - http-outgoing-3049: Shutdown connection
11:26:54.474 [Forwarding maximizeWindow on session 24c56de00ffa00fe6118d27df9e3a356 to remote] DEBUG o.a.h.impl.execchain.MainClientExec - Connection discarded
11:26:54.474 [Forwarding maximizeWindow on session 24c56de00ffa00fe6118d27df9e3a356 to remote] DEBUG o.a.h.i.c.DefaultManagedHttpClientConnection - http-outgoing-3049: Close connection
11:26:54.474 [Forwarding maximizeWindow on session 24c56de00ffa00fe6118d27df9e3a356 to remote] DEBUG o.a.h.i.c.PoolingHttpClientConnectionManager - Connection released: [id: 3049][route: {}->http://localhost:5387][total kept alive: 0; route allocated: 0 of 2000; total allocated: 0 of 2000]
11:26:54.475 [Forwarding get on session 24c56de00ffa00fe6118d27df9e3a356 to remote] DEBUG o.a.h.c.protocol.RequestAddCookies - CookieSpec selected: best-match
11:26:54.475 [Forwarding get on session 24c56de00ffa00fe6118d27df9e3a356 to remote] DEBUG o.a.h.c.protocol.RequestAuthCache - Auth cache not set in the context
11:26:54.475 [Forwarding get on session 24c56de00ffa00fe6118d27df9e3a356 to remote] DEBUG o.a.h.i.c.PoolingHttpClientConnectionManager - Connection request: [route: {}->http://localhost:5387][total kept alive: 0; route allocated: 0 of 2000; total allocated: 0 of 2000]
11:26:54.475 [Forwarding get on session 24c56de00ffa00fe6118d27df9e3a356 to remote] DEBUG o.a.h.i.c.PoolingHttpClientConnectionManager - Connection leased: [id: 3050][route: {}->http://localhost:5387][total kept alive: 0; route allocated: 1 of 2000; total allocated: 1 of 2000]
11:26:54.475 [Forwarding get on session 24c56de00ffa00fe6118d27df9e3a356 to remote] DEBUG o.a.h.impl.execchain.MainClientExec - Opening connection {}->http://localhost:5387
11:26:54.475 [Forwarding get on session 24c56de00ffa00fe6118d27df9e3a356 to remote] DEBUG o.a.h.i.c.HttpClientConnectionOperator - Connecting to localhost/127.0.0.1:5387
11:26:54.475 [Forwarding get on session 24c56de00ffa00fe6118d27df9e3a356 to remote] DEBUG o.a.h.i.c.HttpClientConnectionOperator - Connection established 127.0.0.1:46133<->127.0.0.1:5387
11:26:54.475 [Forwarding get on session 24c56de00ffa00fe6118d27df9e3a356 to remote] DEBUG o.a.h.impl.execchain.MainClientExec - Executing request POST /session/24c56de00ffa00fe6118d27df9e3a356/url HTTP/1.1
11:26:54.475 [Forwarding get on session 24c56de00ffa00fe6118d27df9e3a356 to remote] DEBUG o.a.h.impl.execchain.MainClientExec - Target auth state: UNCHALLENGED
11:26:54.475 [Forwarding get on session 24c56de00ffa00fe6118d27df9e3a356 to remote] DEBUG o.a.h.impl.execchain.MainClientExec - Proxy auth state: UNCHALLENGED
11:26:54.475 [Forwarding get on session 24c56de00ffa00fe6118d27df9e3a356 to remote] DEBUG org.apache.http.headers - http-outgoing-3050 >> POST /session/24c56de00ffa00fe6118d27df9e3a356/url HTTP/1.1
11:26:54.475 [Forwarding get on session 24c56de00ffa00fe6118d27df9e3a356 to remote] DEBUG org.apache.http.headers - http-outgoing-3050 >> Content-Type: application/json; charset=utf-8
11:26:54.476 [Forwarding get on session 24c56de00ffa00fe6118d27df9e3a356 to remote] DEBUG org.apache.http.headers - http-outgoing-3050 >> Content-Length: 80
11:26:54.476 [Forwarding get on session 24c56de00ffa00fe6118d27df9e3a356 to remote] DEBUG org.apache.http.headers - http-outgoing-3050 >> Host: localhost:5387
11:26:54.476 [Forwarding get on session 24c56de00ffa00fe6118d27df9e3a356 to remote] DEBUG org.apache.http.headers - http-outgoing-3050 >> Connection: Keep-Alive
11:26:54.476 [Forwarding get on session 24c56de00ffa00fe6118d27df9e3a356 to remote] DEBUG org.apache.http.headers - http-outgoing-3050 >> User-Agent: Apache-HttpClient/4.3.4 (java 1.5)
11:26:54.476 [Forwarding get on session 24c56de00ffa00fe6118d27df9e3a356 to remote] DEBUG org.apache.http.headers - http-outgoing-3050 >> Accept-Encoding: gzip,deflate
11:26:54.476 [Forwarding get on session 24c56de00ffa00fe6118d27df9e3a356 to remote] DEBUG org.apache.http.wire - http-outgoing-3050 >> "POST /session/24c56de00ffa00fe6118d27df9e3a356/url HTTP/1.1[\r][\n]"
11:26:54.476 [Forwarding get on session 24c56de00ffa00fe6118d27df9e3a356 to remote] DEBUG org.apache.http.wire - http-outgoing-3050 >> "Content-Type: application/json; charset=utf-8[\r][\n]"
11:26:54.476 [Forwarding get on session 24c56de00ffa00fe6118d27df9e3a356 to remote] DEBUG org.apache.http.wire - http-outgoing-3050 >> "Content-Length: 80[\r][\n]"
11:26:54.476 [Forwarding get on session 24c56de00ffa00fe6118d27df9e3a356 to remote] DEBUG org.apache.http.wire - http-outgoing-3050 >> "Host: localhost:5387[\r][\n]"
11:26:54.476 [Forwarding get on session 24c56de00ffa00fe6118d27df9e3a356 to remote] DEBUG org.apache.http.wire - http-outgoing-3050 >> "Connection: Keep-Alive[\r][\n]"
11:26:54.476 [Forwarding get on session 24c56de00ffa00fe6118d27df9e3a356 to remote] DEBUG org.apache.http.wire - http-outgoing-3050 >> "User-Agent: Apache-HttpClient/4.3.4 (java 1.5)[\r][\n]"
11:26:54.476 [Forwarding get on session 24c56de00ffa00fe6118d27df9e3a356 to remote] DEBUG org.apache.http.wire - http-outgoing-3050 >> "Accept-Encoding: gzip,deflate[\r][\n]"
11:26:54.476 [Forwarding get on session 24c56de00ffa00fe6118d27df9e3a356 to remote] DEBUG org.apache.http.wire - http-outgoing-3050 >> "[\r][\n]"
11:26:54.476 [Forwarding get on session 24c56de00ffa00fe6118d27df9e3a356 to remote] DEBUG org.apache.http.wire - http-outgoing-3050 >> "{"url":"http://admin:pass@voucher-manager.snapshot.pv.nimbus-stage.cg.sky.com/"}"
11:26:54.590 [Forwarding get on session 24c56de00ffa00fe6118d27df9e3a356 to remote] DEBUG org.apache.http.wire - http-outgoing-3050 << "HTTP/1.1 200 OK[\r][\n]"
11:26:54.590 [Forwarding get on session 24c56de00ffa00fe6118d27df9e3a356 to remote] DEBUG org.apache.http.wire - http-outgoing-3050 << "Content-Length:72[\r][\n]"
11:26:54.590 [Forwarding get on session 24c56de00ffa00fe6118d27df9e3a356 to remote] DEBUG org.apache.http.wire - http-outgoing-3050 << "Content-Type:application/json; charset=utf-8[\r][\n]"
11:26:54.590 [Forwarding get on session 24c56de00ffa00fe6118d27df9e3a356 to remote] DEBUG org.apache.http.wire - http-outgoing-3050 << "Connection:close[\r][\n]"
11:26:54.590 [Forwarding get on session 24c56de00ffa00fe6118d27df9e3a356 to remote] DEBUG org.apache.http.wire - http-outgoing-3050 << "[\r][\n]"
11:26:54.590 [Forwarding get on session 24c56de00ffa00fe6118d27df9e3a356 to remote] DEBUG org.apache.http.wire - http-outgoing-3050 << "{"sessionId":"24c56de00ffa00fe6118d27df9e3a356","status":0,"value":null}"
11:26:54.590 [Forwarding get on session 24c56de00ffa00fe6118d27df9e3a356 to remote] DEBUG org.apache.http.headers - http-outgoing-3050 << HTTP/1.1 200 OK
11:26:54.590 [Forwarding get on session 24c56de00ffa00fe6118d27df9e3a356 to remote] DEBUG org.apache.http.headers - http-outgoing-3050 << Content-Length:72
11:26:54.590 [Forwarding get on session 24c56de00ffa00fe6118d27df9e3a356 to remote] DEBUG org.apache.http.headers - http-outgoing-3050 << Content-Type:application/json; charset=utf-8
11:26:54.590 [Forwarding get on session 24c56de00ffa00fe6118d27df9e3a356 to remote] DEBUG org.apache.http.headers - http-outgoing-3050 << Connection:close
11:26:54.590 [Forwarding get on session 24c56de00ffa00fe6118d27df9e3a356 to remote] DEBUG o.a.h.i.c.DefaultManagedHttpClientConnection - http-outgoing-3050: Shutdown connection
11:26:54.590 [Forwarding get on session 24c56de00ffa00fe6118d27df9e3a356 to remote] DEBUG o.a.h.impl.execchain.MainClientExec - Connection discarded
11:26:54.590 [Forwarding get on session 24c56de00ffa00fe6118d27df9e3a356 to remote] DEBUG o.a.h.i.c.DefaultManagedHttpClientConnection - http-outgoing-3050: Close connection
11:26:54.590 [Forwarding get on session 24c56de00ffa00fe6118d27df9e3a356 to remote] DEBUG o.a.h.i.c.PoolingHttpClientConnectionManager - Connection released: [id: 3050][route: {}->http://localhost:5387][total kept alive: 0; route allocated: 0 of 2000; total allocated: 0 of 2000]

  #**************************************************************************************
  # -------- Gifting campaign does not allow Single Voucher Creations SUT Vouchers--------
  # **************************************************************************************
  Scenario: Gifting campaign should not have an option to generate single voucher ?[90m# features/generateSingleVouchers.feature:109?[0m
    ?[32mGiven ?[0m?[32mI create the campaign?[0m                                                   ?[90m# CreateCampaignSteps.i_create_campaign(String)?[0m
      """
      {
      	"type":"GIFTING",
         "name":"GIFTING Campaign",
         "prefix":"NOW",
         "cancelled":false,
         "pomOfferId":"12346",
         "secondaryOfferId":"abc123",
         "start":"2014-06-26T00:00:00Z",
         "end":"2016-06-26T00:00:00Z",
         "cap":"20"
      }
      """
    ?[32mAnd ?[0m?[32mI go to the ?[0m?[32m?[1mList Campaigns?[0m?[32m page?[0m                                           ?[90m# GenericSteps.i_go_to_page(String)?[0m
    ?[32mThen ?[0m?[32mthe browser is at the ?[0m?[32m?[1mList Campaigns?[0m?[32m page?[0m                                ?[90m# GenericSteps.the_browser_is_at_the_page(String)?[0m
    ?[32mAnd ?[0m?[32mI click on the campaign we just created?[0m                                   ?[90m# ListCampaignsSteps.i_click_on_the_campaign_we_just_created()?[0m
    ?[32mAnd ?[0m?[32mI click on the ?[0m?[32m?[1mShow Create Vouchers?[0m?[32m link?[0m                                  ?[90m# GenericSteps.i_click_on_the_link(String)?[0m
    ?[32mWhen ?[0m?[32mthe following elements are not be displayed?[0m                              ?[90m# GenericSteps.i_enter_the_values(String>)?[0m
11:26:54.594 [Test worker] DEBUG o.s.b.f.s.DefaultListableBeanFactory - Creating instance of bean 'com.nowtv.pav.test.steps.CreateCampaignSteps'
11:26:54.594 [Test worker] DEBUG o.s.b.f.s.DefaultListableBeanFactory - Finished creating instance of bean 'com.nowtv.pav.test.steps.CreateCampaignSteps'
11:26:54.594 [Test worker] DEBUG o.a.h.i.c.PoolingClientConnectionManager - Connection request: [route: {}->http://voucher-manager.snapshot.pv.nimbus-stage.cg.sky.com][total kept alive: 1; route allocated: 1 of 100; total allocated: 1 of 200]
11:26:54.594 [Test worker] DEBUG o.a.h.i.c.PoolingClientConnectionManager - Connection leased: [id: 2][route: {}->http://voucher-manager.snapshot.pv.nimbus-stage.cg.sky.com][total kept alive: 0; route allocated: 1 of 100; total allocated: 1 of 200]
11:26:54.594 [Test worker] DEBUG o.a.h.impl.client.DefaultHttpClient - Stale connection check
11:26:54.596 [Test worker] DEBUG o.a.h.c.protocol.RequestAddCookies - CookieSpec selected: best-match
11:26:54.596 [Test worker] DEBUG o.a.h.c.protocol.RequestAuthCache - Auth cache not set in the context
11:26:54.596 [Test worker] DEBUG o.a.h.c.p.RequestTargetAuthentication - Target auth state: UNCHALLENGED
11:26:54.596 [Test worker] DEBUG o.a.h.c.p.RequestProxyAuthentication - Proxy auth state: UNCHALLENGED
11:26:54.596 [Test worker] DEBUG o.a.h.impl.client.DefaultHttpClient - Attempt 1 to execute request
11:26:54.596 [Test worker] DEBUG o.a.h.i.conn.DefaultClientConnection - Sending request: POST /campaign HTTP/1.1
11:26:54.596 [Test worker] DEBUG org.apache.http.wire -  >> "POST /campaign HTTP/1.1[\r][\n]"
11:26:54.596 [Test worker] DEBUG org.apache.http.wire -  >> "Content-Type: application/json[\r][\n]"
11:26:54.596 [Test worker] DEBUG org.apache.http.wire -  >> "Content-Length: 238[\r][\n]"
11:26:54.596 [Test worker] DEBUG org.apache.http.wire -  >> "Host: voucher-manager.snapshot.pv.nimbus-stage.cg.sky.com[\r][\n]"
11:26:54.596 [Test worker] DEBUG org.apache.http.wire -  >> "Connection: Keep-Alive[\r][\n]"
11:26:54.596 [Test worker] DEBUG org.apache.http.wire -  >> "User-Agent: Apache-HttpClient/4.3.4 (java 1.5)[\r][\n]"
11:26:54.596 [Test worker] DEBUG org.apache.http.wire -  >> "Authorization: Basic YWRtaW46cGFzcw==[\r][\n]"
11:26:54.596 [Test worker] DEBUG org.apache.http.wire -  >> "[\r][\n]"
11:26:54.596 [Test worker] DEBUG org.apache.http.headers - >> POST /campaign HTTP/1.1
11:26:54.596 [Test worker] DEBUG org.apache.http.headers - >> Content-Type: application/json
11:26:54.596 [Test worker] DEBUG org.apache.http.headers - >> Content-Length: 238
11:26:54.596 [Test worker] DEBUG org.apache.http.headers - >> Host: voucher-manager.snapshot.pv.nimbus-stage.cg.sky.com
11:26:54.596 [Test worker] DEBUG org.apache.http.headers - >> Connection: Keep-Alive
11:26:54.596 [Test worker] DEBUG org.apache.http.headers - >> User-Agent: Apache-HttpClient/4.3.4 (java 1.5)
11:26:54.596 [Test worker] DEBUG org.apache.http.headers - >> Authorization: Basic YWRtaW46cGFzcw==
11:26:54.597 [Test worker] DEBUG org.apache.http.wire -  >> "{[\n]"
11:26:54.597 [Test worker] DEBUG org.apache.http.wire -  >> "[0x9]"type":"PROMO_CODE",[\n]"
11:26:54.597 [Test worker] DEBUG org.apache.http.wire -  >> "   "name":"PROMO Code Campaign",[\n]"
11:26:54.597 [Test worker] DEBUG org.apache.http.wire -  >> "   "prefix":"NOW",[\n]"
11:26:54.597 [Test worker] DEBUG org.apache.http.wire -  >> "   "cancelled":false,[\n]"
11:26:54.597 [Test worker] DEBUG org.apache.http.wire -  >> "   "pomOfferId":"12346",[\n]"
11:26:54.597 [Test worker] DEBUG org.apache.http.wire -  >> "   "secondaryOfferId":"abc123",[\n]"
11:26:54.597 [Test worker] DEBUG org.apache.http.wire -  >> "   "start":"2014-06-26T00:00:00Z",[\n]"
11:26:54.597 [Test worker] DEBUG org.apache.http.wire -  >> "   "end":"2016-06-26T00:00:00Z",[\n]"
11:26:54.597 [Test worker] DEBUG org.apache.http.wire -  >> "   "cap":"20"[\n]"
11:26:54.597 [Test worker] DEBUG org.apache.http.wire -  >> "}"
11:26:54.639 [Test worker] DEBUG org.apache.http.wire -  << "HTTP/1.1 201 Created[\r][\n]"
11:26:54.639 [Test worker] DEBUG org.apache.http.wire -  << "X-FORWARDED-PROTO: http[\r][\n]"
11:26:54.639 [Test worker] DEBUG org.apache.http.wire -  << "Server: nginx[\r][\n]"
11:26:54.639 [Test worker] DEBUG org.apache.http.wire -  << "Date: Tue, 07 Jul 2015 10:26:54 GMT[\r][\n]"
11:26:54.639 [Test worker] DEBUG org.apache.http.wire -  << "Content-Type: application/json;charset=UTF-8[\r][\n]"
11:26:54.639 [Test worker] DEBUG org.apache.http.wire -  << "Transfer-Encoding: chunked[\r][\n]"
11:26:54.639 [Test worker] DEBUG org.apache.http.wire -  << "Connection: keep-alive[\r][\n]"
11:26:54.639 [Test worker] DEBUG org.apache.http.wire -  << "Keep-Alive: timeout=10[\r][\n]"
11:26:54.639 [Test worker] DEBUG org.apache.http.wire -  << "Access-Control-Allow-Credentials: true[\r][\n]"
11:26:54.639 [Test worker] DEBUG org.apache.http.wire -  << "X-Content-Type-Options: nosniff[\r][\n]"
11:26:54.639 [Test worker] DEBUG org.apache.http.wire -  << "X-XSS-Protection: 1; mode=block[\r][\n]"
11:26:54.639 [Test worker] DEBUG org.apache.http.wire -  << "Cache-Control: no-cache, no-store, max-age=0, must-revalidate[\r][\n]"
11:26:54.639 [Test worker] DEBUG org.apache.http.wire -  << "Pragma: no-cache[\r][\n]"
11:26:54.640 [Test worker] DEBUG org.apache.http.wire -  << "Expires: 0[\r][\n]"
11:26:54.640 [Test worker] DEBUG org.apache.http.wire -  << "X-Frame-Options: DENY[\r][\n]"
11:26:54.640 [Test worker] DEBUG org.apache.http.wire -  << "X-Application-Context: pv__voucher-manager__snapshot__v444:snapshot-cloud:0[\r][\n]"
11:26:54.640 [Test worker] DEBUG org.apache.http.wire -  << "[\r][\n]"
11:26:54.640 [Test worker] DEBUG o.a.h.i.conn.DefaultClientConnection - Receiving response: HTTP/1.1 201 Created
11:26:54.640 [Test worker] DEBUG org.apache.http.headers - << HTTP/1.1 201 Created
11:26:54.640 [Test worker] DEBUG org.apache.http.headers - << X-FORWARDED-PROTO: http
11:26:54.640 [Test worker] DEBUG org.apache.http.headers - << Server: nginx
11:26:54.640 [Test worker] DEBUG org.apache.http.headers - << Date: Tue, 07 Jul 2015 10:26:54 GMT
11:26:54.640 [Test worker] DEBUG org.apache.http.headers - << Content-Type: application/json;charset=UTF-8
11:26:54.640 [Test worker] DEBUG org.apache.http.headers - << Transfer-Encoding: chunked
11:26:54.640 [Test worker] DEBUG org.apache.http.headers - << Connection: keep-alive
11:26:54.640 [Test worker] DEBUG org.apache.http.headers - << Keep-Alive: timeout=10
11:26:54.640 [Test worker] DEBUG org.apache.http.headers - << Access-Control-Allow-Credentials: true
11:26:54.640 [Test worker] DEBUG org.apache.http.headers - << X-Content-Type-Options: nosniff
11:26:54.640 [Test worker] DEBUG org.apache.http.headers - << X-XSS-Protection: 1; mode=block
11:26:54.640 [Test worker] DEBUG org.apache.http.headers - << Cache-Control: no-cache, no-store, max-age=0, must-revalidate
11:26:54.640 [Test worker] DEBUG org.apache.http.headers - << Pragma: no-cache
11:26:54.640 [Test worker] DEBUG org.apache.http.headers - << Expires: 0
11:26:54.640 [Test worker] DEBUG org.apache.http.headers - << X-Frame-Options: DENY
11:26:54.640 [Test worker] DEBUG org.apache.http.headers - << X-Application-Context: pv__voucher-manager__snapshot__v444:snapshot-cloud:0
11:26:54.640 [Test worker] DEBUG o.a.h.impl.client.DefaultHttpClient - Connection can be kept alive for 10000 MILLISECONDS
11:26:54.640 [Test worker] DEBUG org.apache.http.wire -  << "4df[\r][\n]"
11:26:54.640 [Test worker] DEBUG org.apache.http.wire -  << "{"id":9142,"type":"PROMO_CODE","name":"PROMO Code Campaign","description":null,"prefix":"NOW","cancelled":false,"pomOfferId":"12346","secondaryOfferId":"abc123","start":"2014-06-26T00:00:00Z","end":"2016-06-26T00:00:00Z","cap":20,"voucherCreationLock":false,"state":null,"updated":"2015-07-07T10:26:54Z","updatedBy":"admin","created":"2015-07-07T10:26:54Z","createdBy":"admin","totalVoucherCount":null,"redeemedCount":0,"campaignState":"ACTIVE","links":[{"rel":"self","href":"http://voucher-manager.snapshot.pv.nimbus-stage.cg.sky.com/campaign/9142"},{"rel":"campaign.types","href":"http://voucher-manager.snapshot.pv.nimbus-stage.cg.sky.com/campaign/types"},{"rel":"campaign.promo-codes","href":"http://voucher-manager.snapshot.pv.nimbus-stage.cg.sky.com/campaign/9142/promo-codes"},{"rel":"voucher.create-promo-code","href":"http://voucher-manager.snapshot.pv.nimbus-stage.cg.sky.com/voucher/promocode"},{"rel":"voucher.export","href":"http://voucher-manager.snapshot.pv.nimbus-stage.cg.sky.com/campaign/export-promo/9142"},{"rel":"campaign.history","href":"http://voucher-manager.snapshot.pv.nimbus-stage.cg.sky.com/campaign/9142/history"},{"rel":"campaign.update","href":"http://voucher-manager.snapshot.pv.nimbus-stage.cg.sky.com/campaign"}]}"
11:26:54.640 [Test worker] DEBUG org.apache.http.wire -  << "[\r][\n]"
11:26:54.640 [Test worker] DEBUG org.apache.http.wire -  << "0[\r][\n]"
11:26:54.640 [Test worker] DEBUG org.apache.http.wire -  << "[\r][\n]"
11:26:54.640 [Test worker] DEBUG o.a.h.i.c.PoolingClientConnectionManager - Connection [id: 2][route: {}->http://voucher-manager.snapshot.pv.nimbus-stage.cg.sky.com] can be kept alive for 10000 MILLISECONDS
11:26:54.640 [Test worker] DEBUG o.a.h.i.c.PoolingClientConnectionManager - Connection released: [id: 2][route: {}->http://voucher-manager.snapshot.pv.nimbus-stage.cg.sky.com][total kept alive: 1; route allocated: 1 of 100; total allocated: 1 of 200]
]]></system-out>
  <system-err><![CDATA[]]></system-err>
</testsuite>
