<?xml version="1.0" encoding="UTF-8"?>
<testsuite name="Scenario: Generate single voucher on SUT campaign with/without Case Number and Account ID" tests="18" skipped="0" failures="0" errors="0" timestamp="2015-07-07T10:26:42" hostname="jov-HP-Z220-CMT-Workstation" time="7.404">
  <properties/>
  <testcase name="Given I create the campaign" classname="Scenario: Generate single voucher on SUT campaign with/without Case Number and Account ID" time="0.001"/>
  <testcase name="And I go to the List Campaigns page" classname="Scenario: Generate single voucher on SUT campaign with/without Case Number and Account ID" time="0.0"/>
  <testcase name="Then the browser is at the List Campaigns page" classname="Scenario: Generate single voucher on SUT campaign with/without Case Number and Account ID" time="0.0"/>
  <testcase name="And I click on the campaign we just created" classname="Scenario: Generate single voucher on SUT campaign with/without Case Number and Account ID" time="0.0"/>
  <testcase name="And I click on the Show Create Vouchers link" classname="Scenario: Generate single voucher on SUT campaign with/without Case Number and Account ID" time="0.0"/>
  <testcase name="When I enter the values" classname="Scenario: Generate single voucher on SUT campaign with/without Case Number and Account ID" time="0.0"/>
  <testcase name="And I click the Create Voucher button" classname="Scenario: Generate single voucher on SUT campaign with/without Case Number and Account ID" time="0.0"/>
  <testcase name="Then the text &quot;Created Voucher&quot; is displayed on the page" classname="Scenario: Generate single voucher on SUT campaign with/without Case Number and Account ID" time="0.0"/>
  <testcase name="And I wait for the campaign batches to change state from PENDING" classname="Scenario: Generate single voucher on SUT campaign with/without Case Number and Account ID" time="0.0"/>
  <testcase name="Then the table has the following headers with corresponding first row values" classname="Scenario: Generate single voucher on SUT campaign with/without Case Number and Account ID" time="0.0"/>
  <testcase name="And I click on the Hide Create Vouchers link" classname="Scenario: Generate single voucher on SUT campaign with/without Case Number and Account ID" time="0.0"/>
  <testcase name="And I click on the Show Create Vouchers link" classname="Scenario: Generate single voucher on SUT campaign with/without Case Number and Account ID" time="0.0"/>
  <testcase name="When I enter the values" classname="Scenario: Generate single voucher on SUT campaign with/without Case Number and Account ID" time="0.0"/>
  <testcase name="And I click the Create Voucher button" classname="Scenario: Generate single voucher on SUT campaign with/without Case Number and Account ID" time="0.0"/>
  <testcase name="Then the text &quot;Created Voucher&quot; is displayed on the page" classname="Scenario: Generate single voucher on SUT campaign with/without Case Number and Account ID" time="0.0"/>
  <testcase name="And I wait for the campaign batches to change state from PENDING" classname="Scenario: Generate single voucher on SUT campaign with/without Case Number and Account ID" time="0.0"/>
  <testcase name="Then the table has the following headers with corresponding first row values" classname="Scenario: Generate single voucher on SUT campaign with/without Case Number and Account ID" time="0.0"/>
  <testcase name="classMethod" classname="Scenario: Generate single voucher on SUT campaign with/without Case Number and Account ID" time="7.731"/>
  <system-out><![CDATA[11:26:41.814 [Test worker] DEBUG o.s.b.f.s.DefaultListableBeanFactory - Creating instance of bean 'com.nowtv.pav.test.steps.GenericSteps'
11:26:41.814 [Test worker] DEBUG o.s.b.f.s.DefaultListableBeanFactory - Finished creating instance of bean 'com.nowtv.pav.test.steps.GenericSteps'
11:26:41.814 [Forwarding maximizeWindow on session 24c56de00ffa00fe6118d27df9e3a356 to remote] DEBUG o.a.h.c.protocol.RequestAddCookies - CookieSpec selected: best-match
11:26:41.814 [Forwarding maximizeWindow on session 24c56de00ffa00fe6118d27df9e3a356 to remote] DEBUG o.a.h.c.protocol.RequestAuthCache - Auth cache not set in the context
11:26:41.814 [Forwarding maximizeWindow on session 24c56de00ffa00fe6118d27df9e3a356 to remote] DEBUG o.a.h.i.c.PoolingHttpClientConnectionManager - Connection request: [route: {}->http://localhost:5387][total kept alive: 0; route allocated: 0 of 2000; total allocated: 0 of 2000]
11:26:41.814 [Forwarding maximizeWindow on session 24c56de00ffa00fe6118d27df9e3a356 to remote] DEBUG o.a.h.i.c.PoolingHttpClientConnectionManager - Connection leased: [id: 2432][route: {}->http://localhost:5387][total kept alive: 0; route allocated: 1 of 2000; total allocated: 1 of 2000]
11:26:41.814 [Forwarding maximizeWindow on session 24c56de00ffa00fe6118d27df9e3a356 to remote] DEBUG o.a.h.impl.execchain.MainClientExec - Opening connection {}->http://localhost:5387
11:26:41.814 [Forwarding maximizeWindow on session 24c56de00ffa00fe6118d27df9e3a356 to remote] DEBUG o.a.h.i.c.HttpClientConnectionOperator - Connecting to localhost/127.0.0.1:5387
11:26:41.814 [Forwarding maximizeWindow on session 24c56de00ffa00fe6118d27df9e3a356 to remote] DEBUG o.a.h.i.c.HttpClientConnectionOperator - Connection established 127.0.0.1:45494<->127.0.0.1:5387
11:26:41.814 [Forwarding maximizeWindow on session 24c56de00ffa00fe6118d27df9e3a356 to remote] DEBUG o.a.h.impl.execchain.MainClientExec - Executing request POST /session/24c56de00ffa00fe6118d27df9e3a356/window/current/maximize HTTP/1.1
11:26:41.814 [Forwarding maximizeWindow on session 24c56de00ffa00fe6118d27df9e3a356 to remote] DEBUG o.a.h.impl.execchain.MainClientExec - Target auth state: UNCHALLENGED
11:26:41.814 [Forwarding maximizeWindow on session 24c56de00ffa00fe6118d27df9e3a356 to remote] DEBUG o.a.h.impl.execchain.MainClientExec - Proxy auth state: UNCHALLENGED
11:26:41.814 [Forwarding maximizeWindow on session 24c56de00ffa00fe6118d27df9e3a356 to remote] DEBUG org.apache.http.headers - http-outgoing-2432 >> POST /session/24c56de00ffa00fe6118d27df9e3a356/window/current/maximize HTTP/1.1
11:26:41.814 [Forwarding maximizeWindow on session 24c56de00ffa00fe6118d27df9e3a356 to remote] DEBUG org.apache.http.headers - http-outgoing-2432 >> Content-Type: application/json; charset=utf-8
11:26:41.814 [Forwarding maximizeWindow on session 24c56de00ffa00fe6118d27df9e3a356 to remote] DEBUG org.apache.http.headers - http-outgoing-2432 >> Content-Length: 26
11:26:41.814 [Forwarding maximizeWindow on session 24c56de00ffa00fe6118d27df9e3a356 to remote] DEBUG org.apache.http.headers - http-outgoing-2432 >> Host: localhost:5387
11:26:41.814 [Forwarding maximizeWindow on session 24c56de00ffa00fe6118d27df9e3a356 to remote] DEBUG org.apache.http.headers - http-outgoing-2432 >> Connection: Keep-Alive
11:26:41.814 [Forwarding maximizeWindow on session 24c56de00ffa00fe6118d27df9e3a356 to remote] DEBUG org.apache.http.headers - http-outgoing-2432 >> User-Agent: Apache-HttpClient/4.3.4 (java 1.5)
11:26:41.814 [Forwarding maximizeWindow on session 24c56de00ffa00fe6118d27df9e3a356 to remote] DEBUG org.apache.http.headers - http-outgoing-2432 >> Accept-Encoding: gzip,deflate
11:26:41.814 [Forwarding maximizeWindow on session 24c56de00ffa00fe6118d27df9e3a356 to remote] DEBUG org.apache.http.wire - http-outgoing-2432 >> "POST /session/24c56de00ffa00fe6118d27df9e3a356/window/current/maximize HTTP/1.1[\r][\n]"
11:26:41.814 [Forwarding maximizeWindow on session 24c56de00ffa00fe6118d27df9e3a356 to remote] DEBUG org.apache.http.wire - http-outgoing-2432 >> "Content-Type: application/json; charset=utf-8[\r][\n]"
11:26:41.814 [Forwarding maximizeWindow on session 24c56de00ffa00fe6118d27df9e3a356 to remote] DEBUG org.apache.http.wire - http-outgoing-2432 >> "Content-Length: 26[\r][\n]"
11:26:41.815 [Forwarding maximizeWindow on session 24c56de00ffa00fe6118d27df9e3a356 to remote] DEBUG org.apache.http.wire - http-outgoing-2432 >> "Host: localhost:5387[\r][\n]"
11:26:41.815 [Forwarding maximizeWindow on session 24c56de00ffa00fe6118d27df9e3a356 to remote] DEBUG org.apache.http.wire - http-outgoing-2432 >> "Connection: Keep-Alive[\r][\n]"
11:26:41.815 [Forwarding maximizeWindow on session 24c56de00ffa00fe6118d27df9e3a356 to remote] DEBUG org.apache.http.wire - http-outgoing-2432 >> "User-Agent: Apache-HttpClient/4.3.4 (java 1.5)[\r][\n]"
11:26:41.815 [Forwarding maximizeWindow on session 24c56de00ffa00fe6118d27df9e3a356 to remote] DEBUG org.apache.http.wire - http-outgoing-2432 >> "Accept-Encoding: gzip,deflate[\r][\n]"
11:26:41.815 [Forwarding maximizeWindow on session 24c56de00ffa00fe6118d27df9e3a356 to remote] DEBUG org.apache.http.wire - http-outgoing-2432 >> "[\r][\n]"
11:26:41.815 [Forwarding maximizeWindow on session 24c56de00ffa00fe6118d27df9e3a356 to remote] DEBUG org.apache.http.wire - http-outgoing-2432 >> "{"windowHandle":"current"}"
11:26:41.920 [Forwarding maximizeWindow on session 24c56de00ffa00fe6118d27df9e3a356 to remote] DEBUG org.apache.http.wire - http-outgoing-2432 << "HTTP/1.1 200 OK[\r][\n]"
11:26:41.920 [Forwarding maximizeWindow on session 24c56de00ffa00fe6118d27df9e3a356 to remote] DEBUG org.apache.http.wire - http-outgoing-2432 << "Content-Length:72[\r][\n]"
11:26:41.920 [Forwarding maximizeWindow on session 24c56de00ffa00fe6118d27df9e3a356 to remote] DEBUG org.apache.http.wire - http-outgoing-2432 << "Content-Type:application/json; charset=utf-8[\r][\n]"
11:26:41.920 [Forwarding maximizeWindow on session 24c56de00ffa00fe6118d27df9e3a356 to remote] DEBUG org.apache.http.wire - http-outgoing-2432 << "Connection:close[\r][\n]"
11:26:41.920 [Forwarding maximizeWindow on session 24c56de00ffa00fe6118d27df9e3a356 to remote] DEBUG org.apache.http.wire - http-outgoing-2432 << "[\r][\n]"
11:26:41.920 [Forwarding maximizeWindow on session 24c56de00ffa00fe6118d27df9e3a356 to remote] DEBUG org.apache.http.wire - http-outgoing-2432 << "{"sessionId":"24c56de00ffa00fe6118d27df9e3a356","status":0,"value":null}"
11:26:41.920 [Forwarding maximizeWindow on session 24c56de00ffa00fe6118d27df9e3a356 to remote] DEBUG org.apache.http.headers - http-outgoing-2432 << HTTP/1.1 200 OK
11:26:41.920 [Forwarding maximizeWindow on session 24c56de00ffa00fe6118d27df9e3a356 to remote] DEBUG org.apache.http.headers - http-outgoing-2432 << Content-Length:72
11:26:41.920 [Forwarding maximizeWindow on session 24c56de00ffa00fe6118d27df9e3a356 to remote] DEBUG org.apache.http.headers - http-outgoing-2432 << Content-Type:application/json; charset=utf-8
11:26:41.920 [Forwarding maximizeWindow on session 24c56de00ffa00fe6118d27df9e3a356 to remote] DEBUG org.apache.http.headers - http-outgoing-2432 << Connection:close
11:26:41.920 [Forwarding maximizeWindow on session 24c56de00ffa00fe6118d27df9e3a356 to remote] DEBUG o.a.h.i.c.DefaultManagedHttpClientConnection - http-outgoing-2432: Shutdown connection
11:26:41.921 [Forwarding maximizeWindow on session 24c56de00ffa00fe6118d27df9e3a356 to remote] DEBUG o.a.h.impl.execchain.MainClientExec - Connection discarded
11:26:41.921 [Forwarding maximizeWindow on session 24c56de00ffa00fe6118d27df9e3a356 to remote] DEBUG o.a.h.i.c.DefaultManagedHttpClientConnection - http-outgoing-2432: Close connection
11:26:41.921 [Forwarding maximizeWindow on session 24c56de00ffa00fe6118d27df9e3a356 to remote] DEBUG o.a.h.i.c.PoolingHttpClientConnectionManager - Connection released: [id: 2432][route: {}->http://localhost:5387][total kept alive: 0; route allocated: 0 of 2000; total allocated: 0 of 2000]
11:26:41.921 [Forwarding get on session 24c56de00ffa00fe6118d27df9e3a356 to remote] DEBUG o.a.h.c.protocol.RequestAddCookies - CookieSpec selected: best-match
11:26:41.921 [Forwarding get on session 24c56de00ffa00fe6118d27df9e3a356 to remote] DEBUG o.a.h.c.protocol.RequestAuthCache - Auth cache not set in the context
11:26:41.921 [Forwarding get on session 24c56de00ffa00fe6118d27df9e3a356 to remote] DEBUG o.a.h.i.c.PoolingHttpClientConnectionManager - Connection request: [route: {}->http://localhost:5387][total kept alive: 0; route allocated: 0 of 2000; total allocated: 0 of 2000]
11:26:41.921 [Forwarding get on session 24c56de00ffa00fe6118d27df9e3a356 to remote] DEBUG o.a.h.i.c.PoolingHttpClientConnectionManager - Connection leased: [id: 2433][route: {}->http://localhost:5387][total kept alive: 0; route allocated: 1 of 2000; total allocated: 1 of 2000]
11:26:41.921 [Forwarding get on session 24c56de00ffa00fe6118d27df9e3a356 to remote] DEBUG o.a.h.impl.execchain.MainClientExec - Opening connection {}->http://localhost:5387
11:26:41.921 [Forwarding get on session 24c56de00ffa00fe6118d27df9e3a356 to remote] DEBUG o.a.h.i.c.HttpClientConnectionOperator - Connecting to localhost/127.0.0.1:5387
11:26:41.921 [Forwarding get on session 24c56de00ffa00fe6118d27df9e3a356 to remote] DEBUG o.a.h.i.c.HttpClientConnectionOperator - Connection established 127.0.0.1:45495<->127.0.0.1:5387
11:26:41.921 [Forwarding get on session 24c56de00ffa00fe6118d27df9e3a356 to remote] DEBUG o.a.h.impl.execchain.MainClientExec - Executing request POST /session/24c56de00ffa00fe6118d27df9e3a356/url HTTP/1.1
11:26:41.921 [Forwarding get on session 24c56de00ffa00fe6118d27df9e3a356 to remote] DEBUG o.a.h.impl.execchain.MainClientExec - Target auth state: UNCHALLENGED
11:26:41.921 [Forwarding get on session 24c56de00ffa00fe6118d27df9e3a356 to remote] DEBUG o.a.h.impl.execchain.MainClientExec - Proxy auth state: UNCHALLENGED
11:26:41.921 [Forwarding get on session 24c56de00ffa00fe6118d27df9e3a356 to remote] DEBUG org.apache.http.headers - http-outgoing-2433 >> POST /session/24c56de00ffa00fe6118d27df9e3a356/url HTTP/1.1
11:26:41.921 [Forwarding get on session 24c56de00ffa00fe6118d27df9e3a356 to remote] DEBUG org.apache.http.headers - http-outgoing-2433 >> Content-Type: application/json; charset=utf-8
11:26:41.921 [Forwarding get on session 24c56de00ffa00fe6118d27df9e3a356 to remote] DEBUG org.apache.http.headers - http-outgoing-2433 >> Content-Length: 80
11:26:41.921 [Forwarding get on session 24c56de00ffa00fe6118d27df9e3a356 to remote] DEBUG org.apache.http.headers - http-outgoing-2433 >> Host: localhost:5387
11:26:41.921 [Forwarding get on session 24c56de00ffa00fe6118d27df9e3a356 to remote] DEBUG org.apache.http.headers - http-outgoing-2433 >> Connection: Keep-Alive
11:26:41.921 [Forwarding get on session 24c56de00ffa00fe6118d27df9e3a356 to remote] DEBUG org.apache.http.headers - http-outgoing-2433 >> User-Agent: Apache-HttpClient/4.3.4 (java 1.5)
11:26:41.921 [Forwarding get on session 24c56de00ffa00fe6118d27df9e3a356 to remote] DEBUG org.apache.http.headers - http-outgoing-2433 >> Accept-Encoding: gzip,deflate
11:26:41.921 [Forwarding get on session 24c56de00ffa00fe6118d27df9e3a356 to remote] DEBUG org.apache.http.wire - http-outgoing-2433 >> "POST /session/24c56de00ffa00fe6118d27df9e3a356/url HTTP/1.1[\r][\n]"
11:26:41.921 [Forwarding get on session 24c56de00ffa00fe6118d27df9e3a356 to remote] DEBUG org.apache.http.wire - http-outgoing-2433 >> "Content-Type: application/json; charset=utf-8[\r][\n]"
11:26:41.921 [Forwarding get on session 24c56de00ffa00fe6118d27df9e3a356 to remote] DEBUG org.apache.http.wire - http-outgoing-2433 >> "Content-Length: 80[\r][\n]"
11:26:41.921 [Forwarding get on session 24c56de00ffa00fe6118d27df9e3a356 to remote] DEBUG org.apache.http.wire - http-outgoing-2433 >> "Host: localhost:5387[\r][\n]"
11:26:41.921 [Forwarding get on session 24c56de00ffa00fe6118d27df9e3a356 to remote] DEBUG org.apache.http.wire - http-outgoing-2433 >> "Connection: Keep-Alive[\r][\n]"
11:26:41.921 [Forwarding get on session 24c56de00ffa00fe6118d27df9e3a356 to remote] DEBUG org.apache.http.wire - http-outgoing-2433 >> "User-Agent: Apache-HttpClient/4.3.4 (java 1.5)[\r][\n]"
11:26:41.921 [Forwarding get on session 24c56de00ffa00fe6118d27df9e3a356 to remote] DEBUG org.apache.http.wire - http-outgoing-2433 >> "Accept-Encoding: gzip,deflate[\r][\n]"
11:26:41.922 [Forwarding get on session 24c56de00ffa00fe6118d27df9e3a356 to remote] DEBUG org.apache.http.wire - http-outgoing-2433 >> "[\r][\n]"
11:26:41.922 [Forwarding get on session 24c56de00ffa00fe6118d27df9e3a356 to remote] DEBUG org.apache.http.wire - http-outgoing-2433 >> "{"url":"http://admin:pass@voucher-manager.snapshot.pv.nimbus-stage.cg.sky.com/"}"
11:26:42.091 [Forwarding get on session 24c56de00ffa00fe6118d27df9e3a356 to remote] DEBUG org.apache.http.wire - http-outgoing-2433 << "HTTP/1.1 200 OK[\r][\n]"
11:26:42.091 [Forwarding get on session 24c56de00ffa00fe6118d27df9e3a356 to remote] DEBUG org.apache.http.wire - http-outgoing-2433 << "Content-Length:72[\r][\n]"
11:26:42.091 [Forwarding get on session 24c56de00ffa00fe6118d27df9e3a356 to remote] DEBUG org.apache.http.wire - http-outgoing-2433 << "Content-Type:application/json; charset=utf-8[\r][\n]"
11:26:42.091 [Forwarding get on session 24c56de00ffa00fe6118d27df9e3a356 to remote] DEBUG org.apache.http.wire - http-outgoing-2433 << "Connection:close[\r][\n]"
11:26:42.091 [Forwarding get on session 24c56de00ffa00fe6118d27df9e3a356 to remote] DEBUG org.apache.http.wire - http-outgoing-2433 << "[\r][\n]"
11:26:42.091 [Forwarding get on session 24c56de00ffa00fe6118d27df9e3a356 to remote] DEBUG org.apache.http.wire - http-outgoing-2433 << "{"sessionId":"24c56de00ffa00fe6118d27df9e3a356","status":0,"value":null}"
11:26:42.091 [Forwarding get on session 24c56de00ffa00fe6118d27df9e3a356 to remote] DEBUG org.apache.http.headers - http-outgoing-2433 << HTTP/1.1 200 OK
11:26:42.091 [Forwarding get on session 24c56de00ffa00fe6118d27df9e3a356 to remote] DEBUG org.apache.http.headers - http-outgoing-2433 << Content-Length:72
11:26:42.091 [Forwarding get on session 24c56de00ffa00fe6118d27df9e3a356 to remote] DEBUG org.apache.http.headers - http-outgoing-2433 << Content-Type:application/json; charset=utf-8
11:26:42.091 [Forwarding get on session 24c56de00ffa00fe6118d27df9e3a356 to remote] DEBUG org.apache.http.headers - http-outgoing-2433 << Connection:close
11:26:42.092 [Forwarding get on session 24c56de00ffa00fe6118d27df9e3a356 to remote] DEBUG o.a.h.i.c.DefaultManagedHttpClientConnection - http-outgoing-2433: Shutdown connection
11:26:42.092 [Forwarding get on session 24c56de00ffa00fe6118d27df9e3a356 to remote] DEBUG o.a.h.impl.execchain.MainClientExec - Connection discarded
11:26:42.092 [Forwarding get on session 24c56de00ffa00fe6118d27df9e3a356 to remote] DEBUG o.a.h.i.c.DefaultManagedHttpClientConnection - http-outgoing-2433: Close connection
11:26:42.092 [Forwarding get on session 24c56de00ffa00fe6118d27df9e3a356 to remote] DEBUG o.a.h.i.c.PoolingHttpClientConnectionManager - Connection released: [id: 2433][route: {}->http://localhost:5387][total kept alive: 0; route allocated: 0 of 2000; total allocated: 0 of 2000]

  # **************************************************************************************
  #  -------------------------------- Generate SUNT Vouchers-------------------------------
  #  **************************************************************************************
  Scenario: Generate single voucher on SUNT campaigns (happy path)               ?[90m# features/generateSingleVouchers.feature:10?[0m
    ?[32mGiven ?[0m?[32mI create the campaign?[0m                                                  ?[90m# CreateCampaignSteps.i_create_campaign(String)?[0m
      """
      {
      	"type":"SINGLE_USE_NON_TRANSFERABLE",
         "name":"SUNT Campaign",
         "prefix":"NOW",
         "cancelled":false,
         "pomOfferId":"12346",
         "secondaryOfferId":"abc123",
         "start":"2014-06-26T00:00:00Z",
         "end":"2016-06-26T00:00:00Z",
         "cap":"20"
      }
      """
    ?[32mAnd ?[0m?[32mI go to the ?[0m?[32m?[1mList Campaigns?[0m?[32m page?[0m                                          ?[90m# GenericSteps.i_go_to_page(String)?[0m
    ?[32mThen ?[0m?[32mthe browser is at the ?[0m?[32m?[1mList Campaigns?[0m?[32m page?[0m                               ?[90m# GenericSteps.the_browser_is_at_the_page(String)?[0m
    ?[32mAnd ?[0m?[32mI click on the campaign we just created?[0m                                  ?[90m# ListCampaignsSteps.i_click_on_the_campaign_we_just_created()?[0m
    ?[32mAnd ?[0m?[32mI click on the ?[0m?[32m?[1mShow Create Vouchers?[0m?[32m link?[0m                                 ?[90m# GenericSteps.i_click_on_the_link(String)?[0m
    ?[32mWhen ?[0m?[32mI enter the values?[0m                                                      ?[90m# GenericSteps.i_enter_the_values(String,String>)?[0m
    ?[32mAnd ?[0m?[32mI click the ?[0m?[32m?[1mCreate Voucher?[0m?[32m button?[0m                                        ?[90m# GenericSteps.click_the_submit_button(String)?[0m
    ?[32mThen ?[0m?[32mthe text "?[0m?[32m?[1mCreated Voucher?[0m?[32m" is displayed on the page?[0m                     ?[90m# GenericSteps.the_page_displays_text_containing_text(String)?[0m
    ?[32mAnd ?[0m?[32mI wait for the campaign batches to change state from PENDING?[0m             ?[90m# CampaignDetailsSteps.i_wait_for_the_voucher_batches_to_generate()?[0m
    ?[32mThen ?[0m?[32mthe table has the following headers with corresponding first row values?[0m ?[90m# GenericSteps.the_table_headers_versus_rows(String,String>)?[0m
11:26:42.098 [Test worker] DEBUG o.s.b.f.s.DefaultListableBeanFactory - Creating instance of bean 'com.nowtv.pav.test.steps.CreateCampaignSteps'
11:26:42.098 [Test worker] DEBUG o.s.b.f.s.DefaultListableBeanFactory - Finished creating instance of bean 'com.nowtv.pav.test.steps.CreateCampaignSteps'
11:26:42.099 [Test worker] DEBUG o.a.h.i.c.PoolingClientConnectionManager - Connection request: [route: {}->http://voucher-manager.snapshot.pv.nimbus-stage.cg.sky.com][total kept alive: 1; route allocated: 1 of 100; total allocated: 1 of 200]
11:26:42.099 [Test worker] DEBUG o.a.h.i.c.PoolingClientConnectionManager - Connection leased: [id: 2][route: {}->http://voucher-manager.snapshot.pv.nimbus-stage.cg.sky.com][total kept alive: 0; route allocated: 1 of 100; total allocated: 1 of 200]
11:26:42.099 [Test worker] DEBUG o.a.h.impl.client.DefaultHttpClient - Stale connection check
11:26:42.100 [Test worker] DEBUG o.a.h.c.protocol.RequestAddCookies - CookieSpec selected: best-match
11:26:42.100 [Test worker] DEBUG o.a.h.c.protocol.RequestAuthCache - Auth cache not set in the context
11:26:42.100 [Test worker] DEBUG o.a.h.c.p.RequestTargetAuthentication - Target auth state: UNCHALLENGED
11:26:42.100 [Test worker] DEBUG o.a.h.c.p.RequestProxyAuthentication - Proxy auth state: UNCHALLENGED
11:26:42.100 [Test worker] DEBUG o.a.h.impl.client.DefaultHttpClient - Attempt 1 to execute request
11:26:42.100 [Test worker] DEBUG o.a.h.i.conn.DefaultClientConnection - Sending request: POST /campaign HTTP/1.1
11:26:42.100 [Test worker] DEBUG org.apache.http.wire -  >> "POST /campaign HTTP/1.1[\r][\n]"
11:26:42.100 [Test worker] DEBUG org.apache.http.wire -  >> "Content-Type: application/json[\r][\n]"
11:26:42.100 [Test worker] DEBUG org.apache.http.wire -  >> "Content-Length: 244[\r][\n]"
11:26:42.100 [Test worker] DEBUG org.apache.http.wire -  >> "Host: voucher-manager.snapshot.pv.nimbus-stage.cg.sky.com[\r][\n]"
11:26:42.100 [Test worker] DEBUG org.apache.http.wire -  >> "Connection: Keep-Alive[\r][\n]"
11:26:42.100 [Test worker] DEBUG org.apache.http.wire -  >> "User-Agent: Apache-HttpClient/4.3.4 (java 1.5)[\r][\n]"
11:26:42.100 [Test worker] DEBUG org.apache.http.wire -  >> "Authorization: Basic YWRtaW46cGFzcw==[\r][\n]"
11:26:42.100 [Test worker] DEBUG org.apache.http.wire -  >> "[\r][\n]"
11:26:42.100 [Test worker] DEBUG org.apache.http.headers - >> POST /campaign HTTP/1.1
11:26:42.100 [Test worker] DEBUG org.apache.http.headers - >> Content-Type: application/json
11:26:42.100 [Test worker] DEBUG org.apache.http.headers - >> Content-Length: 244
11:26:42.100 [Test worker] DEBUG org.apache.http.headers - >> Host: voucher-manager.snapshot.pv.nimbus-stage.cg.sky.com
11:26:42.100 [Test worker] DEBUG org.apache.http.headers - >> Connection: Keep-Alive
11:26:42.100 [Test worker] DEBUG org.apache.http.headers - >> User-Agent: Apache-HttpClient/4.3.4 (java 1.5)
11:26:42.100 [Test worker] DEBUG org.apache.http.headers - >> Authorization: Basic YWRtaW46cGFzcw==
11:26:42.100 [Test worker] DEBUG org.apache.http.wire -  >> "{[\n]"
11:26:42.100 [Test worker] DEBUG org.apache.http.wire -  >> "[0x9]"type":"SINGLE_USE_TRANSFERABLE",[\n]"
11:26:42.100 [Test worker] DEBUG org.apache.http.wire -  >> "   "name":"SUT Campaign",[\n]"
11:26:42.100 [Test worker] DEBUG org.apache.http.wire -  >> "   "prefix":"NOW",[\n]"
11:26:42.100 [Test worker] DEBUG org.apache.http.wire -  >> "   "cancelled":false,[\n]"
11:26:42.100 [Test worker] DEBUG org.apache.http.wire -  >> "   "pomOfferId":"12346",[\n]"
11:26:42.100 [Test worker] DEBUG org.apache.http.wire -  >> "   "secondaryOfferId":"abc123",[\n]"
11:26:42.100 [Test worker] DEBUG org.apache.http.wire -  >> "   "start":"2014-06-26T00:00:00Z",[\n]"
11:26:42.100 [Test worker] DEBUG org.apache.http.wire -  >> "   "end":"2016-06-26T00:00:00Z",[\n]"
11:26:42.100 [Test worker] DEBUG org.apache.http.wire -  >> "   "cap":"20"[\n]"
11:26:42.100 [Test worker] DEBUG org.apache.http.wire -  >> "}"
11:26:42.139 [Test worker] DEBUG org.apache.http.wire -  << "HTTP/1.1 201 Created[\r][\n]"
11:26:42.139 [Test worker] DEBUG org.apache.http.wire -  << "X-FORWARDED-PROTO: http[\r][\n]"
11:26:42.139 [Test worker] DEBUG org.apache.http.wire -  << "Server: nginx[\r][\n]"
11:26:42.139 [Test worker] DEBUG org.apache.http.wire -  << "Date: Tue, 07 Jul 2015 10:26:42 GMT[\r][\n]"
11:26:42.139 [Test worker] DEBUG org.apache.http.wire -  << "Content-Type: application/json;charset=UTF-8[\r][\n]"
11:26:42.139 [Test worker] DEBUG org.apache.http.wire -  << "Transfer-Encoding: chunked[\r][\n]"
11:26:42.139 [Test worker] DEBUG org.apache.http.wire -  << "Connection: keep-alive[\r][\n]"
11:26:42.139 [Test worker] DEBUG org.apache.http.wire -  << "Keep-Alive: timeout=10[\r][\n]"
11:26:42.139 [Test worker] DEBUG org.apache.http.wire -  << "Access-Control-Allow-Credentials: true[\r][\n]"
11:26:42.139 [Test worker] DEBUG org.apache.http.wire -  << "X-Content-Type-Options: nosniff[\r][\n]"
11:26:42.139 [Test worker] DEBUG org.apache.http.wire -  << "X-XSS-Protection: 1; mode=block[\r][\n]"
11:26:42.139 [Test worker] DEBUG org.apache.http.wire -  << "Cache-Control: no-cache, no-store, max-age=0, must-revalidate[\r][\n]"
11:26:42.139 [Test worker] DEBUG org.apache.http.wire -  << "Pragma: no-cache[\r][\n]"
11:26:42.139 [Test worker] DEBUG org.apache.http.wire -  << "Expires: 0[\r][\n]"
11:26:42.140 [Test worker] DEBUG org.apache.http.wire -  << "X-Frame-Options: DENY[\r][\n]"
11:26:42.140 [Test worker] DEBUG org.apache.http.wire -  << "X-Application-Context: pv__voucher-manager__snapshot__v444:snapshot-cloud:0[\r][\n]"
11:26:42.140 [Test worker] DEBUG org.apache.http.wire -  << "[\r][\n]"
11:26:42.140 [Test worker] DEBUG o.a.h.i.conn.DefaultClientConnection - Receiving response: HTTP/1.1 201 Created
11:26:42.140 [Test worker] DEBUG org.apache.http.headers - << HTTP/1.1 201 Created
11:26:42.140 [Test worker] DEBUG org.apache.http.headers - << X-FORWARDED-PROTO: http
11:26:42.140 [Test worker] DEBUG org.apache.http.headers - << Server: nginx
11:26:42.140 [Test worker] DEBUG org.apache.http.headers - << Date: Tue, 07 Jul 2015 10:26:42 GMT
11:26:42.140 [Test worker] DEBUG org.apache.http.headers - << Content-Type: application/json;charset=UTF-8
11:26:42.140 [Test worker] DEBUG org.apache.http.headers - << Transfer-Encoding: chunked
11:26:42.140 [Test worker] DEBUG org.apache.http.headers - << Connection: keep-alive
11:26:42.140 [Test worker] DEBUG org.apache.http.headers - << Keep-Alive: timeout=10
11:26:42.140 [Test worker] DEBUG org.apache.http.headers - << Access-Control-Allow-Credentials: true
11:26:42.140 [Test worker] DEBUG org.apache.http.headers - << X-Content-Type-Options: nosniff
11:26:42.140 [Test worker] DEBUG org.apache.http.headers - << X-XSS-Protection: 1; mode=block
11:26:42.140 [Test worker] DEBUG org.apache.http.headers - << Cache-Control: no-cache, no-store, max-age=0, must-revalidate
11:26:42.140 [Test worker] DEBUG org.apache.http.headers - << Pragma: no-cache
11:26:42.140 [Test worker] DEBUG org.apache.http.headers - << Expires: 0
11:26:42.140 [Test worker] DEBUG org.apache.http.headers - << X-Frame-Options: DENY
11:26:42.140 [Test worker] DEBUG org.apache.http.headers - << X-Application-Context: pv__voucher-manager__snapshot__v444:snapshot-cloud:0
11:26:42.140 [Test worker] DEBUG o.a.h.impl.client.DefaultHttpClient - Connection can be kept alive for 10000 MILLISECONDS
11:26:42.140 [Test worker] DEBUG org.apache.http.wire -  << "527[\r][\n]"
11:26:42.140 [Test worker] DEBUG org.apache.http.wire -  << "{"id":9122,"type":"SINGLE_USE_TRANSFERABLE","name":"SUT Campaign","description":null,"prefix":"NOW","cancelled":false,"pomOfferId":"12346","secondaryOfferId":"abc123","start":"2014-06-26T00:00:00Z","end":"2016-06-26T00:00:00Z","cap":20,"voucherCreationLock":false,"state":null,"updated":"2015-07-07T10:26:42Z","updatedBy":"admin","created":"2015-07-07T10:26:42Z","createdBy":"admin","totalVoucherCount":null,"redeemedCount":0,"campaignState":"ACTIVE","links":[{"rel":"self","href":"http://voucher-manager.snapshot.pv.nimbus-stage.cg.sky.com/campaign/9122"},{"rel":"campaign.types","href":"http://voucher-manager.snapshot.pv.nimbus-stage.cg.sky.com/campaign/types"},{"rel":"voucher.batches","href":"http://voucher-manager.snapshot.pv.nimbus-stage.cg.sky.com/campaign/9122/voucher-batch"},{"rel":"voucher.create-batch","href":"http://voucher-manager.snapshot.pv.nimbus-stage.cg.sky.com/campaign/9122/voucher-batch?size={batch-size}"},{"rel":"voucher.create-additional","href":"http://voucher-manager.snapshot.pv.nimbus-stage.cg.sky.com/campaign/9122/voucher-batch/casenumber/1?requestedAccountId=2"},{"rel":"campaign.history","href":"http://voucher-manager.snapshot.pv.nimbus-stage.cg.sky.com/campaign/9122/history"},{"rel":"campaign.update","href":"http://voucher-manager.snapshot.pv.nimbus-stage.cg.sky.com/campaign"}]}"
11:26:42.140 [Test worker] DEBUG org.apache.http.wire -  << "[\r][\n]"
11:26:42.140 [Test worker] DEBUG org.apache.http.wire -  << "0[\r][\n]"
11:26:42.140 [Test worker] DEBUG org.apache.http.wire -  << "[\r][\n]"
11:26:42.140 [Test worker] DEBUG o.a.h.i.c.PoolingClientConnectionManager - Connection [id: 2][route: {}->http://voucher-manager.snapshot.pv.nimbus-stage.cg.sky.com] can be kept alive for 10000 MILLISECONDS
11:26:42.140 [Test worker] DEBUG o.a.h.i.c.PoolingClientConnectionManager - Connection released: [id: 2][route: {}->http://voucher-manager.snapshot.pv.nimbus-stage.cg.sky.com][total kept alive: 1; route allocated: 1 of 100; total allocated: 1 of 200]
]]></system-out>
  <system-err><![CDATA[]]></system-err>
</testsuite>
