<?xml version="1.0" encoding="UTF-8"?>
<testsuite name="Scenario: SUT Cancel batch flows" tests="48" skipped="29" failures="4" errors="0" timestamp="2015-07-07T10:29:26" hostname="jov-HP-Z220-CMT-Workstation" time="12.628">
  <properties/>
  <testcase name="When I go to the Home page" classname="Scenario: SUT Cancel batch flows" time="0.0"/>
  <testcase name="Then the browser is at the Home page" classname="Scenario: SUT Cancel batch flows" time="0.0"/>
  <testcase name="When I click on the Create Campaign link" classname="Scenario: SUT Cancel batch flows" time="0.0"/>
  <testcase name="Then the browser is at the Create Campaign page" classname="Scenario: SUT Cancel batch flows" time="0.0"/>
  <testcase name="When I select &quot;Single Use Transferable&quot; from campaignType" classname="Scenario: SUT Cancel batch flows" time="0.0"/>
  <testcase name="And I enter a random campaign name" classname="Scenario: SUT Cancel batch flows" time="0.0"/>
  <testcase name="And I enter the values" classname="Scenario: SUT Cancel batch flows" time="0.0"/>
  <testcase name="And I click the Create Campaign button" classname="Scenario: SUT Cancel batch flows" time="0.0"/>
  <testcase name="And I wait until the campaign links are displayed" classname="Scenario: SUT Cancel batch flows" time="0.0"/>
  <testcase name="Then the browser is at the List Campaigns page" classname="Scenario: SUT Cancel batch flows" time="0.0"/>
  <testcase name="And I click on the campaign we just created" classname="Scenario: SUT Cancel batch flows" time="0.001"/>
  <testcase name="And I click on the Show Create Vouchers link" classname="Scenario: SUT Cancel batch flows" time="0.0"/>
  <testcase name="And I enter the values" classname="Scenario: SUT Cancel batch flows" time="0.0"/>
  <testcase name="And I click the Create Voucher Batch button" classname="Scenario: SUT Cancel batch flows" time="0.0"/>
  <testcase name="And I wait for the campaign batches to change state from PENDING" classname="Scenario: SUT Cancel batch flows" time="0.0"/>
  <testcase name="Then the table headers correspond to row values" classname="Scenario: SUT Cancel batch flows" time="0.11">
    <failure message="cucumber.api.PendingException: TODO: implement me" type="cucumber.api.PendingException">cucumber.api.PendingException: TODO: implement me
	at cucumber.runtime.junit.JUnitReporter.addFailure(JUnitReporter.java:134)
	at cucumber.runtime.junit.JUnitReporter.addFailureOrIgnoreStep(JUnitReporter.java:122)
	at cucumber.runtime.junit.JUnitReporter.result(JUnitReporter.java:91)
	at cucumber.runtime.Runtime.runStep(Runtime.java:280)
	at cucumber.runtime.model.StepContainer.runStep(StepContainer.java:44)
	at cucumber.runtime.model.StepContainer.runSteps(StepContainer.java:39)
	at cucumber.runtime.model.CucumberScenario.run(CucumberScenario.java:48)
	at cucumber.runtime.junit.ExecutionUnitRunner.run(ExecutionUnitRunner.java:91)
	at cucumber.runtime.junit.FeatureRunner.runChild(FeatureRunner.java:63)
	at cucumber.runtime.junit.FeatureRunner.runChild(FeatureRunner.java:18)
	at org.junit.runners.ParentRunner$3.run(ParentRunner.java:238)
	at org.junit.runners.ParentRunner$1.schedule(ParentRunner.java:63)
	at org.junit.runners.ParentRunner.runChildren(ParentRunner.java:236)
	at org.junit.runners.ParentRunner.access$000(ParentRunner.java:53)
	at org.junit.runners.ParentRunner$2.evaluate(ParentRunner.java:229)
	at org.junit.runners.ParentRunner.run(ParentRunner.java:309)
	at cucumber.runtime.junit.FeatureRunner.run(FeatureRunner.java:70)
	at cucumber.api.junit.Cucumber.runChild(Cucumber.java:93)
	at cucumber.api.junit.Cucumber.runChild(Cucumber.java:37)
	at org.junit.runners.ParentRunner$3.run(ParentRunner.java:238)
	at org.junit.runners.ParentRunner$1.schedule(ParentRunner.java:63)
	at org.junit.runners.ParentRunner.runChildren(ParentRunner.java:236)
	at org.junit.runners.ParentRunner.access$000(ParentRunner.java:53)
	at org.junit.runners.ParentRunner$2.evaluate(ParentRunner.java:229)
	at org.junit.runners.ParentRunner.run(ParentRunner.java:309)
	at cucumber.api.junit.Cucumber.run(Cucumber.java:98)
	at org.gradle.api.internal.tasks.testing.junit.JUnitTestClassExecuter.runTestClass(JUnitTestClassExecuter.java:86)
	at org.gradle.api.internal.tasks.testing.junit.JUnitTestClassExecuter.execute(JUnitTestClassExecuter.java:49)
	at org.gradle.api.internal.tasks.testing.junit.JUnitTestClassProcessor.processTestClass(JUnitTestClassProcessor.java:64)
	at org.gradle.api.internal.tasks.testing.SuiteTestClassProcessor.processTestClass(SuiteTestClassProcessor.java:50)
	at sun.reflect.NativeMethodAccessorImpl.invoke0(Native Method)
	at sun.reflect.NativeMethodAccessorImpl.invoke(NativeMethodAccessorImpl.java:62)
	at sun.reflect.DelegatingMethodAccessorImpl.invoke(DelegatingMethodAccessorImpl.java:43)
	at java.lang.reflect.Method.invoke(Method.java:497)
	at org.gradle.messaging.dispatch.ReflectionDispatch.dispatch(ReflectionDispatch.java:35)
	at org.gradle.messaging.dispatch.ReflectionDispatch.dispatch(ReflectionDispatch.java:24)
	at org.gradle.messaging.dispatch.ContextClassLoaderDispatch.dispatch(ContextClassLoaderDispatch.java:32)
	at org.gradle.messaging.dispatch.ProxyDispatchAdapter$DispatchingInvocationHandler.invoke(ProxyDispatchAdapter.java:93)
	at com.sun.proxy.$Proxy2.processTestClass(Unknown Source)
	at org.gradle.api.internal.tasks.testing.worker.TestWorker.processTestClass(TestWorker.java:106)
	at sun.reflect.NativeMethodAccessorImpl.invoke0(Native Method)
	at sun.reflect.NativeMethodAccessorImpl.invoke(NativeMethodAccessorImpl.java:62)
	at sun.reflect.DelegatingMethodAccessorImpl.invoke(DelegatingMethodAccessorImpl.java:43)
	at java.lang.reflect.Method.invoke(Method.java:497)
	at org.gradle.messaging.dispatch.ReflectionDispatch.dispatch(ReflectionDispatch.java:35)
	at org.gradle.messaging.dispatch.ReflectionDispatch.dispatch(ReflectionDispatch.java:24)
	at org.gradle.messaging.remote.internal.hub.MessageHub$Handler.run(MessageHub.java:360)
	at org.gradle.internal.concurrent.ExecutorPolicy$CatchAndRecordFailures.onExecute(ExecutorPolicy.java:54)
	at org.gradle.internal.concurrent.StoppableExecutorImpl$1.run(StoppableExecutorImpl.java:40)
	at java.util.concurrent.ThreadPoolExecutor.runWorker(ThreadPoolExecutor.java:1142)
	at java.util.concurrent.ThreadPoolExecutor$Worker.run(ThreadPoolExecutor.java:617)
	at java.lang.Thread.run(Thread.java:745)
</failure>
  </testcase>
  <testcase name="And the History link is enabled" classname="Scenario: SUT Cancel batch flows" time="0.0">
    <skipped/>
  </testcase>
  <testcase name="And the Export link is enabled" classname="Scenario: SUT Cancel batch flows" time="0.0">
    <skipped/>
  </testcase>
  <testcase name="And the Cancel Batch link is enabled" classname="Scenario: SUT Cancel batch flows" time="0.0">
    <skipped/>
  </testcase>
  <testcase name="When I click on the History link" classname="Scenario: SUT Cancel batch flows" time="0.001">
    <skipped/>
  </testcase>
  <testcase name="Then the browser is at the Voucher Batch History page" classname="Scenario: SUT Cancel batch flows" time="0.0">
    <skipped/>
  </testcase>
  <testcase name="And the audit history field state changes from PENDING to READY" classname="Scenario: SUT Cancel batch flows" time="0.0">
    <skipped/>
  </testcase>
  <testcase name="When I click on the &lt; Back link" classname="Scenario: SUT Cancel batch flows" time="0.0">
    <skipped/>
  </testcase>
  <testcase name="And I wait for the voucher batches to display" classname="Scenario: SUT Cancel batch flows" time="0.0">
    <skipped/>
  </testcase>
  <testcase name="And I click on the Cancel Batch link" classname="Scenario: SUT Cancel batch flows" time="0.0">
    <skipped/>
  </testcase>
  <testcase name="And I click the No button" classname="Scenario: SUT Cancel batch flows" time="0.0">
    <skipped/>
  </testcase>
  <testcase name="And I wait for the campaign batches to change state from PENDING" classname="Scenario: SUT Cancel batch flows" time="0.0">
    <skipped/>
  </testcase>
  <testcase name="Then the table headers correspond to row values" classname="Scenario: SUT Cancel batch flows" time="0.0">
    <failure message="cucumber.api.PendingException: TODO: implement me" type="cucumber.api.PendingException">cucumber.api.PendingException: TODO: implement me
	at cucumber.runtime.junit.JUnitReporter.addFailure(JUnitReporter.java:134)
	at cucumber.runtime.junit.JUnitReporter.addFailureOrIgnoreStep(JUnitReporter.java:122)
	at cucumber.runtime.junit.JUnitReporter.result(JUnitReporter.java:91)
	at cucumber.runtime.Runtime.runStep(Runtime.java:280)
	at cucumber.runtime.model.StepContainer.runStep(StepContainer.java:44)
	at cucumber.runtime.model.StepContainer.runSteps(StepContainer.java:39)
	at cucumber.runtime.model.CucumberScenario.run(CucumberScenario.java:48)
	at cucumber.runtime.junit.ExecutionUnitRunner.run(ExecutionUnitRunner.java:91)
	at cucumber.runtime.junit.FeatureRunner.runChild(FeatureRunner.java:63)
	at cucumber.runtime.junit.FeatureRunner.runChild(FeatureRunner.java:18)
	at org.junit.runners.ParentRunner$3.run(ParentRunner.java:238)
	at org.junit.runners.ParentRunner$1.schedule(ParentRunner.java:63)
	at org.junit.runners.ParentRunner.runChildren(ParentRunner.java:236)
	at org.junit.runners.ParentRunner.access$000(ParentRunner.java:53)
	at org.junit.runners.ParentRunner$2.evaluate(ParentRunner.java:229)
	at org.junit.runners.ParentRunner.run(ParentRunner.java:309)
	at cucumber.runtime.junit.FeatureRunner.run(FeatureRunner.java:70)
	at cucumber.api.junit.Cucumber.runChild(Cucumber.java:93)
	at cucumber.api.junit.Cucumber.runChild(Cucumber.java:37)
	at org.junit.runners.ParentRunner$3.run(ParentRunner.java:238)
	at org.junit.runners.ParentRunner$1.schedule(ParentRunner.java:63)
	at org.junit.runners.ParentRunner.runChildren(ParentRunner.java:236)
	at org.junit.runners.ParentRunner.access$000(ParentRunner.java:53)
	at org.junit.runners.ParentRunner$2.evaluate(ParentRunner.java:229)
	at org.junit.runners.ParentRunner.run(ParentRunner.java:309)
	at cucumber.api.junit.Cucumber.run(Cucumber.java:98)
	at org.gradle.api.internal.tasks.testing.junit.JUnitTestClassExecuter.runTestClass(JUnitTestClassExecuter.java:86)
	at org.gradle.api.internal.tasks.testing.junit.JUnitTestClassExecuter.execute(JUnitTestClassExecuter.java:49)
	at org.gradle.api.internal.tasks.testing.junit.JUnitTestClassProcessor.processTestClass(JUnitTestClassProcessor.java:64)
	at org.gradle.api.internal.tasks.testing.SuiteTestClassProcessor.processTestClass(SuiteTestClassProcessor.java:50)
	at sun.reflect.NativeMethodAccessorImpl.invoke0(Native Method)
	at sun.reflect.NativeMethodAccessorImpl.invoke(NativeMethodAccessorImpl.java:62)
	at sun.reflect.DelegatingMethodAccessorImpl.invoke(DelegatingMethodAccessorImpl.java:43)
	at java.lang.reflect.Method.invoke(Method.java:497)
	at org.gradle.messaging.dispatch.ReflectionDispatch.dispatch(ReflectionDispatch.java:35)
	at org.gradle.messaging.dispatch.ReflectionDispatch.dispatch(ReflectionDispatch.java:24)
	at org.gradle.messaging.dispatch.ContextClassLoaderDispatch.dispatch(ContextClassLoaderDispatch.java:32)
	at org.gradle.messaging.dispatch.ProxyDispatchAdapter$DispatchingInvocationHandler.invoke(ProxyDispatchAdapter.java:93)
	at com.sun.proxy.$Proxy2.processTestClass(Unknown Source)
	at org.gradle.api.internal.tasks.testing.worker.TestWorker.processTestClass(TestWorker.java:106)
	at sun.reflect.NativeMethodAccessorImpl.invoke0(Native Method)
	at sun.reflect.NativeMethodAccessorImpl.invoke(NativeMethodAccessorImpl.java:62)
	at sun.reflect.DelegatingMethodAccessorImpl.invoke(DelegatingMethodAccessorImpl.java:43)
	at java.lang.reflect.Method.invoke(Method.java:497)
	at org.gradle.messaging.dispatch.ReflectionDispatch.dispatch(ReflectionDispatch.java:35)
	at org.gradle.messaging.dispatch.ReflectionDispatch.dispatch(ReflectionDispatch.java:24)
	at org.gradle.messaging.remote.internal.hub.MessageHub$Handler.run(MessageHub.java:360)
	at org.gradle.internal.concurrent.ExecutorPolicy$CatchAndRecordFailures.onExecute(ExecutorPolicy.java:54)
	at org.gradle.internal.concurrent.StoppableExecutorImpl$1.run(StoppableExecutorImpl.java:40)
	at java.util.concurrent.ThreadPoolExecutor.runWorker(ThreadPoolExecutor.java:1142)
	at java.util.concurrent.ThreadPoolExecutor$Worker.run(ThreadPoolExecutor.java:617)
	at java.lang.Thread.run(Thread.java:745)
</failure>
  </testcase>
  <testcase name="And the History link is enabled" classname="Scenario: SUT Cancel batch flows" time="0.0">
    <skipped/>
  </testcase>
  <testcase name="And the Export link is enabled" classname="Scenario: SUT Cancel batch flows" time="0.0">
    <skipped/>
  </testcase>
  <testcase name="And the Cancel Batch link is enabled" classname="Scenario: SUT Cancel batch flows" time="0.0">
    <skipped/>
  </testcase>
  <testcase name="When I click on the Cancel Batch link" classname="Scenario: SUT Cancel batch flows" time="0.0">
    <skipped/>
  </testcase>
  <testcase name="And I click the Yes button" classname="Scenario: SUT Cancel batch flows" time="0.0">
    <skipped/>
  </testcase>
  <testcase name="And I wait for the campaign batches to change state from PENDING" classname="Scenario: SUT Cancel batch flows" time="0.0">
    <skipped/>
  </testcase>
  <testcase name="Then the table headers correspond to row values" classname="Scenario: SUT Cancel batch flows" time="0.0">
    <failure message="cucumber.api.PendingException: TODO: implement me" type="cucumber.api.PendingException">cucumber.api.PendingException: TODO: implement me
	at cucumber.runtime.junit.JUnitReporter.addFailure(JUnitReporter.java:134)
	at cucumber.runtime.junit.JUnitReporter.addFailureOrIgnoreStep(JUnitReporter.java:122)
	at cucumber.runtime.junit.JUnitReporter.result(JUnitReporter.java:91)
	at cucumber.runtime.Runtime.runStep(Runtime.java:280)
	at cucumber.runtime.model.StepContainer.runStep(StepContainer.java:44)
	at cucumber.runtime.model.StepContainer.runSteps(StepContainer.java:39)
	at cucumber.runtime.model.CucumberScenario.run(CucumberScenario.java:48)
	at cucumber.runtime.junit.ExecutionUnitRunner.run(ExecutionUnitRunner.java:91)
	at cucumber.runtime.junit.FeatureRunner.runChild(FeatureRunner.java:63)
	at cucumber.runtime.junit.FeatureRunner.runChild(FeatureRunner.java:18)
	at org.junit.runners.ParentRunner$3.run(ParentRunner.java:238)
	at org.junit.runners.ParentRunner$1.schedule(ParentRunner.java:63)
	at org.junit.runners.ParentRunner.runChildren(ParentRunner.java:236)
	at org.junit.runners.ParentRunner.access$000(ParentRunner.java:53)
	at org.junit.runners.ParentRunner$2.evaluate(ParentRunner.java:229)
	at org.junit.runners.ParentRunner.run(ParentRunner.java:309)
	at cucumber.runtime.junit.FeatureRunner.run(FeatureRunner.java:70)
	at cucumber.api.junit.Cucumber.runChild(Cucumber.java:93)
	at cucumber.api.junit.Cucumber.runChild(Cucumber.java:37)
	at org.junit.runners.ParentRunner$3.run(ParentRunner.java:238)
	at org.junit.runners.ParentRunner$1.schedule(ParentRunner.java:63)
	at org.junit.runners.ParentRunner.runChildren(ParentRunner.java:236)
	at org.junit.runners.ParentRunner.access$000(ParentRunner.java:53)
	at org.junit.runners.ParentRunner$2.evaluate(ParentRunner.java:229)
	at org.junit.runners.ParentRunner.run(ParentRunner.java:309)
	at cucumber.api.junit.Cucumber.run(Cucumber.java:98)
	at org.gradle.api.internal.tasks.testing.junit.JUnitTestClassExecuter.runTestClass(JUnitTestClassExecuter.java:86)
	at org.gradle.api.internal.tasks.testing.junit.JUnitTestClassExecuter.execute(JUnitTestClassExecuter.java:49)
	at org.gradle.api.internal.tasks.testing.junit.JUnitTestClassProcessor.processTestClass(JUnitTestClassProcessor.java:64)
	at org.gradle.api.internal.tasks.testing.SuiteTestClassProcessor.processTestClass(SuiteTestClassProcessor.java:50)
	at sun.reflect.NativeMethodAccessorImpl.invoke0(Native Method)
	at sun.reflect.NativeMethodAccessorImpl.invoke(NativeMethodAccessorImpl.java:62)
	at sun.reflect.DelegatingMethodAccessorImpl.invoke(DelegatingMethodAccessorImpl.java:43)
	at java.lang.reflect.Method.invoke(Method.java:497)
	at org.gradle.messaging.dispatch.ReflectionDispatch.dispatch(ReflectionDispatch.java:35)
	at org.gradle.messaging.dispatch.ReflectionDispatch.dispatch(ReflectionDispatch.java:24)
	at org.gradle.messaging.dispatch.ContextClassLoaderDispatch.dispatch(ContextClassLoaderDispatch.java:32)
	at org.gradle.messaging.dispatch.ProxyDispatchAdapter$DispatchingInvocationHandler.invoke(ProxyDispatchAdapter.java:93)
	at com.sun.proxy.$Proxy2.processTestClass(Unknown Source)
	at org.gradle.api.internal.tasks.testing.worker.TestWorker.processTestClass(TestWorker.java:106)
	at sun.reflect.NativeMethodAccessorImpl.invoke0(Native Method)
	at sun.reflect.NativeMethodAccessorImpl.invoke(NativeMethodAccessorImpl.java:62)
	at sun.reflect.DelegatingMethodAccessorImpl.invoke(DelegatingMethodAccessorImpl.java:43)
	at java.lang.reflect.Method.invoke(Method.java:497)
	at org.gradle.messaging.dispatch.ReflectionDispatch.dispatch(ReflectionDispatch.java:35)
	at org.gradle.messaging.dispatch.ReflectionDispatch.dispatch(ReflectionDispatch.java:24)
	at org.gradle.messaging.remote.internal.hub.MessageHub$Handler.run(MessageHub.java:360)
	at org.gradle.internal.concurrent.ExecutorPolicy$CatchAndRecordFailures.onExecute(ExecutorPolicy.java:54)
	at org.gradle.internal.concurrent.StoppableExecutorImpl$1.run(StoppableExecutorImpl.java:40)
	at java.util.concurrent.ThreadPoolExecutor.runWorker(ThreadPoolExecutor.java:1142)
	at java.util.concurrent.ThreadPoolExecutor$Worker.run(ThreadPoolExecutor.java:617)
	at java.lang.Thread.run(Thread.java:745)
</failure>
  </testcase>
  <testcase name="And the History link is enabled" classname="Scenario: SUT Cancel batch flows" time="0.0">
    <skipped/>
  </testcase>
  <testcase name="And the Export link is enabled" classname="Scenario: SUT Cancel batch flows" time="0.0">
    <skipped/>
  </testcase>
  <testcase name="And the Cancel Batch link is disabled" classname="Scenario: SUT Cancel batch flows" time="0.0">
    <skipped/>
  </testcase>
  <testcase name="When I click on the History link" classname="Scenario: SUT Cancel batch flows" time="0.0">
    <skipped/>
  </testcase>
  <testcase name="Then the browser is at the Voucher Batch History page" classname="Scenario: SUT Cancel batch flows" time="0.0">
    <skipped/>
  </testcase>
  <testcase name="And the audit history field state changes from READY to CANCELLED" classname="Scenario: SUT Cancel batch flows" time="0.0">
    <skipped/>
  </testcase>
  <testcase name="And I click on the &lt; Back link" classname="Scenario: SUT Cancel batch flows" time="0.0">
    <skipped/>
  </testcase>
  <testcase name="And I wait for the voucher batches to display" classname="Scenario: SUT Cancel batch flows" time="0.0">
    <skipped/>
  </testcase>
  <testcase name="When I click on the Export link" classname="Scenario: SUT Cancel batch flows" time="0.0">
    <skipped/>
  </testcase>
  <testcase name="And I click on the History link" classname="Scenario: SUT Cancel batch flows" time="0.0">
    <skipped/>
  </testcase>
  <testcase name="Then the browser is at the Voucher Batch History page" classname="Scenario: SUT Cancel batch flows" time="0.0">
    <skipped/>
  </testcase>
  <testcase name="And the audit history field exported changes from doNotCheck to doNotCheck" classname="Scenario: SUT Cancel batch flows" time="0.0">
    <skipped/>
  </testcase>
  <testcase name="classMethod" classname="Scenario: SUT Cancel batch flows" time="13.453">
    <failure message="cucumber.api.PendingException: TODO: implement me" type="cucumber.api.PendingException">cucumber.api.PendingException: TODO: implement me
	at cucumber.runtime.junit.JUnitReporter.addFailure(JUnitReporter.java:134)
	at cucumber.runtime.junit.JUnitReporter.addFailureOrIgnoreStep(JUnitReporter.java:122)
	at cucumber.runtime.junit.JUnitReporter.result(JUnitReporter.java:91)
	at cucumber.runtime.Runtime.runStep(Runtime.java:280)
	at cucumber.runtime.model.StepContainer.runStep(StepContainer.java:44)
	at cucumber.runtime.model.StepContainer.runSteps(StepContainer.java:39)
	at cucumber.runtime.model.CucumberScenario.run(CucumberScenario.java:48)
	at cucumber.runtime.junit.ExecutionUnitRunner.run(ExecutionUnitRunner.java:91)
	at cucumber.runtime.junit.FeatureRunner.runChild(FeatureRunner.java:63)
	at cucumber.runtime.junit.FeatureRunner.runChild(FeatureRunner.java:18)
	at org.junit.runners.ParentRunner$3.run(ParentRunner.java:238)
	at org.junit.runners.ParentRunner$1.schedule(ParentRunner.java:63)
	at org.junit.runners.ParentRunner.runChildren(ParentRunner.java:236)
	at org.junit.runners.ParentRunner.access$000(ParentRunner.java:53)
	at org.junit.runners.ParentRunner$2.evaluate(ParentRunner.java:229)
	at org.junit.runners.ParentRunner.run(ParentRunner.java:309)
	at cucumber.runtime.junit.FeatureRunner.run(FeatureRunner.java:70)
	at cucumber.api.junit.Cucumber.runChild(Cucumber.java:93)
	at cucumber.api.junit.Cucumber.runChild(Cucumber.java:37)
	at org.junit.runners.ParentRunner$3.run(ParentRunner.java:238)
	at org.junit.runners.ParentRunner$1.schedule(ParentRunner.java:63)
	at org.junit.runners.ParentRunner.runChildren(ParentRunner.java:236)
	at org.junit.runners.ParentRunner.access$000(ParentRunner.java:53)
	at org.junit.runners.ParentRunner$2.evaluate(ParentRunner.java:229)
	at org.junit.runners.ParentRunner.run(ParentRunner.java:309)
	at cucumber.api.junit.Cucumber.run(Cucumber.java:98)
	at org.gradle.api.internal.tasks.testing.junit.JUnitTestClassExecuter.runTestClass(JUnitTestClassExecuter.java:86)
	at org.gradle.api.internal.tasks.testing.junit.JUnitTestClassExecuter.execute(JUnitTestClassExecuter.java:49)
	at org.gradle.api.internal.tasks.testing.junit.JUnitTestClassProcessor.processTestClass(JUnitTestClassProcessor.java:64)
	at org.gradle.api.internal.tasks.testing.SuiteTestClassProcessor.processTestClass(SuiteTestClassProcessor.java:50)
	at sun.reflect.NativeMethodAccessorImpl.invoke0(Native Method)
	at sun.reflect.NativeMethodAccessorImpl.invoke(NativeMethodAccessorImpl.java:62)
	at sun.reflect.DelegatingMethodAccessorImpl.invoke(DelegatingMethodAccessorImpl.java:43)
	at java.lang.reflect.Method.invoke(Method.java:497)
	at org.gradle.messaging.dispatch.ReflectionDispatch.dispatch(ReflectionDispatch.java:35)
	at org.gradle.messaging.dispatch.ReflectionDispatch.dispatch(ReflectionDispatch.java:24)
	at org.gradle.messaging.dispatch.ContextClassLoaderDispatch.dispatch(ContextClassLoaderDispatch.java:32)
	at org.gradle.messaging.dispatch.ProxyDispatchAdapter$DispatchingInvocationHandler.invoke(ProxyDispatchAdapter.java:93)
	at com.sun.proxy.$Proxy2.processTestClass(Unknown Source)
	at org.gradle.api.internal.tasks.testing.worker.TestWorker.processTestClass(TestWorker.java:106)
	at sun.reflect.NativeMethodAccessorImpl.invoke0(Native Method)
	at sun.reflect.NativeMethodAccessorImpl.invoke(NativeMethodAccessorImpl.java:62)
	at sun.reflect.DelegatingMethodAccessorImpl.invoke(DelegatingMethodAccessorImpl.java:43)
	at java.lang.reflect.Method.invoke(Method.java:497)
	at org.gradle.messaging.dispatch.ReflectionDispatch.dispatch(ReflectionDispatch.java:35)
	at org.gradle.messaging.dispatch.ReflectionDispatch.dispatch(ReflectionDispatch.java:24)
	at org.gradle.messaging.remote.internal.hub.MessageHub$Handler.run(MessageHub.java:360)
	at org.gradle.internal.concurrent.ExecutorPolicy$CatchAndRecordFailures.onExecute(ExecutorPolicy.java:54)
	at org.gradle.internal.concurrent.StoppableExecutorImpl$1.run(StoppableExecutorImpl.java:40)
	at java.util.concurrent.ThreadPoolExecutor.runWorker(ThreadPoolExecutor.java:1142)
	at java.util.concurrent.ThreadPoolExecutor$Worker.run(ThreadPoolExecutor.java:617)
	at java.lang.Thread.run(Thread.java:745)
</failure>
    <failure message="cucumber.api.PendingException: TODO: implement me" type="cucumber.api.PendingException">cucumber.api.PendingException: TODO: implement me
	at cucumber.runtime.junit.JUnitReporter.addFailure(JUnitReporter.java:134)
	at cucumber.runtime.junit.JUnitReporter.addFailureOrIgnoreStep(JUnitReporter.java:122)
	at cucumber.runtime.junit.JUnitReporter.result(JUnitReporter.java:91)
	at cucumber.runtime.Runtime.runStep(Runtime.java:280)
	at cucumber.runtime.model.StepContainer.runStep(StepContainer.java:44)
	at cucumber.runtime.model.StepContainer.runSteps(StepContainer.java:39)
	at cucumber.runtime.model.CucumberScenario.run(CucumberScenario.java:48)
	at cucumber.runtime.junit.ExecutionUnitRunner.run(ExecutionUnitRunner.java:91)
	at cucumber.runtime.junit.FeatureRunner.runChild(FeatureRunner.java:63)
	at cucumber.runtime.junit.FeatureRunner.runChild(FeatureRunner.java:18)
	at org.junit.runners.ParentRunner$3.run(ParentRunner.java:238)
	at org.junit.runners.ParentRunner$1.schedule(ParentRunner.java:63)
	at org.junit.runners.ParentRunner.runChildren(ParentRunner.java:236)
	at org.junit.runners.ParentRunner.access$000(ParentRunner.java:53)
	at org.junit.runners.ParentRunner$2.evaluate(ParentRunner.java:229)
	at org.junit.runners.ParentRunner.run(ParentRunner.java:309)
	at cucumber.runtime.junit.FeatureRunner.run(FeatureRunner.java:70)
	at cucumber.api.junit.Cucumber.runChild(Cucumber.java:93)
	at cucumber.api.junit.Cucumber.runChild(Cucumber.java:37)
	at org.junit.runners.ParentRunner$3.run(ParentRunner.java:238)
	at org.junit.runners.ParentRunner$1.schedule(ParentRunner.java:63)
	at org.junit.runners.ParentRunner.runChildren(ParentRunner.java:236)
	at org.junit.runners.ParentRunner.access$000(ParentRunner.java:53)
	at org.junit.runners.ParentRunner$2.evaluate(ParentRunner.java:229)
	at org.junit.runners.ParentRunner.run(ParentRunner.java:309)
	at cucumber.api.junit.Cucumber.run(Cucumber.java:98)
	at org.gradle.api.internal.tasks.testing.junit.JUnitTestClassExecuter.runTestClass(JUnitTestClassExecuter.java:86)
	at org.gradle.api.internal.tasks.testing.junit.JUnitTestClassExecuter.execute(JUnitTestClassExecuter.java:49)
	at org.gradle.api.internal.tasks.testing.junit.JUnitTestClassProcessor.processTestClass(JUnitTestClassProcessor.java:64)
	at org.gradle.api.internal.tasks.testing.SuiteTestClassProcessor.processTestClass(SuiteTestClassProcessor.java:50)
	at sun.reflect.NativeMethodAccessorImpl.invoke0(Native Method)
	at sun.reflect.NativeMethodAccessorImpl.invoke(NativeMethodAccessorImpl.java:62)
	at sun.reflect.DelegatingMethodAccessorImpl.invoke(DelegatingMethodAccessorImpl.java:43)
	at java.lang.reflect.Method.invoke(Method.java:497)
	at org.gradle.messaging.dispatch.ReflectionDispatch.dispatch(ReflectionDispatch.java:35)
	at org.gradle.messaging.dispatch.ReflectionDispatch.dispatch(ReflectionDispatch.java:24)
	at org.gradle.messaging.dispatch.ContextClassLoaderDispatch.dispatch(ContextClassLoaderDispatch.java:32)
	at org.gradle.messaging.dispatch.ProxyDispatchAdapter$DispatchingInvocationHandler.invoke(ProxyDispatchAdapter.java:93)
	at com.sun.proxy.$Proxy2.processTestClass(Unknown Source)
	at org.gradle.api.internal.tasks.testing.worker.TestWorker.processTestClass(TestWorker.java:106)
	at sun.reflect.NativeMethodAccessorImpl.invoke0(Native Method)
	at sun.reflect.NativeMethodAccessorImpl.invoke(NativeMethodAccessorImpl.java:62)
	at sun.reflect.DelegatingMethodAccessorImpl.invoke(DelegatingMethodAccessorImpl.java:43)
	at java.lang.reflect.Method.invoke(Method.java:497)
	at org.gradle.messaging.dispatch.ReflectionDispatch.dispatch(ReflectionDispatch.java:35)
	at org.gradle.messaging.dispatch.ReflectionDispatch.dispatch(ReflectionDispatch.java:24)
	at org.gradle.messaging.remote.internal.hub.MessageHub$Handler.run(MessageHub.java:360)
	at org.gradle.internal.concurrent.ExecutorPolicy$CatchAndRecordFailures.onExecute(ExecutorPolicy.java:54)
	at org.gradle.internal.concurrent.StoppableExecutorImpl$1.run(StoppableExecutorImpl.java:40)
	at java.util.concurrent.ThreadPoolExecutor.runWorker(ThreadPoolExecutor.java:1142)
	at java.util.concurrent.ThreadPoolExecutor$Worker.run(ThreadPoolExecutor.java:617)
	at java.lang.Thread.run(Thread.java:745)
</failure>
    <failure message="cucumber.api.PendingException: TODO: implement me" type="cucumber.api.PendingException">cucumber.api.PendingException: TODO: implement me
	at cucumber.runtime.junit.JUnitReporter.addFailure(JUnitReporter.java:134)
	at cucumber.runtime.junit.JUnitReporter.addFailureOrIgnoreStep(JUnitReporter.java:122)
	at cucumber.runtime.junit.JUnitReporter.result(JUnitReporter.java:91)
	at cucumber.runtime.Runtime.runStep(Runtime.java:280)
	at cucumber.runtime.model.StepContainer.runStep(StepContainer.java:44)
	at cucumber.runtime.model.StepContainer.runSteps(StepContainer.java:39)
	at cucumber.runtime.model.CucumberScenario.run(CucumberScenario.java:48)
	at cucumber.runtime.junit.ExecutionUnitRunner.run(ExecutionUnitRunner.java:91)
	at cucumber.runtime.junit.FeatureRunner.runChild(FeatureRunner.java:63)
	at cucumber.runtime.junit.FeatureRunner.runChild(FeatureRunner.java:18)
	at org.junit.runners.ParentRunner$3.run(ParentRunner.java:238)
	at org.junit.runners.ParentRunner$1.schedule(ParentRunner.java:63)
	at org.junit.runners.ParentRunner.runChildren(ParentRunner.java:236)
	at org.junit.runners.ParentRunner.access$000(ParentRunner.java:53)
	at org.junit.runners.ParentRunner$2.evaluate(ParentRunner.java:229)
	at org.junit.runners.ParentRunner.run(ParentRunner.java:309)
	at cucumber.runtime.junit.FeatureRunner.run(FeatureRunner.java:70)
	at cucumber.api.junit.Cucumber.runChild(Cucumber.java:93)
	at cucumber.api.junit.Cucumber.runChild(Cucumber.java:37)
	at org.junit.runners.ParentRunner$3.run(ParentRunner.java:238)
	at org.junit.runners.ParentRunner$1.schedule(ParentRunner.java:63)
	at org.junit.runners.ParentRunner.runChildren(ParentRunner.java:236)
	at org.junit.runners.ParentRunner.access$000(ParentRunner.java:53)
	at org.junit.runners.ParentRunner$2.evaluate(ParentRunner.java:229)
	at org.junit.runners.ParentRunner.run(ParentRunner.java:309)
	at cucumber.api.junit.Cucumber.run(Cucumber.java:98)
	at org.gradle.api.internal.tasks.testing.junit.JUnitTestClassExecuter.runTestClass(JUnitTestClassExecuter.java:86)
	at org.gradle.api.internal.tasks.testing.junit.JUnitTestClassExecuter.execute(JUnitTestClassExecuter.java:49)
	at org.gradle.api.internal.tasks.testing.junit.JUnitTestClassProcessor.processTestClass(JUnitTestClassProcessor.java:64)
	at org.gradle.api.internal.tasks.testing.SuiteTestClassProcessor.processTestClass(SuiteTestClassProcessor.java:50)
	at sun.reflect.NativeMethodAccessorImpl.invoke0(Native Method)
	at sun.reflect.NativeMethodAccessorImpl.invoke(NativeMethodAccessorImpl.java:62)
	at sun.reflect.DelegatingMethodAccessorImpl.invoke(DelegatingMethodAccessorImpl.java:43)
	at java.lang.reflect.Method.invoke(Method.java:497)
	at org.gradle.messaging.dispatch.ReflectionDispatch.dispatch(ReflectionDispatch.java:35)
	at org.gradle.messaging.dispatch.ReflectionDispatch.dispatch(ReflectionDispatch.java:24)
	at org.gradle.messaging.dispatch.ContextClassLoaderDispatch.dispatch(ContextClassLoaderDispatch.java:32)
	at org.gradle.messaging.dispatch.ProxyDispatchAdapter$DispatchingInvocationHandler.invoke(ProxyDispatchAdapter.java:93)
	at com.sun.proxy.$Proxy2.processTestClass(Unknown Source)
	at org.gradle.api.internal.tasks.testing.worker.TestWorker.processTestClass(TestWorker.java:106)
	at sun.reflect.NativeMethodAccessorImpl.invoke0(Native Method)
	at sun.reflect.NativeMethodAccessorImpl.invoke(NativeMethodAccessorImpl.java:62)
	at sun.reflect.DelegatingMethodAccessorImpl.invoke(DelegatingMethodAccessorImpl.java:43)
	at java.lang.reflect.Method.invoke(Method.java:497)
	at org.gradle.messaging.dispatch.ReflectionDispatch.dispatch(ReflectionDispatch.java:35)
	at org.gradle.messaging.dispatch.ReflectionDispatch.dispatch(ReflectionDispatch.java:24)
	at org.gradle.messaging.remote.internal.hub.MessageHub$Handler.run(MessageHub.java:360)
	at org.gradle.internal.concurrent.ExecutorPolicy$CatchAndRecordFailures.onExecute(ExecutorPolicy.java:54)
	at org.gradle.internal.concurrent.StoppableExecutorImpl$1.run(StoppableExecutorImpl.java:40)
	at java.util.concurrent.ThreadPoolExecutor.runWorker(ThreadPoolExecutor.java:1142)
	at java.util.concurrent.ThreadPoolExecutor$Worker.run(ThreadPoolExecutor.java:617)
	at java.lang.Thread.run(Thread.java:745)
</failure>
  </testcase>
  <system-out><![CDATA[11:29:25.226 [Test worker] DEBUG o.s.b.f.s.DefaultListableBeanFactory - Creating instance of bean 'com.nowtv.pav.test.steps.GenericSteps'
11:29:25.226 [Test worker] DEBUG o.s.b.f.s.DefaultListableBeanFactory - Finished creating instance of bean 'com.nowtv.pav.test.steps.GenericSteps'
11:29:25.226 [Forwarding maximizeWindow on session 24c56de00ffa00fe6118d27df9e3a356 to remote] DEBUG o.a.h.c.protocol.RequestAddCookies - CookieSpec selected: best-match
11:29:25.226 [Forwarding maximizeWindow on session 24c56de00ffa00fe6118d27df9e3a356 to remote] DEBUG o.a.h.c.protocol.RequestAuthCache - Auth cache not set in the context
11:29:25.226 [Forwarding maximizeWindow on session 24c56de00ffa00fe6118d27df9e3a356 to remote] DEBUG o.a.h.i.c.PoolingHttpClientConnectionManager - Connection request: [route: {}->http://localhost:5387][total kept alive: 0; route allocated: 0 of 2000; total allocated: 0 of 2000]
11:29:25.226 [Forwarding maximizeWindow on session 24c56de00ffa00fe6118d27df9e3a356 to remote] DEBUG o.a.h.i.c.PoolingHttpClientConnectionManager - Connection leased: [id: 8374][route: {}->http://localhost:5387][total kept alive: 0; route allocated: 1 of 2000; total allocated: 1 of 2000]
11:29:25.226 [Forwarding maximizeWindow on session 24c56de00ffa00fe6118d27df9e3a356 to remote] DEBUG o.a.h.impl.execchain.MainClientExec - Opening connection {}->http://localhost:5387
11:29:25.226 [Forwarding maximizeWindow on session 24c56de00ffa00fe6118d27df9e3a356 to remote] DEBUG o.a.h.i.c.HttpClientConnectionOperator - Connecting to localhost/127.0.0.1:5387
11:29:25.226 [Forwarding maximizeWindow on session 24c56de00ffa00fe6118d27df9e3a356 to remote] DEBUG o.a.h.i.c.HttpClientConnectionOperator - Connection established 127.0.0.1:51603<->127.0.0.1:5387
11:29:25.226 [Forwarding maximizeWindow on session 24c56de00ffa00fe6118d27df9e3a356 to remote] DEBUG o.a.h.impl.execchain.MainClientExec - Executing request POST /session/24c56de00ffa00fe6118d27df9e3a356/window/current/maximize HTTP/1.1
11:29:25.226 [Forwarding maximizeWindow on session 24c56de00ffa00fe6118d27df9e3a356 to remote] DEBUG o.a.h.impl.execchain.MainClientExec - Target auth state: UNCHALLENGED
11:29:25.226 [Forwarding maximizeWindow on session 24c56de00ffa00fe6118d27df9e3a356 to remote] DEBUG o.a.h.impl.execchain.MainClientExec - Proxy auth state: UNCHALLENGED
11:29:25.226 [Forwarding maximizeWindow on session 24c56de00ffa00fe6118d27df9e3a356 to remote] DEBUG org.apache.http.headers - http-outgoing-8374 >> POST /session/24c56de00ffa00fe6118d27df9e3a356/window/current/maximize HTTP/1.1
11:29:25.226 [Forwarding maximizeWindow on session 24c56de00ffa00fe6118d27df9e3a356 to remote] DEBUG org.apache.http.headers - http-outgoing-8374 >> Content-Type: application/json; charset=utf-8
11:29:25.226 [Forwarding maximizeWindow on session 24c56de00ffa00fe6118d27df9e3a356 to remote] DEBUG org.apache.http.headers - http-outgoing-8374 >> Content-Length: 26
11:29:25.226 [Forwarding maximizeWindow on session 24c56de00ffa00fe6118d27df9e3a356 to remote] DEBUG org.apache.http.headers - http-outgoing-8374 >> Host: localhost:5387
11:29:25.226 [Forwarding maximizeWindow on session 24c56de00ffa00fe6118d27df9e3a356 to remote] DEBUG org.apache.http.headers - http-outgoing-8374 >> Connection: Keep-Alive
11:29:25.226 [Forwarding maximizeWindow on session 24c56de00ffa00fe6118d27df9e3a356 to remote] DEBUG org.apache.http.headers - http-outgoing-8374 >> User-Agent: Apache-HttpClient/4.3.4 (java 1.5)
11:29:25.226 [Forwarding maximizeWindow on session 24c56de00ffa00fe6118d27df9e3a356 to remote] DEBUG org.apache.http.headers - http-outgoing-8374 >> Accept-Encoding: gzip,deflate
11:29:25.226 [Forwarding maximizeWindow on session 24c56de00ffa00fe6118d27df9e3a356 to remote] DEBUG org.apache.http.wire - http-outgoing-8374 >> "POST /session/24c56de00ffa00fe6118d27df9e3a356/window/current/maximize HTTP/1.1[\r][\n]"
11:29:25.226 [Forwarding maximizeWindow on session 24c56de00ffa00fe6118d27df9e3a356 to remote] DEBUG org.apache.http.wire - http-outgoing-8374 >> "Content-Type: application/json; charset=utf-8[\r][\n]"
11:29:25.226 [Forwarding maximizeWindow on session 24c56de00ffa00fe6118d27df9e3a356 to remote] DEBUG org.apache.http.wire - http-outgoing-8374 >> "Content-Length: 26[\r][\n]"
11:29:25.226 [Forwarding maximizeWindow on session 24c56de00ffa00fe6118d27df9e3a356 to remote] DEBUG org.apache.http.wire - http-outgoing-8374 >> "Host: localhost:5387[\r][\n]"
11:29:25.226 [Forwarding maximizeWindow on session 24c56de00ffa00fe6118d27df9e3a356 to remote] DEBUG org.apache.http.wire - http-outgoing-8374 >> "Connection: Keep-Alive[\r][\n]"
11:29:25.226 [Forwarding maximizeWindow on session 24c56de00ffa00fe6118d27df9e3a356 to remote] DEBUG org.apache.http.wire - http-outgoing-8374 >> "User-Agent: Apache-HttpClient/4.3.4 (java 1.5)[\r][\n]"
11:29:25.226 [Forwarding maximizeWindow on session 24c56de00ffa00fe6118d27df9e3a356 to remote] DEBUG org.apache.http.wire - http-outgoing-8374 >> "Accept-Encoding: gzip,deflate[\r][\n]"
11:29:25.226 [Forwarding maximizeWindow on session 24c56de00ffa00fe6118d27df9e3a356 to remote] DEBUG org.apache.http.wire - http-outgoing-8374 >> "[\r][\n]"
11:29:25.226 [Forwarding maximizeWindow on session 24c56de00ffa00fe6118d27df9e3a356 to remote] DEBUG org.apache.http.wire - http-outgoing-8374 >> "{"windowHandle":"current"}"
11:29:25.331 [Forwarding maximizeWindow on session 24c56de00ffa00fe6118d27df9e3a356 to remote] DEBUG org.apache.http.wire - http-outgoing-8374 << "HTTP/1.1 200 OK[\r][\n]"
11:29:25.331 [Forwarding maximizeWindow on session 24c56de00ffa00fe6118d27df9e3a356 to remote] DEBUG org.apache.http.wire - http-outgoing-8374 << "Content-Length:72[\r][\n]"
11:29:25.331 [Forwarding maximizeWindow on session 24c56de00ffa00fe6118d27df9e3a356 to remote] DEBUG org.apache.http.wire - http-outgoing-8374 << "Content-Type:application/json; charset=utf-8[\r][\n]"
11:29:25.331 [Forwarding maximizeWindow on session 24c56de00ffa00fe6118d27df9e3a356 to remote] DEBUG org.apache.http.wire - http-outgoing-8374 << "Connection:close[\r][\n]"
11:29:25.331 [Forwarding maximizeWindow on session 24c56de00ffa00fe6118d27df9e3a356 to remote] DEBUG org.apache.http.wire - http-outgoing-8374 << "[\r][\n]"
11:29:25.331 [Forwarding maximizeWindow on session 24c56de00ffa00fe6118d27df9e3a356 to remote] DEBUG org.apache.http.wire - http-outgoing-8374 << "{"sessionId":"24c56de00ffa00fe6118d27df9e3a356","status":0,"value":null}"
11:29:25.331 [Forwarding maximizeWindow on session 24c56de00ffa00fe6118d27df9e3a356 to remote] DEBUG org.apache.http.headers - http-outgoing-8374 << HTTP/1.1 200 OK
11:29:25.331 [Forwarding maximizeWindow on session 24c56de00ffa00fe6118d27df9e3a356 to remote] DEBUG org.apache.http.headers - http-outgoing-8374 << Content-Length:72
11:29:25.331 [Forwarding maximizeWindow on session 24c56de00ffa00fe6118d27df9e3a356 to remote] DEBUG org.apache.http.headers - http-outgoing-8374 << Content-Type:application/json; charset=utf-8
11:29:25.331 [Forwarding maximizeWindow on session 24c56de00ffa00fe6118d27df9e3a356 to remote] DEBUG org.apache.http.headers - http-outgoing-8374 << Connection:close
11:29:25.331 [Forwarding maximizeWindow on session 24c56de00ffa00fe6118d27df9e3a356 to remote] DEBUG o.a.h.i.c.DefaultManagedHttpClientConnection - http-outgoing-8374: Shutdown connection
11:29:25.331 [Forwarding maximizeWindow on session 24c56de00ffa00fe6118d27df9e3a356 to remote] DEBUG o.a.h.impl.execchain.MainClientExec - Connection discarded
11:29:25.331 [Forwarding maximizeWindow on session 24c56de00ffa00fe6118d27df9e3a356 to remote] DEBUG o.a.h.i.c.DefaultManagedHttpClientConnection - http-outgoing-8374: Close connection
11:29:25.331 [Forwarding maximizeWindow on session 24c56de00ffa00fe6118d27df9e3a356 to remote] DEBUG o.a.h.i.c.PoolingHttpClientConnectionManager - Connection released: [id: 8374][route: {}->http://localhost:5387][total kept alive: 0; route allocated: 0 of 2000; total allocated: 0 of 2000]
11:29:25.332 [Forwarding get on session 24c56de00ffa00fe6118d27df9e3a356 to remote] DEBUG o.a.h.c.protocol.RequestAddCookies - CookieSpec selected: best-match
11:29:25.332 [Forwarding get on session 24c56de00ffa00fe6118d27df9e3a356 to remote] DEBUG o.a.h.c.protocol.RequestAuthCache - Auth cache not set in the context
11:29:25.332 [Forwarding get on session 24c56de00ffa00fe6118d27df9e3a356 to remote] DEBUG o.a.h.i.c.PoolingHttpClientConnectionManager - Connection request: [route: {}->http://localhost:5387][total kept alive: 0; route allocated: 0 of 2000; total allocated: 0 of 2000]
11:29:25.332 [Forwarding get on session 24c56de00ffa00fe6118d27df9e3a356 to remote] DEBUG o.a.h.i.c.PoolingHttpClientConnectionManager - Connection leased: [id: 8375][route: {}->http://localhost:5387][total kept alive: 0; route allocated: 1 of 2000; total allocated: 1 of 2000]
11:29:25.332 [Forwarding get on session 24c56de00ffa00fe6118d27df9e3a356 to remote] DEBUG o.a.h.impl.execchain.MainClientExec - Opening connection {}->http://localhost:5387
11:29:25.332 [Forwarding get on session 24c56de00ffa00fe6118d27df9e3a356 to remote] DEBUG o.a.h.i.c.HttpClientConnectionOperator - Connecting to localhost/127.0.0.1:5387
11:29:25.332 [Forwarding get on session 24c56de00ffa00fe6118d27df9e3a356 to remote] DEBUG o.a.h.i.c.HttpClientConnectionOperator - Connection established 127.0.0.1:51604<->127.0.0.1:5387
11:29:25.332 [Forwarding get on session 24c56de00ffa00fe6118d27df9e3a356 to remote] DEBUG o.a.h.impl.execchain.MainClientExec - Executing request POST /session/24c56de00ffa00fe6118d27df9e3a356/url HTTP/1.1
11:29:25.332 [Forwarding get on session 24c56de00ffa00fe6118d27df9e3a356 to remote] DEBUG o.a.h.impl.execchain.MainClientExec - Target auth state: UNCHALLENGED
11:29:25.332 [Forwarding get on session 24c56de00ffa00fe6118d27df9e3a356 to remote] DEBUG o.a.h.impl.execchain.MainClientExec - Proxy auth state: UNCHALLENGED
11:29:25.332 [Forwarding get on session 24c56de00ffa00fe6118d27df9e3a356 to remote] DEBUG org.apache.http.headers - http-outgoing-8375 >> POST /session/24c56de00ffa00fe6118d27df9e3a356/url HTTP/1.1
11:29:25.332 [Forwarding get on session 24c56de00ffa00fe6118d27df9e3a356 to remote] DEBUG org.apache.http.headers - http-outgoing-8375 >> Content-Type: application/json; charset=utf-8
11:29:25.332 [Forwarding get on session 24c56de00ffa00fe6118d27df9e3a356 to remote] DEBUG org.apache.http.headers - http-outgoing-8375 >> Content-Length: 80
11:29:25.332 [Forwarding get on session 24c56de00ffa00fe6118d27df9e3a356 to remote] DEBUG org.apache.http.headers - http-outgoing-8375 >> Host: localhost:5387
11:29:25.332 [Forwarding get on session 24c56de00ffa00fe6118d27df9e3a356 to remote] DEBUG org.apache.http.headers - http-outgoing-8375 >> Connection: Keep-Alive
11:29:25.332 [Forwarding get on session 24c56de00ffa00fe6118d27df9e3a356 to remote] DEBUG org.apache.http.headers - http-outgoing-8375 >> User-Agent: Apache-HttpClient/4.3.4 (java 1.5)
11:29:25.332 [Forwarding get on session 24c56de00ffa00fe6118d27df9e3a356 to remote] DEBUG org.apache.http.headers - http-outgoing-8375 >> Accept-Encoding: gzip,deflate
11:29:25.332 [Forwarding get on session 24c56de00ffa00fe6118d27df9e3a356 to remote] DEBUG org.apache.http.wire - http-outgoing-8375 >> "POST /session/24c56de00ffa00fe6118d27df9e3a356/url HTTP/1.1[\r][\n]"
11:29:25.332 [Forwarding get on session 24c56de00ffa00fe6118d27df9e3a356 to remote] DEBUG org.apache.http.wire - http-outgoing-8375 >> "Content-Type: application/json; charset=utf-8[\r][\n]"
11:29:25.332 [Forwarding get on session 24c56de00ffa00fe6118d27df9e3a356 to remote] DEBUG org.apache.http.wire - http-outgoing-8375 >> "Content-Length: 80[\r][\n]"
11:29:25.332 [Forwarding get on session 24c56de00ffa00fe6118d27df9e3a356 to remote] DEBUG org.apache.http.wire - http-outgoing-8375 >> "Host: localhost:5387[\r][\n]"
11:29:25.332 [Forwarding get on session 24c56de00ffa00fe6118d27df9e3a356 to remote] DEBUG org.apache.http.wire - http-outgoing-8375 >> "Connection: Keep-Alive[\r][\n]"
11:29:25.332 [Forwarding get on session 24c56de00ffa00fe6118d27df9e3a356 to remote] DEBUG org.apache.http.wire - http-outgoing-8375 >> "User-Agent: Apache-HttpClient/4.3.4 (java 1.5)[\r][\n]"
11:29:25.332 [Forwarding get on session 24c56de00ffa00fe6118d27df9e3a356 to remote] DEBUG org.apache.http.wire - http-outgoing-8375 >> "Accept-Encoding: gzip,deflate[\r][\n]"
11:29:25.332 [Forwarding get on session 24c56de00ffa00fe6118d27df9e3a356 to remote] DEBUG org.apache.http.wire - http-outgoing-8375 >> "[\r][\n]"
11:29:25.332 [Forwarding get on session 24c56de00ffa00fe6118d27df9e3a356 to remote] DEBUG org.apache.http.wire - http-outgoing-8375 >> "{"url":"http://admin:pass@voucher-manager.snapshot.pv.nimbus-stage.cg.sky.com/"}"
11:29:25.524 [Forwarding get on session 24c56de00ffa00fe6118d27df9e3a356 to remote] DEBUG org.apache.http.wire - http-outgoing-8375 << "HTTP/1.1 200 OK[\r][\n]"
11:29:25.524 [Forwarding get on session 24c56de00ffa00fe6118d27df9e3a356 to remote] DEBUG org.apache.http.wire - http-outgoing-8375 << "Content-Length:72[\r][\n]"
11:29:25.524 [Forwarding get on session 24c56de00ffa00fe6118d27df9e3a356 to remote] DEBUG org.apache.http.wire - http-outgoing-8375 << "Content-Type:application/json; charset=utf-8[\r][\n]"
11:29:25.524 [Forwarding get on session 24c56de00ffa00fe6118d27df9e3a356 to remote] DEBUG org.apache.http.wire - http-outgoing-8375 << "Connection:close[\r][\n]"
11:29:25.524 [Forwarding get on session 24c56de00ffa00fe6118d27df9e3a356 to remote] DEBUG org.apache.http.wire - http-outgoing-8375 << "[\r][\n]"
11:29:25.524 [Forwarding get on session 24c56de00ffa00fe6118d27df9e3a356 to remote] DEBUG org.apache.http.wire - http-outgoing-8375 << "{"sessionId":"24c56de00ffa00fe6118d27df9e3a356","status":0,"value":null}"
11:29:25.524 [Forwarding get on session 24c56de00ffa00fe6118d27df9e3a356 to remote] DEBUG org.apache.http.headers - http-outgoing-8375 << HTTP/1.1 200 OK
11:29:25.524 [Forwarding get on session 24c56de00ffa00fe6118d27df9e3a356 to remote] DEBUG org.apache.http.headers - http-outgoing-8375 << Content-Length:72
11:29:25.524 [Forwarding get on session 24c56de00ffa00fe6118d27df9e3a356 to remote] DEBUG org.apache.http.headers - http-outgoing-8375 << Content-Type:application/json; charset=utf-8
11:29:25.524 [Forwarding get on session 24c56de00ffa00fe6118d27df9e3a356 to remote] DEBUG org.apache.http.headers - http-outgoing-8375 << Connection:close
11:29:25.524 [Forwarding get on session 24c56de00ffa00fe6118d27df9e3a356 to remote] DEBUG o.a.h.i.c.DefaultManagedHttpClientConnection - http-outgoing-8375: Shutdown connection
11:29:25.524 [Forwarding get on session 24c56de00ffa00fe6118d27df9e3a356 to remote] DEBUG o.a.h.impl.execchain.MainClientExec - Connection discarded
11:29:25.524 [Forwarding get on session 24c56de00ffa00fe6118d27df9e3a356 to remote] DEBUG o.a.h.i.c.DefaultManagedHttpClientConnection - http-outgoing-8375: Close connection
11:29:25.524 [Forwarding get on session 24c56de00ffa00fe6118d27df9e3a356 to remote] DEBUG o.a.h.i.c.PoolingHttpClientConnectionManager - Connection released: [id: 8375][route: {}->http://localhost:5387][total kept alive: 0; route allocated: 0 of 2000; total allocated: 0 of 2000]
11:29:25.531 [Forwarding get on session 24c56de00ffa00fe6118d27df9e3a356 to remote] DEBUG o.a.h.c.protocol.RequestAddCookies - CookieSpec selected: best-match
11:29:25.531 [Forwarding get on session 24c56de00ffa00fe6118d27df9e3a356 to remote] DEBUG o.a.h.c.protocol.RequestAuthCache - Auth cache not set in the context
11:29:25.531 [Forwarding get on session 24c56de00ffa00fe6118d27df9e3a356 to remote] DEBUG o.a.h.i.c.PoolingHttpClientConnectionManager - Connection request: [route: {}->http://localhost:5387][total kept alive: 0; route allocated: 0 of 2000; total allocated: 0 of 2000]
11:29:25.531 [Forwarding get on session 24c56de00ffa00fe6118d27df9e3a356 to remote] DEBUG o.a.h.i.c.PoolingHttpClientConnectionManager - Connection leased: [id: 8376][route: {}->http://localhost:5387][total kept alive: 0; route allocated: 1 of 2000; total allocated: 1 of 2000]
11:29:25.531 [Forwarding get on session 24c56de00ffa00fe6118d27df9e3a356 to remote] DEBUG o.a.h.impl.execchain.MainClientExec - Opening connection {}->http://localhost:5387
11:29:25.531 [Forwarding get on session 24c56de00ffa00fe6118d27df9e3a356 to remote] DEBUG o.a.h.i.c.HttpClientConnectionOperator - Connecting to localhost/127.0.0.1:5387
11:29:25.531 [Forwarding get on session 24c56de00ffa00fe6118d27df9e3a356 to remote] DEBUG o.a.h.i.c.HttpClientConnectionOperator - Connection established 127.0.0.1:51605<->127.0.0.1:5387
11:29:25.531 [Forwarding get on session 24c56de00ffa00fe6118d27df9e3a356 to remote] DEBUG o.a.h.impl.execchain.MainClientExec - Executing request POST /session/24c56de00ffa00fe6118d27df9e3a356/url HTTP/1.1
11:29:25.531 [Forwarding get on session 24c56de00ffa00fe6118d27df9e3a356 to remote] DEBUG o.a.h.impl.execchain.MainClientExec - Target auth state: UNCHALLENGED
11:29:25.531 [Forwarding get on session 24c56de00ffa00fe6118d27df9e3a356 to remote] DEBUG o.a.h.impl.execchain.MainClientExec - Proxy auth state: UNCHALLENGED
11:29:25.531 [Forwarding get on session 24c56de00ffa00fe6118d27df9e3a356 to remote] DEBUG org.apache.http.headers - http-outgoing-8376 >> POST /session/24c56de00ffa00fe6118d27df9e3a356/url HTTP/1.1
11:29:25.531 [Forwarding get on session 24c56de00ffa00fe6118d27df9e3a356 to remote] DEBUG org.apache.http.headers - http-outgoing-8376 >> Content-Type: application/json; charset=utf-8
11:29:25.531 [Forwarding get on session 24c56de00ffa00fe6118d27df9e3a356 to remote] DEBUG org.apache.http.headers - http-outgoing-8376 >> Content-Length: 83
11:29:25.531 [Forwarding get on session 24c56de00ffa00fe6118d27df9e3a356 to remote] DEBUG org.apache.http.headers - http-outgoing-8376 >> Host: localhost:5387
11:29:25.531 [Forwarding get on session 24c56de00ffa00fe6118d27df9e3a356 to remote] DEBUG org.apache.http.headers - http-outgoing-8376 >> Connection: Keep-Alive
11:29:25.531 [Forwarding get on session 24c56de00ffa00fe6118d27df9e3a356 to remote] DEBUG org.apache.http.headers - http-outgoing-8376 >> User-Agent: Apache-HttpClient/4.3.4 (java 1.5)
11:29:25.531 [Forwarding get on session 24c56de00ffa00fe6118d27df9e3a356 to remote] DEBUG org.apache.http.headers - http-outgoing-8376 >> Accept-Encoding: gzip,deflate
11:29:25.531 [Forwarding get on session 24c56de00ffa00fe6118d27df9e3a356 to remote] DEBUG org.apache.http.wire - http-outgoing-8376 >> "POST /session/24c56de00ffa00fe6118d27df9e3a356/url HTTP/1.1[\r][\n]"
11:29:25.531 [Forwarding get on session 24c56de00ffa00fe6118d27df9e3a356 to remote] DEBUG org.apache.http.wire - http-outgoing-8376 >> "Content-Type: application/json; charset=utf-8[\r][\n]"
11:29:25.531 [Forwarding get on session 24c56de00ffa00fe6118d27df9e3a356 to remote] DEBUG org.apache.http.wire - http-outgoing-8376 >> "Content-Length: 83[\r][\n]"
11:29:25.531 [Forwarding get on session 24c56de00ffa00fe6118d27df9e3a356 to remote] DEBUG org.apache.http.wire - http-outgoing-8376 >> "Host: localhost:5387[\r][\n]"
11:29:25.531 [Forwarding get on session 24c56de00ffa00fe6118d27df9e3a356 to remote] DEBUG org.apache.http.wire - http-outgoing-8376 >> "Connection: Keep-Alive[\r][\n]"
11:29:25.531 [Forwarding get on session 24c56de00ffa00fe6118d27df9e3a356 to remote] DEBUG org.apache.http.wire - http-outgoing-8376 >> "User-Agent: Apache-HttpClient/4.3.4 (java 1.5)[\r][\n]"
11:29:25.531 [Forwarding get on session 24c56de00ffa00fe6118d27df9e3a356 to remote] DEBUG org.apache.http.wire - http-outgoing-8376 >> "Accept-Encoding: gzip,deflate[\r][\n]"
11:29:25.531 [Forwarding get on session 24c56de00ffa00fe6118d27df9e3a356 to remote] DEBUG org.apache.http.wire - http-outgoing-8376 >> "[\r][\n]"
11:29:25.531 [Forwarding get on session 24c56de00ffa00fe6118d27df9e3a356 to remote] DEBUG org.apache.http.wire - http-outgoing-8376 >> "{"url":"http://voucher-manager-ui.snapshot.pv.nimbus-stage.cg.sky.com/#/campaigns"}"
11:29:25.867 [Forwarding get on session 24c56de00ffa00fe6118d27df9e3a356 to remote] DEBUG org.apache.http.wire - http-outgoing-8376 << "HTTP/1.1 200 OK[\r][\n]"
11:29:25.867 [Forwarding get on session 24c56de00ffa00fe6118d27df9e3a356 to remote] DEBUG org.apache.http.wire - http-outgoing-8376 << "Content-Length:72[\r][\n]"
11:29:25.867 [Forwarding get on session 24c56de00ffa00fe6118d27df9e3a356 to remote] DEBUG org.apache.http.wire - http-outgoing-8376 << "Content-Type:application/json; charset=utf-8[\r][\n]"
11:29:25.867 [Forwarding get on session 24c56de00ffa00fe6118d27df9e3a356 to remote] DEBUG org.apache.http.wire - http-outgoing-8376 << "Connection:close[\r][\n]"
11:29:25.867 [Forwarding get on session 24c56de00ffa00fe6118d27df9e3a356 to remote] DEBUG org.apache.http.wire - http-outgoing-8376 << "[\r][\n]"
11:29:25.867 [Forwarding get on session 24c56de00ffa00fe6118d27df9e3a356 to remote] DEBUG org.apache.http.wire - http-outgoing-8376 << "{"sessionId":"24c56de00ffa00fe6118d27df9e3a356","status":0,"value":null}"
11:29:25.867 [Forwarding get on session 24c56de00ffa00fe6118d27df9e3a356 to remote] DEBUG org.apache.http.headers - http-outgoing-8376 << HTTP/1.1 200 OK
11:29:25.868 [Forwarding get on session 24c56de00ffa00fe6118d27df9e3a356 to remote] DEBUG org.apache.http.headers - http-outgoing-8376 << Content-Length:72
11:29:25.868 [Forwarding get on session 24c56de00ffa00fe6118d27df9e3a356 to remote] DEBUG org.apache.http.headers - http-outgoing-8376 << Content-Type:application/json; charset=utf-8
11:29:25.868 [Forwarding get on session 24c56de00ffa00fe6118d27df9e3a356 to remote] DEBUG org.apache.http.headers - http-outgoing-8376 << Connection:close
11:29:25.868 [Forwarding get on session 24c56de00ffa00fe6118d27df9e3a356 to remote] DEBUG o.a.h.i.c.DefaultManagedHttpClientConnection - http-outgoing-8376: Shutdown connection
11:29:25.868 [Forwarding get on session 24c56de00ffa00fe6118d27df9e3a356 to remote] DEBUG o.a.h.impl.execchain.MainClientExec - Connection discarded
11:29:25.868 [Forwarding get on session 24c56de00ffa00fe6118d27df9e3a356 to remote] DEBUG o.a.h.i.c.DefaultManagedHttpClientConnection - http-outgoing-8376: Close connection
11:29:25.868 [Forwarding get on session 24c56de00ffa00fe6118d27df9e3a356 to remote] DEBUG o.a.h.i.c.PoolingHttpClientConnectionManager - Connection released: [id: 8376][route: {}->http://localhost:5387][total kept alive: 0; route allocated: 0 of 2000; total allocated: 0 of 2000]
11:29:25.868 [Forwarding getCurrentUrl on session 24c56de00ffa00fe6118d27df9e3a356 to remote] DEBUG o.a.h.c.protocol.RequestAddCookies - CookieSpec selected: best-match
11:29:25.868 [Forwarding getCurrentUrl on session 24c56de00ffa00fe6118d27df9e3a356 to remote] DEBUG o.a.h.c.protocol.RequestAuthCache - Auth cache not set in the context
11:29:25.868 [Forwarding getCurrentUrl on session 24c56de00ffa00fe6118d27df9e3a356 to remote] DEBUG o.a.h.i.c.PoolingHttpClientConnectionManager - Connection request: [route: {}->http://localhost:5387][total kept alive: 0; route allocated: 0 of 2000; total allocated: 0 of 2000]
11:29:25.868 [Forwarding getCurrentUrl on session 24c56de00ffa00fe6118d27df9e3a356 to remote] DEBUG o.a.h.i.c.PoolingHttpClientConnectionManager - Connection leased: [id: 8377][route: {}->http://localhost:5387][total kept alive: 0; route allocated: 1 of 2000; total allocated: 1 of 2000]
11:29:25.868 [Forwarding getCurrentUrl on session 24c56de00ffa00fe6118d27df9e3a356 to remote] DEBUG o.a.h.impl.execchain.MainClientExec - Opening connection {}->http://localhost:5387
11:29:25.868 [Forwarding getCurrentUrl on session 24c56de00ffa00fe6118d27df9e3a356 to remote] DEBUG o.a.h.i.c.HttpClientConnectionOperator - Connecting to localhost/127.0.0.1:5387
11:29:25.868 [Forwarding getCurrentUrl on session 24c56de00ffa00fe6118d27df9e3a356 to remote] DEBUG o.a.h.i.c.HttpClientConnectionOperator - Connection established 127.0.0.1:51606<->127.0.0.1:5387
11:29:25.868 [Forwarding getCurrentUrl on session 24c56de00ffa00fe6118d27df9e3a356 to remote] DEBUG o.a.h.impl.execchain.MainClientExec - Executing request GET /session/24c56de00ffa00fe6118d27df9e3a356/url HTTP/1.1
11:29:25.868 [Forwarding getCurrentUrl on session 24c56de00ffa00fe6118d27df9e3a356 to remote] DEBUG o.a.h.impl.execchain.MainClientExec - Target auth state: UNCHALLENGED
11:29:25.868 [Forwarding getCurrentUrl on session 24c56de00ffa00fe6118d27df9e3a356 to remote] DEBUG o.a.h.impl.execchain.MainClientExec - Proxy auth state: UNCHALLENGED
11:29:25.868 [Forwarding getCurrentUrl on session 24c56de00ffa00fe6118d27df9e3a356 to remote] DEBUG org.apache.http.headers - http-outgoing-8377 >> GET /session/24c56de00ffa00fe6118d27df9e3a356/url HTTP/1.1
11:29:25.868 [Forwarding getCurrentUrl on session 24c56de00ffa00fe6118d27df9e3a356 to remote] DEBUG org.apache.http.headers - http-outgoing-8377 >> Cache-Control: no-cache
11:29:25.868 [Forwarding getCurrentUrl on session 24c56de00ffa00fe6118d27df9e3a356 to remote] DEBUG org.apache.http.headers - http-outgoing-8377 >> Host: localhost:5387
11:29:25.868 [Forwarding getCurrentUrl on session 24c56de00ffa00fe6118d27df9e3a356 to remote] DEBUG org.apache.http.headers - http-outgoing-8377 >> Connection: Keep-Alive
11:29:25.868 [Forwarding getCurrentUrl on session 24c56de00ffa00fe6118d27df9e3a356 to remote] DEBUG org.apache.http.headers - http-outgoing-8377 >> User-Agent: Apache-HttpClient/4.3.4 (java 1.5)
11:29:25.868 [Forwarding getCurrentUrl on session 24c56de00ffa00fe6118d27df9e3a356 to remote] DEBUG org.apache.http.headers - http-outgoing-8377 >> Accept-Encoding: gzip,deflate
11:29:25.868 [Forwarding getCurrentUrl on session 24c56de00ffa00fe6118d27df9e3a356 to remote] DEBUG org.apache.http.wire - http-outgoing-8377 >> "GET /session/24c56de00ffa00fe6118d27df9e3a356/url HTTP/1.1[\r][\n]"
11:29:25.868 [Forwarding getCurrentUrl on session 24c56de00ffa00fe6118d27df9e3a356 to remote] DEBUG org.apache.http.wire - http-outgoing-8377 >> "Cache-Control: no-cache[\r][\n]"
11:29:25.868 [Forwarding getCurrentUrl on session 24c56de00ffa00fe6118d27df9e3a356 to remote] DEBUG org.apache.http.wire - http-outgoing-8377 >> "Host: localhost:5387[\r][\n]"
11:29:25.868 [Forwarding getCurrentUrl on session 24c56de00ffa00fe6118d27df9e3a356 to remote] DEBUG org.apache.http.wire - http-outgoing-8377 >> "Connection: Keep-Alive[\r][\n]"
11:29:25.868 [Forwarding getCurrentUrl on session 24c56de00ffa00fe6118d27df9e3a356 to remote] DEBUG org.apache.http.wire - http-outgoing-8377 >> "User-Agent: Apache-HttpClient/4.3.4 (java 1.5)[\r][\n]"
11:29:25.868 [Forwarding getCurrentUrl on session 24c56de00ffa00fe6118d27df9e3a356 to remote] DEBUG org.apache.http.wire - http-outgoing-8377 >> "Accept-Encoding: gzip,deflate[\r][\n]"
11:29:25.868 [Forwarding getCurrentUrl on session 24c56de00ffa00fe6118d27df9e3a356 to remote] DEBUG org.apache.http.wire - http-outgoing-8377 >> "[\r][\n]"
11:29:26.025 [Forwarding getCurrentUrl on session 24c56de00ffa00fe6118d27df9e3a356 to remote] DEBUG org.apache.http.wire - http-outgoing-8377 << "HTTP/1.1 200 OK[\r][\n]"
11:29:26.025 [Forwarding getCurrentUrl on session 24c56de00ffa00fe6118d27df9e3a356 to remote] DEBUG org.apache.http.wire - http-outgoing-8377 << "Content-Length:143[\r][\n]"
11:29:26.025 [Forwarding getCurrentUrl on session 24c56de00ffa00fe6118d27df9e3a356 to remote] DEBUG org.apache.http.wire - http-outgoing-8377 << "Content-Type:application/json; charset=utf-8[\r][\n]"
11:29:26.025 [Forwarding getCurrentUrl on session 24c56de00ffa00fe6118d27df9e3a356 to remote] DEBUG org.apache.http.wire - http-outgoing-8377 << "Connection:close[\r][\n]"
11:29:26.025 [Forwarding getCurrentUrl on session 24c56de00ffa00fe6118d27df9e3a356 to remote] DEBUG org.apache.http.wire - http-outgoing-8377 << "[\r][\n]"
11:29:26.025 [Forwarding getCurrentUrl on session 24c56de00ffa00fe6118d27df9e3a356 to remote] DEBUG org.apache.http.wire - http-outgoing-8377 << "{"sessionId":"24c56de00ffa00fe6118d27df9e3a356","status":0,"value":"http://voucher-manager-ui.snapshot.pv.nimbus-stage.cg.sky.com/#/campaigns"}"
11:29:26.025 [Forwarding getCurrentUrl on session 24c56de00ffa00fe6118d27df9e3a356 to remote] DEBUG org.apache.http.headers - http-outgoing-8377 << HTTP/1.1 200 OK
11:29:26.025 [Forwarding getCurrentUrl on session 24c56de00ffa00fe6118d27df9e3a356 to remote] DEBUG org.apache.http.headers - http-outgoing-8377 << Content-Length:143
11:29:26.025 [Forwarding getCurrentUrl on session 24c56de00ffa00fe6118d27df9e3a356 to remote] DEBUG org.apache.http.headers - http-outgoing-8377 << Content-Type:application/json; charset=utf-8
11:29:26.025 [Forwarding getCurrentUrl on session 24c56de00ffa00fe6118d27df9e3a356 to remote] DEBUG org.apache.http.headers - http-outgoing-8377 << Connection:close
11:29:26.025 [Forwarding getCurrentUrl on session 24c56de00ffa00fe6118d27df9e3a356 to remote] DEBUG o.a.h.i.c.DefaultManagedHttpClientConnection - http-outgoing-8377: Shutdown connection
11:29:26.025 [Forwarding getCurrentUrl on session 24c56de00ffa00fe6118d27df9e3a356 to remote] DEBUG o.a.h.impl.execchain.MainClientExec - Connection discarded
11:29:26.025 [Forwarding getCurrentUrl on session 24c56de00ffa00fe6118d27df9e3a356 to remote] DEBUG o.a.h.i.c.DefaultManagedHttpClientConnection - http-outgoing-8377: Close connection
11:29:26.025 [Forwarding getCurrentUrl on session 24c56de00ffa00fe6118d27df9e3a356 to remote] DEBUG o.a.h.i.c.PoolingHttpClientConnectionManager - Connection released: [id: 8377][route: {}->http://localhost:5387][total kept alive: 0; route allocated: 0 of 2000; total allocated: 0 of 2000]
11:29:26.025 [Forwarding executeScript on session 24c56de00ffa00fe6118d27df9e3a356 to remote] DEBUG o.a.h.c.protocol.RequestAddCookies - CookieSpec selected: best-match
11:29:26.025 [Forwarding executeScript on session 24c56de00ffa00fe6118d27df9e3a356 to remote] DEBUG o.a.h.c.protocol.RequestAuthCache - Auth cache not set in the context
11:29:26.025 [Forwarding executeScript on session 24c56de00ffa00fe6118d27df9e3a356 to remote] DEBUG o.a.h.i.c.PoolingHttpClientConnectionManager - Connection request: [route: {}->http://localhost:5387][total kept alive: 0; route allocated: 0 of 2000; total allocated: 0 of 2000]
11:29:26.025 [Forwarding executeScript on session 24c56de00ffa00fe6118d27df9e3a356 to remote] DEBUG o.a.h.i.c.PoolingHttpClientConnectionManager - Connection leased: [id: 8378][route: {}->http://localhost:5387][total kept alive: 0; route allocated: 1 of 2000; total allocated: 1 of 2000]
11:29:26.025 [Forwarding executeScript on session 24c56de00ffa00fe6118d27df9e3a356 to remote] DEBUG o.a.h.impl.execchain.MainClientExec - Opening connection {}->http://localhost:5387
11:29:26.025 [Forwarding executeScript on session 24c56de00ffa00fe6118d27df9e3a356 to remote] DEBUG o.a.h.i.c.HttpClientConnectionOperator - Connecting to localhost/127.0.0.1:5387
11:29:26.025 [Forwarding executeScript on session 24c56de00ffa00fe6118d27df9e3a356 to remote] DEBUG o.a.h.i.c.HttpClientConnectionOperator - Connection established 127.0.0.1:51607<->127.0.0.1:5387
11:29:26.025 [Forwarding executeScript on session 24c56de00ffa00fe6118d27df9e3a356 to remote] DEBUG o.a.h.impl.execchain.MainClientExec - Executing request POST /session/24c56de00ffa00fe6118d27df9e3a356/execute HTTP/1.1
11:29:26.025 [Forwarding executeScript on session 24c56de00ffa00fe6118d27df9e3a356 to remote] DEBUG o.a.h.impl.execchain.MainClientExec - Target auth state: UNCHALLENGED
11:29:26.025 [Forwarding executeScript on session 24c56de00ffa00fe6118d27df9e3a356 to remote] DEBUG o.a.h.impl.execchain.MainClientExec - Proxy auth state: UNCHALLENGED
11:29:26.025 [Forwarding executeScript on session 24c56de00ffa00fe6118d27df9e3a356 to remote] DEBUG org.apache.http.headers - http-outgoing-8378 >> POST /session/24c56de00ffa00fe6118d27df9e3a356/execute HTTP/1.1
11:29:26.025 [Forwarding executeScript on session 24c56de00ffa00fe6118d27df9e3a356 to remote] DEBUG org.apache.http.headers - http-outgoing-8378 >> Content-Type: application/json; charset=utf-8
11:29:26.025 [Forwarding executeScript on session 24c56de00ffa00fe6118d27df9e3a356 to remote] DEBUG org.apache.http.headers - http-outgoing-8378 >> Content-Length: 75
11:29:26.025 [Forwarding executeScript on session 24c56de00ffa00fe6118d27df9e3a356 to remote] DEBUG org.apache.http.headers - http-outgoing-8378 >> Host: localhost:5387
11:29:26.025 [Forwarding executeScript on session 24c56de00ffa00fe6118d27df9e3a356 to remote] DEBUG org.apache.http.headers - http-outgoing-8378 >> Connection: Keep-Alive
11:29:26.025 [Forwarding executeScript on session 24c56de00ffa00fe6118d27df9e3a356 to remote] DEBUG org.apache.http.headers - http-outgoing-8378 >> User-Agent: Apache-HttpClient/4.3.4 (java 1.5)
11:29:26.025 [Forwarding executeScript on session 24c56de00ffa00fe6118d27df9e3a356 to remote] DEBUG org.apache.http.headers - http-outgoing-8378 >> Accept-Encoding: gzip,deflate
11:29:26.025 [Forwarding executeScript on session 24c56de00ffa00fe6118d27df9e3a356 to remote] DEBUG org.apache.http.wire - http-outgoing-8378 >> "POST /session/24c56de00ffa00fe6118d27df9e3a356/execute HTTP/1.1[\r][\n]"
11:29:26.025 [Forwarding executeScript on session 24c56de00ffa00fe6118d27df9e3a356 to remote] DEBUG org.apache.http.wire - http-outgoing-8378 >> "Content-Type: application/json; charset=utf-8[\r][\n]"
11:29:26.025 [Forwarding executeScript on session 24c56de00ffa00fe6118d27df9e3a356 to remote] DEBUG org.apache.http.wire - http-outgoing-8378 >> "Content-Length: 75[\r][\n]"
11:29:26.025 [Forwarding executeScript on session 24c56de00ffa00fe6118d27df9e3a356 to remote] DEBUG org.apache.http.wire - http-outgoing-8378 >> "Host: localhost:5387[\r][\n]"
11:29:26.025 [Forwarding executeScript on session 24c56de00ffa00fe6118d27df9e3a356 to remote] DEBUG org.apache.http.wire - http-outgoing-8378 >> "Connection: Keep-Alive[\r][\n]"
11:29:26.025 [Forwarding executeScript on session 24c56de00ffa00fe6118d27df9e3a356 to remote] DEBUG org.apache.http.wire - http-outgoing-8378 >> "User-Agent: Apache-HttpClient/4.3.4 (java 1.5)[\r][\n]"
11:29:26.025 [Forwarding executeScript on session 24c56de00ffa00fe6118d27df9e3a356 to remote] DEBUG org.apache.http.wire - http-outgoing-8378 >> "Accept-Encoding: gzip,deflate[\r][\n]"
11:29:26.025 [Forwarding executeScript on session 24c56de00ffa00fe6118d27df9e3a356 to remote] DEBUG org.apache.http.wire - http-outgoing-8378 >> "[\r][\n]"
11:29:26.025 [Forwarding executeScript on session 24c56de00ffa00fe6118d27df9e3a356 to remote] DEBUG org.apache.http.wire - http-outgoing-8378 >> "{"args":[],"script":"if (document.readyState) return document.readyState;"}"
11:29:26.032 [Forwarding executeScript on session 24c56de00ffa00fe6118d27df9e3a356 to remote] DEBUG org.apache.http.wire - http-outgoing-8378 << "HTTP/1.1 200 OK[\r][\n]"
11:29:26.033 [Forwarding executeScript on session 24c56de00ffa00fe6118d27df9e3a356 to remote] DEBUG org.apache.http.wire - http-outgoing-8378 << "Content-Length:78[\r][\n]"
11:29:26.033 [Forwarding executeScript on session 24c56de00ffa00fe6118d27df9e3a356 to remote] DEBUG org.apache.http.wire - http-outgoing-8378 << "Content-Type:application/json; charset=utf-8[\r][\n]"
11:29:26.033 [Forwarding executeScript on session 24c56de00ffa00fe6118d27df9e3a356 to remote] DEBUG org.apache.http.wire - http-outgoing-8378 << "Connection:close[\r][\n]"
11:29:26.033 [Forwarding executeScript on session 24c56de00ffa00fe6118d27df9e3a356 to remote] DEBUG org.apache.http.wire - http-outgoing-8378 << "[\r][\n]"
11:29:26.033 [Forwarding executeScript on session 24c56de00ffa00fe6118d27df9e3a356 to remote] DEBUG org.apache.http.wire - http-outgoing-8378 << "{"sessionId":"24c56de00ffa00fe6118d27df9e3a356","status":0,"value":"complete"}"
11:29:26.033 [Forwarding executeScript on session 24c56de00ffa00fe6118d27df9e3a356 to remote] DEBUG org.apache.http.headers - http-outgoing-8378 << HTTP/1.1 200 OK
11:29:26.033 [Forwarding executeScript on session 24c56de00ffa00fe6118d27df9e3a356 to remote] DEBUG org.apache.http.headers - http-outgoing-8378 << Content-Length:78
11:29:26.033 [Forwarding executeScript on session 24c56de00ffa00fe6118d27df9e3a356 to remote] DEBUG org.apache.http.headers - http-outgoing-8378 << Content-Type:application/json; charset=utf-8
11:29:26.033 [Forwarding executeScript on session 24c56de00ffa00fe6118d27df9e3a356 to remote] DEBUG org.apache.http.headers - http-outgoing-8378 << Connection:close
11:29:26.033 [Forwarding executeScript on session 24c56de00ffa00fe6118d27df9e3a356 to remote] DEBUG o.a.h.i.c.DefaultManagedHttpClientConnection - http-outgoing-8378: Shutdown connection
11:29:26.033 [Forwarding executeScript on session 24c56de00ffa00fe6118d27df9e3a356 to remote] DEBUG o.a.h.impl.execchain.MainClientExec - Connection discarded
11:29:26.033 [Forwarding executeScript on session 24c56de00ffa00fe6118d27df9e3a356 to remote] DEBUG o.a.h.i.c.DefaultManagedHttpClientConnection - http-outgoing-8378: Close connection
11:29:26.033 [Forwarding executeScript on session 24c56de00ffa00fe6118d27df9e3a356 to remote] DEBUG o.a.h.i.c.PoolingHttpClientConnectionManager - Connection released: [id: 8378][route: {}->http://localhost:5387][total kept alive: 0; route allocated: 0 of 2000; total allocated: 0 of 2000]
11:29:26.033 [Forwarding getPageSource on session 24c56de00ffa00fe6118d27df9e3a356 to remote] DEBUG o.a.h.c.protocol.RequestAddCookies - CookieSpec selected: best-match
11:29:26.033 [Forwarding getPageSource on session 24c56de00ffa00fe6118d27df9e3a356 to remote] DEBUG o.a.h.c.protocol.RequestAuthCache - Auth cache not set in the context
11:29:26.033 [Forwarding getPageSource on session 24c56de00ffa00fe6118d27df9e3a356 to remote] DEBUG o.a.h.i.c.PoolingHttpClientConnectionManager - Connection request: [route: {}->http://localhost:5387][total kept alive: 0; route allocated: 0 of 2000; total allocated: 0 of 2000]
11:29:26.033 [Forwarding getPageSource on session 24c56de00ffa00fe6118d27df9e3a356 to remote] DEBUG o.a.h.i.c.PoolingHttpClientConnectionManager - Connection leased: [id: 8379][route: {}->http://localhost:5387][total kept alive: 0; route allocated: 1 of 2000; total allocated: 1 of 2000]
11:29:26.033 [Forwarding getPageSource on session 24c56de00ffa00fe6118d27df9e3a356 to remote] DEBUG o.a.h.impl.execchain.MainClientExec - Opening connection {}->http://localhost:5387
11:29:26.033 [Forwarding getPageSource on session 24c56de00ffa00fe6118d27df9e3a356 to remote] DEBUG o.a.h.i.c.HttpClientConnectionOperator - Connecting to localhost/127.0.0.1:5387
11:29:26.033 [Forwarding getPageSource on session 24c56de00ffa00fe6118d27df9e3a356 to remote] DEBUG o.a.h.i.c.HttpClientConnectionOperator - Connection established 127.0.0.1:51608<->127.0.0.1:5387
11:29:26.033 [Forwarding getPageSource on session 24c56de00ffa00fe6118d27df9e3a356 to remote] DEBUG o.a.h.impl.execchain.MainClientExec - Executing request GET /session/24c56de00ffa00fe6118d27df9e3a356/source HTTP/1.1
11:29:26.033 [Forwarding getPageSource on session 24c56de00ffa00fe6118d27df9e3a356 to remote] DEBUG o.a.h.impl.execchain.MainClientExec - Target auth state: UNCHALLENGED
11:29:26.033 [Forwarding getPageSource on session 24c56de00ffa00fe6118d27df9e3a356 to remote] DEBUG o.a.h.impl.execchain.MainClientExec - Proxy auth state: UNCHALLENGED
11:29:26.033 [Forwarding getPageSource on session 24c56de00ffa00fe6118d27df9e3a356 to remote] DEBUG org.apache.http.headers - http-outgoing-8379 >> GET /session/24c56de00ffa00fe6118d27df9e3a356/source HTTP/1.1
11:29:26.033 [Forwarding getPageSource on session 24c56de00ffa00fe6118d27df9e3a356 to remote] DEBUG org.apache.http.headers - http-outgoing-8379 >> Cache-Control: no-cache
11:29:26.033 [Forwarding getPageSource on session 24c56de00ffa00fe6118d27df9e3a356 to remote] DEBUG org.apache.http.headers - http-outgoing-8379 >> Host: localhost:5387
11:29:26.033 [Forwarding getPageSource on session 24c56de00ffa00fe6118d27df9e3a356 to remote] DEBUG org.apache.http.headers - http-outgoing-8379 >> Connection: Keep-Alive
11:29:26.033 [Forwarding getPageSource on session 24c56de00ffa00fe6118d27df9e3a356 to remote] DEBUG org.apache.http.headers - http-outgoing-8379 >> User-Agent: Apache-HttpClient/4.3.4 (java 1.5)
11:29:26.033 [Forwarding getPageSource on session 24c56de00ffa00fe6118d27df9e3a356 to remote] DEBUG org.apache.http.headers - http-outgoing-8379 >> Accept-Encoding: gzip,deflate
11:29:26.033 [Forwarding getPageSource on session 24c56de00ffa00fe6118d27df9e3a356 to remote] DEBUG org.apache.http.wire - http-outgoing-8379 >> "GET /session/24c56de00ffa00fe6118d27df9e3a356/source HTTP/1.1[\r][\n]"
11:29:26.033 [Forwarding getPageSource on session 24c56de00ffa00fe6118d27df9e3a356 to remote] DEBUG org.apache.http.wire - http-outgoing-8379 >> "Cache-Control: no-cache[\r][\n]"
11:29:26.033 [Forwarding getPageSource on session 24c56de00ffa00fe6118d27df9e3a356 to remote] DEBUG org.apache.http.wire - http-outgoing-8379 >> "Host: localhost:5387[\r][\n]"
11:29:26.033 [Forwarding getPageSource on session 24c56de00ffa00fe6118d27df9e3a356 to remote] DEBUG org.apache.http.wire - http-outgoing-8379 >> "Connection: Keep-Alive[\r][\n]"
11:29:26.033 [Forwarding getPageSource on session 24c56de00ffa00fe6118d27df9e3a356 to remote] DEBUG org.apache.http.wire - http-outgoing-8379 >> "User-Agent: Apache-HttpClient/4.3.4 (java 1.5)[\r][\n]"
11:29:26.033 [Forwarding getPageSource on session 24c56de00ffa00fe6118d27df9e3a356 to remote] DEBUG org.apache.http.wire - http-outgoing-8379 >> "Accept-Encoding: gzip,deflate[\r][\n]"
11:29:26.033 [Forwarding getPageSource on session 24c56de00ffa00fe6118d27df9e3a356 to remote] DEBUG org.apache.http.wire - http-outgoing-8379 >> "[\r][\n]"
11:29:26.048 [Forwarding getPageSource on session 24c56de00ffa00fe6118d27df9e3a356 to remote] DEBUG org.apache.http.wire - http-outgoing-8379 << "HTTP/1.1 200 OK[\r][\n]"
11:29:26.048 [Forwarding getPageSource on session 24c56de00ffa00fe6118d27df9e3a356 to remote] DEBUG org.apache.http.wire - http-outgoing-8379 << "Content-Length:45400[\r][\n]"
11:29:26.048 [Forwarding getPageSource on session 24c56de00ffa00fe6118d27df9e3a356 to remote] DEBUG org.apache.http.wire - http-outgoing-8379 << "Content-Type:application/json; charset=utf-8[\r][\n]"
11:29:26.048 [Forwarding getPageSource on session 24c56de00ffa00fe6118d27df9e3a356 to remote] DEBUG org.apache.http.wire - http-outgoing-8379 << "Connection:close[\r][\n]"
11:29:26.048 [Forwarding getPageSource on session 24c56de00ffa00fe6118d27df9e3a356 to remote] DEBUG org.apache.http.wire - http-outgoing-8379 << "[\r][\n]"
11:29:26.048 [Forwarding getPageSource on session 24c56de00ffa00fe6118d27df9e3a356 to remote] DEBUG org.apache.http.wire - http-outgoing-8379 << "{"sessionId":"24c56de00ffa00fe6118d27df9e3a356","status":0,"value":"\u003C!DOCTYPE html>\u003Chtml xmlns=\"http://www.w3.org/1999/xhtml\" class=\"no-js\">\u003Chead>\u003Cstyle type=\"text/css\">@charset \"UTF-8\";[ng\\:cloak],[ng-cloak],[data-ng-cloak],[x-ng-cloak],.ng-cloak,.x-ng-cloak,.ng-hide:not(.ng-hide-animate){display:none !important;}ng\\:form{display:block;}.ng-animate-shim{visibility:hidden;}.ng-anchor{position:absolute;}\u003C/style> \u003Cmeta charset=\"utf-8\" /> \u003Ctitle>\u003C/title> \u003Cmeta name=\"description\" content=\"\" /> \u003Cmeta name=\"viewport\" content=\"width=device-width\" /> \u003Clink rel=\"stylesheet\" href=\"styles/vendor.e0f0f7c2.css\" /> \u003Clink rel=\"stylesheet\" href=\"styles/main.bc645663.css\" />  \u003C/head>\u003Cbody ng-app=\"vouchersUiApp\" class=\"ng-scope\"> \u003C!--[if lt IE 7]>\n      \u003Cp class=\"browsehappy\">You are using an \u003Cstrong>outdated\u003C/strong> browser. Please \u003Ca href=\"http://browsehappy.com/\">upgrade your browser\u003C/a> to improve your experience.\u003C/p>\n    \u003C![endif]--> \u003Cserver-connection>\u003Cdiv class=\"col-md-12 alert-message\"> \u003C!-- ngRepeat: alert in alerts --> \u003C/div>\u003C/server-connection> \u003C!-- Add your site or application content here --> \u003Cdiv class=\"container\"> \u003C!-- ngView:  -->\u003Cdiv ng-view=\"\" class=\"body ng-scope\">\u003C!-- ngInclude: undefined -->\u003Cng-include src=\"'/views/header.html'\" class=\"ng-scope\" data-ng-animate=\"2\">\u003Cdiv class=\"header ng-scope\"> \u003Cul class=\"nav nav-pills pull-right\"> \u003Cli>\u003Ca id=\"campaigns-header\" ng-href=\"#/\" class=\"campaigns\" href=\"#/\">Campaigns\u003C/a>\u003C/li> \u003Cli>\u003Ca id=\"create-campaign-header\" ng-href=\"#/campaign\" class=\"campaign ng-hide\" data-ng-show=\"showCreateCampaign()\" href=\"#/campaign\">Create Campaign\u003C/a>\u003C/li> \u003Cli>\u003Ca id=\"search-vouchers-header\" ng-href=\"#/voucher\" class=\"campaign\" href=\"#/voucher\">Search Vouchers\u003C/a>\u003C/li> \u003Cli>\u003Ca id=\"search-account-header\" ng-href=\"#/account\" class=\"campaign\" href=\"#/account\">Search Account\u003C/a>\u003C/li> \u003C/ul> \u003Ch3>\u003Ca ng-href=\"#/\" href=\"#/\">Voucher Manager\u003C/a>\u003C/h3> \u003C/div>\u003C/ng-include> \u003Cdiv class=\"row name-group ng-scope\"> \u003Cdiv class=\"col-md-12\"> \u003Ch4>Campaign List\u003C/h4> \u003Cform class=\"form-inline search-form ng-pristine ng-valid ng-valid-minlength ng-valid-maxlength\" name=\"nameForm\"> \u003Cdiv class=\"form-group col-md-5\"> \u003Clabel for=\"search-name\">Find\u003C/label> \u003Cinput type=\"text\" ng-model=\"searchName\" delayed-model=\"searchName\" name=\"name\" class=\"form-control ng-pristine ng-untouched ng-valid ng-valid-minlength ng-valid-maxlength\" id=\"search-name\" ng-minlength=\"3\" maxlength=\"50\" placeholder=\"Campaign Name (Minimum 3 characters)\" /> \u003Cspan id=\"searchclear\" class=\"glyphicon glyphicon-remove-circle\" ng-click=\"clearSearchName()\">\u003C/span> \u003C/div> \u003C/form> \u003Cdiv class=\"btn-group pull-right\"> \u003Cbutton type=\"submit\" class=\"btn btn-success\" ng-click=\"exportFilteredList()\">Export Campaign List \u003C/button> \u003C/div> \u003C/div> \u003C/div> \u003Cdiv class=\"row ng-scope\"> \u003Cform class=\"form-inline search-form ng-pristine ng-valid ng-valid-date\" name=\"searchForm\"> \u003Cdiv class=\"col-md-12 ng-hide\" ng-hide=\"!showFilters\"> \u003Chr /> \u003Cdiv class=\"form-group\"> \u003Clabel for=\"start\">Start Date\u003C/label> \u003Cdiv class=\"dropdown\"> \u003Ca class=\"dropdown-toggle\" id=\"start-dropdown\" role=\"button\" data-toggle=\"dropdown\" data-target=\"#\" href=\"#\" aria-haspopup=\"true\" aria-expanded=\"false\"> \u003Cdiv class=\"input-group\">\u003Cinput type=\"text\" size=\"20\" class=\"form-control ng-pristine ng-untouched ng-valid ng-valid-date\" name=\"start\" id=\"start\" data-ng-model=\"search.start\" ng-change=\"checkFilterDateValidity()\" />\u003Cspan class=\"input-group-addon\">\u003Ci class=\"glyphicon glyphicon-calendar\">\u003C/i>\u003C/span>\u003C/div> \u003C/a> \u003Cul class=\"dropdown-menu\" role=\"menu\" aria-labelledby=\"dLabel\"> \u003Cdiv class=\"datetimepicker table-responsive ng-isolate-scope ng-valid\" data-ng-model=\"search.start\" data-datetimepicker-config=\"{ dropdownSelector: '#start-dropdown', startView:'day', minView:'day' }\" data-on-set-time=\"setStartDate(newDate, oldDate)\">\u003Ctable class=\"table table-striped  day-view\">   \u003Cthead>       \u003Ctr>           \u003Cth class=\"left\" data-ng-click=\"changeView(data.currentView, data.leftDate, $event)\" data-ng-show=\"data.leftDate.selectable\">\u003Ci class=\"glyphicon glyphicon-arrow-left\">\u003C/i>\u003C/th>           \u003Cth class=\"switch ng-binding\" colspan=\"5\" data-ng-show=\"data.previousViewDate.selectable\" data-ng-click=\"changeView(data.previousView, data.previousViewDate, $event)\">2015-Jul\u003C/th>           \u003Cth class=\"right\" data-ng-click=\"changeView(data.currentView, data.rightDate, $event)\" data-ng-show=\"data.rightDate.selectable\">\u003Ci class=\"glyphicon glyphicon-arrow-right\">\u003C/i>\u003C/th>       \u003C/tr>       \u003Ctr>           \u003C!-- ngRepeat: day in data.dayNames -->\u003Cth class=\"dow ng-binding ng-scope\" data-ng-repeat=\"day in data.dayNames\">Su\u003C/th>\u003C!-- end ngRepeat: day in data.dayNames -->\u003Cth class=\"dow ng-binding ng-scope\" data-ng-repeat=\"day in data.dayNames\">Mo\u003C/th>\u003C!-- end ngRepeat: day in data.dayNames -->\u003Cth class=\"dow ng-binding ng-scope\" data-ng-repeat=\"day in data.dayNames\">Tu\u003C/th>\u003C!-- end ngRepeat: day in data.dayNames -->\u003Cth class=\"dow ng-binding ng-scope\" data-ng-repeat=\"day in data.dayNames\">We\u003C/th>\u003C!-- end ngRepeat: day in data.dayNames -->\u003Cth class=\"dow ng-binding ng-scope\" data-ng-repeat=\"day in data.dayNames\">Th\u003C/th>\u003C!-- end ngRepeat: day in data.dayNames -->\u003Cth class=\"dow ng-binding ng-scope\" data-ng-repeat=\"day in data.dayNames\">Fr\u003C/th>\u003C!-- end ngRepeat: day in data.dayNames -->\u003Cth class=\"dow ng-binding ng-scope\" data-ng-repeat=\"day in data.dayNames\">Sa\u003C/th>\u003C!-- end ngRepeat: day in data.dayNames -->       \u003C/tr>   \u003C/thead>   \u003Ctbody>       \u003C!-- ngIf: data.currentView !== 'day' -->       \u003C!-- ngRepeat: week in data.weeks -->\u003C!-- ngIf: data.currentView === 'day' -->\u003Ctr data-ng-if=\"data.currentView === 'day'\" data-ng-repeat=\"week in data.weeks\" class=\"ng-scope\">           \u003C!-- ngRepeat: dateObject in week.dates -->\u003Ctd data-ng-repeat=\"dateObject in week.dates\" data-ng-click=\"changeView(data.nextView, dateObject, $event)\" class=\"day ng-binding ng-scope past\" data-ng-class=\"{active: dateObject.active, past: dateObject.past, future: dateObject.future, disabled: !dateObject.selectable}\">28\u003C/td>\u003C!-- end ngRepeat: dateObject in week.dates -->\u003Ctd data-ng-repeat=\"dateObject in week.dates\" data-ng-click=\"changeView(data.nextView, dateObject, $event)\" class=\"day ng-binding ng-scope past\" data-ng-class=\"{active: dateObject.active, past: dateObject.past, future: dateObject.future, disabled: !dateObject.selectable}\">29\u003C/td>\u003C!-- end ngRepeat: dateObject in week.dates -->\u003Ctd data-ng-repeat=\"dateObject in week.dates\" data-ng-click=\"changeView(data.nextView, dateObject, $event)\" class=\"day ng-binding ng-scope past\" data-ng-class=\"{active: dateObject.active, past: dateObject.past, future: dateObject.future, disabled: !dateObject.selectable}\">30\u003C/td>\u003C!-- end ngRepeat: dateObject in week.dates -->\u003Ctd data-ng-repeat=\"dateObject in week.dates\" data-ng-click=\"changeView(data.nextView, dateObject, $event)\" class=\"day ng-binding ng-scope\" data-ng-class=\"{active: dateObject.active, past: dateObject.past, future: dateObject.future, disabled: !dateObject.selectable}\">1\u003C/td>\u003C!-- end ngRepeat: dateObject in week.dates -->\u003Ctd data-ng-repeat=\"dateObject in we"
11:29:26.048 [Forwarding getPageSource on session 24c56de00ffa00fe6118d27df9e3a356 to remote] DEBUG org.apache.http.headers - http-outgoing-8379 << HTTP/1.1 200 OK
11:29:26.048 [Forwarding getPageSource on session 24c56de00ffa00fe6118d27df9e3a356 to remote] DEBUG org.apache.http.headers - http-outgoing-8379 << Content-Length:45400
11:29:26.048 [Forwarding getPageSource on session 24c56de00ffa00fe6118d27df9e3a356 to remote] DEBUG org.apache.http.headers - http-outgoing-8379 << Content-Type:application/json; charset=utf-8
11:29:26.048 [Forwarding getPageSource on session 24c56de00ffa00fe6118d27df9e3a356 to remote] DEBUG org.apache.http.headers - http-outgoing-8379 << Connection:close
11:29:26.048 [Forwarding getPageSource on session 24c56de00ffa00fe6118d27df9e3a356 to remote] DEBUG org.apache.http.wire - http-outgoing-8379 << "ek.dates\" data-ng-click=\"changeView(data.nextView, dateObject, $event)\" class=\"day ng-binding ng-scope\" data-ng-class=\"{active: dateObject.active, past: dateObject.past, future: dateObject.future, disabled: !dateObject.selectable}\">2\u003C/td>\u003C!-- end ngRepeat: dateObject in week.dates -->\u003Ctd data-ng-repeat=\"dateObject in week.dates\" data-ng-click=\"changeView(data.nextView, dateObject, $event)\" class=\"day ng-binding ng-scope\" data-ng-class=\"{active: dateObject.active, past: dateObject.past, future: dateObject.future, disabled: !dateObject.selectable}\">3\u003C/td>\u003C!-- end ngRepeat: dateObject in week.dates -->\u003Ctd data-ng-repeat=\"dateObject in week.dates\" data-ng-click=\"changeView(data.nextView, dateObject, $event)\" class=\"day ng-binding ng-scope\" data-ng-class=\"{active: dateObject.active, past: dateObject.past, future: dateObject.future, disabled: !dateObject.selectable}\">4\u003C/td>\u003C!-- end ngRepeat: dateObject in week.dates -->       \u003C/tr>\u003C!-- end ngIf: data.currentView === 'day' -->\u003C!-- end ngRepeat: week in data.weeks -->\u003C!-- ngIf: data.currentView === 'day' -->\u003Ctr data-ng-if=\"data.currentView === 'day'\" data-ng-repeat=\"week in data.weeks\" class=\"ng-scope\">           \u003C!-- ngRepeat: dateObject in week.dates -->\u003Ctd data-ng-repeat=\"dateObject in week.dates\" data-ng-click=\"changeView(data.nextView, dateObject, $event)\" class=\"day ng-binding ng-scope\" data-ng-class=\"{active: dateObject.active, past: dateObject.past, future: dateObject.future, disabled: !dateObject.selectable}\">5\u003C/td>\u003C!-- end ngRepeat: dateObject in week.dates -->\u003Ctd data-ng-repeat=\"dateObject in week.dates\" data-ng-click=\"changeView(data.nextView, dateObject, $event)\" class=\"day ng-binding ng-scope\" data-ng-class=\"{active: dateObject.active, past: dateObject.past, future: dateObject.future, disabled: !dateObject.selectable}\">6\u003C/td>\u003C!-- end ngRepeat: dateObject in week.dates -->\u003Ctd data-ng-repeat=\"dateObject in week.dates\" data-ng-click=\"changeView(data.nextView, dateObject, $event)\" class=\"day ng-binding ng-scope\" data-ng-class=\"{active: dateObject.active, past: dateObject.past, future: dateObject.future, disabled: !dateObject.selectable}\">7\u003C/td>\u003C!-- end ngRepeat: dateObject in week.dates -->\u003Ctd data-ng-repeat=\"dateObject in week.dates\" data-ng-click=\"changeView(data.nextView, dateObject, $event)\" class=\"day ng-binding ng-scope\" data-ng-class=\"{active: dateObject.active, past: dateObject.past, future: dateObject.future, disabled: !dateObject.selectable}\">8\u003C/td>\u003C!-- end ngRepeat: dateObject in week.dates -->\u003Ctd data-ng-repeat=\"dateObject in week.dates\" data-ng-click=\"changeView(data.nextView, dateObject, $event)\" class=\"day ng-binding ng-scope\" data-ng-class=\"{active: dateObject.active, past: dateObject.past, future: dateObject.future, disabled: !dateObject.selectable}\">9\u003C/td>\u003C!-- end ngRepeat: dateObject in week.dates -->\u003Ctd data-ng-repeat=\"dateObject in week.dates\" data-ng-click=\"changeView(data.nextView, dateObject, $event)\" class=\"day ng-binding ng-scope\" data-ng-class=\"{active: dateObject.active, past: dateObject.past, future: dateObject.future, disabled: !dateObject.selectable}\">10\u003C/td>\u003C!-- end ngRepeat: dateObject in week.dates -->\u003Ctd data-ng-repeat=\"dateObject in week.dates\" data-ng-click=\"changeView(data.nextView, dateObject, $event)\" class=\"day ng-binding ng-scope\" data-ng-class=\"{active: dateObject.active, past: dateObject.past, future: dateObject.future, disabled: !dateObject.selectable}\">11\u003C/td>\u003C!-- end ngRepeat: dateObject in week.dates -->       \u003C/tr>\u003C!-- end ngIf: data.currentView === 'day' -->\u003C!-- end ngRepeat: week in data.weeks -->\u003C!-- ngIf: data.currentView === 'day' -->\u003Ctr data-ng-if=\"data.currentView === 'day'\" data-ng-repeat=\"week in data.weeks\" class=\"ng-scope\">           \u003C!-- ngRepeat: dateObject in week.dates -->\u003Ctd data-ng-repeat=\"dateObject in week"
11:29:26.048 [Forwarding getPageSource on session 24c56de00ffa00fe6118d27df9e3a356 to remote] DEBUG org.apache.http.wire - http-outgoing-8379 << ".dates\" data-ng-click=\"changeView(data.nextView, dateObject, $event)\" class=\"day ng-binding ng-scope\" data-ng-class=\"{active: dateObject.active, past: dateObject.past, future: dateObject.future, disabled: !dateObject.selectable}\">12\u003C/td>\u003C!-- end ngRepeat: dateObject in week.dates -->\u003Ctd data-ng-repeat=\"dateObject in week.dates\" data-ng-click=\"changeView(data.nextView, dateObject, $event)\" class=\"day ng-binding ng-scope\" data-ng-class=\"{active: dateObject.active, past: dateObject.past, future: dateObject.future, disabled: !dateObject.selectable}\">13\u003C/td>\u003C!-- end ngRepeat: dateObject in week.dates -->\u003Ctd data-ng-repeat=\"dateObject in week.dates\" data-ng-click=\"changeView(data.nextView, dateObject, $event)\" class=\"day ng-binding ng-scope\" data-ng-class=\"{active: dateObject.active, past: dateObject.past, future: dateObject.future, disabled: !dateObject.selectable}\">14\u003C/td>\u003C!-- end ngRepeat: dateObject in week.dates -->\u003Ctd data-ng-repeat=\"dateObject in week.dates\" data-ng-click=\"changeView(data.nextView, dateObject, $event)\" class=\"day ng-binding ng-scope\" data-ng-class=\"{active: dateObject.active, past: dateObject.past, future: dateObject.future, disabled: !dateObject.selectable}\">15\u003C/td>\u003C!-- end ngRepeat: dateObject in week.dates -->\u003Ctd data-ng-repeat=\"dateObject in week.dates\" data-ng-click=\"changeView(data.nextView, dateObject, $event)\" class=\"day ng-binding ng-scope\" data-ng-class=\"{active: dateObject.active, past: dateObject.past, future: dateObject.future, disabled: !dateObject.selectable}\">16\u003C/td>\u003C!-- end ngRepeat: dateObject in week.dates -->\u003Ctd data-ng-repeat=\"dateObject in week.dates\" data-ng-click=\"changeView(data.nextView, dateObject, $event)\" class=\"day ng-binding ng-scope\" data-ng-class=\"{active: dateObject.active, past: dateObject.past, future: dateObject.future, disabled: !dateObject.selectable}\">17\u003C/td>\u003C!-- end ngRepeat: dateObject in week.dates -->\u003Ctd data-ng-repeat=\"dateObject in week.dates\" data-ng-click=\"changeView(data.nextView, dateObject, $event)\" class=\"day ng-binding ng-scope\" data-ng-class=\"{active: dateObject.active, past: dateObject.past, future: dateObject.future, disabled: !dateObject.selectable}\">18\u003C/td>\u003C!-- end ngRepeat: dateObject in week.dates -->       \u003C/tr>\u003C!-- end ngIf: data.currentView === 'day' -->\u003C!-- end ngRepeat: week in data.weeks -->\u003C!-- ngIf: data.currentView === 'day' -->\u003Ctr data-ng-if=\"data.currentView === 'day'\" data-ng-repeat=\"week in data.weeks\" class=\"ng-scope\">           \u003C!-- ngRepeat: dateObject in week.dates -->\u003Ctd data-ng-repeat=\"dateObject in week.dates\" data-ng-click=\"changeView(data.nextView, dateObject, $event)\" class=\"day ng-binding ng-scope\" data-ng-class=\"{active: dateObject.active, past: dateObject.past, future: dateObject.future, disabled: !dateObject.selectable}\">19\u003C/td>\u003C!-- end ngRepeat: dateObject in week.dates -->\u003Ctd data-ng-repeat=\"dateObject in week.dates\" data-ng-click=\"changeView(data.nextView, dateObject, $event)\" class=\"day ng-binding ng-scope\" data-ng-class=\"{active: dateObject.active, past: dateObject.past, future: dateObject.future, disabled: !dateObject.selectable}\">20\u003C/td>\u003C!-- end ngRepeat: dateObject in week.dates -->\u003Ctd data-ng-repeat=\"dateObject in week.dates\" data-ng-click=\"changeView(data.nextView, dateObject, $event)\" class=\"day ng-binding ng-scope\" data-ng-class=\"{active: dateObject.active, past: dateObject.past, future: dateObject.future, disabled: !dateObject.selectable}\">21\u003C/td>\u003C!-- end ngRepeat: dateObject in week.dates -->\u003Ctd data-ng-repeat=\"dateObject in week.dates\" data-ng-click=\"changeView(data.nextView, dateObject, $event)\" class=\"day ng-binding ng-scope\" data-ng-class=\"{active: dateObject.active, past: dateObject.past, future: dateObject.future, disabled: !dateObject.selectable}\">22\u003C/td>\u003C!-- end ngRepeat: dateObject in week.dates -->\u003Ctd data-ng-re"
11:29:26.049 [Forwarding getPageSource on session 24c56de00ffa00fe6118d27df9e3a356 to remote] DEBUG org.apache.http.wire - http-outgoing-8379 << "peat=\"dateObject in week.dates\" data-ng-click=\"changeView(data.nextView, dateObject, $event)\" class=\"day ng-binding ng-scope\" data-ng-class=\"{active: dateObject.active, past: dateObject.past, future: dateObject.future, disabled: !dateObject.selectable}\">23\u003C/td>\u003C!-- end ngRepeat: dateObject in week.dates -->\u003Ctd data-ng-repeat=\"dateObject in week.dates\" data-ng-click=\"changeView(data.nextView, dateObject, $event)\" class=\"day ng-binding ng-scope\" data-ng-class=\"{active: dateObject.active, past: dateObject.past, future: dateObject.future, disabled: !dateObject.selectable}\">24\u003C/td>\u003C!-- end ngRepeat: dateObject in week.dates -->\u003Ctd data-ng-repeat=\"dateObject in week.dates\" data-ng-click=\"changeView(data.nextView, dateObject, $event)\" class=\"day ng-binding ng-scope\" data-ng-class=\"{active: dateObject.active, past: dateObject.past, future: dateObject.future, disabled: !dateObject.selectable}\">25\u003C/td>\u003C!-- end ngRepeat: dateObject in week.dates -->       \u003C/tr>\u003C!-- end ngIf: data.currentView === 'day' -->\u003C!-- end ngRepeat: week in data.weeks -->\u003C!-- ngIf: data.currentView === 'day' -->\u003Ctr data-ng-if=\"data.currentView === 'day'\" data-ng-repeat=\"week in data.weeks\" class=\"ng-scope\">           \u003C!-- ngRepeat: dateObject in week.dates -->\u003Ctd data-ng-repeat=\"dateObject in week.dates\" data-ng-click=\"changeView(data.nextView, dateObject, $event)\" class=\"day ng-binding ng-scope\" data-ng-class=\"{active: dateObject.active, past: dateObject.past, future: dateObject.future, disabled: !dateObject.selectable}\">26\u003C/td>\u003C!-- end ngRepeat: dateObject in week.dates -->\u003Ctd data-ng-repeat=\"dateObject in week.dates\" data-ng-click=\"changeView(data.nextView, dateObject, $event)\" class=\"day ng-binding ng-scope\" data-ng-class=\"{active: dateObject.active, past: dateObject.past, future: dateObject.future, disabled: !dateObject.selectable}\">27\u003C/td>\u003C!-- end ngRepeat: dateObject in week.dates -->\u003Ctd data-ng-repeat=\"dateObject in week.dates\" data-ng-click=\"changeView(data.nextView, dateObject, $event)\" class=\"day ng-binding ng-scope\" data-ng-class=\"{active: dateObject.active, past: dateObject.past, future: dateObject.future, disabled: !dateObject.selectable}\">28\u003C/td>\u003C!-- end ngRepeat: dateObject in week.dates -->\u003Ctd data-ng-repeat=\"dateObject in week.dates\" data-ng-click=\"changeView(data.nextView, dateObject, $event)\" class=\"day ng-binding ng-scope\" data-ng-class=\"{active: dateObject.active, past: dateObject.past, future: dateObject.future, disabled: !dateObject.selectable}\">29\u003C/td>\u003C!-- end ngRepeat: dateObject in week.dates -->\u003Ctd data-ng-repeat=\"dateObject in week.dates\" data-ng-click=\"changeView(data.nextView, dateObject, $event)\" class=\"day ng-binding ng-scope\" data-ng-class=\"{active: dateObject.active, past: dateObject.past, future: dateObject.future, disabled: !dateObject.selectable}\">30\u003C/td>\u003C!-- end ngRepeat: dateObject in week.dates -->\u003Ctd data-ng-repeat=\"dateObject in week.dates\" data-ng-click=\"changeView(data.nextView, dateObject, $event)\" class=\"day ng-binding ng-scope\" data-ng-class=\"{active: dateObject.active, past: dateObject.past, future: dateObject.future, disabled: !dateObject.selectable}\">31\u003C/td>\u003C!-- end ngRepeat: dateObject in week.dates -->\u003Ctd data-ng-repeat=\"dateObject in week.dates\" data-ng-click=\"changeView(data.nextView, dateObject, $event)\" class=\"day ng-binding ng-scope future\" data-ng-class=\"{active: dateObject.active, past: dateObject.past, future: dateObject.future, disabled: !dateObject.selectable}\">1\u003C/td>\u003C!-- end ngRepeat: dateObject in week.dates -->       \u003C/tr>\u003C!-- end ngIf: data.currentView === 'day' -->\u003C!-- end ngRepeat: week in data.weeks -->\u003C!-- ngIf: data.currentView === 'day' -->\u003Ctr data-ng-if=\"data.currentView === 'day'\" data-ng-repeat=\"week in data.weeks\" class=\"ng-scope\">           \u003C!-- ngRepeat: dateObject in week.dates -->\u003Ct"
11:29:26.049 [Forwarding getPageSource on session 24c56de00ffa00fe6118d27df9e3a356 to remote] DEBUG org.apache.http.wire - http-outgoing-8379 << "d data-ng-repeat=\"dateObject in week.dates\" data-ng-click=\"changeView(data.nextView, dateObject, $event)\" class=\"day ng-binding ng-scope future\" data-ng-class=\"{active: dateObject.active, past: dateObject.past, future: dateObject.future, disabled: !dateObject.selectable}\">2\u003C/td>\u003C!-- end ngRepeat: dateObject in week.dates -->\u003Ctd data-ng-repeat=\"dateObject in week.dates\" data-ng-click=\"changeView(data.nextView, dateObject, $event)\" class=\"day ng-binding ng-scope future\" data-ng-class=\"{active: dateObject.active, past: dateObject.past, future: dateObject.future, disabled: !dateObject.selectable}\">3\u003C/td>\u003C!-- end ngRepeat: dateObject in week.dates -->\u003Ctd data-ng-repeat=\"dateObject in week.dates\" data-ng-click=\"changeView(data.nextView, dateObject, $event)\" class=\"day ng-binding ng-scope future\" data-ng-class=\"{active: dateObject.active, past: dateObject.past, future: dateObject.future, disabled: !dateObject.selectable}\">4\u003C/td>\u003C!-- end ngRepeat: dateObject in week.dates -->\u003Ctd data-ng-repeat=\"dateObject in week.dates\" data-ng-click=\"changeView(data.nextView, dateObject, $event)\" class=\"day ng-binding ng-scope future\" data-ng-class=\"{active: dateObject.active, past: dateObject.past, future: dateObject.future, disabled: !dateObject.selectable}\">5\u003C/td>\u003C!-- end ngRepeat: dateObject in week.dates -->\u003Ctd data-ng-repeat=\"dateObject in week.dates\" data-ng-click=\"changeView(data.nextView, dateObject, $event)\" class=\"day ng-binding ng-scope future\" data-ng-class=\"{active: dateObject.active, past: dateObject.past, future: dateObject.future, disabled: !dateObject.selectable}\">6\u003C/td>\u003C!-- end ngRepeat: dateObject in week.dates -->\u003Ctd data-ng-repeat=\"dateObject in week.dates\" data-ng-click=\"changeView(data.nextView, dateObject, $event)\" class=\"day ng-binding ng-scope future\" data-ng-class=\"{active: dateObject.active, past: dateObject.past, future: dateObject.future, disabled: !dateObject.selectable}\">7\u003C/td>\u003C!-- end ngRepeat: dateObject in week.dates -->\u003Ctd data-ng-repeat=\"dateObject in week.dates\" data-ng-click=\"changeView(data.nextView, dateObject, $event)\" class=\"day ng-binding ng-scope future\" data-ng-class=\"{active: dateObject.active, past: dateObject.past, future: dateObject.future, disabled: !dateObject.selectable}\">8\u003C/td>\u003C!-- end ngRepeat: dateObject in week.dates -->       \u003C/tr>\u003C!-- end ngIf: data.currentView === 'day' -->\u003C!-- end ngRepeat: week in data.weeks -->   \u003C/tbody>\u003C/table>\u003C/div>\u003C/ul> \u003C/div> \u003C/div> \u003Cdiv class=\"form-group\"> \u003Clabel for=\"end\">End Date\u003C/label> \u003Cdiv class=\"dropdown\"> \u003Ca class=\"dropdown-toggle\" id=\"end-dropdown\" role=\"button\" data-toggle=\"dropdown\" data-target=\"#\" href=\"#\" aria-haspopup=\"true\" aria-expanded=\"false\"> \u003Cdiv class=\"input-group\">\u003Cinput type=\"text\" size=\"20\" class=\"form-control ng-pristine ng-untouched ng-valid ng-valid-date\" name=\"end\" id=\"end\" data-ng-model=\"search.end\" ng-change=\"checkFilterDateValidity()\" />\u003Cspan class=\"input-group-addon\">\u003Ci class=\"glyphicon glyphicon-calendar\">\u003C/i>\u003C/span>\u003C/div> \u003C/a> \u003Cul class=\"dropdown-menu\" role=\"menu\" aria-labelledby=\"dLabel\"> \u003Cdiv class=\"datetimepicker table-responsive ng-isolate-scope ng-valid\" data-ng-model=\"search.end\" data-datetimepicker-config=\"{ dropdownSelector: '#end-dropdown', startView:'day', minView:'day' }\" data-on-set-time=\"setEndDate(newDate, oldDate)\">\u003Ctable class=\"table table-striped  day-view\">   \u003Cthead>       \u003Ctr>           \u003Cth class=\"left\" data-ng-click=\"changeView(data.currentView, data.leftDate, $event)\" data-ng-show=\"data.leftDate.selectable\">\u003Ci class=\"glyphicon glyphicon-arrow-left\">\u003C/i>\u003C/th>           \u003Cth class=\"switch ng-binding\" colspan=\"5\" data-ng-show=\"data.previousViewDate.selectable\" data-ng-click=\"changeView(data.previousView, data.previousViewDate, $"
11:29:26.049 [Forwarding getPageSource on session 24c56de00ffa00fe6118d27df9e3a356 to remote] DEBUG org.apache.http.wire - http-outgoing-8379 << "event)\">2015-Jul\u003C/th>           \u003Cth class=\"right\" data-ng-click=\"changeView(data.currentView, data.rightDate, $event)\" data-ng-show=\"data.rightDate.selectable\">\u003Ci class=\"glyphicon glyphicon-arrow-right\">\u003C/i>\u003C/th>       \u003C/tr>       \u003Ctr>           \u003C!-- ngRepeat: day in data.dayNames -->\u003Cth class=\"dow ng-binding ng-scope\" data-ng-repeat=\"day in data.dayNames\">Su\u003C/th>\u003C!-- end ngRepeat: day in data.dayNames -->\u003Cth class=\"dow ng-binding ng-scope\" data-ng-repeat=\"day in data.dayNames\">Mo\u003C/th>\u003C!-- end ngRepeat: day in data.dayNames -->\u003Cth class=\"dow ng-binding ng-scope\" data-ng-repeat=\"day in data.dayNames\">Tu\u003C/th>\u003C!-- end ngRepeat: day in data.dayNames -->\u003Cth class=\"dow ng-binding ng-scope\" data-ng-repeat=\"day in data.dayNames\">We\u003C/th>\u003C!-- end ngRepeat: day in data.dayNames -->\u003Cth class=\"dow ng-binding ng-scope\" data-ng-repeat=\"day in data.dayNames\">Th\u003C/th>\u003C!-- end ngRepeat: day in data.dayNames -->\u003Cth class=\"dow ng-binding ng-scope\" data-ng-repeat=\"day in data.dayNames\">Fr\u003C/th>\u003C!-- end ngRepeat: day in data.dayNames -->\u003Cth class=\"dow ng-binding ng-scope\" data-ng-repeat=\"day in data.dayNames\">Sa\u003C/th>\u003C!-- end ngRepeat: day in data.dayNames -->       \u003C/tr>   \u003C/thead>   \u003Ctbody>       \u003C!-- ngIf: data.currentView !== 'day' -->       \u003C!-- ngRepeat: week in data.weeks -->\u003C!-- ngIf: data.currentView === 'day' -->\u003Ctr data-ng-if=\"data.currentView === 'day'\" data-ng-repeat=\"week in data.weeks\" class=\"ng-scope\">           \u003C!-- ngRepeat: dateObject in week.dates -->\u003Ctd data-ng-repeat=\"dateObject in week.dates\" data-ng-click=\"changeView(data.nextView, dateObject, $event)\" class=\"day ng-binding ng-scope past\" data-ng-class=\"{active: dateObject.active, past: dateObject.past, future: dateObject.future, disabled: !dateObject.selectable}\">28\u003C/td>\u003C!-- end ngRepeat: dateObject in week.dates -->\u003Ctd data-ng-repeat=\"dateObject in week.dates\" data-ng-click=\"changeView(data.nextView, dateObject, $event)\" class=\"day ng-binding ng-scope past\" data-ng-class=\"{active: dateObject.active, past: dateObject.past, future: dateObject.future, disabled: !dateObject.selectable}\">29\u003C/td>\u003C!-- end ngRepeat: dateObject in week.dates -->\u003Ctd data-ng-repeat=\"dateObject in week.dates\" data-ng-click=\"changeView(data.nextView, dateObject, $event)\" class=\"day ng-binding ng-scope past\" data-ng-class=\"{active: dateObject.active, past: dateObject.past, future: dateObject.future, disabled: !dateObject.selectable}\">30\u003C/td>\u003C!-- end ngRepeat: dateObject in week.dates -->\u003Ctd data-ng-repeat=\"dateObject in week.dates\" data-ng-click=\"changeView(data.nextView, dateObject, $event)\" class=\"day ng-binding ng-scope\" data-ng-class=\"{active: dateObject.active, past: dateObject.past, future: dateObject.future, disabled: !dateObject.selectable}\">1\u003C/td>\u003C!-- end ngRepeat: dateObject in week.dates -->\u003Ctd data-ng-repeat=\"dateObject in week.dates\" data-ng-click=\"changeView(data.nextView, dateObject, $event)\" class=\"day ng-binding ng-scope\" data-ng-class=\"{active: dateObject.active, past: dateObject.past, future: dateObject.future, disabled: !dateObject.selectable}\">2\u003C/td>\u003C!-- end ngRepeat: dateObject in week.dates -->\u003Ctd data-ng-repeat=\"dateObject in week.dates\" data-ng-click=\"changeView(data.nextView, dateObject, $event)\" class=\"day ng-binding ng-scope\" data-ng-class=\"{active: dateObject.active, past: dateObject.past, future: dateObject.future, disabled: !dateObject.selectable}\">3\u003C/td>\u003C!-- end ngRepeat: dateObject in week.dates -->\u003Ctd data-ng-repeat=\"dateObject in week.dates\" data-ng-click=\"changeView(data.nextView, dateObject, $event)\" class=\"day ng-binding ng-scope\" data-ng-class=\"{active: dateObject.active, past: dateObject.past, future: dateObject.future, disabled: !dateObject.selectable}\">4\u003C/td>\u003C!-- end ngRepeat: "
11:29:26.049 [Forwarding getPageSource on session 24c56de00ffa00fe6118d27df9e3a356 to remote] DEBUG org.apache.http.wire - http-outgoing-8379 << "dateObject in week.dates -->       \u003C/tr>\u003C!-- end ngIf: data.currentView === 'day' -->\u003C!-- end ngRepeat: week in data.weeks -->\u003C!-- ngIf: data.currentView === 'day' -->\u003Ctr data-ng-if=\"data.currentView === 'day'\" data-ng-repeat=\"week in data.weeks\" class=\"ng-scope\">           \u003C!-- ngRepeat: dateObject in week.dates -->\u003Ctd data-ng-repeat=\"dateObject in week.dates\" data-ng-click=\"changeView(data.nextView, dateObject, $event)\" class=\"day ng-binding ng-scope\" data-ng-class=\"{active: dateObject.active, past: dateObject.past, future: dateObject.future, disabled: !dateObject.selectable}\">5\u003C/td>\u003C!-- end ngRepeat: dateObject in week.dates -->\u003Ctd data-ng-repeat=\"dateObject in week.dates\" data-ng-click=\"changeView(data.nextView, dateObject, $event)\" class=\"day ng-binding ng-scope\" data-ng-class=\"{active: dateObject.active, past: dateObject.past, future: dateObject.future, disabled: !dateObject.selectable}\">6\u003C/td>\u003C!-- end ngRepeat: dateObject in week.dates -->\u003Ctd data-ng-repeat=\"dateObject in week.dates\" data-ng-click=\"changeView(data.nextView, dateObject, $event)\" class=\"day ng-binding ng-scope\" data-ng-class=\"{active: dateObject.active, past: dateObject.past, future: dateObject.future, disabled: !dateObject.selectable}\">7\u003C/td>\u003C!-- end ngRepeat: dateObject in week.dates -->\u003Ctd data-ng-repeat=\"dateObject in week.dates\" data-ng-click=\"changeView(data.nextView, dateObject, $event)\" class=\"day ng-binding ng-scope\" data-ng-class=\"{active: dateObject.active, past: dateObject.past, future: dateObject.future, disabled: !dateObject.selectable}\">8\u003C/td>\u003C!-- end ngRepeat: dateObject in week.dates -->\u003Ctd data-ng-repeat=\"dateObject in week.dates\" data-ng-click=\"changeView(data.nextView, dateObject, $event)\" class=\"day ng-binding ng-scope\" data-ng-class=\"{active: dateObject.active, past: dateObject.past, future: dateObject.future, disabled: !dateObject.selectable}\">9\u003C/td>\u003C!-- end ngRepeat: dateObject in week.dates -->\u003Ctd data-ng-repeat=\"dateObject in week.dates\" data-ng-click=\"changeView(data.nextView, dateObject, $event)\" class=\"day ng-binding ng-scope\" data-ng-class=\"{active: dateObject.active, past: dateObject.past, future: dateObject.future, disabled: !dateObject.selectable}\">10\u003C/td>\u003C!-- end ngRepeat: dateObject in week.dates -->\u003Ctd data-ng-repeat=\"dateObject in week.dates\" data-ng-click=\"changeView(data.nextView, dateObject, $event)\" class=\"day ng-binding ng-scope\" data-ng-class=\"{active: dateObject.active, past: dateObject.past, future: dateObject.future, disabled: !dateObject.selectable}\">11\u003C/td>\u003C!-- end ngRepeat: dateObject in week.dates -->       \u003C/tr>\u003C!-- end ngIf: data.currentView === 'day' -->\u003C!-- end ngRepeat: week in data.weeks -->\u003C!-- ngIf: data.currentView === 'day' -->\u003Ctr data-ng-if=\"data.currentView === 'day'\" data-ng-repeat=\"week in data.weeks\" class=\"ng-scope\">           \u003C!-- ngRepeat: dateObject in week.dates -->\u003Ctd data-ng-repeat=\"dateObject in week.dates\" data-ng-click=\"changeView(data.nextView, dateObject, $event)\" class=\"day ng-binding ng-scope\" data-ng-class=\"{active: dateObject.active, past: dateObject.past, future: dateObject.future, disabled: !dateObject.selectable}\">12\u003C/td>\u003C!-- end ngRepeat: dateObject in week.dates -->\u003Ctd data-ng-repeat=\"dateObject in week.dates\" data-ng-click=\"changeView(data.nextView, dateObject, $event)\" class=\"day ng-binding ng-scope\" data-ng-class=\"{active: dateObject.active, past: dateObject.past, future: dateObject.future, disabled: !dateObject.selectable}\">13\u003C/td>\u003C!-- end ngRepeat: dateObject in week.dates -->\u003Ctd data-ng-repeat=\"dateObject in week.dates\" data-ng-click=\"changeView(data.nextView, dateObject, $event)\" class=\"day ng-binding ng-scope\" data-ng-class=\"{active: dateObject.active, past: dateObject.past, future: dateObject.future, disabled: !dateObject.selectable}\">14\u003C/td>\u003C!-- end ngRepeat:"
11:29:26.049 [Forwarding getPageSource on session 24c56de00ffa00fe6118d27df9e3a356 to remote] DEBUG org.apache.http.wire - http-outgoing-8379 << " dateObject in week.dates -->\u003Ctd data-ng-repeat=\"dateObject in week.dates\" data-ng-click=\"changeView(data.nextView, dateObject, $event)\" class=\"day ng-binding ng-scope\" data-ng-class=\"{active: dateObject.active, past: dateObject.past, future: dateObject.future, disabled: !dateObject.selectable}\">15\u003C/td>\u003C!-- end ngRepeat: dateObject in week.dates -->\u003Ctd data-ng-repeat=\"dateObject in week.dates\" data-ng-click=\"changeView(data.nextView, dateObject, $event)\" class=\"day ng-binding ng-scope\" data-ng-class=\"{active: dateObject.active, past: dateObject.past, future: dateObject.future, disabled: !dateObject.selectable}\">16\u003C/td>\u003C!-- end ngRepeat: dateObject in week.dates -->\u003Ctd data-ng-repeat=\"dateObject in week.dates\" data-ng-click=\"changeView(data.nextView, dateObject, $event)\" class=\"day ng-binding ng-scope\" data-ng-class=\"{active: dateObject.active, past: dateObject.past, future: dateObject.future, disabled: !dateObject.selectable}\">17\u003C/td>\u003C!-- end ngRepeat: dateObject in week.dates -->\u003Ctd data-ng-repeat=\"dateObject in week.dates\" data-ng-click=\"changeView(data.nextView, dateObject, $event)\" class=\"day ng-binding ng-scope\" data-ng-class=\"{active: dateObject.active, past: dateObject.past, future: dateObject.future, disabled: !dateObject.selectable}\">18\u003C/td>\u003C!-- end ngRepeat: dateObject in week.dates -->       \u003C/tr>\u003C!-- end ngIf: data.currentView === 'day' -->\u003C!-- end ngRepeat: week in data.weeks -->\u003C!-- ngIf: data.currentView === 'day' -->\u003Ctr data-ng-if=\"data.currentView === 'day'\" data-ng-repeat=\"week in data.weeks\" class=\"ng-scope\">           \u003C!-- ngRepeat: dateObject in week.dates -->\u003Ctd data-ng-repeat=\"dateObject in week.dates\" data-ng-click=\"changeView(data.nextView, dateObject, $event)\" class=\"day ng-binding ng-scope\" data-ng-class=\"{active: dateObject.active, past: dateObject.past, future: dateObject.future, disabled: !dateObject.selectable}\">19\u003C/td>\u003C!-- end ngRepeat: dateObject in week.dates -->\u003Ctd data-ng-repeat=\"dateObject in week.dates\" data-ng-click=\"changeView(data.nextView, dateObject, $event)\" class=\"day ng-binding ng-scope\" data-ng-class=\"{active: dateObject.active, past: dateObject.past, future: dateObject.future, disabled: !dateObject.selectable}\">20\u003C/td>\u003C!-- end ngRepeat: dateObject in week.dates -->\u003Ctd data-ng-repeat=\"dateObject in week.dates\" data-ng-click=\"changeView(data.nextView, dateObject, $event)\" class=\"day ng-binding ng-scope\" data-ng-class=\"{active: dateObject.active, past: dateObject.past, future: dateObject.future, disabled: !dateObject.selectable}\">21\u003C/td>\u003C!-- end ngRepeat: dateObject in week.dates -->\u003Ctd data-ng-repeat=\"dateObject in week.dates\" data-ng-click=\"changeView(data.nextView, dateObject, $event)\" class=\"day ng-binding ng-scope\" data-ng-class=\"{active: dateObject.active, past: dateObject.past, future: dateObject.future, disabled: !dateObject.selectable}\">22\u003C/td>\u003C!-- end ngRepeat: dateObject in week.dates -->\u003Ctd data-ng-repeat=\"dateObject in week.dates\" data-ng-click=\"changeView(data.nextView, dateObject, $event)\" class=\"day ng-binding ng-scope\" data-ng-class=\"{active: dateObject.active, past: dateObject.past, future: dateObject.future, disabled: !dateObject.selectable}\">23\u003C/td>\u003C!-- end ngRepeat: dateObject in week.dates -->\u003Ctd data-ng-repeat=\"dateObject in week.dates\" data-ng-click=\"changeView(data.nextView, dateObject, $event)\" class=\"day ng-binding ng-scope\" data-ng-class=\"{active: dateObject.active, past: dateObject.past, future: dateObject.future, disabled: !dateObject.selectable}\">24\u003C/td>\u003C!-- end ngRepeat: dateObject in week.dates -->\u003Ctd data-ng-repeat=\"dateObject in week.dates\" data-ng-click=\"changeView(data.nextView, dateObject, $event)\" class=\"day ng-binding ng-scope\" data-ng-class=\"{active: dateObject.active, past: dateObject.past, future: dateObject.future, disabled: !dateObject.selectable}\">25\u003C/t"
11:29:26.049 [Forwarding getPageSource on session 24c56de00ffa00fe6118d27df9e3a356 to remote] DEBUG org.apache.http.wire - http-outgoing-8379 << "d>\u003C!-- end ngRepeat: dateObject in week.dates -->       \u003C/tr>\u003C!-- end ngIf: data.currentView === 'day' -->\u003C!-- end ngRepeat: week in data.weeks -->\u003C!-- ngIf: data.currentView === 'day' -->\u003Ctr data-ng-if=\"data.currentView === 'day'\" data-ng-repeat=\"week in data.weeks\" class=\"ng-scope\">           \u003C!-- ngRepeat: dateObject in week.dates -->\u003Ctd data-ng-repeat=\"dateObject in week.dates\" data-ng-click=\"changeView(data.nextView, dateObject, $event)\" class=\"day ng-binding ng-scope\" data-ng-class=\"{active: dateObject.active, past: dateObject.past, future: dateObject.future, disabled: !dateObject.selectable}\">26\u003C/td>\u003C!-- end ngRepeat: dateObject in week.dates -->\u003Ctd data-ng-repeat=\"dateObject in week.dates\" data-ng-click=\"changeView(data.nextView, dateObject, $event)\" class=\"day ng-binding ng-scope\" data-ng-class=\"{active: dateObject.active, past: dateObject.past, future: dateObject.future, disabled: !dateObject.selectable}\">27\u003C/td>\u003C!-- end ngRepeat: dateObject in week.dates -->\u003Ctd data-ng-repeat=\"dateObject in week.dates\" data-ng-click=\"changeView(data.nextView, dateObject, $event)\" class=\"day ng-binding ng-scope\" data-ng-class=\"{active: dateObject.active, past: dateObject.past, future: dateObject.future, disabled: !dateObject.selectable}\">28\u003C/td>\u003C!-- end ngRepeat: dateObject in week.dates -->\u003Ctd data-ng-repeat=\"dateObject in week.dates\" data-ng-click=\"changeView(data.nextView, dateObject, $event)\" class=\"day ng-binding ng-scope\" data-ng-class=\"{active: dateObject.active, past: dateObject.past, future: dateObject.future, disabled: !dateObject.selectable}\">29\u003C/td>\u003C!-- end ngRepeat: dateObject in week.dates -->\u003Ctd data-ng-repeat=\"dateObject in week.dates\" data-ng-click=\"changeView(data.nextView, dateObject, $event)\" class=\"day ng-binding ng-scope\" data-ng-class=\"{active: dateObject.active, past: dateObject.past, future: dateObject.future, disabled: !dateObject.selectable}\">30\u003C/td>\u003C!-- end ngRepeat: dateObject in week.dates -->\u003Ctd data-ng-repeat=\"dateObject in week.dates\" data-ng-click=\"changeView(data.nextView, dateObject, $event)\" class=\"day ng-binding ng-scope\" data-ng-class=\"{active: dateObject.active, past: dateObject.past, future: dateObject.future, disabled: !dateObject.selectable}\">31\u003C/td>\u003C!-- end ngRepeat: dateObject in week.dates -->\u003Ctd data-ng-repeat=\"dateObject in week.dates\" data-ng-click=\"changeView(data.nextView, dateObject, $event)\" class=\"day ng-binding ng-scope future\" data-ng-class=\"{active: dateObject.active, past: dateObject.past, future: dateObject.future, disabled: !dateObject.selectable}\">1\u003C/td>\u003C!-- end ngRepeat: dateObject in week.dates -->       \u003C/tr>\u003C!-- end ngIf: data.currentView === 'day' -->\u003C!-- end ngRepeat: week in data.weeks -->\u003C!-- ngIf: data.currentView === 'day' -->\u003Ctr data-ng-if=\"data.currentView === 'day'\" data-ng-repeat=\"week in data.weeks\" class=\"ng-scope\">           \u003C!-- ngRepeat: dateObject in week.dates -->\u003Ctd data-ng-repeat=\"dateObject in week.dates\" data-ng-click=\"changeView(data.nextView, dateObject, $event)\" class=\"day ng-binding ng-scope future\" data-ng-class=\"{active: dateObject.active, past: dateObject.past, future: dateObject.future, disabled: !dateObject.selectable}\">2\u003C/td>\u003C!-- end ngRepeat: dateObject in week.dates -->\u003Ctd data-ng-repeat=\"dateObject in week.dates\" data-ng-click=\"changeView(data.nextView, dateObject, $event)\" class=\"day ng-binding ng-scope future\" data-ng-class=\"{active: dateObject.active, past: dateObject.past, future: dateObject.future, disabled: !dateObject.selectable}\">3\u003C/td>\u003C!-- end ngRepeat: dateObject in week.dates -->\u003Ctd data-ng-repeat=\"dateObject in week.dates\" data-ng-click=\"changeView(data.nextView, dateObject, $event)\" class=\"day ng-binding ng-scope future\" data-ng-class=\"{active: dateObject.active, past: dateObject.past, future: dateObject.future, disabled: !date"
11:29:26.050 [Forwarding getPageSource on session 24c56de00ffa00fe6118d27df9e3a356 to remote] DEBUG org.apache.http.wire - http-outgoing-8379 << "Object.selectable}\">4\u003C/td>\u003C!-- end ngRepeat: dateObject in week.dates -->\u003Ctd data-ng-repeat=\"dateObject in week.dates\" data-ng-click=\"changeView(data.nextView, dateObject, $event)\" class=\"day ng-binding ng-scope future\" data-ng-class=\"{active: dateObject.active, past: dateObject.past, future: dateObject.future, disabled: !dateObject.selectable}\">5\u003C/td>\u003C!-- end ngRepeat: dateObject in week.dates -->\u003Ctd data-ng-repeat=\"dateObject in week.dates\" data-ng-click=\"changeView(data.nextView, dateObject, $event)\" class=\"day ng-binding ng-scope future\" data-ng-class=\"{active: dateObject.active, past: dateObject.past, future: dateObject.future, disabled: !dateObject.selectable}\">6\u003C/td>\u003C!-- end ngRepeat: dateObject in week.dates -->\u003Ctd data-ng-repeat=\"dateObject in week.dates\" data-ng-click=\"changeView(data.nextView, dateObject, $event)\" class=\"day ng-binding ng-scope future\" data-ng-class=\"{active: dateObject.active, past: dateObject.past, future: dateObject.future, disabled: !dateObject.selectable}\">7\u003C/td>\u003C!-- end ngRepeat: dateObject in week.dates -->\u003Ctd data-ng-repeat=\"dateObject in week.dates\" data-ng-click=\"changeView(data.nextView, dateObject, $event)\" class=\"day ng-binding ng-scope future\" data-ng-class=\"{active: dateObject.active, past: dateObject.past, future: dateObject.future, disabled: !dateObject.selectable}\">8\u003C/td>\u003C!-- end ngRepeat: dateObject in week.dates -->       \u003C/tr>\u003C!-- end ngIf: data.currentView === 'day' -->\u003C!-- end ngRepeat: week in data.weeks -->   \u003C/tbody>\u003C/table>\u003C/div>\u003C/ul> \u003C/div> \u003C/div> \u003Cdiv class=\"form-group\"> \u003Clabel>Status\u003C/label> \u003Cselect id=\"status\" class=\"form-control ng-pristine ng-untouched ng-valid\" data-ng-model=\"search.active\"> \u003Coption name=\"All\" value=\"\">All \u003C/option>\u003Coption name=\"Active\" value=\"true\">Active \u003C/option>\u003Coption name=\"Inactive\" value=\"false\">Inactive \u003C/option>\u003C/select> \u003C/div> \u003Cdiv class=\"form-group\"> \u003Clabel for=\"type\">Type\u003C/label> \u003Cselect id=\"type\" name=\"search.type\" class=\"form-control ng-pristine ng-untouched ng-valid\" ng-model=\"search.type\" ng-options=\"campaignType.key as campaignType.value for campaignType in campaignTypes\">\u003Coption value=\"string:\" label=\"All\" selected=\"selected\">All\u003C/option>\u003Coption value=\"string:PROMO_CODE\" label=\"Promo Code\">Promo Code\u003C/option>\u003Coption value=\"string:SINGLE_USE_TRANSFERABLE\" label=\"Single Use Transferable\">Single Use Transferable\u003C/option>\u003Coption value=\"string:SINGLE_USE_NON_TRANSFERABLE\" label=\"Single Use Non-Transferable\">Single Use Non-Transferable\u003C/option>\u003Coption value=\"string:GIFTING\" label=\"Gifting\">Gifting\u003C/option>\u003C/select> \u003C/div> \u003Cbutton type=\"submit\" class=\"btn btn-primary filter\" ng-click=\"searchForm.$valid &amp;&amp; updateFilter()\" ng-disabled=\"!searchForm.$valid\">Filter Campaigns \u003C/button> \u003Cbutton type=\"submit\" class=\"btn btn-default clear\" ng-click=\"clearFilter()\">Clear Filter\u003C/button> \u003C/div> \u003C/form> \u003C/div> \u003Cdiv class=\"row ng-scope\"> \u003Cdiv class=\"col-md-12\"> \u003Ca style=\"cursor: pointer\" ng-click=\"showFilters=!showFilters\" class=\"ng-binding\">Show Advanced Filters\u003C/a> \u003C/div> \u003C/div> \u003Cdiv class=\"row ng-scope\"> \u003Cdiv class=\"col-md-12\"> \u003Ctable class=\"table campaign-list\" id=\"campaign-list\"> \u003Cthead> \u003Ctr> \u003Cth>Name \u003C/th>\u003Cth>State \u003C/th>\u003Cth>Type \u003C/th>\u003Cth>Start \u003C/th>\u003Cth>End \u003C/th>\u003Cth>Vouchers \u003C/th>\u003Cth>Redemption Cap \u003C/th>\u003Cth>Redeemed   \u003C/th>\u003C/tr>\u003C/thead>\u003Ctbody> \u003C!-- ngRepeat: campaign in campaigns | itemsPerPage: 25 -->\u003C/tbody>\u003C/table> \u003C/div> \u003C/div> \u003Cdiv dir-pagination-controls=\"\" class=\"col-lg-12 paginationList ng-scope ng-isolate-scope\" on-page-change=\"pageChanged"
11:29:26.050 [Forwarding getPageSource on session 24c56de00ffa00fe6118d27df9e3a356 to remote] DEBUG org.apache.http.wire - http-outgoing-8379 << "(newPageNumber)\">\u003C!-- ngIf: 1 \u003C pages.length -->\u003C/div>\u003C/div> \u003Cdiv class=\"footer\">\u003C/div> \u003C/div> \u003C!--[if lt IE 9]>\n    \u003Cscript src=\"scripts/ie-include.f36418f6.js\">\u003C/script>\n    \u003C![endif]--> \u003Cscript src=\"scripts/vendor.d6d66745.js\">\u003C/script> \u003Cscript src=\"scripts/scripts.3c00b7f2.js\">\u003C/script> \u003Cscript src=\"/config\">\u003C/script>  \u003C/body>\u003C/html>"}"
11:29:26.050 [Forwarding getPageSource on session 24c56de00ffa00fe6118d27df9e3a356 to remote] DEBUG o.a.h.i.c.DefaultManagedHttpClientConnection - http-outgoing-8379: Shutdown connection
11:29:26.050 [Forwarding getPageSource on session 24c56de00ffa00fe6118d27df9e3a356 to remote] DEBUG o.a.h.impl.execchain.MainClientExec - Connection discarded
11:29:26.050 [Forwarding getPageSource on session 24c56de00ffa00fe6118d27df9e3a356 to remote] DEBUG o.a.h.i.c.DefaultManagedHttpClientConnection - http-outgoing-8379: Close connection
11:29:26.050 [Forwarding getPageSource on session 24c56de00ffa00fe6118d27df9e3a356 to remote] DEBUG o.a.h.i.c.PoolingHttpClientConnectionManager - Connection released: [id: 8379][route: {}->http://localhost:5387][total kept alive: 0; route allocated: 0 of 2000; total allocated: 0 of 2000]
]]></system-out>
  <system-err><![CDATA[]]></system-err>
</testsuite>
