<?xml version="1.0" encoding="UTF-8"?>
<testsuite name="Scenario: Search Invalid Account ID with SUNT Vouchers" tests="7" skipped="0" failures="0" errors="0" timestamp="2015-07-07T10:27:07" hostname="jov-HP-Z220-CMT-Workstation" time="1.056">
  <properties/>
  <testcase name="When I go to the Home page" classname="Scenario: Search Invalid Account ID with SUNT Vouchers" time="0.0"/>
  <testcase name="And the browser is at the Home page" classname="Scenario: Search Invalid Account ID with SUNT Vouchers" time="0.0"/>
  <testcase name="And I go to the Search Account page" classname="Scenario: Search Invalid Account ID with SUNT Vouchers" time="0.0"/>
  <testcase name="And I enter the values" classname="Scenario: Search Invalid Account ID with SUNT Vouchers" time="0.0"/>
  <testcase name="And I click the Search Account button" classname="Scenario: Search Invalid Account ID with SUNT Vouchers" time="0.0"/>
  <testcase name="Then the error &quot;Unknown account or no vouchers associated with account '90909090'&quot; is displayed on the page" classname="Scenario: Search Invalid Account ID with SUNT Vouchers" time="0.0"/>
  <testcase name="classMethod" classname="Scenario: Search Invalid Account ID with SUNT Vouchers" time="1.861"/>
  <system-out><![CDATA[11:27:06.230 [Test worker] DEBUG o.s.b.f.s.DefaultListableBeanFactory - Creating instance of bean 'com.nowtv.pav.test.steps.GenericSteps'
11:27:06.231 [Test worker] DEBUG o.s.b.f.s.DefaultListableBeanFactory - Finished creating instance of bean 'com.nowtv.pav.test.steps.GenericSteps'
11:27:06.231 [Forwarding maximizeWindow on session 24c56de00ffa00fe6118d27df9e3a356 to remote] DEBUG o.a.h.c.protocol.RequestAddCookies - CookieSpec selected: best-match
11:27:06.231 [Forwarding maximizeWindow on session 24c56de00ffa00fe6118d27df9e3a356 to remote] DEBUG o.a.h.c.protocol.RequestAuthCache - Auth cache not set in the context
11:27:06.231 [Forwarding maximizeWindow on session 24c56de00ffa00fe6118d27df9e3a356 to remote] DEBUG o.a.h.i.c.PoolingHttpClientConnectionManager - Connection request: [route: {}->http://localhost:5387][total kept alive: 0; route allocated: 0 of 2000; total allocated: 0 of 2000]
11:27:06.231 [Forwarding maximizeWindow on session 24c56de00ffa00fe6118d27df9e3a356 to remote] DEBUG o.a.h.i.c.PoolingHttpClientConnectionManager - Connection leased: [id: 3513][route: {}->http://localhost:5387][total kept alive: 0; route allocated: 1 of 2000; total allocated: 1 of 2000]
11:27:06.231 [Forwarding maximizeWindow on session 24c56de00ffa00fe6118d27df9e3a356 to remote] DEBUG o.a.h.impl.execchain.MainClientExec - Opening connection {}->http://localhost:5387
11:27:06.231 [Forwarding maximizeWindow on session 24c56de00ffa00fe6118d27df9e3a356 to remote] DEBUG o.a.h.i.c.HttpClientConnectionOperator - Connecting to localhost/127.0.0.1:5387
11:27:06.231 [Forwarding maximizeWindow on session 24c56de00ffa00fe6118d27df9e3a356 to remote] DEBUG o.a.h.i.c.HttpClientConnectionOperator - Connection established 127.0.0.1:46614<->127.0.0.1:5387
11:27:06.231 [Forwarding maximizeWindow on session 24c56de00ffa00fe6118d27df9e3a356 to remote] DEBUG o.a.h.impl.execchain.MainClientExec - Executing request POST /session/24c56de00ffa00fe6118d27df9e3a356/window/current/maximize HTTP/1.1
11:27:06.231 [Forwarding maximizeWindow on session 24c56de00ffa00fe6118d27df9e3a356 to remote] DEBUG o.a.h.impl.execchain.MainClientExec - Target auth state: UNCHALLENGED
11:27:06.231 [Forwarding maximizeWindow on session 24c56de00ffa00fe6118d27df9e3a356 to remote] DEBUG o.a.h.impl.execchain.MainClientExec - Proxy auth state: UNCHALLENGED
11:27:06.231 [Forwarding maximizeWindow on session 24c56de00ffa00fe6118d27df9e3a356 to remote] DEBUG org.apache.http.headers - http-outgoing-3513 >> POST /session/24c56de00ffa00fe6118d27df9e3a356/window/current/maximize HTTP/1.1
11:27:06.231 [Forwarding maximizeWindow on session 24c56de00ffa00fe6118d27df9e3a356 to remote] DEBUG org.apache.http.headers - http-outgoing-3513 >> Content-Type: application/json; charset=utf-8
11:27:06.231 [Forwarding maximizeWindow on session 24c56de00ffa00fe6118d27df9e3a356 to remote] DEBUG org.apache.http.headers - http-outgoing-3513 >> Content-Length: 26
11:27:06.231 [Forwarding maximizeWindow on session 24c56de00ffa00fe6118d27df9e3a356 to remote] DEBUG org.apache.http.headers - http-outgoing-3513 >> Host: localhost:5387
11:27:06.231 [Forwarding maximizeWindow on session 24c56de00ffa00fe6118d27df9e3a356 to remote] DEBUG org.apache.http.headers - http-outgoing-3513 >> Connection: Keep-Alive
11:27:06.231 [Forwarding maximizeWindow on session 24c56de00ffa00fe6118d27df9e3a356 to remote] DEBUG org.apache.http.headers - http-outgoing-3513 >> User-Agent: Apache-HttpClient/4.3.4 (java 1.5)
11:27:06.231 [Forwarding maximizeWindow on session 24c56de00ffa00fe6118d27df9e3a356 to remote] DEBUG org.apache.http.headers - http-outgoing-3513 >> Accept-Encoding: gzip,deflate
11:27:06.231 [Forwarding maximizeWindow on session 24c56de00ffa00fe6118d27df9e3a356 to remote] DEBUG org.apache.http.wire - http-outgoing-3513 >> "POST /session/24c56de00ffa00fe6118d27df9e3a356/window/current/maximize HTTP/1.1[\r][\n]"
11:27:06.231 [Forwarding maximizeWindow on session 24c56de00ffa00fe6118d27df9e3a356 to remote] DEBUG org.apache.http.wire - http-outgoing-3513 >> "Content-Type: application/json; charset=utf-8[\r][\n]"
11:27:06.231 [Forwarding maximizeWindow on session 24c56de00ffa00fe6118d27df9e3a356 to remote] DEBUG org.apache.http.wire - http-outgoing-3513 >> "Content-Length: 26[\r][\n]"
11:27:06.231 [Forwarding maximizeWindow on session 24c56de00ffa00fe6118d27df9e3a356 to remote] DEBUG org.apache.http.wire - http-outgoing-3513 >> "Host: localhost:5387[\r][\n]"
11:27:06.231 [Forwarding maximizeWindow on session 24c56de00ffa00fe6118d27df9e3a356 to remote] DEBUG org.apache.http.wire - http-outgoing-3513 >> "Connection: Keep-Alive[\r][\n]"
11:27:06.231 [Forwarding maximizeWindow on session 24c56de00ffa00fe6118d27df9e3a356 to remote] DEBUG org.apache.http.wire - http-outgoing-3513 >> "User-Agent: Apache-HttpClient/4.3.4 (java 1.5)[\r][\n]"
11:27:06.231 [Forwarding maximizeWindow on session 24c56de00ffa00fe6118d27df9e3a356 to remote] DEBUG org.apache.http.wire - http-outgoing-3513 >> "Accept-Encoding: gzip,deflate[\r][\n]"
11:27:06.231 [Forwarding maximizeWindow on session 24c56de00ffa00fe6118d27df9e3a356 to remote] DEBUG org.apache.http.wire - http-outgoing-3513 >> "[\r][\n]"
11:27:06.231 [Forwarding maximizeWindow on session 24c56de00ffa00fe6118d27df9e3a356 to remote] DEBUG org.apache.http.wire - http-outgoing-3513 >> "{"windowHandle":"current"}"
11:27:06.337 [Forwarding maximizeWindow on session 24c56de00ffa00fe6118d27df9e3a356 to remote] DEBUG org.apache.http.wire - http-outgoing-3513 << "HTTP/1.1 200 OK[\r][\n]"
11:27:06.337 [Forwarding maximizeWindow on session 24c56de00ffa00fe6118d27df9e3a356 to remote] DEBUG org.apache.http.wire - http-outgoing-3513 << "Content-Length:72[\r][\n]"
11:27:06.337 [Forwarding maximizeWindow on session 24c56de00ffa00fe6118d27df9e3a356 to remote] DEBUG org.apache.http.wire - http-outgoing-3513 << "Content-Type:application/json; charset=utf-8[\r][\n]"
11:27:06.337 [Forwarding maximizeWindow on session 24c56de00ffa00fe6118d27df9e3a356 to remote] DEBUG org.apache.http.wire - http-outgoing-3513 << "Connection:close[\r][\n]"
11:27:06.337 [Forwarding maximizeWindow on session 24c56de00ffa00fe6118d27df9e3a356 to remote] DEBUG org.apache.http.wire - http-outgoing-3513 << "[\r][\n]"
11:27:06.337 [Forwarding maximizeWindow on session 24c56de00ffa00fe6118d27df9e3a356 to remote] DEBUG org.apache.http.wire - http-outgoing-3513 << "{"sessionId":"24c56de00ffa00fe6118d27df9e3a356","status":0,"value":null}"
11:27:06.337 [Forwarding maximizeWindow on session 24c56de00ffa00fe6118d27df9e3a356 to remote] DEBUG org.apache.http.headers - http-outgoing-3513 << HTTP/1.1 200 OK
11:27:06.337 [Forwarding maximizeWindow on session 24c56de00ffa00fe6118d27df9e3a356 to remote] DEBUG org.apache.http.headers - http-outgoing-3513 << Content-Length:72
11:27:06.337 [Forwarding maximizeWindow on session 24c56de00ffa00fe6118d27df9e3a356 to remote] DEBUG org.apache.http.headers - http-outgoing-3513 << Content-Type:application/json; charset=utf-8
11:27:06.337 [Forwarding maximizeWindow on session 24c56de00ffa00fe6118d27df9e3a356 to remote] DEBUG org.apache.http.headers - http-outgoing-3513 << Connection:close
11:27:06.337 [Forwarding maximizeWindow on session 24c56de00ffa00fe6118d27df9e3a356 to remote] DEBUG o.a.h.i.c.DefaultManagedHttpClientConnection - http-outgoing-3513: Shutdown connection
11:27:06.337 [Forwarding maximizeWindow on session 24c56de00ffa00fe6118d27df9e3a356 to remote] DEBUG o.a.h.impl.execchain.MainClientExec - Connection discarded
11:27:06.337 [Forwarding maximizeWindow on session 24c56de00ffa00fe6118d27df9e3a356 to remote] DEBUG o.a.h.i.c.DefaultManagedHttpClientConnection - http-outgoing-3513: Close connection
11:27:06.337 [Forwarding maximizeWindow on session 24c56de00ffa00fe6118d27df9e3a356 to remote] DEBUG o.a.h.i.c.PoolingHttpClientConnectionManager - Connection released: [id: 3513][route: {}->http://localhost:5387][total kept alive: 0; route allocated: 0 of 2000; total allocated: 0 of 2000]
11:27:06.338 [Forwarding get on session 24c56de00ffa00fe6118d27df9e3a356 to remote] DEBUG o.a.h.c.protocol.RequestAddCookies - CookieSpec selected: best-match
11:27:06.338 [Forwarding get on session 24c56de00ffa00fe6118d27df9e3a356 to remote] DEBUG o.a.h.c.protocol.RequestAuthCache - Auth cache not set in the context
11:27:06.338 [Forwarding get on session 24c56de00ffa00fe6118d27df9e3a356 to remote] DEBUG o.a.h.i.c.PoolingHttpClientConnectionManager - Connection request: [route: {}->http://localhost:5387][total kept alive: 0; route allocated: 0 of 2000; total allocated: 0 of 2000]
11:27:06.338 [Forwarding get on session 24c56de00ffa00fe6118d27df9e3a356 to remote] DEBUG o.a.h.i.c.PoolingHttpClientConnectionManager - Connection leased: [id: 3514][route: {}->http://localhost:5387][total kept alive: 0; route allocated: 1 of 2000; total allocated: 1 of 2000]
11:27:06.338 [Forwarding get on session 24c56de00ffa00fe6118d27df9e3a356 to remote] DEBUG o.a.h.impl.execchain.MainClientExec - Opening connection {}->http://localhost:5387
11:27:06.338 [Forwarding get on session 24c56de00ffa00fe6118d27df9e3a356 to remote] DEBUG o.a.h.i.c.HttpClientConnectionOperator - Connecting to localhost/127.0.0.1:5387
11:27:06.338 [Forwarding get on session 24c56de00ffa00fe6118d27df9e3a356 to remote] DEBUG o.a.h.i.c.HttpClientConnectionOperator - Connection established 127.0.0.1:46615<->127.0.0.1:5387
11:27:06.338 [Forwarding get on session 24c56de00ffa00fe6118d27df9e3a356 to remote] DEBUG o.a.h.impl.execchain.MainClientExec - Executing request POST /session/24c56de00ffa00fe6118d27df9e3a356/url HTTP/1.1
11:27:06.338 [Forwarding get on session 24c56de00ffa00fe6118d27df9e3a356 to remote] DEBUG o.a.h.impl.execchain.MainClientExec - Target auth state: UNCHALLENGED
11:27:06.338 [Forwarding get on session 24c56de00ffa00fe6118d27df9e3a356 to remote] DEBUG o.a.h.impl.execchain.MainClientExec - Proxy auth state: UNCHALLENGED
11:27:06.338 [Forwarding get on session 24c56de00ffa00fe6118d27df9e3a356 to remote] DEBUG org.apache.http.headers - http-outgoing-3514 >> POST /session/24c56de00ffa00fe6118d27df9e3a356/url HTTP/1.1
11:27:06.338 [Forwarding get on session 24c56de00ffa00fe6118d27df9e3a356 to remote] DEBUG org.apache.http.headers - http-outgoing-3514 >> Content-Type: application/json; charset=utf-8
11:27:06.338 [Forwarding get on session 24c56de00ffa00fe6118d27df9e3a356 to remote] DEBUG org.apache.http.headers - http-outgoing-3514 >> Content-Length: 80
11:27:06.338 [Forwarding get on session 24c56de00ffa00fe6118d27df9e3a356 to remote] DEBUG org.apache.http.headers - http-outgoing-3514 >> Host: localhost:5387
11:27:06.338 [Forwarding get on session 24c56de00ffa00fe6118d27df9e3a356 to remote] DEBUG org.apache.http.headers - http-outgoing-3514 >> Connection: Keep-Alive
11:27:06.338 [Forwarding get on session 24c56de00ffa00fe6118d27df9e3a356 to remote] DEBUG org.apache.http.headers - http-outgoing-3514 >> User-Agent: Apache-HttpClient/4.3.4 (java 1.5)
11:27:06.339 [Forwarding get on session 24c56de00ffa00fe6118d27df9e3a356 to remote] DEBUG org.apache.http.headers - http-outgoing-3514 >> Accept-Encoding: gzip,deflate
11:27:06.339 [Forwarding get on session 24c56de00ffa00fe6118d27df9e3a356 to remote] DEBUG org.apache.http.wire - http-outgoing-3514 >> "POST /session/24c56de00ffa00fe6118d27df9e3a356/url HTTP/1.1[\r][\n]"
11:27:06.339 [Forwarding get on session 24c56de00ffa00fe6118d27df9e3a356 to remote] DEBUG org.apache.http.wire - http-outgoing-3514 >> "Content-Type: application/json; charset=utf-8[\r][\n]"
11:27:06.339 [Forwarding get on session 24c56de00ffa00fe6118d27df9e3a356 to remote] DEBUG org.apache.http.wire - http-outgoing-3514 >> "Content-Length: 80[\r][\n]"
11:27:06.339 [Forwarding get on session 24c56de00ffa00fe6118d27df9e3a356 to remote] DEBUG org.apache.http.wire - http-outgoing-3514 >> "Host: localhost:5387[\r][\n]"
11:27:06.339 [Forwarding get on session 24c56de00ffa00fe6118d27df9e3a356 to remote] DEBUG org.apache.http.wire - http-outgoing-3514 >> "Connection: Keep-Alive[\r][\n]"
11:27:06.339 [Forwarding get on session 24c56de00ffa00fe6118d27df9e3a356 to remote] DEBUG org.apache.http.wire - http-outgoing-3514 >> "User-Agent: Apache-HttpClient/4.3.4 (java 1.5)[\r][\n]"
11:27:06.339 [Forwarding get on session 24c56de00ffa00fe6118d27df9e3a356 to remote] DEBUG org.apache.http.wire - http-outgoing-3514 >> "Accept-Encoding: gzip,deflate[\r][\n]"
11:27:06.339 [Forwarding get on session 24c56de00ffa00fe6118d27df9e3a356 to remote] DEBUG org.apache.http.wire - http-outgoing-3514 >> "[\r][\n]"
11:27:06.339 [Forwarding get on session 24c56de00ffa00fe6118d27df9e3a356 to remote] DEBUG org.apache.http.wire - http-outgoing-3514 >> "{"url":"http://admin:pass@voucher-manager.snapshot.pv.nimbus-stage.cg.sky.com/"}"
11:27:06.508 [Forwarding get on session 24c56de00ffa00fe6118d27df9e3a356 to remote] DEBUG org.apache.http.wire - http-outgoing-3514 << "HTTP/1.1 200 OK[\r][\n]"
11:27:06.508 [Forwarding get on session 24c56de00ffa00fe6118d27df9e3a356 to remote] DEBUG org.apache.http.wire - http-outgoing-3514 << "Content-Length:72[\r][\n]"
11:27:06.508 [Forwarding get on session 24c56de00ffa00fe6118d27df9e3a356 to remote] DEBUG org.apache.http.wire - http-outgoing-3514 << "Content-Type:application/json; charset=utf-8[\r][\n]"
11:27:06.508 [Forwarding get on session 24c56de00ffa00fe6118d27df9e3a356 to remote] DEBUG org.apache.http.wire - http-outgoing-3514 << "Connection:close[\r][\n]"
11:27:06.508 [Forwarding get on session 24c56de00ffa00fe6118d27df9e3a356 to remote] DEBUG org.apache.http.wire - http-outgoing-3514 << "[\r][\n]"
11:27:06.508 [Forwarding get on session 24c56de00ffa00fe6118d27df9e3a356 to remote] DEBUG org.apache.http.wire - http-outgoing-3514 << "{"sessionId":"24c56de00ffa00fe6118d27df9e3a356","status":0,"value":null}"
11:27:06.508 [Forwarding get on session 24c56de00ffa00fe6118d27df9e3a356 to remote] DEBUG org.apache.http.headers - http-outgoing-3514 << HTTP/1.1 200 OK
11:27:06.508 [Forwarding get on session 24c56de00ffa00fe6118d27df9e3a356 to remote] DEBUG org.apache.http.headers - http-outgoing-3514 << Content-Length:72
11:27:06.508 [Forwarding get on session 24c56de00ffa00fe6118d27df9e3a356 to remote] DEBUG org.apache.http.headers - http-outgoing-3514 << Content-Type:application/json; charset=utf-8
11:27:06.508 [Forwarding get on session 24c56de00ffa00fe6118d27df9e3a356 to remote] DEBUG org.apache.http.headers - http-outgoing-3514 << Connection:close
11:27:06.508 [Forwarding get on session 24c56de00ffa00fe6118d27df9e3a356 to remote] DEBUG o.a.h.i.c.DefaultManagedHttpClientConnection - http-outgoing-3514: Shutdown connection
11:27:06.508 [Forwarding get on session 24c56de00ffa00fe6118d27df9e3a356 to remote] DEBUG o.a.h.impl.execchain.MainClientExec - Connection discarded
11:27:06.508 [Forwarding get on session 24c56de00ffa00fe6118d27df9e3a356 to remote] DEBUG o.a.h.i.c.DefaultManagedHttpClientConnection - http-outgoing-3514: Close connection
11:27:06.508 [Forwarding get on session 24c56de00ffa00fe6118d27df9e3a356 to remote] DEBUG o.a.h.i.c.PoolingHttpClientConnectionManager - Connection released: [id: 3514][route: {}->http://localhost:5387][total kept alive: 0; route allocated: 0 of 2000; total allocated: 0 of 2000]

  Scenario: Check the header navigation links       ?[90m# features/productionSafe.feature:6?[0m
    ?[32mWhen ?[0m?[32mI go to the ?[0m?[32m?[1mHome?[0m?[32m page?[0m                      ?[90m# GenericSteps.i_go_to_page(String)?[0m
    ?[32mThen ?[0m?[32mthe browser is at the ?[0m?[32m?[1mHome?[0m?[32m page?[0m            ?[90m# GenericSteps.the_browser_is_at_the_page(String)?[0m
    ?[32mWhen ?[0m?[32mI click on the ?[0m?[32m?[1mCampaigns?[0m?[32m link?[0m              ?[90m# GenericSteps.i_click_on_the_link(String)?[0m
    ?[32mThen ?[0m?[32mthe browser is at the ?[0m?[32m?[1mList Campaigns?[0m?[32m page?[0m  ?[90m# GenericSteps.the_browser_is_at_the_page(String)?[0m
    ?[32mWhen ?[0m?[32mI click on the ?[0m?[32m?[1mSearch Vouchers?[0m?[32m link?[0m        ?[90m# GenericSteps.i_click_on_the_link(String)?[0m
    ?[32mThen ?[0m?[32mthe browser is at the ?[0m?[32m?[1mSearch Vouchers?[0m?[32m page?[0m ?[90m# GenericSteps.the_browser_is_at_the_page(String)?[0m
11:27:06.511 [Forwarding get on session 24c56de00ffa00fe6118d27df9e3a356 to remote] DEBUG o.a.h.c.protocol.RequestAddCookies - CookieSpec selected: best-match
11:27:06.511 [Forwarding get on session 24c56de00ffa00fe6118d27df9e3a356 to remote] DEBUG o.a.h.c.protocol.RequestAuthCache - Auth cache not set in the context
11:27:06.511 [Forwarding get on session 24c56de00ffa00fe6118d27df9e3a356 to remote] DEBUG o.a.h.i.c.PoolingHttpClientConnectionManager - Connection request: [route: {}->http://localhost:5387][total kept alive: 0; route allocated: 0 of 2000; total allocated: 0 of 2000]
11:27:06.511 [Forwarding get on session 24c56de00ffa00fe6118d27df9e3a356 to remote] DEBUG o.a.h.i.c.PoolingHttpClientConnectionManager - Connection leased: [id: 3515][route: {}->http://localhost:5387][total kept alive: 0; route allocated: 1 of 2000; total allocated: 1 of 2000]
11:27:06.511 [Forwarding get on session 24c56de00ffa00fe6118d27df9e3a356 to remote] DEBUG o.a.h.impl.execchain.MainClientExec - Opening connection {}->http://localhost:5387
11:27:06.511 [Forwarding get on session 24c56de00ffa00fe6118d27df9e3a356 to remote] DEBUG o.a.h.i.c.HttpClientConnectionOperator - Connecting to localhost/127.0.0.1:5387
11:27:06.511 [Forwarding get on session 24c56de00ffa00fe6118d27df9e3a356 to remote] DEBUG o.a.h.i.c.HttpClientConnectionOperator - Connection established 127.0.0.1:46616<->127.0.0.1:5387
11:27:06.511 [Forwarding get on session 24c56de00ffa00fe6118d27df9e3a356 to remote] DEBUG o.a.h.impl.execchain.MainClientExec - Executing request POST /session/24c56de00ffa00fe6118d27df9e3a356/url HTTP/1.1
11:27:06.511 [Forwarding get on session 24c56de00ffa00fe6118d27df9e3a356 to remote] DEBUG o.a.h.impl.execchain.MainClientExec - Target auth state: UNCHALLENGED
11:27:06.511 [Forwarding get on session 24c56de00ffa00fe6118d27df9e3a356 to remote] DEBUG o.a.h.impl.execchain.MainClientExec - Proxy auth state: UNCHALLENGED
11:27:06.511 [Forwarding get on session 24c56de00ffa00fe6118d27df9e3a356 to remote] DEBUG org.apache.http.headers - http-outgoing-3515 >> POST /session/24c56de00ffa00fe6118d27df9e3a356/url HTTP/1.1
11:27:06.511 [Forwarding get on session 24c56de00ffa00fe6118d27df9e3a356 to remote] DEBUG org.apache.http.headers - http-outgoing-3515 >> Content-Type: application/json; charset=utf-8
11:27:06.511 [Forwarding get on session 24c56de00ffa00fe6118d27df9e3a356 to remote] DEBUG org.apache.http.headers - http-outgoing-3515 >> Content-Length: 83
11:27:06.511 [Forwarding get on session 24c56de00ffa00fe6118d27df9e3a356 to remote] DEBUG org.apache.http.headers - http-outgoing-3515 >> Host: localhost:5387
11:27:06.511 [Forwarding get on session 24c56de00ffa00fe6118d27df9e3a356 to remote] DEBUG org.apache.http.headers - http-outgoing-3515 >> Connection: Keep-Alive
11:27:06.511 [Forwarding get on session 24c56de00ffa00fe6118d27df9e3a356 to remote] DEBUG org.apache.http.headers - http-outgoing-3515 >> User-Agent: Apache-HttpClient/4.3.4 (java 1.5)
11:27:06.511 [Forwarding get on session 24c56de00ffa00fe6118d27df9e3a356 to remote] DEBUG org.apache.http.headers - http-outgoing-3515 >> Accept-Encoding: gzip,deflate
11:27:06.511 [Forwarding get on session 24c56de00ffa00fe6118d27df9e3a356 to remote] DEBUG org.apache.http.wire - http-outgoing-3515 >> "POST /session/24c56de00ffa00fe6118d27df9e3a356/url HTTP/1.1[\r][\n]"
11:27:06.511 [Forwarding get on session 24c56de00ffa00fe6118d27df9e3a356 to remote] DEBUG org.apache.http.wire - http-outgoing-3515 >> "Content-Type: application/json; charset=utf-8[\r][\n]"
11:27:06.511 [Forwarding get on session 24c56de00ffa00fe6118d27df9e3a356 to remote] DEBUG org.apache.http.wire - http-outgoing-3515 >> "Content-Length: 83[\r][\n]"
11:27:06.511 [Forwarding get on session 24c56de00ffa00fe6118d27df9e3a356 to remote] DEBUG org.apache.http.wire - http-outgoing-3515 >> "Host: localhost:5387[\r][\n]"
11:27:06.511 [Forwarding get on session 24c56de00ffa00fe6118d27df9e3a356 to remote] DEBUG org.apache.http.wire - http-outgoing-3515 >> "Connection: Keep-Alive[\r][\n]"
11:27:06.511 [Forwarding get on session 24c56de00ffa00fe6118d27df9e3a356 to remote] DEBUG org.apache.http.wire - http-outgoing-3515 >> "User-Agent: Apache-HttpClient/4.3.4 (java 1.5)[\r][\n]"
11:27:06.511 [Forwarding get on session 24c56de00ffa00fe6118d27df9e3a356 to remote] DEBUG org.apache.http.wire - http-outgoing-3515 >> "Accept-Encoding: gzip,deflate[\r][\n]"
11:27:06.511 [Forwarding get on session 24c56de00ffa00fe6118d27df9e3a356 to remote] DEBUG org.apache.http.wire - http-outgoing-3515 >> "[\r][\n]"
11:27:06.511 [Forwarding get on session 24c56de00ffa00fe6118d27df9e3a356 to remote] DEBUG org.apache.http.wire - http-outgoing-3515 >> "{"url":"http://voucher-manager-ui.snapshot.pv.nimbus-stage.cg.sky.com/#/campaigns"}"
11:27:06.812 [Forwarding get on session 24c56de00ffa00fe6118d27df9e3a356 to remote] DEBUG org.apache.http.wire - http-outgoing-3515 << "HTTP/1.1 200 OK[\r][\n]"
11:27:06.812 [Forwarding get on session 24c56de00ffa00fe6118d27df9e3a356 to remote] DEBUG org.apache.http.wire - http-outgoing-3515 << "Content-Length:72[\r][\n]"
11:27:06.812 [Forwarding get on session 24c56de00ffa00fe6118d27df9e3a356 to remote] DEBUG org.apache.http.wire - http-outgoing-3515 << "Content-Type:application/json; charset=utf-8[\r][\n]"
11:27:06.812 [Forwarding get on session 24c56de00ffa00fe6118d27df9e3a356 to remote] DEBUG org.apache.http.wire - http-outgoing-3515 << "Connection:close[\r][\n]"
11:27:06.812 [Forwarding get on session 24c56de00ffa00fe6118d27df9e3a356 to remote] DEBUG org.apache.http.wire - http-outgoing-3515 << "[\r][\n]"
11:27:06.812 [Forwarding get on session 24c56de00ffa00fe6118d27df9e3a356 to remote] DEBUG org.apache.http.wire - http-outgoing-3515 << "{"sessionId":"24c56de00ffa00fe6118d27df9e3a356","status":0,"value":null}"
11:27:06.812 [Forwarding get on session 24c56de00ffa00fe6118d27df9e3a356 to remote] DEBUG org.apache.http.headers - http-outgoing-3515 << HTTP/1.1 200 OK
11:27:06.812 [Forwarding get on session 24c56de00ffa00fe6118d27df9e3a356 to remote] DEBUG org.apache.http.headers - http-outgoing-3515 << Content-Length:72
11:27:06.812 [Forwarding get on session 24c56de00ffa00fe6118d27df9e3a356 to remote] DEBUG org.apache.http.headers - http-outgoing-3515 << Content-Type:application/json; charset=utf-8
11:27:06.812 [Forwarding get on session 24c56de00ffa00fe6118d27df9e3a356 to remote] DEBUG org.apache.http.headers - http-outgoing-3515 << Connection:close
11:27:06.812 [Forwarding get on session 24c56de00ffa00fe6118d27df9e3a356 to remote] DEBUG o.a.h.i.c.DefaultManagedHttpClientConnection - http-outgoing-3515: Shutdown connection
11:27:06.812 [Forwarding get on session 24c56de00ffa00fe6118d27df9e3a356 to remote] DEBUG o.a.h.impl.execchain.MainClientExec - Connection discarded
11:27:06.812 [Forwarding get on session 24c56de00ffa00fe6118d27df9e3a356 to remote] DEBUG o.a.h.i.c.DefaultManagedHttpClientConnection - http-outgoing-3515: Close connection
11:27:06.812 [Forwarding get on session 24c56de00ffa00fe6118d27df9e3a356 to remote] DEBUG o.a.h.i.c.PoolingHttpClientConnectionManager - Connection released: [id: 3515][route: {}->http://localhost:5387][total kept alive: 0; route allocated: 0 of 2000; total allocated: 0 of 2000]
11:27:06.813 [Forwarding getCurrentUrl on session 24c56de00ffa00fe6118d27df9e3a356 to remote] DEBUG o.a.h.c.protocol.RequestAddCookies - CookieSpec selected: best-match
11:27:06.813 [Forwarding getCurrentUrl on session 24c56de00ffa00fe6118d27df9e3a356 to remote] DEBUG o.a.h.c.protocol.RequestAuthCache - Auth cache not set in the context
11:27:06.813 [Forwarding getCurrentUrl on session 24c56de00ffa00fe6118d27df9e3a356 to remote] DEBUG o.a.h.i.c.PoolingHttpClientConnectionManager - Connection request: [route: {}->http://localhost:5387][total kept alive: 0; route allocated: 0 of 2000; total allocated: 0 of 2000]
11:27:06.813 [Forwarding getCurrentUrl on session 24c56de00ffa00fe6118d27df9e3a356 to remote] DEBUG o.a.h.i.c.PoolingHttpClientConnectionManager - Connection leased: [id: 3516][route: {}->http://localhost:5387][total kept alive: 0; route allocated: 1 of 2000; total allocated: 1 of 2000]
11:27:06.813 [Forwarding getCurrentUrl on session 24c56de00ffa00fe6118d27df9e3a356 to remote] DEBUG o.a.h.impl.execchain.MainClientExec - Opening connection {}->http://localhost:5387
11:27:06.813 [Forwarding getCurrentUrl on session 24c56de00ffa00fe6118d27df9e3a356 to remote] DEBUG o.a.h.i.c.HttpClientConnectionOperator - Connecting to localhost/127.0.0.1:5387
11:27:06.813 [Forwarding getCurrentUrl on session 24c56de00ffa00fe6118d27df9e3a356 to remote] DEBUG o.a.h.i.c.HttpClientConnectionOperator - Connection established 127.0.0.1:46617<->127.0.0.1:5387
11:27:06.813 [Forwarding getCurrentUrl on session 24c56de00ffa00fe6118d27df9e3a356 to remote] DEBUG o.a.h.impl.execchain.MainClientExec - Executing request GET /session/24c56de00ffa00fe6118d27df9e3a356/url HTTP/1.1
11:27:06.813 [Forwarding getCurrentUrl on session 24c56de00ffa00fe6118d27df9e3a356 to remote] DEBUG o.a.h.impl.execchain.MainClientExec - Target auth state: UNCHALLENGED
11:27:06.813 [Forwarding getCurrentUrl on session 24c56de00ffa00fe6118d27df9e3a356 to remote] DEBUG o.a.h.impl.execchain.MainClientExec - Proxy auth state: UNCHALLENGED
11:27:06.813 [Forwarding getCurrentUrl on session 24c56de00ffa00fe6118d27df9e3a356 to remote] DEBUG org.apache.http.headers - http-outgoing-3516 >> GET /session/24c56de00ffa00fe6118d27df9e3a356/url HTTP/1.1
11:27:06.813 [Forwarding getCurrentUrl on session 24c56de00ffa00fe6118d27df9e3a356 to remote] DEBUG org.apache.http.headers - http-outgoing-3516 >> Cache-Control: no-cache
11:27:06.813 [Forwarding getCurrentUrl on session 24c56de00ffa00fe6118d27df9e3a356 to remote] DEBUG org.apache.http.headers - http-outgoing-3516 >> Host: localhost:5387
11:27:06.813 [Forwarding getCurrentUrl on session 24c56de00ffa00fe6118d27df9e3a356 to remote] DEBUG org.apache.http.headers - http-outgoing-3516 >> Connection: Keep-Alive
11:27:06.813 [Forwarding getCurrentUrl on session 24c56de00ffa00fe6118d27df9e3a356 to remote] DEBUG org.apache.http.headers - http-outgoing-3516 >> User-Agent: Apache-HttpClient/4.3.4 (java 1.5)
11:27:06.813 [Forwarding getCurrentUrl on session 24c56de00ffa00fe6118d27df9e3a356 to remote] DEBUG org.apache.http.headers - http-outgoing-3516 >> Accept-Encoding: gzip,deflate
11:27:06.813 [Forwarding getCurrentUrl on session 24c56de00ffa00fe6118d27df9e3a356 to remote] DEBUG org.apache.http.wire - http-outgoing-3516 >> "GET /session/24c56de00ffa00fe6118d27df9e3a356/url HTTP/1.1[\r][\n]"
11:27:06.813 [Forwarding getCurrentUrl on session 24c56de00ffa00fe6118d27df9e3a356 to remote] DEBUG org.apache.http.wire - http-outgoing-3516 >> "Cache-Control: no-cache[\r][\n]"
11:27:06.813 [Forwarding getCurrentUrl on session 24c56de00ffa00fe6118d27df9e3a356 to remote] DEBUG org.apache.http.wire - http-outgoing-3516 >> "Host: localhost:5387[\r][\n]"
11:27:06.813 [Forwarding getCurrentUrl on session 24c56de00ffa00fe6118d27df9e3a356 to remote] DEBUG org.apache.http.wire - http-outgoing-3516 >> "Connection: Keep-Alive[\r][\n]"
11:27:06.813 [Forwarding getCurrentUrl on session 24c56de00ffa00fe6118d27df9e3a356 to remote] DEBUG org.apache.http.wire - http-outgoing-3516 >> "User-Agent: Apache-HttpClient/4.3.4 (java 1.5)[\r][\n]"
11:27:06.813 [Forwarding getCurrentUrl on session 24c56de00ffa00fe6118d27df9e3a356 to remote] DEBUG org.apache.http.wire - http-outgoing-3516 >> "Accept-Encoding: gzip,deflate[\r][\n]"
11:27:06.813 [Forwarding getCurrentUrl on session 24c56de00ffa00fe6118d27df9e3a356 to remote] DEBUG org.apache.http.wire - http-outgoing-3516 >> "[\r][\n]"
11:27:06.848 [Forwarding getCurrentUrl on session 24c56de00ffa00fe6118d27df9e3a356 to remote] DEBUG org.apache.http.wire - http-outgoing-3516 << "HTTP/1.1 200 OK[\r][\n]"
11:27:06.848 [Forwarding getCurrentUrl on session 24c56de00ffa00fe6118d27df9e3a356 to remote] DEBUG org.apache.http.wire - http-outgoing-3516 << "Content-Length:143[\r][\n]"
11:27:06.862 [Forwarding getCurrentUrl on session 24c56de00ffa00fe6118d27df9e3a356 to remote] DEBUG org.apache.http.wire - http-outgoing-3516 << "Content-Type:application/json; charset=utf-8[\r][\n]"
11:27:06.862 [Forwarding getCurrentUrl on session 24c56de00ffa00fe6118d27df9e3a356 to remote] DEBUG org.apache.http.wire - http-outgoing-3516 << "Connection:close[\r][\n]"
11:27:06.862 [Forwarding getCurrentUrl on session 24c56de00ffa00fe6118d27df9e3a356 to remote] DEBUG org.apache.http.wire - http-outgoing-3516 << "[\r][\n]"
11:27:06.862 [Forwarding getCurrentUrl on session 24c56de00ffa00fe6118d27df9e3a356 to remote] DEBUG org.apache.http.wire - http-outgoing-3516 << "{"sessionId":"24c56de00ffa00fe6118d27df9e3a356","status":0,"value":"http://voucher-manager-ui.snapshot.pv.nimbus-stage.cg.sky.com/#/campaigns"}"
11:27:06.862 [Forwarding getCurrentUrl on session 24c56de00ffa00fe6118d27df9e3a356 to remote] DEBUG org.apache.http.headers - http-outgoing-3516 << HTTP/1.1 200 OK
11:27:06.862 [Forwarding getCurrentUrl on session 24c56de00ffa00fe6118d27df9e3a356 to remote] DEBUG org.apache.http.headers - http-outgoing-3516 << Content-Length:143
11:27:06.862 [Forwarding getCurrentUrl on session 24c56de00ffa00fe6118d27df9e3a356 to remote] DEBUG org.apache.http.headers - http-outgoing-3516 << Content-Type:application/json; charset=utf-8
11:27:06.862 [Forwarding getCurrentUrl on session 24c56de00ffa00fe6118d27df9e3a356 to remote] DEBUG org.apache.http.headers - http-outgoing-3516 << Connection:close
11:27:06.862 [Forwarding getCurrentUrl on session 24c56de00ffa00fe6118d27df9e3a356 to remote] DEBUG o.a.h.i.c.DefaultManagedHttpClientConnection - http-outgoing-3516: Shutdown connection
11:27:06.862 [Forwarding getCurrentUrl on session 24c56de00ffa00fe6118d27df9e3a356 to remote] DEBUG o.a.h.impl.execchain.MainClientExec - Connection discarded
11:27:06.863 [Forwarding getCurrentUrl on session 24c56de00ffa00fe6118d27df9e3a356 to remote] DEBUG o.a.h.i.c.DefaultManagedHttpClientConnection - http-outgoing-3516: Close connection
11:27:06.863 [Forwarding getCurrentUrl on session 24c56de00ffa00fe6118d27df9e3a356 to remote] DEBUG o.a.h.i.c.PoolingHttpClientConnectionManager - Connection released: [id: 3516][route: {}->http://localhost:5387][total kept alive: 0; route allocated: 0 of 2000; total allocated: 0 of 2000]
11:27:06.863 [Forwarding executeScript on session 24c56de00ffa00fe6118d27df9e3a356 to remote] DEBUG o.a.h.c.protocol.RequestAddCookies - CookieSpec selected: best-match
11:27:06.863 [Forwarding executeScript on session 24c56de00ffa00fe6118d27df9e3a356 to remote] DEBUG o.a.h.c.protocol.RequestAuthCache - Auth cache not set in the context
11:27:06.863 [Forwarding executeScript on session 24c56de00ffa00fe6118d27df9e3a356 to remote] DEBUG o.a.h.i.c.PoolingHttpClientConnectionManager - Connection request: [route: {}->http://localhost:5387][total kept alive: 0; route allocated: 0 of 2000; total allocated: 0 of 2000]
11:27:06.863 [Forwarding executeScript on session 24c56de00ffa00fe6118d27df9e3a356 to remote] DEBUG o.a.h.i.c.PoolingHttpClientConnectionManager - Connection leased: [id: 3517][route: {}->http://localhost:5387][total kept alive: 0; route allocated: 1 of 2000; total allocated: 1 of 2000]
11:27:06.863 [Forwarding executeScript on session 24c56de00ffa00fe6118d27df9e3a356 to remote] DEBUG o.a.h.impl.execchain.MainClientExec - Opening connection {}->http://localhost:5387
11:27:06.863 [Forwarding executeScript on session 24c56de00ffa00fe6118d27df9e3a356 to remote] DEBUG o.a.h.i.c.HttpClientConnectionOperator - Connecting to localhost/127.0.0.1:5387
11:27:06.863 [Forwarding executeScript on session 24c56de00ffa00fe6118d27df9e3a356 to remote] DEBUG o.a.h.i.c.HttpClientConnectionOperator - Connection established 127.0.0.1:46618<->127.0.0.1:5387
11:27:06.863 [Forwarding executeScript on session 24c56de00ffa00fe6118d27df9e3a356 to remote] DEBUG o.a.h.impl.execchain.MainClientExec - Executing request POST /session/24c56de00ffa00fe6118d27df9e3a356/execute HTTP/1.1
11:27:06.863 [Forwarding executeScript on session 24c56de00ffa00fe6118d27df9e3a356 to remote] DEBUG o.a.h.impl.execchain.MainClientExec - Target auth state: UNCHALLENGED
11:27:06.863 [Forwarding executeScript on session 24c56de00ffa00fe6118d27df9e3a356 to remote] DEBUG o.a.h.impl.execchain.MainClientExec - Proxy auth state: UNCHALLENGED
11:27:06.863 [Forwarding executeScript on session 24c56de00ffa00fe6118d27df9e3a356 to remote] DEBUG org.apache.http.headers - http-outgoing-3517 >> POST /session/24c56de00ffa00fe6118d27df9e3a356/execute HTTP/1.1
11:27:06.863 [Forwarding executeScript on session 24c56de00ffa00fe6118d27df9e3a356 to remote] DEBUG org.apache.http.headers - http-outgoing-3517 >> Content-Type: application/json; charset=utf-8
11:27:06.863 [Forwarding executeScript on session 24c56de00ffa00fe6118d27df9e3a356 to remote] DEBUG org.apache.http.headers - http-outgoing-3517 >> Content-Length: 75
11:27:06.863 [Forwarding executeScript on session 24c56de00ffa00fe6118d27df9e3a356 to remote] DEBUG org.apache.http.headers - http-outgoing-3517 >> Host: localhost:5387
11:27:06.863 [Forwarding executeScript on session 24c56de00ffa00fe6118d27df9e3a356 to remote] DEBUG org.apache.http.headers - http-outgoing-3517 >> Connection: Keep-Alive
11:27:06.863 [Forwarding executeScript on session 24c56de00ffa00fe6118d27df9e3a356 to remote] DEBUG org.apache.http.headers - http-outgoing-3517 >> User-Agent: Apache-HttpClient/4.3.4 (java 1.5)
11:27:06.863 [Forwarding executeScript on session 24c56de00ffa00fe6118d27df9e3a356 to remote] DEBUG org.apache.http.headers - http-outgoing-3517 >> Accept-Encoding: gzip,deflate
11:27:06.863 [Forwarding executeScript on session 24c56de00ffa00fe6118d27df9e3a356 to remote] DEBUG org.apache.http.wire - http-outgoing-3517 >> "POST /session/24c56de00ffa00fe6118d27df9e3a356/execute HTTP/1.1[\r][\n]"
11:27:06.863 [Forwarding executeScript on session 24c56de00ffa00fe6118d27df9e3a356 to remote] DEBUG org.apache.http.wire - http-outgoing-3517 >> "Content-Type: application/json; charset=utf-8[\r][\n]"
11:27:06.863 [Forwarding executeScript on session 24c56de00ffa00fe6118d27df9e3a356 to remote] DEBUG org.apache.http.wire - http-outgoing-3517 >> "Content-Length: 75[\r][\n]"
11:27:06.863 [Forwarding executeScript on session 24c56de00ffa00fe6118d27df9e3a356 to remote] DEBUG org.apache.http.wire - http-outgoing-3517 >> "Host: localhost:5387[\r][\n]"
11:27:06.863 [Forwarding executeScript on session 24c56de00ffa00fe6118d27df9e3a356 to remote] DEBUG org.apache.http.wire - http-outgoing-3517 >> "Connection: Keep-Alive[\r][\n]"
11:27:06.863 [Forwarding executeScript on session 24c56de00ffa00fe6118d27df9e3a356 to remote] DEBUG org.apache.http.wire - http-outgoing-3517 >> "User-Agent: Apache-HttpClient/4.3.4 (java 1.5)[\r][\n]"
11:27:06.863 [Forwarding executeScript on session 24c56de00ffa00fe6118d27df9e3a356 to remote] DEBUG org.apache.http.wire - http-outgoing-3517 >> "Accept-Encoding: gzip,deflate[\r][\n]"
11:27:06.863 [Forwarding executeScript on session 24c56de00ffa00fe6118d27df9e3a356 to remote] DEBUG org.apache.http.wire - http-outgoing-3517 >> "[\r][\n]"
11:27:06.863 [Forwarding executeScript on session 24c56de00ffa00fe6118d27df9e3a356 to remote] DEBUG org.apache.http.wire - http-outgoing-3517 >> "{"args":[],"script":"if (document.readyState) return document.readyState;"}"
11:27:07.010 [Forwarding executeScript on session 24c56de00ffa00fe6118d27df9e3a356 to remote] DEBUG org.apache.http.wire - http-outgoing-3517 << "HTTP/1.1 200 OK[\r][\n]"
11:27:07.010 [Forwarding executeScript on session 24c56de00ffa00fe6118d27df9e3a356 to remote] DEBUG org.apache.http.wire - http-outgoing-3517 << "Content-Length:78[\r][\n]"
11:27:07.010 [Forwarding executeScript on session 24c56de00ffa00fe6118d27df9e3a356 to remote] DEBUG org.apache.http.wire - http-outgoing-3517 << "Content-Type:application/json; charset=utf-8[\r][\n]"
11:27:07.010 [Forwarding executeScript on session 24c56de00ffa00fe6118d27df9e3a356 to remote] DEBUG org.apache.http.wire - http-outgoing-3517 << "Connection:close[\r][\n]"
11:27:07.010 [Forwarding executeScript on session 24c56de00ffa00fe6118d27df9e3a356 to remote] DEBUG org.apache.http.wire - http-outgoing-3517 << "[\r][\n]"
11:27:07.010 [Forwarding executeScript on session 24c56de00ffa00fe6118d27df9e3a356 to remote] DEBUG org.apache.http.wire - http-outgoing-3517 << "{"sessionId":"24c56de00ffa00fe6118d27df9e3a356","status":0,"value":"complete"}"
11:27:07.010 [Forwarding executeScript on session 24c56de00ffa00fe6118d27df9e3a356 to remote] DEBUG org.apache.http.headers - http-outgoing-3517 << HTTP/1.1 200 OK
11:27:07.010 [Forwarding executeScript on session 24c56de00ffa00fe6118d27df9e3a356 to remote] DEBUG org.apache.http.headers - http-outgoing-3517 << Content-Length:78
11:27:07.010 [Forwarding executeScript on session 24c56de00ffa00fe6118d27df9e3a356 to remote] DEBUG org.apache.http.headers - http-outgoing-3517 << Content-Type:application/json; charset=utf-8
11:27:07.010 [Forwarding executeScript on session 24c56de00ffa00fe6118d27df9e3a356 to remote] DEBUG org.apache.http.headers - http-outgoing-3517 << Connection:close
11:27:07.010 [Forwarding executeScript on session 24c56de00ffa00fe6118d27df9e3a356 to remote] DEBUG o.a.h.i.c.DefaultManagedHttpClientConnection - http-outgoing-3517: Shutdown connection
11:27:07.010 [Forwarding executeScript on session 24c56de00ffa00fe6118d27df9e3a356 to remote] DEBUG o.a.h.impl.execchain.MainClientExec - Connection discarded
11:27:07.010 [Forwarding executeScript on session 24c56de00ffa00fe6118d27df9e3a356 to remote] DEBUG o.a.h.i.c.DefaultManagedHttpClientConnection - http-outgoing-3517: Close connection
11:27:07.010 [Forwarding executeScript on session 24c56de00ffa00fe6118d27df9e3a356 to remote] DEBUG o.a.h.i.c.PoolingHttpClientConnectionManager - Connection released: [id: 3517][route: {}->http://localhost:5387][total kept alive: 0; route allocated: 0 of 2000; total allocated: 0 of 2000]
11:27:07.010 [Forwarding getPageSource on session 24c56de00ffa00fe6118d27df9e3a356 to remote] DEBUG o.a.h.c.protocol.RequestAddCookies - CookieSpec selected: best-match
11:27:07.010 [Forwarding getPageSource on session 24c56de00ffa00fe6118d27df9e3a356 to remote] DEBUG o.a.h.c.protocol.RequestAuthCache - Auth cache not set in the context
11:27:07.010 [Forwarding getPageSource on session 24c56de00ffa00fe6118d27df9e3a356 to remote] DEBUG o.a.h.i.c.PoolingHttpClientConnectionManager - Connection request: [route: {}->http://localhost:5387][total kept alive: 0; route allocated: 0 of 2000; total allocated: 0 of 2000]
11:27:07.010 [Forwarding getPageSource on session 24c56de00ffa00fe6118d27df9e3a356 to remote] DEBUG o.a.h.i.c.PoolingHttpClientConnectionManager - Connection leased: [id: 3518][route: {}->http://localhost:5387][total kept alive: 0; route allocated: 1 of 2000; total allocated: 1 of 2000]
11:27:07.010 [Forwarding getPageSource on session 24c56de00ffa00fe6118d27df9e3a356 to remote] DEBUG o.a.h.impl.execchain.MainClientExec - Opening connection {}->http://localhost:5387
11:27:07.010 [Forwarding getPageSource on session 24c56de00ffa00fe6118d27df9e3a356 to remote] DEBUG o.a.h.i.c.HttpClientConnectionOperator - Connecting to localhost/127.0.0.1:5387
11:27:07.010 [Forwarding getPageSource on session 24c56de00ffa00fe6118d27df9e3a356 to remote] DEBUG o.a.h.i.c.HttpClientConnectionOperator - Connection established 127.0.0.1:46619<->127.0.0.1:5387
11:27:07.010 [Forwarding getPageSource on session 24c56de00ffa00fe6118d27df9e3a356 to remote] DEBUG o.a.h.impl.execchain.MainClientExec - Executing request GET /session/24c56de00ffa00fe6118d27df9e3a356/source HTTP/1.1
11:27:07.010 [Forwarding getPageSource on session 24c56de00ffa00fe6118d27df9e3a356 to remote] DEBUG o.a.h.impl.execchain.MainClientExec - Target auth state: UNCHALLENGED
11:27:07.010 [Forwarding getPageSource on session 24c56de00ffa00fe6118d27df9e3a356 to remote] DEBUG o.a.h.impl.execchain.MainClientExec - Proxy auth state: UNCHALLENGED
11:27:07.010 [Forwarding getPageSource on session 24c56de00ffa00fe6118d27df9e3a356 to remote] DEBUG org.apache.http.headers - http-outgoing-3518 >> GET /session/24c56de00ffa00fe6118d27df9e3a356/source HTTP/1.1
11:27:07.010 [Forwarding getPageSource on session 24c56de00ffa00fe6118d27df9e3a356 to remote] DEBUG org.apache.http.headers - http-outgoing-3518 >> Cache-Control: no-cache
11:27:07.010 [Forwarding getPageSource on session 24c56de00ffa00fe6118d27df9e3a356 to remote] DEBUG org.apache.http.headers - http-outgoing-3518 >> Host: localhost:5387
11:27:07.010 [Forwarding getPageSource on session 24c56de00ffa00fe6118d27df9e3a356 to remote] DEBUG org.apache.http.headers - http-outgoing-3518 >> Connection: Keep-Alive
11:27:07.010 [Forwarding getPageSource on session 24c56de00ffa00fe6118d27df9e3a356 to remote] DEBUG org.apache.http.headers - http-outgoing-3518 >> User-Agent: Apache-HttpClient/4.3.4 (java 1.5)
11:27:07.010 [Forwarding getPageSource on session 24c56de00ffa00fe6118d27df9e3a356 to remote] DEBUG org.apache.http.headers - http-outgoing-3518 >> Accept-Encoding: gzip,deflate
11:27:07.010 [Forwarding getPageSource on session 24c56de00ffa00fe6118d27df9e3a356 to remote] DEBUG org.apache.http.wire - http-outgoing-3518 >> "GET /session/24c56de00ffa00fe6118d27df9e3a356/source HTTP/1.1[\r][\n]"
11:27:07.010 [Forwarding getPageSource on session 24c56de00ffa00fe6118d27df9e3a356 to remote] DEBUG org.apache.http.wire - http-outgoing-3518 >> "Cache-Control: no-cache[\r][\n]"
11:27:07.010 [Forwarding getPageSource on session 24c56de00ffa00fe6118d27df9e3a356 to remote] DEBUG org.apache.http.wire - http-outgoing-3518 >> "Host: localhost:5387[\r][\n]"
11:27:07.010 [Forwarding getPageSource on session 24c56de00ffa00fe6118d27df9e3a356 to remote] DEBUG org.apache.http.wire - http-outgoing-3518 >> "Connection: Keep-Alive[\r][\n]"
11:27:07.010 [Forwarding getPageSource on session 24c56de00ffa00fe6118d27df9e3a356 to remote] DEBUG org.apache.http.wire - http-outgoing-3518 >> "User-Agent: Apache-HttpClient/4.3.4 (java 1.5)[\r][\n]"
11:27:07.010 [Forwarding getPageSource on session 24c56de00ffa00fe6118d27df9e3a356 to remote] DEBUG org.apache.http.wire - http-outgoing-3518 >> "Accept-Encoding: gzip,deflate[\r][\n]"
11:27:07.010 [Forwarding getPageSource on session 24c56de00ffa00fe6118d27df9e3a356 to remote] DEBUG org.apache.http.wire - http-outgoing-3518 >> "[\r][\n]"
11:27:07.015 [Forwarding getPageSource on session 24c56de00ffa00fe6118d27df9e3a356 to remote] DEBUG org.apache.http.wire - http-outgoing-3518 << "HTTP/1.1 200 OK[\r][\n]"
11:27:07.015 [Forwarding getPageSource on session 24c56de00ffa00fe6118d27df9e3a356 to remote] DEBUG org.apache.http.wire - http-outgoing-3518 << "Content-Length:44523[\r][\n]"
11:27:07.015 [Forwarding getPageSource on session 24c56de00ffa00fe6118d27df9e3a356 to remote] DEBUG org.apache.http.wire - http-outgoing-3518 << "Content-Type:application/json; charset=utf-8[\r][\n]"
11:27:07.015 [Forwarding getPageSource on session 24c56de00ffa00fe6118d27df9e3a356 to remote] DEBUG org.apache.http.wire - http-outgoing-3518 << "Connection:close[\r][\n]"
11:27:07.015 [Forwarding getPageSource on session 24c56de00ffa00fe6118d27df9e3a356 to remote] DEBUG org.apache.http.wire - http-outgoing-3518 << "[\r][\n]"
11:27:07.015 [Forwarding getPageSource on session 24c56de00ffa00fe6118d27df9e3a356 to remote] DEBUG org.apache.http.wire - http-outgoing-3518 << "{"sessionId":"24c56de00ffa00fe6118d27df9e3a356","status":0,"value":"\u003C!DOCTYPE html>\u003Chtml xmlns=\"http://www.w3.org/1999/xhtml\" class=\"no-js\">\u003Chead>\u003Cstyle type=\"text/css\">@charset \"UTF-8\";[ng\\:cloak],[ng-cloak],[data-ng-cloak],[x-ng-cloak],.ng-cloak,.x-ng-cloak,.ng-hide:not(.ng-hide-animate){display:none !important;}ng\\:form{display:block;}.ng-animate-shim{visibility:hidden;}.ng-anchor{position:absolute;}\u003C/style> \u003Cmeta charset=\"utf-8\" /> \u003Ctitle>\u003C/title> \u003Cmeta name=\"description\" content=\"\" /> \u003Cmeta name=\"viewport\" content=\"width=device-width\" /> \u003Clink rel=\"stylesheet\" href=\"styles/vendor.e0f0f7c2.css\" /> \u003Clink rel=\"stylesheet\" href=\"styles/main.bc645663.css\" />  \u003C/head>\u003Cbody ng-app=\"vouchersUiApp\" class=\"ng-scope\"> \u003C!--[if lt IE 7]>\n      \u003Cp class=\"browsehappy\">You are using an \u003Cstrong>outdated\u003C/strong> browser. Please \u003Ca href=\"http://browsehappy.com/\">upgrade your browser\u003C/a> to improve your experience.\u003C/p>\n    \u003C![endif]--> \u003Cserver-connection>\u003Cdiv class=\"col-md-12 alert-message\"> \u003C!-- ngRepeat: alert in alerts --> \u003C/div>\u003C/server-connection> \u003C!-- Add your site or application content here --> \u003Cdiv class=\"container\"> \u003C!-- ngView:  -->\u003Cdiv ng-view=\"\" class=\"body ng-scope\">\u003C!-- ngInclude: undefined --> \u003Cdiv class=\"row name-group ng-scope\"> \u003Cdiv class=\"col-md-12\"> \u003Ch4>Campaign List\u003C/h4> \u003Cform class=\"form-inline search-form ng-pristine ng-valid ng-valid-minlength ng-valid-maxlength\" name=\"nameForm\"> \u003Cdiv class=\"form-group col-md-5\"> \u003Clabel for=\"search-name\">Find\u003C/label> \u003Cinput type=\"text\" ng-model=\"searchName\" delayed-model=\"searchName\" name=\"name\" class=\"form-control ng-pristine ng-untouched ng-valid ng-valid-minlength ng-valid-maxlength\" id=\"search-name\" ng-minlength=\"3\" maxlength=\"50\" placeholder=\"Campaign Name (Minimum 3 characters)\" /> \u003Cspan id=\"searchclear\" class=\"glyphicon glyphicon-remove-circle\" ng-click=\"clearSearchName()\">\u003C/span> \u003C/div> \u003C/form> \u003Cdiv class=\"btn-group pull-right\"> \u003Cbutton type=\"submit\" class=\"btn btn-success\" ng-click=\"exportFilteredList()\">Export Campaign List \u003C/button> \u003C/div> \u003C/div> \u003C/div> \u003Cdiv class=\"row ng-scope\"> \u003Cform class=\"form-inline search-form ng-pristine ng-valid ng-valid-date\" name=\"searchForm\"> \u003Cdiv class=\"col-md-12 ng-hide\" ng-hide=\"!showFilters\"> \u003Chr /> \u003Cdiv class=\"form-group\"> \u003Clabel for=\"start\">Start Date\u003C/label> \u003Cdiv class=\"dropdown\"> \u003Ca class=\"dropdown-toggle\" id=\"start-dropdown\" role=\"button\" data-toggle=\"dropdown\" data-target=\"#\" href=\"#\" aria-haspopup=\"true\" aria-expanded=\"false\"> \u003Cdiv class=\"input-group\">\u003Cinput type=\"text\" size=\"20\" class=\"form-control ng-pristine ng-untouched ng-valid ng-valid-date\" name=\"start\" id=\"start\" data-ng-model=\"search.start\" ng-change=\"checkFilterDateValidity()\" />\u003Cspan class=\"input-group-addon\">\u003Ci class=\"glyphicon glyphicon-calendar\">\u003C/i>\u003C/span>\u003C/div> \u003C/a> \u003Cul class=\"dropdown-menu\" role=\"menu\" aria-labelledby=\"dLabel\"> \u003Cdiv class=\"datetimepicker table-responsive ng-isolate-scope ng-valid\" data-ng-model=\"search.start\" data-datetimepicker-config=\"{ dropdownSelector: '#start-dropdown', startView:'day', minView:'day' }\" data-on-set-time=\"setStartDate(newDate, oldDate)\">\u003Ctable class=\"table table-striped  day-view\">   \u003Cthead>       \u003Ctr>           \u003Cth class=\"left\" data-ng-click=\"changeView(data.currentView, data.leftDate, $event)\" data-ng-show=\"data.leftDate.selectable\">\u003Ci class=\"glyphicon glyphicon-arrow-left\">\u003C/i>\u003C/th>           \u003Cth class=\"switch ng-binding\" colspan=\"5\" data-ng-show=\"data.previousViewDate.selectable\" data-ng-click=\"changeView(data.previousView, data.previousViewDate, $event)\">2015-Jul\u003C/th>           \u003Cth class=\"right\" data-ng-click=\"changeView(data.currentView, data.rightDate, $event)\" data-ng-show=\"data.rightDate.selectable\">\u003Ci class=\"glyphicon glyphicon-arrow-right\">\u003C/i>\u003C/th>       \u003C/tr>       \u003Ctr>           \u003C!-- ngRepeat: day in data.dayNames -->\u003Cth class=\"dow ng-binding ng-scope\" data-ng-repeat=\"day in data.dayNames\">Su\u003C/th>\u003C!-- end ngRepeat: day in data.dayNames -->\u003Cth class=\"dow ng-binding ng-scope\" data-ng-repeat=\"day in data.dayNames\">Mo\u003C/th>\u003C!-- end ngRepeat: day in data.dayNames -->\u003Cth class=\"dow ng-binding ng-scope\" data-ng-repeat=\"day in data.dayNames\">Tu\u003C/th>\u003C!-- end ngRepeat: day in data.dayNames -->\u003Cth class=\"dow ng-binding ng-scope\" data-ng-repeat=\"day in data.dayNames\">We\u003C/th>\u003C!-- end ngRepeat: day in data.dayNames -->\u003Cth class=\"dow ng-binding ng-scope\" data-ng-repeat=\"day in data.dayNames\">Th\u003C/th>\u003C!-- end ngRepeat: day in data.dayNames -->\u003Cth class=\"dow ng-binding ng-scope\" data-ng-repeat=\"day in data.dayNames\">Fr\u003C/th>\u003C!-- end ngRepeat: day in data.dayNames -->\u003Cth class=\"dow ng-binding ng-scope\" data-ng-repeat=\"day in data.dayNames\">Sa\u003C/th>\u003C!-- end ngRepeat: day in data.dayNames -->       \u003C/tr>   \u003C/thead>   \u003Ctbody>       \u003C!-- ngIf: data.currentView !== 'day' -->       \u003C!-- ngRepeat: week in data.weeks -->\u003C!-- ngIf: data.currentView === 'day' -->\u003Ctr data-ng-if=\"data.currentView === 'day'\" data-ng-repeat=\"week in data.weeks\" class=\"ng-scope\">           \u003C!-- ngRepeat: dateObject in week.dates -->\u003Ctd data-ng-repeat=\"dateObject in week.dates\" data-ng-click=\"changeView(data.nextView, dateObject, $event)\" class=\"day ng-binding ng-scope past\" data-ng-class=\"{active: dateObject.active, past: dateObject.past, future: dateObject.future, disabled: !dateObject.selectable}\">28\u003C/td>\u003C!-- end ngRepeat: dateObject in week.dates -->\u003Ctd data-ng-repeat=\"dateObject in week.dates\" data-ng-click=\"changeView(data.nextView, dateObject, $event)\" class=\"day ng-binding ng-scope past\" data-ng-class=\"{active: dateObject.active, past: dateObject.past, future: dateObject.future, disabled: !dateObject.selectable}\">29\u003C/td>\u003C!-- end ngRepeat: dateObject in week.dates -->\u003Ctd data-ng-repeat=\"dateObject in week.dates\" data-ng-click=\"changeView(data.nextView, dateObject, $event)\" class=\"day ng-binding ng-scope past\" data-ng-class=\"{active: dateObject.active, past: dateObject.past, future: dateObject.future, disabled: !dateObject.selectable}\">30\u003C/td>\u003C!-- end ngRepeat: dateObject in week.dates -->\u003Ctd data-ng-repeat=\"dateObject in week.dates\" data-ng-click=\"changeView(data.nextView, dateObject, $event)\" class=\"day ng-binding ng-scope\" data-ng-class=\"{active: dateObject.active, past: dateObject.past, future: dateObject.future, disabled: !dateObject.selectable}\">1\u003C/td>\u003C!-- end ngRepeat: dateObject in week.dates -->\u003Ctd data-ng-repeat=\"dateObject in week.dates\" data-ng-click=\"changeView(data.nextView, dateObject, $event)\" class=\"day ng-binding ng-scope\" data-ng-class=\"{active: dateObject.active, past: dateObject.past, future: dateObject.future, disabled: !dateObject.selectable}\">2\u003C/td>\u003C!-- end ngRepeat: dateObject in week.dates -->\u003Ctd data-ng-repeat=\"dateObject in week.dates\" data-ng-click=\"changeView(data.nextView, dateObject, $event)\" class=\"day ng-binding ng-scope\" data-ng-class=\"{active: dateObject.active, past: dateObject.past, future: dateObject.future, disabled: !dateObject.selectable}\">3\u003C/td>\u003C!-- end ngRepeat: dateObject in week.dates -->\u003Ctd data-ng-repeat=\"dateObject in week.dates\" data-ng-click=\"changeView(data.nextView, dateObject, $event)\" class=\"day ng-binding ng-scope\" data-ng-class=\"{active: dateObject.active, past: dateObject.past, future: dateO"
11:27:07.016 [Forwarding getPageSource on session 24c56de00ffa00fe6118d27df9e3a356 to remote] DEBUG org.apache.http.headers - http-outgoing-3518 << HTTP/1.1 200 OK
11:27:07.016 [Forwarding getPageSource on session 24c56de00ffa00fe6118d27df9e3a356 to remote] DEBUG org.apache.http.headers - http-outgoing-3518 << Content-Length:44523
11:27:07.016 [Forwarding getPageSource on session 24c56de00ffa00fe6118d27df9e3a356 to remote] DEBUG org.apache.http.headers - http-outgoing-3518 << Content-Type:application/json; charset=utf-8
11:27:07.016 [Forwarding getPageSource on session 24c56de00ffa00fe6118d27df9e3a356 to remote] DEBUG org.apache.http.headers - http-outgoing-3518 << Connection:close
11:27:07.016 [Forwarding getPageSource on session 24c56de00ffa00fe6118d27df9e3a356 to remote] DEBUG org.apache.http.wire - http-outgoing-3518 << "bject.future, disabled: !dateObject.selectable}\">4\u003C/td>\u003C!-- end ngRepeat: dateObject in week.dates -->       \u003C/tr>\u003C!-- end ngIf: data.currentView === 'day' -->\u003C!-- end ngRepeat: week in data.weeks -->\u003C!-- ngIf: data.currentView === 'day' -->\u003Ctr data-ng-if=\"data.currentView === 'day'\" data-ng-repeat=\"week in data.weeks\" class=\"ng-scope\">           \u003C!-- ngRepeat: dateObject in week.dates -->\u003Ctd data-ng-repeat=\"dateObject in week.dates\" data-ng-click=\"changeView(data.nextView, dateObject, $event)\" class=\"day ng-binding ng-scope\" data-ng-class=\"{active: dateObject.active, past: dateObject.past, future: dateObject.future, disabled: !dateObject.selectable}\">5\u003C/td>\u003C!-- end ngRepeat: dateObject in week.dates -->\u003Ctd data-ng-repeat=\"dateObject in week.dates\" data-ng-click=\"changeView(data.nextView, dateObject, $event)\" class=\"day ng-binding ng-scope\" data-ng-class=\"{active: dateObject.active, past: dateObject.past, future: dateObject.future, disabled: !dateObject.selectable}\">6\u003C/td>\u003C!-- end ngRepeat: dateObject in week.dates -->\u003Ctd data-ng-repeat=\"dateObject in week.dates\" data-ng-click=\"changeView(data.nextView, dateObject, $event)\" class=\"day ng-binding ng-scope\" data-ng-class=\"{active: dateObject.active, past: dateObject.past, future: dateObject.future, disabled: !dateObject.selectable}\">7\u003C/td>\u003C!-- end ngRepeat: dateObject in week.dates -->\u003Ctd data-ng-repeat=\"dateObject in week.dates\" data-ng-click=\"changeView(data.nextView, dateObject, $event)\" class=\"day ng-binding ng-scope\" data-ng-class=\"{active: dateObject.active, past: dateObject.past, future: dateObject.future, disabled: !dateObject.selectable}\">8\u003C/td>\u003C!-- end ngRepeat: dateObject in week.dates -->\u003Ctd data-ng-repeat=\"dateObject in week.dates\" data-ng-click=\"changeView(data.nextView, dateObject, $event)\" class=\"day ng-binding ng-scope\" data-ng-class=\"{active: dateObject.active, past: dateObject.past, future: dateObject.future, disabled: !dateObject.selectable}\">9\u003C/td>\u003C!-- end ngRepeat: dateObject in week.dates -->\u003Ctd data-ng-repeat=\"dateObject in week.dates\" data-ng-click=\"changeView(data.nextView, dateObject, $event)\" class=\"day ng-binding ng-scope\" data-ng-class=\"{active: dateObject.active, past: dateObject.past, future: dateObject.future, disabled: !dateObject.selectable}\">10\u003C/td>\u003C!-- end ngRepeat: dateObject in week.dates -->\u003Ctd data-ng-repeat=\"dateObject in week.dates\" data-ng-click=\"changeView(data.nextView, dateObject, $event)\" class=\"day ng-binding ng-scope\" data-ng-class=\"{active: dateObject.active, past: dateObject.past, future: dateObject.future, disabled: !dateObject.selectable}\">11\u003C/td>\u003C!-- end ngRepeat: dateObject in week.dates -->       \u003C/tr>\u003C!-- end ngIf: data.currentView === 'day' -->\u003C!-- end ngRepeat: week in data.weeks -->\u003C!-- ngIf: data.currentView === 'day' -->\u003Ctr data-ng-if=\"data.currentView === 'day'\" data-ng-repeat=\"week in data.weeks\" class=\"ng-scope\">           \u003C!-- ngRepeat: dateObject in week.dates -->\u003Ctd data-ng-repeat=\"dateObject in week.dates\" data-ng-click=\"changeView(data.nextView, dateObject, $event)\" class=\"day ng-binding ng-scope\" data-ng-class=\"{active: dateObject.active, past: dateObject.past, future: dateObject.future, disabled: !dateObject.selectable}\">12\u003C/td>\u003C!-- end ngRepeat: dateObject in week.dates -->\u003Ctd data-ng-repeat=\"dateObject in week.dates\" data-ng-click=\"changeView(data.nextView, dateObject, $event)\" class=\"day ng-binding ng-scope\" data-ng-class=\"{active: dateObject.active, past: dateObject.past, future: dateObject.future, disabled: !dateObject.selectable}\">13\u003C/td>\u003C!-- end ngRepeat: dateObject in week.dates -->\u003Ctd data-ng-repeat=\"dateObject in week.dates\" data-ng-click=\"changeView(data.nextView, dateObject, $event)\" class=\"day ng-binding ng-scope\" data-ng-class=\"{active: dateObject.active, past: dateObject.past, future: dateO"
11:27:07.016 [Forwarding getPageSource on session 24c56de00ffa00fe6118d27df9e3a356 to remote] DEBUG org.apache.http.wire - http-outgoing-3518 << "bject.future, disabled: !dateObject.selectable}\">14\u003C/td>\u003C!-- end ngRepeat: dateObject in week.dates -->\u003Ctd data-ng-repeat=\"dateObject in week.dates\" data-ng-click=\"changeView(data.nextView, dateObject, $event)\" class=\"day ng-binding ng-scope\" data-ng-class=\"{active: dateObject.active, past: dateObject.past, future: dateObject.future, disabled: !dateObject.selectable}\">15\u003C/td>\u003C!-- end ngRepeat: dateObject in week.dates -->\u003Ctd data-ng-repeat=\"dateObject in week.dates\" data-ng-click=\"changeView(data.nextView, dateObject, $event)\" class=\"day ng-binding ng-scope\" data-ng-class=\"{active: dateObject.active, past: dateObject.past, future: dateObject.future, disabled: !dateObject.selectable}\">16\u003C/td>\u003C!-- end ngRepeat: dateObject in week.dates -->\u003Ctd data-ng-repeat=\"dateObject in week.dates\" data-ng-click=\"changeView(data.nextView, dateObject, $event)\" class=\"day ng-binding ng-scope\" data-ng-class=\"{active: dateObject.active, past: dateObject.past, future: dateObject.future, disabled: !dateObject.selectable}\">17\u003C/td>\u003C!-- end ngRepeat: dateObject in week.dates -->\u003Ctd data-ng-repeat=\"dateObject in week.dates\" data-ng-click=\"changeView(data.nextView, dateObject, $event)\" class=\"day ng-binding ng-scope\" data-ng-class=\"{active: dateObject.active, past: dateObject.past, future: dateObject.future, disabled: !dateObject.selectable}\">18\u003C/td>\u003C!-- end ngRepeat: dateObject in week.dates -->       \u003C/tr>\u003C!-- end ngIf: data.currentView === 'day' -->\u003C!-- end ngRepeat: week in data.weeks -->\u003C!-- ngIf: data.currentView === 'day' -->\u003Ctr data-ng-if=\"data.currentView === 'day'\" data-ng-repeat=\"week in data.weeks\" class=\"ng-scope\">           \u003C!-- ngRepeat: dateObject in week.dates -->\u003Ctd data-ng-repeat=\"dateObject in week.dates\" data-ng-click=\"changeView(data.nextView, dateObject, $event)\" class=\"day ng-binding ng-scope\" data-ng-class=\"{active: dateObject.active, past: dateObject.past, future: dateObject.future, disabled: !dateObject.selectable}\">19\u003C/td>\u003C!-- end ngRepeat: dateObject in week.dates -->\u003Ctd data-ng-repeat=\"dateObject in week.dates\" data-ng-click=\"changeView(data.nextView, dateObject, $event)\" class=\"day ng-binding ng-scope\" data-ng-class=\"{active: dateObject.active, past: dateObject.past, future: dateObject.future, disabled: !dateObject.selectable}\">20\u003C/td>\u003C!-- end ngRepeat: dateObject in week.dates -->\u003Ctd data-ng-repeat=\"dateObject in week.dates\" data-ng-click=\"changeView(data.nextView, dateObject, $event)\" class=\"day ng-binding ng-scope\" data-ng-class=\"{active: dateObject.active, past: dateObject.past, future: dateObject.future, disabled: !dateObject.selectable}\">21\u003C/td>\u003C!-- end ngRepeat: dateObject in week.dates -->\u003Ctd data-ng-repeat=\"dateObject in week.dates\" data-ng-click=\"changeView(data.nextView, dateObject, $event)\" class=\"day ng-binding ng-scope\" data-ng-class=\"{active: dateObject.active, past: dateObject.past, future: dateObject.future, disabled: !dateObject.selectable}\">22\u003C/td>\u003C!-- end ngRepeat: dateObject in week.dates -->\u003Ctd data-ng-repeat=\"dateObject in week.dates\" data-ng-click=\"changeView(data.nextView, dateObject, $event)\" class=\"day ng-binding ng-scope\" data-ng-class=\"{active: dateObject.active, past: dateObject.past, future: dateObject.future, disabled: !dateObject.selectable}\">23\u003C/td>\u003C!-- end ngRepeat: dateObject in week.dates -->\u003Ctd data-ng-repeat=\"dateObject in week.dates\" data-ng-click=\"changeView(data.nextView, dateObject, $event)\" class=\"day ng-binding ng-scope\" data-ng-class=\"{active: dateObject.active, past: dateObject.past, future: dateObject.future, disabled: !dateObject.selectable}\">24\u003C/td>\u003C!-- end ngRepeat: dateObject in week.dates -->\u003Ctd data-ng-repeat=\"dateObject in week.dates\" data-ng-click=\"changeView(data.nextView, dateObject, $event)\" class=\"day ng-binding ng-scope\" data-ng-class=\"{active: dateObject.active, past: dateO"
11:27:07.016 [Forwarding getPageSource on session 24c56de00ffa00fe6118d27df9e3a356 to remote] DEBUG org.apache.http.wire - http-outgoing-3518 << "bject.past, future: dateObject.future, disabled: !dateObject.selectable}\">25\u003C/td>\u003C!-- end ngRepeat: dateObject in week.dates -->       \u003C/tr>\u003C!-- end ngIf: data.currentView === 'day' -->\u003C!-- end ngRepeat: week in data.weeks -->\u003C!-- ngIf: data.currentView === 'day' -->\u003Ctr data-ng-if=\"data.currentView === 'day'\" data-ng-repeat=\"week in data.weeks\" class=\"ng-scope\">           \u003C!-- ngRepeat: dateObject in week.dates -->\u003Ctd data-ng-repeat=\"dateObject in week.dates\" data-ng-click=\"changeView(data.nextView, dateObject, $event)\" class=\"day ng-binding ng-scope\" data-ng-class=\"{active: dateObject.active, past: dateObject.past, future: dateObject.future, disabled: !dateObject.selectable}\">26\u003C/td>\u003C!-- end ngRepeat: dateObject in week.dates -->\u003Ctd data-ng-repeat=\"dateObject in week.dates\" data-ng-click=\"changeView(data.nextView, dateObject, $event)\" class=\"day ng-binding ng-scope\" data-ng-class=\"{active: dateObject.active, past: dateObject.past, future: dateObject.future, disabled: !dateObject.selectable}\">27\u003C/td>\u003C!-- end ngRepeat: dateObject in week.dates -->\u003Ctd data-ng-repeat=\"dateObject in week.dates\" data-ng-click=\"changeView(data.nextView, dateObject, $event)\" class=\"day ng-binding ng-scope\" data-ng-class=\"{active: dateObject.active, past: dateObject.past, future: dateObject.future, disabled: !dateObject.selectable}\">28\u003C/td>\u003C!-- end ngRepeat: dateObject in week.dates -->\u003Ctd data-ng-repeat=\"dateObject in week.dates\" data-ng-click=\"changeView(data.nextView, dateObject, $event)\" class=\"day ng-binding ng-scope\" data-ng-class=\"{active: dateObject.active, past: dateObject.past, future: dateObject.future, disabled: !dateObject.selectable}\">29\u003C/td>\u003C!-- end ngRepeat: dateObject in week.dates -->\u003Ctd data-ng-repeat=\"dateObject in week.dates\" data-ng-click=\"changeView(data.nextView, dateObject, $event)\" class=\"day ng-binding ng-scope\" data-ng-class=\"{active: dateObject.active, past: dateObject.past, future: dateObject.future, disabled: !dateObject.selectable}\">30\u003C/td>\u003C!-- end ngRepeat: dateObject in week.dates -->\u003Ctd data-ng-repeat=\"dateObject in week.dates\" data-ng-click=\"changeView(data.nextView, dateObject, $event)\" class=\"day ng-binding ng-scope\" data-ng-class=\"{active: dateObject.active, past: dateObject.past, future: dateObject.future, disabled: !dateObject.selectable}\">31\u003C/td>\u003C!-- end ngRepeat: dateObject in week.dates -->\u003Ctd data-ng-repeat=\"dateObject in week.dates\" data-ng-click=\"changeView(data.nextView, dateObject, $event)\" class=\"day ng-binding ng-scope future\" data-ng-class=\"{active: dateObject.active, past: dateObject.past, future: dateObject.future, disabled: !dateObject.selectable}\">1\u003C/td>\u003C!-- end ngRepeat: dateObject in week.dates -->       \u003C/tr>\u003C!-- end ngIf: data.currentView === 'day' -->\u003C!-- end ngRepeat: week in data.weeks -->\u003C!-- ngIf: data.currentView === 'day' -->\u003Ctr data-ng-if=\"data.currentView === 'day'\" data-ng-repeat=\"week in data.weeks\" class=\"ng-scope\">           \u003C!-- ngRepeat: dateObject in week.dates -->\u003Ctd data-ng-repeat=\"dateObject in week.dates\" data-ng-click=\"changeView(data.nextView, dateObject, $event)\" class=\"day ng-binding ng-scope future\" data-ng-class=\"{active: dateObject.active, past: dateObject.past, future: dateObject.future, disabled: !dateObject.selectable}\">2\u003C/td>\u003C!-- end ngRepeat: dateObject in week.dates -->\u003Ctd data-ng-repeat=\"dateObject in week.dates\" data-ng-click=\"changeView(data.nextView, dateObject, $event)\" class=\"day ng-binding ng-scope future\" data-ng-class=\"{active: dateObject.active, past: dateObject.past, future: dateObject.future, disabled: !dateObject.selectable}\">3\u003C/td>\u003C!-- end ngRepeat: dateObject in week.dates -->\u003Ctd data-ng-repeat=\"dateObject in week.dates\" data-ng-click=\"changeView(data.nextView, dateObject, $event)\" class=\"day ng-binding ng-scope future\" data-ng-class=\"{active:"
11:27:07.016 [Forwarding getPageSource on session 24c56de00ffa00fe6118d27df9e3a356 to remote] DEBUG org.apache.http.wire - http-outgoing-3518 << " dateObject.active, past: dateObject.past, future: dateObject.future, disabled: !dateObject.selectable}\">4\u003C/td>\u003C!-- end ngRepeat: dateObject in week.dates -->\u003Ctd data-ng-repeat=\"dateObject in week.dates\" data-ng-click=\"changeView(data.nextView, dateObject, $event)\" class=\"day ng-binding ng-scope future\" data-ng-class=\"{active: dateObject.active, past: dateObject.past, future: dateObject.future, disabled: !dateObject.selectable}\">5\u003C/td>\u003C!-- end ngRepeat: dateObject in week.dates -->\u003Ctd data-ng-repeat=\"dateObject in week.dates\" data-ng-click=\"changeView(data.nextView, dateObject, $event)\" class=\"day ng-binding ng-scope future\" data-ng-class=\"{active: dateObject.active, past: dateObject.past, future: dateObject.future, disabled: !dateObject.selectable}\">6\u003C/td>\u003C!-- end ngRepeat: dateObject in week.dates -->\u003Ctd data-ng-repeat=\"dateObject in week.dates\" data-ng-click=\"changeView(data.nextView, dateObject, $event)\" class=\"day ng-binding ng-scope future\" data-ng-class=\"{active: dateObject.active, past: dateObject.past, future: dateObject.future, disabled: !dateObject.selectable}\">7\u003C/td>\u003C!-- end ngRepeat: dateObject in week.dates -->\u003Ctd data-ng-repeat=\"dateObject in week.dates\" data-ng-click=\"changeView(data.nextView, dateObject, $event)\" class=\"day ng-binding ng-scope future\" data-ng-class=\"{active: dateObject.active, past: dateObject.past, future: dateObject.future, disabled: !dateObject.selectable}\">8\u003C/td>\u003C!-- end ngRepeat: dateObject in week.dates -->       \u003C/tr>\u003C!-- end ngIf: data.currentView === 'day' -->\u003C!-- end ngRepeat: week in data.weeks -->   \u003C/tbody>\u003C/table>\u003C/div>\u003C/ul> \u003C/div> \u003C/div> \u003Cdiv class=\"form-group\"> \u003Clabel for=\"end\">End Date\u003C/label> \u003Cdiv class=\"dropdown\"> \u003Ca class=\"dropdown-toggle\" id=\"end-dropdown\" role=\"button\" data-toggle=\"dropdown\" data-target=\"#\" href=\"#\" aria-haspopup=\"true\" aria-expanded=\"false\"> \u003Cdiv class=\"input-group\">\u003Cinput type=\"text\" size=\"20\" class=\"form-control ng-pristine ng-untouched ng-valid ng-valid-date\" name=\"end\" id=\"end\" data-ng-model=\"search.end\" ng-change=\"checkFilterDateValidity()\" />\u003Cspan class=\"input-group-addon\">\u003Ci class=\"glyphicon glyphicon-calendar\">\u003C/i>\u003C/span>\u003C/div> \u003C/a> \u003Cul class=\"dropdown-menu\" role=\"menu\" aria-labelledby=\"dLabel\"> \u003Cdiv class=\"datetimepicker table-responsive ng-isolate-scope ng-valid\" data-ng-model=\"search.end\" data-datetimepicker-config=\"{ dropdownSelector: '#end-dropdown', startView:'day', minView:'day' }\" data-on-set-time=\"setEndDate(newDate, oldDate)\">\u003Ctable class=\"table table-striped  day-view\">   \u003Cthead>       \u003Ctr>           \u003Cth class=\"left\" data-ng-click=\"changeView(data.currentView, data.leftDate, $event)\" data-ng-show=\"data.leftDate.selectable\">\u003Ci class=\"glyphicon glyphicon-arrow-left\">\u003C/i>\u003C/th>           \u003Cth class=\"switch ng-binding\" colspan=\"5\" data-ng-show=\"data.previousViewDate.selectable\" data-ng-click=\"changeView(data.previousView, data.previousViewDate, $event)\">2015-Jul\u003C/th>           \u003Cth class=\"right\" data-ng-click=\"changeView(data.currentView, data.rightDate, $event)\" data-ng-show=\"data.rightDate.selectable\">\u003Ci class=\"glyphicon glyphicon-arrow-right\">\u003C/i>\u003C/th>       \u003C/tr>       \u003Ctr>           \u003C!-- ngRepeat: day in data.dayNames -->\u003Cth class=\"dow ng-binding ng-scope\" data-ng-repeat=\"day in data.dayNames\">Su\u003C/th>\u003C!-- end ngRepeat: day in data.dayNames -->\u003Cth class=\"dow ng-binding ng-scope\" data-ng-repeat=\"day in data.dayNames\">Mo\u003C/th>\u003C!-- end ngRepeat: day in data.dayNames -->\u003Cth class=\"dow ng-binding ng-scope\" data-ng-repeat=\"day in data.dayNames\">Tu\u003C/th>\u003C!-- end ngRepeat: day in data.dayNames -->\u003Cth class=\"dow ng-binding ng-scope\" data-ng-repeat=\"day in data.dayNames\">We\u003C/th>\u003C!-- end ngRep"
11:27:07.016 [Forwarding getPageSource on session 24c56de00ffa00fe6118d27df9e3a356 to remote] DEBUG org.apache.http.wire - http-outgoing-3518 << "eat: day in data.dayNames -->\u003Cth class=\"dow ng-binding ng-scope\" data-ng-repeat=\"day in data.dayNames\">Th\u003C/th>\u003C!-- end ngRepeat: day in data.dayNames -->\u003Cth class=\"dow ng-binding ng-scope\" data-ng-repeat=\"day in data.dayNames\">Fr\u003C/th>\u003C!-- end ngRepeat: day in data.dayNames -->\u003Cth class=\"dow ng-binding ng-scope\" data-ng-repeat=\"day in data.dayNames\">Sa\u003C/th>\u003C!-- end ngRepeat: day in data.dayNames -->       \u003C/tr>   \u003C/thead>   \u003Ctbody>       \u003C!-- ngIf: data.currentView !== 'day' -->       \u003C!-- ngRepeat: week in data.weeks -->\u003C!-- ngIf: data.currentView === 'day' -->\u003Ctr data-ng-if=\"data.currentView === 'day'\" data-ng-repeat=\"week in data.weeks\" class=\"ng-scope\">           \u003C!-- ngRepeat: dateObject in week.dates -->\u003Ctd data-ng-repeat=\"dateObject in week.dates\" data-ng-click=\"changeView(data.nextView, dateObject, $event)\" class=\"day ng-binding ng-scope past\" data-ng-class=\"{active: dateObject.active, past: dateObject.past, future: dateObject.future, disabled: !dateObject.selectable}\">28\u003C/td>\u003C!-- end ngRepeat: dateObject in week.dates -->\u003Ctd data-ng-repeat=\"dateObject in week.dates\" data-ng-click=\"changeView(data.nextView, dateObject, $event)\" class=\"day ng-binding ng-scope past\" data-ng-class=\"{active: dateObject.active, past: dateObject.past, future: dateObject.future, disabled: !dateObject.selectable}\">29\u003C/td>\u003C!-- end ngRepeat: dateObject in week.dates -->\u003Ctd data-ng-repeat=\"dateObject in week.dates\" data-ng-click=\"changeView(data.nextView, dateObject, $event)\" class=\"day ng-binding ng-scope past\" data-ng-class=\"{active: dateObject.active, past: dateObject.past, future: dateObject.future, disabled: !dateObject.selectable}\">30\u003C/td>\u003C!-- end ngRepeat: dateObject in week.dates -->\u003Ctd data-ng-repeat=\"dateObject in week.dates\" data-ng-click=\"changeView(data.nextView, dateObject, $event)\" class=\"day ng-binding ng-scope\" data-ng-class=\"{active: dateObject.active, past: dateObject.past, future: dateObject.future, disabled: !dateObject.selectable}\">1\u003C/td>\u003C!-- end ngRepeat: dateObject in week.dates -->\u003Ctd data-ng-repeat=\"dateObject in week.dates\" data-ng-click=\"changeView(data.nextView, dateObject, $event)\" class=\"day ng-binding ng-scope\" data-ng-class=\"{active: dateObject.active, past: dateObject.past, future: dateObject.future, disabled: !dateObject.selectable}\">2\u003C/td>\u003C!-- end ngRepeat: dateObject in week.dates -->\u003Ctd data-ng-repeat=\"dateObject in week.dates\" data-ng-click=\"changeView(data.nextView, dateObject, $event)\" class=\"day ng-binding ng-scope\" data-ng-class=\"{active: dateObject.active, past: dateObject.past, future: dateObject.future, disabled: !dateObject.selectable}\">3\u003C/td>\u003C!-- end ngRepeat: dateObject in week.dates -->\u003Ctd data-ng-repeat=\"dateObject in week.dates\" data-ng-click=\"changeView(data.nextView, dateObject, $event)\" class=\"day ng-binding ng-scope\" data-ng-class=\"{active: dateObject.active, past: dateObject.past, future: dateObject.future, disabled: !dateObject.selectable}\">4\u003C/td>\u003C!-- end ngRepeat: dateObject in week.dates -->       \u003C/tr>\u003C!-- end ngIf: data.currentView === 'day' -->\u003C!-- end ngRepeat: week in data.weeks -->\u003C!-- ngIf: data.currentView === 'day' -->\u003Ctr data-ng-if=\"data.currentView === 'day'\" data-ng-repeat=\"week in data.weeks\" class=\"ng-scope\">           \u003C!-- ngRepeat: dateObject in week.dates -->\u003Ctd data-ng-repeat=\"dateObject in week.dates\" data-ng-click=\"changeView(data.nextView, dateObject, $event)\" class=\"day ng-binding ng-scope\" data-ng-class=\"{active: dateObject.active, past: dateObject.past, future: dateObject.future, disabled: !dateObject.selectable}\">5\u003C/td>\u003C!-- end ngRepeat: dateObject in week.dates -->\u003Ctd data-ng-repeat=\"dateObject in week.dates\" data-ng-click=\"changeView(data.nextView, dateObject, $event)\" class=\"day ng-binding ng-scope\" data-ng-class=\"{active: dat"
11:27:07.016 [Forwarding getPageSource on session 24c56de00ffa00fe6118d27df9e3a356 to remote] DEBUG org.apache.http.wire - http-outgoing-3518 << "eObject.active, past: dateObject.past, future: dateObject.future, disabled: !dateObject.selectable}\">6\u003C/td>\u003C!-- end ngRepeat: dateObject in week.dates -->\u003Ctd data-ng-repeat=\"dateObject in week.dates\" data-ng-click=\"changeView(data.nextView, dateObject, $event)\" class=\"day ng-binding ng-scope\" data-ng-class=\"{active: dateObject.active, past: dateObject.past, future: dateObject.future, disabled: !dateObject.selectable}\">7\u003C/td>\u003C!-- end ngRepeat: dateObject in week.dates -->\u003Ctd data-ng-repeat=\"dateObject in week.dates\" data-ng-click=\"changeView(data.nextView, dateObject, $event)\" class=\"day ng-binding ng-scope\" data-ng-class=\"{active: dateObject.active, past: dateObject.past, future: dateObject.future, disabled: !dateObject.selectable}\">8\u003C/td>\u003C!-- end ngRepeat: dateObject in week.dates -->\u003Ctd data-ng-repeat=\"dateObject in week.dates\" data-ng-click=\"changeView(data.nextView, dateObject, $event)\" class=\"day ng-binding ng-scope\" data-ng-class=\"{active: dateObject.active, past: dateObject.past, future: dateObject.future, disabled: !dateObject.selectable}\">9\u003C/td>\u003C!-- end ngRepeat: dateObject in week.dates -->\u003Ctd data-ng-repeat=\"dateObject in week.dates\" data-ng-click=\"changeView(data.nextView, dateObject, $event)\" class=\"day ng-binding ng-scope\" data-ng-class=\"{active: dateObject.active, past: dateObject.past, future: dateObject.future, disabled: !dateObject.selectable}\">10\u003C/td>\u003C!-- end ngRepeat: dateObject in week.dates -->\u003Ctd data-ng-repeat=\"dateObject in week.dates\" data-ng-click=\"changeView(data.nextView, dateObject, $event)\" class=\"day ng-binding ng-scope\" data-ng-class=\"{active: dateObject.active, past: dateObject.past, future: dateObject.future, disabled: !dateObject.selectable}\">11\u003C/td>\u003C!-- end ngRepeat: dateObject in week.dates -->       \u003C/tr>\u003C!-- end ngIf: data.currentView === 'day' -->\u003C!-- end ngRepeat: week in data.weeks -->\u003C!-- ngIf: data.currentView === 'day' -->\u003Ctr data-ng-if=\"data.currentView === 'day'\" data-ng-repeat=\"week in data.weeks\" class=\"ng-scope\">           \u003C!-- ngRepeat: dateObject in week.dates -->\u003Ctd data-ng-repeat=\"dateObject in week.dates\" data-ng-click=\"changeView(data.nextView, dateObject, $event)\" class=\"day ng-binding ng-scope\" data-ng-class=\"{active: dateObject.active, past: dateObject.past, future: dateObject.future, disabled: !dateObject.selectable}\">12\u003C/td>\u003C!-- end ngRepeat: dateObject in week.dates -->\u003Ctd data-ng-repeat=\"dateObject in week.dates\" data-ng-click=\"changeView(data.nextView, dateObject, $event)\" class=\"day ng-binding ng-scope\" data-ng-class=\"{active: dateObject.active, past: dateObject.past, future: dateObject.future, disabled: !dateObject.selectable}\">13\u003C/td>\u003C!-- end ngRepeat: dateObject in week.dates -->\u003Ctd data-ng-repeat=\"dateObject in week.dates\" data-ng-click=\"changeView(data.nextView, dateObject, $event)\" class=\"day ng-binding ng-scope\" data-ng-class=\"{active: dateObject.active, past: dateObject.past, future: dateObject.future, disabled: !dateObject.selectable}\">14\u003C/td>\u003C!-- end ngRepeat: dateObject in week.dates -->\u003Ctd data-ng-repeat=\"dateObject in week.dates\" data-ng-click=\"changeView(data.nextView, dateObject, $event)\" class=\"day ng-binding ng-scope\" data-ng-class=\"{active: dateObject.active, past: dateObject.past, future: dateObject.future, disabled: !dateObject.selectable}\">15\u003C/td>\u003C!-- end ngRepeat: dateObject in week.dates -->\u003Ctd data-ng-repeat=\"dateObject in week.dates\" data-ng-click=\"changeView(data.nextView, dateObject, $event)\" class=\"day ng-binding ng-scope\" data-ng-class=\"{active: dateObject.active, past: dateObject.past, future: dateObject.future, disabled: !dateObject.selectable}\">16\u003C/td>\u003C!-- end ngRepeat: dateObject in week.dates -->\u003Ctd data-ng-repeat=\"dateObject in week.dates\" data-ng-click=\"changeView(data.nextView, dateObject, $event)\" class=\"day ng-binding ng-scope\" data-ng"
11:27:07.016 [Forwarding getPageSource on session 24c56de00ffa00fe6118d27df9e3a356 to remote] DEBUG org.apache.http.wire - http-outgoing-3518 << "-class=\"{active: dateObject.active, past: dateObject.past, future: dateObject.future, disabled: !dateObject.selectable}\">17\u003C/td>\u003C!-- end ngRepeat: dateObject in week.dates -->\u003Ctd data-ng-repeat=\"dateObject in week.dates\" data-ng-click=\"changeView(data.nextView, dateObject, $event)\" class=\"day ng-binding ng-scope\" data-ng-class=\"{active: dateObject.active, past: dateObject.past, future: dateObject.future, disabled: !dateObject.selectable}\">18\u003C/td>\u003C!-- end ngRepeat: dateObject in week.dates -->       \u003C/tr>\u003C!-- end ngIf: data.currentView === 'day' -->\u003C!-- end ngRepeat: week in data.weeks -->\u003C!-- ngIf: data.currentView === 'day' -->\u003Ctr data-ng-if=\"data.currentView === 'day'\" data-ng-repeat=\"week in data.weeks\" class=\"ng-scope\">           \u003C!-- ngRepeat: dateObject in week.dates -->\u003Ctd data-ng-repeat=\"dateObject in week.dates\" data-ng-click=\"changeView(data.nextView, dateObject, $event)\" class=\"day ng-binding ng-scope\" data-ng-class=\"{active: dateObject.active, past: dateObject.past, future: dateObject.future, disabled: !dateObject.selectable}\">19\u003C/td>\u003C!-- end ngRepeat: dateObject in week.dates -->\u003Ctd data-ng-repeat=\"dateObject in week.dates\" data-ng-click=\"changeView(data.nextView, dateObject, $event)\" class=\"day ng-binding ng-scope\" data-ng-class=\"{active: dateObject.active, past: dateObject.past, future: dateObject.future, disabled: !dateObject.selectable}\">20\u003C/td>\u003C!-- end ngRepeat: dateObject in week.dates -->\u003Ctd data-ng-repeat=\"dateObject in week.dates\" data-ng-click=\"changeView(data.nextView, dateObject, $event)\" class=\"day ng-binding ng-scope\" data-ng-class=\"{active: dateObject.active, past: dateObject.past, future: dateObject.future, disabled: !dateObject.selectable}\">21\u003C/td>\u003C!-- end ngRepeat: dateObject in week.dates -->\u003Ctd data-ng-repeat=\"dateObject in week.dates\" data-ng-click=\"changeView(data.nextView, dateObject, $event)\" class=\"day ng-binding ng-scope\" data-ng-class=\"{active: dateObject.active, past: dateObject.past, future: dateObject.future, disabled: !dateObject.selectable}\">22\u003C/td>\u003C!-- end ngRepeat: dateObject in week.dates -->\u003Ctd data-ng-repeat=\"dateObject in week.dates\" data-ng-click=\"changeView(data.nextView, dateObject, $event)\" class=\"day ng-binding ng-scope\" data-ng-class=\"{active: dateObject.active, past: dateObject.past, future: dateObject.future, disabled: !dateObject.selectable}\">23\u003C/td>\u003C!-- end ngRepeat: dateObject in week.dates -->\u003Ctd data-ng-repeat=\"dateObject in week.dates\" data-ng-click=\"changeView(data.nextView, dateObject, $event)\" class=\"day ng-binding ng-scope\" data-ng-class=\"{active: dateObject.active, past: dateObject.past, future: dateObject.future, disabled: !dateObject.selectable}\">24\u003C/td>\u003C!-- end ngRepeat: dateObject in week.dates -->\u003Ctd data-ng-repeat=\"dateObject in week.dates\" data-ng-click=\"changeView(data.nextView, dateObject, $event)\" class=\"day ng-binding ng-scope\" data-ng-class=\"{active: dateObject.active, past: dateObject.past, future: dateObject.future, disabled: !dateObject.selectable}\">25\u003C/td>\u003C!-- end ngRepeat: dateObject in week.dates -->       \u003C/tr>\u003C!-- end ngIf: data.currentView === 'day' -->\u003C!-- end ngRepeat: week in data.weeks -->\u003C!-- ngIf: data.currentView === 'day' -->\u003Ctr data-ng-if=\"data.currentView === 'day'\" data-ng-repeat=\"week in data.weeks\" class=\"ng-scope\">           \u003C!-- ngRepeat: dateObject in week.dates -->\u003Ctd data-ng-repeat=\"dateObject in week.dates\" data-ng-click=\"changeView(data.nextView, dateObject, $event)\" class=\"day ng-binding ng-scope\" data-ng-class=\"{active: dateObject.active, past: dateObject.past, future: dateObject.future, disabled: !dateObject.selectable}\">26\u003C/td>\u003C!-- end ngRepeat: dateObject in week.dates -->\u003Ctd data-ng-repeat=\"dateObject in week.dates\" data-ng-click=\"changeView(data.nextView, dateObject, $event)\" class=\"day ng-binding ng-scope\" d"
11:27:07.016 [Forwarding getPageSource on session 24c56de00ffa00fe6118d27df9e3a356 to remote] DEBUG org.apache.http.wire - http-outgoing-3518 << "ata-ng-class=\"{active: dateObject.active, past: dateObject.past, future: dateObject.future, disabled: !dateObject.selectable}\">27\u003C/td>\u003C!-- end ngRepeat: dateObject in week.dates -->\u003Ctd data-ng-repeat=\"dateObject in week.dates\" data-ng-click=\"changeView(data.nextView, dateObject, $event)\" class=\"day ng-binding ng-scope\" data-ng-class=\"{active: dateObject.active, past: dateObject.past, future: dateObject.future, disabled: !dateObject.selectable}\">28\u003C/td>\u003C!-- end ngRepeat: dateObject in week.dates -->\u003Ctd data-ng-repeat=\"dateObject in week.dates\" data-ng-click=\"changeView(data.nextView, dateObject, $event)\" class=\"day ng-binding ng-scope\" data-ng-class=\"{active: dateObject.active, past: dateObject.past, future: dateObject.future, disabled: !dateObject.selectable}\">29\u003C/td>\u003C!-- end ngRepeat: dateObject in week.dates -->\u003Ctd data-ng-repeat=\"dateObject in week.dates\" data-ng-click=\"changeView(data.nextView, dateObject, $event)\" class=\"day ng-binding ng-scope\" data-ng-class=\"{active: dateObject.active, past: dateObject.past, future: dateObject.future, disabled: !dateObject.selectable}\">30\u003C/td>\u003C!-- end ngRepeat: dateObject in week.dates -->\u003Ctd data-ng-repeat=\"dateObject in week.dates\" data-ng-click=\"changeView(data.nextView, dateObject, $event)\" class=\"day ng-binding ng-scope\" data-ng-class=\"{active: dateObject.active, past: dateObject.past, future: dateObject.future, disabled: !dateObject.selectable}\">31\u003C/td>\u003C!-- end ngRepeat: dateObject in week.dates -->\u003Ctd data-ng-repeat=\"dateObject in week.dates\" data-ng-click=\"changeView(data.nextView, dateObject, $event)\" class=\"day ng-binding ng-scope future\" data-ng-class=\"{active: dateObject.active, past: dateObject.past, future: dateObject.future, disabled: !dateObject.selectable}\">1\u003C/td>\u003C!-- end ngRepeat: dateObject in week.dates -->       \u003C/tr>\u003C!-- end ngIf: data.currentView === 'day' -->\u003C!-- end ngRepeat: week in data.weeks -->\u003C!-- ngIf: data.currentView === 'day' -->\u003Ctr data-ng-if=\"data.currentView === 'day'\" data-ng-repeat=\"week in data.weeks\" class=\"ng-scope\">           \u003C!-- ngRepeat: dateObject in week.dates -->\u003Ctd data-ng-repeat=\"dateObject in week.dates\" data-ng-click=\"changeView(data.nextView, dateObject, $event)\" class=\"day ng-binding ng-scope future\" data-ng-class=\"{active: dateObject.active, past: dateObject.past, future: dateObject.future, disabled: !dateObject.selectable}\">2\u003C/td>\u003C!-- end ngRepeat: dateObject in week.dates -->\u003Ctd data-ng-repeat=\"dateObject in week.dates\" data-ng-click=\"changeView(data.nextView, dateObject, $event)\" class=\"day ng-binding ng-scope future\" data-ng-class=\"{active: dateObject.active, past: dateObject.past, future: dateObject.future, disabled: !dateObject.selectable}\">3\u003C/td>\u003C!-- end ngRepeat: dateObject in week.dates -->\u003Ctd data-ng-repeat=\"dateObject in week.dates\" data-ng-click=\"changeView(data.nextView, dateObject, $event)\" class=\"day ng-binding ng-scope future\" data-ng-class=\"{active: dateObject.active, past: dateObject.past, future: dateObject.future, disabled: !dateObject.selectable}\">4\u003C/td>\u003C!-- end ngRepeat: dateObject in week.dates -->\u003Ctd data-ng-repeat=\"dateObject in week.dates\" data-ng-click=\"changeView(data.nextView, dateObject, $event)\" class=\"day ng-binding ng-scope future\" data-ng-class=\"{active: dateObject.active, past: dateObject.past, future: dateObject.future, disabled: !dateObject.selectable}\">5\u003C/td>\u003C!-- end ngRepeat: dateObject in week.dates -->\u003Ctd data-ng-repeat=\"dateObject in week.dates\" data-ng-click=\"changeView(data.nextView, dateObject, $event)\" class=\"day ng-binding ng-scope future\" data-ng-class=\"{active: dateObject.active, past: dateObject.past, future: dateObject.future, disabled: !dateObject.selectable}\">6\u003C/td>\u003C!-- end ngRepeat: dateObject in week.dates -->\u003Ctd data-ng-repeat=\"dateObject in week.dates\" data-ng-click=\"changeView(data.nextVi"
11:27:07.016 [Forwarding getPageSource on session 24c56de00ffa00fe6118d27df9e3a356 to remote] DEBUG org.apache.http.wire - http-outgoing-3518 << "ew, dateObject, $event)\" class=\"day ng-binding ng-scope future\" data-ng-class=\"{active: dateObject.active, past: dateObject.past, future: dateObject.future, disabled: !dateObject.selectable}\">7\u003C/td>\u003C!-- end ngRepeat: dateObject in week.dates -->\u003Ctd data-ng-repeat=\"dateObject in week.dates\" data-ng-click=\"changeView(data.nextView, dateObject, $event)\" class=\"day ng-binding ng-scope future\" data-ng-class=\"{active: dateObject.active, past: dateObject.past, future: dateObject.future, disabled: !dateObject.selectable}\">8\u003C/td>\u003C!-- end ngRepeat: dateObject in week.dates -->       \u003C/tr>\u003C!-- end ngIf: data.currentView === 'day' -->\u003C!-- end ngRepeat: week in data.weeks -->   \u003C/tbody>\u003C/table>\u003C/div>\u003C/ul> \u003C/div> \u003C/div> \u003Cdiv class=\"form-group\"> \u003Clabel>Status\u003C/label> \u003Cselect id=\"status\" class=\"form-control ng-pristine ng-untouched ng-valid\" data-ng-model=\"search.active\"> \u003Coption name=\"All\" value=\"\">All \u003C/option>\u003Coption name=\"Active\" value=\"true\">Active \u003C/option>\u003Coption name=\"Inactive\" value=\"false\">Inactive \u003C/option>\u003C/select> \u003C/div> \u003Cdiv class=\"form-group\"> \u003Clabel for=\"type\">Type\u003C/label> \u003Cselect id=\"type\" name=\"search.type\" class=\"form-control ng-pristine ng-untouched ng-valid\" ng-model=\"search.type\" ng-options=\"campaignType.key as campaignType.value for campaignType in campaignTypes\">\u003Coption value=\"string:\" label=\"All\" selected=\"selected\">All\u003C/option>\u003Coption value=\"string:PROMO_CODE\" label=\"Promo Code\">Promo Code\u003C/option>\u003Coption value=\"string:SINGLE_USE_TRANSFERABLE\" label=\"Single Use Transferable\">Single Use Transferable\u003C/option>\u003Coption value=\"string:SINGLE_USE_NON_TRANSFERABLE\" label=\"Single Use Non-Transferable\">Single Use Non-Transferable\u003C/option>\u003Coption value=\"string:GIFTING\" label=\"Gifting\">Gifting\u003C/option>\u003C/select> \u003C/div> \u003Cbutton type=\"submit\" class=\"btn btn-primary filter\" ng-click=\"searchForm.$valid &amp;&amp; updateFilter()\" ng-disabled=\"!searchForm.$valid\">Filter Campaigns \u003C/button> \u003Cbutton type=\"submit\" class=\"btn btn-default clear\" ng-click=\"clearFilter()\">Clear Filter\u003C/button> \u003C/div> \u003C/form> \u003C/div> \u003Cdiv class=\"row ng-scope\"> \u003Cdiv class=\"col-md-12\"> \u003Ca style=\"cursor: pointer\" ng-click=\"showFilters=!showFilters\" class=\"ng-binding\">Show Advanced Filters\u003C/a> \u003C/div> \u003C/div> \u003Cdiv class=\"row ng-scope\"> \u003Cdiv class=\"col-md-12\"> \u003Ctable class=\"table campaign-list\" id=\"campaign-list\"> \u003Cthead> \u003Ctr> \u003Cth>Name \u003C/th>\u003Cth>State \u003C/th>\u003Cth>Type \u003C/th>\u003Cth>Start \u003C/th>\u003Cth>End \u003C/th>\u003Cth>Vouchers \u003C/th>\u003Cth>Redemption Cap \u003C/th>\u003Cth>Redeemed   \u003C/th>\u003C/tr>\u003C/thead>\u003Ctbody> \u003C!-- ngRepeat: campaign in campaigns | itemsPerPage: 25 -->\u003C/tbody>\u003C/table> \u003C/div> \u003C/div> \u003Cdiv dir-pagination-controls=\"\" class=\"col-lg-12 paginationList ng-scope ng-isolate-scope\" on-page-change=\"pageChanged(newPageNumber)\">\u003C!-- ngIf: 1 \u003C pages.length -->\u003C/div>\u003C/div> \u003Cdiv class=\"footer\">\u003C/div> \u003C/div> \u003C!--[if lt IE 9]>\n    \u003Cscript src=\"scripts/ie-include.f36418f6.js\">\u003C/script>\n    \u003C![endif]--> \u003Cscript src=\"scripts/vendor.d6d66745.js\">\u003C/script> \u003Cscript src=\"scripts/scripts.3c00b7f2.js\">\u003C/script> \u003Cscript src=\"/config\">\u003C/script>  \u003C/body>\u003C/html>"}"
11:27:07.016 [Forwarding getPageSource on session 24c56de00ffa00fe6118d27df9e3a356 to remote] DEBUG o.a.h.i.c.DefaultManagedHttpClientConnection - http-outgoing-3518: Shutdown connection
11:27:07.016 [Forwarding getPageSource on session 24c56de00ffa00fe6118d27df9e3a356 to remote] DEBUG o.a.h.impl.execchain.MainClientExec - Connection discarded
11:27:07.016 [Forwarding getPageSource on session 24c56de00ffa00fe6118d27df9e3a356 to remote] DEBUG o.a.h.i.c.DefaultManagedHttpClientConnection - http-outgoing-3518: Close connection
11:27:07.016 [Forwarding getPageSource on session 24c56de00ffa00fe6118d27df9e3a356 to remote] DEBUG o.a.h.i.c.PoolingHttpClientConnectionManager - Connection released: [id: 3518][route: {}->http://localhost:5387][total kept alive: 0; route allocated: 0 of 2000; total allocated: 0 of 2000]
]]></system-out>
  <system-err><![CDATA[]]></system-err>
</testsuite>
