<?xml version="1.0" encoding="UTF-8"?>
<testsuite name="happy path" tests="1" skipped="0" failures="0" errors="0" timestamp="2015-07-07T10:26:36" hostname="jov-HP-Z220-CMT-Workstation" time="4.892">
  <properties/>
  <testcase name="Scenario: Generate single voucher on SUNT campaigns " classname="happy path" time="4.892"/>
  <system-out><![CDATA[11:26:36.921 [Test worker] DEBUG o.s.b.f.s.DefaultListableBeanFactory - Creating instance of bean 'com.nowtv.pav.test.steps.GenericSteps'
11:26:36.921 [Test worker] DEBUG o.s.b.f.s.DefaultListableBeanFactory - Finished creating instance of bean 'com.nowtv.pav.test.steps.GenericSteps'
11:26:36.921 [Forwarding maximizeWindow on session 24c56de00ffa00fe6118d27df9e3a356 to remote] DEBUG o.a.h.c.protocol.RequestAddCookies - CookieSpec selected: best-match
11:26:36.921 [Forwarding maximizeWindow on session 24c56de00ffa00fe6118d27df9e3a356 to remote] DEBUG o.a.h.c.protocol.RequestAuthCache - Auth cache not set in the context
11:26:36.921 [Forwarding maximizeWindow on session 24c56de00ffa00fe6118d27df9e3a356 to remote] DEBUG o.a.h.i.c.PoolingHttpClientConnectionManager - Connection request: [route: {}->http://localhost:5387][total kept alive: 0; route allocated: 0 of 2000; total allocated: 0 of 2000]
11:26:36.922 [Forwarding maximizeWindow on session 24c56de00ffa00fe6118d27df9e3a356 to remote] DEBUG o.a.h.i.c.PoolingHttpClientConnectionManager - Connection leased: [id: 2194][route: {}->http://localhost:5387][total kept alive: 0; route allocated: 1 of 2000; total allocated: 1 of 2000]
11:26:36.922 [Forwarding maximizeWindow on session 24c56de00ffa00fe6118d27df9e3a356 to remote] DEBUG o.a.h.impl.execchain.MainClientExec - Opening connection {}->http://localhost:5387
11:26:36.922 [Forwarding maximizeWindow on session 24c56de00ffa00fe6118d27df9e3a356 to remote] DEBUG o.a.h.i.c.HttpClientConnectionOperator - Connecting to localhost/127.0.0.1:5387
11:26:36.922 [Forwarding maximizeWindow on session 24c56de00ffa00fe6118d27df9e3a356 to remote] DEBUG o.a.h.i.c.HttpClientConnectionOperator - Connection established 127.0.0.1:45227<->127.0.0.1:5387
11:26:36.922 [Forwarding maximizeWindow on session 24c56de00ffa00fe6118d27df9e3a356 to remote] DEBUG o.a.h.impl.execchain.MainClientExec - Executing request POST /session/24c56de00ffa00fe6118d27df9e3a356/window/current/maximize HTTP/1.1
11:26:36.922 [Forwarding maximizeWindow on session 24c56de00ffa00fe6118d27df9e3a356 to remote] DEBUG o.a.h.impl.execchain.MainClientExec - Target auth state: UNCHALLENGED
11:26:36.922 [Forwarding maximizeWindow on session 24c56de00ffa00fe6118d27df9e3a356 to remote] DEBUG o.a.h.impl.execchain.MainClientExec - Proxy auth state: UNCHALLENGED
11:26:36.922 [Forwarding maximizeWindow on session 24c56de00ffa00fe6118d27df9e3a356 to remote] DEBUG org.apache.http.headers - http-outgoing-2194 >> POST /session/24c56de00ffa00fe6118d27df9e3a356/window/current/maximize HTTP/1.1
11:26:36.922 [Forwarding maximizeWindow on session 24c56de00ffa00fe6118d27df9e3a356 to remote] DEBUG org.apache.http.headers - http-outgoing-2194 >> Content-Type: application/json; charset=utf-8
11:26:36.922 [Forwarding maximizeWindow on session 24c56de00ffa00fe6118d27df9e3a356 to remote] DEBUG org.apache.http.headers - http-outgoing-2194 >> Content-Length: 26
11:26:36.922 [Forwarding maximizeWindow on session 24c56de00ffa00fe6118d27df9e3a356 to remote] DEBUG org.apache.http.headers - http-outgoing-2194 >> Host: localhost:5387
11:26:36.922 [Forwarding maximizeWindow on session 24c56de00ffa00fe6118d27df9e3a356 to remote] DEBUG org.apache.http.headers - http-outgoing-2194 >> Connection: Keep-Alive
11:26:36.922 [Forwarding maximizeWindow on session 24c56de00ffa00fe6118d27df9e3a356 to remote] DEBUG org.apache.http.headers - http-outgoing-2194 >> User-Agent: Apache-HttpClient/4.3.4 (java 1.5)
11:26:36.922 [Forwarding maximizeWindow on session 24c56de00ffa00fe6118d27df9e3a356 to remote] DEBUG org.apache.http.headers - http-outgoing-2194 >> Accept-Encoding: gzip,deflate
11:26:36.922 [Forwarding maximizeWindow on session 24c56de00ffa00fe6118d27df9e3a356 to remote] DEBUG org.apache.http.wire - http-outgoing-2194 >> "POST /session/24c56de00ffa00fe6118d27df9e3a356/window/current/maximize HTTP/1.1[\r][\n]"
11:26:36.922 [Forwarding maximizeWindow on session 24c56de00ffa00fe6118d27df9e3a356 to remote] DEBUG org.apache.http.wire - http-outgoing-2194 >> "Content-Type: application/json; charset=utf-8[\r][\n]"
11:26:36.922 [Forwarding maximizeWindow on session 24c56de00ffa00fe6118d27df9e3a356 to remote] DEBUG org.apache.http.wire - http-outgoing-2194 >> "Content-Length: 26[\r][\n]"
11:26:36.922 [Forwarding maximizeWindow on session 24c56de00ffa00fe6118d27df9e3a356 to remote] DEBUG org.apache.http.wire - http-outgoing-2194 >> "Host: localhost:5387[\r][\n]"
11:26:36.922 [Forwarding maximizeWindow on session 24c56de00ffa00fe6118d27df9e3a356 to remote] DEBUG org.apache.http.wire - http-outgoing-2194 >> "Connection: Keep-Alive[\r][\n]"
11:26:36.922 [Forwarding maximizeWindow on session 24c56de00ffa00fe6118d27df9e3a356 to remote] DEBUG org.apache.http.wire - http-outgoing-2194 >> "User-Agent: Apache-HttpClient/4.3.4 (java 1.5)[\r][\n]"
11:26:36.922 [Forwarding maximizeWindow on session 24c56de00ffa00fe6118d27df9e3a356 to remote] DEBUG org.apache.http.wire - http-outgoing-2194 >> "Accept-Encoding: gzip,deflate[\r][\n]"
11:26:36.922 [Forwarding maximizeWindow on session 24c56de00ffa00fe6118d27df9e3a356 to remote] DEBUG org.apache.http.wire - http-outgoing-2194 >> "[\r][\n]"
11:26:36.922 [Forwarding maximizeWindow on session 24c56de00ffa00fe6118d27df9e3a356 to remote] DEBUG org.apache.http.wire - http-outgoing-2194 >> "{"windowHandle":"current"}"
11:26:37.029 [Forwarding maximizeWindow on session 24c56de00ffa00fe6118d27df9e3a356 to remote] DEBUG org.apache.http.wire - http-outgoing-2194 << "HTTP/1.1 200 OK[\r][\n]"
11:26:37.029 [Forwarding maximizeWindow on session 24c56de00ffa00fe6118d27df9e3a356 to remote] DEBUG org.apache.http.wire - http-outgoing-2194 << "Content-Length:72[\r][\n]"
11:26:37.029 [Forwarding maximizeWindow on session 24c56de00ffa00fe6118d27df9e3a356 to remote] DEBUG org.apache.http.wire - http-outgoing-2194 << "Content-Type:application/json; charset=utf-8[\r][\n]"
11:26:37.029 [Forwarding maximizeWindow on session 24c56de00ffa00fe6118d27df9e3a356 to remote] DEBUG org.apache.http.wire - http-outgoing-2194 << "Connection:close[\r][\n]"
11:26:37.029 [Forwarding maximizeWindow on session 24c56de00ffa00fe6118d27df9e3a356 to remote] DEBUG org.apache.http.wire - http-outgoing-2194 << "[\r][\n]"
11:26:37.029 [Forwarding maximizeWindow on session 24c56de00ffa00fe6118d27df9e3a356 to remote] DEBUG org.apache.http.wire - http-outgoing-2194 << "{"sessionId":"24c56de00ffa00fe6118d27df9e3a356","status":0,"value":null}"
11:26:37.029 [Forwarding maximizeWindow on session 24c56de00ffa00fe6118d27df9e3a356 to remote] DEBUG org.apache.http.headers - http-outgoing-2194 << HTTP/1.1 200 OK
11:26:37.029 [Forwarding maximizeWindow on session 24c56de00ffa00fe6118d27df9e3a356 to remote] DEBUG org.apache.http.headers - http-outgoing-2194 << Content-Length:72
11:26:37.029 [Forwarding maximizeWindow on session 24c56de00ffa00fe6118d27df9e3a356 to remote] DEBUG org.apache.http.headers - http-outgoing-2194 << Content-Type:application/json; charset=utf-8
11:26:37.029 [Forwarding maximizeWindow on session 24c56de00ffa00fe6118d27df9e3a356 to remote] DEBUG org.apache.http.headers - http-outgoing-2194 << Connection:close
11:26:37.029 [Forwarding maximizeWindow on session 24c56de00ffa00fe6118d27df9e3a356 to remote] DEBUG o.a.h.i.c.DefaultManagedHttpClientConnection - http-outgoing-2194: Shutdown connection
11:26:37.029 [Forwarding maximizeWindow on session 24c56de00ffa00fe6118d27df9e3a356 to remote] DEBUG o.a.h.impl.execchain.MainClientExec - Connection discarded
11:26:37.029 [Forwarding maximizeWindow on session 24c56de00ffa00fe6118d27df9e3a356 to remote] DEBUG o.a.h.i.c.DefaultManagedHttpClientConnection - http-outgoing-2194: Close connection
11:26:37.029 [Forwarding maximizeWindow on session 24c56de00ffa00fe6118d27df9e3a356 to remote] DEBUG o.a.h.i.c.PoolingHttpClientConnectionManager - Connection released: [id: 2194][route: {}->http://localhost:5387][total kept alive: 0; route allocated: 0 of 2000; total allocated: 0 of 2000]
11:26:37.030 [Forwarding get on session 24c56de00ffa00fe6118d27df9e3a356 to remote] DEBUG o.a.h.c.protocol.RequestAddCookies - CookieSpec selected: best-match
11:26:37.030 [Forwarding get on session 24c56de00ffa00fe6118d27df9e3a356 to remote] DEBUG o.a.h.c.protocol.RequestAuthCache - Auth cache not set in the context
11:26:37.030 [Forwarding get on session 24c56de00ffa00fe6118d27df9e3a356 to remote] DEBUG o.a.h.i.c.PoolingHttpClientConnectionManager - Connection request: [route: {}->http://localhost:5387][total kept alive: 0; route allocated: 0 of 2000; total allocated: 0 of 2000]
11:26:37.030 [Forwarding get on session 24c56de00ffa00fe6118d27df9e3a356 to remote] DEBUG o.a.h.i.c.PoolingHttpClientConnectionManager - Connection leased: [id: 2195][route: {}->http://localhost:5387][total kept alive: 0; route allocated: 1 of 2000; total allocated: 1 of 2000]
11:26:37.030 [Forwarding get on session 24c56de00ffa00fe6118d27df9e3a356 to remote] DEBUG o.a.h.impl.execchain.MainClientExec - Opening connection {}->http://localhost:5387
11:26:37.030 [Forwarding get on session 24c56de00ffa00fe6118d27df9e3a356 to remote] DEBUG o.a.h.i.c.HttpClientConnectionOperator - Connecting to localhost/127.0.0.1:5387
11:26:37.030 [Forwarding get on session 24c56de00ffa00fe6118d27df9e3a356 to remote] DEBUG o.a.h.i.c.HttpClientConnectionOperator - Connection established 127.0.0.1:45228<->127.0.0.1:5387
11:26:37.030 [Forwarding get on session 24c56de00ffa00fe6118d27df9e3a356 to remote] DEBUG o.a.h.impl.execchain.MainClientExec - Executing request POST /session/24c56de00ffa00fe6118d27df9e3a356/url HTTP/1.1
11:26:37.031 [Forwarding get on session 24c56de00ffa00fe6118d27df9e3a356 to remote] DEBUG o.a.h.impl.execchain.MainClientExec - Target auth state: UNCHALLENGED
11:26:37.031 [Forwarding get on session 24c56de00ffa00fe6118d27df9e3a356 to remote] DEBUG o.a.h.impl.execchain.MainClientExec - Proxy auth state: UNCHALLENGED
11:26:37.031 [Forwarding get on session 24c56de00ffa00fe6118d27df9e3a356 to remote] DEBUG org.apache.http.headers - http-outgoing-2195 >> POST /session/24c56de00ffa00fe6118d27df9e3a356/url HTTP/1.1
11:26:37.031 [Forwarding get on session 24c56de00ffa00fe6118d27df9e3a356 to remote] DEBUG org.apache.http.headers - http-outgoing-2195 >> Content-Type: application/json; charset=utf-8
11:26:37.031 [Forwarding get on session 24c56de00ffa00fe6118d27df9e3a356 to remote] DEBUG org.apache.http.headers - http-outgoing-2195 >> Content-Length: 80
11:26:37.031 [Forwarding get on session 24c56de00ffa00fe6118d27df9e3a356 to remote] DEBUG org.apache.http.headers - http-outgoing-2195 >> Host: localhost:5387
11:26:37.031 [Forwarding get on session 24c56de00ffa00fe6118d27df9e3a356 to remote] DEBUG org.apache.http.headers - http-outgoing-2195 >> Connection: Keep-Alive
11:26:37.031 [Forwarding get on session 24c56de00ffa00fe6118d27df9e3a356 to remote] DEBUG org.apache.http.headers - http-outgoing-2195 >> User-Agent: Apache-HttpClient/4.3.4 (java 1.5)
11:26:37.031 [Forwarding get on session 24c56de00ffa00fe6118d27df9e3a356 to remote] DEBUG org.apache.http.headers - http-outgoing-2195 >> Accept-Encoding: gzip,deflate
11:26:37.031 [Forwarding get on session 24c56de00ffa00fe6118d27df9e3a356 to remote] DEBUG org.apache.http.wire - http-outgoing-2195 >> "POST /session/24c56de00ffa00fe6118d27df9e3a356/url HTTP/1.1[\r][\n]"
11:26:37.031 [Forwarding get on session 24c56de00ffa00fe6118d27df9e3a356 to remote] DEBUG org.apache.http.wire - http-outgoing-2195 >> "Content-Type: application/json; charset=utf-8[\r][\n]"
11:26:37.031 [Forwarding get on session 24c56de00ffa00fe6118d27df9e3a356 to remote] DEBUG org.apache.http.wire - http-outgoing-2195 >> "Content-Length: 80[\r][\n]"
11:26:37.031 [Forwarding get on session 24c56de00ffa00fe6118d27df9e3a356 to remote] DEBUG org.apache.http.wire - http-outgoing-2195 >> "Host: localhost:5387[\r][\n]"
11:26:37.031 [Forwarding get on session 24c56de00ffa00fe6118d27df9e3a356 to remote] DEBUG org.apache.http.wire - http-outgoing-2195 >> "Connection: Keep-Alive[\r][\n]"
11:26:37.031 [Forwarding get on session 24c56de00ffa00fe6118d27df9e3a356 to remote] DEBUG org.apache.http.wire - http-outgoing-2195 >> "User-Agent: Apache-HttpClient/4.3.4 (java 1.5)[\r][\n]"
11:26:37.031 [Forwarding get on session 24c56de00ffa00fe6118d27df9e3a356 to remote] DEBUG org.apache.http.wire - http-outgoing-2195 >> "Accept-Encoding: gzip,deflate[\r][\n]"
11:26:37.031 [Forwarding get on session 24c56de00ffa00fe6118d27df9e3a356 to remote] DEBUG org.apache.http.wire - http-outgoing-2195 >> "[\r][\n]"
11:26:37.031 [Forwarding get on session 24c56de00ffa00fe6118d27df9e3a356 to remote] DEBUG org.apache.http.wire - http-outgoing-2195 >> "{"url":"http://admin:pass@voucher-manager.snapshot.pv.nimbus-stage.cg.sky.com/"}"
11:26:37.217 [Forwarding get on session 24c56de00ffa00fe6118d27df9e3a356 to remote] DEBUG org.apache.http.wire - http-outgoing-2195 << "HTTP/1.1 200 OK[\r][\n]"
11:26:37.217 [Forwarding get on session 24c56de00ffa00fe6118d27df9e3a356 to remote] DEBUG org.apache.http.wire - http-outgoing-2195 << "Content-Length:72[\r][\n]"
11:26:37.217 [Forwarding get on session 24c56de00ffa00fe6118d27df9e3a356 to remote] DEBUG org.apache.http.wire - http-outgoing-2195 << "Content-Type:application/json; charset=utf-8[\r][\n]"
11:26:37.217 [Forwarding get on session 24c56de00ffa00fe6118d27df9e3a356 to remote] DEBUG org.apache.http.wire - http-outgoing-2195 << "Connection:close[\r][\n]"
11:26:37.217 [Forwarding get on session 24c56de00ffa00fe6118d27df9e3a356 to remote] DEBUG org.apache.http.wire - http-outgoing-2195 << "[\r][\n]"
11:26:37.217 [Forwarding get on session 24c56de00ffa00fe6118d27df9e3a356 to remote] DEBUG org.apache.http.wire - http-outgoing-2195 << "{"sessionId":"24c56de00ffa00fe6118d27df9e3a356","status":0,"value":null}"
11:26:37.217 [Forwarding get on session 24c56de00ffa00fe6118d27df9e3a356 to remote] DEBUG org.apache.http.headers - http-outgoing-2195 << HTTP/1.1 200 OK
11:26:37.217 [Forwarding get on session 24c56de00ffa00fe6118d27df9e3a356 to remote] DEBUG org.apache.http.headers - http-outgoing-2195 << Content-Length:72
11:26:37.217 [Forwarding get on session 24c56de00ffa00fe6118d27df9e3a356 to remote] DEBUG org.apache.http.headers - http-outgoing-2195 << Content-Type:application/json; charset=utf-8
11:26:37.217 [Forwarding get on session 24c56de00ffa00fe6118d27df9e3a356 to remote] DEBUG org.apache.http.headers - http-outgoing-2195 << Connection:close
11:26:37.217 [Forwarding get on session 24c56de00ffa00fe6118d27df9e3a356 to remote] DEBUG o.a.h.i.c.DefaultManagedHttpClientConnection - http-outgoing-2195: Shutdown connection
11:26:37.217 [Forwarding get on session 24c56de00ffa00fe6118d27df9e3a356 to remote] DEBUG o.a.h.impl.execchain.MainClientExec - Connection discarded
11:26:37.217 [Forwarding get on session 24c56de00ffa00fe6118d27df9e3a356 to remote] DEBUG o.a.h.i.c.DefaultManagedHttpClientConnection - http-outgoing-2195: Close connection
11:26:37.217 [Forwarding get on session 24c56de00ffa00fe6118d27df9e3a356 to remote] DEBUG o.a.h.i.c.PoolingHttpClientConnectionManager - Connection released: [id: 2195][route: {}->http://localhost:5387][total kept alive: 0; route allocated: 0 of 2000; total allocated: 0 of 2000]
11:26:37.222 [Test worker] DEBUG o.s.b.f.s.DefaultListableBeanFactory - Creating instance of bean 'com.nowtv.pav.test.steps.CreateCampaignSteps'
11:26:37.223 [Test worker] DEBUG o.s.b.f.s.DefaultListableBeanFactory - Finished creating instance of bean 'com.nowtv.pav.test.steps.CreateCampaignSteps'
11:26:37.223 [Test worker] DEBUG o.a.h.i.c.PoolingClientConnectionManager - Connection request: [route: {}->http://voucher-manager.snapshot.pv.nimbus-stage.cg.sky.com][total kept alive: 1; route allocated: 1 of 100; total allocated: 1 of 200]
11:26:37.223 [Test worker] DEBUG o.a.h.i.c.PoolingClientConnectionManager - Connection [id:1][route:{}->http://voucher-manager.snapshot.pv.nimbus-stage.cg.sky.com][state:null] expired @ Tue Jul 07 11:26:20 BST 2015
11:26:37.224 [Test worker] DEBUG o.a.h.i.conn.DefaultClientConnection - Connection 0.0.0.0:54968<->80.238.10.34:80 closed
11:26:37.224 [Test worker] DEBUG o.a.h.i.c.PoolingClientConnectionManager - Connection leased: [id: 2][route: {}->http://voucher-manager.snapshot.pv.nimbus-stage.cg.sky.com][total kept alive: 0; route allocated: 1 of 100; total allocated: 1 of 200]
11:26:37.224 [Test worker] DEBUG o.a.h.i.c.DefaultClientConnectionOperator - Connecting to voucher-manager.snapshot.pv.nimbus-stage.cg.sky.com:80
11:26:37.230 [Test worker] DEBUG o.a.h.c.protocol.RequestAddCookies - CookieSpec selected: best-match
11:26:37.230 [Test worker] DEBUG o.a.h.c.protocol.RequestAuthCache - Auth cache not set in the context
11:26:37.231 [Test worker] DEBUG o.a.h.c.p.RequestTargetAuthentication - Target auth state: UNCHALLENGED
11:26:37.231 [Test worker] DEBUG o.a.h.c.p.RequestProxyAuthentication - Proxy auth state: UNCHALLENGED
11:26:37.231 [Test worker] DEBUG o.a.h.impl.client.DefaultHttpClient - Attempt 1 to execute request
11:26:37.231 [Test worker] DEBUG o.a.h.i.conn.DefaultClientConnection - Sending request: POST /campaign HTTP/1.1
11:26:37.231 [Test worker] DEBUG org.apache.http.wire -  >> "POST /campaign HTTP/1.1[\r][\n]"
11:26:37.231 [Test worker] DEBUG org.apache.http.wire -  >> "Content-Type: application/json[\r][\n]"
11:26:37.231 [Test worker] DEBUG org.apache.http.wire -  >> "Content-Length: 249[\r][\n]"
11:26:37.231 [Test worker] DEBUG org.apache.http.wire -  >> "Host: voucher-manager.snapshot.pv.nimbus-stage.cg.sky.com[\r][\n]"
11:26:37.231 [Test worker] DEBUG org.apache.http.wire -  >> "Connection: Keep-Alive[\r][\n]"
11:26:37.231 [Test worker] DEBUG org.apache.http.wire -  >> "User-Agent: Apache-HttpClient/4.3.4 (java 1.5)[\r][\n]"
11:26:37.231 [Test worker] DEBUG org.apache.http.wire -  >> "Authorization: Basic YWRtaW46cGFzcw==[\r][\n]"
11:26:37.231 [Test worker] DEBUG org.apache.http.wire -  >> "[\r][\n]"
11:26:37.231 [Test worker] DEBUG org.apache.http.headers - >> POST /campaign HTTP/1.1
11:26:37.231 [Test worker] DEBUG org.apache.http.headers - >> Content-Type: application/json
11:26:37.231 [Test worker] DEBUG org.apache.http.headers - >> Content-Length: 249
11:26:37.231 [Test worker] DEBUG org.apache.http.headers - >> Host: voucher-manager.snapshot.pv.nimbus-stage.cg.sky.com
11:26:37.231 [Test worker] DEBUG org.apache.http.headers - >> Connection: Keep-Alive
11:26:37.231 [Test worker] DEBUG org.apache.http.headers - >> User-Agent: Apache-HttpClient/4.3.4 (java 1.5)
11:26:37.231 [Test worker] DEBUG org.apache.http.headers - >> Authorization: Basic YWRtaW46cGFzcw==
11:26:37.231 [Test worker] DEBUG org.apache.http.wire -  >> "{[\n]"
11:26:37.231 [Test worker] DEBUG org.apache.http.wire -  >> "[0x9]"type":"SINGLE_USE_NON_TRANSFERABLE",[\n]"
11:26:37.231 [Test worker] DEBUG org.apache.http.wire -  >> "   "name":"SUNT Campaign",[\n]"
11:26:37.231 [Test worker] DEBUG org.apache.http.wire -  >> "   "prefix":"NOW",[\n]"
11:26:37.231 [Test worker] DEBUG org.apache.http.wire -  >> "   "cancelled":false,[\n]"
11:26:37.231 [Test worker] DEBUG org.apache.http.wire -  >> "   "pomOfferId":"12346",[\n]"
11:26:37.231 [Test worker] DEBUG org.apache.http.wire -  >> "   "secondaryOfferId":"abc123",[\n]"
11:26:37.231 [Test worker] DEBUG org.apache.http.wire -  >> "   "start":"2014-06-26T00:00:00Z",[\n]"
11:26:37.231 [Test worker] DEBUG org.apache.http.wire -  >> "   "end":"2016-06-26T00:00:00Z",[\n]"
11:26:37.231 [Test worker] DEBUG org.apache.http.wire -  >> "   "cap":"20"[\n]"
11:26:37.231 [Test worker] DEBUG org.apache.http.wire -  >> "}"
11:26:37.312 [Test worker] DEBUG org.apache.http.wire -  << "HTTP/1.1 201 Created[\r][\n]"
11:26:37.312 [Test worker] DEBUG org.apache.http.wire -  << "X-FORWARDED-PROTO: http[\r][\n]"
11:26:37.312 [Test worker] DEBUG org.apache.http.wire -  << "Server: nginx[\r][\n]"
11:26:37.312 [Test worker] DEBUG org.apache.http.wire -  << "Date: Tue, 07 Jul 2015 10:26:37 GMT[\r][\n]"
11:26:37.312 [Test worker] DEBUG org.apache.http.wire -  << "Content-Type: application/json;charset=UTF-8[\r][\n]"
11:26:37.312 [Test worker] DEBUG org.apache.http.wire -  << "Transfer-Encoding: chunked[\r][\n]"
11:26:37.312 [Test worker] DEBUG org.apache.http.wire -  << "Connection: keep-alive[\r][\n]"
11:26:37.313 [Test worker] DEBUG org.apache.http.wire -  << "Keep-Alive: timeout=10[\r][\n]"
11:26:37.313 [Test worker] DEBUG org.apache.http.wire -  << "Access-Control-Allow-Credentials: true[\r][\n]"
11:26:37.313 [Test worker] DEBUG org.apache.http.wire -  << "X-Content-Type-Options: nosniff[\r][\n]"
11:26:37.313 [Test worker] DEBUG org.apache.http.wire -  << "X-XSS-Protection: 1; mode=block[\r][\n]"
11:26:37.313 [Test worker] DEBUG org.apache.http.wire -  << "Cache-Control: no-cache, no-store, max-age=0, must-revalidate[\r][\n]"
11:26:37.313 [Test worker] DEBUG org.apache.http.wire -  << "Pragma: no-cache[\r][\n]"
11:26:37.313 [Test worker] DEBUG org.apache.http.wire -  << "Expires: 0[\r][\n]"
11:26:37.313 [Test worker] DEBUG org.apache.http.wire -  << "X-Frame-Options: DENY[\r][\n]"
11:26:37.313 [Test worker] DEBUG org.apache.http.wire -  << "X-Application-Context: pv__voucher-manager__snapshot__v444:snapshot-cloud:0[\r][\n]"
11:26:37.313 [Test worker] DEBUG org.apache.http.wire -  << "[\r][\n]"
11:26:37.313 [Test worker] DEBUG o.a.h.i.conn.DefaultClientConnection - Receiving response: HTTP/1.1 201 Created
11:26:37.313 [Test worker] DEBUG org.apache.http.headers - << HTTP/1.1 201 Created
11:26:37.313 [Test worker] DEBUG org.apache.http.headers - << X-FORWARDED-PROTO: http
11:26:37.313 [Test worker] DEBUG org.apache.http.headers - << Server: nginx
11:26:37.313 [Test worker] DEBUG org.apache.http.headers - << Date: Tue, 07 Jul 2015 10:26:37 GMT
11:26:37.313 [Test worker] DEBUG org.apache.http.headers - << Content-Type: application/json;charset=UTF-8
11:26:37.313 [Test worker] DEBUG org.apache.http.headers - << Transfer-Encoding: chunked
11:26:37.313 [Test worker] DEBUG org.apache.http.headers - << Connection: keep-alive
11:26:37.313 [Test worker] DEBUG org.apache.http.headers - << Keep-Alive: timeout=10
11:26:37.313 [Test worker] DEBUG org.apache.http.headers - << Access-Control-Allow-Credentials: true
11:26:37.313 [Test worker] DEBUG org.apache.http.headers - << X-Content-Type-Options: nosniff
11:26:37.313 [Test worker] DEBUG org.apache.http.headers - << X-XSS-Protection: 1; mode=block
11:26:37.313 [Test worker] DEBUG org.apache.http.headers - << Cache-Control: no-cache, no-store, max-age=0, must-revalidate
11:26:37.313 [Test worker] DEBUG org.apache.http.headers - << Pragma: no-cache
11:26:37.313 [Test worker] DEBUG org.apache.http.headers - << Expires: 0
11:26:37.313 [Test worker] DEBUG org.apache.http.headers - << X-Frame-Options: DENY
11:26:37.313 [Test worker] DEBUG org.apache.http.headers - << X-Application-Context: pv__voucher-manager__snapshot__v444:snapshot-cloud:0
11:26:37.313 [Test worker] DEBUG o.a.h.impl.client.DefaultHttpClient - Connection can be kept alive for 10000 MILLISECONDS
11:26:37.313 [Test worker] DEBUG org.apache.http.wire -  << "4a7[\r][\n]"
11:26:37.313 [Test worker] DEBUG org.apache.http.wire -  << "{"id":9112,"type":"SINGLE_USE_NON_TRANSFERABLE","name":"SUNT Campaign","description":null,"prefix":"NOW","cancelled":false,"pomOfferId":"12346","secondaryOfferId":"abc123","start":"2014-06-26T00:00:00Z","end":"2016-06-26T00:00:00Z","cap":20,"voucherCreationLock":false,"state":null,"updated":"2015-07-07T10:26:37Z","updatedBy":"admin","created":"2015-07-07T10:26:37Z","createdBy":"admin","totalVoucherCount":null,"redeemedCount":0,"campaignState":"ACTIVE","links":[{"rel":"self","href":"http://voucher-manager.snapshot.pv.nimbus-stage.cg.sky.com/campaign/9112"},{"rel":"campaign.types","href":"http://voucher-manager.snapshot.pv.nimbus-stage.cg.sky.com/campaign/types"},{"rel":"voucher.batches","href":"http://voucher-manager.snapshot.pv.nimbus-stage.cg.sky.com/campaign/9112/voucher-batch"},{"rel":"voucher.create-additional","href":"http://voucher-manager.snapshot.pv.nimbus-stage.cg.sky.com/campaign/9112/voucher-batch/casenumber/1/accountId/2?requestedAccountId=2"},{"rel":"campaign.history","href":"http://voucher-manager.snapshot.pv.nimbus-stage.cg.sky.com/campaign/9112/history"},{"rel":"campaign.update","href":"http://voucher-manager.snapshot.pv.nimbus-stage.cg.sky.com/campaign"}]}"
11:26:37.313 [Test worker] DEBUG org.apache.http.wire -  << "[\r][\n]"
11:26:37.313 [Test worker] DEBUG org.apache.http.wire -  << "0[\r][\n]"
11:26:37.313 [Test worker] DEBUG org.apache.http.wire -  << "[\r][\n]"
11:26:37.313 [Test worker] DEBUG o.a.h.i.c.PoolingClientConnectionManager - Connection [id: 2][route: {}->http://voucher-manager.snapshot.pv.nimbus-stage.cg.sky.com] can be kept alive for 10000 MILLISECONDS
11:26:37.313 [Test worker] DEBUG o.a.h.i.c.PoolingClientConnectionManager - Connection released: [id: 2][route: {}->http://voucher-manager.snapshot.pv.nimbus-stage.cg.sky.com][total kept alive: 1; route allocated: 1 of 100; total allocated: 1 of 200]
]]></system-out>
  <system-err><![CDATA[]]></system-err>
</testsuite>
