<?xml version="1.0" encoding="UTF-8"?>
<testsuite name="Scenario: Using create campaign" tests="2" skipped="0" failures="0" errors="0" timestamp="2015-07-07T10:27:56" hostname="jov-HP-Z220-CMT-Workstation" time="0.001">
  <properties/>
  <testcase name="When I create the campaign" classname="Scenario: Using create campaign" time="0.0"/>
  <testcase name="classMethod" classname="Scenario: Using create campaign" time="0.416"/>
  <system-out><![CDATA[11:27:56.435 [Test worker] DEBUG o.s.b.f.s.DefaultListableBeanFactory - Creating instance of bean 'com.nowtv.pav.test.steps.GenericSteps'
11:27:56.481 [Test worker] DEBUG o.s.b.f.s.DefaultListableBeanFactory - Finished creating instance of bean 'com.nowtv.pav.test.steps.GenericSteps'
11:27:56.482 [Forwarding maximizeWindow on session 24c56de00ffa00fe6118d27df9e3a356 to remote] DEBUG o.a.h.c.protocol.RequestAddCookies - CookieSpec selected: best-match
11:27:56.482 [Forwarding maximizeWindow on session 24c56de00ffa00fe6118d27df9e3a356 to remote] DEBUG o.a.h.c.protocol.RequestAuthCache - Auth cache not set in the context
11:27:56.482 [Forwarding maximizeWindow on session 24c56de00ffa00fe6118d27df9e3a356 to remote] DEBUG o.a.h.i.c.PoolingHttpClientConnectionManager - Connection request: [route: {}->http://localhost:5387][total kept alive: 0; route allocated: 0 of 2000; total allocated: 0 of 2000]
11:27:56.482 [Forwarding maximizeWindow on session 24c56de00ffa00fe6118d27df9e3a356 to remote] DEBUG o.a.h.i.c.PoolingHttpClientConnectionManager - Connection leased: [id: 5193][route: {}->http://localhost:5387][total kept alive: 0; route allocated: 1 of 2000; total allocated: 1 of 2000]
11:27:56.482 [Forwarding maximizeWindow on session 24c56de00ffa00fe6118d27df9e3a356 to remote] DEBUG o.a.h.impl.execchain.MainClientExec - Opening connection {}->http://localhost:5387
11:27:56.482 [Forwarding maximizeWindow on session 24c56de00ffa00fe6118d27df9e3a356 to remote] DEBUG o.a.h.i.c.HttpClientConnectionOperator - Connecting to localhost/127.0.0.1:5387
11:27:56.482 [Forwarding maximizeWindow on session 24c56de00ffa00fe6118d27df9e3a356 to remote] DEBUG o.a.h.i.c.HttpClientConnectionOperator - Connection established 127.0.0.1:48392<->127.0.0.1:5387
11:27:56.482 [Forwarding maximizeWindow on session 24c56de00ffa00fe6118d27df9e3a356 to remote] DEBUG o.a.h.impl.execchain.MainClientExec - Executing request POST /session/24c56de00ffa00fe6118d27df9e3a356/window/current/maximize HTTP/1.1
11:27:56.482 [Forwarding maximizeWindow on session 24c56de00ffa00fe6118d27df9e3a356 to remote] DEBUG o.a.h.impl.execchain.MainClientExec - Target auth state: UNCHALLENGED
11:27:56.482 [Forwarding maximizeWindow on session 24c56de00ffa00fe6118d27df9e3a356 to remote] DEBUG o.a.h.impl.execchain.MainClientExec - Proxy auth state: UNCHALLENGED
11:27:56.482 [Forwarding maximizeWindow on session 24c56de00ffa00fe6118d27df9e3a356 to remote] DEBUG org.apache.http.headers - http-outgoing-5193 >> POST /session/24c56de00ffa00fe6118d27df9e3a356/window/current/maximize HTTP/1.1
11:27:56.482 [Forwarding maximizeWindow on session 24c56de00ffa00fe6118d27df9e3a356 to remote] DEBUG org.apache.http.headers - http-outgoing-5193 >> Content-Type: application/json; charset=utf-8
11:27:56.482 [Forwarding maximizeWindow on session 24c56de00ffa00fe6118d27df9e3a356 to remote] DEBUG org.apache.http.headers - http-outgoing-5193 >> Content-Length: 26
11:27:56.482 [Forwarding maximizeWindow on session 24c56de00ffa00fe6118d27df9e3a356 to remote] DEBUG org.apache.http.headers - http-outgoing-5193 >> Host: localhost:5387
11:27:56.482 [Forwarding maximizeWindow on session 24c56de00ffa00fe6118d27df9e3a356 to remote] DEBUG org.apache.http.headers - http-outgoing-5193 >> Connection: Keep-Alive
11:27:56.482 [Forwarding maximizeWindow on session 24c56de00ffa00fe6118d27df9e3a356 to remote] DEBUG org.apache.http.headers - http-outgoing-5193 >> User-Agent: Apache-HttpClient/4.3.4 (java 1.5)
11:27:56.482 [Forwarding maximizeWindow on session 24c56de00ffa00fe6118d27df9e3a356 to remote] DEBUG org.apache.http.headers - http-outgoing-5193 >> Accept-Encoding: gzip,deflate
11:27:56.482 [Forwarding maximizeWindow on session 24c56de00ffa00fe6118d27df9e3a356 to remote] DEBUG org.apache.http.wire - http-outgoing-5193 >> "POST /session/24c56de00ffa00fe6118d27df9e3a356/window/current/maximize HTTP/1.1[\r][\n]"
11:27:56.482 [Forwarding maximizeWindow on session 24c56de00ffa00fe6118d27df9e3a356 to remote] DEBUG org.apache.http.wire - http-outgoing-5193 >> "Content-Type: application/json; charset=utf-8[\r][\n]"
11:27:56.482 [Forwarding maximizeWindow on session 24c56de00ffa00fe6118d27df9e3a356 to remote] DEBUG org.apache.http.wire - http-outgoing-5193 >> "Content-Length: 26[\r][\n]"
11:27:56.482 [Forwarding maximizeWindow on session 24c56de00ffa00fe6118d27df9e3a356 to remote] DEBUG org.apache.http.wire - http-outgoing-5193 >> "Host: localhost:5387[\r][\n]"
11:27:56.482 [Forwarding maximizeWindow on session 24c56de00ffa00fe6118d27df9e3a356 to remote] DEBUG org.apache.http.wire - http-outgoing-5193 >> "Connection: Keep-Alive[\r][\n]"
11:27:56.482 [Forwarding maximizeWindow on session 24c56de00ffa00fe6118d27df9e3a356 to remote] DEBUG org.apache.http.wire - http-outgoing-5193 >> "User-Agent: Apache-HttpClient/4.3.4 (java 1.5)[\r][\n]"
11:27:56.482 [Forwarding maximizeWindow on session 24c56de00ffa00fe6118d27df9e3a356 to remote] DEBUG org.apache.http.wire - http-outgoing-5193 >> "Accept-Encoding: gzip,deflate[\r][\n]"
11:27:56.482 [Forwarding maximizeWindow on session 24c56de00ffa00fe6118d27df9e3a356 to remote] DEBUG org.apache.http.wire - http-outgoing-5193 >> "[\r][\n]"
11:27:56.482 [Forwarding maximizeWindow on session 24c56de00ffa00fe6118d27df9e3a356 to remote] DEBUG org.apache.http.wire - http-outgoing-5193 >> "{"windowHandle":"current"}"
11:27:56.587 [Forwarding maximizeWindow on session 24c56de00ffa00fe6118d27df9e3a356 to remote] DEBUG org.apache.http.wire - http-outgoing-5193 << "HTTP/1.1 200 OK[\r][\n]"
11:27:56.587 [Forwarding maximizeWindow on session 24c56de00ffa00fe6118d27df9e3a356 to remote] DEBUG org.apache.http.wire - http-outgoing-5193 << "Content-Length:72[\r][\n]"
11:27:56.587 [Forwarding maximizeWindow on session 24c56de00ffa00fe6118d27df9e3a356 to remote] DEBUG org.apache.http.wire - http-outgoing-5193 << "Content-Type:application/json; charset=utf-8[\r][\n]"
11:27:56.587 [Forwarding maximizeWindow on session 24c56de00ffa00fe6118d27df9e3a356 to remote] DEBUG org.apache.http.wire - http-outgoing-5193 << "Connection:close[\r][\n]"
11:27:56.587 [Forwarding maximizeWindow on session 24c56de00ffa00fe6118d27df9e3a356 to remote] DEBUG org.apache.http.wire - http-outgoing-5193 << "[\r][\n]"
11:27:56.587 [Forwarding maximizeWindow on session 24c56de00ffa00fe6118d27df9e3a356 to remote] DEBUG org.apache.http.wire - http-outgoing-5193 << "{"sessionId":"24c56de00ffa00fe6118d27df9e3a356","status":0,"value":null}"
11:27:56.587 [Forwarding maximizeWindow on session 24c56de00ffa00fe6118d27df9e3a356 to remote] DEBUG org.apache.http.headers - http-outgoing-5193 << HTTP/1.1 200 OK
11:27:56.587 [Forwarding maximizeWindow on session 24c56de00ffa00fe6118d27df9e3a356 to remote] DEBUG org.apache.http.headers - http-outgoing-5193 << Content-Length:72
11:27:56.587 [Forwarding maximizeWindow on session 24c56de00ffa00fe6118d27df9e3a356 to remote] DEBUG org.apache.http.headers - http-outgoing-5193 << Content-Type:application/json; charset=utf-8
11:27:56.587 [Forwarding maximizeWindow on session 24c56de00ffa00fe6118d27df9e3a356 to remote] DEBUG org.apache.http.headers - http-outgoing-5193 << Connection:close
11:27:56.587 [Forwarding maximizeWindow on session 24c56de00ffa00fe6118d27df9e3a356 to remote] DEBUG o.a.h.i.c.DefaultManagedHttpClientConnection - http-outgoing-5193: Shutdown connection
11:27:56.587 [Forwarding maximizeWindow on session 24c56de00ffa00fe6118d27df9e3a356 to remote] DEBUG o.a.h.impl.execchain.MainClientExec - Connection discarded
11:27:56.587 [Forwarding maximizeWindow on session 24c56de00ffa00fe6118d27df9e3a356 to remote] DEBUG o.a.h.i.c.DefaultManagedHttpClientConnection - http-outgoing-5193: Close connection
11:27:56.587 [Forwarding maximizeWindow on session 24c56de00ffa00fe6118d27df9e3a356 to remote] DEBUG o.a.h.i.c.PoolingHttpClientConnectionManager - Connection released: [id: 5193][route: {}->http://localhost:5387][total kept alive: 0; route allocated: 0 of 2000; total allocated: 0 of 2000]
11:27:56.589 [Forwarding get on session 24c56de00ffa00fe6118d27df9e3a356 to remote] DEBUG o.a.h.c.protocol.RequestAddCookies - CookieSpec selected: best-match
11:27:56.589 [Forwarding get on session 24c56de00ffa00fe6118d27df9e3a356 to remote] DEBUG o.a.h.c.protocol.RequestAuthCache - Auth cache not set in the context
11:27:56.589 [Forwarding get on session 24c56de00ffa00fe6118d27df9e3a356 to remote] DEBUG o.a.h.i.c.PoolingHttpClientConnectionManager - Connection request: [route: {}->http://localhost:5387][total kept alive: 0; route allocated: 0 of 2000; total allocated: 0 of 2000]
11:27:56.589 [Forwarding get on session 24c56de00ffa00fe6118d27df9e3a356 to remote] DEBUG o.a.h.i.c.PoolingHttpClientConnectionManager - Connection leased: [id: 5194][route: {}->http://localhost:5387][total kept alive: 0; route allocated: 1 of 2000; total allocated: 1 of 2000]
11:27:56.589 [Forwarding get on session 24c56de00ffa00fe6118d27df9e3a356 to remote] DEBUG o.a.h.impl.execchain.MainClientExec - Opening connection {}->http://localhost:5387
11:27:56.589 [Forwarding get on session 24c56de00ffa00fe6118d27df9e3a356 to remote] DEBUG o.a.h.i.c.HttpClientConnectionOperator - Connecting to localhost/127.0.0.1:5387
11:27:56.589 [Forwarding get on session 24c56de00ffa00fe6118d27df9e3a356 to remote] DEBUG o.a.h.i.c.HttpClientConnectionOperator - Connection established 127.0.0.1:48393<->127.0.0.1:5387
11:27:56.589 [Forwarding get on session 24c56de00ffa00fe6118d27df9e3a356 to remote] DEBUG o.a.h.impl.execchain.MainClientExec - Executing request POST /session/24c56de00ffa00fe6118d27df9e3a356/url HTTP/1.1
11:27:56.589 [Forwarding get on session 24c56de00ffa00fe6118d27df9e3a356 to remote] DEBUG o.a.h.impl.execchain.MainClientExec - Target auth state: UNCHALLENGED
11:27:56.589 [Forwarding get on session 24c56de00ffa00fe6118d27df9e3a356 to remote] DEBUG o.a.h.impl.execchain.MainClientExec - Proxy auth state: UNCHALLENGED
11:27:56.589 [Forwarding get on session 24c56de00ffa00fe6118d27df9e3a356 to remote] DEBUG org.apache.http.headers - http-outgoing-5194 >> POST /session/24c56de00ffa00fe6118d27df9e3a356/url HTTP/1.1
11:27:56.589 [Forwarding get on session 24c56de00ffa00fe6118d27df9e3a356 to remote] DEBUG org.apache.http.headers - http-outgoing-5194 >> Content-Type: application/json; charset=utf-8
11:27:56.589 [Forwarding get on session 24c56de00ffa00fe6118d27df9e3a356 to remote] DEBUG org.apache.http.headers - http-outgoing-5194 >> Content-Length: 80
11:27:56.589 [Forwarding get on session 24c56de00ffa00fe6118d27df9e3a356 to remote] DEBUG org.apache.http.headers - http-outgoing-5194 >> Host: localhost:5387
11:27:56.589 [Forwarding get on session 24c56de00ffa00fe6118d27df9e3a356 to remote] DEBUG org.apache.http.headers - http-outgoing-5194 >> Connection: Keep-Alive
11:27:56.589 [Forwarding get on session 24c56de00ffa00fe6118d27df9e3a356 to remote] DEBUG org.apache.http.headers - http-outgoing-5194 >> User-Agent: Apache-HttpClient/4.3.4 (java 1.5)
11:27:56.589 [Forwarding get on session 24c56de00ffa00fe6118d27df9e3a356 to remote] DEBUG org.apache.http.headers - http-outgoing-5194 >> Accept-Encoding: gzip,deflate
11:27:56.589 [Forwarding get on session 24c56de00ffa00fe6118d27df9e3a356 to remote] DEBUG org.apache.http.wire - http-outgoing-5194 >> "POST /session/24c56de00ffa00fe6118d27df9e3a356/url HTTP/1.1[\r][\n]"
11:27:56.589 [Forwarding get on session 24c56de00ffa00fe6118d27df9e3a356 to remote] DEBUG org.apache.http.wire - http-outgoing-5194 >> "Content-Type: application/json; charset=utf-8[\r][\n]"
11:27:56.589 [Forwarding get on session 24c56de00ffa00fe6118d27df9e3a356 to remote] DEBUG org.apache.http.wire - http-outgoing-5194 >> "Content-Length: 80[\r][\n]"
11:27:56.589 [Forwarding get on session 24c56de00ffa00fe6118d27df9e3a356 to remote] DEBUG org.apache.http.wire - http-outgoing-5194 >> "Host: localhost:5387[\r][\n]"
11:27:56.589 [Forwarding get on session 24c56de00ffa00fe6118d27df9e3a356 to remote] DEBUG org.apache.http.wire - http-outgoing-5194 >> "Connection: Keep-Alive[\r][\n]"
11:27:56.589 [Forwarding get on session 24c56de00ffa00fe6118d27df9e3a356 to remote] DEBUG org.apache.http.wire - http-outgoing-5194 >> "User-Agent: Apache-HttpClient/4.3.4 (java 1.5)[\r][\n]"
11:27:56.589 [Forwarding get on session 24c56de00ffa00fe6118d27df9e3a356 to remote] DEBUG org.apache.http.wire - http-outgoing-5194 >> "Accept-Encoding: gzip,deflate[\r][\n]"
11:27:56.589 [Forwarding get on session 24c56de00ffa00fe6118d27df9e3a356 to remote] DEBUG org.apache.http.wire - http-outgoing-5194 >> "[\r][\n]"
11:27:56.589 [Forwarding get on session 24c56de00ffa00fe6118d27df9e3a356 to remote] DEBUG org.apache.http.wire - http-outgoing-5194 >> "{"url":"http://admin:pass@voucher-manager.snapshot.pv.nimbus-stage.cg.sky.com/"}"
11:27:56.735 [Forwarding get on session 24c56de00ffa00fe6118d27df9e3a356 to remote] DEBUG org.apache.http.wire - http-outgoing-5194 << "HTTP/1.1 200 OK[\r][\n]"
11:27:56.735 [Forwarding get on session 24c56de00ffa00fe6118d27df9e3a356 to remote] DEBUG org.apache.http.wire - http-outgoing-5194 << "Content-Length:72[\r][\n]"
11:27:56.735 [Forwarding get on session 24c56de00ffa00fe6118d27df9e3a356 to remote] DEBUG org.apache.http.wire - http-outgoing-5194 << "Content-Type:application/json; charset=utf-8[\r][\n]"
11:27:56.735 [Forwarding get on session 24c56de00ffa00fe6118d27df9e3a356 to remote] DEBUG org.apache.http.wire - http-outgoing-5194 << "Connection:close[\r][\n]"
11:27:56.735 [Forwarding get on session 24c56de00ffa00fe6118d27df9e3a356 to remote] DEBUG org.apache.http.wire - http-outgoing-5194 << "[\r][\n]"
11:27:56.735 [Forwarding get on session 24c56de00ffa00fe6118d27df9e3a356 to remote] DEBUG org.apache.http.wire - http-outgoing-5194 << "{"sessionId":"24c56de00ffa00fe6118d27df9e3a356","status":0,"value":null}"
11:27:56.735 [Forwarding get on session 24c56de00ffa00fe6118d27df9e3a356 to remote] DEBUG org.apache.http.headers - http-outgoing-5194 << HTTP/1.1 200 OK
11:27:56.735 [Forwarding get on session 24c56de00ffa00fe6118d27df9e3a356 to remote] DEBUG org.apache.http.headers - http-outgoing-5194 << Content-Length:72
11:27:56.735 [Forwarding get on session 24c56de00ffa00fe6118d27df9e3a356 to remote] DEBUG org.apache.http.headers - http-outgoing-5194 << Content-Type:application/json; charset=utf-8
11:27:56.735 [Forwarding get on session 24c56de00ffa00fe6118d27df9e3a356 to remote] DEBUG org.apache.http.headers - http-outgoing-5194 << Connection:close
11:27:56.735 [Forwarding get on session 24c56de00ffa00fe6118d27df9e3a356 to remote] DEBUG o.a.h.i.c.DefaultManagedHttpClientConnection - http-outgoing-5194: Shutdown connection
11:27:56.735 [Forwarding get on session 24c56de00ffa00fe6118d27df9e3a356 to remote] DEBUG o.a.h.impl.execchain.MainClientExec - Connection discarded
11:27:56.735 [Forwarding get on session 24c56de00ffa00fe6118d27df9e3a356 to remote] DEBUG o.a.h.i.c.DefaultManagedHttpClientConnection - http-outgoing-5194: Close connection
11:27:56.735 [Forwarding get on session 24c56de00ffa00fe6118d27df9e3a356 to remote] DEBUG o.a.h.i.c.PoolingHttpClientConnectionManager - Connection released: [id: 5194][route: {}->http://localhost:5387][total kept alive: 0; route allocated: 0 of 2000; total allocated: 0 of 2000]
11:27:56.736 [Test worker] DEBUG o.s.b.f.s.DefaultListableBeanFactory - Creating instance of bean 'com.nowtv.pav.test.steps.CreateCampaignSteps'
11:27:56.737 [Test worker] DEBUG o.s.b.f.s.DefaultListableBeanFactory - Finished creating instance of bean 'com.nowtv.pav.test.steps.CreateCampaignSteps'
11:27:56.737 [Test worker] DEBUG o.a.h.i.c.PoolingClientConnectionManager - Connection request: [route: {}->http://voucher-manager.snapshot.pv.nimbus-stage.cg.sky.com][total kept alive: 1; route allocated: 1 of 100; total allocated: 1 of 200]
11:27:56.737 [Test worker] DEBUG o.a.h.i.c.PoolingClientConnectionManager - Connection [id:2][route:{}->http://voucher-manager.snapshot.pv.nimbus-stage.cg.sky.com][state:null] expired @ Tue Jul 07 11:27:04 BST 2015
11:27:56.737 [Test worker] DEBUG o.a.h.i.conn.DefaultClientConnection - Connection 0.0.0.0:56158<->80.238.10.34:80 closed
11:27:56.737 [Test worker] DEBUG o.a.h.i.c.PoolingClientConnectionManager - Connection leased: [id: 3][route: {}->http://voucher-manager.snapshot.pv.nimbus-stage.cg.sky.com][total kept alive: 0; route allocated: 1 of 100; total allocated: 1 of 200]
11:27:56.744 [Test worker] DEBUG o.a.h.i.c.DefaultClientConnectionOperator - Connecting to voucher-manager.snapshot.pv.nimbus-stage.cg.sky.com:80
11:27:56.751 [Test worker] DEBUG o.a.h.c.protocol.RequestAddCookies - CookieSpec selected: best-match
11:27:56.751 [Test worker] DEBUG o.a.h.c.protocol.RequestAuthCache - Auth cache not set in the context
11:27:56.751 [Test worker] DEBUG o.a.h.c.p.RequestTargetAuthentication - Target auth state: UNCHALLENGED
11:27:56.751 [Test worker] DEBUG o.a.h.c.p.RequestProxyAuthentication - Proxy auth state: UNCHALLENGED
11:27:56.751 [Test worker] DEBUG o.a.h.impl.client.DefaultHttpClient - Attempt 1 to execute request
11:27:56.751 [Test worker] DEBUG o.a.h.i.conn.DefaultClientConnection - Sending request: POST /campaign HTTP/1.1
11:27:56.751 [Test worker] DEBUG org.apache.http.wire -  >> "POST /campaign HTTP/1.1[\r][\n]"
11:27:56.751 [Test worker] DEBUG org.apache.http.wire -  >> "Content-Type: application/json[\r][\n]"
11:27:56.751 [Test worker] DEBUG org.apache.http.wire -  >> "Content-Length: 257[\r][\n]"
11:27:56.751 [Test worker] DEBUG org.apache.http.wire -  >> "Host: voucher-manager.snapshot.pv.nimbus-stage.cg.sky.com[\r][\n]"
11:27:56.751 [Test worker] DEBUG org.apache.http.wire -  >> "Connection: Keep-Alive[\r][\n]"
11:27:56.751 [Test worker] DEBUG org.apache.http.wire -  >> "User-Agent: Apache-HttpClient/4.3.4 (java 1.5)[\r][\n]"
11:27:56.751 [Test worker] DEBUG org.apache.http.wire -  >> "Authorization: Basic YWRtaW46cGFzcw==[\r][\n]"
11:27:56.751 [Test worker] DEBUG org.apache.http.wire -  >> "[\r][\n]"
11:27:56.751 [Test worker] DEBUG org.apache.http.headers - >> POST /campaign HTTP/1.1
11:27:56.751 [Test worker] DEBUG org.apache.http.headers - >> Content-Type: application/json
11:27:56.751 [Test worker] DEBUG org.apache.http.headers - >> Content-Length: 257
11:27:56.751 [Test worker] DEBUG org.apache.http.headers - >> Host: voucher-manager.snapshot.pv.nimbus-stage.cg.sky.com
11:27:56.751 [Test worker] DEBUG org.apache.http.headers - >> Connection: Keep-Alive
11:27:56.751 [Test worker] DEBUG org.apache.http.headers - >> User-Agent: Apache-HttpClient/4.3.4 (java 1.5)
11:27:56.751 [Test worker] DEBUG org.apache.http.headers - >> Authorization: Basic YWRtaW46cGFzcw==
11:27:56.751 [Test worker] DEBUG org.apache.http.wire -  >> "{[\n]"
11:27:56.751 [Test worker] DEBUG org.apache.http.wire -  >> "[0x9]"type":"SINGLE_USE_NON_TRANSFERABLE",[\n]"
11:27:56.751 [Test worker] DEBUG org.apache.http.wire -  >> "   "name":"SUNT Cancel Campaign",[\n]"
11:27:56.751 [Test worker] DEBUG org.apache.http.wire -  >> "   "prefix":"NOW",[\n]"
11:27:56.751 [Test worker] DEBUG org.apache.http.wire -  >> "   "cancelled":false,[\n]"
11:27:56.751 [Test worker] DEBUG org.apache.http.wire -  >> "   "pomOfferId":"12346",[\n]"
11:27:56.751 [Test worker] DEBUG org.apache.http.wire -  >> "   "secondaryOfferId":"abc123",[\n]"
11:27:56.751 [Test worker] DEBUG org.apache.http.wire -  >> "   "start":"2004-06-26T00:00:00Z",[\n]"
11:27:56.751 [Test worker] DEBUG org.apache.http.wire -  >> "   "end":"2114-06-26T00:00:00Z",[\n]"
11:27:56.751 [Test worker] DEBUG org.apache.http.wire -  >> "   "cap":"100"[\n]"
11:27:56.751 [Test worker] DEBUG org.apache.http.wire -  >> "}"
11:27:56.848 [Test worker] DEBUG org.apache.http.wire -  << "HTTP/1.1 201 Created[\r][\n]"
11:27:56.848 [Test worker] DEBUG org.apache.http.wire -  << "X-FORWARDED-PROTO: http[\r][\n]"
11:27:56.848 [Test worker] DEBUG org.apache.http.wire -  << "Server: nginx[\r][\n]"
11:27:56.848 [Test worker] DEBUG org.apache.http.wire -  << "Date: Tue, 07 Jul 2015 10:27:56 GMT[\r][\n]"
11:27:56.848 [Test worker] DEBUG org.apache.http.wire -  << "Content-Type: application/json;charset=UTF-8[\r][\n]"
11:27:56.848 [Test worker] DEBUG org.apache.http.wire -  << "Transfer-Encoding: chunked[\r][\n]"
11:27:56.848 [Test worker] DEBUG org.apache.http.wire -  << "Connection: keep-alive[\r][\n]"
11:27:56.848 [Test worker] DEBUG org.apache.http.wire -  << "Keep-Alive: timeout=10[\r][\n]"
11:27:56.848 [Test worker] DEBUG org.apache.http.wire -  << "Access-Control-Allow-Credentials: true[\r][\n]"
11:27:56.848 [Test worker] DEBUG org.apache.http.wire -  << "X-Content-Type-Options: nosniff[\r][\n]"
11:27:56.848 [Test worker] DEBUG org.apache.http.wire -  << "X-XSS-Protection: 1; mode=block[\r][\n]"
11:27:56.848 [Test worker] DEBUG org.apache.http.wire -  << "Cache-Control: no-cache, no-store, max-age=0, must-revalidate[\r][\n]"
11:27:56.848 [Test worker] DEBUG org.apache.http.wire -  << "Pragma: no-cache[\r][\n]"
11:27:56.848 [Test worker] DEBUG org.apache.http.wire -  << "Expires: 0[\r][\n]"
11:27:56.848 [Test worker] DEBUG org.apache.http.wire -  << "X-Frame-Options: DENY[\r][\n]"
11:27:56.848 [Test worker] DEBUG org.apache.http.wire -  << "X-Application-Context: pv__voucher-manager__snapshot__v444:snapshot-cloud:0[\r][\n]"
11:27:56.848 [Test worker] DEBUG org.apache.http.wire -  << "[\r][\n]"
11:27:56.848 [Test worker] DEBUG o.a.h.i.conn.DefaultClientConnection - Receiving response: HTTP/1.1 201 Created
11:27:56.848 [Test worker] DEBUG org.apache.http.headers - << HTTP/1.1 201 Created
11:27:56.848 [Test worker] DEBUG org.apache.http.headers - << X-FORWARDED-PROTO: http
11:27:56.848 [Test worker] DEBUG org.apache.http.headers - << Server: nginx
11:27:56.848 [Test worker] DEBUG org.apache.http.headers - << Date: Tue, 07 Jul 2015 10:27:56 GMT
11:27:56.848 [Test worker] DEBUG org.apache.http.headers - << Content-Type: application/json;charset=UTF-8
11:27:56.848 [Test worker] DEBUG org.apache.http.headers - << Transfer-Encoding: chunked
11:27:56.848 [Test worker] DEBUG org.apache.http.headers - << Connection: keep-alive
11:27:56.848 [Test worker] DEBUG org.apache.http.headers - << Keep-Alive: timeout=10
11:27:56.848 [Test worker] DEBUG org.apache.http.headers - << Access-Control-Allow-Credentials: true
11:27:56.848 [Test worker] DEBUG org.apache.http.headers - << X-Content-Type-Options: nosniff
11:27:56.848 [Test worker] DEBUG org.apache.http.headers - << X-XSS-Protection: 1; mode=block
11:27:56.848 [Test worker] DEBUG org.apache.http.headers - << Cache-Control: no-cache, no-store, max-age=0, must-revalidate
11:27:56.848 [Test worker] DEBUG org.apache.http.headers - << Pragma: no-cache
11:27:56.848 [Test worker] DEBUG org.apache.http.headers - << Expires: 0
11:27:56.848 [Test worker] DEBUG org.apache.http.headers - << X-Frame-Options: DENY
11:27:56.848 [Test worker] DEBUG org.apache.http.headers - << X-Application-Context: pv__voucher-manager__snapshot__v444:snapshot-cloud:0
11:27:56.849 [Test worker] DEBUG o.a.h.impl.client.DefaultHttpClient - Connection can be kept alive for 10000 MILLISECONDS
11:27:56.849 [Test worker] DEBUG org.apache.http.wire -  << "4af[\r][\n]"
11:27:56.849 [Test worker] DEBUG org.apache.http.wire -  << "{"id":9172,"type":"SINGLE_USE_NON_TRANSFERABLE","name":"SUNT Cancel Campaign","description":null,"prefix":"NOW","cancelled":false,"pomOfferId":"12346","secondaryOfferId":"abc123","start":"2004-06-26T00:00:00Z","end":"2114-06-26T00:00:00Z","cap":100,"voucherCreationLock":false,"state":null,"updated":"2015-07-07T10:27:56Z","updatedBy":"admin","created":"2015-07-07T10:27:56Z","createdBy":"admin","totalVoucherCount":null,"redeemedCount":0,"campaignState":"ACTIVE","links":[{"rel":"self","href":"http://voucher-manager.snapshot.pv.nimbus-stage.cg.sky.com/campaign/9172"},{"rel":"campaign.types","href":"http://voucher-manager.snapshot.pv.nimbus-stage.cg.sky.com/campaign/types"},{"rel":"voucher.batches","href":"http://voucher-manager.snapshot.pv.nimbus-stage.cg.sky.com/campaign/9172/voucher-batch"},{"rel":"voucher.create-additional","href":"http://voucher-manager.snapshot.pv.nimbus-stage.cg.sky.com/campaign/9172/voucher-batch/casenumber/1/accountId/2?requestedAccountId=2"},{"rel":"campaign.history","href":"http://voucher-manager.snapshot.pv.nimbus-stage.cg.sky.com/campaign/9172/history"},{"rel":"campaign.update","href":"http://voucher-manager.snapshot.pv.nimbus-stage.cg.sky.com/campaign"}]}"
11:27:56.849 [Test worker] DEBUG org.apache.http.wire -  << "[\r][\n]"
11:27:56.849 [Test worker] DEBUG org.apache.http.wire -  << "0[\r][\n]"
11:27:56.849 [Test worker] DEBUG org.apache.http.wire -  << "[\r][\n]"
11:27:56.849 [Test worker] DEBUG o.a.h.i.c.PoolingClientConnectionManager - Connection [id: 3][route: {}->http://voucher-manager.snapshot.pv.nimbus-stage.cg.sky.com] can be kept alive for 10000 MILLISECONDS
11:27:56.849 [Test worker] DEBUG o.a.h.i.c.PoolingClientConnectionManager - Connection released: [id: 3][route: {}->http://voucher-manager.snapshot.pv.nimbus-stage.cg.sky.com][total kept alive: 1; route allocated: 1 of 100; total allocated: 1 of 200]
]]></system-out>
  <system-err><![CDATA[]]></system-err>
</testsuite>
