<?xml version="1.0" encoding="UTF-8"?>
<testsuite name="Scenario: Validate Single Voucher" tests="22" skipped="0" failures="0" errors="0" timestamp="2015-07-07T10:29:08" hostname="jov-HP-Z220-CMT-Workstation" time="16.284">
  <properties/>
  <testcase name="When I go to the Home page" classname="Scenario: Validate Single Voucher" time="0.001"/>
  <testcase name="And I click on the Create Campaign link" classname="Scenario: Validate Single Voucher" time="0.0"/>
  <testcase name="Then the browser is at the Create Campaign page" classname="Scenario: Validate Single Voucher" time="0.001"/>
  <testcase name="When I select &quot;Single Use Transferable&quot; from campaignType" classname="Scenario: Validate Single Voucher" time="0.0"/>
  <testcase name="And I enter a random campaign name" classname="Scenario: Validate Single Voucher" time="0.0"/>
  <testcase name="And I enter the values" classname="Scenario: Validate Single Voucher" time="0.0"/>
  <testcase name="And I click the Create Campaign button" classname="Scenario: Validate Single Voucher" time="0.0"/>
  <testcase name="And I wait until the campaign links are displayed" classname="Scenario: Validate Single Voucher" time="0.0"/>
  <testcase name="Then the browser is at the List Campaigns page" classname="Scenario: Validate Single Voucher" time="0.0"/>
  <testcase name="When I click on the campaign we just created" classname="Scenario: Validate Single Voucher" time="0.0"/>
  <testcase name="When I click on the Show Create Vouchers link" classname="Scenario: Validate Single Voucher" time="0.0"/>
  <testcase name="And I enter the values" classname="Scenario: Validate Single Voucher" time="0.0"/>
  <testcase name="And I click the Create Voucher button" classname="Scenario: Validate Single Voucher" time="0.0"/>
  <testcase name="And I wait for the voucher batches to display" classname="Scenario: Validate Single Voucher" time="0.0"/>
  <testcase name="Then the text &quot;Created Voucher&quot; is displayed on the page" classname="Scenario: Validate Single Voucher" time="0.0"/>
  <testcase name="Then I wait for the &quot;History&quot; button to display" classname="Scenario: Validate Single Voucher" time="0.0"/>
  <testcase name="When I login with user &quot;devops&quot; and password &quot;pass&quot;" classname="Scenario: Validate Single Voucher" time="0.0"/>
  <testcase name="And I go to the Home page" classname="Scenario: Validate Single Voucher" time="0.001"/>
  <testcase name="Then the browser is at the List Campaigns page" classname="Scenario: Validate Single Voucher" time="0.0"/>
  <testcase name="And I click on the campaign we just created" classname="Scenario: Validate Single Voucher" time="0.0"/>
  <testcase name="And the table with class &quot;batches&quot; has the following headers with corresponding first row values" classname="Scenario: Validate Single Voucher" time="0.0"/>
  <testcase name="classMethod" classname="Scenario: Validate Single Voucher" time="17.072"/>
  <system-out><![CDATA[11:29:08.153 [Test worker] DEBUG o.s.b.f.s.DefaultListableBeanFactory - Creating instance of bean 'com.nowtv.pav.test.steps.GenericSteps'
11:29:08.153 [Test worker] DEBUG o.s.b.f.s.DefaultListableBeanFactory - Finished creating instance of bean 'com.nowtv.pav.test.steps.GenericSteps'
11:29:08.153 [Forwarding maximizeWindow on session 24c56de00ffa00fe6118d27df9e3a356 to remote] DEBUG o.a.h.c.protocol.RequestAddCookies - CookieSpec selected: best-match
11:29:08.153 [Forwarding maximizeWindow on session 24c56de00ffa00fe6118d27df9e3a356 to remote] DEBUG o.a.h.c.protocol.RequestAuthCache - Auth cache not set in the context
11:29:08.153 [Forwarding maximizeWindow on session 24c56de00ffa00fe6118d27df9e3a356 to remote] DEBUG o.a.h.i.c.PoolingHttpClientConnectionManager - Connection request: [route: {}->http://localhost:5387][total kept alive: 0; route allocated: 0 of 2000; total allocated: 0 of 2000]
11:29:08.153 [Forwarding maximizeWindow on session 24c56de00ffa00fe6118d27df9e3a356 to remote] DEBUG o.a.h.i.c.PoolingHttpClientConnectionManager - Connection leased: [id: 7855][route: {}->http://localhost:5387][total kept alive: 0; route allocated: 1 of 2000; total allocated: 1 of 2000]
11:29:08.153 [Forwarding maximizeWindow on session 24c56de00ffa00fe6118d27df9e3a356 to remote] DEBUG o.a.h.impl.execchain.MainClientExec - Opening connection {}->http://localhost:5387
11:29:08.153 [Forwarding maximizeWindow on session 24c56de00ffa00fe6118d27df9e3a356 to remote] DEBUG o.a.h.i.c.HttpClientConnectionOperator - Connecting to localhost/127.0.0.1:5387
11:29:08.153 [Forwarding maximizeWindow on session 24c56de00ffa00fe6118d27df9e3a356 to remote] DEBUG o.a.h.i.c.HttpClientConnectionOperator - Connection established 127.0.0.1:51077<->127.0.0.1:5387
11:29:08.153 [Forwarding maximizeWindow on session 24c56de00ffa00fe6118d27df9e3a356 to remote] DEBUG o.a.h.impl.execchain.MainClientExec - Executing request POST /session/24c56de00ffa00fe6118d27df9e3a356/window/current/maximize HTTP/1.1
11:29:08.153 [Forwarding maximizeWindow on session 24c56de00ffa00fe6118d27df9e3a356 to remote] DEBUG o.a.h.impl.execchain.MainClientExec - Target auth state: UNCHALLENGED
11:29:08.153 [Forwarding maximizeWindow on session 24c56de00ffa00fe6118d27df9e3a356 to remote] DEBUG o.a.h.impl.execchain.MainClientExec - Proxy auth state: UNCHALLENGED
11:29:08.153 [Forwarding maximizeWindow on session 24c56de00ffa00fe6118d27df9e3a356 to remote] DEBUG org.apache.http.headers - http-outgoing-7855 >> POST /session/24c56de00ffa00fe6118d27df9e3a356/window/current/maximize HTTP/1.1
11:29:08.153 [Forwarding maximizeWindow on session 24c56de00ffa00fe6118d27df9e3a356 to remote] DEBUG org.apache.http.headers - http-outgoing-7855 >> Content-Type: application/json; charset=utf-8
11:29:08.153 [Forwarding maximizeWindow on session 24c56de00ffa00fe6118d27df9e3a356 to remote] DEBUG org.apache.http.headers - http-outgoing-7855 >> Content-Length: 26
11:29:08.153 [Forwarding maximizeWindow on session 24c56de00ffa00fe6118d27df9e3a356 to remote] DEBUG org.apache.http.headers - http-outgoing-7855 >> Host: localhost:5387
11:29:08.153 [Forwarding maximizeWindow on session 24c56de00ffa00fe6118d27df9e3a356 to remote] DEBUG org.apache.http.headers - http-outgoing-7855 >> Connection: Keep-Alive
11:29:08.153 [Forwarding maximizeWindow on session 24c56de00ffa00fe6118d27df9e3a356 to remote] DEBUG org.apache.http.headers - http-outgoing-7855 >> User-Agent: Apache-HttpClient/4.3.4 (java 1.5)
11:29:08.153 [Forwarding maximizeWindow on session 24c56de00ffa00fe6118d27df9e3a356 to remote] DEBUG org.apache.http.headers - http-outgoing-7855 >> Accept-Encoding: gzip,deflate
11:29:08.154 [Forwarding maximizeWindow on session 24c56de00ffa00fe6118d27df9e3a356 to remote] DEBUG org.apache.http.wire - http-outgoing-7855 >> "POST /session/24c56de00ffa00fe6118d27df9e3a356/window/current/maximize HTTP/1.1[\r][\n]"
11:29:08.154 [Forwarding maximizeWindow on session 24c56de00ffa00fe6118d27df9e3a356 to remote] DEBUG org.apache.http.wire - http-outgoing-7855 >> "Content-Type: application/json; charset=utf-8[\r][\n]"
11:29:08.154 [Forwarding maximizeWindow on session 24c56de00ffa00fe6118d27df9e3a356 to remote] DEBUG org.apache.http.wire - http-outgoing-7855 >> "Content-Length: 26[\r][\n]"
11:29:08.154 [Forwarding maximizeWindow on session 24c56de00ffa00fe6118d27df9e3a356 to remote] DEBUG org.apache.http.wire - http-outgoing-7855 >> "Host: localhost:5387[\r][\n]"
11:29:08.154 [Forwarding maximizeWindow on session 24c56de00ffa00fe6118d27df9e3a356 to remote] DEBUG org.apache.http.wire - http-outgoing-7855 >> "Connection: Keep-Alive[\r][\n]"
11:29:08.154 [Forwarding maximizeWindow on session 24c56de00ffa00fe6118d27df9e3a356 to remote] DEBUG org.apache.http.wire - http-outgoing-7855 >> "User-Agent: Apache-HttpClient/4.3.4 (java 1.5)[\r][\n]"
11:29:08.154 [Forwarding maximizeWindow on session 24c56de00ffa00fe6118d27df9e3a356 to remote] DEBUG org.apache.http.wire - http-outgoing-7855 >> "Accept-Encoding: gzip,deflate[\r][\n]"
11:29:08.154 [Forwarding maximizeWindow on session 24c56de00ffa00fe6118d27df9e3a356 to remote] DEBUG org.apache.http.wire - http-outgoing-7855 >> "[\r][\n]"
11:29:08.154 [Forwarding maximizeWindow on session 24c56de00ffa00fe6118d27df9e3a356 to remote] DEBUG org.apache.http.wire - http-outgoing-7855 >> "{"windowHandle":"current"}"
11:29:08.258 [Forwarding maximizeWindow on session 24c56de00ffa00fe6118d27df9e3a356 to remote] DEBUG org.apache.http.wire - http-outgoing-7855 << "HTTP/1.1 200 OK[\r][\n]"
11:29:08.258 [Forwarding maximizeWindow on session 24c56de00ffa00fe6118d27df9e3a356 to remote] DEBUG org.apache.http.wire - http-outgoing-7855 << "Content-Length:72[\r][\n]"
11:29:08.258 [Forwarding maximizeWindow on session 24c56de00ffa00fe6118d27df9e3a356 to remote] DEBUG org.apache.http.wire - http-outgoing-7855 << "Content-Type:application/json; charset=utf-8[\r][\n]"
11:29:08.258 [Forwarding maximizeWindow on session 24c56de00ffa00fe6118d27df9e3a356 to remote] DEBUG org.apache.http.wire - http-outgoing-7855 << "Connection:close[\r][\n]"
11:29:08.258 [Forwarding maximizeWindow on session 24c56de00ffa00fe6118d27df9e3a356 to remote] DEBUG org.apache.http.wire - http-outgoing-7855 << "[\r][\n]"
11:29:08.258 [Forwarding maximizeWindow on session 24c56de00ffa00fe6118d27df9e3a356 to remote] DEBUG org.apache.http.wire - http-outgoing-7855 << "{"sessionId":"24c56de00ffa00fe6118d27df9e3a356","status":0,"value":null}"
11:29:08.258 [Forwarding maximizeWindow on session 24c56de00ffa00fe6118d27df9e3a356 to remote] DEBUG org.apache.http.headers - http-outgoing-7855 << HTTP/1.1 200 OK
11:29:08.258 [Forwarding maximizeWindow on session 24c56de00ffa00fe6118d27df9e3a356 to remote] DEBUG org.apache.http.headers - http-outgoing-7855 << Content-Length:72
11:29:08.258 [Forwarding maximizeWindow on session 24c56de00ffa00fe6118d27df9e3a356 to remote] DEBUG org.apache.http.headers - http-outgoing-7855 << Content-Type:application/json; charset=utf-8
11:29:08.258 [Forwarding maximizeWindow on session 24c56de00ffa00fe6118d27df9e3a356 to remote] DEBUG org.apache.http.headers - http-outgoing-7855 << Connection:close
11:29:08.258 [Forwarding maximizeWindow on session 24c56de00ffa00fe6118d27df9e3a356 to remote] DEBUG o.a.h.i.c.DefaultManagedHttpClientConnection - http-outgoing-7855: Shutdown connection
11:29:08.258 [Forwarding maximizeWindow on session 24c56de00ffa00fe6118d27df9e3a356 to remote] DEBUG o.a.h.impl.execchain.MainClientExec - Connection discarded
11:29:08.258 [Forwarding maximizeWindow on session 24c56de00ffa00fe6118d27df9e3a356 to remote] DEBUG o.a.h.i.c.DefaultManagedHttpClientConnection - http-outgoing-7855: Close connection
11:29:08.258 [Forwarding maximizeWindow on session 24c56de00ffa00fe6118d27df9e3a356 to remote] DEBUG o.a.h.i.c.PoolingHttpClientConnectionManager - Connection released: [id: 7855][route: {}->http://localhost:5387][total kept alive: 0; route allocated: 0 of 2000; total allocated: 0 of 2000]
11:29:08.259 [Forwarding get on session 24c56de00ffa00fe6118d27df9e3a356 to remote] DEBUG o.a.h.c.protocol.RequestAddCookies - CookieSpec selected: best-match
11:29:08.259 [Forwarding get on session 24c56de00ffa00fe6118d27df9e3a356 to remote] DEBUG o.a.h.c.protocol.RequestAuthCache - Auth cache not set in the context
11:29:08.259 [Forwarding get on session 24c56de00ffa00fe6118d27df9e3a356 to remote] DEBUG o.a.h.i.c.PoolingHttpClientConnectionManager - Connection request: [route: {}->http://localhost:5387][total kept alive: 0; route allocated: 0 of 2000; total allocated: 0 of 2000]
11:29:08.259 [Forwarding get on session 24c56de00ffa00fe6118d27df9e3a356 to remote] DEBUG o.a.h.i.c.PoolingHttpClientConnectionManager - Connection leased: [id: 7856][route: {}->http://localhost:5387][total kept alive: 0; route allocated: 1 of 2000; total allocated: 1 of 2000]
11:29:08.259 [Forwarding get on session 24c56de00ffa00fe6118d27df9e3a356 to remote] DEBUG o.a.h.impl.execchain.MainClientExec - Opening connection {}->http://localhost:5387
11:29:08.259 [Forwarding get on session 24c56de00ffa00fe6118d27df9e3a356 to remote] DEBUG o.a.h.i.c.HttpClientConnectionOperator - Connecting to localhost/127.0.0.1:5387
11:29:08.259 [Forwarding get on session 24c56de00ffa00fe6118d27df9e3a356 to remote] DEBUG o.a.h.i.c.HttpClientConnectionOperator - Connection established 127.0.0.1:51078<->127.0.0.1:5387
11:29:08.259 [Forwarding get on session 24c56de00ffa00fe6118d27df9e3a356 to remote] DEBUG o.a.h.impl.execchain.MainClientExec - Executing request POST /session/24c56de00ffa00fe6118d27df9e3a356/url HTTP/1.1
11:29:08.259 [Forwarding get on session 24c56de00ffa00fe6118d27df9e3a356 to remote] DEBUG o.a.h.impl.execchain.MainClientExec - Target auth state: UNCHALLENGED
11:29:08.259 [Forwarding get on session 24c56de00ffa00fe6118d27df9e3a356 to remote] DEBUG o.a.h.impl.execchain.MainClientExec - Proxy auth state: UNCHALLENGED
11:29:08.259 [Forwarding get on session 24c56de00ffa00fe6118d27df9e3a356 to remote] DEBUG org.apache.http.headers - http-outgoing-7856 >> POST /session/24c56de00ffa00fe6118d27df9e3a356/url HTTP/1.1
11:29:08.259 [Forwarding get on session 24c56de00ffa00fe6118d27df9e3a356 to remote] DEBUG org.apache.http.headers - http-outgoing-7856 >> Content-Type: application/json; charset=utf-8
11:29:08.259 [Forwarding get on session 24c56de00ffa00fe6118d27df9e3a356 to remote] DEBUG org.apache.http.headers - http-outgoing-7856 >> Content-Length: 80
11:29:08.259 [Forwarding get on session 24c56de00ffa00fe6118d27df9e3a356 to remote] DEBUG org.apache.http.headers - http-outgoing-7856 >> Host: localhost:5387
11:29:08.259 [Forwarding get on session 24c56de00ffa00fe6118d27df9e3a356 to remote] DEBUG org.apache.http.headers - http-outgoing-7856 >> Connection: Keep-Alive
11:29:08.259 [Forwarding get on session 24c56de00ffa00fe6118d27df9e3a356 to remote] DEBUG org.apache.http.headers - http-outgoing-7856 >> User-Agent: Apache-HttpClient/4.3.4 (java 1.5)
11:29:08.259 [Forwarding get on session 24c56de00ffa00fe6118d27df9e3a356 to remote] DEBUG org.apache.http.headers - http-outgoing-7856 >> Accept-Encoding: gzip,deflate
11:29:08.259 [Forwarding get on session 24c56de00ffa00fe6118d27df9e3a356 to remote] DEBUG org.apache.http.wire - http-outgoing-7856 >> "POST /session/24c56de00ffa00fe6118d27df9e3a356/url HTTP/1.1[\r][\n]"
11:29:08.259 [Forwarding get on session 24c56de00ffa00fe6118d27df9e3a356 to remote] DEBUG org.apache.http.wire - http-outgoing-7856 >> "Content-Type: application/json; charset=utf-8[\r][\n]"
11:29:08.259 [Forwarding get on session 24c56de00ffa00fe6118d27df9e3a356 to remote] DEBUG org.apache.http.wire - http-outgoing-7856 >> "Content-Length: 80[\r][\n]"
11:29:08.259 [Forwarding get on session 24c56de00ffa00fe6118d27df9e3a356 to remote] DEBUG org.apache.http.wire - http-outgoing-7856 >> "Host: localhost:5387[\r][\n]"
11:29:08.259 [Forwarding get on session 24c56de00ffa00fe6118d27df9e3a356 to remote] DEBUG org.apache.http.wire - http-outgoing-7856 >> "Connection: Keep-Alive[\r][\n]"
11:29:08.259 [Forwarding get on session 24c56de00ffa00fe6118d27df9e3a356 to remote] DEBUG org.apache.http.wire - http-outgoing-7856 >> "User-Agent: Apache-HttpClient/4.3.4 (java 1.5)[\r][\n]"
11:29:08.259 [Forwarding get on session 24c56de00ffa00fe6118d27df9e3a356 to remote] DEBUG org.apache.http.wire - http-outgoing-7856 >> "Accept-Encoding: gzip,deflate[\r][\n]"
11:29:08.259 [Forwarding get on session 24c56de00ffa00fe6118d27df9e3a356 to remote] DEBUG org.apache.http.wire - http-outgoing-7856 >> "[\r][\n]"
11:29:08.259 [Forwarding get on session 24c56de00ffa00fe6118d27df9e3a356 to remote] DEBUG org.apache.http.wire - http-outgoing-7856 >> "{"url":"http://admin:pass@voucher-manager.snapshot.pv.nimbus-stage.cg.sky.com/"}"
11:29:08.383 [Forwarding get on session 24c56de00ffa00fe6118d27df9e3a356 to remote] DEBUG org.apache.http.wire - http-outgoing-7856 << "HTTP/1.1 200 OK[\r][\n]"
11:29:08.383 [Forwarding get on session 24c56de00ffa00fe6118d27df9e3a356 to remote] DEBUG org.apache.http.wire - http-outgoing-7856 << "Content-Length:72[\r][\n]"
11:29:08.383 [Forwarding get on session 24c56de00ffa00fe6118d27df9e3a356 to remote] DEBUG org.apache.http.wire - http-outgoing-7856 << "Content-Type:application/json; charset=utf-8[\r][\n]"
11:29:08.383 [Forwarding get on session 24c56de00ffa00fe6118d27df9e3a356 to remote] DEBUG org.apache.http.wire - http-outgoing-7856 << "Connection:close[\r][\n]"
11:29:08.383 [Forwarding get on session 24c56de00ffa00fe6118d27df9e3a356 to remote] DEBUG org.apache.http.wire - http-outgoing-7856 << "[\r][\n]"
11:29:08.383 [Forwarding get on session 24c56de00ffa00fe6118d27df9e3a356 to remote] DEBUG org.apache.http.wire - http-outgoing-7856 << "{"sessionId":"24c56de00ffa00fe6118d27df9e3a356","status":0,"value":null}"
11:29:08.383 [Forwarding get on session 24c56de00ffa00fe6118d27df9e3a356 to remote] DEBUG org.apache.http.headers - http-outgoing-7856 << HTTP/1.1 200 OK
11:29:08.383 [Forwarding get on session 24c56de00ffa00fe6118d27df9e3a356 to remote] DEBUG org.apache.http.headers - http-outgoing-7856 << Content-Length:72
11:29:08.383 [Forwarding get on session 24c56de00ffa00fe6118d27df9e3a356 to remote] DEBUG org.apache.http.headers - http-outgoing-7856 << Content-Type:application/json; charset=utf-8
11:29:08.383 [Forwarding get on session 24c56de00ffa00fe6118d27df9e3a356 to remote] DEBUG org.apache.http.headers - http-outgoing-7856 << Connection:close
11:29:08.383 [Forwarding get on session 24c56de00ffa00fe6118d27df9e3a356 to remote] DEBUG o.a.h.i.c.DefaultManagedHttpClientConnection - http-outgoing-7856: Shutdown connection
11:29:08.383 [Forwarding get on session 24c56de00ffa00fe6118d27df9e3a356 to remote] DEBUG o.a.h.impl.execchain.MainClientExec - Connection discarded
11:29:08.384 [Forwarding get on session 24c56de00ffa00fe6118d27df9e3a356 to remote] DEBUG o.a.h.i.c.DefaultManagedHttpClientConnection - http-outgoing-7856: Close connection
11:29:08.384 [Forwarding get on session 24c56de00ffa00fe6118d27df9e3a356 to remote] DEBUG o.a.h.i.c.PoolingHttpClientConnectionManager - Connection released: [id: 7856][route: {}->http://localhost:5387][total kept alive: 0; route allocated: 0 of 2000; total allocated: 0 of 2000]

  Scenario: Validate Batches                                                                          ?[90m# features/sutSanityForDevOps.feature:28?[0m
    ?[32mWhen ?[0m?[32mI click on the ?[0m?[32m?[1mShow Create Vouchers?[0m?[32m link?[0m                                                     ?[90m# GenericSteps.i_click_on_the_link(String)?[0m
    ?[32mAnd ?[0m?[32mI enter the values?[0m                                                                            ?[90m# GenericSteps.i_enter_the_values(String,String>)?[0m
    ?[32mAnd ?[0m?[32mI click the ?[0m?[32m?[1mCreate Voucher Batch?[0m?[32m button?[0m                                                       ?[90m# GenericSteps.click_the_submit_button(String)?[0m
    ?[32mAnd ?[0m?[32mI wait for the voucher batches to display?[0m                                                     ?[90m# CampaignDetailsSteps.i_wait_for_the_voucher_batches_to_display()?[0m
    ?[32mThen ?[0m?[32mthe text "?[0m?[32m?[1mCreating Voucher Batch?[0m?[32m" is displayed on the page?[0m                                   ?[90m# GenericSteps.the_page_displays_text_containing_text(String)?[0m
    ?[32mThen ?[0m?[32mI wait for the "?[0m?[32m?[1mHistory?[0m?[32m" button to display?[0m                                                   ?[90m# CampaignDetailsSteps.i_wait_for_the_button_to_display(String)?[0m
    ?[32mWhen ?[0m?[32mI login with user "?[0m?[32m?[1mdevops?[0m?[32m" and password "?[0m?[32m?[1mpass?[0m?[32m"?[0m                                               ?[90m# GenericSteps.login_with_username_password(String,String)?[0m
    ?[32mAnd ?[0m?[32mI go to the ?[0m?[32m?[1mHome?[0m?[32m page?[0m                                                                         ?[90m# GenericSteps.i_go_to_page(String)?[0m
    ?[32mThen ?[0m?[32mthe browser is at the ?[0m?[32m?[1mList Campaigns?[0m?[32m page?[0m                                                    ?[90m# GenericSteps.the_browser_is_at_the_page(String)?[0m
    ?[32mAnd ?[0m?[32mI click on the campaign we just created?[0m                                                       ?[90m# ListCampaignsSteps.i_click_on_the_campaign_we_just_created()?[0m
    ?[32mThen ?[0m?[32mthe table with class "?[0m?[32m?[1mbatches?[0m?[32m" has the following headers with corresponding first row values?[0m ?[90m# GenericSteps.the_table_headers_details_contains_values(String,String,String>)?[0m
11:29:08.389 [Forwarding get on session 24c56de00ffa00fe6118d27df9e3a356 to remote] DEBUG o.a.h.c.protocol.RequestAddCookies - CookieSpec selected: best-match
11:29:08.389 [Forwarding get on session 24c56de00ffa00fe6118d27df9e3a356 to remote] DEBUG o.a.h.c.protocol.RequestAuthCache - Auth cache not set in the context
11:29:08.390 [Forwarding get on session 24c56de00ffa00fe6118d27df9e3a356 to remote] DEBUG o.a.h.i.c.PoolingHttpClientConnectionManager - Connection request: [route: {}->http://localhost:5387][total kept alive: 0; route allocated: 0 of 2000; total allocated: 0 of 2000]
11:29:08.390 [Forwarding get on session 24c56de00ffa00fe6118d27df9e3a356 to remote] DEBUG o.a.h.i.c.PoolingHttpClientConnectionManager - Connection leased: [id: 7857][route: {}->http://localhost:5387][total kept alive: 0; route allocated: 1 of 2000; total allocated: 1 of 2000]
11:29:08.390 [Forwarding get on session 24c56de00ffa00fe6118d27df9e3a356 to remote] DEBUG o.a.h.impl.execchain.MainClientExec - Opening connection {}->http://localhost:5387
11:29:08.390 [Forwarding get on session 24c56de00ffa00fe6118d27df9e3a356 to remote] DEBUG o.a.h.i.c.HttpClientConnectionOperator - Connecting to localhost/127.0.0.1:5387
11:29:08.390 [Forwarding get on session 24c56de00ffa00fe6118d27df9e3a356 to remote] DEBUG o.a.h.i.c.HttpClientConnectionOperator - Connection established 127.0.0.1:51079<->127.0.0.1:5387
11:29:08.390 [Forwarding get on session 24c56de00ffa00fe6118d27df9e3a356 to remote] DEBUG o.a.h.impl.execchain.MainClientExec - Executing request POST /session/24c56de00ffa00fe6118d27df9e3a356/url HTTP/1.1
11:29:08.390 [Forwarding get on session 24c56de00ffa00fe6118d27df9e3a356 to remote] DEBUG o.a.h.impl.execchain.MainClientExec - Target auth state: UNCHALLENGED
11:29:08.390 [Forwarding get on session 24c56de00ffa00fe6118d27df9e3a356 to remote] DEBUG o.a.h.impl.execchain.MainClientExec - Proxy auth state: UNCHALLENGED
11:29:08.390 [Forwarding get on session 24c56de00ffa00fe6118d27df9e3a356 to remote] DEBUG org.apache.http.headers - http-outgoing-7857 >> POST /session/24c56de00ffa00fe6118d27df9e3a356/url HTTP/1.1
11:29:08.390 [Forwarding get on session 24c56de00ffa00fe6118d27df9e3a356 to remote] DEBUG org.apache.http.headers - http-outgoing-7857 >> Content-Type: application/json; charset=utf-8
11:29:08.390 [Forwarding get on session 24c56de00ffa00fe6118d27df9e3a356 to remote] DEBUG org.apache.http.headers - http-outgoing-7857 >> Content-Length: 83
11:29:08.390 [Forwarding get on session 24c56de00ffa00fe6118d27df9e3a356 to remote] DEBUG org.apache.http.headers - http-outgoing-7857 >> Host: localhost:5387
11:29:08.390 [Forwarding get on session 24c56de00ffa00fe6118d27df9e3a356 to remote] DEBUG org.apache.http.headers - http-outgoing-7857 >> Connection: Keep-Alive
11:29:08.390 [Forwarding get on session 24c56de00ffa00fe6118d27df9e3a356 to remote] DEBUG org.apache.http.headers - http-outgoing-7857 >> User-Agent: Apache-HttpClient/4.3.4 (java 1.5)
11:29:08.390 [Forwarding get on session 24c56de00ffa00fe6118d27df9e3a356 to remote] DEBUG org.apache.http.headers - http-outgoing-7857 >> Accept-Encoding: gzip,deflate
11:29:08.390 [Forwarding get on session 24c56de00ffa00fe6118d27df9e3a356 to remote] DEBUG org.apache.http.wire - http-outgoing-7857 >> "POST /session/24c56de00ffa00fe6118d27df9e3a356/url HTTP/1.1[\r][\n]"
11:29:08.390 [Forwarding get on session 24c56de00ffa00fe6118d27df9e3a356 to remote] DEBUG org.apache.http.wire - http-outgoing-7857 >> "Content-Type: application/json; charset=utf-8[\r][\n]"
11:29:08.390 [Forwarding get on session 24c56de00ffa00fe6118d27df9e3a356 to remote] DEBUG org.apache.http.wire - http-outgoing-7857 >> "Content-Length: 83[\r][\n]"
11:29:08.390 [Forwarding get on session 24c56de00ffa00fe6118d27df9e3a356 to remote] DEBUG org.apache.http.wire - http-outgoing-7857 >> "Host: localhost:5387[\r][\n]"
11:29:08.390 [Forwarding get on session 24c56de00ffa00fe6118d27df9e3a356 to remote] DEBUG org.apache.http.wire - http-outgoing-7857 >> "Connection: Keep-Alive[\r][\n]"
11:29:08.390 [Forwarding get on session 24c56de00ffa00fe6118d27df9e3a356 to remote] DEBUG org.apache.http.wire - http-outgoing-7857 >> "User-Agent: Apache-HttpClient/4.3.4 (java 1.5)[\r][\n]"
11:29:08.390 [Forwarding get on session 24c56de00ffa00fe6118d27df9e3a356 to remote] DEBUG org.apache.http.wire - http-outgoing-7857 >> "Accept-Encoding: gzip,deflate[\r][\n]"
11:29:08.390 [Forwarding get on session 24c56de00ffa00fe6118d27df9e3a356 to remote] DEBUG org.apache.http.wire - http-outgoing-7857 >> "[\r][\n]"
11:29:08.390 [Forwarding get on session 24c56de00ffa00fe6118d27df9e3a356 to remote] DEBUG org.apache.http.wire - http-outgoing-7857 >> "{"url":"http://voucher-manager-ui.snapshot.pv.nimbus-stage.cg.sky.com/#/campaigns"}"
11:29:08.748 [Forwarding get on session 24c56de00ffa00fe6118d27df9e3a356 to remote] DEBUG org.apache.http.wire - http-outgoing-7857 << "HTTP/1.1 200 OK[\r][\n]"
11:29:08.748 [Forwarding get on session 24c56de00ffa00fe6118d27df9e3a356 to remote] DEBUG org.apache.http.wire - http-outgoing-7857 << "Content-Length:72[\r][\n]"
11:29:08.748 [Forwarding get on session 24c56de00ffa00fe6118d27df9e3a356 to remote] DEBUG org.apache.http.wire - http-outgoing-7857 << "Content-Type:application/json; charset=utf-8[\r][\n]"
11:29:08.748 [Forwarding get on session 24c56de00ffa00fe6118d27df9e3a356 to remote] DEBUG org.apache.http.wire - http-outgoing-7857 << "Connection:close[\r][\n]"
11:29:08.748 [Forwarding get on session 24c56de00ffa00fe6118d27df9e3a356 to remote] DEBUG org.apache.http.wire - http-outgoing-7857 << "[\r][\n]"
11:29:08.748 [Forwarding get on session 24c56de00ffa00fe6118d27df9e3a356 to remote] DEBUG org.apache.http.wire - http-outgoing-7857 << "{"sessionId":"24c56de00ffa00fe6118d27df9e3a356","status":0,"value":null}"
11:29:08.748 [Forwarding get on session 24c56de00ffa00fe6118d27df9e3a356 to remote] DEBUG org.apache.http.headers - http-outgoing-7857 << HTTP/1.1 200 OK
11:29:08.748 [Forwarding get on session 24c56de00ffa00fe6118d27df9e3a356 to remote] DEBUG org.apache.http.headers - http-outgoing-7857 << Content-Length:72
11:29:08.748 [Forwarding get on session 24c56de00ffa00fe6118d27df9e3a356 to remote] DEBUG org.apache.http.headers - http-outgoing-7857 << Content-Type:application/json; charset=utf-8
11:29:08.748 [Forwarding get on session 24c56de00ffa00fe6118d27df9e3a356 to remote] DEBUG org.apache.http.headers - http-outgoing-7857 << Connection:close
11:29:08.748 [Forwarding get on session 24c56de00ffa00fe6118d27df9e3a356 to remote] DEBUG o.a.h.i.c.DefaultManagedHttpClientConnection - http-outgoing-7857: Shutdown connection
11:29:08.748 [Forwarding get on session 24c56de00ffa00fe6118d27df9e3a356 to remote] DEBUG o.a.h.impl.execchain.MainClientExec - Connection discarded
11:29:08.748 [Forwarding get on session 24c56de00ffa00fe6118d27df9e3a356 to remote] DEBUG o.a.h.i.c.DefaultManagedHttpClientConnection - http-outgoing-7857: Close connection
11:29:08.748 [Forwarding get on session 24c56de00ffa00fe6118d27df9e3a356 to remote] DEBUG o.a.h.i.c.PoolingHttpClientConnectionManager - Connection released: [id: 7857][route: {}->http://localhost:5387][total kept alive: 0; route allocated: 0 of 2000; total allocated: 0 of 2000]
11:29:08.748 [Forwarding getCurrentUrl on session 24c56de00ffa00fe6118d27df9e3a356 to remote] DEBUG o.a.h.c.protocol.RequestAddCookies - CookieSpec selected: best-match
11:29:08.748 [Forwarding getCurrentUrl on session 24c56de00ffa00fe6118d27df9e3a356 to remote] DEBUG o.a.h.c.protocol.RequestAuthCache - Auth cache not set in the context
11:29:08.748 [Forwarding getCurrentUrl on session 24c56de00ffa00fe6118d27df9e3a356 to remote] DEBUG o.a.h.i.c.PoolingHttpClientConnectionManager - Connection request: [route: {}->http://localhost:5387][total kept alive: 0; route allocated: 0 of 2000; total allocated: 0 of 2000]
11:29:08.748 [Forwarding getCurrentUrl on session 24c56de00ffa00fe6118d27df9e3a356 to remote] DEBUG o.a.h.i.c.PoolingHttpClientConnectionManager - Connection leased: [id: 7858][route: {}->http://localhost:5387][total kept alive: 0; route allocated: 1 of 2000; total allocated: 1 of 2000]
11:29:08.748 [Forwarding getCurrentUrl on session 24c56de00ffa00fe6118d27df9e3a356 to remote] DEBUG o.a.h.impl.execchain.MainClientExec - Opening connection {}->http://localhost:5387
11:29:08.748 [Forwarding getCurrentUrl on session 24c56de00ffa00fe6118d27df9e3a356 to remote] DEBUG o.a.h.i.c.HttpClientConnectionOperator - Connecting to localhost/127.0.0.1:5387
11:29:08.748 [Forwarding getCurrentUrl on session 24c56de00ffa00fe6118d27df9e3a356 to remote] DEBUG o.a.h.i.c.HttpClientConnectionOperator - Connection established 127.0.0.1:51080<->127.0.0.1:5387
11:29:08.748 [Forwarding getCurrentUrl on session 24c56de00ffa00fe6118d27df9e3a356 to remote] DEBUG o.a.h.impl.execchain.MainClientExec - Executing request GET /session/24c56de00ffa00fe6118d27df9e3a356/url HTTP/1.1
11:29:08.748 [Forwarding getCurrentUrl on session 24c56de00ffa00fe6118d27df9e3a356 to remote] DEBUG o.a.h.impl.execchain.MainClientExec - Target auth state: UNCHALLENGED
11:29:08.748 [Forwarding getCurrentUrl on session 24c56de00ffa00fe6118d27df9e3a356 to remote] DEBUG o.a.h.impl.execchain.MainClientExec - Proxy auth state: UNCHALLENGED
11:29:08.748 [Forwarding getCurrentUrl on session 24c56de00ffa00fe6118d27df9e3a356 to remote] DEBUG org.apache.http.headers - http-outgoing-7858 >> GET /session/24c56de00ffa00fe6118d27df9e3a356/url HTTP/1.1
11:29:08.748 [Forwarding getCurrentUrl on session 24c56de00ffa00fe6118d27df9e3a356 to remote] DEBUG org.apache.http.headers - http-outgoing-7858 >> Cache-Control: no-cache
11:29:08.748 [Forwarding getCurrentUrl on session 24c56de00ffa00fe6118d27df9e3a356 to remote] DEBUG org.apache.http.headers - http-outgoing-7858 >> Host: localhost:5387
11:29:08.748 [Forwarding getCurrentUrl on session 24c56de00ffa00fe6118d27df9e3a356 to remote] DEBUG org.apache.http.headers - http-outgoing-7858 >> Connection: Keep-Alive
11:29:08.748 [Forwarding getCurrentUrl on session 24c56de00ffa00fe6118d27df9e3a356 to remote] DEBUG org.apache.http.headers - http-outgoing-7858 >> User-Agent: Apache-HttpClient/4.3.4 (java 1.5)
11:29:08.748 [Forwarding getCurrentUrl on session 24c56de00ffa00fe6118d27df9e3a356 to remote] DEBUG org.apache.http.headers - http-outgoing-7858 >> Accept-Encoding: gzip,deflate
11:29:08.748 [Forwarding getCurrentUrl on session 24c56de00ffa00fe6118d27df9e3a356 to remote] DEBUG org.apache.http.wire - http-outgoing-7858 >> "GET /session/24c56de00ffa00fe6118d27df9e3a356/url HTTP/1.1[\r][\n]"
11:29:08.748 [Forwarding getCurrentUrl on session 24c56de00ffa00fe6118d27df9e3a356 to remote] DEBUG org.apache.http.wire - http-outgoing-7858 >> "Cache-Control: no-cache[\r][\n]"
11:29:08.748 [Forwarding getCurrentUrl on session 24c56de00ffa00fe6118d27df9e3a356 to remote] DEBUG org.apache.http.wire - http-outgoing-7858 >> "Host: localhost:5387[\r][\n]"
11:29:08.748 [Forwarding getCurrentUrl on session 24c56de00ffa00fe6118d27df9e3a356 to remote] DEBUG org.apache.http.wire - http-outgoing-7858 >> "Connection: Keep-Alive[\r][\n]"
11:29:08.748 [Forwarding getCurrentUrl on session 24c56de00ffa00fe6118d27df9e3a356 to remote] DEBUG org.apache.http.wire - http-outgoing-7858 >> "User-Agent: Apache-HttpClient/4.3.4 (java 1.5)[\r][\n]"
11:29:08.748 [Forwarding getCurrentUrl on session 24c56de00ffa00fe6118d27df9e3a356 to remote] DEBUG org.apache.http.wire - http-outgoing-7858 >> "Accept-Encoding: gzip,deflate[\r][\n]"
11:29:08.748 [Forwarding getCurrentUrl on session 24c56de00ffa00fe6118d27df9e3a356 to remote] DEBUG org.apache.http.wire - http-outgoing-7858 >> "[\r][\n]"
11:29:08.775 [Forwarding getCurrentUrl on session 24c56de00ffa00fe6118d27df9e3a356 to remote] DEBUG org.apache.http.wire - http-outgoing-7858 << "HTTP/1.1 200 OK[\r][\n]"
11:29:08.775 [Forwarding getCurrentUrl on session 24c56de00ffa00fe6118d27df9e3a356 to remote] DEBUG org.apache.http.wire - http-outgoing-7858 << "Content-Length:143[\r][\n]"
11:29:08.775 [Forwarding getCurrentUrl on session 24c56de00ffa00fe6118d27df9e3a356 to remote] DEBUG org.apache.http.wire - http-outgoing-7858 << "Content-Type:application/json; charset=utf-8[\r][\n]"
11:29:08.775 [Forwarding getCurrentUrl on session 24c56de00ffa00fe6118d27df9e3a356 to remote] DEBUG org.apache.http.wire - http-outgoing-7858 << "Connection:close[\r][\n]"
11:29:08.775 [Forwarding getCurrentUrl on session 24c56de00ffa00fe6118d27df9e3a356 to remote] DEBUG org.apache.http.wire - http-outgoing-7858 << "[\r][\n]"
11:29:08.775 [Forwarding getCurrentUrl on session 24c56de00ffa00fe6118d27df9e3a356 to remote] DEBUG org.apache.http.wire - http-outgoing-7858 << "{"sessionId":"24c56de00ffa00fe6118d27df9e3a356","status":0,"value":"http://voucher-manager-ui.snapshot.pv.nimbus-stage.cg.sky.com/#/campaigns"}"
11:29:08.775 [Forwarding getCurrentUrl on session 24c56de00ffa00fe6118d27df9e3a356 to remote] DEBUG org.apache.http.headers - http-outgoing-7858 << HTTP/1.1 200 OK
11:29:08.775 [Forwarding getCurrentUrl on session 24c56de00ffa00fe6118d27df9e3a356 to remote] DEBUG org.apache.http.headers - http-outgoing-7858 << Content-Length:143
11:29:08.775 [Forwarding getCurrentUrl on session 24c56de00ffa00fe6118d27df9e3a356 to remote] DEBUG org.apache.http.headers - http-outgoing-7858 << Content-Type:application/json; charset=utf-8
11:29:08.775 [Forwarding getCurrentUrl on session 24c56de00ffa00fe6118d27df9e3a356 to remote] DEBUG org.apache.http.headers - http-outgoing-7858 << Connection:close
11:29:08.776 [Forwarding getCurrentUrl on session 24c56de00ffa00fe6118d27df9e3a356 to remote] DEBUG o.a.h.i.c.DefaultManagedHttpClientConnection - http-outgoing-7858: Shutdown connection
11:29:08.776 [Forwarding getCurrentUrl on session 24c56de00ffa00fe6118d27df9e3a356 to remote] DEBUG o.a.h.impl.execchain.MainClientExec - Connection discarded
11:29:08.776 [Forwarding getCurrentUrl on session 24c56de00ffa00fe6118d27df9e3a356 to remote] DEBUG o.a.h.i.c.DefaultManagedHttpClientConnection - http-outgoing-7858: Close connection
11:29:08.776 [Forwarding getCurrentUrl on session 24c56de00ffa00fe6118d27df9e3a356 to remote] DEBUG o.a.h.i.c.PoolingHttpClientConnectionManager - Connection released: [id: 7858][route: {}->http://localhost:5387][total kept alive: 0; route allocated: 0 of 2000; total allocated: 0 of 2000]
11:29:08.776 [Forwarding executeScript on session 24c56de00ffa00fe6118d27df9e3a356 to remote] DEBUG o.a.h.c.protocol.RequestAddCookies - CookieSpec selected: best-match
11:29:08.776 [Forwarding executeScript on session 24c56de00ffa00fe6118d27df9e3a356 to remote] DEBUG o.a.h.c.protocol.RequestAuthCache - Auth cache not set in the context
11:29:08.776 [Forwarding executeScript on session 24c56de00ffa00fe6118d27df9e3a356 to remote] DEBUG o.a.h.i.c.PoolingHttpClientConnectionManager - Connection request: [route: {}->http://localhost:5387][total kept alive: 0; route allocated: 0 of 2000; total allocated: 0 of 2000]
11:29:08.776 [Forwarding executeScript on session 24c56de00ffa00fe6118d27df9e3a356 to remote] DEBUG o.a.h.i.c.PoolingHttpClientConnectionManager - Connection leased: [id: 7859][route: {}->http://localhost:5387][total kept alive: 0; route allocated: 1 of 2000; total allocated: 1 of 2000]
11:29:08.776 [Forwarding executeScript on session 24c56de00ffa00fe6118d27df9e3a356 to remote] DEBUG o.a.h.impl.execchain.MainClientExec - Opening connection {}->http://localhost:5387
11:29:08.776 [Forwarding executeScript on session 24c56de00ffa00fe6118d27df9e3a356 to remote] DEBUG o.a.h.i.c.HttpClientConnectionOperator - Connecting to localhost/127.0.0.1:5387
11:29:08.776 [Forwarding executeScript on session 24c56de00ffa00fe6118d27df9e3a356 to remote] DEBUG o.a.h.i.c.HttpClientConnectionOperator - Connection established 127.0.0.1:51081<->127.0.0.1:5387
11:29:08.776 [Forwarding executeScript on session 24c56de00ffa00fe6118d27df9e3a356 to remote] DEBUG o.a.h.impl.execchain.MainClientExec - Executing request POST /session/24c56de00ffa00fe6118d27df9e3a356/execute HTTP/1.1
11:29:08.776 [Forwarding executeScript on session 24c56de00ffa00fe6118d27df9e3a356 to remote] DEBUG o.a.h.impl.execchain.MainClientExec - Target auth state: UNCHALLENGED
11:29:08.776 [Forwarding executeScript on session 24c56de00ffa00fe6118d27df9e3a356 to remote] DEBUG o.a.h.impl.execchain.MainClientExec - Proxy auth state: UNCHALLENGED
11:29:08.776 [Forwarding executeScript on session 24c56de00ffa00fe6118d27df9e3a356 to remote] DEBUG org.apache.http.headers - http-outgoing-7859 >> POST /session/24c56de00ffa00fe6118d27df9e3a356/execute HTTP/1.1
11:29:08.776 [Forwarding executeScript on session 24c56de00ffa00fe6118d27df9e3a356 to remote] DEBUG org.apache.http.headers - http-outgoing-7859 >> Content-Type: application/json; charset=utf-8
11:29:08.776 [Forwarding executeScript on session 24c56de00ffa00fe6118d27df9e3a356 to remote] DEBUG org.apache.http.headers - http-outgoing-7859 >> Content-Length: 75
11:29:08.776 [Forwarding executeScript on session 24c56de00ffa00fe6118d27df9e3a356 to remote] DEBUG org.apache.http.headers - http-outgoing-7859 >> Host: localhost:5387
11:29:08.776 [Forwarding executeScript on session 24c56de00ffa00fe6118d27df9e3a356 to remote] DEBUG org.apache.http.headers - http-outgoing-7859 >> Connection: Keep-Alive
11:29:08.776 [Forwarding executeScript on session 24c56de00ffa00fe6118d27df9e3a356 to remote] DEBUG org.apache.http.headers - http-outgoing-7859 >> User-Agent: Apache-HttpClient/4.3.4 (java 1.5)
11:29:08.776 [Forwarding executeScript on session 24c56de00ffa00fe6118d27df9e3a356 to remote] DEBUG org.apache.http.headers - http-outgoing-7859 >> Accept-Encoding: gzip,deflate
11:29:08.776 [Forwarding executeScript on session 24c56de00ffa00fe6118d27df9e3a356 to remote] DEBUG org.apache.http.wire - http-outgoing-7859 >> "POST /session/24c56de00ffa00fe6118d27df9e3a356/execute HTTP/1.1[\r][\n]"
11:29:08.776 [Forwarding executeScript on session 24c56de00ffa00fe6118d27df9e3a356 to remote] DEBUG org.apache.http.wire - http-outgoing-7859 >> "Content-Type: application/json; charset=utf-8[\r][\n]"
11:29:08.776 [Forwarding executeScript on session 24c56de00ffa00fe6118d27df9e3a356 to remote] DEBUG org.apache.http.wire - http-outgoing-7859 >> "Content-Length: 75[\r][\n]"
11:29:08.776 [Forwarding executeScript on session 24c56de00ffa00fe6118d27df9e3a356 to remote] DEBUG org.apache.http.wire - http-outgoing-7859 >> "Host: localhost:5387[\r][\n]"
11:29:08.776 [Forwarding executeScript on session 24c56de00ffa00fe6118d27df9e3a356 to remote] DEBUG org.apache.http.wire - http-outgoing-7859 >> "Connection: Keep-Alive[\r][\n]"
11:29:08.776 [Forwarding executeScript on session 24c56de00ffa00fe6118d27df9e3a356 to remote] DEBUG org.apache.http.wire - http-outgoing-7859 >> "User-Agent: Apache-HttpClient/4.3.4 (java 1.5)[\r][\n]"
11:29:08.776 [Forwarding executeScript on session 24c56de00ffa00fe6118d27df9e3a356 to remote] DEBUG org.apache.http.wire - http-outgoing-7859 >> "Accept-Encoding: gzip,deflate[\r][\n]"
11:29:08.776 [Forwarding executeScript on session 24c56de00ffa00fe6118d27df9e3a356 to remote] DEBUG org.apache.http.wire - http-outgoing-7859 >> "[\r][\n]"
11:29:08.776 [Forwarding executeScript on session 24c56de00ffa00fe6118d27df9e3a356 to remote] DEBUG org.apache.http.wire - http-outgoing-7859 >> "{"args":[],"script":"if (document.readyState) return document.readyState;"}"
11:29:08.929 [Forwarding executeScript on session 24c56de00ffa00fe6118d27df9e3a356 to remote] DEBUG org.apache.http.wire - http-outgoing-7859 << "HTTP/1.1 200 OK[\r][\n]"
11:29:08.929 [Forwarding executeScript on session 24c56de00ffa00fe6118d27df9e3a356 to remote] DEBUG org.apache.http.wire - http-outgoing-7859 << "Content-Length:78[\r][\n]"
11:29:08.929 [Forwarding executeScript on session 24c56de00ffa00fe6118d27df9e3a356 to remote] DEBUG org.apache.http.wire - http-outgoing-7859 << "Content-Type:application/json; charset=utf-8[\r][\n]"
11:29:08.929 [Forwarding executeScript on session 24c56de00ffa00fe6118d27df9e3a356 to remote] DEBUG org.apache.http.wire - http-outgoing-7859 << "Connection:close[\r][\n]"
11:29:08.929 [Forwarding executeScript on session 24c56de00ffa00fe6118d27df9e3a356 to remote] DEBUG org.apache.http.wire - http-outgoing-7859 << "[\r][\n]"
11:29:08.929 [Forwarding executeScript on session 24c56de00ffa00fe6118d27df9e3a356 to remote] DEBUG org.apache.http.wire - http-outgoing-7859 << "{"sessionId":"24c56de00ffa00fe6118d27df9e3a356","status":0,"value":"complete"}"
11:29:08.929 [Forwarding executeScript on session 24c56de00ffa00fe6118d27df9e3a356 to remote] DEBUG org.apache.http.headers - http-outgoing-7859 << HTTP/1.1 200 OK
11:29:08.929 [Forwarding executeScript on session 24c56de00ffa00fe6118d27df9e3a356 to remote] DEBUG org.apache.http.headers - http-outgoing-7859 << Content-Length:78
11:29:08.929 [Forwarding executeScript on session 24c56de00ffa00fe6118d27df9e3a356 to remote] DEBUG org.apache.http.headers - http-outgoing-7859 << Content-Type:application/json; charset=utf-8
11:29:08.929 [Forwarding executeScript on session 24c56de00ffa00fe6118d27df9e3a356 to remote] DEBUG org.apache.http.headers - http-outgoing-7859 << Connection:close
11:29:08.929 [Forwarding executeScript on session 24c56de00ffa00fe6118d27df9e3a356 to remote] DEBUG o.a.h.i.c.DefaultManagedHttpClientConnection - http-outgoing-7859: Shutdown connection
11:29:08.929 [Forwarding executeScript on session 24c56de00ffa00fe6118d27df9e3a356 to remote] DEBUG o.a.h.impl.execchain.MainClientExec - Connection discarded
11:29:08.929 [Forwarding executeScript on session 24c56de00ffa00fe6118d27df9e3a356 to remote] DEBUG o.a.h.i.c.DefaultManagedHttpClientConnection - http-outgoing-7859: Close connection
11:29:08.929 [Forwarding executeScript on session 24c56de00ffa00fe6118d27df9e3a356 to remote] DEBUG o.a.h.i.c.PoolingHttpClientConnectionManager - Connection released: [id: 7859][route: {}->http://localhost:5387][total kept alive: 0; route allocated: 0 of 2000; total allocated: 0 of 2000]
11:29:08.929 [Forwarding getPageSource on session 24c56de00ffa00fe6118d27df9e3a356 to remote] DEBUG o.a.h.c.protocol.RequestAddCookies - CookieSpec selected: best-match
11:29:08.929 [Forwarding getPageSource on session 24c56de00ffa00fe6118d27df9e3a356 to remote] DEBUG o.a.h.c.protocol.RequestAuthCache - Auth cache not set in the context
11:29:08.929 [Forwarding getPageSource on session 24c56de00ffa00fe6118d27df9e3a356 to remote] DEBUG o.a.h.i.c.PoolingHttpClientConnectionManager - Connection request: [route: {}->http://localhost:5387][total kept alive: 0; route allocated: 0 of 2000; total allocated: 0 of 2000]
11:29:08.929 [Forwarding getPageSource on session 24c56de00ffa00fe6118d27df9e3a356 to remote] DEBUG o.a.h.i.c.PoolingHttpClientConnectionManager - Connection leased: [id: 7860][route: {}->http://localhost:5387][total kept alive: 0; route allocated: 1 of 2000; total allocated: 1 of 2000]
11:29:08.929 [Forwarding getPageSource on session 24c56de00ffa00fe6118d27df9e3a356 to remote] DEBUG o.a.h.impl.execchain.MainClientExec - Opening connection {}->http://localhost:5387
11:29:08.929 [Forwarding getPageSource on session 24c56de00ffa00fe6118d27df9e3a356 to remote] DEBUG o.a.h.i.c.HttpClientConnectionOperator - Connecting to localhost/127.0.0.1:5387
11:29:08.930 [Forwarding getPageSource on session 24c56de00ffa00fe6118d27df9e3a356 to remote] DEBUG o.a.h.i.c.HttpClientConnectionOperator - Connection established 127.0.0.1:51082<->127.0.0.1:5387
11:29:08.930 [Forwarding getPageSource on session 24c56de00ffa00fe6118d27df9e3a356 to remote] DEBUG o.a.h.impl.execchain.MainClientExec - Executing request GET /session/24c56de00ffa00fe6118d27df9e3a356/source HTTP/1.1
11:29:08.930 [Forwarding getPageSource on session 24c56de00ffa00fe6118d27df9e3a356 to remote] DEBUG o.a.h.impl.execchain.MainClientExec - Target auth state: UNCHALLENGED
11:29:08.930 [Forwarding getPageSource on session 24c56de00ffa00fe6118d27df9e3a356 to remote] DEBUG o.a.h.impl.execchain.MainClientExec - Proxy auth state: UNCHALLENGED
11:29:08.930 [Forwarding getPageSource on session 24c56de00ffa00fe6118d27df9e3a356 to remote] DEBUG org.apache.http.headers - http-outgoing-7860 >> GET /session/24c56de00ffa00fe6118d27df9e3a356/source HTTP/1.1
11:29:08.930 [Forwarding getPageSource on session 24c56de00ffa00fe6118d27df9e3a356 to remote] DEBUG org.apache.http.headers - http-outgoing-7860 >> Cache-Control: no-cache
11:29:08.930 [Forwarding getPageSource on session 24c56de00ffa00fe6118d27df9e3a356 to remote] DEBUG org.apache.http.headers - http-outgoing-7860 >> Host: localhost:5387
11:29:08.930 [Forwarding getPageSource on session 24c56de00ffa00fe6118d27df9e3a356 to remote] DEBUG org.apache.http.headers - http-outgoing-7860 >> Connection: Keep-Alive
11:29:08.930 [Forwarding getPageSource on session 24c56de00ffa00fe6118d27df9e3a356 to remote] DEBUG org.apache.http.headers - http-outgoing-7860 >> User-Agent: Apache-HttpClient/4.3.4 (java 1.5)
11:29:08.930 [Forwarding getPageSource on session 24c56de00ffa00fe6118d27df9e3a356 to remote] DEBUG org.apache.http.headers - http-outgoing-7860 >> Accept-Encoding: gzip,deflate
11:29:08.930 [Forwarding getPageSource on session 24c56de00ffa00fe6118d27df9e3a356 to remote] DEBUG org.apache.http.wire - http-outgoing-7860 >> "GET /session/24c56de00ffa00fe6118d27df9e3a356/source HTTP/1.1[\r][\n]"
11:29:08.930 [Forwarding getPageSource on session 24c56de00ffa00fe6118d27df9e3a356 to remote] DEBUG org.apache.http.wire - http-outgoing-7860 >> "Cache-Control: no-cache[\r][\n]"
11:29:08.930 [Forwarding getPageSource on session 24c56de00ffa00fe6118d27df9e3a356 to remote] DEBUG org.apache.http.wire - http-outgoing-7860 >> "Host: localhost:5387[\r][\n]"
11:29:08.930 [Forwarding getPageSource on session 24c56de00ffa00fe6118d27df9e3a356 to remote] DEBUG org.apache.http.wire - http-outgoing-7860 >> "Connection: Keep-Alive[\r][\n]"
11:29:08.930 [Forwarding getPageSource on session 24c56de00ffa00fe6118d27df9e3a356 to remote] DEBUG org.apache.http.wire - http-outgoing-7860 >> "User-Agent: Apache-HttpClient/4.3.4 (java 1.5)[\r][\n]"
11:29:08.930 [Forwarding getPageSource on session 24c56de00ffa00fe6118d27df9e3a356 to remote] DEBUG org.apache.http.wire - http-outgoing-7860 >> "Accept-Encoding: gzip,deflate[\r][\n]"
11:29:08.930 [Forwarding getPageSource on session 24c56de00ffa00fe6118d27df9e3a356 to remote] DEBUG org.apache.http.wire - http-outgoing-7860 >> "[\r][\n]"
11:29:08.940 [Forwarding getPageSource on session 24c56de00ffa00fe6118d27df9e3a356 to remote] DEBUG org.apache.http.wire - http-outgoing-7860 << "HTTP/1.1 200 OK[\r][\n]"
11:29:08.940 [Forwarding getPageSource on session 24c56de00ffa00fe6118d27df9e3a356 to remote] DEBUG org.apache.http.wire - http-outgoing-7860 << "Content-Length:44523[\r][\n]"
11:29:08.940 [Forwarding getPageSource on session 24c56de00ffa00fe6118d27df9e3a356 to remote] DEBUG org.apache.http.wire - http-outgoing-7860 << "Content-Type:application/json; charset=utf-8[\r][\n]"
11:29:08.940 [Forwarding getPageSource on session 24c56de00ffa00fe6118d27df9e3a356 to remote] DEBUG org.apache.http.wire - http-outgoing-7860 << "Connection:close[\r][\n]"
11:29:08.940 [Forwarding getPageSource on session 24c56de00ffa00fe6118d27df9e3a356 to remote] DEBUG org.apache.http.wire - http-outgoing-7860 << "[\r][\n]"
11:29:08.940 [Forwarding getPageSource on session 24c56de00ffa00fe6118d27df9e3a356 to remote] DEBUG org.apache.http.wire - http-outgoing-7860 << "{"sessionId":"24c56de00ffa00fe6118d27df9e3a356","status":0,"value":"\u003C!DOCTYPE html>\u003Chtml xmlns=\"http://www.w3.org/1999/xhtml\" class=\"no-js\">\u003Chead>\u003Cstyle type=\"text/css\">@charset \"UTF-8\";[ng\\:cloak],[ng-cloak],[data-ng-cloak],[x-ng-cloak],.ng-cloak,.x-ng-cloak,.ng-hide:not(.ng-hide-animate){display:none !important;}ng\\:form{display:block;}.ng-animate-shim{visibility:hidden;}.ng-anchor{position:absolute;}\u003C/style> \u003Cmeta charset=\"utf-8\" /> \u003Ctitle>\u003C/title> \u003Cmeta name=\"description\" content=\"\" /> \u003Cmeta name=\"viewport\" content=\"width=device-width\" /> \u003Clink rel=\"stylesheet\" href=\"styles/vendor.e0f0f7c2.css\" /> \u003Clink rel=\"stylesheet\" href=\"styles/main.bc645663.css\" />  \u003C/head>\u003Cbody ng-app=\"vouchersUiApp\" class=\"ng-scope\"> \u003C!--[if lt IE 7]>\n      \u003Cp class=\"browsehappy\">You are using an \u003Cstrong>outdated\u003C/strong> browser. Please \u003Ca href=\"http://browsehappy.com/\">upgrade your browser\u003C/a> to improve your experience.\u003C/p>\n    \u003C![endif]--> \u003Cserver-connection>\u003Cdiv class=\"col-md-12 alert-message\"> \u003C!-- ngRepeat: alert in alerts --> \u003C/div>\u003C/server-connection> \u003C!-- Add your site or application content here --> \u003Cdiv class=\"container\"> \u003C!-- ngView:  -->\u003Cdiv ng-view=\"\" class=\"body ng-scope\">\u003C!-- ngInclude: undefined --> \u003Cdiv class=\"row name-group ng-scope\"> \u003Cdiv class=\"col-md-12\"> \u003Ch4>Campaign List\u003C/h4> \u003Cform class=\"form-inline search-form ng-pristine ng-valid ng-valid-minlength ng-valid-maxlength\" name=\"nameForm\"> \u003Cdiv class=\"form-group col-md-5\"> \u003Clabel for=\"search-name\">Find\u003C/label> \u003Cinput type=\"text\" ng-model=\"searchName\" delayed-model=\"searchName\" name=\"name\" class=\"form-control ng-pristine ng-untouched ng-valid ng-valid-minlength ng-valid-maxlength\" id=\"search-name\" ng-minlength=\"3\" maxlength=\"50\" placeholder=\"Campaign Name (Minimum 3 characters)\" /> \u003Cspan id=\"searchclear\" class=\"glyphicon glyphicon-remove-circle\" ng-click=\"clearSearchName()\">\u003C/span> \u003C/div> \u003C/form> \u003Cdiv class=\"btn-group pull-right\"> \u003Cbutton type=\"submit\" class=\"btn btn-success\" ng-click=\"exportFilteredList()\">Export Campaign List \u003C/button> \u003C/div> \u003C/div> \u003C/div> \u003Cdiv class=\"row ng-scope\"> \u003Cform class=\"form-inline search-form ng-pristine ng-valid ng-valid-date\" name=\"searchForm\"> \u003Cdiv class=\"col-md-12 ng-hide\" ng-hide=\"!showFilters\"> \u003Chr /> \u003Cdiv class=\"form-group\"> \u003Clabel for=\"start\">Start Date\u003C/label> \u003Cdiv class=\"dropdown\"> \u003Ca class=\"dropdown-toggle\" id=\"start-dropdown\" role=\"button\" data-toggle=\"dropdown\" data-target=\"#\" href=\"#\" aria-haspopup=\"true\" aria-expanded=\"false\"> \u003Cdiv class=\"input-group\">\u003Cinput type=\"text\" size=\"20\" class=\"form-control ng-pristine ng-untouched ng-valid ng-valid-date\" name=\"start\" id=\"start\" data-ng-model=\"search.start\" ng-change=\"checkFilterDateValidity()\" />\u003Cspan class=\"input-group-addon\">\u003Ci class=\"glyphicon glyphicon-calendar\">\u003C/i>\u003C/span>\u003C/div> \u003C/a> \u003Cul class=\"dropdown-menu\" role=\"menu\" aria-labelledby=\"dLabel\"> \u003Cdiv class=\"datetimepicker table-responsive ng-isolate-scope ng-valid\" data-ng-model=\"search.start\" data-datetimepicker-config=\"{ dropdownSelector: '#start-dropdown', startView:'day', minView:'day' }\" data-on-set-time=\"setStartDate(newDate, oldDate)\">\u003Ctable class=\"table table-striped  day-view\">   \u003Cthead>       \u003Ctr>           \u003Cth class=\"left\" data-ng-click=\"changeView(data.currentView, data.leftDate, $event)\" data-ng-show=\"data.leftDate.selectable\">\u003Ci class=\"glyphicon glyphicon-arrow-left\">\u003C/i>\u003C/th>           \u003Cth class=\"switch ng-binding\" colspan=\"5\" data-ng-show=\"data.previousViewDate.selectable\" data-ng-click=\"changeView(data.previousView, data.previousViewDate, $event)\">2015-Jul\u003C/th>           \u003Cth class=\"right\" data-ng-click=\"changeView(data.currentView, data.rightDate, $event)\" data-ng-show=\"data.rightDate.selectable\">\u003Ci class=\"glyphicon glyphicon-arrow-right\">\u003C/i>\u003C/th>       \u003C/tr>       \u003Ctr>           \u003C!-- ngRepeat: day in data.dayNames -->\u003Cth class=\"dow ng-binding ng-scope\" data-ng-repeat=\"day in data.dayNames\">Su\u003C/th>\u003C!-- end ngRepeat: day in data.dayNames -->\u003Cth class=\"dow ng-binding ng-scope\" data-ng-repeat=\"day in data.dayNames\">Mo\u003C/th>\u003C!-- end ngRepeat: day in data.dayNames -->\u003Cth class=\"dow ng-binding ng-scope\" data-ng-repeat=\"day in data.dayNames\">Tu\u003C/th>\u003C!-- end ngRepeat: day in data.dayNames -->\u003Cth class=\"dow ng-binding ng-scope\" data-ng-repeat=\"day in data.dayNames\">We\u003C/th>\u003C!-- end ngRepeat: day in data.dayNames -->\u003Cth class=\"dow ng-binding ng-scope\" data-ng-repeat=\"day in data.dayNames\">Th\u003C/th>\u003C!-- end ngRepeat: day in data.dayNames -->\u003Cth class=\"dow ng-binding ng-scope\" data-ng-repeat=\"day in data.dayNames\">Fr\u003C/th>\u003C!-- end ngRepeat: day in data.dayNames -->\u003Cth class=\"dow ng-binding ng-scope\" data-ng-repeat=\"day in data.dayNames\">Sa\u003C/th>\u003C!-- end ngRepeat: day in data.dayNames -->       \u003C/tr>   \u003C/thead>   \u003Ctbody>       \u003C!-- ngIf: data.currentView !== 'day' -->       \u003C!-- ngRepeat: week in data.weeks -->\u003C!-- ngIf: data.currentView === 'day' -->\u003Ctr data-ng-if=\"data.currentView === 'day'\" data-ng-repeat=\"week in data.weeks\" class=\"ng-scope\">           \u003C!-- ngRepeat: dateObject in week.dates -->\u003Ctd data-ng-repeat=\"dateObject in week.dates\" data-ng-click=\"changeView(data.nextView, dateObject, $event)\" class=\"day ng-binding ng-scope past\" data-ng-class=\"{active: dateObject.active, past: dateObject.past, future: dateObject.future, disabled: !dateObject.selectable}\">28\u003C/td>\u003C!-- end ngRepeat: dateObject in week.dates -->\u003Ctd data-ng-repeat=\"dateObject in week.dates\" data-ng-click=\"changeView(data.nextView, dateObject, $event)\" class=\"day ng-binding ng-scope past\" data-ng-class=\"{active: dateObject.active, past: dateObject.past, future: dateObject.future, disabled: !dateObject.selectable}\">29\u003C/td>\u003C!-- end ngRepeat: dateObject in week.dates -->\u003Ctd data-ng-repeat=\"dateObject in week.dates\" data-ng-click=\"changeView(data.nextView, dateObject, $event)\" class=\"day ng-binding ng-scope past\" data-ng-class=\"{active: dateObject.active, past: dateObject.past, future: dateObject.future, disabled: !dateObject.selectable}\">30\u003C/td>\u003C!-- end ngRepeat: dateObject in week.dates -->\u003Ctd data-ng-repeat=\"dateObject in week.dates\" data-ng-click=\"changeView(data.nextView, dateObject, $event)\" class=\"day ng-binding ng-scope\" data-ng-class=\"{active: dateObject.active, past: dateObject.past, future: dateObject.future, disabled: !dateObject.selectable}\">1\u003C/td>\u003C!-- end ngRepeat: dateObject in week.dates -->\u003Ctd data-ng-repeat=\"dateObject in week.dates\" data-ng-click=\"changeView(data.nextView, dateObject, $event)\" class=\"day ng-binding ng-scope\" data-ng-class=\"{active: dateObject.active, past: dateObject.past, future: dateObject.future, disabled: !dateObject.selectable}\">2\u003C/td>\u003C!-- end ngRepeat: dateObject in week.dates -->\u003Ctd data-ng-repeat=\"dateObject in week.dates\" data-ng-click=\"changeView(data.nextView, dateObject, $event)\" class=\"day ng-binding ng-scope\" data-ng-class=\"{active: dateObject.active, past: dateObject.past, future: dateObject.future, disabled: !dateObject.selectable}\">3\u003C/td>\u003C!-- end ngRepeat: dateObject in week.dates -->\u003Ctd data-ng-repeat=\"dateObject in week.dates\" data-ng-click=\"changeView(data.nextView, dateObject, $event)\" class=\"day ng-binding ng-scope\" data-ng-class=\"{active: dateObject.active, past: dateObject.past, future: dateO"
11:29:08.940 [Forwarding getPageSource on session 24c56de00ffa00fe6118d27df9e3a356 to remote] DEBUG org.apache.http.headers - http-outgoing-7860 << HTTP/1.1 200 OK
11:29:08.940 [Forwarding getPageSource on session 24c56de00ffa00fe6118d27df9e3a356 to remote] DEBUG org.apache.http.headers - http-outgoing-7860 << Content-Length:44523
11:29:08.940 [Forwarding getPageSource on session 24c56de00ffa00fe6118d27df9e3a356 to remote] DEBUG org.apache.http.headers - http-outgoing-7860 << Content-Type:application/json; charset=utf-8
11:29:08.940 [Forwarding getPageSource on session 24c56de00ffa00fe6118d27df9e3a356 to remote] DEBUG org.apache.http.headers - http-outgoing-7860 << Connection:close
11:29:08.940 [Forwarding getPageSource on session 24c56de00ffa00fe6118d27df9e3a356 to remote] DEBUG org.apache.http.wire - http-outgoing-7860 << "bject.future, disabled: !dateObject.selectable}\">4\u003C/td>\u003C!-- end ngRepeat: dateObject in week.dates -->       \u003C/tr>\u003C!-- end ngIf: data.currentView === 'day' -->\u003C!-- end ngRepeat: week in data.weeks -->\u003C!-- ngIf: data.currentView === 'day' -->\u003Ctr data-ng-if=\"data.currentView === 'day'\" data-ng-repeat=\"week in data.weeks\" class=\"ng-scope\">           \u003C!-- ngRepeat: dateObject in week.dates -->\u003Ctd data-ng-repeat=\"dateObject in week.dates\" data-ng-click=\"changeView(data.nextView, dateObject, $event)\" class=\"day ng-binding ng-scope\" data-ng-class=\"{active: dateObject.active, past: dateObject.past, future: dateObject.future, disabled: !dateObject.selectable}\">5\u003C/td>\u003C!-- end ngRepeat: dateObject in week.dates -->\u003Ctd data-ng-repeat=\"dateObject in week.dates\" data-ng-click=\"changeView(data.nextView, dateObject, $event)\" class=\"day ng-binding ng-scope\" data-ng-class=\"{active: dateObject.active, past: dateObject.past, future: dateObject.future, disabled: !dateObject.selectable}\">6\u003C/td>\u003C!-- end ngRepeat: dateObject in week.dates -->\u003Ctd data-ng-repeat=\"dateObject in week.dates\" data-ng-click=\"changeView(data.nextView, dateObject, $event)\" class=\"day ng-binding ng-scope\" data-ng-class=\"{active: dateObject.active, past: dateObject.past, future: dateObject.future, disabled: !dateObject.selectable}\">7\u003C/td>\u003C!-- end ngRepeat: dateObject in week.dates -->\u003Ctd data-ng-repeat=\"dateObject in week.dates\" data-ng-click=\"changeView(data.nextView, dateObject, $event)\" class=\"day ng-binding ng-scope\" data-ng-class=\"{active: dateObject.active, past: dateObject.past, future: dateObject.future, disabled: !dateObject.selectable}\">8\u003C/td>\u003C!-- end ngRepeat: dateObject in week.dates -->\u003Ctd data-ng-repeat=\"dateObject in week.dates\" data-ng-click=\"changeView(data.nextView, dateObject, $event)\" class=\"day ng-binding ng-scope\" data-ng-class=\"{active: dateObject.active, past: dateObject.past, future: dateObject.future, disabled: !dateObject.selectable}\">9\u003C/td>\u003C!-- end ngRepeat: dateObject in week.dates -->\u003Ctd data-ng-repeat=\"dateObject in week.dates\" data-ng-click=\"changeView(data.nextView, dateObject, $event)\" class=\"day ng-binding ng-scope\" data-ng-class=\"{active: dateObject.active, past: dateObject.past, future: dateObject.future, disabled: !dateObject.selectable}\">10\u003C/td>\u003C!-- end ngRepeat: dateObject in week.dates -->\u003Ctd data-ng-repeat=\"dateObject in week.dates\" data-ng-click=\"changeView(data.nextView, dateObject, $event)\" class=\"day ng-binding ng-scope\" data-ng-class=\"{active: dateObject.active, past: dateObject.past, future: dateObject.future, disabled: !dateObject.selectable}\">11\u003C/td>\u003C!-- end ngRepeat: dateObject in week.dates -->       \u003C/tr>\u003C!-- end ngIf: data.currentView === 'day' -->\u003C!-- end ngRepeat: week in data.weeks -->\u003C!-- ngIf: data.currentView === 'day' -->\u003Ctr data-ng-if=\"data.currentView === 'day'\" data-ng-repeat=\"week in data.weeks\" class=\"ng-scope\">           \u003C!-- ngRepeat: dateObject in week.dates -->\u003Ctd data-ng-repeat=\"dateObject in week.dates\" data-ng-click=\"changeView(data.nextView, dateObject, $event)\" class=\"day ng-binding ng-scope\" data-ng-class=\"{active: dateObject.active, past: dateObject.past, future: dateObject.future, disabled: !dateObject.selectable}\">12\u003C/td>\u003C!-- end ngRepeat: dateObject in week.dates -->\u003Ctd data-ng-repeat=\"dateObject in week.dates\" data-ng-click=\"changeView(data.nextView, dateObject, $event)\" class=\"day ng-binding ng-scope\" data-ng-class=\"{active: dateObject.active, past: dateObject.past, future: dateObject.future, disabled: !dateObject.selectable}\">13\u003C/td>\u003C!-- end ngRepeat: dateObject in week.dates -->\u003Ctd data-ng-repeat=\"dateObject in week.dates\" data-ng-click=\"changeView(data.nextView, dateObject, $event)\" class=\"day ng-binding ng-scope\" data-ng-class=\"{active: dateObject.active, past: dateObject.past, future: dateO"
11:29:08.940 [Forwarding getPageSource on session 24c56de00ffa00fe6118d27df9e3a356 to remote] DEBUG org.apache.http.wire - http-outgoing-7860 << "bject.future, disabled: !dateObject.selectable}\">14\u003C/td>\u003C!-- end ngRepeat: dateObject in week.dates -->\u003Ctd data-ng-repeat=\"dateObject in week.dates\" data-ng-click=\"changeView(data.nextView, dateObject, $event)\" class=\"day ng-binding ng-scope\" data-ng-class=\"{active: dateObject.active, past: dateObject.past, future: dateObject.future, disabled: !dateObject.selectable}\">15\u003C/td>\u003C!-- end ngRepeat: dateObject in week.dates -->\u003Ctd data-ng-repeat=\"dateObject in week.dates\" data-ng-click=\"changeView(data.nextView, dateObject, $event)\" class=\"day ng-binding ng-scope\" data-ng-class=\"{active: dateObject.active, past: dateObject.past, future: dateObject.future, disabled: !dateObject.selectable}\">16\u003C/td>\u003C!-- end ngRepeat: dateObject in week.dates -->\u003Ctd data-ng-repeat=\"dateObject in week.dates\" data-ng-click=\"changeView(data.nextView, dateObject, $event)\" class=\"day ng-binding ng-scope\" data-ng-class=\"{active: dateObject.active, past: dateObject.past, future: dateObject.future, disabled: !dateObject.selectable}\">17\u003C/td>\u003C!-- end ngRepeat: dateObject in week.dates -->\u003Ctd data-ng-repeat=\"dateObject in week.dates\" data-ng-click=\"changeView(data.nextView, dateObject, $event)\" class=\"day ng-binding ng-scope\" data-ng-class=\"{active: dateObject.active, past: dateObject.past, future: dateObject.future, disabled: !dateObject.selectable}\">18\u003C/td>\u003C!-- end ngRepeat: dateObject in week.dates -->       \u003C/tr>\u003C!-- end ngIf: data.currentView === 'day' -->\u003C!-- end ngRepeat: week in data.weeks -->\u003C!-- ngIf: data.currentView === 'day' -->\u003Ctr data-ng-if=\"data.currentView === 'day'\" data-ng-repeat=\"week in data.weeks\" class=\"ng-scope\">           \u003C!-- ngRepeat: dateObject in week.dates -->\u003Ctd data-ng-repeat=\"dateObject in week.dates\" data-ng-click=\"changeView(data.nextView, dateObject, $event)\" class=\"day ng-binding ng-scope\" data-ng-class=\"{active: dateObject.active, past: dateObject.past, future: dateObject.future, disabled: !dateObject.selectable}\">19\u003C/td>\u003C!-- end ngRepeat: dateObject in week.dates -->\u003Ctd data-ng-repeat=\"dateObject in week.dates\" data-ng-click=\"changeView(data.nextView, dateObject, $event)\" class=\"day ng-binding ng-scope\" data-ng-class=\"{active: dateObject.active, past: dateObject.past, future: dateObject.future, disabled: !dateObject.selectable}\">20\u003C/td>\u003C!-- end ngRepeat: dateObject in week.dates -->\u003Ctd data-ng-repeat=\"dateObject in week.dates\" data-ng-click=\"changeView(data.nextView, dateObject, $event)\" class=\"day ng-binding ng-scope\" data-ng-class=\"{active: dateObject.active, past: dateObject.past, future: dateObject.future, disabled: !dateObject.selectable}\">21\u003C/td>\u003C!-- end ngRepeat: dateObject in week.dates -->\u003Ctd data-ng-repeat=\"dateObject in week.dates\" data-ng-click=\"changeView(data.nextView, dateObject, $event)\" class=\"day ng-binding ng-scope\" data-ng-class=\"{active: dateObject.active, past: dateObject.past, future: dateObject.future, disabled: !dateObject.selectable}\">22\u003C/td>\u003C!-- end ngRepeat: dateObject in week.dates -->\u003Ctd data-ng-repeat=\"dateObject in week.dates\" data-ng-click=\"changeView(data.nextView, dateObject, $event)\" class=\"day ng-binding ng-scope\" data-ng-class=\"{active: dateObject.active, past: dateObject.past, future: dateObject.future, disabled: !dateObject.selectable}\">23\u003C/td>\u003C!-- end ngRepeat: dateObject in week.dates -->\u003Ctd data-ng-repeat=\"dateObject in week.dates\" data-ng-click=\"changeView(data.nextView, dateObject, $event)\" class=\"day ng-binding ng-scope\" data-ng-class=\"{active: dateObject.active, past: dateObject.past, future: dateObject.future, disabled: !dateObject.selectable}\">24\u003C/td>\u003C!-- end ngRepeat: dateObject in week.dates -->\u003Ctd data-ng-repeat=\"dateObject in week.dates\" data-ng-click=\"changeView(data.nextView, dateObject, $event)\" class=\"day ng-binding ng-scope\" data-ng-class=\"{active: dateObject.active, past: dateO"
11:29:08.940 [Forwarding getPageSource on session 24c56de00ffa00fe6118d27df9e3a356 to remote] DEBUG org.apache.http.wire - http-outgoing-7860 << "bject.past, future: dateObject.future, disabled: !dateObject.selectable}\">25\u003C/td>\u003C!-- end ngRepeat: dateObject in week.dates -->       \u003C/tr>\u003C!-- end ngIf: data.currentView === 'day' -->\u003C!-- end ngRepeat: week in data.weeks -->\u003C!-- ngIf: data.currentView === 'day' -->\u003Ctr data-ng-if=\"data.currentView === 'day'\" data-ng-repeat=\"week in data.weeks\" class=\"ng-scope\">           \u003C!-- ngRepeat: dateObject in week.dates -->\u003Ctd data-ng-repeat=\"dateObject in week.dates\" data-ng-click=\"changeView(data.nextView, dateObject, $event)\" class=\"day ng-binding ng-scope\" data-ng-class=\"{active: dateObject.active, past: dateObject.past, future: dateObject.future, disabled: !dateObject.selectable}\">26\u003C/td>\u003C!-- end ngRepeat: dateObject in week.dates -->\u003Ctd data-ng-repeat=\"dateObject in week.dates\" data-ng-click=\"changeView(data.nextView, dateObject, $event)\" class=\"day ng-binding ng-scope\" data-ng-class=\"{active: dateObject.active, past: dateObject.past, future: dateObject.future, disabled: !dateObject.selectable}\">27\u003C/td>\u003C!-- end ngRepeat: dateObject in week.dates -->\u003Ctd data-ng-repeat=\"dateObject in week.dates\" data-ng-click=\"changeView(data.nextView, dateObject, $event)\" class=\"day ng-binding ng-scope\" data-ng-class=\"{active: dateObject.active, past: dateObject.past, future: dateObject.future, disabled: !dateObject.selectable}\">28\u003C/td>\u003C!-- end ngRepeat: dateObject in week.dates -->\u003Ctd data-ng-repeat=\"dateObject in week.dates\" data-ng-click=\"changeView(data.nextView, dateObject, $event)\" class=\"day ng-binding ng-scope\" data-ng-class=\"{active: dateObject.active, past: dateObject.past, future: dateObject.future, disabled: !dateObject.selectable}\">29\u003C/td>\u003C!-- end ngRepeat: dateObject in week.dates -->\u003Ctd data-ng-repeat=\"dateObject in week.dates\" data-ng-click=\"changeView(data.nextView, dateObject, $event)\" class=\"day ng-binding ng-scope\" data-ng-class=\"{active: dateObject.active, past: dateObject.past, future: dateObject.future, disabled: !dateObject.selectable}\">30\u003C/td>\u003C!-- end ngRepeat: dateObject in week.dates -->\u003Ctd data-ng-repeat=\"dateObject in week.dates\" data-ng-click=\"changeView(data.nextView, dateObject, $event)\" class=\"day ng-binding ng-scope\" data-ng-class=\"{active: dateObject.active, past: dateObject.past, future: dateObject.future, disabled: !dateObject.selectable}\">31\u003C/td>\u003C!-- end ngRepeat: dateObject in week.dates -->\u003Ctd data-ng-repeat=\"dateObject in week.dates\" data-ng-click=\"changeView(data.nextView, dateObject, $event)\" class=\"day ng-binding ng-scope future\" data-ng-class=\"{active: dateObject.active, past: dateObject.past, future: dateObject.future, disabled: !dateObject.selectable}\">1\u003C/td>\u003C!-- end ngRepeat: dateObject in week.dates -->       \u003C/tr>\u003C!-- end ngIf: data.currentView === 'day' -->\u003C!-- end ngRepeat: week in data.weeks -->\u003C!-- ngIf: data.currentView === 'day' -->\u003Ctr data-ng-if=\"data.currentView === 'day'\" data-ng-repeat=\"week in data.weeks\" class=\"ng-scope\">           \u003C!-- ngRepeat: dateObject in week.dates -->\u003Ctd data-ng-repeat=\"dateObject in week.dates\" data-ng-click=\"changeView(data.nextView, dateObject, $event)\" class=\"day ng-binding ng-scope future\" data-ng-class=\"{active: dateObject.active, past: dateObject.past, future: dateObject.future, disabled: !dateObject.selectable}\">2\u003C/td>\u003C!-- end ngRepeat: dateObject in week.dates -->\u003Ctd data-ng-repeat=\"dateObject in week.dates\" data-ng-click=\"changeView(data.nextView, dateObject, $event)\" class=\"day ng-binding ng-scope future\" data-ng-class=\"{active: dateObject.active, past: dateObject.past, future: dateObject.future, disabled: !dateObject.selectable}\">3\u003C/td>\u003C!-- end ngRepeat: dateObject in week.dates -->\u003Ctd data-ng-repeat=\"dateObject in week.dates\" data-ng-click=\"changeView(data.nextView, dateObject, $event)\" class=\"day ng-binding ng-scope future\" data-ng-class=\"{active:"
11:29:08.941 [Forwarding getPageSource on session 24c56de00ffa00fe6118d27df9e3a356 to remote] DEBUG org.apache.http.wire - http-outgoing-7860 << " dateObject.active, past: dateObject.past, future: dateObject.future, disabled: !dateObject.selectable}\">4\u003C/td>\u003C!-- end ngRepeat: dateObject in week.dates -->\u003Ctd data-ng-repeat=\"dateObject in week.dates\" data-ng-click=\"changeView(data.nextView, dateObject, $event)\" class=\"day ng-binding ng-scope future\" data-ng-class=\"{active: dateObject.active, past: dateObject.past, future: dateObject.future, disabled: !dateObject.selectable}\">5\u003C/td>\u003C!-- end ngRepeat: dateObject in week.dates -->\u003Ctd data-ng-repeat=\"dateObject in week.dates\" data-ng-click=\"changeView(data.nextView, dateObject, $event)\" class=\"day ng-binding ng-scope future\" data-ng-class=\"{active: dateObject.active, past: dateObject.past, future: dateObject.future, disabled: !dateObject.selectable}\">6\u003C/td>\u003C!-- end ngRepeat: dateObject in week.dates -->\u003Ctd data-ng-repeat=\"dateObject in week.dates\" data-ng-click=\"changeView(data.nextView, dateObject, $event)\" class=\"day ng-binding ng-scope future\" data-ng-class=\"{active: dateObject.active, past: dateObject.past, future: dateObject.future, disabled: !dateObject.selectable}\">7\u003C/td>\u003C!-- end ngRepeat: dateObject in week.dates -->\u003Ctd data-ng-repeat=\"dateObject in week.dates\" data-ng-click=\"changeView(data.nextView, dateObject, $event)\" class=\"day ng-binding ng-scope future\" data-ng-class=\"{active: dateObject.active, past: dateObject.past, future: dateObject.future, disabled: !dateObject.selectable}\">8\u003C/td>\u003C!-- end ngRepeat: dateObject in week.dates -->       \u003C/tr>\u003C!-- end ngIf: data.currentView === 'day' -->\u003C!-- end ngRepeat: week in data.weeks -->   \u003C/tbody>\u003C/table>\u003C/div>\u003C/ul> \u003C/div> \u003C/div> \u003Cdiv class=\"form-group\"> \u003Clabel for=\"end\">End Date\u003C/label> \u003Cdiv class=\"dropdown\"> \u003Ca class=\"dropdown-toggle\" id=\"end-dropdown\" role=\"button\" data-toggle=\"dropdown\" data-target=\"#\" href=\"#\" aria-haspopup=\"true\" aria-expanded=\"false\"> \u003Cdiv class=\"input-group\">\u003Cinput type=\"text\" size=\"20\" class=\"form-control ng-pristine ng-untouched ng-valid ng-valid-date\" name=\"end\" id=\"end\" data-ng-model=\"search.end\" ng-change=\"checkFilterDateValidity()\" />\u003Cspan class=\"input-group-addon\">\u003Ci class=\"glyphicon glyphicon-calendar\">\u003C/i>\u003C/span>\u003C/div> \u003C/a> \u003Cul class=\"dropdown-menu\" role=\"menu\" aria-labelledby=\"dLabel\"> \u003Cdiv class=\"datetimepicker table-responsive ng-isolate-scope ng-valid\" data-ng-model=\"search.end\" data-datetimepicker-config=\"{ dropdownSelector: '#end-dropdown', startView:'day', minView:'day' }\" data-on-set-time=\"setEndDate(newDate, oldDate)\">\u003Ctable class=\"table table-striped  day-view\">   \u003Cthead>       \u003Ctr>           \u003Cth class=\"left\" data-ng-click=\"changeView(data.currentView, data.leftDate, $event)\" data-ng-show=\"data.leftDate.selectable\">\u003Ci class=\"glyphicon glyphicon-arrow-left\">\u003C/i>\u003C/th>           \u003Cth class=\"switch ng-binding\" colspan=\"5\" data-ng-show=\"data.previousViewDate.selectable\" data-ng-click=\"changeView(data.previousView, data.previousViewDate, $event)\">2015-Jul\u003C/th>           \u003Cth class=\"right\" data-ng-click=\"changeView(data.currentView, data.rightDate, $event)\" data-ng-show=\"data.rightDate.selectable\">\u003Ci class=\"glyphicon glyphicon-arrow-right\">\u003C/i>\u003C/th>       \u003C/tr>       \u003Ctr>           \u003C!-- ngRepeat: day in data.dayNames -->\u003Cth class=\"dow ng-binding ng-scope\" data-ng-repeat=\"day in data.dayNames\">Su\u003C/th>\u003C!-- end ngRepeat: day in data.dayNames -->\u003Cth class=\"dow ng-binding ng-scope\" data-ng-repeat=\"day in data.dayNames\">Mo\u003C/th>\u003C!-- end ngRepeat: day in data.dayNames -->\u003Cth class=\"dow ng-binding ng-scope\" data-ng-repeat=\"day in data.dayNames\">Tu\u003C/th>\u003C!-- end ngRepeat: day in data.dayNames -->\u003Cth class=\"dow ng-binding ng-scope\" data-ng-repeat=\"day in data.dayNames\">We\u003C/th>\u003C!-- end ngRep"
11:29:08.941 [Forwarding getPageSource on session 24c56de00ffa00fe6118d27df9e3a356 to remote] DEBUG org.apache.http.wire - http-outgoing-7860 << "eat: day in data.dayNames -->\u003Cth class=\"dow ng-binding ng-scope\" data-ng-repeat=\"day in data.dayNames\">Th\u003C/th>\u003C!-- end ngRepeat: day in data.dayNames -->\u003Cth class=\"dow ng-binding ng-scope\" data-ng-repeat=\"day in data.dayNames\">Fr\u003C/th>\u003C!-- end ngRepeat: day in data.dayNames -->\u003Cth class=\"dow ng-binding ng-scope\" data-ng-repeat=\"day in data.dayNames\">Sa\u003C/th>\u003C!-- end ngRepeat: day in data.dayNames -->       \u003C/tr>   \u003C/thead>   \u003Ctbody>       \u003C!-- ngIf: data.currentView !== 'day' -->       \u003C!-- ngRepeat: week in data.weeks -->\u003C!-- ngIf: data.currentView === 'day' -->\u003Ctr data-ng-if=\"data.currentView === 'day'\" data-ng-repeat=\"week in data.weeks\" class=\"ng-scope\">           \u003C!-- ngRepeat: dateObject in week.dates -->\u003Ctd data-ng-repeat=\"dateObject in week.dates\" data-ng-click=\"changeView(data.nextView, dateObject, $event)\" class=\"day ng-binding ng-scope past\" data-ng-class=\"{active: dateObject.active, past: dateObject.past, future: dateObject.future, disabled: !dateObject.selectable}\">28\u003C/td>\u003C!-- end ngRepeat: dateObject in week.dates -->\u003Ctd data-ng-repeat=\"dateObject in week.dates\" data-ng-click=\"changeView(data.nextView, dateObject, $event)\" class=\"day ng-binding ng-scope past\" data-ng-class=\"{active: dateObject.active, past: dateObject.past, future: dateObject.future, disabled: !dateObject.selectable}\">29\u003C/td>\u003C!-- end ngRepeat: dateObject in week.dates -->\u003Ctd data-ng-repeat=\"dateObject in week.dates\" data-ng-click=\"changeView(data.nextView, dateObject, $event)\" class=\"day ng-binding ng-scope past\" data-ng-class=\"{active: dateObject.active, past: dateObject.past, future: dateObject.future, disabled: !dateObject.selectable}\">30\u003C/td>\u003C!-- end ngRepeat: dateObject in week.dates -->\u003Ctd data-ng-repeat=\"dateObject in week.dates\" data-ng-click=\"changeView(data.nextView, dateObject, $event)\" class=\"day ng-binding ng-scope\" data-ng-class=\"{active: dateObject.active, past: dateObject.past, future: dateObject.future, disabled: !dateObject.selectable}\">1\u003C/td>\u003C!-- end ngRepeat: dateObject in week.dates -->\u003Ctd data-ng-repeat=\"dateObject in week.dates\" data-ng-click=\"changeView(data.nextView, dateObject, $event)\" class=\"day ng-binding ng-scope\" data-ng-class=\"{active: dateObject.active, past: dateObject.past, future: dateObject.future, disabled: !dateObject.selectable}\">2\u003C/td>\u003C!-- end ngRepeat: dateObject in week.dates -->\u003Ctd data-ng-repeat=\"dateObject in week.dates\" data-ng-click=\"changeView(data.nextView, dateObject, $event)\" class=\"day ng-binding ng-scope\" data-ng-class=\"{active: dateObject.active, past: dateObject.past, future: dateObject.future, disabled: !dateObject.selectable}\">3\u003C/td>\u003C!-- end ngRepeat: dateObject in week.dates -->\u003Ctd data-ng-repeat=\"dateObject in week.dates\" data-ng-click=\"changeView(data.nextView, dateObject, $event)\" class=\"day ng-binding ng-scope\" data-ng-class=\"{active: dateObject.active, past: dateObject.past, future: dateObject.future, disabled: !dateObject.selectable}\">4\u003C/td>\u003C!-- end ngRepeat: dateObject in week.dates -->       \u003C/tr>\u003C!-- end ngIf: data.currentView === 'day' -->\u003C!-- end ngRepeat: week in data.weeks -->\u003C!-- ngIf: data.currentView === 'day' -->\u003Ctr data-ng-if=\"data.currentView === 'day'\" data-ng-repeat=\"week in data.weeks\" class=\"ng-scope\">           \u003C!-- ngRepeat: dateObject in week.dates -->\u003Ctd data-ng-repeat=\"dateObject in week.dates\" data-ng-click=\"changeView(data.nextView, dateObject, $event)\" class=\"day ng-binding ng-scope\" data-ng-class=\"{active: dateObject.active, past: dateObject.past, future: dateObject.future, disabled: !dateObject.selectable}\">5\u003C/td>\u003C!-- end ngRepeat: dateObject in week.dates -->\u003Ctd data-ng-repeat=\"dateObject in week.dates\" data-ng-click=\"changeView(data.nextView, dateObject, $event)\" class=\"day ng-binding ng-scope\" data-ng-class=\"{active: dat"
11:29:08.941 [Forwarding getPageSource on session 24c56de00ffa00fe6118d27df9e3a356 to remote] DEBUG org.apache.http.wire - http-outgoing-7860 << "eObject.active, past: dateObject.past, future: dateObject.future, disabled: !dateObject.selectable}\">6\u003C/td>\u003C!-- end ngRepeat: dateObject in week.dates -->\u003Ctd data-ng-repeat=\"dateObject in week.dates\" data-ng-click=\"changeView(data.nextView, dateObject, $event)\" class=\"day ng-binding ng-scope\" data-ng-class=\"{active: dateObject.active, past: dateObject.past, future: dateObject.future, disabled: !dateObject.selectable}\">7\u003C/td>\u003C!-- end ngRepeat: dateObject in week.dates -->\u003Ctd data-ng-repeat=\"dateObject in week.dates\" data-ng-click=\"changeView(data.nextView, dateObject, $event)\" class=\"day ng-binding ng-scope\" data-ng-class=\"{active: dateObject.active, past: dateObject.past, future: dateObject.future, disabled: !dateObject.selectable}\">8\u003C/td>\u003C!-- end ngRepeat: dateObject in week.dates -->\u003Ctd data-ng-repeat=\"dateObject in week.dates\" data-ng-click=\"changeView(data.nextView, dateObject, $event)\" class=\"day ng-binding ng-scope\" data-ng-class=\"{active: dateObject.active, past: dateObject.past, future: dateObject.future, disabled: !dateObject.selectable}\">9\u003C/td>\u003C!-- end ngRepeat: dateObject in week.dates -->\u003Ctd data-ng-repeat=\"dateObject in week.dates\" data-ng-click=\"changeView(data.nextView, dateObject, $event)\" class=\"day ng-binding ng-scope\" data-ng-class=\"{active: dateObject.active, past: dateObject.past, future: dateObject.future, disabled: !dateObject.selectable}\">10\u003C/td>\u003C!-- end ngRepeat: dateObject in week.dates -->\u003Ctd data-ng-repeat=\"dateObject in week.dates\" data-ng-click=\"changeView(data.nextView, dateObject, $event)\" class=\"day ng-binding ng-scope\" data-ng-class=\"{active: dateObject.active, past: dateObject.past, future: dateObject.future, disabled: !dateObject.selectable}\">11\u003C/td>\u003C!-- end ngRepeat: dateObject in week.dates -->       \u003C/tr>\u003C!-- end ngIf: data.currentView === 'day' -->\u003C!-- end ngRepeat: week in data.weeks -->\u003C!-- ngIf: data.currentView === 'day' -->\u003Ctr data-ng-if=\"data.currentView === 'day'\" data-ng-repeat=\"week in data.weeks\" class=\"ng-scope\">           \u003C!-- ngRepeat: dateObject in week.dates -->\u003Ctd data-ng-repeat=\"dateObject in week.dates\" data-ng-click=\"changeView(data.nextView, dateObject, $event)\" class=\"day ng-binding ng-scope\" data-ng-class=\"{active: dateObject.active, past: dateObject.past, future: dateObject.future, disabled: !dateObject.selectable}\">12\u003C/td>\u003C!-- end ngRepeat: dateObject in week.dates -->\u003Ctd data-ng-repeat=\"dateObject in week.dates\" data-ng-click=\"changeView(data.nextView, dateObject, $event)\" class=\"day ng-binding ng-scope\" data-ng-class=\"{active: dateObject.active, past: dateObject.past, future: dateObject.future, disabled: !dateObject.selectable}\">13\u003C/td>\u003C!-- end ngRepeat: dateObject in week.dates -->\u003Ctd data-ng-repeat=\"dateObject in week.dates\" data-ng-click=\"changeView(data.nextView, dateObject, $event)\" class=\"day ng-binding ng-scope\" data-ng-class=\"{active: dateObject.active, past: dateObject.past, future: dateObject.future, disabled: !dateObject.selectable}\">14\u003C/td>\u003C!-- end ngRepeat: dateObject in week.dates -->\u003Ctd data-ng-repeat=\"dateObject in week.dates\" data-ng-click=\"changeView(data.nextView, dateObject, $event)\" class=\"day ng-binding ng-scope\" data-ng-class=\"{active: dateObject.active, past: dateObject.past, future: dateObject.future, disabled: !dateObject.selectable}\">15\u003C/td>\u003C!-- end ngRepeat: dateObject in week.dates -->\u003Ctd data-ng-repeat=\"dateObject in week.dates\" data-ng-click=\"changeView(data.nextView, dateObject, $event)\" class=\"day ng-binding ng-scope\" data-ng-class=\"{active: dateObject.active, past: dateObject.past, future: dateObject.future, disabled: !dateObject.selectable}\">16\u003C/td>\u003C!-- end ngRepeat: dateObject in week.dates -->\u003Ctd data-ng-repeat=\"dateObject in week.dates\" data-ng-click=\"changeView(data.nextView, dateObject, $event)\" class=\"day ng-binding ng-scope\" data-ng"
11:29:08.941 [Forwarding getPageSource on session 24c56de00ffa00fe6118d27df9e3a356 to remote] DEBUG org.apache.http.wire - http-outgoing-7860 << "-class=\"{active: dateObject.active, past: dateObject.past, future: dateObject.future, disabled: !dateObject.selectable}\">17\u003C/td>\u003C!-- end ngRepeat: dateObject in week.dates -->\u003Ctd data-ng-repeat=\"dateObject in week.dates\" data-ng-click=\"changeView(data.nextView, dateObject, $event)\" class=\"day ng-binding ng-scope\" data-ng-class=\"{active: dateObject.active, past: dateObject.past, future: dateObject.future, disabled: !dateObject.selectable}\">18\u003C/td>\u003C!-- end ngRepeat: dateObject in week.dates -->       \u003C/tr>\u003C!-- end ngIf: data.currentView === 'day' -->\u003C!-- end ngRepeat: week in data.weeks -->\u003C!-- ngIf: data.currentView === 'day' -->\u003Ctr data-ng-if=\"data.currentView === 'day'\" data-ng-repeat=\"week in data.weeks\" class=\"ng-scope\">           \u003C!-- ngRepeat: dateObject in week.dates -->\u003Ctd data-ng-repeat=\"dateObject in week.dates\" data-ng-click=\"changeView(data.nextView, dateObject, $event)\" class=\"day ng-binding ng-scope\" data-ng-class=\"{active: dateObject.active, past: dateObject.past, future: dateObject.future, disabled: !dateObject.selectable}\">19\u003C/td>\u003C!-- end ngRepeat: dateObject in week.dates -->\u003Ctd data-ng-repeat=\"dateObject in week.dates\" data-ng-click=\"changeView(data.nextView, dateObject, $event)\" class=\"day ng-binding ng-scope\" data-ng-class=\"{active: dateObject.active, past: dateObject.past, future: dateObject.future, disabled: !dateObject.selectable}\">20\u003C/td>\u003C!-- end ngRepeat: dateObject in week.dates -->\u003Ctd data-ng-repeat=\"dateObject in week.dates\" data-ng-click=\"changeView(data.nextView, dateObject, $event)\" class=\"day ng-binding ng-scope\" data-ng-class=\"{active: dateObject.active, past: dateObject.past, future: dateObject.future, disabled: !dateObject.selectable}\">21\u003C/td>\u003C!-- end ngRepeat: dateObject in week.dates -->\u003Ctd data-ng-repeat=\"dateObject in week.dates\" data-ng-click=\"changeView(data.nextView, dateObject, $event)\" class=\"day ng-binding ng-scope\" data-ng-class=\"{active: dateObject.active, past: dateObject.past, future: dateObject.future, disabled: !dateObject.selectable}\">22\u003C/td>\u003C!-- end ngRepeat: dateObject in week.dates -->\u003Ctd data-ng-repeat=\"dateObject in week.dates\" data-ng-click=\"changeView(data.nextView, dateObject, $event)\" class=\"day ng-binding ng-scope\" data-ng-class=\"{active: dateObject.active, past: dateObject.past, future: dateObject.future, disabled: !dateObject.selectable}\">23\u003C/td>\u003C!-- end ngRepeat: dateObject in week.dates -->\u003Ctd data-ng-repeat=\"dateObject in week.dates\" data-ng-click=\"changeView(data.nextView, dateObject, $event)\" class=\"day ng-binding ng-scope\" data-ng-class=\"{active: dateObject.active, past: dateObject.past, future: dateObject.future, disabled: !dateObject.selectable}\">24\u003C/td>\u003C!-- end ngRepeat: dateObject in week.dates -->\u003Ctd data-ng-repeat=\"dateObject in week.dates\" data-ng-click=\"changeView(data.nextView, dateObject, $event)\" class=\"day ng-binding ng-scope\" data-ng-class=\"{active: dateObject.active, past: dateObject.past, future: dateObject.future, disabled: !dateObject.selectable}\">25\u003C/td>\u003C!-- end ngRepeat: dateObject in week.dates -->       \u003C/tr>\u003C!-- end ngIf: data.currentView === 'day' -->\u003C!-- end ngRepeat: week in data.weeks -->\u003C!-- ngIf: data.currentView === 'day' -->\u003Ctr data-ng-if=\"data.currentView === 'day'\" data-ng-repeat=\"week in data.weeks\" class=\"ng-scope\">           \u003C!-- ngRepeat: dateObject in week.dates -->\u003Ctd data-ng-repeat=\"dateObject in week.dates\" data-ng-click=\"changeView(data.nextView, dateObject, $event)\" class=\"day ng-binding ng-scope\" data-ng-class=\"{active: dateObject.active, past: dateObject.past, future: dateObject.future, disabled: !dateObject.selectable}\">26\u003C/td>\u003C!-- end ngRepeat: dateObject in week.dates -->\u003Ctd data-ng-repeat=\"dateObject in week.dates\" data-ng-click=\"changeView(data.nextView, dateObject, $event)\" class=\"day ng-binding ng-scope\" d"
11:29:08.941 [Forwarding getPageSource on session 24c56de00ffa00fe6118d27df9e3a356 to remote] DEBUG org.apache.http.wire - http-outgoing-7860 << "ata-ng-class=\"{active: dateObject.active, past: dateObject.past, future: dateObject.future, disabled: !dateObject.selectable}\">27\u003C/td>\u003C!-- end ngRepeat: dateObject in week.dates -->\u003Ctd data-ng-repeat=\"dateObject in week.dates\" data-ng-click=\"changeView(data.nextView, dateObject, $event)\" class=\"day ng-binding ng-scope\" data-ng-class=\"{active: dateObject.active, past: dateObject.past, future: dateObject.future, disabled: !dateObject.selectable}\">28\u003C/td>\u003C!-- end ngRepeat: dateObject in week.dates -->\u003Ctd data-ng-repeat=\"dateObject in week.dates\" data-ng-click=\"changeView(data.nextView, dateObject, $event)\" class=\"day ng-binding ng-scope\" data-ng-class=\"{active: dateObject.active, past: dateObject.past, future: dateObject.future, disabled: !dateObject.selectable}\">29\u003C/td>\u003C!-- end ngRepeat: dateObject in week.dates -->\u003Ctd data-ng-repeat=\"dateObject in week.dates\" data-ng-click=\"changeView(data.nextView, dateObject, $event)\" class=\"day ng-binding ng-scope\" data-ng-class=\"{active: dateObject.active, past: dateObject.past, future: dateObject.future, disabled: !dateObject.selectable}\">30\u003C/td>\u003C!-- end ngRepeat: dateObject in week.dates -->\u003Ctd data-ng-repeat=\"dateObject in week.dates\" data-ng-click=\"changeView(data.nextView, dateObject, $event)\" class=\"day ng-binding ng-scope\" data-ng-class=\"{active: dateObject.active, past: dateObject.past, future: dateObject.future, disabled: !dateObject.selectable}\">31\u003C/td>\u003C!-- end ngRepeat: dateObject in week.dates -->\u003Ctd data-ng-repeat=\"dateObject in week.dates\" data-ng-click=\"changeView(data.nextView, dateObject, $event)\" class=\"day ng-binding ng-scope future\" data-ng-class=\"{active: dateObject.active, past: dateObject.past, future: dateObject.future, disabled: !dateObject.selectable}\">1\u003C/td>\u003C!-- end ngRepeat: dateObject in week.dates -->       \u003C/tr>\u003C!-- end ngIf: data.currentView === 'day' -->\u003C!-- end ngRepeat: week in data.weeks -->\u003C!-- ngIf: data.currentView === 'day' -->\u003Ctr data-ng-if=\"data.currentView === 'day'\" data-ng-repeat=\"week in data.weeks\" class=\"ng-scope\">           \u003C!-- ngRepeat: dateObject in week.dates -->\u003Ctd data-ng-repeat=\"dateObject in week.dates\" data-ng-click=\"changeView(data.nextView, dateObject, $event)\" class=\"day ng-binding ng-scope future\" data-ng-class=\"{active: dateObject.active, past: dateObject.past, future: dateObject.future, disabled: !dateObject.selectable}\">2\u003C/td>\u003C!-- end ngRepeat: dateObject in week.dates -->\u003Ctd data-ng-repeat=\"dateObject in week.dates\" data-ng-click=\"changeView(data.nextView, dateObject, $event)\" class=\"day ng-binding ng-scope future\" data-ng-class=\"{active: dateObject.active, past: dateObject.past, future: dateObject.future, disabled: !dateObject.selectable}\">3\u003C/td>\u003C!-- end ngRepeat: dateObject in week.dates -->\u003Ctd data-ng-repeat=\"dateObject in week.dates\" data-ng-click=\"changeView(data.nextView, dateObject, $event)\" class=\"day ng-binding ng-scope future\" data-ng-class=\"{active: dateObject.active, past: dateObject.past, future: dateObject.future, disabled: !dateObject.selectable}\">4\u003C/td>\u003C!-- end ngRepeat: dateObject in week.dates -->\u003Ctd data-ng-repeat=\"dateObject in week.dates\" data-ng-click=\"changeView(data.nextView, dateObject, $event)\" class=\"day ng-binding ng-scope future\" data-ng-class=\"{active: dateObject.active, past: dateObject.past, future: dateObject.future, disabled: !dateObject.selectable}\">5\u003C/td>\u003C!-- end ngRepeat: dateObject in week.dates -->\u003Ctd data-ng-repeat=\"dateObject in week.dates\" data-ng-click=\"changeView(data.nextView, dateObject, $event)\" class=\"day ng-binding ng-scope future\" data-ng-class=\"{active: dateObject.active, past: dateObject.past, future: dateObject.future, disabled: !dateObject.selectable}\">6\u003C/td>\u003C!-- end ngRepeat: dateObject in week.dates -->\u003Ctd data-ng-repeat=\"dateObject in week.dates\" data-ng-click=\"changeView(data.nextVi"
11:29:08.941 [Forwarding getPageSource on session 24c56de00ffa00fe6118d27df9e3a356 to remote] DEBUG org.apache.http.wire - http-outgoing-7860 << "ew, dateObject, $event)\" class=\"day ng-binding ng-scope future\" data-ng-class=\"{active: dateObject.active, past: dateObject.past, future: dateObject.future, disabled: !dateObject.selectable}\">7\u003C/td>\u003C!-- end ngRepeat: dateObject in week.dates -->\u003Ctd data-ng-repeat=\"dateObject in week.dates\" data-ng-click=\"changeView(data.nextView, dateObject, $event)\" class=\"day ng-binding ng-scope future\" data-ng-class=\"{active: dateObject.active, past: dateObject.past, future: dateObject.future, disabled: !dateObject.selectable}\">8\u003C/td>\u003C!-- end ngRepeat: dateObject in week.dates -->       \u003C/tr>\u003C!-- end ngIf: data.currentView === 'day' -->\u003C!-- end ngRepeat: week in data.weeks -->   \u003C/tbody>\u003C/table>\u003C/div>\u003C/ul> \u003C/div> \u003C/div> \u003Cdiv class=\"form-group\"> \u003Clabel>Status\u003C/label> \u003Cselect id=\"status\" class=\"form-control ng-pristine ng-untouched ng-valid\" data-ng-model=\"search.active\"> \u003Coption name=\"All\" value=\"\">All \u003C/option>\u003Coption name=\"Active\" value=\"true\">Active \u003C/option>\u003Coption name=\"Inactive\" value=\"false\">Inactive \u003C/option>\u003C/select> \u003C/div> \u003Cdiv class=\"form-group\"> \u003Clabel for=\"type\">Type\u003C/label> \u003Cselect id=\"type\" name=\"search.type\" class=\"form-control ng-pristine ng-untouched ng-valid\" ng-model=\"search.type\" ng-options=\"campaignType.key as campaignType.value for campaignType in campaignTypes\">\u003Coption value=\"string:\" label=\"All\" selected=\"selected\">All\u003C/option>\u003Coption value=\"string:PROMO_CODE\" label=\"Promo Code\">Promo Code\u003C/option>\u003Coption value=\"string:SINGLE_USE_TRANSFERABLE\" label=\"Single Use Transferable\">Single Use Transferable\u003C/option>\u003Coption value=\"string:SINGLE_USE_NON_TRANSFERABLE\" label=\"Single Use Non-Transferable\">Single Use Non-Transferable\u003C/option>\u003Coption value=\"string:GIFTING\" label=\"Gifting\">Gifting\u003C/option>\u003C/select> \u003C/div> \u003Cbutton type=\"submit\" class=\"btn btn-primary filter\" ng-click=\"searchForm.$valid &amp;&amp; updateFilter()\" ng-disabled=\"!searchForm.$valid\">Filter Campaigns \u003C/button> \u003Cbutton type=\"submit\" class=\"btn btn-default clear\" ng-click=\"clearFilter()\">Clear Filter\u003C/button> \u003C/div> \u003C/form> \u003C/div> \u003Cdiv class=\"row ng-scope\"> \u003Cdiv class=\"col-md-12\"> \u003Ca style=\"cursor: pointer\" ng-click=\"showFilters=!showFilters\" class=\"ng-binding\">Show Advanced Filters\u003C/a> \u003C/div> \u003C/div> \u003Cdiv class=\"row ng-scope\"> \u003Cdiv class=\"col-md-12\"> \u003Ctable class=\"table campaign-list\" id=\"campaign-list\"> \u003Cthead> \u003Ctr> \u003Cth>Name \u003C/th>\u003Cth>State \u003C/th>\u003Cth>Type \u003C/th>\u003Cth>Start \u003C/th>\u003Cth>End \u003C/th>\u003Cth>Vouchers \u003C/th>\u003Cth>Redemption Cap \u003C/th>\u003Cth>Redeemed   \u003C/th>\u003C/tr>\u003C/thead>\u003Ctbody> \u003C!-- ngRepeat: campaign in campaigns | itemsPerPage: 25 -->\u003C/tbody>\u003C/table> \u003C/div> \u003C/div> \u003Cdiv dir-pagination-controls=\"\" class=\"col-lg-12 paginationList ng-scope ng-isolate-scope\" on-page-change=\"pageChanged(newPageNumber)\">\u003C!-- ngIf: 1 \u003C pages.length -->\u003C/div>\u003C/div> \u003Cdiv class=\"footer\">\u003C/div> \u003C/div> \u003C!--[if lt IE 9]>\n    \u003Cscript src=\"scripts/ie-include.f36418f6.js\">\u003C/script>\n    \u003C![endif]--> \u003Cscript src=\"scripts/vendor.d6d66745.js\">\u003C/script> \u003Cscript src=\"scripts/scripts.3c00b7f2.js\">\u003C/script> \u003Cscript src=\"/config\">\u003C/script>  \u003C/body>\u003C/html>"}"
11:29:08.941 [Forwarding getPageSource on session 24c56de00ffa00fe6118d27df9e3a356 to remote] DEBUG o.a.h.i.c.DefaultManagedHttpClientConnection - http-outgoing-7860: Shutdown connection
11:29:08.941 [Forwarding getPageSource on session 24c56de00ffa00fe6118d27df9e3a356 to remote] DEBUG o.a.h.impl.execchain.MainClientExec - Connection discarded
11:29:08.941 [Forwarding getPageSource on session 24c56de00ffa00fe6118d27df9e3a356 to remote] DEBUG o.a.h.i.c.DefaultManagedHttpClientConnection - http-outgoing-7860: Close connection
11:29:08.941 [Forwarding getPageSource on session 24c56de00ffa00fe6118d27df9e3a356 to remote] DEBUG o.a.h.i.c.PoolingHttpClientConnectionManager - Connection released: [id: 7860][route: {}->http://localhost:5387][total kept alive: 0; route allocated: 0 of 2000; total allocated: 0 of 2000]
]]></system-out>
  <system-err><![CDATA[]]></system-err>
</testsuite>
