<?xml version="1.0" encoding="UTF-8"?>
<testsuite name="id-code" tests="1" skipped="0" failures="0" errors="0" timestamp="2015-07-29T09:43:34" hostname="jov-HP-Z220-CMT-Workstation" time="11.39">
  <properties/>
  <testcase name="Scenario: Search Account ID with SUNT Vouchers and check cross linking" classname="id-code" time="11.39"/>
  <system-out><![CDATA[10:43:34.872 [Test worker] DEBUG o.s.b.f.s.DefaultListableBeanFactory - Creating instance of bean 'com.nowtv.pav.test.steps.GenericSteps'
10:43:35.221 [Test worker] DEBUG i.n.u.i.l.InternalLoggerFactory - Using SLF4J as the default logging framework
10:43:35.253 [Test worker] DEBUG i.n.util.internal.PlatformDependent0 - java.nio.Buffer.address: available
10:43:35.255 [Test worker] DEBUG i.n.util.internal.PlatformDependent0 - sun.misc.Unsafe.theUnsafe: available
10:43:35.255 [Test worker] DEBUG i.n.util.internal.PlatformDependent0 - sun.misc.Unsafe.copyMemory: available
10:43:35.256 [Test worker] DEBUG i.n.util.internal.PlatformDependent0 - java.nio.Bits.unaligned: true
10:43:35.257 [Test worker] DEBUG i.n.util.internal.PlatformDependent - Java version: 8
10:43:35.257 [Test worker] DEBUG i.n.util.internal.PlatformDependent - -Dio.netty.noUnsafe: false
10:43:35.257 [Test worker] DEBUG i.n.util.internal.PlatformDependent - sun.misc.Unsafe: available
10:43:35.283 [Test worker] DEBUG i.n.util.internal.PlatformDependent - -Dio.netty.noJavassist: false
10:43:35.284 [Test worker] DEBUG i.n.util.internal.PlatformDependent - Javassist: unavailable
10:43:35.284 [Test worker] DEBUG i.n.util.internal.PlatformDependent - You don't have Javassist in your class path or you don't have enough permission to load dynamically generated classes.  Please check the configuration for better performance.
10:43:35.284 [Test worker] DEBUG i.n.util.internal.PlatformDependent - -Dio.netty.tmpdir: /tmp (java.io.tmpdir)
10:43:35.285 [Test worker] DEBUG i.n.util.internal.PlatformDependent - -Dio.netty.bitMode: 64 (sun.arch.data.model)
10:43:35.285 [Test worker] DEBUG i.n.util.internal.PlatformDependent - -Dio.netty.noPreferDirect: false
10:43:35.297 [Test worker] INFO  o.l.p.impl.DefaultHttpProxyServer - Starting proxy at address: 0.0.0.0/0.0.0.0:0
10:43:35.300 [Test worker] DEBUG i.n.c.MultithreadEventLoopGroup - -Dio.netty.eventLoopThreads: 16
10:43:35.312 [Test worker] DEBUG io.netty.channel.nio.NioEventLoop - -Dio.netty.noKeySetOptimization: false
10:43:35.313 [Test worker] DEBUG io.netty.channel.nio.NioEventLoop - -Dio.netty.selectorAutoRebuildThreshold: 512
10:43:35.324 [Test worker] INFO  o.l.p.impl.DefaultHttpProxyServer - Proxy listening with TCP transport
10:43:35.340 [Test worker] DEBUG i.n.util.internal.ThreadLocalRandom - -Dio.netty.initialSeedUniquifier: 0x7cf58e117b2334eb (took 0 ms)
10:43:35.361 [Test worker] DEBUG io.netty.buffer.ByteBufUtil - -Dio.netty.allocator.type: unpooled
10:43:35.361 [Test worker] DEBUG io.netty.buffer.ByteBufUtil - -Dio.netty.threadLocalDirectBufferSize: 65536
10:43:35.362 [Test worker] DEBUG io.netty.util.NetUtil - Loopback interface: lo (lo, 0:0:0:0:0:0:0:1%lo)
10:43:35.363 [Test worker] DEBUG io.netty.util.NetUtil - /proc/sys/net/core/somaxconn: 128
10:43:35.368 [Test worker] INFO  o.l.p.impl.DefaultHttpProxyServer - Proxy started at address: /0:0:0:0:0:0:0:0:41135
10:43:36.271 [Forwarding newSession on session null to remote] DEBUG o.a.h.c.protocol.RequestAddCookies - CookieSpec selected: best-match
10:43:36.281 [Forwarding newSession on session null to remote] DEBUG o.a.h.c.protocol.RequestAuthCache - Auth cache not set in the context
10:43:36.283 [Forwarding newSession on session null to remote] DEBUG o.a.h.i.c.PoolingHttpClientConnectionManager - Connection request: [route: {}->http://localhost:13906][total kept alive: 0; route allocated: 0 of 2000; total allocated: 0 of 2000]
10:43:36.297 [Forwarding newSession on session null to remote] DEBUG o.a.h.i.c.PoolingHttpClientConnectionManager - Connection leased: [id: 0][route: {}->http://localhost:13906][total kept alive: 0; route allocated: 1 of 2000; total allocated: 1 of 2000]
10:43:36.299 [Forwarding newSession on session null to remote] DEBUG o.a.h.impl.execchain.MainClientExec - Opening connection {}->http://localhost:13906
10:43:36.300 [Forwarding newSession on session null to remote] DEBUG o.a.h.i.c.HttpClientConnectionOperator - Connecting to localhost/127.0.0.1:13906
10:43:36.301 [Forwarding newSession on session null to remote] DEBUG o.a.h.i.c.HttpClientConnectionOperator - Connection established 127.0.0.1:34631<->127.0.0.1:13906
10:43:36.301 [Forwarding newSession on session null to remote] DEBUG o.a.h.impl.execchain.MainClientExec - Executing request POST /session HTTP/1.1
10:43:36.301 [Forwarding newSession on session null to remote] DEBUG o.a.h.impl.execchain.MainClientExec - Target auth state: UNCHALLENGED
10:43:36.302 [Forwarding newSession on session null to remote] DEBUG o.a.h.impl.execchain.MainClientExec - Proxy auth state: UNCHALLENGED
10:43:36.303 [Forwarding newSession on session null to remote] DEBUG org.apache.http.headers - http-outgoing-0 >> POST /session HTTP/1.1
10:43:36.303 [Forwarding newSession on session null to remote] DEBUG org.apache.http.headers - http-outgoing-0 >> Content-Type: application/json; charset=utf-8
10:43:36.303 [Forwarding newSession on session null to remote] DEBUG org.apache.http.headers - http-outgoing-0 >> Content-Length: 410
10:43:36.303 [Forwarding newSession on session null to remote] DEBUG org.apache.http.headers - http-outgoing-0 >> Host: localhost:13906
10:43:36.303 [Forwarding newSession on session null to remote] DEBUG org.apache.http.headers - http-outgoing-0 >> Connection: Keep-Alive
10:43:36.303 [Forwarding newSession on session null to remote] DEBUG org.apache.http.headers - http-outgoing-0 >> User-Agent: Apache-HttpClient/4.3.4 (java 1.5)
10:43:36.303 [Forwarding newSession on session null to remote] DEBUG org.apache.http.headers - http-outgoing-0 >> Accept-Encoding: gzip,deflate
10:43:36.304 [Forwarding newSession on session null to remote] DEBUG org.apache.http.wire - http-outgoing-0 >> "POST /session HTTP/1.1[\r][\n]"
10:43:36.304 [Forwarding newSession on session null to remote] DEBUG org.apache.http.wire - http-outgoing-0 >> "Content-Type: application/json; charset=utf-8[\r][\n]"
10:43:36.304 [Forwarding newSession on session null to remote] DEBUG org.apache.http.wire - http-outgoing-0 >> "Content-Length: 410[\r][\n]"
10:43:36.304 [Forwarding newSession on session null to remote] DEBUG org.apache.http.wire - http-outgoing-0 >> "Host: localhost:13906[\r][\n]"
10:43:36.304 [Forwarding newSession on session null to remote] DEBUG org.apache.http.wire - http-outgoing-0 >> "Connection: Keep-Alive[\r][\n]"
10:43:36.304 [Forwarding newSession on session null to remote] DEBUG org.apache.http.wire - http-outgoing-0 >> "User-Agent: Apache-HttpClient/4.3.4 (java 1.5)[\r][\n]"
10:43:36.304 [Forwarding newSession on session null to remote] DEBUG org.apache.http.wire - http-outgoing-0 >> "Accept-Encoding: gzip,deflate[\r][\n]"
10:43:36.304 [Forwarding newSession on session null to remote] DEBUG org.apache.http.wire - http-outgoing-0 >> "[\r][\n]"
10:43:36.304 [Forwarding newSession on session null to remote] DEBUG org.apache.http.wire - http-outgoing-0 >> "{"desiredCapabilities":{"proxy":{"proxyAutoconfigUrl":null,"autodetect":false,"socksUsername":null,"socksPassword":null,"httpProxy":"jov-HP-Z220-CMT-Workstation:41135","proxyType":"MANUAL","noProxy":null,"ftpProxy":null,"socksProxy":null,"hCode":1102445101,"class":"org.openqa.selenium.Proxy","sslProxy":"jov-HP-Z220-CMT-Workstation:41135"},"chromeOptions":{"args":["--disable-web-security"],"extensions":[]}}}"
10:43:41.499 [Forwarding newSession on session null to remote] DEBUG org.apache.http.wire - http-outgoing-0 << "HTTP/1.1 200 OK[\r][\n]"
10:43:41.500 [Forwarding newSession on session null to remote] DEBUG org.apache.http.wire - http-outgoing-0 << "Content-Length:551[\r][\n]"
10:43:41.500 [Forwarding newSession on session null to remote] DEBUG org.apache.http.wire - http-outgoing-0 << "Content-Type:application/json; charset=utf-8[\r][\n]"
10:43:41.500 [Forwarding newSession on session null to remote] DEBUG org.apache.http.wire - http-outgoing-0 << "Connection:close[\r][\n]"
10:43:41.500 [Forwarding newSession on session null to remote] DEBUG org.apache.http.wire - http-outgoing-0 << "[\r][\n]"
10:43:41.500 [Forwarding newSession on session null to remote] DEBUG org.apache.http.wire - http-outgoing-0 << "{"sessionId":"5e9977749cf8e028abefff19f425d7c0","status":0,"value":{"acceptSslCerts":true,"applicationCacheEnabled":false,"browserConnectionEnabled":false,"browserName":"chrome","chrome":{"userDataDir":"/tmp/.com.google.Chrome.BhzuTM"},"cssSelectorsEnabled":true,"databaseEnabled":false,"handlesAlerts":true,"javascriptEnabled":true,"locationContextEnabled":true,"mobileEmulationEnabled":false,"nativeEvents":true,"platform":"Linux","rotatable":false,"takesHeapSnapshot":true,"takesScreenshot":true,"version":"43.0.2357.134","webStorageEnabled":true}}"
10:43:41.503 [Forwarding newSession on session null to remote] DEBUG org.apache.http.headers - http-outgoing-0 << HTTP/1.1 200 OK
10:43:41.503 [Forwarding newSession on session null to remote] DEBUG org.apache.http.headers - http-outgoing-0 << Content-Length:551
10:43:41.503 [Forwarding newSession on session null to remote] DEBUG org.apache.http.headers - http-outgoing-0 << Content-Type:application/json; charset=utf-8
10:43:41.503 [Forwarding newSession on session null to remote] DEBUG org.apache.http.headers - http-outgoing-0 << Connection:close
10:43:41.511 [Forwarding newSession on session null to remote] DEBUG o.a.h.i.c.DefaultManagedHttpClientConnection - http-outgoing-0: Shutdown connection
10:43:41.511 [Forwarding newSession on session null to remote] DEBUG o.a.h.impl.execchain.MainClientExec - Connection discarded
10:43:41.512 [Forwarding newSession on session null to remote] DEBUG o.a.h.i.c.DefaultManagedHttpClientConnection - http-outgoing-0: Close connection
10:43:41.512 [Forwarding newSession on session null to remote] DEBUG o.a.h.i.c.PoolingHttpClientConnectionManager - Connection released: [id: 0][route: {}->http://localhost:13906][total kept alive: 0; route allocated: 0 of 2000; total allocated: 0 of 2000]
10:43:41.517 [Forwarding implicitlyWait on session 5e9977749cf8e028abefff19f425d7c0 to remote] DEBUG o.a.h.c.protocol.RequestAddCookies - CookieSpec selected: best-match
10:43:41.517 [Forwarding implicitlyWait on session 5e9977749cf8e028abefff19f425d7c0 to remote] DEBUG o.a.h.c.protocol.RequestAuthCache - Auth cache not set in the context
10:43:41.517 [Forwarding implicitlyWait on session 5e9977749cf8e028abefff19f425d7c0 to remote] DEBUG o.a.h.i.c.PoolingHttpClientConnectionManager - Connection request: [route: {}->http://localhost:13906][total kept alive: 0; route allocated: 0 of 2000; total allocated: 0 of 2000]
10:43:41.517 [Forwarding implicitlyWait on session 5e9977749cf8e028abefff19f425d7c0 to remote] DEBUG o.a.h.i.c.PoolingHttpClientConnectionManager - Connection leased: [id: 1][route: {}->http://localhost:13906][total kept alive: 0; route allocated: 1 of 2000; total allocated: 1 of 2000]
10:43:41.518 [Forwarding implicitlyWait on session 5e9977749cf8e028abefff19f425d7c0 to remote] DEBUG o.a.h.impl.execchain.MainClientExec - Opening connection {}->http://localhost:13906
10:43:41.518 [Forwarding implicitlyWait on session 5e9977749cf8e028abefff19f425d7c0 to remote] DEBUG o.a.h.i.c.HttpClientConnectionOperator - Connecting to localhost/127.0.0.1:13906
10:43:41.518 [Forwarding implicitlyWait on session 5e9977749cf8e028abefff19f425d7c0 to remote] DEBUG o.a.h.i.c.HttpClientConnectionOperator - Connection established 127.0.0.1:34696<->127.0.0.1:13906
10:43:41.522 [Forwarding implicitlyWait on session 5e9977749cf8e028abefff19f425d7c0 to remote] DEBUG o.a.h.impl.execchain.MainClientExec - Executing request POST /session/5e9977749cf8e028abefff19f425d7c0/timeouts/implicit_wait HTTP/1.1
10:43:41.522 [Forwarding implicitlyWait on session 5e9977749cf8e028abefff19f425d7c0 to remote] DEBUG o.a.h.impl.execchain.MainClientExec - Target auth state: UNCHALLENGED
10:43:41.522 [Forwarding implicitlyWait on session 5e9977749cf8e028abefff19f425d7c0 to remote] DEBUG o.a.h.impl.execchain.MainClientExec - Proxy auth state: UNCHALLENGED
10:43:41.522 [Forwarding implicitlyWait on session 5e9977749cf8e028abefff19f425d7c0 to remote] DEBUG org.apache.http.headers - http-outgoing-1 >> POST /session/5e9977749cf8e028abefff19f425d7c0/timeouts/implicit_wait HTTP/1.1
10:43:41.523 [Forwarding implicitlyWait on session 5e9977749cf8e028abefff19f425d7c0 to remote] DEBUG org.apache.http.headers - http-outgoing-1 >> Content-Type: application/json; charset=utf-8
10:43:41.523 [Forwarding implicitlyWait on session 5e9977749cf8e028abefff19f425d7c0 to remote] DEBUG org.apache.http.headers - http-outgoing-1 >> Content-Length: 12
10:43:41.523 [Forwarding implicitlyWait on session 5e9977749cf8e028abefff19f425d7c0 to remote] DEBUG org.apache.http.headers - http-outgoing-1 >> Host: localhost:13906
10:43:41.523 [Forwarding implicitlyWait on session 5e9977749cf8e028abefff19f425d7c0 to remote] DEBUG org.apache.http.headers - http-outgoing-1 >> Connection: Keep-Alive
10:43:41.523 [Forwarding implicitlyWait on session 5e9977749cf8e028abefff19f425d7c0 to remote] DEBUG org.apache.http.headers - http-outgoing-1 >> User-Agent: Apache-HttpClient/4.3.4 (java 1.5)
10:43:41.523 [Forwarding implicitlyWait on session 5e9977749cf8e028abefff19f425d7c0 to remote] DEBUG org.apache.http.headers - http-outgoing-1 >> Accept-Encoding: gzip,deflate
10:43:41.523 [Forwarding implicitlyWait on session 5e9977749cf8e028abefff19f425d7c0 to remote] DEBUG org.apache.http.wire - http-outgoing-1 >> "POST /session/5e9977749cf8e028abefff19f425d7c0/timeouts/implicit_wait HTTP/1.1[\r][\n]"
10:43:41.523 [Forwarding implicitlyWait on session 5e9977749cf8e028abefff19f425d7c0 to remote] DEBUG org.apache.http.wire - http-outgoing-1 >> "Content-Type: application/json; charset=utf-8[\r][\n]"
10:43:41.523 [Forwarding implicitlyWait on session 5e9977749cf8e028abefff19f425d7c0 to remote] DEBUG org.apache.http.wire - http-outgoing-1 >> "Content-Length: 12[\r][\n]"
10:43:41.523 [Forwarding implicitlyWait on session 5e9977749cf8e028abefff19f425d7c0 to remote] DEBUG org.apache.http.wire - http-outgoing-1 >> "Host: localhost:13906[\r][\n]"
10:43:41.523 [Forwarding implicitlyWait on session 5e9977749cf8e028abefff19f425d7c0 to remote] DEBUG org.apache.http.wire - http-outgoing-1 >> "Connection: Keep-Alive[\r][\n]"
10:43:41.523 [Forwarding implicitlyWait on session 5e9977749cf8e028abefff19f425d7c0 to remote] DEBUG org.apache.http.wire - http-outgoing-1 >> "User-Agent: Apache-HttpClient/4.3.4 (java 1.5)[\r][\n]"
10:43:41.523 [Forwarding implicitlyWait on session 5e9977749cf8e028abefff19f425d7c0 to remote] DEBUG org.apache.http.wire - http-outgoing-1 >> "Accept-Encoding: gzip,deflate[\r][\n]"
10:43:41.523 [Forwarding implicitlyWait on session 5e9977749cf8e028abefff19f425d7c0 to remote] DEBUG org.apache.http.wire - http-outgoing-1 >> "[\r][\n]"
10:43:41.524 [Forwarding implicitlyWait on session 5e9977749cf8e028abefff19f425d7c0 to remote] DEBUG org.apache.http.wire - http-outgoing-1 >> "{"ms":30000}"
10:43:41.524 [Forwarding implicitlyWait on session 5e9977749cf8e028abefff19f425d7c0 to remote] DEBUG org.apache.http.wire - http-outgoing-1 << "HTTP/1.1 200 OK[\r][\n]"
10:43:41.524 [Forwarding implicitlyWait on session 5e9977749cf8e028abefff19f425d7c0 to remote] DEBUG org.apache.http.wire - http-outgoing-1 << "Content-Length:72[\r][\n]"
10:43:41.524 [Forwarding implicitlyWait on session 5e9977749cf8e028abefff19f425d7c0 to remote] DEBUG org.apache.http.wire - http-outgoing-1 << "Content-Type:application/json; charset=utf-8[\r][\n]"
10:43:41.525 [Forwarding implicitlyWait on session 5e9977749cf8e028abefff19f425d7c0 to remote] DEBUG org.apache.http.wire - http-outgoing-1 << "Connection:close[\r][\n]"
10:43:41.525 [Forwarding implicitlyWait on session 5e9977749cf8e028abefff19f425d7c0 to remote] DEBUG org.apache.http.wire - http-outgoing-1 << "[\r][\n]"
10:43:41.525 [Forwarding implicitlyWait on session 5e9977749cf8e028abefff19f425d7c0 to remote] DEBUG org.apache.http.wire - http-outgoing-1 << "{"sessionId":"5e9977749cf8e028abefff19f425d7c0","status":0,"value":null}"
10:43:41.525 [Forwarding implicitlyWait on session 5e9977749cf8e028abefff19f425d7c0 to remote] DEBUG org.apache.http.headers - http-outgoing-1 << HTTP/1.1 200 OK
10:43:41.526 [Forwarding implicitlyWait on session 5e9977749cf8e028abefff19f425d7c0 to remote] DEBUG org.apache.http.headers - http-outgoing-1 << Content-Length:72
10:43:41.526 [Forwarding implicitlyWait on session 5e9977749cf8e028abefff19f425d7c0 to remote] DEBUG org.apache.http.headers - http-outgoing-1 << Content-Type:application/json; charset=utf-8
10:43:41.526 [Forwarding implicitlyWait on session 5e9977749cf8e028abefff19f425d7c0 to remote] DEBUG org.apache.http.headers - http-outgoing-1 << Connection:close
10:43:41.526 [Forwarding implicitlyWait on session 5e9977749cf8e028abefff19f425d7c0 to remote] DEBUG o.a.h.i.c.DefaultManagedHttpClientConnection - http-outgoing-1: Shutdown connection
10:43:41.526 [Forwarding implicitlyWait on session 5e9977749cf8e028abefff19f425d7c0 to remote] DEBUG o.a.h.impl.execchain.MainClientExec - Connection discarded
10:43:41.526 [Forwarding implicitlyWait on session 5e9977749cf8e028abefff19f425d7c0 to remote] DEBUG o.a.h.i.c.DefaultManagedHttpClientConnection - http-outgoing-1: Close connection
10:43:41.527 [Forwarding implicitlyWait on session 5e9977749cf8e028abefff19f425d7c0 to remote] DEBUG o.a.h.i.c.PoolingHttpClientConnectionManager - Connection released: [id: 1][route: {}->http://localhost:13906][total kept alive: 0; route allocated: 0 of 2000; total allocated: 0 of 2000]
10:43:41.628 [Test worker] DEBUG o.s.b.f.s.DefaultListableBeanFactory - Finished creating instance of bean 'com.nowtv.pav.test.steps.GenericSteps'
10:43:41.630 [Forwarding maximizeWindow on session 5e9977749cf8e028abefff19f425d7c0 to remote] DEBUG o.a.h.c.protocol.RequestAddCookies - CookieSpec selected: best-match
10:43:41.630 [Forwarding maximizeWindow on session 5e9977749cf8e028abefff19f425d7c0 to remote] DEBUG o.a.h.c.protocol.RequestAuthCache - Auth cache not set in the context
10:43:41.630 [Forwarding maximizeWindow on session 5e9977749cf8e028abefff19f425d7c0 to remote] DEBUG o.a.h.i.c.PoolingHttpClientConnectionManager - Connection request: [route: {}->http://localhost:13906][total kept alive: 0; route allocated: 0 of 2000; total allocated: 0 of 2000]
10:43:41.630 [Forwarding maximizeWindow on session 5e9977749cf8e028abefff19f425d7c0 to remote] DEBUG o.a.h.i.c.PoolingHttpClientConnectionManager - Connection leased: [id: 2][route: {}->http://localhost:13906][total kept alive: 0; route allocated: 1 of 2000; total allocated: 1 of 2000]
10:43:41.630 [Forwarding maximizeWindow on session 5e9977749cf8e028abefff19f425d7c0 to remote] DEBUG o.a.h.impl.execchain.MainClientExec - Opening connection {}->http://localhost:13906
10:43:41.630 [Forwarding maximizeWindow on session 5e9977749cf8e028abefff19f425d7c0 to remote] DEBUG o.a.h.i.c.HttpClientConnectionOperator - Connecting to localhost/127.0.0.1:13906
10:43:41.631 [Forwarding maximizeWindow on session 5e9977749cf8e028abefff19f425d7c0 to remote] DEBUG o.a.h.i.c.HttpClientConnectionOperator - Connection established 127.0.0.1:34697<->127.0.0.1:13906
10:43:41.631 [Forwarding maximizeWindow on session 5e9977749cf8e028abefff19f425d7c0 to remote] DEBUG o.a.h.impl.execchain.MainClientExec - Executing request POST /session/5e9977749cf8e028abefff19f425d7c0/window/current/maximize HTTP/1.1
10:43:41.631 [Forwarding maximizeWindow on session 5e9977749cf8e028abefff19f425d7c0 to remote] DEBUG o.a.h.impl.execchain.MainClientExec - Target auth state: UNCHALLENGED
10:43:41.631 [Forwarding maximizeWindow on session 5e9977749cf8e028abefff19f425d7c0 to remote] DEBUG o.a.h.impl.execchain.MainClientExec - Proxy auth state: UNCHALLENGED
10:43:41.631 [Forwarding maximizeWindow on session 5e9977749cf8e028abefff19f425d7c0 to remote] DEBUG org.apache.http.headers - http-outgoing-2 >> POST /session/5e9977749cf8e028abefff19f425d7c0/window/current/maximize HTTP/1.1
10:43:41.631 [Forwarding maximizeWindow on session 5e9977749cf8e028abefff19f425d7c0 to remote] DEBUG org.apache.http.headers - http-outgoing-2 >> Content-Type: application/json; charset=utf-8
10:43:41.631 [Forwarding maximizeWindow on session 5e9977749cf8e028abefff19f425d7c0 to remote] DEBUG org.apache.http.headers - http-outgoing-2 >> Content-Length: 26
10:43:41.631 [Forwarding maximizeWindow on session 5e9977749cf8e028abefff19f425d7c0 to remote] DEBUG org.apache.http.headers - http-outgoing-2 >> Host: localhost:13906
10:43:41.631 [Forwarding maximizeWindow on session 5e9977749cf8e028abefff19f425d7c0 to remote] DEBUG org.apache.http.headers - http-outgoing-2 >> Connection: Keep-Alive
10:43:41.631 [Forwarding maximizeWindow on session 5e9977749cf8e028abefff19f425d7c0 to remote] DEBUG org.apache.http.headers - http-outgoing-2 >> User-Agent: Apache-HttpClient/4.3.4 (java 1.5)
10:43:41.631 [Forwarding maximizeWindow on session 5e9977749cf8e028abefff19f425d7c0 to remote] DEBUG org.apache.http.headers - http-outgoing-2 >> Accept-Encoding: gzip,deflate
10:43:41.631 [Forwarding maximizeWindow on session 5e9977749cf8e028abefff19f425d7c0 to remote] DEBUG org.apache.http.wire - http-outgoing-2 >> "POST /session/5e9977749cf8e028abefff19f425d7c0/window/current/maximize HTTP/1.1[\r][\n]"
10:43:41.631 [Forwarding maximizeWindow on session 5e9977749cf8e028abefff19f425d7c0 to remote] DEBUG org.apache.http.wire - http-outgoing-2 >> "Content-Type: application/json; charset=utf-8[\r][\n]"
10:43:41.631 [Forwarding maximizeWindow on session 5e9977749cf8e028abefff19f425d7c0 to remote] DEBUG org.apache.http.wire - http-outgoing-2 >> "Content-Length: 26[\r][\n]"
10:43:41.631 [Forwarding maximizeWindow on session 5e9977749cf8e028abefff19f425d7c0 to remote] DEBUG org.apache.http.wire - http-outgoing-2 >> "Host: localhost:13906[\r][\n]"
10:43:41.632 [Forwarding maximizeWindow on session 5e9977749cf8e028abefff19f425d7c0 to remote] DEBUG org.apache.http.wire - http-outgoing-2 >> "Connection: Keep-Alive[\r][\n]"
10:43:41.632 [Forwarding maximizeWindow on session 5e9977749cf8e028abefff19f425d7c0 to remote] DEBUG org.apache.http.wire - http-outgoing-2 >> "User-Agent: Apache-HttpClient/4.3.4 (java 1.5)[\r][\n]"
10:43:41.632 [Forwarding maximizeWindow on session 5e9977749cf8e028abefff19f425d7c0 to remote] DEBUG org.apache.http.wire - http-outgoing-2 >> "Accept-Encoding: gzip,deflate[\r][\n]"
10:43:41.632 [Forwarding maximizeWindow on session 5e9977749cf8e028abefff19f425d7c0 to remote] DEBUG org.apache.http.wire - http-outgoing-2 >> "[\r][\n]"
10:43:41.632 [Forwarding maximizeWindow on session 5e9977749cf8e028abefff19f425d7c0 to remote] DEBUG org.apache.http.wire - http-outgoing-2 >> "{"windowHandle":"current"}"
10:43:42.488 [Forwarding maximizeWindow on session 5e9977749cf8e028abefff19f425d7c0 to remote] DEBUG org.apache.http.wire - http-outgoing-2 << "HTTP/1.1 200 OK[\r][\n]"
10:43:42.488 [Forwarding maximizeWindow on session 5e9977749cf8e028abefff19f425d7c0 to remote] DEBUG org.apache.http.wire - http-outgoing-2 << "Content-Length:72[\r][\n]"
10:43:42.488 [Forwarding maximizeWindow on session 5e9977749cf8e028abefff19f425d7c0 to remote] DEBUG org.apache.http.wire - http-outgoing-2 << "Content-Type:application/json; charset=utf-8[\r][\n]"
10:43:42.488 [Forwarding maximizeWindow on session 5e9977749cf8e028abefff19f425d7c0 to remote] DEBUG org.apache.http.wire - http-outgoing-2 << "Connection:close[\r][\n]"
10:43:42.488 [Forwarding maximizeWindow on session 5e9977749cf8e028abefff19f425d7c0 to remote] DEBUG org.apache.http.wire - http-outgoing-2 << "[\r][\n]"
10:43:42.488 [Forwarding maximizeWindow on session 5e9977749cf8e028abefff19f425d7c0 to remote] DEBUG org.apache.http.wire - http-outgoing-2 << "{"sessionId":"5e9977749cf8e028abefff19f425d7c0","status":0,"value":null}"
10:43:42.488 [Forwarding maximizeWindow on session 5e9977749cf8e028abefff19f425d7c0 to remote] DEBUG org.apache.http.headers - http-outgoing-2 << HTTP/1.1 200 OK
10:43:42.489 [Forwarding maximizeWindow on session 5e9977749cf8e028abefff19f425d7c0 to remote] DEBUG org.apache.http.headers - http-outgoing-2 << Content-Length:72
10:43:42.489 [Forwarding maximizeWindow on session 5e9977749cf8e028abefff19f425d7c0 to remote] DEBUG org.apache.http.headers - http-outgoing-2 << Content-Type:application/json; charset=utf-8
10:43:42.489 [Forwarding maximizeWindow on session 5e9977749cf8e028abefff19f425d7c0 to remote] DEBUG org.apache.http.headers - http-outgoing-2 << Connection:close
10:43:42.489 [Forwarding maximizeWindow on session 5e9977749cf8e028abefff19f425d7c0 to remote] DEBUG o.a.h.i.c.DefaultManagedHttpClientConnection - http-outgoing-2: Shutdown connection
10:43:42.489 [Forwarding maximizeWindow on session 5e9977749cf8e028abefff19f425d7c0 to remote] DEBUG o.a.h.impl.execchain.MainClientExec - Connection discarded
10:43:42.489 [Forwarding maximizeWindow on session 5e9977749cf8e028abefff19f425d7c0 to remote] DEBUG o.a.h.i.c.DefaultManagedHttpClientConnection - http-outgoing-2: Close connection
10:43:42.489 [Forwarding maximizeWindow on session 5e9977749cf8e028abefff19f425d7c0 to remote] DEBUG o.a.h.i.c.PoolingHttpClientConnectionManager - Connection released: [id: 2][route: {}->http://localhost:13906][total kept alive: 0; route allocated: 0 of 2000; total allocated: 0 of 2000]
10:43:42.492 [Forwarding get on session 5e9977749cf8e028abefff19f425d7c0 to remote] DEBUG o.a.h.c.protocol.RequestAddCookies - CookieSpec selected: best-match
10:43:42.493 [Forwarding get on session 5e9977749cf8e028abefff19f425d7c0 to remote] DEBUG o.a.h.c.protocol.RequestAuthCache - Auth cache not set in the context
10:43:42.493 [Forwarding get on session 5e9977749cf8e028abefff19f425d7c0 to remote] DEBUG o.a.h.i.c.PoolingHttpClientConnectionManager - Connection request: [route: {}->http://localhost:13906][total kept alive: 0; route allocated: 0 of 2000; total allocated: 0 of 2000]
10:43:42.493 [Forwarding get on session 5e9977749cf8e028abefff19f425d7c0 to remote] DEBUG o.a.h.i.c.PoolingHttpClientConnectionManager - Connection leased: [id: 3][route: {}->http://localhost:13906][total kept alive: 0; route allocated: 1 of 2000; total allocated: 1 of 2000]
10:43:42.493 [Forwarding get on session 5e9977749cf8e028abefff19f425d7c0 to remote] DEBUG o.a.h.impl.execchain.MainClientExec - Opening connection {}->http://localhost:13906
10:43:42.493 [Forwarding get on session 5e9977749cf8e028abefff19f425d7c0 to remote] DEBUG o.a.h.i.c.HttpClientConnectionOperator - Connecting to localhost/127.0.0.1:13906
10:43:42.494 [Forwarding get on session 5e9977749cf8e028abefff19f425d7c0 to remote] DEBUG o.a.h.i.c.HttpClientConnectionOperator - Connection established 127.0.0.1:34699<->127.0.0.1:13906
10:43:42.494 [Forwarding get on session 5e9977749cf8e028abefff19f425d7c0 to remote] DEBUG o.a.h.impl.execchain.MainClientExec - Executing request POST /session/5e9977749cf8e028abefff19f425d7c0/url HTTP/1.1
10:43:42.494 [Forwarding get on session 5e9977749cf8e028abefff19f425d7c0 to remote] DEBUG o.a.h.impl.execchain.MainClientExec - Target auth state: UNCHALLENGED
10:43:42.494 [Forwarding get on session 5e9977749cf8e028abefff19f425d7c0 to remote] DEBUG o.a.h.impl.execchain.MainClientExec - Proxy auth state: UNCHALLENGED
10:43:42.494 [Forwarding get on session 5e9977749cf8e028abefff19f425d7c0 to remote] DEBUG org.apache.http.headers - http-outgoing-3 >> POST /session/5e9977749cf8e028abefff19f425d7c0/url HTTP/1.1
10:43:42.494 [Forwarding get on session 5e9977749cf8e028abefff19f425d7c0 to remote] DEBUG org.apache.http.headers - http-outgoing-3 >> Content-Type: application/json; charset=utf-8
10:43:42.494 [Forwarding get on session 5e9977749cf8e028abefff19f425d7c0 to remote] DEBUG org.apache.http.headers - http-outgoing-3 >> Content-Length: 77
10:43:42.494 [Forwarding get on session 5e9977749cf8e028abefff19f425d7c0 to remote] DEBUG org.apache.http.headers - http-outgoing-3 >> Host: localhost:13906
10:43:42.494 [Forwarding get on session 5e9977749cf8e028abefff19f425d7c0 to remote] DEBUG org.apache.http.headers - http-outgoing-3 >> Connection: Keep-Alive
10:43:42.495 [Forwarding get on session 5e9977749cf8e028abefff19f425d7c0 to remote] DEBUG org.apache.http.headers - http-outgoing-3 >> User-Agent: Apache-HttpClient/4.3.4 (java 1.5)
10:43:42.495 [Forwarding get on session 5e9977749cf8e028abefff19f425d7c0 to remote] DEBUG org.apache.http.headers - http-outgoing-3 >> Accept-Encoding: gzip,deflate
10:43:42.495 [Forwarding get on session 5e9977749cf8e028abefff19f425d7c0 to remote] DEBUG org.apache.http.wire - http-outgoing-3 >> "POST /session/5e9977749cf8e028abefff19f425d7c0/url HTTP/1.1[\r][\n]"
10:43:42.495 [Forwarding get on session 5e9977749cf8e028abefff19f425d7c0 to remote] DEBUG org.apache.http.wire - http-outgoing-3 >> "Content-Type: application/json; charset=utf-8[\r][\n]"
10:43:42.495 [Forwarding get on session 5e9977749cf8e028abefff19f425d7c0 to remote] DEBUG org.apache.http.wire - http-outgoing-3 >> "Content-Length: 77[\r][\n]"
10:43:42.495 [Forwarding get on session 5e9977749cf8e028abefff19f425d7c0 to remote] DEBUG org.apache.http.wire - http-outgoing-3 >> "Host: localhost:13906[\r][\n]"
10:43:42.495 [Forwarding get on session 5e9977749cf8e028abefff19f425d7c0 to remote] DEBUG org.apache.http.wire - http-outgoing-3 >> "Connection: Keep-Alive[\r][\n]"
10:43:42.495 [Forwarding get on session 5e9977749cf8e028abefff19f425d7c0 to remote] DEBUG org.apache.http.wire - http-outgoing-3 >> "User-Agent: Apache-HttpClient/4.3.4 (java 1.5)[\r][\n]"
10:43:42.495 [Forwarding get on session 5e9977749cf8e028abefff19f425d7c0 to remote] DEBUG org.apache.http.wire - http-outgoing-3 >> "Accept-Encoding: gzip,deflate[\r][\n]"
10:43:42.495 [Forwarding get on session 5e9977749cf8e028abefff19f425d7c0 to remote] DEBUG org.apache.http.wire - http-outgoing-3 >> "[\r][\n]"
10:43:42.495 [Forwarding get on session 5e9977749cf8e028abefff19f425d7c0 to remote] DEBUG org.apache.http.wire - http-outgoing-3 >> "{"url":"http://admin:pass@voucher-manager.stage.pv.nimbus-stage.cg.sky.com/"}"
10:43:43.972 [LittleProxy-ClientToProxyWorker-0] DEBUG o.l.p.impl.ClientToProxyConnection - (AWAITING_INITIAL): Configuring ChannelPipeline
10:43:44.004 [LittleProxy-ClientToProxyWorker-0] DEBUG io.netty.util.ResourceLeakDetector - -Dio.netty.leakDetectionLevel: simple
10:43:44.008 [LittleProxy-ClientToProxyWorker-0] DEBUG o.l.p.impl.ClientToProxyConnection - (AWAITING_INITIAL): Created ClientToProxyConnection
10:43:44.008 [LittleProxy-ClientToProxyWorker-0] DEBUG o.l.p.impl.ClientToProxyConnection - (AWAITING_INITIAL) [id: 0x45fbf8a5, /127.0.0.1:48616 => /127.0.1.1:41135]: Connected
10:43:44.012 [LittleProxy-ClientToProxyWorker-0] DEBUG io.netty.util.Recycler - -Dio.netty.recycler.maxCapacity.default: 262144
10:43:44.017 [LittleProxy-ClientToProxyWorker-0] DEBUG io.netty.util.internal.Cleaner0 - java.nio.ByteBuffer.cleaner(): available
10:43:44.021 [LittleProxy-ClientToProxyWorker-0] DEBUG o.l.p.impl.ClientToProxyConnection - (AWAITING_INITIAL) [id: 0x45fbf8a5, /127.0.0.1:48616 => /127.0.1.1:41135]: Reading: HttpObjectAggregator$AggregatedFullHttpRequest(decodeResult: success, version: HTTP/1.1, content: CompositeByteBuf(ridx: 0, widx: 0, cap: 0, components=0))
GET http://voucher-manager.stage.pv.nimbus-stage.cg.sky.com/ HTTP/1.1
Host: voucher-manager.stage.pv.nimbus-stage.cg.sky.com
Proxy-Connection: keep-alive
Accept: text/html,application/xhtml+xml,application/xml;q=0.9,image/webp,*/*;q=0.8
User-Agent: Mozilla/5.0 (X11; Linux x86_64) AppleWebKit/537.36 (KHTML, like Gecko) Chrome/43.0.2357.134 Safari/537.36
Accept-Encoding: gzip, deflate, sdch
Accept-Language: en-GB,en-US;q=0.8,en;q=0.6
Content-Length: 0
10:43:44.022 [LittleProxy-ClientToProxyWorker-0] DEBUG o.l.p.impl.ClientToProxyConnection - (AWAITING_INITIAL) [id: 0x45fbf8a5, /127.0.0.1:48616 => /127.0.1.1:41135]: Got request: HttpObjectAggregator$AggregatedFullHttpRequest(decodeResult: success, version: HTTP/1.1, content: CompositeByteBuf(ridx: 0, widx: 0, cap: 0, components=0))
GET http://voucher-manager.stage.pv.nimbus-stage.cg.sky.com/ HTTP/1.1
Host: voucher-manager.stage.pv.nimbus-stage.cg.sky.com
Proxy-Connection: keep-alive
Accept: text/html,application/xhtml+xml,application/xml;q=0.9,image/webp,*/*;q=0.8
User-Agent: Mozilla/5.0 (X11; Linux x86_64) AppleWebKit/537.36 (KHTML, like Gecko) Chrome/43.0.2357.134 Safari/537.36
Accept-Encoding: gzip, deflate, sdch
Accept-Language: en-GB,en-US;q=0.8,en;q=0.6
Content-Length: 0
10:43:44.062 [LittleProxy-ClientToProxyWorker-0] DEBUG o.l.p.impl.ClientToProxyConnection - (AWAITING_INITIAL) [id: 0x45fbf8a5, /127.0.0.1:48616 => /127.0.1.1:41135]: Ensuring that hostAndPort are available in http://voucher-manager.stage.pv.nimbus-stage.cg.sky.com/
10:43:44.062 [LittleProxy-ClientToProxyWorker-0] DEBUG o.l.p.impl.ClientToProxyConnection - (AWAITING_INITIAL) [id: 0x45fbf8a5, /127.0.0.1:48616 => /127.0.1.1:41135]: Finding ProxyToServerConnection for: voucher-manager.stage.pv.nimbus-stage.cg.sky.com
10:43:44.062 [LittleProxy-ClientToProxyWorker-0] DEBUG o.l.p.impl.ClientToProxyConnection - (AWAITING_INITIAL) [id: 0x45fbf8a5, /127.0.0.1:48616 => /127.0.1.1:41135]: Didn't find existing ProxyToServerConnection for: voucher-manager.stage.pv.nimbus-stage.cg.sky.com
10:43:44.076 [LittleProxy-ClientToProxyWorker-0] DEBUG o.l.p.impl.ClientToProxyConnection - (AWAITING_INITIAL) [id: 0x45fbf8a5, /127.0.0.1:48616 => /127.0.1.1:41135]: Modifying request headers for proxying
10:43:44.076 [LittleProxy-ClientToProxyWorker-0] DEBUG o.l.p.impl.ClientToProxyConnection - (AWAITING_INITIAL) [id: 0x45fbf8a5, /127.0.0.1:48616 => /127.0.1.1:41135]: Modifying request for proxy chaining
10:43:44.076 [LittleProxy-ClientToProxyWorker-0] DEBUG o.l.p.impl.ClientToProxyConnection - (AWAITING_INITIAL) [id: 0x45fbf8a5, /127.0.0.1:48616 => /127.0.1.1:41135]: Stripped host from uri: http://voucher-manager.stage.pv.nimbus-stage.cg.sky.com/    yielding: /
10:43:44.076 [LittleProxy-ClientToProxyWorker-0] DEBUG o.l.p.impl.ClientToProxyConnection - (AWAITING_INITIAL) [id: 0x45fbf8a5, /127.0.0.1:48616 => /127.0.1.1:41135]: Removed sdch and inserted: gzip, deflate, 
10:43:44.144 [LittleProxy-ClientToProxyWorker-0] DEBUG o.l.p.impl.ClientToProxyConnection - (AWAITING_INITIAL) [id: 0x45fbf8a5, /127.0.0.1:48616 => /127.0.1.1:41135]: Writing request to ProxyToServerConnection
10:43:44.145 [LittleProxy-ClientToProxyWorker-0] DEBUG o.l.p.impl.ProxyToServerConnection - (DISCONNECTED): Requested write of HttpObjectAggregator$AggregatedFullHttpRequest(decodeResult: success, version: HTTP/1.1, content: CompositeByteBuf(ridx: 0, widx: 0, cap: 0, components=0))
GET / HTTP/1.1
Host: voucher-manager.stage.pv.nimbus-stage.cg.sky.com
Accept: text/html,application/xhtml+xml,application/xml;q=0.9,image/webp,*/*;q=0.8
User-Agent: Mozilla/5.0 (X11; Linux x86_64) AppleWebKit/537.36 (KHTML, like Gecko) Chrome/43.0.2357.134 Safari/537.36
Accept-Language: en-GB,en-US;q=0.8,en;q=0.6
Content-Length: 0
Accept-Encoding: gzip, deflate, 
Via: 1.1 localhost.localdomain
10:43:44.145 [LittleProxy-ClientToProxyWorker-0] DEBUG o.l.p.impl.ProxyToServerConnection - (DISCONNECTED): Retaining reference counted message
10:43:44.145 [LittleProxy-ClientToProxyWorker-0] DEBUG o.l.p.impl.ProxyToServerConnection - (DISCONNECTED): Currently disconnected, connect and then write the message
10:43:44.145 [LittleProxy-ClientToProxyWorker-0] DEBUG o.l.p.impl.ProxyToServerConnection - (DISCONNECTED): Starting new connection to: voucher-manager.stage.pv.nimbus-stage.cg.sky.com/80.238.10.34:80
10:43:44.147 [LittleProxy-ClientToProxyWorker-0] DEBUG o.l.p.impl.ClientToProxyConnection - (AWAITING_INITIAL) [id: 0x45fbf8a5, /127.0.0.1:48616 => /127.0.1.1:41135]: Stopped reading
10:43:44.147 [LittleProxy-ClientToProxyWorker-0] DEBUG o.l.p.impl.ProxyToServerConnection - (DISCONNECTED): Processing connection flow step: CONNECTING
10:43:44.148 [LittleProxy-ClientToProxyWorker-0] DEBUG o.l.p.impl.ProxyToServerConnection - (CONNECTING): Connecting to server with TCP
10:43:44.158 [LittleProxy-ProxyToServerWorker-0] DEBUG o.l.p.impl.ProxyToServerConnection - (CONNECTING) [id: 0x65ecad2b, /10.65.140.181:37580 => voucher-manager.stage.pv.nimbus-stage.cg.sky.com/80.238.10.34:80]: ConnectionFlowStep succeeded
10:43:44.158 [LittleProxy-ProxyToServerWorker-0] DEBUG o.l.p.impl.ProxyToServerConnection - (CONNECTING) [id: 0x65ecad2b, /10.65.140.181:37580 => voucher-manager.stage.pv.nimbus-stage.cg.sky.com/80.238.10.34:80]: Connection flow completed successfully: null
10:43:44.159 [LittleProxy-ProxyToServerWorker-0] DEBUG o.l.p.impl.ClientToProxyConnection - (AWAITING_INITIAL) [id: 0x45fbf8a5, /127.0.0.1:48616 => /127.0.1.1:41135]: Connection to server succeeded: voucher-manager.stage.pv.nimbus-stage.cg.sky.com/80.238.10.34:80
10:43:44.159 [LittleProxy-ProxyToServerWorker-0] DEBUG o.l.p.impl.ClientToProxyConnection - (AWAITING_INITIAL) [id: 0x45fbf8a5, /127.0.0.1:48616 => /127.0.1.1:41135]: All servers have finished attempting to connect, resuming reading from client.
10:43:44.159 [LittleProxy-ProxyToServerWorker-0] DEBUG o.l.p.impl.ClientToProxyConnection - (AWAITING_INITIAL) [id: 0x45fbf8a5, /127.0.0.1:48616 => /127.0.1.1:41135]: Resumed reading
10:43:44.159 [LittleProxy-ProxyToServerWorker-0] DEBUG o.l.p.impl.ProxyToServerConnection - (AWAITING_INITIAL) [id: 0x65ecad2b, /10.65.140.181:37580 => voucher-manager.stage.pv.nimbus-stage.cg.sky.com/80.238.10.34:80]: Writing initial request: HttpObjectAggregator$AggregatedFullHttpRequest(decodeResult: success, version: HTTP/1.1, content: CompositeByteBuf(ridx: 0, widx: 0, cap: 0, components=0))
GET / HTTP/1.1
Host: voucher-manager.stage.pv.nimbus-stage.cg.sky.com
Accept: text/html,application/xhtml+xml,application/xml;q=0.9,image/webp,*/*;q=0.8
User-Agent: Mozilla/5.0 (X11; Linux x86_64) AppleWebKit/537.36 (KHTML, like Gecko) Chrome/43.0.2357.134 Safari/537.36
Accept-Language: en-GB,en-US;q=0.8,en;q=0.6
Content-Length: 0
Accept-Encoding: gzip, deflate, 
Via: 1.1 localhost.localdomain
10:43:44.159 [LittleProxy-ProxyToServerWorker-0] DEBUG o.l.p.impl.ProxyToServerConnection - (AWAITING_INITIAL) [id: 0x65ecad2b, /10.65.140.181:37580 => voucher-manager.stage.pv.nimbus-stage.cg.sky.com/80.238.10.34:80]: Requested write of HttpObjectAggregator$AggregatedFullHttpRequest(decodeResult: success, version: HTTP/1.1, content: CompositeByteBuf(ridx: 0, widx: 0, cap: 0, components=0))
GET / HTTP/1.1
Host: voucher-manager.stage.pv.nimbus-stage.cg.sky.com
Accept: text/html,application/xhtml+xml,application/xml;q=0.9,image/webp,*/*;q=0.8
User-Agent: Mozilla/5.0 (X11; Linux x86_64) AppleWebKit/537.36 (KHTML, like Gecko) Chrome/43.0.2357.134 Safari/537.36
Accept-Language: en-GB,en-US;q=0.8,en;q=0.6
Content-Length: 0
Accept-Encoding: gzip, deflate, 
Via: 1.1 localhost.localdomain
10:43:44.159 [LittleProxy-ProxyToServerWorker-0] DEBUG o.l.p.impl.ProxyToServerConnection - (AWAITING_INITIAL) [id: 0x65ecad2b, /10.65.140.181:37580 => voucher-manager.stage.pv.nimbus-stage.cg.sky.com/80.238.10.34:80]: Retaining reference counted message
10:43:44.159 [LittleProxy-ProxyToServerWorker-0] DEBUG o.l.p.impl.ProxyToServerConnection - (AWAITING_INITIAL) [id: 0x65ecad2b, /10.65.140.181:37580 => voucher-manager.stage.pv.nimbus-stage.cg.sky.com/80.238.10.34:80]: Using existing connection to: voucher-manager.stage.pv.nimbus-stage.cg.sky.com/80.238.10.34:80
10:43:44.160 [LittleProxy-ProxyToServerWorker-0] DEBUG o.l.p.impl.ProxyToServerConnection - (AWAITING_INITIAL) [id: 0x65ecad2b, /10.65.140.181:37580 => voucher-manager.stage.pv.nimbus-stage.cg.sky.com/80.238.10.34:80]: Writing: HttpObjectAggregator$AggregatedFullHttpRequest(decodeResult: success, version: HTTP/1.1, content: CompositeByteBuf(ridx: 0, widx: 0, cap: 0, components=0))
GET / HTTP/1.1
Host: voucher-manager.stage.pv.nimbus-stage.cg.sky.com
Accept: text/html,application/xhtml+xml,application/xml;q=0.9,image/webp,*/*;q=0.8
User-Agent: Mozilla/5.0 (X11; Linux x86_64) AppleWebKit/537.36 (KHTML, like Gecko) Chrome/43.0.2357.134 Safari/537.36
Accept-Language: en-GB,en-US;q=0.8,en;q=0.6
Content-Length: 0
Accept-Encoding: gzip, deflate, 
Via: 1.1 localhost.localdomain
10:43:44.162 [LittleProxy-ProxyToServerWorker-0] DEBUG o.l.p.impl.ProxyToServerConnection - (AWAITING_INITIAL) [id: 0x65ecad2b, /10.65.140.181:37580 => voucher-manager.stage.pv.nimbus-stage.cg.sky.com/80.238.10.34:80]: Writing an empty buffer to signal the end of our chunked transfer
10:43:44.162 [LittleProxy-ProxyToServerWorker-0] DEBUG o.l.p.impl.ProxyToServerConnection - (AWAITING_INITIAL) [id: 0x65ecad2b, /10.65.140.181:37580 => voucher-manager.stage.pv.nimbus-stage.cg.sky.com/80.238.10.34:80]: Wrote: HttpObjectAggregator$AggregatedFullHttpRequest(decodeResult: success, version: HTTP/1.1, content: CompositeByteBuf(ridx: 0, widx: 0, cap: 0, components=0))
GET / HTTP/1.1
Host: voucher-manager.stage.pv.nimbus-stage.cg.sky.com
Accept: text/html,application/xhtml+xml,application/xml;q=0.9,image/webp,*/*;q=0.8
User-Agent: Mozilla/5.0 (X11; Linux x86_64) AppleWebKit/537.36 (KHTML, like Gecko) Chrome/43.0.2357.134 Safari/537.36
Accept-Language: en-GB,en-US;q=0.8,en;q=0.6
Content-Length: 0
Accept-Encoding: gzip, deflate, 
Via: 1.1 localhost.localdomain
10:43:44.163 [LittleProxy-ProxyToServerWorker-0] DEBUG o.l.p.impl.ProxyToServerConnection - (AWAITING_INITIAL) [id: 0x65ecad2b, /10.65.140.181:37580 => voucher-manager.stage.pv.nimbus-stage.cg.sky.com/80.238.10.34:80]: Connected
10:43:44.230 [LittleProxy-ProxyToServerWorker-0] DEBUG o.l.p.impl.ProxyToServerConnection - (AWAITING_INITIAL) [id: 0x65ecad2b, /10.65.140.181:37580 => voucher-manager.stage.pv.nimbus-stage.cg.sky.com/80.238.10.34:80]: Remembering the current request.
10:43:44.231 [LittleProxy-ProxyToServerWorker-0] DEBUG o.l.p.impl.ProxyToServerConnection - (AWAITING_INITIAL) [id: 0x65ecad2b, /10.65.140.181:37580 => voucher-manager.stage.pv.nimbus-stage.cg.sky.com/80.238.10.34:80]: Reading: DefaultHttpResponse(decodeResult: success, version: HTTP/1.1)
HTTP/1.1 401 Unauthorized
X-FORWARDED-PROTO: http
Server: nginx
Date: Wed, 29 Jul 2015 09:43:44 GMT
Content-Type: application/json;charset=UTF-8
Transfer-Encoding: chunked
Connection: keep-alive
Keep-Alive: timeout=10
Access-Control-Allow-Credentials: true
X-Content-Type-Options: nosniff
X-XSS-Protection: 1; mode=block
Cache-Control: no-cache, no-store, max-age=0, must-revalidate
Pragma: no-cache
Expires: 0
X-Frame-Options: DENY
WWW-Authenticate: Basic realm="Vouchers manager"
10:43:44.231 [LittleProxy-ProxyToServerWorker-0] DEBUG o.l.p.impl.ProxyToServerConnection - (AWAITING_INITIAL) [id: 0x65ecad2b, /10.65.140.181:37580 => voucher-manager.stage.pv.nimbus-stage.cg.sky.com/80.238.10.34:80]: Received raw response: DefaultHttpResponse(decodeResult: success, version: HTTP/1.1)
HTTP/1.1 401 Unauthorized
X-FORWARDED-PROTO: http
Server: nginx
Date: Wed, 29 Jul 2015 09:43:44 GMT
Content-Type: application/json;charset=UTF-8
Transfer-Encoding: chunked
Connection: keep-alive
Keep-Alive: timeout=10
Access-Control-Allow-Credentials: true
X-Content-Type-Options: nosniff
X-XSS-Protection: 1; mode=block
Cache-Control: no-cache, no-store, max-age=0, must-revalidate
Pragma: no-cache
Expires: 0
X-Frame-Options: DENY
WWW-Authenticate: Basic realm="Vouchers manager"
10:43:44.231 [LittleProxy-ProxyToServerWorker-0] DEBUG o.l.p.impl.ProxyToServerConnection - (AWAITING_INITIAL) [id: 0x65ecad2b, /10.65.140.181:37580 => voucher-manager.stage.pv.nimbus-stage.cg.sky.com/80.238.10.34:80]: Remembering the current response.
10:43:44.232 [LittleProxy-ProxyToServerWorker-0] DEBUG o.l.p.impl.ClientToProxyConnection - (AWAITING_INITIAL) [id: 0x45fbf8a5, /127.0.0.1:48616 => /127.0.1.1:41135]: Writing: DefaultHttpResponse(decodeResult: success, version: HTTP/1.1)
HTTP/1.1 401 Unauthorized
X-FORWARDED-PROTO: http
Server: nginx
Date: Wed, 29 Jul 2015 09:43:44 GMT
Content-Type: application/json;charset=UTF-8
Transfer-Encoding: chunked
Access-Control-Allow-Credentials: true
X-Content-Type-Options: nosniff
X-XSS-Protection: 1; mode=block
Cache-Control: no-cache, no-store, max-age=0, must-revalidate
Pragma: no-cache
Expires: 0
X-Frame-Options: DENY
WWW-Authenticate: Basic realm="Vouchers manager"
Via: 1.1 localhost.localdomain
10:43:44.233 [LittleProxy-ProxyToServerWorker-0] DEBUG o.l.p.impl.ClientToProxyConnection - (AWAITING_INITIAL) [id: 0x45fbf8a5, /127.0.0.1:48616 => /127.0.1.1:41135]: Wrote: DefaultHttpResponse(decodeResult: success, version: HTTP/1.1)
HTTP/1.1 401 Unauthorized
X-FORWARDED-PROTO: http
Server: nginx
Date: Wed, 29 Jul 2015 09:43:44 GMT
Content-Type: application/json;charset=UTF-8
Transfer-Encoding: chunked
Access-Control-Allow-Credentials: true
X-Content-Type-Options: nosniff
X-XSS-Protection: 1; mode=block
Cache-Control: no-cache, no-store, max-age=0, must-revalidate
Pragma: no-cache
Expires: 0
X-Frame-Options: DENY
WWW-Authenticate: Basic realm="Vouchers manager"
Via: 1.1 localhost.localdomain
10:43:44.233 [LittleProxy-ProxyToServerWorker-0] DEBUG o.l.p.impl.ClientToProxyConnection - (AWAITING_INITIAL) [id: 0x45fbf8a5, /127.0.0.1:48616 => /127.0.1.1:41135]: Not closing server connection on middle chunk for /
10:43:44.233 [LittleProxy-ProxyToServerWorker-0] DEBUG o.l.p.impl.ClientToProxyConnection - (AWAITING_INITIAL) [id: 0x45fbf8a5, /127.0.0.1:48616 => /127.0.1.1:41135]: Not closing client connection on middle chunk for /
10:43:44.233 [LittleProxy-ProxyToServerWorker-0] DEBUG o.l.p.impl.ProxyToServerConnection - (AWAITING_CHUNK) [id: 0x65ecad2b, /10.65.140.181:37580 => voucher-manager.stage.pv.nimbus-stage.cg.sky.com/80.238.10.34:80]: Reading: DefaultHttpContent(data: SlicedByteBuf(ridx: 0, widx: 72, cap: 72/72, unwrapped: UnpooledUnsafeDirectByteBuf(ridx: 583, widx: 583, cap: 1024)), decoderResult: success)
10:43:44.233 [LittleProxy-ProxyToServerWorker-0] DEBUG o.l.p.impl.ClientToProxyConnection - (AWAITING_INITIAL) [id: 0x45fbf8a5, /127.0.0.1:48616 => /127.0.1.1:41135]: Retaining reference counted message
10:43:44.233 [LittleProxy-ProxyToServerWorker-0] DEBUG o.l.p.impl.ClientToProxyConnection - (AWAITING_INITIAL) [id: 0x45fbf8a5, /127.0.0.1:48616 => /127.0.1.1:41135]: Writing: DefaultHttpContent(data: SlicedByteBuf(ridx: 0, widx: 72, cap: 72/72, unwrapped: UnpooledUnsafeDirectByteBuf(ridx: 583, widx: 583, cap: 1024)), decoderResult: success)
10:43:44.233 [LittleProxy-ProxyToServerWorker-0] DEBUG o.l.p.impl.ClientToProxyConnection - (AWAITING_INITIAL) [id: 0x45fbf8a5, /127.0.0.1:48616 => /127.0.1.1:41135]: Wrote: DefaultHttpContent(data: SlicedByteBuf(ridx: 0, widx: 72, cap: 72/72, unwrapped: UnpooledUnsafeDirectByteBuf(ridx: 583, widx: 583, cap: 1024)), decoderResult: success)
10:43:44.233 [LittleProxy-ProxyToServerWorker-0] DEBUG o.l.p.impl.ClientToProxyConnection - (AWAITING_INITIAL) [id: 0x45fbf8a5, /127.0.0.1:48616 => /127.0.1.1:41135]: Not closing server connection on middle chunk for /
10:43:44.233 [LittleProxy-ProxyToServerWorker-0] DEBUG o.l.p.impl.ClientToProxyConnection - (AWAITING_INITIAL) [id: 0x45fbf8a5, /127.0.0.1:48616 => /127.0.1.1:41135]: Not closing client connection on middle chunk for /
10:43:44.233 [LittleProxy-ProxyToServerWorker-0] DEBUG o.l.p.impl.ProxyToServerConnection - (AWAITING_CHUNK) [id: 0x65ecad2b, /10.65.140.181:37580 => voucher-manager.stage.pv.nimbus-stage.cg.sky.com/80.238.10.34:80]: Reading: EmptyLastHttpContent
10:43:44.233 [LittleProxy-ProxyToServerWorker-0] DEBUG o.l.p.impl.ClientToProxyConnection - (AWAITING_INITIAL) [id: 0x45fbf8a5, /127.0.0.1:48616 => /127.0.1.1:41135]: Retaining reference counted message
10:43:44.233 [LittleProxy-ProxyToServerWorker-0] DEBUG o.l.p.impl.ClientToProxyConnection - (AWAITING_INITIAL) [id: 0x45fbf8a5, /127.0.0.1:48616 => /127.0.1.1:41135]: Writing: EmptyLastHttpContent
10:43:44.234 [LittleProxy-ProxyToServerWorker-0] DEBUG o.l.p.impl.ClientToProxyConnection - (AWAITING_INITIAL) [id: 0x45fbf8a5, /127.0.0.1:48616 => /127.0.1.1:41135]: Writing an empty buffer to signal the end of our chunked transfer
10:43:44.234 [LittleProxy-ProxyToServerWorker-0] DEBUG o.l.p.impl.ClientToProxyConnection - (AWAITING_INITIAL) [id: 0x45fbf8a5, /127.0.0.1:48616 => /127.0.1.1:41135]: Wrote: EmptyLastHttpContent
10:43:44.234 [LittleProxy-ProxyToServerWorker-0] DEBUG o.l.p.impl.ClientToProxyConnection - (AWAITING_INITIAL) [id: 0x45fbf8a5, /127.0.0.1:48616 => /127.0.1.1:41135]: Retaining reference counted message
10:43:44.234 [LittleProxy-ProxyToServerWorker-0] DEBUG o.l.p.impl.ClientToProxyConnection - (AWAITING_INITIAL) [id: 0x45fbf8a5, /127.0.0.1:48616 => /127.0.1.1:41135]: Writing: EmptyByteBufBE
10:43:44.234 [LittleProxy-ProxyToServerWorker-0] DEBUG o.l.p.impl.ClientToProxyConnection - (AWAITING_INITIAL) [id: 0x45fbf8a5, /127.0.0.1:48616 => /127.0.1.1:41135]: Wrote: EmptyByteBufBE
10:43:44.234 [LittleProxy-ProxyToServerWorker-0] DEBUG o.l.p.impl.ClientToProxyConnection - (AWAITING_INITIAL) [id: 0x45fbf8a5, /127.0.0.1:48616 => /127.0.1.1:41135]: Handling last chunk. Using normal server connection closing rules.
10:43:44.235 [LittleProxy-ProxyToServerWorker-0] DEBUG o.l.p.impl.ClientToProxyConnection - (AWAITING_INITIAL) [id: 0x45fbf8a5, /127.0.0.1:48616 => /127.0.1.1:41135]: Not closing server connection for response: DefaultHttpResponse(decodeResult: success, version: HTTP/1.1)
HTTP/1.1 401 Unauthorized
X-FORWARDED-PROTO: http
Server: nginx
Date: Wed, 29 Jul 2015 09:43:44 GMT
Content-Type: application/json;charset=UTF-8
Transfer-Encoding: chunked
Connection: keep-alive
Keep-Alive: timeout=10
Access-Control-Allow-Credentials: true
X-Content-Type-Options: nosniff
X-XSS-Protection: 1; mode=block
Cache-Control: no-cache, no-store, max-age=0, must-revalidate
Pragma: no-cache
Expires: 0
X-Frame-Options: DENY
WWW-Authenticate: Basic realm="Vouchers manager"
10:43:44.235 [LittleProxy-ProxyToServerWorker-0] DEBUG o.l.p.impl.ClientToProxyConnection - (AWAITING_INITIAL) [id: 0x45fbf8a5, /127.0.0.1:48616 => /127.0.1.1:41135]: Handling last chunk. Using normal client connection closing rules.
10:43:44.235 [LittleProxy-ProxyToServerWorker-0] DEBUG o.l.p.impl.ClientToProxyConnection - (AWAITING_INITIAL) [id: 0x45fbf8a5, /127.0.0.1:48616 => /127.0.1.1:41135]: Not closing client connection for request: HttpObjectAggregator$AggregatedFullHttpRequest(decodeResult: success, version: HTTP/1.1, content: CompositeByteBuf(ridx: 0, widx: 0, cap: 0, components=0))
GET / HTTP/1.1
Host: voucher-manager.stage.pv.nimbus-stage.cg.sky.com
Accept: text/html,application/xhtml+xml,application/xml;q=0.9,image/webp,*/*;q=0.8
User-Agent: Mozilla/5.0 (X11; Linux x86_64) AppleWebKit/537.36 (KHTML, like Gecko) Chrome/43.0.2357.134 Safari/537.36
Accept-Language: en-GB,en-US;q=0.8,en;q=0.6
Content-Length: 0
Accept-Encoding: gzip, deflate, 
Via: 1.1 localhost.localdomain
10:43:44.237 [LittleProxy-ClientToProxyWorker-0] DEBUG o.l.p.impl.ClientToProxyConnection - (AWAITING_INITIAL) [id: 0x45fbf8a5, /127.0.0.1:48616 => /127.0.1.1:41135]: Reading: HttpObjectAggregator$AggregatedFullHttpRequest(decodeResult: success, version: HTTP/1.1, content: CompositeByteBuf(ridx: 0, widx: 0, cap: 0, components=0))
GET http://voucher-manager.stage.pv.nimbus-stage.cg.sky.com/ HTTP/1.1
Host: voucher-manager.stage.pv.nimbus-stage.cg.sky.com
Proxy-Connection: keep-alive
Authorization: Basic YWRtaW46cGFzcw==
Accept: text/html,application/xhtml+xml,application/xml;q=0.9,image/webp,*/*;q=0.8
User-Agent: Mozilla/5.0 (X11; Linux x86_64) AppleWebKit/537.36 (KHTML, like Gecko) Chrome/43.0.2357.134 Safari/537.36
Accept-Encoding: gzip, deflate, sdch
Accept-Language: en-GB,en-US;q=0.8,en;q=0.6
Content-Length: 0
10:43:44.237 [LittleProxy-ClientToProxyWorker-0] DEBUG o.l.p.impl.ClientToProxyConnection - (AWAITING_INITIAL) [id: 0x45fbf8a5, /127.0.0.1:48616 => /127.0.1.1:41135]: Got request: HttpObjectAggregator$AggregatedFullHttpRequest(decodeResult: success, version: HTTP/1.1, content: CompositeByteBuf(ridx: 0, widx: 0, cap: 0, components=0))
GET http://voucher-manager.stage.pv.nimbus-stage.cg.sky.com/ HTTP/1.1
Host: voucher-manager.stage.pv.nimbus-stage.cg.sky.com
Proxy-Connection: keep-alive
Authorization: Basic YWRtaW46cGFzcw==
Accept: text/html,application/xhtml+xml,application/xml;q=0.9,image/webp,*/*;q=0.8
User-Agent: Mozilla/5.0 (X11; Linux x86_64) AppleWebKit/537.36 (KHTML, like Gecko) Chrome/43.0.2357.134 Safari/537.36
Accept-Encoding: gzip, deflate, sdch
Accept-Language: en-GB,en-US;q=0.8,en;q=0.6
Content-Length: 0
10:43:44.238 [LittleProxy-ClientToProxyWorker-0] DEBUG o.l.p.impl.ClientToProxyConnection - (AWAITING_INITIAL) [id: 0x45fbf8a5, /127.0.0.1:48616 => /127.0.1.1:41135]: Ensuring that hostAndPort are available in http://voucher-manager.stage.pv.nimbus-stage.cg.sky.com/
10:43:44.238 [LittleProxy-ClientToProxyWorker-0] DEBUG o.l.p.impl.ClientToProxyConnection - (AWAITING_INITIAL) [id: 0x45fbf8a5, /127.0.0.1:48616 => /127.0.1.1:41135]: Finding ProxyToServerConnection for: voucher-manager.stage.pv.nimbus-stage.cg.sky.com
10:43:44.238 [LittleProxy-ClientToProxyWorker-0] DEBUG o.l.p.impl.ClientToProxyConnection - (AWAITING_INITIAL) [id: 0x45fbf8a5, /127.0.0.1:48616 => /127.0.1.1:41135]: Reusing existing server connection: org.littleshoot.proxy.impl.ProxyToServerConnection@5e55e224
10:43:44.238 [LittleProxy-ClientToProxyWorker-0] DEBUG o.l.p.impl.ClientToProxyConnection - (AWAITING_INITIAL) [id: 0x45fbf8a5, /127.0.0.1:48616 => /127.0.1.1:41135]: Modifying request headers for proxying
10:43:44.238 [LittleProxy-ClientToProxyWorker-0] DEBUG o.l.p.impl.ClientToProxyConnection - (AWAITING_INITIAL) [id: 0x45fbf8a5, /127.0.0.1:48616 => /127.0.1.1:41135]: Modifying request for proxy chaining
10:43:44.238 [LittleProxy-ClientToProxyWorker-0] DEBUG o.l.p.impl.ClientToProxyConnection - (AWAITING_INITIAL) [id: 0x45fbf8a5, /127.0.0.1:48616 => /127.0.1.1:41135]: Stripped host from uri: http://voucher-manager.stage.pv.nimbus-stage.cg.sky.com/    yielding: /
10:43:44.238 [LittleProxy-ClientToProxyWorker-0] DEBUG o.l.p.impl.ClientToProxyConnection - (AWAITING_INITIAL) [id: 0x45fbf8a5, /127.0.0.1:48616 => /127.0.1.1:41135]: Removed sdch and inserted: gzip, deflate, 
10:43:44.238 [LittleProxy-ClientToProxyWorker-0] DEBUG o.l.p.impl.ClientToProxyConnection - (AWAITING_INITIAL) [id: 0x45fbf8a5, /127.0.0.1:48616 => /127.0.1.1:41135]: Writing request to ProxyToServerConnection
10:43:44.238 [LittleProxy-ClientToProxyWorker-0] DEBUG o.l.p.impl.ProxyToServerConnection - (AWAITING_INITIAL) [id: 0x65ecad2b, /10.65.140.181:37580 => voucher-manager.stage.pv.nimbus-stage.cg.sky.com/80.238.10.34:80]: Requested write of HttpObjectAggregator$AggregatedFullHttpRequest(decodeResult: success, version: HTTP/1.1, content: CompositeByteBuf(ridx: 0, widx: 0, cap: 0, components=0))
GET / HTTP/1.1
Host: voucher-manager.stage.pv.nimbus-stage.cg.sky.com
Authorization: Basic YWRtaW46cGFzcw==
Accept: text/html,application/xhtml+xml,application/xml;q=0.9,image/webp,*/*;q=0.8
User-Agent: Mozilla/5.0 (X11; Linux x86_64) AppleWebKit/537.36 (KHTML, like Gecko) Chrome/43.0.2357.134 Safari/537.36
Accept-Language: en-GB,en-US;q=0.8,en;q=0.6
Content-Length: 0
Accept-Encoding: gzip, deflate, 
Via: 1.1 localhost.localdomain
10:43:44.238 [LittleProxy-ClientToProxyWorker-0] DEBUG o.l.p.impl.ProxyToServerConnection - (AWAITING_INITIAL) [id: 0x65ecad2b, /10.65.140.181:37580 => voucher-manager.stage.pv.nimbus-stage.cg.sky.com/80.238.10.34:80]: Retaining reference counted message
10:43:44.239 [LittleProxy-ClientToProxyWorker-0] DEBUG o.l.p.impl.ProxyToServerConnection - (AWAITING_INITIAL) [id: 0x65ecad2b, /10.65.140.181:37580 => voucher-manager.stage.pv.nimbus-stage.cg.sky.com/80.238.10.34:80]: Using existing connection to: voucher-manager.stage.pv.nimbus-stage.cg.sky.com/80.238.10.34:80
10:43:44.239 [LittleProxy-ClientToProxyWorker-0] DEBUG o.l.p.impl.ProxyToServerConnection - (AWAITING_INITIAL) [id: 0x65ecad2b, /10.65.140.181:37580 => voucher-manager.stage.pv.nimbus-stage.cg.sky.com/80.238.10.34:80]: Writing: HttpObjectAggregator$AggregatedFullHttpRequest(decodeResult: success, version: HTTP/1.1, content: CompositeByteBuf(ridx: 0, widx: 0, cap: 0, components=0))
GET / HTTP/1.1
Host: voucher-manager.stage.pv.nimbus-stage.cg.sky.com
Authorization: Basic YWRtaW46cGFzcw==
Accept: text/html,application/xhtml+xml,application/xml;q=0.9,image/webp,*/*;q=0.8
User-Agent: Mozilla/5.0 (X11; Linux x86_64) AppleWebKit/537.36 (KHTML, like Gecko) Chrome/43.0.2357.134 Safari/537.36
Accept-Language: en-GB,en-US;q=0.8,en;q=0.6
Content-Length: 0
Accept-Encoding: gzip, deflate, 
Via: 1.1 localhost.localdomain
10:43:44.239 [LittleProxy-ClientToProxyWorker-0] DEBUG o.l.p.impl.ProxyToServerConnection - (AWAITING_INITIAL) [id: 0x65ecad2b, /10.65.140.181:37580 => voucher-manager.stage.pv.nimbus-stage.cg.sky.com/80.238.10.34:80]: Writing an empty buffer to signal the end of our chunked transfer
10:43:44.239 [LittleProxy-ClientToProxyWorker-0] DEBUG o.l.p.impl.ProxyToServerConnection - (AWAITING_INITIAL) [id: 0x65ecad2b, /10.65.140.181:37580 => voucher-manager.stage.pv.nimbus-stage.cg.sky.com/80.238.10.34:80]: Wrote: HttpObjectAggregator$AggregatedFullHttpRequest(decodeResult: success, version: HTTP/1.1, content: CompositeByteBuf(ridx: 0, widx: 0, cap: 0, components=0))
GET / HTTP/1.1
Host: voucher-manager.stage.pv.nimbus-stage.cg.sky.com
Authorization: Basic YWRtaW46cGFzcw==
Accept: text/html,application/xhtml+xml,application/xml;q=0.9,image/webp,*/*;q=0.8
User-Agent: Mozilla/5.0 (X11; Linux x86_64) AppleWebKit/537.36 (KHTML, like Gecko) Chrome/43.0.2357.134 Safari/537.36
Accept-Language: en-GB,en-US;q=0.8,en;q=0.6
Content-Length: 0
Accept-Encoding: gzip, deflate, 
Via: 1.1 localhost.localdomain
10:43:44.320 [LittleProxy-ProxyToServerWorker-0] DEBUG o.l.p.impl.ProxyToServerConnection - (AWAITING_INITIAL) [id: 0x65ecad2b, /10.65.140.181:37580 => voucher-manager.stage.pv.nimbus-stage.cg.sky.com/80.238.10.34:80]: Remembering the current request.
10:43:44.320 [LittleProxy-ProxyToServerWorker-0] DEBUG o.l.p.impl.ProxyToServerConnection - (AWAITING_INITIAL) [id: 0x65ecad2b, /10.65.140.181:37580 => voucher-manager.stage.pv.nimbus-stage.cg.sky.com/80.238.10.34:80]: Reading: DefaultHttpResponse(decodeResult: success, version: HTTP/1.1)
HTTP/1.1 200 OK
X-FORWARDED-PROTO: http
Server: nginx
Date: Wed, 29 Jul 2015 09:43:44 GMT
Content-Type: application/json;charset=UTF-8
Transfer-Encoding: chunked
Connection: keep-alive
Keep-Alive: timeout=10
Access-Control-Allow-Credentials: true
X-Content-Type-Options: nosniff
X-XSS-Protection: 1; mode=block
Cache-Control: no-cache, no-store, max-age=0, must-revalidate
Pragma: no-cache
Expires: 0
X-Frame-Options: DENY
X-Application-Context: pv__voucher-manager__stage__v0_1_0_972:stage-cloud:2
10:43:44.321 [LittleProxy-ProxyToServerWorker-0] DEBUG o.l.p.impl.ProxyToServerConnection - (AWAITING_INITIAL) [id: 0x65ecad2b, /10.65.140.181:37580 => voucher-manager.stage.pv.nimbus-stage.cg.sky.com/80.238.10.34:80]: Received raw response: DefaultHttpResponse(decodeResult: success, version: HTTP/1.1)
HTTP/1.1 200 OK
X-FORWARDED-PROTO: http
Server: nginx
Date: Wed, 29 Jul 2015 09:43:44 GMT
Content-Type: application/json;charset=UTF-8
Transfer-Encoding: chunked
Connection: keep-alive
Keep-Alive: timeout=10
Access-Control-Allow-Credentials: true
X-Content-Type-Options: nosniff
X-XSS-Protection: 1; mode=block
Cache-Control: no-cache, no-store, max-age=0, must-revalidate
Pragma: no-cache
Expires: 0
X-Frame-Options: DENY
X-Application-Context: pv__voucher-manager__stage__v0_1_0_972:stage-cloud:2
10:43:44.321 [LittleProxy-ProxyToServerWorker-0] DEBUG o.l.p.impl.ProxyToServerConnection - (AWAITING_INITIAL) [id: 0x65ecad2b, /10.65.140.181:37580 => voucher-manager.stage.pv.nimbus-stage.cg.sky.com/80.238.10.34:80]: Remembering the current response.
10:43:44.321 [LittleProxy-ProxyToServerWorker-0] DEBUG o.l.p.impl.ClientToProxyConnection - (AWAITING_INITIAL) [id: 0x45fbf8a5, /127.0.0.1:48616 => /127.0.1.1:41135]: Writing: DefaultHttpResponse(decodeResult: success, version: HTTP/1.1)
HTTP/1.1 200 OK
X-FORWARDED-PROTO: http
Server: nginx
Date: Wed, 29 Jul 2015 09:43:44 GMT
Content-Type: application/json;charset=UTF-8
Transfer-Encoding: chunked
Access-Control-Allow-Credentials: true
X-Content-Type-Options: nosniff
X-XSS-Protection: 1; mode=block
Cache-Control: no-cache, no-store, max-age=0, must-revalidate
Pragma: no-cache
Expires: 0
X-Frame-Options: DENY
X-Application-Context: pv__voucher-manager__stage__v0_1_0_972:stage-cloud:2
Via: 1.1 localhost.localdomain
10:43:44.322 [LittleProxy-ProxyToServerWorker-0] DEBUG o.l.p.impl.ClientToProxyConnection - (AWAITING_INITIAL) [id: 0x45fbf8a5, /127.0.0.1:48616 => /127.0.1.1:41135]: Wrote: DefaultHttpResponse(decodeResult: success, version: HTTP/1.1)
HTTP/1.1 200 OK
X-FORWARDED-PROTO: http
Server: nginx
Date: Wed, 29 Jul 2015 09:43:44 GMT
Content-Type: application/json;charset=UTF-8
Transfer-Encoding: chunked
Access-Control-Allow-Credentials: true
X-Content-Type-Options: nosniff
X-XSS-Protection: 1; mode=block
Cache-Control: no-cache, no-store, max-age=0, must-revalidate
Pragma: no-cache
Expires: 0
X-Frame-Options: DENY
X-Application-Context: pv__voucher-manager__stage__v0_1_0_972:stage-cloud:2
Via: 1.1 localhost.localdomain
10:43:44.322 [LittleProxy-ProxyToServerWorker-0] DEBUG o.l.p.impl.ClientToProxyConnection - (AWAITING_INITIAL) [id: 0x45fbf8a5, /127.0.0.1:48616 => /127.0.1.1:41135]: Not closing server connection on middle chunk for /
10:43:44.322 [LittleProxy-ProxyToServerWorker-0] DEBUG o.l.p.impl.ClientToProxyConnection - (AWAITING_INITIAL) [id: 0x45fbf8a5, /127.0.0.1:48616 => /127.0.1.1:41135]: Not closing client connection on middle chunk for /
10:43:44.322 [LittleProxy-ProxyToServerWorker-0] DEBUG o.l.p.impl.ProxyToServerConnection - (AWAITING_CHUNK) [id: 0x65ecad2b, /10.65.140.181:37580 => voucher-manager.stage.pv.nimbus-stage.cg.sky.com/80.238.10.34:80]: Reading: DefaultHttpContent(data: SlicedByteBuf(ridx: 0, widx: 502, cap: 502/502, unwrapped: UnpooledUnsafeDirectByteBuf(ridx: 1024, widx: 1024, cap: 1024)), decoderResult: success)
10:43:44.322 [LittleProxy-ProxyToServerWorker-0] DEBUG o.l.p.impl.ClientToProxyConnection - (AWAITING_INITIAL) [id: 0x45fbf8a5, /127.0.0.1:48616 => /127.0.1.1:41135]: Retaining reference counted message
10:43:44.322 [LittleProxy-ProxyToServerWorker-0] DEBUG o.l.p.impl.ClientToProxyConnection - (AWAITING_INITIAL) [id: 0x45fbf8a5, /127.0.0.1:48616 => /127.0.1.1:41135]: Writing: DefaultHttpContent(data: SlicedByteBuf(ridx: 0, widx: 502, cap: 502/502, unwrapped: UnpooledUnsafeDirectByteBuf(ridx: 1024, widx: 1024, cap: 1024)), decoderResult: success)
10:43:44.322 [LittleProxy-ProxyToServerWorker-0] DEBUG o.l.p.impl.ClientToProxyConnection - (AWAITING_INITIAL) [id: 0x45fbf8a5, /127.0.0.1:48616 => /127.0.1.1:41135]: Wrote: DefaultHttpContent(data: SlicedByteBuf(ridx: 0, widx: 502, cap: 502/502, unwrapped: UnpooledUnsafeDirectByteBuf(ridx: 1024, widx: 1024, cap: 1024)), decoderResult: success)
10:43:44.322 [LittleProxy-ProxyToServerWorker-0] DEBUG o.l.p.impl.ClientToProxyConnection - (AWAITING_INITIAL) [id: 0x45fbf8a5, /127.0.0.1:48616 => /127.0.1.1:41135]: Not closing server connection on middle chunk for /
10:43:44.322 [LittleProxy-ProxyToServerWorker-0] DEBUG o.l.p.impl.ClientToProxyConnection - (AWAITING_INITIAL) [id: 0x45fbf8a5, /127.0.0.1:48616 => /127.0.1.1:41135]: Not closing client connection on middle chunk for /
10:43:44.323 [LittleProxy-ProxyToServerWorker-0] DEBUG o.l.p.impl.ProxyToServerConnection - (AWAITING_CHUNK) [id: 0x65ecad2b, /10.65.140.181:37580 => voucher-manager.stage.pv.nimbus-stage.cg.sky.com/80.238.10.34:80]: Reading: DefaultHttpContent(data: SlicedByteBuf(ridx: 0, widx: 279, cap: 279/279, unwrapped: UnpooledUnsafeDirectByteBuf(ridx: 286, widx: 286, cap: 1024)), decoderResult: success)
10:43:44.323 [LittleProxy-ProxyToServerWorker-0] DEBUG o.l.p.impl.ClientToProxyConnection - (AWAITING_INITIAL) [id: 0x45fbf8a5, /127.0.0.1:48616 => /127.0.1.1:41135]: Retaining reference counted message
10:43:44.323 [LittleProxy-ProxyToServerWorker-0] DEBUG o.l.p.impl.ClientToProxyConnection - (AWAITING_INITIAL) [id: 0x45fbf8a5, /127.0.0.1:48616 => /127.0.1.1:41135]: Writing: DefaultHttpContent(data: SlicedByteBuf(ridx: 0, widx: 279, cap: 279/279, unwrapped: UnpooledUnsafeDirectByteBuf(ridx: 286, widx: 286, cap: 1024)), decoderResult: success)
10:43:44.323 [LittleProxy-ProxyToServerWorker-0] DEBUG o.l.p.impl.ClientToProxyConnection - (AWAITING_INITIAL) [id: 0x45fbf8a5, /127.0.0.1:48616 => /127.0.1.1:41135]: Wrote: DefaultHttpContent(data: SlicedByteBuf(ridx: 0, widx: 279, cap: 279/279, unwrapped: UnpooledUnsafeDirectByteBuf(ridx: 286, widx: 286, cap: 1024)), decoderResult: success)
10:43:44.323 [LittleProxy-ProxyToServerWorker-0] DEBUG o.l.p.impl.ClientToProxyConnection - (AWAITING_INITIAL) [id: 0x45fbf8a5, /127.0.0.1:48616 => /127.0.1.1:41135]: Not closing server connection on middle chunk for /
10:43:44.323 [LittleProxy-ProxyToServerWorker-0] DEBUG o.l.p.impl.ClientToProxyConnection - (AWAITING_INITIAL) [id: 0x45fbf8a5, /127.0.0.1:48616 => /127.0.1.1:41135]: Not closing client connection on middle chunk for /
10:43:44.323 [LittleProxy-ProxyToServerWorker-0] DEBUG o.l.p.impl.ProxyToServerConnection - (AWAITING_CHUNK) [id: 0x65ecad2b, /10.65.140.181:37580 => voucher-manager.stage.pv.nimbus-stage.cg.sky.com/80.238.10.34:80]: Reading: EmptyLastHttpContent
10:43:44.323 [LittleProxy-ProxyToServerWorker-0] DEBUG o.l.p.impl.ClientToProxyConnection - (AWAITING_INITIAL) [id: 0x45fbf8a5, /127.0.0.1:48616 => /127.0.1.1:41135]: Retaining reference counted message
10:43:44.323 [LittleProxy-ProxyToServerWorker-0] DEBUG o.l.p.impl.ClientToProxyConnection - (AWAITING_INITIAL) [id: 0x45fbf8a5, /127.0.0.1:48616 => /127.0.1.1:41135]: Writing: EmptyLastHttpContent
10:43:44.323 [LittleProxy-ProxyToServerWorker-0] DEBUG o.l.p.impl.ClientToProxyConnection - (AWAITING_INITIAL) [id: 0x45fbf8a5, /127.0.0.1:48616 => /127.0.1.1:41135]: Writing an empty buffer to signal the end of our chunked transfer
10:43:44.323 [LittleProxy-ProxyToServerWorker-0] DEBUG o.l.p.impl.ClientToProxyConnection - (AWAITING_INITIAL) [id: 0x45fbf8a5, /127.0.0.1:48616 => /127.0.1.1:41135]: Wrote: EmptyLastHttpContent
10:43:44.324 [LittleProxy-ProxyToServerWorker-0] DEBUG o.l.p.impl.ClientToProxyConnection - (AWAITING_INITIAL) [id: 0x45fbf8a5, /127.0.0.1:48616 => /127.0.1.1:41135]: Retaining reference counted message
10:43:44.324 [LittleProxy-ProxyToServerWorker-0] DEBUG o.l.p.impl.ClientToProxyConnection - (AWAITING_INITIAL) [id: 0x45fbf8a5, /127.0.0.1:48616 => /127.0.1.1:41135]: Writing: EmptyByteBufBE
10:43:44.324 [LittleProxy-ProxyToServerWorker-0] DEBUG o.l.p.impl.ClientToProxyConnection - (AWAITING_INITIAL) [id: 0x45fbf8a5, /127.0.0.1:48616 => /127.0.1.1:41135]: Wrote: EmptyByteBufBE
10:43:44.324 [LittleProxy-ProxyToServerWorker-0] DEBUG o.l.p.impl.ClientToProxyConnection - (AWAITING_INITIAL) [id: 0x45fbf8a5, /127.0.0.1:48616 => /127.0.1.1:41135]: Handling last chunk. Using normal server connection closing rules.
10:43:44.324 [LittleProxy-ProxyToServerWorker-0] DEBUG o.l.p.impl.ClientToProxyConnection - (AWAITING_INITIAL) [id: 0x45fbf8a5, /127.0.0.1:48616 => /127.0.1.1:41135]: Not closing server connection for response: DefaultHttpResponse(decodeResult: success, version: HTTP/1.1)
HTTP/1.1 200 OK
X-FORWARDED-PROTO: http
Server: nginx
Date: Wed, 29 Jul 2015 09:43:44 GMT
Content-Type: application/json;charset=UTF-8
Transfer-Encoding: chunked
Connection: keep-alive
Keep-Alive: timeout=10
Access-Control-Allow-Credentials: true
X-Content-Type-Options: nosniff
X-XSS-Protection: 1; mode=block
Cache-Control: no-cache, no-store, max-age=0, must-revalidate
Pragma: no-cache
Expires: 0
X-Frame-Options: DENY
X-Application-Context: pv__voucher-manager__stage__v0_1_0_972:stage-cloud:2
10:43:44.324 [LittleProxy-ProxyToServerWorker-0] DEBUG o.l.p.impl.ClientToProxyConnection - (AWAITING_INITIAL) [id: 0x45fbf8a5, /127.0.0.1:48616 => /127.0.1.1:41135]: Handling last chunk. Using normal client connection closing rules.
10:43:44.330 [LittleProxy-ProxyToServerWorker-0] DEBUG o.l.p.impl.ClientToProxyConnection - (AWAITING_INITIAL) [id: 0x45fbf8a5, /127.0.0.1:48616 => /127.0.1.1:41135]: Not closing client connection for request: [FAILED toString()]
10:43:44.336 [Forwarding get on session 5e9977749cf8e028abefff19f425d7c0 to remote] DEBUG org.apache.http.wire - http-outgoing-3 << "HTTP/1.1 200 OK[\r][\n]"
10:43:44.337 [Forwarding get on session 5e9977749cf8e028abefff19f425d7c0 to remote] DEBUG org.apache.http.wire - http-outgoing-3 << "Content-Length:72[\r][\n]"
10:43:44.337 [Forwarding get on session 5e9977749cf8e028abefff19f425d7c0 to remote] DEBUG org.apache.http.wire - http-outgoing-3 << "Content-Type:application/json; charset=utf-8[\r][\n]"
10:43:44.337 [Forwarding get on session 5e9977749cf8e028abefff19f425d7c0 to remote] DEBUG org.apache.http.wire - http-outgoing-3 << "Connection:close[\r][\n]"
10:43:44.337 [Forwarding get on session 5e9977749cf8e028abefff19f425d7c0 to remote] DEBUG org.apache.http.wire - http-outgoing-3 << "[\r][\n]"
10:43:44.337 [Forwarding get on session 5e9977749cf8e028abefff19f425d7c0 to remote] DEBUG org.apache.http.wire - http-outgoing-3 << "{"sessionId":"5e9977749cf8e028abefff19f425d7c0","status":0,"value":null}"
10:43:44.337 [LittleProxy-ClientToProxyWorker-0] DEBUG o.l.p.impl.ClientToProxyConnection - (AWAITING_INITIAL) [id: 0x45fbf8a5, /127.0.0.1:48616 => /127.0.1.1:41135]: Reading: HttpObjectAggregator$AggregatedFullHttpRequest(decodeResult: success, version: HTTP/1.1, content: CompositeByteBuf(ridx: 0, widx: 0, cap: 0, components=0))
GET http://voucher-manager.stage.pv.nimbus-stage.cg.sky.com/favicon.ico HTTP/1.1
Host: voucher-manager.stage.pv.nimbus-stage.cg.sky.com
Proxy-Connection: keep-alive
Authorization: Basic YWRtaW46cGFzcw==
User-Agent: Mozilla/5.0 (X11; Linux x86_64) AppleWebKit/537.36 (KHTML, like Gecko) Chrome/43.0.2357.134 Safari/537.36
Accept: */*
Referer: http://voucher-manager.stage.pv.nimbus-stage.cg.sky.com/
Accept-Encoding: gzip, deflate, sdch
Accept-Language: en-GB,en-US;q=0.8,en;q=0.6
Content-Length: 0
10:43:44.337 [Forwarding get on session 5e9977749cf8e028abefff19f425d7c0 to remote] DEBUG org.apache.http.headers - http-outgoing-3 << HTTP/1.1 200 OK
10:43:44.337 [LittleProxy-ClientToProxyWorker-0] DEBUG o.l.p.impl.ClientToProxyConnection - (AWAITING_INITIAL) [id: 0x45fbf8a5, /127.0.0.1:48616 => /127.0.1.1:41135]: Got request: HttpObjectAggregator$AggregatedFullHttpRequest(decodeResult: success, version: HTTP/1.1, content: CompositeByteBuf(ridx: 0, widx: 0, cap: 0, components=0))
GET http://voucher-manager.stage.pv.nimbus-stage.cg.sky.com/favicon.ico HTTP/1.1
Host: voucher-manager.stage.pv.nimbus-stage.cg.sky.com
Proxy-Connection: keep-alive
Authorization: Basic YWRtaW46cGFzcw==
User-Agent: Mozilla/5.0 (X11; Linux x86_64) AppleWebKit/537.36 (KHTML, like Gecko) Chrome/43.0.2357.134 Safari/537.36
Accept: */*
Referer: http://voucher-manager.stage.pv.nimbus-stage.cg.sky.com/
Accept-Encoding: gzip, deflate, sdch
Accept-Language: en-GB,en-US;q=0.8,en;q=0.6
Content-Length: 0
10:43:44.337 [Forwarding get on session 5e9977749cf8e028abefff19f425d7c0 to remote] DEBUG org.apache.http.headers - http-outgoing-3 << Content-Length:72
10:43:44.337 [Forwarding get on session 5e9977749cf8e028abefff19f425d7c0 to remote] DEBUG org.apache.http.headers - http-outgoing-3 << Content-Type:application/json; charset=utf-8
10:43:44.337 [Forwarding get on session 5e9977749cf8e028abefff19f425d7c0 to remote] DEBUG org.apache.http.headers - http-outgoing-3 << Connection:close
10:43:44.338 [Forwarding get on session 5e9977749cf8e028abefff19f425d7c0 to remote] DEBUG o.a.h.i.c.DefaultManagedHttpClientConnection - http-outgoing-3: Shutdown connection
10:43:44.338 [Forwarding get on session 5e9977749cf8e028abefff19f425d7c0 to remote] DEBUG o.a.h.impl.execchain.MainClientExec - Connection discarded
10:43:44.338 [Forwarding get on session 5e9977749cf8e028abefff19f425d7c0 to remote] DEBUG o.a.h.i.c.DefaultManagedHttpClientConnection - http-outgoing-3: Close connection
10:43:44.338 [Forwarding get on session 5e9977749cf8e028abefff19f425d7c0 to remote] DEBUG o.a.h.i.c.PoolingHttpClientConnectionManager - Connection released: [id: 3][route: {}->http://localhost:13906][total kept alive: 0; route allocated: 0 of 2000; total allocated: 0 of 2000]
10:43:44.343 [LittleProxy-ClientToProxyWorker-0] DEBUG o.l.p.impl.ClientToProxyConnection - (AWAITING_INITIAL) [id: 0x45fbf8a5, /127.0.0.1:48616 => /127.0.1.1:41135]: Ensuring that hostAndPort are available in http://voucher-manager.stage.pv.nimbus-stage.cg.sky.com/favicon.ico
10:43:44.344 [LittleProxy-ClientToProxyWorker-0] DEBUG o.l.p.impl.ClientToProxyConnection - (AWAITING_INITIAL) [id: 0x45fbf8a5, /127.0.0.1:48616 => /127.0.1.1:41135]: Finding ProxyToServerConnection for: voucher-manager.stage.pv.nimbus-stage.cg.sky.com
10:43:44.344 [LittleProxy-ClientToProxyWorker-0] DEBUG o.l.p.impl.ClientToProxyConnection - (AWAITING_INITIAL) [id: 0x45fbf8a5, /127.0.0.1:48616 => /127.0.1.1:41135]: Reusing existing server connection: org.littleshoot.proxy.impl.ProxyToServerConnection@5e55e224
10:43:44.344 [LittleProxy-ClientToProxyWorker-0] DEBUG o.l.p.impl.ClientToProxyConnection - (AWAITING_INITIAL) [id: 0x45fbf8a5, /127.0.0.1:48616 => /127.0.1.1:41135]: Modifying request headers for proxying
10:43:44.344 [LittleProxy-ClientToProxyWorker-0] DEBUG o.l.p.impl.ClientToProxyConnection - (AWAITING_INITIAL) [id: 0x45fbf8a5, /127.0.0.1:48616 => /127.0.1.1:41135]: Modifying request for proxy chaining
10:43:44.344 [LittleProxy-ClientToProxyWorker-0] DEBUG o.l.p.impl.ClientToProxyConnection - (AWAITING_INITIAL) [id: 0x45fbf8a5, /127.0.0.1:48616 => /127.0.1.1:41135]: Stripped host from uri: http://voucher-manager.stage.pv.nimbus-stage.cg.sky.com/favicon.ico    yielding: /favicon.ico
10:43:44.344 [LittleProxy-ClientToProxyWorker-0] DEBUG o.l.p.impl.ClientToProxyConnection - (AWAITING_INITIAL) [id: 0x45fbf8a5, /127.0.0.1:48616 => /127.0.1.1:41135]: Removed sdch and inserted: gzip, deflate, 
10:43:44.344 [LittleProxy-ClientToProxyWorker-0] DEBUG o.l.p.impl.ClientToProxyConnection - (AWAITING_INITIAL) [id: 0x45fbf8a5, /127.0.0.1:48616 => /127.0.1.1:41135]: Writing request to ProxyToServerConnection
10:43:44.345 [LittleProxy-ClientToProxyWorker-0] DEBUG o.l.p.impl.ProxyToServerConnection - (AWAITING_INITIAL) [id: 0x65ecad2b, /10.65.140.181:37580 => voucher-manager.stage.pv.nimbus-stage.cg.sky.com/80.238.10.34:80]: Requested write of HttpObjectAggregator$AggregatedFullHttpRequest(decodeResult: success, version: HTTP/1.1, content: CompositeByteBuf(ridx: 0, widx: 0, cap: 0, components=0))
GET /favicon.ico HTTP/1.1
Host: voucher-manager.stage.pv.nimbus-stage.cg.sky.com
Authorization: Basic YWRtaW46cGFzcw==
User-Agent: Mozilla/5.0 (X11; Linux x86_64) AppleWebKit/537.36 (KHTML, like Gecko) Chrome/43.0.2357.134 Safari/537.36
Accept: */*
Referer: http://voucher-manager.stage.pv.nimbus-stage.cg.sky.com/
Accept-Language: en-GB,en-US;q=0.8,en;q=0.6
Content-Length: 0
Accept-Encoding: gzip, deflate, 
Via: 1.1 localhost.localdomain
10:43:44.345 [LittleProxy-ClientToProxyWorker-0] DEBUG o.l.p.impl.ProxyToServerConnection - (AWAITING_INITIAL) [id: 0x65ecad2b, /10.65.140.181:37580 => voucher-manager.stage.pv.nimbus-stage.cg.sky.com/80.238.10.34:80]: Retaining reference counted message
10:43:44.345 [LittleProxy-ClientToProxyWorker-0] DEBUG o.l.p.impl.ProxyToServerConnection - (AWAITING_INITIAL) [id: 0x65ecad2b, /10.65.140.181:37580 => voucher-manager.stage.pv.nimbus-stage.cg.sky.com/80.238.10.34:80]: Using existing connection to: voucher-manager.stage.pv.nimbus-stage.cg.sky.com/80.238.10.34:80
10:43:44.345 [LittleProxy-ClientToProxyWorker-0] DEBUG o.l.p.impl.ProxyToServerConnection - (AWAITING_INITIAL) [id: 0x65ecad2b, /10.65.140.181:37580 => voucher-manager.stage.pv.nimbus-stage.cg.sky.com/80.238.10.34:80]: Writing: HttpObjectAggregator$AggregatedFullHttpRequest(decodeResult: success, version: HTTP/1.1, content: CompositeByteBuf(ridx: 0, widx: 0, cap: 0, components=0))
GET /favicon.ico HTTP/1.1
Host: voucher-manager.stage.pv.nimbus-stage.cg.sky.com
Authorization: Basic YWRtaW46cGFzcw==
User-Agent: Mozilla/5.0 (X11; Linux x86_64) AppleWebKit/537.36 (KHTML, like Gecko) Chrome/43.0.2357.134 Safari/537.36
Accept: */*
Referer: http://voucher-manager.stage.pv.nimbus-stage.cg.sky.com/
Accept-Language: en-GB,en-US;q=0.8,en;q=0.6
Content-Length: 0
Accept-Encoding: gzip, deflate, 
Via: 1.1 localhost.localdomain
10:43:44.345 [LittleProxy-ClientToProxyWorker-0] DEBUG o.l.p.impl.ProxyToServerConnection - (AWAITING_INITIAL) [id: 0x65ecad2b, /10.65.140.181:37580 => voucher-manager.stage.pv.nimbus-stage.cg.sky.com/80.238.10.34:80]: Writing an empty buffer to signal the end of our chunked transfer
10:43:44.345 [LittleProxy-ClientToProxyWorker-0] DEBUG o.l.p.impl.ProxyToServerConnection - (AWAITING_INITIAL) [id: 0x65ecad2b, /10.65.140.181:37580 => voucher-manager.stage.pv.nimbus-stage.cg.sky.com/80.238.10.34:80]: Wrote: HttpObjectAggregator$AggregatedFullHttpRequest(decodeResult: success, version: HTTP/1.1, content: CompositeByteBuf(ridx: 0, widx: 0, cap: 0, components=0))
GET /favicon.ico HTTP/1.1
Host: voucher-manager.stage.pv.nimbus-stage.cg.sky.com
Authorization: Basic YWRtaW46cGFzcw==
User-Agent: Mozilla/5.0 (X11; Linux x86_64) AppleWebKit/537.36 (KHTML, like Gecko) Chrome/43.0.2357.134 Safari/537.36
Accept: */*
Referer: http://voucher-manager.stage.pv.nimbus-stage.cg.sky.com/
Accept-Language: en-GB,en-US;q=0.8,en;q=0.6
Content-Length: 0
Accept-Encoding: gzip, deflate, 
Via: 1.1 localhost.localdomain
10:43:44.359 [LittleProxy-ProxyToServerWorker-0] DEBUG o.l.p.impl.ProxyToServerConnection - (AWAITING_INITIAL) [id: 0x65ecad2b, /10.65.140.181:37580 => voucher-manager.stage.pv.nimbus-stage.cg.sky.com/80.238.10.34:80]: Remembering the current request.
10:43:44.360 [LittleProxy-ProxyToServerWorker-0] DEBUG o.l.p.impl.ProxyToServerConnection - (AWAITING_INITIAL) [id: 0x65ecad2b, /10.65.140.181:37580 => voucher-manager.stage.pv.nimbus-stage.cg.sky.com/80.238.10.34:80]: Reading: DefaultHttpResponse(decodeResult: success, version: HTTP/1.1)
HTTP/1.1 200 OK
X-FORWARDED-PROTO: http
Server: nginx
Date: Wed, 29 Jul 2015 09:43:44 GMT
Content-Length: 946
Connection: keep-alive
Keep-Alive: timeout=10
Access-Control-Allow-Credentials: true
X-Application-Context: pv__voucher-manager__stage__v0_1_0_972:stage-cloud:0
Last-Modified: Thu, 16 Jul 2015 14:40:43 GMT
10:43:44.360 [LittleProxy-ProxyToServerWorker-0] DEBUG o.l.p.impl.ProxyToServerConnection - (AWAITING_INITIAL) [id: 0x65ecad2b, /10.65.140.181:37580 => voucher-manager.stage.pv.nimbus-stage.cg.sky.com/80.238.10.34:80]: Received raw response: DefaultHttpResponse(decodeResult: success, version: HTTP/1.1)
HTTP/1.1 200 OK
X-FORWARDED-PROTO: http
Server: nginx
Date: Wed, 29 Jul 2015 09:43:44 GMT
Content-Length: 946
Connection: keep-alive
Keep-Alive: timeout=10
Access-Control-Allow-Credentials: true
X-Application-Context: pv__voucher-manager__stage__v0_1_0_972:stage-cloud:0
Last-Modified: Thu, 16 Jul 2015 14:40:43 GMT
10:43:44.360 [LittleProxy-ProxyToServerWorker-0] DEBUG o.l.p.impl.ProxyToServerConnection - (AWAITING_INITIAL) [id: 0x65ecad2b, /10.65.140.181:37580 => voucher-manager.stage.pv.nimbus-stage.cg.sky.com/80.238.10.34:80]: Remembering the current response.
10:43:44.360 [LittleProxy-ProxyToServerWorker-0] DEBUG o.l.p.impl.ClientToProxyConnection - (AWAITING_INITIAL) [id: 0x45fbf8a5, /127.0.0.1:48616 => /127.0.1.1:41135]: Writing: DefaultHttpResponse(decodeResult: success, version: HTTP/1.1)
HTTP/1.1 200 OK
X-FORWARDED-PROTO: http
Server: nginx
Date: Wed, 29 Jul 2015 09:43:44 GMT
Content-Length: 946
Access-Control-Allow-Credentials: true
X-Application-Context: pv__voucher-manager__stage__v0_1_0_972:stage-cloud:0
Last-Modified: Thu, 16 Jul 2015 14:40:43 GMT
Via: 1.1 localhost.localdomain
10:43:44.360 [LittleProxy-ProxyToServerWorker-0] DEBUG o.l.p.impl.ClientToProxyConnection - (AWAITING_INITIAL) [id: 0x45fbf8a5, /127.0.0.1:48616 => /127.0.1.1:41135]: Wrote: DefaultHttpResponse(decodeResult: success, version: HTTP/1.1)
HTTP/1.1 200 OK
X-FORWARDED-PROTO: http
Server: nginx
Date: Wed, 29 Jul 2015 09:43:44 GMT
Content-Length: 946
Access-Control-Allow-Credentials: true
X-Application-Context: pv__voucher-manager__stage__v0_1_0_972:stage-cloud:0
Last-Modified: Thu, 16 Jul 2015 14:40:43 GMT
Via: 1.1 localhost.localdomain
10:43:44.360 [LittleProxy-ProxyToServerWorker-0] DEBUG o.l.p.impl.ClientToProxyConnection - (AWAITING_INITIAL) [id: 0x45fbf8a5, /127.0.0.1:48616 => /127.0.1.1:41135]: Not closing server connection on middle chunk for /favicon.ico
10:43:44.361 [LittleProxy-ProxyToServerWorker-0] DEBUG o.l.p.impl.ClientToProxyConnection - (AWAITING_INITIAL) [id: 0x45fbf8a5, /127.0.0.1:48616 => /127.0.1.1:41135]: Not closing client connection on middle chunk for /favicon.ico
10:43:44.361 [LittleProxy-ProxyToServerWorker-0] DEBUG o.l.p.impl.ProxyToServerConnection - (AWAITING_CHUNK) [id: 0x65ecad2b, /10.65.140.181:37580 => voucher-manager.stage.pv.nimbus-stage.cg.sky.com/80.238.10.34:80]: Reading: DefaultLastHttpContent(data: SlicedByteBuf(ridx: 0, widx: 946, cap: 946/946, unwrapped: UnpooledUnsafeDirectByteBuf(ridx: 1274, widx: 1274, cap: 16384)), decoderResult: success)
10:43:44.361 [LittleProxy-ProxyToServerWorker-0] DEBUG o.l.p.impl.ClientToProxyConnection - (AWAITING_INITIAL) [id: 0x45fbf8a5, /127.0.0.1:48616 => /127.0.1.1:41135]: Retaining reference counted message
10:43:44.361 [LittleProxy-ProxyToServerWorker-0] DEBUG o.l.p.impl.ClientToProxyConnection - (AWAITING_INITIAL) [id: 0x45fbf8a5, /127.0.0.1:48616 => /127.0.1.1:41135]: Writing: DefaultLastHttpContent(data: SlicedByteBuf(ridx: 0, widx: 946, cap: 946/946, unwrapped: UnpooledUnsafeDirectByteBuf(ridx: 1274, widx: 1274, cap: 16384)), decoderResult: success)
10:43:44.361 [LittleProxy-ProxyToServerWorker-0] DEBUG o.l.p.impl.ClientToProxyConnection - (AWAITING_INITIAL) [id: 0x45fbf8a5, /127.0.0.1:48616 => /127.0.1.1:41135]: Writing an empty buffer to signal the end of our chunked transfer
10:43:44.361 [LittleProxy-ProxyToServerWorker-0] DEBUG o.l.p.impl.ClientToProxyConnection - (AWAITING_INITIAL) [id: 0x45fbf8a5, /127.0.0.1:48616 => /127.0.1.1:41135]: Wrote: DefaultLastHttpContent(data: SlicedByteBuf(ridx: 0, widx: 946, cap: 946/946, unwrapped: UnpooledUnsafeDirectByteBuf(ridx: 1274, widx: 1274, cap: 16384)), decoderResult: success)
10:43:44.361 [LittleProxy-ProxyToServerWorker-0] DEBUG o.l.p.impl.ClientToProxyConnection - (AWAITING_INITIAL) [id: 0x45fbf8a5, /127.0.0.1:48616 => /127.0.1.1:41135]: Retaining reference counted message
10:43:44.361 [LittleProxy-ProxyToServerWorker-0] DEBUG o.l.p.impl.ClientToProxyConnection - (AWAITING_INITIAL) [id: 0x45fbf8a5, /127.0.0.1:48616 => /127.0.1.1:41135]: Writing: EmptyByteBufBE
10:43:44.361 [LittleProxy-ProxyToServerWorker-0] DEBUG o.l.p.impl.ClientToProxyConnection - (AWAITING_INITIAL) [id: 0x45fbf8a5, /127.0.0.1:48616 => /127.0.1.1:41135]: Wrote: EmptyByteBufBE
10:43:44.361 [LittleProxy-ProxyToServerWorker-0] DEBUG o.l.p.impl.ClientToProxyConnection - (AWAITING_INITIAL) [id: 0x45fbf8a5, /127.0.0.1:48616 => /127.0.1.1:41135]: Handling last chunk. Using normal server connection closing rules.
10:43:44.361 [LittleProxy-ProxyToServerWorker-0] DEBUG o.l.p.impl.ClientToProxyConnection - (AWAITING_INITIAL) [id: 0x45fbf8a5, /127.0.0.1:48616 => /127.0.1.1:41135]: Not closing server connection for response: DefaultHttpResponse(decodeResult: success, version: HTTP/1.1)
HTTP/1.1 200 OK
X-FORWARDED-PROTO: http
Server: nginx
Date: Wed, 29 Jul 2015 09:43:44 GMT
Content-Length: 946
Connection: keep-alive
Keep-Alive: timeout=10
Access-Control-Allow-Credentials: true
X-Application-Context: pv__voucher-manager__stage__v0_1_0_972:stage-cloud:0
Last-Modified: Thu, 16 Jul 2015 14:40:43 GMT
10:43:44.361 [LittleProxy-ProxyToServerWorker-0] DEBUG o.l.p.impl.ClientToProxyConnection - (AWAITING_INITIAL) [id: 0x45fbf8a5, /127.0.0.1:48616 => /127.0.1.1:41135]: Handling last chunk. Using normal client connection closing rules.
10:43:44.362 [LittleProxy-ProxyToServerWorker-0] DEBUG o.l.p.impl.ClientToProxyConnection - (AWAITING_INITIAL) [id: 0x45fbf8a5, /127.0.0.1:48616 => /127.0.1.1:41135]: Not closing client connection for request: [FAILED toString()]
10:43:44.419 [Test worker] DEBUG o.s.b.f.s.DefaultListableBeanFactory - Creating instance of bean 'com.nowtv.pav.test.steps.CreateCampaignSteps'
10:43:44.420 [Test worker] DEBUG o.s.b.f.s.DefaultListableBeanFactory - Finished creating instance of bean 'com.nowtv.pav.test.steps.CreateCampaignSteps'
10:43:44.563 [Test worker] DEBUG o.a.h.i.c.PoolingClientConnectionManager - Connection request: [route: {}->http://voucher-manager.stage.pv.nimbus-stage.cg.sky.com][total kept alive: 0; route allocated: 0 of 100; total allocated: 0 of 200]
10:43:44.567 [Test worker] DEBUG o.a.h.i.c.PoolingClientConnectionManager - Connection leased: [id: 0][route: {}->http://voucher-manager.stage.pv.nimbus-stage.cg.sky.com][total kept alive: 0; route allocated: 1 of 100; total allocated: 1 of 200]
10:43:44.568 [Test worker] DEBUG o.a.h.i.c.DefaultClientConnectionOperator - Connecting to voucher-manager.stage.pv.nimbus-stage.cg.sky.com:80
10:43:44.583 [Test worker] DEBUG o.a.h.c.protocol.RequestAddCookies - CookieSpec selected: best-match
10:43:44.583 [Test worker] DEBUG o.a.h.c.protocol.RequestAuthCache - Auth cache not set in the context
10:43:44.583 [Test worker] DEBUG o.a.h.c.p.RequestTargetAuthentication - Target auth state: UNCHALLENGED
10:43:44.584 [Test worker] DEBUG o.a.h.c.p.RequestProxyAuthentication - Proxy auth state: UNCHALLENGED
10:43:44.584 [Test worker] DEBUG o.a.h.impl.client.DefaultHttpClient - Attempt 1 to execute request
10:43:44.584 [Test worker] DEBUG o.a.h.i.conn.DefaultClientConnection - Sending request: POST /campaign HTTP/1.1
10:43:44.584 [Test worker] DEBUG org.apache.http.wire -  >> "POST /campaign HTTP/1.1[\r][\n]"
10:43:44.585 [Test worker] DEBUG org.apache.http.wire -  >> "X-Forwarded-Proto: https[\r][\n]"
10:43:44.585 [Test worker] DEBUG org.apache.http.wire -  >> "Content-Type: application/json[\r][\n]"
10:43:44.585 [Test worker] DEBUG org.apache.http.wire -  >> "Content-Length: 257[\r][\n]"
10:43:44.585 [Test worker] DEBUG org.apache.http.wire -  >> "Host: voucher-manager.stage.pv.nimbus-stage.cg.sky.com[\r][\n]"
10:43:44.585 [Test worker] DEBUG org.apache.http.wire -  >> "Connection: Keep-Alive[\r][\n]"
10:43:44.585 [Test worker] DEBUG org.apache.http.wire -  >> "User-Agent: Apache-HttpClient/4.3.4 (java 1.5)[\r][\n]"
10:43:44.585 [Test worker] DEBUG org.apache.http.wire -  >> "Authorization: Basic YWRtaW46cGFzcw==[\r][\n]"
10:43:44.585 [Test worker] DEBUG org.apache.http.wire -  >> "[\r][\n]"
10:43:44.585 [Test worker] DEBUG org.apache.http.headers - >> POST /campaign HTTP/1.1
10:43:44.585 [Test worker] DEBUG org.apache.http.headers - >> X-Forwarded-Proto: https
10:43:44.585 [Test worker] DEBUG org.apache.http.headers - >> Content-Type: application/json
10:43:44.585 [Test worker] DEBUG org.apache.http.headers - >> Content-Length: 257
10:43:44.585 [Test worker] DEBUG org.apache.http.headers - >> Host: voucher-manager.stage.pv.nimbus-stage.cg.sky.com
10:43:44.585 [Test worker] DEBUG org.apache.http.headers - >> Connection: Keep-Alive
10:43:44.585 [Test worker] DEBUG org.apache.http.headers - >> User-Agent: Apache-HttpClient/4.3.4 (java 1.5)
10:43:44.585 [Test worker] DEBUG org.apache.http.headers - >> Authorization: Basic YWRtaW46cGFzcw==
10:43:44.585 [Test worker] DEBUG org.apache.http.wire -  >> "{[\n]"
10:43:44.586 [Test worker] DEBUG org.apache.http.wire -  >> "[0x9]"type":"SINGLE_USE_NON_TRANSFERABLE",[\n]"
10:43:44.586 [Test worker] DEBUG org.apache.http.wire -  >> "   "name":"SUNT Cancel Campaign",[\n]"
10:43:44.586 [Test worker] DEBUG org.apache.http.wire -  >> "   "prefix":"NOW",[\n]"
10:43:44.586 [Test worker] DEBUG org.apache.http.wire -  >> "   "cancelled":false,[\n]"
10:43:44.586 [Test worker] DEBUG org.apache.http.wire -  >> "   "pomOfferId":"12346",[\n]"
10:43:44.586 [Test worker] DEBUG org.apache.http.wire -  >> "   "secondaryOfferId":"abc123",[\n]"
10:43:44.586 [Test worker] DEBUG org.apache.http.wire -  >> "   "start":"2004-06-26T00:00:00Z",[\n]"
10:43:44.586 [Test worker] DEBUG org.apache.http.wire -  >> "   "end":"2114-06-26T00:00:00Z",[\n]"
10:43:44.586 [Test worker] DEBUG org.apache.http.wire -  >> "   "cap":"100"[\n]"
10:43:44.586 [Test worker] DEBUG org.apache.http.wire -  >> "}"
10:43:44.669 [Test worker] DEBUG org.apache.http.wire -  << "HTTP/1.1 201 Created[\r][\n]"
10:43:44.669 [Test worker] DEBUG org.apache.http.wire -  << "X-FORWARDED-PROTO: http[\r][\n]"
10:43:44.669 [Test worker] DEBUG org.apache.http.wire -  << "Server: nginx[\r][\n]"
10:43:44.669 [Test worker] DEBUG org.apache.http.wire -  << "Date: Wed, 29 Jul 2015 09:43:44 GMT[\r][\n]"
10:43:44.669 [Test worker] DEBUG org.apache.http.wire -  << "Content-Type: application/json;charset=UTF-8[\r][\n]"
10:43:44.669 [Test worker] DEBUG org.apache.http.wire -  << "Transfer-Encoding: chunked[\r][\n]"
10:43:44.669 [Test worker] DEBUG org.apache.http.wire -  << "Connection: keep-alive[\r][\n]"
10:43:44.669 [Test worker] DEBUG org.apache.http.wire -  << "Keep-Alive: timeout=10[\r][\n]"
10:43:44.669 [Test worker] DEBUG org.apache.http.wire -  << "Access-Control-Allow-Credentials: true[\r][\n]"
10:43:44.669 [Test worker] DEBUG org.apache.http.wire -  << "X-Content-Type-Options: nosniff[\r][\n]"
10:43:44.670 [Test worker] DEBUG org.apache.http.wire -  << "X-XSS-Protection: 1; mode=block[\r][\n]"
10:43:44.670 [Test worker] DEBUG org.apache.http.wire -  << "Cache-Control: no-cache, no-store, max-age=0, must-revalidate[\r][\n]"
10:43:44.670 [Test worker] DEBUG org.apache.http.wire -  << "Pragma: no-cache[\r][\n]"
10:43:44.670 [Test worker] DEBUG org.apache.http.wire -  << "Expires: 0[\r][\n]"
10:43:44.670 [Test worker] DEBUG org.apache.http.wire -  << "X-Frame-Options: DENY[\r][\n]"
10:43:44.670 [Test worker] DEBUG org.apache.http.wire -  << "X-Application-Context: pv__voucher-manager__stage__v0_1_0_972:stage-cloud:2[\r][\n]"
10:43:44.670 [Test worker] DEBUG org.apache.http.wire -  << "[\r][\n]"
10:43:44.670 [Test worker] DEBUG o.a.h.i.conn.DefaultClientConnection - Receiving response: HTTP/1.1 201 Created
10:43:44.670 [Test worker] DEBUG org.apache.http.headers - << HTTP/1.1 201 Created
10:43:44.670 [Test worker] DEBUG org.apache.http.headers - << X-FORWARDED-PROTO: http
10:43:44.670 [Test worker] DEBUG org.apache.http.headers - << Server: nginx
10:43:44.670 [Test worker] DEBUG org.apache.http.headers - << Date: Wed, 29 Jul 2015 09:43:44 GMT
10:43:44.670 [Test worker] DEBUG org.apache.http.headers - << Content-Type: application/json;charset=UTF-8
10:43:44.670 [Test worker] DEBUG org.apache.http.headers - << Transfer-Encoding: chunked
10:43:44.670 [Test worker] DEBUG org.apache.http.headers - << Connection: keep-alive
10:43:44.670 [Test worker] DEBUG org.apache.http.headers - << Keep-Alive: timeout=10
10:43:44.671 [Test worker] DEBUG org.apache.http.headers - << Access-Control-Allow-Credentials: true
10:43:44.671 [Test worker] DEBUG org.apache.http.headers - << X-Content-Type-Options: nosniff
10:43:44.671 [Test worker] DEBUG org.apache.http.headers - << X-XSS-Protection: 1; mode=block
10:43:44.671 [Test worker] DEBUG org.apache.http.headers - << Cache-Control: no-cache, no-store, max-age=0, must-revalidate
10:43:44.671 [Test worker] DEBUG org.apache.http.headers - << Pragma: no-cache
10:43:44.671 [Test worker] DEBUG org.apache.http.headers - << Expires: 0
10:43:44.671 [Test worker] DEBUG org.apache.http.headers - << X-Frame-Options: DENY
10:43:44.671 [Test worker] DEBUG org.apache.http.headers - << X-Application-Context: pv__voucher-manager__stage__v0_1_0_972:stage-cloud:2
10:43:44.673 [Test worker] DEBUG o.a.h.impl.client.DefaultHttpClient - Connection can be kept alive for 10000 MILLISECONDS
10:43:44.679 [Test worker] DEBUG org.apache.http.wire -  << "4b0[\r][\n]"
10:43:44.679 [Test worker] DEBUG org.apache.http.wire -  << "{"id":20032,"type":"SINGLE_USE_NON_TRANSFERABLE","name":"SUNT Cancel Campaign","description":null,"prefix":"NOW","cancelled":false,"pomOfferId":"12346","secondaryOfferId":"abc123","start":"2004-06-26T00:00:00Z","end":"2114-06-26T00:00:00Z","cap":100,"voucherCreationLock":false,"state":null,"updated":"2015-07-29T09:43:44Z","updatedBy":"admin","created":"2015-07-29T09:43:44Z","createdBy":"admin","totalVoucherCount":null,"redeemedCount":0,"campaignState":"ACTIVE","links":[{"rel":"self","href":"http://voucher-manager.stage.pv.nimbus-stage.cg.sky.com/campaign/20032"},{"rel":"campaign.types","href":"http://voucher-manager.stage.pv.nimbus-stage.cg.sky.com/campaign/types"},{"rel":"voucher.batches","href":"http://voucher-manager.stage.pv.nimbus-stage.cg.sky.com/campaign/20032/voucher-batch"},{"rel":"voucher.create-additional","href":"http://voucher-manager.stage.pv.nimbus-stage.cg.sky.com/campaign/20032/voucher-batch/casenumber/1/accountId/12345678?requestedAccountId=12345678"},{"rel":"campaign.history","href":"http://voucher-manager.stage.pv.nimbus-stage.cg.sky.com/campaign/20032/history"},{"rel":"campaign.update","href":"http://voucher-manager.stage.pv.nimbus-stage.cg.sky.com/campaign"}]}"
10:43:44.679 [Test worker] DEBUG org.apache.http.wire -  << "[\r][\n]"
10:43:44.679 [Test worker] DEBUG org.apache.http.wire -  << "0[\r][\n]"
10:43:44.679 [Test worker] DEBUG org.apache.http.wire -  << "[\r][\n]"
10:43:44.680 [Test worker] DEBUG o.a.h.i.c.PoolingClientConnectionManager - Connection [id: 0][route: {}->http://voucher-manager.stage.pv.nimbus-stage.cg.sky.com] can be kept alive for 10000 MILLISECONDS
10:43:44.680 [Test worker] DEBUG o.a.h.i.c.PoolingClientConnectionManager - Connection released: [id: 0][route: {}->http://voucher-manager.stage.pv.nimbus-stage.cg.sky.com][total kept alive: 1; route allocated: 1 of 100; total allocated: 1 of 200]
10:43:44.706 [Forwarding screenshot on session 5e9977749cf8e028abefff19f425d7c0 to remote] DEBUG o.a.h.c.protocol.RequestAddCookies - CookieSpec selected: best-match
10:43:44.706 [Forwarding screenshot on session 5e9977749cf8e028abefff19f425d7c0 to remote] DEBUG o.a.h.c.protocol.RequestAuthCache - Auth cache not set in the context
10:43:44.706 [Forwarding screenshot on session 5e9977749cf8e028abefff19f425d7c0 to remote] DEBUG o.a.h.i.c.PoolingHttpClientConnectionManager - Connection request: [route: {}->http://localhost:13906][total kept alive: 0; route allocated: 0 of 2000; total allocated: 0 of 2000]
10:43:44.707 [Forwarding screenshot on session 5e9977749cf8e028abefff19f425d7c0 to remote] DEBUG o.a.h.i.c.PoolingHttpClientConnectionManager - Connection leased: [id: 4][route: {}->http://localhost:13906][total kept alive: 0; route allocated: 1 of 2000; total allocated: 1 of 2000]
10:43:44.707 [Forwarding screenshot on session 5e9977749cf8e028abefff19f425d7c0 to remote] DEBUG o.a.h.impl.execchain.MainClientExec - Opening connection {}->http://localhost:13906
10:43:44.707 [Forwarding screenshot on session 5e9977749cf8e028abefff19f425d7c0 to remote] DEBUG o.a.h.i.c.HttpClientConnectionOperator - Connecting to localhost/127.0.0.1:13906
10:43:44.707 [Forwarding screenshot on session 5e9977749cf8e028abefff19f425d7c0 to remote] DEBUG o.a.h.i.c.HttpClientConnectionOperator - Connection established 127.0.0.1:34703<->127.0.0.1:13906
10:43:44.707 [Forwarding screenshot on session 5e9977749cf8e028abefff19f425d7c0 to remote] DEBUG o.a.h.impl.execchain.MainClientExec - Executing request GET /session/5e9977749cf8e028abefff19f425d7c0/screenshot HTTP/1.1
10:43:44.707 [Forwarding screenshot on session 5e9977749cf8e028abefff19f425d7c0 to remote] DEBUG o.a.h.impl.execchain.MainClientExec - Target auth state: UNCHALLENGED
10:43:44.707 [Forwarding screenshot on session 5e9977749cf8e028abefff19f425d7c0 to remote] DEBUG o.a.h.impl.execchain.MainClientExec - Proxy auth state: UNCHALLENGED
10:43:44.707 [Forwarding screenshot on session 5e9977749cf8e028abefff19f425d7c0 to remote] DEBUG org.apache.http.headers - http-outgoing-4 >> GET /session/5e9977749cf8e028abefff19f425d7c0/screenshot HTTP/1.1
10:43:44.707 [Forwarding screenshot on session 5e9977749cf8e028abefff19f425d7c0 to remote] DEBUG org.apache.http.headers - http-outgoing-4 >> Cache-Control: no-cache
10:43:44.707 [Forwarding screenshot on session 5e9977749cf8e028abefff19f425d7c0 to remote] DEBUG org.apache.http.headers - http-outgoing-4 >> Host: localhost:13906
10:43:44.707 [Forwarding screenshot on session 5e9977749cf8e028abefff19f425d7c0 to remote] DEBUG org.apache.http.headers - http-outgoing-4 >> Connection: Keep-Alive
10:43:44.707 [Forwarding screenshot on session 5e9977749cf8e028abefff19f425d7c0 to remote] DEBUG org.apache.http.headers - http-outgoing-4 >> User-Agent: Apache-HttpClient/4.3.4 (java 1.5)
10:43:44.707 [Forwarding screenshot on session 5e9977749cf8e028abefff19f425d7c0 to remote] DEBUG org.apache.http.headers - http-outgoing-4 >> Accept-Encoding: gzip,deflate
10:43:44.707 [Forwarding screenshot on session 5e9977749cf8e028abefff19f425d7c0 to remote] DEBUG org.apache.http.wire - http-outgoing-4 >> "GET /session/5e9977749cf8e028abefff19f425d7c0/screenshot HTTP/1.1[\r][\n]"
10:43:44.707 [Forwarding screenshot on session 5e9977749cf8e028abefff19f425d7c0 to remote] DEBUG org.apache.http.wire - http-outgoing-4 >> "Cache-Control: no-cache[\r][\n]"
10:43:44.707 [Forwarding screenshot on session 5e9977749cf8e028abefff19f425d7c0 to remote] DEBUG org.apache.http.wire - http-outgoing-4 >> "Host: localhost:13906[\r][\n]"
10:43:44.707 [Forwarding screenshot on session 5e9977749cf8e028abefff19f425d7c0 to remote] DEBUG org.apache.http.wire - http-outgoing-4 >> "Connection: Keep-Alive[\r][\n]"
10:43:44.707 [Forwarding screenshot on session 5e9977749cf8e028abefff19f425d7c0 to remote] DEBUG org.apache.http.wire - http-outgoing-4 >> "User-Agent: Apache-HttpClient/4.3.4 (java 1.5)[\r][\n]"
10:43:44.707 [Forwarding screenshot on session 5e9977749cf8e028abefff19f425d7c0 to remote] DEBUG org.apache.http.wire - http-outgoing-4 >> "Accept-Encoding: gzip,deflate[\r][\n]"
10:43:44.707 [Forwarding screenshot on session 5e9977749cf8e028abefff19f425d7c0 to remote] DEBUG org.apache.http.wire - http-outgoing-4 >> "[\r][\n]"
10:43:44.898 [Forwarding screenshot on session 5e9977749cf8e028abefff19f425d7c0 to remote] DEBUG org.apache.http.wire - http-outgoing-4 << "HTTP/1.1 200 OK[\r][\n]"
10:43:44.898 [Forwarding screenshot on session 5e9977749cf8e028abefff19f425d7c0 to remote] DEBUG org.apache.http.wire - http-outgoing-4 << "Content-Length:101990[\r][\n]"
10:43:44.898 [Forwarding screenshot on session 5e9977749cf8e028abefff19f425d7c0 to remote] DEBUG org.apache.http.wire - http-outgoing-4 << "Content-Type:application/json; charset=utf-8[\r][\n]"
10:43:44.898 [Forwarding screenshot on session 5e9977749cf8e028abefff19f425d7c0 to remote] DEBUG org.apache.http.wire - http-outgoing-4 << "Connection:close[\r][\n]"
10:43:44.898 [Forwarding screenshot on session 5e9977749cf8e028abefff19f425d7c0 to remote] DEBUG org.apache.http.wire - http-outgoing-4 << "[\r][\n]"
10:43:44.899 [Forwarding screenshot on session 5e9977749cf8e028abefff19f425d7c0 to remote] DEBUG org.apache.http.wire - http-outgoing-4 << "{"sessionId":"5e9977749cf8e028abefff19f425d7c0","status":0,"value":"iVBORw0KGgoAAAANSUhEUgAACb8AAAU2CAIAAAAwQs5jAAAgAElEQVR4nOydd1wUx/v45+7ooLSTIr1IV0RFsCKKgoiiQjRK7Bp7iRo16jfGRKMSS2LD2MCggqKiiGIBu2JDpCgIosAhvSOdY39/zC/z2s+VuT2OYpJ5/8Hr2JndfXb2mWeenfIMi6IoQCAQCAQCgUAgEAgEAoFAIBAIBAKBQCAQCP952F0tAIFAIBAIBAKBQCAQCAQCgUAgEAgEAoFAIHwRkNFTAoFAIBAIBAKBQCAQCAQCgUAgEAgEAoFAAICMnhIIBAKBQCAQCAQCgUAgEAgEAoFAIBAIBAKEjJ4SCAQCgUAgEAgEAoFAIBAIBAKBQCAQCAQCAGT0lEAgEAgEAoFAIBAIBAKBQCAQCAQCgUAgECBk9JRAIBAIBAKBQCAQCAQCgUAgEAgEAoFAIBAAIKOnBAKBQCAQCAQCgUAgEAgEAoFAIBAIBAKBACGjpwQCgUAgEAgEAoFAIBAIBAKBQCAQCAQCgQAAGT0lEAgEAoFAIBAIBAKBQCAQCAQCgUAgEAgECBk9JRAIBAKBQCAQCAQCgUAgEAgEAoFAIBAIBADI6CmBQCAQCAQCgUAgEAgEAoFAIBAIBAKBQCBA5KTK/ezZs61bt759+1ZVVfXNmzfoeGxsbGNj47hx4xISEtLS0r755huUxOVyy8rK4O+amho1NTWRVw4MDAwMDPz06ZOioiJzeTw8POTk5G7cuCHVUzARmwnv3793dXWFv48cOeLv7y+cJzQ09MiRIzk5Od7e3kePHqUft7e379evX3R0tLKy8qhRo9r2CAJILO3y8vJLly6NGzdOT0/vxIkTgwcPtrOzY379DhK7c+ByuStXrvy///u/rhakiwkPD1+2bNmLFy/MzMzE5ZHlRWOq1fLly+/fv5+cnCzTA0giMDDw7Nmz+fn5ra2tGRkZWlpaEgWTyJs3b+Lj4+fPn5+fn3/9+nU/Pz9NTU2YxKQ8vxBOnTplbm4+bNgwkak3b96sqqqaMmVKJ0slQOcoCYEgI76+vo2NjVK5H6dPn161alViYqKRkVHHCUZoF7Zs2XLo0CFpndIvjZKSkitXrowYMcLS0rKrZWFER/hpDQ0NV69eTUpKqqystLW1nT17tqqqajtev+PIysoKDQ0tKiqys7ObPXt2t27d6Klv3rw5d+5cSUmJsbGxn5+flZVVV8n5T+HGjRtxcXH19fW2trbTp09HXlzn0IYm4x/Nv08/q6qqoqKi3rx5U1dXZ21tHRAQoKGhQc9QWVkZEhKSnp7es2fPmTNnmpqa0lMpisrIyEhISKirq/P29u7Zs6fIu/B4vJs3b+rp6fn4+DCXraam5vnz59nZ2bq6usIn4gXDkJ2d/fDhw7dv31ZWVhobG0+YMMHe3l4gT0FBwbNnz0pLS52cnPr37w8PPnr0KD09XeQ1NTQ0UIcJ3sS1WWwAQGtra1hYWHx8vLKy8qRJkwYPHiyQ4cGDB1FRUQ0NDcOGDZsyZQqLxWJ+8TaLHR0dXVhYKHxBpA/Nzc2hoaGJiYkKCgpOTk7SdkwxB366Pn36lIlv0NLScvPmzRcvXhQXF5uYmEyaNEm4OuPLU6SSCACfvbW1dd68ecxfR3Nz8+vXr9+8edPS0iJ8IsNKJw78ixZZ6erq6s6ePSvugiNHjjQ3NweS9FOi9soiNj4VT5urVUJCQmJiovAF6frwD20yGhsbL1y48OLFCwCAo6PjlClTkId56dKl8vJygfyzZ8+Wk5MDAOTk5Ny+fVsglc1mz507NyIioqqqSuTtbG1thwwZkp2dHRsbK5DUp0+fgQMHAgAeP36clpZmbW2NOnzy8vJu3Ljh4eGBzBFGbIDtMTtx4sTmzZt1dXUnTZr0448/SmU5CQQC4R8PJQ0WFhZGRkYhISH379+nH/f19XVzc6MoatOmTdra2vSklJSUxMTEFStWAABqamrEXXnLli0AgPr6eqnk6d+/v4uLi1Sn0MGIzYS0tDQAwPfff3/79u2CggLhDDk5OSwWa/jw4RcvXkxJSaEnqaurb9myhaKoIUOG+Pn5tfUJBJFY2tB3uXv3bnNzMwDgwIEDUl2/g8TuHAAA69ev72opup7g4GAAQGZmJiaPLC8aU61mzZplYGAgvchSEBERAQBYtmzZX3/9FRoa2tDQwEQwiezbtw9aS+jp0qszk/I8fPiwurp6UVGRyNTk5GR1dfWLFy9KJZK0REdHAwCuX78uMrWkpERFRWXdunUdKgMTOkFJCFKB197/LG5ubtK6H8eOHQMAfPz4sYNEkhHyoumsWbOmDU7pl8batWtVVFRKS0u7WhCmdISfZmZmxuFwnJyc4GRBMzOzsrKy9r1FR3Dv3j0VFRVdXV13d3dFRUVra2u62HFxcRwOx9LScsKECb169YIOGwHDTz/9BABwcXHx9vbW0dG5e/du+17f2Nj4u+++w2RoQ5PRLkgUrCOQXT87Tuy2tXS5ublKSkoAABMTEysrKw6Ho62tHRcXhzIUFhaam5srKSm5u7v36NFDTU0tPj4epb59+5Y+Wn/79m1xN4LTVYcMGcJctgULFrDZ/z+WmPCJeMHwjBo1isVi6enp2dvbq6mpcTicn3/+mZ7BxsYGPdSmTZvQ8Xnz5onrd7K2toZ58CZOFrH5fP748eMBAIMGDerVqxeLxdq/fz89Q2BgIJTExcUFAPDVV1+1trYyvLgsYg8ZMkRkmUBF4vP5o0aNkpeX9/T0dHd3V1ZWZihSG4CfrmlpaUwyw6aTy+Xa29srKyvLy8v/9ttv9Az48hSnJAL8/PPPME9zczPzp4C1UuSJzCudSPAvWlyl4/F44jQfABAWFkZJ0k+J2iuL2PhUPLJUq02bNokskP/7v/+DGZg0GV3SluH58OEDHOW1s7NzdnZWUlLS0dFBqcJzTQCtezYyMlI4lcPhUBRlYWEhToUWLlxI/d3ZJcCaNWvglRcuXAgAMDIyamlpgUdiYmIAABEREUzEprA9ZjweLyoqau7cuQCAju65IhAIhC8NKUZP4SwYkX6PxGGJHTt2AOzoKZ/PZ+4tIb6E0dPg4GBxGa5cuQLEuGsdOgyJKe3/8uhpc3Mzn8/vaim6nn/36OmSJUu4XK60gklExtFTeLrIORbU37USflN1HEOHDnV0dBSXunnzZkVFRXESdiZk9PRLA6+9/1laWlrQdylDvvDRU/Ki6fwLRk8rKiq6deu2YsWKrhZECjrCT1u1alV+fj78feTIEQDAtm3b2vcW7U5LS4uFhYWFhUVFRQVFUc+fP5eTk1u0aBHKMGHCBDs7O/TdRCY9SERdXX3BggXwd319fWVlZbtfH3ZriqMNTUa7IFGwjkB2/ew4sdvW0uXk5Kxater9+/fw39evX3fv3t3AwAC909mzZ8vLy7969YqiqLKyMjMzMzs7OzR4kJGRsXDhwpCQkI0bN4rrGaAoKjg4uFevXlpaWlKNnu7YsWPbtm1xcXFcLlf4RLxgeO7evYsKqrq6esyYMQCApKQklGHu3Ln79+8PDw8X6CCCvTqQMWPGKCoqon9hiUk0cbKIHRISgro4+Hz+pEmT5OXlc3NzYer79+85HA4a2oH6EB4ezuTKMord0tLSTKO4uFhXV9fe3h7O9H316hUA4MyZMzBzYWEhE5HahlSjp4sXL37y5Al8ipKSkv79+7PZ7Ldv38JUieUpTknopKend+vWrV+/fkCa0dNLly59//33kZGRY8eOFT6RYaUTicQXjal06P0+evQIALB9+3Z0BBYRXj/xqbKILfGh8MhSregGATJ69GhlZeWMjAyYgUmT0SVtGYbm5ubevXtraGigGRIVFRWLFy9GGWB9v3fvHgBg165d8MFRKhw9PXHiBL1YkHlERxQVFceMGYP+hR5ya2sr/HfkyJGqqqr0JOrv0VM2m33lyhV4hD56KlFsikGPWW1tLQBg48aN7VOUBAKB8A9Bisi99fX1AACBMDWyc+fOnbq6Ovjb29sbzeQCAOTl5b1+/XrkyJFpaWmxsbEaGhoTJ07U1dUVd6lPnz4lJiZaWVmhaA8NDQ1RUVFZWVlKSko2Njbu7u70SWodTZtLLCMjIyMjY+zYsTwe78qVK01NTe7u7gMGDEAZXrx48eDBg4aGBmdnZ/gx84VQUlJy/fr13NxcLpc7atQoetiNtLS0x48fFxYWqqmpjRgxom/fvvB4Y2Pj7du37ezsoqOjVVRU5syZExsbm5SUNHHiRHh6dnZ2amqqh4dHXFxcYmKioaGhv78/PShxbW3t3bt3MzIy6urqLC0tfXx86KlQi+BvS0tL+hRISE5OTmRkZENDg7e3d48ePd68eTN48GAVFRUAQFJSUmlp6ciRI69du5acnGxqaurv76+goMC8QFJSUh48eFBRUaGvrz9ixAiB2WRVVVVXr179+PFjjx49fH199fX1URKfz4+Pj09KSiovL9fV1fX29jY0NKSfW1ZWFh8fP3DgQCUlpQsXLhQWFvbp04degxobG69fv56WlqasrOzs7Dx06FAB2RISEphUq3aHoihx5SnxobKzs2NiYkpLS83NzSdPnqysrAyP19fXx8XFAQBSUlLYbDZcZwkA8PT0lJeX75znElmesbGxDQ0Nb9++hb+hNTA3N4czeRMTEz99+vTx40f4G+qturo6irVy69YtPT09Lpd74cKFurq60aNHiwt5hOfJkyePHj06c+aMyNTPnz8fOnRo5syZenp68MidO3fU1NRgBBjE9evXjYyMevfuDf/NycmJjo4uLy83MzObOHEivdLdv39fU1OzT58+8N/i4uJXr14NGjRIXV0d5cHrJ0ZJgHg1gMTHx/P5/KFDh8bHxz948EBVVdXX11dirNSUlJSqqioWi3Xv3j1YGUNCQnR1dQMCAlBcGnFGDDBorQoLC+/cuZObm8tisZycnDw8POiNHQDg+fPncXFxampqX331VXl5eVlZGT3GMp/Pv3HjRlJSkqKi4ujRo1HZQiQ2GRKfXaSZwmsvkGR7Ada6QtrWluEbBSbai+HOnTtaWlqWlpYXL14sKCgYMGCAh4cHSkWmBgCgqalJX0mQn5//6tUrW1vb8+fP9+3bd8yYMSEhIXV1dTNmzBBwA2JiYhISEnr27Onv79+9e3d05fv37zs4OCBTn56ezuPxRo8ejU4sKiqKjo4uKCjQ1NQcMGDAwIEDpQqaBNvWlpYWU1NTDw8PbW1tdBz/ojtUeyWCsRWtra1RUVGpqanGxsZTpkxJSEhQV1d3cHBgeGXm5dnQ0BAXF6elpTVo0KCCgoKEhAQXF5cePXqgDPDtu7q6crlchnd/+PDhs2fPWlpabGxsvL296VZOnHW9d++ejo5OUlLSp0+fZs+eXVxcfOXKlUGDBo0YMUL4+ocPH66vr1+9erXAcUx5ttlPq6mpuX//vpOTU0lJyY0bN1RUVCZNmkS3uniXRqKfVlNTExERkZ+f379/f3d390ePHtna2hoYGAAGthf24kHGjRsHixddVhaxQYeZuMePH2dlZf3xxx+wMjo7O48dO/bs2bP79++HLk1jY6OGhgaM/wYA0NHRoZ+ON2JA/ItmaMTwTbA4oPF0dHRksViRkZFwWIVeWzGlLaNgra2tTU1NqMIqKSkJfAxKbMuAmA+c3NxcuNFAS0tLbm4ucj69vLzg28E0GTDJ1taW/mlQXl7+5MmTfv36oSCTbSttiYIBrMudkpJSVlaGDEtLS0tsbKy1tTV9iwqMYHj9BOJtLxOxMZ4Y/qEktnQYjI2N6ZbE0dFx6tSpx44dy8jIsLW1bWhoOHfunI+Pj5OTEwBAS0tr2bJla9asef78OVyG1atXLzh1A/4VSUlJydq1a8+cOTNr1iyJ8tDZsGED/MHhcASSJAqGh96ydOvWbcmSJbdu3Xrx4gVqxE+cOAEAEA7Sy2azkZMA3yx6fRC8iZNR7FOnTnG53MWLF0NJNm/eHBkZefbs2fXr1wMAzpw5w+fzN2/eDAVbtmzZL7/8EhISMnXqVIlXllFsgRe0bt260tLS6OhouEFAY2MjAACZKZEf5vivYIx1BQDk5uZGRkbW19fDsUbmHD58GP3mcrmrV68OCAi4d++era0tYFCe4pQEQVHUt99+u3Tp0o8fP8IhZIZMmjRp0qRJAAA4NCsAk0onDolNMKbSIVWHSWw2W0D58fqJT5VFbIkPhUeWakU3CPBSt2/f3rt3b69eveARTJOBbxRSU1NzcnK8vLzoLyIlJSU3N9fb25vFYiUkJFRXV7u6up4/f57H4zk6Ovr4+Ai4+m1rZC9cuJCSknLgwAG0j5uGhga9skCRxKkBRORxAaVisVgCedARkdYV4unpGRQUNGHCBGnFZoKKioqioiLqwCcQCIT/CswHWgsKCgAAAsE6ILKsPXV1dTUwMIBh9wWm+cOZcatXr1ZWVjY3N2ez2T179iwuLkYZ6GtPMzIyjIyMhgwZUlVVBY/k5eUZGxvD7iEbGxs5Oblly5ZJJXZ6erq9vT3MI4zEtadhYWEAgBcvXggn4df2wTjGZ8+eVVBQUFZWhq04nIfV1NQ0ffp0AICBgYGlpSWLxRo3blxTUxP9dBnXnq5YscLe3v7cuXPSin369GlVVVV5eXk7O7sePXqwWKybN2/CpL179wIAunfv3qdPH9jhhWY5Qb0yNDSEH2Pu7u6GhoY9e/bkcrnwEQ4cOAAAmDhxorKysrW1NZvNtrS0pM8a7t69O5vNNjExcXBwUFJS0tPTo0+MPX/+vIGBAbypcES42NhYZWVlOLiuqKg4ceJEQJuMCZfBTZ06VUNDA3aojR49WrhYxLF161YWi2VmZubi4gJ7VOkB9O7du6etra2oqGhvb9+9e3dVVdVbt26hVOju6OjoODo6amhoKCoq/vXXX/SL3717FwDwxx9/GBgYcDgcOC6F3trr169NTExYLJa5uTn8geZ7SqxWVAevPcWUJ/6h9u7dKy8vr6GhYW9vr6CgYGlpieY88ng8+JaVlZU5HI7B35SXlzMRDAJ3e127dq1wksS1p+LK08nJycDAAD6Ivr4+lApFpFmyZImBgQH8SNDS0oKpY8aMQRfX1tYePny4lpaWqamptrY2i8UStsAYsRHjx483NTUVN593z549bDYbzQClKOqbb77R1tamG5anT58CAE6dOgX/PXPmjIKCgoqKio2NDYfDMTQ0fPfuHcpsYmISEBCA/oXzK+nRqzD6KVFJMGoAcXNz69+//w8//ABtDofDsbW1xRQOZOHChVpaWr169dLW1lZXV3d2du7bty+LxdqxYwe6rzgjRklSg4SEBBaLpaioaGNjY2VlxWKxXF1dUVNFUdT27dsBAJqamubm5lwud8SIEbq6uig1Ly/P0dGRzWZbWVnp6emxWKzt27fThcc0GRLBmCm89lKSbC/eujJpy8SBbxQkai8eExOTcePGWVtbGxgYwF2T6SvVkKlRUFAQCH0BW3wbGxu4rZG7u7udnZ2qqqqnpyfMANee+vr6wjLhcDimpqZ5eXkwFc6iOHbsGLrgypUrFRUV0b83b95UVlbmcrmurq7GxsYAgAsXLjB5IoqimpubPT09WSxW7969nZycVFVVHRwcUCr+RXe09uLB2IqWlhbYCWhsbKyjozNo0CBoOhheGV+e9LWnnz9/HjlypJ6eXmpqKkVRBQUFcnJyAu7Et99+q6KiQi8WDOXl5e7u7rCJt7W1lZeXp69dwFhXa2trHR2dPn36KCoq9uvXz8jIyMbGhs1mP378WOAW9fX1Ojo633zzjcBxTHnK4qelpKQAAMaPHy8vL29tba2srKyqqnrv3j10X7xLg/fT8vLyzMzM2Gy2tbW1iooK3DMvKCgIpjJxaRBwR9XLly/Df2UUu+NMHIyA9/z5c3Rk586dAIDExET47549e2C/ocjT8UYM86IlGjGKQRMsDmjiFixYoKGhAYNbKigo3LlzB2XAlLbsgo0fP97MzEzcanJ8W0aJ/8AJDQ2FqstisVRVVZHziU"
10:43:44.900 [Forwarding screenshot on session 5e9977749cf8e028abefff19f425d7c0 to remote] DEBUG org.apache.http.headers - http-outgoing-4 << HTTP/1.1 200 OK
10:43:44.900 [Forwarding screenshot on session 5e9977749cf8e028abefff19f425d7c0 to remote] DEBUG org.apache.http.headers - http-outgoing-4 << Content-Length:101990
10:43:44.900 [Forwarding screenshot on session 5e9977749cf8e028abefff19f425d7c0 to remote] DEBUG org.apache.http.headers - http-outgoing-4 << Content-Type:application/json; charset=utf-8
10:43:44.900 [Forwarding screenshot on session 5e9977749cf8e028abefff19f425d7c0 to remote] DEBUG org.apache.http.headers - http-outgoing-4 << Connection:close
10:43:44.900 [Forwarding screenshot on session 5e9977749cf8e028abefff19f425d7c0 to remote] DEBUG org.apache.http.wire - http-outgoing-4 << "wBpslobW01NjYeP348/eDOnTtZLFZ2draMpS1RMArrcgtEAamoqAAAIHdIomB4/cTYXoli4z0x/ENJdGmkYsmSJQCAnJwciqKeP38OAAgMDESp0OvYt2+fwFlBQUFAzDK46dOnT5w4kaIoXV1dqdaeIoRPZC4YE/bs2QMAoH+rQmB/iLhlhZ6ennRPBoI3cQzFFtdLo6qq6u3tjf7l8/kqKiq+vr7wX29vbzU1NfoyVi8vL3V1dYGLiOwMaRexIbdu3QIA/PDDD+hIXV2djo7O119/LZwZgql0Eq1rbGysiooK9JkVFBTgPp0M154KcP78ebpHzbA8MUpy9OhRQ0PDz58/w5G2NsSiw5+IqXTikNgEIzC1NT4+XsBsQvD6iU9FDBo0yN7e/sOHD8zFZvhQ4noV2qVaURRVWFgIl9fTA41gmgx8owBj2MbExNBPsba2Ri/Fz8/P0NBwwIAB2tracNfPCRMm0G/d5kZ22rRpTL61Hz58CET1n8O+EUw3MkRRUZHu5wgwatQoVVVVgYNw7WlUVBSLxcrKyqL+d+0pE7GZRGtTVFRcuXIlXngCgUD4lyHF6GlWVhYAQGTw/Xfv3r1584aiKB6P9/LlS+EMEiP3itz3FPaJ9OvXD3bm3rhxAwDw66+/ogxo9DQ1NVVPT2/UqFGfP39GqatXr1ZRUeHxePDfoqIigQ4miWLDsUZ6PyAdiaOncLZdcnKycNKLFy+gYG/evKEPWtBLw8LCIioqqqWlhc/nX716FXoJmzdvBgAcP34c5oyJiWGz2bt376afjint2tra+Ph4eKn4+HiRYWF8fX3pPVMMxU5MTJSTk3N3dy8pKYFH4LoK+Ds2Npa+yRCU8MGDB9TfvXJwJ5XRo0dzOJyysrLMzEwAAOybgB3ltra28Mrx8fGKioozZ85EV9u3bx/q7i8oKDAxMRk5cqSw8MK9cnw+H65UhuXw6tUruGKAPnoKAJgzZw6MpAFnGj558kT44sJUVlayWCwUNK+1tfXmzZu1tbXw3+LiYi0tLWdnZ9jj//nzZw8PDx0dnbq6Opjhr7/+Qh2m9fX1vr6+6urq9HcKOwi0tbV37doFz0pKSoLdPXV1dUZGRkZGRsghzs7ORn0TEqsVJUk/8WCqlcTyxDwUHLacN29eY2MjRVFZWVkGBgY+Pj4Cd586daqJiYm0gkHgEKnIzveCggI4+FdVVRUfH49eE8WsPNscuRcuDjt06BBFUS0tLZMnT5aTkxN4IxixIampqSwW6+DBgyJTGxsb4dI9+kHoZ1+7dg0dWblypbKycnV1NUVRxcXFqqqqaAQlOTlZQ0Nj6NChKDN+9BSvn3glYaIGbm5umpqajo6OcJC7vr4ebfWBYeHChWpqarW1tY8fPwYAwL1VAgICBg0aBDNgjBglSQ2ysrJOnz4NZaYo6sGDB3Jycmj7qI8fP8rJyfn5+cEv/z///FOg3Rk6dKimpiaciNPa2rpx40YWi0X/AMY0GXjwZgqC0V6M7ZVoXZm0ZeLANwp47ZWIiYkJAODkyZMURTU0NLi5uXXv3p2+gzJEeBM72L8P15nBEGQURR07dozD4UCLAUdPra2t4dDOs2fPlJSU5s+fD0+XOHrar1+/AQMGIC1KTU1lbpyjoqIAAJcuXYL/1tfXC/Q1UOJfdEdrLwa8rQgNDQUA7N27l6IoPp8fEBCAt4QC4MsTjZ5WVVUNGTLE2NiYnjpx4sSePXuimI319fXq6uqzZs1ieGt/f395eXkU06ympubPP/+Ev/HW1draGlYxOGJ95coVPp9vbGxM74GFHDp0iMVi0Sf6UJLKUxY/DQ5DqqiowBddVFTUq1cvMzMz1EUl0aWBCPtpFEXNmzdPSUkJtgJlZWVwKymB0VN8Ewz5/fffAQD0UMayiC2LiUtMTPQUQ2hoKEVRS5cuhZWxvLz8xo0bfD4fho5A474wJGD//v2RAtPBGzHMi5ZoxDBNMJ/PF/dQ33//PfW3iVNXV4fq9+nTJ21tbfp0MUxpyyIYZNu2bQAAgUm0CPx3BP4DByIxqKDIfU/Xr1+voKAA4yhCHB0dUX2XpbSZCIZxufGjpxJLG6+fTNoycWLjPTH8Q0FEtnTMyxNSW1urr6/v7OwM/4U9+GFhYS0tLTExMVVVVZ8+fQIArFq1SuBEcQM5MTExysrKMLB/O46eMhcMQ1RUVHh4+Lp165SVlf38/ITD57Zh9BRv4hiKLbKXpqSkBPy9O+CTJ0/g8FKvXr369u0LM9jb28O9VzMzM2EtXrBgAQBAIJq3yM6QdhGboqjPnz+bmpqimL2QlpYWT09PIGZiHL7S4a0rbK2Qz/z06VO4+B62VmvWrBGn/CJeJ0VNmDBBRUUFTVFiWJ7ilKSgoEBDQwOOUn85o6cSm2CEtKOneP2UqL0IOAtEYPwbLzbDhxLZq9Be1YqiKH9/f3rMXgi+yUCPLNwoNDU16ejoTJkyBR158uQJvXvWz88PAPD1119Djx3Ov4HeEYWtVhL9tN69e4vbK4oOfvR06dKlETToM9EhbR49bWxsNDMzW7duHfW/o6dMxJbYY0ZRVPfu3dFuCAQCgfAf4X9ir+GBcdstLS2Fk6ysrGDcG0NDw7YFlsSwceNGOITg6elpYGAAQ+7QSUxMHDFixIABA65du6aqqoqO5+fnw63R4b86OjqDBw+WSmx1dXVfX19pI5wg7t27Jy8vD+fVCjBgwAAYkMrOzg6FrRBg+fLl48eP53A4bDbbx8ene/fuLS0tBw4c8PHxmTdvHszj5eU1evTo06dPMxRJRUXF1dUVhgp0dXUVGRbGxcXF19eXHp2JidiHDh0CAAQHB6OwdUOHDkWxE0eNGkWP/wPjfty/fx8dgeFf4NoULS0tCwsLFosFvzog69atg1d2dXWdMGFCRERES0sLTFq1ahWKQKinpzdp0qSHDx9SFCWxNB48eJCRkbFu3TpYDprs20gAACAASURBVE5OTl999ZVwtsDAQBhDAxa7sAaKBHaowWluAAAWizVmzBgUz+3UqVPl5eVBQUEwVqqqquovv/xSXFwM56ICAGbMmIHiHispKc2ZM6eqqgqFtkMMGzYMftACAPr06QPXhVy6dInH4+3cuRPFszIxMYHuIwJfrZjopzgkViuJ5SnyoX7//Xdtbe1Dhw7B8Ibm5ubLli27du0a7NNpF8EsLCx8fX2dnZ2Fk/T09GCEk+7du7u6ugoHdZFoptqMqakprC8cDueXX35paWmB036ZiA0JDAzkcrlz584VmXrmzJm8vDyBiEBwLB+FQmptbY2IiJgwYQIMEnD58uXa2tqtW7dCS9K7d+958+Y9evQIhUPEw0Q/xSkJQzWoqKgICQmBQauUlJTgWiWJmJiYqKiowHoHVcXS0hJZIYlGDIhXA3Nz84CAABSZc9iwYQ4ODujckJCQlpaWXbt2wdg7CxYsQHYDAPDy5ctHjx5t2rQJRuJlsVg//fSTmpra2bNnBeQXbjIkPjLeTEkEY3vx1lX2tgyIbxTw2ssEBweHOXPmAAAUFRW/+eab6urqvLw8hufa2toqKioaGxvDRs3S0pLP5xcWFqIMa9euhZHZBg4c6Ofn99dff8FQEBLJz8/v2bMn0iJ7e3vmxjk/Px8AgF60kpKSl5cXw3M7R3tFgrcVx48fNzY2XrlyJQCAzWbD0RHmMCnP8vJyDw+PwsLCBw8e0FPnz5+fn59/8+ZN+O/ly5erqqqQMuPJy8u7ePHi7NmzUVw7NTW1b7/9Fl0Kb12RswQAsLOzY7PZZmZmdGcJAMDn8/fs2ePt7S0QuA9fnrL7aV999RV80To6OqtWrfr48SPsPQSMXRphmpqaQkND/f39Bw0aBADQ0tJau3atcDaJTXBkZOR33323ZMmSP/74QyCpbWLLYuLYbLaSGGA9+vz5MwBARUVl2bJlXl5ef/31F/y6gcdhp97s2bNTUlLWrVsHr19bW3v58mXUFGKMGJMXLc6I4ZtgcQ9Fj0o9Y8YMqH49e/b08vKivymJStJmwY4ePbpt27ZZs2YdPHjw8uXL8Go5OTlXr16Fv/HfEfgPHFkICAhoamq6dOkS/Dc9PT0pKQlOBGmX0m"
10:43:44.901 [Forwarding screenshot on session 5e9977749cf8e028abefff19f425d7c0 to remote] DEBUG org.apache.http.wire - http-outgoing-4 << "aCSJcbD14wifopS1vGxBNr20NJVZ5r1qwpLS3dv38//BdV2JMnT44dO3bFihX0CiuR2traxYsX//DDD/TWs12QUTDIV1999fXXXwcGBg4dOjQoKEiq/QIkCibSxDEUW2QvDTo3IyNj8ODBMMyDqqoqOvfz58/Qy3Vzc3N1df3w4YPIi4vsDGkXsQEAGzdu5PF4ISEhMGYvZObMmenp6V5eXvPnz8/OzoYHExISYHvE5PNHnHV9+PBhRkbG2rVroQVzcXGZPHkyOktBQUGc8gu/uHPnzkVFRf38888owjDD8hTHihUr+vXrN2XKFCaZOw38i26XK4vUT4naixg3bpyvr6/Adw1D/cQ/lMhehfaqVpGRkRcuXNi+fTvd5jNxacQhLy8/c+bMK1euoJynTp3q1q2bQIfer7/+CnsVVqxYoaenh75BMNVKop9WUVFB3zjg7Nmzp0+fPn36dEZGBl5mOocOHfqKBpzq2i6w2eyFCxeePHkShgRHMBGbSce+hYVFfHw86owlEAiE/wKM9j3ds2dPVFTUs2fPFi1a1Pm7bFpbW6PfXC63tLSUnpqbmzty5MjKyso1a9bQfVAAgI+PT3h4uLOz8+TJk11cXNzc3EQ6ghjMzMzQZ7ZUzJo16/Xr1zweb//+/fSt/qQCzkCkk5GRUVVV1djYuHPnTjj6DQCoqKh4//59224hEhjxUlpevnxpaWkJJ7wL09raeu7cubNnz+bk5FRXV8ODNTU1KAN8NYqKivAHi8WSl5eHG8dC6Bvb9OnTJyIi4uPHj9D3ys7O3rdv36tXrwoKClpaWiorK5ubmxsaGiTuWwDLjX5l4V3xtLW1UXcJCmuJvyzEwsLCxsZm06ZNSUlJw4cPHzZsGN1TfP78OYfDuXXrFpoLCf1L9Cqrq6uDgoJu376dl5fX0NDQ0NAgUGIQYSUBALx8+RIAMGrUKIx4+GrVcTApT5EP9fz5cw0NDRj+CABAURRcVfPhw4f2mrExfvz48ePHt+3cjitPuI0N/G1raysnJyfQL4wXOzc3Nyws7McffxRZHSiKCgwMHDVqlMAemXJyclOnTj116lRDQ4OSktL9+/fz8/NRjx6cQdyvXz+UH/5++/atOAtAR6J+YpSEoRro6uoKbIWFuHXrVnl5OfxtZ2dH71NDVoj+G1khiUYMYNXgyZMnhw4dysjIgAtcCgsLHR0dYdL79+/V1NTQzmcsFsvBweHFixfokQEAmZmZyOxTFKWkpCRs9kVWHDx4MyURjO3FW9d2acvENQp47WWCwHsEAJSWlgrsWi0OgbYMqpO4tszR0fHMmTM8Hg+Go8Tj4+Nz/Phxb29vT09PV1dX4U06X79+jXaW4nK59J0OPTw8lJSUxo0bN23aNFdX1xEjRtD37JRIJ2ivSPC24v37905OTmgvJVNTU+GtCjFILE8AgIeHR1pa2pYtWwQsm5eXl6GhYXBwsLe3NwAgJCTEysqKvtUrhoSEBIqixD2UROuKN1OQ8+fPf/jw4dSpUwIXx5dnu/tpUGy40SNDl0aY3NzcpqYmvJ8GGDTBO3futLKygsvWBWib2LKYuD59+uA/LmA3X2tr67Bhw5KTk52cnGD4H9hnN2vWLC8vr+DgYEdHx++++87d3d3X17e0tHTSpEmJiYmamprCBQJoRkzaF003YvgmmMkXE+ZNSVSStgmmr6+/YsWK3bt3L1u2rKqqau7cuU5OTiYmJvfu3Vu5cmVlZSWQ9B2B/8CRhd69e/fu3Ts8PBzObwsLC5OXl0fdvrKXNhPa4DngBZOon0xsrziYeGJteCg2m828PA8ePHjkyJEjR46gfeNQhXV0dLS1tR05ciSfzwditqMT5scff2Sz2WjYQJiWlpYLFy6gf0eMGAGn3kqEiWAYzwFSVFRUX1//8uXL1atXDxw48Pnz51L5D3jBRJo4huUpspcGnaurq+vq6go/Dfh8Pn03ytbWVgCAp6fnhw8fdHV1RV5cZGdIu4j95MmTgwcPrl+/nv7ldfHixfDw8MTERGNjYycnp6+//vrhw4fy8vIHDx6sqKi4fPkyk88fcdYVtjvIbQMA9O3bFw0g/frrr8JPKpJnz57NnTt32rRpMDiHVOUpkqtXr16+fBk/j0qifrYZTLXCv2hZwOunRO1FwGWj4i6O10/8Q4nsVWiXalVZWbl06dIhQ4bAWY8IJi4Nhvnz5+/evfvs2bNLly6Few9//fXX9OU06urqaBoEh8Oxt7dHHSmyNLLy8vLwGSEzZ86E/x44cADNA5PIgQMHvv76a/QvXWzZmTt37o8//njhwgU0OQy0k9gAgH379s2bN69Xr159+vQJCgpCO7UTCATCvxhGTkDPnj2tra2TkpIyMzObmpoYbqbdXggMeQqsKSwoKPj2228fP34MByzpTWxAQICqqurJkyf37t1bVVWlrq4eFhbW5oWkUtGrV6/6+vr09HQYSqVtCLdD8PuwsLAQrgOGaGpqDh8+vM13aS8+f/4sciUrZPHixcePH58zZ87EiRPhLghTpkyhN94Q+vczi8WCfhiEvo4K/oYdKxkZGQMGDNDX1583b56xsbGcnNy5c+cuXLggfHFh4Ic3vb9VuO9VeMSdyapWAICcnNyDBw8CAwNjYmLg1k0+Pj4XL16Es9tqamoUFBQEpkt7enrCl97U1DR06NC8vLxFixbNmjVLWVk5NTV169atwg8l0lmBA7F0V0kYfLXqOJiUp8iHgiVG13wAgKenp7RTIjqIjitPuuazWKxu3bpBzWfInj17FBUVYbgeYS5fvpyeno6mz9MJCAg4cODAtWvX/Pz8wsLCtLW10WK1uro6AcHgHBF4XCIS9ROjJAzVAOPEb9y4MSEhAf5ev3698IoEcVaIiRETpwZhYWHTp08fNWrUnDlz4JZpP/74Izq3urpawPLQ/4VmPz09HU1FBwD069dPYFUZ/qnFgTdTePC2F29d26UtE9coAKz2MqHNZh+BtAj+ENeWwYrDcAH94cOH7e3tL1y4sG7duqamJhsbm2vXrtGHXU+fPg23JQMAuLi40PuYLCwsnj59um/fvnPnzu3du5fD4WzZsgXuASmRztFekeBtBf7WEpFYngCA7t27T5s2bfv27WPHjnVxcUHHORzO3Llzd+7cWVZW1tDQcPv2bRhAUvaHYmhdMc4SAGDXrl2DBw8eOnSoVLfuOD+NuUsjDBM/DTBognk83qBBg9BYO522iS2LiSsqKoLxRYVxcHBwcHCAm5VWVFQsWrRo0aJFAADYbGlqar558yYlJQXW9FWrVsXFxc2ZM+f169dwCSbcCVK4QOhlIu2LphsxTBNMUdS5c+dEPpSOjs7IkSNFCoakYq4k0goWGRnZ0tIyf/58AMDJkycdHR2//vrrBw8eFBYWwuKS+B2B/8CRkYCAgE2bNhUXF+vo6ISFhXl5eaEaKntpM6ENngNGMCb6ycT2ioOh9kr7UMzLMywsbMWKFT/99BOMjghBFXbixImwX/7Dhw8AAIn9/gCA/Pz8P/74Y+HChTC4IgCgsbGxvLz88uXLjo6OsNO/oaEBblYHiYmJYejSMBEM4zlA1NXV1dXVfXx8jIyM+vbte/Dgwa1btzK5OxPBhE0cQ7HFAfNUVFSoq6ujKAKVlZUwohK8eHFxMQDg5MmTKJXFYjGZ7C672I2NjfPnz7e1tYU7biDCw8NdXV3hJ0lYWNiwYcM2bNiwZ8+ewsJCWDWYfP6Is65wjoiwXwGJi4uDcVmFoY/rvH371tvbe+jQoSEhIQJl0ubyXLdu3aBBgzIyMuC6NxjKIioqysjICK19lKifbQZTrfAvWhbw+ilRe/Ew1M82PFS7VKvVq1dXVlYGBwfTPTGGLg0Ga2vr4cOHBwcHL1269PLly5WVlbC5RwiEYoIbGcDfmGol0U/T19dPSkpCBxsbG1+/fi0wGV0iampqaL54u9OjRw9/f/+goCC4kQSkXcQGABQWFhYXFw8YMABupdw+EhMIBMKXDaPR02nTpk2bNs3b23vSpEkxMTH0cB8MgVOWOmKEpk+fPn/++WdycvLAgQPnz59/8eJFeurEiRMnTpzI5/Pv3Lkze/bsb7/9lsfjtb"
10:43:44.901 [Forwarding screenshot on session 5e9977749cf8e028abefff19f425d7c0 to remote] DEBUG org.apache.http.wire - http-outgoing-4 << "sMwsBWatWqVbt37/7+++/b1i4K9/Lo6OgAAAICAgTCbArQcaWNQUdHR1zZ1tTUnDhxYvny5XDTKQBAG95CSUkJ+rSGsymhx3bixIn6+vpHjx6hmbDo+1Mi8AoFBQVotiY9vqLs9OjR47fffvvtt9+Kioq2bt0aFBQUGhoKw7jp6OiwWKyYmBiRE67j4uJSUlIiIyMnTpwIjwisLEGI7AqEesLj8USGX/7yEfdQdnZ2zF/uFwV+Wj0+lf5NC5dEMPyIAgCUlZUdP3584cKF4j6Ndu3a1a9fv9GjRwsnubi4WFpahoeHT5gw4eLFi1OnTpWXl4dJ8AOspKQEfdXATyZ4HAAgJydH78yC3+0IWfSToRqIVCHIkydPUHc/80nEMhqx33//3cnJ6datW0iw9evXowC5hoaG169f5/P50HSD/zVEsLh27dpFH7wRCeapMWDMFEScfuJtL966MmzL8IhrFABWe7uckpISNL0X1m5Yj6A2YiqOvLz8qlWrVq1aVVtbe/r06WXLlm3ZsgXu/QnZuXMnil4rrAyOjo6wzys1NXXp0qVbtmyZNm0afS8GcS+6c7RXJHhbYWhoCPfjhPD5fKkW/UssTwBATEyMgoLCy5cvp02b9vr1a3oXzNy5c7dt23b27Nna2lo2mw03bJbqoUSmSrSuEomJiUlKSrpy5Qrm1sLl2V5+GvpNr5LMXRphkCVBR9rmp40bN87GxqYdxZbFxKWkpNA7bels2bLFwcEBmojMzEz0pmDnsrW1NeyOR7U1JCQEDgd6eXnZ2dlJXBMm44vGNMEtLS3iHsrNzU3ieJ4sSoIXDG52AEtMU1Pz7NmzI0aM2LhxY3JyMowBK/E7AvOBg2hzONPp06f/8MMPERERrq6umZmZ9Ajk7VLaEgUT6TlI9OLECQa7m/H6ycT2ihSbufZi3CGRV+bz+UzK8/r167NmzVq+fLnA0BeqsOgIqrDixEBUV1fz+fzDhw8fPnwYHaysrJw0adKBAweWLVsGAFBTU6NXB+Zd1UwEw3sOdBwcHNhsdrtsTYIxcQzFFoeamlrPnj3p59bW1ubn56OgC1ZWVomJiXV1dciNycjIMDExYTIZV3axf/nll4yMjKdPnwrESysuLkaa6erq+ssvv2zcuHHgwIFwuSeQ7SsYTiYoKSlB0WXord6WLVseP34s8kQ0epqdnT169Ghra+vIyEgB9ZOlPCsqKtLT0x88eEA/6Ofn5+fnh1aFMtdPacFUK/yLlvGmGP2UqL14GOpnGx5K9moVGxsbHBy8d+9egRBH0MVl4tJg2rL58+fPnDkzJSUlJCSkd+/eAnH1BT4NSktL0dciplrFxsbi/bSBAwc+efLk7du3MMgth8NB30FfDosXLx42bFhKSgo60l5ib9261cHB4c6dO+0mK4FAIHzxSOGFODk5gTb1p4C//bbc3Nw2nIsHbWqya9euS5cuHTlyRDgPh8MZPXr0lClTioqKmEx1RxQUFGzYsGH79u1tk83Jyam1tVVgPypZMDMzMzc3j4yMxI+MyljaoaGhGzZsePbsmVRnjRw5Mjc3F+76LkBtbS2fz6f31ons18MTFxeHft+5c8fQ0BAOCFVVVXXr1g15Vw0NDWgrMom4uLhwOBz6HgPXrl2TVjAAwNatWzds2CBu5iYAQFdXFy5MgZvPAQA8PDzq6urEfQVVVVUBANpcYvA7X2RQl/YiOjp68+bNsbGxHXcLATw8PB4/flxUVNRxt3j8+PGGDRvCwsLa/cpwhwlxK8zwqfHx8ejr7t69exRFCSyXxIh94MCB5ubm1atXi7zyvXv3nj17hhm+CggIuHbt2qVLl8rLy+mBT+GM4Nu3b6MjN2/elJOTQ1GhdHV16fbn6dOn9MvKop+yqwF9gx/mo6cyGrGqqioTExP02Z+cnEwPSzBkyBA+n4+MT3l5OZrYCwBwd3dns9kCE4OkhUlbJmymIOL0E2978daVYVuGF1tcowARp72ItrV0skMXOy4uTk9PD65qglNqUMWhKAqGvRVGVVV14cKFDg4OAm9KTk6OydZ3Dg4Oq1evpiiKPiIFsC+6o7VXnBHD24ohQ4bEx8ejlvfmzZsiN+CR2ECLK08AgLKysqqq6tmzZ/Py8tDWpBATE5PRo0cHBwefOnXKx8dHeGmaOO11cXFRUVER91ASratEdu3aZWdnJzKcO6Y8O8JPY7FYMJitLC6Njo6OpaVlu/hp4ka42ya2LCbOzc2tRAwweqeHhweLxUIXpCgqOjraysrKxMTExsaGxWJFRETAJG1t7TNnzjx//vynn37asGGDxHKQ8UVjmmA5OTlxD8XkFjL6vRjB7Ozs+Hw+2lt06NChP/300549ex4+fAjjB0r8jsB84CA0NDQYRhEQwMjIaPjw4eHh4eHh4d26daPX3HYp7bYJpqurW1paipa8C3hxGMGk0k+M7RUpdruYKZEtHZPyfPDggb+/f0BAABq7RfTq1cvExIRuAaKiothsNpMxD2tr65r/RUdHZ9CgQTU1NfTlrfRd95iPITERjKHnAP6efdgu67AxJo6h2EB8Izt69OiXL1/CURkAwLVr1/h8Ptp5avTo0Xw+H9XxgoKCly9fCu9LJdJFlFHs5OTkwMDAdevWCa/0srOzS0hIgJNjAADr16/38PCYNm2arq4unFAiy+cPjDBPX0hH/36/du2aOOWHGQoLCz08PHR0dK5fv47GxhAMy1MkHz58oGs+3IW9srISbhAOYa6fbUBctcK/aBmRqJ+YVIRIzxYvNsOHEueQy1Ktamtrv/32W+GYvUCaJgPTlvn7+2toaGzfvj02NpY+/RdSX1//5MkT+Lu6ujohIQF1pGCqlUQ/7ZtvvgEAiNwP4sth6NChDg4O9O7x9hKbx+OJ2yOprq5u8+bNmzdvFoiLQyAQCP94KMbAjrbffvuN+SmIwsJCVVVVNze3CxcuXL16taCgAF0zMTExMTERfiE8e/YM/tvS0kJRVHBwMAAgMzMTXcfR0dHT0xP9279/fxcXF/i7tbV17NixysrKMGA9RVErVqw4dOjQ27dvKyoq7t69q6+v7+7uLpXYiYmJAABdXV2RqXB7quDgYHGnQ8/jxYsXUt2Uoig4p7WmpkY4CUYWmjp16qtXr4qKip4+fQr9J3oecaXNEF9fXwBAUFCQVGcVFRXp6Oj07Nnz4sWLBQUFmZmZW7ZsuXbtGkw1MzOzsrJKSEgoLi7+66+/4KKKNWvWUH/r1dWrVymKWrNmjYWFBTxFUVHxwIEDFEXBBl5LS+vKlSt5eXlwf449e/bAbHBnr59//rmkpCQ1NXX8+PHdunWjl17i3wAA5syZA3/n5eXB1JkzZ3I4nG3btsXFxS1YsADGy0pLS4Ops2bNMjAwQM8InbYdO3YIPDsMS4LOgrx48WLOnDl37twpKiri8Xhw+jAc/aIoqrGx0dHRUUdHJzQ0lMfjvX///sKFCz4+PtnZ2RRFvX//Xk5OztfXNzs7OycnZ/PmzXDJCywlCPwKoh+h4+7urqiouHv37g8fPuTn5wcHByOxJVYrJsBIsJs2bZLqLInliXmozMzMbt26OTk5xcbGFhUVJScnHzlyxNfXVyDb1KlTTUxMpJIKsW/fPli5pDqLSXmmpqayWKwJEybExsbGx8fDt4xoaWnp2bOnjY3NlStX4uPjk5OTUZK2tjabzZ42bVpWVtaLFy9sbW11dHTq6uqYiP3582dtbe3Zs2eLk9zT09PCwgIaW5HASak6Ojqmpqatra3oeENDg7m5uZ6e3s2bN/Py8vbv38/hcOg3+v7771ks1rFjx96/f//nn3/Cxffx8fEoA0Y/8UrCRA3c3Nz69+8v7qHEsXDhQngWjLgYGhpKUdSOHTu0tbVhBowRoySpwZw5c5SUlK5cuVJWVnbv3j1ra+tu3bohIZubmy0sLHr06BESEhITEzNs2DBtbW16u7N48WI5ObmtW7e+e/fu06dPsbGxixYtCg8PRxkwTQZEXFuGN1MQcdor0fbirSuTtkyc2PhGASJOexHiWjoTE5OAgAD0b2RkJF17MzMzYSPSv3//3r17w9/p6enU3y0+fPz+/fvPmzePoig4lA"
10:43:44.902 [Forwarding screenshot on session 5e9977749cf8e028abefff19f425d7c0 to remote] DEBUG org.apache.http.wire - http-outgoing-4 << "jdkmPHjgEANDU1IyMj8/Lydu3aBQCgbwjq7Oysq6t7+/bttLS0FStWdOvWTVFREaV6e3tfuHAhOzu7tLT0xIkTHA5n69atws8lkqNHj27atOnly5fl5eVv3rwZPny4urp6VVUVPY+4F93R2kthbS/GVqSnp8vLyzs7O0dFRYWHh8N9T4UvIrKBlliecFuv+vp6+O/OnTsBAMePH6dfAa2NiIqKEpYc40D+9NNPAIB58+YlJyeXlpbeuHFj/vz5MAlvXa2traHNuXr1KgCAx+NRFOXp6enn5wczwEGOkJAQ4ZtKLE9Z/DQ4sV1OTi4wMDAvLy8yMhKOA8FsEl0avJ8GA8HNmDHj9u3bu3fvhjuToZrL0KVRVVUdNWqUwEEZxZbdxGHw9/dXVFQ8ffp0VlYWnAKF1G/BggUsFuv777/PzMwsLi4+evQotL03btyAGfBGDPOiJRoxhp6YSOCsi2PHjqEjK1euRCYOX9qyCNbY2Ghvb9+9e/ejR4/m5+d/+PABThrT1tb+9OkTxaAtw3/gQKZMmaKionLy5MknT57Ex8cjzwrTZCCOHj3KYrG4XO6sWbPox2UpbYmCUViXG/awL168OCMjIyYmBi5SYeiJSdRPJm2ZOLHxnhj+oSB4h1wc2dnZ3bt319HROXjwYBCNnJwcmOHgwYMAgHXr1sE9p+Xl5b/55ht0emtrK8w/ffp0AMDKlSuDgoLOnTsn8l66urpDhgxhIhXk+fPn8OLdu3e3sLCAv7OyspgIhoHH4/Xr1+/333+PjY19+vTp4cOH9fX15eXlX716hfJcvnw5KCgItmhjx46Ft0btJsTT05PuySAwJo6h2OIa2cTERDk5uTFjxrx58+bevXtGRkYWFhaNjY0wta6uzsjIyNTU9OHDh6mpqaNGjVJQUHj79q3ARcS5iLKIPXDgQEVFxd9//z3of3n9+vW7d+9UVVWtrKxu3LhRWlqakJDg4+MDABg6dChUfnylw1tX+BbU1dWjoqLy8vJ27NgBV5sJ+0Ui6dOnD6ykdJlRgyKxPJkoCWTq1KkAgObmZiZSURSVl5cHrwZHow8dOhQUFPTw4UOYKlWlEwb/ovGVDgJbKOFeI7x+4lMR4jxbvNj4VIg4h1yWagWHG1evXi2g+devX6cYNBkQTFtGURT8gFVQUCgtLaUf9/PzY7PZvXv3TkhIeP/+PdxW/OXLlzBVxkZ28eLFAIDvvvvu1atXycnJa9euBQAcPHgQpp47dy4oKAge9PPzg4+M1Bs6ZphuZIiioqKwQ5uVlQWvZmNjo6ioKFAlYac6utGhQ4fgp0pERAQTsRmiqKi4cuVKkUloUJ95XSYQCIR/BFKMnsKYVIGBgW27U0xMjL29PXTXkPnetGkTEEVFRQUl5egplFBHR8fe3h6OLnz33Xf0LVpHjBiBPnIYIuPoaXh4OADg+fPnUt2UktQVfvr0afo2AEZGRnR3GSKytBnSttFTiqLS0tKGDBmCBLOwsHj9+jVMio+PR1PbdHV14dw0qUZPf/vtN/g2WSzWrFmzUHvc2tr67bffwmgeLBZr6tSpcKoaLL3m5maRCoba+5qamhkzZigoKLBYrHHjxsF9FzIyMmCqWjuRhQAAIABJREFULKOnb9++pQdF1NDQ2L9/Pz1DcXHx5MmT0VRHeXl5Dw+P8vJymHr06FG0dbyTkxOsC8xHT6uqqmbMmIGW1mlqasJNDal2Gj2dMmUKAODs2bNSnSXL6ClFUS9fvuzfvz8qUnV19cWLFwvk+TJHTymK+vPPP62srGCkJmF388GDBy4uLvBrwdHRER3X1taeOnUq2gxSX1///v37DMXet28fi8US7hGAQON25MgR/NPBhVAbN24UOP727Vs0c5PFYvn7+3/+/BmlFhQUoJVSffr0gfuq0kdPMfopUUkkqkEHjZ5ijBglSQ2KiorQHoRKSkq7du0SEPLdu3fDhg2DqWvXrp0xY0bPnj1RanNz84YNG+gzvvv27UsvzzaPnko0UxCR2ou3vZQk60oxaMvwo6fiGgWEOO2FtG30lN7GIWCdZTh6unv3bmTbAwICmpqa0L0ePXqEdrz76quvlixZQu/8cnV1Re2FnJzcvHnz6OfiOXv2LD3+laWlZVxcnHA2kS+6o7WXwtpejK2gKCo6OhpGb9bR0Tl79qyRkdH06dMFriCujwlfngKjp3w+f+TIkSoqKvTrNDU1cblcXV1dkR0EGAeytbV1+/btKA6wvLz8ihUrUCrGukocPfX19TUyMsIoBqY8ZfHT4DDk+vXrjYyM4BWcnZ3h0BQE49JI9NMoivr111/hynJ7e3u4iPDo0aMwSfbR07aJTbWHicNQXl6O9mBTUFCg27HGxsYVK1agVThwRMfDw6NHjx5QeLwRw7xoiUaMYuaJiURi/z6mtGUU7NOnT/R9Iu3t7SMiIvT09IYPH97S0iKxLaOwHziQ3NxcX19ftFEL/IylsE0G/V1Dq3vr1i2BQmtzaUsUjMK63K2trShoIZfLhfEDGHpiEvWTSVsmTmy8J4Z/KATeIRfJw4cPhd8j/Uatra1r1qxBpnX8+PHV1dXodJFWzt7eXuS9pB09FdmXgr798YJhKC8vHzhwID2oo6Ojo4DnIFK9S0pK6HnEjZ5iTBxDsTGNbFhYGFxkDACws7N78+YNPfX169doAwUtLa2LFy8KX0GciyiL2Mi+CQBXJjx+/NjW1hYeYbFYY8eOPXXqFJvNRjOVMZVOonXNzc3t168fPNHc3ByaOIajpyIDe9IrHb48mSgJRNrRU3qUDsTSpUthqlSVThj8i8ZXOoi40VNKkn7iUyHiPFu82PhUCMYhb3O1GjdunHBxAQDGjRtHMWgyIJi2jKKoV69eAQAmT54sILOfn5+FhcXKlSthE6+kpCTwnStLI9vS0rJ582a05728vPy8efMqKythqr29vfAjI79CltFTtFSXDqqSAqOn1dXVUEKkn3ixGaKgoLBq1SqRSTC6u7W1tVQXJBAIhC8fFsV4d8za2lo1NbU1a9bs3r2b4SldTmNjY3Z2dk1NjZGRUbuEmqGTnp5ua2sbHBw8e/ZskRmuX78+bty4q1evwvmD7QhFURkZGdXV1fr6+sw3QewcCgoKeDwel8s1MzOjb1HQ3Nz8/v375uZmW1tbqbagO3jw4PLly3k8Xvfu3TMyMnr27AlDE9MpLS3Nzs42MDDQ19dvg8x8Pr+1tVVeXn7Hjh2bNm2qqKig73IvC0VFRXl5eaqqqmZmZgJ7nEAqKiqysrKUlZVNTU0FPqtqa2szMzNVVVUFtohgTnV1dWZmprKysoWFhci7tw2KonR1dXv06JGSktK+e5AwgcfjFRQUaGlpmZiYfDl7GXYQXC534sSJx48ff/fuXV1dnYODA8NHhgvC+vXrd/nyZZEZpk2bdvfu3ezsbCY704jj/fv35eXlpqamcI83Oq2trZmZmXw+39bWVtxWJbLoZ5eoQZuNGCQ7O7usrKxXr1703RPpNDY2ysvLs9lsT0/PkpIS+ClIT01PT29tbTU2NkZjbO2CRDOFQaLtxVvXtrVlTBqFL5mampr09PSePXvSR1YgDQ0N796909LSQsM5dKqrq3NyclpbW83MzMRpkTgoisrJySkpKenRo4exsbG0prtrtRdvK+rr65WVlSmKUlZWXrJkyd69e5lfts3lCQAoKyszMDBYsWJFYGCgtOcCAJqbm9PT01taWiwsLITvjrGu4khPT7ezs9u7d++qVavwOcWVZ5tNXGpqau/evUNDQ6dOnZqamqqioiK8k5aMLg1FUY2NjUpKSvHx8YMHD75y5cqECRPacJ12F7sjTBwiNze3uLjYwsJCePPympqad+/eKSkp2draSrttlYxtGeiwJlh2vxcjWGFhYW5uLpfLRRtm02HyHSHuA6ej6Sq/Ny8vr6SkxM7OTpxjgBEMr5+y2F7ZtbfjKC8vz8rK+gK/zdss2OfPn/Py8mpra42MjJg3RszBmDggW3k2NDSkpaUpKyuL3PGaoqi0tLTGxkaMeneJ2JmZmRUVFZimXxZrkJ6e3tDQ4ODgwHzjEobIWJ5fLPgXLQt4/cSnSgQvtiwP1XHVSh"
10:43:44.902 [Forwarding screenshot on session 5e9977749cf8e028abefff19f425d7c0 to remote] DEBUG org.apache.http.wire - http-outgoing-4 << "aXBgAQHR09fvz4a9eueXt704/7+/u/fv36/fv3+fn5nz59sra2FtniyFKtGhsb371719zcbG1tjYYkv3xkEbuiokJLS2vLli1wTbkAhw4dWrZsWVhYGNo4mUAgEP4dSDF6CgDo37//hw8flixZYmFhATex/y8DR08VFRXl5OROnDgBZ8zRKSkpMTY2NjU1nTlzZv/+/RluAkEQAHWUd8S3aEFBgba2Npzv1tTU5OLiIi8vL263OQIkOTnZ0dHxwoULcIcSQseBRk+lPTE9Pf3gwYMLFiwQuVteU1PTunXrhg4d6u/v3x5iEmQlJycHLafIzc21trZevnx524Zkvhw6zrp2aKNAkJYu1N7s7GxTU1P4+/z581OnThXuOuk4fvjhh127dr17967NIz3ty9WrV2/fvr1jxw5xC1w6DjQMCXdUal9qamqamprQoPuSJUuCg4M/ffqkpaUl45VlFJs4kAQCgUAgEAhdCJ/PHzFiBI/H+/Dhg8DcUDR62lWy/ctISUm5efPmjRs34uLiYmNjRe7tPXny5KysrNevX3fmJDMCgUDoBKSbenbp0qXff//95cuXqampZPTUxMQERfIRnq4OAOjRo8ft27dPnjwZGxvb2NhIRk+/QM6dO7dt2zY3NzdNTc2HDx/m5+eLjANDoKOmphYaGjp58uSuFoQgFhsbG7j7jkgUFBR+//33zpSHgGflypWpqamDBg0CAMTExBgbG8OwWv9oiHX9j9CF2uvk5GRlZdW7d++ysrLo6Gh/f/+xY8d2wn1/+OGH27dvJyQkLFmy5AsZOgUAjB8/fvz48V0tRfuTlZXl4uIyYsQIU1PTt2/fPnr0aP/+/bIPncoOMXEEAoFAIBAIXYW3t/e7d+8+fvwYHh7e+RHR/mtkZmZGR0fr6emFhYWJHDoFAHzzzTe9evUiQ6cEAuHfB0fkintxaGhoeHl5zZgxA+2G8l9GXl7e+G/EzfQ3Njb29fWdNWvWiBEjOlm8fw18Pp/L5Xp4eHREKBhDQ8MePXrU1dU1NDS4ubkdPXrUwcGh3e/yL0NTU7NPnz7EK+oEGhsbhwwZgjbCIfxbsbKyUlFRqampYbPZ06ZNO3z4MNpa5p9Lx1nXDm0UCNLShdrr4ODAZrOrq6s1NTXXrl37448/dk7XCY/H09bWXrZs2ffff0+aQgAARVEcDmfkyJF6enrtfvHu3bubm5s3NzfX1NRYW1vv2bOnveJeyCg2cSAJBAKBQCAQuor09PS+fftu376dvrs5orm52cbGZvDgwZ0v2L8SW1vb2bNn+/v7Y9xdW1vbdt8vj0AgEL4EpIvcSyAQCAQCgUAgEAgEAoFAIBAIBAKBQCAQCP9WSHwDAoFAIBAIBAKBQCAQCAQCgUAgEAgEAoFAAEDa0dNnz555e3ubmpra29vTj8fGxl67dg0AkJCQcPr06fYSzt/fn/U30dHRIvOEhoa+evUKABAdHR0XFyfV9TtI7M7B19dXZIQKgjCyvOg3b94cP34cAJCfn3/8+PGKigqUFB4ezuVyP3782L7SCnDt2rUhQ4bo6+tzudyrV68yEUwi5eXlx48fLygooCjq+PHjb9++RUk8Ho/L5f4jqsPNmzfPnz8vLjU5Ofn48eO1tbWdKZIwnaMkBIKMBAYGcrncxsZG5qd8/PiRy+WGh4d3nFSE9uLWrVtcLvfOnTtdLYisnDp1Cu03/+XTQX4axu+dO3euoaHhsGHDMI2jRAoLC2fOnGllZaWrq/v+/Xt0HOM5yEJqaipy9QcMGCAyTwc5PF0I8Q2E6dev3+LFizEZ/tF+b3p6+oQJE4yNjblcLn1naBn1E2MNJJbnFwLeXS8pKTl+/DjdEHUV/5TyJPyXefz4cRucvT59+ixfvryDRCK0I7W1tVwu95dffulqQWQF34fTaXSmJyauLRPncncV/46WDr5ZhuWZnp6uq6trY2Mzd+7csrIy4QwNDQ0RERGbN29etmzZoUOHurx3sRO4dOnScSFaWlpEZoZe9KlTp6S6BZ/P37Rpk6Ojo76+vrTn/uOQqjwFtPfEiRP6+vp9+/bdunWryKixmO8IibpNkBpKGiwsLIyMjEJCQu7fv08/7uvr6+bmRlHUpk2btLW1pbomho8fPyYmJv71118AgKtXr4rMo66uvmXLFoqihgwZ4ufnJ9X1O0jszsHNzc3FxaWrpeg8Dh8+rK6uXlRU1IZzZXnR+/btg9Xk9u3bAICUlBSUFBwcDADIzMxsg0gM4fF4ioqKY8aMOXnyZGhoaE5ODhPBJJKYmAgAuHv3bnNzMwDgwIEDKAl6kMeOHcOcnpycrK6ufvHiRXEZjI2Nv/vuO+bytIGSkhIVFZV169aJy+Ds7PwlVJBOUBKCVEjU3v8mW7ZsAQDU19czPyUzMxMAEBwc3HFSyQJ50XTgzJuYmJiuFkQm4Cy669evd7UgTOkgPw3j9yYnJ0dERAwePFhOTq6wsLBt1583bx6Hw9mzZ09MTExtbS06jvEcZKG+vj4xMTExMXHw4MH9+/cXmaeDHJ4uhPgGwpiYmAQEBGAydKHfKzv29vaWlpZBQUGhoaHPnz9nIhgTMNZAYnlSFDV9+nRnZ+e2pbYXeHd97dq1KioqpaWlHS2GRJiUJ6Ez6Rz9/Gdx9+7dNjh7BgYGs2bN6iCRZKcTehX+KdTU1AAA1q9f39WCyITEPpxOozM9MXFtmTiXu6v4d7R08M2mpaUxyfz58+eYmJjAwEA2m718+XLhDGZmZhwOx8nJyc7ODgBgZmZWVlbW3iJ3AZiuEoGVcpCamhqR14FedFBQkFR3Dw0NBQAsXLjw6tWreXl5bXmAL4z2Kk8B7eXxeFFRUXPnzgUAiLw45jtCom4TpEWO+ThrdXV1VlbWpk2bZs2axfwsWTA1NQUANDQ0dM7t/llIu9D2n05jY2NVVVVra2tXC9KpxMfHNzY27tmzB7M3e+fD5/OrqqqamprEZaiqqqqrq+tQGf744w8+n//dd9+JTI2Li3vx4sWlS5c6VAbCPxGJ2vvf5Mcff9y8ebOcnBQuwRcOedH/Pnbu3Ono6Dh27NiuFoQpne+n9e7du3fv3ioqKuPGjUtOTh49enQbLvLq1StXV9fVq1e3u3giUVJS6tu3LwCgW7duUi1/JxD+KZSUlLx58+bAgQOLFi3qaln+h9ra2urq6raltgt4d72ysvLPP/+cP3++trZ2h4pB+CfSCfr5j8PNza25uZnD4XS1IO1JJ/QqEDoTfB/OvxJMW9bJLjdBGFVVVS8vLy8vr4iIiISEBOEMvr6+69at09fXBwD8+eefixYtCgoK2rRpU6dL2s5gukqSkpIoinr8+PGIESN27doF9bN9u4levXrFYrH279+voKDQjpftQjqoPA0NDQ0NDUeNGnXy5MmEhITJkyczF0mibhOkRYo6UF9fDwDQ0NCQ9h5lZWXx8fEDBw5UUlK6cOFCYWFhnz59vL292ez/Hzc4Ozs7JiamtLTU3Nx88uTJysrK0t6ig2hsbLx+/XpaWpqysrKzs/PQoUNRUmFh4Z07d3Jzc1kslpOTk4eHB3qce/fu6ejoJCUlffr0afbs2cXFxVeuXBk0aNCIESMAADU1Nffv33dyciopKblx44aKisqkSZOMjIzQlfl8fnx8fFJSUnl5ua6urre3t6GhIUqtr69H/XGamppDhgwRkLmmpiYiIiI/P79///7u7u6PHj2ytbU1MDAAAOTl5b1+/XrkyJFpaWmxsbEaGhoTJ07U1dWVqkzevXsXGxtbUVFhbGzs4+OjpaWFkjIyMjIyMsaOHcvj8a5cudLU1OTu7k6Pw/bixYsHDx40NDQ4OzuPGTOGfllMecbGxjY0NMBF6FBsAIC5uTmc/gOpqqq6evXqx48fe/To4evrC5u3TiMhIUFceUZHR1tYWFhZWV29evXt27cGBgZ+fn5qamoSxb5z505dXd29e/cAAM+fP8/OzgYADBgwQE9Pr3MeKi8vLzIysrm5ecyYMWjsNjEx8dOnT3CGUWJiInwQdXX1YcOGAQByc3OTk5MBAC0tLbm5uSjatpeXF2weEhISqqurXV1dz58/z+PxHB0dfXx8WCzW/2"
10:43:44.902 [Forwarding screenshot on session 5e9977749cf8e028abefff19f425d7c0 to remote] DEBUG org.apache.http.wire - http-outgoing-4 << "PvvOOiOPrHP3sc3FGUckg7moAcCkpRRNQIKooRFGKPaIwxhhiNRhMfjfrExxSN3WjUJGqsCXYFCxbsBRUFQRREsQBSpCiIdJjfH59f5rXfu9vZ5U7UJPf+gxe7s2Vu9rOfNrMzza1bZWXl2rVrP/jgA67WWLx4sUKhiIiIgM3U1NT8/HylnPuVK1dqamrgrUQIVVRUHDx48PHjx5aWluHh4exX8tatW6WlpeTIhoaGhIQEhULRtm1b9gUvXLhw9erVhoYGDw+PgQMHKrkCFCGhSy/va6WW/Pz85OTk9u3b796928fHp3///lu2bKmqqho7dizR4ZSXDvSMt7c3wzCqYoAQevny5ZkzZ7Kysqqqqtzc3MLDw4lUA48fPz5w4EBNTc3AgQPbtGlz+/bt7t27GxkZkQMo2oDXZNApKio6fPhwQUGBubl5ly5dunbtCjJGl17Ep3sRVbsCmtkyulEQIr0UUlNTS0pK+vTpc+TIkbS0NGdn52HDhrGFE1QN/M9u5Nra2pMnT3bo0OHw4cNGRkbjx49PSEhITU2NjIx0d3dn3yItLe3o0aOGhoaRkZFOTk5k/7lz58zNzTt16gSbT58+TU5ODgwMNDU1JcfANRsaGpydnUNCQpqVIb1169b58+efPXtma2sbHBzs6uoK+3kfdItKrxAouuLatWunTp0yMTEZPnx4WVlZaWkpqTYvNTU1cXFx2dnZUqnUw8Ojd+/eUqmU6+AzZ87U1NSEhoY2NDScOHHCzc3Nw8ODlMLTb9eunUKhEHh3im/ApV1v3bpVXl7OMMzZs2dB9W3ZssXa2joqKkrVLly+fPnixYt//PGH6q252lNjPw0hdOLECRsbG0tLy71791ZVVfXr169z587sm2ZkZFy6dKmwsNDExCQ4OBj6/wBeP62pqSkuLi49Pd3R0XHEiBE3btwwNTUFBcure4UAja9xtrG6utrOzk6DExMTExsbG3v27JmYmHj+/HljY+OIiAjyuBsbG48dO5aamiqRSPr160c0wxvk9OnTJiYmXbt2Ze88evSog4NDx44dYZPiGwhRcZQ4AtDYN6C3Ni903auZuy6wYhRdgRCqrKzct29fQUFBly5dQkJCBP6cV4Javxege2IU2U5NTc3Nzc3Ly0MIZWdng2Pctm1btePQWwK17QlGECFUVFT08uVL4q77+/tbW1vTSxFCjx49Sk9PDwkJOXXqVEpKir29/bBhw5TMqECU3HUl1q1bV11dTdLKEMb27NmTnYu4d+/e3bt3+/XrJ5FIEEJNTU3g7Ugkkj59+vj5+ZEjnzx5cuvWrV69ehFrfvnyZYlEoqTbNZZPuorTzLMV4onRXZrTp09bWFi4ubmprXZL+730KJgOl0vDK5+IaqAR1QQDGmcVKJ6DEOmlwJvDAVUD/wcEBLRp04YUCfS1CgsL9+zZU1lZ2adPn4CAAPbpvFEwl0MuBK6ojTer8KaiNgJFV/DGEXSEB0dpaWk5OTmBgYEymezcuXNisVjJ5zx79qyBgUH37t0F3rq4uPjo0aM5OTmWlpZ9+/ZlR3xc2lV4wIjU5XDeck+MLiQCPTElW8ZG1eUWqCuSkpLOnj1bX1/v4+MzYMAAdg7n3LlzXl5e5HXIzMzMzc1VGk+pjSfWcjkcesUoYoAQysnJOXDgQHV1NdcoW97g3cLCoqioSHU/THwChIWFIYQeP35M9vBmFRD1taKXauzS0MNJ3lQJDMGBvyKRSLWf78WLF3v37n3y5Imfnx87Jy+c6upqIyMj1a5TIe1Jl17N2pNu6egmWPv25JVeIyMjiUSicWjPJds6mo3wz1QLCgoQQkuXLlUtos+MCj7uTz/9JJfL9fT0wJjt2rULSlesWKGvr29mZubp6WlgYODm5paTk8M+PTExEWkxc+/27ds9PT2/+uqr5lb75s2bTk5ODMO4uLjAP3PnzoWiGzduMAwjkUg8PDzc3d0ZhunWrVt5eTmUKhQKKyurTp06SSQSPz8/BwcHDw8PkUh06dIljPGtW7cQQoMGDdLX11coFIaGhsbGxmfPniX3HTx4MELIysrK29vbzMxMIpFs27aNlObm5srlcrlcbmBgoDrTUV5eXtu2bUUikUKhMDIyGjZsGGJ9Rw+fgc+YMcPQ0NDFxUUkEtnZ2T19+lRtw6rS1NQ0bdo0hmFMTEy8vLyMjY2lUmlFRQU5AOZ+/PPPPw0MDAwNDcG9gLl26+rqRo8ejRCSy+Vubm4Mw4SFhdXV1QlpT19fX7lcDmJja2sLPx8eOnD27FmZTCaRSDw9PVu3bm1sbHzixAnhD5oO78y99PZECH3++edBQUEIIXNzc4TQpEmThFS7W7ducrkc3CYbGxv41UeOHBFSMSAzM9PT0xN+uBK8M5hNnDjRzMzMxcVFKpUaGBicPn0aSj/77DO5XG5lZYUQsrCwgFr1798fSrdv3w57GIYxNjaW/wV5lEOHDrW3t+/SpYtMJoMvywcPHtzY2Ciw2oTly5eLRKKsrCy1pTCyZuPGjWQPLJR148YNsqempsbU1HT8+PGwmZ6ebmNjo6en5+HhYWhoCA4fOXjcuHFyuZxswlJbixYtInvKysp69+4Nr2379u319fV79OgBRbxCwiu9lNeKQkxMDELIw8PDxcUFIdS7d+8OHToYGxuHhoaSVqK8dHQxwBi3bt1aJBI5OTl5eXlJpVIbGxsYVAUkJCRAM3p4eEgkksjISMSagIKuDTCfyaBz/PhxQ0NDS0vLbt26OTo6IoTIo6RLL+bTvXTtigXYMi7oRoFXeumA9I4cOdLMzAzCjH79+rEPAFXTqlUr9H9n7gWLb29vDxFp79697e3t7ezsLC0tYaYRmLk3PDzcwMAAqm1oaHjy5ElyBaXJfw4cOIAQSkxMhM36+vrQ0FCGYTp27Ojr62tsbOzl5SXkFwELFixgGKZt27YBAQGWlpYIITIbEu+DblHppUPRFRjjH374ASyFi4uLpaVlcHCwtbW1wCvn5eU5OjpCXsDDw0MsFk+ZMoWUKs3cO2vWLLFYvHPnTtj09PRUcif+/PNPhBD7aVKg+wYU7RodHW1hYdGuXTuZTGZqaurv7+/j48MwDFu7EgYNGuTs7FxfX8/eSWlPbfw0jLFMJuvVq5eFhYWzs7NMJmMYhu39rlixAiHUunXrTp06QSaOWHbM56c1NDRAaOTo6GhlZRUYGAhvKJTy6l4swO8Ft/nAgQPcD42GQqEICwtT3c87xWhQUFDnzp2//vpraBw9Pb327dtDUV5enre3t0gkcnd3t7GxYRjmhx9+UDo9NDRUm5l7AwMDPT09Hzx4ILzaY8aMkclk7Pf3ypUrCKGtW7fCJt03oKs4TI0jtPcNKK1Nh657tXHXeStG1xVOTk5hYWEKhUIul0Mq5Pvvv2dfuUVn7qW/dBRPjC7b06dPl8vlkGExNzcHzTBv3jwhFSNwyTbmm7mXqz3v378PNZFKpWKxmLjrx44d4y3FGK9ZswYhFBkZaWhoqFAoRCKRm5sbLLnEZurUqZ6enhTnTdVdZ1NdXW1lZTVmzBiyB7yO5cuXsw8bMGCAi4sL/F9RUREYGIgQAhuKEGKH/6qTNHp7exOvGGsnn7wqTjPPltcTw3wuDb3aLe33UqJgOhSXhlc+6QaaboKxAN1LgeI58EovHV6TAaoGxF5p5l5eX0sul/fs2RNic7gCW0h4o2CKQ84LJWrjzSq8qagN8+kKehxBh26glWbuPXjwoIGBwdSpU5uamjDGkydPlkqlz549YzeCSCQijgcvO3bsMDY21tfX79ChQ5s2bRiGOX78OBRRtKsQNUVQzeG8zZ4Yr5AI8cRUbRkbVZdbiK6YMmUKQqhNmzaQTwsKCiKz/qouRjBt2jSJREI2tbF0LZrD0TicxBgnJCQYGRmBT2JgYBAeHq5B8B4aGurt7U2v5H//+1+E0MGDB8keugnG1NeKXqqNS6NNRpdw4cIFpK73B7QrPAupVAoD4Jo7c290dLSxsbHqfnp78vZHaNyedEtH1xVatiddegkSiWTatGmqLSYkjhAi2zqE0Ize0+zsbITQ6tWrVYvu3r17+/ZtjHFubu7169eVSkGNymSyxY"
10:43:44.903 [Forwarding screenshot on session 5e9977749cf8e028abefff19f425d7c0 to remote] DEBUG org.apache.http.wire - http-outgoing-4 << "sXV1VVYYxTU1PhNYAAeMKECbW1tXALuVweHh7OPp3ee5qUlJSbm4sxvn37ttreFAi22W6xkGpXVVU5ODg4ODikpKTAnkePHhEdnZ2dvWPHDqgzxvj8+fNisfjbb7+FTYVC0adPH/xXJjQ2NraxsdHR0fHrr7/GfyXKjYyMkpKSMMZFRUXt2rVr27Yt6UPatm3b3bt34f/q6uqIiAhTU1NV50PteloTJkyQSqWXL1/GGJeWlsLQZqXeUz8/P3Bqjx07hhBpjP/mAAAgAElEQVRauHCh2oZV5eeff0YITZ8+HdKXjY2NGzZsYFcMkguurq5xcXENDQ2NjY2HDh0CH3fevHnsCDk+Pl4kEi1btkxIewLwHFWD86dPn1pYWPj7+0NRZWVlSEiIlZUVSBpAl086BQUF4IGVl5cnJiayLyukPUGHDh8+vLi4GGNcVFQEGlxItTHG69evRwg9fPiwWRUDQJOqTb6/fPkyMTERHk1iYiJ7dTSwtaampiD5T548kclkStofrhwTE8PVaKamptHR0ar7hw4dihAaNWpUQ0MD/iu+/f333wVWG6itrYVx7lwHDB8+3M7OjogTxvjZs2cSiWTmzJlkD/jWCQkJsOnv729paXnnzh04uHPnzq1bty4rK4NS3rhx2LBh+vr6pCvixYsXv/76K/xPFxIhYkB5rShA7ymMsGvVqpWfnx/GeMOGDXp6enBx+kvHKwYrV64ksXFBQYGTkxMoPYxxY2Oju7u7u7s7yFVycjKMiSNOAF0bYKrJ4MXPz69Lly7kd6WnpyvZBYr00nUvXbsKsWVc0I0Cr/TSgZn2x48fDy/d7NmzEULwK9iornsKwTCIRL9+/fT09EpLSyGiAyUG/0ul0itXrmCMi4uLFQqFQqEgtowe0MbFxSGE9u/fD5vV1dXCF2p6/vw5wzBTp06FzaampuPHjyutFkN50C0qvXQouuLhw4disXjo0KFgYX/99Ve6JlRixowZRkZG4A5hjIuKikhHIGb1njY1NU2dOlUikcTGxpLSVatWIYRAAQL9+/dv27YtpGN4ofsGFO0aHR1tYmLy8uXLS5cuwRUwxlFRUYGBgUq3SE9PZxjm559/VtpPaU9t/DSMMYz0X7t2Lca4oaFhyJAhYrGYKJOEhIQzZ86QaixatAj0rVL11PppsNDLihUroK2ioqLYPqoQE8zr9yYnJyOE/vjjD9UiITg4OAwZMkR1P8VzIL/X3Nzc29sburWqq6v37NkDRT179jQ3NwcV19TUNGfOHIZh2Ks/YmrvKa/DgzGGHI1qtEmpdnx8PEKIPS5t2rRphoaGJA6n+wZ0FUePI7T3DSitTYeue7V31ykVo+sKmLoAfMKampqgoKDWrVvX1NSQKwsRAy609HspnpgQ2c7IyEAcy4TzvlaYW7YxVRvwtifGOCIiQqFQcDUaVyn0nrZv3x5Cm8TERIlE8sEHH6ieTk+oqbrrbNauXcswjFIfeUBAAHupy+LiYrFYTHqjZ86ciRDavXs3xripqenjjz9mO0u8vafayCevGGjm2fJ6Ypjq0vBWu6X9Xq4omBe6SwNwySfdQNNNsMDwnAu650CXXjoCczhq1z3l9bWgj/mnn36Cag8fPlwsFj969AhK6VGwEIecAm/UhrmzCm8qasNUXcEbR9ChG2h27+nOnTvFYjHxWjHGN2/eRAitW7eO7Fm4cCHDMNnZ2UJunZKSIhaLe/fuDW8rxhhmdoH/KdpViJoC1OZw3lpPTIiQCPHE1NoyglqXm64rjhw5ghCaPHkyhGmg00gpb++pNpauRXM4GoeT8NIRn+TKlSswUUFzg/fBgwe3a9eOUkOIl4m6A+gmmP5aafzSYWG9p1pmdLl6+yZMmEDSVk+fPoV5qkC7bt26NZQDJTEYO3ashYWF6k3p7UkXEm3aU0jvKd0Ea9aevNJLaN269cSJE1UvKySO4JVtHQJpRu/ppk2bEEJHjx5t7j1AjUZGRqoWhYWFyWQydiy3aNEihmGIRcR8vae8xMXFRURECE9uAjt27GhW7snHx6dv377wv0KhmDx5MsZ4z549RKkFBQVBYAmJ8nHjxpFz165dixC6ePGi2isfPHgQIXThwgWl/apZudraWgMDA/bIJnjPlXpP2eN05HI510goVWBmP6UvBdlAcmHVqlVK++vr601NTZW8jdDQUB8fH65LsdsT4Oo9Xbp0KUKI3ScKAsMeE9RCCGlPhJCtra1q0CWw2pTeU14ePHgQERHx4YcfNusssLXsj5aioqLs7e3Zx2jZe0qGzzc0NNjY2ISEhDSr2r///jtCCAy2Kvfu3ROJRKpmfsiQIU5OTqQzYOTIkXZ2diDMWVlZCCF2+AE9DVu2bIFNujXNzc1lGEatMcN8QiJEDLheKzrQewpm2NPTE+IKUMVqP1/A//elEyIGbL744gt9fX1oXrgL+2MC6MADJ0CINqCYDF5sbGwGDx5MOYBXegls3curXYXYMi54jQJFenmBxidOJESzqp96cPWeQhA4efJkeAWampoYhoGYCi7FDlk3bNiAECJfzdID2l9++QUhlJycLORXKJGZmUmSX1wIf9CvVnop0HUFPIL79+/DZlNTk7Ozs/De01GjRllaWnJ9BQs67ciRIxMnTjQyMlJKZ5SWlrJ76GGsulKPCAWKb0DXrtHR0Z6enhjj4uJiEurPnz/f0dFR6ToffPBBmzZtlCwpvT1VEe6nYYzhIwzy0t2+fRupfAlHeP78OULou+++U9qvtvc0KCjI0dGRNBcoW6XeU+G6Vy2lpaVisVitFeYlKytLJBL95z//0eBc+MCIpKgISUlJCCG2H15XV9eqVasvvviCfRil91QIo0ePjoiIyMvLE35KfX29lZXV2LFjYbOxsdHOzo48C17fgK7i6HGE9r4BV2vzQtG9r8Rdp1SMHkfASHOyCQaFqMSWQ8hLx+WJCZRtSu+pEDSQbSysPbXpPWX/nOHDhxsaGirNDbBw4cKIiAjyRaASXO460NDQ4OLiovoR/OrVqxFCpDMAoiSSY7Kzs2MPvikpKTEwMCABBW/vqcbyKUQMNPNseT0xVdguDb3aqrxyv5crCuaF7tIAdOklKBlougnWMqtA9xzo0ktHYA6Hq/eU7mvJ5XIHBwfSJuDe/+9//4NNehQsxCGnwBu1Ye6sghKvLWrDVF1BjyN4oQdHpPd08+bNenp6qm5nly5d2L1uZKSgED7++GN2r7kSFO0qXE2pzeG8tZ6YECHh9cS4bBn5dWpdbrquGD16tFQqff78OTm+c+fOzs7O8D9v76nGlq6lczgah5Ow0tmmTZtIKXxp2tzgffr06fr6+lzfoO/fv59hmM8++4z+K5RMMP210vilw8J6T7XM6Krt7QPtSl5YjPFvv/1GtOsff/wRwQF7AEFtba2bm1vXrl25bk1Qak+69GrTnkJ6T+kmWLP2pEsvG19fXy8vLyVPWyB02dYhHEHrni5fvjwuLu7q1auffvqpBkt8AaGhoao7r127ZmZmtnLlSowxQghjDO/VgwcPlJYh0ZhBgwYNGjSouWddv34dIdS3b1+uAy5fvrx27dqsrCwYgFBYWOjt7U1KYcgATExP/oeFYwH2ChwwzcWdO3dgoYKKior169efPHkyLy+vpqampqYGIQTeEp2cnJy6ujr2lclqAWzYy5hZWlqWlJTwXhkhVF5efv/+/U8//ZR32nrVB52VlVVeXl5bW/vjjz+C2CGEnj17dv/+fXIMvT0pXLt2TU9P78SJE2SOwcrKSoQQ++ItCm979urVS3UhjddQ7bZt20IgoQGaCYkQTE1NyUIpenp6np6esKItgV5tjPGSJUv69u3LtfDn0qVLW7duHR0drbQ/Kipq//79iYmJ3bt3f/ny5aFDh4gwQ1aLPfE9/K9UMS5gSlWKrkDc7SlcDNTqT4TQzZs3IXCFKystTUGUD1sjEUXE+9JRxODRo0crV65MTk4uKChoaGh4/vx5fX19TU2NoaEhVJ5LEQnRBvSfTCc8PHzjxo0DBw4MDQ3t1q0bWT5HCBTdy6tdtbdlFKNAkV4hyGQymJ8EIUTm1BJ4rpIIMQyjr6/PZctAfrKzsyGYpB"
10:43:44.903 [Forwarding screenshot on session 5e9977749cf8e028abefff19f425d7c0 to remote] DEBUG org.apache.http.wire - http-outgoing-4 << "MSEiKVSsPCwt5///1u3boFBwezV2lCCOXn558/f55sjhgxgvxkV1dXDw+PuXPnpqam9urV65133mnXrp3AX4Rei/Sqha4r7t+/b2JiQhaLYhjGy8sLcrJCCA8P37lzp7+//5AhQwICAoKCglQXPf3qq68yMjKCg4OVFr+xsLAYMmTI9u3bFy1apKenB6OYx48fL+S+dN+AV7vyOksIoZycnJiYmG+++UbJkvLqXi39NFgtBv5v3769WCwm1W5qatq1a9eff/75+PHjiooK2CnET0MI3b9/39fXlzSXs7Oz6oIuWppgCwuLVatW/fe//7127Zqvry+MfeTl2LFjq1atSkxMDAoKmj59erPuSLC2tlZaYQ4hdO3aNYTQvXv3yIuDMZZKpa/WT1O7Ji4dsVg8cuTIrVu31tTUSKXSc+fO5efnw6dISGvfgDeOQFr7BmpbmxeK7n1V7rraigmJI5QaBCFUUlLSrCX0NEbIS6fqlry1sg20aHsqOS179ux5+PAh2xbDZIZccLnrwO7dux88eLB161al/SNHjpw+ffrOnTvnzJmDEIqJifHz84NFuysqKvLz89977z1ysEwmc3JyEvjCaiOfwsWAy7NtaGjYu3cv2QwODiaLAiI+T4zi0tCrjV6L36s2CuZFiEvDBd1A002w9uE5xXOgSK9ANPYNeB2eTp06kTZxc3MzNjaGOed44XXI6bL9d4za6LqCHkfwwhscIYRiY2OXLFlibm4+adIkpaKJEydGR0ffvn3b09PzypUrd+/e/eabbwTe+vr1625ubvDpoRJCtCtvwMiVw3mbPTEhQkL3xLhsGd3lpuuKjIwMV1dX9sKufn5+GzZsqK6u5lW22lg67XM4FG2gTTgJFWD7oj4+PrAGDWpO8P7VV18lJyd36tSpW7duM2bMUAqWf/zxR3d3dxg9xoZugimvFb1US5cGaImMbm5ubl1dnVJrk/9Hjx4NnX+U0ydPnnzz5k2pVLp8+XLVAyjtySu9f8f2pEsvm5UrV06YMKFdu3adOnVav3690nrJdOiyrUM4gnpP7ezsFApFamrqvXv36urqNHCC4SKqO1+8eGFgYABd7oTQ0FDhLnILAb4y1yLtMTExo0eP7tu37/jx42FC7W+++aaxsVHpMLb/xzBMU1MT2WzdurXS/+Dz1dXV9ezZMy8v79NPPx03bpyhoWF6evqCBQtUL64KRAjsGEA1JYf+cm4IYEJ4oTcIG9UHDY5sYWEh+0Gbm5v36tUL/hfYnmoBETp37hx7Z2hoaLMUijbwtidF8t9gteloJiRCYEs+bILkC+TgwYOZmZkwIk+VwsLCrVu3fvnll7CII5uwsDAzM7OYmJju3bvHxsZWVVURvxzW32ZXDPxRgetyC3k1uNpTuBhwCcaOHTuI5xEQEKDUewoQRQT/gCIS8tJxVTsrK6tLly62trYTJkxwdHQUi8W7du3au3cvnE5XRLzagPcn01m3bp2np+fevXv/85//1NXVeXh4HDlyBBZ/pUPXvbzaVXtbxmUUEFV6haBah+a+0QJtGbw4MFiPF1dX1ytXrqxcuXLXrl0rVqzQ09ObP38+rCYCJCcnv//++2QzMjKS/BCxWHz+/PklS5bEx8fDKkfh4eH79u0zMDDgve/rkV610HVFRUWFklCpteBcREVFGRsb//777ytWrCgvLzc1NY2JiYHFvQilpaVz5sxZuHDhypUrZ8yYwS6aOHFiTExMfHx8eHg4zLpjb2+v/Y8SqF0pAoYQWr58uUQimTx5crNu/Wr9NIZhWrVqRV7JSZMmbdy4cfz48ZGRkaamphjjESNGCHRahDxo7U3wgwcPqqqq3N3d3dzcBJ5ibm6uUCiys7MfPnxYUVHBzm8Kh8vhQQhlZmY+evSI7PTz8/Py8tLgFq+WqKioNWvWHDlyZOjQoTExMTKZbMCAAVD09vsGmllJiu59Ve662opp0CDolfqfdIS8dFwBztsp26iF25PitPBCcdeBxYsXd+/evWfPnkr7rays+vXrFxMTM2fOnLy8vAsXLixbtgyKVF9YhJCpqWnLvbDor/YULgZc72xNTQ3b4YmPjyeKiKDWWtFdGnq1X4/fq5maEuLScEE30HQTrH14TvEcKNIrEC19A4EOD2wKdOZ5HXK6bP8dozZeZ55+azq8wRFC6N69ewsWLPjxxx8/+uij2NhYdtH7778/Y8aMzZs3L1u2bMuWLebm5kOGDBF468rKSliiWxXh2pUiY5QcztvsiWmp4rhsGd3lpuuKqqoqWJGUQNqEN0uvvaXTJodD0QbahJMwwYBqKSC82uXl5Y8ePbKxsVEoFGZmZkqlubm5gYGBSv12vCaY8lrRS7V0aYCWyOjSW/vWrVsw6YIqffr0sbKykkgkHh4ez58/T01NLSoqUjqG3p680vvPa082hYWFT58+7dKlCyyP2qy70GVbh3AE9Z6+//7777///sCBA9977734+HjhZpiN2jECVlZWHTp0gPnuudDT00OvMX4GYNXf3Nxc8p0cm1WrVvn6+p44cYL8qFmzZsGqBgKBuVMAGLYAmcpTp07dunXrwIEDsMI8Yn0oxgtcAWbPAAoLC4VXiY5MJtPT08vNzeU9UvVBQ2NGRUXNmjVL7SlC2pNrKKKVlRXDMPHx8cLHKr5muCT/La82Bd46Uw5QGqRTUlIiMEcPLF682M/Pj2u8zMqVKxmGmTZtmmqRRCIZNmzY3r17f/rpp5iYmPbt25Pxa+CAsl/Jp0+fkv0IIbFYzE5DgJEjEF0h/FewzxUoBlxjrH788cfvv/+efoxatFFimzZtqq6uvnjxIhkPy9bhRBGR8VlsRcSrDQjN+jkEfX39L7744osvvnj58uWOHTumTJkyf/58+JYO4Gpquu7l1a5CbBkdLqOAqNL7xmFXG/6H9ZMQ34uDEPL29t6yZQtCKD09ffLkyfPnz3///fdJZ8/AgQPZj0DJYW3Tps3SpUuXLl1aVFS0YMGC9evXb9++fcKECeQArgf9eqRXLXRdYW9vf/To0cbGRvB5UPMteGRkZGRkZGNj4+nTpz/88MNPPvlE6V6//PLLe++99/Dhw6+//jooKIg9dDo4ONjNzW3z5s2WlpaZmZlEq/BC9w14tSsvpaWlGzdujI6ONjc3Vyqit+er9dNg9CuIx4sXLzZt2vT555/D+jeUOqjF3t6erUkaGxtf4ewOQGFh4cqVK2fPnr1w4ULhZwUEBAQEBMydO9fe3v7nn3/mGqVEh8vhQQgtXrw4ICCAcq6ent5rdvURQgEBAW5ubjt37hw8ePC+fftGjhypr68PRa/KN1AbR9AR6BtoZiURt+59Je46V8WExxFvLVwBDq9sv7XQBYxeWlxcTDo5lJwWXijuOkIoPj4+NTVVqVeAMGbMmDFjxty5cwdeEJKKNTMzYxiG/cIihJ4+fers7Az/i8VihJDSO0ty1trIp3Ax4HpnTUxM2A6P8LwY3aWh83r8Xo3VFK9Lo1Y+eQ003QRrH55zeQ4Al/S+cdjVxhiXlJQId+bpDjldtnmjNsTxoN9g1EbXFfQ4Qgj04AghNHny5P/+97/W1tbR0dFr1qz5/PPPSVGrVq1Gjhy5Y8eO//3vf7t27RozZozwUbxWVlZcP4pXuwqBksN5az0xLVUcxZbxutwUXWFhYaH6LPT09KADRq2lI/9rb+m0yeFQtIE24SR01hYXF5MP39lHCq/2mjVrnj59mp+fr7Z7KSwsTHWqAF4TTHmt6KVaujRC0MzMkdYme9j/79q164cfflB74pkzZ6ysrKysrJYsWYIQ8vX1XbBgASzrRqC3J6/0atmedEvHi5btqVZ62SxYsMDLy+v06dMa3IUu2zqE0wyP1tfXF2naScBFSEjIpUuXVMcdsAGRysnJ0ewWly5dmj17NqwCKJw+ffog7rmSysvLnZyciGFIS0uDucWFc+rUKfL/6dOnGYaBaT3Ky8sRQmwDzxU9qmJlZeXm5garzQOwqHhz2b59++zZs69evcreKZVKAwMDDx06RObAEU7btm1dXFwOHDjAlRcT0p7wqqsOhAwJCamqqtKm0wIhdPv27Xnz5sHM/q+HV1JtOgUFBb"
10:43:44.904 [Forwarding screenshot on session 5e9977749cf8e028abefff19f425d7c0 to remote] DEBUG org.apache.http.wire - http-outgoing-4 << "Nnz+YyYNrA9SzYB3CVVldXX758Gf6vqKi4ceMGTFJKoFT77NmzV69e5XJ9ysvLf/nll/Hjx4OTpEpUVFRhYeH+/ftPnDjB/nTP19dXT0/v5MmTZM/x48cRQmRiGWtr65KSEjI06cqVK+zLBgQEGBkZaTavmvZiIBaLpX/RrFFI2iix8vLyVq1aEbempqYGWgwICAjQ09PjUkS82kAgCxYsmD17Npd7gRAyNjaOjo728vLKz89n7+eSXrru5dWuQmwZvdpcRgHgkl6CZpZOe9jVhv/J3CPW1tZsw6304rDx8vKaMWMG/mvtHEAkEklZcJ1rbW29aNEihJDwB93S0sulxOi6okePHo2NjeR2ZWVlsNqWEmoNNBs9Pb1+/fqNGDGiqKhI6ZswGJIMk72MGjUKhnACDMNMmDDh0KFDy5cvt7KyGjx4sOqV1Uov3Tfg1a68rFmzpr6+XulLWYDentr7aYmJiSTIh9V8wVq9fPmysbFRMz8NIdSjR4/ExETSjMePH29oaGhWxXh58uQJxphrJrGqqqp58+bNmzdP6RtfwMrKSi6Xv1pXv3fv3iKRaN++ffTD7Ozs8vLy1NZKCLxGgYuoqKgjR47s37+/rKysub4BRcXR4wg6r8RFFGIUlHTvK3HXudAmjhDOmjVr5s2bJ3DOSe0RKNtaorFs80Jx13lLlZwWe3t7pTEuXNaK111fvHhxhw4duJbdiYyMNDY2jomJ2blzZ58+fWxtbWG/VCrt2LHjqVOniPRmZmbm5OSwX1jEyic8efIkLy+PXFYb+XwlYsB2eIT3ONJdGt5zUcv7vXS0cWnUyievgaabYIG6l1JtLs8B4JJeQssF73SuXr368uVL+P/ChQv19fXEhaBHwWy4HHIhss0VtSGOB/16pFeDnBg9jiAIedBqgyP0lzP/ySefvPfeezNnzkxNTWWXTpw4saioKDo6+vnz5x9//LHAH4UQ6tOnT05OzsWLF1VP4dWuvNBzOOht9cS0VHF0W4aoLjdFV/j7+2dnZz948AA2GxsbT5065e3tDV3OMASEtAnGGOaWB1o0oysELm2gTTgJygqWXAUSEhI0qHZubq6zszNX99KCBQtgDWM2vCaY8lrRS7V0aYTAm9FVi42NjY2NDVdrz5kzp5gDWI6K4OPjoyr59PbklV4t21OgpeNCs/akSy+b3NxcDZZrIedSZPvw4cPz5s3juq+O/wMWDFhupXVuhQDScOjQIdWie/futWrVytfXNyEhoaioKC0t7ZdffomIiFA6rEuXLg4ODtu2bTt06FB6enqz7r5y5UqEEFl7XDi9e/eWSCTLli178OBBfn7+5s2bybrB48ePl0qlsbGxpaWlZ8+eVSgUrVq16ty5M5QqFIovv/wS/7WcdW5uLsY4NDR06NChGONbt24hhMRi8ZIlS/Ly8g4cONCqVatBgwbBuffv3xeLxREREY8ePXr8+PG8efNgGBFpvXv37qWkpKSkpHTu3Lljx47wf2ZmJpTCYuxjx449efLksmXLYPgJrOGM+RaXJkRERLDPIpw6dUokEgUGBl68eLGkpOTGjRujRo169uwZOWD+/PkIoRcvXqg25q5du+ApJCcnFxUVXblyBXIBQtoTSE9PZxhm8ODBCQkJiYmJZDno2tpab29vKyur7du35+bm3r9/f+/eveHh4VzrRatlz549CKEePXoIPwULa0+EEAiDEgKrDavEP3z4sFkVA2Dlamtr62adxbvUPMa4oaHBzs7Ow8MjNjY2MTExLS1N6SIjRowwMjL6/fffL1++nJiY2NDQAPuHDh0qEok6dux448aN+/fvDx8+HCF0/fp1gdUODQ11dXUlV1MCVuzLzs7m+mmNjY329vaQrHnw4AG7KCoqSiwWr1u37smTJ0ePHm3Tpk27du3q6uqgFMKeSZMmZWVlxcfHd+jQAbFWEccY/+9//0MITZgwIS0traSk5NixYx9//DEU0YVEiBhQXisKkDCFszp37jxhwgSMMXTGwKId9JeOLgawese3335bXFycnp4+aNAgmHuNVPKDDz7Q09P7/vvvT506NXHiRJhhgyx+TtcGmGoyCDCpheqC6gMHDty7d++jR49KSko2bdqkp6e3YMEC9gFc0sure+naVaAtU1ttulEAKNILcFm6cePGyeVysgkuHZHegoICMCKw9tjVq1dhs6GhASw+/Pwvv/zS1dUVTpFIJGvWrIGfjBDS09NbtGhRXl5ebGxs69atBwwYQO41c+ZMhmE2bNhw//79X3/9FZZOSUxMhNLffvtt7ty5169fLysru337dq9evUxNTcvLy1V/mipJSUnjx48/ffp0UVFRbm7ulClT0F9ZKgLXg25p6cVUJUbRFfX19a6urm3atNmyZUt8fPw777wjk8lUL8JloKdOnbp27do7d+48e/bszJkztra2vXv3JqXgjcTHx8PmxYsX9fT0xowZw75CQUEBjGOFZI0qXC8d3TegaNfo6GjQOTCr0vbt2zHGixYtkslkcG5lZaVMJvvwww/V1ofentr4aRhjmUwmEonef//97OzspKSk9u3bW1lZVVVVQWnbtm3d3d1v3Ljx9OnTbdu2wScaxNbT/bTMzEx9fX1/f/+4uLidO3fComvkzRVignkBVQ+ZAlVI1ri+vl7tAQqFIiwsrFl3BOCDZrVFkyZNEovFCxYsuHv37pMnTxISEj799NOdO3eyj4FnER0dHRsbe+jQIWKCBcIln7xkZWUhhKysrJydnZuamthFdN+AruIwNY7Q3jegtDbAZRTould7d51SMbqucHJyioqKIgcfOHBAqT2F4OnpiRAiaxYKQchLR/HEhMg2LNm1efPmZv0WgmayLaQ9161bhxCaM2fO+fPnExMTy8rKhJTCul8WFhaxsbF5eXnwjfvy5cuVKsBlrejuOmSstmzZQvlpo0ePhuSaUpPCKNhPP/30wYMHKSkp/v7+BgYGd+/ehdKSkhKpVNq9e/fU1NTr16/37t3bxMSEHbVpI7KkrbIAACAASURBVJ+8YiDEs1WF1xPjdWko1X4Nfi9XFEzQzKUBuOSTbqDpJlhgeM5VbbrnAHBJL8DlQNJNxosXL8DTgFdg7dq1sPn8+XMswNeSy+UikWjEiBH379+/ceOGl5eXTCarrKyEUnoULMQhp8AbtWGOrMLrido0y4nR4wiA60HTDTQ8wVmzZsFmaWmpXC738PAgDwuAOcP9/PzUtjnXjyoqKrKysrKzs9u3b19BQcG9e/fmz59/5MgRKKVoV141hflyOPit9MSECAnF4RFiyzDV5ebSFbdv39bX1+/evfvNmzezs7PhO2/2jfz9/a2trU+ePJmRkTF16tRWrVqxXRptLN0ryeFwoXE4iTEODQ01NTWNi4vLy8sDH6O5wTtcxNvbm6t6xsbGffv2VdrJa4Lpr5XGLx3mc2m0zOju2rVr/fr1X331FUJo6NCh69evX79+PQkbFy1axDAMSVvByDlVlUInOjra2Ni4ue1JFxJt2pNu6YSk/TVuT7r0EiQSybRp05rVyAS6bMPqSHPnztXs4v8qmtF7CvNOLFmypLn3oKvR69evs6ePMzU1nTRpktIx9+7d69OnD4y0mjx5crPurnHvaXl5+dixYyGZiBAyNzeH5RwwxkVFRWT+eqlUunjxYrbtFNJ7OmvWLAcHB7iCv78/fCgA/Pbbb8bGxlDk6+sL7yppPaVRGwD7ZVi4cCGoME9Pz/379yOEfvvtNyjSsvcUYxwbG8se5dejR4/q6mpSSu/m2bFjB5kEBiHk4OBAFDq9PQm//vqru7u7RCJBCLF1x9OnT4cMGUKGL+nr64eEhCilAOhAAPbJJ58IPwVr13sqsNpvZ+8pxvj8+fMBAQFgz1R1cU5OTkREBPivCCFi0oYOHerq6jpt2jSY2UAqla5evVpgtWH/L7/8orbaNTU1NjY2o0aNov+6mTNnIoS6d++utL+iooK9irivry8xpRjjpqYmMl+KpaUljC5n9542NTX98MMPZMJ6fX39qVOnQhGvkPCKQQv1ntJfOroYNDU1ffLJJ/AQGYYZOXLk7Nmz2ZV88eLF2LFjDQwMGIYJCwuDlVmzsr"
10:43:44.904 [Forwarding screenshot on session 5e9977749cf8e028abefff19f425d7c0 to remote] DEBUG org.apache.http.wire - http-outgoing-4 << "LI1SjaAGvXe9qtWzfSmGKxeMKECaopeC7ppeteTNWuWJgto/SeUowCwCW9gGa9p3PnzkXqePbsmcDe01mzZpE5T/z8/MDeAQUFBeQ71E6dOsGsRCQA+/PPP8nQQoSQm5sbjAcUwp07d9hzWJmZmalqEszxoFtaejFV91J0Bcb47t2777zzDrySX3311dixY+3s7JSuwGWgp0+fzl7tJjg4+PHjx6RUqfcU/6VYtm7dyr4IfHKqOiAGoGTwKb4BRbvyZvRgdsc7d+6orQ+9PbXx0zDGMpls5MiRZFEcW1vbc+fOkfsmJiY6OTlBkbW1NQyMJbae1087fPgwzHhpZWX1559/Ojg4jB49GopeSe8pTPBw8OBBtaV37txBCCkUCq7TPTw8Bg4c2Kw7ApQsUn19/ezZs9lTvPr4+Kh2jC1evJioweLi4mbdXePeU4yxv78/QmjOnDlK++m+AV3FYWocob1voHHvKa/u1dJdp1eMoiteSe+ptbW1vr5+swZQatl7KkS239re07q6uqlTp0LfCVIZcsFVCr2nS5cuBaPDMMy4ceNUR2OotVa87npERISDgwN98AQkuaRSqeqIq2+++QbiRFDOcXFx7NI1a9ZAWsrAwGDJkiWqUZvG8skrBi3Ue8rr0tCr3dJ+L9K095Tu0gBc8kk30JhqgrGw8JzSe0rxHACK9GJNe0/Zn2SxgTYR0ns6fPhw+EoP7n769GlyI3oULNAh50JI1MaVVXgNUZtmOTHeOAJzP2i6gVbqPcV/9SWMHz+efZEVK1YghLgeBOVHZWRksD1YV1fXmzdvklIu7cqrpug5HMJb6InxCgnF4RFiyzDV5aboiv3795PJG6RS6bfffssuvXjxIlkbcvjw4Z999pmSS6ONJ6Z9DoeCZuEkxjgnJ4esauTi4gJ2kO018QbvGOP+/fv7+Phw1U1t7ymvCcZ8r5VmLx1AcWm0zOjCSEQlyI+qra0dPXo07DQxMQEV19ze008//dTIyEiD9qT3R2jcnnRLJ7AbRbP25JVewMDA4IsvvhDcwP8HumyPGDECIfTnn39qdvF/Fc3oPYVJ3uhOsMbk5ORcvXr13r17zR1s3tKUl5dfv3799u3bNTU1SkUPHz68fv26wG9lCJAo3759e11dXXJyMvkcgU1lZWVKSoqSmyWcpqYmUCKQQYuNjdXsOlxkZWVdu3atsLBQg4plZmZeu3aNnWEnaNaehLKysqSkpPT0dKXxd0IYNmyYgYGBamD2GtCm2n87oPcUY/zkyZNr164161mPGjXK2tqabR3Z/PLLLwih5ORkbapXWFh49epVruHwubm5ycnJqnqAUFdXl5aWlpycrIEMvykx0OalKy4uTkpKys/P5zqgoaEB9PnChQsZhoER0AS6NtCG8vLytLS0mzdvavC7eHUvr3bVwJYJMQpvM/X19SkpKWoTu42NjZmZmbdv31YaRww0NTU9fPjw2rVrDx8+bGxsbO59CwsLr1+/npGRQXkruXiz0kvXFTU1NdAa/fv39/X1FX7ZmpqazMzMpKQkDawz0LlzZ39/f83OxVTfgK5d1VJXV+fg4KD6KYDaI7naU2MVJ5PJYNBJZmZmcnKy6utcV1d3586d1NRUjb1W+B6lqalJIpFMnz5ds4uoBbKEZ86cUVv6888/I4RiYmK4Tvf396d3y2lMTU3NzZs3k5OTS0pKWuL6LQRFeukqDqDEEby0kG/Aq3tb1F3HWsQRdNLT0xFC0dHRr/ayQvibyrZmQO9pbm5ueXl5UlKS6mAvCnR3PSMjg2GYlStXalO9Fy9eJCUl3bp1S+13Ts+ePYPvuihX0Fg+35QY8Lo0FN6I3ysEbVwaIQaaboI10728nsNbzt27d7mqTY+CtXHI/3ZRGxuKrqDHERS0DI4wxl9++aVEIiktLdXgXIxxfn4++Dyqjg1du3JBz+EI5A16YhoIiXBbprHLXV9fn5aWdv36dbU6qrq6+ubNmzk5OZQrtFBGV3s0DiczMjJSUlK4ZtbhrXanTp2CgoI0qLAQE0x5reil2rs0LUReXl5SUlJFRYVmp8NXAWpHJQppT7r0atyevPneloMuvWVlZQih+fPna3Zximw3NTW1adOmQ4cOmpmbfxvN6D3FGPv5+ZmZmc2ZM2fTpk0tVKF/PCRR3hIXr6ioYAdskyZNkkqlGjtP/xKamppkMtmUKVPedEX++ZDe0+ZSW1s7bdq0PXv2cB2wfPnyhQsXalE1Ha+S/Pz82tpa+L+2ttbHx0ebLpm3hJbTri1qFHQ0lzcovezvpR4/fiyVSmfOnPl6bo0xPnbsGEJo48aNr+2OdDIyMiZPnsweMfo6ITnQloA9nwRMJ0WmFdKS+Pj477//vl27diYmJlypuvfee69Tp06UHBOsMhsdHb1q1Sr26gw6dLzl/PTTT1KpNC8v701X5B8O6T3V4Fy6ux4XF/f555//G4aT/i34p2YVWs4Et6jnoKNZvEHpfbNRcGFhoZmZmdLaHG8Q3hzOPxLhtkzncr9xSktLV65cCYsEz5s3701X598CLA4dGhq6bNmy5q7M+K8iLS1t6dKlffv2RQglJCQ061whsg0rZ+/du/dVVPafj1j1I2IK+/fvX7Vq1fXr19PT0z/66KNmnavjNZCdnR0QEBAcHOzs7Hznzp2LFy+uXr3awsLiTdfrraa6unrZsmVhYWFvuiI6ODEwMFi1ahXlAHA9dbwl7Nq16/vvvw8KCjI3N79w4UJ+fj7XpFJ/I3Ta9V/CG5TeadOmpaenBwYGIoTi4+MdHR1h8paWZufOnevWrbt27Zqvr+/YsWNfwx2F4OHhAV9J/vPw9fV1d3fv2LFjaWnp4cOHhw0b9u67776SK1+6dOny5cu9evWaOHEizPapypgxY9q1awfTIqnlu+++k8lkiYmJd+7cee+998zMzF5J3XToaGm6dOkSFxfHnpxNx9sG3V0fNGjQoEGDXltldND5p/q9LWeCdbw9vEHpfVNxBAw6hNU3YLb5twHeHM4/EuG2TOdyv3HKy8v3799vbm6+ePHiadOmvenq/FsYNGjQ1q1bDx8+fOjQITc3N7Vz2+pACN27d+/w4cM2NjYxMTHQhyocIbJtYmKyffv2IUOGvIrK/vNhMMZvug7/LoqKilauXDlq1CgfH59XfvGqqqrdu3cnJyc/e/bM2tp66NChkIfVoeNt4I8//igoKIAVs3X8g8nLy9u3b19GRkZVVZWrq+uHH35IliD6+9Jy2rVFjYKO5vIGpTc5OfnIkSPwBaqfn9+4ceNg5YyW5ty5c8eOHXN0dBwzZszruePbz3fffefp6dlCscThw4cvXLhQWFhoZGTUp0+foUOHknW/dOjQoeMtJzExMTY2ds6cOWTNaR3/SP6pWYWWM8Et6jnoaBZvUHrfVByRm5u7du1ac3PzkSNHOjs7v4Y76tChQ4cOHf8edL2nOnTo0KFDhw4dOnTo0KFDhw4dOnTo0KFDhw4dOnTo0IEQQrrR7jp06NChQ4cOHTp06NChQ4cOHTp06NChQ4cOHTp06NCBkK73VIcOHTp06NChQ4cOHTp06NChQ4cOHTp06NChQ4cOHTqA5vWeXr16deDAgc7Ozkrr+iYkJBw5cgQhdOPGjR07dryqyg0bNoz5i8OHD6s9Zvv27cnJyQihw4cPnzp1qlnXb6Fqv1lu3769ceNGhFB+fv7GjRufPXvWrNO52jM3N9fS0rKlW6m8vPzTTz91d3e3tLR85513yP6ysrKNGzcWFBRgjDdu3Hjnzp1mXZbyoP38/CZNmvRKKt+iFBcXb9y48f79+1wHbN269cKFC6+zSmr5u7Snjn8zly5dsrS0PH36dLPOmjRpkp+fXwtVScerJSQkZMCAAW+6FtqSlpa2cePGly9fvumKaAvFBH/00Uf29vbvvPPO7t27Nb5+Y2Pj3Llzvb29bW1tt27dSvZr6TlQsLS0JN5pZWWl6gEt5InpeKt4sw6PNkJCkc/PP/+8U6dOr7aqqixZssTHx8fKysrS0rKsrIzs1yYuo7zvO3futLS0fPjw4auqf8tx/PhxijKkl742/kbtqePfTERERHNdwYcPH1paWu7cub"
10:43:44.904 [Forwarding screenshot on session 5e9977749cf8e028abefff19f425d7c0 to remote] DEBUG org.apache.http.wire - http-outgoing-4 << "OFqqTjFTJ//nxLS8va2to3XRFteUtyOG8PXOEPVyL6n0diYuJGFXJzc7mO9/Pz++STT8imh4dH27Ztw8PDb968yXuvtyTYbOlUM8XvzczMtLa29vDw+Oijj0pLS1uoAjp06PgngJuDq6urg4PDli1bzp07x94fERERFBSEMZ47d65MJmvWNSk8fPgwJSVl27ZtCKFDhw6pPcbU1HT+/PkY4x49egwdOrRZ19ey2uvWrTM1NS0qKmruiRjjtLQ0U1PTffv2aXAunZUrV8JjPXnyJELo1q1bzTqdqz0hSN6wYcOrra0SkydPNjIy+vHHH7dv385+4ikpKQihM2fO1NfXI4TWrFnTrMtSHrSTk1NUVBT99NGjR/v7+3OVaiMGwvnqq6+MjIxKSkrUlsLYgqNHj7ZoHYQgpD11vE7o0vvv5MyZMwih+Pj4Zp0VFRXl5OTUQlXSHkdHx+nTp7/pWrwtdO7cOSAg4E3XQlv8/f2b+yu0EYOWs2UUE5yWlrZnz57u3buLxeLCwkLNrr99+3aEUHR09KFDh/Ly8sh+LT0HCrdu3UpJSZk6dSpC6MWLF6oHtJAn9hrQmQzhvFmHRxshocjnuHHj5HL5q62qEnv27EEITZkyZdu2bdu3b6+pqSFF2sRllPd98+bNCKF79+5RTueNy16DkS0uLjYyMvrPf/6jQenrREh76nidtFxW4W9NUFBQc52oe/fuIYQ2b97cQlXSkteTc/i78OWXXyKEqqur33RFtOI153D+FrqCK/zhSkT/feFyuSdPnqyatOdKhmOMnZycRo4cSTbPnDnz+++/29raduzYkbcOGgSbLUFLp5opfm9lZWV8fPySJUtEItHnn3/eQhXQoUPHPwCx8H7WioqK7OzsuXPnjhs3rpldtBri7OyMEKqpqXk9t2sutbW15eXlTU1NGpzb2NhYXl5eV1f3ymv1t+bMmTPvvvvurFmz3nRF/g8vX76sqKjgKtVGDATy/PnzX3/99eOPP5bJZGoP+PHHH729vd99992Wq4OOvyl06f13EhQUVF9fr6en96Yr8iopLy+vqqp607XQ8co4depUUlLS/v37m3WWNmLwGmyZKh07duzYsaORkVFYWFhaWlq/fv00uEhycjLDMKtXrzYwMHjlNVSLl5cXQsjW1vb13O51ojMZOlqaM2fOWFparlmz5k1X5P/AG5e9BiP7008/NTY2Tp8+XYNSHf9mdFkFtfzzZm54I36ajhblNedw3n5dwRX+vP5E9GuAy+VevXr1qlWrEEJSqTQ0NDQ2NhYhJDxxERwcHBwcnJGRsWzZsrq6OkpwpFmw+Q/D2Nh4wIABAwYM2LNnz40bN950dXTo0PH20oze0+rqaoSQmZlZc+9RWlqamJjYtWtXqVS6d+/ewsLCTp06DRw4UCT6//MGP3r0KD4+vqSkxMXFZciQIYaGhs29RQuRkJCQmpra0NDg7OwcEhJC+q4SEhJqampgVqiEhARoExcXlw4dOsABL1++PHPmTFZWVlVVlZubW3h4uImJCRSlpKQ8efIExtekpKTAflNTUzJR7blz58zNzcnEWU+fPk1OTg4MDDQ1NeWt2GsgLy/vwIED9fX1/fv3hwQiISsrKysr6913383NzY2Nja2rq+vdu3eXLl3IAUlJSefPn6+pqfH39+/fvz/7mjCzRH5+vq2tLYzCa926da9evV7Pj6qsrNy3b19BQUGXLl1CQkJgJzxEhFBRUdHLly/J3NH+/v7W1taITwwePXqUnp4eEhJy6tSplJQUe3v7YcOGETFoFuvWrauurp4xY4ba0suXL1+8ePGPP/6ATWjMnj17sl/Ve/fu3b17t1+/fhKJBPYkJSWdPXu2vr7ex8dnwIAB5GWsrq4+d+6cl5eXvb097MnMzMzNzVVKat+9ezchIeHZs2eOjo7h4eEWFha87UngEgMkQFdwcfbsWSsrq9TU1CdPnnz44YdPnz6NjY0NDAwMDg6GAxobGxMTE1NTU8vKyqytrQcOHEh+IELo9OnTFhYWbm5uXNXOyMi4dOlSYWGhiYlJcHCwj48Pu7SpqSkuLi49Pd3R0XHEiBE3btwwNTVlvx10FZeYmNjY2NizZ8/ExMTz588bGxtHREQ4ODjQfzJQU1MTFxeXnZ0tlUo9PDx69+4tlUqRAOlFCBUWFp4+fTonJ4dhGF9f35CQEKV2vnbt2qlTp0xMTIYPH15WVlZaWsqeT7u8vPzQoUMPHz5s06ZNRESE8I6EGzduVFRUdOvWbffu3bm5ud7e3uHh4QzDIMHSy0V1dfWpU6e8vb0ZhlGrplJTU8m8NwEBAW3atCFFt27dKi8vZxjm7Nmz8HO2bNlibW0dFRUFdSO32LNnT05OjpeX1+DBg0mLPXny5NatW7169TIyMoI9ly9flkgknTt3Zt/i/Pnzz549s7W1DQ4OdnV1FdhiiPtB5+TkpKWlIYQaGhpycnLIgx4wYIBY/P/te4tKLy/FxcVHjx7NycmxtLTs27evu7s7KXrx4sWePXvy8/M7d+7cu3fvixcvtm/fXi6XC7yy8PZ88uRJSkqKu7u7u7v7uXPnxGJxjx492AecPXvWwMCge/fuAm9dW1t79OjRjIwMQ0NDf3//nj17kqKmpqYjR46kpaVJJJI+ffqQ2Z5ra2tPnjzZoUOHw4cPGxkZjR8/Hux4ZGQku00IixcvVigUERER7J1FRUWHDx8uKCgwNzfv0qVL165dQTi1FAO6LRMi21wVEwhYEI17Jqqrq42MjDToOqXr3sbGxmPHjqWmpkokkn79+r2G6UyFw2WCNXYghZgMxO058JpgxNeevA6kWkDnt2/fnv36l5WVXb582c/Pz87Ojl5tgQ4PRYkhLRwehNDhw4ddXV3d3d0PHTp0584duVw+dOhQ4ihq+VppA8YY9Jizs/OwYcOUXi56tbl8A3hYCKFbt26JRCIiY6Ghofr6+q/nd924cQNUXGRkJBFselzGq11PnDhhY2NjaWm5d+/eqqqqfv36sXWjcCorK9euXfvBBx/Y2NgIKT19+rSJiUnXrl3Zhx09etTBwaFjx46wWVFRcfDgwcePH1taWoaHh7Mdy1u3bpWWlpI3tKGhISEhQaFQtG3blhxDsXSU9gToLqJmfm9+fn5ycnL79u13797t4+PTv3//LVu2VFVVjR07ljiNFEsHHmafPn0yMjLUVpsSvAOPHz8+cOBATU3NwIED27Rpc/v27e7duxPLSFdxGgc4AJfDw5tVoIc/vD8K8SkxLuhRsBDppZCamlpSUtKnTx+1aoqoGoSQubk5298T7omlpaUdPXrU0NAwMjLSycmJXJnXZHC56wJpidQToI30CuHChQtXr15taGjw8PAYOHAgeRy8UQYd4e1ZU1Nz6tQpCwuLwMDAgoKCGzduKAV6oEC6detmaWkp8O6UdMfjx48PHz5cVlbWtm3byMhI0toCw0lAKYdD4NK92jjkvLoCcZsMIboX8QWMdM+BoDb8QdyJaF4VR2lPApf0Ii0cSEpyidflFolE5EYMw5BQjoAxPnToUFpamoODw4gRI5A6LCwsMMbV1dWU+EiptVNTU/Pz85X68q9cuVJTU0O8Ba44FwnzK+itjaip5paII9hYWFgUFRUJP16HDh3/OoR/plpQUIAQWrp0qWoRfaolMA8//fSTXC7X09ODJM6uXbugdMWKFfr6+mZmZp6engYGBm5ubjk5OezTExMTkRYz927fvt3T0/Orr75qVrXr6+tDQ0MZhunYsaOvr6+xsbGXlxcp9fX1lcvl8ENsbW3lcrlcLodqAK1btxaJRE5OTl5eXlKp1MbGJjU1FYo+++wzuVxuZWWFELKwsIBz+/fvT85VmgrswIEDCKHExEQhFcMtPHPvxIkTzczMXFxcpFKpgYHB6dOn2efOnz8fIfTnn38aGBgYGhqCzwTTy9TV1Y0ePRohJJfL3dzcGIYJCwurq6uDE3fv3g3tIBKJjIyM4P++ffuSKwuZf2/q1Kmenp5ErtjQZ+4NCwtTKBRyuRx84u+//x6K7t+/DzWRSqVisVj+F8eOHYMD6GIAw+ojIyMNDQ0VCoVIJHJzc4MFmQRWG6iurr"
10:43:44.905 [Forwarding screenshot on session 5e9977749cf8e028abefff19f425d7c0 to remote] DEBUG org.apache.http.wire - http-outgoing-4 << "ayshozZgzXAYMGDXJ2dq6vr4dNmHRo+fLl7GMGDBjg4uJCNqdMmYIQatOmDXzeHRQU9PLlSyhSnTdj2rRpEomEbDY1NU2bNo1hGBMTEy8vL2NjY6lUWlFRwduemE8MMJ+uoKBQKKysrDp16iSRSPz8/BwcHDw8PEQi0aVLl+CAwYMHI4SsrKy8vb3NzMwkEsm2bdvI6fRqr1ixAiHUunXrTp06QdfOpEmTSGlDQwN4mY6OjlZWVoGBgXK5nD19Cq+KCwoK6ty589dffw130dPTa9++Pe9Pxhjn5eU5OjpCJODh4SEWi6dMmQJFvNJ748YNhmEkEomHh4e7uzvDMN26dSsvLycX/+GHHxBC5ubmLi4ulpaWwcHB1tbWpPTs2bMymUwikXh6erZu3drY2PjEiRNC6owxHjp0qL29fZcuXWQyGUjg4MGDGxsbsTDppcCrpqZPny6XyyFsVpq5Nzo62sLCol27djKZzNTU1N/f38fHh2GYRYsWwQFRUVG2trZdu3a1sLCAMGDAgAENDQ1QqjqRnbe3d2hoKNlcsGABwzBt27YNCAiACnBNxK0K5UFv374dnizDMMbGxuRBk0fZ0tJLZ8eOHcbGxvr6+h06dGjTpg3DMMePHyc/qm3btiKRSKFQGBkZDRs2DCG0fv16gVemtyd75t6srCwHB4cePXpAm0yePFkqlT579ozdvCKRaO7cuQJvffPmTScnJ4ZhXFxc4B9ybkVFRWBgIEII3hqEEPE9wIOyt7eHYK9379729vZ2dnaWlpaqU7/C0NeNGzeydx4/ftzQ0NDS0rJbt26Ojo4Iob1790KRlmJAt2W8sk2pGMA7Gye4eQcOHBD4CJSIjo42NjZW3c/rOVB0b15enre3t0gkcnd3t7GxYRjmhx9+UDp90aJFSIuZewMDAz09PR88eKBaRPFseU2wZg4kr8nAVM+B1wTztifFgaTQ1NTk6Og4aNAg9s4ff/yRYZhHjx7xVpvX4cFUJaalw4MxRgh9/vnnQUFBYG3ZLybva9WiM/eOHDnSzMwMMqf9+vVTOp1SbYpvkJubC0JlaGiop6dHZKysrIxcmVdXZGZmenp6wjFK8M7cO2PGDENDQxcXF5FIZGdn9/TpUyilx2W82lUmk/Xq1cvCwsLZ2VkmkzEMoxopU6pNWL58uUgkysrKElg6ZswYmUzGlqgrV64ghLZu3Qqb6enpNjY2enp6Hh4ehoaG0GlHDlaaohnWACMOD6ZaOnp7YgEuomZ+b0xMDELIw8PDxcUFzGiHDh2MjY2JPaJbOt5qU4J3jHFCQgI0o4eHh0QiiYyMRAhlZGRAKa+K0zjAwVSHhzerQA9/6D9KiBLjgh4F80ovHbqaIqrGwMBAaUZKXk8MwpDw8HADAwOFQgHG6OTJk3A6r8mguOu8tFzqCWstvXTKysp69+4NYta+fXt9ff0ePXpAEW+UQYfenuyZeysrK/v06WNjY5Oeno4xLigoEIvFs2bNYl/tk08+MTIyYoe6FOi+1h9//GFgYGBkZOTh4aGnp2dvb3/37l0o4g0n2SjlcABe3auZQ86rKygmg1f3YgEBI8VzIKgNfwCuRDRdxdHbE1OlF2vnQGqTYyTo6emFhYUp7WxoaBg4cCBCqG3bthYWFl27drW1tVV9rSBIdc31ZAAAIABJREFUYQe8Sqi2NqwMeuPGDbKnpqbG1NR0/PjxsEmJc7EAv4LS2rw5HC3jCCFxWWhoqLe3N1dz6dChQ0czek+zs7MRQqtXr1Ytunv37u3btzHGubm5169fVyqFgEEmky1evLiqqgpjnJqaCi4d6K8JEybU1tbCLeRyeXh4OPt0eu9pUlJSbm4uxvj27dtqY07QlWodNUq14+LiEEL79++HzerqatVF8uDKqv1hUEQCm4KCAicnpz59+rAPgCA/JiZG9Vx68ou3YgUFBXBweXl5YmIiNLhwuNoTTJqpqWlKSgrG+MmTJzKZjO1y4b+Mlqura1xcXENDQ2Nj46FDh8BJnTdvHts8x8fHi0SiZcuWKd3d2tp63LhxqrV6+fJlYmIiXCoxMVHt6mgwbEpt8p3yoGE86e+//44xrqmpCQoKat26NXsRJriyQqFQ317cYgBxY/v27YuLi6HaEonkgw8+EF5tYO3atQzDcPWCp6enMwzz888/s3cGBASwF1EoLi4Wi8Xz5s2DzSNHjiCEJk+e3NTUhP9aMY6U8vqCP//8M0Jo+vTp4Os3NjZu2LCBpI/p7ckrBhRdQUehUMArBn1+sbGxjY2Njo6OX3/9NRywbds2EthUV1dHRESYmpoKrHZCQsKZM2fIvcAZPX/+PGxCA65YsQJaIyoqiq1whKi4oKAgc3Nzb29veMrwdSPvT8YYz5gxw8jICF5YjHFRURFJVRO4pDc7O3vHjh1QK4zx+fPnxWLxt99+C5sPHz4Ui8VDhw6Fp/zrr78ihEjv6dOnTy0sLPz9/UHsKysrQ0JCrKysBGqboUOHIoRGjRoFXY+Q7YLGx3zSS0eImsIc655GR0ebmJi8fPny0qVLIOEY46ioqMDAQDgAnuywYcOg2qtXr0YI7dixA0rpAe3z588Zhpk6dSpsNjU1HT9+nARgvAh50KamptHR0arntrT0UkhJSRGLxb179wYdiDGG0abw/4QJE6RS6eXLlzHGpaWlnp6edE3Ihrc9Se8p5AL69u1bWVkJRTDPwbp168jBCxcuZBgmOztbyK2rqqocHBwcHBxAxjDGjx49IvmFmTNnIoR2794Ntfr4448RQgkJCfivsB9esX79+unp6ZWWlkKejnTGEIYPH25nZ0deT8DPz69Lly5kZ3p6uqrPo5kYAFy2jDdZw1sxuouIMU5OTkYI/fHHH6pFQhg7diyMsFaC13Og6N6ePXuam5snJSVhjJuamubMmcMwzLVr19inU3pPhXhikAYl6Us2FM+W1wRr40BibpNB9xx4TTBve1IcSDqzZs0yMDBgp4e8vb179uwppNq8Dg9diWnp8GCMIYk5fPhwuH5RURHRBryvFW/4Q4EinzAn3vjx48HSzZ49GyEEipq32gJ9g5EjR3ItIs6rKyB6Yo/lIlDed1Bifn5+EJodO3YMIbRw4ULVK6uNywAu7Qofh61duxZj3NDQMGTIELFYrPREKNUGamtr4eM84aXx8fEIoSNHjpA906ZNMzQ0JPl9f39/S0vLO3fuYIyfPXvWuXPn1q1bk75qepaTbuno7SlEDDTzeyGDD99BtmrVys/PD2O8YcMGPT09uDjd0vGKASV4b2xshOkrQK6Sk5Ph2y+iwHlVnMYBjhAHkiK9lPCH90cJDN7VQo+CeaWXjhA1hdWte8rricH/Uqn0ypUrGOPi4mKFQqFQKGCIJ6/JEOKuc9FyqSftpZfOsGHD9PX1d+7cCZsvXrz49ddf4X96lMELvT1J72l5eXmPHj0cHR3ZijcyMtLOzo4Mcq2urjY1NVWbZVILxdd6+vSpsbExGXOclpZmZmZGvA7ecJKgNocjRPdq45BTdAXFZPDqXiEBI8XhIagNfwCuRDQ9w0NvT0yVXi0dSO1zjJij9xRqQrwOGH+s+lpBguXJkydcF1dt7WfPnkkkkpkzZ5I9EEdAJIupcS4W0HtKaW3eHI6WcYSQuGzw4MHt2rXjai4dOnToaEbv6aZNm5BGq5pDwBAZGalaFBYWJpPJ2IZk0aJFDMOwRyLTe095iYuLi4iIEOjrE3755ReEUHJyMuUYigurxBdffKGvrw+mF9C491RIxVoCMGnsEX9RUVH29vbsY8BorVq1Sunc+vp6U1NTJRcqNDTUx8dH6Uiu3lMhLFy4MCIiQnXQFh0YpEk2N2zYgBC6f/8++xhtek83b95M9gwfPtzQ0FBpgCG92g0NDS4uLqpuE+GDDz5o06aNkgcA/TqkM2D9+vXsGGn06NFSqfT58+fk+M6dOzs7O8P/vL6gm5ubh4cHhJGqUNpTiBhQdAUdhUIxefJkjPGePXtIXBEUFKTaXQ0cPHgQIXThwgXeaqvy/PlzhNB3330Hm0FBQY6OjqRBoAGJCytExcEwTOLWC2fUqFGWlpb0YeC8fjnBx8eHfPAN7zJpgaamJm"
10:43:44.905 [Forwarding screenshot on session 5e9977749cf8e028abefff19f425d7c0 to remote] DEBUG org.apache.http.wire - http-outgoing-4 << "dnZ5L4W7p0KUKIndkELX3w4EEhN4LeU/LFVUNDg42NTUhICGzSpZeOEDWFuXtPPT09McbFxcXkFZg/f76joyO5FDtkbWxsdHBwCA4Ohk16QJuZmUnSBxog5EFzJXaVeOXSS+Hjjz8Wi8XkCzA2tbW1BgYG7E/qoQEF9p7ytif0niYnJ8PcU0rBapcuXdg99KTjRwg7duyg9PPZ2dmx8yMlJSUGBgYffvgh/itnBwniyZMnQ3jZ1NTEMAwZOgDcu3dPJBKpDq+2sbEZPHgwvXqaiQGgce+pkIrRKS0tFYvFQmquSm1trZubW9euXTU4l0v3JiUlIYTYfmNdXV2rVq2++OIL9mGU3lMhjB49OiIiIi8vr1ln8ZpgLR1ILpNB9xzoJlhIe3I5kLzArKqbNm2CzYyMDLYm0dLhoSgxrLXDgzFGCNna2qpN4mj/WmkGdEuQ3mLoS1D6EISr2gJ9A0rvKS8PHjyIiIgApSocUGLshKlcLlea00Wb3lNnZ2cS4t2+fRv936+QhVT7999/RwhBWlBgaX19vZWV1dixY2GzsbHRzs6OmO+srCyEEBm+gDE+dOgQQmjLli2wSc9y0i0dvT2FiIFmfi9k8EE4PT09QdeBR6f2I34lSydEDNiwg3e4C/tFgDcFvFMhKk7jAEeIA8krvQR2+EP/UcKDd7XQo2C69PIiRE1h7t5TiicGl2KbUVDsZ8+exQJMhhB3nYuWSz1pL70UcnNzGYaZOHGi2lJ6lMELvT2h9/TJkyf+/v6urq5KlhpmQyU99KT/T+CtKb7Wb7/9hv7vwEeoCVSAN5wkqM3hCNG92jjkXLqCbjJ4da+QgJHi8ABc4Q8gMBGtlOGhtydderV0ILXPMWKO3tPg4GAnJyfidfw/9s47IIrjC/xz3AEHKF1QiqCooCgISrBFLCgGC8SGiMaKaIwaS74SNTEmNmwYjRoVg0QjELtAsGFXpPciiIUOAnIgcALH/v6YX+a3v7vbub07EJPM56+7nd3ZN7Nv37x5szMDn53kawV3S2VqF5hqe/r06fTMvby8TExM0IuA6edSsvwKfG3jYzgd2o9ArF27VlVVVa5FtggEwn8KVvue7t+//9q1a3FxccuXL2e/44UYbm5ukgfj4+N1dXUDAwMpigIAUBQFv0J98eKFYtvGSDJ16tSpU6fKe5Wrqyufz588ebK3t/ewYcPGjBlD3zhBJq9evQoMDExOTi4rK2ttba2trW1paREKhcpv6aqkYEpibW2NfhsaGlZVVUmeI/mg8/LyBALB+/fvd+/eDdUOAPD27dvnz5+3o2xwASgFECsUAKCqqkquLQkx0HfcsbOzO3/+/MuXL/v27YsO4sX+888/X7x4ERISIjW1sLAwNDT0+++/F9MrLy+vtWvXhoWFbdq0CQAQGhrq6OhoY2MDU3NycqysrOi7oDk6Op48ebKpqUmmfgoEgufPny9fvhyzTw9TfbJXA6m2AgDQ2tp64cIF9HfMmDH03aHgPihwa0z0G26SAQCoq6s7duzYrVu3iouLhUKhUCgEANTX18sUGwDQ1tYWHh5+7ty5169f19XVwXPQtc+fP3dwcEAVYmlpSd/Dg6WJMzY2FtuNkg1TpkwJCwtzcnKaPn26s7Ozi4uLXJvrPHny5MiRI3l5efBr5fLycnt7e1SoLl26oLeAw+EMHDgQeq6wUFwu9+bNm2gxq3fv3sGrWN5aR0cH7YHB5XJtbW3hXj5AlvaygY2ZkgpehQAAWlpaffr0gb9VVFQGDRqUkZHBJmcrKysbG5vNmzenpaWNHj36008/pRsByM2bN2tqauDvAQMG0DfzUOZBfwDtZSIxMbFPnz5ovyg6hYWFzc3NdJ1ns9MVgk19FhYWjhs3rra2dv369WI75vr6+vr5+WVlZdna2j59+vTZs2fff/89y1snJiYCAMaPHy+ZVFdXV1pa+vnnn6MjBgYGFhYWSLcBTa/gDw6Ho6qqStcxAMDevXu1tbX9/PzE8p8yZUpQUJC7u7ubm9uwYcPk2gQRrwZKooxgEH19/YMHD3733Xfx8fEODg4wRCKToqKilStXpqam8vn8/fv3KyS7dNsbHx8PAMjPz0etFUVRfD6/fZ0WyZ2uZMKmCcagjAMp03PA2E/29cnU+mMYNGjQoEGDwsLCFi9eDAAIDQ1VVVWdNWsWS7HxYIwYRHmHZ/To0VIlUf61UhgDAwO0LRwqlNg5UsVW3jeQSa9evWBsVAEU9g1kAndbh7/79+/P4/HoZh/IEpuiqD179owfP17qBl1MqTwez8vLKyQkRCgU8vn8+/fvl5aWws+8AADwMwL6hmTwt5hgTGBaOgRTfbJUA4zfm5qaCocMYc5i2wmLNaPQ5kBTw6alw6gBpvMOhWdyWjrUxLFxeDBguj/4QrVL552pF4zXXjawMVNMyPTE6GLDnlFBQQEc8scj010vLS198OAB+jt79mzUmndc6Km9tFcqcJFPJluB72XIhE33x9XVNScnZ+vWrWIt9aRJk8zMzIKDg+Eap6dPn+7Xrx99j08MeF8LY12hDDK7k4A5hsPG9mJQ2HNg02RgbC/LDiOTwwNh6v7gA9H4CA++PvHaq6QDCTosxvj8+XO4HDT827dvXy0tLcnT3N3dfX19Fy1adPz48WnTpq1du5aeylTbPj4+ly5dio2NHTFiRENDQ0REBHoR2PRzMeBrG4LxK0CHNbKIDRs2JCcn29nZDRs2bN26dfQNrQkEAgEAwGr01MTExNraOi0tLT8/v7m5WbEhQBMTE8mD9fX1ampq9+7dox90c3OTawygI7Cysnr69GlgYGB4ePiBAwe4XO7WrVu/++47Ntfm5eUNHTq0R48eS5Ys6dmzJ4/HCw8Pv3Dhgkgk6lzBlEfsuUAPSQzJBw09mPLycvqD1tPTGz16dAfIKDeSyia1XIqhra0t9ht6dSwJCAgYMWKE5Ob2kP3796urq69cuVLsuJGR0YQJE0JDQzdt2lRcXPzw4cN9+/ah1MbGRrj7AgL6hY2NjTJfbRgBgcuUMcFUn+zVQKqtAAAIhUJvb2/0Nzo6etKkSWLn0DsJHA6nra0NANDc3Dxq1Kji4uLly5cvWLBAQ0MjMzNz27Zt9FcSowYrVqwICgpatGiRp6enjo4ORVGzZ89G19bV1Yl1Bel/WZo4piLj8fHx0dLS+u233w4cOCAQCHR0dEJDQ+EGMzIJDQ2dO3fu+PHjFy1aBPdy+/777+Uq1P3798UKxb4U9PcC/kXvBV572cDGTGGQqkJSxdbR0YGfVcqEx+M9ePBgz5490dHRcDuWKVOmXLx4UU1NDZ2zadMmuAEJAGDjxo300VNlHvQH0F4m3r17Z2xsLDUJhjXp95IrnsKmPsvKypYtW/b48eMFCxakpqbCLXYg3t7e69atCw4O3rdv3+nTp/X09KZPn87y1hgb2NjYCKQpCTxOB6Nj5eXlISEh69ev79q1q9hVR48etbW1vXDhwv/+97/m5mYbG5uoqCi4BZFM8GqgJMoIhnjx4kVjY2O/fv3QBwoygds219bWpqWlVVRUyC84AMyuKQAgNzf31atX6KCjo+PAgQMVu0t7waYJxqCMA8nSc5Cq2+zrU+GmcPPmzZWVlUZGRqGhoZMmTUJVpIzDA7BGDNJxDk+7vFaKwcYrxvTplPENOhQlfQMMdLPP4XC6du0ql6t/5cqV3NxcuPCGXKk+Pj6HDx+OioqaMWNGaGiogYEB8ool2yOk+WxEUsDbR/XJUg0wWnH27Fn0QYyzs7PY6CkEmRr4A5oaNi0dk9j4zjveaelQE8fG4WEC3/1hUyglO++YXjBGe9mgfOedpbcPXxyW3r5Mdz05OZnek/X09EQF6bjQU3tpr1TwtgLfy5AJm+6Ptra2t7f3jh07PvvsM2dnZ3Scy+UuXrx49+7d1dXVQqHw1q1bcL0Q5QvF0rpiFAwwx3CUdPMU9hzYNxlSba/y4Q5M9wcTiJYZ4cHXp8wHrYwDCTosxlhbWysZSJE8rbm5OT8/X1NTE+69Sk/C1PbkyZN1dXVDQ0NHjBhx9erVxsZG9F0L+36uVJT0K0BH9iMgAoHg1atX3bt3t7a21tXVVT"
10:43:44.906 [Forwarding screenshot on session 5e9977749cf8e028abefff19f425d7c0 to remote] DEBUG org.apache.http.wire - http-outgoing-4 << "gfAoHwb4XV6Km3t7e3t7e7u/vnn38eHR3NPs5IR+rXW0ZGRgMGDIC7XzDB5XJBu/ZyWWJvb3/69GkAQGZm5sqVK7du3ert7U2P6zF9zHXq1KmmpqZHjx6hbwYlC4j5EIzH49F7enDdIbkE61wkHzTcoN7Hx2fjxo2dIZGy4L/aw6e+efMG+azw+ykzMzOW942Ojk5LS4PLbkhSXV0dFBTk5+dHHxVAzJs3b968ednZ2dHR0RwOh95V09fXh4vJICorK7lcLnSGeDweAIBJAw0MDLhcblFREcsi0GGvBkyzarp06UL/cpNN4AASExOTkZFx+fJlT09PeETsC1AM9fX1p06dWrVq1cGDB+ERseKbmZnBlaAgIpGI/vkzGxMHmIssE09PT09PT5FIdOfOnYULFy5btkxMPCb9PHjwoIODw82bN9GtN27cCDfCAQCYmZn99ddfIpEIml8AQHl5Ob1QHA4HqpZiYot9IV5VVUV/LzDa27lUV1dTFIVK/ebNG9Qbkfri0OdGd+vWbe/evXv37q2oqNi2bduxY8fOnDmzZMkSdMKTJ09Q1xrmRkexB/1htJcJIyMjJlsBHzf91nQFY4PM+rSzszt+/Hh6evonn3yydOnSixcvoqSuXbt6eXmdPXv2hx9+CA8PnzdvHvsPtqAdKyoqQpOnEbq6uhwOR9K6Wlpasi9XYGAgh8NZs2aNZJKqqurXX3/99ddfNzQ0nD179quvvtq6dSvc/AahmBpgrgUsdJuNYHjKy8sDAwP9/f137tzJ/iojI6M9e/YAABwcHLZt2waXBJcXJtcUABAQEECPxEny4b1TmU2w8g4kkxrgPQc8LOsTKNoUzp0799tvvz1//vywYcPy8/O3b9/OUmy8wwOwRgyP8g6P8q9Vh8L04ijpG3QiMmXGnEDXMTjri72rDwAICAhwdHRkmuWASXV2du7Tp09YWNi0adMuXrzo5eWlqqoKk2DMly5YZWUlOg5k2QpMSycTlmqAedl3796N3mL2NoFlS8cEvvOOnBY0M0bMKwYdaeJkOjxMVY3v/rAplJKdd0wvGKO9nQ79xYG/obcvs8kAstx1d3d3+iMQcz47KPTUXtorFWQrpKbiexlskNn9iY6OVlNTS0xM9Pb2Tk1Npfskixcv3r59+7lz5xoaGlRUVOB6xWzA+1rIuqI+oJh1lQkmhoO3vco75BgfD2CbDDzKhzsw3R9MIFpmhAdfn3jtVdKBZINizpKJiQldMIqipL5WkZGR9+7du3HjhuSEXUxtq6urz5w588KFCz///HNoaGj//v3RjGSZ/VyWfgX7kopd23GNLOTw4cOVlZWlpaVk6JRAIEhFDvvi4OAAFDV5TLi6uj5+/Bg/aQB+QlJYWKjYLR4/fuzv7w/X61eMgQMHrlu3jvp7twwENKySXyMKBIKuXbsi/1UoFN64cUPsHKZrAQDGxsb0wj59+lRewWRy+PDhLVu2wN3XPwC9evXq3bv35cuXOzTIeObMGX9//7i4uHbPWVdXF/PNKeZRAgBiYmLQ7zt37piZmYk5yhixAwICBgwYwLTu9OHDh1taWtatWyc11dPTU0tLKzQ0NCwsbNy4cT169EBJTk5OBQUFL168gH9FIlFMTIy9vT3stcKoB9JAiqLgWhkQPp8/fPjwiIgItCIWe9pFDfg02LtHAoEACoCOMI1JS9LQ0CASiTDXjhw5MjY2FrmSN27caG1tRalsTJxMZBoxLpc7YcKE2bNnV1RUiH1lz6S9AoHAwsIC1WF6ejrccAIVSiQSRUVFwb81NTVw2ypUqMbGRpl9JIzYTU1NT548gb/r6uqSkpLoUy0x2ovYtm2bv7+/mAff0TQ3Nz98+BD+bmhoiIuLQwthwflJ6MUpKSkpLi6WmomxsTH8/Lm0tJR+XE1NDem25OgpRN4H/WG0l8mIjRs3rrCw8NGjR5KXGBkZ9enT59q1a+gIUjY6ZWVl/v7+O3bswNydqT7hd8F2dnYBAQGXLl2CG0ohfH19Kyoq/Pz8amtrly5dKpktk/aOGzcOMKy5yufzBw0aFBMTg0xcbm5uYWGh1MUYpSIQCH799ddFixbBXiITWlpafn5+AwcOFCsyUFQN0LVAWlvGXrcxguEpKSmhKIppFcfGxsYtW7Zs2bJF7Mt9xODBg9vXNR07dqyKigp9xF0qSnqnChgxmU2w8g4kU5OB9xzwsKxPPBhrYG5uPnr06LCwsLCwsK5du9K9JmUcHoA1Ynja0e9V+LXKysrasmUL3Grrw8DSN1AGNo2CYuCdeYDtC8TGxqKILdwfke7SAKzY9+7di4uLYxqgwqcCAHx8fKKioi5dulRTU0Nf+NTBwYHL5d66dQsdgV1R1B4ZGxtXVVWhKSNitgLT0slEeTXg8XjIHWL/oSTLlo4JfOfd2dmZy+UyOS3tYuIAi0aByeHBRCQAc/cHXyj2RgwjNr4XzKS9COVjOIpBFxv+huv3ymwyEEzuuoqKCr0nyyRA+4ae2kV7mYyYs7OzpqYmk63A9zIQMmM4mO6PhoaGlpbWuXPniouLly1bRk+ysLCYMGFCcHBwSEjIlClTpK4kIVV78b6Wk5MTAEDMuvJ4PLT9jUwwMRy87VXeIWdSIZlNBh4lwx1suj9SA9EyIzz4+sRrr5IOJBvwMUYmBg8eHBcXh7yOBw8etLS0SJ4G60qybyWztn18fMrLyy9dunTz5k26ZZbZz8X7FfjaxtNejSyeoqIiS0tLpqHTDxw/JxAIHyMUa6ADx7SVNwa4qXhERIRkUn5+fteuXR0cHG7fvl1RUZGenv7rr796eHiInTZ06FBzc/Pff/89IiIiMzNTrrsHBgYCeTaoh5w4cWLz5s2JiYk1NTVZWVmjR4/W0dERCAT0czIzMzkczrRp027fvh0bG4s2q4e7VP74449v3rzJzMycOnUqXBWhvr4eXdva2mpiYmJjY3P16tXY2Nj09HSU9M0333A4nJMnTz5//vz48eNwlfzY2Fj2gsnE1tYWAIA2pGGDzK3Rqb8366YXExEeHg6fQnJyckVFxdOnT6G3KnaasbHxggUL5CnK/8PDwwMAcOzYMbmusrCw8PHxQX8vX75Mr23I0aNHAQCbNm168OBBbGxsTU0NPZVJDQ4fPgwA0NfXv3r1anFxMZxSs3//fpZiQ4fj9OnTUsV+9+6dgYEB2qRdKnPnzoX9qODgYPrxrKwsVVXVESNGpKamFhQUwI+X6TdycnIyNja+detWTk7O6tWru3btSn/QMTExKioqw4cPf/ToUVVVVVJS0pw5c96+fQtT8fUpUw0wtgKPtbX1+vXrKYqKiIgAABQVFVEU5ebmNmPGDIqinj9/zuPxPDw8Xr169fr16y1btsDPBtGN8GL36tWrX79+SUlJlZWVv//+O/zUFN6Ooqjc3FxVVVUnJ6dr166FhYXBPV2QwWFj4lxcXIYMGYIpHZMRW7169ZEjR7Kzs9++fXv37t0ePXqMHTtW7Bwm7V20aBGfz7969Wp1dfW9e/esra27du2KxGhpabGysurWrdvp06ejo6M//fRTAwMDY2NjmPr+/Xt7e3sjI6MzZ84UFRU9f/78woULU6ZMQcqPF3vGjBlw09CkpKTnz5/DDeoSExPp5zBpLwIunpOTk0M/iDdT9fX1KSkpKSkpMJp85MgR+Le2tpaiKD8/P1h8uDjMmTNnKIratWuXgYEBvNzHx0dFRcXW1jYhIaGgoGDOnDkAgKdPn8LUqqoqPp8/YsSItLS0xMTEsWPHdunSxc3NDaYmJCQsWrTozp07FRUVRUVFX331Ffg7xsoGNg969uzZmpqav/3225MnT2JjY1tbW+HxjtZeitmIVVRUGBkZmZiYXLx4saysLD8/f+vWrVFRUTD1t99+AwDMnz//1q1b+/btg59Oi2WSkpICAECKh5BZn0OGDHF2doa/29raPvvsMw0NDbgHDwKu9uPo6Ci1zjGew9ixY9XV1fft2/fixYvS0tLg4OBdu3bBJKhay5cvf/HiRUpKipOTk5qa2rNnz6i/PShoc9avX29lZQUvUVdXP3z4MPy9a9cuLpdbUFAgVSR3d/cLFy68evWqqqrq1KlTXC"
10:43:44.906 [Forwarding screenshot on session 5e9977749cf8e028abefff19f425d7c0 to remote] DEBUG org.apache.http.wire - http-outgoing-4 << "5327ZtYucopgYQprYMr9ssBcMDP86AUVpJUFSrpaVF6gl+fn5aWlpy3RGCsb0rVqzg8Xjbtm179uxZSUnJ7du3ly9fHhYWRj+nvLxcS0vLxcXlwoULERERZWVlct1dqhGTCb4JVt6BZGoy8J4DvglmU58YBxLCZA1Q0TgcjqGhoZgPqaTDgzdiSjo8FEVJvoYI5V+r8+fPAwBGjhwp11ULFiwwNTVFf2FcD5k4vNgsfQMvLy8LCwu5pELg1YCJ4OBgAEB+fj46Ym9vTzdiFLZfBmGyrgYGBioqKt7e3gUFBQkJCf379zfoKxnCAAAgAElEQVQyMmpsbGQptpubm5WVFcpNrlSKovLy8gAARkZGlpaWbW1t9CQfHx8ej3f06NGSkpK//vqrW7duffv2bW5uhqlw+GTFihV5eXnR0dEDBgwQe9CYlg5fn2zUQKbfKxU4igatxJAhQ5YsWUL93XzA9h3f0uHFltl5/+KLL7hc7vbt22NiYnx9feHyg8iAyzRxbDo4UhsFNg4kk/bK7P7gC8Wy8y5VbDa9YIz2Qpg8MbyZys/Ph+79kCFDBg0aBH/n5uZSLDyx/Px8AACXy921a1dxcfHVq1e1tbUnTZqE7oVvMti460x0aOhJSe2lsEbshx9+AAAsWbIkPT29qqrq+vXrS5cuhUn4XgaCqR+Br8/169cDAJqamuDf3bt3AwCCgoLoOVy4cAE6kNeuXZNa7UyeGMbXEgqFvXv37t69+40bN4qLiw8dOsTlclFMRmZ3UmYMB2N7lXfIMS0dpsmQaXvZdBgxDg+++wORGoiWaeLw9UlhtVdJB1KZGOPDhw+PHTt27NgxGDCBv1+/fg1TYc3PnTsXeh22trYqKiqSrxX81AZ1ENjXtkgkMjMzg2OrL168oCdh+rkUC78CU9syQ83K9yNk4ubmZm9vz5SqQPycQCD8y5Bj9BSu8rFnzx5574HvMCQmJtK3E9fR0VmxYoXYOfn5+ePGjYNTSVauXCnX3RUbPT137hz6gg8A0KdPH/ihjRjHjx/v168f3DV9zZo18GBbW9uyZcvgUgwcDsfLy8vf31/Smj948MDZ2Rl6t3RLXVZWhj5es7Ozg1vdoLaWpWB4jI2NVVVVxcIZeJQcPaUo6uzZs/Q1983Nzem5IcE+wtHT5ubm1atXm5qawol6khFeqWoA+4179+6FesvhcBYsWCAZ/GUS28PDw9zcHIU5xIALbmRnZ2OKBj0YPp8vObh+6dIl9LkZn8//8ccf6amPHj1CexLMmjXryy+/FHvQV69epX/lN3LkSNR1kVmfeDXooNFTiqJOnDihpaUFb+rg4ABjKCxHT2NjYy0sLOC1xsbG8GNMegcgMjISrkxlZGR07tw5c3PzuXPnolSZJk7h0dO1a9fSN94YM2YMcqwRTNpbUVGB9tPl8/kBAQFiYjx79uzTTz+FqRs2bJg/f76JiQlKraysnD59Opq6qqqq6urqKvZhAWb01MrKas2aNdBI8vn8Q4cOiZ2D0V6IAqOn9C9q6cA6YTN6amFh8c0338BSq6urHzhwgH73w4cPw5U81dTU9uzZQ4/KZWdn05fe0tXVlSwyBjYPurCw0MPDAw6WAFpnqaO1l8La3pycnJEjR6LLraysUlNTUerOnTvhLARbW9tLly4BAE6cOEG/nClYI7M+6aOnFEWVl5cbGRnZ2trSI9oHDhwAADA9CIznIBAI5s+fj+YH6+npwa3IIN9//z1sC6DkKF4jM2YnFAq7d+8+Z84cqfJQFDVs2DD0xvF4vCVLlkg2EAqrAURqW0ZhdZulYHjgTPQrV65ITc3OzgYAWFtbM12+fPlyTU1Nue4IwdjelpYWf39/tJg5AGDw4MFivgFFUdHR0ba2trByzp8/L9fdFRs9pbBNsPIOJMbhwXgOMptgmfWp5OhpTU0N1NubN2+KJSnp8GCMmJIOD4UNJir/WsGo3LJly+S6SpnRU4qdb/Bxjp5SzP0yCJN1NTAw8PLyQptB9ujR4/79+yzFhsd//fVXTGGZUhFwItSmTZvEjtfV1X3++edI/RwcHFCIk6KotrY2tC2CoaEhnNJBf9CYlk5mfcpUgw4aPcW3dHixZXbe6+vr58+fr6amxuFwJk+eDHdmzcvLg6kyTZzCo6csHUgm7cV3f/CFoth13jGjpzJ7wUzaC1Fs9JRusRGwTliOnm7cuBGtReno6AhbNAi+yWDjrjPRoaEnJbWXwtretra2HTt2oCVzVVVVV69ejVLxvQwIUz8CX59io6cikWjcuHGampp0VWxubjY0NDQ2Nmb6/A7jiWF8rezsbLTAAIfDmTlz5rt372CSzO6kzBgOvpehvEPOZCswTYZM20ux6DACBs9BZvcHwhSIxps4mfWJ115lHEhlYoySG+KKFerAgQPQCKioqGzcuNHCwkLSTsJvVuA34giWtf3NN98AAEaMGCGZxNTPpVj4FZjalhlqVr4fIZOJEycOHjyYKVWB+DmBQPiXIcfoKdzqmanDrCSFhYVxcXFwM/COyF8B2traXr58GR8f//LlS5FIJO/lb968SUhIKC0tVeDWIpEoNzc3KytL6peYSgqWmZkJAPDz81NAMCVpa2vLzc2Nj4+n90P+rcB+Y1FRkUAgSEhIgCsTsiQnJ4fD4QQGBkpNbW5uNjc3l5wBJhctLS3p6emJiYnI3afT1NSUmppaWFiIySEvLy8+Pr68vFzeW3eWGrx79y4lJYUeFGBPc3NzdnZ2WloaxkDBgZm2tjZ1dfW1a9eKpXaQiRMKhbm5uQkJCQo8CIqiXr58mZiYiJm8LhQKoZGZOHGig4ODWGpNTU1CQkJmZqZULWICjp5SFFVSUhIfHy/v1PlOp7S0ND4+Xqw3Ann79i38bFzqheXl5YmJiTk5OUKhUN6bKvOgO117S0tL4+LiCgoKJFu0trY2GIyA42dXr15ln60y9UlR1Pr169XV1eFetgogEAgSExOzsrIk715fX5+QkJCRkYGZMCQJXFs4OTkZf9P09PTU1FQF3ho2aoABr9vKCEZRFBw7v3v3rtTUX375BQAQGhrKdDns5CvTYWZCKBSmpqYmJydXVVW1e+ZKwtQEd6gDifccZNJZ9am8w4MxYniUcXiUfK1mzpyppqbGPnbfjijmG/xDMTAwgKHk3Nzc5ORkuQzsnDlzjI2NUURerlSWlJeXQ9WVmlpUVJScnIxpQzEtnUw6RQ2UbOlkdt5bW1thzjt37uRwOJKB6Q4ycco4PDK7P/hCKWbElOkFfwy0tLSkpKRIHVTDNxnKuOsdHXrqUO1tbm5OT09PTk6W2mDhexkYlOznVlVVqaurf/PNNwpcC8GEO/Lz8+Pi4ioqKtjnxj6Gg7G9HeqQ45sMmSjQYWTT/aGwgWg2ER58W4bRXuUdyA6itrY2Pj4es+zN6tWruVyu2HcDLGsbD76fK9OvwNsKPB3aj7Czs3NxcZGa1InxcwKB8PEgx+gpRVGOjo66urqbNm06depUBwlE6Gh+/vlnPp9fXFzc2YL8y0H9RgWuvXbt2qpVq5jCDTk5OStXrqRP4SJ0Li9fvkS/4TpXaGW/fy70b+tev37N5/OV6XzSQaOnhI+BztLeuro6es9nxYoVfD5f4bFMeSkvL9fV1Z03b96HuR0b9u/fv3Pnzs6W4kMTHR29ffv2vn37dunSReoXCRRFff7553Z2dphRK7ibl5ub2759++Td3IFA+FfS1tZmYGDw1VdfdbYg/37Q6Km8vH//fs2aNUxz1vGphA9PaWnp+/fv4e/3798PHjzYycmpc0VSno4rlDK9YEK704na27l9ZH9/fw6Ho9iX0x0BieFIwr77QwLRLDl58qS/v7+2tvaoUaPEkv6bnU081dXVgYGBS5cuBQBs2bJF6jkkfk4gECiK4lB/b/vMhtevXx88eDA7OxtumMf+QsLHw5MnTxoaGiZMmNDZgvzL+eWXX1atWlVUVGRmZtbZshA6Fj09vX79+g0aNKi6ujoyMtLT0/PPP/+ECyj9c/H09MzMzBw+fDgAIDo62sDAIDY2Vl9fX/mcZ86cmZqa+vz5c+WzIihPZ2lvamqqs7PzmDFjLC0ts7OzHz"
10:43:44.907 [Forwarding screenshot on session 5e9977749cf8e028abefff19f425d7c0 to remote] DEBUG org.apache.http.wire - http-outgoing-4 << "16dOjQoVWrVnX0fWHkIj09vbW1NTExkb4gHuHD89133z158qRXr16+vr7Ozs5Sz7l06VLfvn0HDRqEyef333+PjIysrKxcu3YtXAKOQPgv09jY+Oeff06ePJm+FCShIzA0NPT09AwKCupsQQgdy8GDB7dv3+7i4qKnp/fw4cPS0tJbt24NGzass+VSio4rFOkFf1R0ovZ2Vi/j22+/vXXrVlJS0pdffnnkyJGOvh3hA0AC0SyZMmVKa2vrwIED165dS196nSCVly9fLliwQE9Pb+TIkXC5YMlzSPycQCAAAOQbPSUQCCyJjY29evXqpk2b0OL+hH8rkZGRDx8+LC8v19TUHDdu3IwZM9CmI/9ckpOTo6Ki4AxUR0fHBQsWwC1SlOePP/4oKyvbsGFDu+RGUJLO0l4Y3E9OTn779q2xsfGMGTPgUH1HU1RUdOTIET09PS8vL7SvFYFAIBAICvDTTz/Z2tpOnz69swUhdCzFxcUXL17MyclpbGy0srJauHAh2mP1n0vHFYr0gj8qOlF7O6uXERwcXFBQYGdnN2vWrH/6B80EAoFAIBA6HTJ6SiAQCAQCgUAgEAgEAoFAIBAIBAKBQCAQCAAA8I+fIEUgEAgEAoFAIBAIBAKBQCAQCAQCgUAgEAjtgnyjp3Fxce7u7paWlra2tvTjt2/fjoqKAgAkJSWdPXu2vYSbOXMm528iIyOlnnPmzJnk5GQAQGRkZExMjFz5d5DYHwMeHh6TJk3qbCkUx9HRcdmyZZ0txf+jg+pTGe3NysqC2yyVlpYGBQW9ffsWJa1atcrOzq59RZVkz549gwcPNjIyMjQ0rKmpQceVea0whQoLCzM0NHz58mU7id+B3Lhx488//1Qs9YPxD6pPwn8ZBWzvy5cvDQ0Nw8LCOkgkQjuydetWQ0PD9+/fd7YgyhISEvLw4cPOlqJ9+AAO5Js3b4KCgjpo9+v/iANJJz09PSgoqKGhQew4U6+NTlFRkaGhYUhIiAKpdEQiUVBQUFBQUGlpKTr49OnToKCgqKgofKrMzDuXxYsXm5mZffrpp0zOG8bvPXXqVI8ePQYPHrxt2zapqz3BGoaIXZubm2tsbGxjY7N48eLq6ur2KxCBQCAQCAQCgUAgENgi3+ipj49PZmbmtm3bjh07Rj/+yy+/7N27FwBw+fLlr7/+ur2E27dvX0pKyu+//445Z9WqVdeuXQMA7N69W0wqmXSQ2B8AHx+fTz75BHOCQCCora39YPK0OzU1NXV1dR/sdhYWFuvWrcOc0EH1qYz23rp1y9fXFwCQnZ3t6+tbUlKCkurr6+nDmR3BhQsXNm7c+Omnn+7fv//gwYNaWlooSZnXClMooVBYXV0tEokwl2dkZOjq6l66dInpBJkPWnmqqqqmT5+elJSkQOqHhE19Ej4kMrX3v4kCtlckElVXVwuFwg4SSUmOHTumq6tbWVnZ2YJ8FDQ0NFRXV//Tt5CIiopauHDhu3fvOlsQVnwMDuSePXvWrFmjp6fXEZn/RxxIOkuXLg0KCqJ7YhCmXhsdaDCbmpoUSKXT0tLi6+vr6+t74sQJdPDLL7/09fXdu3cvPlVm5p3L2rVrDx482NbW5uPjU1FRIXkCxu91c3M7ceLEkCFDfvjhh8uXL0te261bt7CwsAMHDkg2W+bm5iEhIUuWLAkJCdm2bVu7lolAIBAIBAKBQCAQCKzgsT+1rq6uoKBg8+bNCxYs6DiB6FhaWgIAPtoYaCfS0NCAjw3JO5HxP45AIGhsbMScQOpTjLt37xoaGh4+fLizBfn/EIlEAoGgubmZ6QSZD1p5fv75Z5FItHbtWgVSCf9lZGrvf5N/n+19//69QCBoa2vrbEEI7cbu3bvt7e0/++yzzhaEFZ3uQNbW1h4/fnzp0qUGBgYdeqMPQ6c7kDExMQkJCZJf3nz4XhsAwNraOjw8/IcffgAA5OXlZWZm9u7dm2XqR8ugQYMGDRqkqak5efLk9PT0CRMmsL/WzMzMzMxs/Pjxv/32W1JS0vTp08VO4PP5rq6uUudha2lpTZo0adKkSefPn/8YvrojEAgEAoFAIBAIhP8gcoyewk+PdXV15b1HdXV1bGzsJ598wufzL1y4UF5ebmdn5+7urqLyf2e+vnr1Kjo6uqqqqnfv3tOnT9fQ0JD3Fh2BwmLX19ffv3/fwcHhzZs3169f19TU/Pzzz83NzemZv379OjIysqamplevXp6enl26dKGn5uXl5eXlffbZZ0VFRVevXm1ubh47duzQoUMbGhru3r0LAKioqGhoaECrGTs5ORkbGwMAmpqaUJhGT09v5MiR9GyLi4tTU1PHjRuXk5Nz+/ZtXV1dT09PeCEiPj4+JiamS5cus2bNqqmpqa6u/vTTT1nWGJPY6ISEhIQHDx4IhUInJ6eJEyfSr6UoKiIiIj093dzcfPbs2ZKZM9X2vXv3jIyM0tLSSkpKFi5cWFlZefXq1eHDh48ZMwaecPPmze7duxsaGl64cKGxsXHChAlDhgyBSYWFhenp6QCA1tbWwsJCVJ+TJk3i8Xgy6xMV6t69ey0tLYMHD540aRJSDza13aFQFBUVFZWenm5paTlz5kw1NTV6amRkpJWVVb9+/SIiIrKzs01NTWfMmIH0UCAQREREvHz5slu3bh4eHj169IDHUYVkZGSoqKigGnNzc1NVVf0w5UpKSpKsz5SUlJKSErgObUpKCiyIjo4O1F6ZDxqjJHLx7t27I0eOfPHFF927d2eTeufOnS5duohNA/rrr7/Mzc0HDRoE/9bV1V25cuX169eGhoZTpkyhW5L79+/r6emhVZorKyuTk5OHDx+uo6ODznn//v1ff/2Vk5OjoaHh5OQ0atQoNvUJYVIDSGxsrEgkGjVqVGxs7IMHD7S0tDw8PMQMnSSlpaXJycn9+/f/888/Bw8ePHHixNOnTzc2Ns6fPx81Ljk5OY8fPy4vL+/SpcuYMWMGDx6MLpf5WkEjmZeX19jY2KdPnylTpohZV7yJE4lE169fT0tLU1dXnzBhgtgK2DIbBTwZGRkPHjx4+/Ztjx49xowZY2VlBY/jtRdKFRsbm5aWVlNTY2xs7O7ubmZmRs/59evXly9fFgqF7u7u3bp1y8rKGjFihKamJjoBY3sxvHr1KjMz09XVNSYmJiUlxczMbObMmag+2WgvhrS0tKqqqnHjxkk1Uxjb+/79+1u3bg0YMCAyMlJTU3PRokW3b99OS0vz9PTs168f/Rbp6el//fWXhoaGp6enhYUFyvn+/fsDBw5EdZibm1tUVEQPiAuFwmvXrhUUFPD5fBsbm7Fjx/L5fJaVBgCA8rS2tlpaWrq6uqIhotu3bwuFwuzsbPgbKnzv3r0HDBgAT+hQ7WXDw4cP4+LiWltbbWxs3N3d0eNoa2u7du1aZmZmz549Z8+enZSUpKOjM3DgQJbZsq9PoVAYExOjr68/fPjwsrKypKQkZ2fnbt26oROgARk2bJihoaGShQLMnlhGRoZAIOBwOPfu3YOm7/Tp08bGxj4+PhwORyz/J0+ePHr06I8//qAfJA4kxoE8evRoU1OT2HxN4kDSHUh4rb29PYfDuXz5cktLy8SJE5neuICAAGtraw8PD7HjmF5bfX39hQsXSkpKHB0dkf1hmYrH3d39xIkT6enpdnZ24eHhrq6u9Hn2+FQMeGugra198+bNPn362NjYoFTYUvTt27dXr16YVGtr6/v37/N4PLEHdO/ePTU1tREjRqAj+vr6AADFvsDT1NRUV1dX+Os9fX19qXNeCQQCgUAgEAgEAoHQ4VCsKSsrAwDs3btXMsnDw8PFxYWiqM2bNxsYGIilwnjNzz//bGpqyuVyYWQ/PDwcph44cEBVVVVXV9fW1lZNTa1Pnz6FhYX0y2NjYwEAERERUqXS0dHZunUrRVEjR46cMWOG5AlnzpyxtbXdsGHDBxM7IyMDADB16lRVVVVra2sNDQ0tLa179+6hnP/44w81NTVNTU0bGxsul2tmZvbs2TP6rbdu3QoAOHfunJqamoaGBgz0VFRUPH/+3NTU1NTUlM/n83g807+5fv06vLCoqAgeUVNTc3Z2FitRcHAwAGDdunUaGhq9e/"
10:43:44.907 [Forwarding screenshot on session 5e9977749cf8e028abefff19f425d7c0 to remote] DEBUG org.apache.http.wire - http-outgoing-4 << "dWUVExMTGprKxEJ+zYsQMAoKen17t3b0NDwzFjxhgbG0utdqkwiU1RVHNz89y5cwEApqamffr04XA4kydPbm5uhhe2tra6u7sDAHr16qWvr//JJ5/06NHDy8sL5YypbWtrayMjIzs7O3V1dUdHR3NzcxsbGxUVlcePH8MTDAwMRo8era+vb2lpaWBgwOFwkA6fOXMGVheHw9HS0kL1KRAI2NQnRVFfffUVAKBbt25wnrSLi0tDQwPL2qZYaC+GwMBA+P7eunULAJCRkYGSFixYYGpq6uXlpaurC6OuEyZMELscALBq1SoXFxf4xAEAK1asgEn37t0zMDBQV1e3tbXV1tbW0tK6efOmWIVoaGhwuVxUYzU1NShn/GtFUVRubq6trS08h32h8PX55ZdfmpqaGhkZAQD09fWhVBMnToSpMh80RknYiI3Yv3+/iopKXl4ey9R58+YZGBigF4GiqKdPnwIAQkJC4N/MzMzu3btzuVwbGxsNDQ0YiEcnW1hY+Pj4oL9wUbjY2Fh0JDU11cLCgsPh9O7dG/7YvHkzm/qksGoAcXFxGTJkyLfffgsA0NbW5nK5/fv3x1QOJDQ0FABgY2MDZ5yMHTt2wIABWlpabm5u8IQDBw7ADO3s7ExNTemayUZsbW1tFRUVCwuLgQMH8vn87t27p6WloVS8iSsuLra3t1dRUenXr1/37t05HM6OHTvowuMbBTzbtm3jcDi9evVydnaGAz9VVVUwCa+9FEVNmzYNAGBkZGRvb6+rq6uurv7777+j1Nu3b0PdsLGxUVdX9/T0BADk5OTAVLztxQMnl3t6empoaFhbW6uoqPTp06esrAymytRePHgzhbG90BUxMzODo4Njx441MzMzMTExNDSsr6+nKCo/Px8AMGXKFDU1NdgEa2ho3Lp1C14OR6lPnjyJMlyzZo26ujr6W1xc3LNnT/i1gY2NDY/H++qrr9iUiKKolpYWNzc3DoczaNAgBwcHLS2tgQMHolQHBwdTU1OoNj169IAFhE0ApEO1F09NTc3YsWOhmvXv319VVXXkyJEwqbW1Fc6q7Nmzp5GR0fDhw+GDY5kzvj7Xr18PAGhqaqIo6t27d+PGjevevXtmZiZFUWVlZTweb+PGjfTcli1bpqmpiUy3woWisJ6Yn5+fvr5+3759DQwMdHR0nJycBg8ezOFwdu3aJXmXqVOnWlpatrS00A8SB5LJgWxqajIyMpo3b57YceJA0h1IaKZ8fX11dXV79+7N5/PV1NTu3LkjmQmckhgUFCSZxNRrKy4u7tWrF/Qr+Hw+HHY9duwYm1QMcLB28+bNXl5emzZtoijK1tb29OnTQ4YMcXFxwafKzFymNbC1tRWr5HPnzgEAoOXHp65cuZLP5799+5ZeRSoqKshfgsDe6OXLlyXFk+n3UhSlrq6+Zs0apgLCZoveMNFxc3Ozt7dnupZAIBAIBAKBQCAQCB2HHKOnBQUFAIBDhw5JJj179iwrK4uiqKKiosTERLFUGEUyMDAICAhobGykKCotLQ3GBOEYyZIlS96/fw9vYWpqOmXKFPrl+NHThISEoqIiiqKysrKkDlrA8Ripkb4OEhsGvzQ1NRMSEiiKqqiogN8+i0QiiqIqKyu1tLSGDRsGO/zp6em6urqjRo2i3xpGkaysrK5du9ba2ioSiSIiIujhQg8PD2tra6kVAnFxcWEKfjk6OsKo/fXr1wEAO3fuhKkvX77k8XgzZsyAQcDjx48DABQYPZUq9pYtW+jxnejoaBUVlX379sG/Z86cAQAcOXKEoqjW1taZM2fSHxm+tq2trceNG0f9Hbm7evWqSCTq2bPnt99+C0+A835Q5tOnT+fxeGKqoqOj4+fnJ299RkVFAQBWrlzZ1taGSrFlyxY2tQ2Rqb0YysrK4DiZQCCIjY2FKgqBq7QtWrSotbWVoih/f38AwJMnT+iXw3GaWbNmvXnzhqKoioqKGzduUBRVWVmpr6/v5OQEx0jevXvn6upqZGREz5+iKC8vLwsLC6mC4V8riqJSUlKYVAtTKDb1CXMODQ1lqjSmB81GSTBiQ96/fw8n57FPjY6OBgBERUWhI2vWrNHQ0Kirq4N/nZycDA0Ns7OzKYp6+/btkCFDtLW10Vg1fvS0sbHR3Nzc3Nw8JSUFHnn16hUafMXXJxs1cHFx0dPTs7e3h4PcTU1N58+fZ6ocBBw9hVOIunbt6ujoSFHUyZMnuVwuzPz27dt3795F5+/atQuez0ZsiqICAwPRqGRZWZmFhQW0DxQLEzdq1Cg9PT1ot9va2jZt2sThcOLj49EJmEYBT21tLYfDWb16Nfzb1tZ248YNFCiHYLT3999/RwMkTU1NHh4eOjo6cKRQJBL169evX79+5eXlFEUlJyfDKado9BRve/HA0dP+/ftDKxEbG6uurv7FF1+grPDai4eNmaKk2V44JPDjjz9SFDVhwgQul1tdXQ1Dz9CIwd98Pv/p06cURb1588ba2tra2ho2wTJHT9etW6epqQktM0VRFRUVaChFJnAf60uXLsG/TU1N0dHRYudAnwQNQosldZz24pk5c6aqqmpYWBj8W19ff/z4cfgbNm0HDhygKEokEvn4+DD5VFLB1ycaPRUIBCNHjuzZsyfd8Hp6epqYmEANoSiqqalJR0dnwYIFyhcK74n5+fl16dKloaHh8ePHAIC1a9dSFOXj4zN8+HCxW2RmZnI4nF9++UXsOHEgmZrLI0eOcDgc+qdRMsX+DzqQ0Ezp6OjA5rukpMTAwID+SQ1i1qxZJiYmsHRiMPXalixZghSssrLS2tqaPj6KT8WAxkcvXrzYp0+fjIwMNTW12tpasdFTqakyM6dkWYODBw8CAKCzBJk4cWKvXr1g9eJTU1NTAQBHjx5FqTt37uRwOAUFBXQBkpOTAQB//PGHpGwy/V6KorS1tX19fZlKhx89nTZtWt++fZmuJRAIBAKBQCAQCARCxyHH6OmpU6cAAH/99Ze894BRJE9PT8mkyZMnGxgYCIVCdGTXrl0cDoc+lQ0/eiqTa9eueXh4sAwWt4vYMPhFD/AdOV3W95sAACAASURBVHIEAPDo0SOKok6cOIGCvBAYPXz16hU6AqNIBw8eZJJNmeAXfe6aqakpmgEAb/r8+XP4t62tzdLSUoHRU0mxW1padHR0xAbF3dzcBg8eDH+PGTPGwsICRjEoisrLy6MHv/C1bW1tvXLlSoqizp8/DwDIz8+HxUchfgMDA0tLS5R5VlYWAGD79u10YRQLfs2dO5fP59fW1qIjQ4YMsbS0hL/xtd2hwGEJOOBB/R2UEZuaAADo0aOH2JgoRVF79+4FANCjP/AFvHLlCv00zOipTF68eOHh4bFw4UK5rmJTn8qMnspUEpli//bbbwAAGHNkmdrS0mJkZDR//nz4VyQSmZiYIM2HLwIK41IUFRERAQA4ffo0/IsfPT179ixTpI+SVZ9s1ABOXEZDsyyBo6dQOW1tbaH80Ni+ePFC8vza2loAwE8//cRGbEm+/vprVVVV+GTxJi4hIQEAQG8pmpubu3bt+vXXX6MjmEYBT25uLhp/YkKm9iKuXLkCAHj48CESif52w9cfjp7KtL144OhpcHAwOjJr1iwNDQ04QILXXpmwMVMU8+gpHKpfuXKlqakpRVFtbW0cDue3335DWdFfjZMnTwIA4AQ+maOnc+bMMTQ0ZDk9V4xff/0VAJCcnIw5BzN6Kkb7ai+GoqIiDofDFNl3cXHp2bMnHL2j/q5A9g8aX5/Q/ykpKXFycrKysqI7QhRFwdVQ0Qg9+vZC+ULhPTE/Pz9bW1uKot68eYO0ZevWrT179hTL54svvujWrZtkS0ocSKkOZGtra+/evSdPnix5U+JA0h1I+JbRZ2n7+PiYmZmJZZKfn6+ioiJ1TSCKodf2/v17NTU1ZLepv5UKjo/iU/Gg8dGmpqYuXbq4u7vDpyY2eio1VWbmlCxrUF1dra6u/s0338C/cPIo/MhGZipFUUOHDnVyckJ/0bA6nerqah6Ph3/WGBwcHAYOHCg2SR2BHz1du3atqqqq2MpMBAKBQCAQCAQCgUD4ALDa93T//v3Xrl2Li4tbvnw5+y3TxH"
10:43:44.908 [Forwarding screenshot on session 5e9977749cf8e028abefff19f425d7c0 to remote] DEBUG org.apache.http.wire - http-outgoing-4 << "Bzc5M8GB8fr6urGxgYSFEUAICiKPhB+osXLxTbd1CSqVOnTp06VeHLFRabvlcfXGAwOzt75MiROTk5AABHR0eUCn9nZ2ejjdkwt1Ye+CE5xNDQsKqqCv5+/vx5ly5d0FZ8HA5n4MCBMCYrF5Ji5+XlCQSC9+/f7969G6odAODt27fPnz9Ht4bL4sG/ffv21dLSQpfLrG24g5q6ujr9N4zUQODeUfB3//79eTwe3HlOSXJycqysrOh7TDo6Op48ebKpqQntqsVU2x2NgYEB2hYOLRMqds7o0aMl9xiOj4/ncrk3b95EC12+e/cOAIAelvL06tULDv8oQMfVp0wlwYtNUdSePXvGjx9P36dNZiqPx/Py8goJCREKhXw+//79+6WlpXBqFwAAYyvYlCgxMREAMH78eMw5TPXJUg2MjY3pho5OamoqHDKEObu6utJT0XtKf3nhO9vW1hYeHn7u3LnXr1/X1dXB8+vr69mIDQB49epVYGBgcnJyWVlZa2trbW1tS0uLUCjU0NDAm7j4+HgAQH5+PjJTFEXx+XxJzVfAMltZWdnY2GzevDktLW306NGffvpp37592V9eV1d37NixW7duFRcXC4VCoVAI/q4TKB79KdD3HJVpe9kg1padP3/+5cuXffv2xWsvG9iYKSbEVIjD4aiqqtLNPl1se3t7AEBBQQEc8sczZcqUsLAwJyen6dOnOzs7u7i4iG3SWVpa+uDBA/R39uzZaLdCV1dXPp8/efJkb2/vYcOGjRkzhr5Ln0w+gPZKJSkpiaIoJlvx/PlzBwcHVEZLS0uxjTbxyKxPAICrq2tOTs7WrVvFvKBJkyaZmZkFBwfDpVlPnz7dr18/lnux4wsl0xOT6VcAAAoLC0NDQ7///nvJlhRCHEixy//8888XL16EhIQw5U8cSLkcyL1792pra/v5+Ykdx/TaioqKmpuboUmE0JUNnwppbW29cOEC+jtmzBixjd75fP60adPOnTsHJ9SKgU/FeA54a6Cvrz99+vQzZ87s2rWLy+XCzBctWsQmFQDg6+vr5+eXlZVla2v79OnTZ8+eff/992Ky6evrHzx48LvvvouPj3dwcICD0+wJDAxcsmRJ37597ezsjh07ZmJiwv7aDRs2JCcn29nZDRs2bN26dfRdugkEAoFAIBAIBAKB0KGwGj01MTGxtrZOS0vLz89vbm5mihPJzETyYH19vZqa2r179+gH3dzcJINrnYXCYmtra4v9hiHvxsZGsVQYPYHHZd5aecTqFkaUAAB1dXViIVG5IqQISbFhlL+8vJxeY3p6eqNHj4a/a2tr6RUC/v/6YakkKLwFf7e1tUnNjcPhdO3aFT4LJWlsbNTX16cfQY8SvSNMtd3RSL5BkrfG6Pb9+/fpB93c3DpIG+Wl4+pTSSW5cuVKbm7uoUOH5E318fE5fPhwVFTUjBkzQkNDDQwMJk2aBJPY2wqpwPFOuPAgE0z1yVINMFpx9uzZ/fv3w9/Ozs5io6cQ9M7CH/CdXbFiRVBQ0KJFizw9PXV0dCiKmj17tkgkYiN2Xl7e0KFDe/TosWTJkp49e/J4vPDw8AsXLsDL8SYOmqnc3NxXr16hg46OjgMHDhQTW4F3gcfjPXjwYM+ePdHR0XDL0ilTply8eFFNTU3mtc3NzaNGjSouLl6+fPmCBQs0NDQyMzO3bduGCiVWEMlCYWwvG5jaMoDVXjawMVN4WJp9+OK8ffuWTZ4+Pj5aWlq//fbbgQMHBAKBjo5OaGgo3PgTkpyc7O3tjf56enqiglhZWT19+jQwMDA8PPzAgQNcLnfr1q3fffcdm/t+GO2VCt5WKOkbyKxPAIC2tra3t/eOHTs+++wzZ2dndJzL5S5evHj37t3V1dVCofDWrVtwKW/lC8XSumIUDACwf/9+dXX1lStXMslAHEgxAgICRowYMWrUKKb8iQPJ3oEsLy8PCQlZv359165dxTLH9Nrgcg6SKsQmFSIUCukGMDo6WtLsr1q1Sk9PD+7YLQkmFeM5yLQGvr6+oaGh0dHRU6ZMCQkJcXNzMzMzY5nq7e29bt264ODgffv2nT59Wk9Pb/r06ZLivXjxorGxsV+/fn369JFaNAzl5eWVlZVDhw61trZm0/TTEQgEr1696t69u7W1ta6urry3JhAIBAKBQCAQCASCwrAaPfX29vb29nZ3d//888+jo6OldillgiYu0DEyMhowYADcPo0JLpcLPuCwkxgKiw0XfIPAD8ZhRx2GS968eWNqagpTKysr0XGZt4bQAz3thZmZ2V9//SUSiWCFAwDKy8sVyEdSbCMjIwCAj4/Pxo0bpV5iYmJCry6Kouif2LOpbTz0zOGEHnrQBChan/r6+vScAQCVlZVcLlcskPfRwqTbHA4nOjq6I3Sso5EpM+YEmUqCJyAgwNHRkWlCACbV2dm5T58+YWFh06ZNu3jxopeXl6qqKkxCtgKdLGYreDwefVgRxj0R8L0rKirq1asX+4Kga9moAcZG7d69e/v27TJPE6O+vv7UqVOrVq2Cu5QBAIqKilheCwA4depUU1PTo0eP0IQ/ut3AmzhYXQEBAfTBG6mwLw6dbt267d27d+/evRUVFdu2bTt27NiZM2eWLFmCTmCq6piYmIyMjMuXL3t6esIj9HlRUEvLysrQLCXJQmFsLxvevHnTu3dv+JvelgGs9nY69BcH/oZtLo/HAwBgXhwAgKenp6enp0gkunPnzsKFC5ctW0bXQ3d3d/ojEBvhsLe3P336NAAgMzNz5cqVW7du9fb2pofamR70h9FeqSBbITXVzMwMrpYMEYlE8k76x9cnACA6OlpNTS0xMdHb2zs1NZXehi5evHj79u3nzp1raGhQUVGBCz4rXyj2nhgT1dXVQUFBfn5+enp6TOcQB5JOdHR0Wlra1atXMfkQB5K9AxkYGMjhcNasWSOZhOm1wfFpSfPIJhXSpUsXugGUOhA4bNiwYcOGMUmOScV7DnhrMGbMmD59+gQHBxsaGubm5qJ82KR27drVy8vr7NmzP/zwQ3h4+Lx58yQ/7ikvLw8MDPT399+5cydT0TBs27Zt4MCBd+7cUeDaw4cPV1ZWlpaWkqFTAoFAIBAIBAKBQPjAyBEFdnBwAHLGsmXi6ur6+PHjiooKzDmwM19YWKjYLR4/fuzv7w83yGkv2IgdExODft+5c4fD4cAFFZ2cnAAAt27dQqk3btzg8Xj0lbJkoqury3IaDXtGjhwpEomioqLg35qaGrjToRhnzpzx9/ePi4tjn3OvXr169+59+fJlpiHwwYMHx8XFoXDMgwcPWlpaUCqb2sYTGxuLModb38Gl8BCK1aeTk1NBQcGLFy/gX5FIFBMTY29v347jB1lZWVu2bIGb9n0YXF1dGxsblQk1yqSsrMzf33/Hjh3tnjOMK2EeJeZBy1QSjNj37t2Li4tjiu3iUwEAPj4+UVFRly5dqqmpoS986uDgwOVyxWwFAAAt/2tsbEw3jE+fPqVnO27cOADAH3/8wXRfDMqrAY/H4/8N+2kWDQ0NIpGIPtyLD7WLIRAIunbtigafhEIhrDEI3sSNHTtWRUXl4sWL7G8nlW3btvn7+0tGnBHGxsZwxkxpaSn9OJP2CgQCAABTnTg7O3O53GvXrqEjqICAhe1lI7ZYW2ZmZkYfLmLSXkRHNMFsoIsNf8NGFn4ZgF4ciqLgsreScLncCRMmzJ49u6Kigj7aqqKiwqfBJMDAgQPXrVtH/b1RKwLzoDtae5mMmLOzs6amJpOtGDlyZGxsLNKNGzdutLa2Sp4m0zdgqk8AgIaGhpaW1rlz54qLi5ctW0ZPsrCwmDBhQnBwcEhIyJQpU4yNjSVzlqq9+EIp74kdPny4paVl3bp1LM9H/GcdyICAgAEDBsi7lQZxIKUiEAh+/fXXRYsWwdFlqUjttXXv3r179+5wX17I7du3WaYi6AZQsc+JmMB7DnhrwOFwlixZEhERsX//fiMjI7G5rfhUAICvr29FRYWfn19tbe3SpUslZSspKaEoimm3ApkUFRUpc62lpSUZOiUQCAQCgUAgEAiED48cnV64LRA9KqE83377LQDgs88+i4mJqayszMjIOH78OJ"
10:43:44.908 [Forwarding screenshot on session 5e9977749cf8e028abefff19f425d7c0 to remote] DEBUG org.apache.http.wire - http-outgoing-4 << "phAzE1NR06dGhAQMCZM2ciIyOzsrLkukVCQkJAQIBcIfh2Efvu3bt79+4tKSm5cuXKoUOHpkyZAmefuLu79+7d+9tvv71582ZJScnhw4cvXLgwb9489jMeAACffPJJZWXl5s2bHz58+PTpUxS4ef78eWpqampq6rt37xobG+HvZ8+escnTy8vLyspq6dKlISEh169f9/T0lLrw2sWLFwMCAlJSUthLCwDYtWtXXFyct7d3SkpKZWVlXFzcjz/+CKsRALB27dq6urqlS5e+ePEiMTFx5cqV9HAMm9rGU19fv2TJEpj56tWrjYyM5s6dSz/hk08+iYyMDA4Ojo2Nffr0KQrs4uvTz8+Px+PNnz8/LS3txYsXfn5+JSUlq1evlqtm8OTk5OzYsQOzSVi74+XlZW9vv2jRorNnzxYXFxcUFFy8eHHq1KmvX79ur1tUVFQEBAQcPny4vTJEmJmZmZiYHDp06Nq1a0+fPs3IyBA7gelBAxZKghF79+7dVlZWM2bMkCoVPhUA4OPj09TUtHr1aktLyxEjRqDj3bp1mzNnzh9//HHs2LHS0tLo6Ojvv/++b9++aJU8OKoRFBRUUFBw4sQJsbGT8ePHjx07dvv27fv373/58mVZWdnp06d3797NJAadD6AGUunevXuvXr2OHj2anJz85s2bM2fOsBQYMmLEiLdv3/70009VVVVZWVmzZ89GO6cCWSbO0tLSz88vMDDwxx9/zMvLKy0tjYmJWbFiRXh4uFxFCAwMDAgIqK6uph9MTExcvHjx3bt3Kysri4uLt2zZAgAQWz6XSXudnJx4PN7WrVtfv35dWFj43Xff0cdOLCwsfHx8Dh06tGPHjjt37ixbtgyF4yF424sXGwK30CspKdm1a9fjx4/Xrl1LT2XSXoRiTbAybRnkwYMHu3fvLikpuXbt2v79+ydNmtS/f38AgJqa2tChQ0+dOnX79u3c3Nyvv/66uLiYfuGaNWuOHj2ak5NTW1t779698PDwUaNGoRl1eE6ePLlly5akpKS3b99mZ2cfOHBAR0dHbGRr6NChHA7H398/Jibm6dOn6J36ANrLZMS0tbX/97//xcTELF26NCMjo7q6+saNG76+vjB1w4YNFEVNnjw5IiIiPDx85cqVcvkG7Otz6NChP/30U3h4uNiGgr6+vikpKbm5uYsXL5ZW69K1F18oJT2xhoaGX375xcfHR64lCiD/TQcyLi7u/v37//vf/xSYqUkcSEmOHTvW0NCwYcMGzDlSe21wumpMTAxSsJ9//pll6scA3hosXLiQoij4UkiOQ+NThw0bNnDgwHPnzjk6Okr9HAHWpLyL7tIv75RrCQQCgUAgEAgEAoGgFBRr4DJce/bsYX8JBH7FHBERITU1MTFxyJAhSB4dHZ0VK1aInZOfnz9u3Di4c8/KlSvluntgYCAAwMvL64OJDaPeGzduNDc3h6lOTk7wm2VIdnY2+nSdw+HMnDnz3bt39My3bt0KAKivr2eSrbm5efXq1aampjBIBL/Kpyhq5MiRko/Y3t4epgYHBwMA8vPzUT729vZubm7o77Nnzz799FMAAJ/P37Bhw/z5801MTMRu7eHhAQA4duyYpFR4sc+ePYvWmgMAmJubnzx5EqUeOHAABnpUVFQ2btxoYWFBf2SY2ra2tl6/fj1FUREREQCAoqIiiqLc3NxmzJgBTzAwMPDy8kIDFT169Lh//76YbIWFhR4eHoaGhvCct2/fsqlPiqIuXbqEPvzn8/k//vgjSpJZ22w4evQoAGDZsmVyXbVgwQJTU1P0F8ZGd+3aRT8HAADrTZLKysrp06ej+KOqqqqrq2tNTQ39HC8vLwsLC7mkQsDwurGxsVxXsazPBw8eODs7w23A6E8KwvSg2SgJk9jw+K+//oopLFMqAs4o2rRpk9jxurq6zz//HOmeg4PDs2fPUGpZWRmK8dnZ2cF9VWNjY9EJAoFg/vz5cKlSAICenh7cdJNiUZ8y1cDFxWXIkCH4ckkC5yBCKzFkyJAlS5ZQFAVnKWVkZMDfFhYW8KbGxsZw+h3SVbzYbW1ty5Ytg9F5Dofj5eXl7+9PN0p4E9fS0uLv76+pqYkqfPDgwfT6xDcKELhLXE5ODv1gdnY2fe1WXV3dQ4cOSV7LpL0nTpzQ0tJCOgArAYlRX18/f/58NTU1DoczefJkuGlcXl4euhxvezFiw2G2vXv3wsaXw+EsWLCgpaVF7Fom7YUwNcF4M4WxvXAqJyz++vXrrays4CXq6uqHDx+mKCo/Px8AsHHjRktLS3iho6MjbBogjx49Qtthzpo168svv1RXV0epa9eupW8TOGbMmNevX0stmiTnzp1Dk0cBAH369ImJiZE87fjx4/369YNN3po1a+DBjtZeCmt729raduzYgVYNVVVVXb16NUqNjIyEqzcbGRmdO3fO3Nx87ty5Yjkw+Qb4+ly/fj0AoKmpCf4ViUTjxo3T1NSkq2Jzc7OhoaGxsbGk7kGkaq/MQmE8MT8/P2jc4KabZ86coShq165dBgYG8AS4aGp2drZUeSjiQErop4eHh7m5eXNzM5NUxIGkO5AvX74EANDLuGbNGmSmhEJh9+7d58yZw1SZEKZe2/v379EAcJcuXWCTgd5cfCoGOEN38+bNYseHDBni4uKCT5WZOUKmNYCTStPT0xVIPXDgAABAautMUdSTJ08AAFeuXGEvLR01NbWvv/6aKRU2W5JNM2TixImDBw9W7L4EAoFAIBAIBAKBQFAGOUZP3717B5hHXJSksLAwLi4uPz8fE1v5CJEqNgx+nTlzprm5OTk5OTc3V+q1+fn5cXFxFRUVH0pYtgiFQpFIRFHUxIkTHRwc2jHntra23Nzc+Ph4eiAbUVtbGx8fX1ZWxnS5YkpiYGAAR2hyc3OTk5PbXcFaWlrS09MTExPFIpjtwsyZM9XU1NjH7tuRmpqahISEzMzMjijXx4YySjJnzhxjY2MU/ZcrlSXl5eVxcXEFBQWSSSKRKDc3Nysrq62tjelygUCQmJiYlZUlFArlvXWnqEFzc3N2dnZaWppib+ubN28SEhJKS0uZTsCbOKFQmJqampycXFVVpcDdMZSXlycmJubk5CjwIN69e5eSkkIfExWjtbUVVtfOnTs5HE5tbS09FW97mYCjp0VFRQKBICEhgT6E84+gpaUlJSVFclCNoqimpqbU1NTCwkKpFwqFwtzc3ISEhPLycnlv2tbW9vLly/j4+JcvX0I1k4vO1d7m5ub09PTk5GSBQCCZ2tjYSFFUW1uburr62rVr2WerTH1SFFVVVaWurv7NN98ocC0lq1AKeGLNzc3m5uYeHh6KyYP47ziQOTk5HA4nMDBQmZyJA4n49ddfAQDJycn40/C9tuLi4oSEhLq6OgVSOxGZ1mDIkCFOTk6Kpa5fv15dXb26ulpq6qVLlwAAd+/elUtgSE1NDQBg69atTCfgR0/t7OzkGmMmEAgEAoFAIBAIBEJ7wZP8MpoJLS0tR0fHU6dOqaurW1lZMS2hphjm5uboQ/t/EHixVVVV4bZDUqFPRfpIeP36tYWFBfyEv7Cw8MGDB6tWrWrH/DkcjrW1NVOqjo4OnMPEhJJKgrm1MvB4PLghWbtDUdTdu3eXLVvWs2fPjsgfj56eHtpf87+DvErS3NxsbGz8yy+/SN3+EJ/KHmNjY6m7/QEAVFRUZMqsra1Nn3kjF52iBqqqqnCRVcUwNDRE04DEYGPi1NXV5dpEkD2Y5ygTLS0tpi3TysrKDAwM1NTUuFxuc3Pzn3/+OXToUDgbD4G3vTLR1tb+J1oDHo/HVGl8Ph/zlNXV1RWuLg6HY2lpiaa9ykvnaq+qqqrU5uzVq1eWlpZwCun58+ffv3/v6urKPltl6hMAsG/fvubmZrTorrwwFQqigCdWUFAwbdo0heVB/HccyPz8/K+++krJGiMOJKKhoWHnzp0Y9YDge22mpqb06bxi4FM7Ebw1uHHjRlJSUlBQkAKpFRUVp06dmjVrluQ62NevX09KSgoJCenSpYvMahcjIyPjxo0b169fBwDAydliFBYWDhgwgJK2rW9NTc3vv/+elZWVnp4OF/wnEAgEAoFAIBAIBM"
10:43:44.909 [Forwarding screenshot on session 5e9977749cf8e028abefff19f425d7c0 to remote] DEBUG org.apache.http.wire - http-outgoing-4 << "IHRo7RUwDApUuXDh48mJiYmJmZ2b6jp4SPgTVr1mRmZg4fPhwAEB0d3bNnT7hyIKFTaGpq2rdv3+TJkztbEAIjampqBw8eVCyV8OH5V5q48PDw7du3u7i46OnpPXz4sLS0lL4xKuFfQydqr4ODQ79+/QYNGlRdXR0ZGTlz5szPPvvsA9z322+/vXXrVlJS0pdfftm3b98PcEc22NjY/PLLL50txUcHRj+nTp06derUTpXuX8W6detYnvlv6rXhrUFYWNjRo0fj4+MdHBzmz58vV2pOTs7KlSvhcr5wBWkxHj9+/OTJk9GjR/v6+op9mSST/Pz8yMjI7t27h4aGjh8/XvIEY2NjOLYKABArl0AguHTpkp6eXkBAwJo1a+S6L4FAIBAIBAKBQCAQ2gWO1M9dCcpQUVERGBg4Z84cplkvHy3JyclRUVGvXr2iKMrR0XHBggVwB75/ND/99JOtre306dM7WxDCxwtRkv8I/0oTV1xcfPHixZycnMbGRisrq4ULF6KNY5UkNjb26tWrmzZtQjtHEjqRTtTeyMjIhw8flpeXa2pqjhs3bsaMGWhH5A4lODi4oKDAzs5u1qxZcEfYfz3EgfyoIL7BxwPeGty/f//69es9e/acN2+epOLhU4uKio4cOaKnp+fl5aXwsgEEAoFAIBAIBAKBQPhXQkZPCYT/w74d0wAAA0EMC3/UHY7Dq4NNIwoAAAAAAABUXdwDAAAAAAAAAP9TTwEAAAAAAABKPQUAAAAAAAAY9RQAAAAAAACg1FMAAAAAAACAUU8BAAAAAAAASj0FAAAAAAAAGPUUAAAAAAAAoNRTAAAAAAAAgFFPAQAAAAAAAEo9BQAAAAAAABj1FAAAAAAAAKDUUwAAAAAAAIBRTwEAAAAAAABKPQUAAAAAAAAY9RQAAAAAAACg1FMAAAAAAACAUU8BAAAAAAAASj0FAAAAAAAAGPUUAAAAAAAAoNRTAAAAAAAAgFFPAQAAAAAAAEo9BQAAAAAAABj1FAAAAAAAAKDUUwAAAAAAAIBRTwEAAAAAAABKPQUAAAAAAAAY9RQAAAAAAACg1FMAAAAAAACAUU8BAAAAAAAASj0FAAAAAAAAGPUUAAAAAAAAoNRTAAAAAAAAgFFPAQAAAAAAAEo9BQAAAAAAABj1FAAAAAAAAKDUUwAAAAAAAIBRTwEAAAAAAABKPQUAAAAAAAAY9RQAAAAAAACg1FMAAAAAAACAUU8BAAAAAAAASj0FAAAAAAAAGPUUAAAAAAAAoNRTAAAAAAAAgFFPAQAAAAAAAEo9BQAAAAAAABj1FAAAAAAAAKDUUwAAAAAAAIBRTwEAAAAAAABKPQUAAAAAAAAY9RQAAAAAAACg1FMAAAAAAACAUU8BAAAAAAAASj0FAAAAAAAAGPUUAAAAAAAAoNRTAAAAAAAAgFFPAQAAAAAAAEo9BQAAAAAAABj1FAAAAAAAAKDUUwAAAAAAAIBRTwEAAAAAAABKPQUAAAAAAAAY9RQAAAAAAACg1FMAAAAAAACAUU8BAAAAAAAASj0FAAAAAAAAGPUUAAAAAAAAoNRTAAAAAAAAgFFPAQAAAAAAAEo9BQAAAAAAABj1FAAAAAAAAKDUUwAAAAAAAIBRTwEAAAAAAABKPQUAAAAAAAAY9RQAAAAAAACg1FMAAAAAAACAUU8BAAAAAAAASj0FAAAAAAAAGPUUAAAAOAP6fwAAIABJREFUAAAAoNRTAAAAAAAAgFFPAQAAAAAAAEo9BQAAAAAAABj1FAAAAAAAAKDUUwAAAAAAAIBRTwEAAAAAAABKPQUAAAAAAAAY9RQAAAAAAACg1FMAAAAAAACAUU8BAAAAAAAASj0FAAAAAAAAGPUUAAAAAAAAoNRTAAAAAAAAgFFPAQAAAAAAAEo9BQAAAAAAABj1FAAAAAAAAKDUUwAAAAAAAIBRTwEAAAAAAABKPQUAAAAAAAAY9RQAAAAAAACg1FMAAAAAAACAUU8BAAAAAAAASj0FAAAAAAAAGPUUAAAAAAAAoNRTAAAAAAAAgFFPAQAAAAAAAEo9BQAAAAAAABj1FAAAAAAAAKDUUwAAAAAAAIBRTwEAAAAAAABKPQUAAAAAAAAY9RQAAAAAAACg1FMAAAAAAACAUU8BAAAAAAAASj0FAAAAAAAAGPUUAAAAAAAAoNRTAAAAAAAAgFFPAQAAAAAAAEo9BQAAAAAAABj1FAAAAAAAAKDUUwAAAAAAAIBRTwEAAAAAAABKPQUAAAAAAAAY9RQAAAAAAACg1FMAAAAAAACAUU8BAAAAAAAASj0FAAAAAAAAGPUUAAAAAAAAoNRTAAAAAAAAgFFPAQAAAAAAAEo9BQAAAAAAABj1FAAAAAAAAKDUUwAAAAAAAIBRTwEAAAAAAABKPQUAAAAAAAAY9RQAAAAAAACg1FMAAAAAAACAUU8BAAAAAAAASj0FAAAAAAAAGPUUAAAAAAAAoNRTAAAAAAAAgFFPAQAAAAAAAEo9BQAAAAAAABj1FAAAAAAAAKDUUwAAAAAAAIBRTwEAAAAAAABKPQUAAAAAAAAY9RQAAAAAAACg1FMAAAAAAACAUU8BAAAAAAAASj0FAAAAAAAAGPUUAAAAAAAAoNRTAAAAAAAAgFFPAQAAAAAAAEo9BQAAAAAAABj1FAAAAAAAAKDUUwAAAAAAAIBRTwEAAAAAAABKPQUAAAAAAAAY9RQAAAAAAACg1FMAAAAAAACAUU8BAAAAAAAASj0FAAAAAAAAGPUUAAAAAAAAoNRTAAAAAAAAgFFPAQAAAAAAAEo9BQAAAAAAABj1FAAAAAAAAKDUUwAAAAAAAIBRTwEAAAAAAABKPQUAAAAAAAAY9RQAAAAAAACg1FMAAAAAAACAUU8BAAAAAAAASj0FAAAAAAAAGPUUAAAAAAAAoNRTAAAAAAAAgFFPAQAAAAAAAEo9BQAAAAAAABj1FAAAAAAAAKDUUwAAAAAAAIBRTwEAAAAAAABKPQUAAAAAAAAY9RQAAAAAAACg1FMAAAAAAACAUU8BAAAAAAAASj0FAAAAAAAAGPUUAAAAAAAAoNRTAAAAAAAAgFFPAQAAAAAAAEo9BQAAAAAAABj1FAAAAAAAAKDUUwAAAAAAAIBRTwEAAAAAAABKPQUAAAAAAAAY9RQAAAAAAACg1FMAAAAAAACAUU8BAAAAAAAASj0FAAAAAAAAGPUUAAAAAAAAoNRTAAAAAAAAgFFPAQAAAAAAAEo9BQAAAAAAABj1FAAAAAAAAKDUUwAAAAAAAIBRTwEAAAAAAABKPQUAAAAAAAAY9RQAAAAAAACg1FMAAAAAAACAUU8BAAAAAAAASj0FAAAAAAAAGPUUAAAAAAAAoNRTAAAAAAAAgFFPAQAAAAAAAEo9BQAAAAAAABj1FAAAAAAAAKDUUwAAAAAAAIBRTwEAAAAAAABKPQUAAAAAAAAY9RQAAAAAAACg1FMAAAAAAACAUU8BAAAAAAAASj0FAAAAAAAAGPUUAAAAAAAAoNRTAAAAAAAAgFFPAQAAAAAAAEo9BQAAAAAAABj1FAAAAAAAAKDUUwAAAAAAAIBRTwEAAAAAAABKPQUAAAAAAAAY9RQAAAAAAACg1FMAAAAAAACAUU8BAAAAAAAASj0FAAAAAAAAGPUUAAAAAAAAoNRTAAAAAAAAgFFPAQAAAAAAAEo9BQAAAAAAABj1FAAAAAAAAKDUUwAAAAAAAIBRTwEAAAAAAABKPQUAAAAAAAAY9RQAAAAAAACg1FMAAAAAAACAUU8BAAAAAAAASj0FAAAAAAAAGPUUAAAAAAAAoNRTAAAAAAAAgFFPAQAAAAAAAEo9BQAAAAAAABj1FAAAAAAAAKDUUwAAAAAAAIBRTwEAAAAAAABKPQUAAAAAAAAY9RQAAAAAAACg1FMAAAAAAACAUU8BAAAAAAAASj0FAAAAAAAAGPUUAAAAAAAAoNRTAAAAAAAAgFFPAQAAAAAAAEo9BQAAAAAAABj1FAAAAAAAAKDUUwAAAAAAAIBRTwEAAAAAAABKPQUAAAAAAAAY9RQAAAAAAACg1FMAAAAAAACAUU8BAAAAAAAASj0FAAAAAAAAGPUUAAAAAAAAoN"
10:43:44.909 [Forwarding screenshot on session 5e9977749cf8e028abefff19f425d7c0 to remote] DEBUG org.apache.http.wire - http-outgoing-4 << "RTAAAAAAAAgFFPAQAAAAAAAEo9BQAAAAAAABj1FAAAAAAAAKDUUwAAAAAAAIBRTwEAAAAAAABKPQUAAAAAAAAY9RQAAAAAAACg1FMAAAAAAACAUU8BAAAAAAAASj0FAAAAAAAAGPUUAAAAAAAAoNRTAAAAAAAAgFFPAQAAAAAAAEo9BQAAAAAAABj1FAAAAAAAAKDUUwAAAAAAAIBRTwEAAAAAAABKPQUAAAAAAAAY9RQAAAAAAACg1FMAAAAAAACAUU8BAAAAAAAASj0FAAAAAAAAGPUUAAAAAAAAoNRTAAAAAAAAgFFPAQAAAAAAAEo9BQAAAAAAABj1FAAAAAAAAKDUUwAAAAAAAIBRTwEAAAAAAABKPQUAAAAAAAAY9RQAAAAAAACg1FMAAAAAAACAUU8BAAAAAAAASj0FAAAAAAAAGPUUAAAAAAAAoNRTAAAAAAAAgFFPAQAAAAAAAEo9BQAAAAAAABj1FAAAAAAAAKDUUwAAAAAAAIBRTwEAAAAAAABKPQUAAAAAAAAY9RQAAAAAAACg1FMAAAAAAACAUU8BAAAAAAAASj0FAAAAAAAAGPUUAAAAAAAAoNRTAAAAAAAAgFFPAQAAAAAAAEo9BQAAAAAAABj1FAAAAAAAAKDUUwAAAAAAAIBRTwEAAAAAAABKPQUAAAAAAAAY9RQAAAAAAACg1FMAAAAAAACAUU8BAAAAAAAASj0FAAAAAAAAGPUUAAAAAAAAoNRTAAAAAAAAgFFPAQAAAAAAAEo9BQAAAAAAABj1FAAAAAAAAKDUUwAAAAAAAIBRTwEAAAAAAABKPQUAAAAAAAAY9RQAAAAAAACg1FMAAAAAAACAUU8BAAAAAAAASj0FAAAAAAAAGPUUAAAAAAAAoNRTAAAAAAAAgFFPAQAAAAAAAEo9BQAAAAAAABj1FAAAAAAAAKDUUwAAAAAAAIBRTwEAAAAAAABKPQUAAAAAAAAY9RQAAAAAAACg1FMAAAAAAACAUU8BAAAAAAAASj0FAAAAAAAAGPUUAAAAAAAAoNRTAAAAAAAAgFFPAQAAAAAAAEo9BQAAAAAAABj1FAAAAAAAAKDUUwAAAAAAAIBRTwEAAAAAAABKPQUAAAAAAAAY9RQAAAAAAACg1FMAAAAAAACAUU8BAAAAAAAASj0FAAAAAAAAGPUUAAAAAAAAoNRTAAAAAAAAgFFPAQAAAAAAAEo9BQAAAAAAABj1FAAAAAAAAKDUUwAAAAAAAIBRTwEAAAAAAABKPQUAAAAAAAAY9RQAAAAAAACg1FMAAAAAAACAUU8BAAAAAAAASj0FAAAAAAAAGPUUAAAAAAAAoNRTAAAAAAAAgFFPAQAAAAAAAEo9BQAAAAAAABj1FAAAAAAAAKDUUwAAAAAAAIBRTwEAAAAAAABKPQUAAAAAAAAY9RQAAAAAAACg1FMAAAAAAACAUU8BAAAAAAAASj0FAAAAAAAAGPUUAAAAAAAAoNRTAAAAAAAAgFFPAQAAAAAAAEo9BQAAAAAAABj1FAAAAAAAAKDUUwAAAAAAAIBRTwEAAAAAAABKPQUAAAAAAAAY9RQAAAAAAACg1FMAAAAAAACAUU8BAAAAAAAASj0FAAAAAAAAGPUUAAAAAAAAoNRTAAAAAAAAgFFPAQAAAAAAAEo9BQAAAAAAABj1FAAAAAAAAKDUUwAAAAAAAIBRTwEAAAAAAABKPQUAAAAAAAAY9RQAAAAAAACg1FMAAAAAAACAUU8BAAAAAAAASj0FAAAAAAAAGPUUAAAAAAAAoNRTAAAAAAAAgFFPAQAAAAAAAEo9BQAAAAAAABj1FAAAAAAAAKDUUwAAAAAAAIBRTwEAAAAAAABKPQUAAAAAAAAY9RQAAAAAAACg1FMAAAAAAACAUU8BAAAAAAAASj0FAAAAAAAAGPUUAAAAAAAAoNRTAAAAAAAAgFFPAQAAAAAAAEo9BQAAAAAAABj1FAAAAAAAAKDUUwAAAAAAAIBRTwEAAAAAAABKPQUAAAAAAAAY9RQAAAAAAACg1FMAAAAAAACAUU8BAAAAAAAASj0FAAAAAAAAGPUUAAAAAAAAoNRTAAAAAAAAgFFPAQAAAAAAAEo9BQAAAAAAABj1FAAAAAAAAKDUUwAAAAAAAIBRTwEAAAAAAABKPQUAAAAAAAAY9RQAAAAAAACg1FMAAAAAAACAUU8BAAAAAAAASj0FAAAAAAAAGPUUAAAAAAAAoNRTAAAAAAAAgFFPAQAAAAAAAEo9BQAAAAAAABj1FAAAAAAAAKDUUwAAAAAAAIBRTwEAAAAAAABKPQUAAAAAAAAY9RQAAAAAAACg1FMAAAAAAACAUU8BAAAAAAAASj0FAAAAAAAAGPUUAAAAAAAAoNRTAAAAAAAAgFFPAQAAAAAAAEo9BQAAAAAAABj1FAAAAAAAAKDUUwAAAAAAAIBRTwEAAAAAAABKPQUAAAAAAAAY9RQAAAAAAACg1FMAAAAAAACAUU8BAAAAAAAASj0FAAAAAAAAGPUUAAAAAAAAoNRTAAAAAAAAgFFPAQAAAAAAAEo9BQAAAAAAABj1FAAAAAAAAKDUUwAAAAAAAIBRTwEAAAAAAABKPQUAAAAAAAAY9RQAAAAAAACg1FMAAAAAAACAUU8BAAAAAAAASj0FAAAAAAAAGPUUAAAAAAAAoNRTAAAAAAAAgFFPAQAAAAAAAEo9BQAAAAAAABj1FAAAAAAAAKDUUwAAAAAAAIBRTwEAAAAAAABKPQUAAAAAAAAY9RQAAAAAAACg1FMAAAAAAACAUU8BAAAAAAAASj0FAAAAAAAAGPUUAAAAAAAAoNRTAAAAAAAAgFFPAQAAAAAAAEo9BQAAAAAAABj1FAAAAAAAAKDUUwAAAAAAAIBRTwEAAAAAAABKPQUAAAAAAAAY9RQAAAAAAACg1FMAAAAAAACAUU8BAAAAAAAASj0FAAAAAAAAGPUUAAAAAAAAoNRTAAAAAAAAgFFPAQAAAAAAAEo9BQAAAAAAABj1FAAAAAAAAKDUUwAAAAAAAIBRTwEAAAAAAABKPQUAAAAAAAAY9RQAAAAAAACg1FMAAAAAAACAUU8BAAAAAAAASj0FAAAAAAAAGPUUAAAAAAAAoNRTAAAAAAAAgFFPAQAAAAAAAEo9BQAAAAAAABj1FAAAAAAAAKDUUwAAAAAAAIBRTwEAAAAAAABKPQUAAAAAAAAY9RQAAAAAAACg1FMAAAAAAACAUU8BAAAAAAAASj0FAAAAAAAAGPUUAAAAAAAAoNRTgMeeHRMAAAAgDFr/1B7WgBoAAAAAAACcPQUAAAAAAAAoewoAAAAAAABw9hQAAAAAAACg7CkAAAAAAADA2VMAAAAAAACAsqcAAAAAAAAAZ08BAAAAAAAAyp4CAAAAAAAAnD0FAAAAAAAAKHsKAAAAAAAAcPYUAAAAAAAAoOwpAAAAAAAAwNlTAAAAAAAAgLKnAAAAAAAAAGdPAQAAAAAAAMqeAgAAAAAAAJw9BQAAAAAAACh7CgAAAAAAAHD2FAAAAAAAAKDsKQAAAAAAAMDZUwAAAAAAAICypwAAAAAAAABnTwEAAAAAAADKngIAAAAAAACcPQUAAAAAAAAoewoAAAAAAABw9hQAAAAAAACg7CkAAAAAAADA2VMAAAAAAACAsqcAAAAAAAAAZ08BAAAAAAAAyp4CAAAAAAAAnD0FAAAAAAAAKHsKAAAAAAAAcPYUAAAAAAAAoOwpAAAAAAAAwNlTAAAAAAAAgLKnAAAAAAAAAGdPAQAAAAAAAMqeAgAAAAAAAJw9BQAAAAAAACh7CgAAAAAAAHD2FAAAAAAAAKDsKQAAAAAAAMDZUwAAAAAAAICypwAAAAAAAABnTwEAAAAAAADKngIAAAAAAACcPQUAAAAAAAAoewoAAAAAAABw9hQAAAAAAACg7CkAAAAAAADA2VMAAAAAAACAsqcAAAAAAAAAZ08BAAAAAAAAyp4CAAAAAAAAnD0FAAAAAAAAKHsKAAAAAAAAcPYUAAAAAAAAoOwpAAAAAAAAwNlTAAAAAAAAgLKnAAAAAAAAAGdPAQAAAAAAAMqeAgAAAAAAAJw9BQAAAAAAACh7CgAAAAAAAHD2FA"
10:43:44.910 [Forwarding screenshot on session 5e9977749cf8e028abefff19f425d7c0 to remote] DEBUG org.apache.http.wire - http-outgoing-4 << "AAAAAAAKDsKQAAAAAAAMDZUwAAAAAAAICypwAAAAAAAABnTwEAAAAAAADKngIAAAAAAACcPQUAAAAAAAAoewoAAAAAAABw9hQAAAAAAACg7CkAAAAAAADA2VMAAAAAAACAsqcAAAAAAAAAZ08BAAAAAAAAyp4CAAAAAAAAnD0FAAAAAAAAKHsKAAAAAAAAcPYUAAAAAAAAoOwpAAAAAAAAwNlTAAAAAAAAgLKnAAAAAAAAAGdPAQAAAAAAAMqeAgAAAAAAAJw9BQAAAAAAACh7CgAAAAAAAHD2FAAAAAAAAKDsKQAAAAAAAMDZUwAAAAAAAICypwAAAAAAAABnTwEAAAAAAADKngIAAAAAAACcPQUAAAAAAAAoewoAAAAAAABw9hQAAAAAAACg7CkAAAAAAADA2VMAAAAAAACAsqcAAAAAAAAAZ08BAAAAAAAAyp4CAAAAAAAAnD0FAAAAAAAAKHsKAAAAAAAAcPYUAAAAAAAAoOwpAAAAAAAAwNlTAAAAAAAAgLKnAAAAAAAAAGdPAQAAAAAAAMqeAgAAAAAAAJw9BQAAAAAAACh7CgAAAAAAAHD2FAAAAAAAAKDsKQAAAAAAAMDZUwAAAAAAAICypwAAAAAAAABnTwEAAAAAAADKngIAAAAAAACcPQUAAAAAAAAoewoAAAAAAABw9hQAAAAAAACg7CkAAAAAAADA2VMAAAAAAACAsqcAAAAAAAAAZ08BAAAAAAAAyp4CAAAAAAAAnD0FAAAAAAAAKHsKAAAAAAAAcPYUAAAAAAAAoOwpAAAAAAAAwNlTAAAAAAAAgLKnAAAAAAAAAGdPAQAAAAAAAMqeAgAAAAAAAJw9BQAAAAAAACh7CgAAAAAAAHD2FAAAAAAAAKDsKQAAAAAAAMDZUwAAAAAAAICypwAAAAAAAABnTwEAAAAAAADKngIAAAAAAACcPQUAAAAAAAAoewoAAAAAAABw9hQAAAAAAACg7CkAAAAAAADA2VMAAAAAAACAsqcAAAAAAAAAZ08BAAAAAAAAyp4CAAAAAAAAnD0FAAAAAAAAKHsKAAAAAAAAcPYUAAAAAAAAoOwpAAAAAAAAwNlTAAAAAAAAgLKnAAAAAAAAAGdPAQAAAAAAAMqeAgAAAAAAAJw9BQAAAAAAACh7CgAAAAAAAHD2FAAAAAAAAKDsKQAAAAAAAMDZUwAAAAAAAICypwAAAAAAAABnTwEAAAAAAADKngIAAAAAAACcPQUAAAAAAAAoewoAAAAAAABw9hQAAAAAAACg7CkAAAAAAADA2VMAAAAAAACAsqcAAAAAAAAAZ08BAAAAAAAAyp4CAAAAAAAAnD0FAAAAAAAAKHsKAAAAAAAAcPYUAAAAAAAAoOwpAAAAAAAAwNlTAAAAAAAAgLKnAAAAAAAAAGdPAQAAAAAAAMqeAgAAAAAAAJw9BQAAAAAAACh7CgAAAAAAAHD2FAAAAAAAAKDsKQAAAAAAAMDZUwAAAAAAAICypwAAAAAAAABnTwEAAAAAAADKngIAAAAAAACcPQUAAAAAAAAoewoAAAAAAABw9hQAAAAAAACg7CkAAAAAAADA2VMAAAAAAACAsqcAAAAAAAAAZ08BAAAAAAAAyp4CAAAAAAAAnD0FAAAAAAAAKHsKAAAAAAAAcPYUAAAAAAAAoOwpAAAAAAAAwNlTAAAAAAAAgLKnAAAAAAAAAGdPAQAAAAAAAMqeAgAAAAAAAJw9BQAAAAAAACh7CgAAAAAAAHD2FAAAAAAAAKDsKQAAAAAAAMDZUwAAAAAAAICypwAAAAAAAABnTwEAAAAAAADKngIAAAAAAACcPQUAAAAAAAAoewoAAAAAAABw9hQAAAAAAACg7CkAAAAAAADA2VMAAAAAAACAsqcAAAAAAAAAZ08BAAAAAAAAyp4CAAAAAAAAnD0FAAAAAAAAKHsKAAAAAAAAcPYUAAAAAAAAoOwpAAAAAAAAwNlTAAAAAAAAgLKnAAAAAAAAAGdPAQAAAAAAAMqeAgAAAAAAAJw9BQAAAAAAACh7CgAAAAAAAHD2FAAAAAAAAKDsKQAAAAAAAMDZUwAAAAAAAICypwAAAAAAAABnTwEAAAAAAADKngIAAAAAAACcPQUAAAAAAAAoewoAAAAAAABw9hQAAAAAAACg7CkAAAAAAADA2VMAAAAAAACAsqcAAAAAAAAAZ08BAAAAAAAAyp4CAAAAAAAAnD0FAAAAAAAAKHsKAAAAAAAAcPYUAAAAAAAAoOwpAAAAAAAAwNlTAAAAAAAAgLKnAAAAAAAAAGdPAQAAAAAAAMqeAgAAAAAAAJw9BQAAAAAAACh7CgAAAAAAAHD2FAAAAAAAAKDsKQAAAAAAAMDZUwAAAAAAAICypwAAAAAAAABnTwEAAAAAAADKngIAAAAAAACcPQUAAAAAAAAoewoAAAAAAABw9hQAAAAAAACg7CkAAAAAAADA2VMAAAAAAACAsqcAAAAAAAAAZ08BAAAAAAAAyp4CAAAAAAAAnD0FAAAAAAAAKHsKAAAAAAAAcPYUAAAAAAAAoOwpAAAAAAAAwNlTAAAAAAAAgLKnAAAAAAAAAGdPAQAAAAAAAMqeAgAAAAAAAJw9BQAAAAAAACh7CgAAAAAAAHD2FAAAAAAAAKDsKQAAAAAAAMDZUwAAAAAAAICypwAAAAAAAABnTwEAAAAAAADKngIAAAAAAACcPQUAAAAAAAAoewoAAAAAAABw9hQAAAAAAACg7CkAAAAAAADA2VMAAAAAAACAsqcAAAAAAAAAZ08BAAAAAAAAyp4CAAAAAAAAnD0FAAAAAAAAKHsKAAAAAAAAcPYUAAAAAAAAoOwpAAAAAAAAwNlTAAAAAAAAgLKnAAAAAAAAAGdPAQAAAAAAAMqeAgAAAAAAAJw9BQAAAAAAACh7CgAAAAAAAHD2FAAAAAAAAKDsKQAAAAAAAMDZUwAAAAAAAICypwAAAAAAAABnTwEAAAAAAADKngIAAAAAAACcPQUAAAAAAAAoewoAAAAAAABw9hQAAAAAAACg7CkAAAAAAADA2VMAAAAAAACAsqcAAAAAAAAAZ08BAAAAAAAAyp4CAAAAAAAAnD0FAAAAAAAAKHsKAAAAAAAAcPYUAAAAAAAAoOwpAAAAAAAAwNlTAAAAAAAAgLKnAAAAAAAAAGdPAQAAAAAAAMqeAgAAAAAAAJw9BQAAAAAAACh7CgAAAAAAAHD2FAAAAAAAAKDsKQAAAAAAAMDZUwAAAAAAAICypwAAAAAAAABnTwEAAAAAAADKngIAAAAAAACcPQUAAAAAAAAoewoAAAAAAABw9hQAAAAAAACg7CkAAAAAAADA2VMAAAAAAACAsqcAAAAAAAAAZ08BAAAAAAAAyp4CAAAAAAAAnD0FAAAAAAAAKHsKAAAAAAAAcPYUAAAAAAAAoOwpAAAAAAAAwNlTAAAAAAAAgLKnAAAAAAAAAGdPAQAAAAAAAMqeAgAAAAAAAJw9BQAAAAAAACh7CgAAAAAAAHD2FAAAAAAAAKDsKQAAAAAAAMDZUwAAAAAAAICypwAAAAAAAABnTwEAAAAAAADKngIAAAAAAACcPQUAAAAAAAAoewoAAAAAAABw9hQAAAAAAACg7CkAAAAAAADA2VMAAAAAAACAsqcAAAAAAAAAZ08BAAAAAAAAyp4CAAAAAAAAnD0FAAAAAAAAKHsKAAAAAAAAcPYUAAAAAAAAoOwpAAAAAAAAwNlTAAAAAAAAgLKnAAAAAAAAAGdPAQAAAAAAAMqeAgAAAAAAAJw9BQAAAAAAACh7CgAAAAAAAHD2FAAAAAAAAKDsKQAAAAAAAMDZUwAAAAAAAICypwAAAAAAAABnTwEAAAAAAADKngIAAAAAAACcPQUAAAAAAAAoewoAAAAAAABw9hQAAAAAAACg7CkAAAAAAADA2VMAAAAAAACAsqcAAAAAAAAAZ08BAAAAAAAAyp4CAAAAAAAAnD0FAAAAAAAAKHsKAAAAAAAAcPYUAAAAAAAAoOwpAAAAAAAAwNlTAAAAAAAAgLKnAAAAAAAAAGdPAQAAAAAAAMqeAgAAAAAAAJw9BQAAAAAAACh7CgAAAAAAAHD2FAAAAAAAAK"
10:43:44.910 [Forwarding screenshot on session 5e9977749cf8e028abefff19f425d7c0 to remote] DEBUG org.apache.http.wire - http-outgoing-4 << "DsKQAAAAAAAMDZUwAAAAAAAICypwAAAAAAAABnTwEAAAAAAADKngIAAAAAAACcPQUAAAAAAAAoewoAAAAAAABw9hQAAAAAAACg7CkAAAAAAADA2VMAAAAAAACAsqcAAAAAAAAAZ08BAAAAAAAAyp4CAAAAAAAAnD0FAAAAAAAAKHsKAAAAAAAAcPYUAAAAAAAAoOwpAAAAAAAAwNlTAAAAAAAAgLKnAAAAAAAAAGdPAQAAAAAAAMqeAgAAAAAAAJw9BQAAAAAAACh7CgAAAAAAAHD2FAAAAAAAAKDsKQAAAAAAAMDZUwAAAAAAAICypwAAAAAAAABnTwEAAAAAAADKngIAAAAAAACcPQUcZdNIAAAJ80lEQVQAAAAAAAAoewoAAAAAAABw9hQAAAAAAACg7CkAAAAAAADA2VMAAAAAAACAsqcAAAAAAAAAZ08BAAAAAAAAyp4CAAAAAAAAnD0FAAAAAAAAKHsKAAAAAAAAcPYUAAAAAAAAoOwpAAAAAAAAwNlTAAAAAAAAgLKnAAAAAAAAAGdPAQAAAAAAAMqeAgAAAAAAAJw9BQAAAAAAACh7CgAAAAAAAHD2FAAAAAAAAKDsKQAAAAAAAMDZUwAAAAAAAICypwAAAAAAAABnTwEAAAAAAADKngIAAAAAAACcPQUAAAAAAAAoewoAAAAAAABw9hQAAAAAAACg7CkAAAAAAADA2VMAAAAAAACAsqcAAAAAAAAAZ08BAAAAAAAAyp4CAAAAAAAAnD0FAAAAAAAAKHsKAAAAAAAAcPYUAAAAAAAAoOwpAAAAAAAAwNlTAAAAAAAAgLKnAAAAAAAAAGdPAQAAAAAAAMqeAgAAAAAAAJw9BQAAAAAAACh7CgAAAAAAAHD2FAAAAAAAAKDsKQAAAAAAAMDZUwAAAAAAAICypwAAAAAAAABnTwEAAAAAAADKngIAAAAAAACcPQUAAAAAAAAoewoAAAAAAABw9hQAAAAAAACg7CkAAAAAAADA2VMAAAAAAACAsqcAAAAAAAAAZ08BAAAAAAAAyp4CAAAAAAAAnD0FAAAAAAAAKHsKAAAAAAAAcPYUAAAAAAAAoOwpAAAAAAAAwNlTAAAAAAAAgLKnAAAAAAAAAGdPAQAAAAAAAMqeAgAAAAAAAJw9BQAAAAAAACh7CgAAAAAAAHD2FAAAAAAAAKDsKQAAAAAAAMDZUwAAAAAAAICypwAAAAAAAABnTwEAAAAAAADKngIAAAAAAACcPQUAAAAAAAAoewoAAAAAAABw9hQAAAAAAACg7CkAAAAAAADA2VMAAAAAAACAsqcAAAAAAAAAZ08BAAAAAAAAyp4CAAAAAAAAnD0FAAAAAAAAKHsKAAAAAAAAcPYUAAAAAAAAoOwpAAAAAAAAwNlTAAAAAAAAgLKnAAAAAAAAAGdPAQAAAAAAAMqeAgAAAAAAAJw9BQAAAAAAACh7CgAAAAAAAHD2FAAAAAAAAKDsKQAAAAAAAMDZUwAAAAAAAICypwAAAAAAAABnTwEAAAAAAADKngIAAAAAAACcPQUAAAAAAAAoewoAAAAAAABw9hQAAAAAAACg7CkAAAAAAADA2VMAAAAAAACAsqcAAAAAAAAAZ08BAAAAAAAAyp4CAAAAAAAAnD0FAGDt2TEBAAAAwqD1T+1hDagBAAAAAFD2FAAAAAAAAODsKQAAAAAAAEDZUwAAAAAAAICzpwAAAAAAAABlTwEAAAAAAADOngIAAAAAAACUPQUAAAAAAAA4ewoAAAAAAABQ9hQAAAAAAADg7CkAAAAAAABA2VMAAAAAAACAs6cAAAAAAAAAZU8BAAAAAAAAzp4CAAAAAAAAlD0FAAAAAAAAOHsKAAAAAAAAUPYUAAAAAAAA4OwpAAAAAAAAQNlTAAAAAAAAgLOnAAAAAAAAAGVPAQAAAAAAAM6eAgAAAAAAAJQ9BQAAAAAAADh7CgAAAAAAAFD2FAAAAAAAAODsKQAAAAAAAEDZUwAAAAAAAICzpwAAAAAAAABlTwEAAAAAAADOngIAAAAAAACUPQUAAAAAAAA4ewoAAAAAAABQ9hQAAAAAAADg7CkAAAAAAABA2VMAAAAAAACAs6cAAAAAAAAAZU8BAAAAAAAAzp4CAAAAAAAAlD0FAAAAAAAAOHsKAAAAAAAAUPYUAAAAAAAA4OwpAAAAAAAAQNlTAAAAAAAAgLOnAAAAAAAAAGVPAQAAAAAAAM6eAgAAAAAAAJQ9BQAAAAAAADh7CgAAAAAAAFD2FAAAAAAAAODsKQAAAAAAAEDZUwAAAAAAAICzpwAAAAAAAABlTwEAAAAAAADOngIAAAAAAACUPQUAAAAAAAA4ewoAAAAAAABQ9hQAAAAAAADg7CkAAAAAAABA2VMAAAAAAACAs6cAAAAAAAAAZU8BAAAAAAAAzp4CAAAAAAAAlD0FAAAAAAAAOHsKAAAAAAAAUPYUAAAAAAAA4OwpAAAAAAAAQNlTAAAAAAAAgLOnAAAAAAAAAGVPAQAAAAAAAM6eAgAAAAAAAJQ9BQAAAAAAADh7CgAAAAAAAFD2FAAAAAAAAODsKQAAAAAAAEDZUwAAAAAAAICzpwAAAAAAAABlTwEAAAAAAADOngIAAAAAAACUPQUAAAAAAAA4ewoAAAAAAABQ9hQAAAAAAADg7CkAAAAAAABA2VMAAAAAAACAs6cAAAAAAAAAZU8BAAAAAAAAzp4CAAAAAAAAlD0FAAAAAAAAOHsKAAAAAAAAUPYUAAAAAAAA4OwpAAAAAAAAQNlTAAAAAAAAgLOnAAAAAAAAAGVPAQAAAAAAAM6eAgAAAAAAAJQ9BQAAAAAAADh7CgAAAAAAAFD2FAAAAAAAAODsKQAAAAAAAEDZUwAAAAAAAICzpwAAAAAAAABlTwEAAAAAAADOngIAAAAAAACUPQUAAAAAAAA4ewoAAAAAAABQ9hQAAAAAAADg7CkAAAAAAABA2VMAAAAAAACAs6cAAAAAAAAAZU8BAAAAAAAAzp4CAAAAAAAAlD0FAAAAAAAAOHsKAAAAAAAAUPYUAAAAAAAA4OwpAAAAAAAAQNlTAAAAAAAAgLOnAAAAAAAAAGVPAQAAAAAAAM6eAgAAAAAAAJQ9BQAAAAAAADh7CgAAAAAAAFD2FAAAAAAAAODsKQAAAAAAAEDZUwAAAAAAAICzpwAAAAAAAABlTwEAAAAAAADOngIAAAAAAACUPQUAAAAAAAA4ewoAAAAAAABQ9hQAAAAAAADg7CkAAAAAAABA2VMAAAAAAACAs6cAAAAAAAAAZU8BAAAAAAAAzp4CAAAAAAAAlD0FAAAAAAAAOHsKAAAAAAAAUPYUAAAAAAAA4OwpAAAAAAAAQNlTAAAAAAAAgLOnAAAAAAAAAGVPAQAAAAAAAM6eAgAAAAAAAJQ9BQAAAAAAADh7CgAAAAAAAFD2FAAAAAAAAODsKQAAAAAAAEDZUwAAAAAAAICzpwAAAAAAAABlTwEAAAAAAADOngIAAAAAAACUPQUAAAAAAAA4ewoAAAAAAABQ9hQAAAAAAADg7CkAAAAAAABA2VMAAAAAAACAs6cAAAAAAAAAZU8BAAAAAAAAzp4CAAAAAAAAlD0FAAAAAAAAOHsKAAAAAAAAUPYUAAAAAAAA4OwpAAAAAAAAQNlTAAAAAAAAgLOnAAAAAAAAAGVPAQAAAAAAAM6eAgAAAAAAAJQ9BQAAAAAAADh7CgAAAAAAAFD2FAAAAAAAAODsKQAAAAAAAEDZUwAAAAAAAICzpwAAAAAAAABVA5kue92cB107AAAAAElFTkSuQmCC"}"
10:43:44.910 [Forwarding screenshot on session 5e9977749cf8e028abefff19f425d7c0 to remote] DEBUG o.a.h.i.c.DefaultManagedHttpClientConnection - http-outgoing-4: Shutdown connection
10:43:44.910 [Forwarding screenshot on session 5e9977749cf8e028abefff19f425d7c0 to remote] DEBUG o.a.h.impl.execchain.MainClientExec - Connection discarded
10:43:44.910 [Forwarding screenshot on session 5e9977749cf8e028abefff19f425d7c0 to remote] DEBUG o.a.h.i.c.DefaultManagedHttpClientConnection - http-outgoing-4: Close connection
10:43:44.910 [Forwarding screenshot on session 5e9977749cf8e028abefff19f425d7c0 to remote] DEBUG o.a.h.i.c.PoolingHttpClientConnectionManager - Connection released: [id: 4][route: {}->http://localhost:13906][total kept alive: 0; route allocated: 0 of 2000; total allocated: 0 of 2000]
]]></system-out>
  <system-err><![CDATA[Starting ChromeDriver 2.15.322448 (52179c1b310fec1797c81ea9a20326839860b7d3) on port 13906
Only local connections are allowed.
SLF4J: Failed toString() invocation on an object of type [io.netty.handler.codec.http.HttpObjectAggregator$AggregatedFullHttpRequest]
io.netty.util.IllegalReferenceCountException: refCnt: 0
	at io.netty.buffer.DefaultByteBufHolder.content(DefaultByteBufHolder.java:39)
	at io.netty.handler.codec.http.HttpMessageUtil.appendFullCommon(HttpMessageUtil.java:79)
	at io.netty.handler.codec.http.HttpMessageUtil.appendFullRequest(HttpMessageUtil.java:55)
	at io.netty.handler.codec.http.HttpObjectAggregator$AggregatedFullHttpRequest.toString(HttpObjectAggregator.java:415)
	at org.slf4j.helpers.MessageFormatter.safeObjectAppend(MessageFormatter.java:297)
	at org.slf4j.helpers.MessageFormatter.deeplyAppendParameter(MessageFormatter.java:269)
	at org.slf4j.helpers.MessageFormatter.arrayFormat(MessageFormatter.java:227)
	at org.littleshoot.proxy.impl.ProxyConnectionLogger$LocationAwareLogggerDispatch.doLog(ProxyConnectionLogger.java:178)
	at org.littleshoot.proxy.impl.ProxyConnectionLogger.debug(ProxyConnectionLogger.java:81)
	at org.littleshoot.proxy.impl.ClientToProxyConnection.shouldCloseClientConnection(ClientToProxyConnection.java:789)
	at org.littleshoot.proxy.impl.ClientToProxyConnection.closeConnectionsAfterWriteIfNecessary(ClientToProxyConnection.java:732)
	at org.littleshoot.proxy.impl.ClientToProxyConnection.respond(ClientToProxyConnection.java:408)
	at org.littleshoot.proxy.impl.ProxyToServerConnection.respondWith(ProxyToServerConnection.java:513)
	at org.littleshoot.proxy.impl.ProxyToServerConnection.readHTTPChunk(ProxyToServerConnection.java:229)
	at org.littleshoot.proxy.impl.ProxyConnection.readHTTP(ProxyConnection.java:146)
	at org.littleshoot.proxy.impl.ProxyConnection.read(ProxyConnection.java:120)
	at org.littleshoot.proxy.impl.ProxyToServerConnection.read(ProxyToServerConnection.java:206)
	at org.littleshoot.proxy.impl.ProxyConnection.channelRead0(ProxyConnection.java:579)
	at io.netty.channel.SimpleChannelInboundHandler.channelRead(SimpleChannelInboundHandler.java:105)
	at io.netty.channel.AbstractChannelHandlerContext.invokeChannelRead(AbstractChannelHandlerContext.java:339)
	at io.netty.channel.AbstractChannelHandlerContext.fireChannelRead(AbstractChannelHandlerContext.java:324)
	at io.netty.handler.timeout.IdleStateHandler.channelRead(IdleStateHandler.java:254)
	at io.netty.channel.AbstractChannelHandlerContext.invokeChannelRead(AbstractChannelHandlerContext.java:339)
	at io.netty.channel.AbstractChannelHandlerContext.fireChannelRead(AbstractChannelHandlerContext.java:324)
	at io.netty.channel.ChannelInboundHandlerAdapter.channelRead(ChannelInboundHandlerAdapter.java:86)
	at org.littleshoot.proxy.impl.ProxyConnection$ResponseReadMonitor.channelRead(ProxyConnection.java:730)
	at io.netty.channel.AbstractChannelHandlerContext.invokeChannelRead(AbstractChannelHandlerContext.java:339)
	at io.netty.channel.AbstractChannelHandlerContext.fireChannelRead(AbstractChannelHandlerContext.java:324)
	at io.netty.handler.codec.ByteToMessageDecoder.channelRead(ByteToMessageDecoder.java:242)
	at io.netty.channel.AbstractChannelHandlerContext.invokeChannelRead(AbstractChannelHandlerContext.java:339)
	at io.netty.channel.AbstractChannelHandlerContext.fireChannelRead(AbstractChannelHandlerContext.java:324)
	at io.netty.channel.ChannelInboundHandlerAdapter.channelRead(ChannelInboundHandlerAdapter.java:86)
	at org.littleshoot.proxy.impl.ProxyConnection$BytesReadMonitor.channelRead(ProxyConnection.java:684)
	at io.netty.channel.AbstractChannelHandlerContext.invokeChannelRead(AbstractChannelHandlerContext.java:339)
	at io.netty.channel.AbstractChannelHandlerContext.fireChannelRead(AbstractChannelHandlerContext.java:324)
	at io.netty.channel.DefaultChannelPipeline.fireChannelRead(DefaultChannelPipeline.java:847)
	at io.netty.channel.nio.AbstractNioByteChannel$NioByteUnsafe.read(AbstractNioByteChannel.java:131)
	at io.netty.channel.nio.NioEventLoop.processSelectedKey(NioEventLoop.java:511)
	at io.netty.channel.nio.NioEventLoop.processSelectedKeysOptimized(NioEventLoop.java:468)
	at io.netty.channel.nio.NioEventLoop.processSelectedKeys(NioEventLoop.java:382)
	at io.netty.channel.nio.NioEventLoop.run(NioEventLoop.java:354)
	at io.netty.util.concurrent.SingleThreadEventExecutor$2.run(SingleThreadEventExecutor.java:111)
	at java.lang.Thread.run(Thread.java:745)
SLF4J: Failed toString() invocation on an object of type [io.netty.handler.codec.http.HttpObjectAggregator$AggregatedFullHttpRequest]
io.netty.util.IllegalReferenceCountException: refCnt: 0
	at io.netty.buffer.DefaultByteBufHolder.content(DefaultByteBufHolder.java:39)
	at io.netty.handler.codec.http.HttpMessageUtil.appendFullCommon(HttpMessageUtil.java:79)
	at io.netty.handler.codec.http.HttpMessageUtil.appendFullRequest(HttpMessageUtil.java:55)
	at io.netty.handler.codec.http.HttpObjectAggregator$AggregatedFullHttpRequest.toString(HttpObjectAggregator.java:415)
	at org.slf4j.helpers.MessageFormatter.safeObjectAppend(MessageFormatter.java:297)
	at org.slf4j.helpers.MessageFormatter.deeplyAppendParameter(MessageFormatter.java:269)
	at org.slf4j.helpers.MessageFormatter.arrayFormat(MessageFormatter.java:227)
	at org.littleshoot.proxy.impl.ProxyConnectionLogger$LocationAwareLogggerDispatch.doLog(ProxyConnectionLogger.java:178)
	at org.littleshoot.proxy.impl.ProxyConnectionLogger.debug(ProxyConnectionLogger.java:81)
	at org.littleshoot.proxy.impl.ClientToProxyConnection.shouldCloseClientConnection(ClientToProxyConnection.java:789)
	at org.littleshoot.proxy.impl.ClientToProxyConnection.closeConnectionsAfterWriteIfNecessary(ClientToProxyConnection.java:732)
	at org.littleshoot.proxy.impl.ClientToProxyConnection.respond(ClientToProxyConnection.java:408)
	at org.littleshoot.proxy.impl.ProxyToServerConnection.respondWith(ProxyToServerConnection.java:513)
	at org.littleshoot.proxy.impl.ProxyToServerConnection.readHTTPChunk(ProxyToServerConnection.java:229)
	at org.littleshoot.proxy.impl.ProxyConnection.readHTTP(ProxyConnection.java:146)
	at org.littleshoot.proxy.impl.ProxyConnection.read(ProxyConnection.java:120)
	at org.littleshoot.proxy.impl.ProxyToServerConnection.read(ProxyToServerConnection.java:206)
	at org.littleshoot.proxy.impl.ProxyConnection.channelRead0(ProxyConnection.java:579)
	at io.netty.channel.SimpleChannelInboundHandler.channelRead(SimpleChannelInboundHandler.java:105)
	at io.netty.channel.AbstractChannelHandlerContext.invokeChannelRead(AbstractChannelHandlerContext.java:339)
	at io.netty.channel.AbstractChannelHandlerContext.fireChannelRead(AbstractChannelHandlerContext.java:324)
	at io.netty.handler.timeout.IdleStateHandler.channelRead(IdleStateHandler.java:254)
	at io.netty.channel.AbstractChannelHandlerContext.invokeChannelRead(AbstractChannelHandlerContext.java:339)
	at io.netty.channel.AbstractChannelHandlerContext.fireChannelRead(AbstractChannelHandlerContext.java:324)
	at io.netty.channel.ChannelInboundHandlerAdapter.channelRead(ChannelInboundHandlerAdapter.java:86)
	at org.littleshoot.proxy.impl.ProxyConnection$ResponseReadMonitor.channelRead(ProxyConnection.java:730)
	at io.netty.channel.AbstractChannelHandlerContext.invokeChannelRead(AbstractChannelHandlerContext.java:339)
	at io.netty.channel.AbstractChannelHandlerContext.fireChannelRead(AbstractChannelHandlerContext.java:324)
	at io.netty.handler.codec.ByteToMessageDecoder.channelRead(ByteToMessageDecoder.java:242)
	at io.netty.channel.AbstractChannelHandlerContext.invokeChannelRead(AbstractChannelHandlerContext.java:339)
	at io.netty.channel.AbstractChannelHandlerContext.fireChannelRead(AbstractChannelHandlerContext.java:324)
	at io.netty.channel.ChannelInboundHandlerAdapter.channelRead(ChannelInboundHandlerAdapter.java:86)
	at org.littleshoot.proxy.impl.ProxyConnection$BytesReadMonitor.channelRead(ProxyConnection.java:684)
	at io.netty.channel.AbstractChannelHandlerContext.invokeChannelRead(AbstractChannelHandlerContext.java:339)
	at io.netty.channel.AbstractChannelHandlerContext.fireChannelRead(AbstractChannelHandlerContext.java:324)
	at io.netty.channel.DefaultChannelPipeline.fireChannelRead(DefaultChannelPipeline.java:847)
	at io.netty.channel.nio.AbstractNioByteChannel$NioByteUnsafe.read(AbstractNioByteChannel.java:131)
	at io.netty.channel.nio.NioEventLoop.processSelectedKey(NioEventLoop.java:511)
	at io.netty.channel.nio.NioEventLoop.processSelectedKeysOptimized(NioEventLoop.java:468)
	at io.netty.channel.nio.NioEventLoop.processSelectedKeys(NioEventLoop.java:382)
	at io.netty.channel.nio.NioEventLoop.run(NioEventLoop.java:354)
	at io.netty.util.concurrent.SingleThreadEventExecutor$2.run(SingleThreadEventExecutor.java:111)
	at java.lang.Thread.run(Thread.java:745)
]]></system-err>
</testsuite>
