<?xml version="1.0" encoding="UTF-8"?>
<testsuite name="com.nowtv.pav.test.steps.RunCukes" tests="0" skipped="0" failures="0" errors="0" timestamp="1970-01-01T00:00:00" hostname="jov-HP-Z220-CMT-Workstation" time="0.0">
  <properties/>
  <system-out><![CDATA[@UI @UIPAGENAVIGATION
Feature: Page navigation spec
11:39:52.777 [Forwarding getPageSource on session d94198a6aa3008d5ffaf97f92db0cb0c to remote] DEBUG o.a.h.c.protocol.RequestAddCookies - CookieSpec selected: best-match
11:39:52.777 [Forwarding getPageSource on session d94198a6aa3008d5ffaf97f92db0cb0c to remote] DEBUG o.a.h.c.protocol.RequestAuthCache - Auth cache not set in the context
11:39:52.778 [Forwarding getPageSource on session d94198a6aa3008d5ffaf97f92db0cb0c to remote] DEBUG o.a.h.i.c.PoolingHttpClientConnectionManager - Connection request: [route: {}->http://localhost:26477][total kept alive: 0; route allocated: 0 of 2000; total allocated: 0 of 2000]
11:39:52.778 [Forwarding getPageSource on session d94198a6aa3008d5ffaf97f92db0cb0c to remote] DEBUG o.a.h.i.c.PoolingHttpClientConnectionManager - Connection leased: [id: 8][route: {}->http://localhost:26477][total kept alive: 0; route allocated: 1 of 2000; total allocated: 1 of 2000]
11:39:52.778 [Forwarding getPageSource on session d94198a6aa3008d5ffaf97f92db0cb0c to remote] DEBUG o.a.h.impl.execchain.MainClientExec - Opening connection {}->http://localhost:26477
11:39:52.778 [Forwarding getPageSource on session d94198a6aa3008d5ffaf97f92db0cb0c to remote] DEBUG o.a.h.i.c.HttpClientConnectionOperator - Connecting to localhost/127.0.0.1:26477
11:39:52.778 [Forwarding getPageSource on session d94198a6aa3008d5ffaf97f92db0cb0c to remote] DEBUG o.a.h.i.c.HttpClientConnectionOperator - Connection established 127.0.0.1:57271<->127.0.0.1:26477
11:39:52.778 [Forwarding getPageSource on session d94198a6aa3008d5ffaf97f92db0cb0c to remote] DEBUG o.a.h.impl.execchain.MainClientExec - Executing request GET /session/d94198a6aa3008d5ffaf97f92db0cb0c/source HTTP/1.1
11:39:52.778 [Forwarding getPageSource on session d94198a6aa3008d5ffaf97f92db0cb0c to remote] DEBUG o.a.h.impl.execchain.MainClientExec - Target auth state: UNCHALLENGED
11:39:52.778 [Forwarding getPageSource on session d94198a6aa3008d5ffaf97f92db0cb0c to remote] DEBUG o.a.h.impl.execchain.MainClientExec - Proxy auth state: UNCHALLENGED
11:39:52.778 [Forwarding getPageSource on session d94198a6aa3008d5ffaf97f92db0cb0c to remote] DEBUG org.apache.http.headers - http-outgoing-8 >> GET /session/d94198a6aa3008d5ffaf97f92db0cb0c/source HTTP/1.1
11:39:52.778 [Forwarding getPageSource on session d94198a6aa3008d5ffaf97f92db0cb0c to remote] DEBUG org.apache.http.headers - http-outgoing-8 >> Cache-Control: no-cache
11:39:52.778 [Forwarding getPageSource on session d94198a6aa3008d5ffaf97f92db0cb0c to remote] DEBUG org.apache.http.headers - http-outgoing-8 >> Host: localhost:26477
11:39:52.778 [Forwarding getPageSource on session d94198a6aa3008d5ffaf97f92db0cb0c to remote] DEBUG org.apache.http.headers - http-outgoing-8 >> Connection: Keep-Alive
11:39:52.778 [Forwarding getPageSource on session d94198a6aa3008d5ffaf97f92db0cb0c to remote] DEBUG org.apache.http.headers - http-outgoing-8 >> User-Agent: Apache-HttpClient/4.3.4 (java 1.5)
11:39:52.778 [Forwarding getPageSource on session d94198a6aa3008d5ffaf97f92db0cb0c to remote] DEBUG org.apache.http.headers - http-outgoing-8 >> Accept-Encoding: gzip,deflate
11:39:52.778 [Forwarding getPageSource on session d94198a6aa3008d5ffaf97f92db0cb0c to remote] DEBUG org.apache.http.wire - http-outgoing-8 >> "GET /session/d94198a6aa3008d5ffaf97f92db0cb0c/source HTTP/1.1[\r][\n]"
11:39:52.778 [Forwarding getPageSource on session d94198a6aa3008d5ffaf97f92db0cb0c to remote] DEBUG org.apache.http.wire - http-outgoing-8 >> "Cache-Control: no-cache[\r][\n]"
11:39:52.778 [Forwarding getPageSource on session d94198a6aa3008d5ffaf97f92db0cb0c to remote] DEBUG org.apache.http.wire - http-outgoing-8 >> "Host: localhost:26477[\r][\n]"
11:39:52.778 [Forwarding getPageSource on session d94198a6aa3008d5ffaf97f92db0cb0c to remote] DEBUG org.apache.http.wire - http-outgoing-8 >> "Connection: Keep-Alive[\r][\n]"
11:39:52.778 [Forwarding getPageSource on session d94198a6aa3008d5ffaf97f92db0cb0c to remote] DEBUG org.apache.http.wire - http-outgoing-8 >> "User-Agent: Apache-HttpClient/4.3.4 (java 1.5)[\r][\n]"
11:39:52.779 [Forwarding getPageSource on session d94198a6aa3008d5ffaf97f92db0cb0c to remote] DEBUG org.apache.http.wire - http-outgoing-8 >> "Accept-Encoding: gzip,deflate[\r][\n]"
11:39:52.779 [Forwarding getPageSource on session d94198a6aa3008d5ffaf97f92db0cb0c to remote] DEBUG org.apache.http.wire - http-outgoing-8 >> "[\r][\n]"
11:39:52.786 [Forwarding getPageSource on session d94198a6aa3008d5ffaf97f92db0cb0c to remote] DEBUG org.apache.http.wire - http-outgoing-8 << "HTTP/1.1 200 OK[\r][\n]"
11:39:52.786 [Forwarding getPageSource on session d94198a6aa3008d5ffaf97f92db0cb0c to remote] DEBUG org.apache.http.wire - http-outgoing-8 << "Content-Length:51207[\r][\n]"
11:39:52.786 [Forwarding getPageSource on session d94198a6aa3008d5ffaf97f92db0cb0c to remote] DEBUG org.apache.http.wire - http-outgoing-8 << "Content-Type:application/json; charset=utf-8[\r][\n]"
11:39:52.786 [Forwarding getPageSource on session d94198a6aa3008d5ffaf97f92db0cb0c to remote] DEBUG org.apache.http.wire - http-outgoing-8 << "Connection:close[\r][\n]"
11:39:52.786 [Forwarding getPageSource on session d94198a6aa3008d5ffaf97f92db0cb0c to remote] DEBUG org.apache.http.wire - http-outgoing-8 << "[\r][\n]"
11:39:52.787 [Forwarding getPageSource on session d94198a6aa3008d5ffaf97f92db0cb0c to remote] DEBUG org.apache.http.wire - http-outgoing-8 << "{"sessionId":"d94198a6aa3008d5ffaf97f92db0cb0c","status":0,"value":"\u003C!DOCTYPE html>\u003Chtml xmlns=\"http://www.w3.org/1999/xhtml\" class=\"no-js\">\u003Chead>\u003Cstyle type=\"text/css\">@charset \"UTF-8\";[ng\\:cloak],[ng-cloak],[data-ng-cloak],[x-ng-cloak],.ng-cloak,.x-ng-cloak,.ng-hide:not(.ng-hide-animate){display:none !important;}ng\\:form{display:block;}.ng-animate-shim{visibility:hidden;}.ng-anchor{position:absolute;}\u003C/style>\n    \u003Cmeta charset=\"utf-8\" />\n    \u003Ctitle>\u003C/title>\n    \u003Cmeta name=\"description\" content=\"\" />\n    \u003Cmeta name=\"viewport\" content=\"width=device-width\" />\n    \u003C!-- build:css(.) styles/vendor.css -->\n    \u003C!-- bower:css -->\n    \u003Clink rel=\"stylesheet\" href=\"bower_components/bootstrap/dist/css/bootstrap.css\" />\n    \u003Clink rel=\"stylesheet\" href=\"bower_components/angular-bootstrap-datetimepicker/src/css/datetimepicker.css\" />\n    \u003Clink rel=\"stylesheet\" href=\"bower_components/angular-dialog-service/dist/dialogs.min.css\" />\n    \u003C!-- endbower -->\n    \u003Clink rel=\"stylesheet\" href=\"bower_components/jquery-ui/themes/base/all.css\" />\n    \u003C!-- endbuild -->\n    \u003C!-- build:css(.tmp) styles/main.css -->\n    \u003Clink rel=\"stylesheet\" href=\"styles/main.css\" />\n    \u003C!-- endbuild -->\n  \u003C/head>\n  \u003Cbody ng-app=\"vouchersUiApp\" class=\"ng-scope\">\n    \u003C!--[if lt IE 7]>\n      \u003Cp class=\"browsehappy\">You are using an \u003Cstrong>outdated\u003C/strong> browser. Please \u003Ca href=\"http://browsehappy.com/\">upgrade your browser\u003C/a> to improve your experience.\u003C/p>\n    \u003C![endif]-->\n    \u003Cserver-connection>\u003Cdiv class=\"col-md-12 alert-message\">\n\u003C!-- ngRepeat: alert in alerts -->\n\u003C/div>\n\u003C/server-connection>\n    \u003C!-- Add your site or application content here -->\n    \u003Cdiv class=\"container\">\n\n        \u003C!-- ngView:  -->\u003Cdiv ng-view=\"\" class=\"body ng-scope\">\u003C!-- ngInclude: undefined -->\u003Cng-include src=\"'/views/header.html'\" class=\"ng-scope\">\u003Cdiv class=\"header ng-scope\">\n    \u003Cul class=\"nav nav-pills pull-right\">\n        \u003Cli>\u003Ca id=\"campaigns-header\" ng-href=\"#/\" class=\"campaigns\" href=\"#/\">Campaigns\u003C/a>\u003C/li>\n        \u003Cli>\u003Ca id=\"create-campaign-header\" ng-href=\"#/campaign\" class=\"campaign ng-hide\" data-ng-show=\"showCreateCampaign()\" href=\"#/campaign\">Create Campaign\u003C/a>\u003C/li>\n        \u003Cli>\u003Ca id=\"search-vouchers-header\" ng-href=\"#/voucher\" class=\"campaign\" href=\"#/voucher\">Search Vouchers\u003C/a>\u003C/li>\n        \u003Cli>\u003Ca id=\"search-account-header\" ng-href=\"#/account\" class=\"campaign\" href=\"#/account\">Search Account\u003C/a>\u003C/li>\n    \u003C/ul>\n    \u003Ch3>\u003Ca ng-href=\"#/\" href=\"#/\">Voucher Manager\u003C/a>\u003C/h3>\n\u003C/div>\n\u003C/ng-include>\n\u003Cdiv class=\"row name-group ng-scope\">\n  \u003Cdiv class=\"col-md-12\">\n    \u003Ch4>Campaign List\u003C/h4>\n\n    \u003Cform class=\"form-inline search-form ng-pristine ng-valid ng-valid-minlength ng-valid-maxlength\" name=\"nameForm\">\n      \u003Cdiv class=\"form-group col-md-5 \">\n        \u003Clabel for=\"search-name\">Find\u003C/label>\n        \u003Cinput type=\"text\" ng-model=\"searchName\" delayed-model=\"searchName\" name=\"name\" class=\"form-control ng-pristine ng-untouched ng-valid ng-valid-minlength ng-valid-maxlength\" id=\"search-name\" ng-minlength=\"3\" maxlength=\"50\" placeholder=\"Campaign Name (Minimum 3 characters)\" />\n        \u003Cspan id=\"searchclear\" class=\"glyphicon glyphicon-remove-circle\" ng-click=\"clearSearchName()\">\u003C/span>\n      \u003C/div>\n    \u003C/form>\n    \u003Cdiv class=\"btn-group pull-right\">\n      \u003Cbutton type=\"submit\" class=\"btn btn-success\" ng-click=\"exportFilteredList()\">Export Campaign List\u003C/button>\n    \u003C/div>\n  \u003C/div>\n\u003C/div>\n\u003Cdiv class=\"row ng-scope\">\n  \u003Cform class=\"form-inline search-form filter-campaigns ng-pristine ng-valid ng-valid-date\" name=\"searchForm\">\n    \u003Cdiv class=\"col-md-12 ng-hide\" ng-hide=\"!showFilters\">\n      \u003Chr />\n      \u003Cdiv class=\"form-group date-group\">\n        \u003Clabel for=\"start\">Start Date\u003C/label>\n\n        \u003Cdiv class=\"dropdown\">\n          \u003Ca class=\"dropdown-toggle\" id=\"start-dropdown\" role=\"button\" data-toggle=\"dropdown\" data-target=\"#\" href=\"#\" aria-haspopup=\"true\" aria-expanded=\"false\">\n            \u003Cdiv class=\"input-group\">\u003Cinput type=\"text\" size=\"20\" class=\"form-control ng-pristine ng-untouched ng-valid ng-valid-date\" name=\"start\" id=\"start\" data-ng-model=\"search.start\" ng-change=\"checkFilterDateValidity()\" />\u003Cspan class=\"input-group-addon\">\u003Ci class=\"glyphicon glyphicon-calendar\">\u003C/i>\u003C/span>\u003C/div>\n          \u003C/a>\n          \u003Cul class=\"dropdown-menu\" role=\"menu\" aria-labelledby=\"dLabel\">\n            \u003Cdiv class=\"datetimepicker table-responsive ng-isolate-scope ng-valid\" data-ng-model=\"search.start\" data-datetimepicker-config=\"{ dropdownSelector: '#start-dropdown', startView:'day', minView:'day' }\" data-on-set-time=\"setStartDate(newDate, oldDate)\">\u003Ctable class=\"table table-striped  day-view\">   \u003Cthead>       \u003Ctr>           \u003Cth class=\"left\" data-ng-click=\"changeView(data.currentView, data.leftDate, $event)\" data-ng-show=\"data.leftDate.selectable\">\u003Ci class=\"glyphicon glyphicon-arrow-left\">\u003C/i>\u003C/th>           \u003Cth class=\"switch ng-binding\" colspan=\"5\" data-ng-show=\"data.previousViewDate.selectable\" data-ng-click=\"changeView(data.previousView, data.previousViewDate, $event)\">2015-Sep\u003C/th>           \u003Cth class=\"right\" data-ng-click=\"changeView(data.currentView, data.rightDate, $event)\" data-ng-show=\"data.rightDate.selectable\">\u003Ci class=\"glyphicon glyphicon-arrow-right\">\u003C/i>\u003C/th>       \u003C/tr>       \u003Ctr>           \u003C!-- ngRepeat: day in data.dayNames -->\u003Cth class=\"dow ng-binding ng-scope\" data-ng-repeat=\"day in data.dayNames\">Su\u003C/th>\u003C!-- end ngRepeat: day in data.dayNames -->\u003Cth class=\"dow ng-binding ng-scope\" data-ng-repeat=\"day in data.dayNames\">Mo\u003C/th>\u003C!-- end ngRepeat: day in data.dayNames -->\u003Cth class=\"dow ng-binding ng-scope\" data-ng-repeat=\"day in data.dayNames\">Tu\u003C/th>\u003C!-- end ngRepeat: day in data.dayNames -->\u003Cth class=\"dow ng-binding ng-scope\" data-ng-repeat=\"day in data.dayNames\">We\u003C/th>\u003C!-- end ngRepeat: day in data.dayNames -->\u003Cth class=\"dow ng-binding ng-scope\" data-ng-repeat=\"day in data.dayNames\">Th\u003C/th>\u003C!-- end ngRepeat: day in data.dayNames -->\u003Cth class=\"dow ng-binding ng-scope\" data-ng-repeat=\"day in data.dayNames\">Fr\u003C/th>\u003C!-- end ngRepeat: day in data.dayNames -->\u003Cth class=\"dow ng-binding ng-scope\" data-ng-repeat=\"day in data.dayNames\">Sa\u003C/th>\u003C!-- end ngRepeat: day in data.dayNames -->       \u003C/tr>   \u003C/thead>   \u003Ctbody>       \u003C!-- ngIf: data.currentView !== 'day' -->       \u003C!-- ngRepeat: week in data.weeks -->\u003C!-- ngIf: data.currentView === 'day' -->\u003Ctr data-ng-if=\"data.currentView === 'day'\" data-ng-repeat=\"week in data.weeks\" class=\"ng-scope\">           \u003C!-- ngRepeat: dateObject in week.dates -->\u003Ctd data-ng-repeat=\"dateObject in week.dates\" data-ng-click=\"changeView(data.nextView, dateObject, $event)\" class=\"day ng-binding ng-scope past\" data-ng-class=\"{active: dateObject.active, past: dateObject.past, future: dateObject.future, disabled: !dateObject.selectable}\">30\u003C/td>\u003C!-- end ngRepeat: dateObject in week.dates -->\u003Ctd data-ng-repeat=\"dateObject in week.dates\" data-ng-click=\"changeView(data.nextView, dateObject, $event)\" class=\"day ng-binding ng-scope past\" data-ng-class=\"{active: dateObject.active, past: dateObject"
11:39:52.787 [Forwarding getPageSource on session d94198a6aa3008d5ffaf97f92db0cb0c to remote] DEBUG org.apache.http.headers - http-outgoing-8 << HTTP/1.1 200 OK
11:39:52.787 [Forwarding getPageSource on session d94198a6aa3008d5ffaf97f92db0cb0c to remote] DEBUG org.apache.http.headers - http-outgoing-8 << Content-Length:51207
11:39:52.787 [Forwarding getPageSource on session d94198a6aa3008d5ffaf97f92db0cb0c to remote] DEBUG org.apache.http.headers - http-outgoing-8 << Content-Type:application/json; charset=utf-8
11:39:52.787 [Forwarding getPageSource on session d94198a6aa3008d5ffaf97f92db0cb0c to remote] DEBUG org.apache.http.headers - http-outgoing-8 << Connection:close
11:39:52.788 [Forwarding getPageSource on session d94198a6aa3008d5ffaf97f92db0cb0c to remote] DEBUG org.apache.http.wire - http-outgoing-8 << ".past, future: dateObject.future, disabled: !dateObject.selectable}\">31\u003C/td>\u003C!-- end ngRepeat: dateObject in week.dates -->\u003Ctd data-ng-repeat=\"dateObject in week.dates\" data-ng-click=\"changeView(data.nextView, dateObject, $event)\" class=\"day ng-binding ng-scope\" data-ng-class=\"{active: dateObject.active, past: dateObject.past, future: dateObject.future, disabled: !dateObject.selectable}\">1\u003C/td>\u003C!-- end ngRepeat: dateObject in week.dates -->\u003Ctd data-ng-repeat=\"dateObject in week.dates\" data-ng-click=\"changeView(data.nextView, dateObject, $event)\" class=\"day ng-binding ng-scope\" data-ng-class=\"{active: dateObject.active, past: dateObject.past, future: dateObject.future, disabled: !dateObject.selectable}\">2\u003C/td>\u003C!-- end ngRepeat: dateObject in week.dates -->\u003Ctd data-ng-repeat=\"dateObject in week.dates\" data-ng-click=\"changeView(data.nextView, dateObject, $event)\" class=\"day ng-binding ng-scope\" data-ng-class=\"{active: dateObject.active, past: dateObject.past, future: dateObject.future, disabled: !dateObject.selectable}\">3\u003C/td>\u003C!-- end ngRepeat: dateObject in week.dates -->\u003Ctd data-ng-repeat=\"dateObject in week.dates\" data-ng-click=\"changeView(data.nextView, dateObject, $event)\" class=\"day ng-binding ng-scope\" data-ng-class=\"{active: dateObject.active, past: dateObject.past, future: dateObject.future, disabled: !dateObject.selectable}\">4\u003C/td>\u003C!-- end ngRepeat: dateObject in week.dates -->\u003Ctd data-ng-repeat=\"dateObject in week.dates\" data-ng-click=\"changeView(data.nextView, dateObject, $event)\" class=\"day ng-binding ng-scope\" data-ng-class=\"{active: dateObject.active, past: dateObject.past, future: dateObject.future, disabled: !dateObject.selectable}\">5\u003C/td>\u003C!-- end ngRepeat: dateObject in week.dates -->       \u003C/tr>\u003C!-- end ngIf: data.currentView === 'day' -->\u003C!-- end ngRepeat: week in data.weeks -->\u003C!-- ngIf: data.currentView === 'day' -->\u003Ctr data-ng-if=\"data.currentView === 'day'\" data-ng-repeat=\"week in data.weeks\" class=\"ng-scope\">           \u003C!-- ngRepeat: dateObject in week.dates -->\u003Ctd data-ng-repeat=\"dateObject in week.dates\" data-ng-click=\"changeView(data.nextView, dateObject, $event)\" class=\"day ng-binding ng-scope\" data-ng-class=\"{active: dateObject.active, past: dateObject.past, future: dateObject.future, disabled: !dateObject.selectable}\">6\u003C/td>\u003C!-- end ngRepeat: dateObject in week.dates -->\u003Ctd data-ng-repeat=\"dateObject in week.dates\" data-ng-click=\"changeView(data.nextView, dateObject, $event)\" class=\"day ng-binding ng-scope\" data-ng-class=\"{active: dateObject.active, past: dateObject.past, future: dateObject.future, disabled: !dateObject.selectable}\">7\u003C/td>\u003C!-- end ngRepeat: dateObject in week.dates -->\u003Ctd data-ng-repeat=\"dateObject in week.dates\" data-ng-click=\"changeView(data.nextView, dateObject, $event)\" class=\"day ng-binding ng-scope\" data-ng-class=\"{active: dateObject.active, past: dateObject.past, future: dateObject.future, disabled: !dateObject.selectable}\">8\u003C/td>\u003C!-- end ngRepeat: dateObject in week.dates -->\u003Ctd data-ng-repeat=\"dateObject in week.dates\" data-ng-click=\"changeView(data.nextView, dateObject, $event)\" class=\"day ng-binding ng-scope\" data-ng-class=\"{active: dateObject.active, past: dateObject.past, future: dateObject.future, disabled: !dateObject.selectable}\">9\u003C/td>\u003C!-- end ngRepeat: dateObject in week.dates -->\u003Ctd data-ng-repeat=\"dateObject in week.dates\" data-ng-click=\"changeView(data.nextView, dateObject, $event)\" class=\"day ng-binding ng-scope\" data-ng-class=\"{active: dateObject.active, past: dateObject.past, future: dateObject.future, disabled: !dateObject.selectable}\">10\u003C/td>\u003C!-- end ngRepeat: dateObject in week.dates -->\u003Ctd data-ng-repeat=\"dateObject in week.dates\" data-ng-click=\"changeView(data.nextView, dateObject, $event)\" class=\"day ng-binding ng-scope\" data-ng-class=\"{active: dateObject.active, "
11:39:52.789 [Forwarding getPageSource on session d94198a6aa3008d5ffaf97f92db0cb0c to remote] DEBUG org.apache.http.wire - http-outgoing-8 << "past: dateObject.past, future: dateObject.future, disabled: !dateObject.selectable}\">11\u003C/td>\u003C!-- end ngRepeat: dateObject in week.dates -->\u003Ctd data-ng-repeat=\"dateObject in week.dates\" data-ng-click=\"changeView(data.nextView, dateObject, $event)\" class=\"day ng-binding ng-scope\" data-ng-class=\"{active: dateObject.active, past: dateObject.past, future: dateObject.future, disabled: !dateObject.selectable}\">12\u003C/td>\u003C!-- end ngRepeat: dateObject in week.dates -->       \u003C/tr>\u003C!-- end ngIf: data.currentView === 'day' -->\u003C!-- end ngRepeat: week in data.weeks -->\u003C!-- ngIf: data.currentView === 'day' -->\u003Ctr data-ng-if=\"data.currentView === 'day'\" data-ng-repeat=\"week in data.weeks\" class=\"ng-scope\">           \u003C!-- ngRepeat: dateObject in week.dates -->\u003Ctd data-ng-repeat=\"dateObject in week.dates\" data-ng-click=\"changeView(data.nextView, dateObject, $event)\" class=\"day ng-binding ng-scope\" data-ng-class=\"{active: dateObject.active, past: dateObject.past, future: dateObject.future, disabled: !dateObject.selectable}\">13\u003C/td>\u003C!-- end ngRepeat: dateObject in week.dates -->\u003Ctd data-ng-repeat=\"dateObject in week.dates\" data-ng-click=\"changeView(data.nextView, dateObject, $event)\" class=\"day ng-binding ng-scope\" data-ng-class=\"{active: dateObject.active, past: dateObject.past, future: dateObject.future, disabled: !dateObject.selectable}\">14\u003C/td>\u003C!-- end ngRepeat: dateObject in week.dates -->\u003Ctd data-ng-repeat=\"dateObject in week.dates\" data-ng-click=\"changeView(data.nextView, dateObject, $event)\" class=\"day ng-binding ng-scope\" data-ng-class=\"{active: dateObject.active, past: dateObject.past, future: dateObject.future, disabled: !dateObject.selectable}\">15\u003C/td>\u003C!-- end ngRepeat: dateObject in week.dates -->\u003Ctd data-ng-repeat=\"dateObject in week.dates\" data-ng-click=\"changeView(data.nextView, dateObject, $event)\" class=\"day ng-binding ng-scope\" data-ng-class=\"{active: dateObject.active, past: dateObject.past, future: dateObject.future, disabled: !dateObject.selectable}\">16\u003C/td>\u003C!-- end ngRepeat: dateObject in week.dates -->\u003Ctd data-ng-repeat=\"dateObject in week.dates\" data-ng-click=\"changeView(data.nextView, dateObject, $event)\" class=\"day ng-binding ng-scope\" data-ng-class=\"{active: dateObject.active, past: dateObject.past, future: dateObject.future, disabled: !dateObject.selectable}\">17\u003C/td>\u003C!-- end ngRepeat: dateObject in week.dates -->\u003Ctd data-ng-repeat=\"dateObject in week.dates\" data-ng-click=\"changeView(data.nextView, dateObject, $event)\" class=\"day ng-binding ng-scope\" data-ng-class=\"{active: dateObject.active, past: dateObject.past, future: dateObject.future, disabled: !dateObject.selectable}\">18\u003C/td>\u003C!-- end ngRepeat: dateObject in week.dates -->\u003Ctd data-ng-repeat=\"dateObject in week.dates\" data-ng-click=\"changeView(data.nextView, dateObject, $event)\" class=\"day ng-binding ng-scope\" data-ng-class=\"{active: dateObject.active, past: dateObject.past, future: dateObject.future, disabled: !dateObject.selectable}\">19\u003C/td>\u003C!-- end ngRepeat: dateObject in week.dates -->       \u003C/tr>\u003C!-- end ngIf: data.currentView === 'day' -->\u003C!-- end ngRepeat: week in data.weeks -->\u003C!-- ngIf: data.currentView === 'day' -->\u003Ctr data-ng-if=\"data.currentView === 'day'\" data-ng-repeat=\"week in data.weeks\" class=\"ng-scope\">           \u003C!-- ngRepeat: dateObject in week.dates -->\u003Ctd data-ng-repeat=\"dateObject in week.dates\" data-ng-click=\"changeView(data.nextView, dateObject, $event)\" class=\"day ng-binding ng-scope\" data-ng-class=\"{active: dateObject.active, past: dateObject.past, future: dateObject.future, disabled: !dateObject.selectable}\">20\u003C/td>\u003C!-- end ngRepeat: dateObject in week.dates -->\u003Ctd data-ng-repeat=\"dateObject in week.dates\" data-ng-click=\"changeView(data.nextView, dateObject, $event)\" class=\"day ng-binding ng-scope\" data-ng-class=\"{active: dateObject.ac"
11:39:52.789 [Forwarding getPageSource on session d94198a6aa3008d5ffaf97f92db0cb0c to remote] DEBUG org.apache.http.wire - http-outgoing-8 << "tive, past: dateObject.past, future: dateObject.future, disabled: !dateObject.selectable}\">21\u003C/td>\u003C!-- end ngRepeat: dateObject in week.dates -->\u003Ctd data-ng-repeat=\"dateObject in week.dates\" data-ng-click=\"changeView(data.nextView, dateObject, $event)\" class=\"day ng-binding ng-scope\" data-ng-class=\"{active: dateObject.active, past: dateObject.past, future: dateObject.future, disabled: !dateObject.selectable}\">22\u003C/td>\u003C!-- end ngRepeat: dateObject in week.dates -->\u003Ctd data-ng-repeat=\"dateObject in week.dates\" data-ng-click=\"changeView(data.nextView, dateObject, $event)\" class=\"day ng-binding ng-scope\" data-ng-class=\"{active: dateObject.active, past: dateObject.past, future: dateObject.future, disabled: !dateObject.selectable}\">23\u003C/td>\u003C!-- end ngRepeat: dateObject in week.dates -->\u003Ctd data-ng-repeat=\"dateObject in week.dates\" data-ng-click=\"changeView(data.nextView, dateObject, $event)\" class=\"day ng-binding ng-scope\" data-ng-class=\"{active: dateObject.active, past: dateObject.past, future: dateObject.future, disabled: !dateObject.selectable}\">24\u003C/td>\u003C!-- end ngRepeat: dateObject in week.dates -->\u003Ctd data-ng-repeat=\"dateObject in week.dates\" data-ng-click=\"changeView(data.nextView, dateObject, $event)\" class=\"day ng-binding ng-scope\" data-ng-class=\"{active: dateObject.active, past: dateObject.past, future: dateObject.future, disabled: !dateObject.selectable}\">25\u003C/td>\u003C!-- end ngRepeat: dateObject in week.dates -->\u003Ctd data-ng-repeat=\"dateObject in week.dates\" data-ng-click=\"changeView(data.nextView, dateObject, $event)\" class=\"day ng-binding ng-scope\" data-ng-class=\"{active: dateObject.active, past: dateObject.past, future: dateObject.future, disabled: !dateObject.selectable}\">26\u003C/td>\u003C!-- end ngRepeat: dateObject in week.dates -->       \u003C/tr>\u003C!-- end ngIf: data.currentView === 'day' -->\u003C!-- end ngRepeat: week in data.weeks -->\u003C!-- ngIf: data.currentView === 'day' -->\u003Ctr data-ng-if=\"data.currentView === 'day'\" data-ng-repeat=\"week in data.weeks\" class=\"ng-scope\">           \u003C!-- ngRepeat: dateObject in week.dates -->\u003Ctd data-ng-repeat=\"dateObject in week.dates\" data-ng-click=\"changeView(data.nextView, dateObject, $event)\" class=\"day ng-binding ng-scope\" data-ng-class=\"{active: dateObject.active, past: dateObject.past, future: dateObject.future, disabled: !dateObject.selectable}\">27\u003C/td>\u003C!-- end ngRepeat: dateObject in week.dates -->\u003Ctd data-ng-repeat=\"dateObject in week.dates\" data-ng-click=\"changeView(data.nextView, dateObject, $event)\" class=\"day ng-binding ng-scope\" data-ng-class=\"{active: dateObject.active, past: dateObject.past, future: dateObject.future, disabled: !dateObject.selectable}\">28\u003C/td>\u003C!-- end ngRepeat: dateObject in week.dates -->\u003Ctd data-ng-repeat=\"dateObject in week.dates\" data-ng-click=\"changeView(data.nextView, dateObject, $event)\" class=\"day ng-binding ng-scope\" data-ng-class=\"{active: dateObject.active, past: dateObject.past, future: dateObject.future, disabled: !dateObject.selectable}\">29\u003C/td>\u003C!-- end ngRepeat: dateObject in week.dates -->\u003Ctd data-ng-repeat=\"dateObject in week.dates\" data-ng-click=\"changeView(data.nextView, dateObject, $event)\" class=\"day ng-binding ng-scope\" data-ng-class=\"{active: dateObject.active, past: dateObject.past, future: dateObject.future, disabled: !dateObject.selectable}\">30\u003C/td>\u003C!-- end ngRepeat: dateObject in week.dates -->\u003Ctd data-ng-repeat=\"dateObject in week.dates\" data-ng-click=\"changeView(data.nextView, dateObject, $event)\" class=\"day ng-binding ng-scope future\" data-ng-class=\"{active: dateObject.active, past: dateObject.past, future: dateObject.future, disabled: !dateObject.selectable}\">1\u003C/td>\u003C!-- end ngRepeat: dateObject in week.dates -->\u003Ctd data-ng-repeat=\"dateObject in week.dates\" data-ng-click=\"changeView(data.nextView, dateObject, $event)\" class=\"day ng-binding ng-scope future\" "
11:39:52.790 [Forwarding getPageSource on session d94198a6aa3008d5ffaf97f92db0cb0c to remote] DEBUG org.apache.http.wire - http-outgoing-8 << "data-ng-class=\"{active: dateObject.active, past: dateObject.past, future: dateObject.future, disabled: !dateObject.selectable}\">2\u003C/td>\u003C!-- end ngRepeat: dateObject in week.dates -->\u003Ctd data-ng-repeat=\"dateObject in week.dates\" data-ng-click=\"changeView(data.nextView, dateObject, $event)\" class=\"day ng-binding ng-scope future\" data-ng-class=\"{active: dateObject.active, past: dateObject.past, future: dateObject.future, disabled: !dateObject.selectable}\">3\u003C/td>\u003C!-- end ngRepeat: dateObject in week.dates -->       \u003C/tr>\u003C!-- end ngIf: data.currentView === 'day' -->\u003C!-- end ngRepeat: week in data.weeks -->\u003C!-- ngIf: data.currentView === 'day' -->\u003Ctr data-ng-if=\"data.currentView === 'day'\" data-ng-repeat=\"week in data.weeks\" class=\"ng-scope\">           \u003C!-- ngRepeat: dateObject in week.dates -->\u003Ctd data-ng-repeat=\"dateObject in week.dates\" data-ng-click=\"changeView(data.nextView, dateObject, $event)\" class=\"day ng-binding ng-scope future\" data-ng-class=\"{active: dateObject.active, past: dateObject.past, future: dateObject.future, disabled: !dateObject.selectable}\">4\u003C/td>\u003C!-- end ngRepeat: dateObject in week.dates -->\u003Ctd data-ng-repeat=\"dateObject in week.dates\" data-ng-click=\"changeView(data.nextView, dateObject, $event)\" class=\"day ng-binding ng-scope future\" data-ng-class=\"{active: dateObject.active, past: dateObject.past, future: dateObject.future, disabled: !dateObject.selectable}\">5\u003C/td>\u003C!-- end ngRepeat: dateObject in week.dates -->\u003Ctd data-ng-repeat=\"dateObject in week.dates\" data-ng-click=\"changeView(data.nextView, dateObject, $event)\" class=\"day ng-binding ng-scope future\" data-ng-class=\"{active: dateObject.active, past: dateObject.past, future: dateObject.future, disabled: !dateObject.selectable}\">6\u003C/td>\u003C!-- end ngRepeat: dateObject in week.dates -->\u003Ctd data-ng-repeat=\"dateObject in week.dates\" data-ng-click=\"changeView(data.nextView, dateObject, $event)\" class=\"day ng-binding ng-scope future\" data-ng-class=\"{active: dateObject.active, past: dateObject.past, future: dateObject.future, disabled: !dateObject.selectable}\">7\u003C/td>\u003C!-- end ngRepeat: dateObject in week.dates -->\u003Ctd data-ng-repeat=\"dateObject in week.dates\" data-ng-click=\"changeView(data.nextView, dateObject, $event)\" class=\"day ng-binding ng-scope future\" data-ng-class=\"{active: dateObject.active, past: dateObject.past, future: dateObject.future, disabled: !dateObject.selectable}\">8\u003C/td>\u003C!-- end ngRepeat: dateObject in week.dates -->\u003Ctd data-ng-repeat=\"dateObject in week.dates\" data-ng-click=\"changeView(data.nextView, dateObject, $event)\" class=\"day ng-binding ng-scope future\" data-ng-class=\"{active: dateObject.active, past: dateObject.past, future: dateObject.future, disabled: !dateObject.selectable}\">9\u003C/td>\u003C!-- end ngRepeat: dateObject in week.dates -->\u003Ctd data-ng-repeat=\"dateObject in week.dates\" data-ng-click=\"changeView(data.nextView, dateObject, $event)\" class=\"day ng-binding ng-scope future\" data-ng-class=\"{active: dateObject.active, past: dateObject.past, future: dateObject.future, disabled: !dateObject.selectable}\">10\u003C/td>\u003C!-- end ngRepeat: dateObject in week.dates -->       \u003C/tr>\u003C!-- end ngIf: data.currentView === 'day' -->\u003C!-- end ngRepeat: week in data.weeks -->   \u003C/tbody>\u003C/table>\u003C/div>\n          \u003C/ul>\n        \u003C/div>\n      \u003C/div>\n      \u003Cdiv class=\"form-group  date-group\">\n        \u003Clabel for=\"end\">End Date\u003C/label>\n        \u003Cdiv class=\"dropdown\">\n          \u003Ca class=\"dropdown-toggle\" id=\"end-dropdown\" role=\"button\" data-toggle=\"dropdown\" data-target=\"#\" href=\"#\" aria-haspopup=\"true\" aria-expanded=\"false\">\n            \u003Cdiv class=\"input-group\">\u003Cinput type=\"text\" size=\"20\" class=\"form-control ng-pristine ng-untouched ng-valid ng-valid-date\" name=\"end\" id=\"end\" data-ng-model=\"search.end\" ng-change=\"check"
11:39:52.791 [Forwarding getPageSource on session d94198a6aa3008d5ffaf97f92db0cb0c to remote] DEBUG org.apache.http.wire - http-outgoing-8 << "FilterDateValidity()\" />\u003Cspan class=\"input-group-addon\">\u003Ci class=\"glyphicon glyphicon-calendar\">\u003C/i>\u003C/span>\u003C/div>\n          \u003C/a>\n          \u003Cul class=\"dropdown-menu\" role=\"menu\" aria-labelledby=\"dLabel\">\n            \u003Cdiv class=\"datetimepicker table-responsive ng-isolate-scope ng-valid\" data-ng-model=\"search.end\" data-datetimepicker-config=\"{ dropdownSelector: '#end-dropdown', startView:'day', minView:'day' }\" data-on-set-time=\"setEndDate(newDate, oldDate)\">\u003Ctable class=\"table table-striped  day-view\">   \u003Cthead>       \u003Ctr>           \u003Cth class=\"left\" data-ng-click=\"changeView(data.currentView, data.leftDate, $event)\" data-ng-show=\"data.leftDate.selectable\">\u003Ci class=\"glyphicon glyphicon-arrow-left\">\u003C/i>\u003C/th>           \u003Cth class=\"switch ng-binding\" colspan=\"5\" data-ng-show=\"data.previousViewDate.selectable\" data-ng-click=\"changeView(data.previousView, data.previousViewDate, $event)\">2015-Sep\u003C/th>           \u003Cth class=\"right\" data-ng-click=\"changeView(data.currentView, data.rightDate, $event)\" data-ng-show=\"data.rightDate.selectable\">\u003Ci class=\"glyphicon glyphicon-arrow-right\">\u003C/i>\u003C/th>       \u003C/tr>       \u003Ctr>           \u003C!-- ngRepeat: day in data.dayNames -->\u003Cth class=\"dow ng-binding ng-scope\" data-ng-repeat=\"day in data.dayNames\">Su\u003C/th>\u003C!-- end ngRepeat: day in data.dayNames -->\u003Cth class=\"dow ng-binding ng-scope\" data-ng-repeat=\"day in data.dayNames\">Mo\u003C/th>\u003C!-- end ngRepeat: day in data.dayNames -->\u003Cth class=\"dow ng-binding ng-scope\" data-ng-repeat=\"day in data.dayNames\">Tu\u003C/th>\u003C!-- end ngRepeat: day in data.dayNames -->\u003Cth class=\"dow ng-binding ng-scope\" data-ng-repeat=\"day in data.dayNames\">We\u003C/th>\u003C!-- end ngRepeat: day in data.dayNames -->\u003Cth class=\"dow ng-binding ng-scope\" data-ng-repeat=\"day in data.dayNames\">Th\u003C/th>\u003C!-- end ngRepeat: day in data.dayNames -->\u003Cth class=\"dow ng-binding ng-scope\" data-ng-repeat=\"day in data.dayNames\">Fr\u003C/th>\u003C!-- end ngRepeat: day in data.dayNames -->\u003Cth class=\"dow ng-binding ng-scope\" data-ng-repeat=\"day in data.dayNames\">Sa\u003C/th>\u003C!-- end ngRepeat: day in data.dayNames -->       \u003C/tr>   \u003C/thead>   \u003Ctbody>       \u003C!-- ngIf: data.currentView !== 'day' -->       \u003C!-- ngRepeat: week in data.weeks -->\u003C!-- ngIf: data.currentView === 'day' -->\u003Ctr data-ng-if=\"data.currentView === 'day'\" data-ng-repeat=\"week in data.weeks\" class=\"ng-scope\">           \u003C!-- ngRepeat: dateObject in week.dates -->\u003Ctd data-ng-repeat=\"dateObject in week.dates\" data-ng-click=\"changeView(data.nextView, dateObject, $event)\" class=\"day ng-binding ng-scope past\" data-ng-class=\"{active: dateObject.active, past: dateObject.past, future: dateObject.future, disabled: !dateObject.selectable}\">30\u003C/td>\u003C!-- end ngRepeat: dateObject in week.dates -->\u003Ctd data-ng-repeat=\"dateObject in week.dates\" data-ng-click=\"changeView(data.nextView, dateObject, $event)\" class=\"day ng-binding ng-scope past\" data-ng-class=\"{active: dateObject.active, past: dateObject.past, future: dateObject.future, disabled: !dateObject.selectable}\">31\u003C/td>\u003C!-- end ngRepeat: dateObject in week.dates -->\u003Ctd data-ng-repeat=\"dateObject in week.dates\" data-ng-click=\"changeView(data.nextView, dateObject, $event)\" class=\"day ng-binding ng-scope\" data-ng-class=\"{active: dateObject.active, past: dateObject.past, future: dateObject.future, disabled: !dateObject.selectable}\">1\u003C/td>\u003C!-- end ngRepeat: dateObject in week.dates -->\u003Ctd data-ng-repeat=\"dateObject in week.dates\" data-ng-click=\"changeView(data.nextView, dateObject, $event)\" class=\"day ng-binding ng-scope\" data-ng-class=\"{active: dateObject.active, past: dateObject.past, future: dateObject.future, disabled: !dateObject.selectable}\">2\u003C/td>\u003C!-- end ngRepeat: dateObject in week.dates -->\u003Ctd"
11:39:52.792 [Forwarding getPageSource on session d94198a6aa3008d5ffaf97f92db0cb0c to remote] DEBUG org.apache.http.wire - http-outgoing-8 << " data-ng-repeat=\"dateObject in week.dates\" data-ng-click=\"changeView(data.nextView, dateObject, $event)\" class=\"day ng-binding ng-scope\" data-ng-class=\"{active: dateObject.active, past: dateObject.past, future: dateObject.future, disabled: !dateObject.selectable}\">3\u003C/td>\u003C!-- end ngRepeat: dateObject in week.dates -->\u003Ctd data-ng-repeat=\"dateObject in week.dates\" data-ng-click=\"changeView(data.nextView, dateObject, $event)\" class=\"day ng-binding ng-scope\" data-ng-class=\"{active: dateObject.active, past: dateObject.past, future: dateObject.future, disabled: !dateObject.selectable}\">4\u003C/td>\u003C!-- end ngRepeat: dateObject in week.dates -->\u003Ctd data-ng-repeat=\"dateObject in week.dates\" data-ng-click=\"changeView(data.nextView, dateObject, $event)\" class=\"day ng-binding ng-scope\" data-ng-class=\"{active: dateObject.active, past: dateObject.past, future: dateObject.future, disabled: !dateObject.selectable}\">5\u003C/td>\u003C!-- end ngRepeat: dateObject in week.dates -->       \u003C/tr>\u003C!-- end ngIf: data.currentView === 'day' -->\u003C!-- end ngRepeat: week in data.weeks -->\u003C!-- ngIf: data.currentView === 'day' -->\u003Ctr data-ng-if=\"data.currentView === 'day'\" data-ng-repeat=\"week in data.weeks\" class=\"ng-scope\">           \u003C!-- ngRepeat: dateObject in week.dates -->\u003Ctd data-ng-repeat=\"dateObject in week.dates\" data-ng-click=\"changeView(data.nextView, dateObject, $event)\" class=\"day ng-binding ng-scope\" data-ng-class=\"{active: dateObject.active, past: dateObject.past, future: dateObject.future, disabled: !dateObject.selectable}\">6\u003C/td>\u003C!-- end ngRepeat: dateObject in week.dates -->\u003Ctd data-ng-repeat=\"dateObject in week.dates\" data-ng-click=\"changeView(data.nextView, dateObject, $event)\" class=\"day ng-binding ng-scope\" data-ng-class=\"{active: dateObject.active, past: dateObject.past, future: dateObject.future, disabled: !dateObject.selectable}\">7\u003C/td>\u003C!-- end ngRepeat: dateObject in week.dates -->\u003Ctd data-ng-repeat=\"dateObject in week.dates\" data-ng-click=\"changeView(data.nextView, dateObject, $event)\" class=\"day ng-binding ng-scope\" data-ng-class=\"{active: dateObject.active, past: dateObject.past, future: dateObject.future, disabled: !dateObject.selectable}\">8\u003C/td>\u003C!-- end ngRepeat: dateObject in week.dates -->\u003Ctd data-ng-repeat=\"dateObject in week.dates\" data-ng-click=\"changeView(data.nextView, dateObject, $event)\" class=\"day ng-binding ng-scope\" data-ng-class=\"{active: dateObject.active, past: dateObject.past, future: dateObject.future, disabled: !dateObject.selectable}\">9\u003C/td>\u003C!-- end ngRepeat: dateObject in week.dates -->\u003Ctd data-ng-repeat=\"dateObject in week.dates\" data-ng-click=\"changeView(data.nextView, dateObject, $event)\" class=\"day ng-binding ng-scope\" data-ng-class=\"{active: dateObject.active, past: dateObject.past, future: dateObject.future, disabled: !dateObject.selectable}\">10\u003C/td>\u003C!-- end ngRepeat: dateObject in week.dates -->\u003Ctd data-ng-repeat=\"dateObject in week.dates\" data-ng-click=\"changeView(data.nextView, dateObject, $event)\" class=\"day ng-binding ng-scope\" data-ng-class=\"{active: dateObject.active, past: dateObject.past, future: dateObject.future, disabled: !dateObject.selectable}\">11\u003C/td>\u003C!-- end ngRepeat: dateObject in week.dates -->\u003Ctd data-ng-repeat=\"dateObject in week.dates\" data-ng-click=\"changeView(data.nextView, dateObject, $event)\" class=\"day ng-binding ng-scope\" data-ng-class=\"{active: dateObject.active, past: dateObject.past, future: dateObject.future, disabled: !dateObject.selectable}\">12\u003C/td>\u003C!-- end ngRepeat: dateObject in week.dates -->       \u003C/tr>\u003C!-- end ngIf: data.currentView === 'day' -->\u003C!-- end ngRepeat: week in data.weeks -->\u003C!-- ngIf: data.currentView === 'day' -->\u003Ctr data-ng-if=\"data.currentView === 'day'\" data-ng-repeat=\"week in data.weeks\" class=\"ng-scope\">           \u003C!-- ngRepeat: dateObject in week.dates -->\u003Ctd "
11:39:52.792 [Forwarding getPageSource on session d94198a6aa3008d5ffaf97f92db0cb0c to remote] DEBUG org.apache.http.wire - http-outgoing-8 << "data-ng-repeat=\"dateObject in week.dates\" data-ng-click=\"changeView(data.nextView, dateObject, $event)\" class=\"day ng-binding ng-scope\" data-ng-class=\"{active: dateObject.active, past: dateObject.past, future: dateObject.future, disabled: !dateObject.selectable}\">13\u003C/td>\u003C!-- end ngRepeat: dateObject in week.dates -->\u003Ctd data-ng-repeat=\"dateObject in week.dates\" data-ng-click=\"changeView(data.nextView, dateObject, $event)\" class=\"day ng-binding ng-scope\" data-ng-class=\"{active: dateObject.active, past: dateObject.past, future: dateObject.future, disabled: !dateObject.selectable}\">14\u003C/td>\u003C!-- end ngRepeat: dateObject in week.dates -->\u003Ctd data-ng-repeat=\"dateObject in week.dates\" data-ng-click=\"changeView(data.nextView, dateObject, $event)\" class=\"day ng-binding ng-scope\" data-ng-class=\"{active: dateObject.active, past: dateObject.past, future: dateObject.future, disabled: !dateObject.selectable}\">15\u003C/td>\u003C!-- end ngRepeat: dateObject in week.dates -->\u003Ctd data-ng-repeat=\"dateObject in week.dates\" data-ng-click=\"changeView(data.nextView, dateObject, $event)\" class=\"day ng-binding ng-scope\" data-ng-class=\"{active: dateObject.active, past: dateObject.past, future: dateObject.future, disabled: !dateObject.selectable}\">16\u003C/td>\u003C!-- end ngRepeat: dateObject in week.dates -->\u003Ctd data-ng-repeat=\"dateObject in week.dates\" data-ng-click=\"changeView(data.nextView, dateObject, $event)\" class=\"day ng-binding ng-scope\" data-ng-class=\"{active: dateObject.active, past: dateObject.past, future: dateObject.future, disabled: !dateObject.selectable}\">17\u003C/td>\u003C!-- end ngRepeat: dateObject in week.dates -->\u003Ctd data-ng-repeat=\"dateObject in week.dates\" data-ng-click=\"changeView(data.nextView, dateObject, $event)\" class=\"day ng-binding ng-scope\" data-ng-class=\"{active: dateObject.active, past: dateObject.past, future: dateObject.future, disabled: !dateObject.selectable}\">18\u003C/td>\u003C!-- end ngRepeat: dateObject in week.dates -->\u003Ctd data-ng-repeat=\"dateObject in week.dates\" data-ng-click=\"changeView(data.nextView, dateObject, $event)\" class=\"day ng-binding ng-scope\" data-ng-class=\"{active: dateObject.active, past: dateObject.past, future: dateObject.future, disabled: !dateObject.selectable}\">19\u003C/td>\u003C!-- end ngRepeat: dateObject in week.dates -->       \u003C/tr>\u003C!-- end ngIf: data.currentView === 'day' -->\u003C!-- end ngRepeat: week in data.weeks -->\u003C!-- ngIf: data.currentView === 'day' -->\u003Ctr data-ng-if=\"data.currentView === 'day'\" data-ng-repeat=\"week in data.weeks\" class=\"ng-scope\">           \u003C!-- ngRepeat: dateObject in week.dates -->\u003Ctd data-ng-repeat=\"dateObject in week.dates\" data-ng-click=\"changeView(data.nextView, dateObject, $event)\" class=\"day ng-binding ng-scope\" data-ng-class=\"{active: dateObject.active, past: dateObject.past, future: dateObject.future, disabled: !dateObject.selectable}\">20\u003C/td>\u003C!-- end ngRepeat: dateObject in week.dates -->\u003Ctd data-ng-repeat=\"dateObject in week.dates\" data-ng-click=\"changeView(data.nextView, dateObject, $event)\" class=\"day ng-binding ng-scope\" data-ng-class=\"{active: dateObject.active, past: dateObject.past, future: dateObject.future, disabled: !dateObject.selectable}\">21\u003C/td>\u003C!-- end ngRepeat: dateObject in week.dates -->\u003Ctd data-ng-repeat=\"dateObject in week.dates\" data-ng-click=\"changeView(data.nextView, dateObject, $event)\" class=\"day ng-binding ng-scope\" data-ng-class=\"{active: dateObject.active, past: dateObject.past, future: dateObject.future, disabled: !dateObject.selectable}\">22\u003C/td>\u003C!-- end ngRepeat: dateObject in week.dates -->\u003Ctd data-ng-repeat=\"dateObject in week.dates\" data-ng-click=\"changeView(data.nextView, dateObject, $event)\" class=\"day ng-binding ng-scope\" data-ng-class=\"{active: dateObject.active, past: dateObject.past, future: dateObject.future, disabled: !dateObject.selectable}\">23\u003C/td>\u003C!-- end ngRepeat: dateObject i"
11:39:52.793 [Forwarding getPageSource on session d94198a6aa3008d5ffaf97f92db0cb0c to remote] DEBUG org.apache.http.wire - http-outgoing-8 << "n week.dates -->\u003Ctd data-ng-repeat=\"dateObject in week.dates\" data-ng-click=\"changeView(data.nextView, dateObject, $event)\" class=\"day ng-binding ng-scope\" data-ng-class=\"{active: dateObject.active, past: dateObject.past, future: dateObject.future, disabled: !dateObject.selectable}\">24\u003C/td>\u003C!-- end ngRepeat: dateObject in week.dates -->\u003Ctd data-ng-repeat=\"dateObject in week.dates\" data-ng-click=\"changeView(data.nextView, dateObject, $event)\" class=\"day ng-binding ng-scope\" data-ng-class=\"{active: dateObject.active, past: dateObject.past, future: dateObject.future, disabled: !dateObject.selectable}\">25\u003C/td>\u003C!-- end ngRepeat: dateObject in week.dates -->\u003Ctd data-ng-repeat=\"dateObject in week.dates\" data-ng-click=\"changeView(data.nextView, dateObject, $event)\" class=\"day ng-binding ng-scope\" data-ng-class=\"{active: dateObject.active, past: dateObject.past, future: dateObject.future, disabled: !dateObject.selectable}\">26\u003C/td>\u003C!-- end ngRepeat: dateObject in week.dates -->       \u003C/tr>\u003C!-- end ngIf: data.currentView === 'day' -->\u003C!-- end ngRepeat: week in data.weeks -->\u003C!-- ngIf: data.currentView === 'day' -->\u003Ctr data-ng-if=\"data.currentView === 'day'\" data-ng-repeat=\"week in data.weeks\" class=\"ng-scope\">           \u003C!-- ngRepeat: dateObject in week.dates -->\u003Ctd data-ng-repeat=\"dateObject in week.dates\" data-ng-click=\"changeView(data.nextView, dateObject, $event)\" class=\"day ng-binding ng-scope\" data-ng-class=\"{active: dateObject.active, past: dateObject.past, future: dateObject.future, disabled: !dateObject.selectable}\">27\u003C/td>\u003C!-- end ngRepeat: dateObject in week.dates -->\u003Ctd data-ng-repeat=\"dateObject in week.dates\" data-ng-click=\"changeView(data.nextView, dateObject, $event)\" class=\"day ng-binding ng-scope\" data-ng-class=\"{active: dateObject.active, past: dateObject.past, future: dateObject.future, disabled: !dateObject.selectable}\">28\u003C/td>\u003C!-- end ngRepeat: dateObject in week.dates -->\u003Ctd data-ng-repeat=\"dateObject in week.dates\" data-ng-click=\"changeView(data.nextView, dateObject, $event)\" class=\"day ng-binding ng-scope\" data-ng-class=\"{active: dateObject.active, past: dateObject.past, future: dateObject.future, disabled: !dateObject.selectable}\">29\u003C/td>\u003C!-- end ngRepeat: dateObject in week.dates -->\u003Ctd data-ng-repeat=\"dateObject in week.dates\" data-ng-click=\"changeView(data.nextView, dateObject, $event)\" class=\"day ng-binding ng-scope\" data-ng-class=\"{active: dateObject.active, past: dateObject.past, future: dateObject.future, disabled: !dateObject.selectable}\">30\u003C/td>\u003C!-- end ngRepeat: dateObject in week.dates -->\u003Ctd data-ng-repeat=\"dateObject in week.dates\" data-ng-click=\"changeView(data.nextView, dateObject, $event)\" class=\"day ng-binding ng-scope future\" data-ng-class=\"{active: dateObject.active, past: dateObject.past, future: dateObject.future, disabled: !dateObject.selectable}\">1\u003C/td>\u003C!-- end ngRepeat: dateObject in week.dates -->\u003Ctd data-ng-repeat=\"dateObject in week.dates\" data-ng-click=\"changeView(data.nextView, dateObject, $event)\" class=\"day ng-binding ng-scope future\" data-ng-class=\"{active: dateObject.active, past: dateObject.past, future: dateObject.future, disabled: !dateObject.selectable}\">2\u003C/td>\u003C!-- end ngRepeat: dateObject in week.dates -->\u003Ctd data-ng-repeat=\"dateObject in week.dates\" data-ng-click=\"changeView(data.nextView, dateObject, $event)\" class=\"day ng-binding ng-scope future\" data-ng-class=\"{active: dateObject.active, past: dateObject.past, future: dateObject.future, disabled: !dateObject.selectable}\">3\u003C/td>\u003C!-- end ngRepeat: dateObject in week.dates -->       \u003C/tr>\u003C!-- end ngIf: data.currentView === 'day' -->\u003C!-- end ngRepeat: week in data.weeks -->\u003C!-- ngIf: data.currentView === 'day' -->\u003Ctr data-ng-if=\"data.currentView === 'day'\" data-ng-repeat=\"week in data.weeks\" class=\"ng-scope\">           \u003C!-"
11:39:52.793 [Forwarding getPageSource on session d94198a6aa3008d5ffaf97f92db0cb0c to remote] DEBUG org.apache.http.wire - http-outgoing-8 << "- ngRepeat: dateObject in week.dates -->\u003Ctd data-ng-repeat=\"dateObject in week.dates\" data-ng-click=\"changeView(data.nextView, dateObject, $event)\" class=\"day ng-binding ng-scope future\" data-ng-class=\"{active: dateObject.active, past: dateObject.past, future: dateObject.future, disabled: !dateObject.selectable}\">4\u003C/td>\u003C!-- end ngRepeat: dateObject in week.dates -->\u003Ctd data-ng-repeat=\"dateObject in week.dates\" data-ng-click=\"changeView(data.nextView, dateObject, $event)\" class=\"day ng-binding ng-scope future\" data-ng-class=\"{active: dateObject.active, past: dateObject.past, future: dateObject.future, disabled: !dateObject.selectable}\">5\u003C/td>\u003C!-- end ngRepeat: dateObject in week.dates -->\u003Ctd data-ng-repeat=\"dateObject in week.dates\" data-ng-click=\"changeView(data.nextView, dateObject, $event)\" class=\"day ng-binding ng-scope future\" data-ng-class=\"{active: dateObject.active, past: dateObject.past, future: dateObject.future, disabled: !dateObject.selectable}\">6\u003C/td>\u003C!-- end ngRepeat: dateObject in week.dates -->\u003Ctd data-ng-repeat=\"dateObject in week.dates\" data-ng-click=\"changeView(data.nextView, dateObject, $event)\" class=\"day ng-binding ng-scope future\" data-ng-class=\"{active: dateObject.active, past: dateObject.past, future: dateObject.future, disabled: !dateObject.selectable}\">7\u003C/td>\u003C!-- end ngRepeat: dateObject in week.dates -->\u003Ctd data-ng-repeat=\"dateObject in week.dates\" data-ng-click=\"changeView(data.nextView, dateObject, $event)\" class=\"day ng-binding ng-scope future\" data-ng-class=\"{active: dateObject.active, past: dateObject.past, future: dateObject.future, disabled: !dateObject.selectable}\">8\u003C/td>\u003C!-- end ngRepeat: dateObject in week.dates -->\u003Ctd data-ng-repeat=\"dateObject in week.dates\" data-ng-click=\"changeView(data.nextView, dateObject, $event)\" class=\"day ng-binding ng-scope future\" data-ng-class=\"{active: dateObject.active, past: dateObject.past, future: dateObject.future, disabled: !dateObject.selectable}\">9\u003C/td>\u003C!-- end ngRepeat: dateObject in week.dates -->\u003Ctd data-ng-repeat=\"dateObject in week.dates\" data-ng-click=\"changeView(data.nextView, dateObject, $event)\" class=\"day ng-binding ng-scope future\" data-ng-class=\"{active: dateObject.active, past: dateObject.past, future: dateObject.future, disabled: !dateObject.selectable}\">10\u003C/td>\u003C!-- end ngRepeat: dateObject in week.dates -->       \u003C/tr>\u003C!-- end ngIf: data.currentView === 'day' -->\u003C!-- end ngRepeat: week in data.weeks -->   \u003C/tbody>\u003C/table>\u003C/div>\n          \u003C/ul>\n        \u003C/div>\n      \u003C/div>\n      \u003Cdiv class=\"form-group\">\n        \u003Clabel>Status\u003C/label>\n        \u003Cselect id=\"status\" class=\"form-control ng-pristine ng-untouched ng-valid\" data-ng-model=\"search.active\">\n          \u003Coption name=\"All\" value=\"\">All\u003C/option>\n          \u003Coption name=\"Active\" value=\"true\">Active\u003C/option>\n          \u003Coption name=\"Inactive\" value=\"false\">Inactive\u003C/option>\n        \u003C/select>\n      \u003C/div>\n      \u003Cdiv class=\"form-group\">\n        \u003Clabel for=\"type\">Type\u003C/label>\n        \u003Cselect id=\"type\" name=\"search.type\" class=\"form-control ng-pristine ng-untouched ng-valid\" ng-model=\"search.type\" ng-options=\"campaignType.key as campaignType.value for campaignType in campaignTypes\">\u003Coption value=\"string:\" label=\"All\" selected=\"selected\">All\u003C/option>\u003Coption value=\"string:PROMO_CODE\" label=\"Promo Code\">Promo Code\u003C/option>\u003Coption value=\"string:SINGLE_USE_TRANSFERABLE\" label=\"Single Use Transferable\">Single Use Transferable\u003C/option>\u003Coption value=\"string:SINGLE_USE_NON_TRANSFERABLE\" label=\"Single Use Non-Transferable\">Single Use Non-Transferable\u003C/option>\u003Coption value=\"string:GIFTING\" label=\"Gifting\">Gifting\u003C/option>\u003C/select>\n      \u003C/div>\n      \u003Cdiv class=\"form-group buttons\">\n   "
11:39:52.793 [Forwarding getPageSource on session d94198a6aa3008d5ffaf97f92db0cb0c to remote] DEBUG org.apache.http.wire - http-outgoing-8 << "     \u003Cbutton type=\"submit\" class=\"btn btn-primary filter\" ng-click=\"searchForm.$valid &amp;&amp; updateFilter()\" ng-disabled=\"!searchForm.$valid\">Filter Campaigns\n        \u003C/button>\n        \u003Cbutton type=\"submit\" class=\"btn btn-default clear\" ng-click=\"clearFilter()\">Clear Filter\u003C/button>\n      \u003C/div>\n      \u003Cdiv class=\"clear\">\u003C/div>\n    \u003C/div>\n  \u003C/form>\n\u003C/div>\n\u003Cdiv class=\"row ng-scope\">\n  \u003Cdiv class=\"col-md-12\">\n    \u003Ca style=\"cursor: pointer;\" ng-click=\"showFilters=!showFilters\" class=\"ng-binding\">Show Advanced Filters\u003C/a>\n  \u003C/div>\n\u003C/div>\n\u003Cdiv class=\"row ng-scope\">\n  \u003Cdiv class=\"col-md-12\">\n    \u003Ctable class=\"table campaign-list\" id=\"campaign-list\">\n      \u003Cthead>\n      \u003Ctr>\n        \u003Cth>Name\u003C/th>\n        \u003Cth>State\u003C/th>\n        \u003Cth>Type\u003C/th>\n        \u003Cth>Start\u003C/th>\n        \u003Cth>End\u003C/th>\n        \u003Cth>Vouchers\u003C/th>\n        \u003Cth>Redemption Cap\u003C/th>\n        \u003Cth>Redeemed\u003C/th>\n      \u003C/tr>\n      \u003C/thead>\n      \u003Ctbody>\n      \u003C!-- ngRepeat: campaign in campaigns | itemsPerPage: 25 -->\n      \u003C/tbody>\n    \u003C/table>\n  \u003C/div>\n\u003C/div>\n\u003Cdiv dir-pagination-controls=\"\" class=\"col-lg-12 paginationList ng-scope ng-isolate-scope\" on-page-change=\"pageChanged(newPageNumber)\">\u003C!-- ngIf: 1 \u003C pages.length -->\u003C/div>\n\u003C/div>\n        \u003Cdiv class=\"footer\">\u003C/div>\n    \u003C/div>\n\n    \u003C!-- build:js(.) scripts/ie-include.js -->\n        \u003C!--[if lt IE 9]>\n            \u003Cscript src=\"bower_components/es5-shim/es5-shim.js\">\u003C/script>\n            \u003Cscript src=\"bower_components/json3/lib/json3.min.js\">\u003C/script>\n            \u003Cscript src=\"bower_components/respond/dest/respond.src.js\">\u003C/script>\n        \u003C![endif]-->\n    \u003C!-- endbuild -->\n\n    \u003C!-- build:js(.) scripts/vendor.js -->\n    \u003C!-- bower:js -->\n    \u003Cscript src=\"bower_components/jquery/dist/jquery.js\">\u003C/script>\n    \u003Cscript src=\"bower_components/angular/angular.js\">\u003C/script>\n    \u003Cscript src=\"bower_components/json3/lib/json3.js\">\u003C/script>\n    \u003Cscript src=\"bower_components/bootstrap/dist/js/bootstrap.js\">\u003C/script>\n    \u003Cscript src=\"bower_components/angular-resource/angular-resource.js\">\u003C/script>\n    \u003Cscript src=\"bower_components/angular-sanitize/angular-sanitize.js\">\u003C/script>\n    \u003Cscript src=\"bower_components/angular-animate/angular-animate.js\">\u003C/script>\n    \u003Cscript src=\"bower_components/angular-route/angular-route.js\">\u003C/script>\n    \u003Cscript src=\"bower_components/moment/moment.js\">\u003C/script>\n    \u003Cscript src=\"bower_components/angular-bootstrap-show-errors/src/showErrors.js\">\u003C/script>\n    \u003Cscript src=\"bower_components/angular-bootstrap-datetimepicker/src/js/datetimepicker.js\">\u003C/script>\n    \u003Cscript src=\"bower_components/jquery-ui/jquery-ui.js\">\u003C/script>\n    \u003Cscript src=\"bower_components/FileSaver/FileSaver.js\">\u003C/script>\n    \u003Cscript src=\"bower_components/underscore/underscore.js\">\u003C/script>\n    \u003Cscript src=\"bower_components/angular-bootstrap/ui-bootstrap-tpls.js\">\u003C/script>\n    \u003Cscript src=\"bower_components/angular-translate/angular-translate.js\">\u003C/script>\n    \u003Cscript src=\"bower_components/angular-dialog-service/dist/dialogs.min.js\">\u003C/script>\n    \u003Cscript src=\"bower_components/angular-dialog-service/dist/dialogs-default-translations.min.js\">\u003C/script>\n    \u003Cscript src=\"bower_components/angular-utils-pagination/dirPagination.js\">\u003C/script>\n    \u003C!-- endbower -->\n    \u003C!-- endbuild -->\n\n    \u003C!-- build:js({.tmp,app}) scripts/scripts.js -->\n    \u003Cscript src=\"scripts/app.js\">\u003C/script>\n    \u003Cscript src=\"scripts/config/config.js\">\u003C/script>\n    \u003Cscrip"
11:39:52.794 [Forwarding getPageSource on session d94198a6aa3008d5ffaf97f92db0cb0c to remote] DEBUG org.apache.http.wire - http-outgoing-8 << "t src=\"scripts/services/base-http-service.js\">\u003C/script>\n    \u003Cscript src=\"scripts/services/voucher-service.js\">\u003C/script>\n    \u003Cscript src=\"scripts/services/campaign-service.js\">\u003C/script>\n    \u003Cscript src=\"scripts/services/history-service.js\">\u003C/script>\n    \u003Cscript src=\"scripts/services/promo-service.js\">\u003C/script>\n    \u003Cscript src=\"scripts/services/date-service.js\">\u003C/script>\n    \u003Cscript src=\"scripts/services/root-service.js\">\u003C/script>\n    \u003Cscript src=\"scripts/services/hateoas-service-util.js\">\u003C/script>\n    \u003Cscript src=\"scripts/controllers/promo-controller.js\">\u003C/script>\n    \u003Cscript src=\"scripts/controllers/campaign-controller.js\">\u003C/script>\n    \u003Cscript src=\"scripts/controllers/status-controller.js\">\u003C/script>\n    \u003Cscript src=\"scripts/controllers/audit-history-controller.js\">\u003C/script>\n    \u003Cscript src=\"scripts/controllers/voucher-controller.js\">\u003C/script>\n    \u003Cscript src=\"scripts/controllers/account-controller.js\">\u003C/script>\n    \u003Cscript src=\"scripts/controllers/campaign-list-controller.js\">\u003C/script>\n    \u003Cscript src=\"scripts/directives/campaign-directive.js\">\u003C/script>\n    \u003Cscript src=\"scripts/directives/voucher-directive.js\">\u003C/script>\n    \u003Cscript src=\"scripts/directives/single-use-voucher-directive.js\">\u003C/script>\n    \u003Cscript src=\"scripts/directives/server-connection-directive.js\">\u003C/script>\n    \u003Cscript src=\"scripts/directives/promocode-directive.js\">\u003C/script>\n    \u003Cscript src=\"scripts/directives/voucher-batch-directive.js\">\u003C/script>\n    \u003Cscript src=\"scripts/filters/account-filter.js\">\u003C/script>\n\n    \u003C!-- endbuild -->\n\n    \u003Cscript src=\"/config\">\u003C/script>\n\n\u003Cscript>//&lt;![CDATA[\ndocument.write('&lt;script src=\"//' + (location.hostname || 'localhost') + ':35729/livereload.js?snipver=1\"&gt;&lt;\\/script&gt;')\n//]]&gt;\u003C/script>\u003Cscript src=\"//localhost:35729/livereload.js?snipver=1\">\u003C/script>\n\n\n\u003C/body>\u003C/html>"}"
11:39:52.794 [Forwarding getPageSource on session d94198a6aa3008d5ffaf97f92db0cb0c to remote] DEBUG o.a.h.i.c.DefaultManagedHttpClientConnection - http-outgoing-8: Shutdown connection
11:39:52.794 [Forwarding getPageSource on session d94198a6aa3008d5ffaf97f92db0cb0c to remote] DEBUG o.a.h.impl.execchain.MainClientExec - Connection discarded
11:39:52.794 [Forwarding getPageSource on session d94198a6aa3008d5ffaf97f92db0cb0c to remote] DEBUG o.a.h.i.c.DefaultManagedHttpClientConnection - http-outgoing-8: Close connection
11:39:52.794 [Forwarding getPageSource on session d94198a6aa3008d5ffaf97f92db0cb0c to remote] DEBUG o.a.h.i.c.PoolingHttpClientConnectionManager - Connection released: [id: 8][route: {}->http://localhost:26477][total kept alive: 0; route allocated: 0 of 2000; total allocated: 0 of 2000]
11:39:53.446 [Forwarding findElements on session d94198a6aa3008d5ffaf97f92db0cb0c to remote] DEBUG o.a.h.c.protocol.RequestAddCookies - CookieSpec selected: best-match
11:39:53.446 [Forwarding findElements on session d94198a6aa3008d5ffaf97f92db0cb0c to remote] DEBUG o.a.h.c.protocol.RequestAuthCache - Auth cache not set in the context
11:39:53.447 [Forwarding findElements on session d94198a6aa3008d5ffaf97f92db0cb0c to remote] DEBUG o.a.h.i.c.PoolingHttpClientConnectionManager - Connection request: [route: {}->http://localhost:26477][total kept alive: 0; route allocated: 0 of 2000; total allocated: 0 of 2000]
11:39:53.447 [Forwarding findElements on session d94198a6aa3008d5ffaf97f92db0cb0c to remote] DEBUG o.a.h.i.c.PoolingHttpClientConnectionManager - Connection leased: [id: 9][route: {}->http://localhost:26477][total kept alive: 0; route allocated: 1 of 2000; total allocated: 1 of 2000]
11:39:53.447 [Forwarding findElements on session d94198a6aa3008d5ffaf97f92db0cb0c to remote] DEBUG o.a.h.impl.execchain.MainClientExec - Opening connection {}->http://localhost:26477
11:39:53.447 [Forwarding findElements on session d94198a6aa3008d5ffaf97f92db0cb0c to remote] DEBUG o.a.h.i.c.HttpClientConnectionOperator - Connecting to localhost/127.0.0.1:26477
11:39:53.447 [Forwarding findElements on session d94198a6aa3008d5ffaf97f92db0cb0c to remote] DEBUG o.a.h.i.c.HttpClientConnectionOperator - Connection established 127.0.0.1:57272<->127.0.0.1:26477
11:39:53.448 [Forwarding findElements on session d94198a6aa3008d5ffaf97f92db0cb0c to remote] DEBUG o.a.h.impl.execchain.MainClientExec - Executing request POST /session/d94198a6aa3008d5ffaf97f92db0cb0c/elements HTTP/1.1
11:39:53.448 [Forwarding findElements on session d94198a6aa3008d5ffaf97f92db0cb0c to remote] DEBUG o.a.h.impl.execchain.MainClientExec - Target auth state: UNCHALLENGED
11:39:53.448 [Forwarding findElements on session d94198a6aa3008d5ffaf97f92db0cb0c to remote] DEBUG o.a.h.impl.execchain.MainClientExec - Proxy auth state: UNCHALLENGED
11:39:53.448 [Forwarding findElements on session d94198a6aa3008d5ffaf97f92db0cb0c to remote] DEBUG org.apache.http.headers - http-outgoing-9 >> POST /session/d94198a6aa3008d5ffaf97f92db0cb0c/elements HTTP/1.1
11:39:53.448 [Forwarding findElements on session d94198a6aa3008d5ffaf97f92db0cb0c to remote] DEBUG org.apache.http.headers - http-outgoing-9 >> Content-Type: application/json; charset=utf-8
11:39:53.448 [Forwarding findElements on session d94198a6aa3008d5ffaf97f92db0cb0c to remote] DEBUG org.apache.http.headers - http-outgoing-9 >> Content-Length: 36
11:39:53.448 [Forwarding findElements on session d94198a6aa3008d5ffaf97f92db0cb0c to remote] DEBUG org.apache.http.headers - http-outgoing-9 >> Host: localhost:26477
11:39:53.448 [Forwarding findElements on session d94198a6aa3008d5ffaf97f92db0cb0c to remote] DEBUG org.apache.http.headers - http-outgoing-9 >> Connection: Keep-Alive
11:39:53.448 [Forwarding findElements on session d94198a6aa3008d5ffaf97f92db0cb0c to remote] DEBUG org.apache.http.headers - http-outgoing-9 >> User-Agent: Apache-HttpClient/4.3.4 (java 1.5)
11:39:53.448 [Forwarding findElements on session d94198a6aa3008d5ffaf97f92db0cb0c to remote] DEBUG org.apache.http.headers - http-outgoing-9 >> Accept-Encoding: gzip,deflate
11:39:53.448 [Forwarding findElements on session d94198a6aa3008d5ffaf97f92db0cb0c to remote] DEBUG org.apache.http.wire - http-outgoing-9 >> "POST /session/d94198a6aa3008d5ffaf97f92db0cb0c/elements HTTP/1.1[\r][\n]"
11:39:53.448 [Forwarding findElements on session d94198a6aa3008d5ffaf97f92db0cb0c to remote] DEBUG org.apache.http.wire - http-outgoing-9 >> "Content-Type: application/json; charset=utf-8[\r][\n]"
11:39:53.448 [Forwarding findElements on session d94198a6aa3008d5ffaf97f92db0cb0c to remote] DEBUG org.apache.http.wire - http-outgoing-9 >> "Content-Length: 36[\r][\n]"
11:39:53.448 [Forwarding findElements on session d94198a6aa3008d5ffaf97f92db0cb0c to remote] DEBUG org.apache.http.wire - http-outgoing-9 >> "Host: localhost:26477[\r][\n]"
11:39:53.449 [Forwarding findElements on session d94198a6aa3008d5ffaf97f92db0cb0c to remote] DEBUG org.apache.http.wire - http-outgoing-9 >> "Connection: Keep-Alive[\r][\n]"
11:39:53.449 [Forwarding findElements on session d94198a6aa3008d5ffaf97f92db0cb0c to remote] DEBUG org.apache.http.wire - http-outgoing-9 >> "User-Agent: Apache-HttpClient/4.3.4 (java 1.5)[\r][\n]"
11:39:53.449 [Forwarding findElements on session d94198a6aa3008d5ffaf97f92db0cb0c to remote] DEBUG org.apache.http.wire - http-outgoing-9 >> "Accept-Encoding: gzip,deflate[\r][\n]"
11:39:53.449 [Forwarding findElements on session d94198a6aa3008d5ffaf97f92db0cb0c to remote] DEBUG org.apache.http.wire - http-outgoing-9 >> "[\r][\n]"
11:39:53.449 [Forwarding findElements on session d94198a6aa3008d5ffaf97f92db0cb0c to remote] DEBUG org.apache.http.wire - http-outgoing-9 >> "{"using":"css selector","value":"a"}"
11:39:53.515 [Forwarding findElements on session d94198a6aa3008d5ffaf97f92db0cb0c to remote] DEBUG org.apache.http.wire - http-outgoing-9 << "HTTP/1.1 200 OK[\r][\n]"
11:39:53.515 [Forwarding findElements on session d94198a6aa3008d5ffaf97f92db0cb0c to remote] DEBUG org.apache.http.wire - http-outgoing-9 << "Content-Length:349[\r][\n]"
11:39:53.515 [Forwarding findElements on session d94198a6aa3008d5ffaf97f92db0cb0c to remote] DEBUG org.apache.http.wire - http-outgoing-9 << "Content-Type:application/json; charset=utf-8[\r][\n]"
11:39:53.515 [Forwarding findElements on session d94198a6aa3008d5ffaf97f92db0cb0c to remote] DEBUG org.apache.http.wire - http-outgoing-9 << "Connection:close[\r][\n]"
11:39:53.515 [Forwarding findElements on session d94198a6aa3008d5ffaf97f92db0cb0c to remote] DEBUG org.apache.http.wire - http-outgoing-9 << "[\r][\n]"
11:39:53.515 [Forwarding findElements on session d94198a6aa3008d5ffaf97f92db0cb0c to remote] DEBUG org.apache.http.wire - http-outgoing-9 << "{"sessionId":"d94198a6aa3008d5ffaf97f92db0cb0c","status":0,"value":[{"ELEMENT":"0.5152662619948387-1"},{"ELEMENT":"0.5152662619948387-2"},{"ELEMENT":"0.5152662619948387-3"},{"ELEMENT":"0.5152662619948387-4"},{"ELEMENT":"0.5152662619948387-5"},{"ELEMENT":"0.5152662619948387-6"},{"ELEMENT":"0.5152662619948387-7"},{"ELEMENT":"0.5152662619948387-8"}]}"
11:39:53.515 [Forwarding findElements on session d94198a6aa3008d5ffaf97f92db0cb0c to remote] DEBUG org.apache.http.headers - http-outgoing-9 << HTTP/1.1 200 OK
11:39:53.515 [Forwarding findElements on session d94198a6aa3008d5ffaf97f92db0cb0c to remote] DEBUG org.apache.http.headers - http-outgoing-9 << Content-Length:349
11:39:53.515 [Forwarding findElements on session d94198a6aa3008d5ffaf97f92db0cb0c to remote] DEBUG org.apache.http.headers - http-outgoing-9 << Content-Type:application/json; charset=utf-8
11:39:53.515 [Forwarding findElements on session d94198a6aa3008d5ffaf97f92db0cb0c to remote] DEBUG org.apache.http.headers - http-outgoing-9 << Connection:close
11:39:53.515 [Forwarding findElements on session d94198a6aa3008d5ffaf97f92db0cb0c to remote] DEBUG o.a.h.i.c.DefaultManagedHttpClientConnection - http-outgoing-9: Shutdown connection
11:39:53.515 [Forwarding findElements on session d94198a6aa3008d5ffaf97f92db0cb0c to remote] DEBUG o.a.h.impl.execchain.MainClientExec - Connection discarded
11:39:53.515 [Forwarding findElements on session d94198a6aa3008d5ffaf97f92db0cb0c to remote] DEBUG o.a.h.i.c.DefaultManagedHttpClientConnection - http-outgoing-9: Close connection
11:39:53.515 [Forwarding findElements on session d94198a6aa3008d5ffaf97f92db0cb0c to remote] DEBUG o.a.h.i.c.PoolingHttpClientConnectionManager - Connection released: [id: 9][route: {}->http://localhost:26477][total kept alive: 0; route allocated: 0 of 2000; total allocated: 0 of 2000]
11:39:53.533 [LittleProxy-ClientToProxyWorker-4] DEBUG o.l.p.impl.ClientToProxyConnection - (AWAITING_INITIAL): Configuring ChannelPipeline
11:39:53.534 [LittleProxy-ClientToProxyWorker-4] DEBUG o.l.p.impl.ClientToProxyConnection - (AWAITING_INITIAL): Created ClientToProxyConnection
11:39:53.534 [LittleProxy-ClientToProxyWorker-4] DEBUG o.l.p.impl.ClientToProxyConnection - (AWAITING_INITIAL) [id: 0x0fdc2dbf, /127.0.0.1:54170 => /127.0.1.1:45224]: Connected
11:39:53.534 [LittleProxy-ClientToProxyWorker-4] DEBUG o.l.p.impl.ClientToProxyConnection - (AWAITING_INITIAL) [id: 0x0fdc2dbf, /127.0.0.1:54170 => /127.0.1.1:45224]: Reading: HttpObjectAggregator$AggregatedFullHttpRequest(decodeResult: success, version: HTTP/1.1, content: CompositeByteBuf(ridx: 0, widx: 0, cap: 0, components=0))
CONNECT localhost:35729 HTTP/1.1
Host: localhost:35729
Proxy-Connection: keep-alive
User-Agent: Mozilla/5.0 (X11; Linux x86_64) AppleWebKit/537.36 (KHTML, like Gecko) Chrome/44.0.2403.130 Safari/537.36
Content-Length: 0
11:39:53.534 [LittleProxy-ClientToProxyWorker-4] DEBUG o.l.p.impl.ClientToProxyConnection - (AWAITING_INITIAL) [id: 0x0fdc2dbf, /127.0.0.1:54170 => /127.0.1.1:45224]: Got request: HttpObjectAggregator$AggregatedFullHttpRequest(decodeResult: success, version: HTTP/1.1, content: CompositeByteBuf(ridx: 0, widx: 0, cap: 0, components=0))
CONNECT localhost:35729 HTTP/1.1
Host: localhost:35729
Proxy-Connection: keep-alive
User-Agent: Mozilla/5.0 (X11; Linux x86_64) AppleWebKit/537.36 (KHTML, like Gecko) Chrome/44.0.2403.130 Safari/537.36
Content-Length: 0
11:39:53.534 [LittleProxy-ClientToProxyWorker-4] DEBUG o.l.p.impl.ClientToProxyConnection - (AWAITING_INITIAL) [id: 0x0fdc2dbf, /127.0.0.1:54170 => /127.0.1.1:45224]: Ensuring that hostAndPort are available in localhost:35729
11:39:53.534 [LittleProxy-ClientToProxyWorker-4] DEBUG o.l.p.impl.ClientToProxyConnection - (AWAITING_INITIAL) [id: 0x0fdc2dbf, /127.0.0.1:54170 => /127.0.1.1:45224]: Finding ProxyToServerConnection for: localhost:35729
11:39:53.534 [LittleProxy-ClientToProxyWorker-4] DEBUG o.l.p.impl.ClientToProxyConnection - (AWAITING_INITIAL) [id: 0x0fdc2dbf, /127.0.0.1:54170 => /127.0.1.1:45224]: Not reusing existing ProxyToServerConnection because request is a CONNECT for: localhost:35729
11:39:53.534 [LittleProxy-ClientToProxyWorker-4] DEBUG o.l.p.impl.ClientToProxyConnection - (AWAITING_INITIAL) [id: 0x0fdc2dbf, /127.0.0.1:54170 => /127.0.1.1:45224]: Modifying request headers for proxying
11:39:53.534 [LittleProxy-ClientToProxyWorker-4] DEBUG o.l.p.impl.ClientToProxyConnection - (AWAITING_INITIAL) [id: 0x0fdc2dbf, /127.0.0.1:54170 => /127.0.1.1:45224]: Modifying request for proxy chaining
11:39:53.534 [LittleProxy-ClientToProxyWorker-4] DEBUG o.l.p.impl.ClientToProxyConnection - (AWAITING_INITIAL) [id: 0x0fdc2dbf, /127.0.0.1:54170 => /127.0.1.1:45224]: Stripped host from uri: localhost:35729    yielding: localhost:35729
11:39:53.535 [LittleProxy-ClientToProxyWorker-4] DEBUG o.l.p.impl.ClientToProxyConnection - (AWAITING_INITIAL) [id: 0x0fdc2dbf, /127.0.0.1:54170 => /127.0.1.1:45224]: Writing request to ProxyToServerConnection
11:39:53.535 [LittleProxy-ClientToProxyWorker-4] DEBUG o.l.p.impl.ProxyToServerConnection - (DISCONNECTED): Requested write of HttpObjectAggregator$AggregatedFullHttpRequest(decodeResult: success, version: HTTP/1.1, content: CompositeByteBuf(ridx: 0, widx: 0, cap: 0, components=0))
CONNECT localhost:35729 HTTP/1.1
Host: localhost:35729
User-Agent: Mozilla/5.0 (X11; Linux x86_64) AppleWebKit/537.36 (KHTML, like Gecko) Chrome/44.0.2403.130 Safari/537.36
Content-Length: 0
Via: 1.1 localhost.localdomain
11:39:53.535 [LittleProxy-ClientToProxyWorker-4] DEBUG o.l.p.impl.ProxyToServerConnection - (DISCONNECTED): Retaining reference counted message
11:39:53.535 [LittleProxy-ClientToProxyWorker-4] DEBUG o.l.p.impl.ProxyToServerConnection - (DISCONNECTED): Currently disconnected, connect and then write the message
11:39:53.535 [LittleProxy-ClientToProxyWorker-4] DEBUG o.l.p.impl.ProxyToServerConnection - (DISCONNECTED): Starting new connection to: localhost/127.0.0.1:35729
11:39:53.536 [LittleProxy-ClientToProxyWorker-4] DEBUG o.l.p.impl.ClientToProxyConnection - (AWAITING_INITIAL) [id: 0x0fdc2dbf, /127.0.0.1:54170 => /127.0.1.1:45224]: Stopped reading
11:39:53.537 [LittleProxy-ClientToProxyWorker-4] DEBUG o.l.p.impl.ProxyToServerConnection - (DISCONNECTED): Processing connection flow step: CONNECTING
11:39:53.537 [LittleProxy-ClientToProxyWorker-4] DEBUG o.l.p.impl.ProxyToServerConnection - (CONNECTING): Connecting to server with TCP
11:39:53.538 [LittleProxy-ProxyToServerWorker-4] DEBUG o.l.p.impl.ProxyToServerConnection - (CONNECTING) [id: 0x3aad8b40, /127.0.0.1:37670 => localhost/127.0.0.1:35729]: ConnectionFlowStep succeeded
11:39:53.538 [LittleProxy-ProxyToServerWorker-4] DEBUG o.l.p.impl.ProxyToServerConnection - (CONNECTING) [id: 0x3aad8b40, /127.0.0.1:37670 => localhost/127.0.0.1:35729]: Processing connection flow step: HANDSHAKING
11:39:53.538 [LittleProxy-ProxyToServerWorker-4] DEBUG o.l.p.impl.ProxyToServerConnection - (HANDSHAKING) [id: 0x3aad8b40, /127.0.0.1:37670 => localhost/127.0.0.1:35729]: Enabling encryption with SSLEngine: 48958577[SSLEngine[hostname=localhost port=35729] SSL_NULL_WITH_NULL_NULL]
11:39:53.542 [LittleProxy-ProxyToServerWorker-4] DEBUG o.l.p.impl.ProxyToServerConnection - (HANDSHAKING) [id: 0x3aad8b40, /127.0.0.1:37670 => localhost/127.0.0.1:35729]: Connected
11:39:53.543 [LittleProxy-ProxyToServerWorker-4] DEBUG o.l.p.impl.ProxyToServerConnection - (HANDSHAKING) [id: 0x3aad8b40, /127.0.0.1:37670 :> localhost/127.0.0.1:35729]: ConnectionFlowStep failed
java.nio.channels.ClosedChannelException: null
11:39:53.543 [LittleProxy-ProxyToServerWorker-4] DEBUG o.l.p.impl.ClientToProxyConnection - (NEGOTIATING_CONNECT) [id: 0x0fdc2dbf, /127.0.0.1:54170 => /127.0.1.1:45224]: All servers have finished attempting to connect, resuming reading from client.
11:39:53.543 [LittleProxy-ProxyToServerWorker-4] DEBUG o.l.p.impl.ClientToProxyConnection - (NEGOTIATING_CONNECT) [id: 0x0fdc2dbf, /127.0.0.1:54170 => /127.0.1.1:45224]: Resumed reading
11:39:53.543 [LittleProxy-ProxyToServerWorker-4] DEBUG o.l.p.impl.ClientToProxyConnection - (NEGOTIATING_CONNECT) [id: 0x0fdc2dbf, /127.0.0.1:54170 => /127.0.1.1:45224]: Connection to server failed: localhost/127.0.0.1:35729.  Last state before failure: HANDSHAKING
11:39:53.543 [LittleProxy-ProxyToServerWorker-4] DEBUG o.l.p.impl.ClientToProxyConnection - (NEGOTIATING_CONNECT) [id: 0x0fdc2dbf, /127.0.0.1:54170 => /127.0.1.1:45224]: Retaining reference counted message
11:39:53.543 [LittleProxy-ProxyToServerWorker-4] DEBUG o.l.p.impl.ClientToProxyConnection - (NEGOTIATING_CONNECT) [id: 0x0fdc2dbf, /127.0.0.1:54170 => /127.0.1.1:45224]: Writing: DefaultFullHttpResponse(decodeResult: success, version: HTTP/1.1, content: UnpooledHeapByteBuf(ridx: 0, widx: 28, cap: 28/28))
HTTP/1.1 502 Bad Gateway
Content-Length: 28
Content-Type: text/html; charset=UTF-8
11:39:53.543 [LittleProxy-ProxyToServerWorker-4] DEBUG o.l.p.impl.ClientToProxyConnection - (NEGOTIATING_CONNECT) [id: 0x0fdc2dbf, /127.0.0.1:54170 => /127.0.1.1:45224]: Writing an empty buffer to signal the end of our chunked transfer
11:39:53.543 [LittleProxy-ProxyToServerWorker-4] DEBUG o.l.p.impl.ClientToProxyConnection - (NEGOTIATING_CONNECT) [id: 0x0fdc2dbf, /127.0.0.1:54170 => /127.0.1.1:45224]: Wrote: DefaultFullHttpResponse(decodeResult: success, version: HTTP/1.1, content: UnpooledHeapByteBuf(ridx: 0, widx: 28, cap: 28/28))
HTTP/1.1 502 Bad Gateway
Content-Length: 28
Content-Type: text/html; charset=UTF-8
11:39:53.543 [LittleProxy-ProxyToServerWorker-4] DEBUG o.l.p.impl.ClientToProxyConnection - (NEGOTIATING_CONNECT) [id: 0x0fdc2dbf, /127.0.0.1:54170 => /127.0.1.1:45224]: Retaining reference counted message
11:39:53.543 [LittleProxy-ProxyToServerWorker-4] DEBUG o.l.p.impl.ClientToProxyConnection - (NEGOTIATING_CONNECT) [id: 0x0fdc2dbf, /127.0.0.1:54170 => /127.0.1.1:45224]: Writing: EmptyByteBufBE
11:39:53.543 [LittleProxy-ProxyToServerWorker-4] DEBUG o.l.p.impl.ClientToProxyConnection - (NEGOTIATING_CONNECT) [id: 0x0fdc2dbf, /127.0.0.1:54170 => /127.0.1.1:45224]: Wrote: EmptyByteBufBE
11:39:53.543 [LittleProxy-ProxyToServerWorker-4] DEBUG o.l.p.impl.ProxyToServerConnection - (DISCONNECTED) [id: 0x3aad8b40, /127.0.0.1:37670 :> localhost/127.0.0.1:35729]: Disconnected
11:39:53.544 [LittleProxy-ClientToProxyWorker-4] DEBUG o.l.p.impl.ClientToProxyConnection - (DISCONNECTED) [id: 0x0fdc2dbf, /127.0.0.1:54170 :> /127.0.1.1:45224]: Disconnected
11:39:53.929 [Forwarding getElementText on session d94198a6aa3008d5ffaf97f92db0cb0c to remote] DEBUG o.a.h.c.protocol.RequestAddCookies - CookieSpec selected: best-match
11:39:53.929 [Forwarding getElementText on session d94198a6aa3008d5ffaf97f92db0cb0c to remote] DEBUG o.a.h.c.protocol.RequestAuthCache - Auth cache not set in the context
11:39:53.929 [Forwarding getElementText on session d94198a6aa3008d5ffaf97f92db0cb0c to remote] DEBUG o.a.h.i.c.PoolingHttpClientConnectionManager - Connection request: [route: {}->http://localhost:26477][total kept alive: 0; route allocated: 0 of 2000; total allocated: 0 of 2000]
11:39:53.929 [Forwarding getElementText on session d94198a6aa3008d5ffaf97f92db0cb0c to remote] DEBUG o.a.h.i.c.PoolingHttpClientConnectionManager - Connection leased: [id: 10][route: {}->http://localhost:26477][total kept alive: 0; route allocated: 1 of 2000; total allocated: 1 of 2000]
11:39:53.929 [Forwarding getElementText on session d94198a6aa3008d5ffaf97f92db0cb0c to remote] DEBUG o.a.h.impl.execchain.MainClientExec - Opening connection {}->http://localhost:26477
11:39:53.929 [Forwarding getElementText on session d94198a6aa3008d5ffaf97f92db0cb0c to remote] DEBUG o.a.h.i.c.HttpClientConnectionOperator - Connecting to localhost/127.0.0.1:26477
11:39:53.929 [Forwarding getElementText on session d94198a6aa3008d5ffaf97f92db0cb0c to remote] DEBUG o.a.h.i.c.HttpClientConnectionOperator - Connection established 127.0.0.1:57276<->127.0.0.1:26477
11:39:53.930 [Forwarding getElementText on session d94198a6aa3008d5ffaf97f92db0cb0c to remote] DEBUG o.a.h.impl.execchain.MainClientExec - Executing request GET /session/d94198a6aa3008d5ffaf97f92db0cb0c/element/0.5152662619948387-1/text HTTP/1.1
11:39:53.930 [Forwarding getElementText on session d94198a6aa3008d5ffaf97f92db0cb0c to remote] DEBUG o.a.h.impl.execchain.MainClientExec - Target auth state: UNCHALLENGED
11:39:53.930 [Forwarding getElementText on session d94198a6aa3008d5ffaf97f92db0cb0c to remote] DEBUG o.a.h.impl.execchain.MainClientExec - Proxy auth state: UNCHALLENGED
11:39:53.930 [Forwarding getElementText on session d94198a6aa3008d5ffaf97f92db0cb0c to remote] DEBUG org.apache.http.headers - http-outgoing-10 >> GET /session/d94198a6aa3008d5ffaf97f92db0cb0c/element/0.5152662619948387-1/text HTTP/1.1
11:39:53.930 [Forwarding getElementText on session d94198a6aa3008d5ffaf97f92db0cb0c to remote] DEBUG org.apache.http.headers - http-outgoing-10 >> Cache-Control: no-cache
11:39:53.930 [Forwarding getElementText on session d94198a6aa3008d5ffaf97f92db0cb0c to remote] DEBUG org.apache.http.headers - http-outgoing-10 >> Host: localhost:26477
11:39:53.930 [Forwarding getElementText on session d94198a6aa3008d5ffaf97f92db0cb0c to remote] DEBUG org.apache.http.headers - http-outgoing-10 >> Connection: Keep-Alive
11:39:53.930 [Forwarding getElementText on session d94198a6aa3008d5ffaf97f92db0cb0c to remote] DEBUG org.apache.http.headers - http-outgoing-10 >> User-Agent: Apache-HttpClient/4.3.4 (java 1.5)
11:39:53.930 [Forwarding getElementText on session d94198a6aa3008d5ffaf97f92db0cb0c to remote] DEBUG org.apache.http.headers - http-outgoing-10 >> Accept-Encoding: gzip,deflate
11:39:53.930 [Forwarding getElementText on session d94198a6aa3008d5ffaf97f92db0cb0c to remote] DEBUG org.apache.http.wire - http-outgoing-10 >> "GET /session/d94198a6aa3008d5ffaf97f92db0cb0c/element/0.5152662619948387-1/text HTTP/1.1[\r][\n]"
11:39:53.930 [Forwarding getElementText on session d94198a6aa3008d5ffaf97f92db0cb0c to remote] DEBUG org.apache.http.wire - http-outgoing-10 >> "Cache-Control: no-cache[\r][\n]"
11:39:53.930 [Forwarding getElementText on session d94198a6aa3008d5ffaf97f92db0cb0c to remote] DEBUG org.apache.http.wire - http-outgoing-10 >> "Host: localhost:26477[\r][\n]"
11:39:53.930 [Forwarding getElementText on session d94198a6aa3008d5ffaf97f92db0cb0c to remote] DEBUG org.apache.http.wire - http-outgoing-10 >> "Connection: Keep-Alive[\r][\n]"
11:39:53.930 [Forwarding getElementText on session d94198a6aa3008d5ffaf97f92db0cb0c to remote] DEBUG org.apache.http.wire - http-outgoing-10 >> "User-Agent: Apache-HttpClient/4.3.4 (java 1.5)[\r][\n]"
11:39:53.930 [Forwarding getElementText on session d94198a6aa3008d5ffaf97f92db0cb0c to remote] DEBUG org.apache.http.wire - http-outgoing-10 >> "Accept-Encoding: gzip,deflate[\r][\n]"
11:39:53.930 [Forwarding getElementText on session d94198a6aa3008d5ffaf97f92db0cb0c to remote] DEBUG org.apache.http.wire - http-outgoing-10 >> "[\r][\n]"
11:39:53.955 [Forwarding getElementText on session d94198a6aa3008d5ffaf97f92db0cb0c to remote] DEBUG org.apache.http.wire - http-outgoing-10 << "HTTP/1.1 200 OK[\r][\n]"
11:39:53.955 [Forwarding getElementText on session d94198a6aa3008d5ffaf97f92db0cb0c to remote] DEBUG org.apache.http.wire - http-outgoing-10 << "Content-Length:79[\r][\n]"
11:39:53.955 [Forwarding getElementText on session d94198a6aa3008d5ffaf97f92db0cb0c to remote] DEBUG org.apache.http.wire - http-outgoing-10 << "Content-Type:application/json; charset=utf-8[\r][\n]"
11:39:53.955 [Forwarding getElementText on session d94198a6aa3008d5ffaf97f92db0cb0c to remote] DEBUG org.apache.http.wire - http-outgoing-10 << "Connection:close[\r][\n]"
11:39:53.955 [Forwarding getElementText on session d94198a6aa3008d5ffaf97f92db0cb0c to remote] DEBUG org.apache.http.wire - http-outgoing-10 << "[\r][\n]"
11:39:53.955 [Forwarding getElementText on session d94198a6aa3008d5ffaf97f92db0cb0c to remote] DEBUG org.apache.http.wire - http-outgoing-10 << "{"sessionId":"d94198a6aa3008d5ffaf97f92db0cb0c","status":0,"value":"Campaigns"}"
11:39:53.955 [Forwarding getElementText on session d94198a6aa3008d5ffaf97f92db0cb0c to remote] DEBUG org.apache.http.headers - http-outgoing-10 << HTTP/1.1 200 OK
11:39:53.955 [Forwarding getElementText on session d94198a6aa3008d5ffaf97f92db0cb0c to remote] DEBUG org.apache.http.headers - http-outgoing-10 << Content-Length:79
11:39:53.955 [Forwarding getElementText on session d94198a6aa3008d5ffaf97f92db0cb0c to remote] DEBUG org.apache.http.headers - http-outgoing-10 << Content-Type:application/json; charset=utf-8
11:39:53.955 [Forwarding getElementText on session d94198a6aa3008d5ffaf97f92db0cb0c to remote] DEBUG org.apache.http.headers - http-outgoing-10 << Connection:close
11:39:53.956 [Forwarding getElementText on session d94198a6aa3008d5ffaf97f92db0cb0c to remote] DEBUG o.a.h.i.c.DefaultManagedHttpClientConnection - http-outgoing-10: Shutdown connection
11:39:53.956 [Forwarding getElementText on session d94198a6aa3008d5ffaf97f92db0cb0c to remote] DEBUG o.a.h.impl.execchain.MainClientExec - Connection discarded
11:39:53.956 [Forwarding getElementText on session d94198a6aa3008d5ffaf97f92db0cb0c to remote] DEBUG o.a.h.i.c.DefaultManagedHttpClientConnection - http-outgoing-10: Close connection
11:39:53.956 [Forwarding getElementText on session d94198a6aa3008d5ffaf97f92db0cb0c to remote] DEBUG o.a.h.i.c.PoolingHttpClientConnectionManager - Connection released: [id: 10][route: {}->http://localhost:26477][total kept alive: 0; route allocated: 0 of 2000; total allocated: 0 of 2000]
11:39:53.957 [Forwarding getElementText on session d94198a6aa3008d5ffaf97f92db0cb0c to remote] DEBUG o.a.h.c.protocol.RequestAddCookies - CookieSpec selected: best-match
11:39:53.957 [Forwarding getElementText on session d94198a6aa3008d5ffaf97f92db0cb0c to remote] DEBUG o.a.h.c.protocol.RequestAuthCache - Auth cache not set in the context
11:39:53.957 [Forwarding getElementText on session d94198a6aa3008d5ffaf97f92db0cb0c to remote] DEBUG o.a.h.i.c.PoolingHttpClientConnectionManager - Connection request: [route: {}->http://localhost:26477][total kept alive: 0; route allocated: 0 of 2000; total allocated: 0 of 2000]
11:39:53.958 [Forwarding getElementText on session d94198a6aa3008d5ffaf97f92db0cb0c to remote] DEBUG o.a.h.i.c.PoolingHttpClientConnectionManager - Connection leased: [id: 11][route: {}->http://localhost:26477][total kept alive: 0; route allocated: 1 of 2000; total allocated: 1 of 2000]
11:39:53.958 [Forwarding getElementText on session d94198a6aa3008d5ffaf97f92db0cb0c to remote] DEBUG o.a.h.impl.execchain.MainClientExec - Opening connection {}->http://localhost:26477
11:39:53.958 [Forwarding getElementText on session d94198a6aa3008d5ffaf97f92db0cb0c to remote] DEBUG o.a.h.i.c.HttpClientConnectionOperator - Connecting to localhost/127.0.0.1:26477
11:39:53.958 [Forwarding getElementText on session d94198a6aa3008d5ffaf97f92db0cb0c to remote] DEBUG o.a.h.i.c.HttpClientConnectionOperator - Connection established 127.0.0.1:57277<->127.0.0.1:26477
11:39:53.958 [Forwarding getElementText on session d94198a6aa3008d5ffaf97f92db0cb0c to remote] DEBUG o.a.h.impl.execchain.MainClientExec - Executing request GET /session/d94198a6aa3008d5ffaf97f92db0cb0c/element/0.5152662619948387-2/text HTTP/1.1
11:39:53.958 [Forwarding getElementText on session d94198a6aa3008d5ffaf97f92db0cb0c to remote] DEBUG o.a.h.impl.execchain.MainClientExec - Target auth state: UNCHALLENGED
11:39:53.958 [Forwarding getElementText on session d94198a6aa3008d5ffaf97f92db0cb0c to remote] DEBUG o.a.h.impl.execchain.MainClientExec - Proxy auth state: UNCHALLENGED
11:39:53.958 [Forwarding getElementText on session d94198a6aa3008d5ffaf97f92db0cb0c to remote] DEBUG org.apache.http.headers - http-outgoing-11 >> GET /session/d94198a6aa3008d5ffaf97f92db0cb0c/element/0.5152662619948387-2/text HTTP/1.1
11:39:53.958 [Forwarding getElementText on session d94198a6aa3008d5ffaf97f92db0cb0c to remote] DEBUG org.apache.http.headers - http-outgoing-11 >> Cache-Control: no-cache
11:39:53.958 [Forwarding getElementText on session d94198a6aa3008d5ffaf97f92db0cb0c to remote] DEBUG org.apache.http.headers - http-outgoing-11 >> Host: localhost:26477
11:39:53.958 [Forwarding getElementText on session d94198a6aa3008d5ffaf97f92db0cb0c to remote] DEBUG org.apache.http.headers - http-outgoing-11 >> Connection: Keep-Alive
11:39:53.958 [Forwarding getElementText on session d94198a6aa3008d5ffaf97f92db0cb0c to remote] DEBUG org.apache.http.headers - http-outgoing-11 >> User-Agent: Apache-HttpClient/4.3.4 (java 1.5)
11:39:53.958 [Forwarding getElementText on session d94198a6aa3008d5ffaf97f92db0cb0c to remote] DEBUG org.apache.http.headers - http-outgoing-11 >> Accept-Encoding: gzip,deflate
11:39:53.958 [Forwarding getElementText on session d94198a6aa3008d5ffaf97f92db0cb0c to remote] DEBUG org.apache.http.wire - http-outgoing-11 >> "GET /session/d94198a6aa3008d5ffaf97f92db0cb0c/element/0.5152662619948387-2/text HTTP/1.1[\r][\n]"
11:39:53.958 [Forwarding getElementText on session d94198a6aa3008d5ffaf97f92db0cb0c to remote] DEBUG org.apache.http.wire - http-outgoing-11 >> "Cache-Control: no-cache[\r][\n]"
11:39:53.958 [Forwarding getElementText on session d94198a6aa3008d5ffaf97f92db0cb0c to remote] DEBUG org.apache.http.wire - http-outgoing-11 >> "Host: localhost:26477[\r][\n]"
11:39:53.958 [Forwarding getElementText on session d94198a6aa3008d5ffaf97f92db0cb0c to remote] DEBUG org.apache.http.wire - http-outgoing-11 >> "Connection: Keep-Alive[\r][\n]"
11:39:53.958 [Forwarding getElementText on session d94198a6aa3008d5ffaf97f92db0cb0c to remote] DEBUG org.apache.http.wire - http-outgoing-11 >> "User-Agent: Apache-HttpClient/4.3.4 (java 1.5)[\r][\n]"
11:39:53.958 [Forwarding getElementText on session d94198a6aa3008d5ffaf97f92db0cb0c to remote] DEBUG org.apache.http.wire - http-outgoing-11 >> "Accept-Encoding: gzip,deflate[\r][\n]"
11:39:53.958 [Forwarding getElementText on session d94198a6aa3008d5ffaf97f92db0cb0c to remote] DEBUG org.apache.http.wire - http-outgoing-11 >> "[\r][\n]"
11:39:53.979 [Forwarding getElementText on session d94198a6aa3008d5ffaf97f92db0cb0c to remote] DEBUG org.apache.http.wire - http-outgoing-11 << "HTTP/1.1 200 OK[\r][\n]"
11:39:53.979 [Forwarding getElementText on session d94198a6aa3008d5ffaf97f92db0cb0c to remote] DEBUG org.apache.http.wire - http-outgoing-11 << "Content-Length:70[\r][\n]"
11:39:53.979 [Forwarding getElementText on session d94198a6aa3008d5ffaf97f92db0cb0c to remote] DEBUG org.apache.http.wire - http-outgoing-11 << "Content-Type:application/json; charset=utf-8[\r][\n]"
11:39:53.979 [Forwarding getElementText on session d94198a6aa3008d5ffaf97f92db0cb0c to remote] DEBUG org.apache.http.wire - http-outgoing-11 << "Connection:close[\r][\n]"
11:39:53.979 [Forwarding getElementText on session d94198a6aa3008d5ffaf97f92db0cb0c to remote] DEBUG org.apache.http.wire - http-outgoing-11 << "[\r][\n]"
11:39:53.979 [Forwarding getElementText on session d94198a6aa3008d5ffaf97f92db0cb0c to remote] DEBUG org.apache.http.wire - http-outgoing-11 << "{"sessionId":"d94198a6aa3008d5ffaf97f92db0cb0c","status":0,"value":""}"
11:39:53.979 [Forwarding getElementText on session d94198a6aa3008d5ffaf97f92db0cb0c to remote] DEBUG org.apache.http.headers - http-outgoing-11 << HTTP/1.1 200 OK
11:39:53.979 [Forwarding getElementText on session d94198a6aa3008d5ffaf97f92db0cb0c to remote] DEBUG org.apache.http.headers - http-outgoing-11 << Content-Length:70
11:39:53.979 [Forwarding getElementText on session d94198a6aa3008d5ffaf97f92db0cb0c to remote] DEBUG org.apache.http.headers - http-outgoing-11 << Content-Type:application/json; charset=utf-8
11:39:53.979 [Forwarding getElementText on session d94198a6aa3008d5ffaf97f92db0cb0c to remote] DEBUG org.apache.http.headers - http-outgoing-11 << Connection:close
11:39:53.980 [Forwarding getElementText on session d94198a6aa3008d5ffaf97f92db0cb0c to remote] DEBUG o.a.h.i.c.DefaultManagedHttpClientConnection - http-outgoing-11: Shutdown connection
11:39:53.980 [Forwarding getElementText on session d94198a6aa3008d5ffaf97f92db0cb0c to remote] DEBUG o.a.h.impl.execchain.MainClientExec - Connection discarded
11:39:53.980 [Forwarding getElementText on session d94198a6aa3008d5ffaf97f92db0cb0c to remote] DEBUG o.a.h.i.c.DefaultManagedHttpClientConnection - http-outgoing-11: Close connection
11:39:53.980 [Forwarding getElementText on session d94198a6aa3008d5ffaf97f92db0cb0c to remote] DEBUG o.a.h.i.c.PoolingHttpClientConnectionManager - Connection released: [id: 11][route: {}->http://localhost:26477][total kept alive: 0; route allocated: 0 of 2000; total allocated: 0 of 2000]
11:39:53.981 [Forwarding getElementText on session d94198a6aa3008d5ffaf97f92db0cb0c to remote] DEBUG o.a.h.c.protocol.RequestAddCookies - CookieSpec selected: best-match
11:39:53.981 [Forwarding getElementText on session d94198a6aa3008d5ffaf97f92db0cb0c to remote] DEBUG o.a.h.c.protocol.RequestAuthCache - Auth cache not set in the context
11:39:53.981 [Forwarding getElementText on session d94198a6aa3008d5ffaf97f92db0cb0c to remote] DEBUG o.a.h.i.c.PoolingHttpClientConnectionManager - Connection request: [route: {}->http://localhost:26477][total kept alive: 0; route allocated: 0 of 2000; total allocated: 0 of 2000]
11:39:53.981 [Forwarding getElementText on session d94198a6aa3008d5ffaf97f92db0cb0c to remote] DEBUG o.a.h.i.c.PoolingHttpClientConnectionManager - Connection leased: [id: 12][route: {}->http://localhost:26477][total kept alive: 0; route allocated: 1 of 2000; total allocated: 1 of 2000]
11:39:53.981 [Forwarding getElementText on session d94198a6aa3008d5ffaf97f92db0cb0c to remote] DEBUG o.a.h.impl.execchain.MainClientExec - Opening connection {}->http://localhost:26477
11:39:53.981 [Forwarding getElementText on session d94198a6aa3008d5ffaf97f92db0cb0c to remote] DEBUG o.a.h.i.c.HttpClientConnectionOperator - Connecting to localhost/127.0.0.1:26477
11:39:53.981 [Forwarding getElementText on session d94198a6aa3008d5ffaf97f92db0cb0c to remote] DEBUG o.a.h.i.c.HttpClientConnectionOperator - Connection established 127.0.0.1:57278<->127.0.0.1:26477
11:39:53.981 [Forwarding getElementText on session d94198a6aa3008d5ffaf97f92db0cb0c to remote] DEBUG o.a.h.impl.execchain.MainClientExec - Executing request GET /session/d94198a6aa3008d5ffaf97f92db0cb0c/element/0.5152662619948387-3/text HTTP/1.1
11:39:53.981 [Forwarding getElementText on session d94198a6aa3008d5ffaf97f92db0cb0c to remote] DEBUG o.a.h.impl.execchain.MainClientExec - Target auth state: UNCHALLENGED
11:39:53.981 [Forwarding getElementText on session d94198a6aa3008d5ffaf97f92db0cb0c to remote] DEBUG o.a.h.impl.execchain.MainClientExec - Proxy auth state: UNCHALLENGED
11:39:53.981 [Forwarding getElementText on session d94198a6aa3008d5ffaf97f92db0cb0c to remote] DEBUG org.apache.http.headers - http-outgoing-12 >> GET /session/d94198a6aa3008d5ffaf97f92db0cb0c/element/0.5152662619948387-3/text HTTP/1.1
11:39:53.981 [Forwarding getElementText on session d94198a6aa3008d5ffaf97f92db0cb0c to remote] DEBUG org.apache.http.headers - http-outgoing-12 >> Cache-Control: no-cache
11:39:53.981 [Forwarding getElementText on session d94198a6aa3008d5ffaf97f92db0cb0c to remote] DEBUG org.apache.http.headers - http-outgoing-12 >> Host: localhost:26477
11:39:53.981 [Forwarding getElementText on session d94198a6aa3008d5ffaf97f92db0cb0c to remote] DEBUG org.apache.http.headers - http-outgoing-12 >> Connection: Keep-Alive
11:39:53.981 [Forwarding getElementText on session d94198a6aa3008d5ffaf97f92db0cb0c to remote] DEBUG org.apache.http.headers - http-outgoing-12 >> User-Agent: Apache-HttpClient/4.3.4 (java 1.5)
11:39:53.981 [Forwarding getElementText on session d94198a6aa3008d5ffaf97f92db0cb0c to remote] DEBUG org.apache.http.headers - http-outgoing-12 >> Accept-Encoding: gzip,deflate
11:39:53.981 [Forwarding getElementText on session d94198a6aa3008d5ffaf97f92db0cb0c to remote] DEBUG org.apache.http.wire - http-outgoing-12 >> "GET /session/d94198a6aa3008d5ffaf97f92db0cb0c/element/0.5152662619948387-3/text HTTP/1.1[\r][\n]"
11:39:53.981 [Forwarding getElementText on session d94198a6aa3008d5ffaf97f92db0cb0c to remote] DEBUG org.apache.http.wire - http-outgoing-12 >> "Cache-Control: no-cache[\r][\n]"
11:39:53.981 [Forwarding getElementText on session d94198a6aa3008d5ffaf97f92db0cb0c to remote] DEBUG org.apache.http.wire - http-outgoing-12 >> "Host: localhost:26477[\r][\n]"
11:39:53.981 [Forwarding getElementText on session d94198a6aa3008d5ffaf97f92db0cb0c to remote] DEBUG org.apache.http.wire - http-outgoing-12 >> "Connection: Keep-Alive[\r][\n]"
11:39:53.981 [Forwarding getElementText on session d94198a6aa3008d5ffaf97f92db0cb0c to remote] DEBUG org.apache.http.wire - http-outgoing-12 >> "User-Agent: Apache-HttpClient/4.3.4 (java 1.5)[\r][\n]"
11:39:53.981 [Forwarding getElementText on session d94198a6aa3008d5ffaf97f92db0cb0c to remote] DEBUG org.apache.http.wire - http-outgoing-12 >> "Accept-Encoding: gzip,deflate[\r][\n]"
11:39:53.981 [Forwarding getElementText on session d94198a6aa3008d5ffaf97f92db0cb0c to remote] DEBUG org.apache.http.wire - http-outgoing-12 >> "[\r][\n]"
11:39:54.001 [Forwarding getElementText on session d94198a6aa3008d5ffaf97f92db0cb0c to remote] DEBUG org.apache.http.wire - http-outgoing-12 << "HTTP/1.1 200 OK[\r][\n]"
11:39:54.001 [Forwarding getElementText on session d94198a6aa3008d5ffaf97f92db0cb0c to remote] DEBUG org.apache.http.wire - http-outgoing-12 << "Content-Length:85[\r][\n]"
11:39:54.001 [Forwarding getElementText on session d94198a6aa3008d5ffaf97f92db0cb0c to remote] DEBUG org.apache.http.wire - http-outgoing-12 << "Content-Type:application/json; charset=utf-8[\r][\n]"
11:39:54.001 [Forwarding getElementText on session d94198a6aa3008d5ffaf97f92db0cb0c to remote] DEBUG org.apache.http.wire - http-outgoing-12 << "Connection:close[\r][\n]"
11:39:54.001 [Forwarding getElementText on session d94198a6aa3008d5ffaf97f92db0cb0c to remote] DEBUG org.apache.http.wire - http-outgoing-12 << "[\r][\n]"
11:39:54.001 [Forwarding getElementText on session d94198a6aa3008d5ffaf97f92db0cb0c to remote] DEBUG org.apache.http.wire - http-outgoing-12 << "{"sessionId":"d94198a6aa3008d5ffaf97f92db0cb0c","status":0,"value":"Search Vouchers"}"
11:39:54.001 [Forwarding getElementText on session d94198a6aa3008d5ffaf97f92db0cb0c to remote] DEBUG org.apache.http.headers - http-outgoing-12 << HTTP/1.1 200 OK
11:39:54.001 [Forwarding getElementText on session d94198a6aa3008d5ffaf97f92db0cb0c to remote] DEBUG org.apache.http.headers - http-outgoing-12 << Content-Length:85
11:39:54.001 [Forwarding getElementText on session d94198a6aa3008d5ffaf97f92db0cb0c to remote] DEBUG org.apache.http.headers - http-outgoing-12 << Content-Type:application/json; charset=utf-8
11:39:54.001 [Forwarding getElementText on session d94198a6aa3008d5ffaf97f92db0cb0c to remote] DEBUG org.apache.http.headers - http-outgoing-12 << Connection:close
11:39:54.001 [Forwarding getElementText on session d94198a6aa3008d5ffaf97f92db0cb0c to remote] DEBUG o.a.h.i.c.DefaultManagedHttpClientConnection - http-outgoing-12: Shutdown connection
11:39:54.002 [Forwarding getElementText on session d94198a6aa3008d5ffaf97f92db0cb0c to remote] DEBUG o.a.h.impl.execchain.MainClientExec - Connection discarded
11:39:54.002 [Forwarding getElementText on session d94198a6aa3008d5ffaf97f92db0cb0c to remote] DEBUG o.a.h.i.c.DefaultManagedHttpClientConnection - http-outgoing-12: Close connection
11:39:54.002 [Forwarding getElementText on session d94198a6aa3008d5ffaf97f92db0cb0c to remote] DEBUG o.a.h.i.c.PoolingHttpClientConnectionManager - Connection released: [id: 12][route: {}->http://localhost:26477][total kept alive: 0; route allocated: 0 of 2000; total allocated: 0 of 2000]
11:39:54.002 [Forwarding getElementText on session d94198a6aa3008d5ffaf97f92db0cb0c to remote] DEBUG o.a.h.c.protocol.RequestAddCookies - CookieSpec selected: best-match
11:39:54.002 [Forwarding getElementText on session d94198a6aa3008d5ffaf97f92db0cb0c to remote] DEBUG o.a.h.c.protocol.RequestAuthCache - Auth cache not set in the context
11:39:54.003 [Forwarding getElementText on session d94198a6aa3008d5ffaf97f92db0cb0c to remote] DEBUG o.a.h.i.c.PoolingHttpClientConnectionManager - Connection request: [route: {}->http://localhost:26477][total kept alive: 0; route allocated: 0 of 2000; total allocated: 0 of 2000]
11:39:54.003 [Forwarding getElementText on session d94198a6aa3008d5ffaf97f92db0cb0c to remote] DEBUG o.a.h.i.c.PoolingHttpClientConnectionManager - Connection leased: [id: 13][route: {}->http://localhost:26477][total kept alive: 0; route allocated: 1 of 2000; total allocated: 1 of 2000]
11:39:54.003 [Forwarding getElementText on session d94198a6aa3008d5ffaf97f92db0cb0c to remote] DEBUG o.a.h.impl.execchain.MainClientExec - Opening connection {}->http://localhost:26477
11:39:54.003 [Forwarding getElementText on session d94198a6aa3008d5ffaf97f92db0cb0c to remote] DEBUG o.a.h.i.c.HttpClientConnectionOperator - Connecting to localhost/127.0.0.1:26477
11:39:54.003 [Forwarding getElementText on session d94198a6aa3008d5ffaf97f92db0cb0c to remote] DEBUG o.a.h.i.c.HttpClientConnectionOperator - Connection established 127.0.0.1:57279<->127.0.0.1:26477
11:39:54.003 [Forwarding getElementText on session d94198a6aa3008d5ffaf97f92db0cb0c to remote] DEBUG o.a.h.impl.execchain.MainClientExec - Executing request GET /session/d94198a6aa3008d5ffaf97f92db0cb0c/element/0.5152662619948387-4/text HTTP/1.1
11:39:54.003 [Forwarding getElementText on session d94198a6aa3008d5ffaf97f92db0cb0c to remote] DEBUG o.a.h.impl.execchain.MainClientExec - Target auth state: UNCHALLENGED
11:39:54.003 [Forwarding getElementText on session d94198a6aa3008d5ffaf97f92db0cb0c to remote] DEBUG o.a.h.impl.execchain.MainClientExec - Proxy auth state: UNCHALLENGED
11:39:54.003 [Forwarding getElementText on session d94198a6aa3008d5ffaf97f92db0cb0c to remote] DEBUG org.apache.http.headers - http-outgoing-13 >> GET /session/d94198a6aa3008d5ffaf97f92db0cb0c/element/0.5152662619948387-4/text HTTP/1.1
11:39:54.003 [Forwarding getElementText on session d94198a6aa3008d5ffaf97f92db0cb0c to remote] DEBUG org.apache.http.headers - http-outgoing-13 >> Cache-Control: no-cache
11:39:54.003 [Forwarding getElementText on session d94198a6aa3008d5ffaf97f92db0cb0c to remote] DEBUG org.apache.http.headers - http-outgoing-13 >> Host: localhost:26477
11:39:54.003 [Forwarding getElementText on session d94198a6aa3008d5ffaf97f92db0cb0c to remote] DEBUG org.apache.http.headers - http-outgoing-13 >> Connection: Keep-Alive
11:39:54.003 [Forwarding getElementText on session d94198a6aa3008d5ffaf97f92db0cb0c to remote] DEBUG org.apache.http.headers - http-outgoing-13 >> User-Agent: Apache-HttpClient/4.3.4 (java 1.5)
11:39:54.003 [Forwarding getElementText on session d94198a6aa3008d5ffaf97f92db0cb0c to remote] DEBUG org.apache.http.headers - http-outgoing-13 >> Accept-Encoding: gzip,deflate
11:39:54.003 [Forwarding getElementText on session d94198a6aa3008d5ffaf97f92db0cb0c to remote] DEBUG org.apache.http.wire - http-outgoing-13 >> "GET /session/d94198a6aa3008d5ffaf97f92db0cb0c/element/0.5152662619948387-4/text HTTP/1.1[\r][\n]"
11:39:54.003 [Forwarding getElementText on session d94198a6aa3008d5ffaf97f92db0cb0c to remote] DEBUG org.apache.http.wire - http-outgoing-13 >> "Cache-Control: no-cache[\r][\n]"
11:39:54.003 [Forwarding getElementText on session d94198a6aa3008d5ffaf97f92db0cb0c to remote] DEBUG org.apache.http.wire - http-outgoing-13 >> "Host: localhost:26477[\r][\n]"
11:39:54.003 [Forwarding getElementText on session d94198a6aa3008d5ffaf97f92db0cb0c to remote] DEBUG org.apache.http.wire - http-outgoing-13 >> "Connection: Keep-Alive[\r][\n]"
11:39:54.003 [Forwarding getElementText on session d94198a6aa3008d5ffaf97f92db0cb0c to remote] DEBUG org.apache.http.wire - http-outgoing-13 >> "User-Agent: Apache-HttpClient/4.3.4 (java 1.5)[\r][\n]"
11:39:54.003 [Forwarding getElementText on session d94198a6aa3008d5ffaf97f92db0cb0c to remote] DEBUG org.apache.http.wire - http-outgoing-13 >> "Accept-Encoding: gzip,deflate[\r][\n]"
11:39:54.003 [Forwarding getElementText on session d94198a6aa3008d5ffaf97f92db0cb0c to remote] DEBUG org.apache.http.wire - http-outgoing-13 >> "[\r][\n]"
11:39:54.022 [Forwarding getElementText on session d94198a6aa3008d5ffaf97f92db0cb0c to remote] DEBUG org.apache.http.wire - http-outgoing-13 << "HTTP/1.1 200 OK[\r][\n]"
11:39:54.022 [Forwarding getElementText on session d94198a6aa3008d5ffaf97f92db0cb0c to remote] DEBUG org.apache.http.wire - http-outgoing-13 << "Content-Length:84[\r][\n]"
11:39:54.022 [Forwarding getElementText on session d94198a6aa3008d5ffaf97f92db0cb0c to remote] DEBUG org.apache.http.wire - http-outgoing-13 << "Content-Type:application/json; charset=utf-8[\r][\n]"
11:39:54.022 [Forwarding getElementText on session d94198a6aa3008d5ffaf97f92db0cb0c to remote] DEBUG org.apache.http.wire - http-outgoing-13 << "Connection:close[\r][\n]"
11:39:54.022 [Forwarding getElementText on session d94198a6aa3008d5ffaf97f92db0cb0c to remote] DEBUG org.apache.http.wire - http-outgoing-13 << "[\r][\n]"
11:39:54.022 [Forwarding getElementText on session d94198a6aa3008d5ffaf97f92db0cb0c to remote] DEBUG org.apache.http.wire - http-outgoing-13 << "{"sessionId":"d94198a6aa3008d5ffaf97f92db0cb0c","status":0,"value":"Search Account"}"
11:39:54.022 [Forwarding getElementText on session d94198a6aa3008d5ffaf97f92db0cb0c to remote] DEBUG org.apache.http.headers - http-outgoing-13 << HTTP/1.1 200 OK
11:39:54.022 [Forwarding getElementText on session d94198a6aa3008d5ffaf97f92db0cb0c to remote] DEBUG org.apache.http.headers - http-outgoing-13 << Content-Length:84
11:39:54.022 [Forwarding getElementText on session d94198a6aa3008d5ffaf97f92db0cb0c to remote] DEBUG org.apache.http.headers - http-outgoing-13 << Content-Type:application/json; charset=utf-8
11:39:54.022 [Forwarding getElementText on session d94198a6aa3008d5ffaf97f92db0cb0c to remote] DEBUG org.apache.http.headers - http-outgoing-13 << Connection:close
11:39:54.022 [Forwarding getElementText on session d94198a6aa3008d5ffaf97f92db0cb0c to remote] DEBUG o.a.h.i.c.DefaultManagedHttpClientConnection - http-outgoing-13: Shutdown connection
11:39:54.022 [Forwarding getElementText on session d94198a6aa3008d5ffaf97f92db0cb0c to remote] DEBUG o.a.h.impl.execchain.MainClientExec - Connection discarded
11:39:54.022 [Forwarding getElementText on session d94198a6aa3008d5ffaf97f92db0cb0c to remote] DEBUG o.a.h.i.c.DefaultManagedHttpClientConnection - http-outgoing-13: Close connection
11:39:54.022 [Forwarding getElementText on session d94198a6aa3008d5ffaf97f92db0cb0c to remote] DEBUG o.a.h.i.c.PoolingHttpClientConnectionManager - Connection released: [id: 13][route: {}->http://localhost:26477][total kept alive: 0; route allocated: 0 of 2000; total allocated: 0 of 2000]
11:39:54.023 [Forwarding getElementText on session d94198a6aa3008d5ffaf97f92db0cb0c to remote] DEBUG o.a.h.c.protocol.RequestAddCookies - CookieSpec selected: best-match
11:39:54.023 [Forwarding getElementText on session d94198a6aa3008d5ffaf97f92db0cb0c to remote] DEBUG o.a.h.c.protocol.RequestAuthCache - Auth cache not set in the context
11:39:54.023 [Forwarding getElementText on session d94198a6aa3008d5ffaf97f92db0cb0c to remote] DEBUG o.a.h.i.c.PoolingHttpClientConnectionManager - Connection request: [route: {}->http://localhost:26477][total kept alive: 0; route allocated: 0 of 2000; total allocated: 0 of 2000]
11:39:54.023 [Forwarding getElementText on session d94198a6aa3008d5ffaf97f92db0cb0c to remote] DEBUG o.a.h.i.c.PoolingHttpClientConnectionManager - Connection leased: [id: 14][route: {}->http://localhost:26477][total kept alive: 0; route allocated: 1 of 2000; total allocated: 1 of 2000]
11:39:54.023 [Forwarding getElementText on session d94198a6aa3008d5ffaf97f92db0cb0c to remote] DEBUG o.a.h.impl.execchain.MainClientExec - Opening connection {}->http://localhost:26477
11:39:54.023 [Forwarding getElementText on session d94198a6aa3008d5ffaf97f92db0cb0c to remote] DEBUG o.a.h.i.c.HttpClientConnectionOperator - Connecting to localhost/127.0.0.1:26477
11:39:54.024 [Forwarding getElementText on session d94198a6aa3008d5ffaf97f92db0cb0c to remote] DEBUG o.a.h.i.c.HttpClientConnectionOperator - Connection established 127.0.0.1:57280<->127.0.0.1:26477
11:39:54.024 [Forwarding getElementText on session d94198a6aa3008d5ffaf97f92db0cb0c to remote] DEBUG o.a.h.impl.execchain.MainClientExec - Executing request GET /session/d94198a6aa3008d5ffaf97f92db0cb0c/element/0.5152662619948387-5/text HTTP/1.1
11:39:54.024 [Forwarding getElementText on session d94198a6aa3008d5ffaf97f92db0cb0c to remote] DEBUG o.a.h.impl.execchain.MainClientExec - Target auth state: UNCHALLENGED
11:39:54.024 [Forwarding getElementText on session d94198a6aa3008d5ffaf97f92db0cb0c to remote] DEBUG o.a.h.impl.execchain.MainClientExec - Proxy auth state: UNCHALLENGED
11:39:54.024 [Forwarding getElementText on session d94198a6aa3008d5ffaf97f92db0cb0c to remote] DEBUG org.apache.http.headers - http-outgoing-14 >> GET /session/d94198a6aa3008d5ffaf97f92db0cb0c/element/0.5152662619948387-5/text HTTP/1.1
11:39:54.024 [Forwarding getElementText on session d94198a6aa3008d5ffaf97f92db0cb0c to remote] DEBUG org.apache.http.headers - http-outgoing-14 >> Cache-Control: no-cache
11:39:54.024 [Forwarding getElementText on session d94198a6aa3008d5ffaf97f92db0cb0c to remote] DEBUG org.apache.http.headers - http-outgoing-14 >> Host: localhost:26477
11:39:54.024 [Forwarding getElementText on session d94198a6aa3008d5ffaf97f92db0cb0c to remote] DEBUG org.apache.http.headers - http-outgoing-14 >> Connection: Keep-Alive
11:39:54.024 [Forwarding getElementText on session d94198a6aa3008d5ffaf97f92db0cb0c to remote] DEBUG org.apache.http.headers - http-outgoing-14 >> User-Agent: Apache-HttpClient/4.3.4 (java 1.5)
11:39:54.024 [Forwarding getElementText on session d94198a6aa3008d5ffaf97f92db0cb0c to remote] DEBUG org.apache.http.headers - http-outgoing-14 >> Accept-Encoding: gzip,deflate
11:39:54.024 [Forwarding getElementText on session d94198a6aa3008d5ffaf97f92db0cb0c to remote] DEBUG org.apache.http.wire - http-outgoing-14 >> "GET /session/d94198a6aa3008d5ffaf97f92db0cb0c/element/0.5152662619948387-5/text HTTP/1.1[\r][\n]"
11:39:54.024 [Forwarding getElementText on session d94198a6aa3008d5ffaf97f92db0cb0c to remote] DEBUG org.apache.http.wire - http-outgoing-14 >> "Cache-Control: no-cache[\r][\n]"
11:39:54.024 [Forwarding getElementText on session d94198a6aa3008d5ffaf97f92db0cb0c to remote] DEBUG org.apache.http.wire - http-outgoing-14 >> "Host: localhost:26477[\r][\n]"
11:39:54.024 [Forwarding getElementText on session d94198a6aa3008d5ffaf97f92db0cb0c to remote] DEBUG org.apache.http.wire - http-outgoing-14 >> "Connection: Keep-Alive[\r][\n]"
11:39:54.024 [Forwarding getElementText on session d94198a6aa3008d5ffaf97f92db0cb0c to remote] DEBUG org.apache.http.wire - http-outgoing-14 >> "User-Agent: Apache-HttpClient/4.3.4 (java 1.5)[\r][\n]"
11:39:54.024 [Forwarding getElementText on session d94198a6aa3008d5ffaf97f92db0cb0c to remote] DEBUG org.apache.http.wire - http-outgoing-14 >> "Accept-Encoding: gzip,deflate[\r][\n]"
11:39:54.024 [Forwarding getElementText on session d94198a6aa3008d5ffaf97f92db0cb0c to remote] DEBUG org.apache.http.wire - http-outgoing-14 >> "[\r][\n]"
11:39:54.041 [Forwarding getElementText on session d94198a6aa3008d5ffaf97f92db0cb0c to remote] DEBUG org.apache.http.wire - http-outgoing-14 << "HTTP/1.1 200 OK[\r][\n]"
11:39:54.041 [Forwarding getElementText on session d94198a6aa3008d5ffaf97f92db0cb0c to remote] DEBUG org.apache.http.wire - http-outgoing-14 << "Content-Length:85[\r][\n]"
11:39:54.041 [Forwarding getElementText on session d94198a6aa3008d5ffaf97f92db0cb0c to remote] DEBUG org.apache.http.wire - http-outgoing-14 << "Content-Type:application/json; charset=utf-8[\r][\n]"
11:39:54.041 [Forwarding getElementText on session d94198a6aa3008d5ffaf97f92db0cb0c to remote] DEBUG org.apache.http.wire - http-outgoing-14 << "Connection:close[\r][\n]"
11:39:54.041 [Forwarding getElementText on session d94198a6aa3008d5ffaf97f92db0cb0c to remote] DEBUG org.apache.http.wire - http-outgoing-14 << "[\r][\n]"
11:39:54.041 [Forwarding getElementText on session d94198a6aa3008d5ffaf97f92db0cb0c to remote] DEBUG org.apache.http.wire - http-outgoing-14 << "{"sessionId":"d94198a6aa3008d5ffaf97f92db0cb0c","status":0,"value":"Voucher Manager"}"
11:39:54.041 [Forwarding getElementText on session d94198a6aa3008d5ffaf97f92db0cb0c to remote] DEBUG org.apache.http.headers - http-outgoing-14 << HTTP/1.1 200 OK
11:39:54.041 [Forwarding getElementText on session d94198a6aa3008d5ffaf97f92db0cb0c to remote] DEBUG org.apache.http.headers - http-outgoing-14 << Content-Length:85
11:39:54.041 [Forwarding getElementText on session d94198a6aa3008d5ffaf97f92db0cb0c to remote] DEBUG org.apache.http.headers - http-outgoing-14 << Content-Type:application/json; charset=utf-8
11:39:54.041 [Forwarding getElementText on session d94198a6aa3008d5ffaf97f92db0cb0c to remote] DEBUG org.apache.http.headers - http-outgoing-14 << Connection:close
11:39:54.041 [Forwarding getElementText on session d94198a6aa3008d5ffaf97f92db0cb0c to remote] DEBUG o.a.h.i.c.DefaultManagedHttpClientConnection - http-outgoing-14: Shutdown connection
11:39:54.041 [Forwarding getElementText on session d94198a6aa3008d5ffaf97f92db0cb0c to remote] DEBUG o.a.h.impl.execchain.MainClientExec - Connection discarded
11:39:54.041 [Forwarding getElementText on session d94198a6aa3008d5ffaf97f92db0cb0c to remote] DEBUG o.a.h.i.c.DefaultManagedHttpClientConnection - http-outgoing-14: Close connection
11:39:54.041 [Forwarding getElementText on session d94198a6aa3008d5ffaf97f92db0cb0c to remote] DEBUG o.a.h.i.c.PoolingHttpClientConnectionManager - Connection released: [id: 14][route: {}->http://localhost:26477][total kept alive: 0; route allocated: 0 of 2000; total allocated: 0 of 2000]
11:39:54.042 [Forwarding getElementText on session d94198a6aa3008d5ffaf97f92db0cb0c to remote] DEBUG o.a.h.c.protocol.RequestAddCookies - CookieSpec selected: best-match
11:39:54.042 [Forwarding getElementText on session d94198a6aa3008d5ffaf97f92db0cb0c to remote] DEBUG o.a.h.c.protocol.RequestAuthCache - Auth cache not set in the context
11:39:54.042 [Forwarding getElementText on session d94198a6aa3008d5ffaf97f92db0cb0c to remote] DEBUG o.a.h.i.c.PoolingHttpClientConnectionManager - Connection request: [route: {}->http://localhost:26477][total kept alive: 0; route allocated: 0 of 2000; total allocated: 0 of 2000]
11:39:54.042 [Forwarding getElementText on session d94198a6aa3008d5ffaf97f92db0cb0c to remote] DEBUG o.a.h.i.c.PoolingHttpClientConnectionManager - Connection leased: [id: 15][route: {}->http://localhost:26477][total kept alive: 0; route allocated: 1 of 2000; total allocated: 1 of 2000]
11:39:54.042 [Forwarding getElementText on session d94198a6aa3008d5ffaf97f92db0cb0c to remote] DEBUG o.a.h.impl.execchain.MainClientExec - Opening connection {}->http://localhost:26477
11:39:54.042 [Forwarding getElementText on session d94198a6aa3008d5ffaf97f92db0cb0c to remote] DEBUG o.a.h.i.c.HttpClientConnectionOperator - Connecting to localhost/127.0.0.1:26477
11:39:54.043 [Forwarding getElementText on session d94198a6aa3008d5ffaf97f92db0cb0c to remote] DEBUG o.a.h.i.c.HttpClientConnectionOperator - Connection established 127.0.0.1:57281<->127.0.0.1:26477
11:39:54.043 [Forwarding getElementText on session d94198a6aa3008d5ffaf97f92db0cb0c to remote] DEBUG o.a.h.impl.execchain.MainClientExec - Executing request GET /session/d94198a6aa3008d5ffaf97f92db0cb0c/element/0.5152662619948387-6/text HTTP/1.1
11:39:54.043 [Forwarding getElementText on session d94198a6aa3008d5ffaf97f92db0cb0c to remote] DEBUG o.a.h.impl.execchain.MainClientExec - Target auth state: UNCHALLENGED
11:39:54.043 [Forwarding getElementText on session d94198a6aa3008d5ffaf97f92db0cb0c to remote] DEBUG o.a.h.impl.execchain.MainClientExec - Proxy auth state: UNCHALLENGED
11:39:54.043 [Forwarding getElementText on session d94198a6aa3008d5ffaf97f92db0cb0c to remote] DEBUG org.apache.http.headers - http-outgoing-15 >> GET /session/d94198a6aa3008d5ffaf97f92db0cb0c/element/0.5152662619948387-6/text HTTP/1.1
11:39:54.043 [Forwarding getElementText on session d94198a6aa3008d5ffaf97f92db0cb0c to remote] DEBUG org.apache.http.headers - http-outgoing-15 >> Cache-Control: no-cache
11:39:54.043 [Forwarding getElementText on session d94198a6aa3008d5ffaf97f92db0cb0c to remote] DEBUG org.apache.http.headers - http-outgoing-15 >> Host: localhost:26477
11:39:54.043 [Forwarding getElementText on session d94198a6aa3008d5ffaf97f92db0cb0c to remote] DEBUG org.apache.http.headers - http-outgoing-15 >> Connection: Keep-Alive
11:39:54.043 [Forwarding getElementText on session d94198a6aa3008d5ffaf97f92db0cb0c to remote] DEBUG org.apache.http.headers - http-outgoing-15 >> User-Agent: Apache-HttpClient/4.3.4 (java 1.5)
11:39:54.043 [Forwarding getElementText on session d94198a6aa3008d5ffaf97f92db0cb0c to remote] DEBUG org.apache.http.headers - http-outgoing-15 >> Accept-Encoding: gzip,deflate
11:39:54.043 [Forwarding getElementText on session d94198a6aa3008d5ffaf97f92db0cb0c to remote] DEBUG org.apache.http.wire - http-outgoing-15 >> "GET /session/d94198a6aa3008d5ffaf97f92db0cb0c/element/0.5152662619948387-6/text HTTP/1.1[\r][\n]"
11:39:54.043 [Forwarding getElementText on session d94198a6aa3008d5ffaf97f92db0cb0c to remote] DEBUG org.apache.http.wire - http-outgoing-15 >> "Cache-Control: no-cache[\r][\n]"
11:39:54.043 [Forwarding getElementText on session d94198a6aa3008d5ffaf97f92db0cb0c to remote] DEBUG org.apache.http.wire - http-outgoing-15 >> "Host: localhost:26477[\r][\n]"
11:39:54.043 [Forwarding getElementText on session d94198a6aa3008d5ffaf97f92db0cb0c to remote] DEBUG org.apache.http.wire - http-outgoing-15 >> "Connection: Keep-Alive[\r][\n]"
11:39:54.043 [Forwarding getElementText on session d94198a6aa3008d5ffaf97f92db0cb0c to remote] DEBUG org.apache.http.wire - http-outgoing-15 >> "User-Agent: Apache-HttpClient/4.3.4 (java 1.5)[\r][\n]"
11:39:54.043 [Forwarding getElementText on session d94198a6aa3008d5ffaf97f92db0cb0c to remote] DEBUG org.apache.http.wire - http-outgoing-15 >> "Accept-Encoding: gzip,deflate[\r][\n]"
11:39:54.043 [Forwarding getElementText on session d94198a6aa3008d5ffaf97f92db0cb0c to remote] DEBUG org.apache.http.wire - http-outgoing-15 >> "[\r][\n]"
11:39:54.058 [Forwarding getElementText on session d94198a6aa3008d5ffaf97f92db0cb0c to remote] DEBUG org.apache.http.wire - http-outgoing-15 << "HTTP/1.1 200 OK[\r][\n]"
11:39:54.058 [Forwarding getElementText on session d94198a6aa3008d5ffaf97f92db0cb0c to remote] DEBUG org.apache.http.wire - http-outgoing-15 << "Content-Length:70[\r][\n]"
11:39:54.058 [Forwarding getElementText on session d94198a6aa3008d5ffaf97f92db0cb0c to remote] DEBUG org.apache.http.wire - http-outgoing-15 << "Content-Type:application/json; charset=utf-8[\r][\n]"
11:39:54.058 [Forwarding getElementText on session d94198a6aa3008d5ffaf97f92db0cb0c to remote] DEBUG org.apache.http.wire - http-outgoing-15 << "Connection:close[\r][\n]"
11:39:54.058 [Forwarding getElementText on session d94198a6aa3008d5ffaf97f92db0cb0c to remote] DEBUG org.apache.http.wire - http-outgoing-15 << "[\r][\n]"
11:39:54.058 [Forwarding getElementText on session d94198a6aa3008d5ffaf97f92db0cb0c to remote] DEBUG org.apache.http.wire - http-outgoing-15 << "{"sessionId":"d94198a6aa3008d5ffaf97f92db0cb0c","status":0,"value":""}"
11:39:54.059 [Forwarding getElementText on session d94198a6aa3008d5ffaf97f92db0cb0c to remote] DEBUG org.apache.http.headers - http-outgoing-15 << HTTP/1.1 200 OK
11:39:54.059 [Forwarding getElementText on session d94198a6aa3008d5ffaf97f92db0cb0c to remote] DEBUG org.apache.http.headers - http-outgoing-15 << Content-Length:70
11:39:54.059 [Forwarding getElementText on session d94198a6aa3008d5ffaf97f92db0cb0c to remote] DEBUG org.apache.http.headers - http-outgoing-15 << Content-Type:application/json; charset=utf-8
11:39:54.059 [Forwarding getElementText on session d94198a6aa3008d5ffaf97f92db0cb0c to remote] DEBUG org.apache.http.headers - http-outgoing-15 << Connection:close
11:39:54.059 [Forwarding getElementText on session d94198a6aa3008d5ffaf97f92db0cb0c to remote] DEBUG o.a.h.i.c.DefaultManagedHttpClientConnection - http-outgoing-15: Shutdown connection
11:39:54.059 [Forwarding getElementText on session d94198a6aa3008d5ffaf97f92db0cb0c to remote] DEBUG o.a.h.impl.execchain.MainClientExec - Connection discarded
11:39:54.059 [Forwarding getElementText on session d94198a6aa3008d5ffaf97f92db0cb0c to remote] DEBUG o.a.h.i.c.DefaultManagedHttpClientConnection - http-outgoing-15: Close connection
11:39:54.059 [Forwarding getElementText on session d94198a6aa3008d5ffaf97f92db0cb0c to remote] DEBUG o.a.h.i.c.PoolingHttpClientConnectionManager - Connection released: [id: 15][route: {}->http://localhost:26477][total kept alive: 0; route allocated: 0 of 2000; total allocated: 0 of 2000]
11:39:54.061 [Forwarding getElementText on session d94198a6aa3008d5ffaf97f92db0cb0c to remote] DEBUG o.a.h.c.protocol.RequestAddCookies - CookieSpec selected: best-match
11:39:54.061 [Forwarding getElementText on session d94198a6aa3008d5ffaf97f92db0cb0c to remote] DEBUG o.a.h.c.protocol.RequestAuthCache - Auth cache not set in the context
11:39:54.061 [Forwarding getElementText on session d94198a6aa3008d5ffaf97f92db0cb0c to remote] DEBUG o.a.h.i.c.PoolingHttpClientConnectionManager - Connection request: [route: {}->http://localhost:26477][total kept alive: 0; route allocated: 0 of 2000; total allocated: 0 of 2000]
11:39:54.061 [Forwarding getElementText on session d94198a6aa3008d5ffaf97f92db0cb0c to remote] DEBUG o.a.h.i.c.PoolingHttpClientConnectionManager - Connection leased: [id: 16][route: {}->http://localhost:26477][total kept alive: 0; route allocated: 1 of 2000; total allocated: 1 of 2000]
11:39:54.061 [Forwarding getElementText on session d94198a6aa3008d5ffaf97f92db0cb0c to remote] DEBUG o.a.h.impl.execchain.MainClientExec - Opening connection {}->http://localhost:26477
11:39:54.061 [Forwarding getElementText on session d94198a6aa3008d5ffaf97f92db0cb0c to remote] DEBUG o.a.h.i.c.HttpClientConnectionOperator - Connecting to localhost/127.0.0.1:26477
11:39:54.061 [Forwarding getElementText on session d94198a6aa3008d5ffaf97f92db0cb0c to remote] DEBUG o.a.h.i.c.HttpClientConnectionOperator - Connection established 127.0.0.1:57282<->127.0.0.1:26477
11:39:54.061 [Forwarding getElementText on session d94198a6aa3008d5ffaf97f92db0cb0c to remote] DEBUG o.a.h.impl.execchain.MainClientExec - Executing request GET /session/d94198a6aa3008d5ffaf97f92db0cb0c/element/0.5152662619948387-7/text HTTP/1.1
11:39:54.061 [Forwarding getElementText on session d94198a6aa3008d5ffaf97f92db0cb0c to remote] DEBUG o.a.h.impl.execchain.MainClientExec - Target auth state: UNCHALLENGED
11:39:54.061 [Forwarding getElementText on session d94198a6aa3008d5ffaf97f92db0cb0c to remote] DEBUG o.a.h.impl.execchain.MainClientExec - Proxy auth state: UNCHALLENGED
11:39:54.061 [Forwarding getElementText on session d94198a6aa3008d5ffaf97f92db0cb0c to remote] DEBUG org.apache.http.headers - http-outgoing-16 >> GET /session/d94198a6aa3008d5ffaf97f92db0cb0c/element/0.5152662619948387-7/text HTTP/1.1
11:39:54.061 [Forwarding getElementText on session d94198a6aa3008d5ffaf97f92db0cb0c to remote] DEBUG org.apache.http.headers - http-outgoing-16 >> Cache-Control: no-cache
11:39:54.061 [Forwarding getElementText on session d94198a6aa3008d5ffaf97f92db0cb0c to remote] DEBUG org.apache.http.headers - http-outgoing-16 >> Host: localhost:26477
11:39:54.061 [Forwarding getElementText on session d94198a6aa3008d5ffaf97f92db0cb0c to remote] DEBUG org.apache.http.headers - http-outgoing-16 >> Connection: Keep-Alive
11:39:54.061 [Forwarding getElementText on session d94198a6aa3008d5ffaf97f92db0cb0c to remote] DEBUG org.apache.http.headers - http-outgoing-16 >> User-Agent: Apache-HttpClient/4.3.4 (java 1.5)
11:39:54.061 [Forwarding getElementText on session d94198a6aa3008d5ffaf97f92db0cb0c to remote] DEBUG org.apache.http.headers - http-outgoing-16 >> Accept-Encoding: gzip,deflate
11:39:54.061 [Forwarding getElementText on session d94198a6aa3008d5ffaf97f92db0cb0c to remote] DEBUG org.apache.http.wire - http-outgoing-16 >> "GET /session/d94198a6aa3008d5ffaf97f92db0cb0c/element/0.5152662619948387-7/text HTTP/1.1[\r][\n]"
11:39:54.061 [Forwarding getElementText on session d94198a6aa3008d5ffaf97f92db0cb0c to remote] DEBUG org.apache.http.wire - http-outgoing-16 >> "Cache-Control: no-cache[\r][\n]"
11:39:54.061 [Forwarding getElementText on session d94198a6aa3008d5ffaf97f92db0cb0c to remote] DEBUG org.apache.http.wire - http-outgoing-16 >> "Host: localhost:26477[\r][\n]"
11:39:54.061 [Forwarding getElementText on session d94198a6aa3008d5ffaf97f92db0cb0c to remote] DEBUG org.apache.http.wire - http-outgoing-16 >> "Connection: Keep-Alive[\r][\n]"
11:39:54.061 [Forwarding getElementText on session d94198a6aa3008d5ffaf97f92db0cb0c to remote] DEBUG org.apache.http.wire - http-outgoing-16 >> "User-Agent: Apache-HttpClient/4.3.4 (java 1.5)[\r][\n]"
11:39:54.061 [Forwarding getElementText on session d94198a6aa3008d5ffaf97f92db0cb0c to remote] DEBUG org.apache.http.wire - http-outgoing-16 >> "Accept-Encoding: gzip,deflate[\r][\n]"
11:39:54.061 [Forwarding getElementText on session d94198a6aa3008d5ffaf97f92db0cb0c to remote] DEBUG org.apache.http.wire - http-outgoing-16 >> "[\r][\n]"
11:39:54.076 [Forwarding getElementText on session d94198a6aa3008d5ffaf97f92db0cb0c to remote] DEBUG org.apache.http.wire - http-outgoing-16 << "HTTP/1.1 200 OK[\r][\n]"
11:39:54.076 [Forwarding getElementText on session d94198a6aa3008d5ffaf97f92db0cb0c to remote] DEBUG org.apache.http.wire - http-outgoing-16 << "Content-Length:70[\r][\n]"
11:39:54.076 [Forwarding getElementText on session d94198a6aa3008d5ffaf97f92db0cb0c to remote] DEBUG org.apache.http.wire - http-outgoing-16 << "Content-Type:application/json; charset=utf-8[\r][\n]"
11:39:54.076 [Forwarding getElementText on session d94198a6aa3008d5ffaf97f92db0cb0c to remote] DEBUG org.apache.http.wire - http-outgoing-16 << "Connection:close[\r][\n]"
11:39:54.076 [Forwarding getElementText on session d94198a6aa3008d5ffaf97f92db0cb0c to remote] DEBUG org.apache.http.wire - http-outgoing-16 << "[\r][\n]"
11:39:54.076 [Forwarding getElementText on session d94198a6aa3008d5ffaf97f92db0cb0c to remote] DEBUG org.apache.http.wire - http-outgoing-16 << "{"sessionId":"d94198a6aa3008d5ffaf97f92db0cb0c","status":0,"value":""}"
11:39:54.076 [Forwarding getElementText on session d94198a6aa3008d5ffaf97f92db0cb0c to remote] DEBUG org.apache.http.headers - http-outgoing-16 << HTTP/1.1 200 OK
11:39:54.076 [Forwarding getElementText on session d94198a6aa3008d5ffaf97f92db0cb0c to remote] DEBUG org.apache.http.headers - http-outgoing-16 << Content-Length:70
11:39:54.076 [Forwarding getElementText on session d94198a6aa3008d5ffaf97f92db0cb0c to remote] DEBUG org.apache.http.headers - http-outgoing-16 << Content-Type:application/json; charset=utf-8
11:39:54.076 [Forwarding getElementText on session d94198a6aa3008d5ffaf97f92db0cb0c to remote] DEBUG org.apache.http.headers - http-outgoing-16 << Connection:close
11:39:54.076 [Forwarding getElementText on session d94198a6aa3008d5ffaf97f92db0cb0c to remote] DEBUG o.a.h.i.c.DefaultManagedHttpClientConnection - http-outgoing-16: Shutdown connection
11:39:54.076 [Forwarding getElementText on session d94198a6aa3008d5ffaf97f92db0cb0c to remote] DEBUG o.a.h.impl.execchain.MainClientExec - Connection discarded
11:39:54.076 [Forwarding getElementText on session d94198a6aa3008d5ffaf97f92db0cb0c to remote] DEBUG o.a.h.i.c.DefaultManagedHttpClientConnection - http-outgoing-16: Close connection
11:39:54.076 [Forwarding getElementText on session d94198a6aa3008d5ffaf97f92db0cb0c to remote] DEBUG o.a.h.i.c.PoolingHttpClientConnectionManager - Connection released: [id: 16][route: {}->http://localhost:26477][total kept alive: 0; route allocated: 0 of 2000; total allocated: 0 of 2000]
11:39:54.077 [Forwarding getElementText on session d94198a6aa3008d5ffaf97f92db0cb0c to remote] DEBUG o.a.h.c.protocol.RequestAddCookies - CookieSpec selected: best-match
11:39:54.077 [Forwarding getElementText on session d94198a6aa3008d5ffaf97f92db0cb0c to remote] DEBUG o.a.h.c.protocol.RequestAuthCache - Auth cache not set in the context
11:39:54.077 [Forwarding getElementText on session d94198a6aa3008d5ffaf97f92db0cb0c to remote] DEBUG o.a.h.i.c.PoolingHttpClientConnectionManager - Connection request: [route: {}->http://localhost:26477][total kept alive: 0; route allocated: 0 of 2000; total allocated: 0 of 2000]
11:39:54.077 [Forwarding getElementText on session d94198a6aa3008d5ffaf97f92db0cb0c to remote] DEBUG o.a.h.i.c.PoolingHttpClientConnectionManager - Connection leased: [id: 17][route: {}->http://localhost:26477][total kept alive: 0; route allocated: 1 of 2000; total allocated: 1 of 2000]
11:39:54.077 [Forwarding getElementText on session d94198a6aa3008d5ffaf97f92db0cb0c to remote] DEBUG o.a.h.impl.execchain.MainClientExec - Opening connection {}->http://localhost:26477
11:39:54.077 [Forwarding getElementText on session d94198a6aa3008d5ffaf97f92db0cb0c to remote] DEBUG o.a.h.i.c.HttpClientConnectionOperator - Connecting to localhost/127.0.0.1:26477
11:39:54.077 [Forwarding getElementText on session d94198a6aa3008d5ffaf97f92db0cb0c to remote] DEBUG o.a.h.i.c.HttpClientConnectionOperator - Connection established 127.0.0.1:57283<->127.0.0.1:26477
11:39:54.077 [Forwarding getElementText on session d94198a6aa3008d5ffaf97f92db0cb0c to remote] DEBUG o.a.h.impl.execchain.MainClientExec - Executing request GET /session/d94198a6aa3008d5ffaf97f92db0cb0c/element/0.5152662619948387-8/text HTTP/1.1
11:39:54.077 [Forwarding getElementText on session d94198a6aa3008d5ffaf97f92db0cb0c to remote] DEBUG o.a.h.impl.execchain.MainClientExec - Target auth state: UNCHALLENGED
11:39:54.077 [Forwarding getElementText on session d94198a6aa3008d5ffaf97f92db0cb0c to remote] DEBUG o.a.h.impl.execchain.MainClientExec - Proxy auth state: UNCHALLENGED
11:39:54.077 [Forwarding getElementText on session d94198a6aa3008d5ffaf97f92db0cb0c to remote] DEBUG org.apache.http.headers - http-outgoing-17 >> GET /session/d94198a6aa3008d5ffaf97f92db0cb0c/element/0.5152662619948387-8/text HTTP/1.1
11:39:54.077 [Forwarding getElementText on session d94198a6aa3008d5ffaf97f92db0cb0c to remote] DEBUG org.apache.http.headers - http-outgoing-17 >> Cache-Control: no-cache
11:39:54.077 [Forwarding getElementText on session d94198a6aa3008d5ffaf97f92db0cb0c to remote] DEBUG org.apache.http.headers - http-outgoing-17 >> Host: localhost:26477
11:39:54.077 [Forwarding getElementText on session d94198a6aa3008d5ffaf97f92db0cb0c to remote] DEBUG org.apache.http.headers - http-outgoing-17 >> Connection: Keep-Alive
11:39:54.078 [Forwarding getElementText on session d94198a6aa3008d5ffaf97f92db0cb0c to remote] DEBUG org.apache.http.headers - http-outgoing-17 >> User-Agent: Apache-HttpClient/4.3.4 (java 1.5)
11:39:54.078 [Forwarding getElementText on session d94198a6aa3008d5ffaf97f92db0cb0c to remote] DEBUG org.apache.http.headers - http-outgoing-17 >> Accept-Encoding: gzip,deflate
11:39:54.078 [Forwarding getElementText on session d94198a6aa3008d5ffaf97f92db0cb0c to remote] DEBUG org.apache.http.wire - http-outgoing-17 >> "GET /session/d94198a6aa3008d5ffaf97f92db0cb0c/element/0.5152662619948387-8/text HTTP/1.1[\r][\n]"
11:39:54.078 [Forwarding getElementText on session d94198a6aa3008d5ffaf97f92db0cb0c to remote] DEBUG org.apache.http.wire - http-outgoing-17 >> "Cache-Control: no-cache[\r][\n]"
11:39:54.078 [Forwarding getElementText on session d94198a6aa3008d5ffaf97f92db0cb0c to remote] DEBUG org.apache.http.wire - http-outgoing-17 >> "Host: localhost:26477[\r][\n]"
11:39:54.078 [Forwarding getElementText on session d94198a6aa3008d5ffaf97f92db0cb0c to remote] DEBUG org.apache.http.wire - http-outgoing-17 >> "Connection: Keep-Alive[\r][\n]"
11:39:54.078 [Forwarding getElementText on session d94198a6aa3008d5ffaf97f92db0cb0c to remote] DEBUG org.apache.http.wire - http-outgoing-17 >> "User-Agent: Apache-HttpClient/4.3.4 (java 1.5)[\r][\n]"
11:39:54.078 [Forwarding getElementText on session d94198a6aa3008d5ffaf97f92db0cb0c to remote] DEBUG org.apache.http.wire - http-outgoing-17 >> "Accept-Encoding: gzip,deflate[\r][\n]"
11:39:54.078 [Forwarding getElementText on session d94198a6aa3008d5ffaf97f92db0cb0c to remote] DEBUG org.apache.http.wire - http-outgoing-17 >> "[\r][\n]"
11:39:54.092 [Forwarding getElementText on session d94198a6aa3008d5ffaf97f92db0cb0c to remote] DEBUG org.apache.http.wire - http-outgoing-17 << "HTTP/1.1 200 OK[\r][\n]"
11:39:54.092 [Forwarding getElementText on session d94198a6aa3008d5ffaf97f92db0cb0c to remote] DEBUG org.apache.http.wire - http-outgoing-17 << "Content-Length:91[\r][\n]"
11:39:54.092 [Forwarding getElementText on session d94198a6aa3008d5ffaf97f92db0cb0c to remote] DEBUG org.apache.http.wire - http-outgoing-17 << "Content-Type:application/json; charset=utf-8[\r][\n]"
11:39:54.092 [Forwarding getElementText on session d94198a6aa3008d5ffaf97f92db0cb0c to remote] DEBUG org.apache.http.wire - http-outgoing-17 << "Connection:close[\r][\n]"
11:39:54.092 [Forwarding getElementText on session d94198a6aa3008d5ffaf97f92db0cb0c to remote] DEBUG org.apache.http.wire - http-outgoing-17 << "[\r][\n]"
11:39:54.092 [Forwarding getElementText on session d94198a6aa3008d5ffaf97f92db0cb0c to remote] DEBUG org.apache.http.wire - http-outgoing-17 << "{"sessionId":"d94198a6aa3008d5ffaf97f92db0cb0c","status":0,"value":"Show Advanced Filters"}"
11:39:54.092 [Forwarding getElementText on session d94198a6aa3008d5ffaf97f92db0cb0c to remote] DEBUG org.apache.http.headers - http-outgoing-17 << HTTP/1.1 200 OK
11:39:54.092 [Forwarding getElementText on session d94198a6aa3008d5ffaf97f92db0cb0c to remote] DEBUG org.apache.http.headers - http-outgoing-17 << Content-Length:91
11:39:54.092 [Forwarding getElementText on session d94198a6aa3008d5ffaf97f92db0cb0c to remote] DEBUG org.apache.http.headers - http-outgoing-17 << Content-Type:application/json; charset=utf-8
11:39:54.092 [Forwarding getElementText on session d94198a6aa3008d5ffaf97f92db0cb0c to remote] DEBUG org.apache.http.headers - http-outgoing-17 << Connection:close
11:39:54.092 [Forwarding getElementText on session d94198a6aa3008d5ffaf97f92db0cb0c to remote] DEBUG o.a.h.i.c.DefaultManagedHttpClientConnection - http-outgoing-17: Shutdown connection
11:39:54.092 [Forwarding getElementText on session d94198a6aa3008d5ffaf97f92db0cb0c to remote] DEBUG o.a.h.impl.execchain.MainClientExec - Connection discarded
11:39:54.092 [Forwarding getElementText on session d94198a6aa3008d5ffaf97f92db0cb0c to remote] DEBUG o.a.h.i.c.DefaultManagedHttpClientConnection - http-outgoing-17: Close connection
11:39:54.092 [Forwarding getElementText on session d94198a6aa3008d5ffaf97f92db0cb0c to remote] DEBUG o.a.h.i.c.PoolingHttpClientConnectionManager - Connection released: [id: 17][route: {}->http://localhost:26477][total kept alive: 0; route allocated: 0 of 2000; total allocated: 0 of 2000]
11:39:54.093 [Forwarding isElementDisplayed on session d94198a6aa3008d5ffaf97f92db0cb0c to remote] DEBUG o.a.h.c.protocol.RequestAddCookies - CookieSpec selected: best-match
11:39:54.093 [Forwarding isElementDisplayed on session d94198a6aa3008d5ffaf97f92db0cb0c to remote] DEBUG o.a.h.c.protocol.RequestAuthCache - Auth cache not set in the context
11:39:54.093 [Forwarding isElementDisplayed on session d94198a6aa3008d5ffaf97f92db0cb0c to remote] DEBUG o.a.h.i.c.PoolingHttpClientConnectionManager - Connection request: [route: {}->http://localhost:26477][total kept alive: 0; route allocated: 0 of 2000; total allocated: 0 of 2000]
11:39:54.093 [Forwarding isElementDisplayed on session d94198a6aa3008d5ffaf97f92db0cb0c to remote] DEBUG o.a.h.i.c.PoolingHttpClientConnectionManager - Connection leased: [id: 18][route: {}->http://localhost:26477][total kept alive: 0; route allocated: 1 of 2000; total allocated: 1 of 2000]
11:39:54.093 [Forwarding isElementDisplayed on session d94198a6aa3008d5ffaf97f92db0cb0c to remote] DEBUG o.a.h.impl.execchain.MainClientExec - Opening connection {}->http://localhost:26477
11:39:54.093 [Forwarding isElementDisplayed on session d94198a6aa3008d5ffaf97f92db0cb0c to remote] DEBUG o.a.h.i.c.HttpClientConnectionOperator - Connecting to localhost/127.0.0.1:26477
11:39:54.093 [Forwarding isElementDisplayed on session d94198a6aa3008d5ffaf97f92db0cb0c to remote] DEBUG o.a.h.i.c.HttpClientConnectionOperator - Connection established 127.0.0.1:57284<->127.0.0.1:26477
11:39:54.093 [Forwarding isElementDisplayed on session d94198a6aa3008d5ffaf97f92db0cb0c to remote] DEBUG o.a.h.impl.execchain.MainClientExec - Executing request GET /session/d94198a6aa3008d5ffaf97f92db0cb0c/element/0.5152662619948387-1/displayed HTTP/1.1
11:39:54.093 [Forwarding isElementDisplayed on session d94198a6aa3008d5ffaf97f92db0cb0c to remote] DEBUG o.a.h.impl.execchain.MainClientExec - Target auth state: UNCHALLENGED
11:39:54.093 [Forwarding isElementDisplayed on session d94198a6aa3008d5ffaf97f92db0cb0c to remote] DEBUG o.a.h.impl.execchain.MainClientExec - Proxy auth state: UNCHALLENGED
11:39:54.093 [Forwarding isElementDisplayed on session d94198a6aa3008d5ffaf97f92db0cb0c to remote] DEBUG org.apache.http.headers - http-outgoing-18 >> GET /session/d94198a6aa3008d5ffaf97f92db0cb0c/element/0.5152662619948387-1/displayed HTTP/1.1
11:39:54.093 [Forwarding isElementDisplayed on session d94198a6aa3008d5ffaf97f92db0cb0c to remote] DEBUG org.apache.http.headers - http-outgoing-18 >> Cache-Control: no-cache
11:39:54.093 [Forwarding isElementDisplayed on session d94198a6aa3008d5ffaf97f92db0cb0c to remote] DEBUG org.apache.http.headers - http-outgoing-18 >> Host: localhost:26477
11:39:54.093 [Forwarding isElementDisplayed on session d94198a6aa3008d5ffaf97f92db0cb0c to remote] DEBUG org.apache.http.headers - http-outgoing-18 >> Connection: Keep-Alive
11:39:54.093 [Forwarding isElementDisplayed on session d94198a6aa3008d5ffaf97f92db0cb0c to remote] DEBUG org.apache.http.headers - http-outgoing-18 >> User-Agent: Apache-HttpClient/4.3.4 (java 1.5)
11:39:54.093 [Forwarding isElementDisplayed on session d94198a6aa3008d5ffaf97f92db0cb0c to remote] DEBUG org.apache.http.headers - http-outgoing-18 >> Accept-Encoding: gzip,deflate
11:39:54.094 [Forwarding isElementDisplayed on session d94198a6aa3008d5ffaf97f92db0cb0c to remote] DEBUG org.apache.http.wire - http-outgoing-18 >> "GET /session/d94198a6aa3008d5ffaf97f92db0cb0c/element/0.5152662619948387-1/displayed HTTP/1.1[\r][\n]"
11:39:54.094 [Forwarding isElementDisplayed on session d94198a6aa3008d5ffaf97f92db0cb0c to remote] DEBUG org.apache.http.wire - http-outgoing-18 >> "Cache-Control: no-cache[\r][\n]"
11:39:54.094 [Forwarding isElementDisplayed on session d94198a6aa3008d5ffaf97f92db0cb0c to remote] DEBUG org.apache.http.wire - http-outgoing-18 >> "Host: localhost:26477[\r][\n]"
11:39:54.094 [Forwarding isElementDisplayed on session d94198a6aa3008d5ffaf97f92db0cb0c to remote] DEBUG org.apache.http.wire - http-outgoing-18 >> "Connection: Keep-Alive[\r][\n]"
11:39:54.094 [Forwarding isElementDisplayed on session d94198a6aa3008d5ffaf97f92db0cb0c to remote] DEBUG org.apache.http.wire - http-outgoing-18 >> "User-Agent: Apache-HttpClient/4.3.4 (java 1.5)[\r][\n]"
11:39:54.094 [Forwarding isElementDisplayed on session d94198a6aa3008d5ffaf97f92db0cb0c to remote] DEBUG org.apache.http.wire - http-outgoing-18 >> "Accept-Encoding: gzip,deflate[\r][\n]"
11:39:54.094 [Forwarding isElementDisplayed on session d94198a6aa3008d5ffaf97f92db0cb0c to remote] DEBUG org.apache.http.wire - http-outgoing-18 >> "[\r][\n]"
11:39:54.103 [Forwarding isElementDisplayed on session d94198a6aa3008d5ffaf97f92db0cb0c to remote] DEBUG org.apache.http.wire - http-outgoing-18 << "HTTP/1.1 200 OK[\r][\n]"
11:39:54.103 [Forwarding isElementDisplayed on session d94198a6aa3008d5ffaf97f92db0cb0c to remote] DEBUG org.apache.http.wire - http-outgoing-18 << "Content-Length:72[\r][\n]"
11:39:54.103 [Forwarding isElementDisplayed on session d94198a6aa3008d5ffaf97f92db0cb0c to remote] DEBUG org.apache.http.wire - http-outgoing-18 << "Content-Type:application/json; charset=utf-8[\r][\n]"
11:39:54.103 [Forwarding isElementDisplayed on session d94198a6aa3008d5ffaf97f92db0cb0c to remote] DEBUG org.apache.http.wire - http-outgoing-18 << "Connection:close[\r][\n]"
11:39:54.103 [Forwarding isElementDisplayed on session d94198a6aa3008d5ffaf97f92db0cb0c to remote] DEBUG org.apache.http.wire - http-outgoing-18 << "[\r][\n]"
11:39:54.103 [Forwarding isElementDisplayed on session d94198a6aa3008d5ffaf97f92db0cb0c to remote] DEBUG org.apache.http.wire - http-outgoing-18 << "{"sessionId":"d94198a6aa3008d5ffaf97f92db0cb0c","status":0,"value":true}"
11:39:54.103 [Forwarding isElementDisplayed on session d94198a6aa3008d5ffaf97f92db0cb0c to remote] DEBUG org.apache.http.headers - http-outgoing-18 << HTTP/1.1 200 OK
11:39:54.103 [Forwarding isElementDisplayed on session d94198a6aa3008d5ffaf97f92db0cb0c to remote] DEBUG org.apache.http.headers - http-outgoing-18 << Content-Length:72
11:39:54.103 [Forwarding isElementDisplayed on session d94198a6aa3008d5ffaf97f92db0cb0c to remote] DEBUG org.apache.http.headers - http-outgoing-18 << Content-Type:application/json; charset=utf-8
11:39:54.103 [Forwarding isElementDisplayed on session d94198a6aa3008d5ffaf97f92db0cb0c to remote] DEBUG org.apache.http.headers - http-outgoing-18 << Connection:close
11:39:54.103 [Forwarding isElementDisplayed on session d94198a6aa3008d5ffaf97f92db0cb0c to remote] DEBUG o.a.h.i.c.DefaultManagedHttpClientConnection - http-outgoing-18: Shutdown connection
11:39:54.103 [Forwarding isElementDisplayed on session d94198a6aa3008d5ffaf97f92db0cb0c to remote] DEBUG o.a.h.impl.execchain.MainClientExec - Connection discarded
11:39:54.103 [Forwarding isElementDisplayed on session d94198a6aa3008d5ffaf97f92db0cb0c to remote] DEBUG o.a.h.i.c.DefaultManagedHttpClientConnection - http-outgoing-18: Close connection
11:39:54.103 [Forwarding isElementDisplayed on session d94198a6aa3008d5ffaf97f92db0cb0c to remote] DEBUG o.a.h.i.c.PoolingHttpClientConnectionManager - Connection released: [id: 18][route: {}->http://localhost:26477][total kept alive: 0; route allocated: 0 of 2000; total allocated: 0 of 2000]
11:39:54.104 [Forwarding getPageSource on session d94198a6aa3008d5ffaf97f92db0cb0c to remote] DEBUG o.a.h.c.protocol.RequestAddCookies - CookieSpec selected: best-match
11:39:54.104 [Forwarding getPageSource on session d94198a6aa3008d5ffaf97f92db0cb0c to remote] DEBUG o.a.h.c.protocol.RequestAuthCache - Auth cache not set in the context
11:39:54.104 [Forwarding getPageSource on session d94198a6aa3008d5ffaf97f92db0cb0c to remote] DEBUG o.a.h.i.c.PoolingHttpClientConnectionManager - Connection request: [route: {}->http://localhost:26477][total kept alive: 0; route allocated: 0 of 2000; total allocated: 0 of 2000]
11:39:54.104 [Forwarding getPageSource on session d94198a6aa3008d5ffaf97f92db0cb0c to remote] DEBUG o.a.h.i.c.PoolingHttpClientConnectionManager - Connection leased: [id: 19][route: {}->http://localhost:26477][total kept alive: 0; route allocated: 1 of 2000; total allocated: 1 of 2000]
11:39:54.104 [Forwarding getPageSource on session d94198a6aa3008d5ffaf97f92db0cb0c to remote] DEBUG o.a.h.impl.execchain.MainClientExec - Opening connection {}->http://localhost:26477
11:39:54.104 [Forwarding getPageSource on session d94198a6aa3008d5ffaf97f92db0cb0c to remote] DEBUG o.a.h.i.c.HttpClientConnectionOperator - Connecting to localhost/127.0.0.1:26477
11:39:54.104 [Forwarding getPageSource on session d94198a6aa3008d5ffaf97f92db0cb0c to remote] DEBUG o.a.h.i.c.HttpClientConnectionOperator - Connection established 127.0.0.1:57285<->127.0.0.1:26477
11:39:54.104 [Forwarding getPageSource on session d94198a6aa3008d5ffaf97f92db0cb0c to remote] DEBUG o.a.h.impl.execchain.MainClientExec - Executing request GET /session/d94198a6aa3008d5ffaf97f92db0cb0c/source HTTP/1.1
11:39:54.104 [Forwarding getPageSource on session d94198a6aa3008d5ffaf97f92db0cb0c to remote] DEBUG o.a.h.impl.execchain.MainClientExec - Target auth state: UNCHALLENGED
11:39:54.104 [Forwarding getPageSource on session d94198a6aa3008d5ffaf97f92db0cb0c to remote] DEBUG o.a.h.impl.execchain.MainClientExec - Proxy auth state: UNCHALLENGED
11:39:54.105 [Forwarding getPageSource on session d94198a6aa3008d5ffaf97f92db0cb0c to remote] DEBUG org.apache.http.headers - http-outgoing-19 >> GET /session/d94198a6aa3008d5ffaf97f92db0cb0c/source HTTP/1.1
11:39:54.105 [Forwarding getPageSource on session d94198a6aa3008d5ffaf97f92db0cb0c to remote] DEBUG org.apache.http.headers - http-outgoing-19 >> Cache-Control: no-cache
11:39:54.105 [Forwarding getPageSource on session d94198a6aa3008d5ffaf97f92db0cb0c to remote] DEBUG org.apache.http.headers - http-outgoing-19 >> Host: localhost:26477
11:39:54.105 [Forwarding getPageSource on session d94198a6aa3008d5ffaf97f92db0cb0c to remote] DEBUG org.apache.http.headers - http-outgoing-19 >> Connection: Keep-Alive
11:39:54.105 [Forwarding getPageSource on session d94198a6aa3008d5ffaf97f92db0cb0c to remote] DEBUG org.apache.http.headers - http-outgoing-19 >> User-Agent: Apache-HttpClient/4.3.4 (java 1.5)
11:39:54.105 [Forwarding getPageSource on session d94198a6aa3008d5ffaf97f92db0cb0c to remote] DEBUG org.apache.http.headers - http-outgoing-19 >> Accept-Encoding: gzip,deflate
11:39:54.105 [Forwarding getPageSource on session d94198a6aa3008d5ffaf97f92db0cb0c to remote] DEBUG org.apache.http.wire - http-outgoing-19 >> "GET /session/d94198a6aa3008d5ffaf97f92db0cb0c/source HTTP/1.1[\r][\n]"
11:39:54.105 [Forwarding getPageSource on session d94198a6aa3008d5ffaf97f92db0cb0c to remote] DEBUG org.apache.http.wire - http-outgoing-19 >> "Cache-Control: no-cache[\r][\n]"
11:39:54.105 [Forwarding getPageSource on session d94198a6aa3008d5ffaf97f92db0cb0c to remote] DEBUG org.apache.http.wire - http-outgoing-19 >> "Host: localhost:26477[\r][\n]"
11:39:54.105 [Forwarding getPageSource on session d94198a6aa3008d5ffaf97f92db0cb0c to remote] DEBUG org.apache.http.wire - http-outgoing-19 >> "Connection: Keep-Alive[\r][\n]"
11:39:54.105 [Forwarding getPageSource on session d94198a6aa3008d5ffaf97f92db0cb0c to remote] DEBUG org.apache.http.wire - http-outgoing-19 >> "User-Agent: Apache-HttpClient/4.3.4 (java 1.5)[\r][\n]"
11:39:54.105 [Forwarding getPageSource on session d94198a6aa3008d5ffaf97f92db0cb0c to remote] DEBUG org.apache.http.wire - http-outgoing-19 >> "Accept-Encoding: gzip,deflate[\r][\n]"
11:39:54.105 [Forwarding getPageSource on session d94198a6aa3008d5ffaf97f92db0cb0c to remote] DEBUG org.apache.http.wire - http-outgoing-19 >> "[\r][\n]"
11:39:54.109 [Forwarding getPageSource on session d94198a6aa3008d5ffaf97f92db0cb0c to remote] DEBUG org.apache.http.wire - http-outgoing-19 << "HTTP/1.1 200 OK[\r][\n]"
11:39:54.109 [Forwarding getPageSource on session d94198a6aa3008d5ffaf97f92db0cb0c to remote] DEBUG org.apache.http.wire - http-outgoing-19 << "Content-Length:51207[\r][\n]"
11:39:54.109 [Forwarding getPageSource on session d94198a6aa3008d5ffaf97f92db0cb0c to remote] DEBUG org.apache.http.wire - http-outgoing-19 << "Content-Type:application/json; charset=utf-8[\r][\n]"
11:39:54.109 [Forwarding getPageSource on session d94198a6aa3008d5ffaf97f92db0cb0c to remote] DEBUG org.apache.http.wire - http-outgoing-19 << "Connection:close[\r][\n]"
11:39:54.109 [Forwarding getPageSource on session d94198a6aa3008d5ffaf97f92db0cb0c to remote] DEBUG org.apache.http.wire - http-outgoing-19 << "[\r][\n]"
11:39:54.109 [Forwarding getPageSource on session d94198a6aa3008d5ffaf97f92db0cb0c to remote] DEBUG org.apache.http.wire - http-outgoing-19 << "{"sessionId":"d94198a6aa3008d5ffaf97f92db0cb0c","status":0,"value":"\u003C!DOCTYPE html>\u003Chtml xmlns=\"http://www.w3.org/1999/xhtml\" class=\"no-js\">\u003Chead>\u003Cstyle type=\"text/css\">@charset \"UTF-8\";[ng\\:cloak],[ng-cloak],[data-ng-cloak],[x-ng-cloak],.ng-cloak,.x-ng-cloak,.ng-hide:not(.ng-hide-animate){display:none !important;}ng\\:form{display:block;}.ng-animate-shim{visibility:hidden;}.ng-anchor{position:absolute;}\u003C/style>\n    \u003Cmeta charset=\"utf-8\" />\n    \u003Ctitle>\u003C/title>\n    \u003Cmeta name=\"description\" content=\"\" />\n    \u003Cmeta name=\"viewport\" content=\"width=device-width\" />\n    \u003C!-- build:css(.) styles/vendor.css -->\n    \u003C!-- bower:css -->\n    \u003Clink rel=\"stylesheet\" href=\"bower_components/bootstrap/dist/css/bootstrap.css\" />\n    \u003Clink rel=\"stylesheet\" href=\"bower_components/angular-bootstrap-datetimepicker/src/css/datetimepicker.css\" />\n    \u003Clink rel=\"stylesheet\" href=\"bower_components/angular-dialog-service/dist/dialogs.min.css\" />\n    \u003C!-- endbower -->\n    \u003Clink rel=\"stylesheet\" href=\"bower_components/jquery-ui/themes/base/all.css\" />\n    \u003C!-- endbuild -->\n    \u003C!-- build:css(.tmp) styles/main.css -->\n    \u003Clink rel=\"stylesheet\" href=\"styles/main.css\" />\n    \u003C!-- endbuild -->\n  \u003C/head>\n  \u003Cbody ng-app=\"vouchersUiApp\" class=\"ng-scope\">\n    \u003C!--[if lt IE 7]>\n      \u003Cp class=\"browsehappy\">You are using an \u003Cstrong>outdated\u003C/strong> browser. Please \u003Ca href=\"http://browsehappy.com/\">upgrade your browser\u003C/a> to improve your experience.\u003C/p>\n    \u003C![endif]-->\n    \u003Cserver-connection>\u003Cdiv class=\"col-md-12 alert-message\">\n\u003C!-- ngRepeat: alert in alerts -->\n\u003C/div>\n\u003C/server-connection>\n    \u003C!-- Add your site or application content here -->\n    \u003Cdiv class=\"container\">\n\n        \u003C!-- ngView:  -->\u003Cdiv ng-view=\"\" class=\"body ng-scope\">\u003C!-- ngInclude: undefined -->\u003Cng-include src=\"'/views/header.html'\" class=\"ng-scope\">\u003Cdiv class=\"header ng-scope\">\n    \u003Cul class=\"nav nav-pills pull-right\">\n        \u003Cli>\u003Ca id=\"campaigns-header\" ng-href=\"#/\" class=\"campaigns\" href=\"#/\">Campaigns\u003C/a>\u003C/li>\n        \u003Cli>\u003Ca id=\"create-campaign-header\" ng-href=\"#/campaign\" class=\"campaign ng-hide\" data-ng-show=\"showCreateCampaign()\" href=\"#/campaign\">Create Campaign\u003C/a>\u003C/li>\n        \u003Cli>\u003Ca id=\"search-vouchers-header\" ng-href=\"#/voucher\" class=\"campaign\" href=\"#/voucher\">Search Vouchers\u003C/a>\u003C/li>\n        \u003Cli>\u003Ca id=\"search-account-header\" ng-href=\"#/account\" class=\"campaign\" href=\"#/account\">Search Account\u003C/a>\u003C/li>\n    \u003C/ul>\n    \u003Ch3>\u003Ca ng-href=\"#/\" href=\"#/\">Voucher Manager\u003C/a>\u003C/h3>\n\u003C/div>\n\u003C/ng-include>\n\u003Cdiv class=\"row name-group ng-scope\">\n  \u003Cdiv class=\"col-md-12\">\n    \u003Ch4>Campaign List\u003C/h4>\n\n    \u003Cform class=\"form-inline search-form ng-pristine ng-valid ng-valid-minlength ng-valid-maxlength\" name=\"nameForm\">\n      \u003Cdiv class=\"form-group col-md-5 \">\n        \u003Clabel for=\"search-name\">Find\u003C/label>\n        \u003Cinput type=\"text\" ng-model=\"searchName\" delayed-model=\"searchName\" name=\"name\" class=\"form-control ng-pristine ng-untouched ng-valid ng-valid-minlength ng-valid-maxlength\" id=\"search-name\" ng-minlength=\"3\" maxlength=\"50\" placeholder=\"Campaign Name (Minimum 3 characters)\" />\n        \u003Cspan id=\"searchclear\" class=\"glyphicon glyphicon-remove-circle\" ng-click=\"clearSearchName()\">\u003C/span>\n      \u003C/div>\n    \u003C/form>\n    \u003Cdiv class=\"btn-group pull-right\">\n      \u003Cbutton type=\"submit\" class=\"btn btn-success\" ng-click=\"exportFilteredList()\">Export Campaign List\u003C/button>\n    \u003C/div>\n  \u003C/div>\n\u003C/div>\n\u003Cdiv class=\"row ng-scope\">\n  \u003Cform class=\"form-inline search-form filter-campaigns ng-pristine ng-valid ng-valid-date\" name=\"searchForm\">\n    \u003Cdiv class=\"col-md-12 ng-hide\" ng-hide=\"!showFilters\">\n      \u003Chr />\n      \u003Cdiv class=\"form-group date-group\">\n        \u003Clabel for=\"start\">Start Date\u003C/label>\n\n        \u003Cdiv class=\"dropdown\">\n          \u003Ca class=\"dropdown-toggle\" id=\"start-dropdown\" role=\"button\" data-toggle=\"dropdown\" data-target=\"#\" href=\"#\" aria-haspopup=\"true\" aria-expanded=\"false\">\n            \u003Cdiv class=\"input-group\">\u003Cinput type=\"text\" size=\"20\" class=\"form-control ng-pristine ng-untouched ng-valid ng-valid-date\" name=\"start\" id=\"start\" data-ng-model=\"search.start\" ng-change=\"checkFilterDateValidity()\" />\u003Cspan class=\"input-group-addon\">\u003Ci class=\"glyphicon glyphicon-calendar\">\u003C/i>\u003C/span>\u003C/div>\n          \u003C/a>\n          \u003Cul class=\"dropdown-menu\" role=\"menu\" aria-labelledby=\"dLabel\">\n            \u003Cdiv class=\"datetimepicker table-responsive ng-isolate-scope ng-valid\" data-ng-model=\"search.start\" data-datetimepicker-config=\"{ dropdownSelector: '#start-dropdown', startView:'day', minView:'day' }\" data-on-set-time=\"setStartDate(newDate, oldDate)\">\u003Ctable class=\"table table-striped  day-view\">   \u003Cthead>       \u003Ctr>           \u003Cth class=\"left\" data-ng-click=\"changeView(data.currentView, data.leftDate, $event)\" data-ng-show=\"data.leftDate.selectable\">\u003Ci class=\"glyphicon glyphicon-arrow-left\">\u003C/i>\u003C/th>           \u003Cth class=\"switch ng-binding\" colspan=\"5\" data-ng-show=\"data.previousViewDate.selectable\" data-ng-click=\"changeView(data.previousView, data.previousViewDate, $event)\">2015-Sep\u003C/th>           \u003Cth class=\"right\" data-ng-click=\"changeView(data.currentView, data.rightDate, $event)\" data-ng-show=\"data.rightDate.selectable\">\u003Ci class=\"glyphicon glyphicon-arrow-right\">\u003C/i>\u003C/th>       \u003C/tr>       \u003Ctr>           \u003C!-- ngRepeat: day in data.dayNames -->\u003Cth class=\"dow ng-binding ng-scope\" data-ng-repeat=\"day in data.dayNames\">Su\u003C/th>\u003C!-- end ngRepeat: day in data.dayNames -->\u003Cth class=\"dow ng-binding ng-scope\" data-ng-repeat=\"day in data.dayNames\">Mo\u003C/th>\u003C!-- end ngRepeat: day in data.dayNames -->\u003Cth class=\"dow ng-binding ng-scope\" data-ng-repeat=\"day in data.dayNames\">Tu\u003C/th>\u003C!-- end ngRepeat: day in data.dayNames -->\u003Cth class=\"dow ng-binding ng-scope\" data-ng-repeat=\"day in data.dayNames\">We\u003C/th>\u003C!-- end ngRepeat: day in data.dayNames -->\u003Cth class=\"dow ng-binding ng-scope\" data-ng-repeat=\"day in data.dayNames\">Th\u003C/th>\u003C!-- end ngRepeat: day in data.dayNames -->\u003Cth class=\"dow ng-binding ng-scope\" data-ng-repeat=\"day in data.dayNames\">Fr\u003C/th>\u003C!-- end ngRepeat: day in data.dayNames -->\u003Cth class=\"dow ng-binding ng-scope\" data-ng-repeat=\"day in data.dayNames\">Sa\u003C/th>\u003C!-- end ngRepeat: day in data.dayNames -->       \u003C/tr>   \u003C/thead>   \u003Ctbody>       \u003C!-- ngIf: data.currentView !== 'day' -->       \u003C!-- ngRepeat: week in data.weeks -->\u003C!-- ngIf: data.currentView === 'day' -->\u003Ctr data-ng-if=\"data.currentView === 'day'\" data-ng-repeat=\"week in data.weeks\" class=\"ng-scope\">           \u003C!-- ngRepeat: dateObject in week.dates -->\u003Ctd data-ng-repeat=\"dateObject in week.dates\" data-ng-click=\"changeView(data.nextView, dateObject, $event)\" class=\"day ng-binding ng-scope past\" data-ng-class=\"{active: dateObject.active, past: dateObject.past, future: dateObject.future, disabled: !dateObject.selectable}\">30\u003C/td>\u003C!-- end ngRepeat: dateObject in week.dates -->\u003Ctd data-ng-repeat=\"dateObject in week.dates\" data-ng-click=\"changeView(data.nextView, dateObject, $event)\" class=\"day ng-binding ng-scope past\" data-ng-class=\"{active: dateObject.active, past: dateObject"
11:39:54.109 [Forwarding getPageSource on session d94198a6aa3008d5ffaf97f92db0cb0c to remote] DEBUG org.apache.http.headers - http-outgoing-19 << HTTP/1.1 200 OK
11:39:54.109 [Forwarding getPageSource on session d94198a6aa3008d5ffaf97f92db0cb0c to remote] DEBUG org.apache.http.headers - http-outgoing-19 << Content-Length:51207
11:39:54.109 [Forwarding getPageSource on session d94198a6aa3008d5ffaf97f92db0cb0c to remote] DEBUG org.apache.http.headers - http-outgoing-19 << Content-Type:application/json; charset=utf-8
11:39:54.109 [Forwarding getPageSource on session d94198a6aa3008d5ffaf97f92db0cb0c to remote] DEBUG org.apache.http.headers - http-outgoing-19 << Connection:close
11:39:54.109 [Forwarding getPageSource on session d94198a6aa3008d5ffaf97f92db0cb0c to remote] DEBUG org.apache.http.wire - http-outgoing-19 << ".past, future: dateObject.future, disabled: !dateObject.selectable}\">31\u003C/td>\u003C!-- end ngRepeat: dateObject in week.dates -->\u003Ctd data-ng-repeat=\"dateObject in week.dates\" data-ng-click=\"changeView(data.nextView, dateObject, $event)\" class=\"day ng-binding ng-scope\" data-ng-class=\"{active: dateObject.active, past: dateObject.past, future: dateObject.future, disabled: !dateObject.selectable}\">1\u003C/td>\u003C!-- end ngRepeat: dateObject in week.dates -->\u003Ctd data-ng-repeat=\"dateObject in week.dates\" data-ng-click=\"changeView(data.nextView, dateObject, $event)\" class=\"day ng-binding ng-scope\" data-ng-class=\"{active: dateObject.active, past: dateObject.past, future: dateObject.future, disabled: !dateObject.selectable}\">2\u003C/td>\u003C!-- end ngRepeat: dateObject in week.dates -->\u003Ctd data-ng-repeat=\"dateObject in week.dates\" data-ng-click=\"changeView(data.nextView, dateObject, $event)\" class=\"day ng-binding ng-scope\" data-ng-class=\"{active: dateObject.active, past: dateObject.past, future: dateObject.future, disabled: !dateObject.selectable}\">3\u003C/td>\u003C!-- end ngRepeat: dateObject in week.dates -->\u003Ctd data-ng-repeat=\"dateObject in week.dates\" data-ng-click=\"changeView(data.nextView, dateObject, $event)\" class=\"day ng-binding ng-scope\" data-ng-class=\"{active: dateObject.active, past: dateObject.past, future: dateObject.future, disabled: !dateObject.selectable}\">4\u003C/td>\u003C!-- end ngRepeat: dateObject in week.dates -->\u003Ctd data-ng-repeat=\"dateObject in week.dates\" data-ng-click=\"changeView(data.nextView, dateObject, $event)\" class=\"day ng-binding ng-scope\" data-ng-class=\"{active: dateObject.active, past: dateObject.past, future: dateObject.future, disabled: !dateObject.selectable}\">5\u003C/td>\u003C!-- end ngRepeat: dateObject in week.dates -->       \u003C/tr>\u003C!-- end ngIf: data.currentView === 'day' -->\u003C!-- end ngRepeat: week in data.weeks -->\u003C!-- ngIf: data.currentView === 'day' -->\u003Ctr data-ng-if=\"data.currentView === 'day'\" data-ng-repeat=\"week in data.weeks\" class=\"ng-scope\">           \u003C!-- ngRepeat: dateObject in week.dates -->\u003Ctd data-ng-repeat=\"dateObject in week.dates\" data-ng-click=\"changeView(data.nextView, dateObject, $event)\" class=\"day ng-binding ng-scope\" data-ng-class=\"{active: dateObject.active, past: dateObject.past, future: dateObject.future, disabled: !dateObject.selectable}\">6\u003C/td>\u003C!-- end ngRepeat: dateObject in week.dates -->\u003Ctd data-ng-repeat=\"dateObject in week.dates\" data-ng-click=\"changeView(data.nextView, dateObject, $event)\" class=\"day ng-binding ng-scope\" data-ng-class=\"{active: dateObject.active, past: dateObject.past, future: dateObject.future, disabled: !dateObject.selectable}\">7\u003C/td>\u003C!-- end ngRepeat: dateObject in week.dates -->\u003Ctd data-ng-repeat=\"dateObject in week.dates\" data-ng-click=\"changeView(data.nextView, dateObject, $event)\" class=\"day ng-binding ng-scope\" data-ng-class=\"{active: dateObject.active, past: dateObject.past, future: dateObject.future, disabled: !dateObject.selectable}\">8\u003C/td>\u003C!-- end ngRepeat: dateObject in week.dates -->\u003Ctd data-ng-repeat=\"dateObject in week.dates\" data-ng-click=\"changeView(data.nextView, dateObject, $event)\" class=\"day ng-binding ng-scope\" data-ng-class=\"{active: dateObject.active, past: dateObject.past, future: dateObject.future, disabled: !dateObject.selectable}\">9\u003C/td>\u003C!-- end ngRepeat: dateObject in week.dates -->\u003Ctd data-ng-repeat=\"dateObject in week.dates\" data-ng-click=\"changeView(data.nextView, dateObject, $event)\" class=\"day ng-binding ng-scope\" data-ng-class=\"{active: dateObject.active, past: dateObject.past, future: dateObject.future, disabled: !dateObject.selectable}\">10\u003C/td>\u003C!-- end ngRepeat: dateObject in week.dates -->\u003Ctd data-ng-repeat=\"dateObject in week.dates\" data-ng-click=\"changeView(data.nextView, dateObject, $event)\" class=\"day ng-binding ng-scope\" data-ng-class=\"{active: dateObject.active, "
11:39:54.110 [Forwarding getPageSource on session d94198a6aa3008d5ffaf97f92db0cb0c to remote] DEBUG org.apache.http.wire - http-outgoing-19 << "past: dateObject.past, future: dateObject.future, disabled: !dateObject.selectable}\">11\u003C/td>\u003C!-- end ngRepeat: dateObject in week.dates -->\u003Ctd data-ng-repeat=\"dateObject in week.dates\" data-ng-click=\"changeView(data.nextView, dateObject, $event)\" class=\"day ng-binding ng-scope\" data-ng-class=\"{active: dateObject.active, past: dateObject.past, future: dateObject.future, disabled: !dateObject.selectable}\">12\u003C/td>\u003C!-- end ngRepeat: dateObject in week.dates -->       \u003C/tr>\u003C!-- end ngIf: data.currentView === 'day' -->\u003C!-- end ngRepeat: week in data.weeks -->\u003C!-- ngIf: data.currentView === 'day' -->\u003Ctr data-ng-if=\"data.currentView === 'day'\" data-ng-repeat=\"week in data.weeks\" class=\"ng-scope\">           \u003C!-- ngRepeat: dateObject in week.dates -->\u003Ctd data-ng-repeat=\"dateObject in week.dates\" data-ng-click=\"changeView(data.nextView, dateObject, $event)\" class=\"day ng-binding ng-scope\" data-ng-class=\"{active: dateObject.active, past: dateObject.past, future: dateObject.future, disabled: !dateObject.selectable}\">13\u003C/td>\u003C!-- end ngRepeat: dateObject in week.dates -->\u003Ctd data-ng-repeat=\"dateObject in week.dates\" data-ng-click=\"changeView(data.nextView, dateObject, $event)\" class=\"day ng-binding ng-scope\" data-ng-class=\"{active: dateObject.active, past: dateObject.past, future: dateObject.future, disabled: !dateObject.selectable}\">14\u003C/td>\u003C!-- end ngRepeat: dateObject in week.dates -->\u003Ctd data-ng-repeat=\"dateObject in week.dates\" data-ng-click=\"changeView(data.nextView, dateObject, $event)\" class=\"day ng-binding ng-scope\" data-ng-class=\"{active: dateObject.active, past: dateObject.past, future: dateObject.future, disabled: !dateObject.selectable}\">15\u003C/td>\u003C!-- end ngRepeat: dateObject in week.dates -->\u003Ctd data-ng-repeat=\"dateObject in week.dates\" data-ng-click=\"changeView(data.nextView, dateObject, $event)\" class=\"day ng-binding ng-scope\" data-ng-class=\"{active: dateObject.active, past: dateObject.past, future: dateObject.future, disabled: !dateObject.selectable}\">16\u003C/td>\u003C!-- end ngRepeat: dateObject in week.dates -->\u003Ctd data-ng-repeat=\"dateObject in week.dates\" data-ng-click=\"changeView(data.nextView, dateObject, $event)\" class=\"day ng-binding ng-scope\" data-ng-class=\"{active: dateObject.active, past: dateObject.past, future: dateObject.future, disabled: !dateObject.selectable}\">17\u003C/td>\u003C!-- end ngRepeat: dateObject in week.dates -->\u003Ctd data-ng-repeat=\"dateObject in week.dates\" data-ng-click=\"changeView(data.nextView, dateObject, $event)\" class=\"day ng-binding ng-scope\" data-ng-class=\"{active: dateObject.active, past: dateObject.past, future: dateObject.future, disabled: !dateObject.selectable}\">18\u003C/td>\u003C!-- end ngRepeat: dateObject in week.dates -->\u003Ctd data-ng-repeat=\"dateObject in week.dates\" data-ng-click=\"changeView(data.nextView, dateObject, $event)\" class=\"day ng-binding ng-scope\" data-ng-class=\"{active: dateObject.active, past: dateObject.past, future: dateObject.future, disabled: !dateObject.selectable}\">19\u003C/td>\u003C!-- end ngRepeat: dateObject in week.dates -->       \u003C/tr>\u003C!-- end ngIf: data.currentView === 'day' -->\u003C!-- end ngRepeat: week in data.weeks -->\u003C!-- ngIf: data.currentView === 'day' -->\u003Ctr data-ng-if=\"data.currentView === 'day'\" data-ng-repeat=\"week in data.weeks\" class=\"ng-scope\">           \u003C!-- ngRepeat: dateObject in week.dates -->\u003Ctd data-ng-repeat=\"dateObject in week.dates\" data-ng-click=\"changeView(data.nextView, dateObject, $event)\" class=\"day ng-binding ng-scope\" data-ng-class=\"{active: dateObject.active, past: dateObject.past, future: dateObject.future, disabled: !dateObject.selectable}\">20\u003C/td>\u003C!-- end ngRepeat: dateObject in week.dates -->\u003Ctd data-ng-repeat=\"dateObject in week.dates\" data-ng-click=\"changeView(data.nextView, dateObject, $event)\" class=\"day ng-binding ng-scope\" data-ng-class=\"{active: dateObject.ac"
11:39:54.110 [Forwarding getPageSource on session d94198a6aa3008d5ffaf97f92db0cb0c to remote] DEBUG org.apache.http.wire - http-outgoing-19 << "tive, past: dateObject.past, future: dateObject.future, disabled: !dateObject.selectable}\">21\u003C/td>\u003C!-- end ngRepeat: dateObject in week.dates -->\u003Ctd data-ng-repeat=\"dateObject in week.dates\" data-ng-click=\"changeView(data.nextView, dateObject, $event)\" class=\"day ng-binding ng-scope\" data-ng-class=\"{active: dateObject.active, past: dateObject.past, future: dateObject.future, disabled: !dateObject.selectable}\">22\u003C/td>\u003C!-- end ngRepeat: dateObject in week.dates -->\u003Ctd data-ng-repeat=\"dateObject in week.dates\" data-ng-click=\"changeView(data.nextView, dateObject, $event)\" class=\"day ng-binding ng-scope\" data-ng-class=\"{active: dateObject.active, past: dateObject.past, future: dateObject.future, disabled: !dateObject.selectable}\">23\u003C/td>\u003C!-- end ngRepeat: dateObject in week.dates -->\u003Ctd data-ng-repeat=\"dateObject in week.dates\" data-ng-click=\"changeView(data.nextView, dateObject, $event)\" class=\"day ng-binding ng-scope\" data-ng-class=\"{active: dateObject.active, past: dateObject.past, future: dateObject.future, disabled: !dateObject.selectable}\">24\u003C/td>\u003C!-- end ngRepeat: dateObject in week.dates -->\u003Ctd data-ng-repeat=\"dateObject in week.dates\" data-ng-click=\"changeView(data.nextView, dateObject, $event)\" class=\"day ng-binding ng-scope\" data-ng-class=\"{active: dateObject.active, past: dateObject.past, future: dateObject.future, disabled: !dateObject.selectable}\">25\u003C/td>\u003C!-- end ngRepeat: dateObject in week.dates -->\u003Ctd data-ng-repeat=\"dateObject in week.dates\" data-ng-click=\"changeView(data.nextView, dateObject, $event)\" class=\"day ng-binding ng-scope\" data-ng-class=\"{active: dateObject.active, past: dateObject.past, future: dateObject.future, disabled: !dateObject.selectable}\">26\u003C/td>\u003C!-- end ngRepeat: dateObject in week.dates -->       \u003C/tr>\u003C!-- end ngIf: data.currentView === 'day' -->\u003C!-- end ngRepeat: week in data.weeks -->\u003C!-- ngIf: data.currentView === 'day' -->\u003Ctr data-ng-if=\"data.currentView === 'day'\" data-ng-repeat=\"week in data.weeks\" class=\"ng-scope\">           \u003C!-- ngRepeat: dateObject in week.dates -->\u003Ctd data-ng-repeat=\"dateObject in week.dates\" data-ng-click=\"changeView(data.nextView, dateObject, $event)\" class=\"day ng-binding ng-scope\" data-ng-class=\"{active: dateObject.active, past: dateObject.past, future: dateObject.future, disabled: !dateObject.selectable}\">27\u003C/td>\u003C!-- end ngRepeat: dateObject in week.dates -->\u003Ctd data-ng-repeat=\"dateObject in week.dates\" data-ng-click=\"changeView(data.nextView, dateObject, $event)\" class=\"day ng-binding ng-scope\" data-ng-class=\"{active: dateObject.active, past: dateObject.past, future: dateObject.future, disabled: !dateObject.selectable}\">28\u003C/td>\u003C!-- end ngRepeat: dateObject in week.dates -->\u003Ctd data-ng-repeat=\"dateObject in week.dates\" data-ng-click=\"changeView(data.nextView, dateObject, $event)\" class=\"day ng-binding ng-scope\" data-ng-class=\"{active: dateObject.active, past: dateObject.past, future: dateObject.future, disabled: !dateObject.selectable}\">29\u003C/td>\u003C!-- end ngRepeat: dateObject in week.dates -->\u003Ctd data-ng-repeat=\"dateObject in week.dates\" data-ng-click=\"changeView(data.nextView, dateObject, $event)\" class=\"day ng-binding ng-scope\" data-ng-class=\"{active: dateObject.active, past: dateObject.past, future: dateObject.future, disabled: !dateObject.selectable}\">30\u003C/td>\u003C!-- end ngRepeat: dateObject in week.dates -->\u003Ctd data-ng-repeat=\"dateObject in week.dates\" data-ng-click=\"changeView(data.nextView, dateObject, $event)\" class=\"day ng-binding ng-scope future\" data-ng-class=\"{active: dateObject.active, past: dateObject.past, future: dateObject.future, disabled: !dateObject.selectable}\">1\u003C/td>\u003C!-- end ngRepeat: dateObject in week.dates -->\u003Ctd data-ng-repeat=\"dateObject in week.dates\" data-ng-click=\"changeView(data.nextView, dateObject, $event)\" class=\"day ng-binding ng-scope future\" "
11:39:54.110 [Forwarding getPageSource on session d94198a6aa3008d5ffaf97f92db0cb0c to remote] DEBUG org.apache.http.wire - http-outgoing-19 << "data-ng-class=\"{active: dateObject.active, past: dateObject.past, future: dateObject.future, disabled: !dateObject.selectable}\">2\u003C/td>\u003C!-- end ngRepeat: dateObject in week.dates -->\u003Ctd data-ng-repeat=\"dateObject in week.dates\" data-ng-click=\"changeView(data.nextView, dateObject, $event)\" class=\"day ng-binding ng-scope future\" data-ng-class=\"{active: dateObject.active, past: dateObject.past, future: dateObject.future, disabled: !dateObject.selectable}\">3\u003C/td>\u003C!-- end ngRepeat: dateObject in week.dates -->       \u003C/tr>\u003C!-- end ngIf: data.currentView === 'day' -->\u003C!-- end ngRepeat: week in data.weeks -->\u003C!-- ngIf: data.currentView === 'day' -->\u003Ctr data-ng-if=\"data.currentView === 'day'\" data-ng-repeat=\"week in data.weeks\" class=\"ng-scope\">           \u003C!-- ngRepeat: dateObject in week.dates -->\u003Ctd data-ng-repeat=\"dateObject in week.dates\" data-ng-click=\"changeView(data.nextView, dateObject, $event)\" class=\"day ng-binding ng-scope future\" data-ng-class=\"{active: dateObject.active, past: dateObject.past, future: dateObject.future, disabled: !dateObject.selectable}\">4\u003C/td>\u003C!-- end ngRepeat: dateObject in week.dates -->\u003Ctd data-ng-repeat=\"dateObject in week.dates\" data-ng-click=\"changeView(data.nextView, dateObject, $event)\" class=\"day ng-binding ng-scope future\" data-ng-class=\"{active: dateObject.active, past: dateObject.past, future: dateObject.future, disabled: !dateObject.selectable}\">5\u003C/td>\u003C!-- end ngRepeat: dateObject in week.dates -->\u003Ctd data-ng-repeat=\"dateObject in week.dates\" data-ng-click=\"changeView(data.nextView, dateObject, $event)\" class=\"day ng-binding ng-scope future\" data-ng-class=\"{active: dateObject.active, past: dateObject.past, future: dateObject.future, disabled: !dateObject.selectable}\">6\u003C/td>\u003C!-- end ngRepeat: dateObject in week.dates -->\u003Ctd data-ng-repeat=\"dateObject in week.dates\" data-ng-click=\"changeView(data.nextView, dateObject, $event)\" class=\"day ng-binding ng-scope future\" data-ng-class=\"{active: dateObject.active, past: dateObject.past, future: dateObject.future, disabled: !dateObject.selectable}\">7\u003C/td>\u003C!-- end ngRepeat: dateObject in week.dates -->\u003Ctd data-ng-repeat=\"dateObject in week.dates\" data-ng-click=\"changeView(data.nextView, dateObject, $event)\" class=\"day ng-binding ng-scope future\" data-ng-class=\"{active: dateObject.active, past: dateObject.past, future: dateObject.future, disabled: !dateObject.selectable}\">8\u003C/td>\u003C!-- end ngRepeat: dateObject in week.dates -->\u003Ctd data-ng-repeat=\"dateObject in week.dates\" data-ng-click=\"changeView(data.nextView, dateObject, $event)\" class=\"day ng-binding ng-scope future\" data-ng-class=\"{active: dateObject.active, past: dateObject.past, future: dateObject.future, disabled: !dateObject.selectable}\">9\u003C/td>\u003C!-- end ngRepeat: dateObject in week.dates -->\u003Ctd data-ng-repeat=\"dateObject in week.dates\" data-ng-click=\"changeView(data.nextView, dateObject, $event)\" class=\"day ng-binding ng-scope future\" data-ng-class=\"{active: dateObject.active, past: dateObject.past, future: dateObject.future, disabled: !dateObject.selectable}\">10\u003C/td>\u003C!-- end ngRepeat: dateObject in week.dates -->       \u003C/tr>\u003C!-- end ngIf: data.currentView === 'day' -->\u003C!-- end ngRepeat: week in data.weeks -->   \u003C/tbody>\u003C/table>\u003C/div>\n          \u003C/ul>\n        \u003C/div>\n      \u003C/div>\n      \u003Cdiv class=\"form-group  date-group\">\n        \u003Clabel for=\"end\">End Date\u003C/label>\n        \u003Cdiv class=\"dropdown\">\n          \u003Ca class=\"dropdown-toggle\" id=\"end-dropdown\" role=\"button\" data-toggle=\"dropdown\" data-target=\"#\" href=\"#\" aria-haspopup=\"true\" aria-expanded=\"false\">\n            \u003Cdiv class=\"input-group\">\u003Cinput type=\"text\" size=\"20\" class=\"form-control ng-pristine ng-untouched ng-valid ng-valid-date\" name=\"end\" id=\"end\" data-ng-model=\"search.end\" ng-change=\"check"
11:39:54.110 [Forwarding getPageSource on session d94198a6aa3008d5ffaf97f92db0cb0c to remote] DEBUG org.apache.http.wire - http-outgoing-19 << "FilterDateValidity()\" />\u003Cspan class=\"input-group-addon\">\u003Ci class=\"glyphicon glyphicon-calendar\">\u003C/i>\u003C/span>\u003C/div>\n          \u003C/a>\n          \u003Cul class=\"dropdown-menu\" role=\"menu\" aria-labelledby=\"dLabel\">\n            \u003Cdiv class=\"datetimepicker table-responsive ng-isolate-scope ng-valid\" data-ng-model=\"search.end\" data-datetimepicker-config=\"{ dropdownSelector: '#end-dropdown', startView:'day', minView:'day' }\" data-on-set-time=\"setEndDate(newDate, oldDate)\">\u003Ctable class=\"table table-striped  day-view\">   \u003Cthead>       \u003Ctr>           \u003Cth class=\"left\" data-ng-click=\"changeView(data.currentView, data.leftDate, $event)\" data-ng-show=\"data.leftDate.selectable\">\u003Ci class=\"glyphicon glyphicon-arrow-left\">\u003C/i>\u003C/th>           \u003Cth class=\"switch ng-binding\" colspan=\"5\" data-ng-show=\"data.previousViewDate.selectable\" data-ng-click=\"changeView(data.previousView, data.previousViewDate, $event)\">2015-Sep\u003C/th>           \u003Cth class=\"right\" data-ng-click=\"changeView(data.currentView, data.rightDate, $event)\" data-ng-show=\"data.rightDate.selectable\">\u003Ci class=\"glyphicon glyphicon-arrow-right\">\u003C/i>\u003C/th>       \u003C/tr>       \u003Ctr>           \u003C!-- ngRepeat: day in data.dayNames -->\u003Cth class=\"dow ng-binding ng-scope\" data-ng-repeat=\"day in data.dayNames\">Su\u003C/th>\u003C!-- end ngRepeat: day in data.dayNames -->\u003Cth class=\"dow ng-binding ng-scope\" data-ng-repeat=\"day in data.dayNames\">Mo\u003C/th>\u003C!-- end ngRepeat: day in data.dayNames -->\u003Cth class=\"dow ng-binding ng-scope\" data-ng-repeat=\"day in data.dayNames\">Tu\u003C/th>\u003C!-- end ngRepeat: day in data.dayNames -->\u003Cth class=\"dow ng-binding ng-scope\" data-ng-repeat=\"day in data.dayNames\">We\u003C/th>\u003C!-- end ngRepeat: day in data.dayNames -->\u003Cth class=\"dow ng-binding ng-scope\" data-ng-repeat=\"day in data.dayNames\">Th\u003C/th>\u003C!-- end ngRepeat: day in data.dayNames -->\u003Cth class=\"dow ng-binding ng-scope\" data-ng-repeat=\"day in data.dayNames\">Fr\u003C/th>\u003C!-- end ngRepeat: day in data.dayNames -->\u003Cth class=\"dow ng-binding ng-scope\" data-ng-repeat=\"day in data.dayNames\">Sa\u003C/th>\u003C!-- end ngRepeat: day in data.dayNames -->       \u003C/tr>   \u003C/thead>   \u003Ctbody>       \u003C!-- ngIf: data.currentView !== 'day' -->       \u003C!-- ngRepeat: week in data.weeks -->\u003C!-- ngIf: data.currentView === 'day' -->\u003Ctr data-ng-if=\"data.currentView === 'day'\" data-ng-repeat=\"week in data.weeks\" class=\"ng-scope\">           \u003C!-- ngRepeat: dateObject in week.dates -->\u003Ctd data-ng-repeat=\"dateObject in week.dates\" data-ng-click=\"changeView(data.nextView, dateObject, $event)\" class=\"day ng-binding ng-scope past\" data-ng-class=\"{active: dateObject.active, past: dateObject.past, future: dateObject.future, disabled: !dateObject.selectable}\">30\u003C/td>\u003C!-- end ngRepeat: dateObject in week.dates -->\u003Ctd data-ng-repeat=\"dateObject in week.dates\" data-ng-click=\"changeView(data.nextView, dateObject, $event)\" class=\"day ng-binding ng-scope past\" data-ng-class=\"{active: dateObject.active, past: dateObject.past, future: dateObject.future, disabled: !dateObject.selectable}\">31\u003C/td>\u003C!-- end ngRepeat: dateObject in week.dates -->\u003Ctd data-ng-repeat=\"dateObject in week.dates\" data-ng-click=\"changeView(data.nextView, dateObject, $event)\" class=\"day ng-binding ng-scope\" data-ng-class=\"{active: dateObject.active, past: dateObject.past, future: dateObject.future, disabled: !dateObject.selectable}\">1\u003C/td>\u003C!-- end ngRepeat: dateObject in week.dates -->\u003Ctd data-ng-repeat=\"dateObject in week.dates\" data-ng-click=\"changeView(data.nextView, dateObject, $event)\" class=\"day ng-binding ng-scope\" data-ng-class=\"{active: dateObject.active, past: dateObject.past, future: dateObject.future, disabled: !dateObject.selectable}\">2\u003C/td>\u003C!-- end ngRepeat: dateObject in week.dates -->\u003Ctd"
11:39:54.110 [Forwarding getPageSource on session d94198a6aa3008d5ffaf97f92db0cb0c to remote] DEBUG org.apache.http.wire - http-outgoing-19 << " data-ng-repeat=\"dateObject in week.dates\" data-ng-click=\"changeView(data.nextView, dateObject, $event)\" class=\"day ng-binding ng-scope\" data-ng-class=\"{active: dateObject.active, past: dateObject.past, future: dateObject.future, disabled: !dateObject.selectable}\">3\u003C/td>\u003C!-- end ngRepeat: dateObject in week.dates -->\u003Ctd data-ng-repeat=\"dateObject in week.dates\" data-ng-click=\"changeView(data.nextView, dateObject, $event)\" class=\"day ng-binding ng-scope\" data-ng-class=\"{active: dateObject.active, past: dateObject.past, future: dateObject.future, disabled: !dateObject.selectable}\">4\u003C/td>\u003C!-- end ngRepeat: dateObject in week.dates -->\u003Ctd data-ng-repeat=\"dateObject in week.dates\" data-ng-click=\"changeView(data.nextView, dateObject, $event)\" class=\"day ng-binding ng-scope\" data-ng-class=\"{active: dateObject.active, past: dateObject.past, future: dateObject.future, disabled: !dateObject.selectable}\">5\u003C/td>\u003C!-- end ngRepeat: dateObject in week.dates -->       \u003C/tr>\u003C!-- end ngIf: data.currentView === 'day' -->\u003C!-- end ngRepeat: week in data.weeks -->\u003C!-- ngIf: data.currentView === 'day' -->\u003Ctr data-ng-if=\"data.currentView === 'day'\" data-ng-repeat=\"week in data.weeks\" class=\"ng-scope\">           \u003C!-- ngRepeat: dateObject in week.dates -->\u003Ctd data-ng-repeat=\"dateObject in week.dates\" data-ng-click=\"changeView(data.nextView, dateObject, $event)\" class=\"day ng-binding ng-scope\" data-ng-class=\"{active: dateObject.active, past: dateObject.past, future: dateObject.future, disabled: !dateObject.selectable}\">6\u003C/td>\u003C!-- end ngRepeat: dateObject in week.dates -->\u003Ctd data-ng-repeat=\"dateObject in week.dates\" data-ng-click=\"changeView(data.nextView, dateObject, $event)\" class=\"day ng-binding ng-scope\" data-ng-class=\"{active: dateObject.active, past: dateObject.past, future: dateObject.future, disabled: !dateObject.selectable}\">7\u003C/td>\u003C!-- end ngRepeat: dateObject in week.dates -->\u003Ctd data-ng-repeat=\"dateObject in week.dates\" data-ng-click=\"changeView(data.nextView, dateObject, $event)\" class=\"day ng-binding ng-scope\" data-ng-class=\"{active: dateObject.active, past: dateObject.past, future: dateObject.future, disabled: !dateObject.selectable}\">8\u003C/td>\u003C!-- end ngRepeat: dateObject in week.dates -->\u003Ctd data-ng-repeat=\"dateObject in week.dates\" data-ng-click=\"changeView(data.nextView, dateObject, $event)\" class=\"day ng-binding ng-scope\" data-ng-class=\"{active: dateObject.active, past: dateObject.past, future: dateObject.future, disabled: !dateObject.selectable}\">9\u003C/td>\u003C!-- end ngRepeat: dateObject in week.dates -->\u003Ctd data-ng-repeat=\"dateObject in week.dates\" data-ng-click=\"changeView(data.nextView, dateObject, $event)\" class=\"day ng-binding ng-scope\" data-ng-class=\"{active: dateObject.active, past: dateObject.past, future: dateObject.future, disabled: !dateObject.selectable}\">10\u003C/td>\u003C!-- end ngRepeat: dateObject in week.dates -->\u003Ctd data-ng-repeat=\"dateObject in week.dates\" data-ng-click=\"changeView(data.nextView, dateObject, $event)\" class=\"day ng-binding ng-scope\" data-ng-class=\"{active: dateObject.active, past: dateObject.past, future: dateObject.future, disabled: !dateObject.selectable}\">11\u003C/td>\u003C!-- end ngRepeat: dateObject in week.dates -->\u003Ctd data-ng-repeat=\"dateObject in week.dates\" data-ng-click=\"changeView(data.nextView, dateObject, $event)\" class=\"day ng-binding ng-scope\" data-ng-class=\"{active: dateObject.active, past: dateObject.past, future: dateObject.future, disabled: !dateObject.selectable}\">12\u003C/td>\u003C!-- end ngRepeat: dateObject in week.dates -->       \u003C/tr>\u003C!-- end ngIf: data.currentView === 'day' -->\u003C!-- end ngRepeat: week in data.weeks -->\u003C!-- ngIf: data.currentView === 'day' -->\u003Ctr data-ng-if=\"data.currentView === 'day'\" data-ng-repeat=\"week in data.weeks\" class=\"ng-scope\">           \u003C!-- ngRepeat: dateObject in week.dates -->\u003Ctd "
11:39:54.110 [Forwarding getPageSource on session d94198a6aa3008d5ffaf97f92db0cb0c to remote] DEBUG org.apache.http.wire - http-outgoing-19 << "data-ng-repeat=\"dateObject in week.dates\" data-ng-click=\"changeView(data.nextView, dateObject, $event)\" class=\"day ng-binding ng-scope\" data-ng-class=\"{active: dateObject.active, past: dateObject.past, future: dateObject.future, disabled: !dateObject.selectable}\">13\u003C/td>\u003C!-- end ngRepeat: dateObject in week.dates -->\u003Ctd data-ng-repeat=\"dateObject in week.dates\" data-ng-click=\"changeView(data.nextView, dateObject, $event)\" class=\"day ng-binding ng-scope\" data-ng-class=\"{active: dateObject.active, past: dateObject.past, future: dateObject.future, disabled: !dateObject.selectable}\">14\u003C/td>\u003C!-- end ngRepeat: dateObject in week.dates -->\u003Ctd data-ng-repeat=\"dateObject in week.dates\" data-ng-click=\"changeView(data.nextView, dateObject, $event)\" class=\"day ng-binding ng-scope\" data-ng-class=\"{active: dateObject.active, past: dateObject.past, future: dateObject.future, disabled: !dateObject.selectable}\">15\u003C/td>\u003C!-- end ngRepeat: dateObject in week.dates -->\u003Ctd data-ng-repeat=\"dateObject in week.dates\" data-ng-click=\"changeView(data.nextView, dateObject, $event)\" class=\"day ng-binding ng-scope\" data-ng-class=\"{active: dateObject.active, past: dateObject.past, future: dateObject.future, disabled: !dateObject.selectable}\">16\u003C/td>\u003C!-- end ngRepeat: dateObject in week.dates -->\u003Ctd data-ng-repeat=\"dateObject in week.dates\" data-ng-click=\"changeView(data.nextView, dateObject, $event)\" class=\"day ng-binding ng-scope\" data-ng-class=\"{active: dateObject.active, past: dateObject.past, future: dateObject.future, disabled: !dateObject.selectable}\">17\u003C/td>\u003C!-- end ngRepeat: dateObject in week.dates -->\u003Ctd data-ng-repeat=\"dateObject in week.dates\" data-ng-click=\"changeView(data.nextView, dateObject, $event)\" class=\"day ng-binding ng-scope\" data-ng-class=\"{active: dateObject.active, past: dateObject.past, future: dateObject.future, disabled: !dateObject.selectable}\">18\u003C/td>\u003C!-- end ngRepeat: dateObject in week.dates -->\u003Ctd data-ng-repeat=\"dateObject in week.dates\" data-ng-click=\"changeView(data.nextView, dateObject, $event)\" class=\"day ng-binding ng-scope\" data-ng-class=\"{active: dateObject.active, past: dateObject.past, future: dateObject.future, disabled: !dateObject.selectable}\">19\u003C/td>\u003C!-- end ngRepeat: dateObject in week.dates -->       \u003C/tr>\u003C!-- end ngIf: data.currentView === 'day' -->\u003C!-- end ngRepeat: week in data.weeks -->\u003C!-- ngIf: data.currentView === 'day' -->\u003Ctr data-ng-if=\"data.currentView === 'day'\" data-ng-repeat=\"week in data.weeks\" class=\"ng-scope\">           \u003C!-- ngRepeat: dateObject in week.dates -->\u003Ctd data-ng-repeat=\"dateObject in week.dates\" data-ng-click=\"changeView(data.nextView, dateObject, $event)\" class=\"day ng-binding ng-scope\" data-ng-class=\"{active: dateObject.active, past: dateObject.past, future: dateObject.future, disabled: !dateObject.selectable}\">20\u003C/td>\u003C!-- end ngRepeat: dateObject in week.dates -->\u003Ctd data-ng-repeat=\"dateObject in week.dates\" data-ng-click=\"changeView(data.nextView, dateObject, $event)\" class=\"day ng-binding ng-scope\" data-ng-class=\"{active: dateObject.active, past: dateObject.past, future: dateObject.future, disabled: !dateObject.selectable}\">21\u003C/td>\u003C!-- end ngRepeat: dateObject in week.dates -->\u003Ctd data-ng-repeat=\"dateObject in week.dates\" data-ng-click=\"changeView(data.nextView, dateObject, $event)\" class=\"day ng-binding ng-scope\" data-ng-class=\"{active: dateObject.active, past: dateObject.past, future: dateObject.future, disabled: !dateObject.selectable}\">22\u003C/td>\u003C!-- end ngRepeat: dateObject in week.dates -->\u003Ctd data-ng-repeat=\"dateObject in week.dates\" data-ng-click=\"changeView(data.nextView, dateObject, $event)\" class=\"day ng-binding ng-scope\" data-ng-class=\"{active: dateObject.active, past: dateObject.past, future: dateObject.future, disabled: !dateObject.selectable}\">23\u003C/td>\u003C!-- end ngRepeat: dateObject i"
11:39:54.110 [Forwarding getPageSource on session d94198a6aa3008d5ffaf97f92db0cb0c to remote] DEBUG org.apache.http.wire - http-outgoing-19 << "n week.dates -->\u003Ctd data-ng-repeat=\"dateObject in week.dates\" data-ng-click=\"changeView(data.nextView, dateObject, $event)\" class=\"day ng-binding ng-scope\" data-ng-class=\"{active: dateObject.active, past: dateObject.past, future: dateObject.future, disabled: !dateObject.selectable}\">24\u003C/td>\u003C!-- end ngRepeat: dateObject in week.dates -->\u003Ctd data-ng-repeat=\"dateObject in week.dates\" data-ng-click=\"changeView(data.nextView, dateObject, $event)\" class=\"day ng-binding ng-scope\" data-ng-class=\"{active: dateObject.active, past: dateObject.past, future: dateObject.future, disabled: !dateObject.selectable}\">25\u003C/td>\u003C!-- end ngRepeat: dateObject in week.dates -->\u003Ctd data-ng-repeat=\"dateObject in week.dates\" data-ng-click=\"changeView(data.nextView, dateObject, $event)\" class=\"day ng-binding ng-scope\" data-ng-class=\"{active: dateObject.active, past: dateObject.past, future: dateObject.future, disabled: !dateObject.selectable}\">26\u003C/td>\u003C!-- end ngRepeat: dateObject in week.dates -->       \u003C/tr>\u003C!-- end ngIf: data.currentView === 'day' -->\u003C!-- end ngRepeat: week in data.weeks -->\u003C!-- ngIf: data.currentView === 'day' -->\u003Ctr data-ng-if=\"data.currentView === 'day'\" data-ng-repeat=\"week in data.weeks\" class=\"ng-scope\">           \u003C!-- ngRepeat: dateObject in week.dates -->\u003Ctd data-ng-repeat=\"dateObject in week.dates\" data-ng-click=\"changeView(data.nextView, dateObject, $event)\" class=\"day ng-binding ng-scope\" data-ng-class=\"{active: dateObject.active, past: dateObject.past, future: dateObject.future, disabled: !dateObject.selectable}\">27\u003C/td>\u003C!-- end ngRepeat: dateObject in week.dates -->\u003Ctd data-ng-repeat=\"dateObject in week.dates\" data-ng-click=\"changeView(data.nextView, dateObject, $event)\" class=\"day ng-binding ng-scope\" data-ng-class=\"{active: dateObject.active, past: dateObject.past, future: dateObject.future, disabled: !dateObject.selectable}\">28\u003C/td>\u003C!-- end ngRepeat: dateObject in week.dates -->\u003Ctd data-ng-repeat=\"dateObject in week.dates\" data-ng-click=\"changeView(data.nextView, dateObject, $event)\" class=\"day ng-binding ng-scope\" data-ng-class=\"{active: dateObject.active, past: dateObject.past, future: dateObject.future, disabled: !dateObject.selectable}\">29\u003C/td>\u003C!-- end ngRepeat: dateObject in week.dates -->\u003Ctd data-ng-repeat=\"dateObject in week.dates\" data-ng-click=\"changeView(data.nextView, dateObject, $event)\" class=\"day ng-binding ng-scope\" data-ng-class=\"{active: dateObject.active, past: dateObject.past, future: dateObject.future, disabled: !dateObject.selectable}\">30\u003C/td>\u003C!-- end ngRepeat: dateObject in week.dates -->\u003Ctd data-ng-repeat=\"dateObject in week.dates\" data-ng-click=\"changeView(data.nextView, dateObject, $event)\" class=\"day ng-binding ng-scope future\" data-ng-class=\"{active: dateObject.active, past: dateObject.past, future: dateObject.future, disabled: !dateObject.selectable}\">1\u003C/td>\u003C!-- end ngRepeat: dateObject in week.dates -->\u003Ctd data-ng-repeat=\"dateObject in week.dates\" data-ng-click=\"changeView(data.nextView, dateObject, $event)\" class=\"day ng-binding ng-scope future\" data-ng-class=\"{active: dateObject.active, past: dateObject.past, future: dateObject.future, disabled: !dateObject.selectable}\">2\u003C/td>\u003C!-- end ngRepeat: dateObject in week.dates -->\u003Ctd data-ng-repeat=\"dateObject in week.dates\" data-ng-click=\"changeView(data.nextView, dateObject, $event)\" class=\"day ng-binding ng-scope future\" data-ng-class=\"{active: dateObject.active, past: dateObject.past, future: dateObject.future, disabled: !dateObject.selectable}\">3\u003C/td>\u003C!-- end ngRepeat: dateObject in week.dates -->       \u003C/tr>\u003C!-- end ngIf: data.currentView === 'day' -->\u003C!-- end ngRepeat: week in data.weeks -->\u003C!-- ngIf: data.currentView === 'day' -->\u003Ctr data-ng-if=\"data.currentView === 'day'\" data-ng-repeat=\"week in data.weeks\" class=\"ng-scope\">           \u003C!-"
11:39:54.111 [Forwarding getPageSource on session d94198a6aa3008d5ffaf97f92db0cb0c to remote] DEBUG org.apache.http.wire - http-outgoing-19 << "- ngRepeat: dateObject in week.dates -->\u003Ctd data-ng-repeat=\"dateObject in week.dates\" data-ng-click=\"changeView(data.nextView, dateObject, $event)\" class=\"day ng-binding ng-scope future\" data-ng-class=\"{active: dateObject.active, past: dateObject.past, future: dateObject.future, disabled: !dateObject.selectable}\">4\u003C/td>\u003C!-- end ngRepeat: dateObject in week.dates -->\u003Ctd data-ng-repeat=\"dateObject in week.dates\" data-ng-click=\"changeView(data.nextView, dateObject, $event)\" class=\"day ng-binding ng-scope future\" data-ng-class=\"{active: dateObject.active, past: dateObject.past, future: dateObject.future, disabled: !dateObject.selectable}\">5\u003C/td>\u003C!-- end ngRepeat: dateObject in week.dates -->\u003Ctd data-ng-repeat=\"dateObject in week.dates\" data-ng-click=\"changeView(data.nextView, dateObject, $event)\" class=\"day ng-binding ng-scope future\" data-ng-class=\"{active: dateObject.active, past: dateObject.past, future: dateObject.future, disabled: !dateObject.selectable}\">6\u003C/td>\u003C!-- end ngRepeat: dateObject in week.dates -->\u003Ctd data-ng-repeat=\"dateObject in week.dates\" data-ng-click=\"changeView(data.nextView, dateObject, $event)\" class=\"day ng-binding ng-scope future\" data-ng-class=\"{active: dateObject.active, past: dateObject.past, future: dateObject.future, disabled: !dateObject.selectable}\">7\u003C/td>\u003C!-- end ngRepeat: dateObject in week.dates -->\u003Ctd data-ng-repeat=\"dateObject in week.dates\" data-ng-click=\"changeView(data.nextView, dateObject, $event)\" class=\"day ng-binding ng-scope future\" data-ng-class=\"{active: dateObject.active, past: dateObject.past, future: dateObject.future, disabled: !dateObject.selectable}\">8\u003C/td>\u003C!-- end ngRepeat: dateObject in week.dates -->\u003Ctd data-ng-repeat=\"dateObject in week.dates\" data-ng-click=\"changeView(data.nextView, dateObject, $event)\" class=\"day ng-binding ng-scope future\" data-ng-class=\"{active: dateObject.active, past: dateObject.past, future: dateObject.future, disabled: !dateObject.selectable}\">9\u003C/td>\u003C!-- end ngRepeat: dateObject in week.dates -->\u003Ctd data-ng-repeat=\"dateObject in week.dates\" data-ng-click=\"changeView(data.nextView, dateObject, $event)\" class=\"day ng-binding ng-scope future\" data-ng-class=\"{active: dateObject.active, past: dateObject.past, future: dateObject.future, disabled: !dateObject.selectable}\">10\u003C/td>\u003C!-- end ngRepeat: dateObject in week.dates -->       \u003C/tr>\u003C!-- end ngIf: data.currentView === 'day' -->\u003C!-- end ngRepeat: week in data.weeks -->   \u003C/tbody>\u003C/table>\u003C/div>\n          \u003C/ul>\n        \u003C/div>\n      \u003C/div>\n      \u003Cdiv class=\"form-group\">\n        \u003Clabel>Status\u003C/label>\n        \u003Cselect id=\"status\" class=\"form-control ng-pristine ng-untouched ng-valid\" data-ng-model=\"search.active\">\n          \u003Coption name=\"All\" value=\"\">All\u003C/option>\n          \u003Coption name=\"Active\" value=\"true\">Active\u003C/option>\n          \u003Coption name=\"Inactive\" value=\"false\">Inactive\u003C/option>\n        \u003C/select>\n      \u003C/div>\n      \u003Cdiv class=\"form-group\">\n        \u003Clabel for=\"type\">Type\u003C/label>\n        \u003Cselect id=\"type\" name=\"search.type\" class=\"form-control ng-pristine ng-untouched ng-valid\" ng-model=\"search.type\" ng-options=\"campaignType.key as campaignType.value for campaignType in campaignTypes\">\u003Coption value=\"string:\" label=\"All\" selected=\"selected\">All\u003C/option>\u003Coption value=\"string:PROMO_CODE\" label=\"Promo Code\">Promo Code\u003C/option>\u003Coption value=\"string:SINGLE_USE_TRANSFERABLE\" label=\"Single Use Transferable\">Single Use Transferable\u003C/option>\u003Coption value=\"string:SINGLE_USE_NON_TRANSFERABLE\" label=\"Single Use Non-Transferable\">Single Use Non-Transferable\u003C/option>\u003Coption value=\"string:GIFTING\" label=\"Gifting\">Gifting\u003C/option>\u003C/select>\n      \u003C/div>\n      \u003Cdiv class=\"form-group buttons\">\n   "
11:39:54.111 [Forwarding getPageSource on session d94198a6aa3008d5ffaf97f92db0cb0c to remote] DEBUG org.apache.http.wire - http-outgoing-19 << "     \u003Cbutton type=\"submit\" class=\"btn btn-primary filter\" ng-click=\"searchForm.$valid &amp;&amp; updateFilter()\" ng-disabled=\"!searchForm.$valid\">Filter Campaigns\n        \u003C/button>\n        \u003Cbutton type=\"submit\" class=\"btn btn-default clear\" ng-click=\"clearFilter()\">Clear Filter\u003C/button>\n      \u003C/div>\n      \u003Cdiv class=\"clear\">\u003C/div>\n    \u003C/div>\n  \u003C/form>\n\u003C/div>\n\u003Cdiv class=\"row ng-scope\">\n  \u003Cdiv class=\"col-md-12\">\n    \u003Ca style=\"cursor: pointer;\" ng-click=\"showFilters=!showFilters\" class=\"ng-binding\">Show Advanced Filters\u003C/a>\n  \u003C/div>\n\u003C/div>\n\u003Cdiv class=\"row ng-scope\">\n  \u003Cdiv class=\"col-md-12\">\n    \u003Ctable class=\"table campaign-list\" id=\"campaign-list\">\n      \u003Cthead>\n      \u003Ctr>\n        \u003Cth>Name\u003C/th>\n        \u003Cth>State\u003C/th>\n        \u003Cth>Type\u003C/th>\n        \u003Cth>Start\u003C/th>\n        \u003Cth>End\u003C/th>\n        \u003Cth>Vouchers\u003C/th>\n        \u003Cth>Redemption Cap\u003C/th>\n        \u003Cth>Redeemed\u003C/th>\n      \u003C/tr>\n      \u003C/thead>\n      \u003Ctbody>\n      \u003C!-- ngRepeat: campaign in campaigns | itemsPerPage: 25 -->\n      \u003C/tbody>\n    \u003C/table>\n  \u003C/div>\n\u003C/div>\n\u003Cdiv dir-pagination-controls=\"\" class=\"col-lg-12 paginationList ng-scope ng-isolate-scope\" on-page-change=\"pageChanged(newPageNumber)\">\u003C!-- ngIf: 1 \u003C pages.length -->\u003C/div>\n\u003C/div>\n        \u003Cdiv class=\"footer\">\u003C/div>\n    \u003C/div>\n\n    \u003C!-- build:js(.) scripts/ie-include.js -->\n        \u003C!--[if lt IE 9]>\n            \u003Cscript src=\"bower_components/es5-shim/es5-shim.js\">\u003C/script>\n            \u003Cscript src=\"bower_components/json3/lib/json3.min.js\">\u003C/script>\n            \u003Cscript src=\"bower_components/respond/dest/respond.src.js\">\u003C/script>\n        \u003C![endif]-->\n    \u003C!-- endbuild -->\n\n    \u003C!-- build:js(.) scripts/vendor.js -->\n    \u003C!-- bower:js -->\n    \u003Cscript src=\"bower_components/jquery/dist/jquery.js\">\u003C/script>\n    \u003Cscript src=\"bower_components/angular/angular.js\">\u003C/script>\n    \u003Cscript src=\"bower_components/json3/lib/json3.js\">\u003C/script>\n    \u003Cscript src=\"bower_components/bootstrap/dist/js/bootstrap.js\">\u003C/script>\n    \u003Cscript src=\"bower_components/angular-resource/angular-resource.js\">\u003C/script>\n    \u003Cscript src=\"bower_components/angular-sanitize/angular-sanitize.js\">\u003C/script>\n    \u003Cscript src=\"bower_components/angular-animate/angular-animate.js\">\u003C/script>\n    \u003Cscript src=\"bower_components/angular-route/angular-route.js\">\u003C/script>\n    \u003Cscript src=\"bower_components/moment/moment.js\">\u003C/script>\n    \u003Cscript src=\"bower_components/angular-bootstrap-show-errors/src/showErrors.js\">\u003C/script>\n    \u003Cscript src=\"bower_components/angular-bootstrap-datetimepicker/src/js/datetimepicker.js\">\u003C/script>\n    \u003Cscript src=\"bower_components/jquery-ui/jquery-ui.js\">\u003C/script>\n    \u003Cscript src=\"bower_components/FileSaver/FileSaver.js\">\u003C/script>\n    \u003Cscript src=\"bower_components/underscore/underscore.js\">\u003C/script>\n    \u003Cscript src=\"bower_components/angular-bootstrap/ui-bootstrap-tpls.js\">\u003C/script>\n    \u003Cscript src=\"bower_components/angular-translate/angular-translate.js\">\u003C/script>\n    \u003Cscript src=\"bower_components/angular-dialog-service/dist/dialogs.min.js\">\u003C/script>\n    \u003Cscript src=\"bower_components/angular-dialog-service/dist/dialogs-default-translations.min.js\">\u003C/script>\n    \u003Cscript src=\"bower_components/angular-utils-pagination/dirPagination.js\">\u003C/script>\n    \u003C!-- endbower -->\n    \u003C!-- endbuild -->\n\n    \u003C!-- build:js({.tmp,app}) scripts/scripts.js -->\n    \u003Cscript src=\"scripts/app.js\">\u003C/script>\n    \u003Cscript src=\"scripts/config/config.js\">\u003C/script>\n    \u003Cscrip"
11:39:54.111 [Forwarding getPageSource on session d94198a6aa3008d5ffaf97f92db0cb0c to remote] DEBUG org.apache.http.wire - http-outgoing-19 << "t src=\"scripts/services/base-http-service.js\">\u003C/script>\n    \u003Cscript src=\"scripts/services/voucher-service.js\">\u003C/script>\n    \u003Cscript src=\"scripts/services/campaign-service.js\">\u003C/script>\n    \u003Cscript src=\"scripts/services/history-service.js\">\u003C/script>\n    \u003Cscript src=\"scripts/services/promo-service.js\">\u003C/script>\n    \u003Cscript src=\"scripts/services/date-service.js\">\u003C/script>\n    \u003Cscript src=\"scripts/services/root-service.js\">\u003C/script>\n    \u003Cscript src=\"scripts/services/hateoas-service-util.js\">\u003C/script>\n    \u003Cscript src=\"scripts/controllers/promo-controller.js\">\u003C/script>\n    \u003Cscript src=\"scripts/controllers/campaign-controller.js\">\u003C/script>\n    \u003Cscript src=\"scripts/controllers/status-controller.js\">\u003C/script>\n    \u003Cscript src=\"scripts/controllers/audit-history-controller.js\">\u003C/script>\n    \u003Cscript src=\"scripts/controllers/voucher-controller.js\">\u003C/script>\n    \u003Cscript src=\"scripts/controllers/account-controller.js\">\u003C/script>\n    \u003Cscript src=\"scripts/controllers/campaign-list-controller.js\">\u003C/script>\n    \u003Cscript src=\"scripts/directives/campaign-directive.js\">\u003C/script>\n    \u003Cscript src=\"scripts/directives/voucher-directive.js\">\u003C/script>\n    \u003Cscript src=\"scripts/directives/single-use-voucher-directive.js\">\u003C/script>\n    \u003Cscript src=\"scripts/directives/server-connection-directive.js\">\u003C/script>\n    \u003Cscript src=\"scripts/directives/promocode-directive.js\">\u003C/script>\n    \u003Cscript src=\"scripts/directives/voucher-batch-directive.js\">\u003C/script>\n    \u003Cscript src=\"scripts/filters/account-filter.js\">\u003C/script>\n\n    \u003C!-- endbuild -->\n\n    \u003Cscript src=\"/config\">\u003C/script>\n\n\u003Cscript>//&lt;![CDATA[\ndocument.write('&lt;script src=\"//' + (location.hostname || 'localhost') + ':35729/livereload.js?snipver=1\"&gt;&lt;\\/script&gt;')\n//]]&gt;\u003C/script>\u003Cscript src=\"//localhost:35729/livereload.js?snipver=1\">\u003C/script>\n\n\n\u003C/body>\u003C/html>"}"
11:39:54.111 [Forwarding getPageSource on session d94198a6aa3008d5ffaf97f92db0cb0c to remote] DEBUG o.a.h.i.c.DefaultManagedHttpClientConnection - http-outgoing-19: Shutdown connection
11:39:54.111 [Forwarding getPageSource on session d94198a6aa3008d5ffaf97f92db0cb0c to remote] DEBUG o.a.h.impl.execchain.MainClientExec - Connection discarded
11:39:54.111 [Forwarding getPageSource on session d94198a6aa3008d5ffaf97f92db0cb0c to remote] DEBUG o.a.h.i.c.DefaultManagedHttpClientConnection - http-outgoing-19: Close connection
11:39:54.111 [Forwarding getPageSource on session d94198a6aa3008d5ffaf97f92db0cb0c to remote] DEBUG o.a.h.i.c.PoolingHttpClientConnectionManager - Connection released: [id: 19][route: {}->http://localhost:26477][total kept alive: 0; route allocated: 0 of 2000; total allocated: 0 of 2000]
11:39:54.114 [Forwarding implicitlyWait on session d94198a6aa3008d5ffaf97f92db0cb0c to remote] DEBUG o.a.h.c.protocol.RequestAddCookies - CookieSpec selected: best-match
11:39:54.114 [Forwarding implicitlyWait on session d94198a6aa3008d5ffaf97f92db0cb0c to remote] DEBUG o.a.h.c.protocol.RequestAuthCache - Auth cache not set in the context
11:39:54.114 [Forwarding implicitlyWait on session d94198a6aa3008d5ffaf97f92db0cb0c to remote] DEBUG o.a.h.i.c.PoolingHttpClientConnectionManager - Connection request: [route: {}->http://localhost:26477][total kept alive: 0; route allocated: 0 of 2000; total allocated: 0 of 2000]
11:39:54.114 [Forwarding implicitlyWait on session d94198a6aa3008d5ffaf97f92db0cb0c to remote] DEBUG o.a.h.i.c.PoolingHttpClientConnectionManager - Connection leased: [id: 20][route: {}->http://localhost:26477][total kept alive: 0; route allocated: 1 of 2000; total allocated: 1 of 2000]
11:39:54.114 [Forwarding implicitlyWait on session d94198a6aa3008d5ffaf97f92db0cb0c to remote] DEBUG o.a.h.impl.execchain.MainClientExec - Opening connection {}->http://localhost:26477
11:39:54.114 [Forwarding implicitlyWait on session d94198a6aa3008d5ffaf97f92db0cb0c to remote] DEBUG o.a.h.i.c.HttpClientConnectionOperator - Connecting to localhost/127.0.0.1:26477
11:39:54.114 [Forwarding implicitlyWait on session d94198a6aa3008d5ffaf97f92db0cb0c to remote] DEBUG o.a.h.i.c.HttpClientConnectionOperator - Connection established 127.0.0.1:57286<->127.0.0.1:26477
11:39:54.114 [Forwarding implicitlyWait on session d94198a6aa3008d5ffaf97f92db0cb0c to remote] DEBUG o.a.h.impl.execchain.MainClientExec - Executing request POST /session/d94198a6aa3008d5ffaf97f92db0cb0c/timeouts/implicit_wait HTTP/1.1
11:39:54.114 [Forwarding implicitlyWait on session d94198a6aa3008d5ffaf97f92db0cb0c to remote] DEBUG o.a.h.impl.execchain.MainClientExec - Target auth state: UNCHALLENGED
11:39:54.114 [Forwarding implicitlyWait on session d94198a6aa3008d5ffaf97f92db0cb0c to remote] DEBUG o.a.h.impl.execchain.MainClientExec - Proxy auth state: UNCHALLENGED
11:39:54.114 [Forwarding implicitlyWait on session d94198a6aa3008d5ffaf97f92db0cb0c to remote] DEBUG org.apache.http.headers - http-outgoing-20 >> POST /session/d94198a6aa3008d5ffaf97f92db0cb0c/timeouts/implicit_wait HTTP/1.1
11:39:54.114 [Forwarding implicitlyWait on session d94198a6aa3008d5ffaf97f92db0cb0c to remote] DEBUG org.apache.http.headers - http-outgoing-20 >> Content-Type: application/json; charset=utf-8
11:39:54.114 [Forwarding implicitlyWait on session d94198a6aa3008d5ffaf97f92db0cb0c to remote] DEBUG org.apache.http.headers - http-outgoing-20 >> Content-Length: 8
11:39:54.114 [Forwarding implicitlyWait on session d94198a6aa3008d5ffaf97f92db0cb0c to remote] DEBUG org.apache.http.headers - http-outgoing-20 >> Host: localhost:26477
11:39:54.114 [Forwarding implicitlyWait on session d94198a6aa3008d5ffaf97f92db0cb0c to remote] DEBUG org.apache.http.headers - http-outgoing-20 >> Connection: Keep-Alive
11:39:54.114 [Forwarding implicitlyWait on session d94198a6aa3008d5ffaf97f92db0cb0c to remote] DEBUG org.apache.http.headers - http-outgoing-20 >> User-Agent: Apache-HttpClient/4.3.4 (java 1.5)
11:39:54.114 [Forwarding implicitlyWait on session d94198a6aa3008d5ffaf97f92db0cb0c to remote] DEBUG org.apache.http.headers - http-outgoing-20 >> Accept-Encoding: gzip,deflate
11:39:54.114 [Forwarding implicitlyWait on session d94198a6aa3008d5ffaf97f92db0cb0c to remote] DEBUG org.apache.http.wire - http-outgoing-20 >> "POST /session/d94198a6aa3008d5ffaf97f92db0cb0c/timeouts/implicit_wait HTTP/1.1[\r][\n]"
11:39:54.114 [Forwarding implicitlyWait on session d94198a6aa3008d5ffaf97f92db0cb0c to remote] DEBUG org.apache.http.wire - http-outgoing-20 >> "Content-Type: application/json; charset=utf-8[\r][\n]"
11:39:54.114 [Forwarding implicitlyWait on session d94198a6aa3008d5ffaf97f92db0cb0c to remote] DEBUG org.apache.http.wire - http-outgoing-20 >> "Content-Length: 8[\r][\n]"
11:39:54.114 [Forwarding implicitlyWait on session d94198a6aa3008d5ffaf97f92db0cb0c to remote] DEBUG org.apache.http.wire - http-outgoing-20 >> "Host: localhost:26477[\r][\n]"
11:39:54.114 [Forwarding implicitlyWait on session d94198a6aa3008d5ffaf97f92db0cb0c to remote] DEBUG org.apache.http.wire - http-outgoing-20 >> "Connection: Keep-Alive[\r][\n]"
11:39:54.114 [Forwarding implicitlyWait on session d94198a6aa3008d5ffaf97f92db0cb0c to remote] DEBUG org.apache.http.wire - http-outgoing-20 >> "User-Agent: Apache-HttpClient/4.3.4 (java 1.5)[\r][\n]"
11:39:54.114 [Forwarding implicitlyWait on session d94198a6aa3008d5ffaf97f92db0cb0c to remote] DEBUG org.apache.http.wire - http-outgoing-20 >> "Accept-Encoding: gzip,deflate[\r][\n]"
11:39:54.114 [Forwarding implicitlyWait on session d94198a6aa3008d5ffaf97f92db0cb0c to remote] DEBUG org.apache.http.wire - http-outgoing-20 >> "[\r][\n]"
11:39:54.114 [Forwarding implicitlyWait on session d94198a6aa3008d5ffaf97f92db0cb0c to remote] DEBUG org.apache.http.wire - http-outgoing-20 >> "{"ms":0}"
11:39:54.115 [Forwarding implicitlyWait on session d94198a6aa3008d5ffaf97f92db0cb0c to remote] DEBUG org.apache.http.wire - http-outgoing-20 << "HTTP/1.1 200 OK[\r][\n]"
11:39:54.115 [Forwarding implicitlyWait on session d94198a6aa3008d5ffaf97f92db0cb0c to remote] DEBUG org.apache.http.wire - http-outgoing-20 << "Content-Length:72[\r][\n]"
11:39:54.115 [Forwarding implicitlyWait on session d94198a6aa3008d5ffaf97f92db0cb0c to remote] DEBUG org.apache.http.wire - http-outgoing-20 << "Content-Type:application/json; charset=utf-8[\r][\n]"
11:39:54.115 [Forwarding implicitlyWait on session d94198a6aa3008d5ffaf97f92db0cb0c to remote] DEBUG org.apache.http.wire - http-outgoing-20 << "Connection:close[\r][\n]"
11:39:54.115 [Forwarding implicitlyWait on session d94198a6aa3008d5ffaf97f92db0cb0c to remote] DEBUG org.apache.http.wire - http-outgoing-20 << "[\r][\n]"
11:39:54.115 [Forwarding implicitlyWait on session d94198a6aa3008d5ffaf97f92db0cb0c to remote] DEBUG org.apache.http.wire - http-outgoing-20 << "{"sessionId":"d94198a6aa3008d5ffaf97f92db0cb0c","status":0,"value":null}"
11:39:54.115 [Forwarding implicitlyWait on session d94198a6aa3008d5ffaf97f92db0cb0c to remote] DEBUG org.apache.http.headers - http-outgoing-20 << HTTP/1.1 200 OK
11:39:54.115 [Forwarding implicitlyWait on session d94198a6aa3008d5ffaf97f92db0cb0c to remote] DEBUG org.apache.http.headers - http-outgoing-20 << Content-Length:72
11:39:54.115 [Forwarding implicitlyWait on session d94198a6aa3008d5ffaf97f92db0cb0c to remote] DEBUG org.apache.http.headers - http-outgoing-20 << Content-Type:application/json; charset=utf-8
11:39:54.115 [Forwarding implicitlyWait on session d94198a6aa3008d5ffaf97f92db0cb0c to remote] DEBUG org.apache.http.headers - http-outgoing-20 << Connection:close
11:39:54.115 [Forwarding implicitlyWait on session d94198a6aa3008d5ffaf97f92db0cb0c to remote] DEBUG o.a.h.i.c.DefaultManagedHttpClientConnection - http-outgoing-20: Shutdown connection
11:39:54.115 [Forwarding implicitlyWait on session d94198a6aa3008d5ffaf97f92db0cb0c to remote] DEBUG o.a.h.impl.execchain.MainClientExec - Connection discarded
11:39:54.115 [Forwarding implicitlyWait on session d94198a6aa3008d5ffaf97f92db0cb0c to remote] DEBUG o.a.h.i.c.DefaultManagedHttpClientConnection - http-outgoing-20: Close connection
11:39:54.115 [Forwarding implicitlyWait on session d94198a6aa3008d5ffaf97f92db0cb0c to remote] DEBUG o.a.h.i.c.PoolingHttpClientConnectionManager - Connection released: [id: 20][route: {}->http://localhost:26477][total kept alive: 0; route allocated: 0 of 2000; total allocated: 0 of 2000]
11:39:54.115 [Forwarding findElements on session d94198a6aa3008d5ffaf97f92db0cb0c to remote] DEBUG o.a.h.c.protocol.RequestAddCookies - CookieSpec selected: best-match
11:39:54.115 [Forwarding findElements on session d94198a6aa3008d5ffaf97f92db0cb0c to remote] DEBUG o.a.h.c.protocol.RequestAuthCache - Auth cache not set in the context
11:39:54.116 [Forwarding findElements on session d94198a6aa3008d5ffaf97f92db0cb0c to remote] DEBUG o.a.h.i.c.PoolingHttpClientConnectionManager - Connection request: [route: {}->http://localhost:26477][total kept alive: 0; route allocated: 0 of 2000; total allocated: 0 of 2000]
11:39:54.116 [Forwarding findElements on session d94198a6aa3008d5ffaf97f92db0cb0c to remote] DEBUG o.a.h.i.c.PoolingHttpClientConnectionManager - Connection leased: [id: 21][route: {}->http://localhost:26477][total kept alive: 0; route allocated: 1 of 2000; total allocated: 1 of 2000]
11:39:54.116 [Forwarding findElements on session d94198a6aa3008d5ffaf97f92db0cb0c to remote] DEBUG o.a.h.impl.execchain.MainClientExec - Opening connection {}->http://localhost:26477
11:39:54.116 [Forwarding findElements on session d94198a6aa3008d5ffaf97f92db0cb0c to remote] DEBUG o.a.h.i.c.HttpClientConnectionOperator - Connecting to localhost/127.0.0.1:26477
11:39:54.116 [Forwarding findElements on session d94198a6aa3008d5ffaf97f92db0cb0c to remote] DEBUG o.a.h.i.c.HttpClientConnectionOperator - Connection established 127.0.0.1:57287<->127.0.0.1:26477
11:39:54.116 [Forwarding findElements on session d94198a6aa3008d5ffaf97f92db0cb0c to remote] DEBUG o.a.h.impl.execchain.MainClientExec - Executing request POST /session/d94198a6aa3008d5ffaf97f92db0cb0c/elements HTTP/1.1
11:39:54.116 [Forwarding findElements on session d94198a6aa3008d5ffaf97f92db0cb0c to remote] DEBUG o.a.h.impl.execchain.MainClientExec - Target auth state: UNCHALLENGED
11:39:54.116 [Forwarding findElements on session d94198a6aa3008d5ffaf97f92db0cb0c to remote] DEBUG o.a.h.impl.execchain.MainClientExec - Proxy auth state: UNCHALLENGED
11:39:54.116 [Forwarding findElements on session d94198a6aa3008d5ffaf97f92db0cb0c to remote] DEBUG org.apache.http.headers - http-outgoing-21 >> POST /session/d94198a6aa3008d5ffaf97f92db0cb0c/elements HTTP/1.1
11:39:54.116 [Forwarding findElements on session d94198a6aa3008d5ffaf97f92db0cb0c to remote] DEBUG org.apache.http.headers - http-outgoing-21 >> Content-Type: application/json; charset=utf-8
11:39:54.116 [Forwarding findElements on session d94198a6aa3008d5ffaf97f92db0cb0c to remote] DEBUG org.apache.http.headers - http-outgoing-21 >> Content-Length: 36
11:39:54.116 [Forwarding findElements on session d94198a6aa3008d5ffaf97f92db0cb0c to remote] DEBUG org.apache.http.headers - http-outgoing-21 >> Host: localhost:26477
11:39:54.116 [Forwarding findElements on session d94198a6aa3008d5ffaf97f92db0cb0c to remote] DEBUG org.apache.http.headers - http-outgoing-21 >> Connection: Keep-Alive
11:39:54.116 [Forwarding findElements on session d94198a6aa3008d5ffaf97f92db0cb0c to remote] DEBUG org.apache.http.headers - http-outgoing-21 >> User-Agent: Apache-HttpClient/4.3.4 (java 1.5)
11:39:54.116 [Forwarding findElements on session d94198a6aa3008d5ffaf97f92db0cb0c to remote] DEBUG org.apache.http.headers - http-outgoing-21 >> Accept-Encoding: gzip,deflate
11:39:54.116 [Forwarding findElements on session d94198a6aa3008d5ffaf97f92db0cb0c to remote] DEBUG org.apache.http.wire - http-outgoing-21 >> "POST /session/d94198a6aa3008d5ffaf97f92db0cb0c/elements HTTP/1.1[\r][\n]"
11:39:54.116 [Forwarding findElements on session d94198a6aa3008d5ffaf97f92db0cb0c to remote] DEBUG org.apache.http.wire - http-outgoing-21 >> "Content-Type: application/json; charset=utf-8[\r][\n]"
11:39:54.116 [Forwarding findElements on session d94198a6aa3008d5ffaf97f92db0cb0c to remote] DEBUG org.apache.http.wire - http-outgoing-21 >> "Content-Length: 36[\r][\n]"
11:39:54.116 [Forwarding findElements on session d94198a6aa3008d5ffaf97f92db0cb0c to remote] DEBUG org.apache.http.wire - http-outgoing-21 >> "Host: localhost:26477[\r][\n]"
11:39:54.116 [Forwarding findElements on session d94198a6aa3008d5ffaf97f92db0cb0c to remote] DEBUG org.apache.http.wire - http-outgoing-21 >> "Connection: Keep-Alive[\r][\n]"
11:39:54.116 [Forwarding findElements on session d94198a6aa3008d5ffaf97f92db0cb0c to remote] DEBUG org.apache.http.wire - http-outgoing-21 >> "User-Agent: Apache-HttpClient/4.3.4 (java 1.5)[\r][\n]"
11:39:54.116 [Forwarding findElements on session d94198a6aa3008d5ffaf97f92db0cb0c to remote] DEBUG org.apache.http.wire - http-outgoing-21 >> "Accept-Encoding: gzip,deflate[\r][\n]"
11:39:54.116 [Forwarding findElements on session d94198a6aa3008d5ffaf97f92db0cb0c to remote] DEBUG org.apache.http.wire - http-outgoing-21 >> "[\r][\n]"
11:39:54.116 [Forwarding findElements on session d94198a6aa3008d5ffaf97f92db0cb0c to remote] DEBUG org.apache.http.wire - http-outgoing-21 >> "{"using":"css selector","value":"a"}"
11:39:54.126 [Forwarding findElements on session d94198a6aa3008d5ffaf97f92db0cb0c to remote] DEBUG org.apache.http.wire - http-outgoing-21 << "HTTP/1.1 200 OK[\r][\n]"
11:39:54.126 [Forwarding findElements on session d94198a6aa3008d5ffaf97f92db0cb0c to remote] DEBUG org.apache.http.wire - http-outgoing-21 << "Content-Length:349[\r][\n]"
11:39:54.126 [Forwarding findElements on session d94198a6aa3008d5ffaf97f92db0cb0c to remote] DEBUG org.apache.http.wire - http-outgoing-21 << "Content-Type:application/json; charset=utf-8[\r][\n]"
11:39:54.126 [Forwarding findElements on session d94198a6aa3008d5ffaf97f92db0cb0c to remote] DEBUG org.apache.http.wire - http-outgoing-21 << "Connection:close[\r][\n]"
11:39:54.126 [Forwarding findElements on session d94198a6aa3008d5ffaf97f92db0cb0c to remote] DEBUG org.apache.http.wire - http-outgoing-21 << "[\r][\n]"
11:39:54.126 [Forwarding findElements on session d94198a6aa3008d5ffaf97f92db0cb0c to remote] DEBUG org.apache.http.wire - http-outgoing-21 << "{"sessionId":"d94198a6aa3008d5ffaf97f92db0cb0c","status":0,"value":[{"ELEMENT":"0.5152662619948387-1"},{"ELEMENT":"0.5152662619948387-2"},{"ELEMENT":"0.5152662619948387-3"},{"ELEMENT":"0.5152662619948387-4"},{"ELEMENT":"0.5152662619948387-5"},{"ELEMENT":"0.5152662619948387-6"},{"ELEMENT":"0.5152662619948387-7"},{"ELEMENT":"0.5152662619948387-8"}]}"
11:39:54.126 [Forwarding findElements on session d94198a6aa3008d5ffaf97f92db0cb0c to remote] DEBUG org.apache.http.headers - http-outgoing-21 << HTTP/1.1 200 OK
11:39:54.126 [Forwarding findElements on session d94198a6aa3008d5ffaf97f92db0cb0c to remote] DEBUG org.apache.http.headers - http-outgoing-21 << Content-Length:349
11:39:54.126 [Forwarding findElements on session d94198a6aa3008d5ffaf97f92db0cb0c to remote] DEBUG org.apache.http.headers - http-outgoing-21 << Content-Type:application/json; charset=utf-8
11:39:54.126 [Forwarding findElements on session d94198a6aa3008d5ffaf97f92db0cb0c to remote] DEBUG org.apache.http.headers - http-outgoing-21 << Connection:close
11:39:54.127 [Forwarding findElements on session d94198a6aa3008d5ffaf97f92db0cb0c to remote] DEBUG o.a.h.i.c.DefaultManagedHttpClientConnection - http-outgoing-21: Shutdown connection
11:39:54.127 [Forwarding findElements on session d94198a6aa3008d5ffaf97f92db0cb0c to remote] DEBUG o.a.h.impl.execchain.MainClientExec - Connection discarded
11:39:54.127 [Forwarding findElements on session d94198a6aa3008d5ffaf97f92db0cb0c to remote] DEBUG o.a.h.i.c.DefaultManagedHttpClientConnection - http-outgoing-21: Close connection
11:39:54.127 [Forwarding findElements on session d94198a6aa3008d5ffaf97f92db0cb0c to remote] DEBUG o.a.h.i.c.PoolingHttpClientConnectionManager - Connection released: [id: 21][route: {}->http://localhost:26477][total kept alive: 0; route allocated: 0 of 2000; total allocated: 0 of 2000]
11:39:54.128 [Forwarding getElementText on session d94198a6aa3008d5ffaf97f92db0cb0c to remote] DEBUG o.a.h.c.protocol.RequestAddCookies - CookieSpec selected: best-match
11:39:54.128 [Forwarding getElementText on session d94198a6aa3008d5ffaf97f92db0cb0c to remote] DEBUG o.a.h.c.protocol.RequestAuthCache - Auth cache not set in the context
11:39:54.128 [Forwarding getElementText on session d94198a6aa3008d5ffaf97f92db0cb0c to remote] DEBUG o.a.h.i.c.PoolingHttpClientConnectionManager - Connection request: [route: {}->http://localhost:26477][total kept alive: 0; route allocated: 0 of 2000; total allocated: 0 of 2000]
11:39:54.128 [Forwarding getElementText on session d94198a6aa3008d5ffaf97f92db0cb0c to remote] DEBUG o.a.h.i.c.PoolingHttpClientConnectionManager - Connection leased: [id: 22][route: {}->http://localhost:26477][total kept alive: 0; route allocated: 1 of 2000; total allocated: 1 of 2000]
11:39:54.128 [Forwarding getElementText on session d94198a6aa3008d5ffaf97f92db0cb0c to remote] DEBUG o.a.h.impl.execchain.MainClientExec - Opening connection {}->http://localhost:26477
11:39:54.128 [Forwarding getElementText on session d94198a6aa3008d5ffaf97f92db0cb0c to remote] DEBUG o.a.h.i.c.HttpClientConnectionOperator - Connecting to localhost/127.0.0.1:26477
11:39:54.128 [Forwarding getElementText on session d94198a6aa3008d5ffaf97f92db0cb0c to remote] DEBUG o.a.h.i.c.HttpClientConnectionOperator - Connection established 127.0.0.1:57288<->127.0.0.1:26477
11:39:54.128 [Forwarding getElementText on session d94198a6aa3008d5ffaf97f92db0cb0c to remote] DEBUG o.a.h.impl.execchain.MainClientExec - Executing request GET /session/d94198a6aa3008d5ffaf97f92db0cb0c/element/0.5152662619948387-1/text HTTP/1.1
11:39:54.128 [Forwarding getElementText on session d94198a6aa3008d5ffaf97f92db0cb0c to remote] DEBUG o.a.h.impl.execchain.MainClientExec - Target auth state: UNCHALLENGED
11:39:54.128 [Forwarding getElementText on session d94198a6aa3008d5ffaf97f92db0cb0c to remote] DEBUG o.a.h.impl.execchain.MainClientExec - Proxy auth state: UNCHALLENGED
11:39:54.128 [Forwarding getElementText on session d94198a6aa3008d5ffaf97f92db0cb0c to remote] DEBUG org.apache.http.headers - http-outgoing-22 >> GET /session/d94198a6aa3008d5ffaf97f92db0cb0c/element/0.5152662619948387-1/text HTTP/1.1
11:39:54.128 [Forwarding getElementText on session d94198a6aa3008d5ffaf97f92db0cb0c to remote] DEBUG org.apache.http.headers - http-outgoing-22 >> Cache-Control: no-cache
11:39:54.128 [Forwarding getElementText on session d94198a6aa3008d5ffaf97f92db0cb0c to remote] DEBUG org.apache.http.headers - http-outgoing-22 >> Host: localhost:26477
11:39:54.128 [Forwarding getElementText on session d94198a6aa3008d5ffaf97f92db0cb0c to remote] DEBUG org.apache.http.headers - http-outgoing-22 >> Connection: Keep-Alive
11:39:54.128 [Forwarding getElementText on session d94198a6aa3008d5ffaf97f92db0cb0c to remote] DEBUG org.apache.http.headers - http-outgoing-22 >> User-Agent: Apache-HttpClient/4.3.4 (java 1.5)
11:39:54.128 [Forwarding getElementText on session d94198a6aa3008d5ffaf97f92db0cb0c to remote] DEBUG org.apache.http.headers - http-outgoing-22 >> Accept-Encoding: gzip,deflate
11:39:54.128 [Forwarding getElementText on session d94198a6aa3008d5ffaf97f92db0cb0c to remote] DEBUG org.apache.http.wire - http-outgoing-22 >> "GET /session/d94198a6aa3008d5ffaf97f92db0cb0c/element/0.5152662619948387-1/text HTTP/1.1[\r][\n]"
11:39:54.128 [Forwarding getElementText on session d94198a6aa3008d5ffaf97f92db0cb0c to remote] DEBUG org.apache.http.wire - http-outgoing-22 >> "Cache-Control: no-cache[\r][\n]"
11:39:54.128 [Forwarding getElementText on session d94198a6aa3008d5ffaf97f92db0cb0c to remote] DEBUG org.apache.http.wire - http-outgoing-22 >> "Host: localhost:26477[\r][\n]"
11:39:54.128 [Forwarding getElementText on session d94198a6aa3008d5ffaf97f92db0cb0c to remote] DEBUG org.apache.http.wire - http-outgoing-22 >> "Connection: Keep-Alive[\r][\n]"
11:39:54.128 [Forwarding getElementText on session d94198a6aa3008d5ffaf97f92db0cb0c to remote] DEBUG org.apache.http.wire - http-outgoing-22 >> "User-Agent: Apache-HttpClient/4.3.4 (java 1.5)[\r][\n]"
11:39:54.128 [Forwarding getElementText on session d94198a6aa3008d5ffaf97f92db0cb0c to remote] DEBUG org.apache.http.wire - http-outgoing-22 >> "Accept-Encoding: gzip,deflate[\r][\n]"
11:39:54.128 [Forwarding getElementText on session d94198a6aa3008d5ffaf97f92db0cb0c to remote] DEBUG org.apache.http.wire - http-outgoing-22 >> "[\r][\n]"
11:39:54.140 [Forwarding getElementText on session d94198a6aa3008d5ffaf97f92db0cb0c to remote] DEBUG org.apache.http.wire - http-outgoing-22 << "HTTP/1.1 200 OK[\r][\n]"
11:39:54.140 [Forwarding getElementText on session d94198a6aa3008d5ffaf97f92db0cb0c to remote] DEBUG org.apache.http.wire - http-outgoing-22 << "Content-Length:79[\r][\n]"
11:39:54.140 [Forwarding getElementText on session d94198a6aa3008d5ffaf97f92db0cb0c to remote] DEBUG org.apache.http.wire - http-outgoing-22 << "Content-Type:application/json; charset=utf-8[\r][\n]"
11:39:54.140 [Forwarding getElementText on session d94198a6aa3008d5ffaf97f92db0cb0c to remote] DEBUG org.apache.http.wire - http-outgoing-22 << "Connection:close[\r][\n]"
11:39:54.140 [Forwarding getElementText on session d94198a6aa3008d5ffaf97f92db0cb0c to remote] DEBUG org.apache.http.wire - http-outgoing-22 << "[\r][\n]"
11:39:54.140 [Forwarding getElementText on session d94198a6aa3008d5ffaf97f92db0cb0c to remote] DEBUG org.apache.http.wire - http-outgoing-22 << "{"sessionId":"d94198a6aa3008d5ffaf97f92db0cb0c","status":0,"value":"Campaigns"}"
11:39:54.140 [Forwarding getElementText on session d94198a6aa3008d5ffaf97f92db0cb0c to remote] DEBUG org.apache.http.headers - http-outgoing-22 << HTTP/1.1 200 OK
11:39:54.141 [Forwarding getElementText on session d94198a6aa3008d5ffaf97f92db0cb0c to remote] DEBUG org.apache.http.headers - http-outgoing-22 << Content-Length:79
11:39:54.141 [Forwarding getElementText on session d94198a6aa3008d5ffaf97f92db0cb0c to remote] DEBUG org.apache.http.headers - http-outgoing-22 << Content-Type:application/json; charset=utf-8
11:39:54.141 [Forwarding getElementText on session d94198a6aa3008d5ffaf97f92db0cb0c to remote] DEBUG org.apache.http.headers - http-outgoing-22 << Connection:close
11:39:54.141 [Forwarding getElementText on session d94198a6aa3008d5ffaf97f92db0cb0c to remote] DEBUG o.a.h.i.c.DefaultManagedHttpClientConnection - http-outgoing-22: Shutdown connection
11:39:54.141 [Forwarding getElementText on session d94198a6aa3008d5ffaf97f92db0cb0c to remote] DEBUG o.a.h.impl.execchain.MainClientExec - Connection discarded
11:39:54.141 [Forwarding getElementText on session d94198a6aa3008d5ffaf97f92db0cb0c to remote] DEBUG o.a.h.i.c.DefaultManagedHttpClientConnection - http-outgoing-22: Close connection
11:39:54.141 [Forwarding getElementText on session d94198a6aa3008d5ffaf97f92db0cb0c to remote] DEBUG o.a.h.i.c.PoolingHttpClientConnectionManager - Connection released: [id: 22][route: {}->http://localhost:26477][total kept alive: 0; route allocated: 0 of 2000; total allocated: 0 of 2000]
11:39:54.141 [Forwarding getElementText on session d94198a6aa3008d5ffaf97f92db0cb0c to remote] DEBUG o.a.h.c.protocol.RequestAddCookies - CookieSpec selected: best-match
11:39:54.141 [Forwarding getElementText on session d94198a6aa3008d5ffaf97f92db0cb0c to remote] DEBUG o.a.h.c.protocol.RequestAuthCache - Auth cache not set in the context
11:39:54.141 [Forwarding getElementText on session d94198a6aa3008d5ffaf97f92db0cb0c to remote] DEBUG o.a.h.i.c.PoolingHttpClientConnectionManager - Connection request: [route: {}->http://localhost:26477][total kept alive: 0; route allocated: 0 of 2000; total allocated: 0 of 2000]
11:39:54.142 [Forwarding getElementText on session d94198a6aa3008d5ffaf97f92db0cb0c to remote] DEBUG o.a.h.i.c.PoolingHttpClientConnectionManager - Connection leased: [id: 23][route: {}->http://localhost:26477][total kept alive: 0; route allocated: 1 of 2000; total allocated: 1 of 2000]
11:39:54.142 [Forwarding getElementText on session d94198a6aa3008d5ffaf97f92db0cb0c to remote] DEBUG o.a.h.impl.execchain.MainClientExec - Opening connection {}->http://localhost:26477
11:39:54.142 [Forwarding getElementText on session d94198a6aa3008d5ffaf97f92db0cb0c to remote] DEBUG o.a.h.i.c.HttpClientConnectionOperator - Connecting to localhost/127.0.0.1:26477
11:39:54.142 [Forwarding getElementText on session d94198a6aa3008d5ffaf97f92db0cb0c to remote] DEBUG o.a.h.i.c.HttpClientConnectionOperator - Connection established 127.0.0.1:57289<->127.0.0.1:26477
11:39:54.142 [Forwarding getElementText on session d94198a6aa3008d5ffaf97f92db0cb0c to remote] DEBUG o.a.h.impl.execchain.MainClientExec - Executing request GET /session/d94198a6aa3008d5ffaf97f92db0cb0c/element/0.5152662619948387-2/text HTTP/1.1
11:39:54.142 [Forwarding getElementText on session d94198a6aa3008d5ffaf97f92db0cb0c to remote] DEBUG o.a.h.impl.execchain.MainClientExec - Target auth state: UNCHALLENGED
11:39:54.142 [Forwarding getElementText on session d94198a6aa3008d5ffaf97f92db0cb0c to remote] DEBUG o.a.h.impl.execchain.MainClientExec - Proxy auth state: UNCHALLENGED
11:39:54.142 [Forwarding getElementText on session d94198a6aa3008d5ffaf97f92db0cb0c to remote] DEBUG org.apache.http.headers - http-outgoing-23 >> GET /session/d94198a6aa3008d5ffaf97f92db0cb0c/element/0.5152662619948387-2/text HTTP/1.1
11:39:54.142 [Forwarding getElementText on session d94198a6aa3008d5ffaf97f92db0cb0c to remote] DEBUG org.apache.http.headers - http-outgoing-23 >> Cache-Control: no-cache
11:39:54.142 [Forwarding getElementText on session d94198a6aa3008d5ffaf97f92db0cb0c to remote] DEBUG org.apache.http.headers - http-outgoing-23 >> Host: localhost:26477
11:39:54.142 [Forwarding getElementText on session d94198a6aa3008d5ffaf97f92db0cb0c to remote] DEBUG org.apache.http.headers - http-outgoing-23 >> Connection: Keep-Alive
11:39:54.142 [Forwarding getElementText on session d94198a6aa3008d5ffaf97f92db0cb0c to remote] DEBUG org.apache.http.headers - http-outgoing-23 >> User-Agent: Apache-HttpClient/4.3.4 (java 1.5)
11:39:54.142 [Forwarding getElementText on session d94198a6aa3008d5ffaf97f92db0cb0c to remote] DEBUG org.apache.http.headers - http-outgoing-23 >> Accept-Encoding: gzip,deflate
11:39:54.142 [Forwarding getElementText on session d94198a6aa3008d5ffaf97f92db0cb0c to remote] DEBUG org.apache.http.wire - http-outgoing-23 >> "GET /session/d94198a6aa3008d5ffaf97f92db0cb0c/element/0.5152662619948387-2/text HTTP/1.1[\r][\n]"
11:39:54.142 [Forwarding getElementText on session d94198a6aa3008d5ffaf97f92db0cb0c to remote] DEBUG org.apache.http.wire - http-outgoing-23 >> "Cache-Control: no-cache[\r][\n]"
11:39:54.142 [Forwarding getElementText on session d94198a6aa3008d5ffaf97f92db0cb0c to remote] DEBUG org.apache.http.wire - http-outgoing-23 >> "Host: localhost:26477[\r][\n]"
11:39:54.142 [Forwarding getElementText on session d94198a6aa3008d5ffaf97f92db0cb0c to remote] DEBUG org.apache.http.wire - http-outgoing-23 >> "Connection: Keep-Alive[\r][\n]"
11:39:54.142 [Forwarding getElementText on session d94198a6aa3008d5ffaf97f92db0cb0c to remote] DEBUG org.apache.http.wire - http-outgoing-23 >> "User-Agent: Apache-HttpClient/4.3.4 (java 1.5)[\r][\n]"
11:39:54.142 [Forwarding getElementText on session d94198a6aa3008d5ffaf97f92db0cb0c to remote] DEBUG org.apache.http.wire - http-outgoing-23 >> "Accept-Encoding: gzip,deflate[\r][\n]"
11:39:54.142 [Forwarding getElementText on session d94198a6aa3008d5ffaf97f92db0cb0c to remote] DEBUG org.apache.http.wire - http-outgoing-23 >> "[\r][\n]"
11:39:54.146 [Forwarding getElementText on session d94198a6aa3008d5ffaf97f92db0cb0c to remote] DEBUG org.apache.http.wire - http-outgoing-23 << "HTTP/1.1 200 OK[\r][\n]"
11:39:54.146 [Forwarding getElementText on session d94198a6aa3008d5ffaf97f92db0cb0c to remote] DEBUG org.apache.http.wire - http-outgoing-23 << "Content-Length:70[\r][\n]"
11:39:54.146 [Forwarding getElementText on session d94198a6aa3008d5ffaf97f92db0cb0c to remote] DEBUG org.apache.http.wire - http-outgoing-23 << "Content-Type:application/json; charset=utf-8[\r][\n]"
11:39:54.146 [Forwarding getElementText on session d94198a6aa3008d5ffaf97f92db0cb0c to remote] DEBUG org.apache.http.wire - http-outgoing-23 << "Connection:close[\r][\n]"
11:39:54.146 [Forwarding getElementText on session d94198a6aa3008d5ffaf97f92db0cb0c to remote] DEBUG org.apache.http.wire - http-outgoing-23 << "[\r][\n]"
11:39:54.146 [Forwarding getElementText on session d94198a6aa3008d5ffaf97f92db0cb0c to remote] DEBUG org.apache.http.wire - http-outgoing-23 << "{"sessionId":"d94198a6aa3008d5ffaf97f92db0cb0c","status":0,"value":""}"
11:39:54.146 [Forwarding getElementText on session d94198a6aa3008d5ffaf97f92db0cb0c to remote] DEBUG org.apache.http.headers - http-outgoing-23 << HTTP/1.1 200 OK
11:39:54.146 [Forwarding getElementText on session d94198a6aa3008d5ffaf97f92db0cb0c to remote] DEBUG org.apache.http.headers - http-outgoing-23 << Content-Length:70
11:39:54.146 [Forwarding getElementText on session d94198a6aa3008d5ffaf97f92db0cb0c to remote] DEBUG org.apache.http.headers - http-outgoing-23 << Content-Type:application/json; charset=utf-8
11:39:54.146 [Forwarding getElementText on session d94198a6aa3008d5ffaf97f92db0cb0c to remote] DEBUG org.apache.http.headers - http-outgoing-23 << Connection:close
11:39:54.147 [Forwarding getElementText on session d94198a6aa3008d5ffaf97f92db0cb0c to remote] DEBUG o.a.h.i.c.DefaultManagedHttpClientConnection - http-outgoing-23: Shutdown connection
11:39:54.147 [Forwarding getElementText on session d94198a6aa3008d5ffaf97f92db0cb0c to remote] DEBUG o.a.h.impl.execchain.MainClientExec - Connection discarded
11:39:54.147 [Forwarding getElementText on session d94198a6aa3008d5ffaf97f92db0cb0c to remote] DEBUG o.a.h.i.c.DefaultManagedHttpClientConnection - http-outgoing-23: Close connection
11:39:54.147 [Forwarding getElementText on session d94198a6aa3008d5ffaf97f92db0cb0c to remote] DEBUG o.a.h.i.c.PoolingHttpClientConnectionManager - Connection released: [id: 23][route: {}->http://localhost:26477][total kept alive: 0; route allocated: 0 of 2000; total allocated: 0 of 2000]
11:39:54.147 [Forwarding getElementText on session d94198a6aa3008d5ffaf97f92db0cb0c to remote] DEBUG o.a.h.c.protocol.RequestAddCookies - CookieSpec selected: best-match
11:39:54.147 [Forwarding getElementText on session d94198a6aa3008d5ffaf97f92db0cb0c to remote] DEBUG o.a.h.c.protocol.RequestAuthCache - Auth cache not set in the context
11:39:54.147 [Forwarding getElementText on session d94198a6aa3008d5ffaf97f92db0cb0c to remote] DEBUG o.a.h.i.c.PoolingHttpClientConnectionManager - Connection request: [route: {}->http://localhost:26477][total kept alive: 0; route allocated: 0 of 2000; total allocated: 0 of 2000]
11:39:54.147 [Forwarding getElementText on session d94198a6aa3008d5ffaf97f92db0cb0c to remote] DEBUG o.a.h.i.c.PoolingHttpClientConnectionManager - Connection leased: [id: 24][route: {}->http://localhost:26477][total kept alive: 0; route allocated: 1 of 2000; total allocated: 1 of 2000]
11:39:54.147 [Forwarding getElementText on session d94198a6aa3008d5ffaf97f92db0cb0c to remote] DEBUG o.a.h.impl.execchain.MainClientExec - Opening connection {}->http://localhost:26477
11:39:54.147 [Forwarding getElementText on session d94198a6aa3008d5ffaf97f92db0cb0c to remote] DEBUG o.a.h.i.c.HttpClientConnectionOperator - Connecting to localhost/127.0.0.1:26477
11:39:54.147 [Forwarding getElementText on session d94198a6aa3008d5ffaf97f92db0cb0c to remote] DEBUG o.a.h.i.c.HttpClientConnectionOperator - Connection established 127.0.0.1:57290<->127.0.0.1:26477
11:39:54.148 [Forwarding getElementText on session d94198a6aa3008d5ffaf97f92db0cb0c to remote] DEBUG o.a.h.impl.execchain.MainClientExec - Executing request GET /session/d94198a6aa3008d5ffaf97f92db0cb0c/element/0.5152662619948387-3/text HTTP/1.1
11:39:54.148 [Forwarding getElementText on session d94198a6aa3008d5ffaf97f92db0cb0c to remote] DEBUG o.a.h.impl.execchain.MainClientExec - Target auth state: UNCHALLENGED
11:39:54.148 [Forwarding getElementText on session d94198a6aa3008d5ffaf97f92db0cb0c to remote] DEBUG o.a.h.impl.execchain.MainClientExec - Proxy auth state: UNCHALLENGED
11:39:54.148 [Forwarding getElementText on session d94198a6aa3008d5ffaf97f92db0cb0c to remote] DEBUG org.apache.http.headers - http-outgoing-24 >> GET /session/d94198a6aa3008d5ffaf97f92db0cb0c/element/0.5152662619948387-3/text HTTP/1.1
11:39:54.148 [Forwarding getElementText on session d94198a6aa3008d5ffaf97f92db0cb0c to remote] DEBUG org.apache.http.headers - http-outgoing-24 >> Cache-Control: no-cache
11:39:54.148 [Forwarding getElementText on session d94198a6aa3008d5ffaf97f92db0cb0c to remote] DEBUG org.apache.http.headers - http-outgoing-24 >> Host: localhost:26477
11:39:54.148 [Forwarding getElementText on session d94198a6aa3008d5ffaf97f92db0cb0c to remote] DEBUG org.apache.http.headers - http-outgoing-24 >> Connection: Keep-Alive
11:39:54.148 [Forwarding getElementText on session d94198a6aa3008d5ffaf97f92db0cb0c to remote] DEBUG org.apache.http.headers - http-outgoing-24 >> User-Agent: Apache-HttpClient/4.3.4 (java 1.5)
11:39:54.148 [Forwarding getElementText on session d94198a6aa3008d5ffaf97f92db0cb0c to remote] DEBUG org.apache.http.headers - http-outgoing-24 >> Accept-Encoding: gzip,deflate
11:39:54.148 [Forwarding getElementText on session d94198a6aa3008d5ffaf97f92db0cb0c to remote] DEBUG org.apache.http.wire - http-outgoing-24 >> "GET /session/d94198a6aa3008d5ffaf97f92db0cb0c/element/0.5152662619948387-3/text HTTP/1.1[\r][\n]"
11:39:54.148 [Forwarding getElementText on session d94198a6aa3008d5ffaf97f92db0cb0c to remote] DEBUG org.apache.http.wire - http-outgoing-24 >> "Cache-Control: no-cache[\r][\n]"
11:39:54.148 [Forwarding getElementText on session d94198a6aa3008d5ffaf97f92db0cb0c to remote] DEBUG org.apache.http.wire - http-outgoing-24 >> "Host: localhost:26477[\r][\n]"
11:39:54.148 [Forwarding getElementText on session d94198a6aa3008d5ffaf97f92db0cb0c to remote] DEBUG org.apache.http.wire - http-outgoing-24 >> "Connection: Keep-Alive[\r][\n]"
11:39:54.148 [Forwarding getElementText on session d94198a6aa3008d5ffaf97f92db0cb0c to remote] DEBUG org.apache.http.wire - http-outgoing-24 >> "User-Agent: Apache-HttpClient/4.3.4 (java 1.5)[\r][\n]"
11:39:54.148 [Forwarding getElementText on session d94198a6aa3008d5ffaf97f92db0cb0c to remote] DEBUG org.apache.http.wire - http-outgoing-24 >> "Accept-Encoding: gzip,deflate[\r][\n]"
11:39:54.148 [Forwarding getElementText on session d94198a6aa3008d5ffaf97f92db0cb0c to remote] DEBUG org.apache.http.wire - http-outgoing-24 >> "[\r][\n]"
11:39:54.160 [Forwarding getElementText on session d94198a6aa3008d5ffaf97f92db0cb0c to remote] DEBUG org.apache.http.wire - http-outgoing-24 << "HTTP/1.1 200 OK[\r][\n]"
11:39:54.160 [Forwarding getElementText on session d94198a6aa3008d5ffaf97f92db0cb0c to remote] DEBUG org.apache.http.wire - http-outgoing-24 << "Content-Length:85[\r][\n]"
11:39:54.160 [Forwarding getElementText on session d94198a6aa3008d5ffaf97f92db0cb0c to remote] DEBUG org.apache.http.wire - http-outgoing-24 << "Content-Type:application/json; charset=utf-8[\r][\n]"
11:39:54.160 [Forwarding getElementText on session d94198a6aa3008d5ffaf97f92db0cb0c to remote] DEBUG org.apache.http.wire - http-outgoing-24 << "Connection:close[\r][\n]"
11:39:54.160 [Forwarding getElementText on session d94198a6aa3008d5ffaf97f92db0cb0c to remote] DEBUG org.apache.http.wire - http-outgoing-24 << "[\r][\n]"
11:39:54.160 [Forwarding getElementText on session d94198a6aa3008d5ffaf97f92db0cb0c to remote] DEBUG org.apache.http.wire - http-outgoing-24 << "{"sessionId":"d94198a6aa3008d5ffaf97f92db0cb0c","status":0,"value":"Search Vouchers"}"
11:39:54.160 [Forwarding getElementText on session d94198a6aa3008d5ffaf97f92db0cb0c to remote] DEBUG org.apache.http.headers - http-outgoing-24 << HTTP/1.1 200 OK
11:39:54.161 [Forwarding getElementText on session d94198a6aa3008d5ffaf97f92db0cb0c to remote] DEBUG org.apache.http.headers - http-outgoing-24 << Content-Length:85
11:39:54.161 [Forwarding getElementText on session d94198a6aa3008d5ffaf97f92db0cb0c to remote] DEBUG org.apache.http.headers - http-outgoing-24 << Content-Type:application/json; charset=utf-8
11:39:54.161 [Forwarding getElementText on session d94198a6aa3008d5ffaf97f92db0cb0c to remote] DEBUG org.apache.http.headers - http-outgoing-24 << Connection:close
11:39:54.161 [Forwarding getElementText on session d94198a6aa3008d5ffaf97f92db0cb0c to remote] DEBUG o.a.h.i.c.DefaultManagedHttpClientConnection - http-outgoing-24: Shutdown connection
11:39:54.161 [Forwarding getElementText on session d94198a6aa3008d5ffaf97f92db0cb0c to remote] DEBUG o.a.h.impl.execchain.MainClientExec - Connection discarded
11:39:54.161 [Forwarding getElementText on session d94198a6aa3008d5ffaf97f92db0cb0c to remote] DEBUG o.a.h.i.c.DefaultManagedHttpClientConnection - http-outgoing-24: Close connection
11:39:54.161 [Forwarding getElementText on session d94198a6aa3008d5ffaf97f92db0cb0c to remote] DEBUG o.a.h.i.c.PoolingHttpClientConnectionManager - Connection released: [id: 24][route: {}->http://localhost:26477][total kept alive: 0; route allocated: 0 of 2000; total allocated: 0 of 2000]
11:39:54.161 [Forwarding getElementText on session d94198a6aa3008d5ffaf97f92db0cb0c to remote] DEBUG o.a.h.c.protocol.RequestAddCookies - CookieSpec selected: best-match
11:39:54.161 [Forwarding getElementText on session d94198a6aa3008d5ffaf97f92db0cb0c to remote] DEBUG o.a.h.c.protocol.RequestAuthCache - Auth cache not set in the context
11:39:54.161 [Forwarding getElementText on session d94198a6aa3008d5ffaf97f92db0cb0c to remote] DEBUG o.a.h.i.c.PoolingHttpClientConnectionManager - Connection request: [route: {}->http://localhost:26477][total kept alive: 0; route allocated: 0 of 2000; total allocated: 0 of 2000]
11:39:54.162 [Forwarding getElementText on session d94198a6aa3008d5ffaf97f92db0cb0c to remote] DEBUG o.a.h.i.c.PoolingHttpClientConnectionManager - Connection leased: [id: 25][route: {}->http://localhost:26477][total kept alive: 0; route allocated: 1 of 2000; total allocated: 1 of 2000]
11:39:54.162 [Forwarding getElementText on session d94198a6aa3008d5ffaf97f92db0cb0c to remote] DEBUG o.a.h.impl.execchain.MainClientExec - Opening connection {}->http://localhost:26477
11:39:54.162 [Forwarding getElementText on session d94198a6aa3008d5ffaf97f92db0cb0c to remote] DEBUG o.a.h.i.c.HttpClientConnectionOperator - Connecting to localhost/127.0.0.1:26477
11:39:54.162 [Forwarding getElementText on session d94198a6aa3008d5ffaf97f92db0cb0c to remote] DEBUG o.a.h.i.c.HttpClientConnectionOperator - Connection established 127.0.0.1:57291<->127.0.0.1:26477
11:39:54.162 [Forwarding getElementText on session d94198a6aa3008d5ffaf97f92db0cb0c to remote] DEBUG o.a.h.impl.execchain.MainClientExec - Executing request GET /session/d94198a6aa3008d5ffaf97f92db0cb0c/element/0.5152662619948387-4/text HTTP/1.1
11:39:54.162 [Forwarding getElementText on session d94198a6aa3008d5ffaf97f92db0cb0c to remote] DEBUG o.a.h.impl.execchain.MainClientExec - Target auth state: UNCHALLENGED
11:39:54.162 [Forwarding getElementText on session d94198a6aa3008d5ffaf97f92db0cb0c to remote] DEBUG o.a.h.impl.execchain.MainClientExec - Proxy auth state: UNCHALLENGED
11:39:54.162 [Forwarding getElementText on session d94198a6aa3008d5ffaf97f92db0cb0c to remote] DEBUG org.apache.http.headers - http-outgoing-25 >> GET /session/d94198a6aa3008d5ffaf97f92db0cb0c/element/0.5152662619948387-4/text HTTP/1.1
11:39:54.162 [Forwarding getElementText on session d94198a6aa3008d5ffaf97f92db0cb0c to remote] DEBUG org.apache.http.headers - http-outgoing-25 >> Cache-Control: no-cache
11:39:54.162 [Forwarding getElementText on session d94198a6aa3008d5ffaf97f92db0cb0c to remote] DEBUG org.apache.http.headers - http-outgoing-25 >> Host: localhost:26477
11:39:54.162 [Forwarding getElementText on session d94198a6aa3008d5ffaf97f92db0cb0c to remote] DEBUG org.apache.http.headers - http-outgoing-25 >> Connection: Keep-Alive
11:39:54.162 [Forwarding getElementText on session d94198a6aa3008d5ffaf97f92db0cb0c to remote] DEBUG org.apache.http.headers - http-outgoing-25 >> User-Agent: Apache-HttpClient/4.3.4 (java 1.5)
11:39:54.162 [Forwarding getElementText on session d94198a6aa3008d5ffaf97f92db0cb0c to remote] DEBUG org.apache.http.headers - http-outgoing-25 >> Accept-Encoding: gzip,deflate
11:39:54.162 [Forwarding getElementText on session d94198a6aa3008d5ffaf97f92db0cb0c to remote] DEBUG org.apache.http.wire - http-outgoing-25 >> "GET /session/d94198a6aa3008d5ffaf97f92db0cb0c/element/0.5152662619948387-4/text HTTP/1.1[\r][\n]"
11:39:54.162 [Forwarding getElementText on session d94198a6aa3008d5ffaf97f92db0cb0c to remote] DEBUG org.apache.http.wire - http-outgoing-25 >> "Cache-Control: no-cache[\r][\n]"
11:39:54.162 [Forwarding getElementText on session d94198a6aa3008d5ffaf97f92db0cb0c to remote] DEBUG org.apache.http.wire - http-outgoing-25 >> "Host: localhost:26477[\r][\n]"
11:39:54.162 [Forwarding getElementText on session d94198a6aa3008d5ffaf97f92db0cb0c to remote] DEBUG org.apache.http.wire - http-outgoing-25 >> "Connection: Keep-Alive[\r][\n]"
11:39:54.162 [Forwarding getElementText on session d94198a6aa3008d5ffaf97f92db0cb0c to remote] DEBUG org.apache.http.wire - http-outgoing-25 >> "User-Agent: Apache-HttpClient/4.3.4 (java 1.5)[\r][\n]"
11:39:54.162 [Forwarding getElementText on session d94198a6aa3008d5ffaf97f92db0cb0c to remote] DEBUG org.apache.http.wire - http-outgoing-25 >> "Accept-Encoding: gzip,deflate[\r][\n]"
11:39:54.162 [Forwarding getElementText on session d94198a6aa3008d5ffaf97f92db0cb0c to remote] DEBUG org.apache.http.wire - http-outgoing-25 >> "[\r][\n]"
11:39:54.167 [Forwarding getElementText on session d94198a6aa3008d5ffaf97f92db0cb0c to remote] DEBUG org.apache.http.wire - http-outgoing-25 << "HTTP/1.1 200 OK[\r][\n]"
11:39:54.167 [Forwarding getElementText on session d94198a6aa3008d5ffaf97f92db0cb0c to remote] DEBUG org.apache.http.wire - http-outgoing-25 << "Content-Length:84[\r][\n]"
11:39:54.167 [Forwarding getElementText on session d94198a6aa3008d5ffaf97f92db0cb0c to remote] DEBUG org.apache.http.wire - http-outgoing-25 << "Content-Type:application/json; charset=utf-8[\r][\n]"
11:39:54.167 [Forwarding getElementText on session d94198a6aa3008d5ffaf97f92db0cb0c to remote] DEBUG org.apache.http.wire - http-outgoing-25 << "Connection:close[\r][\n]"
11:39:54.167 [Forwarding getElementText on session d94198a6aa3008d5ffaf97f92db0cb0c to remote] DEBUG org.apache.http.wire - http-outgoing-25 << "[\r][\n]"
11:39:54.167 [Forwarding getElementText on session d94198a6aa3008d5ffaf97f92db0cb0c to remote] DEBUG org.apache.http.wire - http-outgoing-25 << "{"sessionId":"d94198a6aa3008d5ffaf97f92db0cb0c","status":0,"value":"Search Account"}"
11:39:54.167 [Forwarding getElementText on session d94198a6aa3008d5ffaf97f92db0cb0c to remote] DEBUG org.apache.http.headers - http-outgoing-25 << HTTP/1.1 200 OK
11:39:54.167 [Forwarding getElementText on session d94198a6aa3008d5ffaf97f92db0cb0c to remote] DEBUG org.apache.http.headers - http-outgoing-25 << Content-Length:84
11:39:54.167 [Forwarding getElementText on session d94198a6aa3008d5ffaf97f92db0cb0c to remote] DEBUG org.apache.http.headers - http-outgoing-25 << Content-Type:application/json; charset=utf-8
11:39:54.167 [Forwarding getElementText on session d94198a6aa3008d5ffaf97f92db0cb0c to remote] DEBUG org.apache.http.headers - http-outgoing-25 << Connection:close
11:39:54.167 [Forwarding getElementText on session d94198a6aa3008d5ffaf97f92db0cb0c to remote] DEBUG o.a.h.i.c.DefaultManagedHttpClientConnection - http-outgoing-25: Shutdown connection
11:39:54.167 [Forwarding getElementText on session d94198a6aa3008d5ffaf97f92db0cb0c to remote] DEBUG o.a.h.impl.execchain.MainClientExec - Connection discarded
11:39:54.167 [Forwarding getElementText on session d94198a6aa3008d5ffaf97f92db0cb0c to remote] DEBUG o.a.h.i.c.DefaultManagedHttpClientConnection - http-outgoing-25: Close connection
11:39:54.167 [Forwarding getElementText on session d94198a6aa3008d5ffaf97f92db0cb0c to remote] DEBUG o.a.h.i.c.PoolingHttpClientConnectionManager - Connection released: [id: 25][route: {}->http://localhost:26477][total kept alive: 0; route allocated: 0 of 2000; total allocated: 0 of 2000]
11:39:54.168 [Forwarding getElementText on session d94198a6aa3008d5ffaf97f92db0cb0c to remote] DEBUG o.a.h.c.protocol.RequestAddCookies - CookieSpec selected: best-match
11:39:54.168 [Forwarding getElementText on session d94198a6aa3008d5ffaf97f92db0cb0c to remote] DEBUG o.a.h.c.protocol.RequestAuthCache - Auth cache not set in the context
11:39:54.168 [Forwarding getElementText on session d94198a6aa3008d5ffaf97f92db0cb0c to remote] DEBUG o.a.h.i.c.PoolingHttpClientConnectionManager - Connection request: [route: {}->http://localhost:26477][total kept alive: 0; route allocated: 0 of 2000; total allocated: 0 of 2000]
11:39:54.168 [Forwarding getElementText on session d94198a6aa3008d5ffaf97f92db0cb0c to remote] DEBUG o.a.h.i.c.PoolingHttpClientConnectionManager - Connection leased: [id: 26][route: {}->http://localhost:26477][total kept alive: 0; route allocated: 1 of 2000; total allocated: 1 of 2000]
11:39:54.168 [Forwarding getElementText on session d94198a6aa3008d5ffaf97f92db0cb0c to remote] DEBUG o.a.h.impl.execchain.MainClientExec - Opening connection {}->http://localhost:26477
11:39:54.168 [Forwarding getElementText on session d94198a6aa3008d5ffaf97f92db0cb0c to remote] DEBUG o.a.h.i.c.HttpClientConnectionOperator - Connecting to localhost/127.0.0.1:26477
11:39:54.168 [Forwarding getElementText on session d94198a6aa3008d5ffaf97f92db0cb0c to remote] DEBUG o.a.h.i.c.HttpClientConnectionOperator - Connection established 127.0.0.1:57292<->127.0.0.1:26477
11:39:54.168 [Forwarding getElementText on session d94198a6aa3008d5ffaf97f92db0cb0c to remote] DEBUG o.a.h.impl.execchain.MainClientExec - Executing request GET /session/d94198a6aa3008d5ffaf97f92db0cb0c/element/0.5152662619948387-5/text HTTP/1.1
11:39:54.168 [Forwarding getElementText on session d94198a6aa3008d5ffaf97f92db0cb0c to remote] DEBUG o.a.h.impl.execchain.MainClientExec - Target auth state: UNCHALLENGED
11:39:54.168 [Forwarding getElementText on session d94198a6aa3008d5ffaf97f92db0cb0c to remote] DEBUG o.a.h.impl.execchain.MainClientExec - Proxy auth state: UNCHALLENGED
11:39:54.168 [Forwarding getElementText on session d94198a6aa3008d5ffaf97f92db0cb0c to remote] DEBUG org.apache.http.headers - http-outgoing-26 >> GET /session/d94198a6aa3008d5ffaf97f92db0cb0c/element/0.5152662619948387-5/text HTTP/1.1
11:39:54.168 [Forwarding getElementText on session d94198a6aa3008d5ffaf97f92db0cb0c to remote] DEBUG org.apache.http.headers - http-outgoing-26 >> Cache-Control: no-cache
11:39:54.168 [Forwarding getElementText on session d94198a6aa3008d5ffaf97f92db0cb0c to remote] DEBUG org.apache.http.headers - http-outgoing-26 >> Host: localhost:26477
11:39:54.168 [Forwarding getElementText on session d94198a6aa3008d5ffaf97f92db0cb0c to remote] DEBUG org.apache.http.headers - http-outgoing-26 >> Connection: Keep-Alive
11:39:54.168 [Forwarding getElementText on session d94198a6aa3008d5ffaf97f92db0cb0c to remote] DEBUG org.apache.http.headers - http-outgoing-26 >> User-Agent: Apache-HttpClient/4.3.4 (java 1.5)
11:39:54.168 [Forwarding getElementText on session d94198a6aa3008d5ffaf97f92db0cb0c to remote] DEBUG org.apache.http.headers - http-outgoing-26 >> Accept-Encoding: gzip,deflate
11:39:54.169 [Forwarding getElementText on session d94198a6aa3008d5ffaf97f92db0cb0c to remote] DEBUG org.apache.http.wire - http-outgoing-26 >> "GET /session/d94198a6aa3008d5ffaf97f92db0cb0c/element/0.5152662619948387-5/text HTTP/1.1[\r][\n]"
11:39:54.169 [Forwarding getElementText on session d94198a6aa3008d5ffaf97f92db0cb0c to remote] DEBUG org.apache.http.wire - http-outgoing-26 >> "Cache-Control: no-cache[\r][\n]"
11:39:54.169 [Forwarding getElementText on session d94198a6aa3008d5ffaf97f92db0cb0c to remote] DEBUG org.apache.http.wire - http-outgoing-26 >> "Host: localhost:26477[\r][\n]"
11:39:54.169 [Forwarding getElementText on session d94198a6aa3008d5ffaf97f92db0cb0c to remote] DEBUG org.apache.http.wire - http-outgoing-26 >> "Connection: Keep-Alive[\r][\n]"
11:39:54.169 [Forwarding getElementText on session d94198a6aa3008d5ffaf97f92db0cb0c to remote] DEBUG org.apache.http.wire - http-outgoing-26 >> "User-Agent: Apache-HttpClient/4.3.4 (java 1.5)[\r][\n]"
11:39:54.169 [Forwarding getElementText on session d94198a6aa3008d5ffaf97f92db0cb0c to remote] DEBUG org.apache.http.wire - http-outgoing-26 >> "Accept-Encoding: gzip,deflate[\r][\n]"
11:39:54.169 [Forwarding getElementText on session d94198a6aa3008d5ffaf97f92db0cb0c to remote] DEBUG org.apache.http.wire - http-outgoing-26 >> "[\r][\n]"
11:39:54.180 [Forwarding getElementText on session d94198a6aa3008d5ffaf97f92db0cb0c to remote] DEBUG org.apache.http.wire - http-outgoing-26 << "HTTP/1.1 200 OK[\r][\n]"
11:39:54.180 [Forwarding getElementText on session d94198a6aa3008d5ffaf97f92db0cb0c to remote] DEBUG org.apache.http.wire - http-outgoing-26 << "Content-Length:85[\r][\n]"
11:39:54.180 [Forwarding getElementText on session d94198a6aa3008d5ffaf97f92db0cb0c to remote] DEBUG org.apache.http.wire - http-outgoing-26 << "Content-Type:application/json; charset=utf-8[\r][\n]"
11:39:54.180 [Forwarding getElementText on session d94198a6aa3008d5ffaf97f92db0cb0c to remote] DEBUG org.apache.http.wire - http-outgoing-26 << "Connection:close[\r][\n]"
11:39:54.180 [Forwarding getElementText on session d94198a6aa3008d5ffaf97f92db0cb0c to remote] DEBUG org.apache.http.wire - http-outgoing-26 << "[\r][\n]"
11:39:54.180 [Forwarding getElementText on session d94198a6aa3008d5ffaf97f92db0cb0c to remote] DEBUG org.apache.http.wire - http-outgoing-26 << "{"sessionId":"d94198a6aa3008d5ffaf97f92db0cb0c","status":0,"value":"Voucher Manager"}"
11:39:54.180 [Forwarding getElementText on session d94198a6aa3008d5ffaf97f92db0cb0c to remote] DEBUG org.apache.http.headers - http-outgoing-26 << HTTP/1.1 200 OK
11:39:54.180 [Forwarding getElementText on session d94198a6aa3008d5ffaf97f92db0cb0c to remote] DEBUG org.apache.http.headers - http-outgoing-26 << Content-Length:85
11:39:54.180 [Forwarding getElementText on session d94198a6aa3008d5ffaf97f92db0cb0c to remote] DEBUG org.apache.http.headers - http-outgoing-26 << Content-Type:application/json; charset=utf-8
11:39:54.180 [Forwarding getElementText on session d94198a6aa3008d5ffaf97f92db0cb0c to remote] DEBUG org.apache.http.headers - http-outgoing-26 << Connection:close
11:39:54.181 [Forwarding getElementText on session d94198a6aa3008d5ffaf97f92db0cb0c to remote] DEBUG o.a.h.i.c.DefaultManagedHttpClientConnection - http-outgoing-26: Shutdown connection
11:39:54.181 [Forwarding getElementText on session d94198a6aa3008d5ffaf97f92db0cb0c to remote] DEBUG o.a.h.impl.execchain.MainClientExec - Connection discarded
11:39:54.181 [Forwarding getElementText on session d94198a6aa3008d5ffaf97f92db0cb0c to remote] DEBUG o.a.h.i.c.DefaultManagedHttpClientConnection - http-outgoing-26: Close connection
11:39:54.181 [Forwarding getElementText on session d94198a6aa3008d5ffaf97f92db0cb0c to remote] DEBUG o.a.h.i.c.PoolingHttpClientConnectionManager - Connection released: [id: 26][route: {}->http://localhost:26477][total kept alive: 0; route allocated: 0 of 2000; total allocated: 0 of 2000]
11:39:54.181 [Forwarding getElementText on session d94198a6aa3008d5ffaf97f92db0cb0c to remote] DEBUG o.a.h.c.protocol.RequestAddCookies - CookieSpec selected: best-match
11:39:54.181 [Forwarding getElementText on session d94198a6aa3008d5ffaf97f92db0cb0c to remote] DEBUG o.a.h.c.protocol.RequestAuthCache - Auth cache not set in the context
11:39:54.181 [Forwarding getElementText on session d94198a6aa3008d5ffaf97f92db0cb0c to remote] DEBUG o.a.h.i.c.PoolingHttpClientConnectionManager - Connection request: [route: {}->http://localhost:26477][total kept alive: 0; route allocated: 0 of 2000; total allocated: 0 of 2000]
11:39:54.181 [Forwarding getElementText on session d94198a6aa3008d5ffaf97f92db0cb0c to remote] DEBUG o.a.h.i.c.PoolingHttpClientConnectionManager - Connection leased: [id: 27][route: {}->http://localhost:26477][total kept alive: 0; route allocated: 1 of 2000; total allocated: 1 of 2000]
11:39:54.181 [Forwarding getElementText on session d94198a6aa3008d5ffaf97f92db0cb0c to remote] DEBUG o.a.h.impl.execchain.MainClientExec - Opening connection {}->http://localhost:26477
11:39:54.181 [Forwarding getElementText on session d94198a6aa3008d5ffaf97f92db0cb0c to remote] DEBUG o.a.h.i.c.HttpClientConnectionOperator - Connecting to localhost/127.0.0.1:26477
11:39:54.182 [Forwarding getElementText on session d94198a6aa3008d5ffaf97f92db0cb0c to remote] DEBUG o.a.h.i.c.HttpClientConnectionOperator - Connection established 127.0.0.1:57293<->127.0.0.1:26477
11:39:54.182 [Forwarding getElementText on session d94198a6aa3008d5ffaf97f92db0cb0c to remote] DEBUG o.a.h.impl.execchain.MainClientExec - Executing request GET /session/d94198a6aa3008d5ffaf97f92db0cb0c/element/0.5152662619948387-6/text HTTP/1.1
11:39:54.182 [Forwarding getElementText on session d94198a6aa3008d5ffaf97f92db0cb0c to remote] DEBUG o.a.h.impl.execchain.MainClientExec - Target auth state: UNCHALLENGED
11:39:54.182 [Forwarding getElementText on session d94198a6aa3008d5ffaf97f92db0cb0c to remote] DEBUG o.a.h.impl.execchain.MainClientExec - Proxy auth state: UNCHALLENGED
11:39:54.182 [Forwarding getElementText on session d94198a6aa3008d5ffaf97f92db0cb0c to remote] DEBUG org.apache.http.headers - http-outgoing-27 >> GET /session/d94198a6aa3008d5ffaf97f92db0cb0c/element/0.5152662619948387-6/text HTTP/1.1
11:39:54.182 [Forwarding getElementText on session d94198a6aa3008d5ffaf97f92db0cb0c to remote] DEBUG org.apache.http.headers - http-outgoing-27 >> Cache-Control: no-cache
11:39:54.182 [Forwarding getElementText on session d94198a6aa3008d5ffaf97f92db0cb0c to remote] DEBUG org.apache.http.headers - http-outgoing-27 >> Host: localhost:26477
11:39:54.182 [Forwarding getElementText on session d94198a6aa3008d5ffaf97f92db0cb0c to remote] DEBUG org.apache.http.headers - http-outgoing-27 >> Connection: Keep-Alive
11:39:54.182 [Forwarding getElementText on session d94198a6aa3008d5ffaf97f92db0cb0c to remote] DEBUG org.apache.http.headers - http-outgoing-27 >> User-Agent: Apache-HttpClient/4.3.4 (java 1.5)
11:39:54.182 [Forwarding getElementText on session d94198a6aa3008d5ffaf97f92db0cb0c to remote] DEBUG org.apache.http.headers - http-outgoing-27 >> Accept-Encoding: gzip,deflate
11:39:54.182 [Forwarding getElementText on session d94198a6aa3008d5ffaf97f92db0cb0c to remote] DEBUG org.apache.http.wire - http-outgoing-27 >> "GET /session/d94198a6aa3008d5ffaf97f92db0cb0c/element/0.5152662619948387-6/text HTTP/1.1[\r][\n]"
11:39:54.182 [Forwarding getElementText on session d94198a6aa3008d5ffaf97f92db0cb0c to remote] DEBUG org.apache.http.wire - http-outgoing-27 >> "Cache-Control: no-cache[\r][\n]"
11:39:54.182 [Forwarding getElementText on session d94198a6aa3008d5ffaf97f92db0cb0c to remote] DEBUG org.apache.http.wire - http-outgoing-27 >> "Host: localhost:26477[\r][\n]"
11:39:54.182 [Forwarding getElementText on session d94198a6aa3008d5ffaf97f92db0cb0c to remote] DEBUG org.apache.http.wire - http-outgoing-27 >> "Connection: Keep-Alive[\r][\n]"
11:39:54.182 [Forwarding getElementText on session d94198a6aa3008d5ffaf97f92db0cb0c to remote] DEBUG org.apache.http.wire - http-outgoing-27 >> "User-Agent: Apache-HttpClient/4.3.4 (java 1.5)[\r][\n]"
11:39:54.182 [Forwarding getElementText on session d94198a6aa3008d5ffaf97f92db0cb0c to remote] DEBUG org.apache.http.wire - http-outgoing-27 >> "Accept-Encoding: gzip,deflate[\r][\n]"
11:39:54.182 [Forwarding getElementText on session d94198a6aa3008d5ffaf97f92db0cb0c to remote] DEBUG org.apache.http.wire - http-outgoing-27 >> "[\r][\n]"
11:39:54.186 [Forwarding getElementText on session d94198a6aa3008d5ffaf97f92db0cb0c to remote] DEBUG org.apache.http.wire - http-outgoing-27 << "HTTP/1.1 200 OK[\r][\n]"
11:39:54.186 [Forwarding getElementText on session d94198a6aa3008d5ffaf97f92db0cb0c to remote] DEBUG org.apache.http.wire - http-outgoing-27 << "Content-Length:70[\r][\n]"
11:39:54.186 [Forwarding getElementText on session d94198a6aa3008d5ffaf97f92db0cb0c to remote] DEBUG org.apache.http.wire - http-outgoing-27 << "Content-Type:application/json; charset=utf-8[\r][\n]"
11:39:54.186 [Forwarding getElementText on session d94198a6aa3008d5ffaf97f92db0cb0c to remote] DEBUG org.apache.http.wire - http-outgoing-27 << "Connection:close[\r][\n]"
11:39:54.186 [Forwarding getElementText on session d94198a6aa3008d5ffaf97f92db0cb0c to remote] DEBUG org.apache.http.wire - http-outgoing-27 << "[\r][\n]"
11:39:54.186 [Forwarding getElementText on session d94198a6aa3008d5ffaf97f92db0cb0c to remote] DEBUG org.apache.http.wire - http-outgoing-27 << "{"sessionId":"d94198a6aa3008d5ffaf97f92db0cb0c","status":0,"value":""}"
11:39:54.186 [Forwarding getElementText on session d94198a6aa3008d5ffaf97f92db0cb0c to remote] DEBUG org.apache.http.headers - http-outgoing-27 << HTTP/1.1 200 OK
11:39:54.186 [Forwarding getElementText on session d94198a6aa3008d5ffaf97f92db0cb0c to remote] DEBUG org.apache.http.headers - http-outgoing-27 << Content-Length:70
11:39:54.186 [Forwarding getElementText on session d94198a6aa3008d5ffaf97f92db0cb0c to remote] DEBUG org.apache.http.headers - http-outgoing-27 << Content-Type:application/json; charset=utf-8
11:39:54.186 [Forwarding getElementText on session d94198a6aa3008d5ffaf97f92db0cb0c to remote] DEBUG org.apache.http.headers - http-outgoing-27 << Connection:close
11:39:54.187 [Forwarding getElementText on session d94198a6aa3008d5ffaf97f92db0cb0c to remote] DEBUG o.a.h.i.c.DefaultManagedHttpClientConnection - http-outgoing-27: Shutdown connection
11:39:54.187 [Forwarding getElementText on session d94198a6aa3008d5ffaf97f92db0cb0c to remote] DEBUG o.a.h.impl.execchain.MainClientExec - Connection discarded
11:39:54.187 [Forwarding getElementText on session d94198a6aa3008d5ffaf97f92db0cb0c to remote] DEBUG o.a.h.i.c.DefaultManagedHttpClientConnection - http-outgoing-27: Close connection
11:39:54.187 [Forwarding getElementText on session d94198a6aa3008d5ffaf97f92db0cb0c to remote] DEBUG o.a.h.i.c.PoolingHttpClientConnectionManager - Connection released: [id: 27][route: {}->http://localhost:26477][total kept alive: 0; route allocated: 0 of 2000; total allocated: 0 of 2000]
11:39:54.187 [Forwarding getElementText on session d94198a6aa3008d5ffaf97f92db0cb0c to remote] DEBUG o.a.h.c.protocol.RequestAddCookies - CookieSpec selected: best-match
11:39:54.187 [Forwarding getElementText on session d94198a6aa3008d5ffaf97f92db0cb0c to remote] DEBUG o.a.h.c.protocol.RequestAuthCache - Auth cache not set in the context
11:39:54.187 [Forwarding getElementText on session d94198a6aa3008d5ffaf97f92db0cb0c to remote] DEBUG o.a.h.i.c.PoolingHttpClientConnectionManager - Connection request: [route: {}->http://localhost:26477][total kept alive: 0; route allocated: 0 of 2000; total allocated: 0 of 2000]
11:39:54.187 [Forwarding getElementText on session d94198a6aa3008d5ffaf97f92db0cb0c to remote] DEBUG o.a.h.i.c.PoolingHttpClientConnectionManager - Connection leased: [id: 28][route: {}->http://localhost:26477][total kept alive: 0; route allocated: 1 of 2000; total allocated: 1 of 2000]
11:39:54.187 [Forwarding getElementText on session d94198a6aa3008d5ffaf97f92db0cb0c to remote] DEBUG o.a.h.impl.execchain.MainClientExec - Opening connection {}->http://localhost:26477
11:39:54.187 [Forwarding getElementText on session d94198a6aa3008d5ffaf97f92db0cb0c to remote] DEBUG o.a.h.i.c.HttpClientConnectionOperator - Connecting to localhost/127.0.0.1:26477
11:39:54.188 [Forwarding getElementText on session d94198a6aa3008d5ffaf97f92db0cb0c to remote] DEBUG o.a.h.i.c.HttpClientConnectionOperator - Connection established 127.0.0.1:57294<->127.0.0.1:26477
11:39:54.188 [Forwarding getElementText on session d94198a6aa3008d5ffaf97f92db0cb0c to remote] DEBUG o.a.h.impl.execchain.MainClientExec - Executing request GET /session/d94198a6aa3008d5ffaf97f92db0cb0c/element/0.5152662619948387-7/text HTTP/1.1
11:39:54.188 [Forwarding getElementText on session d94198a6aa3008d5ffaf97f92db0cb0c to remote] DEBUG o.a.h.impl.execchain.MainClientExec - Target auth state: UNCHALLENGED
11:39:54.188 [Forwarding getElementText on session d94198a6aa3008d5ffaf97f92db0cb0c to remote] DEBUG o.a.h.impl.execchain.MainClientExec - Proxy auth state: UNCHALLENGED
11:39:54.188 [Forwarding getElementText on session d94198a6aa3008d5ffaf97f92db0cb0c to remote] DEBUG org.apache.http.headers - http-outgoing-28 >> GET /session/d94198a6aa3008d5ffaf97f92db0cb0c/element/0.5152662619948387-7/text HTTP/1.1
11:39:54.188 [Forwarding getElementText on session d94198a6aa3008d5ffaf97f92db0cb0c to remote] DEBUG org.apache.http.headers - http-outgoing-28 >> Cache-Control: no-cache
11:39:54.188 [Forwarding getElementText on session d94198a6aa3008d5ffaf97f92db0cb0c to remote] DEBUG org.apache.http.headers - http-outgoing-28 >> Host: localhost:26477
11:39:54.188 [Forwarding getElementText on session d94198a6aa3008d5ffaf97f92db0cb0c to remote] DEBUG org.apache.http.headers - http-outgoing-28 >> Connection: Keep-Alive
11:39:54.188 [Forwarding getElementText on session d94198a6aa3008d5ffaf97f92db0cb0c to remote] DEBUG org.apache.http.headers - http-outgoing-28 >> User-Agent: Apache-HttpClient/4.3.4 (java 1.5)
11:39:54.188 [Forwarding getElementText on session d94198a6aa3008d5ffaf97f92db0cb0c to remote] DEBUG org.apache.http.headers - http-outgoing-28 >> Accept-Encoding: gzip,deflate
11:39:54.188 [Forwarding getElementText on session d94198a6aa3008d5ffaf97f92db0cb0c to remote] DEBUG org.apache.http.wire - http-outgoing-28 >> "GET /session/d94198a6aa3008d5ffaf97f92db0cb0c/element/0.5152662619948387-7/text HTTP/1.1[\r][\n]"
11:39:54.188 [Forwarding getElementText on session d94198a6aa3008d5ffaf97f92db0cb0c to remote] DEBUG org.apache.http.wire - http-outgoing-28 >> "Cache-Control: no-cache[\r][\n]"
11:39:54.188 [Forwarding getElementText on session d94198a6aa3008d5ffaf97f92db0cb0c to remote] DEBUG org.apache.http.wire - http-outgoing-28 >> "Host: localhost:26477[\r][\n]"
11:39:54.188 [Forwarding getElementText on session d94198a6aa3008d5ffaf97f92db0cb0c to remote] DEBUG org.apache.http.wire - http-outgoing-28 >> "Connection: Keep-Alive[\r][\n]"
11:39:54.188 [Forwarding getElementText on session d94198a6aa3008d5ffaf97f92db0cb0c to remote] DEBUG org.apache.http.wire - http-outgoing-28 >> "User-Agent: Apache-HttpClient/4.3.4 (java 1.5)[\r][\n]"
11:39:54.188 [Forwarding getElementText on session d94198a6aa3008d5ffaf97f92db0cb0c to remote] DEBUG org.apache.http.wire - http-outgoing-28 >> "Accept-Encoding: gzip,deflate[\r][\n]"
11:39:54.188 [Forwarding getElementText on session d94198a6aa3008d5ffaf97f92db0cb0c to remote] DEBUG org.apache.http.wire - http-outgoing-28 >> "[\r][\n]"
11:39:54.198 [Forwarding getElementText on session d94198a6aa3008d5ffaf97f92db0cb0c to remote] DEBUG org.apache.http.wire - http-outgoing-28 << "HTTP/1.1 200 OK[\r][\n]"
11:39:54.198 [Forwarding getElementText on session d94198a6aa3008d5ffaf97f92db0cb0c to remote] DEBUG org.apache.http.wire - http-outgoing-28 << "Content-Length:70[\r][\n]"
11:39:54.198 [Forwarding getElementText on session d94198a6aa3008d5ffaf97f92db0cb0c to remote] DEBUG org.apache.http.wire - http-outgoing-28 << "Content-Type:application/json; charset=utf-8[\r][\n]"
11:39:54.198 [Forwarding getElementText on session d94198a6aa3008d5ffaf97f92db0cb0c to remote] DEBUG org.apache.http.wire - http-outgoing-28 << "Connection:close[\r][\n]"
11:39:54.198 [Forwarding getElementText on session d94198a6aa3008d5ffaf97f92db0cb0c to remote] DEBUG org.apache.http.wire - http-outgoing-28 << "[\r][\n]"
11:39:54.198 [Forwarding getElementText on session d94198a6aa3008d5ffaf97f92db0cb0c to remote] DEBUG org.apache.http.wire - http-outgoing-28 << "{"sessionId":"d94198a6aa3008d5ffaf97f92db0cb0c","status":0,"value":""}"
11:39:54.198 [Forwarding getElementText on session d94198a6aa3008d5ffaf97f92db0cb0c to remote] DEBUG org.apache.http.headers - http-outgoing-28 << HTTP/1.1 200 OK
11:39:54.198 [Forwarding getElementText on session d94198a6aa3008d5ffaf97f92db0cb0c to remote] DEBUG org.apache.http.headers - http-outgoing-28 << Content-Length:70
11:39:54.198 [Forwarding getElementText on session d94198a6aa3008d5ffaf97f92db0cb0c to remote] DEBUG org.apache.http.headers - http-outgoing-28 << Content-Type:application/json; charset=utf-8
11:39:54.198 [Forwarding getElementText on session d94198a6aa3008d5ffaf97f92db0cb0c to remote] DEBUG org.apache.http.headers - http-outgoing-28 << Connection:close
11:39:54.199 [Forwarding getElementText on session d94198a6aa3008d5ffaf97f92db0cb0c to remote] DEBUG o.a.h.i.c.DefaultManagedHttpClientConnection - http-outgoing-28: Shutdown connection
11:39:54.199 [Forwarding getElementText on session d94198a6aa3008d5ffaf97f92db0cb0c to remote] DEBUG o.a.h.impl.execchain.MainClientExec - Connection discarded
11:39:54.199 [Forwarding getElementText on session d94198a6aa3008d5ffaf97f92db0cb0c to remote] DEBUG o.a.h.i.c.DefaultManagedHttpClientConnection - http-outgoing-28: Close connection
11:39:54.199 [Forwarding getElementText on session d94198a6aa3008d5ffaf97f92db0cb0c to remote] DEBUG o.a.h.i.c.PoolingHttpClientConnectionManager - Connection released: [id: 28][route: {}->http://localhost:26477][total kept alive: 0; route allocated: 0 of 2000; total allocated: 0 of 2000]
11:39:54.199 [Forwarding getElementText on session d94198a6aa3008d5ffaf97f92db0cb0c to remote] DEBUG o.a.h.c.protocol.RequestAddCookies - CookieSpec selected: best-match
11:39:54.199 [Forwarding getElementText on session d94198a6aa3008d5ffaf97f92db0cb0c to remote] DEBUG o.a.h.c.protocol.RequestAuthCache - Auth cache not set in the context
11:39:54.199 [Forwarding getElementText on session d94198a6aa3008d5ffaf97f92db0cb0c to remote] DEBUG o.a.h.i.c.PoolingHttpClientConnectionManager - Connection request: [route: {}->http://localhost:26477][total kept alive: 0; route allocated: 0 of 2000; total allocated: 0 of 2000]
11:39:54.199 [Forwarding getElementText on session d94198a6aa3008d5ffaf97f92db0cb0c to remote] DEBUG o.a.h.i.c.PoolingHttpClientConnectionManager - Connection leased: [id: 29][route: {}->http://localhost:26477][total kept alive: 0; route allocated: 1 of 2000; total allocated: 1 of 2000]
11:39:54.199 [Forwarding getElementText on session d94198a6aa3008d5ffaf97f92db0cb0c to remote] DEBUG o.a.h.impl.execchain.MainClientExec - Opening connection {}->http://localhost:26477
11:39:54.200 [Forwarding getElementText on session d94198a6aa3008d5ffaf97f92db0cb0c to remote] DEBUG o.a.h.i.c.HttpClientConnectionOperator - Connecting to localhost/127.0.0.1:26477
11:39:54.200 [Forwarding getElementText on session d94198a6aa3008d5ffaf97f92db0cb0c to remote] DEBUG o.a.h.i.c.HttpClientConnectionOperator - Connection established 127.0.0.1:57295<->127.0.0.1:26477
11:39:54.200 [Forwarding getElementText on session d94198a6aa3008d5ffaf97f92db0cb0c to remote] DEBUG o.a.h.impl.execchain.MainClientExec - Executing request GET /session/d94198a6aa3008d5ffaf97f92db0cb0c/element/0.5152662619948387-8/text HTTP/1.1
11:39:54.200 [Forwarding getElementText on session d94198a6aa3008d5ffaf97f92db0cb0c to remote] DEBUG o.a.h.impl.execchain.MainClientExec - Target auth state: UNCHALLENGED
11:39:54.200 [Forwarding getElementText on session d94198a6aa3008d5ffaf97f92db0cb0c to remote] DEBUG o.a.h.impl.execchain.MainClientExec - Proxy auth state: UNCHALLENGED
11:39:54.200 [Forwarding getElementText on session d94198a6aa3008d5ffaf97f92db0cb0c to remote] DEBUG org.apache.http.headers - http-outgoing-29 >> GET /session/d94198a6aa3008d5ffaf97f92db0cb0c/element/0.5152662619948387-8/text HTTP/1.1
11:39:54.200 [Forwarding getElementText on session d94198a6aa3008d5ffaf97f92db0cb0c to remote] DEBUG org.apache.http.headers - http-outgoing-29 >> Cache-Control: no-cache
11:39:54.200 [Forwarding getElementText on session d94198a6aa3008d5ffaf97f92db0cb0c to remote] DEBUG org.apache.http.headers - http-outgoing-29 >> Host: localhost:26477
11:39:54.200 [Forwarding getElementText on session d94198a6aa3008d5ffaf97f92db0cb0c to remote] DEBUG org.apache.http.headers - http-outgoing-29 >> Connection: Keep-Alive
11:39:54.200 [Forwarding getElementText on session d94198a6aa3008d5ffaf97f92db0cb0c to remote] DEBUG org.apache.http.headers - http-outgoing-29 >> User-Agent: Apache-HttpClient/4.3.4 (java 1.5)
11:39:54.200 [Forwarding getElementText on session d94198a6aa3008d5ffaf97f92db0cb0c to remote] DEBUG org.apache.http.headers - http-outgoing-29 >> Accept-Encoding: gzip,deflate
11:39:54.200 [Forwarding getElementText on session d94198a6aa3008d5ffaf97f92db0cb0c to remote] DEBUG org.apache.http.wire - http-outgoing-29 >> "GET /session/d94198a6aa3008d5ffaf97f92db0cb0c/element/0.5152662619948387-8/text HTTP/1.1[\r][\n]"
11:39:54.200 [Forwarding getElementText on session d94198a6aa3008d5ffaf97f92db0cb0c to remote] DEBUG org.apache.http.wire - http-outgoing-29 >> "Cache-Control: no-cache[\r][\n]"
11:39:54.200 [Forwarding getElementText on session d94198a6aa3008d5ffaf97f92db0cb0c to remote] DEBUG org.apache.http.wire - http-outgoing-29 >> "Host: localhost:26477[\r][\n]"
11:39:54.200 [Forwarding getElementText on session d94198a6aa3008d5ffaf97f92db0cb0c to remote] DEBUG org.apache.http.wire - http-outgoing-29 >> "Connection: Keep-Alive[\r][\n]"
11:39:54.200 [Forwarding getElementText on session d94198a6aa3008d5ffaf97f92db0cb0c to remote] DEBUG org.apache.http.wire - http-outgoing-29 >> "User-Agent: Apache-HttpClient/4.3.4 (java 1.5)[\r][\n]"
11:39:54.200 [Forwarding getElementText on session d94198a6aa3008d5ffaf97f92db0cb0c to remote] DEBUG org.apache.http.wire - http-outgoing-29 >> "Accept-Encoding: gzip,deflate[\r][\n]"
11:39:54.200 [Forwarding getElementText on session d94198a6aa3008d5ffaf97f92db0cb0c to remote] DEBUG org.apache.http.wire - http-outgoing-29 >> "[\r][\n]"
11:39:54.204 [Forwarding getElementText on session d94198a6aa3008d5ffaf97f92db0cb0c to remote] DEBUG org.apache.http.wire - http-outgoing-29 << "HTTP/1.1 200 OK[\r][\n]"
11:39:54.204 [Forwarding getElementText on session d94198a6aa3008d5ffaf97f92db0cb0c to remote] DEBUG org.apache.http.wire - http-outgoing-29 << "Content-Length:91[\r][\n]"
11:39:54.204 [Forwarding getElementText on session d94198a6aa3008d5ffaf97f92db0cb0c to remote] DEBUG org.apache.http.wire - http-outgoing-29 << "Content-Type:application/json; charset=utf-8[\r][\n]"
11:39:54.204 [Forwarding getElementText on session d94198a6aa3008d5ffaf97f92db0cb0c to remote] DEBUG org.apache.http.wire - http-outgoing-29 << "Connection:close[\r][\n]"
11:39:54.204 [Forwarding getElementText on session d94198a6aa3008d5ffaf97f92db0cb0c to remote] DEBUG org.apache.http.wire - http-outgoing-29 << "[\r][\n]"
11:39:54.204 [Forwarding getElementText on session d94198a6aa3008d5ffaf97f92db0cb0c to remote] DEBUG org.apache.http.wire - http-outgoing-29 << "{"sessionId":"d94198a6aa3008d5ffaf97f92db0cb0c","status":0,"value":"Show Advanced Filters"}"
11:39:54.204 [Forwarding getElementText on session d94198a6aa3008d5ffaf97f92db0cb0c to remote] DEBUG org.apache.http.headers - http-outgoing-29 << HTTP/1.1 200 OK
11:39:54.204 [Forwarding getElementText on session d94198a6aa3008d5ffaf97f92db0cb0c to remote] DEBUG org.apache.http.headers - http-outgoing-29 << Content-Length:91
11:39:54.204 [Forwarding getElementText on session d94198a6aa3008d5ffaf97f92db0cb0c to remote] DEBUG org.apache.http.headers - http-outgoing-29 << Content-Type:application/json; charset=utf-8
11:39:54.204 [Forwarding getElementText on session d94198a6aa3008d5ffaf97f92db0cb0c to remote] DEBUG org.apache.http.headers - http-outgoing-29 << Connection:close
11:39:54.205 [Forwarding getElementText on session d94198a6aa3008d5ffaf97f92db0cb0c to remote] DEBUG o.a.h.i.c.DefaultManagedHttpClientConnection - http-outgoing-29: Shutdown connection
11:39:54.205 [Forwarding getElementText on session d94198a6aa3008d5ffaf97f92db0cb0c to remote] DEBUG o.a.h.impl.execchain.MainClientExec - Connection discarded
11:39:54.205 [Forwarding getElementText on session d94198a6aa3008d5ffaf97f92db0cb0c to remote] DEBUG o.a.h.i.c.DefaultManagedHttpClientConnection - http-outgoing-29: Close connection
11:39:54.205 [Forwarding getElementText on session d94198a6aa3008d5ffaf97f92db0cb0c to remote] DEBUG o.a.h.i.c.PoolingHttpClientConnectionManager - Connection released: [id: 29][route: {}->http://localhost:26477][total kept alive: 0; route allocated: 0 of 2000; total allocated: 0 of 2000]
11:39:54.205 [Forwarding isElementEnabled on session d94198a6aa3008d5ffaf97f92db0cb0c to remote] DEBUG o.a.h.c.protocol.RequestAddCookies - CookieSpec selected: best-match
11:39:54.205 [Forwarding isElementEnabled on session d94198a6aa3008d5ffaf97f92db0cb0c to remote] DEBUG o.a.h.c.protocol.RequestAuthCache - Auth cache not set in the context
11:39:54.205 [Forwarding isElementEnabled on session d94198a6aa3008d5ffaf97f92db0cb0c to remote] DEBUG o.a.h.i.c.PoolingHttpClientConnectionManager - Connection request: [route: {}->http://localhost:26477][total kept alive: 0; route allocated: 0 of 2000; total allocated: 0 of 2000]
11:39:54.205 [Forwarding isElementEnabled on session d94198a6aa3008d5ffaf97f92db0cb0c to remote] DEBUG o.a.h.i.c.PoolingHttpClientConnectionManager - Connection leased: [id: 30][route: {}->http://localhost:26477][total kept alive: 0; route allocated: 1 of 2000; total allocated: 1 of 2000]
11:39:54.205 [Forwarding isElementEnabled on session d94198a6aa3008d5ffaf97f92db0cb0c to remote] DEBUG o.a.h.impl.execchain.MainClientExec - Opening connection {}->http://localhost:26477
11:39:54.205 [Forwarding isElementEnabled on session d94198a6aa3008d5ffaf97f92db0cb0c to remote] DEBUG o.a.h.i.c.HttpClientConnectionOperator - Connecting to localhost/127.0.0.1:26477
11:39:54.206 [Forwarding isElementEnabled on session d94198a6aa3008d5ffaf97f92db0cb0c to remote] DEBUG o.a.h.i.c.HttpClientConnectionOperator - Connection established 127.0.0.1:57296<->127.0.0.1:26477
11:39:54.206 [Forwarding isElementEnabled on session d94198a6aa3008d5ffaf97f92db0cb0c to remote] DEBUG o.a.h.impl.execchain.MainClientExec - Executing request GET /session/d94198a6aa3008d5ffaf97f92db0cb0c/element/0.5152662619948387-1/enabled HTTP/1.1
11:39:54.206 [Forwarding isElementEnabled on session d94198a6aa3008d5ffaf97f92db0cb0c to remote] DEBUG o.a.h.impl.execchain.MainClientExec - Target auth state: UNCHALLENGED
11:39:54.206 [Forwarding isElementEnabled on session d94198a6aa3008d5ffaf97f92db0cb0c to remote] DEBUG o.a.h.impl.execchain.MainClientExec - Proxy auth state: UNCHALLENGED
11:39:54.206 [Forwarding isElementEnabled on session d94198a6aa3008d5ffaf97f92db0cb0c to remote] DEBUG org.apache.http.headers - http-outgoing-30 >> GET /session/d94198a6aa3008d5ffaf97f92db0cb0c/element/0.5152662619948387-1/enabled HTTP/1.1
11:39:54.206 [Forwarding isElementEnabled on session d94198a6aa3008d5ffaf97f92db0cb0c to remote] DEBUG org.apache.http.headers - http-outgoing-30 >> Cache-Control: no-cache
11:39:54.206 [Forwarding isElementEnabled on session d94198a6aa3008d5ffaf97f92db0cb0c to remote] DEBUG org.apache.http.headers - http-outgoing-30 >> Host: localhost:26477
11:39:54.206 [Forwarding isElementEnabled on session d94198a6aa3008d5ffaf97f92db0cb0c to remote] DEBUG org.apache.http.headers - http-outgoing-30 >> Connection: Keep-Alive
11:39:54.206 [Forwarding isElementEnabled on session d94198a6aa3008d5ffaf97f92db0cb0c to remote] DEBUG org.apache.http.headers - http-outgoing-30 >> User-Agent: Apache-HttpClient/4.3.4 (java 1.5)
11:39:54.206 [Forwarding isElementEnabled on session d94198a6aa3008d5ffaf97f92db0cb0c to remote] DEBUG org.apache.http.headers - http-outgoing-30 >> Accept-Encoding: gzip,deflate
11:39:54.206 [Forwarding isElementEnabled on session d94198a6aa3008d5ffaf97f92db0cb0c to remote] DEBUG org.apache.http.wire - http-outgoing-30 >> "GET /session/d94198a6aa3008d5ffaf97f92db0cb0c/element/0.5152662619948387-1/enabled HTTP/1.1[\r][\n]"
11:39:54.206 [Forwarding isElementEnabled on session d94198a6aa3008d5ffaf97f92db0cb0c to remote] DEBUG org.apache.http.wire - http-outgoing-30 >> "Cache-Control: no-cache[\r][\n]"
11:39:54.206 [Forwarding isElementEnabled on session d94198a6aa3008d5ffaf97f92db0cb0c to remote] DEBUG org.apache.http.wire - http-outgoing-30 >> "Host: localhost:26477[\r][\n]"
11:39:54.206 [Forwarding isElementEnabled on session d94198a6aa3008d5ffaf97f92db0cb0c to remote] DEBUG org.apache.http.wire - http-outgoing-30 >> "Connection: Keep-Alive[\r][\n]"
11:39:54.206 [Forwarding isElementEnabled on session d94198a6aa3008d5ffaf97f92db0cb0c to remote] DEBUG org.apache.http.wire - http-outgoing-30 >> "User-Agent: Apache-HttpClient/4.3.4 (java 1.5)[\r][\n]"
11:39:54.206 [Forwarding isElementEnabled on session d94198a6aa3008d5ffaf97f92db0cb0c to remote] DEBUG org.apache.http.wire - http-outgoing-30 >> "Accept-Encoding: gzip,deflate[\r][\n]"
11:39:54.206 [Forwarding isElementEnabled on session d94198a6aa3008d5ffaf97f92db0cb0c to remote] DEBUG org.apache.http.wire - http-outgoing-30 >> "[\r][\n]"
11:39:54.208 [Forwarding isElementEnabled on session d94198a6aa3008d5ffaf97f92db0cb0c to remote] DEBUG org.apache.http.wire - http-outgoing-30 << "HTTP/1.1 200 OK[\r][\n]"
11:39:54.208 [Forwarding isElementEnabled on session d94198a6aa3008d5ffaf97f92db0cb0c to remote] DEBUG org.apache.http.wire - http-outgoing-30 << "Content-Length:72[\r][\n]"
11:39:54.208 [Forwarding isElementEnabled on session d94198a6aa3008d5ffaf97f92db0cb0c to remote] DEBUG org.apache.http.wire - http-outgoing-30 << "Content-Type:application/json; charset=utf-8[\r][\n]"
11:39:54.208 [Forwarding isElementEnabled on session d94198a6aa3008d5ffaf97f92db0cb0c to remote] DEBUG org.apache.http.wire - http-outgoing-30 << "Connection:close[\r][\n]"
11:39:54.208 [Forwarding isElementEnabled on session d94198a6aa3008d5ffaf97f92db0cb0c to remote] DEBUG org.apache.http.wire - http-outgoing-30 << "[\r][\n]"
11:39:54.208 [Forwarding isElementEnabled on session d94198a6aa3008d5ffaf97f92db0cb0c to remote] DEBUG org.apache.http.wire - http-outgoing-30 << "{"sessionId":"d94198a6aa3008d5ffaf97f92db0cb0c","status":0,"value":true}"
11:39:54.208 [Forwarding isElementEnabled on session d94198a6aa3008d5ffaf97f92db0cb0c to remote] DEBUG org.apache.http.headers - http-outgoing-30 << HTTP/1.1 200 OK
11:39:54.209 [Forwarding isElementEnabled on session d94198a6aa3008d5ffaf97f92db0cb0c to remote] DEBUG org.apache.http.headers - http-outgoing-30 << Content-Length:72
11:39:54.209 [Forwarding isElementEnabled on session d94198a6aa3008d5ffaf97f92db0cb0c to remote] DEBUG org.apache.http.headers - http-outgoing-30 << Content-Type:application/json; charset=utf-8
11:39:54.209 [Forwarding isElementEnabled on session d94198a6aa3008d5ffaf97f92db0cb0c to remote] DEBUG org.apache.http.headers - http-outgoing-30 << Connection:close
11:39:54.209 [Forwarding isElementEnabled on session d94198a6aa3008d5ffaf97f92db0cb0c to remote] DEBUG o.a.h.i.c.DefaultManagedHttpClientConnection - http-outgoing-30: Shutdown connection
11:39:54.209 [Forwarding isElementEnabled on session d94198a6aa3008d5ffaf97f92db0cb0c to remote] DEBUG o.a.h.impl.execchain.MainClientExec - Connection discarded
11:39:54.209 [Forwarding isElementEnabled on session d94198a6aa3008d5ffaf97f92db0cb0c to remote] DEBUG o.a.h.i.c.DefaultManagedHttpClientConnection - http-outgoing-30: Close connection
11:39:54.209 [Forwarding isElementEnabled on session d94198a6aa3008d5ffaf97f92db0cb0c to remote] DEBUG o.a.h.i.c.PoolingHttpClientConnectionManager - Connection released: [id: 30][route: {}->http://localhost:26477][total kept alive: 0; route allocated: 0 of 2000; total allocated: 0 of 2000]
11:39:54.209 [Forwarding clickElement on session d94198a6aa3008d5ffaf97f92db0cb0c to remote] DEBUG o.a.h.c.protocol.RequestAddCookies - CookieSpec selected: best-match
11:39:54.209 [Forwarding clickElement on session d94198a6aa3008d5ffaf97f92db0cb0c to remote] DEBUG o.a.h.c.protocol.RequestAuthCache - Auth cache not set in the context
11:39:54.209 [Forwarding clickElement on session d94198a6aa3008d5ffaf97f92db0cb0c to remote] DEBUG o.a.h.i.c.PoolingHttpClientConnectionManager - Connection request: [route: {}->http://localhost:26477][total kept alive: 0; route allocated: 0 of 2000; total allocated: 0 of 2000]
11:39:54.209 [Forwarding clickElement on session d94198a6aa3008d5ffaf97f92db0cb0c to remote] DEBUG o.a.h.i.c.PoolingHttpClientConnectionManager - Connection leased: [id: 31][route: {}->http://localhost:26477][total kept alive: 0; route allocated: 1 of 2000; total allocated: 1 of 2000]
11:39:54.209 [Forwarding clickElement on session d94198a6aa3008d5ffaf97f92db0cb0c to remote] DEBUG o.a.h.impl.execchain.MainClientExec - Opening connection {}->http://localhost:26477
11:39:54.209 [Forwarding clickElement on session d94198a6aa3008d5ffaf97f92db0cb0c to remote] DEBUG o.a.h.i.c.HttpClientConnectionOperator - Connecting to localhost/127.0.0.1:26477
11:39:54.210 [Forwarding clickElement on session d94198a6aa3008d5ffaf97f92db0cb0c to remote] DEBUG o.a.h.i.c.HttpClientConnectionOperator - Connection established 127.0.0.1:57297<->127.0.0.1:26477
11:39:54.210 [Forwarding clickElement on session d94198a6aa3008d5ffaf97f92db0cb0c to remote] DEBUG o.a.h.impl.execchain.MainClientExec - Executing request POST /session/d94198a6aa3008d5ffaf97f92db0cb0c/element/0.5152662619948387-1/click HTTP/1.1
11:39:54.210 [Forwarding clickElement on session d94198a6aa3008d5ffaf97f92db0cb0c to remote] DEBUG o.a.h.impl.execchain.MainClientExec - Target auth state: UNCHALLENGED
11:39:54.210 [Forwarding clickElement on session d94198a6aa3008d5ffaf97f92db0cb0c to remote] DEBUG o.a.h.impl.execchain.MainClientExec - Proxy auth state: UNCHALLENGED
11:39:54.210 [Forwarding clickElement on session d94198a6aa3008d5ffaf97f92db0cb0c to remote] DEBUG org.apache.http.headers - http-outgoing-31 >> POST /session/d94198a6aa3008d5ffaf97f92db0cb0c/element/0.5152662619948387-1/click HTTP/1.1
11:39:54.210 [Forwarding clickElement on session d94198a6aa3008d5ffaf97f92db0cb0c to remote] DEBUG org.apache.http.headers - http-outgoing-31 >> Content-Type: application/json; charset=utf-8
11:39:54.210 [Forwarding clickElement on session d94198a6aa3008d5ffaf97f92db0cb0c to remote] DEBUG org.apache.http.headers - http-outgoing-31 >> Content-Length: 29
11:39:54.210 [Forwarding clickElement on session d94198a6aa3008d5ffaf97f92db0cb0c to remote] DEBUG org.apache.http.headers - http-outgoing-31 >> Host: localhost:26477
11:39:54.210 [Forwarding clickElement on session d94198a6aa3008d5ffaf97f92db0cb0c to remote] DEBUG org.apache.http.headers - http-outgoing-31 >> Connection: Keep-Alive
11:39:54.210 [Forwarding clickElement on session d94198a6aa3008d5ffaf97f92db0cb0c to remote] DEBUG org.apache.http.headers - http-outgoing-31 >> User-Agent: Apache-HttpClient/4.3.4 (java 1.5)
11:39:54.210 [Forwarding clickElement on session d94198a6aa3008d5ffaf97f92db0cb0c to remote] DEBUG org.apache.http.headers - http-outgoing-31 >> Accept-Encoding: gzip,deflate
11:39:54.210 [Forwarding clickElement on session d94198a6aa3008d5ffaf97f92db0cb0c to remote] DEBUG org.apache.http.wire - http-outgoing-31 >> "POST /session/d94198a6aa3008d5ffaf97f92db0cb0c/element/0.5152662619948387-1/click HTTP/1.1[\r][\n]"
11:39:54.210 [Forwarding clickElement on session d94198a6aa3008d5ffaf97f92db0cb0c to remote] DEBUG org.apache.http.wire - http-outgoing-31 >> "Content-Type: application/json; charset=utf-8[\r][\n]"
11:39:54.210 [Forwarding clickElement on session d94198a6aa3008d5ffaf97f92db0cb0c to remote] DEBUG org.apache.http.wire - http-outgoing-31 >> "Content-Length: 29[\r][\n]"
11:39:54.210 [Forwarding clickElement on session d94198a6aa3008d5ffaf97f92db0cb0c to remote] DEBUG org.apache.http.wire - http-outgoing-31 >> "Host: localhost:26477[\r][\n]"
11:39:54.210 [Forwarding clickElement on session d94198a6aa3008d5ffaf97f92db0cb0c to remote] DEBUG org.apache.http.wire - http-outgoing-31 >> "Connection: Keep-Alive[\r][\n]"
11:39:54.210 [Forwarding clickElement on session d94198a6aa3008d5ffaf97f92db0cb0c to remote] DEBUG org.apache.http.wire - http-outgoing-31 >> "User-Agent: Apache-HttpClient/4.3.4 (java 1.5)[\r][\n]"
11:39:54.210 [Forwarding clickElement on session d94198a6aa3008d5ffaf97f92db0cb0c to remote] DEBUG org.apache.http.wire - http-outgoing-31 >> "Accept-Encoding: gzip,deflate[\r][\n]"
11:39:54.210 [Forwarding clickElement on session d94198a6aa3008d5ffaf97f92db0cb0c to remote] DEBUG org.apache.http.wire - http-outgoing-31 >> "[\r][\n]"
11:39:54.210 [Forwarding clickElement on session d94198a6aa3008d5ffaf97f92db0cb0c to remote] DEBUG org.apache.http.wire - http-outgoing-31 >> "{"id":"0.5152662619948387-1"}"
11:39:54.592 [Forwarding clickElement on session d94198a6aa3008d5ffaf97f92db0cb0c to remote] DEBUG org.apache.http.wire - http-outgoing-31 << "HTTP/1.1 200 OK[\r][\n]"
11:39:54.593 [Forwarding clickElement on session d94198a6aa3008d5ffaf97f92db0cb0c to remote] DEBUG org.apache.http.wire - http-outgoing-31 << "Content-Length:72[\r][\n]"
11:39:54.593 [Forwarding clickElement on session d94198a6aa3008d5ffaf97f92db0cb0c to remote] DEBUG org.apache.http.wire - http-outgoing-31 << "Content-Type:application/json; charset=utf-8[\r][\n]"
11:39:54.593 [Forwarding clickElement on session d94198a6aa3008d5ffaf97f92db0cb0c to remote] DEBUG org.apache.http.wire - http-outgoing-31 << "Connection:close[\r][\n]"
11:39:54.593 [Forwarding clickElement on session d94198a6aa3008d5ffaf97f92db0cb0c to remote] DEBUG org.apache.http.wire - http-outgoing-31 << "[\r][\n]"
11:39:54.593 [Forwarding clickElement on session d94198a6aa3008d5ffaf97f92db0cb0c to remote] DEBUG org.apache.http.wire - http-outgoing-31 << "{"sessionId":"d94198a6aa3008d5ffaf97f92db0cb0c","status":0,"value":null}"
11:39:54.593 [Forwarding clickElement on session d94198a6aa3008d5ffaf97f92db0cb0c to remote] DEBUG org.apache.http.headers - http-outgoing-31 << HTTP/1.1 200 OK
11:39:54.593 [Forwarding clickElement on session d94198a6aa3008d5ffaf97f92db0cb0c to remote] DEBUG org.apache.http.headers - http-outgoing-31 << Content-Length:72
11:39:54.593 [Forwarding clickElement on session d94198a6aa3008d5ffaf97f92db0cb0c to remote] DEBUG org.apache.http.headers - http-outgoing-31 << Content-Type:application/json; charset=utf-8
11:39:54.593 [Forwarding clickElement on session d94198a6aa3008d5ffaf97f92db0cb0c to remote] DEBUG org.apache.http.headers - http-outgoing-31 << Connection:close
11:39:54.593 [Forwarding clickElement on session d94198a6aa3008d5ffaf97f92db0cb0c to remote] DEBUG o.a.h.i.c.DefaultManagedHttpClientConnection - http-outgoing-31: Shutdown connection
11:39:54.593 [Forwarding clickElement on session d94198a6aa3008d5ffaf97f92db0cb0c to remote] DEBUG o.a.h.impl.execchain.MainClientExec - Connection discarded
11:39:54.593 [Forwarding clickElement on session d94198a6aa3008d5ffaf97f92db0cb0c to remote] DEBUG o.a.h.i.c.DefaultManagedHttpClientConnection - http-outgoing-31: Close connection
11:39:54.593 [Forwarding clickElement on session d94198a6aa3008d5ffaf97f92db0cb0c to remote] DEBUG o.a.h.i.c.PoolingHttpClientConnectionManager - Connection released: [id: 31][route: {}->http://localhost:26477][total kept alive: 0; route allocated: 0 of 2000; total allocated: 0 of 2000]
11:39:54.594 [Forwarding implicitlyWait on session d94198a6aa3008d5ffaf97f92db0cb0c to remote] DEBUG o.a.h.c.protocol.RequestAddCookies - CookieSpec selected: best-match
11:39:54.594 [Forwarding implicitlyWait on session d94198a6aa3008d5ffaf97f92db0cb0c to remote] DEBUG o.a.h.c.protocol.RequestAuthCache - Auth cache not set in the context
11:39:54.594 [Forwarding implicitlyWait on session d94198a6aa3008d5ffaf97f92db0cb0c to remote] DEBUG o.a.h.i.c.PoolingHttpClientConnectionManager - Connection request: [route: {}->http://localhost:26477][total kept alive: 0; route allocated: 0 of 2000; total allocated: 0 of 2000]
11:39:54.595 [Forwarding implicitlyWait on session d94198a6aa3008d5ffaf97f92db0cb0c to remote] DEBUG o.a.h.i.c.PoolingHttpClientConnectionManager - Connection leased: [id: 32][route: {}->http://localhost:26477][total kept alive: 0; route allocated: 1 of 2000; total allocated: 1 of 2000]
11:39:54.595 [Forwarding implicitlyWait on session d94198a6aa3008d5ffaf97f92db0cb0c to remote] DEBUG o.a.h.impl.execchain.MainClientExec - Opening connection {}->http://localhost:26477
11:39:54.595 [Forwarding implicitlyWait on session d94198a6aa3008d5ffaf97f92db0cb0c to remote] DEBUG o.a.h.i.c.HttpClientConnectionOperator - Connecting to localhost/127.0.0.1:26477
11:39:54.595 [Forwarding implicitlyWait on session d94198a6aa3008d5ffaf97f92db0cb0c to remote] DEBUG o.a.h.i.c.HttpClientConnectionOperator - Connection established 127.0.0.1:57298<->127.0.0.1:26477
11:39:54.595 [Forwarding implicitlyWait on session d94198a6aa3008d5ffaf97f92db0cb0c to remote] DEBUG o.a.h.impl.execchain.MainClientExec - Executing request POST /session/d94198a6aa3008d5ffaf97f92db0cb0c/timeouts/implicit_wait HTTP/1.1
11:39:54.595 [Forwarding implicitlyWait on session d94198a6aa3008d5ffaf97f92db0cb0c to remote] DEBUG o.a.h.impl.execchain.MainClientExec - Target auth state: UNCHALLENGED
11:39:54.595 [Forwarding implicitlyWait on session d94198a6aa3008d5ffaf97f92db0cb0c to remote] DEBUG o.a.h.impl.execchain.MainClientExec - Proxy auth state: UNCHALLENGED
11:39:54.595 [Forwarding implicitlyWait on session d94198a6aa3008d5ffaf97f92db0cb0c to remote] DEBUG org.apache.http.headers - http-outgoing-32 >> POST /session/d94198a6aa3008d5ffaf97f92db0cb0c/timeouts/implicit_wait HTTP/1.1
11:39:54.595 [Forwarding implicitlyWait on session d94198a6aa3008d5ffaf97f92db0cb0c to remote] DEBUG org.apache.http.headers - http-outgoing-32 >> Content-Type: application/json; charset=utf-8
11:39:54.595 [Forwarding implicitlyWait on session d94198a6aa3008d5ffaf97f92db0cb0c to remote] DEBUG org.apache.http.headers - http-outgoing-32 >> Content-Length: 12
11:39:54.595 [Forwarding implicitlyWait on session d94198a6aa3008d5ffaf97f92db0cb0c to remote] DEBUG org.apache.http.headers - http-outgoing-32 >> Host: localhost:26477
11:39:54.595 [Forwarding implicitlyWait on session d94198a6aa3008d5ffaf97f92db0cb0c to remote] DEBUG org.apache.http.headers - http-outgoing-32 >> Connection: Keep-Alive
11:39:54.595 [Forwarding implicitlyWait on session d94198a6aa3008d5ffaf97f92db0cb0c to remote] DEBUG org.apache.http.headers - http-outgoing-32 >> User-Agent: Apache-HttpClient/4.3.4 (java 1.5)
11:39:54.595 [Forwarding implicitlyWait on session d94198a6aa3008d5ffaf97f92db0cb0c to remote] DEBUG org.apache.http.headers - http-outgoing-32 >> Accept-Encoding: gzip,deflate
11:39:54.595 [Forwarding implicitlyWait on session d94198a6aa3008d5ffaf97f92db0cb0c to remote] DEBUG org.apache.http.wire - http-outgoing-32 >> "POST /session/d94198a6aa3008d5ffaf97f92db0cb0c/timeouts/implicit_wait HTTP/1.1[\r][\n]"
11:39:54.595 [Forwarding implicitlyWait on session d94198a6aa3008d5ffaf97f92db0cb0c to remote] DEBUG org.apache.http.wire - http-outgoing-32 >> "Content-Type: application/json; charset=utf-8[\r][\n]"
11:39:54.595 [Forwarding implicitlyWait on session d94198a6aa3008d5ffaf97f92db0cb0c to remote] DEBUG org.apache.http.wire - http-outgoing-32 >> "Content-Length: 12[\r][\n]"
11:39:54.595 [Forwarding implicitlyWait on session d94198a6aa3008d5ffaf97f92db0cb0c to remote] DEBUG org.apache.http.wire - http-outgoing-32 >> "Host: localhost:26477[\r][\n]"
11:39:54.595 [Forwarding implicitlyWait on session d94198a6aa3008d5ffaf97f92db0cb0c to remote] DEBUG org.apache.http.wire - http-outgoing-32 >> "Connection: Keep-Alive[\r][\n]"
11:39:54.595 [Forwarding implicitlyWait on session d94198a6aa3008d5ffaf97f92db0cb0c to remote] DEBUG org.apache.http.wire - http-outgoing-32 >> "User-Agent: Apache-HttpClient/4.3.4 (java 1.5)[\r][\n]"
11:39:54.595 [Forwarding implicitlyWait on session d94198a6aa3008d5ffaf97f92db0cb0c to remote] DEBUG org.apache.http.wire - http-outgoing-32 >> "Accept-Encoding: gzip,deflate[\r][\n]"
11:39:54.595 [Forwarding implicitlyWait on session d94198a6aa3008d5ffaf97f92db0cb0c to remote] DEBUG org.apache.http.wire - http-outgoing-32 >> "[\r][\n]"
11:39:54.595 [Forwarding implicitlyWait on session d94198a6aa3008d5ffaf97f92db0cb0c to remote] DEBUG org.apache.http.wire - http-outgoing-32 >> "{"ms":30000}"
11:39:54.596 [Forwarding implicitlyWait on session d94198a6aa3008d5ffaf97f92db0cb0c to remote] DEBUG org.apache.http.wire - http-outgoing-32 << "HTTP/1.1 200 OK[\r][\n]"
11:39:54.596 [Forwarding implicitlyWait on session d94198a6aa3008d5ffaf97f92db0cb0c to remote] DEBUG org.apache.http.wire - http-outgoing-32 << "Content-Length:72[\r][\n]"
11:39:54.596 [Forwarding implicitlyWait on session d94198a6aa3008d5ffaf97f92db0cb0c to remote] DEBUG org.apache.http.wire - http-outgoing-32 << "Content-Type:application/json; charset=utf-8[\r][\n]"
11:39:54.596 [Forwarding implicitlyWait on session d94198a6aa3008d5ffaf97f92db0cb0c to remote] DEBUG org.apache.http.wire - http-outgoing-32 << "Connection:close[\r][\n]"
11:39:54.596 [Forwarding implicitlyWait on session d94198a6aa3008d5ffaf97f92db0cb0c to remote] DEBUG org.apache.http.wire - http-outgoing-32 << "[\r][\n]"
11:39:54.596 [Forwarding implicitlyWait on session d94198a6aa3008d5ffaf97f92db0cb0c to remote] DEBUG org.apache.http.wire - http-outgoing-32 << "{"sessionId":"d94198a6aa3008d5ffaf97f92db0cb0c","status":0,"value":null}"
11:39:54.596 [Forwarding implicitlyWait on session d94198a6aa3008d5ffaf97f92db0cb0c to remote] DEBUG org.apache.http.headers - http-outgoing-32 << HTTP/1.1 200 OK
11:39:54.596 [Forwarding implicitlyWait on session d94198a6aa3008d5ffaf97f92db0cb0c to remote] DEBUG org.apache.http.headers - http-outgoing-32 << Content-Length:72
11:39:54.596 [Forwarding implicitlyWait on session d94198a6aa3008d5ffaf97f92db0cb0c to remote] DEBUG org.apache.http.headers - http-outgoing-32 << Content-Type:application/json; charset=utf-8
11:39:54.596 [Forwarding implicitlyWait on session d94198a6aa3008d5ffaf97f92db0cb0c to remote] DEBUG org.apache.http.headers - http-outgoing-32 << Connection:close
11:39:54.596 [Forwarding implicitlyWait on session d94198a6aa3008d5ffaf97f92db0cb0c to remote] DEBUG o.a.h.i.c.DefaultManagedHttpClientConnection - http-outgoing-32: Shutdown connection
11:39:54.596 [Forwarding implicitlyWait on session d94198a6aa3008d5ffaf97f92db0cb0c to remote] DEBUG o.a.h.impl.execchain.MainClientExec - Connection discarded
11:39:54.597 [Forwarding implicitlyWait on session d94198a6aa3008d5ffaf97f92db0cb0c to remote] DEBUG o.a.h.i.c.DefaultManagedHttpClientConnection - http-outgoing-32: Close connection
11:39:54.597 [Forwarding implicitlyWait on session d94198a6aa3008d5ffaf97f92db0cb0c to remote] DEBUG o.a.h.i.c.PoolingHttpClientConnectionManager - Connection released: [id: 32][route: {}->http://localhost:26477][total kept alive: 0; route allocated: 0 of 2000; total allocated: 0 of 2000]
11:39:54.599 [Forwarding getPageSource on session d94198a6aa3008d5ffaf97f92db0cb0c to remote] DEBUG o.a.h.c.protocol.RequestAddCookies - CookieSpec selected: best-match
11:39:54.599 [Forwarding getPageSource on session d94198a6aa3008d5ffaf97f92db0cb0c to remote] DEBUG o.a.h.c.protocol.RequestAuthCache - Auth cache not set in the context
11:39:54.600 [Forwarding getPageSource on session d94198a6aa3008d5ffaf97f92db0cb0c to remote] DEBUG o.a.h.i.c.PoolingHttpClientConnectionManager - Connection request: [route: {}->http://localhost:26477][total kept alive: 0; route allocated: 0 of 2000; total allocated: 0 of 2000]
11:39:54.600 [Forwarding getPageSource on session d94198a6aa3008d5ffaf97f92db0cb0c to remote] DEBUG o.a.h.i.c.PoolingHttpClientConnectionManager - Connection leased: [id: 33][route: {}->http://localhost:26477][total kept alive: 0; route allocated: 1 of 2000; total allocated: 1 of 2000]
11:39:54.600 [Forwarding getPageSource on session d94198a6aa3008d5ffaf97f92db0cb0c to remote] DEBUG o.a.h.impl.execchain.MainClientExec - Opening connection {}->http://localhost:26477
11:39:54.600 [Forwarding getPageSource on session d94198a6aa3008d5ffaf97f92db0cb0c to remote] DEBUG o.a.h.i.c.HttpClientConnectionOperator - Connecting to localhost/127.0.0.1:26477
11:39:54.600 [Forwarding getPageSource on session d94198a6aa3008d5ffaf97f92db0cb0c to remote] DEBUG o.a.h.i.c.HttpClientConnectionOperator - Connection established 127.0.0.1:57299<->127.0.0.1:26477
11:39:54.600 [Forwarding getPageSource on session d94198a6aa3008d5ffaf97f92db0cb0c to remote] DEBUG o.a.h.impl.execchain.MainClientExec - Executing request GET /session/d94198a6aa3008d5ffaf97f92db0cb0c/source HTTP/1.1
11:39:54.600 [Forwarding getPageSource on session d94198a6aa3008d5ffaf97f92db0cb0c to remote] DEBUG o.a.h.impl.execchain.MainClientExec - Target auth state: UNCHALLENGED
11:39:54.600 [Forwarding getPageSource on session d94198a6aa3008d5ffaf97f92db0cb0c to remote] DEBUG o.a.h.impl.execchain.MainClientExec - Proxy auth state: UNCHALLENGED
11:39:54.600 [Forwarding getPageSource on session d94198a6aa3008d5ffaf97f92db0cb0c to remote] DEBUG org.apache.http.headers - http-outgoing-33 >> GET /session/d94198a6aa3008d5ffaf97f92db0cb0c/source HTTP/1.1
11:39:54.600 [Forwarding getPageSource on session d94198a6aa3008d5ffaf97f92db0cb0c to remote] DEBUG org.apache.http.headers - http-outgoing-33 >> Cache-Control: no-cache
11:39:54.600 [Forwarding getPageSource on session d94198a6aa3008d5ffaf97f92db0cb0c to remote] DEBUG org.apache.http.headers - http-outgoing-33 >> Host: localhost:26477
11:39:54.600 [Forwarding getPageSource on session d94198a6aa3008d5ffaf97f92db0cb0c to remote] DEBUG org.apache.http.headers - http-outgoing-33 >> Connection: Keep-Alive
11:39:54.600 [Forwarding getPageSource on session d94198a6aa3008d5ffaf97f92db0cb0c to remote] DEBUG org.apache.http.headers - http-outgoing-33 >> User-Agent: Apache-HttpClient/4.3.4 (java 1.5)
11:39:54.600 [Forwarding getPageSource on session d94198a6aa3008d5ffaf97f92db0cb0c to remote] DEBUG org.apache.http.headers - http-outgoing-33 >> Accept-Encoding: gzip,deflate
11:39:54.600 [Forwarding getPageSource on session d94198a6aa3008d5ffaf97f92db0cb0c to remote] DEBUG org.apache.http.wire - http-outgoing-33 >> "GET /session/d94198a6aa3008d5ffaf97f92db0cb0c/source HTTP/1.1[\r][\n]"
11:39:54.600 [Forwarding getPageSource on session d94198a6aa3008d5ffaf97f92db0cb0c to remote] DEBUG org.apache.http.wire - http-outgoing-33 >> "Cache-Control: no-cache[\r][\n]"
11:39:54.600 [Forwarding getPageSource on session d94198a6aa3008d5ffaf97f92db0cb0c to remote] DEBUG org.apache.http.wire - http-outgoing-33 >> "Host: localhost:26477[\r][\n]"
11:39:54.600 [Forwarding getPageSource on session d94198a6aa3008d5ffaf97f92db0cb0c to remote] DEBUG org.apache.http.wire - http-outgoing-33 >> "Connection: Keep-Alive[\r][\n]"
11:39:54.600 [Forwarding getPageSource on session d94198a6aa3008d5ffaf97f92db0cb0c to remote] DEBUG org.apache.http.wire - http-outgoing-33 >> "User-Agent: Apache-HttpClient/4.3.4 (java 1.5)[\r][\n]"
11:39:54.600 [Forwarding getPageSource on session d94198a6aa3008d5ffaf97f92db0cb0c to remote] DEBUG org.apache.http.wire - http-outgoing-33 >> "Accept-Encoding: gzip,deflate[\r][\n]"
11:39:54.600 [Forwarding getPageSource on session d94198a6aa3008d5ffaf97f92db0cb0c to remote] DEBUG org.apache.http.wire - http-outgoing-33 >> "[\r][\n]"
11:39:54.646 [LittleProxy-ClientToProxyWorker-2] DEBUG o.l.p.impl.ClientToProxyConnection - (AWAITING_INITIAL) [id: 0xbfd76251, /127.0.0.1:54162 => /127.0.1.1:45224]: Reading: HttpObjectAggregator$AggregatedFullHttpRequest(decodeResult: success, version: HTTP/1.1, content: CompositeByteBuf(ridx: 0, widx: 0, cap: 0, components=0))
GET http://localhost:8080/campaign/types HTTP/1.1
Host: localhost:8080
Proxy-Connection: keep-alive
Authorization: Basic YWRtaW46cGFzcw==
Accept: application/json, text/plain, */*
X-Forwarded-Proto: https
User-Agent: Mozilla/5.0 (X11; Linux x86_64) AppleWebKit/537.36 (KHTML, like Gecko) Chrome/44.0.2403.130 Safari/537.36
Referer: http://localhost:9000/
Accept-Encoding: gzip, deflate, sdch
Accept-Language: en-GB,en-US;q=0.8,en;q=0.6
Content-Length: 0
11:39:54.646 [LittleProxy-ClientToProxyWorker-2] DEBUG o.l.p.impl.ClientToProxyConnection - (AWAITING_INITIAL) [id: 0xbfd76251, /127.0.0.1:54162 => /127.0.1.1:45224]: Got request: HttpObjectAggregator$AggregatedFullHttpRequest(decodeResult: success, version: HTTP/1.1, content: CompositeByteBuf(ridx: 0, widx: 0, cap: 0, components=0))
GET http://localhost:8080/campaign/types HTTP/1.1
Host: localhost:8080
Proxy-Connection: keep-alive
Authorization: Basic YWRtaW46cGFzcw==
Accept: application/json, text/plain, */*
X-Forwarded-Proto: https
User-Agent: Mozilla/5.0 (X11; Linux x86_64) AppleWebKit/537.36 (KHTML, like Gecko) Chrome/44.0.2403.130 Safari/537.36
Referer: http://localhost:9000/
Accept-Encoding: gzip, deflate, sdch
Accept-Language: en-GB,en-US;q=0.8,en;q=0.6
Content-Length: 0
11:39:54.647 [LittleProxy-ClientToProxyWorker-2] DEBUG o.l.p.impl.ClientToProxyConnection - (AWAITING_INITIAL) [id: 0xbfd76251, /127.0.0.1:54162 => /127.0.1.1:45224]: Ensuring that hostAndPort are available in http://localhost:8080/campaign/types
11:39:54.647 [LittleProxy-ClientToProxyWorker-2] DEBUG o.l.p.impl.ClientToProxyConnection - (AWAITING_INITIAL) [id: 0xbfd76251, /127.0.0.1:54162 => /127.0.1.1:45224]: Finding ProxyToServerConnection for: localhost:8080
11:39:54.647 [LittleProxy-ClientToProxyWorker-2] DEBUG o.l.p.impl.ClientToProxyConnection - (AWAITING_INITIAL) [id: 0xbfd76251, /127.0.0.1:54162 => /127.0.1.1:45224]: Reusing existing server connection: org.littleshoot.proxy.impl.ProxyToServerConnection@7f68ab0c
11:39:54.647 [LittleProxy-ClientToProxyWorker-2] DEBUG o.l.p.impl.ClientToProxyConnection - (AWAITING_INITIAL) [id: 0xbfd76251, /127.0.0.1:54162 => /127.0.1.1:45224]: Modifying request headers for proxying
11:39:54.647 [LittleProxy-ClientToProxyWorker-2] DEBUG o.l.p.impl.ClientToProxyConnection - (AWAITING_INITIAL) [id: 0xbfd76251, /127.0.0.1:54162 => /127.0.1.1:45224]: Modifying request for proxy chaining
11:39:54.647 [LittleProxy-ClientToProxyWorker-2] DEBUG o.l.p.impl.ClientToProxyConnection - (AWAITING_INITIAL) [id: 0xbfd76251, /127.0.0.1:54162 => /127.0.1.1:45224]: Stripped host from uri: http://localhost:8080/campaign/types    yielding: /campaign/types
11:39:54.647 [LittleProxy-ClientToProxyWorker-2] DEBUG o.l.p.impl.ClientToProxyConnection - (AWAITING_INITIAL) [id: 0xbfd76251, /127.0.0.1:54162 => /127.0.1.1:45224]: Removed sdch and inserted: gzip, deflate, 
11:39:54.647 [LittleProxy-ClientToProxyWorker-2] DEBUG o.l.p.impl.ClientToProxyConnection - (AWAITING_INITIAL) [id: 0xbfd76251, /127.0.0.1:54162 => /127.0.1.1:45224]: Writing request to ProxyToServerConnection
11:39:54.647 [LittleProxy-ClientToProxyWorker-2] DEBUG o.l.p.impl.ProxyToServerConnection - (AWAITING_INITIAL) [id: 0xf37282df, /127.0.0.1:48951 => localhost/127.0.0.1:8080]: Requested write of HttpObjectAggregator$AggregatedFullHttpRequest(decodeResult: success, version: HTTP/1.1, content: CompositeByteBuf(ridx: 0, widx: 0, cap: 0, components=0))
GET /campaign/types HTTP/1.1
Host: localhost:8080
Authorization: Basic YWRtaW46cGFzcw==
Accept: application/json, text/plain, */*
X-Forwarded-Proto: https
User-Agent: Mozilla/5.0 (X11; Linux x86_64) AppleWebKit/537.36 (KHTML, like Gecko) Chrome/44.0.2403.130 Safari/537.36
Referer: http://localhost:9000/
Accept-Language: en-GB,en-US;q=0.8,en;q=0.6
Content-Length: 0
X-Forwarded-Proto: https
Accept-Encoding: gzip, deflate, 
Via: 1.1 localhost.localdomain
11:39:54.647 [LittleProxy-ClientToProxyWorker-2] DEBUG o.l.p.impl.ProxyToServerConnection - (AWAITING_INITIAL) [id: 0xf37282df, /127.0.0.1:48951 => localhost/127.0.0.1:8080]: Retaining reference counted message
11:39:54.647 [LittleProxy-ClientToProxyWorker-2] DEBUG o.l.p.impl.ProxyToServerConnection - (AWAITING_INITIAL) [id: 0xf37282df, /127.0.0.1:48951 => localhost/127.0.0.1:8080]: Using existing connection to: localhost/127.0.0.1:8080
11:39:54.647 [LittleProxy-ClientToProxyWorker-2] DEBUG o.l.p.impl.ProxyToServerConnection - (AWAITING_INITIAL) [id: 0xf37282df, /127.0.0.1:48951 => localhost/127.0.0.1:8080]: Writing: HttpObjectAggregator$AggregatedFullHttpRequest(decodeResult: success, version: HTTP/1.1, content: CompositeByteBuf(ridx: 0, widx: 0, cap: 0, components=0))
GET /campaign/types HTTP/1.1
Host: localhost:8080
Authorization: Basic YWRtaW46cGFzcw==
Accept: application/json, text/plain, */*
X-Forwarded-Proto: https
User-Agent: Mozilla/5.0 (X11; Linux x86_64) AppleWebKit/537.36 (KHTML, like Gecko) Chrome/44.0.2403.130 Safari/537.36
Referer: http://localhost:9000/
Accept-Language: en-GB,en-US;q=0.8,en;q=0.6
Content-Length: 0
X-Forwarded-Proto: https
Accept-Encoding: gzip, deflate, 
Via: 1.1 localhost.localdomain
11:39:54.647 [LittleProxy-ClientToProxyWorker-2] DEBUG o.l.p.impl.ProxyToServerConnection - (AWAITING_INITIAL) [id: 0xf37282df, /127.0.0.1:48951 => localhost/127.0.0.1:8080]: Writing an empty buffer to signal the end of our chunked transfer
11:39:54.647 [LittleProxy-ClientToProxyWorker-2] DEBUG o.l.p.impl.ProxyToServerConnection - (AWAITING_INITIAL) [id: 0xf37282df, /127.0.0.1:48951 => localhost/127.0.0.1:8080]: Wrote: HttpObjectAggregator$AggregatedFullHttpRequest(decodeResult: success, version: HTTP/1.1, content: CompositeByteBuf(ridx: 0, widx: 0, cap: 0, components=0))
GET /campaign/types HTTP/1.1
Host: localhost:8080
Authorization: Basic YWRtaW46cGFzcw==
Accept: application/json, text/plain, */*
X-Forwarded-Proto: https
User-Agent: Mozilla/5.0 (X11; Linux x86_64) AppleWebKit/537.36 (KHTML, like Gecko) Chrome/44.0.2403.130 Safari/537.36
Referer: http://localhost:9000/
Accept-Language: en-GB,en-US;q=0.8,en;q=0.6
Content-Length: 0
X-Forwarded-Proto: https
Accept-Encoding: gzip, deflate, 
Via: 1.1 localhost.localdomain
11:39:54.653 [LittleProxy-ProxyToServerWorker-2] DEBUG o.l.p.impl.ProxyToServerConnection - (AWAITING_INITIAL) [id: 0xf37282df, /127.0.0.1:48951 => localhost/127.0.0.1:8080]: Remembering the current request.
11:39:54.653 [LittleProxy-ProxyToServerWorker-2] DEBUG o.l.p.impl.ProxyToServerConnection - (AWAITING_INITIAL) [id: 0xf37282df, /127.0.0.1:48951 => localhost/127.0.0.1:8080]: Reading: DefaultHttpResponse(decodeResult: success, version: HTTP/1.1)
HTTP/1.1 200 OK
Server: Apache-Coyote/1.1
Access-Control-Allow-Origin: null
Access-Control-Allow-Credentials: true
Strict-Transport-Security: max-age=31536000 ; includeSubDomains
X-Frame-Options: DENY
X-XSS-Protection: 1; mode=block
X-Content-Type-Options: nosniff
Cache-Control: no-cache, no-store, max-age=0, must-revalidate
Pragma: no-cache
Expires: 0
X-Application-Context: application:development
Content-Type: application/json;charset=UTF-8
Transfer-Encoding: chunked
Date: Tue, 08 Sep 2015 10:39:54 GMT
11:39:54.653 [LittleProxy-ProxyToServerWorker-2] DEBUG o.l.p.impl.ProxyToServerConnection - (AWAITING_INITIAL) [id: 0xf37282df, /127.0.0.1:48951 => localhost/127.0.0.1:8080]: Received raw response: DefaultHttpResponse(decodeResult: success, version: HTTP/1.1)
HTTP/1.1 200 OK
Server: Apache-Coyote/1.1
Access-Control-Allow-Origin: null
Access-Control-Allow-Credentials: true
Strict-Transport-Security: max-age=31536000 ; includeSubDomains
X-Frame-Options: DENY
X-XSS-Protection: 1; mode=block
X-Content-Type-Options: nosniff
Cache-Control: no-cache, no-store, max-age=0, must-revalidate
Pragma: no-cache
Expires: 0
X-Application-Context: application:development
Content-Type: application/json;charset=UTF-8
Transfer-Encoding: chunked
Date: Tue, 08 Sep 2015 10:39:54 GMT
11:39:54.654 [LittleProxy-ProxyToServerWorker-2] DEBUG o.l.p.impl.ProxyToServerConnection - (AWAITING_INITIAL) [id: 0xf37282df, /127.0.0.1:48951 => localhost/127.0.0.1:8080]: Remembering the current response.
11:39:54.654 [LittleProxy-ProxyToServerWorker-2] DEBUG o.l.p.impl.ClientToProxyConnection - (AWAITING_INITIAL) [id: 0xbfd76251, /127.0.0.1:54162 => /127.0.1.1:45224]: Writing: DefaultHttpResponse(decodeResult: success, version: HTTP/1.1)
HTTP/1.1 200 OK
Server: Apache-Coyote/1.1
Access-Control-Allow-Origin: null
Access-Control-Allow-Credentials: true
Strict-Transport-Security: max-age=31536000 ; includeSubDomains
X-Frame-Options: DENY
X-XSS-Protection: 1; mode=block
X-Content-Type-Options: nosniff
Cache-Control: no-cache, no-store, max-age=0, must-revalidate
Pragma: no-cache
Expires: 0
X-Application-Context: application:development
Content-Type: application/json;charset=UTF-8
Transfer-Encoding: chunked
Date: Tue, 08 Sep 2015 10:39:54 GMT
Via: 1.1 localhost.localdomain
11:39:54.654 [LittleProxy-ProxyToServerWorker-2] DEBUG o.l.p.impl.ClientToProxyConnection - (AWAITING_INITIAL) [id: 0xbfd76251, /127.0.0.1:54162 => /127.0.1.1:45224]: Wrote: DefaultHttpResponse(decodeResult: success, version: HTTP/1.1)
HTTP/1.1 200 OK
Server: Apache-Coyote/1.1
Access-Control-Allow-Origin: null
Access-Control-Allow-Credentials: true
Strict-Transport-Security: max-age=31536000 ; includeSubDomains
X-Frame-Options: DENY
X-XSS-Protection: 1; mode=block
X-Content-Type-Options: nosniff
Cache-Control: no-cache, no-store, max-age=0, must-revalidate
Pragma: no-cache
Expires: 0
X-Application-Context: application:development
Content-Type: application/json;charset=UTF-8
Transfer-Encoding: chunked
Date: Tue, 08 Sep 2015 10:39:54 GMT
Via: 1.1 localhost.localdomain
11:39:54.654 [LittleProxy-ProxyToServerWorker-2] DEBUG o.l.p.impl.ClientToProxyConnection - (AWAITING_INITIAL) [id: 0xbfd76251, /127.0.0.1:54162 => /127.0.1.1:45224]: Not closing server connection on middle chunk for /campaign/types
11:39:54.654 [LittleProxy-ProxyToServerWorker-2] DEBUG o.l.p.impl.ClientToProxyConnection - (AWAITING_INITIAL) [id: 0xbfd76251, /127.0.0.1:54162 => /127.0.1.1:45224]: Not closing client connection on middle chunk for /campaign/types
11:39:54.654 [LittleProxy-ProxyToServerWorker-2] DEBUG o.l.p.impl.ProxyToServerConnection - (AWAITING_CHUNK) [id: 0xf37282df, /127.0.0.1:48951 => localhost/127.0.0.1:8080]: Reading: DefaultHttpContent(data: SlicedByteBuf(ridx: 0, widx: 223, cap: 223/223, unwrapped: UnpooledUnsafeDirectByteBuf(ridx: 754, widx: 754, cap: 1024)), decoderResult: success)
11:39:54.654 [LittleProxy-ProxyToServerWorker-2] DEBUG o.l.p.impl.ClientToProxyConnection - (AWAITING_INITIAL) [id: 0xbfd76251, /127.0.0.1:54162 => /127.0.1.1:45224]: Retaining reference counted message
11:39:54.654 [LittleProxy-ProxyToServerWorker-2] DEBUG o.l.p.impl.ClientToProxyConnection - (AWAITING_INITIAL) [id: 0xbfd76251, /127.0.0.1:54162 => /127.0.1.1:45224]: Writing: DefaultHttpContent(data: SlicedByteBuf(ridx: 0, widx: 223, cap: 223/223, unwrapped: UnpooledUnsafeDirectByteBuf(ridx: 754, widx: 754, cap: 1024)), decoderResult: success)
11:39:54.654 [LittleProxy-ProxyToServerWorker-2] DEBUG o.l.p.impl.ClientToProxyConnection - (AWAITING_INITIAL) [id: 0xbfd76251, /127.0.0.1:54162 => /127.0.1.1:45224]: Wrote: DefaultHttpContent(data: SlicedByteBuf(ridx: 0, widx: 223, cap: 223/223, unwrapped: UnpooledUnsafeDirectByteBuf(ridx: 754, widx: 754, cap: 1024)), decoderResult: success)
11:39:54.654 [LittleProxy-ProxyToServerWorker-2] DEBUG o.l.p.impl.ClientToProxyConnection - (AWAITING_INITIAL) [id: 0xbfd76251, /127.0.0.1:54162 => /127.0.1.1:45224]: Not closing server connection on middle chunk for /campaign/types
11:39:54.654 [LittleProxy-ProxyToServerWorker-2] DEBUG o.l.p.impl.ClientToProxyConnection - (AWAITING_INITIAL) [id: 0xbfd76251, /127.0.0.1:54162 => /127.0.1.1:45224]: Not closing client connection on middle chunk for /campaign/types
11:39:54.654 [LittleProxy-ProxyToServerWorker-2] DEBUG o.l.p.impl.ProxyToServerConnection - (AWAITING_CHUNK) [id: 0xf37282df, /127.0.0.1:48951 => localhost/127.0.0.1:8080]: Reading: EmptyLastHttpContent
11:39:54.654 [LittleProxy-ProxyToServerWorker-2] DEBUG o.l.p.impl.ClientToProxyConnection - (AWAITING_INITIAL) [id: 0xbfd76251, /127.0.0.1:54162 => /127.0.1.1:45224]: Retaining reference counted message
11:39:54.654 [LittleProxy-ProxyToServerWorker-2] DEBUG o.l.p.impl.ClientToProxyConnection - (AWAITING_INITIAL) [id: 0xbfd76251, /127.0.0.1:54162 => /127.0.1.1:45224]: Writing: EmptyLastHttpContent
11:39:54.654 [LittleProxy-ProxyToServerWorker-2] DEBUG o.l.p.impl.ClientToProxyConnection - (AWAITING_INITIAL) [id: 0xbfd76251, /127.0.0.1:54162 => /127.0.1.1:45224]: Writing an empty buffer to signal the end of our chunked transfer
11:39:54.654 [LittleProxy-ProxyToServerWorker-2] DEBUG o.l.p.impl.ClientToProxyConnection - (AWAITING_INITIAL) [id: 0xbfd76251, /127.0.0.1:54162 => /127.0.1.1:45224]: Wrote: EmptyLastHttpContent
11:39:54.654 [LittleProxy-ProxyToServerWorker-2] DEBUG o.l.p.impl.ClientToProxyConnection - (AWAITING_INITIAL) [id: 0xbfd76251, /127.0.0.1:54162 => /127.0.1.1:45224]: Retaining reference counted message
11:39:54.654 [LittleProxy-ProxyToServerWorker-2] DEBUG o.l.p.impl.ClientToProxyConnection - (AWAITING_INITIAL) [id: 0xbfd76251, /127.0.0.1:54162 => /127.0.1.1:45224]: Writing: EmptyByteBufBE
11:39:54.654 [LittleProxy-ProxyToServerWorker-2] DEBUG o.l.p.impl.ClientToProxyConnection - (AWAITING_INITIAL) [id: 0xbfd76251, /127.0.0.1:54162 => /127.0.1.1:45224]: Wrote: EmptyByteBufBE
11:39:54.654 [LittleProxy-ProxyToServerWorker-2] DEBUG o.l.p.impl.ClientToProxyConnection - (AWAITING_INITIAL) [id: 0xbfd76251, /127.0.0.1:54162 => /127.0.1.1:45224]: Handling last chunk. Using normal server connection closing rules.
11:39:54.655 [LittleProxy-ProxyToServerWorker-2] DEBUG o.l.p.impl.ClientToProxyConnection - (AWAITING_INITIAL) [id: 0xbfd76251, /127.0.0.1:54162 => /127.0.1.1:45224]: Not closing server connection for response: DefaultHttpResponse(decodeResult: success, version: HTTP/1.1)
HTTP/1.1 200 OK
Server: Apache-Coyote/1.1
Access-Control-Allow-Origin: null
Access-Control-Allow-Credentials: true
Strict-Transport-Security: max-age=31536000 ; includeSubDomains
X-Frame-Options: DENY
X-XSS-Protection: 1; mode=block
X-Content-Type-Options: nosniff
Cache-Control: no-cache, no-store, max-age=0, must-revalidate
Pragma: no-cache
Expires: 0
X-Application-Context: application:development
Content-Type: application/json;charset=UTF-8
Transfer-Encoding: chunked
Date: Tue, 08 Sep 2015 10:39:54 GMT
11:39:54.655 [LittleProxy-ProxyToServerWorker-2] DEBUG o.l.p.impl.ClientToProxyConnection - (AWAITING_INITIAL) [id: 0xbfd76251, /127.0.0.1:54162 => /127.0.1.1:45224]: Handling last chunk. Using normal client connection closing rules.
11:39:54.655 [LittleProxy-ProxyToServerWorker-2] DEBUG o.l.p.impl.ClientToProxyConnection - (AWAITING_INITIAL) [id: 0xbfd76251, /127.0.0.1:54162 => /127.0.1.1:45224]: Not closing client connection for request: [FAILED toString()]
11:39:54.838 [Forwarding getPageSource on session d94198a6aa3008d5ffaf97f92db0cb0c to remote] DEBUG org.apache.http.wire - http-outgoing-33 << "HTTP/1.1 200 OK[\r][\n]"
11:39:54.838 [Forwarding getPageSource on session d94198a6aa3008d5ffaf97f92db0cb0c to remote] DEBUG org.apache.http.wire - http-outgoing-33 << "Content-Length:50759[\r][\n]"
11:39:54.838 [Forwarding getPageSource on session d94198a6aa3008d5ffaf97f92db0cb0c to remote] DEBUG org.apache.http.wire - http-outgoing-33 << "Content-Type:application/json; charset=utf-8[\r][\n]"
11:39:54.838 [Forwarding getPageSource on session d94198a6aa3008d5ffaf97f92db0cb0c to remote] DEBUG org.apache.http.wire - http-outgoing-33 << "Connection:close[\r][\n]"
11:39:54.838 [Forwarding getPageSource on session d94198a6aa3008d5ffaf97f92db0cb0c to remote] DEBUG org.apache.http.wire - http-outgoing-33 << "[\r][\n]"
11:39:54.838 [Forwarding getPageSource on session d94198a6aa3008d5ffaf97f92db0cb0c to remote] DEBUG org.apache.http.wire - http-outgoing-33 << "{"sessionId":"d94198a6aa3008d5ffaf97f92db0cb0c","status":0,"value":"\u003C!DOCTYPE html>\u003Chtml xmlns=\"http://www.w3.org/1999/xhtml\" class=\"no-js\">\u003Chead>\u003Cstyle type=\"text/css\">@charset \"UTF-8\";[ng\\:cloak],[ng-cloak],[data-ng-cloak],[x-ng-cloak],.ng-cloak,.x-ng-cloak,.ng-hide:not(.ng-hide-animate){display:none !important;}ng\\:form{display:block;}.ng-animate-shim{visibility:hidden;}.ng-anchor{position:absolute;}\u003C/style>\n    \u003Cmeta charset=\"utf-8\" />\n    \u003Ctitle>\u003C/title>\n    \u003Cmeta name=\"description\" content=\"\" />\n    \u003Cmeta name=\"viewport\" content=\"width=device-width\" />\n    \u003C!-- build:css(.) styles/vendor.css -->\n    \u003C!-- bower:css -->\n    \u003Clink rel=\"stylesheet\" href=\"bower_components/bootstrap/dist/css/bootstrap.css\" />\n    \u003Clink rel=\"stylesheet\" href=\"bower_components/angular-bootstrap-datetimepicker/src/css/datetimepicker.css\" />\n    \u003Clink rel=\"stylesheet\" href=\"bower_components/angular-dialog-service/dist/dialogs.min.css\" />\n    \u003C!-- endbower -->\n    \u003Clink rel=\"stylesheet\" href=\"bower_components/jquery-ui/themes/base/all.css\" />\n    \u003C!-- endbuild -->\n    \u003C!-- build:css(.tmp) styles/main.css -->\n    \u003Clink rel=\"stylesheet\" href=\"styles/main.css\" />\n    \u003C!-- endbuild -->\n  \u003C/head>\n  \u003Cbody ng-app=\"vouchersUiApp\" class=\"ng-scope\">\n    \u003C!--[if lt IE 7]>\n      \u003Cp class=\"browsehappy\">You are using an \u003Cstrong>outdated\u003C/strong> browser. Please \u003Ca href=\"http://browsehappy.com/\">upgrade your browser\u003C/a> to improve your experience.\u003C/p>\n    \u003C![endif]-->\n    \u003Cserver-connection>\u003Cdiv class=\"col-md-12 alert-message\">\n\u003C!-- ngRepeat: alert in alerts -->\n\u003C/div>\n\u003C/server-connection>\n    \u003C!-- Add your site or application content here -->\n    \u003Cdiv class=\"container\">\n\n        \u003C!-- ngView:  -->\u003Cdiv ng-view=\"\" class=\"body ng-scope\">\u003C!-- ngInclude: undefined -->\u003Cng-include src=\"'/views/header.html'\" class=\"ng-scope\">\u003Cdiv class=\"header ng-scope\">\n    \u003Cul class=\"nav nav-pills pull-right\">\n        \u003Cli>\u003Ca id=\"campaigns-header\" ng-href=\"#/\" class=\"campaigns\" href=\"#/\">Campaigns\u003C/a>\u003C/li>\n        \u003Cli>\u003Ca id=\"create-campaign-header\" ng-href=\"#/campaign\" class=\"campaign ng-hide\" data-ng-show=\"showCreateCampaign()\" href=\"#/campaign\">Create Campaign\u003C/a>\u003C/li>\n        \u003Cli>\u003Ca id=\"search-vouchers-header\" ng-href=\"#/voucher\" class=\"campaign\" href=\"#/voucher\">Search Vouchers\u003C/a>\u003C/li>\n        \u003Cli>\u003Ca id=\"search-account-header\" ng-href=\"#/account\" class=\"campaign\" href=\"#/account\">Search Account\u003C/a>\u003C/li>\n    \u003C/ul>\n    \u003Ch3>\u003Ca ng-href=\"#/\" href=\"#/\">Voucher Manager\u003C/a>\u003C/h3>\n\u003C/div>\n\u003C/ng-include>\n\u003Cdiv class=\"row name-group ng-scope\">\n  \u003Cdiv class=\"col-md-12\">\n    \u003Ch4>Campaign List\u003C/h4>\n\n    \u003Cform class=\"form-inline search-form ng-pristine ng-valid ng-valid-minlength ng-valid-maxlength\" name=\"nameForm\">\n      \u003Cdiv class=\"form-group col-md-5 \">\n        \u003Clabel for=\"search-name\">Find\u003C/label>\n        \u003Cinput type=\"text\" ng-model=\"searchName\" delayed-model=\"searchName\" name=\"name\" class=\"form-control ng-pristine ng-untouched ng-valid ng-valid-minlength ng-valid-maxlength\" id=\"search-name\" ng-minlength=\"3\" maxlength=\"50\" placeholder=\"Campaign Name (Minimum 3 characters)\" />\n        \u003Cspan id=\"searchclear\" class=\"glyphicon glyphicon-remove-circle\" ng-click=\"clearSearchName()\">\u003C/span>\n      \u003C/div>\n    \u003C/form>\n    \u003Cdiv class=\"btn-group pull-right\">\n      \u003Cbutton type=\"submit\" class=\"btn btn-success\" ng-click=\"exportFilteredList()\">Export Campaign List\u003C/button>\n    \u003C/div>\n  \u003C/div>\n\u003C/div>\n\u003Cdiv class=\"row ng-scope\">\n  \u003Cform class=\"form-inline search-form filter-campaigns ng-pristine ng-valid ng-valid-date\" name=\"searchForm\">\n    \u003Cdiv class=\"col-md-12 ng-hide\" ng-hide=\"!showFilters\">\n      \u003Chr />\n      \u003Cdiv class=\"form-group date-group\">\n        \u003Clabel for=\"start\">Start Date\u003C/label>\n\n        \u003Cdiv class=\"dropdown\">\n          \u003Ca class=\"dropdown-toggle\" id=\"start-dropdown\" role=\"button\" data-toggle=\"dropdown\" data-target=\"#\" href=\"#\" aria-haspopup=\"true\" aria-expanded=\"false\">\n            \u003Cdiv class=\"input-group\">\u003Cinput type=\"text\" size=\"20\" class=\"form-control ng-pristine ng-untouched ng-valid ng-valid-date\" name=\"start\" id=\"start\" data-ng-model=\"search.start\" ng-change=\"checkFilterDateValidity()\" />\u003Cspan class=\"input-group-addon\">\u003Ci class=\"glyphicon glyphicon-calendar\">\u003C/i>\u003C/span>\u003C/div>\n          \u003C/a>\n          \u003Cul class=\"dropdown-menu\" role=\"menu\" aria-labelledby=\"dLabel\">\n            \u003Cdiv class=\"datetimepicker table-responsive ng-isolate-scope ng-valid\" data-ng-model=\"search.start\" data-datetimepicker-config=\"{ dropdownSelector: '#start-dropdown', startView:'day', minView:'day' }\" data-on-set-time=\"setStartDate(newDate, oldDate)\">\u003Ctable class=\"table table-striped  day-view\">   \u003Cthead>       \u003Ctr>           \u003Cth class=\"left\" data-ng-click=\"changeView(data.currentView, data.leftDate, $event)\" data-ng-show=\"data.leftDate.selectable\">\u003Ci class=\"glyphicon glyphicon-arrow-left\">\u003C/i>\u003C/th>           \u003Cth class=\"switch ng-binding\" colspan=\"5\" data-ng-show=\"data.previousViewDate.selectable\" data-ng-click=\"changeView(data.previousView, data.previousViewDate, $event)\">2015-Sep\u003C/th>           \u003Cth class=\"right\" data-ng-click=\"changeView(data.currentView, data.rightDate, $event)\" data-ng-show=\"data.rightDate.selectable\">\u003Ci class=\"glyphicon glyphicon-arrow-right\">\u003C/i>\u003C/th>       \u003C/tr>       \u003Ctr>           \u003C!-- ngRepeat: day in data.dayNames -->\u003Cth class=\"dow ng-binding ng-scope\" data-ng-repeat=\"day in data.dayNames\">Su\u003C/th>\u003C!-- end ngRepeat: day in data.dayNames -->\u003Cth class=\"dow ng-binding ng-scope\" data-ng-repeat=\"day in data.dayNames\">Mo\u003C/th>\u003C!-- end ngRepeat: day in data.dayNames -->\u003Cth class=\"dow ng-binding ng-scope\" data-ng-repeat=\"day in data.dayNames\">Tu\u003C/th>\u003C!-- end ngRepeat: day in data.dayNames -->\u003Cth class=\"dow ng-binding ng-scope\" data-ng-repeat=\"day in data.dayNames\">We\u003C/th>\u003C!-- end ngRepeat: day in data.dayNames -->\u003Cth class=\"dow ng-binding ng-scope\" data-ng-repeat=\"day in data.dayNames\">Th\u003C/th>\u003C!-- end ngRepeat: day in data.dayNames -->\u003Cth class=\"dow ng-binding ng-scope\" data-ng-repeat=\"day in data.dayNames\">Fr\u003C/th>\u003C!-- end ngRepeat: day in data.dayNames -->\u003Cth class=\"dow ng-binding ng-scope\" data-ng-repeat=\"day in data.dayNames\">Sa\u003C/th>\u003C!-- end ngRepeat: day in data.dayNames -->       \u003C/tr>   \u003C/thead>   \u003Ctbody>       \u003C!-- ngIf: data.currentView !== 'day' -->       \u003C!-- ngRepeat: week in data.weeks -->\u003C!-- ngIf: data.currentView === 'day' -->\u003Ctr data-ng-if=\"data.currentView === 'day'\" data-ng-repeat=\"week in data.weeks\" class=\"ng-scope\">           \u003C!-- ngRepeat: dateObject in week.dates -->\u003Ctd data-ng-repeat=\"dateObject in week.dates\" data-ng-click=\"changeView(data.nextView, dateObject, $event)\" class=\"day ng-binding ng-scope past\" data-ng-class=\"{active: dateObject.active, past: dateObject.past, future: dateObject.future, disabled: !dateObject.selectable}\">30\u003C/td>\u003C!-- end ngRepeat: dateObject in week.dates -->\u003Ctd data-ng-repeat=\"dateObject in week.dates\" data-ng-click=\"changeView(data.nextView, dateObject, $event)\" class=\"day ng-binding ng-scope past\" data-ng-class=\"{active: dateObject.active, past: dateObject"
11:39:54.838 [Forwarding getPageSource on session d94198a6aa3008d5ffaf97f92db0cb0c to remote] DEBUG org.apache.http.headers - http-outgoing-33 << HTTP/1.1 200 OK
11:39:54.838 [Forwarding getPageSource on session d94198a6aa3008d5ffaf97f92db0cb0c to remote] DEBUG org.apache.http.headers - http-outgoing-33 << Content-Length:50759
11:39:54.838 [Forwarding getPageSource on session d94198a6aa3008d5ffaf97f92db0cb0c to remote] DEBUG org.apache.http.headers - http-outgoing-33 << Content-Type:application/json; charset=utf-8
11:39:54.838 [Forwarding getPageSource on session d94198a6aa3008d5ffaf97f92db0cb0c to remote] DEBUG org.apache.http.headers - http-outgoing-33 << Connection:close
11:39:54.839 [Forwarding getPageSource on session d94198a6aa3008d5ffaf97f92db0cb0c to remote] DEBUG org.apache.http.wire - http-outgoing-33 << ".past, future: dateObject.future, disabled: !dateObject.selectable}\">31\u003C/td>\u003C!-- end ngRepeat: dateObject in week.dates -->\u003Ctd data-ng-repeat=\"dateObject in week.dates\" data-ng-click=\"changeView(data.nextView, dateObject, $event)\" class=\"day ng-binding ng-scope\" data-ng-class=\"{active: dateObject.active, past: dateObject.past, future: dateObject.future, disabled: !dateObject.selectable}\">1\u003C/td>\u003C!-- end ngRepeat: dateObject in week.dates -->\u003Ctd data-ng-repeat=\"dateObject in week.dates\" data-ng-click=\"changeView(data.nextView, dateObject, $event)\" class=\"day ng-binding ng-scope\" data-ng-class=\"{active: dateObject.active, past: dateObject.past, future: dateObject.future, disabled: !dateObject.selectable}\">2\u003C/td>\u003C!-- end ngRepeat: dateObject in week.dates -->\u003Ctd data-ng-repeat=\"dateObject in week.dates\" data-ng-click=\"changeView(data.nextView, dateObject, $event)\" class=\"day ng-binding ng-scope\" data-ng-class=\"{active: dateObject.active, past: dateObject.past, future: dateObject.future, disabled: !dateObject.selectable}\">3\u003C/td>\u003C!-- end ngRepeat: dateObject in week.dates -->\u003Ctd data-ng-repeat=\"dateObject in week.dates\" data-ng-click=\"changeView(data.nextView, dateObject, $event)\" class=\"day ng-binding ng-scope\" data-ng-class=\"{active: dateObject.active, past: dateObject.past, future: dateObject.future, disabled: !dateObject.selectable}\">4\u003C/td>\u003C!-- end ngRepeat: dateObject in week.dates -->\u003Ctd data-ng-repeat=\"dateObject in week.dates\" data-ng-click=\"changeView(data.nextView, dateObject, $event)\" class=\"day ng-binding ng-scope\" data-ng-class=\"{active: dateObject.active, past: dateObject.past, future: dateObject.future, disabled: !dateObject.selectable}\">5\u003C/td>\u003C!-- end ngRepeat: dateObject in week.dates -->       \u003C/tr>\u003C!-- end ngIf: data.currentView === 'day' -->\u003C!-- end ngRepeat: week in data.weeks -->\u003C!-- ngIf: data.currentView === 'day' -->\u003Ctr data-ng-if=\"data.currentView === 'day'\" data-ng-repeat=\"week in data.weeks\" class=\"ng-scope\">           \u003C!-- ngRepeat: dateObject in week.dates -->\u003Ctd data-ng-repeat=\"dateObject in week.dates\" data-ng-click=\"changeView(data.nextView, dateObject, $event)\" class=\"day ng-binding ng-scope\" data-ng-class=\"{active: dateObject.active, past: dateObject.past, future: dateObject.future, disabled: !dateObject.selectable}\">6\u003C/td>\u003C!-- end ngRepeat: dateObject in week.dates -->\u003Ctd data-ng-repeat=\"dateObject in week.dates\" data-ng-click=\"changeView(data.nextView, dateObject, $event)\" class=\"day ng-binding ng-scope\" data-ng-class=\"{active: dateObject.active, past: dateObject.past, future: dateObject.future, disabled: !dateObject.selectable}\">7\u003C/td>\u003C!-- end ngRepeat: dateObject in week.dates -->\u003Ctd data-ng-repeat=\"dateObject in week.dates\" data-ng-click=\"changeView(data.nextView, dateObject, $event)\" class=\"day ng-binding ng-scope\" data-ng-class=\"{active: dateObject.active, past: dateObject.past, future: dateObject.future, disabled: !dateObject.selectable}\">8\u003C/td>\u003C!-- end ngRepeat: dateObject in week.dates -->\u003Ctd data-ng-repeat=\"dateObject in week.dates\" data-ng-click=\"changeView(data.nextView, dateObject, $event)\" class=\"day ng-binding ng-scope\" data-ng-class=\"{active: dateObject.active, past: dateObject.past, future: dateObject.future, disabled: !dateObject.selectable}\">9\u003C/td>\u003C!-- end ngRepeat: dateObject in week.dates -->\u003Ctd data-ng-repeat=\"dateObject in week.dates\" data-ng-click=\"changeView(data.nextView, dateObject, $event)\" class=\"day ng-binding ng-scope\" data-ng-class=\"{active: dateObject.active, past: dateObject.past, future: dateObject.future, disabled: !dateObject.selectable}\">10\u003C/td>\u003C!-- end ngRepeat: dateObject in week.dates -->\u003Ctd data-ng-repeat=\"dateObject in week.dates\" data-ng-click=\"changeView(data.nextView, dateObject, $event)\" class=\"day ng-binding ng-scope\" data-ng-class=\"{active: dateObject.active, "
11:39:54.839 [Forwarding getPageSource on session d94198a6aa3008d5ffaf97f92db0cb0c to remote] DEBUG org.apache.http.wire - http-outgoing-33 << "past: dateObject.past, future: dateObject.future, disabled: !dateObject.selectable}\">11\u003C/td>\u003C!-- end ngRepeat: dateObject in week.dates -->\u003Ctd data-ng-repeat=\"dateObject in week.dates\" data-ng-click=\"changeView(data.nextView, dateObject, $event)\" class=\"day ng-binding ng-scope\" data-ng-class=\"{active: dateObject.active, past: dateObject.past, future: dateObject.future, disabled: !dateObject.selectable}\">12\u003C/td>\u003C!-- end ngRepeat: dateObject in week.dates -->       \u003C/tr>\u003C!-- end ngIf: data.currentView === 'day' -->\u003C!-- end ngRepeat: week in data.weeks -->\u003C!-- ngIf: data.currentView === 'day' -->\u003Ctr data-ng-if=\"data.currentView === 'day'\" data-ng-repeat=\"week in data.weeks\" class=\"ng-scope\">           \u003C!-- ngRepeat: dateObject in week.dates -->\u003Ctd data-ng-repeat=\"dateObject in week.dates\" data-ng-click=\"changeView(data.nextView, dateObject, $event)\" class=\"day ng-binding ng-scope\" data-ng-class=\"{active: dateObject.active, past: dateObject.past, future: dateObject.future, disabled: !dateObject.selectable}\">13\u003C/td>\u003C!-- end ngRepeat: dateObject in week.dates -->\u003Ctd data-ng-repeat=\"dateObject in week.dates\" data-ng-click=\"changeView(data.nextView, dateObject, $event)\" class=\"day ng-binding ng-scope\" data-ng-class=\"{active: dateObject.active, past: dateObject.past, future: dateObject.future, disabled: !dateObject.selectable}\">14\u003C/td>\u003C!-- end ngRepeat: dateObject in week.dates -->\u003Ctd data-ng-repeat=\"dateObject in week.dates\" data-ng-click=\"changeView(data.nextView, dateObject, $event)\" class=\"day ng-binding ng-scope\" data-ng-class=\"{active: dateObject.active, past: dateObject.past, future: dateObject.future, disabled: !dateObject.selectable}\">15\u003C/td>\u003C!-- end ngRepeat: dateObject in week.dates -->\u003Ctd data-ng-repeat=\"dateObject in week.dates\" data-ng-click=\"changeView(data.nextView, dateObject, $event)\" class=\"day ng-binding ng-scope\" data-ng-class=\"{active: dateObject.active, past: dateObject.past, future: dateObject.future, disabled: !dateObject.selectable}\">16\u003C/td>\u003C!-- end ngRepeat: dateObject in week.dates -->\u003Ctd data-ng-repeat=\"dateObject in week.dates\" data-ng-click=\"changeView(data.nextView, dateObject, $event)\" class=\"day ng-binding ng-scope\" data-ng-class=\"{active: dateObject.active, past: dateObject.past, future: dateObject.future, disabled: !dateObject.selectable}\">17\u003C/td>\u003C!-- end ngRepeat: dateObject in week.dates -->\u003Ctd data-ng-repeat=\"dateObject in week.dates\" data-ng-click=\"changeView(data.nextView, dateObject, $event)\" class=\"day ng-binding ng-scope\" data-ng-class=\"{active: dateObject.active, past: dateObject.past, future: dateObject.future, disabled: !dateObject.selectable}\">18\u003C/td>\u003C!-- end ngRepeat: dateObject in week.dates -->\u003Ctd data-ng-repeat=\"dateObject in week.dates\" data-ng-click=\"changeView(data.nextView, dateObject, $event)\" class=\"day ng-binding ng-scope\" data-ng-class=\"{active: dateObject.active, past: dateObject.past, future: dateObject.future, disabled: !dateObject.selectable}\">19\u003C/td>\u003C!-- end ngRepeat: dateObject in week.dates -->       \u003C/tr>\u003C!-- end ngIf: data.currentView === 'day' -->\u003C!-- end ngRepeat: week in data.weeks -->\u003C!-- ngIf: data.currentView === 'day' -->\u003Ctr data-ng-if=\"data.currentView === 'day'\" data-ng-repeat=\"week in data.weeks\" class=\"ng-scope\">           \u003C!-- ngRepeat: dateObject in week.dates -->\u003Ctd data-ng-repeat=\"dateObject in week.dates\" data-ng-click=\"changeView(data.nextView, dateObject, $event)\" class=\"day ng-binding ng-scope\" data-ng-class=\"{active: dateObject.active, past: dateObject.past, future: dateObject.future, disabled: !dateObject.selectable}\">20\u003C/td>\u003C!-- end ngRepeat: dateObject in week.dates -->\u003Ctd data-ng-repeat=\"dateObject in week.dates\" data-ng-click=\"changeView(data.nextView, dateObject, $event)\" class=\"day ng-binding ng-scope\" data-ng-class=\"{active: dateObject.ac"
11:39:54.839 [Forwarding getPageSource on session d94198a6aa3008d5ffaf97f92db0cb0c to remote] DEBUG org.apache.http.wire - http-outgoing-33 << "tive, past: dateObject.past, future: dateObject.future, disabled: !dateObject.selectable}\">21\u003C/td>\u003C!-- end ngRepeat: dateObject in week.dates -->\u003Ctd data-ng-repeat=\"dateObject in week.dates\" data-ng-click=\"changeView(data.nextView, dateObject, $event)\" class=\"day ng-binding ng-scope\" data-ng-class=\"{active: dateObject.active, past: dateObject.past, future: dateObject.future, disabled: !dateObject.selectable}\">22\u003C/td>\u003C!-- end ngRepeat: dateObject in week.dates -->\u003Ctd data-ng-repeat=\"dateObject in week.dates\" data-ng-click=\"changeView(data.nextView, dateObject, $event)\" class=\"day ng-binding ng-scope\" data-ng-class=\"{active: dateObject.active, past: dateObject.past, future: dateObject.future, disabled: !dateObject.selectable}\">23\u003C/td>\u003C!-- end ngRepeat: dateObject in week.dates -->\u003Ctd data-ng-repeat=\"dateObject in week.dates\" data-ng-click=\"changeView(data.nextView, dateObject, $event)\" class=\"day ng-binding ng-scope\" data-ng-class=\"{active: dateObject.active, past: dateObject.past, future: dateObject.future, disabled: !dateObject.selectable}\">24\u003C/td>\u003C!-- end ngRepeat: dateObject in week.dates -->\u003Ctd data-ng-repeat=\"dateObject in week.dates\" data-ng-click=\"changeView(data.nextView, dateObject, $event)\" class=\"day ng-binding ng-scope\" data-ng-class=\"{active: dateObject.active, past: dateObject.past, future: dateObject.future, disabled: !dateObject.selectable}\">25\u003C/td>\u003C!-- end ngRepeat: dateObject in week.dates -->\u003Ctd data-ng-repeat=\"dateObject in week.dates\" data-ng-click=\"changeView(data.nextView, dateObject, $event)\" class=\"day ng-binding ng-scope\" data-ng-class=\"{active: dateObject.active, past: dateObject.past, future: dateObject.future, disabled: !dateObject.selectable}\">26\u003C/td>\u003C!-- end ngRepeat: dateObject in week.dates -->       \u003C/tr>\u003C!-- end ngIf: data.currentView === 'day' -->\u003C!-- end ngRepeat: week in data.weeks -->\u003C!-- ngIf: data.currentView === 'day' -->\u003Ctr data-ng-if=\"data.currentView === 'day'\" data-ng-repeat=\"week in data.weeks\" class=\"ng-scope\">           \u003C!-- ngRepeat: dateObject in week.dates -->\u003Ctd data-ng-repeat=\"dateObject in week.dates\" data-ng-click=\"changeView(data.nextView, dateObject, $event)\" class=\"day ng-binding ng-scope\" data-ng-class=\"{active: dateObject.active, past: dateObject.past, future: dateObject.future, disabled: !dateObject.selectable}\">27\u003C/td>\u003C!-- end ngRepeat: dateObject in week.dates -->\u003Ctd data-ng-repeat=\"dateObject in week.dates\" data-ng-click=\"changeView(data.nextView, dateObject, $event)\" class=\"day ng-binding ng-scope\" data-ng-class=\"{active: dateObject.active, past: dateObject.past, future: dateObject.future, disabled: !dateObject.selectable}\">28\u003C/td>\u003C!-- end ngRepeat: dateObject in week.dates -->\u003Ctd data-ng-repeat=\"dateObject in week.dates\" data-ng-click=\"changeView(data.nextView, dateObject, $event)\" class=\"day ng-binding ng-scope\" data-ng-class=\"{active: dateObject.active, past: dateObject.past, future: dateObject.future, disabled: !dateObject.selectable}\">29\u003C/td>\u003C!-- end ngRepeat: dateObject in week.dates -->\u003Ctd data-ng-repeat=\"dateObject in week.dates\" data-ng-click=\"changeView(data.nextView, dateObject, $event)\" class=\"day ng-binding ng-scope\" data-ng-class=\"{active: dateObject.active, past: dateObject.past, future: dateObject.future, disabled: !dateObject.selectable}\">30\u003C/td>\u003C!-- end ngRepeat: dateObject in week.dates -->\u003Ctd data-ng-repeat=\"dateObject in week.dates\" data-ng-click=\"changeView(data.nextView, dateObject, $event)\" class=\"day ng-binding ng-scope future\" data-ng-class=\"{active: dateObject.active, past: dateObject.past, future: dateObject.future, disabled: !dateObject.selectable}\">1\u003C/td>\u003C!-- end ngRepeat: dateObject in week.dates -->\u003Ctd data-ng-repeat=\"dateObject in week.dates\" data-ng-click=\"changeView(data.nextView, dateObject, $event)\" class=\"day ng-binding ng-scope future\" "
11:39:54.839 [Forwarding getPageSource on session d94198a6aa3008d5ffaf97f92db0cb0c to remote] DEBUG org.apache.http.wire - http-outgoing-33 << "data-ng-class=\"{active: dateObject.active, past: dateObject.past, future: dateObject.future, disabled: !dateObject.selectable}\">2\u003C/td>\u003C!-- end ngRepeat: dateObject in week.dates -->\u003Ctd data-ng-repeat=\"dateObject in week.dates\" data-ng-click=\"changeView(data.nextView, dateObject, $event)\" class=\"day ng-binding ng-scope future\" data-ng-class=\"{active: dateObject.active, past: dateObject.past, future: dateObject.future, disabled: !dateObject.selectable}\">3\u003C/td>\u003C!-- end ngRepeat: dateObject in week.dates -->       \u003C/tr>\u003C!-- end ngIf: data.currentView === 'day' -->\u003C!-- end ngRepeat: week in data.weeks -->\u003C!-- ngIf: data.currentView === 'day' -->\u003Ctr data-ng-if=\"data.currentView === 'day'\" data-ng-repeat=\"week in data.weeks\" class=\"ng-scope\">           \u003C!-- ngRepeat: dateObject in week.dates -->\u003Ctd data-ng-repeat=\"dateObject in week.dates\" data-ng-click=\"changeView(data.nextView, dateObject, $event)\" class=\"day ng-binding ng-scope future\" data-ng-class=\"{active: dateObject.active, past: dateObject.past, future: dateObject.future, disabled: !dateObject.selectable}\">4\u003C/td>\u003C!-- end ngRepeat: dateObject in week.dates -->\u003Ctd data-ng-repeat=\"dateObject in week.dates\" data-ng-click=\"changeView(data.nextView, dateObject, $event)\" class=\"day ng-binding ng-scope future\" data-ng-class=\"{active: dateObject.active, past: dateObject.past, future: dateObject.future, disabled: !dateObject.selectable}\">5\u003C/td>\u003C!-- end ngRepeat: dateObject in week.dates -->\u003Ctd data-ng-repeat=\"dateObject in week.dates\" data-ng-click=\"changeView(data.nextView, dateObject, $event)\" class=\"day ng-binding ng-scope future\" data-ng-class=\"{active: dateObject.active, past: dateObject.past, future: dateObject.future, disabled: !dateObject.selectable}\">6\u003C/td>\u003C!-- end ngRepeat: dateObject in week.dates -->\u003Ctd data-ng-repeat=\"dateObject in week.dates\" data-ng-click=\"changeView(data.nextView, dateObject, $event)\" class=\"day ng-binding ng-scope future\" data-ng-class=\"{active: dateObject.active, past: dateObject.past, future: dateObject.future, disabled: !dateObject.selectable}\">7\u003C/td>\u003C!-- end ngRepeat: dateObject in week.dates -->\u003Ctd data-ng-repeat=\"dateObject in week.dates\" data-ng-click=\"changeView(data.nextView, dateObject, $event)\" class=\"day ng-binding ng-scope future\" data-ng-class=\"{active: dateObject.active, past: dateObject.past, future: dateObject.future, disabled: !dateObject.selectable}\">8\u003C/td>\u003C!-- end ngRepeat: dateObject in week.dates -->\u003Ctd data-ng-repeat=\"dateObject in week.dates\" data-ng-click=\"changeView(data.nextView, dateObject, $event)\" class=\"day ng-binding ng-scope future\" data-ng-class=\"{active: dateObject.active, past: dateObject.past, future: dateObject.future, disabled: !dateObject.selectable}\">9\u003C/td>\u003C!-- end ngRepeat: dateObject in week.dates -->\u003Ctd data-ng-repeat=\"dateObject in week.dates\" data-ng-click=\"changeView(data.nextView, dateObject, $event)\" class=\"day ng-binding ng-scope future\" data-ng-class=\"{active: dateObject.active, past: dateObject.past, future: dateObject.future, disabled: !dateObject.selectable}\">10\u003C/td>\u003C!-- end ngRepeat: dateObject in week.dates -->       \u003C/tr>\u003C!-- end ngIf: data.currentView === 'day' -->\u003C!-- end ngRepeat: week in data.weeks -->   \u003C/tbody>\u003C/table>\u003C/div>\n          \u003C/ul>\n        \u003C/div>\n      \u003C/div>\n      \u003Cdiv class=\"form-group  date-group\">\n        \u003Clabel for=\"end\">End Date\u003C/label>\n        \u003Cdiv class=\"dropdown\">\n          \u003Ca class=\"dropdown-toggle\" id=\"end-dropdown\" role=\"button\" data-toggle=\"dropdown\" data-target=\"#\" href=\"#\" aria-haspopup=\"true\" aria-expanded=\"false\">\n            \u003Cdiv class=\"input-group\">\u003Cinput type=\"text\" size=\"20\" class=\"form-control ng-pristine ng-untouched ng-valid ng-valid-date\" name=\"end\" id=\"end\" data-ng-model=\"search.end\" ng-change=\"check"
11:39:54.839 [Forwarding getPageSource on session d94198a6aa3008d5ffaf97f92db0cb0c to remote] DEBUG org.apache.http.wire - http-outgoing-33 << "FilterDateValidity()\" />\u003Cspan class=\"input-group-addon\">\u003Ci class=\"glyphicon glyphicon-calendar\">\u003C/i>\u003C/span>\u003C/div>\n          \u003C/a>\n          \u003Cul class=\"dropdown-menu\" role=\"menu\" aria-labelledby=\"dLabel\">\n            \u003Cdiv class=\"datetimepicker table-responsive ng-isolate-scope ng-valid\" data-ng-model=\"search.end\" data-datetimepicker-config=\"{ dropdownSelector: '#end-dropdown', startView:'day', minView:'day' }\" data-on-set-time=\"setEndDate(newDate, oldDate)\">\u003Ctable class=\"table table-striped  day-view\">   \u003Cthead>       \u003Ctr>           \u003Cth class=\"left\" data-ng-click=\"changeView(data.currentView, data.leftDate, $event)\" data-ng-show=\"data.leftDate.selectable\">\u003Ci class=\"glyphicon glyphicon-arrow-left\">\u003C/i>\u003C/th>           \u003Cth class=\"switch ng-binding\" colspan=\"5\" data-ng-show=\"data.previousViewDate.selectable\" data-ng-click=\"changeView(data.previousView, data.previousViewDate, $event)\">2015-Sep\u003C/th>           \u003Cth class=\"right\" data-ng-click=\"changeView(data.currentView, data.rightDate, $event)\" data-ng-show=\"data.rightDate.selectable\">\u003Ci class=\"glyphicon glyphicon-arrow-right\">\u003C/i>\u003C/th>       \u003C/tr>       \u003Ctr>           \u003C!-- ngRepeat: day in data.dayNames -->\u003Cth class=\"dow ng-binding ng-scope\" data-ng-repeat=\"day in data.dayNames\">Su\u003C/th>\u003C!-- end ngRepeat: day in data.dayNames -->\u003Cth class=\"dow ng-binding ng-scope\" data-ng-repeat=\"day in data.dayNames\">Mo\u003C/th>\u003C!-- end ngRepeat: day in data.dayNames -->\u003Cth class=\"dow ng-binding ng-scope\" data-ng-repeat=\"day in data.dayNames\">Tu\u003C/th>\u003C!-- end ngRepeat: day in data.dayNames -->\u003Cth class=\"dow ng-binding ng-scope\" data-ng-repeat=\"day in data.dayNames\">We\u003C/th>\u003C!-- end ngRepeat: day in data.dayNames -->\u003Cth class=\"dow ng-binding ng-scope\" data-ng-repeat=\"day in data.dayNames\">Th\u003C/th>\u003C!-- end ngRepeat: day in data.dayNames -->\u003Cth class=\"dow ng-binding ng-scope\" data-ng-repeat=\"day in data.dayNames\">Fr\u003C/th>\u003C!-- end ngRepeat: day in data.dayNames -->\u003Cth class=\"dow ng-binding ng-scope\" data-ng-repeat=\"day in data.dayNames\">Sa\u003C/th>\u003C!-- end ngRepeat: day in data.dayNames -->       \u003C/tr>   \u003C/thead>   \u003Ctbody>       \u003C!-- ngIf: data.currentView !== 'day' -->       \u003C!-- ngRepeat: week in data.weeks -->\u003C!-- ngIf: data.currentView === 'day' -->\u003Ctr data-ng-if=\"data.currentView === 'day'\" data-ng-repeat=\"week in data.weeks\" class=\"ng-scope\">           \u003C!-- ngRepeat: dateObject in week.dates -->\u003Ctd data-ng-repeat=\"dateObject in week.dates\" data-ng-click=\"changeView(data.nextView, dateObject, $event)\" class=\"day ng-binding ng-scope past\" data-ng-class=\"{active: dateObject.active, past: dateObject.past, future: dateObject.future, disabled: !dateObject.selectable}\">30\u003C/td>\u003C!-- end ngRepeat: dateObject in week.dates -->\u003Ctd data-ng-repeat=\"dateObject in week.dates\" data-ng-click=\"changeView(data.nextView, dateObject, $event)\" class=\"day ng-binding ng-scope past\" data-ng-class=\"{active: dateObject.active, past: dateObject.past, future: dateObject.future, disabled: !dateObject.selectable}\">31\u003C/td>\u003C!-- end ngRepeat: dateObject in week.dates -->\u003Ctd data-ng-repeat=\"dateObject in week.dates\" data-ng-click=\"changeView(data.nextView, dateObject, $event)\" class=\"day ng-binding ng-scope\" data-ng-class=\"{active: dateObject.active, past: dateObject.past, future: dateObject.future, disabled: !dateObject.selectable}\">1\u003C/td>\u003C!-- end ngRepeat: dateObject in week.dates -->\u003Ctd data-ng-repeat=\"dateObject in week.dates\" data-ng-click=\"changeView(data.nextView, dateObject, $event)\" class=\"day ng-binding ng-scope\" data-ng-class=\"{active: dateObject.active, past: dateObject.past, future: dateObject.future, disabled: !dateObject.selectable}\">2\u003C/td>\u003C!-- end ngRepeat: dateObject in week.dates -->\u003Ctd"
11:39:54.839 [Forwarding getPageSource on session d94198a6aa3008d5ffaf97f92db0cb0c to remote] DEBUG org.apache.http.wire - http-outgoing-33 << " data-ng-repeat=\"dateObject in week.dates\" data-ng-click=\"changeView(data.nextView, dateObject, $event)\" class=\"day ng-binding ng-scope\" data-ng-class=\"{active: dateObject.active, past: dateObject.past, future: dateObject.future, disabled: !dateObject.selectable}\">3\u003C/td>\u003C!-- end ngRepeat: dateObject in week.dates -->\u003Ctd data-ng-repeat=\"dateObject in week.dates\" data-ng-click=\"changeView(data.nextView, dateObject, $event)\" class=\"day ng-binding ng-scope\" data-ng-class=\"{active: dateObject.active, past: dateObject.past, future: dateObject.future, disabled: !dateObject.selectable}\">4\u003C/td>\u003C!-- end ngRepeat: dateObject in week.dates -->\u003Ctd data-ng-repeat=\"dateObject in week.dates\" data-ng-click=\"changeView(data.nextView, dateObject, $event)\" class=\"day ng-binding ng-scope\" data-ng-class=\"{active: dateObject.active, past: dateObject.past, future: dateObject.future, disabled: !dateObject.selectable}\">5\u003C/td>\u003C!-- end ngRepeat: dateObject in week.dates -->       \u003C/tr>\u003C!-- end ngIf: data.currentView === 'day' -->\u003C!-- end ngRepeat: week in data.weeks -->\u003C!-- ngIf: data.currentView === 'day' -->\u003Ctr data-ng-if=\"data.currentView === 'day'\" data-ng-repeat=\"week in data.weeks\" class=\"ng-scope\">           \u003C!-- ngRepeat: dateObject in week.dates -->\u003Ctd data-ng-repeat=\"dateObject in week.dates\" data-ng-click=\"changeView(data.nextView, dateObject, $event)\" class=\"day ng-binding ng-scope\" data-ng-class=\"{active: dateObject.active, past: dateObject.past, future: dateObject.future, disabled: !dateObject.selectable}\">6\u003C/td>\u003C!-- end ngRepeat: dateObject in week.dates -->\u003Ctd data-ng-repeat=\"dateObject in week.dates\" data-ng-click=\"changeView(data.nextView, dateObject, $event)\" class=\"day ng-binding ng-scope\" data-ng-class=\"{active: dateObject.active, past: dateObject.past, future: dateObject.future, disabled: !dateObject.selectable}\">7\u003C/td>\u003C!-- end ngRepeat: dateObject in week.dates -->\u003Ctd data-ng-repeat=\"dateObject in week.dates\" data-ng-click=\"changeView(data.nextView, dateObject, $event)\" class=\"day ng-binding ng-scope\" data-ng-class=\"{active: dateObject.active, past: dateObject.past, future: dateObject.future, disabled: !dateObject.selectable}\">8\u003C/td>\u003C!-- end ngRepeat: dateObject in week.dates -->\u003Ctd data-ng-repeat=\"dateObject in week.dates\" data-ng-click=\"changeView(data.nextView, dateObject, $event)\" class=\"day ng-binding ng-scope\" data-ng-class=\"{active: dateObject.active, past: dateObject.past, future: dateObject.future, disabled: !dateObject.selectable}\">9\u003C/td>\u003C!-- end ngRepeat: dateObject in week.dates -->\u003Ctd data-ng-repeat=\"dateObject in week.dates\" data-ng-click=\"changeView(data.nextView, dateObject, $event)\" class=\"day ng-binding ng-scope\" data-ng-class=\"{active: dateObject.active, past: dateObject.past, future: dateObject.future, disabled: !dateObject.selectable}\">10\u003C/td>\u003C!-- end ngRepeat: dateObject in week.dates -->\u003Ctd data-ng-repeat=\"dateObject in week.dates\" data-ng-click=\"changeView(data.nextView, dateObject, $event)\" class=\"day ng-binding ng-scope\" data-ng-class=\"{active: dateObject.active, past: dateObject.past, future: dateObject.future, disabled: !dateObject.selectable}\">11\u003C/td>\u003C!-- end ngRepeat: dateObject in week.dates -->\u003Ctd data-ng-repeat=\"dateObject in week.dates\" data-ng-click=\"changeView(data.nextView, dateObject, $event)\" class=\"day ng-binding ng-scope\" data-ng-class=\"{active: dateObject.active, past: dateObject.past, future: dateObject.future, disabled: !dateObject.selectable}\">12\u003C/td>\u003C!-- end ngRepeat: dateObject in week.dates -->       \u003C/tr>\u003C!-- end ngIf: data.currentView === 'day' -->\u003C!-- end ngRepeat: week in data.weeks -->\u003C!-- ngIf: data.currentView === 'day' -->\u003Ctr data-ng-if=\"data.currentView === 'day'\" data-ng-repeat=\"week in data.weeks\" class=\"ng-scope\">           \u003C!-- ngRepeat: dateObject in week.dates -->\u003Ctd "
11:39:54.840 [Forwarding getPageSource on session d94198a6aa3008d5ffaf97f92db0cb0c to remote] DEBUG org.apache.http.wire - http-outgoing-33 << "data-ng-repeat=\"dateObject in week.dates\" data-ng-click=\"changeView(data.nextView, dateObject, $event)\" class=\"day ng-binding ng-scope\" data-ng-class=\"{active: dateObject.active, past: dateObject.past, future: dateObject.future, disabled: !dateObject.selectable}\">13\u003C/td>\u003C!-- end ngRepeat: dateObject in week.dates -->\u003Ctd data-ng-repeat=\"dateObject in week.dates\" data-ng-click=\"changeView(data.nextView, dateObject, $event)\" class=\"day ng-binding ng-scope\" data-ng-class=\"{active: dateObject.active, past: dateObject.past, future: dateObject.future, disabled: !dateObject.selectable}\">14\u003C/td>\u003C!-- end ngRepeat: dateObject in week.dates -->\u003Ctd data-ng-repeat=\"dateObject in week.dates\" data-ng-click=\"changeView(data.nextView, dateObject, $event)\" class=\"day ng-binding ng-scope\" data-ng-class=\"{active: dateObject.active, past: dateObject.past, future: dateObject.future, disabled: !dateObject.selectable}\">15\u003C/td>\u003C!-- end ngRepeat: dateObject in week.dates -->\u003Ctd data-ng-repeat=\"dateObject in week.dates\" data-ng-click=\"changeView(data.nextView, dateObject, $event)\" class=\"day ng-binding ng-scope\" data-ng-class=\"{active: dateObject.active, past: dateObject.past, future: dateObject.future, disabled: !dateObject.selectable}\">16\u003C/td>\u003C!-- end ngRepeat: dateObject in week.dates -->\u003Ctd data-ng-repeat=\"dateObject in week.dates\" data-ng-click=\"changeView(data.nextView, dateObject, $event)\" class=\"day ng-binding ng-scope\" data-ng-class=\"{active: dateObject.active, past: dateObject.past, future: dateObject.future, disabled: !dateObject.selectable}\">17\u003C/td>\u003C!-- end ngRepeat: dateObject in week.dates -->\u003Ctd data-ng-repeat=\"dateObject in week.dates\" data-ng-click=\"changeView(data.nextView, dateObject, $event)\" class=\"day ng-binding ng-scope\" data-ng-class=\"{active: dateObject.active, past: dateObject.past, future: dateObject.future, disabled: !dateObject.selectable}\">18\u003C/td>\u003C!-- end ngRepeat: dateObject in week.dates -->\u003Ctd data-ng-repeat=\"dateObject in week.dates\" data-ng-click=\"changeView(data.nextView, dateObject, $event)\" class=\"day ng-binding ng-scope\" data-ng-class=\"{active: dateObject.active, past: dateObject.past, future: dateObject.future, disabled: !dateObject.selectable}\">19\u003C/td>\u003C!-- end ngRepeat: dateObject in week.dates -->       \u003C/tr>\u003C!-- end ngIf: data.currentView === 'day' -->\u003C!-- end ngRepeat: week in data.weeks -->\u003C!-- ngIf: data.currentView === 'day' -->\u003Ctr data-ng-if=\"data.currentView === 'day'\" data-ng-repeat=\"week in data.weeks\" class=\"ng-scope\">           \u003C!-- ngRepeat: dateObject in week.dates -->\u003Ctd data-ng-repeat=\"dateObject in week.dates\" data-ng-click=\"changeView(data.nextView, dateObject, $event)\" class=\"day ng-binding ng-scope\" data-ng-class=\"{active: dateObject.active, past: dateObject.past, future: dateObject.future, disabled: !dateObject.selectable}\">20\u003C/td>\u003C!-- end ngRepeat: dateObject in week.dates -->\u003Ctd data-ng-repeat=\"dateObject in week.dates\" data-ng-click=\"changeView(data.nextView, dateObject, $event)\" class=\"day ng-binding ng-scope\" data-ng-class=\"{active: dateObject.active, past: dateObject.past, future: dateObject.future, disabled: !dateObject.selectable}\">21\u003C/td>\u003C!-- end ngRepeat: dateObject in week.dates -->\u003Ctd data-ng-repeat=\"dateObject in week.dates\" data-ng-click=\"changeView(data.nextView, dateObject, $event)\" class=\"day ng-binding ng-scope\" data-ng-class=\"{active: dateObject.active, past: dateObject.past, future: dateObject.future, disabled: !dateObject.selectable}\">22\u003C/td>\u003C!-- end ngRepeat: dateObject in week.dates -->\u003Ctd data-ng-repeat=\"dateObject in week.dates\" data-ng-click=\"changeView(data.nextView, dateObject, $event)\" class=\"day ng-binding ng-scope\" data-ng-class=\"{active: dateObject.active, past: dateObject.past, future: dateObject.future, disabled: !dateObject.selectable}\">23\u003C/td>\u003C!-- end ngRepeat: dateObject i"
11:39:54.840 [Forwarding getPageSource on session d94198a6aa3008d5ffaf97f92db0cb0c to remote] DEBUG org.apache.http.wire - http-outgoing-33 << "n week.dates -->\u003Ctd data-ng-repeat=\"dateObject in week.dates\" data-ng-click=\"changeView(data.nextView, dateObject, $event)\" class=\"day ng-binding ng-scope\" data-ng-class=\"{active: dateObject.active, past: dateObject.past, future: dateObject.future, disabled: !dateObject.selectable}\">24\u003C/td>\u003C!-- end ngRepeat: dateObject in week.dates -->\u003Ctd data-ng-repeat=\"dateObject in week.dates\" data-ng-click=\"changeView(data.nextView, dateObject, $event)\" class=\"day ng-binding ng-scope\" data-ng-class=\"{active: dateObject.active, past: dateObject.past, future: dateObject.future, disabled: !dateObject.selectable}\">25\u003C/td>\u003C!-- end ngRepeat: dateObject in week.dates -->\u003Ctd data-ng-repeat=\"dateObject in week.dates\" data-ng-click=\"changeView(data.nextView, dateObject, $event)\" class=\"day ng-binding ng-scope\" data-ng-class=\"{active: dateObject.active, past: dateObject.past, future: dateObject.future, disabled: !dateObject.selectable}\">26\u003C/td>\u003C!-- end ngRepeat: dateObject in week.dates -->       \u003C/tr>\u003C!-- end ngIf: data.currentView === 'day' -->\u003C!-- end ngRepeat: week in data.weeks -->\u003C!-- ngIf: data.currentView === 'day' -->\u003Ctr data-ng-if=\"data.currentView === 'day'\" data-ng-repeat=\"week in data.weeks\" class=\"ng-scope\">           \u003C!-- ngRepeat: dateObject in week.dates -->\u003Ctd data-ng-repeat=\"dateObject in week.dates\" data-ng-click=\"changeView(data.nextView, dateObject, $event)\" class=\"day ng-binding ng-scope\" data-ng-class=\"{active: dateObject.active, past: dateObject.past, future: dateObject.future, disabled: !dateObject.selectable}\">27\u003C/td>\u003C!-- end ngRepeat: dateObject in week.dates -->\u003Ctd data-ng-repeat=\"dateObject in week.dates\" data-ng-click=\"changeView(data.nextView, dateObject, $event)\" class=\"day ng-binding ng-scope\" data-ng-class=\"{active: dateObject.active, past: dateObject.past, future: dateObject.future, disabled: !dateObject.selectable}\">28\u003C/td>\u003C!-- end ngRepeat: dateObject in week.dates -->\u003Ctd data-ng-repeat=\"dateObject in week.dates\" data-ng-click=\"changeView(data.nextView, dateObject, $event)\" class=\"day ng-binding ng-scope\" data-ng-class=\"{active: dateObject.active, past: dateObject.past, future: dateObject.future, disabled: !dateObject.selectable}\">29\u003C/td>\u003C!-- end ngRepeat: dateObject in week.dates -->\u003Ctd data-ng-repeat=\"dateObject in week.dates\" data-ng-click=\"changeView(data.nextView, dateObject, $event)\" class=\"day ng-binding ng-scope\" data-ng-class=\"{active: dateObject.active, past: dateObject.past, future: dateObject.future, disabled: !dateObject.selectable}\">30\u003C/td>\u003C!-- end ngRepeat: dateObject in week.dates -->\u003Ctd data-ng-repeat=\"dateObject in week.dates\" data-ng-click=\"changeView(data.nextView, dateObject, $event)\" class=\"day ng-binding ng-scope future\" data-ng-class=\"{active: dateObject.active, past: dateObject.past, future: dateObject.future, disabled: !dateObject.selectable}\">1\u003C/td>\u003C!-- end ngRepeat: dateObject in week.dates -->\u003Ctd data-ng-repeat=\"dateObject in week.dates\" data-ng-click=\"changeView(data.nextView, dateObject, $event)\" class=\"day ng-binding ng-scope future\" data-ng-class=\"{active: dateObject.active, past: dateObject.past, future: dateObject.future, disabled: !dateObject.selectable}\">2\u003C/td>\u003C!-- end ngRepeat: dateObject in week.dates -->\u003Ctd data-ng-repeat=\"dateObject in week.dates\" data-ng-click=\"changeView(data.nextView, dateObject, $event)\" class=\"day ng-binding ng-scope future\" data-ng-class=\"{active: dateObject.active, past: dateObject.past, future: dateObject.future, disabled: !dateObject.selectable}\">3\u003C/td>\u003C!-- end ngRepeat: dateObject in week.dates -->       \u003C/tr>\u003C!-- end ngIf: data.currentView === 'day' -->\u003C!-- end ngRepeat: week in data.weeks -->\u003C!-- ngIf: data.currentView === 'day' -->\u003Ctr data-ng-if=\"data.currentView === 'day'\" data-ng-repeat=\"week in data.weeks\" class=\"ng-scope\">           \u003C!-"
11:39:54.840 [Forwarding getPageSource on session d94198a6aa3008d5ffaf97f92db0cb0c to remote] DEBUG org.apache.http.wire - http-outgoing-33 << "- ngRepeat: dateObject in week.dates -->\u003Ctd data-ng-repeat=\"dateObject in week.dates\" data-ng-click=\"changeView(data.nextView, dateObject, $event)\" class=\"day ng-binding ng-scope future\" data-ng-class=\"{active: dateObject.active, past: dateObject.past, future: dateObject.future, disabled: !dateObject.selectable}\">4\u003C/td>\u003C!-- end ngRepeat: dateObject in week.dates -->\u003Ctd data-ng-repeat=\"dateObject in week.dates\" data-ng-click=\"changeView(data.nextView, dateObject, $event)\" class=\"day ng-binding ng-scope future\" data-ng-class=\"{active: dateObject.active, past: dateObject.past, future: dateObject.future, disabled: !dateObject.selectable}\">5\u003C/td>\u003C!-- end ngRepeat: dateObject in week.dates -->\u003Ctd data-ng-repeat=\"dateObject in week.dates\" data-ng-click=\"changeView(data.nextView, dateObject, $event)\" class=\"day ng-binding ng-scope future\" data-ng-class=\"{active: dateObject.active, past: dateObject.past, future: dateObject.future, disabled: !dateObject.selectable}\">6\u003C/td>\u003C!-- end ngRepeat: dateObject in week.dates -->\u003Ctd data-ng-repeat=\"dateObject in week.dates\" data-ng-click=\"changeView(data.nextView, dateObject, $event)\" class=\"day ng-binding ng-scope future\" data-ng-class=\"{active: dateObject.active, past: dateObject.past, future: dateObject.future, disabled: !dateObject.selectable}\">7\u003C/td>\u003C!-- end ngRepeat: dateObject in week.dates -->\u003Ctd data-ng-repeat=\"dateObject in week.dates\" data-ng-click=\"changeView(data.nextView, dateObject, $event)\" class=\"day ng-binding ng-scope future\" data-ng-class=\"{active: dateObject.active, past: dateObject.past, future: dateObject.future, disabled: !dateObject.selectable}\">8\u003C/td>\u003C!-- end ngRepeat: dateObject in week.dates -->\u003Ctd data-ng-repeat=\"dateObject in week.dates\" data-ng-click=\"changeView(data.nextView, dateObject, $event)\" class=\"day ng-binding ng-scope future\" data-ng-class=\"{active: dateObject.active, past: dateObject.past, future: dateObject.future, disabled: !dateObject.selectable}\">9\u003C/td>\u003C!-- end ngRepeat: dateObject in week.dates -->\u003Ctd data-ng-repeat=\"dateObject in week.dates\" data-ng-click=\"changeView(data.nextView, dateObject, $event)\" class=\"day ng-binding ng-scope future\" data-ng-class=\"{active: dateObject.active, past: dateObject.past, future: dateObject.future, disabled: !dateObject.selectable}\">10\u003C/td>\u003C!-- end ngRepeat: dateObject in week.dates -->       \u003C/tr>\u003C!-- end ngIf: data.currentView === 'day' -->\u003C!-- end ngRepeat: week in data.weeks -->   \u003C/tbody>\u003C/table>\u003C/div>\n          \u003C/ul>\n        \u003C/div>\n      \u003C/div>\n      \u003Cdiv class=\"form-group\">\n        \u003Clabel>Status\u003C/label>\n        \u003Cselect id=\"status\" class=\"form-control ng-pristine ng-untouched ng-valid\" data-ng-model=\"search.active\">\n          \u003Coption name=\"All\" value=\"\">All\u003C/option>\n          \u003Coption name=\"Active\" value=\"true\">Active\u003C/option>\n          \u003Coption name=\"Inactive\" value=\"false\">Inactive\u003C/option>\n        \u003C/select>\n      \u003C/div>\n      \u003Cdiv class=\"form-group\">\n        \u003Clabel for=\"type\">Type\u003C/label>\n        \u003Cselect id=\"type\" name=\"search.type\" class=\"form-control ng-pristine ng-untouched ng-valid\" ng-model=\"search.type\" ng-options=\"campaignType.key as campaignType.value for campaignType in campaignTypes\">\u003Coption value=\"?\" selected=\"selected\">\u003C/option>\u003C/select>\n      \u003C/div>\n      \u003Cdiv class=\"form-group buttons\">\n        \u003Cbutton type=\"submit\" class=\"btn btn-primary filter\" ng-click=\"searchForm.$valid &amp;&amp; updateFilter()\" ng-disabled=\"!searchForm.$valid\">Filter Campaigns\n        \u003C/button>\n        \u003Cbutton type=\"submit\" class=\"btn btn-default clear\" ng-click=\"clearFilter()\">Clear Filter\u003C/button>\n      \u003C/div>\n      \u003Cdiv class=\"clear\">\u003C/div>\n    \u003C/div>\n  \u003C/form>\n\u003C/div>\n\u003Cdiv cla"
11:39:54.840 [Forwarding getPageSource on session d94198a6aa3008d5ffaf97f92db0cb0c to remote] DEBUG org.apache.http.wire - http-outgoing-33 << "ss=\"row ng-scope\">\n  \u003Cdiv class=\"col-md-12\">\n    \u003Ca style=\"cursor: pointer;\" ng-click=\"showFilters=!showFilters\" class=\"ng-binding\">Show Advanced Filters\u003C/a>\n  \u003C/div>\n\u003C/div>\n\u003Cdiv class=\"row ng-scope\">\n  \u003Cdiv class=\"col-md-12\">\n    \u003Ctable class=\"table campaign-list\" id=\"campaign-list\">\n      \u003Cthead>\n      \u003Ctr>\n        \u003Cth>Name\u003C/th>\n        \u003Cth>State\u003C/th>\n        \u003Cth>Type\u003C/th>\n        \u003Cth>Start\u003C/th>\n        \u003Cth>End\u003C/th>\n        \u003Cth>Vouchers\u003C/th>\n        \u003Cth>Redemption Cap\u003C/th>\n        \u003Cth>Redeemed\u003C/th>\n      \u003C/tr>\n      \u003C/thead>\n      \u003Ctbody>\n      \u003C!-- ngRepeat: campaign in campaigns | itemsPerPage: 25 -->\n      \u003C/tbody>\n    \u003C/table>\n  \u003C/div>\n\u003C/div>\n\u003Cdiv dir-pagination-controls=\"\" class=\"col-lg-12 paginationList ng-scope ng-isolate-scope\" on-page-change=\"pageChanged(newPageNumber)\">\u003C!-- ngIf: 1 \u003C pages.length -->\u003C/div>\n\u003C/div>\n        \u003Cdiv class=\"footer\">\u003C/div>\n    \u003C/div>\n\n    \u003C!-- build:js(.) scripts/ie-include.js -->\n        \u003C!--[if lt IE 9]>\n            \u003Cscript src=\"bower_components/es5-shim/es5-shim.js\">\u003C/script>\n            \u003Cscript src=\"bower_components/json3/lib/json3.min.js\">\u003C/script>\n            \u003Cscript src=\"bower_components/respond/dest/respond.src.js\">\u003C/script>\n        \u003C![endif]-->\n    \u003C!-- endbuild -->\n\n    \u003C!-- build:js(.) scripts/vendor.js -->\n    \u003C!-- bower:js -->\n    \u003Cscript src=\"bower_components/jquery/dist/jquery.js\">\u003C/script>\n    \u003Cscript src=\"bower_components/angular/angular.js\">\u003C/script>\n    \u003Cscript src=\"bower_components/json3/lib/json3.js\">\u003C/script>\n    \u003Cscript src=\"bower_components/bootstrap/dist/js/bootstrap.js\">\u003C/script>\n    \u003Cscript src=\"bower_components/angular-resource/angular-resource.js\">\u003C/script>\n    \u003Cscript src=\"bower_components/angular-sanitize/angular-sanitize.js\">\u003C/script>\n    \u003Cscript src=\"bower_components/angular-animate/angular-animate.js\">\u003C/script>\n    \u003Cscript src=\"bower_components/angular-route/angular-route.js\">\u003C/script>\n    \u003Cscript src=\"bower_components/moment/moment.js\">\u003C/script>\n    \u003Cscript src=\"bower_components/angular-bootstrap-show-errors/src/showErrors.js\">\u003C/script>\n    \u003Cscript src=\"bower_components/angular-bootstrap-datetimepicker/src/js/datetimepicker.js\">\u003C/script>\n    \u003Cscript src=\"bower_components/jquery-ui/jquery-ui.js\">\u003C/script>\n    \u003Cscript src=\"bower_components/FileSaver/FileSaver.js\">\u003C/script>\n    \u003Cscript src=\"bower_components/underscore/underscore.js\">\u003C/script>\n    \u003Cscript src=\"bower_components/angular-bootstrap/ui-bootstrap-tpls.js\">\u003C/script>\n    \u003Cscript src=\"bower_components/angular-translate/angular-translate.js\">\u003C/script>\n    \u003Cscript src=\"bower_components/angular-dialog-service/dist/dialogs.min.js\">\u003C/script>\n    \u003Cscript src=\"bower_components/angular-dialog-service/dist/dialogs-default-translations.min.js\">\u003C/script>\n    \u003Cscript src=\"bower_components/angular-utils-pagination/dirPagination.js\">\u003C/script>\n    \u003C!-- endbower -->\n    \u003C!-- endbuild -->\n\n    \u003C!-- build:js({.tmp,app}) scripts/scripts.js -->\n    \u003Cscript src=\"scripts/app.js\">\u003C/script>\n    \u003Cscript src=\"scripts/config/config.js\">\u003C/script>\n    \u003Cscript src=\"scripts/services/base-http-service.js\">\u003C/script>\n    \u003Cscript src=\"scripts/services/voucher-service.js\">\u003C/script>\n    \u003Cscript src=\"scripts/services/campaign-service.js\">\u003C/script>\n    \u003Cscript src=\"scripts/services/history-service.js\">\u003C/script>\n    \u003Cscript src=\"scripts/services/promo-service.js\">\u003C/script>\n    \u003Cscript src=\"scripts/services/date-service.js\">\u003C/script>\n   "
11:39:54.840 [Forwarding getPageSource on session d94198a6aa3008d5ffaf97f92db0cb0c to remote] DEBUG org.apache.http.wire - http-outgoing-33 << " \u003Cscript src=\"scripts/services/root-service.js\">\u003C/script>\n    \u003Cscript src=\"scripts/services/hateoas-service-util.js\">\u003C/script>\n    \u003Cscript src=\"scripts/controllers/promo-controller.js\">\u003C/script>\n    \u003Cscript src=\"scripts/controllers/campaign-controller.js\">\u003C/script>\n    \u003Cscript src=\"scripts/controllers/status-controller.js\">\u003C/script>\n    \u003Cscript src=\"scripts/controllers/audit-history-controller.js\">\u003C/script>\n    \u003Cscript src=\"scripts/controllers/voucher-controller.js\">\u003C/script>\n    \u003Cscript src=\"scripts/controllers/account-controller.js\">\u003C/script>\n    \u003Cscript src=\"scripts/controllers/campaign-list-controller.js\">\u003C/script>\n    \u003Cscript src=\"scripts/directives/campaign-directive.js\">\u003C/script>\n    \u003Cscript src=\"scripts/directives/voucher-directive.js\">\u003C/script>\n    \u003Cscript src=\"scripts/directives/single-use-voucher-directive.js\">\u003C/script>\n    \u003Cscript src=\"scripts/directives/server-connection-directive.js\">\u003C/script>\n    \u003Cscript src=\"scripts/directives/promocode-directive.js\">\u003C/script>\n    \u003Cscript src=\"scripts/directives/voucher-batch-directive.js\">\u003C/script>\n    \u003Cscript src=\"scripts/filters/account-filter.js\">\u003C/script>\n\n    \u003C!-- endbuild -->\n\n    \u003Cscript src=\"/config\">\u003C/script>\n\n\u003Cscript>//&lt;![CDATA[\ndocument.write('&lt;script src=\"//' + (location.hostname || 'localhost') + ':35729/livereload.js?snipver=1\"&gt;&lt;\\/script&gt;')\n//]]&gt;\u003C/script>\u003Cscript src=\"//localhost:35729/livereload.js?snipver=1\">\u003C/script>\n\n\n\u003C/body>\u003C/html>"}"
11:39:54.840 [Forwarding getPageSource on session d94198a6aa3008d5ffaf97f92db0cb0c to remote] DEBUG o.a.h.i.c.DefaultManagedHttpClientConnection - http-outgoing-33: Shutdown connection
11:39:54.840 [Forwarding getPageSource on session d94198a6aa3008d5ffaf97f92db0cb0c to remote] DEBUG o.a.h.impl.execchain.MainClientExec - Connection discarded
11:39:54.840 [Forwarding getPageSource on session d94198a6aa3008d5ffaf97f92db0cb0c to remote] DEBUG o.a.h.i.c.DefaultManagedHttpClientConnection - http-outgoing-33: Close connection
11:39:54.840 [Forwarding getPageSource on session d94198a6aa3008d5ffaf97f92db0cb0c to remote] DEBUG o.a.h.i.c.PoolingHttpClientConnectionManager - Connection released: [id: 33][route: {}->http://localhost:26477][total kept alive: 0; route allocated: 0 of 2000; total allocated: 0 of 2000]
11:39:54.843 [Forwarding findElements on session d94198a6aa3008d5ffaf97f92db0cb0c to remote] DEBUG o.a.h.c.protocol.RequestAddCookies - CookieSpec selected: best-match
11:39:54.843 [Forwarding findElements on session d94198a6aa3008d5ffaf97f92db0cb0c to remote] DEBUG o.a.h.c.protocol.RequestAuthCache - Auth cache not set in the context
11:39:54.843 [Forwarding findElements on session d94198a6aa3008d5ffaf97f92db0cb0c to remote] DEBUG o.a.h.i.c.PoolingHttpClientConnectionManager - Connection request: [route: {}->http://localhost:26477][total kept alive: 0; route allocated: 0 of 2000; total allocated: 0 of 2000]
11:39:54.843 [Forwarding findElements on session d94198a6aa3008d5ffaf97f92db0cb0c to remote] DEBUG o.a.h.i.c.PoolingHttpClientConnectionManager - Connection leased: [id: 34][route: {}->http://localhost:26477][total kept alive: 0; route allocated: 1 of 2000; total allocated: 1 of 2000]
11:39:54.843 [Forwarding findElements on session d94198a6aa3008d5ffaf97f92db0cb0c to remote] DEBUG o.a.h.impl.execchain.MainClientExec - Opening connection {}->http://localhost:26477
11:39:54.843 [Forwarding findElements on session d94198a6aa3008d5ffaf97f92db0cb0c to remote] DEBUG o.a.h.i.c.HttpClientConnectionOperator - Connecting to localhost/127.0.0.1:26477
11:39:54.843 [Forwarding findElements on session d94198a6aa3008d5ffaf97f92db0cb0c to remote] DEBUG o.a.h.i.c.HttpClientConnectionOperator - Connection established 127.0.0.1:57300<->127.0.0.1:26477
11:39:54.843 [Forwarding findElements on session d94198a6aa3008d5ffaf97f92db0cb0c to remote] DEBUG o.a.h.impl.execchain.MainClientExec - Executing request POST /session/d94198a6aa3008d5ffaf97f92db0cb0c/elements HTTP/1.1
11:39:54.843 [Forwarding findElements on session d94198a6aa3008d5ffaf97f92db0cb0c to remote] DEBUG o.a.h.impl.execchain.MainClientExec - Target auth state: UNCHALLENGED
11:39:54.843 [Forwarding findElements on session d94198a6aa3008d5ffaf97f92db0cb0c to remote] DEBUG o.a.h.impl.execchain.MainClientExec - Proxy auth state: UNCHALLENGED
11:39:54.843 [Forwarding findElements on session d94198a6aa3008d5ffaf97f92db0cb0c to remote] DEBUG org.apache.http.headers - http-outgoing-34 >> POST /session/d94198a6aa3008d5ffaf97f92db0cb0c/elements HTTP/1.1
11:39:54.844 [Forwarding findElements on session d94198a6aa3008d5ffaf97f92db0cb0c to remote] DEBUG org.apache.http.headers - http-outgoing-34 >> Content-Type: application/json; charset=utf-8
11:39:54.844 [Forwarding findElements on session d94198a6aa3008d5ffaf97f92db0cb0c to remote] DEBUG org.apache.http.headers - http-outgoing-34 >> Content-Length: 36
11:39:54.844 [Forwarding findElements on session d94198a6aa3008d5ffaf97f92db0cb0c to remote] DEBUG org.apache.http.headers - http-outgoing-34 >> Host: localhost:26477
11:39:54.844 [Forwarding findElements on session d94198a6aa3008d5ffaf97f92db0cb0c to remote] DEBUG org.apache.http.headers - http-outgoing-34 >> Connection: Keep-Alive
11:39:54.844 [Forwarding findElements on session d94198a6aa3008d5ffaf97f92db0cb0c to remote] DEBUG org.apache.http.headers - http-outgoing-34 >> User-Agent: Apache-HttpClient/4.3.4 (java 1.5)
11:39:54.844 [Forwarding findElements on session d94198a6aa3008d5ffaf97f92db0cb0c to remote] DEBUG org.apache.http.headers - http-outgoing-34 >> Accept-Encoding: gzip,deflate
11:39:54.844 [Forwarding findElements on session d94198a6aa3008d5ffaf97f92db0cb0c to remote] DEBUG org.apache.http.wire - http-outgoing-34 >> "POST /session/d94198a6aa3008d5ffaf97f92db0cb0c/elements HTTP/1.1[\r][\n]"
11:39:54.844 [Forwarding findElements on session d94198a6aa3008d5ffaf97f92db0cb0c to remote] DEBUG org.apache.http.wire - http-outgoing-34 >> "Content-Type: application/json; charset=utf-8[\r][\n]"
11:39:54.844 [Forwarding findElements on session d94198a6aa3008d5ffaf97f92db0cb0c to remote] DEBUG org.apache.http.wire - http-outgoing-34 >> "Content-Length: 36[\r][\n]"
11:39:54.844 [Forwarding findElements on session d94198a6aa3008d5ffaf97f92db0cb0c to remote] DEBUG org.apache.http.wire - http-outgoing-34 >> "Host: localhost:26477[\r][\n]"
11:39:54.844 [Forwarding findElements on session d94198a6aa3008d5ffaf97f92db0cb0c to remote] DEBUG org.apache.http.wire - http-outgoing-34 >> "Connection: Keep-Alive[\r][\n]"
11:39:54.844 [Forwarding findElements on session d94198a6aa3008d5ffaf97f92db0cb0c to remote] DEBUG org.apache.http.wire - http-outgoing-34 >> "User-Agent: Apache-HttpClient/4.3.4 (java 1.5)[\r][\n]"
11:39:54.844 [Forwarding findElements on session d94198a6aa3008d5ffaf97f92db0cb0c to remote] DEBUG org.apache.http.wire - http-outgoing-34 >> "Accept-Encoding: gzip,deflate[\r][\n]"
11:39:54.844 [Forwarding findElements on session d94198a6aa3008d5ffaf97f92db0cb0c to remote] DEBUG org.apache.http.wire - http-outgoing-34 >> "[\r][\n]"
11:39:54.844 [Forwarding findElements on session d94198a6aa3008d5ffaf97f92db0cb0c to remote] DEBUG org.apache.http.wire - http-outgoing-34 >> "{"using":"css selector","value":"a"}"
11:39:54.848 [Forwarding findElements on session d94198a6aa3008d5ffaf97f92db0cb0c to remote] DEBUG org.apache.http.wire - http-outgoing-34 << "HTTP/1.1 200 OK[\r][\n]"
11:39:54.848 [Forwarding findElements on session d94198a6aa3008d5ffaf97f92db0cb0c to remote] DEBUG org.apache.http.wire - http-outgoing-34 << "Content-Length:356[\r][\n]"
11:39:54.848 [Forwarding findElements on session d94198a6aa3008d5ffaf97f92db0cb0c to remote] DEBUG org.apache.http.wire - http-outgoing-34 << "Content-Type:application/json; charset=utf-8[\r][\n]"
11:39:54.848 [Forwarding findElements on session d94198a6aa3008d5ffaf97f92db0cb0c to remote] DEBUG org.apache.http.wire - http-outgoing-34 << "Connection:close[\r][\n]"
11:39:54.848 [Forwarding findElements on session d94198a6aa3008d5ffaf97f92db0cb0c to remote] DEBUG org.apache.http.wire - http-outgoing-34 << "[\r][\n]"
11:39:54.848 [Forwarding findElements on session d94198a6aa3008d5ffaf97f92db0cb0c to remote] DEBUG org.apache.http.wire - http-outgoing-34 << "{"sessionId":"d94198a6aa3008d5ffaf97f92db0cb0c","status":0,"value":[{"ELEMENT":"0.5152662619948387-9"},{"ELEMENT":"0.5152662619948387-10"},{"ELEMENT":"0.5152662619948387-11"},{"ELEMENT":"0.5152662619948387-12"},{"ELEMENT":"0.5152662619948387-13"},{"ELEMENT":"0.5152662619948387-14"},{"ELEMENT":"0.5152662619948387-15"},{"ELEMENT":"0.5152662619948387-16"}]}"
11:39:54.848 [Forwarding findElements on session d94198a6aa3008d5ffaf97f92db0cb0c to remote] DEBUG org.apache.http.headers - http-outgoing-34 << HTTP/1.1 200 OK
11:39:54.848 [Forwarding findElements on session d94198a6aa3008d5ffaf97f92db0cb0c to remote] DEBUG org.apache.http.headers - http-outgoing-34 << Content-Length:356
11:39:54.848 [Forwarding findElements on session d94198a6aa3008d5ffaf97f92db0cb0c to remote] DEBUG org.apache.http.headers - http-outgoing-34 << Content-Type:application/json; charset=utf-8
11:39:54.848 [Forwarding findElements on session d94198a6aa3008d5ffaf97f92db0cb0c to remote] DEBUG org.apache.http.headers - http-outgoing-34 << Connection:close
11:39:54.849 [Forwarding findElements on session d94198a6aa3008d5ffaf97f92db0cb0c to remote] DEBUG o.a.h.i.c.DefaultManagedHttpClientConnection - http-outgoing-34: Shutdown connection
11:39:54.849 [Forwarding findElements on session d94198a6aa3008d5ffaf97f92db0cb0c to remote] DEBUG o.a.h.impl.execchain.MainClientExec - Connection discarded
11:39:54.849 [Forwarding findElements on session d94198a6aa3008d5ffaf97f92db0cb0c to remote] DEBUG o.a.h.i.c.DefaultManagedHttpClientConnection - http-outgoing-34: Close connection
11:39:54.849 [Forwarding findElements on session d94198a6aa3008d5ffaf97f92db0cb0c to remote] DEBUG o.a.h.i.c.PoolingHttpClientConnectionManager - Connection released: [id: 34][route: {}->http://localhost:26477][total kept alive: 0; route allocated: 0 of 2000; total allocated: 0 of 2000]
11:39:54.849 [Forwarding getElementText on session d94198a6aa3008d5ffaf97f92db0cb0c to remote] DEBUG o.a.h.c.protocol.RequestAddCookies - CookieSpec selected: best-match
11:39:54.850 [Forwarding getElementText on session d94198a6aa3008d5ffaf97f92db0cb0c to remote] DEBUG o.a.h.c.protocol.RequestAuthCache - Auth cache not set in the context
11:39:54.850 [Forwarding getElementText on session d94198a6aa3008d5ffaf97f92db0cb0c to remote] DEBUG o.a.h.i.c.PoolingHttpClientConnectionManager - Connection request: [route: {}->http://localhost:26477][total kept alive: 0; route allocated: 0 of 2000; total allocated: 0 of 2000]
11:39:54.850 [Forwarding getElementText on session d94198a6aa3008d5ffaf97f92db0cb0c to remote] DEBUG o.a.h.i.c.PoolingHttpClientConnectionManager - Connection leased: [id: 35][route: {}->http://localhost:26477][total kept alive: 0; route allocated: 1 of 2000; total allocated: 1 of 2000]
11:39:54.850 [Forwarding getElementText on session d94198a6aa3008d5ffaf97f92db0cb0c to remote] DEBUG o.a.h.impl.execchain.MainClientExec - Opening connection {}->http://localhost:26477
11:39:54.850 [Forwarding getElementText on session d94198a6aa3008d5ffaf97f92db0cb0c to remote] DEBUG o.a.h.i.c.HttpClientConnectionOperator - Connecting to localhost/127.0.0.1:26477
11:39:54.850 [Forwarding getElementText on session d94198a6aa3008d5ffaf97f92db0cb0c to remote] DEBUG o.a.h.i.c.HttpClientConnectionOperator - Connection established 127.0.0.1:57301<->127.0.0.1:26477
11:39:54.850 [Forwarding getElementText on session d94198a6aa3008d5ffaf97f92db0cb0c to remote] DEBUG o.a.h.impl.execchain.MainClientExec - Executing request GET /session/d94198a6aa3008d5ffaf97f92db0cb0c/element/0.5152662619948387-9/text HTTP/1.1
11:39:54.850 [Forwarding getElementText on session d94198a6aa3008d5ffaf97f92db0cb0c to remote] DEBUG o.a.h.impl.execchain.MainClientExec - Target auth state: UNCHALLENGED
11:39:54.850 [Forwarding getElementText on session d94198a6aa3008d5ffaf97f92db0cb0c to remote] DEBUG o.a.h.impl.execchain.MainClientExec - Proxy auth state: UNCHALLENGED
11:39:54.850 [Forwarding getElementText on session d94198a6aa3008d5ffaf97f92db0cb0c to remote] DEBUG org.apache.http.headers - http-outgoing-35 >> GET /session/d94198a6aa3008d5ffaf97f92db0cb0c/element/0.5152662619948387-9/text HTTP/1.1
11:39:54.850 [Forwarding getElementText on session d94198a6aa3008d5ffaf97f92db0cb0c to remote] DEBUG org.apache.http.headers - http-outgoing-35 >> Cache-Control: no-cache
11:39:54.850 [Forwarding getElementText on session d94198a6aa3008d5ffaf97f92db0cb0c to remote] DEBUG org.apache.http.headers - http-outgoing-35 >> Host: localhost:26477
11:39:54.850 [Forwarding getElementText on session d94198a6aa3008d5ffaf97f92db0cb0c to remote] DEBUG org.apache.http.headers - http-outgoing-35 >> Connection: Keep-Alive
11:39:54.850 [Forwarding getElementText on session d94198a6aa3008d5ffaf97f92db0cb0c to remote] DEBUG org.apache.http.headers - http-outgoing-35 >> User-Agent: Apache-HttpClient/4.3.4 (java 1.5)
11:39:54.850 [Forwarding getElementText on session d94198a6aa3008d5ffaf97f92db0cb0c to remote] DEBUG org.apache.http.headers - http-outgoing-35 >> Accept-Encoding: gzip,deflate
11:39:54.850 [Forwarding getElementText on session d94198a6aa3008d5ffaf97f92db0cb0c to remote] DEBUG org.apache.http.wire - http-outgoing-35 >> "GET /session/d94198a6aa3008d5ffaf97f92db0cb0c/element/0.5152662619948387-9/text HTTP/1.1[\r][\n]"
11:39:54.850 [Forwarding getElementText on session d94198a6aa3008d5ffaf97f92db0cb0c to remote] DEBUG org.apache.http.wire - http-outgoing-35 >> "Cache-Control: no-cache[\r][\n]"
11:39:54.850 [Forwarding getElementText on session d94198a6aa3008d5ffaf97f92db0cb0c to remote] DEBUG org.apache.http.wire - http-outgoing-35 >> "Host: localhost:26477[\r][\n]"
11:39:54.850 [Forwarding getElementText on session d94198a6aa3008d5ffaf97f92db0cb0c to remote] DEBUG org.apache.http.wire - http-outgoing-35 >> "Connection: Keep-Alive[\r][\n]"
11:39:54.850 [Forwarding getElementText on session d94198a6aa3008d5ffaf97f92db0cb0c to remote] DEBUG org.apache.http.wire - http-outgoing-35 >> "User-Agent: Apache-HttpClient/4.3.4 (java 1.5)[\r][\n]"
11:39:54.850 [Forwarding getElementText on session d94198a6aa3008d5ffaf97f92db0cb0c to remote] DEBUG org.apache.http.wire - http-outgoing-35 >> "Accept-Encoding: gzip,deflate[\r][\n]"
11:39:54.850 [Forwarding getElementText on session d94198a6aa3008d5ffaf97f92db0cb0c to remote] DEBUG org.apache.http.wire - http-outgoing-35 >> "[\r][\n]"
11:39:54.862 [Forwarding getElementText on session d94198a6aa3008d5ffaf97f92db0cb0c to remote] DEBUG org.apache.http.wire - http-outgoing-35 << "HTTP/1.1 200 OK[\r][\n]"
11:39:54.863 [Forwarding getElementText on session d94198a6aa3008d5ffaf97f92db0cb0c to remote] DEBUG org.apache.http.wire - http-outgoing-35 << "Content-Length:79[\r][\n]"
11:39:54.863 [Forwarding getElementText on session d94198a6aa3008d5ffaf97f92db0cb0c to remote] DEBUG org.apache.http.wire - http-outgoing-35 << "Content-Type:application/json; charset=utf-8[\r][\n]"
11:39:54.863 [Forwarding getElementText on session d94198a6aa3008d5ffaf97f92db0cb0c to remote] DEBUG org.apache.http.wire - http-outgoing-35 << "Connection:close[\r][\n]"
11:39:54.863 [Forwarding getElementText on session d94198a6aa3008d5ffaf97f92db0cb0c to remote] DEBUG org.apache.http.wire - http-outgoing-35 << "[\r][\n]"
11:39:54.863 [Forwarding getElementText on session d94198a6aa3008d5ffaf97f92db0cb0c to remote] DEBUG org.apache.http.wire - http-outgoing-35 << "{"sessionId":"d94198a6aa3008d5ffaf97f92db0cb0c","status":0,"value":"Campaigns"}"
11:39:54.863 [Forwarding getElementText on session d94198a6aa3008d5ffaf97f92db0cb0c to remote] DEBUG org.apache.http.headers - http-outgoing-35 << HTTP/1.1 200 OK
11:39:54.863 [Forwarding getElementText on session d94198a6aa3008d5ffaf97f92db0cb0c to remote] DEBUG org.apache.http.headers - http-outgoing-35 << Content-Length:79
11:39:54.863 [Forwarding getElementText on session d94198a6aa3008d5ffaf97f92db0cb0c to remote] DEBUG org.apache.http.headers - http-outgoing-35 << Content-Type:application/json; charset=utf-8
11:39:54.863 [Forwarding getElementText on session d94198a6aa3008d5ffaf97f92db0cb0c to remote] DEBUG org.apache.http.headers - http-outgoing-35 << Connection:close
11:39:54.863 [Forwarding getElementText on session d94198a6aa3008d5ffaf97f92db0cb0c to remote] DEBUG o.a.h.i.c.DefaultManagedHttpClientConnection - http-outgoing-35: Shutdown connection
11:39:54.863 [Forwarding getElementText on session d94198a6aa3008d5ffaf97f92db0cb0c to remote] DEBUG o.a.h.impl.execchain.MainClientExec - Connection discarded
11:39:54.863 [Forwarding getElementText on session d94198a6aa3008d5ffaf97f92db0cb0c to remote] DEBUG o.a.h.i.c.DefaultManagedHttpClientConnection - http-outgoing-35: Close connection
11:39:54.863 [Forwarding getElementText on session d94198a6aa3008d5ffaf97f92db0cb0c to remote] DEBUG o.a.h.i.c.PoolingHttpClientConnectionManager - Connection released: [id: 35][route: {}->http://localhost:26477][total kept alive: 0; route allocated: 0 of 2000; total allocated: 0 of 2000]
11:39:54.864 [Forwarding getElementText on session d94198a6aa3008d5ffaf97f92db0cb0c to remote] DEBUG o.a.h.c.protocol.RequestAddCookies - CookieSpec selected: best-match
11:39:54.864 [Forwarding getElementText on session d94198a6aa3008d5ffaf97f92db0cb0c to remote] DEBUG o.a.h.c.protocol.RequestAuthCache - Auth cache not set in the context
11:39:54.864 [Forwarding getElementText on session d94198a6aa3008d5ffaf97f92db0cb0c to remote] DEBUG o.a.h.i.c.PoolingHttpClientConnectionManager - Connection request: [route: {}->http://localhost:26477][total kept alive: 0; route allocated: 0 of 2000; total allocated: 0 of 2000]
11:39:54.864 [Forwarding getElementText on session d94198a6aa3008d5ffaf97f92db0cb0c to remote] DEBUG o.a.h.i.c.PoolingHttpClientConnectionManager - Connection leased: [id: 36][route: {}->http://localhost:26477][total kept alive: 0; route allocated: 1 of 2000; total allocated: 1 of 2000]
11:39:54.864 [Forwarding getElementText on session d94198a6aa3008d5ffaf97f92db0cb0c to remote] DEBUG o.a.h.impl.execchain.MainClientExec - Opening connection {}->http://localhost:26477
11:39:54.864 [Forwarding getElementText on session d94198a6aa3008d5ffaf97f92db0cb0c to remote] DEBUG o.a.h.i.c.HttpClientConnectionOperator - Connecting to localhost/127.0.0.1:26477
11:39:54.864 [Forwarding getElementText on session d94198a6aa3008d5ffaf97f92db0cb0c to remote] DEBUG o.a.h.i.c.HttpClientConnectionOperator - Connection established 127.0.0.1:57302<->127.0.0.1:26477
11:39:54.864 [Forwarding getElementText on session d94198a6aa3008d5ffaf97f92db0cb0c to remote] DEBUG o.a.h.impl.execchain.MainClientExec - Executing request GET /session/d94198a6aa3008d5ffaf97f92db0cb0c/element/0.5152662619948387-10/text HTTP/1.1
11:39:54.864 [Forwarding getElementText on session d94198a6aa3008d5ffaf97f92db0cb0c to remote] DEBUG o.a.h.impl.execchain.MainClientExec - Target auth state: UNCHALLENGED
11:39:54.864 [Forwarding getElementText on session d94198a6aa3008d5ffaf97f92db0cb0c to remote] DEBUG o.a.h.impl.execchain.MainClientExec - Proxy auth state: UNCHALLENGED
11:39:54.864 [Forwarding getElementText on session d94198a6aa3008d5ffaf97f92db0cb0c to remote] DEBUG org.apache.http.headers - http-outgoing-36 >> GET /session/d94198a6aa3008d5ffaf97f92db0cb0c/element/0.5152662619948387-10/text HTTP/1.1
11:39:54.864 [Forwarding getElementText on session d94198a6aa3008d5ffaf97f92db0cb0c to remote] DEBUG org.apache.http.headers - http-outgoing-36 >> Cache-Control: no-cache
11:39:54.864 [Forwarding getElementText on session d94198a6aa3008d5ffaf97f92db0cb0c to remote] DEBUG org.apache.http.headers - http-outgoing-36 >> Host: localhost:26477
11:39:54.864 [Forwarding getElementText on session d94198a6aa3008d5ffaf97f92db0cb0c to remote] DEBUG org.apache.http.headers - http-outgoing-36 >> Connection: Keep-Alive
11:39:54.864 [Forwarding getElementText on session d94198a6aa3008d5ffaf97f92db0cb0c to remote] DEBUG org.apache.http.headers - http-outgoing-36 >> User-Agent: Apache-HttpClient/4.3.4 (java 1.5)
11:39:54.864 [Forwarding getElementText on session d94198a6aa3008d5ffaf97f92db0cb0c to remote] DEBUG org.apache.http.headers - http-outgoing-36 >> Accept-Encoding: gzip,deflate
11:39:54.864 [Forwarding getElementText on session d94198a6aa3008d5ffaf97f92db0cb0c to remote] DEBUG org.apache.http.wire - http-outgoing-36 >> "GET /session/d94198a6aa3008d5ffaf97f92db0cb0c/element/0.5152662619948387-10/text HTTP/1.1[\r][\n]"
11:39:54.864 [Forwarding getElementText on session d94198a6aa3008d5ffaf97f92db0cb0c to remote] DEBUG org.apache.http.wire - http-outgoing-36 >> "Cache-Control: no-cache[\r][\n]"
11:39:54.864 [Forwarding getElementText on session d94198a6aa3008d5ffaf97f92db0cb0c to remote] DEBUG org.apache.http.wire - http-outgoing-36 >> "Host: localhost:26477[\r][\n]"
11:39:54.864 [Forwarding getElementText on session d94198a6aa3008d5ffaf97f92db0cb0c to remote] DEBUG org.apache.http.wire - http-outgoing-36 >> "Connection: Keep-Alive[\r][\n]"
11:39:54.947 [Forwarding getElementText on session d94198a6aa3008d5ffaf97f92db0cb0c to remote] DEBUG org.apache.http.wire - http-outgoing-36 >> "User-Agent: Apache-HttpClient/4.3.4 (java 1.5)[\r][\n]"
11:39:54.947 [Forwarding getElementText on session d94198a6aa3008d5ffaf97f92db0cb0c to remote] DEBUG org.apache.http.wire - http-outgoing-36 >> "Accept-Encoding: gzip,deflate[\r][\n]"
11:39:54.947 [Forwarding getElementText on session d94198a6aa3008d5ffaf97f92db0cb0c to remote] DEBUG org.apache.http.wire - http-outgoing-36 >> "[\r][\n]"
11:39:54.958 [Forwarding getElementText on session d94198a6aa3008d5ffaf97f92db0cb0c to remote] DEBUG org.apache.http.wire - http-outgoing-36 << "HTTP/1.1 200 OK[\r][\n]"
11:39:54.958 [Forwarding getElementText on session d94198a6aa3008d5ffaf97f92db0cb0c to remote] DEBUG org.apache.http.wire - http-outgoing-36 << "Content-Length:70[\r][\n]"
11:39:54.958 [Forwarding getElementText on session d94198a6aa3008d5ffaf97f92db0cb0c to remote] DEBUG org.apache.http.wire - http-outgoing-36 << "Content-Type:application/json; charset=utf-8[\r][\n]"
11:39:54.958 [Forwarding getElementText on session d94198a6aa3008d5ffaf97f92db0cb0c to remote] DEBUG org.apache.http.wire - http-outgoing-36 << "Connection:close[\r][\n]"
11:39:54.958 [Forwarding getElementText on session d94198a6aa3008d5ffaf97f92db0cb0c to remote] DEBUG org.apache.http.wire - http-outgoing-36 << "[\r][\n]"
11:39:54.958 [Forwarding getElementText on session d94198a6aa3008d5ffaf97f92db0cb0c to remote] DEBUG org.apache.http.wire - http-outgoing-36 << "{"sessionId":"d94198a6aa3008d5ffaf97f92db0cb0c","status":0,"value":""}"
11:39:54.959 [Forwarding getElementText on session d94198a6aa3008d5ffaf97f92db0cb0c to remote] DEBUG org.apache.http.headers - http-outgoing-36 << HTTP/1.1 200 OK
11:39:54.959 [Forwarding getElementText on session d94198a6aa3008d5ffaf97f92db0cb0c to remote] DEBUG org.apache.http.headers - http-outgoing-36 << Content-Length:70
11:39:54.959 [Forwarding getElementText on session d94198a6aa3008d5ffaf97f92db0cb0c to remote] DEBUG org.apache.http.headers - http-outgoing-36 << Content-Type:application/json; charset=utf-8
11:39:54.959 [Forwarding getElementText on session d94198a6aa3008d5ffaf97f92db0cb0c to remote] DEBUG org.apache.http.headers - http-outgoing-36 << Connection:close
11:39:54.959 [Forwarding getElementText on session d94198a6aa3008d5ffaf97f92db0cb0c to remote] DEBUG o.a.h.i.c.DefaultManagedHttpClientConnection - http-outgoing-36: Shutdown connection
11:39:54.959 [Forwarding getElementText on session d94198a6aa3008d5ffaf97f92db0cb0c to remote] DEBUG o.a.h.impl.execchain.MainClientExec - Connection discarded
11:39:54.959 [Forwarding getElementText on session d94198a6aa3008d5ffaf97f92db0cb0c to remote] DEBUG o.a.h.i.c.DefaultManagedHttpClientConnection - http-outgoing-36: Close connection
11:39:54.959 [Forwarding getElementText on session d94198a6aa3008d5ffaf97f92db0cb0c to remote] DEBUG o.a.h.i.c.PoolingHttpClientConnectionManager - Connection released: [id: 36][route: {}->http://localhost:26477][total kept alive: 0; route allocated: 0 of 2000; total allocated: 0 of 2000]
11:39:54.960 [Forwarding getElementText on session d94198a6aa3008d5ffaf97f92db0cb0c to remote] DEBUG o.a.h.c.protocol.RequestAddCookies - CookieSpec selected: best-match
11:39:54.960 [Forwarding getElementText on session d94198a6aa3008d5ffaf97f92db0cb0c to remote] DEBUG o.a.h.c.protocol.RequestAuthCache - Auth cache not set in the context
11:39:54.960 [Forwarding getElementText on session d94198a6aa3008d5ffaf97f92db0cb0c to remote] DEBUG o.a.h.i.c.PoolingHttpClientConnectionManager - Connection request: [route: {}->http://localhost:26477][total kept alive: 0; route allocated: 0 of 2000; total allocated: 0 of 2000]
11:39:54.960 [Forwarding getElementText on session d94198a6aa3008d5ffaf97f92db0cb0c to remote] DEBUG o.a.h.i.c.PoolingHttpClientConnectionManager - Connection leased: [id: 37][route: {}->http://localhost:26477][total kept alive: 0; route allocated: 1 of 2000; total allocated: 1 of 2000]
11:39:54.960 [Forwarding getElementText on session d94198a6aa3008d5ffaf97f92db0cb0c to remote] DEBUG o.a.h.impl.execchain.MainClientExec - Opening connection {}->http://localhost:26477
11:39:54.960 [Forwarding getElementText on session d94198a6aa3008d5ffaf97f92db0cb0c to remote] DEBUG o.a.h.i.c.HttpClientConnectionOperator - Connecting to localhost/127.0.0.1:26477
11:39:54.960 [Forwarding getElementText on session d94198a6aa3008d5ffaf97f92db0cb0c to remote] DEBUG o.a.h.i.c.HttpClientConnectionOperator - Connection established 127.0.0.1:57303<->127.0.0.1:26477
11:39:54.960 [Forwarding getElementText on session d94198a6aa3008d5ffaf97f92db0cb0c to remote] DEBUG o.a.h.impl.execchain.MainClientExec - Executing request GET /session/d94198a6aa3008d5ffaf97f92db0cb0c/element/0.5152662619948387-11/text HTTP/1.1
11:39:54.960 [Forwarding getElementText on session d94198a6aa3008d5ffaf97f92db0cb0c to remote] DEBUG o.a.h.impl.execchain.MainClientExec - Target auth state: UNCHALLENGED
11:39:54.960 [Forwarding getElementText on session d94198a6aa3008d5ffaf97f92db0cb0c to remote] DEBUG o.a.h.impl.execchain.MainClientExec - Proxy auth state: UNCHALLENGED
11:39:54.960 [Forwarding getElementText on session d94198a6aa3008d5ffaf97f92db0cb0c to remote] DEBUG org.apache.http.headers - http-outgoing-37 >> GET /session/d94198a6aa3008d5ffaf97f92db0cb0c/element/0.5152662619948387-11/text HTTP/1.1
11:39:54.960 [Forwarding getElementText on session d94198a6aa3008d5ffaf97f92db0cb0c to remote] DEBUG org.apache.http.headers - http-outgoing-37 >> Cache-Control: no-cache
11:39:54.960 [Forwarding getElementText on session d94198a6aa3008d5ffaf97f92db0cb0c to remote] DEBUG org.apache.http.headers - http-outgoing-37 >> Host: localhost:26477
11:39:54.960 [Forwarding getElementText on session d94198a6aa3008d5ffaf97f92db0cb0c to remote] DEBUG org.apache.http.headers - http-outgoing-37 >> Connection: Keep-Alive
11:39:54.960 [Forwarding getElementText on session d94198a6aa3008d5ffaf97f92db0cb0c to remote] DEBUG org.apache.http.headers - http-outgoing-37 >> User-Agent: Apache-HttpClient/4.3.4 (java 1.5)
11:39:54.960 [Forwarding getElementText on session d94198a6aa3008d5ffaf97f92db0cb0c to remote] DEBUG org.apache.http.headers - http-outgoing-37 >> Accept-Encoding: gzip,deflate
11:39:54.960 [Forwarding getElementText on session d94198a6aa3008d5ffaf97f92db0cb0c to remote] DEBUG org.apache.http.wire - http-outgoing-37 >> "GET /session/d94198a6aa3008d5ffaf97f92db0cb0c/element/0.5152662619948387-11/text HTTP/1.1[\r][\n]"
11:39:54.960 [Forwarding getElementText on session d94198a6aa3008d5ffaf97f92db0cb0c to remote] DEBUG org.apache.http.wire - http-outgoing-37 >> "Cache-Control: no-cache[\r][\n]"
11:39:54.960 [Forwarding getElementText on session d94198a6aa3008d5ffaf97f92db0cb0c to remote] DEBUG org.apache.http.wire - http-outgoing-37 >> "Host: localhost:26477[\r][\n]"
11:39:54.960 [Forwarding getElementText on session d94198a6aa3008d5ffaf97f92db0cb0c to remote] DEBUG org.apache.http.wire - http-outgoing-37 >> "Connection: Keep-Alive[\r][\n]"
11:39:54.960 [Forwarding getElementText on session d94198a6aa3008d5ffaf97f92db0cb0c to remote] DEBUG org.apache.http.wire - http-outgoing-37 >> "User-Agent: Apache-HttpClient/4.3.4 (java 1.5)[\r][\n]"
11:39:54.960 [Forwarding getElementText on session d94198a6aa3008d5ffaf97f92db0cb0c to remote] DEBUG org.apache.http.wire - http-outgoing-37 >> "Accept-Encoding: gzip,deflate[\r][\n]"
11:39:54.960 [Forwarding getElementText on session d94198a6aa3008d5ffaf97f92db0cb0c to remote] DEBUG org.apache.http.wire - http-outgoing-37 >> "[\r][\n]"
11:39:54.982 [Forwarding getElementText on session d94198a6aa3008d5ffaf97f92db0cb0c to remote] DEBUG org.apache.http.wire - http-outgoing-37 << "HTTP/1.1 200 OK[\r][\n]"
11:39:54.982 [Forwarding getElementText on session d94198a6aa3008d5ffaf97f92db0cb0c to remote] DEBUG org.apache.http.wire - http-outgoing-37 << "Content-Length:85[\r][\n]"
11:39:54.982 [Forwarding getElementText on session d94198a6aa3008d5ffaf97f92db0cb0c to remote] DEBUG org.apache.http.wire - http-outgoing-37 << "Content-Type:application/json; charset=utf-8[\r][\n]"
11:39:54.982 [Forwarding getElementText on session d94198a6aa3008d5ffaf97f92db0cb0c to remote] DEBUG org.apache.http.wire - http-outgoing-37 << "Connection:close[\r][\n]"
11:39:54.982 [Forwarding getElementText on session d94198a6aa3008d5ffaf97f92db0cb0c to remote] DEBUG org.apache.http.wire - http-outgoing-37 << "[\r][\n]"
11:39:54.982 [Forwarding getElementText on session d94198a6aa3008d5ffaf97f92db0cb0c to remote] DEBUG org.apache.http.wire - http-outgoing-37 << "{"sessionId":"d94198a6aa3008d5ffaf97f92db0cb0c","status":0,"value":"Search Vouchers"}"
11:39:54.983 [Forwarding getElementText on session d94198a6aa3008d5ffaf97f92db0cb0c to remote] DEBUG org.apache.http.headers - http-outgoing-37 << HTTP/1.1 200 OK
11:39:54.983 [Forwarding getElementText on session d94198a6aa3008d5ffaf97f92db0cb0c to remote] DEBUG org.apache.http.headers - http-outgoing-37 << Content-Length:85
11:39:54.983 [Forwarding getElementText on session d94198a6aa3008d5ffaf97f92db0cb0c to remote] DEBUG org.apache.http.headers - http-outgoing-37 << Content-Type:application/json; charset=utf-8
11:39:54.983 [Forwarding getElementText on session d94198a6aa3008d5ffaf97f92db0cb0c to remote] DEBUG org.apache.http.headers - http-outgoing-37 << Connection:close
11:39:54.983 [Forwarding getElementText on session d94198a6aa3008d5ffaf97f92db0cb0c to remote] DEBUG o.a.h.i.c.DefaultManagedHttpClientConnection - http-outgoing-37: Shutdown connection
11:39:54.983 [Forwarding getElementText on session d94198a6aa3008d5ffaf97f92db0cb0c to remote] DEBUG o.a.h.impl.execchain.MainClientExec - Connection discarded
11:39:54.983 [Forwarding getElementText on session d94198a6aa3008d5ffaf97f92db0cb0c to remote] DEBUG o.a.h.i.c.DefaultManagedHttpClientConnection - http-outgoing-37: Close connection
11:39:54.983 [Forwarding getElementText on session d94198a6aa3008d5ffaf97f92db0cb0c to remote] DEBUG o.a.h.i.c.PoolingHttpClientConnectionManager - Connection released: [id: 37][route: {}->http://localhost:26477][total kept alive: 0; route allocated: 0 of 2000; total allocated: 0 of 2000]
11:39:54.984 [Forwarding getElementText on session d94198a6aa3008d5ffaf97f92db0cb0c to remote] DEBUG o.a.h.c.protocol.RequestAddCookies - CookieSpec selected: best-match
11:39:54.984 [Forwarding getElementText on session d94198a6aa3008d5ffaf97f92db0cb0c to remote] DEBUG o.a.h.c.protocol.RequestAuthCache - Auth cache not set in the context
11:39:54.984 [Forwarding getElementText on session d94198a6aa3008d5ffaf97f92db0cb0c to remote] DEBUG o.a.h.i.c.PoolingHttpClientConnectionManager - Connection request: [route: {}->http://localhost:26477][total kept alive: 0; route allocated: 0 of 2000; total allocated: 0 of 2000]
11:39:54.984 [Forwarding getElementText on session d94198a6aa3008d5ffaf97f92db0cb0c to remote] DEBUG o.a.h.i.c.PoolingHttpClientConnectionManager - Connection leased: [id: 38][route: {}->http://localhost:26477][total kept alive: 0; route allocated: 1 of 2000; total allocated: 1 of 2000]
11:39:54.984 [Forwarding getElementText on session d94198a6aa3008d5ffaf97f92db0cb0c to remote] DEBUG o.a.h.impl.execchain.MainClientExec - Opening connection {}->http://localhost:26477
11:39:54.984 [Forwarding getElementText on session d94198a6aa3008d5ffaf97f92db0cb0c to remote] DEBUG o.a.h.i.c.HttpClientConnectionOperator - Connecting to localhost/127.0.0.1:26477
11:39:54.984 [Forwarding getElementText on session d94198a6aa3008d5ffaf97f92db0cb0c to remote] DEBUG o.a.h.i.c.HttpClientConnectionOperator - Connection established 127.0.0.1:57304<->127.0.0.1:26477
11:39:54.984 [Forwarding getElementText on session d94198a6aa3008d5ffaf97f92db0cb0c to remote] DEBUG o.a.h.impl.execchain.MainClientExec - Executing request GET /session/d94198a6aa3008d5ffaf97f92db0cb0c/element/0.5152662619948387-12/text HTTP/1.1
11:39:54.984 [Forwarding getElementText on session d94198a6aa3008d5ffaf97f92db0cb0c to remote] DEBUG o.a.h.impl.execchain.MainClientExec - Target auth state: UNCHALLENGED
11:39:54.984 [Forwarding getElementText on session d94198a6aa3008d5ffaf97f92db0cb0c to remote] DEBUG o.a.h.impl.execchain.MainClientExec - Proxy auth state: UNCHALLENGED
11:39:54.984 [Forwarding getElementText on session d94198a6aa3008d5ffaf97f92db0cb0c to remote] DEBUG org.apache.http.headers - http-outgoing-38 >> GET /session/d94198a6aa3008d5ffaf97f92db0cb0c/element/0.5152662619948387-12/text HTTP/1.1
11:39:54.984 [Forwarding getElementText on session d94198a6aa3008d5ffaf97f92db0cb0c to remote] DEBUG org.apache.http.headers - http-outgoing-38 >> Cache-Control: no-cache
11:39:54.984 [Forwarding getElementText on session d94198a6aa3008d5ffaf97f92db0cb0c to remote] DEBUG org.apache.http.headers - http-outgoing-38 >> Host: localhost:26477
11:39:54.984 [Forwarding getElementText on session d94198a6aa3008d5ffaf97f92db0cb0c to remote] DEBUG org.apache.http.headers - http-outgoing-38 >> Connection: Keep-Alive
11:39:54.984 [Forwarding getElementText on session d94198a6aa3008d5ffaf97f92db0cb0c to remote] DEBUG org.apache.http.headers - http-outgoing-38 >> User-Agent: Apache-HttpClient/4.3.4 (java 1.5)
11:39:54.984 [Forwarding getElementText on session d94198a6aa3008d5ffaf97f92db0cb0c to remote] DEBUG org.apache.http.headers - http-outgoing-38 >> Accept-Encoding: gzip,deflate
11:39:54.984 [Forwarding getElementText on session d94198a6aa3008d5ffaf97f92db0cb0c to remote] DEBUG org.apache.http.wire - http-outgoing-38 >> "GET /session/d94198a6aa3008d5ffaf97f92db0cb0c/element/0.5152662619948387-12/text HTTP/1.1[\r][\n]"
11:39:54.984 [Forwarding getElementText on session d94198a6aa3008d5ffaf97f92db0cb0c to remote] DEBUG org.apache.http.wire - http-outgoing-38 >> "Cache-Control: no-cache[\r][\n]"
11:39:54.984 [Forwarding getElementText on session d94198a6aa3008d5ffaf97f92db0cb0c to remote] DEBUG org.apache.http.wire - http-outgoing-38 >> "Host: localhost:26477[\r][\n]"
11:39:54.984 [Forwarding getElementText on session d94198a6aa3008d5ffaf97f92db0cb0c to remote] DEBUG org.apache.http.wire - http-outgoing-38 >> "Connection: Keep-Alive[\r][\n]"
11:39:54.984 [Forwarding getElementText on session d94198a6aa3008d5ffaf97f92db0cb0c to remote] DEBUG org.apache.http.wire - http-outgoing-38 >> "User-Agent: Apache-HttpClient/4.3.4 (java 1.5)[\r][\n]"
11:39:54.984 [Forwarding getElementText on session d94198a6aa3008d5ffaf97f92db0cb0c to remote] DEBUG org.apache.http.wire - http-outgoing-38 >> "Accept-Encoding: gzip,deflate[\r][\n]"
11:39:54.984 [Forwarding getElementText on session d94198a6aa3008d5ffaf97f92db0cb0c to remote] DEBUG org.apache.http.wire - http-outgoing-38 >> "[\r][\n]"
11:39:55.001 [Forwarding getElementText on session d94198a6aa3008d5ffaf97f92db0cb0c to remote] DEBUG org.apache.http.wire - http-outgoing-38 << "HTTP/1.1 200 OK[\r][\n]"
11:39:55.002 [Forwarding getElementText on session d94198a6aa3008d5ffaf97f92db0cb0c to remote] DEBUG org.apache.http.wire - http-outgoing-38 << "Content-Length:84[\r][\n]"
11:39:55.002 [Forwarding getElementText on session d94198a6aa3008d5ffaf97f92db0cb0c to remote] DEBUG org.apache.http.wire - http-outgoing-38 << "Content-Type:application/json; charset=utf-8[\r][\n]"
11:39:55.002 [Forwarding getElementText on session d94198a6aa3008d5ffaf97f92db0cb0c to remote] DEBUG org.apache.http.wire - http-outgoing-38 << "Connection:close[\r][\n]"
11:39:55.002 [Forwarding getElementText on session d94198a6aa3008d5ffaf97f92db0cb0c to remote] DEBUG org.apache.http.wire - http-outgoing-38 << "[\r][\n]"
11:39:55.002 [Forwarding getElementText on session d94198a6aa3008d5ffaf97f92db0cb0c to remote] DEBUG org.apache.http.wire - http-outgoing-38 << "{"sessionId":"d94198a6aa3008d5ffaf97f92db0cb0c","status":0,"value":"Search Account"}"
11:39:55.002 [Forwarding getElementText on session d94198a6aa3008d5ffaf97f92db0cb0c to remote] DEBUG org.apache.http.headers - http-outgoing-38 << HTTP/1.1 200 OK
11:39:55.002 [Forwarding getElementText on session d94198a6aa3008d5ffaf97f92db0cb0c to remote] DEBUG org.apache.http.headers - http-outgoing-38 << Content-Length:84
11:39:55.002 [Forwarding getElementText on session d94198a6aa3008d5ffaf97f92db0cb0c to remote] DEBUG org.apache.http.headers - http-outgoing-38 << Content-Type:application/json; charset=utf-8
11:39:55.002 [Forwarding getElementText on session d94198a6aa3008d5ffaf97f92db0cb0c to remote] DEBUG org.apache.http.headers - http-outgoing-38 << Connection:close
11:39:55.002 [Forwarding getElementText on session d94198a6aa3008d5ffaf97f92db0cb0c to remote] DEBUG o.a.h.i.c.DefaultManagedHttpClientConnection - http-outgoing-38: Shutdown connection
11:39:55.002 [Forwarding getElementText on session d94198a6aa3008d5ffaf97f92db0cb0c to remote] DEBUG o.a.h.impl.execchain.MainClientExec - Connection discarded
11:39:55.002 [Forwarding getElementText on session d94198a6aa3008d5ffaf97f92db0cb0c to remote] DEBUG o.a.h.i.c.DefaultManagedHttpClientConnection - http-outgoing-38: Close connection
11:39:55.002 [Forwarding getElementText on session d94198a6aa3008d5ffaf97f92db0cb0c to remote] DEBUG o.a.h.i.c.PoolingHttpClientConnectionManager - Connection released: [id: 38][route: {}->http://localhost:26477][total kept alive: 0; route allocated: 0 of 2000; total allocated: 0 of 2000]
11:39:55.003 [Forwarding getElementText on session d94198a6aa3008d5ffaf97f92db0cb0c to remote] DEBUG o.a.h.c.protocol.RequestAddCookies - CookieSpec selected: best-match
11:39:55.003 [Forwarding getElementText on session d94198a6aa3008d5ffaf97f92db0cb0c to remote] DEBUG o.a.h.c.protocol.RequestAuthCache - Auth cache not set in the context
11:39:55.003 [Forwarding getElementText on session d94198a6aa3008d5ffaf97f92db0cb0c to remote] DEBUG o.a.h.i.c.PoolingHttpClientConnectionManager - Connection request: [route: {}->http://localhost:26477][total kept alive: 0; route allocated: 0 of 2000; total allocated: 0 of 2000]
11:39:55.003 [Forwarding getElementText on session d94198a6aa3008d5ffaf97f92db0cb0c to remote] DEBUG o.a.h.i.c.PoolingHttpClientConnectionManager - Connection leased: [id: 39][route: {}->http://localhost:26477][total kept alive: 0; route allocated: 1 of 2000; total allocated: 1 of 2000]
11:39:55.003 [Forwarding getElementText on session d94198a6aa3008d5ffaf97f92db0cb0c to remote] DEBUG o.a.h.impl.execchain.MainClientExec - Opening connection {}->http://localhost:26477
11:39:55.003 [Forwarding getElementText on session d94198a6aa3008d5ffaf97f92db0cb0c to remote] DEBUG o.a.h.i.c.HttpClientConnectionOperator - Connecting to localhost/127.0.0.1:26477
11:39:55.003 [Forwarding getElementText on session d94198a6aa3008d5ffaf97f92db0cb0c to remote] DEBUG o.a.h.i.c.HttpClientConnectionOperator - Connection established 127.0.0.1:57305<->127.0.0.1:26477
11:39:55.003 [Forwarding getElementText on session d94198a6aa3008d5ffaf97f92db0cb0c to remote] DEBUG o.a.h.impl.execchain.MainClientExec - Executing request GET /session/d94198a6aa3008d5ffaf97f92db0cb0c/element/0.5152662619948387-13/text HTTP/1.1
11:39:55.003 [Forwarding getElementText on session d94198a6aa3008d5ffaf97f92db0cb0c to remote] DEBUG o.a.h.impl.execchain.MainClientExec - Target auth state: UNCHALLENGED
11:39:55.003 [Forwarding getElementText on session d94198a6aa3008d5ffaf97f92db0cb0c to remote] DEBUG o.a.h.impl.execchain.MainClientExec - Proxy auth state: UNCHALLENGED
11:39:55.003 [Forwarding getElementText on session d94198a6aa3008d5ffaf97f92db0cb0c to remote] DEBUG org.apache.http.headers - http-outgoing-39 >> GET /session/d94198a6aa3008d5ffaf97f92db0cb0c/element/0.5152662619948387-13/text HTTP/1.1
11:39:55.003 [Forwarding getElementText on session d94198a6aa3008d5ffaf97f92db0cb0c to remote] DEBUG org.apache.http.headers - http-outgoing-39 >> Cache-Control: no-cache
11:39:55.003 [Forwarding getElementText on session d94198a6aa3008d5ffaf97f92db0cb0c to remote] DEBUG org.apache.http.headers - http-outgoing-39 >> Host: localhost:26477
11:39:55.003 [Forwarding getElementText on session d94198a6aa3008d5ffaf97f92db0cb0c to remote] DEBUG org.apache.http.headers - http-outgoing-39 >> Connection: Keep-Alive
11:39:55.003 [Forwarding getElementText on session d94198a6aa3008d5ffaf97f92db0cb0c to remote] DEBUG org.apache.http.headers - http-outgoing-39 >> User-Agent: Apache-HttpClient/4.3.4 (java 1.5)
11:39:55.003 [Forwarding getElementText on session d94198a6aa3008d5ffaf97f92db0cb0c to remote] DEBUG org.apache.http.headers - http-outgoing-39 >> Accept-Encoding: gzip,deflate
11:39:55.003 [Forwarding getElementText on session d94198a6aa3008d5ffaf97f92db0cb0c to remote] DEBUG org.apache.http.wire - http-outgoing-39 >> "GET /session/d94198a6aa3008d5ffaf97f92db0cb0c/element/0.5152662619948387-13/text HTTP/1.1[\r][\n]"
11:39:55.003 [Forwarding getElementText on session d94198a6aa3008d5ffaf97f92db0cb0c to remote] DEBUG org.apache.http.wire - http-outgoing-39 >> "Cache-Control: no-cache[\r][\n]"
11:39:55.003 [Forwarding getElementText on session d94198a6aa3008d5ffaf97f92db0cb0c to remote] DEBUG org.apache.http.wire - http-outgoing-39 >> "Host: localhost:26477[\r][\n]"
11:39:55.003 [Forwarding getElementText on session d94198a6aa3008d5ffaf97f92db0cb0c to remote] DEBUG org.apache.http.wire - http-outgoing-39 >> "Connection: Keep-Alive[\r][\n]"
11:39:55.003 [Forwarding getElementText on session d94198a6aa3008d5ffaf97f92db0cb0c to remote] DEBUG org.apache.http.wire - http-outgoing-39 >> "User-Agent: Apache-HttpClient/4.3.4 (java 1.5)[\r][\n]"
11:39:55.003 [Forwarding getElementText on session d94198a6aa3008d5ffaf97f92db0cb0c to remote] DEBUG org.apache.http.wire - http-outgoing-39 >> "Accept-Encoding: gzip,deflate[\r][\n]"
11:39:55.003 [Forwarding getElementText on session d94198a6aa3008d5ffaf97f92db0cb0c to remote] DEBUG org.apache.http.wire - http-outgoing-39 >> "[\r][\n]"
11:39:55.016 [Forwarding getElementText on session d94198a6aa3008d5ffaf97f92db0cb0c to remote] DEBUG org.apache.http.wire - http-outgoing-39 << "HTTP/1.1 200 OK[\r][\n]"
11:39:55.016 [Forwarding getElementText on session d94198a6aa3008d5ffaf97f92db0cb0c to remote] DEBUG org.apache.http.wire - http-outgoing-39 << "Content-Length:85[\r][\n]"
11:39:55.016 [Forwarding getElementText on session d94198a6aa3008d5ffaf97f92db0cb0c to remote] DEBUG org.apache.http.wire - http-outgoing-39 << "Content-Type:application/json; charset=utf-8[\r][\n]"
11:39:55.016 [Forwarding getElementText on session d94198a6aa3008d5ffaf97f92db0cb0c to remote] DEBUG org.apache.http.wire - http-outgoing-39 << "Connection:close[\r][\n]"
11:39:55.016 [Forwarding getElementText on session d94198a6aa3008d5ffaf97f92db0cb0c to remote] DEBUG org.apache.http.wire - http-outgoing-39 << "[\r][\n]"
11:39:55.016 [Forwarding getElementText on session d94198a6aa3008d5ffaf97f92db0cb0c to remote] DEBUG org.apache.http.wire - http-outgoing-39 << "{"sessionId":"d94198a6aa3008d5ffaf97f92db0cb0c","status":0,"value":"Voucher Manager"}"
11:39:55.016 [Forwarding getElementText on session d94198a6aa3008d5ffaf97f92db0cb0c to remote] DEBUG org.apache.http.headers - http-outgoing-39 << HTTP/1.1 200 OK
11:39:55.016 [Forwarding getElementText on session d94198a6aa3008d5ffaf97f92db0cb0c to remote] DEBUG org.apache.http.headers - http-outgoing-39 << Content-Length:85
11:39:55.016 [Forwarding getElementText on session d94198a6aa3008d5ffaf97f92db0cb0c to remote] DEBUG org.apache.http.headers - http-outgoing-39 << Content-Type:application/json; charset=utf-8
11:39:55.016 [Forwarding getElementText on session d94198a6aa3008d5ffaf97f92db0cb0c to remote] DEBUG org.apache.http.headers - http-outgoing-39 << Connection:close
11:39:55.016 [Forwarding getElementText on session d94198a6aa3008d5ffaf97f92db0cb0c to remote] DEBUG o.a.h.i.c.DefaultManagedHttpClientConnection - http-outgoing-39: Shutdown connection
11:39:55.016 [Forwarding getElementText on session d94198a6aa3008d5ffaf97f92db0cb0c to remote] DEBUG o.a.h.impl.execchain.MainClientExec - Connection discarded
11:39:55.016 [Forwarding getElementText on session d94198a6aa3008d5ffaf97f92db0cb0c to remote] DEBUG o.a.h.i.c.DefaultManagedHttpClientConnection - http-outgoing-39: Close connection
11:39:55.016 [Forwarding getElementText on session d94198a6aa3008d5ffaf97f92db0cb0c to remote] DEBUG o.a.h.i.c.PoolingHttpClientConnectionManager - Connection released: [id: 39][route: {}->http://localhost:26477][total kept alive: 0; route allocated: 0 of 2000; total allocated: 0 of 2000]
11:39:55.017 [Forwarding getElementText on session d94198a6aa3008d5ffaf97f92db0cb0c to remote] DEBUG o.a.h.c.protocol.RequestAddCookies - CookieSpec selected: best-match
11:39:55.017 [Forwarding getElementText on session d94198a6aa3008d5ffaf97f92db0cb0c to remote] DEBUG o.a.h.c.protocol.RequestAuthCache - Auth cache not set in the context
11:39:55.017 [Forwarding getElementText on session d94198a6aa3008d5ffaf97f92db0cb0c to remote] DEBUG o.a.h.i.c.PoolingHttpClientConnectionManager - Connection request: [route: {}->http://localhost:26477][total kept alive: 0; route allocated: 0 of 2000; total allocated: 0 of 2000]
11:39:55.017 [Forwarding getElementText on session d94198a6aa3008d5ffaf97f92db0cb0c to remote] DEBUG o.a.h.i.c.PoolingHttpClientConnectionManager - Connection leased: [id: 40][route: {}->http://localhost:26477][total kept alive: 0; route allocated: 1 of 2000; total allocated: 1 of 2000]
11:39:55.017 [Forwarding getElementText on session d94198a6aa3008d5ffaf97f92db0cb0c to remote] DEBUG o.a.h.impl.execchain.MainClientExec - Opening connection {}->http://localhost:26477
11:39:55.017 [Forwarding getElementText on session d94198a6aa3008d5ffaf97f92db0cb0c to remote] DEBUG o.a.h.i.c.HttpClientConnectionOperator - Connecting to localhost/127.0.0.1:26477
11:39:55.017 [Forwarding getElementText on session d94198a6aa3008d5ffaf97f92db0cb0c to remote] DEBUG o.a.h.i.c.HttpClientConnectionOperator - Connection established 127.0.0.1:57306<->127.0.0.1:26477
11:39:55.017 [Forwarding getElementText on session d94198a6aa3008d5ffaf97f92db0cb0c to remote] DEBUG o.a.h.impl.execchain.MainClientExec - Executing request GET /session/d94198a6aa3008d5ffaf97f92db0cb0c/element/0.5152662619948387-14/text HTTP/1.1
11:39:55.017 [Forwarding getElementText on session d94198a6aa3008d5ffaf97f92db0cb0c to remote] DEBUG o.a.h.impl.execchain.MainClientExec - Target auth state: UNCHALLENGED
11:39:55.017 [Forwarding getElementText on session d94198a6aa3008d5ffaf97f92db0cb0c to remote] DEBUG o.a.h.impl.execchain.MainClientExec - Proxy auth state: UNCHALLENGED
11:39:55.017 [Forwarding getElementText on session d94198a6aa3008d5ffaf97f92db0cb0c to remote] DEBUG org.apache.http.headers - http-outgoing-40 >> GET /session/d94198a6aa3008d5ffaf97f92db0cb0c/element/0.5152662619948387-14/text HTTP/1.1
11:39:55.017 [Forwarding getElementText on session d94198a6aa3008d5ffaf97f92db0cb0c to remote] DEBUG org.apache.http.headers - http-outgoing-40 >> Cache-Control: no-cache
11:39:55.017 [Forwarding getElementText on session d94198a6aa3008d5ffaf97f92db0cb0c to remote] DEBUG org.apache.http.headers - http-outgoing-40 >> Host: localhost:26477
11:39:55.017 [Forwarding getElementText on session d94198a6aa3008d5ffaf97f92db0cb0c to remote] DEBUG org.apache.http.headers - http-outgoing-40 >> Connection: Keep-Alive
11:39:55.017 [Forwarding getElementText on session d94198a6aa3008d5ffaf97f92db0cb0c to remote] DEBUG org.apache.http.headers - http-outgoing-40 >> User-Agent: Apache-HttpClient/4.3.4 (java 1.5)
11:39:55.017 [Forwarding getElementText on session d94198a6aa3008d5ffaf97f92db0cb0c to remote] DEBUG org.apache.http.headers - http-outgoing-40 >> Accept-Encoding: gzip,deflate
11:39:55.017 [Forwarding getElementText on session d94198a6aa3008d5ffaf97f92db0cb0c to remote] DEBUG org.apache.http.wire - http-outgoing-40 >> "GET /session/d94198a6aa3008d5ffaf97f92db0cb0c/element/0.5152662619948387-14/text HTTP/1.1[\r][\n]"
11:39:55.017 [Forwarding getElementText on session d94198a6aa3008d5ffaf97f92db0cb0c to remote] DEBUG org.apache.http.wire - http-outgoing-40 >> "Cache-Control: no-cache[\r][\n]"
11:39:55.017 [Forwarding getElementText on session d94198a6aa3008d5ffaf97f92db0cb0c to remote] DEBUG org.apache.http.wire - http-outgoing-40 >> "Host: localhost:26477[\r][\n]"
11:39:55.017 [Forwarding getElementText on session d94198a6aa3008d5ffaf97f92db0cb0c to remote] DEBUG org.apache.http.wire - http-outgoing-40 >> "Connection: Keep-Alive[\r][\n]"
11:39:55.017 [Forwarding getElementText on session d94198a6aa3008d5ffaf97f92db0cb0c to remote] DEBUG org.apache.http.wire - http-outgoing-40 >> "User-Agent: Apache-HttpClient/4.3.4 (java 1.5)[\r][\n]"
11:39:55.017 [Forwarding getElementText on session d94198a6aa3008d5ffaf97f92db0cb0c to remote] DEBUG org.apache.http.wire - http-outgoing-40 >> "Accept-Encoding: gzip,deflate[\r][\n]"
11:39:55.017 [Forwarding getElementText on session d94198a6aa3008d5ffaf97f92db0cb0c to remote] DEBUG org.apache.http.wire - http-outgoing-40 >> "[\r][\n]"
11:39:55.029 [Forwarding getElementText on session d94198a6aa3008d5ffaf97f92db0cb0c to remote] DEBUG org.apache.http.wire - http-outgoing-40 << "HTTP/1.1 200 OK[\r][\n]"
11:39:55.029 [Forwarding getElementText on session d94198a6aa3008d5ffaf97f92db0cb0c to remote] DEBUG org.apache.http.wire - http-outgoing-40 << "Content-Length:70[\r][\n]"
11:39:55.029 [Forwarding getElementText on session d94198a6aa3008d5ffaf97f92db0cb0c to remote] DEBUG org.apache.http.wire - http-outgoing-40 << "Content-Type:application/json; charset=utf-8[\r][\n]"
11:39:55.029 [Forwarding getElementText on session d94198a6aa3008d5ffaf97f92db0cb0c to remote] DEBUG org.apache.http.wire - http-outgoing-40 << "Connection:close[\r][\n]"
11:39:55.029 [Forwarding getElementText on session d94198a6aa3008d5ffaf97f92db0cb0c to remote] DEBUG org.apache.http.wire - http-outgoing-40 << "[\r][\n]"
11:39:55.029 [Forwarding getElementText on session d94198a6aa3008d5ffaf97f92db0cb0c to remote] DEBUG org.apache.http.wire - http-outgoing-40 << "{"sessionId":"d94198a6aa3008d5ffaf97f92db0cb0c","status":0,"value":""}"
11:39:55.030 [Forwarding getElementText on session d94198a6aa3008d5ffaf97f92db0cb0c to remote] DEBUG org.apache.http.headers - http-outgoing-40 << HTTP/1.1 200 OK
11:39:55.030 [Forwarding getElementText on session d94198a6aa3008d5ffaf97f92db0cb0c to remote] DEBUG org.apache.http.headers - http-outgoing-40 << Content-Length:70
11:39:55.030 [Forwarding getElementText on session d94198a6aa3008d5ffaf97f92db0cb0c to remote] DEBUG org.apache.http.headers - http-outgoing-40 << Content-Type:application/json; charset=utf-8
11:39:55.030 [Forwarding getElementText on session d94198a6aa3008d5ffaf97f92db0cb0c to remote] DEBUG org.apache.http.headers - http-outgoing-40 << Connection:close
11:39:55.030 [Forwarding getElementText on session d94198a6aa3008d5ffaf97f92db0cb0c to remote] DEBUG o.a.h.i.c.DefaultManagedHttpClientConnection - http-outgoing-40: Shutdown connection
11:39:55.030 [Forwarding getElementText on session d94198a6aa3008d5ffaf97f92db0cb0c to remote] DEBUG o.a.h.impl.execchain.MainClientExec - Connection discarded
11:39:55.030 [Forwarding getElementText on session d94198a6aa3008d5ffaf97f92db0cb0c to remote] DEBUG o.a.h.i.c.DefaultManagedHttpClientConnection - http-outgoing-40: Close connection
11:39:55.030 [Forwarding getElementText on session d94198a6aa3008d5ffaf97f92db0cb0c to remote] DEBUG o.a.h.i.c.PoolingHttpClientConnectionManager - Connection released: [id: 40][route: {}->http://localhost:26477][total kept alive: 0; route allocated: 0 of 2000; total allocated: 0 of 2000]
11:39:55.030 [Forwarding getElementText on session d94198a6aa3008d5ffaf97f92db0cb0c to remote] DEBUG o.a.h.c.protocol.RequestAddCookies - CookieSpec selected: best-match
11:39:55.030 [Forwarding getElementText on session d94198a6aa3008d5ffaf97f92db0cb0c to remote] DEBUG o.a.h.c.protocol.RequestAuthCache - Auth cache not set in the context
11:39:55.031 [Forwarding getElementText on session d94198a6aa3008d5ffaf97f92db0cb0c to remote] DEBUG o.a.h.i.c.PoolingHttpClientConnectionManager - Connection request: [route: {}->http://localhost:26477][total kept alive: 0; route allocated: 0 of 2000; total allocated: 0 of 2000]
11:39:55.031 [Forwarding getElementText on session d94198a6aa3008d5ffaf97f92db0cb0c to remote] DEBUG o.a.h.i.c.PoolingHttpClientConnectionManager - Connection leased: [id: 41][route: {}->http://localhost:26477][total kept alive: 0; route allocated: 1 of 2000; total allocated: 1 of 2000]
11:39:55.031 [Forwarding getElementText on session d94198a6aa3008d5ffaf97f92db0cb0c to remote] DEBUG o.a.h.impl.execchain.MainClientExec - Opening connection {}->http://localhost:26477
11:39:55.031 [Forwarding getElementText on session d94198a6aa3008d5ffaf97f92db0cb0c to remote] DEBUG o.a.h.i.c.HttpClientConnectionOperator - Connecting to localhost/127.0.0.1:26477
11:39:55.031 [Forwarding getElementText on session d94198a6aa3008d5ffaf97f92db0cb0c to remote] DEBUG o.a.h.i.c.HttpClientConnectionOperator - Connection established 127.0.0.1:57307<->127.0.0.1:26477
11:39:55.031 [Forwarding getElementText on session d94198a6aa3008d5ffaf97f92db0cb0c to remote] DEBUG o.a.h.impl.execchain.MainClientExec - Executing request GET /session/d94198a6aa3008d5ffaf97f92db0cb0c/element/0.5152662619948387-15/text HTTP/1.1
11:39:55.031 [Forwarding getElementText on session d94198a6aa3008d5ffaf97f92db0cb0c to remote] DEBUG o.a.h.impl.execchain.MainClientExec - Target auth state: UNCHALLENGED
11:39:55.031 [Forwarding getElementText on session d94198a6aa3008d5ffaf97f92db0cb0c to remote] DEBUG o.a.h.impl.execchain.MainClientExec - Proxy auth state: UNCHALLENGED
11:39:55.031 [Forwarding getElementText on session d94198a6aa3008d5ffaf97f92db0cb0c to remote] DEBUG org.apache.http.headers - http-outgoing-41 >> GET /session/d94198a6aa3008d5ffaf97f92db0cb0c/element/0.5152662619948387-15/text HTTP/1.1
11:39:55.031 [Forwarding getElementText on session d94198a6aa3008d5ffaf97f92db0cb0c to remote] DEBUG org.apache.http.headers - http-outgoing-41 >> Cache-Control: no-cache
11:39:55.031 [Forwarding getElementText on session d94198a6aa3008d5ffaf97f92db0cb0c to remote] DEBUG org.apache.http.headers - http-outgoing-41 >> Host: localhost:26477
11:39:55.031 [Forwarding getElementText on session d94198a6aa3008d5ffaf97f92db0cb0c to remote] DEBUG org.apache.http.headers - http-outgoing-41 >> Connection: Keep-Alive
11:39:55.031 [Forwarding getElementText on session d94198a6aa3008d5ffaf97f92db0cb0c to remote] DEBUG org.apache.http.headers - http-outgoing-41 >> User-Agent: Apache-HttpClient/4.3.4 (java 1.5)
11:39:55.031 [Forwarding getElementText on session d94198a6aa3008d5ffaf97f92db0cb0c to remote] DEBUG org.apache.http.headers - http-outgoing-41 >> Accept-Encoding: gzip,deflate
11:39:55.031 [Forwarding getElementText on session d94198a6aa3008d5ffaf97f92db0cb0c to remote] DEBUG org.apache.http.wire - http-outgoing-41 >> "GET /session/d94198a6aa3008d5ffaf97f92db0cb0c/element/0.5152662619948387-15/text HTTP/1.1[\r][\n]"
11:39:55.031 [Forwarding getElementText on session d94198a6aa3008d5ffaf97f92db0cb0c to remote] DEBUG org.apache.http.wire - http-outgoing-41 >> "Cache-Control: no-cache[\r][\n]"
11:39:55.031 [Forwarding getElementText on session d94198a6aa3008d5ffaf97f92db0cb0c to remote] DEBUG org.apache.http.wire - http-outgoing-41 >> "Host: localhost:26477[\r][\n]"
11:39:55.031 [Forwarding getElementText on session d94198a6aa3008d5ffaf97f92db0cb0c to remote] DEBUG org.apache.http.wire - http-outgoing-41 >> "Connection: Keep-Alive[\r][\n]"
11:39:55.031 [Forwarding getElementText on session d94198a6aa3008d5ffaf97f92db0cb0c to remote] DEBUG org.apache.http.wire - http-outgoing-41 >> "User-Agent: Apache-HttpClient/4.3.4 (java 1.5)[\r][\n]"
11:39:55.031 [Forwarding getElementText on session d94198a6aa3008d5ffaf97f92db0cb0c to remote] DEBUG org.apache.http.wire - http-outgoing-41 >> "Accept-Encoding: gzip,deflate[\r][\n]"
11:39:55.031 [Forwarding getElementText on session d94198a6aa3008d5ffaf97f92db0cb0c to remote] DEBUG org.apache.http.wire - http-outgoing-41 >> "[\r][\n]"
11:39:55.043 [Forwarding getElementText on session d94198a6aa3008d5ffaf97f92db0cb0c to remote] DEBUG org.apache.http.wire - http-outgoing-41 << "HTTP/1.1 200 OK[\r][\n]"
11:39:55.043 [Forwarding getElementText on session d94198a6aa3008d5ffaf97f92db0cb0c to remote] DEBUG org.apache.http.wire - http-outgoing-41 << "Content-Length:70[\r][\n]"
11:39:55.043 [Forwarding getElementText on session d94198a6aa3008d5ffaf97f92db0cb0c to remote] DEBUG org.apache.http.wire - http-outgoing-41 << "Content-Type:application/json; charset=utf-8[\r][\n]"
11:39:55.043 [Forwarding getElementText on session d94198a6aa3008d5ffaf97f92db0cb0c to remote] DEBUG org.apache.http.wire - http-outgoing-41 << "Connection:close[\r][\n]"
11:39:55.043 [Forwarding getElementText on session d94198a6aa3008d5ffaf97f92db0cb0c to remote] DEBUG org.apache.http.wire - http-outgoing-41 << "[\r][\n]"
11:39:55.043 [Forwarding getElementText on session d94198a6aa3008d5ffaf97f92db0cb0c to remote] DEBUG org.apache.http.wire - http-outgoing-41 << "{"sessionId":"d94198a6aa3008d5ffaf97f92db0cb0c","status":0,"value":""}"
11:39:55.043 [Forwarding getElementText on session d94198a6aa3008d5ffaf97f92db0cb0c to remote] DEBUG org.apache.http.headers - http-outgoing-41 << HTTP/1.1 200 OK
11:39:55.043 [Forwarding getElementText on session d94198a6aa3008d5ffaf97f92db0cb0c to remote] DEBUG org.apache.http.headers - http-outgoing-41 << Content-Length:70
11:39:55.043 [Forwarding getElementText on session d94198a6aa3008d5ffaf97f92db0cb0c to remote] DEBUG org.apache.http.headers - http-outgoing-41 << Content-Type:application/json; charset=utf-8
11:39:55.043 [Forwarding getElementText on session d94198a6aa3008d5ffaf97f92db0cb0c to remote] DEBUG org.apache.http.headers - http-outgoing-41 << Connection:close
11:39:55.043 [Forwarding getElementText on session d94198a6aa3008d5ffaf97f92db0cb0c to remote] DEBUG o.a.h.i.c.DefaultManagedHttpClientConnection - http-outgoing-41: Shutdown connection
11:39:55.043 [Forwarding getElementText on session d94198a6aa3008d5ffaf97f92db0cb0c to remote] DEBUG o.a.h.impl.execchain.MainClientExec - Connection discarded
11:39:55.043 [Forwarding getElementText on session d94198a6aa3008d5ffaf97f92db0cb0c to remote] DEBUG o.a.h.i.c.DefaultManagedHttpClientConnection - http-outgoing-41: Close connection
11:39:55.043 [Forwarding getElementText on session d94198a6aa3008d5ffaf97f92db0cb0c to remote] DEBUG o.a.h.i.c.PoolingHttpClientConnectionManager - Connection released: [id: 41][route: {}->http://localhost:26477][total kept alive: 0; route allocated: 0 of 2000; total allocated: 0 of 2000]
11:39:55.044 [Forwarding getElementText on session d94198a6aa3008d5ffaf97f92db0cb0c to remote] DEBUG o.a.h.c.protocol.RequestAddCookies - CookieSpec selected: best-match
11:39:55.044 [Forwarding getElementText on session d94198a6aa3008d5ffaf97f92db0cb0c to remote] DEBUG o.a.h.c.protocol.RequestAuthCache - Auth cache not set in the context
11:39:55.044 [Forwarding getElementText on session d94198a6aa3008d5ffaf97f92db0cb0c to remote] DEBUG o.a.h.i.c.PoolingHttpClientConnectionManager - Connection request: [route: {}->http://localhost:26477][total kept alive: 0; route allocated: 0 of 2000; total allocated: 0 of 2000]
11:39:55.044 [Forwarding getElementText on session d94198a6aa3008d5ffaf97f92db0cb0c to remote] DEBUG o.a.h.i.c.PoolingHttpClientConnectionManager - Connection leased: [id: 42][route: {}->http://localhost:26477][total kept alive: 0; route allocated: 1 of 2000; total allocated: 1 of 2000]
11:39:55.044 [Forwarding getElementText on session d94198a6aa3008d5ffaf97f92db0cb0c to remote] DEBUG o.a.h.impl.execchain.MainClientExec - Opening connection {}->http://localhost:26477
11:39:55.044 [Forwarding getElementText on session d94198a6aa3008d5ffaf97f92db0cb0c to remote] DEBUG o.a.h.i.c.HttpClientConnectionOperator - Connecting to localhost/127.0.0.1:26477
11:39:55.044 [Forwarding getElementText on session d94198a6aa3008d5ffaf97f92db0cb0c to remote] DEBUG o.a.h.i.c.HttpClientConnectionOperator - Connection established 127.0.0.1:57308<->127.0.0.1:26477
11:39:55.044 [Forwarding getElementText on session d94198a6aa3008d5ffaf97f92db0cb0c to remote] DEBUG o.a.h.impl.execchain.MainClientExec - Executing request GET /session/d94198a6aa3008d5ffaf97f92db0cb0c/element/0.5152662619948387-16/text HTTP/1.1
11:39:55.044 [Forwarding getElementText on session d94198a6aa3008d5ffaf97f92db0cb0c to remote] DEBUG o.a.h.impl.execchain.MainClientExec - Target auth state: UNCHALLENGED
11:39:55.044 [Forwarding getElementText on session d94198a6aa3008d5ffaf97f92db0cb0c to remote] DEBUG o.a.h.impl.execchain.MainClientExec - Proxy auth state: UNCHALLENGED
11:39:55.044 [Forwarding getElementText on session d94198a6aa3008d5ffaf97f92db0cb0c to remote] DEBUG org.apache.http.headers - http-outgoing-42 >> GET /session/d94198a6aa3008d5ffaf97f92db0cb0c/element/0.5152662619948387-16/text HTTP/1.1
11:39:55.044 [Forwarding getElementText on session d94198a6aa3008d5ffaf97f92db0cb0c to remote] DEBUG org.apache.http.headers - http-outgoing-42 >> Cache-Control: no-cache
11:39:55.044 [Forwarding getElementText on session d94198a6aa3008d5ffaf97f92db0cb0c to remote] DEBUG org.apache.http.headers - http-outgoing-42 >> Host: localhost:26477
11:39:55.044 [Forwarding getElementText on session d94198a6aa3008d5ffaf97f92db0cb0c to remote] DEBUG org.apache.http.headers - http-outgoing-42 >> Connection: Keep-Alive
11:39:55.044 [Forwarding getElementText on session d94198a6aa3008d5ffaf97f92db0cb0c to remote] DEBUG org.apache.http.headers - http-outgoing-42 >> User-Agent: Apache-HttpClient/4.3.4 (java 1.5)
11:39:55.044 [Forwarding getElementText on session d94198a6aa3008d5ffaf97f92db0cb0c to remote] DEBUG org.apache.http.headers - http-outgoing-42 >> Accept-Encoding: gzip,deflate
11:39:55.044 [Forwarding getElementText on session d94198a6aa3008d5ffaf97f92db0cb0c to remote] DEBUG org.apache.http.wire - http-outgoing-42 >> "GET /session/d94198a6aa3008d5ffaf97f92db0cb0c/element/0.5152662619948387-16/text HTTP/1.1[\r][\n]"
11:39:55.044 [Forwarding getElementText on session d94198a6aa3008d5ffaf97f92db0cb0c to remote] DEBUG org.apache.http.wire - http-outgoing-42 >> "Cache-Control: no-cache[\r][\n]"
11:39:55.044 [Forwarding getElementText on session d94198a6aa3008d5ffaf97f92db0cb0c to remote] DEBUG org.apache.http.wire - http-outgoing-42 >> "Host: localhost:26477[\r][\n]"
11:39:55.044 [Forwarding getElementText on session d94198a6aa3008d5ffaf97f92db0cb0c to remote] DEBUG org.apache.http.wire - http-outgoing-42 >> "Connection: Keep-Alive[\r][\n]"
11:39:55.044 [Forwarding getElementText on session d94198a6aa3008d5ffaf97f92db0cb0c to remote] DEBUG org.apache.http.wire - http-outgoing-42 >> "User-Agent: Apache-HttpClient/4.3.4 (java 1.5)[\r][\n]"
11:39:55.044 [Forwarding getElementText on session d94198a6aa3008d5ffaf97f92db0cb0c to remote] DEBUG org.apache.http.wire - http-outgoing-42 >> "Accept-Encoding: gzip,deflate[\r][\n]"
11:39:55.044 [Forwarding getElementText on session d94198a6aa3008d5ffaf97f92db0cb0c to remote] DEBUG org.apache.http.wire - http-outgoing-42 >> "[\r][\n]"
11:39:55.057 [Forwarding getElementText on session d94198a6aa3008d5ffaf97f92db0cb0c to remote] DEBUG org.apache.http.wire - http-outgoing-42 << "HTTP/1.1 200 OK[\r][\n]"
11:39:55.057 [Forwarding getElementText on session d94198a6aa3008d5ffaf97f92db0cb0c to remote] DEBUG org.apache.http.wire - http-outgoing-42 << "Content-Length:91[\r][\n]"
11:39:55.057 [Forwarding getElementText on session d94198a6aa3008d5ffaf97f92db0cb0c to remote] DEBUG org.apache.http.wire - http-outgoing-42 << "Content-Type:application/json; charset=utf-8[\r][\n]"
11:39:55.057 [Forwarding getElementText on session d94198a6aa3008d5ffaf97f92db0cb0c to remote] DEBUG org.apache.http.wire - http-outgoing-42 << "Connection:close[\r][\n]"
11:39:55.057 [Forwarding getElementText on session d94198a6aa3008d5ffaf97f92db0cb0c to remote] DEBUG org.apache.http.wire - http-outgoing-42 << "[\r][\n]"
11:39:55.057 [Forwarding getElementText on session d94198a6aa3008d5ffaf97f92db0cb0c to remote] DEBUG org.apache.http.wire - http-outgoing-42 << "{"sessionId":"d94198a6aa3008d5ffaf97f92db0cb0c","status":0,"value":"Show Advanced Filters"}"
11:39:55.057 [Forwarding getElementText on session d94198a6aa3008d5ffaf97f92db0cb0c to remote] DEBUG org.apache.http.headers - http-outgoing-42 << HTTP/1.1 200 OK
11:39:55.057 [Forwarding getElementText on session d94198a6aa3008d5ffaf97f92db0cb0c to remote] DEBUG org.apache.http.headers - http-outgoing-42 << Content-Length:91
11:39:55.057 [Forwarding getElementText on session d94198a6aa3008d5ffaf97f92db0cb0c to remote] DEBUG org.apache.http.headers - http-outgoing-42 << Content-Type:application/json; charset=utf-8
11:39:55.057 [Forwarding getElementText on session d94198a6aa3008d5ffaf97f92db0cb0c to remote] DEBUG org.apache.http.headers - http-outgoing-42 << Connection:close
11:39:55.058 [Forwarding getElementText on session d94198a6aa3008d5ffaf97f92db0cb0c to remote] DEBUG o.a.h.i.c.DefaultManagedHttpClientConnection - http-outgoing-42: Shutdown connection
11:39:55.058 [Forwarding getElementText on session d94198a6aa3008d5ffaf97f92db0cb0c to remote] DEBUG o.a.h.impl.execchain.MainClientExec - Connection discarded
11:39:55.058 [Forwarding getElementText on session d94198a6aa3008d5ffaf97f92db0cb0c to remote] DEBUG o.a.h.i.c.DefaultManagedHttpClientConnection - http-outgoing-42: Close connection
11:39:55.058 [Forwarding getElementText on session d94198a6aa3008d5ffaf97f92db0cb0c to remote] DEBUG o.a.h.i.c.PoolingHttpClientConnectionManager - Connection released: [id: 42][route: {}->http://localhost:26477][total kept alive: 0; route allocated: 0 of 2000; total allocated: 0 of 2000]
11:39:55.388 [LittleProxy-ProxyToServerWorker-3] DEBUG o.l.p.impl.ProxyToServerConnection - (AWAITING_INITIAL) [id: 0x233f9b43, /127.0.0.1:48953 => localhost/127.0.0.1:8080]: Remembering the current request.
11:39:55.388 [LittleProxy-ProxyToServerWorker-1] DEBUG o.l.p.impl.ProxyToServerConnection - (AWAITING_INITIAL) [id: 0x73a4f472, /127.0.0.1:48931 => localhost/127.0.0.1:8080]: Remembering the current request.
11:39:55.388 [LittleProxy-ProxyToServerWorker-1] DEBUG o.l.p.impl.ProxyToServerConnection - (AWAITING_INITIAL) [id: 0x73a4f472, /127.0.0.1:48931 => localhost/127.0.0.1:8080]: Reading: DefaultHttpResponse(decodeResult: success, version: HTTP/1.1)
HTTP/1.1 200 OK
Server: Apache-Coyote/1.1
Access-Control-Allow-Origin: null
Access-Control-Allow-Credentials: true
Strict-Transport-Security: max-age=31536000 ; includeSubDomains
X-Frame-Options: DENY
X-XSS-Protection: 1; mode=block
X-Content-Type-Options: nosniff
Cache-Control: no-cache, no-store, max-age=0, must-revalidate
Pragma: no-cache
Expires: 0
X-Application-Context: application:development
Content-Type: application/json;charset=UTF-8
Transfer-Encoding: chunked
Date: Tue, 08 Sep 2015 10:39:54 GMT
11:39:55.388 [LittleProxy-ProxyToServerWorker-3] DEBUG o.l.p.impl.ProxyToServerConnection - (AWAITING_INITIAL) [id: 0x233f9b43, /127.0.0.1:48953 => localhost/127.0.0.1:8080]: Reading: DefaultHttpResponse(decodeResult: success, version: HTTP/1.1)
HTTP/1.1 200 OK
Server: Apache-Coyote/1.1
Access-Control-Allow-Origin: null
Access-Control-Allow-Credentials: true
Strict-Transport-Security: max-age=31536000 ; includeSubDomains
X-Frame-Options: DENY
X-XSS-Protection: 1; mode=block
X-Content-Type-Options: nosniff
Cache-Control: no-cache, no-store, max-age=0, must-revalidate
Pragma: no-cache
Expires: 0
X-Application-Context: application:development
Content-Type: application/json;charset=UTF-8
Transfer-Encoding: chunked
Date: Tue, 08 Sep 2015 10:39:54 GMT
11:39:55.388 [LittleProxy-ProxyToServerWorker-1] DEBUG o.l.p.impl.ProxyToServerConnection - (AWAITING_INITIAL) [id: 0x73a4f472, /127.0.0.1:48931 => localhost/127.0.0.1:8080]: Received raw response: DefaultHttpResponse(decodeResult: success, version: HTTP/1.1)
HTTP/1.1 200 OK
Server: Apache-Coyote/1.1
Access-Control-Allow-Origin: null
Access-Control-Allow-Credentials: true
Strict-Transport-Security: max-age=31536000 ; includeSubDomains
X-Frame-Options: DENY
X-XSS-Protection: 1; mode=block
X-Content-Type-Options: nosniff
Cache-Control: no-cache, no-store, max-age=0, must-revalidate
Pragma: no-cache
Expires: 0
X-Application-Context: application:development
Content-Type: application/json;charset=UTF-8
Transfer-Encoding: chunked
Date: Tue, 08 Sep 2015 10:39:54 GMT
11:39:55.388 [LittleProxy-ProxyToServerWorker-3] DEBUG o.l.p.impl.ProxyToServerConnection - (AWAITING_INITIAL) [id: 0x233f9b43, /127.0.0.1:48953 => localhost/127.0.0.1:8080]: Received raw response: DefaultHttpResponse(decodeResult: success, version: HTTP/1.1)
HTTP/1.1 200 OK
Server: Apache-Coyote/1.1
Access-Control-Allow-Origin: null
Access-Control-Allow-Credentials: true
Strict-Transport-Security: max-age=31536000 ; includeSubDomains
X-Frame-Options: DENY
X-XSS-Protection: 1; mode=block
X-Content-Type-Options: nosniff
Cache-Control: no-cache, no-store, max-age=0, must-revalidate
Pragma: no-cache
Expires: 0
X-Application-Context: application:development
Content-Type: application/json;charset=UTF-8
Transfer-Encoding: chunked
Date: Tue, 08 Sep 2015 10:39:54 GMT
11:39:55.388 [LittleProxy-ProxyToServerWorker-1] DEBUG o.l.p.impl.ProxyToServerConnection - (AWAITING_INITIAL) [id: 0x73a4f472, /127.0.0.1:48931 => localhost/127.0.0.1:8080]: Remembering the current response.
11:39:55.388 [LittleProxy-ProxyToServerWorker-3] DEBUG o.l.p.impl.ProxyToServerConnection - (AWAITING_INITIAL) [id: 0x233f9b43, /127.0.0.1:48953 => localhost/127.0.0.1:8080]: Remembering the current response.
11:39:55.388 [LittleProxy-ProxyToServerWorker-1] DEBUG o.l.p.impl.ClientToProxyConnection - (AWAITING_INITIAL) [id: 0x324ae286, /127.0.0.1:54142 => /127.0.1.1:45224]: Writing: DefaultHttpResponse(decodeResult: success, version: HTTP/1.1)
HTTP/1.1 200 OK
Server: Apache-Coyote/1.1
Access-Control-Allow-Origin: null
Access-Control-Allow-Credentials: true
Strict-Transport-Security: max-age=31536000 ; includeSubDomains
X-Frame-Options: DENY
X-XSS-Protection: 1; mode=block
X-Content-Type-Options: nosniff
Cache-Control: no-cache, no-store, max-age=0, must-revalidate
Pragma: no-cache
Expires: 0
X-Application-Context: application:development
Content-Type: application/json;charset=UTF-8
Transfer-Encoding: chunked
Date: Tue, 08 Sep 2015 10:39:54 GMT
Via: 1.1 localhost.localdomain
11:39:55.389 [LittleProxy-ProxyToServerWorker-1] DEBUG o.l.p.impl.ClientToProxyConnection - (AWAITING_INITIAL) [id: 0x324ae286, /127.0.0.1:54142 => /127.0.1.1:45224]: Wrote: DefaultHttpResponse(decodeResult: success, version: HTTP/1.1)
HTTP/1.1 200 OK
Server: Apache-Coyote/1.1
Access-Control-Allow-Origin: null
Access-Control-Allow-Credentials: true
Strict-Transport-Security: max-age=31536000 ; includeSubDomains
X-Frame-Options: DENY
X-XSS-Protection: 1; mode=block
X-Content-Type-Options: nosniff
Cache-Control: no-cache, no-store, max-age=0, must-revalidate
Pragma: no-cache
Expires: 0
X-Application-Context: application:development
Content-Type: application/json;charset=UTF-8
Transfer-Encoding: chunked
Date: Tue, 08 Sep 2015 10:39:54 GMT
Via: 1.1 localhost.localdomain
11:39:55.390 [LittleProxy-ProxyToServerWorker-1] DEBUG o.l.p.impl.ClientToProxyConnection - (AWAITING_INITIAL) [id: 0x324ae286, /127.0.0.1:54142 => /127.0.1.1:45224]: Not closing server connection on middle chunk for /campaign
11:39:55.390 [LittleProxy-ProxyToServerWorker-3] DEBUG o.l.p.impl.ClientToProxyConnection - (AWAITING_INITIAL) [id: 0x4990c9ae, /127.0.0.1:54164 => /127.0.1.1:45224]: Writing: DefaultHttpResponse(decodeResult: success, version: HTTP/1.1)
HTTP/1.1 200 OK
Server: Apache-Coyote/1.1
Access-Control-Allow-Origin: null
Access-Control-Allow-Credentials: true
Strict-Transport-Security: max-age=31536000 ; includeSubDomains
X-Frame-Options: DENY
X-XSS-Protection: 1; mode=block
X-Content-Type-Options: nosniff
Cache-Control: no-cache, no-store, max-age=0, must-revalidate
Pragma: no-cache
Expires: 0
X-Application-Context: application:development
Content-Type: application/json;charset=UTF-8
Transfer-Encoding: chunked
Date: Tue, 08 Sep 2015 10:39:54 GMT
Via: 1.1 localhost.localdomain
11:39:55.390 [LittleProxy-ProxyToServerWorker-1] DEBUG o.l.p.impl.ClientToProxyConnection - (AWAITING_INITIAL) [id: 0x324ae286, /127.0.0.1:54142 => /127.0.1.1:45224]: Not closing client connection on middle chunk for /campaign
11:39:55.390 [LittleProxy-ProxyToServerWorker-3] DEBUG o.l.p.impl.ClientToProxyConnection - (AWAITING_INITIAL) [id: 0x4990c9ae, /127.0.0.1:54164 => /127.0.1.1:45224]: Wrote: DefaultHttpResponse(decodeResult: success, version: HTTP/1.1)
HTTP/1.1 200 OK
Server: Apache-Coyote/1.1
Access-Control-Allow-Origin: null
Access-Control-Allow-Credentials: true
Strict-Transport-Security: max-age=31536000 ; includeSubDomains
X-Frame-Options: DENY
X-XSS-Protection: 1; mode=block
X-Content-Type-Options: nosniff
Cache-Control: no-cache, no-store, max-age=0, must-revalidate
Pragma: no-cache
Expires: 0
X-Application-Context: application:development
Content-Type: application/json;charset=UTF-8
Transfer-Encoding: chunked
Date: Tue, 08 Sep 2015 10:39:54 GMT
Via: 1.1 localhost.localdomain
11:39:55.390 [LittleProxy-ProxyToServerWorker-3] DEBUG o.l.p.impl.ClientToProxyConnection - (AWAITING_INITIAL) [id: 0x4990c9ae, /127.0.0.1:54164 => /127.0.1.1:45224]: Not closing server connection on middle chunk for /campaign?page=1
11:39:55.390 [LittleProxy-ProxyToServerWorker-3] DEBUG o.l.p.impl.ClientToProxyConnection - (AWAITING_INITIAL) [id: 0x4990c9ae, /127.0.0.1:54164 => /127.0.1.1:45224]: Not closing client connection on middle chunk for /campaign?page=1
11:39:55.390 [LittleProxy-ProxyToServerWorker-1] DEBUG o.l.p.impl.ProxyToServerConnection - (AWAITING_CHUNK) [id: 0x73a4f472, /127.0.0.1:48931 => localhost/127.0.0.1:8080]: Reading: DefaultHttpContent(data: SlicedByteBuf(ridx: 0, widx: 2064, cap: 2064/2064, unwrapped: UnpooledUnsafeDirectByteBuf(ridx: 2071, widx: 2071, cap: 16384)), decoderResult: success)
11:39:55.390 [LittleProxy-ProxyToServerWorker-1] DEBUG o.l.p.impl.ClientToProxyConnection - (AWAITING_INITIAL) [id: 0x324ae286, /127.0.0.1:54142 => /127.0.1.1:45224]: Retaining reference counted message
11:39:55.390 [LittleProxy-ProxyToServerWorker-3] DEBUG o.l.p.impl.ProxyToServerConnection - (AWAITING_CHUNK) [id: 0x233f9b43, /127.0.0.1:48953 => localhost/127.0.0.1:8080]: Reading: DefaultHttpContent(data: SlicedByteBuf(ridx: 0, widx: 1024, cap: 1024/1024, unwrapped: UnpooledUnsafeDirectByteBuf(ridx: 1024, widx: 1024, cap: 1024)), decoderResult: success)
11:39:55.390 [LittleProxy-ProxyToServerWorker-3] DEBUG o.l.p.impl.ClientToProxyConnection - (AWAITING_INITIAL) [id: 0x4990c9ae, /127.0.0.1:54164 => /127.0.1.1:45224]: Retaining reference counted message
11:39:55.390 [LittleProxy-ProxyToServerWorker-1] DEBUG o.l.p.impl.ClientToProxyConnection - (AWAITING_INITIAL) [id: 0x324ae286, /127.0.0.1:54142 => /127.0.1.1:45224]: Writing: DefaultHttpContent(data: SlicedByteBuf(ridx: 0, widx: 2064, cap: 2064/2064, unwrapped: UnpooledUnsafeDirectByteBuf(ridx: 2071, widx: 2071, cap: 16384)), decoderResult: success)
11:39:55.390 [LittleProxy-ProxyToServerWorker-3] DEBUG o.l.p.impl.ClientToProxyConnection - (AWAITING_INITIAL) [id: 0x4990c9ae, /127.0.0.1:54164 => /127.0.1.1:45224]: Writing: DefaultHttpContent(data: SlicedByteBuf(ridx: 0, widx: 1024, cap: 1024/1024, unwrapped: UnpooledUnsafeDirectByteBuf(ridx: 1024, widx: 1024, cap: 1024)), decoderResult: success)
11:39:55.390 [LittleProxy-ProxyToServerWorker-1] DEBUG o.l.p.impl.ClientToProxyConnection - (AWAITING_INITIAL) [id: 0x324ae286, /127.0.0.1:54142 => /127.0.1.1:45224]: Wrote: DefaultHttpContent(data: SlicedByteBuf(ridx: 0, widx: 2064, cap: 2064/2064, unwrapped: UnpooledUnsafeDirectByteBuf(ridx: 2071, widx: 2071, cap: 16384)), decoderResult: success)
11:39:55.391 [LittleProxy-ProxyToServerWorker-3] DEBUG o.l.p.impl.ClientToProxyConnection - (AWAITING_INITIAL) [id: 0x4990c9ae, /127.0.0.1:54164 => /127.0.1.1:45224]: Wrote: DefaultHttpContent(data: SlicedByteBuf(ridx: 0, widx: 1024, cap: 1024/1024, unwrapped: UnpooledUnsafeDirectByteBuf(ridx: 1024, widx: 1024, cap: 1024)), decoderResult: success)
11:39:55.391 [LittleProxy-ProxyToServerWorker-1] DEBUG o.l.p.impl.ClientToProxyConnection - (AWAITING_INITIAL) [id: 0x324ae286, /127.0.0.1:54142 => /127.0.1.1:45224]: Not closing server connection on middle chunk for /campaign
11:39:55.391 [LittleProxy-ProxyToServerWorker-3] DEBUG o.l.p.impl.ClientToProxyConnection - (AWAITING_INITIAL) [id: 0x4990c9ae, /127.0.0.1:54164 => /127.0.1.1:45224]: Not closing server connection on middle chunk for /campaign?page=1
11:39:55.391 [LittleProxy-ProxyToServerWorker-1] DEBUG o.l.p.impl.ClientToProxyConnection - (AWAITING_INITIAL) [id: 0x324ae286, /127.0.0.1:54142 => /127.0.1.1:45224]: Not closing client connection on middle chunk for /campaign
11:39:55.391 [LittleProxy-ProxyToServerWorker-3] DEBUG o.l.p.impl.ClientToProxyConnection - (AWAITING_INITIAL) [id: 0x4990c9ae, /127.0.0.1:54164 => /127.0.1.1:45224]: Not closing client connection on middle chunk for /campaign?page=1
11:39:55.391 [LittleProxy-ProxyToServerWorker-3] DEBUG o.l.p.impl.ProxyToServerConnection - (AWAITING_CHUNK) [id: 0x233f9b43, /127.0.0.1:48953 => localhost/127.0.0.1:8080]: Reading: DefaultHttpContent(data: SlicedByteBuf(ridx: 0, widx: 1024, cap: 1024/1024, unwrapped: UnpooledUnsafeDirectByteBuf(ridx: 1024, widx: 1024, cap: 1024)), decoderResult: success)
11:39:55.391 [LittleProxy-ProxyToServerWorker-3] DEBUG o.l.p.impl.ClientToProxyConnection - (AWAITING_INITIAL) [id: 0x4990c9ae, /127.0.0.1:54164 => /127.0.1.1:45224]: Retaining reference counted message
11:39:55.391 [LittleProxy-ProxyToServerWorker-3] DEBUG o.l.p.impl.ClientToProxyConnection - (AWAITING_INITIAL) [id: 0x4990c9ae, /127.0.0.1:54164 => /127.0.1.1:45224]: Writing: DefaultHttpContent(data: SlicedByteBuf(ridx: 0, widx: 1024, cap: 1024/1024, unwrapped: UnpooledUnsafeDirectByteBuf(ridx: 1024, widx: 1024, cap: 1024)), decoderResult: success)
11:39:55.391 [LittleProxy-ProxyToServerWorker-3] DEBUG o.l.p.impl.ClientToProxyConnection - (AWAITING_INITIAL) [id: 0x4990c9ae, /127.0.0.1:54164 => /127.0.1.1:45224]: Wrote: DefaultHttpContent(data: SlicedByteBuf(ridx: 0, widx: 1024, cap: 1024/1024, unwrapped: UnpooledUnsafeDirectByteBuf(ridx: 1024, widx: 1024, cap: 1024)), decoderResult: success)
11:39:55.391 [LittleProxy-ProxyToServerWorker-3] DEBUG o.l.p.impl.ClientToProxyConnection - (AWAITING_INITIAL) [id: 0x4990c9ae, /127.0.0.1:54164 => /127.0.1.1:45224]: Not closing server connection on middle chunk for /campaign?page=1
11:39:55.391 [LittleProxy-ProxyToServerWorker-3] DEBUG o.l.p.impl.ClientToProxyConnection - (AWAITING_INITIAL) [id: 0x4990c9ae, /127.0.0.1:54164 => /127.0.1.1:45224]: Not closing client connection on middle chunk for /campaign?page=1
11:39:55.391 [LittleProxy-ProxyToServerWorker-3] DEBUG o.l.p.impl.ProxyToServerConnection - (AWAITING_CHUNK) [id: 0x233f9b43, /127.0.0.1:48953 => localhost/127.0.0.1:8080]: Reading: DefaultHttpContent(data: SlicedByteBuf(ridx: 0, widx: 16, cap: 16/16, unwrapped: UnpooledUnsafeDirectByteBuf(ridx: 18, widx: 18, cap: 1024)), decoderResult: success)
11:39:55.391 [LittleProxy-ProxyToServerWorker-3] DEBUG o.l.p.impl.ClientToProxyConnection - (AWAITING_INITIAL) [id: 0x4990c9ae, /127.0.0.1:54164 => /127.0.1.1:45224]: Retaining reference counted message
11:39:55.391 [LittleProxy-ProxyToServerWorker-3] DEBUG o.l.p.impl.ClientToProxyConnection - (AWAITING_INITIAL) [id: 0x4990c9ae, /127.0.0.1:54164 => /127.0.1.1:45224]: Writing: DefaultHttpContent(data: SlicedByteBuf(ridx: 0, widx: 16, cap: 16/16, unwrapped: UnpooledUnsafeDirectByteBuf(ridx: 18, widx: 18, cap: 1024)), decoderResult: success)
11:39:55.391 [LittleProxy-ProxyToServerWorker-3] DEBUG o.l.p.impl.ClientToProxyConnection - (AWAITING_INITIAL) [id: 0x4990c9ae, /127.0.0.1:54164 => /127.0.1.1:45224]: Wrote: DefaultHttpContent(data: SlicedByteBuf(ridx: 0, widx: 16, cap: 16/16, unwrapped: UnpooledUnsafeDirectByteBuf(ridx: 18, widx: 18, cap: 1024)), decoderResult: success)
11:39:55.391 [LittleProxy-ProxyToServerWorker-3] DEBUG o.l.p.impl.ClientToProxyConnection - (AWAITING_INITIAL) [id: 0x4990c9ae, /127.0.0.1:54164 => /127.0.1.1:45224]: Not closing server connection on middle chunk for /campaign?page=1
11:39:55.391 [LittleProxy-ProxyToServerWorker-3] DEBUG o.l.p.impl.ClientToProxyConnection - (AWAITING_INITIAL) [id: 0x4990c9ae, /127.0.0.1:54164 => /127.0.1.1:45224]: Not closing client connection on middle chunk for /campaign?page=1
11:39:55.396 [LittleProxy-ClientToProxyWorker-6] DEBUG o.l.p.impl.ClientToProxyConnection - (AWAITING_INITIAL): Configuring ChannelPipeline
11:39:55.396 [LittleProxy-ProxyToServerWorker-3] DEBUG o.l.p.impl.ProxyToServerConnection - (AWAITING_CHUNK) [id: 0x233f9b43, /127.0.0.1:48953 => localhost/127.0.0.1:8080]: Reading: EmptyLastHttpContent
11:39:55.396 [LittleProxy-ProxyToServerWorker-3] DEBUG o.l.p.impl.ClientToProxyConnection - (AWAITING_INITIAL) [id: 0x4990c9ae, /127.0.0.1:54164 => /127.0.1.1:45224]: Retaining reference counted message
11:39:55.396 [LittleProxy-ProxyToServerWorker-3] DEBUG o.l.p.impl.ClientToProxyConnection - (AWAITING_INITIAL) [id: 0x4990c9ae, /127.0.0.1:54164 => /127.0.1.1:45224]: Writing: EmptyLastHttpContent
11:39:55.396 [LittleProxy-ProxyToServerWorker-3] DEBUG o.l.p.impl.ClientToProxyConnection - (AWAITING_INITIAL) [id: 0x4990c9ae, /127.0.0.1:54164 => /127.0.1.1:45224]: Writing an empty buffer to signal the end of our chunked transfer
11:39:55.396 [LittleProxy-ProxyToServerWorker-3] DEBUG o.l.p.impl.ClientToProxyConnection - (AWAITING_INITIAL) [id: 0x4990c9ae, /127.0.0.1:54164 => /127.0.1.1:45224]: Wrote: EmptyLastHttpContent
11:39:55.396 [LittleProxy-ClientToProxyWorker-2] DEBUG o.l.p.impl.ClientToProxyConnection - (AWAITING_INITIAL) [id: 0xbfd76251, /127.0.0.1:54162 => /127.0.1.1:45224]: Reading: HttpObjectAggregator$AggregatedFullHttpRequest(decodeResult: success, version: HTTP/1.1, content: CompositeByteBuf(ridx: 0, widx: 0, cap: 0, components=0))
GET http://localhost:8080/campaign HTTP/1.1
Host: localhost:8080
Proxy-Connection: keep-alive
Authorization: Basic YWRtaW46cGFzcw==
Accept: application/json, text/plain, */*
X-Forwarded-Proto: https
User-Agent: Mozilla/5.0 (X11; Linux x86_64) AppleWebKit/537.36 (KHTML, like Gecko) Chrome/44.0.2403.130 Safari/537.36
Referer: http://localhost:9000/
Accept-Encoding: gzip, deflate, sdch
Accept-Language: en-GB,en-US;q=0.8,en;q=0.6
Content-Length: 0
11:39:55.397 [LittleProxy-ProxyToServerWorker-3] DEBUG o.l.p.impl.ClientToProxyConnection - (AWAITING_INITIAL) [id: 0x4990c9ae, /127.0.0.1:54164 => /127.0.1.1:45224]: Retaining reference counted message
11:39:55.397 [LittleProxy-ProxyToServerWorker-3] DEBUG o.l.p.impl.ClientToProxyConnection - (AWAITING_INITIAL) [id: 0x4990c9ae, /127.0.0.1:54164 => /127.0.1.1:45224]: Writing: EmptyByteBufBE
11:39:55.397 [LittleProxy-ClientToProxyWorker-2] DEBUG o.l.p.impl.ClientToProxyConnection - (AWAITING_INITIAL) [id: 0xbfd76251, /127.0.0.1:54162 => /127.0.1.1:45224]: Got request: HttpObjectAggregator$AggregatedFullHttpRequest(decodeResult: success, version: HTTP/1.1, content: CompositeByteBuf(ridx: 0, widx: 0, cap: 0, components=0))
GET http://localhost:8080/campaign HTTP/1.1
Host: localhost:8080
Proxy-Connection: keep-alive
Authorization: Basic YWRtaW46cGFzcw==
Accept: application/json, text/plain, */*
X-Forwarded-Proto: https
User-Agent: Mozilla/5.0 (X11; Linux x86_64) AppleWebKit/537.36 (KHTML, like Gecko) Chrome/44.0.2403.130 Safari/537.36
Referer: http://localhost:9000/
Accept-Encoding: gzip, deflate, sdch
Accept-Language: en-GB,en-US;q=0.8,en;q=0.6
Content-Length: 0
11:39:55.397 [LittleProxy-ProxyToServerWorker-3] DEBUG o.l.p.impl.ClientToProxyConnection - (AWAITING_INITIAL) [id: 0x4990c9ae, /127.0.0.1:54164 => /127.0.1.1:45224]: Wrote: EmptyByteBufBE
11:39:55.397 [LittleProxy-ClientToProxyWorker-6] DEBUG o.l.p.impl.ClientToProxyConnection - (AWAITING_INITIAL): Created ClientToProxyConnection
11:39:55.397 [LittleProxy-ProxyToServerWorker-3] DEBUG o.l.p.impl.ClientToProxyConnection - (AWAITING_INITIAL) [id: 0x4990c9ae, /127.0.0.1:54164 => /127.0.1.1:45224]: Handling last chunk. Using normal server connection closing rules.
11:39:55.397 [LittleProxy-ClientToProxyWorker-7] DEBUG o.l.p.impl.ClientToProxyConnection - (AWAITING_INITIAL): Configuring ChannelPipeline
11:39:55.397 [LittleProxy-ProxyToServerWorker-3] DEBUG o.l.p.impl.ClientToProxyConnection - (AWAITING_INITIAL) [id: 0x4990c9ae, /127.0.0.1:54164 => /127.0.1.1:45224]: Not closing server connection for response: DefaultHttpResponse(decodeResult: success, version: HTTP/1.1)
HTTP/1.1 200 OK
Server: Apache-Coyote/1.1
Access-Control-Allow-Origin: null
Access-Control-Allow-Credentials: true
Strict-Transport-Security: max-age=31536000 ; includeSubDomains
X-Frame-Options: DENY
X-XSS-Protection: 1; mode=block
X-Content-Type-Options: nosniff
Cache-Control: no-cache, no-store, max-age=0, must-revalidate
Pragma: no-cache
Expires: 0
X-Application-Context: application:development
Content-Type: application/json;charset=UTF-8
Transfer-Encoding: chunked
Date: Tue, 08 Sep 2015 10:39:54 GMT
11:39:55.397 [LittleProxy-ClientToProxyWorker-2] DEBUG o.l.p.impl.ClientToProxyConnection - (AWAITING_INITIAL) [id: 0xbfd76251, /127.0.0.1:54162 => /127.0.1.1:45224]: Ensuring that hostAndPort are available in http://localhost:8080/campaign
11:39:55.397 [LittleProxy-ClientToProxyWorker-5] DEBUG o.l.p.impl.ClientToProxyConnection - (AWAITING_INITIAL): Configuring ChannelPipeline
11:39:55.397 [LittleProxy-ClientToProxyWorker-6] DEBUG o.l.p.impl.ClientToProxyConnection - (AWAITING_INITIAL) [id: 0x83599fa6, /127.0.0.1:54207 => /127.0.1.1:45224]: Connected
11:39:55.398 [LittleProxy-ClientToProxyWorker-7] DEBUG o.l.p.impl.ClientToProxyConnection - (AWAITING_INITIAL): Created ClientToProxyConnection
11:39:55.398 [LittleProxy-ProxyToServerWorker-1] DEBUG o.l.p.impl.ProxyToServerConnection - (AWAITING_CHUNK) [id: 0x73a4f472, /127.0.0.1:48931 => localhost/127.0.0.1:8080]: Reading: EmptyLastHttpContent
11:39:55.399 [LittleProxy-ProxyToServerWorker-3] DEBUG o.l.p.impl.ClientToProxyConnection - (AWAITING_INITIAL) [id: 0x4990c9ae, /127.0.0.1:54164 => /127.0.1.1:45224]: Handling last chunk. Using normal client connection closing rules.
11:39:55.399 [LittleProxy-ClientToProxyWorker-2] DEBUG o.l.p.impl.ClientToProxyConnection - (AWAITING_INITIAL) [id: 0xbfd76251, /127.0.0.1:54162 => /127.0.1.1:45224]: Finding ProxyToServerConnection for: localhost:8080
11:39:55.399 [LittleProxy-ClientToProxyWorker-5] DEBUG o.l.p.impl.ClientToProxyConnection - (AWAITING_INITIAL): Created ClientToProxyConnection
11:39:55.399 [LittleProxy-ClientToProxyWorker-6] DEBUG o.l.p.impl.ClientToProxyConnection - (AWAITING_INITIAL) [id: 0x83599fa6, /127.0.0.1:54207 => /127.0.1.1:45224]: Reading: HttpObjectAggregator$AggregatedFullHttpRequest(decodeResult: success, version: HTTP/1.1, content: CompositeByteBuf(ridx: 0, widx: 0, cap: 0, components=0))
GET http://localhost:8080/campaign?page=1 HTTP/1.1
Host: localhost:8080
Proxy-Connection: keep-alive
Authorization: Basic YWRtaW46cGFzcw==
Accept: application/json, text/plain, */*
X-Forwarded-Proto: https
User-Agent: Mozilla/5.0 (X11; Linux x86_64) AppleWebKit/537.36 (KHTML, like Gecko) Chrome/44.0.2403.130 Safari/537.36
Referer: http://localhost:9000/
Accept-Encoding: gzip, deflate, sdch
Accept-Language: en-GB,en-US;q=0.8,en;q=0.6
Content-Length: 0
11:39:55.399 [LittleProxy-ProxyToServerWorker-1] DEBUG o.l.p.impl.ClientToProxyConnection - (AWAITING_INITIAL) [id: 0x324ae286, /127.0.0.1:54142 => /127.0.1.1:45224]: Retaining reference counted message
11:39:55.399 [LittleProxy-ProxyToServerWorker-3] DEBUG o.l.p.impl.ClientToProxyConnection - (AWAITING_INITIAL) [id: 0x4990c9ae, /127.0.0.1:54164 => /127.0.1.1:45224]: Not closing client connection for request: HttpObjectAggregator$AggregatedFullHttpRequest(decodeResult: success, version: HTTP/1.1, content: CompositeByteBuf(ridx: 0, widx: 0, cap: 0, components=0))
GET /campaign?page=1 HTTP/1.1
Host: localhost:8080
Authorization: Basic YWRtaW46cGFzcw==
Accept: application/json, text/plain, */*
X-Forwarded-Proto: https
User-Agent: Mozilla/5.0 (X11; Linux x86_64) AppleWebKit/537.36 (KHTML, like Gecko) Chrome/44.0.2403.130 Safari/537.36
Referer: http://localhost:9000/
Accept-Language: en-GB,en-US;q=0.8,en;q=0.6
Content-Length: 0
X-Forwarded-Proto: https
Accept-Encoding: gzip, deflate, 
Via: 1.1 localhost.localdomain
11:39:55.399 [LittleProxy-ClientToProxyWorker-2] DEBUG o.l.p.impl.ClientToProxyConnection - (AWAITING_INITIAL) [id: 0xbfd76251, /127.0.0.1:54162 => /127.0.1.1:45224]: Reusing existing server connection: org.littleshoot.proxy.impl.ProxyToServerConnection@7f68ab0c
11:39:55.399 [LittleProxy-ClientToProxyWorker-7] DEBUG o.l.p.impl.ClientToProxyConnection - (AWAITING_INITIAL) [id: 0xd04916de, /127.0.0.1:54208 => /127.0.1.1:45224]: Connected
11:39:55.399 [LittleProxy-ClientToProxyWorker-5] DEBUG o.l.p.impl.ClientToProxyConnection - (AWAITING_INITIAL) [id: 0x37fa264d, /127.0.0.1:54206 => /127.0.1.1:45224]: Connected
11:39:55.400 [LittleProxy-ClientToProxyWorker-6] DEBUG o.l.p.impl.ClientToProxyConnection - (AWAITING_INITIAL) [id: 0x83599fa6, /127.0.0.1:54207 => /127.0.1.1:45224]: Got request: HttpObjectAggregator$AggregatedFullHttpRequest(decodeResult: success, version: HTTP/1.1, content: CompositeByteBuf(ridx: 0, widx: 0, cap: 0, components=0))
GET http://localhost:8080/campaign?page=1 HTTP/1.1
Host: localhost:8080
Proxy-Connection: keep-alive
Authorization: Basic YWRtaW46cGFzcw==
Accept: application/json, text/plain, */*
X-Forwarded-Proto: https
User-Agent: Mozilla/5.0 (X11; Linux x86_64) AppleWebKit/537.36 (KHTML, like Gecko) Chrome/44.0.2403.130 Safari/537.36
Referer: http://localhost:9000/
Accept-Encoding: gzip, deflate, sdch
Accept-Language: en-GB,en-US;q=0.8,en;q=0.6
Content-Length: 0
11:39:55.400 [LittleProxy-ProxyToServerWorker-1] DEBUG o.l.p.impl.ClientToProxyConnection - (AWAITING_INITIAL) [id: 0x324ae286, /127.0.0.1:54142 => /127.0.1.1:45224]: Writing: EmptyLastHttpContent
11:39:55.400 [LittleProxy-ClientToProxyWorker-2] DEBUG o.l.p.impl.ClientToProxyConnection - (AWAITING_INITIAL) [id: 0xbfd76251, /127.0.0.1:54162 => /127.0.1.1:45224]: Modifying request headers for proxying
11:39:55.400 [LittleProxy-ClientToProxyWorker-7] DEBUG o.l.p.impl.ClientToProxyConnection - (AWAITING_INITIAL) [id: 0xd04916de, /127.0.0.1:54208 => /127.0.1.1:45224]: Reading: HttpObjectAggregator$AggregatedFullHttpRequest(decodeResult: success, version: HTTP/1.1, content: CompositeByteBuf(ridx: 0, widx: 0, cap: 0, components=0))
GET http://localhost:8080/campaign?page=1 HTTP/1.1
Host: localhost:8080
Proxy-Connection: keep-alive
Authorization: Basic YWRtaW46cGFzcw==
Accept: application/json, text/plain, */*
X-Forwarded-Proto: https
User-Agent: Mozilla/5.0 (X11; Linux x86_64) AppleWebKit/537.36 (KHTML, like Gecko) Chrome/44.0.2403.130 Safari/537.36
Referer: http://localhost:9000/
Accept-Encoding: gzip, deflate, sdch
Accept-Language: en-GB,en-US;q=0.8,en;q=0.6
Content-Length: 0
11:39:55.400 [LittleProxy-ClientToProxyWorker-5] DEBUG o.l.p.impl.ClientToProxyConnection - (AWAITING_INITIAL) [id: 0x37fa264d, /127.0.0.1:54206 => /127.0.1.1:45224]: Reading: HttpObjectAggregator$AggregatedFullHttpRequest(decodeResult: success, version: HTTP/1.1, content: CompositeByteBuf(ridx: 0, widx: 0, cap: 0, components=0))
GET http://localhost:8080/campaign?page=1 HTTP/1.1
Host: localhost:8080
Proxy-Connection: keep-alive
Authorization: Basic YWRtaW46cGFzcw==
Accept: application/json, text/plain, */*
X-Forwarded-Proto: https
User-Agent: Mozilla/5.0 (X11; Linux x86_64) AppleWebKit/537.36 (KHTML, like Gecko) Chrome/44.0.2403.130 Safari/537.36
Referer: http://localhost:9000/
Accept-Encoding: gzip, deflate, sdch
Accept-Language: en-GB,en-US;q=0.8,en;q=0.6
Content-Length: 0
11:39:55.400 [LittleProxy-ProxyToServerWorker-1] DEBUG o.l.p.impl.ClientToProxyConnection - (AWAITING_INITIAL) [id: 0x324ae286, /127.0.0.1:54142 => /127.0.1.1:45224]: Writing an empty buffer to signal the end of our chunked transfer
11:39:55.400 [LittleProxy-ClientToProxyWorker-2] DEBUG o.l.p.impl.ClientToProxyConnection - (AWAITING_INITIAL) [id: 0xbfd76251, /127.0.0.1:54162 => /127.0.1.1:45224]: Modifying request for proxy chaining
11:39:55.400 [LittleProxy-ClientToProxyWorker-6] DEBUG o.l.p.impl.ClientToProxyConnection - (AWAITING_INITIAL) [id: 0x83599fa6, /127.0.0.1:54207 => /127.0.1.1:45224]: Ensuring that hostAndPort are available in http://localhost:8080/campaign?page=1
11:39:55.400 [LittleProxy-ClientToProxyWorker-7] DEBUG o.l.p.impl.ClientToProxyConnection - (AWAITING_INITIAL) [id: 0xd04916de, /127.0.0.1:54208 => /127.0.1.1:45224]: Got request: HttpObjectAggregator$AggregatedFullHttpRequest(decodeResult: success, version: HTTP/1.1, content: CompositeByteBuf(ridx: 0, widx: 0, cap: 0, components=0))
GET http://localhost:8080/campaign?page=1 HTTP/1.1
Host: localhost:8080
Proxy-Connection: keep-alive
Authorization: Basic YWRtaW46cGFzcw==
Accept: application/json, text/plain, */*
X-Forwarded-Proto: https
User-Agent: Mozilla/5.0 (X11; Linux x86_64) AppleWebKit/537.36 (KHTML, like Gecko) Chrome/44.0.2403.130 Safari/537.36
Referer: http://localhost:9000/
Accept-Encoding: gzip, deflate, sdch
Accept-Language: en-GB,en-US;q=0.8,en;q=0.6
Content-Length: 0
11:39:55.400 [LittleProxy-ClientToProxyWorker-5] DEBUG o.l.p.impl.ClientToProxyConnection - (AWAITING_INITIAL) [id: 0x37fa264d, /127.0.0.1:54206 => /127.0.1.1:45224]: Got request: HttpObjectAggregator$AggregatedFullHttpRequest(decodeResult: success, version: HTTP/1.1, content: CompositeByteBuf(ridx: 0, widx: 0, cap: 0, components=0))
GET http://localhost:8080/campaign?page=1 HTTP/1.1
Host: localhost:8080
Proxy-Connection: keep-alive
Authorization: Basic YWRtaW46cGFzcw==
Accept: application/json, text/plain, */*
X-Forwarded-Proto: https
User-Agent: Mozilla/5.0 (X11; Linux x86_64) AppleWebKit/537.36 (KHTML, like Gecko) Chrome/44.0.2403.130 Safari/537.36
Referer: http://localhost:9000/
Accept-Encoding: gzip, deflate, sdch
Accept-Language: en-GB,en-US;q=0.8,en;q=0.6
Content-Length: 0
11:39:55.400 [LittleProxy-ProxyToServerWorker-1] DEBUG o.l.p.impl.ClientToProxyConnection - (AWAITING_INITIAL) [id: 0x324ae286, /127.0.0.1:54142 => /127.0.1.1:45224]: Wrote: EmptyLastHttpContent
11:39:55.400 [LittleProxy-ClientToProxyWorker-2] DEBUG o.l.p.impl.ClientToProxyConnection - (AWAITING_INITIAL) [id: 0xbfd76251, /127.0.0.1:54162 => /127.0.1.1:45224]: Stripped host from uri: http://localhost:8080/campaign    yielding: /campaign
11:39:55.400 [LittleProxy-ClientToProxyWorker-6] DEBUG o.l.p.impl.ClientToProxyConnection - (AWAITING_INITIAL) [id: 0x83599fa6, /127.0.0.1:54207 => /127.0.1.1:45224]: Finding ProxyToServerConnection for: localhost:8080
11:39:55.411 [LittleProxy-ProxyToServerWorker-1] DEBUG o.l.p.impl.ClientToProxyConnection - (AWAITING_INITIAL) [id: 0x324ae286, /127.0.0.1:54142 => /127.0.1.1:45224]: Retaining reference counted message
11:39:55.411 [LittleProxy-ClientToProxyWorker-6] DEBUG o.l.p.impl.ClientToProxyConnection - (AWAITING_INITIAL) [id: 0x83599fa6, /127.0.0.1:54207 => /127.0.1.1:45224]: Didn't find existing ProxyToServerConnection for: localhost:8080
11:39:55.411 [LittleProxy-ClientToProxyWorker-2] DEBUG o.l.p.impl.ClientToProxyConnection - (AWAITING_INITIAL) [id: 0xbfd76251, /127.0.0.1:54162 => /127.0.1.1:45224]: Removed sdch and inserted: gzip, deflate, 
11:39:55.411 [LittleProxy-ProxyToServerWorker-1] DEBUG o.l.p.impl.ClientToProxyConnection - (AWAITING_INITIAL) [id: 0x324ae286, /127.0.0.1:54142 => /127.0.1.1:45224]: Writing: EmptyByteBufBE
11:39:55.411 [LittleProxy-ClientToProxyWorker-2] DEBUG o.l.p.impl.ClientToProxyConnection - (AWAITING_INITIAL) [id: 0xbfd76251, /127.0.0.1:54162 => /127.0.1.1:45224]: Writing request to ProxyToServerConnection
11:39:55.411 [LittleProxy-ProxyToServerWorker-1] DEBUG o.l.p.impl.ClientToProxyConnection - (AWAITING_INITIAL) [id: 0x324ae286, /127.0.0.1:54142 => /127.0.1.1:45224]: Wrote: EmptyByteBufBE
11:39:55.411 [LittleProxy-ClientToProxyWorker-2] DEBUG o.l.p.impl.ProxyToServerConnection - (AWAITING_INITIAL) [id: 0xf37282df, /127.0.0.1:48951 => localhost/127.0.0.1:8080]: Requested write of HttpObjectAggregator$AggregatedFullHttpRequest(decodeResult: success, version: HTTP/1.1, content: CompositeByteBuf(ridx: 0, widx: 0, cap: 0, components=0))
GET /campaign HTTP/1.1
Host: localhost:8080
Authorization: Basic YWRtaW46cGFzcw==
Accept: application/json, text/plain, */*
X-Forwarded-Proto: https
User-Agent: Mozilla/5.0 (X11; Linux x86_64) AppleWebKit/537.36 (KHTML, like Gecko) Chrome/44.0.2403.130 Safari/537.36
Referer: http://localhost:9000/
Accept-Language: en-GB,en-US;q=0.8,en;q=0.6
Content-Length: 0
X-Forwarded-Proto: https
Accept-Encoding: gzip, deflate, 
Via: 1.1 localhost.localdomain
11:39:55.411 [LittleProxy-ProxyToServerWorker-1] DEBUG o.l.p.impl.ClientToProxyConnection - (AWAITING_INITIAL) [id: 0x324ae286, /127.0.0.1:54142 => /127.0.1.1:45224]: Handling last chunk. Using normal server connection closing rules.
11:39:55.412 [LittleProxy-ClientToProxyWorker-1] DEBUG o.l.p.impl.ClientToProxyConnection - (AWAITING_INITIAL) [id: 0x324ae286, /127.0.0.1:54142 => /127.0.1.1:45224]: Reading: HttpObjectAggregator$AggregatedFullHttpRequest(decodeResult: success, version: HTTP/1.1, content: CompositeByteBuf(ridx: 0, widx: 0, cap: 0, components=0))
GET http://localhost:8080/ HTTP/1.1
Host: localhost:8080
Proxy-Connection: keep-alive
Authorization: Basic YWRtaW46cGFzcw==
Accept: application/json, text/plain, */*
X-Forwarded-Proto: https
User-Agent: Mozilla/5.0 (X11; Linux x86_64) AppleWebKit/537.36 (KHTML, like Gecko) Chrome/44.0.2403.130 Safari/537.36
Referer: http://localhost:9000/
Accept-Encoding: gzip, deflate, sdch
Accept-Language: en-GB,en-US;q=0.8,en;q=0.6
Content-Length: 0
11:39:55.415 [LittleProxy-ProxyToServerWorker-1] DEBUG o.l.p.impl.ClientToProxyConnection - (AWAITING_INITIAL) [id: 0x324ae286, /127.0.0.1:54142 => /127.0.1.1:45224]: Not closing server connection for response: DefaultHttpResponse(decodeResult: success, version: HTTP/1.1)
HTTP/1.1 200 OK
Server: Apache-Coyote/1.1
Access-Control-Allow-Origin: null
Access-Control-Allow-Credentials: true
Strict-Transport-Security: max-age=31536000 ; includeSubDomains
X-Frame-Options: DENY
X-XSS-Protection: 1; mode=block
X-Content-Type-Options: nosniff
Cache-Control: no-cache, no-store, max-age=0, must-revalidate
Pragma: no-cache
Expires: 0
X-Application-Context: application:development
Content-Type: application/json;charset=UTF-8
Transfer-Encoding: chunked
Date: Tue, 08 Sep 2015 10:39:54 GMT
11:39:55.415 [LittleProxy-ClientToProxyWorker-1] DEBUG o.l.p.impl.ClientToProxyConnection - (AWAITING_INITIAL) [id: 0x324ae286, /127.0.0.1:54142 => /127.0.1.1:45224]: Got request: HttpObjectAggregator$AggregatedFullHttpRequest(decodeResult: success, version: HTTP/1.1, content: CompositeByteBuf(ridx: 0, widx: 0, cap: 0, components=0))
GET http://localhost:8080/ HTTP/1.1
Host: localhost:8080
Proxy-Connection: keep-alive
Authorization: Basic YWRtaW46cGFzcw==
Accept: application/json, text/plain, */*
X-Forwarded-Proto: https
User-Agent: Mozilla/5.0 (X11; Linux x86_64) AppleWebKit/537.36 (KHTML, like Gecko) Chrome/44.0.2403.130 Safari/537.36
Referer: http://localhost:9000/
Accept-Encoding: gzip, deflate, sdch
Accept-Language: en-GB,en-US;q=0.8,en;q=0.6
Content-Length: 0
11:39:55.415 [LittleProxy-ProxyToServerWorker-1] DEBUG o.l.p.impl.ClientToProxyConnection - (AWAITING_INITIAL) [id: 0x324ae286, /127.0.0.1:54142 => /127.0.1.1:45224]: Handling last chunk. Using normal client connection closing rules.
11:39:55.415 [LittleProxy-ClientToProxyWorker-1] DEBUG o.l.p.impl.ClientToProxyConnection - (AWAITING_INITIAL) [id: 0x324ae286, /127.0.0.1:54142 => /127.0.1.1:45224]: Ensuring that hostAndPort are available in http://localhost:8080/
11:39:55.415 [LittleProxy-ClientToProxyWorker-1] DEBUG o.l.p.impl.ClientToProxyConnection - (AWAITING_INITIAL) [id: 0x324ae286, /127.0.0.1:54142 => /127.0.1.1:45224]: Finding ProxyToServerConnection for: localhost:8080
11:39:55.415 [LittleProxy-ClientToProxyWorker-1] DEBUG o.l.p.impl.ClientToProxyConnection - (AWAITING_INITIAL) [id: 0x324ae286, /127.0.0.1:54142 => /127.0.1.1:45224]: Reusing existing server connection: org.littleshoot.proxy.impl.ProxyToServerConnection@42cb70ae
11:39:55.416 [LittleProxy-ClientToProxyWorker-2] DEBUG o.l.p.impl.ProxyToServerConnection - (AWAITING_INITIAL) [id: 0xf37282df, /127.0.0.1:48951 => localhost/127.0.0.1:8080]: Retaining reference counted message
11:39:55.417 [LittleProxy-ClientToProxyWorker-6] DEBUG o.l.p.impl.ClientToProxyConnection - (AWAITING_INITIAL) [id: 0x83599fa6, /127.0.0.1:54207 => /127.0.1.1:45224]: Modifying request headers for proxying
11:39:55.417 [LittleProxy-ClientToProxyWorker-1] DEBUG o.l.p.impl.ClientToProxyConnection - (AWAITING_INITIAL) [id: 0x324ae286, /127.0.0.1:54142 => /127.0.1.1:45224]: Modifying request headers for proxying
11:39:55.417 [LittleProxy-ClientToProxyWorker-2] DEBUG o.l.p.impl.ProxyToServerConnection - (AWAITING_INITIAL) [id: 0xf37282df, /127.0.0.1:48951 => localhost/127.0.0.1:8080]: Using existing connection to: localhost/127.0.0.1:8080
11:39:55.417 [LittleProxy-ClientToProxyWorker-6] DEBUG o.l.p.impl.ClientToProxyConnection - (AWAITING_INITIAL) [id: 0x83599fa6, /127.0.0.1:54207 => /127.0.1.1:45224]: Modifying request for proxy chaining
11:39:55.417 [LittleProxy-ClientToProxyWorker-1] DEBUG o.l.p.impl.ClientToProxyConnection - (AWAITING_INITIAL) [id: 0x324ae286, /127.0.0.1:54142 => /127.0.1.1:45224]: Modifying request for proxy chaining
11:39:55.418 [LittleProxy-ClientToProxyWorker-2] DEBUG o.l.p.impl.ProxyToServerConnection - (AWAITING_INITIAL) [id: 0xf37282df, /127.0.0.1:48951 => localhost/127.0.0.1:8080]: Writing: HttpObjectAggregator$AggregatedFullHttpRequest(decodeResult: success, version: HTTP/1.1, content: CompositeByteBuf(ridx: 0, widx: 0, cap: 0, components=0))
GET /campaign HTTP/1.1
Host: localhost:8080
Authorization: Basic YWRtaW46cGFzcw==
Accept: application/json, text/plain, */*
X-Forwarded-Proto: https
User-Agent: Mozilla/5.0 (X11; Linux x86_64) AppleWebKit/537.36 (KHTML, like Gecko) Chrome/44.0.2403.130 Safari/537.36
Referer: http://localhost:9000/
Accept-Language: en-GB,en-US;q=0.8,en;q=0.6
Content-Length: 0
X-Forwarded-Proto: https
Accept-Encoding: gzip, deflate, 
Via: 1.1 localhost.localdomain
11:39:55.418 [LittleProxy-ClientToProxyWorker-6] DEBUG o.l.p.impl.ClientToProxyConnection - (AWAITING_INITIAL) [id: 0x83599fa6, /127.0.0.1:54207 => /127.0.1.1:45224]: Stripped host from uri: http://localhost:8080/campaign?page=1    yielding: /campaign?page=1
11:39:55.418 [LittleProxy-ClientToProxyWorker-1] DEBUG o.l.p.impl.ClientToProxyConnection - (AWAITING_INITIAL) [id: 0x324ae286, /127.0.0.1:54142 => /127.0.1.1:45224]: Stripped host from uri: http://localhost:8080/    yielding: /
11:39:55.418 [LittleProxy-ClientToProxyWorker-2] DEBUG o.l.p.impl.ProxyToServerConnection - (AWAITING_INITIAL) [id: 0xf37282df, /127.0.0.1:48951 => localhost/127.0.0.1:8080]: Writing an empty buffer to signal the end of our chunked transfer
11:39:55.418 [LittleProxy-ClientToProxyWorker-6] DEBUG o.l.p.impl.ClientToProxyConnection - (AWAITING_INITIAL) [id: 0x83599fa6, /127.0.0.1:54207 => /127.0.1.1:45224]: Removed sdch and inserted: gzip, deflate, 
11:39:55.418 [LittleProxy-ClientToProxyWorker-1] DEBUG o.l.p.impl.ClientToProxyConnection - (AWAITING_INITIAL) [id: 0x324ae286, /127.0.0.1:54142 => /127.0.1.1:45224]: Removed sdch and inserted: gzip, deflate, 
11:39:55.418 [LittleProxy-ProxyToServerWorker-1] DEBUG o.l.p.impl.ClientToProxyConnection - (AWAITING_INITIAL) [id: 0x324ae286, /127.0.0.1:54142 => /127.0.1.1:45224]: Not closing client connection for request: [FAILED toString()]
11:39:55.419 [LittleProxy-ClientToProxyWorker-1] DEBUG o.l.p.impl.ClientToProxyConnection - (AWAITING_INITIAL) [id: 0x324ae286, /127.0.0.1:54142 => /127.0.1.1:45224]: Writing request to ProxyToServerConnection
11:39:55.419 [LittleProxy-ClientToProxyWorker-6] DEBUG o.l.p.impl.ClientToProxyConnection - (AWAITING_INITIAL) [id: 0x83599fa6, /127.0.0.1:54207 => /127.0.1.1:45224]: Writing request to ProxyToServerConnection
11:39:55.419 [LittleProxy-ClientToProxyWorker-1] DEBUG o.l.p.impl.ProxyToServerConnection - (AWAITING_INITIAL) [id: 0x73a4f472, /127.0.0.1:48931 => localhost/127.0.0.1:8080]: Requested write of HttpObjectAggregator$AggregatedFullHttpRequest(decodeResult: success, version: HTTP/1.1, content: CompositeByteBuf(ridx: 0, widx: 0, cap: 0, components=0))
GET / HTTP/1.1
Host: localhost:8080
Authorization: Basic YWRtaW46cGFzcw==
Accept: application/json, text/plain, */*
X-Forwarded-Proto: https
User-Agent: Mozilla/5.0 (X11; Linux x86_64) AppleWebKit/537.36 (KHTML, like Gecko) Chrome/44.0.2403.130 Safari/537.36
Referer: http://localhost:9000/
Accept-Language: en-GB,en-US;q=0.8,en;q=0.6
Content-Length: 0
X-Forwarded-Proto: https
Accept-Encoding: gzip, deflate, 
Via: 1.1 localhost.localdomain
11:39:55.419 [LittleProxy-ClientToProxyWorker-6] DEBUG o.l.p.impl.ProxyToServerConnection - (DISCONNECTED): Requested write of HttpObjectAggregator$AggregatedFullHttpRequest(decodeResult: success, version: HTTP/1.1, content: CompositeByteBuf(ridx: 0, widx: 0, cap: 0, components=0))
GET /campaign?page=1 HTTP/1.1
Host: localhost:8080
Authorization: Basic YWRtaW46cGFzcw==
Accept: application/json, text/plain, */*
X-Forwarded-Proto: https
User-Agent: Mozilla/5.0 (X11; Linux x86_64) AppleWebKit/537.36 (KHTML, like Gecko) Chrome/44.0.2403.130 Safari/537.36
Referer: http://localhost:9000/
Accept-Language: en-GB,en-US;q=0.8,en;q=0.6
Content-Length: 0
X-Forwarded-Proto: https
Accept-Encoding: gzip, deflate, 
Via: 1.1 localhost.localdomain
11:39:55.419 [LittleProxy-ClientToProxyWorker-2] DEBUG o.l.p.impl.ProxyToServerConnection - (AWAITING_INITIAL) [id: 0xf37282df, /127.0.0.1:48951 => localhost/127.0.0.1:8080]: Wrote: HttpObjectAggregator$AggregatedFullHttpRequest(decodeResult: success, version: HTTP/1.1, content: CompositeByteBuf(ridx: 0, widx: 0, cap: 0, components=0))
GET /campaign HTTP/1.1
Host: localhost:8080
Authorization: Basic YWRtaW46cGFzcw==
Accept: application/json, text/plain, */*
X-Forwarded-Proto: https
User-Agent: Mozilla/5.0 (X11; Linux x86_64) AppleWebKit/537.36 (KHTML, like Gecko) Chrome/44.0.2403.130 Safari/537.36
Referer: http://localhost:9000/
Accept-Language: en-GB,en-US;q=0.8,en;q=0.6
Content-Length: 0
X-Forwarded-Proto: https
Accept-Encoding: gzip, deflate, 
Via: 1.1 localhost.localdomain
11:39:55.419 [LittleProxy-ClientToProxyWorker-1] DEBUG o.l.p.impl.ProxyToServerConnection - (AWAITING_INITIAL) [id: 0x73a4f472, /127.0.0.1:48931 => localhost/127.0.0.1:8080]: Retaining reference counted message
11:39:55.419 [LittleProxy-ClientToProxyWorker-6] DEBUG o.l.p.impl.ProxyToServerConnection - (DISCONNECTED): Retaining reference counted message
11:39:55.419 [LittleProxy-ClientToProxyWorker-1] DEBUG o.l.p.impl.ProxyToServerConnection - (AWAITING_INITIAL) [id: 0x73a4f472, /127.0.0.1:48931 => localhost/127.0.0.1:8080]: Using existing connection to: localhost/127.0.0.1:8080
11:39:55.419 [LittleProxy-ClientToProxyWorker-1] DEBUG o.l.p.impl.ProxyToServerConnection - (AWAITING_INITIAL) [id: 0x73a4f472, /127.0.0.1:48931 => localhost/127.0.0.1:8080]: Writing: HttpObjectAggregator$AggregatedFullHttpRequest(decodeResult: success, version: HTTP/1.1, content: CompositeByteBuf(ridx: 0, widx: 0, cap: 0, components=0))
GET / HTTP/1.1
Host: localhost:8080
Authorization: Basic YWRtaW46cGFzcw==
Accept: application/json, text/plain, */*
X-Forwarded-Proto: https
User-Agent: Mozilla/5.0 (X11; Linux x86_64) AppleWebKit/537.36 (KHTML, like Gecko) Chrome/44.0.2403.130 Safari/537.36
Referer: http://localhost:9000/
Accept-Language: en-GB,en-US;q=0.8,en;q=0.6
Content-Length: 0
X-Forwarded-Proto: https
Accept-Encoding: gzip, deflate, 
Via: 1.1 localhost.localdomain
11:39:55.419 [LittleProxy-ClientToProxyWorker-1] DEBUG o.l.p.impl.ProxyToServerConnection - (AWAITING_INITIAL) [id: 0x73a4f472, /127.0.0.1:48931 => localhost/127.0.0.1:8080]: Writing an empty buffer to signal the end of our chunked transfer
11:39:55.419 [LittleProxy-ClientToProxyWorker-1] DEBUG o.l.p.impl.ProxyToServerConnection - (AWAITING_INITIAL) [id: 0x73a4f472, /127.0.0.1:48931 => localhost/127.0.0.1:8080]: Wrote: HttpObjectAggregator$AggregatedFullHttpRequest(decodeResult: success, version: HTTP/1.1, content: CompositeByteBuf(ridx: 0, widx: 0, cap: 0, components=0))
GET / HTTP/1.1
Host: localhost:8080
Authorization: Basic YWRtaW46cGFzcw==
Accept: application/json, text/plain, */*
X-Forwarded-Proto: https
User-Agent: Mozilla/5.0 (X11; Linux x86_64) AppleWebKit/537.36 (KHTML, like Gecko) Chrome/44.0.2403.130 Safari/537.36
Referer: http://localhost:9000/
Accept-Language: en-GB,en-US;q=0.8,en;q=0.6
Content-Length: 0
X-Forwarded-Proto: https
Accept-Encoding: gzip, deflate, 
Via: 1.1 localhost.localdomain
11:39:55.419 [LittleProxy-ClientToProxyWorker-6] DEBUG o.l.p.impl.ProxyToServerConnection - (DISCONNECTED): Currently disconnected, connect and then write the message
11:39:55.419 [LittleProxy-ClientToProxyWorker-6] DEBUG o.l.p.impl.ProxyToServerConnection - (DISCONNECTED): Starting new connection to: localhost/127.0.0.1:8080
11:39:55.419 [LittleProxy-ClientToProxyWorker-6] DEBUG o.l.p.impl.ClientToProxyConnection - (AWAITING_INITIAL) [id: 0x83599fa6, /127.0.0.1:54207 => /127.0.1.1:45224]: Stopped reading
11:39:55.419 [LittleProxy-ClientToProxyWorker-6] DEBUG o.l.p.impl.ProxyToServerConnection - (DISCONNECTED): Processing connection flow step: CONNECTING
11:39:55.419 [LittleProxy-ClientToProxyWorker-6] DEBUG o.l.p.impl.ProxyToServerConnection - (CONNECTING): Connecting to server with TCP
11:39:55.420 [LittleProxy-ClientToProxyWorker-7] DEBUG o.l.p.impl.ClientToProxyConnection - (AWAITING_INITIAL) [id: 0xd04916de, /127.0.0.1:54208 => /127.0.1.1:45224]: Ensuring that hostAndPort are available in http://localhost:8080/campaign?page=1
11:39:55.421 [LittleProxy-ClientToProxyWorker-7] DEBUG o.l.p.impl.ClientToProxyConnection - (AWAITING_INITIAL) [id: 0xd04916de, /127.0.0.1:54208 => /127.0.1.1:45224]: Finding ProxyToServerConnection for: localhost:8080
11:39:55.421 [LittleProxy-ClientToProxyWorker-7] DEBUG o.l.p.impl.ClientToProxyConnection - (AWAITING_INITIAL) [id: 0xd04916de, /127.0.0.1:54208 => /127.0.1.1:45224]: Didn't find existing ProxyToServerConnection for: localhost:8080
11:39:55.421 [LittleProxy-ClientToProxyWorker-7] DEBUG o.l.p.impl.ClientToProxyConnection - (AWAITING_INITIAL) [id: 0xd04916de, /127.0.0.1:54208 => /127.0.1.1:45224]: Modifying request headers for proxying
11:39:55.421 [LittleProxy-ClientToProxyWorker-7] DEBUG o.l.p.impl.ClientToProxyConnection - (AWAITING_INITIAL) [id: 0xd04916de, /127.0.0.1:54208 => /127.0.1.1:45224]: Modifying request for proxy chaining
11:39:55.421 [LittleProxy-ClientToProxyWorker-7] DEBUG o.l.p.impl.ClientToProxyConnection - (AWAITING_INITIAL) [id: 0xd04916de, /127.0.0.1:54208 => /127.0.1.1:45224]: Stripped host from uri: http://localhost:8080/campaign?page=1    yielding: /campaign?page=1
11:39:55.421 [LittleProxy-ClientToProxyWorker-7] DEBUG o.l.p.impl.ClientToProxyConnection - (AWAITING_INITIAL) [id: 0xd04916de, /127.0.0.1:54208 => /127.0.1.1:45224]: Removed sdch and inserted: gzip, deflate, 
11:39:55.422 [LittleProxy-ProxyToServerWorker-5] DEBUG o.l.p.impl.ProxyToServerConnection - (CONNECTING) [id: 0x420c5910, /127.0.0.1:48997 => localhost/127.0.0.1:8080]: ConnectionFlowStep succeeded
11:39:55.422 [LittleProxy-ClientToProxyWorker-7] DEBUG o.l.p.impl.ClientToProxyConnection - (AWAITING_INITIAL) [id: 0xd04916de, /127.0.0.1:54208 => /127.0.1.1:45224]: Writing request to ProxyToServerConnection
11:39:55.422 [LittleProxy-ClientToProxyWorker-5] DEBUG o.l.p.impl.ClientToProxyConnection - (AWAITING_INITIAL) [id: 0x37fa264d, /127.0.0.1:54206 => /127.0.1.1:45224]: Ensuring that hostAndPort are available in http://localhost:8080/campaign?page=1
11:39:55.422 [LittleProxy-ProxyToServerWorker-5] DEBUG o.l.p.impl.ProxyToServerConnection - (CONNECTING) [id: 0x420c5910, /127.0.0.1:48997 => localhost/127.0.0.1:8080]: Connection flow completed successfully: null
11:39:55.422 [LittleProxy-ClientToProxyWorker-7] DEBUG o.l.p.impl.ProxyToServerConnection - (DISCONNECTED): Requested write of HttpObjectAggregator$AggregatedFullHttpRequest(decodeResult: success, version: HTTP/1.1, content: CompositeByteBuf(ridx: 0, widx: 0, cap: 0, components=0))
GET /campaign?page=1 HTTP/1.1
Host: localhost:8080
Authorization: Basic YWRtaW46cGFzcw==
Accept: application/json, text/plain, */*
X-Forwarded-Proto: https
User-Agent: Mozilla/5.0 (X11; Linux x86_64) AppleWebKit/537.36 (KHTML, like Gecko) Chrome/44.0.2403.130 Safari/537.36
Referer: http://localhost:9000/
Accept-Language: en-GB,en-US;q=0.8,en;q=0.6
Content-Length: 0
X-Forwarded-Proto: https
Accept-Encoding: gzip, deflate, 
Via: 1.1 localhost.localdomain
11:39:55.422 [LittleProxy-ClientToProxyWorker-5] DEBUG o.l.p.impl.ClientToProxyConnection - (AWAITING_INITIAL) [id: 0x37fa264d, /127.0.0.1:54206 => /127.0.1.1:45224]: Finding ProxyToServerConnection for: localhost:8080
11:39:55.422 [LittleProxy-ProxyToServerWorker-5] DEBUG o.l.p.impl.ClientToProxyConnection - (AWAITING_INITIAL) [id: 0x83599fa6, /127.0.0.1:54207 => /127.0.1.1:45224]: Connection to server succeeded: localhost/127.0.0.1:8080
11:39:55.422 [LittleProxy-ClientToProxyWorker-7] DEBUG o.l.p.impl.ProxyToServerConnection - (DISCONNECTED): Retaining reference counted message
11:39:55.422 [LittleProxy-ClientToProxyWorker-5] DEBUG o.l.p.impl.ClientToProxyConnection - (AWAITING_INITIAL) [id: 0x37fa264d, /127.0.0.1:54206 => /127.0.1.1:45224]: Didn't find existing ProxyToServerConnection for: localhost:8080
11:39:55.422 [LittleProxy-ProxyToServerWorker-5] DEBUG o.l.p.impl.ClientToProxyConnection - (AWAITING_INITIAL) [id: 0x83599fa6, /127.0.0.1:54207 => /127.0.1.1:45224]: All servers have finished attempting to connect, resuming reading from client.
11:39:55.423 [LittleProxy-ClientToProxyWorker-7] DEBUG o.l.p.impl.ProxyToServerConnection - (DISCONNECTED): Currently disconnected, connect and then write the message
11:39:55.423 [LittleProxy-ProxyToServerWorker-5] DEBUG o.l.p.impl.ClientToProxyConnection - (AWAITING_INITIAL) [id: 0x83599fa6, /127.0.0.1:54207 => /127.0.1.1:45224]: Resumed reading
11:39:55.423 [LittleProxy-ClientToProxyWorker-7] DEBUG o.l.p.impl.ProxyToServerConnection - (DISCONNECTED): Starting new connection to: localhost/127.0.0.1:8080
11:39:55.423 [LittleProxy-ClientToProxyWorker-7] DEBUG o.l.p.impl.ClientToProxyConnection - (AWAITING_INITIAL) [id: 0xd04916de, /127.0.0.1:54208 => /127.0.1.1:45224]: Stopped reading
11:39:55.423 [LittleProxy-ProxyToServerWorker-5] DEBUG o.l.p.impl.ProxyToServerConnection - (AWAITING_INITIAL) [id: 0x420c5910, /127.0.0.1:48997 => localhost/127.0.0.1:8080]: Writing initial request: HttpObjectAggregator$AggregatedFullHttpRequest(decodeResult: success, version: HTTP/1.1, content: CompositeByteBuf(ridx: 0, widx: 0, cap: 0, components=0))
GET /campaign?page=1 HTTP/1.1
Host: localhost:8080
Authorization: Basic YWRtaW46cGFzcw==
Accept: application/json, text/plain, */*
X-Forwarded-Proto: https
User-Agent: Mozilla/5.0 (X11; Linux x86_64) AppleWebKit/537.36 (KHTML, like Gecko) Chrome/44.0.2403.130 Safari/537.36
Referer: http://localhost:9000/
Accept-Language: en-GB,en-US;q=0.8,en;q=0.6
Content-Length: 0
X-Forwarded-Proto: https
Accept-Encoding: gzip, deflate, 
Via: 1.1 localhost.localdomain
11:39:55.423 [LittleProxy-ClientToProxyWorker-7] DEBUG o.l.p.impl.ProxyToServerConnection - (DISCONNECTED): Processing connection flow step: CONNECTING
11:39:55.423 [LittleProxy-ProxyToServerWorker-5] DEBUG o.l.p.impl.ProxyToServerConnection - (AWAITING_INITIAL) [id: 0x420c5910, /127.0.0.1:48997 => localhost/127.0.0.1:8080]: Requested write of HttpObjectAggregator$AggregatedFullHttpRequest(decodeResult: success, version: HTTP/1.1, content: CompositeByteBuf(ridx: 0, widx: 0, cap: 0, components=0))
GET /campaign?page=1 HTTP/1.1
Host: localhost:8080
Authorization: Basic YWRtaW46cGFzcw==
Accept: application/json, text/plain, */*
X-Forwarded-Proto: https
User-Agent: Mozilla/5.0 (X11; Linux x86_64) AppleWebKit/537.36 (KHTML, like Gecko) Chrome/44.0.2403.130 Safari/537.36
Referer: http://localhost:9000/
Accept-Language: en-GB,en-US;q=0.8,en;q=0.6
Content-Length: 0
X-Forwarded-Proto: https
Accept-Encoding: gzip, deflate, 
Via: 1.1 localhost.localdomain
11:39:55.423 [LittleProxy-ClientToProxyWorker-7] DEBUG o.l.p.impl.ProxyToServerConnection - (CONNECTING): Connecting to server with TCP
11:39:55.423 [LittleProxy-ProxyToServerWorker-5] DEBUG o.l.p.impl.ProxyToServerConnection - (AWAITING_INITIAL) [id: 0x420c5910, /127.0.0.1:48997 => localhost/127.0.0.1:8080]: Retaining reference counted message
11:39:55.423 [LittleProxy-ClientToProxyWorker-5] DEBUG o.l.p.impl.ClientToProxyConnection - (AWAITING_INITIAL) [id: 0x37fa264d, /127.0.0.1:54206 => /127.0.1.1:45224]: Modifying request headers for proxying
11:39:55.423 [LittleProxy-ProxyToServerWorker-5] DEBUG o.l.p.impl.ProxyToServerConnection - (AWAITING_INITIAL) [id: 0x420c5910, /127.0.0.1:48997 => localhost/127.0.0.1:8080]: Using existing connection to: localhost/127.0.0.1:8080
11:39:55.424 [LittleProxy-ProxyToServerWorker-6] DEBUG o.l.p.impl.ProxyToServerConnection - (CONNECTING) [id: 0x58f77194, /127.0.0.1:48998 => localhost/127.0.0.1:8080]: ConnectionFlowStep succeeded
11:39:55.424 [LittleProxy-ClientToProxyWorker-5] DEBUG o.l.p.impl.ClientToProxyConnection - (AWAITING_INITIAL) [id: 0x37fa264d, /127.0.0.1:54206 => /127.0.1.1:45224]: Modifying request for proxy chaining
11:39:55.424 [LittleProxy-ProxyToServerWorker-5] DEBUG o.l.p.impl.ProxyToServerConnection - (AWAITING_INITIAL) [id: 0x420c5910, /127.0.0.1:48997 => localhost/127.0.0.1:8080]: Writing: HttpObjectAggregator$AggregatedFullHttpRequest(decodeResult: success, version: HTTP/1.1, content: CompositeByteBuf(ridx: 0, widx: 0, cap: 0, components=0))
GET /campaign?page=1 HTTP/1.1
Host: localhost:8080
Authorization: Basic YWRtaW46cGFzcw==
Accept: application/json, text/plain, */*
X-Forwarded-Proto: https
User-Agent: Mozilla/5.0 (X11; Linux x86_64) AppleWebKit/537.36 (KHTML, like Gecko) Chrome/44.0.2403.130 Safari/537.36
Referer: http://localhost:9000/
Accept-Language: en-GB,en-US;q=0.8,en;q=0.6
Content-Length: 0
X-Forwarded-Proto: https
Accept-Encoding: gzip, deflate, 
Via: 1.1 localhost.localdomain
11:39:55.424 [LittleProxy-ProxyToServerWorker-6] DEBUG o.l.p.impl.ProxyToServerConnection - (CONNECTING) [id: 0x58f77194, /127.0.0.1:48998 => localhost/127.0.0.1:8080]: Connection flow completed successfully: null
11:39:55.424 [LittleProxy-ProxyToServerWorker-5] DEBUG o.l.p.impl.ProxyToServerConnection - (AWAITING_INITIAL) [id: 0x420c5910, /127.0.0.1:48997 => localhost/127.0.0.1:8080]: Writing an empty buffer to signal the end of our chunked transfer
11:39:55.425 [LittleProxy-ProxyToServerWorker-6] DEBUG o.l.p.impl.ClientToProxyConnection - (AWAITING_INITIAL) [id: 0xd04916de, /127.0.0.1:54208 => /127.0.1.1:45224]: Connection to server succeeded: localhost/127.0.0.1:8080
11:39:55.425 [LittleProxy-ProxyToServerWorker-5] DEBUG o.l.p.impl.ProxyToServerConnection - (AWAITING_INITIAL) [id: 0x420c5910, /127.0.0.1:48997 => localhost/127.0.0.1:8080]: Wrote: HttpObjectAggregator$AggregatedFullHttpRequest(decodeResult: success, version: HTTP/1.1, content: CompositeByteBuf(ridx: 0, widx: 0, cap: 0, components=0))
GET /campaign?page=1 HTTP/1.1
Host: localhost:8080
Authorization: Basic YWRtaW46cGFzcw==
Accept: application/json, text/plain, */*
X-Forwarded-Proto: https
User-Agent: Mozilla/5.0 (X11; Linux x86_64) AppleWebKit/537.36 (KHTML, like Gecko) Chrome/44.0.2403.130 Safari/537.36
Referer: http://localhost:9000/
Accept-Language: en-GB,en-US;q=0.8,en;q=0.6
Content-Length: 0
X-Forwarded-Proto: https
Accept-Encoding: gzip, deflate, 
Via: 1.1 localhost.localdomain
11:39:55.425 [LittleProxy-ProxyToServerWorker-6] DEBUG o.l.p.impl.ClientToProxyConnection - (AWAITING_INITIAL) [id: 0xd04916de, /127.0.0.1:54208 => /127.0.1.1:45224]: All servers have finished attempting to connect, resuming reading from client.
11:39:55.425 [LittleProxy-ProxyToServerWorker-5] DEBUG o.l.p.impl.ProxyToServerConnection - (AWAITING_INITIAL) [id: 0x420c5910, /127.0.0.1:48997 => localhost/127.0.0.1:8080]: Connected
11:39:55.425 [LittleProxy-ProxyToServerWorker-6] DEBUG o.l.p.impl.ClientToProxyConnection - (AWAITING_INITIAL) [id: 0xd04916de, /127.0.0.1:54208 => /127.0.1.1:45224]: Resumed reading
11:39:55.425 [LittleProxy-ProxyToServerWorker-6] DEBUG o.l.p.impl.ProxyToServerConnection - (AWAITING_INITIAL) [id: 0x58f77194, /127.0.0.1:48998 => localhost/127.0.0.1:8080]: Writing initial request: HttpObjectAggregator$AggregatedFullHttpRequest(decodeResult: success, version: HTTP/1.1, content: CompositeByteBuf(ridx: 0, widx: 0, cap: 0, components=0))
GET /campaign?page=1 HTTP/1.1
Host: localhost:8080
Authorization: Basic YWRtaW46cGFzcw==
Accept: application/json, text/plain, */*
X-Forwarded-Proto: https
User-Agent: Mozilla/5.0 (X11; Linux x86_64) AppleWebKit/537.36 (KHTML, like Gecko) Chrome/44.0.2403.130 Safari/537.36
Referer: http://localhost:9000/
Accept-Language: en-GB,en-US;q=0.8,en;q=0.6
Content-Length: 0
X-Forwarded-Proto: https
Accept-Encoding: gzip, deflate, 
Via: 1.1 localhost.localdomain
11:39:55.425 [LittleProxy-ProxyToServerWorker-6] DEBUG o.l.p.impl.ProxyToServerConnection - (AWAITING_INITIAL) [id: 0x58f77194, /127.0.0.1:48998 => localhost/127.0.0.1:8080]: Requested write of HttpObjectAggregator$AggregatedFullHttpRequest(decodeResult: success, version: HTTP/1.1, content: CompositeByteBuf(ridx: 0, widx: 0, cap: 0, components=0))
GET /campaign?page=1 HTTP/1.1
Host: localhost:8080
Authorization: Basic YWRtaW46cGFzcw==
Accept: application/json, text/plain, */*
X-Forwarded-Proto: https
User-Agent: Mozilla/5.0 (X11; Linux x86_64) AppleWebKit/537.36 (KHTML, like Gecko) Chrome/44.0.2403.130 Safari/537.36
Referer: http://localhost:9000/
Accept-Language: en-GB,en-US;q=0.8,en;q=0.6
Content-Length: 0
X-Forwarded-Proto: https
Accept-Encoding: gzip, deflate, 
Via: 1.1 localhost.localdomain
11:39:55.425 [LittleProxy-ProxyToServerWorker-6] DEBUG o.l.p.impl.ProxyToServerConnection - (AWAITING_INITIAL) [id: 0x58f77194, /127.0.0.1:48998 => localhost/127.0.0.1:8080]: Retaining reference counted message
11:39:55.425 [LittleProxy-ProxyToServerWorker-6] DEBUG o.l.p.impl.ProxyToServerConnection - (AWAITING_INITIAL) [id: 0x58f77194, /127.0.0.1:48998 => localhost/127.0.0.1:8080]: Using existing connection to: localhost/127.0.0.1:8080
11:39:55.425 [LittleProxy-ProxyToServerWorker-6] DEBUG o.l.p.impl.ProxyToServerConnection - (AWAITING_INITIAL) [id: 0x58f77194, /127.0.0.1:48998 => localhost/127.0.0.1:8080]: Writing: HttpObjectAggregator$AggregatedFullHttpRequest(decodeResult: success, version: HTTP/1.1, content: CompositeByteBuf(ridx: 0, widx: 0, cap: 0, components=0))
GET /campaign?page=1 HTTP/1.1
Host: localhost:8080
Authorization: Basic YWRtaW46cGFzcw==
Accept: application/json, text/plain, */*
X-Forwarded-Proto: https
User-Agent: Mozilla/5.0 (X11; Linux x86_64) AppleWebKit/537.36 (KHTML, like Gecko) Chrome/44.0.2403.130 Safari/537.36
Referer: http://localhost:9000/
Accept-Language: en-GB,en-US;q=0.8,en;q=0.6
Content-Length: 0
X-Forwarded-Proto: https
Accept-Encoding: gzip, deflate, 
Via: 1.1 localhost.localdomain
11:39:55.425 [LittleProxy-ProxyToServerWorker-6] DEBUG o.l.p.impl.ProxyToServerConnection - (AWAITING_INITIAL) [id: 0x58f77194, /127.0.0.1:48998 => localhost/127.0.0.1:8080]: Writing an empty buffer to signal the end of our chunked transfer
11:39:55.425 [LittleProxy-ProxyToServerWorker-6] DEBUG o.l.p.impl.ProxyToServerConnection - (AWAITING_INITIAL) [id: 0x58f77194, /127.0.0.1:48998 => localhost/127.0.0.1:8080]: Wrote: HttpObjectAggregator$AggregatedFullHttpRequest(decodeResult: success, version: HTTP/1.1, content: CompositeByteBuf(ridx: 0, widx: 0, cap: 0, components=0))
GET /campaign?page=1 HTTP/1.1
Host: localhost:8080
Authorization: Basic YWRtaW46cGFzcw==
Accept: application/json, text/plain, */*
X-Forwarded-Proto: https
User-Agent: Mozilla/5.0 (X11; Linux x86_64) AppleWebKit/537.36 (KHTML, like Gecko) Chrome/44.0.2403.130 Safari/537.36
Referer: http://localhost:9000/
Accept-Language: en-GB,en-US;q=0.8,en;q=0.6
Content-Length: 0
X-Forwarded-Proto: https
Accept-Encoding: gzip, deflate, 
Via: 1.1 localhost.localdomain
11:39:55.425 [LittleProxy-ProxyToServerWorker-6] DEBUG o.l.p.impl.ProxyToServerConnection - (AWAITING_INITIAL) [id: 0x58f77194, /127.0.0.1:48998 => localhost/127.0.0.1:8080]: Connected
11:39:55.431 [LittleProxy-ClientToProxyWorker-5] DEBUG o.l.p.impl.ClientToProxyConnection - (AWAITING_INITIAL) [id: 0x37fa264d, /127.0.0.1:54206 => /127.0.1.1:45224]: Stripped host from uri: http://localhost:8080/campaign?page=1    yielding: /campaign?page=1
11:39:55.431 [LittleProxy-ClientToProxyWorker-5] DEBUG o.l.p.impl.ClientToProxyConnection - (AWAITING_INITIAL) [id: 0x37fa264d, /127.0.0.1:54206 => /127.0.1.1:45224]: Removed sdch and inserted: gzip, deflate, 
11:39:55.431 [LittleProxy-ClientToProxyWorker-5] DEBUG o.l.p.impl.ClientToProxyConnection - (AWAITING_INITIAL) [id: 0x37fa264d, /127.0.0.1:54206 => /127.0.1.1:45224]: Writing request to ProxyToServerConnection
11:39:55.431 [LittleProxy-ClientToProxyWorker-5] DEBUG o.l.p.impl.ProxyToServerConnection - (DISCONNECTED): Requested write of HttpObjectAggregator$AggregatedFullHttpRequest(decodeResult: success, version: HTTP/1.1, content: CompositeByteBuf(ridx: 0, widx: 0, cap: 0, components=0))
GET /campaign?page=1 HTTP/1.1
Host: localhost:8080
Authorization: Basic YWRtaW46cGFzcw==
Accept: application/json, text/plain, */*
X-Forwarded-Proto: https
User-Agent: Mozilla/5.0 (X11; Linux x86_64) AppleWebKit/537.36 (KHTML, like Gecko) Chrome/44.0.2403.130 Safari/537.36
Referer: http://localhost:9000/
Accept-Language: en-GB,en-US;q=0.8,en;q=0.6
Content-Length: 0
X-Forwarded-Proto: https
Accept-Encoding: gzip, deflate, 
Via: 1.1 localhost.localdomain
11:39:55.431 [LittleProxy-ClientToProxyWorker-5] DEBUG o.l.p.impl.ProxyToServerConnection - (DISCONNECTED): Retaining reference counted message
11:39:55.431 [LittleProxy-ClientToProxyWorker-5] DEBUG o.l.p.impl.ProxyToServerConnection - (DISCONNECTED): Currently disconnected, connect and then write the message
11:39:55.431 [LittleProxy-ClientToProxyWorker-5] DEBUG o.l.p.impl.ProxyToServerConnection - (DISCONNECTED): Starting new connection to: localhost/127.0.0.1:8080
11:39:55.431 [LittleProxy-ClientToProxyWorker-5] DEBUG o.l.p.impl.ClientToProxyConnection - (AWAITING_INITIAL) [id: 0x37fa264d, /127.0.0.1:54206 => /127.0.1.1:45224]: Stopped reading
11:39:55.431 [LittleProxy-ClientToProxyWorker-5] DEBUG o.l.p.impl.ProxyToServerConnection - (DISCONNECTED): Processing connection flow step: CONNECTING
11:39:55.431 [LittleProxy-ClientToProxyWorker-5] DEBUG o.l.p.impl.ProxyToServerConnection - (CONNECTING): Connecting to server with TCP
11:39:55.432 [LittleProxy-ProxyToServerWorker-7] DEBUG o.l.p.impl.ProxyToServerConnection - (CONNECTING) [id: 0xe5042028, /127.0.0.1:48999 => localhost/127.0.0.1:8080]: ConnectionFlowStep succeeded
11:39:55.432 [LittleProxy-ProxyToServerWorker-7] DEBUG o.l.p.impl.ProxyToServerConnection - (CONNECTING) [id: 0xe5042028, /127.0.0.1:48999 => localhost/127.0.0.1:8080]: Connection flow completed successfully: null
11:39:55.432 [LittleProxy-ProxyToServerWorker-7] DEBUG o.l.p.impl.ClientToProxyConnection - (AWAITING_INITIAL) [id: 0x37fa264d, /127.0.0.1:54206 => /127.0.1.1:45224]: Connection to server succeeded: localhost/127.0.0.1:8080
11:39:55.432 [LittleProxy-ProxyToServerWorker-7] DEBUG o.l.p.impl.ClientToProxyConnection - (AWAITING_INITIAL) [id: 0x37fa264d, /127.0.0.1:54206 => /127.0.1.1:45224]: All servers have finished attempting to connect, resuming reading from client.
11:39:55.432 [LittleProxy-ProxyToServerWorker-7] DEBUG o.l.p.impl.ClientToProxyConnection - (AWAITING_INITIAL) [id: 0x37fa264d, /127.0.0.1:54206 => /127.0.1.1:45224]: Resumed reading
11:39:55.432 [LittleProxy-ProxyToServerWorker-7] DEBUG o.l.p.impl.ProxyToServerConnection - (AWAITING_INITIAL) [id: 0xe5042028, /127.0.0.1:48999 => localhost/127.0.0.1:8080]: Writing initial request: HttpObjectAggregator$AggregatedFullHttpRequest(decodeResult: success, version: HTTP/1.1, content: CompositeByteBuf(ridx: 0, widx: 0, cap: 0, components=0))
GET /campaign?page=1 HTTP/1.1
Host: localhost:8080
Authorization: Basic YWRtaW46cGFzcw==
Accept: application/json, text/plain, */*
X-Forwarded-Proto: https
User-Agent: Mozilla/5.0 (X11; Linux x86_64) AppleWebKit/537.36 (KHTML, like Gecko) Chrome/44.0.2403.130 Safari/537.36
Referer: http://localhost:9000/
Accept-Language: en-GB,en-US;q=0.8,en;q=0.6
Content-Length: 0
X-Forwarded-Proto: https
Accept-Encoding: gzip, deflate, 
Via: 1.1 localhost.localdomain
11:39:55.432 [LittleProxy-ProxyToServerWorker-7] DEBUG o.l.p.impl.ProxyToServerConnection - (AWAITING_INITIAL) [id: 0xe5042028, /127.0.0.1:48999 => localhost/127.0.0.1:8080]: Requested write of HttpObjectAggregator$AggregatedFullHttpRequest(decodeResult: success, version: HTTP/1.1, content: CompositeByteBuf(ridx: 0, widx: 0, cap: 0, components=0))
GET /campaign?page=1 HTTP/1.1
Host: localhost:8080
Authorization: Basic YWRtaW46cGFzcw==
Accept: application/json, text/plain, */*
X-Forwarded-Proto: https
User-Agent: Mozilla/5.0 (X11; Linux x86_64) AppleWebKit/537.36 (KHTML, like Gecko) Chrome/44.0.2403.130 Safari/537.36
Referer: http://localhost:9000/
Accept-Language: en-GB,en-US;q=0.8,en;q=0.6
Content-Length: 0
X-Forwarded-Proto: https
Accept-Encoding: gzip, deflate, 
Via: 1.1 localhost.localdomain
11:39:55.432 [LittleProxy-ProxyToServerWorker-7] DEBUG o.l.p.impl.ProxyToServerConnection - (AWAITING_INITIAL) [id: 0xe5042028, /127.0.0.1:48999 => localhost/127.0.0.1:8080]: Retaining reference counted message
11:39:55.432 [LittleProxy-ProxyToServerWorker-7] DEBUG o.l.p.impl.ProxyToServerConnection - (AWAITING_INITIAL) [id: 0xe5042028, /127.0.0.1:48999 => localhost/127.0.0.1:8080]: Using existing connection to: localhost/127.0.0.1:8080
11:39:55.432 [LittleProxy-ProxyToServerWorker-7] DEBUG o.l.p.impl.ProxyToServerConnection - (AWAITING_INITIAL) [id: 0xe5042028, /127.0.0.1:48999 => localhost/127.0.0.1:8080]: Writing: HttpObjectAggregator$AggregatedFullHttpRequest(decodeResult: success, version: HTTP/1.1, content: CompositeByteBuf(ridx: 0, widx: 0, cap: 0, components=0))
GET /campaign?page=1 HTTP/1.1
Host: localhost:8080
Authorization: Basic YWRtaW46cGFzcw==
Accept: application/json, text/plain, */*
X-Forwarded-Proto: https
User-Agent: Mozilla/5.0 (X11; Linux x86_64) AppleWebKit/537.36 (KHTML, like Gecko) Chrome/44.0.2403.130 Safari/537.36
Referer: http://localhost:9000/
Accept-Language: en-GB,en-US;q=0.8,en;q=0.6
Content-Length: 0
X-Forwarded-Proto: https
Accept-Encoding: gzip, deflate, 
Via: 1.1 localhost.localdomain
11:39:55.432 [LittleProxy-ProxyToServerWorker-7] DEBUG o.l.p.impl.ProxyToServerConnection - (AWAITING_INITIAL) [id: 0xe5042028, /127.0.0.1:48999 => localhost/127.0.0.1:8080]: Writing an empty buffer to signal the end of our chunked transfer
11:39:55.432 [LittleProxy-ProxyToServerWorker-7] DEBUG o.l.p.impl.ProxyToServerConnection - (AWAITING_INITIAL) [id: 0xe5042028, /127.0.0.1:48999 => localhost/127.0.0.1:8080]: Wrote: HttpObjectAggregator$AggregatedFullHttpRequest(decodeResult: success, version: HTTP/1.1, content: CompositeByteBuf(ridx: 0, widx: 0, cap: 0, components=0))
GET /campaign?page=1 HTTP/1.1
Host: localhost:8080
Authorization: Basic YWRtaW46cGFzcw==
Accept: application/json, text/plain, */*
X-Forwarded-Proto: https
User-Agent: Mozilla/5.0 (X11; Linux x86_64) AppleWebKit/537.36 (KHTML, like Gecko) Chrome/44.0.2403.130 Safari/537.36
Referer: http://localhost:9000/
Accept-Language: en-GB,en-US;q=0.8,en;q=0.6
Content-Length: 0
X-Forwarded-Proto: https
Accept-Encoding: gzip, deflate, 
Via: 1.1 localhost.localdomain
11:39:55.432 [LittleProxy-ProxyToServerWorker-7] DEBUG o.l.p.impl.ProxyToServerConnection - (AWAITING_INITIAL) [id: 0xe5042028, /127.0.0.1:48999 => localhost/127.0.0.1:8080]: Connected
11:39:55.439 [LittleProxy-ProxyToServerWorker-1] DEBUG o.l.p.impl.ProxyToServerConnection - (AWAITING_INITIAL) [id: 0x73a4f472, /127.0.0.1:48931 => localhost/127.0.0.1:8080]: Remembering the current request.
11:39:55.439 [LittleProxy-ProxyToServerWorker-1] DEBUG o.l.p.impl.ProxyToServerConnection - (AWAITING_INITIAL) [id: 0x73a4f472, /127.0.0.1:48931 => localhost/127.0.0.1:8080]: Reading: DefaultHttpResponse(decodeResult: success, version: HTTP/1.1)
HTTP/1.1 200 OK
Server: Apache-Coyote/1.1
Access-Control-Allow-Origin: null
Access-Control-Allow-Credentials: true
Strict-Transport-Security: max-age=31536000 ; includeSubDomains
X-Frame-Options: DENY
X-XSS-Protection: 1; mode=block
X-Content-Type-Options: nosniff
Cache-Control: no-cache, no-store, max-age=0, must-revalidate
Pragma: no-cache
Expires: 0
X-Application-Context: application:development
Content-Type: application/json;charset=UTF-8
Transfer-Encoding: chunked
Date: Tue, 08 Sep 2015 10:39:54 GMT
11:39:55.439 [LittleProxy-ProxyToServerWorker-1] DEBUG o.l.p.impl.ProxyToServerConnection - (AWAITING_INITIAL) [id: 0x73a4f472, /127.0.0.1:48931 => localhost/127.0.0.1:8080]: Received raw response: DefaultHttpResponse(decodeResult: success, version: HTTP/1.1)
HTTP/1.1 200 OK
Server: Apache-Coyote/1.1
Access-Control-Allow-Origin: null
Access-Control-Allow-Credentials: true
Strict-Transport-Security: max-age=31536000 ; includeSubDomains
X-Frame-Options: DENY
X-XSS-Protection: 1; mode=block
X-Content-Type-Options: nosniff
Cache-Control: no-cache, no-store, max-age=0, must-revalidate
Pragma: no-cache
Expires: 0
X-Application-Context: application:development
Content-Type: application/json;charset=UTF-8
Transfer-Encoding: chunked
Date: Tue, 08 Sep 2015 10:39:54 GMT
11:39:55.439 [LittleProxy-ProxyToServerWorker-1] DEBUG o.l.p.impl.ProxyToServerConnection - (AWAITING_INITIAL) [id: 0x73a4f472, /127.0.0.1:48931 => localhost/127.0.0.1:8080]: Remembering the current response.
11:39:55.440 [LittleProxy-ProxyToServerWorker-1] DEBUG o.l.p.impl.ClientToProxyConnection - (AWAITING_INITIAL) [id: 0x324ae286, /127.0.0.1:54142 => /127.0.1.1:45224]: Writing: DefaultHttpResponse(decodeResult: success, version: HTTP/1.1)
HTTP/1.1 200 OK
Server: Apache-Coyote/1.1
Access-Control-Allow-Origin: null
Access-Control-Allow-Credentials: true
Strict-Transport-Security: max-age=31536000 ; includeSubDomains
X-Frame-Options: DENY
X-XSS-Protection: 1; mode=block
X-Content-Type-Options: nosniff
Cache-Control: no-cache, no-store, max-age=0, must-revalidate
Pragma: no-cache
Expires: 0
X-Application-Context: application:development
Content-Type: application/json;charset=UTF-8
Transfer-Encoding: chunked
Date: Tue, 08 Sep 2015 10:39:54 GMT
Via: 1.1 localhost.localdomain
11:39:55.440 [LittleProxy-ProxyToServerWorker-1] DEBUG o.l.p.impl.ClientToProxyConnection - (AWAITING_INITIAL) [id: 0x324ae286, /127.0.0.1:54142 => /127.0.1.1:45224]: Wrote: DefaultHttpResponse(decodeResult: success, version: HTTP/1.1)
HTTP/1.1 200 OK
Server: Apache-Coyote/1.1
Access-Control-Allow-Origin: null
Access-Control-Allow-Credentials: true
Strict-Transport-Security: max-age=31536000 ; includeSubDomains
X-Frame-Options: DENY
X-XSS-Protection: 1; mode=block
X-Content-Type-Options: nosniff
Cache-Control: no-cache, no-store, max-age=0, must-revalidate
Pragma: no-cache
Expires: 0
X-Application-Context: application:development
Content-Type: application/json;charset=UTF-8
Transfer-Encoding: chunked
Date: Tue, 08 Sep 2015 10:39:54 GMT
Via: 1.1 localhost.localdomain
11:39:55.440 [LittleProxy-ProxyToServerWorker-1] DEBUG o.l.p.impl.ClientToProxyConnection - (AWAITING_INITIAL) [id: 0x324ae286, /127.0.0.1:54142 => /127.0.1.1:45224]: Not closing server connection on middle chunk for /
11:39:55.440 [LittleProxy-ProxyToServerWorker-1] DEBUG o.l.p.impl.ClientToProxyConnection - (AWAITING_INITIAL) [id: 0x324ae286, /127.0.0.1:54142 => /127.0.1.1:45224]: Not closing client connection on middle chunk for /
11:39:55.440 [LittleProxy-ProxyToServerWorker-1] DEBUG o.l.p.impl.ProxyToServerConnection - (AWAITING_CHUNK) [id: 0x73a4f472, /127.0.0.1:48931 => localhost/127.0.0.1:8080]: Reading: DefaultHttpContent(data: SlicedByteBuf(ridx: 0, widx: 583, cap: 583/583, unwrapped: UnpooledUnsafeDirectByteBuf(ridx: 1117, widx: 1117, cap: 8192)), decoderResult: success)
11:39:55.440 [LittleProxy-ProxyToServerWorker-1] DEBUG o.l.p.impl.ClientToProxyConnection - (AWAITING_INITIAL) [id: 0x324ae286, /127.0.0.1:54142 => /127.0.1.1:45224]: Retaining reference counted message
11:39:55.440 [LittleProxy-ProxyToServerWorker-1] DEBUG o.l.p.impl.ClientToProxyConnection - (AWAITING_INITIAL) [id: 0x324ae286, /127.0.0.1:54142 => /127.0.1.1:45224]: Writing: DefaultHttpContent(data: SlicedByteBuf(ridx: 0, widx: 583, cap: 583/583, unwrapped: UnpooledUnsafeDirectByteBuf(ridx: 1117, widx: 1117, cap: 8192)), decoderResult: success)
11:39:55.440 [LittleProxy-ProxyToServerWorker-1] DEBUG o.l.p.impl.ClientToProxyConnection - (AWAITING_INITIAL) [id: 0x324ae286, /127.0.0.1:54142 => /127.0.1.1:45224]: Wrote: DefaultHttpContent(data: SlicedByteBuf(ridx: 0, widx: 583, cap: 583/583, unwrapped: UnpooledUnsafeDirectByteBuf(ridx: 1117, widx: 1117, cap: 8192)), decoderResult: success)
11:39:55.440 [LittleProxy-ProxyToServerWorker-1] DEBUG o.l.p.impl.ClientToProxyConnection - (AWAITING_INITIAL) [id: 0x324ae286, /127.0.0.1:54142 => /127.0.1.1:45224]: Not closing server connection on middle chunk for /
11:39:55.440 [LittleProxy-ProxyToServerWorker-1] DEBUG o.l.p.impl.ClientToProxyConnection - (AWAITING_INITIAL) [id: 0x324ae286, /127.0.0.1:54142 => /127.0.1.1:45224]: Not closing client connection on middle chunk for /
11:39:55.442 [LittleProxy-ClientToProxyWorker-3] DEBUG o.l.p.impl.ClientToProxyConnection - (AWAITING_INITIAL) [id: 0x4990c9ae, /127.0.0.1:54164 => /127.0.1.1:45224]: Reading: HttpObjectAggregator$AggregatedFullHttpRequest(decodeResult: success, version: HTTP/1.1, content: CompositeByteBuf(ridx: 0, widx: 0, cap: 0, components=0))
GET http://localhost:8080/ HTTP/1.1
Host: localhost:8080
Proxy-Connection: keep-alive
Authorization: Basic YWRtaW46cGFzcw==
Accept: application/json, text/plain, */*
X-Forwarded-Proto: https
User-Agent: Mozilla/5.0 (X11; Linux x86_64) AppleWebKit/537.36 (KHTML, like Gecko) Chrome/44.0.2403.130 Safari/537.36
Referer: http://localhost:9000/
Accept-Encoding: gzip, deflate, sdch
Accept-Language: en-GB,en-US;q=0.8,en;q=0.6
Content-Length: 0
11:39:55.442 [LittleProxy-ClientToProxyWorker-3] DEBUG o.l.p.impl.ClientToProxyConnection - (AWAITING_INITIAL) [id: 0x4990c9ae, /127.0.0.1:54164 => /127.0.1.1:45224]: Got request: HttpObjectAggregator$AggregatedFullHttpRequest(decodeResult: success, version: HTTP/1.1, content: CompositeByteBuf(ridx: 0, widx: 0, cap: 0, components=0))
GET http://localhost:8080/ HTTP/1.1
Host: localhost:8080
Proxy-Connection: keep-alive
Authorization: Basic YWRtaW46cGFzcw==
Accept: application/json, text/plain, */*
X-Forwarded-Proto: https
User-Agent: Mozilla/5.0 (X11; Linux x86_64) AppleWebKit/537.36 (KHTML, like Gecko) Chrome/44.0.2403.130 Safari/537.36
Referer: http://localhost:9000/
Accept-Encoding: gzip, deflate, sdch
Accept-Language: en-GB,en-US;q=0.8,en;q=0.6
Content-Length: 0
11:39:55.442 [LittleProxy-ClientToProxyWorker-3] DEBUG o.l.p.impl.ClientToProxyConnection - (AWAITING_INITIAL) [id: 0x4990c9ae, /127.0.0.1:54164 => /127.0.1.1:45224]: Ensuring that hostAndPort are available in http://localhost:8080/
11:39:55.442 [LittleProxy-ClientToProxyWorker-3] DEBUG o.l.p.impl.ClientToProxyConnection - (AWAITING_INITIAL) [id: 0x4990c9ae, /127.0.0.1:54164 => /127.0.1.1:45224]: Finding ProxyToServerConnection for: localhost:8080
11:39:55.442 [LittleProxy-ClientToProxyWorker-3] DEBUG o.l.p.impl.ClientToProxyConnection - (AWAITING_INITIAL) [id: 0x4990c9ae, /127.0.0.1:54164 => /127.0.1.1:45224]: Reusing existing server connection: org.littleshoot.proxy.impl.ProxyToServerConnection@1da6fd3f
11:39:55.442 [LittleProxy-ClientToProxyWorker-3] DEBUG o.l.p.impl.ClientToProxyConnection - (AWAITING_INITIAL) [id: 0x4990c9ae, /127.0.0.1:54164 => /127.0.1.1:45224]: Modifying request headers for proxying
11:39:55.442 [LittleProxy-ClientToProxyWorker-3] DEBUG o.l.p.impl.ClientToProxyConnection - (AWAITING_INITIAL) [id: 0x4990c9ae, /127.0.0.1:54164 => /127.0.1.1:45224]: Modifying request for proxy chaining
11:39:55.442 [LittleProxy-ClientToProxyWorker-3] DEBUG o.l.p.impl.ClientToProxyConnection - (AWAITING_INITIAL) [id: 0x4990c9ae, /127.0.0.1:54164 => /127.0.1.1:45224]: Stripped host from uri: http://localhost:8080/    yielding: /
11:39:55.442 [LittleProxy-ClientToProxyWorker-3] DEBUG o.l.p.impl.ClientToProxyConnection - (AWAITING_INITIAL) [id: 0x4990c9ae, /127.0.0.1:54164 => /127.0.1.1:45224]: Removed sdch and inserted: gzip, deflate, 
11:39:55.442 [LittleProxy-ClientToProxyWorker-3] DEBUG o.l.p.impl.ClientToProxyConnection - (AWAITING_INITIAL) [id: 0x4990c9ae, /127.0.0.1:54164 => /127.0.1.1:45224]: Writing request to ProxyToServerConnection
11:39:55.443 [LittleProxy-ClientToProxyWorker-3] DEBUG o.l.p.impl.ProxyToServerConnection - (AWAITING_INITIAL) [id: 0x233f9b43, /127.0.0.1:48953 => localhost/127.0.0.1:8080]: Requested write of HttpObjectAggregator$AggregatedFullHttpRequest(decodeResult: success, version: HTTP/1.1, content: CompositeByteBuf(ridx: 0, widx: 0, cap: 0, components=0))
GET / HTTP/1.1
Host: localhost:8080
Authorization: Basic YWRtaW46cGFzcw==
Accept: application/json, text/plain, */*
X-Forwarded-Proto: https
User-Agent: Mozilla/5.0 (X11; Linux x86_64) AppleWebKit/537.36 (KHTML, like Gecko) Chrome/44.0.2403.130 Safari/537.36
Referer: http://localhost:9000/
Accept-Language: en-GB,en-US;q=0.8,en;q=0.6
Content-Length: 0
X-Forwarded-Proto: https
Accept-Encoding: gzip, deflate, 
Via: 1.1 localhost.localdomain
11:39:55.443 [LittleProxy-ClientToProxyWorker-3] DEBUG o.l.p.impl.ProxyToServerConnection - (AWAITING_INITIAL) [id: 0x233f9b43, /127.0.0.1:48953 => localhost/127.0.0.1:8080]: Retaining reference counted message
11:39:55.443 [LittleProxy-ClientToProxyWorker-3] DEBUG o.l.p.impl.ProxyToServerConnection - (AWAITING_INITIAL) [id: 0x233f9b43, /127.0.0.1:48953 => localhost/127.0.0.1:8080]: Using existing connection to: localhost/127.0.0.1:8080
11:39:55.443 [LittleProxy-ClientToProxyWorker-3] DEBUG o.l.p.impl.ProxyToServerConnection - (AWAITING_INITIAL) [id: 0x233f9b43, /127.0.0.1:48953 => localhost/127.0.0.1:8080]: Writing: HttpObjectAggregator$AggregatedFullHttpRequest(decodeResult: success, version: HTTP/1.1, content: CompositeByteBuf(ridx: 0, widx: 0, cap: 0, components=0))
GET / HTTP/1.1
Host: localhost:8080
Authorization: Basic YWRtaW46cGFzcw==
Accept: application/json, text/plain, */*
X-Forwarded-Proto: https
User-Agent: Mozilla/5.0 (X11; Linux x86_64) AppleWebKit/537.36 (KHTML, like Gecko) Chrome/44.0.2403.130 Safari/537.36
Referer: http://localhost:9000/
Accept-Language: en-GB,en-US;q=0.8,en;q=0.6
Content-Length: 0
X-Forwarded-Proto: https
Accept-Encoding: gzip, deflate, 
Via: 1.1 localhost.localdomain
11:39:55.443 [LittleProxy-ClientToProxyWorker-3] DEBUG o.l.p.impl.ProxyToServerConnection - (AWAITING_INITIAL) [id: 0x233f9b43, /127.0.0.1:48953 => localhost/127.0.0.1:8080]: Writing an empty buffer to signal the end of our chunked transfer
11:39:55.443 [LittleProxy-ClientToProxyWorker-3] DEBUG o.l.p.impl.ProxyToServerConnection - (AWAITING_INITIAL) [id: 0x233f9b43, /127.0.0.1:48953 => localhost/127.0.0.1:8080]: Wrote: HttpObjectAggregator$AggregatedFullHttpRequest(decodeResult: success, version: HTTP/1.1, content: CompositeByteBuf(ridx: 0, widx: 0, cap: 0, components=0))
GET / HTTP/1.1
Host: localhost:8080
Authorization: Basic YWRtaW46cGFzcw==
Accept: application/json, text/plain, */*
X-Forwarded-Proto: https
User-Agent: Mozilla/5.0 (X11; Linux x86_64) AppleWebKit/537.36 (KHTML, like Gecko) Chrome/44.0.2403.130 Safari/537.36
Referer: http://localhost:9000/
Accept-Language: en-GB,en-US;q=0.8,en;q=0.6
Content-Length: 0
X-Forwarded-Proto: https
Accept-Encoding: gzip, deflate, 
Via: 1.1 localhost.localdomain
11:39:55.454 [LittleProxy-ProxyToServerWorker-1] DEBUG o.l.p.impl.ProxyToServerConnection - (AWAITING_CHUNK) [id: 0x73a4f472, /127.0.0.1:48931 => localhost/127.0.0.1:8080]: Reading: EmptyLastHttpContent
11:39:55.454 [LittleProxy-ProxyToServerWorker-1] DEBUG o.l.p.impl.ClientToProxyConnection - (AWAITING_INITIAL) [id: 0x324ae286, /127.0.0.1:54142 => /127.0.1.1:45224]: Retaining reference counted message
11:39:55.454 [LittleProxy-ProxyToServerWorker-1] DEBUG o.l.p.impl.ClientToProxyConnection - (AWAITING_INITIAL) [id: 0x324ae286, /127.0.0.1:54142 => /127.0.1.1:45224]: Writing: EmptyLastHttpContent
11:39:55.454 [LittleProxy-ProxyToServerWorker-1] DEBUG o.l.p.impl.ClientToProxyConnection - (AWAITING_INITIAL) [id: 0x324ae286, /127.0.0.1:54142 => /127.0.1.1:45224]: Writing an empty buffer to signal the end of our chunked transfer
11:39:55.454 [LittleProxy-ProxyToServerWorker-1] DEBUG o.l.p.impl.ClientToProxyConnection - (AWAITING_INITIAL) [id: 0x324ae286, /127.0.0.1:54142 => /127.0.1.1:45224]: Wrote: EmptyLastHttpContent
11:39:55.454 [LittleProxy-ProxyToServerWorker-1] DEBUG o.l.p.impl.ClientToProxyConnection - (AWAITING_INITIAL) [id: 0x324ae286, /127.0.0.1:54142 => /127.0.1.1:45224]: Retaining reference counted message
11:39:55.454 [LittleProxy-ProxyToServerWorker-1] DEBUG o.l.p.impl.ClientToProxyConnection - (AWAITING_INITIAL) [id: 0x324ae286, /127.0.0.1:54142 => /127.0.1.1:45224]: Writing: EmptyByteBufBE
11:39:55.454 [LittleProxy-ProxyToServerWorker-1] DEBUG o.l.p.impl.ClientToProxyConnection - (AWAITING_INITIAL) [id: 0x324ae286, /127.0.0.1:54142 => /127.0.1.1:45224]: Wrote: EmptyByteBufBE
11:39:55.454 [LittleProxy-ProxyToServerWorker-1] DEBUG o.l.p.impl.ClientToProxyConnection - (AWAITING_INITIAL) [id: 0x324ae286, /127.0.0.1:54142 => /127.0.1.1:45224]: Handling last chunk. Using normal server connection closing rules.
11:39:55.455 [LittleProxy-ProxyToServerWorker-1] DEBUG o.l.p.impl.ClientToProxyConnection - (AWAITING_INITIAL) [id: 0x324ae286, /127.0.0.1:54142 => /127.0.1.1:45224]: Not closing server connection for response: DefaultHttpResponse(decodeResult: success, version: HTTP/1.1)
HTTP/1.1 200 OK
Server: Apache-Coyote/1.1
Access-Control-Allow-Origin: null
Access-Control-Allow-Credentials: true
Strict-Transport-Security: max-age=31536000 ; includeSubDomains
X-Frame-Options: DENY
X-XSS-Protection: 1; mode=block
X-Content-Type-Options: nosniff
Cache-Control: no-cache, no-store, max-age=0, must-revalidate
Pragma: no-cache
Expires: 0
X-Application-Context: application:development
Content-Type: application/json;charset=UTF-8
Transfer-Encoding: chunked
Date: Tue, 08 Sep 2015 10:39:54 GMT
11:39:55.455 [LittleProxy-ProxyToServerWorker-1] DEBUG o.l.p.impl.ClientToProxyConnection - (AWAITING_INITIAL) [id: 0x324ae286, /127.0.0.1:54142 => /127.0.1.1:45224]: Handling last chunk. Using normal client connection closing rules.
11:39:55.455 [LittleProxy-ProxyToServerWorker-1] DEBUG o.l.p.impl.ClientToProxyConnection - (AWAITING_INITIAL) [id: 0x324ae286, /127.0.0.1:54142 => /127.0.1.1:45224]: Not closing client connection for request: [FAILED toString()]
11:39:55.466 [LittleProxy-ProxyToServerWorker-3] DEBUG o.l.p.impl.ProxyToServerConnection - (AWAITING_INITIAL) [id: 0x233f9b43, /127.0.0.1:48953 => localhost/127.0.0.1:8080]: Remembering the current request.
11:39:55.466 [LittleProxy-ProxyToServerWorker-3] DEBUG o.l.p.impl.ProxyToServerConnection - (AWAITING_INITIAL) [id: 0x233f9b43, /127.0.0.1:48953 => localhost/127.0.0.1:8080]: Reading: DefaultHttpResponse(decodeResult: success, version: HTTP/1.1)
HTTP/1.1 200 OK
Server: Apache-Coyote/1.1
Access-Control-Allow-Origin: null
Access-Control-Allow-Credentials: true
Strict-Transport-Security: max-age=31536000 ; includeSubDomains
X-Frame-Options: DENY
X-XSS-Protection: 1; mode=block
X-Content-Type-Options: nosniff
Cache-Control: no-cache, no-store, max-age=0, must-revalidate
Pragma: no-cache
Expires: 0
X-Application-Context: application:development
Content-Type: application/json;charset=UTF-8
Transfer-Encoding: chunked
Date: Tue, 08 Sep 2015 10:39:54 GMT
11:39:55.466 [LittleProxy-ProxyToServerWorker-3] DEBUG o.l.p.impl.ProxyToServerConnection - (AWAITING_INITIAL) [id: 0x233f9b43, /127.0.0.1:48953 => localhost/127.0.0.1:8080]: Received raw response: DefaultHttpResponse(decodeResult: success, version: HTTP/1.1)
HTTP/1.1 200 OK
Server: Apache-Coyote/1.1
Access-Control-Allow-Origin: null
Access-Control-Allow-Credentials: true
Strict-Transport-Security: max-age=31536000 ; includeSubDomains
X-Frame-Options: DENY
X-XSS-Protection: 1; mode=block
X-Content-Type-Options: nosniff
Cache-Control: no-cache, no-store, max-age=0, must-revalidate
Pragma: no-cache
Expires: 0
X-Application-Context: application:development
Content-Type: application/json;charset=UTF-8
Transfer-Encoding: chunked
Date: Tue, 08 Sep 2015 10:39:54 GMT
11:39:55.466 [LittleProxy-ProxyToServerWorker-3] DEBUG o.l.p.impl.ProxyToServerConnection - (AWAITING_INITIAL) [id: 0x233f9b43, /127.0.0.1:48953 => localhost/127.0.0.1:8080]: Remembering the current response.
11:39:55.467 [LittleProxy-ProxyToServerWorker-3] DEBUG o.l.p.impl.ClientToProxyConnection - (AWAITING_INITIAL) [id: 0x4990c9ae, /127.0.0.1:54164 => /127.0.1.1:45224]: Writing: DefaultHttpResponse(decodeResult: success, version: HTTP/1.1)
HTTP/1.1 200 OK
Server: Apache-Coyote/1.1
Access-Control-Allow-Origin: null
Access-Control-Allow-Credentials: true
Strict-Transport-Security: max-age=31536000 ; includeSubDomains
X-Frame-Options: DENY
X-XSS-Protection: 1; mode=block
X-Content-Type-Options: nosniff
Cache-Control: no-cache, no-store, max-age=0, must-revalidate
Pragma: no-cache
Expires: 0
X-Application-Context: application:development
Content-Type: application/json;charset=UTF-8
Transfer-Encoding: chunked
Date: Tue, 08 Sep 2015 10:39:54 GMT
Via: 1.1 localhost.localdomain
11:39:55.467 [LittleProxy-ProxyToServerWorker-3] DEBUG o.l.p.impl.ClientToProxyConnection - (AWAITING_INITIAL) [id: 0x4990c9ae, /127.0.0.1:54164 => /127.0.1.1:45224]: Wrote: DefaultHttpResponse(decodeResult: success, version: HTTP/1.1)
HTTP/1.1 200 OK
Server: Apache-Coyote/1.1
Access-Control-Allow-Origin: null
Access-Control-Allow-Credentials: true
Strict-Transport-Security: max-age=31536000 ; includeSubDomains
X-Frame-Options: DENY
X-XSS-Protection: 1; mode=block
X-Content-Type-Options: nosniff
Cache-Control: no-cache, no-store, max-age=0, must-revalidate
Pragma: no-cache
Expires: 0
X-Application-Context: application:development
Content-Type: application/json;charset=UTF-8
Transfer-Encoding: chunked
Date: Tue, 08 Sep 2015 10:39:54 GMT
Via: 1.1 localhost.localdomain
11:39:55.473 [LittleProxy-ProxyToServerWorker-3] DEBUG o.l.p.impl.ClientToProxyConnection - (AWAITING_INITIAL) [id: 0x4990c9ae, /127.0.0.1:54164 => /127.0.1.1:45224]: Not closing server connection on middle chunk for /
11:39:55.474 [LittleProxy-ProxyToServerWorker-3] DEBUG o.l.p.impl.ClientToProxyConnection - (AWAITING_INITIAL) [id: 0x4990c9ae, /127.0.0.1:54164 => /127.0.1.1:45224]: Not closing client connection on middle chunk for /
11:39:55.474 [LittleProxy-ProxyToServerWorker-3] DEBUG o.l.p.impl.ProxyToServerConnection - (AWAITING_CHUNK) [id: 0x233f9b43, /127.0.0.1:48953 => localhost/127.0.0.1:8080]: Reading: DefaultHttpContent(data: SlicedByteBuf(ridx: 0, widx: 583, cap: 583/583, unwrapped: UnpooledUnsafeDirectByteBuf(ridx: 595, widx: 595, cap: 8192)), decoderResult: success)
11:39:55.474 [LittleProxy-ProxyToServerWorker-3] DEBUG o.l.p.impl.ClientToProxyConnection - (AWAITING_INITIAL) [id: 0x4990c9ae, /127.0.0.1:54164 => /127.0.1.1:45224]: Retaining reference counted message
11:39:55.474 [LittleProxy-ProxyToServerWorker-3] DEBUG o.l.p.impl.ClientToProxyConnection - (AWAITING_INITIAL) [id: 0x4990c9ae, /127.0.0.1:54164 => /127.0.1.1:45224]: Writing: DefaultHttpContent(data: SlicedByteBuf(ridx: 0, widx: 583, cap: 583/583, unwrapped: UnpooledUnsafeDirectByteBuf(ridx: 595, widx: 595, cap: 8192)), decoderResult: success)
11:39:55.474 [LittleProxy-ProxyToServerWorker-3] DEBUG o.l.p.impl.ClientToProxyConnection - (AWAITING_INITIAL) [id: 0x4990c9ae, /127.0.0.1:54164 => /127.0.1.1:45224]: Wrote: DefaultHttpContent(data: SlicedByteBuf(ridx: 0, widx: 583, cap: 583/583, unwrapped: UnpooledUnsafeDirectByteBuf(ridx: 595, widx: 595, cap: 8192)), decoderResult: success)
11:39:55.474 [LittleProxy-ProxyToServerWorker-3] DEBUG o.l.p.impl.ClientToProxyConnection - (AWAITING_INITIAL) [id: 0x4990c9ae, /127.0.0.1:54164 => /127.0.1.1:45224]: Not closing server connection on middle chunk for /
11:39:55.474 [LittleProxy-ProxyToServerWorker-3] DEBUG o.l.p.impl.ClientToProxyConnection - (AWAITING_INITIAL) [id: 0x4990c9ae, /127.0.0.1:54164 => /127.0.1.1:45224]: Not closing client connection on middle chunk for /
11:39:55.474 [LittleProxy-ProxyToServerWorker-3] DEBUG o.l.p.impl.ProxyToServerConnection - (AWAITING_CHUNK) [id: 0x233f9b43, /127.0.0.1:48953 => localhost/127.0.0.1:8080]: Reading: EmptyLastHttpContent
11:39:55.474 [LittleProxy-ProxyToServerWorker-3] DEBUG o.l.p.impl.ClientToProxyConnection - (AWAITING_INITIAL) [id: 0x4990c9ae, /127.0.0.1:54164 => /127.0.1.1:45224]: Retaining reference counted message
11:39:55.474 [LittleProxy-ProxyToServerWorker-3] DEBUG o.l.p.impl.ClientToProxyConnection - (AWAITING_INITIAL) [id: 0x4990c9ae, /127.0.0.1:54164 => /127.0.1.1:45224]: Writing: EmptyLastHttpContent
11:39:55.474 [LittleProxy-ProxyToServerWorker-3] DEBUG o.l.p.impl.ClientToProxyConnection - (AWAITING_INITIAL) [id: 0x4990c9ae, /127.0.0.1:54164 => /127.0.1.1:45224]: Writing an empty buffer to signal the end of our chunked transfer
11:39:55.474 [LittleProxy-ProxyToServerWorker-3] DEBUG o.l.p.impl.ClientToProxyConnection - (AWAITING_INITIAL) [id: 0x4990c9ae, /127.0.0.1:54164 => /127.0.1.1:45224]: Wrote: EmptyLastHttpContent
11:39:55.474 [LittleProxy-ProxyToServerWorker-3] DEBUG o.l.p.impl.ClientToProxyConnection - (AWAITING_INITIAL) [id: 0x4990c9ae, /127.0.0.1:54164 => /127.0.1.1:45224]: Retaining reference counted message
11:39:55.474 [LittleProxy-ProxyToServerWorker-3] DEBUG o.l.p.impl.ClientToProxyConnection - (AWAITING_INITIAL) [id: 0x4990c9ae, /127.0.0.1:54164 => /127.0.1.1:45224]: Writing: EmptyByteBufBE
11:39:55.474 [LittleProxy-ProxyToServerWorker-3] DEBUG o.l.p.impl.ClientToProxyConnection - (AWAITING_INITIAL) [id: 0x4990c9ae, /127.0.0.1:54164 => /127.0.1.1:45224]: Wrote: EmptyByteBufBE
11:39:55.474 [LittleProxy-ProxyToServerWorker-3] DEBUG o.l.p.impl.ClientToProxyConnection - (AWAITING_INITIAL) [id: 0x4990c9ae, /127.0.0.1:54164 => /127.0.1.1:45224]: Handling last chunk. Using normal server connection closing rules.
11:39:55.474 [LittleProxy-ProxyToServerWorker-3] DEBUG o.l.p.impl.ClientToProxyConnection - (AWAITING_INITIAL) [id: 0x4990c9ae, /127.0.0.1:54164 => /127.0.1.1:45224]: Not closing server connection for response: DefaultHttpResponse(decodeResult: success, version: HTTP/1.1)
HTTP/1.1 200 OK
Server: Apache-Coyote/1.1
Access-Control-Allow-Origin: null
Access-Control-Allow-Credentials: true
Strict-Transport-Security: max-age=31536000 ; includeSubDomains
X-Frame-Options: DENY
X-XSS-Protection: 1; mode=block
X-Content-Type-Options: nosniff
Cache-Control: no-cache, no-store, max-age=0, must-revalidate
Pragma: no-cache
Expires: 0
X-Application-Context: application:development
Content-Type: application/json;charset=UTF-8
Transfer-Encoding: chunked
Date: Tue, 08 Sep 2015 10:39:54 GMT
11:39:55.474 [LittleProxy-ProxyToServerWorker-3] DEBUG o.l.p.impl.ClientToProxyConnection - (AWAITING_INITIAL) [id: 0x4990c9ae, /127.0.0.1:54164 => /127.0.1.1:45224]: Handling last chunk. Using normal client connection closing rules.
11:39:55.475 [LittleProxy-ProxyToServerWorker-3] DEBUG o.l.p.impl.ClientToProxyConnection - (AWAITING_INITIAL) [id: 0x4990c9ae, /127.0.0.1:54164 => /127.0.1.1:45224]: Not closing client connection for request: [FAILED toString()]
11:39:55.480 [LittleProxy-ProxyToServerWorker-6] DEBUG o.l.p.impl.ProxyToServerConnection - (AWAITING_INITIAL) [id: 0x58f77194, /127.0.0.1:48998 => localhost/127.0.0.1:8080]: Remembering the current request.
11:39:55.480 [LittleProxy-ProxyToServerWorker-6] DEBUG o.l.p.impl.ProxyToServerConnection - (AWAITING_INITIAL) [id: 0x58f77194, /127.0.0.1:48998 => localhost/127.0.0.1:8080]: Reading: DefaultHttpResponse(decodeResult: success, version: HTTP/1.1)
HTTP/1.1 200 OK
Server: Apache-Coyote/1.1
Access-Control-Allow-Origin: null
Access-Control-Allow-Credentials: true
Strict-Transport-Security: max-age=31536000 ; includeSubDomains
X-Frame-Options: DENY
X-XSS-Protection: 1; mode=block
X-Content-Type-Options: nosniff
Cache-Control: no-cache, no-store, max-age=0, must-revalidate
Pragma: no-cache
Expires: 0
X-Application-Context: application:development
Content-Type: application/json;charset=UTF-8
Transfer-Encoding: chunked
Date: Tue, 08 Sep 2015 10:39:54 GMT
11:39:55.480 [LittleProxy-ProxyToServerWorker-6] DEBUG o.l.p.impl.ProxyToServerConnection - (AWAITING_INITIAL) [id: 0x58f77194, /127.0.0.1:48998 => localhost/127.0.0.1:8080]: Received raw response: DefaultHttpResponse(decodeResult: success, version: HTTP/1.1)
HTTP/1.1 200 OK
Server: Apache-Coyote/1.1
Access-Control-Allow-Origin: null
Access-Control-Allow-Credentials: true
Strict-Transport-Security: max-age=31536000 ; includeSubDomains
X-Frame-Options: DENY
X-XSS-Protection: 1; mode=block
X-Content-Type-Options: nosniff
Cache-Control: no-cache, no-store, max-age=0, must-revalidate
Pragma: no-cache
Expires: 0
X-Application-Context: application:development
Content-Type: application/json;charset=UTF-8
Transfer-Encoding: chunked
Date: Tue, 08 Sep 2015 10:39:54 GMT
11:39:55.480 [LittleProxy-ProxyToServerWorker-6] DEBUG o.l.p.impl.ProxyToServerConnection - (AWAITING_INITIAL) [id: 0x58f77194, /127.0.0.1:48998 => localhost/127.0.0.1:8080]: Remembering the current response.
11:39:55.480 [LittleProxy-ProxyToServerWorker-6] DEBUG o.l.p.impl.ClientToProxyConnection - (AWAITING_INITIAL) [id: 0xd04916de, /127.0.0.1:54208 => /127.0.1.1:45224]: Writing: DefaultHttpResponse(decodeResult: success, version: HTTP/1.1)
HTTP/1.1 200 OK
Server: Apache-Coyote/1.1
Access-Control-Allow-Origin: null
Access-Control-Allow-Credentials: true
Strict-Transport-Security: max-age=31536000 ; includeSubDomains
X-Frame-Options: DENY
X-XSS-Protection: 1; mode=block
X-Content-Type-Options: nosniff
Cache-Control: no-cache, no-store, max-age=0, must-revalidate
Pragma: no-cache
Expires: 0
X-Application-Context: application:development
Content-Type: application/json;charset=UTF-8
Transfer-Encoding: chunked
Date: Tue, 08 Sep 2015 10:39:54 GMT
Via: 1.1 localhost.localdomain
11:39:55.480 [LittleProxy-ProxyToServerWorker-6] DEBUG o.l.p.impl.ClientToProxyConnection - (AWAITING_INITIAL) [id: 0xd04916de, /127.0.0.1:54208 => /127.0.1.1:45224]: Wrote: DefaultHttpResponse(decodeResult: success, version: HTTP/1.1)
HTTP/1.1 200 OK
Server: Apache-Coyote/1.1
Access-Control-Allow-Origin: null
Access-Control-Allow-Credentials: true
Strict-Transport-Security: max-age=31536000 ; includeSubDomains
X-Frame-Options: DENY
X-XSS-Protection: 1; mode=block
X-Content-Type-Options: nosniff
Cache-Control: no-cache, no-store, max-age=0, must-revalidate
Pragma: no-cache
Expires: 0
X-Application-Context: application:development
Content-Type: application/json;charset=UTF-8
Transfer-Encoding: chunked
Date: Tue, 08 Sep 2015 10:39:54 GMT
Via: 1.1 localhost.localdomain
11:39:55.480 [LittleProxy-ProxyToServerWorker-6] DEBUG o.l.p.impl.ClientToProxyConnection - (AWAITING_INITIAL) [id: 0xd04916de, /127.0.0.1:54208 => /127.0.1.1:45224]: Not closing server connection on middle chunk for /campaign?page=1
11:39:55.480 [LittleProxy-ProxyToServerWorker-6] DEBUG o.l.p.impl.ClientToProxyConnection - (AWAITING_INITIAL) [id: 0xd04916de, /127.0.0.1:54208 => /127.0.1.1:45224]: Not closing client connection on middle chunk for /campaign?page=1
11:39:55.481 [LittleProxy-ProxyToServerWorker-6] DEBUG o.l.p.impl.ProxyToServerConnection - (AWAITING_CHUNK) [id: 0x58f77194, /127.0.0.1:48998 => localhost/127.0.0.1:8080]: Reading: DefaultHttpContent(data: SlicedByteBuf(ridx: 0, widx: 1019, cap: 1019/1019, unwrapped: UnpooledUnsafeDirectByteBuf(ridx: 1024, widx: 1024, cap: 1024)), decoderResult: success)
11:39:55.481 [LittleProxy-ProxyToServerWorker-6] DEBUG o.l.p.impl.ClientToProxyConnection - (AWAITING_INITIAL) [id: 0xd04916de, /127.0.0.1:54208 => /127.0.1.1:45224]: Retaining reference counted message
11:39:55.481 [LittleProxy-ProxyToServerWorker-6] DEBUG o.l.p.impl.ClientToProxyConnection - (AWAITING_INITIAL) [id: 0xd04916de, /127.0.0.1:54208 => /127.0.1.1:45224]: Writing: DefaultHttpContent(data: SlicedByteBuf(ridx: 0, widx: 1019, cap: 1019/1019, unwrapped: UnpooledUnsafeDirectByteBuf(ridx: 1024, widx: 1024, cap: 1024)), decoderResult: success)
11:39:55.481 [LittleProxy-ProxyToServerWorker-6] DEBUG o.l.p.impl.ClientToProxyConnection - (AWAITING_INITIAL) [id: 0xd04916de, /127.0.0.1:54208 => /127.0.1.1:45224]: Wrote: DefaultHttpContent(data: SlicedByteBuf(ridx: 0, widx: 1019, cap: 1019/1019, unwrapped: UnpooledUnsafeDirectByteBuf(ridx: 1024, widx: 1024, cap: 1024)), decoderResult: success)
11:39:55.481 [LittleProxy-ProxyToServerWorker-6] DEBUG o.l.p.impl.ClientToProxyConnection - (AWAITING_INITIAL) [id: 0xd04916de, /127.0.0.1:54208 => /127.0.1.1:45224]: Not closing server connection on middle chunk for /campaign?page=1
11:39:55.481 [LittleProxy-ProxyToServerWorker-6] DEBUG o.l.p.impl.ClientToProxyConnection - (AWAITING_INITIAL) [id: 0xd04916de, /127.0.0.1:54208 => /127.0.1.1:45224]: Not closing client connection on middle chunk for /campaign?page=1
11:39:55.481 [LittleProxy-ProxyToServerWorker-6] DEBUG o.l.p.impl.ProxyToServerConnection - (AWAITING_CHUNK) [id: 0x58f77194, /127.0.0.1:48998 => localhost/127.0.0.1:8080]: Reading: DefaultHttpContent(data: SlicedByteBuf(ridx: 0, widx: 1024, cap: 1024/1024, unwrapped: UnpooledUnsafeDirectByteBuf(ridx: 1024, widx: 1024, cap: 1024)), decoderResult: success)
11:39:55.481 [LittleProxy-ProxyToServerWorker-6] DEBUG o.l.p.impl.ClientToProxyConnection - (AWAITING_INITIAL) [id: 0xd04916de, /127.0.0.1:54208 => /127.0.1.1:45224]: Retaining reference counted message
11:39:55.481 [LittleProxy-ProxyToServerWorker-6] DEBUG o.l.p.impl.ClientToProxyConnection - (AWAITING_INITIAL) [id: 0xd04916de, /127.0.0.1:54208 => /127.0.1.1:45224]: Writing: DefaultHttpContent(data: SlicedByteBuf(ridx: 0, widx: 1024, cap: 1024/1024, unwrapped: UnpooledUnsafeDirectByteBuf(ridx: 1024, widx: 1024, cap: 1024)), decoderResult: success)
11:39:55.481 [LittleProxy-ProxyToServerWorker-6] DEBUG o.l.p.impl.ClientToProxyConnection - (AWAITING_INITIAL) [id: 0xd04916de, /127.0.0.1:54208 => /127.0.1.1:45224]: Wrote: DefaultHttpContent(data: SlicedByteBuf(ridx: 0, widx: 1024, cap: 1024/1024, unwrapped: UnpooledUnsafeDirectByteBuf(ridx: 1024, widx: 1024, cap: 1024)), decoderResult: success)
11:39:55.481 [LittleProxy-ProxyToServerWorker-6] DEBUG o.l.p.impl.ClientToProxyConnection - (AWAITING_INITIAL) [id: 0xd04916de, /127.0.0.1:54208 => /127.0.1.1:45224]: Not closing server connection on middle chunk for /campaign?page=1
11:39:55.481 [LittleProxy-ProxyToServerWorker-6] DEBUG o.l.p.impl.ClientToProxyConnection - (AWAITING_INITIAL) [id: 0xd04916de, /127.0.0.1:54208 => /127.0.1.1:45224]: Not closing client connection on middle chunk for /campaign?page=1
11:39:55.481 [LittleProxy-ProxyToServerWorker-6] DEBUG o.l.p.impl.ProxyToServerConnection - (AWAITING_CHUNK) [id: 0x58f77194, /127.0.0.1:48998 => localhost/127.0.0.1:8080]: Reading: DefaultHttpContent(data: SlicedByteBuf(ridx: 0, widx: 21, cap: 21/21, unwrapped: UnpooledUnsafeDirectByteBuf(ridx: 28, widx: 28, cap: 1024)), decoderResult: success)
11:39:55.481 [LittleProxy-ProxyToServerWorker-6] DEBUG o.l.p.impl.ClientToProxyConnection - (AWAITING_INITIAL) [id: 0xd04916de, /127.0.0.1:54208 => /127.0.1.1:45224]: Retaining reference counted message
11:39:55.481 [LittleProxy-ProxyToServerWorker-6] DEBUG o.l.p.impl.ClientToProxyConnection - (AWAITING_INITIAL) [id: 0xd04916de, /127.0.0.1:54208 => /127.0.1.1:45224]: Writing: DefaultHttpContent(data: SlicedByteBuf(ridx: 0, widx: 21, cap: 21/21, unwrapped: UnpooledUnsafeDirectByteBuf(ridx: 28, widx: 28, cap: 1024)), decoderResult: success)
11:39:55.481 [LittleProxy-ProxyToServerWorker-6] DEBUG o.l.p.impl.ClientToProxyConnection - (AWAITING_INITIAL) [id: 0xd04916de, /127.0.0.1:54208 => /127.0.1.1:45224]: Wrote: DefaultHttpContent(data: SlicedByteBuf(ridx: 0, widx: 21, cap: 21/21, unwrapped: UnpooledUnsafeDirectByteBuf(ridx: 28, widx: 28, cap: 1024)), decoderResult: success)
11:39:55.481 [LittleProxy-ProxyToServerWorker-6] DEBUG o.l.p.impl.ClientToProxyConnection - (AWAITING_INITIAL) [id: 0xd04916de, /127.0.0.1:54208 => /127.0.1.1:45224]: Not closing server connection on middle chunk for /campaign?page=1
11:39:55.481 [LittleProxy-ProxyToServerWorker-6] DEBUG o.l.p.impl.ClientToProxyConnection - (AWAITING_INITIAL) [id: 0xd04916de, /127.0.0.1:54208 => /127.0.1.1:45224]: Not closing client connection on middle chunk for /campaign?page=1
11:39:55.481 [LittleProxy-ProxyToServerWorker-6] DEBUG o.l.p.impl.ProxyToServerConnection - (AWAITING_CHUNK) [id: 0x58f77194, /127.0.0.1:48998 => localhost/127.0.0.1:8080]: Reading: EmptyLastHttpContent
11:39:55.481 [LittleProxy-ProxyToServerWorker-6] DEBUG o.l.p.impl.ClientToProxyConnection - (AWAITING_INITIAL) [id: 0xd04916de, /127.0.0.1:54208 => /127.0.1.1:45224]: Retaining reference counted message
11:39:55.481 [LittleProxy-ProxyToServerWorker-6] DEBUG o.l.p.impl.ClientToProxyConnection - (AWAITING_INITIAL) [id: 0xd04916de, /127.0.0.1:54208 => /127.0.1.1:45224]: Writing: EmptyLastHttpContent
11:39:55.481 [LittleProxy-ProxyToServerWorker-6] DEBUG o.l.p.impl.ClientToProxyConnection - (AWAITING_INITIAL) [id: 0xd04916de, /127.0.0.1:54208 => /127.0.1.1:45224]: Writing an empty buffer to signal the end of our chunked transfer
11:39:55.481 [LittleProxy-ProxyToServerWorker-6] DEBUG o.l.p.impl.ClientToProxyConnection - (AWAITING_INITIAL) [id: 0xd04916de, /127.0.0.1:54208 => /127.0.1.1:45224]: Wrote: EmptyLastHttpContent
11:39:55.481 [LittleProxy-ProxyToServerWorker-6] DEBUG o.l.p.impl.ClientToProxyConnection - (AWAITING_INITIAL) [id: 0xd04916de, /127.0.0.1:54208 => /127.0.1.1:45224]: Retaining reference counted message
11:39:55.481 [LittleProxy-ProxyToServerWorker-6] DEBUG o.l.p.impl.ClientToProxyConnection - (AWAITING_INITIAL) [id: 0xd04916de, /127.0.0.1:54208 => /127.0.1.1:45224]: Writing: EmptyByteBufBE
11:39:55.481 [LittleProxy-ProxyToServerWorker-6] DEBUG o.l.p.impl.ClientToProxyConnection - (AWAITING_INITIAL) [id: 0xd04916de, /127.0.0.1:54208 => /127.0.1.1:45224]: Wrote: EmptyByteBufBE
11:39:55.481 [LittleProxy-ProxyToServerWorker-6] DEBUG o.l.p.impl.ClientToProxyConnection - (AWAITING_INITIAL) [id: 0xd04916de, /127.0.0.1:54208 => /127.0.1.1:45224]: Handling last chunk. Using normal server connection closing rules.
11:39:55.481 [LittleProxy-ProxyToServerWorker-6] DEBUG o.l.p.impl.ClientToProxyConnection - (AWAITING_INITIAL) [id: 0xd04916de, /127.0.0.1:54208 => /127.0.1.1:45224]: Not closing server connection for response: DefaultHttpResponse(decodeResult: success, version: HTTP/1.1)
HTTP/1.1 200 OK
Server: Apache-Coyote/1.1
Access-Control-Allow-Origin: null
Access-Control-Allow-Credentials: true
Strict-Transport-Security: max-age=31536000 ; includeSubDomains
X-Frame-Options: DENY
X-XSS-Protection: 1; mode=block
X-Content-Type-Options: nosniff
Cache-Control: no-cache, no-store, max-age=0, must-revalidate
Pragma: no-cache
Expires: 0
X-Application-Context: application:development
Content-Type: application/json;charset=UTF-8
Transfer-Encoding: chunked
Date: Tue, 08 Sep 2015 10:39:54 GMT
11:39:55.481 [LittleProxy-ProxyToServerWorker-6] DEBUG o.l.p.impl.ClientToProxyConnection - (AWAITING_INITIAL) [id: 0xd04916de, /127.0.0.1:54208 => /127.0.1.1:45224]: Handling last chunk. Using normal client connection closing rules.
11:39:55.481 [LittleProxy-ProxyToServerWorker-6] DEBUG o.l.p.impl.ClientToProxyConnection - (AWAITING_INITIAL) [id: 0xd04916de, /127.0.0.1:54208 => /127.0.1.1:45224]: Not closing client connection for request: HttpObjectAggregator$AggregatedFullHttpRequest(decodeResult: success, version: HTTP/1.1, content: CompositeByteBuf(ridx: 0, widx: 0, cap: 0, components=0))
GET /campaign?page=1 HTTP/1.1
Host: localhost:8080
Authorization: Basic YWRtaW46cGFzcw==
Accept: application/json, text/plain, */*
X-Forwarded-Proto: https
User-Agent: Mozilla/5.0 (X11; Linux x86_64) AppleWebKit/537.36 (KHTML, like Gecko) Chrome/44.0.2403.130 Safari/537.36
Referer: http://localhost:9000/
Accept-Language: en-GB,en-US;q=0.8,en;q=0.6
Content-Length: 0
X-Forwarded-Proto: https
Accept-Encoding: gzip, deflate, 
Via: 1.1 localhost.localdomain
11:39:55.485 [LittleProxy-ClientToProxyWorker-7] DEBUG o.l.p.impl.ClientToProxyConnection - (AWAITING_INITIAL) [id: 0xd04916de, /127.0.0.1:54208 => /127.0.1.1:45224]: Reading: HttpObjectAggregator$AggregatedFullHttpRequest(decodeResult: success, version: HTTP/1.1, content: CompositeByteBuf(ridx: 0, widx: 0, cap: 0, components=0))
GET http://localhost:8080/ HTTP/1.1
Host: localhost:8080
Proxy-Connection: keep-alive
Authorization: Basic YWRtaW46cGFzcw==
Accept: application/json, text/plain, */*
X-Forwarded-Proto: https
User-Agent: Mozilla/5.0 (X11; Linux x86_64) AppleWebKit/537.36 (KHTML, like Gecko) Chrome/44.0.2403.130 Safari/537.36
Referer: http://localhost:9000/
Accept-Encoding: gzip, deflate, sdch
Accept-Language: en-GB,en-US;q=0.8,en;q=0.6
Content-Length: 0
11:39:55.485 [LittleProxy-ClientToProxyWorker-7] DEBUG o.l.p.impl.ClientToProxyConnection - (AWAITING_INITIAL) [id: 0xd04916de, /127.0.0.1:54208 => /127.0.1.1:45224]: Got request: HttpObjectAggregator$AggregatedFullHttpRequest(decodeResult: success, version: HTTP/1.1, content: CompositeByteBuf(ridx: 0, widx: 0, cap: 0, components=0))
GET http://localhost:8080/ HTTP/1.1
Host: localhost:8080
Proxy-Connection: keep-alive
Authorization: Basic YWRtaW46cGFzcw==
Accept: application/json, text/plain, */*
X-Forwarded-Proto: https
User-Agent: Mozilla/5.0 (X11; Linux x86_64) AppleWebKit/537.36 (KHTML, like Gecko) Chrome/44.0.2403.130 Safari/537.36
Referer: http://localhost:9000/
Accept-Encoding: gzip, deflate, sdch
Accept-Language: en-GB,en-US;q=0.8,en;q=0.6
Content-Length: 0
11:39:55.485 [LittleProxy-ClientToProxyWorker-7] DEBUG o.l.p.impl.ClientToProxyConnection - (AWAITING_INITIAL) [id: 0xd04916de, /127.0.0.1:54208 => /127.0.1.1:45224]: Ensuring that hostAndPort are available in http://localhost:8080/
11:39:55.485 [LittleProxy-ClientToProxyWorker-7] DEBUG o.l.p.impl.ClientToProxyConnection - (AWAITING_INITIAL) [id: 0xd04916de, /127.0.0.1:54208 => /127.0.1.1:45224]: Finding ProxyToServerConnection for: localhost:8080
11:39:55.485 [LittleProxy-ClientToProxyWorker-7] DEBUG o.l.p.impl.ClientToProxyConnection - (AWAITING_INITIAL) [id: 0xd04916de, /127.0.0.1:54208 => /127.0.1.1:45224]: Reusing existing server connection: org.littleshoot.proxy.impl.ProxyToServerConnection@644051ff
11:39:55.485 [LittleProxy-ClientToProxyWorker-7] DEBUG o.l.p.impl.ClientToProxyConnection - (AWAITING_INITIAL) [id: 0xd04916de, /127.0.0.1:54208 => /127.0.1.1:45224]: Modifying request headers for proxying
11:39:55.485 [LittleProxy-ClientToProxyWorker-7] DEBUG o.l.p.impl.ClientToProxyConnection - (AWAITING_INITIAL) [id: 0xd04916de, /127.0.0.1:54208 => /127.0.1.1:45224]: Modifying request for proxy chaining
11:39:55.485 [LittleProxy-ClientToProxyWorker-7] DEBUG o.l.p.impl.ClientToProxyConnection - (AWAITING_INITIAL) [id: 0xd04916de, /127.0.0.1:54208 => /127.0.1.1:45224]: Stripped host from uri: http://localhost:8080/    yielding: /
11:39:55.485 [LittleProxy-ClientToProxyWorker-7] DEBUG o.l.p.impl.ClientToProxyConnection - (AWAITING_INITIAL) [id: 0xd04916de, /127.0.0.1:54208 => /127.0.1.1:45224]: Removed sdch and inserted: gzip, deflate, 
11:39:55.485 [LittleProxy-ClientToProxyWorker-7] DEBUG o.l.p.impl.ClientToProxyConnection - (AWAITING_INITIAL) [id: 0xd04916de, /127.0.0.1:54208 => /127.0.1.1:45224]: Writing request to ProxyToServerConnection
11:39:55.485 [LittleProxy-ClientToProxyWorker-7] DEBUG o.l.p.impl.ProxyToServerConnection - (AWAITING_INITIAL) [id: 0x58f77194, /127.0.0.1:48998 => localhost/127.0.0.1:8080]: Requested write of HttpObjectAggregator$AggregatedFullHttpRequest(decodeResult: success, version: HTTP/1.1, content: CompositeByteBuf(ridx: 0, widx: 0, cap: 0, components=0))
GET / HTTP/1.1
Host: localhost:8080
Authorization: Basic YWRtaW46cGFzcw==
Accept: application/json, text/plain, */*
X-Forwarded-Proto: https
User-Agent: Mozilla/5.0 (X11; Linux x86_64) AppleWebKit/537.36 (KHTML, like Gecko) Chrome/44.0.2403.130 Safari/537.36
Referer: http://localhost:9000/
Accept-Language: en-GB,en-US;q=0.8,en;q=0.6
Content-Length: 0
X-Forwarded-Proto: https
Accept-Encoding: gzip, deflate, 
Via: 1.1 localhost.localdomain
11:39:55.485 [LittleProxy-ClientToProxyWorker-7] DEBUG o.l.p.impl.ProxyToServerConnection - (AWAITING_INITIAL) [id: 0x58f77194, /127.0.0.1:48998 => localhost/127.0.0.1:8080]: Retaining reference counted message
11:39:55.485 [LittleProxy-ClientToProxyWorker-7] DEBUG o.l.p.impl.ProxyToServerConnection - (AWAITING_INITIAL) [id: 0x58f77194, /127.0.0.1:48998 => localhost/127.0.0.1:8080]: Using existing connection to: localhost/127.0.0.1:8080
11:39:55.485 [LittleProxy-ClientToProxyWorker-7] DEBUG o.l.p.impl.ProxyToServerConnection - (AWAITING_INITIAL) [id: 0x58f77194, /127.0.0.1:48998 => localhost/127.0.0.1:8080]: Writing: HttpObjectAggregator$AggregatedFullHttpRequest(decodeResult: success, version: HTTP/1.1, content: CompositeByteBuf(ridx: 0, widx: 0, cap: 0, components=0))
GET / HTTP/1.1
Host: localhost:8080
Authorization: Basic YWRtaW46cGFzcw==
Accept: application/json, text/plain, */*
X-Forwarded-Proto: https
User-Agent: Mozilla/5.0 (X11; Linux x86_64) AppleWebKit/537.36 (KHTML, like Gecko) Chrome/44.0.2403.130 Safari/537.36
Referer: http://localhost:9000/
Accept-Language: en-GB,en-US;q=0.8,en;q=0.6
Content-Length: 0
X-Forwarded-Proto: https
Accept-Encoding: gzip, deflate, 
Via: 1.1 localhost.localdomain
11:39:55.485 [LittleProxy-ClientToProxyWorker-7] DEBUG o.l.p.impl.ProxyToServerConnection - (AWAITING_INITIAL) [id: 0x58f77194, /127.0.0.1:48998 => localhost/127.0.0.1:8080]: Writing an empty buffer to signal the end of our chunked transfer
11:39:55.485 [LittleProxy-ClientToProxyWorker-7] DEBUG o.l.p.impl.ProxyToServerConnection - (AWAITING_INITIAL) [id: 0x58f77194, /127.0.0.1:48998 => localhost/127.0.0.1:8080]: Wrote: HttpObjectAggregator$AggregatedFullHttpRequest(decodeResult: success, version: HTTP/1.1, content: CompositeByteBuf(ridx: 0, widx: 0, cap: 0, components=0))
GET / HTTP/1.1
Host: localhost:8080
Authorization: Basic YWRtaW46cGFzcw==
Accept: application/json, text/plain, */*
X-Forwarded-Proto: https
User-Agent: Mozilla/5.0 (X11; Linux x86_64) AppleWebKit/537.36 (KHTML, like Gecko) Chrome/44.0.2403.130 Safari/537.36
Referer: http://localhost:9000/
Accept-Language: en-GB,en-US;q=0.8,en;q=0.6
Content-Length: 0
X-Forwarded-Proto: https
Accept-Encoding: gzip, deflate, 
Via: 1.1 localhost.localdomain
11:39:55.491 [LittleProxy-ProxyToServerWorker-5] DEBUG o.l.p.impl.ProxyToServerConnection - (AWAITING_INITIAL) [id: 0x420c5910, /127.0.0.1:48997 => localhost/127.0.0.1:8080]: Remembering the current request.
11:39:55.491 [LittleProxy-ProxyToServerWorker-5] DEBUG o.l.p.impl.ProxyToServerConnection - (AWAITING_INITIAL) [id: 0x420c5910, /127.0.0.1:48997 => localhost/127.0.0.1:8080]: Reading: DefaultHttpResponse(decodeResult: success, version: HTTP/1.1)
HTTP/1.1 200 OK
Server: Apache-Coyote/1.1
Access-Control-Allow-Origin: null
Access-Control-Allow-Credentials: true
Strict-Transport-Security: max-age=31536000 ; includeSubDomains
X-Frame-Options: DENY
X-XSS-Protection: 1; mode=block
X-Content-Type-Options: nosniff
Cache-Control: no-cache, no-store, max-age=0, must-revalidate
Pragma: no-cache
Expires: 0
X-Application-Context: application:development
Content-Type: application/json;charset=UTF-8
Transfer-Encoding: chunked
Date: Tue, 08 Sep 2015 10:39:54 GMT
11:39:55.491 [LittleProxy-ProxyToServerWorker-5] DEBUG o.l.p.impl.ProxyToServerConnection - (AWAITING_INITIAL) [id: 0x420c5910, /127.0.0.1:48997 => localhost/127.0.0.1:8080]: Received raw response: DefaultHttpResponse(decodeResult: success, version: HTTP/1.1)
HTTP/1.1 200 OK
Server: Apache-Coyote/1.1
Access-Control-Allow-Origin: null
Access-Control-Allow-Credentials: true
Strict-Transport-Security: max-age=31536000 ; includeSubDomains
X-Frame-Options: DENY
X-XSS-Protection: 1; mode=block
X-Content-Type-Options: nosniff
Cache-Control: no-cache, no-store, max-age=0, must-revalidate
Pragma: no-cache
Expires: 0
X-Application-Context: application:development
Content-Type: application/json;charset=UTF-8
Transfer-Encoding: chunked
Date: Tue, 08 Sep 2015 10:39:54 GMT
11:39:55.491 [LittleProxy-ProxyToServerWorker-5] DEBUG o.l.p.impl.ProxyToServerConnection - (AWAITING_INITIAL) [id: 0x420c5910, /127.0.0.1:48997 => localhost/127.0.0.1:8080]: Remembering the current response.
11:39:55.491 [LittleProxy-ProxyToServerWorker-5] DEBUG o.l.p.impl.ClientToProxyConnection - (AWAITING_INITIAL) [id: 0x83599fa6, /127.0.0.1:54207 => /127.0.1.1:45224]: Writing: DefaultHttpResponse(decodeResult: success, version: HTTP/1.1)
HTTP/1.1 200 OK
Server: Apache-Coyote/1.1
Access-Control-Allow-Origin: null
Access-Control-Allow-Credentials: true
Strict-Transport-Security: max-age=31536000 ; includeSubDomains
X-Frame-Options: DENY
X-XSS-Protection: 1; mode=block
X-Content-Type-Options: nosniff
Cache-Control: no-cache, no-store, max-age=0, must-revalidate
Pragma: no-cache
Expires: 0
X-Application-Context: application:development
Content-Type: application/json;charset=UTF-8
Transfer-Encoding: chunked
Date: Tue, 08 Sep 2015 10:39:54 GMT
Via: 1.1 localhost.localdomain
11:39:55.491 [LittleProxy-ProxyToServerWorker-5] DEBUG o.l.p.impl.ClientToProxyConnection - (AWAITING_INITIAL) [id: 0x83599fa6, /127.0.0.1:54207 => /127.0.1.1:45224]: Wrote: DefaultHttpResponse(decodeResult: success, version: HTTP/1.1)
HTTP/1.1 200 OK
Server: Apache-Coyote/1.1
Access-Control-Allow-Origin: null
Access-Control-Allow-Credentials: true
Strict-Transport-Security: max-age=31536000 ; includeSubDomains
X-Frame-Options: DENY
X-XSS-Protection: 1; mode=block
X-Content-Type-Options: nosniff
Cache-Control: no-cache, no-store, max-age=0, must-revalidate
Pragma: no-cache
Expires: 0
X-Application-Context: application:development
Content-Type: application/json;charset=UTF-8
Transfer-Encoding: chunked
Date: Tue, 08 Sep 2015 10:39:54 GMT
Via: 1.1 localhost.localdomain
11:39:55.491 [LittleProxy-ProxyToServerWorker-5] DEBUG o.l.p.impl.ClientToProxyConnection - (AWAITING_INITIAL) [id: 0x83599fa6, /127.0.0.1:54207 => /127.0.1.1:45224]: Not closing server connection on middle chunk for /campaign?page=1
11:39:55.491 [LittleProxy-ProxyToServerWorker-5] DEBUG o.l.p.impl.ClientToProxyConnection - (AWAITING_INITIAL) [id: 0x83599fa6, /127.0.0.1:54207 => /127.0.1.1:45224]: Not closing client connection on middle chunk for /campaign?page=1
11:39:55.491 [LittleProxy-ProxyToServerWorker-5] DEBUG o.l.p.impl.ProxyToServerConnection - (AWAITING_CHUNK) [id: 0x420c5910, /127.0.0.1:48997 => localhost/127.0.0.1:8080]: Reading: DefaultHttpContent(data: SlicedByteBuf(ridx: 0, widx: 1019, cap: 1019/1019, unwrapped: UnpooledUnsafeDirectByteBuf(ridx: 1024, widx: 1024, cap: 1024)), decoderResult: success)
11:39:55.491 [LittleProxy-ProxyToServerWorker-5] DEBUG o.l.p.impl.ClientToProxyConnection - (AWAITING_INITIAL) [id: 0x83599fa6, /127.0.0.1:54207 => /127.0.1.1:45224]: Retaining reference counted message
11:39:55.491 [LittleProxy-ProxyToServerWorker-5] DEBUG o.l.p.impl.ClientToProxyConnection - (AWAITING_INITIAL) [id: 0x83599fa6, /127.0.0.1:54207 => /127.0.1.1:45224]: Writing: DefaultHttpContent(data: SlicedByteBuf(ridx: 0, widx: 1019, cap: 1019/1019, unwrapped: UnpooledUnsafeDirectByteBuf(ridx: 1024, widx: 1024, cap: 1024)), decoderResult: success)
11:39:55.491 [LittleProxy-ProxyToServerWorker-5] DEBUG o.l.p.impl.ClientToProxyConnection - (AWAITING_INITIAL) [id: 0x83599fa6, /127.0.0.1:54207 => /127.0.1.1:45224]: Wrote: DefaultHttpContent(data: SlicedByteBuf(ridx: 0, widx: 1019, cap: 1019/1019, unwrapped: UnpooledUnsafeDirectByteBuf(ridx: 1024, widx: 1024, cap: 1024)), decoderResult: success)
11:39:55.491 [LittleProxy-ProxyToServerWorker-5] DEBUG o.l.p.impl.ClientToProxyConnection - (AWAITING_INITIAL) [id: 0x83599fa6, /127.0.0.1:54207 => /127.0.1.1:45224]: Not closing server connection on middle chunk for /campaign?page=1
11:39:55.491 [LittleProxy-ProxyToServerWorker-5] DEBUG o.l.p.impl.ClientToProxyConnection - (AWAITING_INITIAL) [id: 0x83599fa6, /127.0.0.1:54207 => /127.0.1.1:45224]: Not closing client connection on middle chunk for /campaign?page=1
11:39:55.491 [LittleProxy-ProxyToServerWorker-5] DEBUG o.l.p.impl.ProxyToServerConnection - (AWAITING_CHUNK) [id: 0x420c5910, /127.0.0.1:48997 => localhost/127.0.0.1:8080]: Reading: DefaultHttpContent(data: SlicedByteBuf(ridx: 0, widx: 1024, cap: 1024/1024, unwrapped: UnpooledUnsafeDirectByteBuf(ridx: 1024, widx: 1024, cap: 1024)), decoderResult: success)
11:39:55.492 [LittleProxy-ProxyToServerWorker-5] DEBUG o.l.p.impl.ClientToProxyConnection - (AWAITING_INITIAL) [id: 0x83599fa6, /127.0.0.1:54207 => /127.0.1.1:45224]: Retaining reference counted message
11:39:55.492 [LittleProxy-ProxyToServerWorker-5] DEBUG o.l.p.impl.ClientToProxyConnection - (AWAITING_INITIAL) [id: 0x83599fa6, /127.0.0.1:54207 => /127.0.1.1:45224]: Writing: DefaultHttpContent(data: SlicedByteBuf(ridx: 0, widx: 1024, cap: 1024/1024, unwrapped: UnpooledUnsafeDirectByteBuf(ridx: 1024, widx: 1024, cap: 1024)), decoderResult: success)
11:39:55.492 [LittleProxy-ProxyToServerWorker-5] DEBUG o.l.p.impl.ClientToProxyConnection - (AWAITING_INITIAL) [id: 0x83599fa6, /127.0.0.1:54207 => /127.0.1.1:45224]: Wrote: DefaultHttpContent(data: SlicedByteBuf(ridx: 0, widx: 1024, cap: 1024/1024, unwrapped: UnpooledUnsafeDirectByteBuf(ridx: 1024, widx: 1024, cap: 1024)), decoderResult: success)
11:39:55.492 [LittleProxy-ProxyToServerWorker-5] DEBUG o.l.p.impl.ClientToProxyConnection - (AWAITING_INITIAL) [id: 0x83599fa6, /127.0.0.1:54207 => /127.0.1.1:45224]: Not closing server connection on middle chunk for /campaign?page=1
11:39:55.492 [LittleProxy-ProxyToServerWorker-5] DEBUG o.l.p.impl.ClientToProxyConnection - (AWAITING_INITIAL) [id: 0x83599fa6, /127.0.0.1:54207 => /127.0.1.1:45224]: Not closing client connection on middle chunk for /campaign?page=1
11:39:55.492 [LittleProxy-ProxyToServerWorker-5] DEBUG o.l.p.impl.ProxyToServerConnection - (AWAITING_CHUNK) [id: 0x420c5910, /127.0.0.1:48997 => localhost/127.0.0.1:8080]: Reading: DefaultHttpContent(data: SlicedByteBuf(ridx: 0, widx: 21, cap: 21/21, unwrapped: UnpooledUnsafeDirectByteBuf(ridx: 28, widx: 28, cap: 1024)), decoderResult: success)
11:39:55.492 [LittleProxy-ProxyToServerWorker-5] DEBUG o.l.p.impl.ClientToProxyConnection - (AWAITING_INITIAL) [id: 0x83599fa6, /127.0.0.1:54207 => /127.0.1.1:45224]: Retaining reference counted message
11:39:55.492 [LittleProxy-ProxyToServerWorker-5] DEBUG o.l.p.impl.ClientToProxyConnection - (AWAITING_INITIAL) [id: 0x83599fa6, /127.0.0.1:54207 => /127.0.1.1:45224]: Writing: DefaultHttpContent(data: SlicedByteBuf(ridx: 0, widx: 21, cap: 21/21, unwrapped: UnpooledUnsafeDirectByteBuf(ridx: 28, widx: 28, cap: 1024)), decoderResult: success)
11:39:55.492 [LittleProxy-ProxyToServerWorker-5] DEBUG o.l.p.impl.ClientToProxyConnection - (AWAITING_INITIAL) [id: 0x83599fa6, /127.0.0.1:54207 => /127.0.1.1:45224]: Wrote: DefaultHttpContent(data: SlicedByteBuf(ridx: 0, widx: 21, cap: 21/21, unwrapped: UnpooledUnsafeDirectByteBuf(ridx: 28, widx: 28, cap: 1024)), decoderResult: success)
11:39:55.492 [LittleProxy-ProxyToServerWorker-5] DEBUG o.l.p.impl.ClientToProxyConnection - (AWAITING_INITIAL) [id: 0x83599fa6, /127.0.0.1:54207 => /127.0.1.1:45224]: Not closing server connection on middle chunk for /campaign?page=1
11:39:55.492 [LittleProxy-ProxyToServerWorker-5] DEBUG o.l.p.impl.ClientToProxyConnection - (AWAITING_INITIAL) [id: 0x83599fa6, /127.0.0.1:54207 => /127.0.1.1:45224]: Not closing client connection on middle chunk for /campaign?page=1
11:39:55.492 [LittleProxy-ProxyToServerWorker-5] DEBUG o.l.p.impl.ProxyToServerConnection - (AWAITING_CHUNK) [id: 0x420c5910, /127.0.0.1:48997 => localhost/127.0.0.1:8080]: Reading: EmptyLastHttpContent
11:39:55.492 [LittleProxy-ProxyToServerWorker-5] DEBUG o.l.p.impl.ClientToProxyConnection - (AWAITING_INITIAL) [id: 0x83599fa6, /127.0.0.1:54207 => /127.0.1.1:45224]: Retaining reference counted message
11:39:55.492 [LittleProxy-ProxyToServerWorker-5] DEBUG o.l.p.impl.ClientToProxyConnection - (AWAITING_INITIAL) [id: 0x83599fa6, /127.0.0.1:54207 => /127.0.1.1:45224]: Writing: EmptyLastHttpContent
11:39:55.492 [LittleProxy-ProxyToServerWorker-5] DEBUG o.l.p.impl.ClientToProxyConnection - (AWAITING_INITIAL) [id: 0x83599fa6, /127.0.0.1:54207 => /127.0.1.1:45224]: Writing an empty buffer to signal the end of our chunked transfer
11:39:55.492 [LittleProxy-ProxyToServerWorker-5] DEBUG o.l.p.impl.ClientToProxyConnection - (AWAITING_INITIAL) [id: 0x83599fa6, /127.0.0.1:54207 => /127.0.1.1:45224]: Wrote: EmptyLastHttpContent
11:39:55.492 [LittleProxy-ProxyToServerWorker-5] DEBUG o.l.p.impl.ClientToProxyConnection - (AWAITING_INITIAL) [id: 0x83599fa6, /127.0.0.1:54207 => /127.0.1.1:45224]: Retaining reference counted message
11:39:55.492 [LittleProxy-ProxyToServerWorker-5] DEBUG o.l.p.impl.ClientToProxyConnection - (AWAITING_INITIAL) [id: 0x83599fa6, /127.0.0.1:54207 => /127.0.1.1:45224]: Writing: EmptyByteBufBE
11:39:55.492 [LittleProxy-ProxyToServerWorker-5] DEBUG o.l.p.impl.ClientToProxyConnection - (AWAITING_INITIAL) [id: 0x83599fa6, /127.0.0.1:54207 => /127.0.1.1:45224]: Wrote: EmptyByteBufBE
11:39:55.492 [LittleProxy-ProxyToServerWorker-5] DEBUG o.l.p.impl.ClientToProxyConnection - (AWAITING_INITIAL) [id: 0x83599fa6, /127.0.0.1:54207 => /127.0.1.1:45224]: Handling last chunk. Using normal server connection closing rules.
11:39:55.492 [LittleProxy-ProxyToServerWorker-5] DEBUG o.l.p.impl.ClientToProxyConnection - (AWAITING_INITIAL) [id: 0x83599fa6, /127.0.0.1:54207 => /127.0.1.1:45224]: Not closing server connection for response: DefaultHttpResponse(decodeResult: success, version: HTTP/1.1)
HTTP/1.1 200 OK
Server: Apache-Coyote/1.1
Access-Control-Allow-Origin: null
Access-Control-Allow-Credentials: true
Strict-Transport-Security: max-age=31536000 ; includeSubDomains
X-Frame-Options: DENY
X-XSS-Protection: 1; mode=block
X-Content-Type-Options: nosniff
Cache-Control: no-cache, no-store, max-age=0, must-revalidate
Pragma: no-cache
Expires: 0
X-Application-Context: application:development
Content-Type: application/json;charset=UTF-8
Transfer-Encoding: chunked
Date: Tue, 08 Sep 2015 10:39:54 GMT
11:39:55.492 [LittleProxy-ProxyToServerWorker-5] DEBUG o.l.p.impl.ClientToProxyConnection - (AWAITING_INITIAL) [id: 0x83599fa6, /127.0.0.1:54207 => /127.0.1.1:45224]: Handling last chunk. Using normal client connection closing rules.
11:39:55.492 [LittleProxy-ProxyToServerWorker-5] DEBUG o.l.p.impl.ClientToProxyConnection - (AWAITING_INITIAL) [id: 0x83599fa6, /127.0.0.1:54207 => /127.0.1.1:45224]: Not closing client connection for request: HttpObjectAggregator$AggregatedFullHttpRequest(decodeResult: success, version: HTTP/1.1, content: CompositeByteBuf(ridx: 0, widx: 0, cap: 0, components=0))
GET /campaign?page=1 HTTP/1.1
Host: localhost:8080
Authorization: Basic YWRtaW46cGFzcw==
Accept: application/json, text/plain, */*
X-Forwarded-Proto: https
User-Agent: Mozilla/5.0 (X11; Linux x86_64) AppleWebKit/537.36 (KHTML, like Gecko) Chrome/44.0.2403.130 Safari/537.36
Referer: http://localhost:9000/
Accept-Language: en-GB,en-US;q=0.8,en;q=0.6
Content-Length: 0
X-Forwarded-Proto: https
Accept-Encoding: gzip, deflate, 
Via: 1.1 localhost.localdomain
11:39:55.499 [LittleProxy-ProxyToServerWorker-6] DEBUG o.l.p.impl.ProxyToServerConnection - (AWAITING_INITIAL) [id: 0x58f77194, /127.0.0.1:48998 => localhost/127.0.0.1:8080]: Remembering the current request.
11:39:55.499 [LittleProxy-ProxyToServerWorker-6] DEBUG o.l.p.impl.ProxyToServerConnection - (AWAITING_INITIAL) [id: 0x58f77194, /127.0.0.1:48998 => localhost/127.0.0.1:8080]: Reading: DefaultHttpResponse(decodeResult: success, version: HTTP/1.1)
HTTP/1.1 200 OK
Server: Apache-Coyote/1.1
Access-Control-Allow-Origin: null
Access-Control-Allow-Credentials: true
Strict-Transport-Security: max-age=31536000 ; includeSubDomains
X-Frame-Options: DENY
X-XSS-Protection: 1; mode=block
X-Content-Type-Options: nosniff
Cache-Control: no-cache, no-store, max-age=0, must-revalidate
Pragma: no-cache
Expires: 0
X-Application-Context: application:development
Content-Type: application/json;charset=UTF-8
Transfer-Encoding: chunked
Date: Tue, 08 Sep 2015 10:39:54 GMT
11:39:55.499 [LittleProxy-ProxyToServerWorker-6] DEBUG o.l.p.impl.ProxyToServerConnection - (AWAITING_INITIAL) [id: 0x58f77194, /127.0.0.1:48998 => localhost/127.0.0.1:8080]: Received raw response: DefaultHttpResponse(decodeResult: success, version: HTTP/1.1)
HTTP/1.1 200 OK
Server: Apache-Coyote/1.1
Access-Control-Allow-Origin: null
Access-Control-Allow-Credentials: true
Strict-Transport-Security: max-age=31536000 ; includeSubDomains
X-Frame-Options: DENY
X-XSS-Protection: 1; mode=block
X-Content-Type-Options: nosniff
Cache-Control: no-cache, no-store, max-age=0, must-revalidate
Pragma: no-cache
Expires: 0
X-Application-Context: application:development
Content-Type: application/json;charset=UTF-8
Transfer-Encoding: chunked
Date: Tue, 08 Sep 2015 10:39:54 GMT
11:39:55.499 [LittleProxy-ProxyToServerWorker-6] DEBUG o.l.p.impl.ProxyToServerConnection - (AWAITING_INITIAL) [id: 0x58f77194, /127.0.0.1:48998 => localhost/127.0.0.1:8080]: Remembering the current response.
11:39:55.499 [LittleProxy-ProxyToServerWorker-6] DEBUG o.l.p.impl.ClientToProxyConnection - (AWAITING_INITIAL) [id: 0xd04916de, /127.0.0.1:54208 => /127.0.1.1:45224]: Writing: DefaultHttpResponse(decodeResult: success, version: HTTP/1.1)
HTTP/1.1 200 OK
Server: Apache-Coyote/1.1
Access-Control-Allow-Origin: null
Access-Control-Allow-Credentials: true
Strict-Transport-Security: max-age=31536000 ; includeSubDomains
X-Frame-Options: DENY
X-XSS-Protection: 1; mode=block
X-Content-Type-Options: nosniff
Cache-Control: no-cache, no-store, max-age=0, must-revalidate
Pragma: no-cache
Expires: 0
X-Application-Context: application:development
Content-Type: application/json;charset=UTF-8
Transfer-Encoding: chunked
Date: Tue, 08 Sep 2015 10:39:54 GMT
Via: 1.1 localhost.localdomain
11:39:55.500 [LittleProxy-ProxyToServerWorker-6] DEBUG o.l.p.impl.ClientToProxyConnection - (AWAITING_INITIAL) [id: 0xd04916de, /127.0.0.1:54208 => /127.0.1.1:45224]: Wrote: DefaultHttpResponse(decodeResult: success, version: HTTP/1.1)
HTTP/1.1 200 OK
Server: Apache-Coyote/1.1
Access-Control-Allow-Origin: null
Access-Control-Allow-Credentials: true
Strict-Transport-Security: max-age=31536000 ; includeSubDomains
X-Frame-Options: DENY
X-XSS-Protection: 1; mode=block
X-Content-Type-Options: nosniff
Cache-Control: no-cache, no-store, max-age=0, must-revalidate
Pragma: no-cache
Expires: 0
X-Application-Context: application:development
Content-Type: application/json;charset=UTF-8
Transfer-Encoding: chunked
Date: Tue, 08 Sep 2015 10:39:54 GMT
Via: 1.1 localhost.localdomain
11:39:55.500 [LittleProxy-ProxyToServerWorker-6] DEBUG o.l.p.impl.ClientToProxyConnection - (AWAITING_INITIAL) [id: 0xd04916de, /127.0.0.1:54208 => /127.0.1.1:45224]: Not closing server connection on middle chunk for /
11:39:55.500 [LittleProxy-ProxyToServerWorker-6] DEBUG o.l.p.impl.ClientToProxyConnection - (AWAITING_INITIAL) [id: 0xd04916de, /127.0.0.1:54208 => /127.0.1.1:45224]: Not closing client connection on middle chunk for /
11:39:55.500 [LittleProxy-ProxyToServerWorker-6] DEBUG o.l.p.impl.ProxyToServerConnection - (AWAITING_CHUNK) [id: 0x58f77194, /127.0.0.1:48998 => localhost/127.0.0.1:8080]: Reading: DefaultHttpContent(data: SlicedByteBuf(ridx: 0, widx: 583, cap: 583/583, unwrapped: UnpooledUnsafeDirectByteBuf(ridx: 590, widx: 590, cap: 16384)), decoderResult: success)
11:39:55.500 [LittleProxy-ProxyToServerWorker-6] DEBUG o.l.p.impl.ClientToProxyConnection - (AWAITING_INITIAL) [id: 0xd04916de, /127.0.0.1:54208 => /127.0.1.1:45224]: Retaining reference counted message
11:39:55.500 [LittleProxy-ProxyToServerWorker-6] DEBUG o.l.p.impl.ClientToProxyConnection - (AWAITING_INITIAL) [id: 0xd04916de, /127.0.0.1:54208 => /127.0.1.1:45224]: Writing: DefaultHttpContent(data: SlicedByteBuf(ridx: 0, widx: 583, cap: 583/583, unwrapped: UnpooledUnsafeDirectByteBuf(ridx: 590, widx: 590, cap: 16384)), decoderResult: success)
11:39:55.500 [LittleProxy-ProxyToServerWorker-6] DEBUG o.l.p.impl.ClientToProxyConnection - (AWAITING_INITIAL) [id: 0xd04916de, /127.0.0.1:54208 => /127.0.1.1:45224]: Wrote: DefaultHttpContent(data: SlicedByteBuf(ridx: 0, widx: 583, cap: 583/583, unwrapped: UnpooledUnsafeDirectByteBuf(ridx: 590, widx: 590, cap: 16384)), decoderResult: success)
11:39:55.500 [LittleProxy-ProxyToServerWorker-6] DEBUG o.l.p.impl.ClientToProxyConnection - (AWAITING_INITIAL) [id: 0xd04916de, /127.0.0.1:54208 => /127.0.1.1:45224]: Not closing server connection on middle chunk for /
11:39:55.500 [LittleProxy-ProxyToServerWorker-6] DEBUG o.l.p.impl.ClientToProxyConnection - (AWAITING_INITIAL) [id: 0xd04916de, /127.0.0.1:54208 => /127.0.1.1:45224]: Not closing client connection on middle chunk for /
11:39:55.501 [LittleProxy-ProxyToServerWorker-6] DEBUG o.l.p.impl.ProxyToServerConnection - (AWAITING_CHUNK) [id: 0x58f77194, /127.0.0.1:48998 => localhost/127.0.0.1:8080]: Reading: EmptyLastHttpContent
11:39:55.501 [LittleProxy-ProxyToServerWorker-6] DEBUG o.l.p.impl.ClientToProxyConnection - (AWAITING_INITIAL) [id: 0xd04916de, /127.0.0.1:54208 => /127.0.1.1:45224]: Retaining reference counted message
11:39:55.501 [LittleProxy-ProxyToServerWorker-6] DEBUG o.l.p.impl.ClientToProxyConnection - (AWAITING_INITIAL) [id: 0xd04916de, /127.0.0.1:54208 => /127.0.1.1:45224]: Writing: EmptyLastHttpContent
11:39:55.501 [LittleProxy-ProxyToServerWorker-6] DEBUG o.l.p.impl.ClientToProxyConnection - (AWAITING_INITIAL) [id: 0xd04916de, /127.0.0.1:54208 => /127.0.1.1:45224]: Writing an empty buffer to signal the end of our chunked transfer
11:39:55.501 [LittleProxy-ProxyToServerWorker-6] DEBUG o.l.p.impl.ClientToProxyConnection - (AWAITING_INITIAL) [id: 0xd04916de, /127.0.0.1:54208 => /127.0.1.1:45224]: Wrote: EmptyLastHttpContent
11:39:55.501 [LittleProxy-ProxyToServerWorker-6] DEBUG o.l.p.impl.ClientToProxyConnection - (AWAITING_INITIAL) [id: 0xd04916de, /127.0.0.1:54208 => /127.0.1.1:45224]: Retaining reference counted message
11:39:55.501 [LittleProxy-ProxyToServerWorker-6] DEBUG o.l.p.impl.ClientToProxyConnection - (AWAITING_INITIAL) [id: 0xd04916de, /127.0.0.1:54208 => /127.0.1.1:45224]: Writing: EmptyByteBufBE
11:39:55.501 [LittleProxy-ProxyToServerWorker-6] DEBUG o.l.p.impl.ClientToProxyConnection - (AWAITING_INITIAL) [id: 0xd04916de, /127.0.0.1:54208 => /127.0.1.1:45224]: Wrote: EmptyByteBufBE
11:39:55.501 [LittleProxy-ProxyToServerWorker-6] DEBUG o.l.p.impl.ClientToProxyConnection - (AWAITING_INITIAL) [id: 0xd04916de, /127.0.0.1:54208 => /127.0.1.1:45224]: Handling last chunk. Using normal server connection closing rules.
11:39:55.501 [LittleProxy-ProxyToServerWorker-6] DEBUG o.l.p.impl.ClientToProxyConnection - (AWAITING_INITIAL) [id: 0xd04916de, /127.0.0.1:54208 => /127.0.1.1:45224]: Not closing server connection for response: DefaultHttpResponse(decodeResult: success, version: HTTP/1.1)
HTTP/1.1 200 OK
Server: Apache-Coyote/1.1
Access-Control-Allow-Origin: null
Access-Control-Allow-Credentials: true
Strict-Transport-Security: max-age=31536000 ; includeSubDomains
X-Frame-Options: DENY
X-XSS-Protection: 1; mode=block
X-Content-Type-Options: nosniff
Cache-Control: no-cache, no-store, max-age=0, must-revalidate
Pragma: no-cache
Expires: 0
X-Application-Context: application:development
Content-Type: application/json;charset=UTF-8
Transfer-Encoding: chunked
Date: Tue, 08 Sep 2015 10:39:54 GMT
11:39:55.501 [LittleProxy-ProxyToServerWorker-6] DEBUG o.l.p.impl.ClientToProxyConnection - (AWAITING_INITIAL) [id: 0xd04916de, /127.0.0.1:54208 => /127.0.1.1:45224]: Handling last chunk. Using normal client connection closing rules.
11:39:55.502 [LittleProxy-ProxyToServerWorker-6] DEBUG o.l.p.impl.ClientToProxyConnection - (AWAITING_INITIAL) [id: 0xd04916de, /127.0.0.1:54208 => /127.0.1.1:45224]: Not closing client connection for request: [FAILED toString()]
11:39:55.507 [LittleProxy-ClientToProxyWorker-7] DEBUG o.l.p.impl.ClientToProxyConnection - (AWAITING_INITIAL) [id: 0xd04916de, /127.0.0.1:54208 => /127.0.1.1:45224]: Reading: HttpObjectAggregator$AggregatedFullHttpRequest(decodeResult: success, version: HTTP/1.1, content: CompositeByteBuf(ridx: 0, widx: 0, cap: 0, components=0))
GET http://localhost:8080/ HTTP/1.1
Host: localhost:8080
Proxy-Connection: keep-alive
Authorization: Basic YWRtaW46cGFzcw==
Accept: application/json, text/plain, */*
X-Forwarded-Proto: https
User-Agent: Mozilla/5.0 (X11; Linux x86_64) AppleWebKit/537.36 (KHTML, like Gecko) Chrome/44.0.2403.130 Safari/537.36
Referer: http://localhost:9000/
Accept-Encoding: gzip, deflate, sdch
Accept-Language: en-GB,en-US;q=0.8,en;q=0.6
Content-Length: 0
11:39:55.507 [LittleProxy-ClientToProxyWorker-7] DEBUG o.l.p.impl.ClientToProxyConnection - (AWAITING_INITIAL) [id: 0xd04916de, /127.0.0.1:54208 => /127.0.1.1:45224]: Got request: HttpObjectAggregator$AggregatedFullHttpRequest(decodeResult: success, version: HTTP/1.1, content: CompositeByteBuf(ridx: 0, widx: 0, cap: 0, components=0))
GET http://localhost:8080/ HTTP/1.1
Host: localhost:8080
Proxy-Connection: keep-alive
Authorization: Basic YWRtaW46cGFzcw==
Accept: application/json, text/plain, */*
X-Forwarded-Proto: https
User-Agent: Mozilla/5.0 (X11; Linux x86_64) AppleWebKit/537.36 (KHTML, like Gecko) Chrome/44.0.2403.130 Safari/537.36
Referer: http://localhost:9000/
Accept-Encoding: gzip, deflate, sdch
Accept-Language: en-GB,en-US;q=0.8,en;q=0.6
Content-Length: 0
11:39:55.507 [LittleProxy-ClientToProxyWorker-7] DEBUG o.l.p.impl.ClientToProxyConnection - (AWAITING_INITIAL) [id: 0xd04916de, /127.0.0.1:54208 => /127.0.1.1:45224]: Ensuring that hostAndPort are available in http://localhost:8080/
11:39:55.507 [LittleProxy-ClientToProxyWorker-7] DEBUG o.l.p.impl.ClientToProxyConnection - (AWAITING_INITIAL) [id: 0xd04916de, /127.0.0.1:54208 => /127.0.1.1:45224]: Finding ProxyToServerConnection for: localhost:8080
11:39:55.507 [LittleProxy-ClientToProxyWorker-7] DEBUG o.l.p.impl.ClientToProxyConnection - (AWAITING_INITIAL) [id: 0xd04916de, /127.0.0.1:54208 => /127.0.1.1:45224]: Reusing existing server connection: org.littleshoot.proxy.impl.ProxyToServerConnection@644051ff
11:39:55.507 [LittleProxy-ClientToProxyWorker-7] DEBUG o.l.p.impl.ClientToProxyConnection - (AWAITING_INITIAL) [id: 0xd04916de, /127.0.0.1:54208 => /127.0.1.1:45224]: Modifying request headers for proxying
11:39:55.507 [LittleProxy-ClientToProxyWorker-7] DEBUG o.l.p.impl.ClientToProxyConnection - (AWAITING_INITIAL) [id: 0xd04916de, /127.0.0.1:54208 => /127.0.1.1:45224]: Modifying request for proxy chaining
11:39:55.507 [LittleProxy-ClientToProxyWorker-7] DEBUG o.l.p.impl.ClientToProxyConnection - (AWAITING_INITIAL) [id: 0xd04916de, /127.0.0.1:54208 => /127.0.1.1:45224]: Stripped host from uri: http://localhost:8080/    yielding: /
11:39:55.507 [LittleProxy-ClientToProxyWorker-7] DEBUG o.l.p.impl.ClientToProxyConnection - (AWAITING_INITIAL) [id: 0xd04916de, /127.0.0.1:54208 => /127.0.1.1:45224]: Removed sdch and inserted: gzip, deflate, 
11:39:55.507 [LittleProxy-ClientToProxyWorker-7] DEBUG o.l.p.impl.ClientToProxyConnection - (AWAITING_INITIAL) [id: 0xd04916de, /127.0.0.1:54208 => /127.0.1.1:45224]: Writing request to ProxyToServerConnection
11:39:55.507 [LittleProxy-ClientToProxyWorker-7] DEBUG o.l.p.impl.ProxyToServerConnection - (AWAITING_INITIAL) [id: 0x58f77194, /127.0.0.1:48998 => localhost/127.0.0.1:8080]: Requested write of HttpObjectAggregator$AggregatedFullHttpRequest(decodeResult: success, version: HTTP/1.1, content: CompositeByteBuf(ridx: 0, widx: 0, cap: 0, components=0))
GET / HTTP/1.1
Host: localhost:8080
Authorization: Basic YWRtaW46cGFzcw==
Accept: application/json, text/plain, */*
X-Forwarded-Proto: https
User-Agent: Mozilla/5.0 (X11; Linux x86_64) AppleWebKit/537.36 (KHTML, like Gecko) Chrome/44.0.2403.130 Safari/537.36
Referer: http://localhost:9000/
Accept-Language: en-GB,en-US;q=0.8,en;q=0.6
Content-Length: 0
X-Forwarded-Proto: https
Accept-Encoding: gzip, deflate, 
Via: 1.1 localhost.localdomain
11:39:55.507 [LittleProxy-ClientToProxyWorker-7] DEBUG o.l.p.impl.ProxyToServerConnection - (AWAITING_INITIAL) [id: 0x58f77194, /127.0.0.1:48998 => localhost/127.0.0.1:8080]: Retaining reference counted message
11:39:55.507 [LittleProxy-ClientToProxyWorker-7] DEBUG o.l.p.impl.ProxyToServerConnection - (AWAITING_INITIAL) [id: 0x58f77194, /127.0.0.1:48998 => localhost/127.0.0.1:8080]: Using existing connection to: localhost/127.0.0.1:8080
11:39:55.507 [LittleProxy-ClientToProxyWorker-7] DEBUG o.l.p.impl.ProxyToServerConnection - (AWAITING_INITIAL) [id: 0x58f77194, /127.0.0.1:48998 => localhost/127.0.0.1:8080]: Writing: HttpObjectAggregator$AggregatedFullHttpRequest(decodeResult: success, version: HTTP/1.1, content: CompositeByteBuf(ridx: 0, widx: 0, cap: 0, components=0))
GET / HTTP/1.1
Host: localhost:8080
Authorization: Basic YWRtaW46cGFzcw==
Accept: application/json, text/plain, */*
X-Forwarded-Proto: https
User-Agent: Mozilla/5.0 (X11; Linux x86_64) AppleWebKit/537.36 (KHTML, like Gecko) Chrome/44.0.2403.130 Safari/537.36
Referer: http://localhost:9000/
Accept-Language: en-GB,en-US;q=0.8,en;q=0.6
Content-Length: 0
X-Forwarded-Proto: https
Accept-Encoding: gzip, deflate, 
Via: 1.1 localhost.localdomain
11:39:55.507 [LittleProxy-ClientToProxyWorker-7] DEBUG o.l.p.impl.ProxyToServerConnection - (AWAITING_INITIAL) [id: 0x58f77194, /127.0.0.1:48998 => localhost/127.0.0.1:8080]: Writing an empty buffer to signal the end of our chunked transfer
11:39:55.507 [LittleProxy-ClientToProxyWorker-7] DEBUG o.l.p.impl.ProxyToServerConnection - (AWAITING_INITIAL) [id: 0x58f77194, /127.0.0.1:48998 => localhost/127.0.0.1:8080]: Wrote: HttpObjectAggregator$AggregatedFullHttpRequest(decodeResult: success, version: HTTP/1.1, content: CompositeByteBuf(ridx: 0, widx: 0, cap: 0, components=0))
GET / HTTP/1.1
Host: localhost:8080
Authorization: Basic YWRtaW46cGFzcw==
Accept: application/json, text/plain, */*
X-Forwarded-Proto: https
User-Agent: Mozilla/5.0 (X11; Linux x86_64) AppleWebKit/537.36 (KHTML, like Gecko) Chrome/44.0.2403.130 Safari/537.36
Referer: http://localhost:9000/
Accept-Language: en-GB,en-US;q=0.8,en;q=0.6
Content-Length: 0
X-Forwarded-Proto: https
Accept-Encoding: gzip, deflate, 
Via: 1.1 localhost.localdomain
11:39:55.518 [LittleProxy-ProxyToServerWorker-6] DEBUG o.l.p.impl.ProxyToServerConnection - (AWAITING_INITIAL) [id: 0x58f77194, /127.0.0.1:48998 => localhost/127.0.0.1:8080]: Remembering the current request.
11:39:55.518 [LittleProxy-ProxyToServerWorker-6] DEBUG o.l.p.impl.ProxyToServerConnection - (AWAITING_INITIAL) [id: 0x58f77194, /127.0.0.1:48998 => localhost/127.0.0.1:8080]: Reading: DefaultHttpResponse(decodeResult: success, version: HTTP/1.1)
HTTP/1.1 200 OK
Server: Apache-Coyote/1.1
Access-Control-Allow-Origin: null
Access-Control-Allow-Credentials: true
Strict-Transport-Security: max-age=31536000 ; includeSubDomains
X-Frame-Options: DENY
X-XSS-Protection: 1; mode=block
X-Content-Type-Options: nosniff
Cache-Control: no-cache, no-store, max-age=0, must-revalidate
Pragma: no-cache
Expires: 0
X-Application-Context: application:development
Content-Type: application/json;charset=UTF-8
Transfer-Encoding: chunked
Date: Tue, 08 Sep 2015 10:39:54 GMT
11:39:55.518 [LittleProxy-ProxyToServerWorker-6] DEBUG o.l.p.impl.ProxyToServerConnection - (AWAITING_INITIAL) [id: 0x58f77194, /127.0.0.1:48998 => localhost/127.0.0.1:8080]: Received raw response: DefaultHttpResponse(decodeResult: success, version: HTTP/1.1)
HTTP/1.1 200 OK
Server: Apache-Coyote/1.1
Access-Control-Allow-Origin: null
Access-Control-Allow-Credentials: true
Strict-Transport-Security: max-age=31536000 ; includeSubDomains
X-Frame-Options: DENY
X-XSS-Protection: 1; mode=block
X-Content-Type-Options: nosniff
Cache-Control: no-cache, no-store, max-age=0, must-revalidate
Pragma: no-cache
Expires: 0
X-Application-Context: application:development
Content-Type: application/json;charset=UTF-8
Transfer-Encoding: chunked
Date: Tue, 08 Sep 2015 10:39:54 GMT
11:39:55.518 [LittleProxy-ProxyToServerWorker-6] DEBUG o.l.p.impl.ProxyToServerConnection - (AWAITING_INITIAL) [id: 0x58f77194, /127.0.0.1:48998 => localhost/127.0.0.1:8080]: Remembering the current response.
11:39:55.518 [LittleProxy-ProxyToServerWorker-6] DEBUG o.l.p.impl.ClientToProxyConnection - (AWAITING_INITIAL) [id: 0xd04916de, /127.0.0.1:54208 => /127.0.1.1:45224]: Writing: DefaultHttpResponse(decodeResult: success, version: HTTP/1.1)
HTTP/1.1 200 OK
Server: Apache-Coyote/1.1
Access-Control-Allow-Origin: null
Access-Control-Allow-Credentials: true
Strict-Transport-Security: max-age=31536000 ; includeSubDomains
X-Frame-Options: DENY
X-XSS-Protection: 1; mode=block
X-Content-Type-Options: nosniff
Cache-Control: no-cache, no-store, max-age=0, must-revalidate
Pragma: no-cache
Expires: 0
X-Application-Context: application:development
Content-Type: application/json;charset=UTF-8
Transfer-Encoding: chunked
Date: Tue, 08 Sep 2015 10:39:54 GMT
Via: 1.1 localhost.localdomain
11:39:55.518 [LittleProxy-ProxyToServerWorker-6] DEBUG o.l.p.impl.ClientToProxyConnection - (AWAITING_INITIAL) [id: 0xd04916de, /127.0.0.1:54208 => /127.0.1.1:45224]: Wrote: DefaultHttpResponse(decodeResult: success, version: HTTP/1.1)
HTTP/1.1 200 OK
Server: Apache-Coyote/1.1
Access-Control-Allow-Origin: null
Access-Control-Allow-Credentials: true
Strict-Transport-Security: max-age=31536000 ; includeSubDomains
X-Frame-Options: DENY
X-XSS-Protection: 1; mode=block
X-Content-Type-Options: nosniff
Cache-Control: no-cache, no-store, max-age=0, must-revalidate
Pragma: no-cache
Expires: 0
X-Application-Context: application:development
Content-Type: application/json;charset=UTF-8
Transfer-Encoding: chunked
Date: Tue, 08 Sep 2015 10:39:54 GMT
Via: 1.1 localhost.localdomain
11:39:55.518 [LittleProxy-ProxyToServerWorker-6] DEBUG o.l.p.impl.ClientToProxyConnection - (AWAITING_INITIAL) [id: 0xd04916de, /127.0.0.1:54208 => /127.0.1.1:45224]: Not closing server connection on middle chunk for /
11:39:55.518 [LittleProxy-ProxyToServerWorker-6] DEBUG o.l.p.impl.ClientToProxyConnection - (AWAITING_INITIAL) [id: 0xd04916de, /127.0.0.1:54208 => /127.0.1.1:45224]: Not closing client connection on middle chunk for /
11:39:55.519 [LittleProxy-ProxyToServerWorker-6] DEBUG o.l.p.impl.ProxyToServerConnection - (AWAITING_CHUNK) [id: 0x58f77194, /127.0.0.1:48998 => localhost/127.0.0.1:8080]: Reading: DefaultHttpContent(data: SlicedByteBuf(ridx: 0, widx: 583, cap: 583/583, unwrapped: UnpooledUnsafeDirectByteBuf(ridx: 590, widx: 590, cap: 4096)), decoderResult: success)
11:39:55.519 [LittleProxy-ProxyToServerWorker-6] DEBUG o.l.p.impl.ClientToProxyConnection - (AWAITING_INITIAL) [id: 0xd04916de, /127.0.0.1:54208 => /127.0.1.1:45224]: Retaining reference counted message
11:39:55.519 [LittleProxy-ProxyToServerWorker-6] DEBUG o.l.p.impl.ClientToProxyConnection - (AWAITING_INITIAL) [id: 0xd04916de, /127.0.0.1:54208 => /127.0.1.1:45224]: Writing: DefaultHttpContent(data: SlicedByteBuf(ridx: 0, widx: 583, cap: 583/583, unwrapped: UnpooledUnsafeDirectByteBuf(ridx: 590, widx: 590, cap: 4096)), decoderResult: success)
11:39:55.519 [LittleProxy-ProxyToServerWorker-6] DEBUG o.l.p.impl.ClientToProxyConnection - (AWAITING_INITIAL) [id: 0xd04916de, /127.0.0.1:54208 => /127.0.1.1:45224]: Wrote: DefaultHttpContent(data: SlicedByteBuf(ridx: 0, widx: 583, cap: 583/583, unwrapped: UnpooledUnsafeDirectByteBuf(ridx: 590, widx: 590, cap: 4096)), decoderResult: success)
11:39:55.519 [LittleProxy-ProxyToServerWorker-6] DEBUG o.l.p.impl.ClientToProxyConnection - (AWAITING_INITIAL) [id: 0xd04916de, /127.0.0.1:54208 => /127.0.1.1:45224]: Not closing server connection on middle chunk for /
11:39:55.519 [LittleProxy-ProxyToServerWorker-6] DEBUG o.l.p.impl.ClientToProxyConnection - (AWAITING_INITIAL) [id: 0xd04916de, /127.0.0.1:54208 => /127.0.1.1:45224]: Not closing client connection on middle chunk for /
11:39:55.519 [LittleProxy-ProxyToServerWorker-6] DEBUG o.l.p.impl.ProxyToServerConnection - (AWAITING_CHUNK) [id: 0x58f77194, /127.0.0.1:48998 => localhost/127.0.0.1:8080]: Reading: EmptyLastHttpContent
11:39:55.519 [LittleProxy-ProxyToServerWorker-6] DEBUG o.l.p.impl.ClientToProxyConnection - (AWAITING_INITIAL) [id: 0xd04916de, /127.0.0.1:54208 => /127.0.1.1:45224]: Retaining reference counted message
11:39:55.519 [LittleProxy-ProxyToServerWorker-6] DEBUG o.l.p.impl.ClientToProxyConnection - (AWAITING_INITIAL) [id: 0xd04916de, /127.0.0.1:54208 => /127.0.1.1:45224]: Writing: EmptyLastHttpContent
11:39:55.519 [LittleProxy-ProxyToServerWorker-6] DEBUG o.l.p.impl.ClientToProxyConnection - (AWAITING_INITIAL) [id: 0xd04916de, /127.0.0.1:54208 => /127.0.1.1:45224]: Writing an empty buffer to signal the end of our chunked transfer
11:39:55.519 [LittleProxy-ProxyToServerWorker-6] DEBUG o.l.p.impl.ClientToProxyConnection - (AWAITING_INITIAL) [id: 0xd04916de, /127.0.0.1:54208 => /127.0.1.1:45224]: Wrote: EmptyLastHttpContent
11:39:55.519 [LittleProxy-ProxyToServerWorker-6] DEBUG o.l.p.impl.ClientToProxyConnection - (AWAITING_INITIAL) [id: 0xd04916de, /127.0.0.1:54208 => /127.0.1.1:45224]: Retaining reference counted message
11:39:55.523 [LittleProxy-ProxyToServerWorker-6] DEBUG o.l.p.impl.ClientToProxyConnection - (AWAITING_INITIAL) [id: 0xd04916de, /127.0.0.1:54208 => /127.0.1.1:45224]: Writing: EmptyByteBufBE
11:39:55.523 [LittleProxy-ProxyToServerWorker-6] DEBUG o.l.p.impl.ClientToProxyConnection - (AWAITING_INITIAL) [id: 0xd04916de, /127.0.0.1:54208 => /127.0.1.1:45224]: Wrote: EmptyByteBufBE
11:39:55.523 [LittleProxy-ProxyToServerWorker-6] DEBUG o.l.p.impl.ClientToProxyConnection - (AWAITING_INITIAL) [id: 0xd04916de, /127.0.0.1:54208 => /127.0.1.1:45224]: Handling last chunk. Using normal server connection closing rules.
11:39:55.523 [LittleProxy-ProxyToServerWorker-6] DEBUG o.l.p.impl.ClientToProxyConnection - (AWAITING_INITIAL) [id: 0xd04916de, /127.0.0.1:54208 => /127.0.1.1:45224]: Not closing server connection for response: DefaultHttpResponse(decodeResult: success, version: HTTP/1.1)
HTTP/1.1 200 OK
Server: Apache-Coyote/1.1
Access-Control-Allow-Origin: null
Access-Control-Allow-Credentials: true
Strict-Transport-Security: max-age=31536000 ; includeSubDomains
X-Frame-Options: DENY
X-XSS-Protection: 1; mode=block
X-Content-Type-Options: nosniff
Cache-Control: no-cache, no-store, max-age=0, must-revalidate
Pragma: no-cache
Expires: 0
X-Application-Context: application:development
Content-Type: application/json;charset=UTF-8
Transfer-Encoding: chunked
Date: Tue, 08 Sep 2015 10:39:54 GMT
11:39:55.523 [LittleProxy-ProxyToServerWorker-6] DEBUG o.l.p.impl.ClientToProxyConnection - (AWAITING_INITIAL) [id: 0xd04916de, /127.0.0.1:54208 => /127.0.1.1:45224]: Handling last chunk. Using normal client connection closing rules.
11:39:55.524 [LittleProxy-ProxyToServerWorker-6] DEBUG o.l.p.impl.ClientToProxyConnection - (AWAITING_INITIAL) [id: 0xd04916de, /127.0.0.1:54208 => /127.0.1.1:45224]: Not closing client connection for request: [FAILED toString()]
11:39:55.547 [LittleProxy-ClientToProxyWorker-0] DEBUG o.l.p.impl.ClientToProxyConnection - (AWAITING_INITIAL): Configuring ChannelPipeline
11:39:55.547 [LittleProxy-ClientToProxyWorker-0] DEBUG o.l.p.impl.ClientToProxyConnection - (AWAITING_INITIAL): Created ClientToProxyConnection
11:39:55.547 [LittleProxy-ClientToProxyWorker-0] DEBUG o.l.p.impl.ClientToProxyConnection - (AWAITING_INITIAL) [id: 0xe91e8daf, /127.0.0.1:54214 => /127.0.1.1:45224]: Connected
11:39:55.547 [LittleProxy-ClientToProxyWorker-0] DEBUG o.l.p.impl.ClientToProxyConnection - (AWAITING_INITIAL) [id: 0xe91e8daf, /127.0.0.1:54214 => /127.0.1.1:45224]: Reading: HttpObjectAggregator$AggregatedFullHttpRequest(decodeResult: success, version: HTTP/1.1, content: CompositeByteBuf(ridx: 0, widx: 0, cap: 0, components=0))
CONNECT localhost:35729 HTTP/1.1
Host: localhost:35729
Proxy-Connection: keep-alive
User-Agent: Mozilla/5.0 (X11; Linux x86_64) AppleWebKit/537.36 (KHTML, like Gecko) Chrome/44.0.2403.130 Safari/537.36
Content-Length: 0
11:39:55.548 [LittleProxy-ClientToProxyWorker-0] DEBUG o.l.p.impl.ClientToProxyConnection - (AWAITING_INITIAL) [id: 0xe91e8daf, /127.0.0.1:54214 => /127.0.1.1:45224]: Got request: HttpObjectAggregator$AggregatedFullHttpRequest(decodeResult: success, version: HTTP/1.1, content: CompositeByteBuf(ridx: 0, widx: 0, cap: 0, components=0))
CONNECT localhost:35729 HTTP/1.1
Host: localhost:35729
Proxy-Connection: keep-alive
User-Agent: Mozilla/5.0 (X11; Linux x86_64) AppleWebKit/537.36 (KHTML, like Gecko) Chrome/44.0.2403.130 Safari/537.36
Content-Length: 0
11:39:55.548 [LittleProxy-ClientToProxyWorker-0] DEBUG o.l.p.impl.ClientToProxyConnection - (AWAITING_INITIAL) [id: 0xe91e8daf, /127.0.0.1:54214 => /127.0.1.1:45224]: Ensuring that hostAndPort are available in localhost:35729
11:39:55.548 [LittleProxy-ClientToProxyWorker-0] DEBUG o.l.p.impl.ClientToProxyConnection - (AWAITING_INITIAL) [id: 0xe91e8daf, /127.0.0.1:54214 => /127.0.1.1:45224]: Finding ProxyToServerConnection for: localhost:35729
11:39:55.548 [LittleProxy-ClientToProxyWorker-0] DEBUG o.l.p.impl.ClientToProxyConnection - (AWAITING_INITIAL) [id: 0xe91e8daf, /127.0.0.1:54214 => /127.0.1.1:45224]: Not reusing existing ProxyToServerConnection because request is a CONNECT for: localhost:35729
11:39:55.548 [LittleProxy-ClientToProxyWorker-0] DEBUG o.l.p.impl.ClientToProxyConnection - (AWAITING_INITIAL) [id: 0xe91e8daf, /127.0.0.1:54214 => /127.0.1.1:45224]: Modifying request headers for proxying
11:39:55.548 [LittleProxy-ClientToProxyWorker-0] DEBUG o.l.p.impl.ClientToProxyConnection - (AWAITING_INITIAL) [id: 0xe91e8daf, /127.0.0.1:54214 => /127.0.1.1:45224]: Modifying request for proxy chaining
11:39:55.548 [LittleProxy-ClientToProxyWorker-0] DEBUG o.l.p.impl.ClientToProxyConnection - (AWAITING_INITIAL) [id: 0xe91e8daf, /127.0.0.1:54214 => /127.0.1.1:45224]: Stripped host from uri: localhost:35729    yielding: localhost:35729
11:39:55.548 [LittleProxy-ClientToProxyWorker-0] DEBUG o.l.p.impl.ClientToProxyConnection - (AWAITING_INITIAL) [id: 0xe91e8daf, /127.0.0.1:54214 => /127.0.1.1:45224]: Writing request to ProxyToServerConnection
11:39:55.548 [LittleProxy-ClientToProxyWorker-0] DEBUG o.l.p.impl.ProxyToServerConnection - (DISCONNECTED): Requested write of HttpObjectAggregator$AggregatedFullHttpRequest(decodeResult: success, version: HTTP/1.1, content: CompositeByteBuf(ridx: 0, widx: 0, cap: 0, components=0))
CONNECT localhost:35729 HTTP/1.1
Host: localhost:35729
User-Agent: Mozilla/5.0 (X11; Linux x86_64) AppleWebKit/537.36 (KHTML, like Gecko) Chrome/44.0.2403.130 Safari/537.36
Content-Length: 0
Via: 1.1 localhost.localdomain
11:39:55.548 [LittleProxy-ClientToProxyWorker-0] DEBUG o.l.p.impl.ProxyToServerConnection - (DISCONNECTED): Retaining reference counted message
11:39:55.548 [LittleProxy-ClientToProxyWorker-0] DEBUG o.l.p.impl.ProxyToServerConnection - (DISCONNECTED): Currently disconnected, connect and then write the message
11:39:55.548 [LittleProxy-ClientToProxyWorker-0] DEBUG o.l.p.impl.ProxyToServerConnection - (DISCONNECTED): Starting new connection to: localhost/127.0.0.1:35729
11:39:55.549 [LittleProxy-ClientToProxyWorker-0] DEBUG o.l.p.impl.ClientToProxyConnection - (AWAITING_INITIAL) [id: 0xe91e8daf, /127.0.0.1:54214 => /127.0.1.1:45224]: Stopped reading
11:39:55.549 [LittleProxy-ClientToProxyWorker-0] DEBUG o.l.p.impl.ProxyToServerConnection - (DISCONNECTED): Processing connection flow step: CONNECTING
11:39:55.549 [LittleProxy-ClientToProxyWorker-0] DEBUG o.l.p.impl.ProxyToServerConnection - (CONNECTING): Connecting to server with TCP
11:39:55.550 [LittleProxy-ProxyToServerWorker-0] DEBUG o.l.p.impl.ProxyToServerConnection - (CONNECTING) [id: 0x72ef7ff8, /127.0.0.1:37714 => localhost/127.0.0.1:35729]: ConnectionFlowStep succeeded
11:39:55.550 [LittleProxy-ProxyToServerWorker-0] DEBUG o.l.p.impl.ProxyToServerConnection - (CONNECTING) [id: 0x72ef7ff8, /127.0.0.1:37714 => localhost/127.0.0.1:35729]: Processing connection flow step: HANDSHAKING
11:39:55.550 [LittleProxy-ProxyToServerWorker-0] DEBUG o.l.p.impl.ProxyToServerConnection - (HANDSHAKING) [id: 0x72ef7ff8, /127.0.0.1:37714 => localhost/127.0.0.1:35729]: Enabling encryption with SSLEngine: 4ebc71b9[SSLEngine[hostname=localhost port=35729] SSL_NULL_WITH_NULL_NULL]
11:39:55.551 [LittleProxy-ProxyToServerWorker-0] DEBUG o.l.p.impl.ProxyToServerConnection - (HANDSHAKING) [id: 0x72ef7ff8, /127.0.0.1:37714 => localhost/127.0.0.1:35729]: Connected
11:39:55.555 [LittleProxy-ProxyToServerWorker-0] DEBUG o.l.p.impl.ProxyToServerConnection - (HANDSHAKING) [id: 0x72ef7ff8, /127.0.0.1:37714 :> localhost/127.0.0.1:35729]: ConnectionFlowStep failed
java.nio.channels.ClosedChannelException: null
11:39:55.556 [LittleProxy-ProxyToServerWorker-0] DEBUG o.l.p.impl.ClientToProxyConnection - (NEGOTIATING_CONNECT) [id: 0xe91e8daf, /127.0.0.1:54214 => /127.0.1.1:45224]: All servers have finished attempting to connect, resuming reading from client.
11:39:55.556 [LittleProxy-ProxyToServerWorker-0] DEBUG o.l.p.impl.ClientToProxyConnection - (NEGOTIATING_CONNECT) [id: 0xe91e8daf, /127.0.0.1:54214 => /127.0.1.1:45224]: Resumed reading
11:39:55.556 [LittleProxy-ProxyToServerWorker-0] DEBUG o.l.p.impl.ClientToProxyConnection - (NEGOTIATING_CONNECT) [id: 0xe91e8daf, /127.0.0.1:54214 => /127.0.1.1:45224]: Connection to server failed: localhost/127.0.0.1:35729.  Last state before failure: HANDSHAKING
11:39:55.556 [LittleProxy-ProxyToServerWorker-0] DEBUG o.l.p.impl.ClientToProxyConnection - (NEGOTIATING_CONNECT) [id: 0xe91e8daf, /127.0.0.1:54214 => /127.0.1.1:45224]: Retaining reference counted message
11:39:55.556 [LittleProxy-ProxyToServerWorker-0] DEBUG o.l.p.impl.ClientToProxyConnection - (NEGOTIATING_CONNECT) [id: 0xe91e8daf, /127.0.0.1:54214 => /127.0.1.1:45224]: Writing: DefaultFullHttpResponse(decodeResult: success, version: HTTP/1.1, content: UnpooledHeapByteBuf(ridx: 0, widx: 28, cap: 28/28))
HTTP/1.1 502 Bad Gateway
Content-Length: 28
Content-Type: text/html; charset=UTF-8
11:39:55.556 [LittleProxy-ProxyToServerWorker-0] DEBUG o.l.p.impl.ClientToProxyConnection - (NEGOTIATING_CONNECT) [id: 0xe91e8daf, /127.0.0.1:54214 => /127.0.1.1:45224]: Writing an empty buffer to signal the end of our chunked transfer
11:39:55.556 [LittleProxy-ProxyToServerWorker-0] DEBUG o.l.p.impl.ClientToProxyConnection - (NEGOTIATING_CONNECT) [id: 0xe91e8daf, /127.0.0.1:54214 => /127.0.1.1:45224]: Wrote: DefaultFullHttpResponse(decodeResult: success, version: HTTP/1.1, content: UnpooledHeapByteBuf(ridx: 0, widx: 28, cap: 28/28))
HTTP/1.1 502 Bad Gateway
Content-Length: 28
Content-Type: text/html; charset=UTF-8
11:39:55.556 [LittleProxy-ProxyToServerWorker-0] DEBUG o.l.p.impl.ClientToProxyConnection - (NEGOTIATING_CONNECT) [id: 0xe91e8daf, /127.0.0.1:54214 => /127.0.1.1:45224]: Retaining reference counted message
11:39:55.556 [LittleProxy-ProxyToServerWorker-0] DEBUG o.l.p.impl.ClientToProxyConnection - (NEGOTIATING_CONNECT) [id: 0xe91e8daf, /127.0.0.1:54214 => /127.0.1.1:45224]: Writing: EmptyByteBufBE
11:39:55.556 [LittleProxy-ProxyToServerWorker-0] DEBUG o.l.p.impl.ClientToProxyConnection - (NEGOTIATING_CONNECT) [id: 0xe91e8daf, /127.0.0.1:54214 => /127.0.1.1:45224]: Wrote: EmptyByteBufBE
11:39:55.556 [LittleProxy-ProxyToServerWorker-0] DEBUG o.l.p.impl.ProxyToServerConnection - (DISCONNECTED) [id: 0x72ef7ff8, /127.0.0.1:37714 :> localhost/127.0.0.1:35729]: Disconnected
11:39:55.557 [LittleProxy-ClientToProxyWorker-0] DEBUG o.l.p.impl.ClientToProxyConnection - (DISCONNECTED) [id: 0xe91e8daf, /127.0.0.1:54214 :> /127.0.1.1:45224]: Disconnected
11:39:55.558 [Forwarding findElements on session d94198a6aa3008d5ffaf97f92db0cb0c to remote] DEBUG o.a.h.c.protocol.RequestAddCookies - CookieSpec selected: best-match
11:39:55.559 [Forwarding findElements on session d94198a6aa3008d5ffaf97f92db0cb0c to remote] DEBUG o.a.h.c.protocol.RequestAuthCache - Auth cache not set in the context
11:39:55.559 [Forwarding findElements on session d94198a6aa3008d5ffaf97f92db0cb0c to remote] DEBUG o.a.h.i.c.PoolingHttpClientConnectionManager - Connection request: [route: {}->http://localhost:26477][total kept alive: 0; route allocated: 0 of 2000; total allocated: 0 of 2000]
11:39:55.559 [Forwarding findElements on session d94198a6aa3008d5ffaf97f92db0cb0c to remote] DEBUG o.a.h.i.c.PoolingHttpClientConnectionManager - Connection leased: [id: 43][route: {}->http://localhost:26477][total kept alive: 0; route allocated: 1 of 2000; total allocated: 1 of 2000]
11:39:55.559 [Forwarding findElements on session d94198a6aa3008d5ffaf97f92db0cb0c to remote] DEBUG o.a.h.impl.execchain.MainClientExec - Opening connection {}->http://localhost:26477
11:39:55.559 [Forwarding findElements on session d94198a6aa3008d5ffaf97f92db0cb0c to remote] DEBUG o.a.h.i.c.HttpClientConnectionOperator - Connecting to localhost/127.0.0.1:26477
11:39:55.559 [Forwarding findElements on session d94198a6aa3008d5ffaf97f92db0cb0c to remote] DEBUG o.a.h.i.c.HttpClientConnectionOperator - Connection established 127.0.0.1:57319<->127.0.0.1:26477
11:39:55.559 [Forwarding findElements on session d94198a6aa3008d5ffaf97f92db0cb0c to remote] DEBUG o.a.h.impl.execchain.MainClientExec - Executing request POST /session/d94198a6aa3008d5ffaf97f92db0cb0c/elements HTTP/1.1
11:39:55.559 [Forwarding findElements on session d94198a6aa3008d5ffaf97f92db0cb0c to remote] DEBUG o.a.h.impl.execchain.MainClientExec - Target auth state: UNCHALLENGED
11:39:55.559 [Forwarding findElements on session d94198a6aa3008d5ffaf97f92db0cb0c to remote] DEBUG o.a.h.impl.execchain.MainClientExec - Proxy auth state: UNCHALLENGED
11:39:55.559 [Forwarding findElements on session d94198a6aa3008d5ffaf97f92db0cb0c to remote] DEBUG org.apache.http.headers - http-outgoing-43 >> POST /session/d94198a6aa3008d5ffaf97f92db0cb0c/elements HTTP/1.1
11:39:55.559 [Forwarding findElements on session d94198a6aa3008d5ffaf97f92db0cb0c to remote] DEBUG org.apache.http.headers - http-outgoing-43 >> Content-Type: application/json; charset=utf-8
11:39:55.559 [Forwarding findElements on session d94198a6aa3008d5ffaf97f92db0cb0c to remote] DEBUG org.apache.http.headers - http-outgoing-43 >> Content-Length: 36
11:39:55.559 [Forwarding findElements on session d94198a6aa3008d5ffaf97f92db0cb0c to remote] DEBUG org.apache.http.headers - http-outgoing-43 >> Host: localhost:26477
11:39:55.559 [Forwarding findElements on session d94198a6aa3008d5ffaf97f92db0cb0c to remote] DEBUG org.apache.http.headers - http-outgoing-43 >> Connection: Keep-Alive
11:39:55.559 [Forwarding findElements on session d94198a6aa3008d5ffaf97f92db0cb0c to remote] DEBUG org.apache.http.headers - http-outgoing-43 >> User-Agent: Apache-HttpClient/4.3.4 (java 1.5)
11:39:55.559 [Forwarding findElements on session d94198a6aa3008d5ffaf97f92db0cb0c to remote] DEBUG org.apache.http.headers - http-outgoing-43 >> Accept-Encoding: gzip,deflate
11:39:55.559 [Forwarding findElements on session d94198a6aa3008d5ffaf97f92db0cb0c to remote] DEBUG org.apache.http.wire - http-outgoing-43 >> "POST /session/d94198a6aa3008d5ffaf97f92db0cb0c/elements HTTP/1.1[\r][\n]"
11:39:55.559 [Forwarding findElements on session d94198a6aa3008d5ffaf97f92db0cb0c to remote] DEBUG org.apache.http.wire - http-outgoing-43 >> "Content-Type: application/json; charset=utf-8[\r][\n]"
11:39:55.559 [Forwarding findElements on session d94198a6aa3008d5ffaf97f92db0cb0c to remote] DEBUG org.apache.http.wire - http-outgoing-43 >> "Content-Length: 36[\r][\n]"
11:39:55.559 [Forwarding findElements on session d94198a6aa3008d5ffaf97f92db0cb0c to remote] DEBUG org.apache.http.wire - http-outgoing-43 >> "Host: localhost:26477[\r][\n]"
11:39:55.559 [Forwarding findElements on session d94198a6aa3008d5ffaf97f92db0cb0c to remote] DEBUG org.apache.http.wire - http-outgoing-43 >> "Connection: Keep-Alive[\r][\n]"
11:39:55.559 [Forwarding findElements on session d94198a6aa3008d5ffaf97f92db0cb0c to remote] DEBUG org.apache.http.wire - http-outgoing-43 >> "User-Agent: Apache-HttpClient/4.3.4 (java 1.5)[\r][\n]"
11:39:55.559 [Forwarding findElements on session d94198a6aa3008d5ffaf97f92db0cb0c to remote] DEBUG org.apache.http.wire - http-outgoing-43 >> "Accept-Encoding: gzip,deflate[\r][\n]"
11:39:55.559 [Forwarding findElements on session d94198a6aa3008d5ffaf97f92db0cb0c to remote] DEBUG org.apache.http.wire - http-outgoing-43 >> "[\r][\n]"
11:39:55.559 [Forwarding findElements on session d94198a6aa3008d5ffaf97f92db0cb0c to remote] DEBUG org.apache.http.wire - http-outgoing-43 >> "{"using":"css selector","value":"a"}"
11:39:55.564 [Forwarding findElements on session d94198a6aa3008d5ffaf97f92db0cb0c to remote] DEBUG org.apache.http.wire - http-outgoing-43 << "HTTP/1.1 200 OK[\r][\n]"
11:39:55.564 [Forwarding findElements on session d94198a6aa3008d5ffaf97f92db0cb0c to remote] DEBUG org.apache.http.wire - http-outgoing-43 << "Content-Length:428[\r][\n]"
11:39:55.564 [Forwarding findElements on session d94198a6aa3008d5ffaf97f92db0cb0c to remote] DEBUG org.apache.http.wire - http-outgoing-43 << "Content-Type:application/json; charset=utf-8[\r][\n]"
11:39:55.564 [Forwarding findElements on session d94198a6aa3008d5ffaf97f92db0cb0c to remote] DEBUG org.apache.http.wire - http-outgoing-43 << "Connection:close[\r][\n]"
11:39:55.564 [Forwarding findElements on session d94198a6aa3008d5ffaf97f92db0cb0c to remote] DEBUG org.apache.http.wire - http-outgoing-43 << "[\r][\n]"
11:39:55.564 [Forwarding findElements on session d94198a6aa3008d5ffaf97f92db0cb0c to remote] DEBUG org.apache.http.wire - http-outgoing-43 << "{"sessionId":"d94198a6aa3008d5ffaf97f92db0cb0c","status":0,"value":[{"ELEMENT":"0.5152662619948387-9"},{"ELEMENT":"0.5152662619948387-10"},{"ELEMENT":"0.5152662619948387-11"},{"ELEMENT":"0.5152662619948387-12"},{"ELEMENT":"0.5152662619948387-13"},{"ELEMENT":"0.5152662619948387-14"},{"ELEMENT":"0.5152662619948387-15"},{"ELEMENT":"0.5152662619948387-16"},{"ELEMENT":"0.5152662619948387-17"},{"ELEMENT":"0.5152662619948387-18"}]}"
11:39:55.564 [Forwarding findElements on session d94198a6aa3008d5ffaf97f92db0cb0c to remote] DEBUG org.apache.http.headers - http-outgoing-43 << HTTP/1.1 200 OK
11:39:55.564 [Forwarding findElements on session d94198a6aa3008d5ffaf97f92db0cb0c to remote] DEBUG org.apache.http.headers - http-outgoing-43 << Content-Length:428
11:39:55.564 [Forwarding findElements on session d94198a6aa3008d5ffaf97f92db0cb0c to remote] DEBUG org.apache.http.headers - http-outgoing-43 << Content-Type:application/json; charset=utf-8
11:39:55.564 [Forwarding findElements on session d94198a6aa3008d5ffaf97f92db0cb0c to remote] DEBUG org.apache.http.headers - http-outgoing-43 << Connection:close
11:39:55.564 [Forwarding findElements on session d94198a6aa3008d5ffaf97f92db0cb0c to remote] DEBUG o.a.h.i.c.DefaultManagedHttpClientConnection - http-outgoing-43: Shutdown connection
11:39:55.564 [Forwarding findElements on session d94198a6aa3008d5ffaf97f92db0cb0c to remote] DEBUG o.a.h.impl.execchain.MainClientExec - Connection discarded
11:39:55.564 [Forwarding findElements on session d94198a6aa3008d5ffaf97f92db0cb0c to remote] DEBUG o.a.h.i.c.DefaultManagedHttpClientConnection - http-outgoing-43: Close connection
11:39:55.564 [Forwarding findElements on session d94198a6aa3008d5ffaf97f92db0cb0c to remote] DEBUG o.a.h.i.c.PoolingHttpClientConnectionManager - Connection released: [id: 43][route: {}->http://localhost:26477][total kept alive: 0; route allocated: 0 of 2000; total allocated: 0 of 2000]
11:39:55.566 [Forwarding getElementText on session d94198a6aa3008d5ffaf97f92db0cb0c to remote] DEBUG o.a.h.c.protocol.RequestAddCookies - CookieSpec selected: best-match
11:39:55.566 [Forwarding getElementText on session d94198a6aa3008d5ffaf97f92db0cb0c to remote] DEBUG o.a.h.c.protocol.RequestAuthCache - Auth cache not set in the context
11:39:55.566 [Forwarding getElementText on session d94198a6aa3008d5ffaf97f92db0cb0c to remote] DEBUG o.a.h.i.c.PoolingHttpClientConnectionManager - Connection request: [route: {}->http://localhost:26477][total kept alive: 0; route allocated: 0 of 2000; total allocated: 0 of 2000]
11:39:55.566 [Forwarding getElementText on session d94198a6aa3008d5ffaf97f92db0cb0c to remote] DEBUG o.a.h.i.c.PoolingHttpClientConnectionManager - Connection leased: [id: 44][route: {}->http://localhost:26477][total kept alive: 0; route allocated: 1 of 2000; total allocated: 1 of 2000]
11:39:55.566 [Forwarding getElementText on session d94198a6aa3008d5ffaf97f92db0cb0c to remote] DEBUG o.a.h.impl.execchain.MainClientExec - Opening connection {}->http://localhost:26477
11:39:55.566 [Forwarding getElementText on session d94198a6aa3008d5ffaf97f92db0cb0c to remote] DEBUG o.a.h.i.c.HttpClientConnectionOperator - Connecting to localhost/127.0.0.1:26477
11:39:55.566 [Forwarding getElementText on session d94198a6aa3008d5ffaf97f92db0cb0c to remote] DEBUG o.a.h.i.c.HttpClientConnectionOperator - Connection established 127.0.0.1:57320<->127.0.0.1:26477
11:39:55.566 [Forwarding getElementText on session d94198a6aa3008d5ffaf97f92db0cb0c to remote] DEBUG o.a.h.impl.execchain.MainClientExec - Executing request GET /session/d94198a6aa3008d5ffaf97f92db0cb0c/element/0.5152662619948387-9/text HTTP/1.1
11:39:55.566 [Forwarding getElementText on session d94198a6aa3008d5ffaf97f92db0cb0c to remote] DEBUG o.a.h.impl.execchain.MainClientExec - Target auth state: UNCHALLENGED
11:39:55.566 [Forwarding getElementText on session d94198a6aa3008d5ffaf97f92db0cb0c to remote] DEBUG o.a.h.impl.execchain.MainClientExec - Proxy auth state: UNCHALLENGED
11:39:55.566 [Forwarding getElementText on session d94198a6aa3008d5ffaf97f92db0cb0c to remote] DEBUG org.apache.http.headers - http-outgoing-44 >> GET /session/d94198a6aa3008d5ffaf97f92db0cb0c/element/0.5152662619948387-9/text HTTP/1.1
11:39:55.566 [Forwarding getElementText on session d94198a6aa3008d5ffaf97f92db0cb0c to remote] DEBUG org.apache.http.headers - http-outgoing-44 >> Cache-Control: no-cache
11:39:55.566 [Forwarding getElementText on session d94198a6aa3008d5ffaf97f92db0cb0c to remote] DEBUG org.apache.http.headers - http-outgoing-44 >> Host: localhost:26477
11:39:55.566 [Forwarding getElementText on session d94198a6aa3008d5ffaf97f92db0cb0c to remote] DEBUG org.apache.http.headers - http-outgoing-44 >> Connection: Keep-Alive
11:39:55.566 [Forwarding getElementText on session d94198a6aa3008d5ffaf97f92db0cb0c to remote] DEBUG org.apache.http.headers - http-outgoing-44 >> User-Agent: Apache-HttpClient/4.3.4 (java 1.5)
11:39:55.566 [Forwarding getElementText on session d94198a6aa3008d5ffaf97f92db0cb0c to remote] DEBUG org.apache.http.headers - http-outgoing-44 >> Accept-Encoding: gzip,deflate
11:39:55.566 [Forwarding getElementText on session d94198a6aa3008d5ffaf97f92db0cb0c to remote] DEBUG org.apache.http.wire - http-outgoing-44 >> "GET /session/d94198a6aa3008d5ffaf97f92db0cb0c/element/0.5152662619948387-9/text HTTP/1.1[\r][\n]"
11:39:55.566 [Forwarding getElementText on session d94198a6aa3008d5ffaf97f92db0cb0c to remote] DEBUG org.apache.http.wire - http-outgoing-44 >> "Cache-Control: no-cache[\r][\n]"
11:39:55.566 [Forwarding getElementText on session d94198a6aa3008d5ffaf97f92db0cb0c to remote] DEBUG org.apache.http.wire - http-outgoing-44 >> "Host: localhost:26477[\r][\n]"
11:39:55.566 [Forwarding getElementText on session d94198a6aa3008d5ffaf97f92db0cb0c to remote] DEBUG org.apache.http.wire - http-outgoing-44 >> "Connection: Keep-Alive[\r][\n]"
11:39:55.566 [Forwarding getElementText on session d94198a6aa3008d5ffaf97f92db0cb0c to remote] DEBUG org.apache.http.wire - http-outgoing-44 >> "User-Agent: Apache-HttpClient/4.3.4 (java 1.5)[\r][\n]"
11:39:55.566 [Forwarding getElementText on session d94198a6aa3008d5ffaf97f92db0cb0c to remote] DEBUG org.apache.http.wire - http-outgoing-44 >> "Accept-Encoding: gzip,deflate[\r][\n]"
11:39:55.566 [Forwarding getElementText on session d94198a6aa3008d5ffaf97f92db0cb0c to remote] DEBUG org.apache.http.wire - http-outgoing-44 >> "[\r][\n]"
11:39:55.585 [Forwarding getElementText on session d94198a6aa3008d5ffaf97f92db0cb0c to remote] DEBUG org.apache.http.wire - http-outgoing-44 << "HTTP/1.1 200 OK[\r][\n]"
11:39:55.585 [Forwarding getElementText on session d94198a6aa3008d5ffaf97f92db0cb0c to remote] DEBUG org.apache.http.wire - http-outgoing-44 << "Content-Length:79[\r][\n]"
11:39:55.585 [Forwarding getElementText on session d94198a6aa3008d5ffaf97f92db0cb0c to remote] DEBUG org.apache.http.wire - http-outgoing-44 << "Content-Type:application/json; charset=utf-8[\r][\n]"
11:39:55.585 [Forwarding getElementText on session d94198a6aa3008d5ffaf97f92db0cb0c to remote] DEBUG org.apache.http.wire - http-outgoing-44 << "Connection:close[\r][\n]"
11:39:55.585 [Forwarding getElementText on session d94198a6aa3008d5ffaf97f92db0cb0c to remote] DEBUG org.apache.http.wire - http-outgoing-44 << "[\r][\n]"
11:39:55.585 [Forwarding getElementText on session d94198a6aa3008d5ffaf97f92db0cb0c to remote] DEBUG org.apache.http.wire - http-outgoing-44 << "{"sessionId":"d94198a6aa3008d5ffaf97f92db0cb0c","status":0,"value":"Campaigns"}"
11:39:55.585 [Forwarding getElementText on session d94198a6aa3008d5ffaf97f92db0cb0c to remote] DEBUG org.apache.http.headers - http-outgoing-44 << HTTP/1.1 200 OK
11:39:55.585 [Forwarding getElementText on session d94198a6aa3008d5ffaf97f92db0cb0c to remote] DEBUG org.apache.http.headers - http-outgoing-44 << Content-Length:79
11:39:55.585 [Forwarding getElementText on session d94198a6aa3008d5ffaf97f92db0cb0c to remote] DEBUG org.apache.http.headers - http-outgoing-44 << Content-Type:application/json; charset=utf-8
11:39:55.585 [Forwarding getElementText on session d94198a6aa3008d5ffaf97f92db0cb0c to remote] DEBUG org.apache.http.headers - http-outgoing-44 << Connection:close
11:39:55.585 [Forwarding getElementText on session d94198a6aa3008d5ffaf97f92db0cb0c to remote] DEBUG o.a.h.i.c.DefaultManagedHttpClientConnection - http-outgoing-44: Shutdown connection
11:39:55.585 [Forwarding getElementText on session d94198a6aa3008d5ffaf97f92db0cb0c to remote] DEBUG o.a.h.impl.execchain.MainClientExec - Connection discarded
11:39:55.585 [Forwarding getElementText on session d94198a6aa3008d5ffaf97f92db0cb0c to remote] DEBUG o.a.h.i.c.DefaultManagedHttpClientConnection - http-outgoing-44: Close connection
11:39:55.585 [Forwarding getElementText on session d94198a6aa3008d5ffaf97f92db0cb0c to remote] DEBUG o.a.h.i.c.PoolingHttpClientConnectionManager - Connection released: [id: 44][route: {}->http://localhost:26477][total kept alive: 0; route allocated: 0 of 2000; total allocated: 0 of 2000]
11:39:55.586 [Forwarding getElementText on session d94198a6aa3008d5ffaf97f92db0cb0c to remote] DEBUG o.a.h.c.protocol.RequestAddCookies - CookieSpec selected: best-match
11:39:55.586 [Forwarding getElementText on session d94198a6aa3008d5ffaf97f92db0cb0c to remote] DEBUG o.a.h.c.protocol.RequestAuthCache - Auth cache not set in the context
11:39:55.586 [Forwarding getElementText on session d94198a6aa3008d5ffaf97f92db0cb0c to remote] DEBUG o.a.h.i.c.PoolingHttpClientConnectionManager - Connection request: [route: {}->http://localhost:26477][total kept alive: 0; route allocated: 0 of 2000; total allocated: 0 of 2000]
11:39:55.586 [Forwarding getElementText on session d94198a6aa3008d5ffaf97f92db0cb0c to remote] DEBUG o.a.h.i.c.PoolingHttpClientConnectionManager - Connection leased: [id: 45][route: {}->http://localhost:26477][total kept alive: 0; route allocated: 1 of 2000; total allocated: 1 of 2000]
11:39:55.586 [Forwarding getElementText on session d94198a6aa3008d5ffaf97f92db0cb0c to remote] DEBUG o.a.h.impl.execchain.MainClientExec - Opening connection {}->http://localhost:26477
11:39:55.586 [Forwarding getElementText on session d94198a6aa3008d5ffaf97f92db0cb0c to remote] DEBUG o.a.h.i.c.HttpClientConnectionOperator - Connecting to localhost/127.0.0.1:26477
11:39:55.587 [Forwarding getElementText on session d94198a6aa3008d5ffaf97f92db0cb0c to remote] DEBUG o.a.h.i.c.HttpClientConnectionOperator - Connection established 127.0.0.1:57321<->127.0.0.1:26477
11:39:55.587 [Forwarding getElementText on session d94198a6aa3008d5ffaf97f92db0cb0c to remote] DEBUG o.a.h.impl.execchain.MainClientExec - Executing request GET /session/d94198a6aa3008d5ffaf97f92db0cb0c/element/0.5152662619948387-10/text HTTP/1.1
11:39:55.587 [Forwarding getElementText on session d94198a6aa3008d5ffaf97f92db0cb0c to remote] DEBUG o.a.h.impl.execchain.MainClientExec - Target auth state: UNCHALLENGED
11:39:55.587 [Forwarding getElementText on session d94198a6aa3008d5ffaf97f92db0cb0c to remote] DEBUG o.a.h.impl.execchain.MainClientExec - Proxy auth state: UNCHALLENGED
11:39:55.587 [Forwarding getElementText on session d94198a6aa3008d5ffaf97f92db0cb0c to remote] DEBUG org.apache.http.headers - http-outgoing-45 >> GET /session/d94198a6aa3008d5ffaf97f92db0cb0c/element/0.5152662619948387-10/text HTTP/1.1
11:39:55.587 [Forwarding getElementText on session d94198a6aa3008d5ffaf97f92db0cb0c to remote] DEBUG org.apache.http.headers - http-outgoing-45 >> Cache-Control: no-cache
11:39:55.587 [Forwarding getElementText on session d94198a6aa3008d5ffaf97f92db0cb0c to remote] DEBUG org.apache.http.headers - http-outgoing-45 >> Host: localhost:26477
11:39:55.587 [Forwarding getElementText on session d94198a6aa3008d5ffaf97f92db0cb0c to remote] DEBUG org.apache.http.headers - http-outgoing-45 >> Connection: Keep-Alive
11:39:55.587 [Forwarding getElementText on session d94198a6aa3008d5ffaf97f92db0cb0c to remote] DEBUG org.apache.http.headers - http-outgoing-45 >> User-Agent: Apache-HttpClient/4.3.4 (java 1.5)
11:39:55.587 [Forwarding getElementText on session d94198a6aa3008d5ffaf97f92db0cb0c to remote] DEBUG org.apache.http.headers - http-outgoing-45 >> Accept-Encoding: gzip,deflate
11:39:55.587 [Forwarding getElementText on session d94198a6aa3008d5ffaf97f92db0cb0c to remote] DEBUG org.apache.http.wire - http-outgoing-45 >> "GET /session/d94198a6aa3008d5ffaf97f92db0cb0c/element/0.5152662619948387-10/text HTTP/1.1[\r][\n]"
11:39:55.587 [Forwarding getElementText on session d94198a6aa3008d5ffaf97f92db0cb0c to remote] DEBUG org.apache.http.wire - http-outgoing-45 >> "Cache-Control: no-cache[\r][\n]"
11:39:55.587 [Forwarding getElementText on session d94198a6aa3008d5ffaf97f92db0cb0c to remote] DEBUG org.apache.http.wire - http-outgoing-45 >> "Host: localhost:26477[\r][\n]"
11:39:55.587 [Forwarding getElementText on session d94198a6aa3008d5ffaf97f92db0cb0c to remote] DEBUG org.apache.http.wire - http-outgoing-45 >> "Connection: Keep-Alive[\r][\n]"
11:39:55.587 [Forwarding getElementText on session d94198a6aa3008d5ffaf97f92db0cb0c to remote] DEBUG org.apache.http.wire - http-outgoing-45 >> "User-Agent: Apache-HttpClient/4.3.4 (java 1.5)[\r][\n]"
11:39:55.587 [Forwarding getElementText on session d94198a6aa3008d5ffaf97f92db0cb0c to remote] DEBUG org.apache.http.wire - http-outgoing-45 >> "Accept-Encoding: gzip,deflate[\r][\n]"
11:39:55.587 [Forwarding getElementText on session d94198a6aa3008d5ffaf97f92db0cb0c to remote] DEBUG org.apache.http.wire - http-outgoing-45 >> "[\r][\n]"
11:39:55.589 [LittleProxy-ProxyToServerWorker-2] DEBUG o.l.p.impl.ProxyToServerConnection - (AWAITING_INITIAL) [id: 0xf37282df, /127.0.0.1:48951 => localhost/127.0.0.1:8080]: Remembering the current request.
11:39:55.589 [LittleProxy-ProxyToServerWorker-2] DEBUG o.l.p.impl.ProxyToServerConnection - (AWAITING_INITIAL) [id: 0xf37282df, /127.0.0.1:48951 => localhost/127.0.0.1:8080]: Reading: DefaultHttpResponse(decodeResult: success, version: HTTP/1.1)
HTTP/1.1 200 OK
Server: Apache-Coyote/1.1
Access-Control-Allow-Origin: null
Access-Control-Allow-Credentials: true
Strict-Transport-Security: max-age=31536000 ; includeSubDomains
X-Frame-Options: DENY
X-XSS-Protection: 1; mode=block
X-Content-Type-Options: nosniff
Cache-Control: no-cache, no-store, max-age=0, must-revalidate
Pragma: no-cache
Expires: 0
X-Application-Context: application:development
Content-Type: application/json;charset=UTF-8
Transfer-Encoding: chunked
Date: Tue, 08 Sep 2015 10:39:54 GMT
11:39:55.589 [LittleProxy-ProxyToServerWorker-2] DEBUG o.l.p.impl.ProxyToServerConnection - (AWAITING_INITIAL) [id: 0xf37282df, /127.0.0.1:48951 => localhost/127.0.0.1:8080]: Received raw response: DefaultHttpResponse(decodeResult: success, version: HTTP/1.1)
HTTP/1.1 200 OK
Server: Apache-Coyote/1.1
Access-Control-Allow-Origin: null
Access-Control-Allow-Credentials: true
Strict-Transport-Security: max-age=31536000 ; includeSubDomains
X-Frame-Options: DENY
X-XSS-Protection: 1; mode=block
X-Content-Type-Options: nosniff
Cache-Control: no-cache, no-store, max-age=0, must-revalidate
Pragma: no-cache
Expires: 0
X-Application-Context: application:development
Content-Type: application/json;charset=UTF-8
Transfer-Encoding: chunked
Date: Tue, 08 Sep 2015 10:39:54 GMT
11:39:55.589 [LittleProxy-ProxyToServerWorker-2] DEBUG o.l.p.impl.ProxyToServerConnection - (AWAITING_INITIAL) [id: 0xf37282df, /127.0.0.1:48951 => localhost/127.0.0.1:8080]: Remembering the current response.
11:39:55.589 [LittleProxy-ProxyToServerWorker-2] DEBUG o.l.p.impl.ClientToProxyConnection - (AWAITING_INITIAL) [id: 0xbfd76251, /127.0.0.1:54162 => /127.0.1.1:45224]: Writing: DefaultHttpResponse(decodeResult: success, version: HTTP/1.1)
HTTP/1.1 200 OK
Server: Apache-Coyote/1.1
Access-Control-Allow-Origin: null
Access-Control-Allow-Credentials: true
Strict-Transport-Security: max-age=31536000 ; includeSubDomains
X-Frame-Options: DENY
X-XSS-Protection: 1; mode=block
X-Content-Type-Options: nosniff
Cache-Control: no-cache, no-store, max-age=0, must-revalidate
Pragma: no-cache
Expires: 0
X-Application-Context: application:development
Content-Type: application/json;charset=UTF-8
Transfer-Encoding: chunked
Date: Tue, 08 Sep 2015 10:39:54 GMT
Via: 1.1 localhost.localdomain
11:39:55.589 [LittleProxy-ProxyToServerWorker-2] DEBUG o.l.p.impl.ClientToProxyConnection - (AWAITING_INITIAL) [id: 0xbfd76251, /127.0.0.1:54162 => /127.0.1.1:45224]: Wrote: DefaultHttpResponse(decodeResult: success, version: HTTP/1.1)
HTTP/1.1 200 OK
Server: Apache-Coyote/1.1
Access-Control-Allow-Origin: null
Access-Control-Allow-Credentials: true
Strict-Transport-Security: max-age=31536000 ; includeSubDomains
X-Frame-Options: DENY
X-XSS-Protection: 1; mode=block
X-Content-Type-Options: nosniff
Cache-Control: no-cache, no-store, max-age=0, must-revalidate
Pragma: no-cache
Expires: 0
X-Application-Context: application:development
Content-Type: application/json;charset=UTF-8
Transfer-Encoding: chunked
Date: Tue, 08 Sep 2015 10:39:54 GMT
Via: 1.1 localhost.localdomain
11:39:55.589 [LittleProxy-ProxyToServerWorker-2] DEBUG o.l.p.impl.ClientToProxyConnection - (AWAITING_INITIAL) [id: 0xbfd76251, /127.0.0.1:54162 => /127.0.1.1:45224]: Not closing server connection on middle chunk for /campaign
11:39:55.589 [LittleProxy-ProxyToServerWorker-2] DEBUG o.l.p.impl.ClientToProxyConnection - (AWAITING_INITIAL) [id: 0xbfd76251, /127.0.0.1:54162 => /127.0.1.1:45224]: Not closing client connection on middle chunk for /campaign
11:39:55.590 [LittleProxy-ProxyToServerWorker-2] DEBUG o.l.p.impl.ProxyToServerConnection - (AWAITING_CHUNK) [id: 0xf37282df, /127.0.0.1:48951 => localhost/127.0.0.1:8080]: Reading: DefaultHttpContent(data: SlicedByteBuf(ridx: 0, widx: 2064, cap: 2064/2064, unwrapped: UnpooledUnsafeDirectByteBuf(ridx: 2066, widx: 2066, cap: 4096)), decoderResult: success)
11:39:55.590 [LittleProxy-ProxyToServerWorker-2] DEBUG o.l.p.impl.ClientToProxyConnection - (AWAITING_INITIAL) [id: 0xbfd76251, /127.0.0.1:54162 => /127.0.1.1:45224]: Retaining reference counted message
11:39:55.590 [LittleProxy-ProxyToServerWorker-2] DEBUG o.l.p.impl.ClientToProxyConnection - (AWAITING_INITIAL) [id: 0xbfd76251, /127.0.0.1:54162 => /127.0.1.1:45224]: Writing: DefaultHttpContent(data: SlicedByteBuf(ridx: 0, widx: 2064, cap: 2064/2064, unwrapped: UnpooledUnsafeDirectByteBuf(ridx: 2066, widx: 2066, cap: 4096)), decoderResult: success)
11:39:55.590 [LittleProxy-ProxyToServerWorker-2] DEBUG o.l.p.impl.ClientToProxyConnection - (AWAITING_INITIAL) [id: 0xbfd76251, /127.0.0.1:54162 => /127.0.1.1:45224]: Wrote: DefaultHttpContent(data: SlicedByteBuf(ridx: 0, widx: 2064, cap: 2064/2064, unwrapped: UnpooledUnsafeDirectByteBuf(ridx: 2066, widx: 2066, cap: 4096)), decoderResult: success)
11:39:55.590 [LittleProxy-ProxyToServerWorker-2] DEBUG o.l.p.impl.ClientToProxyConnection - (AWAITING_INITIAL) [id: 0xbfd76251, /127.0.0.1:54162 => /127.0.1.1:45224]: Not closing server connection on middle chunk for /campaign
11:39:55.590 [LittleProxy-ProxyToServerWorker-2] DEBUG o.l.p.impl.ClientToProxyConnection - (AWAITING_INITIAL) [id: 0xbfd76251, /127.0.0.1:54162 => /127.0.1.1:45224]: Not closing client connection on middle chunk for /campaign
11:39:55.590 [LittleProxy-ProxyToServerWorker-2] DEBUG o.l.p.impl.ProxyToServerConnection - (AWAITING_CHUNK) [id: 0xf37282df, /127.0.0.1:48951 => localhost/127.0.0.1:8080]: Reading: EmptyLastHttpContent
11:39:55.590 [LittleProxy-ProxyToServerWorker-2] DEBUG o.l.p.impl.ClientToProxyConnection - (AWAITING_INITIAL) [id: 0xbfd76251, /127.0.0.1:54162 => /127.0.1.1:45224]: Retaining reference counted message
11:39:55.590 [LittleProxy-ProxyToServerWorker-2] DEBUG o.l.p.impl.ClientToProxyConnection - (AWAITING_INITIAL) [id: 0xbfd76251, /127.0.0.1:54162 => /127.0.1.1:45224]: Writing: EmptyLastHttpContent
11:39:55.590 [LittleProxy-ProxyToServerWorker-2] DEBUG o.l.p.impl.ClientToProxyConnection - (AWAITING_INITIAL) [id: 0xbfd76251, /127.0.0.1:54162 => /127.0.1.1:45224]: Writing an empty buffer to signal the end of our chunked transfer
11:39:55.590 [LittleProxy-ProxyToServerWorker-2] DEBUG o.l.p.impl.ClientToProxyConnection - (AWAITING_INITIAL) [id: 0xbfd76251, /127.0.0.1:54162 => /127.0.1.1:45224]: Wrote: EmptyLastHttpContent
11:39:55.590 [LittleProxy-ProxyToServerWorker-2] DEBUG o.l.p.impl.ClientToProxyConnection - (AWAITING_INITIAL) [id: 0xbfd76251, /127.0.0.1:54162 => /127.0.1.1:45224]: Retaining reference counted message
11:39:55.590 [LittleProxy-ProxyToServerWorker-2] DEBUG o.l.p.impl.ClientToProxyConnection - (AWAITING_INITIAL) [id: 0xbfd76251, /127.0.0.1:54162 => /127.0.1.1:45224]: Writing: EmptyByteBufBE
11:39:55.590 [LittleProxy-ProxyToServerWorker-2] DEBUG o.l.p.impl.ClientToProxyConnection - (AWAITING_INITIAL) [id: 0xbfd76251, /127.0.0.1:54162 => /127.0.1.1:45224]: Wrote: EmptyByteBufBE
11:39:55.590 [LittleProxy-ProxyToServerWorker-2] DEBUG o.l.p.impl.ClientToProxyConnection - (AWAITING_INITIAL) [id: 0xbfd76251, /127.0.0.1:54162 => /127.0.1.1:45224]: Handling last chunk. Using normal server connection closing rules.
11:39:55.590 [LittleProxy-ProxyToServerWorker-2] DEBUG o.l.p.impl.ClientToProxyConnection - (AWAITING_INITIAL) [id: 0xbfd76251, /127.0.0.1:54162 => /127.0.1.1:45224]: Not closing server connection for response: DefaultHttpResponse(decodeResult: success, version: HTTP/1.1)
HTTP/1.1 200 OK
Server: Apache-Coyote/1.1
Access-Control-Allow-Origin: null
Access-Control-Allow-Credentials: true
Strict-Transport-Security: max-age=31536000 ; includeSubDomains
X-Frame-Options: DENY
X-XSS-Protection: 1; mode=block
X-Content-Type-Options: nosniff
Cache-Control: no-cache, no-store, max-age=0, must-revalidate
Pragma: no-cache
Expires: 0
X-Application-Context: application:development
Content-Type: application/json;charset=UTF-8
Transfer-Encoding: chunked
Date: Tue, 08 Sep 2015 10:39:54 GMT
11:39:55.590 [LittleProxy-ProxyToServerWorker-2] DEBUG o.l.p.impl.ClientToProxyConnection - (AWAITING_INITIAL) [id: 0xbfd76251, /127.0.0.1:54162 => /127.0.1.1:45224]: Handling last chunk. Using normal client connection closing rules.
11:39:55.591 [LittleProxy-ProxyToServerWorker-2] DEBUG o.l.p.impl.ClientToProxyConnection - (AWAITING_INITIAL) [id: 0xbfd76251, /127.0.0.1:54162 => /127.0.1.1:45224]: Not closing client connection for request: [FAILED toString()]
11:39:55.592 [LittleProxy-ProxyToServerWorker-7] DEBUG o.l.p.impl.ProxyToServerConnection - (AWAITING_INITIAL) [id: 0xe5042028, /127.0.0.1:48999 => localhost/127.0.0.1:8080]: Remembering the current request.
11:39:55.600 [LittleProxy-ProxyToServerWorker-7] DEBUG o.l.p.impl.ProxyToServerConnection - (AWAITING_INITIAL) [id: 0xe5042028, /127.0.0.1:48999 => localhost/127.0.0.1:8080]: Reading: DefaultHttpResponse(decodeResult: success, version: HTTP/1.1)
HTTP/1.1 200 OK
Server: Apache-Coyote/1.1
Access-Control-Allow-Origin: null
Access-Control-Allow-Credentials: true
Strict-Transport-Security: max-age=31536000 ; includeSubDomains
X-Frame-Options: DENY
X-XSS-Protection: 1; mode=block
X-Content-Type-Options: nosniff
Cache-Control: no-cache, no-store, max-age=0, must-revalidate
Pragma: no-cache
Expires: 0
X-Application-Context: application:development
Content-Type: application/json;charset=UTF-8
Transfer-Encoding: chunked
Date: Tue, 08 Sep 2015 10:39:54 GMT
11:39:55.600 [LittleProxy-ProxyToServerWorker-7] DEBUG o.l.p.impl.ProxyToServerConnection - (AWAITING_INITIAL) [id: 0xe5042028, /127.0.0.1:48999 => localhost/127.0.0.1:8080]: Received raw response: DefaultHttpResponse(decodeResult: success, version: HTTP/1.1)
HTTP/1.1 200 OK
Server: Apache-Coyote/1.1
Access-Control-Allow-Origin: null
Access-Control-Allow-Credentials: true
Strict-Transport-Security: max-age=31536000 ; includeSubDomains
X-Frame-Options: DENY
X-XSS-Protection: 1; mode=block
X-Content-Type-Options: nosniff
Cache-Control: no-cache, no-store, max-age=0, must-revalidate
Pragma: no-cache
Expires: 0
X-Application-Context: application:development
Content-Type: application/json;charset=UTF-8
Transfer-Encoding: chunked
Date: Tue, 08 Sep 2015 10:39:54 GMT
11:39:55.600 [LittleProxy-ProxyToServerWorker-7] DEBUG o.l.p.impl.ProxyToServerConnection - (AWAITING_INITIAL) [id: 0xe5042028, /127.0.0.1:48999 => localhost/127.0.0.1:8080]: Remembering the current response.
11:39:55.601 [LittleProxy-ProxyToServerWorker-7] DEBUG o.l.p.impl.ClientToProxyConnection - (AWAITING_INITIAL) [id: 0x37fa264d, /127.0.0.1:54206 => /127.0.1.1:45224]: Writing: DefaultHttpResponse(decodeResult: success, version: HTTP/1.1)
HTTP/1.1 200 OK
Server: Apache-Coyote/1.1
Access-Control-Allow-Origin: null
Access-Control-Allow-Credentials: true
Strict-Transport-Security: max-age=31536000 ; includeSubDomains
X-Frame-Options: DENY
X-XSS-Protection: 1; mode=block
X-Content-Type-Options: nosniff
Cache-Control: no-cache, no-store, max-age=0, must-revalidate
Pragma: no-cache
Expires: 0
X-Application-Context: application:development
Content-Type: application/json;charset=UTF-8
Transfer-Encoding: chunked
Date: Tue, 08 Sep 2015 10:39:54 GMT
Via: 1.1 localhost.localdomain
11:39:55.601 [LittleProxy-ProxyToServerWorker-7] DEBUG o.l.p.impl.ClientToProxyConnection - (AWAITING_INITIAL) [id: 0x37fa264d, /127.0.0.1:54206 => /127.0.1.1:45224]: Wrote: DefaultHttpResponse(decodeResult: success, version: HTTP/1.1)
HTTP/1.1 200 OK
Server: Apache-Coyote/1.1
Access-Control-Allow-Origin: null
Access-Control-Allow-Credentials: true
Strict-Transport-Security: max-age=31536000 ; includeSubDomains
X-Frame-Options: DENY
X-XSS-Protection: 1; mode=block
X-Content-Type-Options: nosniff
Cache-Control: no-cache, no-store, max-age=0, must-revalidate
Pragma: no-cache
Expires: 0
X-Application-Context: application:development
Content-Type: application/json;charset=UTF-8
Transfer-Encoding: chunked
Date: Tue, 08 Sep 2015 10:39:54 GMT
Via: 1.1 localhost.localdomain
11:39:55.601 [LittleProxy-ProxyToServerWorker-7] DEBUG o.l.p.impl.ClientToProxyConnection - (AWAITING_INITIAL) [id: 0x37fa264d, /127.0.0.1:54206 => /127.0.1.1:45224]: Not closing server connection on middle chunk for /campaign?page=1
11:39:55.601 [LittleProxy-ProxyToServerWorker-7] DEBUG o.l.p.impl.ClientToProxyConnection - (AWAITING_INITIAL) [id: 0x37fa264d, /127.0.0.1:54206 => /127.0.1.1:45224]: Not closing client connection on middle chunk for /campaign?page=1
11:39:55.601 [LittleProxy-ProxyToServerWorker-7] DEBUG o.l.p.impl.ProxyToServerConnection - (AWAITING_CHUNK) [id: 0xe5042028, /127.0.0.1:48999 => localhost/127.0.0.1:8080]: Reading: DefaultHttpContent(data: SlicedByteBuf(ridx: 0, widx: 1019, cap: 1019/1019, unwrapped: UnpooledUnsafeDirectByteBuf(ridx: 1024, widx: 1024, cap: 1024)), decoderResult: success)
11:39:55.601 [LittleProxy-ProxyToServerWorker-7] DEBUG o.l.p.impl.ClientToProxyConnection - (AWAITING_INITIAL) [id: 0x37fa264d, /127.0.0.1:54206 => /127.0.1.1:45224]: Retaining reference counted message
11:39:55.601 [LittleProxy-ProxyToServerWorker-7] DEBUG o.l.p.impl.ClientToProxyConnection - (AWAITING_INITIAL) [id: 0x37fa264d, /127.0.0.1:54206 => /127.0.1.1:45224]: Writing: DefaultHttpContent(data: SlicedByteBuf(ridx: 0, widx: 1019, cap: 1019/1019, unwrapped: UnpooledUnsafeDirectByteBuf(ridx: 1024, widx: 1024, cap: 1024)), decoderResult: success)
11:39:55.601 [LittleProxy-ProxyToServerWorker-7] DEBUG o.l.p.impl.ClientToProxyConnection - (AWAITING_INITIAL) [id: 0x37fa264d, /127.0.0.1:54206 => /127.0.1.1:45224]: Wrote: DefaultHttpContent(data: SlicedByteBuf(ridx: 0, widx: 1019, cap: 1019/1019, unwrapped: UnpooledUnsafeDirectByteBuf(ridx: 1024, widx: 1024, cap: 1024)), decoderResult: success)
11:39:55.601 [LittleProxy-ProxyToServerWorker-7] DEBUG o.l.p.impl.ClientToProxyConnection - (AWAITING_INITIAL) [id: 0x37fa264d, /127.0.0.1:54206 => /127.0.1.1:45224]: Not closing server connection on middle chunk for /campaign?page=1
11:39:55.601 [LittleProxy-ProxyToServerWorker-7] DEBUG o.l.p.impl.ClientToProxyConnection - (AWAITING_INITIAL) [id: 0x37fa264d, /127.0.0.1:54206 => /127.0.1.1:45224]: Not closing client connection on middle chunk for /campaign?page=1
11:39:55.601 [LittleProxy-ProxyToServerWorker-7] DEBUG o.l.p.impl.ProxyToServerConnection - (AWAITING_CHUNK) [id: 0xe5042028, /127.0.0.1:48999 => localhost/127.0.0.1:8080]: Reading: DefaultHttpContent(data: SlicedByteBuf(ridx: 0, widx: 1024, cap: 1024/1024, unwrapped: UnpooledUnsafeDirectByteBuf(ridx: 1024, widx: 1024, cap: 1024)), decoderResult: success)
11:39:55.601 [LittleProxy-ProxyToServerWorker-7] DEBUG o.l.p.impl.ClientToProxyConnection - (AWAITING_INITIAL) [id: 0x37fa264d, /127.0.0.1:54206 => /127.0.1.1:45224]: Retaining reference counted message
11:39:55.601 [LittleProxy-ProxyToServerWorker-7] DEBUG o.l.p.impl.ClientToProxyConnection - (AWAITING_INITIAL) [id: 0x37fa264d, /127.0.0.1:54206 => /127.0.1.1:45224]: Writing: DefaultHttpContent(data: SlicedByteBuf(ridx: 0, widx: 1024, cap: 1024/1024, unwrapped: UnpooledUnsafeDirectByteBuf(ridx: 1024, widx: 1024, cap: 1024)), decoderResult: success)
11:39:55.601 [LittleProxy-ProxyToServerWorker-7] DEBUG o.l.p.impl.ClientToProxyConnection - (AWAITING_INITIAL) [id: 0x37fa264d, /127.0.0.1:54206 => /127.0.1.1:45224]: Wrote: DefaultHttpContent(data: SlicedByteBuf(ridx: 0, widx: 1024, cap: 1024/1024, unwrapped: UnpooledUnsafeDirectByteBuf(ridx: 1024, widx: 1024, cap: 1024)), decoderResult: success)
11:39:55.601 [LittleProxy-ProxyToServerWorker-7] DEBUG o.l.p.impl.ClientToProxyConnection - (AWAITING_INITIAL) [id: 0x37fa264d, /127.0.0.1:54206 => /127.0.1.1:45224]: Not closing server connection on middle chunk for /campaign?page=1
11:39:55.601 [LittleProxy-ProxyToServerWorker-7] DEBUG o.l.p.impl.ClientToProxyConnection - (AWAITING_INITIAL) [id: 0x37fa264d, /127.0.0.1:54206 => /127.0.1.1:45224]: Not closing client connection on middle chunk for /campaign?page=1
11:39:55.601 [LittleProxy-ProxyToServerWorker-7] DEBUG o.l.p.impl.ProxyToServerConnection - (AWAITING_CHUNK) [id: 0xe5042028, /127.0.0.1:48999 => localhost/127.0.0.1:8080]: Reading: DefaultHttpContent(data: SlicedByteBuf(ridx: 0, widx: 21, cap: 21/21, unwrapped: UnpooledUnsafeDirectByteBuf(ridx: 28, widx: 28, cap: 1024)), decoderResult: success)
11:39:55.601 [LittleProxy-ProxyToServerWorker-7] DEBUG o.l.p.impl.ClientToProxyConnection - (AWAITING_INITIAL) [id: 0x37fa264d, /127.0.0.1:54206 => /127.0.1.1:45224]: Retaining reference counted message
11:39:55.601 [LittleProxy-ProxyToServerWorker-7] DEBUG o.l.p.impl.ClientToProxyConnection - (AWAITING_INITIAL) [id: 0x37fa264d, /127.0.0.1:54206 => /127.0.1.1:45224]: Writing: DefaultHttpContent(data: SlicedByteBuf(ridx: 0, widx: 21, cap: 21/21, unwrapped: UnpooledUnsafeDirectByteBuf(ridx: 28, widx: 28, cap: 1024)), decoderResult: success)
11:39:55.602 [LittleProxy-ProxyToServerWorker-7] DEBUG o.l.p.impl.ClientToProxyConnection - (AWAITING_INITIAL) [id: 0x37fa264d, /127.0.0.1:54206 => /127.0.1.1:45224]: Wrote: DefaultHttpContent(data: SlicedByteBuf(ridx: 0, widx: 21, cap: 21/21, unwrapped: UnpooledUnsafeDirectByteBuf(ridx: 28, widx: 28, cap: 1024)), decoderResult: success)
11:39:55.602 [LittleProxy-ProxyToServerWorker-7] DEBUG o.l.p.impl.ClientToProxyConnection - (AWAITING_INITIAL) [id: 0x37fa264d, /127.0.0.1:54206 => /127.0.1.1:45224]: Not closing server connection on middle chunk for /campaign?page=1
11:39:55.602 [LittleProxy-ProxyToServerWorker-7] DEBUG o.l.p.impl.ClientToProxyConnection - (AWAITING_INITIAL) [id: 0x37fa264d, /127.0.0.1:54206 => /127.0.1.1:45224]: Not closing client connection on middle chunk for /campaign?page=1
11:39:55.602 [LittleProxy-ProxyToServerWorker-7] DEBUG o.l.p.impl.ProxyToServerConnection - (AWAITING_CHUNK) [id: 0xe5042028, /127.0.0.1:48999 => localhost/127.0.0.1:8080]: Reading: EmptyLastHttpContent
11:39:55.602 [LittleProxy-ProxyToServerWorker-7] DEBUG o.l.p.impl.ClientToProxyConnection - (AWAITING_INITIAL) [id: 0x37fa264d, /127.0.0.1:54206 => /127.0.1.1:45224]: Retaining reference counted message
11:39:55.602 [LittleProxy-ProxyToServerWorker-7] DEBUG o.l.p.impl.ClientToProxyConnection - (AWAITING_INITIAL) [id: 0x37fa264d, /127.0.0.1:54206 => /127.0.1.1:45224]: Writing: EmptyLastHttpContent
11:39:55.602 [LittleProxy-ProxyToServerWorker-7] DEBUG o.l.p.impl.ClientToProxyConnection - (AWAITING_INITIAL) [id: 0x37fa264d, /127.0.0.1:54206 => /127.0.1.1:45224]: Writing an empty buffer to signal the end of our chunked transfer
11:39:55.602 [LittleProxy-ProxyToServerWorker-7] DEBUG o.l.p.impl.ClientToProxyConnection - (AWAITING_INITIAL) [id: 0x37fa264d, /127.0.0.1:54206 => /127.0.1.1:45224]: Wrote: EmptyLastHttpContent
11:39:55.602 [LittleProxy-ProxyToServerWorker-7] DEBUG o.l.p.impl.ClientToProxyConnection - (AWAITING_INITIAL) [id: 0x37fa264d, /127.0.0.1:54206 => /127.0.1.1:45224]: Retaining reference counted message
11:39:55.602 [LittleProxy-ProxyToServerWorker-7] DEBUG o.l.p.impl.ClientToProxyConnection - (AWAITING_INITIAL) [id: 0x37fa264d, /127.0.0.1:54206 => /127.0.1.1:45224]: Writing: EmptyByteBufBE
11:39:55.602 [LittleProxy-ProxyToServerWorker-7] DEBUG o.l.p.impl.ClientToProxyConnection - (AWAITING_INITIAL) [id: 0x37fa264d, /127.0.0.1:54206 => /127.0.1.1:45224]: Wrote: EmptyByteBufBE
11:39:55.602 [LittleProxy-ProxyToServerWorker-7] DEBUG o.l.p.impl.ClientToProxyConnection - (AWAITING_INITIAL) [id: 0x37fa264d, /127.0.0.1:54206 => /127.0.1.1:45224]: Handling last chunk. Using normal server connection closing rules.
11:39:55.602 [LittleProxy-ProxyToServerWorker-7] DEBUG o.l.p.impl.ClientToProxyConnection - (AWAITING_INITIAL) [id: 0x37fa264d, /127.0.0.1:54206 => /127.0.1.1:45224]: Not closing server connection for response: DefaultHttpResponse(decodeResult: success, version: HTTP/1.1)
HTTP/1.1 200 OK
Server: Apache-Coyote/1.1
Access-Control-Allow-Origin: null
Access-Control-Allow-Credentials: true
Strict-Transport-Security: max-age=31536000 ; includeSubDomains
X-Frame-Options: DENY
X-XSS-Protection: 1; mode=block
X-Content-Type-Options: nosniff
Cache-Control: no-cache, no-store, max-age=0, must-revalidate
Pragma: no-cache
Expires: 0
X-Application-Context: application:development
Content-Type: application/json;charset=UTF-8
Transfer-Encoding: chunked
Date: Tue, 08 Sep 2015 10:39:54 GMT
11:39:55.602 [LittleProxy-ProxyToServerWorker-7] DEBUG o.l.p.impl.ClientToProxyConnection - (AWAITING_INITIAL) [id: 0x37fa264d, /127.0.0.1:54206 => /127.0.1.1:45224]: Handling last chunk. Using normal client connection closing rules.
11:39:55.602 [LittleProxy-ProxyToServerWorker-7] DEBUG o.l.p.impl.ClientToProxyConnection - (AWAITING_INITIAL) [id: 0x37fa264d, /127.0.0.1:54206 => /127.0.1.1:45224]: Not closing client connection for request: HttpObjectAggregator$AggregatedFullHttpRequest(decodeResult: success, version: HTTP/1.1, content: CompositeByteBuf(ridx: 0, widx: 0, cap: 0, components=0))
GET /campaign?page=1 HTTP/1.1
Host: localhost:8080
Authorization: Basic YWRtaW46cGFzcw==
Accept: application/json, text/plain, */*
X-Forwarded-Proto: https
User-Agent: Mozilla/5.0 (X11; Linux x86_64) AppleWebKit/537.36 (KHTML, like Gecko) Chrome/44.0.2403.130 Safari/537.36
Referer: http://localhost:9000/
Accept-Language: en-GB,en-US;q=0.8,en;q=0.6
Content-Length: 0
X-Forwarded-Proto: https
Accept-Encoding: gzip, deflate, 
Via: 1.1 localhost.localdomain
11:39:55.607 [Forwarding getElementText on session d94198a6aa3008d5ffaf97f92db0cb0c to remote] DEBUG org.apache.http.wire - http-outgoing-45 << "HTTP/1.1 200 OK[\r][\n]"
11:39:55.607 [Forwarding getElementText on session d94198a6aa3008d5ffaf97f92db0cb0c to remote] DEBUG org.apache.http.wire - http-outgoing-45 << "Content-Length:85[\r][\n]"
11:39:55.607 [Forwarding getElementText on session d94198a6aa3008d5ffaf97f92db0cb0c to remote] DEBUG org.apache.http.wire - http-outgoing-45 << "Content-Type:application/json; charset=utf-8[\r][\n]"
11:39:55.607 [Forwarding getElementText on session d94198a6aa3008d5ffaf97f92db0cb0c to remote] DEBUG org.apache.http.wire - http-outgoing-45 << "Connection:close[\r][\n]"
11:39:55.607 [Forwarding getElementText on session d94198a6aa3008d5ffaf97f92db0cb0c to remote] DEBUG org.apache.http.wire - http-outgoing-45 << "[\r][\n]"
11:39:55.607 [Forwarding getElementText on session d94198a6aa3008d5ffaf97f92db0cb0c to remote] DEBUG org.apache.http.wire - http-outgoing-45 << "{"sessionId":"d94198a6aa3008d5ffaf97f92db0cb0c","status":0,"value":"Create Campaign"}"
11:39:55.607 [Forwarding getElementText on session d94198a6aa3008d5ffaf97f92db0cb0c to remote] DEBUG org.apache.http.headers - http-outgoing-45 << HTTP/1.1 200 OK
11:39:55.607 [Forwarding getElementText on session d94198a6aa3008d5ffaf97f92db0cb0c to remote] DEBUG org.apache.http.headers - http-outgoing-45 << Content-Length:85
11:39:55.607 [Forwarding getElementText on session d94198a6aa3008d5ffaf97f92db0cb0c to remote] DEBUG org.apache.http.headers - http-outgoing-45 << Content-Type:application/json; charset=utf-8
11:39:55.607 [Forwarding getElementText on session d94198a6aa3008d5ffaf97f92db0cb0c to remote] DEBUG org.apache.http.headers - http-outgoing-45 << Connection:close
11:39:55.608 [Forwarding getElementText on session d94198a6aa3008d5ffaf97f92db0cb0c to remote] DEBUG o.a.h.i.c.DefaultManagedHttpClientConnection - http-outgoing-45: Shutdown connection
11:39:55.608 [Forwarding getElementText on session d94198a6aa3008d5ffaf97f92db0cb0c to remote] DEBUG o.a.h.impl.execchain.MainClientExec - Connection discarded
11:39:55.608 [Forwarding getElementText on session d94198a6aa3008d5ffaf97f92db0cb0c to remote] DEBUG o.a.h.i.c.DefaultManagedHttpClientConnection - http-outgoing-45: Close connection
11:39:55.608 [Forwarding getElementText on session d94198a6aa3008d5ffaf97f92db0cb0c to remote] DEBUG o.a.h.i.c.PoolingHttpClientConnectionManager - Connection released: [id: 45][route: {}->http://localhost:26477][total kept alive: 0; route allocated: 0 of 2000; total allocated: 0 of 2000]
11:39:55.608 [Forwarding getElementText on session d94198a6aa3008d5ffaf97f92db0cb0c to remote] DEBUG o.a.h.c.protocol.RequestAddCookies - CookieSpec selected: best-match
11:39:55.608 [Forwarding getElementText on session d94198a6aa3008d5ffaf97f92db0cb0c to remote] DEBUG o.a.h.c.protocol.RequestAuthCache - Auth cache not set in the context
11:39:55.608 [Forwarding getElementText on session d94198a6aa3008d5ffaf97f92db0cb0c to remote] DEBUG o.a.h.i.c.PoolingHttpClientConnectionManager - Connection request: [route: {}->http://localhost:26477][total kept alive: 0; route allocated: 0 of 2000; total allocated: 0 of 2000]
11:39:55.608 [Forwarding getElementText on session d94198a6aa3008d5ffaf97f92db0cb0c to remote] DEBUG o.a.h.i.c.PoolingHttpClientConnectionManager - Connection leased: [id: 46][route: {}->http://localhost:26477][total kept alive: 0; route allocated: 1 of 2000; total allocated: 1 of 2000]
11:39:55.609 [Forwarding getElementText on session d94198a6aa3008d5ffaf97f92db0cb0c to remote] DEBUG o.a.h.impl.execchain.MainClientExec - Opening connection {}->http://localhost:26477
11:39:55.609 [Forwarding getElementText on session d94198a6aa3008d5ffaf97f92db0cb0c to remote] DEBUG o.a.h.i.c.HttpClientConnectionOperator - Connecting to localhost/127.0.0.1:26477
11:39:55.609 [Forwarding getElementText on session d94198a6aa3008d5ffaf97f92db0cb0c to remote] DEBUG o.a.h.i.c.HttpClientConnectionOperator - Connection established 127.0.0.1:57322<->127.0.0.1:26477
11:39:55.609 [Forwarding getElementText on session d94198a6aa3008d5ffaf97f92db0cb0c to remote] DEBUG o.a.h.impl.execchain.MainClientExec - Executing request GET /session/d94198a6aa3008d5ffaf97f92db0cb0c/element/0.5152662619948387-11/text HTTP/1.1
11:39:55.609 [Forwarding getElementText on session d94198a6aa3008d5ffaf97f92db0cb0c to remote] DEBUG o.a.h.impl.execchain.MainClientExec - Target auth state: UNCHALLENGED
11:39:55.609 [Forwarding getElementText on session d94198a6aa3008d5ffaf97f92db0cb0c to remote] DEBUG o.a.h.impl.execchain.MainClientExec - Proxy auth state: UNCHALLENGED
11:39:55.609 [LittleProxy-ClientToProxyWorker-5] DEBUG o.l.p.impl.ClientToProxyConnection - (AWAITING_INITIAL) [id: 0x37fa264d, /127.0.0.1:54206 => /127.0.1.1:45224]: Reading: HttpObjectAggregator$AggregatedFullHttpRequest(decodeResult: success, version: HTTP/1.1, content: CompositeByteBuf(ridx: 0, widx: 0, cap: 0, components=0))
GET http://localhost:8080/ HTTP/1.1
Host: localhost:8080
Proxy-Connection: keep-alive
Authorization: Basic YWRtaW46cGFzcw==
Accept: application/json, text/plain, */*
X-Forwarded-Proto: https
User-Agent: Mozilla/5.0 (X11; Linux x86_64) AppleWebKit/537.36 (KHTML, like Gecko) Chrome/44.0.2403.130 Safari/537.36
Referer: http://localhost:9000/
Accept-Encoding: gzip, deflate, sdch
Accept-Language: en-GB,en-US;q=0.8,en;q=0.6
Content-Length: 0
11:39:55.609 [LittleProxy-ClientToProxyWorker-5] DEBUG o.l.p.impl.ClientToProxyConnection - (AWAITING_INITIAL) [id: 0x37fa264d, /127.0.0.1:54206 => /127.0.1.1:45224]: Got request: HttpObjectAggregator$AggregatedFullHttpRequest(decodeResult: success, version: HTTP/1.1, content: CompositeByteBuf(ridx: 0, widx: 0, cap: 0, components=0))
GET http://localhost:8080/ HTTP/1.1
Host: localhost:8080
Proxy-Connection: keep-alive
Authorization: Basic YWRtaW46cGFzcw==
Accept: application/json, text/plain, */*
X-Forwarded-Proto: https
User-Agent: Mozilla/5.0 (X11; Linux x86_64) AppleWebKit/537.36 (KHTML, like Gecko) Chrome/44.0.2403.130 Safari/537.36
Referer: http://localhost:9000/
Accept-Encoding: gzip, deflate, sdch
Accept-Language: en-GB,en-US;q=0.8,en;q=0.6
Content-Length: 0
11:39:55.609 [Forwarding getElementText on session d94198a6aa3008d5ffaf97f92db0cb0c to remote] DEBUG org.apache.http.headers - http-outgoing-46 >> GET /session/d94198a6aa3008d5ffaf97f92db0cb0c/element/0.5152662619948387-11/text HTTP/1.1
11:39:55.609 [Forwarding getElementText on session d94198a6aa3008d5ffaf97f92db0cb0c to remote] DEBUG org.apache.http.headers - http-outgoing-46 >> Cache-Control: no-cache
11:39:55.609 [Forwarding getElementText on session d94198a6aa3008d5ffaf97f92db0cb0c to remote] DEBUG org.apache.http.headers - http-outgoing-46 >> Host: localhost:26477
11:39:55.609 [Forwarding getElementText on session d94198a6aa3008d5ffaf97f92db0cb0c to remote] DEBUG org.apache.http.headers - http-outgoing-46 >> Connection: Keep-Alive
11:39:55.609 [Forwarding getElementText on session d94198a6aa3008d5ffaf97f92db0cb0c to remote] DEBUG org.apache.http.headers - http-outgoing-46 >> User-Agent: Apache-HttpClient/4.3.4 (java 1.5)
11:39:55.609 [Forwarding getElementText on session d94198a6aa3008d5ffaf97f92db0cb0c to remote] DEBUG org.apache.http.headers - http-outgoing-46 >> Accept-Encoding: gzip,deflate
11:39:55.609 [Forwarding getElementText on session d94198a6aa3008d5ffaf97f92db0cb0c to remote] DEBUG org.apache.http.wire - http-outgoing-46 >> "GET /session/d94198a6aa3008d5ffaf97f92db0cb0c/element/0.5152662619948387-11/text HTTP/1.1[\r][\n]"
11:39:55.609 [Forwarding getElementText on session d94198a6aa3008d5ffaf97f92db0cb0c to remote] DEBUG org.apache.http.wire - http-outgoing-46 >> "Cache-Control: no-cache[\r][\n]"
11:39:55.609 [Forwarding getElementText on session d94198a6aa3008d5ffaf97f92db0cb0c to remote] DEBUG org.apache.http.wire - http-outgoing-46 >> "Host: localhost:26477[\r][\n]"
11:39:55.609 [Forwarding getElementText on session d94198a6aa3008d5ffaf97f92db0cb0c to remote] DEBUG org.apache.http.wire - http-outgoing-46 >> "Connection: Keep-Alive[\r][\n]"
11:39:55.609 [Forwarding getElementText on session d94198a6aa3008d5ffaf97f92db0cb0c to remote] DEBUG org.apache.http.wire - http-outgoing-46 >> "User-Agent: Apache-HttpClient/4.3.4 (java 1.5)[\r][\n]"
11:39:55.609 [Forwarding getElementText on session d94198a6aa3008d5ffaf97f92db0cb0c to remote] DEBUG org.apache.http.wire - http-outgoing-46 >> "Accept-Encoding: gzip,deflate[\r][\n]"
11:39:55.609 [Forwarding getElementText on session d94198a6aa3008d5ffaf97f92db0cb0c to remote] DEBUG org.apache.http.wire - http-outgoing-46 >> "[\r][\n]"
11:39:55.609 [LittleProxy-ClientToProxyWorker-5] DEBUG o.l.p.impl.ClientToProxyConnection - (AWAITING_INITIAL) [id: 0x37fa264d, /127.0.0.1:54206 => /127.0.1.1:45224]: Ensuring that hostAndPort are available in http://localhost:8080/
11:39:55.609 [LittleProxy-ClientToProxyWorker-5] DEBUG o.l.p.impl.ClientToProxyConnection - (AWAITING_INITIAL) [id: 0x37fa264d, /127.0.0.1:54206 => /127.0.1.1:45224]: Finding ProxyToServerConnection for: localhost:8080
11:39:55.609 [LittleProxy-ClientToProxyWorker-5] DEBUG o.l.p.impl.ClientToProxyConnection - (AWAITING_INITIAL) [id: 0x37fa264d, /127.0.0.1:54206 => /127.0.1.1:45224]: Reusing existing server connection: org.littleshoot.proxy.impl.ProxyToServerConnection@288a62a8
11:39:55.609 [LittleProxy-ClientToProxyWorker-5] DEBUG o.l.p.impl.ClientToProxyConnection - (AWAITING_INITIAL) [id: 0x37fa264d, /127.0.0.1:54206 => /127.0.1.1:45224]: Modifying request headers for proxying
11:39:55.609 [LittleProxy-ClientToProxyWorker-5] DEBUG o.l.p.impl.ClientToProxyConnection - (AWAITING_INITIAL) [id: 0x37fa264d, /127.0.0.1:54206 => /127.0.1.1:45224]: Modifying request for proxy chaining
11:39:55.609 [LittleProxy-ClientToProxyWorker-5] DEBUG o.l.p.impl.ClientToProxyConnection - (AWAITING_INITIAL) [id: 0x37fa264d, /127.0.0.1:54206 => /127.0.1.1:45224]: Stripped host from uri: http://localhost:8080/    yielding: /
11:39:55.609 [LittleProxy-ClientToProxyWorker-5] DEBUG o.l.p.impl.ClientToProxyConnection - (AWAITING_INITIAL) [id: 0x37fa264d, /127.0.0.1:54206 => /127.0.1.1:45224]: Removed sdch and inserted: gzip, deflate, 
11:39:55.609 [LittleProxy-ClientToProxyWorker-5] DEBUG o.l.p.impl.ClientToProxyConnection - (AWAITING_INITIAL) [id: 0x37fa264d, /127.0.0.1:54206 => /127.0.1.1:45224]: Writing request to ProxyToServerConnection
11:39:55.609 [LittleProxy-ClientToProxyWorker-5] DEBUG o.l.p.impl.ProxyToServerConnection - (AWAITING_INITIAL) [id: 0xe5042028, /127.0.0.1:48999 => localhost/127.0.0.1:8080]: Requested write of HttpObjectAggregator$AggregatedFullHttpRequest(decodeResult: success, version: HTTP/1.1, content: CompositeByteBuf(ridx: 0, widx: 0, cap: 0, components=0))
GET / HTTP/1.1
Host: localhost:8080
Authorization: Basic YWRtaW46cGFzcw==
Accept: application/json, text/plain, */*
X-Forwarded-Proto: https
User-Agent: Mozilla/5.0 (X11; Linux x86_64) AppleWebKit/537.36 (KHTML, like Gecko) Chrome/44.0.2403.130 Safari/537.36
Referer: http://localhost:9000/
Accept-Language: en-GB,en-US;q=0.8,en;q=0.6
Content-Length: 0
X-Forwarded-Proto: https
Accept-Encoding: gzip, deflate, 
Via: 1.1 localhost.localdomain
11:39:55.609 [LittleProxy-ClientToProxyWorker-5] DEBUG o.l.p.impl.ProxyToServerConnection - (AWAITING_INITIAL) [id: 0xe5042028, /127.0.0.1:48999 => localhost/127.0.0.1:8080]: Retaining reference counted message
11:39:55.609 [LittleProxy-ClientToProxyWorker-5] DEBUG o.l.p.impl.ProxyToServerConnection - (AWAITING_INITIAL) [id: 0xe5042028, /127.0.0.1:48999 => localhost/127.0.0.1:8080]: Using existing connection to: localhost/127.0.0.1:8080
11:39:55.609 [LittleProxy-ClientToProxyWorker-5] DEBUG o.l.p.impl.ProxyToServerConnection - (AWAITING_INITIAL) [id: 0xe5042028, /127.0.0.1:48999 => localhost/127.0.0.1:8080]: Writing: HttpObjectAggregator$AggregatedFullHttpRequest(decodeResult: success, version: HTTP/1.1, content: CompositeByteBuf(ridx: 0, widx: 0, cap: 0, components=0))
GET / HTTP/1.1
Host: localhost:8080
Authorization: Basic YWRtaW46cGFzcw==
Accept: application/json, text/plain, */*
X-Forwarded-Proto: https
User-Agent: Mozilla/5.0 (X11; Linux x86_64) AppleWebKit/537.36 (KHTML, like Gecko) Chrome/44.0.2403.130 Safari/537.36
Referer: http://localhost:9000/
Accept-Language: en-GB,en-US;q=0.8,en;q=0.6
Content-Length: 0
X-Forwarded-Proto: https
Accept-Encoding: gzip, deflate, 
Via: 1.1 localhost.localdomain
11:39:55.609 [LittleProxy-ClientToProxyWorker-5] DEBUG o.l.p.impl.ProxyToServerConnection - (AWAITING_INITIAL) [id: 0xe5042028, /127.0.0.1:48999 => localhost/127.0.0.1:8080]: Writing an empty buffer to signal the end of our chunked transfer
11:39:55.609 [LittleProxy-ClientToProxyWorker-5] DEBUG o.l.p.impl.ProxyToServerConnection - (AWAITING_INITIAL) [id: 0xe5042028, /127.0.0.1:48999 => localhost/127.0.0.1:8080]: Wrote: HttpObjectAggregator$AggregatedFullHttpRequest(decodeResult: success, version: HTTP/1.1, content: CompositeByteBuf(ridx: 0, widx: 0, cap: 0, components=0))
GET / HTTP/1.1
Host: localhost:8080
Authorization: Basic YWRtaW46cGFzcw==
Accept: application/json, text/plain, */*
X-Forwarded-Proto: https
User-Agent: Mozilla/5.0 (X11; Linux x86_64) AppleWebKit/537.36 (KHTML, like Gecko) Chrome/44.0.2403.130 Safari/537.36
Referer: http://localhost:9000/
Accept-Language: en-GB,en-US;q=0.8,en;q=0.6
Content-Length: 0
X-Forwarded-Proto: https
Accept-Encoding: gzip, deflate, 
Via: 1.1 localhost.localdomain
11:39:55.617 [LittleProxy-ProxyToServerWorker-7] DEBUG o.l.p.impl.ProxyToServerConnection - (AWAITING_INITIAL) [id: 0xe5042028, /127.0.0.1:48999 => localhost/127.0.0.1:8080]: Remembering the current request.
11:39:55.617 [LittleProxy-ProxyToServerWorker-7] DEBUG o.l.p.impl.ProxyToServerConnection - (AWAITING_INITIAL) [id: 0xe5042028, /127.0.0.1:48999 => localhost/127.0.0.1:8080]: Reading: DefaultHttpResponse(decodeResult: success, version: HTTP/1.1)
HTTP/1.1 200 OK
Server: Apache-Coyote/1.1
Access-Control-Allow-Origin: null
Access-Control-Allow-Credentials: true
Strict-Transport-Security: max-age=31536000 ; includeSubDomains
X-Frame-Options: DENY
X-XSS-Protection: 1; mode=block
X-Content-Type-Options: nosniff
Cache-Control: no-cache, no-store, max-age=0, must-revalidate
Pragma: no-cache
Expires: 0
X-Application-Context: application:development
Content-Type: application/json;charset=UTF-8
Transfer-Encoding: chunked
Date: Tue, 08 Sep 2015 10:39:54 GMT
11:39:55.617 [LittleProxy-ProxyToServerWorker-7] DEBUG o.l.p.impl.ProxyToServerConnection - (AWAITING_INITIAL) [id: 0xe5042028, /127.0.0.1:48999 => localhost/127.0.0.1:8080]: Received raw response: DefaultHttpResponse(decodeResult: success, version: HTTP/1.1)
HTTP/1.1 200 OK
Server: Apache-Coyote/1.1
Access-Control-Allow-Origin: null
Access-Control-Allow-Credentials: true
Strict-Transport-Security: max-age=31536000 ; includeSubDomains
X-Frame-Options: DENY
X-XSS-Protection: 1; mode=block
X-Content-Type-Options: nosniff
Cache-Control: no-cache, no-store, max-age=0, must-revalidate
Pragma: no-cache
Expires: 0
X-Application-Context: application:development
Content-Type: application/json;charset=UTF-8
Transfer-Encoding: chunked
Date: Tue, 08 Sep 2015 10:39:54 GMT
11:39:55.617 [LittleProxy-ProxyToServerWorker-7] DEBUG o.l.p.impl.ProxyToServerConnection - (AWAITING_INITIAL) [id: 0xe5042028, /127.0.0.1:48999 => localhost/127.0.0.1:8080]: Remembering the current response.
11:39:55.617 [LittleProxy-ProxyToServerWorker-7] DEBUG o.l.p.impl.ClientToProxyConnection - (AWAITING_INITIAL) [id: 0x37fa264d, /127.0.0.1:54206 => /127.0.1.1:45224]: Writing: DefaultHttpResponse(decodeResult: success, version: HTTP/1.1)
HTTP/1.1 200 OK
Server: Apache-Coyote/1.1
Access-Control-Allow-Origin: null
Access-Control-Allow-Credentials: true
Strict-Transport-Security: max-age=31536000 ; includeSubDomains
X-Frame-Options: DENY
X-XSS-Protection: 1; mode=block
X-Content-Type-Options: nosniff
Cache-Control: no-cache, no-store, max-age=0, must-revalidate
Pragma: no-cache
Expires: 0
X-Application-Context: application:development
Content-Type: application/json;charset=UTF-8
Transfer-Encoding: chunked
Date: Tue, 08 Sep 2015 10:39:54 GMT
Via: 1.1 localhost.localdomain
11:39:55.617 [LittleProxy-ProxyToServerWorker-7] DEBUG o.l.p.impl.ClientToProxyConnection - (AWAITING_INITIAL) [id: 0x37fa264d, /127.0.0.1:54206 => /127.0.1.1:45224]: Wrote: DefaultHttpResponse(decodeResult: success, version: HTTP/1.1)
HTTP/1.1 200 OK
Server: Apache-Coyote/1.1
Access-Control-Allow-Origin: null
Access-Control-Allow-Credentials: true
Strict-Transport-Security: max-age=31536000 ; includeSubDomains
X-Frame-Options: DENY
X-XSS-Protection: 1; mode=block
X-Content-Type-Options: nosniff
Cache-Control: no-cache, no-store, max-age=0, must-revalidate
Pragma: no-cache
Expires: 0
X-Application-Context: application:development
Content-Type: application/json;charset=UTF-8
Transfer-Encoding: chunked
Date: Tue, 08 Sep 2015 10:39:54 GMT
Via: 1.1 localhost.localdomain
11:39:55.617 [LittleProxy-ProxyToServerWorker-7] DEBUG o.l.p.impl.ClientToProxyConnection - (AWAITING_INITIAL) [id: 0x37fa264d, /127.0.0.1:54206 => /127.0.1.1:45224]: Not closing server connection on middle chunk for /
11:39:55.617 [LittleProxy-ProxyToServerWorker-7] DEBUG o.l.p.impl.ClientToProxyConnection - (AWAITING_INITIAL) [id: 0x37fa264d, /127.0.0.1:54206 => /127.0.1.1:45224]: Not closing client connection on middle chunk for /
11:39:55.618 [LittleProxy-ProxyToServerWorker-7] DEBUG o.l.p.impl.ProxyToServerConnection - (AWAITING_CHUNK) [id: 0xe5042028, /127.0.0.1:48999 => localhost/127.0.0.1:8080]: Reading: DefaultHttpContent(data: SlicedByteBuf(ridx: 0, widx: 583, cap: 583/583, unwrapped: UnpooledUnsafeDirectByteBuf(ridx: 590, widx: 590, cap: 16384)), decoderResult: success)
11:39:55.618 [LittleProxy-ProxyToServerWorker-7] DEBUG o.l.p.impl.ClientToProxyConnection - (AWAITING_INITIAL) [id: 0x37fa264d, /127.0.0.1:54206 => /127.0.1.1:45224]: Retaining reference counted message
11:39:55.618 [LittleProxy-ProxyToServerWorker-7] DEBUG o.l.p.impl.ClientToProxyConnection - (AWAITING_INITIAL) [id: 0x37fa264d, /127.0.0.1:54206 => /127.0.1.1:45224]: Writing: DefaultHttpContent(data: SlicedByteBuf(ridx: 0, widx: 583, cap: 583/583, unwrapped: UnpooledUnsafeDirectByteBuf(ridx: 590, widx: 590, cap: 16384)), decoderResult: success)
11:39:55.618 [LittleProxy-ProxyToServerWorker-7] DEBUG o.l.p.impl.ClientToProxyConnection - (AWAITING_INITIAL) [id: 0x37fa264d, /127.0.0.1:54206 => /127.0.1.1:45224]: Wrote: DefaultHttpContent(data: SlicedByteBuf(ridx: 0, widx: 583, cap: 583/583, unwrapped: UnpooledUnsafeDirectByteBuf(ridx: 590, widx: 590, cap: 16384)), decoderResult: success)
11:39:55.618 [LittleProxy-ProxyToServerWorker-7] DEBUG o.l.p.impl.ClientToProxyConnection - (AWAITING_INITIAL) [id: 0x37fa264d, /127.0.0.1:54206 => /127.0.1.1:45224]: Not closing server connection on middle chunk for /
11:39:55.618 [LittleProxy-ProxyToServerWorker-7] DEBUG o.l.p.impl.ClientToProxyConnection - (AWAITING_INITIAL) [id: 0x37fa264d, /127.0.0.1:54206 => /127.0.1.1:45224]: Not closing client connection on middle chunk for /
11:39:55.618 [LittleProxy-ProxyToServerWorker-7] DEBUG o.l.p.impl.ProxyToServerConnection - (AWAITING_CHUNK) [id: 0xe5042028, /127.0.0.1:48999 => localhost/127.0.0.1:8080]: Reading: EmptyLastHttpContent
11:39:55.618 [LittleProxy-ProxyToServerWorker-7] DEBUG o.l.p.impl.ClientToProxyConnection - (AWAITING_INITIAL) [id: 0x37fa264d, /127.0.0.1:54206 => /127.0.1.1:45224]: Retaining reference counted message
11:39:55.618 [LittleProxy-ProxyToServerWorker-7] DEBUG o.l.p.impl.ClientToProxyConnection - (AWAITING_INITIAL) [id: 0x37fa264d, /127.0.0.1:54206 => /127.0.1.1:45224]: Writing: EmptyLastHttpContent
11:39:55.619 [LittleProxy-ProxyToServerWorker-7] DEBUG o.l.p.impl.ClientToProxyConnection - (AWAITING_INITIAL) [id: 0x37fa264d, /127.0.0.1:54206 => /127.0.1.1:45224]: Writing an empty buffer to signal the end of our chunked transfer
11:39:55.619 [LittleProxy-ProxyToServerWorker-7] DEBUG o.l.p.impl.ClientToProxyConnection - (AWAITING_INITIAL) [id: 0x37fa264d, /127.0.0.1:54206 => /127.0.1.1:45224]: Wrote: EmptyLastHttpContent
11:39:55.619 [LittleProxy-ProxyToServerWorker-7] DEBUG o.l.p.impl.ClientToProxyConnection - (AWAITING_INITIAL) [id: 0x37fa264d, /127.0.0.1:54206 => /127.0.1.1:45224]: Retaining reference counted message
11:39:55.619 [LittleProxy-ProxyToServerWorker-7] DEBUG o.l.p.impl.ClientToProxyConnection - (AWAITING_INITIAL) [id: 0x37fa264d, /127.0.0.1:54206 => /127.0.1.1:45224]: Writing: EmptyByteBufBE
11:39:55.619 [LittleProxy-ProxyToServerWorker-7] DEBUG o.l.p.impl.ClientToProxyConnection - (AWAITING_INITIAL) [id: 0x37fa264d, /127.0.0.1:54206 => /127.0.1.1:45224]: Wrote: EmptyByteBufBE
11:39:55.619 [LittleProxy-ProxyToServerWorker-7] DEBUG o.l.p.impl.ClientToProxyConnection - (AWAITING_INITIAL) [id: 0x37fa264d, /127.0.0.1:54206 => /127.0.1.1:45224]: Handling last chunk. Using normal server connection closing rules.
11:39:55.619 [LittleProxy-ProxyToServerWorker-7] DEBUG o.l.p.impl.ClientToProxyConnection - (AWAITING_INITIAL) [id: 0x37fa264d, /127.0.0.1:54206 => /127.0.1.1:45224]: Not closing server connection for response: DefaultHttpResponse(decodeResult: success, version: HTTP/1.1)
HTTP/1.1 200 OK
Server: Apache-Coyote/1.1
Access-Control-Allow-Origin: null
Access-Control-Allow-Credentials: true
Strict-Transport-Security: max-age=31536000 ; includeSubDomains
X-Frame-Options: DENY
X-XSS-Protection: 1; mode=block
X-Content-Type-Options: nosniff
Cache-Control: no-cache, no-store, max-age=0, must-revalidate
Pragma: no-cache
Expires: 0
X-Application-Context: application:development
Content-Type: application/json;charset=UTF-8
Transfer-Encoding: chunked
Date: Tue, 08 Sep 2015 10:39:54 GMT
11:39:55.619 [LittleProxy-ProxyToServerWorker-7] DEBUG o.l.p.impl.ClientToProxyConnection - (AWAITING_INITIAL) [id: 0x37fa264d, /127.0.0.1:54206 => /127.0.1.1:45224]: Handling last chunk. Using normal client connection closing rules.
11:39:55.620 [LittleProxy-ProxyToServerWorker-7] DEBUG o.l.p.impl.ClientToProxyConnection - (AWAITING_INITIAL) [id: 0x37fa264d, /127.0.0.1:54206 => /127.0.1.1:45224]: Not closing client connection for request: [FAILED toString()]
11:39:55.622 [LittleProxy-ClientToProxyWorker-5] DEBUG o.l.p.impl.ClientToProxyConnection - (AWAITING_INITIAL) [id: 0x37fa264d, /127.0.0.1:54206 => /127.0.1.1:45224]: Reading: HttpObjectAggregator$AggregatedFullHttpRequest(decodeResult: success, version: HTTP/1.1, content: CompositeByteBuf(ridx: 0, widx: 0, cap: 0, components=0))
GET http://localhost:8080/ HTTP/1.1
Host: localhost:8080
Proxy-Connection: keep-alive
Authorization: Basic YWRtaW46cGFzcw==
Accept: application/json, text/plain, */*
X-Forwarded-Proto: https
User-Agent: Mozilla/5.0 (X11; Linux x86_64) AppleWebKit/537.36 (KHTML, like Gecko) Chrome/44.0.2403.130 Safari/537.36
Referer: http://localhost:9000/
Accept-Encoding: gzip, deflate, sdch
Accept-Language: en-GB,en-US;q=0.8,en;q=0.6
Content-Length: 0
11:39:55.622 [LittleProxy-ClientToProxyWorker-5] DEBUG o.l.p.impl.ClientToProxyConnection - (AWAITING_INITIAL) [id: 0x37fa264d, /127.0.0.1:54206 => /127.0.1.1:45224]: Got request: HttpObjectAggregator$AggregatedFullHttpRequest(decodeResult: success, version: HTTP/1.1, content: CompositeByteBuf(ridx: 0, widx: 0, cap: 0, components=0))
GET http://localhost:8080/ HTTP/1.1
Host: localhost:8080
Proxy-Connection: keep-alive
Authorization: Basic YWRtaW46cGFzcw==
Accept: application/json, text/plain, */*
X-Forwarded-Proto: https
User-Agent: Mozilla/5.0 (X11; Linux x86_64) AppleWebKit/537.36 (KHTML, like Gecko) Chrome/44.0.2403.130 Safari/537.36
Referer: http://localhost:9000/
Accept-Encoding: gzip, deflate, sdch
Accept-Language: en-GB,en-US;q=0.8,en;q=0.6
Content-Length: 0
11:39:55.622 [LittleProxy-ClientToProxyWorker-5] DEBUG o.l.p.impl.ClientToProxyConnection - (AWAITING_INITIAL) [id: 0x37fa264d, /127.0.0.1:54206 => /127.0.1.1:45224]: Ensuring that hostAndPort are available in http://localhost:8080/
11:39:55.622 [LittleProxy-ClientToProxyWorker-5] DEBUG o.l.p.impl.ClientToProxyConnection - (AWAITING_INITIAL) [id: 0x37fa264d, /127.0.0.1:54206 => /127.0.1.1:45224]: Finding ProxyToServerConnection for: localhost:8080
11:39:55.623 [LittleProxy-ClientToProxyWorker-5] DEBUG o.l.p.impl.ClientToProxyConnection - (AWAITING_INITIAL) [id: 0x37fa264d, /127.0.0.1:54206 => /127.0.1.1:45224]: Reusing existing server connection: org.littleshoot.proxy.impl.ProxyToServerConnection@288a62a8
11:39:55.623 [LittleProxy-ClientToProxyWorker-5] DEBUG o.l.p.impl.ClientToProxyConnection - (AWAITING_INITIAL) [id: 0x37fa264d, /127.0.0.1:54206 => /127.0.1.1:45224]: Modifying request headers for proxying
11:39:55.623 [LittleProxy-ClientToProxyWorker-5] DEBUG o.l.p.impl.ClientToProxyConnection - (AWAITING_INITIAL) [id: 0x37fa264d, /127.0.0.1:54206 => /127.0.1.1:45224]: Modifying request for proxy chaining
11:39:55.623 [LittleProxy-ClientToProxyWorker-5] DEBUG o.l.p.impl.ClientToProxyConnection - (AWAITING_INITIAL) [id: 0x37fa264d, /127.0.0.1:54206 => /127.0.1.1:45224]: Stripped host from uri: http://localhost:8080/    yielding: /
11:39:55.623 [LittleProxy-ClientToProxyWorker-5] DEBUG o.l.p.impl.ClientToProxyConnection - (AWAITING_INITIAL) [id: 0x37fa264d, /127.0.0.1:54206 => /127.0.1.1:45224]: Removed sdch and inserted: gzip, deflate, 
11:39:55.623 [LittleProxy-ClientToProxyWorker-5] DEBUG o.l.p.impl.ClientToProxyConnection - (AWAITING_INITIAL) [id: 0x37fa264d, /127.0.0.1:54206 => /127.0.1.1:45224]: Writing request to ProxyToServerConnection
11:39:55.623 [LittleProxy-ClientToProxyWorker-5] DEBUG o.l.p.impl.ProxyToServerConnection - (AWAITING_INITIAL) [id: 0xe5042028, /127.0.0.1:48999 => localhost/127.0.0.1:8080]: Requested write of HttpObjectAggregator$AggregatedFullHttpRequest(decodeResult: success, version: HTTP/1.1, content: CompositeByteBuf(ridx: 0, widx: 0, cap: 0, components=0))
GET / HTTP/1.1
Host: localhost:8080
Authorization: Basic YWRtaW46cGFzcw==
Accept: application/json, text/plain, */*
X-Forwarded-Proto: https
User-Agent: Mozilla/5.0 (X11; Linux x86_64) AppleWebKit/537.36 (KHTML, like Gecko) Chrome/44.0.2403.130 Safari/537.36
Referer: http://localhost:9000/
Accept-Language: en-GB,en-US;q=0.8,en;q=0.6
Content-Length: 0
X-Forwarded-Proto: https
Accept-Encoding: gzip, deflate, 
Via: 1.1 localhost.localdomain
11:39:55.623 [LittleProxy-ClientToProxyWorker-5] DEBUG o.l.p.impl.ProxyToServerConnection - (AWAITING_INITIAL) [id: 0xe5042028, /127.0.0.1:48999 => localhost/127.0.0.1:8080]: Retaining reference counted message
11:39:55.623 [LittleProxy-ClientToProxyWorker-5] DEBUG o.l.p.impl.ProxyToServerConnection - (AWAITING_INITIAL) [id: 0xe5042028, /127.0.0.1:48999 => localhost/127.0.0.1:8080]: Using existing connection to: localhost/127.0.0.1:8080
11:39:55.623 [LittleProxy-ClientToProxyWorker-5] DEBUG o.l.p.impl.ProxyToServerConnection - (AWAITING_INITIAL) [id: 0xe5042028, /127.0.0.1:48999 => localhost/127.0.0.1:8080]: Writing: HttpObjectAggregator$AggregatedFullHttpRequest(decodeResult: success, version: HTTP/1.1, content: CompositeByteBuf(ridx: 0, widx: 0, cap: 0, components=0))
GET / HTTP/1.1
Host: localhost:8080
Authorization: Basic YWRtaW46cGFzcw==
Accept: application/json, text/plain, */*
X-Forwarded-Proto: https
User-Agent: Mozilla/5.0 (X11; Linux x86_64) AppleWebKit/537.36 (KHTML, like Gecko) Chrome/44.0.2403.130 Safari/537.36
Referer: http://localhost:9000/
Accept-Language: en-GB,en-US;q=0.8,en;q=0.6
Content-Length: 0
X-Forwarded-Proto: https
Accept-Encoding: gzip, deflate, 
Via: 1.1 localhost.localdomain
11:39:55.623 [LittleProxy-ClientToProxyWorker-5] DEBUG o.l.p.impl.ProxyToServerConnection - (AWAITING_INITIAL) [id: 0xe5042028, /127.0.0.1:48999 => localhost/127.0.0.1:8080]: Writing an empty buffer to signal the end of our chunked transfer
11:39:55.623 [LittleProxy-ClientToProxyWorker-5] DEBUG o.l.p.impl.ProxyToServerConnection - (AWAITING_INITIAL) [id: 0xe5042028, /127.0.0.1:48999 => localhost/127.0.0.1:8080]: Wrote: HttpObjectAggregator$AggregatedFullHttpRequest(decodeResult: success, version: HTTP/1.1, content: CompositeByteBuf(ridx: 0, widx: 0, cap: 0, components=0))
GET / HTTP/1.1
Host: localhost:8080
Authorization: Basic YWRtaW46cGFzcw==
Accept: application/json, text/plain, */*
X-Forwarded-Proto: https
User-Agent: Mozilla/5.0 (X11; Linux x86_64) AppleWebKit/537.36 (KHTML, like Gecko) Chrome/44.0.2403.130 Safari/537.36
Referer: http://localhost:9000/
Accept-Language: en-GB,en-US;q=0.8,en;q=0.6
Content-Length: 0
X-Forwarded-Proto: https
Accept-Encoding: gzip, deflate, 
Via: 1.1 localhost.localdomain
11:39:55.630 [Forwarding getElementText on session d94198a6aa3008d5ffaf97f92db0cb0c to remote] DEBUG org.apache.http.wire - http-outgoing-46 << "HTTP/1.1 200 OK[\r][\n]"
11:39:55.630 [Forwarding getElementText on session d94198a6aa3008d5ffaf97f92db0cb0c to remote] DEBUG org.apache.http.wire - http-outgoing-46 << "Content-Length:85[\r][\n]"
11:39:55.630 [Forwarding getElementText on session d94198a6aa3008d5ffaf97f92db0cb0c to remote] DEBUG org.apache.http.wire - http-outgoing-46 << "Content-Type:application/json; charset=utf-8[\r][\n]"
11:39:55.630 [Forwarding getElementText on session d94198a6aa3008d5ffaf97f92db0cb0c to remote] DEBUG org.apache.http.wire - http-outgoing-46 << "Connection:close[\r][\n]"
11:39:55.630 [Forwarding getElementText on session d94198a6aa3008d5ffaf97f92db0cb0c to remote] DEBUG org.apache.http.wire - http-outgoing-46 << "[\r][\n]"
11:39:55.630 [Forwarding getElementText on session d94198a6aa3008d5ffaf97f92db0cb0c to remote] DEBUG org.apache.http.wire - http-outgoing-46 << "{"sessionId":"d94198a6aa3008d5ffaf97f92db0cb0c","status":0,"value":"Search Vouchers"}"
11:39:55.630 [Forwarding getElementText on session d94198a6aa3008d5ffaf97f92db0cb0c to remote] DEBUG org.apache.http.headers - http-outgoing-46 << HTTP/1.1 200 OK
11:39:55.630 [Forwarding getElementText on session d94198a6aa3008d5ffaf97f92db0cb0c to remote] DEBUG org.apache.http.headers - http-outgoing-46 << Content-Length:85
11:39:55.630 [Forwarding getElementText on session d94198a6aa3008d5ffaf97f92db0cb0c to remote] DEBUG org.apache.http.headers - http-outgoing-46 << Content-Type:application/json; charset=utf-8
11:39:55.630 [Forwarding getElementText on session d94198a6aa3008d5ffaf97f92db0cb0c to remote] DEBUG org.apache.http.headers - http-outgoing-46 << Connection:close
11:39:55.630 [Forwarding getElementText on session d94198a6aa3008d5ffaf97f92db0cb0c to remote] DEBUG o.a.h.i.c.DefaultManagedHttpClientConnection - http-outgoing-46: Shutdown connection
11:39:55.630 [Forwarding getElementText on session d94198a6aa3008d5ffaf97f92db0cb0c to remote] DEBUG o.a.h.impl.execchain.MainClientExec - Connection discarded
11:39:55.630 [Forwarding getElementText on session d94198a6aa3008d5ffaf97f92db0cb0c to remote] DEBUG o.a.h.i.c.DefaultManagedHttpClientConnection - http-outgoing-46: Close connection
11:39:55.630 [Forwarding getElementText on session d94198a6aa3008d5ffaf97f92db0cb0c to remote] DEBUG o.a.h.i.c.PoolingHttpClientConnectionManager - Connection released: [id: 46][route: {}->http://localhost:26477][total kept alive: 0; route allocated: 0 of 2000; total allocated: 0 of 2000]
11:39:55.631 [Forwarding getElementText on session d94198a6aa3008d5ffaf97f92db0cb0c to remote] DEBUG o.a.h.c.protocol.RequestAddCookies - CookieSpec selected: best-match
11:39:55.631 [Forwarding getElementText on session d94198a6aa3008d5ffaf97f92db0cb0c to remote] DEBUG o.a.h.c.protocol.RequestAuthCache - Auth cache not set in the context
11:39:55.631 [Forwarding getElementText on session d94198a6aa3008d5ffaf97f92db0cb0c to remote] DEBUG o.a.h.i.c.PoolingHttpClientConnectionManager - Connection request: [route: {}->http://localhost:26477][total kept alive: 0; route allocated: 0 of 2000; total allocated: 0 of 2000]
11:39:55.631 [Forwarding getElementText on session d94198a6aa3008d5ffaf97f92db0cb0c to remote] DEBUG o.a.h.i.c.PoolingHttpClientConnectionManager - Connection leased: [id: 47][route: {}->http://localhost:26477][total kept alive: 0; route allocated: 1 of 2000; total allocated: 1 of 2000]
11:39:55.631 [Forwarding getElementText on session d94198a6aa3008d5ffaf97f92db0cb0c to remote] DEBUG o.a.h.impl.execchain.MainClientExec - Opening connection {}->http://localhost:26477
11:39:55.631 [Forwarding getElementText on session d94198a6aa3008d5ffaf97f92db0cb0c to remote] DEBUG o.a.h.i.c.HttpClientConnectionOperator - Connecting to localhost/127.0.0.1:26477
11:39:55.631 [Forwarding getElementText on session d94198a6aa3008d5ffaf97f92db0cb0c to remote] DEBUG o.a.h.i.c.HttpClientConnectionOperator - Connection established 127.0.0.1:57323<->127.0.0.1:26477
11:39:55.631 [Forwarding getElementText on session d94198a6aa3008d5ffaf97f92db0cb0c to remote] DEBUG o.a.h.impl.execchain.MainClientExec - Executing request GET /session/d94198a6aa3008d5ffaf97f92db0cb0c/element/0.5152662619948387-12/text HTTP/1.1
11:39:55.631 [Forwarding getElementText on session d94198a6aa3008d5ffaf97f92db0cb0c to remote] DEBUG o.a.h.impl.execchain.MainClientExec - Target auth state: UNCHALLENGED
11:39:55.631 [Forwarding getElementText on session d94198a6aa3008d5ffaf97f92db0cb0c to remote] DEBUG o.a.h.impl.execchain.MainClientExec - Proxy auth state: UNCHALLENGED
11:39:55.631 [Forwarding getElementText on session d94198a6aa3008d5ffaf97f92db0cb0c to remote] DEBUG org.apache.http.headers - http-outgoing-47 >> GET /session/d94198a6aa3008d5ffaf97f92db0cb0c/element/0.5152662619948387-12/text HTTP/1.1
11:39:55.631 [Forwarding getElementText on session d94198a6aa3008d5ffaf97f92db0cb0c to remote] DEBUG org.apache.http.headers - http-outgoing-47 >> Cache-Control: no-cache
11:39:55.631 [Forwarding getElementText on session d94198a6aa3008d5ffaf97f92db0cb0c to remote] DEBUG org.apache.http.headers - http-outgoing-47 >> Host: localhost:26477
11:39:55.631 [Forwarding getElementText on session d94198a6aa3008d5ffaf97f92db0cb0c to remote] DEBUG org.apache.http.headers - http-outgoing-47 >> Connection: Keep-Alive
11:39:55.631 [Forwarding getElementText on session d94198a6aa3008d5ffaf97f92db0cb0c to remote] DEBUG org.apache.http.headers - http-outgoing-47 >> User-Agent: Apache-HttpClient/4.3.4 (java 1.5)
11:39:55.631 [Forwarding getElementText on session d94198a6aa3008d5ffaf97f92db0cb0c to remote] DEBUG org.apache.http.headers - http-outgoing-47 >> Accept-Encoding: gzip,deflate
11:39:55.631 [Forwarding getElementText on session d94198a6aa3008d5ffaf97f92db0cb0c to remote] DEBUG org.apache.http.wire - http-outgoing-47 >> "GET /session/d94198a6aa3008d5ffaf97f92db0cb0c/element/0.5152662619948387-12/text HTTP/1.1[\r][\n]"
11:39:55.631 [Forwarding getElementText on session d94198a6aa3008d5ffaf97f92db0cb0c to remote] DEBUG org.apache.http.wire - http-outgoing-47 >> "Cache-Control: no-cache[\r][\n]"
11:39:55.631 [Forwarding getElementText on session d94198a6aa3008d5ffaf97f92db0cb0c to remote] DEBUG org.apache.http.wire - http-outgoing-47 >> "Host: localhost:26477[\r][\n]"
11:39:55.631 [Forwarding getElementText on session d94198a6aa3008d5ffaf97f92db0cb0c to remote] DEBUG org.apache.http.wire - http-outgoing-47 >> "Connection: Keep-Alive[\r][\n]"
11:39:55.631 [Forwarding getElementText on session d94198a6aa3008d5ffaf97f92db0cb0c to remote] DEBUG org.apache.http.wire - http-outgoing-47 >> "User-Agent: Apache-HttpClient/4.3.4 (java 1.5)[\r][\n]"
11:39:55.631 [Forwarding getElementText on session d94198a6aa3008d5ffaf97f92db0cb0c to remote] DEBUG org.apache.http.wire - http-outgoing-47 >> "Accept-Encoding: gzip,deflate[\r][\n]"
11:39:55.631 [Forwarding getElementText on session d94198a6aa3008d5ffaf97f92db0cb0c to remote] DEBUG org.apache.http.wire - http-outgoing-47 >> "[\r][\n]"
11:39:55.634 [LittleProxy-ProxyToServerWorker-7] DEBUG o.l.p.impl.ProxyToServerConnection - (AWAITING_INITIAL) [id: 0xe5042028, /127.0.0.1:48999 => localhost/127.0.0.1:8080]: Remembering the current request.
11:39:55.634 [LittleProxy-ProxyToServerWorker-7] DEBUG o.l.p.impl.ProxyToServerConnection - (AWAITING_INITIAL) [id: 0xe5042028, /127.0.0.1:48999 => localhost/127.0.0.1:8080]: Reading: DefaultHttpResponse(decodeResult: success, version: HTTP/1.1)
HTTP/1.1 200 OK
Server: Apache-Coyote/1.1
Access-Control-Allow-Origin: null
Access-Control-Allow-Credentials: true
Strict-Transport-Security: max-age=31536000 ; includeSubDomains
X-Frame-Options: DENY
X-XSS-Protection: 1; mode=block
X-Content-Type-Options: nosniff
Cache-Control: no-cache, no-store, max-age=0, must-revalidate
Pragma: no-cache
Expires: 0
X-Application-Context: application:development
Content-Type: application/json;charset=UTF-8
Transfer-Encoding: chunked
Date: Tue, 08 Sep 2015 10:39:54 GMT
11:39:55.634 [LittleProxy-ProxyToServerWorker-7] DEBUG o.l.p.impl.ProxyToServerConnection - (AWAITING_INITIAL) [id: 0xe5042028, /127.0.0.1:48999 => localhost/127.0.0.1:8080]: Received raw response: DefaultHttpResponse(decodeResult: success, version: HTTP/1.1)
HTTP/1.1 200 OK
Server: Apache-Coyote/1.1
Access-Control-Allow-Origin: null
Access-Control-Allow-Credentials: true
Strict-Transport-Security: max-age=31536000 ; includeSubDomains
X-Frame-Options: DENY
X-XSS-Protection: 1; mode=block
X-Content-Type-Options: nosniff
Cache-Control: no-cache, no-store, max-age=0, must-revalidate
Pragma: no-cache
Expires: 0
X-Application-Context: application:development
Content-Type: application/json;charset=UTF-8
Transfer-Encoding: chunked
Date: Tue, 08 Sep 2015 10:39:54 GMT
11:39:55.634 [LittleProxy-ProxyToServerWorker-7] DEBUG o.l.p.impl.ProxyToServerConnection - (AWAITING_INITIAL) [id: 0xe5042028, /127.0.0.1:48999 => localhost/127.0.0.1:8080]: Remembering the current response.
11:39:55.635 [LittleProxy-ProxyToServerWorker-7] DEBUG o.l.p.impl.ClientToProxyConnection - (AWAITING_INITIAL) [id: 0x37fa264d, /127.0.0.1:54206 => /127.0.1.1:45224]: Writing: DefaultHttpResponse(decodeResult: success, version: HTTP/1.1)
HTTP/1.1 200 OK
Server: Apache-Coyote/1.1
Access-Control-Allow-Origin: null
Access-Control-Allow-Credentials: true
Strict-Transport-Security: max-age=31536000 ; includeSubDomains
X-Frame-Options: DENY
X-XSS-Protection: 1; mode=block
X-Content-Type-Options: nosniff
Cache-Control: no-cache, no-store, max-age=0, must-revalidate
Pragma: no-cache
Expires: 0
X-Application-Context: application:development
Content-Type: application/json;charset=UTF-8
Transfer-Encoding: chunked
Date: Tue, 08 Sep 2015 10:39:54 GMT
Via: 1.1 localhost.localdomain
11:39:55.635 [LittleProxy-ProxyToServerWorker-7] DEBUG o.l.p.impl.ClientToProxyConnection - (AWAITING_INITIAL) [id: 0x37fa264d, /127.0.0.1:54206 => /127.0.1.1:45224]: Wrote: DefaultHttpResponse(decodeResult: success, version: HTTP/1.1)
HTTP/1.1 200 OK
Server: Apache-Coyote/1.1
Access-Control-Allow-Origin: null
Access-Control-Allow-Credentials: true
Strict-Transport-Security: max-age=31536000 ; includeSubDomains
X-Frame-Options: DENY
X-XSS-Protection: 1; mode=block
X-Content-Type-Options: nosniff
Cache-Control: no-cache, no-store, max-age=0, must-revalidate
Pragma: no-cache
Expires: 0
X-Application-Context: application:development
Content-Type: application/json;charset=UTF-8
Transfer-Encoding: chunked
Date: Tue, 08 Sep 2015 10:39:54 GMT
Via: 1.1 localhost.localdomain
11:39:55.635 [LittleProxy-ProxyToServerWorker-7] DEBUG o.l.p.impl.ClientToProxyConnection - (AWAITING_INITIAL) [id: 0x37fa264d, /127.0.0.1:54206 => /127.0.1.1:45224]: Not closing server connection on middle chunk for /
11:39:55.635 [LittleProxy-ProxyToServerWorker-7] DEBUG o.l.p.impl.ClientToProxyConnection - (AWAITING_INITIAL) [id: 0x37fa264d, /127.0.0.1:54206 => /127.0.1.1:45224]: Not closing client connection on middle chunk for /
11:39:55.636 [LittleProxy-ProxyToServerWorker-7] DEBUG o.l.p.impl.ProxyToServerConnection - (AWAITING_CHUNK) [id: 0xe5042028, /127.0.0.1:48999 => localhost/127.0.0.1:8080]: Reading: DefaultHttpContent(data: SlicedByteBuf(ridx: 0, widx: 583, cap: 583/583, unwrapped: UnpooledUnsafeDirectByteBuf(ridx: 1117, widx: 1117, cap: 8192)), decoderResult: success)
11:39:55.636 [LittleProxy-ProxyToServerWorker-7] DEBUG o.l.p.impl.ClientToProxyConnection - (AWAITING_INITIAL) [id: 0x37fa264d, /127.0.0.1:54206 => /127.0.1.1:45224]: Retaining reference counted message
11:39:55.636 [LittleProxy-ProxyToServerWorker-7] DEBUG o.l.p.impl.ClientToProxyConnection - (AWAITING_INITIAL) [id: 0x37fa264d, /127.0.0.1:54206 => /127.0.1.1:45224]: Writing: DefaultHttpContent(data: SlicedByteBuf(ridx: 0, widx: 583, cap: 583/583, unwrapped: UnpooledUnsafeDirectByteBuf(ridx: 1117, widx: 1117, cap: 8192)), decoderResult: success)
11:39:55.636 [LittleProxy-ProxyToServerWorker-7] DEBUG o.l.p.impl.ClientToProxyConnection - (AWAITING_INITIAL) [id: 0x37fa264d, /127.0.0.1:54206 => /127.0.1.1:45224]: Wrote: DefaultHttpContent(data: SlicedByteBuf(ridx: 0, widx: 583, cap: 583/583, unwrapped: UnpooledUnsafeDirectByteBuf(ridx: 1117, widx: 1117, cap: 8192)), decoderResult: success)
11:39:55.636 [LittleProxy-ProxyToServerWorker-7] DEBUG o.l.p.impl.ClientToProxyConnection - (AWAITING_INITIAL) [id: 0x37fa264d, /127.0.0.1:54206 => /127.0.1.1:45224]: Not closing server connection on middle chunk for /
11:39:55.636 [LittleProxy-ProxyToServerWorker-7] DEBUG o.l.p.impl.ClientToProxyConnection - (AWAITING_INITIAL) [id: 0x37fa264d, /127.0.0.1:54206 => /127.0.1.1:45224]: Not closing client connection on middle chunk for /
11:39:55.636 [LittleProxy-ProxyToServerWorker-7] DEBUG o.l.p.impl.ProxyToServerConnection - (AWAITING_CHUNK) [id: 0xe5042028, /127.0.0.1:48999 => localhost/127.0.0.1:8080]: Reading: EmptyLastHttpContent
11:39:55.636 [LittleProxy-ProxyToServerWorker-7] DEBUG o.l.p.impl.ClientToProxyConnection - (AWAITING_INITIAL) [id: 0x37fa264d, /127.0.0.1:54206 => /127.0.1.1:45224]: Retaining reference counted message
11:39:55.636 [LittleProxy-ProxyToServerWorker-7] DEBUG o.l.p.impl.ClientToProxyConnection - (AWAITING_INITIAL) [id: 0x37fa264d, /127.0.0.1:54206 => /127.0.1.1:45224]: Writing: EmptyLastHttpContent
11:39:55.636 [LittleProxy-ProxyToServerWorker-7] DEBUG o.l.p.impl.ClientToProxyConnection - (AWAITING_INITIAL) [id: 0x37fa264d, /127.0.0.1:54206 => /127.0.1.1:45224]: Writing an empty buffer to signal the end of our chunked transfer
11:39:55.636 [LittleProxy-ProxyToServerWorker-7] DEBUG o.l.p.impl.ClientToProxyConnection - (AWAITING_INITIAL) [id: 0x37fa264d, /127.0.0.1:54206 => /127.0.1.1:45224]: Wrote: EmptyLastHttpContent
11:39:55.636 [LittleProxy-ProxyToServerWorker-7] DEBUG o.l.p.impl.ClientToProxyConnection - (AWAITING_INITIAL) [id: 0x37fa264d, /127.0.0.1:54206 => /127.0.1.1:45224]: Retaining reference counted message
11:39:55.636 [LittleProxy-ProxyToServerWorker-7] DEBUG o.l.p.impl.ClientToProxyConnection - (AWAITING_INITIAL) [id: 0x37fa264d, /127.0.0.1:54206 => /127.0.1.1:45224]: Writing: EmptyByteBufBE
11:39:55.636 [LittleProxy-ProxyToServerWorker-7] DEBUG o.l.p.impl.ClientToProxyConnection - (AWAITING_INITIAL) [id: 0x37fa264d, /127.0.0.1:54206 => /127.0.1.1:45224]: Wrote: EmptyByteBufBE
11:39:55.636 [LittleProxy-ProxyToServerWorker-7] DEBUG o.l.p.impl.ClientToProxyConnection - (AWAITING_INITIAL) [id: 0x37fa264d, /127.0.0.1:54206 => /127.0.1.1:45224]: Handling last chunk. Using normal server connection closing rules.
11:39:55.636 [LittleProxy-ProxyToServerWorker-7] DEBUG o.l.p.impl.ClientToProxyConnection - (AWAITING_INITIAL) [id: 0x37fa264d, /127.0.0.1:54206 => /127.0.1.1:45224]: Not closing server connection for response: DefaultHttpResponse(decodeResult: success, version: HTTP/1.1)
HTTP/1.1 200 OK
Server: Apache-Coyote/1.1
Access-Control-Allow-Origin: null
Access-Control-Allow-Credentials: true
Strict-Transport-Security: max-age=31536000 ; includeSubDomains
X-Frame-Options: DENY
X-XSS-Protection: 1; mode=block
X-Content-Type-Options: nosniff
Cache-Control: no-cache, no-store, max-age=0, must-revalidate
Pragma: no-cache
Expires: 0
X-Application-Context: application:development
Content-Type: application/json;charset=UTF-8
Transfer-Encoding: chunked
Date: Tue, 08 Sep 2015 10:39:54 GMT
11:39:55.636 [LittleProxy-ProxyToServerWorker-7] DEBUG o.l.p.impl.ClientToProxyConnection - (AWAITING_INITIAL) [id: 0x37fa264d, /127.0.0.1:54206 => /127.0.1.1:45224]: Handling last chunk. Using normal client connection closing rules.
11:39:55.636 [LittleProxy-ProxyToServerWorker-7] DEBUG o.l.p.impl.ClientToProxyConnection - (AWAITING_INITIAL) [id: 0x37fa264d, /127.0.0.1:54206 => /127.0.1.1:45224]: Not closing client connection for request: [FAILED toString()]
11:39:55.647 [Forwarding getElementText on session d94198a6aa3008d5ffaf97f92db0cb0c to remote] DEBUG org.apache.http.wire - http-outgoing-47 << "HTTP/1.1 200 OK[\r][\n]"
11:39:55.647 [Forwarding getElementText on session d94198a6aa3008d5ffaf97f92db0cb0c to remote] DEBUG org.apache.http.wire - http-outgoing-47 << "Content-Length:84[\r][\n]"
11:39:55.647 [Forwarding getElementText on session d94198a6aa3008d5ffaf97f92db0cb0c to remote] DEBUG org.apache.http.wire - http-outgoing-47 << "Content-Type:application/json; charset=utf-8[\r][\n]"
11:39:55.647 [Forwarding getElementText on session d94198a6aa3008d5ffaf97f92db0cb0c to remote] DEBUG org.apache.http.wire - http-outgoing-47 << "Connection:close[\r][\n]"
11:39:55.647 [Forwarding getElementText on session d94198a6aa3008d5ffaf97f92db0cb0c to remote] DEBUG org.apache.http.wire - http-outgoing-47 << "[\r][\n]"
11:39:55.647 [Forwarding getElementText on session d94198a6aa3008d5ffaf97f92db0cb0c to remote] DEBUG org.apache.http.wire - http-outgoing-47 << "{"sessionId":"d94198a6aa3008d5ffaf97f92db0cb0c","status":0,"value":"Search Account"}"
11:39:55.647 [Forwarding getElementText on session d94198a6aa3008d5ffaf97f92db0cb0c to remote] DEBUG org.apache.http.headers - http-outgoing-47 << HTTP/1.1 200 OK
11:39:55.647 [Forwarding getElementText on session d94198a6aa3008d5ffaf97f92db0cb0c to remote] DEBUG org.apache.http.headers - http-outgoing-47 << Content-Length:84
11:39:55.647 [Forwarding getElementText on session d94198a6aa3008d5ffaf97f92db0cb0c to remote] DEBUG org.apache.http.headers - http-outgoing-47 << Content-Type:application/json; charset=utf-8
11:39:55.647 [Forwarding getElementText on session d94198a6aa3008d5ffaf97f92db0cb0c to remote] DEBUG org.apache.http.headers - http-outgoing-47 << Connection:close
11:39:55.648 [Forwarding getElementText on session d94198a6aa3008d5ffaf97f92db0cb0c to remote] DEBUG o.a.h.i.c.DefaultManagedHttpClientConnection - http-outgoing-47: Shutdown connection
11:39:55.648 [Forwarding getElementText on session d94198a6aa3008d5ffaf97f92db0cb0c to remote] DEBUG o.a.h.impl.execchain.MainClientExec - Connection discarded
11:39:55.648 [Forwarding getElementText on session d94198a6aa3008d5ffaf97f92db0cb0c to remote] DEBUG o.a.h.i.c.DefaultManagedHttpClientConnection - http-outgoing-47: Close connection
11:39:55.648 [Forwarding getElementText on session d94198a6aa3008d5ffaf97f92db0cb0c to remote] DEBUG o.a.h.i.c.PoolingHttpClientConnectionManager - Connection released: [id: 47][route: {}->http://localhost:26477][total kept alive: 0; route allocated: 0 of 2000; total allocated: 0 of 2000]
11:39:55.648 [Forwarding getElementText on session d94198a6aa3008d5ffaf97f92db0cb0c to remote] DEBUG o.a.h.c.protocol.RequestAddCookies - CookieSpec selected: best-match
11:39:55.648 [Forwarding getElementText on session d94198a6aa3008d5ffaf97f92db0cb0c to remote] DEBUG o.a.h.c.protocol.RequestAuthCache - Auth cache not set in the context
11:39:55.648 [Forwarding getElementText on session d94198a6aa3008d5ffaf97f92db0cb0c to remote] DEBUG o.a.h.i.c.PoolingHttpClientConnectionManager - Connection request: [route: {}->http://localhost:26477][total kept alive: 0; route allocated: 0 of 2000; total allocated: 0 of 2000]
11:39:55.648 [Forwarding getElementText on session d94198a6aa3008d5ffaf97f92db0cb0c to remote] DEBUG o.a.h.i.c.PoolingHttpClientConnectionManager - Connection leased: [id: 48][route: {}->http://localhost:26477][total kept alive: 0; route allocated: 1 of 2000; total allocated: 1 of 2000]
11:39:55.648 [Forwarding getElementText on session d94198a6aa3008d5ffaf97f92db0cb0c to remote] DEBUG o.a.h.impl.execchain.MainClientExec - Opening connection {}->http://localhost:26477
11:39:55.649 [Forwarding getElementText on session d94198a6aa3008d5ffaf97f92db0cb0c to remote] DEBUG o.a.h.i.c.HttpClientConnectionOperator - Connecting to localhost/127.0.0.1:26477
11:39:55.649 [Forwarding getElementText on session d94198a6aa3008d5ffaf97f92db0cb0c to remote] DEBUG o.a.h.i.c.HttpClientConnectionOperator - Connection established 127.0.0.1:57324<->127.0.0.1:26477
11:39:55.649 [Forwarding getElementText on session d94198a6aa3008d5ffaf97f92db0cb0c to remote] DEBUG o.a.h.impl.execchain.MainClientExec - Executing request GET /session/d94198a6aa3008d5ffaf97f92db0cb0c/element/0.5152662619948387-13/text HTTP/1.1
11:39:55.649 [Forwarding getElementText on session d94198a6aa3008d5ffaf97f92db0cb0c to remote] DEBUG o.a.h.impl.execchain.MainClientExec - Target auth state: UNCHALLENGED
11:39:55.649 [Forwarding getElementText on session d94198a6aa3008d5ffaf97f92db0cb0c to remote] DEBUG o.a.h.impl.execchain.MainClientExec - Proxy auth state: UNCHALLENGED
11:39:55.649 [Forwarding getElementText on session d94198a6aa3008d5ffaf97f92db0cb0c to remote] DEBUG org.apache.http.headers - http-outgoing-48 >> GET /session/d94198a6aa3008d5ffaf97f92db0cb0c/element/0.5152662619948387-13/text HTTP/1.1
11:39:55.649 [Forwarding getElementText on session d94198a6aa3008d5ffaf97f92db0cb0c to remote] DEBUG org.apache.http.headers - http-outgoing-48 >> Cache-Control: no-cache
11:39:55.649 [Forwarding getElementText on session d94198a6aa3008d5ffaf97f92db0cb0c to remote] DEBUG org.apache.http.headers - http-outgoing-48 >> Host: localhost:26477
11:39:55.649 [Forwarding getElementText on session d94198a6aa3008d5ffaf97f92db0cb0c to remote] DEBUG org.apache.http.headers - http-outgoing-48 >> Connection: Keep-Alive
11:39:55.649 [Forwarding getElementText on session d94198a6aa3008d5ffaf97f92db0cb0c to remote] DEBUG org.apache.http.headers - http-outgoing-48 >> User-Agent: Apache-HttpClient/4.3.4 (java 1.5)
11:39:55.649 [Forwarding getElementText on session d94198a6aa3008d5ffaf97f92db0cb0c to remote] DEBUG org.apache.http.headers - http-outgoing-48 >> Accept-Encoding: gzip,deflate
11:39:55.649 [Forwarding getElementText on session d94198a6aa3008d5ffaf97f92db0cb0c to remote] DEBUG org.apache.http.wire - http-outgoing-48 >> "GET /session/d94198a6aa3008d5ffaf97f92db0cb0c/element/0.5152662619948387-13/text HTTP/1.1[\r][\n]"
11:39:55.649 [Forwarding getElementText on session d94198a6aa3008d5ffaf97f92db0cb0c to remote] DEBUG org.apache.http.wire - http-outgoing-48 >> "Cache-Control: no-cache[\r][\n]"
11:39:55.649 [Forwarding getElementText on session d94198a6aa3008d5ffaf97f92db0cb0c to remote] DEBUG org.apache.http.wire - http-outgoing-48 >> "Host: localhost:26477[\r][\n]"
11:39:55.649 [Forwarding getElementText on session d94198a6aa3008d5ffaf97f92db0cb0c to remote] DEBUG org.apache.http.wire - http-outgoing-48 >> "Connection: Keep-Alive[\r][\n]"
11:39:55.649 [Forwarding getElementText on session d94198a6aa3008d5ffaf97f92db0cb0c to remote] DEBUG org.apache.http.wire - http-outgoing-48 >> "User-Agent: Apache-HttpClient/4.3.4 (java 1.5)[\r][\n]"
11:39:55.649 [Forwarding getElementText on session d94198a6aa3008d5ffaf97f92db0cb0c to remote] DEBUG org.apache.http.wire - http-outgoing-48 >> "Accept-Encoding: gzip,deflate[\r][\n]"
11:39:55.649 [Forwarding getElementText on session d94198a6aa3008d5ffaf97f92db0cb0c to remote] DEBUG org.apache.http.wire - http-outgoing-48 >> "[\r][\n]"
11:39:55.654 [Forwarding getElementText on session d94198a6aa3008d5ffaf97f92db0cb0c to remote] DEBUG org.apache.http.wire - http-outgoing-48 << "HTTP/1.1 200 OK[\r][\n]"
11:39:55.654 [Forwarding getElementText on session d94198a6aa3008d5ffaf97f92db0cb0c to remote] DEBUG org.apache.http.wire - http-outgoing-48 << "Content-Length:85[\r][\n]"
11:39:55.654 [Forwarding getElementText on session d94198a6aa3008d5ffaf97f92db0cb0c to remote] DEBUG org.apache.http.wire - http-outgoing-48 << "Content-Type:application/json; charset=utf-8[\r][\n]"
11:39:55.654 [Forwarding getElementText on session d94198a6aa3008d5ffaf97f92db0cb0c to remote] DEBUG org.apache.http.wire - http-outgoing-48 << "Connection:close[\r][\n]"
11:39:55.654 [Forwarding getElementText on session d94198a6aa3008d5ffaf97f92db0cb0c to remote] DEBUG org.apache.http.wire - http-outgoing-48 << "[\r][\n]"
11:39:55.654 [Forwarding getElementText on session d94198a6aa3008d5ffaf97f92db0cb0c to remote] DEBUG org.apache.http.wire - http-outgoing-48 << "{"sessionId":"d94198a6aa3008d5ffaf97f92db0cb0c","status":0,"value":"Voucher Manager"}"
11:39:55.654 [Forwarding getElementText on session d94198a6aa3008d5ffaf97f92db0cb0c to remote] DEBUG org.apache.http.headers - http-outgoing-48 << HTTP/1.1 200 OK
11:39:55.654 [Forwarding getElementText on session d94198a6aa3008d5ffaf97f92db0cb0c to remote] DEBUG org.apache.http.headers - http-outgoing-48 << Content-Length:85
11:39:55.654 [Forwarding getElementText on session d94198a6aa3008d5ffaf97f92db0cb0c to remote] DEBUG org.apache.http.headers - http-outgoing-48 << Content-Type:application/json; charset=utf-8
11:39:55.654 [Forwarding getElementText on session d94198a6aa3008d5ffaf97f92db0cb0c to remote] DEBUG org.apache.http.headers - http-outgoing-48 << Connection:close
11:39:55.654 [Forwarding getElementText on session d94198a6aa3008d5ffaf97f92db0cb0c to remote] DEBUG o.a.h.i.c.DefaultManagedHttpClientConnection - http-outgoing-48: Shutdown connection
11:39:55.654 [Forwarding getElementText on session d94198a6aa3008d5ffaf97f92db0cb0c to remote] DEBUG o.a.h.impl.execchain.MainClientExec - Connection discarded
11:39:55.654 [Forwarding getElementText on session d94198a6aa3008d5ffaf97f92db0cb0c to remote] DEBUG o.a.h.i.c.DefaultManagedHttpClientConnection - http-outgoing-48: Close connection
11:39:55.654 [Forwarding getElementText on session d94198a6aa3008d5ffaf97f92db0cb0c to remote] DEBUG o.a.h.i.c.PoolingHttpClientConnectionManager - Connection released: [id: 48][route: {}->http://localhost:26477][total kept alive: 0; route allocated: 0 of 2000; total allocated: 0 of 2000]
11:39:55.655 [Forwarding getElementText on session d94198a6aa3008d5ffaf97f92db0cb0c to remote] DEBUG o.a.h.c.protocol.RequestAddCookies - CookieSpec selected: best-match
11:39:55.655 [Forwarding getElementText on session d94198a6aa3008d5ffaf97f92db0cb0c to remote] DEBUG o.a.h.c.protocol.RequestAuthCache - Auth cache not set in the context
11:39:55.655 [Forwarding getElementText on session d94198a6aa3008d5ffaf97f92db0cb0c to remote] DEBUG o.a.h.i.c.PoolingHttpClientConnectionManager - Connection request: [route: {}->http://localhost:26477][total kept alive: 0; route allocated: 0 of 2000; total allocated: 0 of 2000]
11:39:55.655 [Forwarding getElementText on session d94198a6aa3008d5ffaf97f92db0cb0c to remote] DEBUG o.a.h.i.c.PoolingHttpClientConnectionManager - Connection leased: [id: 49][route: {}->http://localhost:26477][total kept alive: 0; route allocated: 1 of 2000; total allocated: 1 of 2000]
11:39:55.655 [Forwarding getElementText on session d94198a6aa3008d5ffaf97f92db0cb0c to remote] DEBUG o.a.h.impl.execchain.MainClientExec - Opening connection {}->http://localhost:26477
11:39:55.655 [Forwarding getElementText on session d94198a6aa3008d5ffaf97f92db0cb0c to remote] DEBUG o.a.h.i.c.HttpClientConnectionOperator - Connecting to localhost/127.0.0.1:26477
11:39:55.655 [Forwarding getElementText on session d94198a6aa3008d5ffaf97f92db0cb0c to remote] DEBUG o.a.h.i.c.HttpClientConnectionOperator - Connection established 127.0.0.1:57325<->127.0.0.1:26477
11:39:55.655 [Forwarding getElementText on session d94198a6aa3008d5ffaf97f92db0cb0c to remote] DEBUG o.a.h.impl.execchain.MainClientExec - Executing request GET /session/d94198a6aa3008d5ffaf97f92db0cb0c/element/0.5152662619948387-14/text HTTP/1.1
11:39:55.655 [Forwarding getElementText on session d94198a6aa3008d5ffaf97f92db0cb0c to remote] DEBUG o.a.h.impl.execchain.MainClientExec - Target auth state: UNCHALLENGED
11:39:55.655 [Forwarding getElementText on session d94198a6aa3008d5ffaf97f92db0cb0c to remote] DEBUG o.a.h.impl.execchain.MainClientExec - Proxy auth state: UNCHALLENGED
11:39:55.655 [Forwarding getElementText on session d94198a6aa3008d5ffaf97f92db0cb0c to remote] DEBUG org.apache.http.headers - http-outgoing-49 >> GET /session/d94198a6aa3008d5ffaf97f92db0cb0c/element/0.5152662619948387-14/text HTTP/1.1
11:39:55.655 [Forwarding getElementText on session d94198a6aa3008d5ffaf97f92db0cb0c to remote] DEBUG org.apache.http.headers - http-outgoing-49 >> Cache-Control: no-cache
11:39:55.655 [Forwarding getElementText on session d94198a6aa3008d5ffaf97f92db0cb0c to remote] DEBUG org.apache.http.headers - http-outgoing-49 >> Host: localhost:26477
11:39:55.655 [Forwarding getElementText on session d94198a6aa3008d5ffaf97f92db0cb0c to remote] DEBUG org.apache.http.headers - http-outgoing-49 >> Connection: Keep-Alive
11:39:55.655 [Forwarding getElementText on session d94198a6aa3008d5ffaf97f92db0cb0c to remote] DEBUG org.apache.http.headers - http-outgoing-49 >> User-Agent: Apache-HttpClient/4.3.4 (java 1.5)
11:39:55.655 [Forwarding getElementText on session d94198a6aa3008d5ffaf97f92db0cb0c to remote] DEBUG org.apache.http.headers - http-outgoing-49 >> Accept-Encoding: gzip,deflate
11:39:55.655 [Forwarding getElementText on session d94198a6aa3008d5ffaf97f92db0cb0c to remote] DEBUG org.apache.http.wire - http-outgoing-49 >> "GET /session/d94198a6aa3008d5ffaf97f92db0cb0c/element/0.5152662619948387-14/text HTTP/1.1[\r][\n]"
11:39:55.655 [Forwarding getElementText on session d94198a6aa3008d5ffaf97f92db0cb0c to remote] DEBUG org.apache.http.wire - http-outgoing-49 >> "Cache-Control: no-cache[\r][\n]"
11:39:55.655 [Forwarding getElementText on session d94198a6aa3008d5ffaf97f92db0cb0c to remote] DEBUG org.apache.http.wire - http-outgoing-49 >> "Host: localhost:26477[\r][\n]"
11:39:55.655 [Forwarding getElementText on session d94198a6aa3008d5ffaf97f92db0cb0c to remote] DEBUG org.apache.http.wire - http-outgoing-49 >> "Connection: Keep-Alive[\r][\n]"
11:39:55.656 [Forwarding getElementText on session d94198a6aa3008d5ffaf97f92db0cb0c to remote] DEBUG org.apache.http.wire - http-outgoing-49 >> "User-Agent: Apache-HttpClient/4.3.4 (java 1.5)[\r][\n]"
11:39:55.656 [Forwarding getElementText on session d94198a6aa3008d5ffaf97f92db0cb0c to remote] DEBUG org.apache.http.wire - http-outgoing-49 >> "Accept-Encoding: gzip,deflate[\r][\n]"
11:39:55.656 [Forwarding getElementText on session d94198a6aa3008d5ffaf97f92db0cb0c to remote] DEBUG org.apache.http.wire - http-outgoing-49 >> "[\r][\n]"
11:39:55.667 [Forwarding getElementText on session d94198a6aa3008d5ffaf97f92db0cb0c to remote] DEBUG org.apache.http.wire - http-outgoing-49 << "HTTP/1.1 200 OK[\r][\n]"
11:39:55.667 [Forwarding getElementText on session d94198a6aa3008d5ffaf97f92db0cb0c to remote] DEBUG org.apache.http.wire - http-outgoing-49 << "Content-Length:70[\r][\n]"
11:39:55.667 [Forwarding getElementText on session d94198a6aa3008d5ffaf97f92db0cb0c to remote] DEBUG org.apache.http.wire - http-outgoing-49 << "Content-Type:application/json; charset=utf-8[\r][\n]"
11:39:55.667 [Forwarding getElementText on session d94198a6aa3008d5ffaf97f92db0cb0c to remote] DEBUG org.apache.http.wire - http-outgoing-49 << "Connection:close[\r][\n]"
11:39:55.667 [Forwarding getElementText on session d94198a6aa3008d5ffaf97f92db0cb0c to remote] DEBUG org.apache.http.wire - http-outgoing-49 << "[\r][\n]"
11:39:55.667 [Forwarding getElementText on session d94198a6aa3008d5ffaf97f92db0cb0c to remote] DEBUG org.apache.http.wire - http-outgoing-49 << "{"sessionId":"d94198a6aa3008d5ffaf97f92db0cb0c","status":0,"value":""}"
11:39:55.667 [Forwarding getElementText on session d94198a6aa3008d5ffaf97f92db0cb0c to remote] DEBUG org.apache.http.headers - http-outgoing-49 << HTTP/1.1 200 OK
11:39:55.667 [Forwarding getElementText on session d94198a6aa3008d5ffaf97f92db0cb0c to remote] DEBUG org.apache.http.headers - http-outgoing-49 << Content-Length:70
11:39:55.667 [Forwarding getElementText on session d94198a6aa3008d5ffaf97f92db0cb0c to remote] DEBUG org.apache.http.headers - http-outgoing-49 << Content-Type:application/json; charset=utf-8
11:39:55.667 [Forwarding getElementText on session d94198a6aa3008d5ffaf97f92db0cb0c to remote] DEBUG org.apache.http.headers - http-outgoing-49 << Connection:close
11:39:55.667 [Forwarding getElementText on session d94198a6aa3008d5ffaf97f92db0cb0c to remote] DEBUG o.a.h.i.c.DefaultManagedHttpClientConnection - http-outgoing-49: Shutdown connection
11:39:55.667 [Forwarding getElementText on session d94198a6aa3008d5ffaf97f92db0cb0c to remote] DEBUG o.a.h.impl.execchain.MainClientExec - Connection discarded
11:39:55.667 [Forwarding getElementText on session d94198a6aa3008d5ffaf97f92db0cb0c to remote] DEBUG o.a.h.i.c.DefaultManagedHttpClientConnection - http-outgoing-49: Close connection
11:39:55.667 [Forwarding getElementText on session d94198a6aa3008d5ffaf97f92db0cb0c to remote] DEBUG o.a.h.i.c.PoolingHttpClientConnectionManager - Connection released: [id: 49][route: {}->http://localhost:26477][total kept alive: 0; route allocated: 0 of 2000; total allocated: 0 of 2000]
11:39:55.668 [Forwarding getElementText on session d94198a6aa3008d5ffaf97f92db0cb0c to remote] DEBUG o.a.h.c.protocol.RequestAddCookies - CookieSpec selected: best-match
11:39:55.668 [Forwarding getElementText on session d94198a6aa3008d5ffaf97f92db0cb0c to remote] DEBUG o.a.h.c.protocol.RequestAuthCache - Auth cache not set in the context
11:39:55.668 [Forwarding getElementText on session d94198a6aa3008d5ffaf97f92db0cb0c to remote] DEBUG o.a.h.i.c.PoolingHttpClientConnectionManager - Connection request: [route: {}->http://localhost:26477][total kept alive: 0; route allocated: 0 of 2000; total allocated: 0 of 2000]
11:39:55.668 [Forwarding getElementText on session d94198a6aa3008d5ffaf97f92db0cb0c to remote] DEBUG o.a.h.i.c.PoolingHttpClientConnectionManager - Connection leased: [id: 50][route: {}->http://localhost:26477][total kept alive: 0; route allocated: 1 of 2000; total allocated: 1 of 2000]
11:39:55.668 [Forwarding getElementText on session d94198a6aa3008d5ffaf97f92db0cb0c to remote] DEBUG o.a.h.impl.execchain.MainClientExec - Opening connection {}->http://localhost:26477
11:39:55.668 [Forwarding getElementText on session d94198a6aa3008d5ffaf97f92db0cb0c to remote] DEBUG o.a.h.i.c.HttpClientConnectionOperator - Connecting to localhost/127.0.0.1:26477
11:39:55.668 [Forwarding getElementText on session d94198a6aa3008d5ffaf97f92db0cb0c to remote] DEBUG o.a.h.i.c.HttpClientConnectionOperator - Connection established 127.0.0.1:57326<->127.0.0.1:26477
11:39:55.668 [Forwarding getElementText on session d94198a6aa3008d5ffaf97f92db0cb0c to remote] DEBUG o.a.h.impl.execchain.MainClientExec - Executing request GET /session/d94198a6aa3008d5ffaf97f92db0cb0c/element/0.5152662619948387-15/text HTTP/1.1
11:39:55.668 [Forwarding getElementText on session d94198a6aa3008d5ffaf97f92db0cb0c to remote] DEBUG o.a.h.impl.execchain.MainClientExec - Target auth state: UNCHALLENGED
11:39:55.668 [Forwarding getElementText on session d94198a6aa3008d5ffaf97f92db0cb0c to remote] DEBUG o.a.h.impl.execchain.MainClientExec - Proxy auth state: UNCHALLENGED
11:39:55.668 [Forwarding getElementText on session d94198a6aa3008d5ffaf97f92db0cb0c to remote] DEBUG org.apache.http.headers - http-outgoing-50 >> GET /session/d94198a6aa3008d5ffaf97f92db0cb0c/element/0.5152662619948387-15/text HTTP/1.1
11:39:55.668 [Forwarding getElementText on session d94198a6aa3008d5ffaf97f92db0cb0c to remote] DEBUG org.apache.http.headers - http-outgoing-50 >> Cache-Control: no-cache
11:39:55.668 [Forwarding getElementText on session d94198a6aa3008d5ffaf97f92db0cb0c to remote] DEBUG org.apache.http.headers - http-outgoing-50 >> Host: localhost:26477
11:39:55.668 [Forwarding getElementText on session d94198a6aa3008d5ffaf97f92db0cb0c to remote] DEBUG org.apache.http.headers - http-outgoing-50 >> Connection: Keep-Alive
11:39:55.668 [Forwarding getElementText on session d94198a6aa3008d5ffaf97f92db0cb0c to remote] DEBUG org.apache.http.headers - http-outgoing-50 >> User-Agent: Apache-HttpClient/4.3.4 (java 1.5)
11:39:55.668 [Forwarding getElementText on session d94198a6aa3008d5ffaf97f92db0cb0c to remote] DEBUG org.apache.http.headers - http-outgoing-50 >> Accept-Encoding: gzip,deflate
11:39:55.668 [Forwarding getElementText on session d94198a6aa3008d5ffaf97f92db0cb0c to remote] DEBUG org.apache.http.wire - http-outgoing-50 >> "GET /session/d94198a6aa3008d5ffaf97f92db0cb0c/element/0.5152662619948387-15/text HTTP/1.1[\r][\n]"
11:39:55.668 [Forwarding getElementText on session d94198a6aa3008d5ffaf97f92db0cb0c to remote] DEBUG org.apache.http.wire - http-outgoing-50 >> "Cache-Control: no-cache[\r][\n]"
11:39:55.668 [Forwarding getElementText on session d94198a6aa3008d5ffaf97f92db0cb0c to remote] DEBUG org.apache.http.wire - http-outgoing-50 >> "Host: localhost:26477[\r][\n]"
11:39:55.668 [Forwarding getElementText on session d94198a6aa3008d5ffaf97f92db0cb0c to remote] DEBUG org.apache.http.wire - http-outgoing-50 >> "Connection: Keep-Alive[\r][\n]"
11:39:55.668 [Forwarding getElementText on session d94198a6aa3008d5ffaf97f92db0cb0c to remote] DEBUG org.apache.http.wire - http-outgoing-50 >> "User-Agent: Apache-HttpClient/4.3.4 (java 1.5)[\r][\n]"
11:39:55.668 [Forwarding getElementText on session d94198a6aa3008d5ffaf97f92db0cb0c to remote] DEBUG org.apache.http.wire - http-outgoing-50 >> "Accept-Encoding: gzip,deflate[\r][\n]"
11:39:55.678 [Forwarding getElementText on session d94198a6aa3008d5ffaf97f92db0cb0c to remote] DEBUG org.apache.http.wire - http-outgoing-50 >> "[\r][\n]"
11:39:55.684 [Forwarding getElementText on session d94198a6aa3008d5ffaf97f92db0cb0c to remote] DEBUG org.apache.http.wire - http-outgoing-50 << "HTTP/1.1 200 OK[\r][\n]"
11:39:55.684 [Forwarding getElementText on session d94198a6aa3008d5ffaf97f92db0cb0c to remote] DEBUG org.apache.http.wire - http-outgoing-50 << "Content-Length:70[\r][\n]"
11:39:55.684 [Forwarding getElementText on session d94198a6aa3008d5ffaf97f92db0cb0c to remote] DEBUG org.apache.http.wire - http-outgoing-50 << "Content-Type:application/json; charset=utf-8[\r][\n]"
11:39:55.684 [Forwarding getElementText on session d94198a6aa3008d5ffaf97f92db0cb0c to remote] DEBUG org.apache.http.wire - http-outgoing-50 << "Connection:close[\r][\n]"
11:39:55.684 [Forwarding getElementText on session d94198a6aa3008d5ffaf97f92db0cb0c to remote] DEBUG org.apache.http.wire - http-outgoing-50 << "[\r][\n]"
11:39:55.684 [Forwarding getElementText on session d94198a6aa3008d5ffaf97f92db0cb0c to remote] DEBUG org.apache.http.wire - http-outgoing-50 << "{"sessionId":"d94198a6aa3008d5ffaf97f92db0cb0c","status":0,"value":""}"
11:39:55.684 [Forwarding getElementText on session d94198a6aa3008d5ffaf97f92db0cb0c to remote] DEBUG org.apache.http.headers - http-outgoing-50 << HTTP/1.1 200 OK
11:39:55.684 [Forwarding getElementText on session d94198a6aa3008d5ffaf97f92db0cb0c to remote] DEBUG org.apache.http.headers - http-outgoing-50 << Content-Length:70
11:39:55.684 [Forwarding getElementText on session d94198a6aa3008d5ffaf97f92db0cb0c to remote] DEBUG org.apache.http.headers - http-outgoing-50 << Content-Type:application/json; charset=utf-8
11:39:55.684 [Forwarding getElementText on session d94198a6aa3008d5ffaf97f92db0cb0c to remote] DEBUG org.apache.http.headers - http-outgoing-50 << Connection:close
11:39:55.684 [Forwarding getElementText on session d94198a6aa3008d5ffaf97f92db0cb0c to remote] DEBUG o.a.h.i.c.DefaultManagedHttpClientConnection - http-outgoing-50: Shutdown connection
11:39:55.684 [Forwarding getElementText on session d94198a6aa3008d5ffaf97f92db0cb0c to remote] DEBUG o.a.h.impl.execchain.MainClientExec - Connection discarded
11:39:55.684 [Forwarding getElementText on session d94198a6aa3008d5ffaf97f92db0cb0c to remote] DEBUG o.a.h.i.c.DefaultManagedHttpClientConnection - http-outgoing-50: Close connection
11:39:55.684 [Forwarding getElementText on session d94198a6aa3008d5ffaf97f92db0cb0c to remote] DEBUG o.a.h.i.c.PoolingHttpClientConnectionManager - Connection released: [id: 50][route: {}->http://localhost:26477][total kept alive: 0; route allocated: 0 of 2000; total allocated: 0 of 2000]
11:39:55.685 [Forwarding getElementText on session d94198a6aa3008d5ffaf97f92db0cb0c to remote] DEBUG o.a.h.c.protocol.RequestAddCookies - CookieSpec selected: best-match
11:39:55.685 [Forwarding getElementText on session d94198a6aa3008d5ffaf97f92db0cb0c to remote] DEBUG o.a.h.c.protocol.RequestAuthCache - Auth cache not set in the context
11:39:55.685 [Forwarding getElementText on session d94198a6aa3008d5ffaf97f92db0cb0c to remote] DEBUG o.a.h.i.c.PoolingHttpClientConnectionManager - Connection request: [route: {}->http://localhost:26477][total kept alive: 0; route allocated: 0 of 2000; total allocated: 0 of 2000]
11:39:55.685 [Forwarding getElementText on session d94198a6aa3008d5ffaf97f92db0cb0c to remote] DEBUG o.a.h.i.c.PoolingHttpClientConnectionManager - Connection leased: [id: 51][route: {}->http://localhost:26477][total kept alive: 0; route allocated: 1 of 2000; total allocated: 1 of 2000]
11:39:55.685 [Forwarding getElementText on session d94198a6aa3008d5ffaf97f92db0cb0c to remote] DEBUG o.a.h.impl.execchain.MainClientExec - Opening connection {}->http://localhost:26477
11:39:55.685 [Forwarding getElementText on session d94198a6aa3008d5ffaf97f92db0cb0c to remote] DEBUG o.a.h.i.c.HttpClientConnectionOperator - Connecting to localhost/127.0.0.1:26477
11:39:55.685 [Forwarding getElementText on session d94198a6aa3008d5ffaf97f92db0cb0c to remote] DEBUG o.a.h.i.c.HttpClientConnectionOperator - Connection established 127.0.0.1:57327<->127.0.0.1:26477
11:39:55.685 [Forwarding getElementText on session d94198a6aa3008d5ffaf97f92db0cb0c to remote] DEBUG o.a.h.impl.execchain.MainClientExec - Executing request GET /session/d94198a6aa3008d5ffaf97f92db0cb0c/element/0.5152662619948387-16/text HTTP/1.1
11:39:55.685 [Forwarding getElementText on session d94198a6aa3008d5ffaf97f92db0cb0c to remote] DEBUG o.a.h.impl.execchain.MainClientExec - Target auth state: UNCHALLENGED
11:39:55.685 [Forwarding getElementText on session d94198a6aa3008d5ffaf97f92db0cb0c to remote] DEBUG o.a.h.impl.execchain.MainClientExec - Proxy auth state: UNCHALLENGED
11:39:55.685 [Forwarding getElementText on session d94198a6aa3008d5ffaf97f92db0cb0c to remote] DEBUG org.apache.http.headers - http-outgoing-51 >> GET /session/d94198a6aa3008d5ffaf97f92db0cb0c/element/0.5152662619948387-16/text HTTP/1.1
11:39:55.685 [Forwarding getElementText on session d94198a6aa3008d5ffaf97f92db0cb0c to remote] DEBUG org.apache.http.headers - http-outgoing-51 >> Cache-Control: no-cache
11:39:55.685 [Forwarding getElementText on session d94198a6aa3008d5ffaf97f92db0cb0c to remote] DEBUG org.apache.http.headers - http-outgoing-51 >> Host: localhost:26477
11:39:55.685 [Forwarding getElementText on session d94198a6aa3008d5ffaf97f92db0cb0c to remote] DEBUG org.apache.http.headers - http-outgoing-51 >> Connection: Keep-Alive
11:39:55.685 [Forwarding getElementText on session d94198a6aa3008d5ffaf97f92db0cb0c to remote] DEBUG org.apache.http.headers - http-outgoing-51 >> User-Agent: Apache-HttpClient/4.3.4 (java 1.5)
11:39:55.685 [Forwarding getElementText on session d94198a6aa3008d5ffaf97f92db0cb0c to remote] DEBUG org.apache.http.headers - http-outgoing-51 >> Accept-Encoding: gzip,deflate
11:39:55.685 [Forwarding getElementText on session d94198a6aa3008d5ffaf97f92db0cb0c to remote] DEBUG org.apache.http.wire - http-outgoing-51 >> "GET /session/d94198a6aa3008d5ffaf97f92db0cb0c/element/0.5152662619948387-16/text HTTP/1.1[\r][\n]"
11:39:55.685 [Forwarding getElementText on session d94198a6aa3008d5ffaf97f92db0cb0c to remote] DEBUG org.apache.http.wire - http-outgoing-51 >> "Cache-Control: no-cache[\r][\n]"
11:39:55.685 [Forwarding getElementText on session d94198a6aa3008d5ffaf97f92db0cb0c to remote] DEBUG org.apache.http.wire - http-outgoing-51 >> "Host: localhost:26477[\r][\n]"
11:39:55.685 [Forwarding getElementText on session d94198a6aa3008d5ffaf97f92db0cb0c to remote] DEBUG org.apache.http.wire - http-outgoing-51 >> "Connection: Keep-Alive[\r][\n]"
11:39:55.685 [Forwarding getElementText on session d94198a6aa3008d5ffaf97f92db0cb0c to remote] DEBUG org.apache.http.wire - http-outgoing-51 >> "User-Agent: Apache-HttpClient/4.3.4 (java 1.5)[\r][\n]"
11:39:55.685 [Forwarding getElementText on session d94198a6aa3008d5ffaf97f92db0cb0c to remote] DEBUG org.apache.http.wire - http-outgoing-51 >> "Accept-Encoding: gzip,deflate[\r][\n]"
11:39:55.685 [Forwarding getElementText on session d94198a6aa3008d5ffaf97f92db0cb0c to remote] DEBUG org.apache.http.wire - http-outgoing-51 >> "[\r][\n]"
11:39:55.698 [Forwarding getElementText on session d94198a6aa3008d5ffaf97f92db0cb0c to remote] DEBUG org.apache.http.wire - http-outgoing-51 << "HTTP/1.1 200 OK[\r][\n]"
11:39:55.698 [Forwarding getElementText on session d94198a6aa3008d5ffaf97f92db0cb0c to remote] DEBUG org.apache.http.wire - http-outgoing-51 << "Content-Length:91[\r][\n]"
11:39:55.698 [Forwarding getElementText on session d94198a6aa3008d5ffaf97f92db0cb0c to remote] DEBUG org.apache.http.wire - http-outgoing-51 << "Content-Type:application/json; charset=utf-8[\r][\n]"
11:39:55.698 [Forwarding getElementText on session d94198a6aa3008d5ffaf97f92db0cb0c to remote] DEBUG org.apache.http.wire - http-outgoing-51 << "Connection:close[\r][\n]"
11:39:55.698 [Forwarding getElementText on session d94198a6aa3008d5ffaf97f92db0cb0c to remote] DEBUG org.apache.http.wire - http-outgoing-51 << "[\r][\n]"
11:39:55.698 [Forwarding getElementText on session d94198a6aa3008d5ffaf97f92db0cb0c to remote] DEBUG org.apache.http.wire - http-outgoing-51 << "{"sessionId":"d94198a6aa3008d5ffaf97f92db0cb0c","status":0,"value":"Show Advanced Filters"}"
11:39:55.698 [Forwarding getElementText on session d94198a6aa3008d5ffaf97f92db0cb0c to remote] DEBUG org.apache.http.headers - http-outgoing-51 << HTTP/1.1 200 OK
11:39:55.698 [Forwarding getElementText on session d94198a6aa3008d5ffaf97f92db0cb0c to remote] DEBUG org.apache.http.headers - http-outgoing-51 << Content-Length:91
11:39:55.698 [Forwarding getElementText on session d94198a6aa3008d5ffaf97f92db0cb0c to remote] DEBUG org.apache.http.headers - http-outgoing-51 << Content-Type:application/json; charset=utf-8
11:39:55.698 [Forwarding getElementText on session d94198a6aa3008d5ffaf97f92db0cb0c to remote] DEBUG org.apache.http.headers - http-outgoing-51 << Connection:close
11:39:55.698 [Forwarding getElementText on session d94198a6aa3008d5ffaf97f92db0cb0c to remote] DEBUG o.a.h.i.c.DefaultManagedHttpClientConnection - http-outgoing-51: Shutdown connection
11:39:55.698 [Forwarding getElementText on session d94198a6aa3008d5ffaf97f92db0cb0c to remote] DEBUG o.a.h.impl.execchain.MainClientExec - Connection discarded
11:39:55.698 [Forwarding getElementText on session d94198a6aa3008d5ffaf97f92db0cb0c to remote] DEBUG o.a.h.i.c.DefaultManagedHttpClientConnection - http-outgoing-51: Close connection
11:39:55.699 [Forwarding getElementText on session d94198a6aa3008d5ffaf97f92db0cb0c to remote] DEBUG o.a.h.i.c.PoolingHttpClientConnectionManager - Connection released: [id: 51][route: {}->http://localhost:26477][total kept alive: 0; route allocated: 0 of 2000; total allocated: 0 of 2000]
11:39:55.699 [Forwarding getElementText on session d94198a6aa3008d5ffaf97f92db0cb0c to remote] DEBUG o.a.h.c.protocol.RequestAddCookies - CookieSpec selected: best-match
11:39:55.699 [Forwarding getElementText on session d94198a6aa3008d5ffaf97f92db0cb0c to remote] DEBUG o.a.h.c.protocol.RequestAuthCache - Auth cache not set in the context
11:39:55.699 [Forwarding getElementText on session d94198a6aa3008d5ffaf97f92db0cb0c to remote] DEBUG o.a.h.i.c.PoolingHttpClientConnectionManager - Connection request: [route: {}->http://localhost:26477][total kept alive: 0; route allocated: 0 of 2000; total allocated: 0 of 2000]
11:39:55.699 [Forwarding getElementText on session d94198a6aa3008d5ffaf97f92db0cb0c to remote] DEBUG o.a.h.i.c.PoolingHttpClientConnectionManager - Connection leased: [id: 52][route: {}->http://localhost:26477][total kept alive: 0; route allocated: 1 of 2000; total allocated: 1 of 2000]
11:39:55.699 [Forwarding getElementText on session d94198a6aa3008d5ffaf97f92db0cb0c to remote] DEBUG o.a.h.impl.execchain.MainClientExec - Opening connection {}->http://localhost:26477
11:39:55.699 [Forwarding getElementText on session d94198a6aa3008d5ffaf97f92db0cb0c to remote] DEBUG o.a.h.i.c.HttpClientConnectionOperator - Connecting to localhost/127.0.0.1:26477
11:39:55.699 [Forwarding getElementText on session d94198a6aa3008d5ffaf97f92db0cb0c to remote] DEBUG o.a.h.i.c.HttpClientConnectionOperator - Connection established 127.0.0.1:57328<->127.0.0.1:26477
11:39:55.699 [Forwarding getElementText on session d94198a6aa3008d5ffaf97f92db0cb0c to remote] DEBUG o.a.h.impl.execchain.MainClientExec - Executing request GET /session/d94198a6aa3008d5ffaf97f92db0cb0c/element/0.5152662619948387-17/text HTTP/1.1
11:39:55.699 [Forwarding getElementText on session d94198a6aa3008d5ffaf97f92db0cb0c to remote] DEBUG o.a.h.impl.execchain.MainClientExec - Target auth state: UNCHALLENGED
11:39:55.699 [Forwarding getElementText on session d94198a6aa3008d5ffaf97f92db0cb0c to remote] DEBUG o.a.h.impl.execchain.MainClientExec - Proxy auth state: UNCHALLENGED
11:39:55.700 [Forwarding getElementText on session d94198a6aa3008d5ffaf97f92db0cb0c to remote] DEBUG org.apache.http.headers - http-outgoing-52 >> GET /session/d94198a6aa3008d5ffaf97f92db0cb0c/element/0.5152662619948387-17/text HTTP/1.1
11:39:55.700 [Forwarding getElementText on session d94198a6aa3008d5ffaf97f92db0cb0c to remote] DEBUG org.apache.http.headers - http-outgoing-52 >> Cache-Control: no-cache
11:39:55.700 [Forwarding getElementText on session d94198a6aa3008d5ffaf97f92db0cb0c to remote] DEBUG org.apache.http.headers - http-outgoing-52 >> Host: localhost:26477
11:39:55.700 [Forwarding getElementText on session d94198a6aa3008d5ffaf97f92db0cb0c to remote] DEBUG org.apache.http.headers - http-outgoing-52 >> Connection: Keep-Alive
11:39:55.700 [Forwarding getElementText on session d94198a6aa3008d5ffaf97f92db0cb0c to remote] DEBUG org.apache.http.headers - http-outgoing-52 >> User-Agent: Apache-HttpClient/4.3.4 (java 1.5)
11:39:55.700 [Forwarding getElementText on session d94198a6aa3008d5ffaf97f92db0cb0c to remote] DEBUG org.apache.http.headers - http-outgoing-52 >> Accept-Encoding: gzip,deflate
11:39:55.700 [Forwarding getElementText on session d94198a6aa3008d5ffaf97f92db0cb0c to remote] DEBUG org.apache.http.wire - http-outgoing-52 >> "GET /session/d94198a6aa3008d5ffaf97f92db0cb0c/element/0.5152662619948387-17/text HTTP/1.1[\r][\n]"
11:39:55.700 [Forwarding getElementText on session d94198a6aa3008d5ffaf97f92db0cb0c to remote] DEBUG org.apache.http.wire - http-outgoing-52 >> "Cache-Control: no-cache[\r][\n]"
11:39:55.700 [Forwarding getElementText on session d94198a6aa3008d5ffaf97f92db0cb0c to remote] DEBUG org.apache.http.wire - http-outgoing-52 >> "Host: localhost:26477[\r][\n]"
11:39:55.700 [Forwarding getElementText on session d94198a6aa3008d5ffaf97f92db0cb0c to remote] DEBUG org.apache.http.wire - http-outgoing-52 >> "Connection: Keep-Alive[\r][\n]"
11:39:55.700 [Forwarding getElementText on session d94198a6aa3008d5ffaf97f92db0cb0c to remote] DEBUG org.apache.http.wire - http-outgoing-52 >> "User-Agent: Apache-HttpClient/4.3.4 (java 1.5)[\r][\n]"
11:39:55.700 [Forwarding getElementText on session d94198a6aa3008d5ffaf97f92db0cb0c to remote] DEBUG org.apache.http.wire - http-outgoing-52 >> "Accept-Encoding: gzip,deflate[\r][\n]"
11:39:55.700 [Forwarding getElementText on session d94198a6aa3008d5ffaf97f92db0cb0c to remote] DEBUG org.apache.http.wire - http-outgoing-52 >> "[\r][\n]"
11:39:55.704 [Forwarding getElementText on session d94198a6aa3008d5ffaf97f92db0cb0c to remote] DEBUG org.apache.http.wire - http-outgoing-52 << "HTTP/1.1 200 OK[\r][\n]"
11:39:55.704 [Forwarding getElementText on session d94198a6aa3008d5ffaf97f92db0cb0c to remote] DEBUG org.apache.http.wire - http-outgoing-52 << "Content-Length:318[\r][\n]"
11:39:55.704 [Forwarding getElementText on session d94198a6aa3008d5ffaf97f92db0cb0c to remote] DEBUG org.apache.http.wire - http-outgoing-52 << "Content-Type:application/json; charset=utf-8[\r][\n]"
11:39:55.704 [Forwarding getElementText on session d94198a6aa3008d5ffaf97f92db0cb0c to remote] DEBUG org.apache.http.wire - http-outgoing-52 << "Connection:close[\r][\n]"
11:39:55.704 [Forwarding getElementText on session d94198a6aa3008d5ffaf97f92db0cb0c to remote] DEBUG org.apache.http.wire - http-outgoing-52 << "[\r][\n]"
11:39:55.704 [Forwarding getElementText on session d94198a6aa3008d5ffaf97f92db0cb0c to remote] DEBUG org.apache.http.wire - http-outgoing-52 << "{"sessionId":"d94198a6aa3008d5ffaf97f92db0cb0c","status":10,"value":{"message":"stale element reference: element is not attached to the page document\n  (Session info: chrome=44.0.2403.130)\n  (Driver info: chromedriver=2.15.322448 (52179c1b310fec1797c81ea9a20326839860b7d3),platform=Linux 3.19.0-25-generic x86_64)"}}"
11:39:55.704 [Forwarding getElementText on session d94198a6aa3008d5ffaf97f92db0cb0c to remote] DEBUG org.apache.http.headers - http-outgoing-52 << HTTP/1.1 200 OK
11:39:55.704 [Forwarding getElementText on session d94198a6aa3008d5ffaf97f92db0cb0c to remote] DEBUG org.apache.http.headers - http-outgoing-52 << Content-Length:318
11:39:55.704 [Forwarding getElementText on session d94198a6aa3008d5ffaf97f92db0cb0c to remote] DEBUG org.apache.http.headers - http-outgoing-52 << Content-Type:application/json; charset=utf-8
11:39:55.704 [Forwarding getElementText on session d94198a6aa3008d5ffaf97f92db0cb0c to remote] DEBUG org.apache.http.headers - http-outgoing-52 << Connection:close
11:39:55.704 [Forwarding getElementText on session d94198a6aa3008d5ffaf97f92db0cb0c to remote] DEBUG o.a.h.i.c.DefaultManagedHttpClientConnection - http-outgoing-52: Shutdown connection
11:39:55.705 [Forwarding getElementText on session d94198a6aa3008d5ffaf97f92db0cb0c to remote] DEBUG o.a.h.impl.execchain.MainClientExec - Connection discarded
11:39:55.705 [Forwarding getElementText on session d94198a6aa3008d5ffaf97f92db0cb0c to remote] DEBUG o.a.h.i.c.DefaultManagedHttpClientConnection - http-outgoing-52: Close connection
11:39:55.705 [Forwarding getElementText on session d94198a6aa3008d5ffaf97f92db0cb0c to remote] DEBUG o.a.h.i.c.PoolingHttpClientConnectionManager - Connection released: [id: 52][route: {}->http://localhost:26477][total kept alive: 0; route allocated: 0 of 2000; total allocated: 0 of 2000]
11:39:56.207 [Forwarding findElements on session d94198a6aa3008d5ffaf97f92db0cb0c to remote] DEBUG o.a.h.c.protocol.RequestAddCookies - CookieSpec selected: best-match
11:39:56.207 [Forwarding findElements on session d94198a6aa3008d5ffaf97f92db0cb0c to remote] DEBUG o.a.h.c.protocol.RequestAuthCache - Auth cache not set in the context
11:39:56.207 [Forwarding findElements on session d94198a6aa3008d5ffaf97f92db0cb0c to remote] DEBUG o.a.h.i.c.PoolingHttpClientConnectionManager - Connection request: [route: {}->http://localhost:26477][total kept alive: 0; route allocated: 0 of 2000; total allocated: 0 of 2000]
11:39:56.207 [Forwarding findElements on session d94198a6aa3008d5ffaf97f92db0cb0c to remote] DEBUG o.a.h.i.c.PoolingHttpClientConnectionManager - Connection leased: [id: 53][route: {}->http://localhost:26477][total kept alive: 0; route allocated: 1 of 2000; total allocated: 1 of 2000]
11:39:56.207 [Forwarding findElements on session d94198a6aa3008d5ffaf97f92db0cb0c to remote] DEBUG o.a.h.impl.execchain.MainClientExec - Opening connection {}->http://localhost:26477
11:39:56.207 [Forwarding findElements on session d94198a6aa3008d5ffaf97f92db0cb0c to remote] DEBUG o.a.h.i.c.HttpClientConnectionOperator - Connecting to localhost/127.0.0.1:26477
11:39:56.208 [Forwarding findElements on session d94198a6aa3008d5ffaf97f92db0cb0c to remote] DEBUG o.a.h.i.c.HttpClientConnectionOperator - Connection established 127.0.0.1:57329<->127.0.0.1:26477
11:39:56.208 [Forwarding findElements on session d94198a6aa3008d5ffaf97f92db0cb0c to remote] DEBUG o.a.h.impl.execchain.MainClientExec - Executing request POST /session/d94198a6aa3008d5ffaf97f92db0cb0c/elements HTTP/1.1
11:39:56.208 [Forwarding findElements on session d94198a6aa3008d5ffaf97f92db0cb0c to remote] DEBUG o.a.h.impl.execchain.MainClientExec - Target auth state: UNCHALLENGED
11:39:56.208 [Forwarding findElements on session d94198a6aa3008d5ffaf97f92db0cb0c to remote] DEBUG o.a.h.impl.execchain.MainClientExec - Proxy auth state: UNCHALLENGED
11:39:56.208 [Forwarding findElements on session d94198a6aa3008d5ffaf97f92db0cb0c to remote] DEBUG org.apache.http.headers - http-outgoing-53 >> POST /session/d94198a6aa3008d5ffaf97f92db0cb0c/elements HTTP/1.1
11:39:56.208 [Forwarding findElements on session d94198a6aa3008d5ffaf97f92db0cb0c to remote] DEBUG org.apache.http.headers - http-outgoing-53 >> Content-Type: application/json; charset=utf-8
11:39:56.208 [Forwarding findElements on session d94198a6aa3008d5ffaf97f92db0cb0c to remote] DEBUG org.apache.http.headers - http-outgoing-53 >> Content-Length: 36
11:39:56.208 [Forwarding findElements on session d94198a6aa3008d5ffaf97f92db0cb0c to remote] DEBUG org.apache.http.headers - http-outgoing-53 >> Host: localhost:26477
11:39:56.208 [Forwarding findElements on session d94198a6aa3008d5ffaf97f92db0cb0c to remote] DEBUG org.apache.http.headers - http-outgoing-53 >> Connection: Keep-Alive
11:39:56.208 [Forwarding findElements on session d94198a6aa3008d5ffaf97f92db0cb0c to remote] DEBUG org.apache.http.headers - http-outgoing-53 >> User-Agent: Apache-HttpClient/4.3.4 (java 1.5)
11:39:56.208 [Forwarding findElements on session d94198a6aa3008d5ffaf97f92db0cb0c to remote] DEBUG org.apache.http.headers - http-outgoing-53 >> Accept-Encoding: gzip,deflate
11:39:56.208 [Forwarding findElements on session d94198a6aa3008d5ffaf97f92db0cb0c to remote] DEBUG org.apache.http.wire - http-outgoing-53 >> "POST /session/d94198a6aa3008d5ffaf97f92db0cb0c/elements HTTP/1.1[\r][\n]"
11:39:56.208 [Forwarding findElements on session d94198a6aa3008d5ffaf97f92db0cb0c to remote] DEBUG org.apache.http.wire - http-outgoing-53 >> "Content-Type: application/json; charset=utf-8[\r][\n]"
11:39:56.208 [Forwarding findElements on session d94198a6aa3008d5ffaf97f92db0cb0c to remote] DEBUG org.apache.http.wire - http-outgoing-53 >> "Content-Length: 36[\r][\n]"
11:39:56.208 [Forwarding findElements on session d94198a6aa3008d5ffaf97f92db0cb0c to remote] DEBUG org.apache.http.wire - http-outgoing-53 >> "Host: localhost:26477[\r][\n]"
11:39:56.208 [Forwarding findElements on session d94198a6aa3008d5ffaf97f92db0cb0c to remote] DEBUG org.apache.http.wire - http-outgoing-53 >> "Connection: Keep-Alive[\r][\n]"
11:39:56.208 [Forwarding findElements on session d94198a6aa3008d5ffaf97f92db0cb0c to remote] DEBUG org.apache.http.wire - http-outgoing-53 >> "User-Agent: Apache-HttpClient/4.3.4 (java 1.5)[\r][\n]"
11:39:56.208 [Forwarding findElements on session d94198a6aa3008d5ffaf97f92db0cb0c to remote] DEBUG org.apache.http.wire - http-outgoing-53 >> "Accept-Encoding: gzip,deflate[\r][\n]"
11:39:56.208 [Forwarding findElements on session d94198a6aa3008d5ffaf97f92db0cb0c to remote] DEBUG org.apache.http.wire - http-outgoing-53 >> "[\r][\n]"
11:39:56.208 [Forwarding findElements on session d94198a6aa3008d5ffaf97f92db0cb0c to remote] DEBUG org.apache.http.wire - http-outgoing-53 >> "{"using":"css selector","value":"a"}"
11:39:56.216 [Forwarding findElements on session d94198a6aa3008d5ffaf97f92db0cb0c to remote] DEBUG org.apache.http.wire - http-outgoing-53 << "HTTP/1.1 200 OK[\r][\n]"
11:39:56.216 [Forwarding findElements on session d94198a6aa3008d5ffaf97f92db0cb0c to remote] DEBUG org.apache.http.wire - http-outgoing-53 << "Content-Length:428[\r][\n]"
11:39:56.216 [Forwarding findElements on session d94198a6aa3008d5ffaf97f92db0cb0c to remote] DEBUG org.apache.http.wire - http-outgoing-53 << "Content-Type:application/json; charset=utf-8[\r][\n]"
11:39:56.216 [Forwarding findElements on session d94198a6aa3008d5ffaf97f92db0cb0c to remote] DEBUG org.apache.http.wire - http-outgoing-53 << "Connection:close[\r][\n]"
11:39:56.216 [Forwarding findElements on session d94198a6aa3008d5ffaf97f92db0cb0c to remote] DEBUG org.apache.http.wire - http-outgoing-53 << "[\r][\n]"
11:39:56.216 [Forwarding findElements on session d94198a6aa3008d5ffaf97f92db0cb0c to remote] DEBUG org.apache.http.wire - http-outgoing-53 << "{"sessionId":"d94198a6aa3008d5ffaf97f92db0cb0c","status":0,"value":[{"ELEMENT":"0.5152662619948387-9"},{"ELEMENT":"0.5152662619948387-10"},{"ELEMENT":"0.5152662619948387-11"},{"ELEMENT":"0.5152662619948387-12"},{"ELEMENT":"0.5152662619948387-13"},{"ELEMENT":"0.5152662619948387-14"},{"ELEMENT":"0.5152662619948387-15"},{"ELEMENT":"0.5152662619948387-16"},{"ELEMENT":"0.5152662619948387-19"},{"ELEMENT":"0.5152662619948387-20"}]}"
11:39:56.216 [Forwarding findElements on session d94198a6aa3008d5ffaf97f92db0cb0c to remote] DEBUG org.apache.http.headers - http-outgoing-53 << HTTP/1.1 200 OK
11:39:56.216 [Forwarding findElements on session d94198a6aa3008d5ffaf97f92db0cb0c to remote] DEBUG org.apache.http.headers - http-outgoing-53 << Content-Length:428
11:39:56.216 [Forwarding findElements on session d94198a6aa3008d5ffaf97f92db0cb0c to remote] DEBUG org.apache.http.headers - http-outgoing-53 << Content-Type:application/json; charset=utf-8
11:39:56.216 [Forwarding findElements on session d94198a6aa3008d5ffaf97f92db0cb0c to remote] DEBUG org.apache.http.headers - http-outgoing-53 << Connection:close
11:39:56.216 [Forwarding findElements on session d94198a6aa3008d5ffaf97f92db0cb0c to remote] DEBUG o.a.h.i.c.DefaultManagedHttpClientConnection - http-outgoing-53: Shutdown connection
11:39:56.216 [Forwarding findElements on session d94198a6aa3008d5ffaf97f92db0cb0c to remote] DEBUG o.a.h.impl.execchain.MainClientExec - Connection discarded
11:39:56.216 [Forwarding findElements on session d94198a6aa3008d5ffaf97f92db0cb0c to remote] DEBUG o.a.h.i.c.DefaultManagedHttpClientConnection - http-outgoing-53: Close connection
11:39:56.217 [Forwarding findElements on session d94198a6aa3008d5ffaf97f92db0cb0c to remote] DEBUG o.a.h.i.c.PoolingHttpClientConnectionManager - Connection released: [id: 53][route: {}->http://localhost:26477][total kept alive: 0; route allocated: 0 of 2000; total allocated: 0 of 2000]
11:39:56.218 [Forwarding getElementText on session d94198a6aa3008d5ffaf97f92db0cb0c to remote] DEBUG o.a.h.c.protocol.RequestAddCookies - CookieSpec selected: best-match
11:39:56.218 [Forwarding getElementText on session d94198a6aa3008d5ffaf97f92db0cb0c to remote] DEBUG o.a.h.c.protocol.RequestAuthCache - Auth cache not set in the context
11:39:56.218 [Forwarding getElementText on session d94198a6aa3008d5ffaf97f92db0cb0c to remote] DEBUG o.a.h.i.c.PoolingHttpClientConnectionManager - Connection request: [route: {}->http://localhost:26477][total kept alive: 0; route allocated: 0 of 2000; total allocated: 0 of 2000]
11:39:56.218 [Forwarding getElementText on session d94198a6aa3008d5ffaf97f92db0cb0c to remote] DEBUG o.a.h.i.c.PoolingHttpClientConnectionManager - Connection leased: [id: 54][route: {}->http://localhost:26477][total kept alive: 0; route allocated: 1 of 2000; total allocated: 1 of 2000]
11:39:56.218 [Forwarding getElementText on session d94198a6aa3008d5ffaf97f92db0cb0c to remote] DEBUG o.a.h.impl.execchain.MainClientExec - Opening connection {}->http://localhost:26477
11:39:56.218 [Forwarding getElementText on session d94198a6aa3008d5ffaf97f92db0cb0c to remote] DEBUG o.a.h.i.c.HttpClientConnectionOperator - Connecting to localhost/127.0.0.1:26477
11:39:56.219 [Forwarding getElementText on session d94198a6aa3008d5ffaf97f92db0cb0c to remote] DEBUG o.a.h.i.c.HttpClientConnectionOperator - Connection established 127.0.0.1:57330<->127.0.0.1:26477
11:39:56.219 [Forwarding getElementText on session d94198a6aa3008d5ffaf97f92db0cb0c to remote] DEBUG o.a.h.impl.execchain.MainClientExec - Executing request GET /session/d94198a6aa3008d5ffaf97f92db0cb0c/element/0.5152662619948387-9/text HTTP/1.1
11:39:56.219 [Forwarding getElementText on session d94198a6aa3008d5ffaf97f92db0cb0c to remote] DEBUG o.a.h.impl.execchain.MainClientExec - Target auth state: UNCHALLENGED
11:39:56.219 [Forwarding getElementText on session d94198a6aa3008d5ffaf97f92db0cb0c to remote] DEBUG o.a.h.impl.execchain.MainClientExec - Proxy auth state: UNCHALLENGED
11:39:56.219 [Forwarding getElementText on session d94198a6aa3008d5ffaf97f92db0cb0c to remote] DEBUG org.apache.http.headers - http-outgoing-54 >> GET /session/d94198a6aa3008d5ffaf97f92db0cb0c/element/0.5152662619948387-9/text HTTP/1.1
11:39:56.219 [Forwarding getElementText on session d94198a6aa3008d5ffaf97f92db0cb0c to remote] DEBUG org.apache.http.headers - http-outgoing-54 >> Cache-Control: no-cache
11:39:56.219 [Forwarding getElementText on session d94198a6aa3008d5ffaf97f92db0cb0c to remote] DEBUG org.apache.http.headers - http-outgoing-54 >> Host: localhost:26477
11:39:56.219 [Forwarding getElementText on session d94198a6aa3008d5ffaf97f92db0cb0c to remote] DEBUG org.apache.http.headers - http-outgoing-54 >> Connection: Keep-Alive
11:39:56.219 [Forwarding getElementText on session d94198a6aa3008d5ffaf97f92db0cb0c to remote] DEBUG org.apache.http.headers - http-outgoing-54 >> User-Agent: Apache-HttpClient/4.3.4 (java 1.5)
11:39:56.219 [Forwarding getElementText on session d94198a6aa3008d5ffaf97f92db0cb0c to remote] DEBUG org.apache.http.headers - http-outgoing-54 >> Accept-Encoding: gzip,deflate
11:39:56.219 [Forwarding getElementText on session d94198a6aa3008d5ffaf97f92db0cb0c to remote] DEBUG org.apache.http.wire - http-outgoing-54 >> "GET /session/d94198a6aa3008d5ffaf97f92db0cb0c/element/0.5152662619948387-9/text HTTP/1.1[\r][\n]"
11:39:56.219 [Forwarding getElementText on session d94198a6aa3008d5ffaf97f92db0cb0c to remote] DEBUG org.apache.http.wire - http-outgoing-54 >> "Cache-Control: no-cache[\r][\n]"
11:39:56.219 [Forwarding getElementText on session d94198a6aa3008d5ffaf97f92db0cb0c to remote] DEBUG org.apache.http.wire - http-outgoing-54 >> "Host: localhost:26477[\r][\n]"
11:39:56.219 [Forwarding getElementText on session d94198a6aa3008d5ffaf97f92db0cb0c to remote] DEBUG org.apache.http.wire - http-outgoing-54 >> "Connection: Keep-Alive[\r][\n]"
11:39:56.219 [Forwarding getElementText on session d94198a6aa3008d5ffaf97f92db0cb0c to remote] DEBUG org.apache.http.wire - http-outgoing-54 >> "User-Agent: Apache-HttpClient/4.3.4 (java 1.5)[\r][\n]"
11:39:56.219 [Forwarding getElementText on session d94198a6aa3008d5ffaf97f92db0cb0c to remote] DEBUG org.apache.http.wire - http-outgoing-54 >> "Accept-Encoding: gzip,deflate[\r][\n]"
11:39:56.219 [Forwarding getElementText on session d94198a6aa3008d5ffaf97f92db0cb0c to remote] DEBUG org.apache.http.wire - http-outgoing-54 >> "[\r][\n]"
11:39:56.229 [Forwarding getElementText on session d94198a6aa3008d5ffaf97f92db0cb0c to remote] DEBUG org.apache.http.wire - http-outgoing-54 << "HTTP/1.1 200 OK[\r][\n]"
11:39:56.229 [Forwarding getElementText on session d94198a6aa3008d5ffaf97f92db0cb0c to remote] DEBUG org.apache.http.wire - http-outgoing-54 << "Content-Length:79[\r][\n]"
11:39:56.229 [Forwarding getElementText on session d94198a6aa3008d5ffaf97f92db0cb0c to remote] DEBUG org.apache.http.wire - http-outgoing-54 << "Content-Type:application/json; charset=utf-8[\r][\n]"
11:39:56.229 [Forwarding getElementText on session d94198a6aa3008d5ffaf97f92db0cb0c to remote] DEBUG org.apache.http.wire - http-outgoing-54 << "Connection:close[\r][\n]"
11:39:56.229 [Forwarding getElementText on session d94198a6aa3008d5ffaf97f92db0cb0c to remote] DEBUG org.apache.http.wire - http-outgoing-54 << "[\r][\n]"
11:39:56.229 [Forwarding getElementText on session d94198a6aa3008d5ffaf97f92db0cb0c to remote] DEBUG org.apache.http.wire - http-outgoing-54 << "{"sessionId":"d94198a6aa3008d5ffaf97f92db0cb0c","status":0,"value":"Campaigns"}"
11:39:56.229 [Forwarding getElementText on session d94198a6aa3008d5ffaf97f92db0cb0c to remote] DEBUG org.apache.http.headers - http-outgoing-54 << HTTP/1.1 200 OK
11:39:56.229 [Forwarding getElementText on session d94198a6aa3008d5ffaf97f92db0cb0c to remote] DEBUG org.apache.http.headers - http-outgoing-54 << Content-Length:79
11:39:56.229 [Forwarding getElementText on session d94198a6aa3008d5ffaf97f92db0cb0c to remote] DEBUG org.apache.http.headers - http-outgoing-54 << Content-Type:application/json; charset=utf-8
11:39:56.229 [Forwarding getElementText on session d94198a6aa3008d5ffaf97f92db0cb0c to remote] DEBUG org.apache.http.headers - http-outgoing-54 << Connection:close
11:39:56.229 [Forwarding getElementText on session d94198a6aa3008d5ffaf97f92db0cb0c to remote] DEBUG o.a.h.i.c.DefaultManagedHttpClientConnection - http-outgoing-54: Shutdown connection
11:39:56.229 [Forwarding getElementText on session d94198a6aa3008d5ffaf97f92db0cb0c to remote] DEBUG o.a.h.impl.execchain.MainClientExec - Connection discarded
11:39:56.229 [Forwarding getElementText on session d94198a6aa3008d5ffaf97f92db0cb0c to remote] DEBUG o.a.h.i.c.DefaultManagedHttpClientConnection - http-outgoing-54: Close connection
11:39:56.230 [Forwarding getElementText on session d94198a6aa3008d5ffaf97f92db0cb0c to remote] DEBUG o.a.h.i.c.PoolingHttpClientConnectionManager - Connection released: [id: 54][route: {}->http://localhost:26477][total kept alive: 0; route allocated: 0 of 2000; total allocated: 0 of 2000]
11:39:56.230 [Forwarding getElementText on session d94198a6aa3008d5ffaf97f92db0cb0c to remote] DEBUG o.a.h.c.protocol.RequestAddCookies - CookieSpec selected: best-match
11:39:56.230 [Forwarding getElementText on session d94198a6aa3008d5ffaf97f92db0cb0c to remote] DEBUG o.a.h.c.protocol.RequestAuthCache - Auth cache not set in the context
11:39:56.230 [Forwarding getElementText on session d94198a6aa3008d5ffaf97f92db0cb0c to remote] DEBUG o.a.h.i.c.PoolingHttpClientConnectionManager - Connection request: [route: {}->http://localhost:26477][total kept alive: 0; route allocated: 0 of 2000; total allocated: 0 of 2000]
11:39:56.231 [Forwarding getElementText on session d94198a6aa3008d5ffaf97f92db0cb0c to remote] DEBUG o.a.h.i.c.PoolingHttpClientConnectionManager - Connection leased: [id: 55][route: {}->http://localhost:26477][total kept alive: 0; route allocated: 1 of 2000; total allocated: 1 of 2000]
11:39:56.231 [Forwarding getElementText on session d94198a6aa3008d5ffaf97f92db0cb0c to remote] DEBUG o.a.h.impl.execchain.MainClientExec - Opening connection {}->http://localhost:26477
11:39:56.231 [Forwarding getElementText on session d94198a6aa3008d5ffaf97f92db0cb0c to remote] DEBUG o.a.h.i.c.HttpClientConnectionOperator - Connecting to localhost/127.0.0.1:26477
11:39:56.231 [Forwarding getElementText on session d94198a6aa3008d5ffaf97f92db0cb0c to remote] DEBUG o.a.h.i.c.HttpClientConnectionOperator - Connection established 127.0.0.1:57331<->127.0.0.1:26477
11:39:56.231 [Forwarding getElementText on session d94198a6aa3008d5ffaf97f92db0cb0c to remote] DEBUG o.a.h.impl.execchain.MainClientExec - Executing request GET /session/d94198a6aa3008d5ffaf97f92db0cb0c/element/0.5152662619948387-10/text HTTP/1.1
11:39:56.231 [Forwarding getElementText on session d94198a6aa3008d5ffaf97f92db0cb0c to remote] DEBUG o.a.h.impl.execchain.MainClientExec - Target auth state: UNCHALLENGED
11:39:56.231 [Forwarding getElementText on session d94198a6aa3008d5ffaf97f92db0cb0c to remote] DEBUG o.a.h.impl.execchain.MainClientExec - Proxy auth state: UNCHALLENGED
11:39:56.231 [Forwarding getElementText on session d94198a6aa3008d5ffaf97f92db0cb0c to remote] DEBUG org.apache.http.headers - http-outgoing-55 >> GET /session/d94198a6aa3008d5ffaf97f92db0cb0c/element/0.5152662619948387-10/text HTTP/1.1
11:39:56.231 [Forwarding getElementText on session d94198a6aa3008d5ffaf97f92db0cb0c to remote] DEBUG org.apache.http.headers - http-outgoing-55 >> Cache-Control: no-cache
11:39:56.231 [Forwarding getElementText on session d94198a6aa3008d5ffaf97f92db0cb0c to remote] DEBUG org.apache.http.headers - http-outgoing-55 >> Host: localhost:26477
11:39:56.231 [Forwarding getElementText on session d94198a6aa3008d5ffaf97f92db0cb0c to remote] DEBUG org.apache.http.headers - http-outgoing-55 >> Connection: Keep-Alive
11:39:56.231 [Forwarding getElementText on session d94198a6aa3008d5ffaf97f92db0cb0c to remote] DEBUG org.apache.http.headers - http-outgoing-55 >> User-Agent: Apache-HttpClient/4.3.4 (java 1.5)
11:39:56.231 [Forwarding getElementText on session d94198a6aa3008d5ffaf97f92db0cb0c to remote] DEBUG org.apache.http.headers - http-outgoing-55 >> Accept-Encoding: gzip,deflate
11:39:56.231 [Forwarding getElementText on session d94198a6aa3008d5ffaf97f92db0cb0c to remote] DEBUG org.apache.http.wire - http-outgoing-55 >> "GET /session/d94198a6aa3008d5ffaf97f92db0cb0c/element/0.5152662619948387-10/text HTTP/1.1[\r][\n]"
11:39:56.231 [Forwarding getElementText on session d94198a6aa3008d5ffaf97f92db0cb0c to remote] DEBUG org.apache.http.wire - http-outgoing-55 >> "Cache-Control: no-cache[\r][\n]"
11:39:56.231 [Forwarding getElementText on session d94198a6aa3008d5ffaf97f92db0cb0c to remote] DEBUG org.apache.http.wire - http-outgoing-55 >> "Host: localhost:26477[\r][\n]"
11:39:56.231 [Forwarding getElementText on session d94198a6aa3008d5ffaf97f92db0cb0c to remote] DEBUG org.apache.http.wire - http-outgoing-55 >> "Connection: Keep-Alive[\r][\n]"
11:39:56.231 [Forwarding getElementText on session d94198a6aa3008d5ffaf97f92db0cb0c to remote] DEBUG org.apache.http.wire - http-outgoing-55 >> "User-Agent: Apache-HttpClient/4.3.4 (java 1.5)[\r][\n]"
11:39:56.231 [Forwarding getElementText on session d94198a6aa3008d5ffaf97f92db0cb0c to remote] DEBUG org.apache.http.wire - http-outgoing-55 >> "Accept-Encoding: gzip,deflate[\r][\n]"
11:39:56.231 [Forwarding getElementText on session d94198a6aa3008d5ffaf97f92db0cb0c to remote] DEBUG org.apache.http.wire - http-outgoing-55 >> "[\r][\n]"
11:39:56.240 [Forwarding getElementText on session d94198a6aa3008d5ffaf97f92db0cb0c to remote] DEBUG org.apache.http.wire - http-outgoing-55 << "HTTP/1.1 200 OK[\r][\n]"
11:39:56.240 [Forwarding getElementText on session d94198a6aa3008d5ffaf97f92db0cb0c to remote] DEBUG org.apache.http.wire - http-outgoing-55 << "Content-Length:85[\r][\n]"
11:39:56.240 [Forwarding getElementText on session d94198a6aa3008d5ffaf97f92db0cb0c to remote] DEBUG org.apache.http.wire - http-outgoing-55 << "Content-Type:application/json; charset=utf-8[\r][\n]"
11:39:56.240 [Forwarding getElementText on session d94198a6aa3008d5ffaf97f92db0cb0c to remote] DEBUG org.apache.http.wire - http-outgoing-55 << "Connection:close[\r][\n]"
11:39:56.240 [Forwarding getElementText on session d94198a6aa3008d5ffaf97f92db0cb0c to remote] DEBUG org.apache.http.wire - http-outgoing-55 << "[\r][\n]"
11:39:56.240 [Forwarding getElementText on session d94198a6aa3008d5ffaf97f92db0cb0c to remote] DEBUG org.apache.http.wire - http-outgoing-55 << "{"sessionId":"d94198a6aa3008d5ffaf97f92db0cb0c","status":0,"value":"Create Campaign"}"
11:39:56.240 [Forwarding getElementText on session d94198a6aa3008d5ffaf97f92db0cb0c to remote] DEBUG org.apache.http.headers - http-outgoing-55 << HTTP/1.1 200 OK
11:39:56.240 [Forwarding getElementText on session d94198a6aa3008d5ffaf97f92db0cb0c to remote] DEBUG org.apache.http.headers - http-outgoing-55 << Content-Length:85
11:39:56.240 [Forwarding getElementText on session d94198a6aa3008d5ffaf97f92db0cb0c to remote] DEBUG org.apache.http.headers - http-outgoing-55 << Content-Type:application/json; charset=utf-8
11:39:56.240 [Forwarding getElementText on session d94198a6aa3008d5ffaf97f92db0cb0c to remote] DEBUG org.apache.http.headers - http-outgoing-55 << Connection:close
11:39:56.240 [Forwarding getElementText on session d94198a6aa3008d5ffaf97f92db0cb0c to remote] DEBUG o.a.h.i.c.DefaultManagedHttpClientConnection - http-outgoing-55: Shutdown connection
11:39:56.240 [Forwarding getElementText on session d94198a6aa3008d5ffaf97f92db0cb0c to remote] DEBUG o.a.h.impl.execchain.MainClientExec - Connection discarded
11:39:56.240 [Forwarding getElementText on session d94198a6aa3008d5ffaf97f92db0cb0c to remote] DEBUG o.a.h.i.c.DefaultManagedHttpClientConnection - http-outgoing-55: Close connection
11:39:56.240 [Forwarding getElementText on session d94198a6aa3008d5ffaf97f92db0cb0c to remote] DEBUG o.a.h.i.c.PoolingHttpClientConnectionManager - Connection released: [id: 55][route: {}->http://localhost:26477][total kept alive: 0; route allocated: 0 of 2000; total allocated: 0 of 2000]
11:39:56.241 [Forwarding getElementText on session d94198a6aa3008d5ffaf97f92db0cb0c to remote] DEBUG o.a.h.c.protocol.RequestAddCookies - CookieSpec selected: best-match
11:39:56.241 [Forwarding getElementText on session d94198a6aa3008d5ffaf97f92db0cb0c to remote] DEBUG o.a.h.c.protocol.RequestAuthCache - Auth cache not set in the context
11:39:56.241 [Forwarding getElementText on session d94198a6aa3008d5ffaf97f92db0cb0c to remote] DEBUG o.a.h.i.c.PoolingHttpClientConnectionManager - Connection request: [route: {}->http://localhost:26477][total kept alive: 0; route allocated: 0 of 2000; total allocated: 0 of 2000]
11:39:56.241 [Forwarding getElementText on session d94198a6aa3008d5ffaf97f92db0cb0c to remote] DEBUG o.a.h.i.c.PoolingHttpClientConnectionManager - Connection leased: [id: 56][route: {}->http://localhost:26477][total kept alive: 0; route allocated: 1 of 2000; total allocated: 1 of 2000]
11:39:56.241 [Forwarding getElementText on session d94198a6aa3008d5ffaf97f92db0cb0c to remote] DEBUG o.a.h.impl.execchain.MainClientExec - Opening connection {}->http://localhost:26477
11:39:56.242 [Forwarding getElementText on session d94198a6aa3008d5ffaf97f92db0cb0c to remote] DEBUG o.a.h.i.c.HttpClientConnectionOperator - Connecting to localhost/127.0.0.1:26477
11:39:56.242 [Forwarding getElementText on session d94198a6aa3008d5ffaf97f92db0cb0c to remote] DEBUG o.a.h.i.c.HttpClientConnectionOperator - Connection established 127.0.0.1:57332<->127.0.0.1:26477
11:39:56.242 [Forwarding getElementText on session d94198a6aa3008d5ffaf97f92db0cb0c to remote] DEBUG o.a.h.impl.execchain.MainClientExec - Executing request GET /session/d94198a6aa3008d5ffaf97f92db0cb0c/element/0.5152662619948387-11/text HTTP/1.1
11:39:56.242 [Forwarding getElementText on session d94198a6aa3008d5ffaf97f92db0cb0c to remote] DEBUG o.a.h.impl.execchain.MainClientExec - Target auth state: UNCHALLENGED
11:39:56.242 [Forwarding getElementText on session d94198a6aa3008d5ffaf97f92db0cb0c to remote] DEBUG o.a.h.impl.execchain.MainClientExec - Proxy auth state: UNCHALLENGED
11:39:56.242 [Forwarding getElementText on session d94198a6aa3008d5ffaf97f92db0cb0c to remote] DEBUG org.apache.http.headers - http-outgoing-56 >> GET /session/d94198a6aa3008d5ffaf97f92db0cb0c/element/0.5152662619948387-11/text HTTP/1.1
11:39:56.242 [Forwarding getElementText on session d94198a6aa3008d5ffaf97f92db0cb0c to remote] DEBUG org.apache.http.headers - http-outgoing-56 >> Cache-Control: no-cache
11:39:56.242 [Forwarding getElementText on session d94198a6aa3008d5ffaf97f92db0cb0c to remote] DEBUG org.apache.http.headers - http-outgoing-56 >> Host: localhost:26477
11:39:56.242 [Forwarding getElementText on session d94198a6aa3008d5ffaf97f92db0cb0c to remote] DEBUG org.apache.http.headers - http-outgoing-56 >> Connection: Keep-Alive
11:39:56.242 [Forwarding getElementText on session d94198a6aa3008d5ffaf97f92db0cb0c to remote] DEBUG org.apache.http.headers - http-outgoing-56 >> User-Agent: Apache-HttpClient/4.3.4 (java 1.5)
11:39:56.242 [Forwarding getElementText on session d94198a6aa3008d5ffaf97f92db0cb0c to remote] DEBUG org.apache.http.headers - http-outgoing-56 >> Accept-Encoding: gzip,deflate
11:39:56.242 [Forwarding getElementText on session d94198a6aa3008d5ffaf97f92db0cb0c to remote] DEBUG org.apache.http.wire - http-outgoing-56 >> "GET /session/d94198a6aa3008d5ffaf97f92db0cb0c/element/0.5152662619948387-11/text HTTP/1.1[\r][\n]"
11:39:56.242 [Forwarding getElementText on session d94198a6aa3008d5ffaf97f92db0cb0c to remote] DEBUG org.apache.http.wire - http-outgoing-56 >> "Cache-Control: no-cache[\r][\n]"
11:39:56.242 [Forwarding getElementText on session d94198a6aa3008d5ffaf97f92db0cb0c to remote] DEBUG org.apache.http.wire - http-outgoing-56 >> "Host: localhost:26477[\r][\n]"
11:39:56.242 [Forwarding getElementText on session d94198a6aa3008d5ffaf97f92db0cb0c to remote] DEBUG org.apache.http.wire - http-outgoing-56 >> "Connection: Keep-Alive[\r][\n]"
11:39:56.242 [Forwarding getElementText on session d94198a6aa3008d5ffaf97f92db0cb0c to remote] DEBUG org.apache.http.wire - http-outgoing-56 >> "User-Agent: Apache-HttpClient/4.3.4 (java 1.5)[\r][\n]"
11:39:56.242 [Forwarding getElementText on session d94198a6aa3008d5ffaf97f92db0cb0c to remote] DEBUG org.apache.http.wire - http-outgoing-56 >> "Accept-Encoding: gzip,deflate[\r][\n]"
11:39:56.242 [Forwarding getElementText on session d94198a6aa3008d5ffaf97f92db0cb0c to remote] DEBUG org.apache.http.wire - http-outgoing-56 >> "[\r][\n]"
11:39:56.251 [Forwarding getElementText on session d94198a6aa3008d5ffaf97f92db0cb0c to remote] DEBUG org.apache.http.wire - http-outgoing-56 << "HTTP/1.1 200 OK[\r][\n]"
11:39:56.251 [Forwarding getElementText on session d94198a6aa3008d5ffaf97f92db0cb0c to remote] DEBUG org.apache.http.wire - http-outgoing-56 << "Content-Length:85[\r][\n]"
11:39:56.251 [Forwarding getElementText on session d94198a6aa3008d5ffaf97f92db0cb0c to remote] DEBUG org.apache.http.wire - http-outgoing-56 << "Content-Type:application/json; charset=utf-8[\r][\n]"
11:39:56.251 [Forwarding getElementText on session d94198a6aa3008d5ffaf97f92db0cb0c to remote] DEBUG org.apache.http.wire - http-outgoing-56 << "Connection:close[\r][\n]"
11:39:56.251 [Forwarding getElementText on session d94198a6aa3008d5ffaf97f92db0cb0c to remote] DEBUG org.apache.http.wire - http-outgoing-56 << "[\r][\n]"
11:39:56.251 [Forwarding getElementText on session d94198a6aa3008d5ffaf97f92db0cb0c to remote] DEBUG org.apache.http.wire - http-outgoing-56 << "{"sessionId":"d94198a6aa3008d5ffaf97f92db0cb0c","status":0,"value":"Search Vouchers"}"
11:39:56.251 [Forwarding getElementText on session d94198a6aa3008d5ffaf97f92db0cb0c to remote] DEBUG org.apache.http.headers - http-outgoing-56 << HTTP/1.1 200 OK
11:39:56.251 [Forwarding getElementText on session d94198a6aa3008d5ffaf97f92db0cb0c to remote] DEBUG org.apache.http.headers - http-outgoing-56 << Content-Length:85
11:39:56.251 [Forwarding getElementText on session d94198a6aa3008d5ffaf97f92db0cb0c to remote] DEBUG org.apache.http.headers - http-outgoing-56 << Content-Type:application/json; charset=utf-8
11:39:56.251 [Forwarding getElementText on session d94198a6aa3008d5ffaf97f92db0cb0c to remote] DEBUG org.apache.http.headers - http-outgoing-56 << Connection:close
11:39:56.251 [Forwarding getElementText on session d94198a6aa3008d5ffaf97f92db0cb0c to remote] DEBUG o.a.h.i.c.DefaultManagedHttpClientConnection - http-outgoing-56: Shutdown connection
11:39:56.251 [Forwarding getElementText on session d94198a6aa3008d5ffaf97f92db0cb0c to remote] DEBUG o.a.h.impl.execchain.MainClientExec - Connection discarded
11:39:56.251 [Forwarding getElementText on session d94198a6aa3008d5ffaf97f92db0cb0c to remote] DEBUG o.a.h.i.c.DefaultManagedHttpClientConnection - http-outgoing-56: Close connection
11:39:56.251 [Forwarding getElementText on session d94198a6aa3008d5ffaf97f92db0cb0c to remote] DEBUG o.a.h.i.c.PoolingHttpClientConnectionManager - Connection released: [id: 56][route: {}->http://localhost:26477][total kept alive: 0; route allocated: 0 of 2000; total allocated: 0 of 2000]
11:39:56.252 [Forwarding getElementText on session d94198a6aa3008d5ffaf97f92db0cb0c to remote] DEBUG o.a.h.c.protocol.RequestAddCookies - CookieSpec selected: best-match
11:39:56.252 [Forwarding getElementText on session d94198a6aa3008d5ffaf97f92db0cb0c to remote] DEBUG o.a.h.c.protocol.RequestAuthCache - Auth cache not set in the context
11:39:56.252 [Forwarding getElementText on session d94198a6aa3008d5ffaf97f92db0cb0c to remote] DEBUG o.a.h.i.c.PoolingHttpClientConnectionManager - Connection request: [route: {}->http://localhost:26477][total kept alive: 0; route allocated: 0 of 2000; total allocated: 0 of 2000]
11:39:56.252 [Forwarding getElementText on session d94198a6aa3008d5ffaf97f92db0cb0c to remote] DEBUG o.a.h.i.c.PoolingHttpClientConnectionManager - Connection leased: [id: 57][route: {}->http://localhost:26477][total kept alive: 0; route allocated: 1 of 2000; total allocated: 1 of 2000]
11:39:56.252 [Forwarding getElementText on session d94198a6aa3008d5ffaf97f92db0cb0c to remote] DEBUG o.a.h.impl.execchain.MainClientExec - Opening connection {}->http://localhost:26477
11:39:56.252 [Forwarding getElementText on session d94198a6aa3008d5ffaf97f92db0cb0c to remote] DEBUG o.a.h.i.c.HttpClientConnectionOperator - Connecting to localhost/127.0.0.1:26477
11:39:56.252 [Forwarding getElementText on session d94198a6aa3008d5ffaf97f92db0cb0c to remote] DEBUG o.a.h.i.c.HttpClientConnectionOperator - Connection established 127.0.0.1:57333<->127.0.0.1:26477
11:39:56.252 [Forwarding getElementText on session d94198a6aa3008d5ffaf97f92db0cb0c to remote] DEBUG o.a.h.impl.execchain.MainClientExec - Executing request GET /session/d94198a6aa3008d5ffaf97f92db0cb0c/element/0.5152662619948387-12/text HTTP/1.1
11:39:56.252 [Forwarding getElementText on session d94198a6aa3008d5ffaf97f92db0cb0c to remote] DEBUG o.a.h.impl.execchain.MainClientExec - Target auth state: UNCHALLENGED
11:39:56.252 [Forwarding getElementText on session d94198a6aa3008d5ffaf97f92db0cb0c to remote] DEBUG o.a.h.impl.execchain.MainClientExec - Proxy auth state: UNCHALLENGED
11:39:56.252 [Forwarding getElementText on session d94198a6aa3008d5ffaf97f92db0cb0c to remote] DEBUG org.apache.http.headers - http-outgoing-57 >> GET /session/d94198a6aa3008d5ffaf97f92db0cb0c/element/0.5152662619948387-12/text HTTP/1.1
11:39:56.253 [Forwarding getElementText on session d94198a6aa3008d5ffaf97f92db0cb0c to remote] DEBUG org.apache.http.headers - http-outgoing-57 >> Cache-Control: no-cache
11:39:56.253 [Forwarding getElementText on session d94198a6aa3008d5ffaf97f92db0cb0c to remote] DEBUG org.apache.http.headers - http-outgoing-57 >> Host: localhost:26477
11:39:56.253 [Forwarding getElementText on session d94198a6aa3008d5ffaf97f92db0cb0c to remote] DEBUG org.apache.http.headers - http-outgoing-57 >> Connection: Keep-Alive
11:39:56.253 [Forwarding getElementText on session d94198a6aa3008d5ffaf97f92db0cb0c to remote] DEBUG org.apache.http.headers - http-outgoing-57 >> User-Agent: Apache-HttpClient/4.3.4 (java 1.5)
11:39:56.253 [Forwarding getElementText on session d94198a6aa3008d5ffaf97f92db0cb0c to remote] DEBUG org.apache.http.headers - http-outgoing-57 >> Accept-Encoding: gzip,deflate
11:39:56.253 [Forwarding getElementText on session d94198a6aa3008d5ffaf97f92db0cb0c to remote] DEBUG org.apache.http.wire - http-outgoing-57 >> "GET /session/d94198a6aa3008d5ffaf97f92db0cb0c/element/0.5152662619948387-12/text HTTP/1.1[\r][\n]"
11:39:56.253 [Forwarding getElementText on session d94198a6aa3008d5ffaf97f92db0cb0c to remote] DEBUG org.apache.http.wire - http-outgoing-57 >> "Cache-Control: no-cache[\r][\n]"
11:39:56.253 [Forwarding getElementText on session d94198a6aa3008d5ffaf97f92db0cb0c to remote] DEBUG org.apache.http.wire - http-outgoing-57 >> "Host: localhost:26477[\r][\n]"
11:39:56.253 [Forwarding getElementText on session d94198a6aa3008d5ffaf97f92db0cb0c to remote] DEBUG org.apache.http.wire - http-outgoing-57 >> "Connection: Keep-Alive[\r][\n]"
11:39:56.253 [Forwarding getElementText on session d94198a6aa3008d5ffaf97f92db0cb0c to remote] DEBUG org.apache.http.wire - http-outgoing-57 >> "User-Agent: Apache-HttpClient/4.3.4 (java 1.5)[\r][\n]"
11:39:56.253 [Forwarding getElementText on session d94198a6aa3008d5ffaf97f92db0cb0c to remote] DEBUG org.apache.http.wire - http-outgoing-57 >> "Accept-Encoding: gzip,deflate[\r][\n]"
11:39:56.253 [Forwarding getElementText on session d94198a6aa3008d5ffaf97f92db0cb0c to remote] DEBUG org.apache.http.wire - http-outgoing-57 >> "[\r][\n]"
11:39:56.273 [Forwarding getElementText on session d94198a6aa3008d5ffaf97f92db0cb0c to remote] DEBUG org.apache.http.wire - http-outgoing-57 << "HTTP/1.1 200 OK[\r][\n]"
11:39:56.273 [Forwarding getElementText on session d94198a6aa3008d5ffaf97f92db0cb0c to remote] DEBUG org.apache.http.wire - http-outgoing-57 << "Content-Length:84[\r][\n]"
11:39:56.273 [Forwarding getElementText on session d94198a6aa3008d5ffaf97f92db0cb0c to remote] DEBUG org.apache.http.wire - http-outgoing-57 << "Content-Type:application/json; charset=utf-8[\r][\n]"
11:39:56.273 [Forwarding getElementText on session d94198a6aa3008d5ffaf97f92db0cb0c to remote] DEBUG org.apache.http.wire - http-outgoing-57 << "Connection:close[\r][\n]"
11:39:56.273 [Forwarding getElementText on session d94198a6aa3008d5ffaf97f92db0cb0c to remote] DEBUG org.apache.http.wire - http-outgoing-57 << "[\r][\n]"
11:39:56.273 [Forwarding getElementText on session d94198a6aa3008d5ffaf97f92db0cb0c to remote] DEBUG org.apache.http.wire - http-outgoing-57 << "{"sessionId":"d94198a6aa3008d5ffaf97f92db0cb0c","status":0,"value":"Search Account"}"
11:39:56.274 [Forwarding getElementText on session d94198a6aa3008d5ffaf97f92db0cb0c to remote] DEBUG org.apache.http.headers - http-outgoing-57 << HTTP/1.1 200 OK
11:39:56.274 [Forwarding getElementText on session d94198a6aa3008d5ffaf97f92db0cb0c to remote] DEBUG org.apache.http.headers - http-outgoing-57 << Content-Length:84
11:39:56.274 [Forwarding getElementText on session d94198a6aa3008d5ffaf97f92db0cb0c to remote] DEBUG org.apache.http.headers - http-outgoing-57 << Content-Type:application/json; charset=utf-8
11:39:56.274 [Forwarding getElementText on session d94198a6aa3008d5ffaf97f92db0cb0c to remote] DEBUG org.apache.http.headers - http-outgoing-57 << Connection:close
11:39:56.274 [Forwarding getElementText on session d94198a6aa3008d5ffaf97f92db0cb0c to remote] DEBUG o.a.h.i.c.DefaultManagedHttpClientConnection - http-outgoing-57: Shutdown connection
11:39:56.274 [Forwarding getElementText on session d94198a6aa3008d5ffaf97f92db0cb0c to remote] DEBUG o.a.h.impl.execchain.MainClientExec - Connection discarded
11:39:56.274 [Forwarding getElementText on session d94198a6aa3008d5ffaf97f92db0cb0c to remote] DEBUG o.a.h.i.c.DefaultManagedHttpClientConnection - http-outgoing-57: Close connection
11:39:56.274 [Forwarding getElementText on session d94198a6aa3008d5ffaf97f92db0cb0c to remote] DEBUG o.a.h.i.c.PoolingHttpClientConnectionManager - Connection released: [id: 57][route: {}->http://localhost:26477][total kept alive: 0; route allocated: 0 of 2000; total allocated: 0 of 2000]
11:39:56.275 [Forwarding getElementText on session d94198a6aa3008d5ffaf97f92db0cb0c to remote] DEBUG o.a.h.c.protocol.RequestAddCookies - CookieSpec selected: best-match
11:39:56.275 [Forwarding getElementText on session d94198a6aa3008d5ffaf97f92db0cb0c to remote] DEBUG o.a.h.c.protocol.RequestAuthCache - Auth cache not set in the context
11:39:56.275 [Forwarding getElementText on session d94198a6aa3008d5ffaf97f92db0cb0c to remote] DEBUG o.a.h.i.c.PoolingHttpClientConnectionManager - Connection request: [route: {}->http://localhost:26477][total kept alive: 0; route allocated: 0 of 2000; total allocated: 0 of 2000]
11:39:56.275 [Forwarding getElementText on session d94198a6aa3008d5ffaf97f92db0cb0c to remote] DEBUG o.a.h.i.c.PoolingHttpClientConnectionManager - Connection leased: [id: 58][route: {}->http://localhost:26477][total kept alive: 0; route allocated: 1 of 2000; total allocated: 1 of 2000]
11:39:56.275 [Forwarding getElementText on session d94198a6aa3008d5ffaf97f92db0cb0c to remote] DEBUG o.a.h.impl.execchain.MainClientExec - Opening connection {}->http://localhost:26477
11:39:56.275 [Forwarding getElementText on session d94198a6aa3008d5ffaf97f92db0cb0c to remote] DEBUG o.a.h.i.c.HttpClientConnectionOperator - Connecting to localhost/127.0.0.1:26477
11:39:56.275 [Forwarding getElementText on session d94198a6aa3008d5ffaf97f92db0cb0c to remote] DEBUG o.a.h.i.c.HttpClientConnectionOperator - Connection established 127.0.0.1:57334<->127.0.0.1:26477
11:39:56.275 [Forwarding getElementText on session d94198a6aa3008d5ffaf97f92db0cb0c to remote] DEBUG o.a.h.impl.execchain.MainClientExec - Executing request GET /session/d94198a6aa3008d5ffaf97f92db0cb0c/element/0.5152662619948387-13/text HTTP/1.1
11:39:56.275 [Forwarding getElementText on session d94198a6aa3008d5ffaf97f92db0cb0c to remote] DEBUG o.a.h.impl.execchain.MainClientExec - Target auth state: UNCHALLENGED
11:39:56.275 [Forwarding getElementText on session d94198a6aa3008d5ffaf97f92db0cb0c to remote] DEBUG o.a.h.impl.execchain.MainClientExec - Proxy auth state: UNCHALLENGED
11:39:56.276 [Forwarding getElementText on session d94198a6aa3008d5ffaf97f92db0cb0c to remote] DEBUG org.apache.http.headers - http-outgoing-58 >> GET /session/d94198a6aa3008d5ffaf97f92db0cb0c/element/0.5152662619948387-13/text HTTP/1.1
11:39:56.276 [Forwarding getElementText on session d94198a6aa3008d5ffaf97f92db0cb0c to remote] DEBUG org.apache.http.headers - http-outgoing-58 >> Cache-Control: no-cache
11:39:56.276 [Forwarding getElementText on session d94198a6aa3008d5ffaf97f92db0cb0c to remote] DEBUG org.apache.http.headers - http-outgoing-58 >> Host: localhost:26477
11:39:56.276 [Forwarding getElementText on session d94198a6aa3008d5ffaf97f92db0cb0c to remote] DEBUG org.apache.http.headers - http-outgoing-58 >> Connection: Keep-Alive
11:39:56.276 [Forwarding getElementText on session d94198a6aa3008d5ffaf97f92db0cb0c to remote] DEBUG org.apache.http.headers - http-outgoing-58 >> User-Agent: Apache-HttpClient/4.3.4 (java 1.5)
11:39:56.276 [Forwarding getElementText on session d94198a6aa3008d5ffaf97f92db0cb0c to remote] DEBUG org.apache.http.headers - http-outgoing-58 >> Accept-Encoding: gzip,deflate
11:39:56.276 [Forwarding getElementText on session d94198a6aa3008d5ffaf97f92db0cb0c to remote] DEBUG org.apache.http.wire - http-outgoing-58 >> "GET /session/d94198a6aa3008d5ffaf97f92db0cb0c/element/0.5152662619948387-13/text HTTP/1.1[\r][\n]"
11:39:56.276 [Forwarding getElementText on session d94198a6aa3008d5ffaf97f92db0cb0c to remote] DEBUG org.apache.http.wire - http-outgoing-58 >> "Cache-Control: no-cache[\r][\n]"
11:39:56.276 [Forwarding getElementText on session d94198a6aa3008d5ffaf97f92db0cb0c to remote] DEBUG org.apache.http.wire - http-outgoing-58 >> "Host: localhost:26477[\r][\n]"
11:39:56.276 [Forwarding getElementText on session d94198a6aa3008d5ffaf97f92db0cb0c to remote] DEBUG org.apache.http.wire - http-outgoing-58 >> "Connection: Keep-Alive[\r][\n]"
11:39:56.276 [Forwarding getElementText on session d94198a6aa3008d5ffaf97f92db0cb0c to remote] DEBUG org.apache.http.wire - http-outgoing-58 >> "User-Agent: Apache-HttpClient/4.3.4 (java 1.5)[\r][\n]"
11:39:56.276 [Forwarding getElementText on session d94198a6aa3008d5ffaf97f92db0cb0c to remote] DEBUG org.apache.http.wire - http-outgoing-58 >> "Accept-Encoding: gzip,deflate[\r][\n]"
11:39:56.276 [Forwarding getElementText on session d94198a6aa3008d5ffaf97f92db0cb0c to remote] DEBUG org.apache.http.wire - http-outgoing-58 >> "[\r][\n]"
11:39:56.284 [Forwarding getElementText on session d94198a6aa3008d5ffaf97f92db0cb0c to remote] DEBUG org.apache.http.wire - http-outgoing-58 << "HTTP/1.1 200 OK[\r][\n]"
11:39:56.284 [Forwarding getElementText on session d94198a6aa3008d5ffaf97f92db0cb0c to remote] DEBUG org.apache.http.wire - http-outgoing-58 << "Content-Length:85[\r][\n]"
11:39:56.284 [Forwarding getElementText on session d94198a6aa3008d5ffaf97f92db0cb0c to remote] DEBUG org.apache.http.wire - http-outgoing-58 << "Content-Type:application/json; charset=utf-8[\r][\n]"
11:39:56.284 [Forwarding getElementText on session d94198a6aa3008d5ffaf97f92db0cb0c to remote] DEBUG org.apache.http.wire - http-outgoing-58 << "Connection:close[\r][\n]"
11:39:56.284 [Forwarding getElementText on session d94198a6aa3008d5ffaf97f92db0cb0c to remote] DEBUG org.apache.http.wire - http-outgoing-58 << "[\r][\n]"
11:39:56.284 [Forwarding getElementText on session d94198a6aa3008d5ffaf97f92db0cb0c to remote] DEBUG org.apache.http.wire - http-outgoing-58 << "{"sessionId":"d94198a6aa3008d5ffaf97f92db0cb0c","status":0,"value":"Voucher Manager"}"
11:39:56.284 [Forwarding getElementText on session d94198a6aa3008d5ffaf97f92db0cb0c to remote] DEBUG org.apache.http.headers - http-outgoing-58 << HTTP/1.1 200 OK
11:39:56.284 [Forwarding getElementText on session d94198a6aa3008d5ffaf97f92db0cb0c to remote] DEBUG org.apache.http.headers - http-outgoing-58 << Content-Length:85
11:39:56.284 [Forwarding getElementText on session d94198a6aa3008d5ffaf97f92db0cb0c to remote] DEBUG org.apache.http.headers - http-outgoing-58 << Content-Type:application/json; charset=utf-8
11:39:56.284 [Forwarding getElementText on session d94198a6aa3008d5ffaf97f92db0cb0c to remote] DEBUG org.apache.http.headers - http-outgoing-58 << Connection:close
11:39:56.284 [Forwarding getElementText on session d94198a6aa3008d5ffaf97f92db0cb0c to remote] DEBUG o.a.h.i.c.DefaultManagedHttpClientConnection - http-outgoing-58: Shutdown connection
11:39:56.284 [Forwarding getElementText on session d94198a6aa3008d5ffaf97f92db0cb0c to remote] DEBUG o.a.h.impl.execchain.MainClientExec - Connection discarded
11:39:56.284 [Forwarding getElementText on session d94198a6aa3008d5ffaf97f92db0cb0c to remote] DEBUG o.a.h.i.c.DefaultManagedHttpClientConnection - http-outgoing-58: Close connection
11:39:56.284 [Forwarding getElementText on session d94198a6aa3008d5ffaf97f92db0cb0c to remote] DEBUG o.a.h.i.c.PoolingHttpClientConnectionManager - Connection released: [id: 58][route: {}->http://localhost:26477][total kept alive: 0; route allocated: 0 of 2000; total allocated: 0 of 2000]
11:39:56.285 [Forwarding getElementText on session d94198a6aa3008d5ffaf97f92db0cb0c to remote] DEBUG o.a.h.c.protocol.RequestAddCookies - CookieSpec selected: best-match
11:39:56.285 [Forwarding getElementText on session d94198a6aa3008d5ffaf97f92db0cb0c to remote] DEBUG o.a.h.c.protocol.RequestAuthCache - Auth cache not set in the context
11:39:56.285 [Forwarding getElementText on session d94198a6aa3008d5ffaf97f92db0cb0c to remote] DEBUG o.a.h.i.c.PoolingHttpClientConnectionManager - Connection request: [route: {}->http://localhost:26477][total kept alive: 0; route allocated: 0 of 2000; total allocated: 0 of 2000]
11:39:56.285 [Forwarding getElementText on session d94198a6aa3008d5ffaf97f92db0cb0c to remote] DEBUG o.a.h.i.c.PoolingHttpClientConnectionManager - Connection leased: [id: 59][route: {}->http://localhost:26477][total kept alive: 0; route allocated: 1 of 2000; total allocated: 1 of 2000]
11:39:56.285 [Forwarding getElementText on session d94198a6aa3008d5ffaf97f92db0cb0c to remote] DEBUG o.a.h.impl.execchain.MainClientExec - Opening connection {}->http://localhost:26477
11:39:56.285 [Forwarding getElementText on session d94198a6aa3008d5ffaf97f92db0cb0c to remote] DEBUG o.a.h.i.c.HttpClientConnectionOperator - Connecting to localhost/127.0.0.1:26477
11:39:56.285 [Forwarding getElementText on session d94198a6aa3008d5ffaf97f92db0cb0c to remote] DEBUG o.a.h.i.c.HttpClientConnectionOperator - Connection established 127.0.0.1:57335<->127.0.0.1:26477
11:39:56.285 [Forwarding getElementText on session d94198a6aa3008d5ffaf97f92db0cb0c to remote] DEBUG o.a.h.impl.execchain.MainClientExec - Executing request GET /session/d94198a6aa3008d5ffaf97f92db0cb0c/element/0.5152662619948387-14/text HTTP/1.1
11:39:56.285 [Forwarding getElementText on session d94198a6aa3008d5ffaf97f92db0cb0c to remote] DEBUG o.a.h.impl.execchain.MainClientExec - Target auth state: UNCHALLENGED
11:39:56.285 [Forwarding getElementText on session d94198a6aa3008d5ffaf97f92db0cb0c to remote] DEBUG o.a.h.impl.execchain.MainClientExec - Proxy auth state: UNCHALLENGED
11:39:56.285 [Forwarding getElementText on session d94198a6aa3008d5ffaf97f92db0cb0c to remote] DEBUG org.apache.http.headers - http-outgoing-59 >> GET /session/d94198a6aa3008d5ffaf97f92db0cb0c/element/0.5152662619948387-14/text HTTP/1.1
11:39:56.285 [Forwarding getElementText on session d94198a6aa3008d5ffaf97f92db0cb0c to remote] DEBUG org.apache.http.headers - http-outgoing-59 >> Cache-Control: no-cache
11:39:56.285 [Forwarding getElementText on session d94198a6aa3008d5ffaf97f92db0cb0c to remote] DEBUG org.apache.http.headers - http-outgoing-59 >> Host: localhost:26477
11:39:56.298 [Forwarding getElementText on session d94198a6aa3008d5ffaf97f92db0cb0c to remote] DEBUG org.apache.http.headers - http-outgoing-59 >> Connection: Keep-Alive
11:39:56.298 [Forwarding getElementText on session d94198a6aa3008d5ffaf97f92db0cb0c to remote] DEBUG org.apache.http.headers - http-outgoing-59 >> User-Agent: Apache-HttpClient/4.3.4 (java 1.5)
11:39:56.298 [Forwarding getElementText on session d94198a6aa3008d5ffaf97f92db0cb0c to remote] DEBUG org.apache.http.headers - http-outgoing-59 >> Accept-Encoding: gzip,deflate
11:39:56.298 [Forwarding getElementText on session d94198a6aa3008d5ffaf97f92db0cb0c to remote] DEBUG org.apache.http.wire - http-outgoing-59 >> "GET /session/d94198a6aa3008d5ffaf97f92db0cb0c/element/0.5152662619948387-14/text HTTP/1.1[\r][\n]"
11:39:56.298 [Forwarding getElementText on session d94198a6aa3008d5ffaf97f92db0cb0c to remote] DEBUG org.apache.http.wire - http-outgoing-59 >> "Cache-Control: no-cache[\r][\n]"
11:39:56.298 [Forwarding getElementText on session d94198a6aa3008d5ffaf97f92db0cb0c to remote] DEBUG org.apache.http.wire - http-outgoing-59 >> "Host: localhost:26477[\r][\n]"
11:39:56.298 [Forwarding getElementText on session d94198a6aa3008d5ffaf97f92db0cb0c to remote] DEBUG org.apache.http.wire - http-outgoing-59 >> "Connection: Keep-Alive[\r][\n]"
11:39:56.298 [Forwarding getElementText on session d94198a6aa3008d5ffaf97f92db0cb0c to remote] DEBUG org.apache.http.wire - http-outgoing-59 >> "User-Agent: Apache-HttpClient/4.3.4 (java 1.5)[\r][\n]"
11:39:56.298 [Forwarding getElementText on session d94198a6aa3008d5ffaf97f92db0cb0c to remote] DEBUG org.apache.http.wire - http-outgoing-59 >> "Accept-Encoding: gzip,deflate[\r][\n]"
11:39:56.298 [Forwarding getElementText on session d94198a6aa3008d5ffaf97f92db0cb0c to remote] DEBUG org.apache.http.wire - http-outgoing-59 >> "[\r][\n]"
11:39:56.306 [Forwarding getElementText on session d94198a6aa3008d5ffaf97f92db0cb0c to remote] DEBUG org.apache.http.wire - http-outgoing-59 << "HTTP/1.1 200 OK[\r][\n]"
11:39:56.306 [Forwarding getElementText on session d94198a6aa3008d5ffaf97f92db0cb0c to remote] DEBUG org.apache.http.wire - http-outgoing-59 << "Content-Length:70[\r][\n]"
11:39:56.306 [Forwarding getElementText on session d94198a6aa3008d5ffaf97f92db0cb0c to remote] DEBUG org.apache.http.wire - http-outgoing-59 << "Content-Type:application/json; charset=utf-8[\r][\n]"
11:39:56.306 [Forwarding getElementText on session d94198a6aa3008d5ffaf97f92db0cb0c to remote] DEBUG org.apache.http.wire - http-outgoing-59 << "Connection:close[\r][\n]"
11:39:56.306 [Forwarding getElementText on session d94198a6aa3008d5ffaf97f92db0cb0c to remote] DEBUG org.apache.http.wire - http-outgoing-59 << "[\r][\n]"
11:39:56.306 [Forwarding getElementText on session d94198a6aa3008d5ffaf97f92db0cb0c to remote] DEBUG org.apache.http.wire - http-outgoing-59 << "{"sessionId":"d94198a6aa3008d5ffaf97f92db0cb0c","status":0,"value":""}"
11:39:56.306 [Forwarding getElementText on session d94198a6aa3008d5ffaf97f92db0cb0c to remote] DEBUG org.apache.http.headers - http-outgoing-59 << HTTP/1.1 200 OK
11:39:56.306 [Forwarding getElementText on session d94198a6aa3008d5ffaf97f92db0cb0c to remote] DEBUG org.apache.http.headers - http-outgoing-59 << Content-Length:70
11:39:56.306 [Forwarding getElementText on session d94198a6aa3008d5ffaf97f92db0cb0c to remote] DEBUG org.apache.http.headers - http-outgoing-59 << Content-Type:application/json; charset=utf-8
11:39:56.306 [Forwarding getElementText on session d94198a6aa3008d5ffaf97f92db0cb0c to remote] DEBUG org.apache.http.headers - http-outgoing-59 << Connection:close
11:39:56.307 [Forwarding getElementText on session d94198a6aa3008d5ffaf97f92db0cb0c to remote] DEBUG o.a.h.i.c.DefaultManagedHttpClientConnection - http-outgoing-59: Shutdown connection
11:39:56.307 [Forwarding getElementText on session d94198a6aa3008d5ffaf97f92db0cb0c to remote] DEBUG o.a.h.impl.execchain.MainClientExec - Connection discarded
11:39:56.307 [Forwarding getElementText on session d94198a6aa3008d5ffaf97f92db0cb0c to remote] DEBUG o.a.h.i.c.DefaultManagedHttpClientConnection - http-outgoing-59: Close connection
11:39:56.307 [Forwarding getElementText on session d94198a6aa3008d5ffaf97f92db0cb0c to remote] DEBUG o.a.h.i.c.PoolingHttpClientConnectionManager - Connection released: [id: 59][route: {}->http://localhost:26477][total kept alive: 0; route allocated: 0 of 2000; total allocated: 0 of 2000]
11:39:56.307 [Forwarding getElementText on session d94198a6aa3008d5ffaf97f92db0cb0c to remote] DEBUG o.a.h.c.protocol.RequestAddCookies - CookieSpec selected: best-match
11:39:56.307 [Forwarding getElementText on session d94198a6aa3008d5ffaf97f92db0cb0c to remote] DEBUG o.a.h.c.protocol.RequestAuthCache - Auth cache not set in the context
11:39:56.308 [Forwarding getElementText on session d94198a6aa3008d5ffaf97f92db0cb0c to remote] DEBUG o.a.h.i.c.PoolingHttpClientConnectionManager - Connection request: [route: {}->http://localhost:26477][total kept alive: 0; route allocated: 0 of 2000; total allocated: 0 of 2000]
11:39:56.308 [Forwarding getElementText on session d94198a6aa3008d5ffaf97f92db0cb0c to remote] DEBUG o.a.h.i.c.PoolingHttpClientConnectionManager - Connection leased: [id: 60][route: {}->http://localhost:26477][total kept alive: 0; route allocated: 1 of 2000; total allocated: 1 of 2000]
11:39:56.308 [Forwarding getElementText on session d94198a6aa3008d5ffaf97f92db0cb0c to remote] DEBUG o.a.h.impl.execchain.MainClientExec - Opening connection {}->http://localhost:26477
11:39:56.308 [Forwarding getElementText on session d94198a6aa3008d5ffaf97f92db0cb0c to remote] DEBUG o.a.h.i.c.HttpClientConnectionOperator - Connecting to localhost/127.0.0.1:26477
11:39:56.308 [Forwarding getElementText on session d94198a6aa3008d5ffaf97f92db0cb0c to remote] DEBUG o.a.h.i.c.HttpClientConnectionOperator - Connection established 127.0.0.1:57336<->127.0.0.1:26477
11:39:56.308 [Forwarding getElementText on session d94198a6aa3008d5ffaf97f92db0cb0c to remote] DEBUG o.a.h.impl.execchain.MainClientExec - Executing request GET /session/d94198a6aa3008d5ffaf97f92db0cb0c/element/0.5152662619948387-15/text HTTP/1.1
11:39:56.308 [Forwarding getElementText on session d94198a6aa3008d5ffaf97f92db0cb0c to remote] DEBUG o.a.h.impl.execchain.MainClientExec - Target auth state: UNCHALLENGED
11:39:56.308 [Forwarding getElementText on session d94198a6aa3008d5ffaf97f92db0cb0c to remote] DEBUG o.a.h.impl.execchain.MainClientExec - Proxy auth state: UNCHALLENGED
11:39:56.308 [Forwarding getElementText on session d94198a6aa3008d5ffaf97f92db0cb0c to remote] DEBUG org.apache.http.headers - http-outgoing-60 >> GET /session/d94198a6aa3008d5ffaf97f92db0cb0c/element/0.5152662619948387-15/text HTTP/1.1
11:39:56.308 [Forwarding getElementText on session d94198a6aa3008d5ffaf97f92db0cb0c to remote] DEBUG org.apache.http.headers - http-outgoing-60 >> Cache-Control: no-cache
11:39:56.308 [Forwarding getElementText on session d94198a6aa3008d5ffaf97f92db0cb0c to remote] DEBUG org.apache.http.headers - http-outgoing-60 >> Host: localhost:26477
11:39:56.308 [Forwarding getElementText on session d94198a6aa3008d5ffaf97f92db0cb0c to remote] DEBUG org.apache.http.headers - http-outgoing-60 >> Connection: Keep-Alive
11:39:56.308 [Forwarding getElementText on session d94198a6aa3008d5ffaf97f92db0cb0c to remote] DEBUG org.apache.http.headers - http-outgoing-60 >> User-Agent: Apache-HttpClient/4.3.4 (java 1.5)
11:39:56.308 [Forwarding getElementText on session d94198a6aa3008d5ffaf97f92db0cb0c to remote] DEBUG org.apache.http.headers - http-outgoing-60 >> Accept-Encoding: gzip,deflate
11:39:56.308 [Forwarding getElementText on session d94198a6aa3008d5ffaf97f92db0cb0c to remote] DEBUG org.apache.http.wire - http-outgoing-60 >> "GET /session/d94198a6aa3008d5ffaf97f92db0cb0c/element/0.5152662619948387-15/text HTTP/1.1[\r][\n]"
11:39:56.308 [Forwarding getElementText on session d94198a6aa3008d5ffaf97f92db0cb0c to remote] DEBUG org.apache.http.wire - http-outgoing-60 >> "Cache-Control: no-cache[\r][\n]"
11:39:56.308 [Forwarding getElementText on session d94198a6aa3008d5ffaf97f92db0cb0c to remote] DEBUG org.apache.http.wire - http-outgoing-60 >> "Host: localhost:26477[\r][\n]"
11:39:56.308 [Forwarding getElementText on session d94198a6aa3008d5ffaf97f92db0cb0c to remote] DEBUG org.apache.http.wire - http-outgoing-60 >> "Connection: Keep-Alive[\r][\n]"
11:39:56.308 [Forwarding getElementText on session d94198a6aa3008d5ffaf97f92db0cb0c to remote] DEBUG org.apache.http.wire - http-outgoing-60 >> "User-Agent: Apache-HttpClient/4.3.4 (java 1.5)[\r][\n]"
11:39:56.308 [Forwarding getElementText on session d94198a6aa3008d5ffaf97f92db0cb0c to remote] DEBUG org.apache.http.wire - http-outgoing-60 >> "Accept-Encoding: gzip,deflate[\r][\n]"
11:39:56.308 [Forwarding getElementText on session d94198a6aa3008d5ffaf97f92db0cb0c to remote] DEBUG org.apache.http.wire - http-outgoing-60 >> "[\r][\n]"
11:39:56.316 [Forwarding getElementText on session d94198a6aa3008d5ffaf97f92db0cb0c to remote] DEBUG org.apache.http.wire - http-outgoing-60 << "HTTP/1.1 200 OK[\r][\n]"
11:39:56.316 [Forwarding getElementText on session d94198a6aa3008d5ffaf97f92db0cb0c to remote] DEBUG org.apache.http.wire - http-outgoing-60 << "Content-Length:70[\r][\n]"
11:39:56.316 [Forwarding getElementText on session d94198a6aa3008d5ffaf97f92db0cb0c to remote] DEBUG org.apache.http.wire - http-outgoing-60 << "Content-Type:application/json; charset=utf-8[\r][\n]"
11:39:56.316 [Forwarding getElementText on session d94198a6aa3008d5ffaf97f92db0cb0c to remote] DEBUG org.apache.http.wire - http-outgoing-60 << "Connection:close[\r][\n]"
11:39:56.316 [Forwarding getElementText on session d94198a6aa3008d5ffaf97f92db0cb0c to remote] DEBUG org.apache.http.wire - http-outgoing-60 << "[\r][\n]"
11:39:56.316 [Forwarding getElementText on session d94198a6aa3008d5ffaf97f92db0cb0c to remote] DEBUG org.apache.http.wire - http-outgoing-60 << "{"sessionId":"d94198a6aa3008d5ffaf97f92db0cb0c","status":0,"value":""}"
11:39:56.316 [Forwarding getElementText on session d94198a6aa3008d5ffaf97f92db0cb0c to remote] DEBUG org.apache.http.headers - http-outgoing-60 << HTTP/1.1 200 OK
11:39:56.316 [Forwarding getElementText on session d94198a6aa3008d5ffaf97f92db0cb0c to remote] DEBUG org.apache.http.headers - http-outgoing-60 << Content-Length:70
11:39:56.316 [Forwarding getElementText on session d94198a6aa3008d5ffaf97f92db0cb0c to remote] DEBUG org.apache.http.headers - http-outgoing-60 << Content-Type:application/json; charset=utf-8
11:39:56.316 [Forwarding getElementText on session d94198a6aa3008d5ffaf97f92db0cb0c to remote] DEBUG org.apache.http.headers - http-outgoing-60 << Connection:close
11:39:56.316 [Forwarding getElementText on session d94198a6aa3008d5ffaf97f92db0cb0c to remote] DEBUG o.a.h.i.c.DefaultManagedHttpClientConnection - http-outgoing-60: Shutdown connection
11:39:56.316 [Forwarding getElementText on session d94198a6aa3008d5ffaf97f92db0cb0c to remote] DEBUG o.a.h.impl.execchain.MainClientExec - Connection discarded
11:39:56.316 [Forwarding getElementText on session d94198a6aa3008d5ffaf97f92db0cb0c to remote] DEBUG o.a.h.i.c.DefaultManagedHttpClientConnection - http-outgoing-60: Close connection
11:39:56.316 [Forwarding getElementText on session d94198a6aa3008d5ffaf97f92db0cb0c to remote] DEBUG o.a.h.i.c.PoolingHttpClientConnectionManager - Connection released: [id: 60][route: {}->http://localhost:26477][total kept alive: 0; route allocated: 0 of 2000; total allocated: 0 of 2000]
11:39:56.317 [Forwarding getElementText on session d94198a6aa3008d5ffaf97f92db0cb0c to remote] DEBUG o.a.h.c.protocol.RequestAddCookies - CookieSpec selected: best-match
11:39:56.317 [Forwarding getElementText on session d94198a6aa3008d5ffaf97f92db0cb0c to remote] DEBUG o.a.h.c.protocol.RequestAuthCache - Auth cache not set in the context
11:39:56.317 [Forwarding getElementText on session d94198a6aa3008d5ffaf97f92db0cb0c to remote] DEBUG o.a.h.i.c.PoolingHttpClientConnectionManager - Connection request: [route: {}->http://localhost:26477][total kept alive: 0; route allocated: 0 of 2000; total allocated: 0 of 2000]
11:39:56.317 [Forwarding getElementText on session d94198a6aa3008d5ffaf97f92db0cb0c to remote] DEBUG o.a.h.i.c.PoolingHttpClientConnectionManager - Connection leased: [id: 61][route: {}->http://localhost:26477][total kept alive: 0; route allocated: 1 of 2000; total allocated: 1 of 2000]
11:39:56.317 [Forwarding getElementText on session d94198a6aa3008d5ffaf97f92db0cb0c to remote] DEBUG o.a.h.impl.execchain.MainClientExec - Opening connection {}->http://localhost:26477
11:39:56.317 [Forwarding getElementText on session d94198a6aa3008d5ffaf97f92db0cb0c to remote] DEBUG o.a.h.i.c.HttpClientConnectionOperator - Connecting to localhost/127.0.0.1:26477
11:39:56.317 [Forwarding getElementText on session d94198a6aa3008d5ffaf97f92db0cb0c to remote] DEBUG o.a.h.i.c.HttpClientConnectionOperator - Connection established 127.0.0.1:57337<->127.0.0.1:26477
11:39:56.317 [Forwarding getElementText on session d94198a6aa3008d5ffaf97f92db0cb0c to remote] DEBUG o.a.h.impl.execchain.MainClientExec - Executing request GET /session/d94198a6aa3008d5ffaf97f92db0cb0c/element/0.5152662619948387-16/text HTTP/1.1
11:39:56.317 [Forwarding getElementText on session d94198a6aa3008d5ffaf97f92db0cb0c to remote] DEBUG o.a.h.impl.execchain.MainClientExec - Target auth state: UNCHALLENGED
11:39:56.317 [Forwarding getElementText on session d94198a6aa3008d5ffaf97f92db0cb0c to remote] DEBUG o.a.h.impl.execchain.MainClientExec - Proxy auth state: UNCHALLENGED
11:39:56.317 [Forwarding getElementText on session d94198a6aa3008d5ffaf97f92db0cb0c to remote] DEBUG org.apache.http.headers - http-outgoing-61 >> GET /session/d94198a6aa3008d5ffaf97f92db0cb0c/element/0.5152662619948387-16/text HTTP/1.1
11:39:56.317 [Forwarding getElementText on session d94198a6aa3008d5ffaf97f92db0cb0c to remote] DEBUG org.apache.http.headers - http-outgoing-61 >> Cache-Control: no-cache
11:39:56.317 [Forwarding getElementText on session d94198a6aa3008d5ffaf97f92db0cb0c to remote] DEBUG org.apache.http.headers - http-outgoing-61 >> Host: localhost:26477
11:39:56.317 [Forwarding getElementText on session d94198a6aa3008d5ffaf97f92db0cb0c to remote] DEBUG org.apache.http.headers - http-outgoing-61 >> Connection: Keep-Alive
11:39:56.317 [Forwarding getElementText on session d94198a6aa3008d5ffaf97f92db0cb0c to remote] DEBUG org.apache.http.headers - http-outgoing-61 >> User-Agent: Apache-HttpClient/4.3.4 (java 1.5)
11:39:56.317 [Forwarding getElementText on session d94198a6aa3008d5ffaf97f92db0cb0c to remote] DEBUG org.apache.http.headers - http-outgoing-61 >> Accept-Encoding: gzip,deflate
11:39:56.317 [Forwarding getElementText on session d94198a6aa3008d5ffaf97f92db0cb0c to remote] DEBUG org.apache.http.wire - http-outgoing-61 >> "GET /session/d94198a6aa3008d5ffaf97f92db0cb0c/element/0.5152662619948387-16/text HTTP/1.1[\r][\n]"
11:39:56.317 [Forwarding getElementText on session d94198a6aa3008d5ffaf97f92db0cb0c to remote] DEBUG org.apache.http.wire - http-outgoing-61 >> "Cache-Control: no-cache[\r][\n]"
11:39:56.317 [Forwarding getElementText on session d94198a6aa3008d5ffaf97f92db0cb0c to remote] DEBUG org.apache.http.wire - http-outgoing-61 >> "Host: localhost:26477[\r][\n]"
11:39:56.317 [Forwarding getElementText on session d94198a6aa3008d5ffaf97f92db0cb0c to remote] DEBUG org.apache.http.wire - http-outgoing-61 >> "Connection: Keep-Alive[\r][\n]"
11:39:56.318 [Forwarding getElementText on session d94198a6aa3008d5ffaf97f92db0cb0c to remote] DEBUG org.apache.http.wire - http-outgoing-61 >> "User-Agent: Apache-HttpClient/4.3.4 (java 1.5)[\r][\n]"
11:39:56.318 [Forwarding getElementText on session d94198a6aa3008d5ffaf97f92db0cb0c to remote] DEBUG org.apache.http.wire - http-outgoing-61 >> "Accept-Encoding: gzip,deflate[\r][\n]"
11:39:56.318 [Forwarding getElementText on session d94198a6aa3008d5ffaf97f92db0cb0c to remote] DEBUG org.apache.http.wire - http-outgoing-61 >> "[\r][\n]"
11:39:56.336 [Forwarding getElementText on session d94198a6aa3008d5ffaf97f92db0cb0c to remote] DEBUG org.apache.http.wire - http-outgoing-61 << "HTTP/1.1 200 OK[\r][\n]"
11:39:56.336 [Forwarding getElementText on session d94198a6aa3008d5ffaf97f92db0cb0c to remote] DEBUG org.apache.http.wire - http-outgoing-61 << "Content-Length:91[\r][\n]"
11:39:56.336 [Forwarding getElementText on session d94198a6aa3008d5ffaf97f92db0cb0c to remote] DEBUG org.apache.http.wire - http-outgoing-61 << "Content-Type:application/json; charset=utf-8[\r][\n]"
11:39:56.336 [Forwarding getElementText on session d94198a6aa3008d5ffaf97f92db0cb0c to remote] DEBUG org.apache.http.wire - http-outgoing-61 << "Connection:close[\r][\n]"
11:39:56.336 [Forwarding getElementText on session d94198a6aa3008d5ffaf97f92db0cb0c to remote] DEBUG org.apache.http.wire - http-outgoing-61 << "[\r][\n]"
11:39:56.336 [Forwarding getElementText on session d94198a6aa3008d5ffaf97f92db0cb0c to remote] DEBUG org.apache.http.wire - http-outgoing-61 << "{"sessionId":"d94198a6aa3008d5ffaf97f92db0cb0c","status":0,"value":"Show Advanced Filters"}"
11:39:56.336 [Forwarding getElementText on session d94198a6aa3008d5ffaf97f92db0cb0c to remote] DEBUG org.apache.http.headers - http-outgoing-61 << HTTP/1.1 200 OK
11:39:56.336 [Forwarding getElementText on session d94198a6aa3008d5ffaf97f92db0cb0c to remote] DEBUG org.apache.http.headers - http-outgoing-61 << Content-Length:91
11:39:56.336 [Forwarding getElementText on session d94198a6aa3008d5ffaf97f92db0cb0c to remote] DEBUG org.apache.http.headers - http-outgoing-61 << Content-Type:application/json; charset=utf-8
11:39:56.336 [Forwarding getElementText on session d94198a6aa3008d5ffaf97f92db0cb0c to remote] DEBUG org.apache.http.headers - http-outgoing-61 << Connection:close
11:39:56.336 [Forwarding getElementText on session d94198a6aa3008d5ffaf97f92db0cb0c to remote] DEBUG o.a.h.i.c.DefaultManagedHttpClientConnection - http-outgoing-61: Shutdown connection
11:39:56.336 [Forwarding getElementText on session d94198a6aa3008d5ffaf97f92db0cb0c to remote] DEBUG o.a.h.impl.execchain.MainClientExec - Connection discarded
11:39:56.336 [Forwarding getElementText on session d94198a6aa3008d5ffaf97f92db0cb0c to remote] DEBUG o.a.h.i.c.DefaultManagedHttpClientConnection - http-outgoing-61: Close connection
11:39:56.336 [Forwarding getElementText on session d94198a6aa3008d5ffaf97f92db0cb0c to remote] DEBUG o.a.h.i.c.PoolingHttpClientConnectionManager - Connection released: [id: 61][route: {}->http://localhost:26477][total kept alive: 0; route allocated: 0 of 2000; total allocated: 0 of 2000]
11:39:56.337 [Forwarding getElementText on session d94198a6aa3008d5ffaf97f92db0cb0c to remote] DEBUG o.a.h.c.protocol.RequestAddCookies - CookieSpec selected: best-match
11:39:56.337 [Forwarding getElementText on session d94198a6aa3008d5ffaf97f92db0cb0c to remote] DEBUG o.a.h.c.protocol.RequestAuthCache - Auth cache not set in the context
11:39:56.337 [Forwarding getElementText on session d94198a6aa3008d5ffaf97f92db0cb0c to remote] DEBUG o.a.h.i.c.PoolingHttpClientConnectionManager - Connection request: [route: {}->http://localhost:26477][total kept alive: 0; route allocated: 0 of 2000; total allocated: 0 of 2000]
11:39:56.338 [Forwarding getElementText on session d94198a6aa3008d5ffaf97f92db0cb0c to remote] DEBUG o.a.h.i.c.PoolingHttpClientConnectionManager - Connection leased: [id: 62][route: {}->http://localhost:26477][total kept alive: 0; route allocated: 1 of 2000; total allocated: 1 of 2000]
11:39:56.338 [Forwarding getElementText on session d94198a6aa3008d5ffaf97f92db0cb0c to remote] DEBUG o.a.h.impl.execchain.MainClientExec - Opening connection {}->http://localhost:26477
11:39:56.338 [Forwarding getElementText on session d94198a6aa3008d5ffaf97f92db0cb0c to remote] DEBUG o.a.h.i.c.HttpClientConnectionOperator - Connecting to localhost/127.0.0.1:26477
11:39:56.338 [Forwarding getElementText on session d94198a6aa3008d5ffaf97f92db0cb0c to remote] DEBUG o.a.h.i.c.HttpClientConnectionOperator - Connection established 127.0.0.1:57338<->127.0.0.1:26477
11:39:56.338 [Forwarding getElementText on session d94198a6aa3008d5ffaf97f92db0cb0c to remote] DEBUG o.a.h.impl.execchain.MainClientExec - Executing request GET /session/d94198a6aa3008d5ffaf97f92db0cb0c/element/0.5152662619948387-19/text HTTP/1.1
11:39:56.338 [Forwarding getElementText on session d94198a6aa3008d5ffaf97f92db0cb0c to remote] DEBUG o.a.h.impl.execchain.MainClientExec - Target auth state: UNCHALLENGED
11:39:56.338 [Forwarding getElementText on session d94198a6aa3008d5ffaf97f92db0cb0c to remote] DEBUG o.a.h.impl.execchain.MainClientExec - Proxy auth state: UNCHALLENGED
11:39:56.338 [Forwarding getElementText on session d94198a6aa3008d5ffaf97f92db0cb0c to remote] DEBUG org.apache.http.headers - http-outgoing-62 >> GET /session/d94198a6aa3008d5ffaf97f92db0cb0c/element/0.5152662619948387-19/text HTTP/1.1
11:39:56.338 [Forwarding getElementText on session d94198a6aa3008d5ffaf97f92db0cb0c to remote] DEBUG org.apache.http.headers - http-outgoing-62 >> Cache-Control: no-cache
11:39:56.338 [Forwarding getElementText on session d94198a6aa3008d5ffaf97f92db0cb0c to remote] DEBUG org.apache.http.headers - http-outgoing-62 >> Host: localhost:26477
11:39:56.338 [Forwarding getElementText on session d94198a6aa3008d5ffaf97f92db0cb0c to remote] DEBUG org.apache.http.headers - http-outgoing-62 >> Connection: Keep-Alive
11:39:56.338 [Forwarding getElementText on session d94198a6aa3008d5ffaf97f92db0cb0c to remote] DEBUG org.apache.http.headers - http-outgoing-62 >> User-Agent: Apache-HttpClient/4.3.4 (java 1.5)
11:39:56.338 [Forwarding getElementText on session d94198a6aa3008d5ffaf97f92db0cb0c to remote] DEBUG org.apache.http.headers - http-outgoing-62 >> Accept-Encoding: gzip,deflate
11:39:56.338 [Forwarding getElementText on session d94198a6aa3008d5ffaf97f92db0cb0c to remote] DEBUG org.apache.http.wire - http-outgoing-62 >> "GET /session/d94198a6aa3008d5ffaf97f92db0cb0c/element/0.5152662619948387-19/text HTTP/1.1[\r][\n]"
11:39:56.338 [Forwarding getElementText on session d94198a6aa3008d5ffaf97f92db0cb0c to remote] DEBUG org.apache.http.wire - http-outgoing-62 >> "Cache-Control: no-cache[\r][\n]"
11:39:56.338 [Forwarding getElementText on session d94198a6aa3008d5ffaf97f92db0cb0c to remote] DEBUG org.apache.http.wire - http-outgoing-62 >> "Host: localhost:26477[\r][\n]"
11:39:56.338 [Forwarding getElementText on session d94198a6aa3008d5ffaf97f92db0cb0c to remote] DEBUG org.apache.http.wire - http-outgoing-62 >> "Connection: Keep-Alive[\r][\n]"
11:39:56.338 [Forwarding getElementText on session d94198a6aa3008d5ffaf97f92db0cb0c to remote] DEBUG org.apache.http.wire - http-outgoing-62 >> "User-Agent: Apache-HttpClient/4.3.4 (java 1.5)[\r][\n]"
11:39:56.338 [Forwarding getElementText on session d94198a6aa3008d5ffaf97f92db0cb0c to remote] DEBUG org.apache.http.wire - http-outgoing-62 >> "Accept-Encoding: gzip,deflate[\r][\n]"
11:39:56.338 [Forwarding getElementText on session d94198a6aa3008d5ffaf97f92db0cb0c to remote] DEBUG org.apache.http.wire - http-outgoing-62 >> "[\r][\n]"
11:39:56.375 [Forwarding getElementText on session d94198a6aa3008d5ffaf97f92db0cb0c to remote] DEBUG org.apache.http.wire - http-outgoing-62 << "HTTP/1.1 200 OK[\r][\n]"
11:39:56.375 [Forwarding getElementText on session d94198a6aa3008d5ffaf97f92db0cb0c to remote] DEBUG org.apache.http.wire - http-outgoing-62 << "Content-Length:75[\r][\n]"
11:39:56.375 [Forwarding getElementText on session d94198a6aa3008d5ffaf97f92db0cb0c to remote] DEBUG org.apache.http.wire - http-outgoing-62 << "Content-Type:application/json; charset=utf-8[\r][\n]"
11:39:56.375 [Forwarding getElementText on session d94198a6aa3008d5ffaf97f92db0cb0c to remote] DEBUG org.apache.http.wire - http-outgoing-62 << "Connection:close[\r][\n]"
11:39:56.375 [Forwarding getElementText on session d94198a6aa3008d5ffaf97f92db0cb0c to remote] DEBUG org.apache.http.wire - http-outgoing-62 << "[\r][\n]"
11:39:56.375 [Forwarding getElementText on session d94198a6aa3008d5ffaf97f92db0cb0c to remote] DEBUG org.apache.http.wire - http-outgoing-62 << "{"sessionId":"d94198a6aa3008d5ffaf97f92db0cb0c","status":0,"value":"SUTUU"}"
11:39:56.375 [Forwarding getElementText on session d94198a6aa3008d5ffaf97f92db0cb0c to remote] DEBUG org.apache.http.headers - http-outgoing-62 << HTTP/1.1 200 OK
11:39:56.375 [Forwarding getElementText on session d94198a6aa3008d5ffaf97f92db0cb0c to remote] DEBUG org.apache.http.headers - http-outgoing-62 << Content-Length:75
11:39:56.375 [Forwarding getElementText on session d94198a6aa3008d5ffaf97f92db0cb0c to remote] DEBUG org.apache.http.headers - http-outgoing-62 << Content-Type:application/json; charset=utf-8
11:39:56.375 [Forwarding getElementText on session d94198a6aa3008d5ffaf97f92db0cb0c to remote] DEBUG org.apache.http.headers - http-outgoing-62 << Connection:close
11:39:56.375 [Forwarding getElementText on session d94198a6aa3008d5ffaf97f92db0cb0c to remote] DEBUG o.a.h.i.c.DefaultManagedHttpClientConnection - http-outgoing-62: Shutdown connection
11:39:56.375 [Forwarding getElementText on session d94198a6aa3008d5ffaf97f92db0cb0c to remote] DEBUG o.a.h.impl.execchain.MainClientExec - Connection discarded
11:39:56.375 [Forwarding getElementText on session d94198a6aa3008d5ffaf97f92db0cb0c to remote] DEBUG o.a.h.i.c.DefaultManagedHttpClientConnection - http-outgoing-62: Close connection
11:39:56.375 [Forwarding getElementText on session d94198a6aa3008d5ffaf97f92db0cb0c to remote] DEBUG o.a.h.i.c.PoolingHttpClientConnectionManager - Connection released: [id: 62][route: {}->http://localhost:26477][total kept alive: 0; route allocated: 0 of 2000; total allocated: 0 of 2000]
11:39:56.376 [Forwarding getElementText on session d94198a6aa3008d5ffaf97f92db0cb0c to remote] DEBUG o.a.h.c.protocol.RequestAddCookies - CookieSpec selected: best-match
11:39:56.376 [Forwarding getElementText on session d94198a6aa3008d5ffaf97f92db0cb0c to remote] DEBUG o.a.h.c.protocol.RequestAuthCache - Auth cache not set in the context
11:39:56.376 [Forwarding getElementText on session d94198a6aa3008d5ffaf97f92db0cb0c to remote] DEBUG o.a.h.i.c.PoolingHttpClientConnectionManager - Connection request: [route: {}->http://localhost:26477][total kept alive: 0; route allocated: 0 of 2000; total allocated: 0 of 2000]
11:39:56.376 [Forwarding getElementText on session d94198a6aa3008d5ffaf97f92db0cb0c to remote] DEBUG o.a.h.i.c.PoolingHttpClientConnectionManager - Connection leased: [id: 63][route: {}->http://localhost:26477][total kept alive: 0; route allocated: 1 of 2000; total allocated: 1 of 2000]
11:39:56.376 [Forwarding getElementText on session d94198a6aa3008d5ffaf97f92db0cb0c to remote] DEBUG o.a.h.impl.execchain.MainClientExec - Opening connection {}->http://localhost:26477
11:39:56.376 [Forwarding getElementText on session d94198a6aa3008d5ffaf97f92db0cb0c to remote] DEBUG o.a.h.i.c.HttpClientConnectionOperator - Connecting to localhost/127.0.0.1:26477
11:39:56.376 [Forwarding getElementText on session d94198a6aa3008d5ffaf97f92db0cb0c to remote] DEBUG o.a.h.i.c.HttpClientConnectionOperator - Connection established 127.0.0.1:57339<->127.0.0.1:26477
11:39:56.376 [Forwarding getElementText on session d94198a6aa3008d5ffaf97f92db0cb0c to remote] DEBUG o.a.h.impl.execchain.MainClientExec - Executing request GET /session/d94198a6aa3008d5ffaf97f92db0cb0c/element/0.5152662619948387-20/text HTTP/1.1
11:39:56.376 [Forwarding getElementText on session d94198a6aa3008d5ffaf97f92db0cb0c to remote] DEBUG o.a.h.impl.execchain.MainClientExec - Target auth state: UNCHALLENGED
11:39:56.376 [Forwarding getElementText on session d94198a6aa3008d5ffaf97f92db0cb0c to remote] DEBUG o.a.h.impl.execchain.MainClientExec - Proxy auth state: UNCHALLENGED
11:39:56.376 [Forwarding getElementText on session d94198a6aa3008d5ffaf97f92db0cb0c to remote] DEBUG org.apache.http.headers - http-outgoing-63 >> GET /session/d94198a6aa3008d5ffaf97f92db0cb0c/element/0.5152662619948387-20/text HTTP/1.1
11:39:56.376 [Forwarding getElementText on session d94198a6aa3008d5ffaf97f92db0cb0c to remote] DEBUG org.apache.http.headers - http-outgoing-63 >> Cache-Control: no-cache
11:39:56.376 [Forwarding getElementText on session d94198a6aa3008d5ffaf97f92db0cb0c to remote] DEBUG org.apache.http.headers - http-outgoing-63 >> Host: localhost:26477
11:39:56.376 [Forwarding getElementText on session d94198a6aa3008d5ffaf97f92db0cb0c to remote] DEBUG org.apache.http.headers - http-outgoing-63 >> Connection: Keep-Alive
11:39:56.376 [Forwarding getElementText on session d94198a6aa3008d5ffaf97f92db0cb0c to remote] DEBUG org.apache.http.headers - http-outgoing-63 >> User-Agent: Apache-HttpClient/4.3.4 (java 1.5)
11:39:56.376 [Forwarding getElementText on session d94198a6aa3008d5ffaf97f92db0cb0c to remote] DEBUG org.apache.http.headers - http-outgoing-63 >> Accept-Encoding: gzip,deflate
11:39:56.376 [Forwarding getElementText on session d94198a6aa3008d5ffaf97f92db0cb0c to remote] DEBUG org.apache.http.wire - http-outgoing-63 >> "GET /session/d94198a6aa3008d5ffaf97f92db0cb0c/element/0.5152662619948387-20/text HTTP/1.1[\r][\n]"
11:39:56.376 [Forwarding getElementText on session d94198a6aa3008d5ffaf97f92db0cb0c to remote] DEBUG org.apache.http.wire - http-outgoing-63 >> "Cache-Control: no-cache[\r][\n]"
11:39:56.376 [Forwarding getElementText on session d94198a6aa3008d5ffaf97f92db0cb0c to remote] DEBUG org.apache.http.wire - http-outgoing-63 >> "Host: localhost:26477[\r][\n]"
11:39:56.376 [Forwarding getElementText on session d94198a6aa3008d5ffaf97f92db0cb0c to remote] DEBUG org.apache.http.wire - http-outgoing-63 >> "Connection: Keep-Alive[\r][\n]"
11:39:56.376 [Forwarding getElementText on session d94198a6aa3008d5ffaf97f92db0cb0c to remote] DEBUG org.apache.http.wire - http-outgoing-63 >> "User-Agent: Apache-HttpClient/4.3.4 (java 1.5)[\r][\n]"
11:39:56.376 [Forwarding getElementText on session d94198a6aa3008d5ffaf97f92db0cb0c to remote] DEBUG org.apache.http.wire - http-outgoing-63 >> "Accept-Encoding: gzip,deflate[\r][\n]"
11:39:56.376 [Forwarding getElementText on session d94198a6aa3008d5ffaf97f92db0cb0c to remote] DEBUG org.apache.http.wire - http-outgoing-63 >> "[\r][\n]"
11:39:56.391 [Forwarding getElementText on session d94198a6aa3008d5ffaf97f92db0cb0c to remote] DEBUG org.apache.http.wire - http-outgoing-63 << "HTTP/1.1 200 OK[\r][\n]"
11:39:56.391 [Forwarding getElementText on session d94198a6aa3008d5ffaf97f92db0cb0c to remote] DEBUG org.apache.http.wire - http-outgoing-63 << "Content-Length:74[\r][\n]"
11:39:56.391 [Forwarding getElementText on session d94198a6aa3008d5ffaf97f92db0cb0c to remote] DEBUG org.apache.http.wire - http-outgoing-63 << "Content-Type:application/json; charset=utf-8[\r][\n]"
11:39:56.391 [Forwarding getElementText on session d94198a6aa3008d5ffaf97f92db0cb0c to remote] DEBUG org.apache.http.wire - http-outgoing-63 << "Connection:close[\r][\n]"
11:39:56.391 [Forwarding getElementText on session d94198a6aa3008d5ffaf97f92db0cb0c to remote] DEBUG org.apache.http.wire - http-outgoing-63 << "[\r][\n]"
11:39:56.391 [Forwarding getElementText on session d94198a6aa3008d5ffaf97f92db0cb0c to remote] DEBUG org.apache.http.wire - http-outgoing-63 << "{"sessionId":"d94198a6aa3008d5ffaf97f92db0cb0c","status":0,"value":"Test"}"
11:39:56.391 [Forwarding getElementText on session d94198a6aa3008d5ffaf97f92db0cb0c to remote] DEBUG org.apache.http.headers - http-outgoing-63 << HTTP/1.1 200 OK
11:39:56.391 [Forwarding getElementText on session d94198a6aa3008d5ffaf97f92db0cb0c to remote] DEBUG org.apache.http.headers - http-outgoing-63 << Content-Length:74
11:39:56.391 [Forwarding getElementText on session d94198a6aa3008d5ffaf97f92db0cb0c to remote] DEBUG org.apache.http.headers - http-outgoing-63 << Content-Type:application/json; charset=utf-8
11:39:56.391 [Forwarding getElementText on session d94198a6aa3008d5ffaf97f92db0cb0c to remote] DEBUG org.apache.http.headers - http-outgoing-63 << Connection:close
11:39:56.392 [Forwarding getElementText on session d94198a6aa3008d5ffaf97f92db0cb0c to remote] DEBUG o.a.h.i.c.DefaultManagedHttpClientConnection - http-outgoing-63: Shutdown connection
11:39:56.392 [Forwarding getElementText on session d94198a6aa3008d5ffaf97f92db0cb0c to remote] DEBUG o.a.h.impl.execchain.MainClientExec - Connection discarded
11:39:56.392 [Forwarding getElementText on session d94198a6aa3008d5ffaf97f92db0cb0c to remote] DEBUG o.a.h.i.c.DefaultManagedHttpClientConnection - http-outgoing-63: Close connection
11:39:56.392 [Forwarding getElementText on session d94198a6aa3008d5ffaf97f92db0cb0c to remote] DEBUG o.a.h.i.c.PoolingHttpClientConnectionManager - Connection released: [id: 63][route: {}->http://localhost:26477][total kept alive: 0; route allocated: 0 of 2000; total allocated: 0 of 2000]
11:39:56.392 [Forwarding isElementDisplayed on session d94198a6aa3008d5ffaf97f92db0cb0c to remote] DEBUG o.a.h.c.protocol.RequestAddCookies - CookieSpec selected: best-match
11:39:56.392 [Forwarding isElementDisplayed on session d94198a6aa3008d5ffaf97f92db0cb0c to remote] DEBUG o.a.h.c.protocol.RequestAuthCache - Auth cache not set in the context
11:39:56.393 [Forwarding isElementDisplayed on session d94198a6aa3008d5ffaf97f92db0cb0c to remote] DEBUG o.a.h.i.c.PoolingHttpClientConnectionManager - Connection request: [route: {}->http://localhost:26477][total kept alive: 0; route allocated: 0 of 2000; total allocated: 0 of 2000]
11:39:56.393 [Forwarding isElementDisplayed on session d94198a6aa3008d5ffaf97f92db0cb0c to remote] DEBUG o.a.h.i.c.PoolingHttpClientConnectionManager - Connection leased: [id: 64][route: {}->http://localhost:26477][total kept alive: 0; route allocated: 1 of 2000; total allocated: 1 of 2000]
11:39:56.393 [Forwarding isElementDisplayed on session d94198a6aa3008d5ffaf97f92db0cb0c to remote] DEBUG o.a.h.impl.execchain.MainClientExec - Opening connection {}->http://localhost:26477
11:39:56.393 [Forwarding isElementDisplayed on session d94198a6aa3008d5ffaf97f92db0cb0c to remote] DEBUG o.a.h.i.c.HttpClientConnectionOperator - Connecting to localhost/127.0.0.1:26477
11:39:56.393 [Forwarding isElementDisplayed on session d94198a6aa3008d5ffaf97f92db0cb0c to remote] DEBUG o.a.h.i.c.HttpClientConnectionOperator - Connection established 127.0.0.1:57340<->127.0.0.1:26477
11:39:56.393 [Forwarding isElementDisplayed on session d94198a6aa3008d5ffaf97f92db0cb0c to remote] DEBUG o.a.h.impl.execchain.MainClientExec - Executing request GET /session/d94198a6aa3008d5ffaf97f92db0cb0c/element/0.5152662619948387-10/displayed HTTP/1.1
11:39:56.393 [Forwarding isElementDisplayed on session d94198a6aa3008d5ffaf97f92db0cb0c to remote] DEBUG o.a.h.impl.execchain.MainClientExec - Target auth state: UNCHALLENGED
11:39:56.393 [Forwarding isElementDisplayed on session d94198a6aa3008d5ffaf97f92db0cb0c to remote] DEBUG o.a.h.impl.execchain.MainClientExec - Proxy auth state: UNCHALLENGED
11:39:56.393 [Forwarding isElementDisplayed on session d94198a6aa3008d5ffaf97f92db0cb0c to remote] DEBUG org.apache.http.headers - http-outgoing-64 >> GET /session/d94198a6aa3008d5ffaf97f92db0cb0c/element/0.5152662619948387-10/displayed HTTP/1.1
11:39:56.393 [Forwarding isElementDisplayed on session d94198a6aa3008d5ffaf97f92db0cb0c to remote] DEBUG org.apache.http.headers - http-outgoing-64 >> Cache-Control: no-cache
11:39:56.393 [Forwarding isElementDisplayed on session d94198a6aa3008d5ffaf97f92db0cb0c to remote] DEBUG org.apache.http.headers - http-outgoing-64 >> Host: localhost:26477
11:39:56.393 [Forwarding isElementDisplayed on session d94198a6aa3008d5ffaf97f92db0cb0c to remote] DEBUG org.apache.http.headers - http-outgoing-64 >> Connection: Keep-Alive
11:39:56.393 [Forwarding isElementDisplayed on session d94198a6aa3008d5ffaf97f92db0cb0c to remote] DEBUG org.apache.http.headers - http-outgoing-64 >> User-Agent: Apache-HttpClient/4.3.4 (java 1.5)
11:39:56.393 [Forwarding isElementDisplayed on session d94198a6aa3008d5ffaf97f92db0cb0c to remote] DEBUG org.apache.http.headers - http-outgoing-64 >> Accept-Encoding: gzip,deflate
11:39:56.393 [Forwarding isElementDisplayed on session d94198a6aa3008d5ffaf97f92db0cb0c to remote] DEBUG org.apache.http.wire - http-outgoing-64 >> "GET /session/d94198a6aa3008d5ffaf97f92db0cb0c/element/0.5152662619948387-10/displayed HTTP/1.1[\r][\n]"
11:39:56.393 [Forwarding isElementDisplayed on session d94198a6aa3008d5ffaf97f92db0cb0c to remote] DEBUG org.apache.http.wire - http-outgoing-64 >> "Cache-Control: no-cache[\r][\n]"
11:39:56.393 [Forwarding isElementDisplayed on session d94198a6aa3008d5ffaf97f92db0cb0c to remote] DEBUG org.apache.http.wire - http-outgoing-64 >> "Host: localhost:26477[\r][\n]"
11:39:56.393 [Forwarding isElementDisplayed on session d94198a6aa3008d5ffaf97f92db0cb0c to remote] DEBUG org.apache.http.wire - http-outgoing-64 >> "Connection: Keep-Alive[\r][\n]"
11:39:56.393 [Forwarding isElementDisplayed on session d94198a6aa3008d5ffaf97f92db0cb0c to remote] DEBUG org.apache.http.wire - http-outgoing-64 >> "User-Agent: Apache-HttpClient/4.3.4 (java 1.5)[\r][\n]"
11:39:56.393 [Forwarding isElementDisplayed on session d94198a6aa3008d5ffaf97f92db0cb0c to remote] DEBUG org.apache.http.wire - http-outgoing-64 >> "Accept-Encoding: gzip,deflate[\r][\n]"
11:39:56.393 [Forwarding isElementDisplayed on session d94198a6aa3008d5ffaf97f92db0cb0c to remote] DEBUG org.apache.http.wire - http-outgoing-64 >> "[\r][\n]"
11:39:56.402 [Forwarding isElementDisplayed on session d94198a6aa3008d5ffaf97f92db0cb0c to remote] DEBUG org.apache.http.wire - http-outgoing-64 << "HTTP/1.1 200 OK[\r][\n]"
11:39:56.402 [Forwarding isElementDisplayed on session d94198a6aa3008d5ffaf97f92db0cb0c to remote] DEBUG org.apache.http.wire - http-outgoing-64 << "Content-Length:72[\r][\n]"
11:39:56.402 [Forwarding isElementDisplayed on session d94198a6aa3008d5ffaf97f92db0cb0c to remote] DEBUG org.apache.http.wire - http-outgoing-64 << "Content-Type:application/json; charset=utf-8[\r][\n]"
11:39:56.402 [Forwarding isElementDisplayed on session d94198a6aa3008d5ffaf97f92db0cb0c to remote] DEBUG org.apache.http.wire - http-outgoing-64 << "Connection:close[\r][\n]"
11:39:56.402 [Forwarding isElementDisplayed on session d94198a6aa3008d5ffaf97f92db0cb0c to remote] DEBUG org.apache.http.wire - http-outgoing-64 << "[\r][\n]"
11:39:56.402 [Forwarding isElementDisplayed on session d94198a6aa3008d5ffaf97f92db0cb0c to remote] DEBUG org.apache.http.wire - http-outgoing-64 << "{"sessionId":"d94198a6aa3008d5ffaf97f92db0cb0c","status":0,"value":true}"
11:39:56.402 [Forwarding isElementDisplayed on session d94198a6aa3008d5ffaf97f92db0cb0c to remote] DEBUG org.apache.http.headers - http-outgoing-64 << HTTP/1.1 200 OK
11:39:56.402 [Forwarding isElementDisplayed on session d94198a6aa3008d5ffaf97f92db0cb0c to remote] DEBUG org.apache.http.headers - http-outgoing-64 << Content-Length:72
11:39:56.402 [Forwarding isElementDisplayed on session d94198a6aa3008d5ffaf97f92db0cb0c to remote] DEBUG org.apache.http.headers - http-outgoing-64 << Content-Type:application/json; charset=utf-8
11:39:56.402 [Forwarding isElementDisplayed on session d94198a6aa3008d5ffaf97f92db0cb0c to remote] DEBUG org.apache.http.headers - http-outgoing-64 << Connection:close
11:39:56.403 [Forwarding isElementDisplayed on session d94198a6aa3008d5ffaf97f92db0cb0c to remote] DEBUG o.a.h.i.c.DefaultManagedHttpClientConnection - http-outgoing-64: Shutdown connection
11:39:56.403 [Forwarding isElementDisplayed on session d94198a6aa3008d5ffaf97f92db0cb0c to remote] DEBUG o.a.h.impl.execchain.MainClientExec - Connection discarded
11:39:56.403 [Forwarding isElementDisplayed on session d94198a6aa3008d5ffaf97f92db0cb0c to remote] DEBUG o.a.h.i.c.DefaultManagedHttpClientConnection - http-outgoing-64: Close connection
11:39:56.403 [Forwarding isElementDisplayed on session d94198a6aa3008d5ffaf97f92db0cb0c to remote] DEBUG o.a.h.i.c.PoolingHttpClientConnectionManager - Connection released: [id: 64][route: {}->http://localhost:26477][total kept alive: 0; route allocated: 0 of 2000; total allocated: 0 of 2000]
11:39:56.403 [Forwarding getPageSource on session d94198a6aa3008d5ffaf97f92db0cb0c to remote] DEBUG o.a.h.c.protocol.RequestAddCookies - CookieSpec selected: best-match
11:39:56.403 [Forwarding getPageSource on session d94198a6aa3008d5ffaf97f92db0cb0c to remote] DEBUG o.a.h.c.protocol.RequestAuthCache - Auth cache not set in the context
11:39:56.403 [Forwarding getPageSource on session d94198a6aa3008d5ffaf97f92db0cb0c to remote] DEBUG o.a.h.i.c.PoolingHttpClientConnectionManager - Connection request: [route: {}->http://localhost:26477][total kept alive: 0; route allocated: 0 of 2000; total allocated: 0 of 2000]
11:39:56.403 [Forwarding getPageSource on session d94198a6aa3008d5ffaf97f92db0cb0c to remote] DEBUG o.a.h.i.c.PoolingHttpClientConnectionManager - Connection leased: [id: 65][route: {}->http://localhost:26477][total kept alive: 0; route allocated: 1 of 2000; total allocated: 1 of 2000]
11:39:56.403 [Forwarding getPageSource on session d94198a6aa3008d5ffaf97f92db0cb0c to remote] DEBUG o.a.h.impl.execchain.MainClientExec - Opening connection {}->http://localhost:26477
11:39:56.403 [Forwarding getPageSource on session d94198a6aa3008d5ffaf97f92db0cb0c to remote] DEBUG o.a.h.i.c.HttpClientConnectionOperator - Connecting to localhost/127.0.0.1:26477
11:39:56.404 [Forwarding getPageSource on session d94198a6aa3008d5ffaf97f92db0cb0c to remote] DEBUG o.a.h.i.c.HttpClientConnectionOperator - Connection established 127.0.0.1:57341<->127.0.0.1:26477
11:39:56.404 [Forwarding getPageSource on session d94198a6aa3008d5ffaf97f92db0cb0c to remote] DEBUG o.a.h.impl.execchain.MainClientExec - Executing request GET /session/d94198a6aa3008d5ffaf97f92db0cb0c/source HTTP/1.1
11:39:56.404 [Forwarding getPageSource on session d94198a6aa3008d5ffaf97f92db0cb0c to remote] DEBUG o.a.h.impl.execchain.MainClientExec - Target auth state: UNCHALLENGED
11:39:56.404 [Forwarding getPageSource on session d94198a6aa3008d5ffaf97f92db0cb0c to remote] DEBUG o.a.h.impl.execchain.MainClientExec - Proxy auth state: UNCHALLENGED
11:39:56.404 [Forwarding getPageSource on session d94198a6aa3008d5ffaf97f92db0cb0c to remote] DEBUG org.apache.http.headers - http-outgoing-65 >> GET /session/d94198a6aa3008d5ffaf97f92db0cb0c/source HTTP/1.1
11:39:56.404 [Forwarding getPageSource on session d94198a6aa3008d5ffaf97f92db0cb0c to remote] DEBUG org.apache.http.headers - http-outgoing-65 >> Cache-Control: no-cache
11:39:56.404 [Forwarding getPageSource on session d94198a6aa3008d5ffaf97f92db0cb0c to remote] DEBUG org.apache.http.headers - http-outgoing-65 >> Host: localhost:26477
11:39:56.404 [Forwarding getPageSource on session d94198a6aa3008d5ffaf97f92db0cb0c to remote] DEBUG org.apache.http.headers - http-outgoing-65 >> Connection: Keep-Alive
11:39:56.404 [Forwarding getPageSource on session d94198a6aa3008d5ffaf97f92db0cb0c to remote] DEBUG org.apache.http.headers - http-outgoing-65 >> User-Agent: Apache-HttpClient/4.3.4 (java 1.5)
11:39:56.404 [Forwarding getPageSource on session d94198a6aa3008d5ffaf97f92db0cb0c to remote] DEBUG org.apache.http.headers - http-outgoing-65 >> Accept-Encoding: gzip,deflate
11:39:56.404 [Forwarding getPageSource on session d94198a6aa3008d5ffaf97f92db0cb0c to remote] DEBUG org.apache.http.wire - http-outgoing-65 >> "GET /session/d94198a6aa3008d5ffaf97f92db0cb0c/source HTTP/1.1[\r][\n]"
11:39:56.404 [Forwarding getPageSource on session d94198a6aa3008d5ffaf97f92db0cb0c to remote] DEBUG org.apache.http.wire - http-outgoing-65 >> "Cache-Control: no-cache[\r][\n]"
11:39:56.404 [Forwarding getPageSource on session d94198a6aa3008d5ffaf97f92db0cb0c to remote] DEBUG org.apache.http.wire - http-outgoing-65 >> "Host: localhost:26477[\r][\n]"
11:39:56.404 [Forwarding getPageSource on session d94198a6aa3008d5ffaf97f92db0cb0c to remote] DEBUG org.apache.http.wire - http-outgoing-65 >> "Connection: Keep-Alive[\r][\n]"
11:39:56.404 [Forwarding getPageSource on session d94198a6aa3008d5ffaf97f92db0cb0c to remote] DEBUG org.apache.http.wire - http-outgoing-65 >> "User-Agent: Apache-HttpClient/4.3.4 (java 1.5)[\r][\n]"
11:39:56.404 [Forwarding getPageSource on session d94198a6aa3008d5ffaf97f92db0cb0c to remote] DEBUG org.apache.http.wire - http-outgoing-65 >> "Accept-Encoding: gzip,deflate[\r][\n]"
11:39:56.404 [Forwarding getPageSource on session d94198a6aa3008d5ffaf97f92db0cb0c to remote] DEBUG org.apache.http.wire - http-outgoing-65 >> "[\r][\n]"
11:39:56.409 [Forwarding getPageSource on session d94198a6aa3008d5ffaf97f92db0cb0c to remote] DEBUG org.apache.http.wire - http-outgoing-65 << "HTTP/1.1 200 OK[\r][\n]"
11:39:56.409 [Forwarding getPageSource on session d94198a6aa3008d5ffaf97f92db0cb0c to remote] DEBUG org.apache.http.wire - http-outgoing-65 << "Content-Length:52692[\r][\n]"
11:39:56.409 [Forwarding getPageSource on session d94198a6aa3008d5ffaf97f92db0cb0c to remote] DEBUG org.apache.http.wire - http-outgoing-65 << "Content-Type:application/json; charset=utf-8[\r][\n]"
11:39:56.409 [Forwarding getPageSource on session d94198a6aa3008d5ffaf97f92db0cb0c to remote] DEBUG org.apache.http.wire - http-outgoing-65 << "Connection:close[\r][\n]"
11:39:56.409 [Forwarding getPageSource on session d94198a6aa3008d5ffaf97f92db0cb0c to remote] DEBUG org.apache.http.wire - http-outgoing-65 << "[\r][\n]"
11:39:56.409 [Forwarding getPageSource on session d94198a6aa3008d5ffaf97f92db0cb0c to remote] DEBUG org.apache.http.wire - http-outgoing-65 << "{"sessionId":"d94198a6aa3008d5ffaf97f92db0cb0c","status":0,"value":"\u003C!DOCTYPE html>\u003Chtml xmlns=\"http://www.w3.org/1999/xhtml\" class=\"no-js\">\u003Chead>\u003Cstyle type=\"text/css\">@charset \"UTF-8\";[ng\\:cloak],[ng-cloak],[data-ng-cloak],[x-ng-cloak],.ng-cloak,.x-ng-cloak,.ng-hide:not(.ng-hide-animate){display:none !important;}ng\\:form{display:block;}.ng-animate-shim{visibility:hidden;}.ng-anchor{position:absolute;}\u003C/style>\n    \u003Cmeta charset=\"utf-8\" />\n    \u003Ctitle>\u003C/title>\n    \u003Cmeta name=\"description\" content=\"\" />\n    \u003Cmeta name=\"viewport\" content=\"width=device-width\" />\n    \u003C!-- build:css(.) styles/vendor.css -->\n    \u003C!-- bower:css -->\n    \u003Clink rel=\"stylesheet\" href=\"bower_components/bootstrap/dist/css/bootstrap.css\" />\n    \u003Clink rel=\"stylesheet\" href=\"bower_components/angular-bootstrap-datetimepicker/src/css/datetimepicker.css\" />\n    \u003Clink rel=\"stylesheet\" href=\"bower_components/angular-dialog-service/dist/dialogs.min.css\" />\n    \u003C!-- endbower -->\n    \u003Clink rel=\"stylesheet\" href=\"bower_components/jquery-ui/themes/base/all.css\" />\n    \u003C!-- endbuild -->\n    \u003C!-- build:css(.tmp) styles/main.css -->\n    \u003Clink rel=\"stylesheet\" href=\"styles/main.css\" />\n    \u003C!-- endbuild -->\n  \u003C/head>\n  \u003Cbody ng-app=\"vouchersUiApp\" class=\"ng-scope\">\n    \u003C!--[if lt IE 7]>\n      \u003Cp class=\"browsehappy\">You are using an \u003Cstrong>outdated\u003C/strong> browser. Please \u003Ca href=\"http://browsehappy.com/\">upgrade your browser\u003C/a> to improve your experience.\u003C/p>\n    \u003C![endif]-->\n    \u003Cserver-connection>\u003Cdiv class=\"col-md-12 alert-message\">\n\u003C!-- ngRepeat: alert in alerts -->\n\u003C/div>\n\u003C/server-connection>\n    \u003C!-- Add your site or application content here -->\n    \u003Cdiv class=\"container\">\n\n        \u003C!-- ngView:  -->\u003Cdiv ng-view=\"\" class=\"body ng-scope\">\u003C!-- ngInclude: undefined -->\u003Cng-include src=\"'/views/header.html'\" class=\"ng-scope\">\u003Cdiv class=\"header ng-scope\">\n    \u003Cul class=\"nav nav-pills pull-right\">\n        \u003Cli>\u003Ca id=\"campaigns-header\" ng-href=\"#/\" class=\"campaigns\" href=\"#/\">Campaigns\u003C/a>\u003C/li>\n        \u003Cli>\u003Ca id=\"create-campaign-header\" ng-href=\"#/campaign\" class=\"campaign\" data-ng-show=\"showCreateCampaign()\" href=\"#/campaign\" style=\"\">Create Campaign\u003C/a>\u003C/li>\n        \u003Cli>\u003Ca id=\"search-vouchers-header\" ng-href=\"#/voucher\" class=\"campaign\" href=\"#/voucher\">Search Vouchers\u003C/a>\u003C/li>\n        \u003Cli>\u003Ca id=\"search-account-header\" ng-href=\"#/account\" class=\"campaign\" href=\"#/account\">Search Account\u003C/a>\u003C/li>\n    \u003C/ul>\n    \u003Ch3>\u003Ca ng-href=\"#/\" href=\"#/\">Voucher Manager\u003C/a>\u003C/h3>\n\u003C/div>\n\u003C/ng-include>\n\u003Cdiv class=\"row name-group ng-scope\">\n  \u003Cdiv class=\"col-md-12\">\n    \u003Ch4>Campaign List\u003C/h4>\n\n    \u003Cform class=\"form-inline search-form ng-pristine ng-valid ng-valid-minlength ng-valid-maxlength\" name=\"nameForm\">\n      \u003Cdiv class=\"form-group col-md-5 \">\n        \u003Clabel for=\"search-name\">Find\u003C/label>\n        \u003Cinput type=\"text\" ng-model=\"searchName\" delayed-model=\"searchName\" name=\"name\" class=\"form-control ng-pristine ng-untouched ng-valid ng-valid-minlength ng-valid-maxlength\" id=\"search-name\" ng-minlength=\"3\" maxlength=\"50\" placeholder=\"Campaign Name (Minimum 3 characters)\" />\n        \u003Cspan id=\"searchclear\" class=\"glyphicon glyphicon-remove-circle\" ng-click=\"clearSearchName()\">\u003C/span>\n      \u003C/div>\n    \u003C/form>\n    \u003Cdiv class=\"btn-group pull-right\">\n      \u003Cbutton type=\"submit\" class=\"btn btn-success\" ng-click=\"exportFilteredList()\">Export Campaign List\u003C/button>\n    \u003C/div>\n  \u003C/div>\n\u003C/div>\n\u003Cdiv class=\"row ng-scope\">\n  \u003Cform class=\"form-inline search-form filter-campaigns ng-pristine ng-valid ng-valid-date\" name=\"searchForm\">\n    \u003Cdiv class=\"col-md-12 ng-hide\" ng-hide=\"!showFilters\">\n      \u003Chr />\n      \u003Cdiv class=\"form-group date-group\">\n        \u003Clabel for=\"start\">Start Date\u003C/label>\n\n        \u003Cdiv class=\"dropdown\">\n          \u003Ca class=\"dropdown-toggle\" id=\"start-dropdown\" role=\"button\" data-toggle=\"dropdown\" data-target=\"#\" href=\"#\" aria-haspopup=\"true\" aria-expanded=\"false\">\n            \u003Cdiv class=\"input-group\">\u003Cinput type=\"text\" size=\"20\" class=\"form-control ng-pristine ng-untouched ng-valid ng-valid-date\" name=\"start\" id=\"start\" data-ng-model=\"search.start\" ng-change=\"checkFilterDateValidity()\" />\u003Cspan class=\"input-group-addon\">\u003Ci class=\"glyphicon glyphicon-calendar\">\u003C/i>\u003C/span>\u003C/div>\n          \u003C/a>\n          \u003Cul class=\"dropdown-menu\" role=\"menu\" aria-labelledby=\"dLabel\">\n            \u003Cdiv class=\"datetimepicker table-responsive ng-isolate-scope ng-valid\" data-ng-model=\"search.start\" data-datetimepicker-config=\"{ dropdownSelector: '#start-dropdown', startView:'day', minView:'day' }\" data-on-set-time=\"setStartDate(newDate, oldDate)\">\u003Ctable class=\"table table-striped  day-view\">   \u003Cthead>       \u003Ctr>           \u003Cth class=\"left\" data-ng-click=\"changeView(data.currentView, data.leftDate, $event)\" data-ng-show=\"data.leftDate.selectable\">\u003Ci class=\"glyphicon glyphicon-arrow-left\">\u003C/i>\u003C/th>           \u003Cth class=\"switch ng-binding\" colspan=\"5\" data-ng-show=\"data.previousViewDate.selectable\" data-ng-click=\"changeView(data.previousView, data.previousViewDate, $event)\">2015-Sep\u003C/th>           \u003Cth class=\"right\" data-ng-click=\"changeView(data.currentView, data.rightDate, $event)\" data-ng-show=\"data.rightDate.selectable\">\u003Ci class=\"glyphicon glyphicon-arrow-right\">\u003C/i>\u003C/th>       \u003C/tr>       \u003Ctr>           \u003C!-- ngRepeat: day in data.dayNames -->\u003Cth class=\"dow ng-binding ng-scope\" data-ng-repeat=\"day in data.dayNames\">Su\u003C/th>\u003C!-- end ngRepeat: day in data.dayNames -->\u003Cth class=\"dow ng-binding ng-scope\" data-ng-repeat=\"day in data.dayNames\">Mo\u003C/th>\u003C!-- end ngRepeat: day in data.dayNames -->\u003Cth class=\"dow ng-binding ng-scope\" data-ng-repeat=\"day in data.dayNames\">Tu\u003C/th>\u003C!-- end ngRepeat: day in data.dayNames -->\u003Cth class=\"dow ng-binding ng-scope\" data-ng-repeat=\"day in data.dayNames\">We\u003C/th>\u003C!-- end ngRepeat: day in data.dayNames -->\u003Cth class=\"dow ng-binding ng-scope\" data-ng-repeat=\"day in data.dayNames\">Th\u003C/th>\u003C!-- end ngRepeat: day in data.dayNames -->\u003Cth class=\"dow ng-binding ng-scope\" data-ng-repeat=\"day in data.dayNames\">Fr\u003C/th>\u003C!-- end ngRepeat: day in data.dayNames -->\u003Cth class=\"dow ng-binding ng-scope\" data-ng-repeat=\"day in data.dayNames\">Sa\u003C/th>\u003C!-- end ngRepeat: day in data.dayNames -->       \u003C/tr>   \u003C/thead>   \u003Ctbody>       \u003C!-- ngIf: data.currentView !== 'day' -->       \u003C!-- ngRepeat: week in data.weeks -->\u003C!-- ngIf: data.currentView === 'day' -->\u003Ctr data-ng-if=\"data.currentView === 'day'\" data-ng-repeat=\"week in data.weeks\" class=\"ng-scope\">           \u003C!-- ngRepeat: dateObject in week.dates -->\u003Ctd data-ng-repeat=\"dateObject in week.dates\" data-ng-click=\"changeView(data.nextView, dateObject, $event)\" class=\"day ng-binding ng-scope past\" data-ng-class=\"{active: dateObject.active, past: dateObject.past, future: dateObject.future, disabled: !dateObject.selectable}\">30\u003C/td>\u003C!-- end ngRepeat: dateObject in week.dates -->\u003Ctd data-ng-repeat=\"dateObject in week.dates\" data-ng-click=\"changeView(data.nextView, dateObject, $event)\" class=\"day ng-binding ng-scope past\" data-ng-class=\"{active: dateObject.active, past: dateObj"
11:39:56.424 [Forwarding getPageSource on session d94198a6aa3008d5ffaf97f92db0cb0c to remote] DEBUG org.apache.http.headers - http-outgoing-65 << HTTP/1.1 200 OK
11:39:56.424 [Forwarding getPageSource on session d94198a6aa3008d5ffaf97f92db0cb0c to remote] DEBUG org.apache.http.headers - http-outgoing-65 << Content-Length:52692
11:39:56.424 [Forwarding getPageSource on session d94198a6aa3008d5ffaf97f92db0cb0c to remote] DEBUG org.apache.http.headers - http-outgoing-65 << Content-Type:application/json; charset=utf-8
11:39:56.424 [Forwarding getPageSource on session d94198a6aa3008d5ffaf97f92db0cb0c to remote] DEBUG org.apache.http.headers - http-outgoing-65 << Connection:close
11:39:56.424 [Forwarding getPageSource on session d94198a6aa3008d5ffaf97f92db0cb0c to remote] DEBUG org.apache.http.wire - http-outgoing-65 << "ect.past, future: dateObject.future, disabled: !dateObject.selectable}\">31\u003C/td>\u003C!-- end ngRepeat: dateObject in week.dates -->\u003Ctd data-ng-repeat=\"dateObject in week.dates\" data-ng-click=\"changeView(data.nextView, dateObject, $event)\" class=\"day ng-binding ng-scope\" data-ng-class=\"{active: dateObject.active, past: dateObject.past, future: dateObject.future, disabled: !dateObject.selectable}\">1\u003C/td>\u003C!-- end ngRepeat: dateObject in week.dates -->\u003Ctd data-ng-repeat=\"dateObject in week.dates\" data-ng-click=\"changeView(data.nextView, dateObject, $event)\" class=\"day ng-binding ng-scope\" data-ng-class=\"{active: dateObject.active, past: dateObject.past, future: dateObject.future, disabled: !dateObject.selectable}\">2\u003C/td>\u003C!-- end ngRepeat: dateObject in week.dates -->\u003Ctd data-ng-repeat=\"dateObject in week.dates\" data-ng-click=\"changeView(data.nextView, dateObject, $event)\" class=\"day ng-binding ng-scope\" data-ng-class=\"{active: dateObject.active, past: dateObject.past, future: dateObject.future, disabled: !dateObject.selectable}\">3\u003C/td>\u003C!-- end ngRepeat: dateObject in week.dates -->\u003Ctd data-ng-repeat=\"dateObject in week.dates\" data-ng-click=\"changeView(data.nextView, dateObject, $event)\" class=\"day ng-binding ng-scope\" data-ng-class=\"{active: dateObject.active, past: dateObject.past, future: dateObject.future, disabled: !dateObject.selectable}\">4\u003C/td>\u003C!-- end ngRepeat: dateObject in week.dates -->\u003Ctd data-ng-repeat=\"dateObject in week.dates\" data-ng-click=\"changeView(data.nextView, dateObject, $event)\" class=\"day ng-binding ng-scope\" data-ng-class=\"{active: dateObject.active, past: dateObject.past, future: dateObject.future, disabled: !dateObject.selectable}\">5\u003C/td>\u003C!-- end ngRepeat: dateObject in week.dates -->       \u003C/tr>\u003C!-- end ngIf: data.currentView === 'day' -->\u003C!-- end ngRepeat: week in data.weeks -->\u003C!-- ngIf: data.currentView === 'day' -->\u003Ctr data-ng-if=\"data.currentView === 'day'\" data-ng-repeat=\"week in data.weeks\" class=\"ng-scope\">           \u003C!-- ngRepeat: dateObject in week.dates -->\u003Ctd data-ng-repeat=\"dateObject in week.dates\" data-ng-click=\"changeView(data.nextView, dateObject, $event)\" class=\"day ng-binding ng-scope\" data-ng-class=\"{active: dateObject.active, past: dateObject.past, future: dateObject.future, disabled: !dateObject.selectable}\">6\u003C/td>\u003C!-- end ngRepeat: dateObject in week.dates -->\u003Ctd data-ng-repeat=\"dateObject in week.dates\" data-ng-click=\"changeView(data.nextView, dateObject, $event)\" class=\"day ng-binding ng-scope\" data-ng-class=\"{active: dateObject.active, past: dateObject.past, future: dateObject.future, disabled: !dateObject.selectable}\">7\u003C/td>\u003C!-- end ngRepeat: dateObject in week.dates -->\u003Ctd data-ng-repeat=\"dateObject in week.dates\" data-ng-click=\"changeView(data.nextView, dateObject, $event)\" class=\"day ng-binding ng-scope\" data-ng-class=\"{active: dateObject.active, past: dateObject.past, future: dateObject.future, disabled: !dateObject.selectable}\">8\u003C/td>\u003C!-- end ngRepeat: dateObject in week.dates -->\u003Ctd data-ng-repeat=\"dateObject in week.dates\" data-ng-click=\"changeView(data.nextView, dateObject, $event)\" class=\"day ng-binding ng-scope\" data-ng-class=\"{active: dateObject.active, past: dateObject.past, future: dateObject.future, disabled: !dateObject.selectable}\">9\u003C/td>\u003C!-- end ngRepeat: dateObject in week.dates -->\u003Ctd data-ng-repeat=\"dateObject in week.dates\" data-ng-click=\"changeView(data.nextView, dateObject, $event)\" class=\"day ng-binding ng-scope\" data-ng-class=\"{active: dateObject.active, past: dateObject.past, future: dateObject.future, disabled: !dateObject.selectable}\">10\u003C/td>\u003C!-- end ngRepeat: dateObject in week.dates -->\u003Ctd data-ng-repeat=\"dateObject in week.dates\" data-ng-click=\"changeView(data.nextView, dateObject, $event)\" class=\"day ng-binding ng-scope\" data-ng-class=\"{active: dateObject.activ"
11:39:56.425 [Forwarding getPageSource on session d94198a6aa3008d5ffaf97f92db0cb0c to remote] DEBUG org.apache.http.wire - http-outgoing-65 << "e, past: dateObject.past, future: dateObject.future, disabled: !dateObject.selectable}\">11\u003C/td>\u003C!-- end ngRepeat: dateObject in week.dates -->\u003Ctd data-ng-repeat=\"dateObject in week.dates\" data-ng-click=\"changeView(data.nextView, dateObject, $event)\" class=\"day ng-binding ng-scope\" data-ng-class=\"{active: dateObject.active, past: dateObject.past, future: dateObject.future, disabled: !dateObject.selectable}\">12\u003C/td>\u003C!-- end ngRepeat: dateObject in week.dates -->       \u003C/tr>\u003C!-- end ngIf: data.currentView === 'day' -->\u003C!-- end ngRepeat: week in data.weeks -->\u003C!-- ngIf: data.currentView === 'day' -->\u003Ctr data-ng-if=\"data.currentView === 'day'\" data-ng-repeat=\"week in data.weeks\" class=\"ng-scope\">           \u003C!-- ngRepeat: dateObject in week.dates -->\u003Ctd data-ng-repeat=\"dateObject in week.dates\" data-ng-click=\"changeView(data.nextView, dateObject, $event)\" class=\"day ng-binding ng-scope\" data-ng-class=\"{active: dateObject.active, past: dateObject.past, future: dateObject.future, disabled: !dateObject.selectable}\">13\u003C/td>\u003C!-- end ngRepeat: dateObject in week.dates -->\u003Ctd data-ng-repeat=\"dateObject in week.dates\" data-ng-click=\"changeView(data.nextView, dateObject, $event)\" class=\"day ng-binding ng-scope\" data-ng-class=\"{active: dateObject.active, past: dateObject.past, future: dateObject.future, disabled: !dateObject.selectable}\">14\u003C/td>\u003C!-- end ngRepeat: dateObject in week.dates -->\u003Ctd data-ng-repeat=\"dateObject in week.dates\" data-ng-click=\"changeView(data.nextView, dateObject, $event)\" class=\"day ng-binding ng-scope\" data-ng-class=\"{active: dateObject.active, past: dateObject.past, future: dateObject.future, disabled: !dateObject.selectable}\">15\u003C/td>\u003C!-- end ngRepeat: dateObject in week.dates -->\u003Ctd data-ng-repeat=\"dateObject in week.dates\" data-ng-click=\"changeView(data.nextView, dateObject, $event)\" class=\"day ng-binding ng-scope\" data-ng-class=\"{active: dateObject.active, past: dateObject.past, future: dateObject.future, disabled: !dateObject.selectable}\">16\u003C/td>\u003C!-- end ngRepeat: dateObject in week.dates -->\u003Ctd data-ng-repeat=\"dateObject in week.dates\" data-ng-click=\"changeView(data.nextView, dateObject, $event)\" class=\"day ng-binding ng-scope\" data-ng-class=\"{active: dateObject.active, past: dateObject.past, future: dateObject.future, disabled: !dateObject.selectable}\">17\u003C/td>\u003C!-- end ngRepeat: dateObject in week.dates -->\u003Ctd data-ng-repeat=\"dateObject in week.dates\" data-ng-click=\"changeView(data.nextView, dateObject, $event)\" class=\"day ng-binding ng-scope\" data-ng-class=\"{active: dateObject.active, past: dateObject.past, future: dateObject.future, disabled: !dateObject.selectable}\">18\u003C/td>\u003C!-- end ngRepeat: dateObject in week.dates -->\u003Ctd data-ng-repeat=\"dateObject in week.dates\" data-ng-click=\"changeView(data.nextView, dateObject, $event)\" class=\"day ng-binding ng-scope\" data-ng-class=\"{active: dateObject.active, past: dateObject.past, future: dateObject.future, disabled: !dateObject.selectable}\">19\u003C/td>\u003C!-- end ngRepeat: dateObject in week.dates -->       \u003C/tr>\u003C!-- end ngIf: data.currentView === 'day' -->\u003C!-- end ngRepeat: week in data.weeks -->\u003C!-- ngIf: data.currentView === 'day' -->\u003Ctr data-ng-if=\"data.currentView === 'day'\" data-ng-repeat=\"week in data.weeks\" class=\"ng-scope\">           \u003C!-- ngRepeat: dateObject in week.dates -->\u003Ctd data-ng-repeat=\"dateObject in week.dates\" data-ng-click=\"changeView(data.nextView, dateObject, $event)\" class=\"day ng-binding ng-scope\" data-ng-class=\"{active: dateObject.active, past: dateObject.past, future: dateObject.future, disabled: !dateObject.selectable}\">20\u003C/td>\u003C!-- end ngRepeat: dateObject in week.dates -->\u003Ctd data-ng-repeat=\"dateObject in week.dates\" data-ng-click=\"changeView(data.nextView, dateObject, $event)\" class=\"day ng-binding ng-scope\" data-ng-class=\"{active: dateObject"
11:39:56.425 [Forwarding getPageSource on session d94198a6aa3008d5ffaf97f92db0cb0c to remote] DEBUG org.apache.http.wire - http-outgoing-65 << ".active, past: dateObject.past, future: dateObject.future, disabled: !dateObject.selectable}\">21\u003C/td>\u003C!-- end ngRepeat: dateObject in week.dates -->\u003Ctd data-ng-repeat=\"dateObject in week.dates\" data-ng-click=\"changeView(data.nextView, dateObject, $event)\" class=\"day ng-binding ng-scope\" data-ng-class=\"{active: dateObject.active, past: dateObject.past, future: dateObject.future, disabled: !dateObject.selectable}\">22\u003C/td>\u003C!-- end ngRepeat: dateObject in week.dates -->\u003Ctd data-ng-repeat=\"dateObject in week.dates\" data-ng-click=\"changeView(data.nextView, dateObject, $event)\" class=\"day ng-binding ng-scope\" data-ng-class=\"{active: dateObject.active, past: dateObject.past, future: dateObject.future, disabled: !dateObject.selectable}\">23\u003C/td>\u003C!-- end ngRepeat: dateObject in week.dates -->\u003Ctd data-ng-repeat=\"dateObject in week.dates\" data-ng-click=\"changeView(data.nextView, dateObject, $event)\" class=\"day ng-binding ng-scope\" data-ng-class=\"{active: dateObject.active, past: dateObject.past, future: dateObject.future, disabled: !dateObject.selectable}\">24\u003C/td>\u003C!-- end ngRepeat: dateObject in week.dates -->\u003Ctd data-ng-repeat=\"dateObject in week.dates\" data-ng-click=\"changeView(data.nextView, dateObject, $event)\" class=\"day ng-binding ng-scope\" data-ng-class=\"{active: dateObject.active, past: dateObject.past, future: dateObject.future, disabled: !dateObject.selectable}\">25\u003C/td>\u003C!-- end ngRepeat: dateObject in week.dates -->\u003Ctd data-ng-repeat=\"dateObject in week.dates\" data-ng-click=\"changeView(data.nextView, dateObject, $event)\" class=\"day ng-binding ng-scope\" data-ng-class=\"{active: dateObject.active, past: dateObject.past, future: dateObject.future, disabled: !dateObject.selectable}\">26\u003C/td>\u003C!-- end ngRepeat: dateObject in week.dates -->       \u003C/tr>\u003C!-- end ngIf: data.currentView === 'day' -->\u003C!-- end ngRepeat: week in data.weeks -->\u003C!-- ngIf: data.currentView === 'day' -->\u003Ctr data-ng-if=\"data.currentView === 'day'\" data-ng-repeat=\"week in data.weeks\" class=\"ng-scope\">           \u003C!-- ngRepeat: dateObject in week.dates -->\u003Ctd data-ng-repeat=\"dateObject in week.dates\" data-ng-click=\"changeView(data.nextView, dateObject, $event)\" class=\"day ng-binding ng-scope\" data-ng-class=\"{active: dateObject.active, past: dateObject.past, future: dateObject.future, disabled: !dateObject.selectable}\">27\u003C/td>\u003C!-- end ngRepeat: dateObject in week.dates -->\u003Ctd data-ng-repeat=\"dateObject in week.dates\" data-ng-click=\"changeView(data.nextView, dateObject, $event)\" class=\"day ng-binding ng-scope\" data-ng-class=\"{active: dateObject.active, past: dateObject.past, future: dateObject.future, disabled: !dateObject.selectable}\">28\u003C/td>\u003C!-- end ngRepeat: dateObject in week.dates -->\u003Ctd data-ng-repeat=\"dateObject in week.dates\" data-ng-click=\"changeView(data.nextView, dateObject, $event)\" class=\"day ng-binding ng-scope\" data-ng-class=\"{active: dateObject.active, past: dateObject.past, future: dateObject.future, disabled: !dateObject.selectable}\">29\u003C/td>\u003C!-- end ngRepeat: dateObject in week.dates -->\u003Ctd data-ng-repeat=\"dateObject in week.dates\" data-ng-click=\"changeView(data.nextView, dateObject, $event)\" class=\"day ng-binding ng-scope\" data-ng-class=\"{active: dateObject.active, past: dateObject.past, future: dateObject.future, disabled: !dateObject.selectable}\">30\u003C/td>\u003C!-- end ngRepeat: dateObject in week.dates -->\u003Ctd data-ng-repeat=\"dateObject in week.dates\" data-ng-click=\"changeView(data.nextView, dateObject, $event)\" class=\"day ng-binding ng-scope future\" data-ng-class=\"{active: dateObject.active, past: dateObject.past, future: dateObject.future, disabled: !dateObject.selectable}\">1\u003C/td>\u003C!-- end ngRepeat: dateObject in week.dates -->\u003Ctd data-ng-repeat=\"dateObject in week.dates\" data-ng-click=\"changeView(data.nextView, dateObject, $event)\" class=\"day ng-binding ng-scope future"
11:39:56.425 [Forwarding getPageSource on session d94198a6aa3008d5ffaf97f92db0cb0c to remote] DEBUG org.apache.http.wire - http-outgoing-65 << "\" data-ng-class=\"{active: dateObject.active, past: dateObject.past, future: dateObject.future, disabled: !dateObject.selectable}\">2\u003C/td>\u003C!-- end ngRepeat: dateObject in week.dates -->\u003Ctd data-ng-repeat=\"dateObject in week.dates\" data-ng-click=\"changeView(data.nextView, dateObject, $event)\" class=\"day ng-binding ng-scope future\" data-ng-class=\"{active: dateObject.active, past: dateObject.past, future: dateObject.future, disabled: !dateObject.selectable}\">3\u003C/td>\u003C!-- end ngRepeat: dateObject in week.dates -->       \u003C/tr>\u003C!-- end ngIf: data.currentView === 'day' -->\u003C!-- end ngRepeat: week in data.weeks -->\u003C!-- ngIf: data.currentView === 'day' -->\u003Ctr data-ng-if=\"data.currentView === 'day'\" data-ng-repeat=\"week in data.weeks\" class=\"ng-scope\">           \u003C!-- ngRepeat: dateObject in week.dates -->\u003Ctd data-ng-repeat=\"dateObject in week.dates\" data-ng-click=\"changeView(data.nextView, dateObject, $event)\" class=\"day ng-binding ng-scope future\" data-ng-class=\"{active: dateObject.active, past: dateObject.past, future: dateObject.future, disabled: !dateObject.selectable}\">4\u003C/td>\u003C!-- end ngRepeat: dateObject in week.dates -->\u003Ctd data-ng-repeat=\"dateObject in week.dates\" data-ng-click=\"changeView(data.nextView, dateObject, $event)\" class=\"day ng-binding ng-scope future\" data-ng-class=\"{active: dateObject.active, past: dateObject.past, future: dateObject.future, disabled: !dateObject.selectable}\">5\u003C/td>\u003C!-- end ngRepeat: dateObject in week.dates -->\u003Ctd data-ng-repeat=\"dateObject in week.dates\" data-ng-click=\"changeView(data.nextView, dateObject, $event)\" class=\"day ng-binding ng-scope future\" data-ng-class=\"{active: dateObject.active, past: dateObject.past, future: dateObject.future, disabled: !dateObject.selectable}\">6\u003C/td>\u003C!-- end ngRepeat: dateObject in week.dates -->\u003Ctd data-ng-repeat=\"dateObject in week.dates\" data-ng-click=\"changeView(data.nextView, dateObject, $event)\" class=\"day ng-binding ng-scope future\" data-ng-class=\"{active: dateObject.active, past: dateObject.past, future: dateObject.future, disabled: !dateObject.selectable}\">7\u003C/td>\u003C!-- end ngRepeat: dateObject in week.dates -->\u003Ctd data-ng-repeat=\"dateObject in week.dates\" data-ng-click=\"changeView(data.nextView, dateObject, $event)\" class=\"day ng-binding ng-scope future\" data-ng-class=\"{active: dateObject.active, past: dateObject.past, future: dateObject.future, disabled: !dateObject.selectable}\">8\u003C/td>\u003C!-- end ngRepeat: dateObject in week.dates -->\u003Ctd data-ng-repeat=\"dateObject in week.dates\" data-ng-click=\"changeView(data.nextView, dateObject, $event)\" class=\"day ng-binding ng-scope future\" data-ng-class=\"{active: dateObject.active, past: dateObject.past, future: dateObject.future, disabled: !dateObject.selectable}\">9\u003C/td>\u003C!-- end ngRepeat: dateObject in week.dates -->\u003Ctd data-ng-repeat=\"dateObject in week.dates\" data-ng-click=\"changeView(data.nextView, dateObject, $event)\" class=\"day ng-binding ng-scope future\" data-ng-class=\"{active: dateObject.active, past: dateObject.past, future: dateObject.future, disabled: !dateObject.selectable}\">10\u003C/td>\u003C!-- end ngRepeat: dateObject in week.dates -->       \u003C/tr>\u003C!-- end ngIf: data.currentView === 'day' -->\u003C!-- end ngRepeat: week in data.weeks -->   \u003C/tbody>\u003C/table>\u003C/div>\n          \u003C/ul>\n        \u003C/div>\n      \u003C/div>\n      \u003Cdiv class=\"form-group  date-group\">\n        \u003Clabel for=\"end\">End Date\u003C/label>\n        \u003Cdiv class=\"dropdown\">\n          \u003Ca class=\"dropdown-toggle\" id=\"end-dropdown\" role=\"button\" data-toggle=\"dropdown\" data-target=\"#\" href=\"#\" aria-haspopup=\"true\" aria-expanded=\"false\">\n            \u003Cdiv class=\"input-group\">\u003Cinput type=\"text\" size=\"20\" class=\"form-control ng-pristine ng-untouched ng-valid ng-valid-date\" name=\"end\" id=\"end\" data-ng-model=\"search.end\" ng-change=\"ch"
11:39:56.425 [Forwarding getPageSource on session d94198a6aa3008d5ffaf97f92db0cb0c to remote] DEBUG org.apache.http.wire - http-outgoing-65 << "eckFilterDateValidity()\" />\u003Cspan class=\"input-group-addon\">\u003Ci class=\"glyphicon glyphicon-calendar\">\u003C/i>\u003C/span>\u003C/div>\n          \u003C/a>\n          \u003Cul class=\"dropdown-menu\" role=\"menu\" aria-labelledby=\"dLabel\">\n            \u003Cdiv class=\"datetimepicker table-responsive ng-isolate-scope ng-valid\" data-ng-model=\"search.end\" data-datetimepicker-config=\"{ dropdownSelector: '#end-dropdown', startView:'day', minView:'day' }\" data-on-set-time=\"setEndDate(newDate, oldDate)\">\u003Ctable class=\"table table-striped  day-view\">   \u003Cthead>       \u003Ctr>           \u003Cth class=\"left\" data-ng-click=\"changeView(data.currentView, data.leftDate, $event)\" data-ng-show=\"data.leftDate.selectable\">\u003Ci class=\"glyphicon glyphicon-arrow-left\">\u003C/i>\u003C/th>           \u003Cth class=\"switch ng-binding\" colspan=\"5\" data-ng-show=\"data.previousViewDate.selectable\" data-ng-click=\"changeView(data.previousView, data.previousViewDate, $event)\">2015-Sep\u003C/th>           \u003Cth class=\"right\" data-ng-click=\"changeView(data.currentView, data.rightDate, $event)\" data-ng-show=\"data.rightDate.selectable\">\u003Ci class=\"glyphicon glyphicon-arrow-right\">\u003C/i>\u003C/th>       \u003C/tr>       \u003Ctr>           \u003C!-- ngRepeat: day in data.dayNames -->\u003Cth class=\"dow ng-binding ng-scope\" data-ng-repeat=\"day in data.dayNames\">Su\u003C/th>\u003C!-- end ngRepeat: day in data.dayNames -->\u003Cth class=\"dow ng-binding ng-scope\" data-ng-repeat=\"day in data.dayNames\">Mo\u003C/th>\u003C!-- end ngRepeat: day in data.dayNames -->\u003Cth class=\"dow ng-binding ng-scope\" data-ng-repeat=\"day in data.dayNames\">Tu\u003C/th>\u003C!-- end ngRepeat: day in data.dayNames -->\u003Cth class=\"dow ng-binding ng-scope\" data-ng-repeat=\"day in data.dayNames\">We\u003C/th>\u003C!-- end ngRepeat: day in data.dayNames -->\u003Cth class=\"dow ng-binding ng-scope\" data-ng-repeat=\"day in data.dayNames\">Th\u003C/th>\u003C!-- end ngRepeat: day in data.dayNames -->\u003Cth class=\"dow ng-binding ng-scope\" data-ng-repeat=\"day in data.dayNames\">Fr\u003C/th>\u003C!-- end ngRepeat: day in data.dayNames -->\u003Cth class=\"dow ng-binding ng-scope\" data-ng-repeat=\"day in data.dayNames\">Sa\u003C/th>\u003C!-- end ngRepeat: day in data.dayNames -->       \u003C/tr>   \u003C/thead>   \u003Ctbody>       \u003C!-- ngIf: data.currentView !== 'day' -->       \u003C!-- ngRepeat: week in data.weeks -->\u003C!-- ngIf: data.currentView === 'day' -->\u003Ctr data-ng-if=\"data.currentView === 'day'\" data-ng-repeat=\"week in data.weeks\" class=\"ng-scope\">           \u003C!-- ngRepeat: dateObject in week.dates -->\u003Ctd data-ng-repeat=\"dateObject in week.dates\" data-ng-click=\"changeView(data.nextView, dateObject, $event)\" class=\"day ng-binding ng-scope past\" data-ng-class=\"{active: dateObject.active, past: dateObject.past, future: dateObject.future, disabled: !dateObject.selectable}\">30\u003C/td>\u003C!-- end ngRepeat: dateObject in week.dates -->\u003Ctd data-ng-repeat=\"dateObject in week.dates\" data-ng-click=\"changeView(data.nextView, dateObject, $event)\" class=\"day ng-binding ng-scope past\" data-ng-class=\"{active: dateObject.active, past: dateObject.past, future: dateObject.future, disabled: !dateObject.selectable}\">31\u003C/td>\u003C!-- end ngRepeat: dateObject in week.dates -->\u003Ctd data-ng-repeat=\"dateObject in week.dates\" data-ng-click=\"changeView(data.nextView, dateObject, $event)\" class=\"day ng-binding ng-scope\" data-ng-class=\"{active: dateObject.active, past: dateObject.past, future: dateObject.future, disabled: !dateObject.selectable}\">1\u003C/td>\u003C!-- end ngRepeat: dateObject in week.dates -->\u003Ctd data-ng-repeat=\"dateObject in week.dates\" data-ng-click=\"changeView(data.nextView, dateObject, $event)\" class=\"day ng-binding ng-scope\" data-ng-class=\"{active: dateObject.active, past: dateObject.past, future: dateObject.future, disabled: !dateObject.selectable}\">2\u003C/td>\u003C!-- end ngRepeat: dateObject in week.dates -->\u003"
11:39:56.425 [Forwarding getPageSource on session d94198a6aa3008d5ffaf97f92db0cb0c to remote] DEBUG org.apache.http.wire - http-outgoing-65 << "Ctd data-ng-repeat=\"dateObject in week.dates\" data-ng-click=\"changeView(data.nextView, dateObject, $event)\" class=\"day ng-binding ng-scope\" data-ng-class=\"{active: dateObject.active, past: dateObject.past, future: dateObject.future, disabled: !dateObject.selectable}\">3\u003C/td>\u003C!-- end ngRepeat: dateObject in week.dates -->\u003Ctd data-ng-repeat=\"dateObject in week.dates\" data-ng-click=\"changeView(data.nextView, dateObject, $event)\" class=\"day ng-binding ng-scope\" data-ng-class=\"{active: dateObject.active, past: dateObject.past, future: dateObject.future, disabled: !dateObject.selectable}\">4\u003C/td>\u003C!-- end ngRepeat: dateObject in week.dates -->\u003Ctd data-ng-repeat=\"dateObject in week.dates\" data-ng-click=\"changeView(data.nextView, dateObject, $event)\" class=\"day ng-binding ng-scope\" data-ng-class=\"{active: dateObject.active, past: dateObject.past, future: dateObject.future, disabled: !dateObject.selectable}\">5\u003C/td>\u003C!-- end ngRepeat: dateObject in week.dates -->       \u003C/tr>\u003C!-- end ngIf: data.currentView === 'day' -->\u003C!-- end ngRepeat: week in data.weeks -->\u003C!-- ngIf: data.currentView === 'day' -->\u003Ctr data-ng-if=\"data.currentView === 'day'\" data-ng-repeat=\"week in data.weeks\" class=\"ng-scope\">           \u003C!-- ngRepeat: dateObject in week.dates -->\u003Ctd data-ng-repeat=\"dateObject in week.dates\" data-ng-click=\"changeView(data.nextView, dateObject, $event)\" class=\"day ng-binding ng-scope\" data-ng-class=\"{active: dateObject.active, past: dateObject.past, future: dateObject.future, disabled: !dateObject.selectable}\">6\u003C/td>\u003C!-- end ngRepeat: dateObject in week.dates -->\u003Ctd data-ng-repeat=\"dateObject in week.dates\" data-ng-click=\"changeView(data.nextView, dateObject, $event)\" class=\"day ng-binding ng-scope\" data-ng-class=\"{active: dateObject.active, past: dateObject.past, future: dateObject.future, disabled: !dateObject.selectable}\">7\u003C/td>\u003C!-- end ngRepeat: dateObject in week.dates -->\u003Ctd data-ng-repeat=\"dateObject in week.dates\" data-ng-click=\"changeView(data.nextView, dateObject, $event)\" class=\"day ng-binding ng-scope\" data-ng-class=\"{active: dateObject.active, past: dateObject.past, future: dateObject.future, disabled: !dateObject.selectable}\">8\u003C/td>\u003C!-- end ngRepeat: dateObject in week.dates -->\u003Ctd data-ng-repeat=\"dateObject in week.dates\" data-ng-click=\"changeView(data.nextView, dateObject, $event)\" class=\"day ng-binding ng-scope\" data-ng-class=\"{active: dateObject.active, past: dateObject.past, future: dateObject.future, disabled: !dateObject.selectable}\">9\u003C/td>\u003C!-- end ngRepeat: dateObject in week.dates -->\u003Ctd data-ng-repeat=\"dateObject in week.dates\" data-ng-click=\"changeView(data.nextView, dateObject, $event)\" class=\"day ng-binding ng-scope\" data-ng-class=\"{active: dateObject.active, past: dateObject.past, future: dateObject.future, disabled: !dateObject.selectable}\">10\u003C/td>\u003C!-- end ngRepeat: dateObject in week.dates -->\u003Ctd data-ng-repeat=\"dateObject in week.dates\" data-ng-click=\"changeView(data.nextView, dateObject, $event)\" class=\"day ng-binding ng-scope\" data-ng-class=\"{active: dateObject.active, past: dateObject.past, future: dateObject.future, disabled: !dateObject.selectable}\">11\u003C/td>\u003C!-- end ngRepeat: dateObject in week.dates -->\u003Ctd data-ng-repeat=\"dateObject in week.dates\" data-ng-click=\"changeView(data.nextView, dateObject, $event)\" class=\"day ng-binding ng-scope\" data-ng-class=\"{active: dateObject.active, past: dateObject.past, future: dateObject.future, disabled: !dateObject.selectable}\">12\u003C/td>\u003C!-- end ngRepeat: dateObject in week.dates -->       \u003C/tr>\u003C!-- end ngIf: data.currentView === 'day' -->\u003C!-- end ngRepeat: week in data.weeks -->\u003C!-- ngIf: data.currentView === 'day' -->\u003Ctr data-ng-if=\"data.currentView === 'day'\" data-ng-repeat=\"week in data.weeks\" class=\"ng-scope\">           \u003C!-- ngRepeat: dateObject in week.dates -->\u003C"
11:39:56.425 [Forwarding getPageSource on session d94198a6aa3008d5ffaf97f92db0cb0c to remote] DEBUG org.apache.http.wire - http-outgoing-65 << "td data-ng-repeat=\"dateObject in week.dates\" data-ng-click=\"changeView(data.nextView, dateObject, $event)\" class=\"day ng-binding ng-scope\" data-ng-class=\"{active: dateObject.active, past: dateObject.past, future: dateObject.future, disabled: !dateObject.selectable}\">13\u003C/td>\u003C!-- end ngRepeat: dateObject in week.dates -->\u003Ctd data-ng-repeat=\"dateObject in week.dates\" data-ng-click=\"changeView(data.nextView, dateObject, $event)\" class=\"day ng-binding ng-scope\" data-ng-class=\"{active: dateObject.active, past: dateObject.past, future: dateObject.future, disabled: !dateObject.selectable}\">14\u003C/td>\u003C!-- end ngRepeat: dateObject in week.dates -->\u003Ctd data-ng-repeat=\"dateObject in week.dates\" data-ng-click=\"changeView(data.nextView, dateObject, $event)\" class=\"day ng-binding ng-scope\" data-ng-class=\"{active: dateObject.active, past: dateObject.past, future: dateObject.future, disabled: !dateObject.selectable}\">15\u003C/td>\u003C!-- end ngRepeat: dateObject in week.dates -->\u003Ctd data-ng-repeat=\"dateObject in week.dates\" data-ng-click=\"changeView(data.nextView, dateObject, $event)\" class=\"day ng-binding ng-scope\" data-ng-class=\"{active: dateObject.active, past: dateObject.past, future: dateObject.future, disabled: !dateObject.selectable}\">16\u003C/td>\u003C!-- end ngRepeat: dateObject in week.dates -->\u003Ctd data-ng-repeat=\"dateObject in week.dates\" data-ng-click=\"changeView(data.nextView, dateObject, $event)\" class=\"day ng-binding ng-scope\" data-ng-class=\"{active: dateObject.active, past: dateObject.past, future: dateObject.future, disabled: !dateObject.selectable}\">17\u003C/td>\u003C!-- end ngRepeat: dateObject in week.dates -->\u003Ctd data-ng-repeat=\"dateObject in week.dates\" data-ng-click=\"changeView(data.nextView, dateObject, $event)\" class=\"day ng-binding ng-scope\" data-ng-class=\"{active: dateObject.active, past: dateObject.past, future: dateObject.future, disabled: !dateObject.selectable}\">18\u003C/td>\u003C!-- end ngRepeat: dateObject in week.dates -->\u003Ctd data-ng-repeat=\"dateObject in week.dates\" data-ng-click=\"changeView(data.nextView, dateObject, $event)\" class=\"day ng-binding ng-scope\" data-ng-class=\"{active: dateObject.active, past: dateObject.past, future: dateObject.future, disabled: !dateObject.selectable}\">19\u003C/td>\u003C!-- end ngRepeat: dateObject in week.dates -->       \u003C/tr>\u003C!-- end ngIf: data.currentView === 'day' -->\u003C!-- end ngRepeat: week in data.weeks -->\u003C!-- ngIf: data.currentView === 'day' -->\u003Ctr data-ng-if=\"data.currentView === 'day'\" data-ng-repeat=\"week in data.weeks\" class=\"ng-scope\">           \u003C!-- ngRepeat: dateObject in week.dates -->\u003Ctd data-ng-repeat=\"dateObject in week.dates\" data-ng-click=\"changeView(data.nextView, dateObject, $event)\" class=\"day ng-binding ng-scope\" data-ng-class=\"{active: dateObject.active, past: dateObject.past, future: dateObject.future, disabled: !dateObject.selectable}\">20\u003C/td>\u003C!-- end ngRepeat: dateObject in week.dates -->\u003Ctd data-ng-repeat=\"dateObject in week.dates\" data-ng-click=\"changeView(data.nextView, dateObject, $event)\" class=\"day ng-binding ng-scope\" data-ng-class=\"{active: dateObject.active, past: dateObject.past, future: dateObject.future, disabled: !dateObject.selectable}\">21\u003C/td>\u003C!-- end ngRepeat: dateObject in week.dates -->\u003Ctd data-ng-repeat=\"dateObject in week.dates\" data-ng-click=\"changeView(data.nextView, dateObject, $event)\" class=\"day ng-binding ng-scope\" data-ng-class=\"{active: dateObject.active, past: dateObject.past, future: dateObject.future, disabled: !dateObject.selectable}\">22\u003C/td>\u003C!-- end ngRepeat: dateObject in week.dates -->\u003Ctd data-ng-repeat=\"dateObject in week.dates\" data-ng-click=\"changeView(data.nextView, dateObject, $event)\" class=\"day ng-binding ng-scope\" data-ng-class=\"{active: dateObject.active, past: dateObject.past, future: dateObject.future, disabled: !dateObject.selectable}\">23\u003C/td>\u003C!-- end ngRepeat: dateObjec"
11:39:56.425 [Forwarding getPageSource on session d94198a6aa3008d5ffaf97f92db0cb0c to remote] DEBUG org.apache.http.wire - http-outgoing-65 << "t in week.dates -->\u003Ctd data-ng-repeat=\"dateObject in week.dates\" data-ng-click=\"changeView(data.nextView, dateObject, $event)\" class=\"day ng-binding ng-scope\" data-ng-class=\"{active: dateObject.active, past: dateObject.past, future: dateObject.future, disabled: !dateObject.selectable}\">24\u003C/td>\u003C!-- end ngRepeat: dateObject in week.dates -->\u003Ctd data-ng-repeat=\"dateObject in week.dates\" data-ng-click=\"changeView(data.nextView, dateObject, $event)\" class=\"day ng-binding ng-scope\" data-ng-class=\"{active: dateObject.active, past: dateObject.past, future: dateObject.future, disabled: !dateObject.selectable}\">25\u003C/td>\u003C!-- end ngRepeat: dateObject in week.dates -->\u003Ctd data-ng-repeat=\"dateObject in week.dates\" data-ng-click=\"changeView(data.nextView, dateObject, $event)\" class=\"day ng-binding ng-scope\" data-ng-class=\"{active: dateObject.active, past: dateObject.past, future: dateObject.future, disabled: !dateObject.selectable}\">26\u003C/td>\u003C!-- end ngRepeat: dateObject in week.dates -->       \u003C/tr>\u003C!-- end ngIf: data.currentView === 'day' -->\u003C!-- end ngRepeat: week in data.weeks -->\u003C!-- ngIf: data.currentView === 'day' -->\u003Ctr data-ng-if=\"data.currentView === 'day'\" data-ng-repeat=\"week in data.weeks\" class=\"ng-scope\">           \u003C!-- ngRepeat: dateObject in week.dates -->\u003Ctd data-ng-repeat=\"dateObject in week.dates\" data-ng-click=\"changeView(data.nextView, dateObject, $event)\" class=\"day ng-binding ng-scope\" data-ng-class=\"{active: dateObject.active, past: dateObject.past, future: dateObject.future, disabled: !dateObject.selectable}\">27\u003C/td>\u003C!-- end ngRepeat: dateObject in week.dates -->\u003Ctd data-ng-repeat=\"dateObject in week.dates\" data-ng-click=\"changeView(data.nextView, dateObject, $event)\" class=\"day ng-binding ng-scope\" data-ng-class=\"{active: dateObject.active, past: dateObject.past, future: dateObject.future, disabled: !dateObject.selectable}\">28\u003C/td>\u003C!-- end ngRepeat: dateObject in week.dates -->\u003Ctd data-ng-repeat=\"dateObject in week.dates\" data-ng-click=\"changeView(data.nextView, dateObject, $event)\" class=\"day ng-binding ng-scope\" data-ng-class=\"{active: dateObject.active, past: dateObject.past, future: dateObject.future, disabled: !dateObject.selectable}\">29\u003C/td>\u003C!-- end ngRepeat: dateObject in week.dates -->\u003Ctd data-ng-repeat=\"dateObject in week.dates\" data-ng-click=\"changeView(data.nextView, dateObject, $event)\" class=\"day ng-binding ng-scope\" data-ng-class=\"{active: dateObject.active, past: dateObject.past, future: dateObject.future, disabled: !dateObject.selectable}\">30\u003C/td>\u003C!-- end ngRepeat: dateObject in week.dates -->\u003Ctd data-ng-repeat=\"dateObject in week.dates\" data-ng-click=\"changeView(data.nextView, dateObject, $event)\" class=\"day ng-binding ng-scope future\" data-ng-class=\"{active: dateObject.active, past: dateObject.past, future: dateObject.future, disabled: !dateObject.selectable}\">1\u003C/td>\u003C!-- end ngRepeat: dateObject in week.dates -->\u003Ctd data-ng-repeat=\"dateObject in week.dates\" data-ng-click=\"changeView(data.nextView, dateObject, $event)\" class=\"day ng-binding ng-scope future\" data-ng-class=\"{active: dateObject.active, past: dateObject.past, future: dateObject.future, disabled: !dateObject.selectable}\">2\u003C/td>\u003C!-- end ngRepeat: dateObject in week.dates -->\u003Ctd data-ng-repeat=\"dateObject in week.dates\" data-ng-click=\"changeView(data.nextView, dateObject, $event)\" class=\"day ng-binding ng-scope future\" data-ng-class=\"{active: dateObject.active, past: dateObject.past, future: dateObject.future, disabled: !dateObject.selectable}\">3\u003C/td>\u003C!-- end ngRepeat: dateObject in week.dates -->       \u003C/tr>\u003C!-- end ngIf: data.currentView === 'day' -->\u003C!-- end ngRepeat: week in data.weeks -->\u003C!-- ngIf: data.currentView === 'day' -->\u003Ctr data-ng-if=\"data.currentView === 'day'\" data-ng-repeat=\"week in data.weeks\" class=\"ng-scope\">           \u003"
11:39:56.425 [Forwarding getPageSource on session d94198a6aa3008d5ffaf97f92db0cb0c to remote] DEBUG org.apache.http.wire - http-outgoing-65 << "C!-- ngRepeat: dateObject in week.dates -->\u003Ctd data-ng-repeat=\"dateObject in week.dates\" data-ng-click=\"changeView(data.nextView, dateObject, $event)\" class=\"day ng-binding ng-scope future\" data-ng-class=\"{active: dateObject.active, past: dateObject.past, future: dateObject.future, disabled: !dateObject.selectable}\">4\u003C/td>\u003C!-- end ngRepeat: dateObject in week.dates -->\u003Ctd data-ng-repeat=\"dateObject in week.dates\" data-ng-click=\"changeView(data.nextView, dateObject, $event)\" class=\"day ng-binding ng-scope future\" data-ng-class=\"{active: dateObject.active, past: dateObject.past, future: dateObject.future, disabled: !dateObject.selectable}\">5\u003C/td>\u003C!-- end ngRepeat: dateObject in week.dates -->\u003Ctd data-ng-repeat=\"dateObject in week.dates\" data-ng-click=\"changeView(data.nextView, dateObject, $event)\" class=\"day ng-binding ng-scope future\" data-ng-class=\"{active: dateObject.active, past: dateObject.past, future: dateObject.future, disabled: !dateObject.selectable}\">6\u003C/td>\u003C!-- end ngRepeat: dateObject in week.dates -->\u003Ctd data-ng-repeat=\"dateObject in week.dates\" data-ng-click=\"changeView(data.nextView, dateObject, $event)\" class=\"day ng-binding ng-scope future\" data-ng-class=\"{active: dateObject.active, past: dateObject.past, future: dateObject.future, disabled: !dateObject.selectable}\">7\u003C/td>\u003C!-- end ngRepeat: dateObject in week.dates -->\u003Ctd data-ng-repeat=\"dateObject in week.dates\" data-ng-click=\"changeView(data.nextView, dateObject, $event)\" class=\"day ng-binding ng-scope future\" data-ng-class=\"{active: dateObject.active, past: dateObject.past, future: dateObject.future, disabled: !dateObject.selectable}\">8\u003C/td>\u003C!-- end ngRepeat: dateObject in week.dates -->\u003Ctd data-ng-repeat=\"dateObject in week.dates\" data-ng-click=\"changeView(data.nextView, dateObject, $event)\" class=\"day ng-binding ng-scope future\" data-ng-class=\"{active: dateObject.active, past: dateObject.past, future: dateObject.future, disabled: !dateObject.selectable}\">9\u003C/td>\u003C!-- end ngRepeat: dateObject in week.dates -->\u003Ctd data-ng-repeat=\"dateObject in week.dates\" data-ng-click=\"changeView(data.nextView, dateObject, $event)\" class=\"day ng-binding ng-scope future\" data-ng-class=\"{active: dateObject.active, past: dateObject.past, future: dateObject.future, disabled: !dateObject.selectable}\">10\u003C/td>\u003C!-- end ngRepeat: dateObject in week.dates -->       \u003C/tr>\u003C!-- end ngIf: data.currentView === 'day' -->\u003C!-- end ngRepeat: week in data.weeks -->   \u003C/tbody>\u003C/table>\u003C/div>\n          \u003C/ul>\n        \u003C/div>\n      \u003C/div>\n      \u003Cdiv class=\"form-group\">\n        \u003Clabel>Status\u003C/label>\n        \u003Cselect id=\"status\" class=\"form-control ng-pristine ng-untouched ng-valid\" data-ng-model=\"search.active\">\n          \u003Coption name=\"All\" value=\"\">All\u003C/option>\n          \u003Coption name=\"Active\" value=\"true\">Active\u003C/option>\n          \u003Coption name=\"Inactive\" value=\"false\">Inactive\u003C/option>\n        \u003C/select>\n      \u003C/div>\n      \u003Cdiv class=\"form-group\">\n        \u003Clabel for=\"type\">Type\u003C/label>\n        \u003Cselect id=\"type\" name=\"search.type\" class=\"form-control ng-pristine ng-untouched ng-valid\" ng-model=\"search.type\" ng-options=\"campaignType.key as campaignType.value for campaignType in campaignTypes\">\u003Coption value=\"string:\" label=\"All\" selected=\"selected\">All\u003C/option>\u003Coption value=\"string:PROMO_CODE\" label=\"Promo Code\">Promo Code\u003C/option>\u003Coption value=\"string:SINGLE_USE_TRANSFERABLE\" label=\"Single Use Transferable\">Single Use Transferable\u003C/option>\u003Coption value=\"string:SINGLE_USE_NON_TRANSFERABLE\" label=\"Single Use Non-Transferable\">Single Use Non-Transferable\u003C/option>\u003Coption value=\"string:GIFTING\" label=\"Gifting\">Gifting\u003C/option>\u003C/select>\n      \u003C/div>\n      \u003Cdiv class=\"form-group buttons\">\n"
11:39:56.425 [Forwarding getPageSource on session d94198a6aa3008d5ffaf97f92db0cb0c to remote] DEBUG org.apache.http.wire - http-outgoing-65 << "        \u003Cbutton type=\"submit\" class=\"btn btn-primary filter\" ng-click=\"searchForm.$valid &amp;&amp; updateFilter()\" ng-disabled=\"!searchForm.$valid\">Filter Campaigns\n        \u003C/button>\n        \u003Cbutton type=\"submit\" class=\"btn btn-default clear\" ng-click=\"clearFilter()\">Clear Filter\u003C/button>\n      \u003C/div>\n      \u003Cdiv class=\"clear\">\u003C/div>\n    \u003C/div>\n  \u003C/form>\n\u003C/div>\n\u003Cdiv class=\"row ng-scope\">\n  \u003Cdiv class=\"col-md-12\">\n    \u003Ca style=\"cursor: pointer;\" ng-click=\"showFilters=!showFilters\" class=\"ng-binding\">Show Advanced Filters\u003C/a>\n  \u003C/div>\n\u003C/div>\n\u003Cdiv class=\"row ng-scope\">\n  \u003Cdiv class=\"col-md-12\">\n    \u003Ctable class=\"table campaign-list\" id=\"campaign-list\">\n      \u003Cthead>\n      \u003Ctr>\n        \u003Cth>Name\u003C/th>\n        \u003Cth>State\u003C/th>\n        \u003Cth>Type\u003C/th>\n        \u003Cth>Start\u003C/th>\n        \u003Cth>End\u003C/th>\n        \u003Cth>Vouchers\u003C/th>\n        \u003Cth>Redemption Cap\u003C/th>\n        \u003Cth>Redeemed\u003C/th>\n      \u003C/tr>\n      \u003C/thead>\n      \u003Ctbody>\n      \u003C!-- ngRepeat: campaign in campaigns | itemsPerPage: 25 -->\u003Ctr total-items=\"campaignCount\" current-page=\"pagination.current\" ng-repeat=\"campaign in campaigns | itemsPerPage: 25\" class=\"ng-scope\">\n        \u003Ctd>\u003Ca ng-href=\"#/campaign/3\" class=\"ng-binding\" href=\"#/campaign/3\">SUTUU\u003C/a>\u003C/td>\n        \u003Ctd class=\"ng-binding\">ACTIVE\u003C/td>\n        \u003Ctd class=\"ng-binding\">SINGLE_USE_TRANSFERABLE\u003C/td>\n        \u003Ctd class=\"ng-binding\">\u003C/td>\n        \u003Ctd class=\"ng-binding\">\u003C/td>\n        \u003Ctd class=\"ng-binding\">11000000\u003C/td>\n        \u003Ctd class=\"ng-binding\">\u003C/td>\n        \u003Ctd class=\"ng-binding\">0\u003C/td>\n      \u003C/tr>\u003C!-- end ngRepeat: campaign in campaigns | itemsPerPage: 25 -->\u003Ctr total-items=\"campaignCount\" current-page=\"pagination.current\" ng-repeat=\"campaign in campaigns | itemsPerPage: 25\" class=\"ng-scope\">\n        \u003Ctd>\u003Ca ng-href=\"#/campaign/2\" class=\"ng-binding\" href=\"#/campaign/2\">Test\u003C/a>\u003C/td>\n        \u003Ctd class=\"ng-binding\">ACTIVE\u003C/td>\n        \u003Ctd class=\"ng-binding\">SINGLE_USE_TRANSFERABLE\u003C/td>\n        \u003Ctd class=\"ng-binding\">\u003C/td>\n        \u003Ctd class=\"ng-binding\">\u003C/td>\n        \u003Ctd class=\"ng-binding\">4000000\u003C/td>\n        \u003Ctd class=\"ng-binding\">\u003C/td>\n        \u003Ctd class=\"ng-binding\">0\u003C/td>\n      \u003C/tr>\u003C!-- end ngRepeat: campaign in campaigns | itemsPerPage: 25 -->\n      \u003C/tbody>\n    \u003C/table>\n  \u003C/div>\n\u003C/div>\n\u003Cdiv dir-pagination-controls=\"\" class=\"col-lg-12 paginationList ng-scope ng-isolate-scope\" on-page-change=\"pageChanged(newPageNumber)\">\u003C!-- ngIf: 1 \u003C pages.length -->\u003C/div>\n\u003C/div>\n        \u003Cdiv class=\"footer\">\u003C/div>\n    \u003C/div>\n\n    \u003C!-- build:js(.) scripts/ie-include.js -->\n        \u003C!--[if lt IE 9]>\n            \u003Cscript src=\"bower_components/es5-shim/es5-shim.js\">\u003C/script>\n            \u003Cscript src=\"bower_components/json3/lib/json3.min.js\">\u003C/script>\n            \u003Cscript src=\"bower_components/respond/dest/respond.src.js\">\u003C/script>\n        \u003C![endif]-->\n    \u003C!-- endbuild -->\n\n    \u003C!-- build:js(.) scripts/vendor.js -->\n    \u003C!-- bower:js -->\n    \u003Cscript src=\"bower_components/jquery/dist/jquery.js\">\u003C/script>\n    \u003Cscript src=\"bower_components/angular/angular.js\">\u003C/script>\n    \u003Cscript src=\"bower_components/json3/lib/json3.js\">\u003C/script>\n    \u003Cscript src=\"bower_components/bootstrap/dist/js/bootstrap.js\">\u003C/script>\n    \u003Cscript src=\"bower_components/angular-resource/angular-resource.js\">\u003C/script>\n    \u003Cscript src=\"bower_components/angular-sanitize/angular-sanitize.js\">\u003C/script>\n    \u003C"
11:39:56.425 [Forwarding getPageSource on session d94198a6aa3008d5ffaf97f92db0cb0c to remote] DEBUG org.apache.http.wire - http-outgoing-65 << "script src=\"bower_components/angular-animate/angular-animate.js\">\u003C/script>\n    \u003Cscript src=\"bower_components/angular-route/angular-route.js\">\u003C/script>\n    \u003Cscript src=\"bower_components/moment/moment.js\">\u003C/script>\n    \u003Cscript src=\"bower_components/angular-bootstrap-show-errors/src/showErrors.js\">\u003C/script>\n    \u003Cscript src=\"bower_components/angular-bootstrap-datetimepicker/src/js/datetimepicker.js\">\u003C/script>\n    \u003Cscript src=\"bower_components/jquery-ui/jquery-ui.js\">\u003C/script>\n    \u003Cscript src=\"bower_components/FileSaver/FileSaver.js\">\u003C/script>\n    \u003Cscript src=\"bower_components/underscore/underscore.js\">\u003C/script>\n    \u003Cscript src=\"bower_components/angular-bootstrap/ui-bootstrap-tpls.js\">\u003C/script>\n    \u003Cscript src=\"bower_components/angular-translate/angular-translate.js\">\u003C/script>\n    \u003Cscript src=\"bower_components/angular-dialog-service/dist/dialogs.min.js\">\u003C/script>\n    \u003Cscript src=\"bower_components/angular-dialog-service/dist/dialogs-default-translations.min.js\">\u003C/script>\n    \u003Cscript src=\"bower_components/angular-utils-pagination/dirPagination.js\">\u003C/script>\n    \u003C!-- endbower -->\n    \u003C!-- endbuild -->\n\n    \u003C!-- build:js({.tmp,app}) scripts/scripts.js -->\n    \u003Cscript src=\"scripts/app.js\">\u003C/script>\n    \u003Cscript src=\"scripts/config/config.js\">\u003C/script>\n    \u003Cscript src=\"scripts/services/base-http-service.js\">\u003C/script>\n    \u003Cscript src=\"scripts/services/voucher-service.js\">\u003C/script>\n    \u003Cscript src=\"scripts/services/campaign-service.js\">\u003C/script>\n    \u003Cscript src=\"scripts/services/history-service.js\">\u003C/script>\n    \u003Cscript src=\"scripts/services/promo-service.js\">\u003C/script>\n    \u003Cscript src=\"scripts/services/date-service.js\">\u003C/script>\n    \u003Cscript src=\"scripts/services/root-service.js\">\u003C/script>\n    \u003Cscript src=\"scripts/services/hateoas-service-util.js\">\u003C/script>\n    \u003Cscript src=\"scripts/controllers/promo-controller.js\">\u003C/script>\n    \u003Cscript src=\"scripts/controllers/campaign-controller.js\">\u003C/script>\n    \u003Cscript src=\"scripts/controllers/status-controller.js\">\u003C/script>\n    \u003Cscript src=\"scripts/controllers/audit-history-controller.js\">\u003C/script>\n    \u003Cscript src=\"scripts/controllers/voucher-controller.js\">\u003C/script>\n    \u003Cscript src=\"scripts/controllers/account-controller.js\">\u003C/script>\n    \u003Cscript src=\"scripts/controllers/campaign-list-controller.js\">\u003C/script>\n    \u003Cscript src=\"scripts/directives/campaign-directive.js\">\u003C/script>\n    \u003Cscript src=\"scripts/directives/voucher-directive.js\">\u003C/script>\n    \u003Cscript src=\"scripts/directives/single-use-voucher-directive.js\">\u003C/script>\n    \u003Cscript src=\"scripts/directives/server-connection-directive.js\">\u003C/script>\n    \u003Cscript src=\"scripts/directives/promocode-directive.js\">\u003C/script>\n    \u003Cscript src=\"scripts/directives/voucher-batch-directive.js\">\u003C/script>\n    \u003Cscript src=\"scripts/filters/account-filter.js\">\u003C/script>\n\n    \u003C!-- endbuild -->\n\n    \u003Cscript src=\"/config\">\u003C/script>\n\n\u003Cscript>//&lt;![CDATA[\ndocument.write('&lt;script src=\"//' + (location.hostname || 'localhost') + ':35729/livereload.js?snipver=1\"&gt;&lt;\\/script&gt;')\n//]]&gt;\u003C/script>\u003Cscript src=\"//localhost:35729/livereload.js?snipver=1\">\u003C/script>\n\n\n\u003C/body>\u003C/html>"}"
11:39:56.425 [Forwarding getPageSource on session d94198a6aa3008d5ffaf97f92db0cb0c to remote] DEBUG o.a.h.i.c.DefaultManagedHttpClientConnection - http-outgoing-65: Shutdown connection
11:39:56.426 [Forwarding getPageSource on session d94198a6aa3008d5ffaf97f92db0cb0c to remote] DEBUG o.a.h.impl.execchain.MainClientExec - Connection discarded
11:39:56.426 [Forwarding getPageSource on session d94198a6aa3008d5ffaf97f92db0cb0c to remote] DEBUG o.a.h.i.c.DefaultManagedHttpClientConnection - http-outgoing-65: Close connection
11:39:56.426 [Forwarding getPageSource on session d94198a6aa3008d5ffaf97f92db0cb0c to remote] DEBUG o.a.h.i.c.PoolingHttpClientConnectionManager - Connection released: [id: 65][route: {}->http://localhost:26477][total kept alive: 0; route allocated: 0 of 2000; total allocated: 0 of 2000]
11:39:56.427 [Forwarding implicitlyWait on session d94198a6aa3008d5ffaf97f92db0cb0c to remote] DEBUG o.a.h.c.protocol.RequestAddCookies - CookieSpec selected: best-match
11:39:56.427 [Forwarding implicitlyWait on session d94198a6aa3008d5ffaf97f92db0cb0c to remote] DEBUG o.a.h.c.protocol.RequestAuthCache - Auth cache not set in the context
11:39:56.427 [Forwarding implicitlyWait on session d94198a6aa3008d5ffaf97f92db0cb0c to remote] DEBUG o.a.h.i.c.PoolingHttpClientConnectionManager - Connection request: [route: {}->http://localhost:26477][total kept alive: 0; route allocated: 0 of 2000; total allocated: 0 of 2000]
11:39:56.427 [Forwarding implicitlyWait on session d94198a6aa3008d5ffaf97f92db0cb0c to remote] DEBUG o.a.h.i.c.PoolingHttpClientConnectionManager - Connection leased: [id: 66][route: {}->http://localhost:26477][total kept alive: 0; route allocated: 1 of 2000; total allocated: 1 of 2000]
11:39:56.427 [Forwarding implicitlyWait on session d94198a6aa3008d5ffaf97f92db0cb0c to remote] DEBUG o.a.h.impl.execchain.MainClientExec - Opening connection {}->http://localhost:26477
11:39:56.427 [Forwarding implicitlyWait on session d94198a6aa3008d5ffaf97f92db0cb0c to remote] DEBUG o.a.h.i.c.HttpClientConnectionOperator - Connecting to localhost/127.0.0.1:26477
11:39:56.427 [Forwarding implicitlyWait on session d94198a6aa3008d5ffaf97f92db0cb0c to remote] DEBUG o.a.h.i.c.HttpClientConnectionOperator - Connection established 127.0.0.1:57342<->127.0.0.1:26477
11:39:56.427 [Forwarding implicitlyWait on session d94198a6aa3008d5ffaf97f92db0cb0c to remote] DEBUG o.a.h.impl.execchain.MainClientExec - Executing request POST /session/d94198a6aa3008d5ffaf97f92db0cb0c/timeouts/implicit_wait HTTP/1.1
11:39:56.427 [Forwarding implicitlyWait on session d94198a6aa3008d5ffaf97f92db0cb0c to remote] DEBUG o.a.h.impl.execchain.MainClientExec - Target auth state: UNCHALLENGED
11:39:56.427 [Forwarding implicitlyWait on session d94198a6aa3008d5ffaf97f92db0cb0c to remote] DEBUG o.a.h.impl.execchain.MainClientExec - Proxy auth state: UNCHALLENGED
11:39:56.427 [Forwarding implicitlyWait on session d94198a6aa3008d5ffaf97f92db0cb0c to remote] DEBUG org.apache.http.headers - http-outgoing-66 >> POST /session/d94198a6aa3008d5ffaf97f92db0cb0c/timeouts/implicit_wait HTTP/1.1
11:39:56.427 [Forwarding implicitlyWait on session d94198a6aa3008d5ffaf97f92db0cb0c to remote] DEBUG org.apache.http.headers - http-outgoing-66 >> Content-Type: application/json; charset=utf-8
11:39:56.427 [Forwarding implicitlyWait on session d94198a6aa3008d5ffaf97f92db0cb0c to remote] DEBUG org.apache.http.headers - http-outgoing-66 >> Content-Length: 8
11:39:56.427 [Forwarding implicitlyWait on session d94198a6aa3008d5ffaf97f92db0cb0c to remote] DEBUG org.apache.http.headers - http-outgoing-66 >> Host: localhost:26477
11:39:56.427 [Forwarding implicitlyWait on session d94198a6aa3008d5ffaf97f92db0cb0c to remote] DEBUG org.apache.http.headers - http-outgoing-66 >> Connection: Keep-Alive
11:39:56.427 [Forwarding implicitlyWait on session d94198a6aa3008d5ffaf97f92db0cb0c to remote] DEBUG org.apache.http.headers - http-outgoing-66 >> User-Agent: Apache-HttpClient/4.3.4 (java 1.5)
11:39:56.427 [Forwarding implicitlyWait on session d94198a6aa3008d5ffaf97f92db0cb0c to remote] DEBUG org.apache.http.headers - http-outgoing-66 >> Accept-Encoding: gzip,deflate
11:39:56.427 [Forwarding implicitlyWait on session d94198a6aa3008d5ffaf97f92db0cb0c to remote] DEBUG org.apache.http.wire - http-outgoing-66 >> "POST /session/d94198a6aa3008d5ffaf97f92db0cb0c/timeouts/implicit_wait HTTP/1.1[\r][\n]"
11:39:56.427 [Forwarding implicitlyWait on session d94198a6aa3008d5ffaf97f92db0cb0c to remote] DEBUG org.apache.http.wire - http-outgoing-66 >> "Content-Type: application/json; charset=utf-8[\r][\n]"
11:39:56.427 [Forwarding implicitlyWait on session d94198a6aa3008d5ffaf97f92db0cb0c to remote] DEBUG org.apache.http.wire - http-outgoing-66 >> "Content-Length: 8[\r][\n]"
11:39:56.427 [Forwarding implicitlyWait on session d94198a6aa3008d5ffaf97f92db0cb0c to remote] DEBUG org.apache.http.wire - http-outgoing-66 >> "Host: localhost:26477[\r][\n]"
11:39:56.427 [Forwarding implicitlyWait on session d94198a6aa3008d5ffaf97f92db0cb0c to remote] DEBUG org.apache.http.wire - http-outgoing-66 >> "Connection: Keep-Alive[\r][\n]"
11:39:56.427 [Forwarding implicitlyWait on session d94198a6aa3008d5ffaf97f92db0cb0c to remote] DEBUG org.apache.http.wire - http-outgoing-66 >> "User-Agent: Apache-HttpClient/4.3.4 (java 1.5)[\r][\n]"
11:39:56.427 [Forwarding implicitlyWait on session d94198a6aa3008d5ffaf97f92db0cb0c to remote] DEBUG org.apache.http.wire - http-outgoing-66 >> "Accept-Encoding: gzip,deflate[\r][\n]"
11:39:56.427 [Forwarding implicitlyWait on session d94198a6aa3008d5ffaf97f92db0cb0c to remote] DEBUG org.apache.http.wire - http-outgoing-66 >> "[\r][\n]"
11:39:56.427 [Forwarding implicitlyWait on session d94198a6aa3008d5ffaf97f92db0cb0c to remote] DEBUG org.apache.http.wire - http-outgoing-66 >> "{"ms":0}"
11:39:56.427 [Forwarding implicitlyWait on session d94198a6aa3008d5ffaf97f92db0cb0c to remote] DEBUG org.apache.http.wire - http-outgoing-66 << "HTTP/1.1 200 OK[\r][\n]"
11:39:56.427 [Forwarding implicitlyWait on session d94198a6aa3008d5ffaf97f92db0cb0c to remote] DEBUG org.apache.http.wire - http-outgoing-66 << "Content-Length:72[\r][\n]"
11:39:56.427 [Forwarding implicitlyWait on session d94198a6aa3008d5ffaf97f92db0cb0c to remote] DEBUG org.apache.http.wire - http-outgoing-66 << "Content-Type:application/json; charset=utf-8[\r][\n]"
11:39:56.427 [Forwarding implicitlyWait on session d94198a6aa3008d5ffaf97f92db0cb0c to remote] DEBUG org.apache.http.wire - http-outgoing-66 << "Connection:close[\r][\n]"
11:39:56.427 [Forwarding implicitlyWait on session d94198a6aa3008d5ffaf97f92db0cb0c to remote] DEBUG org.apache.http.wire - http-outgoing-66 << "[\r][\n]"
11:39:56.427 [Forwarding implicitlyWait on session d94198a6aa3008d5ffaf97f92db0cb0c to remote] DEBUG org.apache.http.wire - http-outgoing-66 << "{"sessionId":"d94198a6aa3008d5ffaf97f92db0cb0c","status":0,"value":null}"
11:39:56.427 [Forwarding implicitlyWait on session d94198a6aa3008d5ffaf97f92db0cb0c to remote] DEBUG org.apache.http.headers - http-outgoing-66 << HTTP/1.1 200 OK
11:39:56.427 [Forwarding implicitlyWait on session d94198a6aa3008d5ffaf97f92db0cb0c to remote] DEBUG org.apache.http.headers - http-outgoing-66 << Content-Length:72
11:39:56.427 [Forwarding implicitlyWait on session d94198a6aa3008d5ffaf97f92db0cb0c to remote] DEBUG org.apache.http.headers - http-outgoing-66 << Content-Type:application/json; charset=utf-8
11:39:56.427 [Forwarding implicitlyWait on session d94198a6aa3008d5ffaf97f92db0cb0c to remote] DEBUG org.apache.http.headers - http-outgoing-66 << Connection:close
11:39:56.428 [Forwarding implicitlyWait on session d94198a6aa3008d5ffaf97f92db0cb0c to remote] DEBUG o.a.h.i.c.DefaultManagedHttpClientConnection - http-outgoing-66: Shutdown connection
11:39:56.428 [Forwarding implicitlyWait on session d94198a6aa3008d5ffaf97f92db0cb0c to remote] DEBUG o.a.h.impl.execchain.MainClientExec - Connection discarded
11:39:56.428 [Forwarding implicitlyWait on session d94198a6aa3008d5ffaf97f92db0cb0c to remote] DEBUG o.a.h.i.c.DefaultManagedHttpClientConnection - http-outgoing-66: Close connection
11:39:56.428 [Forwarding implicitlyWait on session d94198a6aa3008d5ffaf97f92db0cb0c to remote] DEBUG o.a.h.i.c.PoolingHttpClientConnectionManager - Connection released: [id: 66][route: {}->http://localhost:26477][total kept alive: 0; route allocated: 0 of 2000; total allocated: 0 of 2000]
11:39:56.428 [Forwarding findElements on session d94198a6aa3008d5ffaf97f92db0cb0c to remote] DEBUG o.a.h.c.protocol.RequestAddCookies - CookieSpec selected: best-match
11:39:56.428 [Forwarding findElements on session d94198a6aa3008d5ffaf97f92db0cb0c to remote] DEBUG o.a.h.c.protocol.RequestAuthCache - Auth cache not set in the context
11:39:56.428 [Forwarding findElements on session d94198a6aa3008d5ffaf97f92db0cb0c to remote] DEBUG o.a.h.i.c.PoolingHttpClientConnectionManager - Connection request: [route: {}->http://localhost:26477][total kept alive: 0; route allocated: 0 of 2000; total allocated: 0 of 2000]
11:39:56.428 [Forwarding findElements on session d94198a6aa3008d5ffaf97f92db0cb0c to remote] DEBUG o.a.h.i.c.PoolingHttpClientConnectionManager - Connection leased: [id: 67][route: {}->http://localhost:26477][total kept alive: 0; route allocated: 1 of 2000; total allocated: 1 of 2000]
11:39:56.428 [Forwarding findElements on session d94198a6aa3008d5ffaf97f92db0cb0c to remote] DEBUG o.a.h.impl.execchain.MainClientExec - Opening connection {}->http://localhost:26477
11:39:56.428 [Forwarding findElements on session d94198a6aa3008d5ffaf97f92db0cb0c to remote] DEBUG o.a.h.i.c.HttpClientConnectionOperator - Connecting to localhost/127.0.0.1:26477
11:39:56.428 [Forwarding findElements on session d94198a6aa3008d5ffaf97f92db0cb0c to remote] DEBUG o.a.h.i.c.HttpClientConnectionOperator - Connection established 127.0.0.1:57343<->127.0.0.1:26477
11:39:56.428 [Forwarding findElements on session d94198a6aa3008d5ffaf97f92db0cb0c to remote] DEBUG o.a.h.impl.execchain.MainClientExec - Executing request POST /session/d94198a6aa3008d5ffaf97f92db0cb0c/elements HTTP/1.1
11:39:56.428 [Forwarding findElements on session d94198a6aa3008d5ffaf97f92db0cb0c to remote] DEBUG o.a.h.impl.execchain.MainClientExec - Target auth state: UNCHALLENGED
11:39:56.428 [Forwarding findElements on session d94198a6aa3008d5ffaf97f92db0cb0c to remote] DEBUG o.a.h.impl.execchain.MainClientExec - Proxy auth state: UNCHALLENGED
11:39:56.428 [Forwarding findElements on session d94198a6aa3008d5ffaf97f92db0cb0c to remote] DEBUG org.apache.http.headers - http-outgoing-67 >> POST /session/d94198a6aa3008d5ffaf97f92db0cb0c/elements HTTP/1.1
11:39:56.428 [Forwarding findElements on session d94198a6aa3008d5ffaf97f92db0cb0c to remote] DEBUG org.apache.http.headers - http-outgoing-67 >> Content-Type: application/json; charset=utf-8
11:39:56.428 [Forwarding findElements on session d94198a6aa3008d5ffaf97f92db0cb0c to remote] DEBUG org.apache.http.headers - http-outgoing-67 >> Content-Length: 36
11:39:56.428 [Forwarding findElements on session d94198a6aa3008d5ffaf97f92db0cb0c to remote] DEBUG org.apache.http.headers - http-outgoing-67 >> Host: localhost:26477
11:39:56.428 [Forwarding findElements on session d94198a6aa3008d5ffaf97f92db0cb0c to remote] DEBUG org.apache.http.headers - http-outgoing-67 >> Connection: Keep-Alive
11:39:56.428 [Forwarding findElements on session d94198a6aa3008d5ffaf97f92db0cb0c to remote] DEBUG org.apache.http.headers - http-outgoing-67 >> User-Agent: Apache-HttpClient/4.3.4 (java 1.5)
11:39:56.428 [Forwarding findElements on session d94198a6aa3008d5ffaf97f92db0cb0c to remote] DEBUG org.apache.http.headers - http-outgoing-67 >> Accept-Encoding: gzip,deflate
11:39:56.428 [Forwarding findElements on session d94198a6aa3008d5ffaf97f92db0cb0c to remote] DEBUG org.apache.http.wire - http-outgoing-67 >> "POST /session/d94198a6aa3008d5ffaf97f92db0cb0c/elements HTTP/1.1[\r][\n]"
11:39:56.428 [Forwarding findElements on session d94198a6aa3008d5ffaf97f92db0cb0c to remote] DEBUG org.apache.http.wire - http-outgoing-67 >> "Content-Type: application/json; charset=utf-8[\r][\n]"
11:39:56.428 [Forwarding findElements on session d94198a6aa3008d5ffaf97f92db0cb0c to remote] DEBUG org.apache.http.wire - http-outgoing-67 >> "Content-Length: 36[\r][\n]"
11:39:56.428 [Forwarding findElements on session d94198a6aa3008d5ffaf97f92db0cb0c to remote] DEBUG org.apache.http.wire - http-outgoing-67 >> "Host: localhost:26477[\r][\n]"
11:39:56.428 [Forwarding findElements on session d94198a6aa3008d5ffaf97f92db0cb0c to remote] DEBUG org.apache.http.wire - http-outgoing-67 >> "Connection: Keep-Alive[\r][\n]"
11:39:56.428 [Forwarding findElements on session d94198a6aa3008d5ffaf97f92db0cb0c to remote] DEBUG org.apache.http.wire - http-outgoing-67 >> "User-Agent: Apache-HttpClient/4.3.4 (java 1.5)[\r][\n]"
11:39:56.428 [Forwarding findElements on session d94198a6aa3008d5ffaf97f92db0cb0c to remote] DEBUG org.apache.http.wire - http-outgoing-67 >> "Accept-Encoding: gzip,deflate[\r][\n]"
11:39:56.428 [Forwarding findElements on session d94198a6aa3008d5ffaf97f92db0cb0c to remote] DEBUG org.apache.http.wire - http-outgoing-67 >> "[\r][\n]"
11:39:56.428 [Forwarding findElements on session d94198a6aa3008d5ffaf97f92db0cb0c to remote] DEBUG org.apache.http.wire - http-outgoing-67 >> "{"using":"css selector","value":"a"}"
11:39:56.432 [Forwarding findElements on session d94198a6aa3008d5ffaf97f92db0cb0c to remote] DEBUG org.apache.http.wire - http-outgoing-67 << "HTTP/1.1 200 OK[\r][\n]"
11:39:56.432 [Forwarding findElements on session d94198a6aa3008d5ffaf97f92db0cb0c to remote] DEBUG org.apache.http.wire - http-outgoing-67 << "Content-Length:428[\r][\n]"
11:39:56.432 [Forwarding findElements on session d94198a6aa3008d5ffaf97f92db0cb0c to remote] DEBUG org.apache.http.wire - http-outgoing-67 << "Content-Type:application/json; charset=utf-8[\r][\n]"
11:39:56.432 [Forwarding findElements on session d94198a6aa3008d5ffaf97f92db0cb0c to remote] DEBUG org.apache.http.wire - http-outgoing-67 << "Connection:close[\r][\n]"
11:39:56.432 [Forwarding findElements on session d94198a6aa3008d5ffaf97f92db0cb0c to remote] DEBUG org.apache.http.wire - http-outgoing-67 << "[\r][\n]"
11:39:56.432 [Forwarding findElements on session d94198a6aa3008d5ffaf97f92db0cb0c to remote] DEBUG org.apache.http.wire - http-outgoing-67 << "{"sessionId":"d94198a6aa3008d5ffaf97f92db0cb0c","status":0,"value":[{"ELEMENT":"0.5152662619948387-9"},{"ELEMENT":"0.5152662619948387-10"},{"ELEMENT":"0.5152662619948387-11"},{"ELEMENT":"0.5152662619948387-12"},{"ELEMENT":"0.5152662619948387-13"},{"ELEMENT":"0.5152662619948387-14"},{"ELEMENT":"0.5152662619948387-15"},{"ELEMENT":"0.5152662619948387-16"},{"ELEMENT":"0.5152662619948387-19"},{"ELEMENT":"0.5152662619948387-20"}]}"
11:39:56.432 [Forwarding findElements on session d94198a6aa3008d5ffaf97f92db0cb0c to remote] DEBUG org.apache.http.headers - http-outgoing-67 << HTTP/1.1 200 OK
11:39:56.432 [Forwarding findElements on session d94198a6aa3008d5ffaf97f92db0cb0c to remote] DEBUG org.apache.http.headers - http-outgoing-67 << Content-Length:428
11:39:56.432 [Forwarding findElements on session d94198a6aa3008d5ffaf97f92db0cb0c to remote] DEBUG org.apache.http.headers - http-outgoing-67 << Content-Type:application/json; charset=utf-8
11:39:56.432 [Forwarding findElements on session d94198a6aa3008d5ffaf97f92db0cb0c to remote] DEBUG org.apache.http.headers - http-outgoing-67 << Connection:close
11:39:56.433 [Forwarding findElements on session d94198a6aa3008d5ffaf97f92db0cb0c to remote] DEBUG o.a.h.i.c.DefaultManagedHttpClientConnection - http-outgoing-67: Shutdown connection
11:39:56.433 [Forwarding findElements on session d94198a6aa3008d5ffaf97f92db0cb0c to remote] DEBUG o.a.h.impl.execchain.MainClientExec - Connection discarded
11:39:56.433 [Forwarding findElements on session d94198a6aa3008d5ffaf97f92db0cb0c to remote] DEBUG o.a.h.i.c.DefaultManagedHttpClientConnection - http-outgoing-67: Close connection
11:39:56.433 [Forwarding findElements on session d94198a6aa3008d5ffaf97f92db0cb0c to remote] DEBUG o.a.h.i.c.PoolingHttpClientConnectionManager - Connection released: [id: 67][route: {}->http://localhost:26477][total kept alive: 0; route allocated: 0 of 2000; total allocated: 0 of 2000]
11:39:56.434 [Forwarding getElementText on session d94198a6aa3008d5ffaf97f92db0cb0c to remote] DEBUG o.a.h.c.protocol.RequestAddCookies - CookieSpec selected: best-match
11:39:56.434 [Forwarding getElementText on session d94198a6aa3008d5ffaf97f92db0cb0c to remote] DEBUG o.a.h.c.protocol.RequestAuthCache - Auth cache not set in the context
11:39:56.434 [Forwarding getElementText on session d94198a6aa3008d5ffaf97f92db0cb0c to remote] DEBUG o.a.h.i.c.PoolingHttpClientConnectionManager - Connection request: [route: {}->http://localhost:26477][total kept alive: 0; route allocated: 0 of 2000; total allocated: 0 of 2000]
11:39:56.434 [Forwarding getElementText on session d94198a6aa3008d5ffaf97f92db0cb0c to remote] DEBUG o.a.h.i.c.PoolingHttpClientConnectionManager - Connection leased: [id: 68][route: {}->http://localhost:26477][total kept alive: 0; route allocated: 1 of 2000; total allocated: 1 of 2000]
11:39:56.434 [Forwarding getElementText on session d94198a6aa3008d5ffaf97f92db0cb0c to remote] DEBUG o.a.h.impl.execchain.MainClientExec - Opening connection {}->http://localhost:26477
11:39:56.434 [Forwarding getElementText on session d94198a6aa3008d5ffaf97f92db0cb0c to remote] DEBUG o.a.h.i.c.HttpClientConnectionOperator - Connecting to localhost/127.0.0.1:26477
11:39:56.434 [Forwarding getElementText on session d94198a6aa3008d5ffaf97f92db0cb0c to remote] DEBUG o.a.h.i.c.HttpClientConnectionOperator - Connection established 127.0.0.1:57344<->127.0.0.1:26477
11:39:56.434 [Forwarding getElementText on session d94198a6aa3008d5ffaf97f92db0cb0c to remote] DEBUG o.a.h.impl.execchain.MainClientExec - Executing request GET /session/d94198a6aa3008d5ffaf97f92db0cb0c/element/0.5152662619948387-9/text HTTP/1.1
11:39:56.434 [Forwarding getElementText on session d94198a6aa3008d5ffaf97f92db0cb0c to remote] DEBUG o.a.h.impl.execchain.MainClientExec - Target auth state: UNCHALLENGED
11:39:56.434 [Forwarding getElementText on session d94198a6aa3008d5ffaf97f92db0cb0c to remote] DEBUG o.a.h.impl.execchain.MainClientExec - Proxy auth state: UNCHALLENGED
11:39:56.434 [Forwarding getElementText on session d94198a6aa3008d5ffaf97f92db0cb0c to remote] DEBUG org.apache.http.headers - http-outgoing-68 >> GET /session/d94198a6aa3008d5ffaf97f92db0cb0c/element/0.5152662619948387-9/text HTTP/1.1
11:39:56.434 [Forwarding getElementText on session d94198a6aa3008d5ffaf97f92db0cb0c to remote] DEBUG org.apache.http.headers - http-outgoing-68 >> Cache-Control: no-cache
11:39:56.434 [Forwarding getElementText on session d94198a6aa3008d5ffaf97f92db0cb0c to remote] DEBUG org.apache.http.headers - http-outgoing-68 >> Host: localhost:26477
11:39:56.434 [Forwarding getElementText on session d94198a6aa3008d5ffaf97f92db0cb0c to remote] DEBUG org.apache.http.headers - http-outgoing-68 >> Connection: Keep-Alive
11:39:56.434 [Forwarding getElementText on session d94198a6aa3008d5ffaf97f92db0cb0c to remote] DEBUG org.apache.http.headers - http-outgoing-68 >> User-Agent: Apache-HttpClient/4.3.4 (java 1.5)
11:39:56.434 [Forwarding getElementText on session d94198a6aa3008d5ffaf97f92db0cb0c to remote] DEBUG org.apache.http.headers - http-outgoing-68 >> Accept-Encoding: gzip,deflate
11:39:56.434 [Forwarding getElementText on session d94198a6aa3008d5ffaf97f92db0cb0c to remote] DEBUG org.apache.http.wire - http-outgoing-68 >> "GET /session/d94198a6aa3008d5ffaf97f92db0cb0c/element/0.5152662619948387-9/text HTTP/1.1[\r][\n]"
11:39:56.434 [Forwarding getElementText on session d94198a6aa3008d5ffaf97f92db0cb0c to remote] DEBUG org.apache.http.wire - http-outgoing-68 >> "Cache-Control: no-cache[\r][\n]"
11:39:56.434 [Forwarding getElementText on session d94198a6aa3008d5ffaf97f92db0cb0c to remote] DEBUG org.apache.http.wire - http-outgoing-68 >> "Host: localhost:26477[\r][\n]"
11:39:56.434 [Forwarding getElementText on session d94198a6aa3008d5ffaf97f92db0cb0c to remote] DEBUG org.apache.http.wire - http-outgoing-68 >> "Connection: Keep-Alive[\r][\n]"
11:39:56.434 [Forwarding getElementText on session d94198a6aa3008d5ffaf97f92db0cb0c to remote] DEBUG org.apache.http.wire - http-outgoing-68 >> "User-Agent: Apache-HttpClient/4.3.4 (java 1.5)[\r][\n]"
11:39:56.434 [Forwarding getElementText on session d94198a6aa3008d5ffaf97f92db0cb0c to remote] DEBUG org.apache.http.wire - http-outgoing-68 >> "Accept-Encoding: gzip,deflate[\r][\n]"
11:39:56.434 [Forwarding getElementText on session d94198a6aa3008d5ffaf97f92db0cb0c to remote] DEBUG org.apache.http.wire - http-outgoing-68 >> "[\r][\n]"
11:39:56.440 [Forwarding getElementText on session d94198a6aa3008d5ffaf97f92db0cb0c to remote] DEBUG org.apache.http.wire - http-outgoing-68 << "HTTP/1.1 200 OK[\r][\n]"
11:39:56.440 [Forwarding getElementText on session d94198a6aa3008d5ffaf97f92db0cb0c to remote] DEBUG org.apache.http.wire - http-outgoing-68 << "Content-Length:79[\r][\n]"
11:39:56.440 [Forwarding getElementText on session d94198a6aa3008d5ffaf97f92db0cb0c to remote] DEBUG org.apache.http.wire - http-outgoing-68 << "Content-Type:application/json; charset=utf-8[\r][\n]"
11:39:56.440 [Forwarding getElementText on session d94198a6aa3008d5ffaf97f92db0cb0c to remote] DEBUG org.apache.http.wire - http-outgoing-68 << "Connection:close[\r][\n]"
11:39:56.440 [Forwarding getElementText on session d94198a6aa3008d5ffaf97f92db0cb0c to remote] DEBUG org.apache.http.wire - http-outgoing-68 << "[\r][\n]"
11:39:56.440 [Forwarding getElementText on session d94198a6aa3008d5ffaf97f92db0cb0c to remote] DEBUG org.apache.http.wire - http-outgoing-68 << "{"sessionId":"d94198a6aa3008d5ffaf97f92db0cb0c","status":0,"value":"Campaigns"}"
11:39:56.440 [Forwarding getElementText on session d94198a6aa3008d5ffaf97f92db0cb0c to remote] DEBUG org.apache.http.headers - http-outgoing-68 << HTTP/1.1 200 OK
11:39:56.440 [Forwarding getElementText on session d94198a6aa3008d5ffaf97f92db0cb0c to remote] DEBUG org.apache.http.headers - http-outgoing-68 << Content-Length:79
11:39:56.440 [Forwarding getElementText on session d94198a6aa3008d5ffaf97f92db0cb0c to remote] DEBUG org.apache.http.headers - http-outgoing-68 << Content-Type:application/json; charset=utf-8
11:39:56.440 [Forwarding getElementText on session d94198a6aa3008d5ffaf97f92db0cb0c to remote] DEBUG org.apache.http.headers - http-outgoing-68 << Connection:close
11:39:56.440 [Forwarding getElementText on session d94198a6aa3008d5ffaf97f92db0cb0c to remote] DEBUG o.a.h.i.c.DefaultManagedHttpClientConnection - http-outgoing-68: Shutdown connection
11:39:56.440 [Forwarding getElementText on session d94198a6aa3008d5ffaf97f92db0cb0c to remote] DEBUG o.a.h.impl.execchain.MainClientExec - Connection discarded
11:39:56.440 [Forwarding getElementText on session d94198a6aa3008d5ffaf97f92db0cb0c to remote] DEBUG o.a.h.i.c.DefaultManagedHttpClientConnection - http-outgoing-68: Close connection
11:39:56.440 [Forwarding getElementText on session d94198a6aa3008d5ffaf97f92db0cb0c to remote] DEBUG o.a.h.i.c.PoolingHttpClientConnectionManager - Connection released: [id: 68][route: {}->http://localhost:26477][total kept alive: 0; route allocated: 0 of 2000; total allocated: 0 of 2000]
11:39:56.441 [Forwarding getElementText on session d94198a6aa3008d5ffaf97f92db0cb0c to remote] DEBUG o.a.h.c.protocol.RequestAddCookies - CookieSpec selected: best-match
11:39:56.441 [Forwarding getElementText on session d94198a6aa3008d5ffaf97f92db0cb0c to remote] DEBUG o.a.h.c.protocol.RequestAuthCache - Auth cache not set in the context
11:39:56.441 [Forwarding getElementText on session d94198a6aa3008d5ffaf97f92db0cb0c to remote] DEBUG o.a.h.i.c.PoolingHttpClientConnectionManager - Connection request: [route: {}->http://localhost:26477][total kept alive: 0; route allocated: 0 of 2000; total allocated: 0 of 2000]
11:39:56.441 [Forwarding getElementText on session d94198a6aa3008d5ffaf97f92db0cb0c to remote] DEBUG o.a.h.i.c.PoolingHttpClientConnectionManager - Connection leased: [id: 69][route: {}->http://localhost:26477][total kept alive: 0; route allocated: 1 of 2000; total allocated: 1 of 2000]
11:39:56.441 [Forwarding getElementText on session d94198a6aa3008d5ffaf97f92db0cb0c to remote] DEBUG o.a.h.impl.execchain.MainClientExec - Opening connection {}->http://localhost:26477
11:39:56.441 [Forwarding getElementText on session d94198a6aa3008d5ffaf97f92db0cb0c to remote] DEBUG o.a.h.i.c.HttpClientConnectionOperator - Connecting to localhost/127.0.0.1:26477
11:39:56.441 [Forwarding getElementText on session d94198a6aa3008d5ffaf97f92db0cb0c to remote] DEBUG o.a.h.i.c.HttpClientConnectionOperator - Connection established 127.0.0.1:57345<->127.0.0.1:26477
11:39:56.441 [Forwarding getElementText on session d94198a6aa3008d5ffaf97f92db0cb0c to remote] DEBUG o.a.h.impl.execchain.MainClientExec - Executing request GET /session/d94198a6aa3008d5ffaf97f92db0cb0c/element/0.5152662619948387-10/text HTTP/1.1
11:39:56.441 [Forwarding getElementText on session d94198a6aa3008d5ffaf97f92db0cb0c to remote] DEBUG o.a.h.impl.execchain.MainClientExec - Target auth state: UNCHALLENGED
11:39:56.441 [Forwarding getElementText on session d94198a6aa3008d5ffaf97f92db0cb0c to remote] DEBUG o.a.h.impl.execchain.MainClientExec - Proxy auth state: UNCHALLENGED
11:39:56.441 [Forwarding getElementText on session d94198a6aa3008d5ffaf97f92db0cb0c to remote] DEBUG org.apache.http.headers - http-outgoing-69 >> GET /session/d94198a6aa3008d5ffaf97f92db0cb0c/element/0.5152662619948387-10/text HTTP/1.1
11:39:56.441 [Forwarding getElementText on session d94198a6aa3008d5ffaf97f92db0cb0c to remote] DEBUG org.apache.http.headers - http-outgoing-69 >> Cache-Control: no-cache
11:39:56.441 [Forwarding getElementText on session d94198a6aa3008d5ffaf97f92db0cb0c to remote] DEBUG org.apache.http.headers - http-outgoing-69 >> Host: localhost:26477
11:39:56.441 [Forwarding getElementText on session d94198a6aa3008d5ffaf97f92db0cb0c to remote] DEBUG org.apache.http.headers - http-outgoing-69 >> Connection: Keep-Alive
11:39:56.441 [Forwarding getElementText on session d94198a6aa3008d5ffaf97f92db0cb0c to remote] DEBUG org.apache.http.headers - http-outgoing-69 >> User-Agent: Apache-HttpClient/4.3.4 (java 1.5)
11:39:56.441 [Forwarding getElementText on session d94198a6aa3008d5ffaf97f92db0cb0c to remote] DEBUG org.apache.http.headers - http-outgoing-69 >> Accept-Encoding: gzip,deflate
11:39:56.441 [Forwarding getElementText on session d94198a6aa3008d5ffaf97f92db0cb0c to remote] DEBUG org.apache.http.wire - http-outgoing-69 >> "GET /session/d94198a6aa3008d5ffaf97f92db0cb0c/element/0.5152662619948387-10/text HTTP/1.1[\r][\n]"
11:39:56.441 [Forwarding getElementText on session d94198a6aa3008d5ffaf97f92db0cb0c to remote] DEBUG org.apache.http.wire - http-outgoing-69 >> "Cache-Control: no-cache[\r][\n]"
11:39:56.441 [Forwarding getElementText on session d94198a6aa3008d5ffaf97f92db0cb0c to remote] DEBUG org.apache.http.wire - http-outgoing-69 >> "Host: localhost:26477[\r][\n]"
11:39:56.441 [Forwarding getElementText on session d94198a6aa3008d5ffaf97f92db0cb0c to remote] DEBUG org.apache.http.wire - http-outgoing-69 >> "Connection: Keep-Alive[\r][\n]"
11:39:56.441 [Forwarding getElementText on session d94198a6aa3008d5ffaf97f92db0cb0c to remote] DEBUG org.apache.http.wire - http-outgoing-69 >> "User-Agent: Apache-HttpClient/4.3.4 (java 1.5)[\r][\n]"
11:39:56.441 [Forwarding getElementText on session d94198a6aa3008d5ffaf97f92db0cb0c to remote] DEBUG org.apache.http.wire - http-outgoing-69 >> "Accept-Encoding: gzip,deflate[\r][\n]"
11:39:56.441 [Forwarding getElementText on session d94198a6aa3008d5ffaf97f92db0cb0c to remote] DEBUG org.apache.http.wire - http-outgoing-69 >> "[\r][\n]"
11:39:56.447 [Forwarding getElementText on session d94198a6aa3008d5ffaf97f92db0cb0c to remote] DEBUG org.apache.http.wire - http-outgoing-69 << "HTTP/1.1 200 OK[\r][\n]"
11:39:56.447 [Forwarding getElementText on session d94198a6aa3008d5ffaf97f92db0cb0c to remote] DEBUG org.apache.http.wire - http-outgoing-69 << "Content-Length:85[\r][\n]"
11:39:56.447 [Forwarding getElementText on session d94198a6aa3008d5ffaf97f92db0cb0c to remote] DEBUG org.apache.http.wire - http-outgoing-69 << "Content-Type:application/json; charset=utf-8[\r][\n]"
11:39:56.447 [Forwarding getElementText on session d94198a6aa3008d5ffaf97f92db0cb0c to remote] DEBUG org.apache.http.wire - http-outgoing-69 << "Connection:close[\r][\n]"
11:39:56.447 [Forwarding getElementText on session d94198a6aa3008d5ffaf97f92db0cb0c to remote] DEBUG org.apache.http.wire - http-outgoing-69 << "[\r][\n]"
11:39:56.447 [Forwarding getElementText on session d94198a6aa3008d5ffaf97f92db0cb0c to remote] DEBUG org.apache.http.wire - http-outgoing-69 << "{"sessionId":"d94198a6aa3008d5ffaf97f92db0cb0c","status":0,"value":"Create Campaign"}"
11:39:56.447 [Forwarding getElementText on session d94198a6aa3008d5ffaf97f92db0cb0c to remote] DEBUG org.apache.http.headers - http-outgoing-69 << HTTP/1.1 200 OK
11:39:56.447 [Forwarding getElementText on session d94198a6aa3008d5ffaf97f92db0cb0c to remote] DEBUG org.apache.http.headers - http-outgoing-69 << Content-Length:85
11:39:56.447 [Forwarding getElementText on session d94198a6aa3008d5ffaf97f92db0cb0c to remote] DEBUG org.apache.http.headers - http-outgoing-69 << Content-Type:application/json; charset=utf-8
11:39:56.447 [Forwarding getElementText on session d94198a6aa3008d5ffaf97f92db0cb0c to remote] DEBUG org.apache.http.headers - http-outgoing-69 << Connection:close
11:39:56.447 [Forwarding getElementText on session d94198a6aa3008d5ffaf97f92db0cb0c to remote] DEBUG o.a.h.i.c.DefaultManagedHttpClientConnection - http-outgoing-69: Shutdown connection
11:39:56.447 [Forwarding getElementText on session d94198a6aa3008d5ffaf97f92db0cb0c to remote] DEBUG o.a.h.impl.execchain.MainClientExec - Connection discarded
11:39:56.447 [Forwarding getElementText on session d94198a6aa3008d5ffaf97f92db0cb0c to remote] DEBUG o.a.h.i.c.DefaultManagedHttpClientConnection - http-outgoing-69: Close connection
11:39:56.447 [Forwarding getElementText on session d94198a6aa3008d5ffaf97f92db0cb0c to remote] DEBUG o.a.h.i.c.PoolingHttpClientConnectionManager - Connection released: [id: 69][route: {}->http://localhost:26477][total kept alive: 0; route allocated: 0 of 2000; total allocated: 0 of 2000]
11:39:56.448 [Forwarding getElementText on session d94198a6aa3008d5ffaf97f92db0cb0c to remote] DEBUG o.a.h.c.protocol.RequestAddCookies - CookieSpec selected: best-match
11:39:56.448 [Forwarding getElementText on session d94198a6aa3008d5ffaf97f92db0cb0c to remote] DEBUG o.a.h.c.protocol.RequestAuthCache - Auth cache not set in the context
11:39:56.448 [Forwarding getElementText on session d94198a6aa3008d5ffaf97f92db0cb0c to remote] DEBUG o.a.h.i.c.PoolingHttpClientConnectionManager - Connection request: [route: {}->http://localhost:26477][total kept alive: 0; route allocated: 0 of 2000; total allocated: 0 of 2000]
11:39:56.448 [Forwarding getElementText on session d94198a6aa3008d5ffaf97f92db0cb0c to remote] DEBUG o.a.h.i.c.PoolingHttpClientConnectionManager - Connection leased: [id: 70][route: {}->http://localhost:26477][total kept alive: 0; route allocated: 1 of 2000; total allocated: 1 of 2000]
11:39:56.448 [Forwarding getElementText on session d94198a6aa3008d5ffaf97f92db0cb0c to remote] DEBUG o.a.h.impl.execchain.MainClientExec - Opening connection {}->http://localhost:26477
11:39:56.448 [Forwarding getElementText on session d94198a6aa3008d5ffaf97f92db0cb0c to remote] DEBUG o.a.h.i.c.HttpClientConnectionOperator - Connecting to localhost/127.0.0.1:26477
11:39:56.448 [Forwarding getElementText on session d94198a6aa3008d5ffaf97f92db0cb0c to remote] DEBUG o.a.h.i.c.HttpClientConnectionOperator - Connection established 127.0.0.1:57346<->127.0.0.1:26477
11:39:56.448 [Forwarding getElementText on session d94198a6aa3008d5ffaf97f92db0cb0c to remote] DEBUG o.a.h.impl.execchain.MainClientExec - Executing request GET /session/d94198a6aa3008d5ffaf97f92db0cb0c/element/0.5152662619948387-11/text HTTP/1.1
11:39:56.448 [Forwarding getElementText on session d94198a6aa3008d5ffaf97f92db0cb0c to remote] DEBUG o.a.h.impl.execchain.MainClientExec - Target auth state: UNCHALLENGED
11:39:56.448 [Forwarding getElementText on session d94198a6aa3008d5ffaf97f92db0cb0c to remote] DEBUG o.a.h.impl.execchain.MainClientExec - Proxy auth state: UNCHALLENGED
11:39:56.448 [Forwarding getElementText on session d94198a6aa3008d5ffaf97f92db0cb0c to remote] DEBUG org.apache.http.headers - http-outgoing-70 >> GET /session/d94198a6aa3008d5ffaf97f92db0cb0c/element/0.5152662619948387-11/text HTTP/1.1
11:39:56.448 [Forwarding getElementText on session d94198a6aa3008d5ffaf97f92db0cb0c to remote] DEBUG org.apache.http.headers - http-outgoing-70 >> Cache-Control: no-cache
11:39:56.448 [Forwarding getElementText on session d94198a6aa3008d5ffaf97f92db0cb0c to remote] DEBUG org.apache.http.headers - http-outgoing-70 >> Host: localhost:26477
11:39:56.448 [Forwarding getElementText on session d94198a6aa3008d5ffaf97f92db0cb0c to remote] DEBUG org.apache.http.headers - http-outgoing-70 >> Connection: Keep-Alive
11:39:56.448 [Forwarding getElementText on session d94198a6aa3008d5ffaf97f92db0cb0c to remote] DEBUG org.apache.http.headers - http-outgoing-70 >> User-Agent: Apache-HttpClient/4.3.4 (java 1.5)
11:39:56.448 [Forwarding getElementText on session d94198a6aa3008d5ffaf97f92db0cb0c to remote] DEBUG org.apache.http.headers - http-outgoing-70 >> Accept-Encoding: gzip,deflate
11:39:56.448 [Forwarding getElementText on session d94198a6aa3008d5ffaf97f92db0cb0c to remote] DEBUG org.apache.http.wire - http-outgoing-70 >> "GET /session/d94198a6aa3008d5ffaf97f92db0cb0c/element/0.5152662619948387-11/text HTTP/1.1[\r][\n]"
11:39:56.448 [Forwarding getElementText on session d94198a6aa3008d5ffaf97f92db0cb0c to remote] DEBUG org.apache.http.wire - http-outgoing-70 >> "Cache-Control: no-cache[\r][\n]"
11:39:56.448 [Forwarding getElementText on session d94198a6aa3008d5ffaf97f92db0cb0c to remote] DEBUG org.apache.http.wire - http-outgoing-70 >> "Host: localhost:26477[\r][\n]"
11:39:56.448 [Forwarding getElementText on session d94198a6aa3008d5ffaf97f92db0cb0c to remote] DEBUG org.apache.http.wire - http-outgoing-70 >> "Connection: Keep-Alive[\r][\n]"
11:39:56.448 [Forwarding getElementText on session d94198a6aa3008d5ffaf97f92db0cb0c to remote] DEBUG org.apache.http.wire - http-outgoing-70 >> "User-Agent: Apache-HttpClient/4.3.4 (java 1.5)[\r][\n]"
11:39:56.448 [Forwarding getElementText on session d94198a6aa3008d5ffaf97f92db0cb0c to remote] DEBUG org.apache.http.wire - http-outgoing-70 >> "Accept-Encoding: gzip,deflate[\r][\n]"
11:39:56.448 [Forwarding getElementText on session d94198a6aa3008d5ffaf97f92db0cb0c to remote] DEBUG org.apache.http.wire - http-outgoing-70 >> "[\r][\n]"
11:39:56.453 [Forwarding getElementText on session d94198a6aa3008d5ffaf97f92db0cb0c to remote] DEBUG org.apache.http.wire - http-outgoing-70 << "HTTP/1.1 200 OK[\r][\n]"
11:39:56.453 [Forwarding getElementText on session d94198a6aa3008d5ffaf97f92db0cb0c to remote] DEBUG org.apache.http.wire - http-outgoing-70 << "Content-Length:85[\r][\n]"
11:39:56.453 [Forwarding getElementText on session d94198a6aa3008d5ffaf97f92db0cb0c to remote] DEBUG org.apache.http.wire - http-outgoing-70 << "Content-Type:application/json; charset=utf-8[\r][\n]"
11:39:56.453 [Forwarding getElementText on session d94198a6aa3008d5ffaf97f92db0cb0c to remote] DEBUG org.apache.http.wire - http-outgoing-70 << "Connection:close[\r][\n]"
11:39:56.453 [Forwarding getElementText on session d94198a6aa3008d5ffaf97f92db0cb0c to remote] DEBUG org.apache.http.wire - http-outgoing-70 << "[\r][\n]"
11:39:56.453 [Forwarding getElementText on session d94198a6aa3008d5ffaf97f92db0cb0c to remote] DEBUG org.apache.http.wire - http-outgoing-70 << "{"sessionId":"d94198a6aa3008d5ffaf97f92db0cb0c","status":0,"value":"Search Vouchers"}"
11:39:56.453 [Forwarding getElementText on session d94198a6aa3008d5ffaf97f92db0cb0c to remote] DEBUG org.apache.http.headers - http-outgoing-70 << HTTP/1.1 200 OK
11:39:56.453 [Forwarding getElementText on session d94198a6aa3008d5ffaf97f92db0cb0c to remote] DEBUG org.apache.http.headers - http-outgoing-70 << Content-Length:85
11:39:56.453 [Forwarding getElementText on session d94198a6aa3008d5ffaf97f92db0cb0c to remote] DEBUG org.apache.http.headers - http-outgoing-70 << Content-Type:application/json; charset=utf-8
11:39:56.453 [Forwarding getElementText on session d94198a6aa3008d5ffaf97f92db0cb0c to remote] DEBUG org.apache.http.headers - http-outgoing-70 << Connection:close
11:39:56.453 [Forwarding getElementText on session d94198a6aa3008d5ffaf97f92db0cb0c to remote] DEBUG o.a.h.i.c.DefaultManagedHttpClientConnection - http-outgoing-70: Shutdown connection
11:39:56.453 [Forwarding getElementText on session d94198a6aa3008d5ffaf97f92db0cb0c to remote] DEBUG o.a.h.impl.execchain.MainClientExec - Connection discarded
11:39:56.453 [Forwarding getElementText on session d94198a6aa3008d5ffaf97f92db0cb0c to remote] DEBUG o.a.h.i.c.DefaultManagedHttpClientConnection - http-outgoing-70: Close connection
11:39:56.453 [Forwarding getElementText on session d94198a6aa3008d5ffaf97f92db0cb0c to remote] DEBUG o.a.h.i.c.PoolingHttpClientConnectionManager - Connection released: [id: 70][route: {}->http://localhost:26477][total kept alive: 0; route allocated: 0 of 2000; total allocated: 0 of 2000]
11:39:56.454 [Forwarding getElementText on session d94198a6aa3008d5ffaf97f92db0cb0c to remote] DEBUG o.a.h.c.protocol.RequestAddCookies - CookieSpec selected: best-match
11:39:56.454 [Forwarding getElementText on session d94198a6aa3008d5ffaf97f92db0cb0c to remote] DEBUG o.a.h.c.protocol.RequestAuthCache - Auth cache not set in the context
11:39:56.454 [Forwarding getElementText on session d94198a6aa3008d5ffaf97f92db0cb0c to remote] DEBUG o.a.h.i.c.PoolingHttpClientConnectionManager - Connection request: [route: {}->http://localhost:26477][total kept alive: 0; route allocated: 0 of 2000; total allocated: 0 of 2000]
11:39:56.454 [Forwarding getElementText on session d94198a6aa3008d5ffaf97f92db0cb0c to remote] DEBUG o.a.h.i.c.PoolingHttpClientConnectionManager - Connection leased: [id: 71][route: {}->http://localhost:26477][total kept alive: 0; route allocated: 1 of 2000; total allocated: 1 of 2000]
11:39:56.454 [Forwarding getElementText on session d94198a6aa3008d5ffaf97f92db0cb0c to remote] DEBUG o.a.h.impl.execchain.MainClientExec - Opening connection {}->http://localhost:26477
11:39:56.454 [Forwarding getElementText on session d94198a6aa3008d5ffaf97f92db0cb0c to remote] DEBUG o.a.h.i.c.HttpClientConnectionOperator - Connecting to localhost/127.0.0.1:26477
11:39:56.454 [Forwarding getElementText on session d94198a6aa3008d5ffaf97f92db0cb0c to remote] DEBUG o.a.h.i.c.HttpClientConnectionOperator - Connection established 127.0.0.1:57347<->127.0.0.1:26477
11:39:56.454 [Forwarding getElementText on session d94198a6aa3008d5ffaf97f92db0cb0c to remote] DEBUG o.a.h.impl.execchain.MainClientExec - Executing request GET /session/d94198a6aa3008d5ffaf97f92db0cb0c/element/0.5152662619948387-12/text HTTP/1.1
11:39:56.454 [Forwarding getElementText on session d94198a6aa3008d5ffaf97f92db0cb0c to remote] DEBUG o.a.h.impl.execchain.MainClientExec - Target auth state: UNCHALLENGED
11:39:56.454 [Forwarding getElementText on session d94198a6aa3008d5ffaf97f92db0cb0c to remote] DEBUG o.a.h.impl.execchain.MainClientExec - Proxy auth state: UNCHALLENGED
11:39:56.454 [Forwarding getElementText on session d94198a6aa3008d5ffaf97f92db0cb0c to remote] DEBUG org.apache.http.headers - http-outgoing-71 >> GET /session/d94198a6aa3008d5ffaf97f92db0cb0c/element/0.5152662619948387-12/text HTTP/1.1
11:39:56.454 [Forwarding getElementText on session d94198a6aa3008d5ffaf97f92db0cb0c to remote] DEBUG org.apache.http.headers - http-outgoing-71 >> Cache-Control: no-cache
11:39:56.454 [Forwarding getElementText on session d94198a6aa3008d5ffaf97f92db0cb0c to remote] DEBUG org.apache.http.headers - http-outgoing-71 >> Host: localhost:26477
11:39:56.454 [Forwarding getElementText on session d94198a6aa3008d5ffaf97f92db0cb0c to remote] DEBUG org.apache.http.headers - http-outgoing-71 >> Connection: Keep-Alive
11:39:56.454 [Forwarding getElementText on session d94198a6aa3008d5ffaf97f92db0cb0c to remote] DEBUG org.apache.http.headers - http-outgoing-71 >> User-Agent: Apache-HttpClient/4.3.4 (java 1.5)
11:39:56.454 [Forwarding getElementText on session d94198a6aa3008d5ffaf97f92db0cb0c to remote] DEBUG org.apache.http.headers - http-outgoing-71 >> Accept-Encoding: gzip,deflate
11:39:56.454 [Forwarding getElementText on session d94198a6aa3008d5ffaf97f92db0cb0c to remote] DEBUG org.apache.http.wire - http-outgoing-71 >> "GET /session/d94198a6aa3008d5ffaf97f92db0cb0c/element/0.5152662619948387-12/text HTTP/1.1[\r][\n]"
11:39:56.454 [Forwarding getElementText on session d94198a6aa3008d5ffaf97f92db0cb0c to remote] DEBUG org.apache.http.wire - http-outgoing-71 >> "Cache-Control: no-cache[\r][\n]"
11:39:56.454 [Forwarding getElementText on session d94198a6aa3008d5ffaf97f92db0cb0c to remote] DEBUG org.apache.http.wire - http-outgoing-71 >> "Host: localhost:26477[\r][\n]"
11:39:56.454 [Forwarding getElementText on session d94198a6aa3008d5ffaf97f92db0cb0c to remote] DEBUG org.apache.http.wire - http-outgoing-71 >> "Connection: Keep-Alive[\r][\n]"
11:39:56.454 [Forwarding getElementText on session d94198a6aa3008d5ffaf97f92db0cb0c to remote] DEBUG org.apache.http.wire - http-outgoing-71 >> "User-Agent: Apache-HttpClient/4.3.4 (java 1.5)[\r][\n]"
11:39:56.454 [Forwarding getElementText on session d94198a6aa3008d5ffaf97f92db0cb0c to remote] DEBUG org.apache.http.wire - http-outgoing-71 >> "Accept-Encoding: gzip,deflate[\r][\n]"
11:39:56.454 [Forwarding getElementText on session d94198a6aa3008d5ffaf97f92db0cb0c to remote] DEBUG org.apache.http.wire - http-outgoing-71 >> "[\r][\n]"
11:39:56.466 [Forwarding getElementText on session d94198a6aa3008d5ffaf97f92db0cb0c to remote] DEBUG org.apache.http.wire - http-outgoing-71 << "HTTP/1.1 200 OK[\r][\n]"
11:39:56.466 [Forwarding getElementText on session d94198a6aa3008d5ffaf97f92db0cb0c to remote] DEBUG org.apache.http.wire - http-outgoing-71 << "Content-Length:84[\r][\n]"
11:39:56.466 [Forwarding getElementText on session d94198a6aa3008d5ffaf97f92db0cb0c to remote] DEBUG org.apache.http.wire - http-outgoing-71 << "Content-Type:application/json; charset=utf-8[\r][\n]"
11:39:56.466 [Forwarding getElementText on session d94198a6aa3008d5ffaf97f92db0cb0c to remote] DEBUG org.apache.http.wire - http-outgoing-71 << "Connection:close[\r][\n]"
11:39:56.466 [Forwarding getElementText on session d94198a6aa3008d5ffaf97f92db0cb0c to remote] DEBUG org.apache.http.wire - http-outgoing-71 << "[\r][\n]"
11:39:56.466 [Forwarding getElementText on session d94198a6aa3008d5ffaf97f92db0cb0c to remote] DEBUG org.apache.http.wire - http-outgoing-71 << "{"sessionId":"d94198a6aa3008d5ffaf97f92db0cb0c","status":0,"value":"Search Account"}"
11:39:56.466 [Forwarding getElementText on session d94198a6aa3008d5ffaf97f92db0cb0c to remote] DEBUG org.apache.http.headers - http-outgoing-71 << HTTP/1.1 200 OK
11:39:56.466 [Forwarding getElementText on session d94198a6aa3008d5ffaf97f92db0cb0c to remote] DEBUG org.apache.http.headers - http-outgoing-71 << Content-Length:84
11:39:56.466 [Forwarding getElementText on session d94198a6aa3008d5ffaf97f92db0cb0c to remote] DEBUG org.apache.http.headers - http-outgoing-71 << Content-Type:application/json; charset=utf-8
11:39:56.466 [Forwarding getElementText on session d94198a6aa3008d5ffaf97f92db0cb0c to remote] DEBUG org.apache.http.headers - http-outgoing-71 << Connection:close
11:39:56.467 [Forwarding getElementText on session d94198a6aa3008d5ffaf97f92db0cb0c to remote] DEBUG o.a.h.i.c.DefaultManagedHttpClientConnection - http-outgoing-71: Shutdown connection
11:39:56.467 [Forwarding getElementText on session d94198a6aa3008d5ffaf97f92db0cb0c to remote] DEBUG o.a.h.impl.execchain.MainClientExec - Connection discarded
11:39:56.467 [Forwarding getElementText on session d94198a6aa3008d5ffaf97f92db0cb0c to remote] DEBUG o.a.h.i.c.DefaultManagedHttpClientConnection - http-outgoing-71: Close connection
11:39:56.467 [Forwarding getElementText on session d94198a6aa3008d5ffaf97f92db0cb0c to remote] DEBUG o.a.h.i.c.PoolingHttpClientConnectionManager - Connection released: [id: 71][route: {}->http://localhost:26477][total kept alive: 0; route allocated: 0 of 2000; total allocated: 0 of 2000]
11:39:56.467 [Forwarding getElementText on session d94198a6aa3008d5ffaf97f92db0cb0c to remote] DEBUG o.a.h.c.protocol.RequestAddCookies - CookieSpec selected: best-match
11:39:56.467 [Forwarding getElementText on session d94198a6aa3008d5ffaf97f92db0cb0c to remote] DEBUG o.a.h.c.protocol.RequestAuthCache - Auth cache not set in the context
11:39:56.467 [Forwarding getElementText on session d94198a6aa3008d5ffaf97f92db0cb0c to remote] DEBUG o.a.h.i.c.PoolingHttpClientConnectionManager - Connection request: [route: {}->http://localhost:26477][total kept alive: 0; route allocated: 0 of 2000; total allocated: 0 of 2000]
11:39:56.467 [Forwarding getElementText on session d94198a6aa3008d5ffaf97f92db0cb0c to remote] DEBUG o.a.h.i.c.PoolingHttpClientConnectionManager - Connection leased: [id: 72][route: {}->http://localhost:26477][total kept alive: 0; route allocated: 1 of 2000; total allocated: 1 of 2000]
11:39:56.467 [Forwarding getElementText on session d94198a6aa3008d5ffaf97f92db0cb0c to remote] DEBUG o.a.h.impl.execchain.MainClientExec - Opening connection {}->http://localhost:26477
11:39:56.467 [Forwarding getElementText on session d94198a6aa3008d5ffaf97f92db0cb0c to remote] DEBUG o.a.h.i.c.HttpClientConnectionOperator - Connecting to localhost/127.0.0.1:26477
11:39:56.467 [Forwarding getElementText on session d94198a6aa3008d5ffaf97f92db0cb0c to remote] DEBUG o.a.h.i.c.HttpClientConnectionOperator - Connection established 127.0.0.1:57348<->127.0.0.1:26477
11:39:56.467 [Forwarding getElementText on session d94198a6aa3008d5ffaf97f92db0cb0c to remote] DEBUG o.a.h.impl.execchain.MainClientExec - Executing request GET /session/d94198a6aa3008d5ffaf97f92db0cb0c/element/0.5152662619948387-13/text HTTP/1.1
11:39:56.467 [Forwarding getElementText on session d94198a6aa3008d5ffaf97f92db0cb0c to remote] DEBUG o.a.h.impl.execchain.MainClientExec - Target auth state: UNCHALLENGED
11:39:56.467 [Forwarding getElementText on session d94198a6aa3008d5ffaf97f92db0cb0c to remote] DEBUG o.a.h.impl.execchain.MainClientExec - Proxy auth state: UNCHALLENGED
11:39:56.467 [Forwarding getElementText on session d94198a6aa3008d5ffaf97f92db0cb0c to remote] DEBUG org.apache.http.headers - http-outgoing-72 >> GET /session/d94198a6aa3008d5ffaf97f92db0cb0c/element/0.5152662619948387-13/text HTTP/1.1
11:39:56.467 [Forwarding getElementText on session d94198a6aa3008d5ffaf97f92db0cb0c to remote] DEBUG org.apache.http.headers - http-outgoing-72 >> Cache-Control: no-cache
11:39:56.467 [Forwarding getElementText on session d94198a6aa3008d5ffaf97f92db0cb0c to remote] DEBUG org.apache.http.headers - http-outgoing-72 >> Host: localhost:26477
11:39:56.467 [Forwarding getElementText on session d94198a6aa3008d5ffaf97f92db0cb0c to remote] DEBUG org.apache.http.headers - http-outgoing-72 >> Connection: Keep-Alive
11:39:56.467 [Forwarding getElementText on session d94198a6aa3008d5ffaf97f92db0cb0c to remote] DEBUG org.apache.http.headers - http-outgoing-72 >> User-Agent: Apache-HttpClient/4.3.4 (java 1.5)
11:39:56.467 [Forwarding getElementText on session d94198a6aa3008d5ffaf97f92db0cb0c to remote] DEBUG org.apache.http.headers - http-outgoing-72 >> Accept-Encoding: gzip,deflate
11:39:56.467 [Forwarding getElementText on session d94198a6aa3008d5ffaf97f92db0cb0c to remote] DEBUG org.apache.http.wire - http-outgoing-72 >> "GET /session/d94198a6aa3008d5ffaf97f92db0cb0c/element/0.5152662619948387-13/text HTTP/1.1[\r][\n]"
11:39:56.467 [Forwarding getElementText on session d94198a6aa3008d5ffaf97f92db0cb0c to remote] DEBUG org.apache.http.wire - http-outgoing-72 >> "Cache-Control: no-cache[\r][\n]"
11:39:56.467 [Forwarding getElementText on session d94198a6aa3008d5ffaf97f92db0cb0c to remote] DEBUG org.apache.http.wire - http-outgoing-72 >> "Host: localhost:26477[\r][\n]"
11:39:56.467 [Forwarding getElementText on session d94198a6aa3008d5ffaf97f92db0cb0c to remote] DEBUG org.apache.http.wire - http-outgoing-72 >> "Connection: Keep-Alive[\r][\n]"
11:39:56.467 [Forwarding getElementText on session d94198a6aa3008d5ffaf97f92db0cb0c to remote] DEBUG org.apache.http.wire - http-outgoing-72 >> "User-Agent: Apache-HttpClient/4.3.4 (java 1.5)[\r][\n]"
11:39:56.467 [Forwarding getElementText on session d94198a6aa3008d5ffaf97f92db0cb0c to remote] DEBUG org.apache.http.wire - http-outgoing-72 >> "Accept-Encoding: gzip,deflate[\r][\n]"
11:39:56.468 [Forwarding getElementText on session d94198a6aa3008d5ffaf97f92db0cb0c to remote] DEBUG org.apache.http.wire - http-outgoing-72 >> "[\r][\n]"
11:39:56.472 [Forwarding getElementText on session d94198a6aa3008d5ffaf97f92db0cb0c to remote] DEBUG org.apache.http.wire - http-outgoing-72 << "HTTP/1.1 200 OK[\r][\n]"
11:39:56.472 [Forwarding getElementText on session d94198a6aa3008d5ffaf97f92db0cb0c to remote] DEBUG org.apache.http.wire - http-outgoing-72 << "Content-Length:85[\r][\n]"
11:39:56.472 [Forwarding getElementText on session d94198a6aa3008d5ffaf97f92db0cb0c to remote] DEBUG org.apache.http.wire - http-outgoing-72 << "Content-Type:application/json; charset=utf-8[\r][\n]"
11:39:56.472 [Forwarding getElementText on session d94198a6aa3008d5ffaf97f92db0cb0c to remote] DEBUG org.apache.http.wire - http-outgoing-72 << "Connection:close[\r][\n]"
11:39:56.472 [Forwarding getElementText on session d94198a6aa3008d5ffaf97f92db0cb0c to remote] DEBUG org.apache.http.wire - http-outgoing-72 << "[\r][\n]"
11:39:56.472 [Forwarding getElementText on session d94198a6aa3008d5ffaf97f92db0cb0c to remote] DEBUG org.apache.http.wire - http-outgoing-72 << "{"sessionId":"d94198a6aa3008d5ffaf97f92db0cb0c","status":0,"value":"Voucher Manager"}"
11:39:56.472 [Forwarding getElementText on session d94198a6aa3008d5ffaf97f92db0cb0c to remote] DEBUG org.apache.http.headers - http-outgoing-72 << HTTP/1.1 200 OK
11:39:56.472 [Forwarding getElementText on session d94198a6aa3008d5ffaf97f92db0cb0c to remote] DEBUG org.apache.http.headers - http-outgoing-72 << Content-Length:85
11:39:56.472 [Forwarding getElementText on session d94198a6aa3008d5ffaf97f92db0cb0c to remote] DEBUG org.apache.http.headers - http-outgoing-72 << Content-Type:application/json; charset=utf-8
11:39:56.472 [Forwarding getElementText on session d94198a6aa3008d5ffaf97f92db0cb0c to remote] DEBUG org.apache.http.headers - http-outgoing-72 << Connection:close
11:39:56.472 [Forwarding getElementText on session d94198a6aa3008d5ffaf97f92db0cb0c to remote] DEBUG o.a.h.i.c.DefaultManagedHttpClientConnection - http-outgoing-72: Shutdown connection
11:39:56.472 [Forwarding getElementText on session d94198a6aa3008d5ffaf97f92db0cb0c to remote] DEBUG o.a.h.impl.execchain.MainClientExec - Connection discarded
11:39:56.472 [Forwarding getElementText on session d94198a6aa3008d5ffaf97f92db0cb0c to remote] DEBUG o.a.h.i.c.DefaultManagedHttpClientConnection - http-outgoing-72: Close connection
11:39:56.472 [Forwarding getElementText on session d94198a6aa3008d5ffaf97f92db0cb0c to remote] DEBUG o.a.h.i.c.PoolingHttpClientConnectionManager - Connection released: [id: 72][route: {}->http://localhost:26477][total kept alive: 0; route allocated: 0 of 2000; total allocated: 0 of 2000]
11:39:56.472 [Forwarding getElementText on session d94198a6aa3008d5ffaf97f92db0cb0c to remote] DEBUG o.a.h.c.protocol.RequestAddCookies - CookieSpec selected: best-match
11:39:56.472 [Forwarding getElementText on session d94198a6aa3008d5ffaf97f92db0cb0c to remote] DEBUG o.a.h.c.protocol.RequestAuthCache - Auth cache not set in the context
11:39:56.473 [Forwarding getElementText on session d94198a6aa3008d5ffaf97f92db0cb0c to remote] DEBUG o.a.h.i.c.PoolingHttpClientConnectionManager - Connection request: [route: {}->http://localhost:26477][total kept alive: 0; route allocated: 0 of 2000; total allocated: 0 of 2000]
11:39:56.473 [Forwarding getElementText on session d94198a6aa3008d5ffaf97f92db0cb0c to remote] DEBUG o.a.h.i.c.PoolingHttpClientConnectionManager - Connection leased: [id: 73][route: {}->http://localhost:26477][total kept alive: 0; route allocated: 1 of 2000; total allocated: 1 of 2000]
11:39:56.473 [Forwarding getElementText on session d94198a6aa3008d5ffaf97f92db0cb0c to remote] DEBUG o.a.h.impl.execchain.MainClientExec - Opening connection {}->http://localhost:26477
11:39:56.473 [Forwarding getElementText on session d94198a6aa3008d5ffaf97f92db0cb0c to remote] DEBUG o.a.h.i.c.HttpClientConnectionOperator - Connecting to localhost/127.0.0.1:26477
11:39:56.473 [Forwarding getElementText on session d94198a6aa3008d5ffaf97f92db0cb0c to remote] DEBUG o.a.h.i.c.HttpClientConnectionOperator - Connection established 127.0.0.1:57349<->127.0.0.1:26477
11:39:56.473 [Forwarding getElementText on session d94198a6aa3008d5ffaf97f92db0cb0c to remote] DEBUG o.a.h.impl.execchain.MainClientExec - Executing request GET /session/d94198a6aa3008d5ffaf97f92db0cb0c/element/0.5152662619948387-14/text HTTP/1.1
11:39:56.473 [Forwarding getElementText on session d94198a6aa3008d5ffaf97f92db0cb0c to remote] DEBUG o.a.h.impl.execchain.MainClientExec - Target auth state: UNCHALLENGED
11:39:56.473 [Forwarding getElementText on session d94198a6aa3008d5ffaf97f92db0cb0c to remote] DEBUG o.a.h.impl.execchain.MainClientExec - Proxy auth state: UNCHALLENGED
11:39:56.473 [Forwarding getElementText on session d94198a6aa3008d5ffaf97f92db0cb0c to remote] DEBUG org.apache.http.headers - http-outgoing-73 >> GET /session/d94198a6aa3008d5ffaf97f92db0cb0c/element/0.5152662619948387-14/text HTTP/1.1
11:39:56.473 [Forwarding getElementText on session d94198a6aa3008d5ffaf97f92db0cb0c to remote] DEBUG org.apache.http.headers - http-outgoing-73 >> Cache-Control: no-cache
11:39:56.473 [Forwarding getElementText on session d94198a6aa3008d5ffaf97f92db0cb0c to remote] DEBUG org.apache.http.headers - http-outgoing-73 >> Host: localhost:26477
11:39:56.473 [Forwarding getElementText on session d94198a6aa3008d5ffaf97f92db0cb0c to remote] DEBUG org.apache.http.headers - http-outgoing-73 >> Connection: Keep-Alive
11:39:56.473 [Forwarding getElementText on session d94198a6aa3008d5ffaf97f92db0cb0c to remote] DEBUG org.apache.http.headers - http-outgoing-73 >> User-Agent: Apache-HttpClient/4.3.4 (java 1.5)
11:39:56.473 [Forwarding getElementText on session d94198a6aa3008d5ffaf97f92db0cb0c to remote] DEBUG org.apache.http.headers - http-outgoing-73 >> Accept-Encoding: gzip,deflate
11:39:56.473 [Forwarding getElementText on session d94198a6aa3008d5ffaf97f92db0cb0c to remote] DEBUG org.apache.http.wire - http-outgoing-73 >> "GET /session/d94198a6aa3008d5ffaf97f92db0cb0c/element/0.5152662619948387-14/text HTTP/1.1[\r][\n]"
11:39:56.473 [Forwarding getElementText on session d94198a6aa3008d5ffaf97f92db0cb0c to remote] DEBUG org.apache.http.wire - http-outgoing-73 >> "Cache-Control: no-cache[\r][\n]"
11:39:56.473 [Forwarding getElementText on session d94198a6aa3008d5ffaf97f92db0cb0c to remote] DEBUG org.apache.http.wire - http-outgoing-73 >> "Host: localhost:26477[\r][\n]"
11:39:56.473 [Forwarding getElementText on session d94198a6aa3008d5ffaf97f92db0cb0c to remote] DEBUG org.apache.http.wire - http-outgoing-73 >> "Connection: Keep-Alive[\r][\n]"
11:39:56.473 [Forwarding getElementText on session d94198a6aa3008d5ffaf97f92db0cb0c to remote] DEBUG org.apache.http.wire - http-outgoing-73 >> "User-Agent: Apache-HttpClient/4.3.4 (java 1.5)[\r][\n]"
11:39:56.473 [Forwarding getElementText on session d94198a6aa3008d5ffaf97f92db0cb0c to remote] DEBUG org.apache.http.wire - http-outgoing-73 >> "Accept-Encoding: gzip,deflate[\r][\n]"
11:39:56.473 [Forwarding getElementText on session d94198a6aa3008d5ffaf97f92db0cb0c to remote] DEBUG org.apache.http.wire - http-outgoing-73 >> "[\r][\n]"
11:39:56.477 [Forwarding getElementText on session d94198a6aa3008d5ffaf97f92db0cb0c to remote] DEBUG org.apache.http.wire - http-outgoing-73 << "HTTP/1.1 200 OK[\r][\n]"
11:39:56.477 [Forwarding getElementText on session d94198a6aa3008d5ffaf97f92db0cb0c to remote] DEBUG org.apache.http.wire - http-outgoing-73 << "Content-Length:70[\r][\n]"
11:39:56.477 [Forwarding getElementText on session d94198a6aa3008d5ffaf97f92db0cb0c to remote] DEBUG org.apache.http.wire - http-outgoing-73 << "Content-Type:application/json; charset=utf-8[\r][\n]"
11:39:56.477 [Forwarding getElementText on session d94198a6aa3008d5ffaf97f92db0cb0c to remote] DEBUG org.apache.http.wire - http-outgoing-73 << "Connection:close[\r][\n]"
11:39:56.477 [Forwarding getElementText on session d94198a6aa3008d5ffaf97f92db0cb0c to remote] DEBUG org.apache.http.wire - http-outgoing-73 << "[\r][\n]"
11:39:56.477 [Forwarding getElementText on session d94198a6aa3008d5ffaf97f92db0cb0c to remote] DEBUG org.apache.http.wire - http-outgoing-73 << "{"sessionId":"d94198a6aa3008d5ffaf97f92db0cb0c","status":0,"value":""}"
11:39:56.477 [Forwarding getElementText on session d94198a6aa3008d5ffaf97f92db0cb0c to remote] DEBUG org.apache.http.headers - http-outgoing-73 << HTTP/1.1 200 OK
11:39:56.477 [Forwarding getElementText on session d94198a6aa3008d5ffaf97f92db0cb0c to remote] DEBUG org.apache.http.headers - http-outgoing-73 << Content-Length:70
11:39:56.477 [Forwarding getElementText on session d94198a6aa3008d5ffaf97f92db0cb0c to remote] DEBUG org.apache.http.headers - http-outgoing-73 << Content-Type:application/json; charset=utf-8
11:39:56.477 [Forwarding getElementText on session d94198a6aa3008d5ffaf97f92db0cb0c to remote] DEBUG org.apache.http.headers - http-outgoing-73 << Connection:close
11:39:56.478 [Forwarding getElementText on session d94198a6aa3008d5ffaf97f92db0cb0c to remote] DEBUG o.a.h.i.c.DefaultManagedHttpClientConnection - http-outgoing-73: Shutdown connection
11:39:56.478 [Forwarding getElementText on session d94198a6aa3008d5ffaf97f92db0cb0c to remote] DEBUG o.a.h.impl.execchain.MainClientExec - Connection discarded
11:39:56.478 [Forwarding getElementText on session d94198a6aa3008d5ffaf97f92db0cb0c to remote] DEBUG o.a.h.i.c.DefaultManagedHttpClientConnection - http-outgoing-73: Close connection
11:39:56.478 [Forwarding getElementText on session d94198a6aa3008d5ffaf97f92db0cb0c to remote] DEBUG o.a.h.i.c.PoolingHttpClientConnectionManager - Connection released: [id: 73][route: {}->http://localhost:26477][total kept alive: 0; route allocated: 0 of 2000; total allocated: 0 of 2000]
11:39:56.478 [Forwarding getElementText on session d94198a6aa3008d5ffaf97f92db0cb0c to remote] DEBUG o.a.h.c.protocol.RequestAddCookies - CookieSpec selected: best-match
11:39:56.478 [Forwarding getElementText on session d94198a6aa3008d5ffaf97f92db0cb0c to remote] DEBUG o.a.h.c.protocol.RequestAuthCache - Auth cache not set in the context
11:39:56.478 [Forwarding getElementText on session d94198a6aa3008d5ffaf97f92db0cb0c to remote] DEBUG o.a.h.i.c.PoolingHttpClientConnectionManager - Connection request: [route: {}->http://localhost:26477][total kept alive: 0; route allocated: 0 of 2000; total allocated: 0 of 2000]
11:39:56.478 [Forwarding getElementText on session d94198a6aa3008d5ffaf97f92db0cb0c to remote] DEBUG o.a.h.i.c.PoolingHttpClientConnectionManager - Connection leased: [id: 74][route: {}->http://localhost:26477][total kept alive: 0; route allocated: 1 of 2000; total allocated: 1 of 2000]
11:39:56.478 [Forwarding getElementText on session d94198a6aa3008d5ffaf97f92db0cb0c to remote] DEBUG o.a.h.impl.execchain.MainClientExec - Opening connection {}->http://localhost:26477
11:39:56.478 [Forwarding getElementText on session d94198a6aa3008d5ffaf97f92db0cb0c to remote] DEBUG o.a.h.i.c.HttpClientConnectionOperator - Connecting to localhost/127.0.0.1:26477
11:39:56.478 [Forwarding getElementText on session d94198a6aa3008d5ffaf97f92db0cb0c to remote] DEBUG o.a.h.i.c.HttpClientConnectionOperator - Connection established 127.0.0.1:57350<->127.0.0.1:26477
11:39:56.478 [Forwarding getElementText on session d94198a6aa3008d5ffaf97f92db0cb0c to remote] DEBUG o.a.h.impl.execchain.MainClientExec - Executing request GET /session/d94198a6aa3008d5ffaf97f92db0cb0c/element/0.5152662619948387-15/text HTTP/1.1
11:39:56.478 [Forwarding getElementText on session d94198a6aa3008d5ffaf97f92db0cb0c to remote] DEBUG o.a.h.impl.execchain.MainClientExec - Target auth state: UNCHALLENGED
11:39:56.478 [Forwarding getElementText on session d94198a6aa3008d5ffaf97f92db0cb0c to remote] DEBUG o.a.h.impl.execchain.MainClientExec - Proxy auth state: UNCHALLENGED
11:39:56.478 [Forwarding getElementText on session d94198a6aa3008d5ffaf97f92db0cb0c to remote] DEBUG org.apache.http.headers - http-outgoing-74 >> GET /session/d94198a6aa3008d5ffaf97f92db0cb0c/element/0.5152662619948387-15/text HTTP/1.1
11:39:56.478 [Forwarding getElementText on session d94198a6aa3008d5ffaf97f92db0cb0c to remote] DEBUG org.apache.http.headers - http-outgoing-74 >> Cache-Control: no-cache
11:39:56.478 [Forwarding getElementText on session d94198a6aa3008d5ffaf97f92db0cb0c to remote] DEBUG org.apache.http.headers - http-outgoing-74 >> Host: localhost:26477
11:39:56.478 [Forwarding getElementText on session d94198a6aa3008d5ffaf97f92db0cb0c to remote] DEBUG org.apache.http.headers - http-outgoing-74 >> Connection: Keep-Alive
11:39:56.478 [Forwarding getElementText on session d94198a6aa3008d5ffaf97f92db0cb0c to remote] DEBUG org.apache.http.headers - http-outgoing-74 >> User-Agent: Apache-HttpClient/4.3.4 (java 1.5)
11:39:56.478 [Forwarding getElementText on session d94198a6aa3008d5ffaf97f92db0cb0c to remote] DEBUG org.apache.http.headers - http-outgoing-74 >> Accept-Encoding: gzip,deflate
11:39:56.478 [Forwarding getElementText on session d94198a6aa3008d5ffaf97f92db0cb0c to remote] DEBUG org.apache.http.wire - http-outgoing-74 >> "GET /session/d94198a6aa3008d5ffaf97f92db0cb0c/element/0.5152662619948387-15/text HTTP/1.1[\r][\n]"
11:39:56.478 [Forwarding getElementText on session d94198a6aa3008d5ffaf97f92db0cb0c to remote] DEBUG org.apache.http.wire - http-outgoing-74 >> "Cache-Control: no-cache[\r][\n]"
11:39:56.478 [Forwarding getElementText on session d94198a6aa3008d5ffaf97f92db0cb0c to remote] DEBUG org.apache.http.wire - http-outgoing-74 >> "Host: localhost:26477[\r][\n]"
11:39:56.478 [Forwarding getElementText on session d94198a6aa3008d5ffaf97f92db0cb0c to remote] DEBUG org.apache.http.wire - http-outgoing-74 >> "Connection: Keep-Alive[\r][\n]"
11:39:56.478 [Forwarding getElementText on session d94198a6aa3008d5ffaf97f92db0cb0c to remote] DEBUG org.apache.http.wire - http-outgoing-74 >> "User-Agent: Apache-HttpClient/4.3.4 (java 1.5)[\r][\n]"
11:39:56.478 [Forwarding getElementText on session d94198a6aa3008d5ffaf97f92db0cb0c to remote] DEBUG org.apache.http.wire - http-outgoing-74 >> "Accept-Encoding: gzip,deflate[\r][\n]"
11:39:56.478 [Forwarding getElementText on session d94198a6aa3008d5ffaf97f92db0cb0c to remote] DEBUG org.apache.http.wire - http-outgoing-74 >> "[\r][\n]"
11:39:56.483 [Forwarding getElementText on session d94198a6aa3008d5ffaf97f92db0cb0c to remote] DEBUG org.apache.http.wire - http-outgoing-74 << "HTTP/1.1 200 OK[\r][\n]"
11:39:56.483 [Forwarding getElementText on session d94198a6aa3008d5ffaf97f92db0cb0c to remote] DEBUG org.apache.http.wire - http-outgoing-74 << "Content-Length:70[\r][\n]"
11:39:56.483 [Forwarding getElementText on session d94198a6aa3008d5ffaf97f92db0cb0c to remote] DEBUG org.apache.http.wire - http-outgoing-74 << "Content-Type:application/json; charset=utf-8[\r][\n]"
11:39:56.483 [Forwarding getElementText on session d94198a6aa3008d5ffaf97f92db0cb0c to remote] DEBUG org.apache.http.wire - http-outgoing-74 << "Connection:close[\r][\n]"
11:39:56.483 [Forwarding getElementText on session d94198a6aa3008d5ffaf97f92db0cb0c to remote] DEBUG org.apache.http.wire - http-outgoing-74 << "[\r][\n]"
11:39:56.483 [Forwarding getElementText on session d94198a6aa3008d5ffaf97f92db0cb0c to remote] DEBUG org.apache.http.wire - http-outgoing-74 << "{"sessionId":"d94198a6aa3008d5ffaf97f92db0cb0c","status":0,"value":""}"
11:39:56.483 [Forwarding getElementText on session d94198a6aa3008d5ffaf97f92db0cb0c to remote] DEBUG org.apache.http.headers - http-outgoing-74 << HTTP/1.1 200 OK
11:39:56.483 [Forwarding getElementText on session d94198a6aa3008d5ffaf97f92db0cb0c to remote] DEBUG org.apache.http.headers - http-outgoing-74 << Content-Length:70
11:39:56.483 [Forwarding getElementText on session d94198a6aa3008d5ffaf97f92db0cb0c to remote] DEBUG org.apache.http.headers - http-outgoing-74 << Content-Type:application/json; charset=utf-8
11:39:56.483 [Forwarding getElementText on session d94198a6aa3008d5ffaf97f92db0cb0c to remote] DEBUG org.apache.http.headers - http-outgoing-74 << Connection:close
11:39:56.483 [Forwarding getElementText on session d94198a6aa3008d5ffaf97f92db0cb0c to remote] DEBUG o.a.h.i.c.DefaultManagedHttpClientConnection - http-outgoing-74: Shutdown connection
11:39:56.483 [Forwarding getElementText on session d94198a6aa3008d5ffaf97f92db0cb0c to remote] DEBUG o.a.h.impl.execchain.MainClientExec - Connection discarded
11:39:56.483 [Forwarding getElementText on session d94198a6aa3008d5ffaf97f92db0cb0c to remote] DEBUG o.a.h.i.c.DefaultManagedHttpClientConnection - http-outgoing-74: Close connection
11:39:56.483 [Forwarding getElementText on session d94198a6aa3008d5ffaf97f92db0cb0c to remote] DEBUG o.a.h.i.c.PoolingHttpClientConnectionManager - Connection released: [id: 74][route: {}->http://localhost:26477][total kept alive: 0; route allocated: 0 of 2000; total allocated: 0 of 2000]
11:39:56.483 [Forwarding getElementText on session d94198a6aa3008d5ffaf97f92db0cb0c to remote] DEBUG o.a.h.c.protocol.RequestAddCookies - CookieSpec selected: best-match
11:39:56.483 [Forwarding getElementText on session d94198a6aa3008d5ffaf97f92db0cb0c to remote] DEBUG o.a.h.c.protocol.RequestAuthCache - Auth cache not set in the context
11:39:56.483 [Forwarding getElementText on session d94198a6aa3008d5ffaf97f92db0cb0c to remote] DEBUG o.a.h.i.c.PoolingHttpClientConnectionManager - Connection request: [route: {}->http://localhost:26477][total kept alive: 0; route allocated: 0 of 2000; total allocated: 0 of 2000]
11:39:56.484 [Forwarding getElementText on session d94198a6aa3008d5ffaf97f92db0cb0c to remote] DEBUG o.a.h.i.c.PoolingHttpClientConnectionManager - Connection leased: [id: 75][route: {}->http://localhost:26477][total kept alive: 0; route allocated: 1 of 2000; total allocated: 1 of 2000]
11:39:56.484 [Forwarding getElementText on session d94198a6aa3008d5ffaf97f92db0cb0c to remote] DEBUG o.a.h.impl.execchain.MainClientExec - Opening connection {}->http://localhost:26477
11:39:56.484 [Forwarding getElementText on session d94198a6aa3008d5ffaf97f92db0cb0c to remote] DEBUG o.a.h.i.c.HttpClientConnectionOperator - Connecting to localhost/127.0.0.1:26477
11:39:56.484 [Forwarding getElementText on session d94198a6aa3008d5ffaf97f92db0cb0c to remote] DEBUG o.a.h.i.c.HttpClientConnectionOperator - Connection established 127.0.0.1:57351<->127.0.0.1:26477
11:39:56.484 [Forwarding getElementText on session d94198a6aa3008d5ffaf97f92db0cb0c to remote] DEBUG o.a.h.impl.execchain.MainClientExec - Executing request GET /session/d94198a6aa3008d5ffaf97f92db0cb0c/element/0.5152662619948387-16/text HTTP/1.1
11:39:56.484 [Forwarding getElementText on session d94198a6aa3008d5ffaf97f92db0cb0c to remote] DEBUG o.a.h.impl.execchain.MainClientExec - Target auth state: UNCHALLENGED
11:39:56.484 [Forwarding getElementText on session d94198a6aa3008d5ffaf97f92db0cb0c to remote] DEBUG o.a.h.impl.execchain.MainClientExec - Proxy auth state: UNCHALLENGED
11:39:56.484 [Forwarding getElementText on session d94198a6aa3008d5ffaf97f92db0cb0c to remote] DEBUG org.apache.http.headers - http-outgoing-75 >> GET /session/d94198a6aa3008d5ffaf97f92db0cb0c/element/0.5152662619948387-16/text HTTP/1.1
11:39:56.484 [Forwarding getElementText on session d94198a6aa3008d5ffaf97f92db0cb0c to remote] DEBUG org.apache.http.headers - http-outgoing-75 >> Cache-Control: no-cache
11:39:56.484 [Forwarding getElementText on session d94198a6aa3008d5ffaf97f92db0cb0c to remote] DEBUG org.apache.http.headers - http-outgoing-75 >> Host: localhost:26477
11:39:56.484 [Forwarding getElementText on session d94198a6aa3008d5ffaf97f92db0cb0c to remote] DEBUG org.apache.http.headers - http-outgoing-75 >> Connection: Keep-Alive
11:39:56.484 [Forwarding getElementText on session d94198a6aa3008d5ffaf97f92db0cb0c to remote] DEBUG org.apache.http.headers - http-outgoing-75 >> User-Agent: Apache-HttpClient/4.3.4 (java 1.5)
11:39:56.484 [Forwarding getElementText on session d94198a6aa3008d5ffaf97f92db0cb0c to remote] DEBUG org.apache.http.headers - http-outgoing-75 >> Accept-Encoding: gzip,deflate
11:39:56.484 [Forwarding getElementText on session d94198a6aa3008d5ffaf97f92db0cb0c to remote] DEBUG org.apache.http.wire - http-outgoing-75 >> "GET /session/d94198a6aa3008d5ffaf97f92db0cb0c/element/0.5152662619948387-16/text HTTP/1.1[\r][\n]"
11:39:56.484 [Forwarding getElementText on session d94198a6aa3008d5ffaf97f92db0cb0c to remote] DEBUG org.apache.http.wire - http-outgoing-75 >> "Cache-Control: no-cache[\r][\n]"
11:39:56.484 [Forwarding getElementText on session d94198a6aa3008d5ffaf97f92db0cb0c to remote] DEBUG org.apache.http.wire - http-outgoing-75 >> "Host: localhost:26477[\r][\n]"
11:39:56.484 [Forwarding getElementText on session d94198a6aa3008d5ffaf97f92db0cb0c to remote] DEBUG org.apache.http.wire - http-outgoing-75 >> "Connection: Keep-Alive[\r][\n]"
11:39:56.484 [Forwarding getElementText on session d94198a6aa3008d5ffaf97f92db0cb0c to remote] DEBUG org.apache.http.wire - http-outgoing-75 >> "User-Agent: Apache-HttpClient/4.3.4 (java 1.5)[\r][\n]"
11:39:56.484 [Forwarding getElementText on session d94198a6aa3008d5ffaf97f92db0cb0c to remote] DEBUG org.apache.http.wire - http-outgoing-75 >> "Accept-Encoding: gzip,deflate[\r][\n]"
11:39:56.484 [Forwarding getElementText on session d94198a6aa3008d5ffaf97f92db0cb0c to remote] DEBUG org.apache.http.wire - http-outgoing-75 >> "[\r][\n]"
11:39:56.489 [Forwarding getElementText on session d94198a6aa3008d5ffaf97f92db0cb0c to remote] DEBUG org.apache.http.wire - http-outgoing-75 << "HTTP/1.1 200 OK[\r][\n]"
11:39:56.489 [Forwarding getElementText on session d94198a6aa3008d5ffaf97f92db0cb0c to remote] DEBUG org.apache.http.wire - http-outgoing-75 << "Content-Length:91[\r][\n]"
11:39:56.489 [Forwarding getElementText on session d94198a6aa3008d5ffaf97f92db0cb0c to remote] DEBUG org.apache.http.wire - http-outgoing-75 << "Content-Type:application/json; charset=utf-8[\r][\n]"
11:39:56.489 [Forwarding getElementText on session d94198a6aa3008d5ffaf97f92db0cb0c to remote] DEBUG org.apache.http.wire - http-outgoing-75 << "Connection:close[\r][\n]"
11:39:56.489 [Forwarding getElementText on session d94198a6aa3008d5ffaf97f92db0cb0c to remote] DEBUG org.apache.http.wire - http-outgoing-75 << "[\r][\n]"
11:39:56.489 [Forwarding getElementText on session d94198a6aa3008d5ffaf97f92db0cb0c to remote] DEBUG org.apache.http.wire - http-outgoing-75 << "{"sessionId":"d94198a6aa3008d5ffaf97f92db0cb0c","status":0,"value":"Show Advanced Filters"}"
11:39:56.489 [Forwarding getElementText on session d94198a6aa3008d5ffaf97f92db0cb0c to remote] DEBUG org.apache.http.headers - http-outgoing-75 << HTTP/1.1 200 OK
11:39:56.489 [Forwarding getElementText on session d94198a6aa3008d5ffaf97f92db0cb0c to remote] DEBUG org.apache.http.headers - http-outgoing-75 << Content-Length:91
11:39:56.489 [Forwarding getElementText on session d94198a6aa3008d5ffaf97f92db0cb0c to remote] DEBUG org.apache.http.headers - http-outgoing-75 << Content-Type:application/json; charset=utf-8
11:39:56.489 [Forwarding getElementText on session d94198a6aa3008d5ffaf97f92db0cb0c to remote] DEBUG org.apache.http.headers - http-outgoing-75 << Connection:close
11:39:56.490 [Forwarding getElementText on session d94198a6aa3008d5ffaf97f92db0cb0c to remote] DEBUG o.a.h.i.c.DefaultManagedHttpClientConnection - http-outgoing-75: Shutdown connection
11:39:56.490 [Forwarding getElementText on session d94198a6aa3008d5ffaf97f92db0cb0c to remote] DEBUG o.a.h.impl.execchain.MainClientExec - Connection discarded
11:39:56.490 [Forwarding getElementText on session d94198a6aa3008d5ffaf97f92db0cb0c to remote] DEBUG o.a.h.i.c.DefaultManagedHttpClientConnection - http-outgoing-75: Close connection
11:39:56.490 [Forwarding getElementText on session d94198a6aa3008d5ffaf97f92db0cb0c to remote] DEBUG o.a.h.i.c.PoolingHttpClientConnectionManager - Connection released: [id: 75][route: {}->http://localhost:26477][total kept alive: 0; route allocated: 0 of 2000; total allocated: 0 of 2000]
11:39:56.490 [Forwarding getElementText on session d94198a6aa3008d5ffaf97f92db0cb0c to remote] DEBUG o.a.h.c.protocol.RequestAddCookies - CookieSpec selected: best-match
11:39:56.490 [Forwarding getElementText on session d94198a6aa3008d5ffaf97f92db0cb0c to remote] DEBUG o.a.h.c.protocol.RequestAuthCache - Auth cache not set in the context
11:39:56.490 [Forwarding getElementText on session d94198a6aa3008d5ffaf97f92db0cb0c to remote] DEBUG o.a.h.i.c.PoolingHttpClientConnectionManager - Connection request: [route: {}->http://localhost:26477][total kept alive: 0; route allocated: 0 of 2000; total allocated: 0 of 2000]
11:39:56.490 [Forwarding getElementText on session d94198a6aa3008d5ffaf97f92db0cb0c to remote] DEBUG o.a.h.i.c.PoolingHttpClientConnectionManager - Connection leased: [id: 76][route: {}->http://localhost:26477][total kept alive: 0; route allocated: 1 of 2000; total allocated: 1 of 2000]
11:39:56.490 [Forwarding getElementText on session d94198a6aa3008d5ffaf97f92db0cb0c to remote] DEBUG o.a.h.impl.execchain.MainClientExec - Opening connection {}->http://localhost:26477
11:39:56.491 [Forwarding getElementText on session d94198a6aa3008d5ffaf97f92db0cb0c to remote] DEBUG o.a.h.i.c.HttpClientConnectionOperator - Connecting to localhost/127.0.0.1:26477
11:39:56.491 [Forwarding getElementText on session d94198a6aa3008d5ffaf97f92db0cb0c to remote] DEBUG o.a.h.i.c.HttpClientConnectionOperator - Connection established 127.0.0.1:57352<->127.0.0.1:26477
11:39:56.491 [Forwarding getElementText on session d94198a6aa3008d5ffaf97f92db0cb0c to remote] DEBUG o.a.h.impl.execchain.MainClientExec - Executing request GET /session/d94198a6aa3008d5ffaf97f92db0cb0c/element/0.5152662619948387-19/text HTTP/1.1
11:39:56.491 [Forwarding getElementText on session d94198a6aa3008d5ffaf97f92db0cb0c to remote] DEBUG o.a.h.impl.execchain.MainClientExec - Target auth state: UNCHALLENGED
11:39:56.491 [Forwarding getElementText on session d94198a6aa3008d5ffaf97f92db0cb0c to remote] DEBUG o.a.h.impl.execchain.MainClientExec - Proxy auth state: UNCHALLENGED
11:39:56.491 [Forwarding getElementText on session d94198a6aa3008d5ffaf97f92db0cb0c to remote] DEBUG org.apache.http.headers - http-outgoing-76 >> GET /session/d94198a6aa3008d5ffaf97f92db0cb0c/element/0.5152662619948387-19/text HTTP/1.1
11:39:56.491 [Forwarding getElementText on session d94198a6aa3008d5ffaf97f92db0cb0c to remote] DEBUG org.apache.http.headers - http-outgoing-76 >> Cache-Control: no-cache
11:39:56.491 [Forwarding getElementText on session d94198a6aa3008d5ffaf97f92db0cb0c to remote] DEBUG org.apache.http.headers - http-outgoing-76 >> Host: localhost:26477
11:39:56.491 [Forwarding getElementText on session d94198a6aa3008d5ffaf97f92db0cb0c to remote] DEBUG org.apache.http.headers - http-outgoing-76 >> Connection: Keep-Alive
11:39:56.491 [Forwarding getElementText on session d94198a6aa3008d5ffaf97f92db0cb0c to remote] DEBUG org.apache.http.headers - http-outgoing-76 >> User-Agent: Apache-HttpClient/4.3.4 (java 1.5)
11:39:56.491 [Forwarding getElementText on session d94198a6aa3008d5ffaf97f92db0cb0c to remote] DEBUG org.apache.http.headers - http-outgoing-76 >> Accept-Encoding: gzip,deflate
11:39:56.491 [Forwarding getElementText on session d94198a6aa3008d5ffaf97f92db0cb0c to remote] DEBUG org.apache.http.wire - http-outgoing-76 >> "GET /session/d94198a6aa3008d5ffaf97f92db0cb0c/element/0.5152662619948387-19/text HTTP/1.1[\r][\n]"
11:39:56.491 [Forwarding getElementText on session d94198a6aa3008d5ffaf97f92db0cb0c to remote] DEBUG org.apache.http.wire - http-outgoing-76 >> "Cache-Control: no-cache[\r][\n]"
11:39:56.491 [Forwarding getElementText on session d94198a6aa3008d5ffaf97f92db0cb0c to remote] DEBUG org.apache.http.wire - http-outgoing-76 >> "Host: localhost:26477[\r][\n]"
11:39:56.491 [Forwarding getElementText on session d94198a6aa3008d5ffaf97f92db0cb0c to remote] DEBUG org.apache.http.wire - http-outgoing-76 >> "Connection: Keep-Alive[\r][\n]"
11:39:56.491 [Forwarding getElementText on session d94198a6aa3008d5ffaf97f92db0cb0c to remote] DEBUG org.apache.http.wire - http-outgoing-76 >> "User-Agent: Apache-HttpClient/4.3.4 (java 1.5)[\r][\n]"
11:39:56.491 [Forwarding getElementText on session d94198a6aa3008d5ffaf97f92db0cb0c to remote] DEBUG org.apache.http.wire - http-outgoing-76 >> "Accept-Encoding: gzip,deflate[\r][\n]"
11:39:56.491 [Forwarding getElementText on session d94198a6aa3008d5ffaf97f92db0cb0c to remote] DEBUG org.apache.http.wire - http-outgoing-76 >> "[\r][\n]"
11:39:56.493 [LittleProxy-ClientToProxyWorker-5] DEBUG o.l.p.impl.ClientToProxyConnection - (AWAITING_INITIAL) [id: 0x37fa264d, /127.0.0.1:54206 => /127.0.1.1:45224]: Reading: HttpObjectAggregator$AggregatedFullHttpRequest(decodeResult: success, version: HTTP/1.1, content: CompositeByteBuf(ridx: 0, widx: 0, cap: 0, components=0))
GET http://localhost:8080/status HTTP/1.1
Host: localhost:8080
Proxy-Connection: keep-alive
Authorization: Basic YWRtaW46cGFzcw==
Accept: application/json, text/plain, */*
X-Forwarded-Proto: https
User-Agent: Mozilla/5.0 (X11; Linux x86_64) AppleWebKit/537.36 (KHTML, like Gecko) Chrome/44.0.2403.130 Safari/537.36
Referer: http://localhost:9000/
Accept-Encoding: gzip, deflate, sdch
Accept-Language: en-GB,en-US;q=0.8,en;q=0.6
Content-Length: 0
11:39:56.493 [LittleProxy-ClientToProxyWorker-5] DEBUG o.l.p.impl.ClientToProxyConnection - (AWAITING_INITIAL) [id: 0x37fa264d, /127.0.0.1:54206 => /127.0.1.1:45224]: Got request: HttpObjectAggregator$AggregatedFullHttpRequest(decodeResult: success, version: HTTP/1.1, content: CompositeByteBuf(ridx: 0, widx: 0, cap: 0, components=0))
GET http://localhost:8080/status HTTP/1.1
Host: localhost:8080
Proxy-Connection: keep-alive
Authorization: Basic YWRtaW46cGFzcw==
Accept: application/json, text/plain, */*
X-Forwarded-Proto: https
User-Agent: Mozilla/5.0 (X11; Linux x86_64) AppleWebKit/537.36 (KHTML, like Gecko) Chrome/44.0.2403.130 Safari/537.36
Referer: http://localhost:9000/
Accept-Encoding: gzip, deflate, sdch
Accept-Language: en-GB,en-US;q=0.8,en;q=0.6
Content-Length: 0
11:39:56.493 [LittleProxy-ClientToProxyWorker-5] DEBUG o.l.p.impl.ClientToProxyConnection - (AWAITING_INITIAL) [id: 0x37fa264d, /127.0.0.1:54206 => /127.0.1.1:45224]: Ensuring that hostAndPort are available in http://localhost:8080/status
11:39:56.493 [LittleProxy-ClientToProxyWorker-5] DEBUG o.l.p.impl.ClientToProxyConnection - (AWAITING_INITIAL) [id: 0x37fa264d, /127.0.0.1:54206 => /127.0.1.1:45224]: Finding ProxyToServerConnection for: localhost:8080
11:39:56.493 [LittleProxy-ClientToProxyWorker-5] DEBUG o.l.p.impl.ClientToProxyConnection - (AWAITING_INITIAL) [id: 0x37fa264d, /127.0.0.1:54206 => /127.0.1.1:45224]: Reusing existing server connection: org.littleshoot.proxy.impl.ProxyToServerConnection@288a62a8
11:39:56.493 [LittleProxy-ClientToProxyWorker-5] DEBUG o.l.p.impl.ClientToProxyConnection - (AWAITING_INITIAL) [id: 0x37fa264d, /127.0.0.1:54206 => /127.0.1.1:45224]: Modifying request headers for proxying
11:39:56.493 [LittleProxy-ClientToProxyWorker-5] DEBUG o.l.p.impl.ClientToProxyConnection - (AWAITING_INITIAL) [id: 0x37fa264d, /127.0.0.1:54206 => /127.0.1.1:45224]: Modifying request for proxy chaining
11:39:56.493 [LittleProxy-ClientToProxyWorker-5] DEBUG o.l.p.impl.ClientToProxyConnection - (AWAITING_INITIAL) [id: 0x37fa264d, /127.0.0.1:54206 => /127.0.1.1:45224]: Stripped host from uri: http://localhost:8080/status    yielding: /status
11:39:56.493 [LittleProxy-ClientToProxyWorker-5] DEBUG o.l.p.impl.ClientToProxyConnection - (AWAITING_INITIAL) [id: 0x37fa264d, /127.0.0.1:54206 => /127.0.1.1:45224]: Removed sdch and inserted: gzip, deflate, 
11:39:56.493 [LittleProxy-ClientToProxyWorker-5] DEBUG o.l.p.impl.ClientToProxyConnection - (AWAITING_INITIAL) [id: 0x37fa264d, /127.0.0.1:54206 => /127.0.1.1:45224]: Writing request to ProxyToServerConnection
11:39:56.493 [LittleProxy-ClientToProxyWorker-5] DEBUG o.l.p.impl.ProxyToServerConnection - (AWAITING_INITIAL) [id: 0xe5042028, /127.0.0.1:48999 => localhost/127.0.0.1:8080]: Requested write of HttpObjectAggregator$AggregatedFullHttpRequest(decodeResult: success, version: HTTP/1.1, content: CompositeByteBuf(ridx: 0, widx: 0, cap: 0, components=0))
GET /status HTTP/1.1
Host: localhost:8080
Authorization: Basic YWRtaW46cGFzcw==
Accept: application/json, text/plain, */*
X-Forwarded-Proto: https
User-Agent: Mozilla/5.0 (X11; Linux x86_64) AppleWebKit/537.36 (KHTML, like Gecko) Chrome/44.0.2403.130 Safari/537.36
Referer: http://localhost:9000/
Accept-Language: en-GB,en-US;q=0.8,en;q=0.6
Content-Length: 0
X-Forwarded-Proto: https
Accept-Encoding: gzip, deflate, 
Via: 1.1 localhost.localdomain
11:39:56.493 [LittleProxy-ClientToProxyWorker-5] DEBUG o.l.p.impl.ProxyToServerConnection - (AWAITING_INITIAL) [id: 0xe5042028, /127.0.0.1:48999 => localhost/127.0.0.1:8080]: Retaining reference counted message
11:39:56.493 [LittleProxy-ClientToProxyWorker-5] DEBUG o.l.p.impl.ProxyToServerConnection - (AWAITING_INITIAL) [id: 0xe5042028, /127.0.0.1:48999 => localhost/127.0.0.1:8080]: Using existing connection to: localhost/127.0.0.1:8080
11:39:56.493 [LittleProxy-ClientToProxyWorker-5] DEBUG o.l.p.impl.ProxyToServerConnection - (AWAITING_INITIAL) [id: 0xe5042028, /127.0.0.1:48999 => localhost/127.0.0.1:8080]: Writing: HttpObjectAggregator$AggregatedFullHttpRequest(decodeResult: success, version: HTTP/1.1, content: CompositeByteBuf(ridx: 0, widx: 0, cap: 0, components=0))
GET /status HTTP/1.1
Host: localhost:8080
Authorization: Basic YWRtaW46cGFzcw==
Accept: application/json, text/plain, */*
X-Forwarded-Proto: https
User-Agent: Mozilla/5.0 (X11; Linux x86_64) AppleWebKit/537.36 (KHTML, like Gecko) Chrome/44.0.2403.130 Safari/537.36
Referer: http://localhost:9000/
Accept-Language: en-GB,en-US;q=0.8,en;q=0.6
Content-Length: 0
X-Forwarded-Proto: https
Accept-Encoding: gzip, deflate, 
Via: 1.1 localhost.localdomain
11:39:56.494 [LittleProxy-ClientToProxyWorker-5] DEBUG o.l.p.impl.ProxyToServerConnection - (AWAITING_INITIAL) [id: 0xe5042028, /127.0.0.1:48999 => localhost/127.0.0.1:8080]: Writing an empty buffer to signal the end of our chunked transfer
11:39:56.494 [LittleProxy-ClientToProxyWorker-5] DEBUG o.l.p.impl.ProxyToServerConnection - (AWAITING_INITIAL) [id: 0xe5042028, /127.0.0.1:48999 => localhost/127.0.0.1:8080]: Wrote: HttpObjectAggregator$AggregatedFullHttpRequest(decodeResult: success, version: HTTP/1.1, content: CompositeByteBuf(ridx: 0, widx: 0, cap: 0, components=0))
GET /status HTTP/1.1
Host: localhost:8080
Authorization: Basic YWRtaW46cGFzcw==
Accept: application/json, text/plain, */*
X-Forwarded-Proto: https
User-Agent: Mozilla/5.0 (X11; Linux x86_64) AppleWebKit/537.36 (KHTML, like Gecko) Chrome/44.0.2403.130 Safari/537.36
Referer: http://localhost:9000/
Accept-Language: en-GB,en-US;q=0.8,en;q=0.6
Content-Length: 0
X-Forwarded-Proto: https
Accept-Encoding: gzip, deflate, 
Via: 1.1 localhost.localdomain
11:39:56.504 [LittleProxy-ProxyToServerWorker-7] DEBUG o.l.p.impl.ProxyToServerConnection - (AWAITING_INITIAL) [id: 0xe5042028, /127.0.0.1:48999 => localhost/127.0.0.1:8080]: Remembering the current request.
11:39:56.504 [LittleProxy-ProxyToServerWorker-7] DEBUG o.l.p.impl.ProxyToServerConnection - (AWAITING_INITIAL) [id: 0xe5042028, /127.0.0.1:48999 => localhost/127.0.0.1:8080]: Reading: DefaultHttpResponse(decodeResult: success, version: HTTP/1.1)
HTTP/1.1 200 OK
Server: Apache-Coyote/1.1
Access-Control-Allow-Origin: null
Access-Control-Allow-Credentials: true
Strict-Transport-Security: max-age=31536000 ; includeSubDomains
X-Frame-Options: DENY
X-XSS-Protection: 1; mode=block
X-Content-Type-Options: nosniff
Cache-Control: no-cache, no-store, max-age=0, must-revalidate
Pragma: no-cache
Expires: 0
X-Application-Context: application:development
Content-Type: application/json;charset=UTF-8
Content-Language: en-GB
Transfer-Encoding: chunked
Date: Tue, 08 Sep 2015 10:39:56 GMT
11:39:56.504 [LittleProxy-ProxyToServerWorker-7] DEBUG o.l.p.impl.ProxyToServerConnection - (AWAITING_INITIAL) [id: 0xe5042028, /127.0.0.1:48999 => localhost/127.0.0.1:8080]: Received raw response: DefaultHttpResponse(decodeResult: success, version: HTTP/1.1)
HTTP/1.1 200 OK
Server: Apache-Coyote/1.1
Access-Control-Allow-Origin: null
Access-Control-Allow-Credentials: true
Strict-Transport-Security: max-age=31536000 ; includeSubDomains
X-Frame-Options: DENY
X-XSS-Protection: 1; mode=block
X-Content-Type-Options: nosniff
Cache-Control: no-cache, no-store, max-age=0, must-revalidate
Pragma: no-cache
Expires: 0
X-Application-Context: application:development
Content-Type: application/json;charset=UTF-8
Content-Language: en-GB
Transfer-Encoding: chunked
Date: Tue, 08 Sep 2015 10:39:56 GMT
11:39:56.504 [LittleProxy-ProxyToServerWorker-7] DEBUG o.l.p.impl.ProxyToServerConnection - (AWAITING_INITIAL) [id: 0xe5042028, /127.0.0.1:48999 => localhost/127.0.0.1:8080]: Remembering the current response.
11:39:56.504 [LittleProxy-ProxyToServerWorker-7] DEBUG o.l.p.impl.ClientToProxyConnection - (AWAITING_INITIAL) [id: 0x37fa264d, /127.0.0.1:54206 => /127.0.1.1:45224]: Writing: DefaultHttpResponse(decodeResult: success, version: HTTP/1.1)
HTTP/1.1 200 OK
Server: Apache-Coyote/1.1
Access-Control-Allow-Origin: null
Access-Control-Allow-Credentials: true
Strict-Transport-Security: max-age=31536000 ; includeSubDomains
X-Frame-Options: DENY
X-XSS-Protection: 1; mode=block
X-Content-Type-Options: nosniff
Cache-Control: no-cache, no-store, max-age=0, must-revalidate
Pragma: no-cache
Expires: 0
X-Application-Context: application:development
Content-Type: application/json;charset=UTF-8
Content-Language: en-GB
Transfer-Encoding: chunked
Date: Tue, 08 Sep 2015 10:39:56 GMT
Via: 1.1 localhost.localdomain
11:39:56.504 [LittleProxy-ProxyToServerWorker-7] DEBUG o.l.p.impl.ClientToProxyConnection - (AWAITING_INITIAL) [id: 0x37fa264d, /127.0.0.1:54206 => /127.0.1.1:45224]: Wrote: DefaultHttpResponse(decodeResult: success, version: HTTP/1.1)
HTTP/1.1 200 OK
Server: Apache-Coyote/1.1
Access-Control-Allow-Origin: null
Access-Control-Allow-Credentials: true
Strict-Transport-Security: max-age=31536000 ; includeSubDomains
X-Frame-Options: DENY
X-XSS-Protection: 1; mode=block
X-Content-Type-Options: nosniff
Cache-Control: no-cache, no-store, max-age=0, must-revalidate
Pragma: no-cache
Expires: 0
X-Application-Context: application:development
Content-Type: application/json;charset=UTF-8
Content-Language: en-GB
Transfer-Encoding: chunked
Date: Tue, 08 Sep 2015 10:39:56 GMT
Via: 1.1 localhost.localdomain
11:39:56.504 [LittleProxy-ProxyToServerWorker-7] DEBUG o.l.p.impl.ClientToProxyConnection - (AWAITING_INITIAL) [id: 0x37fa264d, /127.0.0.1:54206 => /127.0.1.1:45224]: Not closing server connection on middle chunk for /status
11:39:56.504 [LittleProxy-ProxyToServerWorker-7] DEBUG o.l.p.impl.ClientToProxyConnection - (AWAITING_INITIAL) [id: 0x37fa264d, /127.0.0.1:54206 => /127.0.1.1:45224]: Not closing client connection on middle chunk for /status
11:39:56.504 [LittleProxy-ProxyToServerWorker-7] DEBUG o.l.p.impl.ProxyToServerConnection - (AWAITING_CHUNK) [id: 0xe5042028, /127.0.0.1:48999 => localhost/127.0.0.1:8080]: Reading: DefaultHttpContent(data: SlicedByteBuf(ridx: 0, widx: 175, cap: 175/175, unwrapped: UnpooledUnsafeDirectByteBuf(ridx: 181, widx: 181, cap: 2048)), decoderResult: success)
11:39:56.504 [LittleProxy-ProxyToServerWorker-7] DEBUG o.l.p.impl.ClientToProxyConnection - (AWAITING_INITIAL) [id: 0x37fa264d, /127.0.0.1:54206 => /127.0.1.1:45224]: Retaining reference counted message
11:39:56.504 [LittleProxy-ProxyToServerWorker-7] DEBUG o.l.p.impl.ClientToProxyConnection - (AWAITING_INITIAL) [id: 0x37fa264d, /127.0.0.1:54206 => /127.0.1.1:45224]: Writing: DefaultHttpContent(data: SlicedByteBuf(ridx: 0, widx: 175, cap: 175/175, unwrapped: UnpooledUnsafeDirectByteBuf(ridx: 181, widx: 181, cap: 2048)), decoderResult: success)
11:39:56.504 [LittleProxy-ProxyToServerWorker-7] DEBUG o.l.p.impl.ClientToProxyConnection - (AWAITING_INITIAL) [id: 0x37fa264d, /127.0.0.1:54206 => /127.0.1.1:45224]: Wrote: DefaultHttpContent(data: SlicedByteBuf(ridx: 0, widx: 175, cap: 175/175, unwrapped: UnpooledUnsafeDirectByteBuf(ridx: 181, widx: 181, cap: 2048)), decoderResult: success)
11:39:56.505 [LittleProxy-ProxyToServerWorker-7] DEBUG o.l.p.impl.ClientToProxyConnection - (AWAITING_INITIAL) [id: 0x37fa264d, /127.0.0.1:54206 => /127.0.1.1:45224]: Not closing server connection on middle chunk for /status
11:39:56.505 [LittleProxy-ProxyToServerWorker-7] DEBUG o.l.p.impl.ClientToProxyConnection - (AWAITING_INITIAL) [id: 0x37fa264d, /127.0.0.1:54206 => /127.0.1.1:45224]: Not closing client connection on middle chunk for /status
11:39:56.505 [LittleProxy-ProxyToServerWorker-7] DEBUG o.l.p.impl.ProxyToServerConnection - (AWAITING_CHUNK) [id: 0xe5042028, /127.0.0.1:48999 => localhost/127.0.0.1:8080]: Reading: EmptyLastHttpContent
11:39:56.505 [LittleProxy-ProxyToServerWorker-7] DEBUG o.l.p.impl.ClientToProxyConnection - (AWAITING_INITIAL) [id: 0x37fa264d, /127.0.0.1:54206 => /127.0.1.1:45224]: Retaining reference counted message
11:39:56.505 [LittleProxy-ProxyToServerWorker-7] DEBUG o.l.p.impl.ClientToProxyConnection - (AWAITING_INITIAL) [id: 0x37fa264d, /127.0.0.1:54206 => /127.0.1.1:45224]: Writing: EmptyLastHttpContent
11:39:56.505 [LittleProxy-ProxyToServerWorker-7] DEBUG o.l.p.impl.ClientToProxyConnection - (AWAITING_INITIAL) [id: 0x37fa264d, /127.0.0.1:54206 => /127.0.1.1:45224]: Writing an empty buffer to signal the end of our chunked transfer
11:39:56.505 [LittleProxy-ProxyToServerWorker-7] DEBUG o.l.p.impl.ClientToProxyConnection - (AWAITING_INITIAL) [id: 0x37fa264d, /127.0.0.1:54206 => /127.0.1.1:45224]: Wrote: EmptyLastHttpContent
11:39:56.505 [LittleProxy-ProxyToServerWorker-7] DEBUG o.l.p.impl.ClientToProxyConnection - (AWAITING_INITIAL) [id: 0x37fa264d, /127.0.0.1:54206 => /127.0.1.1:45224]: Retaining reference counted message
11:39:56.505 [LittleProxy-ProxyToServerWorker-7] DEBUG o.l.p.impl.ClientToProxyConnection - (AWAITING_INITIAL) [id: 0x37fa264d, /127.0.0.1:54206 => /127.0.1.1:45224]: Writing: EmptyByteBufBE
11:39:56.505 [LittleProxy-ProxyToServerWorker-7] DEBUG o.l.p.impl.ClientToProxyConnection - (AWAITING_INITIAL) [id: 0x37fa264d, /127.0.0.1:54206 => /127.0.1.1:45224]: Wrote: EmptyByteBufBE
11:39:56.505 [LittleProxy-ProxyToServerWorker-7] DEBUG o.l.p.impl.ClientToProxyConnection - (AWAITING_INITIAL) [id: 0x37fa264d, /127.0.0.1:54206 => /127.0.1.1:45224]: Handling last chunk. Using normal server connection closing rules.
11:39:56.505 [LittleProxy-ProxyToServerWorker-7] DEBUG o.l.p.impl.ClientToProxyConnection - (AWAITING_INITIAL) [id: 0x37fa264d, /127.0.0.1:54206 => /127.0.1.1:45224]: Not closing server connection for response: DefaultHttpResponse(decodeResult: success, version: HTTP/1.1)
HTTP/1.1 200 OK
Server: Apache-Coyote/1.1
Access-Control-Allow-Origin: null
Access-Control-Allow-Credentials: true
Strict-Transport-Security: max-age=31536000 ; includeSubDomains
X-Frame-Options: DENY
X-XSS-Protection: 1; mode=block
X-Content-Type-Options: nosniff
Cache-Control: no-cache, no-store, max-age=0, must-revalidate
Pragma: no-cache
Expires: 0
X-Application-Context: application:development
Content-Type: application/json;charset=UTF-8
Content-Language: en-GB
Transfer-Encoding: chunked
Date: Tue, 08 Sep 2015 10:39:56 GMT
11:39:56.505 [LittleProxy-ProxyToServerWorker-7] DEBUG o.l.p.impl.ClientToProxyConnection - (AWAITING_INITIAL) [id: 0x37fa264d, /127.0.0.1:54206 => /127.0.1.1:45224]: Handling last chunk. Using normal client connection closing rules.
11:39:56.505 [LittleProxy-ProxyToServerWorker-7] DEBUG o.l.p.impl.ClientToProxyConnection - (AWAITING_INITIAL) [id: 0x37fa264d, /127.0.0.1:54206 => /127.0.1.1:45224]: Not closing client connection for request: [FAILED toString()]
11:39:56.512 [Forwarding getElementText on session d94198a6aa3008d5ffaf97f92db0cb0c to remote] DEBUG org.apache.http.wire - http-outgoing-76 << "HTTP/1.1 200 OK[\r][\n]"
11:39:56.512 [Forwarding getElementText on session d94198a6aa3008d5ffaf97f92db0cb0c to remote] DEBUG org.apache.http.wire - http-outgoing-76 << "Content-Length:75[\r][\n]"
11:39:56.512 [Forwarding getElementText on session d94198a6aa3008d5ffaf97f92db0cb0c to remote] DEBUG org.apache.http.wire - http-outgoing-76 << "Content-Type:application/json; charset=utf-8[\r][\n]"
11:39:56.512 [Forwarding getElementText on session d94198a6aa3008d5ffaf97f92db0cb0c to remote] DEBUG org.apache.http.wire - http-outgoing-76 << "Connection:close[\r][\n]"
11:39:56.512 [Forwarding getElementText on session d94198a6aa3008d5ffaf97f92db0cb0c to remote] DEBUG org.apache.http.wire - http-outgoing-76 << "[\r][\n]"
11:39:56.512 [Forwarding getElementText on session d94198a6aa3008d5ffaf97f92db0cb0c to remote] DEBUG org.apache.http.wire - http-outgoing-76 << "{"sessionId":"d94198a6aa3008d5ffaf97f92db0cb0c","status":0,"value":"SUTUU"}"
11:39:56.513 [Forwarding getElementText on session d94198a6aa3008d5ffaf97f92db0cb0c to remote] DEBUG org.apache.http.headers - http-outgoing-76 << HTTP/1.1 200 OK
11:39:56.513 [Forwarding getElementText on session d94198a6aa3008d5ffaf97f92db0cb0c to remote] DEBUG org.apache.http.headers - http-outgoing-76 << Content-Length:75
11:39:56.513 [Forwarding getElementText on session d94198a6aa3008d5ffaf97f92db0cb0c to remote] DEBUG org.apache.http.headers - http-outgoing-76 << Content-Type:application/json; charset=utf-8
11:39:56.513 [Forwarding getElementText on session d94198a6aa3008d5ffaf97f92db0cb0c to remote] DEBUG org.apache.http.headers - http-outgoing-76 << Connection:close
11:39:56.513 [Forwarding getElementText on session d94198a6aa3008d5ffaf97f92db0cb0c to remote] DEBUG o.a.h.i.c.DefaultManagedHttpClientConnection - http-outgoing-76: Shutdown connection
11:39:56.513 [Forwarding getElementText on session d94198a6aa3008d5ffaf97f92db0cb0c to remote] DEBUG o.a.h.impl.execchain.MainClientExec - Connection discarded
11:39:56.513 [Forwarding getElementText on session d94198a6aa3008d5ffaf97f92db0cb0c to remote] DEBUG o.a.h.i.c.DefaultManagedHttpClientConnection - http-outgoing-76: Close connection
11:39:56.513 [Forwarding getElementText on session d94198a6aa3008d5ffaf97f92db0cb0c to remote] DEBUG o.a.h.i.c.PoolingHttpClientConnectionManager - Connection released: [id: 76][route: {}->http://localhost:26477][total kept alive: 0; route allocated: 0 of 2000; total allocated: 0 of 2000]
11:39:56.514 [Forwarding getElementText on session d94198a6aa3008d5ffaf97f92db0cb0c to remote] DEBUG o.a.h.c.protocol.RequestAddCookies - CookieSpec selected: best-match
11:39:56.514 [Forwarding getElementText on session d94198a6aa3008d5ffaf97f92db0cb0c to remote] DEBUG o.a.h.c.protocol.RequestAuthCache - Auth cache not set in the context
11:39:56.514 [Forwarding getElementText on session d94198a6aa3008d5ffaf97f92db0cb0c to remote] DEBUG o.a.h.i.c.PoolingHttpClientConnectionManager - Connection request: [route: {}->http://localhost:26477][total kept alive: 0; route allocated: 0 of 2000; total allocated: 0 of 2000]
11:39:56.514 [Forwarding getElementText on session d94198a6aa3008d5ffaf97f92db0cb0c to remote] DEBUG o.a.h.i.c.PoolingHttpClientConnectionManager - Connection leased: [id: 77][route: {}->http://localhost:26477][total kept alive: 0; route allocated: 1 of 2000; total allocated: 1 of 2000]
11:39:56.514 [Forwarding getElementText on session d94198a6aa3008d5ffaf97f92db0cb0c to remote] DEBUG o.a.h.impl.execchain.MainClientExec - Opening connection {}->http://localhost:26477
11:39:56.514 [Forwarding getElementText on session d94198a6aa3008d5ffaf97f92db0cb0c to remote] DEBUG o.a.h.i.c.HttpClientConnectionOperator - Connecting to localhost/127.0.0.1:26477
11:39:56.514 [Forwarding getElementText on session d94198a6aa3008d5ffaf97f92db0cb0c to remote] DEBUG o.a.h.i.c.HttpClientConnectionOperator - Connection established 127.0.0.1:57353<->127.0.0.1:26477
11:39:56.514 [Forwarding getElementText on session d94198a6aa3008d5ffaf97f92db0cb0c to remote] DEBUG o.a.h.impl.execchain.MainClientExec - Executing request GET /session/d94198a6aa3008d5ffaf97f92db0cb0c/element/0.5152662619948387-20/text HTTP/1.1
11:39:56.514 [Forwarding getElementText on session d94198a6aa3008d5ffaf97f92db0cb0c to remote] DEBUG o.a.h.impl.execchain.MainClientExec - Target auth state: UNCHALLENGED
11:39:56.514 [Forwarding getElementText on session d94198a6aa3008d5ffaf97f92db0cb0c to remote] DEBUG o.a.h.impl.execchain.MainClientExec - Proxy auth state: UNCHALLENGED
11:39:56.514 [Forwarding getElementText on session d94198a6aa3008d5ffaf97f92db0cb0c to remote] DEBUG org.apache.http.headers - http-outgoing-77 >> GET /session/d94198a6aa3008d5ffaf97f92db0cb0c/element/0.5152662619948387-20/text HTTP/1.1
11:39:56.514 [Forwarding getElementText on session d94198a6aa3008d5ffaf97f92db0cb0c to remote] DEBUG org.apache.http.headers - http-outgoing-77 >> Cache-Control: no-cache
11:39:56.514 [Forwarding getElementText on session d94198a6aa3008d5ffaf97f92db0cb0c to remote] DEBUG org.apache.http.headers - http-outgoing-77 >> Host: localhost:26477
11:39:56.514 [Forwarding getElementText on session d94198a6aa3008d5ffaf97f92db0cb0c to remote] DEBUG org.apache.http.headers - http-outgoing-77 >> Connection: Keep-Alive
11:39:56.514 [Forwarding getElementText on session d94198a6aa3008d5ffaf97f92db0cb0c to remote] DEBUG org.apache.http.headers - http-outgoing-77 >> User-Agent: Apache-HttpClient/4.3.4 (java 1.5)
11:39:56.514 [Forwarding getElementText on session d94198a6aa3008d5ffaf97f92db0cb0c to remote] DEBUG org.apache.http.headers - http-outgoing-77 >> Accept-Encoding: gzip,deflate
11:39:56.514 [Forwarding getElementText on session d94198a6aa3008d5ffaf97f92db0cb0c to remote] DEBUG org.apache.http.wire - http-outgoing-77 >> "GET /session/d94198a6aa3008d5ffaf97f92db0cb0c/element/0.5152662619948387-20/text HTTP/1.1[\r][\n]"
11:39:56.514 [Forwarding getElementText on session d94198a6aa3008d5ffaf97f92db0cb0c to remote] DEBUG org.apache.http.wire - http-outgoing-77 >> "Cache-Control: no-cache[\r][\n]"
11:39:56.514 [Forwarding getElementText on session d94198a6aa3008d5ffaf97f92db0cb0c to remote] DEBUG org.apache.http.wire - http-outgoing-77 >> "Host: localhost:26477[\r][\n]"
11:39:56.514 [Forwarding getElementText on session d94198a6aa3008d5ffaf97f92db0cb0c to remote] DEBUG org.apache.http.wire - http-outgoing-77 >> "Connection: Keep-Alive[\r][\n]"
11:39:56.514 [Forwarding getElementText on session d94198a6aa3008d5ffaf97f92db0cb0c to remote] DEBUG org.apache.http.wire - http-outgoing-77 >> "User-Agent: Apache-HttpClient/4.3.4 (java 1.5)[\r][\n]"
11:39:56.514 [Forwarding getElementText on session d94198a6aa3008d5ffaf97f92db0cb0c to remote] DEBUG org.apache.http.wire - http-outgoing-77 >> "Accept-Encoding: gzip,deflate[\r][\n]"
11:39:56.514 [Forwarding getElementText on session d94198a6aa3008d5ffaf97f92db0cb0c to remote] DEBUG org.apache.http.wire - http-outgoing-77 >> "[\r][\n]"
11:39:56.521 [Forwarding getElementText on session d94198a6aa3008d5ffaf97f92db0cb0c to remote] DEBUG org.apache.http.wire - http-outgoing-77 << "HTTP/1.1 200 OK[\r][\n]"
11:39:56.521 [Forwarding getElementText on session d94198a6aa3008d5ffaf97f92db0cb0c to remote] DEBUG org.apache.http.wire - http-outgoing-77 << "Content-Length:74[\r][\n]"
11:39:56.521 [Forwarding getElementText on session d94198a6aa3008d5ffaf97f92db0cb0c to remote] DEBUG org.apache.http.wire - http-outgoing-77 << "Content-Type:application/json; charset=utf-8[\r][\n]"
11:39:56.521 [Forwarding getElementText on session d94198a6aa3008d5ffaf97f92db0cb0c to remote] DEBUG org.apache.http.wire - http-outgoing-77 << "Connection:close[\r][\n]"
11:39:56.521 [Forwarding getElementText on session d94198a6aa3008d5ffaf97f92db0cb0c to remote] DEBUG org.apache.http.wire - http-outgoing-77 << "[\r][\n]"
11:39:56.521 [Forwarding getElementText on session d94198a6aa3008d5ffaf97f92db0cb0c to remote] DEBUG org.apache.http.wire - http-outgoing-77 << "{"sessionId":"d94198a6aa3008d5ffaf97f92db0cb0c","status":0,"value":"Test"}"
11:39:56.521 [Forwarding getElementText on session d94198a6aa3008d5ffaf97f92db0cb0c to remote] DEBUG org.apache.http.headers - http-outgoing-77 << HTTP/1.1 200 OK
11:39:56.521 [Forwarding getElementText on session d94198a6aa3008d5ffaf97f92db0cb0c to remote] DEBUG org.apache.http.headers - http-outgoing-77 << Content-Length:74
11:39:56.521 [Forwarding getElementText on session d94198a6aa3008d5ffaf97f92db0cb0c to remote] DEBUG org.apache.http.headers - http-outgoing-77 << Content-Type:application/json; charset=utf-8
11:39:56.521 [Forwarding getElementText on session d94198a6aa3008d5ffaf97f92db0cb0c to remote] DEBUG org.apache.http.headers - http-outgoing-77 << Connection:close
11:39:56.521 [Forwarding getElementText on session d94198a6aa3008d5ffaf97f92db0cb0c to remote] DEBUG o.a.h.i.c.DefaultManagedHttpClientConnection - http-outgoing-77: Shutdown connection
11:39:56.521 [Forwarding getElementText on session d94198a6aa3008d5ffaf97f92db0cb0c to remote] DEBUG o.a.h.impl.execchain.MainClientExec - Connection discarded
11:39:56.521 [Forwarding getElementText on session d94198a6aa3008d5ffaf97f92db0cb0c to remote] DEBUG o.a.h.i.c.DefaultManagedHttpClientConnection - http-outgoing-77: Close connection
11:39:56.521 [Forwarding getElementText on session d94198a6aa3008d5ffaf97f92db0cb0c to remote] DEBUG o.a.h.i.c.PoolingHttpClientConnectionManager - Connection released: [id: 77][route: {}->http://localhost:26477][total kept alive: 0; route allocated: 0 of 2000; total allocated: 0 of 2000]
11:39:56.522 [Forwarding isElementEnabled on session d94198a6aa3008d5ffaf97f92db0cb0c to remote] DEBUG o.a.h.c.protocol.RequestAddCookies - CookieSpec selected: best-match
11:39:56.522 [Forwarding isElementEnabled on session d94198a6aa3008d5ffaf97f92db0cb0c to remote] DEBUG o.a.h.c.protocol.RequestAuthCache - Auth cache not set in the context
11:39:56.522 [Forwarding isElementEnabled on session d94198a6aa3008d5ffaf97f92db0cb0c to remote] DEBUG o.a.h.i.c.PoolingHttpClientConnectionManager - Connection request: [route: {}->http://localhost:26477][total kept alive: 0; route allocated: 0 of 2000; total allocated: 0 of 2000]
11:39:56.522 [Forwarding isElementEnabled on session d94198a6aa3008d5ffaf97f92db0cb0c to remote] DEBUG o.a.h.i.c.PoolingHttpClientConnectionManager - Connection leased: [id: 78][route: {}->http://localhost:26477][total kept alive: 0; route allocated: 1 of 2000; total allocated: 1 of 2000]
11:39:56.522 [Forwarding isElementEnabled on session d94198a6aa3008d5ffaf97f92db0cb0c to remote] DEBUG o.a.h.impl.execchain.MainClientExec - Opening connection {}->http://localhost:26477
11:39:56.522 [Forwarding isElementEnabled on session d94198a6aa3008d5ffaf97f92db0cb0c to remote] DEBUG o.a.h.i.c.HttpClientConnectionOperator - Connecting to localhost/127.0.0.1:26477
11:39:56.522 [Forwarding isElementEnabled on session d94198a6aa3008d5ffaf97f92db0cb0c to remote] DEBUG o.a.h.i.c.HttpClientConnectionOperator - Connection established 127.0.0.1:57354<->127.0.0.1:26477
11:39:56.522 [Forwarding isElementEnabled on session d94198a6aa3008d5ffaf97f92db0cb0c to remote] DEBUG o.a.h.impl.execchain.MainClientExec - Executing request GET /session/d94198a6aa3008d5ffaf97f92db0cb0c/element/0.5152662619948387-10/enabled HTTP/1.1
11:39:56.522 [Forwarding isElementEnabled on session d94198a6aa3008d5ffaf97f92db0cb0c to remote] DEBUG o.a.h.impl.execchain.MainClientExec - Target auth state: UNCHALLENGED
11:39:56.522 [Forwarding isElementEnabled on session d94198a6aa3008d5ffaf97f92db0cb0c to remote] DEBUG o.a.h.impl.execchain.MainClientExec - Proxy auth state: UNCHALLENGED
11:39:56.522 [Forwarding isElementEnabled on session d94198a6aa3008d5ffaf97f92db0cb0c to remote] DEBUG org.apache.http.headers - http-outgoing-78 >> GET /session/d94198a6aa3008d5ffaf97f92db0cb0c/element/0.5152662619948387-10/enabled HTTP/1.1
11:39:56.522 [Forwarding isElementEnabled on session d94198a6aa3008d5ffaf97f92db0cb0c to remote] DEBUG org.apache.http.headers - http-outgoing-78 >> Cache-Control: no-cache
11:39:56.522 [Forwarding isElementEnabled on session d94198a6aa3008d5ffaf97f92db0cb0c to remote] DEBUG org.apache.http.headers - http-outgoing-78 >> Host: localhost:26477
11:39:56.522 [Forwarding isElementEnabled on session d94198a6aa3008d5ffaf97f92db0cb0c to remote] DEBUG org.apache.http.headers - http-outgoing-78 >> Connection: Keep-Alive
11:39:56.522 [Forwarding isElementEnabled on session d94198a6aa3008d5ffaf97f92db0cb0c to remote] DEBUG org.apache.http.headers - http-outgoing-78 >> User-Agent: Apache-HttpClient/4.3.4 (java 1.5)
11:39:56.522 [Forwarding isElementEnabled on session d94198a6aa3008d5ffaf97f92db0cb0c to remote] DEBUG org.apache.http.headers - http-outgoing-78 >> Accept-Encoding: gzip,deflate
11:39:56.522 [Forwarding isElementEnabled on session d94198a6aa3008d5ffaf97f92db0cb0c to remote] DEBUG org.apache.http.wire - http-outgoing-78 >> "GET /session/d94198a6aa3008d5ffaf97f92db0cb0c/element/0.5152662619948387-10/enabled HTTP/1.1[\r][\n]"
11:39:56.522 [Forwarding isElementEnabled on session d94198a6aa3008d5ffaf97f92db0cb0c to remote] DEBUG org.apache.http.wire - http-outgoing-78 >> "Cache-Control: no-cache[\r][\n]"
11:39:56.522 [Forwarding isElementEnabled on session d94198a6aa3008d5ffaf97f92db0cb0c to remote] DEBUG org.apache.http.wire - http-outgoing-78 >> "Host: localhost:26477[\r][\n]"
11:39:56.522 [Forwarding isElementEnabled on session d94198a6aa3008d5ffaf97f92db0cb0c to remote] DEBUG org.apache.http.wire - http-outgoing-78 >> "Connection: Keep-Alive[\r][\n]"
11:39:56.522 [Forwarding isElementEnabled on session d94198a6aa3008d5ffaf97f92db0cb0c to remote] DEBUG org.apache.http.wire - http-outgoing-78 >> "User-Agent: Apache-HttpClient/4.3.4 (java 1.5)[\r][\n]"
11:39:56.522 [Forwarding isElementEnabled on session d94198a6aa3008d5ffaf97f92db0cb0c to remote] DEBUG org.apache.http.wire - http-outgoing-78 >> "Accept-Encoding: gzip,deflate[\r][\n]"
11:39:56.522 [Forwarding isElementEnabled on session d94198a6aa3008d5ffaf97f92db0cb0c to remote] DEBUG org.apache.http.wire - http-outgoing-78 >> "[\r][\n]"
11:39:56.525 [Forwarding isElementEnabled on session d94198a6aa3008d5ffaf97f92db0cb0c to remote] DEBUG org.apache.http.wire - http-outgoing-78 << "HTTP/1.1 200 OK[\r][\n]"
11:39:56.525 [Forwarding isElementEnabled on session d94198a6aa3008d5ffaf97f92db0cb0c to remote] DEBUG org.apache.http.wire - http-outgoing-78 << "Content-Length:72[\r][\n]"
11:39:56.525 [Forwarding isElementEnabled on session d94198a6aa3008d5ffaf97f92db0cb0c to remote] DEBUG org.apache.http.wire - http-outgoing-78 << "Content-Type:application/json; charset=utf-8[\r][\n]"
11:39:56.525 [Forwarding isElementEnabled on session d94198a6aa3008d5ffaf97f92db0cb0c to remote] DEBUG org.apache.http.wire - http-outgoing-78 << "Connection:close[\r][\n]"
11:39:56.525 [Forwarding isElementEnabled on session d94198a6aa3008d5ffaf97f92db0cb0c to remote] DEBUG org.apache.http.wire - http-outgoing-78 << "[\r][\n]"
11:39:56.525 [Forwarding isElementEnabled on session d94198a6aa3008d5ffaf97f92db0cb0c to remote] DEBUG org.apache.http.wire - http-outgoing-78 << "{"sessionId":"d94198a6aa3008d5ffaf97f92db0cb0c","status":0,"value":true}"
11:39:56.525 [Forwarding isElementEnabled on session d94198a6aa3008d5ffaf97f92db0cb0c to remote] DEBUG org.apache.http.headers - http-outgoing-78 << HTTP/1.1 200 OK
11:39:56.525 [Forwarding isElementEnabled on session d94198a6aa3008d5ffaf97f92db0cb0c to remote] DEBUG org.apache.http.headers - http-outgoing-78 << Content-Length:72
11:39:56.525 [Forwarding isElementEnabled on session d94198a6aa3008d5ffaf97f92db0cb0c to remote] DEBUG org.apache.http.headers - http-outgoing-78 << Content-Type:application/json; charset=utf-8
11:39:56.525 [Forwarding isElementEnabled on session d94198a6aa3008d5ffaf97f92db0cb0c to remote] DEBUG org.apache.http.headers - http-outgoing-78 << Connection:close
11:39:56.526 [Forwarding isElementEnabled on session d94198a6aa3008d5ffaf97f92db0cb0c to remote] DEBUG o.a.h.i.c.DefaultManagedHttpClientConnection - http-outgoing-78: Shutdown connection
11:39:56.526 [Forwarding isElementEnabled on session d94198a6aa3008d5ffaf97f92db0cb0c to remote] DEBUG o.a.h.impl.execchain.MainClientExec - Connection discarded
11:39:56.526 [Forwarding isElementEnabled on session d94198a6aa3008d5ffaf97f92db0cb0c to remote] DEBUG o.a.h.i.c.DefaultManagedHttpClientConnection - http-outgoing-78: Close connection
11:39:56.526 [Forwarding isElementEnabled on session d94198a6aa3008d5ffaf97f92db0cb0c to remote] DEBUG o.a.h.i.c.PoolingHttpClientConnectionManager - Connection released: [id: 78][route: {}->http://localhost:26477][total kept alive: 0; route allocated: 0 of 2000; total allocated: 0 of 2000]
11:39:56.526 [Forwarding clickElement on session d94198a6aa3008d5ffaf97f92db0cb0c to remote] DEBUG o.a.h.c.protocol.RequestAddCookies - CookieSpec selected: best-match
11:39:56.526 [Forwarding clickElement on session d94198a6aa3008d5ffaf97f92db0cb0c to remote] DEBUG o.a.h.c.protocol.RequestAuthCache - Auth cache not set in the context
11:39:56.526 [Forwarding clickElement on session d94198a6aa3008d5ffaf97f92db0cb0c to remote] DEBUG o.a.h.i.c.PoolingHttpClientConnectionManager - Connection request: [route: {}->http://localhost:26477][total kept alive: 0; route allocated: 0 of 2000; total allocated: 0 of 2000]
11:39:56.526 [Forwarding clickElement on session d94198a6aa3008d5ffaf97f92db0cb0c to remote] DEBUG o.a.h.i.c.PoolingHttpClientConnectionManager - Connection leased: [id: 79][route: {}->http://localhost:26477][total kept alive: 0; route allocated: 1 of 2000; total allocated: 1 of 2000]
11:39:56.526 [Forwarding clickElement on session d94198a6aa3008d5ffaf97f92db0cb0c to remote] DEBUG o.a.h.impl.execchain.MainClientExec - Opening connection {}->http://localhost:26477
11:39:56.527 [Forwarding clickElement on session d94198a6aa3008d5ffaf97f92db0cb0c to remote] DEBUG o.a.h.i.c.HttpClientConnectionOperator - Connecting to localhost/127.0.0.1:26477
11:39:56.527 [Forwarding clickElement on session d94198a6aa3008d5ffaf97f92db0cb0c to remote] DEBUG o.a.h.i.c.HttpClientConnectionOperator - Connection established 127.0.0.1:57355<->127.0.0.1:26477
11:39:56.527 [Forwarding clickElement on session d94198a6aa3008d5ffaf97f92db0cb0c to remote] DEBUG o.a.h.impl.execchain.MainClientExec - Executing request POST /session/d94198a6aa3008d5ffaf97f92db0cb0c/element/0.5152662619948387-10/click HTTP/1.1
11:39:56.527 [Forwarding clickElement on session d94198a6aa3008d5ffaf97f92db0cb0c to remote] DEBUG o.a.h.impl.execchain.MainClientExec - Target auth state: UNCHALLENGED
11:39:56.527 [Forwarding clickElement on session d94198a6aa3008d5ffaf97f92db0cb0c to remote] DEBUG o.a.h.impl.execchain.MainClientExec - Proxy auth state: UNCHALLENGED
11:39:56.527 [Forwarding clickElement on session d94198a6aa3008d5ffaf97f92db0cb0c to remote] DEBUG org.apache.http.headers - http-outgoing-79 >> POST /session/d94198a6aa3008d5ffaf97f92db0cb0c/element/0.5152662619948387-10/click HTTP/1.1
11:39:56.527 [Forwarding clickElement on session d94198a6aa3008d5ffaf97f92db0cb0c to remote] DEBUG org.apache.http.headers - http-outgoing-79 >> Content-Type: application/json; charset=utf-8
11:39:56.527 [Forwarding clickElement on session d94198a6aa3008d5ffaf97f92db0cb0c to remote] DEBUG org.apache.http.headers - http-outgoing-79 >> Content-Length: 30
11:39:56.527 [Forwarding clickElement on session d94198a6aa3008d5ffaf97f92db0cb0c to remote] DEBUG org.apache.http.headers - http-outgoing-79 >> Host: localhost:26477
11:39:56.527 [Forwarding clickElement on session d94198a6aa3008d5ffaf97f92db0cb0c to remote] DEBUG org.apache.http.headers - http-outgoing-79 >> Connection: Keep-Alive
11:39:56.527 [Forwarding clickElement on session d94198a6aa3008d5ffaf97f92db0cb0c to remote] DEBUG org.apache.http.headers - http-outgoing-79 >> User-Agent: Apache-HttpClient/4.3.4 (java 1.5)
11:39:56.527 [Forwarding clickElement on session d94198a6aa3008d5ffaf97f92db0cb0c to remote] DEBUG org.apache.http.headers - http-outgoing-79 >> Accept-Encoding: gzip,deflate
11:39:56.527 [Forwarding clickElement on session d94198a6aa3008d5ffaf97f92db0cb0c to remote] DEBUG org.apache.http.wire - http-outgoing-79 >> "POST /session/d94198a6aa3008d5ffaf97f92db0cb0c/element/0.5152662619948387-10/click HTTP/1.1[\r][\n]"
11:39:56.527 [Forwarding clickElement on session d94198a6aa3008d5ffaf97f92db0cb0c to remote] DEBUG org.apache.http.wire - http-outgoing-79 >> "Content-Type: application/json; charset=utf-8[\r][\n]"
11:39:56.527 [Forwarding clickElement on session d94198a6aa3008d5ffaf97f92db0cb0c to remote] DEBUG org.apache.http.wire - http-outgoing-79 >> "Content-Length: 30[\r][\n]"
11:39:56.527 [Forwarding clickElement on session d94198a6aa3008d5ffaf97f92db0cb0c to remote] DEBUG org.apache.http.wire - http-outgoing-79 >> "Host: localhost:26477[\r][\n]"
11:39:56.527 [Forwarding clickElement on session d94198a6aa3008d5ffaf97f92db0cb0c to remote] DEBUG org.apache.http.wire - http-outgoing-79 >> "Connection: Keep-Alive[\r][\n]"
11:39:56.527 [Forwarding clickElement on session d94198a6aa3008d5ffaf97f92db0cb0c to remote] DEBUG org.apache.http.wire - http-outgoing-79 >> "User-Agent: Apache-HttpClient/4.3.4 (java 1.5)[\r][\n]"
11:39:56.527 [Forwarding clickElement on session d94198a6aa3008d5ffaf97f92db0cb0c to remote] DEBUG org.apache.http.wire - http-outgoing-79 >> "Accept-Encoding: gzip,deflate[\r][\n]"
11:39:56.527 [Forwarding clickElement on session d94198a6aa3008d5ffaf97f92db0cb0c to remote] DEBUG org.apache.http.wire - http-outgoing-79 >> "[\r][\n]"
11:39:56.527 [Forwarding clickElement on session d94198a6aa3008d5ffaf97f92db0cb0c to remote] DEBUG org.apache.http.wire - http-outgoing-79 >> "{"id":"0.5152662619948387-10"}"
11:39:56.550 [Forwarding clickElement on session d94198a6aa3008d5ffaf97f92db0cb0c to remote] DEBUG org.apache.http.wire - http-outgoing-79 << "HTTP/1.1 200 OK[\r][\n]"
11:39:56.550 [Forwarding clickElement on session d94198a6aa3008d5ffaf97f92db0cb0c to remote] DEBUG org.apache.http.wire - http-outgoing-79 << "Content-Length:72[\r][\n]"
11:39:56.550 [Forwarding clickElement on session d94198a6aa3008d5ffaf97f92db0cb0c to remote] DEBUG org.apache.http.wire - http-outgoing-79 << "Content-Type:application/json; charset=utf-8[\r][\n]"
11:39:56.550 [Forwarding clickElement on session d94198a6aa3008d5ffaf97f92db0cb0c to remote] DEBUG org.apache.http.wire - http-outgoing-79 << "Connection:close[\r][\n]"
11:39:56.550 [Forwarding clickElement on session d94198a6aa3008d5ffaf97f92db0cb0c to remote] DEBUG org.apache.http.wire - http-outgoing-79 << "[\r][\n]"
11:39:56.550 [Forwarding clickElement on session d94198a6aa3008d5ffaf97f92db0cb0c to remote] DEBUG org.apache.http.wire - http-outgoing-79 << "{"sessionId":"d94198a6aa3008d5ffaf97f92db0cb0c","status":0,"value":null}"
11:39:56.550 [Forwarding clickElement on session d94198a6aa3008d5ffaf97f92db0cb0c to remote] DEBUG org.apache.http.headers - http-outgoing-79 << HTTP/1.1 200 OK
11:39:56.550 [Forwarding clickElement on session d94198a6aa3008d5ffaf97f92db0cb0c to remote] DEBUG org.apache.http.headers - http-outgoing-79 << Content-Length:72
11:39:56.550 [Forwarding clickElement on session d94198a6aa3008d5ffaf97f92db0cb0c to remote] DEBUG org.apache.http.headers - http-outgoing-79 << Content-Type:application/json; charset=utf-8
11:39:56.550 [Forwarding clickElement on session d94198a6aa3008d5ffaf97f92db0cb0c to remote] DEBUG org.apache.http.headers - http-outgoing-79 << Connection:close
11:39:56.551 [Forwarding clickElement on session d94198a6aa3008d5ffaf97f92db0cb0c to remote] DEBUG o.a.h.i.c.DefaultManagedHttpClientConnection - http-outgoing-79: Shutdown connection
11:39:56.551 [Forwarding clickElement on session d94198a6aa3008d5ffaf97f92db0cb0c to remote] DEBUG o.a.h.impl.execchain.MainClientExec - Connection discarded
11:39:56.551 [Forwarding clickElement on session d94198a6aa3008d5ffaf97f92db0cb0c to remote] DEBUG o.a.h.i.c.DefaultManagedHttpClientConnection - http-outgoing-79: Close connection
11:39:56.551 [Forwarding clickElement on session d94198a6aa3008d5ffaf97f92db0cb0c to remote] DEBUG o.a.h.i.c.PoolingHttpClientConnectionManager - Connection released: [id: 79][route: {}->http://localhost:26477][total kept alive: 0; route allocated: 0 of 2000; total allocated: 0 of 2000]
11:39:56.551 [Forwarding implicitlyWait on session d94198a6aa3008d5ffaf97f92db0cb0c to remote] DEBUG o.a.h.c.protocol.RequestAddCookies - CookieSpec selected: best-match
11:39:56.551 [Forwarding implicitlyWait on session d94198a6aa3008d5ffaf97f92db0cb0c to remote] DEBUG o.a.h.c.protocol.RequestAuthCache - Auth cache not set in the context
11:39:56.551 [Forwarding implicitlyWait on session d94198a6aa3008d5ffaf97f92db0cb0c to remote] DEBUG o.a.h.i.c.PoolingHttpClientConnectionManager - Connection request: [route: {}->http://localhost:26477][total kept alive: 0; route allocated: 0 of 2000; total allocated: 0 of 2000]
11:39:56.551 [Forwarding implicitlyWait on session d94198a6aa3008d5ffaf97f92db0cb0c to remote] DEBUG o.a.h.i.c.PoolingHttpClientConnectionManager - Connection leased: [id: 80][route: {}->http://localhost:26477][total kept alive: 0; route allocated: 1 of 2000; total allocated: 1 of 2000]
11:39:56.551 [Forwarding implicitlyWait on session d94198a6aa3008d5ffaf97f92db0cb0c to remote] DEBUG o.a.h.impl.execchain.MainClientExec - Opening connection {}->http://localhost:26477
11:39:56.551 [Forwarding implicitlyWait on session d94198a6aa3008d5ffaf97f92db0cb0c to remote] DEBUG o.a.h.i.c.HttpClientConnectionOperator - Connecting to localhost/127.0.0.1:26477
11:39:56.552 [Forwarding implicitlyWait on session d94198a6aa3008d5ffaf97f92db0cb0c to remote] DEBUG o.a.h.i.c.HttpClientConnectionOperator - Connection established 127.0.0.1:57356<->127.0.0.1:26477
11:39:56.552 [Forwarding implicitlyWait on session d94198a6aa3008d5ffaf97f92db0cb0c to remote] DEBUG o.a.h.impl.execchain.MainClientExec - Executing request POST /session/d94198a6aa3008d5ffaf97f92db0cb0c/timeouts/implicit_wait HTTP/1.1
11:39:56.552 [Forwarding implicitlyWait on session d94198a6aa3008d5ffaf97f92db0cb0c to remote] DEBUG o.a.h.impl.execchain.MainClientExec - Target auth state: UNCHALLENGED
11:39:56.552 [Forwarding implicitlyWait on session d94198a6aa3008d5ffaf97f92db0cb0c to remote] DEBUG o.a.h.impl.execchain.MainClientExec - Proxy auth state: UNCHALLENGED
11:39:56.552 [Forwarding implicitlyWait on session d94198a6aa3008d5ffaf97f92db0cb0c to remote] DEBUG org.apache.http.headers - http-outgoing-80 >> POST /session/d94198a6aa3008d5ffaf97f92db0cb0c/timeouts/implicit_wait HTTP/1.1
11:39:56.552 [Forwarding implicitlyWait on session d94198a6aa3008d5ffaf97f92db0cb0c to remote] DEBUG org.apache.http.headers - http-outgoing-80 >> Content-Type: application/json; charset=utf-8
11:39:56.552 [Forwarding implicitlyWait on session d94198a6aa3008d5ffaf97f92db0cb0c to remote] DEBUG org.apache.http.headers - http-outgoing-80 >> Content-Length: 12
11:39:56.552 [Forwarding implicitlyWait on session d94198a6aa3008d5ffaf97f92db0cb0c to remote] DEBUG org.apache.http.headers - http-outgoing-80 >> Host: localhost:26477
11:39:56.552 [Forwarding implicitlyWait on session d94198a6aa3008d5ffaf97f92db0cb0c to remote] DEBUG org.apache.http.headers - http-outgoing-80 >> Connection: Keep-Alive
11:39:56.552 [Forwarding implicitlyWait on session d94198a6aa3008d5ffaf97f92db0cb0c to remote] DEBUG org.apache.http.headers - http-outgoing-80 >> User-Agent: Apache-HttpClient/4.3.4 (java 1.5)
11:39:56.552 [Forwarding implicitlyWait on session d94198a6aa3008d5ffaf97f92db0cb0c to remote] DEBUG org.apache.http.headers - http-outgoing-80 >> Accept-Encoding: gzip,deflate
11:39:56.552 [Forwarding implicitlyWait on session d94198a6aa3008d5ffaf97f92db0cb0c to remote] DEBUG org.apache.http.wire - http-outgoing-80 >> "POST /session/d94198a6aa3008d5ffaf97f92db0cb0c/timeouts/implicit_wait HTTP/1.1[\r][\n]"
11:39:56.552 [Forwarding implicitlyWait on session d94198a6aa3008d5ffaf97f92db0cb0c to remote] DEBUG org.apache.http.wire - http-outgoing-80 >> "Content-Type: application/json; charset=utf-8[\r][\n]"
11:39:56.552 [Forwarding implicitlyWait on session d94198a6aa3008d5ffaf97f92db0cb0c to remote] DEBUG org.apache.http.wire - http-outgoing-80 >> "Content-Length: 12[\r][\n]"
11:39:56.552 [Forwarding implicitlyWait on session d94198a6aa3008d5ffaf97f92db0cb0c to remote] DEBUG org.apache.http.wire - http-outgoing-80 >> "Host: localhost:26477[\r][\n]"
11:39:56.552 [Forwarding implicitlyWait on session d94198a6aa3008d5ffaf97f92db0cb0c to remote] DEBUG org.apache.http.wire - http-outgoing-80 >> "Connection: Keep-Alive[\r][\n]"
11:39:56.552 [Forwarding implicitlyWait on session d94198a6aa3008d5ffaf97f92db0cb0c to remote] DEBUG org.apache.http.wire - http-outgoing-80 >> "User-Agent: Apache-HttpClient/4.3.4 (java 1.5)[\r][\n]"
11:39:56.552 [Forwarding implicitlyWait on session d94198a6aa3008d5ffaf97f92db0cb0c to remote] DEBUG org.apache.http.wire - http-outgoing-80 >> "Accept-Encoding: gzip,deflate[\r][\n]"
11:39:56.552 [Forwarding implicitlyWait on session d94198a6aa3008d5ffaf97f92db0cb0c to remote] DEBUG org.apache.http.wire - http-outgoing-80 >> "[\r][\n]"
11:39:56.552 [Forwarding implicitlyWait on session d94198a6aa3008d5ffaf97f92db0cb0c to remote] DEBUG org.apache.http.wire - http-outgoing-80 >> "{"ms":30000}"
11:39:56.555 [LittleProxy-ClientToProxyWorker-3] DEBUG o.l.p.impl.ClientToProxyConnection - (AWAITING_INITIAL) [id: 0x4dc93f85, /127.0.0.1:54147 => /127.0.1.1:45224]: Reading: HttpObjectAggregator$AggregatedFullHttpRequest(decodeResult: success, version: HTTP/1.1, content: CompositeByteBuf(ridx: 0, widx: 0, cap: 0, components=0))
GET http://localhost:9000/views/campaign.html HTTP/1.1
Host: localhost:9000
Proxy-Connection: keep-alive
Accept: application/json, text/plain, */*
X-Forwarded-Proto: https
User-Agent: Mozilla/5.0 (X11; Linux x86_64) AppleWebKit/537.36 (KHTML, like Gecko) Chrome/44.0.2403.130 Safari/537.36
Referer: http://localhost:9000/
Accept-Encoding: gzip, deflate, sdch
Accept-Language: en-GB,en-US;q=0.8,en;q=0.6
Content-Length: 0
11:39:56.555 [LittleProxy-ClientToProxyWorker-3] DEBUG o.l.p.impl.ClientToProxyConnection - (AWAITING_INITIAL) [id: 0x4dc93f85, /127.0.0.1:54147 => /127.0.1.1:45224]: Got request: HttpObjectAggregator$AggregatedFullHttpRequest(decodeResult: success, version: HTTP/1.1, content: CompositeByteBuf(ridx: 0, widx: 0, cap: 0, components=0))
GET http://localhost:9000/views/campaign.html HTTP/1.1
Host: localhost:9000
Proxy-Connection: keep-alive
Accept: application/json, text/plain, */*
X-Forwarded-Proto: https
User-Agent: Mozilla/5.0 (X11; Linux x86_64) AppleWebKit/537.36 (KHTML, like Gecko) Chrome/44.0.2403.130 Safari/537.36
Referer: http://localhost:9000/
Accept-Encoding: gzip, deflate, sdch
Accept-Language: en-GB,en-US;q=0.8,en;q=0.6
Content-Length: 0
11:39:56.555 [LittleProxy-ClientToProxyWorker-3] DEBUG o.l.p.impl.ClientToProxyConnection - (AWAITING_INITIAL) [id: 0x4dc93f85, /127.0.0.1:54147 => /127.0.1.1:45224]: Ensuring that hostAndPort are available in http://localhost:9000/views/campaign.html
11:39:56.555 [LittleProxy-ClientToProxyWorker-3] DEBUG o.l.p.impl.ClientToProxyConnection - (AWAITING_INITIAL) [id: 0x4dc93f85, /127.0.0.1:54147 => /127.0.1.1:45224]: Finding ProxyToServerConnection for: localhost:9000
11:39:56.555 [LittleProxy-ClientToProxyWorker-3] DEBUG o.l.p.impl.ClientToProxyConnection - (AWAITING_INITIAL) [id: 0x4dc93f85, /127.0.0.1:54147 => /127.0.1.1:45224]: Reusing existing server connection: org.littleshoot.proxy.impl.ProxyToServerConnection@2cc0768d
11:39:56.555 [LittleProxy-ClientToProxyWorker-3] DEBUG o.l.p.impl.ClientToProxyConnection - (AWAITING_INITIAL) [id: 0x4dc93f85, /127.0.0.1:54147 => /127.0.1.1:45224]: Modifying request headers for proxying
11:39:56.555 [LittleProxy-ClientToProxyWorker-3] DEBUG o.l.p.impl.ClientToProxyConnection - (AWAITING_INITIAL) [id: 0x4dc93f85, /127.0.0.1:54147 => /127.0.1.1:45224]: Modifying request for proxy chaining
11:39:56.555 [LittleProxy-ClientToProxyWorker-3] DEBUG o.l.p.impl.ClientToProxyConnection - (AWAITING_INITIAL) [id: 0x4dc93f85, /127.0.0.1:54147 => /127.0.1.1:45224]: Stripped host from uri: http://localhost:9000/views/campaign.html    yielding: /views/campaign.html
11:39:56.555 [LittleProxy-ClientToProxyWorker-3] DEBUG o.l.p.impl.ClientToProxyConnection - (AWAITING_INITIAL) [id: 0x4dc93f85, /127.0.0.1:54147 => /127.0.1.1:45224]: Removed sdch and inserted: gzip, deflate, 
11:39:56.555 [LittleProxy-ClientToProxyWorker-3] DEBUG o.l.p.impl.ClientToProxyConnection - (AWAITING_INITIAL) [id: 0x4dc93f85, /127.0.0.1:54147 => /127.0.1.1:45224]: Writing request to ProxyToServerConnection
11:39:56.555 [LittleProxy-ClientToProxyWorker-3] DEBUG o.l.p.impl.ProxyToServerConnection - (AWAITING_INITIAL) [id: 0x700df78a, /127.0.0.1:35283 => localhost/127.0.0.1:9000]: Requested write of HttpObjectAggregator$AggregatedFullHttpRequest(decodeResult: success, version: HTTP/1.1, content: CompositeByteBuf(ridx: 0, widx: 0, cap: 0, components=0))
GET /views/campaign.html HTTP/1.1
Host: localhost:9000
Accept: application/json, text/plain, */*
X-Forwarded-Proto: https
User-Agent: Mozilla/5.0 (X11; Linux x86_64) AppleWebKit/537.36 (KHTML, like Gecko) Chrome/44.0.2403.130 Safari/537.36
Referer: http://localhost:9000/
Accept-Language: en-GB,en-US;q=0.8,en;q=0.6
Content-Length: 0
Accept-Encoding: gzip, deflate, 
Via: 1.1 localhost.localdomain
11:39:56.555 [LittleProxy-ClientToProxyWorker-3] DEBUG o.l.p.impl.ProxyToServerConnection - (AWAITING_INITIAL) [id: 0x700df78a, /127.0.0.1:35283 => localhost/127.0.0.1:9000]: Retaining reference counted message
11:39:56.555 [LittleProxy-ClientToProxyWorker-3] DEBUG o.l.p.impl.ProxyToServerConnection - (AWAITING_INITIAL) [id: 0x700df78a, /127.0.0.1:35283 => localhost/127.0.0.1:9000]: Using existing connection to: localhost/127.0.0.1:9000
11:39:56.555 [LittleProxy-ClientToProxyWorker-3] DEBUG o.l.p.impl.ProxyToServerConnection - (AWAITING_INITIAL) [id: 0x700df78a, /127.0.0.1:35283 => localhost/127.0.0.1:9000]: Writing: HttpObjectAggregator$AggregatedFullHttpRequest(decodeResult: success, version: HTTP/1.1, content: CompositeByteBuf(ridx: 0, widx: 0, cap: 0, components=0))
GET /views/campaign.html HTTP/1.1
Host: localhost:9000
Accept: application/json, text/plain, */*
X-Forwarded-Proto: https
User-Agent: Mozilla/5.0 (X11; Linux x86_64) AppleWebKit/537.36 (KHTML, like Gecko) Chrome/44.0.2403.130 Safari/537.36
Referer: http://localhost:9000/
Accept-Language: en-GB,en-US;q=0.8,en;q=0.6
Content-Length: 0
Accept-Encoding: gzip, deflate, 
Via: 1.1 localhost.localdomain
11:39:56.555 [LittleProxy-ClientToProxyWorker-3] DEBUG o.l.p.impl.ProxyToServerConnection - (AWAITING_INITIAL) [id: 0x700df78a, /127.0.0.1:35283 => localhost/127.0.0.1:9000]: Writing an empty buffer to signal the end of our chunked transfer
11:39:56.555 [LittleProxy-ClientToProxyWorker-3] DEBUG o.l.p.impl.ProxyToServerConnection - (AWAITING_INITIAL) [id: 0x700df78a, /127.0.0.1:35283 => localhost/127.0.0.1:9000]: Wrote: HttpObjectAggregator$AggregatedFullHttpRequest(decodeResult: success, version: HTTP/1.1, content: CompositeByteBuf(ridx: 0, widx: 0, cap: 0, components=0))
GET /views/campaign.html HTTP/1.1
Host: localhost:9000
Accept: application/json, text/plain, */*
X-Forwarded-Proto: https
User-Agent: Mozilla/5.0 (X11; Linux x86_64) AppleWebKit/537.36 (KHTML, like Gecko) Chrome/44.0.2403.130 Safari/537.36
Referer: http://localhost:9000/
Accept-Language: en-GB,en-US;q=0.8,en;q=0.6
Content-Length: 0
Accept-Encoding: gzip, deflate, 
Via: 1.1 localhost.localdomain
11:39:56.558 [Forwarding implicitlyWait on session d94198a6aa3008d5ffaf97f92db0cb0c to remote] DEBUG org.apache.http.wire - http-outgoing-80 << "HTTP/1.1 200 OK[\r][\n]"
11:39:56.558 [Forwarding implicitlyWait on session d94198a6aa3008d5ffaf97f92db0cb0c to remote] DEBUG org.apache.http.wire - http-outgoing-80 << "Content-Length:72[\r][\n]"
11:39:56.558 [Forwarding implicitlyWait on session d94198a6aa3008d5ffaf97f92db0cb0c to remote] DEBUG org.apache.http.wire - http-outgoing-80 << "Content-Type:application/json; charset=utf-8[\r][\n]"
11:39:56.558 [Forwarding implicitlyWait on session d94198a6aa3008d5ffaf97f92db0cb0c to remote] DEBUG org.apache.http.wire - http-outgoing-80 << "Connection:close[\r][\n]"
11:39:56.558 [Forwarding implicitlyWait on session d94198a6aa3008d5ffaf97f92db0cb0c to remote] DEBUG org.apache.http.wire - http-outgoing-80 << "[\r][\n]"
11:39:56.558 [Forwarding implicitlyWait on session d94198a6aa3008d5ffaf97f92db0cb0c to remote] DEBUG org.apache.http.wire - http-outgoing-80 << "{"sessionId":"d94198a6aa3008d5ffaf97f92db0cb0c","status":0,"value":null}"
11:39:56.558 [Forwarding implicitlyWait on session d94198a6aa3008d5ffaf97f92db0cb0c to remote] DEBUG org.apache.http.headers - http-outgoing-80 << HTTP/1.1 200 OK
11:39:56.558 [Forwarding implicitlyWait on session d94198a6aa3008d5ffaf97f92db0cb0c to remote] DEBUG org.apache.http.headers - http-outgoing-80 << Content-Length:72
11:39:56.558 [Forwarding implicitlyWait on session d94198a6aa3008d5ffaf97f92db0cb0c to remote] DEBUG org.apache.http.headers - http-outgoing-80 << Content-Type:application/json; charset=utf-8
11:39:56.558 [Forwarding implicitlyWait on session d94198a6aa3008d5ffaf97f92db0cb0c to remote] DEBUG org.apache.http.headers - http-outgoing-80 << Connection:close
11:39:56.558 [Forwarding implicitlyWait on session d94198a6aa3008d5ffaf97f92db0cb0c to remote] DEBUG o.a.h.i.c.DefaultManagedHttpClientConnection - http-outgoing-80: Shutdown connection
11:39:56.558 [Forwarding implicitlyWait on session d94198a6aa3008d5ffaf97f92db0cb0c to remote] DEBUG o.a.h.impl.execchain.MainClientExec - Connection discarded
11:39:56.558 [Forwarding implicitlyWait on session d94198a6aa3008d5ffaf97f92db0cb0c to remote] DEBUG o.a.h.i.c.DefaultManagedHttpClientConnection - http-outgoing-80: Close connection
11:39:56.558 [Forwarding implicitlyWait on session d94198a6aa3008d5ffaf97f92db0cb0c to remote] DEBUG o.a.h.i.c.PoolingHttpClientConnectionManager - Connection released: [id: 80][route: {}->http://localhost:26477][total kept alive: 0; route allocated: 0 of 2000; total allocated: 0 of 2000]
11:39:56.560 [Forwarding getPageSource on session d94198a6aa3008d5ffaf97f92db0cb0c to remote] DEBUG o.a.h.c.protocol.RequestAddCookies - CookieSpec selected: best-match
11:39:56.560 [Forwarding getPageSource on session d94198a6aa3008d5ffaf97f92db0cb0c to remote] DEBUG o.a.h.c.protocol.RequestAuthCache - Auth cache not set in the context
11:39:56.560 [Forwarding getPageSource on session d94198a6aa3008d5ffaf97f92db0cb0c to remote] DEBUG o.a.h.i.c.PoolingHttpClientConnectionManager - Connection request: [route: {}->http://localhost:26477][total kept alive: 0; route allocated: 0 of 2000; total allocated: 0 of 2000]
11:39:56.560 [Forwarding getPageSource on session d94198a6aa3008d5ffaf97f92db0cb0c to remote] DEBUG o.a.h.i.c.PoolingHttpClientConnectionManager - Connection leased: [id: 81][route: {}->http://localhost:26477][total kept alive: 0; route allocated: 1 of 2000; total allocated: 1 of 2000]
11:39:56.560 [Forwarding getPageSource on session d94198a6aa3008d5ffaf97f92db0cb0c to remote] DEBUG o.a.h.impl.execchain.MainClientExec - Opening connection {}->http://localhost:26477
11:39:56.560 [Forwarding getPageSource on session d94198a6aa3008d5ffaf97f92db0cb0c to remote] DEBUG o.a.h.i.c.HttpClientConnectionOperator - Connecting to localhost/127.0.0.1:26477
11:39:56.560 [Forwarding getPageSource on session d94198a6aa3008d5ffaf97f92db0cb0c to remote] DEBUG o.a.h.i.c.HttpClientConnectionOperator - Connection established 127.0.0.1:57357<->127.0.0.1:26477
11:39:56.560 [Forwarding getPageSource on session d94198a6aa3008d5ffaf97f92db0cb0c to remote] DEBUG o.a.h.impl.execchain.MainClientExec - Executing request GET /session/d94198a6aa3008d5ffaf97f92db0cb0c/source HTTP/1.1
11:39:56.560 [Forwarding getPageSource on session d94198a6aa3008d5ffaf97f92db0cb0c to remote] DEBUG o.a.h.impl.execchain.MainClientExec - Target auth state: UNCHALLENGED
11:39:56.560 [Forwarding getPageSource on session d94198a6aa3008d5ffaf97f92db0cb0c to remote] DEBUG o.a.h.impl.execchain.MainClientExec - Proxy auth state: UNCHALLENGED
11:39:56.560 [Forwarding getPageSource on session d94198a6aa3008d5ffaf97f92db0cb0c to remote] DEBUG org.apache.http.headers - http-outgoing-81 >> GET /session/d94198a6aa3008d5ffaf97f92db0cb0c/source HTTP/1.1
11:39:56.560 [Forwarding getPageSource on session d94198a6aa3008d5ffaf97f92db0cb0c to remote] DEBUG org.apache.http.headers - http-outgoing-81 >> Cache-Control: no-cache
11:39:56.560 [Forwarding getPageSource on session d94198a6aa3008d5ffaf97f92db0cb0c to remote] DEBUG org.apache.http.headers - http-outgoing-81 >> Host: localhost:26477
11:39:56.560 [Forwarding getPageSource on session d94198a6aa3008d5ffaf97f92db0cb0c to remote] DEBUG org.apache.http.headers - http-outgoing-81 >> Connection: Keep-Alive
11:39:56.560 [Forwarding getPageSource on session d94198a6aa3008d5ffaf97f92db0cb0c to remote] DEBUG org.apache.http.headers - http-outgoing-81 >> User-Agent: Apache-HttpClient/4.3.4 (java 1.5)
11:39:56.560 [Forwarding getPageSource on session d94198a6aa3008d5ffaf97f92db0cb0c to remote] DEBUG org.apache.http.headers - http-outgoing-81 >> Accept-Encoding: gzip,deflate
11:39:56.560 [Forwarding getPageSource on session d94198a6aa3008d5ffaf97f92db0cb0c to remote] DEBUG org.apache.http.wire - http-outgoing-81 >> "GET /session/d94198a6aa3008d5ffaf97f92db0cb0c/source HTTP/1.1[\r][\n]"
11:39:56.561 [Forwarding getPageSource on session d94198a6aa3008d5ffaf97f92db0cb0c to remote] DEBUG org.apache.http.wire - http-outgoing-81 >> "Cache-Control: no-cache[\r][\n]"
11:39:56.561 [Forwarding getPageSource on session d94198a6aa3008d5ffaf97f92db0cb0c to remote] DEBUG org.apache.http.wire - http-outgoing-81 >> "Host: localhost:26477[\r][\n]"
11:39:56.561 [Forwarding getPageSource on session d94198a6aa3008d5ffaf97f92db0cb0c to remote] DEBUG org.apache.http.wire - http-outgoing-81 >> "Connection: Keep-Alive[\r][\n]"
11:39:56.561 [Forwarding getPageSource on session d94198a6aa3008d5ffaf97f92db0cb0c to remote] DEBUG org.apache.http.wire - http-outgoing-81 >> "User-Agent: Apache-HttpClient/4.3.4 (java 1.5)[\r][\n]"
11:39:56.561 [Forwarding getPageSource on session d94198a6aa3008d5ffaf97f92db0cb0c to remote] DEBUG org.apache.http.wire - http-outgoing-81 >> "Accept-Encoding: gzip,deflate[\r][\n]"
11:39:56.561 [Forwarding getPageSource on session d94198a6aa3008d5ffaf97f92db0cb0c to remote] DEBUG org.apache.http.wire - http-outgoing-81 >> "[\r][\n]"
11:39:56.573 [LittleProxy-ProxyToServerWorker-7] DEBUG o.l.p.impl.ProxyToServerConnection - (AWAITING_INITIAL) [id: 0x700df78a, /127.0.0.1:35283 => localhost/127.0.0.1:9000]: Remembering the current request.
11:39:56.573 [LittleProxy-ProxyToServerWorker-7] DEBUG o.l.p.impl.ProxyToServerConnection - (AWAITING_INITIAL) [id: 0x700df78a, /127.0.0.1:35283 => localhost/127.0.0.1:9000]: Reading: DefaultHttpResponse(decodeResult: success, version: HTTP/1.1)
HTTP/1.1 200 OK
Accept-Ranges: bytes
Date: Tue, 08 Sep 2015 10:39:56 GMT
Cache-Control: public, max-age=0
Last-Modified: Mon, 17 Aug 2015 12:36:33 GMT
ETag: W/"CR03CggCCoVRKJS+DKva4w=="
Content-Type: text/html; charset=UTF-8
Content-Length: 7578
Connection: keep-alive
11:39:56.573 [LittleProxy-ProxyToServerWorker-7] DEBUG o.l.p.impl.ProxyToServerConnection - (AWAITING_INITIAL) [id: 0x700df78a, /127.0.0.1:35283 => localhost/127.0.0.1:9000]: Received raw response: DefaultHttpResponse(decodeResult: success, version: HTTP/1.1)
HTTP/1.1 200 OK
Accept-Ranges: bytes
Date: Tue, 08 Sep 2015 10:39:56 GMT
Cache-Control: public, max-age=0
Last-Modified: Mon, 17 Aug 2015 12:36:33 GMT
ETag: W/"CR03CggCCoVRKJS+DKva4w=="
Content-Type: text/html; charset=UTF-8
Content-Length: 7578
Connection: keep-alive
11:39:56.573 [LittleProxy-ProxyToServerWorker-7] DEBUG o.l.p.impl.ProxyToServerConnection - (AWAITING_INITIAL) [id: 0x700df78a, /127.0.0.1:35283 => localhost/127.0.0.1:9000]: Remembering the current response.
11:39:56.573 [LittleProxy-ProxyToServerWorker-7] DEBUG o.l.p.impl.ClientToProxyConnection - (AWAITING_INITIAL) [id: 0x4dc93f85, /127.0.0.1:54147 => /127.0.1.1:45224]: Writing: DefaultHttpResponse(decodeResult: success, version: HTTP/1.1)
HTTP/1.1 200 OK
Accept-Ranges: bytes
Date: Tue, 08 Sep 2015 10:39:56 GMT
Cache-Control: public, max-age=0
Last-Modified: Mon, 17 Aug 2015 12:36:33 GMT
ETag: W/"CR03CggCCoVRKJS+DKva4w=="
Content-Type: text/html; charset=UTF-8
Content-Length: 7578
Via: 1.1 localhost.localdomain
11:39:56.573 [LittleProxy-ProxyToServerWorker-7] DEBUG o.l.p.impl.ClientToProxyConnection - (AWAITING_INITIAL) [id: 0x4dc93f85, /127.0.0.1:54147 => /127.0.1.1:45224]: Wrote: DefaultHttpResponse(decodeResult: success, version: HTTP/1.1)
HTTP/1.1 200 OK
Accept-Ranges: bytes
Date: Tue, 08 Sep 2015 10:39:56 GMT
Cache-Control: public, max-age=0
Last-Modified: Mon, 17 Aug 2015 12:36:33 GMT
ETag: W/"CR03CggCCoVRKJS+DKva4w=="
Content-Type: text/html; charset=UTF-8
Content-Length: 7578
Via: 1.1 localhost.localdomain
11:39:56.573 [LittleProxy-ProxyToServerWorker-7] DEBUG o.l.p.impl.ClientToProxyConnection - (AWAITING_INITIAL) [id: 0x4dc93f85, /127.0.0.1:54147 => /127.0.1.1:45224]: Not closing server connection on middle chunk for /views/campaign.html
11:39:56.573 [LittleProxy-ProxyToServerWorker-7] DEBUG o.l.p.impl.ClientToProxyConnection - (AWAITING_INITIAL) [id: 0x4dc93f85, /127.0.0.1:54147 => /127.0.1.1:45224]: Not closing client connection on middle chunk for /views/campaign.html
11:39:56.573 [LittleProxy-ProxyToServerWorker-7] DEBUG o.l.p.impl.ProxyToServerConnection - (AWAITING_CHUNK) [id: 0x700df78a, /127.0.0.1:35283 => localhost/127.0.0.1:9000]: Reading: DefaultLastHttpContent(data: SlicedByteBuf(ridx: 0, widx: 7578, cap: 7578/7578, unwrapped: UnpooledUnsafeDirectByteBuf(ridx: 7858, widx: 7858, cap: 8192)), decoderResult: success)
11:39:56.573 [LittleProxy-ProxyToServerWorker-7] DEBUG o.l.p.impl.ClientToProxyConnection - (AWAITING_INITIAL) [id: 0x4dc93f85, /127.0.0.1:54147 => /127.0.1.1:45224]: Retaining reference counted message
11:39:56.573 [LittleProxy-ProxyToServerWorker-7] DEBUG o.l.p.impl.ClientToProxyConnection - (AWAITING_INITIAL) [id: 0x4dc93f85, /127.0.0.1:54147 => /127.0.1.1:45224]: Writing: DefaultLastHttpContent(data: SlicedByteBuf(ridx: 0, widx: 7578, cap: 7578/7578, unwrapped: UnpooledUnsafeDirectByteBuf(ridx: 7858, widx: 7858, cap: 8192)), decoderResult: success)
11:39:56.573 [LittleProxy-ProxyToServerWorker-7] DEBUG o.l.p.impl.ClientToProxyConnection - (AWAITING_INITIAL) [id: 0x4dc93f85, /127.0.0.1:54147 => /127.0.1.1:45224]: Writing an empty buffer to signal the end of our chunked transfer
11:39:56.573 [LittleProxy-ProxyToServerWorker-7] DEBUG o.l.p.impl.ClientToProxyConnection - (AWAITING_INITIAL) [id: 0x4dc93f85, /127.0.0.1:54147 => /127.0.1.1:45224]: Wrote: DefaultLastHttpContent(data: SlicedByteBuf(ridx: 0, widx: 7578, cap: 7578/7578, unwrapped: UnpooledUnsafeDirectByteBuf(ridx: 7858, widx: 7858, cap: 8192)), decoderResult: success)
11:39:56.573 [LittleProxy-ProxyToServerWorker-7] DEBUG o.l.p.impl.ClientToProxyConnection - (AWAITING_INITIAL) [id: 0x4dc93f85, /127.0.0.1:54147 => /127.0.1.1:45224]: Retaining reference counted message
11:39:56.573 [LittleProxy-ProxyToServerWorker-7] DEBUG o.l.p.impl.ClientToProxyConnection - (AWAITING_INITIAL) [id: 0x4dc93f85, /127.0.0.1:54147 => /127.0.1.1:45224]: Writing: EmptyByteBufBE
11:39:56.573 [LittleProxy-ProxyToServerWorker-7] DEBUG o.l.p.impl.ClientToProxyConnection - (AWAITING_INITIAL) [id: 0x4dc93f85, /127.0.0.1:54147 => /127.0.1.1:45224]: Wrote: EmptyByteBufBE
11:39:56.573 [LittleProxy-ProxyToServerWorker-7] DEBUG o.l.p.impl.ClientToProxyConnection - (AWAITING_INITIAL) [id: 0x4dc93f85, /127.0.0.1:54147 => /127.0.1.1:45224]: Handling last chunk. Using normal server connection closing rules.
11:39:56.573 [LittleProxy-ProxyToServerWorker-7] DEBUG o.l.p.impl.ClientToProxyConnection - (AWAITING_INITIAL) [id: 0x4dc93f85, /127.0.0.1:54147 => /127.0.1.1:45224]: Not closing server connection for response: DefaultHttpResponse(decodeResult: success, version: HTTP/1.1)
HTTP/1.1 200 OK
Accept-Ranges: bytes
Date: Tue, 08 Sep 2015 10:39:56 GMT
Cache-Control: public, max-age=0
Last-Modified: Mon, 17 Aug 2015 12:36:33 GMT
ETag: W/"CR03CggCCoVRKJS+DKva4w=="
Content-Type: text/html; charset=UTF-8
Content-Length: 7578
Connection: keep-alive
11:39:56.573 [LittleProxy-ProxyToServerWorker-7] DEBUG o.l.p.impl.ClientToProxyConnection - (AWAITING_INITIAL) [id: 0x4dc93f85, /127.0.0.1:54147 => /127.0.1.1:45224]: Handling last chunk. Using normal client connection closing rules.
11:39:56.573 [LittleProxy-ProxyToServerWorker-7] DEBUG o.l.p.impl.ClientToProxyConnection - (AWAITING_INITIAL) [id: 0x4dc93f85, /127.0.0.1:54147 => /127.0.1.1:45224]: Not closing client connection for request: [FAILED toString()]
11:39:56.576 [Forwarding getPageSource on session d94198a6aa3008d5ffaf97f92db0cb0c to remote] DEBUG org.apache.http.wire - http-outgoing-81 << "HTTP/1.1 200 OK[\r][\n]"
11:39:56.576 [Forwarding getPageSource on session d94198a6aa3008d5ffaf97f92db0cb0c to remote] DEBUG org.apache.http.wire - http-outgoing-81 << "Content-Length:52692[\r][\n]"
11:39:56.576 [Forwarding getPageSource on session d94198a6aa3008d5ffaf97f92db0cb0c to remote] DEBUG org.apache.http.wire - http-outgoing-81 << "Content-Type:application/json; charset=utf-8[\r][\n]"
11:39:56.576 [Forwarding getPageSource on session d94198a6aa3008d5ffaf97f92db0cb0c to remote] DEBUG org.apache.http.wire - http-outgoing-81 << "Connection:close[\r][\n]"
11:39:56.576 [Forwarding getPageSource on session d94198a6aa3008d5ffaf97f92db0cb0c to remote] DEBUG org.apache.http.wire - http-outgoing-81 << "[\r][\n]"
11:39:56.576 [Forwarding getPageSource on session d94198a6aa3008d5ffaf97f92db0cb0c to remote] DEBUG org.apache.http.wire - http-outgoing-81 << "{"sessionId":"d94198a6aa3008d5ffaf97f92db0cb0c","status":0,"value":"\u003C!DOCTYPE html>\u003Chtml xmlns=\"http://www.w3.org/1999/xhtml\" class=\"no-js\">\u003Chead>\u003Cstyle type=\"text/css\">@charset \"UTF-8\";[ng\\:cloak],[ng-cloak],[data-ng-cloak],[x-ng-cloak],.ng-cloak,.x-ng-cloak,.ng-hide:not(.ng-hide-animate){display:none !important;}ng\\:form{display:block;}.ng-animate-shim{visibility:hidden;}.ng-anchor{position:absolute;}\u003C/style>\n    \u003Cmeta charset=\"utf-8\" />\n    \u003Ctitle>\u003C/title>\n    \u003Cmeta name=\"description\" content=\"\" />\n    \u003Cmeta name=\"viewport\" content=\"width=device-width\" />\n    \u003C!-- build:css(.) styles/vendor.css -->\n    \u003C!-- bower:css -->\n    \u003Clink rel=\"stylesheet\" href=\"bower_components/bootstrap/dist/css/bootstrap.css\" />\n    \u003Clink rel=\"stylesheet\" href=\"bower_components/angular-bootstrap-datetimepicker/src/css/datetimepicker.css\" />\n    \u003Clink rel=\"stylesheet\" href=\"bower_components/angular-dialog-service/dist/dialogs.min.css\" />\n    \u003C!-- endbower -->\n    \u003Clink rel=\"stylesheet\" href=\"bower_components/jquery-ui/themes/base/all.css\" />\n    \u003C!-- endbuild -->\n    \u003C!-- build:css(.tmp) styles/main.css -->\n    \u003Clink rel=\"stylesheet\" href=\"styles/main.css\" />\n    \u003C!-- endbuild -->\n  \u003C/head>\n  \u003Cbody ng-app=\"vouchersUiApp\" class=\"ng-scope\">\n    \u003C!--[if lt IE 7]>\n      \u003Cp class=\"browsehappy\">You are using an \u003Cstrong>outdated\u003C/strong> browser. Please \u003Ca href=\"http://browsehappy.com/\">upgrade your browser\u003C/a> to improve your experience.\u003C/p>\n    \u003C![endif]-->\n    \u003Cserver-connection>\u003Cdiv class=\"col-md-12 alert-message\">\n\u003C!-- ngRepeat: alert in alerts -->\n\u003C/div>\n\u003C/server-connection>\n    \u003C!-- Add your site or application content here -->\n    \u003Cdiv class=\"container\">\n\n        \u003C!-- ngView:  -->\u003Cdiv ng-view=\"\" class=\"body ng-scope\">\u003C!-- ngInclude: undefined -->\u003Cng-include src=\"'/views/header.html'\" class=\"ng-scope\">\u003Cdiv class=\"header ng-scope\">\n    \u003Cul class=\"nav nav-pills pull-right\">\n        \u003Cli>\u003Ca id=\"campaigns-header\" ng-href=\"#/\" class=\"campaigns\" href=\"#/\">Campaigns\u003C/a>\u003C/li>\n        \u003Cli>\u003Ca id=\"create-campaign-header\" ng-href=\"#/campaign\" class=\"campaign\" data-ng-show=\"showCreateCampaign()\" href=\"#/campaign\" style=\"\">Create Campaign\u003C/a>\u003C/li>\n        \u003Cli>\u003Ca id=\"search-vouchers-header\" ng-href=\"#/voucher\" class=\"campaign\" href=\"#/voucher\">Search Vouchers\u003C/a>\u003C/li>\n        \u003Cli>\u003Ca id=\"search-account-header\" ng-href=\"#/account\" class=\"campaign\" href=\"#/account\">Search Account\u003C/a>\u003C/li>\n    \u003C/ul>\n    \u003Ch3>\u003Ca ng-href=\"#/\" href=\"#/\">Voucher Manager\u003C/a>\u003C/h3>\n\u003C/div>\n\u003C/ng-include>\n\u003Cdiv class=\"row name-group ng-scope\">\n  \u003Cdiv class=\"col-md-12\">\n    \u003Ch4>Campaign List\u003C/h4>\n\n    \u003Cform class=\"form-inline search-form ng-pristine ng-valid ng-valid-minlength ng-valid-maxlength\" name=\"nameForm\">\n      \u003Cdiv class=\"form-group col-md-5 \">\n        \u003Clabel for=\"search-name\">Find\u003C/label>\n        \u003Cinput type=\"text\" ng-model=\"searchName\" delayed-model=\"searchName\" name=\"name\" class=\"form-control ng-pristine ng-untouched ng-valid ng-valid-minlength ng-valid-maxlength\" id=\"search-name\" ng-minlength=\"3\" maxlength=\"50\" placeholder=\"Campaign Name (Minimum 3 characters)\" />\n        \u003Cspan id=\"searchclear\" class=\"glyphicon glyphicon-remove-circle\" ng-click=\"clearSearchName()\">\u003C/span>\n      \u003C/div>\n    \u003C/form>\n    \u003Cdiv class=\"btn-group pull-right\">\n      \u003Cbutton type=\"submit\" class=\"btn btn-success\" ng-click=\"exportFilteredList()\">Export Campaign List\u003C/button>\n    \u003C/div>\n  \u003C/div>\n\u003C/div>\n\u003Cdiv class=\"row ng-scope\">\n  \u003Cform class=\"form-inline search-form filter-campaigns ng-pristine ng-valid ng-valid-date\" name=\"searchForm\">\n    \u003Cdiv class=\"col-md-12 ng-hide\" ng-hide=\"!showFilters\">\n      \u003Chr />\n      \u003Cdiv class=\"form-group date-group\">\n        \u003Clabel for=\"start\">Start Date\u003C/label>\n\n        \u003Cdiv class=\"dropdown\">\n          \u003Ca class=\"dropdown-toggle\" id=\"start-dropdown\" role=\"button\" data-toggle=\"dropdown\" data-target=\"#\" href=\"#\" aria-haspopup=\"true\" aria-expanded=\"false\">\n            \u003Cdiv class=\"input-group\">\u003Cinput type=\"text\" size=\"20\" class=\"form-control ng-pristine ng-untouched ng-valid ng-valid-date\" name=\"start\" id=\"start\" data-ng-model=\"search.start\" ng-change=\"checkFilterDateValidity()\" />\u003Cspan class=\"input-group-addon\">\u003Ci class=\"glyphicon glyphicon-calendar\">\u003C/i>\u003C/span>\u003C/div>\n          \u003C/a>\n          \u003Cul class=\"dropdown-menu\" role=\"menu\" aria-labelledby=\"dLabel\">\n            \u003Cdiv class=\"datetimepicker table-responsive ng-isolate-scope ng-valid\" data-ng-model=\"search.start\" data-datetimepicker-config=\"{ dropdownSelector: '#start-dropdown', startView:'day', minView:'day' }\" data-on-set-time=\"setStartDate(newDate, oldDate)\">\u003Ctable class=\"table table-striped  day-view\">   \u003Cthead>       \u003Ctr>           \u003Cth class=\"left\" data-ng-click=\"changeView(data.currentView, data.leftDate, $event)\" data-ng-show=\"data.leftDate.selectable\">\u003Ci class=\"glyphicon glyphicon-arrow-left\">\u003C/i>\u003C/th>           \u003Cth class=\"switch ng-binding\" colspan=\"5\" data-ng-show=\"data.previousViewDate.selectable\" data-ng-click=\"changeView(data.previousView, data.previousViewDate, $event)\">2015-Sep\u003C/th>           \u003Cth class=\"right\" data-ng-click=\"changeView(data.currentView, data.rightDate, $event)\" data-ng-show=\"data.rightDate.selectable\">\u003Ci class=\"glyphicon glyphicon-arrow-right\">\u003C/i>\u003C/th>       \u003C/tr>       \u003Ctr>           \u003C!-- ngRepeat: day in data.dayNames -->\u003Cth class=\"dow ng-binding ng-scope\" data-ng-repeat=\"day in data.dayNames\">Su\u003C/th>\u003C!-- end ngRepeat: day in data.dayNames -->\u003Cth class=\"dow ng-binding ng-scope\" data-ng-repeat=\"day in data.dayNames\">Mo\u003C/th>\u003C!-- end ngRepeat: day in data.dayNames -->\u003Cth class=\"dow ng-binding ng-scope\" data-ng-repeat=\"day in data.dayNames\">Tu\u003C/th>\u003C!-- end ngRepeat: day in data.dayNames -->\u003Cth class=\"dow ng-binding ng-scope\" data-ng-repeat=\"day in data.dayNames\">We\u003C/th>\u003C!-- end ngRepeat: day in data.dayNames -->\u003Cth class=\"dow ng-binding ng-scope\" data-ng-repeat=\"day in data.dayNames\">Th\u003C/th>\u003C!-- end ngRepeat: day in data.dayNames -->\u003Cth class=\"dow ng-binding ng-scope\" data-ng-repeat=\"day in data.dayNames\">Fr\u003C/th>\u003C!-- end ngRepeat: day in data.dayNames -->\u003Cth class=\"dow ng-binding ng-scope\" data-ng-repeat=\"day in data.dayNames\">Sa\u003C/th>\u003C!-- end ngRepeat: day in data.dayNames -->       \u003C/tr>   \u003C/thead>   \u003Ctbody>       \u003C!-- ngIf: data.currentView !== 'day' -->       \u003C!-- ngRepeat: week in data.weeks -->\u003C!-- ngIf: data.currentView === 'day' -->\u003Ctr data-ng-if=\"data.currentView === 'day'\" data-ng-repeat=\"week in data.weeks\" class=\"ng-scope\">           \u003C!-- ngRepeat: dateObject in week.dates -->\u003Ctd data-ng-repeat=\"dateObject in week.dates\" data-ng-click=\"changeView(data.nextView, dateObject, $event)\" class=\"day ng-binding ng-scope past\" data-ng-class=\"{active: dateObject.active, past: dateObject.past, future: dateObject.future, disabled: !dateObject.selectable}\">30\u003C/td>\u003C!-- end ngRepeat: dateObject in week.dates -->\u003Ctd data-ng-repeat=\"dateObject in week.dates\" data-ng-click=\"changeView(data.nextView, dateObject, $event)\" class=\"day ng-binding ng-scope past\" data-ng-class=\"{active: dateObject.active, past: dateObj"
11:39:56.576 [Forwarding getPageSource on session d94198a6aa3008d5ffaf97f92db0cb0c to remote] DEBUG org.apache.http.headers - http-outgoing-81 << HTTP/1.1 200 OK
11:39:56.576 [Forwarding getPageSource on session d94198a6aa3008d5ffaf97f92db0cb0c to remote] DEBUG org.apache.http.headers - http-outgoing-81 << Content-Length:52692
11:39:56.576 [Forwarding getPageSource on session d94198a6aa3008d5ffaf97f92db0cb0c to remote] DEBUG org.apache.http.headers - http-outgoing-81 << Content-Type:application/json; charset=utf-8
11:39:56.576 [Forwarding getPageSource on session d94198a6aa3008d5ffaf97f92db0cb0c to remote] DEBUG org.apache.http.headers - http-outgoing-81 << Connection:close
11:39:56.577 [Forwarding getPageSource on session d94198a6aa3008d5ffaf97f92db0cb0c to remote] DEBUG org.apache.http.wire - http-outgoing-81 << "ect.past, future: dateObject.future, disabled: !dateObject.selectable}\">31\u003C/td>\u003C!-- end ngRepeat: dateObject in week.dates -->\u003Ctd data-ng-repeat=\"dateObject in week.dates\" data-ng-click=\"changeView(data.nextView, dateObject, $event)\" class=\"day ng-binding ng-scope\" data-ng-class=\"{active: dateObject.active, past: dateObject.past, future: dateObject.future, disabled: !dateObject.selectable}\">1\u003C/td>\u003C!-- end ngRepeat: dateObject in week.dates -->\u003Ctd data-ng-repeat=\"dateObject in week.dates\" data-ng-click=\"changeView(data.nextView, dateObject, $event)\" class=\"day ng-binding ng-scope\" data-ng-class=\"{active: dateObject.active, past: dateObject.past, future: dateObject.future, disabled: !dateObject.selectable}\">2\u003C/td>\u003C!-- end ngRepeat: dateObject in week.dates -->\u003Ctd data-ng-repeat=\"dateObject in week.dates\" data-ng-click=\"changeView(data.nextView, dateObject, $event)\" class=\"day ng-binding ng-scope\" data-ng-class=\"{active: dateObject.active, past: dateObject.past, future: dateObject.future, disabled: !dateObject.selectable}\">3\u003C/td>\u003C!-- end ngRepeat: dateObject in week.dates -->\u003Ctd data-ng-repeat=\"dateObject in week.dates\" data-ng-click=\"changeView(data.nextView, dateObject, $event)\" class=\"day ng-binding ng-scope\" data-ng-class=\"{active: dateObject.active, past: dateObject.past, future: dateObject.future, disabled: !dateObject.selectable}\">4\u003C/td>\u003C!-- end ngRepeat: dateObject in week.dates -->\u003Ctd data-ng-repeat=\"dateObject in week.dates\" data-ng-click=\"changeView(data.nextView, dateObject, $event)\" class=\"day ng-binding ng-scope\" data-ng-class=\"{active: dateObject.active, past: dateObject.past, future: dateObject.future, disabled: !dateObject.selectable}\">5\u003C/td>\u003C!-- end ngRepeat: dateObject in week.dates -->       \u003C/tr>\u003C!-- end ngIf: data.currentView === 'day' -->\u003C!-- end ngRepeat: week in data.weeks -->\u003C!-- ngIf: data.currentView === 'day' -->\u003Ctr data-ng-if=\"data.currentView === 'day'\" data-ng-repeat=\"week in data.weeks\" class=\"ng-scope\">           \u003C!-- ngRepeat: dateObject in week.dates -->\u003Ctd data-ng-repeat=\"dateObject in week.dates\" data-ng-click=\"changeView(data.nextView, dateObject, $event)\" class=\"day ng-binding ng-scope\" data-ng-class=\"{active: dateObject.active, past: dateObject.past, future: dateObject.future, disabled: !dateObject.selectable}\">6\u003C/td>\u003C!-- end ngRepeat: dateObject in week.dates -->\u003Ctd data-ng-repeat=\"dateObject in week.dates\" data-ng-click=\"changeView(data.nextView, dateObject, $event)\" class=\"day ng-binding ng-scope\" data-ng-class=\"{active: dateObject.active, past: dateObject.past, future: dateObject.future, disabled: !dateObject.selectable}\">7\u003C/td>\u003C!-- end ngRepeat: dateObject in week.dates -->\u003Ctd data-ng-repeat=\"dateObject in week.dates\" data-ng-click=\"changeView(data.nextView, dateObject, $event)\" class=\"day ng-binding ng-scope\" data-ng-class=\"{active: dateObject.active, past: dateObject.past, future: dateObject.future, disabled: !dateObject.selectable}\">8\u003C/td>\u003C!-- end ngRepeat: dateObject in week.dates -->\u003Ctd data-ng-repeat=\"dateObject in week.dates\" data-ng-click=\"changeView(data.nextView, dateObject, $event)\" class=\"day ng-binding ng-scope\" data-ng-class=\"{active: dateObject.active, past: dateObject.past, future: dateObject.future, disabled: !dateObject.selectable}\">9\u003C/td>\u003C!-- end ngRepeat: dateObject in week.dates -->\u003Ctd data-ng-repeat=\"dateObject in week.dates\" data-ng-click=\"changeView(data.nextView, dateObject, $event)\" class=\"day ng-binding ng-scope\" data-ng-class=\"{active: dateObject.active, past: dateObject.past, future: dateObject.future, disabled: !dateObject.selectable}\">10\u003C/td>\u003C!-- end ngRepeat: dateObject in week.dates -->\u003Ctd data-ng-repeat=\"dateObject in week.dates\" data-ng-click=\"changeView(data.nextView, dateObject, $event)\" class=\"day ng-binding ng-scope\" data-ng-class=\"{active: dateObject.activ"
11:39:56.577 [Forwarding getPageSource on session d94198a6aa3008d5ffaf97f92db0cb0c to remote] DEBUG org.apache.http.wire - http-outgoing-81 << "e, past: dateObject.past, future: dateObject.future, disabled: !dateObject.selectable}\">11\u003C/td>\u003C!-- end ngRepeat: dateObject in week.dates -->\u003Ctd data-ng-repeat=\"dateObject in week.dates\" data-ng-click=\"changeView(data.nextView, dateObject, $event)\" class=\"day ng-binding ng-scope\" data-ng-class=\"{active: dateObject.active, past: dateObject.past, future: dateObject.future, disabled: !dateObject.selectable}\">12\u003C/td>\u003C!-- end ngRepeat: dateObject in week.dates -->       \u003C/tr>\u003C!-- end ngIf: data.currentView === 'day' -->\u003C!-- end ngRepeat: week in data.weeks -->\u003C!-- ngIf: data.currentView === 'day' -->\u003Ctr data-ng-if=\"data.currentView === 'day'\" data-ng-repeat=\"week in data.weeks\" class=\"ng-scope\">           \u003C!-- ngRepeat: dateObject in week.dates -->\u003Ctd data-ng-repeat=\"dateObject in week.dates\" data-ng-click=\"changeView(data.nextView, dateObject, $event)\" class=\"day ng-binding ng-scope\" data-ng-class=\"{active: dateObject.active, past: dateObject.past, future: dateObject.future, disabled: !dateObject.selectable}\">13\u003C/td>\u003C!-- end ngRepeat: dateObject in week.dates -->\u003Ctd data-ng-repeat=\"dateObject in week.dates\" data-ng-click=\"changeView(data.nextView, dateObject, $event)\" class=\"day ng-binding ng-scope\" data-ng-class=\"{active: dateObject.active, past: dateObject.past, future: dateObject.future, disabled: !dateObject.selectable}\">14\u003C/td>\u003C!-- end ngRepeat: dateObject in week.dates -->\u003Ctd data-ng-repeat=\"dateObject in week.dates\" data-ng-click=\"changeView(data.nextView, dateObject, $event)\" class=\"day ng-binding ng-scope\" data-ng-class=\"{active: dateObject.active, past: dateObject.past, future: dateObject.future, disabled: !dateObject.selectable}\">15\u003C/td>\u003C!-- end ngRepeat: dateObject in week.dates -->\u003Ctd data-ng-repeat=\"dateObject in week.dates\" data-ng-click=\"changeView(data.nextView, dateObject, $event)\" class=\"day ng-binding ng-scope\" data-ng-class=\"{active: dateObject.active, past: dateObject.past, future: dateObject.future, disabled: !dateObject.selectable}\">16\u003C/td>\u003C!-- end ngRepeat: dateObject in week.dates -->\u003Ctd data-ng-repeat=\"dateObject in week.dates\" data-ng-click=\"changeView(data.nextView, dateObject, $event)\" class=\"day ng-binding ng-scope\" data-ng-class=\"{active: dateObject.active, past: dateObject.past, future: dateObject.future, disabled: !dateObject.selectable}\">17\u003C/td>\u003C!-- end ngRepeat: dateObject in week.dates -->\u003Ctd data-ng-repeat=\"dateObject in week.dates\" data-ng-click=\"changeView(data.nextView, dateObject, $event)\" class=\"day ng-binding ng-scope\" data-ng-class=\"{active: dateObject.active, past: dateObject.past, future: dateObject.future, disabled: !dateObject.selectable}\">18\u003C/td>\u003C!-- end ngRepeat: dateObject in week.dates -->\u003Ctd data-ng-repeat=\"dateObject in week.dates\" data-ng-click=\"changeView(data.nextView, dateObject, $event)\" class=\"day ng-binding ng-scope\" data-ng-class=\"{active: dateObject.active, past: dateObject.past, future: dateObject.future, disabled: !dateObject.selectable}\">19\u003C/td>\u003C!-- end ngRepeat: dateObject in week.dates -->       \u003C/tr>\u003C!-- end ngIf: data.currentView === 'day' -->\u003C!-- end ngRepeat: week in data.weeks -->\u003C!-- ngIf: data.currentView === 'day' -->\u003Ctr data-ng-if=\"data.currentView === 'day'\" data-ng-repeat=\"week in data.weeks\" class=\"ng-scope\">           \u003C!-- ngRepeat: dateObject in week.dates -->\u003Ctd data-ng-repeat=\"dateObject in week.dates\" data-ng-click=\"changeView(data.nextView, dateObject, $event)\" class=\"day ng-binding ng-scope\" data-ng-class=\"{active: dateObject.active, past: dateObject.past, future: dateObject.future, disabled: !dateObject.selectable}\">20\u003C/td>\u003C!-- end ngRepeat: dateObject in week.dates -->\u003Ctd data-ng-repeat=\"dateObject in week.dates\" data-ng-click=\"changeView(data.nextView, dateObject, $event)\" class=\"day ng-binding ng-scope\" data-ng-class=\"{active: dateObject"
11:39:56.577 [Forwarding getPageSource on session d94198a6aa3008d5ffaf97f92db0cb0c to remote] DEBUG org.apache.http.wire - http-outgoing-81 << ".active, past: dateObject.past, future: dateObject.future, disabled: !dateObject.selectable}\">21\u003C/td>\u003C!-- end ngRepeat: dateObject in week.dates -->\u003Ctd data-ng-repeat=\"dateObject in week.dates\" data-ng-click=\"changeView(data.nextView, dateObject, $event)\" class=\"day ng-binding ng-scope\" data-ng-class=\"{active: dateObject.active, past: dateObject.past, future: dateObject.future, disabled: !dateObject.selectable}\">22\u003C/td>\u003C!-- end ngRepeat: dateObject in week.dates -->\u003Ctd data-ng-repeat=\"dateObject in week.dates\" data-ng-click=\"changeView(data.nextView, dateObject, $event)\" class=\"day ng-binding ng-scope\" data-ng-class=\"{active: dateObject.active, past: dateObject.past, future: dateObject.future, disabled: !dateObject.selectable}\">23\u003C/td>\u003C!-- end ngRepeat: dateObject in week.dates -->\u003Ctd data-ng-repeat=\"dateObject in week.dates\" data-ng-click=\"changeView(data.nextView, dateObject, $event)\" class=\"day ng-binding ng-scope\" data-ng-class=\"{active: dateObject.active, past: dateObject.past, future: dateObject.future, disabled: !dateObject.selectable}\">24\u003C/td>\u003C!-- end ngRepeat: dateObject in week.dates -->\u003Ctd data-ng-repeat=\"dateObject in week.dates\" data-ng-click=\"changeView(data.nextView, dateObject, $event)\" class=\"day ng-binding ng-scope\" data-ng-class=\"{active: dateObject.active, past: dateObject.past, future: dateObject.future, disabled: !dateObject.selectable}\">25\u003C/td>\u003C!-- end ngRepeat: dateObject in week.dates -->\u003Ctd data-ng-repeat=\"dateObject in week.dates\" data-ng-click=\"changeView(data.nextView, dateObject, $event)\" class=\"day ng-binding ng-scope\" data-ng-class=\"{active: dateObject.active, past: dateObject.past, future: dateObject.future, disabled: !dateObject.selectable}\">26\u003C/td>\u003C!-- end ngRepeat: dateObject in week.dates -->       \u003C/tr>\u003C!-- end ngIf: data.currentView === 'day' -->\u003C!-- end ngRepeat: week in data.weeks -->\u003C!-- ngIf: data.currentView === 'day' -->\u003Ctr data-ng-if=\"data.currentView === 'day'\" data-ng-repeat=\"week in data.weeks\" class=\"ng-scope\">           \u003C!-- ngRepeat: dateObject in week.dates -->\u003Ctd data-ng-repeat=\"dateObject in week.dates\" data-ng-click=\"changeView(data.nextView, dateObject, $event)\" class=\"day ng-binding ng-scope\" data-ng-class=\"{active: dateObject.active, past: dateObject.past, future: dateObject.future, disabled: !dateObject.selectable}\">27\u003C/td>\u003C!-- end ngRepeat: dateObject in week.dates -->\u003Ctd data-ng-repeat=\"dateObject in week.dates\" data-ng-click=\"changeView(data.nextView, dateObject, $event)\" class=\"day ng-binding ng-scope\" data-ng-class=\"{active: dateObject.active, past: dateObject.past, future: dateObject.future, disabled: !dateObject.selectable}\">28\u003C/td>\u003C!-- end ngRepeat: dateObject in week.dates -->\u003Ctd data-ng-repeat=\"dateObject in week.dates\" data-ng-click=\"changeView(data.nextView, dateObject, $event)\" class=\"day ng-binding ng-scope\" data-ng-class=\"{active: dateObject.active, past: dateObject.past, future: dateObject.future, disabled: !dateObject.selectable}\">29\u003C/td>\u003C!-- end ngRepeat: dateObject in week.dates -->\u003Ctd data-ng-repeat=\"dateObject in week.dates\" data-ng-click=\"changeView(data.nextView, dateObject, $event)\" class=\"day ng-binding ng-scope\" data-ng-class=\"{active: dateObject.active, past: dateObject.past, future: dateObject.future, disabled: !dateObject.selectable}\">30\u003C/td>\u003C!-- end ngRepeat: dateObject in week.dates -->\u003Ctd data-ng-repeat=\"dateObject in week.dates\" data-ng-click=\"changeView(data.nextView, dateObject, $event)\" class=\"day ng-binding ng-scope future\" data-ng-class=\"{active: dateObject.active, past: dateObject.past, future: dateObject.future, disabled: !dateObject.selectable}\">1\u003C/td>\u003C!-- end ngRepeat: dateObject in week.dates -->\u003Ctd data-ng-repeat=\"dateObject in week.dates\" data-ng-click=\"changeView(data.nextView, dateObject, $event)\" class=\"day ng-binding ng-scope future"
11:39:56.577 [Forwarding getPageSource on session d94198a6aa3008d5ffaf97f92db0cb0c to remote] DEBUG org.apache.http.wire - http-outgoing-81 << "\" data-ng-class=\"{active: dateObject.active, past: dateObject.past, future: dateObject.future, disabled: !dateObject.selectable}\">2\u003C/td>\u003C!-- end ngRepeat: dateObject in week.dates -->\u003Ctd data-ng-repeat=\"dateObject in week.dates\" data-ng-click=\"changeView(data.nextView, dateObject, $event)\" class=\"day ng-binding ng-scope future\" data-ng-class=\"{active: dateObject.active, past: dateObject.past, future: dateObject.future, disabled: !dateObject.selectable}\">3\u003C/td>\u003C!-- end ngRepeat: dateObject in week.dates -->       \u003C/tr>\u003C!-- end ngIf: data.currentView === 'day' -->\u003C!-- end ngRepeat: week in data.weeks -->\u003C!-- ngIf: data.currentView === 'day' -->\u003Ctr data-ng-if=\"data.currentView === 'day'\" data-ng-repeat=\"week in data.weeks\" class=\"ng-scope\">           \u003C!-- ngRepeat: dateObject in week.dates -->\u003Ctd data-ng-repeat=\"dateObject in week.dates\" data-ng-click=\"changeView(data.nextView, dateObject, $event)\" class=\"day ng-binding ng-scope future\" data-ng-class=\"{active: dateObject.active, past: dateObject.past, future: dateObject.future, disabled: !dateObject.selectable}\">4\u003C/td>\u003C!-- end ngRepeat: dateObject in week.dates -->\u003Ctd data-ng-repeat=\"dateObject in week.dates\" data-ng-click=\"changeView(data.nextView, dateObject, $event)\" class=\"day ng-binding ng-scope future\" data-ng-class=\"{active: dateObject.active, past: dateObject.past, future: dateObject.future, disabled: !dateObject.selectable}\">5\u003C/td>\u003C!-- end ngRepeat: dateObject in week.dates -->\u003Ctd data-ng-repeat=\"dateObject in week.dates\" data-ng-click=\"changeView(data.nextView, dateObject, $event)\" class=\"day ng-binding ng-scope future\" data-ng-class=\"{active: dateObject.active, past: dateObject.past, future: dateObject.future, disabled: !dateObject.selectable}\">6\u003C/td>\u003C!-- end ngRepeat: dateObject in week.dates -->\u003Ctd data-ng-repeat=\"dateObject in week.dates\" data-ng-click=\"changeView(data.nextView, dateObject, $event)\" class=\"day ng-binding ng-scope future\" data-ng-class=\"{active: dateObject.active, past: dateObject.past, future: dateObject.future, disabled: !dateObject.selectable}\">7\u003C/td>\u003C!-- end ngRepeat: dateObject in week.dates -->\u003Ctd data-ng-repeat=\"dateObject in week.dates\" data-ng-click=\"changeView(data.nextView, dateObject, $event)\" class=\"day ng-binding ng-scope future\" data-ng-class=\"{active: dateObject.active, past: dateObject.past, future: dateObject.future, disabled: !dateObject.selectable}\">8\u003C/td>\u003C!-- end ngRepeat: dateObject in week.dates -->\u003Ctd data-ng-repeat=\"dateObject in week.dates\" data-ng-click=\"changeView(data.nextView, dateObject, $event)\" class=\"day ng-binding ng-scope future\" data-ng-class=\"{active: dateObject.active, past: dateObject.past, future: dateObject.future, disabled: !dateObject.selectable}\">9\u003C/td>\u003C!-- end ngRepeat: dateObject in week.dates -->\u003Ctd data-ng-repeat=\"dateObject in week.dates\" data-ng-click=\"changeView(data.nextView, dateObject, $event)\" class=\"day ng-binding ng-scope future\" data-ng-class=\"{active: dateObject.active, past: dateObject.past, future: dateObject.future, disabled: !dateObject.selectable}\">10\u003C/td>\u003C!-- end ngRepeat: dateObject in week.dates -->       \u003C/tr>\u003C!-- end ngIf: data.currentView === 'day' -->\u003C!-- end ngRepeat: week in data.weeks -->   \u003C/tbody>\u003C/table>\u003C/div>\n          \u003C/ul>\n        \u003C/div>\n      \u003C/div>\n      \u003Cdiv class=\"form-group  date-group\">\n        \u003Clabel for=\"end\">End Date\u003C/label>\n        \u003Cdiv class=\"dropdown\">\n          \u003Ca class=\"dropdown-toggle\" id=\"end-dropdown\" role=\"button\" data-toggle=\"dropdown\" data-target=\"#\" href=\"#\" aria-haspopup=\"true\" aria-expanded=\"false\">\n            \u003Cdiv class=\"input-group\">\u003Cinput type=\"text\" size=\"20\" class=\"form-control ng-pristine ng-untouched ng-valid ng-valid-date\" name=\"end\" id=\"end\" data-ng-model=\"search.end\" ng-change=\"ch"
11:39:56.577 [Forwarding getPageSource on session d94198a6aa3008d5ffaf97f92db0cb0c to remote] DEBUG org.apache.http.wire - http-outgoing-81 << "eckFilterDateValidity()\" />\u003Cspan class=\"input-group-addon\">\u003Ci class=\"glyphicon glyphicon-calendar\">\u003C/i>\u003C/span>\u003C/div>\n          \u003C/a>\n          \u003Cul class=\"dropdown-menu\" role=\"menu\" aria-labelledby=\"dLabel\">\n            \u003Cdiv class=\"datetimepicker table-responsive ng-isolate-scope ng-valid\" data-ng-model=\"search.end\" data-datetimepicker-config=\"{ dropdownSelector: '#end-dropdown', startView:'day', minView:'day' }\" data-on-set-time=\"setEndDate(newDate, oldDate)\">\u003Ctable class=\"table table-striped  day-view\">   \u003Cthead>       \u003Ctr>           \u003Cth class=\"left\" data-ng-click=\"changeView(data.currentView, data.leftDate, $event)\" data-ng-show=\"data.leftDate.selectable\">\u003Ci class=\"glyphicon glyphicon-arrow-left\">\u003C/i>\u003C/th>           \u003Cth class=\"switch ng-binding\" colspan=\"5\" data-ng-show=\"data.previousViewDate.selectable\" data-ng-click=\"changeView(data.previousView, data.previousViewDate, $event)\">2015-Sep\u003C/th>           \u003Cth class=\"right\" data-ng-click=\"changeView(data.currentView, data.rightDate, $event)\" data-ng-show=\"data.rightDate.selectable\">\u003Ci class=\"glyphicon glyphicon-arrow-right\">\u003C/i>\u003C/th>       \u003C/tr>       \u003Ctr>           \u003C!-- ngRepeat: day in data.dayNames -->\u003Cth class=\"dow ng-binding ng-scope\" data-ng-repeat=\"day in data.dayNames\">Su\u003C/th>\u003C!-- end ngRepeat: day in data.dayNames -->\u003Cth class=\"dow ng-binding ng-scope\" data-ng-repeat=\"day in data.dayNames\">Mo\u003C/th>\u003C!-- end ngRepeat: day in data.dayNames -->\u003Cth class=\"dow ng-binding ng-scope\" data-ng-repeat=\"day in data.dayNames\">Tu\u003C/th>\u003C!-- end ngRepeat: day in data.dayNames -->\u003Cth class=\"dow ng-binding ng-scope\" data-ng-repeat=\"day in data.dayNames\">We\u003C/th>\u003C!-- end ngRepeat: day in data.dayNames -->\u003Cth class=\"dow ng-binding ng-scope\" data-ng-repeat=\"day in data.dayNames\">Th\u003C/th>\u003C!-- end ngRepeat: day in data.dayNames -->\u003Cth class=\"dow ng-binding ng-scope\" data-ng-repeat=\"day in data.dayNames\">Fr\u003C/th>\u003C!-- end ngRepeat: day in data.dayNames -->\u003Cth class=\"dow ng-binding ng-scope\" data-ng-repeat=\"day in data.dayNames\">Sa\u003C/th>\u003C!-- end ngRepeat: day in data.dayNames -->       \u003C/tr>   \u003C/thead>   \u003Ctbody>       \u003C!-- ngIf: data.currentView !== 'day' -->       \u003C!-- ngRepeat: week in data.weeks -->\u003C!-- ngIf: data.currentView === 'day' -->\u003Ctr data-ng-if=\"data.currentView === 'day'\" data-ng-repeat=\"week in data.weeks\" class=\"ng-scope\">           \u003C!-- ngRepeat: dateObject in week.dates -->\u003Ctd data-ng-repeat=\"dateObject in week.dates\" data-ng-click=\"changeView(data.nextView, dateObject, $event)\" class=\"day ng-binding ng-scope past\" data-ng-class=\"{active: dateObject.active, past: dateObject.past, future: dateObject.future, disabled: !dateObject.selectable}\">30\u003C/td>\u003C!-- end ngRepeat: dateObject in week.dates -->\u003Ctd data-ng-repeat=\"dateObject in week.dates\" data-ng-click=\"changeView(data.nextView, dateObject, $event)\" class=\"day ng-binding ng-scope past\" data-ng-class=\"{active: dateObject.active, past: dateObject.past, future: dateObject.future, disabled: !dateObject.selectable}\">31\u003C/td>\u003C!-- end ngRepeat: dateObject in week.dates -->\u003Ctd data-ng-repeat=\"dateObject in week.dates\" data-ng-click=\"changeView(data.nextView, dateObject, $event)\" class=\"day ng-binding ng-scope\" data-ng-class=\"{active: dateObject.active, past: dateObject.past, future: dateObject.future, disabled: !dateObject.selectable}\">1\u003C/td>\u003C!-- end ngRepeat: dateObject in week.dates -->\u003Ctd data-ng-repeat=\"dateObject in week.dates\" data-ng-click=\"changeView(data.nextView, dateObject, $event)\" class=\"day ng-binding ng-scope\" data-ng-class=\"{active: dateObject.active, past: dateObject.past, future: dateObject.future, disabled: !dateObject.selectable}\">2\u003C/td>\u003C!-- end ngRepeat: dateObject in week.dates -->\u003"
11:39:56.577 [Forwarding getPageSource on session d94198a6aa3008d5ffaf97f92db0cb0c to remote] DEBUG org.apache.http.wire - http-outgoing-81 << "Ctd data-ng-repeat=\"dateObject in week.dates\" data-ng-click=\"changeView(data.nextView, dateObject, $event)\" class=\"day ng-binding ng-scope\" data-ng-class=\"{active: dateObject.active, past: dateObject.past, future: dateObject.future, disabled: !dateObject.selectable}\">3\u003C/td>\u003C!-- end ngRepeat: dateObject in week.dates -->\u003Ctd data-ng-repeat=\"dateObject in week.dates\" data-ng-click=\"changeView(data.nextView, dateObject, $event)\" class=\"day ng-binding ng-scope\" data-ng-class=\"{active: dateObject.active, past: dateObject.past, future: dateObject.future, disabled: !dateObject.selectable}\">4\u003C/td>\u003C!-- end ngRepeat: dateObject in week.dates -->\u003Ctd data-ng-repeat=\"dateObject in week.dates\" data-ng-click=\"changeView(data.nextView, dateObject, $event)\" class=\"day ng-binding ng-scope\" data-ng-class=\"{active: dateObject.active, past: dateObject.past, future: dateObject.future, disabled: !dateObject.selectable}\">5\u003C/td>\u003C!-- end ngRepeat: dateObject in week.dates -->       \u003C/tr>\u003C!-- end ngIf: data.currentView === 'day' -->\u003C!-- end ngRepeat: week in data.weeks -->\u003C!-- ngIf: data.currentView === 'day' -->\u003Ctr data-ng-if=\"data.currentView === 'day'\" data-ng-repeat=\"week in data.weeks\" class=\"ng-scope\">           \u003C!-- ngRepeat: dateObject in week.dates -->\u003Ctd data-ng-repeat=\"dateObject in week.dates\" data-ng-click=\"changeView(data.nextView, dateObject, $event)\" class=\"day ng-binding ng-scope\" data-ng-class=\"{active: dateObject.active, past: dateObject.past, future: dateObject.future, disabled: !dateObject.selectable}\">6\u003C/td>\u003C!-- end ngRepeat: dateObject in week.dates -->\u003Ctd data-ng-repeat=\"dateObject in week.dates\" data-ng-click=\"changeView(data.nextView, dateObject, $event)\" class=\"day ng-binding ng-scope\" data-ng-class=\"{active: dateObject.active, past: dateObject.past, future: dateObject.future, disabled: !dateObject.selectable}\">7\u003C/td>\u003C!-- end ngRepeat: dateObject in week.dates -->\u003Ctd data-ng-repeat=\"dateObject in week.dates\" data-ng-click=\"changeView(data.nextView, dateObject, $event)\" class=\"day ng-binding ng-scope\" data-ng-class=\"{active: dateObject.active, past: dateObject.past, future: dateObject.future, disabled: !dateObject.selectable}\">8\u003C/td>\u003C!-- end ngRepeat: dateObject in week.dates -->\u003Ctd data-ng-repeat=\"dateObject in week.dates\" data-ng-click=\"changeView(data.nextView, dateObject, $event)\" class=\"day ng-binding ng-scope\" data-ng-class=\"{active: dateObject.active, past: dateObject.past, future: dateObject.future, disabled: !dateObject.selectable}\">9\u003C/td>\u003C!-- end ngRepeat: dateObject in week.dates -->\u003Ctd data-ng-repeat=\"dateObject in week.dates\" data-ng-click=\"changeView(data.nextView, dateObject, $event)\" class=\"day ng-binding ng-scope\" data-ng-class=\"{active: dateObject.active, past: dateObject.past, future: dateObject.future, disabled: !dateObject.selectable}\">10\u003C/td>\u003C!-- end ngRepeat: dateObject in week.dates -->\u003Ctd data-ng-repeat=\"dateObject in week.dates\" data-ng-click=\"changeView(data.nextView, dateObject, $event)\" class=\"day ng-binding ng-scope\" data-ng-class=\"{active: dateObject.active, past: dateObject.past, future: dateObject.future, disabled: !dateObject.selectable}\">11\u003C/td>\u003C!-- end ngRepeat: dateObject in week.dates -->\u003Ctd data-ng-repeat=\"dateObject in week.dates\" data-ng-click=\"changeView(data.nextView, dateObject, $event)\" class=\"day ng-binding ng-scope\" data-ng-class=\"{active: dateObject.active, past: dateObject.past, future: dateObject.future, disabled: !dateObject.selectable}\">12\u003C/td>\u003C!-- end ngRepeat: dateObject in week.dates -->       \u003C/tr>\u003C!-- end ngIf: data.currentView === 'day' -->\u003C!-- end ngRepeat: week in data.weeks -->\u003C!-- ngIf: data.currentView === 'day' -->\u003Ctr data-ng-if=\"data.currentView === 'day'\" data-ng-repeat=\"week in data.weeks\" class=\"ng-scope\">           \u003C!-- ngRepeat: dateObject in week.dates -->\u003C"
11:39:56.577 [Forwarding getPageSource on session d94198a6aa3008d5ffaf97f92db0cb0c to remote] DEBUG org.apache.http.wire - http-outgoing-81 << "td data-ng-repeat=\"dateObject in week.dates\" data-ng-click=\"changeView(data.nextView, dateObject, $event)\" class=\"day ng-binding ng-scope\" data-ng-class=\"{active: dateObject.active, past: dateObject.past, future: dateObject.future, disabled: !dateObject.selectable}\">13\u003C/td>\u003C!-- end ngRepeat: dateObject in week.dates -->\u003Ctd data-ng-repeat=\"dateObject in week.dates\" data-ng-click=\"changeView(data.nextView, dateObject, $event)\" class=\"day ng-binding ng-scope\" data-ng-class=\"{active: dateObject.active, past: dateObject.past, future: dateObject.future, disabled: !dateObject.selectable}\">14\u003C/td>\u003C!-- end ngRepeat: dateObject in week.dates -->\u003Ctd data-ng-repeat=\"dateObject in week.dates\" data-ng-click=\"changeView(data.nextView, dateObject, $event)\" class=\"day ng-binding ng-scope\" data-ng-class=\"{active: dateObject.active, past: dateObject.past, future: dateObject.future, disabled: !dateObject.selectable}\">15\u003C/td>\u003C!-- end ngRepeat: dateObject in week.dates -->\u003Ctd data-ng-repeat=\"dateObject in week.dates\" data-ng-click=\"changeView(data.nextView, dateObject, $event)\" class=\"day ng-binding ng-scope\" data-ng-class=\"{active: dateObject.active, past: dateObject.past, future: dateObject.future, disabled: !dateObject.selectable}\">16\u003C/td>\u003C!-- end ngRepeat: dateObject in week.dates -->\u003Ctd data-ng-repeat=\"dateObject in week.dates\" data-ng-click=\"changeView(data.nextView, dateObject, $event)\" class=\"day ng-binding ng-scope\" data-ng-class=\"{active: dateObject.active, past: dateObject.past, future: dateObject.future, disabled: !dateObject.selectable}\">17\u003C/td>\u003C!-- end ngRepeat: dateObject in week.dates -->\u003Ctd data-ng-repeat=\"dateObject in week.dates\" data-ng-click=\"changeView(data.nextView, dateObject, $event)\" class=\"day ng-binding ng-scope\" data-ng-class=\"{active: dateObject.active, past: dateObject.past, future: dateObject.future, disabled: !dateObject.selectable}\">18\u003C/td>\u003C!-- end ngRepeat: dateObject in week.dates -->\u003Ctd data-ng-repeat=\"dateObject in week.dates\" data-ng-click=\"changeView(data.nextView, dateObject, $event)\" class=\"day ng-binding ng-scope\" data-ng-class=\"{active: dateObject.active, past: dateObject.past, future: dateObject.future, disabled: !dateObject.selectable}\">19\u003C/td>\u003C!-- end ngRepeat: dateObject in week.dates -->       \u003C/tr>\u003C!-- end ngIf: data.currentView === 'day' -->\u003C!-- end ngRepeat: week in data.weeks -->\u003C!-- ngIf: data.currentView === 'day' -->\u003Ctr data-ng-if=\"data.currentView === 'day'\" data-ng-repeat=\"week in data.weeks\" class=\"ng-scope\">           \u003C!-- ngRepeat: dateObject in week.dates -->\u003Ctd data-ng-repeat=\"dateObject in week.dates\" data-ng-click=\"changeView(data.nextView, dateObject, $event)\" class=\"day ng-binding ng-scope\" data-ng-class=\"{active: dateObject.active, past: dateObject.past, future: dateObject.future, disabled: !dateObject.selectable}\">20\u003C/td>\u003C!-- end ngRepeat: dateObject in week.dates -->\u003Ctd data-ng-repeat=\"dateObject in week.dates\" data-ng-click=\"changeView(data.nextView, dateObject, $event)\" class=\"day ng-binding ng-scope\" data-ng-class=\"{active: dateObject.active, past: dateObject.past, future: dateObject.future, disabled: !dateObject.selectable}\">21\u003C/td>\u003C!-- end ngRepeat: dateObject in week.dates -->\u003Ctd data-ng-repeat=\"dateObject in week.dates\" data-ng-click=\"changeView(data.nextView, dateObject, $event)\" class=\"day ng-binding ng-scope\" data-ng-class=\"{active: dateObject.active, past: dateObject.past, future: dateObject.future, disabled: !dateObject.selectable}\">22\u003C/td>\u003C!-- end ngRepeat: dateObject in week.dates -->\u003Ctd data-ng-repeat=\"dateObject in week.dates\" data-ng-click=\"changeView(data.nextView, dateObject, $event)\" class=\"day ng-binding ng-scope\" data-ng-class=\"{active: dateObject.active, past: dateObject.past, future: dateObject.future, disabled: !dateObject.selectable}\">23\u003C/td>\u003C!-- end ngRepeat: dateObjec"
11:39:56.577 [Forwarding getPageSource on session d94198a6aa3008d5ffaf97f92db0cb0c to remote] DEBUG org.apache.http.wire - http-outgoing-81 << "t in week.dates -->\u003Ctd data-ng-repeat=\"dateObject in week.dates\" data-ng-click=\"changeView(data.nextView, dateObject, $event)\" class=\"day ng-binding ng-scope\" data-ng-class=\"{active: dateObject.active, past: dateObject.past, future: dateObject.future, disabled: !dateObject.selectable}\">24\u003C/td>\u003C!-- end ngRepeat: dateObject in week.dates -->\u003Ctd data-ng-repeat=\"dateObject in week.dates\" data-ng-click=\"changeView(data.nextView, dateObject, $event)\" class=\"day ng-binding ng-scope\" data-ng-class=\"{active: dateObject.active, past: dateObject.past, future: dateObject.future, disabled: !dateObject.selectable}\">25\u003C/td>\u003C!-- end ngRepeat: dateObject in week.dates -->\u003Ctd data-ng-repeat=\"dateObject in week.dates\" data-ng-click=\"changeView(data.nextView, dateObject, $event)\" class=\"day ng-binding ng-scope\" data-ng-class=\"{active: dateObject.active, past: dateObject.past, future: dateObject.future, disabled: !dateObject.selectable}\">26\u003C/td>\u003C!-- end ngRepeat: dateObject in week.dates -->       \u003C/tr>\u003C!-- end ngIf: data.currentView === 'day' -->\u003C!-- end ngRepeat: week in data.weeks -->\u003C!-- ngIf: data.currentView === 'day' -->\u003Ctr data-ng-if=\"data.currentView === 'day'\" data-ng-repeat=\"week in data.weeks\" class=\"ng-scope\">           \u003C!-- ngRepeat: dateObject in week.dates -->\u003Ctd data-ng-repeat=\"dateObject in week.dates\" data-ng-click=\"changeView(data.nextView, dateObject, $event)\" class=\"day ng-binding ng-scope\" data-ng-class=\"{active: dateObject.active, past: dateObject.past, future: dateObject.future, disabled: !dateObject.selectable}\">27\u003C/td>\u003C!-- end ngRepeat: dateObject in week.dates -->\u003Ctd data-ng-repeat=\"dateObject in week.dates\" data-ng-click=\"changeView(data.nextView, dateObject, $event)\" class=\"day ng-binding ng-scope\" data-ng-class=\"{active: dateObject.active, past: dateObject.past, future: dateObject.future, disabled: !dateObject.selectable}\">28\u003C/td>\u003C!-- end ngRepeat: dateObject in week.dates -->\u003Ctd data-ng-repeat=\"dateObject in week.dates\" data-ng-click=\"changeView(data.nextView, dateObject, $event)\" class=\"day ng-binding ng-scope\" data-ng-class=\"{active: dateObject.active, past: dateObject.past, future: dateObject.future, disabled: !dateObject.selectable}\">29\u003C/td>\u003C!-- end ngRepeat: dateObject in week.dates -->\u003Ctd data-ng-repeat=\"dateObject in week.dates\" data-ng-click=\"changeView(data.nextView, dateObject, $event)\" class=\"day ng-binding ng-scope\" data-ng-class=\"{active: dateObject.active, past: dateObject.past, future: dateObject.future, disabled: !dateObject.selectable}\">30\u003C/td>\u003C!-- end ngRepeat: dateObject in week.dates -->\u003Ctd data-ng-repeat=\"dateObject in week.dates\" data-ng-click=\"changeView(data.nextView, dateObject, $event)\" class=\"day ng-binding ng-scope future\" data-ng-class=\"{active: dateObject.active, past: dateObject.past, future: dateObject.future, disabled: !dateObject.selectable}\">1\u003C/td>\u003C!-- end ngRepeat: dateObject in week.dates -->\u003Ctd data-ng-repeat=\"dateObject in week.dates\" data-ng-click=\"changeView(data.nextView, dateObject, $event)\" class=\"day ng-binding ng-scope future\" data-ng-class=\"{active: dateObject.active, past: dateObject.past, future: dateObject.future, disabled: !dateObject.selectable}\">2\u003C/td>\u003C!-- end ngRepeat: dateObject in week.dates -->\u003Ctd data-ng-repeat=\"dateObject in week.dates\" data-ng-click=\"changeView(data.nextView, dateObject, $event)\" class=\"day ng-binding ng-scope future\" data-ng-class=\"{active: dateObject.active, past: dateObject.past, future: dateObject.future, disabled: !dateObject.selectable}\">3\u003C/td>\u003C!-- end ngRepeat: dateObject in week.dates -->       \u003C/tr>\u003C!-- end ngIf: data.currentView === 'day' -->\u003C!-- end ngRepeat: week in data.weeks -->\u003C!-- ngIf: data.currentView === 'day' -->\u003Ctr data-ng-if=\"data.currentView === 'day'\" data-ng-repeat=\"week in data.weeks\" class=\"ng-scope\">           \u003"
11:39:56.577 [Forwarding getPageSource on session d94198a6aa3008d5ffaf97f92db0cb0c to remote] DEBUG org.apache.http.wire - http-outgoing-81 << "C!-- ngRepeat: dateObject in week.dates -->\u003Ctd data-ng-repeat=\"dateObject in week.dates\" data-ng-click=\"changeView(data.nextView, dateObject, $event)\" class=\"day ng-binding ng-scope future\" data-ng-class=\"{active: dateObject.active, past: dateObject.past, future: dateObject.future, disabled: !dateObject.selectable}\">4\u003C/td>\u003C!-- end ngRepeat: dateObject in week.dates -->\u003Ctd data-ng-repeat=\"dateObject in week.dates\" data-ng-click=\"changeView(data.nextView, dateObject, $event)\" class=\"day ng-binding ng-scope future\" data-ng-class=\"{active: dateObject.active, past: dateObject.past, future: dateObject.future, disabled: !dateObject.selectable}\">5\u003C/td>\u003C!-- end ngRepeat: dateObject in week.dates -->\u003Ctd data-ng-repeat=\"dateObject in week.dates\" data-ng-click=\"changeView(data.nextView, dateObject, $event)\" class=\"day ng-binding ng-scope future\" data-ng-class=\"{active: dateObject.active, past: dateObject.past, future: dateObject.future, disabled: !dateObject.selectable}\">6\u003C/td>\u003C!-- end ngRepeat: dateObject in week.dates -->\u003Ctd data-ng-repeat=\"dateObject in week.dates\" data-ng-click=\"changeView(data.nextView, dateObject, $event)\" class=\"day ng-binding ng-scope future\" data-ng-class=\"{active: dateObject.active, past: dateObject.past, future: dateObject.future, disabled: !dateObject.selectable}\">7\u003C/td>\u003C!-- end ngRepeat: dateObject in week.dates -->\u003Ctd data-ng-repeat=\"dateObject in week.dates\" data-ng-click=\"changeView(data.nextView, dateObject, $event)\" class=\"day ng-binding ng-scope future\" data-ng-class=\"{active: dateObject.active, past: dateObject.past, future: dateObject.future, disabled: !dateObject.selectable}\">8\u003C/td>\u003C!-- end ngRepeat: dateObject in week.dates -->\u003Ctd data-ng-repeat=\"dateObject in week.dates\" data-ng-click=\"changeView(data.nextView, dateObject, $event)\" class=\"day ng-binding ng-scope future\" data-ng-class=\"{active: dateObject.active, past: dateObject.past, future: dateObject.future, disabled: !dateObject.selectable}\">9\u003C/td>\u003C!-- end ngRepeat: dateObject in week.dates -->\u003Ctd data-ng-repeat=\"dateObject in week.dates\" data-ng-click=\"changeView(data.nextView, dateObject, $event)\" class=\"day ng-binding ng-scope future\" data-ng-class=\"{active: dateObject.active, past: dateObject.past, future: dateObject.future, disabled: !dateObject.selectable}\">10\u003C/td>\u003C!-- end ngRepeat: dateObject in week.dates -->       \u003C/tr>\u003C!-- end ngIf: data.currentView === 'day' -->\u003C!-- end ngRepeat: week in data.weeks -->   \u003C/tbody>\u003C/table>\u003C/div>\n          \u003C/ul>\n        \u003C/div>\n      \u003C/div>\n      \u003Cdiv class=\"form-group\">\n        \u003Clabel>Status\u003C/label>\n        \u003Cselect id=\"status\" class=\"form-control ng-pristine ng-untouched ng-valid\" data-ng-model=\"search.active\">\n          \u003Coption name=\"All\" value=\"\">All\u003C/option>\n          \u003Coption name=\"Active\" value=\"true\">Active\u003C/option>\n          \u003Coption name=\"Inactive\" value=\"false\">Inactive\u003C/option>\n        \u003C/select>\n      \u003C/div>\n      \u003Cdiv class=\"form-group\">\n        \u003Clabel for=\"type\">Type\u003C/label>\n        \u003Cselect id=\"type\" name=\"search.type\" class=\"form-control ng-pristine ng-untouched ng-valid\" ng-model=\"search.type\" ng-options=\"campaignType.key as campaignType.value for campaignType in campaignTypes\">\u003Coption value=\"string:\" label=\"All\" selected=\"selected\">All\u003C/option>\u003Coption value=\"string:PROMO_CODE\" label=\"Promo Code\">Promo Code\u003C/option>\u003Coption value=\"string:SINGLE_USE_TRANSFERABLE\" label=\"Single Use Transferable\">Single Use Transferable\u003C/option>\u003Coption value=\"string:SINGLE_USE_NON_TRANSFERABLE\" label=\"Single Use Non-Transferable\">Single Use Non-Transferable\u003C/option>\u003Coption value=\"string:GIFTING\" label=\"Gifting\">Gifting\u003C/option>\u003C/select>\n      \u003C/div>\n      \u003Cdiv class=\"form-group buttons\">\n"
11:39:56.577 [Forwarding getPageSource on session d94198a6aa3008d5ffaf97f92db0cb0c to remote] DEBUG org.apache.http.wire - http-outgoing-81 << "        \u003Cbutton type=\"submit\" class=\"btn btn-primary filter\" ng-click=\"searchForm.$valid &amp;&amp; updateFilter()\" ng-disabled=\"!searchForm.$valid\">Filter Campaigns\n        \u003C/button>\n        \u003Cbutton type=\"submit\" class=\"btn btn-default clear\" ng-click=\"clearFilter()\">Clear Filter\u003C/button>\n      \u003C/div>\n      \u003Cdiv class=\"clear\">\u003C/div>\n    \u003C/div>\n  \u003C/form>\n\u003C/div>\n\u003Cdiv class=\"row ng-scope\">\n  \u003Cdiv class=\"col-md-12\">\n    \u003Ca style=\"cursor: pointer;\" ng-click=\"showFilters=!showFilters\" class=\"ng-binding\">Show Advanced Filters\u003C/a>\n  \u003C/div>\n\u003C/div>\n\u003Cdiv class=\"row ng-scope\">\n  \u003Cdiv class=\"col-md-12\">\n    \u003Ctable class=\"table campaign-list\" id=\"campaign-list\">\n      \u003Cthead>\n      \u003Ctr>\n        \u003Cth>Name\u003C/th>\n        \u003Cth>State\u003C/th>\n        \u003Cth>Type\u003C/th>\n        \u003Cth>Start\u003C/th>\n        \u003Cth>End\u003C/th>\n        \u003Cth>Vouchers\u003C/th>\n        \u003Cth>Redemption Cap\u003C/th>\n        \u003Cth>Redeemed\u003C/th>\n      \u003C/tr>\n      \u003C/thead>\n      \u003Ctbody>\n      \u003C!-- ngRepeat: campaign in campaigns | itemsPerPage: 25 -->\u003Ctr total-items=\"campaignCount\" current-page=\"pagination.current\" ng-repeat=\"campaign in campaigns | itemsPerPage: 25\" class=\"ng-scope\">\n        \u003Ctd>\u003Ca ng-href=\"#/campaign/3\" class=\"ng-binding\" href=\"#/campaign/3\">SUTUU\u003C/a>\u003C/td>\n        \u003Ctd class=\"ng-binding\">ACTIVE\u003C/td>\n        \u003Ctd class=\"ng-binding\">SINGLE_USE_TRANSFERABLE\u003C/td>\n        \u003Ctd class=\"ng-binding\">\u003C/td>\n        \u003Ctd class=\"ng-binding\">\u003C/td>\n        \u003Ctd class=\"ng-binding\">11000000\u003C/td>\n        \u003Ctd class=\"ng-binding\">\u003C/td>\n        \u003Ctd class=\"ng-binding\">0\u003C/td>\n      \u003C/tr>\u003C!-- end ngRepeat: campaign in campaigns | itemsPerPage: 25 -->\u003Ctr total-items=\"campaignCount\" current-page=\"pagination.current\" ng-repeat=\"campaign in campaigns | itemsPerPage: 25\" class=\"ng-scope\">\n        \u003Ctd>\u003Ca ng-href=\"#/campaign/2\" class=\"ng-binding\" href=\"#/campaign/2\">Test\u003C/a>\u003C/td>\n        \u003Ctd class=\"ng-binding\">ACTIVE\u003C/td>\n        \u003Ctd class=\"ng-binding\">SINGLE_USE_TRANSFERABLE\u003C/td>\n        \u003Ctd class=\"ng-binding\">\u003C/td>\n        \u003Ctd class=\"ng-binding\">\u003C/td>\n        \u003Ctd class=\"ng-binding\">4000000\u003C/td>\n        \u003Ctd class=\"ng-binding\">\u003C/td>\n        \u003Ctd class=\"ng-binding\">0\u003C/td>\n      \u003C/tr>\u003C!-- end ngRepeat: campaign in campaigns | itemsPerPage: 25 -->\n      \u003C/tbody>\n    \u003C/table>\n  \u003C/div>\n\u003C/div>\n\u003Cdiv dir-pagination-controls=\"\" class=\"col-lg-12 paginationList ng-scope ng-isolate-scope\" on-page-change=\"pageChanged(newPageNumber)\">\u003C!-- ngIf: 1 \u003C pages.length -->\u003C/div>\n\u003C/div>\n        \u003Cdiv class=\"footer\">\u003C/div>\n    \u003C/div>\n\n    \u003C!-- build:js(.) scripts/ie-include.js -->\n        \u003C!--[if lt IE 9]>\n            \u003Cscript src=\"bower_components/es5-shim/es5-shim.js\">\u003C/script>\n            \u003Cscript src=\"bower_components/json3/lib/json3.min.js\">\u003C/script>\n            \u003Cscript src=\"bower_components/respond/dest/respond.src.js\">\u003C/script>\n        \u003C![endif]-->\n    \u003C!-- endbuild -->\n\n    \u003C!-- build:js(.) scripts/vendor.js -->\n    \u003C!-- bower:js -->\n    \u003Cscript src=\"bower_components/jquery/dist/jquery.js\">\u003C/script>\n    \u003Cscript src=\"bower_components/angular/angular.js\">\u003C/script>\n    \u003Cscript src=\"bower_components/json3/lib/json3.js\">\u003C/script>\n    \u003Cscript src=\"bower_components/bootstrap/dist/js/bootstrap.js\">\u003C/script>\n    \u003Cscript src=\"bower_components/angular-resource/angular-resource.js\">\u003C/script>\n    \u003Cscript src=\"bower_components/angular-sanitize/angular-sanitize.js\">\u003C/script>\n    \u003C"
11:39:56.577 [Forwarding getPageSource on session d94198a6aa3008d5ffaf97f92db0cb0c to remote] DEBUG org.apache.http.wire - http-outgoing-81 << "script src=\"bower_components/angular-animate/angular-animate.js\">\u003C/script>\n    \u003Cscript src=\"bower_components/angular-route/angular-route.js\">\u003C/script>\n    \u003Cscript src=\"bower_components/moment/moment.js\">\u003C/script>\n    \u003Cscript src=\"bower_components/angular-bootstrap-show-errors/src/showErrors.js\">\u003C/script>\n    \u003Cscript src=\"bower_components/angular-bootstrap-datetimepicker/src/js/datetimepicker.js\">\u003C/script>\n    \u003Cscript src=\"bower_components/jquery-ui/jquery-ui.js\">\u003C/script>\n    \u003Cscript src=\"bower_components/FileSaver/FileSaver.js\">\u003C/script>\n    \u003Cscript src=\"bower_components/underscore/underscore.js\">\u003C/script>\n    \u003Cscript src=\"bower_components/angular-bootstrap/ui-bootstrap-tpls.js\">\u003C/script>\n    \u003Cscript src=\"bower_components/angular-translate/angular-translate.js\">\u003C/script>\n    \u003Cscript src=\"bower_components/angular-dialog-service/dist/dialogs.min.js\">\u003C/script>\n    \u003Cscript src=\"bower_components/angular-dialog-service/dist/dialogs-default-translations.min.js\">\u003C/script>\n    \u003Cscript src=\"bower_components/angular-utils-pagination/dirPagination.js\">\u003C/script>\n    \u003C!-- endbower -->\n    \u003C!-- endbuild -->\n\n    \u003C!-- build:js({.tmp,app}) scripts/scripts.js -->\n    \u003Cscript src=\"scripts/app.js\">\u003C/script>\n    \u003Cscript src=\"scripts/config/config.js\">\u003C/script>\n    \u003Cscript src=\"scripts/services/base-http-service.js\">\u003C/script>\n    \u003Cscript src=\"scripts/services/voucher-service.js\">\u003C/script>\n    \u003Cscript src=\"scripts/services/campaign-service.js\">\u003C/script>\n    \u003Cscript src=\"scripts/services/history-service.js\">\u003C/script>\n    \u003Cscript src=\"scripts/services/promo-service.js\">\u003C/script>\n    \u003Cscript src=\"scripts/services/date-service.js\">\u003C/script>\n    \u003Cscript src=\"scripts/services/root-service.js\">\u003C/script>\n    \u003Cscript src=\"scripts/services/hateoas-service-util.js\">\u003C/script>\n    \u003Cscript src=\"scripts/controllers/promo-controller.js\">\u003C/script>\n    \u003Cscript src=\"scripts/controllers/campaign-controller.js\">\u003C/script>\n    \u003Cscript src=\"scripts/controllers/status-controller.js\">\u003C/script>\n    \u003Cscript src=\"scripts/controllers/audit-history-controller.js\">\u003C/script>\n    \u003Cscript src=\"scripts/controllers/voucher-controller.js\">\u003C/script>\n    \u003Cscript src=\"scripts/controllers/account-controller.js\">\u003C/script>\n    \u003Cscript src=\"scripts/controllers/campaign-list-controller.js\">\u003C/script>\n    \u003Cscript src=\"scripts/directives/campaign-directive.js\">\u003C/script>\n    \u003Cscript src=\"scripts/directives/voucher-directive.js\">\u003C/script>\n    \u003Cscript src=\"scripts/directives/single-use-voucher-directive.js\">\u003C/script>\n    \u003Cscript src=\"scripts/directives/server-connection-directive.js\">\u003C/script>\n    \u003Cscript src=\"scripts/directives/promocode-directive.js\">\u003C/script>\n    \u003Cscript src=\"scripts/directives/voucher-batch-directive.js\">\u003C/script>\n    \u003Cscript src=\"scripts/filters/account-filter.js\">\u003C/script>\n\n    \u003C!-- endbuild -->\n\n    \u003Cscript src=\"/config\">\u003C/script>\n\n\u003Cscript>//&lt;![CDATA[\ndocument.write('&lt;script src=\"//' + (location.hostname || 'localhost') + ':35729/livereload.js?snipver=1\"&gt;&lt;\\/script&gt;')\n//]]&gt;\u003C/script>\u003Cscript src=\"//localhost:35729/livereload.js?snipver=1\">\u003C/script>\n\n\n\u003C/body>\u003C/html>"}"
11:39:56.577 [Forwarding getPageSource on session d94198a6aa3008d5ffaf97f92db0cb0c to remote] DEBUG o.a.h.i.c.DefaultManagedHttpClientConnection - http-outgoing-81: Shutdown connection
11:39:56.577 [Forwarding getPageSource on session d94198a6aa3008d5ffaf97f92db0cb0c to remote] DEBUG o.a.h.impl.execchain.MainClientExec - Connection discarded
11:39:56.577 [Forwarding getPageSource on session d94198a6aa3008d5ffaf97f92db0cb0c to remote] DEBUG o.a.h.i.c.DefaultManagedHttpClientConnection - http-outgoing-81: Close connection
11:39:56.577 [Forwarding getPageSource on session d94198a6aa3008d5ffaf97f92db0cb0c to remote] DEBUG o.a.h.i.c.PoolingHttpClientConnectionManager - Connection released: [id: 81][route: {}->http://localhost:26477][total kept alive: 0; route allocated: 0 of 2000; total allocated: 0 of 2000]
11:39:56.609 [Forwarding getPageSource on session d94198a6aa3008d5ffaf97f92db0cb0c to remote] DEBUG o.a.h.c.protocol.RequestAddCookies - CookieSpec selected: best-match
11:39:56.609 [Forwarding getPageSource on session d94198a6aa3008d5ffaf97f92db0cb0c to remote] DEBUG o.a.h.c.protocol.RequestAuthCache - Auth cache not set in the context
11:39:56.609 [Forwarding getPageSource on session d94198a6aa3008d5ffaf97f92db0cb0c to remote] DEBUG o.a.h.i.c.PoolingHttpClientConnectionManager - Connection request: [route: {}->http://localhost:26477][total kept alive: 0; route allocated: 0 of 2000; total allocated: 0 of 2000]
11:39:56.609 [Forwarding getPageSource on session d94198a6aa3008d5ffaf97f92db0cb0c to remote] DEBUG o.a.h.i.c.PoolingHttpClientConnectionManager - Connection leased: [id: 82][route: {}->http://localhost:26477][total kept alive: 0; route allocated: 1 of 2000; total allocated: 1 of 2000]
11:39:56.609 [Forwarding getPageSource on session d94198a6aa3008d5ffaf97f92db0cb0c to remote] DEBUG o.a.h.impl.execchain.MainClientExec - Opening connection {}->http://localhost:26477
11:39:56.609 [Forwarding getPageSource on session d94198a6aa3008d5ffaf97f92db0cb0c to remote] DEBUG o.a.h.i.c.HttpClientConnectionOperator - Connecting to localhost/127.0.0.1:26477
11:39:56.609 [Forwarding getPageSource on session d94198a6aa3008d5ffaf97f92db0cb0c to remote] DEBUG o.a.h.i.c.HttpClientConnectionOperator - Connection established 127.0.0.1:57358<->127.0.0.1:26477
11:39:56.609 [Forwarding getPageSource on session d94198a6aa3008d5ffaf97f92db0cb0c to remote] DEBUG o.a.h.impl.execchain.MainClientExec - Executing request GET /session/d94198a6aa3008d5ffaf97f92db0cb0c/source HTTP/1.1
11:39:56.609 [Forwarding getPageSource on session d94198a6aa3008d5ffaf97f92db0cb0c to remote] DEBUG o.a.h.impl.execchain.MainClientExec - Target auth state: UNCHALLENGED
11:39:56.609 [Forwarding getPageSource on session d94198a6aa3008d5ffaf97f92db0cb0c to remote] DEBUG o.a.h.impl.execchain.MainClientExec - Proxy auth state: UNCHALLENGED
11:39:56.609 [Forwarding getPageSource on session d94198a6aa3008d5ffaf97f92db0cb0c to remote] DEBUG org.apache.http.headers - http-outgoing-82 >> GET /session/d94198a6aa3008d5ffaf97f92db0cb0c/source HTTP/1.1
11:39:56.609 [Forwarding getPageSource on session d94198a6aa3008d5ffaf97f92db0cb0c to remote] DEBUG org.apache.http.headers - http-outgoing-82 >> Cache-Control: no-cache
11:39:56.609 [Forwarding getPageSource on session d94198a6aa3008d5ffaf97f92db0cb0c to remote] DEBUG org.apache.http.headers - http-outgoing-82 >> Host: localhost:26477
11:39:56.609 [Forwarding getPageSource on session d94198a6aa3008d5ffaf97f92db0cb0c to remote] DEBUG org.apache.http.headers - http-outgoing-82 >> Connection: Keep-Alive
11:39:56.609 [Forwarding getPageSource on session d94198a6aa3008d5ffaf97f92db0cb0c to remote] DEBUG org.apache.http.headers - http-outgoing-82 >> User-Agent: Apache-HttpClient/4.3.4 (java 1.5)
11:39:56.609 [Forwarding getPageSource on session d94198a6aa3008d5ffaf97f92db0cb0c to remote] DEBUG org.apache.http.headers - http-outgoing-82 >> Accept-Encoding: gzip,deflate
11:39:56.609 [Forwarding getPageSource on session d94198a6aa3008d5ffaf97f92db0cb0c to remote] DEBUG org.apache.http.wire - http-outgoing-82 >> "GET /session/d94198a6aa3008d5ffaf97f92db0cb0c/source HTTP/1.1[\r][\n]"
11:39:56.609 [Forwarding getPageSource on session d94198a6aa3008d5ffaf97f92db0cb0c to remote] DEBUG org.apache.http.wire - http-outgoing-82 >> "Cache-Control: no-cache[\r][\n]"
11:39:56.609 [Forwarding getPageSource on session d94198a6aa3008d5ffaf97f92db0cb0c to remote] DEBUG org.apache.http.wire - http-outgoing-82 >> "Host: localhost:26477[\r][\n]"
11:39:56.609 [Forwarding getPageSource on session d94198a6aa3008d5ffaf97f92db0cb0c to remote] DEBUG org.apache.http.wire - http-outgoing-82 >> "Connection: Keep-Alive[\r][\n]"
11:39:56.609 [Forwarding getPageSource on session d94198a6aa3008d5ffaf97f92db0cb0c to remote] DEBUG org.apache.http.wire - http-outgoing-82 >> "User-Agent: Apache-HttpClient/4.3.4 (java 1.5)[\r][\n]"
11:39:56.609 [Forwarding getPageSource on session d94198a6aa3008d5ffaf97f92db0cb0c to remote] DEBUG org.apache.http.wire - http-outgoing-82 >> "Accept-Encoding: gzip,deflate[\r][\n]"
11:39:56.609 [Forwarding getPageSource on session d94198a6aa3008d5ffaf97f92db0cb0c to remote] DEBUG org.apache.http.wire - http-outgoing-82 >> "[\r][\n]"
11:39:56.630 [LittleProxy-ClientToProxyWorker-3] DEBUG o.l.p.impl.ClientToProxyConnection - (AWAITING_INITIAL) [id: 0x4dc93f85, /127.0.0.1:54147 => /127.0.1.1:45224]: Reading: HttpObjectAggregator$AggregatedFullHttpRequest(decodeResult: success, version: HTTP/1.1, content: CompositeByteBuf(ridx: 0, widx: 0, cap: 0, components=0))
GET http://localhost:9000/views/messages.html HTTP/1.1
Host: localhost:9000
Proxy-Connection: keep-alive
Accept: application/json, text/plain, */*
X-Forwarded-Proto: https
User-Agent: Mozilla/5.0 (X11; Linux x86_64) AppleWebKit/537.36 (KHTML, like Gecko) Chrome/44.0.2403.130 Safari/537.36
Referer: http://localhost:9000/
Accept-Encoding: gzip, deflate, sdch
Accept-Language: en-GB,en-US;q=0.8,en;q=0.6
Content-Length: 0
11:39:56.630 [LittleProxy-ClientToProxyWorker-5] DEBUG o.l.p.impl.ClientToProxyConnection - (AWAITING_INITIAL) [id: 0x37fa264d, /127.0.0.1:54206 => /127.0.1.1:45224]: Reading: HttpObjectAggregator$AggregatedFullHttpRequest(decodeResult: success, version: HTTP/1.1, content: CompositeByteBuf(ridx: 0, widx: 0, cap: 0, components=0))
GET http://localhost:8080/ HTTP/1.1
Host: localhost:8080
Proxy-Connection: keep-alive
Authorization: Basic YWRtaW46cGFzcw==
Accept: application/json, text/plain, */*
X-Forwarded-Proto: https
User-Agent: Mozilla/5.0 (X11; Linux x86_64) AppleWebKit/537.36 (KHTML, like Gecko) Chrome/44.0.2403.130 Safari/537.36
Referer: http://localhost:9000/
Accept-Encoding: gzip, deflate, sdch
Accept-Language: en-GB,en-US;q=0.8,en;q=0.6
Content-Length: 0
11:39:56.630 [LittleProxy-ClientToProxyWorker-2] DEBUG o.l.p.impl.ClientToProxyConnection - (AWAITING_INITIAL) [id: 0xbfd76251, /127.0.0.1:54162 => /127.0.1.1:45224]: Reading: HttpObjectAggregator$AggregatedFullHttpRequest(decodeResult: success, version: HTTP/1.1, content: CompositeByteBuf(ridx: 0, widx: 0, cap: 0, components=0))
GET http://localhost:8080/campaign/types HTTP/1.1
Host: localhost:8080
Proxy-Connection: keep-alive
Authorization: Basic YWRtaW46cGFzcw==
Accept: application/json, text/plain, */*
X-Forwarded-Proto: https
User-Agent: Mozilla/5.0 (X11; Linux x86_64) AppleWebKit/537.36 (KHTML, like Gecko) Chrome/44.0.2403.130 Safari/537.36
Referer: http://localhost:9000/
Accept-Encoding: gzip, deflate, sdch
Accept-Language: en-GB,en-US;q=0.8,en;q=0.6
Content-Length: 0
11:39:56.630 [LittleProxy-ClientToProxyWorker-3] DEBUG o.l.p.impl.ClientToProxyConnection - (AWAITING_INITIAL) [id: 0x4dc93f85, /127.0.0.1:54147 => /127.0.1.1:45224]: Got request: HttpObjectAggregator$AggregatedFullHttpRequest(decodeResult: success, version: HTTP/1.1, content: CompositeByteBuf(ridx: 0, widx: 0, cap: 0, components=0))
GET http://localhost:9000/views/messages.html HTTP/1.1
Host: localhost:9000
Proxy-Connection: keep-alive
Accept: application/json, text/plain, */*
X-Forwarded-Proto: https
User-Agent: Mozilla/5.0 (X11; Linux x86_64) AppleWebKit/537.36 (KHTML, like Gecko) Chrome/44.0.2403.130 Safari/537.36
Referer: http://localhost:9000/
Accept-Encoding: gzip, deflate, sdch
Accept-Language: en-GB,en-US;q=0.8,en;q=0.6
Content-Length: 0
11:39:56.630 [LittleProxy-ClientToProxyWorker-5] DEBUG o.l.p.impl.ClientToProxyConnection - (AWAITING_INITIAL) [id: 0x37fa264d, /127.0.0.1:54206 => /127.0.1.1:45224]: Got request: HttpObjectAggregator$AggregatedFullHttpRequest(decodeResult: success, version: HTTP/1.1, content: CompositeByteBuf(ridx: 0, widx: 0, cap: 0, components=0))
GET http://localhost:8080/ HTTP/1.1
Host: localhost:8080
Proxy-Connection: keep-alive
Authorization: Basic YWRtaW46cGFzcw==
Accept: application/json, text/plain, */*
X-Forwarded-Proto: https
User-Agent: Mozilla/5.0 (X11; Linux x86_64) AppleWebKit/537.36 (KHTML, like Gecko) Chrome/44.0.2403.130 Safari/537.36
Referer: http://localhost:9000/
Accept-Encoding: gzip, deflate, sdch
Accept-Language: en-GB,en-US;q=0.8,en;q=0.6
Content-Length: 0
11:39:56.630 [LittleProxy-ClientToProxyWorker-2] DEBUG o.l.p.impl.ClientToProxyConnection - (AWAITING_INITIAL) [id: 0xbfd76251, /127.0.0.1:54162 => /127.0.1.1:45224]: Got request: HttpObjectAggregator$AggregatedFullHttpRequest(decodeResult: success, version: HTTP/1.1, content: CompositeByteBuf(ridx: 0, widx: 0, cap: 0, components=0))
GET http://localhost:8080/campaign/types HTTP/1.1
Host: localhost:8080
Proxy-Connection: keep-alive
Authorization: Basic YWRtaW46cGFzcw==
Accept: application/json, text/plain, */*
X-Forwarded-Proto: https
User-Agent: Mozilla/5.0 (X11; Linux x86_64) AppleWebKit/537.36 (KHTML, like Gecko) Chrome/44.0.2403.130 Safari/537.36
Referer: http://localhost:9000/
Accept-Encoding: gzip, deflate, sdch
Accept-Language: en-GB,en-US;q=0.8,en;q=0.6
Content-Length: 0
11:39:56.630 [LittleProxy-ClientToProxyWorker-2] DEBUG o.l.p.impl.ClientToProxyConnection - (AWAITING_INITIAL) [id: 0xbfd76251, /127.0.0.1:54162 => /127.0.1.1:45224]: Ensuring that hostAndPort are available in http://localhost:8080/campaign/types
11:39:56.630 [LittleProxy-ClientToProxyWorker-2] DEBUG o.l.p.impl.ClientToProxyConnection - (AWAITING_INITIAL) [id: 0xbfd76251, /127.0.0.1:54162 => /127.0.1.1:45224]: Finding ProxyToServerConnection for: localhost:8080
11:39:56.630 [LittleProxy-ClientToProxyWorker-5] DEBUG o.l.p.impl.ClientToProxyConnection - (AWAITING_INITIAL) [id: 0x37fa264d, /127.0.0.1:54206 => /127.0.1.1:45224]: Ensuring that hostAndPort are available in http://localhost:8080/
11:39:56.630 [LittleProxy-ClientToProxyWorker-2] DEBUG o.l.p.impl.ClientToProxyConnection - (AWAITING_INITIAL) [id: 0xbfd76251, /127.0.0.1:54162 => /127.0.1.1:45224]: Reusing existing server connection: org.littleshoot.proxy.impl.ProxyToServerConnection@7f68ab0c
11:39:56.630 [LittleProxy-ClientToProxyWorker-5] DEBUG o.l.p.impl.ClientToProxyConnection - (AWAITING_INITIAL) [id: 0x37fa264d, /127.0.0.1:54206 => /127.0.1.1:45224]: Finding ProxyToServerConnection for: localhost:8080
11:39:56.630 [LittleProxy-ClientToProxyWorker-2] DEBUG o.l.p.impl.ClientToProxyConnection - (AWAITING_INITIAL) [id: 0xbfd76251, /127.0.0.1:54162 => /127.0.1.1:45224]: Modifying request headers for proxying
11:39:56.630 [LittleProxy-ClientToProxyWorker-5] DEBUG o.l.p.impl.ClientToProxyConnection - (AWAITING_INITIAL) [id: 0x37fa264d, /127.0.0.1:54206 => /127.0.1.1:45224]: Reusing existing server connection: org.littleshoot.proxy.impl.ProxyToServerConnection@288a62a8
11:39:56.630 [LittleProxy-ClientToProxyWorker-2] DEBUG o.l.p.impl.ClientToProxyConnection - (AWAITING_INITIAL) [id: 0xbfd76251, /127.0.0.1:54162 => /127.0.1.1:45224]: Modifying request for proxy chaining
11:39:56.630 [LittleProxy-ClientToProxyWorker-5] DEBUG o.l.p.impl.ClientToProxyConnection - (AWAITING_INITIAL) [id: 0x37fa264d, /127.0.0.1:54206 => /127.0.1.1:45224]: Modifying request headers for proxying
11:39:56.630 [LittleProxy-ClientToProxyWorker-3] DEBUG o.l.p.impl.ClientToProxyConnection - (AWAITING_INITIAL) [id: 0x4dc93f85, /127.0.0.1:54147 => /127.0.1.1:45224]: Ensuring that hostAndPort are available in http://localhost:9000/views/messages.html
11:39:56.630 [LittleProxy-ClientToProxyWorker-2] DEBUG o.l.p.impl.ClientToProxyConnection - (AWAITING_INITIAL) [id: 0xbfd76251, /127.0.0.1:54162 => /127.0.1.1:45224]: Stripped host from uri: http://localhost:8080/campaign/types    yielding: /campaign/types
11:39:56.630 [LittleProxy-ClientToProxyWorker-5] DEBUG o.l.p.impl.ClientToProxyConnection - (AWAITING_INITIAL) [id: 0x37fa264d, /127.0.0.1:54206 => /127.0.1.1:45224]: Modifying request for proxy chaining
11:39:56.630 [LittleProxy-ClientToProxyWorker-3] DEBUG o.l.p.impl.ClientToProxyConnection - (AWAITING_INITIAL) [id: 0x4dc93f85, /127.0.0.1:54147 => /127.0.1.1:45224]: Finding ProxyToServerConnection for: localhost:9000
11:39:56.630 [LittleProxy-ClientToProxyWorker-2] DEBUG o.l.p.impl.ClientToProxyConnection - (AWAITING_INITIAL) [id: 0xbfd76251, /127.0.0.1:54162 => /127.0.1.1:45224]: Removed sdch and inserted: gzip, deflate, 
11:39:56.630 [LittleProxy-ClientToProxyWorker-5] DEBUG o.l.p.impl.ClientToProxyConnection - (AWAITING_INITIAL) [id: 0x37fa264d, /127.0.0.1:54206 => /127.0.1.1:45224]: Stripped host from uri: http://localhost:8080/    yielding: /
11:39:56.630 [LittleProxy-ClientToProxyWorker-3] DEBUG o.l.p.impl.ClientToProxyConnection - (AWAITING_INITIAL) [id: 0x4dc93f85, /127.0.0.1:54147 => /127.0.1.1:45224]: Reusing existing server connection: org.littleshoot.proxy.impl.ProxyToServerConnection@2cc0768d
11:39:56.630 [LittleProxy-ClientToProxyWorker-3] DEBUG o.l.p.impl.ClientToProxyConnection - (AWAITING_INITIAL) [id: 0x4dc93f85, /127.0.0.1:54147 => /127.0.1.1:45224]: Modifying request headers for proxying
11:39:56.630 [LittleProxy-ClientToProxyWorker-3] DEBUG o.l.p.impl.ClientToProxyConnection - (AWAITING_INITIAL) [id: 0x4dc93f85, /127.0.0.1:54147 => /127.0.1.1:45224]: Modifying request for proxy chaining
11:39:56.630 [LittleProxy-ClientToProxyWorker-5] DEBUG o.l.p.impl.ClientToProxyConnection - (AWAITING_INITIAL) [id: 0x37fa264d, /127.0.0.1:54206 => /127.0.1.1:45224]: Removed sdch and inserted: gzip, deflate, 
11:39:56.630 [LittleProxy-ClientToProxyWorker-3] DEBUG o.l.p.impl.ClientToProxyConnection - (AWAITING_INITIAL) [id: 0x4dc93f85, /127.0.0.1:54147 => /127.0.1.1:45224]: Stripped host from uri: http://localhost:9000/views/messages.html    yielding: /views/messages.html
11:39:56.630 [LittleProxy-ClientToProxyWorker-2] DEBUG o.l.p.impl.ClientToProxyConnection - (AWAITING_INITIAL) [id: 0xbfd76251, /127.0.0.1:54162 => /127.0.1.1:45224]: Writing request to ProxyToServerConnection
11:39:56.630 [LittleProxy-ClientToProxyWorker-3] DEBUG o.l.p.impl.ClientToProxyConnection - (AWAITING_INITIAL) [id: 0x4dc93f85, /127.0.0.1:54147 => /127.0.1.1:45224]: Removed sdch and inserted: gzip, deflate, 
11:39:56.630 [LittleProxy-ClientToProxyWorker-5] DEBUG o.l.p.impl.ClientToProxyConnection - (AWAITING_INITIAL) [id: 0x37fa264d, /127.0.0.1:54206 => /127.0.1.1:45224]: Writing request to ProxyToServerConnection
11:39:56.630 [LittleProxy-ClientToProxyWorker-2] DEBUG o.l.p.impl.ProxyToServerConnection - (AWAITING_INITIAL) [id: 0xf37282df, /127.0.0.1:48951 => localhost/127.0.0.1:8080]: Requested write of HttpObjectAggregator$AggregatedFullHttpRequest(decodeResult: success, version: HTTP/1.1, content: CompositeByteBuf(ridx: 0, widx: 0, cap: 0, components=0))
GET /campaign/types HTTP/1.1
Host: localhost:8080
Authorization: Basic YWRtaW46cGFzcw==
Accept: application/json, text/plain, */*
X-Forwarded-Proto: https
User-Agent: Mozilla/5.0 (X11; Linux x86_64) AppleWebKit/537.36 (KHTML, like Gecko) Chrome/44.0.2403.130 Safari/537.36
Referer: http://localhost:9000/
Accept-Language: en-GB,en-US;q=0.8,en;q=0.6
Content-Length: 0
X-Forwarded-Proto: https
Accept-Encoding: gzip, deflate, 
Via: 1.1 localhost.localdomain
11:39:56.630 [LittleProxy-ClientToProxyWorker-3] DEBUG o.l.p.impl.ClientToProxyConnection - (AWAITING_INITIAL) [id: 0x4dc93f85, /127.0.0.1:54147 => /127.0.1.1:45224]: Writing request to ProxyToServerConnection
11:39:56.630 [LittleProxy-ClientToProxyWorker-5] DEBUG o.l.p.impl.ProxyToServerConnection - (AWAITING_INITIAL) [id: 0xe5042028, /127.0.0.1:48999 => localhost/127.0.0.1:8080]: Requested write of HttpObjectAggregator$AggregatedFullHttpRequest(decodeResult: success, version: HTTP/1.1, content: CompositeByteBuf(ridx: 0, widx: 0, cap: 0, components=0))
GET / HTTP/1.1
Host: localhost:8080
Authorization: Basic YWRtaW46cGFzcw==
Accept: application/json, text/plain, */*
X-Forwarded-Proto: https
User-Agent: Mozilla/5.0 (X11; Linux x86_64) AppleWebKit/537.36 (KHTML, like Gecko) Chrome/44.0.2403.130 Safari/537.36
Referer: http://localhost:9000/
Accept-Language: en-GB,en-US;q=0.8,en;q=0.6
Content-Length: 0
X-Forwarded-Proto: https
Accept-Encoding: gzip, deflate, 
Via: 1.1 localhost.localdomain
11:39:56.630 [LittleProxy-ClientToProxyWorker-2] DEBUG o.l.p.impl.ProxyToServerConnection - (AWAITING_INITIAL) [id: 0xf37282df, /127.0.0.1:48951 => localhost/127.0.0.1:8080]: Retaining reference counted message
11:39:56.630 [LittleProxy-ClientToProxyWorker-3] DEBUG o.l.p.impl.ProxyToServerConnection - (AWAITING_INITIAL) [id: 0x700df78a, /127.0.0.1:35283 => localhost/127.0.0.1:9000]: Requested write of HttpObjectAggregator$AggregatedFullHttpRequest(decodeResult: success, version: HTTP/1.1, content: CompositeByteBuf(ridx: 0, widx: 0, cap: 0, components=0))
GET /views/messages.html HTTP/1.1
Host: localhost:9000
Accept: application/json, text/plain, */*
X-Forwarded-Proto: https
User-Agent: Mozilla/5.0 (X11; Linux x86_64) AppleWebKit/537.36 (KHTML, like Gecko) Chrome/44.0.2403.130 Safari/537.36
Referer: http://localhost:9000/
Accept-Language: en-GB,en-US;q=0.8,en;q=0.6
Content-Length: 0
Accept-Encoding: gzip, deflate, 
Via: 1.1 localhost.localdomain
11:39:56.630 [LittleProxy-ClientToProxyWorker-5] DEBUG o.l.p.impl.ProxyToServerConnection - (AWAITING_INITIAL) [id: 0xe5042028, /127.0.0.1:48999 => localhost/127.0.0.1:8080]: Retaining reference counted message
11:39:56.630 [LittleProxy-ClientToProxyWorker-2] DEBUG o.l.p.impl.ProxyToServerConnection - (AWAITING_INITIAL) [id: 0xf37282df, /127.0.0.1:48951 => localhost/127.0.0.1:8080]: Using existing connection to: localhost/127.0.0.1:8080
11:39:56.630 [LittleProxy-ClientToProxyWorker-3] DEBUG o.l.p.impl.ProxyToServerConnection - (AWAITING_INITIAL) [id: 0x700df78a, /127.0.0.1:35283 => localhost/127.0.0.1:9000]: Retaining reference counted message
11:39:56.630 [LittleProxy-ClientToProxyWorker-5] DEBUG o.l.p.impl.ProxyToServerConnection - (AWAITING_INITIAL) [id: 0xe5042028, /127.0.0.1:48999 => localhost/127.0.0.1:8080]: Using existing connection to: localhost/127.0.0.1:8080
11:39:56.630 [LittleProxy-ClientToProxyWorker-2] DEBUG o.l.p.impl.ProxyToServerConnection - (AWAITING_INITIAL) [id: 0xf37282df, /127.0.0.1:48951 => localhost/127.0.0.1:8080]: Writing: HttpObjectAggregator$AggregatedFullHttpRequest(decodeResult: success, version: HTTP/1.1, content: CompositeByteBuf(ridx: 0, widx: 0, cap: 0, components=0))
GET /campaign/types HTTP/1.1
Host: localhost:8080
Authorization: Basic YWRtaW46cGFzcw==
Accept: application/json, text/plain, */*
X-Forwarded-Proto: https
User-Agent: Mozilla/5.0 (X11; Linux x86_64) AppleWebKit/537.36 (KHTML, like Gecko) Chrome/44.0.2403.130 Safari/537.36
Referer: http://localhost:9000/
Accept-Language: en-GB,en-US;q=0.8,en;q=0.6
Content-Length: 0
X-Forwarded-Proto: https
Accept-Encoding: gzip, deflate, 
Via: 1.1 localhost.localdomain
11:39:56.630 [LittleProxy-ClientToProxyWorker-3] DEBUG o.l.p.impl.ProxyToServerConnection - (AWAITING_INITIAL) [id: 0x700df78a, /127.0.0.1:35283 => localhost/127.0.0.1:9000]: Using existing connection to: localhost/127.0.0.1:9000
11:39:56.630 [LittleProxy-ClientToProxyWorker-5] DEBUG o.l.p.impl.ProxyToServerConnection - (AWAITING_INITIAL) [id: 0xe5042028, /127.0.0.1:48999 => localhost/127.0.0.1:8080]: Writing: HttpObjectAggregator$AggregatedFullHttpRequest(decodeResult: success, version: HTTP/1.1, content: CompositeByteBuf(ridx: 0, widx: 0, cap: 0, components=0))
GET / HTTP/1.1
Host: localhost:8080
Authorization: Basic YWRtaW46cGFzcw==
Accept: application/json, text/plain, */*
X-Forwarded-Proto: https
User-Agent: Mozilla/5.0 (X11; Linux x86_64) AppleWebKit/537.36 (KHTML, like Gecko) Chrome/44.0.2403.130 Safari/537.36
Referer: http://localhost:9000/
Accept-Language: en-GB,en-US;q=0.8,en;q=0.6
Content-Length: 0
X-Forwarded-Proto: https
Accept-Encoding: gzip, deflate, 
Via: 1.1 localhost.localdomain
11:39:56.630 [LittleProxy-ClientToProxyWorker-3] DEBUG o.l.p.impl.ProxyToServerConnection - (AWAITING_INITIAL) [id: 0x700df78a, /127.0.0.1:35283 => localhost/127.0.0.1:9000]: Writing: HttpObjectAggregator$AggregatedFullHttpRequest(decodeResult: success, version: HTTP/1.1, content: CompositeByteBuf(ridx: 0, widx: 0, cap: 0, components=0))
GET /views/messages.html HTTP/1.1
Host: localhost:9000
Accept: application/json, text/plain, */*
X-Forwarded-Proto: https
User-Agent: Mozilla/5.0 (X11; Linux x86_64) AppleWebKit/537.36 (KHTML, like Gecko) Chrome/44.0.2403.130 Safari/537.36
Referer: http://localhost:9000/
Accept-Language: en-GB,en-US;q=0.8,en;q=0.6
Content-Length: 0
Accept-Encoding: gzip, deflate, 
Via: 1.1 localhost.localdomain
11:39:56.630 [LittleProxy-ClientToProxyWorker-2] DEBUG o.l.p.impl.ProxyToServerConnection - (AWAITING_INITIAL) [id: 0xf37282df, /127.0.0.1:48951 => localhost/127.0.0.1:8080]: Writing an empty buffer to signal the end of our chunked transfer
11:39:56.631 [LittleProxy-ClientToProxyWorker-5] DEBUG o.l.p.impl.ProxyToServerConnection - (AWAITING_INITIAL) [id: 0xe5042028, /127.0.0.1:48999 => localhost/127.0.0.1:8080]: Writing an empty buffer to signal the end of our chunked transfer
11:39:56.631 [LittleProxy-ClientToProxyWorker-3] DEBUG o.l.p.impl.ProxyToServerConnection - (AWAITING_INITIAL) [id: 0x700df78a, /127.0.0.1:35283 => localhost/127.0.0.1:9000]: Writing an empty buffer to signal the end of our chunked transfer
11:39:56.631 [LittleProxy-ClientToProxyWorker-2] DEBUG o.l.p.impl.ProxyToServerConnection - (AWAITING_INITIAL) [id: 0xf37282df, /127.0.0.1:48951 => localhost/127.0.0.1:8080]: Wrote: HttpObjectAggregator$AggregatedFullHttpRequest(decodeResult: success, version: HTTP/1.1, content: CompositeByteBuf(ridx: 0, widx: 0, cap: 0, components=0))
GET /campaign/types HTTP/1.1
Host: localhost:8080
Authorization: Basic YWRtaW46cGFzcw==
Accept: application/json, text/plain, */*
X-Forwarded-Proto: https
User-Agent: Mozilla/5.0 (X11; Linux x86_64) AppleWebKit/537.36 (KHTML, like Gecko) Chrome/44.0.2403.130 Safari/537.36
Referer: http://localhost:9000/
Accept-Language: en-GB,en-US;q=0.8,en;q=0.6
Content-Length: 0
X-Forwarded-Proto: https
Accept-Encoding: gzip, deflate, 
Via: 1.1 localhost.localdomain
11:39:56.631 [LittleProxy-ClientToProxyWorker-5] DEBUG o.l.p.impl.ProxyToServerConnection - (AWAITING_INITIAL) [id: 0xe5042028, /127.0.0.1:48999 => localhost/127.0.0.1:8080]: Wrote: HttpObjectAggregator$AggregatedFullHttpRequest(decodeResult: success, version: HTTP/1.1, content: CompositeByteBuf(ridx: 0, widx: 0, cap: 0, components=0))
GET / HTTP/1.1
Host: localhost:8080
Authorization: Basic YWRtaW46cGFzcw==
Accept: application/json, text/plain, */*
X-Forwarded-Proto: https
User-Agent: Mozilla/5.0 (X11; Linux x86_64) AppleWebKit/537.36 (KHTML, like Gecko) Chrome/44.0.2403.130 Safari/537.36
Referer: http://localhost:9000/
Accept-Language: en-GB,en-US;q=0.8,en;q=0.6
Content-Length: 0
X-Forwarded-Proto: https
Accept-Encoding: gzip, deflate, 
Via: 1.1 localhost.localdomain
11:39:56.631 [LittleProxy-ClientToProxyWorker-3] DEBUG o.l.p.impl.ProxyToServerConnection - (AWAITING_INITIAL) [id: 0x700df78a, /127.0.0.1:35283 => localhost/127.0.0.1:9000]: Wrote: HttpObjectAggregator$AggregatedFullHttpRequest(decodeResult: success, version: HTTP/1.1, content: CompositeByteBuf(ridx: 0, widx: 0, cap: 0, components=0))
GET /views/messages.html HTTP/1.1
Host: localhost:9000
Accept: application/json, text/plain, */*
X-Forwarded-Proto: https
User-Agent: Mozilla/5.0 (X11; Linux x86_64) AppleWebKit/537.36 (KHTML, like Gecko) Chrome/44.0.2403.130 Safari/537.36
Referer: http://localhost:9000/
Accept-Language: en-GB,en-US;q=0.8,en;q=0.6
Content-Length: 0
Accept-Encoding: gzip, deflate, 
Via: 1.1 localhost.localdomain
11:39:56.635 [LittleProxy-ProxyToServerWorker-2] DEBUG o.l.p.impl.ProxyToServerConnection - (AWAITING_INITIAL) [id: 0xf37282df, /127.0.0.1:48951 => localhost/127.0.0.1:8080]: Remembering the current request.
11:39:56.635 [LittleProxy-ProxyToServerWorker-2] DEBUG o.l.p.impl.ProxyToServerConnection - (AWAITING_INITIAL) [id: 0xf37282df, /127.0.0.1:48951 => localhost/127.0.0.1:8080]: Reading: DefaultHttpResponse(decodeResult: success, version: HTTP/1.1)
HTTP/1.1 200 OK
Server: Apache-Coyote/1.1
Access-Control-Allow-Origin: null
Access-Control-Allow-Credentials: true
Strict-Transport-Security: max-age=31536000 ; includeSubDomains
X-Frame-Options: DENY
X-XSS-Protection: 1; mode=block
X-Content-Type-Options: nosniff
Cache-Control: no-cache, no-store, max-age=0, must-revalidate
Pragma: no-cache
Expires: 0
X-Application-Context: application:development
Content-Type: application/json;charset=UTF-8
Transfer-Encoding: chunked
Date: Tue, 08 Sep 2015 10:39:56 GMT
11:39:56.635 [LittleProxy-ProxyToServerWorker-2] DEBUG o.l.p.impl.ProxyToServerConnection - (AWAITING_INITIAL) [id: 0xf37282df, /127.0.0.1:48951 => localhost/127.0.0.1:8080]: Received raw response: DefaultHttpResponse(decodeResult: success, version: HTTP/1.1)
HTTP/1.1 200 OK
Server: Apache-Coyote/1.1
Access-Control-Allow-Origin: null
Access-Control-Allow-Credentials: true
Strict-Transport-Security: max-age=31536000 ; includeSubDomains
X-Frame-Options: DENY
X-XSS-Protection: 1; mode=block
X-Content-Type-Options: nosniff
Cache-Control: no-cache, no-store, max-age=0, must-revalidate
Pragma: no-cache
Expires: 0
X-Application-Context: application:development
Content-Type: application/json;charset=UTF-8
Transfer-Encoding: chunked
Date: Tue, 08 Sep 2015 10:39:56 GMT
11:39:56.635 [LittleProxy-ProxyToServerWorker-2] DEBUG o.l.p.impl.ProxyToServerConnection - (AWAITING_INITIAL) [id: 0xf37282df, /127.0.0.1:48951 => localhost/127.0.0.1:8080]: Remembering the current response.
11:39:56.635 [LittleProxy-ProxyToServerWorker-2] DEBUG o.l.p.impl.ClientToProxyConnection - (AWAITING_INITIAL) [id: 0xbfd76251, /127.0.0.1:54162 => /127.0.1.1:45224]: Writing: DefaultHttpResponse(decodeResult: success, version: HTTP/1.1)
HTTP/1.1 200 OK
Server: Apache-Coyote/1.1
Access-Control-Allow-Origin: null
Access-Control-Allow-Credentials: true
Strict-Transport-Security: max-age=31536000 ; includeSubDomains
X-Frame-Options: DENY
X-XSS-Protection: 1; mode=block
X-Content-Type-Options: nosniff
Cache-Control: no-cache, no-store, max-age=0, must-revalidate
Pragma: no-cache
Expires: 0
X-Application-Context: application:development
Content-Type: application/json;charset=UTF-8
Transfer-Encoding: chunked
Date: Tue, 08 Sep 2015 10:39:56 GMT
Via: 1.1 localhost.localdomain
11:39:56.635 [LittleProxy-ProxyToServerWorker-2] DEBUG o.l.p.impl.ClientToProxyConnection - (AWAITING_INITIAL) [id: 0xbfd76251, /127.0.0.1:54162 => /127.0.1.1:45224]: Wrote: DefaultHttpResponse(decodeResult: success, version: HTTP/1.1)
HTTP/1.1 200 OK
Server: Apache-Coyote/1.1
Access-Control-Allow-Origin: null
Access-Control-Allow-Credentials: true
Strict-Transport-Security: max-age=31536000 ; includeSubDomains
X-Frame-Options: DENY
X-XSS-Protection: 1; mode=block
X-Content-Type-Options: nosniff
Cache-Control: no-cache, no-store, max-age=0, must-revalidate
Pragma: no-cache
Expires: 0
X-Application-Context: application:development
Content-Type: application/json;charset=UTF-8
Transfer-Encoding: chunked
Date: Tue, 08 Sep 2015 10:39:56 GMT
Via: 1.1 localhost.localdomain
11:39:56.635 [LittleProxy-ProxyToServerWorker-2] DEBUG o.l.p.impl.ClientToProxyConnection - (AWAITING_INITIAL) [id: 0xbfd76251, /127.0.0.1:54162 => /127.0.1.1:45224]: Not closing server connection on middle chunk for /campaign/types
11:39:56.635 [LittleProxy-ProxyToServerWorker-2] DEBUG o.l.p.impl.ClientToProxyConnection - (AWAITING_INITIAL) [id: 0xbfd76251, /127.0.0.1:54162 => /127.0.1.1:45224]: Not closing client connection on middle chunk for /campaign/types
11:39:56.635 [LittleProxy-ProxyToServerWorker-2] DEBUG o.l.p.impl.ProxyToServerConnection - (AWAITING_CHUNK) [id: 0xf37282df, /127.0.0.1:48951 => localhost/127.0.0.1:8080]: Reading: DefaultHttpContent(data: SlicedByteBuf(ridx: 0, widx: 223, cap: 223/223, unwrapped: UnpooledUnsafeDirectByteBuf(ridx: 229, widx: 229, cap: 2048)), decoderResult: success)
11:39:56.635 [LittleProxy-ProxyToServerWorker-2] DEBUG o.l.p.impl.ClientToProxyConnection - (AWAITING_INITIAL) [id: 0xbfd76251, /127.0.0.1:54162 => /127.0.1.1:45224]: Retaining reference counted message
11:39:56.635 [LittleProxy-ProxyToServerWorker-2] DEBUG o.l.p.impl.ClientToProxyConnection - (AWAITING_INITIAL) [id: 0xbfd76251, /127.0.0.1:54162 => /127.0.1.1:45224]: Writing: DefaultHttpContent(data: SlicedByteBuf(ridx: 0, widx: 223, cap: 223/223, unwrapped: UnpooledUnsafeDirectByteBuf(ridx: 229, widx: 229, cap: 2048)), decoderResult: success)
11:39:56.635 [LittleProxy-ProxyToServerWorker-2] DEBUG o.l.p.impl.ClientToProxyConnection - (AWAITING_INITIAL) [id: 0xbfd76251, /127.0.0.1:54162 => /127.0.1.1:45224]: Wrote: DefaultHttpContent(data: SlicedByteBuf(ridx: 0, widx: 223, cap: 223/223, unwrapped: UnpooledUnsafeDirectByteBuf(ridx: 229, widx: 229, cap: 2048)), decoderResult: success)
11:39:56.635 [LittleProxy-ProxyToServerWorker-2] DEBUG o.l.p.impl.ClientToProxyConnection - (AWAITING_INITIAL) [id: 0xbfd76251, /127.0.0.1:54162 => /127.0.1.1:45224]: Not closing server connection on middle chunk for /campaign/types
11:39:56.635 [LittleProxy-ProxyToServerWorker-2] DEBUG o.l.p.impl.ClientToProxyConnection - (AWAITING_INITIAL) [id: 0xbfd76251, /127.0.0.1:54162 => /127.0.1.1:45224]: Not closing client connection on middle chunk for /campaign/types
11:39:56.635 [LittleProxy-ProxyToServerWorker-2] DEBUG o.l.p.impl.ProxyToServerConnection - (AWAITING_CHUNK) [id: 0xf37282df, /127.0.0.1:48951 => localhost/127.0.0.1:8080]: Reading: EmptyLastHttpContent
11:39:56.635 [LittleProxy-ProxyToServerWorker-2] DEBUG o.l.p.impl.ClientToProxyConnection - (AWAITING_INITIAL) [id: 0xbfd76251, /127.0.0.1:54162 => /127.0.1.1:45224]: Retaining reference counted message
11:39:56.635 [LittleProxy-ProxyToServerWorker-2] DEBUG o.l.p.impl.ClientToProxyConnection - (AWAITING_INITIAL) [id: 0xbfd76251, /127.0.0.1:54162 => /127.0.1.1:45224]: Writing: EmptyLastHttpContent
11:39:56.635 [LittleProxy-ProxyToServerWorker-2] DEBUG o.l.p.impl.ClientToProxyConnection - (AWAITING_INITIAL) [id: 0xbfd76251, /127.0.0.1:54162 => /127.0.1.1:45224]: Writing an empty buffer to signal the end of our chunked transfer
11:39:56.635 [LittleProxy-ProxyToServerWorker-2] DEBUG o.l.p.impl.ClientToProxyConnection - (AWAITING_INITIAL) [id: 0xbfd76251, /127.0.0.1:54162 => /127.0.1.1:45224]: Wrote: EmptyLastHttpContent
11:39:56.635 [LittleProxy-ProxyToServerWorker-2] DEBUG o.l.p.impl.ClientToProxyConnection - (AWAITING_INITIAL) [id: 0xbfd76251, /127.0.0.1:54162 => /127.0.1.1:45224]: Retaining reference counted message
11:39:56.635 [LittleProxy-ProxyToServerWorker-2] DEBUG o.l.p.impl.ClientToProxyConnection - (AWAITING_INITIAL) [id: 0xbfd76251, /127.0.0.1:54162 => /127.0.1.1:45224]: Writing: EmptyByteBufBE
11:39:56.635 [LittleProxy-ProxyToServerWorker-2] DEBUG o.l.p.impl.ClientToProxyConnection - (AWAITING_INITIAL) [id: 0xbfd76251, /127.0.0.1:54162 => /127.0.1.1:45224]: Wrote: EmptyByteBufBE
11:39:56.635 [LittleProxy-ProxyToServerWorker-2] DEBUG o.l.p.impl.ClientToProxyConnection - (AWAITING_INITIAL) [id: 0xbfd76251, /127.0.0.1:54162 => /127.0.1.1:45224]: Handling last chunk. Using normal server connection closing rules.
11:39:56.635 [LittleProxy-ProxyToServerWorker-2] DEBUG o.l.p.impl.ClientToProxyConnection - (AWAITING_INITIAL) [id: 0xbfd76251, /127.0.0.1:54162 => /127.0.1.1:45224]: Not closing server connection for response: DefaultHttpResponse(decodeResult: success, version: HTTP/1.1)
HTTP/1.1 200 OK
Server: Apache-Coyote/1.1
Access-Control-Allow-Origin: null
Access-Control-Allow-Credentials: true
Strict-Transport-Security: max-age=31536000 ; includeSubDomains
X-Frame-Options: DENY
X-XSS-Protection: 1; mode=block
X-Content-Type-Options: nosniff
Cache-Control: no-cache, no-store, max-age=0, must-revalidate
Pragma: no-cache
Expires: 0
X-Application-Context: application:development
Content-Type: application/json;charset=UTF-8
Transfer-Encoding: chunked
Date: Tue, 08 Sep 2015 10:39:56 GMT
11:39:56.635 [LittleProxy-ProxyToServerWorker-2] DEBUG o.l.p.impl.ClientToProxyConnection - (AWAITING_INITIAL) [id: 0xbfd76251, /127.0.0.1:54162 => /127.0.1.1:45224]: Handling last chunk. Using normal client connection closing rules.
11:39:56.636 [LittleProxy-ProxyToServerWorker-2] DEBUG o.l.p.impl.ClientToProxyConnection - (AWAITING_INITIAL) [id: 0xbfd76251, /127.0.0.1:54162 => /127.0.1.1:45224]: Not closing client connection for request: [FAILED toString()]
11:39:56.638 [LittleProxy-ProxyToServerWorker-7] DEBUG o.l.p.impl.ProxyToServerConnection - (AWAITING_INITIAL) [id: 0xe5042028, /127.0.0.1:48999 => localhost/127.0.0.1:8080]: Remembering the current request.
11:39:56.638 [LittleProxy-ProxyToServerWorker-7] DEBUG o.l.p.impl.ProxyToServerConnection - (AWAITING_INITIAL) [id: 0xe5042028, /127.0.0.1:48999 => localhost/127.0.0.1:8080]: Reading: DefaultHttpResponse(decodeResult: success, version: HTTP/1.1)
HTTP/1.1 200 OK
Server: Apache-Coyote/1.1
Access-Control-Allow-Origin: null
Access-Control-Allow-Credentials: true
Strict-Transport-Security: max-age=31536000 ; includeSubDomains
X-Frame-Options: DENY
X-XSS-Protection: 1; mode=block
X-Content-Type-Options: nosniff
Cache-Control: no-cache, no-store, max-age=0, must-revalidate
Pragma: no-cache
Expires: 0
X-Application-Context: application:development
Content-Type: application/json;charset=UTF-8
Transfer-Encoding: chunked
Date: Tue, 08 Sep 2015 10:39:56 GMT
11:39:56.638 [LittleProxy-ProxyToServerWorker-7] DEBUG o.l.p.impl.ProxyToServerConnection - (AWAITING_INITIAL) [id: 0xe5042028, /127.0.0.1:48999 => localhost/127.0.0.1:8080]: Received raw response: DefaultHttpResponse(decodeResult: success, version: HTTP/1.1)
HTTP/1.1 200 OK
Server: Apache-Coyote/1.1
Access-Control-Allow-Origin: null
Access-Control-Allow-Credentials: true
Strict-Transport-Security: max-age=31536000 ; includeSubDomains
X-Frame-Options: DENY
X-XSS-Protection: 1; mode=block
X-Content-Type-Options: nosniff
Cache-Control: no-cache, no-store, max-age=0, must-revalidate
Pragma: no-cache
Expires: 0
X-Application-Context: application:development
Content-Type: application/json;charset=UTF-8
Transfer-Encoding: chunked
Date: Tue, 08 Sep 2015 10:39:56 GMT
11:39:56.638 [LittleProxy-ProxyToServerWorker-7] DEBUG o.l.p.impl.ProxyToServerConnection - (AWAITING_INITIAL) [id: 0xe5042028, /127.0.0.1:48999 => localhost/127.0.0.1:8080]: Remembering the current response.
11:39:56.639 [LittleProxy-ProxyToServerWorker-7] DEBUG o.l.p.impl.ClientToProxyConnection - (AWAITING_INITIAL) [id: 0x37fa264d, /127.0.0.1:54206 => /127.0.1.1:45224]: Writing: DefaultHttpResponse(decodeResult: success, version: HTTP/1.1)
HTTP/1.1 200 OK
Server: Apache-Coyote/1.1
Access-Control-Allow-Origin: null
Access-Control-Allow-Credentials: true
Strict-Transport-Security: max-age=31536000 ; includeSubDomains
X-Frame-Options: DENY
X-XSS-Protection: 1; mode=block
X-Content-Type-Options: nosniff
Cache-Control: no-cache, no-store, max-age=0, must-revalidate
Pragma: no-cache
Expires: 0
X-Application-Context: application:development
Content-Type: application/json;charset=UTF-8
Transfer-Encoding: chunked
Date: Tue, 08 Sep 2015 10:39:56 GMT
Via: 1.1 localhost.localdomain
11:39:56.639 [LittleProxy-ProxyToServerWorker-7] DEBUG o.l.p.impl.ClientToProxyConnection - (AWAITING_INITIAL) [id: 0x37fa264d, /127.0.0.1:54206 => /127.0.1.1:45224]: Wrote: DefaultHttpResponse(decodeResult: success, version: HTTP/1.1)
HTTP/1.1 200 OK
Server: Apache-Coyote/1.1
Access-Control-Allow-Origin: null
Access-Control-Allow-Credentials: true
Strict-Transport-Security: max-age=31536000 ; includeSubDomains
X-Frame-Options: DENY
X-XSS-Protection: 1; mode=block
X-Content-Type-Options: nosniff
Cache-Control: no-cache, no-store, max-age=0, must-revalidate
Pragma: no-cache
Expires: 0
X-Application-Context: application:development
Content-Type: application/json;charset=UTF-8
Transfer-Encoding: chunked
Date: Tue, 08 Sep 2015 10:39:56 GMT
Via: 1.1 localhost.localdomain
11:39:56.639 [LittleProxy-ProxyToServerWorker-7] DEBUG o.l.p.impl.ClientToProxyConnection - (AWAITING_INITIAL) [id: 0x37fa264d, /127.0.0.1:54206 => /127.0.1.1:45224]: Not closing server connection on middle chunk for /
11:39:56.639 [LittleProxy-ProxyToServerWorker-7] DEBUG o.l.p.impl.ClientToProxyConnection - (AWAITING_INITIAL) [id: 0x37fa264d, /127.0.0.1:54206 => /127.0.1.1:45224]: Not closing client connection on middle chunk for /
11:39:56.639 [LittleProxy-ProxyToServerWorker-7] DEBUG o.l.p.impl.ProxyToServerConnection - (AWAITING_CHUNK) [id: 0xe5042028, /127.0.0.1:48999 => localhost/127.0.0.1:8080]: Reading: DefaultHttpContent(data: SlicedByteBuf(ridx: 0, widx: 583, cap: 583/583, unwrapped: UnpooledUnsafeDirectByteBuf(ridx: 590, widx: 590, cap: 1024)), decoderResult: success)
11:39:56.639 [LittleProxy-ProxyToServerWorker-7] DEBUG o.l.p.impl.ClientToProxyConnection - (AWAITING_INITIAL) [id: 0x37fa264d, /127.0.0.1:54206 => /127.0.1.1:45224]: Retaining reference counted message
11:39:56.639 [LittleProxy-ProxyToServerWorker-7] DEBUG o.l.p.impl.ClientToProxyConnection - (AWAITING_INITIAL) [id: 0x37fa264d, /127.0.0.1:54206 => /127.0.1.1:45224]: Writing: DefaultHttpContent(data: SlicedByteBuf(ridx: 0, widx: 583, cap: 583/583, unwrapped: UnpooledUnsafeDirectByteBuf(ridx: 590, widx: 590, cap: 1024)), decoderResult: success)
11:39:56.639 [LittleProxy-ProxyToServerWorker-7] DEBUG o.l.p.impl.ClientToProxyConnection - (AWAITING_INITIAL) [id: 0x37fa264d, /127.0.0.1:54206 => /127.0.1.1:45224]: Wrote: DefaultHttpContent(data: SlicedByteBuf(ridx: 0, widx: 583, cap: 583/583, unwrapped: UnpooledUnsafeDirectByteBuf(ridx: 590, widx: 590, cap: 1024)), decoderResult: success)
11:39:56.639 [LittleProxy-ProxyToServerWorker-7] DEBUG o.l.p.impl.ClientToProxyConnection - (AWAITING_INITIAL) [id: 0x37fa264d, /127.0.0.1:54206 => /127.0.1.1:45224]: Not closing server connection on middle chunk for /
11:39:56.639 [LittleProxy-ProxyToServerWorker-7] DEBUG o.l.p.impl.ClientToProxyConnection - (AWAITING_INITIAL) [id: 0x37fa264d, /127.0.0.1:54206 => /127.0.1.1:45224]: Not closing client connection on middle chunk for /
11:39:56.639 [LittleProxy-ProxyToServerWorker-7] DEBUG o.l.p.impl.ProxyToServerConnection - (AWAITING_CHUNK) [id: 0xe5042028, /127.0.0.1:48999 => localhost/127.0.0.1:8080]: Reading: EmptyLastHttpContent
11:39:56.639 [LittleProxy-ProxyToServerWorker-7] DEBUG o.l.p.impl.ClientToProxyConnection - (AWAITING_INITIAL) [id: 0x37fa264d, /127.0.0.1:54206 => /127.0.1.1:45224]: Retaining reference counted message
11:39:56.639 [LittleProxy-ProxyToServerWorker-7] DEBUG o.l.p.impl.ClientToProxyConnection - (AWAITING_INITIAL) [id: 0x37fa264d, /127.0.0.1:54206 => /127.0.1.1:45224]: Writing: EmptyLastHttpContent
11:39:56.639 [LittleProxy-ProxyToServerWorker-7] DEBUG o.l.p.impl.ClientToProxyConnection - (AWAITING_INITIAL) [id: 0x37fa264d, /127.0.0.1:54206 => /127.0.1.1:45224]: Writing an empty buffer to signal the end of our chunked transfer
11:39:56.639 [LittleProxy-ProxyToServerWorker-7] DEBUG o.l.p.impl.ClientToProxyConnection - (AWAITING_INITIAL) [id: 0x37fa264d, /127.0.0.1:54206 => /127.0.1.1:45224]: Wrote: EmptyLastHttpContent
11:39:56.639 [LittleProxy-ProxyToServerWorker-7] DEBUG o.l.p.impl.ClientToProxyConnection - (AWAITING_INITIAL) [id: 0x37fa264d, /127.0.0.1:54206 => /127.0.1.1:45224]: Retaining reference counted message
11:39:56.639 [LittleProxy-ProxyToServerWorker-7] DEBUG o.l.p.impl.ClientToProxyConnection - (AWAITING_INITIAL) [id: 0x37fa264d, /127.0.0.1:54206 => /127.0.1.1:45224]: Writing: EmptyByteBufBE
11:39:56.639 [LittleProxy-ProxyToServerWorker-7] DEBUG o.l.p.impl.ClientToProxyConnection - (AWAITING_INITIAL) [id: 0x37fa264d, /127.0.0.1:54206 => /127.0.1.1:45224]: Wrote: EmptyByteBufBE
11:39:56.639 [LittleProxy-ProxyToServerWorker-7] DEBUG o.l.p.impl.ClientToProxyConnection - (AWAITING_INITIAL) [id: 0x37fa264d, /127.0.0.1:54206 => /127.0.1.1:45224]: Handling last chunk. Using normal server connection closing rules.
11:39:56.639 [LittleProxy-ProxyToServerWorker-7] DEBUG o.l.p.impl.ClientToProxyConnection - (AWAITING_INITIAL) [id: 0x37fa264d, /127.0.0.1:54206 => /127.0.1.1:45224]: Not closing server connection for response: DefaultHttpResponse(decodeResult: success, version: HTTP/1.1)
HTTP/1.1 200 OK
Server: Apache-Coyote/1.1
Access-Control-Allow-Origin: null
Access-Control-Allow-Credentials: true
Strict-Transport-Security: max-age=31536000 ; includeSubDomains
X-Frame-Options: DENY
X-XSS-Protection: 1; mode=block
X-Content-Type-Options: nosniff
Cache-Control: no-cache, no-store, max-age=0, must-revalidate
Pragma: no-cache
Expires: 0
X-Application-Context: application:development
Content-Type: application/json;charset=UTF-8
Transfer-Encoding: chunked
Date: Tue, 08 Sep 2015 10:39:56 GMT
11:39:56.639 [LittleProxy-ProxyToServerWorker-7] DEBUG o.l.p.impl.ClientToProxyConnection - (AWAITING_INITIAL) [id: 0x37fa264d, /127.0.0.1:54206 => /127.0.1.1:45224]: Handling last chunk. Using normal client connection closing rules.
11:39:56.640 [LittleProxy-ProxyToServerWorker-7] DEBUG o.l.p.impl.ClientToProxyConnection - (AWAITING_INITIAL) [id: 0x37fa264d, /127.0.0.1:54206 => /127.0.1.1:45224]: Not closing client connection for request: [FAILED toString()]
11:39:56.641 [LittleProxy-ProxyToServerWorker-7] DEBUG o.l.p.impl.ProxyToServerConnection - (AWAITING_INITIAL) [id: 0x700df78a, /127.0.0.1:35283 => localhost/127.0.0.1:9000]: Remembering the current request.
11:39:56.641 [LittleProxy-ProxyToServerWorker-7] DEBUG o.l.p.impl.ProxyToServerConnection - (AWAITING_INITIAL) [id: 0x700df78a, /127.0.0.1:35283 => localhost/127.0.0.1:9000]: Reading: DefaultHttpResponse(decodeResult: success, version: HTTP/1.1)
HTTP/1.1 200 OK
Accept-Ranges: bytes
Date: Tue, 08 Sep 2015 10:39:56 GMT
Cache-Control: public, max-age=0
Last-Modified: Mon, 20 Jul 2015 14:46:32 GMT
ETag: W/"q4zEra9IifKNalAth/TQzw=="
Content-Type: text/html; charset=UTF-8
Content-Length: 249
Connection: keep-alive
11:39:56.641 [LittleProxy-ProxyToServerWorker-7] DEBUG o.l.p.impl.ProxyToServerConnection - (AWAITING_INITIAL) [id: 0x700df78a, /127.0.0.1:35283 => localhost/127.0.0.1:9000]: Received raw response: DefaultHttpResponse(decodeResult: success, version: HTTP/1.1)
HTTP/1.1 200 OK
Accept-Ranges: bytes
Date: Tue, 08 Sep 2015 10:39:56 GMT
Cache-Control: public, max-age=0
Last-Modified: Mon, 20 Jul 2015 14:46:32 GMT
ETag: W/"q4zEra9IifKNalAth/TQzw=="
Content-Type: text/html; charset=UTF-8
Content-Length: 249
Connection: keep-alive
11:39:56.641 [LittleProxy-ProxyToServerWorker-7] DEBUG o.l.p.impl.ProxyToServerConnection - (AWAITING_INITIAL) [id: 0x700df78a, /127.0.0.1:35283 => localhost/127.0.0.1:9000]: Remembering the current response.
11:39:56.641 [LittleProxy-ProxyToServerWorker-7] DEBUG o.l.p.impl.ClientToProxyConnection - (AWAITING_INITIAL) [id: 0x4dc93f85, /127.0.0.1:54147 => /127.0.1.1:45224]: Writing: DefaultHttpResponse(decodeResult: success, version: HTTP/1.1)
HTTP/1.1 200 OK
Accept-Ranges: bytes
Date: Tue, 08 Sep 2015 10:39:56 GMT
Cache-Control: public, max-age=0
Last-Modified: Mon, 20 Jul 2015 14:46:32 GMT
ETag: W/"q4zEra9IifKNalAth/TQzw=="
Content-Type: text/html; charset=UTF-8
Content-Length: 249
Via: 1.1 localhost.localdomain
11:39:56.641 [LittleProxy-ProxyToServerWorker-7] DEBUG o.l.p.impl.ClientToProxyConnection - (AWAITING_INITIAL) [id: 0x4dc93f85, /127.0.0.1:54147 => /127.0.1.1:45224]: Wrote: DefaultHttpResponse(decodeResult: success, version: HTTP/1.1)
HTTP/1.1 200 OK
Accept-Ranges: bytes
Date: Tue, 08 Sep 2015 10:39:56 GMT
Cache-Control: public, max-age=0
Last-Modified: Mon, 20 Jul 2015 14:46:32 GMT
ETag: W/"q4zEra9IifKNalAth/TQzw=="
Content-Type: text/html; charset=UTF-8
Content-Length: 249
Via: 1.1 localhost.localdomain
11:39:56.641 [LittleProxy-ProxyToServerWorker-7] DEBUG o.l.p.impl.ClientToProxyConnection - (AWAITING_INITIAL) [id: 0x4dc93f85, /127.0.0.1:54147 => /127.0.1.1:45224]: Not closing server connection on middle chunk for /views/messages.html
11:39:56.641 [LittleProxy-ProxyToServerWorker-7] DEBUG o.l.p.impl.ClientToProxyConnection - (AWAITING_INITIAL) [id: 0x4dc93f85, /127.0.0.1:54147 => /127.0.1.1:45224]: Not closing client connection on middle chunk for /views/messages.html
11:39:56.641 [LittleProxy-ProxyToServerWorker-7] DEBUG o.l.p.impl.ProxyToServerConnection - (AWAITING_CHUNK) [id: 0x700df78a, /127.0.0.1:35283 => localhost/127.0.0.1:9000]: Reading: DefaultLastHttpContent(data: SlicedByteBuf(ridx: 0, widx: 249, cap: 249/249, unwrapped: UnpooledUnsafeDirectByteBuf(ridx: 249, widx: 249, cap: 4096)), decoderResult: success)
11:39:56.641 [LittleProxy-ProxyToServerWorker-7] DEBUG o.l.p.impl.ClientToProxyConnection - (AWAITING_INITIAL) [id: 0x4dc93f85, /127.0.0.1:54147 => /127.0.1.1:45224]: Retaining reference counted message
11:39:56.641 [LittleProxy-ProxyToServerWorker-7] DEBUG o.l.p.impl.ClientToProxyConnection - (AWAITING_INITIAL) [id: 0x4dc93f85, /127.0.0.1:54147 => /127.0.1.1:45224]: Writing: DefaultLastHttpContent(data: SlicedByteBuf(ridx: 0, widx: 249, cap: 249/249, unwrapped: UnpooledUnsafeDirectByteBuf(ridx: 249, widx: 249, cap: 4096)), decoderResult: success)
11:39:56.641 [LittleProxy-ProxyToServerWorker-7] DEBUG o.l.p.impl.ClientToProxyConnection - (AWAITING_INITIAL) [id: 0x4dc93f85, /127.0.0.1:54147 => /127.0.1.1:45224]: Writing an empty buffer to signal the end of our chunked transfer
11:39:56.641 [LittleProxy-ProxyToServerWorker-7] DEBUG o.l.p.impl.ClientToProxyConnection - (AWAITING_INITIAL) [id: 0x4dc93f85, /127.0.0.1:54147 => /127.0.1.1:45224]: Wrote: DefaultLastHttpContent(data: SlicedByteBuf(ridx: 0, widx: 249, cap: 249/249, unwrapped: UnpooledUnsafeDirectByteBuf(ridx: 249, widx: 249, cap: 4096)), decoderResult: success)
11:39:56.641 [LittleProxy-ProxyToServerWorker-7] DEBUG o.l.p.impl.ClientToProxyConnection - (AWAITING_INITIAL) [id: 0x4dc93f85, /127.0.0.1:54147 => /127.0.1.1:45224]: Retaining reference counted message
11:39:56.641 [LittleProxy-ProxyToServerWorker-7] DEBUG o.l.p.impl.ClientToProxyConnection - (AWAITING_INITIAL) [id: 0x4dc93f85, /127.0.0.1:54147 => /127.0.1.1:45224]: Writing: EmptyByteBufBE
11:39:56.641 [LittleProxy-ProxyToServerWorker-7] DEBUG o.l.p.impl.ClientToProxyConnection - (AWAITING_INITIAL) [id: 0x4dc93f85, /127.0.0.1:54147 => /127.0.1.1:45224]: Wrote: EmptyByteBufBE
11:39:56.641 [LittleProxy-ProxyToServerWorker-7] DEBUG o.l.p.impl.ClientToProxyConnection - (AWAITING_INITIAL) [id: 0x4dc93f85, /127.0.0.1:54147 => /127.0.1.1:45224]: Handling last chunk. Using normal server connection closing rules.
11:39:56.641 [LittleProxy-ProxyToServerWorker-7] DEBUG o.l.p.impl.ClientToProxyConnection - (AWAITING_INITIAL) [id: 0x4dc93f85, /127.0.0.1:54147 => /127.0.1.1:45224]: Not closing server connection for response: DefaultHttpResponse(decodeResult: success, version: HTTP/1.1)
HTTP/1.1 200 OK
Accept-Ranges: bytes
Date: Tue, 08 Sep 2015 10:39:56 GMT
Cache-Control: public, max-age=0
Last-Modified: Mon, 20 Jul 2015 14:46:32 GMT
ETag: W/"q4zEra9IifKNalAth/TQzw=="
Content-Type: text/html; charset=UTF-8
Content-Length: 249
Connection: keep-alive
11:39:56.641 [LittleProxy-ProxyToServerWorker-7] DEBUG o.l.p.impl.ClientToProxyConnection - (AWAITING_INITIAL) [id: 0x4dc93f85, /127.0.0.1:54147 => /127.0.1.1:45224]: Handling last chunk. Using normal client connection closing rules.
11:39:56.642 [LittleProxy-ProxyToServerWorker-7] DEBUG o.l.p.impl.ClientToProxyConnection - (AWAITING_INITIAL) [id: 0x4dc93f85, /127.0.0.1:54147 => /127.0.1.1:45224]: Not closing client connection for request: [FAILED toString()]
11:39:56.807 [Forwarding getPageSource on session d94198a6aa3008d5ffaf97f92db0cb0c to remote] DEBUG org.apache.http.wire - http-outgoing-82 << "HTTP/1.1 200 OK[\r][\n]"
11:39:56.807 [Forwarding getPageSource on session d94198a6aa3008d5ffaf97f92db0cb0c to remote] DEBUG org.apache.http.wire - http-outgoing-82 << "Content-Length:54032[\r][\n]"
11:39:56.807 [Forwarding getPageSource on session d94198a6aa3008d5ffaf97f92db0cb0c to remote] DEBUG org.apache.http.wire - http-outgoing-82 << "Content-Type:application/json; charset=utf-8[\r][\n]"
11:39:56.807 [Forwarding getPageSource on session d94198a6aa3008d5ffaf97f92db0cb0c to remote] DEBUG org.apache.http.wire - http-outgoing-82 << "Connection:close[\r][\n]"
11:39:56.807 [Forwarding getPageSource on session d94198a6aa3008d5ffaf97f92db0cb0c to remote] DEBUG org.apache.http.wire - http-outgoing-82 << "[\r][\n]"
11:39:56.807 [Forwarding getPageSource on session d94198a6aa3008d5ffaf97f92db0cb0c to remote] DEBUG org.apache.http.wire - http-outgoing-82 << "{"sessionId":"d94198a6aa3008d5ffaf97f92db0cb0c","status":0,"value":"\u003C!DOCTYPE html>\u003Chtml xmlns=\"http://www.w3.org/1999/xhtml\" class=\"no-js\">\u003Chead>\u003Cstyle type=\"text/css\">@charset \"UTF-8\";[ng\\:cloak],[ng-cloak],[data-ng-cloak],[x-ng-cloak],.ng-cloak,.x-ng-cloak,.ng-hide:not(.ng-hide-animate){display:none !important;}ng\\:form{display:block;}.ng-animate-shim{visibility:hidden;}.ng-anchor{position:absolute;}\u003C/style>\n    \u003Cmeta charset=\"utf-8\" />\n    \u003Ctitle>\u003C/title>\n    \u003Cmeta name=\"description\" content=\"\" />\n    \u003Cmeta name=\"viewport\" content=\"width=device-width\" />\n    \u003C!-- build:css(.) styles/vendor.css -->\n    \u003C!-- bower:css -->\n    \u003Clink rel=\"stylesheet\" href=\"bower_components/bootstrap/dist/css/bootstrap.css\" />\n    \u003Clink rel=\"stylesheet\" href=\"bower_components/angular-bootstrap-datetimepicker/src/css/datetimepicker.css\" />\n    \u003Clink rel=\"stylesheet\" href=\"bower_components/angular-dialog-service/dist/dialogs.min.css\" />\n    \u003C!-- endbower -->\n    \u003Clink rel=\"stylesheet\" href=\"bower_components/jquery-ui/themes/base/all.css\" />\n    \u003C!-- endbuild -->\n    \u003C!-- build:css(.tmp) styles/main.css -->\n    \u003Clink rel=\"stylesheet\" href=\"styles/main.css\" />\n    \u003C!-- endbuild -->\n  \u003C/head>\n  \u003Cbody ng-app=\"vouchersUiApp\" class=\"ng-scope\">\n    \u003C!--[if lt IE 7]>\n      \u003Cp class=\"browsehappy\">You are using an \u003Cstrong>outdated\u003C/strong> browser. Please \u003Ca href=\"http://browsehappy.com/\">upgrade your browser\u003C/a> to improve your experience.\u003C/p>\n    \u003C![endif]-->\n    \u003Cserver-connection>\u003Cdiv class=\"col-md-12 alert-message\">\n\u003C!-- ngRepeat: alert in alerts -->\n\u003C/div>\n\u003C/server-connection>\n    \u003C!-- Add your site or application content here -->\n    \u003Cdiv class=\"container\">\n\n        \u003C!-- ngView:  -->\u003Cdiv ng-view=\"\" class=\"body ng-scope\">\u003C!-- ngInclude: undefined -->\u003Cng-include src=\"'/views/header.html'\" class=\"ng-scope\">\u003Cdiv class=\"header ng-scope\">\n    \u003Cul class=\"nav nav-pills pull-right\">\n        \u003Cli>\u003Ca id=\"campaigns-header\" ng-href=\"#/\" class=\"campaigns\" href=\"#/\">Campaigns\u003C/a>\u003C/li>\n        \u003Cli>\u003Ca id=\"create-campaign-header\" ng-href=\"#/campaign\" class=\"campaign ng-hide\" data-ng-show=\"showCreateCampaign()\" href=\"#/campaign\">Create Campaign\u003C/a>\u003C/li>\n        \u003Cli>\u003Ca id=\"search-vouchers-header\" ng-href=\"#/voucher\" class=\"campaign\" href=\"#/voucher\">Search Vouchers\u003C/a>\u003C/li>\n        \u003Cli>\u003Ca id=\"search-account-header\" ng-href=\"#/account\" class=\"campaign\" href=\"#/account\">Search Account\u003C/a>\u003C/li>\n    \u003C/ul>\n    \u003Ch3>\u003Ca ng-href=\"#/\" href=\"#/\">Voucher Manager\u003C/a>\u003C/h3>\n\u003C/div>\n\u003C/ng-include>\n\u003Cdiv class=\"row ng-scope ng-hide\" ng-show=\"campaignDetails.id !== undefined\">\n    \u003Cdiv class=\"col-md-6 panel\">\n        \u003Ca ng-href=\"#/campaign/\" href=\"#/campaign/\">&lt; Back\u003C/a>\n    \u003C/div>\n\u003C/div>\n\u003Cdiv class=\"row campaign create ng-scope\">\n    \u003Cdiv class=\"col-md-6\">\n        \u003Ch4 class=\"ng-binding\">Create Campaign Details\u003C/h4>\n\n        \u003Cform role=\"form\" name=\"campaignForm\" class=\"form ng-pristine ng-invalid ng-invalid-required ng-valid-maxlength ng-valid-pattern ng-valid-min ng-valid-max\">\n            \u003Cdiv class=\"form-group\" show-errors=\"\">\n                \u003Clabel for=\"campaignType\" class=\"create-only\">Type\u003C/label>\n                \u003Cselect id=\"campaignType\" name=\"campaignType\" class=\"form-control ng-pristine ng-untouched ng-invalid ng-invalid-required\" ng-model=\"campaignDetails.type\" ng-options=\"campaignType.key as campaignType.value for campaignType in campaignTypes\" required=\"\" data-ng-disabled=\"isUpdateable()\">\u003Coption value=\"?\" selected=\"selected\">\u003C/option>\u003C/select>\n            \u003C/div>\n            \u003Cdiv class=\"form-group\" show-errors=\"\">\n                \u003Clabel for=\"name\" class=\"required\">Name\u003C/label>\n                \u003Cinput type=\"text\" ng-model=\"campaignDetails.name\" length=\"25\" name=\"name\" id=\"name\" class=\"form-control ng-pristine ng-untouched ng-invalid ng-invalid-required ng-valid-maxlength\" placeholder=\"Campaign Name\" maxlength=\"50\" required=\"\" />\n            \u003C/div>\n            \u003Cdiv class=\"form-group\" show-errors=\"\">\n                \u003Clabel for=\"description\">Description\u003C/label>\n                \u003Cinput type=\"text\" ng-model=\"campaignDetails.description\" length=\"25\" name=\"description\" id=\"description\" class=\"form-control ng-pristine ng-untouched ng-valid ng-valid-maxlength\" placeholder=\"Campaign Description\" maxlength=\"120\" />\n            \u003C/div>\n            \u003Cdiv class=\"form-group\" show-errors=\"\" ng-hide=\"campaignDetails.type == 'PROMO_CODE'\">\n                \u003Clabel for=\"prefix\" class=\"create-only\">Prefix\u003C/label>\n                \u003Cinput type=\"text\" ng-model=\"campaignDetails.prefix\" length=\"25\" name=\"prefix\" id=\"prefix\" class=\"form-control ng-pristine ng-untouched ng-valid ng-valid-required ng-valid-pattern ng-valid-maxlength\" placeholder=\"Campaign Prefix 3 uppercase alphanumeric characters\" ng-pattern=\"/^[A-Z\\d]{3}$/\" maxlength=\"3\" data-ng-disabled=\"isUpdateable()\" ng-required=\"campaignDetails.type != 'PROMO_CODE'\" required=\"required\" />\n            \u003C/div>\n            \u003Cdiv class=\"form-group\" show-errors=\"\">\n                \u003Clabel for=\"pomOfferId\" class=\"required\">Pom Offer ID\u003C/label>\n                \u003Cinput type=\"text\" ng-model=\"campaignDetails.pomOfferId\" length=\"25\" name=\"pomOfferId\" id=\"pomOfferId\" class=\"form-control ng-pristine ng-untouched ng-invalid ng-invalid-required ng-valid-maxlength\" maxlength=\"255\" required=\"\" />\n            \u003C/div>\n            \u003Cdiv class=\"form-group\" show-errors=\"\">\n                \u003Clabel for=\"secondaryOfferId\">Secondary Offer ID\u003C/label>\n                \u003Cinput type=\"text\" ng-model=\"campaignDetails.secondaryOfferId\" length=\"25\" name=\"secondaryOfferId\" id=\"secondaryOfferId\" class=\"form-control ng-pristine ng-untouched ng-valid ng-valid-maxlength\" maxlength=\"50\" />\n            \u003C/div>\n            \u003Cdiv class=\"form-group\" show-errors=\"\">\n                \u003Clabel>Start\u003C/label>\n\n                \u003Cdiv class=\"dropdown\">\n                    \u003Ca class=\"dropdown-toggle\" id=\"start-dropdown\" data-toggle=\"dropdown\" aria-haspopup=\"true\" aria-expanded=\"false\">\n                        \u003C/a>\u003Cdiv class=\"input-group\">\u003Ca class=\"dropdown-toggle\" id=\"start-dropdown\" data-toggle=\"dropdown\" aria-haspopup=\"true\" aria-expanded=\"false\">\n                            \u003Cinput type=\"text\" class=\"form-control date-picker ng-pristine ng-untouched ng-valid\" name=\"start\" id=\"start\" data-ng-model=\"campaignDetails.start\" ng-change=\"checkCampaignDetailsDateValidity()\" disabled=\"\" />\n                            \u003C/a>\u003Ca class=\"input-group-addon\" ng-click=\"clearStart()\">\u003Cspan>\u003Ci class=\"glyphicon glyphicon-remove\">\u003C/i>\u003C/span>\u003C/a>\n                        \u003C/div>\n                    \n\n\n                    \u003Cul class=\"dropdown-menu\" role=\"menu\" aria-labelledby=\"dLabel\">\n                        \u003Cdiv class=\"datetimepicker table-responsive ng-isolate-scope ng-valid\" data-ng-model=\"campaignDetails.start\" data-datetimepicker-config=\"{ dropdownSelector: '#start-dropdown', minuteStep: 15 }\" data-on-set-time=\"setStartDate(newDate, oldDate)\">\u003Ctable class=\"table table-striped  day-view\">   \u003Cthead>       \u003Ctr>           \u003Cth class=\"left\" data-ng-click=\"changeView(data.curre"
11:39:56.807 [Forwarding getPageSource on session d94198a6aa3008d5ffaf97f92db0cb0c to remote] DEBUG org.apache.http.headers - http-outgoing-82 << HTTP/1.1 200 OK
11:39:56.807 [Forwarding getPageSource on session d94198a6aa3008d5ffaf97f92db0cb0c to remote] DEBUG org.apache.http.headers - http-outgoing-82 << Content-Length:54032
11:39:56.807 [Forwarding getPageSource on session d94198a6aa3008d5ffaf97f92db0cb0c to remote] DEBUG org.apache.http.headers - http-outgoing-82 << Content-Type:application/json; charset=utf-8
11:39:56.807 [Forwarding getPageSource on session d94198a6aa3008d5ffaf97f92db0cb0c to remote] DEBUG org.apache.http.headers - http-outgoing-82 << Connection:close
11:39:56.808 [Forwarding getPageSource on session d94198a6aa3008d5ffaf97f92db0cb0c to remote] DEBUG org.apache.http.wire - http-outgoing-82 << "ntView, data.leftDate, $event)\" data-ng-show=\"data.leftDate.selectable\">\u003Ci class=\"glyphicon glyphicon-arrow-left\">\u003C/i>\u003C/th>           \u003Cth class=\"switch ng-binding\" colspan=\"5\" data-ng-show=\"data.previousViewDate.selectable\" data-ng-click=\"changeView(data.previousView, data.previousViewDate, $event)\">2015-Sep\u003C/th>           \u003Cth class=\"right\" data-ng-click=\"changeView(data.currentView, data.rightDate, $event)\" data-ng-show=\"data.rightDate.selectable\">\u003Ci class=\"glyphicon glyphicon-arrow-right\">\u003C/i>\u003C/th>       \u003C/tr>       \u003Ctr>           \u003C!-- ngRepeat: day in data.dayNames -->\u003Cth class=\"dow ng-binding ng-scope\" data-ng-repeat=\"day in data.dayNames\">Su\u003C/th>\u003C!-- end ngRepeat: day in data.dayNames -->\u003Cth class=\"dow ng-binding ng-scope\" data-ng-repeat=\"day in data.dayNames\">Mo\u003C/th>\u003C!-- end ngRepeat: day in data.dayNames -->\u003Cth class=\"dow ng-binding ng-scope\" data-ng-repeat=\"day in data.dayNames\">Tu\u003C/th>\u003C!-- end ngRepeat: day in data.dayNames -->\u003Cth class=\"dow ng-binding ng-scope\" data-ng-repeat=\"day in data.dayNames\">We\u003C/th>\u003C!-- end ngRepeat: day in data.dayNames -->\u003Cth class=\"dow ng-binding ng-scope\" data-ng-repeat=\"day in data.dayNames\">Th\u003C/th>\u003C!-- end ngRepeat: day in data.dayNames -->\u003Cth class=\"dow ng-binding ng-scope\" data-ng-repeat=\"day in data.dayNames\">Fr\u003C/th>\u003C!-- end ngRepeat: day in data.dayNames -->\u003Cth class=\"dow ng-binding ng-scope\" data-ng-repeat=\"day in data.dayNames\">Sa\u003C/th>\u003C!-- end ngRepeat: day in data.dayNames -->       \u003C/tr>   \u003C/thead>   \u003Ctbody>       \u003C!-- ngIf: data.currentView !== 'day' -->       \u003C!-- ngRepeat: week in data.weeks -->\u003C!-- ngIf: data.currentView === 'day' -->\u003Ctr data-ng-if=\"data.currentView === 'day'\" data-ng-repeat=\"week in data.weeks\" class=\"ng-scope\">           \u003C!-- ngRepeat: dateObject in week.dates -->\u003Ctd data-ng-repeat=\"dateObject in week.dates\" data-ng-click=\"changeView(data.nextView, dateObject, $event)\" class=\"day ng-binding ng-scope past\" data-ng-class=\"{active: dateObject.active, past: dateObject.past, future: dateObject.future, disabled: !dateObject.selectable}\">30\u003C/td>\u003C!-- end ngRepeat: dateObject in week.dates -->\u003Ctd data-ng-repeat=\"dateObject in week.dates\" data-ng-click=\"changeView(data.nextView, dateObject, $event)\" class=\"day ng-binding ng-scope past\" data-ng-class=\"{active: dateObject.active, past: dateObject.past, future: dateObject.future, disabled: !dateObject.selectable}\">31\u003C/td>\u003C!-- end ngRepeat: dateObject in week.dates -->\u003Ctd data-ng-repeat=\"dateObject in week.dates\" data-ng-click=\"changeView(data.nextView, dateObject, $event)\" class=\"day ng-binding ng-scope\" data-ng-class=\"{active: dateObject.active, past: dateObject.past, future: dateObject.future, disabled: !dateObject.selectable}\">1\u003C/td>\u003C!-- end ngRepeat: dateObject in week.dates -->\u003Ctd data-ng-repeat=\"dateObject in week.dates\" data-ng-click=\"changeView(data.nextView, dateObject, $event)\" class=\"day ng-binding ng-scope\" data-ng-class=\"{active: dateObject.active, past: dateObject.past, future: dateObject.future, disabled: !dateObject.selectable}\">2\u003C/td>\u003C!-- end ngRepeat: dateObject in week.dates -->\u003Ctd data-ng-repeat=\"dateObject in week.dates\" data-ng-click=\"changeView(data.nextView, dateObject, $event)\" class=\"day ng-binding ng-scope\" data-ng-class=\"{active: dateObject.active, past: dateObject.past, future: dateObject.future, disabled: !dateObject.selectable}\">3\u003C/td>\u003C!-- end ngRepeat: dateObject in week.dates -->\u003Ctd data-ng-repeat=\"dateObject in week.dates\" data-ng-click=\"changeView(data.nextView, dateObject, $event)\" class=\"day ng-binding ng-scope\" data-ng-class=\"{active: dateObject.active, past: dateObject.past, future: dateObject.future, disabled: !dateObject.selectable}\">4\u003C/td>\u003C!-- end ngRepeat: dateObject in week.dates "
11:39:56.808 [Forwarding getPageSource on session d94198a6aa3008d5ffaf97f92db0cb0c to remote] DEBUG org.apache.http.wire - http-outgoing-82 << "-->\u003Ctd data-ng-repeat=\"dateObject in week.dates\" data-ng-click=\"changeView(data.nextView, dateObject, $event)\" class=\"day ng-binding ng-scope\" data-ng-class=\"{active: dateObject.active, past: dateObject.past, future: dateObject.future, disabled: !dateObject.selectable}\">5\u003C/td>\u003C!-- end ngRepeat: dateObject in week.dates -->       \u003C/tr>\u003C!-- end ngIf: data.currentView === 'day' -->\u003C!-- end ngRepeat: week in data.weeks -->\u003C!-- ngIf: data.currentView === 'day' -->\u003Ctr data-ng-if=\"data.currentView === 'day'\" data-ng-repeat=\"week in data.weeks\" class=\"ng-scope\">           \u003C!-- ngRepeat: dateObject in week.dates -->\u003Ctd data-ng-repeat=\"dateObject in week.dates\" data-ng-click=\"changeView(data.nextView, dateObject, $event)\" class=\"day ng-binding ng-scope\" data-ng-class=\"{active: dateObject.active, past: dateObject.past, future: dateObject.future, disabled: !dateObject.selectable}\">6\u003C/td>\u003C!-- end ngRepeat: dateObject in week.dates -->\u003Ctd data-ng-repeat=\"dateObject in week.dates\" data-ng-click=\"changeView(data.nextView, dateObject, $event)\" class=\"day ng-binding ng-scope\" data-ng-class=\"{active: dateObject.active, past: dateObject.past, future: dateObject.future, disabled: !dateObject.selectable}\">7\u003C/td>\u003C!-- end ngRepeat: dateObject in week.dates -->\u003Ctd data-ng-repeat=\"dateObject in week.dates\" data-ng-click=\"changeView(data.nextView, dateObject, $event)\" class=\"day ng-binding ng-scope\" data-ng-class=\"{active: dateObject.active, past: dateObject.past, future: dateObject.future, disabled: !dateObject.selectable}\">8\u003C/td>\u003C!-- end ngRepeat: dateObject in week.dates -->\u003Ctd data-ng-repeat=\"dateObject in week.dates\" data-ng-click=\"changeView(data.nextView, dateObject, $event)\" class=\"day ng-binding ng-scope\" data-ng-class=\"{active: dateObject.active, past: dateObject.past, future: dateObject.future, disabled: !dateObject.selectable}\">9\u003C/td>\u003C!-- end ngRepeat: dateObject in week.dates -->\u003Ctd data-ng-repeat=\"dateObject in week.dates\" data-ng-click=\"changeView(data.nextView, dateObject, $event)\" class=\"day ng-binding ng-scope\" data-ng-class=\"{active: dateObject.active, past: dateObject.past, future: dateObject.future, disabled: !dateObject.selectable}\">10\u003C/td>\u003C!-- end ngRepeat: dateObject in week.dates -->\u003Ctd data-ng-repeat=\"dateObject in week.dates\" data-ng-click=\"changeView(data.nextView, dateObject, $event)\" class=\"day ng-binding ng-scope\" data-ng-class=\"{active: dateObject.active, past: dateObject.past, future: dateObject.future, disabled: !dateObject.selectable}\">11\u003C/td>\u003C!-- end ngRepeat: dateObject in week.dates -->\u003Ctd data-ng-repeat=\"dateObject in week.dates\" data-ng-click=\"changeView(data.nextView, dateObject, $event)\" class=\"day ng-binding ng-scope\" data-ng-class=\"{active: dateObject.active, past: dateObject.past, future: dateObject.future, disabled: !dateObject.selectable}\">12\u003C/td>\u003C!-- end ngRepeat: dateObject in week.dates -->       \u003C/tr>\u003C!-- end ngIf: data.currentView === 'day' -->\u003C!-- end ngRepeat: week in data.weeks -->\u003C!-- ngIf: data.currentView === 'day' -->\u003Ctr data-ng-if=\"data.currentView === 'day'\" data-ng-repeat=\"week in data.weeks\" class=\"ng-scope\">           \u003C!-- ngRepeat: dateObject in week.dates -->\u003Ctd data-ng-repeat=\"dateObject in week.dates\" data-ng-click=\"changeView(data.nextView, dateObject, $event)\" class=\"day ng-binding ng-scope\" data-ng-class=\"{active: dateObject.active, past: dateObject.past, future: dateObject.future, disabled: !dateObject.selectable}\">13\u003C/td>\u003C!-- end ngRepeat: dateObject in week.dates -->\u003Ctd data-ng-repeat=\"dateObject in week.dates\" data-ng-click=\"changeView(data.nextView, dateObject, $event)\" class=\"day ng-binding ng-scope\" data-ng-class=\"{active: dateObject.active, past: dateObject.past, future: dateObject.future, disabled: !dateObject.selectable}\">14\u003C/td>\u003C!-- end ngRepeat: dateObject in week.dates"
11:39:56.808 [Forwarding getPageSource on session d94198a6aa3008d5ffaf97f92db0cb0c to remote] DEBUG org.apache.http.wire - http-outgoing-82 << " -->\u003Ctd data-ng-repeat=\"dateObject in week.dates\" data-ng-click=\"changeView(data.nextView, dateObject, $event)\" class=\"day ng-binding ng-scope\" data-ng-class=\"{active: dateObject.active, past: dateObject.past, future: dateObject.future, disabled: !dateObject.selectable}\">15\u003C/td>\u003C!-- end ngRepeat: dateObject in week.dates -->\u003Ctd data-ng-repeat=\"dateObject in week.dates\" data-ng-click=\"changeView(data.nextView, dateObject, $event)\" class=\"day ng-binding ng-scope\" data-ng-class=\"{active: dateObject.active, past: dateObject.past, future: dateObject.future, disabled: !dateObject.selectable}\">16\u003C/td>\u003C!-- end ngRepeat: dateObject in week.dates -->\u003Ctd data-ng-repeat=\"dateObject in week.dates\" data-ng-click=\"changeView(data.nextView, dateObject, $event)\" class=\"day ng-binding ng-scope\" data-ng-class=\"{active: dateObject.active, past: dateObject.past, future: dateObject.future, disabled: !dateObject.selectable}\">17\u003C/td>\u003C!-- end ngRepeat: dateObject in week.dates -->\u003Ctd data-ng-repeat=\"dateObject in week.dates\" data-ng-click=\"changeView(data.nextView, dateObject, $event)\" class=\"day ng-binding ng-scope\" data-ng-class=\"{active: dateObject.active, past: dateObject.past, future: dateObject.future, disabled: !dateObject.selectable}\">18\u003C/td>\u003C!-- end ngRepeat: dateObject in week.dates -->\u003Ctd data-ng-repeat=\"dateObject in week.dates\" data-ng-click=\"changeView(data.nextView, dateObject, $event)\" class=\"day ng-binding ng-scope\" data-ng-class=\"{active: dateObject.active, past: dateObject.past, future: dateObject.future, disabled: !dateObject.selectable}\">19\u003C/td>\u003C!-- end ngRepeat: dateObject in week.dates -->       \u003C/tr>\u003C!-- end ngIf: data.currentView === 'day' -->\u003C!-- end ngRepeat: week in data.weeks -->\u003C!-- ngIf: data.currentView === 'day' -->\u003Ctr data-ng-if=\"data.currentView === 'day'\" data-ng-repeat=\"week in data.weeks\" class=\"ng-scope\">           \u003C!-- ngRepeat: dateObject in week.dates -->\u003Ctd data-ng-repeat=\"dateObject in week.dates\" data-ng-click=\"changeView(data.nextView, dateObject, $event)\" class=\"day ng-binding ng-scope\" data-ng-class=\"{active: dateObject.active, past: dateObject.past, future: dateObject.future, disabled: !dateObject.selectable}\">20\u003C/td>\u003C!-- end ngRepeat: dateObject in week.dates -->\u003Ctd data-ng-repeat=\"dateObject in week.dates\" data-ng-click=\"changeView(data.nextView, dateObject, $event)\" class=\"day ng-binding ng-scope\" data-ng-class=\"{active: dateObject.active, past: dateObject.past, future: dateObject.future, disabled: !dateObject.selectable}\">21\u003C/td>\u003C!-- end ngRepeat: dateObject in week.dates -->\u003Ctd data-ng-repeat=\"dateObject in week.dates\" data-ng-click=\"changeView(data.nextView, dateObject, $event)\" class=\"day ng-binding ng-scope\" data-ng-class=\"{active: dateObject.active, past: dateObject.past, future: dateObject.future, disabled: !dateObject.selectable}\">22\u003C/td>\u003C!-- end ngRepeat: dateObject in week.dates -->\u003Ctd data-ng-repeat=\"dateObject in week.dates\" data-ng-click=\"changeView(data.nextView, dateObject, $event)\" class=\"day ng-binding ng-scope\" data-ng-class=\"{active: dateObject.active, past: dateObject.past, future: dateObject.future, disabled: !dateObject.selectable}\">23\u003C/td>\u003C!-- end ngRepeat: dateObject in week.dates -->\u003Ctd data-ng-repeat=\"dateObject in week.dates\" data-ng-click=\"changeView(data.nextView, dateObject, $event)\" class=\"day ng-binding ng-scope\" data-ng-class=\"{active: dateObject.active, past: dateObject.past, future: dateObject.future, disabled: !dateObject.selectable}\">24\u003C/td>\u003C!-- end ngRepeat: dateObject in week.dates -->\u003Ctd data-ng-repeat=\"dateObject in week.dates\" data-ng-click=\"changeView(data.nextView, dateObject, $event)\" class=\"day ng-binding ng-scope\" data-ng-class=\"{active: dateObject.active, past: dateObject.past, future: dateObject.future, disabled: !dateObject.selectable}\">25\u003C/td>\u003C!-- end ngRepeat:"
11:39:56.808 [Forwarding getPageSource on session d94198a6aa3008d5ffaf97f92db0cb0c to remote] DEBUG org.apache.http.wire - http-outgoing-82 << " dateObject in week.dates -->\u003Ctd data-ng-repeat=\"dateObject in week.dates\" data-ng-click=\"changeView(data.nextView, dateObject, $event)\" class=\"day ng-binding ng-scope\" data-ng-class=\"{active: dateObject.active, past: dateObject.past, future: dateObject.future, disabled: !dateObject.selectable}\">26\u003C/td>\u003C!-- end ngRepeat: dateObject in week.dates -->       \u003C/tr>\u003C!-- end ngIf: data.currentView === 'day' -->\u003C!-- end ngRepeat: week in data.weeks -->\u003C!-- ngIf: data.currentView === 'day' -->\u003Ctr data-ng-if=\"data.currentView === 'day'\" data-ng-repeat=\"week in data.weeks\" class=\"ng-scope\">           \u003C!-- ngRepeat: dateObject in week.dates -->\u003Ctd data-ng-repeat=\"dateObject in week.dates\" data-ng-click=\"changeView(data.nextView, dateObject, $event)\" class=\"day ng-binding ng-scope\" data-ng-class=\"{active: dateObject.active, past: dateObject.past, future: dateObject.future, disabled: !dateObject.selectable}\">27\u003C/td>\u003C!-- end ngRepeat: dateObject in week.dates -->\u003Ctd data-ng-repeat=\"dateObject in week.dates\" data-ng-click=\"changeView(data.nextView, dateObject, $event)\" class=\"day ng-binding ng-scope\" data-ng-class=\"{active: dateObject.active, past: dateObject.past, future: dateObject.future, disabled: !dateObject.selectable}\">28\u003C/td>\u003C!-- end ngRepeat: dateObject in week.dates -->\u003Ctd data-ng-repeat=\"dateObject in week.dates\" data-ng-click=\"changeView(data.nextView, dateObject, $event)\" class=\"day ng-binding ng-scope\" data-ng-class=\"{active: dateObject.active, past: dateObject.past, future: dateObject.future, disabled: !dateObject.selectable}\">29\u003C/td>\u003C!-- end ngRepeat: dateObject in week.dates -->\u003Ctd data-ng-repeat=\"dateObject in week.dates\" data-ng-click=\"changeView(data.nextView, dateObject, $event)\" class=\"day ng-binding ng-scope\" data-ng-class=\"{active: dateObject.active, past: dateObject.past, future: dateObject.future, disabled: !dateObject.selectable}\">30\u003C/td>\u003C!-- end ngRepeat: dateObject in week.dates -->\u003Ctd data-ng-repeat=\"dateObject in week.dates\" data-ng-click=\"changeView(data.nextView, dateObject, $event)\" class=\"day ng-binding ng-scope future\" data-ng-class=\"{active: dateObject.active, past: dateObject.past, future: dateObject.future, disabled: !dateObject.selectable}\">1\u003C/td>\u003C!-- end ngRepeat: dateObject in week.dates -->\u003Ctd data-ng-repeat=\"dateObject in week.dates\" data-ng-click=\"changeView(data.nextView, dateObject, $event)\" class=\"day ng-binding ng-scope future\" data-ng-class=\"{active: dateObject.active, past: dateObject.past, future: dateObject.future, disabled: !dateObject.selectable}\">2\u003C/td>\u003C!-- end ngRepeat: dateObject in week.dates -->\u003Ctd data-ng-repeat=\"dateObject in week.dates\" data-ng-click=\"changeView(data.nextView, dateObject, $event)\" class=\"day ng-binding ng-scope future\" data-ng-class=\"{active: dateObject.active, past: dateObject.past, future: dateObject.future, disabled: !dateObject.selectable}\">3\u003C/td>\u003C!-- end ngRepeat: dateObject in week.dates -->       \u003C/tr>\u003C!-- end ngIf: data.currentView === 'day' -->\u003C!-- end ngRepeat: week in data.weeks -->\u003C!-- ngIf: data.currentView === 'day' -->\u003Ctr data-ng-if=\"data.currentView === 'day'\" data-ng-repeat=\"week in data.weeks\" class=\"ng-scope\">           \u003C!-- ngRepeat: dateObject in week.dates -->\u003Ctd data-ng-repeat=\"dateObject in week.dates\" data-ng-click=\"changeView(data.nextView, dateObject, $event)\" class=\"day ng-binding ng-scope future\" data-ng-class=\"{active: dateObject.active, past: dateObject.past, future: dateObject.future, disabled: !dateObject.selectable}\">4\u003C/td>\u003C!-- end ngRepeat: dateObject in week.dates -->\u003Ctd data-ng-repeat=\"dateObject in week.dates\" data-ng-click=\"changeView(data.nextView, dateObject, $event)\" class=\"day ng-binding ng-scope future\" data-ng-class=\"{active: dateObject.active, past: dateObject.past, future: dateObject.future, disabled: !dateObject.selectable}\"
11:39:56.808 [Forwarding getPageSource on session d94198a6aa3008d5ffaf97f92db0cb0c to remote] DEBUG org.apache.http.wire - http-outgoing-82 << "">5\u003C/td>\u003C!-- end ngRepeat: dateObject in week.dates -->\u003Ctd data-ng-repeat=\"dateObject in week.dates\" data-ng-click=\"changeView(data.nextView, dateObject, $event)\" class=\"day ng-binding ng-scope future\" data-ng-class=\"{active: dateObject.active, past: dateObject.past, future: dateObject.future, disabled: !dateObject.selectable}\">6\u003C/td>\u003C!-- end ngRepeat: dateObject in week.dates -->\u003Ctd data-ng-repeat=\"dateObject in week.dates\" data-ng-click=\"changeView(data.nextView, dateObject, $event)\" class=\"day ng-binding ng-scope future\" data-ng-class=\"{active: dateObject.active, past: dateObject.past, future: dateObject.future, disabled: !dateObject.selectable}\">7\u003C/td>\u003C!-- end ngRepeat: dateObject in week.dates -->\u003Ctd data-ng-repeat=\"dateObject in week.dates\" data-ng-click=\"changeView(data.nextView, dateObject, $event)\" class=\"day ng-binding ng-scope future\" data-ng-class=\"{active: dateObject.active, past: dateObject.past, future: dateObject.future, disabled: !dateObject.selectable}\">8\u003C/td>\u003C!-- end ngRepeat: dateObject in week.dates -->\u003Ctd data-ng-repeat=\"dateObject in week.dates\" data-ng-click=\"changeView(data.nextView, dateObject, $event)\" class=\"day ng-binding ng-scope future\" data-ng-class=\"{active: dateObject.active, past: dateObject.past, future: dateObject.future, disabled: !dateObject.selectable}\">9\u003C/td>\u003C!-- end ngRepeat: dateObject in week.dates -->\u003Ctd data-ng-repeat=\"dateObject in week.dates\" data-ng-click=\"changeView(data.nextView, dateObject, $event)\" class=\"day ng-binding ng-scope future\" data-ng-class=\"{active: dateObject.active, past: dateObject.past, future: dateObject.future, disabled: !dateObject.selectable}\">10\u003C/td>\u003C!-- end ngRepeat: dateObject in week.dates -->       \u003C/tr>\u003C!-- end ngIf: data.currentView === 'day' -->\u003C!-- end ngRepeat: week in data.weeks -->   \u003C/tbody>\u003C/table>\u003C/div>\n                    \u003C/ul>\n                \u003C/div>\n            \u003C/div>\n            \u003Cdiv class=\"form-group\" show-errors=\"\">\n                \u003Clabel>End\u003C/label>\n\n                \u003Cdiv class=\"dropdown\">\n                    \u003Ca class=\"dropdown-toggle\" id=\"end-dropdown\" role=\"button\" data-toggle=\"dropdown\" aria-haspopup=\"true\" aria-expanded=\"false\">\n                        \u003C/a>\u003Cdiv class=\"input-group\">\u003Ca class=\"dropdown-toggle\" id=\"end-dropdown\" role=\"button\" data-toggle=\"dropdown\" aria-haspopup=\"true\" aria-expanded=\"false\">\n                            \u003Cinput type=\"text\" class=\"form-control date-picker ng-pristine ng-untouched ng-valid\" name=\"end\" id=\"end\" data-ng-model=\"campaignDetails.end\" ng-change=\"checkCampaignDetailsDateValidity()\" disabled=\"\" />\n                            \u003C/a>\u003Ca class=\"input-group-addon\" ng-click=\"clearEnd()\">\u003Cspan>\u003Ci class=\"glyphicon glyphicon-remove\">\u003C/i>\u003C/span>\u003C/a>\n                        \u003C/div>\n                    \n                    \u003Cul class=\"dropdown-menu\" role=\"menu\" aria-labelledby=\"dLabel\">\n                        \u003Cdiv class=\"datetimepicker table-responsive ng-isolate-scope ng-valid\" data-ng-model=\"campaignDetails.end\" data-datetimepicker-config=\"{ dropdownSelector: '#end-dropdown', minuteStep: 15 }\" data-on-set-time=\"setEndDate(newDate, oldDate)\">\u003Ctable class=\"table table-striped  day-view\">   \u003Cthead>       \u003Ctr>           \u003Cth class=\"left\" data-ng-click=\"changeView(data.currentView, data.leftDate, $event)\" data-ng-show=\"data.leftDate.selectable\">\u003Ci class=\"glyphicon glyphicon-arrow-left\">\u003C/i>\u003C/th>           \u003Cth class=\"switch ng-binding\" colspan=\"5\" data-ng-show=\"data.previousViewDate.selectable\" data-ng-click=\"changeView(data.previousView, data.previousViewDate, $event)\">2015-Sep\u003C/th>           \u003Cth class=\"right\" data-ng-click=\"changeView(data.currentView, data.rightDate, $event)\" data-ng-show=\"data.rig"
11:39:56.808 [Forwarding getPageSource on session d94198a6aa3008d5ffaf97f92db0cb0c to remote] DEBUG org.apache.http.wire - http-outgoing-82 << "htDate.selectable\">\u003Ci class=\"glyphicon glyphicon-arrow-right\">\u003C/i>\u003C/th>       \u003C/tr>       \u003Ctr>           \u003C!-- ngRepeat: day in data.dayNames -->\u003Cth class=\"dow ng-binding ng-scope\" data-ng-repeat=\"day in data.dayNames\">Su\u003C/th>\u003C!-- end ngRepeat: day in data.dayNames -->\u003Cth class=\"dow ng-binding ng-scope\" data-ng-repeat=\"day in data.dayNames\">Mo\u003C/th>\u003C!-- end ngRepeat: day in data.dayNames -->\u003Cth class=\"dow ng-binding ng-scope\" data-ng-repeat=\"day in data.dayNames\">Tu\u003C/th>\u003C!-- end ngRepeat: day in data.dayNames -->\u003Cth class=\"dow ng-binding ng-scope\" data-ng-repeat=\"day in data.dayNames\">We\u003C/th>\u003C!-- end ngRepeat: day in data.dayNames -->\u003Cth class=\"dow ng-binding ng-scope\" data-ng-repeat=\"day in data.dayNames\">Th\u003C/th>\u003C!-- end ngRepeat: day in data.dayNames -->\u003Cth class=\"dow ng-binding ng-scope\" data-ng-repeat=\"day in data.dayNames\">Fr\u003C/th>\u003C!-- end ngRepeat: day in data.dayNames -->\u003Cth class=\"dow ng-binding ng-scope\" data-ng-repeat=\"day in data.dayNames\">Sa\u003C/th>\u003C!-- end ngRepeat: day in data.dayNames -->       \u003C/tr>   \u003C/thead>   \u003Ctbody>       \u003C!-- ngIf: data.currentView !== 'day' -->       \u003C!-- ngRepeat: week in data.weeks -->\u003C!-- ngIf: data.currentView === 'day' -->\u003Ctr data-ng-if=\"data.currentView === 'day'\" data-ng-repeat=\"week in data.weeks\" class=\"ng-scope\">           \u003C!-- ngRepeat: dateObject in week.dates -->\u003Ctd data-ng-repeat=\"dateObject in week.dates\" data-ng-click=\"changeView(data.nextView, dateObject, $event)\" class=\"day ng-binding ng-scope past\" data-ng-class=\"{active: dateObject.active, past: dateObject.past, future: dateObject.future, disabled: !dateObject.selectable}\">30\u003C/td>\u003C!-- end ngRepeat: dateObject in week.dates -->\u003Ctd data-ng-repeat=\"dateObject in week.dates\" data-ng-click=\"changeView(data.nextView, dateObject, $event)\" class=\"day ng-binding ng-scope past\" data-ng-class=\"{active: dateObject.active, past: dateObject.past, future: dateObject.future, disabled: !dateObject.selectable}\">31\u003C/td>\u003C!-- end ngRepeat: dateObject in week.dates -->\u003Ctd data-ng-repeat=\"dateObject in week.dates\" data-ng-click=\"changeView(data.nextView, dateObject, $event)\" class=\"day ng-binding ng-scope\" data-ng-class=\"{active: dateObject.active, past: dateObject.past, future: dateObject.future, disabled: !dateObject.selectable}\">1\u003C/td>\u003C!-- end ngRepeat: dateObject in week.dates -->\u003Ctd data-ng-repeat=\"dateObject in week.dates\" data-ng-click=\"changeView(data.nextView, dateObject, $event)\" class=\"day ng-binding ng-scope\" data-ng-class=\"{active: dateObject.active, past: dateObject.past, future: dateObject.future, disabled: !dateObject.selectable}\">2\u003C/td>\u003C!-- end ngRepeat: dateObject in week.dates -->\u003Ctd data-ng-repeat=\"dateObject in week.dates\" data-ng-click=\"changeView(data.nextView, dateObject, $event)\" class=\"day ng-binding ng-scope\" data-ng-class=\"{active: dateObject.active, past: dateObject.past, future: dateObject.future, disabled: !dateObject.selectable}\">3\u003C/td>\u003C!-- end ngRepeat: dateObject in week.dates -->\u003Ctd data-ng-repeat=\"dateObject in week.dates\" data-ng-click=\"changeView(data.nextView, dateObject, $event)\" class=\"day ng-binding ng-scope\" data-ng-class=\"{active: dateObject.active, past: dateObject.past, future: dateObject.future, disabled: !dateObject.selectable}\">4\u003C/td>\u003C!-- end ngRepeat: dateObject in week.dates -->\u003Ctd data-ng-repeat=\"dateObject in week.dates\" data-ng-click=\"changeView(data.nextView, dateObject, $event)\" class=\"day ng-binding ng-scope\" data-ng-class=\"{active: dateObject.active, past: dateObject.past, future: dateObject.future, disabled: !dateObject.selectable}\">5\u003C/td>\u003C!-- end ngRepeat: dateObject in week.dates -->       \u003C/tr>\u003C!-- end ngIf: data.currentView === 'day' -->\u003C!-- end ngRepeat: week in data.weeks -->\u003C!-- ngIf: data.c"
11:39:56.808 [Forwarding getPageSource on session d94198a6aa3008d5ffaf97f92db0cb0c to remote] DEBUG org.apache.http.wire - http-outgoing-82 << "urrentView === 'day' -->\u003Ctr data-ng-if=\"data.currentView === 'day'\" data-ng-repeat=\"week in data.weeks\" class=\"ng-scope\">           \u003C!-- ngRepeat: dateObject in week.dates -->\u003Ctd data-ng-repeat=\"dateObject in week.dates\" data-ng-click=\"changeView(data.nextView, dateObject, $event)\" class=\"day ng-binding ng-scope\" data-ng-class=\"{active: dateObject.active, past: dateObject.past, future: dateObject.future, disabled: !dateObject.selectable}\">6\u003C/td>\u003C!-- end ngRepeat: dateObject in week.dates -->\u003Ctd data-ng-repeat=\"dateObject in week.dates\" data-ng-click=\"changeView(data.nextView, dateObject, $event)\" class=\"day ng-binding ng-scope\" data-ng-class=\"{active: dateObject.active, past: dateObject.past, future: dateObject.future, disabled: !dateObject.selectable}\">7\u003C/td>\u003C!-- end ngRepeat: dateObject in week.dates -->\u003Ctd data-ng-repeat=\"dateObject in week.dates\" data-ng-click=\"changeView(data.nextView, dateObject, $event)\" class=\"day ng-binding ng-scope\" data-ng-class=\"{active: dateObject.active, past: dateObject.past, future: dateObject.future, disabled: !dateObject.selectable}\">8\u003C/td>\u003C!-- end ngRepeat: dateObject in week.dates -->\u003Ctd data-ng-repeat=\"dateObject in week.dates\" data-ng-click=\"changeView(data.nextView, dateObject, $event)\" class=\"day ng-binding ng-scope\" data-ng-class=\"{active: dateObject.active, past: dateObject.past, future: dateObject.future, disabled: !dateObject.selectable}\">9\u003C/td>\u003C!-- end ngRepeat: dateObject in week.dates -->\u003Ctd data-ng-repeat=\"dateObject in week.dates\" data-ng-click=\"changeView(data.nextView, dateObject, $event)\" class=\"day ng-binding ng-scope\" data-ng-class=\"{active: dateObject.active, past: dateObject.past, future: dateObject.future, disabled: !dateObject.selectable}\">10\u003C/td>\u003C!-- end ngRepeat: dateObject in week.dates -->\u003Ctd data-ng-repeat=\"dateObject in week.dates\" data-ng-click=\"changeView(data.nextView, dateObject, $event)\" class=\"day ng-binding ng-scope\" data-ng-class=\"{active: dateObject.active, past: dateObject.past, future: dateObject.future, disabled: !dateObject.selectable}\">11\u003C/td>\u003C!-- end ngRepeat: dateObject in week.dates -->\u003Ctd data-ng-repeat=\"dateObject in week.dates\" data-ng-click=\"changeView(data.nextView, dateObject, $event)\" class=\"day ng-binding ng-scope\" data-ng-class=\"{active: dateObject.active, past: dateObject.past, future: dateObject.future, disabled: !dateObject.selectable}\">12\u003C/td>\u003C!-- end ngRepeat: dateObject in week.dates -->       \u003C/tr>\u003C!-- end ngIf: data.currentView === 'day' -->\u003C!-- end ngRepeat: week in data.weeks -->\u003C!-- ngIf: data.currentView === 'day' -->\u003Ctr data-ng-if=\"data.currentView === 'day'\" data-ng-repeat=\"week in data.weeks\" class=\"ng-scope\">           \u003C!-- ngRepeat: dateObject in week.dates -->\u003Ctd data-ng-repeat=\"dateObject in week.dates\" data-ng-click=\"changeView(data.nextView, dateObject, $event)\" class=\"day ng-binding ng-scope\" data-ng-class=\"{active: dateObject.active, past: dateObject.past, future: dateObject.future, disabled: !dateObject.selectable}\">13\u003C/td>\u003C!-- end ngRepeat: dateObject in week.dates -->\u003Ctd data-ng-repeat=\"dateObject in week.dates\" data-ng-click=\"changeView(data.nextView, dateObject, $event)\" class=\"day ng-binding ng-scope\" data-ng-class=\"{active: dateObject.active, past: dateObject.past, future: dateObject.future, disabled: !dateObject.selectable}\">14\u003C/td>\u003C!-- end ngRepeat: dateObject in week.dates -->\u003Ctd data-ng-repeat=\"dateObject in week.dates\" data-ng-click=\"changeView(data.nextView, dateObject, $event)\" class=\"day ng-binding ng-scope\" data-ng-class=\"{active: dateObject.active, past: dateObject.past, future: dateObject.future, disabled: !dateObject.selectable}\">15\u003C/td>\u003C!-- end ngRepeat: dateObject in week.dates -->\u003Ctd data-ng-repeat=\"dateObject in week.dates\" data-ng-click=\"changeView(data.nextView, dateObject, $event)\" class=\"day ng-b"
11:39:56.808 [Forwarding getPageSource on session d94198a6aa3008d5ffaf97f92db0cb0c to remote] DEBUG org.apache.http.wire - http-outgoing-82 << "inding ng-scope\" data-ng-class=\"{active: dateObject.active, past: dateObject.past, future: dateObject.future, disabled: !dateObject.selectable}\">16\u003C/td>\u003C!-- end ngRepeat: dateObject in week.dates -->\u003Ctd data-ng-repeat=\"dateObject in week.dates\" data-ng-click=\"changeView(data.nextView, dateObject, $event)\" class=\"day ng-binding ng-scope\" data-ng-class=\"{active: dateObject.active, past: dateObject.past, future: dateObject.future, disabled: !dateObject.selectable}\">17\u003C/td>\u003C!-- end ngRepeat: dateObject in week.dates -->\u003Ctd data-ng-repeat=\"dateObject in week.dates\" data-ng-click=\"changeView(data.nextView, dateObject, $event)\" class=\"day ng-binding ng-scope\" data-ng-class=\"{active: dateObject.active, past: dateObject.past, future: dateObject.future, disabled: !dateObject.selectable}\">18\u003C/td>\u003C!-- end ngRepeat: dateObject in week.dates -->\u003Ctd data-ng-repeat=\"dateObject in week.dates\" data-ng-click=\"changeView(data.nextView, dateObject, $event)\" class=\"day ng-binding ng-scope\" data-ng-class=\"{active: dateObject.active, past: dateObject.past, future: dateObject.future, disabled: !dateObject.selectable}\">19\u003C/td>\u003C!-- end ngRepeat: dateObject in week.dates -->       \u003C/tr>\u003C!-- end ngIf: data.currentView === 'day' -->\u003C!-- end ngRepeat: week in data.weeks -->\u003C!-- ngIf: data.currentView === 'day' -->\u003Ctr data-ng-if=\"data.currentView === 'day'\" data-ng-repeat=\"week in data.weeks\" class=\"ng-scope\">           \u003C!-- ngRepeat: dateObject in week.dates -->\u003Ctd data-ng-repeat=\"dateObject in week.dates\" data-ng-click=\"changeView(data.nextView, dateObject, $event)\" class=\"day ng-binding ng-scope\" data-ng-class=\"{active: dateObject.active, past: dateObject.past, future: dateObject.future, disabled: !dateObject.selectable}\">20\u003C/td>\u003C!-- end ngRepeat: dateObject in week.dates -->\u003Ctd data-ng-repeat=\"dateObject in week.dates\" data-ng-click=\"changeView(data.nextView, dateObject, $event)\" class=\"day ng-binding ng-scope\" data-ng-class=\"{active: dateObject.active, past: dateObject.past, future: dateObject.future, disabled: !dateObject.selectable}\">21\u003C/td>\u003C!-- end ngRepeat: dateObject in week.dates -->\u003Ctd data-ng-repeat=\"dateObject in week.dates\" data-ng-click=\"changeView(data.nextView, dateObject, $event)\" class=\"day ng-binding ng-scope\" data-ng-class=\"{active: dateObject.active, past: dateObject.past, future: dateObject.future, disabled: !dateObject.selectable}\">22\u003C/td>\u003C!-- end ngRepeat: dateObject in week.dates -->\u003Ctd data-ng-repeat=\"dateObject in week.dates\" data-ng-click=\"changeView(data.nextView, dateObject, $event)\" class=\"day ng-binding ng-scope\" data-ng-class=\"{active: dateObject.active, past: dateObject.past, future: dateObject.future, disabled: !dateObject.selectable}\">23\u003C/td>\u003C!-- end ngRepeat: dateObject in week.dates -->\u003Ctd data-ng-repeat=\"dateObject in week.dates\" data-ng-click=\"changeView(data.nextView, dateObject, $event)\" class=\"day ng-binding ng-scope\" data-ng-class=\"{active: dateObject.active, past: dateObject.past, future: dateObject.future, disabled: !dateObject.selectable}\">24\u003C/td>\u003C!-- end ngRepeat: dateObject in week.dates -->\u003Ctd data-ng-repeat=\"dateObject in week.dates\" data-ng-click=\"changeView(data.nextView, dateObject, $event)\" class=\"day ng-binding ng-scope\" data-ng-class=\"{active: dateObject.active, past: dateObject.past, future: dateObject.future, disabled: !dateObject.selectable}\">25\u003C/td>\u003C!-- end ngRepeat: dateObject in week.dates -->\u003Ctd data-ng-repeat=\"dateObject in week.dates\" data-ng-click=\"changeView(data.nextView, dateObject, $event)\" class=\"day ng-binding ng-scope\" data-ng-class=\"{active: dateObject.active, past: dateObject.past, future: dateObject.future, disabled: !dateObject.selectable}\">26\u003C/td>\u003C!-- end ngRepeat: dateObject in week.dates -->       \u003C/tr>\u003C!-- end ngIf: data.currentView === 'day' -->\u003C!-- end ngRepeat: week in data.week"
11:39:56.808 [Forwarding getPageSource on session d94198a6aa3008d5ffaf97f92db0cb0c to remote] DEBUG org.apache.http.wire - http-outgoing-82 << "s -->\u003C!-- ngIf: data.currentView === 'day' -->\u003Ctr data-ng-if=\"data.currentView === 'day'\" data-ng-repeat=\"week in data.weeks\" class=\"ng-scope\">           \u003C!-- ngRepeat: dateObject in week.dates -->\u003Ctd data-ng-repeat=\"dateObject in week.dates\" data-ng-click=\"changeView(data.nextView, dateObject, $event)\" class=\"day ng-binding ng-scope\" data-ng-class=\"{active: dateObject.active, past: dateObject.past, future: dateObject.future, disabled: !dateObject.selectable}\">27\u003C/td>\u003C!-- end ngRepeat: dateObject in week.dates -->\u003Ctd data-ng-repeat=\"dateObject in week.dates\" data-ng-click=\"changeView(data.nextView, dateObject, $event)\" class=\"day ng-binding ng-scope\" data-ng-class=\"{active: dateObject.active, past: dateObject.past, future: dateObject.future, disabled: !dateObject.selectable}\">28\u003C/td>\u003C!-- end ngRepeat: dateObject in week.dates -->\u003Ctd data-ng-repeat=\"dateObject in week.dates\" data-ng-click=\"changeView(data.nextView, dateObject, $event)\" class=\"day ng-binding ng-scope\" data-ng-class=\"{active: dateObject.active, past: dateObject.past, future: dateObject.future, disabled: !dateObject.selectable}\">29\u003C/td>\u003C!-- end ngRepeat: dateObject in week.dates -->\u003Ctd data-ng-repeat=\"dateObject in week.dates\" data-ng-click=\"changeView(data.nextView, dateObject, $event)\" class=\"day ng-binding ng-scope\" data-ng-class=\"{active: dateObject.active, past: dateObject.past, future: dateObject.future, disabled: !dateObject.selectable}\">30\u003C/td>\u003C!-- end ngRepeat: dateObject in week.dates -->\u003Ctd data-ng-repeat=\"dateObject in week.dates\" data-ng-click=\"changeView(data.nextView, dateObject, $event)\" class=\"day ng-binding ng-scope future\" data-ng-class=\"{active: dateObject.active, past: dateObject.past, future: dateObject.future, disabled: !dateObject.selectable}\">1\u003C/td>\u003C!-- end ngRepeat: dateObject in week.dates -->\u003Ctd data-ng-repeat=\"dateObject in week.dates\" data-ng-click=\"changeView(data.nextView, dateObject, $event)\" class=\"day ng-binding ng-scope future\" data-ng-class=\"{active: dateObject.active, past: dateObject.past, future: dateObject.future, disabled: !dateObject.selectable}\">2\u003C/td>\u003C!-- end ngRepeat: dateObject in week.dates -->\u003Ctd data-ng-repeat=\"dateObject in week.dates\" data-ng-click=\"changeView(data.nextView, dateObject, $event)\" class=\"day ng-binding ng-scope future\" data-ng-class=\"{active: dateObject.active, past: dateObject.past, future: dateObject.future, disabled: !dateObject.selectable}\">3\u003C/td>\u003C!-- end ngRepeat: dateObject in week.dates -->       \u003C/tr>\u003C!-- end ngIf: data.currentView === 'day' -->\u003C!-- end ngRepeat: week in data.weeks -->\u003C!-- ngIf: data.currentView === 'day' -->\u003Ctr data-ng-if=\"data.currentView === 'day'\" data-ng-repeat=\"week in data.weeks\" class=\"ng-scope\">           \u003C!-- ngRepeat: dateObject in week.dates -->\u003Ctd data-ng-repeat=\"dateObject in week.dates\" data-ng-click=\"changeView(data.nextView, dateObject, $event)\" class=\"day ng-binding ng-scope future\" data-ng-class=\"{active: dateObject.active, past: dateObject.past, future: dateObject.future, disabled: !dateObject.selectable}\">4\u003C/td>\u003C!-- end ngRepeat: dateObject in week.dates -->\u003Ctd data-ng-repeat=\"dateObject in week.dates\" data-ng-click=\"changeView(data.nextView, dateObject, $event)\" class=\"day ng-binding ng-scope future\" data-ng-class=\"{active: dateObject.active, past: dateObject.past, future: dateObject.future, disabled: !dateObject.selectable}\">5\u003C/td>\u003C!-- end ngRepeat: dateObject in week.dates -->\u003Ctd data-ng-repeat=\"dateObject in week.dates\" data-ng-click=\"changeView(data.nextView, dateObject, $event)\" class=\"day ng-binding ng-scope future\" data-ng-class=\"{active: dateObject.active, past: dateObject.past, future: dateObject.future, disabled: !dateObject.selectable}\">6\u003C/td>\u003C!-- end ngRepeat: dateObject in week.dates -->\u003Ctd data-ng-repeat=\"dateObject in week.dates\" data-ng-click"
11:39:56.808 [Forwarding getPageSource on session d94198a6aa3008d5ffaf97f92db0cb0c to remote] DEBUG org.apache.http.wire - http-outgoing-82 << "=\"changeView(data.nextView, dateObject, $event)\" class=\"day ng-binding ng-scope future\" data-ng-class=\"{active: dateObject.active, past: dateObject.past, future: dateObject.future, disabled: !dateObject.selectable}\">7\u003C/td>\u003C!-- end ngRepeat: dateObject in week.dates -->\u003Ctd data-ng-repeat=\"dateObject in week.dates\" data-ng-click=\"changeView(data.nextView, dateObject, $event)\" class=\"day ng-binding ng-scope future\" data-ng-class=\"{active: dateObject.active, past: dateObject.past, future: dateObject.future, disabled: !dateObject.selectable}\">8\u003C/td>\u003C!-- end ngRepeat: dateObject in week.dates -->\u003Ctd data-ng-repeat=\"dateObject in week.dates\" data-ng-click=\"changeView(data.nextView, dateObject, $event)\" class=\"day ng-binding ng-scope future\" data-ng-class=\"{active: dateObject.active, past: dateObject.past, future: dateObject.future, disabled: !dateObject.selectable}\">9\u003C/td>\u003C!-- end ngRepeat: dateObject in week.dates -->\u003Ctd data-ng-repeat=\"dateObject in week.dates\" data-ng-click=\"changeView(data.nextView, dateObject, $event)\" class=\"day ng-binding ng-scope future\" data-ng-class=\"{active: dateObject.active, past: dateObject.past, future: dateObject.future, disabled: !dateObject.selectable}\">10\u003C/td>\u003C!-- end ngRepeat: dateObject in week.dates -->       \u003C/tr>\u003C!-- end ngIf: data.currentView === 'day' -->\u003C!-- end ngRepeat: week in data.weeks -->   \u003C/tbody>\u003C/table>\u003C/div>\n                    \u003C/ul>\n                \u003C/div>\n            \u003C/div>\n            \u003Cdiv class=\"form-group\" show-errors=\"\">\n                \u003Clabel for=\"cap\">Redemption Cap\u003C/label>\n                \u003Cinput type=\"number\" ng-model=\"campaignDetails.cap\" length=\"25\" min=\"1\" max=\"5000000\" name=\"cap\" id=\"cap\" class=\"form-control ng-pristine ng-untouched ng-valid ng-valid-min ng-valid-max\" placeholder=\"Maximum Capacity of Campaign\" />\n            \u003C/div>\n            \u003Cdiv class=\"form-group options ng-hide\" ng-hide=\"!isUpdateable() || campaignDetails.type === 'GIFTING'\">\n                \u003Clabel>Voucher Creation Lock (For CSRs)\u003C/label>\n                \u003Clabel for=\"lock-voucher-false\" class=\"normal\">Unlocked\n                    \u003Cinput type=\"radio\" ng-model=\"campaignDetails.voucherCreationLock\" value=\"false\" name=\"voucherCreationLock\" id=\"lock-voucher-false\" ng-value=\"false\" data-ng-disabled=\"!isUpdateable() || campaignDetails.type === 'GIFTING'\" class=\"ng-pristine ng-untouched ng-valid\" disabled=\"disabled\" />\n                \u003C/label>\n                \u003Clabel for=\"lock-voucher-true\" class=\"normal\">Locked\n                    \u003Cinput type=\"radio\" ng-model=\"campaignDetails.voucherCreationLock\" value=\"true\" name=\"voucherCreationLock\" id=\"lock-voucher-true\" ng-value=\"true\" data-ng-disabled=\"!isUpdateable() || campaignDetails.type === 'GIFTING'\" class=\"ng-pristine ng-untouched ng-valid\" disabled=\"disabled\" />\n                \u003C/label>\n            \u003C/div>\n            \u003Cdiv class=\"form-group options ng-hide\" ng-hide=\"controllerAction == 'Create'\">\n                \u003Clabel>Campaign State\u003C/label>\n                \u003Clabel for=\"cancelled-false\" class=\"normal\">Active\n                    \u003Cinput type=\"radio\" ng-model=\"campaignDetails.cancelled\" value=\"false\" name=\"cancelled\" id=\"cancelled-false\" ng-value=\"false\" class=\"ng-pristine ng-untouched ng-valid\" />\n                \u003C/label>\n                \u003Clabel for=\"cancelled-true\" class=\"normal\">Cancelled\n                    \u003Cinput type=\"radio\" ng-model=\"campaignDetails.cancelled\" value=\"true\" name=\"cancelled\" id=\"cancelled-true\" ng-value=\"true\" class=\"ng-pristine ng-untouched ng-valid\" />\n                \u003C/label>\n            \u003C/div>\n            \u003Cbutton name=\"submit\" class=\"btn btn-primary pull-right update-details-btn ng-binding\" ng-click=\"campaignForm.$valid &amp;&amp; submitC"
11:39:56.808 [Forwarding getPageSource on session d94198a6aa3008d5ffaf97f92db0cb0c to remote] DEBUG org.apache.http.wire - http-outgoing-82 << "ampaign()\" ng-disabled=\"!campaignForm.$valid || hasFormNotChanged()\" disabled=\"disabled\">\n            Create Campaign\n            \u003C/button>\n        \u003C/form>\n        \u003Cmessages>\u003C/messages>\n    \u003C/div>\n\n\u003C/div>\n\u003C/div>\n        \u003Cdiv class=\"footer\">\u003C/div>\n    \u003C/div>\n\n    \u003C!-- build:js(.) scripts/ie-include.js -->\n        \u003C!--[if lt IE 9]>\n            \u003Cscript src=\"bower_components/es5-shim/es5-shim.js\">\u003C/script>\n            \u003Cscript src=\"bower_components/json3/lib/json3.min.js\">\u003C/script>\n            \u003Cscript src=\"bower_components/respond/dest/respond.src.js\">\u003C/script>\n        \u003C![endif]-->\n    \u003C!-- endbuild -->\n\n    \u003C!-- build:js(.) scripts/vendor.js -->\n    \u003C!-- bower:js -->\n    \u003Cscript src=\"bower_components/jquery/dist/jquery.js\">\u003C/script>\n    \u003Cscript src=\"bower_components/angular/angular.js\">\u003C/script>\n    \u003Cscript src=\"bower_components/json3/lib/json3.js\">\u003C/script>\n    \u003Cscript src=\"bower_components/bootstrap/dist/js/bootstrap.js\">\u003C/script>\n    \u003Cscript src=\"bower_components/angular-resource/angular-resource.js\">\u003C/script>\n    \u003Cscript src=\"bower_components/angular-sanitize/angular-sanitize.js\">\u003C/script>\n    \u003Cscript src=\"bower_components/angular-animate/angular-animate.js\">\u003C/script>\n    \u003Cscript src=\"bower_components/angular-route/angular-route.js\">\u003C/script>\n    \u003Cscript src=\"bower_components/moment/moment.js\">\u003C/script>\n    \u003Cscript src=\"bower_components/angular-bootstrap-show-errors/src/showErrors.js\">\u003C/script>\n    \u003Cscript src=\"bower_components/angular-bootstrap-datetimepicker/src/js/datetimepicker.js\">\u003C/script>\n    \u003Cscript src=\"bower_components/jquery-ui/jquery-ui.js\">\u003C/script>\n    \u003Cscript src=\"bower_components/FileSaver/FileSaver.js\">\u003C/script>\n    \u003Cscript src=\"bower_components/underscore/underscore.js\">\u003C/script>\n    \u003Cscript src=\"bower_components/angular-bootstrap/ui-bootstrap-tpls.js\">\u003C/script>\n    \u003Cscript src=\"bower_components/angular-translate/angular-translate.js\">\u003C/script>\n    \u003Cscript src=\"bower_components/angular-dialog-service/dist/dialogs.min.js\">\u003C/script>\n    \u003Cscript src=\"bower_components/angular-dialog-service/dist/dialogs-default-translations.min.js\">\u003C/script>\n    \u003Cscript src=\"bower_components/angular-utils-pagination/dirPagination.js\">\u003C/script>\n    \u003C!-- endbower -->\n    \u003C!-- endbuild -->\n\n    \u003C!-- build:js({.tmp,app}) scripts/scripts.js -->\n    \u003Cscript src=\"scripts/app.js\">\u003C/script>\n    \u003Cscript src=\"scripts/config/config.js\">\u003C/script>\n    \u003Cscript src=\"scripts/services/base-http-service.js\">\u003C/script>\n    \u003Cscript src=\"scripts/services/voucher-service.js\">\u003C/script>\n    \u003Cscript src=\"scripts/services/campaign-service.js\">\u003C/script>\n    \u003Cscript src=\"scripts/services/history-service.js\">\u003C/script>\n    \u003Cscript src=\"scripts/services/promo-service.js\">\u003C/script>\n    \u003Cscript src=\"scripts/services/date-service.js\">\u003C/script>\n    \u003Cscript src=\"scripts/services/root-service.js\">\u003C/script>\n    \u003Cscript src=\"scripts/services/hateoas-service-util.js\">\u003C/script>\n    \u003Cscript src=\"scripts/controllers/promo-controller.js\">\u003C/script>\n    \u003Cscript src=\"scripts/controllers/campaign-controller.js\">\u003C/script>\n    \u003Cscript src=\"scripts/controllers/status-controller.js\">\u003C/script>\n    \u003Cscript src=\"scripts/controllers/audit-history-controller.js\">\u003C/script>\n    \u003Cscript src=\"scripts/controllers/voucher-controller.js\">\u003C/script>\n    \u003Cscript src=\"scripts/controllers/account-controller.js\">\u003C/script>\n    \u003Cscript src=\"scripts/controllers/campaign-list-controller.js\">\u003C/script>\n    \u003Cscript src=\"scripts/directives/campaign-directive.js\">\u003C/script"
11:39:56.808 [Forwarding getPageSource on session d94198a6aa3008d5ffaf97f92db0cb0c to remote] DEBUG org.apache.http.wire - http-outgoing-82 << ">\n    \u003Cscript src=\"scripts/directives/voucher-directive.js\">\u003C/script>\n    \u003Cscript src=\"scripts/directives/single-use-voucher-directive.js\">\u003C/script>\n    \u003Cscript src=\"scripts/directives/server-connection-directive.js\">\u003C/script>\n    \u003Cscript src=\"scripts/directives/promocode-directive.js\">\u003C/script>\n    \u003Cscript src=\"scripts/directives/voucher-batch-directive.js\">\u003C/script>\n    \u003Cscript src=\"scripts/filters/account-filter.js\">\u003C/script>\n\n    \u003C!-- endbuild -->\n\n    \u003Cscript src=\"/config\">\u003C/script>\n\n\u003Cscript>//&lt;![CDATA[\ndocument.write('&lt;script src=\"//' + (location.hostname || 'localhost') + ':35729/livereload.js?snipver=1\"&gt;&lt;\\/script&gt;')\n//]]&gt;\u003C/script>\u003Cscript src=\"//localhost:35729/livereload.js?snipver=1\">\u003C/script>\n\n\n\u003C/body>\u003C/html>"}"
11:39:56.808 [Forwarding getPageSource on session d94198a6aa3008d5ffaf97f92db0cb0c to remote] DEBUG o.a.h.i.c.DefaultManagedHttpClientConnection - http-outgoing-82: Shutdown connection
11:39:56.808 [Forwarding getPageSource on session d94198a6aa3008d5ffaf97f92db0cb0c to remote] DEBUG o.a.h.impl.execchain.MainClientExec - Connection discarded
11:39:56.808 [Forwarding getPageSource on session d94198a6aa3008d5ffaf97f92db0cb0c to remote] DEBUG o.a.h.i.c.DefaultManagedHttpClientConnection - http-outgoing-82: Close connection
11:39:56.808 [Forwarding getPageSource on session d94198a6aa3008d5ffaf97f92db0cb0c to remote] DEBUG o.a.h.i.c.PoolingHttpClientConnectionManager - Connection released: [id: 82][route: {}->http://localhost:26477][total kept alive: 0; route allocated: 0 of 2000; total allocated: 0 of 2000]
11:39:56.811 [Forwarding findElements on session d94198a6aa3008d5ffaf97f92db0cb0c to remote] DEBUG o.a.h.c.protocol.RequestAddCookies - CookieSpec selected: best-match
11:39:56.811 [Forwarding findElements on session d94198a6aa3008d5ffaf97f92db0cb0c to remote] DEBUG o.a.h.c.protocol.RequestAuthCache - Auth cache not set in the context
11:39:56.811 [Forwarding findElements on session d94198a6aa3008d5ffaf97f92db0cb0c to remote] DEBUG o.a.h.i.c.PoolingHttpClientConnectionManager - Connection request: [route: {}->http://localhost:26477][total kept alive: 0; route allocated: 0 of 2000; total allocated: 0 of 2000]
11:39:56.811 [Forwarding findElements on session d94198a6aa3008d5ffaf97f92db0cb0c to remote] DEBUG o.a.h.i.c.PoolingHttpClientConnectionManager - Connection leased: [id: 83][route: {}->http://localhost:26477][total kept alive: 0; route allocated: 1 of 2000; total allocated: 1 of 2000]
11:39:56.811 [Forwarding findElements on session d94198a6aa3008d5ffaf97f92db0cb0c to remote] DEBUG o.a.h.impl.execchain.MainClientExec - Opening connection {}->http://localhost:26477
11:39:56.811 [Forwarding findElements on session d94198a6aa3008d5ffaf97f92db0cb0c to remote] DEBUG o.a.h.i.c.HttpClientConnectionOperator - Connecting to localhost/127.0.0.1:26477
11:39:56.811 [Forwarding findElements on session d94198a6aa3008d5ffaf97f92db0cb0c to remote] DEBUG o.a.h.i.c.HttpClientConnectionOperator - Connection established 127.0.0.1:57359<->127.0.0.1:26477
11:39:56.811 [Forwarding findElements on session d94198a6aa3008d5ffaf97f92db0cb0c to remote] DEBUG o.a.h.impl.execchain.MainClientExec - Executing request POST /session/d94198a6aa3008d5ffaf97f92db0cb0c/elements HTTP/1.1
11:39:56.811 [Forwarding findElements on session d94198a6aa3008d5ffaf97f92db0cb0c to remote] DEBUG o.a.h.impl.execchain.MainClientExec - Target auth state: UNCHALLENGED
11:39:56.811 [Forwarding findElements on session d94198a6aa3008d5ffaf97f92db0cb0c to remote] DEBUG o.a.h.impl.execchain.MainClientExec - Proxy auth state: UNCHALLENGED
11:39:56.811 [Forwarding findElements on session d94198a6aa3008d5ffaf97f92db0cb0c to remote] DEBUG org.apache.http.headers - http-outgoing-83 >> POST /session/d94198a6aa3008d5ffaf97f92db0cb0c/elements HTTP/1.1
11:39:56.811 [Forwarding findElements on session d94198a6aa3008d5ffaf97f92db0cb0c to remote] DEBUG org.apache.http.headers - http-outgoing-83 >> Content-Type: application/json; charset=utf-8
11:39:56.811 [Forwarding findElements on session d94198a6aa3008d5ffaf97f92db0cb0c to remote] DEBUG org.apache.http.headers - http-outgoing-83 >> Content-Length: 36
11:39:56.811 [Forwarding findElements on session d94198a6aa3008d5ffaf97f92db0cb0c to remote] DEBUG org.apache.http.headers - http-outgoing-83 >> Host: localhost:26477
11:39:56.811 [Forwarding findElements on session d94198a6aa3008d5ffaf97f92db0cb0c to remote] DEBUG org.apache.http.headers - http-outgoing-83 >> Connection: Keep-Alive
11:39:56.811 [Forwarding findElements on session d94198a6aa3008d5ffaf97f92db0cb0c to remote] DEBUG org.apache.http.headers - http-outgoing-83 >> User-Agent: Apache-HttpClient/4.3.4 (java 1.5)
11:39:56.811 [Forwarding findElements on session d94198a6aa3008d5ffaf97f92db0cb0c to remote] DEBUG org.apache.http.headers - http-outgoing-83 >> Accept-Encoding: gzip,deflate
11:39:56.811 [Forwarding findElements on session d94198a6aa3008d5ffaf97f92db0cb0c to remote] DEBUG org.apache.http.wire - http-outgoing-83 >> "POST /session/d94198a6aa3008d5ffaf97f92db0cb0c/elements HTTP/1.1[\r][\n]"
11:39:56.811 [Forwarding findElements on session d94198a6aa3008d5ffaf97f92db0cb0c to remote] DEBUG org.apache.http.wire - http-outgoing-83 >> "Content-Type: application/json; charset=utf-8[\r][\n]"
11:39:56.811 [Forwarding findElements on session d94198a6aa3008d5ffaf97f92db0cb0c to remote] DEBUG org.apache.http.wire - http-outgoing-83 >> "Content-Length: 36[\r][\n]"
11:39:56.811 [Forwarding findElements on session d94198a6aa3008d5ffaf97f92db0cb0c to remote] DEBUG org.apache.http.wire - http-outgoing-83 >> "Host: localhost:26477[\r][\n]"
11:39:56.811 [Forwarding findElements on session d94198a6aa3008d5ffaf97f92db0cb0c to remote] DEBUG org.apache.http.wire - http-outgoing-83 >> "Connection: Keep-Alive[\r][\n]"
11:39:56.811 [Forwarding findElements on session d94198a6aa3008d5ffaf97f92db0cb0c to remote] DEBUG org.apache.http.wire - http-outgoing-83 >> "User-Agent: Apache-HttpClient/4.3.4 (java 1.5)[\r][\n]"
11:39:56.811 [Forwarding findElements on session d94198a6aa3008d5ffaf97f92db0cb0c to remote] DEBUG org.apache.http.wire - http-outgoing-83 >> "Accept-Encoding: gzip,deflate[\r][\n]"
11:39:56.811 [Forwarding findElements on session d94198a6aa3008d5ffaf97f92db0cb0c to remote] DEBUG org.apache.http.wire - http-outgoing-83 >> "[\r][\n]"
11:39:56.811 [Forwarding findElements on session d94198a6aa3008d5ffaf97f92db0cb0c to remote] DEBUG org.apache.http.wire - http-outgoing-83 >> "{"using":"css selector","value":"a"}"
11:39:56.821 [Forwarding findElements on session d94198a6aa3008d5ffaf97f92db0cb0c to remote] DEBUG org.apache.http.wire - http-outgoing-83 << "HTTP/1.1 200 OK[\r][\n]"
11:39:56.821 [Forwarding findElements on session d94198a6aa3008d5ffaf97f92db0cb0c to remote] DEBUG org.apache.http.wire - http-outgoing-83 << "Content-Length:501[\r][\n]"
11:39:56.821 [Forwarding findElements on session d94198a6aa3008d5ffaf97f92db0cb0c to remote] DEBUG org.apache.http.wire - http-outgoing-83 << "Content-Type:application/json; charset=utf-8[\r][\n]"
11:39:56.821 [Forwarding findElements on session d94198a6aa3008d5ffaf97f92db0cb0c to remote] DEBUG org.apache.http.wire - http-outgoing-83 << "Connection:close[\r][\n]"
11:39:56.821 [Forwarding findElements on session d94198a6aa3008d5ffaf97f92db0cb0c to remote] DEBUG org.apache.http.wire - http-outgoing-83 << "[\r][\n]"
11:39:56.821 [Forwarding findElements on session d94198a6aa3008d5ffaf97f92db0cb0c to remote] DEBUG org.apache.http.wire - http-outgoing-83 << "{"sessionId":"d94198a6aa3008d5ffaf97f92db0cb0c","status":0,"value":[{"ELEMENT":"0.5152662619948387-21"},{"ELEMENT":"0.5152662619948387-22"},{"ELEMENT":"0.5152662619948387-23"},{"ELEMENT":"0.5152662619948387-24"},{"ELEMENT":"0.5152662619948387-25"},{"ELEMENT":"0.5152662619948387-26"},{"ELEMENT":"0.5152662619948387-27"},{"ELEMENT":"0.5152662619948387-28"},{"ELEMENT":"0.5152662619948387-29"},{"ELEMENT":"0.5152662619948387-30"},{"ELEMENT":"0.5152662619948387-31"},{"ELEMENT":"0.5152662619948387-32"}]}"
11:39:56.821 [Forwarding findElements on session d94198a6aa3008d5ffaf97f92db0cb0c to remote] DEBUG org.apache.http.headers - http-outgoing-83 << HTTP/1.1 200 OK
11:39:56.821 [Forwarding findElements on session d94198a6aa3008d5ffaf97f92db0cb0c to remote] DEBUG org.apache.http.headers - http-outgoing-83 << Content-Length:501
11:39:56.821 [Forwarding findElements on session d94198a6aa3008d5ffaf97f92db0cb0c to remote] DEBUG org.apache.http.headers - http-outgoing-83 << Content-Type:application/json; charset=utf-8
11:39:56.821 [Forwarding findElements on session d94198a6aa3008d5ffaf97f92db0cb0c to remote] DEBUG org.apache.http.headers - http-outgoing-83 << Connection:close
11:39:56.821 [Forwarding findElements on session d94198a6aa3008d5ffaf97f92db0cb0c to remote] DEBUG o.a.h.i.c.DefaultManagedHttpClientConnection - http-outgoing-83: Shutdown connection
11:39:56.821 [Forwarding findElements on session d94198a6aa3008d5ffaf97f92db0cb0c to remote] DEBUG o.a.h.impl.execchain.MainClientExec - Connection discarded
11:39:56.821 [Forwarding findElements on session d94198a6aa3008d5ffaf97f92db0cb0c to remote] DEBUG o.a.h.i.c.DefaultManagedHttpClientConnection - http-outgoing-83: Close connection
11:39:56.821 [Forwarding findElements on session d94198a6aa3008d5ffaf97f92db0cb0c to remote] DEBUG o.a.h.i.c.PoolingHttpClientConnectionManager - Connection released: [id: 83][route: {}->http://localhost:26477][total kept alive: 0; route allocated: 0 of 2000; total allocated: 0 of 2000]
11:39:56.822 [Forwarding getElementText on session d94198a6aa3008d5ffaf97f92db0cb0c to remote] DEBUG o.a.h.c.protocol.RequestAddCookies - CookieSpec selected: best-match
11:39:56.822 [Forwarding getElementText on session d94198a6aa3008d5ffaf97f92db0cb0c to remote] DEBUG o.a.h.c.protocol.RequestAuthCache - Auth cache not set in the context
11:39:56.822 [Forwarding getElementText on session d94198a6aa3008d5ffaf97f92db0cb0c to remote] DEBUG o.a.h.i.c.PoolingHttpClientConnectionManager - Connection request: [route: {}->http://localhost:26477][total kept alive: 0; route allocated: 0 of 2000; total allocated: 0 of 2000]
11:39:56.822 [Forwarding getElementText on session d94198a6aa3008d5ffaf97f92db0cb0c to remote] DEBUG o.a.h.i.c.PoolingHttpClientConnectionManager - Connection leased: [id: 84][route: {}->http://localhost:26477][total kept alive: 0; route allocated: 1 of 2000; total allocated: 1 of 2000]
11:39:56.822 [Forwarding getElementText on session d94198a6aa3008d5ffaf97f92db0cb0c to remote] DEBUG o.a.h.impl.execchain.MainClientExec - Opening connection {}->http://localhost:26477
11:39:56.822 [Forwarding getElementText on session d94198a6aa3008d5ffaf97f92db0cb0c to remote] DEBUG o.a.h.i.c.HttpClientConnectionOperator - Connecting to localhost/127.0.0.1:26477
11:39:56.822 [Forwarding getElementText on session d94198a6aa3008d5ffaf97f92db0cb0c to remote] DEBUG o.a.h.i.c.HttpClientConnectionOperator - Connection established 127.0.0.1:57360<->127.0.0.1:26477
11:39:56.822 [Forwarding getElementText on session d94198a6aa3008d5ffaf97f92db0cb0c to remote] DEBUG o.a.h.impl.execchain.MainClientExec - Executing request GET /session/d94198a6aa3008d5ffaf97f92db0cb0c/element/0.5152662619948387-21/text HTTP/1.1
11:39:56.822 [Forwarding getElementText on session d94198a6aa3008d5ffaf97f92db0cb0c to remote] DEBUG o.a.h.impl.execchain.MainClientExec - Target auth state: UNCHALLENGED
11:39:56.822 [Forwarding getElementText on session d94198a6aa3008d5ffaf97f92db0cb0c to remote] DEBUG o.a.h.impl.execchain.MainClientExec - Proxy auth state: UNCHALLENGED
11:39:56.822 [Forwarding getElementText on session d94198a6aa3008d5ffaf97f92db0cb0c to remote] DEBUG org.apache.http.headers - http-outgoing-84 >> GET /session/d94198a6aa3008d5ffaf97f92db0cb0c/element/0.5152662619948387-21/text HTTP/1.1
11:39:56.822 [Forwarding getElementText on session d94198a6aa3008d5ffaf97f92db0cb0c to remote] DEBUG org.apache.http.headers - http-outgoing-84 >> Cache-Control: no-cache
11:39:56.822 [Forwarding getElementText on session d94198a6aa3008d5ffaf97f92db0cb0c to remote] DEBUG org.apache.http.headers - http-outgoing-84 >> Host: localhost:26477
11:39:56.822 [Forwarding getElementText on session d94198a6aa3008d5ffaf97f92db0cb0c to remote] DEBUG org.apache.http.headers - http-outgoing-84 >> Connection: Keep-Alive
11:39:56.822 [Forwarding getElementText on session d94198a6aa3008d5ffaf97f92db0cb0c to remote] DEBUG org.apache.http.headers - http-outgoing-84 >> User-Agent: Apache-HttpClient/4.3.4 (java 1.5)
11:39:56.822 [Forwarding getElementText on session d94198a6aa3008d5ffaf97f92db0cb0c to remote] DEBUG org.apache.http.headers - http-outgoing-84 >> Accept-Encoding: gzip,deflate
11:39:56.822 [Forwarding getElementText on session d94198a6aa3008d5ffaf97f92db0cb0c to remote] DEBUG org.apache.http.wire - http-outgoing-84 >> "GET /session/d94198a6aa3008d5ffaf97f92db0cb0c/element/0.5152662619948387-21/text HTTP/1.1[\r][\n]"
11:39:56.822 [Forwarding getElementText on session d94198a6aa3008d5ffaf97f92db0cb0c to remote] DEBUG org.apache.http.wire - http-outgoing-84 >> "Cache-Control: no-cache[\r][\n]"
11:39:56.822 [Forwarding getElementText on session d94198a6aa3008d5ffaf97f92db0cb0c to remote] DEBUG org.apache.http.wire - http-outgoing-84 >> "Host: localhost:26477[\r][\n]"
11:39:56.822 [Forwarding getElementText on session d94198a6aa3008d5ffaf97f92db0cb0c to remote] DEBUG org.apache.http.wire - http-outgoing-84 >> "Connection: Keep-Alive[\r][\n]"
11:39:56.822 [Forwarding getElementText on session d94198a6aa3008d5ffaf97f92db0cb0c to remote] DEBUG org.apache.http.wire - http-outgoing-84 >> "User-Agent: Apache-HttpClient/4.3.4 (java 1.5)[\r][\n]"
11:39:56.822 [Forwarding getElementText on session d94198a6aa3008d5ffaf97f92db0cb0c to remote] DEBUG org.apache.http.wire - http-outgoing-84 >> "Accept-Encoding: gzip,deflate[\r][\n]"
11:39:56.822 [Forwarding getElementText on session d94198a6aa3008d5ffaf97f92db0cb0c to remote] DEBUG org.apache.http.wire - http-outgoing-84 >> "[\r][\n]"
11:39:56.836 [Forwarding getElementText on session d94198a6aa3008d5ffaf97f92db0cb0c to remote] DEBUG org.apache.http.wire - http-outgoing-84 << "HTTP/1.1 200 OK[\r][\n]"
11:39:56.837 [Forwarding getElementText on session d94198a6aa3008d5ffaf97f92db0cb0c to remote] DEBUG org.apache.http.wire - http-outgoing-84 << "Content-Length:79[\r][\n]"
11:39:56.837 [Forwarding getElementText on session d94198a6aa3008d5ffaf97f92db0cb0c to remote] DEBUG org.apache.http.wire - http-outgoing-84 << "Content-Type:application/json; charset=utf-8[\r][\n]"
11:39:56.837 [Forwarding getElementText on session d94198a6aa3008d5ffaf97f92db0cb0c to remote] DEBUG org.apache.http.wire - http-outgoing-84 << "Connection:close[\r][\n]"
11:39:56.837 [Forwarding getElementText on session d94198a6aa3008d5ffaf97f92db0cb0c to remote] DEBUG org.apache.http.wire - http-outgoing-84 << "[\r][\n]"
11:39:56.837 [Forwarding getElementText on session d94198a6aa3008d5ffaf97f92db0cb0c to remote] DEBUG org.apache.http.wire - http-outgoing-84 << "{"sessionId":"d94198a6aa3008d5ffaf97f92db0cb0c","status":0,"value":"Campaigns"}"
11:39:56.837 [Forwarding getElementText on session d94198a6aa3008d5ffaf97f92db0cb0c to remote] DEBUG org.apache.http.headers - http-outgoing-84 << HTTP/1.1 200 OK
11:39:56.837 [Forwarding getElementText on session d94198a6aa3008d5ffaf97f92db0cb0c to remote] DEBUG org.apache.http.headers - http-outgoing-84 << Content-Length:79
11:39:56.837 [Forwarding getElementText on session d94198a6aa3008d5ffaf97f92db0cb0c to remote] DEBUG org.apache.http.headers - http-outgoing-84 << Content-Type:application/json; charset=utf-8
11:39:56.837 [Forwarding getElementText on session d94198a6aa3008d5ffaf97f92db0cb0c to remote] DEBUG org.apache.http.headers - http-outgoing-84 << Connection:close
11:39:56.837 [Forwarding getElementText on session d94198a6aa3008d5ffaf97f92db0cb0c to remote] DEBUG o.a.h.i.c.DefaultManagedHttpClientConnection - http-outgoing-84: Shutdown connection
11:39:56.837 [Forwarding getElementText on session d94198a6aa3008d5ffaf97f92db0cb0c to remote] DEBUG o.a.h.impl.execchain.MainClientExec - Connection discarded
11:39:56.837 [Forwarding getElementText on session d94198a6aa3008d5ffaf97f92db0cb0c to remote] DEBUG o.a.h.i.c.DefaultManagedHttpClientConnection - http-outgoing-84: Close connection
11:39:56.837 [Forwarding getElementText on session d94198a6aa3008d5ffaf97f92db0cb0c to remote] DEBUG o.a.h.i.c.PoolingHttpClientConnectionManager - Connection released: [id: 84][route: {}->http://localhost:26477][total kept alive: 0; route allocated: 0 of 2000; total allocated: 0 of 2000]
11:39:56.838 [Forwarding getElementText on session d94198a6aa3008d5ffaf97f92db0cb0c to remote] DEBUG o.a.h.c.protocol.RequestAddCookies - CookieSpec selected: best-match
11:39:56.838 [Forwarding getElementText on session d94198a6aa3008d5ffaf97f92db0cb0c to remote] DEBUG o.a.h.c.protocol.RequestAuthCache - Auth cache not set in the context
11:39:56.838 [Forwarding getElementText on session d94198a6aa3008d5ffaf97f92db0cb0c to remote] DEBUG o.a.h.i.c.PoolingHttpClientConnectionManager - Connection request: [route: {}->http://localhost:26477][total kept alive: 0; route allocated: 0 of 2000; total allocated: 0 of 2000]
11:39:56.838 [Forwarding getElementText on session d94198a6aa3008d5ffaf97f92db0cb0c to remote] DEBUG o.a.h.i.c.PoolingHttpClientConnectionManager - Connection leased: [id: 85][route: {}->http://localhost:26477][total kept alive: 0; route allocated: 1 of 2000; total allocated: 1 of 2000]
11:39:56.838 [Forwarding getElementText on session d94198a6aa3008d5ffaf97f92db0cb0c to remote] DEBUG o.a.h.impl.execchain.MainClientExec - Opening connection {}->http://localhost:26477
11:39:56.838 [Forwarding getElementText on session d94198a6aa3008d5ffaf97f92db0cb0c to remote] DEBUG o.a.h.i.c.HttpClientConnectionOperator - Connecting to localhost/127.0.0.1:26477
11:39:56.838 [Forwarding getElementText on session d94198a6aa3008d5ffaf97f92db0cb0c to remote] DEBUG o.a.h.i.c.HttpClientConnectionOperator - Connection established 127.0.0.1:57361<->127.0.0.1:26477
11:39:56.838 [Forwarding getElementText on session d94198a6aa3008d5ffaf97f92db0cb0c to remote] DEBUG o.a.h.impl.execchain.MainClientExec - Executing request GET /session/d94198a6aa3008d5ffaf97f92db0cb0c/element/0.5152662619948387-22/text HTTP/1.1
11:39:56.838 [Forwarding getElementText on session d94198a6aa3008d5ffaf97f92db0cb0c to remote] DEBUG o.a.h.impl.execchain.MainClientExec - Target auth state: UNCHALLENGED
11:39:56.838 [Forwarding getElementText on session d94198a6aa3008d5ffaf97f92db0cb0c to remote] DEBUG o.a.h.impl.execchain.MainClientExec - Proxy auth state: UNCHALLENGED
11:39:56.838 [Forwarding getElementText on session d94198a6aa3008d5ffaf97f92db0cb0c to remote] DEBUG org.apache.http.headers - http-outgoing-85 >> GET /session/d94198a6aa3008d5ffaf97f92db0cb0c/element/0.5152662619948387-22/text HTTP/1.1
11:39:56.838 [Forwarding getElementText on session d94198a6aa3008d5ffaf97f92db0cb0c to remote] DEBUG org.apache.http.headers - http-outgoing-85 >> Cache-Control: no-cache
11:39:56.838 [Forwarding getElementText on session d94198a6aa3008d5ffaf97f92db0cb0c to remote] DEBUG org.apache.http.headers - http-outgoing-85 >> Host: localhost:26477
11:39:56.838 [Forwarding getElementText on session d94198a6aa3008d5ffaf97f92db0cb0c to remote] DEBUG org.apache.http.headers - http-outgoing-85 >> Connection: Keep-Alive
11:39:56.838 [Forwarding getElementText on session d94198a6aa3008d5ffaf97f92db0cb0c to remote] DEBUG org.apache.http.headers - http-outgoing-85 >> User-Agent: Apache-HttpClient/4.3.4 (java 1.5)
11:39:56.838 [Forwarding getElementText on session d94198a6aa3008d5ffaf97f92db0cb0c to remote] DEBUG org.apache.http.headers - http-outgoing-85 >> Accept-Encoding: gzip,deflate
11:39:56.838 [Forwarding getElementText on session d94198a6aa3008d5ffaf97f92db0cb0c to remote] DEBUG org.apache.http.wire - http-outgoing-85 >> "GET /session/d94198a6aa3008d5ffaf97f92db0cb0c/element/0.5152662619948387-22/text HTTP/1.1[\r][\n]"
11:39:56.838 [Forwarding getElementText on session d94198a6aa3008d5ffaf97f92db0cb0c to remote] DEBUG org.apache.http.wire - http-outgoing-85 >> "Cache-Control: no-cache[\r][\n]"
11:39:56.838 [Forwarding getElementText on session d94198a6aa3008d5ffaf97f92db0cb0c to remote] DEBUG org.apache.http.wire - http-outgoing-85 >> "Host: localhost:26477[\r][\n]"
11:39:56.838 [Forwarding getElementText on session d94198a6aa3008d5ffaf97f92db0cb0c to remote] DEBUG org.apache.http.wire - http-outgoing-85 >> "Connection: Keep-Alive[\r][\n]"
11:39:56.838 [Forwarding getElementText on session d94198a6aa3008d5ffaf97f92db0cb0c to remote] DEBUG org.apache.http.wire - http-outgoing-85 >> "User-Agent: Apache-HttpClient/4.3.4 (java 1.5)[\r][\n]"
11:39:56.838 [Forwarding getElementText on session d94198a6aa3008d5ffaf97f92db0cb0c to remote] DEBUG org.apache.http.wire - http-outgoing-85 >> "Accept-Encoding: gzip,deflate[\r][\n]"
11:39:56.838 [Forwarding getElementText on session d94198a6aa3008d5ffaf97f92db0cb0c to remote] DEBUG org.apache.http.wire - http-outgoing-85 >> "[\r][\n]"
11:39:56.851 [Forwarding getElementText on session d94198a6aa3008d5ffaf97f92db0cb0c to remote] DEBUG org.apache.http.wire - http-outgoing-85 << "HTTP/1.1 200 OK[\r][\n]"
11:39:56.851 [Forwarding getElementText on session d94198a6aa3008d5ffaf97f92db0cb0c to remote] DEBUG org.apache.http.wire - http-outgoing-85 << "Content-Length:85[\r][\n]"
11:39:56.852 [Forwarding getElementText on session d94198a6aa3008d5ffaf97f92db0cb0c to remote] DEBUG org.apache.http.wire - http-outgoing-85 << "Content-Type:application/json; charset=utf-8[\r][\n]"
11:39:56.852 [Forwarding getElementText on session d94198a6aa3008d5ffaf97f92db0cb0c to remote] DEBUG org.apache.http.wire - http-outgoing-85 << "Connection:close[\r][\n]"
11:39:56.852 [Forwarding getElementText on session d94198a6aa3008d5ffaf97f92db0cb0c to remote] DEBUG org.apache.http.wire - http-outgoing-85 << "[\r][\n]"
11:39:56.852 [Forwarding getElementText on session d94198a6aa3008d5ffaf97f92db0cb0c to remote] DEBUG org.apache.http.wire - http-outgoing-85 << "{"sessionId":"d94198a6aa3008d5ffaf97f92db0cb0c","status":0,"value":"Create Campaign"}"
11:39:56.852 [Forwarding getElementText on session d94198a6aa3008d5ffaf97f92db0cb0c to remote] DEBUG org.apache.http.headers - http-outgoing-85 << HTTP/1.1 200 OK
11:39:56.852 [Forwarding getElementText on session d94198a6aa3008d5ffaf97f92db0cb0c to remote] DEBUG org.apache.http.headers - http-outgoing-85 << Content-Length:85
11:39:56.852 [Forwarding getElementText on session d94198a6aa3008d5ffaf97f92db0cb0c to remote] DEBUG org.apache.http.headers - http-outgoing-85 << Content-Type:application/json; charset=utf-8
11:39:56.852 [Forwarding getElementText on session d94198a6aa3008d5ffaf97f92db0cb0c to remote] DEBUG org.apache.http.headers - http-outgoing-85 << Connection:close
11:39:56.852 [Forwarding getElementText on session d94198a6aa3008d5ffaf97f92db0cb0c to remote] DEBUG o.a.h.i.c.DefaultManagedHttpClientConnection - http-outgoing-85: Shutdown connection
11:39:56.852 [Forwarding getElementText on session d94198a6aa3008d5ffaf97f92db0cb0c to remote] DEBUG o.a.h.impl.execchain.MainClientExec - Connection discarded
11:39:56.852 [Forwarding getElementText on session d94198a6aa3008d5ffaf97f92db0cb0c to remote] DEBUG o.a.h.i.c.DefaultManagedHttpClientConnection - http-outgoing-85: Close connection
11:39:56.852 [Forwarding getElementText on session d94198a6aa3008d5ffaf97f92db0cb0c to remote] DEBUG o.a.h.i.c.PoolingHttpClientConnectionManager - Connection released: [id: 85][route: {}->http://localhost:26477][total kept alive: 0; route allocated: 0 of 2000; total allocated: 0 of 2000]
11:39:56.853 [Forwarding getElementText on session d94198a6aa3008d5ffaf97f92db0cb0c to remote] DEBUG o.a.h.c.protocol.RequestAddCookies - CookieSpec selected: best-match
11:39:56.853 [Forwarding getElementText on session d94198a6aa3008d5ffaf97f92db0cb0c to remote] DEBUG o.a.h.c.protocol.RequestAuthCache - Auth cache not set in the context
11:39:56.853 [Forwarding getElementText on session d94198a6aa3008d5ffaf97f92db0cb0c to remote] DEBUG o.a.h.i.c.PoolingHttpClientConnectionManager - Connection request: [route: {}->http://localhost:26477][total kept alive: 0; route allocated: 0 of 2000; total allocated: 0 of 2000]
11:39:56.853 [Forwarding getElementText on session d94198a6aa3008d5ffaf97f92db0cb0c to remote] DEBUG o.a.h.i.c.PoolingHttpClientConnectionManager - Connection leased: [id: 86][route: {}->http://localhost:26477][total kept alive: 0; route allocated: 1 of 2000; total allocated: 1 of 2000]
11:39:56.853 [Forwarding getElementText on session d94198a6aa3008d5ffaf97f92db0cb0c to remote] DEBUG o.a.h.impl.execchain.MainClientExec - Opening connection {}->http://localhost:26477
11:39:56.853 [Forwarding getElementText on session d94198a6aa3008d5ffaf97f92db0cb0c to remote] DEBUG o.a.h.i.c.HttpClientConnectionOperator - Connecting to localhost/127.0.0.1:26477
11:39:56.853 [Forwarding getElementText on session d94198a6aa3008d5ffaf97f92db0cb0c to remote] DEBUG o.a.h.i.c.HttpClientConnectionOperator - Connection established 127.0.0.1:57362<->127.0.0.1:26477
11:39:56.853 [Forwarding getElementText on session d94198a6aa3008d5ffaf97f92db0cb0c to remote] DEBUG o.a.h.impl.execchain.MainClientExec - Executing request GET /session/d94198a6aa3008d5ffaf97f92db0cb0c/element/0.5152662619948387-23/text HTTP/1.1
11:39:56.853 [Forwarding getElementText on session d94198a6aa3008d5ffaf97f92db0cb0c to remote] DEBUG o.a.h.impl.execchain.MainClientExec - Target auth state: UNCHALLENGED
11:39:56.853 [Forwarding getElementText on session d94198a6aa3008d5ffaf97f92db0cb0c to remote] DEBUG o.a.h.impl.execchain.MainClientExec - Proxy auth state: UNCHALLENGED
11:39:56.853 [Forwarding getElementText on session d94198a6aa3008d5ffaf97f92db0cb0c to remote] DEBUG org.apache.http.headers - http-outgoing-86 >> GET /session/d94198a6aa3008d5ffaf97f92db0cb0c/element/0.5152662619948387-23/text HTTP/1.1
11:39:56.853 [Forwarding getElementText on session d94198a6aa3008d5ffaf97f92db0cb0c to remote] DEBUG org.apache.http.headers - http-outgoing-86 >> Cache-Control: no-cache
11:39:56.853 [Forwarding getElementText on session d94198a6aa3008d5ffaf97f92db0cb0c to remote] DEBUG org.apache.http.headers - http-outgoing-86 >> Host: localhost:26477
11:39:56.853 [Forwarding getElementText on session d94198a6aa3008d5ffaf97f92db0cb0c to remote] DEBUG org.apache.http.headers - http-outgoing-86 >> Connection: Keep-Alive
11:39:56.853 [Forwarding getElementText on session d94198a6aa3008d5ffaf97f92db0cb0c to remote] DEBUG org.apache.http.headers - http-outgoing-86 >> User-Agent: Apache-HttpClient/4.3.4 (java 1.5)
11:39:56.853 [Forwarding getElementText on session d94198a6aa3008d5ffaf97f92db0cb0c to remote] DEBUG org.apache.http.headers - http-outgoing-86 >> Accept-Encoding: gzip,deflate
11:39:56.853 [Forwarding getElementText on session d94198a6aa3008d5ffaf97f92db0cb0c to remote] DEBUG org.apache.http.wire - http-outgoing-86 >> "GET /session/d94198a6aa3008d5ffaf97f92db0cb0c/element/0.5152662619948387-23/text HTTP/1.1[\r][\n]"
11:39:56.853 [Forwarding getElementText on session d94198a6aa3008d5ffaf97f92db0cb0c to remote] DEBUG org.apache.http.wire - http-outgoing-86 >> "Cache-Control: no-cache[\r][\n]"
11:39:56.853 [Forwarding getElementText on session d94198a6aa3008d5ffaf97f92db0cb0c to remote] DEBUG org.apache.http.wire - http-outgoing-86 >> "Host: localhost:26477[\r][\n]"
11:39:56.853 [Forwarding getElementText on session d94198a6aa3008d5ffaf97f92db0cb0c to remote] DEBUG org.apache.http.wire - http-outgoing-86 >> "Connection: Keep-Alive[\r][\n]"
11:39:56.853 [Forwarding getElementText on session d94198a6aa3008d5ffaf97f92db0cb0c to remote] DEBUG org.apache.http.wire - http-outgoing-86 >> "User-Agent: Apache-HttpClient/4.3.4 (java 1.5)[\r][\n]"
11:39:56.853 [Forwarding getElementText on session d94198a6aa3008d5ffaf97f92db0cb0c to remote] DEBUG org.apache.http.wire - http-outgoing-86 >> "Accept-Encoding: gzip,deflate[\r][\n]"
11:39:56.853 [Forwarding getElementText on session d94198a6aa3008d5ffaf97f92db0cb0c to remote] DEBUG org.apache.http.wire - http-outgoing-86 >> "[\r][\n]"
11:39:56.865 [Forwarding getElementText on session d94198a6aa3008d5ffaf97f92db0cb0c to remote] DEBUG org.apache.http.wire - http-outgoing-86 << "HTTP/1.1 200 OK[\r][\n]"
11:39:56.865 [Forwarding getElementText on session d94198a6aa3008d5ffaf97f92db0cb0c to remote] DEBUG org.apache.http.wire - http-outgoing-86 << "Content-Length:85[\r][\n]"
11:39:56.865 [Forwarding getElementText on session d94198a6aa3008d5ffaf97f92db0cb0c to remote] DEBUG org.apache.http.wire - http-outgoing-86 << "Content-Type:application/json; charset=utf-8[\r][\n]"
11:39:56.865 [Forwarding getElementText on session d94198a6aa3008d5ffaf97f92db0cb0c to remote] DEBUG org.apache.http.wire - http-outgoing-86 << "Connection:close[\r][\n]"
11:39:56.865 [Forwarding getElementText on session d94198a6aa3008d5ffaf97f92db0cb0c to remote] DEBUG org.apache.http.wire - http-outgoing-86 << "[\r][\n]"
11:39:56.865 [Forwarding getElementText on session d94198a6aa3008d5ffaf97f92db0cb0c to remote] DEBUG org.apache.http.wire - http-outgoing-86 << "{"sessionId":"d94198a6aa3008d5ffaf97f92db0cb0c","status":0,"value":"Search Vouchers"}"
11:39:56.865 [Forwarding getElementText on session d94198a6aa3008d5ffaf97f92db0cb0c to remote] DEBUG org.apache.http.headers - http-outgoing-86 << HTTP/1.1 200 OK
11:39:56.865 [Forwarding getElementText on session d94198a6aa3008d5ffaf97f92db0cb0c to remote] DEBUG org.apache.http.headers - http-outgoing-86 << Content-Length:85
11:39:56.865 [Forwarding getElementText on session d94198a6aa3008d5ffaf97f92db0cb0c to remote] DEBUG org.apache.http.headers - http-outgoing-86 << Content-Type:application/json; charset=utf-8
11:39:56.865 [Forwarding getElementText on session d94198a6aa3008d5ffaf97f92db0cb0c to remote] DEBUG org.apache.http.headers - http-outgoing-86 << Connection:close
11:39:56.865 [Forwarding getElementText on session d94198a6aa3008d5ffaf97f92db0cb0c to remote] DEBUG o.a.h.i.c.DefaultManagedHttpClientConnection - http-outgoing-86: Shutdown connection
11:39:56.866 [Forwarding getElementText on session d94198a6aa3008d5ffaf97f92db0cb0c to remote] DEBUG o.a.h.impl.execchain.MainClientExec - Connection discarded
11:39:56.866 [Forwarding getElementText on session d94198a6aa3008d5ffaf97f92db0cb0c to remote] DEBUG o.a.h.i.c.DefaultManagedHttpClientConnection - http-outgoing-86: Close connection
11:39:56.866 [Forwarding getElementText on session d94198a6aa3008d5ffaf97f92db0cb0c to remote] DEBUG o.a.h.i.c.PoolingHttpClientConnectionManager - Connection released: [id: 86][route: {}->http://localhost:26477][total kept alive: 0; route allocated: 0 of 2000; total allocated: 0 of 2000]
11:39:56.866 [Forwarding getElementText on session d94198a6aa3008d5ffaf97f92db0cb0c to remote] DEBUG o.a.h.c.protocol.RequestAddCookies - CookieSpec selected: best-match
11:39:56.866 [Forwarding getElementText on session d94198a6aa3008d5ffaf97f92db0cb0c to remote] DEBUG o.a.h.c.protocol.RequestAuthCache - Auth cache not set in the context
11:39:56.866 [Forwarding getElementText on session d94198a6aa3008d5ffaf97f92db0cb0c to remote] DEBUG o.a.h.i.c.PoolingHttpClientConnectionManager - Connection request: [route: {}->http://localhost:26477][total kept alive: 0; route allocated: 0 of 2000; total allocated: 0 of 2000]
11:39:56.866 [Forwarding getElementText on session d94198a6aa3008d5ffaf97f92db0cb0c to remote] DEBUG o.a.h.i.c.PoolingHttpClientConnectionManager - Connection leased: [id: 87][route: {}->http://localhost:26477][total kept alive: 0; route allocated: 1 of 2000; total allocated: 1 of 2000]
11:39:56.866 [Forwarding getElementText on session d94198a6aa3008d5ffaf97f92db0cb0c to remote] DEBUG o.a.h.impl.execchain.MainClientExec - Opening connection {}->http://localhost:26477
11:39:56.866 [Forwarding getElementText on session d94198a6aa3008d5ffaf97f92db0cb0c to remote] DEBUG o.a.h.i.c.HttpClientConnectionOperator - Connecting to localhost/127.0.0.1:26477
11:39:56.866 [Forwarding getElementText on session d94198a6aa3008d5ffaf97f92db0cb0c to remote] DEBUG o.a.h.i.c.HttpClientConnectionOperator - Connection established 127.0.0.1:57363<->127.0.0.1:26477
11:39:56.866 [Forwarding getElementText on session d94198a6aa3008d5ffaf97f92db0cb0c to remote] DEBUG o.a.h.impl.execchain.MainClientExec - Executing request GET /session/d94198a6aa3008d5ffaf97f92db0cb0c/element/0.5152662619948387-24/text HTTP/1.1
11:39:56.866 [Forwarding getElementText on session d94198a6aa3008d5ffaf97f92db0cb0c to remote] DEBUG o.a.h.impl.execchain.MainClientExec - Target auth state: UNCHALLENGED
11:39:56.866 [Forwarding getElementText on session d94198a6aa3008d5ffaf97f92db0cb0c to remote] DEBUG o.a.h.impl.execchain.MainClientExec - Proxy auth state: UNCHALLENGED
11:39:56.866 [Forwarding getElementText on session d94198a6aa3008d5ffaf97f92db0cb0c to remote] DEBUG org.apache.http.headers - http-outgoing-87 >> GET /session/d94198a6aa3008d5ffaf97f92db0cb0c/element/0.5152662619948387-24/text HTTP/1.1
11:39:56.866 [Forwarding getElementText on session d94198a6aa3008d5ffaf97f92db0cb0c to remote] DEBUG org.apache.http.headers - http-outgoing-87 >> Cache-Control: no-cache
11:39:56.866 [Forwarding getElementText on session d94198a6aa3008d5ffaf97f92db0cb0c to remote] DEBUG org.apache.http.headers - http-outgoing-87 >> Host: localhost:26477
11:39:56.866 [Forwarding getElementText on session d94198a6aa3008d5ffaf97f92db0cb0c to remote] DEBUG org.apache.http.headers - http-outgoing-87 >> Connection: Keep-Alive
11:39:56.866 [Forwarding getElementText on session d94198a6aa3008d5ffaf97f92db0cb0c to remote] DEBUG org.apache.http.headers - http-outgoing-87 >> User-Agent: Apache-HttpClient/4.3.4 (java 1.5)
11:39:56.866 [Forwarding getElementText on session d94198a6aa3008d5ffaf97f92db0cb0c to remote] DEBUG org.apache.http.headers - http-outgoing-87 >> Accept-Encoding: gzip,deflate
11:39:56.867 [Forwarding getElementText on session d94198a6aa3008d5ffaf97f92db0cb0c to remote] DEBUG org.apache.http.wire - http-outgoing-87 >> "GET /session/d94198a6aa3008d5ffaf97f92db0cb0c/element/0.5152662619948387-24/text HTTP/1.1[\r][\n]"
11:39:56.867 [Forwarding getElementText on session d94198a6aa3008d5ffaf97f92db0cb0c to remote] DEBUG org.apache.http.wire - http-outgoing-87 >> "Cache-Control: no-cache[\r][\n]"
11:39:56.867 [Forwarding getElementText on session d94198a6aa3008d5ffaf97f92db0cb0c to remote] DEBUG org.apache.http.wire - http-outgoing-87 >> "Host: localhost:26477[\r][\n]"
11:39:56.867 [Forwarding getElementText on session d94198a6aa3008d5ffaf97f92db0cb0c to remote] DEBUG org.apache.http.wire - http-outgoing-87 >> "Connection: Keep-Alive[\r][\n]"
11:39:56.867 [Forwarding getElementText on session d94198a6aa3008d5ffaf97f92db0cb0c to remote] DEBUG org.apache.http.wire - http-outgoing-87 >> "User-Agent: Apache-HttpClient/4.3.4 (java 1.5)[\r][\n]"
11:39:56.867 [Forwarding getElementText on session d94198a6aa3008d5ffaf97f92db0cb0c to remote] DEBUG org.apache.http.wire - http-outgoing-87 >> "Accept-Encoding: gzip,deflate[\r][\n]"
11:39:56.867 [Forwarding getElementText on session d94198a6aa3008d5ffaf97f92db0cb0c to remote] DEBUG org.apache.http.wire - http-outgoing-87 >> "[\r][\n]"
11:39:56.879 [Forwarding getElementText on session d94198a6aa3008d5ffaf97f92db0cb0c to remote] DEBUG org.apache.http.wire - http-outgoing-87 << "HTTP/1.1 200 OK[\r][\n]"
11:39:56.879 [Forwarding getElementText on session d94198a6aa3008d5ffaf97f92db0cb0c to remote] DEBUG org.apache.http.wire - http-outgoing-87 << "Content-Length:84[\r][\n]"
11:39:56.879 [Forwarding getElementText on session d94198a6aa3008d5ffaf97f92db0cb0c to remote] DEBUG org.apache.http.wire - http-outgoing-87 << "Content-Type:application/json; charset=utf-8[\r][\n]"
11:39:56.879 [Forwarding getElementText on session d94198a6aa3008d5ffaf97f92db0cb0c to remote] DEBUG org.apache.http.wire - http-outgoing-87 << "Connection:close[\r][\n]"
11:39:56.879 [Forwarding getElementText on session d94198a6aa3008d5ffaf97f92db0cb0c to remote] DEBUG org.apache.http.wire - http-outgoing-87 << "[\r][\n]"
11:39:56.879 [Forwarding getElementText on session d94198a6aa3008d5ffaf97f92db0cb0c to remote] DEBUG org.apache.http.wire - http-outgoing-87 << "{"sessionId":"d94198a6aa3008d5ffaf97f92db0cb0c","status":0,"value":"Search Account"}"
11:39:56.879 [Forwarding getElementText on session d94198a6aa3008d5ffaf97f92db0cb0c to remote] DEBUG org.apache.http.headers - http-outgoing-87 << HTTP/1.1 200 OK
11:39:56.879 [Forwarding getElementText on session d94198a6aa3008d5ffaf97f92db0cb0c to remote] DEBUG org.apache.http.headers - http-outgoing-87 << Content-Length:84
11:39:56.879 [Forwarding getElementText on session d94198a6aa3008d5ffaf97f92db0cb0c to remote] DEBUG org.apache.http.headers - http-outgoing-87 << Content-Type:application/json; charset=utf-8
11:39:56.879 [Forwarding getElementText on session d94198a6aa3008d5ffaf97f92db0cb0c to remote] DEBUG org.apache.http.headers - http-outgoing-87 << Connection:close
11:39:56.880 [Forwarding getElementText on session d94198a6aa3008d5ffaf97f92db0cb0c to remote] DEBUG o.a.h.i.c.DefaultManagedHttpClientConnection - http-outgoing-87: Shutdown connection
11:39:56.880 [Forwarding getElementText on session d94198a6aa3008d5ffaf97f92db0cb0c to remote] DEBUG o.a.h.impl.execchain.MainClientExec - Connection discarded
11:39:56.880 [Forwarding getElementText on session d94198a6aa3008d5ffaf97f92db0cb0c to remote] DEBUG o.a.h.i.c.DefaultManagedHttpClientConnection - http-outgoing-87: Close connection
11:39:56.880 [Forwarding getElementText on session d94198a6aa3008d5ffaf97f92db0cb0c to remote] DEBUG o.a.h.i.c.PoolingHttpClientConnectionManager - Connection released: [id: 87][route: {}->http://localhost:26477][total kept alive: 0; route allocated: 0 of 2000; total allocated: 0 of 2000]
11:39:56.880 [Forwarding getElementText on session d94198a6aa3008d5ffaf97f92db0cb0c to remote] DEBUG o.a.h.c.protocol.RequestAddCookies - CookieSpec selected: best-match
11:39:56.880 [Forwarding getElementText on session d94198a6aa3008d5ffaf97f92db0cb0c to remote] DEBUG o.a.h.c.protocol.RequestAuthCache - Auth cache not set in the context
11:39:56.880 [Forwarding getElementText on session d94198a6aa3008d5ffaf97f92db0cb0c to remote] DEBUG o.a.h.i.c.PoolingHttpClientConnectionManager - Connection request: [route: {}->http://localhost:26477][total kept alive: 0; route allocated: 0 of 2000; total allocated: 0 of 2000]
11:39:56.880 [Forwarding getElementText on session d94198a6aa3008d5ffaf97f92db0cb0c to remote] DEBUG o.a.h.i.c.PoolingHttpClientConnectionManager - Connection leased: [id: 88][route: {}->http://localhost:26477][total kept alive: 0; route allocated: 1 of 2000; total allocated: 1 of 2000]
11:39:56.880 [Forwarding getElementText on session d94198a6aa3008d5ffaf97f92db0cb0c to remote] DEBUG o.a.h.impl.execchain.MainClientExec - Opening connection {}->http://localhost:26477
11:39:56.880 [Forwarding getElementText on session d94198a6aa3008d5ffaf97f92db0cb0c to remote] DEBUG o.a.h.i.c.HttpClientConnectionOperator - Connecting to localhost/127.0.0.1:26477
11:39:56.880 [Forwarding getElementText on session d94198a6aa3008d5ffaf97f92db0cb0c to remote] DEBUG o.a.h.i.c.HttpClientConnectionOperator - Connection established 127.0.0.1:57364<->127.0.0.1:26477
11:39:56.880 [Forwarding getElementText on session d94198a6aa3008d5ffaf97f92db0cb0c to remote] DEBUG o.a.h.impl.execchain.MainClientExec - Executing request GET /session/d94198a6aa3008d5ffaf97f92db0cb0c/element/0.5152662619948387-25/text HTTP/1.1
11:39:56.880 [Forwarding getElementText on session d94198a6aa3008d5ffaf97f92db0cb0c to remote] DEBUG o.a.h.impl.execchain.MainClientExec - Target auth state: UNCHALLENGED
11:39:56.880 [Forwarding getElementText on session d94198a6aa3008d5ffaf97f92db0cb0c to remote] DEBUG o.a.h.impl.execchain.MainClientExec - Proxy auth state: UNCHALLENGED
11:39:56.880 [Forwarding getElementText on session d94198a6aa3008d5ffaf97f92db0cb0c to remote] DEBUG org.apache.http.headers - http-outgoing-88 >> GET /session/d94198a6aa3008d5ffaf97f92db0cb0c/element/0.5152662619948387-25/text HTTP/1.1
11:39:56.881 [Forwarding getElementText on session d94198a6aa3008d5ffaf97f92db0cb0c to remote] DEBUG org.apache.http.headers - http-outgoing-88 >> Cache-Control: no-cache
11:39:56.881 [Forwarding getElementText on session d94198a6aa3008d5ffaf97f92db0cb0c to remote] DEBUG org.apache.http.headers - http-outgoing-88 >> Host: localhost:26477
11:39:56.881 [Forwarding getElementText on session d94198a6aa3008d5ffaf97f92db0cb0c to remote] DEBUG org.apache.http.headers - http-outgoing-88 >> Connection: Keep-Alive
11:39:56.881 [Forwarding getElementText on session d94198a6aa3008d5ffaf97f92db0cb0c to remote] DEBUG org.apache.http.headers - http-outgoing-88 >> User-Agent: Apache-HttpClient/4.3.4 (java 1.5)
11:39:56.881 [Forwarding getElementText on session d94198a6aa3008d5ffaf97f92db0cb0c to remote] DEBUG org.apache.http.headers - http-outgoing-88 >> Accept-Encoding: gzip,deflate
11:39:56.881 [Forwarding getElementText on session d94198a6aa3008d5ffaf97f92db0cb0c to remote] DEBUG org.apache.http.wire - http-outgoing-88 >> "GET /session/d94198a6aa3008d5ffaf97f92db0cb0c/element/0.5152662619948387-25/text HTTP/1.1[\r][\n]"
11:39:56.881 [Forwarding getElementText on session d94198a6aa3008d5ffaf97f92db0cb0c to remote] DEBUG org.apache.http.wire - http-outgoing-88 >> "Cache-Control: no-cache[\r][\n]"
11:39:56.881 [Forwarding getElementText on session d94198a6aa3008d5ffaf97f92db0cb0c to remote] DEBUG org.apache.http.wire - http-outgoing-88 >> "Host: localhost:26477[\r][\n]"
11:39:56.881 [Forwarding getElementText on session d94198a6aa3008d5ffaf97f92db0cb0c to remote] DEBUG org.apache.http.wire - http-outgoing-88 >> "Connection: Keep-Alive[\r][\n]"
11:39:56.881 [Forwarding getElementText on session d94198a6aa3008d5ffaf97f92db0cb0c to remote] DEBUG org.apache.http.wire - http-outgoing-88 >> "User-Agent: Apache-HttpClient/4.3.4 (java 1.5)[\r][\n]"
11:39:56.881 [Forwarding getElementText on session d94198a6aa3008d5ffaf97f92db0cb0c to remote] DEBUG org.apache.http.wire - http-outgoing-88 >> "Accept-Encoding: gzip,deflate[\r][\n]"
11:39:56.881 [Forwarding getElementText on session d94198a6aa3008d5ffaf97f92db0cb0c to remote] DEBUG org.apache.http.wire - http-outgoing-88 >> "[\r][\n]"
11:39:56.897 [Forwarding getElementText on session d94198a6aa3008d5ffaf97f92db0cb0c to remote] DEBUG org.apache.http.wire - http-outgoing-88 << "HTTP/1.1 200 OK[\r][\n]"
11:39:56.897 [Forwarding getElementText on session d94198a6aa3008d5ffaf97f92db0cb0c to remote] DEBUG org.apache.http.wire - http-outgoing-88 << "Content-Length:85[\r][\n]"
11:39:56.897 [Forwarding getElementText on session d94198a6aa3008d5ffaf97f92db0cb0c to remote] DEBUG org.apache.http.wire - http-outgoing-88 << "Content-Type:application/json; charset=utf-8[\r][\n]"
11:39:56.897 [Forwarding getElementText on session d94198a6aa3008d5ffaf97f92db0cb0c to remote] DEBUG org.apache.http.wire - http-outgoing-88 << "Connection:close[\r][\n]"
11:39:56.897 [Forwarding getElementText on session d94198a6aa3008d5ffaf97f92db0cb0c to remote] DEBUG org.apache.http.wire - http-outgoing-88 << "[\r][\n]"
11:39:56.897 [Forwarding getElementText on session d94198a6aa3008d5ffaf97f92db0cb0c to remote] DEBUG org.apache.http.wire - http-outgoing-88 << "{"sessionId":"d94198a6aa3008d5ffaf97f92db0cb0c","status":0,"value":"Voucher Manager"}"
11:39:56.897 [Forwarding getElementText on session d94198a6aa3008d5ffaf97f92db0cb0c to remote] DEBUG org.apache.http.headers - http-outgoing-88 << HTTP/1.1 200 OK
11:39:56.897 [Forwarding getElementText on session d94198a6aa3008d5ffaf97f92db0cb0c to remote] DEBUG org.apache.http.headers - http-outgoing-88 << Content-Length:85
11:39:56.897 [Forwarding getElementText on session d94198a6aa3008d5ffaf97f92db0cb0c to remote] DEBUG org.apache.http.headers - http-outgoing-88 << Content-Type:application/json; charset=utf-8
11:39:56.897 [Forwarding getElementText on session d94198a6aa3008d5ffaf97f92db0cb0c to remote] DEBUG org.apache.http.headers - http-outgoing-88 << Connection:close
11:39:56.897 [Forwarding getElementText on session d94198a6aa3008d5ffaf97f92db0cb0c to remote] DEBUG o.a.h.i.c.DefaultManagedHttpClientConnection - http-outgoing-88: Shutdown connection
11:39:56.897 [Forwarding getElementText on session d94198a6aa3008d5ffaf97f92db0cb0c to remote] DEBUG o.a.h.impl.execchain.MainClientExec - Connection discarded
11:39:56.897 [Forwarding getElementText on session d94198a6aa3008d5ffaf97f92db0cb0c to remote] DEBUG o.a.h.i.c.DefaultManagedHttpClientConnection - http-outgoing-88: Close connection
11:39:56.897 [Forwarding getElementText on session d94198a6aa3008d5ffaf97f92db0cb0c to remote] DEBUG o.a.h.i.c.PoolingHttpClientConnectionManager - Connection released: [id: 88][route: {}->http://localhost:26477][total kept alive: 0; route allocated: 0 of 2000; total allocated: 0 of 2000]
11:39:56.898 [Forwarding getElementText on session d94198a6aa3008d5ffaf97f92db0cb0c to remote] DEBUG o.a.h.c.protocol.RequestAddCookies - CookieSpec selected: best-match
11:39:56.898 [Forwarding getElementText on session d94198a6aa3008d5ffaf97f92db0cb0c to remote] DEBUG o.a.h.c.protocol.RequestAuthCache - Auth cache not set in the context
11:39:56.898 [Forwarding getElementText on session d94198a6aa3008d5ffaf97f92db0cb0c to remote] DEBUG o.a.h.i.c.PoolingHttpClientConnectionManager - Connection request: [route: {}->http://localhost:26477][total kept alive: 0; route allocated: 0 of 2000; total allocated: 0 of 2000]
11:39:56.898 [Forwarding getElementText on session d94198a6aa3008d5ffaf97f92db0cb0c to remote] DEBUG o.a.h.i.c.PoolingHttpClientConnectionManager - Connection leased: [id: 89][route: {}->http://localhost:26477][total kept alive: 0; route allocated: 1 of 2000; total allocated: 1 of 2000]
11:39:56.898 [Forwarding getElementText on session d94198a6aa3008d5ffaf97f92db0cb0c to remote] DEBUG o.a.h.impl.execchain.MainClientExec - Opening connection {}->http://localhost:26477
11:39:56.898 [Forwarding getElementText on session d94198a6aa3008d5ffaf97f92db0cb0c to remote] DEBUG o.a.h.i.c.HttpClientConnectionOperator - Connecting to localhost/127.0.0.1:26477
11:39:56.898 [Forwarding getElementText on session d94198a6aa3008d5ffaf97f92db0cb0c to remote] DEBUG o.a.h.i.c.HttpClientConnectionOperator - Connection established 127.0.0.1:57365<->127.0.0.1:26477
11:39:56.898 [Forwarding getElementText on session d94198a6aa3008d5ffaf97f92db0cb0c to remote] DEBUG o.a.h.impl.execchain.MainClientExec - Executing request GET /session/d94198a6aa3008d5ffaf97f92db0cb0c/element/0.5152662619948387-26/text HTTP/1.1
11:39:56.898 [Forwarding getElementText on session d94198a6aa3008d5ffaf97f92db0cb0c to remote] DEBUG o.a.h.impl.execchain.MainClientExec - Target auth state: UNCHALLENGED
11:39:56.898 [Forwarding getElementText on session d94198a6aa3008d5ffaf97f92db0cb0c to remote] DEBUG o.a.h.impl.execchain.MainClientExec - Proxy auth state: UNCHALLENGED
11:39:56.898 [Forwarding getElementText on session d94198a6aa3008d5ffaf97f92db0cb0c to remote] DEBUG org.apache.http.headers - http-outgoing-89 >> GET /session/d94198a6aa3008d5ffaf97f92db0cb0c/element/0.5152662619948387-26/text HTTP/1.1
11:39:56.898 [Forwarding getElementText on session d94198a6aa3008d5ffaf97f92db0cb0c to remote] DEBUG org.apache.http.headers - http-outgoing-89 >> Cache-Control: no-cache
11:39:56.898 [Forwarding getElementText on session d94198a6aa3008d5ffaf97f92db0cb0c to remote] DEBUG org.apache.http.headers - http-outgoing-89 >> Host: localhost:26477
11:39:56.898 [Forwarding getElementText on session d94198a6aa3008d5ffaf97f92db0cb0c to remote] DEBUG org.apache.http.headers - http-outgoing-89 >> Connection: Keep-Alive
11:39:56.898 [Forwarding getElementText on session d94198a6aa3008d5ffaf97f92db0cb0c to remote] DEBUG org.apache.http.headers - http-outgoing-89 >> User-Agent: Apache-HttpClient/4.3.4 (java 1.5)
11:39:56.898 [Forwarding getElementText on session d94198a6aa3008d5ffaf97f92db0cb0c to remote] DEBUG org.apache.http.headers - http-outgoing-89 >> Accept-Encoding: gzip,deflate
11:39:56.898 [Forwarding getElementText on session d94198a6aa3008d5ffaf97f92db0cb0c to remote] DEBUG org.apache.http.wire - http-outgoing-89 >> "GET /session/d94198a6aa3008d5ffaf97f92db0cb0c/element/0.5152662619948387-26/text HTTP/1.1[\r][\n]"
11:39:56.898 [Forwarding getElementText on session d94198a6aa3008d5ffaf97f92db0cb0c to remote] DEBUG org.apache.http.wire - http-outgoing-89 >> "Cache-Control: no-cache[\r][\n]"
11:39:56.898 [Forwarding getElementText on session d94198a6aa3008d5ffaf97f92db0cb0c to remote] DEBUG org.apache.http.wire - http-outgoing-89 >> "Host: localhost:26477[\r][\n]"
11:39:56.898 [Forwarding getElementText on session d94198a6aa3008d5ffaf97f92db0cb0c to remote] DEBUG org.apache.http.wire - http-outgoing-89 >> "Connection: Keep-Alive[\r][\n]"
11:39:56.898 [Forwarding getElementText on session d94198a6aa3008d5ffaf97f92db0cb0c to remote] DEBUG org.apache.http.wire - http-outgoing-89 >> "User-Agent: Apache-HttpClient/4.3.4 (java 1.5)[\r][\n]"
11:39:56.898 [Forwarding getElementText on session d94198a6aa3008d5ffaf97f92db0cb0c to remote] DEBUG org.apache.http.wire - http-outgoing-89 >> "Accept-Encoding: gzip,deflate[\r][\n]"
11:39:56.898 [Forwarding getElementText on session d94198a6aa3008d5ffaf97f92db0cb0c to remote] DEBUG org.apache.http.wire - http-outgoing-89 >> "[\r][\n]"
11:39:56.915 [Forwarding getElementText on session d94198a6aa3008d5ffaf97f92db0cb0c to remote] DEBUG org.apache.http.wire - http-outgoing-89 << "HTTP/1.1 200 OK[\r][\n]"
11:39:56.915 [Forwarding getElementText on session d94198a6aa3008d5ffaf97f92db0cb0c to remote] DEBUG org.apache.http.wire - http-outgoing-89 << "Content-Length:70[\r][\n]"
11:39:56.915 [Forwarding getElementText on session d94198a6aa3008d5ffaf97f92db0cb0c to remote] DEBUG org.apache.http.wire - http-outgoing-89 << "Content-Type:application/json; charset=utf-8[\r][\n]"
11:39:56.915 [Forwarding getElementText on session d94198a6aa3008d5ffaf97f92db0cb0c to remote] DEBUG org.apache.http.wire - http-outgoing-89 << "Connection:close[\r][\n]"
11:39:56.915 [Forwarding getElementText on session d94198a6aa3008d5ffaf97f92db0cb0c to remote] DEBUG org.apache.http.wire - http-outgoing-89 << "[\r][\n]"
11:39:56.915 [Forwarding getElementText on session d94198a6aa3008d5ffaf97f92db0cb0c to remote] DEBUG org.apache.http.wire - http-outgoing-89 << "{"sessionId":"d94198a6aa3008d5ffaf97f92db0cb0c","status":0,"value":""}"
11:39:56.915 [Forwarding getElementText on session d94198a6aa3008d5ffaf97f92db0cb0c to remote] DEBUG org.apache.http.headers - http-outgoing-89 << HTTP/1.1 200 OK
11:39:56.915 [Forwarding getElementText on session d94198a6aa3008d5ffaf97f92db0cb0c to remote] DEBUG org.apache.http.headers - http-outgoing-89 << Content-Length:70
11:39:56.915 [Forwarding getElementText on session d94198a6aa3008d5ffaf97f92db0cb0c to remote] DEBUG org.apache.http.headers - http-outgoing-89 << Content-Type:application/json; charset=utf-8
11:39:56.915 [Forwarding getElementText on session d94198a6aa3008d5ffaf97f92db0cb0c to remote] DEBUG org.apache.http.headers - http-outgoing-89 << Connection:close
11:39:56.915 [Forwarding getElementText on session d94198a6aa3008d5ffaf97f92db0cb0c to remote] DEBUG o.a.h.i.c.DefaultManagedHttpClientConnection - http-outgoing-89: Shutdown connection
11:39:56.915 [Forwarding getElementText on session d94198a6aa3008d5ffaf97f92db0cb0c to remote] DEBUG o.a.h.impl.execchain.MainClientExec - Connection discarded
11:39:56.915 [Forwarding getElementText on session d94198a6aa3008d5ffaf97f92db0cb0c to remote] DEBUG o.a.h.i.c.DefaultManagedHttpClientConnection - http-outgoing-89: Close connection
11:39:56.915 [Forwarding getElementText on session d94198a6aa3008d5ffaf97f92db0cb0c to remote] DEBUG o.a.h.i.c.PoolingHttpClientConnectionManager - Connection released: [id: 89][route: {}->http://localhost:26477][total kept alive: 0; route allocated: 0 of 2000; total allocated: 0 of 2000]
11:39:56.916 [Forwarding getElementText on session d94198a6aa3008d5ffaf97f92db0cb0c to remote] DEBUG o.a.h.c.protocol.RequestAddCookies - CookieSpec selected: best-match
11:39:56.916 [Forwarding getElementText on session d94198a6aa3008d5ffaf97f92db0cb0c to remote] DEBUG o.a.h.c.protocol.RequestAuthCache - Auth cache not set in the context
11:39:56.916 [Forwarding getElementText on session d94198a6aa3008d5ffaf97f92db0cb0c to remote] DEBUG o.a.h.i.c.PoolingHttpClientConnectionManager - Connection request: [route: {}->http://localhost:26477][total kept alive: 0; route allocated: 0 of 2000; total allocated: 0 of 2000]
11:39:56.916 [Forwarding getElementText on session d94198a6aa3008d5ffaf97f92db0cb0c to remote] DEBUG o.a.h.i.c.PoolingHttpClientConnectionManager - Connection leased: [id: 90][route: {}->http://localhost:26477][total kept alive: 0; route allocated: 1 of 2000; total allocated: 1 of 2000]
11:39:56.916 [Forwarding getElementText on session d94198a6aa3008d5ffaf97f92db0cb0c to remote] DEBUG o.a.h.impl.execchain.MainClientExec - Opening connection {}->http://localhost:26477
11:39:56.916 [Forwarding getElementText on session d94198a6aa3008d5ffaf97f92db0cb0c to remote] DEBUG o.a.h.i.c.HttpClientConnectionOperator - Connecting to localhost/127.0.0.1:26477
11:39:56.916 [Forwarding getElementText on session d94198a6aa3008d5ffaf97f92db0cb0c to remote] DEBUG o.a.h.i.c.HttpClientConnectionOperator - Connection established 127.0.0.1:57366<->127.0.0.1:26477
11:39:56.916 [Forwarding getElementText on session d94198a6aa3008d5ffaf97f92db0cb0c to remote] DEBUG o.a.h.impl.execchain.MainClientExec - Executing request GET /session/d94198a6aa3008d5ffaf97f92db0cb0c/element/0.5152662619948387-27/text HTTP/1.1
11:39:56.916 [Forwarding getElementText on session d94198a6aa3008d5ffaf97f92db0cb0c to remote] DEBUG o.a.h.impl.execchain.MainClientExec - Target auth state: UNCHALLENGED
11:39:56.916 [Forwarding getElementText on session d94198a6aa3008d5ffaf97f92db0cb0c to remote] DEBUG o.a.h.impl.execchain.MainClientExec - Proxy auth state: UNCHALLENGED
11:39:56.916 [Forwarding getElementText on session d94198a6aa3008d5ffaf97f92db0cb0c to remote] DEBUG org.apache.http.headers - http-outgoing-90 >> GET /session/d94198a6aa3008d5ffaf97f92db0cb0c/element/0.5152662619948387-27/text HTTP/1.1
11:39:56.916 [Forwarding getElementText on session d94198a6aa3008d5ffaf97f92db0cb0c to remote] DEBUG org.apache.http.headers - http-outgoing-90 >> Cache-Control: no-cache
11:39:56.916 [Forwarding getElementText on session d94198a6aa3008d5ffaf97f92db0cb0c to remote] DEBUG org.apache.http.headers - http-outgoing-90 >> Host: localhost:26477
11:39:56.916 [Forwarding getElementText on session d94198a6aa3008d5ffaf97f92db0cb0c to remote] DEBUG org.apache.http.headers - http-outgoing-90 >> Connection: Keep-Alive
11:39:56.916 [Forwarding getElementText on session d94198a6aa3008d5ffaf97f92db0cb0c to remote] DEBUG org.apache.http.headers - http-outgoing-90 >> User-Agent: Apache-HttpClient/4.3.4 (java 1.5)
11:39:56.916 [Forwarding getElementText on session d94198a6aa3008d5ffaf97f92db0cb0c to remote] DEBUG org.apache.http.headers - http-outgoing-90 >> Accept-Encoding: gzip,deflate
11:39:56.916 [Forwarding getElementText on session d94198a6aa3008d5ffaf97f92db0cb0c to remote] DEBUG org.apache.http.wire - http-outgoing-90 >> "GET /session/d94198a6aa3008d5ffaf97f92db0cb0c/element/0.5152662619948387-27/text HTTP/1.1[\r][\n]"
11:39:56.916 [Forwarding getElementText on session d94198a6aa3008d5ffaf97f92db0cb0c to remote] DEBUG org.apache.http.wire - http-outgoing-90 >> "Cache-Control: no-cache[\r][\n]"
11:39:56.916 [Forwarding getElementText on session d94198a6aa3008d5ffaf97f92db0cb0c to remote] DEBUG org.apache.http.wire - http-outgoing-90 >> "Host: localhost:26477[\r][\n]"
11:39:56.916 [Forwarding getElementText on session d94198a6aa3008d5ffaf97f92db0cb0c to remote] DEBUG org.apache.http.wire - http-outgoing-90 >> "Connection: Keep-Alive[\r][\n]"
11:39:56.916 [Forwarding getElementText on session d94198a6aa3008d5ffaf97f92db0cb0c to remote] DEBUG org.apache.http.wire - http-outgoing-90 >> "User-Agent: Apache-HttpClient/4.3.4 (java 1.5)[\r][\n]"
11:39:56.916 [Forwarding getElementText on session d94198a6aa3008d5ffaf97f92db0cb0c to remote] DEBUG org.apache.http.wire - http-outgoing-90 >> "Accept-Encoding: gzip,deflate[\r][\n]"
11:39:56.916 [Forwarding getElementText on session d94198a6aa3008d5ffaf97f92db0cb0c to remote] DEBUG org.apache.http.wire - http-outgoing-90 >> "[\r][\n]"
11:39:56.932 [Forwarding getElementText on session d94198a6aa3008d5ffaf97f92db0cb0c to remote] DEBUG org.apache.http.wire - http-outgoing-90 << "HTTP/1.1 200 OK[\r][\n]"
11:39:56.932 [Forwarding getElementText on session d94198a6aa3008d5ffaf97f92db0cb0c to remote] DEBUG org.apache.http.wire - http-outgoing-90 << "Content-Length:70[\r][\n]"
11:39:56.932 [Forwarding getElementText on session d94198a6aa3008d5ffaf97f92db0cb0c to remote] DEBUG org.apache.http.wire - http-outgoing-90 << "Content-Type:application/json; charset=utf-8[\r][\n]"
11:39:56.932 [Forwarding getElementText on session d94198a6aa3008d5ffaf97f92db0cb0c to remote] DEBUG org.apache.http.wire - http-outgoing-90 << "Connection:close[\r][\n]"
11:39:56.932 [Forwarding getElementText on session d94198a6aa3008d5ffaf97f92db0cb0c to remote] DEBUG org.apache.http.wire - http-outgoing-90 << "[\r][\n]"
11:39:56.932 [Forwarding getElementText on session d94198a6aa3008d5ffaf97f92db0cb0c to remote] DEBUG org.apache.http.wire - http-outgoing-90 << "{"sessionId":"d94198a6aa3008d5ffaf97f92db0cb0c","status":0,"value":""}"
11:39:56.932 [Forwarding getElementText on session d94198a6aa3008d5ffaf97f92db0cb0c to remote] DEBUG org.apache.http.headers - http-outgoing-90 << HTTP/1.1 200 OK
11:39:56.932 [Forwarding getElementText on session d94198a6aa3008d5ffaf97f92db0cb0c to remote] DEBUG org.apache.http.headers - http-outgoing-90 << Content-Length:70
11:39:56.932 [Forwarding getElementText on session d94198a6aa3008d5ffaf97f92db0cb0c to remote] DEBUG org.apache.http.headers - http-outgoing-90 << Content-Type:application/json; charset=utf-8
11:39:56.932 [Forwarding getElementText on session d94198a6aa3008d5ffaf97f92db0cb0c to remote] DEBUG org.apache.http.headers - http-outgoing-90 << Connection:close
11:39:56.932 [Forwarding getElementText on session d94198a6aa3008d5ffaf97f92db0cb0c to remote] DEBUG o.a.h.i.c.DefaultManagedHttpClientConnection - http-outgoing-90: Shutdown connection
11:39:56.932 [Forwarding getElementText on session d94198a6aa3008d5ffaf97f92db0cb0c to remote] DEBUG o.a.h.impl.execchain.MainClientExec - Connection discarded
11:39:56.932 [Forwarding getElementText on session d94198a6aa3008d5ffaf97f92db0cb0c to remote] DEBUG o.a.h.i.c.DefaultManagedHttpClientConnection - http-outgoing-90: Close connection
11:39:56.932 [Forwarding getElementText on session d94198a6aa3008d5ffaf97f92db0cb0c to remote] DEBUG o.a.h.i.c.PoolingHttpClientConnectionManager - Connection released: [id: 90][route: {}->http://localhost:26477][total kept alive: 0; route allocated: 0 of 2000; total allocated: 0 of 2000]
11:39:56.933 [Forwarding getElementText on session d94198a6aa3008d5ffaf97f92db0cb0c to remote] DEBUG o.a.h.c.protocol.RequestAddCookies - CookieSpec selected: best-match
11:39:56.933 [Forwarding getElementText on session d94198a6aa3008d5ffaf97f92db0cb0c to remote] DEBUG o.a.h.c.protocol.RequestAuthCache - Auth cache not set in the context
11:39:56.933 [Forwarding getElementText on session d94198a6aa3008d5ffaf97f92db0cb0c to remote] DEBUG o.a.h.i.c.PoolingHttpClientConnectionManager - Connection request: [route: {}->http://localhost:26477][total kept alive: 0; route allocated: 0 of 2000; total allocated: 0 of 2000]
11:39:56.933 [Forwarding getElementText on session d94198a6aa3008d5ffaf97f92db0cb0c to remote] DEBUG o.a.h.i.c.PoolingHttpClientConnectionManager - Connection leased: [id: 91][route: {}->http://localhost:26477][total kept alive: 0; route allocated: 1 of 2000; total allocated: 1 of 2000]
11:39:56.933 [Forwarding getElementText on session d94198a6aa3008d5ffaf97f92db0cb0c to remote] DEBUG o.a.h.impl.execchain.MainClientExec - Opening connection {}->http://localhost:26477
11:39:56.933 [Forwarding getElementText on session d94198a6aa3008d5ffaf97f92db0cb0c to remote] DEBUG o.a.h.i.c.HttpClientConnectionOperator - Connecting to localhost/127.0.0.1:26477
11:39:56.933 [Forwarding getElementText on session d94198a6aa3008d5ffaf97f92db0cb0c to remote] DEBUG o.a.h.i.c.HttpClientConnectionOperator - Connection established 127.0.0.1:57367<->127.0.0.1:26477
11:39:56.933 [Forwarding getElementText on session d94198a6aa3008d5ffaf97f92db0cb0c to remote] DEBUG o.a.h.impl.execchain.MainClientExec - Executing request GET /session/d94198a6aa3008d5ffaf97f92db0cb0c/element/0.5152662619948387-28/text HTTP/1.1
11:39:56.933 [Forwarding getElementText on session d94198a6aa3008d5ffaf97f92db0cb0c to remote] DEBUG o.a.h.impl.execchain.MainClientExec - Target auth state: UNCHALLENGED
11:39:56.933 [Forwarding getElementText on session d94198a6aa3008d5ffaf97f92db0cb0c to remote] DEBUG o.a.h.impl.execchain.MainClientExec - Proxy auth state: UNCHALLENGED
11:39:56.933 [Forwarding getElementText on session d94198a6aa3008d5ffaf97f92db0cb0c to remote] DEBUG org.apache.http.headers - http-outgoing-91 >> GET /session/d94198a6aa3008d5ffaf97f92db0cb0c/element/0.5152662619948387-28/text HTTP/1.1
11:39:56.933 [Forwarding getElementText on session d94198a6aa3008d5ffaf97f92db0cb0c to remote] DEBUG org.apache.http.headers - http-outgoing-91 >> Cache-Control: no-cache
11:39:56.933 [Forwarding getElementText on session d94198a6aa3008d5ffaf97f92db0cb0c to remote] DEBUG org.apache.http.headers - http-outgoing-91 >> Host: localhost:26477
11:39:56.933 [Forwarding getElementText on session d94198a6aa3008d5ffaf97f92db0cb0c to remote] DEBUG org.apache.http.headers - http-outgoing-91 >> Connection: Keep-Alive
11:39:56.933 [Forwarding getElementText on session d94198a6aa3008d5ffaf97f92db0cb0c to remote] DEBUG org.apache.http.headers - http-outgoing-91 >> User-Agent: Apache-HttpClient/4.3.4 (java 1.5)
11:39:56.933 [Forwarding getElementText on session d94198a6aa3008d5ffaf97f92db0cb0c to remote] DEBUG org.apache.http.headers - http-outgoing-91 >> Accept-Encoding: gzip,deflate
11:39:56.933 [Forwarding getElementText on session d94198a6aa3008d5ffaf97f92db0cb0c to remote] DEBUG org.apache.http.wire - http-outgoing-91 >> "GET /session/d94198a6aa3008d5ffaf97f92db0cb0c/element/0.5152662619948387-28/text HTTP/1.1[\r][\n]"
11:39:56.933 [Forwarding getElementText on session d94198a6aa3008d5ffaf97f92db0cb0c to remote] DEBUG org.apache.http.wire - http-outgoing-91 >> "Cache-Control: no-cache[\r][\n]"
11:39:56.933 [Forwarding getElementText on session d94198a6aa3008d5ffaf97f92db0cb0c to remote] DEBUG org.apache.http.wire - http-outgoing-91 >> "Host: localhost:26477[\r][\n]"
11:39:56.933 [Forwarding getElementText on session d94198a6aa3008d5ffaf97f92db0cb0c to remote] DEBUG org.apache.http.wire - http-outgoing-91 >> "Connection: Keep-Alive[\r][\n]"
11:39:56.933 [Forwarding getElementText on session d94198a6aa3008d5ffaf97f92db0cb0c to remote] DEBUG org.apache.http.wire - http-outgoing-91 >> "User-Agent: Apache-HttpClient/4.3.4 (java 1.5)[\r][\n]"
11:39:56.933 [Forwarding getElementText on session d94198a6aa3008d5ffaf97f92db0cb0c to remote] DEBUG org.apache.http.wire - http-outgoing-91 >> "Accept-Encoding: gzip,deflate[\r][\n]"
11:39:56.933 [Forwarding getElementText on session d94198a6aa3008d5ffaf97f92db0cb0c to remote] DEBUG org.apache.http.wire - http-outgoing-91 >> "[\r][\n]"
11:39:56.948 [Forwarding getElementText on session d94198a6aa3008d5ffaf97f92db0cb0c to remote] DEBUG org.apache.http.wire - http-outgoing-91 << "HTTP/1.1 200 OK[\r][\n]"
11:39:56.948 [Forwarding getElementText on session d94198a6aa3008d5ffaf97f92db0cb0c to remote] DEBUG org.apache.http.wire - http-outgoing-91 << "Content-Length:70[\r][\n]"
11:39:56.948 [Forwarding getElementText on session d94198a6aa3008d5ffaf97f92db0cb0c to remote] DEBUG org.apache.http.wire - http-outgoing-91 << "Content-Type:application/json; charset=utf-8[\r][\n]"
11:39:56.948 [Forwarding getElementText on session d94198a6aa3008d5ffaf97f92db0cb0c to remote] DEBUG org.apache.http.wire - http-outgoing-91 << "Connection:close[\r][\n]"
11:39:56.948 [Forwarding getElementText on session d94198a6aa3008d5ffaf97f92db0cb0c to remote] DEBUG org.apache.http.wire - http-outgoing-91 << "[\r][\n]"
11:39:56.948 [Forwarding getElementText on session d94198a6aa3008d5ffaf97f92db0cb0c to remote] DEBUG org.apache.http.wire - http-outgoing-91 << "{"sessionId":"d94198a6aa3008d5ffaf97f92db0cb0c","status":0,"value":""}"
11:39:56.949 [Forwarding getElementText on session d94198a6aa3008d5ffaf97f92db0cb0c to remote] DEBUG org.apache.http.headers - http-outgoing-91 << HTTP/1.1 200 OK
11:39:56.949 [Forwarding getElementText on session d94198a6aa3008d5ffaf97f92db0cb0c to remote] DEBUG org.apache.http.headers - http-outgoing-91 << Content-Length:70
11:39:56.949 [Forwarding getElementText on session d94198a6aa3008d5ffaf97f92db0cb0c to remote] DEBUG org.apache.http.headers - http-outgoing-91 << Content-Type:application/json; charset=utf-8
11:39:56.949 [Forwarding getElementText on session d94198a6aa3008d5ffaf97f92db0cb0c to remote] DEBUG org.apache.http.headers - http-outgoing-91 << Connection:close
11:39:56.949 [Forwarding getElementText on session d94198a6aa3008d5ffaf97f92db0cb0c to remote] DEBUG o.a.h.i.c.DefaultManagedHttpClientConnection - http-outgoing-91: Shutdown connection
11:39:56.949 [Forwarding getElementText on session d94198a6aa3008d5ffaf97f92db0cb0c to remote] DEBUG o.a.h.impl.execchain.MainClientExec - Connection discarded
11:39:56.949 [Forwarding getElementText on session d94198a6aa3008d5ffaf97f92db0cb0c to remote] DEBUG o.a.h.i.c.DefaultManagedHttpClientConnection - http-outgoing-91: Close connection
11:39:56.949 [Forwarding getElementText on session d94198a6aa3008d5ffaf97f92db0cb0c to remote] DEBUG o.a.h.i.c.PoolingHttpClientConnectionManager - Connection released: [id: 91][route: {}->http://localhost:26477][total kept alive: 0; route allocated: 0 of 2000; total allocated: 0 of 2000]
11:39:56.949 [Forwarding getElementText on session d94198a6aa3008d5ffaf97f92db0cb0c to remote] DEBUG o.a.h.c.protocol.RequestAddCookies - CookieSpec selected: best-match
11:39:56.950 [Forwarding getElementText on session d94198a6aa3008d5ffaf97f92db0cb0c to remote] DEBUG o.a.h.c.protocol.RequestAuthCache - Auth cache not set in the context
11:39:56.950 [Forwarding getElementText on session d94198a6aa3008d5ffaf97f92db0cb0c to remote] DEBUG o.a.h.i.c.PoolingHttpClientConnectionManager - Connection request: [route: {}->http://localhost:26477][total kept alive: 0; route allocated: 0 of 2000; total allocated: 0 of 2000]
11:39:56.950 [Forwarding getElementText on session d94198a6aa3008d5ffaf97f92db0cb0c to remote] DEBUG o.a.h.i.c.PoolingHttpClientConnectionManager - Connection leased: [id: 92][route: {}->http://localhost:26477][total kept alive: 0; route allocated: 1 of 2000; total allocated: 1 of 2000]
11:39:56.950 [Forwarding getElementText on session d94198a6aa3008d5ffaf97f92db0cb0c to remote] DEBUG o.a.h.impl.execchain.MainClientExec - Opening connection {}->http://localhost:26477
11:39:56.950 [Forwarding getElementText on session d94198a6aa3008d5ffaf97f92db0cb0c to remote] DEBUG o.a.h.i.c.HttpClientConnectionOperator - Connecting to localhost/127.0.0.1:26477
11:39:56.950 [Forwarding getElementText on session d94198a6aa3008d5ffaf97f92db0cb0c to remote] DEBUG o.a.h.i.c.HttpClientConnectionOperator - Connection established 127.0.0.1:57368<->127.0.0.1:26477
11:39:56.950 [Forwarding getElementText on session d94198a6aa3008d5ffaf97f92db0cb0c to remote] DEBUG o.a.h.impl.execchain.MainClientExec - Executing request GET /session/d94198a6aa3008d5ffaf97f92db0cb0c/element/0.5152662619948387-29/text HTTP/1.1
11:39:56.950 [Forwarding getElementText on session d94198a6aa3008d5ffaf97f92db0cb0c to remote] DEBUG o.a.h.impl.execchain.MainClientExec - Target auth state: UNCHALLENGED
11:39:56.950 [Forwarding getElementText on session d94198a6aa3008d5ffaf97f92db0cb0c to remote] DEBUG o.a.h.impl.execchain.MainClientExec - Proxy auth state: UNCHALLENGED
11:39:56.950 [Forwarding getElementText on session d94198a6aa3008d5ffaf97f92db0cb0c to remote] DEBUG org.apache.http.headers - http-outgoing-92 >> GET /session/d94198a6aa3008d5ffaf97f92db0cb0c/element/0.5152662619948387-29/text HTTP/1.1
11:39:56.950 [Forwarding getElementText on session d94198a6aa3008d5ffaf97f92db0cb0c to remote] DEBUG org.apache.http.headers - http-outgoing-92 >> Cache-Control: no-cache
11:39:56.950 [Forwarding getElementText on session d94198a6aa3008d5ffaf97f92db0cb0c to remote] DEBUG org.apache.http.headers - http-outgoing-92 >> Host: localhost:26477
11:39:56.950 [Forwarding getElementText on session d94198a6aa3008d5ffaf97f92db0cb0c to remote] DEBUG org.apache.http.headers - http-outgoing-92 >> Connection: Keep-Alive
11:39:56.950 [Forwarding getElementText on session d94198a6aa3008d5ffaf97f92db0cb0c to remote] DEBUG org.apache.http.headers - http-outgoing-92 >> User-Agent: Apache-HttpClient/4.3.4 (java 1.5)
11:39:56.950 [Forwarding getElementText on session d94198a6aa3008d5ffaf97f92db0cb0c to remote] DEBUG org.apache.http.headers - http-outgoing-92 >> Accept-Encoding: gzip,deflate
11:39:56.950 [Forwarding getElementText on session d94198a6aa3008d5ffaf97f92db0cb0c to remote] DEBUG org.apache.http.wire - http-outgoing-92 >> "GET /session/d94198a6aa3008d5ffaf97f92db0cb0c/element/0.5152662619948387-29/text HTTP/1.1[\r][\n]"
11:39:56.950 [Forwarding getElementText on session d94198a6aa3008d5ffaf97f92db0cb0c to remote] DEBUG org.apache.http.wire - http-outgoing-92 >> "Cache-Control: no-cache[\r][\n]"
11:39:56.950 [Forwarding getElementText on session d94198a6aa3008d5ffaf97f92db0cb0c to remote] DEBUG org.apache.http.wire - http-outgoing-92 >> "Host: localhost:26477[\r][\n]"
11:39:56.950 [Forwarding getElementText on session d94198a6aa3008d5ffaf97f92db0cb0c to remote] DEBUG org.apache.http.wire - http-outgoing-92 >> "Connection: Keep-Alive[\r][\n]"
11:39:56.950 [Forwarding getElementText on session d94198a6aa3008d5ffaf97f92db0cb0c to remote] DEBUG org.apache.http.wire - http-outgoing-92 >> "User-Agent: Apache-HttpClient/4.3.4 (java 1.5)[\r][\n]"
11:39:56.950 [Forwarding getElementText on session d94198a6aa3008d5ffaf97f92db0cb0c to remote] DEBUG org.apache.http.wire - http-outgoing-92 >> "Accept-Encoding: gzip,deflate[\r][\n]"
11:39:56.950 [Forwarding getElementText on session d94198a6aa3008d5ffaf97f92db0cb0c to remote] DEBUG org.apache.http.wire - http-outgoing-92 >> "[\r][\n]"
11:39:56.966 [Forwarding getElementText on session d94198a6aa3008d5ffaf97f92db0cb0c to remote] DEBUG org.apache.http.wire - http-outgoing-92 << "HTTP/1.1 200 OK[\r][\n]"
11:39:56.966 [Forwarding getElementText on session d94198a6aa3008d5ffaf97f92db0cb0c to remote] DEBUG org.apache.http.wire - http-outgoing-92 << "Content-Length:70[\r][\n]"
11:39:56.966 [Forwarding getElementText on session d94198a6aa3008d5ffaf97f92db0cb0c to remote] DEBUG org.apache.http.wire - http-outgoing-92 << "Content-Type:application/json; charset=utf-8[\r][\n]"
11:39:56.966 [Forwarding getElementText on session d94198a6aa3008d5ffaf97f92db0cb0c to remote] DEBUG org.apache.http.wire - http-outgoing-92 << "Connection:close[\r][\n]"
11:39:56.966 [Forwarding getElementText on session d94198a6aa3008d5ffaf97f92db0cb0c to remote] DEBUG org.apache.http.wire - http-outgoing-92 << "[\r][\n]"
11:39:56.966 [Forwarding getElementText on session d94198a6aa3008d5ffaf97f92db0cb0c to remote] DEBUG org.apache.http.wire - http-outgoing-92 << "{"sessionId":"d94198a6aa3008d5ffaf97f92db0cb0c","status":0,"value":""}"
11:39:56.966 [Forwarding getElementText on session d94198a6aa3008d5ffaf97f92db0cb0c to remote] DEBUG org.apache.http.headers - http-outgoing-92 << HTTP/1.1 200 OK
11:39:56.966 [Forwarding getElementText on session d94198a6aa3008d5ffaf97f92db0cb0c to remote] DEBUG org.apache.http.headers - http-outgoing-92 << Content-Length:70
11:39:56.966 [Forwarding getElementText on session d94198a6aa3008d5ffaf97f92db0cb0c to remote] DEBUG org.apache.http.headers - http-outgoing-92 << Content-Type:application/json; charset=utf-8
11:39:56.966 [Forwarding getElementText on session d94198a6aa3008d5ffaf97f92db0cb0c to remote] DEBUG org.apache.http.headers - http-outgoing-92 << Connection:close
11:39:56.967 [Forwarding getElementText on session d94198a6aa3008d5ffaf97f92db0cb0c to remote] DEBUG o.a.h.i.c.DefaultManagedHttpClientConnection - http-outgoing-92: Shutdown connection
11:39:56.967 [Forwarding getElementText on session d94198a6aa3008d5ffaf97f92db0cb0c to remote] DEBUG o.a.h.impl.execchain.MainClientExec - Connection discarded
11:39:56.967 [Forwarding getElementText on session d94198a6aa3008d5ffaf97f92db0cb0c to remote] DEBUG o.a.h.i.c.DefaultManagedHttpClientConnection - http-outgoing-92: Close connection
11:39:56.967 [Forwarding getElementText on session d94198a6aa3008d5ffaf97f92db0cb0c to remote] DEBUG o.a.h.i.c.PoolingHttpClientConnectionManager - Connection released: [id: 92][route: {}->http://localhost:26477][total kept alive: 0; route allocated: 0 of 2000; total allocated: 0 of 2000]
11:39:56.967 [Forwarding getElementText on session d94198a6aa3008d5ffaf97f92db0cb0c to remote] DEBUG o.a.h.c.protocol.RequestAddCookies - CookieSpec selected: best-match
11:39:56.967 [Forwarding getElementText on session d94198a6aa3008d5ffaf97f92db0cb0c to remote] DEBUG o.a.h.c.protocol.RequestAuthCache - Auth cache not set in the context
11:39:56.967 [Forwarding getElementText on session d94198a6aa3008d5ffaf97f92db0cb0c to remote] DEBUG o.a.h.i.c.PoolingHttpClientConnectionManager - Connection request: [route: {}->http://localhost:26477][total kept alive: 0; route allocated: 0 of 2000; total allocated: 0 of 2000]
11:39:56.967 [Forwarding getElementText on session d94198a6aa3008d5ffaf97f92db0cb0c to remote] DEBUG o.a.h.i.c.PoolingHttpClientConnectionManager - Connection leased: [id: 93][route: {}->http://localhost:26477][total kept alive: 0; route allocated: 1 of 2000; total allocated: 1 of 2000]
11:39:56.967 [Forwarding getElementText on session d94198a6aa3008d5ffaf97f92db0cb0c to remote] DEBUG o.a.h.impl.execchain.MainClientExec - Opening connection {}->http://localhost:26477
11:39:56.967 [Forwarding getElementText on session d94198a6aa3008d5ffaf97f92db0cb0c to remote] DEBUG o.a.h.i.c.HttpClientConnectionOperator - Connecting to localhost/127.0.0.1:26477
11:39:56.967 [Forwarding getElementText on session d94198a6aa3008d5ffaf97f92db0cb0c to remote] DEBUG o.a.h.i.c.HttpClientConnectionOperator - Connection established 127.0.0.1:57369<->127.0.0.1:26477
11:39:56.967 [Forwarding getElementText on session d94198a6aa3008d5ffaf97f92db0cb0c to remote] DEBUG o.a.h.impl.execchain.MainClientExec - Executing request GET /session/d94198a6aa3008d5ffaf97f92db0cb0c/element/0.5152662619948387-30/text HTTP/1.1
11:39:56.967 [Forwarding getElementText on session d94198a6aa3008d5ffaf97f92db0cb0c to remote] DEBUG o.a.h.impl.execchain.MainClientExec - Target auth state: UNCHALLENGED
11:39:56.967 [Forwarding getElementText on session d94198a6aa3008d5ffaf97f92db0cb0c to remote] DEBUG o.a.h.impl.execchain.MainClientExec - Proxy auth state: UNCHALLENGED
11:39:56.967 [Forwarding getElementText on session d94198a6aa3008d5ffaf97f92db0cb0c to remote] DEBUG org.apache.http.headers - http-outgoing-93 >> GET /session/d94198a6aa3008d5ffaf97f92db0cb0c/element/0.5152662619948387-30/text HTTP/1.1
11:39:56.967 [Forwarding getElementText on session d94198a6aa3008d5ffaf97f92db0cb0c to remote] DEBUG org.apache.http.headers - http-outgoing-93 >> Cache-Control: no-cache
11:39:56.967 [Forwarding getElementText on session d94198a6aa3008d5ffaf97f92db0cb0c to remote] DEBUG org.apache.http.headers - http-outgoing-93 >> Host: localhost:26477
11:39:56.967 [Forwarding getElementText on session d94198a6aa3008d5ffaf97f92db0cb0c to remote] DEBUG org.apache.http.headers - http-outgoing-93 >> Connection: Keep-Alive
11:39:56.967 [Forwarding getElementText on session d94198a6aa3008d5ffaf97f92db0cb0c to remote] DEBUG org.apache.http.headers - http-outgoing-93 >> User-Agent: Apache-HttpClient/4.3.4 (java 1.5)
11:39:56.967 [Forwarding getElementText on session d94198a6aa3008d5ffaf97f92db0cb0c to remote] DEBUG org.apache.http.headers - http-outgoing-93 >> Accept-Encoding: gzip,deflate
11:39:56.968 [Forwarding getElementText on session d94198a6aa3008d5ffaf97f92db0cb0c to remote] DEBUG org.apache.http.wire - http-outgoing-93 >> "GET /session/d94198a6aa3008d5ffaf97f92db0cb0c/element/0.5152662619948387-30/text HTTP/1.1[\r][\n]"
11:39:56.968 [Forwarding getElementText on session d94198a6aa3008d5ffaf97f92db0cb0c to remote] DEBUG org.apache.http.wire - http-outgoing-93 >> "Cache-Control: no-cache[\r][\n]"
11:39:56.968 [Forwarding getElementText on session d94198a6aa3008d5ffaf97f92db0cb0c to remote] DEBUG org.apache.http.wire - http-outgoing-93 >> "Host: localhost:26477[\r][\n]"
11:39:56.968 [Forwarding getElementText on session d94198a6aa3008d5ffaf97f92db0cb0c to remote] DEBUG org.apache.http.wire - http-outgoing-93 >> "Connection: Keep-Alive[\r][\n]"
11:39:56.968 [Forwarding getElementText on session d94198a6aa3008d5ffaf97f92db0cb0c to remote] DEBUG org.apache.http.wire - http-outgoing-93 >> "User-Agent: Apache-HttpClient/4.3.4 (java 1.5)[\r][\n]"
11:39:56.968 [Forwarding getElementText on session d94198a6aa3008d5ffaf97f92db0cb0c to remote] DEBUG org.apache.http.wire - http-outgoing-93 >> "Accept-Encoding: gzip,deflate[\r][\n]"
11:39:56.968 [Forwarding getElementText on session d94198a6aa3008d5ffaf97f92db0cb0c to remote] DEBUG org.apache.http.wire - http-outgoing-93 >> "[\r][\n]"
11:39:56.982 [Forwarding getElementText on session d94198a6aa3008d5ffaf97f92db0cb0c to remote] DEBUG org.apache.http.wire - http-outgoing-93 << "HTTP/1.1 200 OK[\r][\n]"
11:39:56.982 [Forwarding getElementText on session d94198a6aa3008d5ffaf97f92db0cb0c to remote] DEBUG org.apache.http.wire - http-outgoing-93 << "Content-Length:70[\r][\n]"
11:39:56.982 [Forwarding getElementText on session d94198a6aa3008d5ffaf97f92db0cb0c to remote] DEBUG org.apache.http.wire - http-outgoing-93 << "Content-Type:application/json; charset=utf-8[\r][\n]"
11:39:56.982 [Forwarding getElementText on session d94198a6aa3008d5ffaf97f92db0cb0c to remote] DEBUG org.apache.http.wire - http-outgoing-93 << "Connection:close[\r][\n]"
11:39:56.982 [Forwarding getElementText on session d94198a6aa3008d5ffaf97f92db0cb0c to remote] DEBUG org.apache.http.wire - http-outgoing-93 << "[\r][\n]"
11:39:56.982 [Forwarding getElementText on session d94198a6aa3008d5ffaf97f92db0cb0c to remote] DEBUG org.apache.http.wire - http-outgoing-93 << "{"sessionId":"d94198a6aa3008d5ffaf97f92db0cb0c","status":0,"value":""}"
11:39:56.982 [Forwarding getElementText on session d94198a6aa3008d5ffaf97f92db0cb0c to remote] DEBUG org.apache.http.headers - http-outgoing-93 << HTTP/1.1 200 OK
11:39:56.982 [Forwarding getElementText on session d94198a6aa3008d5ffaf97f92db0cb0c to remote] DEBUG org.apache.http.headers - http-outgoing-93 << Content-Length:70
11:39:56.982 [Forwarding getElementText on session d94198a6aa3008d5ffaf97f92db0cb0c to remote] DEBUG org.apache.http.headers - http-outgoing-93 << Content-Type:application/json; charset=utf-8
11:39:56.982 [Forwarding getElementText on session d94198a6aa3008d5ffaf97f92db0cb0c to remote] DEBUG org.apache.http.headers - http-outgoing-93 << Connection:close
11:39:56.982 [Forwarding getElementText on session d94198a6aa3008d5ffaf97f92db0cb0c to remote] DEBUG o.a.h.i.c.DefaultManagedHttpClientConnection - http-outgoing-93: Shutdown connection
11:39:56.982 [Forwarding getElementText on session d94198a6aa3008d5ffaf97f92db0cb0c to remote] DEBUG o.a.h.impl.execchain.MainClientExec - Connection discarded
11:39:56.982 [Forwarding getElementText on session d94198a6aa3008d5ffaf97f92db0cb0c to remote] DEBUG o.a.h.i.c.DefaultManagedHttpClientConnection - http-outgoing-93: Close connection
11:39:56.982 [Forwarding getElementText on session d94198a6aa3008d5ffaf97f92db0cb0c to remote] DEBUG o.a.h.i.c.PoolingHttpClientConnectionManager - Connection released: [id: 93][route: {}->http://localhost:26477][total kept alive: 0; route allocated: 0 of 2000; total allocated: 0 of 2000]
11:39:56.983 [Forwarding getElementText on session d94198a6aa3008d5ffaf97f92db0cb0c to remote] DEBUG o.a.h.c.protocol.RequestAddCookies - CookieSpec selected: best-match
11:39:56.983 [Forwarding getElementText on session d94198a6aa3008d5ffaf97f92db0cb0c to remote] DEBUG o.a.h.c.protocol.RequestAuthCache - Auth cache not set in the context
11:39:56.983 [Forwarding getElementText on session d94198a6aa3008d5ffaf97f92db0cb0c to remote] DEBUG o.a.h.i.c.PoolingHttpClientConnectionManager - Connection request: [route: {}->http://localhost:26477][total kept alive: 0; route allocated: 0 of 2000; total allocated: 0 of 2000]
11:39:56.983 [Forwarding getElementText on session d94198a6aa3008d5ffaf97f92db0cb0c to remote] DEBUG o.a.h.i.c.PoolingHttpClientConnectionManager - Connection leased: [id: 94][route: {}->http://localhost:26477][total kept alive: 0; route allocated: 1 of 2000; total allocated: 1 of 2000]
11:39:56.983 [Forwarding getElementText on session d94198a6aa3008d5ffaf97f92db0cb0c to remote] DEBUG o.a.h.impl.execchain.MainClientExec - Opening connection {}->http://localhost:26477
11:39:56.983 [Forwarding getElementText on session d94198a6aa3008d5ffaf97f92db0cb0c to remote] DEBUG o.a.h.i.c.HttpClientConnectionOperator - Connecting to localhost/127.0.0.1:26477
11:39:56.983 [Forwarding getElementText on session d94198a6aa3008d5ffaf97f92db0cb0c to remote] DEBUG o.a.h.i.c.HttpClientConnectionOperator - Connection established 127.0.0.1:57370<->127.0.0.1:26477
11:39:56.983 [Forwarding getElementText on session d94198a6aa3008d5ffaf97f92db0cb0c to remote] DEBUG o.a.h.impl.execchain.MainClientExec - Executing request GET /session/d94198a6aa3008d5ffaf97f92db0cb0c/element/0.5152662619948387-31/text HTTP/1.1
11:39:56.983 [Forwarding getElementText on session d94198a6aa3008d5ffaf97f92db0cb0c to remote] DEBUG o.a.h.impl.execchain.MainClientExec - Target auth state: UNCHALLENGED
11:39:56.983 [Forwarding getElementText on session d94198a6aa3008d5ffaf97f92db0cb0c to remote] DEBUG o.a.h.impl.execchain.MainClientExec - Proxy auth state: UNCHALLENGED
11:39:56.983 [Forwarding getElementText on session d94198a6aa3008d5ffaf97f92db0cb0c to remote] DEBUG org.apache.http.headers - http-outgoing-94 >> GET /session/d94198a6aa3008d5ffaf97f92db0cb0c/element/0.5152662619948387-31/text HTTP/1.1
11:39:56.983 [Forwarding getElementText on session d94198a6aa3008d5ffaf97f92db0cb0c to remote] DEBUG org.apache.http.headers - http-outgoing-94 >> Cache-Control: no-cache
11:39:56.983 [Forwarding getElementText on session d94198a6aa3008d5ffaf97f92db0cb0c to remote] DEBUG org.apache.http.headers - http-outgoing-94 >> Host: localhost:26477
11:39:56.983 [Forwarding getElementText on session d94198a6aa3008d5ffaf97f92db0cb0c to remote] DEBUG org.apache.http.headers - http-outgoing-94 >> Connection: Keep-Alive
11:39:56.983 [Forwarding getElementText on session d94198a6aa3008d5ffaf97f92db0cb0c to remote] DEBUG org.apache.http.headers - http-outgoing-94 >> User-Agent: Apache-HttpClient/4.3.4 (java 1.5)
11:39:56.984 [Forwarding getElementText on session d94198a6aa3008d5ffaf97f92db0cb0c to remote] DEBUG org.apache.http.headers - http-outgoing-94 >> Accept-Encoding: gzip,deflate
11:39:56.984 [Forwarding getElementText on session d94198a6aa3008d5ffaf97f92db0cb0c to remote] DEBUG org.apache.http.wire - http-outgoing-94 >> "GET /session/d94198a6aa3008d5ffaf97f92db0cb0c/element/0.5152662619948387-31/text HTTP/1.1[\r][\n]"
11:39:56.984 [Forwarding getElementText on session d94198a6aa3008d5ffaf97f92db0cb0c to remote] DEBUG org.apache.http.wire - http-outgoing-94 >> "Cache-Control: no-cache[\r][\n]"
11:39:56.984 [Forwarding getElementText on session d94198a6aa3008d5ffaf97f92db0cb0c to remote] DEBUG org.apache.http.wire - http-outgoing-94 >> "Host: localhost:26477[\r][\n]"
11:39:56.984 [Forwarding getElementText on session d94198a6aa3008d5ffaf97f92db0cb0c to remote] DEBUG org.apache.http.wire - http-outgoing-94 >> "Connection: Keep-Alive[\r][\n]"
11:39:56.984 [Forwarding getElementText on session d94198a6aa3008d5ffaf97f92db0cb0c to remote] DEBUG org.apache.http.wire - http-outgoing-94 >> "User-Agent: Apache-HttpClient/4.3.4 (java 1.5)[\r][\n]"
11:39:56.984 [Forwarding getElementText on session d94198a6aa3008d5ffaf97f92db0cb0c to remote] DEBUG org.apache.http.wire - http-outgoing-94 >> "Accept-Encoding: gzip,deflate[\r][\n]"
11:39:56.984 [Forwarding getElementText on session d94198a6aa3008d5ffaf97f92db0cb0c to remote] DEBUG org.apache.http.wire - http-outgoing-94 >> "[\r][\n]"
11:39:56.998 [Forwarding getElementText on session d94198a6aa3008d5ffaf97f92db0cb0c to remote] DEBUG org.apache.http.wire - http-outgoing-94 << "HTTP/1.1 200 OK[\r][\n]"
11:39:56.998 [Forwarding getElementText on session d94198a6aa3008d5ffaf97f92db0cb0c to remote] DEBUG org.apache.http.wire - http-outgoing-94 << "Content-Length:70[\r][\n]"
11:39:56.998 [Forwarding getElementText on session d94198a6aa3008d5ffaf97f92db0cb0c to remote] DEBUG org.apache.http.wire - http-outgoing-94 << "Content-Type:application/json; charset=utf-8[\r][\n]"
11:39:56.998 [Forwarding getElementText on session d94198a6aa3008d5ffaf97f92db0cb0c to remote] DEBUG org.apache.http.wire - http-outgoing-94 << "Connection:close[\r][\n]"
11:39:56.998 [Forwarding getElementText on session d94198a6aa3008d5ffaf97f92db0cb0c to remote] DEBUG org.apache.http.wire - http-outgoing-94 << "[\r][\n]"
11:39:56.998 [Forwarding getElementText on session d94198a6aa3008d5ffaf97f92db0cb0c to remote] DEBUG org.apache.http.wire - http-outgoing-94 << "{"sessionId":"d94198a6aa3008d5ffaf97f92db0cb0c","status":0,"value":""}"
11:39:56.998 [Forwarding getElementText on session d94198a6aa3008d5ffaf97f92db0cb0c to remote] DEBUG org.apache.http.headers - http-outgoing-94 << HTTP/1.1 200 OK
11:39:56.998 [Forwarding getElementText on session d94198a6aa3008d5ffaf97f92db0cb0c to remote] DEBUG org.apache.http.headers - http-outgoing-94 << Content-Length:70
11:39:56.998 [Forwarding getElementText on session d94198a6aa3008d5ffaf97f92db0cb0c to remote] DEBUG org.apache.http.headers - http-outgoing-94 << Content-Type:application/json; charset=utf-8
11:39:56.998 [Forwarding getElementText on session d94198a6aa3008d5ffaf97f92db0cb0c to remote] DEBUG org.apache.http.headers - http-outgoing-94 << Connection:close
11:39:56.999 [Forwarding getElementText on session d94198a6aa3008d5ffaf97f92db0cb0c to remote] DEBUG o.a.h.i.c.DefaultManagedHttpClientConnection - http-outgoing-94: Shutdown connection
11:39:56.999 [Forwarding getElementText on session d94198a6aa3008d5ffaf97f92db0cb0c to remote] DEBUG o.a.h.impl.execchain.MainClientExec - Connection discarded
11:39:56.999 [Forwarding getElementText on session d94198a6aa3008d5ffaf97f92db0cb0c to remote] DEBUG o.a.h.i.c.DefaultManagedHttpClientConnection - http-outgoing-94: Close connection
11:39:56.999 [Forwarding getElementText on session d94198a6aa3008d5ffaf97f92db0cb0c to remote] DEBUG o.a.h.i.c.PoolingHttpClientConnectionManager - Connection released: [id: 94][route: {}->http://localhost:26477][total kept alive: 0; route allocated: 0 of 2000; total allocated: 0 of 2000]
11:39:56.999 [Forwarding getElementText on session d94198a6aa3008d5ffaf97f92db0cb0c to remote] DEBUG o.a.h.c.protocol.RequestAddCookies - CookieSpec selected: best-match
11:39:56.999 [Forwarding getElementText on session d94198a6aa3008d5ffaf97f92db0cb0c to remote] DEBUG o.a.h.c.protocol.RequestAuthCache - Auth cache not set in the context
11:39:56.999 [Forwarding getElementText on session d94198a6aa3008d5ffaf97f92db0cb0c to remote] DEBUG o.a.h.i.c.PoolingHttpClientConnectionManager - Connection request: [route: {}->http://localhost:26477][total kept alive: 0; route allocated: 0 of 2000; total allocated: 0 of 2000]
11:39:56.999 [Forwarding getElementText on session d94198a6aa3008d5ffaf97f92db0cb0c to remote] DEBUG o.a.h.i.c.PoolingHttpClientConnectionManager - Connection leased: [id: 95][route: {}->http://localhost:26477][total kept alive: 0; route allocated: 1 of 2000; total allocated: 1 of 2000]
11:39:56.999 [Forwarding getElementText on session d94198a6aa3008d5ffaf97f92db0cb0c to remote] DEBUG o.a.h.impl.execchain.MainClientExec - Opening connection {}->http://localhost:26477
11:39:56.999 [Forwarding getElementText on session d94198a6aa3008d5ffaf97f92db0cb0c to remote] DEBUG o.a.h.i.c.HttpClientConnectionOperator - Connecting to localhost/127.0.0.1:26477
11:39:57.000 [Forwarding getElementText on session d94198a6aa3008d5ffaf97f92db0cb0c to remote] DEBUG o.a.h.i.c.HttpClientConnectionOperator - Connection established 127.0.0.1:57371<->127.0.0.1:26477
11:39:57.000 [Forwarding getElementText on session d94198a6aa3008d5ffaf97f92db0cb0c to remote] DEBUG o.a.h.impl.execchain.MainClientExec - Executing request GET /session/d94198a6aa3008d5ffaf97f92db0cb0c/element/0.5152662619948387-32/text HTTP/1.1
11:39:57.000 [Forwarding getElementText on session d94198a6aa3008d5ffaf97f92db0cb0c to remote] DEBUG o.a.h.impl.execchain.MainClientExec - Target auth state: UNCHALLENGED
11:39:57.000 [Forwarding getElementText on session d94198a6aa3008d5ffaf97f92db0cb0c to remote] DEBUG o.a.h.impl.execchain.MainClientExec - Proxy auth state: UNCHALLENGED
11:39:57.000 [Forwarding getElementText on session d94198a6aa3008d5ffaf97f92db0cb0c to remote] DEBUG org.apache.http.headers - http-outgoing-95 >> GET /session/d94198a6aa3008d5ffaf97f92db0cb0c/element/0.5152662619948387-32/text HTTP/1.1
11:39:57.000 [Forwarding getElementText on session d94198a6aa3008d5ffaf97f92db0cb0c to remote] DEBUG org.apache.http.headers - http-outgoing-95 >> Cache-Control: no-cache
11:39:57.000 [Forwarding getElementText on session d94198a6aa3008d5ffaf97f92db0cb0c to remote] DEBUG org.apache.http.headers - http-outgoing-95 >> Host: localhost:26477
11:39:57.000 [Forwarding getElementText on session d94198a6aa3008d5ffaf97f92db0cb0c to remote] DEBUG org.apache.http.headers - http-outgoing-95 >> Connection: Keep-Alive
11:39:57.000 [Forwarding getElementText on session d94198a6aa3008d5ffaf97f92db0cb0c to remote] DEBUG org.apache.http.headers - http-outgoing-95 >> User-Agent: Apache-HttpClient/4.3.4 (java 1.5)
11:39:57.000 [Forwarding getElementText on session d94198a6aa3008d5ffaf97f92db0cb0c to remote] DEBUG org.apache.http.headers - http-outgoing-95 >> Accept-Encoding: gzip,deflate
11:39:57.000 [Forwarding getElementText on session d94198a6aa3008d5ffaf97f92db0cb0c to remote] DEBUG org.apache.http.wire - http-outgoing-95 >> "GET /session/d94198a6aa3008d5ffaf97f92db0cb0c/element/0.5152662619948387-32/text HTTP/1.1[\r][\n]"
11:39:57.000 [Forwarding getElementText on session d94198a6aa3008d5ffaf97f92db0cb0c to remote] DEBUG org.apache.http.wire - http-outgoing-95 >> "Cache-Control: no-cache[\r][\n]"
11:39:57.000 [Forwarding getElementText on session d94198a6aa3008d5ffaf97f92db0cb0c to remote] DEBUG org.apache.http.wire - http-outgoing-95 >> "Host: localhost:26477[\r][\n]"
11:39:57.000 [Forwarding getElementText on session d94198a6aa3008d5ffaf97f92db0cb0c to remote] DEBUG org.apache.http.wire - http-outgoing-95 >> "Connection: Keep-Alive[\r][\n]"
11:39:57.000 [Forwarding getElementText on session d94198a6aa3008d5ffaf97f92db0cb0c to remote] DEBUG org.apache.http.wire - http-outgoing-95 >> "User-Agent: Apache-HttpClient/4.3.4 (java 1.5)[\r][\n]"
11:39:57.000 [Forwarding getElementText on session d94198a6aa3008d5ffaf97f92db0cb0c to remote] DEBUG org.apache.http.wire - http-outgoing-95 >> "Accept-Encoding: gzip,deflate[\r][\n]"
11:39:57.000 [Forwarding getElementText on session d94198a6aa3008d5ffaf97f92db0cb0c to remote] DEBUG org.apache.http.wire - http-outgoing-95 >> "[\r][\n]"
11:39:57.014 [Forwarding getElementText on session d94198a6aa3008d5ffaf97f92db0cb0c to remote] DEBUG org.apache.http.wire - http-outgoing-95 << "HTTP/1.1 200 OK[\r][\n]"
11:39:57.014 [Forwarding getElementText on session d94198a6aa3008d5ffaf97f92db0cb0c to remote] DEBUG org.apache.http.wire - http-outgoing-95 << "Content-Length:70[\r][\n]"
11:39:57.014 [Forwarding getElementText on session d94198a6aa3008d5ffaf97f92db0cb0c to remote] DEBUG org.apache.http.wire - http-outgoing-95 << "Content-Type:application/json; charset=utf-8[\r][\n]"
11:39:57.014 [Forwarding getElementText on session d94198a6aa3008d5ffaf97f92db0cb0c to remote] DEBUG org.apache.http.wire - http-outgoing-95 << "Connection:close[\r][\n]"
11:39:57.014 [Forwarding getElementText on session d94198a6aa3008d5ffaf97f92db0cb0c to remote] DEBUG org.apache.http.wire - http-outgoing-95 << "[\r][\n]"
11:39:57.014 [Forwarding getElementText on session d94198a6aa3008d5ffaf97f92db0cb0c to remote] DEBUG org.apache.http.wire - http-outgoing-95 << "{"sessionId":"d94198a6aa3008d5ffaf97f92db0cb0c","status":0,"value":""}"
11:39:57.014 [Forwarding getElementText on session d94198a6aa3008d5ffaf97f92db0cb0c to remote] DEBUG org.apache.http.headers - http-outgoing-95 << HTTP/1.1 200 OK
11:39:57.014 [Forwarding getElementText on session d94198a6aa3008d5ffaf97f92db0cb0c to remote] DEBUG org.apache.http.headers - http-outgoing-95 << Content-Length:70
11:39:57.014 [Forwarding getElementText on session d94198a6aa3008d5ffaf97f92db0cb0c to remote] DEBUG org.apache.http.headers - http-outgoing-95 << Content-Type:application/json; charset=utf-8
11:39:57.014 [Forwarding getElementText on session d94198a6aa3008d5ffaf97f92db0cb0c to remote] DEBUG org.apache.http.headers - http-outgoing-95 << Connection:close
11:39:57.014 [Forwarding getElementText on session d94198a6aa3008d5ffaf97f92db0cb0c to remote] DEBUG o.a.h.i.c.DefaultManagedHttpClientConnection - http-outgoing-95: Shutdown connection
11:39:57.014 [Forwarding getElementText on session d94198a6aa3008d5ffaf97f92db0cb0c to remote] DEBUG o.a.h.impl.execchain.MainClientExec - Connection discarded
11:39:57.014 [Forwarding getElementText on session d94198a6aa3008d5ffaf97f92db0cb0c to remote] DEBUG o.a.h.i.c.DefaultManagedHttpClientConnection - http-outgoing-95: Close connection
11:39:57.014 [Forwarding getElementText on session d94198a6aa3008d5ffaf97f92db0cb0c to remote] DEBUG o.a.h.i.c.PoolingHttpClientConnectionManager - Connection released: [id: 95][route: {}->http://localhost:26477][total kept alive: 0; route allocated: 0 of 2000; total allocated: 0 of 2000]
11:39:57.014 [Forwarding isElementDisplayed on session d94198a6aa3008d5ffaf97f92db0cb0c to remote] DEBUG o.a.h.c.protocol.RequestAddCookies - CookieSpec selected: best-match
11:39:57.014 [Forwarding isElementDisplayed on session d94198a6aa3008d5ffaf97f92db0cb0c to remote] DEBUG o.a.h.c.protocol.RequestAuthCache - Auth cache not set in the context
11:39:57.014 [Forwarding isElementDisplayed on session d94198a6aa3008d5ffaf97f92db0cb0c to remote] DEBUG o.a.h.i.c.PoolingHttpClientConnectionManager - Connection request: [route: {}->http://localhost:26477][total kept alive: 0; route allocated: 0 of 2000; total allocated: 0 of 2000]
11:39:57.014 [Forwarding isElementDisplayed on session d94198a6aa3008d5ffaf97f92db0cb0c to remote] DEBUG o.a.h.i.c.PoolingHttpClientConnectionManager - Connection leased: [id: 96][route: {}->http://localhost:26477][total kept alive: 0; route allocated: 1 of 2000; total allocated: 1 of 2000]
11:39:57.015 [Forwarding isElementDisplayed on session d94198a6aa3008d5ffaf97f92db0cb0c to remote] DEBUG o.a.h.impl.execchain.MainClientExec - Opening connection {}->http://localhost:26477
11:39:57.015 [Forwarding isElementDisplayed on session d94198a6aa3008d5ffaf97f92db0cb0c to remote] DEBUG o.a.h.i.c.HttpClientConnectionOperator - Connecting to localhost/127.0.0.1:26477
11:39:57.015 [Forwarding isElementDisplayed on session d94198a6aa3008d5ffaf97f92db0cb0c to remote] DEBUG o.a.h.i.c.HttpClientConnectionOperator - Connection established 127.0.0.1:57372<->127.0.0.1:26477
11:39:57.015 [Forwarding isElementDisplayed on session d94198a6aa3008d5ffaf97f92db0cb0c to remote] DEBUG o.a.h.impl.execchain.MainClientExec - Executing request GET /session/d94198a6aa3008d5ffaf97f92db0cb0c/element/0.5152662619948387-23/displayed HTTP/1.1
11:39:57.015 [Forwarding isElementDisplayed on session d94198a6aa3008d5ffaf97f92db0cb0c to remote] DEBUG o.a.h.impl.execchain.MainClientExec - Target auth state: UNCHALLENGED
11:39:57.015 [Forwarding isElementDisplayed on session d94198a6aa3008d5ffaf97f92db0cb0c to remote] DEBUG o.a.h.impl.execchain.MainClientExec - Proxy auth state: UNCHALLENGED
11:39:57.015 [Forwarding isElementDisplayed on session d94198a6aa3008d5ffaf97f92db0cb0c to remote] DEBUG org.apache.http.headers - http-outgoing-96 >> GET /session/d94198a6aa3008d5ffaf97f92db0cb0c/element/0.5152662619948387-23/displayed HTTP/1.1
11:39:57.015 [Forwarding isElementDisplayed on session d94198a6aa3008d5ffaf97f92db0cb0c to remote] DEBUG org.apache.http.headers - http-outgoing-96 >> Cache-Control: no-cache
11:39:57.015 [Forwarding isElementDisplayed on session d94198a6aa3008d5ffaf97f92db0cb0c to remote] DEBUG org.apache.http.headers - http-outgoing-96 >> Host: localhost:26477
11:39:57.015 [Forwarding isElementDisplayed on session d94198a6aa3008d5ffaf97f92db0cb0c to remote] DEBUG org.apache.http.headers - http-outgoing-96 >> Connection: Keep-Alive
11:39:57.015 [Forwarding isElementDisplayed on session d94198a6aa3008d5ffaf97f92db0cb0c to remote] DEBUG org.apache.http.headers - http-outgoing-96 >> User-Agent: Apache-HttpClient/4.3.4 (java 1.5)
11:39:57.015 [Forwarding isElementDisplayed on session d94198a6aa3008d5ffaf97f92db0cb0c to remote] DEBUG org.apache.http.headers - http-outgoing-96 >> Accept-Encoding: gzip,deflate
11:39:57.015 [Forwarding isElementDisplayed on session d94198a6aa3008d5ffaf97f92db0cb0c to remote] DEBUG org.apache.http.wire - http-outgoing-96 >> "GET /session/d94198a6aa3008d5ffaf97f92db0cb0c/element/0.5152662619948387-23/displayed HTTP/1.1[\r][\n]"
11:39:57.015 [Forwarding isElementDisplayed on session d94198a6aa3008d5ffaf97f92db0cb0c to remote] DEBUG org.apache.http.wire - http-outgoing-96 >> "Cache-Control: no-cache[\r][\n]"
11:39:57.015 [Forwarding isElementDisplayed on session d94198a6aa3008d5ffaf97f92db0cb0c to remote] DEBUG org.apache.http.wire - http-outgoing-96 >> "Host: localhost:26477[\r][\n]"
11:39:57.015 [Forwarding isElementDisplayed on session d94198a6aa3008d5ffaf97f92db0cb0c to remote] DEBUG org.apache.http.wire - http-outgoing-96 >> "Connection: Keep-Alive[\r][\n]"
11:39:57.015 [Forwarding isElementDisplayed on session d94198a6aa3008d5ffaf97f92db0cb0c to remote] DEBUG org.apache.http.wire - http-outgoing-96 >> "User-Agent: Apache-HttpClient/4.3.4 (java 1.5)[\r][\n]"
11:39:57.015 [Forwarding isElementDisplayed on session d94198a6aa3008d5ffaf97f92db0cb0c to remote] DEBUG org.apache.http.wire - http-outgoing-96 >> "Accept-Encoding: gzip,deflate[\r][\n]"
11:39:57.015 [Forwarding isElementDisplayed on session d94198a6aa3008d5ffaf97f92db0cb0c to remote] DEBUG org.apache.http.wire - http-outgoing-96 >> "[\r][\n]"
11:39:57.023 [Forwarding isElementDisplayed on session d94198a6aa3008d5ffaf97f92db0cb0c to remote] DEBUG org.apache.http.wire - http-outgoing-96 << "HTTP/1.1 200 OK[\r][\n]"
11:39:57.023 [Forwarding isElementDisplayed on session d94198a6aa3008d5ffaf97f92db0cb0c to remote] DEBUG org.apache.http.wire - http-outgoing-96 << "Content-Length:72[\r][\n]"
11:39:57.023 [Forwarding isElementDisplayed on session d94198a6aa3008d5ffaf97f92db0cb0c to remote] DEBUG org.apache.http.wire - http-outgoing-96 << "Content-Type:application/json; charset=utf-8[\r][\n]"
11:39:57.023 [Forwarding isElementDisplayed on session d94198a6aa3008d5ffaf97f92db0cb0c to remote] DEBUG org.apache.http.wire - http-outgoing-96 << "Connection:close[\r][\n]"
11:39:57.023 [Forwarding isElementDisplayed on session d94198a6aa3008d5ffaf97f92db0cb0c to remote] DEBUG org.apache.http.wire - http-outgoing-96 << "[\r][\n]"
11:39:57.023 [Forwarding isElementDisplayed on session d94198a6aa3008d5ffaf97f92db0cb0c to remote] DEBUG org.apache.http.wire - http-outgoing-96 << "{"sessionId":"d94198a6aa3008d5ffaf97f92db0cb0c","status":0,"value":true}"
11:39:57.023 [Forwarding isElementDisplayed on session d94198a6aa3008d5ffaf97f92db0cb0c to remote] DEBUG org.apache.http.headers - http-outgoing-96 << HTTP/1.1 200 OK
11:39:57.023 [Forwarding isElementDisplayed on session d94198a6aa3008d5ffaf97f92db0cb0c to remote] DEBUG org.apache.http.headers - http-outgoing-96 << Content-Length:72
11:39:57.023 [Forwarding isElementDisplayed on session d94198a6aa3008d5ffaf97f92db0cb0c to remote] DEBUG org.apache.http.headers - http-outgoing-96 << Content-Type:application/json; charset=utf-8
11:39:57.023 [Forwarding isElementDisplayed on session d94198a6aa3008d5ffaf97f92db0cb0c to remote] DEBUG org.apache.http.headers - http-outgoing-96 << Connection:close
11:39:57.023 [Forwarding isElementDisplayed on session d94198a6aa3008d5ffaf97f92db0cb0c to remote] DEBUG o.a.h.i.c.DefaultManagedHttpClientConnection - http-outgoing-96: Shutdown connection
11:39:57.024 [Forwarding isElementDisplayed on session d94198a6aa3008d5ffaf97f92db0cb0c to remote] DEBUG o.a.h.impl.execchain.MainClientExec - Connection discarded
11:39:57.024 [Forwarding isElementDisplayed on session d94198a6aa3008d5ffaf97f92db0cb0c to remote] DEBUG o.a.h.i.c.DefaultManagedHttpClientConnection - http-outgoing-96: Close connection
11:39:57.024 [Forwarding isElementDisplayed on session d94198a6aa3008d5ffaf97f92db0cb0c to remote] DEBUG o.a.h.i.c.PoolingHttpClientConnectionManager - Connection released: [id: 96][route: {}->http://localhost:26477][total kept alive: 0; route allocated: 0 of 2000; total allocated: 0 of 2000]
11:39:57.024 [Forwarding getPageSource on session d94198a6aa3008d5ffaf97f92db0cb0c to remote] DEBUG o.a.h.c.protocol.RequestAddCookies - CookieSpec selected: best-match
11:39:57.024 [Forwarding getPageSource on session d94198a6aa3008d5ffaf97f92db0cb0c to remote] DEBUG o.a.h.c.protocol.RequestAuthCache - Auth cache not set in the context
11:39:57.024 [Forwarding getPageSource on session d94198a6aa3008d5ffaf97f92db0cb0c to remote] DEBUG o.a.h.i.c.PoolingHttpClientConnectionManager - Connection request: [route: {}->http://localhost:26477][total kept alive: 0; route allocated: 0 of 2000; total allocated: 0 of 2000]
11:39:57.024 [Forwarding getPageSource on session d94198a6aa3008d5ffaf97f92db0cb0c to remote] DEBUG o.a.h.i.c.PoolingHttpClientConnectionManager - Connection leased: [id: 97][route: {}->http://localhost:26477][total kept alive: 0; route allocated: 1 of 2000; total allocated: 1 of 2000]
11:39:57.024 [Forwarding getPageSource on session d94198a6aa3008d5ffaf97f92db0cb0c to remote] DEBUG o.a.h.impl.execchain.MainClientExec - Opening connection {}->http://localhost:26477
11:39:57.024 [Forwarding getPageSource on session d94198a6aa3008d5ffaf97f92db0cb0c to remote] DEBUG o.a.h.i.c.HttpClientConnectionOperator - Connecting to localhost/127.0.0.1:26477
11:39:57.024 [Forwarding getPageSource on session d94198a6aa3008d5ffaf97f92db0cb0c to remote] DEBUG o.a.h.i.c.HttpClientConnectionOperator - Connection established 127.0.0.1:57373<->127.0.0.1:26477
11:39:57.024 [Forwarding getPageSource on session d94198a6aa3008d5ffaf97f92db0cb0c to remote] DEBUG o.a.h.impl.execchain.MainClientExec - Executing request GET /session/d94198a6aa3008d5ffaf97f92db0cb0c/source HTTP/1.1
11:39:57.024 [Forwarding getPageSource on session d94198a6aa3008d5ffaf97f92db0cb0c to remote] DEBUG o.a.h.impl.execchain.MainClientExec - Target auth state: UNCHALLENGED
11:39:57.024 [Forwarding getPageSource on session d94198a6aa3008d5ffaf97f92db0cb0c to remote] DEBUG o.a.h.impl.execchain.MainClientExec - Proxy auth state: UNCHALLENGED
11:39:57.024 [Forwarding getPageSource on session d94198a6aa3008d5ffaf97f92db0cb0c to remote] DEBUG org.apache.http.headers - http-outgoing-97 >> GET /session/d94198a6aa3008d5ffaf97f92db0cb0c/source HTTP/1.1
11:39:57.024 [Forwarding getPageSource on session d94198a6aa3008d5ffaf97f92db0cb0c to remote] DEBUG org.apache.http.headers - http-outgoing-97 >> Cache-Control: no-cache
11:39:57.024 [Forwarding getPageSource on session d94198a6aa3008d5ffaf97f92db0cb0c to remote] DEBUG org.apache.http.headers - http-outgoing-97 >> Host: localhost:26477
11:39:57.024 [Forwarding getPageSource on session d94198a6aa3008d5ffaf97f92db0cb0c to remote] DEBUG org.apache.http.headers - http-outgoing-97 >> Connection: Keep-Alive
11:39:57.024 [Forwarding getPageSource on session d94198a6aa3008d5ffaf97f92db0cb0c to remote] DEBUG org.apache.http.headers - http-outgoing-97 >> User-Agent: Apache-HttpClient/4.3.4 (java 1.5)
11:39:57.024 [Forwarding getPageSource on session d94198a6aa3008d5ffaf97f92db0cb0c to remote] DEBUG org.apache.http.headers - http-outgoing-97 >> Accept-Encoding: gzip,deflate
11:39:57.024 [Forwarding getPageSource on session d94198a6aa3008d5ffaf97f92db0cb0c to remote] DEBUG org.apache.http.wire - http-outgoing-97 >> "GET /session/d94198a6aa3008d5ffaf97f92db0cb0c/source HTTP/1.1[\r][\n]"
11:39:57.024 [Forwarding getPageSource on session d94198a6aa3008d5ffaf97f92db0cb0c to remote] DEBUG org.apache.http.wire - http-outgoing-97 >> "Cache-Control: no-cache[\r][\n]"
11:39:57.024 [Forwarding getPageSource on session d94198a6aa3008d5ffaf97f92db0cb0c to remote] DEBUG org.apache.http.wire - http-outgoing-97 >> "Host: localhost:26477[\r][\n]"
11:39:57.024 [Forwarding getPageSource on session d94198a6aa3008d5ffaf97f92db0cb0c to remote] DEBUG org.apache.http.wire - http-outgoing-97 >> "Connection: Keep-Alive[\r][\n]"
11:39:57.024 [Forwarding getPageSource on session d94198a6aa3008d5ffaf97f92db0cb0c to remote] DEBUG org.apache.http.wire - http-outgoing-97 >> "User-Agent: Apache-HttpClient/4.3.4 (java 1.5)[\r][\n]"
11:39:57.024 [Forwarding getPageSource on session d94198a6aa3008d5ffaf97f92db0cb0c to remote] DEBUG org.apache.http.wire - http-outgoing-97 >> "Accept-Encoding: gzip,deflate[\r][\n]"
11:39:57.024 [Forwarding getPageSource on session d94198a6aa3008d5ffaf97f92db0cb0c to remote] DEBUG org.apache.http.wire - http-outgoing-97 >> "[\r][\n]"
11:39:57.028 [Forwarding getPageSource on session d94198a6aa3008d5ffaf97f92db0cb0c to remote] DEBUG org.apache.http.wire - http-outgoing-97 << "HTTP/1.1 200 OK[\r][\n]"
11:39:57.028 [Forwarding getPageSource on session d94198a6aa3008d5ffaf97f92db0cb0c to remote] DEBUG org.apache.http.wire - http-outgoing-97 << "Content-Length:54763[\r][\n]"
11:39:57.028 [Forwarding getPageSource on session d94198a6aa3008d5ffaf97f92db0cb0c to remote] DEBUG org.apache.http.wire - http-outgoing-97 << "Content-Type:application/json; charset=utf-8[\r][\n]"
11:39:57.028 [Forwarding getPageSource on session d94198a6aa3008d5ffaf97f92db0cb0c to remote] DEBUG org.apache.http.wire - http-outgoing-97 << "Connection:close[\r][\n]"
11:39:57.028 [Forwarding getPageSource on session d94198a6aa3008d5ffaf97f92db0cb0c to remote] DEBUG org.apache.http.wire - http-outgoing-97 << "[\r][\n]"
11:39:57.028 [Forwarding getPageSource on session d94198a6aa3008d5ffaf97f92db0cb0c to remote] DEBUG org.apache.http.wire - http-outgoing-97 << "{"sessionId":"d94198a6aa3008d5ffaf97f92db0cb0c","status":0,"value":"\u003C!DOCTYPE html>\u003Chtml xmlns=\"http://www.w3.org/1999/xhtml\" class=\"no-js\">\u003Chead>\u003Cstyle type=\"text/css\">@charset \"UTF-8\";[ng\\:cloak],[ng-cloak],[data-ng-cloak],[x-ng-cloak],.ng-cloak,.x-ng-cloak,.ng-hide:not(.ng-hide-animate){display:none !important;}ng\\:form{display:block;}.ng-animate-shim{visibility:hidden;}.ng-anchor{position:absolute;}\u003C/style>\n    \u003Cmeta charset=\"utf-8\" />\n    \u003Ctitle>\u003C/title>\n    \u003Cmeta name=\"description\" content=\"\" />\n    \u003Cmeta name=\"viewport\" content=\"width=device-width\" />\n    \u003C!-- build:css(.) styles/vendor.css -->\n    \u003C!-- bower:css -->\n    \u003Clink rel=\"stylesheet\" href=\"bower_components/bootstrap/dist/css/bootstrap.css\" />\n    \u003Clink rel=\"stylesheet\" href=\"bower_components/angular-bootstrap-datetimepicker/src/css/datetimepicker.css\" />\n    \u003Clink rel=\"stylesheet\" href=\"bower_components/angular-dialog-service/dist/dialogs.min.css\" />\n    \u003C!-- endbower -->\n    \u003Clink rel=\"stylesheet\" href=\"bower_components/jquery-ui/themes/base/all.css\" />\n    \u003C!-- endbuild -->\n    \u003C!-- build:css(.tmp) styles/main.css -->\n    \u003Clink rel=\"stylesheet\" href=\"styles/main.css\" />\n    \u003C!-- endbuild -->\n  \u003C/head>\n  \u003Cbody ng-app=\"vouchersUiApp\" class=\"ng-scope\">\n    \u003C!--[if lt IE 7]>\n      \u003Cp class=\"browsehappy\">You are using an \u003Cstrong>outdated\u003C/strong> browser. Please \u003Ca href=\"http://browsehappy.com/\">upgrade your browser\u003C/a> to improve your experience.\u003C/p>\n    \u003C![endif]-->\n    \u003Cserver-connection>\u003Cdiv class=\"col-md-12 alert-message\">\n\u003C!-- ngRepeat: alert in alerts -->\n\u003C/div>\n\u003C/server-connection>\n    \u003C!-- Add your site or application content here -->\n    \u003Cdiv class=\"container\">\n\n        \u003C!-- ngView:  -->\u003Cdiv ng-view=\"\" class=\"body ng-scope\">\u003C!-- ngInclude: undefined -->\u003Cng-include src=\"'/views/header.html'\" class=\"ng-scope\">\u003Cdiv class=\"header ng-scope\">\n    \u003Cul class=\"nav nav-pills pull-right\">\n        \u003Cli>\u003Ca id=\"campaigns-header\" ng-href=\"#/\" class=\"campaigns\" href=\"#/\">Campaigns\u003C/a>\u003C/li>\n        \u003Cli>\u003Ca id=\"create-campaign-header\" ng-href=\"#/campaign\" class=\"campaign\" data-ng-show=\"showCreateCampaign()\" href=\"#/campaign\" style=\"\">Create Campaign\u003C/a>\u003C/li>\n        \u003Cli>\u003Ca id=\"search-vouchers-header\" ng-href=\"#/voucher\" class=\"campaign\" href=\"#/voucher\">Search Vouchers\u003C/a>\u003C/li>\n        \u003Cli>\u003Ca id=\"search-account-header\" ng-href=\"#/account\" class=\"campaign\" href=\"#/account\">Search Account\u003C/a>\u003C/li>\n    \u003C/ul>\n    \u003Ch3>\u003Ca ng-href=\"#/\" href=\"#/\">Voucher Manager\u003C/a>\u003C/h3>\n\u003C/div>\n\u003C/ng-include>\n\u003Cdiv class=\"row ng-scope ng-hide\" ng-show=\"campaignDetails.id !== undefined\">\n    \u003Cdiv class=\"col-md-6 panel\">\n        \u003Ca ng-href=\"#/campaign/\" href=\"#/campaign/\">&lt; Back\u003C/a>\n    \u003C/div>\n\u003C/div>\n\u003Cdiv class=\"row campaign create ng-scope\">\n    \u003Cdiv class=\"col-md-6\">\n        \u003Ch4 class=\"ng-binding\">Create Campaign Details\u003C/h4>\n\n        \u003Cform role=\"form\" name=\"campaignForm\" class=\"form ng-pristine ng-invalid ng-invalid-required ng-valid-maxlength ng-valid-pattern ng-valid-min ng-valid-max\">\n            \u003Cdiv class=\"form-group\" show-errors=\"\">\n                \u003Clabel for=\"campaignType\" class=\"create-only\">Type\u003C/label>\n                \u003Cselect id=\"campaignType\" name=\"campaignType\" class=\"form-control ng-pristine ng-untouched ng-invalid ng-invalid-required\" ng-model=\"campaignDetails.type\" ng-options=\"campaignType.key as campaignType.value for campaignType in campaignTypes\" required=\"\" data-ng-disabled=\"isUpdateable()\">\u003Coption value=\"?\" selected=\"selected\">\u003C/option>\u003Coption value=\"string:PROMO_CODE\" label=\"Promo Code\">Promo Code\u003C/option>\u003Coption value=\"string:SINGLE_USE_TRANSFERABLE\" label=\"Single Use Transferable\">Single Use Transferable\u003C/option>\u003Coption value=\"string:SINGLE_USE_NON_TRANSFERABLE\" label=\"Single Use Non-Transferable\">Single Use Non-Transferable\u003C/option>\u003Coption value=\"string:GIFTING\" label=\"Gifting\">Gifting\u003C/option>\u003C/select>\n            \u003C/div>\n            \u003Cdiv class=\"form-group\" show-errors=\"\">\n                \u003Clabel for=\"name\" class=\"required\">Name\u003C/label>\n                \u003Cinput type=\"text\" ng-model=\"campaignDetails.name\" length=\"25\" name=\"name\" id=\"name\" class=\"form-control ng-pristine ng-untouched ng-invalid ng-invalid-required ng-valid-maxlength\" placeholder=\"Campaign Name\" maxlength=\"50\" required=\"\" />\n            \u003C/div>\n            \u003Cdiv class=\"form-group\" show-errors=\"\">\n                \u003Clabel for=\"description\">Description\u003C/label>\n                \u003Cinput type=\"text\" ng-model=\"campaignDetails.description\" length=\"25\" name=\"description\" id=\"description\" class=\"form-control ng-pristine ng-untouched ng-valid ng-valid-maxlength\" placeholder=\"Campaign Description\" maxlength=\"120\" />\n            \u003C/div>\n            \u003Cdiv class=\"form-group\" show-errors=\"\" ng-hide=\"campaignDetails.type == 'PROMO_CODE'\">\n                \u003Clabel for=\"prefix\" class=\"create-only\">Prefix\u003C/label>\n                \u003Cinput type=\"text\" ng-model=\"campaignDetails.prefix\" length=\"25\" name=\"prefix\" id=\"prefix\" class=\"form-control ng-pristine ng-untouched ng-valid ng-valid-required ng-valid-pattern ng-valid-maxlength\" placeholder=\"Campaign Prefix 3 uppercase alphanumeric characters\" ng-pattern=\"/^[A-Z\\d]{3}$/\" maxlength=\"3\" data-ng-disabled=\"isUpdateable()\" ng-required=\"campaignDetails.type != 'PROMO_CODE'\" required=\"required\" />\n            \u003C/div>\n            \u003Cdiv class=\"form-group\" show-errors=\"\">\n                \u003Clabel for=\"pomOfferId\" class=\"required\">Pom Offer ID\u003C/label>\n                \u003Cinput type=\"text\" ng-model=\"campaignDetails.pomOfferId\" length=\"25\" name=\"pomOfferId\" id=\"pomOfferId\" class=\"form-control ng-pristine ng-untouched ng-invalid ng-invalid-required ng-valid-maxlength\" maxlength=\"255\" required=\"\" />\n            \u003C/div>\n            \u003Cdiv class=\"form-group\" show-errors=\"\">\n                \u003Clabel for=\"secondaryOfferId\">Secondary Offer ID\u003C/label>\n                \u003Cinput type=\"text\" ng-model=\"campaignDetails.secondaryOfferId\" length=\"25\" name=\"secondaryOfferId\" id=\"secondaryOfferId\" class=\"form-control ng-pristine ng-untouched ng-valid ng-valid-maxlength\" maxlength=\"50\" />\n            \u003C/div>\n            \u003Cdiv class=\"form-group\" show-errors=\"\">\n                \u003Clabel>Start\u003C/label>\n\n                \u003Cdiv class=\"dropdown\">\n                    \u003Ca class=\"dropdown-toggle\" id=\"start-dropdown\" data-toggle=\"dropdown\" aria-haspopup=\"true\" aria-expanded=\"false\">\n                        \u003C/a>\u003Cdiv class=\"input-group\">\u003Ca class=\"dropdown-toggle\" id=\"start-dropdown\" data-toggle=\"dropdown\" aria-haspopup=\"true\" aria-expanded=\"false\">\n                            \u003Cinput type=\"text\" class=\"form-control date-picker ng-pristine ng-untouched ng-valid\" name=\"start\" id=\"start\" data-ng-model=\"campaignDetails.start\" ng-change=\"checkCampaignDetailsDateValidity()\" disabled=\"\" />\n                            \u003C/a>\u003Ca class=\"input-group-addon\" ng-click=\"clearStart()\">\u003Cspan>\u003Ci class=\"glyphicon glyphicon-remove\">\u003C/i>\u003C/span>\u003C/a>\n                        \u003C/div>\n                    \n\n\n                    \u003Cul class=\"dropdown-menu\" role=\"menu\" aria-labelledby=\"dLabel\">\n        "
11:39:57.028 [Forwarding getPageSource on session d94198a6aa3008d5ffaf97f92db0cb0c to remote] DEBUG org.apache.http.headers - http-outgoing-97 << HTTP/1.1 200 OK
11:39:57.028 [Forwarding getPageSource on session d94198a6aa3008d5ffaf97f92db0cb0c to remote] DEBUG org.apache.http.headers - http-outgoing-97 << Content-Length:54763
11:39:57.028 [Forwarding getPageSource on session d94198a6aa3008d5ffaf97f92db0cb0c to remote] DEBUG org.apache.http.headers - http-outgoing-97 << Content-Type:application/json; charset=utf-8
11:39:57.028 [Forwarding getPageSource on session d94198a6aa3008d5ffaf97f92db0cb0c to remote] DEBUG org.apache.http.headers - http-outgoing-97 << Connection:close
11:39:57.028 [Forwarding getPageSource on session d94198a6aa3008d5ffaf97f92db0cb0c to remote] DEBUG org.apache.http.wire - http-outgoing-97 << "                \u003Cdiv class=\"datetimepicker table-responsive ng-isolate-scope ng-valid\" data-ng-model=\"campaignDetails.start\" data-datetimepicker-config=\"{ dropdownSelector: '#start-dropdown', minuteStep: 15 }\" data-on-set-time=\"setStartDate(newDate, oldDate)\">\u003Ctable class=\"table table-striped  day-view\">   \u003Cthead>       \u003Ctr>           \u003Cth class=\"left\" data-ng-click=\"changeView(data.currentView, data.leftDate, $event)\" data-ng-show=\"data.leftDate.selectable\">\u003Ci class=\"glyphicon glyphicon-arrow-left\">\u003C/i>\u003C/th>           \u003Cth class=\"switch ng-binding\" colspan=\"5\" data-ng-show=\"data.previousViewDate.selectable\" data-ng-click=\"changeView(data.previousView, data.previousViewDate, $event)\">2015-Sep\u003C/th>           \u003Cth class=\"right\" data-ng-click=\"changeView(data.currentView, data.rightDate, $event)\" data-ng-show=\"data.rightDate.selectable\">\u003Ci class=\"glyphicon glyphicon-arrow-right\">\u003C/i>\u003C/th>       \u003C/tr>       \u003Ctr>           \u003C!-- ngRepeat: day in data.dayNames -->\u003Cth class=\"dow ng-binding ng-scope\" data-ng-repeat=\"day in data.dayNames\">Su\u003C/th>\u003C!-- end ngRepeat: day in data.dayNames -->\u003Cth class=\"dow ng-binding ng-scope\" data-ng-repeat=\"day in data.dayNames\">Mo\u003C/th>\u003C!-- end ngRepeat: day in data.dayNames -->\u003Cth class=\"dow ng-binding ng-scope\" data-ng-repeat=\"day in data.dayNames\">Tu\u003C/th>\u003C!-- end ngRepeat: day in data.dayNames -->\u003Cth class=\"dow ng-binding ng-scope\" data-ng-repeat=\"day in data.dayNames\">We\u003C/th>\u003C!-- end ngRepeat: day in data.dayNames -->\u003Cth class=\"dow ng-binding ng-scope\" data-ng-repeat=\"day in data.dayNames\">Th\u003C/th>\u003C!-- end ngRepeat: day in data.dayNames -->\u003Cth class=\"dow ng-binding ng-scope\" data-ng-repeat=\"day in data.dayNames\">Fr\u003C/th>\u003C!-- end ngRepeat: day in data.dayNames -->\u003Cth class=\"dow ng-binding ng-scope\" data-ng-repeat=\"day in data.dayNames\">Sa\u003C/th>\u003C!-- end ngRepeat: day in data.dayNames -->       \u003C/tr>   \u003C/thead>   \u003Ctbody>       \u003C!-- ngIf: data.currentView !== 'day' -->       \u003C!-- ngRepeat: week in data.weeks -->\u003C!-- ngIf: data.currentView === 'day' -->\u003Ctr data-ng-if=\"data.currentView === 'day'\" data-ng-repeat=\"week in data.weeks\" class=\"ng-scope\">           \u003C!-- ngRepeat: dateObject in week.dates -->\u003Ctd data-ng-repeat=\"dateObject in week.dates\" data-ng-click=\"changeView(data.nextView, dateObject, $event)\" class=\"day ng-binding ng-scope past\" data-ng-class=\"{active: dateObject.active, past: dateObject.past, future: dateObject.future, disabled: !dateObject.selectable}\">30\u003C/td>\u003C!-- end ngRepeat: dateObject in week.dates -->\u003Ctd data-ng-repeat=\"dateObject in week.dates\" data-ng-click=\"changeView(data.nextView, dateObject, $event)\" class=\"day ng-binding ng-scope past\" data-ng-class=\"{active: dateObject.active, past: dateObject.past, future: dateObject.future, disabled: !dateObject.selectable}\">31\u003C/td>\u003C!-- end ngRepeat: dateObject in week.dates -->\u003Ctd data-ng-repeat=\"dateObject in week.dates\" data-ng-click=\"changeView(data.nextView, dateObject, $event)\" class=\"day ng-binding ng-scope\" data-ng-class=\"{active: dateObject.active, past: dateObject.past, future: dateObject.future, disabled: !dateObject.selectable}\">1\u003C/td>\u003C!-- end ngRepeat: dateObject in week.dates -->\u003Ctd data-ng-repeat=\"dateObject in week.dates\" data-ng-click=\"changeView(data.nextView, dateObject, $event)\" class=\"day ng-binding ng-scope\" data-ng-class=\"{active: dateObject.active, past: dateObject.past, future: dateObject.future, disabled: !dateObject.selectable}\">2\u003C/td>\u003C!-- end ngRepeat: dateObject in week.dates -->\u003Ctd data-ng-repeat=\"dateObject in week.dates\" data-ng-click=\"changeView(data.nextView, dateObject, $event)\" class=\"day ng-binding ng-scope\" data-ng-class=\"{active: dateObject.active, past: dateObject.past, future: dateObject.future, disabled: !d"
11:39:57.028 [Forwarding getPageSource on session d94198a6aa3008d5ffaf97f92db0cb0c to remote] DEBUG org.apache.http.wire - http-outgoing-97 << "ateObject.selectable}\">3\u003C/td>\u003C!-- end ngRepeat: dateObject in week.dates -->\u003Ctd data-ng-repeat=\"dateObject in week.dates\" data-ng-click=\"changeView(data.nextView, dateObject, $event)\" class=\"day ng-binding ng-scope\" data-ng-class=\"{active: dateObject.active, past: dateObject.past, future: dateObject.future, disabled: !dateObject.selectable}\">4\u003C/td>\u003C!-- end ngRepeat: dateObject in week.dates -->\u003Ctd data-ng-repeat=\"dateObject in week.dates\" data-ng-click=\"changeView(data.nextView, dateObject, $event)\" class=\"day ng-binding ng-scope\" data-ng-class=\"{active: dateObject.active, past: dateObject.past, future: dateObject.future, disabled: !dateObject.selectable}\">5\u003C/td>\u003C!-- end ngRepeat: dateObject in week.dates -->       \u003C/tr>\u003C!-- end ngIf: data.currentView === 'day' -->\u003C!-- end ngRepeat: week in data.weeks -->\u003C!-- ngIf: data.currentView === 'day' -->\u003Ctr data-ng-if=\"data.currentView === 'day'\" data-ng-repeat=\"week in data.weeks\" class=\"ng-scope\">           \u003C!-- ngRepeat: dateObject in week.dates -->\u003Ctd data-ng-repeat=\"dateObject in week.dates\" data-ng-click=\"changeView(data.nextView, dateObject, $event)\" class=\"day ng-binding ng-scope\" data-ng-class=\"{active: dateObject.active, past: dateObject.past, future: dateObject.future, disabled: !dateObject.selectable}\">6\u003C/td>\u003C!-- end ngRepeat: dateObject in week.dates -->\u003Ctd data-ng-repeat=\"dateObject in week.dates\" data-ng-click=\"changeView(data.nextView, dateObject, $event)\" class=\"day ng-binding ng-scope\" data-ng-class=\"{active: dateObject.active, past: dateObject.past, future: dateObject.future, disabled: !dateObject.selectable}\">7\u003C/td>\u003C!-- end ngRepeat: dateObject in week.dates -->\u003Ctd data-ng-repeat=\"dateObject in week.dates\" data-ng-click=\"changeView(data.nextView, dateObject, $event)\" class=\"day ng-binding ng-scope\" data-ng-class=\"{active: dateObject.active, past: dateObject.past, future: dateObject.future, disabled: !dateObject.selectable}\">8\u003C/td>\u003C!-- end ngRepeat: dateObject in week.dates -->\u003Ctd data-ng-repeat=\"dateObject in week.dates\" data-ng-click=\"changeView(data.nextView, dateObject, $event)\" class=\"day ng-binding ng-scope\" data-ng-class=\"{active: dateObject.active, past: dateObject.past, future: dateObject.future, disabled: !dateObject.selectable}\">9\u003C/td>\u003C!-- end ngRepeat: dateObject in week.dates -->\u003Ctd data-ng-repeat=\"dateObject in week.dates\" data-ng-click=\"changeView(data.nextView, dateObject, $event)\" class=\"day ng-binding ng-scope\" data-ng-class=\"{active: dateObject.active, past: dateObject.past, future: dateObject.future, disabled: !dateObject.selectable}\">10\u003C/td>\u003C!-- end ngRepeat: dateObject in week.dates -->\u003Ctd data-ng-repeat=\"dateObject in week.dates\" data-ng-click=\"changeView(data.nextView, dateObject, $event)\" class=\"day ng-binding ng-scope\" data-ng-class=\"{active: dateObject.active, past: dateObject.past, future: dateObject.future, disabled: !dateObject.selectable}\">11\u003C/td>\u003C!-- end ngRepeat: dateObject in week.dates -->\u003Ctd data-ng-repeat=\"dateObject in week.dates\" data-ng-click=\"changeView(data.nextView, dateObject, $event)\" class=\"day ng-binding ng-scope\" data-ng-class=\"{active: dateObject.active, past: dateObject.past, future: dateObject.future, disabled: !dateObject.selectable}\">12\u003C/td>\u003C!-- end ngRepeat: dateObject in week.dates -->       \u003C/tr>\u003C!-- end ngIf: data.currentView === 'day' -->\u003C!-- end ngRepeat: week in data.weeks -->\u003C!-- ngIf: data.currentView === 'day' -->\u003Ctr data-ng-if=\"data.currentView === 'day'\" data-ng-repeat=\"week in data.weeks\" class=\"ng-scope\">           \u003C!-- ngRepeat: dateObject in week.dates -->\u003Ctd data-ng-repeat=\"dateObject in week.dates\" data-ng-click=\"changeView(data.nextView, dateObject, $event)\" class=\"day ng-binding ng-scope\" data-ng-class=\"{active: dateObject.active, past: dateObject.past, future: dateObject.future, disabled: !da"
11:39:57.028 [Forwarding getPageSource on session d94198a6aa3008d5ffaf97f92db0cb0c to remote] DEBUG org.apache.http.wire - http-outgoing-97 << "teObject.selectable}\">13\u003C/td>\u003C!-- end ngRepeat: dateObject in week.dates -->\u003Ctd data-ng-repeat=\"dateObject in week.dates\" data-ng-click=\"changeView(data.nextView, dateObject, $event)\" class=\"day ng-binding ng-scope\" data-ng-class=\"{active: dateObject.active, past: dateObject.past, future: dateObject.future, disabled: !dateObject.selectable}\">14\u003C/td>\u003C!-- end ngRepeat: dateObject in week.dates -->\u003Ctd data-ng-repeat=\"dateObject in week.dates\" data-ng-click=\"changeView(data.nextView, dateObject, $event)\" class=\"day ng-binding ng-scope\" data-ng-class=\"{active: dateObject.active, past: dateObject.past, future: dateObject.future, disabled: !dateObject.selectable}\">15\u003C/td>\u003C!-- end ngRepeat: dateObject in week.dates -->\u003Ctd data-ng-repeat=\"dateObject in week.dates\" data-ng-click=\"changeView(data.nextView, dateObject, $event)\" class=\"day ng-binding ng-scope\" data-ng-class=\"{active: dateObject.active, past: dateObject.past, future: dateObject.future, disabled: !dateObject.selectable}\">16\u003C/td>\u003C!-- end ngRepeat: dateObject in week.dates -->\u003Ctd data-ng-repeat=\"dateObject in week.dates\" data-ng-click=\"changeView(data.nextView, dateObject, $event)\" class=\"day ng-binding ng-scope\" data-ng-class=\"{active: dateObject.active, past: dateObject.past, future: dateObject.future, disabled: !dateObject.selectable}\">17\u003C/td>\u003C!-- end ngRepeat: dateObject in week.dates -->\u003Ctd data-ng-repeat=\"dateObject in week.dates\" data-ng-click=\"changeView(data.nextView, dateObject, $event)\" class=\"day ng-binding ng-scope\" data-ng-class=\"{active: dateObject.active, past: dateObject.past, future: dateObject.future, disabled: !dateObject.selectable}\">18\u003C/td>\u003C!-- end ngRepeat: dateObject in week.dates -->\u003Ctd data-ng-repeat=\"dateObject in week.dates\" data-ng-click=\"changeView(data.nextView, dateObject, $event)\" class=\"day ng-binding ng-scope\" data-ng-class=\"{active: dateObject.active, past: dateObject.past, future: dateObject.future, disabled: !dateObject.selectable}\">19\u003C/td>\u003C!-- end ngRepeat: dateObject in week.dates -->       \u003C/tr>\u003C!-- end ngIf: data.currentView === 'day' -->\u003C!-- end ngRepeat: week in data.weeks -->\u003C!-- ngIf: data.currentView === 'day' -->\u003Ctr data-ng-if=\"data.currentView === 'day'\" data-ng-repeat=\"week in data.weeks\" class=\"ng-scope\">           \u003C!-- ngRepeat: dateObject in week.dates -->\u003Ctd data-ng-repeat=\"dateObject in week.dates\" data-ng-click=\"changeView(data.nextView, dateObject, $event)\" class=\"day ng-binding ng-scope\" data-ng-class=\"{active: dateObject.active, past: dateObject.past, future: dateObject.future, disabled: !dateObject.selectable}\">20\u003C/td>\u003C!-- end ngRepeat: dateObject in week.dates -->\u003Ctd data-ng-repeat=\"dateObject in week.dates\" data-ng-click=\"changeView(data.nextView, dateObject, $event)\" class=\"day ng-binding ng-scope\" data-ng-class=\"{active: dateObject.active, past: dateObject.past, future: dateObject.future, disabled: !dateObject.selectable}\">21\u003C/td>\u003C!-- end ngRepeat: dateObject in week.dates -->\u003Ctd data-ng-repeat=\"dateObject in week.dates\" data-ng-click=\"changeView(data.nextView, dateObject, $event)\" class=\"day ng-binding ng-scope\" data-ng-class=\"{active: dateObject.active, past: dateObject.past, future: dateObject.future, disabled: !dateObject.selectable}\">22\u003C/td>\u003C!-- end ngRepeat: dateObject in week.dates -->\u003Ctd data-ng-repeat=\"dateObject in week.dates\" data-ng-click=\"changeView(data.nextView, dateObject, $event)\" class=\"day ng-binding ng-scope\" data-ng-class=\"{active: dateObject.active, past: dateObject.past, future: dateObject.future, disabled: !dateObject.selectable}\">23\u003C/td>\u003C!-- end ngRepeat: dateObject in week.dates -->\u003Ctd data-ng-repeat=\"dateObject in week.dates\" data-ng-click=\"changeView(data.nextView, dateObject, $event)\" class=\"day ng-binding ng-scope\" data-ng-class=\"{active: dateObject.active, past: dateObject.past, future: dateObj"
11:39:57.028 [Forwarding getPageSource on session d94198a6aa3008d5ffaf97f92db0cb0c to remote] DEBUG org.apache.http.wire - http-outgoing-97 << "ect.future, disabled: !dateObject.selectable}\">24\u003C/td>\u003C!-- end ngRepeat: dateObject in week.dates -->\u003Ctd data-ng-repeat=\"dateObject in week.dates\" data-ng-click=\"changeView(data.nextView, dateObject, $event)\" class=\"day ng-binding ng-scope\" data-ng-class=\"{active: dateObject.active, past: dateObject.past, future: dateObject.future, disabled: !dateObject.selectable}\">25\u003C/td>\u003C!-- end ngRepeat: dateObject in week.dates -->\u003Ctd data-ng-repeat=\"dateObject in week.dates\" data-ng-click=\"changeView(data.nextView, dateObject, $event)\" class=\"day ng-binding ng-scope\" data-ng-class=\"{active: dateObject.active, past: dateObject.past, future: dateObject.future, disabled: !dateObject.selectable}\">26\u003C/td>\u003C!-- end ngRepeat: dateObject in week.dates -->       \u003C/tr>\u003C!-- end ngIf: data.currentView === 'day' -->\u003C!-- end ngRepeat: week in data.weeks -->\u003C!-- ngIf: data.currentView === 'day' -->\u003Ctr data-ng-if=\"data.currentView === 'day'\" data-ng-repeat=\"week in data.weeks\" class=\"ng-scope\">           \u003C!-- ngRepeat: dateObject in week.dates -->\u003Ctd data-ng-repeat=\"dateObject in week.dates\" data-ng-click=\"changeView(data.nextView, dateObject, $event)\" class=\"day ng-binding ng-scope\" data-ng-class=\"{active: dateObject.active, past: dateObject.past, future: dateObject.future, disabled: !dateObject.selectable}\">27\u003C/td>\u003C!-- end ngRepeat: dateObject in week.dates -->\u003Ctd data-ng-repeat=\"dateObject in week.dates\" data-ng-click=\"changeView(data.nextView, dateObject, $event)\" class=\"day ng-binding ng-scope\" data-ng-class=\"{active: dateObject.active, past: dateObject.past, future: dateObject.future, disabled: !dateObject.selectable}\">28\u003C/td>\u003C!-- end ngRepeat: dateObject in week.dates -->\u003Ctd data-ng-repeat=\"dateObject in week.dates\" data-ng-click=\"changeView(data.nextView, dateObject, $event)\" class=\"day ng-binding ng-scope\" data-ng-class=\"{active: dateObject.active, past: dateObject.past, future: dateObject.future, disabled: !dateObject.selectable}\">29\u003C/td>\u003C!-- end ngRepeat: dateObject in week.dates -->\u003Ctd data-ng-repeat=\"dateObject in week.dates\" data-ng-click=\"changeView(data.nextView, dateObject, $event)\" class=\"day ng-binding ng-scope\" data-ng-class=\"{active: dateObject.active, past: dateObject.past, future: dateObject.future, disabled: !dateObject.selectable}\">30\u003C/td>\u003C!-- end ngRepeat: dateObject in week.dates -->\u003Ctd data-ng-repeat=\"dateObject in week.dates\" data-ng-click=\"changeView(data.nextView, dateObject, $event)\" class=\"day ng-binding ng-scope future\" data-ng-class=\"{active: dateObject.active, past: dateObject.past, future: dateObject.future, disabled: !dateObject.selectable}\">1\u003C/td>\u003C!-- end ngRepeat: dateObject in week.dates -->\u003Ctd data-ng-repeat=\"dateObject in week.dates\" data-ng-click=\"changeView(data.nextView, dateObject, $event)\" class=\"day ng-binding ng-scope future\" data-ng-class=\"{active: dateObject.active, past: dateObject.past, future: dateObject.future, disabled: !dateObject.selectable}\">2\u003C/td>\u003C!-- end ngRepeat: dateObject in week.dates -->\u003Ctd data-ng-repeat=\"dateObject in week.dates\" data-ng-click=\"changeView(data.nextView, dateObject, $event)\" class=\"day ng-binding ng-scope future\" data-ng-class=\"{active: dateObject.active, past: dateObject.past, future: dateObject.future, disabled: !dateObject.selectable}\">3\u003C/td>\u003C!-- end ngRepeat: dateObject in week.dates -->       \u003C/tr>\u003C!-- end ngIf: data.currentView === 'day' -->\u003C!-- end ngRepeat: week in data.weeks -->\u003C!-- ngIf: data.currentView === 'day' -->\u003Ctr data-ng-if=\"data.currentView === 'day'\" data-ng-repeat=\"week in data.weeks\" class=\"ng-scope\">           \u003C!-- ngRepeat: dateObject in week.dates -->\u003Ctd data-ng-repeat=\"dateObject in week.dates\" data-ng-click=\"changeView(data.nextView, dateObject, $event)\" class=\"day ng-binding ng-scope future\" data-ng-class=\"{active: dateObject.active, past: d"
11:39:57.028 [Forwarding getPageSource on session d94198a6aa3008d5ffaf97f92db0cb0c to remote] DEBUG org.apache.http.wire - http-outgoing-97 << "ateObject.past, future: dateObject.future, disabled: !dateObject.selectable}\">4\u003C/td>\u003C!-- end ngRepeat: dateObject in week.dates -->\u003Ctd data-ng-repeat=\"dateObject in week.dates\" data-ng-click=\"changeView(data.nextView, dateObject, $event)\" class=\"day ng-binding ng-scope future\" data-ng-class=\"{active: dateObject.active, past: dateObject.past, future: dateObject.future, disabled: !dateObject.selectable}\">5\u003C/td>\u003C!-- end ngRepeat: dateObject in week.dates -->\u003Ctd data-ng-repeat=\"dateObject in week.dates\" data-ng-click=\"changeView(data.nextView, dateObject, $event)\" class=\"day ng-binding ng-scope future\" data-ng-class=\"{active: dateObject.active, past: dateObject.past, future: dateObject.future, disabled: !dateObject.selectable}\">6\u003C/td>\u003C!-- end ngRepeat: dateObject in week.dates -->\u003Ctd data-ng-repeat=\"dateObject in week.dates\" data-ng-click=\"changeView(data.nextView, dateObject, $event)\" class=\"day ng-binding ng-scope future\" data-ng-class=\"{active: dateObject.active, past: dateObject.past, future: dateObject.future, disabled: !dateObject.selectable}\">7\u003C/td>\u003C!-- end ngRepeat: dateObject in week.dates -->\u003Ctd data-ng-repeat=\"dateObject in week.dates\" data-ng-click=\"changeView(data.nextView, dateObject, $event)\" class=\"day ng-binding ng-scope future\" data-ng-class=\"{active: dateObject.active, past: dateObject.past, future: dateObject.future, disabled: !dateObject.selectable}\">8\u003C/td>\u003C!-- end ngRepeat: dateObject in week.dates -->\u003Ctd data-ng-repeat=\"dateObject in week.dates\" data-ng-click=\"changeView(data.nextView, dateObject, $event)\" class=\"day ng-binding ng-scope future\" data-ng-class=\"{active: dateObject.active, past: dateObject.past, future: dateObject.future, disabled: !dateObject.selectable}\">9\u003C/td>\u003C!-- end ngRepeat: dateObject in week.dates -->\u003Ctd data-ng-repeat=\"dateObject in week.dates\" data-ng-click=\"changeView(data.nextView, dateObject, $event)\" class=\"day ng-binding ng-scope future\" data-ng-class=\"{active: dateObject.active, past: dateObject.past, future: dateObject.future, disabled: !dateObject.selectable}\">10\u003C/td>\u003C!-- end ngRepeat: dateObject in week.dates -->       \u003C/tr>\u003C!-- end ngIf: data.currentView === 'day' -->\u003C!-- end ngRepeat: week in data.weeks -->   \u003C/tbody>\u003C/table>\u003C/div>\n                    \u003C/ul>\n                \u003C/div>\n            \u003C/div>\n            \u003Cdiv class=\"form-group\" show-errors=\"\">\n                \u003Clabel>End\u003C/label>\n\n                \u003Cdiv class=\"dropdown\">\n                    \u003Ca class=\"dropdown-toggle\" id=\"end-dropdown\" role=\"button\" data-toggle=\"dropdown\" aria-haspopup=\"true\" aria-expanded=\"false\">\n                        \u003C/a>\u003Cdiv class=\"input-group\">\u003Ca class=\"dropdown-toggle\" id=\"end-dropdown\" role=\"button\" data-toggle=\"dropdown\" aria-haspopup=\"true\" aria-expanded=\"false\">\n                            \u003Cinput type=\"text\" class=\"form-control date-picker ng-pristine ng-untouched ng-valid\" name=\"end\" id=\"end\" data-ng-model=\"campaignDetails.end\" ng-change=\"checkCampaignDetailsDateValidity()\" disabled=\"\" />\n                            \u003C/a>\u003Ca class=\"input-group-addon\" ng-click=\"clearEnd()\">\u003Cspan>\u003Ci class=\"glyphicon glyphicon-remove\">\u003C/i>\u003C/span>\u003C/a>\n                        \u003C/div>\n                    \n                    \u003Cul class=\"dropdown-menu\" role=\"menu\" aria-labelledby=\"dLabel\">\n                        \u003Cdiv class=\"datetimepicker table-responsive ng-isolate-scope ng-valid\" data-ng-model=\"campaignDetails.end\" data-datetimepicker-config=\"{ dropdownSelector: '#end-dropdown', minuteStep: 15 }\" data-on-set-time=\"setEndDate(newDate, oldDate)\">\u003Ctable class=\"table table-striped  day-view\">   \u003Cthead>       \u003Ctr>           \u003Cth class=\"left\" data-ng-click=\"changeView(data.currentView, data.leftDate, $event)\" data-ng-show=\"data.l"
11:39:57.029 [Forwarding getPageSource on session d94198a6aa3008d5ffaf97f92db0cb0c to remote] DEBUG org.apache.http.wire - http-outgoing-97 << "eftDate.selectable\">\u003Ci class=\"glyphicon glyphicon-arrow-left\">\u003C/i>\u003C/th>           \u003Cth class=\"switch ng-binding\" colspan=\"5\" data-ng-show=\"data.previousViewDate.selectable\" data-ng-click=\"changeView(data.previousView, data.previousViewDate, $event)\">2015-Sep\u003C/th>           \u003Cth class=\"right\" data-ng-click=\"changeView(data.currentView, data.rightDate, $event)\" data-ng-show=\"data.rightDate.selectable\">\u003Ci class=\"glyphicon glyphicon-arrow-right\">\u003C/i>\u003C/th>       \u003C/tr>       \u003Ctr>           \u003C!-- ngRepeat: day in data.dayNames -->\u003Cth class=\"dow ng-binding ng-scope\" data-ng-repeat=\"day in data.dayNames\">Su\u003C/th>\u003C!-- end ngRepeat: day in data.dayNames -->\u003Cth class=\"dow ng-binding ng-scope\" data-ng-repeat=\"day in data.dayNames\">Mo\u003C/th>\u003C!-- end ngRepeat: day in data.dayNames -->\u003Cth class=\"dow ng-binding ng-scope\" data-ng-repeat=\"day in data.dayNames\">Tu\u003C/th>\u003C!-- end ngRepeat: day in data.dayNames -->\u003Cth class=\"dow ng-binding ng-scope\" data-ng-repeat=\"day in data.dayNames\">We\u003C/th>\u003C!-- end ngRepeat: day in data.dayNames -->\u003Cth class=\"dow ng-binding ng-scope\" data-ng-repeat=\"day in data.dayNames\">Th\u003C/th>\u003C!-- end ngRepeat: day in data.dayNames -->\u003Cth class=\"dow ng-binding ng-scope\" data-ng-repeat=\"day in data.dayNames\">Fr\u003C/th>\u003C!-- end ngRepeat: day in data.dayNames -->\u003Cth class=\"dow ng-binding ng-scope\" data-ng-repeat=\"day in data.dayNames\">Sa\u003C/th>\u003C!-- end ngRepeat: day in data.dayNames -->       \u003C/tr>   \u003C/thead>   \u003Ctbody>       \u003C!-- ngIf: data.currentView !== 'day' -->       \u003C!-- ngRepeat: week in data.weeks -->\u003C!-- ngIf: data.currentView === 'day' -->\u003Ctr data-ng-if=\"data.currentView === 'day'\" data-ng-repeat=\"week in data.weeks\" class=\"ng-scope\">           \u003C!-- ngRepeat: dateObject in week.dates -->\u003Ctd data-ng-repeat=\"dateObject in week.dates\" data-ng-click=\"changeView(data.nextView, dateObject, $event)\" class=\"day ng-binding ng-scope past\" data-ng-class=\"{active: dateObject.active, past: dateObject.past, future: dateObject.future, disabled: !dateObject.selectable}\">30\u003C/td>\u003C!-- end ngRepeat: dateObject in week.dates -->\u003Ctd data-ng-repeat=\"dateObject in week.dates\" data-ng-click=\"changeView(data.nextView, dateObject, $event)\" class=\"day ng-binding ng-scope past\" data-ng-class=\"{active: dateObject.active, past: dateObject.past, future: dateObject.future, disabled: !dateObject.selectable}\">31\u003C/td>\u003C!-- end ngRepeat: dateObject in week.dates -->\u003Ctd data-ng-repeat=\"dateObject in week.dates\" data-ng-click=\"changeView(data.nextView, dateObject, $event)\" class=\"day ng-binding ng-scope\" data-ng-class=\"{active: dateObject.active, past: dateObject.past, future: dateObject.future, disabled: !dateObject.selectable}\">1\u003C/td>\u003C!-- end ngRepeat: dateObject in week.dates -->\u003Ctd data-ng-repeat=\"dateObject in week.dates\" data-ng-click=\"changeView(data.nextView, dateObject, $event)\" class=\"day ng-binding ng-scope\" data-ng-class=\"{active: dateObject.active, past: dateObject.past, future: dateObject.future, disabled: !dateObject.selectable}\">2\u003C/td>\u003C!-- end ngRepeat: dateObject in week.dates -->\u003Ctd data-ng-repeat=\"dateObject in week.dates\" data-ng-click=\"changeView(data.nextView, dateObject, $event)\" class=\"day ng-binding ng-scope\" data-ng-class=\"{active: dateObject.active, past: dateObject.past, future: dateObject.future, disabled: !dateObject.selectable}\">3\u003C/td>\u003C!-- end ngRepeat: dateObject in week.dates -->\u003Ctd data-ng-repeat=\"dateObject in week.dates\" data-ng-click=\"changeView(data.nextView, dateObject, $event)\" class=\"day ng-binding ng-scope\" data-ng-class=\"{active: dateObject.active, past: dateObject.past, future: dateObject.future, disabled: !dateObject.selectable}\">4\u003C/td>\u003C!-- end ngRepeat: dateObject in week.dates -->\u003Ctd data-ng-repeat=\"dateObject in week.dates\"
11:39:57.029 [Forwarding getPageSource on session d94198a6aa3008d5ffaf97f92db0cb0c to remote] DEBUG org.apache.http.wire - http-outgoing-97 << "" data-ng-click=\"changeView(data.nextView, dateObject, $event)\" class=\"day ng-binding ng-scope\" data-ng-class=\"{active: dateObject.active, past: dateObject.past, future: dateObject.future, disabled: !dateObject.selectable}\">5\u003C/td>\u003C!-- end ngRepeat: dateObject in week.dates -->       \u003C/tr>\u003C!-- end ngIf: data.currentView === 'day' -->\u003C!-- end ngRepeat: week in data.weeks -->\u003C!-- ngIf: data.currentView === 'day' -->\u003Ctr data-ng-if=\"data.currentView === 'day'\" data-ng-repeat=\"week in data.weeks\" class=\"ng-scope\">           \u003C!-- ngRepeat: dateObject in week.dates -->\u003Ctd data-ng-repeat=\"dateObject in week.dates\" data-ng-click=\"changeView(data.nextView, dateObject, $event)\" class=\"day ng-binding ng-scope\" data-ng-class=\"{active: dateObject.active, past: dateObject.past, future: dateObject.future, disabled: !dateObject.selectable}\">6\u003C/td>\u003C!-- end ngRepeat: dateObject in week.dates -->\u003Ctd data-ng-repeat=\"dateObject in week.dates\" data-ng-click=\"changeView(data.nextView, dateObject, $event)\" class=\"day ng-binding ng-scope\" data-ng-class=\"{active: dateObject.active, past: dateObject.past, future: dateObject.future, disabled: !dateObject.selectable}\">7\u003C/td>\u003C!-- end ngRepeat: dateObject in week.dates -->\u003Ctd data-ng-repeat=\"dateObject in week.dates\" data-ng-click=\"changeView(data.nextView, dateObject, $event)\" class=\"day ng-binding ng-scope\" data-ng-class=\"{active: dateObject.active, past: dateObject.past, future: dateObject.future, disabled: !dateObject.selectable}\">8\u003C/td>\u003C!-- end ngRepeat: dateObject in week.dates -->\u003Ctd data-ng-repeat=\"dateObject in week.dates\" data-ng-click=\"changeView(data.nextView, dateObject, $event)\" class=\"day ng-binding ng-scope\" data-ng-class=\"{active: dateObject.active, past: dateObject.past, future: dateObject.future, disabled: !dateObject.selectable}\">9\u003C/td>\u003C!-- end ngRepeat: dateObject in week.dates -->\u003Ctd data-ng-repeat=\"dateObject in week.dates\" data-ng-click=\"changeView(data.nextView, dateObject, $event)\" class=\"day ng-binding ng-scope\" data-ng-class=\"{active: dateObject.active, past: dateObject.past, future: dateObject.future, disabled: !dateObject.selectable}\">10\u003C/td>\u003C!-- end ngRepeat: dateObject in week.dates -->\u003Ctd data-ng-repeat=\"dateObject in week.dates\" data-ng-click=\"changeView(data.nextView, dateObject, $event)\" class=\"day ng-binding ng-scope\" data-ng-class=\"{active: dateObject.active, past: dateObject.past, future: dateObject.future, disabled: !dateObject.selectable}\">11\u003C/td>\u003C!-- end ngRepeat: dateObject in week.dates -->\u003Ctd data-ng-repeat=\"dateObject in week.dates\" data-ng-click=\"changeView(data.nextView, dateObject, $event)\" class=\"day ng-binding ng-scope\" data-ng-class=\"{active: dateObject.active, past: dateObject.past, future: dateObject.future, disabled: !dateObject.selectable}\">12\u003C/td>\u003C!-- end ngRepeat: dateObject in week.dates -->       \u003C/tr>\u003C!-- end ngIf: data.currentView === 'day' -->\u003C!-- end ngRepeat: week in data.weeks -->\u003C!-- ngIf: data.currentView === 'day' -->\u003Ctr data-ng-if=\"data.currentView === 'day'\" data-ng-repeat=\"week in data.weeks\" class=\"ng-scope\">           \u003C!-- ngRepeat: dateObject in week.dates -->\u003Ctd data-ng-repeat=\"dateObject in week.dates\" data-ng-click=\"changeView(data.nextView, dateObject, $event)\" class=\"day ng-binding ng-scope\" data-ng-class=\"{active: dateObject.active, past: dateObject.past, future: dateObject.future, disabled: !dateObject.selectable}\">13\u003C/td>\u003C!-- end ngRepeat: dateObject in week.dates -->\u003Ctd data-ng-repeat=\"dateObject in week.dates\" data-ng-click=\"changeView(data.nextView, dateObject, $event)\" class=\"day ng-binding ng-scope\" data-ng-class=\"{active: dateObject.active, past: dateObject.past, future: dateObject.future, disabled: !dateObject.selectable}\">14\u003C/td>\u003C!-- end ngRepeat: dateObject in week.dates -->\u003Ctd data-ng-repeat=\"dateObject in week.dates"
11:39:57.029 [Forwarding getPageSource on session d94198a6aa3008d5ffaf97f92db0cb0c to remote] DEBUG org.apache.http.wire - http-outgoing-97 << "\" data-ng-click=\"changeView(data.nextView, dateObject, $event)\" class=\"day ng-binding ng-scope\" data-ng-class=\"{active: dateObject.active, past: dateObject.past, future: dateObject.future, disabled: !dateObject.selectable}\">15\u003C/td>\u003C!-- end ngRepeat: dateObject in week.dates -->\u003Ctd data-ng-repeat=\"dateObject in week.dates\" data-ng-click=\"changeView(data.nextView, dateObject, $event)\" class=\"day ng-binding ng-scope\" data-ng-class=\"{active: dateObject.active, past: dateObject.past, future: dateObject.future, disabled: !dateObject.selectable}\">16\u003C/td>\u003C!-- end ngRepeat: dateObject in week.dates -->\u003Ctd data-ng-repeat=\"dateObject in week.dates\" data-ng-click=\"changeView(data.nextView, dateObject, $event)\" class=\"day ng-binding ng-scope\" data-ng-class=\"{active: dateObject.active, past: dateObject.past, future: dateObject.future, disabled: !dateObject.selectable}\">17\u003C/td>\u003C!-- end ngRepeat: dateObject in week.dates -->\u003Ctd data-ng-repeat=\"dateObject in week.dates\" data-ng-click=\"changeView(data.nextView, dateObject, $event)\" class=\"day ng-binding ng-scope\" data-ng-class=\"{active: dateObject.active, past: dateObject.past, future: dateObject.future, disabled: !dateObject.selectable}\">18\u003C/td>\u003C!-- end ngRepeat: dateObject in week.dates -->\u003Ctd data-ng-repeat=\"dateObject in week.dates\" data-ng-click=\"changeView(data.nextView, dateObject, $event)\" class=\"day ng-binding ng-scope\" data-ng-class=\"{active: dateObject.active, past: dateObject.past, future: dateObject.future, disabled: !dateObject.selectable}\">19\u003C/td>\u003C!-- end ngRepeat: dateObject in week.dates -->       \u003C/tr>\u003C!-- end ngIf: data.currentView === 'day' -->\u003C!-- end ngRepeat: week in data.weeks -->\u003C!-- ngIf: data.currentView === 'day' -->\u003Ctr data-ng-if=\"data.currentView === 'day'\" data-ng-repeat=\"week in data.weeks\" class=\"ng-scope\">           \u003C!-- ngRepeat: dateObject in week.dates -->\u003Ctd data-ng-repeat=\"dateObject in week.dates\" data-ng-click=\"changeView(data.nextView, dateObject, $event)\" class=\"day ng-binding ng-scope\" data-ng-class=\"{active: dateObject.active, past: dateObject.past, future: dateObject.future, disabled: !dateObject.selectable}\">20\u003C/td>\u003C!-- end ngRepeat: dateObject in week.dates -->\u003Ctd data-ng-repeat=\"dateObject in week.dates\" data-ng-click=\"changeView(data.nextView, dateObject, $event)\" class=\"day ng-binding ng-scope\" data-ng-class=\"{active: dateObject.active, past: dateObject.past, future: dateObject.future, disabled: !dateObject.selectable}\">21\u003C/td>\u003C!-- end ngRepeat: dateObject in week.dates -->\u003Ctd data-ng-repeat=\"dateObject in week.dates\" data-ng-click=\"changeView(data.nextView, dateObject, $event)\" class=\"day ng-binding ng-scope\" data-ng-class=\"{active: dateObject.active, past: dateObject.past, future: dateObject.future, disabled: !dateObject.selectable}\">22\u003C/td>\u003C!-- end ngRepeat: dateObject in week.dates -->\u003Ctd data-ng-repeat=\"dateObject in week.dates\" data-ng-click=\"changeView(data.nextView, dateObject, $event)\" class=\"day ng-binding ng-scope\" data-ng-class=\"{active: dateObject.active, past: dateObject.past, future: dateObject.future, disabled: !dateObject.selectable}\">23\u003C/td>\u003C!-- end ngRepeat: dateObject in week.dates -->\u003Ctd data-ng-repeat=\"dateObject in week.dates\" data-ng-click=\"changeView(data.nextView, dateObject, $event)\" class=\"day ng-binding ng-scope\" data-ng-class=\"{active: dateObject.active, past: dateObject.past, future: dateObject.future, disabled: !dateObject.selectable}\">24\u003C/td>\u003C!-- end ngRepeat: dateObject in week.dates -->\u003Ctd data-ng-repeat=\"dateObject in week.dates\" data-ng-click=\"changeView(data.nextView, dateObject, $event)\" class=\"day ng-binding ng-scope\" data-ng-class=\"{active: dateObject.active, past: dateObject.past, future: dateObject.future, disabled: !dateObject.selectable}\">25\u003C/td>\u003C!-- end ngRepeat: dateObject in week.dates -->\u003Ctd data-ng-repeat=\"
11:39:57.029 [Forwarding getPageSource on session d94198a6aa3008d5ffaf97f92db0cb0c to remote] DEBUG org.apache.http.wire - http-outgoing-97 << ""dateObject in week.dates\" data-ng-click=\"changeView(data.nextView, dateObject, $event)\" class=\"day ng-binding ng-scope\" data-ng-class=\"{active: dateObject.active, past: dateObject.past, future: dateObject.future, disabled: !dateObject.selectable}\">26\u003C/td>\u003C!-- end ngRepeat: dateObject in week.dates -->       \u003C/tr>\u003C!-- end ngIf: data.currentView === 'day' -->\u003C!-- end ngRepeat: week in data.weeks -->\u003C!-- ngIf: data.currentView === 'day' -->\u003Ctr data-ng-if=\"data.currentView === 'day'\" data-ng-repeat=\"week in data.weeks\" class=\"ng-scope\">           \u003C!-- ngRepeat: dateObject in week.dates -->\u003Ctd data-ng-repeat=\"dateObject in week.dates\" data-ng-click=\"changeView(data.nextView, dateObject, $event)\" class=\"day ng-binding ng-scope\" data-ng-class=\"{active: dateObject.active, past: dateObject.past, future: dateObject.future, disabled: !dateObject.selectable}\">27\u003C/td>\u003C!-- end ngRepeat: dateObject in week.dates -->\u003Ctd data-ng-repeat=\"dateObject in week.dates\" data-ng-click=\"changeView(data.nextView, dateObject, $event)\" class=\"day ng-binding ng-scope\" data-ng-class=\"{active: dateObject.active, past: dateObject.past, future: dateObject.future, disabled: !dateObject.selectable}\">28\u003C/td>\u003C!-- end ngRepeat: dateObject in week.dates -->\u003Ctd data-ng-repeat=\"dateObject in week.dates\" data-ng-click=\"changeView(data.nextView, dateObject, $event)\" class=\"day ng-binding ng-scope\" data-ng-class=\"{active: dateObject.active, past: dateObject.past, future: dateObject.future, disabled: !dateObject.selectable}\">29\u003C/td>\u003C!-- end ngRepeat: dateObject in week.dates -->\u003Ctd data-ng-repeat=\"dateObject in week.dates\" data-ng-click=\"changeView(data.nextView, dateObject, $event)\" class=\"day ng-binding ng-scope\" data-ng-class=\"{active: dateObject.active, past: dateObject.past, future: dateObject.future, disabled: !dateObject.selectable}\">30\u003C/td>\u003C!-- end ngRepeat: dateObject in week.dates -->\u003Ctd data-ng-repeat=\"dateObject in week.dates\" data-ng-click=\"changeView(data.nextView, dateObject, $event)\" class=\"day ng-binding ng-scope future\" data-ng-class=\"{active: dateObject.active, past: dateObject.past, future: dateObject.future, disabled: !dateObject.selectable}\">1\u003C/td>\u003C!-- end ngRepeat: dateObject in week.dates -->\u003Ctd data-ng-repeat=\"dateObject in week.dates\" data-ng-click=\"changeView(data.nextView, dateObject, $event)\" class=\"day ng-binding ng-scope future\" data-ng-class=\"{active: dateObject.active, past: dateObject.past, future: dateObject.future, disabled: !dateObject.selectable}\">2\u003C/td>\u003C!-- end ngRepeat: dateObject in week.dates -->\u003Ctd data-ng-repeat=\"dateObject in week.dates\" data-ng-click=\"changeView(data.nextView, dateObject, $event)\" class=\"day ng-binding ng-scope future\" data-ng-class=\"{active: dateObject.active, past: dateObject.past, future: dateObject.future, disabled: !dateObject.selectable}\">3\u003C/td>\u003C!-- end ngRepeat: dateObject in week.dates -->       \u003C/tr>\u003C!-- end ngIf: data.currentView === 'day' -->\u003C!-- end ngRepeat: week in data.weeks -->\u003C!-- ngIf: data.currentView === 'day' -->\u003Ctr data-ng-if=\"data.currentView === 'day'\" data-ng-repeat=\"week in data.weeks\" class=\"ng-scope\">           \u003C!-- ngRepeat: dateObject in week.dates -->\u003Ctd data-ng-repeat=\"dateObject in week.dates\" data-ng-click=\"changeView(data.nextView, dateObject, $event)\" class=\"day ng-binding ng-scope future\" data-ng-class=\"{active: dateObject.active, past: dateObject.past, future: dateObject.future, disabled: !dateObject.selectable}\">4\u003C/td>\u003C!-- end ngRepeat: dateObject in week.dates -->\u003Ctd data-ng-repeat=\"dateObject in week.dates\" data-ng-click=\"changeView(data.nextView, dateObject, $event)\" class=\"day ng-binding ng-scope future\" data-ng-class=\"{active: dateObject.active, past: dateObject.past, future: dateObject.future, disabled: !dateObject.selectable}\">5\u003C/td>\u003C!-- end ngRepeat: dateObject in wee"
11:39:57.029 [Forwarding getPageSource on session d94198a6aa3008d5ffaf97f92db0cb0c to remote] DEBUG org.apache.http.wire - http-outgoing-97 << "k.dates -->\u003Ctd data-ng-repeat=\"dateObject in week.dates\" data-ng-click=\"changeView(data.nextView, dateObject, $event)\" class=\"day ng-binding ng-scope future\" data-ng-class=\"{active: dateObject.active, past: dateObject.past, future: dateObject.future, disabled: !dateObject.selectable}\">6\u003C/td>\u003C!-- end ngRepeat: dateObject in week.dates -->\u003Ctd data-ng-repeat=\"dateObject in week.dates\" data-ng-click=\"changeView(data.nextView, dateObject, $event)\" class=\"day ng-binding ng-scope future\" data-ng-class=\"{active: dateObject.active, past: dateObject.past, future: dateObject.future, disabled: !dateObject.selectable}\">7\u003C/td>\u003C!-- end ngRepeat: dateObject in week.dates -->\u003Ctd data-ng-repeat=\"dateObject in week.dates\" data-ng-click=\"changeView(data.nextView, dateObject, $event)\" class=\"day ng-binding ng-scope future\" data-ng-class=\"{active: dateObject.active, past: dateObject.past, future: dateObject.future, disabled: !dateObject.selectable}\">8\u003C/td>\u003C!-- end ngRepeat: dateObject in week.dates -->\u003Ctd data-ng-repeat=\"dateObject in week.dates\" data-ng-click=\"changeView(data.nextView, dateObject, $event)\" class=\"day ng-binding ng-scope future\" data-ng-class=\"{active: dateObject.active, past: dateObject.past, future: dateObject.future, disabled: !dateObject.selectable}\">9\u003C/td>\u003C!-- end ngRepeat: dateObject in week.dates -->\u003Ctd data-ng-repeat=\"dateObject in week.dates\" data-ng-click=\"changeView(data.nextView, dateObject, $event)\" class=\"day ng-binding ng-scope future\" data-ng-class=\"{active: dateObject.active, past: dateObject.past, future: dateObject.future, disabled: !dateObject.selectable}\">10\u003C/td>\u003C!-- end ngRepeat: dateObject in week.dates -->       \u003C/tr>\u003C!-- end ngIf: data.currentView === 'day' -->\u003C!-- end ngRepeat: week in data.weeks -->   \u003C/tbody>\u003C/table>\u003C/div>\n                    \u003C/ul>\n                \u003C/div>\n            \u003C/div>\n            \u003Cdiv class=\"form-group\" show-errors=\"\">\n                \u003Clabel for=\"cap\">Redemption Cap\u003C/label>\n                \u003Cinput type=\"number\" ng-model=\"campaignDetails.cap\" length=\"25\" min=\"1\" max=\"5000000\" name=\"cap\" id=\"cap\" class=\"form-control ng-pristine ng-untouched ng-valid ng-valid-min ng-valid-max\" placeholder=\"Maximum Capacity of Campaign\" />\n            \u003C/div>\n            \u003Cdiv class=\"form-group options ng-hide\" ng-hide=\"!isUpdateable() || campaignDetails.type === 'GIFTING'\">\n                \u003Clabel>Voucher Creation Lock (For CSRs)\u003C/label>\n                \u003Clabel for=\"lock-voucher-false\" class=\"normal\">Unlocked\n                    \u003Cinput type=\"radio\" ng-model=\"campaignDetails.voucherCreationLock\" value=\"false\" name=\"voucherCreationLock\" id=\"lock-voucher-false\" ng-value=\"false\" data-ng-disabled=\"!isUpdateable() || campaignDetails.type === 'GIFTING'\" class=\"ng-pristine ng-untouched ng-valid\" disabled=\"disabled\" />\n                \u003C/label>\n                \u003Clabel for=\"lock-voucher-true\" class=\"normal\">Locked\n                    \u003Cinput type=\"radio\" ng-model=\"campaignDetails.voucherCreationLock\" value=\"true\" name=\"voucherCreationLock\" id=\"lock-voucher-true\" ng-value=\"true\" data-ng-disabled=\"!isUpdateable() || campaignDetails.type === 'GIFTING'\" class=\"ng-pristine ng-untouched ng-valid\" disabled=\"disabled\" />\n                \u003C/label>\n            \u003C/div>\n            \u003Cdiv class=\"form-group options ng-hide\" ng-hide=\"controllerAction == 'Create'\">\n                \u003Clabel>Campaign State\u003C/label>\n                \u003Clabel for=\"cancelled-false\" class=\"normal\">Active\n                    \u003Cinput type=\"radio\" ng-model=\"campaignDetails.cancelled\" value=\"false\" name=\"cancelled\" id=\"cancelled-false\" ng-value=\"false\" class=\"ng-pristine ng-untouched ng-valid\" />\n                \u003C/label>\n                \u003Clabel for=\"cancelled-true\" class=\"normal\">Canc"
11:39:57.029 [Forwarding getPageSource on session d94198a6aa3008d5ffaf97f92db0cb0c to remote] DEBUG org.apache.http.wire - http-outgoing-97 << "elled\n                    \u003Cinput type=\"radio\" ng-model=\"campaignDetails.cancelled\" value=\"true\" name=\"cancelled\" id=\"cancelled-true\" ng-value=\"true\" class=\"ng-pristine ng-untouched ng-valid\" />\n                \u003C/label>\n            \u003C/div>\n            \u003Cbutton name=\"submit\" class=\"btn btn-primary pull-right update-details-btn ng-binding\" ng-click=\"campaignForm.$valid &amp;&amp; submitCampaign()\" ng-disabled=\"!campaignForm.$valid || hasFormNotChanged()\" disabled=\"disabled\">\n            Create Campaign\n            \u003C/button>\n        \u003C/form>\n        \u003Cmessages>\u003Cdiv class=\"messages\">\n  \u003Cdiv class=\"success ng-binding\">\u003C/div>\n  \u003Cdiv class=\"error ng-binding\">\u003C/div>\n  \u003Cdiv class=\"col-md-12 ng-binding ng-hide\" ng-show=\"generatedVoucher\" style=\"\">\n    \u003Cb>Created Voucher Code\u003C/b>: \n  \u003C/div>\n\u003C/div>\n\u003C/messages>\n    \u003C/div>\n\n\u003C/div>\n\u003C/div>\n        \u003Cdiv class=\"footer\">\u003C/div>\n    \u003C/div>\n\n    \u003C!-- build:js(.) scripts/ie-include.js -->\n        \u003C!--[if lt IE 9]>\n            \u003Cscript src=\"bower_components/es5-shim/es5-shim.js\">\u003C/script>\n            \u003Cscript src=\"bower_components/json3/lib/json3.min.js\">\u003C/script>\n            \u003Cscript src=\"bower_components/respond/dest/respond.src.js\">\u003C/script>\n        \u003C![endif]-->\n    \u003C!-- endbuild -->\n\n    \u003C!-- build:js(.) scripts/vendor.js -->\n    \u003C!-- bower:js -->\n    \u003Cscript src=\"bower_components/jquery/dist/jquery.js\">\u003C/script>\n    \u003Cscript src=\"bower_components/angular/angular.js\">\u003C/script>\n    \u003Cscript src=\"bower_components/json3/lib/json3.js\">\u003C/script>\n    \u003Cscript src=\"bower_components/bootstrap/dist/js/bootstrap.js\">\u003C/script>\n    \u003Cscript src=\"bower_components/angular-resource/angular-resource.js\">\u003C/script>\n    \u003Cscript src=\"bower_components/angular-sanitize/angular-sanitize.js\">\u003C/script>\n    \u003Cscript src=\"bower_components/angular-animate/angular-animate.js\">\u003C/script>\n    \u003Cscript src=\"bower_components/angular-route/angular-route.js\">\u003C/script>\n    \u003Cscript src=\"bower_components/moment/moment.js\">\u003C/script>\n    \u003Cscript src=\"bower_components/angular-bootstrap-show-errors/src/showErrors.js\">\u003C/script>\n    \u003Cscript src=\"bower_components/angular-bootstrap-datetimepicker/src/js/datetimepicker.js\">\u003C/script>\n    \u003Cscript src=\"bower_components/jquery-ui/jquery-ui.js\">\u003C/script>\n    \u003Cscript src=\"bower_components/FileSaver/FileSaver.js\">\u003C/script>\n    \u003Cscript src=\"bower_components/underscore/underscore.js\">\u003C/script>\n    \u003Cscript src=\"bower_components/angular-bootstrap/ui-bootstrap-tpls.js\">\u003C/script>\n    \u003Cscript src=\"bower_components/angular-translate/angular-translate.js\">\u003C/script>\n    \u003Cscript src=\"bower_components/angular-dialog-service/dist/dialogs.min.js\">\u003C/script>\n    \u003Cscript src=\"bower_components/angular-dialog-service/dist/dialogs-default-translations.min.js\">\u003C/script>\n    \u003Cscript src=\"bower_components/angular-utils-pagination/dirPagination.js\">\u003C/script>\n    \u003C!-- endbower -->\n    \u003C!-- endbuild -->\n\n    \u003C!-- build:js({.tmp,app}) scripts/scripts.js -->\n    \u003Cscript src=\"scripts/app.js\">\u003C/script>\n    \u003Cscript src=\"scripts/config/config.js\">\u003C/script>\n    \u003Cscript src=\"scripts/services/base-http-service.js\">\u003C/script>\n    \u003Cscript src=\"scripts/services/voucher-service.js\">\u003C/script>\n    \u003Cscript src=\"scripts/services/campaign-service.js\">\u003C/script>\n    \u003Cscript src=\"scripts/services/history-service.js\">\u003C/script>\n    \u003Cscript src=\"scripts/services/promo-service.js\">\u003C/script>\n    \u003Cscript src=\"scripts/services/date-service.js\">\u003C/script>\n    \u003Cscript src=\"scripts/services/root-service.js\">\u003C/script>\n    \u003Cscript src="
11:39:57.029 [Forwarding getPageSource on session d94198a6aa3008d5ffaf97f92db0cb0c to remote] DEBUG org.apache.http.wire - http-outgoing-97 << "\"scripts/services/hateoas-service-util.js\">\u003C/script>\n    \u003Cscript src=\"scripts/controllers/promo-controller.js\">\u003C/script>\n    \u003Cscript src=\"scripts/controllers/campaign-controller.js\">\u003C/script>\n    \u003Cscript src=\"scripts/controllers/status-controller.js\">\u003C/script>\n    \u003Cscript src=\"scripts/controllers/audit-history-controller.js\">\u003C/script>\n    \u003Cscript src=\"scripts/controllers/voucher-controller.js\">\u003C/script>\n    \u003Cscript src=\"scripts/controllers/account-controller.js\">\u003C/script>\n    \u003Cscript src=\"scripts/controllers/campaign-list-controller.js\">\u003C/script>\n    \u003Cscript src=\"scripts/directives/campaign-directive.js\">\u003C/script>\n    \u003Cscript src=\"scripts/directives/voucher-directive.js\">\u003C/script>\n    \u003Cscript src=\"scripts/directives/single-use-voucher-directive.js\">\u003C/script>\n    \u003Cscript src=\"scripts/directives/server-connection-directive.js\">\u003C/script>\n    \u003Cscript src=\"scripts/directives/promocode-directive.js\">\u003C/script>\n    \u003Cscript src=\"scripts/directives/voucher-batch-directive.js\">\u003C/script>\n    \u003Cscript src=\"scripts/filters/account-filter.js\">\u003C/script>\n\n    \u003C!-- endbuild -->\n\n    \u003Cscript src=\"/config\">\u003C/script>\n\n\u003Cscript>//&lt;![CDATA[\ndocument.write('&lt;script src=\"//' + (location.hostname || 'localhost') + ':35729/livereload.js?snipver=1\"&gt;&lt;\\/script&gt;')\n//]]&gt;\u003C/script>\u003Cscript src=\"//localhost:35729/livereload.js?snipver=1\">\u003C/script>\n\n\n\u003C/body>\u003C/html>"}"
11:39:57.029 [Forwarding getPageSource on session d94198a6aa3008d5ffaf97f92db0cb0c to remote] DEBUG o.a.h.i.c.DefaultManagedHttpClientConnection - http-outgoing-97: Shutdown connection
11:39:57.029 [Forwarding getPageSource on session d94198a6aa3008d5ffaf97f92db0cb0c to remote] DEBUG o.a.h.impl.execchain.MainClientExec - Connection discarded
11:39:57.029 [Forwarding getPageSource on session d94198a6aa3008d5ffaf97f92db0cb0c to remote] DEBUG o.a.h.i.c.DefaultManagedHttpClientConnection - http-outgoing-97: Close connection
11:39:57.029 [Forwarding getPageSource on session d94198a6aa3008d5ffaf97f92db0cb0c to remote] DEBUG o.a.h.i.c.PoolingHttpClientConnectionManager - Connection released: [id: 97][route: {}->http://localhost:26477][total kept alive: 0; route allocated: 0 of 2000; total allocated: 0 of 2000]
11:39:57.030 [Forwarding implicitlyWait on session d94198a6aa3008d5ffaf97f92db0cb0c to remote] DEBUG o.a.h.c.protocol.RequestAddCookies - CookieSpec selected: best-match
11:39:57.030 [Forwarding implicitlyWait on session d94198a6aa3008d5ffaf97f92db0cb0c to remote] DEBUG o.a.h.c.protocol.RequestAuthCache - Auth cache not set in the context
11:39:57.030 [Forwarding implicitlyWait on session d94198a6aa3008d5ffaf97f92db0cb0c to remote] DEBUG o.a.h.i.c.PoolingHttpClientConnectionManager - Connection request: [route: {}->http://localhost:26477][total kept alive: 0; route allocated: 0 of 2000; total allocated: 0 of 2000]
11:39:57.030 [Forwarding implicitlyWait on session d94198a6aa3008d5ffaf97f92db0cb0c to remote] DEBUG o.a.h.i.c.PoolingHttpClientConnectionManager - Connection leased: [id: 98][route: {}->http://localhost:26477][total kept alive: 0; route allocated: 1 of 2000; total allocated: 1 of 2000]
11:39:57.030 [Forwarding implicitlyWait on session d94198a6aa3008d5ffaf97f92db0cb0c to remote] DEBUG o.a.h.impl.execchain.MainClientExec - Opening connection {}->http://localhost:26477
11:39:57.030 [Forwarding implicitlyWait on session d94198a6aa3008d5ffaf97f92db0cb0c to remote] DEBUG o.a.h.i.c.HttpClientConnectionOperator - Connecting to localhost/127.0.0.1:26477
11:39:57.030 [Forwarding implicitlyWait on session d94198a6aa3008d5ffaf97f92db0cb0c to remote] DEBUG o.a.h.i.c.HttpClientConnectionOperator - Connection established 127.0.0.1:57374<->127.0.0.1:26477
11:39:57.030 [Forwarding implicitlyWait on session d94198a6aa3008d5ffaf97f92db0cb0c to remote] DEBUG o.a.h.impl.execchain.MainClientExec - Executing request POST /session/d94198a6aa3008d5ffaf97f92db0cb0c/timeouts/implicit_wait HTTP/1.1
11:39:57.030 [Forwarding implicitlyWait on session d94198a6aa3008d5ffaf97f92db0cb0c to remote] DEBUG o.a.h.impl.execchain.MainClientExec - Target auth state: UNCHALLENGED
11:39:57.030 [Forwarding implicitlyWait on session d94198a6aa3008d5ffaf97f92db0cb0c to remote] DEBUG o.a.h.impl.execchain.MainClientExec - Proxy auth state: UNCHALLENGED
11:39:57.030 [Forwarding implicitlyWait on session d94198a6aa3008d5ffaf97f92db0cb0c to remote] DEBUG org.apache.http.headers - http-outgoing-98 >> POST /session/d94198a6aa3008d5ffaf97f92db0cb0c/timeouts/implicit_wait HTTP/1.1
11:39:57.030 [Forwarding implicitlyWait on session d94198a6aa3008d5ffaf97f92db0cb0c to remote] DEBUG org.apache.http.headers - http-outgoing-98 >> Content-Type: application/json; charset=utf-8
11:39:57.030 [Forwarding implicitlyWait on session d94198a6aa3008d5ffaf97f92db0cb0c to remote] DEBUG org.apache.http.headers - http-outgoing-98 >> Content-Length: 8
11:39:57.030 [Forwarding implicitlyWait on session d94198a6aa3008d5ffaf97f92db0cb0c to remote] DEBUG org.apache.http.headers - http-outgoing-98 >> Host: localhost:26477
11:39:57.030 [Forwarding implicitlyWait on session d94198a6aa3008d5ffaf97f92db0cb0c to remote] DEBUG org.apache.http.headers - http-outgoing-98 >> Connection: Keep-Alive
11:39:57.030 [Forwarding implicitlyWait on session d94198a6aa3008d5ffaf97f92db0cb0c to remote] DEBUG org.apache.http.headers - http-outgoing-98 >> User-Agent: Apache-HttpClient/4.3.4 (java 1.5)
11:39:57.030 [Forwarding implicitlyWait on session d94198a6aa3008d5ffaf97f92db0cb0c to remote] DEBUG org.apache.http.headers - http-outgoing-98 >> Accept-Encoding: gzip,deflate
11:39:57.030 [Forwarding implicitlyWait on session d94198a6aa3008d5ffaf97f92db0cb0c to remote] DEBUG org.apache.http.wire - http-outgoing-98 >> "POST /session/d94198a6aa3008d5ffaf97f92db0cb0c/timeouts/implicit_wait HTTP/1.1[\r][\n]"
11:39:57.030 [Forwarding implicitlyWait on session d94198a6aa3008d5ffaf97f92db0cb0c to remote] DEBUG org.apache.http.wire - http-outgoing-98 >> "Content-Type: application/json; charset=utf-8[\r][\n]"
11:39:57.030 [Forwarding implicitlyWait on session d94198a6aa3008d5ffaf97f92db0cb0c to remote] DEBUG org.apache.http.wire - http-outgoing-98 >> "Content-Length: 8[\r][\n]"
11:39:57.030 [Forwarding implicitlyWait on session d94198a6aa3008d5ffaf97f92db0cb0c to remote] DEBUG org.apache.http.wire - http-outgoing-98 >> "Host: localhost:26477[\r][\n]"
11:39:57.030 [Forwarding implicitlyWait on session d94198a6aa3008d5ffaf97f92db0cb0c to remote] DEBUG org.apache.http.wire - http-outgoing-98 >> "Connection: Keep-Alive[\r][\n]"
11:39:57.030 [Forwarding implicitlyWait on session d94198a6aa3008d5ffaf97f92db0cb0c to remote] DEBUG org.apache.http.wire - http-outgoing-98 >> "User-Agent: Apache-HttpClient/4.3.4 (java 1.5)[\r][\n]"
11:39:57.030 [Forwarding implicitlyWait on session d94198a6aa3008d5ffaf97f92db0cb0c to remote] DEBUG org.apache.http.wire - http-outgoing-98 >> "Accept-Encoding: gzip,deflate[\r][\n]"
11:39:57.030 [Forwarding implicitlyWait on session d94198a6aa3008d5ffaf97f92db0cb0c to remote] DEBUG org.apache.http.wire - http-outgoing-98 >> "[\r][\n]"
11:39:57.030 [Forwarding implicitlyWait on session d94198a6aa3008d5ffaf97f92db0cb0c to remote] DEBUG org.apache.http.wire - http-outgoing-98 >> "{"ms":0}"
11:39:57.031 [Forwarding implicitlyWait on session d94198a6aa3008d5ffaf97f92db0cb0c to remote] DEBUG org.apache.http.wire - http-outgoing-98 << "HTTP/1.1 200 OK[\r][\n]"
11:39:57.031 [Forwarding implicitlyWait on session d94198a6aa3008d5ffaf97f92db0cb0c to remote] DEBUG org.apache.http.wire - http-outgoing-98 << "Content-Length:72[\r][\n]"
11:39:57.031 [Forwarding implicitlyWait on session d94198a6aa3008d5ffaf97f92db0cb0c to remote] DEBUG org.apache.http.wire - http-outgoing-98 << "Content-Type:application/json; charset=utf-8[\r][\n]"
11:39:57.031 [Forwarding implicitlyWait on session d94198a6aa3008d5ffaf97f92db0cb0c to remote] DEBUG org.apache.http.wire - http-outgoing-98 << "Connection:close[\r][\n]"
11:39:57.031 [Forwarding implicitlyWait on session d94198a6aa3008d5ffaf97f92db0cb0c to remote] DEBUG org.apache.http.wire - http-outgoing-98 << "[\r][\n]"
11:39:57.031 [Forwarding implicitlyWait on session d94198a6aa3008d5ffaf97f92db0cb0c to remote] DEBUG org.apache.http.wire - http-outgoing-98 << "{"sessionId":"d94198a6aa3008d5ffaf97f92db0cb0c","status":0,"value":null}"
11:39:57.031 [Forwarding implicitlyWait on session d94198a6aa3008d5ffaf97f92db0cb0c to remote] DEBUG org.apache.http.headers - http-outgoing-98 << HTTP/1.1 200 OK
11:39:57.031 [Forwarding implicitlyWait on session d94198a6aa3008d5ffaf97f92db0cb0c to remote] DEBUG org.apache.http.headers - http-outgoing-98 << Content-Length:72
11:39:57.031 [Forwarding implicitlyWait on session d94198a6aa3008d5ffaf97f92db0cb0c to remote] DEBUG org.apache.http.headers - http-outgoing-98 << Content-Type:application/json; charset=utf-8
11:39:57.031 [Forwarding implicitlyWait on session d94198a6aa3008d5ffaf97f92db0cb0c to remote] DEBUG org.apache.http.headers - http-outgoing-98 << Connection:close
11:39:57.031 [Forwarding implicitlyWait on session d94198a6aa3008d5ffaf97f92db0cb0c to remote] DEBUG o.a.h.i.c.DefaultManagedHttpClientConnection - http-outgoing-98: Shutdown connection
11:39:57.031 [Forwarding implicitlyWait on session d94198a6aa3008d5ffaf97f92db0cb0c to remote] DEBUG o.a.h.impl.execchain.MainClientExec - Connection discarded
11:39:57.031 [Forwarding implicitlyWait on session d94198a6aa3008d5ffaf97f92db0cb0c to remote] DEBUG o.a.h.i.c.DefaultManagedHttpClientConnection - http-outgoing-98: Close connection
11:39:57.031 [Forwarding implicitlyWait on session d94198a6aa3008d5ffaf97f92db0cb0c to remote] DEBUG o.a.h.i.c.PoolingHttpClientConnectionManager - Connection released: [id: 98][route: {}->http://localhost:26477][total kept alive: 0; route allocated: 0 of 2000; total allocated: 0 of 2000]
11:39:57.031 [Forwarding findElements on session d94198a6aa3008d5ffaf97f92db0cb0c to remote] DEBUG o.a.h.c.protocol.RequestAddCookies - CookieSpec selected: best-match
11:39:57.031 [Forwarding findElements on session d94198a6aa3008d5ffaf97f92db0cb0c to remote] DEBUG o.a.h.c.protocol.RequestAuthCache - Auth cache not set in the context
11:39:57.031 [Forwarding findElements on session d94198a6aa3008d5ffaf97f92db0cb0c to remote] DEBUG o.a.h.i.c.PoolingHttpClientConnectionManager - Connection request: [route: {}->http://localhost:26477][total kept alive: 0; route allocated: 0 of 2000; total allocated: 0 of 2000]
11:39:57.031 [Forwarding findElements on session d94198a6aa3008d5ffaf97f92db0cb0c to remote] DEBUG o.a.h.i.c.PoolingHttpClientConnectionManager - Connection leased: [id: 99][route: {}->http://localhost:26477][total kept alive: 0; route allocated: 1 of 2000; total allocated: 1 of 2000]
11:39:57.031 [Forwarding findElements on session d94198a6aa3008d5ffaf97f92db0cb0c to remote] DEBUG o.a.h.impl.execchain.MainClientExec - Opening connection {}->http://localhost:26477
11:39:57.031 [Forwarding findElements on session d94198a6aa3008d5ffaf97f92db0cb0c to remote] DEBUG o.a.h.i.c.HttpClientConnectionOperator - Connecting to localhost/127.0.0.1:26477
11:39:57.031 [Forwarding findElements on session d94198a6aa3008d5ffaf97f92db0cb0c to remote] DEBUG o.a.h.i.c.HttpClientConnectionOperator - Connection established 127.0.0.1:57375<->127.0.0.1:26477
11:39:57.031 [Forwarding findElements on session d94198a6aa3008d5ffaf97f92db0cb0c to remote] DEBUG o.a.h.impl.execchain.MainClientExec - Executing request POST /session/d94198a6aa3008d5ffaf97f92db0cb0c/elements HTTP/1.1
11:39:57.031 [Forwarding findElements on session d94198a6aa3008d5ffaf97f92db0cb0c to remote] DEBUG o.a.h.impl.execchain.MainClientExec - Target auth state: UNCHALLENGED
11:39:57.031 [Forwarding findElements on session d94198a6aa3008d5ffaf97f92db0cb0c to remote] DEBUG o.a.h.impl.execchain.MainClientExec - Proxy auth state: UNCHALLENGED
11:39:57.031 [Forwarding findElements on session d94198a6aa3008d5ffaf97f92db0cb0c to remote] DEBUG org.apache.http.headers - http-outgoing-99 >> POST /session/d94198a6aa3008d5ffaf97f92db0cb0c/elements HTTP/1.1
11:39:57.031 [Forwarding findElements on session d94198a6aa3008d5ffaf97f92db0cb0c to remote] DEBUG org.apache.http.headers - http-outgoing-99 >> Content-Type: application/json; charset=utf-8
11:39:57.031 [Forwarding findElements on session d94198a6aa3008d5ffaf97f92db0cb0c to remote] DEBUG org.apache.http.headers - http-outgoing-99 >> Content-Length: 36
11:39:57.031 [Forwarding findElements on session d94198a6aa3008d5ffaf97f92db0cb0c to remote] DEBUG org.apache.http.headers - http-outgoing-99 >> Host: localhost:26477
11:39:57.031 [Forwarding findElements on session d94198a6aa3008d5ffaf97f92db0cb0c to remote] DEBUG org.apache.http.headers - http-outgoing-99 >> Connection: Keep-Alive
11:39:57.031 [Forwarding findElements on session d94198a6aa3008d5ffaf97f92db0cb0c to remote] DEBUG org.apache.http.headers - http-outgoing-99 >> User-Agent: Apache-HttpClient/4.3.4 (java 1.5)
11:39:57.031 [Forwarding findElements on session d94198a6aa3008d5ffaf97f92db0cb0c to remote] DEBUG org.apache.http.headers - http-outgoing-99 >> Accept-Encoding: gzip,deflate
11:39:57.031 [Forwarding findElements on session d94198a6aa3008d5ffaf97f92db0cb0c to remote] DEBUG org.apache.http.wire - http-outgoing-99 >> "POST /session/d94198a6aa3008d5ffaf97f92db0cb0c/elements HTTP/1.1[\r][\n]"
11:39:57.031 [Forwarding findElements on session d94198a6aa3008d5ffaf97f92db0cb0c to remote] DEBUG org.apache.http.wire - http-outgoing-99 >> "Content-Type: application/json; charset=utf-8[\r][\n]"
11:39:57.031 [Forwarding findElements on session d94198a6aa3008d5ffaf97f92db0cb0c to remote] DEBUG org.apache.http.wire - http-outgoing-99 >> "Content-Length: 36[\r][\n]"
11:39:57.031 [Forwarding findElements on session d94198a6aa3008d5ffaf97f92db0cb0c to remote] DEBUG org.apache.http.wire - http-outgoing-99 >> "Host: localhost:26477[\r][\n]"
11:39:57.031 [Forwarding findElements on session d94198a6aa3008d5ffaf97f92db0cb0c to remote] DEBUG org.apache.http.wire - http-outgoing-99 >> "Connection: Keep-Alive[\r][\n]"
11:39:57.031 [Forwarding findElements on session d94198a6aa3008d5ffaf97f92db0cb0c to remote] DEBUG org.apache.http.wire - http-outgoing-99 >> "User-Agent: Apache-HttpClient/4.3.4 (java 1.5)[\r][\n]"
11:39:57.031 [Forwarding findElements on session d94198a6aa3008d5ffaf97f92db0cb0c to remote] DEBUG org.apache.http.wire - http-outgoing-99 >> "Accept-Encoding: gzip,deflate[\r][\n]"
11:39:57.031 [Forwarding findElements on session d94198a6aa3008d5ffaf97f92db0cb0c to remote] DEBUG org.apache.http.wire - http-outgoing-99 >> "[\r][\n]"
11:39:57.031 [Forwarding findElements on session d94198a6aa3008d5ffaf97f92db0cb0c to remote] DEBUG org.apache.http.wire - http-outgoing-99 >> "{"using":"css selector","value":"a"}"
11:39:57.035 [Forwarding findElements on session d94198a6aa3008d5ffaf97f92db0cb0c to remote] DEBUG org.apache.http.wire - http-outgoing-99 << "HTTP/1.1 200 OK[\r][\n]"
11:39:57.035 [Forwarding findElements on session d94198a6aa3008d5ffaf97f92db0cb0c to remote] DEBUG org.apache.http.wire - http-outgoing-99 << "Content-Length:501[\r][\n]"
11:39:57.035 [Forwarding findElements on session d94198a6aa3008d5ffaf97f92db0cb0c to remote] DEBUG org.apache.http.wire - http-outgoing-99 << "Content-Type:application/json; charset=utf-8[\r][\n]"
11:39:57.035 [Forwarding findElements on session d94198a6aa3008d5ffaf97f92db0cb0c to remote] DEBUG org.apache.http.wire - http-outgoing-99 << "Connection:close[\r][\n]"
11:39:57.035 [Forwarding findElements on session d94198a6aa3008d5ffaf97f92db0cb0c to remote] DEBUG org.apache.http.wire - http-outgoing-99 << "[\r][\n]"
11:39:57.035 [Forwarding findElements on session d94198a6aa3008d5ffaf97f92db0cb0c to remote] DEBUG org.apache.http.wire - http-outgoing-99 << "{"sessionId":"d94198a6aa3008d5ffaf97f92db0cb0c","status":0,"value":[{"ELEMENT":"0.5152662619948387-21"},{"ELEMENT":"0.5152662619948387-22"},{"ELEMENT":"0.5152662619948387-23"},{"ELEMENT":"0.5152662619948387-24"},{"ELEMENT":"0.5152662619948387-25"},{"ELEMENT":"0.5152662619948387-26"},{"ELEMENT":"0.5152662619948387-27"},{"ELEMENT":"0.5152662619948387-28"},{"ELEMENT":"0.5152662619948387-29"},{"ELEMENT":"0.5152662619948387-30"},{"ELEMENT":"0.5152662619948387-31"},{"ELEMENT":"0.5152662619948387-32"}]}"
11:39:57.035 [Forwarding findElements on session d94198a6aa3008d5ffaf97f92db0cb0c to remote] DEBUG org.apache.http.headers - http-outgoing-99 << HTTP/1.1 200 OK
11:39:57.035 [Forwarding findElements on session d94198a6aa3008d5ffaf97f92db0cb0c to remote] DEBUG org.apache.http.headers - http-outgoing-99 << Content-Length:501
11:39:57.035 [Forwarding findElements on session d94198a6aa3008d5ffaf97f92db0cb0c to remote] DEBUG org.apache.http.headers - http-outgoing-99 << Content-Type:application/json; charset=utf-8
11:39:57.035 [Forwarding findElements on session d94198a6aa3008d5ffaf97f92db0cb0c to remote] DEBUG org.apache.http.headers - http-outgoing-99 << Connection:close
11:39:57.036 [Forwarding findElements on session d94198a6aa3008d5ffaf97f92db0cb0c to remote] DEBUG o.a.h.i.c.DefaultManagedHttpClientConnection - http-outgoing-99: Shutdown connection
11:39:57.036 [Forwarding findElements on session d94198a6aa3008d5ffaf97f92db0cb0c to remote] DEBUG o.a.h.impl.execchain.MainClientExec - Connection discarded
11:39:57.036 [Forwarding findElements on session d94198a6aa3008d5ffaf97f92db0cb0c to remote] DEBUG o.a.h.i.c.DefaultManagedHttpClientConnection - http-outgoing-99: Close connection
11:39:57.036 [Forwarding findElements on session d94198a6aa3008d5ffaf97f92db0cb0c to remote] DEBUG o.a.h.i.c.PoolingHttpClientConnectionManager - Connection released: [id: 99][route: {}->http://localhost:26477][total kept alive: 0; route allocated: 0 of 2000; total allocated: 0 of 2000]
11:39:57.036 [Forwarding getElementText on session d94198a6aa3008d5ffaf97f92db0cb0c to remote] DEBUG o.a.h.c.protocol.RequestAddCookies - CookieSpec selected: best-match
11:39:57.036 [Forwarding getElementText on session d94198a6aa3008d5ffaf97f92db0cb0c to remote] DEBUG o.a.h.c.protocol.RequestAuthCache - Auth cache not set in the context
11:39:57.036 [Forwarding getElementText on session d94198a6aa3008d5ffaf97f92db0cb0c to remote] DEBUG o.a.h.i.c.PoolingHttpClientConnectionManager - Connection request: [route: {}->http://localhost:26477][total kept alive: 0; route allocated: 0 of 2000; total allocated: 0 of 2000]
11:39:57.037 [Forwarding getElementText on session d94198a6aa3008d5ffaf97f92db0cb0c to remote] DEBUG o.a.h.i.c.PoolingHttpClientConnectionManager - Connection leased: [id: 100][route: {}->http://localhost:26477][total kept alive: 0; route allocated: 1 of 2000; total allocated: 1 of 2000]
11:39:57.037 [Forwarding getElementText on session d94198a6aa3008d5ffaf97f92db0cb0c to remote] DEBUG o.a.h.impl.execchain.MainClientExec - Opening connection {}->http://localhost:26477
11:39:57.037 [Forwarding getElementText on session d94198a6aa3008d5ffaf97f92db0cb0c to remote] DEBUG o.a.h.i.c.HttpClientConnectionOperator - Connecting to localhost/127.0.0.1:26477
11:39:57.037 [Forwarding getElementText on session d94198a6aa3008d5ffaf97f92db0cb0c to remote] DEBUG o.a.h.i.c.HttpClientConnectionOperator - Connection established 127.0.0.1:57376<->127.0.0.1:26477
11:39:57.037 [Forwarding getElementText on session d94198a6aa3008d5ffaf97f92db0cb0c to remote] DEBUG o.a.h.impl.execchain.MainClientExec - Executing request GET /session/d94198a6aa3008d5ffaf97f92db0cb0c/element/0.5152662619948387-21/text HTTP/1.1
11:39:57.037 [Forwarding getElementText on session d94198a6aa3008d5ffaf97f92db0cb0c to remote] DEBUG o.a.h.impl.execchain.MainClientExec - Target auth state: UNCHALLENGED
11:39:57.037 [Forwarding getElementText on session d94198a6aa3008d5ffaf97f92db0cb0c to remote] DEBUG o.a.h.impl.execchain.MainClientExec - Proxy auth state: UNCHALLENGED
11:39:57.037 [Forwarding getElementText on session d94198a6aa3008d5ffaf97f92db0cb0c to remote] DEBUG org.apache.http.headers - http-outgoing-100 >> GET /session/d94198a6aa3008d5ffaf97f92db0cb0c/element/0.5152662619948387-21/text HTTP/1.1
11:39:57.037 [Forwarding getElementText on session d94198a6aa3008d5ffaf97f92db0cb0c to remote] DEBUG org.apache.http.headers - http-outgoing-100 >> Cache-Control: no-cache
11:39:57.037 [Forwarding getElementText on session d94198a6aa3008d5ffaf97f92db0cb0c to remote] DEBUG org.apache.http.headers - http-outgoing-100 >> Host: localhost:26477
11:39:57.037 [Forwarding getElementText on session d94198a6aa3008d5ffaf97f92db0cb0c to remote] DEBUG org.apache.http.headers - http-outgoing-100 >> Connection: Keep-Alive
11:39:57.037 [Forwarding getElementText on session d94198a6aa3008d5ffaf97f92db0cb0c to remote] DEBUG org.apache.http.headers - http-outgoing-100 >> User-Agent: Apache-HttpClient/4.3.4 (java 1.5)
11:39:57.037 [Forwarding getElementText on session d94198a6aa3008d5ffaf97f92db0cb0c to remote] DEBUG org.apache.http.headers - http-outgoing-100 >> Accept-Encoding: gzip,deflate
11:39:57.037 [Forwarding getElementText on session d94198a6aa3008d5ffaf97f92db0cb0c to remote] DEBUG org.apache.http.wire - http-outgoing-100 >> "GET /session/d94198a6aa3008d5ffaf97f92db0cb0c/element/0.5152662619948387-21/text HTTP/1.1[\r][\n]"
11:39:57.037 [Forwarding getElementText on session d94198a6aa3008d5ffaf97f92db0cb0c to remote] DEBUG org.apache.http.wire - http-outgoing-100 >> "Cache-Control: no-cache[\r][\n]"
11:39:57.037 [Forwarding getElementText on session d94198a6aa3008d5ffaf97f92db0cb0c to remote] DEBUG org.apache.http.wire - http-outgoing-100 >> "Host: localhost:26477[\r][\n]"
11:39:57.037 [Forwarding getElementText on session d94198a6aa3008d5ffaf97f92db0cb0c to remote] DEBUG org.apache.http.wire - http-outgoing-100 >> "Connection: Keep-Alive[\r][\n]"
11:39:57.037 [Forwarding getElementText on session d94198a6aa3008d5ffaf97f92db0cb0c to remote] DEBUG org.apache.http.wire - http-outgoing-100 >> "User-Agent: Apache-HttpClient/4.3.4 (java 1.5)[\r][\n]"
11:39:57.037 [Forwarding getElementText on session d94198a6aa3008d5ffaf97f92db0cb0c to remote] DEBUG org.apache.http.wire - http-outgoing-100 >> "Accept-Encoding: gzip,deflate[\r][\n]"
11:39:57.037 [Forwarding getElementText on session d94198a6aa3008d5ffaf97f92db0cb0c to remote] DEBUG org.apache.http.wire - http-outgoing-100 >> "[\r][\n]"
11:39:57.049 [Forwarding getElementText on session d94198a6aa3008d5ffaf97f92db0cb0c to remote] DEBUG org.apache.http.wire - http-outgoing-100 << "HTTP/1.1 200 OK[\r][\n]"
11:39:57.049 [Forwarding getElementText on session d94198a6aa3008d5ffaf97f92db0cb0c to remote] DEBUG org.apache.http.wire - http-outgoing-100 << "Content-Length:79[\r][\n]"
11:39:57.049 [Forwarding getElementText on session d94198a6aa3008d5ffaf97f92db0cb0c to remote] DEBUG org.apache.http.wire - http-outgoing-100 << "Content-Type:application/json; charset=utf-8[\r][\n]"
11:39:57.049 [Forwarding getElementText on session d94198a6aa3008d5ffaf97f92db0cb0c to remote] DEBUG org.apache.http.wire - http-outgoing-100 << "Connection:close[\r][\n]"
11:39:57.049 [Forwarding getElementText on session d94198a6aa3008d5ffaf97f92db0cb0c to remote] DEBUG org.apache.http.wire - http-outgoing-100 << "[\r][\n]"
11:39:57.049 [Forwarding getElementText on session d94198a6aa3008d5ffaf97f92db0cb0c to remote] DEBUG org.apache.http.wire - http-outgoing-100 << "{"sessionId":"d94198a6aa3008d5ffaf97f92db0cb0c","status":0,"value":"Campaigns"}"
11:39:57.049 [Forwarding getElementText on session d94198a6aa3008d5ffaf97f92db0cb0c to remote] DEBUG org.apache.http.headers - http-outgoing-100 << HTTP/1.1 200 OK
11:39:57.049 [Forwarding getElementText on session d94198a6aa3008d5ffaf97f92db0cb0c to remote] DEBUG org.apache.http.headers - http-outgoing-100 << Content-Length:79
11:39:57.049 [Forwarding getElementText on session d94198a6aa3008d5ffaf97f92db0cb0c to remote] DEBUG org.apache.http.headers - http-outgoing-100 << Content-Type:application/json; charset=utf-8
11:39:57.049 [Forwarding getElementText on session d94198a6aa3008d5ffaf97f92db0cb0c to remote] DEBUG org.apache.http.headers - http-outgoing-100 << Connection:close
11:39:57.049 [Forwarding getElementText on session d94198a6aa3008d5ffaf97f92db0cb0c to remote] DEBUG o.a.h.i.c.DefaultManagedHttpClientConnection - http-outgoing-100: Shutdown connection
11:39:57.049 [Forwarding getElementText on session d94198a6aa3008d5ffaf97f92db0cb0c to remote] DEBUG o.a.h.impl.execchain.MainClientExec - Connection discarded
11:39:57.049 [Forwarding getElementText on session d94198a6aa3008d5ffaf97f92db0cb0c to remote] DEBUG o.a.h.i.c.DefaultManagedHttpClientConnection - http-outgoing-100: Close connection
11:39:57.049 [Forwarding getElementText on session d94198a6aa3008d5ffaf97f92db0cb0c to remote] DEBUG o.a.h.i.c.PoolingHttpClientConnectionManager - Connection released: [id: 100][route: {}->http://localhost:26477][total kept alive: 0; route allocated: 0 of 2000; total allocated: 0 of 2000]
11:39:57.050 [Forwarding getElementText on session d94198a6aa3008d5ffaf97f92db0cb0c to remote] DEBUG o.a.h.c.protocol.RequestAddCookies - CookieSpec selected: best-match
11:39:57.050 [Forwarding getElementText on session d94198a6aa3008d5ffaf97f92db0cb0c to remote] DEBUG o.a.h.c.protocol.RequestAuthCache - Auth cache not set in the context
11:39:57.050 [Forwarding getElementText on session d94198a6aa3008d5ffaf97f92db0cb0c to remote] DEBUG o.a.h.i.c.PoolingHttpClientConnectionManager - Connection request: [route: {}->http://localhost:26477][total kept alive: 0; route allocated: 0 of 2000; total allocated: 0 of 2000]
11:39:57.050 [Forwarding getElementText on session d94198a6aa3008d5ffaf97f92db0cb0c to remote] DEBUG o.a.h.i.c.PoolingHttpClientConnectionManager - Connection leased: [id: 101][route: {}->http://localhost:26477][total kept alive: 0; route allocated: 1 of 2000; total allocated: 1 of 2000]
11:39:57.050 [Forwarding getElementText on session d94198a6aa3008d5ffaf97f92db0cb0c to remote] DEBUG o.a.h.impl.execchain.MainClientExec - Opening connection {}->http://localhost:26477
11:39:57.050 [Forwarding getElementText on session d94198a6aa3008d5ffaf97f92db0cb0c to remote] DEBUG o.a.h.i.c.HttpClientConnectionOperator - Connecting to localhost/127.0.0.1:26477
11:39:57.050 [Forwarding getElementText on session d94198a6aa3008d5ffaf97f92db0cb0c to remote] DEBUG o.a.h.i.c.HttpClientConnectionOperator - Connection established 127.0.0.1:57377<->127.0.0.1:26477
11:39:57.050 [Forwarding getElementText on session d94198a6aa3008d5ffaf97f92db0cb0c to remote] DEBUG o.a.h.impl.execchain.MainClientExec - Executing request GET /session/d94198a6aa3008d5ffaf97f92db0cb0c/element/0.5152662619948387-22/text HTTP/1.1
11:39:57.050 [Forwarding getElementText on session d94198a6aa3008d5ffaf97f92db0cb0c to remote] DEBUG o.a.h.impl.execchain.MainClientExec - Target auth state: UNCHALLENGED
11:39:57.050 [Forwarding getElementText on session d94198a6aa3008d5ffaf97f92db0cb0c to remote] DEBUG o.a.h.impl.execchain.MainClientExec - Proxy auth state: UNCHALLENGED
11:39:57.050 [Forwarding getElementText on session d94198a6aa3008d5ffaf97f92db0cb0c to remote] DEBUG org.apache.http.headers - http-outgoing-101 >> GET /session/d94198a6aa3008d5ffaf97f92db0cb0c/element/0.5152662619948387-22/text HTTP/1.1
11:39:57.050 [Forwarding getElementText on session d94198a6aa3008d5ffaf97f92db0cb0c to remote] DEBUG org.apache.http.headers - http-outgoing-101 >> Cache-Control: no-cache
11:39:57.050 [Forwarding getElementText on session d94198a6aa3008d5ffaf97f92db0cb0c to remote] DEBUG org.apache.http.headers - http-outgoing-101 >> Host: localhost:26477
11:39:57.050 [Forwarding getElementText on session d94198a6aa3008d5ffaf97f92db0cb0c to remote] DEBUG org.apache.http.headers - http-outgoing-101 >> Connection: Keep-Alive
11:39:57.050 [Forwarding getElementText on session d94198a6aa3008d5ffaf97f92db0cb0c to remote] DEBUG org.apache.http.headers - http-outgoing-101 >> User-Agent: Apache-HttpClient/4.3.4 (java 1.5)
11:39:57.050 [Forwarding getElementText on session d94198a6aa3008d5ffaf97f92db0cb0c to remote] DEBUG org.apache.http.headers - http-outgoing-101 >> Accept-Encoding: gzip,deflate
11:39:57.050 [Forwarding getElementText on session d94198a6aa3008d5ffaf97f92db0cb0c to remote] DEBUG org.apache.http.wire - http-outgoing-101 >> "GET /session/d94198a6aa3008d5ffaf97f92db0cb0c/element/0.5152662619948387-22/text HTTP/1.1[\r][\n]"
11:39:57.050 [Forwarding getElementText on session d94198a6aa3008d5ffaf97f92db0cb0c to remote] DEBUG org.apache.http.wire - http-outgoing-101 >> "Cache-Control: no-cache[\r][\n]"
11:39:57.050 [Forwarding getElementText on session d94198a6aa3008d5ffaf97f92db0cb0c to remote] DEBUG org.apache.http.wire - http-outgoing-101 >> "Host: localhost:26477[\r][\n]"
11:39:57.050 [Forwarding getElementText on session d94198a6aa3008d5ffaf97f92db0cb0c to remote] DEBUG org.apache.http.wire - http-outgoing-101 >> "Connection: Keep-Alive[\r][\n]"
11:39:57.050 [Forwarding getElementText on session d94198a6aa3008d5ffaf97f92db0cb0c to remote] DEBUG org.apache.http.wire - http-outgoing-101 >> "User-Agent: Apache-HttpClient/4.3.4 (java 1.5)[\r][\n]"
11:39:57.050 [Forwarding getElementText on session d94198a6aa3008d5ffaf97f92db0cb0c to remote] DEBUG org.apache.http.wire - http-outgoing-101 >> "Accept-Encoding: gzip,deflate[\r][\n]"
11:39:57.050 [Forwarding getElementText on session d94198a6aa3008d5ffaf97f92db0cb0c to remote] DEBUG org.apache.http.wire - http-outgoing-101 >> "[\r][\n]"
11:39:57.055 [Forwarding getElementText on session d94198a6aa3008d5ffaf97f92db0cb0c to remote] DEBUG org.apache.http.wire - http-outgoing-101 << "HTTP/1.1 200 OK[\r][\n]"
11:39:57.055 [Forwarding getElementText on session d94198a6aa3008d5ffaf97f92db0cb0c to remote] DEBUG org.apache.http.wire - http-outgoing-101 << "Content-Length:85[\r][\n]"
11:39:57.055 [Forwarding getElementText on session d94198a6aa3008d5ffaf97f92db0cb0c to remote] DEBUG org.apache.http.wire - http-outgoing-101 << "Content-Type:application/json; charset=utf-8[\r][\n]"
11:39:57.055 [Forwarding getElementText on session d94198a6aa3008d5ffaf97f92db0cb0c to remote] DEBUG org.apache.http.wire - http-outgoing-101 << "Connection:close[\r][\n]"
11:39:57.055 [Forwarding getElementText on session d94198a6aa3008d5ffaf97f92db0cb0c to remote] DEBUG org.apache.http.wire - http-outgoing-101 << "[\r][\n]"
11:39:57.055 [Forwarding getElementText on session d94198a6aa3008d5ffaf97f92db0cb0c to remote] DEBUG org.apache.http.wire - http-outgoing-101 << "{"sessionId":"d94198a6aa3008d5ffaf97f92db0cb0c","status":0,"value":"Create Campaign"}"
11:39:57.055 [Forwarding getElementText on session d94198a6aa3008d5ffaf97f92db0cb0c to remote] DEBUG org.apache.http.headers - http-outgoing-101 << HTTP/1.1 200 OK
11:39:57.055 [Forwarding getElementText on session d94198a6aa3008d5ffaf97f92db0cb0c to remote] DEBUG org.apache.http.headers - http-outgoing-101 << Content-Length:85
11:39:57.055 [Forwarding getElementText on session d94198a6aa3008d5ffaf97f92db0cb0c to remote] DEBUG org.apache.http.headers - http-outgoing-101 << Content-Type:application/json; charset=utf-8
11:39:57.055 [Forwarding getElementText on session d94198a6aa3008d5ffaf97f92db0cb0c to remote] DEBUG org.apache.http.headers - http-outgoing-101 << Connection:close
11:39:57.055 [Forwarding getElementText on session d94198a6aa3008d5ffaf97f92db0cb0c to remote] DEBUG o.a.h.i.c.DefaultManagedHttpClientConnection - http-outgoing-101: Shutdown connection
11:39:57.055 [Forwarding getElementText on session d94198a6aa3008d5ffaf97f92db0cb0c to remote] DEBUG o.a.h.impl.execchain.MainClientExec - Connection discarded
11:39:57.055 [Forwarding getElementText on session d94198a6aa3008d5ffaf97f92db0cb0c to remote] DEBUG o.a.h.i.c.DefaultManagedHttpClientConnection - http-outgoing-101: Close connection
11:39:57.055 [Forwarding getElementText on session d94198a6aa3008d5ffaf97f92db0cb0c to remote] DEBUG o.a.h.i.c.PoolingHttpClientConnectionManager - Connection released: [id: 101][route: {}->http://localhost:26477][total kept alive: 0; route allocated: 0 of 2000; total allocated: 0 of 2000]
11:39:57.056 [Forwarding getElementText on session d94198a6aa3008d5ffaf97f92db0cb0c to remote] DEBUG o.a.h.c.protocol.RequestAddCookies - CookieSpec selected: best-match
11:39:57.056 [Forwarding getElementText on session d94198a6aa3008d5ffaf97f92db0cb0c to remote] DEBUG o.a.h.c.protocol.RequestAuthCache - Auth cache not set in the context
11:39:57.056 [Forwarding getElementText on session d94198a6aa3008d5ffaf97f92db0cb0c to remote] DEBUG o.a.h.i.c.PoolingHttpClientConnectionManager - Connection request: [route: {}->http://localhost:26477][total kept alive: 0; route allocated: 0 of 2000; total allocated: 0 of 2000]
11:39:57.056 [Forwarding getElementText on session d94198a6aa3008d5ffaf97f92db0cb0c to remote] DEBUG o.a.h.i.c.PoolingHttpClientConnectionManager - Connection leased: [id: 102][route: {}->http://localhost:26477][total kept alive: 0; route allocated: 1 of 2000; total allocated: 1 of 2000]
11:39:57.056 [Forwarding getElementText on session d94198a6aa3008d5ffaf97f92db0cb0c to remote] DEBUG o.a.h.impl.execchain.MainClientExec - Opening connection {}->http://localhost:26477
11:39:57.056 [Forwarding getElementText on session d94198a6aa3008d5ffaf97f92db0cb0c to remote] DEBUG o.a.h.i.c.HttpClientConnectionOperator - Connecting to localhost/127.0.0.1:26477
11:39:57.056 [Forwarding getElementText on session d94198a6aa3008d5ffaf97f92db0cb0c to remote] DEBUG o.a.h.i.c.HttpClientConnectionOperator - Connection established 127.0.0.1:57378<->127.0.0.1:26477
11:39:57.056 [Forwarding getElementText on session d94198a6aa3008d5ffaf97f92db0cb0c to remote] DEBUG o.a.h.impl.execchain.MainClientExec - Executing request GET /session/d94198a6aa3008d5ffaf97f92db0cb0c/element/0.5152662619948387-23/text HTTP/1.1
11:39:57.056 [Forwarding getElementText on session d94198a6aa3008d5ffaf97f92db0cb0c to remote] DEBUG o.a.h.impl.execchain.MainClientExec - Target auth state: UNCHALLENGED
11:39:57.056 [Forwarding getElementText on session d94198a6aa3008d5ffaf97f92db0cb0c to remote] DEBUG o.a.h.impl.execchain.MainClientExec - Proxy auth state: UNCHALLENGED
11:39:57.056 [Forwarding getElementText on session d94198a6aa3008d5ffaf97f92db0cb0c to remote] DEBUG org.apache.http.headers - http-outgoing-102 >> GET /session/d94198a6aa3008d5ffaf97f92db0cb0c/element/0.5152662619948387-23/text HTTP/1.1
11:39:57.056 [Forwarding getElementText on session d94198a6aa3008d5ffaf97f92db0cb0c to remote] DEBUG org.apache.http.headers - http-outgoing-102 >> Cache-Control: no-cache
11:39:57.056 [Forwarding getElementText on session d94198a6aa3008d5ffaf97f92db0cb0c to remote] DEBUG org.apache.http.headers - http-outgoing-102 >> Host: localhost:26477
11:39:57.056 [Forwarding getElementText on session d94198a6aa3008d5ffaf97f92db0cb0c to remote] DEBUG org.apache.http.headers - http-outgoing-102 >> Connection: Keep-Alive
11:39:57.056 [Forwarding getElementText on session d94198a6aa3008d5ffaf97f92db0cb0c to remote] DEBUG org.apache.http.headers - http-outgoing-102 >> User-Agent: Apache-HttpClient/4.3.4 (java 1.5)
11:39:57.056 [Forwarding getElementText on session d94198a6aa3008d5ffaf97f92db0cb0c to remote] DEBUG org.apache.http.headers - http-outgoing-102 >> Accept-Encoding: gzip,deflate
11:39:57.056 [Forwarding getElementText on session d94198a6aa3008d5ffaf97f92db0cb0c to remote] DEBUG org.apache.http.wire - http-outgoing-102 >> "GET /session/d94198a6aa3008d5ffaf97f92db0cb0c/element/0.5152662619948387-23/text HTTP/1.1[\r][\n]"
11:39:57.056 [Forwarding getElementText on session d94198a6aa3008d5ffaf97f92db0cb0c to remote] DEBUG org.apache.http.wire - http-outgoing-102 >> "Cache-Control: no-cache[\r][\n]"
11:39:57.056 [Forwarding getElementText on session d94198a6aa3008d5ffaf97f92db0cb0c to remote] DEBUG org.apache.http.wire - http-outgoing-102 >> "Host: localhost:26477[\r][\n]"
11:39:57.056 [Forwarding getElementText on session d94198a6aa3008d5ffaf97f92db0cb0c to remote] DEBUG org.apache.http.wire - http-outgoing-102 >> "Connection: Keep-Alive[\r][\n]"
11:39:57.056 [Forwarding getElementText on session d94198a6aa3008d5ffaf97f92db0cb0c to remote] DEBUG org.apache.http.wire - http-outgoing-102 >> "User-Agent: Apache-HttpClient/4.3.4 (java 1.5)[\r][\n]"
11:39:57.056 [Forwarding getElementText on session d94198a6aa3008d5ffaf97f92db0cb0c to remote] DEBUG org.apache.http.wire - http-outgoing-102 >> "Accept-Encoding: gzip,deflate[\r][\n]"
11:39:57.056 [Forwarding getElementText on session d94198a6aa3008d5ffaf97f92db0cb0c to remote] DEBUG org.apache.http.wire - http-outgoing-102 >> "[\r][\n]"
11:39:57.069 [Forwarding getElementText on session d94198a6aa3008d5ffaf97f92db0cb0c to remote] DEBUG org.apache.http.wire - http-outgoing-102 << "HTTP/1.1 200 OK[\r][\n]"
11:39:57.069 [Forwarding getElementText on session d94198a6aa3008d5ffaf97f92db0cb0c to remote] DEBUG org.apache.http.wire - http-outgoing-102 << "Content-Length:85[\r][\n]"
11:39:57.069 [Forwarding getElementText on session d94198a6aa3008d5ffaf97f92db0cb0c to remote] DEBUG org.apache.http.wire - http-outgoing-102 << "Content-Type:application/json; charset=utf-8[\r][\n]"
11:39:57.069 [Forwarding getElementText on session d94198a6aa3008d5ffaf97f92db0cb0c to remote] DEBUG org.apache.http.wire - http-outgoing-102 << "Connection:close[\r][\n]"
11:39:57.069 [Forwarding getElementText on session d94198a6aa3008d5ffaf97f92db0cb0c to remote] DEBUG org.apache.http.wire - http-outgoing-102 << "[\r][\n]"
11:39:57.069 [Forwarding getElementText on session d94198a6aa3008d5ffaf97f92db0cb0c to remote] DEBUG org.apache.http.wire - http-outgoing-102 << "{"sessionId":"d94198a6aa3008d5ffaf97f92db0cb0c","status":0,"value":"Search Vouchers"}"
11:39:57.069 [Forwarding getElementText on session d94198a6aa3008d5ffaf97f92db0cb0c to remote] DEBUG org.apache.http.headers - http-outgoing-102 << HTTP/1.1 200 OK
11:39:57.069 [Forwarding getElementText on session d94198a6aa3008d5ffaf97f92db0cb0c to remote] DEBUG org.apache.http.headers - http-outgoing-102 << Content-Length:85
11:39:57.069 [Forwarding getElementText on session d94198a6aa3008d5ffaf97f92db0cb0c to remote] DEBUG org.apache.http.headers - http-outgoing-102 << Content-Type:application/json; charset=utf-8
11:39:57.069 [Forwarding getElementText on session d94198a6aa3008d5ffaf97f92db0cb0c to remote] DEBUG org.apache.http.headers - http-outgoing-102 << Connection:close
11:39:57.070 [Forwarding getElementText on session d94198a6aa3008d5ffaf97f92db0cb0c to remote] DEBUG o.a.h.i.c.DefaultManagedHttpClientConnection - http-outgoing-102: Shutdown connection
11:39:57.070 [Forwarding getElementText on session d94198a6aa3008d5ffaf97f92db0cb0c to remote] DEBUG o.a.h.impl.execchain.MainClientExec - Connection discarded
11:39:57.070 [Forwarding getElementText on session d94198a6aa3008d5ffaf97f92db0cb0c to remote] DEBUG o.a.h.i.c.DefaultManagedHttpClientConnection - http-outgoing-102: Close connection
11:39:57.070 [Forwarding getElementText on session d94198a6aa3008d5ffaf97f92db0cb0c to remote] DEBUG o.a.h.i.c.PoolingHttpClientConnectionManager - Connection released: [id: 102][route: {}->http://localhost:26477][total kept alive: 0; route allocated: 0 of 2000; total allocated: 0 of 2000]
11:39:57.070 [Forwarding getElementText on session d94198a6aa3008d5ffaf97f92db0cb0c to remote] DEBUG o.a.h.c.protocol.RequestAddCookies - CookieSpec selected: best-match
11:39:57.070 [Forwarding getElementText on session d94198a6aa3008d5ffaf97f92db0cb0c to remote] DEBUG o.a.h.c.protocol.RequestAuthCache - Auth cache not set in the context
11:39:57.070 [Forwarding getElementText on session d94198a6aa3008d5ffaf97f92db0cb0c to remote] DEBUG o.a.h.i.c.PoolingHttpClientConnectionManager - Connection request: [route: {}->http://localhost:26477][total kept alive: 0; route allocated: 0 of 2000; total allocated: 0 of 2000]
11:39:57.070 [Forwarding getElementText on session d94198a6aa3008d5ffaf97f92db0cb0c to remote] DEBUG o.a.h.i.c.PoolingHttpClientConnectionManager - Connection leased: [id: 103][route: {}->http://localhost:26477][total kept alive: 0; route allocated: 1 of 2000; total allocated: 1 of 2000]
11:39:57.070 [Forwarding getElementText on session d94198a6aa3008d5ffaf97f92db0cb0c to remote] DEBUG o.a.h.impl.execchain.MainClientExec - Opening connection {}->http://localhost:26477
11:39:57.070 [Forwarding getElementText on session d94198a6aa3008d5ffaf97f92db0cb0c to remote] DEBUG o.a.h.i.c.HttpClientConnectionOperator - Connecting to localhost/127.0.0.1:26477
11:39:57.070 [Forwarding getElementText on session d94198a6aa3008d5ffaf97f92db0cb0c to remote] DEBUG o.a.h.i.c.HttpClientConnectionOperator - Connection established 127.0.0.1:57379<->127.0.0.1:26477
11:39:57.070 [Forwarding getElementText on session d94198a6aa3008d5ffaf97f92db0cb0c to remote] DEBUG o.a.h.impl.execchain.MainClientExec - Executing request GET /session/d94198a6aa3008d5ffaf97f92db0cb0c/element/0.5152662619948387-24/text HTTP/1.1
11:39:57.070 [Forwarding getElementText on session d94198a6aa3008d5ffaf97f92db0cb0c to remote] DEBUG o.a.h.impl.execchain.MainClientExec - Target auth state: UNCHALLENGED
11:39:57.070 [Forwarding getElementText on session d94198a6aa3008d5ffaf97f92db0cb0c to remote] DEBUG o.a.h.impl.execchain.MainClientExec - Proxy auth state: UNCHALLENGED
11:39:57.070 [Forwarding getElementText on session d94198a6aa3008d5ffaf97f92db0cb0c to remote] DEBUG org.apache.http.headers - http-outgoing-103 >> GET /session/d94198a6aa3008d5ffaf97f92db0cb0c/element/0.5152662619948387-24/text HTTP/1.1
11:39:57.070 [Forwarding getElementText on session d94198a6aa3008d5ffaf97f92db0cb0c to remote] DEBUG org.apache.http.headers - http-outgoing-103 >> Cache-Control: no-cache
11:39:57.070 [Forwarding getElementText on session d94198a6aa3008d5ffaf97f92db0cb0c to remote] DEBUG org.apache.http.headers - http-outgoing-103 >> Host: localhost:26477
11:39:57.070 [Forwarding getElementText on session d94198a6aa3008d5ffaf97f92db0cb0c to remote] DEBUG org.apache.http.headers - http-outgoing-103 >> Connection: Keep-Alive
11:39:57.070 [Forwarding getElementText on session d94198a6aa3008d5ffaf97f92db0cb0c to remote] DEBUG org.apache.http.headers - http-outgoing-103 >> User-Agent: Apache-HttpClient/4.3.4 (java 1.5)
11:39:57.070 [Forwarding getElementText on session d94198a6aa3008d5ffaf97f92db0cb0c to remote] DEBUG org.apache.http.headers - http-outgoing-103 >> Accept-Encoding: gzip,deflate
11:39:57.070 [Forwarding getElementText on session d94198a6aa3008d5ffaf97f92db0cb0c to remote] DEBUG org.apache.http.wire - http-outgoing-103 >> "GET /session/d94198a6aa3008d5ffaf97f92db0cb0c/element/0.5152662619948387-24/text HTTP/1.1[\r][\n]"
11:39:57.070 [Forwarding getElementText on session d94198a6aa3008d5ffaf97f92db0cb0c to remote] DEBUG org.apache.http.wire - http-outgoing-103 >> "Cache-Control: no-cache[\r][\n]"
11:39:57.070 [Forwarding getElementText on session d94198a6aa3008d5ffaf97f92db0cb0c to remote] DEBUG org.apache.http.wire - http-outgoing-103 >> "Host: localhost:26477[\r][\n]"
11:39:57.070 [Forwarding getElementText on session d94198a6aa3008d5ffaf97f92db0cb0c to remote] DEBUG org.apache.http.wire - http-outgoing-103 >> "Connection: Keep-Alive[\r][\n]"
11:39:57.070 [Forwarding getElementText on session d94198a6aa3008d5ffaf97f92db0cb0c to remote] DEBUG org.apache.http.wire - http-outgoing-103 >> "User-Agent: Apache-HttpClient/4.3.4 (java 1.5)[\r][\n]"
11:39:57.070 [Forwarding getElementText on session d94198a6aa3008d5ffaf97f92db0cb0c to remote] DEBUG org.apache.http.wire - http-outgoing-103 >> "Accept-Encoding: gzip,deflate[\r][\n]"
11:39:57.070 [Forwarding getElementText on session d94198a6aa3008d5ffaf97f92db0cb0c to remote] DEBUG org.apache.http.wire - http-outgoing-103 >> "[\r][\n]"
11:39:57.075 [Forwarding getElementText on session d94198a6aa3008d5ffaf97f92db0cb0c to remote] DEBUG org.apache.http.wire - http-outgoing-103 << "HTTP/1.1 200 OK[\r][\n]"
11:39:57.075 [Forwarding getElementText on session d94198a6aa3008d5ffaf97f92db0cb0c to remote] DEBUG org.apache.http.wire - http-outgoing-103 << "Content-Length:84[\r][\n]"
11:39:57.075 [Forwarding getElementText on session d94198a6aa3008d5ffaf97f92db0cb0c to remote] DEBUG org.apache.http.wire - http-outgoing-103 << "Content-Type:application/json; charset=utf-8[\r][\n]"
11:39:57.075 [Forwarding getElementText on session d94198a6aa3008d5ffaf97f92db0cb0c to remote] DEBUG org.apache.http.wire - http-outgoing-103 << "Connection:close[\r][\n]"
11:39:57.075 [Forwarding getElementText on session d94198a6aa3008d5ffaf97f92db0cb0c to remote] DEBUG org.apache.http.wire - http-outgoing-103 << "[\r][\n]"
11:39:57.075 [Forwarding getElementText on session d94198a6aa3008d5ffaf97f92db0cb0c to remote] DEBUG org.apache.http.wire - http-outgoing-103 << "{"sessionId":"d94198a6aa3008d5ffaf97f92db0cb0c","status":0,"value":"Search Account"}"
11:39:57.075 [Forwarding getElementText on session d94198a6aa3008d5ffaf97f92db0cb0c to remote] DEBUG org.apache.http.headers - http-outgoing-103 << HTTP/1.1 200 OK
11:39:57.075 [Forwarding getElementText on session d94198a6aa3008d5ffaf97f92db0cb0c to remote] DEBUG org.apache.http.headers - http-outgoing-103 << Content-Length:84
11:39:57.075 [Forwarding getElementText on session d94198a6aa3008d5ffaf97f92db0cb0c to remote] DEBUG org.apache.http.headers - http-outgoing-103 << Content-Type:application/json; charset=utf-8
11:39:57.075 [Forwarding getElementText on session d94198a6aa3008d5ffaf97f92db0cb0c to remote] DEBUG org.apache.http.headers - http-outgoing-103 << Connection:close
11:39:57.075 [Forwarding getElementText on session d94198a6aa3008d5ffaf97f92db0cb0c to remote] DEBUG o.a.h.i.c.DefaultManagedHttpClientConnection - http-outgoing-103: Shutdown connection
11:39:57.076 [Forwarding getElementText on session d94198a6aa3008d5ffaf97f92db0cb0c to remote] DEBUG o.a.h.impl.execchain.MainClientExec - Connection discarded
11:39:57.076 [Forwarding getElementText on session d94198a6aa3008d5ffaf97f92db0cb0c to remote] DEBUG o.a.h.i.c.DefaultManagedHttpClientConnection - http-outgoing-103: Close connection
11:39:57.076 [Forwarding getElementText on session d94198a6aa3008d5ffaf97f92db0cb0c to remote] DEBUG o.a.h.i.c.PoolingHttpClientConnectionManager - Connection released: [id: 103][route: {}->http://localhost:26477][total kept alive: 0; route allocated: 0 of 2000; total allocated: 0 of 2000]
11:39:57.076 [Forwarding getElementText on session d94198a6aa3008d5ffaf97f92db0cb0c to remote] DEBUG o.a.h.c.protocol.RequestAddCookies - CookieSpec selected: best-match
11:39:57.076 [Forwarding getElementText on session d94198a6aa3008d5ffaf97f92db0cb0c to remote] DEBUG o.a.h.c.protocol.RequestAuthCache - Auth cache not set in the context
11:39:57.076 [Forwarding getElementText on session d94198a6aa3008d5ffaf97f92db0cb0c to remote] DEBUG o.a.h.i.c.PoolingHttpClientConnectionManager - Connection request: [route: {}->http://localhost:26477][total kept alive: 0; route allocated: 0 of 2000; total allocated: 0 of 2000]
11:39:57.076 [Forwarding getElementText on session d94198a6aa3008d5ffaf97f92db0cb0c to remote] DEBUG o.a.h.i.c.PoolingHttpClientConnectionManager - Connection leased: [id: 104][route: {}->http://localhost:26477][total kept alive: 0; route allocated: 1 of 2000; total allocated: 1 of 2000]
11:39:57.076 [Forwarding getElementText on session d94198a6aa3008d5ffaf97f92db0cb0c to remote] DEBUG o.a.h.impl.execchain.MainClientExec - Opening connection {}->http://localhost:26477
11:39:57.076 [Forwarding getElementText on session d94198a6aa3008d5ffaf97f92db0cb0c to remote] DEBUG o.a.h.i.c.HttpClientConnectionOperator - Connecting to localhost/127.0.0.1:26477
11:39:57.076 [Forwarding getElementText on session d94198a6aa3008d5ffaf97f92db0cb0c to remote] DEBUG o.a.h.i.c.HttpClientConnectionOperator - Connection established 127.0.0.1:57380<->127.0.0.1:26477
11:39:57.076 [Forwarding getElementText on session d94198a6aa3008d5ffaf97f92db0cb0c to remote] DEBUG o.a.h.impl.execchain.MainClientExec - Executing request GET /session/d94198a6aa3008d5ffaf97f92db0cb0c/element/0.5152662619948387-25/text HTTP/1.1
11:39:57.076 [Forwarding getElementText on session d94198a6aa3008d5ffaf97f92db0cb0c to remote] DEBUG o.a.h.impl.execchain.MainClientExec - Target auth state: UNCHALLENGED
11:39:57.076 [Forwarding getElementText on session d94198a6aa3008d5ffaf97f92db0cb0c to remote] DEBUG o.a.h.impl.execchain.MainClientExec - Proxy auth state: UNCHALLENGED
11:39:57.076 [Forwarding getElementText on session d94198a6aa3008d5ffaf97f92db0cb0c to remote] DEBUG org.apache.http.headers - http-outgoing-104 >> GET /session/d94198a6aa3008d5ffaf97f92db0cb0c/element/0.5152662619948387-25/text HTTP/1.1
11:39:57.076 [Forwarding getElementText on session d94198a6aa3008d5ffaf97f92db0cb0c to remote] DEBUG org.apache.http.headers - http-outgoing-104 >> Cache-Control: no-cache
11:39:57.076 [Forwarding getElementText on session d94198a6aa3008d5ffaf97f92db0cb0c to remote] DEBUG org.apache.http.headers - http-outgoing-104 >> Host: localhost:26477
11:39:57.076 [Forwarding getElementText on session d94198a6aa3008d5ffaf97f92db0cb0c to remote] DEBUG org.apache.http.headers - http-outgoing-104 >> Connection: Keep-Alive
11:39:57.076 [Forwarding getElementText on session d94198a6aa3008d5ffaf97f92db0cb0c to remote] DEBUG org.apache.http.headers - http-outgoing-104 >> User-Agent: Apache-HttpClient/4.3.4 (java 1.5)
11:39:57.076 [Forwarding getElementText on session d94198a6aa3008d5ffaf97f92db0cb0c to remote] DEBUG org.apache.http.headers - http-outgoing-104 >> Accept-Encoding: gzip,deflate
11:39:57.076 [Forwarding getElementText on session d94198a6aa3008d5ffaf97f92db0cb0c to remote] DEBUG org.apache.http.wire - http-outgoing-104 >> "GET /session/d94198a6aa3008d5ffaf97f92db0cb0c/element/0.5152662619948387-25/text HTTP/1.1[\r][\n]"
11:39:57.076 [Forwarding getElementText on session d94198a6aa3008d5ffaf97f92db0cb0c to remote] DEBUG org.apache.http.wire - http-outgoing-104 >> "Cache-Control: no-cache[\r][\n]"
11:39:57.076 [Forwarding getElementText on session d94198a6aa3008d5ffaf97f92db0cb0c to remote] DEBUG org.apache.http.wire - http-outgoing-104 >> "Host: localhost:26477[\r][\n]"
11:39:57.076 [Forwarding getElementText on session d94198a6aa3008d5ffaf97f92db0cb0c to remote] DEBUG org.apache.http.wire - http-outgoing-104 >> "Connection: Keep-Alive[\r][\n]"
11:39:57.076 [Forwarding getElementText on session d94198a6aa3008d5ffaf97f92db0cb0c to remote] DEBUG org.apache.http.wire - http-outgoing-104 >> "User-Agent: Apache-HttpClient/4.3.4 (java 1.5)[\r][\n]"
11:39:57.076 [Forwarding getElementText on session d94198a6aa3008d5ffaf97f92db0cb0c to remote] DEBUG org.apache.http.wire - http-outgoing-104 >> "Accept-Encoding: gzip,deflate[\r][\n]"
11:39:57.076 [Forwarding getElementText on session d94198a6aa3008d5ffaf97f92db0cb0c to remote] DEBUG org.apache.http.wire - http-outgoing-104 >> "[\r][\n]"
11:39:57.091 [Forwarding getElementText on session d94198a6aa3008d5ffaf97f92db0cb0c to remote] DEBUG org.apache.http.wire - http-outgoing-104 << "HTTP/1.1 200 OK[\r][\n]"
11:39:57.091 [Forwarding getElementText on session d94198a6aa3008d5ffaf97f92db0cb0c to remote] DEBUG org.apache.http.wire - http-outgoing-104 << "Content-Length:85[\r][\n]"
11:39:57.091 [Forwarding getElementText on session d94198a6aa3008d5ffaf97f92db0cb0c to remote] DEBUG org.apache.http.wire - http-outgoing-104 << "Content-Type:application/json; charset=utf-8[\r][\n]"
11:39:57.091 [Forwarding getElementText on session d94198a6aa3008d5ffaf97f92db0cb0c to remote] DEBUG org.apache.http.wire - http-outgoing-104 << "Connection:close[\r][\n]"
11:39:57.091 [Forwarding getElementText on session d94198a6aa3008d5ffaf97f92db0cb0c to remote] DEBUG org.apache.http.wire - http-outgoing-104 << "[\r][\n]"
11:39:57.091 [Forwarding getElementText on session d94198a6aa3008d5ffaf97f92db0cb0c to remote] DEBUG org.apache.http.wire - http-outgoing-104 << "{"sessionId":"d94198a6aa3008d5ffaf97f92db0cb0c","status":0,"value":"Voucher Manager"}"
11:39:57.091 [Forwarding getElementText on session d94198a6aa3008d5ffaf97f92db0cb0c to remote] DEBUG org.apache.http.headers - http-outgoing-104 << HTTP/1.1 200 OK
11:39:57.091 [Forwarding getElementText on session d94198a6aa3008d5ffaf97f92db0cb0c to remote] DEBUG org.apache.http.headers - http-outgoing-104 << Content-Length:85
11:39:57.091 [Forwarding getElementText on session d94198a6aa3008d5ffaf97f92db0cb0c to remote] DEBUG org.apache.http.headers - http-outgoing-104 << Content-Type:application/json; charset=utf-8
11:39:57.091 [Forwarding getElementText on session d94198a6aa3008d5ffaf97f92db0cb0c to remote] DEBUG org.apache.http.headers - http-outgoing-104 << Connection:close
11:39:57.091 [Forwarding getElementText on session d94198a6aa3008d5ffaf97f92db0cb0c to remote] DEBUG o.a.h.i.c.DefaultManagedHttpClientConnection - http-outgoing-104: Shutdown connection
11:39:57.091 [Forwarding getElementText on session d94198a6aa3008d5ffaf97f92db0cb0c to remote] DEBUG o.a.h.impl.execchain.MainClientExec - Connection discarded
11:39:57.091 [Forwarding getElementText on session d94198a6aa3008d5ffaf97f92db0cb0c to remote] DEBUG o.a.h.i.c.DefaultManagedHttpClientConnection - http-outgoing-104: Close connection
11:39:57.091 [Forwarding getElementText on session d94198a6aa3008d5ffaf97f92db0cb0c to remote] DEBUG o.a.h.i.c.PoolingHttpClientConnectionManager - Connection released: [id: 104][route: {}->http://localhost:26477][total kept alive: 0; route allocated: 0 of 2000; total allocated: 0 of 2000]
11:39:57.092 [Forwarding getElementText on session d94198a6aa3008d5ffaf97f92db0cb0c to remote] DEBUG o.a.h.c.protocol.RequestAddCookies - CookieSpec selected: best-match
11:39:57.092 [Forwarding getElementText on session d94198a6aa3008d5ffaf97f92db0cb0c to remote] DEBUG o.a.h.c.protocol.RequestAuthCache - Auth cache not set in the context
11:39:57.092 [Forwarding getElementText on session d94198a6aa3008d5ffaf97f92db0cb0c to remote] DEBUG o.a.h.i.c.PoolingHttpClientConnectionManager - Connection request: [route: {}->http://localhost:26477][total kept alive: 0; route allocated: 0 of 2000; total allocated: 0 of 2000]
11:39:57.092 [Forwarding getElementText on session d94198a6aa3008d5ffaf97f92db0cb0c to remote] DEBUG o.a.h.i.c.PoolingHttpClientConnectionManager - Connection leased: [id: 105][route: {}->http://localhost:26477][total kept alive: 0; route allocated: 1 of 2000; total allocated: 1 of 2000]
11:39:57.092 [Forwarding getElementText on session d94198a6aa3008d5ffaf97f92db0cb0c to remote] DEBUG o.a.h.impl.execchain.MainClientExec - Opening connection {}->http://localhost:26477
11:39:57.092 [Forwarding getElementText on session d94198a6aa3008d5ffaf97f92db0cb0c to remote] DEBUG o.a.h.i.c.HttpClientConnectionOperator - Connecting to localhost/127.0.0.1:26477
11:39:57.092 [Forwarding getElementText on session d94198a6aa3008d5ffaf97f92db0cb0c to remote] DEBUG o.a.h.i.c.HttpClientConnectionOperator - Connection established 127.0.0.1:57381<->127.0.0.1:26477
11:39:57.092 [Forwarding getElementText on session d94198a6aa3008d5ffaf97f92db0cb0c to remote] DEBUG o.a.h.impl.execchain.MainClientExec - Executing request GET /session/d94198a6aa3008d5ffaf97f92db0cb0c/element/0.5152662619948387-26/text HTTP/1.1
11:39:57.092 [Forwarding getElementText on session d94198a6aa3008d5ffaf97f92db0cb0c to remote] DEBUG o.a.h.impl.execchain.MainClientExec - Target auth state: UNCHALLENGED
11:39:57.092 [Forwarding getElementText on session d94198a6aa3008d5ffaf97f92db0cb0c to remote] DEBUG o.a.h.impl.execchain.MainClientExec - Proxy auth state: UNCHALLENGED
11:39:57.092 [Forwarding getElementText on session d94198a6aa3008d5ffaf97f92db0cb0c to remote] DEBUG org.apache.http.headers - http-outgoing-105 >> GET /session/d94198a6aa3008d5ffaf97f92db0cb0c/element/0.5152662619948387-26/text HTTP/1.1
11:39:57.092 [Forwarding getElementText on session d94198a6aa3008d5ffaf97f92db0cb0c to remote] DEBUG org.apache.http.headers - http-outgoing-105 >> Cache-Control: no-cache
11:39:57.092 [Forwarding getElementText on session d94198a6aa3008d5ffaf97f92db0cb0c to remote] DEBUG org.apache.http.headers - http-outgoing-105 >> Host: localhost:26477
11:39:57.092 [Forwarding getElementText on session d94198a6aa3008d5ffaf97f92db0cb0c to remote] DEBUG org.apache.http.headers - http-outgoing-105 >> Connection: Keep-Alive
11:39:57.092 [Forwarding getElementText on session d94198a6aa3008d5ffaf97f92db0cb0c to remote] DEBUG org.apache.http.headers - http-outgoing-105 >> User-Agent: Apache-HttpClient/4.3.4 (java 1.5)
11:39:57.092 [Forwarding getElementText on session d94198a6aa3008d5ffaf97f92db0cb0c to remote] DEBUG org.apache.http.headers - http-outgoing-105 >> Accept-Encoding: gzip,deflate
11:39:57.092 [Forwarding getElementText on session d94198a6aa3008d5ffaf97f92db0cb0c to remote] DEBUG org.apache.http.wire - http-outgoing-105 >> "GET /session/d94198a6aa3008d5ffaf97f92db0cb0c/element/0.5152662619948387-26/text HTTP/1.1[\r][\n]"
11:39:57.092 [Forwarding getElementText on session d94198a6aa3008d5ffaf97f92db0cb0c to remote] DEBUG org.apache.http.wire - http-outgoing-105 >> "Cache-Control: no-cache[\r][\n]"
11:39:57.092 [Forwarding getElementText on session d94198a6aa3008d5ffaf97f92db0cb0c to remote] DEBUG org.apache.http.wire - http-outgoing-105 >> "Host: localhost:26477[\r][\n]"
11:39:57.092 [Forwarding getElementText on session d94198a6aa3008d5ffaf97f92db0cb0c to remote] DEBUG org.apache.http.wire - http-outgoing-105 >> "Connection: Keep-Alive[\r][\n]"
11:39:57.092 [Forwarding getElementText on session d94198a6aa3008d5ffaf97f92db0cb0c to remote] DEBUG org.apache.http.wire - http-outgoing-105 >> "User-Agent: Apache-HttpClient/4.3.4 (java 1.5)[\r][\n]"
11:39:57.092 [Forwarding getElementText on session d94198a6aa3008d5ffaf97f92db0cb0c to remote] DEBUG org.apache.http.wire - http-outgoing-105 >> "Accept-Encoding: gzip,deflate[\r][\n]"
11:39:57.092 [Forwarding getElementText on session d94198a6aa3008d5ffaf97f92db0cb0c to remote] DEBUG org.apache.http.wire - http-outgoing-105 >> "[\r][\n]"
11:39:57.097 [Forwarding getElementText on session d94198a6aa3008d5ffaf97f92db0cb0c to remote] DEBUG org.apache.http.wire - http-outgoing-105 << "HTTP/1.1 200 OK[\r][\n]"
11:39:57.097 [Forwarding getElementText on session d94198a6aa3008d5ffaf97f92db0cb0c to remote] DEBUG org.apache.http.wire - http-outgoing-105 << "Content-Length:70[\r][\n]"
11:39:57.097 [Forwarding getElementText on session d94198a6aa3008d5ffaf97f92db0cb0c to remote] DEBUG org.apache.http.wire - http-outgoing-105 << "Content-Type:application/json; charset=utf-8[\r][\n]"
11:39:57.097 [Forwarding getElementText on session d94198a6aa3008d5ffaf97f92db0cb0c to remote] DEBUG org.apache.http.wire - http-outgoing-105 << "Connection:close[\r][\n]"
11:39:57.097 [Forwarding getElementText on session d94198a6aa3008d5ffaf97f92db0cb0c to remote] DEBUG org.apache.http.wire - http-outgoing-105 << "[\r][\n]"
11:39:57.097 [Forwarding getElementText on session d94198a6aa3008d5ffaf97f92db0cb0c to remote] DEBUG org.apache.http.wire - http-outgoing-105 << "{"sessionId":"d94198a6aa3008d5ffaf97f92db0cb0c","status":0,"value":""}"
11:39:57.097 [Forwarding getElementText on session d94198a6aa3008d5ffaf97f92db0cb0c to remote] DEBUG org.apache.http.headers - http-outgoing-105 << HTTP/1.1 200 OK
11:39:57.097 [Forwarding getElementText on session d94198a6aa3008d5ffaf97f92db0cb0c to remote] DEBUG org.apache.http.headers - http-outgoing-105 << Content-Length:70
11:39:57.097 [Forwarding getElementText on session d94198a6aa3008d5ffaf97f92db0cb0c to remote] DEBUG org.apache.http.headers - http-outgoing-105 << Content-Type:application/json; charset=utf-8
11:39:57.097 [Forwarding getElementText on session d94198a6aa3008d5ffaf97f92db0cb0c to remote] DEBUG org.apache.http.headers - http-outgoing-105 << Connection:close
11:39:57.097 [Forwarding getElementText on session d94198a6aa3008d5ffaf97f92db0cb0c to remote] DEBUG o.a.h.i.c.DefaultManagedHttpClientConnection - http-outgoing-105: Shutdown connection
11:39:57.097 [Forwarding getElementText on session d94198a6aa3008d5ffaf97f92db0cb0c to remote] DEBUG o.a.h.impl.execchain.MainClientExec - Connection discarded
11:39:57.097 [Forwarding getElementText on session d94198a6aa3008d5ffaf97f92db0cb0c to remote] DEBUG o.a.h.i.c.DefaultManagedHttpClientConnection - http-outgoing-105: Close connection
11:39:57.097 [Forwarding getElementText on session d94198a6aa3008d5ffaf97f92db0cb0c to remote] DEBUG o.a.h.i.c.PoolingHttpClientConnectionManager - Connection released: [id: 105][route: {}->http://localhost:26477][total kept alive: 0; route allocated: 0 of 2000; total allocated: 0 of 2000]
11:39:57.097 [Forwarding getElementText on session d94198a6aa3008d5ffaf97f92db0cb0c to remote] DEBUG o.a.h.c.protocol.RequestAddCookies - CookieSpec selected: best-match
11:39:57.097 [Forwarding getElementText on session d94198a6aa3008d5ffaf97f92db0cb0c to remote] DEBUG o.a.h.c.protocol.RequestAuthCache - Auth cache not set in the context
11:39:57.097 [Forwarding getElementText on session d94198a6aa3008d5ffaf97f92db0cb0c to remote] DEBUG o.a.h.i.c.PoolingHttpClientConnectionManager - Connection request: [route: {}->http://localhost:26477][total kept alive: 0; route allocated: 0 of 2000; total allocated: 0 of 2000]
11:39:57.097 [Forwarding getElementText on session d94198a6aa3008d5ffaf97f92db0cb0c to remote] DEBUG o.a.h.i.c.PoolingHttpClientConnectionManager - Connection leased: [id: 106][route: {}->http://localhost:26477][total kept alive: 0; route allocated: 1 of 2000; total allocated: 1 of 2000]
11:39:57.097 [Forwarding getElementText on session d94198a6aa3008d5ffaf97f92db0cb0c to remote] DEBUG o.a.h.impl.execchain.MainClientExec - Opening connection {}->http://localhost:26477
11:39:57.098 [Forwarding getElementText on session d94198a6aa3008d5ffaf97f92db0cb0c to remote] DEBUG o.a.h.i.c.HttpClientConnectionOperator - Connecting to localhost/127.0.0.1:26477
11:39:57.098 [Forwarding getElementText on session d94198a6aa3008d5ffaf97f92db0cb0c to remote] DEBUG o.a.h.i.c.HttpClientConnectionOperator - Connection established 127.0.0.1:57382<->127.0.0.1:26477
11:39:57.098 [Forwarding getElementText on session d94198a6aa3008d5ffaf97f92db0cb0c to remote] DEBUG o.a.h.impl.execchain.MainClientExec - Executing request GET /session/d94198a6aa3008d5ffaf97f92db0cb0c/element/0.5152662619948387-27/text HTTP/1.1
11:39:57.098 [Forwarding getElementText on session d94198a6aa3008d5ffaf97f92db0cb0c to remote] DEBUG o.a.h.impl.execchain.MainClientExec - Target auth state: UNCHALLENGED
11:39:57.098 [Forwarding getElementText on session d94198a6aa3008d5ffaf97f92db0cb0c to remote] DEBUG o.a.h.impl.execchain.MainClientExec - Proxy auth state: UNCHALLENGED
11:39:57.098 [Forwarding getElementText on session d94198a6aa3008d5ffaf97f92db0cb0c to remote] DEBUG org.apache.http.headers - http-outgoing-106 >> GET /session/d94198a6aa3008d5ffaf97f92db0cb0c/element/0.5152662619948387-27/text HTTP/1.1
11:39:57.098 [Forwarding getElementText on session d94198a6aa3008d5ffaf97f92db0cb0c to remote] DEBUG org.apache.http.headers - http-outgoing-106 >> Cache-Control: no-cache
11:39:57.098 [Forwarding getElementText on session d94198a6aa3008d5ffaf97f92db0cb0c to remote] DEBUG org.apache.http.headers - http-outgoing-106 >> Host: localhost:26477
11:39:57.098 [Forwarding getElementText on session d94198a6aa3008d5ffaf97f92db0cb0c to remote] DEBUG org.apache.http.headers - http-outgoing-106 >> Connection: Keep-Alive
11:39:57.098 [Forwarding getElementText on session d94198a6aa3008d5ffaf97f92db0cb0c to remote] DEBUG org.apache.http.headers - http-outgoing-106 >> User-Agent: Apache-HttpClient/4.3.4 (java 1.5)
11:39:57.098 [Forwarding getElementText on session d94198a6aa3008d5ffaf97f92db0cb0c to remote] DEBUG org.apache.http.headers - http-outgoing-106 >> Accept-Encoding: gzip,deflate
11:39:57.098 [Forwarding getElementText on session d94198a6aa3008d5ffaf97f92db0cb0c to remote] DEBUG org.apache.http.wire - http-outgoing-106 >> "GET /session/d94198a6aa3008d5ffaf97f92db0cb0c/element/0.5152662619948387-27/text HTTP/1.1[\r][\n]"
11:39:57.098 [Forwarding getElementText on session d94198a6aa3008d5ffaf97f92db0cb0c to remote] DEBUG org.apache.http.wire - http-outgoing-106 >> "Cache-Control: no-cache[\r][\n]"
11:39:57.098 [Forwarding getElementText on session d94198a6aa3008d5ffaf97f92db0cb0c to remote] DEBUG org.apache.http.wire - http-outgoing-106 >> "Host: localhost:26477[\r][\n]"
11:39:57.098 [Forwarding getElementText on session d94198a6aa3008d5ffaf97f92db0cb0c to remote] DEBUG org.apache.http.wire - http-outgoing-106 >> "Connection: Keep-Alive[\r][\n]"
11:39:57.098 [Forwarding getElementText on session d94198a6aa3008d5ffaf97f92db0cb0c to remote] DEBUG org.apache.http.wire - http-outgoing-106 >> "User-Agent: Apache-HttpClient/4.3.4 (java 1.5)[\r][\n]"
11:39:57.098 [Forwarding getElementText on session d94198a6aa3008d5ffaf97f92db0cb0c to remote] DEBUG org.apache.http.wire - http-outgoing-106 >> "Accept-Encoding: gzip,deflate[\r][\n]"
11:39:57.098 [Forwarding getElementText on session d94198a6aa3008d5ffaf97f92db0cb0c to remote] DEBUG org.apache.http.wire - http-outgoing-106 >> "[\r][\n]"
11:39:57.110 [Forwarding getElementText on session d94198a6aa3008d5ffaf97f92db0cb0c to remote] DEBUG org.apache.http.wire - http-outgoing-106 << "HTTP/1.1 200 OK[\r][\n]"
11:39:57.110 [Forwarding getElementText on session d94198a6aa3008d5ffaf97f92db0cb0c to remote] DEBUG org.apache.http.wire - http-outgoing-106 << "Content-Length:70[\r][\n]"
11:39:57.110 [Forwarding getElementText on session d94198a6aa3008d5ffaf97f92db0cb0c to remote] DEBUG org.apache.http.wire - http-outgoing-106 << "Content-Type:application/json; charset=utf-8[\r][\n]"
11:39:57.110 [Forwarding getElementText on session d94198a6aa3008d5ffaf97f92db0cb0c to remote] DEBUG org.apache.http.wire - http-outgoing-106 << "Connection:close[\r][\n]"
11:39:57.110 [Forwarding getElementText on session d94198a6aa3008d5ffaf97f92db0cb0c to remote] DEBUG org.apache.http.wire - http-outgoing-106 << "[\r][\n]"
11:39:57.110 [Forwarding getElementText on session d94198a6aa3008d5ffaf97f92db0cb0c to remote] DEBUG org.apache.http.wire - http-outgoing-106 << "{"sessionId":"d94198a6aa3008d5ffaf97f92db0cb0c","status":0,"value":""}"
11:39:57.110 [Forwarding getElementText on session d94198a6aa3008d5ffaf97f92db0cb0c to remote] DEBUG org.apache.http.headers - http-outgoing-106 << HTTP/1.1 200 OK
11:39:57.110 [Forwarding getElementText on session d94198a6aa3008d5ffaf97f92db0cb0c to remote] DEBUG org.apache.http.headers - http-outgoing-106 << Content-Length:70
11:39:57.110 [Forwarding getElementText on session d94198a6aa3008d5ffaf97f92db0cb0c to remote] DEBUG org.apache.http.headers - http-outgoing-106 << Content-Type:application/json; charset=utf-8
11:39:57.110 [Forwarding getElementText on session d94198a6aa3008d5ffaf97f92db0cb0c to remote] DEBUG org.apache.http.headers - http-outgoing-106 << Connection:close
11:39:57.110 [Forwarding getElementText on session d94198a6aa3008d5ffaf97f92db0cb0c to remote] DEBUG o.a.h.i.c.DefaultManagedHttpClientConnection - http-outgoing-106: Shutdown connection
11:39:57.110 [Forwarding getElementText on session d94198a6aa3008d5ffaf97f92db0cb0c to remote] DEBUG o.a.h.impl.execchain.MainClientExec - Connection discarded
11:39:57.110 [Forwarding getElementText on session d94198a6aa3008d5ffaf97f92db0cb0c to remote] DEBUG o.a.h.i.c.DefaultManagedHttpClientConnection - http-outgoing-106: Close connection
11:39:57.110 [Forwarding getElementText on session d94198a6aa3008d5ffaf97f92db0cb0c to remote] DEBUG o.a.h.i.c.PoolingHttpClientConnectionManager - Connection released: [id: 106][route: {}->http://localhost:26477][total kept alive: 0; route allocated: 0 of 2000; total allocated: 0 of 2000]
11:39:57.111 [Forwarding getElementText on session d94198a6aa3008d5ffaf97f92db0cb0c to remote] DEBUG o.a.h.c.protocol.RequestAddCookies - CookieSpec selected: best-match
11:39:57.111 [Forwarding getElementText on session d94198a6aa3008d5ffaf97f92db0cb0c to remote] DEBUG o.a.h.c.protocol.RequestAuthCache - Auth cache not set in the context
11:39:57.111 [Forwarding getElementText on session d94198a6aa3008d5ffaf97f92db0cb0c to remote] DEBUG o.a.h.i.c.PoolingHttpClientConnectionManager - Connection request: [route: {}->http://localhost:26477][total kept alive: 0; route allocated: 0 of 2000; total allocated: 0 of 2000]
11:39:57.111 [Forwarding getElementText on session d94198a6aa3008d5ffaf97f92db0cb0c to remote] DEBUG o.a.h.i.c.PoolingHttpClientConnectionManager - Connection leased: [id: 107][route: {}->http://localhost:26477][total kept alive: 0; route allocated: 1 of 2000; total allocated: 1 of 2000]
11:39:57.111 [Forwarding getElementText on session d94198a6aa3008d5ffaf97f92db0cb0c to remote] DEBUG o.a.h.impl.execchain.MainClientExec - Opening connection {}->http://localhost:26477
11:39:57.111 [Forwarding getElementText on session d94198a6aa3008d5ffaf97f92db0cb0c to remote] DEBUG o.a.h.i.c.HttpClientConnectionOperator - Connecting to localhost/127.0.0.1:26477
11:39:57.111 [Forwarding getElementText on session d94198a6aa3008d5ffaf97f92db0cb0c to remote] DEBUG o.a.h.i.c.HttpClientConnectionOperator - Connection established 127.0.0.1:57383<->127.0.0.1:26477
11:39:57.111 [Forwarding getElementText on session d94198a6aa3008d5ffaf97f92db0cb0c to remote] DEBUG o.a.h.impl.execchain.MainClientExec - Executing request GET /session/d94198a6aa3008d5ffaf97f92db0cb0c/element/0.5152662619948387-28/text HTTP/1.1
11:39:57.111 [Forwarding getElementText on session d94198a6aa3008d5ffaf97f92db0cb0c to remote] DEBUG o.a.h.impl.execchain.MainClientExec - Target auth state: UNCHALLENGED
11:39:57.111 [Forwarding getElementText on session d94198a6aa3008d5ffaf97f92db0cb0c to remote] DEBUG o.a.h.impl.execchain.MainClientExec - Proxy auth state: UNCHALLENGED
11:39:57.111 [Forwarding getElementText on session d94198a6aa3008d5ffaf97f92db0cb0c to remote] DEBUG org.apache.http.headers - http-outgoing-107 >> GET /session/d94198a6aa3008d5ffaf97f92db0cb0c/element/0.5152662619948387-28/text HTTP/1.1
11:39:57.111 [Forwarding getElementText on session d94198a6aa3008d5ffaf97f92db0cb0c to remote] DEBUG org.apache.http.headers - http-outgoing-107 >> Cache-Control: no-cache
11:39:57.111 [Forwarding getElementText on session d94198a6aa3008d5ffaf97f92db0cb0c to remote] DEBUG org.apache.http.headers - http-outgoing-107 >> Host: localhost:26477
11:39:57.111 [Forwarding getElementText on session d94198a6aa3008d5ffaf97f92db0cb0c to remote] DEBUG org.apache.http.headers - http-outgoing-107 >> Connection: Keep-Alive
11:39:57.111 [Forwarding getElementText on session d94198a6aa3008d5ffaf97f92db0cb0c to remote] DEBUG org.apache.http.headers - http-outgoing-107 >> User-Agent: Apache-HttpClient/4.3.4 (java 1.5)
11:39:57.111 [Forwarding getElementText on session d94198a6aa3008d5ffaf97f92db0cb0c to remote] DEBUG org.apache.http.headers - http-outgoing-107 >> Accept-Encoding: gzip,deflate
11:39:57.111 [Forwarding getElementText on session d94198a6aa3008d5ffaf97f92db0cb0c to remote] DEBUG org.apache.http.wire - http-outgoing-107 >> "GET /session/d94198a6aa3008d5ffaf97f92db0cb0c/element/0.5152662619948387-28/text HTTP/1.1[\r][\n]"
11:39:57.111 [Forwarding getElementText on session d94198a6aa3008d5ffaf97f92db0cb0c to remote] DEBUG org.apache.http.wire - http-outgoing-107 >> "Cache-Control: no-cache[\r][\n]"
11:39:57.111 [Forwarding getElementText on session d94198a6aa3008d5ffaf97f92db0cb0c to remote] DEBUG org.apache.http.wire - http-outgoing-107 >> "Host: localhost:26477[\r][\n]"
11:39:57.111 [Forwarding getElementText on session d94198a6aa3008d5ffaf97f92db0cb0c to remote] DEBUG org.apache.http.wire - http-outgoing-107 >> "Connection: Keep-Alive[\r][\n]"
11:39:57.111 [Forwarding getElementText on session d94198a6aa3008d5ffaf97f92db0cb0c to remote] DEBUG org.apache.http.wire - http-outgoing-107 >> "User-Agent: Apache-HttpClient/4.3.4 (java 1.5)[\r][\n]"
11:39:57.111 [Forwarding getElementText on session d94198a6aa3008d5ffaf97f92db0cb0c to remote] DEBUG org.apache.http.wire - http-outgoing-107 >> "Accept-Encoding: gzip,deflate[\r][\n]"
11:39:57.111 [Forwarding getElementText on session d94198a6aa3008d5ffaf97f92db0cb0c to remote] DEBUG org.apache.http.wire - http-outgoing-107 >> "[\r][\n]"
11:39:57.117 [Forwarding getElementText on session d94198a6aa3008d5ffaf97f92db0cb0c to remote] DEBUG org.apache.http.wire - http-outgoing-107 << "HTTP/1.1 200 OK[\r][\n]"
11:39:57.117 [Forwarding getElementText on session d94198a6aa3008d5ffaf97f92db0cb0c to remote] DEBUG org.apache.http.wire - http-outgoing-107 << "Content-Length:70[\r][\n]"
11:39:57.117 [Forwarding getElementText on session d94198a6aa3008d5ffaf97f92db0cb0c to remote] DEBUG org.apache.http.wire - http-outgoing-107 << "Content-Type:application/json; charset=utf-8[\r][\n]"
11:39:57.117 [Forwarding getElementText on session d94198a6aa3008d5ffaf97f92db0cb0c to remote] DEBUG org.apache.http.wire - http-outgoing-107 << "Connection:close[\r][\n]"
11:39:57.117 [Forwarding getElementText on session d94198a6aa3008d5ffaf97f92db0cb0c to remote] DEBUG org.apache.http.wire - http-outgoing-107 << "[\r][\n]"
11:39:57.117 [Forwarding getElementText on session d94198a6aa3008d5ffaf97f92db0cb0c to remote] DEBUG org.apache.http.wire - http-outgoing-107 << "{"sessionId":"d94198a6aa3008d5ffaf97f92db0cb0c","status":0,"value":""}"
11:39:57.117 [Forwarding getElementText on session d94198a6aa3008d5ffaf97f92db0cb0c to remote] DEBUG org.apache.http.headers - http-outgoing-107 << HTTP/1.1 200 OK
11:39:57.117 [Forwarding getElementText on session d94198a6aa3008d5ffaf97f92db0cb0c to remote] DEBUG org.apache.http.headers - http-outgoing-107 << Content-Length:70
11:39:57.117 [Forwarding getElementText on session d94198a6aa3008d5ffaf97f92db0cb0c to remote] DEBUG org.apache.http.headers - http-outgoing-107 << Content-Type:application/json; charset=utf-8
11:39:57.117 [Forwarding getElementText on session d94198a6aa3008d5ffaf97f92db0cb0c to remote] DEBUG org.apache.http.headers - http-outgoing-107 << Connection:close
11:39:57.117 [Forwarding getElementText on session d94198a6aa3008d5ffaf97f92db0cb0c to remote] DEBUG o.a.h.i.c.DefaultManagedHttpClientConnection - http-outgoing-107: Shutdown connection
11:39:57.117 [Forwarding getElementText on session d94198a6aa3008d5ffaf97f92db0cb0c to remote] DEBUG o.a.h.impl.execchain.MainClientExec - Connection discarded
11:39:57.117 [Forwarding getElementText on session d94198a6aa3008d5ffaf97f92db0cb0c to remote] DEBUG o.a.h.i.c.DefaultManagedHttpClientConnection - http-outgoing-107: Close connection
11:39:57.117 [Forwarding getElementText on session d94198a6aa3008d5ffaf97f92db0cb0c to remote] DEBUG o.a.h.i.c.PoolingHttpClientConnectionManager - Connection released: [id: 107][route: {}->http://localhost:26477][total kept alive: 0; route allocated: 0 of 2000; total allocated: 0 of 2000]
11:39:57.118 [Forwarding getElementText on session d94198a6aa3008d5ffaf97f92db0cb0c to remote] DEBUG o.a.h.c.protocol.RequestAddCookies - CookieSpec selected: best-match
11:39:57.118 [Forwarding getElementText on session d94198a6aa3008d5ffaf97f92db0cb0c to remote] DEBUG o.a.h.c.protocol.RequestAuthCache - Auth cache not set in the context
11:39:57.118 [Forwarding getElementText on session d94198a6aa3008d5ffaf97f92db0cb0c to remote] DEBUG o.a.h.i.c.PoolingHttpClientConnectionManager - Connection request: [route: {}->http://localhost:26477][total kept alive: 0; route allocated: 0 of 2000; total allocated: 0 of 2000]
11:39:57.118 [Forwarding getElementText on session d94198a6aa3008d5ffaf97f92db0cb0c to remote] DEBUG o.a.h.i.c.PoolingHttpClientConnectionManager - Connection leased: [id: 108][route: {}->http://localhost:26477][total kept alive: 0; route allocated: 1 of 2000; total allocated: 1 of 2000]
11:39:57.118 [Forwarding getElementText on session d94198a6aa3008d5ffaf97f92db0cb0c to remote] DEBUG o.a.h.impl.execchain.MainClientExec - Opening connection {}->http://localhost:26477
11:39:57.118 [Forwarding getElementText on session d94198a6aa3008d5ffaf97f92db0cb0c to remote] DEBUG o.a.h.i.c.HttpClientConnectionOperator - Connecting to localhost/127.0.0.1:26477
11:39:57.118 [Forwarding getElementText on session d94198a6aa3008d5ffaf97f92db0cb0c to remote] DEBUG o.a.h.i.c.HttpClientConnectionOperator - Connection established 127.0.0.1:57384<->127.0.0.1:26477
11:39:57.118 [Forwarding getElementText on session d94198a6aa3008d5ffaf97f92db0cb0c to remote] DEBUG o.a.h.impl.execchain.MainClientExec - Executing request GET /session/d94198a6aa3008d5ffaf97f92db0cb0c/element/0.5152662619948387-29/text HTTP/1.1
11:39:57.118 [Forwarding getElementText on session d94198a6aa3008d5ffaf97f92db0cb0c to remote] DEBUG o.a.h.impl.execchain.MainClientExec - Target auth state: UNCHALLENGED
11:39:57.118 [Forwarding getElementText on session d94198a6aa3008d5ffaf97f92db0cb0c to remote] DEBUG o.a.h.impl.execchain.MainClientExec - Proxy auth state: UNCHALLENGED
11:39:57.118 [Forwarding getElementText on session d94198a6aa3008d5ffaf97f92db0cb0c to remote] DEBUG org.apache.http.headers - http-outgoing-108 >> GET /session/d94198a6aa3008d5ffaf97f92db0cb0c/element/0.5152662619948387-29/text HTTP/1.1
11:39:57.118 [Forwarding getElementText on session d94198a6aa3008d5ffaf97f92db0cb0c to remote] DEBUG org.apache.http.headers - http-outgoing-108 >> Cache-Control: no-cache
11:39:57.118 [Forwarding getElementText on session d94198a6aa3008d5ffaf97f92db0cb0c to remote] DEBUG org.apache.http.headers - http-outgoing-108 >> Host: localhost:26477
11:39:57.118 [Forwarding getElementText on session d94198a6aa3008d5ffaf97f92db0cb0c to remote] DEBUG org.apache.http.headers - http-outgoing-108 >> Connection: Keep-Alive
11:39:57.118 [Forwarding getElementText on session d94198a6aa3008d5ffaf97f92db0cb0c to remote] DEBUG org.apache.http.headers - http-outgoing-108 >> User-Agent: Apache-HttpClient/4.3.4 (java 1.5)
11:39:57.118 [Forwarding getElementText on session d94198a6aa3008d5ffaf97f92db0cb0c to remote] DEBUG org.apache.http.headers - http-outgoing-108 >> Accept-Encoding: gzip,deflate
11:39:57.118 [Forwarding getElementText on session d94198a6aa3008d5ffaf97f92db0cb0c to remote] DEBUG org.apache.http.wire - http-outgoing-108 >> "GET /session/d94198a6aa3008d5ffaf97f92db0cb0c/element/0.5152662619948387-29/text HTTP/1.1[\r][\n]"
11:39:57.118 [Forwarding getElementText on session d94198a6aa3008d5ffaf97f92db0cb0c to remote] DEBUG org.apache.http.wire - http-outgoing-108 >> "Cache-Control: no-cache[\r][\n]"
11:39:57.118 [Forwarding getElementText on session d94198a6aa3008d5ffaf97f92db0cb0c to remote] DEBUG org.apache.http.wire - http-outgoing-108 >> "Host: localhost:26477[\r][\n]"
11:39:57.118 [Forwarding getElementText on session d94198a6aa3008d5ffaf97f92db0cb0c to remote] DEBUG org.apache.http.wire - http-outgoing-108 >> "Connection: Keep-Alive[\r][\n]"
11:39:57.118 [Forwarding getElementText on session d94198a6aa3008d5ffaf97f92db0cb0c to remote] DEBUG org.apache.http.wire - http-outgoing-108 >> "User-Agent: Apache-HttpClient/4.3.4 (java 1.5)[\r][\n]"
11:39:57.118 [Forwarding getElementText on session d94198a6aa3008d5ffaf97f92db0cb0c to remote] DEBUG org.apache.http.wire - http-outgoing-108 >> "Accept-Encoding: gzip,deflate[\r][\n]"
11:39:57.118 [Forwarding getElementText on session d94198a6aa3008d5ffaf97f92db0cb0c to remote] DEBUG org.apache.http.wire - http-outgoing-108 >> "[\r][\n]"
11:39:57.132 [Forwarding getElementText on session d94198a6aa3008d5ffaf97f92db0cb0c to remote] DEBUG org.apache.http.wire - http-outgoing-108 << "HTTP/1.1 200 OK[\r][\n]"
11:39:57.132 [Forwarding getElementText on session d94198a6aa3008d5ffaf97f92db0cb0c to remote] DEBUG org.apache.http.wire - http-outgoing-108 << "Content-Length:70[\r][\n]"
11:39:57.132 [Forwarding getElementText on session d94198a6aa3008d5ffaf97f92db0cb0c to remote] DEBUG org.apache.http.wire - http-outgoing-108 << "Content-Type:application/json; charset=utf-8[\r][\n]"
11:39:57.132 [Forwarding getElementText on session d94198a6aa3008d5ffaf97f92db0cb0c to remote] DEBUG org.apache.http.wire - http-outgoing-108 << "Connection:close[\r][\n]"
11:39:57.132 [Forwarding getElementText on session d94198a6aa3008d5ffaf97f92db0cb0c to remote] DEBUG org.apache.http.wire - http-outgoing-108 << "[\r][\n]"
11:39:57.132 [Forwarding getElementText on session d94198a6aa3008d5ffaf97f92db0cb0c to remote] DEBUG org.apache.http.wire - http-outgoing-108 << "{"sessionId":"d94198a6aa3008d5ffaf97f92db0cb0c","status":0,"value":""}"
11:39:57.132 [Forwarding getElementText on session d94198a6aa3008d5ffaf97f92db0cb0c to remote] DEBUG org.apache.http.headers - http-outgoing-108 << HTTP/1.1 200 OK
11:39:57.132 [Forwarding getElementText on session d94198a6aa3008d5ffaf97f92db0cb0c to remote] DEBUG org.apache.http.headers - http-outgoing-108 << Content-Length:70
11:39:57.132 [Forwarding getElementText on session d94198a6aa3008d5ffaf97f92db0cb0c to remote] DEBUG org.apache.http.headers - http-outgoing-108 << Content-Type:application/json; charset=utf-8
11:39:57.132 [Forwarding getElementText on session d94198a6aa3008d5ffaf97f92db0cb0c to remote] DEBUG org.apache.http.headers - http-outgoing-108 << Connection:close
11:39:57.132 [Forwarding getElementText on session d94198a6aa3008d5ffaf97f92db0cb0c to remote] DEBUG o.a.h.i.c.DefaultManagedHttpClientConnection - http-outgoing-108: Shutdown connection
11:39:57.132 [Forwarding getElementText on session d94198a6aa3008d5ffaf97f92db0cb0c to remote] DEBUG o.a.h.impl.execchain.MainClientExec - Connection discarded
11:39:57.132 [Forwarding getElementText on session d94198a6aa3008d5ffaf97f92db0cb0c to remote] DEBUG o.a.h.i.c.DefaultManagedHttpClientConnection - http-outgoing-108: Close connection
11:39:57.132 [Forwarding getElementText on session d94198a6aa3008d5ffaf97f92db0cb0c to remote] DEBUG o.a.h.i.c.PoolingHttpClientConnectionManager - Connection released: [id: 108][route: {}->http://localhost:26477][total kept alive: 0; route allocated: 0 of 2000; total allocated: 0 of 2000]
11:39:57.133 [Forwarding getElementText on session d94198a6aa3008d5ffaf97f92db0cb0c to remote] DEBUG o.a.h.c.protocol.RequestAddCookies - CookieSpec selected: best-match
11:39:57.133 [Forwarding getElementText on session d94198a6aa3008d5ffaf97f92db0cb0c to remote] DEBUG o.a.h.c.protocol.RequestAuthCache - Auth cache not set in the context
11:39:57.133 [Forwarding getElementText on session d94198a6aa3008d5ffaf97f92db0cb0c to remote] DEBUG o.a.h.i.c.PoolingHttpClientConnectionManager - Connection request: [route: {}->http://localhost:26477][total kept alive: 0; route allocated: 0 of 2000; total allocated: 0 of 2000]
11:39:57.133 [Forwarding getElementText on session d94198a6aa3008d5ffaf97f92db0cb0c to remote] DEBUG o.a.h.i.c.PoolingHttpClientConnectionManager - Connection leased: [id: 109][route: {}->http://localhost:26477][total kept alive: 0; route allocated: 1 of 2000; total allocated: 1 of 2000]
11:39:57.133 [Forwarding getElementText on session d94198a6aa3008d5ffaf97f92db0cb0c to remote] DEBUG o.a.h.impl.execchain.MainClientExec - Opening connection {}->http://localhost:26477
11:39:57.133 [Forwarding getElementText on session d94198a6aa3008d5ffaf97f92db0cb0c to remote] DEBUG o.a.h.i.c.HttpClientConnectionOperator - Connecting to localhost/127.0.0.1:26477
11:39:57.133 [Forwarding getElementText on session d94198a6aa3008d5ffaf97f92db0cb0c to remote] DEBUG o.a.h.i.c.HttpClientConnectionOperator - Connection established 127.0.0.1:57385<->127.0.0.1:26477
11:39:57.133 [Forwarding getElementText on session d94198a6aa3008d5ffaf97f92db0cb0c to remote] DEBUG o.a.h.impl.execchain.MainClientExec - Executing request GET /session/d94198a6aa3008d5ffaf97f92db0cb0c/element/0.5152662619948387-30/text HTTP/1.1
11:39:57.133 [Forwarding getElementText on session d94198a6aa3008d5ffaf97f92db0cb0c to remote] DEBUG o.a.h.impl.execchain.MainClientExec - Target auth state: UNCHALLENGED
11:39:57.133 [Forwarding getElementText on session d94198a6aa3008d5ffaf97f92db0cb0c to remote] DEBUG o.a.h.impl.execchain.MainClientExec - Proxy auth state: UNCHALLENGED
11:39:57.133 [Forwarding getElementText on session d94198a6aa3008d5ffaf97f92db0cb0c to remote] DEBUG org.apache.http.headers - http-outgoing-109 >> GET /session/d94198a6aa3008d5ffaf97f92db0cb0c/element/0.5152662619948387-30/text HTTP/1.1
11:39:57.133 [Forwarding getElementText on session d94198a6aa3008d5ffaf97f92db0cb0c to remote] DEBUG org.apache.http.headers - http-outgoing-109 >> Cache-Control: no-cache
11:39:57.133 [Forwarding getElementText on session d94198a6aa3008d5ffaf97f92db0cb0c to remote] DEBUG org.apache.http.headers - http-outgoing-109 >> Host: localhost:26477
11:39:57.133 [Forwarding getElementText on session d94198a6aa3008d5ffaf97f92db0cb0c to remote] DEBUG org.apache.http.headers - http-outgoing-109 >> Connection: Keep-Alive
11:39:57.133 [Forwarding getElementText on session d94198a6aa3008d5ffaf97f92db0cb0c to remote] DEBUG org.apache.http.headers - http-outgoing-109 >> User-Agent: Apache-HttpClient/4.3.4 (java 1.5)
11:39:57.133 [Forwarding getElementText on session d94198a6aa3008d5ffaf97f92db0cb0c to remote] DEBUG org.apache.http.headers - http-outgoing-109 >> Accept-Encoding: gzip,deflate
11:39:57.133 [Forwarding getElementText on session d94198a6aa3008d5ffaf97f92db0cb0c to remote] DEBUG org.apache.http.wire - http-outgoing-109 >> "GET /session/d94198a6aa3008d5ffaf97f92db0cb0c/element/0.5152662619948387-30/text HTTP/1.1[\r][\n]"
11:39:57.133 [Forwarding getElementText on session d94198a6aa3008d5ffaf97f92db0cb0c to remote] DEBUG org.apache.http.wire - http-outgoing-109 >> "Cache-Control: no-cache[\r][\n]"
11:39:57.133 [Forwarding getElementText on session d94198a6aa3008d5ffaf97f92db0cb0c to remote] DEBUG org.apache.http.wire - http-outgoing-109 >> "Host: localhost:26477[\r][\n]"
11:39:57.133 [Forwarding getElementText on session d94198a6aa3008d5ffaf97f92db0cb0c to remote] DEBUG org.apache.http.wire - http-outgoing-109 >> "Connection: Keep-Alive[\r][\n]"
11:39:57.133 [Forwarding getElementText on session d94198a6aa3008d5ffaf97f92db0cb0c to remote] DEBUG org.apache.http.wire - http-outgoing-109 >> "User-Agent: Apache-HttpClient/4.3.4 (java 1.5)[\r][\n]"
11:39:57.133 [Forwarding getElementText on session d94198a6aa3008d5ffaf97f92db0cb0c to remote] DEBUG org.apache.http.wire - http-outgoing-109 >> "Accept-Encoding: gzip,deflate[\r][\n]"
11:39:57.133 [Forwarding getElementText on session d94198a6aa3008d5ffaf97f92db0cb0c to remote] DEBUG org.apache.http.wire - http-outgoing-109 >> "[\r][\n]"
11:39:57.139 [Forwarding getElementText on session d94198a6aa3008d5ffaf97f92db0cb0c to remote] DEBUG org.apache.http.wire - http-outgoing-109 << "HTTP/1.1 200 OK[\r][\n]"
11:39:57.139 [Forwarding getElementText on session d94198a6aa3008d5ffaf97f92db0cb0c to remote] DEBUG org.apache.http.wire - http-outgoing-109 << "Content-Length:70[\r][\n]"
11:39:57.139 [Forwarding getElementText on session d94198a6aa3008d5ffaf97f92db0cb0c to remote] DEBUG org.apache.http.wire - http-outgoing-109 << "Content-Type:application/json; charset=utf-8[\r][\n]"
11:39:57.139 [Forwarding getElementText on session d94198a6aa3008d5ffaf97f92db0cb0c to remote] DEBUG org.apache.http.wire - http-outgoing-109 << "Connection:close[\r][\n]"
11:39:57.139 [Forwarding getElementText on session d94198a6aa3008d5ffaf97f92db0cb0c to remote] DEBUG org.apache.http.wire - http-outgoing-109 << "[\r][\n]"
11:39:57.139 [Forwarding getElementText on session d94198a6aa3008d5ffaf97f92db0cb0c to remote] DEBUG org.apache.http.wire - http-outgoing-109 << "{"sessionId":"d94198a6aa3008d5ffaf97f92db0cb0c","status":0,"value":""}"
11:39:57.139 [Forwarding getElementText on session d94198a6aa3008d5ffaf97f92db0cb0c to remote] DEBUG org.apache.http.headers - http-outgoing-109 << HTTP/1.1 200 OK
11:39:57.139 [Forwarding getElementText on session d94198a6aa3008d5ffaf97f92db0cb0c to remote] DEBUG org.apache.http.headers - http-outgoing-109 << Content-Length:70
11:39:57.139 [Forwarding getElementText on session d94198a6aa3008d5ffaf97f92db0cb0c to remote] DEBUG org.apache.http.headers - http-outgoing-109 << Content-Type:application/json; charset=utf-8
11:39:57.139 [Forwarding getElementText on session d94198a6aa3008d5ffaf97f92db0cb0c to remote] DEBUG org.apache.http.headers - http-outgoing-109 << Connection:close
11:39:57.139 [Forwarding getElementText on session d94198a6aa3008d5ffaf97f92db0cb0c to remote] DEBUG o.a.h.i.c.DefaultManagedHttpClientConnection - http-outgoing-109: Shutdown connection
11:39:57.139 [Forwarding getElementText on session d94198a6aa3008d5ffaf97f92db0cb0c to remote] DEBUG o.a.h.impl.execchain.MainClientExec - Connection discarded
11:39:57.139 [Forwarding getElementText on session d94198a6aa3008d5ffaf97f92db0cb0c to remote] DEBUG o.a.h.i.c.DefaultManagedHttpClientConnection - http-outgoing-109: Close connection
11:39:57.139 [Forwarding getElementText on session d94198a6aa3008d5ffaf97f92db0cb0c to remote] DEBUG o.a.h.i.c.PoolingHttpClientConnectionManager - Connection released: [id: 109][route: {}->http://localhost:26477][total kept alive: 0; route allocated: 0 of 2000; total allocated: 0 of 2000]
11:39:57.140 [Forwarding getElementText on session d94198a6aa3008d5ffaf97f92db0cb0c to remote] DEBUG o.a.h.c.protocol.RequestAddCookies - CookieSpec selected: best-match
11:39:57.140 [Forwarding getElementText on session d94198a6aa3008d5ffaf97f92db0cb0c to remote] DEBUG o.a.h.c.protocol.RequestAuthCache - Auth cache not set in the context
11:39:57.140 [Forwarding getElementText on session d94198a6aa3008d5ffaf97f92db0cb0c to remote] DEBUG o.a.h.i.c.PoolingHttpClientConnectionManager - Connection request: [route: {}->http://localhost:26477][total kept alive: 0; route allocated: 0 of 2000; total allocated: 0 of 2000]
11:39:57.140 [Forwarding getElementText on session d94198a6aa3008d5ffaf97f92db0cb0c to remote] DEBUG o.a.h.i.c.PoolingHttpClientConnectionManager - Connection leased: [id: 110][route: {}->http://localhost:26477][total kept alive: 0; route allocated: 1 of 2000; total allocated: 1 of 2000]
11:39:57.140 [Forwarding getElementText on session d94198a6aa3008d5ffaf97f92db0cb0c to remote] DEBUG o.a.h.impl.execchain.MainClientExec - Opening connection {}->http://localhost:26477
11:39:57.140 [Forwarding getElementText on session d94198a6aa3008d5ffaf97f92db0cb0c to remote] DEBUG o.a.h.i.c.HttpClientConnectionOperator - Connecting to localhost/127.0.0.1:26477
11:39:57.140 [Forwarding getElementText on session d94198a6aa3008d5ffaf97f92db0cb0c to remote] DEBUG o.a.h.i.c.HttpClientConnectionOperator - Connection established 127.0.0.1:57386<->127.0.0.1:26477
11:39:57.140 [Forwarding getElementText on session d94198a6aa3008d5ffaf97f92db0cb0c to remote] DEBUG o.a.h.impl.execchain.MainClientExec - Executing request GET /session/d94198a6aa3008d5ffaf97f92db0cb0c/element/0.5152662619948387-31/text HTTP/1.1
11:39:57.140 [Forwarding getElementText on session d94198a6aa3008d5ffaf97f92db0cb0c to remote] DEBUG o.a.h.impl.execchain.MainClientExec - Target auth state: UNCHALLENGED
11:39:57.140 [Forwarding getElementText on session d94198a6aa3008d5ffaf97f92db0cb0c to remote] DEBUG o.a.h.impl.execchain.MainClientExec - Proxy auth state: UNCHALLENGED
11:39:57.140 [Forwarding getElementText on session d94198a6aa3008d5ffaf97f92db0cb0c to remote] DEBUG org.apache.http.headers - http-outgoing-110 >> GET /session/d94198a6aa3008d5ffaf97f92db0cb0c/element/0.5152662619948387-31/text HTTP/1.1
11:39:57.140 [Forwarding getElementText on session d94198a6aa3008d5ffaf97f92db0cb0c to remote] DEBUG org.apache.http.headers - http-outgoing-110 >> Cache-Control: no-cache
11:39:57.140 [Forwarding getElementText on session d94198a6aa3008d5ffaf97f92db0cb0c to remote] DEBUG org.apache.http.headers - http-outgoing-110 >> Host: localhost:26477
11:39:57.140 [Forwarding getElementText on session d94198a6aa3008d5ffaf97f92db0cb0c to remote] DEBUG org.apache.http.headers - http-outgoing-110 >> Connection: Keep-Alive
11:39:57.140 [Forwarding getElementText on session d94198a6aa3008d5ffaf97f92db0cb0c to remote] DEBUG org.apache.http.headers - http-outgoing-110 >> User-Agent: Apache-HttpClient/4.3.4 (java 1.5)
11:39:57.140 [Forwarding getElementText on session d94198a6aa3008d5ffaf97f92db0cb0c to remote] DEBUG org.apache.http.headers - http-outgoing-110 >> Accept-Encoding: gzip,deflate
11:39:57.140 [Forwarding getElementText on session d94198a6aa3008d5ffaf97f92db0cb0c to remote] DEBUG org.apache.http.wire - http-outgoing-110 >> "GET /session/d94198a6aa3008d5ffaf97f92db0cb0c/element/0.5152662619948387-31/text HTTP/1.1[\r][\n]"
11:39:57.140 [Forwarding getElementText on session d94198a6aa3008d5ffaf97f92db0cb0c to remote] DEBUG org.apache.http.wire - http-outgoing-110 >> "Cache-Control: no-cache[\r][\n]"
11:39:57.140 [Forwarding getElementText on session d94198a6aa3008d5ffaf97f92db0cb0c to remote] DEBUG org.apache.http.wire - http-outgoing-110 >> "Host: localhost:26477[\r][\n]"
11:39:57.140 [Forwarding getElementText on session d94198a6aa3008d5ffaf97f92db0cb0c to remote] DEBUG org.apache.http.wire - http-outgoing-110 >> "Connection: Keep-Alive[\r][\n]"
11:39:57.140 [Forwarding getElementText on session d94198a6aa3008d5ffaf97f92db0cb0c to remote] DEBUG org.apache.http.wire - http-outgoing-110 >> "User-Agent: Apache-HttpClient/4.3.4 (java 1.5)[\r][\n]"
11:39:57.140 [Forwarding getElementText on session d94198a6aa3008d5ffaf97f92db0cb0c to remote] DEBUG org.apache.http.wire - http-outgoing-110 >> "Accept-Encoding: gzip,deflate[\r][\n]"
11:39:57.140 [Forwarding getElementText on session d94198a6aa3008d5ffaf97f92db0cb0c to remote] DEBUG org.apache.http.wire - http-outgoing-110 >> "[\r][\n]"
11:39:57.159 [Forwarding getElementText on session d94198a6aa3008d5ffaf97f92db0cb0c to remote] DEBUG org.apache.http.wire - http-outgoing-110 << "HTTP/1.1 200 OK[\r][\n]"
11:39:57.159 [Forwarding getElementText on session d94198a6aa3008d5ffaf97f92db0cb0c to remote] DEBUG org.apache.http.wire - http-outgoing-110 << "Content-Length:70[\r][\n]"
11:39:57.159 [Forwarding getElementText on session d94198a6aa3008d5ffaf97f92db0cb0c to remote] DEBUG org.apache.http.wire - http-outgoing-110 << "Content-Type:application/json; charset=utf-8[\r][\n]"
11:39:57.159 [Forwarding getElementText on session d94198a6aa3008d5ffaf97f92db0cb0c to remote] DEBUG org.apache.http.wire - http-outgoing-110 << "Connection:close[\r][\n]"
11:39:57.159 [Forwarding getElementText on session d94198a6aa3008d5ffaf97f92db0cb0c to remote] DEBUG org.apache.http.wire - http-outgoing-110 << "[\r][\n]"
11:39:57.159 [Forwarding getElementText on session d94198a6aa3008d5ffaf97f92db0cb0c to remote] DEBUG org.apache.http.wire - http-outgoing-110 << "{"sessionId":"d94198a6aa3008d5ffaf97f92db0cb0c","status":0,"value":""}"
11:39:57.159 [Forwarding getElementText on session d94198a6aa3008d5ffaf97f92db0cb0c to remote] DEBUG org.apache.http.headers - http-outgoing-110 << HTTP/1.1 200 OK
11:39:57.159 [Forwarding getElementText on session d94198a6aa3008d5ffaf97f92db0cb0c to remote] DEBUG org.apache.http.headers - http-outgoing-110 << Content-Length:70
11:39:57.159 [Forwarding getElementText on session d94198a6aa3008d5ffaf97f92db0cb0c to remote] DEBUG org.apache.http.headers - http-outgoing-110 << Content-Type:application/json; charset=utf-8
11:39:57.159 [Forwarding getElementText on session d94198a6aa3008d5ffaf97f92db0cb0c to remote] DEBUG org.apache.http.headers - http-outgoing-110 << Connection:close
11:39:57.159 [Forwarding getElementText on session d94198a6aa3008d5ffaf97f92db0cb0c to remote] DEBUG o.a.h.i.c.DefaultManagedHttpClientConnection - http-outgoing-110: Shutdown connection
11:39:57.160 [Forwarding getElementText on session d94198a6aa3008d5ffaf97f92db0cb0c to remote] DEBUG o.a.h.impl.execchain.MainClientExec - Connection discarded
11:39:57.160 [Forwarding getElementText on session d94198a6aa3008d5ffaf97f92db0cb0c to remote] DEBUG o.a.h.i.c.DefaultManagedHttpClientConnection - http-outgoing-110: Close connection
11:39:57.160 [Forwarding getElementText on session d94198a6aa3008d5ffaf97f92db0cb0c to remote] DEBUG o.a.h.i.c.PoolingHttpClientConnectionManager - Connection released: [id: 110][route: {}->http://localhost:26477][total kept alive: 0; route allocated: 0 of 2000; total allocated: 0 of 2000]
11:39:57.160 [Forwarding getElementText on session d94198a6aa3008d5ffaf97f92db0cb0c to remote] DEBUG o.a.h.c.protocol.RequestAddCookies - CookieSpec selected: best-match
11:39:57.160 [Forwarding getElementText on session d94198a6aa3008d5ffaf97f92db0cb0c to remote] DEBUG o.a.h.c.protocol.RequestAuthCache - Auth cache not set in the context
11:39:57.160 [Forwarding getElementText on session d94198a6aa3008d5ffaf97f92db0cb0c to remote] DEBUG o.a.h.i.c.PoolingHttpClientConnectionManager - Connection request: [route: {}->http://localhost:26477][total kept alive: 0; route allocated: 0 of 2000; total allocated: 0 of 2000]
11:39:57.160 [Forwarding getElementText on session d94198a6aa3008d5ffaf97f92db0cb0c to remote] DEBUG o.a.h.i.c.PoolingHttpClientConnectionManager - Connection leased: [id: 111][route: {}->http://localhost:26477][total kept alive: 0; route allocated: 1 of 2000; total allocated: 1 of 2000]
11:39:57.160 [Forwarding getElementText on session d94198a6aa3008d5ffaf97f92db0cb0c to remote] DEBUG o.a.h.impl.execchain.MainClientExec - Opening connection {}->http://localhost:26477
11:39:57.160 [Forwarding getElementText on session d94198a6aa3008d5ffaf97f92db0cb0c to remote] DEBUG o.a.h.i.c.HttpClientConnectionOperator - Connecting to localhost/127.0.0.1:26477
11:39:57.160 [Forwarding getElementText on session d94198a6aa3008d5ffaf97f92db0cb0c to remote] DEBUG o.a.h.i.c.HttpClientConnectionOperator - Connection established 127.0.0.1:57387<->127.0.0.1:26477
11:39:57.160 [Forwarding getElementText on session d94198a6aa3008d5ffaf97f92db0cb0c to remote] DEBUG o.a.h.impl.execchain.MainClientExec - Executing request GET /session/d94198a6aa3008d5ffaf97f92db0cb0c/element/0.5152662619948387-32/text HTTP/1.1
11:39:57.160 [Forwarding getElementText on session d94198a6aa3008d5ffaf97f92db0cb0c to remote] DEBUG o.a.h.impl.execchain.MainClientExec - Target auth state: UNCHALLENGED
11:39:57.160 [Forwarding getElementText on session d94198a6aa3008d5ffaf97f92db0cb0c to remote] DEBUG o.a.h.impl.execchain.MainClientExec - Proxy auth state: UNCHALLENGED
11:39:57.161 [Forwarding getElementText on session d94198a6aa3008d5ffaf97f92db0cb0c to remote] DEBUG org.apache.http.headers - http-outgoing-111 >> GET /session/d94198a6aa3008d5ffaf97f92db0cb0c/element/0.5152662619948387-32/text HTTP/1.1
11:39:57.161 [Forwarding getElementText on session d94198a6aa3008d5ffaf97f92db0cb0c to remote] DEBUG org.apache.http.headers - http-outgoing-111 >> Cache-Control: no-cache
11:39:57.161 [Forwarding getElementText on session d94198a6aa3008d5ffaf97f92db0cb0c to remote] DEBUG org.apache.http.headers - http-outgoing-111 >> Host: localhost:26477
11:39:57.161 [Forwarding getElementText on session d94198a6aa3008d5ffaf97f92db0cb0c to remote] DEBUG org.apache.http.headers - http-outgoing-111 >> Connection: Keep-Alive
11:39:57.161 [Forwarding getElementText on session d94198a6aa3008d5ffaf97f92db0cb0c to remote] DEBUG org.apache.http.headers - http-outgoing-111 >> User-Agent: Apache-HttpClient/4.3.4 (java 1.5)
11:39:57.161 [Forwarding getElementText on session d94198a6aa3008d5ffaf97f92db0cb0c to remote] DEBUG org.apache.http.headers - http-outgoing-111 >> Accept-Encoding: gzip,deflate
11:39:57.161 [Forwarding getElementText on session d94198a6aa3008d5ffaf97f92db0cb0c to remote] DEBUG org.apache.http.wire - http-outgoing-111 >> "GET /session/d94198a6aa3008d5ffaf97f92db0cb0c/element/0.5152662619948387-32/text HTTP/1.1[\r][\n]"
11:39:57.161 [Forwarding getElementText on session d94198a6aa3008d5ffaf97f92db0cb0c to remote] DEBUG org.apache.http.wire - http-outgoing-111 >> "Cache-Control: no-cache[\r][\n]"
11:39:57.161 [Forwarding getElementText on session d94198a6aa3008d5ffaf97f92db0cb0c to remote] DEBUG org.apache.http.wire - http-outgoing-111 >> "Host: localhost:26477[\r][\n]"
11:39:57.161 [Forwarding getElementText on session d94198a6aa3008d5ffaf97f92db0cb0c to remote] DEBUG org.apache.http.wire - http-outgoing-111 >> "Connection: Keep-Alive[\r][\n]"
11:39:57.161 [Forwarding getElementText on session d94198a6aa3008d5ffaf97f92db0cb0c to remote] DEBUG org.apache.http.wire - http-outgoing-111 >> "User-Agent: Apache-HttpClient/4.3.4 (java 1.5)[\r][\n]"
11:39:57.161 [Forwarding getElementText on session d94198a6aa3008d5ffaf97f92db0cb0c to remote] DEBUG org.apache.http.wire - http-outgoing-111 >> "Accept-Encoding: gzip,deflate[\r][\n]"
11:39:57.161 [Forwarding getElementText on session d94198a6aa3008d5ffaf97f92db0cb0c to remote] DEBUG org.apache.http.wire - http-outgoing-111 >> "[\r][\n]"
11:39:57.168 [Forwarding getElementText on session d94198a6aa3008d5ffaf97f92db0cb0c to remote] DEBUG org.apache.http.wire - http-outgoing-111 << "HTTP/1.1 200 OK[\r][\n]"
11:39:57.168 [Forwarding getElementText on session d94198a6aa3008d5ffaf97f92db0cb0c to remote] DEBUG org.apache.http.wire - http-outgoing-111 << "Content-Length:70[\r][\n]"
11:39:57.168 [Forwarding getElementText on session d94198a6aa3008d5ffaf97f92db0cb0c to remote] DEBUG org.apache.http.wire - http-outgoing-111 << "Content-Type:application/json; charset=utf-8[\r][\n]"
11:39:57.168 [Forwarding getElementText on session d94198a6aa3008d5ffaf97f92db0cb0c to remote] DEBUG org.apache.http.wire - http-outgoing-111 << "Connection:close[\r][\n]"
11:39:57.168 [Forwarding getElementText on session d94198a6aa3008d5ffaf97f92db0cb0c to remote] DEBUG org.apache.http.wire - http-outgoing-111 << "[\r][\n]"
11:39:57.168 [Forwarding getElementText on session d94198a6aa3008d5ffaf97f92db0cb0c to remote] DEBUG org.apache.http.wire - http-outgoing-111 << "{"sessionId":"d94198a6aa3008d5ffaf97f92db0cb0c","status":0,"value":""}"
11:39:57.168 [Forwarding getElementText on session d94198a6aa3008d5ffaf97f92db0cb0c to remote] DEBUG org.apache.http.headers - http-outgoing-111 << HTTP/1.1 200 OK
11:39:57.168 [Forwarding getElementText on session d94198a6aa3008d5ffaf97f92db0cb0c to remote] DEBUG org.apache.http.headers - http-outgoing-111 << Content-Length:70
11:39:57.168 [Forwarding getElementText on session d94198a6aa3008d5ffaf97f92db0cb0c to remote] DEBUG org.apache.http.headers - http-outgoing-111 << Content-Type:application/json; charset=utf-8
11:39:57.168 [Forwarding getElementText on session d94198a6aa3008d5ffaf97f92db0cb0c to remote] DEBUG org.apache.http.headers - http-outgoing-111 << Connection:close
11:39:57.168 [Forwarding getElementText on session d94198a6aa3008d5ffaf97f92db0cb0c to remote] DEBUG o.a.h.i.c.DefaultManagedHttpClientConnection - http-outgoing-111: Shutdown connection
11:39:57.168 [Forwarding getElementText on session d94198a6aa3008d5ffaf97f92db0cb0c to remote] DEBUG o.a.h.impl.execchain.MainClientExec - Connection discarded
11:39:57.168 [Forwarding getElementText on session d94198a6aa3008d5ffaf97f92db0cb0c to remote] DEBUG o.a.h.i.c.DefaultManagedHttpClientConnection - http-outgoing-111: Close connection
11:39:57.168 [Forwarding getElementText on session d94198a6aa3008d5ffaf97f92db0cb0c to remote] DEBUG o.a.h.i.c.PoolingHttpClientConnectionManager - Connection released: [id: 111][route: {}->http://localhost:26477][total kept alive: 0; route allocated: 0 of 2000; total allocated: 0 of 2000]
11:39:57.169 [Forwarding isElementEnabled on session d94198a6aa3008d5ffaf97f92db0cb0c to remote] DEBUG o.a.h.c.protocol.RequestAddCookies - CookieSpec selected: best-match
11:39:57.169 [Forwarding isElementEnabled on session d94198a6aa3008d5ffaf97f92db0cb0c to remote] DEBUG o.a.h.c.protocol.RequestAuthCache - Auth cache not set in the context
11:39:57.169 [Forwarding isElementEnabled on session d94198a6aa3008d5ffaf97f92db0cb0c to remote] DEBUG o.a.h.i.c.PoolingHttpClientConnectionManager - Connection request: [route: {}->http://localhost:26477][total kept alive: 0; route allocated: 0 of 2000; total allocated: 0 of 2000]
11:39:57.169 [Forwarding isElementEnabled on session d94198a6aa3008d5ffaf97f92db0cb0c to remote] DEBUG o.a.h.i.c.PoolingHttpClientConnectionManager - Connection leased: [id: 112][route: {}->http://localhost:26477][total kept alive: 0; route allocated: 1 of 2000; total allocated: 1 of 2000]
11:39:57.169 [Forwarding isElementEnabled on session d94198a6aa3008d5ffaf97f92db0cb0c to remote] DEBUG o.a.h.impl.execchain.MainClientExec - Opening connection {}->http://localhost:26477
11:39:57.169 [Forwarding isElementEnabled on session d94198a6aa3008d5ffaf97f92db0cb0c to remote] DEBUG o.a.h.i.c.HttpClientConnectionOperator - Connecting to localhost/127.0.0.1:26477
11:39:57.169 [Forwarding isElementEnabled on session d94198a6aa3008d5ffaf97f92db0cb0c to remote] DEBUG o.a.h.i.c.HttpClientConnectionOperator - Connection established 127.0.0.1:57388<->127.0.0.1:26477
11:39:57.169 [Forwarding isElementEnabled on session d94198a6aa3008d5ffaf97f92db0cb0c to remote] DEBUG o.a.h.impl.execchain.MainClientExec - Executing request GET /session/d94198a6aa3008d5ffaf97f92db0cb0c/element/0.5152662619948387-23/enabled HTTP/1.1
11:39:57.169 [Forwarding isElementEnabled on session d94198a6aa3008d5ffaf97f92db0cb0c to remote] DEBUG o.a.h.impl.execchain.MainClientExec - Target auth state: UNCHALLENGED
11:39:57.169 [Forwarding isElementEnabled on session d94198a6aa3008d5ffaf97f92db0cb0c to remote] DEBUG o.a.h.impl.execchain.MainClientExec - Proxy auth state: UNCHALLENGED
11:39:57.169 [Forwarding isElementEnabled on session d94198a6aa3008d5ffaf97f92db0cb0c to remote] DEBUG org.apache.http.headers - http-outgoing-112 >> GET /session/d94198a6aa3008d5ffaf97f92db0cb0c/element/0.5152662619948387-23/enabled HTTP/1.1
11:39:57.169 [Forwarding isElementEnabled on session d94198a6aa3008d5ffaf97f92db0cb0c to remote] DEBUG org.apache.http.headers - http-outgoing-112 >> Cache-Control: no-cache
11:39:57.169 [Forwarding isElementEnabled on session d94198a6aa3008d5ffaf97f92db0cb0c to remote] DEBUG org.apache.http.headers - http-outgoing-112 >> Host: localhost:26477
11:39:57.169 [Forwarding isElementEnabled on session d94198a6aa3008d5ffaf97f92db0cb0c to remote] DEBUG org.apache.http.headers - http-outgoing-112 >> Connection: Keep-Alive
11:39:57.169 [Forwarding isElementEnabled on session d94198a6aa3008d5ffaf97f92db0cb0c to remote] DEBUG org.apache.http.headers - http-outgoing-112 >> User-Agent: Apache-HttpClient/4.3.4 (java 1.5)
11:39:57.169 [Forwarding isElementEnabled on session d94198a6aa3008d5ffaf97f92db0cb0c to remote] DEBUG org.apache.http.headers - http-outgoing-112 >> Accept-Encoding: gzip,deflate
11:39:57.169 [Forwarding isElementEnabled on session d94198a6aa3008d5ffaf97f92db0cb0c to remote] DEBUG org.apache.http.wire - http-outgoing-112 >> "GET /session/d94198a6aa3008d5ffaf97f92db0cb0c/element/0.5152662619948387-23/enabled HTTP/1.1[\r][\n]"
11:39:57.169 [Forwarding isElementEnabled on session d94198a6aa3008d5ffaf97f92db0cb0c to remote] DEBUG org.apache.http.wire - http-outgoing-112 >> "Cache-Control: no-cache[\r][\n]"
11:39:57.169 [Forwarding isElementEnabled on session d94198a6aa3008d5ffaf97f92db0cb0c to remote] DEBUG org.apache.http.wire - http-outgoing-112 >> "Host: localhost:26477[\r][\n]"
11:39:57.169 [Forwarding isElementEnabled on session d94198a6aa3008d5ffaf97f92db0cb0c to remote] DEBUG org.apache.http.wire - http-outgoing-112 >> "Connection: Keep-Alive[\r][\n]"
11:39:57.169 [Forwarding isElementEnabled on session d94198a6aa3008d5ffaf97f92db0cb0c to remote] DEBUG org.apache.http.wire - http-outgoing-112 >> "User-Agent: Apache-HttpClient/4.3.4 (java 1.5)[\r][\n]"
11:39:57.169 [Forwarding isElementEnabled on session d94198a6aa3008d5ffaf97f92db0cb0c to remote] DEBUG org.apache.http.wire - http-outgoing-112 >> "Accept-Encoding: gzip,deflate[\r][\n]"
11:39:57.169 [Forwarding isElementEnabled on session d94198a6aa3008d5ffaf97f92db0cb0c to remote] DEBUG org.apache.http.wire - http-outgoing-112 >> "[\r][\n]"
11:39:57.172 [Forwarding isElementEnabled on session d94198a6aa3008d5ffaf97f92db0cb0c to remote] DEBUG org.apache.http.wire - http-outgoing-112 << "HTTP/1.1 200 OK[\r][\n]"
11:39:57.172 [Forwarding isElementEnabled on session d94198a6aa3008d5ffaf97f92db0cb0c to remote] DEBUG org.apache.http.wire - http-outgoing-112 << "Content-Length:72[\r][\n]"
11:39:57.172 [Forwarding isElementEnabled on session d94198a6aa3008d5ffaf97f92db0cb0c to remote] DEBUG org.apache.http.wire - http-outgoing-112 << "Content-Type:application/json; charset=utf-8[\r][\n]"
11:39:57.172 [Forwarding isElementEnabled on session d94198a6aa3008d5ffaf97f92db0cb0c to remote] DEBUG org.apache.http.wire - http-outgoing-112 << "Connection:close[\r][\n]"
11:39:57.172 [Forwarding isElementEnabled on session d94198a6aa3008d5ffaf97f92db0cb0c to remote] DEBUG org.apache.http.wire - http-outgoing-112 << "[\r][\n]"
11:39:57.172 [Forwarding isElementEnabled on session d94198a6aa3008d5ffaf97f92db0cb0c to remote] DEBUG org.apache.http.wire - http-outgoing-112 << "{"sessionId":"d94198a6aa3008d5ffaf97f92db0cb0c","status":0,"value":true}"
11:39:57.172 [Forwarding isElementEnabled on session d94198a6aa3008d5ffaf97f92db0cb0c to remote] DEBUG org.apache.http.headers - http-outgoing-112 << HTTP/1.1 200 OK
11:39:57.172 [Forwarding isElementEnabled on session d94198a6aa3008d5ffaf97f92db0cb0c to remote] DEBUG org.apache.http.headers - http-outgoing-112 << Content-Length:72
11:39:57.172 [Forwarding isElementEnabled on session d94198a6aa3008d5ffaf97f92db0cb0c to remote] DEBUG org.apache.http.headers - http-outgoing-112 << Content-Type:application/json; charset=utf-8
11:39:57.172 [Forwarding isElementEnabled on session d94198a6aa3008d5ffaf97f92db0cb0c to remote] DEBUG org.apache.http.headers - http-outgoing-112 << Connection:close
11:39:57.172 [Forwarding isElementEnabled on session d94198a6aa3008d5ffaf97f92db0cb0c to remote] DEBUG o.a.h.i.c.DefaultManagedHttpClientConnection - http-outgoing-112: Shutdown connection
11:39:57.172 [Forwarding isElementEnabled on session d94198a6aa3008d5ffaf97f92db0cb0c to remote] DEBUG o.a.h.impl.execchain.MainClientExec - Connection discarded
11:39:57.172 [Forwarding isElementEnabled on session d94198a6aa3008d5ffaf97f92db0cb0c to remote] DEBUG o.a.h.i.c.DefaultManagedHttpClientConnection - http-outgoing-112: Close connection
11:39:57.172 [Forwarding isElementEnabled on session d94198a6aa3008d5ffaf97f92db0cb0c to remote] DEBUG o.a.h.i.c.PoolingHttpClientConnectionManager - Connection released: [id: 112][route: {}->http://localhost:26477][total kept alive: 0; route allocated: 0 of 2000; total allocated: 0 of 2000]
11:39:57.172 [Forwarding clickElement on session d94198a6aa3008d5ffaf97f92db0cb0c to remote] DEBUG o.a.h.c.protocol.RequestAddCookies - CookieSpec selected: best-match
11:39:57.172 [Forwarding clickElement on session d94198a6aa3008d5ffaf97f92db0cb0c to remote] DEBUG o.a.h.c.protocol.RequestAuthCache - Auth cache not set in the context
11:39:57.172 [Forwarding clickElement on session d94198a6aa3008d5ffaf97f92db0cb0c to remote] DEBUG o.a.h.i.c.PoolingHttpClientConnectionManager - Connection request: [route: {}->http://localhost:26477][total kept alive: 0; route allocated: 0 of 2000; total allocated: 0 of 2000]
11:39:57.172 [Forwarding clickElement on session d94198a6aa3008d5ffaf97f92db0cb0c to remote] DEBUG o.a.h.i.c.PoolingHttpClientConnectionManager - Connection leased: [id: 113][route: {}->http://localhost:26477][total kept alive: 0; route allocated: 1 of 2000; total allocated: 1 of 2000]
11:39:57.172 [Forwarding clickElement on session d94198a6aa3008d5ffaf97f92db0cb0c to remote] DEBUG o.a.h.impl.execchain.MainClientExec - Opening connection {}->http://localhost:26477
11:39:57.172 [Forwarding clickElement on session d94198a6aa3008d5ffaf97f92db0cb0c to remote] DEBUG o.a.h.i.c.HttpClientConnectionOperator - Connecting to localhost/127.0.0.1:26477
11:39:57.172 [Forwarding clickElement on session d94198a6aa3008d5ffaf97f92db0cb0c to remote] DEBUG o.a.h.i.c.HttpClientConnectionOperator - Connection established 127.0.0.1:57389<->127.0.0.1:26477
11:39:57.172 [Forwarding clickElement on session d94198a6aa3008d5ffaf97f92db0cb0c to remote] DEBUG o.a.h.impl.execchain.MainClientExec - Executing request POST /session/d94198a6aa3008d5ffaf97f92db0cb0c/element/0.5152662619948387-23/click HTTP/1.1
11:39:57.172 [Forwarding clickElement on session d94198a6aa3008d5ffaf97f92db0cb0c to remote] DEBUG o.a.h.impl.execchain.MainClientExec - Target auth state: UNCHALLENGED
11:39:57.172 [Forwarding clickElement on session d94198a6aa3008d5ffaf97f92db0cb0c to remote] DEBUG o.a.h.impl.execchain.MainClientExec - Proxy auth state: UNCHALLENGED
11:39:57.172 [Forwarding clickElement on session d94198a6aa3008d5ffaf97f92db0cb0c to remote] DEBUG org.apache.http.headers - http-outgoing-113 >> POST /session/d94198a6aa3008d5ffaf97f92db0cb0c/element/0.5152662619948387-23/click HTTP/1.1
11:39:57.172 [Forwarding clickElement on session d94198a6aa3008d5ffaf97f92db0cb0c to remote] DEBUG org.apache.http.headers - http-outgoing-113 >> Content-Type: application/json; charset=utf-8
11:39:57.172 [Forwarding clickElement on session d94198a6aa3008d5ffaf97f92db0cb0c to remote] DEBUG org.apache.http.headers - http-outgoing-113 >> Content-Length: 30
11:39:57.172 [Forwarding clickElement on session d94198a6aa3008d5ffaf97f92db0cb0c to remote] DEBUG org.apache.http.headers - http-outgoing-113 >> Host: localhost:26477
11:39:57.172 [Forwarding clickElement on session d94198a6aa3008d5ffaf97f92db0cb0c to remote] DEBUG org.apache.http.headers - http-outgoing-113 >> Connection: Keep-Alive
11:39:57.172 [Forwarding clickElement on session d94198a6aa3008d5ffaf97f92db0cb0c to remote] DEBUG org.apache.http.headers - http-outgoing-113 >> User-Agent: Apache-HttpClient/4.3.4 (java 1.5)
11:39:57.172 [Forwarding clickElement on session d94198a6aa3008d5ffaf97f92db0cb0c to remote] DEBUG org.apache.http.headers - http-outgoing-113 >> Accept-Encoding: gzip,deflate
11:39:57.173 [Forwarding clickElement on session d94198a6aa3008d5ffaf97f92db0cb0c to remote] DEBUG org.apache.http.wire - http-outgoing-113 >> "POST /session/d94198a6aa3008d5ffaf97f92db0cb0c/element/0.5152662619948387-23/click HTTP/1.1[\r][\n]"
11:39:57.173 [Forwarding clickElement on session d94198a6aa3008d5ffaf97f92db0cb0c to remote] DEBUG org.apache.http.wire - http-outgoing-113 >> "Content-Type: application/json; charset=utf-8[\r][\n]"
11:39:57.173 [Forwarding clickElement on session d94198a6aa3008d5ffaf97f92db0cb0c to remote] DEBUG org.apache.http.wire - http-outgoing-113 >> "Content-Length: 30[\r][\n]"
11:39:57.173 [Forwarding clickElement on session d94198a6aa3008d5ffaf97f92db0cb0c to remote] DEBUG org.apache.http.wire - http-outgoing-113 >> "Host: localhost:26477[\r][\n]"
11:39:57.173 [Forwarding clickElement on session d94198a6aa3008d5ffaf97f92db0cb0c to remote] DEBUG org.apache.http.wire - http-outgoing-113 >> "Connection: Keep-Alive[\r][\n]"
11:39:57.173 [Forwarding clickElement on session d94198a6aa3008d5ffaf97f92db0cb0c to remote] DEBUG org.apache.http.wire - http-outgoing-113 >> "User-Agent: Apache-HttpClient/4.3.4 (java 1.5)[\r][\n]"
11:39:57.173 [Forwarding clickElement on session d94198a6aa3008d5ffaf97f92db0cb0c to remote] DEBUG org.apache.http.wire - http-outgoing-113 >> "Accept-Encoding: gzip,deflate[\r][\n]"
11:39:57.173 [Forwarding clickElement on session d94198a6aa3008d5ffaf97f92db0cb0c to remote] DEBUG org.apache.http.wire - http-outgoing-113 >> "[\r][\n]"
11:39:57.173 [Forwarding clickElement on session d94198a6aa3008d5ffaf97f92db0cb0c to remote] DEBUG org.apache.http.wire - http-outgoing-113 >> "{"id":"0.5152662619948387-23"}"
11:39:57.200 [Forwarding clickElement on session d94198a6aa3008d5ffaf97f92db0cb0c to remote] DEBUG org.apache.http.wire - http-outgoing-113 << "HTTP/1.1 200 OK[\r][\n]"
11:39:57.200 [Forwarding clickElement on session d94198a6aa3008d5ffaf97f92db0cb0c to remote] DEBUG org.apache.http.wire - http-outgoing-113 << "Content-Length:72[\r][\n]"
11:39:57.200 [Forwarding clickElement on session d94198a6aa3008d5ffaf97f92db0cb0c to remote] DEBUG org.apache.http.wire - http-outgoing-113 << "Content-Type:application/json; charset=utf-8[\r][\n]"
11:39:57.200 [Forwarding clickElement on session d94198a6aa3008d5ffaf97f92db0cb0c to remote] DEBUG org.apache.http.wire - http-outgoing-113 << "Connection:close[\r][\n]"
11:39:57.200 [Forwarding clickElement on session d94198a6aa3008d5ffaf97f92db0cb0c to remote] DEBUG org.apache.http.wire - http-outgoing-113 << "[\r][\n]"
11:39:57.200 [Forwarding clickElement on session d94198a6aa3008d5ffaf97f92db0cb0c to remote] DEBUG org.apache.http.wire - http-outgoing-113 << "{"sessionId":"d94198a6aa3008d5ffaf97f92db0cb0c","status":0,"value":null}"
11:39:57.200 [Forwarding clickElement on session d94198a6aa3008d5ffaf97f92db0cb0c to remote] DEBUG org.apache.http.headers - http-outgoing-113 << HTTP/1.1 200 OK
11:39:57.200 [Forwarding clickElement on session d94198a6aa3008d5ffaf97f92db0cb0c to remote] DEBUG org.apache.http.headers - http-outgoing-113 << Content-Length:72
11:39:57.200 [Forwarding clickElement on session d94198a6aa3008d5ffaf97f92db0cb0c to remote] DEBUG org.apache.http.headers - http-outgoing-113 << Content-Type:application/json; charset=utf-8
11:39:57.200 [Forwarding clickElement on session d94198a6aa3008d5ffaf97f92db0cb0c to remote] DEBUG org.apache.http.headers - http-outgoing-113 << Connection:close
11:39:57.200 [Forwarding clickElement on session d94198a6aa3008d5ffaf97f92db0cb0c to remote] DEBUG o.a.h.i.c.DefaultManagedHttpClientConnection - http-outgoing-113: Shutdown connection
11:39:57.200 [Forwarding clickElement on session d94198a6aa3008d5ffaf97f92db0cb0c to remote] DEBUG o.a.h.impl.execchain.MainClientExec - Connection discarded
11:39:57.200 [Forwarding clickElement on session d94198a6aa3008d5ffaf97f92db0cb0c to remote] DEBUG o.a.h.i.c.DefaultManagedHttpClientConnection - http-outgoing-113: Close connection
11:39:57.200 [Forwarding clickElement on session d94198a6aa3008d5ffaf97f92db0cb0c to remote] DEBUG o.a.h.i.c.PoolingHttpClientConnectionManager - Connection released: [id: 113][route: {}->http://localhost:26477][total kept alive: 0; route allocated: 0 of 2000; total allocated: 0 of 2000]
11:39:57.201 [Forwarding implicitlyWait on session d94198a6aa3008d5ffaf97f92db0cb0c to remote] DEBUG o.a.h.c.protocol.RequestAddCookies - CookieSpec selected: best-match
11:39:57.201 [Forwarding implicitlyWait on session d94198a6aa3008d5ffaf97f92db0cb0c to remote] DEBUG o.a.h.c.protocol.RequestAuthCache - Auth cache not set in the context
11:39:57.201 [Forwarding implicitlyWait on session d94198a6aa3008d5ffaf97f92db0cb0c to remote] DEBUG o.a.h.i.c.PoolingHttpClientConnectionManager - Connection request: [route: {}->http://localhost:26477][total kept alive: 0; route allocated: 0 of 2000; total allocated: 0 of 2000]
11:39:57.201 [Forwarding implicitlyWait on session d94198a6aa3008d5ffaf97f92db0cb0c to remote] DEBUG o.a.h.i.c.PoolingHttpClientConnectionManager - Connection leased: [id: 114][route: {}->http://localhost:26477][total kept alive: 0; route allocated: 1 of 2000; total allocated: 1 of 2000]
11:39:57.201 [Forwarding implicitlyWait on session d94198a6aa3008d5ffaf97f92db0cb0c to remote] DEBUG o.a.h.impl.execchain.MainClientExec - Opening connection {}->http://localhost:26477
11:39:57.201 [Forwarding implicitlyWait on session d94198a6aa3008d5ffaf97f92db0cb0c to remote] DEBUG o.a.h.i.c.HttpClientConnectionOperator - Connecting to localhost/127.0.0.1:26477
11:39:57.201 [Forwarding implicitlyWait on session d94198a6aa3008d5ffaf97f92db0cb0c to remote] DEBUG o.a.h.i.c.HttpClientConnectionOperator - Connection established 127.0.0.1:57390<->127.0.0.1:26477
11:39:57.201 [Forwarding implicitlyWait on session d94198a6aa3008d5ffaf97f92db0cb0c to remote] DEBUG o.a.h.impl.execchain.MainClientExec - Executing request POST /session/d94198a6aa3008d5ffaf97f92db0cb0c/timeouts/implicit_wait HTTP/1.1
11:39:57.201 [Forwarding implicitlyWait on session d94198a6aa3008d5ffaf97f92db0cb0c to remote] DEBUG o.a.h.impl.execchain.MainClientExec - Target auth state: UNCHALLENGED
11:39:57.201 [Forwarding implicitlyWait on session d94198a6aa3008d5ffaf97f92db0cb0c to remote] DEBUG o.a.h.impl.execchain.MainClientExec - Proxy auth state: UNCHALLENGED
11:39:57.201 [Forwarding implicitlyWait on session d94198a6aa3008d5ffaf97f92db0cb0c to remote] DEBUG org.apache.http.headers - http-outgoing-114 >> POST /session/d94198a6aa3008d5ffaf97f92db0cb0c/timeouts/implicit_wait HTTP/1.1
11:39:57.201 [Forwarding implicitlyWait on session d94198a6aa3008d5ffaf97f92db0cb0c to remote] DEBUG org.apache.http.headers - http-outgoing-114 >> Content-Type: application/json; charset=utf-8
11:39:57.201 [Forwarding implicitlyWait on session d94198a6aa3008d5ffaf97f92db0cb0c to remote] DEBUG org.apache.http.headers - http-outgoing-114 >> Content-Length: 12
11:39:57.201 [Forwarding implicitlyWait on session d94198a6aa3008d5ffaf97f92db0cb0c to remote] DEBUG org.apache.http.headers - http-outgoing-114 >> Host: localhost:26477
11:39:57.201 [Forwarding implicitlyWait on session d94198a6aa3008d5ffaf97f92db0cb0c to remote] DEBUG org.apache.http.headers - http-outgoing-114 >> Connection: Keep-Alive
11:39:57.201 [Forwarding implicitlyWait on session d94198a6aa3008d5ffaf97f92db0cb0c to remote] DEBUG org.apache.http.headers - http-outgoing-114 >> User-Agent: Apache-HttpClient/4.3.4 (java 1.5)
11:39:57.201 [Forwarding implicitlyWait on session d94198a6aa3008d5ffaf97f92db0cb0c to remote] DEBUG org.apache.http.headers - http-outgoing-114 >> Accept-Encoding: gzip,deflate
11:39:57.201 [Forwarding implicitlyWait on session d94198a6aa3008d5ffaf97f92db0cb0c to remote] DEBUG org.apache.http.wire - http-outgoing-114 >> "POST /session/d94198a6aa3008d5ffaf97f92db0cb0c/timeouts/implicit_wait HTTP/1.1[\r][\n]"
11:39:57.201 [Forwarding implicitlyWait on session d94198a6aa3008d5ffaf97f92db0cb0c to remote] DEBUG org.apache.http.wire - http-outgoing-114 >> "Content-Type: application/json; charset=utf-8[\r][\n]"
11:39:57.201 [Forwarding implicitlyWait on session d94198a6aa3008d5ffaf97f92db0cb0c to remote] DEBUG org.apache.http.wire - http-outgoing-114 >> "Content-Length: 12[\r][\n]"
11:39:57.202 [Forwarding implicitlyWait on session d94198a6aa3008d5ffaf97f92db0cb0c to remote] DEBUG org.apache.http.wire - http-outgoing-114 >> "Host: localhost:26477[\r][\n]"
11:39:57.202 [Forwarding implicitlyWait on session d94198a6aa3008d5ffaf97f92db0cb0c to remote] DEBUG org.apache.http.wire - http-outgoing-114 >> "Connection: Keep-Alive[\r][\n]"
11:39:57.202 [Forwarding implicitlyWait on session d94198a6aa3008d5ffaf97f92db0cb0c to remote] DEBUG org.apache.http.wire - http-outgoing-114 >> "User-Agent: Apache-HttpClient/4.3.4 (java 1.5)[\r][\n]"
11:39:57.202 [Forwarding implicitlyWait on session d94198a6aa3008d5ffaf97f92db0cb0c to remote] DEBUG org.apache.http.wire - http-outgoing-114 >> "Accept-Encoding: gzip,deflate[\r][\n]"
11:39:57.202 [Forwarding implicitlyWait on session d94198a6aa3008d5ffaf97f92db0cb0c to remote] DEBUG org.apache.http.wire - http-outgoing-114 >> "[\r][\n]"
11:39:57.202 [Forwarding implicitlyWait on session d94198a6aa3008d5ffaf97f92db0cb0c to remote] DEBUG org.apache.http.wire - http-outgoing-114 >> "{"ms":30000}"
11:39:57.202 [Forwarding implicitlyWait on session d94198a6aa3008d5ffaf97f92db0cb0c to remote] DEBUG org.apache.http.wire - http-outgoing-114 << "HTTP/1.1 200 OK[\r][\n]"
11:39:57.202 [Forwarding implicitlyWait on session d94198a6aa3008d5ffaf97f92db0cb0c to remote] DEBUG org.apache.http.wire - http-outgoing-114 << "Content-Length:72[\r][\n]"
11:39:57.202 [Forwarding implicitlyWait on session d94198a6aa3008d5ffaf97f92db0cb0c to remote] DEBUG org.apache.http.wire - http-outgoing-114 << "Content-Type:application/json; charset=utf-8[\r][\n]"
11:39:57.202 [Forwarding implicitlyWait on session d94198a6aa3008d5ffaf97f92db0cb0c to remote] DEBUG org.apache.http.wire - http-outgoing-114 << "Connection:close[\r][\n]"
11:39:57.202 [Forwarding implicitlyWait on session d94198a6aa3008d5ffaf97f92db0cb0c to remote] DEBUG org.apache.http.wire - http-outgoing-114 << "[\r][\n]"
11:39:57.202 [Forwarding implicitlyWait on session d94198a6aa3008d5ffaf97f92db0cb0c to remote] DEBUG org.apache.http.wire - http-outgoing-114 << "{"sessionId":"d94198a6aa3008d5ffaf97f92db0cb0c","status":0,"value":null}"
11:39:57.202 [Forwarding implicitlyWait on session d94198a6aa3008d5ffaf97f92db0cb0c to remote] DEBUG org.apache.http.headers - http-outgoing-114 << HTTP/1.1 200 OK
11:39:57.202 [Forwarding implicitlyWait on session d94198a6aa3008d5ffaf97f92db0cb0c to remote] DEBUG org.apache.http.headers - http-outgoing-114 << Content-Length:72
11:39:57.202 [Forwarding implicitlyWait on session d94198a6aa3008d5ffaf97f92db0cb0c to remote] DEBUG org.apache.http.headers - http-outgoing-114 << Content-Type:application/json; charset=utf-8
11:39:57.202 [Forwarding implicitlyWait on session d94198a6aa3008d5ffaf97f92db0cb0c to remote] DEBUG org.apache.http.headers - http-outgoing-114 << Connection:close
11:39:57.202 [Forwarding implicitlyWait on session d94198a6aa3008d5ffaf97f92db0cb0c to remote] DEBUG o.a.h.i.c.DefaultManagedHttpClientConnection - http-outgoing-114: Shutdown connection
11:39:57.202 [Forwarding implicitlyWait on session d94198a6aa3008d5ffaf97f92db0cb0c to remote] DEBUG o.a.h.impl.execchain.MainClientExec - Connection discarded
11:39:57.202 [Forwarding implicitlyWait on session d94198a6aa3008d5ffaf97f92db0cb0c to remote] DEBUG o.a.h.i.c.DefaultManagedHttpClientConnection - http-outgoing-114: Close connection
11:39:57.202 [Forwarding implicitlyWait on session d94198a6aa3008d5ffaf97f92db0cb0c to remote] DEBUG o.a.h.i.c.PoolingHttpClientConnectionManager - Connection released: [id: 114][route: {}->http://localhost:26477][total kept alive: 0; route allocated: 0 of 2000; total allocated: 0 of 2000]
11:39:57.203 [Forwarding getPageSource on session d94198a6aa3008d5ffaf97f92db0cb0c to remote] DEBUG o.a.h.c.protocol.RequestAddCookies - CookieSpec selected: best-match
11:39:57.203 [Forwarding getPageSource on session d94198a6aa3008d5ffaf97f92db0cb0c to remote] DEBUG o.a.h.c.protocol.RequestAuthCache - Auth cache not set in the context
11:39:57.203 [Forwarding getPageSource on session d94198a6aa3008d5ffaf97f92db0cb0c to remote] DEBUG o.a.h.i.c.PoolingHttpClientConnectionManager - Connection request: [route: {}->http://localhost:26477][total kept alive: 0; route allocated: 0 of 2000; total allocated: 0 of 2000]
11:39:57.204 [Forwarding getPageSource on session d94198a6aa3008d5ffaf97f92db0cb0c to remote] DEBUG o.a.h.i.c.PoolingHttpClientConnectionManager - Connection leased: [id: 115][route: {}->http://localhost:26477][total kept alive: 0; route allocated: 1 of 2000; total allocated: 1 of 2000]
11:39:57.204 [Forwarding getPageSource on session d94198a6aa3008d5ffaf97f92db0cb0c to remote] DEBUG o.a.h.impl.execchain.MainClientExec - Opening connection {}->http://localhost:26477
11:39:57.204 [Forwarding getPageSource on session d94198a6aa3008d5ffaf97f92db0cb0c to remote] DEBUG o.a.h.i.c.HttpClientConnectionOperator - Connecting to localhost/127.0.0.1:26477
11:39:57.204 [Forwarding getPageSource on session d94198a6aa3008d5ffaf97f92db0cb0c to remote] DEBUG o.a.h.i.c.HttpClientConnectionOperator - Connection established 127.0.0.1:57391<->127.0.0.1:26477
11:39:57.204 [Forwarding getPageSource on session d94198a6aa3008d5ffaf97f92db0cb0c to remote] DEBUG o.a.h.impl.execchain.MainClientExec - Executing request GET /session/d94198a6aa3008d5ffaf97f92db0cb0c/source HTTP/1.1
11:39:57.204 [Forwarding getPageSource on session d94198a6aa3008d5ffaf97f92db0cb0c to remote] DEBUG o.a.h.impl.execchain.MainClientExec - Target auth state: UNCHALLENGED
11:39:57.204 [Forwarding getPageSource on session d94198a6aa3008d5ffaf97f92db0cb0c to remote] DEBUG o.a.h.impl.execchain.MainClientExec - Proxy auth state: UNCHALLENGED
11:39:57.204 [Forwarding getPageSource on session d94198a6aa3008d5ffaf97f92db0cb0c to remote] DEBUG org.apache.http.headers - http-outgoing-115 >> GET /session/d94198a6aa3008d5ffaf97f92db0cb0c/source HTTP/1.1
11:39:57.204 [Forwarding getPageSource on session d94198a6aa3008d5ffaf97f92db0cb0c to remote] DEBUG org.apache.http.headers - http-outgoing-115 >> Cache-Control: no-cache
11:39:57.204 [Forwarding getPageSource on session d94198a6aa3008d5ffaf97f92db0cb0c to remote] DEBUG org.apache.http.headers - http-outgoing-115 >> Host: localhost:26477
11:39:57.204 [Forwarding getPageSource on session d94198a6aa3008d5ffaf97f92db0cb0c to remote] DEBUG org.apache.http.headers - http-outgoing-115 >> Connection: Keep-Alive
11:39:57.204 [Forwarding getPageSource on session d94198a6aa3008d5ffaf97f92db0cb0c to remote] DEBUG org.apache.http.headers - http-outgoing-115 >> User-Agent: Apache-HttpClient/4.3.4 (java 1.5)
11:39:57.204 [Forwarding getPageSource on session d94198a6aa3008d5ffaf97f92db0cb0c to remote] DEBUG org.apache.http.headers - http-outgoing-115 >> Accept-Encoding: gzip,deflate
11:39:57.204 [Forwarding getPageSource on session d94198a6aa3008d5ffaf97f92db0cb0c to remote] DEBUG org.apache.http.wire - http-outgoing-115 >> "GET /session/d94198a6aa3008d5ffaf97f92db0cb0c/source HTTP/1.1[\r][\n]"
11:39:57.204 [Forwarding getPageSource on session d94198a6aa3008d5ffaf97f92db0cb0c to remote] DEBUG org.apache.http.wire - http-outgoing-115 >> "Cache-Control: no-cache[\r][\n]"
11:39:57.204 [Forwarding getPageSource on session d94198a6aa3008d5ffaf97f92db0cb0c to remote] DEBUG org.apache.http.wire - http-outgoing-115 >> "Host: localhost:26477[\r][\n]"
11:39:57.204 [Forwarding getPageSource on session d94198a6aa3008d5ffaf97f92db0cb0c to remote] DEBUG org.apache.http.wire - http-outgoing-115 >> "Connection: Keep-Alive[\r][\n]"
11:39:57.204 [Forwarding getPageSource on session d94198a6aa3008d5ffaf97f92db0cb0c to remote] DEBUG org.apache.http.wire - http-outgoing-115 >> "User-Agent: Apache-HttpClient/4.3.4 (java 1.5)[\r][\n]"
11:39:57.204 [Forwarding getPageSource on session d94198a6aa3008d5ffaf97f92db0cb0c to remote] DEBUG org.apache.http.wire - http-outgoing-115 >> "Accept-Encoding: gzip,deflate[\r][\n]"
11:39:57.204 [Forwarding getPageSource on session d94198a6aa3008d5ffaf97f92db0cb0c to remote] DEBUG org.apache.http.wire - http-outgoing-115 >> "[\r][\n]"
11:39:57.205 [LittleProxy-ClientToProxyWorker-3] DEBUG o.l.p.impl.ClientToProxyConnection - (AWAITING_INITIAL) [id: 0x4dc93f85, /127.0.0.1:54147 => /127.0.1.1:45224]: Reading: HttpObjectAggregator$AggregatedFullHttpRequest(decodeResult: success, version: HTTP/1.1, content: CompositeByteBuf(ridx: 0, widx: 0, cap: 0, components=0))
GET http://localhost:9000/views/voucher-details.html HTTP/1.1
Host: localhost:9000
Proxy-Connection: keep-alive
Accept: application/json, text/plain, */*
X-Forwarded-Proto: https
User-Agent: Mozilla/5.0 (X11; Linux x86_64) AppleWebKit/537.36 (KHTML, like Gecko) Chrome/44.0.2403.130 Safari/537.36
Referer: http://localhost:9000/
Accept-Encoding: gzip, deflate, sdch
Accept-Language: en-GB,en-US;q=0.8,en;q=0.6
Content-Length: 0
11:39:57.205 [LittleProxy-ClientToProxyWorker-3] DEBUG o.l.p.impl.ClientToProxyConnection - (AWAITING_INITIAL) [id: 0x4dc93f85, /127.0.0.1:54147 => /127.0.1.1:45224]: Got request: HttpObjectAggregator$AggregatedFullHttpRequest(decodeResult: success, version: HTTP/1.1, content: CompositeByteBuf(ridx: 0, widx: 0, cap: 0, components=0))
GET http://localhost:9000/views/voucher-details.html HTTP/1.1
Host: localhost:9000
Proxy-Connection: keep-alive
Accept: application/json, text/plain, */*
X-Forwarded-Proto: https
User-Agent: Mozilla/5.0 (X11; Linux x86_64) AppleWebKit/537.36 (KHTML, like Gecko) Chrome/44.0.2403.130 Safari/537.36
Referer: http://localhost:9000/
Accept-Encoding: gzip, deflate, sdch
Accept-Language: en-GB,en-US;q=0.8,en;q=0.6
Content-Length: 0
11:39:57.205 [LittleProxy-ClientToProxyWorker-3] DEBUG o.l.p.impl.ClientToProxyConnection - (AWAITING_INITIAL) [id: 0x4dc93f85, /127.0.0.1:54147 => /127.0.1.1:45224]: Ensuring that hostAndPort are available in http://localhost:9000/views/voucher-details.html
11:39:57.205 [LittleProxy-ClientToProxyWorker-3] DEBUG o.l.p.impl.ClientToProxyConnection - (AWAITING_INITIAL) [id: 0x4dc93f85, /127.0.0.1:54147 => /127.0.1.1:45224]: Finding ProxyToServerConnection for: localhost:9000
11:39:57.205 [LittleProxy-ClientToProxyWorker-3] DEBUG o.l.p.impl.ClientToProxyConnection - (AWAITING_INITIAL) [id: 0x4dc93f85, /127.0.0.1:54147 => /127.0.1.1:45224]: Reusing existing server connection: org.littleshoot.proxy.impl.ProxyToServerConnection@2cc0768d
11:39:57.205 [LittleProxy-ClientToProxyWorker-3] DEBUG o.l.p.impl.ClientToProxyConnection - (AWAITING_INITIAL) [id: 0x4dc93f85, /127.0.0.1:54147 => /127.0.1.1:45224]: Modifying request headers for proxying
11:39:57.205 [LittleProxy-ClientToProxyWorker-3] DEBUG o.l.p.impl.ClientToProxyConnection - (AWAITING_INITIAL) [id: 0x4dc93f85, /127.0.0.1:54147 => /127.0.1.1:45224]: Modifying request for proxy chaining
11:39:57.205 [LittleProxy-ClientToProxyWorker-3] DEBUG o.l.p.impl.ClientToProxyConnection - (AWAITING_INITIAL) [id: 0x4dc93f85, /127.0.0.1:54147 => /127.0.1.1:45224]: Stripped host from uri: http://localhost:9000/views/voucher-details.html    yielding: /views/voucher-details.html
11:39:57.206 [LittleProxy-ClientToProxyWorker-3] DEBUG o.l.p.impl.ClientToProxyConnection - (AWAITING_INITIAL) [id: 0x4dc93f85, /127.0.0.1:54147 => /127.0.1.1:45224]: Removed sdch and inserted: gzip, deflate, 
11:39:57.206 [LittleProxy-ClientToProxyWorker-3] DEBUG o.l.p.impl.ClientToProxyConnection - (AWAITING_INITIAL) [id: 0x4dc93f85, /127.0.0.1:54147 => /127.0.1.1:45224]: Writing request to ProxyToServerConnection
11:39:57.206 [LittleProxy-ClientToProxyWorker-3] DEBUG o.l.p.impl.ProxyToServerConnection - (AWAITING_INITIAL) [id: 0x700df78a, /127.0.0.1:35283 => localhost/127.0.0.1:9000]: Requested write of HttpObjectAggregator$AggregatedFullHttpRequest(decodeResult: success, version: HTTP/1.1, content: CompositeByteBuf(ridx: 0, widx: 0, cap: 0, components=0))
GET /views/voucher-details.html HTTP/1.1
Host: localhost:9000
Accept: application/json, text/plain, */*
X-Forwarded-Proto: https
User-Agent: Mozilla/5.0 (X11; Linux x86_64) AppleWebKit/537.36 (KHTML, like Gecko) Chrome/44.0.2403.130 Safari/537.36
Referer: http://localhost:9000/
Accept-Language: en-GB,en-US;q=0.8,en;q=0.6
Content-Length: 0
Accept-Encoding: gzip, deflate, 
Via: 1.1 localhost.localdomain
11:39:57.206 [LittleProxy-ClientToProxyWorker-3] DEBUG o.l.p.impl.ProxyToServerConnection - (AWAITING_INITIAL) [id: 0x700df78a, /127.0.0.1:35283 => localhost/127.0.0.1:9000]: Retaining reference counted message
11:39:57.206 [LittleProxy-ClientToProxyWorker-3] DEBUG o.l.p.impl.ProxyToServerConnection - (AWAITING_INITIAL) [id: 0x700df78a, /127.0.0.1:35283 => localhost/127.0.0.1:9000]: Using existing connection to: localhost/127.0.0.1:9000
11:39:57.206 [LittleProxy-ClientToProxyWorker-3] DEBUG o.l.p.impl.ProxyToServerConnection - (AWAITING_INITIAL) [id: 0x700df78a, /127.0.0.1:35283 => localhost/127.0.0.1:9000]: Writing: HttpObjectAggregator$AggregatedFullHttpRequest(decodeResult: success, version: HTTP/1.1, content: CompositeByteBuf(ridx: 0, widx: 0, cap: 0, components=0))
GET /views/voucher-details.html HTTP/1.1
Host: localhost:9000
Accept: application/json, text/plain, */*
X-Forwarded-Proto: https
User-Agent: Mozilla/5.0 (X11; Linux x86_64) AppleWebKit/537.36 (KHTML, like Gecko) Chrome/44.0.2403.130 Safari/537.36
Referer: http://localhost:9000/
Accept-Language: en-GB,en-US;q=0.8,en;q=0.6
Content-Length: 0
Accept-Encoding: gzip, deflate, 
Via: 1.1 localhost.localdomain
11:39:57.206 [LittleProxy-ClientToProxyWorker-3] DEBUG o.l.p.impl.ProxyToServerConnection - (AWAITING_INITIAL) [id: 0x700df78a, /127.0.0.1:35283 => localhost/127.0.0.1:9000]: Writing an empty buffer to signal the end of our chunked transfer
11:39:57.206 [LittleProxy-ClientToProxyWorker-3] DEBUG o.l.p.impl.ProxyToServerConnection - (AWAITING_INITIAL) [id: 0x700df78a, /127.0.0.1:35283 => localhost/127.0.0.1:9000]: Wrote: HttpObjectAggregator$AggregatedFullHttpRequest(decodeResult: success, version: HTTP/1.1, content: CompositeByteBuf(ridx: 0, widx: 0, cap: 0, components=0))
GET /views/voucher-details.html HTTP/1.1
Host: localhost:9000
Accept: application/json, text/plain, */*
X-Forwarded-Proto: https
User-Agent: Mozilla/5.0 (X11; Linux x86_64) AppleWebKit/537.36 (KHTML, like Gecko) Chrome/44.0.2403.130 Safari/537.36
Referer: http://localhost:9000/
Accept-Language: en-GB,en-US;q=0.8,en;q=0.6
Content-Length: 0
Accept-Encoding: gzip, deflate, 
Via: 1.1 localhost.localdomain
11:39:57.216 [LittleProxy-ProxyToServerWorker-7] DEBUG o.l.p.impl.ProxyToServerConnection - (AWAITING_INITIAL) [id: 0x700df78a, /127.0.0.1:35283 => localhost/127.0.0.1:9000]: Remembering the current request.
11:39:57.216 [LittleProxy-ProxyToServerWorker-7] DEBUG o.l.p.impl.ProxyToServerConnection - (AWAITING_INITIAL) [id: 0x700df78a, /127.0.0.1:35283 => localhost/127.0.0.1:9000]: Reading: DefaultHttpResponse(decodeResult: success, version: HTTP/1.1)
HTTP/1.1 200 OK
Accept-Ranges: bytes
Date: Tue, 08 Sep 2015 10:39:57 GMT
Cache-Control: public, max-age=0
Last-Modified: Mon, 06 Jul 2015 17:22:12 GMT
ETag: W/"gfSqkxjqtLZzPEOPI230sg=="
Content-Type: text/html; charset=UTF-8
Content-Length: 3727
Connection: keep-alive
11:39:57.216 [LittleProxy-ProxyToServerWorker-7] DEBUG o.l.p.impl.ProxyToServerConnection - (AWAITING_INITIAL) [id: 0x700df78a, /127.0.0.1:35283 => localhost/127.0.0.1:9000]: Received raw response: DefaultHttpResponse(decodeResult: success, version: HTTP/1.1)
HTTP/1.1 200 OK
Accept-Ranges: bytes
Date: Tue, 08 Sep 2015 10:39:57 GMT
Cache-Control: public, max-age=0
Last-Modified: Mon, 06 Jul 2015 17:22:12 GMT
ETag: W/"gfSqkxjqtLZzPEOPI230sg=="
Content-Type: text/html; charset=UTF-8
Content-Length: 3727
Connection: keep-alive
11:39:57.216 [LittleProxy-ProxyToServerWorker-7] DEBUG o.l.p.impl.ProxyToServerConnection - (AWAITING_INITIAL) [id: 0x700df78a, /127.0.0.1:35283 => localhost/127.0.0.1:9000]: Remembering the current response.
11:39:57.216 [LittleProxy-ProxyToServerWorker-7] DEBUG o.l.p.impl.ClientToProxyConnection - (AWAITING_INITIAL) [id: 0x4dc93f85, /127.0.0.1:54147 => /127.0.1.1:45224]: Writing: DefaultHttpResponse(decodeResult: success, version: HTTP/1.1)
HTTP/1.1 200 OK
Accept-Ranges: bytes
Date: Tue, 08 Sep 2015 10:39:57 GMT
Cache-Control: public, max-age=0
Last-Modified: Mon, 06 Jul 2015 17:22:12 GMT
ETag: W/"gfSqkxjqtLZzPEOPI230sg=="
Content-Type: text/html; charset=UTF-8
Content-Length: 3727
Via: 1.1 localhost.localdomain
11:39:57.216 [LittleProxy-ProxyToServerWorker-7] DEBUG o.l.p.impl.ClientToProxyConnection - (AWAITING_INITIAL) [id: 0x4dc93f85, /127.0.0.1:54147 => /127.0.1.1:45224]: Wrote: DefaultHttpResponse(decodeResult: success, version: HTTP/1.1)
HTTP/1.1 200 OK
Accept-Ranges: bytes
Date: Tue, 08 Sep 2015 10:39:57 GMT
Cache-Control: public, max-age=0
Last-Modified: Mon, 06 Jul 2015 17:22:12 GMT
ETag: W/"gfSqkxjqtLZzPEOPI230sg=="
Content-Type: text/html; charset=UTF-8
Content-Length: 3727
Via: 1.1 localhost.localdomain
11:39:57.216 [LittleProxy-ProxyToServerWorker-7] DEBUG o.l.p.impl.ClientToProxyConnection - (AWAITING_INITIAL) [id: 0x4dc93f85, /127.0.0.1:54147 => /127.0.1.1:45224]: Not closing server connection on middle chunk for /views/voucher-details.html
11:39:57.216 [LittleProxy-ProxyToServerWorker-7] DEBUG o.l.p.impl.ClientToProxyConnection - (AWAITING_INITIAL) [id: 0x4dc93f85, /127.0.0.1:54147 => /127.0.1.1:45224]: Not closing client connection on middle chunk for /views/voucher-details.html
11:39:57.216 [LittleProxy-ProxyToServerWorker-7] DEBUG o.l.p.impl.ProxyToServerConnection - (AWAITING_CHUNK) [id: 0x700df78a, /127.0.0.1:35283 => localhost/127.0.0.1:9000]: Reading: DefaultLastHttpContent(data: SlicedByteBuf(ridx: 0, widx: 3727, cap: 3727/3727, unwrapped: UnpooledUnsafeDirectByteBuf(ridx: 4007, widx: 4007, cap: 4096)), decoderResult: success)
11:39:57.216 [LittleProxy-ProxyToServerWorker-7] DEBUG o.l.p.impl.ClientToProxyConnection - (AWAITING_INITIAL) [id: 0x4dc93f85, /127.0.0.1:54147 => /127.0.1.1:45224]: Retaining reference counted message
11:39:57.216 [LittleProxy-ProxyToServerWorker-7] DEBUG o.l.p.impl.ClientToProxyConnection - (AWAITING_INITIAL) [id: 0x4dc93f85, /127.0.0.1:54147 => /127.0.1.1:45224]: Writing: DefaultLastHttpContent(data: SlicedByteBuf(ridx: 0, widx: 3727, cap: 3727/3727, unwrapped: UnpooledUnsafeDirectByteBuf(ridx: 4007, widx: 4007, cap: 4096)), decoderResult: success)
11:39:57.216 [LittleProxy-ProxyToServerWorker-7] DEBUG o.l.p.impl.ClientToProxyConnection - (AWAITING_INITIAL) [id: 0x4dc93f85, /127.0.0.1:54147 => /127.0.1.1:45224]: Writing an empty buffer to signal the end of our chunked transfer
11:39:57.216 [LittleProxy-ProxyToServerWorker-7] DEBUG o.l.p.impl.ClientToProxyConnection - (AWAITING_INITIAL) [id: 0x4dc93f85, /127.0.0.1:54147 => /127.0.1.1:45224]: Wrote: DefaultLastHttpContent(data: SlicedByteBuf(ridx: 0, widx: 3727, cap: 3727/3727, unwrapped: UnpooledUnsafeDirectByteBuf(ridx: 4007, widx: 4007, cap: 4096)), decoderResult: success)
11:39:57.216 [LittleProxy-ProxyToServerWorker-7] DEBUG o.l.p.impl.ClientToProxyConnection - (AWAITING_INITIAL) [id: 0x4dc93f85, /127.0.0.1:54147 => /127.0.1.1:45224]: Retaining reference counted message
11:39:57.216 [LittleProxy-ProxyToServerWorker-7] DEBUG o.l.p.impl.ClientToProxyConnection - (AWAITING_INITIAL) [id: 0x4dc93f85, /127.0.0.1:54147 => /127.0.1.1:45224]: Writing: EmptyByteBufBE
11:39:57.216 [LittleProxy-ProxyToServerWorker-7] DEBUG o.l.p.impl.ClientToProxyConnection - (AWAITING_INITIAL) [id: 0x4dc93f85, /127.0.0.1:54147 => /127.0.1.1:45224]: Wrote: EmptyByteBufBE
11:39:57.216 [LittleProxy-ProxyToServerWorker-7] DEBUG o.l.p.impl.ClientToProxyConnection - (AWAITING_INITIAL) [id: 0x4dc93f85, /127.0.0.1:54147 => /127.0.1.1:45224]: Handling last chunk. Using normal server connection closing rules.
11:39:57.216 [LittleProxy-ProxyToServerWorker-7] DEBUG o.l.p.impl.ClientToProxyConnection - (AWAITING_INITIAL) [id: 0x4dc93f85, /127.0.0.1:54147 => /127.0.1.1:45224]: Not closing server connection for response: DefaultHttpResponse(decodeResult: success, version: HTTP/1.1)
HTTP/1.1 200 OK
Accept-Ranges: bytes
Date: Tue, 08 Sep 2015 10:39:57 GMT
Cache-Control: public, max-age=0
Last-Modified: Mon, 06 Jul 2015 17:22:12 GMT
ETag: W/"gfSqkxjqtLZzPEOPI230sg=="
Content-Type: text/html; charset=UTF-8
Content-Length: 3727
Connection: keep-alive
11:39:57.216 [LittleProxy-ProxyToServerWorker-7] DEBUG o.l.p.impl.ClientToProxyConnection - (AWAITING_INITIAL) [id: 0x4dc93f85, /127.0.0.1:54147 => /127.0.1.1:45224]: Handling last chunk. Using normal client connection closing rules.
11:39:57.217 [LittleProxy-ProxyToServerWorker-7] DEBUG o.l.p.impl.ClientToProxyConnection - (AWAITING_INITIAL) [id: 0x4dc93f85, /127.0.0.1:54147 => /127.0.1.1:45224]: Not closing client connection for request: [FAILED toString()]
11:39:57.217 [Forwarding getPageSource on session d94198a6aa3008d5ffaf97f92db0cb0c to remote] DEBUG org.apache.http.wire - http-outgoing-115 << "HTTP/1.1 200 OK[\r][\n]"
11:39:57.218 [Forwarding getPageSource on session d94198a6aa3008d5ffaf97f92db0cb0c to remote] DEBUG org.apache.http.wire - http-outgoing-115 << "Content-Length:54763[\r][\n]"
11:39:57.218 [Forwarding getPageSource on session d94198a6aa3008d5ffaf97f92db0cb0c to remote] DEBUG org.apache.http.wire - http-outgoing-115 << "Content-Type:application/json; charset=utf-8[\r][\n]"
11:39:57.218 [Forwarding getPageSource on session d94198a6aa3008d5ffaf97f92db0cb0c to remote] DEBUG org.apache.http.wire - http-outgoing-115 << "Connection:close[\r][\n]"
11:39:57.218 [Forwarding getPageSource on session d94198a6aa3008d5ffaf97f92db0cb0c to remote] DEBUG org.apache.http.wire - http-outgoing-115 << "[\r][\n]"
11:39:57.218 [Forwarding getPageSource on session d94198a6aa3008d5ffaf97f92db0cb0c to remote] DEBUG org.apache.http.wire - http-outgoing-115 << "{"sessionId":"d94198a6aa3008d5ffaf97f92db0cb0c","status":0,"value":"\u003C!DOCTYPE html>\u003Chtml xmlns=\"http://www.w3.org/1999/xhtml\" class=\"no-js\">\u003Chead>\u003Cstyle type=\"text/css\">@charset \"UTF-8\";[ng\\:cloak],[ng-cloak],[data-ng-cloak],[x-ng-cloak],.ng-cloak,.x-ng-cloak,.ng-hide:not(.ng-hide-animate){display:none !important;}ng\\:form{display:block;}.ng-animate-shim{visibility:hidden;}.ng-anchor{position:absolute;}\u003C/style>\n    \u003Cmeta charset=\"utf-8\" />\n    \u003Ctitle>\u003C/title>\n    \u003Cmeta name=\"description\" content=\"\" />\n    \u003Cmeta name=\"viewport\" content=\"width=device-width\" />\n    \u003C!-- build:css(.) styles/vendor.css -->\n    \u003C!-- bower:css -->\n    \u003Clink rel=\"stylesheet\" href=\"bower_components/bootstrap/dist/css/bootstrap.css\" />\n    \u003Clink rel=\"stylesheet\" href=\"bower_components/angular-bootstrap-datetimepicker/src/css/datetimepicker.css\" />\n    \u003Clink rel=\"stylesheet\" href=\"bower_components/angular-dialog-service/dist/dialogs.min.css\" />\n    \u003C!-- endbower -->\n    \u003Clink rel=\"stylesheet\" href=\"bower_components/jquery-ui/themes/base/all.css\" />\n    \u003C!-- endbuild -->\n    \u003C!-- build:css(.tmp) styles/main.css -->\n    \u003Clink rel=\"stylesheet\" href=\"styles/main.css\" />\n    \u003C!-- endbuild -->\n  \u003C/head>\n  \u003Cbody ng-app=\"vouchersUiApp\" class=\"ng-scope\">\n    \u003C!--[if lt IE 7]>\n      \u003Cp class=\"browsehappy\">You are using an \u003Cstrong>outdated\u003C/strong> browser. Please \u003Ca href=\"http://browsehappy.com/\">upgrade your browser\u003C/a> to improve your experience.\u003C/p>\n    \u003C![endif]-->\n    \u003Cserver-connection>\u003Cdiv class=\"col-md-12 alert-message\">\n\u003C!-- ngRepeat: alert in alerts -->\n\u003C/div>\n\u003C/server-connection>\n    \u003C!-- Add your site or application content here -->\n    \u003Cdiv class=\"container\">\n\n        \u003C!-- ngView:  -->\u003Cdiv ng-view=\"\" class=\"body ng-scope\">\u003C!-- ngInclude: undefined -->\u003Cng-include src=\"'/views/header.html'\" class=\"ng-scope\">\u003Cdiv class=\"header ng-scope\">\n    \u003Cul class=\"nav nav-pills pull-right\">\n        \u003Cli>\u003Ca id=\"campaigns-header\" ng-href=\"#/\" class=\"campaigns\" href=\"#/\">Campaigns\u003C/a>\u003C/li>\n        \u003Cli>\u003Ca id=\"create-campaign-header\" ng-href=\"#/campaign\" class=\"campaign\" data-ng-show=\"showCreateCampaign()\" href=\"#/campaign\" style=\"\">Create Campaign\u003C/a>\u003C/li>\n        \u003Cli>\u003Ca id=\"search-vouchers-header\" ng-href=\"#/voucher\" class=\"campaign\" href=\"#/voucher\">Search Vouchers\u003C/a>\u003C/li>\n        \u003Cli>\u003Ca id=\"search-account-header\" ng-href=\"#/account\" class=\"campaign\" href=\"#/account\">Search Account\u003C/a>\u003C/li>\n    \u003C/ul>\n    \u003Ch3>\u003Ca ng-href=\"#/\" href=\"#/\">Voucher Manager\u003C/a>\u003C/h3>\n\u003C/div>\n\u003C/ng-include>\n\u003Cdiv class=\"row ng-scope ng-hide\" ng-show=\"campaignDetails.id !== undefined\">\n    \u003Cdiv class=\"col-md-6 panel\">\n        \u003Ca ng-href=\"#/campaign/\" href=\"#/campaign/\">&lt; Back\u003C/a>\n    \u003C/div>\n\u003C/div>\n\u003Cdiv class=\"row campaign create ng-scope\">\n    \u003Cdiv class=\"col-md-6\">\n        \u003Ch4 class=\"ng-binding\">Create Campaign Details\u003C/h4>\n\n        \u003Cform role=\"form\" name=\"campaignForm\" class=\"form ng-pristine ng-invalid ng-invalid-required ng-valid-maxlength ng-valid-pattern ng-valid-min ng-valid-max\">\n            \u003Cdiv class=\"form-group\" show-errors=\"\">\n                \u003Clabel for=\"campaignType\" class=\"create-only\">Type\u003C/label>\n                \u003Cselect id=\"campaignType\" name=\"campaignType\" class=\"form-control ng-pristine ng-untouched ng-invalid ng-invalid-required\" ng-model=\"campaignDetails.type\" ng-options=\"campaignType.key as campaignType.value for campaignType in campaignTypes\" required=\"\" data-ng-disabled=\"isUpdateable()\">\u003Coption value=\"?\" selected=\"selected\">\u003C/option>\u003Coption value=\"string:PROMO_CODE\" label=\"Promo Code\">Promo Code\u003C/option>\u003Coption value=\"string:SINGLE_USE_TRANSFERABLE\" label=\"Single Use Transferable\">Single Use Transferable\u003C/option>\u003Coption value=\"string:SINGLE_USE_NON_TRANSFERABLE\" label=\"Single Use Non-Transferable\">Single Use Non-Transferable\u003C/option>\u003Coption value=\"string:GIFTING\" label=\"Gifting\">Gifting\u003C/option>\u003C/select>\n            \u003C/div>\n            \u003Cdiv class=\"form-group\" show-errors=\"\">\n                \u003Clabel for=\"name\" class=\"required\">Name\u003C/label>\n                \u003Cinput type=\"text\" ng-model=\"campaignDetails.name\" length=\"25\" name=\"name\" id=\"name\" class=\"form-control ng-pristine ng-untouched ng-invalid ng-invalid-required ng-valid-maxlength\" placeholder=\"Campaign Name\" maxlength=\"50\" required=\"\" />\n            \u003C/div>\n            \u003Cdiv class=\"form-group\" show-errors=\"\">\n                \u003Clabel for=\"description\">Description\u003C/label>\n                \u003Cinput type=\"text\" ng-model=\"campaignDetails.description\" length=\"25\" name=\"description\" id=\"description\" class=\"form-control ng-pristine ng-untouched ng-valid ng-valid-maxlength\" placeholder=\"Campaign Description\" maxlength=\"120\" />\n            \u003C/div>\n            \u003Cdiv class=\"form-group\" show-errors=\"\" ng-hide=\"campaignDetails.type == 'PROMO_CODE'\">\n                \u003Clabel for=\"prefix\" class=\"create-only\">Prefix\u003C/label>\n                \u003Cinput type=\"text\" ng-model=\"campaignDetails.prefix\" length=\"25\" name=\"prefix\" id=\"prefix\" class=\"form-control ng-pristine ng-untouched ng-valid ng-valid-required ng-valid-pattern ng-valid-maxlength\" placeholder=\"Campaign Prefix 3 uppercase alphanumeric characters\" ng-pattern=\"/^[A-Z\\d]{3}$/\" maxlength=\"3\" data-ng-disabled=\"isUpdateable()\" ng-required=\"campaignDetails.type != 'PROMO_CODE'\" required=\"required\" />\n            \u003C/div>\n            \u003Cdiv class=\"form-group\" show-errors=\"\">\n                \u003Clabel for=\"pomOfferId\" class=\"required\">Pom Offer ID\u003C/label>\n                \u003Cinput type=\"text\" ng-model=\"campaignDetails.pomOfferId\" length=\"25\" name=\"pomOfferId\" id=\"pomOfferId\" class=\"form-control ng-pristine ng-untouched ng-invalid ng-invalid-required ng-valid-maxlength\" maxlength=\"255\" required=\"\" />\n            \u003C/div>\n            \u003Cdiv class=\"form-group\" show-errors=\"\">\n                \u003Clabel for=\"secondaryOfferId\">Secondary Offer ID\u003C/label>\n                \u003Cinput type=\"text\" ng-model=\"campaignDetails.secondaryOfferId\" length=\"25\" name=\"secondaryOfferId\" id=\"secondaryOfferId\" class=\"form-control ng-pristine ng-untouched ng-valid ng-valid-maxlength\" maxlength=\"50\" />\n            \u003C/div>\n            \u003Cdiv class=\"form-group\" show-errors=\"\">\n                \u003Clabel>Start\u003C/label>\n\n                \u003Cdiv class=\"dropdown\">\n                    \u003Ca class=\"dropdown-toggle\" id=\"start-dropdown\" data-toggle=\"dropdown\" aria-haspopup=\"true\" aria-expanded=\"false\">\n                        \u003C/a>\u003Cdiv class=\"input-group\">\u003Ca class=\"dropdown-toggle\" id=\"start-dropdown\" data-toggle=\"dropdown\" aria-haspopup=\"true\" aria-expanded=\"false\">\n                            \u003Cinput type=\"text\" class=\"form-control date-picker ng-pristine ng-untouched ng-valid\" name=\"start\" id=\"start\" data-ng-model=\"campaignDetails.start\" ng-change=\"checkCampaignDetailsDateValidity()\" disabled=\"\" />\n                            \u003C/a>\u003Ca class=\"input-group-addon\" ng-click=\"clearStart()\">\u003Cspan>\u003Ci class=\"glyphicon glyphicon-remove\">\u003C/i>\u003C/span>\u003C/a>\n                        \u003C/div>\n                    \n\n\n                    \u003Cul class=\"dropdown-menu\" role=\"menu\" aria-labelledby=\"dLabel\">\n        "
11:39:57.218 [Forwarding getPageSource on session d94198a6aa3008d5ffaf97f92db0cb0c to remote] DEBUG org.apache.http.headers - http-outgoing-115 << HTTP/1.1 200 OK
11:39:57.218 [Forwarding getPageSource on session d94198a6aa3008d5ffaf97f92db0cb0c to remote] DEBUG org.apache.http.headers - http-outgoing-115 << Content-Length:54763
11:39:57.218 [Forwarding getPageSource on session d94198a6aa3008d5ffaf97f92db0cb0c to remote] DEBUG org.apache.http.headers - http-outgoing-115 << Content-Type:application/json; charset=utf-8
11:39:57.218 [Forwarding getPageSource on session d94198a6aa3008d5ffaf97f92db0cb0c to remote] DEBUG org.apache.http.headers - http-outgoing-115 << Connection:close
11:39:57.218 [Forwarding getPageSource on session d94198a6aa3008d5ffaf97f92db0cb0c to remote] DEBUG org.apache.http.wire - http-outgoing-115 << "                \u003Cdiv class=\"datetimepicker table-responsive ng-isolate-scope ng-valid\" data-ng-model=\"campaignDetails.start\" data-datetimepicker-config=\"{ dropdownSelector: '#start-dropdown', minuteStep: 15 }\" data-on-set-time=\"setStartDate(newDate, oldDate)\">\u003Ctable class=\"table table-striped  day-view\">   \u003Cthead>       \u003Ctr>           \u003Cth class=\"left\" data-ng-click=\"changeView(data.currentView, data.leftDate, $event)\" data-ng-show=\"data.leftDate.selectable\">\u003Ci class=\"glyphicon glyphicon-arrow-left\">\u003C/i>\u003C/th>           \u003Cth class=\"switch ng-binding\" colspan=\"5\" data-ng-show=\"data.previousViewDate.selectable\" data-ng-click=\"changeView(data.previousView, data.previousViewDate, $event)\">2015-Sep\u003C/th>           \u003Cth class=\"right\" data-ng-click=\"changeView(data.currentView, data.rightDate, $event)\" data-ng-show=\"data.rightDate.selectable\">\u003Ci class=\"glyphicon glyphicon-arrow-right\">\u003C/i>\u003C/th>       \u003C/tr>       \u003Ctr>           \u003C!-- ngRepeat: day in data.dayNames -->\u003Cth class=\"dow ng-binding ng-scope\" data-ng-repeat=\"day in data.dayNames\">Su\u003C/th>\u003C!-- end ngRepeat: day in data.dayNames -->\u003Cth class=\"dow ng-binding ng-scope\" data-ng-repeat=\"day in data.dayNames\">Mo\u003C/th>\u003C!-- end ngRepeat: day in data.dayNames -->\u003Cth class=\"dow ng-binding ng-scope\" data-ng-repeat=\"day in data.dayNames\">Tu\u003C/th>\u003C!-- end ngRepeat: day in data.dayNames -->\u003Cth class=\"dow ng-binding ng-scope\" data-ng-repeat=\"day in data.dayNames\">We\u003C/th>\u003C!-- end ngRepeat: day in data.dayNames -->\u003Cth class=\"dow ng-binding ng-scope\" data-ng-repeat=\"day in data.dayNames\">Th\u003C/th>\u003C!-- end ngRepeat: day in data.dayNames -->\u003Cth class=\"dow ng-binding ng-scope\" data-ng-repeat=\"day in data.dayNames\">Fr\u003C/th>\u003C!-- end ngRepeat: day in data.dayNames -->\u003Cth class=\"dow ng-binding ng-scope\" data-ng-repeat=\"day in data.dayNames\">Sa\u003C/th>\u003C!-- end ngRepeat: day in data.dayNames -->       \u003C/tr>   \u003C/thead>   \u003Ctbody>       \u003C!-- ngIf: data.currentView !== 'day' -->       \u003C!-- ngRepeat: week in data.weeks -->\u003C!-- ngIf: data.currentView === 'day' -->\u003Ctr data-ng-if=\"data.currentView === 'day'\" data-ng-repeat=\"week in data.weeks\" class=\"ng-scope\">           \u003C!-- ngRepeat: dateObject in week.dates -->\u003Ctd data-ng-repeat=\"dateObject in week.dates\" data-ng-click=\"changeView(data.nextView, dateObject, $event)\" class=\"day ng-binding ng-scope past\" data-ng-class=\"{active: dateObject.active, past: dateObject.past, future: dateObject.future, disabled: !dateObject.selectable}\">30\u003C/td>\u003C!-- end ngRepeat: dateObject in week.dates -->\u003Ctd data-ng-repeat=\"dateObject in week.dates\" data-ng-click=\"changeView(data.nextView, dateObject, $event)\" class=\"day ng-binding ng-scope past\" data-ng-class=\"{active: dateObject.active, past: dateObject.past, future: dateObject.future, disabled: !dateObject.selectable}\">31\u003C/td>\u003C!-- end ngRepeat: dateObject in week.dates -->\u003Ctd data-ng-repeat=\"dateObject in week.dates\" data-ng-click=\"changeView(data.nextView, dateObject, $event)\" class=\"day ng-binding ng-scope\" data-ng-class=\"{active: dateObject.active, past: dateObject.past, future: dateObject.future, disabled: !dateObject.selectable}\">1\u003C/td>\u003C!-- end ngRepeat: dateObject in week.dates -->\u003Ctd data-ng-repeat=\"dateObject in week.dates\" data-ng-click=\"changeView(data.nextView, dateObject, $event)\" class=\"day ng-binding ng-scope\" data-ng-class=\"{active: dateObject.active, past: dateObject.past, future: dateObject.future, disabled: !dateObject.selectable}\">2\u003C/td>\u003C!-- end ngRepeat: dateObject in week.dates -->\u003Ctd data-ng-repeat=\"dateObject in week.dates\" data-ng-click=\"changeView(data.nextView, dateObject, $event)\" class=\"day ng-binding ng-scope\" data-ng-class=\"{active: dateObject.active, past: dateObject.past, future: dateObject.future, disabled: !d"
11:39:57.218 [Forwarding getPageSource on session d94198a6aa3008d5ffaf97f92db0cb0c to remote] DEBUG org.apache.http.wire - http-outgoing-115 << "ateObject.selectable}\">3\u003C/td>\u003C!-- end ngRepeat: dateObject in week.dates -->\u003Ctd data-ng-repeat=\"dateObject in week.dates\" data-ng-click=\"changeView(data.nextView, dateObject, $event)\" class=\"day ng-binding ng-scope\" data-ng-class=\"{active: dateObject.active, past: dateObject.past, future: dateObject.future, disabled: !dateObject.selectable}\">4\u003C/td>\u003C!-- end ngRepeat: dateObject in week.dates -->\u003Ctd data-ng-repeat=\"dateObject in week.dates\" data-ng-click=\"changeView(data.nextView, dateObject, $event)\" class=\"day ng-binding ng-scope\" data-ng-class=\"{active: dateObject.active, past: dateObject.past, future: dateObject.future, disabled: !dateObject.selectable}\">5\u003C/td>\u003C!-- end ngRepeat: dateObject in week.dates -->       \u003C/tr>\u003C!-- end ngIf: data.currentView === 'day' -->\u003C!-- end ngRepeat: week in data.weeks -->\u003C!-- ngIf: data.currentView === 'day' -->\u003Ctr data-ng-if=\"data.currentView === 'day'\" data-ng-repeat=\"week in data.weeks\" class=\"ng-scope\">           \u003C!-- ngRepeat: dateObject in week.dates -->\u003Ctd data-ng-repeat=\"dateObject in week.dates\" data-ng-click=\"changeView(data.nextView, dateObject, $event)\" class=\"day ng-binding ng-scope\" data-ng-class=\"{active: dateObject.active, past: dateObject.past, future: dateObject.future, disabled: !dateObject.selectable}\">6\u003C/td>\u003C!-- end ngRepeat: dateObject in week.dates -->\u003Ctd data-ng-repeat=\"dateObject in week.dates\" data-ng-click=\"changeView(data.nextView, dateObject, $event)\" class=\"day ng-binding ng-scope\" data-ng-class=\"{active: dateObject.active, past: dateObject.past, future: dateObject.future, disabled: !dateObject.selectable}\">7\u003C/td>\u003C!-- end ngRepeat: dateObject in week.dates -->\u003Ctd data-ng-repeat=\"dateObject in week.dates\" data-ng-click=\"changeView(data.nextView, dateObject, $event)\" class=\"day ng-binding ng-scope\" data-ng-class=\"{active: dateObject.active, past: dateObject.past, future: dateObject.future, disabled: !dateObject.selectable}\">8\u003C/td>\u003C!-- end ngRepeat: dateObject in week.dates -->\u003Ctd data-ng-repeat=\"dateObject in week.dates\" data-ng-click=\"changeView(data.nextView, dateObject, $event)\" class=\"day ng-binding ng-scope\" data-ng-class=\"{active: dateObject.active, past: dateObject.past, future: dateObject.future, disabled: !dateObject.selectable}\">9\u003C/td>\u003C!-- end ngRepeat: dateObject in week.dates -->\u003Ctd data-ng-repeat=\"dateObject in week.dates\" data-ng-click=\"changeView(data.nextView, dateObject, $event)\" class=\"day ng-binding ng-scope\" data-ng-class=\"{active: dateObject.active, past: dateObject.past, future: dateObject.future, disabled: !dateObject.selectable}\">10\u003C/td>\u003C!-- end ngRepeat: dateObject in week.dates -->\u003Ctd data-ng-repeat=\"dateObject in week.dates\" data-ng-click=\"changeView(data.nextView, dateObject, $event)\" class=\"day ng-binding ng-scope\" data-ng-class=\"{active: dateObject.active, past: dateObject.past, future: dateObject.future, disabled: !dateObject.selectable}\">11\u003C/td>\u003C!-- end ngRepeat: dateObject in week.dates -->\u003Ctd data-ng-repeat=\"dateObject in week.dates\" data-ng-click=\"changeView(data.nextView, dateObject, $event)\" class=\"day ng-binding ng-scope\" data-ng-class=\"{active: dateObject.active, past: dateObject.past, future: dateObject.future, disabled: !dateObject.selectable}\">12\u003C/td>\u003C!-- end ngRepeat: dateObject in week.dates -->       \u003C/tr>\u003C!-- end ngIf: data.currentView === 'day' -->\u003C!-- end ngRepeat: week in data.weeks -->\u003C!-- ngIf: data.currentView === 'day' -->\u003Ctr data-ng-if=\"data.currentView === 'day'\" data-ng-repeat=\"week in data.weeks\" class=\"ng-scope\">           \u003C!-- ngRepeat: dateObject in week.dates -->\u003Ctd data-ng-repeat=\"dateObject in week.dates\" data-ng-click=\"changeView(data.nextView, dateObject, $event)\" class=\"day ng-binding ng-scope\" data-ng-class=\"{active: dateObject.active, past: dateObject.past, future: dateObject.future, disabled: !da"
11:39:57.218 [Forwarding getPageSource on session d94198a6aa3008d5ffaf97f92db0cb0c to remote] DEBUG org.apache.http.wire - http-outgoing-115 << "teObject.selectable}\">13\u003C/td>\u003C!-- end ngRepeat: dateObject in week.dates -->\u003Ctd data-ng-repeat=\"dateObject in week.dates\" data-ng-click=\"changeView(data.nextView, dateObject, $event)\" class=\"day ng-binding ng-scope\" data-ng-class=\"{active: dateObject.active, past: dateObject.past, future: dateObject.future, disabled: !dateObject.selectable}\">14\u003C/td>\u003C!-- end ngRepeat: dateObject in week.dates -->\u003Ctd data-ng-repeat=\"dateObject in week.dates\" data-ng-click=\"changeView(data.nextView, dateObject, $event)\" class=\"day ng-binding ng-scope\" data-ng-class=\"{active: dateObject.active, past: dateObject.past, future: dateObject.future, disabled: !dateObject.selectable}\">15\u003C/td>\u003C!-- end ngRepeat: dateObject in week.dates -->\u003Ctd data-ng-repeat=\"dateObject in week.dates\" data-ng-click=\"changeView(data.nextView, dateObject, $event)\" class=\"day ng-binding ng-scope\" data-ng-class=\"{active: dateObject.active, past: dateObject.past, future: dateObject.future, disabled: !dateObject.selectable}\">16\u003C/td>\u003C!-- end ngRepeat: dateObject in week.dates -->\u003Ctd data-ng-repeat=\"dateObject in week.dates\" data-ng-click=\"changeView(data.nextView, dateObject, $event)\" class=\"day ng-binding ng-scope\" data-ng-class=\"{active: dateObject.active, past: dateObject.past, future: dateObject.future, disabled: !dateObject.selectable}\">17\u003C/td>\u003C!-- end ngRepeat: dateObject in week.dates -->\u003Ctd data-ng-repeat=\"dateObject in week.dates\" data-ng-click=\"changeView(data.nextView, dateObject, $event)\" class=\"day ng-binding ng-scope\" data-ng-class=\"{active: dateObject.active, past: dateObject.past, future: dateObject.future, disabled: !dateObject.selectable}\">18\u003C/td>\u003C!-- end ngRepeat: dateObject in week.dates -->\u003Ctd data-ng-repeat=\"dateObject in week.dates\" data-ng-click=\"changeView(data.nextView, dateObject, $event)\" class=\"day ng-binding ng-scope\" data-ng-class=\"{active: dateObject.active, past: dateObject.past, future: dateObject.future, disabled: !dateObject.selectable}\">19\u003C/td>\u003C!-- end ngRepeat: dateObject in week.dates -->       \u003C/tr>\u003C!-- end ngIf: data.currentView === 'day' -->\u003C!-- end ngRepeat: week in data.weeks -->\u003C!-- ngIf: data.currentView === 'day' -->\u003Ctr data-ng-if=\"data.currentView === 'day'\" data-ng-repeat=\"week in data.weeks\" class=\"ng-scope\">           \u003C!-- ngRepeat: dateObject in week.dates -->\u003Ctd data-ng-repeat=\"dateObject in week.dates\" data-ng-click=\"changeView(data.nextView, dateObject, $event)\" class=\"day ng-binding ng-scope\" data-ng-class=\"{active: dateObject.active, past: dateObject.past, future: dateObject.future, disabled: !dateObject.selectable}\">20\u003C/td>\u003C!-- end ngRepeat: dateObject in week.dates -->\u003Ctd data-ng-repeat=\"dateObject in week.dates\" data-ng-click=\"changeView(data.nextView, dateObject, $event)\" class=\"day ng-binding ng-scope\" data-ng-class=\"{active: dateObject.active, past: dateObject.past, future: dateObject.future, disabled: !dateObject.selectable}\">21\u003C/td>\u003C!-- end ngRepeat: dateObject in week.dates -->\u003Ctd data-ng-repeat=\"dateObject in week.dates\" data-ng-click=\"changeView(data.nextView, dateObject, $event)\" class=\"day ng-binding ng-scope\" data-ng-class=\"{active: dateObject.active, past: dateObject.past, future: dateObject.future, disabled: !dateObject.selectable}\">22\u003C/td>\u003C!-- end ngRepeat: dateObject in week.dates -->\u003Ctd data-ng-repeat=\"dateObject in week.dates\" data-ng-click=\"changeView(data.nextView, dateObject, $event)\" class=\"day ng-binding ng-scope\" data-ng-class=\"{active: dateObject.active, past: dateObject.past, future: dateObject.future, disabled: !dateObject.selectable}\">23\u003C/td>\u003C!-- end ngRepeat: dateObject in week.dates -->\u003Ctd data-ng-repeat=\"dateObject in week.dates\" data-ng-click=\"changeView(data.nextView, dateObject, $event)\" class=\"day ng-binding ng-scope\" data-ng-class=\"{active: dateObject.active, past: dateObject.past, future: dateObj"
11:39:57.218 [Forwarding getPageSource on session d94198a6aa3008d5ffaf97f92db0cb0c to remote] DEBUG org.apache.http.wire - http-outgoing-115 << "ect.future, disabled: !dateObject.selectable}\">24\u003C/td>\u003C!-- end ngRepeat: dateObject in week.dates -->\u003Ctd data-ng-repeat=\"dateObject in week.dates\" data-ng-click=\"changeView(data.nextView, dateObject, $event)\" class=\"day ng-binding ng-scope\" data-ng-class=\"{active: dateObject.active, past: dateObject.past, future: dateObject.future, disabled: !dateObject.selectable}\">25\u003C/td>\u003C!-- end ngRepeat: dateObject in week.dates -->\u003Ctd data-ng-repeat=\"dateObject in week.dates\" data-ng-click=\"changeView(data.nextView, dateObject, $event)\" class=\"day ng-binding ng-scope\" data-ng-class=\"{active: dateObject.active, past: dateObject.past, future: dateObject.future, disabled: !dateObject.selectable}\">26\u003C/td>\u003C!-- end ngRepeat: dateObject in week.dates -->       \u003C/tr>\u003C!-- end ngIf: data.currentView === 'day' -->\u003C!-- end ngRepeat: week in data.weeks -->\u003C!-- ngIf: data.currentView === 'day' -->\u003Ctr data-ng-if=\"data.currentView === 'day'\" data-ng-repeat=\"week in data.weeks\" class=\"ng-scope\">           \u003C!-- ngRepeat: dateObject in week.dates -->\u003Ctd data-ng-repeat=\"dateObject in week.dates\" data-ng-click=\"changeView(data.nextView, dateObject, $event)\" class=\"day ng-binding ng-scope\" data-ng-class=\"{active: dateObject.active, past: dateObject.past, future: dateObject.future, disabled: !dateObject.selectable}\">27\u003C/td>\u003C!-- end ngRepeat: dateObject in week.dates -->\u003Ctd data-ng-repeat=\"dateObject in week.dates\" data-ng-click=\"changeView(data.nextView, dateObject, $event)\" class=\"day ng-binding ng-scope\" data-ng-class=\"{active: dateObject.active, past: dateObject.past, future: dateObject.future, disabled: !dateObject.selectable}\">28\u003C/td>\u003C!-- end ngRepeat: dateObject in week.dates -->\u003Ctd data-ng-repeat=\"dateObject in week.dates\" data-ng-click=\"changeView(data.nextView, dateObject, $event)\" class=\"day ng-binding ng-scope\" data-ng-class=\"{active: dateObject.active, past: dateObject.past, future: dateObject.future, disabled: !dateObject.selectable}\">29\u003C/td>\u003C!-- end ngRepeat: dateObject in week.dates -->\u003Ctd data-ng-repeat=\"dateObject in week.dates\" data-ng-click=\"changeView(data.nextView, dateObject, $event)\" class=\"day ng-binding ng-scope\" data-ng-class=\"{active: dateObject.active, past: dateObject.past, future: dateObject.future, disabled: !dateObject.selectable}\">30\u003C/td>\u003C!-- end ngRepeat: dateObject in week.dates -->\u003Ctd data-ng-repeat=\"dateObject in week.dates\" data-ng-click=\"changeView(data.nextView, dateObject, $event)\" class=\"day ng-binding ng-scope future\" data-ng-class=\"{active: dateObject.active, past: dateObject.past, future: dateObject.future, disabled: !dateObject.selectable}\">1\u003C/td>\u003C!-- end ngRepeat: dateObject in week.dates -->\u003Ctd data-ng-repeat=\"dateObject in week.dates\" data-ng-click=\"changeView(data.nextView, dateObject, $event)\" class=\"day ng-binding ng-scope future\" data-ng-class=\"{active: dateObject.active, past: dateObject.past, future: dateObject.future, disabled: !dateObject.selectable}\">2\u003C/td>\u003C!-- end ngRepeat: dateObject in week.dates -->\u003Ctd data-ng-repeat=\"dateObject in week.dates\" data-ng-click=\"changeView(data.nextView, dateObject, $event)\" class=\"day ng-binding ng-scope future\" data-ng-class=\"{active: dateObject.active, past: dateObject.past, future: dateObject.future, disabled: !dateObject.selectable}\">3\u003C/td>\u003C!-- end ngRepeat: dateObject in week.dates -->       \u003C/tr>\u003C!-- end ngIf: data.currentView === 'day' -->\u003C!-- end ngRepeat: week in data.weeks -->\u003C!-- ngIf: data.currentView === 'day' -->\u003Ctr data-ng-if=\"data.currentView === 'day'\" data-ng-repeat=\"week in data.weeks\" class=\"ng-scope\">           \u003C!-- ngRepeat: dateObject in week.dates -->\u003Ctd data-ng-repeat=\"dateObject in week.dates\" data-ng-click=\"changeView(data.nextView, dateObject, $event)\" class=\"day ng-binding ng-scope future\" data-ng-class=\"{active: dateObject.active, past: d"
11:39:57.218 [Forwarding getPageSource on session d94198a6aa3008d5ffaf97f92db0cb0c to remote] DEBUG org.apache.http.wire - http-outgoing-115 << "ateObject.past, future: dateObject.future, disabled: !dateObject.selectable}\">4\u003C/td>\u003C!-- end ngRepeat: dateObject in week.dates -->\u003Ctd data-ng-repeat=\"dateObject in week.dates\" data-ng-click=\"changeView(data.nextView, dateObject, $event)\" class=\"day ng-binding ng-scope future\" data-ng-class=\"{active: dateObject.active, past: dateObject.past, future: dateObject.future, disabled: !dateObject.selectable}\">5\u003C/td>\u003C!-- end ngRepeat: dateObject in week.dates -->\u003Ctd data-ng-repeat=\"dateObject in week.dates\" data-ng-click=\"changeView(data.nextView, dateObject, $event)\" class=\"day ng-binding ng-scope future\" data-ng-class=\"{active: dateObject.active, past: dateObject.past, future: dateObject.future, disabled: !dateObject.selectable}\">6\u003C/td>\u003C!-- end ngRepeat: dateObject in week.dates -->\u003Ctd data-ng-repeat=\"dateObject in week.dates\" data-ng-click=\"changeView(data.nextView, dateObject, $event)\" class=\"day ng-binding ng-scope future\" data-ng-class=\"{active: dateObject.active, past: dateObject.past, future: dateObject.future, disabled: !dateObject.selectable}\">7\u003C/td>\u003C!-- end ngRepeat: dateObject in week.dates -->\u003Ctd data-ng-repeat=\"dateObject in week.dates\" data-ng-click=\"changeView(data.nextView, dateObject, $event)\" class=\"day ng-binding ng-scope future\" data-ng-class=\"{active: dateObject.active, past: dateObject.past, future: dateObject.future, disabled: !dateObject.selectable}\">8\u003C/td>\u003C!-- end ngRepeat: dateObject in week.dates -->\u003Ctd data-ng-repeat=\"dateObject in week.dates\" data-ng-click=\"changeView(data.nextView, dateObject, $event)\" class=\"day ng-binding ng-scope future\" data-ng-class=\"{active: dateObject.active, past: dateObject.past, future: dateObject.future, disabled: !dateObject.selectable}\">9\u003C/td>\u003C!-- end ngRepeat: dateObject in week.dates -->\u003Ctd data-ng-repeat=\"dateObject in week.dates\" data-ng-click=\"changeView(data.nextView, dateObject, $event)\" class=\"day ng-binding ng-scope future\" data-ng-class=\"{active: dateObject.active, past: dateObject.past, future: dateObject.future, disabled: !dateObject.selectable}\">10\u003C/td>\u003C!-- end ngRepeat: dateObject in week.dates -->       \u003C/tr>\u003C!-- end ngIf: data.currentView === 'day' -->\u003C!-- end ngRepeat: week in data.weeks -->   \u003C/tbody>\u003C/table>\u003C/div>\n                    \u003C/ul>\n                \u003C/div>\n            \u003C/div>\n            \u003Cdiv class=\"form-group\" show-errors=\"\">\n                \u003Clabel>End\u003C/label>\n\n                \u003Cdiv class=\"dropdown\">\n                    \u003Ca class=\"dropdown-toggle\" id=\"end-dropdown\" role=\"button\" data-toggle=\"dropdown\" aria-haspopup=\"true\" aria-expanded=\"false\">\n                        \u003C/a>\u003Cdiv class=\"input-group\">\u003Ca class=\"dropdown-toggle\" id=\"end-dropdown\" role=\"button\" data-toggle=\"dropdown\" aria-haspopup=\"true\" aria-expanded=\"false\">\n                            \u003Cinput type=\"text\" class=\"form-control date-picker ng-pristine ng-untouched ng-valid\" name=\"end\" id=\"end\" data-ng-model=\"campaignDetails.end\" ng-change=\"checkCampaignDetailsDateValidity()\" disabled=\"\" />\n                            \u003C/a>\u003Ca class=\"input-group-addon\" ng-click=\"clearEnd()\">\u003Cspan>\u003Ci class=\"glyphicon glyphicon-remove\">\u003C/i>\u003C/span>\u003C/a>\n                        \u003C/div>\n                    \n                    \u003Cul class=\"dropdown-menu\" role=\"menu\" aria-labelledby=\"dLabel\">\n                        \u003Cdiv class=\"datetimepicker table-responsive ng-isolate-scope ng-valid\" data-ng-model=\"campaignDetails.end\" data-datetimepicker-config=\"{ dropdownSelector: '#end-dropdown', minuteStep: 15 }\" data-on-set-time=\"setEndDate(newDate, oldDate)\">\u003Ctable class=\"table table-striped  day-view\">   \u003Cthead>       \u003Ctr>           \u003Cth class=\"left\" data-ng-click=\"changeView(data.currentView, data.leftDate, $event)\" data-ng-show=\"data.l"
11:39:57.218 [Forwarding getPageSource on session d94198a6aa3008d5ffaf97f92db0cb0c to remote] DEBUG org.apache.http.wire - http-outgoing-115 << "eftDate.selectable\">\u003Ci class=\"glyphicon glyphicon-arrow-left\">\u003C/i>\u003C/th>           \u003Cth class=\"switch ng-binding\" colspan=\"5\" data-ng-show=\"data.previousViewDate.selectable\" data-ng-click=\"changeView(data.previousView, data.previousViewDate, $event)\">2015-Sep\u003C/th>           \u003Cth class=\"right\" data-ng-click=\"changeView(data.currentView, data.rightDate, $event)\" data-ng-show=\"data.rightDate.selectable\">\u003Ci class=\"glyphicon glyphicon-arrow-right\">\u003C/i>\u003C/th>       \u003C/tr>       \u003Ctr>           \u003C!-- ngRepeat: day in data.dayNames -->\u003Cth class=\"dow ng-binding ng-scope\" data-ng-repeat=\"day in data.dayNames\">Su\u003C/th>\u003C!-- end ngRepeat: day in data.dayNames -->\u003Cth class=\"dow ng-binding ng-scope\" data-ng-repeat=\"day in data.dayNames\">Mo\u003C/th>\u003C!-- end ngRepeat: day in data.dayNames -->\u003Cth class=\"dow ng-binding ng-scope\" data-ng-repeat=\"day in data.dayNames\">Tu\u003C/th>\u003C!-- end ngRepeat: day in data.dayNames -->\u003Cth class=\"dow ng-binding ng-scope\" data-ng-repeat=\"day in data.dayNames\">We\u003C/th>\u003C!-- end ngRepeat: day in data.dayNames -->\u003Cth class=\"dow ng-binding ng-scope\" data-ng-repeat=\"day in data.dayNames\">Th\u003C/th>\u003C!-- end ngRepeat: day in data.dayNames -->\u003Cth class=\"dow ng-binding ng-scope\" data-ng-repeat=\"day in data.dayNames\">Fr\u003C/th>\u003C!-- end ngRepeat: day in data.dayNames -->\u003Cth class=\"dow ng-binding ng-scope\" data-ng-repeat=\"day in data.dayNames\">Sa\u003C/th>\u003C!-- end ngRepeat: day in data.dayNames -->       \u003C/tr>   \u003C/thead>   \u003Ctbody>       \u003C!-- ngIf: data.currentView !== 'day' -->       \u003C!-- ngRepeat: week in data.weeks -->\u003C!-- ngIf: data.currentView === 'day' -->\u003Ctr data-ng-if=\"data.currentView === 'day'\" data-ng-repeat=\"week in data.weeks\" class=\"ng-scope\">           \u003C!-- ngRepeat: dateObject in week.dates -->\u003Ctd data-ng-repeat=\"dateObject in week.dates\" data-ng-click=\"changeView(data.nextView, dateObject, $event)\" class=\"day ng-binding ng-scope past\" data-ng-class=\"{active: dateObject.active, past: dateObject.past, future: dateObject.future, disabled: !dateObject.selectable}\">30\u003C/td>\u003C!-- end ngRepeat: dateObject in week.dates -->\u003Ctd data-ng-repeat=\"dateObject in week.dates\" data-ng-click=\"changeView(data.nextView, dateObject, $event)\" class=\"day ng-binding ng-scope past\" data-ng-class=\"{active: dateObject.active, past: dateObject.past, future: dateObject.future, disabled: !dateObject.selectable}\">31\u003C/td>\u003C!-- end ngRepeat: dateObject in week.dates -->\u003Ctd data-ng-repeat=\"dateObject in week.dates\" data-ng-click=\"changeView(data.nextView, dateObject, $event)\" class=\"day ng-binding ng-scope\" data-ng-class=\"{active: dateObject.active, past: dateObject.past, future: dateObject.future, disabled: !dateObject.selectable}\">1\u003C/td>\u003C!-- end ngRepeat: dateObject in week.dates -->\u003Ctd data-ng-repeat=\"dateObject in week.dates\" data-ng-click=\"changeView(data.nextView, dateObject, $event)\" class=\"day ng-binding ng-scope\" data-ng-class=\"{active: dateObject.active, past: dateObject.past, future: dateObject.future, disabled: !dateObject.selectable}\">2\u003C/td>\u003C!-- end ngRepeat: dateObject in week.dates -->\u003Ctd data-ng-repeat=\"dateObject in week.dates\" data-ng-click=\"changeView(data.nextView, dateObject, $event)\" class=\"day ng-binding ng-scope\" data-ng-class=\"{active: dateObject.active, past: dateObject.past, future: dateObject.future, disabled: !dateObject.selectable}\">3\u003C/td>\u003C!-- end ngRepeat: dateObject in week.dates -->\u003Ctd data-ng-repeat=\"dateObject in week.dates\" data-ng-click=\"changeView(data.nextView, dateObject, $event)\" class=\"day ng-binding ng-scope\" data-ng-class=\"{active: dateObject.active, past: dateObject.past, future: dateObject.future, disabled: !dateObject.selectable}\">4\u003C/td>\u003C!-- end ngRepeat: dateObject in week.dates -->\u003Ctd data-ng-repeat=\"dateObject in week.dates\"
11:39:57.219 [Forwarding getPageSource on session d94198a6aa3008d5ffaf97f92db0cb0c to remote] DEBUG org.apache.http.wire - http-outgoing-115 << "" data-ng-click=\"changeView(data.nextView, dateObject, $event)\" class=\"day ng-binding ng-scope\" data-ng-class=\"{active: dateObject.active, past: dateObject.past, future: dateObject.future, disabled: !dateObject.selectable}\">5\u003C/td>\u003C!-- end ngRepeat: dateObject in week.dates -->       \u003C/tr>\u003C!-- end ngIf: data.currentView === 'day' -->\u003C!-- end ngRepeat: week in data.weeks -->\u003C!-- ngIf: data.currentView === 'day' -->\u003Ctr data-ng-if=\"data.currentView === 'day'\" data-ng-repeat=\"week in data.weeks\" class=\"ng-scope\">           \u003C!-- ngRepeat: dateObject in week.dates -->\u003Ctd data-ng-repeat=\"dateObject in week.dates\" data-ng-click=\"changeView(data.nextView, dateObject, $event)\" class=\"day ng-binding ng-scope\" data-ng-class=\"{active: dateObject.active, past: dateObject.past, future: dateObject.future, disabled: !dateObject.selectable}\">6\u003C/td>\u003C!-- end ngRepeat: dateObject in week.dates -->\u003Ctd data-ng-repeat=\"dateObject in week.dates\" data-ng-click=\"changeView(data.nextView, dateObject, $event)\" class=\"day ng-binding ng-scope\" data-ng-class=\"{active: dateObject.active, past: dateObject.past, future: dateObject.future, disabled: !dateObject.selectable}\">7\u003C/td>\u003C!-- end ngRepeat: dateObject in week.dates -->\u003Ctd data-ng-repeat=\"dateObject in week.dates\" data-ng-click=\"changeView(data.nextView, dateObject, $event)\" class=\"day ng-binding ng-scope\" data-ng-class=\"{active: dateObject.active, past: dateObject.past, future: dateObject.future, disabled: !dateObject.selectable}\">8\u003C/td>\u003C!-- end ngRepeat: dateObject in week.dates -->\u003Ctd data-ng-repeat=\"dateObject in week.dates\" data-ng-click=\"changeView(data.nextView, dateObject, $event)\" class=\"day ng-binding ng-scope\" data-ng-class=\"{active: dateObject.active, past: dateObject.past, future: dateObject.future, disabled: !dateObject.selectable}\">9\u003C/td>\u003C!-- end ngRepeat: dateObject in week.dates -->\u003Ctd data-ng-repeat=\"dateObject in week.dates\" data-ng-click=\"changeView(data.nextView, dateObject, $event)\" class=\"day ng-binding ng-scope\" data-ng-class=\"{active: dateObject.active, past: dateObject.past, future: dateObject.future, disabled: !dateObject.selectable}\">10\u003C/td>\u003C!-- end ngRepeat: dateObject in week.dates -->\u003Ctd data-ng-repeat=\"dateObject in week.dates\" data-ng-click=\"changeView(data.nextView, dateObject, $event)\" class=\"day ng-binding ng-scope\" data-ng-class=\"{active: dateObject.active, past: dateObject.past, future: dateObject.future, disabled: !dateObject.selectable}\">11\u003C/td>\u003C!-- end ngRepeat: dateObject in week.dates -->\u003Ctd data-ng-repeat=\"dateObject in week.dates\" data-ng-click=\"changeView(data.nextView, dateObject, $event)\" class=\"day ng-binding ng-scope\" data-ng-class=\"{active: dateObject.active, past: dateObject.past, future: dateObject.future, disabled: !dateObject.selectable}\">12\u003C/td>\u003C!-- end ngRepeat: dateObject in week.dates -->       \u003C/tr>\u003C!-- end ngIf: data.currentView === 'day' -->\u003C!-- end ngRepeat: week in data.weeks -->\u003C!-- ngIf: data.currentView === 'day' -->\u003Ctr data-ng-if=\"data.currentView === 'day'\" data-ng-repeat=\"week in data.weeks\" class=\"ng-scope\">           \u003C!-- ngRepeat: dateObject in week.dates -->\u003Ctd data-ng-repeat=\"dateObject in week.dates\" data-ng-click=\"changeView(data.nextView, dateObject, $event)\" class=\"day ng-binding ng-scope\" data-ng-class=\"{active: dateObject.active, past: dateObject.past, future: dateObject.future, disabled: !dateObject.selectable}\">13\u003C/td>\u003C!-- end ngRepeat: dateObject in week.dates -->\u003Ctd data-ng-repeat=\"dateObject in week.dates\" data-ng-click=\"changeView(data.nextView, dateObject, $event)\" class=\"day ng-binding ng-scope\" data-ng-class=\"{active: dateObject.active, past: dateObject.past, future: dateObject.future, disabled: !dateObject.selectable}\">14\u003C/td>\u003C!-- end ngRepeat: dateObject in week.dates -->\u003Ctd data-ng-repeat=\"dateObject in week.dates"
11:39:57.219 [Forwarding getPageSource on session d94198a6aa3008d5ffaf97f92db0cb0c to remote] DEBUG org.apache.http.wire - http-outgoing-115 << "\" data-ng-click=\"changeView(data.nextView, dateObject, $event)\" class=\"day ng-binding ng-scope\" data-ng-class=\"{active: dateObject.active, past: dateObject.past, future: dateObject.future, disabled: !dateObject.selectable}\">15\u003C/td>\u003C!-- end ngRepeat: dateObject in week.dates -->\u003Ctd data-ng-repeat=\"dateObject in week.dates\" data-ng-click=\"changeView(data.nextView, dateObject, $event)\" class=\"day ng-binding ng-scope\" data-ng-class=\"{active: dateObject.active, past: dateObject.past, future: dateObject.future, disabled: !dateObject.selectable}\">16\u003C/td>\u003C!-- end ngRepeat: dateObject in week.dates -->\u003Ctd data-ng-repeat=\"dateObject in week.dates\" data-ng-click=\"changeView(data.nextView, dateObject, $event)\" class=\"day ng-binding ng-scope\" data-ng-class=\"{active: dateObject.active, past: dateObject.past, future: dateObject.future, disabled: !dateObject.selectable}\">17\u003C/td>\u003C!-- end ngRepeat: dateObject in week.dates -->\u003Ctd data-ng-repeat=\"dateObject in week.dates\" data-ng-click=\"changeView(data.nextView, dateObject, $event)\" class=\"day ng-binding ng-scope\" data-ng-class=\"{active: dateObject.active, past: dateObject.past, future: dateObject.future, disabled: !dateObject.selectable}\">18\u003C/td>\u003C!-- end ngRepeat: dateObject in week.dates -->\u003Ctd data-ng-repeat=\"dateObject in week.dates\" data-ng-click=\"changeView(data.nextView, dateObject, $event)\" class=\"day ng-binding ng-scope\" data-ng-class=\"{active: dateObject.active, past: dateObject.past, future: dateObject.future, disabled: !dateObject.selectable}\">19\u003C/td>\u003C!-- end ngRepeat: dateObject in week.dates -->       \u003C/tr>\u003C!-- end ngIf: data.currentView === 'day' -->\u003C!-- end ngRepeat: week in data.weeks -->\u003C!-- ngIf: data.currentView === 'day' -->\u003Ctr data-ng-if=\"data.currentView === 'day'\" data-ng-repeat=\"week in data.weeks\" class=\"ng-scope\">           \u003C!-- ngRepeat: dateObject in week.dates -->\u003Ctd data-ng-repeat=\"dateObject in week.dates\" data-ng-click=\"changeView(data.nextView, dateObject, $event)\" class=\"day ng-binding ng-scope\" data-ng-class=\"{active: dateObject.active, past: dateObject.past, future: dateObject.future, disabled: !dateObject.selectable}\">20\u003C/td>\u003C!-- end ngRepeat: dateObject in week.dates -->\u003Ctd data-ng-repeat=\"dateObject in week.dates\" data-ng-click=\"changeView(data.nextView, dateObject, $event)\" class=\"day ng-binding ng-scope\" data-ng-class=\"{active: dateObject.active, past: dateObject.past, future: dateObject.future, disabled: !dateObject.selectable}\">21\u003C/td>\u003C!-- end ngRepeat: dateObject in week.dates -->\u003Ctd data-ng-repeat=\"dateObject in week.dates\" data-ng-click=\"changeView(data.nextView, dateObject, $event)\" class=\"day ng-binding ng-scope\" data-ng-class=\"{active: dateObject.active, past: dateObject.past, future: dateObject.future, disabled: !dateObject.selectable}\">22\u003C/td>\u003C!-- end ngRepeat: dateObject in week.dates -->\u003Ctd data-ng-repeat=\"dateObject in week.dates\" data-ng-click=\"changeView(data.nextView, dateObject, $event)\" class=\"day ng-binding ng-scope\" data-ng-class=\"{active: dateObject.active, past: dateObject.past, future: dateObject.future, disabled: !dateObject.selectable}\">23\u003C/td>\u003C!-- end ngRepeat: dateObject in week.dates -->\u003Ctd data-ng-repeat=\"dateObject in week.dates\" data-ng-click=\"changeView(data.nextView, dateObject, $event)\" class=\"day ng-binding ng-scope\" data-ng-class=\"{active: dateObject.active, past: dateObject.past, future: dateObject.future, disabled: !dateObject.selectable}\">24\u003C/td>\u003C!-- end ngRepeat: dateObject in week.dates -->\u003Ctd data-ng-repeat=\"dateObject in week.dates\" data-ng-click=\"changeView(data.nextView, dateObject, $event)\" class=\"day ng-binding ng-scope\" data-ng-class=\"{active: dateObject.active, past: dateObject.past, future: dateObject.future, disabled: !dateObject.selectable}\">25\u003C/td>\u003C!-- end ngRepeat: dateObject in week.dates -->\u003Ctd data-ng-repeat=\"
11:39:57.219 [Forwarding getPageSource on session d94198a6aa3008d5ffaf97f92db0cb0c to remote] DEBUG org.apache.http.wire - http-outgoing-115 << ""dateObject in week.dates\" data-ng-click=\"changeView(data.nextView, dateObject, $event)\" class=\"day ng-binding ng-scope\" data-ng-class=\"{active: dateObject.active, past: dateObject.past, future: dateObject.future, disabled: !dateObject.selectable}\">26\u003C/td>\u003C!-- end ngRepeat: dateObject in week.dates -->       \u003C/tr>\u003C!-- end ngIf: data.currentView === 'day' -->\u003C!-- end ngRepeat: week in data.weeks -->\u003C!-- ngIf: data.currentView === 'day' -->\u003Ctr data-ng-if=\"data.currentView === 'day'\" data-ng-repeat=\"week in data.weeks\" class=\"ng-scope\">           \u003C!-- ngRepeat: dateObject in week.dates -->\u003Ctd data-ng-repeat=\"dateObject in week.dates\" data-ng-click=\"changeView(data.nextView, dateObject, $event)\" class=\"day ng-binding ng-scope\" data-ng-class=\"{active: dateObject.active, past: dateObject.past, future: dateObject.future, disabled: !dateObject.selectable}\">27\u003C/td>\u003C!-- end ngRepeat: dateObject in week.dates -->\u003Ctd data-ng-repeat=\"dateObject in week.dates\" data-ng-click=\"changeView(data.nextView, dateObject, $event)\" class=\"day ng-binding ng-scope\" data-ng-class=\"{active: dateObject.active, past: dateObject.past, future: dateObject.future, disabled: !dateObject.selectable}\">28\u003C/td>\u003C!-- end ngRepeat: dateObject in week.dates -->\u003Ctd data-ng-repeat=\"dateObject in week.dates\" data-ng-click=\"changeView(data.nextView, dateObject, $event)\" class=\"day ng-binding ng-scope\" data-ng-class=\"{active: dateObject.active, past: dateObject.past, future: dateObject.future, disabled: !dateObject.selectable}\">29\u003C/td>\u003C!-- end ngRepeat: dateObject in week.dates -->\u003Ctd data-ng-repeat=\"dateObject in week.dates\" data-ng-click=\"changeView(data.nextView, dateObject, $event)\" class=\"day ng-binding ng-scope\" data-ng-class=\"{active: dateObject.active, past: dateObject.past, future: dateObject.future, disabled: !dateObject.selectable}\">30\u003C/td>\u003C!-- end ngRepeat: dateObject in week.dates -->\u003Ctd data-ng-repeat=\"dateObject in week.dates\" data-ng-click=\"changeView(data.nextView, dateObject, $event)\" class=\"day ng-binding ng-scope future\" data-ng-class=\"{active: dateObject.active, past: dateObject.past, future: dateObject.future, disabled: !dateObject.selectable}\">1\u003C/td>\u003C!-- end ngRepeat: dateObject in week.dates -->\u003Ctd data-ng-repeat=\"dateObject in week.dates\" data-ng-click=\"changeView(data.nextView, dateObject, $event)\" class=\"day ng-binding ng-scope future\" data-ng-class=\"{active: dateObject.active, past: dateObject.past, future: dateObject.future, disabled: !dateObject.selectable}\">2\u003C/td>\u003C!-- end ngRepeat: dateObject in week.dates -->\u003Ctd data-ng-repeat=\"dateObject in week.dates\" data-ng-click=\"changeView(data.nextView, dateObject, $event)\" class=\"day ng-binding ng-scope future\" data-ng-class=\"{active: dateObject.active, past: dateObject.past, future: dateObject.future, disabled: !dateObject.selectable}\">3\u003C/td>\u003C!-- end ngRepeat: dateObject in week.dates -->       \u003C/tr>\u003C!-- end ngIf: data.currentView === 'day' -->\u003C!-- end ngRepeat: week in data.weeks -->\u003C!-- ngIf: data.currentView === 'day' -->\u003Ctr data-ng-if=\"data.currentView === 'day'\" data-ng-repeat=\"week in data.weeks\" class=\"ng-scope\">           \u003C!-- ngRepeat: dateObject in week.dates -->\u003Ctd data-ng-repeat=\"dateObject in week.dates\" data-ng-click=\"changeView(data.nextView, dateObject, $event)\" class=\"day ng-binding ng-scope future\" data-ng-class=\"{active: dateObject.active, past: dateObject.past, future: dateObject.future, disabled: !dateObject.selectable}\">4\u003C/td>\u003C!-- end ngRepeat: dateObject in week.dates -->\u003Ctd data-ng-repeat=\"dateObject in week.dates\" data-ng-click=\"changeView(data.nextView, dateObject, $event)\" class=\"day ng-binding ng-scope future\" data-ng-class=\"{active: dateObject.active, past: dateObject.past, future: dateObject.future, disabled: !dateObject.selectable}\">5\u003C/td>\u003C!-- end ngRepeat: dateObject in wee"
11:39:57.219 [Forwarding getPageSource on session d94198a6aa3008d5ffaf97f92db0cb0c to remote] DEBUG org.apache.http.wire - http-outgoing-115 << "k.dates -->\u003Ctd data-ng-repeat=\"dateObject in week.dates\" data-ng-click=\"changeView(data.nextView, dateObject, $event)\" class=\"day ng-binding ng-scope future\" data-ng-class=\"{active: dateObject.active, past: dateObject.past, future: dateObject.future, disabled: !dateObject.selectable}\">6\u003C/td>\u003C!-- end ngRepeat: dateObject in week.dates -->\u003Ctd data-ng-repeat=\"dateObject in week.dates\" data-ng-click=\"changeView(data.nextView, dateObject, $event)\" class=\"day ng-binding ng-scope future\" data-ng-class=\"{active: dateObject.active, past: dateObject.past, future: dateObject.future, disabled: !dateObject.selectable}\">7\u003C/td>\u003C!-- end ngRepeat: dateObject in week.dates -->\u003Ctd data-ng-repeat=\"dateObject in week.dates\" data-ng-click=\"changeView(data.nextView, dateObject, $event)\" class=\"day ng-binding ng-scope future\" data-ng-class=\"{active: dateObject.active, past: dateObject.past, future: dateObject.future, disabled: !dateObject.selectable}\">8\u003C/td>\u003C!-- end ngRepeat: dateObject in week.dates -->\u003Ctd data-ng-repeat=\"dateObject in week.dates\" data-ng-click=\"changeView(data.nextView, dateObject, $event)\" class=\"day ng-binding ng-scope future\" data-ng-class=\"{active: dateObject.active, past: dateObject.past, future: dateObject.future, disabled: !dateObject.selectable}\">9\u003C/td>\u003C!-- end ngRepeat: dateObject in week.dates -->\u003Ctd data-ng-repeat=\"dateObject in week.dates\" data-ng-click=\"changeView(data.nextView, dateObject, $event)\" class=\"day ng-binding ng-scope future\" data-ng-class=\"{active: dateObject.active, past: dateObject.past, future: dateObject.future, disabled: !dateObject.selectable}\">10\u003C/td>\u003C!-- end ngRepeat: dateObject in week.dates -->       \u003C/tr>\u003C!-- end ngIf: data.currentView === 'day' -->\u003C!-- end ngRepeat: week in data.weeks -->   \u003C/tbody>\u003C/table>\u003C/div>\n                    \u003C/ul>\n                \u003C/div>\n            \u003C/div>\n            \u003Cdiv class=\"form-group\" show-errors=\"\">\n                \u003Clabel for=\"cap\">Redemption Cap\u003C/label>\n                \u003Cinput type=\"number\" ng-model=\"campaignDetails.cap\" length=\"25\" min=\"1\" max=\"5000000\" name=\"cap\" id=\"cap\" class=\"form-control ng-pristine ng-untouched ng-valid ng-valid-min ng-valid-max\" placeholder=\"Maximum Capacity of Campaign\" />\n            \u003C/div>\n            \u003Cdiv class=\"form-group options ng-hide\" ng-hide=\"!isUpdateable() || campaignDetails.type === 'GIFTING'\">\n                \u003Clabel>Voucher Creation Lock (For CSRs)\u003C/label>\n                \u003Clabel for=\"lock-voucher-false\" class=\"normal\">Unlocked\n                    \u003Cinput type=\"radio\" ng-model=\"campaignDetails.voucherCreationLock\" value=\"false\" name=\"voucherCreationLock\" id=\"lock-voucher-false\" ng-value=\"false\" data-ng-disabled=\"!isUpdateable() || campaignDetails.type === 'GIFTING'\" class=\"ng-pristine ng-untouched ng-valid\" disabled=\"disabled\" />\n                \u003C/label>\n                \u003Clabel for=\"lock-voucher-true\" class=\"normal\">Locked\n                    \u003Cinput type=\"radio\" ng-model=\"campaignDetails.voucherCreationLock\" value=\"true\" name=\"voucherCreationLock\" id=\"lock-voucher-true\" ng-value=\"true\" data-ng-disabled=\"!isUpdateable() || campaignDetails.type === 'GIFTING'\" class=\"ng-pristine ng-untouched ng-valid\" disabled=\"disabled\" />\n                \u003C/label>\n            \u003C/div>\n            \u003Cdiv class=\"form-group options ng-hide\" ng-hide=\"controllerAction == 'Create'\">\n                \u003Clabel>Campaign State\u003C/label>\n                \u003Clabel for=\"cancelled-false\" class=\"normal\">Active\n                    \u003Cinput type=\"radio\" ng-model=\"campaignDetails.cancelled\" value=\"false\" name=\"cancelled\" id=\"cancelled-false\" ng-value=\"false\" class=\"ng-pristine ng-untouched ng-valid\" />\n                \u003C/label>\n                \u003Clabel for=\"cancelled-true\" class=\"normal\">Canc"
11:39:57.219 [Forwarding getPageSource on session d94198a6aa3008d5ffaf97f92db0cb0c to remote] DEBUG org.apache.http.wire - http-outgoing-115 << "elled\n                    \u003Cinput type=\"radio\" ng-model=\"campaignDetails.cancelled\" value=\"true\" name=\"cancelled\" id=\"cancelled-true\" ng-value=\"true\" class=\"ng-pristine ng-untouched ng-valid\" />\n                \u003C/label>\n            \u003C/div>\n            \u003Cbutton name=\"submit\" class=\"btn btn-primary pull-right update-details-btn ng-binding\" ng-click=\"campaignForm.$valid &amp;&amp; submitCampaign()\" ng-disabled=\"!campaignForm.$valid || hasFormNotChanged()\" disabled=\"disabled\">\n            Create Campaign\n            \u003C/button>\n        \u003C/form>\n        \u003Cmessages>\u003Cdiv class=\"messages\">\n  \u003Cdiv class=\"success ng-binding\">\u003C/div>\n  \u003Cdiv class=\"error ng-binding\">\u003C/div>\n  \u003Cdiv class=\"col-md-12 ng-binding ng-hide\" ng-show=\"generatedVoucher\" style=\"\">\n    \u003Cb>Created Voucher Code\u003C/b>: \n  \u003C/div>\n\u003C/div>\n\u003C/messages>\n    \u003C/div>\n\n\u003C/div>\n\u003C/div>\n        \u003Cdiv class=\"footer\">\u003C/div>\n    \u003C/div>\n\n    \u003C!-- build:js(.) scripts/ie-include.js -->\n        \u003C!--[if lt IE 9]>\n            \u003Cscript src=\"bower_components/es5-shim/es5-shim.js\">\u003C/script>\n            \u003Cscript src=\"bower_components/json3/lib/json3.min.js\">\u003C/script>\n            \u003Cscript src=\"bower_components/respond/dest/respond.src.js\">\u003C/script>\n        \u003C![endif]-->\n    \u003C!-- endbuild -->\n\n    \u003C!-- build:js(.) scripts/vendor.js -->\n    \u003C!-- bower:js -->\n    \u003Cscript src=\"bower_components/jquery/dist/jquery.js\">\u003C/script>\n    \u003Cscript src=\"bower_components/angular/angular.js\">\u003C/script>\n    \u003Cscript src=\"bower_components/json3/lib/json3.js\">\u003C/script>\n    \u003Cscript src=\"bower_components/bootstrap/dist/js/bootstrap.js\">\u003C/script>\n    \u003Cscript src=\"bower_components/angular-resource/angular-resource.js\">\u003C/script>\n    \u003Cscript src=\"bower_components/angular-sanitize/angular-sanitize.js\">\u003C/script>\n    \u003Cscript src=\"bower_components/angular-animate/angular-animate.js\">\u003C/script>\n    \u003Cscript src=\"bower_components/angular-route/angular-route.js\">\u003C/script>\n    \u003Cscript src=\"bower_components/moment/moment.js\">\u003C/script>\n    \u003Cscript src=\"bower_components/angular-bootstrap-show-errors/src/showErrors.js\">\u003C/script>\n    \u003Cscript src=\"bower_components/angular-bootstrap-datetimepicker/src/js/datetimepicker.js\">\u003C/script>\n    \u003Cscript src=\"bower_components/jquery-ui/jquery-ui.js\">\u003C/script>\n    \u003Cscript src=\"bower_components/FileSaver/FileSaver.js\">\u003C/script>\n    \u003Cscript src=\"bower_components/underscore/underscore.js\">\u003C/script>\n    \u003Cscript src=\"bower_components/angular-bootstrap/ui-bootstrap-tpls.js\">\u003C/script>\n    \u003Cscript src=\"bower_components/angular-translate/angular-translate.js\">\u003C/script>\n    \u003Cscript src=\"bower_components/angular-dialog-service/dist/dialogs.min.js\">\u003C/script>\n    \u003Cscript src=\"bower_components/angular-dialog-service/dist/dialogs-default-translations.min.js\">\u003C/script>\n    \u003Cscript src=\"bower_components/angular-utils-pagination/dirPagination.js\">\u003C/script>\n    \u003C!-- endbower -->\n    \u003C!-- endbuild -->\n\n    \u003C!-- build:js({.tmp,app}) scripts/scripts.js -->\n    \u003Cscript src=\"scripts/app.js\">\u003C/script>\n    \u003Cscript src=\"scripts/config/config.js\">\u003C/script>\n    \u003Cscript src=\"scripts/services/base-http-service.js\">\u003C/script>\n    \u003Cscript src=\"scripts/services/voucher-service.js\">\u003C/script>\n    \u003Cscript src=\"scripts/services/campaign-service.js\">\u003C/script>\n    \u003Cscript src=\"scripts/services/history-service.js\">\u003C/script>\n    \u003Cscript src=\"scripts/services/promo-service.js\">\u003C/script>\n    \u003Cscript src=\"scripts/services/date-service.js\">\u003C/script>\n    \u003Cscript src=\"scripts/services/root-service.js\">\u003C/script>\n    \u003Cscript src="
11:39:57.219 [Forwarding getPageSource on session d94198a6aa3008d5ffaf97f92db0cb0c to remote] DEBUG org.apache.http.wire - http-outgoing-115 << "\"scripts/services/hateoas-service-util.js\">\u003C/script>\n    \u003Cscript src=\"scripts/controllers/promo-controller.js\">\u003C/script>\n    \u003Cscript src=\"scripts/controllers/campaign-controller.js\">\u003C/script>\n    \u003Cscript src=\"scripts/controllers/status-controller.js\">\u003C/script>\n    \u003Cscript src=\"scripts/controllers/audit-history-controller.js\">\u003C/script>\n    \u003Cscript src=\"scripts/controllers/voucher-controller.js\">\u003C/script>\n    \u003Cscript src=\"scripts/controllers/account-controller.js\">\u003C/script>\n    \u003Cscript src=\"scripts/controllers/campaign-list-controller.js\">\u003C/script>\n    \u003Cscript src=\"scripts/directives/campaign-directive.js\">\u003C/script>\n    \u003Cscript src=\"scripts/directives/voucher-directive.js\">\u003C/script>\n    \u003Cscript src=\"scripts/directives/single-use-voucher-directive.js\">\u003C/script>\n    \u003Cscript src=\"scripts/directives/server-connection-directive.js\">\u003C/script>\n    \u003Cscript src=\"scripts/directives/promocode-directive.js\">\u003C/script>\n    \u003Cscript src=\"scripts/directives/voucher-batch-directive.js\">\u003C/script>\n    \u003Cscript src=\"scripts/filters/account-filter.js\">\u003C/script>\n\n    \u003C!-- endbuild -->\n\n    \u003Cscript src=\"/config\">\u003C/script>\n\n\u003Cscript>//&lt;![CDATA[\ndocument.write('&lt;script src=\"//' + (location.hostname || 'localhost') + ':35729/livereload.js?snipver=1\"&gt;&lt;\\/script&gt;')\n//]]&gt;\u003C/script>\u003Cscript src=\"//localhost:35729/livereload.js?snipver=1\">\u003C/script>\n\n\n\u003C/body>\u003C/html>"}"
11:39:57.219 [Forwarding getPageSource on session d94198a6aa3008d5ffaf97f92db0cb0c to remote] DEBUG o.a.h.i.c.DefaultManagedHttpClientConnection - http-outgoing-115: Shutdown connection
11:39:57.219 [Forwarding getPageSource on session d94198a6aa3008d5ffaf97f92db0cb0c to remote] DEBUG o.a.h.impl.execchain.MainClientExec - Connection discarded
11:39:57.219 [Forwarding getPageSource on session d94198a6aa3008d5ffaf97f92db0cb0c to remote] DEBUG o.a.h.i.c.DefaultManagedHttpClientConnection - http-outgoing-115: Close connection
11:39:57.219 [Forwarding getPageSource on session d94198a6aa3008d5ffaf97f92db0cb0c to remote] DEBUG o.a.h.i.c.PoolingHttpClientConnectionManager - Connection released: [id: 115][route: {}->http://localhost:26477][total kept alive: 0; route allocated: 0 of 2000; total allocated: 0 of 2000]

  Scenario: Check the header navigation links       ?[90m# features/pageNavigation.feature:6?[0m
    ?[32mWhen ?[0m?[32mI go to the ?[0m?[32m?[1mHome?[0m?[32m page?[0m                      ?[90m# GenericSteps.i_go_to_page(String)?[0m
    ?[32mThen ?[0m?[32mthe browser is at the ?[0m?[32m?[1mHome?[0m?[32m page?[0m            ?[90m# GenericSteps.the_browser_is_at_the_page(String)?[0m
    ?[32mWhen ?[0m?[32mI click on the ?[0m?[32m?[1mCampaigns?[0m?[32m link?[0m              ?[90m# GenericSteps.i_click_on_the_link(String)?[0m
    ?[32mThen ?[0m?[32mthe browser is at the ?[0m?[32m?[1mList Campaigns?[0m?[32m page?[0m  ?[90m# GenericSteps.the_browser_is_at_the_page(String)?[0m
    ?[32mWhen ?[0m?[32mI click on the ?[0m?[32m?[1mCreate Campaign?[0m?[32m link?[0m        ?[90m# GenericSteps.i_click_on_the_link(String)?[0m
    ?[32mThen ?[0m?[32mthe browser is at the ?[0m?[32m?[1mCreate Campaign?[0m?[32m page?[0m ?[90m# GenericSteps.the_browser_is_at_the_page(String)?[0m
    ?[32mWhen ?[0m?[32mI click on the ?[0m?[32m?[1mSearch Vouchers?[0m?[32m link?[0m        ?[90m# GenericSteps.i_click_on_the_link(String)?[0m
    ?[32mThen ?[0m?[32mthe browser is at the ?[0m?[32m?[1mSearch Vouchers?[0m?[32m page?[0m ?[90m# GenericSteps.the_browser_is_at_the_page(String)?[0m
11:39:57.236 [LittleProxy-ClientToProxyWorker-3] DEBUG o.l.p.impl.ClientToProxyConnection - (AWAITING_INITIAL) [id: 0x4dc93f85, /127.0.0.1:54147 => /127.0.1.1:45224]: Reading: HttpObjectAggregator$AggregatedFullHttpRequest(decodeResult: success, version: HTTP/1.1, content: CompositeByteBuf(ridx: 0, widx: 0, cap: 0, components=0))
GET http://localhost:9000/views/campaign-details.html HTTP/1.1
Host: localhost:9000
Proxy-Connection: keep-alive
Accept: application/json, text/plain, */*
X-Forwarded-Proto: https
User-Agent: Mozilla/5.0 (X11; Linux x86_64) AppleWebKit/537.36 (KHTML, like Gecko) Chrome/44.0.2403.130 Safari/537.36
Referer: http://localhost:9000/
Accept-Encoding: gzip, deflate, sdch
Accept-Language: en-GB,en-US;q=0.8,en;q=0.6
Content-Length: 0
11:39:57.236 [LittleProxy-ClientToProxyWorker-5] DEBUG o.l.p.impl.ClientToProxyConnection - (AWAITING_INITIAL) [id: 0x37fa264d, /127.0.0.1:54206 => /127.0.1.1:45224]: Reading: HttpObjectAggregator$AggregatedFullHttpRequest(decodeResult: success, version: HTTP/1.1, content: CompositeByteBuf(ridx: 0, widx: 0, cap: 0, components=0))
GET http://localhost:8080/ HTTP/1.1
Host: localhost:8080
Proxy-Connection: keep-alive
Authorization: Basic YWRtaW46cGFzcw==
Accept: application/json, text/plain, */*
X-Forwarded-Proto: https
User-Agent: Mozilla/5.0 (X11; Linux x86_64) AppleWebKit/537.36 (KHTML, like Gecko) Chrome/44.0.2403.130 Safari/537.36
Referer: http://localhost:9000/
Accept-Encoding: gzip, deflate, sdch
Accept-Language: en-GB,en-US;q=0.8,en;q=0.6
Content-Length: 0
11:39:57.236 [LittleProxy-ClientToProxyWorker-3] DEBUG o.l.p.impl.ClientToProxyConnection - (AWAITING_INITIAL) [id: 0x4dc93f85, /127.0.0.1:54147 => /127.0.1.1:45224]: Got request: HttpObjectAggregator$AggregatedFullHttpRequest(decodeResult: success, version: HTTP/1.1, content: CompositeByteBuf(ridx: 0, widx: 0, cap: 0, components=0))
GET http://localhost:9000/views/campaign-details.html HTTP/1.1
Host: localhost:9000
Proxy-Connection: keep-alive
Accept: application/json, text/plain, */*
X-Forwarded-Proto: https
User-Agent: Mozilla/5.0 (X11; Linux x86_64) AppleWebKit/537.36 (KHTML, like Gecko) Chrome/44.0.2403.130 Safari/537.36
Referer: http://localhost:9000/
Accept-Encoding: gzip, deflate, sdch
Accept-Language: en-GB,en-US;q=0.8,en;q=0.6
Content-Length: 0
11:39:57.236 [LittleProxy-ClientToProxyWorker-5] DEBUG o.l.p.impl.ClientToProxyConnection - (AWAITING_INITIAL) [id: 0x37fa264d, /127.0.0.1:54206 => /127.0.1.1:45224]: Got request: HttpObjectAggregator$AggregatedFullHttpRequest(decodeResult: success, version: HTTP/1.1, content: CompositeByteBuf(ridx: 0, widx: 0, cap: 0, components=0))
GET http://localhost:8080/ HTTP/1.1
Host: localhost:8080
Proxy-Connection: keep-alive
Authorization: Basic YWRtaW46cGFzcw==
Accept: application/json, text/plain, */*
X-Forwarded-Proto: https
User-Agent: Mozilla/5.0 (X11; Linux x86_64) AppleWebKit/537.36 (KHTML, like Gecko) Chrome/44.0.2403.130 Safari/537.36
Referer: http://localhost:9000/
Accept-Encoding: gzip, deflate, sdch
Accept-Language: en-GB,en-US;q=0.8,en;q=0.6
Content-Length: 0
11:39:57.236 [LittleProxy-ClientToProxyWorker-5] DEBUG o.l.p.impl.ClientToProxyConnection - (AWAITING_INITIAL) [id: 0x37fa264d, /127.0.0.1:54206 => /127.0.1.1:45224]: Ensuring that hostAndPort are available in http://localhost:8080/
11:39:57.236 [LittleProxy-ClientToProxyWorker-3] DEBUG o.l.p.impl.ClientToProxyConnection - (AWAITING_INITIAL) [id: 0x4dc93f85, /127.0.0.1:54147 => /127.0.1.1:45224]: Ensuring that hostAndPort are available in http://localhost:9000/views/campaign-details.html
11:39:57.236 [LittleProxy-ClientToProxyWorker-5] DEBUG o.l.p.impl.ClientToProxyConnection - (AWAITING_INITIAL) [id: 0x37fa264d, /127.0.0.1:54206 => /127.0.1.1:45224]: Finding ProxyToServerConnection for: localhost:8080
11:39:57.236 [LittleProxy-ClientToProxyWorker-3] DEBUG o.l.p.impl.ClientToProxyConnection - (AWAITING_INITIAL) [id: 0x4dc93f85, /127.0.0.1:54147 => /127.0.1.1:45224]: Finding ProxyToServerConnection for: localhost:9000
11:39:57.236 [LittleProxy-ClientToProxyWorker-5] DEBUG o.l.p.impl.ClientToProxyConnection - (AWAITING_INITIAL) [id: 0x37fa264d, /127.0.0.1:54206 => /127.0.1.1:45224]: Reusing existing server connection: org.littleshoot.proxy.impl.ProxyToServerConnection@288a62a8
11:39:57.236 [LittleProxy-ClientToProxyWorker-3] DEBUG o.l.p.impl.ClientToProxyConnection - (AWAITING_INITIAL) [id: 0x4dc93f85, /127.0.0.1:54147 => /127.0.1.1:45224]: Reusing existing server connection: org.littleshoot.proxy.impl.ProxyToServerConnection@2cc0768d
11:39:57.237 [LittleProxy-ClientToProxyWorker-5] DEBUG o.l.p.impl.ClientToProxyConnection - (AWAITING_INITIAL) [id: 0x37fa264d, /127.0.0.1:54206 => /127.0.1.1:45224]: Modifying request headers for proxying
11:39:57.237 [LittleProxy-ClientToProxyWorker-3] DEBUG o.l.p.impl.ClientToProxyConnection - (AWAITING_INITIAL) [id: 0x4dc93f85, /127.0.0.1:54147 => /127.0.1.1:45224]: Modifying request headers for proxying
11:39:57.237 [LittleProxy-ClientToProxyWorker-5] DEBUG o.l.p.impl.ClientToProxyConnection - (AWAITING_INITIAL) [id: 0x37fa264d, /127.0.0.1:54206 => /127.0.1.1:45224]: Modifying request for proxy chaining
11:39:57.237 [LittleProxy-ClientToProxyWorker-3] DEBUG o.l.p.impl.ClientToProxyConnection - (AWAITING_INITIAL) [id: 0x4dc93f85, /127.0.0.1:54147 => /127.0.1.1:45224]: Modifying request for proxy chaining
11:39:57.237 [LittleProxy-ClientToProxyWorker-5] DEBUG o.l.p.impl.ClientToProxyConnection - (AWAITING_INITIAL) [id: 0x37fa264d, /127.0.0.1:54206 => /127.0.1.1:45224]: Stripped host from uri: http://localhost:8080/    yielding: /
11:39:57.237 [LittleProxy-ClientToProxyWorker-3] DEBUG o.l.p.impl.ClientToProxyConnection - (AWAITING_INITIAL) [id: 0x4dc93f85, /127.0.0.1:54147 => /127.0.1.1:45224]: Stripped host from uri: http://localhost:9000/views/campaign-details.html    yielding: /views/campaign-details.html
11:39:57.237 [LittleProxy-ClientToProxyWorker-5] DEBUG o.l.p.impl.ClientToProxyConnection - (AWAITING_INITIAL) [id: 0x37fa264d, /127.0.0.1:54206 => /127.0.1.1:45224]: Removed sdch and inserted: gzip, deflate, 
11:39:57.237 [LittleProxy-ClientToProxyWorker-3] DEBUG o.l.p.impl.ClientToProxyConnection - (AWAITING_INITIAL) [id: 0x4dc93f85, /127.0.0.1:54147 => /127.0.1.1:45224]: Removed sdch and inserted: gzip, deflate, 
11:39:57.237 [LittleProxy-ClientToProxyWorker-3] DEBUG o.l.p.impl.ClientToProxyConnection - (AWAITING_INITIAL) [id: 0x4dc93f85, /127.0.0.1:54147 => /127.0.1.1:45224]: Writing request to ProxyToServerConnection
11:39:57.237 [LittleProxy-ClientToProxyWorker-5] DEBUG o.l.p.impl.ClientToProxyConnection - (AWAITING_INITIAL) [id: 0x37fa264d, /127.0.0.1:54206 => /127.0.1.1:45224]: Writing request to ProxyToServerConnection
11:39:57.237 [LittleProxy-ClientToProxyWorker-3] DEBUG o.l.p.impl.ProxyToServerConnection - (AWAITING_INITIAL) [id: 0x700df78a, /127.0.0.1:35283 => localhost/127.0.0.1:9000]: Requested write of HttpObjectAggregator$AggregatedFullHttpRequest(decodeResult: success, version: HTTP/1.1, content: CompositeByteBuf(ridx: 0, widx: 0, cap: 0, components=0))
GET /views/campaign-details.html HTTP/1.1
Host: localhost:9000
Accept: application/json, text/plain, */*
X-Forwarded-Proto: https
User-Agent: Mozilla/5.0 (X11; Linux x86_64) AppleWebKit/537.36 (KHTML, like Gecko) Chrome/44.0.2403.130 Safari/537.36
Referer: http://localhost:9000/
Accept-Language: en-GB,en-US;q=0.8,en;q=0.6
Content-Length: 0
Accept-Encoding: gzip, deflate, 
Via: 1.1 localhost.localdomain
11:39:57.237 [LittleProxy-ClientToProxyWorker-5] DEBUG o.l.p.impl.ProxyToServerConnection - (AWAITING_INITIAL) [id: 0xe5042028, /127.0.0.1:48999 => localhost/127.0.0.1:8080]: Requested write of HttpObjectAggregator$AggregatedFullHttpRequest(decodeResult: success, version: HTTP/1.1, content: CompositeByteBuf(ridx: 0, widx: 0, cap: 0, components=0))
GET / HTTP/1.1
Host: localhost:8080
Authorization: Basic YWRtaW46cGFzcw==
Accept: application/json, text/plain, */*
X-Forwarded-Proto: https
User-Agent: Mozilla/5.0 (X11; Linux x86_64) AppleWebKit/537.36 (KHTML, like Gecko) Chrome/44.0.2403.130 Safari/537.36
Referer: http://localhost:9000/
Accept-Language: en-GB,en-US;q=0.8,en;q=0.6
Content-Length: 0
X-Forwarded-Proto: https
Accept-Encoding: gzip, deflate, 
Via: 1.1 localhost.localdomain
11:39:57.237 [LittleProxy-ClientToProxyWorker-3] DEBUG o.l.p.impl.ProxyToServerConnection - (AWAITING_INITIAL) [id: 0x700df78a, /127.0.0.1:35283 => localhost/127.0.0.1:9000]: Retaining reference counted message
11:39:57.237 [LittleProxy-ClientToProxyWorker-5] DEBUG o.l.p.impl.ProxyToServerConnection - (AWAITING_INITIAL) [id: 0xe5042028, /127.0.0.1:48999 => localhost/127.0.0.1:8080]: Retaining reference counted message
11:39:57.237 [LittleProxy-ClientToProxyWorker-5] DEBUG o.l.p.impl.ProxyToServerConnection - (AWAITING_INITIAL) [id: 0xe5042028, /127.0.0.1:48999 => localhost/127.0.0.1:8080]: Using existing connection to: localhost/127.0.0.1:8080
11:39:57.237 [LittleProxy-ClientToProxyWorker-3] DEBUG o.l.p.impl.ProxyToServerConnection - (AWAITING_INITIAL) [id: 0x700df78a, /127.0.0.1:35283 => localhost/127.0.0.1:9000]: Using existing connection to: localhost/127.0.0.1:9000
11:39:57.237 [LittleProxy-ClientToProxyWorker-5] DEBUG o.l.p.impl.ProxyToServerConnection - (AWAITING_INITIAL) [id: 0xe5042028, /127.0.0.1:48999 => localhost/127.0.0.1:8080]: Writing: HttpObjectAggregator$AggregatedFullHttpRequest(decodeResult: success, version: HTTP/1.1, content: CompositeByteBuf(ridx: 0, widx: 0, cap: 0, components=0))
GET / HTTP/1.1
Host: localhost:8080
Authorization: Basic YWRtaW46cGFzcw==
Accept: application/json, text/plain, */*
X-Forwarded-Proto: https
User-Agent: Mozilla/5.0 (X11; Linux x86_64) AppleWebKit/537.36 (KHTML, like Gecko) Chrome/44.0.2403.130 Safari/537.36
Referer: http://localhost:9000/
Accept-Language: en-GB,en-US;q=0.8,en;q=0.6
Content-Length: 0
X-Forwarded-Proto: https
Accept-Encoding: gzip, deflate, 
Via: 1.1 localhost.localdomain
11:39:57.237 [LittleProxy-ClientToProxyWorker-3] DEBUG o.l.p.impl.ProxyToServerConnection - (AWAITING_INITIAL) [id: 0x700df78a, /127.0.0.1:35283 => localhost/127.0.0.1:9000]: Writing: HttpObjectAggregator$AggregatedFullHttpRequest(decodeResult: success, version: HTTP/1.1, content: CompositeByteBuf(ridx: 0, widx: 0, cap: 0, components=0))
GET /views/campaign-details.html HTTP/1.1
Host: localhost:9000
Accept: application/json, text/plain, */*
X-Forwarded-Proto: https
User-Agent: Mozilla/5.0 (X11; Linux x86_64) AppleWebKit/537.36 (KHTML, like Gecko) Chrome/44.0.2403.130 Safari/537.36
Referer: http://localhost:9000/
Accept-Language: en-GB,en-US;q=0.8,en;q=0.6
Content-Length: 0
Accept-Encoding: gzip, deflate, 
Via: 1.1 localhost.localdomain
11:39:57.237 [LittleProxy-ClientToProxyWorker-5] DEBUG o.l.p.impl.ProxyToServerConnection - (AWAITING_INITIAL) [id: 0xe5042028, /127.0.0.1:48999 => localhost/127.0.0.1:8080]: Writing an empty buffer to signal the end of our chunked transfer
11:39:57.237 [LittleProxy-ClientToProxyWorker-3] DEBUG o.l.p.impl.ProxyToServerConnection - (AWAITING_INITIAL) [id: 0x700df78a, /127.0.0.1:35283 => localhost/127.0.0.1:9000]: Writing an empty buffer to signal the end of our chunked transfer
11:39:57.237 [LittleProxy-ClientToProxyWorker-3] DEBUG o.l.p.impl.ProxyToServerConnection - (AWAITING_INITIAL) [id: 0x700df78a, /127.0.0.1:35283 => localhost/127.0.0.1:9000]: Wrote: HttpObjectAggregator$AggregatedFullHttpRequest(decodeResult: success, version: HTTP/1.1, content: CompositeByteBuf(ridx: 0, widx: 0, cap: 0, components=0))
GET /views/campaign-details.html HTTP/1.1
Host: localhost:9000
Accept: application/json, text/plain, */*
X-Forwarded-Proto: https
User-Agent: Mozilla/5.0 (X11; Linux x86_64) AppleWebKit/537.36 (KHTML, like Gecko) Chrome/44.0.2403.130 Safari/537.36
Referer: http://localhost:9000/
Accept-Language: en-GB,en-US;q=0.8,en;q=0.6
Content-Length: 0
Accept-Encoding: gzip, deflate, 
Via: 1.1 localhost.localdomain
11:39:57.237 [LittleProxy-ClientToProxyWorker-5] DEBUG o.l.p.impl.ProxyToServerConnection - (AWAITING_INITIAL) [id: 0xe5042028, /127.0.0.1:48999 => localhost/127.0.0.1:8080]: Wrote: HttpObjectAggregator$AggregatedFullHttpRequest(decodeResult: success, version: HTTP/1.1, content: CompositeByteBuf(ridx: 0, widx: 0, cap: 0, components=0))
GET / HTTP/1.1
Host: localhost:8080
Authorization: Basic YWRtaW46cGFzcw==
Accept: application/json, text/plain, */*
X-Forwarded-Proto: https
User-Agent: Mozilla/5.0 (X11; Linux x86_64) AppleWebKit/537.36 (KHTML, like Gecko) Chrome/44.0.2403.130 Safari/537.36
Referer: http://localhost:9000/
Accept-Language: en-GB,en-US;q=0.8,en;q=0.6
Content-Length: 0
X-Forwarded-Proto: https
Accept-Encoding: gzip, deflate, 
Via: 1.1 localhost.localdomain
11:39:57.239 [LittleProxy-ProxyToServerWorker-7] DEBUG o.l.p.impl.ProxyToServerConnection - (AWAITING_INITIAL) [id: 0x700df78a, /127.0.0.1:35283 => localhost/127.0.0.1:9000]: Remembering the current request.
11:39:57.239 [LittleProxy-ProxyToServerWorker-7] DEBUG o.l.p.impl.ProxyToServerConnection - (AWAITING_INITIAL) [id: 0x700df78a, /127.0.0.1:35283 => localhost/127.0.0.1:9000]: Reading: DefaultHttpResponse(decodeResult: success, version: HTTP/1.1)
HTTP/1.1 200 OK
Accept-Ranges: bytes
Date: Tue, 08 Sep 2015 10:39:57 GMT
Cache-Control: public, max-age=0
Last-Modified: Mon, 06 Jul 2015 17:22:12 GMT
ETag: W/"knPy/ftIQ9cvpAfX5Lmnog=="
Content-Type: text/html; charset=UTF-8
Content-Length: 2148
Connection: keep-alive
11:39:57.239 [LittleProxy-ProxyToServerWorker-7] DEBUG o.l.p.impl.ProxyToServerConnection - (AWAITING_INITIAL) [id: 0x700df78a, /127.0.0.1:35283 => localhost/127.0.0.1:9000]: Received raw response: DefaultHttpResponse(decodeResult: success, version: HTTP/1.1)
HTTP/1.1 200 OK
Accept-Ranges: bytes
Date: Tue, 08 Sep 2015 10:39:57 GMT
Cache-Control: public, max-age=0
Last-Modified: Mon, 06 Jul 2015 17:22:12 GMT
ETag: W/"knPy/ftIQ9cvpAfX5Lmnog=="
Content-Type: text/html; charset=UTF-8
Content-Length: 2148
Connection: keep-alive
11:39:57.239 [LittleProxy-ProxyToServerWorker-7] DEBUG o.l.p.impl.ProxyToServerConnection - (AWAITING_INITIAL) [id: 0x700df78a, /127.0.0.1:35283 => localhost/127.0.0.1:9000]: Remembering the current response.
11:39:57.239 [LittleProxy-ProxyToServerWorker-7] DEBUG o.l.p.impl.ClientToProxyConnection - (AWAITING_INITIAL) [id: 0x4dc93f85, /127.0.0.1:54147 => /127.0.1.1:45224]: Writing: DefaultHttpResponse(decodeResult: success, version: HTTP/1.1)
HTTP/1.1 200 OK
Accept-Ranges: bytes
Date: Tue, 08 Sep 2015 10:39:57 GMT
Cache-Control: public, max-age=0
Last-Modified: Mon, 06 Jul 2015 17:22:12 GMT
ETag: W/"knPy/ftIQ9cvpAfX5Lmnog=="
Content-Type: text/html; charset=UTF-8
Content-Length: 2148
Via: 1.1 localhost.localdomain
11:39:57.239 [LittleProxy-ProxyToServerWorker-7] DEBUG o.l.p.impl.ClientToProxyConnection - (AWAITING_INITIAL) [id: 0x4dc93f85, /127.0.0.1:54147 => /127.0.1.1:45224]: Wrote: DefaultHttpResponse(decodeResult: success, version: HTTP/1.1)
HTTP/1.1 200 OK
Accept-Ranges: bytes
Date: Tue, 08 Sep 2015 10:39:57 GMT
Cache-Control: public, max-age=0
Last-Modified: Mon, 06 Jul 2015 17:22:12 GMT
ETag: W/"knPy/ftIQ9cvpAfX5Lmnog=="
Content-Type: text/html; charset=UTF-8
Content-Length: 2148
Via: 1.1 localhost.localdomain
11:39:57.239 [LittleProxy-ProxyToServerWorker-7] DEBUG o.l.p.impl.ClientToProxyConnection - (AWAITING_INITIAL) [id: 0x4dc93f85, /127.0.0.1:54147 => /127.0.1.1:45224]: Not closing server connection on middle chunk for /views/campaign-details.html
11:39:57.239 [LittleProxy-ProxyToServerWorker-7] DEBUG o.l.p.impl.ClientToProxyConnection - (AWAITING_INITIAL) [id: 0x4dc93f85, /127.0.0.1:54147 => /127.0.1.1:45224]: Not closing client connection on middle chunk for /views/campaign-details.html
11:39:57.247 [LittleProxy-ProxyToServerWorker-7] DEBUG o.l.p.impl.ProxyToServerConnection - (AWAITING_INITIAL) [id: 0xe5042028, /127.0.0.1:48999 => localhost/127.0.0.1:8080]: Remembering the current request.
11:39:57.247 [LittleProxy-ProxyToServerWorker-7] DEBUG o.l.p.impl.ProxyToServerConnection - (AWAITING_INITIAL) [id: 0xe5042028, /127.0.0.1:48999 => localhost/127.0.0.1:8080]: Reading: DefaultHttpResponse(decodeResult: success, version: HTTP/1.1)
HTTP/1.1 200 OK
Server: Apache-Coyote/1.1
Access-Control-Allow-Origin: null
Access-Control-Allow-Credentials: true
Strict-Transport-Security: max-age=31536000 ; includeSubDomains
X-Frame-Options: DENY
X-XSS-Protection: 1; mode=block
X-Content-Type-Options: nosniff
Cache-Control: no-cache, no-store, max-age=0, must-revalidate
Pragma: no-cache
Expires: 0
X-Application-Context: application:development
Content-Type: application/json;charset=UTF-8
Transfer-Encoding: chunked
Date: Tue, 08 Sep 2015 10:39:56 GMT
11:39:57.247 [LittleProxy-ProxyToServerWorker-7] DEBUG o.l.p.impl.ProxyToServerConnection - (AWAITING_INITIAL) [id: 0xe5042028, /127.0.0.1:48999 => localhost/127.0.0.1:8080]: Received raw response: DefaultHttpResponse(decodeResult: success, version: HTTP/1.1)
HTTP/1.1 200 OK
Server: Apache-Coyote/1.1
Access-Control-Allow-Origin: null
Access-Control-Allow-Credentials: true
Strict-Transport-Security: max-age=31536000 ; includeSubDomains
X-Frame-Options: DENY
X-XSS-Protection: 1; mode=block
X-Content-Type-Options: nosniff
Cache-Control: no-cache, no-store, max-age=0, must-revalidate
Pragma: no-cache
Expires: 0
X-Application-Context: application:development
Content-Type: application/json;charset=UTF-8
Transfer-Encoding: chunked
Date: Tue, 08 Sep 2015 10:39:56 GMT
11:39:57.247 [LittleProxy-ProxyToServerWorker-7] DEBUG o.l.p.impl.ProxyToServerConnection - (AWAITING_INITIAL) [id: 0xe5042028, /127.0.0.1:48999 => localhost/127.0.0.1:8080]: Remembering the current response.
11:39:57.247 [LittleProxy-ProxyToServerWorker-7] DEBUG o.l.p.impl.ClientToProxyConnection - (AWAITING_INITIAL) [id: 0x37fa264d, /127.0.0.1:54206 => /127.0.1.1:45224]: Writing: DefaultHttpResponse(decodeResult: success, version: HTTP/1.1)
HTTP/1.1 200 OK
Server: Apache-Coyote/1.1
Access-Control-Allow-Origin: null
Access-Control-Allow-Credentials: true
Strict-Transport-Security: max-age=31536000 ; includeSubDomains
X-Frame-Options: DENY
X-XSS-Protection: 1; mode=block
X-Content-Type-Options: nosniff
Cache-Control: no-cache, no-store, max-age=0, must-revalidate
Pragma: no-cache
Expires: 0
X-Application-Context: application:development
Content-Type: application/json;charset=UTF-8
Transfer-Encoding: chunked
Date: Tue, 08 Sep 2015 10:39:56 GMT
Via: 1.1 localhost.localdomain
11:39:57.247 [LittleProxy-ProxyToServerWorker-7] DEBUG o.l.p.impl.ClientToProxyConnection - (AWAITING_INITIAL) [id: 0x37fa264d, /127.0.0.1:54206 => /127.0.1.1:45224]: Wrote: DefaultHttpResponse(decodeResult: success, version: HTTP/1.1)
HTTP/1.1 200 OK
Server: Apache-Coyote/1.1
Access-Control-Allow-Origin: null
Access-Control-Allow-Credentials: true
Strict-Transport-Security: max-age=31536000 ; includeSubDomains
X-Frame-Options: DENY
X-XSS-Protection: 1; mode=block
X-Content-Type-Options: nosniff
Cache-Control: no-cache, no-store, max-age=0, must-revalidate
Pragma: no-cache
Expires: 0
X-Application-Context: application:development
Content-Type: application/json;charset=UTF-8
Transfer-Encoding: chunked
Date: Tue, 08 Sep 2015 10:39:56 GMT
Via: 1.1 localhost.localdomain
11:39:57.248 [LittleProxy-ProxyToServerWorker-7] DEBUG o.l.p.impl.ClientToProxyConnection - (AWAITING_INITIAL) [id: 0x37fa264d, /127.0.0.1:54206 => /127.0.1.1:45224]: Not closing server connection on middle chunk for /
11:39:57.248 [LittleProxy-ProxyToServerWorker-7] DEBUG o.l.p.impl.ClientToProxyConnection - (AWAITING_INITIAL) [id: 0x37fa264d, /127.0.0.1:54206 => /127.0.1.1:45224]: Not closing client connection on middle chunk for /
11:39:57.248 [LittleProxy-ProxyToServerWorker-7] DEBUG o.l.p.impl.ProxyToServerConnection - (AWAITING_CHUNK) [id: 0xe5042028, /127.0.0.1:48999 => localhost/127.0.0.1:8080]: Reading: DefaultHttpContent(data: SlicedByteBuf(ridx: 0, widx: 583, cap: 583/583, unwrapped: UnpooledUnsafeDirectByteBuf(ridx: 590, widx: 590, cap: 1024)), decoderResult: success)
11:39:57.248 [LittleProxy-ProxyToServerWorker-7] DEBUG o.l.p.impl.ClientToProxyConnection - (AWAITING_INITIAL) [id: 0x37fa264d, /127.0.0.1:54206 => /127.0.1.1:45224]: Retaining reference counted message
11:39:57.248 [LittleProxy-ProxyToServerWorker-7] DEBUG o.l.p.impl.ClientToProxyConnection - (AWAITING_INITIAL) [id: 0x37fa264d, /127.0.0.1:54206 => /127.0.1.1:45224]: Writing: DefaultHttpContent(data: SlicedByteBuf(ridx: 0, widx: 583, cap: 583/583, unwrapped: UnpooledUnsafeDirectByteBuf(ridx: 590, widx: 590, cap: 1024)), decoderResult: success)
11:39:57.248 [LittleProxy-ProxyToServerWorker-7] DEBUG o.l.p.impl.ClientToProxyConnection - (AWAITING_INITIAL) [id: 0x37fa264d, /127.0.0.1:54206 => /127.0.1.1:45224]: Wrote: DefaultHttpContent(data: SlicedByteBuf(ridx: 0, widx: 583, cap: 583/583, unwrapped: UnpooledUnsafeDirectByteBuf(ridx: 590, widx: 590, cap: 1024)), decoderResult: success)
11:39:57.248 [LittleProxy-ProxyToServerWorker-7] DEBUG o.l.p.impl.ClientToProxyConnection - (AWAITING_INITIAL) [id: 0x37fa264d, /127.0.0.1:54206 => /127.0.1.1:45224]: Not closing server connection on middle chunk for /
11:39:57.248 [LittleProxy-ProxyToServerWorker-7] DEBUG o.l.p.impl.ClientToProxyConnection - (AWAITING_INITIAL) [id: 0x37fa264d, /127.0.0.1:54206 => /127.0.1.1:45224]: Not closing client connection on middle chunk for /
11:39:57.248 [LittleProxy-ProxyToServerWorker-7] DEBUG o.l.p.impl.ProxyToServerConnection - (AWAITING_CHUNK) [id: 0xe5042028, /127.0.0.1:48999 => localhost/127.0.0.1:8080]: Reading: EmptyLastHttpContent
11:39:57.248 [LittleProxy-ProxyToServerWorker-7] DEBUG o.l.p.impl.ClientToProxyConnection - (AWAITING_INITIAL) [id: 0x37fa264d, /127.0.0.1:54206 => /127.0.1.1:45224]: Retaining reference counted message
11:39:57.248 [LittleProxy-ProxyToServerWorker-7] DEBUG o.l.p.impl.ClientToProxyConnection - (AWAITING_INITIAL) [id: 0x37fa264d, /127.0.0.1:54206 => /127.0.1.1:45224]: Writing: EmptyLastHttpContent
11:39:57.248 [LittleProxy-ProxyToServerWorker-7] DEBUG o.l.p.impl.ClientToProxyConnection - (AWAITING_INITIAL) [id: 0x37fa264d, /127.0.0.1:54206 => /127.0.1.1:45224]: Writing an empty buffer to signal the end of our chunked transfer
11:39:57.248 [LittleProxy-ProxyToServerWorker-7] DEBUG o.l.p.impl.ClientToProxyConnection - (AWAITING_INITIAL) [id: 0x37fa264d, /127.0.0.1:54206 => /127.0.1.1:45224]: Wrote: EmptyLastHttpContent
11:39:57.248 [LittleProxy-ProxyToServerWorker-7] DEBUG o.l.p.impl.ClientToProxyConnection - (AWAITING_INITIAL) [id: 0x37fa264d, /127.0.0.1:54206 => /127.0.1.1:45224]: Retaining reference counted message
11:39:57.248 [LittleProxy-ProxyToServerWorker-7] DEBUG o.l.p.impl.ClientToProxyConnection - (AWAITING_INITIAL) [id: 0x37fa264d, /127.0.0.1:54206 => /127.0.1.1:45224]: Writing: EmptyByteBufBE
11:39:57.248 [LittleProxy-ProxyToServerWorker-7] DEBUG o.l.p.impl.ClientToProxyConnection - (AWAITING_INITIAL) [id: 0x37fa264d, /127.0.0.1:54206 => /127.0.1.1:45224]: Wrote: EmptyByteBufBE
11:39:57.248 [LittleProxy-ProxyToServerWorker-7] DEBUG o.l.p.impl.ClientToProxyConnection - (AWAITING_INITIAL) [id: 0x37fa264d, /127.0.0.1:54206 => /127.0.1.1:45224]: Handling last chunk. Using normal server connection closing rules.
11:39:57.248 [LittleProxy-ProxyToServerWorker-7] DEBUG o.l.p.impl.ClientToProxyConnection - (AWAITING_INITIAL) [id: 0x37fa264d, /127.0.0.1:54206 => /127.0.1.1:45224]: Not closing server connection for response: DefaultHttpResponse(decodeResult: success, version: HTTP/1.1)
HTTP/1.1 200 OK
Server: Apache-Coyote/1.1
Access-Control-Allow-Origin: null
Access-Control-Allow-Credentials: true
Strict-Transport-Security: max-age=31536000 ; includeSubDomains
X-Frame-Options: DENY
X-XSS-Protection: 1; mode=block
X-Content-Type-Options: nosniff
Cache-Control: no-cache, no-store, max-age=0, must-revalidate
Pragma: no-cache
Expires: 0
X-Application-Context: application:development
Content-Type: application/json;charset=UTF-8
Transfer-Encoding: chunked
Date: Tue, 08 Sep 2015 10:39:56 GMT
11:39:57.248 [LittleProxy-ProxyToServerWorker-7] DEBUG o.l.p.impl.ClientToProxyConnection - (AWAITING_INITIAL) [id: 0x37fa264d, /127.0.0.1:54206 => /127.0.1.1:45224]: Handling last chunk. Using normal client connection closing rules.
11:39:57.248 [LittleProxy-ProxyToServerWorker-7] DEBUG o.l.p.impl.ClientToProxyConnection - (AWAITING_INITIAL) [id: 0x37fa264d, /127.0.0.1:54206 => /127.0.1.1:45224]: Not closing client connection for request: [FAILED toString()]
11:39:57.279 [LittleProxy-ProxyToServerWorker-7] DEBUG o.l.p.impl.ProxyToServerConnection - (AWAITING_CHUNK) [id: 0x700df78a, /127.0.0.1:35283 => localhost/127.0.0.1:9000]: Reading: DefaultHttpContent(data: SlicedByteBuf(ridx: 0, widx: 2048, cap: 2048/2048, unwrapped: UnpooledUnsafeDirectByteBuf(ridx: 2048, widx: 2048, cap: 2048)), decoderResult: success)
11:39:57.279 [LittleProxy-ProxyToServerWorker-7] DEBUG o.l.p.impl.ClientToProxyConnection - (AWAITING_INITIAL) [id: 0x4dc93f85, /127.0.0.1:54147 => /127.0.1.1:45224]: Retaining reference counted message
11:39:57.279 [LittleProxy-ProxyToServerWorker-7] DEBUG o.l.p.impl.ClientToProxyConnection - (AWAITING_INITIAL) [id: 0x4dc93f85, /127.0.0.1:54147 => /127.0.1.1:45224]: Writing: DefaultHttpContent(data: SlicedByteBuf(ridx: 0, widx: 2048, cap: 2048/2048, unwrapped: UnpooledUnsafeDirectByteBuf(ridx: 2048, widx: 2048, cap: 2048)), decoderResult: success)
11:39:57.279 [LittleProxy-ProxyToServerWorker-7] DEBUG o.l.p.impl.ClientToProxyConnection - (AWAITING_INITIAL) [id: 0x4dc93f85, /127.0.0.1:54147 => /127.0.1.1:45224]: Wrote: DefaultHttpContent(data: SlicedByteBuf(ridx: 0, widx: 2048, cap: 2048/2048, unwrapped: UnpooledUnsafeDirectByteBuf(ridx: 2048, widx: 2048, cap: 2048)), decoderResult: success)
11:39:57.279 [LittleProxy-ProxyToServerWorker-7] DEBUG o.l.p.impl.ClientToProxyConnection - (AWAITING_INITIAL) [id: 0x4dc93f85, /127.0.0.1:54147 => /127.0.1.1:45224]: Not closing server connection on middle chunk for /views/campaign-details.html
11:39:57.279 [LittleProxy-ProxyToServerWorker-7] DEBUG o.l.p.impl.ClientToProxyConnection - (AWAITING_INITIAL) [id: 0x4dc93f85, /127.0.0.1:54147 => /127.0.1.1:45224]: Not closing client connection on middle chunk for /views/campaign-details.html
11:39:57.279 [LittleProxy-ProxyToServerWorker-7] DEBUG o.l.p.impl.ProxyToServerConnection - (AWAITING_CHUNK) [id: 0x700df78a, /127.0.0.1:35283 => localhost/127.0.0.1:9000]: Reading: DefaultLastHttpContent(data: SlicedByteBuf(ridx: 0, widx: 100, cap: 100/100, unwrapped: UnpooledUnsafeDirectByteBuf(ridx: 100, widx: 100, cap: 2048)), decoderResult: success)
11:39:57.279 [LittleProxy-ProxyToServerWorker-7] DEBUG o.l.p.impl.ClientToProxyConnection - (AWAITING_INITIAL) [id: 0x4dc93f85, /127.0.0.1:54147 => /127.0.1.1:45224]: Retaining reference counted message
11:39:57.279 [LittleProxy-ProxyToServerWorker-7] DEBUG o.l.p.impl.ClientToProxyConnection - (AWAITING_INITIAL) [id: 0x4dc93f85, /127.0.0.1:54147 => /127.0.1.1:45224]: Writing: DefaultLastHttpContent(data: SlicedByteBuf(ridx: 0, widx: 100, cap: 100/100, unwrapped: UnpooledUnsafeDirectByteBuf(ridx: 100, widx: 100, cap: 2048)), decoderResult: success)
11:39:57.279 [LittleProxy-ProxyToServerWorker-7] DEBUG o.l.p.impl.ClientToProxyConnection - (AWAITING_INITIAL) [id: 0x4dc93f85, /127.0.0.1:54147 => /127.0.1.1:45224]: Writing an empty buffer to signal the end of our chunked transfer
11:39:57.279 [LittleProxy-ProxyToServerWorker-7] DEBUG o.l.p.impl.ClientToProxyConnection - (AWAITING_INITIAL) [id: 0x4dc93f85, /127.0.0.1:54147 => /127.0.1.1:45224]: Wrote: DefaultLastHttpContent(data: SlicedByteBuf(ridx: 0, widx: 100, cap: 100/100, unwrapped: UnpooledUnsafeDirectByteBuf(ridx: 100, widx: 100, cap: 2048)), decoderResult: success)
11:39:57.279 [LittleProxy-ProxyToServerWorker-7] DEBUG o.l.p.impl.ClientToProxyConnection - (AWAITING_INITIAL) [id: 0x4dc93f85, /127.0.0.1:54147 => /127.0.1.1:45224]: Retaining reference counted message
11:39:57.279 [LittleProxy-ProxyToServerWorker-7] DEBUG o.l.p.impl.ClientToProxyConnection - (AWAITING_INITIAL) [id: 0x4dc93f85, /127.0.0.1:54147 => /127.0.1.1:45224]: Writing: EmptyByteBufBE
11:39:57.279 [LittleProxy-ProxyToServerWorker-7] DEBUG o.l.p.impl.ClientToProxyConnection - (AWAITING_INITIAL) [id: 0x4dc93f85, /127.0.0.1:54147 => /127.0.1.1:45224]: Wrote: EmptyByteBufBE
11:39:57.279 [LittleProxy-ProxyToServerWorker-7] DEBUG o.l.p.impl.ClientToProxyConnection - (AWAITING_INITIAL) [id: 0x4dc93f85, /127.0.0.1:54147 => /127.0.1.1:45224]: Handling last chunk. Using normal server connection closing rules.
11:39:57.279 [LittleProxy-ProxyToServerWorker-7] DEBUG o.l.p.impl.ClientToProxyConnection - (AWAITING_INITIAL) [id: 0x4dc93f85, /127.0.0.1:54147 => /127.0.1.1:45224]: Not closing server connection for response: DefaultHttpResponse(decodeResult: success, version: HTTP/1.1)
HTTP/1.1 200 OK
Accept-Ranges: bytes
Date: Tue, 08 Sep 2015 10:39:57 GMT
Cache-Control: public, max-age=0
Last-Modified: Mon, 06 Jul 2015 17:22:12 GMT
ETag: W/"knPy/ftIQ9cvpAfX5Lmnog=="
Content-Type: text/html; charset=UTF-8
Content-Length: 2148
Connection: keep-alive
11:39:57.279 [LittleProxy-ProxyToServerWorker-7] DEBUG o.l.p.impl.ClientToProxyConnection - (AWAITING_INITIAL) [id: 0x4dc93f85, /127.0.0.1:54147 => /127.0.1.1:45224]: Handling last chunk. Using normal client connection closing rules.
11:39:57.280 [LittleProxy-ProxyToServerWorker-7] DEBUG o.l.p.impl.ClientToProxyConnection - (AWAITING_INITIAL) [id: 0x4dc93f85, /127.0.0.1:54147 => /127.0.1.1:45224]: Not closing client connection for request: [FAILED toString()]

1 Scenarios (?[32m1 passed?[0m)
8 Steps (?[32m8 passed?[0m)
0m33.279s

]]></system-out>
  <system-err><![CDATA[SLF4J: Failed toString() invocation on an object of type [io.netty.handler.codec.http.HttpObjectAggregator$AggregatedFullHttpRequest]
io.netty.util.IllegalReferenceCountException: refCnt: 0
	at io.netty.buffer.DefaultByteBufHolder.content(DefaultByteBufHolder.java:39)
	at io.netty.handler.codec.http.HttpMessageUtil.appendFullCommon(HttpMessageUtil.java:79)
	at io.netty.handler.codec.http.HttpMessageUtil.appendFullRequest(HttpMessageUtil.java:55)
	at io.netty.handler.codec.http.HttpObjectAggregator$AggregatedFullHttpRequest.toString(HttpObjectAggregator.java:415)
	at org.slf4j.helpers.MessageFormatter.safeObjectAppend(MessageFormatter.java:297)
	at org.slf4j.helpers.MessageFormatter.deeplyAppendParameter(MessageFormatter.java:269)
	at org.slf4j.helpers.MessageFormatter.arrayFormat(MessageFormatter.java:227)
	at org.littleshoot.proxy.impl.ProxyConnectionLogger$LocationAwareLogggerDispatch.doLog(ProxyConnectionLogger.java:178)
	at org.littleshoot.proxy.impl.ProxyConnectionLogger.debug(ProxyConnectionLogger.java:81)
	at org.littleshoot.proxy.impl.ClientToProxyConnection.shouldCloseClientConnection(ClientToProxyConnection.java:789)
	at org.littleshoot.proxy.impl.ClientToProxyConnection.closeConnectionsAfterWriteIfNecessary(ClientToProxyConnection.java:732)
	at org.littleshoot.proxy.impl.ClientToProxyConnection.respond(ClientToProxyConnection.java:408)
	at org.littleshoot.proxy.impl.ProxyToServerConnection.respondWith(ProxyToServerConnection.java:513)
	at org.littleshoot.proxy.impl.ProxyToServerConnection.readHTTPChunk(ProxyToServerConnection.java:229)
	at org.littleshoot.proxy.impl.ProxyConnection.readHTTP(ProxyConnection.java:146)
	at org.littleshoot.proxy.impl.ProxyConnection.read(ProxyConnection.java:120)
	at org.littleshoot.proxy.impl.ProxyToServerConnection.read(ProxyToServerConnection.java:206)
	at org.littleshoot.proxy.impl.ProxyConnection.channelRead0(ProxyConnection.java:579)
	at io.netty.channel.SimpleChannelInboundHandler.channelRead(SimpleChannelInboundHandler.java:105)
	at io.netty.channel.AbstractChannelHandlerContext.invokeChannelRead(AbstractChannelHandlerContext.java:339)
	at io.netty.channel.AbstractChannelHandlerContext.fireChannelRead(AbstractChannelHandlerContext.java:324)
	at io.netty.handler.timeout.IdleStateHandler.channelRead(IdleStateHandler.java:254)
	at io.netty.channel.AbstractChannelHandlerContext.invokeChannelRead(AbstractChannelHandlerContext.java:339)
	at io.netty.channel.AbstractChannelHandlerContext.fireChannelRead(AbstractChannelHandlerContext.java:324)
	at io.netty.channel.ChannelInboundHandlerAdapter.channelRead(ChannelInboundHandlerAdapter.java:86)
	at org.littleshoot.proxy.impl.ProxyConnection$ResponseReadMonitor.channelRead(ProxyConnection.java:730)
	at io.netty.channel.AbstractChannelHandlerContext.invokeChannelRead(AbstractChannelHandlerContext.java:339)
	at io.netty.channel.AbstractChannelHandlerContext.fireChannelRead(AbstractChannelHandlerContext.java:324)
	at io.netty.handler.codec.ByteToMessageDecoder.channelRead(ByteToMessageDecoder.java:242)
	at io.netty.channel.AbstractChannelHandlerContext.invokeChannelRead(AbstractChannelHandlerContext.java:339)
	at io.netty.channel.AbstractChannelHandlerContext.fireChannelRead(AbstractChannelHandlerContext.java:324)
	at io.netty.channel.ChannelInboundHandlerAdapter.channelRead(ChannelInboundHandlerAdapter.java:86)
	at org.littleshoot.proxy.impl.ProxyConnection$BytesReadMonitor.channelRead(ProxyConnection.java:684)
	at io.netty.channel.AbstractChannelHandlerContext.invokeChannelRead(AbstractChannelHandlerContext.java:339)
	at io.netty.channel.AbstractChannelHandlerContext.fireChannelRead(AbstractChannelHandlerContext.java:324)
	at io.netty.channel.DefaultChannelPipeline.fireChannelRead(DefaultChannelPipeline.java:847)
	at io.netty.channel.nio.AbstractNioByteChannel$NioByteUnsafe.read(AbstractNioByteChannel.java:131)
	at io.netty.channel.nio.NioEventLoop.processSelectedKey(NioEventLoop.java:511)
	at io.netty.channel.nio.NioEventLoop.processSelectedKeysOptimized(NioEventLoop.java:468)
	at io.netty.channel.nio.NioEventLoop.processSelectedKeys(NioEventLoop.java:382)
	at io.netty.channel.nio.NioEventLoop.run(NioEventLoop.java:354)
	at io.netty.util.concurrent.SingleThreadEventExecutor$2.run(SingleThreadEventExecutor.java:111)
	at java.lang.Thread.run(Thread.java:745)
SLF4J: Failed toString() invocation on an object of type [io.netty.handler.codec.http.HttpObjectAggregator$AggregatedFullHttpRequest]
io.netty.util.IllegalReferenceCountException: refCnt: 0
	at io.netty.buffer.DefaultByteBufHolder.content(DefaultByteBufHolder.java:39)
	at io.netty.handler.codec.http.HttpMessageUtil.appendFullCommon(HttpMessageUtil.java:79)
	at io.netty.handler.codec.http.HttpMessageUtil.appendFullRequest(HttpMessageUtil.java:55)
	at io.netty.handler.codec.http.HttpObjectAggregator$AggregatedFullHttpRequest.toString(HttpObjectAggregator.java:415)
	at org.slf4j.helpers.MessageFormatter.safeObjectAppend(MessageFormatter.java:297)
	at org.slf4j.helpers.MessageFormatter.deeplyAppendParameter(MessageFormatter.java:269)
	at org.slf4j.helpers.MessageFormatter.arrayFormat(MessageFormatter.java:227)
	at org.littleshoot.proxy.impl.ProxyConnectionLogger$LocationAwareLogggerDispatch.doLog(ProxyConnectionLogger.java:178)
	at org.littleshoot.proxy.impl.ProxyConnectionLogger.debug(ProxyConnectionLogger.java:81)
	at org.littleshoot.proxy.impl.ClientToProxyConnection.shouldCloseClientConnection(ClientToProxyConnection.java:789)
	at org.littleshoot.proxy.impl.ClientToProxyConnection.closeConnectionsAfterWriteIfNecessary(ClientToProxyConnection.java:732)
	at org.littleshoot.proxy.impl.ClientToProxyConnection.respond(ClientToProxyConnection.java:408)
	at org.littleshoot.proxy.impl.ProxyToServerConnection.respondWith(ProxyToServerConnection.java:513)
	at org.littleshoot.proxy.impl.ProxyToServerConnection.readHTTPChunk(ProxyToServerConnection.java:229)
	at org.littleshoot.proxy.impl.ProxyConnection.readHTTP(ProxyConnection.java:146)
	at org.littleshoot.proxy.impl.ProxyConnection.read(ProxyConnection.java:120)
	at org.littleshoot.proxy.impl.ProxyToServerConnection.read(ProxyToServerConnection.java:206)
	at org.littleshoot.proxy.impl.ProxyConnection.channelRead0(ProxyConnection.java:579)
	at io.netty.channel.SimpleChannelInboundHandler.channelRead(SimpleChannelInboundHandler.java:105)
	at io.netty.channel.AbstractChannelHandlerContext.invokeChannelRead(AbstractChannelHandlerContext.java:339)
	at io.netty.channel.AbstractChannelHandlerContext.fireChannelRead(AbstractChannelHandlerContext.java:324)
	at io.netty.handler.timeout.IdleStateHandler.channelRead(IdleStateHandler.java:254)
	at io.netty.channel.AbstractChannelHandlerContext.invokeChannelRead(AbstractChannelHandlerContext.java:339)
	at io.netty.channel.AbstractChannelHandlerContext.fireChannelRead(AbstractChannelHandlerContext.java:324)
	at io.netty.channel.ChannelInboundHandlerAdapter.channelRead(ChannelInboundHandlerAdapter.java:86)
	at org.littleshoot.proxy.impl.ProxyConnection$ResponseReadMonitor.channelRead(ProxyConnection.java:730)
	at io.netty.channel.AbstractChannelHandlerContext.invokeChannelRead(AbstractChannelHandlerContext.java:339)
	at io.netty.channel.AbstractChannelHandlerContext.fireChannelRead(AbstractChannelHandlerContext.java:324)
	at io.netty.handler.codec.ByteToMessageDecoder.channelRead(ByteToMessageDecoder.java:242)
	at io.netty.channel.AbstractChannelHandlerContext.invokeChannelRead(AbstractChannelHandlerContext.java:339)
	at io.netty.channel.AbstractChannelHandlerContext.fireChannelRead(AbstractChannelHandlerContext.java:324)
	at io.netty.channel.ChannelInboundHandlerAdapter.channelRead(ChannelInboundHandlerAdapter.java:86)
	at org.littleshoot.proxy.impl.ProxyConnection$BytesReadMonitor.channelRead(ProxyConnection.java:684)
	at io.netty.channel.AbstractChannelHandlerContext.invokeChannelRead(AbstractChannelHandlerContext.java:339)
	at io.netty.channel.AbstractChannelHandlerContext.fireChannelRead(AbstractChannelHandlerContext.java:324)
	at io.netty.channel.DefaultChannelPipeline.fireChannelRead(DefaultChannelPipeline.java:847)
	at io.netty.channel.nio.AbstractNioByteChannel$NioByteUnsafe.read(AbstractNioByteChannel.java:131)
	at io.netty.channel.nio.NioEventLoop.processSelectedKey(NioEventLoop.java:511)
	at io.netty.channel.nio.NioEventLoop.processSelectedKeysOptimized(NioEventLoop.java:468)
	at io.netty.channel.nio.NioEventLoop.processSelectedKeys(NioEventLoop.java:382)
	at io.netty.channel.nio.NioEventLoop.run(NioEventLoop.java:354)
	at io.netty.util.concurrent.SingleThreadEventExecutor$2.run(SingleThreadEventExecutor.java:111)
	at java.lang.Thread.run(Thread.java:745)
SLF4J: Failed toString() invocation on an object of type [io.netty.handler.codec.http.HttpObjectAggregator$AggregatedFullHttpRequest]
io.netty.util.IllegalReferenceCountException: refCnt: 0
	at io.netty.buffer.DefaultByteBufHolder.content(DefaultByteBufHolder.java:39)
	at io.netty.handler.codec.http.HttpMessageUtil.appendFullCommon(HttpMessageUtil.java:79)
	at io.netty.handler.codec.http.HttpMessageUtil.appendFullRequest(HttpMessageUtil.java:55)
	at io.netty.handler.codec.http.HttpObjectAggregator$AggregatedFullHttpRequest.toString(HttpObjectAggregator.java:415)
	at org.slf4j.helpers.MessageFormatter.safeObjectAppend(MessageFormatter.java:297)
	at org.slf4j.helpers.MessageFormatter.deeplyAppendParameter(MessageFormatter.java:269)
	at org.slf4j.helpers.MessageFormatter.arrayFormat(MessageFormatter.java:227)
	at org.littleshoot.proxy.impl.ProxyConnectionLogger$LocationAwareLogggerDispatch.doLog(ProxyConnectionLogger.java:178)
	at org.littleshoot.proxy.impl.ProxyConnectionLogger.debug(ProxyConnectionLogger.java:81)
	at org.littleshoot.proxy.impl.ClientToProxyConnection.shouldCloseClientConnection(ClientToProxyConnection.java:789)
	at org.littleshoot.proxy.impl.ClientToProxyConnection.closeConnectionsAfterWriteIfNecessary(ClientToProxyConnection.java:732)
	at org.littleshoot.proxy.impl.ClientToProxyConnection.respond(ClientToProxyConnection.java:408)
	at org.littleshoot.proxy.impl.ProxyToServerConnection.respondWith(ProxyToServerConnection.java:513)
	at org.littleshoot.proxy.impl.ProxyToServerConnection.readHTTPChunk(ProxyToServerConnection.java:229)
	at org.littleshoot.proxy.impl.ProxyConnection.readHTTP(ProxyConnection.java:146)
	at org.littleshoot.proxy.impl.ProxyConnection.read(ProxyConnection.java:120)
	at org.littleshoot.proxy.impl.ProxyToServerConnection.read(ProxyToServerConnection.java:206)
	at org.littleshoot.proxy.impl.ProxyConnection.channelRead0(ProxyConnection.java:579)
	at io.netty.channel.SimpleChannelInboundHandler.channelRead(SimpleChannelInboundHandler.java:105)
	at io.netty.channel.AbstractChannelHandlerContext.invokeChannelRead(AbstractChannelHandlerContext.java:339)
	at io.netty.channel.AbstractChannelHandlerContext.fireChannelRead(AbstractChannelHandlerContext.java:324)
	at io.netty.handler.timeout.IdleStateHandler.channelRead(IdleStateHandler.java:254)
	at io.netty.channel.AbstractChannelHandlerContext.invokeChannelRead(AbstractChannelHandlerContext.java:339)
	at io.netty.channel.AbstractChannelHandlerContext.fireChannelRead(AbstractChannelHandlerContext.java:324)
	at io.netty.channel.ChannelInboundHandlerAdapter.channelRead(ChannelInboundHandlerAdapter.java:86)
	at org.littleshoot.proxy.impl.ProxyConnection$ResponseReadMonitor.channelRead(ProxyConnection.java:730)
	at io.netty.channel.AbstractChannelHandlerContext.invokeChannelRead(AbstractChannelHandlerContext.java:339)
	at io.netty.channel.AbstractChannelHandlerContext.fireChannelRead(AbstractChannelHandlerContext.java:324)
	at io.netty.handler.codec.ByteToMessageDecoder.channelRead(ByteToMessageDecoder.java:242)
	at io.netty.channel.AbstractChannelHandlerContext.invokeChannelRead(AbstractChannelHandlerContext.java:339)
	at io.netty.channel.AbstractChannelHandlerContext.fireChannelRead(AbstractChannelHandlerContext.java:324)
	at io.netty.channel.ChannelInboundHandlerAdapter.channelRead(ChannelInboundHandlerAdapter.java:86)
	at org.littleshoot.proxy.impl.ProxyConnection$BytesReadMonitor.channelRead(ProxyConnection.java:684)
	at io.netty.channel.AbstractChannelHandlerContext.invokeChannelRead(AbstractChannelHandlerContext.java:339)
	at io.netty.channel.AbstractChannelHandlerContext.fireChannelRead(AbstractChannelHandlerContext.java:324)
	at io.netty.channel.DefaultChannelPipeline.fireChannelRead(DefaultChannelPipeline.java:847)
	at io.netty.channel.nio.AbstractNioByteChannel$NioByteUnsafe.read(AbstractNioByteChannel.java:131)
	at io.netty.channel.nio.NioEventLoop.processSelectedKey(NioEventLoop.java:511)
	at io.netty.channel.nio.NioEventLoop.processSelectedKeysOptimized(NioEventLoop.java:468)
	at io.netty.channel.nio.NioEventLoop.processSelectedKeys(NioEventLoop.java:382)
	at io.netty.channel.nio.NioEventLoop.run(NioEventLoop.java:354)
	at io.netty.util.concurrent.SingleThreadEventExecutor$2.run(SingleThreadEventExecutor.java:111)
	at java.lang.Thread.run(Thread.java:745)
SLF4J: Failed toString() invocation on an object of type [io.netty.handler.codec.http.HttpObjectAggregator$AggregatedFullHttpRequest]
io.netty.util.IllegalReferenceCountException: refCnt: 0
	at io.netty.buffer.DefaultByteBufHolder.content(DefaultByteBufHolder.java:39)
	at io.netty.handler.codec.http.HttpMessageUtil.appendFullCommon(HttpMessageUtil.java:79)
	at io.netty.handler.codec.http.HttpMessageUtil.appendFullRequest(HttpMessageUtil.java:55)
	at io.netty.handler.codec.http.HttpObjectAggregator$AggregatedFullHttpRequest.toString(HttpObjectAggregator.java:415)
	at org.slf4j.helpers.MessageFormatter.safeObjectAppend(MessageFormatter.java:297)
	at org.slf4j.helpers.MessageFormatter.deeplyAppendParameter(MessageFormatter.java:269)
	at org.slf4j.helpers.MessageFormatter.arrayFormat(MessageFormatter.java:227)
	at org.littleshoot.proxy.impl.ProxyConnectionLogger$LocationAwareLogggerDispatch.doLog(ProxyConnectionLogger.java:178)
	at org.littleshoot.proxy.impl.ProxyConnectionLogger.debug(ProxyConnectionLogger.java:81)
	at org.littleshoot.proxy.impl.ClientToProxyConnection.shouldCloseClientConnection(ClientToProxyConnection.java:789)
	at org.littleshoot.proxy.impl.ClientToProxyConnection.closeConnectionsAfterWriteIfNecessary(ClientToProxyConnection.java:732)
	at org.littleshoot.proxy.impl.ClientToProxyConnection.respond(ClientToProxyConnection.java:408)
	at org.littleshoot.proxy.impl.ProxyToServerConnection.respondWith(ProxyToServerConnection.java:513)
	at org.littleshoot.proxy.impl.ProxyToServerConnection.readHTTPChunk(ProxyToServerConnection.java:229)
	at org.littleshoot.proxy.impl.ProxyConnection.readHTTP(ProxyConnection.java:146)
	at org.littleshoot.proxy.impl.ProxyConnection.read(ProxyConnection.java:120)
	at org.littleshoot.proxy.impl.ProxyToServerConnection.read(ProxyToServerConnection.java:206)
	at org.littleshoot.proxy.impl.ProxyConnection.channelRead0(ProxyConnection.java:579)
	at io.netty.channel.SimpleChannelInboundHandler.channelRead(SimpleChannelInboundHandler.java:105)
	at io.netty.channel.AbstractChannelHandlerContext.invokeChannelRead(AbstractChannelHandlerContext.java:339)
	at io.netty.channel.AbstractChannelHandlerContext.fireChannelRead(AbstractChannelHandlerContext.java:324)
	at io.netty.handler.timeout.IdleStateHandler.channelRead(IdleStateHandler.java:254)
	at io.netty.channel.AbstractChannelHandlerContext.invokeChannelRead(AbstractChannelHandlerContext.java:339)
	at io.netty.channel.AbstractChannelHandlerContext.fireChannelRead(AbstractChannelHandlerContext.java:324)
	at io.netty.channel.ChannelInboundHandlerAdapter.channelRead(ChannelInboundHandlerAdapter.java:86)
	at org.littleshoot.proxy.impl.ProxyConnection$ResponseReadMonitor.channelRead(ProxyConnection.java:730)
	at io.netty.channel.AbstractChannelHandlerContext.invokeChannelRead(AbstractChannelHandlerContext.java:339)
	at io.netty.channel.AbstractChannelHandlerContext.fireChannelRead(AbstractChannelHandlerContext.java:324)
	at io.netty.handler.codec.ByteToMessageDecoder.channelRead(ByteToMessageDecoder.java:242)
	at io.netty.channel.AbstractChannelHandlerContext.invokeChannelRead(AbstractChannelHandlerContext.java:339)
	at io.netty.channel.AbstractChannelHandlerContext.fireChannelRead(AbstractChannelHandlerContext.java:324)
	at io.netty.channel.ChannelInboundHandlerAdapter.channelRead(ChannelInboundHandlerAdapter.java:86)
	at org.littleshoot.proxy.impl.ProxyConnection$BytesReadMonitor.channelRead(ProxyConnection.java:684)
	at io.netty.channel.AbstractChannelHandlerContext.invokeChannelRead(AbstractChannelHandlerContext.java:339)
	at io.netty.channel.AbstractChannelHandlerContext.fireChannelRead(AbstractChannelHandlerContext.java:324)
	at io.netty.channel.DefaultChannelPipeline.fireChannelRead(DefaultChannelPipeline.java:847)
	at io.netty.channel.nio.AbstractNioByteChannel$NioByteUnsafe.read(AbstractNioByteChannel.java:131)
	at io.netty.channel.nio.NioEventLoop.processSelectedKey(NioEventLoop.java:511)
	at io.netty.channel.nio.NioEventLoop.processSelectedKeysOptimized(NioEventLoop.java:468)
	at io.netty.channel.nio.NioEventLoop.processSelectedKeys(NioEventLoop.java:382)
	at io.netty.channel.nio.NioEventLoop.run(NioEventLoop.java:354)
	at io.netty.util.concurrent.SingleThreadEventExecutor$2.run(SingleThreadEventExecutor.java:111)
	at java.lang.Thread.run(Thread.java:745)
SLF4J: Failed toString() invocation on an object of type [io.netty.handler.codec.http.HttpObjectAggregator$AggregatedFullHttpRequest]
io.netty.util.IllegalReferenceCountException: refCnt: 0
	at io.netty.buffer.DefaultByteBufHolder.content(DefaultByteBufHolder.java:39)
	at io.netty.handler.codec.http.HttpMessageUtil.appendFullCommon(HttpMessageUtil.java:79)
	at io.netty.handler.codec.http.HttpMessageUtil.appendFullRequest(HttpMessageUtil.java:55)
	at io.netty.handler.codec.http.HttpObjectAggregator$AggregatedFullHttpRequest.toString(HttpObjectAggregator.java:415)
	at org.slf4j.helpers.MessageFormatter.safeObjectAppend(MessageFormatter.java:297)
	at org.slf4j.helpers.MessageFormatter.deeplyAppendParameter(MessageFormatter.java:269)
	at org.slf4j.helpers.MessageFormatter.arrayFormat(MessageFormatter.java:227)
	at org.littleshoot.proxy.impl.ProxyConnectionLogger$LocationAwareLogggerDispatch.doLog(ProxyConnectionLogger.java:178)
	at org.littleshoot.proxy.impl.ProxyConnectionLogger.debug(ProxyConnectionLogger.java:81)
	at org.littleshoot.proxy.impl.ClientToProxyConnection.shouldCloseClientConnection(ClientToProxyConnection.java:789)
	at org.littleshoot.proxy.impl.ClientToProxyConnection.closeConnectionsAfterWriteIfNecessary(ClientToProxyConnection.java:732)
	at org.littleshoot.proxy.impl.ClientToProxyConnection.respond(ClientToProxyConnection.java:408)
	at org.littleshoot.proxy.impl.ProxyToServerConnection.respondWith(ProxyToServerConnection.java:513)
	at org.littleshoot.proxy.impl.ProxyToServerConnection.readHTTPChunk(ProxyToServerConnection.java:229)
	at org.littleshoot.proxy.impl.ProxyConnection.readHTTP(ProxyConnection.java:146)
	at org.littleshoot.proxy.impl.ProxyConnection.read(ProxyConnection.java:120)
	at org.littleshoot.proxy.impl.ProxyToServerConnection.read(ProxyToServerConnection.java:206)
	at org.littleshoot.proxy.impl.ProxyConnection.channelRead0(ProxyConnection.java:579)
	at io.netty.channel.SimpleChannelInboundHandler.channelRead(SimpleChannelInboundHandler.java:105)
	at io.netty.channel.AbstractChannelHandlerContext.invokeChannelRead(AbstractChannelHandlerContext.java:339)
	at io.netty.channel.AbstractChannelHandlerContext.fireChannelRead(AbstractChannelHandlerContext.java:324)
	at io.netty.handler.timeout.IdleStateHandler.channelRead(IdleStateHandler.java:254)
	at io.netty.channel.AbstractChannelHandlerContext.invokeChannelRead(AbstractChannelHandlerContext.java:339)
	at io.netty.channel.AbstractChannelHandlerContext.fireChannelRead(AbstractChannelHandlerContext.java:324)
	at io.netty.channel.ChannelInboundHandlerAdapter.channelRead(ChannelInboundHandlerAdapter.java:86)
	at org.littleshoot.proxy.impl.ProxyConnection$ResponseReadMonitor.channelRead(ProxyConnection.java:730)
	at io.netty.channel.AbstractChannelHandlerContext.invokeChannelRead(AbstractChannelHandlerContext.java:339)
	at io.netty.channel.AbstractChannelHandlerContext.fireChannelRead(AbstractChannelHandlerContext.java:324)
	at io.netty.handler.codec.ByteToMessageDecoder.channelRead(ByteToMessageDecoder.java:242)
	at io.netty.channel.AbstractChannelHandlerContext.invokeChannelRead(AbstractChannelHandlerContext.java:339)
	at io.netty.channel.AbstractChannelHandlerContext.fireChannelRead(AbstractChannelHandlerContext.java:324)
	at io.netty.channel.ChannelInboundHandlerAdapter.channelRead(ChannelInboundHandlerAdapter.java:86)
	at org.littleshoot.proxy.impl.ProxyConnection$BytesReadMonitor.channelRead(ProxyConnection.java:684)
	at io.netty.channel.AbstractChannelHandlerContext.invokeChannelRead(AbstractChannelHandlerContext.java:339)
	at io.netty.channel.AbstractChannelHandlerContext.fireChannelRead(AbstractChannelHandlerContext.java:324)
	at io.netty.channel.DefaultChannelPipeline.fireChannelRead(DefaultChannelPipeline.java:847)
	at io.netty.channel.nio.AbstractNioByteChannel$NioByteUnsafe.read(AbstractNioByteChannel.java:131)
	at io.netty.channel.nio.NioEventLoop.processSelectedKey(NioEventLoop.java:511)
	at io.netty.channel.nio.NioEventLoop.processSelectedKeysOptimized(NioEventLoop.java:468)
	at io.netty.channel.nio.NioEventLoop.processSelectedKeys(NioEventLoop.java:382)
	at io.netty.channel.nio.NioEventLoop.run(NioEventLoop.java:354)
	at io.netty.util.concurrent.SingleThreadEventExecutor$2.run(SingleThreadEventExecutor.java:111)
	at java.lang.Thread.run(Thread.java:745)
SLF4J: Failed toString() invocation on an object of type [io.netty.handler.codec.http.HttpObjectAggregator$AggregatedFullHttpRequest]
io.netty.util.IllegalReferenceCountException: refCnt: 0
	at io.netty.buffer.DefaultByteBufHolder.content(DefaultByteBufHolder.java:39)
	at io.netty.handler.codec.http.HttpMessageUtil.appendFullCommon(HttpMessageUtil.java:79)
	at io.netty.handler.codec.http.HttpMessageUtil.appendFullRequest(HttpMessageUtil.java:55)
	at io.netty.handler.codec.http.HttpObjectAggregator$AggregatedFullHttpRequest.toString(HttpObjectAggregator.java:415)
	at org.slf4j.helpers.MessageFormatter.safeObjectAppend(MessageFormatter.java:297)
	at org.slf4j.helpers.MessageFormatter.deeplyAppendParameter(MessageFormatter.java:269)
	at org.slf4j.helpers.MessageFormatter.arrayFormat(MessageFormatter.java:227)
	at org.littleshoot.proxy.impl.ProxyConnectionLogger$LocationAwareLogggerDispatch.doLog(ProxyConnectionLogger.java:178)
	at org.littleshoot.proxy.impl.ProxyConnectionLogger.debug(ProxyConnectionLogger.java:81)
	at org.littleshoot.proxy.impl.ClientToProxyConnection.shouldCloseClientConnection(ClientToProxyConnection.java:789)
	at org.littleshoot.proxy.impl.ClientToProxyConnection.closeConnectionsAfterWriteIfNecessary(ClientToProxyConnection.java:732)
	at org.littleshoot.proxy.impl.ClientToProxyConnection.respond(ClientToProxyConnection.java:408)
	at org.littleshoot.proxy.impl.ProxyToServerConnection.respondWith(ProxyToServerConnection.java:513)
	at org.littleshoot.proxy.impl.ProxyToServerConnection.readHTTPChunk(ProxyToServerConnection.java:229)
	at org.littleshoot.proxy.impl.ProxyConnection.readHTTP(ProxyConnection.java:146)
	at org.littleshoot.proxy.impl.ProxyConnection.read(ProxyConnection.java:120)
	at org.littleshoot.proxy.impl.ProxyToServerConnection.read(ProxyToServerConnection.java:206)
	at org.littleshoot.proxy.impl.ProxyConnection.channelRead0(ProxyConnection.java:579)
	at io.netty.channel.SimpleChannelInboundHandler.channelRead(SimpleChannelInboundHandler.java:105)
	at io.netty.channel.AbstractChannelHandlerContext.invokeChannelRead(AbstractChannelHandlerContext.java:339)
	at io.netty.channel.AbstractChannelHandlerContext.fireChannelRead(AbstractChannelHandlerContext.java:324)
	at io.netty.handler.timeout.IdleStateHandler.channelRead(IdleStateHandler.java:254)
	at io.netty.channel.AbstractChannelHandlerContext.invokeChannelRead(AbstractChannelHandlerContext.java:339)
	at io.netty.channel.AbstractChannelHandlerContext.fireChannelRead(AbstractChannelHandlerContext.java:324)
	at io.netty.channel.ChannelInboundHandlerAdapter.channelRead(ChannelInboundHandlerAdapter.java:86)
	at org.littleshoot.proxy.impl.ProxyConnection$ResponseReadMonitor.channelRead(ProxyConnection.java:730)
	at io.netty.channel.AbstractChannelHandlerContext.invokeChannelRead(AbstractChannelHandlerContext.java:339)
	at io.netty.channel.AbstractChannelHandlerContext.fireChannelRead(AbstractChannelHandlerContext.java:324)
	at io.netty.handler.codec.ByteToMessageDecoder.channelRead(ByteToMessageDecoder.java:242)
	at io.netty.channel.AbstractChannelHandlerContext.invokeChannelRead(AbstractChannelHandlerContext.java:339)
	at io.netty.channel.AbstractChannelHandlerContext.fireChannelRead(AbstractChannelHandlerContext.java:324)
	at io.netty.channel.ChannelInboundHandlerAdapter.channelRead(ChannelInboundHandlerAdapter.java:86)
	at org.littleshoot.proxy.impl.ProxyConnection$BytesReadMonitor.channelRead(ProxyConnection.java:684)
	at io.netty.channel.AbstractChannelHandlerContext.invokeChannelRead(AbstractChannelHandlerContext.java:339)
	at io.netty.channel.AbstractChannelHandlerContext.fireChannelRead(AbstractChannelHandlerContext.java:324)
	at io.netty.channel.DefaultChannelPipeline.fireChannelRead(DefaultChannelPipeline.java:847)
	at io.netty.channel.nio.AbstractNioByteChannel$NioByteUnsafe.read(AbstractNioByteChannel.java:131)
	at io.netty.channel.nio.NioEventLoop.processSelectedKey(NioEventLoop.java:511)
	at io.netty.channel.nio.NioEventLoop.processSelectedKeysOptimized(NioEventLoop.java:468)
	at io.netty.channel.nio.NioEventLoop.processSelectedKeys(NioEventLoop.java:382)
	at io.netty.channel.nio.NioEventLoop.run(NioEventLoop.java:354)
	at io.netty.util.concurrent.SingleThreadEventExecutor$2.run(SingleThreadEventExecutor.java:111)
	at java.lang.Thread.run(Thread.java:745)
SLF4J: Failed toString() invocation on an object of type [io.netty.handler.codec.http.HttpObjectAggregator$AggregatedFullHttpRequest]
io.netty.util.IllegalReferenceCountException: refCnt: 0
	at io.netty.buffer.DefaultByteBufHolder.content(DefaultByteBufHolder.java:39)
	at io.netty.handler.codec.http.HttpMessageUtil.appendFullCommon(HttpMessageUtil.java:79)
	at io.netty.handler.codec.http.HttpMessageUtil.appendFullRequest(HttpMessageUtil.java:55)
	at io.netty.handler.codec.http.HttpObjectAggregator$AggregatedFullHttpRequest.toString(HttpObjectAggregator.java:415)
	at org.slf4j.helpers.MessageFormatter.safeObjectAppend(MessageFormatter.java:297)
	at org.slf4j.helpers.MessageFormatter.deeplyAppendParameter(MessageFormatter.java:269)
	at org.slf4j.helpers.MessageFormatter.arrayFormat(MessageFormatter.java:227)
	at org.littleshoot.proxy.impl.ProxyConnectionLogger$LocationAwareLogggerDispatch.doLog(ProxyConnectionLogger.java:178)
	at org.littleshoot.proxy.impl.ProxyConnectionLogger.debug(ProxyConnectionLogger.java:81)
	at org.littleshoot.proxy.impl.ClientToProxyConnection.shouldCloseClientConnection(ClientToProxyConnection.java:789)
	at org.littleshoot.proxy.impl.ClientToProxyConnection.closeConnectionsAfterWriteIfNecessary(ClientToProxyConnection.java:732)
	at org.littleshoot.proxy.impl.ClientToProxyConnection.respond(ClientToProxyConnection.java:408)
	at org.littleshoot.proxy.impl.ProxyToServerConnection.respondWith(ProxyToServerConnection.java:513)
	at org.littleshoot.proxy.impl.ProxyToServerConnection.readHTTPChunk(ProxyToServerConnection.java:229)
	at org.littleshoot.proxy.impl.ProxyConnection.readHTTP(ProxyConnection.java:146)
	at org.littleshoot.proxy.impl.ProxyConnection.read(ProxyConnection.java:120)
	at org.littleshoot.proxy.impl.ProxyToServerConnection.read(ProxyToServerConnection.java:206)
	at org.littleshoot.proxy.impl.ProxyConnection.channelRead0(ProxyConnection.java:579)
	at io.netty.channel.SimpleChannelInboundHandler.channelRead(SimpleChannelInboundHandler.java:105)
	at io.netty.channel.AbstractChannelHandlerContext.invokeChannelRead(AbstractChannelHandlerContext.java:339)
	at io.netty.channel.AbstractChannelHandlerContext.fireChannelRead(AbstractChannelHandlerContext.java:324)
	at io.netty.handler.timeout.IdleStateHandler.channelRead(IdleStateHandler.java:254)
	at io.netty.channel.AbstractChannelHandlerContext.invokeChannelRead(AbstractChannelHandlerContext.java:339)
	at io.netty.channel.AbstractChannelHandlerContext.fireChannelRead(AbstractChannelHandlerContext.java:324)
	at io.netty.channel.ChannelInboundHandlerAdapter.channelRead(ChannelInboundHandlerAdapter.java:86)
	at org.littleshoot.proxy.impl.ProxyConnection$ResponseReadMonitor.channelRead(ProxyConnection.java:730)
	at io.netty.channel.AbstractChannelHandlerContext.invokeChannelRead(AbstractChannelHandlerContext.java:339)
	at io.netty.channel.AbstractChannelHandlerContext.fireChannelRead(AbstractChannelHandlerContext.java:324)
	at io.netty.handler.codec.ByteToMessageDecoder.channelRead(ByteToMessageDecoder.java:242)
	at io.netty.channel.AbstractChannelHandlerContext.invokeChannelRead(AbstractChannelHandlerContext.java:339)
	at io.netty.channel.AbstractChannelHandlerContext.fireChannelRead(AbstractChannelHandlerContext.java:324)
	at io.netty.channel.ChannelInboundHandlerAdapter.channelRead(ChannelInboundHandlerAdapter.java:86)
	at org.littleshoot.proxy.impl.ProxyConnection$BytesReadMonitor.channelRead(ProxyConnection.java:684)
	at io.netty.channel.AbstractChannelHandlerContext.invokeChannelRead(AbstractChannelHandlerContext.java:339)
	at io.netty.channel.AbstractChannelHandlerContext.fireChannelRead(AbstractChannelHandlerContext.java:324)
	at io.netty.channel.DefaultChannelPipeline.fireChannelRead(DefaultChannelPipeline.java:847)
	at io.netty.channel.nio.AbstractNioByteChannel$NioByteUnsafe.read(AbstractNioByteChannel.java:131)
	at io.netty.channel.nio.NioEventLoop.processSelectedKey(NioEventLoop.java:511)
	at io.netty.channel.nio.NioEventLoop.processSelectedKeysOptimized(NioEventLoop.java:468)
	at io.netty.channel.nio.NioEventLoop.processSelectedKeys(NioEventLoop.java:382)
	at io.netty.channel.nio.NioEventLoop.run(NioEventLoop.java:354)
	at io.netty.util.concurrent.SingleThreadEventExecutor$2.run(SingleThreadEventExecutor.java:111)
	at java.lang.Thread.run(Thread.java:745)
SLF4J: Failed toString() invocation on an object of type [io.netty.handler.codec.http.HttpObjectAggregator$AggregatedFullHttpRequest]
io.netty.util.IllegalReferenceCountException: refCnt: 0
	at io.netty.buffer.DefaultByteBufHolder.content(DefaultByteBufHolder.java:39)
	at io.netty.handler.codec.http.HttpMessageUtil.appendFullCommon(HttpMessageUtil.java:79)
	at io.netty.handler.codec.http.HttpMessageUtil.appendFullRequest(HttpMessageUtil.java:55)
	at io.netty.handler.codec.http.HttpObjectAggregator$AggregatedFullHttpRequest.toString(HttpObjectAggregator.java:415)
	at org.slf4j.helpers.MessageFormatter.safeObjectAppend(MessageFormatter.java:297)
	at org.slf4j.helpers.MessageFormatter.deeplyAppendParameter(MessageFormatter.java:269)
	at org.slf4j.helpers.MessageFormatter.arrayFormat(MessageFormatter.java:227)
	at org.littleshoot.proxy.impl.ProxyConnectionLogger$LocationAwareLogggerDispatch.doLog(ProxyConnectionLogger.java:178)
	at org.littleshoot.proxy.impl.ProxyConnectionLogger.debug(ProxyConnectionLogger.java:81)
	at org.littleshoot.proxy.impl.ClientToProxyConnection.shouldCloseClientConnection(ClientToProxyConnection.java:789)
	at org.littleshoot.proxy.impl.ClientToProxyConnection.closeConnectionsAfterWriteIfNecessary(ClientToProxyConnection.java:732)
	at org.littleshoot.proxy.impl.ClientToProxyConnection.respond(ClientToProxyConnection.java:408)
	at org.littleshoot.proxy.impl.ProxyToServerConnection.respondWith(ProxyToServerConnection.java:513)
	at org.littleshoot.proxy.impl.ProxyToServerConnection.readHTTPChunk(ProxyToServerConnection.java:229)
	at org.littleshoot.proxy.impl.ProxyConnection.readHTTP(ProxyConnection.java:146)
	at org.littleshoot.proxy.impl.ProxyConnection.read(ProxyConnection.java:120)
	at org.littleshoot.proxy.impl.ProxyToServerConnection.read(ProxyToServerConnection.java:206)
	at org.littleshoot.proxy.impl.ProxyConnection.channelRead0(ProxyConnection.java:579)
	at io.netty.channel.SimpleChannelInboundHandler.channelRead(SimpleChannelInboundHandler.java:105)
	at io.netty.channel.AbstractChannelHandlerContext.invokeChannelRead(AbstractChannelHandlerContext.java:339)
	at io.netty.channel.AbstractChannelHandlerContext.fireChannelRead(AbstractChannelHandlerContext.java:324)
	at io.netty.handler.timeout.IdleStateHandler.channelRead(IdleStateHandler.java:254)
	at io.netty.channel.AbstractChannelHandlerContext.invokeChannelRead(AbstractChannelHandlerContext.java:339)
	at io.netty.channel.AbstractChannelHandlerContext.fireChannelRead(AbstractChannelHandlerContext.java:324)
	at io.netty.channel.ChannelInboundHandlerAdapter.channelRead(ChannelInboundHandlerAdapter.java:86)
	at org.littleshoot.proxy.impl.ProxyConnection$ResponseReadMonitor.channelRead(ProxyConnection.java:730)
	at io.netty.channel.AbstractChannelHandlerContext.invokeChannelRead(AbstractChannelHandlerContext.java:339)
	at io.netty.channel.AbstractChannelHandlerContext.fireChannelRead(AbstractChannelHandlerContext.java:324)
	at io.netty.handler.codec.ByteToMessageDecoder.channelRead(ByteToMessageDecoder.java:242)
	at io.netty.channel.AbstractChannelHandlerContext.invokeChannelRead(AbstractChannelHandlerContext.java:339)
	at io.netty.channel.AbstractChannelHandlerContext.fireChannelRead(AbstractChannelHandlerContext.java:324)
	at io.netty.channel.ChannelInboundHandlerAdapter.channelRead(ChannelInboundHandlerAdapter.java:86)
	at org.littleshoot.proxy.impl.ProxyConnection$BytesReadMonitor.channelRead(ProxyConnection.java:684)
	at io.netty.channel.AbstractChannelHandlerContext.invokeChannelRead(AbstractChannelHandlerContext.java:339)
	at io.netty.channel.AbstractChannelHandlerContext.fireChannelRead(AbstractChannelHandlerContext.java:324)
	at io.netty.channel.DefaultChannelPipeline.fireChannelRead(DefaultChannelPipeline.java:847)
	at io.netty.channel.nio.AbstractNioByteChannel$NioByteUnsafe.read(AbstractNioByteChannel.java:131)
	at io.netty.channel.nio.NioEventLoop.processSelectedKey(NioEventLoop.java:511)
	at io.netty.channel.nio.NioEventLoop.processSelectedKeysOptimized(NioEventLoop.java:468)
	at io.netty.channel.nio.NioEventLoop.processSelectedKeys(NioEventLoop.java:382)
	at io.netty.channel.nio.NioEventLoop.run(NioEventLoop.java:354)
	at io.netty.util.concurrent.SingleThreadEventExecutor$2.run(SingleThreadEventExecutor.java:111)
	at java.lang.Thread.run(Thread.java:745)
SLF4J: Failed toString() invocation on an object of type [io.netty.handler.codec.http.HttpObjectAggregator$AggregatedFullHttpRequest]
io.netty.util.IllegalReferenceCountException: refCnt: 0
	at io.netty.buffer.DefaultByteBufHolder.content(DefaultByteBufHolder.java:39)
	at io.netty.handler.codec.http.HttpMessageUtil.appendFullCommon(HttpMessageUtil.java:79)
	at io.netty.handler.codec.http.HttpMessageUtil.appendFullRequest(HttpMessageUtil.java:55)
	at io.netty.handler.codec.http.HttpObjectAggregator$AggregatedFullHttpRequest.toString(HttpObjectAggregator.java:415)
	at org.slf4j.helpers.MessageFormatter.safeObjectAppend(MessageFormatter.java:297)
	at org.slf4j.helpers.MessageFormatter.deeplyAppendParameter(MessageFormatter.java:269)
	at org.slf4j.helpers.MessageFormatter.arrayFormat(MessageFormatter.java:227)
	at org.littleshoot.proxy.impl.ProxyConnectionLogger$LocationAwareLogggerDispatch.doLog(ProxyConnectionLogger.java:178)
	at org.littleshoot.proxy.impl.ProxyConnectionLogger.debug(ProxyConnectionLogger.java:81)
	at org.littleshoot.proxy.impl.ClientToProxyConnection.shouldCloseClientConnection(ClientToProxyConnection.java:789)
	at org.littleshoot.proxy.impl.ClientToProxyConnection.closeConnectionsAfterWriteIfNecessary(ClientToProxyConnection.java:732)
	at org.littleshoot.proxy.impl.ClientToProxyConnection.respond(ClientToProxyConnection.java:408)
	at org.littleshoot.proxy.impl.ProxyToServerConnection.respondWith(ProxyToServerConnection.java:513)
	at org.littleshoot.proxy.impl.ProxyToServerConnection.readHTTPChunk(ProxyToServerConnection.java:229)
	at org.littleshoot.proxy.impl.ProxyConnection.readHTTP(ProxyConnection.java:146)
	at org.littleshoot.proxy.impl.ProxyConnection.read(ProxyConnection.java:120)
	at org.littleshoot.proxy.impl.ProxyToServerConnection.read(ProxyToServerConnection.java:206)
	at org.littleshoot.proxy.impl.ProxyConnection.channelRead0(ProxyConnection.java:579)
	at io.netty.channel.SimpleChannelInboundHandler.channelRead(SimpleChannelInboundHandler.java:105)
	at io.netty.channel.AbstractChannelHandlerContext.invokeChannelRead(AbstractChannelHandlerContext.java:339)
	at io.netty.channel.AbstractChannelHandlerContext.fireChannelRead(AbstractChannelHandlerContext.java:324)
	at io.netty.handler.timeout.IdleStateHandler.channelRead(IdleStateHandler.java:254)
	at io.netty.channel.AbstractChannelHandlerContext.invokeChannelRead(AbstractChannelHandlerContext.java:339)
	at io.netty.channel.AbstractChannelHandlerContext.fireChannelRead(AbstractChannelHandlerContext.java:324)
	at io.netty.channel.ChannelInboundHandlerAdapter.channelRead(ChannelInboundHandlerAdapter.java:86)
	at org.littleshoot.proxy.impl.ProxyConnection$ResponseReadMonitor.channelRead(ProxyConnection.java:730)
	at io.netty.channel.AbstractChannelHandlerContext.invokeChannelRead(AbstractChannelHandlerContext.java:339)
	at io.netty.channel.AbstractChannelHandlerContext.fireChannelRead(AbstractChannelHandlerContext.java:324)
	at io.netty.handler.codec.ByteToMessageDecoder.channelRead(ByteToMessageDecoder.java:242)
	at io.netty.channel.AbstractChannelHandlerContext.invokeChannelRead(AbstractChannelHandlerContext.java:339)
	at io.netty.channel.AbstractChannelHandlerContext.fireChannelRead(AbstractChannelHandlerContext.java:324)
	at io.netty.channel.ChannelInboundHandlerAdapter.channelRead(ChannelInboundHandlerAdapter.java:86)
	at org.littleshoot.proxy.impl.ProxyConnection$BytesReadMonitor.channelRead(ProxyConnection.java:684)
	at io.netty.channel.AbstractChannelHandlerContext.invokeChannelRead(AbstractChannelHandlerContext.java:339)
	at io.netty.channel.AbstractChannelHandlerContext.fireChannelRead(AbstractChannelHandlerContext.java:324)
	at io.netty.channel.DefaultChannelPipeline.fireChannelRead(DefaultChannelPipeline.java:847)
	at io.netty.channel.nio.AbstractNioByteChannel$NioByteUnsafe.read(AbstractNioByteChannel.java:131)
	at io.netty.channel.nio.NioEventLoop.processSelectedKey(NioEventLoop.java:511)
	at io.netty.channel.nio.NioEventLoop.processSelectedKeysOptimized(NioEventLoop.java:468)
	at io.netty.channel.nio.NioEventLoop.processSelectedKeys(NioEventLoop.java:382)
	at io.netty.channel.nio.NioEventLoop.run(NioEventLoop.java:354)
	at io.netty.util.concurrent.SingleThreadEventExecutor$2.run(SingleThreadEventExecutor.java:111)
	at java.lang.Thread.run(Thread.java:745)
SLF4J: Failed toString() invocation on an object of type [io.netty.handler.codec.http.HttpObjectAggregator$AggregatedFullHttpRequest]
io.netty.util.IllegalReferenceCountException: refCnt: 0
	at io.netty.buffer.DefaultByteBufHolder.content(DefaultByteBufHolder.java:39)
	at io.netty.handler.codec.http.HttpMessageUtil.appendFullCommon(HttpMessageUtil.java:79)
	at io.netty.handler.codec.http.HttpMessageUtil.appendFullRequest(HttpMessageUtil.java:55)
	at io.netty.handler.codec.http.HttpObjectAggregator$AggregatedFullHttpRequest.toString(HttpObjectAggregator.java:415)
	at org.slf4j.helpers.MessageFormatter.safeObjectAppend(MessageFormatter.java:297)
	at org.slf4j.helpers.MessageFormatter.deeplyAppendParameter(MessageFormatter.java:269)
	at org.slf4j.helpers.MessageFormatter.arrayFormat(MessageFormatter.java:227)
	at org.littleshoot.proxy.impl.ProxyConnectionLogger$LocationAwareLogggerDispatch.doLog(ProxyConnectionLogger.java:178)
	at org.littleshoot.proxy.impl.ProxyConnectionLogger.debug(ProxyConnectionLogger.java:81)
	at org.littleshoot.proxy.impl.ClientToProxyConnection.shouldCloseClientConnection(ClientToProxyConnection.java:789)
	at org.littleshoot.proxy.impl.ClientToProxyConnection.closeConnectionsAfterWriteIfNecessary(ClientToProxyConnection.java:732)
	at org.littleshoot.proxy.impl.ClientToProxyConnection.respond(ClientToProxyConnection.java:408)
	at org.littleshoot.proxy.impl.ProxyToServerConnection.respondWith(ProxyToServerConnection.java:513)
	at org.littleshoot.proxy.impl.ProxyToServerConnection.readHTTPChunk(ProxyToServerConnection.java:229)
	at org.littleshoot.proxy.impl.ProxyConnection.readHTTP(ProxyConnection.java:146)
	at org.littleshoot.proxy.impl.ProxyConnection.read(ProxyConnection.java:120)
	at org.littleshoot.proxy.impl.ProxyToServerConnection.read(ProxyToServerConnection.java:206)
	at org.littleshoot.proxy.impl.ProxyConnection.channelRead0(ProxyConnection.java:579)
	at io.netty.channel.SimpleChannelInboundHandler.channelRead(SimpleChannelInboundHandler.java:105)
	at io.netty.channel.AbstractChannelHandlerContext.invokeChannelRead(AbstractChannelHandlerContext.java:339)
	at io.netty.channel.AbstractChannelHandlerContext.fireChannelRead(AbstractChannelHandlerContext.java:324)
	at io.netty.handler.timeout.IdleStateHandler.channelRead(IdleStateHandler.java:254)
	at io.netty.channel.AbstractChannelHandlerContext.invokeChannelRead(AbstractChannelHandlerContext.java:339)
	at io.netty.channel.AbstractChannelHandlerContext.fireChannelRead(AbstractChannelHandlerContext.java:324)
	at io.netty.channel.ChannelInboundHandlerAdapter.channelRead(ChannelInboundHandlerAdapter.java:86)
	at org.littleshoot.proxy.impl.ProxyConnection$ResponseReadMonitor.channelRead(ProxyConnection.java:730)
	at io.netty.channel.AbstractChannelHandlerContext.invokeChannelRead(AbstractChannelHandlerContext.java:339)
	at io.netty.channel.AbstractChannelHandlerContext.fireChannelRead(AbstractChannelHandlerContext.java:324)
	at io.netty.handler.codec.ByteToMessageDecoder.channelRead(ByteToMessageDecoder.java:242)
	at io.netty.channel.AbstractChannelHandlerContext.invokeChannelRead(AbstractChannelHandlerContext.java:339)
	at io.netty.channel.AbstractChannelHandlerContext.fireChannelRead(AbstractChannelHandlerContext.java:324)
	at io.netty.channel.ChannelInboundHandlerAdapter.channelRead(ChannelInboundHandlerAdapter.java:86)
	at org.littleshoot.proxy.impl.ProxyConnection$BytesReadMonitor.channelRead(ProxyConnection.java:684)
	at io.netty.channel.AbstractChannelHandlerContext.invokeChannelRead(AbstractChannelHandlerContext.java:339)
	at io.netty.channel.AbstractChannelHandlerContext.fireChannelRead(AbstractChannelHandlerContext.java:324)
	at io.netty.channel.DefaultChannelPipeline.fireChannelRead(DefaultChannelPipeline.java:847)
	at io.netty.channel.nio.AbstractNioByteChannel$NioByteUnsafe.read(AbstractNioByteChannel.java:131)
	at io.netty.channel.nio.NioEventLoop.processSelectedKey(NioEventLoop.java:511)
	at io.netty.channel.nio.NioEventLoop.processSelectedKeysOptimized(NioEventLoop.java:468)
	at io.netty.channel.nio.NioEventLoop.processSelectedKeys(NioEventLoop.java:382)
	at io.netty.channel.nio.NioEventLoop.run(NioEventLoop.java:354)
	at io.netty.util.concurrent.SingleThreadEventExecutor$2.run(SingleThreadEventExecutor.java:111)
	at java.lang.Thread.run(Thread.java:745)
SLF4J: Failed toString() invocation on an object of type [io.netty.handler.codec.http.HttpObjectAggregator$AggregatedFullHttpRequest]
io.netty.util.IllegalReferenceCountException: refCnt: 0
	at io.netty.buffer.DefaultByteBufHolder.content(DefaultByteBufHolder.java:39)
	at io.netty.handler.codec.http.HttpMessageUtil.appendFullCommon(HttpMessageUtil.java:79)
	at io.netty.handler.codec.http.HttpMessageUtil.appendFullRequest(HttpMessageUtil.java:55)
	at io.netty.handler.codec.http.HttpObjectAggregator$AggregatedFullHttpRequest.toString(HttpObjectAggregator.java:415)
	at org.slf4j.helpers.MessageFormatter.safeObjectAppend(MessageFormatter.java:297)
	at org.slf4j.helpers.MessageFormatter.deeplyAppendParameter(MessageFormatter.java:269)
	at org.slf4j.helpers.MessageFormatter.arrayFormat(MessageFormatter.java:227)
	at org.littleshoot.proxy.impl.ProxyConnectionLogger$LocationAwareLogggerDispatch.doLog(ProxyConnectionLogger.java:178)
	at org.littleshoot.proxy.impl.ProxyConnectionLogger.debug(ProxyConnectionLogger.java:81)
	at org.littleshoot.proxy.impl.ClientToProxyConnection.shouldCloseClientConnection(ClientToProxyConnection.java:789)
	at org.littleshoot.proxy.impl.ClientToProxyConnection.closeConnectionsAfterWriteIfNecessary(ClientToProxyConnection.java:732)
	at org.littleshoot.proxy.impl.ClientToProxyConnection.respond(ClientToProxyConnection.java:408)
	at org.littleshoot.proxy.impl.ProxyToServerConnection.respondWith(ProxyToServerConnection.java:513)
	at org.littleshoot.proxy.impl.ProxyToServerConnection.readHTTPChunk(ProxyToServerConnection.java:229)
	at org.littleshoot.proxy.impl.ProxyConnection.readHTTP(ProxyConnection.java:146)
	at org.littleshoot.proxy.impl.ProxyConnection.read(ProxyConnection.java:120)
	at org.littleshoot.proxy.impl.ProxyToServerConnection.read(ProxyToServerConnection.java:206)
	at org.littleshoot.proxy.impl.ProxyConnection.channelRead0(ProxyConnection.java:579)
	at io.netty.channel.SimpleChannelInboundHandler.channelRead(SimpleChannelInboundHandler.java:105)
	at io.netty.channel.AbstractChannelHandlerContext.invokeChannelRead(AbstractChannelHandlerContext.java:339)
	at io.netty.channel.AbstractChannelHandlerContext.fireChannelRead(AbstractChannelHandlerContext.java:324)
	at io.netty.handler.timeout.IdleStateHandler.channelRead(IdleStateHandler.java:254)
	at io.netty.channel.AbstractChannelHandlerContext.invokeChannelRead(AbstractChannelHandlerContext.java:339)
	at io.netty.channel.AbstractChannelHandlerContext.fireChannelRead(AbstractChannelHandlerContext.java:324)
	at io.netty.channel.ChannelInboundHandlerAdapter.channelRead(ChannelInboundHandlerAdapter.java:86)
	at org.littleshoot.proxy.impl.ProxyConnection$ResponseReadMonitor.channelRead(ProxyConnection.java:730)
	at io.netty.channel.AbstractChannelHandlerContext.invokeChannelRead(AbstractChannelHandlerContext.java:339)
	at io.netty.channel.AbstractChannelHandlerContext.fireChannelRead(AbstractChannelHandlerContext.java:324)
	at io.netty.handler.codec.ByteToMessageDecoder.channelRead(ByteToMessageDecoder.java:242)
	at io.netty.channel.AbstractChannelHandlerContext.invokeChannelRead(AbstractChannelHandlerContext.java:339)
	at io.netty.channel.AbstractChannelHandlerContext.fireChannelRead(AbstractChannelHandlerContext.java:324)
	at io.netty.channel.ChannelInboundHandlerAdapter.channelRead(ChannelInboundHandlerAdapter.java:86)
	at org.littleshoot.proxy.impl.ProxyConnection$BytesReadMonitor.channelRead(ProxyConnection.java:684)
	at io.netty.channel.AbstractChannelHandlerContext.invokeChannelRead(AbstractChannelHandlerContext.java:339)
	at io.netty.channel.AbstractChannelHandlerContext.fireChannelRead(AbstractChannelHandlerContext.java:324)
	at io.netty.channel.DefaultChannelPipeline.fireChannelRead(DefaultChannelPipeline.java:847)
	at io.netty.channel.nio.AbstractNioByteChannel$NioByteUnsafe.read(AbstractNioByteChannel.java:131)
	at io.netty.channel.nio.NioEventLoop.processSelectedKey(NioEventLoop.java:511)
	at io.netty.channel.nio.NioEventLoop.processSelectedKeysOptimized(NioEventLoop.java:468)
	at io.netty.channel.nio.NioEventLoop.processSelectedKeys(NioEventLoop.java:382)
	at io.netty.channel.nio.NioEventLoop.run(NioEventLoop.java:354)
	at io.netty.util.concurrent.SingleThreadEventExecutor$2.run(SingleThreadEventExecutor.java:111)
	at java.lang.Thread.run(Thread.java:745)
SLF4J: Failed toString() invocation on an object of type [io.netty.handler.codec.http.HttpObjectAggregator$AggregatedFullHttpRequest]
io.netty.util.IllegalReferenceCountException: refCnt: 0
	at io.netty.buffer.DefaultByteBufHolder.content(DefaultByteBufHolder.java:39)
	at io.netty.handler.codec.http.HttpMessageUtil.appendFullCommon(HttpMessageUtil.java:79)
	at io.netty.handler.codec.http.HttpMessageUtil.appendFullRequest(HttpMessageUtil.java:55)
	at io.netty.handler.codec.http.HttpObjectAggregator$AggregatedFullHttpRequest.toString(HttpObjectAggregator.java:415)
	at org.slf4j.helpers.MessageFormatter.safeObjectAppend(MessageFormatter.java:297)
	at org.slf4j.helpers.MessageFormatter.deeplyAppendParameter(MessageFormatter.java:269)
	at org.slf4j.helpers.MessageFormatter.arrayFormat(MessageFormatter.java:227)
	at org.littleshoot.proxy.impl.ProxyConnectionLogger$LocationAwareLogggerDispatch.doLog(ProxyConnectionLogger.java:178)
	at org.littleshoot.proxy.impl.ProxyConnectionLogger.debug(ProxyConnectionLogger.java:81)
	at org.littleshoot.proxy.impl.ClientToProxyConnection.shouldCloseClientConnection(ClientToProxyConnection.java:789)
	at org.littleshoot.proxy.impl.ClientToProxyConnection.closeConnectionsAfterWriteIfNecessary(ClientToProxyConnection.java:732)
	at org.littleshoot.proxy.impl.ClientToProxyConnection.respond(ClientToProxyConnection.java:408)
	at org.littleshoot.proxy.impl.ProxyToServerConnection.respondWith(ProxyToServerConnection.java:513)
	at org.littleshoot.proxy.impl.ProxyToServerConnection.readHTTPChunk(ProxyToServerConnection.java:229)
	at org.littleshoot.proxy.impl.ProxyConnection.readHTTP(ProxyConnection.java:146)
	at org.littleshoot.proxy.impl.ProxyConnection.read(ProxyConnection.java:120)
	at org.littleshoot.proxy.impl.ProxyToServerConnection.read(ProxyToServerConnection.java:206)
	at org.littleshoot.proxy.impl.ProxyConnection.channelRead0(ProxyConnection.java:579)
	at io.netty.channel.SimpleChannelInboundHandler.channelRead(SimpleChannelInboundHandler.java:105)
	at io.netty.channel.AbstractChannelHandlerContext.invokeChannelRead(AbstractChannelHandlerContext.java:339)
	at io.netty.channel.AbstractChannelHandlerContext.fireChannelRead(AbstractChannelHandlerContext.java:324)
	at io.netty.handler.timeout.IdleStateHandler.channelRead(IdleStateHandler.java:254)
	at io.netty.channel.AbstractChannelHandlerContext.invokeChannelRead(AbstractChannelHandlerContext.java:339)
	at io.netty.channel.AbstractChannelHandlerContext.fireChannelRead(AbstractChannelHandlerContext.java:324)
	at io.netty.channel.ChannelInboundHandlerAdapter.channelRead(ChannelInboundHandlerAdapter.java:86)
	at org.littleshoot.proxy.impl.ProxyConnection$ResponseReadMonitor.channelRead(ProxyConnection.java:730)
	at io.netty.channel.AbstractChannelHandlerContext.invokeChannelRead(AbstractChannelHandlerContext.java:339)
	at io.netty.channel.AbstractChannelHandlerContext.fireChannelRead(AbstractChannelHandlerContext.java:324)
	at io.netty.handler.codec.ByteToMessageDecoder.channelRead(ByteToMessageDecoder.java:242)
	at io.netty.channel.AbstractChannelHandlerContext.invokeChannelRead(AbstractChannelHandlerContext.java:339)
	at io.netty.channel.AbstractChannelHandlerContext.fireChannelRead(AbstractChannelHandlerContext.java:324)
	at io.netty.channel.ChannelInboundHandlerAdapter.channelRead(ChannelInboundHandlerAdapter.java:86)
	at org.littleshoot.proxy.impl.ProxyConnection$BytesReadMonitor.channelRead(ProxyConnection.java:684)
	at io.netty.channel.AbstractChannelHandlerContext.invokeChannelRead(AbstractChannelHandlerContext.java:339)
	at io.netty.channel.AbstractChannelHandlerContext.fireChannelRead(AbstractChannelHandlerContext.java:324)
	at io.netty.channel.DefaultChannelPipeline.fireChannelRead(DefaultChannelPipeline.java:847)
	at io.netty.channel.nio.AbstractNioByteChannel$NioByteUnsafe.read(AbstractNioByteChannel.java:131)
	at io.netty.channel.nio.NioEventLoop.processSelectedKey(NioEventLoop.java:511)
	at io.netty.channel.nio.NioEventLoop.processSelectedKeysOptimized(NioEventLoop.java:468)
	at io.netty.channel.nio.NioEventLoop.processSelectedKeys(NioEventLoop.java:382)
	at io.netty.channel.nio.NioEventLoop.run(NioEventLoop.java:354)
	at io.netty.util.concurrent.SingleThreadEventExecutor$2.run(SingleThreadEventExecutor.java:111)
	at java.lang.Thread.run(Thread.java:745)
SLF4J: Failed toString() invocation on an object of type [io.netty.handler.codec.http.HttpObjectAggregator$AggregatedFullHttpRequest]
io.netty.util.IllegalReferenceCountException: refCnt: 0
	at io.netty.buffer.DefaultByteBufHolder.content(DefaultByteBufHolder.java:39)
	at io.netty.handler.codec.http.HttpMessageUtil.appendFullCommon(HttpMessageUtil.java:79)
	at io.netty.handler.codec.http.HttpMessageUtil.appendFullRequest(HttpMessageUtil.java:55)
	at io.netty.handler.codec.http.HttpObjectAggregator$AggregatedFullHttpRequest.toString(HttpObjectAggregator.java:415)
	at org.slf4j.helpers.MessageFormatter.safeObjectAppend(MessageFormatter.java:297)
	at org.slf4j.helpers.MessageFormatter.deeplyAppendParameter(MessageFormatter.java:269)
	at org.slf4j.helpers.MessageFormatter.arrayFormat(MessageFormatter.java:227)
	at org.littleshoot.proxy.impl.ProxyConnectionLogger$LocationAwareLogggerDispatch.doLog(ProxyConnectionLogger.java:178)
	at org.littleshoot.proxy.impl.ProxyConnectionLogger.debug(ProxyConnectionLogger.java:81)
	at org.littleshoot.proxy.impl.ClientToProxyConnection.shouldCloseClientConnection(ClientToProxyConnection.java:789)
	at org.littleshoot.proxy.impl.ClientToProxyConnection.closeConnectionsAfterWriteIfNecessary(ClientToProxyConnection.java:732)
	at org.littleshoot.proxy.impl.ClientToProxyConnection.respond(ClientToProxyConnection.java:408)
	at org.littleshoot.proxy.impl.ProxyToServerConnection.respondWith(ProxyToServerConnection.java:513)
	at org.littleshoot.proxy.impl.ProxyToServerConnection.readHTTPChunk(ProxyToServerConnection.java:229)
	at org.littleshoot.proxy.impl.ProxyConnection.readHTTP(ProxyConnection.java:146)
	at org.littleshoot.proxy.impl.ProxyConnection.read(ProxyConnection.java:120)
	at org.littleshoot.proxy.impl.ProxyToServerConnection.read(ProxyToServerConnection.java:206)
	at org.littleshoot.proxy.impl.ProxyConnection.channelRead0(ProxyConnection.java:579)
	at io.netty.channel.SimpleChannelInboundHandler.channelRead(SimpleChannelInboundHandler.java:105)
	at io.netty.channel.AbstractChannelHandlerContext.invokeChannelRead(AbstractChannelHandlerContext.java:339)
	at io.netty.channel.AbstractChannelHandlerContext.fireChannelRead(AbstractChannelHandlerContext.java:324)
	at io.netty.handler.timeout.IdleStateHandler.channelRead(IdleStateHandler.java:254)
	at io.netty.channel.AbstractChannelHandlerContext.invokeChannelRead(AbstractChannelHandlerContext.java:339)
	at io.netty.channel.AbstractChannelHandlerContext.fireChannelRead(AbstractChannelHandlerContext.java:324)
	at io.netty.channel.ChannelInboundHandlerAdapter.channelRead(ChannelInboundHandlerAdapter.java:86)
	at org.littleshoot.proxy.impl.ProxyConnection$ResponseReadMonitor.channelRead(ProxyConnection.java:730)
	at io.netty.channel.AbstractChannelHandlerContext.invokeChannelRead(AbstractChannelHandlerContext.java:339)
	at io.netty.channel.AbstractChannelHandlerContext.fireChannelRead(AbstractChannelHandlerContext.java:324)
	at io.netty.handler.codec.ByteToMessageDecoder.channelRead(ByteToMessageDecoder.java:242)
	at io.netty.channel.AbstractChannelHandlerContext.invokeChannelRead(AbstractChannelHandlerContext.java:339)
	at io.netty.channel.AbstractChannelHandlerContext.fireChannelRead(AbstractChannelHandlerContext.java:324)
	at io.netty.channel.ChannelInboundHandlerAdapter.channelRead(ChannelInboundHandlerAdapter.java:86)
	at org.littleshoot.proxy.impl.ProxyConnection$BytesReadMonitor.channelRead(ProxyConnection.java:684)
	at io.netty.channel.AbstractChannelHandlerContext.invokeChannelRead(AbstractChannelHandlerContext.java:339)
	at io.netty.channel.AbstractChannelHandlerContext.fireChannelRead(AbstractChannelHandlerContext.java:324)
	at io.netty.channel.DefaultChannelPipeline.fireChannelRead(DefaultChannelPipeline.java:847)
	at io.netty.channel.nio.AbstractNioByteChannel$NioByteUnsafe.read(AbstractNioByteChannel.java:131)
	at io.netty.channel.nio.NioEventLoop.processSelectedKey(NioEventLoop.java:511)
	at io.netty.channel.nio.NioEventLoop.processSelectedKeysOptimized(NioEventLoop.java:468)
	at io.netty.channel.nio.NioEventLoop.processSelectedKeys(NioEventLoop.java:382)
	at io.netty.channel.nio.NioEventLoop.run(NioEventLoop.java:354)
	at io.netty.util.concurrent.SingleThreadEventExecutor$2.run(SingleThreadEventExecutor.java:111)
	at java.lang.Thread.run(Thread.java:745)
SLF4J: Failed toString() invocation on an object of type [io.netty.handler.codec.http.HttpObjectAggregator$AggregatedFullHttpRequest]
io.netty.util.IllegalReferenceCountException: refCnt: 0
	at io.netty.buffer.DefaultByteBufHolder.content(DefaultByteBufHolder.java:39)
	at io.netty.handler.codec.http.HttpMessageUtil.appendFullCommon(HttpMessageUtil.java:79)
	at io.netty.handler.codec.http.HttpMessageUtil.appendFullRequest(HttpMessageUtil.java:55)
	at io.netty.handler.codec.http.HttpObjectAggregator$AggregatedFullHttpRequest.toString(HttpObjectAggregator.java:415)
	at org.slf4j.helpers.MessageFormatter.safeObjectAppend(MessageFormatter.java:297)
	at org.slf4j.helpers.MessageFormatter.deeplyAppendParameter(MessageFormatter.java:269)
	at org.slf4j.helpers.MessageFormatter.arrayFormat(MessageFormatter.java:227)
	at org.littleshoot.proxy.impl.ProxyConnectionLogger$LocationAwareLogggerDispatch.doLog(ProxyConnectionLogger.java:178)
	at org.littleshoot.proxy.impl.ProxyConnectionLogger.debug(ProxyConnectionLogger.java:81)
	at org.littleshoot.proxy.impl.ClientToProxyConnection.shouldCloseClientConnection(ClientToProxyConnection.java:789)
	at org.littleshoot.proxy.impl.ClientToProxyConnection.closeConnectionsAfterWriteIfNecessary(ClientToProxyConnection.java:732)
	at org.littleshoot.proxy.impl.ClientToProxyConnection.respond(ClientToProxyConnection.java:408)
	at org.littleshoot.proxy.impl.ProxyToServerConnection.respondWith(ProxyToServerConnection.java:513)
	at org.littleshoot.proxy.impl.ProxyToServerConnection.readHTTPChunk(ProxyToServerConnection.java:229)
	at org.littleshoot.proxy.impl.ProxyConnection.readHTTP(ProxyConnection.java:146)
	at org.littleshoot.proxy.impl.ProxyConnection.read(ProxyConnection.java:120)
	at org.littleshoot.proxy.impl.ProxyToServerConnection.read(ProxyToServerConnection.java:206)
	at org.littleshoot.proxy.impl.ProxyConnection.channelRead0(ProxyConnection.java:579)
	at io.netty.channel.SimpleChannelInboundHandler.channelRead(SimpleChannelInboundHandler.java:105)
	at io.netty.channel.AbstractChannelHandlerContext.invokeChannelRead(AbstractChannelHandlerContext.java:339)
	at io.netty.channel.AbstractChannelHandlerContext.fireChannelRead(AbstractChannelHandlerContext.java:324)
	at io.netty.handler.timeout.IdleStateHandler.channelRead(IdleStateHandler.java:254)
	at io.netty.channel.AbstractChannelHandlerContext.invokeChannelRead(AbstractChannelHandlerContext.java:339)
	at io.netty.channel.AbstractChannelHandlerContext.fireChannelRead(AbstractChannelHandlerContext.java:324)
	at io.netty.channel.ChannelInboundHandlerAdapter.channelRead(ChannelInboundHandlerAdapter.java:86)
	at org.littleshoot.proxy.impl.ProxyConnection$ResponseReadMonitor.channelRead(ProxyConnection.java:730)
	at io.netty.channel.AbstractChannelHandlerContext.invokeChannelRead(AbstractChannelHandlerContext.java:339)
	at io.netty.channel.AbstractChannelHandlerContext.fireChannelRead(AbstractChannelHandlerContext.java:324)
	at io.netty.handler.codec.ByteToMessageDecoder.channelRead(ByteToMessageDecoder.java:242)
	at io.netty.channel.AbstractChannelHandlerContext.invokeChannelRead(AbstractChannelHandlerContext.java:339)
	at io.netty.channel.AbstractChannelHandlerContext.fireChannelRead(AbstractChannelHandlerContext.java:324)
	at io.netty.channel.ChannelInboundHandlerAdapter.channelRead(ChannelInboundHandlerAdapter.java:86)
	at org.littleshoot.proxy.impl.ProxyConnection$BytesReadMonitor.channelRead(ProxyConnection.java:684)
	at io.netty.channel.AbstractChannelHandlerContext.invokeChannelRead(AbstractChannelHandlerContext.java:339)
	at io.netty.channel.AbstractChannelHandlerContext.fireChannelRead(AbstractChannelHandlerContext.java:324)
	at io.netty.channel.DefaultChannelPipeline.fireChannelRead(DefaultChannelPipeline.java:847)
	at io.netty.channel.nio.AbstractNioByteChannel$NioByteUnsafe.read(AbstractNioByteChannel.java:131)
	at io.netty.channel.nio.NioEventLoop.processSelectedKey(NioEventLoop.java:511)
	at io.netty.channel.nio.NioEventLoop.processSelectedKeysOptimized(NioEventLoop.java:468)
	at io.netty.channel.nio.NioEventLoop.processSelectedKeys(NioEventLoop.java:382)
	at io.netty.channel.nio.NioEventLoop.run(NioEventLoop.java:354)
	at io.netty.util.concurrent.SingleThreadEventExecutor$2.run(SingleThreadEventExecutor.java:111)
	at java.lang.Thread.run(Thread.java:745)
SLF4J: Failed toString() invocation on an object of type [io.netty.handler.codec.http.HttpObjectAggregator$AggregatedFullHttpRequest]
io.netty.util.IllegalReferenceCountException: refCnt: 0
	at io.netty.buffer.DefaultByteBufHolder.content(DefaultByteBufHolder.java:39)
	at io.netty.handler.codec.http.HttpMessageUtil.appendFullCommon(HttpMessageUtil.java:79)
	at io.netty.handler.codec.http.HttpMessageUtil.appendFullRequest(HttpMessageUtil.java:55)
	at io.netty.handler.codec.http.HttpObjectAggregator$AggregatedFullHttpRequest.toString(HttpObjectAggregator.java:415)
	at org.slf4j.helpers.MessageFormatter.safeObjectAppend(MessageFormatter.java:297)
	at org.slf4j.helpers.MessageFormatter.deeplyAppendParameter(MessageFormatter.java:269)
	at org.slf4j.helpers.MessageFormatter.arrayFormat(MessageFormatter.java:227)
	at org.littleshoot.proxy.impl.ProxyConnectionLogger$LocationAwareLogggerDispatch.doLog(ProxyConnectionLogger.java:178)
	at org.littleshoot.proxy.impl.ProxyConnectionLogger.debug(ProxyConnectionLogger.java:81)
	at org.littleshoot.proxy.impl.ClientToProxyConnection.shouldCloseClientConnection(ClientToProxyConnection.java:789)
	at org.littleshoot.proxy.impl.ClientToProxyConnection.closeConnectionsAfterWriteIfNecessary(ClientToProxyConnection.java:732)
	at org.littleshoot.proxy.impl.ClientToProxyConnection.respond(ClientToProxyConnection.java:408)
	at org.littleshoot.proxy.impl.ProxyToServerConnection.respondWith(ProxyToServerConnection.java:513)
	at org.littleshoot.proxy.impl.ProxyToServerConnection.readHTTPChunk(ProxyToServerConnection.java:229)
	at org.littleshoot.proxy.impl.ProxyConnection.readHTTP(ProxyConnection.java:146)
	at org.littleshoot.proxy.impl.ProxyConnection.read(ProxyConnection.java:120)
	at org.littleshoot.proxy.impl.ProxyToServerConnection.read(ProxyToServerConnection.java:206)
	at org.littleshoot.proxy.impl.ProxyConnection.channelRead0(ProxyConnection.java:579)
	at io.netty.channel.SimpleChannelInboundHandler.channelRead(SimpleChannelInboundHandler.java:105)
	at io.netty.channel.AbstractChannelHandlerContext.invokeChannelRead(AbstractChannelHandlerContext.java:339)
	at io.netty.channel.AbstractChannelHandlerContext.fireChannelRead(AbstractChannelHandlerContext.java:324)
	at io.netty.handler.timeout.IdleStateHandler.channelRead(IdleStateHandler.java:254)
	at io.netty.channel.AbstractChannelHandlerContext.invokeChannelRead(AbstractChannelHandlerContext.java:339)
	at io.netty.channel.AbstractChannelHandlerContext.fireChannelRead(AbstractChannelHandlerContext.java:324)
	at io.netty.channel.ChannelInboundHandlerAdapter.channelRead(ChannelInboundHandlerAdapter.java:86)
	at org.littleshoot.proxy.impl.ProxyConnection$ResponseReadMonitor.channelRead(ProxyConnection.java:730)
	at io.netty.channel.AbstractChannelHandlerContext.invokeChannelRead(AbstractChannelHandlerContext.java:339)
	at io.netty.channel.AbstractChannelHandlerContext.fireChannelRead(AbstractChannelHandlerContext.java:324)
	at io.netty.handler.codec.ByteToMessageDecoder.channelRead(ByteToMessageDecoder.java:242)
	at io.netty.channel.AbstractChannelHandlerContext.invokeChannelRead(AbstractChannelHandlerContext.java:339)
	at io.netty.channel.AbstractChannelHandlerContext.fireChannelRead(AbstractChannelHandlerContext.java:324)
	at io.netty.channel.ChannelInboundHandlerAdapter.channelRead(ChannelInboundHandlerAdapter.java:86)
	at org.littleshoot.proxy.impl.ProxyConnection$BytesReadMonitor.channelRead(ProxyConnection.java:684)
	at io.netty.channel.AbstractChannelHandlerContext.invokeChannelRead(AbstractChannelHandlerContext.java:339)
	at io.netty.channel.AbstractChannelHandlerContext.fireChannelRead(AbstractChannelHandlerContext.java:324)
	at io.netty.channel.DefaultChannelPipeline.fireChannelRead(DefaultChannelPipeline.java:847)
	at io.netty.channel.nio.AbstractNioByteChannel$NioByteUnsafe.read(AbstractNioByteChannel.java:131)
	at io.netty.channel.nio.NioEventLoop.processSelectedKey(NioEventLoop.java:511)
	at io.netty.channel.nio.NioEventLoop.processSelectedKeysOptimized(NioEventLoop.java:468)
	at io.netty.channel.nio.NioEventLoop.processSelectedKeys(NioEventLoop.java:382)
	at io.netty.channel.nio.NioEventLoop.run(NioEventLoop.java:354)
	at io.netty.util.concurrent.SingleThreadEventExecutor$2.run(SingleThreadEventExecutor.java:111)
	at java.lang.Thread.run(Thread.java:745)
SLF4J: Failed toString() invocation on an object of type [io.netty.handler.codec.http.HttpObjectAggregator$AggregatedFullHttpRequest]
io.netty.util.IllegalReferenceCountException: refCnt: 0
	at io.netty.buffer.DefaultByteBufHolder.content(DefaultByteBufHolder.java:39)
	at io.netty.handler.codec.http.HttpMessageUtil.appendFullCommon(HttpMessageUtil.java:79)
	at io.netty.handler.codec.http.HttpMessageUtil.appendFullRequest(HttpMessageUtil.java:55)
	at io.netty.handler.codec.http.HttpObjectAggregator$AggregatedFullHttpRequest.toString(HttpObjectAggregator.java:415)
	at org.slf4j.helpers.MessageFormatter.safeObjectAppend(MessageFormatter.java:297)
	at org.slf4j.helpers.MessageFormatter.deeplyAppendParameter(MessageFormatter.java:269)
	at org.slf4j.helpers.MessageFormatter.arrayFormat(MessageFormatter.java:227)
	at org.littleshoot.proxy.impl.ProxyConnectionLogger$LocationAwareLogggerDispatch.doLog(ProxyConnectionLogger.java:178)
	at org.littleshoot.proxy.impl.ProxyConnectionLogger.debug(ProxyConnectionLogger.java:81)
	at org.littleshoot.proxy.impl.ClientToProxyConnection.shouldCloseClientConnection(ClientToProxyConnection.java:789)
	at org.littleshoot.proxy.impl.ClientToProxyConnection.closeConnectionsAfterWriteIfNecessary(ClientToProxyConnection.java:732)
	at org.littleshoot.proxy.impl.ClientToProxyConnection.respond(ClientToProxyConnection.java:408)
	at org.littleshoot.proxy.impl.ProxyToServerConnection.respondWith(ProxyToServerConnection.java:513)
	at org.littleshoot.proxy.impl.ProxyToServerConnection.readHTTPChunk(ProxyToServerConnection.java:229)
	at org.littleshoot.proxy.impl.ProxyConnection.readHTTP(ProxyConnection.java:146)
	at org.littleshoot.proxy.impl.ProxyConnection.read(ProxyConnection.java:120)
	at org.littleshoot.proxy.impl.ProxyToServerConnection.read(ProxyToServerConnection.java:206)
	at org.littleshoot.proxy.impl.ProxyConnection.channelRead0(ProxyConnection.java:579)
	at io.netty.channel.SimpleChannelInboundHandler.channelRead(SimpleChannelInboundHandler.java:105)
	at io.netty.channel.AbstractChannelHandlerContext.invokeChannelRead(AbstractChannelHandlerContext.java:339)
	at io.netty.channel.AbstractChannelHandlerContext.fireChannelRead(AbstractChannelHandlerContext.java:324)
	at io.netty.handler.timeout.IdleStateHandler.channelRead(IdleStateHandler.java:254)
	at io.netty.channel.AbstractChannelHandlerContext.invokeChannelRead(AbstractChannelHandlerContext.java:339)
	at io.netty.channel.AbstractChannelHandlerContext.fireChannelRead(AbstractChannelHandlerContext.java:324)
	at io.netty.channel.ChannelInboundHandlerAdapter.channelRead(ChannelInboundHandlerAdapter.java:86)
	at org.littleshoot.proxy.impl.ProxyConnection$ResponseReadMonitor.channelRead(ProxyConnection.java:730)
	at io.netty.channel.AbstractChannelHandlerContext.invokeChannelRead(AbstractChannelHandlerContext.java:339)
	at io.netty.channel.AbstractChannelHandlerContext.fireChannelRead(AbstractChannelHandlerContext.java:324)
	at io.netty.handler.codec.ByteToMessageDecoder.channelRead(ByteToMessageDecoder.java:242)
	at io.netty.channel.AbstractChannelHandlerContext.invokeChannelRead(AbstractChannelHandlerContext.java:339)
	at io.netty.channel.AbstractChannelHandlerContext.fireChannelRead(AbstractChannelHandlerContext.java:324)
	at io.netty.channel.ChannelInboundHandlerAdapter.channelRead(ChannelInboundHandlerAdapter.java:86)
	at org.littleshoot.proxy.impl.ProxyConnection$BytesReadMonitor.channelRead(ProxyConnection.java:684)
	at io.netty.channel.AbstractChannelHandlerContext.invokeChannelRead(AbstractChannelHandlerContext.java:339)
	at io.netty.channel.AbstractChannelHandlerContext.fireChannelRead(AbstractChannelHandlerContext.java:324)
	at io.netty.channel.DefaultChannelPipeline.fireChannelRead(DefaultChannelPipeline.java:847)
	at io.netty.channel.nio.AbstractNioByteChannel$NioByteUnsafe.read(AbstractNioByteChannel.java:131)
	at io.netty.channel.nio.NioEventLoop.processSelectedKey(NioEventLoop.java:511)
	at io.netty.channel.nio.NioEventLoop.processSelectedKeysOptimized(NioEventLoop.java:468)
	at io.netty.channel.nio.NioEventLoop.processSelectedKeys(NioEventLoop.java:382)
	at io.netty.channel.nio.NioEventLoop.run(NioEventLoop.java:354)
	at io.netty.util.concurrent.SingleThreadEventExecutor$2.run(SingleThreadEventExecutor.java:111)
	at java.lang.Thread.run(Thread.java:745)
SLF4J: Failed toString() invocation on an object of type [io.netty.handler.codec.http.HttpObjectAggregator$AggregatedFullHttpRequest]
io.netty.util.IllegalReferenceCountException: refCnt: 0
	at io.netty.buffer.DefaultByteBufHolder.content(DefaultByteBufHolder.java:39)
	at io.netty.handler.codec.http.HttpMessageUtil.appendFullCommon(HttpMessageUtil.java:79)
	at io.netty.handler.codec.http.HttpMessageUtil.appendFullRequest(HttpMessageUtil.java:55)
	at io.netty.handler.codec.http.HttpObjectAggregator$AggregatedFullHttpRequest.toString(HttpObjectAggregator.java:415)
	at org.slf4j.helpers.MessageFormatter.safeObjectAppend(MessageFormatter.java:297)
	at org.slf4j.helpers.MessageFormatter.deeplyAppendParameter(MessageFormatter.java:269)
	at org.slf4j.helpers.MessageFormatter.arrayFormat(MessageFormatter.java:227)
	at org.littleshoot.proxy.impl.ProxyConnectionLogger$LocationAwareLogggerDispatch.doLog(ProxyConnectionLogger.java:178)
	at org.littleshoot.proxy.impl.ProxyConnectionLogger.debug(ProxyConnectionLogger.java:81)
	at org.littleshoot.proxy.impl.ClientToProxyConnection.shouldCloseClientConnection(ClientToProxyConnection.java:789)
	at org.littleshoot.proxy.impl.ClientToProxyConnection.closeConnectionsAfterWriteIfNecessary(ClientToProxyConnection.java:732)
	at org.littleshoot.proxy.impl.ClientToProxyConnection.respond(ClientToProxyConnection.java:408)
	at org.littleshoot.proxy.impl.ProxyToServerConnection.respondWith(ProxyToServerConnection.java:513)
	at org.littleshoot.proxy.impl.ProxyToServerConnection.readHTTPChunk(ProxyToServerConnection.java:229)
	at org.littleshoot.proxy.impl.ProxyConnection.readHTTP(ProxyConnection.java:146)
	at org.littleshoot.proxy.impl.ProxyConnection.read(ProxyConnection.java:120)
	at org.littleshoot.proxy.impl.ProxyToServerConnection.read(ProxyToServerConnection.java:206)
	at org.littleshoot.proxy.impl.ProxyConnection.channelRead0(ProxyConnection.java:579)
	at io.netty.channel.SimpleChannelInboundHandler.channelRead(SimpleChannelInboundHandler.java:105)
	at io.netty.channel.AbstractChannelHandlerContext.invokeChannelRead(AbstractChannelHandlerContext.java:339)
	at io.netty.channel.AbstractChannelHandlerContext.fireChannelRead(AbstractChannelHandlerContext.java:324)
	at io.netty.handler.timeout.IdleStateHandler.channelRead(IdleStateHandler.java:254)
	at io.netty.channel.AbstractChannelHandlerContext.invokeChannelRead(AbstractChannelHandlerContext.java:339)
	at io.netty.channel.AbstractChannelHandlerContext.fireChannelRead(AbstractChannelHandlerContext.java:324)
	at io.netty.channel.ChannelInboundHandlerAdapter.channelRead(ChannelInboundHandlerAdapter.java:86)
	at org.littleshoot.proxy.impl.ProxyConnection$ResponseReadMonitor.channelRead(ProxyConnection.java:730)
	at io.netty.channel.AbstractChannelHandlerContext.invokeChannelRead(AbstractChannelHandlerContext.java:339)
	at io.netty.channel.AbstractChannelHandlerContext.fireChannelRead(AbstractChannelHandlerContext.java:324)
	at io.netty.handler.codec.ByteToMessageDecoder.channelRead(ByteToMessageDecoder.java:242)
	at io.netty.channel.AbstractChannelHandlerContext.invokeChannelRead(AbstractChannelHandlerContext.java:339)
	at io.netty.channel.AbstractChannelHandlerContext.fireChannelRead(AbstractChannelHandlerContext.java:324)
	at io.netty.channel.ChannelInboundHandlerAdapter.channelRead(ChannelInboundHandlerAdapter.java:86)
	at org.littleshoot.proxy.impl.ProxyConnection$BytesReadMonitor.channelRead(ProxyConnection.java:684)
	at io.netty.channel.AbstractChannelHandlerContext.invokeChannelRead(AbstractChannelHandlerContext.java:339)
	at io.netty.channel.AbstractChannelHandlerContext.fireChannelRead(AbstractChannelHandlerContext.java:324)
	at io.netty.channel.DefaultChannelPipeline.fireChannelRead(DefaultChannelPipeline.java:847)
	at io.netty.channel.nio.AbstractNioByteChannel$NioByteUnsafe.read(AbstractNioByteChannel.java:131)
	at io.netty.channel.nio.NioEventLoop.processSelectedKey(NioEventLoop.java:511)
	at io.netty.channel.nio.NioEventLoop.processSelectedKeysOptimized(NioEventLoop.java:468)
	at io.netty.channel.nio.NioEventLoop.processSelectedKeys(NioEventLoop.java:382)
	at io.netty.channel.nio.NioEventLoop.run(NioEventLoop.java:354)
	at io.netty.util.concurrent.SingleThreadEventExecutor$2.run(SingleThreadEventExecutor.java:111)
	at java.lang.Thread.run(Thread.java:745)
]]></system-err>
</testsuite>
