<?xml version="1.0" encoding="UTF-8"?>
<testsuite name="Scenario: Check that the Promo Code has the create voucher button" tests="8" skipped="0" failures="0" errors="0" timestamp="2015-07-29T09:43:47" hostname="jov-HP-Z220-CMT-Workstation" time="9.135">
  <properties/>
  <testcase name="Given I go to the Home page" classname="Scenario: Check that the Promo Code has the create voucher button" time="0.0"/>
  <testcase name="And I go to the campaign &quot;Promo Code Cancel Campaign&quot;" classname="Scenario: Check that the Promo Code has the create voucher button" time="0.0"/>
  <testcase name="And I click on the Show Add Promo Code Vouchers link" classname="Scenario: Check that the Promo Code has the create voucher button" time="0.001"/>
  <testcase name="When I enter the values" classname="Scenario: Check that the Promo Code has the create voucher button" time="0.001"/>
  <testcase name="And I click the Add Promo Code to Campaign button" classname="Scenario: Check that the Promo Code has the create voucher button" time="0.0"/>
  <testcase name="And I go to the url &quot;#/voucher/CANCOL&quot;" classname="Scenario: Check that the Promo Code has the create voucher button" time="0.0"/>
  <testcase name="And the Cancel Voucher button is displayed" classname="Scenario: Check that the Promo Code has the create voucher button" time="0.0"/>
  <testcase name="classMethod" classname="Scenario: Check that the Promo Code has the create voucher button" time="10.674"/>
  <system-out><![CDATA[10:43:46.070 [Test worker] DEBUG o.s.b.f.s.DefaultListableBeanFactory - Creating instance of bean 'com.nowtv.pav.test.steps.GenericSteps'
10:43:46.071 [Test worker] DEBUG o.s.b.f.s.DefaultListableBeanFactory - Finished creating instance of bean 'com.nowtv.pav.test.steps.GenericSteps'
10:43:46.071 [Forwarding maximizeWindow on session 5e9977749cf8e028abefff19f425d7c0 to remote] DEBUG o.a.h.c.protocol.RequestAddCookies - CookieSpec selected: best-match
10:43:46.072 [Forwarding maximizeWindow on session 5e9977749cf8e028abefff19f425d7c0 to remote] DEBUG o.a.h.c.protocol.RequestAuthCache - Auth cache not set in the context
10:43:46.072 [Forwarding maximizeWindow on session 5e9977749cf8e028abefff19f425d7c0 to remote] DEBUG o.a.h.i.c.PoolingHttpClientConnectionManager - Connection request: [route: {}->http://localhost:13906][total kept alive: 0; route allocated: 0 of 2000; total allocated: 0 of 2000]
10:43:46.072 [Forwarding maximizeWindow on session 5e9977749cf8e028abefff19f425d7c0 to remote] DEBUG o.a.h.i.c.PoolingHttpClientConnectionManager - Connection leased: [id: 8][route: {}->http://localhost:13906][total kept alive: 0; route allocated: 1 of 2000; total allocated: 1 of 2000]
10:43:46.072 [Forwarding maximizeWindow on session 5e9977749cf8e028abefff19f425d7c0 to remote] DEBUG o.a.h.impl.execchain.MainClientExec - Opening connection {}->http://localhost:13906
10:43:46.072 [Forwarding maximizeWindow on session 5e9977749cf8e028abefff19f425d7c0 to remote] DEBUG o.a.h.i.c.HttpClientConnectionOperator - Connecting to localhost/127.0.0.1:13906
10:43:46.072 [Forwarding maximizeWindow on session 5e9977749cf8e028abefff19f425d7c0 to remote] DEBUG o.a.h.i.c.HttpClientConnectionOperator - Connection established 127.0.0.1:34707<->127.0.0.1:13906
10:43:46.072 [Forwarding maximizeWindow on session 5e9977749cf8e028abefff19f425d7c0 to remote] DEBUG o.a.h.impl.execchain.MainClientExec - Executing request POST /session/5e9977749cf8e028abefff19f425d7c0/window/current/maximize HTTP/1.1
10:43:46.072 [Forwarding maximizeWindow on session 5e9977749cf8e028abefff19f425d7c0 to remote] DEBUG o.a.h.impl.execchain.MainClientExec - Target auth state: UNCHALLENGED
10:43:46.073 [Forwarding maximizeWindow on session 5e9977749cf8e028abefff19f425d7c0 to remote] DEBUG o.a.h.impl.execchain.MainClientExec - Proxy auth state: UNCHALLENGED
10:43:46.073 [Forwarding maximizeWindow on session 5e9977749cf8e028abefff19f425d7c0 to remote] DEBUG org.apache.http.headers - http-outgoing-8 >> POST /session/5e9977749cf8e028abefff19f425d7c0/window/current/maximize HTTP/1.1
10:43:46.073 [Forwarding maximizeWindow on session 5e9977749cf8e028abefff19f425d7c0 to remote] DEBUG org.apache.http.headers - http-outgoing-8 >> Content-Type: application/json; charset=utf-8
10:43:46.073 [Forwarding maximizeWindow on session 5e9977749cf8e028abefff19f425d7c0 to remote] DEBUG org.apache.http.headers - http-outgoing-8 >> Content-Length: 26
10:43:46.073 [Forwarding maximizeWindow on session 5e9977749cf8e028abefff19f425d7c0 to remote] DEBUG org.apache.http.headers - http-outgoing-8 >> Host: localhost:13906
10:43:46.073 [Forwarding maximizeWindow on session 5e9977749cf8e028abefff19f425d7c0 to remote] DEBUG org.apache.http.headers - http-outgoing-8 >> Connection: Keep-Alive
10:43:46.073 [Forwarding maximizeWindow on session 5e9977749cf8e028abefff19f425d7c0 to remote] DEBUG org.apache.http.headers - http-outgoing-8 >> User-Agent: Apache-HttpClient/4.3.4 (java 1.5)
10:43:46.073 [Forwarding maximizeWindow on session 5e9977749cf8e028abefff19f425d7c0 to remote] DEBUG org.apache.http.headers - http-outgoing-8 >> Accept-Encoding: gzip,deflate
10:43:46.073 [Forwarding maximizeWindow on session 5e9977749cf8e028abefff19f425d7c0 to remote] DEBUG org.apache.http.wire - http-outgoing-8 >> "POST /session/5e9977749cf8e028abefff19f425d7c0/window/current/maximize HTTP/1.1[\r][\n]"
10:43:46.073 [Forwarding maximizeWindow on session 5e9977749cf8e028abefff19f425d7c0 to remote] DEBUG org.apache.http.wire - http-outgoing-8 >> "Content-Type: application/json; charset=utf-8[\r][\n]"
10:43:46.073 [Forwarding maximizeWindow on session 5e9977749cf8e028abefff19f425d7c0 to remote] DEBUG org.apache.http.wire - http-outgoing-8 >> "Content-Length: 26[\r][\n]"
10:43:46.073 [Forwarding maximizeWindow on session 5e9977749cf8e028abefff19f425d7c0 to remote] DEBUG org.apache.http.wire - http-outgoing-8 >> "Host: localhost:13906[\r][\n]"
10:43:46.073 [Forwarding maximizeWindow on session 5e9977749cf8e028abefff19f425d7c0 to remote] DEBUG org.apache.http.wire - http-outgoing-8 >> "Connection: Keep-Alive[\r][\n]"
10:43:46.073 [Forwarding maximizeWindow on session 5e9977749cf8e028abefff19f425d7c0 to remote] DEBUG org.apache.http.wire - http-outgoing-8 >> "User-Agent: Apache-HttpClient/4.3.4 (java 1.5)[\r][\n]"
10:43:46.073 [Forwarding maximizeWindow on session 5e9977749cf8e028abefff19f425d7c0 to remote] DEBUG org.apache.http.wire - http-outgoing-8 >> "Accept-Encoding: gzip,deflate[\r][\n]"
10:43:46.073 [Forwarding maximizeWindow on session 5e9977749cf8e028abefff19f425d7c0 to remote] DEBUG org.apache.http.wire - http-outgoing-8 >> "[\r][\n]"
10:43:46.073 [Forwarding maximizeWindow on session 5e9977749cf8e028abefff19f425d7c0 to remote] DEBUG org.apache.http.wire - http-outgoing-8 >> "{"windowHandle":"current"}"
10:43:46.182 [Forwarding maximizeWindow on session 5e9977749cf8e028abefff19f425d7c0 to remote] DEBUG org.apache.http.wire - http-outgoing-8 << "HTTP/1.1 200 OK[\r][\n]"
10:43:46.182 [Forwarding maximizeWindow on session 5e9977749cf8e028abefff19f425d7c0 to remote] DEBUG org.apache.http.wire - http-outgoing-8 << "Content-Length:72[\r][\n]"
10:43:46.182 [Forwarding maximizeWindow on session 5e9977749cf8e028abefff19f425d7c0 to remote] DEBUG org.apache.http.wire - http-outgoing-8 << "Content-Type:application/json; charset=utf-8[\r][\n]"
10:43:46.182 [Forwarding maximizeWindow on session 5e9977749cf8e028abefff19f425d7c0 to remote] DEBUG org.apache.http.wire - http-outgoing-8 << "Connection:close[\r][\n]"
10:43:46.182 [Forwarding maximizeWindow on session 5e9977749cf8e028abefff19f425d7c0 to remote] DEBUG org.apache.http.wire - http-outgoing-8 << "[\r][\n]"
10:43:46.182 [Forwarding maximizeWindow on session 5e9977749cf8e028abefff19f425d7c0 to remote] DEBUG org.apache.http.wire - http-outgoing-8 << "{"sessionId":"5e9977749cf8e028abefff19f425d7c0","status":0,"value":null}"
10:43:46.183 [Forwarding maximizeWindow on session 5e9977749cf8e028abefff19f425d7c0 to remote] DEBUG org.apache.http.headers - http-outgoing-8 << HTTP/1.1 200 OK
10:43:46.183 [Forwarding maximizeWindow on session 5e9977749cf8e028abefff19f425d7c0 to remote] DEBUG org.apache.http.headers - http-outgoing-8 << Content-Length:72
10:43:46.183 [Forwarding maximizeWindow on session 5e9977749cf8e028abefff19f425d7c0 to remote] DEBUG org.apache.http.headers - http-outgoing-8 << Content-Type:application/json; charset=utf-8
10:43:46.183 [Forwarding maximizeWindow on session 5e9977749cf8e028abefff19f425d7c0 to remote] DEBUG org.apache.http.headers - http-outgoing-8 << Connection:close
10:43:46.183 [Forwarding maximizeWindow on session 5e9977749cf8e028abefff19f425d7c0 to remote] DEBUG o.a.h.i.c.DefaultManagedHttpClientConnection - http-outgoing-8: Shutdown connection
10:43:46.183 [Forwarding maximizeWindow on session 5e9977749cf8e028abefff19f425d7c0 to remote] DEBUG o.a.h.impl.execchain.MainClientExec - Connection discarded
10:43:46.183 [Forwarding maximizeWindow on session 5e9977749cf8e028abefff19f425d7c0 to remote] DEBUG o.a.h.i.c.DefaultManagedHttpClientConnection - http-outgoing-8: Close connection
10:43:46.183 [Forwarding maximizeWindow on session 5e9977749cf8e028abefff19f425d7c0 to remote] DEBUG o.a.h.i.c.PoolingHttpClientConnectionManager - Connection released: [id: 8][route: {}->http://localhost:13906][total kept alive: 0; route allocated: 0 of 2000; total allocated: 0 of 2000]
10:43:46.185 [Forwarding get on session 5e9977749cf8e028abefff19f425d7c0 to remote] DEBUG o.a.h.c.protocol.RequestAddCookies - CookieSpec selected: best-match
10:43:46.186 [Forwarding get on session 5e9977749cf8e028abefff19f425d7c0 to remote] DEBUG o.a.h.c.protocol.RequestAuthCache - Auth cache not set in the context
10:43:46.186 [Forwarding get on session 5e9977749cf8e028abefff19f425d7c0 to remote] DEBUG o.a.h.i.c.PoolingHttpClientConnectionManager - Connection request: [route: {}->http://localhost:13906][total kept alive: 0; route allocated: 0 of 2000; total allocated: 0 of 2000]
10:43:46.186 [Forwarding get on session 5e9977749cf8e028abefff19f425d7c0 to remote] DEBUG o.a.h.i.c.PoolingHttpClientConnectionManager - Connection leased: [id: 9][route: {}->http://localhost:13906][total kept alive: 0; route allocated: 1 of 2000; total allocated: 1 of 2000]
10:43:46.186 [Forwarding get on session 5e9977749cf8e028abefff19f425d7c0 to remote] DEBUG o.a.h.impl.execchain.MainClientExec - Opening connection {}->http://localhost:13906
10:43:46.186 [Forwarding get on session 5e9977749cf8e028abefff19f425d7c0 to remote] DEBUG o.a.h.i.c.HttpClientConnectionOperator - Connecting to localhost/127.0.0.1:13906
10:43:46.186 [Forwarding get on session 5e9977749cf8e028abefff19f425d7c0 to remote] DEBUG o.a.h.i.c.HttpClientConnectionOperator - Connection established 127.0.0.1:34708<->127.0.0.1:13906
10:43:46.186 [Forwarding get on session 5e9977749cf8e028abefff19f425d7c0 to remote] DEBUG o.a.h.impl.execchain.MainClientExec - Executing request POST /session/5e9977749cf8e028abefff19f425d7c0/url HTTP/1.1
10:43:46.186 [Forwarding get on session 5e9977749cf8e028abefff19f425d7c0 to remote] DEBUG o.a.h.impl.execchain.MainClientExec - Target auth state: UNCHALLENGED
10:43:46.186 [Forwarding get on session 5e9977749cf8e028abefff19f425d7c0 to remote] DEBUG o.a.h.impl.execchain.MainClientExec - Proxy auth state: UNCHALLENGED
10:43:46.187 [Forwarding get on session 5e9977749cf8e028abefff19f425d7c0 to remote] DEBUG org.apache.http.headers - http-outgoing-9 >> POST /session/5e9977749cf8e028abefff19f425d7c0/url HTTP/1.1
10:43:46.187 [Forwarding get on session 5e9977749cf8e028abefff19f425d7c0 to remote] DEBUG org.apache.http.headers - http-outgoing-9 >> Content-Type: application/json; charset=utf-8
10:43:46.187 [Forwarding get on session 5e9977749cf8e028abefff19f425d7c0 to remote] DEBUG org.apache.http.headers - http-outgoing-9 >> Content-Length: 77
10:43:46.187 [Forwarding get on session 5e9977749cf8e028abefff19f425d7c0 to remote] DEBUG org.apache.http.headers - http-outgoing-9 >> Host: localhost:13906
10:43:46.187 [Forwarding get on session 5e9977749cf8e028abefff19f425d7c0 to remote] DEBUG org.apache.http.headers - http-outgoing-9 >> Connection: Keep-Alive
10:43:46.187 [Forwarding get on session 5e9977749cf8e028abefff19f425d7c0 to remote] DEBUG org.apache.http.headers - http-outgoing-9 >> User-Agent: Apache-HttpClient/4.3.4 (java 1.5)
10:43:46.187 [Forwarding get on session 5e9977749cf8e028abefff19f425d7c0 to remote] DEBUG org.apache.http.headers - http-outgoing-9 >> Accept-Encoding: gzip,deflate
10:43:46.187 [Forwarding get on session 5e9977749cf8e028abefff19f425d7c0 to remote] DEBUG org.apache.http.wire - http-outgoing-9 >> "POST /session/5e9977749cf8e028abefff19f425d7c0/url HTTP/1.1[\r][\n]"
10:43:46.187 [Forwarding get on session 5e9977749cf8e028abefff19f425d7c0 to remote] DEBUG org.apache.http.wire - http-outgoing-9 >> "Content-Type: application/json; charset=utf-8[\r][\n]"
10:43:46.187 [Forwarding get on session 5e9977749cf8e028abefff19f425d7c0 to remote] DEBUG org.apache.http.wire - http-outgoing-9 >> "Content-Length: 77[\r][\n]"
10:43:46.187 [Forwarding get on session 5e9977749cf8e028abefff19f425d7c0 to remote] DEBUG org.apache.http.wire - http-outgoing-9 >> "Host: localhost:13906[\r][\n]"
10:43:46.187 [Forwarding get on session 5e9977749cf8e028abefff19f425d7c0 to remote] DEBUG org.apache.http.wire - http-outgoing-9 >> "Connection: Keep-Alive[\r][\n]"
10:43:46.187 [Forwarding get on session 5e9977749cf8e028abefff19f425d7c0 to remote] DEBUG org.apache.http.wire - http-outgoing-9 >> "User-Agent: Apache-HttpClient/4.3.4 (java 1.5)[\r][\n]"
10:43:46.187 [Forwarding get on session 5e9977749cf8e028abefff19f425d7c0 to remote] DEBUG org.apache.http.wire - http-outgoing-9 >> "Accept-Encoding: gzip,deflate[\r][\n]"
10:43:46.187 [Forwarding get on session 5e9977749cf8e028abefff19f425d7c0 to remote] DEBUG org.apache.http.wire - http-outgoing-9 >> "[\r][\n]"
10:43:46.187 [Forwarding get on session 5e9977749cf8e028abefff19f425d7c0 to remote] DEBUG org.apache.http.wire - http-outgoing-9 >> "{"url":"http://admin:pass@voucher-manager.stage.pv.nimbus-stage.cg.sky.com/"}"
10:43:46.190 [LittleProxy-ClientToProxyWorker-0] DEBUG o.l.p.impl.ClientToProxyConnection - (AWAITING_INITIAL) [id: 0x45fbf8a5, /127.0.0.1:48616 => /127.0.1.1:41135]: Reading: HttpObjectAggregator$AggregatedFullHttpRequest(decodeResult: success, version: HTTP/1.1, content: CompositeByteBuf(ridx: 0, widx: 0, cap: 0, components=0))
GET http://voucher-manager.stage.pv.nimbus-stage.cg.sky.com/ HTTP/1.1
Host: voucher-manager.stage.pv.nimbus-stage.cg.sky.com
Proxy-Connection: keep-alive
Cache-Control: max-age=0
Accept: text/html,application/xhtml+xml,application/xml;q=0.9,image/webp,*/*;q=0.8
User-Agent: Mozilla/5.0 (X11; Linux x86_64) AppleWebKit/537.36 (KHTML, like Gecko) Chrome/43.0.2357.134 Safari/537.36
Accept-Encoding: gzip, deflate, sdch
Accept-Language: en-GB,en-US;q=0.8,en;q=0.6
Content-Length: 0
10:43:46.190 [LittleProxy-ClientToProxyWorker-0] DEBUG o.l.p.impl.ClientToProxyConnection - (AWAITING_INITIAL) [id: 0x45fbf8a5, /127.0.0.1:48616 => /127.0.1.1:41135]: Got request: HttpObjectAggregator$AggregatedFullHttpRequest(decodeResult: success, version: HTTP/1.1, content: CompositeByteBuf(ridx: 0, widx: 0, cap: 0, components=0))
GET http://voucher-manager.stage.pv.nimbus-stage.cg.sky.com/ HTTP/1.1
Host: voucher-manager.stage.pv.nimbus-stage.cg.sky.com
Proxy-Connection: keep-alive
Cache-Control: max-age=0
Accept: text/html,application/xhtml+xml,application/xml;q=0.9,image/webp,*/*;q=0.8
User-Agent: Mozilla/5.0 (X11; Linux x86_64) AppleWebKit/537.36 (KHTML, like Gecko) Chrome/43.0.2357.134 Safari/537.36
Accept-Encoding: gzip, deflate, sdch
Accept-Language: en-GB,en-US;q=0.8,en;q=0.6
Content-Length: 0
10:43:46.191 [LittleProxy-ClientToProxyWorker-0] DEBUG o.l.p.impl.ClientToProxyConnection - (AWAITING_INITIAL) [id: 0x45fbf8a5, /127.0.0.1:48616 => /127.0.1.1:41135]: Ensuring that hostAndPort are available in http://voucher-manager.stage.pv.nimbus-stage.cg.sky.com/
10:43:46.191 [LittleProxy-ClientToProxyWorker-0] DEBUG o.l.p.impl.ClientToProxyConnection - (AWAITING_INITIAL) [id: 0x45fbf8a5, /127.0.0.1:48616 => /127.0.1.1:41135]: Finding ProxyToServerConnection for: voucher-manager.stage.pv.nimbus-stage.cg.sky.com
10:43:46.191 [LittleProxy-ClientToProxyWorker-0] DEBUG o.l.p.impl.ClientToProxyConnection - (AWAITING_INITIAL) [id: 0x45fbf8a5, /127.0.0.1:48616 => /127.0.1.1:41135]: Reusing existing server connection: org.littleshoot.proxy.impl.ProxyToServerConnection@5e55e224
10:43:46.191 [LittleProxy-ClientToProxyWorker-0] DEBUG o.l.p.impl.ClientToProxyConnection - (AWAITING_INITIAL) [id: 0x45fbf8a5, /127.0.0.1:48616 => /127.0.1.1:41135]: Modifying request headers for proxying
10:43:46.191 [LittleProxy-ClientToProxyWorker-0] DEBUG o.l.p.impl.ClientToProxyConnection - (AWAITING_INITIAL) [id: 0x45fbf8a5, /127.0.0.1:48616 => /127.0.1.1:41135]: Modifying request for proxy chaining
10:43:46.192 [LittleProxy-ClientToProxyWorker-0] DEBUG o.l.p.impl.ClientToProxyConnection - (AWAITING_INITIAL) [id: 0x45fbf8a5, /127.0.0.1:48616 => /127.0.1.1:41135]: Stripped host from uri: http://voucher-manager.stage.pv.nimbus-stage.cg.sky.com/    yielding: /
10:43:46.192 [LittleProxy-ClientToProxyWorker-0] DEBUG o.l.p.impl.ClientToProxyConnection - (AWAITING_INITIAL) [id: 0x45fbf8a5, /127.0.0.1:48616 => /127.0.1.1:41135]: Removed sdch and inserted: gzip, deflate, 
10:43:46.192 [LittleProxy-ClientToProxyWorker-0] DEBUG o.l.p.impl.ClientToProxyConnection - (AWAITING_INITIAL) [id: 0x45fbf8a5, /127.0.0.1:48616 => /127.0.1.1:41135]: Writing request to ProxyToServerConnection
10:43:46.192 [LittleProxy-ClientToProxyWorker-0] DEBUG o.l.p.impl.ProxyToServerConnection - (AWAITING_INITIAL) [id: 0x65ecad2b, /10.65.140.181:37580 => voucher-manager.stage.pv.nimbus-stage.cg.sky.com/80.238.10.34:80]: Requested write of HttpObjectAggregator$AggregatedFullHttpRequest(decodeResult: success, version: HTTP/1.1, content: CompositeByteBuf(ridx: 0, widx: 0, cap: 0, components=0))
GET / HTTP/1.1
Host: voucher-manager.stage.pv.nimbus-stage.cg.sky.com
Cache-Control: max-age=0
Accept: text/html,application/xhtml+xml,application/xml;q=0.9,image/webp,*/*;q=0.8
User-Agent: Mozilla/5.0 (X11; Linux x86_64) AppleWebKit/537.36 (KHTML, like Gecko) Chrome/43.0.2357.134 Safari/537.36
Accept-Language: en-GB,en-US;q=0.8,en;q=0.6
Content-Length: 0
Accept-Encoding: gzip, deflate, 
Via: 1.1 localhost.localdomain
10:43:46.192 [LittleProxy-ClientToProxyWorker-0] DEBUG o.l.p.impl.ProxyToServerConnection - (AWAITING_INITIAL) [id: 0x65ecad2b, /10.65.140.181:37580 => voucher-manager.stage.pv.nimbus-stage.cg.sky.com/80.238.10.34:80]: Retaining reference counted message
10:43:46.192 [LittleProxy-ClientToProxyWorker-0] DEBUG o.l.p.impl.ProxyToServerConnection - (AWAITING_INITIAL) [id: 0x65ecad2b, /10.65.140.181:37580 => voucher-manager.stage.pv.nimbus-stage.cg.sky.com/80.238.10.34:80]: Using existing connection to: voucher-manager.stage.pv.nimbus-stage.cg.sky.com/80.238.10.34:80
10:43:46.192 [LittleProxy-ClientToProxyWorker-0] DEBUG o.l.p.impl.ProxyToServerConnection - (AWAITING_INITIAL) [id: 0x65ecad2b, /10.65.140.181:37580 => voucher-manager.stage.pv.nimbus-stage.cg.sky.com/80.238.10.34:80]: Writing: HttpObjectAggregator$AggregatedFullHttpRequest(decodeResult: success, version: HTTP/1.1, content: CompositeByteBuf(ridx: 0, widx: 0, cap: 0, components=0))
GET / HTTP/1.1
Host: voucher-manager.stage.pv.nimbus-stage.cg.sky.com
Cache-Control: max-age=0
Accept: text/html,application/xhtml+xml,application/xml;q=0.9,image/webp,*/*;q=0.8
User-Agent: Mozilla/5.0 (X11; Linux x86_64) AppleWebKit/537.36 (KHTML, like Gecko) Chrome/43.0.2357.134 Safari/537.36
Accept-Language: en-GB,en-US;q=0.8,en;q=0.6
Content-Length: 0
Accept-Encoding: gzip, deflate, 
Via: 1.1 localhost.localdomain
10:43:46.193 [LittleProxy-ClientToProxyWorker-0] DEBUG o.l.p.impl.ProxyToServerConnection - (AWAITING_INITIAL) [id: 0x65ecad2b, /10.65.140.181:37580 => voucher-manager.stage.pv.nimbus-stage.cg.sky.com/80.238.10.34:80]: Writing an empty buffer to signal the end of our chunked transfer
10:43:46.193 [LittleProxy-ClientToProxyWorker-0] DEBUG o.l.p.impl.ProxyToServerConnection - (AWAITING_INITIAL) [id: 0x65ecad2b, /10.65.140.181:37580 => voucher-manager.stage.pv.nimbus-stage.cg.sky.com/80.238.10.34:80]: Wrote: HttpObjectAggregator$AggregatedFullHttpRequest(decodeResult: success, version: HTTP/1.1, content: CompositeByteBuf(ridx: 0, widx: 0, cap: 0, components=0))
GET / HTTP/1.1
Host: voucher-manager.stage.pv.nimbus-stage.cg.sky.com
Cache-Control: max-age=0
Accept: text/html,application/xhtml+xml,application/xml;q=0.9,image/webp,*/*;q=0.8
User-Agent: Mozilla/5.0 (X11; Linux x86_64) AppleWebKit/537.36 (KHTML, like Gecko) Chrome/43.0.2357.134 Safari/537.36
Accept-Language: en-GB,en-US;q=0.8,en;q=0.6
Content-Length: 0
Accept-Encoding: gzip, deflate, 
Via: 1.1 localhost.localdomain
10:43:46.250 [LittleProxy-ProxyToServerWorker-0] DEBUG o.l.p.impl.ProxyToServerConnection - (AWAITING_INITIAL) [id: 0x65ecad2b, /10.65.140.181:37580 => voucher-manager.stage.pv.nimbus-stage.cg.sky.com/80.238.10.34:80]: Remembering the current request.
10:43:46.251 [LittleProxy-ProxyToServerWorker-0] DEBUG o.l.p.impl.ProxyToServerConnection - (AWAITING_INITIAL) [id: 0x65ecad2b, /10.65.140.181:37580 => voucher-manager.stage.pv.nimbus-stage.cg.sky.com/80.238.10.34:80]: Reading: DefaultHttpResponse(decodeResult: success, version: HTTP/1.1)
HTTP/1.1 401 Unauthorized
X-FORWARDED-PROTO: http
Server: nginx
Date: Wed, 29 Jul 2015 09:43:46 GMT
Content-Type: application/json;charset=UTF-8
Transfer-Encoding: chunked
Connection: keep-alive
Keep-Alive: timeout=10
Access-Control-Allow-Credentials: true
X-Content-Type-Options: nosniff
X-XSS-Protection: 1; mode=block
Cache-Control: no-cache, no-store, max-age=0, must-revalidate
Pragma: no-cache
Expires: 0
X-Frame-Options: DENY
WWW-Authenticate: Basic realm="Vouchers manager"
10:43:46.251 [LittleProxy-ProxyToServerWorker-0] DEBUG o.l.p.impl.ProxyToServerConnection - (AWAITING_INITIAL) [id: 0x65ecad2b, /10.65.140.181:37580 => voucher-manager.stage.pv.nimbus-stage.cg.sky.com/80.238.10.34:80]: Received raw response: DefaultHttpResponse(decodeResult: success, version: HTTP/1.1)
HTTP/1.1 401 Unauthorized
X-FORWARDED-PROTO: http
Server: nginx
Date: Wed, 29 Jul 2015 09:43:46 GMT
Content-Type: application/json;charset=UTF-8
Transfer-Encoding: chunked
Connection: keep-alive
Keep-Alive: timeout=10
Access-Control-Allow-Credentials: true
X-Content-Type-Options: nosniff
X-XSS-Protection: 1; mode=block
Cache-Control: no-cache, no-store, max-age=0, must-revalidate
Pragma: no-cache
Expires: 0
X-Frame-Options: DENY
WWW-Authenticate: Basic realm="Vouchers manager"
10:43:46.251 [LittleProxy-ProxyToServerWorker-0] DEBUG o.l.p.impl.ProxyToServerConnection - (AWAITING_INITIAL) [id: 0x65ecad2b, /10.65.140.181:37580 => voucher-manager.stage.pv.nimbus-stage.cg.sky.com/80.238.10.34:80]: Remembering the current response.
10:43:46.252 [LittleProxy-ProxyToServerWorker-0] DEBUG o.l.p.impl.ClientToProxyConnection - (AWAITING_INITIAL) [id: 0x45fbf8a5, /127.0.0.1:48616 => /127.0.1.1:41135]: Writing: DefaultHttpResponse(decodeResult: success, version: HTTP/1.1)
HTTP/1.1 401 Unauthorized
X-FORWARDED-PROTO: http
Server: nginx
Date: Wed, 29 Jul 2015 09:43:46 GMT
Content-Type: application/json;charset=UTF-8
Transfer-Encoding: chunked
Access-Control-Allow-Credentials: true
X-Content-Type-Options: nosniff
X-XSS-Protection: 1; mode=block
Cache-Control: no-cache, no-store, max-age=0, must-revalidate
Pragma: no-cache
Expires: 0
X-Frame-Options: DENY
WWW-Authenticate: Basic realm="Vouchers manager"
Via: 1.1 localhost.localdomain
10:43:46.252 [LittleProxy-ProxyToServerWorker-0] DEBUG o.l.p.impl.ClientToProxyConnection - (AWAITING_INITIAL) [id: 0x45fbf8a5, /127.0.0.1:48616 => /127.0.1.1:41135]: Wrote: DefaultHttpResponse(decodeResult: success, version: HTTP/1.1)
HTTP/1.1 401 Unauthorized
X-FORWARDED-PROTO: http
Server: nginx
Date: Wed, 29 Jul 2015 09:43:46 GMT
Content-Type: application/json;charset=UTF-8
Transfer-Encoding: chunked
Access-Control-Allow-Credentials: true
X-Content-Type-Options: nosniff
X-XSS-Protection: 1; mode=block
Cache-Control: no-cache, no-store, max-age=0, must-revalidate
Pragma: no-cache
Expires: 0
X-Frame-Options: DENY
WWW-Authenticate: Basic realm="Vouchers manager"
Via: 1.1 localhost.localdomain
10:43:46.252 [LittleProxy-ProxyToServerWorker-0] DEBUG o.l.p.impl.ClientToProxyConnection - (AWAITING_INITIAL) [id: 0x45fbf8a5, /127.0.0.1:48616 => /127.0.1.1:41135]: Not closing server connection on middle chunk for /
10:43:46.252 [LittleProxy-ProxyToServerWorker-0] DEBUG o.l.p.impl.ClientToProxyConnection - (AWAITING_INITIAL) [id: 0x45fbf8a5, /127.0.0.1:48616 => /127.0.1.1:41135]: Not closing client connection on middle chunk for /
10:43:46.252 [LittleProxy-ProxyToServerWorker-0] DEBUG o.l.p.impl.ProxyToServerConnection - (AWAITING_CHUNK) [id: 0x65ecad2b, /10.65.140.181:37580 => voucher-manager.stage.pv.nimbus-stage.cg.sky.com/80.238.10.34:80]: Reading: DefaultHttpContent(data: SlicedByteBuf(ridx: 0, widx: 72, cap: 72/72, unwrapped: UnpooledUnsafeDirectByteBuf(ridx: 583, widx: 583, cap: 16384)), decoderResult: success)
10:43:46.252 [LittleProxy-ProxyToServerWorker-0] DEBUG o.l.p.impl.ClientToProxyConnection - (AWAITING_INITIAL) [id: 0x45fbf8a5, /127.0.0.1:48616 => /127.0.1.1:41135]: Retaining reference counted message
10:43:46.252 [LittleProxy-ProxyToServerWorker-0] DEBUG o.l.p.impl.ClientToProxyConnection - (AWAITING_INITIAL) [id: 0x45fbf8a5, /127.0.0.1:48616 => /127.0.1.1:41135]: Writing: DefaultHttpContent(data: SlicedByteBuf(ridx: 0, widx: 72, cap: 72/72, unwrapped: UnpooledUnsafeDirectByteBuf(ridx: 583, widx: 583, cap: 16384)), decoderResult: success)
10:43:46.252 [LittleProxy-ProxyToServerWorker-0] DEBUG o.l.p.impl.ClientToProxyConnection - (AWAITING_INITIAL) [id: 0x45fbf8a5, /127.0.0.1:48616 => /127.0.1.1:41135]: Wrote: DefaultHttpContent(data: SlicedByteBuf(ridx: 0, widx: 72, cap: 72/72, unwrapped: UnpooledUnsafeDirectByteBuf(ridx: 583, widx: 583, cap: 16384)), decoderResult: success)
10:43:46.252 [LittleProxy-ProxyToServerWorker-0] DEBUG o.l.p.impl.ClientToProxyConnection - (AWAITING_INITIAL) [id: 0x45fbf8a5, /127.0.0.1:48616 => /127.0.1.1:41135]: Not closing server connection on middle chunk for /
10:43:46.252 [LittleProxy-ProxyToServerWorker-0] DEBUG o.l.p.impl.ClientToProxyConnection - (AWAITING_INITIAL) [id: 0x45fbf8a5, /127.0.0.1:48616 => /127.0.1.1:41135]: Not closing client connection on middle chunk for /
10:43:46.252 [LittleProxy-ProxyToServerWorker-0] DEBUG o.l.p.impl.ProxyToServerConnection - (AWAITING_CHUNK) [id: 0x65ecad2b, /10.65.140.181:37580 => voucher-manager.stage.pv.nimbus-stage.cg.sky.com/80.238.10.34:80]: Reading: EmptyLastHttpContent
10:43:46.253 [LittleProxy-ProxyToServerWorker-0] DEBUG o.l.p.impl.ClientToProxyConnection - (AWAITING_INITIAL) [id: 0x45fbf8a5, /127.0.0.1:48616 => /127.0.1.1:41135]: Retaining reference counted message
10:43:46.253 [LittleProxy-ProxyToServerWorker-0] DEBUG o.l.p.impl.ClientToProxyConnection - (AWAITING_INITIAL) [id: 0x45fbf8a5, /127.0.0.1:48616 => /127.0.1.1:41135]: Writing: EmptyLastHttpContent
10:43:46.253 [LittleProxy-ProxyToServerWorker-0] DEBUG o.l.p.impl.ClientToProxyConnection - (AWAITING_INITIAL) [id: 0x45fbf8a5, /127.0.0.1:48616 => /127.0.1.1:41135]: Writing an empty buffer to signal the end of our chunked transfer
10:43:46.253 [LittleProxy-ProxyToServerWorker-0] DEBUG o.l.p.impl.ClientToProxyConnection - (AWAITING_INITIAL) [id: 0x45fbf8a5, /127.0.0.1:48616 => /127.0.1.1:41135]: Wrote: EmptyLastHttpContent
10:43:46.253 [LittleProxy-ProxyToServerWorker-0] DEBUG o.l.p.impl.ClientToProxyConnection - (AWAITING_INITIAL) [id: 0x45fbf8a5, /127.0.0.1:48616 => /127.0.1.1:41135]: Retaining reference counted message
10:43:46.253 [LittleProxy-ProxyToServerWorker-0] DEBUG o.l.p.impl.ClientToProxyConnection - (AWAITING_INITIAL) [id: 0x45fbf8a5, /127.0.0.1:48616 => /127.0.1.1:41135]: Writing: EmptyByteBufBE
10:43:46.253 [LittleProxy-ProxyToServerWorker-0] DEBUG o.l.p.impl.ClientToProxyConnection - (AWAITING_INITIAL) [id: 0x45fbf8a5, /127.0.0.1:48616 => /127.0.1.1:41135]: Wrote: EmptyByteBufBE
10:43:46.253 [LittleProxy-ProxyToServerWorker-0] DEBUG o.l.p.impl.ClientToProxyConnection - (AWAITING_INITIAL) [id: 0x45fbf8a5, /127.0.0.1:48616 => /127.0.1.1:41135]: Handling last chunk. Using normal server connection closing rules.
10:43:46.253 [LittleProxy-ProxyToServerWorker-0] DEBUG o.l.p.impl.ClientToProxyConnection - (AWAITING_INITIAL) [id: 0x45fbf8a5, /127.0.0.1:48616 => /127.0.1.1:41135]: Not closing server connection for response: DefaultHttpResponse(decodeResult: success, version: HTTP/1.1)
HTTP/1.1 401 Unauthorized
X-FORWARDED-PROTO: http
Server: nginx
Date: Wed, 29 Jul 2015 09:43:46 GMT
Content-Type: application/json;charset=UTF-8
Transfer-Encoding: chunked
Connection: keep-alive
Keep-Alive: timeout=10
Access-Control-Allow-Credentials: true
X-Content-Type-Options: nosniff
X-XSS-Protection: 1; mode=block
Cache-Control: no-cache, no-store, max-age=0, must-revalidate
Pragma: no-cache
Expires: 0
X-Frame-Options: DENY
WWW-Authenticate: Basic realm="Vouchers manager"
10:43:46.253 [LittleProxy-ProxyToServerWorker-0] DEBUG o.l.p.impl.ClientToProxyConnection - (AWAITING_INITIAL) [id: 0x45fbf8a5, /127.0.0.1:48616 => /127.0.1.1:41135]: Handling last chunk. Using normal client connection closing rules.
10:43:46.254 [LittleProxy-ClientToProxyWorker-0] DEBUG o.l.p.impl.ClientToProxyConnection - (AWAITING_INITIAL) [id: 0x45fbf8a5, /127.0.0.1:48616 => /127.0.1.1:41135]: Reading: HttpObjectAggregator$AggregatedFullHttpRequest(decodeResult: success, version: HTTP/1.1, content: CompositeByteBuf(ridx: 0, widx: 0, cap: 0, components=0))
GET http://voucher-manager.stage.pv.nimbus-stage.cg.sky.com/ HTTP/1.1
Host: voucher-manager.stage.pv.nimbus-stage.cg.sky.com
Proxy-Connection: keep-alive
Cache-Control: max-age=0
Authorization: Basic YWRtaW46cGFzcw==
Accept: text/html,application/xhtml+xml,application/xml;q=0.9,image/webp,*/*;q=0.8
User-Agent: Mozilla/5.0 (X11; Linux x86_64) AppleWebKit/537.36 (KHTML, like Gecko) Chrome/43.0.2357.134 Safari/537.36
Accept-Encoding: gzip, deflate, sdch
Accept-Language: en-GB,en-US;q=0.8,en;q=0.6
Content-Length: 0
10:43:46.254 [LittleProxy-ClientToProxyWorker-0] DEBUG o.l.p.impl.ClientToProxyConnection - (AWAITING_INITIAL) [id: 0x45fbf8a5, /127.0.0.1:48616 => /127.0.1.1:41135]: Got request: HttpObjectAggregator$AggregatedFullHttpRequest(decodeResult: success, version: HTTP/1.1, content: CompositeByteBuf(ridx: 0, widx: 0, cap: 0, components=0))
GET http://voucher-manager.stage.pv.nimbus-stage.cg.sky.com/ HTTP/1.1
Host: voucher-manager.stage.pv.nimbus-stage.cg.sky.com
Proxy-Connection: keep-alive
Cache-Control: max-age=0
Authorization: Basic YWRtaW46cGFzcw==
Accept: text/html,application/xhtml+xml,application/xml;q=0.9,image/webp,*/*;q=0.8
User-Agent: Mozilla/5.0 (X11; Linux x86_64) AppleWebKit/537.36 (KHTML, like Gecko) Chrome/43.0.2357.134 Safari/537.36
Accept-Encoding: gzip, deflate, sdch
Accept-Language: en-GB,en-US;q=0.8,en;q=0.6
Content-Length: 0
10:43:46.255 [LittleProxy-ClientToProxyWorker-0] DEBUG o.l.p.impl.ClientToProxyConnection - (AWAITING_INITIAL) [id: 0x45fbf8a5, /127.0.0.1:48616 => /127.0.1.1:41135]: Ensuring that hostAndPort are available in http://voucher-manager.stage.pv.nimbus-stage.cg.sky.com/
10:43:46.255 [LittleProxy-ClientToProxyWorker-0] DEBUG o.l.p.impl.ClientToProxyConnection - (AWAITING_INITIAL) [id: 0x45fbf8a5, /127.0.0.1:48616 => /127.0.1.1:41135]: Finding ProxyToServerConnection for: voucher-manager.stage.pv.nimbus-stage.cg.sky.com
10:43:46.255 [LittleProxy-ClientToProxyWorker-0] DEBUG o.l.p.impl.ClientToProxyConnection - (AWAITING_INITIAL) [id: 0x45fbf8a5, /127.0.0.1:48616 => /127.0.1.1:41135]: Reusing existing server connection: org.littleshoot.proxy.impl.ProxyToServerConnection@5e55e224
10:43:46.255 [LittleProxy-ClientToProxyWorker-0] DEBUG o.l.p.impl.ClientToProxyConnection - (AWAITING_INITIAL) [id: 0x45fbf8a5, /127.0.0.1:48616 => /127.0.1.1:41135]: Modifying request headers for proxying
10:43:46.255 [LittleProxy-ClientToProxyWorker-0] DEBUG o.l.p.impl.ClientToProxyConnection - (AWAITING_INITIAL) [id: 0x45fbf8a5, /127.0.0.1:48616 => /127.0.1.1:41135]: Modifying request for proxy chaining
10:43:46.255 [LittleProxy-ClientToProxyWorker-0] DEBUG o.l.p.impl.ClientToProxyConnection - (AWAITING_INITIAL) [id: 0x45fbf8a5, /127.0.0.1:48616 => /127.0.1.1:41135]: Stripped host from uri: http://voucher-manager.stage.pv.nimbus-stage.cg.sky.com/    yielding: /
10:43:46.255 [LittleProxy-ClientToProxyWorker-0] DEBUG o.l.p.impl.ClientToProxyConnection - (AWAITING_INITIAL) [id: 0x45fbf8a5, /127.0.0.1:48616 => /127.0.1.1:41135]: Removed sdch and inserted: gzip, deflate, 
10:43:46.255 [LittleProxy-ClientToProxyWorker-0] DEBUG o.l.p.impl.ClientToProxyConnection - (AWAITING_INITIAL) [id: 0x45fbf8a5, /127.0.0.1:48616 => /127.0.1.1:41135]: Writing request to ProxyToServerConnection
10:43:46.255 [LittleProxy-ClientToProxyWorker-0] DEBUG o.l.p.impl.ProxyToServerConnection - (AWAITING_CHUNK) [id: 0x65ecad2b, /10.65.140.181:37580 => voucher-manager.stage.pv.nimbus-stage.cg.sky.com/80.238.10.34:80]: Requested write of HttpObjectAggregator$AggregatedFullHttpRequest(decodeResult: success, version: HTTP/1.1, content: CompositeByteBuf(ridx: 0, widx: 0, cap: 0, components=0))
GET / HTTP/1.1
Host: voucher-manager.stage.pv.nimbus-stage.cg.sky.com
Cache-Control: max-age=0
Authorization: Basic YWRtaW46cGFzcw==
Accept: text/html,application/xhtml+xml,application/xml;q=0.9,image/webp,*/*;q=0.8
User-Agent: Mozilla/5.0 (X11; Linux x86_64) AppleWebKit/537.36 (KHTML, like Gecko) Chrome/43.0.2357.134 Safari/537.36
Accept-Language: en-GB,en-US;q=0.8,en;q=0.6
Content-Length: 0
Accept-Encoding: gzip, deflate, 
Via: 1.1 localhost.localdomain
10:43:46.255 [LittleProxy-ClientToProxyWorker-0] DEBUG o.l.p.impl.ProxyToServerConnection - (AWAITING_CHUNK) [id: 0x65ecad2b, /10.65.140.181:37580 => voucher-manager.stage.pv.nimbus-stage.cg.sky.com/80.238.10.34:80]: Retaining reference counted message
10:43:46.256 [LittleProxy-ClientToProxyWorker-0] DEBUG o.l.p.impl.ProxyToServerConnection - (AWAITING_CHUNK) [id: 0x65ecad2b, /10.65.140.181:37580 => voucher-manager.stage.pv.nimbus-stage.cg.sky.com/80.238.10.34:80]: Using existing connection to: voucher-manager.stage.pv.nimbus-stage.cg.sky.com/80.238.10.34:80
10:43:46.256 [LittleProxy-ClientToProxyWorker-0] DEBUG o.l.p.impl.ProxyToServerConnection - (AWAITING_CHUNK) [id: 0x65ecad2b, /10.65.140.181:37580 => voucher-manager.stage.pv.nimbus-stage.cg.sky.com/80.238.10.34:80]: Writing: HttpObjectAggregator$AggregatedFullHttpRequest(decodeResult: success, version: HTTP/1.1, content: CompositeByteBuf(ridx: 0, widx: 0, cap: 0, components=0))
GET / HTTP/1.1
Host: voucher-manager.stage.pv.nimbus-stage.cg.sky.com
Cache-Control: max-age=0
Authorization: Basic YWRtaW46cGFzcw==
Accept: text/html,application/xhtml+xml,application/xml;q=0.9,image/webp,*/*;q=0.8
User-Agent: Mozilla/5.0 (X11; Linux x86_64) AppleWebKit/537.36 (KHTML, like Gecko) Chrome/43.0.2357.134 Safari/537.36
Accept-Language: en-GB,en-US;q=0.8,en;q=0.6
Content-Length: 0
Accept-Encoding: gzip, deflate, 
Via: 1.1 localhost.localdomain
10:43:46.256 [LittleProxy-ProxyToServerWorker-0] DEBUG o.l.p.impl.ClientToProxyConnection - (AWAITING_INITIAL) [id: 0x45fbf8a5, /127.0.0.1:48616 => /127.0.1.1:41135]: Not closing client connection for request: [FAILED toString()]
10:43:46.256 [LittleProxy-ClientToProxyWorker-0] DEBUG o.l.p.impl.ProxyToServerConnection - (AWAITING_INITIAL) [id: 0x65ecad2b, /10.65.140.181:37580 => voucher-manager.stage.pv.nimbus-stage.cg.sky.com/80.238.10.34:80]: Writing an empty buffer to signal the end of our chunked transfer
10:43:46.256 [LittleProxy-ClientToProxyWorker-0] DEBUG o.l.p.impl.ProxyToServerConnection - (AWAITING_INITIAL) [id: 0x65ecad2b, /10.65.140.181:37580 => voucher-manager.stage.pv.nimbus-stage.cg.sky.com/80.238.10.34:80]: Wrote: HttpObjectAggregator$AggregatedFullHttpRequest(decodeResult: success, version: HTTP/1.1, content: CompositeByteBuf(ridx: 0, widx: 0, cap: 0, components=0))
GET / HTTP/1.1
Host: voucher-manager.stage.pv.nimbus-stage.cg.sky.com
Cache-Control: max-age=0
Authorization: Basic YWRtaW46cGFzcw==
Accept: text/html,application/xhtml+xml,application/xml;q=0.9,image/webp,*/*;q=0.8
User-Agent: Mozilla/5.0 (X11; Linux x86_64) AppleWebKit/537.36 (KHTML, like Gecko) Chrome/43.0.2357.134 Safari/537.36
Accept-Language: en-GB,en-US;q=0.8,en;q=0.6
Content-Length: 0
Accept-Encoding: gzip, deflate, 
Via: 1.1 localhost.localdomain
10:43:46.320 [LittleProxy-ProxyToServerWorker-0] DEBUG o.l.p.impl.ProxyToServerConnection - (AWAITING_INITIAL) [id: 0x65ecad2b, /10.65.140.181:37580 => voucher-manager.stage.pv.nimbus-stage.cg.sky.com/80.238.10.34:80]: Remembering the current request.
10:43:46.320 [LittleProxy-ProxyToServerWorker-0] DEBUG o.l.p.impl.ProxyToServerConnection - (AWAITING_INITIAL) [id: 0x65ecad2b, /10.65.140.181:37580 => voucher-manager.stage.pv.nimbus-stage.cg.sky.com/80.238.10.34:80]: Reading: DefaultHttpResponse(decodeResult: success, version: HTTP/1.1)
HTTP/1.1 200 OK
X-FORWARDED-PROTO: http
Server: nginx
Date: Wed, 29 Jul 2015 09:43:46 GMT
Content-Type: application/json;charset=UTF-8
Transfer-Encoding: chunked
Connection: keep-alive
Keep-Alive: timeout=10
Access-Control-Allow-Credentials: true
X-Content-Type-Options: nosniff
X-XSS-Protection: 1; mode=block
Cache-Control: no-cache, no-store, max-age=0, must-revalidate
Pragma: no-cache
Expires: 0
X-Frame-Options: DENY
X-Application-Context: pv__voucher-manager__stage__v0_1_0_972:stage-cloud:2
10:43:46.321 [LittleProxy-ProxyToServerWorker-0] DEBUG o.l.p.impl.ProxyToServerConnection - (AWAITING_INITIAL) [id: 0x65ecad2b, /10.65.140.181:37580 => voucher-manager.stage.pv.nimbus-stage.cg.sky.com/80.238.10.34:80]: Received raw response: DefaultHttpResponse(decodeResult: success, version: HTTP/1.1)
HTTP/1.1 200 OK
X-FORWARDED-PROTO: http
Server: nginx
Date: Wed, 29 Jul 2015 09:43:46 GMT
Content-Type: application/json;charset=UTF-8
Transfer-Encoding: chunked
Connection: keep-alive
Keep-Alive: timeout=10
Access-Control-Allow-Credentials: true
X-Content-Type-Options: nosniff
X-XSS-Protection: 1; mode=block
Cache-Control: no-cache, no-store, max-age=0, must-revalidate
Pragma: no-cache
Expires: 0
X-Frame-Options: DENY
X-Application-Context: pv__voucher-manager__stage__v0_1_0_972:stage-cloud:2
10:43:46.321 [LittleProxy-ProxyToServerWorker-0] DEBUG o.l.p.impl.ProxyToServerConnection - (AWAITING_INITIAL) [id: 0x65ecad2b, /10.65.140.181:37580 => voucher-manager.stage.pv.nimbus-stage.cg.sky.com/80.238.10.34:80]: Remembering the current response.
10:43:46.321 [LittleProxy-ProxyToServerWorker-0] DEBUG o.l.p.impl.ClientToProxyConnection - (AWAITING_INITIAL) [id: 0x45fbf8a5, /127.0.0.1:48616 => /127.0.1.1:41135]: Writing: DefaultHttpResponse(decodeResult: success, version: HTTP/1.1)
HTTP/1.1 200 OK
X-FORWARDED-PROTO: http
Server: nginx
Date: Wed, 29 Jul 2015 09:43:46 GMT
Content-Type: application/json;charset=UTF-8
Transfer-Encoding: chunked
Access-Control-Allow-Credentials: true
X-Content-Type-Options: nosniff
X-XSS-Protection: 1; mode=block
Cache-Control: no-cache, no-store, max-age=0, must-revalidate
Pragma: no-cache
Expires: 0
X-Frame-Options: DENY
X-Application-Context: pv__voucher-manager__stage__v0_1_0_972:stage-cloud:2
Via: 1.1 localhost.localdomain
10:43:46.321 [LittleProxy-ProxyToServerWorker-0] DEBUG o.l.p.impl.ClientToProxyConnection - (AWAITING_INITIAL) [id: 0x45fbf8a5, /127.0.0.1:48616 => /127.0.1.1:41135]: Wrote: DefaultHttpResponse(decodeResult: success, version: HTTP/1.1)
HTTP/1.1 200 OK
X-FORWARDED-PROTO: http
Server: nginx
Date: Wed, 29 Jul 2015 09:43:46 GMT
Content-Type: application/json;charset=UTF-8
Transfer-Encoding: chunked
Access-Control-Allow-Credentials: true
X-Content-Type-Options: nosniff
X-XSS-Protection: 1; mode=block
Cache-Control: no-cache, no-store, max-age=0, must-revalidate
Pragma: no-cache
Expires: 0
X-Frame-Options: DENY
X-Application-Context: pv__voucher-manager__stage__v0_1_0_972:stage-cloud:2
Via: 1.1 localhost.localdomain
10:43:46.321 [LittleProxy-ProxyToServerWorker-0] DEBUG o.l.p.impl.ClientToProxyConnection - (AWAITING_INITIAL) [id: 0x45fbf8a5, /127.0.0.1:48616 => /127.0.1.1:41135]: Not closing server connection on middle chunk for /
10:43:46.322 [LittleProxy-ProxyToServerWorker-0] DEBUG o.l.p.impl.ClientToProxyConnection - (AWAITING_INITIAL) [id: 0x45fbf8a5, /127.0.0.1:48616 => /127.0.1.1:41135]: Not closing client connection on middle chunk for /
10:43:46.322 [LittleProxy-ProxyToServerWorker-0] DEBUG o.l.p.impl.ProxyToServerConnection - (AWAITING_CHUNK) [id: 0x65ecad2b, /10.65.140.181:37580 => voucher-manager.stage.pv.nimbus-stage.cg.sky.com/80.238.10.34:80]: Reading: DefaultHttpContent(data: SlicedByteBuf(ridx: 0, widx: 781, cap: 781/781, unwrapped: UnpooledUnsafeDirectByteBuf(ridx: 1310, widx: 1310, cap: 8192)), decoderResult: success)
10:43:46.322 [LittleProxy-ProxyToServerWorker-0] DEBUG o.l.p.impl.ClientToProxyConnection - (AWAITING_INITIAL) [id: 0x45fbf8a5, /127.0.0.1:48616 => /127.0.1.1:41135]: Retaining reference counted message
10:43:46.322 [LittleProxy-ProxyToServerWorker-0] DEBUG o.l.p.impl.ClientToProxyConnection - (AWAITING_INITIAL) [id: 0x45fbf8a5, /127.0.0.1:48616 => /127.0.1.1:41135]: Writing: DefaultHttpContent(data: SlicedByteBuf(ridx: 0, widx: 781, cap: 781/781, unwrapped: UnpooledUnsafeDirectByteBuf(ridx: 1310, widx: 1310, cap: 8192)), decoderResult: success)
10:43:46.322 [LittleProxy-ProxyToServerWorker-0] DEBUG o.l.p.impl.ClientToProxyConnection - (AWAITING_INITIAL) [id: 0x45fbf8a5, /127.0.0.1:48616 => /127.0.1.1:41135]: Wrote: DefaultHttpContent(data: SlicedByteBuf(ridx: 0, widx: 781, cap: 781/781, unwrapped: UnpooledUnsafeDirectByteBuf(ridx: 1310, widx: 1310, cap: 8192)), decoderResult: success)
10:43:46.322 [LittleProxy-ProxyToServerWorker-0] DEBUG o.l.p.impl.ClientToProxyConnection - (AWAITING_INITIAL) [id: 0x45fbf8a5, /127.0.0.1:48616 => /127.0.1.1:41135]: Not closing server connection on middle chunk for /
10:43:46.322 [LittleProxy-ProxyToServerWorker-0] DEBUG o.l.p.impl.ClientToProxyConnection - (AWAITING_INITIAL) [id: 0x45fbf8a5, /127.0.0.1:48616 => /127.0.1.1:41135]: Not closing client connection on middle chunk for /
10:43:46.322 [LittleProxy-ProxyToServerWorker-0] DEBUG o.l.p.impl.ProxyToServerConnection - (AWAITING_CHUNK) [id: 0x65ecad2b, /10.65.140.181:37580 => voucher-manager.stage.pv.nimbus-stage.cg.sky.com/80.238.10.34:80]: Reading: EmptyLastHttpContent
10:43:46.322 [LittleProxy-ProxyToServerWorker-0] DEBUG o.l.p.impl.ClientToProxyConnection - (AWAITING_INITIAL) [id: 0x45fbf8a5, /127.0.0.1:48616 => /127.0.1.1:41135]: Retaining reference counted message
10:43:46.322 [LittleProxy-ProxyToServerWorker-0] DEBUG o.l.p.impl.ClientToProxyConnection - (AWAITING_INITIAL) [id: 0x45fbf8a5, /127.0.0.1:48616 => /127.0.1.1:41135]: Writing: EmptyLastHttpContent
10:43:46.322 [LittleProxy-ProxyToServerWorker-0] DEBUG o.l.p.impl.ClientToProxyConnection - (AWAITING_INITIAL) [id: 0x45fbf8a5, /127.0.0.1:48616 => /127.0.1.1:41135]: Writing an empty buffer to signal the end of our chunked transfer
10:43:46.322 [LittleProxy-ProxyToServerWorker-0] DEBUG o.l.p.impl.ClientToProxyConnection - (AWAITING_INITIAL) [id: 0x45fbf8a5, /127.0.0.1:48616 => /127.0.1.1:41135]: Wrote: EmptyLastHttpContent
10:43:46.322 [LittleProxy-ProxyToServerWorker-0] DEBUG o.l.p.impl.ClientToProxyConnection - (AWAITING_INITIAL) [id: 0x45fbf8a5, /127.0.0.1:48616 => /127.0.1.1:41135]: Retaining reference counted message
10:43:46.322 [LittleProxy-ProxyToServerWorker-0] DEBUG o.l.p.impl.ClientToProxyConnection - (AWAITING_INITIAL) [id: 0x45fbf8a5, /127.0.0.1:48616 => /127.0.1.1:41135]: Writing: EmptyByteBufBE
10:43:46.322 [LittleProxy-ProxyToServerWorker-0] DEBUG o.l.p.impl.ClientToProxyConnection - (AWAITING_INITIAL) [id: 0x45fbf8a5, /127.0.0.1:48616 => /127.0.1.1:41135]: Wrote: EmptyByteBufBE
10:43:46.323 [LittleProxy-ProxyToServerWorker-0] DEBUG o.l.p.impl.ClientToProxyConnection - (AWAITING_INITIAL) [id: 0x45fbf8a5, /127.0.0.1:48616 => /127.0.1.1:41135]: Handling last chunk. Using normal server connection closing rules.
10:43:46.323 [LittleProxy-ProxyToServerWorker-0] DEBUG o.l.p.impl.ClientToProxyConnection - (AWAITING_INITIAL) [id: 0x45fbf8a5, /127.0.0.1:48616 => /127.0.1.1:41135]: Not closing server connection for response: DefaultHttpResponse(decodeResult: success, version: HTTP/1.1)
HTTP/1.1 200 OK
X-FORWARDED-PROTO: http
Server: nginx
Date: Wed, 29 Jul 2015 09:43:46 GMT
Content-Type: application/json;charset=UTF-8
Transfer-Encoding: chunked
Connection: keep-alive
Keep-Alive: timeout=10
Access-Control-Allow-Credentials: true
X-Content-Type-Options: nosniff
X-XSS-Protection: 1; mode=block
Cache-Control: no-cache, no-store, max-age=0, must-revalidate
Pragma: no-cache
Expires: 0
X-Frame-Options: DENY
X-Application-Context: pv__voucher-manager__stage__v0_1_0_972:stage-cloud:2
10:43:46.323 [LittleProxy-ProxyToServerWorker-0] DEBUG o.l.p.impl.ClientToProxyConnection - (AWAITING_INITIAL) [id: 0x45fbf8a5, /127.0.0.1:48616 => /127.0.1.1:41135]: Handling last chunk. Using normal client connection closing rules.
10:43:46.324 [LittleProxy-ProxyToServerWorker-0] DEBUG o.l.p.impl.ClientToProxyConnection - (AWAITING_INITIAL) [id: 0x45fbf8a5, /127.0.0.1:48616 => /127.0.1.1:41135]: Not closing client connection for request: [FAILED toString()]
10:43:46.388 [Forwarding get on session 5e9977749cf8e028abefff19f425d7c0 to remote] DEBUG org.apache.http.wire - http-outgoing-9 << "HTTP/1.1 200 OK[\r][\n]"
10:43:46.388 [Forwarding get on session 5e9977749cf8e028abefff19f425d7c0 to remote] DEBUG org.apache.http.wire - http-outgoing-9 << "Content-Length:72[\r][\n]"
10:43:46.388 [Forwarding get on session 5e9977749cf8e028abefff19f425d7c0 to remote] DEBUG org.apache.http.wire - http-outgoing-9 << "Content-Type:application/json; charset=utf-8[\r][\n]"
10:43:46.388 [Forwarding get on session 5e9977749cf8e028abefff19f425d7c0 to remote] DEBUG org.apache.http.wire - http-outgoing-9 << "Connection:close[\r][\n]"
10:43:46.388 [Forwarding get on session 5e9977749cf8e028abefff19f425d7c0 to remote] DEBUG org.apache.http.wire - http-outgoing-9 << "[\r][\n]"
10:43:46.388 [Forwarding get on session 5e9977749cf8e028abefff19f425d7c0 to remote] DEBUG org.apache.http.wire - http-outgoing-9 << "{"sessionId":"5e9977749cf8e028abefff19f425d7c0","status":0,"value":null}"
10:43:46.388 [Forwarding get on session 5e9977749cf8e028abefff19f425d7c0 to remote] DEBUG org.apache.http.headers - http-outgoing-9 << HTTP/1.1 200 OK
10:43:46.388 [Forwarding get on session 5e9977749cf8e028abefff19f425d7c0 to remote] DEBUG org.apache.http.headers - http-outgoing-9 << Content-Length:72
10:43:46.388 [Forwarding get on session 5e9977749cf8e028abefff19f425d7c0 to remote] DEBUG org.apache.http.headers - http-outgoing-9 << Content-Type:application/json; charset=utf-8
10:43:46.388 [Forwarding get on session 5e9977749cf8e028abefff19f425d7c0 to remote] DEBUG org.apache.http.headers - http-outgoing-9 << Connection:close
10:43:46.389 [Forwarding get on session 5e9977749cf8e028abefff19f425d7c0 to remote] DEBUG o.a.h.i.c.DefaultManagedHttpClientConnection - http-outgoing-9: Shutdown connection
10:43:46.389 [Forwarding get on session 5e9977749cf8e028abefff19f425d7c0 to remote] DEBUG o.a.h.impl.execchain.MainClientExec - Connection discarded
10:43:46.389 [Forwarding get on session 5e9977749cf8e028abefff19f425d7c0 to remote] DEBUG o.a.h.i.c.DefaultManagedHttpClientConnection - http-outgoing-9: Close connection
10:43:46.389 [Forwarding get on session 5e9977749cf8e028abefff19f425d7c0 to remote] DEBUG o.a.h.i.c.PoolingHttpClientConnectionManager - Connection released: [id: 9][route: {}->http://localhost:13906][total kept alive: 0; route allocated: 0 of 2000; total allocated: 0 of 2000]

  Scenario: Search Account ID with SUNT Vouchers and check cross linking(id-code) ?[90m# features/cancelVoucher.feature:6?[0m
    ?[32mWhen ?[0m?[32mI create the campaign?[0m                                                    ?[90m# CreateCampaignSteps.i_create_campaign(String)?[0m
      """
      {
      	"type":"SINGLE_USE_NON_TRANSFERABLE",
         "name":"SUNT Cancel Campaign",
         "prefix":"NOW",
         "cancelled":false,
         "pomOfferId":"12346",
         "secondaryOfferId":"abc123",
         "start":"2004-06-26T00:00:00Z",
         "end":"2114-06-26T00:00:00Z",
         "cap":"100"
      }
      """
    ?[32mWhen ?[0m?[32mI create the campaign?[0m                                                    ?[90m# CreateCampaignSteps.i_create_campaign(String)?[0m
      """
      {
      	"type":"SINGLE_USE_TRANSFERABLE",
         "name":"SUT Cancel Campaign",
         "prefix":"NOW",
         "cancelled":false,
         "pomOfferId":"12346",
         "secondaryOfferId":"abc123",
         "start":"2004-06-26T00:00:00Z",
         "end":"2114-06-26T00:00:00Z",
         "cap":"100"
      }
      """
    ?[32mWhen ?[0m?[32mI create the campaign?[0m                                                    ?[90m# CreateCampaignSteps.i_create_campaign(String)?[0m
      """
      {
      	"type":"PROMO_CODE",
         "name":"Promo Code Cancel Campaign",
         "prefix":"NOW",
         "cancelled":false,
         "pomOfferId":"12346",
         "secondaryOfferId":"abc123",
         "start":"2004-06-26T00:00:00Z",
         "end":"2114-06-26T00:00:00Z",
         "cap":"100"
      }
      """
    ?[32mWhen ?[0m?[32mI create the campaign?[0m                                                    ?[90m# CreateCampaignSteps.i_create_campaign(String)?[0m
      """
      {
      	"type":"GIFTING",
         "name":"Gifting Cancel Campaign",
         "prefix":"NOW",
         "cancelled":false,
         "pomOfferId":"12346",
         "secondaryOfferId":"abc123",
         "start":"2004-06-26T00:00:00Z",
         "end":"2114-06-26T00:00:00Z",
         "cap":"100"
      }
      """
10:43:46.397 [Forwarding get on session 5e9977749cf8e028abefff19f425d7c0 to remote] DEBUG o.a.h.c.protocol.RequestAddCookies - CookieSpec selected: best-match
10:43:46.397 [Forwarding get on session 5e9977749cf8e028abefff19f425d7c0 to remote] DEBUG o.a.h.c.protocol.RequestAuthCache - Auth cache not set in the context
10:43:46.397 [Forwarding get on session 5e9977749cf8e028abefff19f425d7c0 to remote] DEBUG o.a.h.i.c.PoolingHttpClientConnectionManager - Connection request: [route: {}->http://localhost:13906][total kept alive: 0; route allocated: 0 of 2000; total allocated: 0 of 2000]
10:43:46.397 [Forwarding get on session 5e9977749cf8e028abefff19f425d7c0 to remote] DEBUG o.a.h.i.c.PoolingHttpClientConnectionManager - Connection leased: [id: 10][route: {}->http://localhost:13906][total kept alive: 0; route allocated: 1 of 2000; total allocated: 1 of 2000]
10:43:46.397 [Forwarding get on session 5e9977749cf8e028abefff19f425d7c0 to remote] DEBUG o.a.h.impl.execchain.MainClientExec - Opening connection {}->http://localhost:13906
10:43:46.397 [Forwarding get on session 5e9977749cf8e028abefff19f425d7c0 to remote] DEBUG o.a.h.i.c.HttpClientConnectionOperator - Connecting to localhost/127.0.0.1:13906
10:43:46.398 [Forwarding get on session 5e9977749cf8e028abefff19f425d7c0 to remote] DEBUG o.a.h.i.c.HttpClientConnectionOperator - Connection established 127.0.0.1:34709<->127.0.0.1:13906
10:43:46.398 [Forwarding get on session 5e9977749cf8e028abefff19f425d7c0 to remote] DEBUG o.a.h.impl.execchain.MainClientExec - Executing request POST /session/5e9977749cf8e028abefff19f425d7c0/url HTTP/1.1
10:43:46.398 [Forwarding get on session 5e9977749cf8e028abefff19f425d7c0 to remote] DEBUG o.a.h.impl.execchain.MainClientExec - Target auth state: UNCHALLENGED
10:43:46.398 [Forwarding get on session 5e9977749cf8e028abefff19f425d7c0 to remote] DEBUG o.a.h.impl.execchain.MainClientExec - Proxy auth state: UNCHALLENGED
10:43:46.398 [Forwarding get on session 5e9977749cf8e028abefff19f425d7c0 to remote] DEBUG org.apache.http.headers - http-outgoing-10 >> POST /session/5e9977749cf8e028abefff19f425d7c0/url HTTP/1.1
10:43:46.398 [Forwarding get on session 5e9977749cf8e028abefff19f425d7c0 to remote] DEBUG org.apache.http.headers - http-outgoing-10 >> Content-Type: application/json; charset=utf-8
10:43:46.398 [Forwarding get on session 5e9977749cf8e028abefff19f425d7c0 to remote] DEBUG org.apache.http.headers - http-outgoing-10 >> Content-Length: 80
10:43:46.398 [Forwarding get on session 5e9977749cf8e028abefff19f425d7c0 to remote] DEBUG org.apache.http.headers - http-outgoing-10 >> Host: localhost:13906
10:43:46.398 [Forwarding get on session 5e9977749cf8e028abefff19f425d7c0 to remote] DEBUG org.apache.http.headers - http-outgoing-10 >> Connection: Keep-Alive
10:43:46.398 [Forwarding get on session 5e9977749cf8e028abefff19f425d7c0 to remote] DEBUG org.apache.http.headers - http-outgoing-10 >> User-Agent: Apache-HttpClient/4.3.4 (java 1.5)
10:43:46.398 [Forwarding get on session 5e9977749cf8e028abefff19f425d7c0 to remote] DEBUG org.apache.http.headers - http-outgoing-10 >> Accept-Encoding: gzip,deflate
10:43:46.398 [Forwarding get on session 5e9977749cf8e028abefff19f425d7c0 to remote] DEBUG org.apache.http.wire - http-outgoing-10 >> "POST /session/5e9977749cf8e028abefff19f425d7c0/url HTTP/1.1[\r][\n]"
10:43:46.398 [Forwarding get on session 5e9977749cf8e028abefff19f425d7c0 to remote] DEBUG org.apache.http.wire - http-outgoing-10 >> "Content-Type: application/json; charset=utf-8[\r][\n]"
10:43:46.398 [Forwarding get on session 5e9977749cf8e028abefff19f425d7c0 to remote] DEBUG org.apache.http.wire - http-outgoing-10 >> "Content-Length: 80[\r][\n]"
10:43:46.398 [Forwarding get on session 5e9977749cf8e028abefff19f425d7c0 to remote] DEBUG org.apache.http.wire - http-outgoing-10 >> "Host: localhost:13906[\r][\n]"
10:43:46.398 [Forwarding get on session 5e9977749cf8e028abefff19f425d7c0 to remote] DEBUG org.apache.http.wire - http-outgoing-10 >> "Connection: Keep-Alive[\r][\n]"
10:43:46.398 [Forwarding get on session 5e9977749cf8e028abefff19f425d7c0 to remote] DEBUG org.apache.http.wire - http-outgoing-10 >> "User-Agent: Apache-HttpClient/4.3.4 (java 1.5)[\r][\n]"
10:43:46.398 [Forwarding get on session 5e9977749cf8e028abefff19f425d7c0 to remote] DEBUG org.apache.http.wire - http-outgoing-10 >> "Accept-Encoding: gzip,deflate[\r][\n]"
10:43:46.398 [Forwarding get on session 5e9977749cf8e028abefff19f425d7c0 to remote] DEBUG org.apache.http.wire - http-outgoing-10 >> "[\r][\n]"
10:43:46.398 [Forwarding get on session 5e9977749cf8e028abefff19f425d7c0 to remote] DEBUG org.apache.http.wire - http-outgoing-10 >> "{"url":"http://voucher-manager-ui.stage.pv.nimbus-stage.cg.sky.com/#/campaigns"}"
10:43:46.439 [LittleProxy-ClientToProxyWorker-1] DEBUG o.l.p.impl.ClientToProxyConnection - (AWAITING_INITIAL): Configuring ChannelPipeline
10:43:46.439 [LittleProxy-ClientToProxyWorker-1] DEBUG o.l.p.impl.ClientToProxyConnection - (AWAITING_INITIAL): Created ClientToProxyConnection
10:43:46.439 [LittleProxy-ClientToProxyWorker-1] DEBUG o.l.p.impl.ClientToProxyConnection - (AWAITING_INITIAL) [id: 0x710aaa6e, /127.0.0.1:48626 => /127.0.1.1:41135]: Connected
10:43:46.440 [LittleProxy-ClientToProxyWorker-1] DEBUG o.l.p.impl.ClientToProxyConnection - (AWAITING_INITIAL) [id: 0x710aaa6e, /127.0.0.1:48626 => /127.0.1.1:41135]: Reading: HttpObjectAggregator$AggregatedFullHttpRequest(decodeResult: success, version: HTTP/1.1, content: CompositeByteBuf(ridx: 0, widx: 0, cap: 0, components=0))
GET http://voucher-manager-ui.stage.pv.nimbus-stage.cg.sky.com/ HTTP/1.1
Host: voucher-manager-ui.stage.pv.nimbus-stage.cg.sky.com
Proxy-Connection: keep-alive
Accept: text/html,application/xhtml+xml,application/xml;q=0.9,image/webp,*/*;q=0.8
User-Agent: Mozilla/5.0 (X11; Linux x86_64) AppleWebKit/537.36 (KHTML, like Gecko) Chrome/43.0.2357.134 Safari/537.36
Accept-Encoding: gzip, deflate, sdch
Accept-Language: en-GB,en-US;q=0.8,en;q=0.6
Content-Length: 0
10:43:46.440 [LittleProxy-ClientToProxyWorker-1] DEBUG o.l.p.impl.ClientToProxyConnection - (AWAITING_INITIAL) [id: 0x710aaa6e, /127.0.0.1:48626 => /127.0.1.1:41135]: Got request: HttpObjectAggregator$AggregatedFullHttpRequest(decodeResult: success, version: HTTP/1.1, content: CompositeByteBuf(ridx: 0, widx: 0, cap: 0, components=0))
GET http://voucher-manager-ui.stage.pv.nimbus-stage.cg.sky.com/ HTTP/1.1
Host: voucher-manager-ui.stage.pv.nimbus-stage.cg.sky.com
Proxy-Connection: keep-alive
Accept: text/html,application/xhtml+xml,application/xml;q=0.9,image/webp,*/*;q=0.8
User-Agent: Mozilla/5.0 (X11; Linux x86_64) AppleWebKit/537.36 (KHTML, like Gecko) Chrome/43.0.2357.134 Safari/537.36
Accept-Encoding: gzip, deflate, sdch
Accept-Language: en-GB,en-US;q=0.8,en;q=0.6
Content-Length: 0
10:43:46.440 [LittleProxy-ClientToProxyWorker-1] DEBUG o.l.p.impl.ClientToProxyConnection - (AWAITING_INITIAL) [id: 0x710aaa6e, /127.0.0.1:48626 => /127.0.1.1:41135]: Ensuring that hostAndPort are available in http://voucher-manager-ui.stage.pv.nimbus-stage.cg.sky.com/
10:43:46.440 [LittleProxy-ClientToProxyWorker-1] DEBUG o.l.p.impl.ClientToProxyConnection - (AWAITING_INITIAL) [id: 0x710aaa6e, /127.0.0.1:48626 => /127.0.1.1:41135]: Finding ProxyToServerConnection for: voucher-manager-ui.stage.pv.nimbus-stage.cg.sky.com
10:43:46.440 [LittleProxy-ClientToProxyWorker-1] DEBUG o.l.p.impl.ClientToProxyConnection - (AWAITING_INITIAL) [id: 0x710aaa6e, /127.0.0.1:48626 => /127.0.1.1:41135]: Didn't find existing ProxyToServerConnection for: voucher-manager-ui.stage.pv.nimbus-stage.cg.sky.com
10:43:46.459 [LittleProxy-ClientToProxyWorker-1] DEBUG o.l.p.impl.ClientToProxyConnection - (AWAITING_INITIAL) [id: 0x710aaa6e, /127.0.0.1:48626 => /127.0.1.1:41135]: Modifying request headers for proxying
10:43:46.459 [LittleProxy-ClientToProxyWorker-1] DEBUG o.l.p.impl.ClientToProxyConnection - (AWAITING_INITIAL) [id: 0x710aaa6e, /127.0.0.1:48626 => /127.0.1.1:41135]: Modifying request for proxy chaining
10:43:46.459 [LittleProxy-ClientToProxyWorker-1] DEBUG o.l.p.impl.ClientToProxyConnection - (AWAITING_INITIAL) [id: 0x710aaa6e, /127.0.0.1:48626 => /127.0.1.1:41135]: Stripped host from uri: http://voucher-manager-ui.stage.pv.nimbus-stage.cg.sky.com/    yielding: /
10:43:46.459 [LittleProxy-ClientToProxyWorker-1] DEBUG o.l.p.impl.ClientToProxyConnection - (AWAITING_INITIAL) [id: 0x710aaa6e, /127.0.0.1:48626 => /127.0.1.1:41135]: Removed sdch and inserted: gzip, deflate, 
10:43:46.459 [LittleProxy-ClientToProxyWorker-1] DEBUG o.l.p.impl.ClientToProxyConnection - (AWAITING_INITIAL) [id: 0x710aaa6e, /127.0.0.1:48626 => /127.0.1.1:41135]: Writing request to ProxyToServerConnection
10:43:46.459 [LittleProxy-ClientToProxyWorker-1] DEBUG o.l.p.impl.ProxyToServerConnection - (DISCONNECTED): Requested write of HttpObjectAggregator$AggregatedFullHttpRequest(decodeResult: success, version: HTTP/1.1, content: CompositeByteBuf(ridx: 0, widx: 0, cap: 0, components=0))
GET / HTTP/1.1
Host: voucher-manager-ui.stage.pv.nimbus-stage.cg.sky.com
Accept: text/html,application/xhtml+xml,application/xml;q=0.9,image/webp,*/*;q=0.8
User-Agent: Mozilla/5.0 (X11; Linux x86_64) AppleWebKit/537.36 (KHTML, like Gecko) Chrome/43.0.2357.134 Safari/537.36
Accept-Language: en-GB,en-US;q=0.8,en;q=0.6
Content-Length: 0
Accept-Encoding: gzip, deflate, 
Via: 1.1 localhost.localdomain
10:43:46.459 [LittleProxy-ClientToProxyWorker-1] DEBUG o.l.p.impl.ProxyToServerConnection - (DISCONNECTED): Retaining reference counted message
10:43:46.459 [LittleProxy-ClientToProxyWorker-1] DEBUG o.l.p.impl.ProxyToServerConnection - (DISCONNECTED): Currently disconnected, connect and then write the message
10:43:46.459 [LittleProxy-ClientToProxyWorker-1] DEBUG o.l.p.impl.ProxyToServerConnection - (DISCONNECTED): Starting new connection to: voucher-manager-ui.stage.pv.nimbus-stage.cg.sky.com/80.238.10.34:80
10:43:46.459 [LittleProxy-ClientToProxyWorker-1] DEBUG o.l.p.impl.ClientToProxyConnection - (AWAITING_INITIAL) [id: 0x710aaa6e, /127.0.0.1:48626 => /127.0.1.1:41135]: Stopped reading
10:43:46.459 [LittleProxy-ClientToProxyWorker-1] DEBUG o.l.p.impl.ProxyToServerConnection - (DISCONNECTED): Processing connection flow step: CONNECTING
10:43:46.459 [LittleProxy-ClientToProxyWorker-1] DEBUG o.l.p.impl.ProxyToServerConnection - (CONNECTING): Connecting to server with TCP
10:43:46.468 [LittleProxy-ProxyToServerWorker-1] DEBUG o.l.p.impl.ProxyToServerConnection - (CONNECTING) [id: 0x500faaee, /10.65.140.181:37590 => voucher-manager-ui.stage.pv.nimbus-stage.cg.sky.com/80.238.10.34:80]: ConnectionFlowStep succeeded
10:43:46.468 [LittleProxy-ProxyToServerWorker-1] DEBUG o.l.p.impl.ProxyToServerConnection - (CONNECTING) [id: 0x500faaee, /10.65.140.181:37590 => voucher-manager-ui.stage.pv.nimbus-stage.cg.sky.com/80.238.10.34:80]: Connection flow completed successfully: null
10:43:46.468 [LittleProxy-ProxyToServerWorker-1] DEBUG o.l.p.impl.ClientToProxyConnection - (AWAITING_INITIAL) [id: 0x710aaa6e, /127.0.0.1:48626 => /127.0.1.1:41135]: Connection to server succeeded: voucher-manager-ui.stage.pv.nimbus-stage.cg.sky.com/80.238.10.34:80
10:43:46.468 [LittleProxy-ProxyToServerWorker-1] DEBUG o.l.p.impl.ClientToProxyConnection - (AWAITING_INITIAL) [id: 0x710aaa6e, /127.0.0.1:48626 => /127.0.1.1:41135]: All servers have finished attempting to connect, resuming reading from client.
10:43:46.468 [LittleProxy-ProxyToServerWorker-1] DEBUG o.l.p.impl.ClientToProxyConnection - (AWAITING_INITIAL) [id: 0x710aaa6e, /127.0.0.1:48626 => /127.0.1.1:41135]: Resumed reading
10:43:46.468 [LittleProxy-ProxyToServerWorker-1] DEBUG o.l.p.impl.ProxyToServerConnection - (AWAITING_INITIAL) [id: 0x500faaee, /10.65.140.181:37590 => voucher-manager-ui.stage.pv.nimbus-stage.cg.sky.com/80.238.10.34:80]: Writing initial request: HttpObjectAggregator$AggregatedFullHttpRequest(decodeResult: success, version: HTTP/1.1, content: CompositeByteBuf(ridx: 0, widx: 0, cap: 0, components=0))
GET / HTTP/1.1
Host: voucher-manager-ui.stage.pv.nimbus-stage.cg.sky.com
Accept: text/html,application/xhtml+xml,application/xml;q=0.9,image/webp,*/*;q=0.8
User-Agent: Mozilla/5.0 (X11; Linux x86_64) AppleWebKit/537.36 (KHTML, like Gecko) Chrome/43.0.2357.134 Safari/537.36
Accept-Language: en-GB,en-US;q=0.8,en;q=0.6
Content-Length: 0
Accept-Encoding: gzip, deflate, 
Via: 1.1 localhost.localdomain
10:43:46.468 [LittleProxy-ProxyToServerWorker-1] DEBUG o.l.p.impl.ProxyToServerConnection - (AWAITING_INITIAL) [id: 0x500faaee, /10.65.140.181:37590 => voucher-manager-ui.stage.pv.nimbus-stage.cg.sky.com/80.238.10.34:80]: Requested write of HttpObjectAggregator$AggregatedFullHttpRequest(decodeResult: success, version: HTTP/1.1, content: CompositeByteBuf(ridx: 0, widx: 0, cap: 0, components=0))
GET / HTTP/1.1
Host: voucher-manager-ui.stage.pv.nimbus-stage.cg.sky.com
Accept: text/html,application/xhtml+xml,application/xml;q=0.9,image/webp,*/*;q=0.8
User-Agent: Mozilla/5.0 (X11; Linux x86_64) AppleWebKit/537.36 (KHTML, like Gecko) Chrome/43.0.2357.134 Safari/537.36
Accept-Language: en-GB,en-US;q=0.8,en;q=0.6
Content-Length: 0
Accept-Encoding: gzip, deflate, 
Via: 1.1 localhost.localdomain
10:43:46.468 [LittleProxy-ProxyToServerWorker-1] DEBUG o.l.p.impl.ProxyToServerConnection - (AWAITING_INITIAL) [id: 0x500faaee, /10.65.140.181:37590 => voucher-manager-ui.stage.pv.nimbus-stage.cg.sky.com/80.238.10.34:80]: Retaining reference counted message
10:43:46.468 [LittleProxy-ProxyToServerWorker-1] DEBUG o.l.p.impl.ProxyToServerConnection - (AWAITING_INITIAL) [id: 0x500faaee, /10.65.140.181:37590 => voucher-manager-ui.stage.pv.nimbus-stage.cg.sky.com/80.238.10.34:80]: Using existing connection to: voucher-manager-ui.stage.pv.nimbus-stage.cg.sky.com/80.238.10.34:80
10:43:46.468 [LittleProxy-ProxyToServerWorker-1] DEBUG o.l.p.impl.ProxyToServerConnection - (AWAITING_INITIAL) [id: 0x500faaee, /10.65.140.181:37590 => voucher-manager-ui.stage.pv.nimbus-stage.cg.sky.com/80.238.10.34:80]: Writing: HttpObjectAggregator$AggregatedFullHttpRequest(decodeResult: success, version: HTTP/1.1, content: CompositeByteBuf(ridx: 0, widx: 0, cap: 0, components=0))
GET / HTTP/1.1
Host: voucher-manager-ui.stage.pv.nimbus-stage.cg.sky.com
Accept: text/html,application/xhtml+xml,application/xml;q=0.9,image/webp,*/*;q=0.8
User-Agent: Mozilla/5.0 (X11; Linux x86_64) AppleWebKit/537.36 (KHTML, like Gecko) Chrome/43.0.2357.134 Safari/537.36
Accept-Language: en-GB,en-US;q=0.8,en;q=0.6
Content-Length: 0
Accept-Encoding: gzip, deflate, 
Via: 1.1 localhost.localdomain
10:43:46.469 [LittleProxy-ProxyToServerWorker-1] DEBUG o.l.p.impl.ProxyToServerConnection - (AWAITING_INITIAL) [id: 0x500faaee, /10.65.140.181:37590 => voucher-manager-ui.stage.pv.nimbus-stage.cg.sky.com/80.238.10.34:80]: Writing an empty buffer to signal the end of our chunked transfer
10:43:46.469 [LittleProxy-ProxyToServerWorker-1] DEBUG o.l.p.impl.ProxyToServerConnection - (AWAITING_INITIAL) [id: 0x500faaee, /10.65.140.181:37590 => voucher-manager-ui.stage.pv.nimbus-stage.cg.sky.com/80.238.10.34:80]: Wrote: HttpObjectAggregator$AggregatedFullHttpRequest(decodeResult: success, version: HTTP/1.1, content: CompositeByteBuf(ridx: 0, widx: 0, cap: 0, components=0))
GET / HTTP/1.1
Host: voucher-manager-ui.stage.pv.nimbus-stage.cg.sky.com
Accept: text/html,application/xhtml+xml,application/xml;q=0.9,image/webp,*/*;q=0.8
User-Agent: Mozilla/5.0 (X11; Linux x86_64) AppleWebKit/537.36 (KHTML, like Gecko) Chrome/43.0.2357.134 Safari/537.36
Accept-Language: en-GB,en-US;q=0.8,en;q=0.6
Content-Length: 0
Accept-Encoding: gzip, deflate, 
Via: 1.1 localhost.localdomain
10:43:46.469 [LittleProxy-ProxyToServerWorker-1] DEBUG o.l.p.impl.ProxyToServerConnection - (AWAITING_INITIAL) [id: 0x500faaee, /10.65.140.181:37590 => voucher-manager-ui.stage.pv.nimbus-stage.cg.sky.com/80.238.10.34:80]: Connected
10:43:46.485 [LittleProxy-ProxyToServerWorker-1] DEBUG o.l.p.impl.ProxyToServerConnection - (AWAITING_INITIAL) [id: 0x500faaee, /10.65.140.181:37590 => voucher-manager-ui.stage.pv.nimbus-stage.cg.sky.com/80.238.10.34:80]: Remembering the current request.
10:43:46.486 [LittleProxy-ProxyToServerWorker-1] DEBUG o.l.p.impl.ProxyToServerConnection - (AWAITING_INITIAL) [id: 0x500faaee, /10.65.140.181:37590 => voucher-manager-ui.stage.pv.nimbus-stage.cg.sky.com/80.238.10.34:80]: Reading: DefaultHttpResponse(decodeResult: success, version: HTTP/1.1)
HTTP/1.1 200 OK
X-FORWARDED-PROTO: http
Server: nginx
Date: Wed, 29 Jul 2015 09:43:46 GMT
Content-Type: text/html; charset=UTF-8
Content-Length: 946
Connection: keep-alive
Keep-Alive: timeout=10
X-Powered-By: Express
X-Frame-Options: DENY
Accept-Ranges: bytes
Cache-Control: public, max-age=0
Last-Modified: Fri, 24 Jul 2015 14:37:56 GMT
ETag: W/"3b2-2857048211"
10:43:46.486 [LittleProxy-ProxyToServerWorker-1] DEBUG o.l.p.impl.ProxyToServerConnection - (AWAITING_INITIAL) [id: 0x500faaee, /10.65.140.181:37590 => voucher-manager-ui.stage.pv.nimbus-stage.cg.sky.com/80.238.10.34:80]: Received raw response: DefaultHttpResponse(decodeResult: success, version: HTTP/1.1)
HTTP/1.1 200 OK
X-FORWARDED-PROTO: http
Server: nginx
Date: Wed, 29 Jul 2015 09:43:46 GMT
Content-Type: text/html; charset=UTF-8
Content-Length: 946
Connection: keep-alive
Keep-Alive: timeout=10
X-Powered-By: Express
X-Frame-Options: DENY
Accept-Ranges: bytes
Cache-Control: public, max-age=0
Last-Modified: Fri, 24 Jul 2015 14:37:56 GMT
ETag: W/"3b2-2857048211"
10:43:46.486 [LittleProxy-ProxyToServerWorker-1] DEBUG o.l.p.impl.ProxyToServerConnection - (AWAITING_INITIAL) [id: 0x500faaee, /10.65.140.181:37590 => voucher-manager-ui.stage.pv.nimbus-stage.cg.sky.com/80.238.10.34:80]: Remembering the current response.
10:43:46.486 [LittleProxy-ProxyToServerWorker-1] DEBUG o.l.p.impl.ClientToProxyConnection - (AWAITING_INITIAL) [id: 0x710aaa6e, /127.0.0.1:48626 => /127.0.1.1:41135]: Writing: DefaultHttpResponse(decodeResult: success, version: HTTP/1.1)
HTTP/1.1 200 OK
X-FORWARDED-PROTO: http
Server: nginx
Date: Wed, 29 Jul 2015 09:43:46 GMT
Content-Type: text/html; charset=UTF-8
Content-Length: 946
X-Powered-By: Express
X-Frame-Options: DENY
Accept-Ranges: bytes
Cache-Control: public, max-age=0
Last-Modified: Fri, 24 Jul 2015 14:37:56 GMT
ETag: W/"3b2-2857048211"
Via: 1.1 localhost.localdomain
10:43:46.486 [LittleProxy-ProxyToServerWorker-1] DEBUG o.l.p.impl.ClientToProxyConnection - (AWAITING_INITIAL) [id: 0x710aaa6e, /127.0.0.1:48626 => /127.0.1.1:41135]: Wrote: DefaultHttpResponse(decodeResult: success, version: HTTP/1.1)
HTTP/1.1 200 OK
X-FORWARDED-PROTO: http
Server: nginx
Date: Wed, 29 Jul 2015 09:43:46 GMT
Content-Type: text/html; charset=UTF-8
Content-Length: 946
X-Powered-By: Express
X-Frame-Options: DENY
Accept-Ranges: bytes
Cache-Control: public, max-age=0
Last-Modified: Fri, 24 Jul 2015 14:37:56 GMT
ETag: W/"3b2-2857048211"
Via: 1.1 localhost.localdomain
10:43:46.486 [LittleProxy-ProxyToServerWorker-1] DEBUG o.l.p.impl.ClientToProxyConnection - (AWAITING_INITIAL) [id: 0x710aaa6e, /127.0.0.1:48626 => /127.0.1.1:41135]: Not closing server connection on middle chunk for /
10:43:46.486 [LittleProxy-ProxyToServerWorker-1] DEBUG o.l.p.impl.ClientToProxyConnection - (AWAITING_INITIAL) [id: 0x710aaa6e, /127.0.0.1:48626 => /127.0.1.1:41135]: Not closing client connection on middle chunk for /
10:43:46.486 [LittleProxy-ProxyToServerWorker-1] DEBUG o.l.p.impl.ProxyToServerConnection - (AWAITING_CHUNK) [id: 0x500faaee, /10.65.140.181:37590 => voucher-manager-ui.stage.pv.nimbus-stage.cg.sky.com/80.238.10.34:80]: Reading: DefaultHttpContent(data: SlicedByteBuf(ridx: 0, widx: 645, cap: 645/645, unwrapped: UnpooledUnsafeDirectByteBuf(ridx: 1024, widx: 1024, cap: 1024)), decoderResult: success)
10:43:46.486 [LittleProxy-ProxyToServerWorker-1] DEBUG o.l.p.impl.ClientToProxyConnection - (AWAITING_INITIAL) [id: 0x710aaa6e, /127.0.0.1:48626 => /127.0.1.1:41135]: Retaining reference counted message
10:43:46.487 [LittleProxy-ProxyToServerWorker-1] DEBUG o.l.p.impl.ClientToProxyConnection - (AWAITING_INITIAL) [id: 0x710aaa6e, /127.0.0.1:48626 => /127.0.1.1:41135]: Writing: DefaultHttpContent(data: SlicedByteBuf(ridx: 0, widx: 645, cap: 645/645, unwrapped: UnpooledUnsafeDirectByteBuf(ridx: 1024, widx: 1024, cap: 1024)), decoderResult: success)
10:43:46.487 [LittleProxy-ProxyToServerWorker-1] DEBUG o.l.p.impl.ClientToProxyConnection - (AWAITING_INITIAL) [id: 0x710aaa6e, /127.0.0.1:48626 => /127.0.1.1:41135]: Wrote: DefaultHttpContent(data: SlicedByteBuf(ridx: 0, widx: 645, cap: 645/645, unwrapped: UnpooledUnsafeDirectByteBuf(ridx: 1024, widx: 1024, cap: 1024)), decoderResult: success)
10:43:46.487 [LittleProxy-ProxyToServerWorker-1] DEBUG o.l.p.impl.ClientToProxyConnection - (AWAITING_INITIAL) [id: 0x710aaa6e, /127.0.0.1:48626 => /127.0.1.1:41135]: Not closing server connection on middle chunk for /
10:43:46.487 [LittleProxy-ProxyToServerWorker-1] DEBUG o.l.p.impl.ClientToProxyConnection - (AWAITING_INITIAL) [id: 0x710aaa6e, /127.0.0.1:48626 => /127.0.1.1:41135]: Not closing client connection on middle chunk for /
10:43:46.487 [LittleProxy-ProxyToServerWorker-1] DEBUG o.l.p.impl.ProxyToServerConnection - (AWAITING_CHUNK) [id: 0x500faaee, /10.65.140.181:37590 => voucher-manager-ui.stage.pv.nimbus-stage.cg.sky.com/80.238.10.34:80]: Reading: DefaultLastHttpContent(data: SlicedByteBuf(ridx: 0, widx: 301, cap: 301/301, unwrapped: UnpooledUnsafeDirectByteBuf(ridx: 301, widx: 301, cap: 1024)), decoderResult: success)
10:43:46.487 [LittleProxy-ProxyToServerWorker-1] DEBUG o.l.p.impl.ClientToProxyConnection - (AWAITING_INITIAL) [id: 0x710aaa6e, /127.0.0.1:48626 => /127.0.1.1:41135]: Retaining reference counted message
10:43:46.487 [LittleProxy-ProxyToServerWorker-1] DEBUG o.l.p.impl.ClientToProxyConnection - (AWAITING_INITIAL) [id: 0x710aaa6e, /127.0.0.1:48626 => /127.0.1.1:41135]: Writing: DefaultLastHttpContent(data: SlicedByteBuf(ridx: 0, widx: 301, cap: 301/301, unwrapped: UnpooledUnsafeDirectByteBuf(ridx: 301, widx: 301, cap: 1024)), decoderResult: success)
10:43:46.487 [LittleProxy-ProxyToServerWorker-1] DEBUG o.l.p.impl.ClientToProxyConnection - (AWAITING_INITIAL) [id: 0x710aaa6e, /127.0.0.1:48626 => /127.0.1.1:41135]: Writing an empty buffer to signal the end of our chunked transfer
10:43:46.487 [LittleProxy-ProxyToServerWorker-1] DEBUG o.l.p.impl.ClientToProxyConnection - (AWAITING_INITIAL) [id: 0x710aaa6e, /127.0.0.1:48626 => /127.0.1.1:41135]: Wrote: DefaultLastHttpContent(data: SlicedByteBuf(ridx: 0, widx: 301, cap: 301/301, unwrapped: UnpooledUnsafeDirectByteBuf(ridx: 301, widx: 301, cap: 1024)), decoderResult: success)
10:43:46.487 [LittleProxy-ProxyToServerWorker-1] DEBUG o.l.p.impl.ClientToProxyConnection - (AWAITING_INITIAL) [id: 0x710aaa6e, /127.0.0.1:48626 => /127.0.1.1:41135]: Retaining reference counted message
10:43:46.487 [LittleProxy-ProxyToServerWorker-1] DEBUG o.l.p.impl.ClientToProxyConnection - (AWAITING_INITIAL) [id: 0x710aaa6e, /127.0.0.1:48626 => /127.0.1.1:41135]: Writing: EmptyByteBufBE
10:43:46.487 [LittleProxy-ProxyToServerWorker-1] DEBUG o.l.p.impl.ClientToProxyConnection - (AWAITING_INITIAL) [id: 0x710aaa6e, /127.0.0.1:48626 => /127.0.1.1:41135]: Wrote: EmptyByteBufBE
10:43:46.487 [LittleProxy-ProxyToServerWorker-1] DEBUG o.l.p.impl.ClientToProxyConnection - (AWAITING_INITIAL) [id: 0x710aaa6e, /127.0.0.1:48626 => /127.0.1.1:41135]: Handling last chunk. Using normal server connection closing rules.
10:43:46.487 [LittleProxy-ProxyToServerWorker-1] DEBUG o.l.p.impl.ClientToProxyConnection - (AWAITING_INITIAL) [id: 0x710aaa6e, /127.0.0.1:48626 => /127.0.1.1:41135]: Not closing server connection for response: DefaultHttpResponse(decodeResult: success, version: HTTP/1.1)
HTTP/1.1 200 OK
X-FORWARDED-PROTO: http
Server: nginx
Date: Wed, 29 Jul 2015 09:43:46 GMT
Content-Type: text/html; charset=UTF-8
Content-Length: 946
Connection: keep-alive
Keep-Alive: timeout=10
X-Powered-By: Express
X-Frame-Options: DENY
Accept-Ranges: bytes
Cache-Control: public, max-age=0
Last-Modified: Fri, 24 Jul 2015 14:37:56 GMT
ETag: W/"3b2-2857048211"
10:43:46.487 [LittleProxy-ProxyToServerWorker-1] DEBUG o.l.p.impl.ClientToProxyConnection - (AWAITING_INITIAL) [id: 0x710aaa6e, /127.0.0.1:48626 => /127.0.1.1:41135]: Handling last chunk. Using normal client connection closing rules.
10:43:46.487 [LittleProxy-ProxyToServerWorker-1] DEBUG o.l.p.impl.ClientToProxyConnection - (AWAITING_INITIAL) [id: 0x710aaa6e, /127.0.0.1:48626 => /127.0.1.1:41135]: Not closing client connection for request: HttpObjectAggregator$AggregatedFullHttpRequest(decodeResult: success, version: HTTP/1.1, content: CompositeByteBuf(ridx: 0, widx: 0, cap: 0, components=0))
GET / HTTP/1.1
Host: voucher-manager-ui.stage.pv.nimbus-stage.cg.sky.com
Accept: text/html,application/xhtml+xml,application/xml;q=0.9,image/webp,*/*;q=0.8
User-Agent: Mozilla/5.0 (X11; Linux x86_64) AppleWebKit/537.36 (KHTML, like Gecko) Chrome/43.0.2357.134 Safari/537.36
Accept-Language: en-GB,en-US;q=0.8,en;q=0.6
Content-Length: 0
Accept-Encoding: gzip, deflate, 
Via: 1.1 localhost.localdomain
10:43:46.496 [LittleProxy-ClientToProxyWorker-2] DEBUG o.l.p.impl.ClientToProxyConnection - (AWAITING_INITIAL): Configuring ChannelPipeline
10:43:46.496 [LittleProxy-ClientToProxyWorker-3] DEBUG o.l.p.impl.ClientToProxyConnection - (AWAITING_INITIAL): Configuring ChannelPipeline
10:43:46.497 [LittleProxy-ClientToProxyWorker-1] DEBUG o.l.p.impl.ClientToProxyConnection - (AWAITING_INITIAL) [id: 0x710aaa6e, /127.0.0.1:48626 => /127.0.1.1:41135]: Reading: HttpObjectAggregator$AggregatedFullHttpRequest(decodeResult: success, version: HTTP/1.1, content: CompositeByteBuf(ridx: 0, widx: 0, cap: 0, components=0))
GET http://voucher-manager-ui.stage.pv.nimbus-stage.cg.sky.com/styles/vendor.e0f0f7c2.css HTTP/1.1
Host: voucher-manager-ui.stage.pv.nimbus-stage.cg.sky.com
Proxy-Connection: keep-alive
Accept: text/css,*/*;q=0.1
User-Agent: Mozilla/5.0 (X11; Linux x86_64) AppleWebKit/537.36 (KHTML, like Gecko) Chrome/43.0.2357.134 Safari/537.36
Referer: http://voucher-manager-ui.stage.pv.nimbus-stage.cg.sky.com/
Accept-Encoding: gzip, deflate, sdch
Accept-Language: en-GB,en-US;q=0.8,en;q=0.6
Content-Length: 0
10:43:46.497 [LittleProxy-ClientToProxyWorker-4] DEBUG o.l.p.impl.ClientToProxyConnection - (AWAITING_INITIAL): Configuring ChannelPipeline
10:43:46.497 [LittleProxy-ClientToProxyWorker-5] DEBUG o.l.p.impl.ClientToProxyConnection - (AWAITING_INITIAL): Configuring ChannelPipeline
10:43:46.497 [LittleProxy-ClientToProxyWorker-1] DEBUG o.l.p.impl.ClientToProxyConnection - (AWAITING_INITIAL) [id: 0x710aaa6e, /127.0.0.1:48626 => /127.0.1.1:41135]: Got request: HttpObjectAggregator$AggregatedFullHttpRequest(decodeResult: success, version: HTTP/1.1, content: CompositeByteBuf(ridx: 0, widx: 0, cap: 0, components=0))
GET http://voucher-manager-ui.stage.pv.nimbus-stage.cg.sky.com/styles/vendor.e0f0f7c2.css HTTP/1.1
Host: voucher-manager-ui.stage.pv.nimbus-stage.cg.sky.com
Proxy-Connection: keep-alive
Accept: text/css,*/*;q=0.1
User-Agent: Mozilla/5.0 (X11; Linux x86_64) AppleWebKit/537.36 (KHTML, like Gecko) Chrome/43.0.2357.134 Safari/537.36
Referer: http://voucher-manager-ui.stage.pv.nimbus-stage.cg.sky.com/
Accept-Encoding: gzip, deflate, sdch
Accept-Language: en-GB,en-US;q=0.8,en;q=0.6
Content-Length: 0
10:43:46.497 [LittleProxy-ClientToProxyWorker-2] DEBUG o.l.p.impl.ClientToProxyConnection - (AWAITING_INITIAL): Created ClientToProxyConnection
10:43:46.497 [LittleProxy-ClientToProxyWorker-3] DEBUG o.l.p.impl.ClientToProxyConnection - (AWAITING_INITIAL): Created ClientToProxyConnection
10:43:46.502 [LittleProxy-ClientToProxyWorker-2] DEBUG o.l.p.impl.ClientToProxyConnection - (AWAITING_INITIAL) [id: 0xa01e3b00, /127.0.0.1:48628 => /127.0.1.1:41135]: Connected
10:43:46.502 [LittleProxy-ClientToProxyWorker-1] DEBUG o.l.p.impl.ClientToProxyConnection - (AWAITING_INITIAL) [id: 0x710aaa6e, /127.0.0.1:48626 => /127.0.1.1:41135]: Ensuring that hostAndPort are available in http://voucher-manager-ui.stage.pv.nimbus-stage.cg.sky.com/styles/vendor.e0f0f7c2.css
10:43:46.502 [LittleProxy-ClientToProxyWorker-1] DEBUG o.l.p.impl.ClientToProxyConnection - (AWAITING_INITIAL) [id: 0x710aaa6e, /127.0.0.1:48626 => /127.0.1.1:41135]: Finding ProxyToServerConnection for: voucher-manager-ui.stage.pv.nimbus-stage.cg.sky.com
10:43:46.502 [LittleProxy-ClientToProxyWorker-1] DEBUG o.l.p.impl.ClientToProxyConnection - (AWAITING_INITIAL) [id: 0x710aaa6e, /127.0.0.1:48626 => /127.0.1.1:41135]: Reusing existing server connection: org.littleshoot.proxy.impl.ProxyToServerConnection@389fa3b6
10:43:46.502 [LittleProxy-ClientToProxyWorker-1] DEBUG o.l.p.impl.ClientToProxyConnection - (AWAITING_INITIAL) [id: 0x710aaa6e, /127.0.0.1:48626 => /127.0.1.1:41135]: Modifying request headers for proxying
10:43:46.502 [LittleProxy-ClientToProxyWorker-1] DEBUG o.l.p.impl.ClientToProxyConnection - (AWAITING_INITIAL) [id: 0x710aaa6e, /127.0.0.1:48626 => /127.0.1.1:41135]: Modifying request for proxy chaining
10:43:46.503 [LittleProxy-ClientToProxyWorker-1] DEBUG o.l.p.impl.ClientToProxyConnection - (AWAITING_INITIAL) [id: 0x710aaa6e, /127.0.0.1:48626 => /127.0.1.1:41135]: Stripped host from uri: http://voucher-manager-ui.stage.pv.nimbus-stage.cg.sky.com/styles/vendor.e0f0f7c2.css    yielding: /styles/vendor.e0f0f7c2.css
10:43:46.503 [LittleProxy-ClientToProxyWorker-2] DEBUG o.l.p.impl.ClientToProxyConnection - (AWAITING_INITIAL) [id: 0xa01e3b00, /127.0.0.1:48628 => /127.0.1.1:41135]: Reading: HttpObjectAggregator$AggregatedFullHttpRequest(decodeResult: success, version: HTTP/1.1, content: CompositeByteBuf(ridx: 0, widx: 0, cap: 0, components=0))
GET http://voucher-manager-ui.stage.pv.nimbus-stage.cg.sky.com/styles/main.d21d6943.css HTTP/1.1
Host: voucher-manager-ui.stage.pv.nimbus-stage.cg.sky.com
Proxy-Connection: keep-alive
Accept: text/css,*/*;q=0.1
User-Agent: Mozilla/5.0 (X11; Linux x86_64) AppleWebKit/537.36 (KHTML, like Gecko) Chrome/43.0.2357.134 Safari/537.36
Referer: http://voucher-manager-ui.stage.pv.nimbus-stage.cg.sky.com/
Accept-Encoding: gzip, deflate, sdch
Accept-Language: en-GB,en-US;q=0.8,en;q=0.6
Content-Length: 0
10:43:46.503 [LittleProxy-ClientToProxyWorker-1] DEBUG o.l.p.impl.ClientToProxyConnection - (AWAITING_INITIAL) [id: 0x710aaa6e, /127.0.0.1:48626 => /127.0.1.1:41135]: Removed sdch and inserted: gzip, deflate, 
10:43:46.503 [LittleProxy-ClientToProxyWorker-2] DEBUG o.l.p.impl.ClientToProxyConnection - (AWAITING_INITIAL) [id: 0xa01e3b00, /127.0.0.1:48628 => /127.0.1.1:41135]: Got request: HttpObjectAggregator$AggregatedFullHttpRequest(decodeResult: success, version: HTTP/1.1, content: CompositeByteBuf(ridx: 0, widx: 0, cap: 0, components=0))
GET http://voucher-manager-ui.stage.pv.nimbus-stage.cg.sky.com/styles/main.d21d6943.css HTTP/1.1
Host: voucher-manager-ui.stage.pv.nimbus-stage.cg.sky.com
Proxy-Connection: keep-alive
Accept: text/css,*/*;q=0.1
User-Agent: Mozilla/5.0 (X11; Linux x86_64) AppleWebKit/537.36 (KHTML, like Gecko) Chrome/43.0.2357.134 Safari/537.36
Referer: http://voucher-manager-ui.stage.pv.nimbus-stage.cg.sky.com/
Accept-Encoding: gzip, deflate, sdch
Accept-Language: en-GB,en-US;q=0.8,en;q=0.6
Content-Length: 0
10:43:46.503 [LittleProxy-ClientToProxyWorker-1] DEBUG o.l.p.impl.ClientToProxyConnection - (AWAITING_INITIAL) [id: 0x710aaa6e, /127.0.0.1:48626 => /127.0.1.1:41135]: Writing request to ProxyToServerConnection
10:43:46.503 [LittleProxy-ClientToProxyWorker-1] DEBUG o.l.p.impl.ProxyToServerConnection - (AWAITING_INITIAL) [id: 0x500faaee, /10.65.140.181:37590 => voucher-manager-ui.stage.pv.nimbus-stage.cg.sky.com/80.238.10.34:80]: Requested write of HttpObjectAggregator$AggregatedFullHttpRequest(decodeResult: success, version: HTTP/1.1, content: CompositeByteBuf(ridx: 0, widx: 0, cap: 0, components=0))
GET /styles/vendor.e0f0f7c2.css HTTP/1.1
Host: voucher-manager-ui.stage.pv.nimbus-stage.cg.sky.com
Accept: text/css,*/*;q=0.1
User-Agent: Mozilla/5.0 (X11; Linux x86_64) AppleWebKit/537.36 (KHTML, like Gecko) Chrome/43.0.2357.134 Safari/537.36
Referer: http://voucher-manager-ui.stage.pv.nimbus-stage.cg.sky.com/
Accept-Language: en-GB,en-US;q=0.8,en;q=0.6
Content-Length: 0
Accept-Encoding: gzip, deflate, 
Via: 1.1 localhost.localdomain
10:43:46.503 [LittleProxy-ClientToProxyWorker-1] DEBUG o.l.p.impl.ProxyToServerConnection - (AWAITING_INITIAL) [id: 0x500faaee, /10.65.140.181:37590 => voucher-manager-ui.stage.pv.nimbus-stage.cg.sky.com/80.238.10.34:80]: Retaining reference counted message
10:43:46.503 [LittleProxy-ClientToProxyWorker-1] DEBUG o.l.p.impl.ProxyToServerConnection - (AWAITING_INITIAL) [id: 0x500faaee, /10.65.140.181:37590 => voucher-manager-ui.stage.pv.nimbus-stage.cg.sky.com/80.238.10.34:80]: Using existing connection to: voucher-manager-ui.stage.pv.nimbus-stage.cg.sky.com/80.238.10.34:80
10:43:46.503 [LittleProxy-ClientToProxyWorker-1] DEBUG o.l.p.impl.ProxyToServerConnection - (AWAITING_INITIAL) [id: 0x500faaee, /10.65.140.181:37590 => voucher-manager-ui.stage.pv.nimbus-stage.cg.sky.com/80.238.10.34:80]: Writing: HttpObjectAggregator$AggregatedFullHttpRequest(decodeResult: success, version: HTTP/1.1, content: CompositeByteBuf(ridx: 0, widx: 0, cap: 0, components=0))
GET /styles/vendor.e0f0f7c2.css HTTP/1.1
Host: voucher-manager-ui.stage.pv.nimbus-stage.cg.sky.com
Accept: text/css,*/*;q=0.1
User-Agent: Mozilla/5.0 (X11; Linux x86_64) AppleWebKit/537.36 (KHTML, like Gecko) Chrome/43.0.2357.134 Safari/537.36
Referer: http://voucher-manager-ui.stage.pv.nimbus-stage.cg.sky.com/
Accept-Language: en-GB,en-US;q=0.8,en;q=0.6
Content-Length: 0
Accept-Encoding: gzip, deflate, 
Via: 1.1 localhost.localdomain
10:43:46.503 [LittleProxy-ClientToProxyWorker-2] DEBUG o.l.p.impl.ClientToProxyConnection - (AWAITING_INITIAL) [id: 0xa01e3b00, /127.0.0.1:48628 => /127.0.1.1:41135]: Ensuring that hostAndPort are available in http://voucher-manager-ui.stage.pv.nimbus-stage.cg.sky.com/styles/main.d21d6943.css
10:43:46.503 [LittleProxy-ClientToProxyWorker-2] DEBUG o.l.p.impl.ClientToProxyConnection - (AWAITING_INITIAL) [id: 0xa01e3b00, /127.0.0.1:48628 => /127.0.1.1:41135]: Finding ProxyToServerConnection for: voucher-manager-ui.stage.pv.nimbus-stage.cg.sky.com
10:43:46.503 [LittleProxy-ClientToProxyWorker-5] DEBUG o.l.p.impl.ClientToProxyConnection - (AWAITING_INITIAL): Created ClientToProxyConnection
10:43:46.503 [LittleProxy-ClientToProxyWorker-4] DEBUG o.l.p.impl.ClientToProxyConnection - (AWAITING_INITIAL): Created ClientToProxyConnection
10:43:46.503 [LittleProxy-ClientToProxyWorker-2] DEBUG o.l.p.impl.ClientToProxyConnection - (AWAITING_INITIAL) [id: 0xa01e3b00, /127.0.0.1:48628 => /127.0.1.1:41135]: Didn't find existing ProxyToServerConnection for: voucher-manager-ui.stage.pv.nimbus-stage.cg.sky.com
10:43:46.503 [LittleProxy-ClientToProxyWorker-3] DEBUG o.l.p.impl.ClientToProxyConnection - (AWAITING_INITIAL) [id: 0x1c552e73, /127.0.0.1:48629 => /127.0.1.1:41135]: Connected
10:43:46.503 [LittleProxy-ClientToProxyWorker-5] DEBUG o.l.p.impl.ClientToProxyConnection - (AWAITING_INITIAL) [id: 0xd717f4b0, /127.0.0.1:48631 => /127.0.1.1:41135]: Connected
10:43:46.503 [LittleProxy-ClientToProxyWorker-4] DEBUG o.l.p.impl.ClientToProxyConnection - (AWAITING_INITIAL) [id: 0xd40ea92d, /127.0.0.1:48630 => /127.0.1.1:41135]: Connected
10:43:46.504 [LittleProxy-ClientToProxyWorker-5] DEBUG o.l.p.impl.ClientToProxyConnection - (AWAITING_INITIAL) [id: 0xd717f4b0, /127.0.0.1:48631 => /127.0.1.1:41135]: Reading: HttpObjectAggregator$AggregatedFullHttpRequest(decodeResult: success, version: HTTP/1.1, content: CompositeByteBuf(ridx: 0, widx: 0, cap: 0, components=0))
GET http://voucher-manager-ui.stage.pv.nimbus-stage.cg.sky.com/config HTTP/1.1
Host: voucher-manager-ui.stage.pv.nimbus-stage.cg.sky.com
Proxy-Connection: keep-alive
Accept: */*
User-Agent: Mozilla/5.0 (X11; Linux x86_64) AppleWebKit/537.36 (KHTML, like Gecko) Chrome/43.0.2357.134 Safari/537.36
Referer: http://voucher-manager-ui.stage.pv.nimbus-stage.cg.sky.com/
Accept-Encoding: gzip, deflate, sdch
Accept-Language: en-GB,en-US;q=0.8,en;q=0.6
Content-Length: 0
10:43:46.504 [LittleProxy-ClientToProxyWorker-3] DEBUG o.l.p.impl.ClientToProxyConnection - (AWAITING_INITIAL) [id: 0x1c552e73, /127.0.0.1:48629 => /127.0.1.1:41135]: Reading: HttpObjectAggregator$AggregatedFullHttpRequest(decodeResult: success, version: HTTP/1.1, content: CompositeByteBuf(ridx: 0, widx: 0, cap: 0, components=0))
GET http://voucher-manager-ui.stage.pv.nimbus-stage.cg.sky.com/scripts/vendor.5b6e72cb.js HTTP/1.1
Host: voucher-manager-ui.stage.pv.nimbus-stage.cg.sky.com
Proxy-Connection: keep-alive
Accept: */*
User-Agent: Mozilla/5.0 (X11; Linux x86_64) AppleWebKit/537.36 (KHTML, like Gecko) Chrome/43.0.2357.134 Safari/537.36
Referer: http://voucher-manager-ui.stage.pv.nimbus-stage.cg.sky.com/
Accept-Encoding: gzip, deflate, sdch
Accept-Language: en-GB,en-US;q=0.8,en;q=0.6
Content-Length: 0
10:43:46.504 [LittleProxy-ClientToProxyWorker-4] DEBUG o.l.p.impl.ClientToProxyConnection - (AWAITING_INITIAL) [id: 0xd40ea92d, /127.0.0.1:48630 => /127.0.1.1:41135]: Reading: HttpObjectAggregator$AggregatedFullHttpRequest(decodeResult: success, version: HTTP/1.1, content: CompositeByteBuf(ridx: 0, widx: 0, cap: 0, components=0))
GET http://voucher-manager-ui.stage.pv.nimbus-stage.cg.sky.com/scripts/scripts.b3713605.js HTTP/1.1
Host: voucher-manager-ui.stage.pv.nimbus-stage.cg.sky.com
Proxy-Connection: keep-alive
Accept: */*
User-Agent: Mozilla/5.0 (X11; Linux x86_64) AppleWebKit/537.36 (KHTML, like Gecko) Chrome/43.0.2357.134 Safari/537.36
Referer: http://voucher-manager-ui.stage.pv.nimbus-stage.cg.sky.com/
Accept-Encoding: gzip, deflate, sdch
Accept-Language: en-GB,en-US;q=0.8,en;q=0.6
Content-Length: 0
10:43:46.504 [LittleProxy-ClientToProxyWorker-1] DEBUG o.l.p.impl.ProxyToServerConnection - (AWAITING_INITIAL) [id: 0x500faaee, /10.65.140.181:37590 => voucher-manager-ui.stage.pv.nimbus-stage.cg.sky.com/80.238.10.34:80]: Writing an empty buffer to signal the end of our chunked transfer
10:43:46.504 [LittleProxy-ClientToProxyWorker-5] DEBUG o.l.p.impl.ClientToProxyConnection - (AWAITING_INITIAL) [id: 0xd717f4b0, /127.0.0.1:48631 => /127.0.1.1:41135]: Got request: HttpObjectAggregator$AggregatedFullHttpRequest(decodeResult: success, version: HTTP/1.1, content: CompositeByteBuf(ridx: 0, widx: 0, cap: 0, components=0))
GET http://voucher-manager-ui.stage.pv.nimbus-stage.cg.sky.com/config HTTP/1.1
Host: voucher-manager-ui.stage.pv.nimbus-stage.cg.sky.com
Proxy-Connection: keep-alive
Accept: */*
User-Agent: Mozilla/5.0 (X11; Linux x86_64) AppleWebKit/537.36 (KHTML, like Gecko) Chrome/43.0.2357.134 Safari/537.36
Referer: http://voucher-manager-ui.stage.pv.nimbus-stage.cg.sky.com/
Accept-Encoding: gzip, deflate, sdch
Accept-Language: en-GB,en-US;q=0.8,en;q=0.6
Content-Length: 0
10:43:46.504 [LittleProxy-ClientToProxyWorker-4] DEBUG o.l.p.impl.ClientToProxyConnection - (AWAITING_INITIAL) [id: 0xd40ea92d, /127.0.0.1:48630 => /127.0.1.1:41135]: Got request: HttpObjectAggregator$AggregatedFullHttpRequest(decodeResult: success, version: HTTP/1.1, content: CompositeByteBuf(ridx: 0, widx: 0, cap: 0, components=0))
GET http://voucher-manager-ui.stage.pv.nimbus-stage.cg.sky.com/scripts/scripts.b3713605.js HTTP/1.1
Host: voucher-manager-ui.stage.pv.nimbus-stage.cg.sky.com
Proxy-Connection: keep-alive
Accept: */*
User-Agent: Mozilla/5.0 (X11; Linux x86_64) AppleWebKit/537.36 (KHTML, like Gecko) Chrome/43.0.2357.134 Safari/537.36
Referer: http://voucher-manager-ui.stage.pv.nimbus-stage.cg.sky.com/
Accept-Encoding: gzip, deflate, sdch
Accept-Language: en-GB,en-US;q=0.8,en;q=0.6
Content-Length: 0
10:43:46.505 [LittleProxy-ClientToProxyWorker-1] DEBUG o.l.p.impl.ProxyToServerConnection - (AWAITING_INITIAL) [id: 0x500faaee, /10.65.140.181:37590 => voucher-manager-ui.stage.pv.nimbus-stage.cg.sky.com/80.238.10.34:80]: Wrote: HttpObjectAggregator$AggregatedFullHttpRequest(decodeResult: success, version: HTTP/1.1, content: CompositeByteBuf(ridx: 0, widx: 0, cap: 0, components=0))
GET /styles/vendor.e0f0f7c2.css HTTP/1.1
Host: voucher-manager-ui.stage.pv.nimbus-stage.cg.sky.com
Accept: text/css,*/*;q=0.1
User-Agent: Mozilla/5.0 (X11; Linux x86_64) AppleWebKit/537.36 (KHTML, like Gecko) Chrome/43.0.2357.134 Safari/537.36
Referer: http://voucher-manager-ui.stage.pv.nimbus-stage.cg.sky.com/
Accept-Language: en-GB,en-US;q=0.8,en;q=0.6
Content-Length: 0
Accept-Encoding: gzip, deflate, 
Via: 1.1 localhost.localdomain
10:43:46.505 [LittleProxy-ClientToProxyWorker-4] DEBUG o.l.p.impl.ClientToProxyConnection - (AWAITING_INITIAL) [id: 0xd40ea92d, /127.0.0.1:48630 => /127.0.1.1:41135]: Ensuring that hostAndPort are available in http://voucher-manager-ui.stage.pv.nimbus-stage.cg.sky.com/scripts/scripts.b3713605.js
10:43:46.505 [LittleProxy-ClientToProxyWorker-4] DEBUG o.l.p.impl.ClientToProxyConnection - (AWAITING_INITIAL) [id: 0xd40ea92d, /127.0.0.1:48630 => /127.0.1.1:41135]: Finding ProxyToServerConnection for: voucher-manager-ui.stage.pv.nimbus-stage.cg.sky.com
10:43:46.505 [LittleProxy-ClientToProxyWorker-5] DEBUG o.l.p.impl.ClientToProxyConnection - (AWAITING_INITIAL) [id: 0xd717f4b0, /127.0.0.1:48631 => /127.0.1.1:41135]: Ensuring that hostAndPort are available in http://voucher-manager-ui.stage.pv.nimbus-stage.cg.sky.com/config
10:43:46.505 [LittleProxy-ClientToProxyWorker-4] DEBUG o.l.p.impl.ClientToProxyConnection - (AWAITING_INITIAL) [id: 0xd40ea92d, /127.0.0.1:48630 => /127.0.1.1:41135]: Didn't find existing ProxyToServerConnection for: voucher-manager-ui.stage.pv.nimbus-stage.cg.sky.com
10:43:46.506 [LittleProxy-ClientToProxyWorker-2] DEBUG o.l.p.impl.ClientToProxyConnection - (AWAITING_INITIAL) [id: 0xa01e3b00, /127.0.0.1:48628 => /127.0.1.1:41135]: Modifying request headers for proxying
10:43:46.506 [LittleProxy-ClientToProxyWorker-5] DEBUG o.l.p.impl.ClientToProxyConnection - (AWAITING_INITIAL) [id: 0xd717f4b0, /127.0.0.1:48631 => /127.0.1.1:41135]: Finding ProxyToServerConnection for: voucher-manager-ui.stage.pv.nimbus-stage.cg.sky.com
10:43:46.506 [LittleProxy-ClientToProxyWorker-2] DEBUG o.l.p.impl.ClientToProxyConnection - (AWAITING_INITIAL) [id: 0xa01e3b00, /127.0.0.1:48628 => /127.0.1.1:41135]: Modifying request for proxy chaining
10:43:46.506 [LittleProxy-ClientToProxyWorker-5] DEBUG o.l.p.impl.ClientToProxyConnection - (AWAITING_INITIAL) [id: 0xd717f4b0, /127.0.0.1:48631 => /127.0.1.1:41135]: Didn't find existing ProxyToServerConnection for: voucher-manager-ui.stage.pv.nimbus-stage.cg.sky.com
10:43:46.506 [LittleProxy-ClientToProxyWorker-2] DEBUG o.l.p.impl.ClientToProxyConnection - (AWAITING_INITIAL) [id: 0xa01e3b00, /127.0.0.1:48628 => /127.0.1.1:41135]: Stripped host from uri: http://voucher-manager-ui.stage.pv.nimbus-stage.cg.sky.com/styles/main.d21d6943.css    yielding: /styles/main.d21d6943.css
10:43:46.506 [LittleProxy-ClientToProxyWorker-4] DEBUG o.l.p.impl.ClientToProxyConnection - (AWAITING_INITIAL) [id: 0xd40ea92d, /127.0.0.1:48630 => /127.0.1.1:41135]: Modifying request headers for proxying
10:43:46.506 [LittleProxy-ClientToProxyWorker-4] DEBUG o.l.p.impl.ClientToProxyConnection - (AWAITING_INITIAL) [id: 0xd40ea92d, /127.0.0.1:48630 => /127.0.1.1:41135]: Modifying request for proxy chaining
10:43:46.506 [LittleProxy-ClientToProxyWorker-2] DEBUG o.l.p.impl.ClientToProxyConnection - (AWAITING_INITIAL) [id: 0xa01e3b00, /127.0.0.1:48628 => /127.0.1.1:41135]: Removed sdch and inserted: gzip, deflate, 
10:43:46.506 [LittleProxy-ClientToProxyWorker-4] DEBUG o.l.p.impl.ClientToProxyConnection - (AWAITING_INITIAL) [id: 0xd40ea92d, /127.0.0.1:48630 => /127.0.1.1:41135]: Stripped host from uri: http://voucher-manager-ui.stage.pv.nimbus-stage.cg.sky.com/scripts/scripts.b3713605.js    yielding: /scripts/scripts.b3713605.js
10:43:46.506 [LittleProxy-ClientToProxyWorker-5] DEBUG o.l.p.impl.ClientToProxyConnection - (AWAITING_INITIAL) [id: 0xd717f4b0, /127.0.0.1:48631 => /127.0.1.1:41135]: Modifying request headers for proxying
10:43:46.506 [LittleProxy-ClientToProxyWorker-5] DEBUG o.l.p.impl.ClientToProxyConnection - (AWAITING_INITIAL) [id: 0xd717f4b0, /127.0.0.1:48631 => /127.0.1.1:41135]: Modifying request for proxy chaining
10:43:46.506 [LittleProxy-ClientToProxyWorker-4] DEBUG o.l.p.impl.ClientToProxyConnection - (AWAITING_INITIAL) [id: 0xd40ea92d, /127.0.0.1:48630 => /127.0.1.1:41135]: Removed sdch and inserted: gzip, deflate, 
10:43:46.506 [LittleProxy-ClientToProxyWorker-5] DEBUG o.l.p.impl.ClientToProxyConnection - (AWAITING_INITIAL) [id: 0xd717f4b0, /127.0.0.1:48631 => /127.0.1.1:41135]: Stripped host from uri: http://voucher-manager-ui.stage.pv.nimbus-stage.cg.sky.com/config    yielding: /config
10:43:46.506 [LittleProxy-ClientToProxyWorker-2] DEBUG o.l.p.impl.ClientToProxyConnection - (AWAITING_INITIAL) [id: 0xa01e3b00, /127.0.0.1:48628 => /127.0.1.1:41135]: Writing request to ProxyToServerConnection
10:43:46.506 [LittleProxy-ClientToProxyWorker-5] DEBUG o.l.p.impl.ClientToProxyConnection - (AWAITING_INITIAL) [id: 0xd717f4b0, /127.0.0.1:48631 => /127.0.1.1:41135]: Removed sdch and inserted: gzip, deflate, 
10:43:46.506 [LittleProxy-ClientToProxyWorker-4] DEBUG o.l.p.impl.ClientToProxyConnection - (AWAITING_INITIAL) [id: 0xd40ea92d, /127.0.0.1:48630 => /127.0.1.1:41135]: Writing request to ProxyToServerConnection
10:43:46.506 [LittleProxy-ClientToProxyWorker-2] DEBUG o.l.p.impl.ProxyToServerConnection - (DISCONNECTED): Requested write of HttpObjectAggregator$AggregatedFullHttpRequest(decodeResult: success, version: HTTP/1.1, content: CompositeByteBuf(ridx: 0, widx: 0, cap: 0, components=0))
GET /styles/main.d21d6943.css HTTP/1.1
Host: voucher-manager-ui.stage.pv.nimbus-stage.cg.sky.com
Accept: text/css,*/*;q=0.1
User-Agent: Mozilla/5.0 (X11; Linux x86_64) AppleWebKit/537.36 (KHTML, like Gecko) Chrome/43.0.2357.134 Safari/537.36
Referer: http://voucher-manager-ui.stage.pv.nimbus-stage.cg.sky.com/
Accept-Language: en-GB,en-US;q=0.8,en;q=0.6
Content-Length: 0
Accept-Encoding: gzip, deflate, 
Via: 1.1 localhost.localdomain
10:43:46.506 [LittleProxy-ClientToProxyWorker-2] DEBUG o.l.p.impl.ProxyToServerConnection - (DISCONNECTED): Retaining reference counted message
10:43:46.506 [LittleProxy-ClientToProxyWorker-4] DEBUG o.l.p.impl.ProxyToServerConnection - (DISCONNECTED): Requested write of HttpObjectAggregator$AggregatedFullHttpRequest(decodeResult: success, version: HTTP/1.1, content: CompositeByteBuf(ridx: 0, widx: 0, cap: 0, components=0))
GET /scripts/scripts.b3713605.js HTTP/1.1
Host: voucher-manager-ui.stage.pv.nimbus-stage.cg.sky.com
Accept: */*
User-Agent: Mozilla/5.0 (X11; Linux x86_64) AppleWebKit/537.36 (KHTML, like Gecko) Chrome/43.0.2357.134 Safari/537.36
Referer: http://voucher-manager-ui.stage.pv.nimbus-stage.cg.sky.com/
Accept-Language: en-GB,en-US;q=0.8,en;q=0.6
Content-Length: 0
Accept-Encoding: gzip, deflate, 
Via: 1.1 localhost.localdomain
10:43:46.506 [LittleProxy-ClientToProxyWorker-5] DEBUG o.l.p.impl.ClientToProxyConnection - (AWAITING_INITIAL) [id: 0xd717f4b0, /127.0.0.1:48631 => /127.0.1.1:41135]: Writing request to ProxyToServerConnection
10:43:46.506 [LittleProxy-ClientToProxyWorker-2] DEBUG o.l.p.impl.ProxyToServerConnection - (DISCONNECTED): Currently disconnected, connect and then write the message
10:43:46.506 [LittleProxy-ClientToProxyWorker-4] DEBUG o.l.p.impl.ProxyToServerConnection - (DISCONNECTED): Retaining reference counted message
10:43:46.506 [LittleProxy-ClientToProxyWorker-5] DEBUG o.l.p.impl.ProxyToServerConnection - (DISCONNECTED): Requested write of HttpObjectAggregator$AggregatedFullHttpRequest(decodeResult: success, version: HTTP/1.1, content: CompositeByteBuf(ridx: 0, widx: 0, cap: 0, components=0))
GET /config HTTP/1.1
Host: voucher-manager-ui.stage.pv.nimbus-stage.cg.sky.com
Accept: */*
User-Agent: Mozilla/5.0 (X11; Linux x86_64) AppleWebKit/537.36 (KHTML, like Gecko) Chrome/43.0.2357.134 Safari/537.36
Referer: http://voucher-manager-ui.stage.pv.nimbus-stage.cg.sky.com/
Accept-Language: en-GB,en-US;q=0.8,en;q=0.6
Content-Length: 0
Accept-Encoding: gzip, deflate, 
Via: 1.1 localhost.localdomain
10:43:46.506 [LittleProxy-ClientToProxyWorker-2] DEBUG o.l.p.impl.ProxyToServerConnection - (DISCONNECTED): Starting new connection to: voucher-manager-ui.stage.pv.nimbus-stage.cg.sky.com/80.238.10.34:80
10:43:46.506 [LittleProxy-ClientToProxyWorker-4] DEBUG o.l.p.impl.ProxyToServerConnection - (DISCONNECTED): Currently disconnected, connect and then write the message
10:43:46.506 [LittleProxy-ClientToProxyWorker-5] DEBUG o.l.p.impl.ProxyToServerConnection - (DISCONNECTED): Retaining reference counted message
10:43:46.506 [LittleProxy-ClientToProxyWorker-2] DEBUG o.l.p.impl.ClientToProxyConnection - (AWAITING_INITIAL) [id: 0xa01e3b00, /127.0.0.1:48628 => /127.0.1.1:41135]: Stopped reading
10:43:46.506 [LittleProxy-ClientToProxyWorker-4] DEBUG o.l.p.impl.ProxyToServerConnection - (DISCONNECTED): Starting new connection to: voucher-manager-ui.stage.pv.nimbus-stage.cg.sky.com/80.238.10.34:80
10:43:46.506 [LittleProxy-ClientToProxyWorker-5] DEBUG o.l.p.impl.ProxyToServerConnection - (DISCONNECTED): Currently disconnected, connect and then write the message
10:43:46.506 [LittleProxy-ClientToProxyWorker-2] DEBUG o.l.p.impl.ProxyToServerConnection - (DISCONNECTED): Processing connection flow step: CONNECTING
10:43:46.506 [LittleProxy-ClientToProxyWorker-4] DEBUG o.l.p.impl.ClientToProxyConnection - (AWAITING_INITIAL) [id: 0xd40ea92d, /127.0.0.1:48630 => /127.0.1.1:41135]: Stopped reading
10:43:46.506 [LittleProxy-ClientToProxyWorker-5] DEBUG o.l.p.impl.ProxyToServerConnection - (DISCONNECTED): Starting new connection to: voucher-manager-ui.stage.pv.nimbus-stage.cg.sky.com/80.238.10.34:80
10:43:46.506 [LittleProxy-ClientToProxyWorker-2] DEBUG o.l.p.impl.ProxyToServerConnection - (CONNECTING): Connecting to server with TCP
10:43:46.506 [LittleProxy-ClientToProxyWorker-4] DEBUG o.l.p.impl.ProxyToServerConnection - (DISCONNECTED): Processing connection flow step: CONNECTING
10:43:46.507 [LittleProxy-ClientToProxyWorker-5] DEBUG o.l.p.impl.ClientToProxyConnection - (AWAITING_INITIAL) [id: 0xd717f4b0, /127.0.0.1:48631 => /127.0.1.1:41135]: Stopped reading
10:43:46.507 [LittleProxy-ClientToProxyWorker-4] DEBUG o.l.p.impl.ProxyToServerConnection - (CONNECTING): Connecting to server with TCP
10:43:46.507 [LittleProxy-ClientToProxyWorker-5] DEBUG o.l.p.impl.ProxyToServerConnection - (DISCONNECTED): Processing connection flow step: CONNECTING
10:43:46.507 [LittleProxy-ClientToProxyWorker-5] DEBUG o.l.p.impl.ProxyToServerConnection - (CONNECTING): Connecting to server with TCP
10:43:46.508 [LittleProxy-ClientToProxyWorker-3] DEBUG o.l.p.impl.ClientToProxyConnection - (AWAITING_INITIAL) [id: 0x1c552e73, /127.0.0.1:48629 => /127.0.1.1:41135]: Got request: HttpObjectAggregator$AggregatedFullHttpRequest(decodeResult: success, version: HTTP/1.1, content: CompositeByteBuf(ridx: 0, widx: 0, cap: 0, components=0))
GET http://voucher-manager-ui.stage.pv.nimbus-stage.cg.sky.com/scripts/vendor.5b6e72cb.js HTTP/1.1
Host: voucher-manager-ui.stage.pv.nimbus-stage.cg.sky.com
Proxy-Connection: keep-alive
Accept: */*
User-Agent: Mozilla/5.0 (X11; Linux x86_64) AppleWebKit/537.36 (KHTML, like Gecko) Chrome/43.0.2357.134 Safari/537.36
Referer: http://voucher-manager-ui.stage.pv.nimbus-stage.cg.sky.com/
Accept-Encoding: gzip, deflate, sdch
Accept-Language: en-GB,en-US;q=0.8,en;q=0.6
Content-Length: 0
10:43:46.509 [LittleProxy-ClientToProxyWorker-3] DEBUG o.l.p.impl.ClientToProxyConnection - (AWAITING_INITIAL) [id: 0x1c552e73, /127.0.0.1:48629 => /127.0.1.1:41135]: Ensuring that hostAndPort are available in http://voucher-manager-ui.stage.pv.nimbus-stage.cg.sky.com/scripts/vendor.5b6e72cb.js
10:43:46.509 [LittleProxy-ClientToProxyWorker-3] DEBUG o.l.p.impl.ClientToProxyConnection - (AWAITING_INITIAL) [id: 0x1c552e73, /127.0.0.1:48629 => /127.0.1.1:41135]: Finding ProxyToServerConnection for: voucher-manager-ui.stage.pv.nimbus-stage.cg.sky.com
10:43:46.509 [LittleProxy-ClientToProxyWorker-3] DEBUG o.l.p.impl.ClientToProxyConnection - (AWAITING_INITIAL) [id: 0x1c552e73, /127.0.0.1:48629 => /127.0.1.1:41135]: Didn't find existing ProxyToServerConnection for: voucher-manager-ui.stage.pv.nimbus-stage.cg.sky.com
10:43:46.509 [LittleProxy-ClientToProxyWorker-3] DEBUG o.l.p.impl.ClientToProxyConnection - (AWAITING_INITIAL) [id: 0x1c552e73, /127.0.0.1:48629 => /127.0.1.1:41135]: Modifying request headers for proxying
10:43:46.509 [LittleProxy-ClientToProxyWorker-3] DEBUG o.l.p.impl.ClientToProxyConnection - (AWAITING_INITIAL) [id: 0x1c552e73, /127.0.0.1:48629 => /127.0.1.1:41135]: Modifying request for proxy chaining
10:43:46.509 [LittleProxy-ClientToProxyWorker-3] DEBUG o.l.p.impl.ClientToProxyConnection - (AWAITING_INITIAL) [id: 0x1c552e73, /127.0.0.1:48629 => /127.0.1.1:41135]: Stripped host from uri: http://voucher-manager-ui.stage.pv.nimbus-stage.cg.sky.com/scripts/vendor.5b6e72cb.js    yielding: /scripts/vendor.5b6e72cb.js
10:43:46.509 [LittleProxy-ClientToProxyWorker-3] DEBUG o.l.p.impl.ClientToProxyConnection - (AWAITING_INITIAL) [id: 0x1c552e73, /127.0.0.1:48629 => /127.0.1.1:41135]: Removed sdch and inserted: gzip, deflate, 
10:43:46.509 [LittleProxy-ClientToProxyWorker-3] DEBUG o.l.p.impl.ClientToProxyConnection - (AWAITING_INITIAL) [id: 0x1c552e73, /127.0.0.1:48629 => /127.0.1.1:41135]: Writing request to ProxyToServerConnection
10:43:46.509 [LittleProxy-ClientToProxyWorker-3] DEBUG o.l.p.impl.ProxyToServerConnection - (DISCONNECTED): Requested write of HttpObjectAggregator$AggregatedFullHttpRequest(decodeResult: success, version: HTTP/1.1, content: CompositeByteBuf(ridx: 0, widx: 0, cap: 0, components=0))
GET /scripts/vendor.5b6e72cb.js HTTP/1.1
Host: voucher-manager-ui.stage.pv.nimbus-stage.cg.sky.com
Accept: */*
User-Agent: Mozilla/5.0 (X11; Linux x86_64) AppleWebKit/537.36 (KHTML, like Gecko) Chrome/43.0.2357.134 Safari/537.36
Referer: http://voucher-manager-ui.stage.pv.nimbus-stage.cg.sky.com/
Accept-Language: en-GB,en-US;q=0.8,en;q=0.6
Content-Length: 0
Accept-Encoding: gzip, deflate, 
Via: 1.1 localhost.localdomain
10:43:46.509 [LittleProxy-ClientToProxyWorker-3] DEBUG o.l.p.impl.ProxyToServerConnection - (DISCONNECTED): Retaining reference counted message
10:43:46.509 [LittleProxy-ClientToProxyWorker-3] DEBUG o.l.p.impl.ProxyToServerConnection - (DISCONNECTED): Currently disconnected, connect and then write the message
10:43:46.510 [LittleProxy-ClientToProxyWorker-3] DEBUG o.l.p.impl.ProxyToServerConnection - (DISCONNECTED): Starting new connection to: voucher-manager-ui.stage.pv.nimbus-stage.cg.sky.com/80.238.10.34:80
10:43:46.510 [LittleProxy-ClientToProxyWorker-3] DEBUG o.l.p.impl.ClientToProxyConnection - (AWAITING_INITIAL) [id: 0x1c552e73, /127.0.0.1:48629 => /127.0.1.1:41135]: Stopped reading
10:43:46.510 [LittleProxy-ClientToProxyWorker-3] DEBUG o.l.p.impl.ProxyToServerConnection - (DISCONNECTED): Processing connection flow step: CONNECTING
10:43:46.510 [LittleProxy-ClientToProxyWorker-3] DEBUG o.l.p.impl.ProxyToServerConnection - (CONNECTING): Connecting to server with TCP
10:43:46.523 [LittleProxy-ProxyToServerWorker-3] DEBUG o.l.p.impl.ProxyToServerConnection - (CONNECTING) [id: 0x37e81f47, /10.65.140.181:37595 => voucher-manager-ui.stage.pv.nimbus-stage.cg.sky.com/80.238.10.34:80]: ConnectionFlowStep succeeded
10:43:46.523 [LittleProxy-ProxyToServerWorker-4] DEBUG o.l.p.impl.ProxyToServerConnection - (CONNECTING) [id: 0x52026949, /10.65.140.181:37596 => voucher-manager-ui.stage.pv.nimbus-stage.cg.sky.com/80.238.10.34:80]: ConnectionFlowStep succeeded
10:43:46.523 [LittleProxy-ProxyToServerWorker-2] DEBUG o.l.p.impl.ProxyToServerConnection - (CONNECTING) [id: 0xc0dc06ce, /10.65.140.181:37597 => voucher-manager-ui.stage.pv.nimbus-stage.cg.sky.com/80.238.10.34:80]: ConnectionFlowStep succeeded
10:43:46.523 [LittleProxy-ProxyToServerWorker-5] DEBUG o.l.p.impl.ProxyToServerConnection - (CONNECTING) [id: 0x04bd9cdb, /10.65.140.181:37601 => voucher-manager-ui.stage.pv.nimbus-stage.cg.sky.com/80.238.10.34:80]: ConnectionFlowStep succeeded
10:43:46.523 [LittleProxy-ProxyToServerWorker-3] DEBUG o.l.p.impl.ProxyToServerConnection - (CONNECTING) [id: 0x37e81f47, /10.65.140.181:37595 => voucher-manager-ui.stage.pv.nimbus-stage.cg.sky.com/80.238.10.34:80]: Connection flow completed successfully: null
10:43:46.523 [LittleProxy-ProxyToServerWorker-4] DEBUG o.l.p.impl.ProxyToServerConnection - (CONNECTING) [id: 0x52026949, /10.65.140.181:37596 => voucher-manager-ui.stage.pv.nimbus-stage.cg.sky.com/80.238.10.34:80]: Connection flow completed successfully: null
10:43:46.523 [LittleProxy-ProxyToServerWorker-2] DEBUG o.l.p.impl.ProxyToServerConnection - (CONNECTING) [id: 0xc0dc06ce, /10.65.140.181:37597 => voucher-manager-ui.stage.pv.nimbus-stage.cg.sky.com/80.238.10.34:80]: Connection flow completed successfully: null
10:43:46.523 [LittleProxy-ProxyToServerWorker-5] DEBUG o.l.p.impl.ProxyToServerConnection - (CONNECTING) [id: 0x04bd9cdb, /10.65.140.181:37601 => voucher-manager-ui.stage.pv.nimbus-stage.cg.sky.com/80.238.10.34:80]: Connection flow completed successfully: null
10:43:46.523 [LittleProxy-ProxyToServerWorker-3] DEBUG o.l.p.impl.ClientToProxyConnection - (AWAITING_INITIAL) [id: 0xd40ea92d, /127.0.0.1:48630 => /127.0.1.1:41135]: Connection to server succeeded: voucher-manager-ui.stage.pv.nimbus-stage.cg.sky.com/80.238.10.34:80
10:43:46.523 [LittleProxy-ProxyToServerWorker-2] DEBUG o.l.p.impl.ClientToProxyConnection - (AWAITING_INITIAL) [id: 0xa01e3b00, /127.0.0.1:48628 => /127.0.1.1:41135]: Connection to server succeeded: voucher-manager-ui.stage.pv.nimbus-stage.cg.sky.com/80.238.10.34:80
10:43:46.524 [LittleProxy-ProxyToServerWorker-4] DEBUG o.l.p.impl.ClientToProxyConnection - (AWAITING_INITIAL) [id: 0xd717f4b0, /127.0.0.1:48631 => /127.0.1.1:41135]: Connection to server succeeded: voucher-manager-ui.stage.pv.nimbus-stage.cg.sky.com/80.238.10.34:80
10:43:46.524 [LittleProxy-ProxyToServerWorker-5] DEBUG o.l.p.impl.ClientToProxyConnection - (AWAITING_INITIAL) [id: 0x1c552e73, /127.0.0.1:48629 => /127.0.1.1:41135]: Connection to server succeeded: voucher-manager-ui.stage.pv.nimbus-stage.cg.sky.com/80.238.10.34:80
10:43:46.524 [LittleProxy-ProxyToServerWorker-3] DEBUG o.l.p.impl.ClientToProxyConnection - (AWAITING_INITIAL) [id: 0xd40ea92d, /127.0.0.1:48630 => /127.0.1.1:41135]: All servers have finished attempting to connect, resuming reading from client.
10:43:46.524 [LittleProxy-ProxyToServerWorker-2] DEBUG o.l.p.impl.ClientToProxyConnection - (AWAITING_INITIAL) [id: 0xa01e3b00, /127.0.0.1:48628 => /127.0.1.1:41135]: All servers have finished attempting to connect, resuming reading from client.
10:43:46.524 [LittleProxy-ProxyToServerWorker-4] DEBUG o.l.p.impl.ClientToProxyConnection - (AWAITING_INITIAL) [id: 0xd717f4b0, /127.0.0.1:48631 => /127.0.1.1:41135]: All servers have finished attempting to connect, resuming reading from client.
10:43:46.524 [LittleProxy-ProxyToServerWorker-5] DEBUG o.l.p.impl.ClientToProxyConnection - (AWAITING_INITIAL) [id: 0x1c552e73, /127.0.0.1:48629 => /127.0.1.1:41135]: All servers have finished attempting to connect, resuming reading from client.
10:43:46.524 [LittleProxy-ProxyToServerWorker-3] DEBUG o.l.p.impl.ClientToProxyConnection - (AWAITING_INITIAL) [id: 0xd40ea92d, /127.0.0.1:48630 => /127.0.1.1:41135]: Resumed reading
10:43:46.524 [LittleProxy-ProxyToServerWorker-2] DEBUG o.l.p.impl.ClientToProxyConnection - (AWAITING_INITIAL) [id: 0xa01e3b00, /127.0.0.1:48628 => /127.0.1.1:41135]: Resumed reading
10:43:46.524 [LittleProxy-ProxyToServerWorker-4] DEBUG o.l.p.impl.ClientToProxyConnection - (AWAITING_INITIAL) [id: 0xd717f4b0, /127.0.0.1:48631 => /127.0.1.1:41135]: Resumed reading
10:43:46.524 [LittleProxy-ProxyToServerWorker-5] DEBUG o.l.p.impl.ClientToProxyConnection - (AWAITING_INITIAL) [id: 0x1c552e73, /127.0.0.1:48629 => /127.0.1.1:41135]: Resumed reading
10:43:46.524 [LittleProxy-ProxyToServerWorker-3] DEBUG o.l.p.impl.ProxyToServerConnection - (AWAITING_INITIAL) [id: 0x37e81f47, /10.65.140.181:37595 => voucher-manager-ui.stage.pv.nimbus-stage.cg.sky.com/80.238.10.34:80]: Writing initial request: HttpObjectAggregator$AggregatedFullHttpRequest(decodeResult: success, version: HTTP/1.1, content: CompositeByteBuf(ridx: 0, widx: 0, cap: 0, components=0))
GET /scripts/scripts.b3713605.js HTTP/1.1
Host: voucher-manager-ui.stage.pv.nimbus-stage.cg.sky.com
Accept: */*
User-Agent: Mozilla/5.0 (X11; Linux x86_64) AppleWebKit/537.36 (KHTML, like Gecko) Chrome/43.0.2357.134 Safari/537.36
Referer: http://voucher-manager-ui.stage.pv.nimbus-stage.cg.sky.com/
Accept-Language: en-GB,en-US;q=0.8,en;q=0.6
Content-Length: 0
Accept-Encoding: gzip, deflate, 
Via: 1.1 localhost.localdomain
10:43:46.524 [LittleProxy-ProxyToServerWorker-5] DEBUG o.l.p.impl.ProxyToServerConnection - (AWAITING_INITIAL) [id: 0x04bd9cdb, /10.65.140.181:37601 => voucher-manager-ui.stage.pv.nimbus-stage.cg.sky.com/80.238.10.34:80]: Writing initial request: HttpObjectAggregator$AggregatedFullHttpRequest(decodeResult: success, version: HTTP/1.1, content: CompositeByteBuf(ridx: 0, widx: 0, cap: 0, components=0))
GET /scripts/vendor.5b6e72cb.js HTTP/1.1
Host: voucher-manager-ui.stage.pv.nimbus-stage.cg.sky.com
Accept: */*
User-Agent: Mozilla/5.0 (X11; Linux x86_64) AppleWebKit/537.36 (KHTML, like Gecko) Chrome/43.0.2357.134 Safari/537.36
Referer: http://voucher-manager-ui.stage.pv.nimbus-stage.cg.sky.com/
Accept-Language: en-GB,en-US;q=0.8,en;q=0.6
Content-Length: 0
Accept-Encoding: gzip, deflate, 
Via: 1.1 localhost.localdomain
10:43:46.524 [LittleProxy-ProxyToServerWorker-3] DEBUG o.l.p.impl.ProxyToServerConnection - (AWAITING_INITIAL) [id: 0x37e81f47, /10.65.140.181:37595 => voucher-manager-ui.stage.pv.nimbus-stage.cg.sky.com/80.238.10.34:80]: Requested write of HttpObjectAggregator$AggregatedFullHttpRequest(decodeResult: success, version: HTTP/1.1, content: CompositeByteBuf(ridx: 0, widx: 0, cap: 0, components=0))
GET /scripts/scripts.b3713605.js HTTP/1.1
Host: voucher-manager-ui.stage.pv.nimbus-stage.cg.sky.com
Accept: */*
User-Agent: Mozilla/5.0 (X11; Linux x86_64) AppleWebKit/537.36 (KHTML, like Gecko) Chrome/43.0.2357.134 Safari/537.36
Referer: http://voucher-manager-ui.stage.pv.nimbus-stage.cg.sky.com/
Accept-Language: en-GB,en-US;q=0.8,en;q=0.6
Content-Length: 0
Accept-Encoding: gzip, deflate, 
Via: 1.1 localhost.localdomain
10:43:46.524 [LittleProxy-ProxyToServerWorker-4] DEBUG o.l.p.impl.ProxyToServerConnection - (AWAITING_INITIAL) [id: 0x52026949, /10.65.140.181:37596 => voucher-manager-ui.stage.pv.nimbus-stage.cg.sky.com/80.238.10.34:80]: Writing initial request: HttpObjectAggregator$AggregatedFullHttpRequest(decodeResult: success, version: HTTP/1.1, content: CompositeByteBuf(ridx: 0, widx: 0, cap: 0, components=0))
GET /config HTTP/1.1
Host: voucher-manager-ui.stage.pv.nimbus-stage.cg.sky.com
Accept: */*
User-Agent: Mozilla/5.0 (X11; Linux x86_64) AppleWebKit/537.36 (KHTML, like Gecko) Chrome/43.0.2357.134 Safari/537.36
Referer: http://voucher-manager-ui.stage.pv.nimbus-stage.cg.sky.com/
Accept-Language: en-GB,en-US;q=0.8,en;q=0.6
Content-Length: 0
Accept-Encoding: gzip, deflate, 
Via: 1.1 localhost.localdomain
10:43:46.524 [LittleProxy-ProxyToServerWorker-2] DEBUG o.l.p.impl.ProxyToServerConnection - (AWAITING_INITIAL) [id: 0xc0dc06ce, /10.65.140.181:37597 => voucher-manager-ui.stage.pv.nimbus-stage.cg.sky.com/80.238.10.34:80]: Writing initial request: HttpObjectAggregator$AggregatedFullHttpRequest(decodeResult: success, version: HTTP/1.1, content: CompositeByteBuf(ridx: 0, widx: 0, cap: 0, components=0))
GET /styles/main.d21d6943.css HTTP/1.1
Host: voucher-manager-ui.stage.pv.nimbus-stage.cg.sky.com
Accept: text/css,*/*;q=0.1
User-Agent: Mozilla/5.0 (X11; Linux x86_64) AppleWebKit/537.36 (KHTML, like Gecko) Chrome/43.0.2357.134 Safari/537.36
Referer: http://voucher-manager-ui.stage.pv.nimbus-stage.cg.sky.com/
Accept-Language: en-GB,en-US;q=0.8,en;q=0.6
Content-Length: 0
Accept-Encoding: gzip, deflate, 
Via: 1.1 localhost.localdomain
10:43:46.524 [LittleProxy-ProxyToServerWorker-3] DEBUG o.l.p.impl.ProxyToServerConnection - (AWAITING_INITIAL) [id: 0x37e81f47, /10.65.140.181:37595 => voucher-manager-ui.stage.pv.nimbus-stage.cg.sky.com/80.238.10.34:80]: Retaining reference counted message
10:43:46.524 [LittleProxy-ProxyToServerWorker-5] DEBUG o.l.p.impl.ProxyToServerConnection - (AWAITING_INITIAL) [id: 0x04bd9cdb, /10.65.140.181:37601 => voucher-manager-ui.stage.pv.nimbus-stage.cg.sky.com/80.238.10.34:80]: Requested write of HttpObjectAggregator$AggregatedFullHttpRequest(decodeResult: success, version: HTTP/1.1, content: CompositeByteBuf(ridx: 0, widx: 0, cap: 0, components=0))
GET /scripts/vendor.5b6e72cb.js HTTP/1.1
Host: voucher-manager-ui.stage.pv.nimbus-stage.cg.sky.com
Accept: */*
User-Agent: Mozilla/5.0 (X11; Linux x86_64) AppleWebKit/537.36 (KHTML, like Gecko) Chrome/43.0.2357.134 Safari/537.36
Referer: http://voucher-manager-ui.stage.pv.nimbus-stage.cg.sky.com/
Accept-Language: en-GB,en-US;q=0.8,en;q=0.6
Content-Length: 0
Accept-Encoding: gzip, deflate, 
Via: 1.1 localhost.localdomain
10:43:46.524 [LittleProxy-ProxyToServerWorker-4] DEBUG o.l.p.impl.ProxyToServerConnection - (AWAITING_INITIAL) [id: 0x52026949, /10.65.140.181:37596 => voucher-manager-ui.stage.pv.nimbus-stage.cg.sky.com/80.238.10.34:80]: Requested write of HttpObjectAggregator$AggregatedFullHttpRequest(decodeResult: success, version: HTTP/1.1, content: CompositeByteBuf(ridx: 0, widx: 0, cap: 0, components=0))
GET /config HTTP/1.1
Host: voucher-manager-ui.stage.pv.nimbus-stage.cg.sky.com
Accept: */*
User-Agent: Mozilla/5.0 (X11; Linux x86_64) AppleWebKit/537.36 (KHTML, like Gecko) Chrome/43.0.2357.134 Safari/537.36
Referer: http://voucher-manager-ui.stage.pv.nimbus-stage.cg.sky.com/
Accept-Language: en-GB,en-US;q=0.8,en;q=0.6
Content-Length: 0
Accept-Encoding: gzip, deflate, 
Via: 1.1 localhost.localdomain
10:43:46.524 [LittleProxy-ProxyToServerWorker-2] DEBUG o.l.p.impl.ProxyToServerConnection - (AWAITING_INITIAL) [id: 0xc0dc06ce, /10.65.140.181:37597 => voucher-manager-ui.stage.pv.nimbus-stage.cg.sky.com/80.238.10.34:80]: Requested write of HttpObjectAggregator$AggregatedFullHttpRequest(decodeResult: success, version: HTTP/1.1, content: CompositeByteBuf(ridx: 0, widx: 0, cap: 0, components=0))
GET /styles/main.d21d6943.css HTTP/1.1
Host: voucher-manager-ui.stage.pv.nimbus-stage.cg.sky.com
Accept: text/css,*/*;q=0.1
User-Agent: Mozilla/5.0 (X11; Linux x86_64) AppleWebKit/537.36 (KHTML, like Gecko) Chrome/43.0.2357.134 Safari/537.36
Referer: http://voucher-manager-ui.stage.pv.nimbus-stage.cg.sky.com/
Accept-Language: en-GB,en-US;q=0.8,en;q=0.6
Content-Length: 0
Accept-Encoding: gzip, deflate, 
Via: 1.1 localhost.localdomain
10:43:46.524 [LittleProxy-ProxyToServerWorker-3] DEBUG o.l.p.impl.ProxyToServerConnection - (AWAITING_INITIAL) [id: 0x37e81f47, /10.65.140.181:37595 => voucher-manager-ui.stage.pv.nimbus-stage.cg.sky.com/80.238.10.34:80]: Using existing connection to: voucher-manager-ui.stage.pv.nimbus-stage.cg.sky.com/80.238.10.34:80
10:43:46.524 [LittleProxy-ProxyToServerWorker-5] DEBUG o.l.p.impl.ProxyToServerConnection - (AWAITING_INITIAL) [id: 0x04bd9cdb, /10.65.140.181:37601 => voucher-manager-ui.stage.pv.nimbus-stage.cg.sky.com/80.238.10.34:80]: Retaining reference counted message
10:43:46.524 [LittleProxy-ProxyToServerWorker-4] DEBUG o.l.p.impl.ProxyToServerConnection - (AWAITING_INITIAL) [id: 0x52026949, /10.65.140.181:37596 => voucher-manager-ui.stage.pv.nimbus-stage.cg.sky.com/80.238.10.34:80]: Retaining reference counted message
10:43:46.525 [LittleProxy-ProxyToServerWorker-2] DEBUG o.l.p.impl.ProxyToServerConnection - (AWAITING_INITIAL) [id: 0xc0dc06ce, /10.65.140.181:37597 => voucher-manager-ui.stage.pv.nimbus-stage.cg.sky.com/80.238.10.34:80]: Retaining reference counted message
10:43:46.525 [LittleProxy-ProxyToServerWorker-3] DEBUG o.l.p.impl.ProxyToServerConnection - (AWAITING_INITIAL) [id: 0x37e81f47, /10.65.140.181:37595 => voucher-manager-ui.stage.pv.nimbus-stage.cg.sky.com/80.238.10.34:80]: Writing: HttpObjectAggregator$AggregatedFullHttpRequest(decodeResult: success, version: HTTP/1.1, content: CompositeByteBuf(ridx: 0, widx: 0, cap: 0, components=0))
GET /scripts/scripts.b3713605.js HTTP/1.1
Host: voucher-manager-ui.stage.pv.nimbus-stage.cg.sky.com
Accept: */*
User-Agent: Mozilla/5.0 (X11; Linux x86_64) AppleWebKit/537.36 (KHTML, like Gecko) Chrome/43.0.2357.134 Safari/537.36
Referer: http://voucher-manager-ui.stage.pv.nimbus-stage.cg.sky.com/
Accept-Language: en-GB,en-US;q=0.8,en;q=0.6
Content-Length: 0
Accept-Encoding: gzip, deflate, 
Via: 1.1 localhost.localdomain
10:43:46.525 [LittleProxy-ProxyToServerWorker-4] DEBUG o.l.p.impl.ProxyToServerConnection - (AWAITING_INITIAL) [id: 0x52026949, /10.65.140.181:37596 => voucher-manager-ui.stage.pv.nimbus-stage.cg.sky.com/80.238.10.34:80]: Using existing connection to: voucher-manager-ui.stage.pv.nimbus-stage.cg.sky.com/80.238.10.34:80
10:43:46.525 [LittleProxy-ProxyToServerWorker-5] DEBUG o.l.p.impl.ProxyToServerConnection - (AWAITING_INITIAL) [id: 0x04bd9cdb, /10.65.140.181:37601 => voucher-manager-ui.stage.pv.nimbus-stage.cg.sky.com/80.238.10.34:80]: Using existing connection to: voucher-manager-ui.stage.pv.nimbus-stage.cg.sky.com/80.238.10.34:80
10:43:46.525 [LittleProxy-ProxyToServerWorker-2] DEBUG o.l.p.impl.ProxyToServerConnection - (AWAITING_INITIAL) [id: 0xc0dc06ce, /10.65.140.181:37597 => voucher-manager-ui.stage.pv.nimbus-stage.cg.sky.com/80.238.10.34:80]: Using existing connection to: voucher-manager-ui.stage.pv.nimbus-stage.cg.sky.com/80.238.10.34:80
10:43:46.525 [LittleProxy-ProxyToServerWorker-4] DEBUG o.l.p.impl.ProxyToServerConnection - (AWAITING_INITIAL) [id: 0x52026949, /10.65.140.181:37596 => voucher-manager-ui.stage.pv.nimbus-stage.cg.sky.com/80.238.10.34:80]: Writing: HttpObjectAggregator$AggregatedFullHttpRequest(decodeResult: success, version: HTTP/1.1, content: CompositeByteBuf(ridx: 0, widx: 0, cap: 0, components=0))
GET /config HTTP/1.1
Host: voucher-manager-ui.stage.pv.nimbus-stage.cg.sky.com
Accept: */*
User-Agent: Mozilla/5.0 (X11; Linux x86_64) AppleWebKit/537.36 (KHTML, like Gecko) Chrome/43.0.2357.134 Safari/537.36
Referer: http://voucher-manager-ui.stage.pv.nimbus-stage.cg.sky.com/
Accept-Language: en-GB,en-US;q=0.8,en;q=0.6
Content-Length: 0
Accept-Encoding: gzip, deflate, 
Via: 1.1 localhost.localdomain
10:43:46.525 [LittleProxy-ProxyToServerWorker-3] DEBUG o.l.p.impl.ProxyToServerConnection - (AWAITING_INITIAL) [id: 0x37e81f47, /10.65.140.181:37595 => voucher-manager-ui.stage.pv.nimbus-stage.cg.sky.com/80.238.10.34:80]: Writing an empty buffer to signal the end of our chunked transfer
10:43:46.525 [LittleProxy-ProxyToServerWorker-5] DEBUG o.l.p.impl.ProxyToServerConnection - (AWAITING_INITIAL) [id: 0x04bd9cdb, /10.65.140.181:37601 => voucher-manager-ui.stage.pv.nimbus-stage.cg.sky.com/80.238.10.34:80]: Writing: HttpObjectAggregator$AggregatedFullHttpRequest(decodeResult: success, version: HTTP/1.1, content: CompositeByteBuf(ridx: 0, widx: 0, cap: 0, components=0))
GET /scripts/vendor.5b6e72cb.js HTTP/1.1
Host: voucher-manager-ui.stage.pv.nimbus-stage.cg.sky.com
Accept: */*
User-Agent: Mozilla/5.0 (X11; Linux x86_64) AppleWebKit/537.36 (KHTML, like Gecko) Chrome/43.0.2357.134 Safari/537.36
Referer: http://voucher-manager-ui.stage.pv.nimbus-stage.cg.sky.com/
Accept-Language: en-GB,en-US;q=0.8,en;q=0.6
Content-Length: 0
Accept-Encoding: gzip, deflate, 
Via: 1.1 localhost.localdomain
10:43:46.525 [LittleProxy-ProxyToServerWorker-2] DEBUG o.l.p.impl.ProxyToServerConnection - (AWAITING_INITIAL) [id: 0xc0dc06ce, /10.65.140.181:37597 => voucher-manager-ui.stage.pv.nimbus-stage.cg.sky.com/80.238.10.34:80]: Writing: HttpObjectAggregator$AggregatedFullHttpRequest(decodeResult: success, version: HTTP/1.1, content: CompositeByteBuf(ridx: 0, widx: 0, cap: 0, components=0))
GET /styles/main.d21d6943.css HTTP/1.1
Host: voucher-manager-ui.stage.pv.nimbus-stage.cg.sky.com
Accept: text/css,*/*;q=0.1
User-Agent: Mozilla/5.0 (X11; Linux x86_64) AppleWebKit/537.36 (KHTML, like Gecko) Chrome/43.0.2357.134 Safari/537.36
Referer: http://voucher-manager-ui.stage.pv.nimbus-stage.cg.sky.com/
Accept-Language: en-GB,en-US;q=0.8,en;q=0.6
Content-Length: 0
Accept-Encoding: gzip, deflate, 
Via: 1.1 localhost.localdomain
10:43:46.525 [LittleProxy-ProxyToServerWorker-3] DEBUG o.l.p.impl.ProxyToServerConnection - (AWAITING_INITIAL) [id: 0x37e81f47, /10.65.140.181:37595 => voucher-manager-ui.stage.pv.nimbus-stage.cg.sky.com/80.238.10.34:80]: Wrote: HttpObjectAggregator$AggregatedFullHttpRequest(decodeResult: success, version: HTTP/1.1, content: CompositeByteBuf(ridx: 0, widx: 0, cap: 0, components=0))
GET /scripts/scripts.b3713605.js HTTP/1.1
Host: voucher-manager-ui.stage.pv.nimbus-stage.cg.sky.com
Accept: */*
User-Agent: Mozilla/5.0 (X11; Linux x86_64) AppleWebKit/537.36 (KHTML, like Gecko) Chrome/43.0.2357.134 Safari/537.36
Referer: http://voucher-manager-ui.stage.pv.nimbus-stage.cg.sky.com/
Accept-Language: en-GB,en-US;q=0.8,en;q=0.6
Content-Length: 0
Accept-Encoding: gzip, deflate, 
Via: 1.1 localhost.localdomain
10:43:46.525 [LittleProxy-ProxyToServerWorker-4] DEBUG o.l.p.impl.ProxyToServerConnection - (AWAITING_INITIAL) [id: 0x52026949, /10.65.140.181:37596 => voucher-manager-ui.stage.pv.nimbus-stage.cg.sky.com/80.238.10.34:80]: Writing an empty buffer to signal the end of our chunked transfer
10:43:46.525 [LittleProxy-ProxyToServerWorker-5] DEBUG o.l.p.impl.ProxyToServerConnection - (AWAITING_INITIAL) [id: 0x04bd9cdb, /10.65.140.181:37601 => voucher-manager-ui.stage.pv.nimbus-stage.cg.sky.com/80.238.10.34:80]: Writing an empty buffer to signal the end of our chunked transfer
10:43:46.525 [LittleProxy-ProxyToServerWorker-3] DEBUG o.l.p.impl.ProxyToServerConnection - (AWAITING_INITIAL) [id: 0x37e81f47, /10.65.140.181:37595 => voucher-manager-ui.stage.pv.nimbus-stage.cg.sky.com/80.238.10.34:80]: Connected
10:43:46.526 [LittleProxy-ProxyToServerWorker-2] DEBUG o.l.p.impl.ProxyToServerConnection - (AWAITING_INITIAL) [id: 0xc0dc06ce, /10.65.140.181:37597 => voucher-manager-ui.stage.pv.nimbus-stage.cg.sky.com/80.238.10.34:80]: Writing an empty buffer to signal the end of our chunked transfer
10:43:46.526 [LittleProxy-ProxyToServerWorker-4] DEBUG o.l.p.impl.ProxyToServerConnection - (AWAITING_INITIAL) [id: 0x52026949, /10.65.140.181:37596 => voucher-manager-ui.stage.pv.nimbus-stage.cg.sky.com/80.238.10.34:80]: Wrote: HttpObjectAggregator$AggregatedFullHttpRequest(decodeResult: success, version: HTTP/1.1, content: CompositeByteBuf(ridx: 0, widx: 0, cap: 0, components=0))
GET /config HTTP/1.1
Host: voucher-manager-ui.stage.pv.nimbus-stage.cg.sky.com
Accept: */*
User-Agent: Mozilla/5.0 (X11; Linux x86_64) AppleWebKit/537.36 (KHTML, like Gecko) Chrome/43.0.2357.134 Safari/537.36
Referer: http://voucher-manager-ui.stage.pv.nimbus-stage.cg.sky.com/
Accept-Language: en-GB,en-US;q=0.8,en;q=0.6
Content-Length: 0
Accept-Encoding: gzip, deflate, 
Via: 1.1 localhost.localdomain
10:43:46.526 [LittleProxy-ProxyToServerWorker-5] DEBUG o.l.p.impl.ProxyToServerConnection - (AWAITING_INITIAL) [id: 0x04bd9cdb, /10.65.140.181:37601 => voucher-manager-ui.stage.pv.nimbus-stage.cg.sky.com/80.238.10.34:80]: Wrote: HttpObjectAggregator$AggregatedFullHttpRequest(decodeResult: success, version: HTTP/1.1, content: CompositeByteBuf(ridx: 0, widx: 0, cap: 0, components=0))
GET /scripts/vendor.5b6e72cb.js HTTP/1.1
Host: voucher-manager-ui.stage.pv.nimbus-stage.cg.sky.com
Accept: */*
User-Agent: Mozilla/5.0 (X11; Linux x86_64) AppleWebKit/537.36 (KHTML, like Gecko) Chrome/43.0.2357.134 Safari/537.36
Referer: http://voucher-manager-ui.stage.pv.nimbus-stage.cg.sky.com/
Accept-Language: en-GB,en-US;q=0.8,en;q=0.6
Content-Length: 0
Accept-Encoding: gzip, deflate, 
Via: 1.1 localhost.localdomain
10:43:46.526 [LittleProxy-ProxyToServerWorker-4] DEBUG o.l.p.impl.ProxyToServerConnection - (AWAITING_INITIAL) [id: 0x52026949, /10.65.140.181:37596 => voucher-manager-ui.stage.pv.nimbus-stage.cg.sky.com/80.238.10.34:80]: Connected
10:43:46.526 [LittleProxy-ProxyToServerWorker-5] DEBUG o.l.p.impl.ProxyToServerConnection - (AWAITING_INITIAL) [id: 0x04bd9cdb, /10.65.140.181:37601 => voucher-manager-ui.stage.pv.nimbus-stage.cg.sky.com/80.238.10.34:80]: Connected
10:43:46.526 [LittleProxy-ProxyToServerWorker-2] DEBUG o.l.p.impl.ProxyToServerConnection - (AWAITING_INITIAL) [id: 0xc0dc06ce, /10.65.140.181:37597 => voucher-manager-ui.stage.pv.nimbus-stage.cg.sky.com/80.238.10.34:80]: Wrote: HttpObjectAggregator$AggregatedFullHttpRequest(decodeResult: success, version: HTTP/1.1, content: CompositeByteBuf(ridx: 0, widx: 0, cap: 0, components=0))
GET /styles/main.d21d6943.css HTTP/1.1
Host: voucher-manager-ui.stage.pv.nimbus-stage.cg.sky.com
Accept: text/css,*/*;q=0.1
User-Agent: Mozilla/5.0 (X11; Linux x86_64) AppleWebKit/537.36 (KHTML, like Gecko) Chrome/43.0.2357.134 Safari/537.36
Referer: http://voucher-manager-ui.stage.pv.nimbus-stage.cg.sky.com/
Accept-Language: en-GB,en-US;q=0.8,en;q=0.6
Content-Length: 0
Accept-Encoding: gzip, deflate, 
Via: 1.1 localhost.localdomain
10:43:46.527 [LittleProxy-ProxyToServerWorker-2] DEBUG o.l.p.impl.ProxyToServerConnection - (AWAITING_INITIAL) [id: 0xc0dc06ce, /10.65.140.181:37597 => voucher-manager-ui.stage.pv.nimbus-stage.cg.sky.com/80.238.10.34:80]: Connected
10:43:46.538 [LittleProxy-ProxyToServerWorker-4] DEBUG o.l.p.impl.ProxyToServerConnection - (AWAITING_INITIAL) [id: 0x52026949, /10.65.140.181:37596 => voucher-manager-ui.stage.pv.nimbus-stage.cg.sky.com/80.238.10.34:80]: Remembering the current request.
10:43:46.538 [LittleProxy-ProxyToServerWorker-4] DEBUG o.l.p.impl.ProxyToServerConnection - (AWAITING_INITIAL) [id: 0x52026949, /10.65.140.181:37596 => voucher-manager-ui.stage.pv.nimbus-stage.cg.sky.com/80.238.10.34:80]: Reading: DefaultHttpResponse(decodeResult: success, version: HTTP/1.1)
HTTP/1.1 200 OK
X-FORWARDED-PROTO: http
Server: nginx
Date: Wed, 29 Jul 2015 09:43:46 GMT
Content-Type: application/javascript; charset=utf-8
Content-Length: 83
Connection: keep-alive
Keep-Alive: timeout=10
X-Powered-By: Express
ETag: W/"53-1adb822b"
10:43:46.539 [LittleProxy-ProxyToServerWorker-4] DEBUG o.l.p.impl.ProxyToServerConnection - (AWAITING_INITIAL) [id: 0x52026949, /10.65.140.181:37596 => voucher-manager-ui.stage.pv.nimbus-stage.cg.sky.com/80.238.10.34:80]: Received raw response: DefaultHttpResponse(decodeResult: success, version: HTTP/1.1)
HTTP/1.1 200 OK
X-FORWARDED-PROTO: http
Server: nginx
Date: Wed, 29 Jul 2015 09:43:46 GMT
Content-Type: application/javascript; charset=utf-8
Content-Length: 83
Connection: keep-alive
Keep-Alive: timeout=10
X-Powered-By: Express
ETag: W/"53-1adb822b"
10:43:46.539 [LittleProxy-ProxyToServerWorker-4] DEBUG o.l.p.impl.ProxyToServerConnection - (AWAITING_INITIAL) [id: 0x52026949, /10.65.140.181:37596 => voucher-manager-ui.stage.pv.nimbus-stage.cg.sky.com/80.238.10.34:80]: Remembering the current response.
10:43:46.539 [LittleProxy-ProxyToServerWorker-4] DEBUG o.l.p.impl.ClientToProxyConnection - (AWAITING_INITIAL) [id: 0xd717f4b0, /127.0.0.1:48631 => /127.0.1.1:41135]: Writing: DefaultHttpResponse(decodeResult: success, version: HTTP/1.1)
HTTP/1.1 200 OK
X-FORWARDED-PROTO: http
Server: nginx
Date: Wed, 29 Jul 2015 09:43:46 GMT
Content-Type: application/javascript; charset=utf-8
Content-Length: 83
X-Powered-By: Express
ETag: W/"53-1adb822b"
Via: 1.1 localhost.localdomain
10:43:46.539 [LittleProxy-ProxyToServerWorker-4] DEBUG o.l.p.impl.ClientToProxyConnection - (AWAITING_INITIAL) [id: 0xd717f4b0, /127.0.0.1:48631 => /127.0.1.1:41135]: Wrote: DefaultHttpResponse(decodeResult: success, version: HTTP/1.1)
HTTP/1.1 200 OK
X-FORWARDED-PROTO: http
Server: nginx
Date: Wed, 29 Jul 2015 09:43:46 GMT
Content-Type: application/javascript; charset=utf-8
Content-Length: 83
X-Powered-By: Express
ETag: W/"53-1adb822b"
Via: 1.1 localhost.localdomain
10:43:46.539 [LittleProxy-ProxyToServerWorker-4] DEBUG o.l.p.impl.ClientToProxyConnection - (AWAITING_INITIAL) [id: 0xd717f4b0, /127.0.0.1:48631 => /127.0.1.1:41135]: Not closing server connection on middle chunk for /config
10:43:46.539 [LittleProxy-ProxyToServerWorker-4] DEBUG o.l.p.impl.ClientToProxyConnection - (AWAITING_INITIAL) [id: 0xd717f4b0, /127.0.0.1:48631 => /127.0.1.1:41135]: Not closing client connection on middle chunk for /config
10:43:46.539 [LittleProxy-ProxyToServerWorker-4] DEBUG o.l.p.impl.ProxyToServerConnection - (AWAITING_CHUNK) [id: 0x52026949, /10.65.140.181:37596 => voucher-manager-ui.stage.pv.nimbus-stage.cg.sky.com/80.238.10.34:80]: Reading: DefaultLastHttpContent(data: SlicedByteBuf(ridx: 0, widx: 83, cap: 83/83, unwrapped: UnpooledUnsafeDirectByteBuf(ridx: 346, widx: 346, cap: 1024)), decoderResult: success)
10:43:46.539 [LittleProxy-ProxyToServerWorker-4] DEBUG o.l.p.impl.ClientToProxyConnection - (AWAITING_INITIAL) [id: 0xd717f4b0, /127.0.0.1:48631 => /127.0.1.1:41135]: Retaining reference counted message
10:43:46.539 [LittleProxy-ProxyToServerWorker-4] DEBUG o.l.p.impl.ClientToProxyConnection - (AWAITING_INITIAL) [id: 0xd717f4b0, /127.0.0.1:48631 => /127.0.1.1:41135]: Writing: DefaultLastHttpContent(data: SlicedByteBuf(ridx: 0, widx: 83, cap: 83/83, unwrapped: UnpooledUnsafeDirectByteBuf(ridx: 346, widx: 346, cap: 1024)), decoderResult: success)
10:43:46.539 [LittleProxy-ProxyToServerWorker-4] DEBUG o.l.p.impl.ClientToProxyConnection - (AWAITING_INITIAL) [id: 0xd717f4b0, /127.0.0.1:48631 => /127.0.1.1:41135]: Writing an empty buffer to signal the end of our chunked transfer
10:43:46.539 [LittleProxy-ProxyToServerWorker-4] DEBUG o.l.p.impl.ClientToProxyConnection - (AWAITING_INITIAL) [id: 0xd717f4b0, /127.0.0.1:48631 => /127.0.1.1:41135]: Wrote: DefaultLastHttpContent(data: SlicedByteBuf(ridx: 0, widx: 83, cap: 83/83, unwrapped: UnpooledUnsafeDirectByteBuf(ridx: 346, widx: 346, cap: 1024)), decoderResult: success)
10:43:46.539 [LittleProxy-ProxyToServerWorker-4] DEBUG o.l.p.impl.ClientToProxyConnection - (AWAITING_INITIAL) [id: 0xd717f4b0, /127.0.0.1:48631 => /127.0.1.1:41135]: Retaining reference counted message
10:43:46.539 [LittleProxy-ProxyToServerWorker-4] DEBUG o.l.p.impl.ClientToProxyConnection - (AWAITING_INITIAL) [id: 0xd717f4b0, /127.0.0.1:48631 => /127.0.1.1:41135]: Writing: EmptyByteBufBE
10:43:46.539 [LittleProxy-ProxyToServerWorker-4] DEBUG o.l.p.impl.ClientToProxyConnection - (AWAITING_INITIAL) [id: 0xd717f4b0, /127.0.0.1:48631 => /127.0.1.1:41135]: Wrote: EmptyByteBufBE
10:43:46.539 [LittleProxy-ProxyToServerWorker-4] DEBUG o.l.p.impl.ClientToProxyConnection - (AWAITING_INITIAL) [id: 0xd717f4b0, /127.0.0.1:48631 => /127.0.1.1:41135]: Handling last chunk. Using normal server connection closing rules.
10:43:46.539 [LittleProxy-ProxyToServerWorker-4] DEBUG o.l.p.impl.ClientToProxyConnection - (AWAITING_INITIAL) [id: 0xd717f4b0, /127.0.0.1:48631 => /127.0.1.1:41135]: Not closing server connection for response: DefaultHttpResponse(decodeResult: success, version: HTTP/1.1)
HTTP/1.1 200 OK
X-FORWARDED-PROTO: http
Server: nginx
Date: Wed, 29 Jul 2015 09:43:46 GMT
Content-Type: application/javascript; charset=utf-8
Content-Length: 83
Connection: keep-alive
Keep-Alive: timeout=10
X-Powered-By: Express
ETag: W/"53-1adb822b"
10:43:46.539 [LittleProxy-ProxyToServerWorker-4] DEBUG o.l.p.impl.ClientToProxyConnection - (AWAITING_INITIAL) [id: 0xd717f4b0, /127.0.0.1:48631 => /127.0.1.1:41135]: Handling last chunk. Using normal client connection closing rules.
10:43:46.539 [LittleProxy-ProxyToServerWorker-4] DEBUG o.l.p.impl.ClientToProxyConnection - (AWAITING_INITIAL) [id: 0xd717f4b0, /127.0.0.1:48631 => /127.0.1.1:41135]: Not closing client connection for request: HttpObjectAggregator$AggregatedFullHttpRequest(decodeResult: success, version: HTTP/1.1, content: CompositeByteBuf(ridx: 0, widx: 0, cap: 0, components=0))
GET /config HTTP/1.1
Host: voucher-manager-ui.stage.pv.nimbus-stage.cg.sky.com
Accept: */*
User-Agent: Mozilla/5.0 (X11; Linux x86_64) AppleWebKit/537.36 (KHTML, like Gecko) Chrome/43.0.2357.134 Safari/537.36
Referer: http://voucher-manager-ui.stage.pv.nimbus-stage.cg.sky.com/
Accept-Language: en-GB,en-US;q=0.8,en;q=0.6
Content-Length: 0
Accept-Encoding: gzip, deflate, 
Via: 1.1 localhost.localdomain
10:43:46.540 [LittleProxy-ProxyToServerWorker-1] DEBUG o.l.p.impl.ProxyToServerConnection - (AWAITING_INITIAL) [id: 0x500faaee, /10.65.140.181:37590 => voucher-manager-ui.stage.pv.nimbus-stage.cg.sky.com/80.238.10.34:80]: Remembering the current request.
10:43:46.541 [LittleProxy-ProxyToServerWorker-1] DEBUG o.l.p.impl.ProxyToServerConnection - (AWAITING_INITIAL) [id: 0x500faaee, /10.65.140.181:37590 => voucher-manager-ui.stage.pv.nimbus-stage.cg.sky.com/80.238.10.34:80]: Reading: DefaultHttpResponse(decodeResult: success, version: HTTP/1.1)
HTTP/1.1 200 OK
X-FORWARDED-PROTO: http
Server: nginx
Date: Wed, 29 Jul 2015 09:43:46 GMT
Content-Type: text/css; charset=UTF-8
Transfer-Encoding: chunked
Connection: keep-alive
Keep-Alive: timeout=10
Vary: Accept-Encoding
X-Powered-By: Express
X-Frame-Options: DENY
Cache-Control: public, max-age=0
Last-Modified: Fri, 24 Jul 2015 14:37:56 GMT
Content-Encoding: gzip
10:43:46.541 [LittleProxy-ProxyToServerWorker-1] DEBUG o.l.p.impl.ProxyToServerConnection - (AWAITING_INITIAL) [id: 0x500faaee, /10.65.140.181:37590 => voucher-manager-ui.stage.pv.nimbus-stage.cg.sky.com/80.238.10.34:80]: Received raw response: DefaultHttpResponse(decodeResult: success, version: HTTP/1.1)
HTTP/1.1 200 OK
X-FORWARDED-PROTO: http
Server: nginx
Date: Wed, 29 Jul 2015 09:43:46 GMT
Content-Type: text/css; charset=UTF-8
Transfer-Encoding: chunked
Connection: keep-alive
Keep-Alive: timeout=10
Vary: Accept-Encoding
X-Powered-By: Express
X-Frame-Options: DENY
Cache-Control: public, max-age=0
Last-Modified: Fri, 24 Jul 2015 14:37:56 GMT
Content-Encoding: gzip
10:43:46.541 [LittleProxy-ProxyToServerWorker-1] DEBUG o.l.p.impl.ProxyToServerConnection - (AWAITING_INITIAL) [id: 0x500faaee, /10.65.140.181:37590 => voucher-manager-ui.stage.pv.nimbus-stage.cg.sky.com/80.238.10.34:80]: Remembering the current response.
10:43:46.541 [LittleProxy-ProxyToServerWorker-1] DEBUG o.l.p.impl.ClientToProxyConnection - (AWAITING_INITIAL) [id: 0x710aaa6e, /127.0.0.1:48626 => /127.0.1.1:41135]: Writing: DefaultHttpResponse(decodeResult: success, version: HTTP/1.1)
HTTP/1.1 200 OK
X-FORWARDED-PROTO: http
Server: nginx
Date: Wed, 29 Jul 2015 09:43:46 GMT
Content-Type: text/css; charset=UTF-8
Transfer-Encoding: chunked
Vary: Accept-Encoding
X-Powered-By: Express
X-Frame-Options: DENY
Cache-Control: public, max-age=0
Last-Modified: Fri, 24 Jul 2015 14:37:56 GMT
Content-Encoding: gzip
Via: 1.1 localhost.localdomain
10:43:46.541 [LittleProxy-ProxyToServerWorker-1] DEBUG o.l.p.impl.ClientToProxyConnection - (AWAITING_INITIAL) [id: 0x710aaa6e, /127.0.0.1:48626 => /127.0.1.1:41135]: Wrote: DefaultHttpResponse(decodeResult: success, version: HTTP/1.1)
HTTP/1.1 200 OK
X-FORWARDED-PROTO: http
Server: nginx
Date: Wed, 29 Jul 2015 09:43:46 GMT
Content-Type: text/css; charset=UTF-8
Transfer-Encoding: chunked
Vary: Accept-Encoding
X-Powered-By: Express
X-Frame-Options: DENY
Cache-Control: public, max-age=0
Last-Modified: Fri, 24 Jul 2015 14:37:56 GMT
Content-Encoding: gzip
Via: 1.1 localhost.localdomain
10:43:46.541 [LittleProxy-ProxyToServerWorker-1] DEBUG o.l.p.impl.ClientToProxyConnection - (AWAITING_INITIAL) [id: 0x710aaa6e, /127.0.0.1:48626 => /127.0.1.1:41135]: Not closing server connection on middle chunk for /styles/vendor.e0f0f7c2.css
10:43:46.541 [LittleProxy-ProxyToServerWorker-1] DEBUG o.l.p.impl.ClientToProxyConnection - (AWAITING_INITIAL) [id: 0x710aaa6e, /127.0.0.1:48626 => /127.0.1.1:41135]: Not closing client connection on middle chunk for /styles/vendor.e0f0f7c2.css
10:43:46.541 [LittleProxy-ProxyToServerWorker-1] DEBUG o.l.p.impl.ProxyToServerConnection - (AWAITING_CHUNK) [id: 0x500faaee, /10.65.140.181:37590 => voucher-manager-ui.stage.pv.nimbus-stage.cg.sky.com/80.238.10.34:80]: Reading: DefaultHttpContent(data: SlicedByteBuf(ridx: 0, widx: 2395, cap: 2395/2395, unwrapped: UnpooledUnsafeDirectByteBuf(ridx: 2785, widx: 2785, cap: 16384)), decoderResult: success)
10:43:46.541 [LittleProxy-ProxyToServerWorker-1] DEBUG o.l.p.impl.ClientToProxyConnection - (AWAITING_INITIAL) [id: 0x710aaa6e, /127.0.0.1:48626 => /127.0.1.1:41135]: Retaining reference counted message
10:43:46.541 [LittleProxy-ProxyToServerWorker-1] DEBUG o.l.p.impl.ClientToProxyConnection - (AWAITING_INITIAL) [id: 0x710aaa6e, /127.0.0.1:48626 => /127.0.1.1:41135]: Writing: DefaultHttpContent(data: SlicedByteBuf(ridx: 0, widx: 2395, cap: 2395/2395, unwrapped: UnpooledUnsafeDirectByteBuf(ridx: 2785, widx: 2785, cap: 16384)), decoderResult: success)
10:43:46.541 [LittleProxy-ProxyToServerWorker-1] DEBUG o.l.p.impl.ClientToProxyConnection - (AWAITING_INITIAL) [id: 0x710aaa6e, /127.0.0.1:48626 => /127.0.1.1:41135]: Wrote: DefaultHttpContent(data: SlicedByteBuf(ridx: 0, widx: 2395, cap: 2395/2395, unwrapped: UnpooledUnsafeDirectByteBuf(ridx: 2785, widx: 2785, cap: 16384)), decoderResult: success)
10:43:46.541 [LittleProxy-ProxyToServerWorker-1] DEBUG o.l.p.impl.ClientToProxyConnection - (AWAITING_INITIAL) [id: 0x710aaa6e, /127.0.0.1:48626 => /127.0.1.1:41135]: Not closing server connection on middle chunk for /styles/vendor.e0f0f7c2.css
10:43:46.541 [LittleProxy-ProxyToServerWorker-1] DEBUG o.l.p.impl.ClientToProxyConnection - (AWAITING_INITIAL) [id: 0x710aaa6e, /127.0.0.1:48626 => /127.0.1.1:41135]: Not closing client connection on middle chunk for /styles/vendor.e0f0f7c2.css
10:43:46.541 [LittleProxy-ProxyToServerWorker-5] DEBUG o.l.p.impl.ProxyToServerConnection - (AWAITING_INITIAL) [id: 0x04bd9cdb, /10.65.140.181:37601 => voucher-manager-ui.stage.pv.nimbus-stage.cg.sky.com/80.238.10.34:80]: Remembering the current request.
10:43:46.542 [LittleProxy-ProxyToServerWorker-5] DEBUG o.l.p.impl.ProxyToServerConnection - (AWAITING_INITIAL) [id: 0x04bd9cdb, /10.65.140.181:37601 => voucher-manager-ui.stage.pv.nimbus-stage.cg.sky.com/80.238.10.34:80]: Reading: DefaultHttpResponse(decodeResult: success, version: HTTP/1.1)
HTTP/1.1 200 OK
X-FORWARDED-PROTO: http
Server: nginx
Date: Wed, 29 Jul 2015 09:43:46 GMT
Content-Type: application/javascript
Transfer-Encoding: chunked
Connection: keep-alive
Keep-Alive: timeout=10
Vary: Accept-Encoding
X-Powered-By: Express
X-Frame-Options: DENY
Cache-Control: public, max-age=0
Last-Modified: Fri, 24 Jul 2015 14:37:56 GMT
Content-Encoding: gzip
10:43:46.542 [LittleProxy-ProxyToServerWorker-1] DEBUG o.l.p.impl.ProxyToServerConnection - (AWAITING_CHUNK) [id: 0x500faaee, /10.65.140.181:37590 => voucher-manager-ui.stage.pv.nimbus-stage.cg.sky.com/80.238.10.34:80]: Reading: DefaultHttpContent(data: SlicedByteBuf(ridx: 0, widx: 9660, cap: 9660/9660, unwrapped: UnpooledUnsafeDirectByteBuf(ridx: 9660, widx: 9660, cap: 16384)), decoderResult: success)
10:43:46.542 [LittleProxy-ProxyToServerWorker-5] DEBUG o.l.p.impl.ProxyToServerConnection - (AWAITING_INITIAL) [id: 0x04bd9cdb, /10.65.140.181:37601 => voucher-manager-ui.stage.pv.nimbus-stage.cg.sky.com/80.238.10.34:80]: Received raw response: DefaultHttpResponse(decodeResult: success, version: HTTP/1.1)
HTTP/1.1 200 OK
X-FORWARDED-PROTO: http
Server: nginx
Date: Wed, 29 Jul 2015 09:43:46 GMT
Content-Type: application/javascript
Transfer-Encoding: chunked
Connection: keep-alive
Keep-Alive: timeout=10
Vary: Accept-Encoding
X-Powered-By: Express
X-Frame-Options: DENY
Cache-Control: public, max-age=0
Last-Modified: Fri, 24 Jul 2015 14:37:56 GMT
Content-Encoding: gzip
10:43:46.542 [LittleProxy-ProxyToServerWorker-1] DEBUG o.l.p.impl.ClientToProxyConnection - (AWAITING_INITIAL) [id: 0x710aaa6e, /127.0.0.1:48626 => /127.0.1.1:41135]: Retaining reference counted message
10:43:46.542 [LittleProxy-ProxyToServerWorker-5] DEBUG o.l.p.impl.ProxyToServerConnection - (AWAITING_INITIAL) [id: 0x04bd9cdb, /10.65.140.181:37601 => voucher-manager-ui.stage.pv.nimbus-stage.cg.sky.com/80.238.10.34:80]: Remembering the current response.
10:43:46.542 [LittleProxy-ProxyToServerWorker-1] DEBUG o.l.p.impl.ClientToProxyConnection - (AWAITING_INITIAL) [id: 0x710aaa6e, /127.0.0.1:48626 => /127.0.1.1:41135]: Writing: DefaultHttpContent(data: SlicedByteBuf(ridx: 0, widx: 9660, cap: 9660/9660, unwrapped: UnpooledUnsafeDirectByteBuf(ridx: 9660, widx: 9660, cap: 16384)), decoderResult: success)
10:43:46.542 [LittleProxy-ProxyToServerWorker-1] DEBUG o.l.p.impl.ClientToProxyConnection - (AWAITING_INITIAL) [id: 0x710aaa6e, /127.0.0.1:48626 => /127.0.1.1:41135]: Wrote: DefaultHttpContent(data: SlicedByteBuf(ridx: 0, widx: 9660, cap: 9660/9660, unwrapped: UnpooledUnsafeDirectByteBuf(ridx: 9660, widx: 9660, cap: 16384)), decoderResult: success)
10:43:46.542 [LittleProxy-ProxyToServerWorker-1] DEBUG o.l.p.impl.ClientToProxyConnection - (AWAITING_INITIAL) [id: 0x710aaa6e, /127.0.0.1:48626 => /127.0.1.1:41135]: Not closing server connection on middle chunk for /styles/vendor.e0f0f7c2.css
10:43:46.542 [LittleProxy-ProxyToServerWorker-1] DEBUG o.l.p.impl.ClientToProxyConnection - (AWAITING_INITIAL) [id: 0x710aaa6e, /127.0.0.1:48626 => /127.0.1.1:41135]: Not closing client connection on middle chunk for /styles/vendor.e0f0f7c2.css
10:43:46.542 [LittleProxy-ProxyToServerWorker-5] DEBUG o.l.p.impl.ClientToProxyConnection - (AWAITING_INITIAL) [id: 0x1c552e73, /127.0.0.1:48629 => /127.0.1.1:41135]: Writing: DefaultHttpResponse(decodeResult: success, version: HTTP/1.1)
HTTP/1.1 200 OK
X-FORWARDED-PROTO: http
Server: nginx
Date: Wed, 29 Jul 2015 09:43:46 GMT
Content-Type: application/javascript
Transfer-Encoding: chunked
Vary: Accept-Encoding
X-Powered-By: Express
X-Frame-Options: DENY
Cache-Control: public, max-age=0
Last-Modified: Fri, 24 Jul 2015 14:37:56 GMT
Content-Encoding: gzip
Via: 1.1 localhost.localdomain
10:43:46.542 [LittleProxy-ProxyToServerWorker-1] DEBUG o.l.p.impl.ProxyToServerConnection - (AWAITING_CHUNK) [id: 0x500faaee, /10.65.140.181:37590 => voucher-manager-ui.stage.pv.nimbus-stage.cg.sky.com/80.238.10.34:80]: Reading: DefaultHttpContent(data: SlicedByteBuf(ridx: 0, widx: 1380, cap: 1380/1380, unwrapped: UnpooledUnsafeDirectByteBuf(ridx: 1380, widx: 1380, cap: 16384)), decoderResult: success)
10:43:46.542 [LittleProxy-ProxyToServerWorker-1] DEBUG o.l.p.impl.ClientToProxyConnection - (AWAITING_INITIAL) [id: 0x710aaa6e, /127.0.0.1:48626 => /127.0.1.1:41135]: Retaining reference counted message
10:43:46.542 [LittleProxy-ProxyToServerWorker-5] DEBUG o.l.p.impl.ClientToProxyConnection - (AWAITING_INITIAL) [id: 0x1c552e73, /127.0.0.1:48629 => /127.0.1.1:41135]: Wrote: DefaultHttpResponse(decodeResult: success, version: HTTP/1.1)
HTTP/1.1 200 OK
X-FORWARDED-PROTO: http
Server: nginx
Date: Wed, 29 Jul 2015 09:43:46 GMT
Content-Type: application/javascript
Transfer-Encoding: chunked
Vary: Accept-Encoding
X-Powered-By: Express
X-Frame-Options: DENY
Cache-Control: public, max-age=0
Last-Modified: Fri, 24 Jul 2015 14:37:56 GMT
Content-Encoding: gzip
Via: 1.1 localhost.localdomain
10:43:46.542 [LittleProxy-ProxyToServerWorker-1] DEBUG o.l.p.impl.ClientToProxyConnection - (AWAITING_INITIAL) [id: 0x710aaa6e, /127.0.0.1:48626 => /127.0.1.1:41135]: Writing: DefaultHttpContent(data: SlicedByteBuf(ridx: 0, widx: 1380, cap: 1380/1380, unwrapped: UnpooledUnsafeDirectByteBuf(ridx: 1380, widx: 1380, cap: 16384)), decoderResult: success)
10:43:46.542 [LittleProxy-ProxyToServerWorker-5] DEBUG o.l.p.impl.ClientToProxyConnection - (AWAITING_INITIAL) [id: 0x1c552e73, /127.0.0.1:48629 => /127.0.1.1:41135]: Not closing server connection on middle chunk for /scripts/vendor.5b6e72cb.js
10:43:46.542 [LittleProxy-ProxyToServerWorker-5] DEBUG o.l.p.impl.ClientToProxyConnection - (AWAITING_INITIAL) [id: 0x1c552e73, /127.0.0.1:48629 => /127.0.1.1:41135]: Not closing client connection on middle chunk for /scripts/vendor.5b6e72cb.js
10:43:46.542 [LittleProxy-ProxyToServerWorker-1] DEBUG o.l.p.impl.ClientToProxyConnection - (AWAITING_INITIAL) [id: 0x710aaa6e, /127.0.0.1:48626 => /127.0.1.1:41135]: Wrote: DefaultHttpContent(data: SlicedByteBuf(ridx: 0, widx: 1380, cap: 1380/1380, unwrapped: UnpooledUnsafeDirectByteBuf(ridx: 1380, widx: 1380, cap: 16384)), decoderResult: success)
10:43:46.542 [LittleProxy-ProxyToServerWorker-5] DEBUG o.l.p.impl.ProxyToServerConnection - (AWAITING_CHUNK) [id: 0x04bd9cdb, /10.65.140.181:37601 => voucher-manager-ui.stage.pv.nimbus-stage.cg.sky.com/80.238.10.34:80]: Reading: DefaultHttpContent(data: SlicedByteBuf(ridx: 0, widx: 635, cap: 635/635, unwrapped: UnpooledUnsafeDirectByteBuf(ridx: 1024, widx: 1024, cap: 1024)), decoderResult: success)
10:43:46.542 [LittleProxy-ProxyToServerWorker-1] DEBUG o.l.p.impl.ClientToProxyConnection - (AWAITING_INITIAL) [id: 0x710aaa6e, /127.0.0.1:48626 => /127.0.1.1:41135]: Not closing server connection on middle chunk for /styles/vendor.e0f0f7c2.css
10:43:46.542 [LittleProxy-ProxyToServerWorker-5] DEBUG o.l.p.impl.ClientToProxyConnection - (AWAITING_INITIAL) [id: 0x1c552e73, /127.0.0.1:48629 => /127.0.1.1:41135]: Retaining reference counted message
10:43:46.542 [LittleProxy-ProxyToServerWorker-1] DEBUG o.l.p.impl.ClientToProxyConnection - (AWAITING_INITIAL) [id: 0x710aaa6e, /127.0.0.1:48626 => /127.0.1.1:41135]: Not closing client connection on middle chunk for /styles/vendor.e0f0f7c2.css
10:43:46.543 [LittleProxy-ProxyToServerWorker-5] DEBUG o.l.p.impl.ClientToProxyConnection - (AWAITING_INITIAL) [id: 0x1c552e73, /127.0.0.1:48629 => /127.0.1.1:41135]: Writing: DefaultHttpContent(data: SlicedByteBuf(ridx: 0, widx: 635, cap: 635/635, unwrapped: UnpooledUnsafeDirectByteBuf(ridx: 1024, widx: 1024, cap: 1024)), decoderResult: success)
10:43:46.543 [LittleProxy-ProxyToServerWorker-1] DEBUG o.l.p.impl.ProxyToServerConnection - (AWAITING_CHUNK) [id: 0x500faaee, /10.65.140.181:37590 => voucher-manager-ui.stage.pv.nimbus-stage.cg.sky.com/80.238.10.34:80]: Reading: DefaultHttpContent(data: SlicedByteBuf(ridx: 0, widx: 4140, cap: 4140/4140, unwrapped: UnpooledUnsafeDirectByteBuf(ridx: 4140, widx: 4140, cap: 8192)), decoderResult: success)
10:43:46.543 [LittleProxy-ProxyToServerWorker-5] DEBUG o.l.p.impl.ClientToProxyConnection - (AWAITING_INITIAL) [id: 0x1c552e73, /127.0.0.1:48629 => /127.0.1.1:41135]: Wrote: DefaultHttpContent(data: SlicedByteBuf(ridx: 0, widx: 635, cap: 635/635, unwrapped: UnpooledUnsafeDirectByteBuf(ridx: 1024, widx: 1024, cap: 1024)), decoderResult: success)
10:43:46.543 [LittleProxy-ProxyToServerWorker-1] DEBUG o.l.p.impl.ClientToProxyConnection - (AWAITING_INITIAL) [id: 0x710aaa6e, /127.0.0.1:48626 => /127.0.1.1:41135]: Retaining reference counted message
10:43:46.543 [LittleProxy-ProxyToServerWorker-5] DEBUG o.l.p.impl.ClientToProxyConnection - (AWAITING_INITIAL) [id: 0x1c552e73, /127.0.0.1:48629 => /127.0.1.1:41135]: Not closing server connection on middle chunk for /scripts/vendor.5b6e72cb.js
10:43:46.543 [LittleProxy-ProxyToServerWorker-1] DEBUG o.l.p.impl.ClientToProxyConnection - (AWAITING_INITIAL) [id: 0x710aaa6e, /127.0.0.1:48626 => /127.0.1.1:41135]: Writing: DefaultHttpContent(data: SlicedByteBuf(ridx: 0, widx: 4140, cap: 4140/4140, unwrapped: UnpooledUnsafeDirectByteBuf(ridx: 4140, widx: 4140, cap: 8192)), decoderResult: success)
10:43:46.543 [LittleProxy-ProxyToServerWorker-5] DEBUG o.l.p.impl.ClientToProxyConnection - (AWAITING_INITIAL) [id: 0x1c552e73, /127.0.0.1:48629 => /127.0.1.1:41135]: Not closing client connection on middle chunk for /scripts/vendor.5b6e72cb.js
10:43:46.543 [LittleProxy-ProxyToServerWorker-5] DEBUG o.l.p.impl.ProxyToServerConnection - (AWAITING_CHUNK) [id: 0x04bd9cdb, /10.65.140.181:37601 => voucher-manager-ui.stage.pv.nimbus-stage.cg.sky.com/80.238.10.34:80]: Reading: DefaultHttpContent(data: SlicedByteBuf(ridx: 0, widx: 1024, cap: 1024/1024, unwrapped: UnpooledUnsafeDirectByteBuf(ridx: 1024, widx: 1024, cap: 1024)), decoderResult: success)
10:43:46.543 [LittleProxy-ProxyToServerWorker-5] DEBUG o.l.p.impl.ClientToProxyConnection - (AWAITING_INITIAL) [id: 0x1c552e73, /127.0.0.1:48629 => /127.0.1.1:41135]: Retaining reference counted message
10:43:46.543 [LittleProxy-ProxyToServerWorker-5] DEBUG o.l.p.impl.ClientToProxyConnection - (AWAITING_INITIAL) [id: 0x1c552e73, /127.0.0.1:48629 => /127.0.1.1:41135]: Writing: DefaultHttpContent(data: SlicedByteBuf(ridx: 0, widx: 1024, cap: 1024/1024, unwrapped: UnpooledUnsafeDirectByteBuf(ridx: 1024, widx: 1024, cap: 1024)), decoderResult: success)
10:43:46.543 [LittleProxy-ProxyToServerWorker-5] DEBUG o.l.p.impl.ClientToProxyConnection - (AWAITING_INITIAL) [id: 0x1c552e73, /127.0.0.1:48629 => /127.0.1.1:41135]: Wrote: DefaultHttpContent(data: SlicedByteBuf(ridx: 0, widx: 1024, cap: 1024/1024, unwrapped: UnpooledUnsafeDirectByteBuf(ridx: 1024, widx: 1024, cap: 1024)), decoderResult: success)
10:43:46.543 [LittleProxy-ProxyToServerWorker-5] DEBUG o.l.p.impl.ClientToProxyConnection - (AWAITING_INITIAL) [id: 0x1c552e73, /127.0.0.1:48629 => /127.0.1.1:41135]: Not closing server connection on middle chunk for /scripts/vendor.5b6e72cb.js
10:43:46.543 [LittleProxy-ProxyToServerWorker-5] DEBUG o.l.p.impl.ClientToProxyConnection - (AWAITING_INITIAL) [id: 0x1c552e73, /127.0.0.1:48629 => /127.0.1.1:41135]: Not closing client connection on middle chunk for /scripts/vendor.5b6e72cb.js
10:43:46.543 [LittleProxy-ProxyToServerWorker-1] DEBUG o.l.p.impl.ClientToProxyConnection - (AWAITING_INITIAL) [id: 0x710aaa6e, /127.0.0.1:48626 => /127.0.1.1:41135]: Wrote: DefaultHttpContent(data: SlicedByteBuf(ridx: 0, widx: 4140, cap: 4140/4140, unwrapped: UnpooledUnsafeDirectByteBuf(ridx: 4140, widx: 4140, cap: 8192)), decoderResult: success)
10:43:46.543 [LittleProxy-ProxyToServerWorker-1] DEBUG o.l.p.impl.ClientToProxyConnection - (AWAITING_INITIAL) [id: 0x710aaa6e, /127.0.0.1:48626 => /127.0.1.1:41135]: Not closing server connection on middle chunk for /styles/vendor.e0f0f7c2.css
10:43:46.543 [LittleProxy-ProxyToServerWorker-1] DEBUG o.l.p.impl.ClientToProxyConnection - (AWAITING_INITIAL) [id: 0x710aaa6e, /127.0.0.1:48626 => /127.0.1.1:41135]: Not closing client connection on middle chunk for /styles/vendor.e0f0f7c2.css
10:43:46.543 [LittleProxy-ProxyToServerWorker-1] DEBUG o.l.p.impl.ProxyToServerConnection - (AWAITING_CHUNK) [id: 0x500faaee, /10.65.140.181:37590 => voucher-manager-ui.stage.pv.nimbus-stage.cg.sky.com/80.238.10.34:80]: Reading: DefaultHttpContent(data: SlicedByteBuf(ridx: 0, widx: 2760, cap: 2760/2760, unwrapped: UnpooledUnsafeDirectByteBuf(ridx: 2760, widx: 2760, cap: 8192)), decoderResult: success)
10:43:46.543 [LittleProxy-ProxyToServerWorker-1] DEBUG o.l.p.impl.ClientToProxyConnection - (AWAITING_INITIAL) [id: 0x710aaa6e, /127.0.0.1:48626 => /127.0.1.1:41135]: Retaining reference counted message
10:43:46.543 [LittleProxy-ProxyToServerWorker-1] DEBUG o.l.p.impl.ClientToProxyConnection - (AWAITING_INITIAL) [id: 0x710aaa6e, /127.0.0.1:48626 => /127.0.1.1:41135]: Writing: DefaultHttpContent(data: SlicedByteBuf(ridx: 0, widx: 2760, cap: 2760/2760, unwrapped: UnpooledUnsafeDirectByteBuf(ridx: 2760, widx: 2760, cap: 8192)), decoderResult: success)
10:43:46.543 [LittleProxy-ProxyToServerWorker-1] DEBUG o.l.p.impl.ClientToProxyConnection - (AWAITING_INITIAL) [id: 0x710aaa6e, /127.0.0.1:48626 => /127.0.1.1:41135]: Wrote: DefaultHttpContent(data: SlicedByteBuf(ridx: 0, widx: 2760, cap: 2760/2760, unwrapped: UnpooledUnsafeDirectByteBuf(ridx: 2760, widx: 2760, cap: 8192)), decoderResult: success)
10:43:46.543 [LittleProxy-ProxyToServerWorker-1] DEBUG o.l.p.impl.ClientToProxyConnection - (AWAITING_INITIAL) [id: 0x710aaa6e, /127.0.0.1:48626 => /127.0.1.1:41135]: Not closing server connection on middle chunk for /styles/vendor.e0f0f7c2.css
10:43:46.544 [LittleProxy-ProxyToServerWorker-1] DEBUG o.l.p.impl.ClientToProxyConnection - (AWAITING_INITIAL) [id: 0x710aaa6e, /127.0.0.1:48626 => /127.0.1.1:41135]: Not closing client connection on middle chunk for /styles/vendor.e0f0f7c2.css
10:43:46.544 [LittleProxy-ProxyToServerWorker-1] DEBUG o.l.p.impl.ProxyToServerConnection - (AWAITING_CHUNK) [id: 0x500faaee, /10.65.140.181:37590 => voucher-manager-ui.stage.pv.nimbus-stage.cg.sky.com/80.238.10.34:80]: Reading: DefaultHttpContent(data: SlicedByteBuf(ridx: 0, widx: 2760, cap: 2760/2760, unwrapped: UnpooledUnsafeDirectByteBuf(ridx: 2760, widx: 2760, cap: 8192)), decoderResult: success)
10:43:46.544 [LittleProxy-ProxyToServerWorker-1] DEBUG o.l.p.impl.ClientToProxyConnection - (AWAITING_INITIAL) [id: 0x710aaa6e, /127.0.0.1:48626 => /127.0.1.1:41135]: Retaining reference counted message
10:43:46.544 [LittleProxy-ProxyToServerWorker-1] DEBUG o.l.p.impl.ClientToProxyConnection - (AWAITING_INITIAL) [id: 0x710aaa6e, /127.0.0.1:48626 => /127.0.1.1:41135]: Writing: DefaultHttpContent(data: SlicedByteBuf(ridx: 0, widx: 2760, cap: 2760/2760, unwrapped: UnpooledUnsafeDirectByteBuf(ridx: 2760, widx: 2760, cap: 8192)), decoderResult: success)
10:43:46.544 [LittleProxy-ProxyToServerWorker-1] DEBUG o.l.p.impl.ClientToProxyConnection - (AWAITING_INITIAL) [id: 0x710aaa6e, /127.0.0.1:48626 => /127.0.1.1:41135]: Wrote: DefaultHttpContent(data: SlicedByteBuf(ridx: 0, widx: 2760, cap: 2760/2760, unwrapped: UnpooledUnsafeDirectByteBuf(ridx: 2760, widx: 2760, cap: 8192)), decoderResult: success)
10:43:46.544 [LittleProxy-ProxyToServerWorker-1] DEBUG o.l.p.impl.ClientToProxyConnection - (AWAITING_INITIAL) [id: 0x710aaa6e, /127.0.0.1:48626 => /127.0.1.1:41135]: Not closing server connection on middle chunk for /styles/vendor.e0f0f7c2.css
10:43:46.544 [LittleProxy-ProxyToServerWorker-1] DEBUG o.l.p.impl.ClientToProxyConnection - (AWAITING_INITIAL) [id: 0x710aaa6e, /127.0.0.1:48626 => /127.0.1.1:41135]: Not closing client connection on middle chunk for /styles/vendor.e0f0f7c2.css
10:43:46.544 [LittleProxy-ProxyToServerWorker-1] DEBUG o.l.p.impl.ProxyToServerConnection - (AWAITING_CHUNK) [id: 0x500faaee, /10.65.140.181:37590 => voucher-manager-ui.stage.pv.nimbus-stage.cg.sky.com/80.238.10.34:80]: Reading: DefaultHttpContent(data: SlicedByteBuf(ridx: 0, widx: 1491, cap: 1491/1491, unwrapped: UnpooledUnsafeDirectByteBuf(ridx: 2760, widx: 2760, cap: 8192)), decoderResult: success)
10:43:46.544 [LittleProxy-ProxyToServerWorker-5] DEBUG o.l.p.impl.ProxyToServerConnection - (AWAITING_CHUNK) [id: 0x04bd9cdb, /10.65.140.181:37601 => voucher-manager-ui.stage.pv.nimbus-stage.cg.sky.com/80.238.10.34:80]: Reading: DefaultHttpContent(data: SlicedByteBuf(ridx: 0, widx: 1024, cap: 1024/1024, unwrapped: UnpooledUnsafeDirectByteBuf(ridx: 1024, widx: 1024, cap: 1024)), decoderResult: success)
10:43:46.544 [LittleProxy-ProxyToServerWorker-1] DEBUG o.l.p.impl.ClientToProxyConnection - (AWAITING_INITIAL) [id: 0x710aaa6e, /127.0.0.1:48626 => /127.0.1.1:41135]: Retaining reference counted message
10:43:46.544 [LittleProxy-ProxyToServerWorker-5] DEBUG o.l.p.impl.ClientToProxyConnection - (AWAITING_INITIAL) [id: 0x1c552e73, /127.0.0.1:48629 => /127.0.1.1:41135]: Retaining reference counted message
10:43:46.544 [LittleProxy-ProxyToServerWorker-1] DEBUG o.l.p.impl.ClientToProxyConnection - (AWAITING_INITIAL) [id: 0x710aaa6e, /127.0.0.1:48626 => /127.0.1.1:41135]: Writing: DefaultHttpContent(data: SlicedByteBuf(ridx: 0, widx: 1491, cap: 1491/1491, unwrapped: UnpooledUnsafeDirectByteBuf(ridx: 2760, widx: 2760, cap: 8192)), decoderResult: success)
10:43:46.544 [LittleProxy-ProxyToServerWorker-5] DEBUG o.l.p.impl.ClientToProxyConnection - (AWAITING_INITIAL) [id: 0x1c552e73, /127.0.0.1:48629 => /127.0.1.1:41135]: Writing: DefaultHttpContent(data: SlicedByteBuf(ridx: 0, widx: 1024, cap: 1024/1024, unwrapped: UnpooledUnsafeDirectByteBuf(ridx: 1024, widx: 1024, cap: 1024)), decoderResult: success)
10:43:46.544 [LittleProxy-ProxyToServerWorker-1] DEBUG o.l.p.impl.ClientToProxyConnection - (AWAITING_INITIAL) [id: 0x710aaa6e, /127.0.0.1:48626 => /127.0.1.1:41135]: Wrote: DefaultHttpContent(data: SlicedByteBuf(ridx: 0, widx: 1491, cap: 1491/1491, unwrapped: UnpooledUnsafeDirectByteBuf(ridx: 2760, widx: 2760, cap: 8192)), decoderResult: success)
10:43:46.544 [LittleProxy-ProxyToServerWorker-5] DEBUG o.l.p.impl.ClientToProxyConnection - (AWAITING_INITIAL) [id: 0x1c552e73, /127.0.0.1:48629 => /127.0.1.1:41135]: Wrote: DefaultHttpContent(data: SlicedByteBuf(ridx: 0, widx: 1024, cap: 1024/1024, unwrapped: UnpooledUnsafeDirectByteBuf(ridx: 1024, widx: 1024, cap: 1024)), decoderResult: success)
10:43:46.544 [LittleProxy-ProxyToServerWorker-1] DEBUG o.l.p.impl.ClientToProxyConnection - (AWAITING_INITIAL) [id: 0x710aaa6e, /127.0.0.1:48626 => /127.0.1.1:41135]: Not closing server connection on middle chunk for /styles/vendor.e0f0f7c2.css
10:43:46.544 [LittleProxy-ProxyToServerWorker-5] DEBUG o.l.p.impl.ClientToProxyConnection - (AWAITING_INITIAL) [id: 0x1c552e73, /127.0.0.1:48629 => /127.0.1.1:41135]: Not closing server connection on middle chunk for /scripts/vendor.5b6e72cb.js
10:43:46.544 [LittleProxy-ProxyToServerWorker-1] DEBUG o.l.p.impl.ClientToProxyConnection - (AWAITING_INITIAL) [id: 0x710aaa6e, /127.0.0.1:48626 => /127.0.1.1:41135]: Not closing client connection on middle chunk for /styles/vendor.e0f0f7c2.css
10:43:46.544 [LittleProxy-ProxyToServerWorker-5] DEBUG o.l.p.impl.ClientToProxyConnection - (AWAITING_INITIAL) [id: 0x1c552e73, /127.0.0.1:48629 => /127.0.1.1:41135]: Not closing client connection on middle chunk for /scripts/vendor.5b6e72cb.js
10:43:46.544 [LittleProxy-ProxyToServerWorker-1] DEBUG o.l.p.impl.ProxyToServerConnection - (AWAITING_CHUNK) [id: 0x500faaee, /10.65.140.181:37590 => voucher-manager-ui.stage.pv.nimbus-stage.cg.sky.com/80.238.10.34:80]: Reading: DefaultHttpContent(data: SlicedByteBuf(ridx: 0, widx: 1261, cap: 1261/1261, unwrapped: UnpooledUnsafeDirectByteBuf(ridx: 2760, widx: 2760, cap: 8192)), decoderResult: success)
10:43:46.544 [LittleProxy-ProxyToServerWorker-1] DEBUG o.l.p.impl.ClientToProxyConnection - (AWAITING_INITIAL) [id: 0x710aaa6e, /127.0.0.1:48626 => /127.0.1.1:41135]: Retaining reference counted message
10:43:46.544 [LittleProxy-ProxyToServerWorker-5] DEBUG o.l.p.impl.ProxyToServerConnection - (AWAITING_CHUNK) [id: 0x04bd9cdb, /10.65.140.181:37601 => voucher-manager-ui.stage.pv.nimbus-stage.cg.sky.com/80.238.10.34:80]: Reading: DefaultHttpContent(data: SlicedByteBuf(ridx: 0, widx: 1024, cap: 1024/1024, unwrapped: UnpooledUnsafeDirectByteBuf(ridx: 1024, widx: 1024, cap: 1024)), decoderResult: success)
10:43:46.544 [LittleProxy-ProxyToServerWorker-1] DEBUG o.l.p.impl.ClientToProxyConnection - (AWAITING_INITIAL) [id: 0x710aaa6e, /127.0.0.1:48626 => /127.0.1.1:41135]: Writing: DefaultHttpContent(data: SlicedByteBuf(ridx: 0, widx: 1261, cap: 1261/1261, unwrapped: UnpooledUnsafeDirectByteBuf(ridx: 2760, widx: 2760, cap: 8192)), decoderResult: success)
10:43:46.544 [LittleProxy-ProxyToServerWorker-5] DEBUG o.l.p.impl.ClientToProxyConnection - (AWAITING_INITIAL) [id: 0x1c552e73, /127.0.0.1:48629 => /127.0.1.1:41135]: Retaining reference counted message
10:43:46.544 [LittleProxy-ProxyToServerWorker-5] DEBUG o.l.p.impl.ClientToProxyConnection - (AWAITING_INITIAL) [id: 0x1c552e73, /127.0.0.1:48629 => /127.0.1.1:41135]: Writing: DefaultHttpContent(data: SlicedByteBuf(ridx: 0, widx: 1024, cap: 1024/1024, unwrapped: UnpooledUnsafeDirectByteBuf(ridx: 1024, widx: 1024, cap: 1024)), decoderResult: success)
10:43:46.544 [LittleProxy-ProxyToServerWorker-1] DEBUG o.l.p.impl.ClientToProxyConnection - (AWAITING_INITIAL) [id: 0x710aaa6e, /127.0.0.1:48626 => /127.0.1.1:41135]: Wrote: DefaultHttpContent(data: SlicedByteBuf(ridx: 0, widx: 1261, cap: 1261/1261, unwrapped: UnpooledUnsafeDirectByteBuf(ridx: 2760, widx: 2760, cap: 8192)), decoderResult: success)
10:43:46.544 [LittleProxy-ProxyToServerWorker-5] DEBUG o.l.p.impl.ClientToProxyConnection - (AWAITING_INITIAL) [id: 0x1c552e73, /127.0.0.1:48629 => /127.0.1.1:41135]: Wrote: DefaultHttpContent(data: SlicedByteBuf(ridx: 0, widx: 1024, cap: 1024/1024, unwrapped: UnpooledUnsafeDirectByteBuf(ridx: 1024, widx: 1024, cap: 1024)), decoderResult: success)
10:43:46.545 [LittleProxy-ProxyToServerWorker-2] DEBUG o.l.p.impl.ProxyToServerConnection - (AWAITING_INITIAL) [id: 0xc0dc06ce, /10.65.140.181:37597 => voucher-manager-ui.stage.pv.nimbus-stage.cg.sky.com/80.238.10.34:80]: Remembering the current request.
10:43:46.545 [LittleProxy-ProxyToServerWorker-1] DEBUG o.l.p.impl.ClientToProxyConnection - (AWAITING_INITIAL) [id: 0x710aaa6e, /127.0.0.1:48626 => /127.0.1.1:41135]: Not closing server connection on middle chunk for /styles/vendor.e0f0f7c2.css
10:43:46.545 [LittleProxy-ProxyToServerWorker-3] DEBUG o.l.p.impl.ProxyToServerConnection - (AWAITING_INITIAL) [id: 0x37e81f47, /10.65.140.181:37595 => voucher-manager-ui.stage.pv.nimbus-stage.cg.sky.com/80.238.10.34:80]: Remembering the current request.
10:43:46.545 [LittleProxy-ProxyToServerWorker-5] DEBUG o.l.p.impl.ClientToProxyConnection - (AWAITING_INITIAL) [id: 0x1c552e73, /127.0.0.1:48629 => /127.0.1.1:41135]: Not closing server connection on middle chunk for /scripts/vendor.5b6e72cb.js
10:43:46.545 [LittleProxy-ProxyToServerWorker-2] DEBUG o.l.p.impl.ProxyToServerConnection - (AWAITING_INITIAL) [id: 0xc0dc06ce, /10.65.140.181:37597 => voucher-manager-ui.stage.pv.nimbus-stage.cg.sky.com/80.238.10.34:80]: Reading: DefaultHttpResponse(decodeResult: success, version: HTTP/1.1)
HTTP/1.1 200 OK
X-FORWARDED-PROTO: http
Server: nginx
Date: Wed, 29 Jul 2015 09:43:46 GMT
Content-Type: text/css; charset=UTF-8
Transfer-Encoding: chunked
Connection: keep-alive
Keep-Alive: timeout=10
Vary: Accept-Encoding
X-Powered-By: Express
X-Frame-Options: DENY
Cache-Control: public, max-age=0
Last-Modified: Fri, 24 Jul 2015 14:37:56 GMT
Content-Encoding: gzip
10:43:46.545 [LittleProxy-ProxyToServerWorker-1] DEBUG o.l.p.impl.ClientToProxyConnection - (AWAITING_INITIAL) [id: 0x710aaa6e, /127.0.0.1:48626 => /127.0.1.1:41135]: Not closing client connection on middle chunk for /styles/vendor.e0f0f7c2.css
10:43:46.545 [LittleProxy-ProxyToServerWorker-5] DEBUG o.l.p.impl.ClientToProxyConnection - (AWAITING_INITIAL) [id: 0x1c552e73, /127.0.0.1:48629 => /127.0.1.1:41135]: Not closing client connection on middle chunk for /scripts/vendor.5b6e72cb.js
10:43:46.545 [LittleProxy-ProxyToServerWorker-3] DEBUG o.l.p.impl.ProxyToServerConnection - (AWAITING_INITIAL) [id: 0x37e81f47, /10.65.140.181:37595 => voucher-manager-ui.stage.pv.nimbus-stage.cg.sky.com/80.238.10.34:80]: Reading: DefaultHttpResponse(decodeResult: success, version: HTTP/1.1)
HTTP/1.1 200 OK
X-FORWARDED-PROTO: http
Server: nginx
Date: Wed, 29 Jul 2015 09:43:46 GMT
Content-Type: application/javascript
Transfer-Encoding: chunked
Connection: keep-alive
Keep-Alive: timeout=10
Vary: Accept-Encoding
X-Powered-By: Express
X-Frame-Options: DENY
Cache-Control: public, max-age=0
Last-Modified: Fri, 24 Jul 2015 14:37:56 GMT
Content-Encoding: gzip
10:43:46.545 [LittleProxy-ProxyToServerWorker-2] DEBUG o.l.p.impl.ProxyToServerConnection - (AWAITING_INITIAL) [id: 0xc0dc06ce, /10.65.140.181:37597 => voucher-manager-ui.stage.pv.nimbus-stage.cg.sky.com/80.238.10.34:80]: Received raw response: DefaultHttpResponse(decodeResult: success, version: HTTP/1.1)
HTTP/1.1 200 OK
X-FORWARDED-PROTO: http
Server: nginx
Date: Wed, 29 Jul 2015 09:43:46 GMT
Content-Type: text/css; charset=UTF-8
Transfer-Encoding: chunked
Connection: keep-alive
Keep-Alive: timeout=10
Vary: Accept-Encoding
X-Powered-By: Express
X-Frame-Options: DENY
Cache-Control: public, max-age=0
Last-Modified: Fri, 24 Jul 2015 14:37:56 GMT
Content-Encoding: gzip
10:43:46.545 [LittleProxy-ProxyToServerWorker-1] DEBUG o.l.p.impl.ProxyToServerConnection - (AWAITING_CHUNK) [id: 0x500faaee, /10.65.140.181:37590 => voucher-manager-ui.stage.pv.nimbus-stage.cg.sky.com/80.238.10.34:80]: Reading: DefaultHttpContent(data: SlicedByteBuf(ridx: 0, widx: 3899, cap: 3899/3899, unwrapped: UnpooledUnsafeDirectByteBuf(ridx: 3906, widx: 3906, cap: 8192)), decoderResult: success)
10:43:46.546 [LittleProxy-ProxyToServerWorker-3] DEBUG o.l.p.impl.ProxyToServerConnection - (AWAITING_INITIAL) [id: 0x37e81f47, /10.65.140.181:37595 => voucher-manager-ui.stage.pv.nimbus-stage.cg.sky.com/80.238.10.34:80]: Received raw response: DefaultHttpResponse(decodeResult: success, version: HTTP/1.1)
HTTP/1.1 200 OK
X-FORWARDED-PROTO: http
Server: nginx
Date: Wed, 29 Jul 2015 09:43:46 GMT
Content-Type: application/javascript
Transfer-Encoding: chunked
Connection: keep-alive
Keep-Alive: timeout=10
Vary: Accept-Encoding
X-Powered-By: Express
X-Frame-Options: DENY
Cache-Control: public, max-age=0
Last-Modified: Fri, 24 Jul 2015 14:37:56 GMT
Content-Encoding: gzip
10:43:46.546 [LittleProxy-ProxyToServerWorker-2] DEBUG o.l.p.impl.ProxyToServerConnection - (AWAITING_INITIAL) [id: 0xc0dc06ce, /10.65.140.181:37597 => voucher-manager-ui.stage.pv.nimbus-stage.cg.sky.com/80.238.10.34:80]: Remembering the current response.
10:43:46.546 [LittleProxy-ProxyToServerWorker-5] DEBUG o.l.p.impl.ProxyToServerConnection - (AWAITING_CHUNK) [id: 0x04bd9cdb, /10.65.140.181:37601 => voucher-manager-ui.stage.pv.nimbus-stage.cg.sky.com/80.238.10.34:80]: Reading: DefaultHttpContent(data: SlicedByteBuf(ridx: 0, widx: 1024, cap: 1024/1024, unwrapped: UnpooledUnsafeDirectByteBuf(ridx: 1024, widx: 1024, cap: 1024)), decoderResult: success)
10:43:46.546 [LittleProxy-ProxyToServerWorker-1] DEBUG o.l.p.impl.ClientToProxyConnection - (AWAITING_INITIAL) [id: 0x710aaa6e, /127.0.0.1:48626 => /127.0.1.1:41135]: Retaining reference counted message
10:43:46.546 [LittleProxy-ProxyToServerWorker-3] DEBUG o.l.p.impl.ProxyToServerConnection - (AWAITING_INITIAL) [id: 0x37e81f47, /10.65.140.181:37595 => voucher-manager-ui.stage.pv.nimbus-stage.cg.sky.com/80.238.10.34:80]: Remembering the current response.
10:43:46.546 [LittleProxy-ProxyToServerWorker-5] DEBUG o.l.p.impl.ClientToProxyConnection - (AWAITING_INITIAL) [id: 0x1c552e73, /127.0.0.1:48629 => /127.0.1.1:41135]: Retaining reference counted message
10:43:46.546 [LittleProxy-ProxyToServerWorker-1] DEBUG o.l.p.impl.ClientToProxyConnection - (AWAITING_INITIAL) [id: 0x710aaa6e, /127.0.0.1:48626 => /127.0.1.1:41135]: Writing: DefaultHttpContent(data: SlicedByteBuf(ridx: 0, widx: 3899, cap: 3899/3899, unwrapped: UnpooledUnsafeDirectByteBuf(ridx: 3906, widx: 3906, cap: 8192)), decoderResult: success)
10:43:46.547 [LittleProxy-ProxyToServerWorker-5] DEBUG o.l.p.impl.ClientToProxyConnection - (AWAITING_INITIAL) [id: 0x1c552e73, /127.0.0.1:48629 => /127.0.1.1:41135]: Writing: DefaultHttpContent(data: SlicedByteBuf(ridx: 0, widx: 1024, cap: 1024/1024, unwrapped: UnpooledUnsafeDirectByteBuf(ridx: 1024, widx: 1024, cap: 1024)), decoderResult: success)
10:43:46.547 [LittleProxy-ProxyToServerWorker-2] DEBUG o.l.p.impl.ClientToProxyConnection - (AWAITING_INITIAL) [id: 0xa01e3b00, /127.0.0.1:48628 => /127.0.1.1:41135]: Writing: DefaultHttpResponse(decodeResult: success, version: HTTP/1.1)
HTTP/1.1 200 OK
X-FORWARDED-PROTO: http
Server: nginx
Date: Wed, 29 Jul 2015 09:43:46 GMT
Content-Type: text/css; charset=UTF-8
Transfer-Encoding: chunked
Vary: Accept-Encoding
X-Powered-By: Express
X-Frame-Options: DENY
Cache-Control: public, max-age=0
Last-Modified: Fri, 24 Jul 2015 14:37:56 GMT
Content-Encoding: gzip
Via: 1.1 localhost.localdomain
10:43:46.547 [LittleProxy-ProxyToServerWorker-1] DEBUG o.l.p.impl.ClientToProxyConnection - (AWAITING_INITIAL) [id: 0x710aaa6e, /127.0.0.1:48626 => /127.0.1.1:41135]: Wrote: DefaultHttpContent(data: SlicedByteBuf(ridx: 0, widx: 3899, cap: 3899/3899, unwrapped: UnpooledUnsafeDirectByteBuf(ridx: 3906, widx: 3906, cap: 8192)), decoderResult: success)
10:43:46.547 [LittleProxy-ProxyToServerWorker-3] DEBUG o.l.p.impl.ClientToProxyConnection - (AWAITING_INITIAL) [id: 0xd40ea92d, /127.0.0.1:48630 => /127.0.1.1:41135]: Writing: DefaultHttpResponse(decodeResult: success, version: HTTP/1.1)
HTTP/1.1 200 OK
X-FORWARDED-PROTO: http
Server: nginx
Date: Wed, 29 Jul 2015 09:43:46 GMT
Content-Type: application/javascript
Transfer-Encoding: chunked
Vary: Accept-Encoding
X-Powered-By: Express
X-Frame-Options: DENY
Cache-Control: public, max-age=0
Last-Modified: Fri, 24 Jul 2015 14:37:56 GMT
Content-Encoding: gzip
Via: 1.1 localhost.localdomain
10:43:46.547 [LittleProxy-ProxyToServerWorker-5] DEBUG o.l.p.impl.ClientToProxyConnection - (AWAITING_INITIAL) [id: 0x1c552e73, /127.0.0.1:48629 => /127.0.1.1:41135]: Wrote: DefaultHttpContent(data: SlicedByteBuf(ridx: 0, widx: 1024, cap: 1024/1024, unwrapped: UnpooledUnsafeDirectByteBuf(ridx: 1024, widx: 1024, cap: 1024)), decoderResult: success)
10:43:46.547 [LittleProxy-ProxyToServerWorker-1] DEBUG o.l.p.impl.ClientToProxyConnection - (AWAITING_INITIAL) [id: 0x710aaa6e, /127.0.0.1:48626 => /127.0.1.1:41135]: Not closing server connection on middle chunk for /styles/vendor.e0f0f7c2.css
10:43:46.547 [LittleProxy-ProxyToServerWorker-3] DEBUG o.l.p.impl.ClientToProxyConnection - (AWAITING_INITIAL) [id: 0xd40ea92d, /127.0.0.1:48630 => /127.0.1.1:41135]: Wrote: DefaultHttpResponse(decodeResult: success, version: HTTP/1.1)
HTTP/1.1 200 OK
X-FORWARDED-PROTO: http
Server: nginx
Date: Wed, 29 Jul 2015 09:43:46 GMT
Content-Type: application/javascript
Transfer-Encoding: chunked
Vary: Accept-Encoding
X-Powered-By: Express
X-Frame-Options: DENY
Cache-Control: public, max-age=0
Last-Modified: Fri, 24 Jul 2015 14:37:56 GMT
Content-Encoding: gzip
Via: 1.1 localhost.localdomain
10:43:46.547 [LittleProxy-ProxyToServerWorker-2] DEBUG o.l.p.impl.ClientToProxyConnection - (AWAITING_INITIAL) [id: 0xa01e3b00, /127.0.0.1:48628 => /127.0.1.1:41135]: Wrote: DefaultHttpResponse(decodeResult: success, version: HTTP/1.1)
HTTP/1.1 200 OK
X-FORWARDED-PROTO: http
Server: nginx
Date: Wed, 29 Jul 2015 09:43:46 GMT
Content-Type: text/css; charset=UTF-8
Transfer-Encoding: chunked
Vary: Accept-Encoding
X-Powered-By: Express
X-Frame-Options: DENY
Cache-Control: public, max-age=0
Last-Modified: Fri, 24 Jul 2015 14:37:56 GMT
Content-Encoding: gzip
Via: 1.1 localhost.localdomain
10:43:46.547 [LittleProxy-ProxyToServerWorker-5] DEBUG o.l.p.impl.ClientToProxyConnection - (AWAITING_INITIAL) [id: 0x1c552e73, /127.0.0.1:48629 => /127.0.1.1:41135]: Not closing server connection on middle chunk for /scripts/vendor.5b6e72cb.js
10:43:46.548 [LittleProxy-ProxyToServerWorker-1] DEBUG o.l.p.impl.ClientToProxyConnection - (AWAITING_INITIAL) [id: 0x710aaa6e, /127.0.0.1:48626 => /127.0.1.1:41135]: Not closing client connection on middle chunk for /styles/vendor.e0f0f7c2.css
10:43:46.548 [LittleProxy-ProxyToServerWorker-3] DEBUG o.l.p.impl.ClientToProxyConnection - (AWAITING_INITIAL) [id: 0xd40ea92d, /127.0.0.1:48630 => /127.0.1.1:41135]: Not closing server connection on middle chunk for /scripts/scripts.b3713605.js
10:43:46.548 [LittleProxy-ProxyToServerWorker-2] DEBUG o.l.p.impl.ClientToProxyConnection - (AWAITING_INITIAL) [id: 0xa01e3b00, /127.0.0.1:48628 => /127.0.1.1:41135]: Not closing server connection on middle chunk for /styles/main.d21d6943.css
10:43:46.548 [LittleProxy-ProxyToServerWorker-5] DEBUG o.l.p.impl.ClientToProxyConnection - (AWAITING_INITIAL) [id: 0x1c552e73, /127.0.0.1:48629 => /127.0.1.1:41135]: Not closing client connection on middle chunk for /scripts/vendor.5b6e72cb.js
10:43:46.548 [LittleProxy-ProxyToServerWorker-1] DEBUG o.l.p.impl.ProxyToServerConnection - (AWAITING_CHUNK) [id: 0x500faaee, /10.65.140.181:37590 => voucher-manager-ui.stage.pv.nimbus-stage.cg.sky.com/80.238.10.34:80]: Reading: EmptyLastHttpContent
10:43:46.548 [LittleProxy-ProxyToServerWorker-3] DEBUG o.l.p.impl.ClientToProxyConnection - (AWAITING_INITIAL) [id: 0xd40ea92d, /127.0.0.1:48630 => /127.0.1.1:41135]: Not closing client connection on middle chunk for /scripts/scripts.b3713605.js
10:43:46.548 [LittleProxy-ProxyToServerWorker-2] DEBUG o.l.p.impl.ClientToProxyConnection - (AWAITING_INITIAL) [id: 0xa01e3b00, /127.0.0.1:48628 => /127.0.1.1:41135]: Not closing client connection on middle chunk for /styles/main.d21d6943.css
10:43:46.548 [LittleProxy-ProxyToServerWorker-5] DEBUG o.l.p.impl.ProxyToServerConnection - (AWAITING_CHUNK) [id: 0x04bd9cdb, /10.65.140.181:37601 => voucher-manager-ui.stage.pv.nimbus-stage.cg.sky.com/80.238.10.34:80]: Reading: DefaultHttpContent(data: SlicedByteBuf(ridx: 0, widx: 1024, cap: 1024/1024, unwrapped: UnpooledUnsafeDirectByteBuf(ridx: 1024, widx: 1024, cap: 1024)), decoderResult: success)
10:43:46.548 [LittleProxy-ProxyToServerWorker-1] DEBUG o.l.p.impl.ClientToProxyConnection - (AWAITING_INITIAL) [id: 0x710aaa6e, /127.0.0.1:48626 => /127.0.1.1:41135]: Retaining reference counted message
10:43:46.548 [LittleProxy-ProxyToServerWorker-3] DEBUG o.l.p.impl.ProxyToServerConnection - (AWAITING_CHUNK) [id: 0x37e81f47, /10.65.140.181:37595 => voucher-manager-ui.stage.pv.nimbus-stage.cg.sky.com/80.238.10.34:80]: Reading: DefaultHttpContent(data: SlicedByteBuf(ridx: 0, widx: 635, cap: 635/635, unwrapped: UnpooledUnsafeDirectByteBuf(ridx: 1024, widx: 1024, cap: 1024)), decoderResult: success)
10:43:46.548 [LittleProxy-ProxyToServerWorker-2] DEBUG o.l.p.impl.ProxyToServerConnection - (AWAITING_CHUNK) [id: 0xc0dc06ce, /10.65.140.181:37597 => voucher-manager-ui.stage.pv.nimbus-stage.cg.sky.com/80.238.10.34:80]: Reading: DefaultHttpContent(data: SlicedByteBuf(ridx: 0, widx: 635, cap: 635/635, unwrapped: UnpooledUnsafeDirectByteBuf(ridx: 1024, widx: 1024, cap: 1024)), decoderResult: success)
10:43:46.548 [LittleProxy-ProxyToServerWorker-5] DEBUG o.l.p.impl.ClientToProxyConnection - (AWAITING_INITIAL) [id: 0x1c552e73, /127.0.0.1:48629 => /127.0.1.1:41135]: Retaining reference counted message
10:43:46.549 [LittleProxy-ProxyToServerWorker-1] DEBUG o.l.p.impl.ClientToProxyConnection - (AWAITING_INITIAL) [id: 0x710aaa6e, /127.0.0.1:48626 => /127.0.1.1:41135]: Writing: EmptyLastHttpContent
10:43:46.549 [LittleProxy-ProxyToServerWorker-3] DEBUG o.l.p.impl.ClientToProxyConnection - (AWAITING_INITIAL) [id: 0xd40ea92d, /127.0.0.1:48630 => /127.0.1.1:41135]: Retaining reference counted message
10:43:46.549 [LittleProxy-ProxyToServerWorker-2] DEBUG o.l.p.impl.ClientToProxyConnection - (AWAITING_INITIAL) [id: 0xa01e3b00, /127.0.0.1:48628 => /127.0.1.1:41135]: Retaining reference counted message
10:43:46.549 [LittleProxy-ProxyToServerWorker-5] DEBUG o.l.p.impl.ClientToProxyConnection - (AWAITING_INITIAL) [id: 0x1c552e73, /127.0.0.1:48629 => /127.0.1.1:41135]: Writing: DefaultHttpContent(data: SlicedByteBuf(ridx: 0, widx: 1024, cap: 1024/1024, unwrapped: UnpooledUnsafeDirectByteBuf(ridx: 1024, widx: 1024, cap: 1024)), decoderResult: success)
10:43:46.549 [LittleProxy-ProxyToServerWorker-1] DEBUG o.l.p.impl.ClientToProxyConnection - (AWAITING_INITIAL) [id: 0x710aaa6e, /127.0.0.1:48626 => /127.0.1.1:41135]: Writing an empty buffer to signal the end of our chunked transfer
10:43:46.549 [LittleProxy-ProxyToServerWorker-3] DEBUG o.l.p.impl.ClientToProxyConnection - (AWAITING_INITIAL) [id: 0xd40ea92d, /127.0.0.1:48630 => /127.0.1.1:41135]: Writing: DefaultHttpContent(data: SlicedByteBuf(ridx: 0, widx: 635, cap: 635/635, unwrapped: UnpooledUnsafeDirectByteBuf(ridx: 1024, widx: 1024, cap: 1024)), decoderResult: success)
10:43:46.549 [LittleProxy-ProxyToServerWorker-2] DEBUG o.l.p.impl.ClientToProxyConnection - (AWAITING_INITIAL) [id: 0xa01e3b00, /127.0.0.1:48628 => /127.0.1.1:41135]: Writing: DefaultHttpContent(data: SlicedByteBuf(ridx: 0, widx: 635, cap: 635/635, unwrapped: UnpooledUnsafeDirectByteBuf(ridx: 1024, widx: 1024, cap: 1024)), decoderResult: success)
10:43:46.549 [LittleProxy-ProxyToServerWorker-5] DEBUG o.l.p.impl.ClientToProxyConnection - (AWAITING_INITIAL) [id: 0x1c552e73, /127.0.0.1:48629 => /127.0.1.1:41135]: Wrote: DefaultHttpContent(data: SlicedByteBuf(ridx: 0, widx: 1024, cap: 1024/1024, unwrapped: UnpooledUnsafeDirectByteBuf(ridx: 1024, widx: 1024, cap: 1024)), decoderResult: success)
10:43:46.549 [LittleProxy-ProxyToServerWorker-1] DEBUG o.l.p.impl.ClientToProxyConnection - (AWAITING_INITIAL) [id: 0x710aaa6e, /127.0.0.1:48626 => /127.0.1.1:41135]: Wrote: EmptyLastHttpContent
10:43:46.549 [LittleProxy-ProxyToServerWorker-3] DEBUG o.l.p.impl.ClientToProxyConnection - (AWAITING_INITIAL) [id: 0xd40ea92d, /127.0.0.1:48630 => /127.0.1.1:41135]: Wrote: DefaultHttpContent(data: SlicedByteBuf(ridx: 0, widx: 635, cap: 635/635, unwrapped: UnpooledUnsafeDirectByteBuf(ridx: 1024, widx: 1024, cap: 1024)), decoderResult: success)
10:43:46.549 [LittleProxy-ProxyToServerWorker-5] DEBUG o.l.p.impl.ClientToProxyConnection - (AWAITING_INITIAL) [id: 0x1c552e73, /127.0.0.1:48629 => /127.0.1.1:41135]: Not closing server connection on middle chunk for /scripts/vendor.5b6e72cb.js
10:43:46.549 [LittleProxy-ProxyToServerWorker-1] DEBUG o.l.p.impl.ClientToProxyConnection - (AWAITING_INITIAL) [id: 0x710aaa6e, /127.0.0.1:48626 => /127.0.1.1:41135]: Retaining reference counted message
10:43:46.549 [LittleProxy-ProxyToServerWorker-3] DEBUG o.l.p.impl.ClientToProxyConnection - (AWAITING_INITIAL) [id: 0xd40ea92d, /127.0.0.1:48630 => /127.0.1.1:41135]: Not closing server connection on middle chunk for /scripts/scripts.b3713605.js
10:43:46.549 [LittleProxy-ProxyToServerWorker-5] DEBUG o.l.p.impl.ClientToProxyConnection - (AWAITING_INITIAL) [id: 0x1c552e73, /127.0.0.1:48629 => /127.0.1.1:41135]: Not closing client connection on middle chunk for /scripts/vendor.5b6e72cb.js
10:43:46.549 [LittleProxy-ProxyToServerWorker-1] DEBUG o.l.p.impl.ClientToProxyConnection - (AWAITING_INITIAL) [id: 0x710aaa6e, /127.0.0.1:48626 => /127.0.1.1:41135]: Writing: EmptyByteBufBE
10:43:46.549 [LittleProxy-ProxyToServerWorker-3] DEBUG o.l.p.impl.ClientToProxyConnection - (AWAITING_INITIAL) [id: 0xd40ea92d, /127.0.0.1:48630 => /127.0.1.1:41135]: Not closing client connection on middle chunk for /scripts/scripts.b3713605.js
10:43:46.549 [LittleProxy-ProxyToServerWorker-2] DEBUG o.l.p.impl.ClientToProxyConnection - (AWAITING_INITIAL) [id: 0xa01e3b00, /127.0.0.1:48628 => /127.0.1.1:41135]: Wrote: DefaultHttpContent(data: SlicedByteBuf(ridx: 0, widx: 635, cap: 635/635, unwrapped: UnpooledUnsafeDirectByteBuf(ridx: 1024, widx: 1024, cap: 1024)), decoderResult: success)
10:43:46.550 [LittleProxy-ProxyToServerWorker-1] DEBUG o.l.p.impl.ClientToProxyConnection - (AWAITING_INITIAL) [id: 0x710aaa6e, /127.0.0.1:48626 => /127.0.1.1:41135]: Wrote: EmptyByteBufBE
10:43:46.550 [LittleProxy-ProxyToServerWorker-3] DEBUG o.l.p.impl.ProxyToServerConnection - (AWAITING_CHUNK) [id: 0x37e81f47, /10.65.140.181:37595 => voucher-manager-ui.stage.pv.nimbus-stage.cg.sky.com/80.238.10.34:80]: Reading: DefaultHttpContent(data: SlicedByteBuf(ridx: 0, widx: 1024, cap: 1024/1024, unwrapped: UnpooledUnsafeDirectByteBuf(ridx: 1024, widx: 1024, cap: 1024)), decoderResult: success)
10:43:46.550 [LittleProxy-ProxyToServerWorker-2] DEBUG o.l.p.impl.ClientToProxyConnection - (AWAITING_INITIAL) [id: 0xa01e3b00, /127.0.0.1:48628 => /127.0.1.1:41135]: Not closing server connection on middle chunk for /styles/main.d21d6943.css
10:43:46.550 [LittleProxy-ProxyToServerWorker-1] DEBUG o.l.p.impl.ClientToProxyConnection - (AWAITING_INITIAL) [id: 0x710aaa6e, /127.0.0.1:48626 => /127.0.1.1:41135]: Handling last chunk. Using normal server connection closing rules.
10:43:46.550 [LittleProxy-ProxyToServerWorker-3] DEBUG o.l.p.impl.ClientToProxyConnection - (AWAITING_INITIAL) [id: 0xd40ea92d, /127.0.0.1:48630 => /127.0.1.1:41135]: Retaining reference counted message
10:43:46.550 [LittleProxy-ProxyToServerWorker-2] DEBUG o.l.p.impl.ClientToProxyConnection - (AWAITING_INITIAL) [id: 0xa01e3b00, /127.0.0.1:48628 => /127.0.1.1:41135]: Not closing client connection on middle chunk for /styles/main.d21d6943.css
10:43:46.550 [LittleProxy-ProxyToServerWorker-5] DEBUG o.l.p.impl.ProxyToServerConnection - (AWAITING_CHUNK) [id: 0x04bd9cdb, /10.65.140.181:37601 => voucher-manager-ui.stage.pv.nimbus-stage.cg.sky.com/80.238.10.34:80]: Reading: DefaultHttpContent(data: SlicedByteBuf(ridx: 0, widx: 1024, cap: 1024/1024, unwrapped: UnpooledUnsafeDirectByteBuf(ridx: 1024, widx: 1024, cap: 1024)), decoderResult: success)
10:43:46.550 [LittleProxy-ProxyToServerWorker-3] DEBUG o.l.p.impl.ClientToProxyConnection - (AWAITING_INITIAL) [id: 0xd40ea92d, /127.0.0.1:48630 => /127.0.1.1:41135]: Writing: DefaultHttpContent(data: SlicedByteBuf(ridx: 0, widx: 1024, cap: 1024/1024, unwrapped: UnpooledUnsafeDirectByteBuf(ridx: 1024, widx: 1024, cap: 1024)), decoderResult: success)
10:43:46.550 [LittleProxy-ProxyToServerWorker-1] DEBUG o.l.p.impl.ClientToProxyConnection - (AWAITING_INITIAL) [id: 0x710aaa6e, /127.0.0.1:48626 => /127.0.1.1:41135]: Not closing server connection for response: DefaultHttpResponse(decodeResult: success, version: HTTP/1.1)
HTTP/1.1 200 OK
X-FORWARDED-PROTO: http
Server: nginx
Date: Wed, 29 Jul 2015 09:43:46 GMT
Content-Type: text/css; charset=UTF-8
Transfer-Encoding: chunked
Connection: keep-alive
Keep-Alive: timeout=10
Vary: Accept-Encoding
X-Powered-By: Express
X-Frame-Options: DENY
Cache-Control: public, max-age=0
Last-Modified: Fri, 24 Jul 2015 14:37:56 GMT
Content-Encoding: gzip
10:43:46.550 [LittleProxy-ProxyToServerWorker-3] DEBUG o.l.p.impl.ClientToProxyConnection - (AWAITING_INITIAL) [id: 0xd40ea92d, /127.0.0.1:48630 => /127.0.1.1:41135]: Wrote: DefaultHttpContent(data: SlicedByteBuf(ridx: 0, widx: 1024, cap: 1024/1024, unwrapped: UnpooledUnsafeDirectByteBuf(ridx: 1024, widx: 1024, cap: 1024)), decoderResult: success)
10:43:46.550 [LittleProxy-ProxyToServerWorker-2] DEBUG o.l.p.impl.ProxyToServerConnection - (AWAITING_CHUNK) [id: 0xc0dc06ce, /10.65.140.181:37597 => voucher-manager-ui.stage.pv.nimbus-stage.cg.sky.com/80.238.10.34:80]: Reading: DefaultHttpContent(data: SlicedByteBuf(ridx: 0, widx: 492, cap: 492/492, unwrapped: UnpooledUnsafeDirectByteBuf(ridx: 499, widx: 499, cap: 1024)), decoderResult: success)
10:43:46.550 [LittleProxy-ProxyToServerWorker-5] DEBUG o.l.p.impl.ClientToProxyConnection - (AWAITING_INITIAL) [id: 0x1c552e73, /127.0.0.1:48629 => /127.0.1.1:41135]: Retaining reference counted message
10:43:46.550 [LittleProxy-ProxyToServerWorker-1] DEBUG o.l.p.impl.ClientToProxyConnection - (AWAITING_INITIAL) [id: 0x710aaa6e, /127.0.0.1:48626 => /127.0.1.1:41135]: Handling last chunk. Using normal client connection closing rules.
10:43:46.550 [LittleProxy-ProxyToServerWorker-3] DEBUG o.l.p.impl.ClientToProxyConnection - (AWAITING_INITIAL) [id: 0xd40ea92d, /127.0.0.1:48630 => /127.0.1.1:41135]: Not closing server connection on middle chunk for /scripts/scripts.b3713605.js
10:43:46.550 [LittleProxy-ProxyToServerWorker-2] DEBUG o.l.p.impl.ClientToProxyConnection - (AWAITING_INITIAL) [id: 0xa01e3b00, /127.0.0.1:48628 => /127.0.1.1:41135]: Retaining reference counted message
10:43:46.551 [LittleProxy-ProxyToServerWorker-5] DEBUG o.l.p.impl.ClientToProxyConnection - (AWAITING_INITIAL) [id: 0x1c552e73, /127.0.0.1:48629 => /127.0.1.1:41135]: Writing: DefaultHttpContent(data: SlicedByteBuf(ridx: 0, widx: 1024, cap: 1024/1024, unwrapped: UnpooledUnsafeDirectByteBuf(ridx: 1024, widx: 1024, cap: 1024)), decoderResult: success)
10:43:46.551 [LittleProxy-ProxyToServerWorker-3] DEBUG o.l.p.impl.ClientToProxyConnection - (AWAITING_INITIAL) [id: 0xd40ea92d, /127.0.0.1:48630 => /127.0.1.1:41135]: Not closing client connection on middle chunk for /scripts/scripts.b3713605.js
10:43:46.551 [LittleProxy-ProxyToServerWorker-2] DEBUG o.l.p.impl.ClientToProxyConnection - (AWAITING_INITIAL) [id: 0xa01e3b00, /127.0.0.1:48628 => /127.0.1.1:41135]: Writing: DefaultHttpContent(data: SlicedByteBuf(ridx: 0, widx: 492, cap: 492/492, unwrapped: UnpooledUnsafeDirectByteBuf(ridx: 499, widx: 499, cap: 1024)), decoderResult: success)
10:43:46.551 [LittleProxy-ProxyToServerWorker-2] DEBUG o.l.p.impl.ClientToProxyConnection - (AWAITING_INITIAL) [id: 0xa01e3b00, /127.0.0.1:48628 => /127.0.1.1:41135]: Wrote: DefaultHttpContent(data: SlicedByteBuf(ridx: 0, widx: 492, cap: 492/492, unwrapped: UnpooledUnsafeDirectByteBuf(ridx: 499, widx: 499, cap: 1024)), decoderResult: success)
10:43:46.551 [LittleProxy-ProxyToServerWorker-3] DEBUG o.l.p.impl.ProxyToServerConnection - (AWAITING_CHUNK) [id: 0x37e81f47, /10.65.140.181:37595 => voucher-manager-ui.stage.pv.nimbus-stage.cg.sky.com/80.238.10.34:80]: Reading: DefaultHttpContent(data: SlicedByteBuf(ridx: 0, widx: 1024, cap: 1024/1024, unwrapped: UnpooledUnsafeDirectByteBuf(ridx: 1024, widx: 1024, cap: 1024)), decoderResult: success)
10:43:46.551 [LittleProxy-ProxyToServerWorker-2] DEBUG o.l.p.impl.ClientToProxyConnection - (AWAITING_INITIAL) [id: 0xa01e3b00, /127.0.0.1:48628 => /127.0.1.1:41135]: Not closing server connection on middle chunk for /styles/main.d21d6943.css
10:43:46.551 [LittleProxy-ProxyToServerWorker-3] DEBUG o.l.p.impl.ClientToProxyConnection - (AWAITING_INITIAL) [id: 0xd40ea92d, /127.0.0.1:48630 => /127.0.1.1:41135]: Retaining reference counted message
10:43:46.551 [LittleProxy-ProxyToServerWorker-2] DEBUG o.l.p.impl.ClientToProxyConnection - (AWAITING_INITIAL) [id: 0xa01e3b00, /127.0.0.1:48628 => /127.0.1.1:41135]: Not closing client connection on middle chunk for /styles/main.d21d6943.css
10:43:46.551 [LittleProxy-ProxyToServerWorker-3] DEBUG o.l.p.impl.ClientToProxyConnection - (AWAITING_INITIAL) [id: 0xd40ea92d, /127.0.0.1:48630 => /127.0.1.1:41135]: Writing: DefaultHttpContent(data: SlicedByteBuf(ridx: 0, widx: 1024, cap: 1024/1024, unwrapped: UnpooledUnsafeDirectByteBuf(ridx: 1024, widx: 1024, cap: 1024)), decoderResult: success)
10:43:46.551 [LittleProxy-ProxyToServerWorker-2] DEBUG o.l.p.impl.ProxyToServerConnection - (AWAITING_CHUNK) [id: 0xc0dc06ce, /10.65.140.181:37597 => voucher-manager-ui.stage.pv.nimbus-stage.cg.sky.com/80.238.10.34:80]: Reading: EmptyLastHttpContent
10:43:46.551 [LittleProxy-ProxyToServerWorker-3] DEBUG o.l.p.impl.ClientToProxyConnection - (AWAITING_INITIAL) [id: 0xd40ea92d, /127.0.0.1:48630 => /127.0.1.1:41135]: Wrote: DefaultHttpContent(data: SlicedByteBuf(ridx: 0, widx: 1024, cap: 1024/1024, unwrapped: UnpooledUnsafeDirectByteBuf(ridx: 1024, widx: 1024, cap: 1024)), decoderResult: success)
10:43:46.551 [LittleProxy-ProxyToServerWorker-3] DEBUG o.l.p.impl.ClientToProxyConnection - (AWAITING_INITIAL) [id: 0xd40ea92d, /127.0.0.1:48630 => /127.0.1.1:41135]: Not closing server connection on middle chunk for /scripts/scripts.b3713605.js
10:43:46.551 [LittleProxy-ProxyToServerWorker-3] DEBUG o.l.p.impl.ClientToProxyConnection - (AWAITING_INITIAL) [id: 0xd40ea92d, /127.0.0.1:48630 => /127.0.1.1:41135]: Not closing client connection on middle chunk for /scripts/scripts.b3713605.js
10:43:46.551 [LittleProxy-ProxyToServerWorker-3] DEBUG o.l.p.impl.ProxyToServerConnection - (AWAITING_CHUNK) [id: 0x37e81f47, /10.65.140.181:37595 => voucher-manager-ui.stage.pv.nimbus-stage.cg.sky.com/80.238.10.34:80]: Reading: DefaultHttpContent(data: SlicedByteBuf(ridx: 0, widx: 1024, cap: 1024/1024, unwrapped: UnpooledUnsafeDirectByteBuf(ridx: 1024, widx: 1024, cap: 1024)), decoderResult: success)
10:43:46.551 [LittleProxy-ProxyToServerWorker-3] DEBUG o.l.p.impl.ClientToProxyConnection - (AWAITING_INITIAL) [id: 0xd40ea92d, /127.0.0.1:48630 => /127.0.1.1:41135]: Retaining reference counted message
10:43:46.551 [LittleProxy-ProxyToServerWorker-3] DEBUG o.l.p.impl.ClientToProxyConnection - (AWAITING_INITIAL) [id: 0xd40ea92d, /127.0.0.1:48630 => /127.0.1.1:41135]: Writing: DefaultHttpContent(data: SlicedByteBuf(ridx: 0, widx: 1024, cap: 1024/1024, unwrapped: UnpooledUnsafeDirectByteBuf(ridx: 1024, widx: 1024, cap: 1024)), decoderResult: success)
10:43:46.551 [LittleProxy-ProxyToServerWorker-3] DEBUG o.l.p.impl.ClientToProxyConnection - (AWAITING_INITIAL) [id: 0xd40ea92d, /127.0.0.1:48630 => /127.0.1.1:41135]: Wrote: DefaultHttpContent(data: SlicedByteBuf(ridx: 0, widx: 1024, cap: 1024/1024, unwrapped: UnpooledUnsafeDirectByteBuf(ridx: 1024, widx: 1024, cap: 1024)), decoderResult: success)
10:43:46.551 [LittleProxy-ProxyToServerWorker-3] DEBUG o.l.p.impl.ClientToProxyConnection - (AWAITING_INITIAL) [id: 0xd40ea92d, /127.0.0.1:48630 => /127.0.1.1:41135]: Not closing server connection on middle chunk for /scripts/scripts.b3713605.js
10:43:46.551 [LittleProxy-ProxyToServerWorker-3] DEBUG o.l.p.impl.ClientToProxyConnection - (AWAITING_INITIAL) [id: 0xd40ea92d, /127.0.0.1:48630 => /127.0.1.1:41135]: Not closing client connection on middle chunk for /scripts/scripts.b3713605.js
10:43:46.552 [LittleProxy-ProxyToServerWorker-3] DEBUG o.l.p.impl.ProxyToServerConnection - (AWAITING_CHUNK) [id: 0x37e81f47, /10.65.140.181:37595 => voucher-manager-ui.stage.pv.nimbus-stage.cg.sky.com/80.238.10.34:80]: Reading: DefaultHttpContent(data: SlicedByteBuf(ridx: 0, widx: 1024, cap: 1024/1024, unwrapped: UnpooledUnsafeDirectByteBuf(ridx: 1024, widx: 1024, cap: 1024)), decoderResult: success)
10:43:46.552 [LittleProxy-ProxyToServerWorker-3] DEBUG o.l.p.impl.ClientToProxyConnection - (AWAITING_INITIAL) [id: 0xd40ea92d, /127.0.0.1:48630 => /127.0.1.1:41135]: Retaining reference counted message
10:43:46.552 [LittleProxy-ProxyToServerWorker-3] DEBUG o.l.p.impl.ClientToProxyConnection - (AWAITING_INITIAL) [id: 0xd40ea92d, /127.0.0.1:48630 => /127.0.1.1:41135]: Writing: DefaultHttpContent(data: SlicedByteBuf(ridx: 0, widx: 1024, cap: 1024/1024, unwrapped: UnpooledUnsafeDirectByteBuf(ridx: 1024, widx: 1024, cap: 1024)), decoderResult: success)
10:43:46.552 [LittleProxy-ProxyToServerWorker-3] DEBUG o.l.p.impl.ClientToProxyConnection - (AWAITING_INITIAL) [id: 0xd40ea92d, /127.0.0.1:48630 => /127.0.1.1:41135]: Wrote: DefaultHttpContent(data: SlicedByteBuf(ridx: 0, widx: 1024, cap: 1024/1024, unwrapped: UnpooledUnsafeDirectByteBuf(ridx: 1024, widx: 1024, cap: 1024)), decoderResult: success)
10:43:46.552 [LittleProxy-ProxyToServerWorker-3] DEBUG o.l.p.impl.ClientToProxyConnection - (AWAITING_INITIAL) [id: 0xd40ea92d, /127.0.0.1:48630 => /127.0.1.1:41135]: Not closing server connection on middle chunk for /scripts/scripts.b3713605.js
10:43:46.552 [LittleProxy-ProxyToServerWorker-3] DEBUG o.l.p.impl.ClientToProxyConnection - (AWAITING_INITIAL) [id: 0xd40ea92d, /127.0.0.1:48630 => /127.0.1.1:41135]: Not closing client connection on middle chunk for /scripts/scripts.b3713605.js
10:43:46.552 [LittleProxy-ProxyToServerWorker-3] DEBUG o.l.p.impl.ProxyToServerConnection - (AWAITING_CHUNK) [id: 0x37e81f47, /10.65.140.181:37595 => voucher-manager-ui.stage.pv.nimbus-stage.cg.sky.com/80.238.10.34:80]: Reading: DefaultHttpContent(data: SlicedByteBuf(ridx: 0, widx: 1024, cap: 1024/1024, unwrapped: UnpooledUnsafeDirectByteBuf(ridx: 1024, widx: 1024, cap: 1024)), decoderResult: success)
10:43:46.552 [LittleProxy-ProxyToServerWorker-1] DEBUG o.l.p.impl.ClientToProxyConnection - (AWAITING_INITIAL) [id: 0x710aaa6e, /127.0.0.1:48626 => /127.0.1.1:41135]: Not closing client connection for request: [FAILED toString()]
10:43:46.552 [LittleProxy-ProxyToServerWorker-3] DEBUG o.l.p.impl.ClientToProxyConnection - (AWAITING_INITIAL) [id: 0xd40ea92d, /127.0.0.1:48630 => /127.0.1.1:41135]: Retaining reference counted message
10:43:46.552 [LittleProxy-ProxyToServerWorker-3] DEBUG o.l.p.impl.ClientToProxyConnection - (AWAITING_INITIAL) [id: 0xd40ea92d, /127.0.0.1:48630 => /127.0.1.1:41135]: Writing: DefaultHttpContent(data: SlicedByteBuf(ridx: 0, widx: 1024, cap: 1024/1024, unwrapped: UnpooledUnsafeDirectByteBuf(ridx: 1024, widx: 1024, cap: 1024)), decoderResult: success)
10:43:46.552 [LittleProxy-ProxyToServerWorker-2] DEBUG o.l.p.impl.ClientToProxyConnection - (AWAITING_INITIAL) [id: 0xa01e3b00, /127.0.0.1:48628 => /127.0.1.1:41135]: Retaining reference counted message
10:43:46.552 [LittleProxy-ProxyToServerWorker-2] DEBUG o.l.p.impl.ClientToProxyConnection - (AWAITING_INITIAL) [id: 0xa01e3b00, /127.0.0.1:48628 => /127.0.1.1:41135]: Writing: EmptyLastHttpContent
10:43:46.552 [LittleProxy-ProxyToServerWorker-3] DEBUG o.l.p.impl.ClientToProxyConnection - (AWAITING_INITIAL) [id: 0xd40ea92d, /127.0.0.1:48630 => /127.0.1.1:41135]: Wrote: DefaultHttpContent(data: SlicedByteBuf(ridx: 0, widx: 1024, cap: 1024/1024, unwrapped: UnpooledUnsafeDirectByteBuf(ridx: 1024, widx: 1024, cap: 1024)), decoderResult: success)
10:43:46.552 [LittleProxy-ProxyToServerWorker-3] DEBUG o.l.p.impl.ClientToProxyConnection - (AWAITING_INITIAL) [id: 0xd40ea92d, /127.0.0.1:48630 => /127.0.1.1:41135]: Not closing server connection on middle chunk for /scripts/scripts.b3713605.js
10:43:46.552 [LittleProxy-ProxyToServerWorker-3] DEBUG o.l.p.impl.ClientToProxyConnection - (AWAITING_INITIAL) [id: 0xd40ea92d, /127.0.0.1:48630 => /127.0.1.1:41135]: Not closing client connection on middle chunk for /scripts/scripts.b3713605.js
10:43:46.552 [LittleProxy-ProxyToServerWorker-3] DEBUG o.l.p.impl.ProxyToServerConnection - (AWAITING_CHUNK) [id: 0x37e81f47, /10.65.140.181:37595 => voucher-manager-ui.stage.pv.nimbus-stage.cg.sky.com/80.238.10.34:80]: Reading: DefaultHttpContent(data: SlicedByteBuf(ridx: 0, widx: 1024, cap: 1024/1024, unwrapped: UnpooledUnsafeDirectByteBuf(ridx: 1024, widx: 1024, cap: 1024)), decoderResult: success)
10:43:46.552 [LittleProxy-ProxyToServerWorker-3] DEBUG o.l.p.impl.ClientToProxyConnection - (AWAITING_INITIAL) [id: 0xd40ea92d, /127.0.0.1:48630 => /127.0.1.1:41135]: Retaining reference counted message
10:43:46.552 [LittleProxy-ProxyToServerWorker-3] DEBUG o.l.p.impl.ClientToProxyConnection - (AWAITING_INITIAL) [id: 0xd40ea92d, /127.0.0.1:48630 => /127.0.1.1:41135]: Writing: DefaultHttpContent(data: SlicedByteBuf(ridx: 0, widx: 1024, cap: 1024/1024, unwrapped: UnpooledUnsafeDirectByteBuf(ridx: 1024, widx: 1024, cap: 1024)), decoderResult: success)
10:43:46.552 [LittleProxy-ProxyToServerWorker-3] DEBUG o.l.p.impl.ClientToProxyConnection - (AWAITING_INITIAL) [id: 0xd40ea92d, /127.0.0.1:48630 => /127.0.1.1:41135]: Wrote: DefaultHttpContent(data: SlicedByteBuf(ridx: 0, widx: 1024, cap: 1024/1024, unwrapped: UnpooledUnsafeDirectByteBuf(ridx: 1024, widx: 1024, cap: 1024)), decoderResult: success)
10:43:46.552 [LittleProxy-ProxyToServerWorker-3] DEBUG o.l.p.impl.ClientToProxyConnection - (AWAITING_INITIAL) [id: 0xd40ea92d, /127.0.0.1:48630 => /127.0.1.1:41135]: Not closing server connection on middle chunk for /scripts/scripts.b3713605.js
10:43:46.552 [LittleProxy-ProxyToServerWorker-3] DEBUG o.l.p.impl.ClientToProxyConnection - (AWAITING_INITIAL) [id: 0xd40ea92d, /127.0.0.1:48630 => /127.0.1.1:41135]: Not closing client connection on middle chunk for /scripts/scripts.b3713605.js
10:43:46.552 [LittleProxy-ProxyToServerWorker-5] DEBUG o.l.p.impl.ClientToProxyConnection - (AWAITING_INITIAL) [id: 0x1c552e73, /127.0.0.1:48629 => /127.0.1.1:41135]: Wrote: DefaultHttpContent(data: SlicedByteBuf(ridx: 0, widx: 1024, cap: 1024/1024, unwrapped: UnpooledUnsafeDirectByteBuf(ridx: 1024, widx: 1024, cap: 1024)), decoderResult: success)
10:43:46.552 [LittleProxy-ProxyToServerWorker-5] DEBUG o.l.p.impl.ClientToProxyConnection - (AWAITING_INITIAL) [id: 0x1c552e73, /127.0.0.1:48629 => /127.0.1.1:41135]: Not closing server connection on middle chunk for /scripts/vendor.5b6e72cb.js
10:43:46.552 [LittleProxy-ProxyToServerWorker-5] DEBUG o.l.p.impl.ClientToProxyConnection - (AWAITING_INITIAL) [id: 0x1c552e73, /127.0.0.1:48629 => /127.0.1.1:41135]: Not closing client connection on middle chunk for /scripts/vendor.5b6e72cb.js
10:43:46.552 [LittleProxy-ProxyToServerWorker-3] DEBUG o.l.p.impl.ProxyToServerConnection - (AWAITING_CHUNK) [id: 0x37e81f47, /10.65.140.181:37595 => voucher-manager-ui.stage.pv.nimbus-stage.cg.sky.com/80.238.10.34:80]: Reading: DefaultHttpContent(data: SlicedByteBuf(ridx: 0, widx: 567, cap: 567/567, unwrapped: UnpooledUnsafeDirectByteBuf(ridx: 574, widx: 574, cap: 1024)), decoderResult: success)
10:43:46.552 [LittleProxy-ProxyToServerWorker-3] DEBUG o.l.p.impl.ClientToProxyConnection - (AWAITING_INITIAL) [id: 0xd40ea92d, /127.0.0.1:48630 => /127.0.1.1:41135]: Retaining reference counted message
10:43:46.553 [LittleProxy-ProxyToServerWorker-5] DEBUG o.l.p.impl.ProxyToServerConnection - (AWAITING_CHUNK) [id: 0x04bd9cdb, /10.65.140.181:37601 => voucher-manager-ui.stage.pv.nimbus-stage.cg.sky.com/80.238.10.34:80]: Reading: DefaultHttpContent(data: SlicedByteBuf(ridx: 0, widx: 1024, cap: 1024/1024, unwrapped: UnpooledUnsafeDirectByteBuf(ridx: 1024, widx: 1024, cap: 1024)), decoderResult: success)
10:43:46.553 [LittleProxy-ProxyToServerWorker-3] DEBUG o.l.p.impl.ClientToProxyConnection - (AWAITING_INITIAL) [id: 0xd40ea92d, /127.0.0.1:48630 => /127.0.1.1:41135]: Writing: DefaultHttpContent(data: SlicedByteBuf(ridx: 0, widx: 567, cap: 567/567, unwrapped: UnpooledUnsafeDirectByteBuf(ridx: 574, widx: 574, cap: 1024)), decoderResult: success)
10:43:46.553 [LittleProxy-ProxyToServerWorker-5] DEBUG o.l.p.impl.ClientToProxyConnection - (AWAITING_INITIAL) [id: 0x1c552e73, /127.0.0.1:48629 => /127.0.1.1:41135]: Retaining reference counted message
10:43:46.553 [LittleProxy-ProxyToServerWorker-5] DEBUG o.l.p.impl.ClientToProxyConnection - (AWAITING_INITIAL) [id: 0x1c552e73, /127.0.0.1:48629 => /127.0.1.1:41135]: Writing: DefaultHttpContent(data: SlicedByteBuf(ridx: 0, widx: 1024, cap: 1024/1024, unwrapped: UnpooledUnsafeDirectByteBuf(ridx: 1024, widx: 1024, cap: 1024)), decoderResult: success)
10:43:46.553 [LittleProxy-ProxyToServerWorker-3] DEBUG o.l.p.impl.ClientToProxyConnection - (AWAITING_INITIAL) [id: 0xd40ea92d, /127.0.0.1:48630 => /127.0.1.1:41135]: Wrote: DefaultHttpContent(data: SlicedByteBuf(ridx: 0, widx: 567, cap: 567/567, unwrapped: UnpooledUnsafeDirectByteBuf(ridx: 574, widx: 574, cap: 1024)), decoderResult: success)
10:43:46.553 [LittleProxy-ProxyToServerWorker-5] DEBUG o.l.p.impl.ClientToProxyConnection - (AWAITING_INITIAL) [id: 0x1c552e73, /127.0.0.1:48629 => /127.0.1.1:41135]: Wrote: DefaultHttpContent(data: SlicedByteBuf(ridx: 0, widx: 1024, cap: 1024/1024, unwrapped: UnpooledUnsafeDirectByteBuf(ridx: 1024, widx: 1024, cap: 1024)), decoderResult: success)
10:43:46.553 [LittleProxy-ProxyToServerWorker-3] DEBUG o.l.p.impl.ClientToProxyConnection - (AWAITING_INITIAL) [id: 0xd40ea92d, /127.0.0.1:48630 => /127.0.1.1:41135]: Not closing server connection on middle chunk for /scripts/scripts.b3713605.js
10:43:46.553 [LittleProxy-ProxyToServerWorker-5] DEBUG o.l.p.impl.ClientToProxyConnection - (AWAITING_INITIAL) [id: 0x1c552e73, /127.0.0.1:48629 => /127.0.1.1:41135]: Not closing server connection on middle chunk for /scripts/vendor.5b6e72cb.js
10:43:46.553 [LittleProxy-ProxyToServerWorker-3] DEBUG o.l.p.impl.ClientToProxyConnection - (AWAITING_INITIAL) [id: 0xd40ea92d, /127.0.0.1:48630 => /127.0.1.1:41135]: Not closing client connection on middle chunk for /scripts/scripts.b3713605.js
10:43:46.553 [LittleProxy-ProxyToServerWorker-5] DEBUG o.l.p.impl.ClientToProxyConnection - (AWAITING_INITIAL) [id: 0x1c552e73, /127.0.0.1:48629 => /127.0.1.1:41135]: Not closing client connection on middle chunk for /scripts/vendor.5b6e72cb.js
10:43:46.553 [LittleProxy-ProxyToServerWorker-3] DEBUG o.l.p.impl.ProxyToServerConnection - (AWAITING_CHUNK) [id: 0x37e81f47, /10.65.140.181:37595 => voucher-manager-ui.stage.pv.nimbus-stage.cg.sky.com/80.238.10.34:80]: Reading: EmptyLastHttpContent
10:43:46.553 [LittleProxy-ProxyToServerWorker-3] DEBUG o.l.p.impl.ClientToProxyConnection - (AWAITING_INITIAL) [id: 0xd40ea92d, /127.0.0.1:48630 => /127.0.1.1:41135]: Retaining reference counted message
10:43:46.553 [LittleProxy-ProxyToServerWorker-3] DEBUG o.l.p.impl.ClientToProxyConnection - (AWAITING_INITIAL) [id: 0xd40ea92d, /127.0.0.1:48630 => /127.0.1.1:41135]: Writing: EmptyLastHttpContent
10:43:46.553 [LittleProxy-ProxyToServerWorker-5] DEBUG o.l.p.impl.ProxyToServerConnection - (AWAITING_CHUNK) [id: 0x04bd9cdb, /10.65.140.181:37601 => voucher-manager-ui.stage.pv.nimbus-stage.cg.sky.com/80.238.10.34:80]: Reading: DefaultHttpContent(data: SlicedByteBuf(ridx: 0, widx: 1024, cap: 1024/1024, unwrapped: UnpooledUnsafeDirectByteBuf(ridx: 1024, widx: 1024, cap: 1024)), decoderResult: success)
10:43:46.553 [LittleProxy-ProxyToServerWorker-5] DEBUG o.l.p.impl.ClientToProxyConnection - (AWAITING_INITIAL) [id: 0x1c552e73, /127.0.0.1:48629 => /127.0.1.1:41135]: Retaining reference counted message
10:43:46.553 [LittleProxy-ProxyToServerWorker-3] DEBUG o.l.p.impl.ClientToProxyConnection - (AWAITING_INITIAL) [id: 0xd40ea92d, /127.0.0.1:48630 => /127.0.1.1:41135]: Writing an empty buffer to signal the end of our chunked transfer
10:43:46.553 [LittleProxy-ProxyToServerWorker-5] DEBUG o.l.p.impl.ClientToProxyConnection - (AWAITING_INITIAL) [id: 0x1c552e73, /127.0.0.1:48629 => /127.0.1.1:41135]: Writing: DefaultHttpContent(data: SlicedByteBuf(ridx: 0, widx: 1024, cap: 1024/1024, unwrapped: UnpooledUnsafeDirectByteBuf(ridx: 1024, widx: 1024, cap: 1024)), decoderResult: success)
10:43:46.553 [LittleProxy-ProxyToServerWorker-3] DEBUG o.l.p.impl.ClientToProxyConnection - (AWAITING_INITIAL) [id: 0xd40ea92d, /127.0.0.1:48630 => /127.0.1.1:41135]: Wrote: EmptyLastHttpContent
10:43:46.553 [LittleProxy-ProxyToServerWorker-3] DEBUG o.l.p.impl.ClientToProxyConnection - (AWAITING_INITIAL) [id: 0xd40ea92d, /127.0.0.1:48630 => /127.0.1.1:41135]: Retaining reference counted message
10:43:46.553 [LittleProxy-ProxyToServerWorker-5] DEBUG o.l.p.impl.ClientToProxyConnection - (AWAITING_INITIAL) [id: 0x1c552e73, /127.0.0.1:48629 => /127.0.1.1:41135]: Wrote: DefaultHttpContent(data: SlicedByteBuf(ridx: 0, widx: 1024, cap: 1024/1024, unwrapped: UnpooledUnsafeDirectByteBuf(ridx: 1024, widx: 1024, cap: 1024)), decoderResult: success)
10:43:46.553 [LittleProxy-ProxyToServerWorker-3] DEBUG o.l.p.impl.ClientToProxyConnection - (AWAITING_INITIAL) [id: 0xd40ea92d, /127.0.0.1:48630 => /127.0.1.1:41135]: Writing: EmptyByteBufBE
10:43:46.553 [LittleProxy-ProxyToServerWorker-5] DEBUG o.l.p.impl.ClientToProxyConnection - (AWAITING_INITIAL) [id: 0x1c552e73, /127.0.0.1:48629 => /127.0.1.1:41135]: Not closing server connection on middle chunk for /scripts/vendor.5b6e72cb.js
10:43:46.553 [LittleProxy-ProxyToServerWorker-5] DEBUG o.l.p.impl.ClientToProxyConnection - (AWAITING_INITIAL) [id: 0x1c552e73, /127.0.0.1:48629 => /127.0.1.1:41135]: Not closing client connection on middle chunk for /scripts/vendor.5b6e72cb.js
10:43:46.553 [LittleProxy-ProxyToServerWorker-3] DEBUG o.l.p.impl.ClientToProxyConnection - (AWAITING_INITIAL) [id: 0xd40ea92d, /127.0.0.1:48630 => /127.0.1.1:41135]: Wrote: EmptyByteBufBE
10:43:46.553 [LittleProxy-ProxyToServerWorker-3] DEBUG o.l.p.impl.ClientToProxyConnection - (AWAITING_INITIAL) [id: 0xd40ea92d, /127.0.0.1:48630 => /127.0.1.1:41135]: Handling last chunk. Using normal server connection closing rules.
10:43:46.553 [LittleProxy-ProxyToServerWorker-5] DEBUG o.l.p.impl.ProxyToServerConnection - (AWAITING_CHUNK) [id: 0x04bd9cdb, /10.65.140.181:37601 => voucher-manager-ui.stage.pv.nimbus-stage.cg.sky.com/80.238.10.34:80]: Reading: DefaultHttpContent(data: SlicedByteBuf(ridx: 0, widx: 1024, cap: 1024/1024, unwrapped: UnpooledUnsafeDirectByteBuf(ridx: 1024, widx: 1024, cap: 1024)), decoderResult: success)
10:43:46.553 [LittleProxy-ProxyToServerWorker-3] DEBUG o.l.p.impl.ClientToProxyConnection - (AWAITING_INITIAL) [id: 0xd40ea92d, /127.0.0.1:48630 => /127.0.1.1:41135]: Not closing server connection for response: DefaultHttpResponse(decodeResult: success, version: HTTP/1.1)
HTTP/1.1 200 OK
X-FORWARDED-PROTO: http
Server: nginx
Date: Wed, 29 Jul 2015 09:43:46 GMT
Content-Type: application/javascript
Transfer-Encoding: chunked
Connection: keep-alive
Keep-Alive: timeout=10
Vary: Accept-Encoding
X-Powered-By: Express
X-Frame-Options: DENY
Cache-Control: public, max-age=0
Last-Modified: Fri, 24 Jul 2015 14:37:56 GMT
Content-Encoding: gzip
10:43:46.553 [LittleProxy-ProxyToServerWorker-5] DEBUG o.l.p.impl.ClientToProxyConnection - (AWAITING_INITIAL) [id: 0x1c552e73, /127.0.0.1:48629 => /127.0.1.1:41135]: Retaining reference counted message
10:43:46.553 [LittleProxy-ProxyToServerWorker-3] DEBUG o.l.p.impl.ClientToProxyConnection - (AWAITING_INITIAL) [id: 0xd40ea92d, /127.0.0.1:48630 => /127.0.1.1:41135]: Handling last chunk. Using normal client connection closing rules.
10:43:46.553 [LittleProxy-ProxyToServerWorker-5] DEBUG o.l.p.impl.ClientToProxyConnection - (AWAITING_INITIAL) [id: 0x1c552e73, /127.0.0.1:48629 => /127.0.1.1:41135]: Writing: DefaultHttpContent(data: SlicedByteBuf(ridx: 0, widx: 1024, cap: 1024/1024, unwrapped: UnpooledUnsafeDirectByteBuf(ridx: 1024, widx: 1024, cap: 1024)), decoderResult: success)
10:43:46.553 [LittleProxy-ProxyToServerWorker-5] DEBUG o.l.p.impl.ClientToProxyConnection - (AWAITING_INITIAL) [id: 0x1c552e73, /127.0.0.1:48629 => /127.0.1.1:41135]: Wrote: DefaultHttpContent(data: SlicedByteBuf(ridx: 0, widx: 1024, cap: 1024/1024, unwrapped: UnpooledUnsafeDirectByteBuf(ridx: 1024, widx: 1024, cap: 1024)), decoderResult: success)
10:43:46.553 [LittleProxy-ProxyToServerWorker-3] DEBUG o.l.p.impl.ClientToProxyConnection - (AWAITING_INITIAL) [id: 0xd40ea92d, /127.0.0.1:48630 => /127.0.1.1:41135]: Not closing client connection for request: HttpObjectAggregator$AggregatedFullHttpRequest(decodeResult: success, version: HTTP/1.1, content: CompositeByteBuf(ridx: 0, widx: 0, cap: 0, components=0))
GET /scripts/scripts.b3713605.js HTTP/1.1
Host: voucher-manager-ui.stage.pv.nimbus-stage.cg.sky.com
Accept: */*
User-Agent: Mozilla/5.0 (X11; Linux x86_64) AppleWebKit/537.36 (KHTML, like Gecko) Chrome/43.0.2357.134 Safari/537.36
Referer: http://voucher-manager-ui.stage.pv.nimbus-stage.cg.sky.com/
Accept-Language: en-GB,en-US;q=0.8,en;q=0.6
Content-Length: 0
Accept-Encoding: gzip, deflate, 
Via: 1.1 localhost.localdomain
10:43:46.553 [LittleProxy-ProxyToServerWorker-5] DEBUG o.l.p.impl.ClientToProxyConnection - (AWAITING_INITIAL) [id: 0x1c552e73, /127.0.0.1:48629 => /127.0.1.1:41135]: Not closing server connection on middle chunk for /scripts/vendor.5b6e72cb.js
10:43:46.553 [LittleProxy-ProxyToServerWorker-5] DEBUG o.l.p.impl.ClientToProxyConnection - (AWAITING_INITIAL) [id: 0x1c552e73, /127.0.0.1:48629 => /127.0.1.1:41135]: Not closing client connection on middle chunk for /scripts/vendor.5b6e72cb.js
10:43:46.553 [LittleProxy-ProxyToServerWorker-2] DEBUG o.l.p.impl.ClientToProxyConnection - (AWAITING_INITIAL) [id: 0xa01e3b00, /127.0.0.1:48628 => /127.0.1.1:41135]: Writing an empty buffer to signal the end of our chunked transfer
10:43:46.553 [LittleProxy-ProxyToServerWorker-2] DEBUG o.l.p.impl.ClientToProxyConnection - (AWAITING_INITIAL) [id: 0xa01e3b00, /127.0.0.1:48628 => /127.0.1.1:41135]: Wrote: EmptyLastHttpContent
10:43:46.553 [LittleProxy-ProxyToServerWorker-2] DEBUG o.l.p.impl.ClientToProxyConnection - (AWAITING_INITIAL) [id: 0xa01e3b00, /127.0.0.1:48628 => /127.0.1.1:41135]: Retaining reference counted message
10:43:46.553 [LittleProxy-ProxyToServerWorker-2] DEBUG o.l.p.impl.ClientToProxyConnection - (AWAITING_INITIAL) [id: 0xa01e3b00, /127.0.0.1:48628 => /127.0.1.1:41135]: Writing: EmptyByteBufBE
10:43:46.553 [LittleProxy-ProxyToServerWorker-5] DEBUG o.l.p.impl.ProxyToServerConnection - (AWAITING_CHUNK) [id: 0x04bd9cdb, /10.65.140.181:37601 => voucher-manager-ui.stage.pv.nimbus-stage.cg.sky.com/80.238.10.34:80]: Reading: DefaultHttpContent(data: SlicedByteBuf(ridx: 0, widx: 1024, cap: 1024/1024, unwrapped: UnpooledUnsafeDirectByteBuf(ridx: 1024, widx: 1024, cap: 1024)), decoderResult: success)
10:43:46.553 [LittleProxy-ProxyToServerWorker-2] DEBUG o.l.p.impl.ClientToProxyConnection - (AWAITING_INITIAL) [id: 0xa01e3b00, /127.0.0.1:48628 => /127.0.1.1:41135]: Wrote: EmptyByteBufBE
10:43:46.553 [LittleProxy-ProxyToServerWorker-5] DEBUG o.l.p.impl.ClientToProxyConnection - (AWAITING_INITIAL) [id: 0x1c552e73, /127.0.0.1:48629 => /127.0.1.1:41135]: Retaining reference counted message
10:43:46.553 [LittleProxy-ProxyToServerWorker-2] DEBUG o.l.p.impl.ClientToProxyConnection - (AWAITING_INITIAL) [id: 0xa01e3b00, /127.0.0.1:48628 => /127.0.1.1:41135]: Handling last chunk. Using normal server connection closing rules.
10:43:46.553 [LittleProxy-ProxyToServerWorker-5] DEBUG o.l.p.impl.ClientToProxyConnection - (AWAITING_INITIAL) [id: 0x1c552e73, /127.0.0.1:48629 => /127.0.1.1:41135]: Writing: DefaultHttpContent(data: SlicedByteBuf(ridx: 0, widx: 1024, cap: 1024/1024, unwrapped: UnpooledUnsafeDirectByteBuf(ridx: 1024, widx: 1024, cap: 1024)), decoderResult: success)
10:43:46.554 [LittleProxy-ProxyToServerWorker-2] DEBUG o.l.p.impl.ClientToProxyConnection - (AWAITING_INITIAL) [id: 0xa01e3b00, /127.0.0.1:48628 => /127.0.1.1:41135]: Not closing server connection for response: DefaultHttpResponse(decodeResult: success, version: HTTP/1.1)
HTTP/1.1 200 OK
X-FORWARDED-PROTO: http
Server: nginx
Date: Wed, 29 Jul 2015 09:43:46 GMT
Content-Type: text/css; charset=UTF-8
Transfer-Encoding: chunked
Connection: keep-alive
Keep-Alive: timeout=10
Vary: Accept-Encoding
X-Powered-By: Express
X-Frame-Options: DENY
Cache-Control: public, max-age=0
Last-Modified: Fri, 24 Jul 2015 14:37:56 GMT
Content-Encoding: gzip
10:43:46.554 [LittleProxy-ProxyToServerWorker-2] DEBUG o.l.p.impl.ClientToProxyConnection - (AWAITING_INITIAL) [id: 0xa01e3b00, /127.0.0.1:48628 => /127.0.1.1:41135]: Handling last chunk. Using normal client connection closing rules.
10:43:46.554 [LittleProxy-ProxyToServerWorker-2] DEBUG o.l.p.impl.ClientToProxyConnection - (AWAITING_INITIAL) [id: 0xa01e3b00, /127.0.0.1:48628 => /127.0.1.1:41135]: Not closing client connection for request: HttpObjectAggregator$AggregatedFullHttpRequest(decodeResult: success, version: HTTP/1.1, content: CompositeByteBuf(ridx: 0, widx: 0, cap: 0, components=0))
GET /styles/main.d21d6943.css HTTP/1.1
Host: voucher-manager-ui.stage.pv.nimbus-stage.cg.sky.com
Accept: text/css,*/*;q=0.1
User-Agent: Mozilla/5.0 (X11; Linux x86_64) AppleWebKit/537.36 (KHTML, like Gecko) Chrome/43.0.2357.134 Safari/537.36
Referer: http://voucher-manager-ui.stage.pv.nimbus-stage.cg.sky.com/
Accept-Language: en-GB,en-US;q=0.8,en;q=0.6
Content-Length: 0
Accept-Encoding: gzip, deflate, 
Via: 1.1 localhost.localdomain
10:43:46.554 [LittleProxy-ProxyToServerWorker-5] DEBUG o.l.p.impl.ClientToProxyConnection - (AWAITING_INITIAL) [id: 0x1c552e73, /127.0.0.1:48629 => /127.0.1.1:41135]: Wrote: DefaultHttpContent(data: SlicedByteBuf(ridx: 0, widx: 1024, cap: 1024/1024, unwrapped: UnpooledUnsafeDirectByteBuf(ridx: 1024, widx: 1024, cap: 1024)), decoderResult: success)
10:43:46.554 [LittleProxy-ProxyToServerWorker-5] DEBUG o.l.p.impl.ClientToProxyConnection - (AWAITING_INITIAL) [id: 0x1c552e73, /127.0.0.1:48629 => /127.0.1.1:41135]: Not closing server connection on middle chunk for /scripts/vendor.5b6e72cb.js
10:43:46.554 [LittleProxy-ProxyToServerWorker-5] DEBUG o.l.p.impl.ClientToProxyConnection - (AWAITING_INITIAL) [id: 0x1c552e73, /127.0.0.1:48629 => /127.0.1.1:41135]: Not closing client connection on middle chunk for /scripts/vendor.5b6e72cb.js
10:43:46.555 [LittleProxy-ProxyToServerWorker-5] DEBUG o.l.p.impl.ProxyToServerConnection - (AWAITING_CHUNK) [id: 0x04bd9cdb, /10.65.140.181:37601 => voucher-manager-ui.stage.pv.nimbus-stage.cg.sky.com/80.238.10.34:80]: Reading: DefaultHttpContent(data: SlicedByteBuf(ridx: 0, widx: 1024, cap: 1024/1024, unwrapped: UnpooledUnsafeDirectByteBuf(ridx: 1024, widx: 1024, cap: 1024)), decoderResult: success)
10:43:46.555 [LittleProxy-ProxyToServerWorker-5] DEBUG o.l.p.impl.ClientToProxyConnection - (AWAITING_INITIAL) [id: 0x1c552e73, /127.0.0.1:48629 => /127.0.1.1:41135]: Retaining reference counted message
10:43:46.555 [LittleProxy-ProxyToServerWorker-5] DEBUG o.l.p.impl.ClientToProxyConnection - (AWAITING_INITIAL) [id: 0x1c552e73, /127.0.0.1:48629 => /127.0.1.1:41135]: Writing: DefaultHttpContent(data: SlicedByteBuf(ridx: 0, widx: 1024, cap: 1024/1024, unwrapped: UnpooledUnsafeDirectByteBuf(ridx: 1024, widx: 1024, cap: 1024)), decoderResult: success)
10:43:46.555 [LittleProxy-ProxyToServerWorker-5] DEBUG o.l.p.impl.ClientToProxyConnection - (AWAITING_INITIAL) [id: 0x1c552e73, /127.0.0.1:48629 => /127.0.1.1:41135]: Wrote: DefaultHttpContent(data: SlicedByteBuf(ridx: 0, widx: 1024, cap: 1024/1024, unwrapped: UnpooledUnsafeDirectByteBuf(ridx: 1024, widx: 1024, cap: 1024)), decoderResult: success)
10:43:46.555 [LittleProxy-ProxyToServerWorker-5] DEBUG o.l.p.impl.ClientToProxyConnection - (AWAITING_INITIAL) [id: 0x1c552e73, /127.0.0.1:48629 => /127.0.1.1:41135]: Not closing server connection on middle chunk for /scripts/vendor.5b6e72cb.js
10:43:46.555 [LittleProxy-ProxyToServerWorker-5] DEBUG o.l.p.impl.ClientToProxyConnection - (AWAITING_INITIAL) [id: 0x1c552e73, /127.0.0.1:48629 => /127.0.1.1:41135]: Not closing client connection on middle chunk for /scripts/vendor.5b6e72cb.js
10:43:46.555 [LittleProxy-ProxyToServerWorker-5] DEBUG o.l.p.impl.ProxyToServerConnection - (AWAITING_CHUNK) [id: 0x04bd9cdb, /10.65.140.181:37601 => voucher-manager-ui.stage.pv.nimbus-stage.cg.sky.com/80.238.10.34:80]: Reading: DefaultHttpContent(data: SlicedByteBuf(ridx: 0, widx: 1024, cap: 1024/1024, unwrapped: UnpooledUnsafeDirectByteBuf(ridx: 1024, widx: 1024, cap: 1024)), decoderResult: success)
10:43:46.555 [LittleProxy-ProxyToServerWorker-5] DEBUG o.l.p.impl.ClientToProxyConnection - (AWAITING_INITIAL) [id: 0x1c552e73, /127.0.0.1:48629 => /127.0.1.1:41135]: Retaining reference counted message
10:43:46.555 [LittleProxy-ProxyToServerWorker-5] DEBUG o.l.p.impl.ClientToProxyConnection - (AWAITING_INITIAL) [id: 0x1c552e73, /127.0.0.1:48629 => /127.0.1.1:41135]: Writing: DefaultHttpContent(data: SlicedByteBuf(ridx: 0, widx: 1024, cap: 1024/1024, unwrapped: UnpooledUnsafeDirectByteBuf(ridx: 1024, widx: 1024, cap: 1024)), decoderResult: success)
10:43:46.556 [LittleProxy-ProxyToServerWorker-5] DEBUG o.l.p.impl.ClientToProxyConnection - (AWAITING_INITIAL) [id: 0x1c552e73, /127.0.0.1:48629 => /127.0.1.1:41135]: Wrote: DefaultHttpContent(data: SlicedByteBuf(ridx: 0, widx: 1024, cap: 1024/1024, unwrapped: UnpooledUnsafeDirectByteBuf(ridx: 1024, widx: 1024, cap: 1024)), decoderResult: success)
10:43:46.556 [LittleProxy-ProxyToServerWorker-5] DEBUG o.l.p.impl.ClientToProxyConnection - (AWAITING_INITIAL) [id: 0x1c552e73, /127.0.0.1:48629 => /127.0.1.1:41135]: Not closing server connection on middle chunk for /scripts/vendor.5b6e72cb.js
10:43:46.556 [LittleProxy-ProxyToServerWorker-5] DEBUG o.l.p.impl.ClientToProxyConnection - (AWAITING_INITIAL) [id: 0x1c552e73, /127.0.0.1:48629 => /127.0.1.1:41135]: Not closing client connection on middle chunk for /scripts/vendor.5b6e72cb.js
10:43:46.556 [LittleProxy-ProxyToServerWorker-5] DEBUG o.l.p.impl.ProxyToServerConnection - (AWAITING_CHUNK) [id: 0x04bd9cdb, /10.65.140.181:37601 => voucher-manager-ui.stage.pv.nimbus-stage.cg.sky.com/80.238.10.34:80]: Reading: DefaultHttpContent(data: SlicedByteBuf(ridx: 0, widx: 1024, cap: 1024/1024, unwrapped: UnpooledUnsafeDirectByteBuf(ridx: 1024, widx: 1024, cap: 1024)), decoderResult: success)
10:43:46.556 [LittleProxy-ProxyToServerWorker-5] DEBUG o.l.p.impl.ClientToProxyConnection - (AWAITING_INITIAL) [id: 0x1c552e73, /127.0.0.1:48629 => /127.0.1.1:41135]: Retaining reference counted message
10:43:46.556 [LittleProxy-ProxyToServerWorker-5] DEBUG o.l.p.impl.ClientToProxyConnection - (AWAITING_INITIAL) [id: 0x1c552e73, /127.0.0.1:48629 => /127.0.1.1:41135]: Writing: DefaultHttpContent(data: SlicedByteBuf(ridx: 0, widx: 1024, cap: 1024/1024, unwrapped: UnpooledUnsafeDirectByteBuf(ridx: 1024, widx: 1024, cap: 1024)), decoderResult: success)
10:43:46.556 [LittleProxy-ProxyToServerWorker-5] DEBUG o.l.p.impl.ClientToProxyConnection - (AWAITING_INITIAL) [id: 0x1c552e73, /127.0.0.1:48629 => /127.0.1.1:41135]: Wrote: DefaultHttpContent(data: SlicedByteBuf(ridx: 0, widx: 1024, cap: 1024/1024, unwrapped: UnpooledUnsafeDirectByteBuf(ridx: 1024, widx: 1024, cap: 1024)), decoderResult: success)
10:43:46.556 [LittleProxy-ProxyToServerWorker-5] DEBUG o.l.p.impl.ClientToProxyConnection - (AWAITING_INITIAL) [id: 0x1c552e73, /127.0.0.1:48629 => /127.0.1.1:41135]: Not closing server connection on middle chunk for /scripts/vendor.5b6e72cb.js
10:43:46.556 [LittleProxy-ProxyToServerWorker-5] DEBUG o.l.p.impl.ClientToProxyConnection - (AWAITING_INITIAL) [id: 0x1c552e73, /127.0.0.1:48629 => /127.0.1.1:41135]: Not closing client connection on middle chunk for /scripts/vendor.5b6e72cb.js
10:43:46.557 [LittleProxy-ProxyToServerWorker-5] DEBUG o.l.p.impl.ProxyToServerConnection - (AWAITING_CHUNK) [id: 0x04bd9cdb, /10.65.140.181:37601 => voucher-manager-ui.stage.pv.nimbus-stage.cg.sky.com/80.238.10.34:80]: Reading: DefaultHttpContent(data: SlicedByteBuf(ridx: 0, widx: 1024, cap: 1024/1024, unwrapped: UnpooledUnsafeDirectByteBuf(ridx: 1024, widx: 1024, cap: 1024)), decoderResult: success)
10:43:46.557 [LittleProxy-ProxyToServerWorker-5] DEBUG o.l.p.impl.ClientToProxyConnection - (AWAITING_INITIAL) [id: 0x1c552e73, /127.0.0.1:48629 => /127.0.1.1:41135]: Retaining reference counted message
10:43:46.557 [LittleProxy-ProxyToServerWorker-5] DEBUG o.l.p.impl.ClientToProxyConnection - (AWAITING_INITIAL) [id: 0x1c552e73, /127.0.0.1:48629 => /127.0.1.1:41135]: Writing: DefaultHttpContent(data: SlicedByteBuf(ridx: 0, widx: 1024, cap: 1024/1024, unwrapped: UnpooledUnsafeDirectByteBuf(ridx: 1024, widx: 1024, cap: 1024)), decoderResult: success)
10:43:46.557 [LittleProxy-ProxyToServerWorker-5] DEBUG o.l.p.impl.ClientToProxyConnection - (AWAITING_INITIAL) [id: 0x1c552e73, /127.0.0.1:48629 => /127.0.1.1:41135]: Wrote: DefaultHttpContent(data: SlicedByteBuf(ridx: 0, widx: 1024, cap: 1024/1024, unwrapped: UnpooledUnsafeDirectByteBuf(ridx: 1024, widx: 1024, cap: 1024)), decoderResult: success)
10:43:46.557 [LittleProxy-ProxyToServerWorker-5] DEBUG o.l.p.impl.ClientToProxyConnection - (AWAITING_INITIAL) [id: 0x1c552e73, /127.0.0.1:48629 => /127.0.1.1:41135]: Not closing server connection on middle chunk for /scripts/vendor.5b6e72cb.js
10:43:46.557 [LittleProxy-ProxyToServerWorker-5] DEBUG o.l.p.impl.ClientToProxyConnection - (AWAITING_INITIAL) [id: 0x1c552e73, /127.0.0.1:48629 => /127.0.1.1:41135]: Not closing client connection on middle chunk for /scripts/vendor.5b6e72cb.js
10:43:46.557 [LittleProxy-ProxyToServerWorker-5] DEBUG o.l.p.impl.ProxyToServerConnection - (AWAITING_CHUNK) [id: 0x04bd9cdb, /10.65.140.181:37601 => voucher-manager-ui.stage.pv.nimbus-stage.cg.sky.com/80.238.10.34:80]: Reading: DefaultHttpContent(data: SlicedByteBuf(ridx: 0, widx: 1024, cap: 1024/1024, unwrapped: UnpooledUnsafeDirectByteBuf(ridx: 1024, widx: 1024, cap: 1024)), decoderResult: success)
10:43:46.557 [LittleProxy-ProxyToServerWorker-5] DEBUG o.l.p.impl.ClientToProxyConnection - (AWAITING_INITIAL) [id: 0x1c552e73, /127.0.0.1:48629 => /127.0.1.1:41135]: Retaining reference counted message
10:43:46.557 [LittleProxy-ProxyToServerWorker-5] DEBUG o.l.p.impl.ClientToProxyConnection - (AWAITING_INITIAL) [id: 0x1c552e73, /127.0.0.1:48629 => /127.0.1.1:41135]: Writing: DefaultHttpContent(data: SlicedByteBuf(ridx: 0, widx: 1024, cap: 1024/1024, unwrapped: UnpooledUnsafeDirectByteBuf(ridx: 1024, widx: 1024, cap: 1024)), decoderResult: success)
10:43:46.557 [LittleProxy-ProxyToServerWorker-5] DEBUG o.l.p.impl.ClientToProxyConnection - (AWAITING_INITIAL) [id: 0x1c552e73, /127.0.0.1:48629 => /127.0.1.1:41135]: Wrote: DefaultHttpContent(data: SlicedByteBuf(ridx: 0, widx: 1024, cap: 1024/1024, unwrapped: UnpooledUnsafeDirectByteBuf(ridx: 1024, widx: 1024, cap: 1024)), decoderResult: success)
10:43:46.557 [LittleProxy-ProxyToServerWorker-5] DEBUG o.l.p.impl.ClientToProxyConnection - (AWAITING_INITIAL) [id: 0x1c552e73, /127.0.0.1:48629 => /127.0.1.1:41135]: Not closing server connection on middle chunk for /scripts/vendor.5b6e72cb.js
10:43:46.557 [LittleProxy-ProxyToServerWorker-5] DEBUG o.l.p.impl.ClientToProxyConnection - (AWAITING_INITIAL) [id: 0x1c552e73, /127.0.0.1:48629 => /127.0.1.1:41135]: Not closing client connection on middle chunk for /scripts/vendor.5b6e72cb.js
10:43:46.558 [LittleProxy-ProxyToServerWorker-5] DEBUG o.l.p.impl.ProxyToServerConnection - (AWAITING_CHUNK) [id: 0x04bd9cdb, /10.65.140.181:37601 => voucher-manager-ui.stage.pv.nimbus-stage.cg.sky.com/80.238.10.34:80]: Reading: DefaultHttpContent(data: SlicedByteBuf(ridx: 0, widx: 8591, cap: 8591/8591, unwrapped: UnpooledUnsafeDirectByteBuf(ridx: 16384, widx: 16384, cap: 16384)), decoderResult: success)
10:43:46.558 [LittleProxy-ProxyToServerWorker-5] DEBUG o.l.p.impl.ClientToProxyConnection - (AWAITING_INITIAL) [id: 0x1c552e73, /127.0.0.1:48629 => /127.0.1.1:41135]: Retaining reference counted message
10:43:46.558 [LittleProxy-ProxyToServerWorker-5] DEBUG o.l.p.impl.ClientToProxyConnection - (AWAITING_INITIAL) [id: 0x1c552e73, /127.0.0.1:48629 => /127.0.1.1:41135]: Writing: DefaultHttpContent(data: SlicedByteBuf(ridx: 0, widx: 8591, cap: 8591/8591, unwrapped: UnpooledUnsafeDirectByteBuf(ridx: 16384, widx: 16384, cap: 16384)), decoderResult: success)
10:43:46.558 [LittleProxy-ProxyToServerWorker-5] DEBUG o.l.p.impl.ClientToProxyConnection - (AWAITING_INITIAL) [id: 0x1c552e73, /127.0.0.1:48629 => /127.0.1.1:41135]: Wrote: DefaultHttpContent(data: SlicedByteBuf(ridx: 0, widx: 8591, cap: 8591/8591, unwrapped: UnpooledUnsafeDirectByteBuf(ridx: 16384, widx: 16384, cap: 16384)), decoderResult: success)
10:43:46.558 [LittleProxy-ProxyToServerWorker-5] DEBUG o.l.p.impl.ClientToProxyConnection - (AWAITING_INITIAL) [id: 0x1c552e73, /127.0.0.1:48629 => /127.0.1.1:41135]: Not closing server connection on middle chunk for /scripts/vendor.5b6e72cb.js
10:43:46.558 [LittleProxy-ProxyToServerWorker-5] DEBUG o.l.p.impl.ClientToProxyConnection - (AWAITING_INITIAL) [id: 0x1c552e73, /127.0.0.1:48629 => /127.0.1.1:41135]: Not closing client connection on middle chunk for /scripts/vendor.5b6e72cb.js
10:43:46.558 [LittleProxy-ProxyToServerWorker-5] DEBUG o.l.p.impl.ProxyToServerConnection - (AWAITING_CHUNK) [id: 0x04bd9cdb, /10.65.140.181:37601 => voucher-manager-ui.stage.pv.nimbus-stage.cg.sky.com/80.238.10.34:80]: Reading: DefaultHttpContent(data: SlicedByteBuf(ridx: 0, widx: 7785, cap: 7785/7785, unwrapped: UnpooledUnsafeDirectByteBuf(ridx: 16384, widx: 16384, cap: 16384)), decoderResult: success)
10:43:46.559 [LittleProxy-ProxyToServerWorker-5] DEBUG o.l.p.impl.ClientToProxyConnection - (AWAITING_INITIAL) [id: 0x1c552e73, /127.0.0.1:48629 => /127.0.1.1:41135]: Retaining reference counted message
10:43:46.559 [LittleProxy-ProxyToServerWorker-5] DEBUG o.l.p.impl.ClientToProxyConnection - (AWAITING_INITIAL) [id: 0x1c552e73, /127.0.0.1:48629 => /127.0.1.1:41135]: Writing: DefaultHttpContent(data: SlicedByteBuf(ridx: 0, widx: 7785, cap: 7785/7785, unwrapped: UnpooledUnsafeDirectByteBuf(ridx: 16384, widx: 16384, cap: 16384)), decoderResult: success)
10:43:46.559 [LittleProxy-ProxyToServerWorker-5] DEBUG o.l.p.impl.ClientToProxyConnection - (AWAITING_INITIAL) [id: 0x1c552e73, /127.0.0.1:48629 => /127.0.1.1:41135]: Wrote: DefaultHttpContent(data: SlicedByteBuf(ridx: 0, widx: 7785, cap: 7785/7785, unwrapped: UnpooledUnsafeDirectByteBuf(ridx: 16384, widx: 16384, cap: 16384)), decoderResult: success)
10:43:46.559 [LittleProxy-ProxyToServerWorker-5] DEBUG o.l.p.impl.ClientToProxyConnection - (AWAITING_INITIAL) [id: 0x1c552e73, /127.0.0.1:48629 => /127.0.1.1:41135]: Not closing server connection on middle chunk for /scripts/vendor.5b6e72cb.js
10:43:46.559 [LittleProxy-ProxyToServerWorker-5] DEBUG o.l.p.impl.ClientToProxyConnection - (AWAITING_INITIAL) [id: 0x1c552e73, /127.0.0.1:48629 => /127.0.1.1:41135]: Not closing client connection on middle chunk for /scripts/vendor.5b6e72cb.js
10:43:46.560 [LittleProxy-ProxyToServerWorker-5] DEBUG o.l.p.impl.ProxyToServerConnection - (AWAITING_CHUNK) [id: 0x04bd9cdb, /10.65.140.181:37601 => voucher-manager-ui.stage.pv.nimbus-stage.cg.sky.com/80.238.10.34:80]: Reading: DefaultHttpContent(data: SlicedByteBuf(ridx: 0, widx: 16384, cap: 16384/16384, unwrapped: UnpooledUnsafeDirectByteBuf(ridx: 16384, widx: 16384, cap: 16384)), decoderResult: success)
10:43:46.560 [LittleProxy-ProxyToServerWorker-5] DEBUG o.l.p.impl.ClientToProxyConnection - (AWAITING_INITIAL) [id: 0x1c552e73, /127.0.0.1:48629 => /127.0.1.1:41135]: Retaining reference counted message
10:43:46.560 [LittleProxy-ProxyToServerWorker-5] DEBUG o.l.p.impl.ClientToProxyConnection - (AWAITING_INITIAL) [id: 0x1c552e73, /127.0.0.1:48629 => /127.0.1.1:41135]: Writing: DefaultHttpContent(data: SlicedByteBuf(ridx: 0, widx: 16384, cap: 16384/16384, unwrapped: UnpooledUnsafeDirectByteBuf(ridx: 16384, widx: 16384, cap: 16384)), decoderResult: success)
10:43:46.560 [LittleProxy-ProxyToServerWorker-5] DEBUG o.l.p.impl.ClientToProxyConnection - (AWAITING_INITIAL) [id: 0x1c552e73, /127.0.0.1:48629 => /127.0.1.1:41135]: Wrote: DefaultHttpContent(data: SlicedByteBuf(ridx: 0, widx: 16384, cap: 16384/16384, unwrapped: UnpooledUnsafeDirectByteBuf(ridx: 16384, widx: 16384, cap: 16384)), decoderResult: success)
10:43:46.560 [LittleProxy-ProxyToServerWorker-5] DEBUG o.l.p.impl.ClientToProxyConnection - (AWAITING_INITIAL) [id: 0x1c552e73, /127.0.0.1:48629 => /127.0.1.1:41135]: Not closing server connection on middle chunk for /scripts/vendor.5b6e72cb.js
10:43:46.560 [LittleProxy-ProxyToServerWorker-5] DEBUG o.l.p.impl.ClientToProxyConnection - (AWAITING_INITIAL) [id: 0x1c552e73, /127.0.0.1:48629 => /127.0.1.1:41135]: Not closing client connection on middle chunk for /scripts/vendor.5b6e72cb.js
10:43:46.561 [LittleProxy-ProxyToServerWorker-5] DEBUG o.l.p.impl.ProxyToServerConnection - (AWAITING_CHUNK) [id: 0x04bd9cdb, /10.65.140.181:37601 => voucher-manager-ui.stage.pv.nimbus-stage.cg.sky.com/80.238.10.34:80]: Reading: DefaultHttpContent(data: SlicedByteBuf(ridx: 0, widx: 8599, cap: 8599/8599, unwrapped: UnpooledUnsafeDirectByteBuf(ridx: 16384, widx: 16384, cap: 16384)), decoderResult: success)
10:43:46.561 [LittleProxy-ProxyToServerWorker-5] DEBUG o.l.p.impl.ClientToProxyConnection - (AWAITING_INITIAL) [id: 0x1c552e73, /127.0.0.1:48629 => /127.0.1.1:41135]: Retaining reference counted message
10:43:46.561 [LittleProxy-ProxyToServerWorker-5] DEBUG o.l.p.impl.ClientToProxyConnection - (AWAITING_INITIAL) [id: 0x1c552e73, /127.0.0.1:48629 => /127.0.1.1:41135]: Writing: DefaultHttpContent(data: SlicedByteBuf(ridx: 0, widx: 8599, cap: 8599/8599, unwrapped: UnpooledUnsafeDirectByteBuf(ridx: 16384, widx: 16384, cap: 16384)), decoderResult: success)
10:43:46.561 [LittleProxy-ProxyToServerWorker-5] DEBUG o.l.p.impl.ClientToProxyConnection - (AWAITING_INITIAL) [id: 0x1c552e73, /127.0.0.1:48629 => /127.0.1.1:41135]: Wrote: DefaultHttpContent(data: SlicedByteBuf(ridx: 0, widx: 8599, cap: 8599/8599, unwrapped: UnpooledUnsafeDirectByteBuf(ridx: 16384, widx: 16384, cap: 16384)), decoderResult: success)
10:43:46.561 [LittleProxy-ProxyToServerWorker-5] DEBUG o.l.p.impl.ClientToProxyConnection - (AWAITING_INITIAL) [id: 0x1c552e73, /127.0.0.1:48629 => /127.0.1.1:41135]: Not closing server connection on middle chunk for /scripts/vendor.5b6e72cb.js
10:43:46.561 [LittleProxy-ProxyToServerWorker-5] DEBUG o.l.p.impl.ClientToProxyConnection - (AWAITING_INITIAL) [id: 0x1c552e73, /127.0.0.1:48629 => /127.0.1.1:41135]: Not closing client connection on middle chunk for /scripts/vendor.5b6e72cb.js
10:43:46.561 [LittleProxy-ProxyToServerWorker-5] DEBUG o.l.p.impl.ProxyToServerConnection - (AWAITING_CHUNK) [id: 0x04bd9cdb, /10.65.140.181:37601 => voucher-manager-ui.stage.pv.nimbus-stage.cg.sky.com/80.238.10.34:80]: Reading: DefaultHttpContent(data: SlicedByteBuf(ridx: 0, widx: 7777, cap: 7777/7777, unwrapped: UnpooledUnsafeDirectByteBuf(ridx: 16384, widx: 16384, cap: 16384)), decoderResult: success)
10:43:46.561 [LittleProxy-ProxyToServerWorker-5] DEBUG o.l.p.impl.ClientToProxyConnection - (AWAITING_INITIAL) [id: 0x1c552e73, /127.0.0.1:48629 => /127.0.1.1:41135]: Retaining reference counted message
10:43:46.562 [LittleProxy-ProxyToServerWorker-5] DEBUG o.l.p.impl.ClientToProxyConnection - (AWAITING_INITIAL) [id: 0x1c552e73, /127.0.0.1:48629 => /127.0.1.1:41135]: Writing: DefaultHttpContent(data: SlicedByteBuf(ridx: 0, widx: 7777, cap: 7777/7777, unwrapped: UnpooledUnsafeDirectByteBuf(ridx: 16384, widx: 16384, cap: 16384)), decoderResult: success)
10:43:46.562 [LittleProxy-ProxyToServerWorker-5] DEBUG o.l.p.impl.ClientToProxyConnection - (AWAITING_INITIAL) [id: 0x1c552e73, /127.0.0.1:48629 => /127.0.1.1:41135]: Wrote: DefaultHttpContent(data: SlicedByteBuf(ridx: 0, widx: 7777, cap: 7777/7777, unwrapped: UnpooledUnsafeDirectByteBuf(ridx: 16384, widx: 16384, cap: 16384)), decoderResult: success)
10:43:46.562 [LittleProxy-ProxyToServerWorker-5] DEBUG o.l.p.impl.ClientToProxyConnection - (AWAITING_INITIAL) [id: 0x1c552e73, /127.0.0.1:48629 => /127.0.1.1:41135]: Not closing server connection on middle chunk for /scripts/vendor.5b6e72cb.js
10:43:46.562 [LittleProxy-ProxyToServerWorker-5] DEBUG o.l.p.impl.ClientToProxyConnection - (AWAITING_INITIAL) [id: 0x1c552e73, /127.0.0.1:48629 => /127.0.1.1:41135]: Not closing client connection on middle chunk for /scripts/vendor.5b6e72cb.js
10:43:46.562 [LittleProxy-ProxyToServerWorker-5] DEBUG o.l.p.impl.ProxyToServerConnection - (AWAITING_CHUNK) [id: 0x04bd9cdb, /10.65.140.181:37601 => voucher-manager-ui.stage.pv.nimbus-stage.cg.sky.com/80.238.10.34:80]: Reading: DefaultHttpContent(data: SlicedByteBuf(ridx: 0, widx: 7629, cap: 7629/7629, unwrapped: UnpooledUnsafeDirectByteBuf(ridx: 7629, widx: 7629, cap: 16384)), decoderResult: success)
10:43:46.562 [LittleProxy-ProxyToServerWorker-5] DEBUG o.l.p.impl.ClientToProxyConnection - (AWAITING_INITIAL) [id: 0x1c552e73, /127.0.0.1:48629 => /127.0.1.1:41135]: Retaining reference counted message
10:43:46.563 [LittleProxy-ProxyToServerWorker-5] DEBUG o.l.p.impl.ClientToProxyConnection - (AWAITING_INITIAL) [id: 0x1c552e73, /127.0.0.1:48629 => /127.0.1.1:41135]: Writing: DefaultHttpContent(data: SlicedByteBuf(ridx: 0, widx: 7629, cap: 7629/7629, unwrapped: UnpooledUnsafeDirectByteBuf(ridx: 7629, widx: 7629, cap: 16384)), decoderResult: success)
10:43:46.563 [LittleProxy-ProxyToServerWorker-5] DEBUG o.l.p.impl.ClientToProxyConnection - (AWAITING_INITIAL) [id: 0x1c552e73, /127.0.0.1:48629 => /127.0.1.1:41135]: Wrote: DefaultHttpContent(data: SlicedByteBuf(ridx: 0, widx: 7629, cap: 7629/7629, unwrapped: UnpooledUnsafeDirectByteBuf(ridx: 7629, widx: 7629, cap: 16384)), decoderResult: success)
10:43:46.563 [LittleProxy-ProxyToServerWorker-5] DEBUG o.l.p.impl.ClientToProxyConnection - (AWAITING_INITIAL) [id: 0x1c552e73, /127.0.0.1:48629 => /127.0.1.1:41135]: Not closing server connection on middle chunk for /scripts/vendor.5b6e72cb.js
10:43:46.563 [LittleProxy-ProxyToServerWorker-5] DEBUG o.l.p.impl.ClientToProxyConnection - (AWAITING_INITIAL) [id: 0x1c552e73, /127.0.0.1:48629 => /127.0.1.1:41135]: Not closing client connection on middle chunk for /scripts/vendor.5b6e72cb.js
10:43:46.563 [LittleProxy-ProxyToServerWorker-5] DEBUG o.l.p.impl.ProxyToServerConnection - (AWAITING_CHUNK) [id: 0x04bd9cdb, /10.65.140.181:37601 => voucher-manager-ui.stage.pv.nimbus-stage.cg.sky.com/80.238.10.34:80]: Reading: DefaultHttpContent(data: SlicedByteBuf(ridx: 0, widx: 2760, cap: 2760/2760, unwrapped: UnpooledUnsafeDirectByteBuf(ridx: 2760, widx: 2760, cap: 65536)), decoderResult: success)
10:43:46.563 [LittleProxy-ProxyToServerWorker-5] DEBUG o.l.p.impl.ClientToProxyConnection - (AWAITING_INITIAL) [id: 0x1c552e73, /127.0.0.1:48629 => /127.0.1.1:41135]: Retaining reference counted message
10:43:46.563 [LittleProxy-ProxyToServerWorker-5] DEBUG o.l.p.impl.ClientToProxyConnection - (AWAITING_INITIAL) [id: 0x1c552e73, /127.0.0.1:48629 => /127.0.1.1:41135]: Writing: DefaultHttpContent(data: SlicedByteBuf(ridx: 0, widx: 2760, cap: 2760/2760, unwrapped: UnpooledUnsafeDirectByteBuf(ridx: 2760, widx: 2760, cap: 65536)), decoderResult: success)
10:43:46.563 [LittleProxy-ProxyToServerWorker-5] DEBUG o.l.p.impl.ClientToProxyConnection - (AWAITING_INITIAL) [id: 0x1c552e73, /127.0.0.1:48629 => /127.0.1.1:41135]: Wrote: DefaultHttpContent(data: SlicedByteBuf(ridx: 0, widx: 2760, cap: 2760/2760, unwrapped: UnpooledUnsafeDirectByteBuf(ridx: 2760, widx: 2760, cap: 65536)), decoderResult: success)
10:43:46.563 [LittleProxy-ProxyToServerWorker-5] DEBUG o.l.p.impl.ClientToProxyConnection - (AWAITING_INITIAL) [id: 0x1c552e73, /127.0.0.1:48629 => /127.0.1.1:41135]: Not closing server connection on middle chunk for /scripts/vendor.5b6e72cb.js
10:43:46.563 [LittleProxy-ProxyToServerWorker-5] DEBUG o.l.p.impl.ClientToProxyConnection - (AWAITING_INITIAL) [id: 0x1c552e73, /127.0.0.1:48629 => /127.0.1.1:41135]: Not closing client connection on middle chunk for /scripts/vendor.5b6e72cb.js
10:43:46.570 [LittleProxy-ProxyToServerWorker-5] DEBUG o.l.p.impl.ProxyToServerConnection - (AWAITING_CHUNK) [id: 0x04bd9cdb, /10.65.140.181:37601 => voucher-manager-ui.stage.pv.nimbus-stage.cg.sky.com/80.238.10.34:80]: Reading: DefaultHttpContent(data: SlicedByteBuf(ridx: 0, widx: 4140, cap: 4140/4140, unwrapped: UnpooledUnsafeDirectByteBuf(ridx: 4140, widx: 4140, cap: 65536)), decoderResult: success)
10:43:46.570 [LittleProxy-ProxyToServerWorker-5] DEBUG o.l.p.impl.ClientToProxyConnection - (AWAITING_INITIAL) [id: 0x1c552e73, /127.0.0.1:48629 => /127.0.1.1:41135]: Retaining reference counted message
10:43:46.570 [LittleProxy-ProxyToServerWorker-5] DEBUG o.l.p.impl.ClientToProxyConnection - (AWAITING_INITIAL) [id: 0x1c552e73, /127.0.0.1:48629 => /127.0.1.1:41135]: Writing: DefaultHttpContent(data: SlicedByteBuf(ridx: 0, widx: 4140, cap: 4140/4140, unwrapped: UnpooledUnsafeDirectByteBuf(ridx: 4140, widx: 4140, cap: 65536)), decoderResult: success)
10:43:46.571 [LittleProxy-ProxyToServerWorker-5] DEBUG o.l.p.impl.ClientToProxyConnection - (AWAITING_INITIAL) [id: 0x1c552e73, /127.0.0.1:48629 => /127.0.1.1:41135]: Wrote: DefaultHttpContent(data: SlicedByteBuf(ridx: 0, widx: 4140, cap: 4140/4140, unwrapped: UnpooledUnsafeDirectByteBuf(ridx: 4140, widx: 4140, cap: 65536)), decoderResult: success)
10:43:46.571 [LittleProxy-ProxyToServerWorker-5] DEBUG o.l.p.impl.ClientToProxyConnection - (AWAITING_INITIAL) [id: 0x1c552e73, /127.0.0.1:48629 => /127.0.1.1:41135]: Not closing server connection on middle chunk for /scripts/vendor.5b6e72cb.js
10:43:46.571 [LittleProxy-ProxyToServerWorker-5] DEBUG o.l.p.impl.ClientToProxyConnection - (AWAITING_INITIAL) [id: 0x1c552e73, /127.0.0.1:48629 => /127.0.1.1:41135]: Not closing client connection on middle chunk for /scripts/vendor.5b6e72cb.js
10:43:46.571 [LittleProxy-ProxyToServerWorker-5] DEBUG o.l.p.impl.ProxyToServerConnection - (AWAITING_CHUNK) [id: 0x04bd9cdb, /10.65.140.181:37601 => voucher-manager-ui.stage.pv.nimbus-stage.cg.sky.com/80.238.10.34:80]: Reading: DefaultHttpContent(data: SlicedByteBuf(ridx: 0, widx: 2270, cap: 2270/2270, unwrapped: UnpooledUnsafeDirectByteBuf(ridx: 11932, widx: 11932, cap: 32768)), decoderResult: success)
10:43:46.571 [LittleProxy-ProxyToServerWorker-5] DEBUG o.l.p.impl.ClientToProxyConnection - (AWAITING_INITIAL) [id: 0x1c552e73, /127.0.0.1:48629 => /127.0.1.1:41135]: Retaining reference counted message
10:43:46.571 [LittleProxy-ProxyToServerWorker-5] DEBUG o.l.p.impl.ClientToProxyConnection - (AWAITING_INITIAL) [id: 0x1c552e73, /127.0.0.1:48629 => /127.0.1.1:41135]: Writing: DefaultHttpContent(data: SlicedByteBuf(ridx: 0, widx: 2270, cap: 2270/2270, unwrapped: UnpooledUnsafeDirectByteBuf(ridx: 11932, widx: 11932, cap: 32768)), decoderResult: success)
10:43:46.571 [LittleProxy-ProxyToServerWorker-5] DEBUG o.l.p.impl.ClientToProxyConnection - (AWAITING_INITIAL) [id: 0x1c552e73, /127.0.0.1:48629 => /127.0.1.1:41135]: Wrote: DefaultHttpContent(data: SlicedByteBuf(ridx: 0, widx: 2270, cap: 2270/2270, unwrapped: UnpooledUnsafeDirectByteBuf(ridx: 11932, widx: 11932, cap: 32768)), decoderResult: success)
10:43:46.571 [LittleProxy-ProxyToServerWorker-5] DEBUG o.l.p.impl.ClientToProxyConnection - (AWAITING_INITIAL) [id: 0x1c552e73, /127.0.0.1:48629 => /127.0.1.1:41135]: Not closing server connection on middle chunk for /scripts/vendor.5b6e72cb.js
10:43:46.571 [LittleProxy-ProxyToServerWorker-5] DEBUG o.l.p.impl.ClientToProxyConnection - (AWAITING_INITIAL) [id: 0x1c552e73, /127.0.0.1:48629 => /127.0.1.1:41135]: Not closing client connection on middle chunk for /scripts/vendor.5b6e72cb.js
10:43:46.571 [LittleProxy-ProxyToServerWorker-5] DEBUG o.l.p.impl.ProxyToServerConnection - (AWAITING_CHUNK) [id: 0x04bd9cdb, /10.65.140.181:37601 => voucher-manager-ui.stage.pv.nimbus-stage.cg.sky.com/80.238.10.34:80]: Reading: DefaultHttpContent(data: SlicedByteBuf(ridx: 0, widx: 9653, cap: 9653/9653, unwrapped: UnpooledUnsafeDirectByteBuf(ridx: 11932, widx: 11932, cap: 32768)), decoderResult: success)
10:43:46.571 [LittleProxy-ProxyToServerWorker-5] DEBUG o.l.p.impl.ClientToProxyConnection - (AWAITING_INITIAL) [id: 0x1c552e73, /127.0.0.1:48629 => /127.0.1.1:41135]: Retaining reference counted message
10:43:46.571 [LittleProxy-ProxyToServerWorker-5] DEBUG o.l.p.impl.ClientToProxyConnection - (AWAITING_INITIAL) [id: 0x1c552e73, /127.0.0.1:48629 => /127.0.1.1:41135]: Writing: DefaultHttpContent(data: SlicedByteBuf(ridx: 0, widx: 9653, cap: 9653/9653, unwrapped: UnpooledUnsafeDirectByteBuf(ridx: 11932, widx: 11932, cap: 32768)), decoderResult: success)
10:43:46.571 [LittleProxy-ProxyToServerWorker-5] DEBUG o.l.p.impl.ClientToProxyConnection - (AWAITING_INITIAL) [id: 0x1c552e73, /127.0.0.1:48629 => /127.0.1.1:41135]: Wrote: DefaultHttpContent(data: SlicedByteBuf(ridx: 0, widx: 9653, cap: 9653/9653, unwrapped: UnpooledUnsafeDirectByteBuf(ridx: 11932, widx: 11932, cap: 32768)), decoderResult: success)
10:43:46.571 [LittleProxy-ProxyToServerWorker-5] DEBUG o.l.p.impl.ClientToProxyConnection - (AWAITING_INITIAL) [id: 0x1c552e73, /127.0.0.1:48629 => /127.0.1.1:41135]: Not closing server connection on middle chunk for /scripts/vendor.5b6e72cb.js
10:43:46.572 [LittleProxy-ProxyToServerWorker-5] DEBUG o.l.p.impl.ClientToProxyConnection - (AWAITING_INITIAL) [id: 0x1c552e73, /127.0.0.1:48629 => /127.0.1.1:41135]: Not closing client connection on middle chunk for /scripts/vendor.5b6e72cb.js
10:43:46.572 [LittleProxy-ProxyToServerWorker-5] DEBUG o.l.p.impl.ProxyToServerConnection - (AWAITING_CHUNK) [id: 0x04bd9cdb, /10.65.140.181:37601 => voucher-manager-ui.stage.pv.nimbus-stage.cg.sky.com/80.238.10.34:80]: Reading: DefaultHttpContent(data: SlicedByteBuf(ridx: 0, widx: 12420, cap: 12420/12420, unwrapped: UnpooledUnsafeDirectByteBuf(ridx: 12420, widx: 12420, cap: 32768)), decoderResult: success)
10:43:46.572 [LittleProxy-ProxyToServerWorker-5] DEBUG o.l.p.impl.ClientToProxyConnection - (AWAITING_INITIAL) [id: 0x1c552e73, /127.0.0.1:48629 => /127.0.1.1:41135]: Retaining reference counted message
10:43:46.572 [LittleProxy-ProxyToServerWorker-5] DEBUG o.l.p.impl.ClientToProxyConnection - (AWAITING_INITIAL) [id: 0x1c552e73, /127.0.0.1:48629 => /127.0.1.1:41135]: Writing: DefaultHttpContent(data: SlicedByteBuf(ridx: 0, widx: 12420, cap: 12420/12420, unwrapped: UnpooledUnsafeDirectByteBuf(ridx: 12420, widx: 12420, cap: 32768)), decoderResult: success)
10:43:46.572 [LittleProxy-ProxyToServerWorker-5] DEBUG o.l.p.impl.ClientToProxyConnection - (AWAITING_INITIAL) [id: 0x1c552e73, /127.0.0.1:48629 => /127.0.1.1:41135]: Wrote: DefaultHttpContent(data: SlicedByteBuf(ridx: 0, widx: 12420, cap: 12420/12420, unwrapped: UnpooledUnsafeDirectByteBuf(ridx: 12420, widx: 12420, cap: 32768)), decoderResult: success)
10:43:46.572 [LittleProxy-ProxyToServerWorker-5] DEBUG o.l.p.impl.ClientToProxyConnection - (AWAITING_INITIAL) [id: 0x1c552e73, /127.0.0.1:48629 => /127.0.1.1:41135]: Not closing server connection on middle chunk for /scripts/vendor.5b6e72cb.js
10:43:46.572 [LittleProxy-ProxyToServerWorker-5] DEBUG o.l.p.impl.ClientToProxyConnection - (AWAITING_INITIAL) [id: 0x1c552e73, /127.0.0.1:48629 => /127.0.1.1:41135]: Not closing client connection on middle chunk for /scripts/vendor.5b6e72cb.js
10:43:46.572 [LittleProxy-ProxyToServerWorker-5] DEBUG o.l.p.impl.ProxyToServerConnection - (AWAITING_CHUNK) [id: 0x04bd9cdb, /10.65.140.181:37601 => voucher-manager-ui.stage.pv.nimbus-stage.cg.sky.com/80.238.10.34:80]: Reading: DefaultHttpContent(data: SlicedByteBuf(ridx: 0, widx: 2760, cap: 2760/2760, unwrapped: UnpooledUnsafeDirectByteBuf(ridx: 2760, widx: 2760, cap: 32768)), decoderResult: success)
10:43:46.572 [LittleProxy-ProxyToServerWorker-5] DEBUG o.l.p.impl.ClientToProxyConnection - (AWAITING_INITIAL) [id: 0x1c552e73, /127.0.0.1:48629 => /127.0.1.1:41135]: Retaining reference counted message
10:43:46.572 [LittleProxy-ProxyToServerWorker-5] DEBUG o.l.p.impl.ClientToProxyConnection - (AWAITING_INITIAL) [id: 0x1c552e73, /127.0.0.1:48629 => /127.0.1.1:41135]: Writing: DefaultHttpContent(data: SlicedByteBuf(ridx: 0, widx: 2760, cap: 2760/2760, unwrapped: UnpooledUnsafeDirectByteBuf(ridx: 2760, widx: 2760, cap: 32768)), decoderResult: success)
10:43:46.572 [LittleProxy-ProxyToServerWorker-5] DEBUG o.l.p.impl.ClientToProxyConnection - (AWAITING_INITIAL) [id: 0x1c552e73, /127.0.0.1:48629 => /127.0.1.1:41135]: Wrote: DefaultHttpContent(data: SlicedByteBuf(ridx: 0, widx: 2760, cap: 2760/2760, unwrapped: UnpooledUnsafeDirectByteBuf(ridx: 2760, widx: 2760, cap: 32768)), decoderResult: success)
10:43:46.572 [LittleProxy-ProxyToServerWorker-5] DEBUG o.l.p.impl.ClientToProxyConnection - (AWAITING_INITIAL) [id: 0x1c552e73, /127.0.0.1:48629 => /127.0.1.1:41135]: Not closing server connection on middle chunk for /scripts/vendor.5b6e72cb.js
10:43:46.572 [LittleProxy-ProxyToServerWorker-5] DEBUG o.l.p.impl.ClientToProxyConnection - (AWAITING_INITIAL) [id: 0x1c552e73, /127.0.0.1:48629 => /127.0.1.1:41135]: Not closing client connection on middle chunk for /scripts/vendor.5b6e72cb.js
10:43:46.576 [LittleProxy-ProxyToServerWorker-5] DEBUG o.l.p.impl.ProxyToServerConnection - (AWAITING_CHUNK) [id: 0x04bd9cdb, /10.65.140.181:37601 => voucher-manager-ui.stage.pv.nimbus-stage.cg.sky.com/80.238.10.34:80]: Reading: DefaultHttpContent(data: SlicedByteBuf(ridx: 0, widx: 1380, cap: 1380/1380, unwrapped: UnpooledUnsafeDirectByteBuf(ridx: 1380, widx: 1380, cap: 32768)), decoderResult: success)
10:43:46.577 [LittleProxy-ProxyToServerWorker-5] DEBUG o.l.p.impl.ClientToProxyConnection - (AWAITING_INITIAL) [id: 0x1c552e73, /127.0.0.1:48629 => /127.0.1.1:41135]: Retaining reference counted message
10:43:46.577 [LittleProxy-ProxyToServerWorker-5] DEBUG o.l.p.impl.ClientToProxyConnection - (AWAITING_INITIAL) [id: 0x1c552e73, /127.0.0.1:48629 => /127.0.1.1:41135]: Writing: DefaultHttpContent(data: SlicedByteBuf(ridx: 0, widx: 1380, cap: 1380/1380, unwrapped: UnpooledUnsafeDirectByteBuf(ridx: 1380, widx: 1380, cap: 32768)), decoderResult: success)
10:43:46.577 [LittleProxy-ProxyToServerWorker-5] DEBUG o.l.p.impl.ClientToProxyConnection - (AWAITING_INITIAL) [id: 0x1c552e73, /127.0.0.1:48629 => /127.0.1.1:41135]: Wrote: DefaultHttpContent(data: SlicedByteBuf(ridx: 0, widx: 1380, cap: 1380/1380, unwrapped: UnpooledUnsafeDirectByteBuf(ridx: 1380, widx: 1380, cap: 32768)), decoderResult: success)
10:43:46.577 [LittleProxy-ProxyToServerWorker-5] DEBUG o.l.p.impl.ClientToProxyConnection - (AWAITING_INITIAL) [id: 0x1c552e73, /127.0.0.1:48629 => /127.0.1.1:41135]: Not closing server connection on middle chunk for /scripts/vendor.5b6e72cb.js
10:43:46.577 [LittleProxy-ProxyToServerWorker-5] DEBUG o.l.p.impl.ClientToProxyConnection - (AWAITING_INITIAL) [id: 0x1c552e73, /127.0.0.1:48629 => /127.0.1.1:41135]: Not closing client connection on middle chunk for /scripts/vendor.5b6e72cb.js
10:43:46.577 [LittleProxy-ProxyToServerWorker-5] DEBUG o.l.p.impl.ProxyToServerConnection - (AWAITING_CHUNK) [id: 0x04bd9cdb, /10.65.140.181:37601 => voucher-manager-ui.stage.pv.nimbus-stage.cg.sky.com/80.238.10.34:80]: Reading: DefaultHttpContent(data: SlicedByteBuf(ridx: 0, widx: 4140, cap: 4140/4140, unwrapped: UnpooledUnsafeDirectByteBuf(ridx: 4140, widx: 4140, cap: 16384)), decoderResult: success)
10:43:46.577 [LittleProxy-ProxyToServerWorker-5] DEBUG o.l.p.impl.ClientToProxyConnection - (AWAITING_INITIAL) [id: 0x1c552e73, /127.0.0.1:48629 => /127.0.1.1:41135]: Retaining reference counted message
10:43:46.577 [LittleProxy-ProxyToServerWorker-5] DEBUG o.l.p.impl.ClientToProxyConnection - (AWAITING_INITIAL) [id: 0x1c552e73, /127.0.0.1:48629 => /127.0.1.1:41135]: Writing: DefaultHttpContent(data: SlicedByteBuf(ridx: 0, widx: 4140, cap: 4140/4140, unwrapped: UnpooledUnsafeDirectByteBuf(ridx: 4140, widx: 4140, cap: 16384)), decoderResult: success)
10:43:46.577 [LittleProxy-ProxyToServerWorker-5] DEBUG o.l.p.impl.ClientToProxyConnection - (AWAITING_INITIAL) [id: 0x1c552e73, /127.0.0.1:48629 => /127.0.1.1:41135]: Wrote: DefaultHttpContent(data: SlicedByteBuf(ridx: 0, widx: 4140, cap: 4140/4140, unwrapped: UnpooledUnsafeDirectByteBuf(ridx: 4140, widx: 4140, cap: 16384)), decoderResult: success)
10:43:46.577 [LittleProxy-ProxyToServerWorker-5] DEBUG o.l.p.impl.ClientToProxyConnection - (AWAITING_INITIAL) [id: 0x1c552e73, /127.0.0.1:48629 => /127.0.1.1:41135]: Not closing server connection on middle chunk for /scripts/vendor.5b6e72cb.js
10:43:46.577 [LittleProxy-ProxyToServerWorker-5] DEBUG o.l.p.impl.ClientToProxyConnection - (AWAITING_INITIAL) [id: 0x1c552e73, /127.0.0.1:48629 => /127.0.1.1:41135]: Not closing client connection on middle chunk for /scripts/vendor.5b6e72cb.js
10:43:46.577 [LittleProxy-ProxyToServerWorker-5] DEBUG o.l.p.impl.ProxyToServerConnection - (AWAITING_CHUNK) [id: 0x04bd9cdb, /10.65.140.181:37601 => voucher-manager-ui.stage.pv.nimbus-stage.cg.sky.com/80.238.10.34:80]: Reading: DefaultHttpContent(data: SlicedByteBuf(ridx: 0, widx: 2760, cap: 2760/2760, unwrapped: UnpooledUnsafeDirectByteBuf(ridx: 2760, widx: 2760, cap: 16384)), decoderResult: success)
10:43:46.577 [LittleProxy-ProxyToServerWorker-5] DEBUG o.l.p.impl.ClientToProxyConnection - (AWAITING_INITIAL) [id: 0x1c552e73, /127.0.0.1:48629 => /127.0.1.1:41135]: Retaining reference counted message
10:43:46.577 [LittleProxy-ProxyToServerWorker-5] DEBUG o.l.p.impl.ClientToProxyConnection - (AWAITING_INITIAL) [id: 0x1c552e73, /127.0.0.1:48629 => /127.0.1.1:41135]: Writing: DefaultHttpContent(data: SlicedByteBuf(ridx: 0, widx: 2760, cap: 2760/2760, unwrapped: UnpooledUnsafeDirectByteBuf(ridx: 2760, widx: 2760, cap: 16384)), decoderResult: success)
10:43:46.577 [LittleProxy-ProxyToServerWorker-5] DEBUG o.l.p.impl.ClientToProxyConnection - (AWAITING_INITIAL) [id: 0x1c552e73, /127.0.0.1:48629 => /127.0.1.1:41135]: Wrote: DefaultHttpContent(data: SlicedByteBuf(ridx: 0, widx: 2760, cap: 2760/2760, unwrapped: UnpooledUnsafeDirectByteBuf(ridx: 2760, widx: 2760, cap: 16384)), decoderResult: success)
10:43:46.577 [LittleProxy-ProxyToServerWorker-5] DEBUG o.l.p.impl.ClientToProxyConnection - (AWAITING_INITIAL) [id: 0x1c552e73, /127.0.0.1:48629 => /127.0.1.1:41135]: Not closing server connection on middle chunk for /scripts/vendor.5b6e72cb.js
10:43:46.577 [LittleProxy-ProxyToServerWorker-5] DEBUG o.l.p.impl.ClientToProxyConnection - (AWAITING_INITIAL) [id: 0x1c552e73, /127.0.0.1:48629 => /127.0.1.1:41135]: Not closing client connection on middle chunk for /scripts/vendor.5b6e72cb.js
10:43:46.577 [LittleProxy-ProxyToServerWorker-5] DEBUG o.l.p.impl.ProxyToServerConnection - (AWAITING_CHUNK) [id: 0x04bd9cdb, /10.65.140.181:37601 => voucher-manager-ui.stage.pv.nimbus-stage.cg.sky.com/80.238.10.34:80]: Reading: DefaultHttpContent(data: SlicedByteBuf(ridx: 0, widx: 5520, cap: 5520/5520, unwrapped: UnpooledUnsafeDirectByteBuf(ridx: 5520, widx: 5520, cap: 16384)), decoderResult: success)
10:43:46.577 [LittleProxy-ProxyToServerWorker-5] DEBUG o.l.p.impl.ClientToProxyConnection - (AWAITING_INITIAL) [id: 0x1c552e73, /127.0.0.1:48629 => /127.0.1.1:41135]: Retaining reference counted message
10:43:46.578 [LittleProxy-ProxyToServerWorker-5] DEBUG o.l.p.impl.ClientToProxyConnection - (AWAITING_INITIAL) [id: 0x1c552e73, /127.0.0.1:48629 => /127.0.1.1:41135]: Writing: DefaultHttpContent(data: SlicedByteBuf(ridx: 0, widx: 5520, cap: 5520/5520, unwrapped: UnpooledUnsafeDirectByteBuf(ridx: 5520, widx: 5520, cap: 16384)), decoderResult: success)
10:43:46.578 [LittleProxy-ProxyToServerWorker-5] DEBUG o.l.p.impl.ClientToProxyConnection - (AWAITING_INITIAL) [id: 0x1c552e73, /127.0.0.1:48629 => /127.0.1.1:41135]: Wrote: DefaultHttpContent(data: SlicedByteBuf(ridx: 0, widx: 5520, cap: 5520/5520, unwrapped: UnpooledUnsafeDirectByteBuf(ridx: 5520, widx: 5520, cap: 16384)), decoderResult: success)
10:43:46.578 [LittleProxy-ProxyToServerWorker-5] DEBUG o.l.p.impl.ClientToProxyConnection - (AWAITING_INITIAL) [id: 0x1c552e73, /127.0.0.1:48629 => /127.0.1.1:41135]: Not closing server connection on middle chunk for /scripts/vendor.5b6e72cb.js
10:43:46.578 [LittleProxy-ProxyToServerWorker-5] DEBUG o.l.p.impl.ClientToProxyConnection - (AWAITING_INITIAL) [id: 0x1c552e73, /127.0.0.1:48629 => /127.0.1.1:41135]: Not closing client connection on middle chunk for /scripts/vendor.5b6e72cb.js
10:43:46.578 [LittleProxy-ProxyToServerWorker-5] DEBUG o.l.p.impl.ProxyToServerConnection - (AWAITING_CHUNK) [id: 0x04bd9cdb, /10.65.140.181:37601 => voucher-manager-ui.stage.pv.nimbus-stage.cg.sky.com/80.238.10.34:80]: Reading: DefaultHttpContent(data: SlicedByteBuf(ridx: 0, widx: 6900, cap: 6900/6900, unwrapped: UnpooledUnsafeDirectByteBuf(ridx: 6900, widx: 6900, cap: 16384)), decoderResult: success)
10:43:46.578 [LittleProxy-ProxyToServerWorker-5] DEBUG o.l.p.impl.ClientToProxyConnection - (AWAITING_INITIAL) [id: 0x1c552e73, /127.0.0.1:48629 => /127.0.1.1:41135]: Retaining reference counted message
10:43:46.578 [LittleProxy-ProxyToServerWorker-5] DEBUG o.l.p.impl.ClientToProxyConnection - (AWAITING_INITIAL) [id: 0x1c552e73, /127.0.0.1:48629 => /127.0.1.1:41135]: Writing: DefaultHttpContent(data: SlicedByteBuf(ridx: 0, widx: 6900, cap: 6900/6900, unwrapped: UnpooledUnsafeDirectByteBuf(ridx: 6900, widx: 6900, cap: 16384)), decoderResult: success)
10:43:46.578 [LittleProxy-ProxyToServerWorker-5] DEBUG o.l.p.impl.ClientToProxyConnection - (AWAITING_INITIAL) [id: 0x1c552e73, /127.0.0.1:48629 => /127.0.1.1:41135]: Wrote: DefaultHttpContent(data: SlicedByteBuf(ridx: 0, widx: 6900, cap: 6900/6900, unwrapped: UnpooledUnsafeDirectByteBuf(ridx: 6900, widx: 6900, cap: 16384)), decoderResult: success)
10:43:46.578 [LittleProxy-ProxyToServerWorker-5] DEBUG o.l.p.impl.ClientToProxyConnection - (AWAITING_INITIAL) [id: 0x1c552e73, /127.0.0.1:48629 => /127.0.1.1:41135]: Not closing server connection on middle chunk for /scripts/vendor.5b6e72cb.js
10:43:46.578 [LittleProxy-ProxyToServerWorker-5] DEBUG o.l.p.impl.ClientToProxyConnection - (AWAITING_INITIAL) [id: 0x1c552e73, /127.0.0.1:48629 => /127.0.1.1:41135]: Not closing client connection on middle chunk for /scripts/vendor.5b6e72cb.js
10:43:46.578 [LittleProxy-ProxyToServerWorker-5] DEBUG o.l.p.impl.ProxyToServerConnection - (AWAITING_CHUNK) [id: 0x04bd9cdb, /10.65.140.181:37601 => voucher-manager-ui.stage.pv.nimbus-stage.cg.sky.com/80.238.10.34:80]: Reading: DefaultHttpContent(data: SlicedByteBuf(ridx: 0, widx: 2760, cap: 2760/2760, unwrapped: UnpooledUnsafeDirectByteBuf(ridx: 2760, widx: 2760, cap: 16384)), decoderResult: success)
10:43:46.578 [LittleProxy-ProxyToServerWorker-5] DEBUG o.l.p.impl.ClientToProxyConnection - (AWAITING_INITIAL) [id: 0x1c552e73, /127.0.0.1:48629 => /127.0.1.1:41135]: Retaining reference counted message
10:43:46.578 [LittleProxy-ProxyToServerWorker-5] DEBUG o.l.p.impl.ClientToProxyConnection - (AWAITING_INITIAL) [id: 0x1c552e73, /127.0.0.1:48629 => /127.0.1.1:41135]: Writing: DefaultHttpContent(data: SlicedByteBuf(ridx: 0, widx: 2760, cap: 2760/2760, unwrapped: UnpooledUnsafeDirectByteBuf(ridx: 2760, widx: 2760, cap: 16384)), decoderResult: success)
10:43:46.578 [LittleProxy-ProxyToServerWorker-5] DEBUG o.l.p.impl.ClientToProxyConnection - (AWAITING_INITIAL) [id: 0x1c552e73, /127.0.0.1:48629 => /127.0.1.1:41135]: Wrote: DefaultHttpContent(data: SlicedByteBuf(ridx: 0, widx: 2760, cap: 2760/2760, unwrapped: UnpooledUnsafeDirectByteBuf(ridx: 2760, widx: 2760, cap: 16384)), decoderResult: success)
10:43:46.578 [LittleProxy-ProxyToServerWorker-5] DEBUG o.l.p.impl.ClientToProxyConnection - (AWAITING_INITIAL) [id: 0x1c552e73, /127.0.0.1:48629 => /127.0.1.1:41135]: Not closing server connection on middle chunk for /scripts/vendor.5b6e72cb.js
10:43:46.578 [LittleProxy-ProxyToServerWorker-5] DEBUG o.l.p.impl.ClientToProxyConnection - (AWAITING_INITIAL) [id: 0x1c552e73, /127.0.0.1:48629 => /127.0.1.1:41135]: Not closing client connection on middle chunk for /scripts/vendor.5b6e72cb.js
10:43:46.579 [LittleProxy-ProxyToServerWorker-5] DEBUG o.l.p.impl.ProxyToServerConnection - (AWAITING_CHUNK) [id: 0x04bd9cdb, /10.65.140.181:37601 => voucher-manager-ui.stage.pv.nimbus-stage.cg.sky.com/80.238.10.34:80]: Reading: DefaultHttpContent(data: SlicedByteBuf(ridx: 0, widx: 5520, cap: 5520/5520, unwrapped: UnpooledUnsafeDirectByteBuf(ridx: 5520, widx: 5520, cap: 8192)), decoderResult: success)
10:43:46.579 [LittleProxy-ProxyToServerWorker-5] DEBUG o.l.p.impl.ClientToProxyConnection - (AWAITING_INITIAL) [id: 0x1c552e73, /127.0.0.1:48629 => /127.0.1.1:41135]: Retaining reference counted message
10:43:46.579 [LittleProxy-ProxyToServerWorker-5] DEBUG o.l.p.impl.ClientToProxyConnection - (AWAITING_INITIAL) [id: 0x1c552e73, /127.0.0.1:48629 => /127.0.1.1:41135]: Writing: DefaultHttpContent(data: SlicedByteBuf(ridx: 0, widx: 5520, cap: 5520/5520, unwrapped: UnpooledUnsafeDirectByteBuf(ridx: 5520, widx: 5520, cap: 8192)), decoderResult: success)
10:43:46.579 [LittleProxy-ProxyToServerWorker-5] DEBUG o.l.p.impl.ClientToProxyConnection - (AWAITING_INITIAL) [id: 0x1c552e73, /127.0.0.1:48629 => /127.0.1.1:41135]: Wrote: DefaultHttpContent(data: SlicedByteBuf(ridx: 0, widx: 5520, cap: 5520/5520, unwrapped: UnpooledUnsafeDirectByteBuf(ridx: 5520, widx: 5520, cap: 8192)), decoderResult: success)
10:43:46.579 [LittleProxy-ProxyToServerWorker-5] DEBUG o.l.p.impl.ClientToProxyConnection - (AWAITING_INITIAL) [id: 0x1c552e73, /127.0.0.1:48629 => /127.0.1.1:41135]: Not closing server connection on middle chunk for /scripts/vendor.5b6e72cb.js
10:43:46.579 [LittleProxy-ProxyToServerWorker-5] DEBUG o.l.p.impl.ClientToProxyConnection - (AWAITING_INITIAL) [id: 0x1c552e73, /127.0.0.1:48629 => /127.0.1.1:41135]: Not closing client connection on middle chunk for /scripts/vendor.5b6e72cb.js
10:43:46.583 [LittleProxy-ProxyToServerWorker-5] DEBUG o.l.p.impl.ProxyToServerConnection - (AWAITING_CHUNK) [id: 0x04bd9cdb, /10.65.140.181:37601 => voucher-manager-ui.stage.pv.nimbus-stage.cg.sky.com/80.238.10.34:80]: Reading: DefaultHttpContent(data: SlicedByteBuf(ridx: 0, widx: 1380, cap: 1380/1380, unwrapped: UnpooledUnsafeDirectByteBuf(ridx: 1380, widx: 1380, cap: 8192)), decoderResult: success)
10:43:46.583 [LittleProxy-ProxyToServerWorker-5] DEBUG o.l.p.impl.ClientToProxyConnection - (AWAITING_INITIAL) [id: 0x1c552e73, /127.0.0.1:48629 => /127.0.1.1:41135]: Retaining reference counted message
10:43:46.583 [LittleProxy-ProxyToServerWorker-5] DEBUG o.l.p.impl.ClientToProxyConnection - (AWAITING_INITIAL) [id: 0x1c552e73, /127.0.0.1:48629 => /127.0.1.1:41135]: Writing: DefaultHttpContent(data: SlicedByteBuf(ridx: 0, widx: 1380, cap: 1380/1380, unwrapped: UnpooledUnsafeDirectByteBuf(ridx: 1380, widx: 1380, cap: 8192)), decoderResult: success)
10:43:46.583 [LittleProxy-ProxyToServerWorker-5] DEBUG o.l.p.impl.ClientToProxyConnection - (AWAITING_INITIAL) [id: 0x1c552e73, /127.0.0.1:48629 => /127.0.1.1:41135]: Wrote: DefaultHttpContent(data: SlicedByteBuf(ridx: 0, widx: 1380, cap: 1380/1380, unwrapped: UnpooledUnsafeDirectByteBuf(ridx: 1380, widx: 1380, cap: 8192)), decoderResult: success)
10:43:46.583 [LittleProxy-ProxyToServerWorker-5] DEBUG o.l.p.impl.ClientToProxyConnection - (AWAITING_INITIAL) [id: 0x1c552e73, /127.0.0.1:48629 => /127.0.1.1:41135]: Not closing server connection on middle chunk for /scripts/vendor.5b6e72cb.js
10:43:46.583 [LittleProxy-ProxyToServerWorker-5] DEBUG o.l.p.impl.ClientToProxyConnection - (AWAITING_INITIAL) [id: 0x1c552e73, /127.0.0.1:48629 => /127.0.1.1:41135]: Not closing client connection on middle chunk for /scripts/vendor.5b6e72cb.js
10:43:46.583 [LittleProxy-ProxyToServerWorker-5] DEBUG o.l.p.impl.ProxyToServerConnection - (AWAITING_CHUNK) [id: 0x04bd9cdb, /10.65.140.181:37601 => voucher-manager-ui.stage.pv.nimbus-stage.cg.sky.com/80.238.10.34:80]: Reading: DefaultHttpContent(data: SlicedByteBuf(ridx: 0, widx: 2760, cap: 2760/2760, unwrapped: UnpooledUnsafeDirectByteBuf(ridx: 2760, widx: 2760, cap: 8192)), decoderResult: success)
10:43:46.583 [LittleProxy-ProxyToServerWorker-5] DEBUG o.l.p.impl.ClientToProxyConnection - (AWAITING_INITIAL) [id: 0x1c552e73, /127.0.0.1:48629 => /127.0.1.1:41135]: Retaining reference counted message
10:43:46.583 [LittleProxy-ProxyToServerWorker-5] DEBUG o.l.p.impl.ClientToProxyConnection - (AWAITING_INITIAL) [id: 0x1c552e73, /127.0.0.1:48629 => /127.0.1.1:41135]: Writing: DefaultHttpContent(data: SlicedByteBuf(ridx: 0, widx: 2760, cap: 2760/2760, unwrapped: UnpooledUnsafeDirectByteBuf(ridx: 2760, widx: 2760, cap: 8192)), decoderResult: success)
10:43:46.583 [LittleProxy-ProxyToServerWorker-5] DEBUG o.l.p.impl.ClientToProxyConnection - (AWAITING_INITIAL) [id: 0x1c552e73, /127.0.0.1:48629 => /127.0.1.1:41135]: Wrote: DefaultHttpContent(data: SlicedByteBuf(ridx: 0, widx: 2760, cap: 2760/2760, unwrapped: UnpooledUnsafeDirectByteBuf(ridx: 2760, widx: 2760, cap: 8192)), decoderResult: success)
10:43:46.584 [LittleProxy-ProxyToServerWorker-5] DEBUG o.l.p.impl.ClientToProxyConnection - (AWAITING_INITIAL) [id: 0x1c552e73, /127.0.0.1:48629 => /127.0.1.1:41135]: Not closing server connection on middle chunk for /scripts/vendor.5b6e72cb.js
10:43:46.584 [LittleProxy-ProxyToServerWorker-5] DEBUG o.l.p.impl.ClientToProxyConnection - (AWAITING_INITIAL) [id: 0x1c552e73, /127.0.0.1:48629 => /127.0.1.1:41135]: Not closing client connection on middle chunk for /scripts/vendor.5b6e72cb.js
10:43:46.584 [LittleProxy-ProxyToServerWorker-5] DEBUG o.l.p.impl.ProxyToServerConnection - (AWAITING_CHUNK) [id: 0x04bd9cdb, /10.65.140.181:37601 => voucher-manager-ui.stage.pv.nimbus-stage.cg.sky.com/80.238.10.34:80]: Reading: DefaultHttpContent(data: SlicedByteBuf(ridx: 0, widx: 4140, cap: 4140/4140, unwrapped: UnpooledUnsafeDirectByteBuf(ridx: 4140, widx: 4140, cap: 8192)), decoderResult: success)
10:43:46.584 [LittleProxy-ProxyToServerWorker-5] DEBUG o.l.p.impl.ClientToProxyConnection - (AWAITING_INITIAL) [id: 0x1c552e73, /127.0.0.1:48629 => /127.0.1.1:41135]: Retaining reference counted message
10:43:46.584 [LittleProxy-ProxyToServerWorker-5] DEBUG o.l.p.impl.ClientToProxyConnection - (AWAITING_INITIAL) [id: 0x1c552e73, /127.0.0.1:48629 => /127.0.1.1:41135]: Writing: DefaultHttpContent(data: SlicedByteBuf(ridx: 0, widx: 4140, cap: 4140/4140, unwrapped: UnpooledUnsafeDirectByteBuf(ridx: 4140, widx: 4140, cap: 8192)), decoderResult: success)
10:43:46.585 [LittleProxy-ProxyToServerWorker-5] DEBUG o.l.p.impl.ClientToProxyConnection - (AWAITING_INITIAL) [id: 0x1c552e73, /127.0.0.1:48629 => /127.0.1.1:41135]: Wrote: DefaultHttpContent(data: SlicedByteBuf(ridx: 0, widx: 4140, cap: 4140/4140, unwrapped: UnpooledUnsafeDirectByteBuf(ridx: 4140, widx: 4140, cap: 8192)), decoderResult: success)
10:43:46.585 [LittleProxy-ProxyToServerWorker-5] DEBUG o.l.p.impl.ClientToProxyConnection - (AWAITING_INITIAL) [id: 0x1c552e73, /127.0.0.1:48629 => /127.0.1.1:41135]: Not closing server connection on middle chunk for /scripts/vendor.5b6e72cb.js
10:43:46.585 [LittleProxy-ProxyToServerWorker-5] DEBUG o.l.p.impl.ClientToProxyConnection - (AWAITING_INITIAL) [id: 0x1c552e73, /127.0.0.1:48629 => /127.0.1.1:41135]: Not closing client connection on middle chunk for /scripts/vendor.5b6e72cb.js
10:43:46.586 [LittleProxy-ProxyToServerWorker-5] DEBUG o.l.p.impl.ProxyToServerConnection - (AWAITING_CHUNK) [id: 0x04bd9cdb, /10.65.140.181:37601 => voucher-manager-ui.stage.pv.nimbus-stage.cg.sky.com/80.238.10.34:80]: Reading: DefaultHttpContent(data: SlicedByteBuf(ridx: 0, widx: 8192, cap: 8192/8192, unwrapped: UnpooledUnsafeDirectByteBuf(ridx: 8192, widx: 8192, cap: 8192)), decoderResult: success)
10:43:46.586 [LittleProxy-ProxyToServerWorker-5] DEBUG o.l.p.impl.ClientToProxyConnection - (AWAITING_INITIAL) [id: 0x1c552e73, /127.0.0.1:48629 => /127.0.1.1:41135]: Retaining reference counted message
10:43:46.586 [LittleProxy-ProxyToServerWorker-5] DEBUG o.l.p.impl.ClientToProxyConnection - (AWAITING_INITIAL) [id: 0x1c552e73, /127.0.0.1:48629 => /127.0.1.1:41135]: Writing: DefaultHttpContent(data: SlicedByteBuf(ridx: 0, widx: 8192, cap: 8192/8192, unwrapped: UnpooledUnsafeDirectByteBuf(ridx: 8192, widx: 8192, cap: 8192)), decoderResult: success)
10:43:46.586 [LittleProxy-ProxyToServerWorker-5] DEBUG o.l.p.impl.ClientToProxyConnection - (AWAITING_INITIAL) [id: 0x1c552e73, /127.0.0.1:48629 => /127.0.1.1:41135]: Wrote: DefaultHttpContent(data: SlicedByteBuf(ridx: 0, widx: 8192, cap: 8192/8192, unwrapped: UnpooledUnsafeDirectByteBuf(ridx: 8192, widx: 8192, cap: 8192)), decoderResult: success)
10:43:46.586 [LittleProxy-ProxyToServerWorker-5] DEBUG o.l.p.impl.ClientToProxyConnection - (AWAITING_INITIAL) [id: 0x1c552e73, /127.0.0.1:48629 => /127.0.1.1:41135]: Not closing server connection on middle chunk for /scripts/vendor.5b6e72cb.js
10:43:46.586 [LittleProxy-ProxyToServerWorker-5] DEBUG o.l.p.impl.ClientToProxyConnection - (AWAITING_INITIAL) [id: 0x1c552e73, /127.0.0.1:48629 => /127.0.1.1:41135]: Not closing client connection on middle chunk for /scripts/vendor.5b6e72cb.js
10:43:46.587 [LittleProxy-ProxyToServerWorker-5] DEBUG o.l.p.impl.ProxyToServerConnection - (AWAITING_CHUNK) [id: 0x04bd9cdb, /10.65.140.181:37601 => voucher-manager-ui.stage.pv.nimbus-stage.cg.sky.com/80.238.10.34:80]: Reading: DefaultHttpContent(data: SlicedByteBuf(ridx: 0, widx: 8192, cap: 8192/8192, unwrapped: UnpooledUnsafeDirectByteBuf(ridx: 8192, widx: 8192, cap: 8192)), decoderResult: success)
10:43:46.587 [LittleProxy-ProxyToServerWorker-5] DEBUG o.l.p.impl.ClientToProxyConnection - (AWAITING_INITIAL) [id: 0x1c552e73, /127.0.0.1:48629 => /127.0.1.1:41135]: Retaining reference counted message
10:43:46.587 [LittleProxy-ProxyToServerWorker-5] DEBUG o.l.p.impl.ClientToProxyConnection - (AWAITING_INITIAL) [id: 0x1c552e73, /127.0.0.1:48629 => /127.0.1.1:41135]: Writing: DefaultHttpContent(data: SlicedByteBuf(ridx: 0, widx: 8192, cap: 8192/8192, unwrapped: UnpooledUnsafeDirectByteBuf(ridx: 8192, widx: 8192, cap: 8192)), decoderResult: success)
10:43:46.587 [LittleProxy-ProxyToServerWorker-5] DEBUG o.l.p.impl.ClientToProxyConnection - (AWAITING_INITIAL) [id: 0x1c552e73, /127.0.0.1:48629 => /127.0.1.1:41135]: Wrote: DefaultHttpContent(data: SlicedByteBuf(ridx: 0, widx: 8192, cap: 8192/8192, unwrapped: UnpooledUnsafeDirectByteBuf(ridx: 8192, widx: 8192, cap: 8192)), decoderResult: success)
10:43:46.587 [LittleProxy-ProxyToServerWorker-5] DEBUG o.l.p.impl.ClientToProxyConnection - (AWAITING_INITIAL) [id: 0x1c552e73, /127.0.0.1:48629 => /127.0.1.1:41135]: Not closing server connection on middle chunk for /scripts/vendor.5b6e72cb.js
10:43:46.587 [LittleProxy-ProxyToServerWorker-5] DEBUG o.l.p.impl.ClientToProxyConnection - (AWAITING_INITIAL) [id: 0x1c552e73, /127.0.0.1:48629 => /127.0.1.1:41135]: Not closing client connection on middle chunk for /scripts/vendor.5b6e72cb.js
10:43:46.587 [LittleProxy-ProxyToServerWorker-5] DEBUG o.l.p.impl.ProxyToServerConnection - (AWAITING_CHUNK) [id: 0x04bd9cdb, /10.65.140.181:37601 => voucher-manager-ui.stage.pv.nimbus-stage.cg.sky.com/80.238.10.34:80]: Reading: DefaultHttpContent(data: SlicedByteBuf(ridx: 0, widx: 4316, cap: 4316/4316, unwrapped: UnpooledUnsafeDirectByteBuf(ridx: 4316, widx: 4316, cap: 8192)), decoderResult: success)
10:43:46.587 [LittleProxy-ProxyToServerWorker-5] DEBUG o.l.p.impl.ClientToProxyConnection - (AWAITING_INITIAL) [id: 0x1c552e73, /127.0.0.1:48629 => /127.0.1.1:41135]: Retaining reference counted message
10:43:46.587 [LittleProxy-ProxyToServerWorker-5] DEBUG o.l.p.impl.ClientToProxyConnection - (AWAITING_INITIAL) [id: 0x1c552e73, /127.0.0.1:48629 => /127.0.1.1:41135]: Writing: DefaultHttpContent(data: SlicedByteBuf(ridx: 0, widx: 4316, cap: 4316/4316, unwrapped: UnpooledUnsafeDirectByteBuf(ridx: 4316, widx: 4316, cap: 8192)), decoderResult: success)
10:43:46.587 [LittleProxy-ProxyToServerWorker-5] DEBUG o.l.p.impl.ClientToProxyConnection - (AWAITING_INITIAL) [id: 0x1c552e73, /127.0.0.1:48629 => /127.0.1.1:41135]: Wrote: DefaultHttpContent(data: SlicedByteBuf(ridx: 0, widx: 4316, cap: 4316/4316, unwrapped: UnpooledUnsafeDirectByteBuf(ridx: 4316, widx: 4316, cap: 8192)), decoderResult: success)
10:43:46.587 [LittleProxy-ProxyToServerWorker-5] DEBUG o.l.p.impl.ClientToProxyConnection - (AWAITING_INITIAL) [id: 0x1c552e73, /127.0.0.1:48629 => /127.0.1.1:41135]: Not closing server connection on middle chunk for /scripts/vendor.5b6e72cb.js
10:43:46.587 [LittleProxy-ProxyToServerWorker-5] DEBUG o.l.p.impl.ClientToProxyConnection - (AWAITING_INITIAL) [id: 0x1c552e73, /127.0.0.1:48629 => /127.0.1.1:41135]: Not closing client connection on middle chunk for /scripts/vendor.5b6e72cb.js
10:43:46.589 [LittleProxy-ProxyToServerWorker-5] DEBUG o.l.p.impl.ProxyToServerConnection - (AWAITING_CHUNK) [id: 0x04bd9cdb, /10.65.140.181:37601 => voucher-manager-ui.stage.pv.nimbus-stage.cg.sky.com/80.238.10.34:80]: Reading: DefaultHttpContent(data: SlicedByteBuf(ridx: 0, widx: 1380, cap: 1380/1380, unwrapped: UnpooledUnsafeDirectByteBuf(ridx: 1380, widx: 1380, cap: 65536)), decoderResult: success)
10:43:46.589 [LittleProxy-ProxyToServerWorker-5] DEBUG o.l.p.impl.ClientToProxyConnection - (AWAITING_INITIAL) [id: 0x1c552e73, /127.0.0.1:48629 => /127.0.1.1:41135]: Retaining reference counted message
10:43:46.590 [LittleProxy-ProxyToServerWorker-5] DEBUG o.l.p.impl.ClientToProxyConnection - (AWAITING_INITIAL) [id: 0x1c552e73, /127.0.0.1:48629 => /127.0.1.1:41135]: Writing: DefaultHttpContent(data: SlicedByteBuf(ridx: 0, widx: 1380, cap: 1380/1380, unwrapped: UnpooledUnsafeDirectByteBuf(ridx: 1380, widx: 1380, cap: 65536)), decoderResult: success)
10:43:46.590 [LittleProxy-ProxyToServerWorker-5] DEBUG o.l.p.impl.ClientToProxyConnection - (AWAITING_INITIAL) [id: 0x1c552e73, /127.0.0.1:48629 => /127.0.1.1:41135]: Wrote: DefaultHttpContent(data: SlicedByteBuf(ridx: 0, widx: 1380, cap: 1380/1380, unwrapped: UnpooledUnsafeDirectByteBuf(ridx: 1380, widx: 1380, cap: 65536)), decoderResult: success)
10:43:46.590 [LittleProxy-ProxyToServerWorker-5] DEBUG o.l.p.impl.ClientToProxyConnection - (AWAITING_INITIAL) [id: 0x1c552e73, /127.0.0.1:48629 => /127.0.1.1:41135]: Not closing server connection on middle chunk for /scripts/vendor.5b6e72cb.js
10:43:46.590 [LittleProxy-ProxyToServerWorker-5] DEBUG o.l.p.impl.ClientToProxyConnection - (AWAITING_INITIAL) [id: 0x1c552e73, /127.0.0.1:48629 => /127.0.1.1:41135]: Not closing client connection on middle chunk for /scripts/vendor.5b6e72cb.js
10:43:46.590 [LittleProxy-ProxyToServerWorker-5] DEBUG o.l.p.impl.ProxyToServerConnection - (AWAITING_CHUNK) [id: 0x04bd9cdb, /10.65.140.181:37601 => voucher-manager-ui.stage.pv.nimbus-stage.cg.sky.com/80.238.10.34:80]: Reading: DefaultHttpContent(data: SlicedByteBuf(ridx: 0, widx: 4140, cap: 4140/4140, unwrapped: UnpooledUnsafeDirectByteBuf(ridx: 4140, widx: 4140, cap: 65536)), decoderResult: success)
10:43:46.590 [LittleProxy-ProxyToServerWorker-5] DEBUG o.l.p.impl.ClientToProxyConnection - (AWAITING_INITIAL) [id: 0x1c552e73, /127.0.0.1:48629 => /127.0.1.1:41135]: Retaining reference counted message
10:43:46.590 [LittleProxy-ProxyToServerWorker-5] DEBUG o.l.p.impl.ClientToProxyConnection - (AWAITING_INITIAL) [id: 0x1c552e73, /127.0.0.1:48629 => /127.0.1.1:41135]: Writing: DefaultHttpContent(data: SlicedByteBuf(ridx: 0, widx: 4140, cap: 4140/4140, unwrapped: UnpooledUnsafeDirectByteBuf(ridx: 4140, widx: 4140, cap: 65536)), decoderResult: success)
10:43:46.590 [LittleProxy-ProxyToServerWorker-5] DEBUG o.l.p.impl.ClientToProxyConnection - (AWAITING_INITIAL) [id: 0x1c552e73, /127.0.0.1:48629 => /127.0.1.1:41135]: Wrote: DefaultHttpContent(data: SlicedByteBuf(ridx: 0, widx: 4140, cap: 4140/4140, unwrapped: UnpooledUnsafeDirectByteBuf(ridx: 4140, widx: 4140, cap: 65536)), decoderResult: success)
10:43:46.590 [LittleProxy-ProxyToServerWorker-5] DEBUG o.l.p.impl.ClientToProxyConnection - (AWAITING_INITIAL) [id: 0x1c552e73, /127.0.0.1:48629 => /127.0.1.1:41135]: Not closing server connection on middle chunk for /scripts/vendor.5b6e72cb.js
10:43:46.590 [LittleProxy-ProxyToServerWorker-5] DEBUG o.l.p.impl.ClientToProxyConnection - (AWAITING_INITIAL) [id: 0x1c552e73, /127.0.0.1:48629 => /127.0.1.1:41135]: Not closing client connection on middle chunk for /scripts/vendor.5b6e72cb.js
10:43:46.590 [LittleProxy-ProxyToServerWorker-5] DEBUG o.l.p.impl.ProxyToServerConnection - (AWAITING_CHUNK) [id: 0x04bd9cdb, /10.65.140.181:37601 => voucher-manager-ui.stage.pv.nimbus-stage.cg.sky.com/80.238.10.34:80]: Reading: DefaultHttpContent(data: SlicedByteBuf(ridx: 0, widx: 1380, cap: 1380/1380, unwrapped: UnpooledUnsafeDirectByteBuf(ridx: 1380, widx: 1380, cap: 32768)), decoderResult: success)
10:43:46.590 [LittleProxy-ProxyToServerWorker-5] DEBUG o.l.p.impl.ClientToProxyConnection - (AWAITING_INITIAL) [id: 0x1c552e73, /127.0.0.1:48629 => /127.0.1.1:41135]: Retaining reference counted message
10:43:46.590 [LittleProxy-ProxyToServerWorker-5] DEBUG o.l.p.impl.ClientToProxyConnection - (AWAITING_INITIAL) [id: 0x1c552e73, /127.0.0.1:48629 => /127.0.1.1:41135]: Writing: DefaultHttpContent(data: SlicedByteBuf(ridx: 0, widx: 1380, cap: 1380/1380, unwrapped: UnpooledUnsafeDirectByteBuf(ridx: 1380, widx: 1380, cap: 32768)), decoderResult: success)
10:43:46.590 [LittleProxy-ProxyToServerWorker-5] DEBUG o.l.p.impl.ClientToProxyConnection - (AWAITING_INITIAL) [id: 0x1c552e73, /127.0.0.1:48629 => /127.0.1.1:41135]: Wrote: DefaultHttpContent(data: SlicedByteBuf(ridx: 0, widx: 1380, cap: 1380/1380, unwrapped: UnpooledUnsafeDirectByteBuf(ridx: 1380, widx: 1380, cap: 32768)), decoderResult: success)
10:43:46.590 [LittleProxy-ProxyToServerWorker-5] DEBUG o.l.p.impl.ClientToProxyConnection - (AWAITING_INITIAL) [id: 0x1c552e73, /127.0.0.1:48629 => /127.0.1.1:41135]: Not closing server connection on middle chunk for /scripts/vendor.5b6e72cb.js
10:43:46.590 [LittleProxy-ProxyToServerWorker-5] DEBUG o.l.p.impl.ClientToProxyConnection - (AWAITING_INITIAL) [id: 0x1c552e73, /127.0.0.1:48629 => /127.0.1.1:41135]: Not closing client connection on middle chunk for /scripts/vendor.5b6e72cb.js
10:43:46.590 [LittleProxy-ProxyToServerWorker-5] DEBUG o.l.p.impl.ProxyToServerConnection - (AWAITING_CHUNK) [id: 0x04bd9cdb, /10.65.140.181:37601 => voucher-manager-ui.stage.pv.nimbus-stage.cg.sky.com/80.238.10.34:80]: Reading: DefaultHttpContent(data: SlicedByteBuf(ridx: 0, widx: 1380, cap: 1380/1380, unwrapped: UnpooledUnsafeDirectByteBuf(ridx: 1380, widx: 1380, cap: 32768)), decoderResult: success)
10:43:46.590 [LittleProxy-ProxyToServerWorker-5] DEBUG o.l.p.impl.ClientToProxyConnection - (AWAITING_INITIAL) [id: 0x1c552e73, /127.0.0.1:48629 => /127.0.1.1:41135]: Retaining reference counted message
10:43:46.590 [LittleProxy-ProxyToServerWorker-5] DEBUG o.l.p.impl.ClientToProxyConnection - (AWAITING_INITIAL) [id: 0x1c552e73, /127.0.0.1:48629 => /127.0.1.1:41135]: Writing: DefaultHttpContent(data: SlicedByteBuf(ridx: 0, widx: 1380, cap: 1380/1380, unwrapped: UnpooledUnsafeDirectByteBuf(ridx: 1380, widx: 1380, cap: 32768)), decoderResult: success)
10:43:46.591 [LittleProxy-ProxyToServerWorker-5] DEBUG o.l.p.impl.ClientToProxyConnection - (AWAITING_INITIAL) [id: 0x1c552e73, /127.0.0.1:48629 => /127.0.1.1:41135]: Wrote: DefaultHttpContent(data: SlicedByteBuf(ridx: 0, widx: 1380, cap: 1380/1380, unwrapped: UnpooledUnsafeDirectByteBuf(ridx: 1380, widx: 1380, cap: 32768)), decoderResult: success)
10:43:46.591 [LittleProxy-ProxyToServerWorker-5] DEBUG o.l.p.impl.ClientToProxyConnection - (AWAITING_INITIAL) [id: 0x1c552e73, /127.0.0.1:48629 => /127.0.1.1:41135]: Not closing server connection on middle chunk for /scripts/vendor.5b6e72cb.js
10:43:46.591 [LittleProxy-ProxyToServerWorker-5] DEBUG o.l.p.impl.ClientToProxyConnection - (AWAITING_INITIAL) [id: 0x1c552e73, /127.0.0.1:48629 => /127.0.1.1:41135]: Not closing client connection on middle chunk for /scripts/vendor.5b6e72cb.js
10:43:46.591 [LittleProxy-ProxyToServerWorker-5] DEBUG o.l.p.impl.ProxyToServerConnection - (AWAITING_CHUNK) [id: 0x04bd9cdb, /10.65.140.181:37601 => voucher-manager-ui.stage.pv.nimbus-stage.cg.sky.com/80.238.10.34:80]: Reading: DefaultHttpContent(data: SlicedByteBuf(ridx: 0, widx: 4140, cap: 4140/4140, unwrapped: UnpooledUnsafeDirectByteBuf(ridx: 4140, widx: 4140, cap: 16384)), decoderResult: success)
10:43:46.591 [LittleProxy-ProxyToServerWorker-5] DEBUG o.l.p.impl.ClientToProxyConnection - (AWAITING_INITIAL) [id: 0x1c552e73, /127.0.0.1:48629 => /127.0.1.1:41135]: Retaining reference counted message
10:43:46.591 [LittleProxy-ProxyToServerWorker-5] DEBUG o.l.p.impl.ClientToProxyConnection - (AWAITING_INITIAL) [id: 0x1c552e73, /127.0.0.1:48629 => /127.0.1.1:41135]: Writing: DefaultHttpContent(data: SlicedByteBuf(ridx: 0, widx: 4140, cap: 4140/4140, unwrapped: UnpooledUnsafeDirectByteBuf(ridx: 4140, widx: 4140, cap: 16384)), decoderResult: success)
10:43:46.591 [LittleProxy-ProxyToServerWorker-5] DEBUG o.l.p.impl.ClientToProxyConnection - (AWAITING_INITIAL) [id: 0x1c552e73, /127.0.0.1:48629 => /127.0.1.1:41135]: Wrote: DefaultHttpContent(data: SlicedByteBuf(ridx: 0, widx: 4140, cap: 4140/4140, unwrapped: UnpooledUnsafeDirectByteBuf(ridx: 4140, widx: 4140, cap: 16384)), decoderResult: success)
10:43:46.591 [LittleProxy-ProxyToServerWorker-5] DEBUG o.l.p.impl.ClientToProxyConnection - (AWAITING_INITIAL) [id: 0x1c552e73, /127.0.0.1:48629 => /127.0.1.1:41135]: Not closing server connection on middle chunk for /scripts/vendor.5b6e72cb.js
10:43:46.591 [LittleProxy-ProxyToServerWorker-5] DEBUG o.l.p.impl.ClientToProxyConnection - (AWAITING_INITIAL) [id: 0x1c552e73, /127.0.0.1:48629 => /127.0.1.1:41135]: Not closing client connection on middle chunk for /scripts/vendor.5b6e72cb.js
10:43:46.591 [LittleProxy-ProxyToServerWorker-5] DEBUG o.l.p.impl.ProxyToServerConnection - (AWAITING_CHUNK) [id: 0x04bd9cdb, /10.65.140.181:37601 => voucher-manager-ui.stage.pv.nimbus-stage.cg.sky.com/80.238.10.34:80]: Reading: DefaultHttpContent(data: SlicedByteBuf(ridx: 0, widx: 2760, cap: 2760/2760, unwrapped: UnpooledUnsafeDirectByteBuf(ridx: 2760, widx: 2760, cap: 16384)), decoderResult: success)
10:43:46.591 [LittleProxy-ProxyToServerWorker-5] DEBUG o.l.p.impl.ClientToProxyConnection - (AWAITING_INITIAL) [id: 0x1c552e73, /127.0.0.1:48629 => /127.0.1.1:41135]: Retaining reference counted message
10:43:46.591 [LittleProxy-ProxyToServerWorker-5] DEBUG o.l.p.impl.ClientToProxyConnection - (AWAITING_INITIAL) [id: 0x1c552e73, /127.0.0.1:48629 => /127.0.1.1:41135]: Writing: DefaultHttpContent(data: SlicedByteBuf(ridx: 0, widx: 2760, cap: 2760/2760, unwrapped: UnpooledUnsafeDirectByteBuf(ridx: 2760, widx: 2760, cap: 16384)), decoderResult: success)
10:43:46.591 [LittleProxy-ProxyToServerWorker-5] DEBUG o.l.p.impl.ClientToProxyConnection - (AWAITING_INITIAL) [id: 0x1c552e73, /127.0.0.1:48629 => /127.0.1.1:41135]: Wrote: DefaultHttpContent(data: SlicedByteBuf(ridx: 0, widx: 2760, cap: 2760/2760, unwrapped: UnpooledUnsafeDirectByteBuf(ridx: 2760, widx: 2760, cap: 16384)), decoderResult: success)
10:43:46.591 [LittleProxy-ProxyToServerWorker-5] DEBUG o.l.p.impl.ClientToProxyConnection - (AWAITING_INITIAL) [id: 0x1c552e73, /127.0.0.1:48629 => /127.0.1.1:41135]: Not closing server connection on middle chunk for /scripts/vendor.5b6e72cb.js
10:43:46.591 [LittleProxy-ProxyToServerWorker-5] DEBUG o.l.p.impl.ClientToProxyConnection - (AWAITING_INITIAL) [id: 0x1c552e73, /127.0.0.1:48629 => /127.0.1.1:41135]: Not closing client connection on middle chunk for /scripts/vendor.5b6e72cb.js
10:43:46.591 [LittleProxy-ProxyToServerWorker-5] DEBUG o.l.p.impl.ProxyToServerConnection - (AWAITING_CHUNK) [id: 0x04bd9cdb, /10.65.140.181:37601 => voucher-manager-ui.stage.pv.nimbus-stage.cg.sky.com/80.238.10.34:80]: Reading: DefaultHttpContent(data: SlicedByteBuf(ridx: 0, widx: 2760, cap: 2760/2760, unwrapped: UnpooledUnsafeDirectByteBuf(ridx: 2760, widx: 2760, cap: 16384)), decoderResult: success)
10:43:46.591 [LittleProxy-ProxyToServerWorker-5] DEBUG o.l.p.impl.ClientToProxyConnection - (AWAITING_INITIAL) [id: 0x1c552e73, /127.0.0.1:48629 => /127.0.1.1:41135]: Retaining reference counted message
10:43:46.591 [LittleProxy-ProxyToServerWorker-5] DEBUG o.l.p.impl.ClientToProxyConnection - (AWAITING_INITIAL) [id: 0x1c552e73, /127.0.0.1:48629 => /127.0.1.1:41135]: Writing: DefaultHttpContent(data: SlicedByteBuf(ridx: 0, widx: 2760, cap: 2760/2760, unwrapped: UnpooledUnsafeDirectByteBuf(ridx: 2760, widx: 2760, cap: 16384)), decoderResult: success)
10:43:46.591 [LittleProxy-ProxyToServerWorker-5] DEBUG o.l.p.impl.ClientToProxyConnection - (AWAITING_INITIAL) [id: 0x1c552e73, /127.0.0.1:48629 => /127.0.1.1:41135]: Wrote: DefaultHttpContent(data: SlicedByteBuf(ridx: 0, widx: 2760, cap: 2760/2760, unwrapped: UnpooledUnsafeDirectByteBuf(ridx: 2760, widx: 2760, cap: 16384)), decoderResult: success)
10:43:46.591 [LittleProxy-ProxyToServerWorker-5] DEBUG o.l.p.impl.ClientToProxyConnection - (AWAITING_INITIAL) [id: 0x1c552e73, /127.0.0.1:48629 => /127.0.1.1:41135]: Not closing server connection on middle chunk for /scripts/vendor.5b6e72cb.js
10:43:46.591 [LittleProxy-ProxyToServerWorker-5] DEBUG o.l.p.impl.ClientToProxyConnection - (AWAITING_INITIAL) [id: 0x1c552e73, /127.0.0.1:48629 => /127.0.1.1:41135]: Not closing client connection on middle chunk for /scripts/vendor.5b6e72cb.js
10:43:46.591 [LittleProxy-ProxyToServerWorker-5] DEBUG o.l.p.impl.ProxyToServerConnection - (AWAITING_CHUNK) [id: 0x04bd9cdb, /10.65.140.181:37601 => voucher-manager-ui.stage.pv.nimbus-stage.cg.sky.com/80.238.10.34:80]: Reading: DefaultHttpContent(data: SlicedByteBuf(ridx: 0, widx: 2760, cap: 2760/2760, unwrapped: UnpooledUnsafeDirectByteBuf(ridx: 2760, widx: 2760, cap: 8192)), decoderResult: success)
10:43:46.592 [LittleProxy-ProxyToServerWorker-5] DEBUG o.l.p.impl.ClientToProxyConnection - (AWAITING_INITIAL) [id: 0x1c552e73, /127.0.0.1:48629 => /127.0.1.1:41135]: Retaining reference counted message
10:43:46.592 [LittleProxy-ProxyToServerWorker-5] DEBUG o.l.p.impl.ClientToProxyConnection - (AWAITING_INITIAL) [id: 0x1c552e73, /127.0.0.1:48629 => /127.0.1.1:41135]: Writing: DefaultHttpContent(data: SlicedByteBuf(ridx: 0, widx: 2760, cap: 2760/2760, unwrapped: UnpooledUnsafeDirectByteBuf(ridx: 2760, widx: 2760, cap: 8192)), decoderResult: success)
10:43:46.592 [LittleProxy-ProxyToServerWorker-5] DEBUG o.l.p.impl.ClientToProxyConnection - (AWAITING_INITIAL) [id: 0x1c552e73, /127.0.0.1:48629 => /127.0.1.1:41135]: Wrote: DefaultHttpContent(data: SlicedByteBuf(ridx: 0, widx: 2760, cap: 2760/2760, unwrapped: UnpooledUnsafeDirectByteBuf(ridx: 2760, widx: 2760, cap: 8192)), decoderResult: success)
10:43:46.592 [LittleProxy-ProxyToServerWorker-5] DEBUG o.l.p.impl.ClientToProxyConnection - (AWAITING_INITIAL) [id: 0x1c552e73, /127.0.0.1:48629 => /127.0.1.1:41135]: Not closing server connection on middle chunk for /scripts/vendor.5b6e72cb.js
10:43:46.592 [LittleProxy-ProxyToServerWorker-5] DEBUG o.l.p.impl.ClientToProxyConnection - (AWAITING_INITIAL) [id: 0x1c552e73, /127.0.0.1:48629 => /127.0.1.1:41135]: Not closing client connection on middle chunk for /scripts/vendor.5b6e72cb.js
10:43:46.592 [LittleProxy-ProxyToServerWorker-5] DEBUG o.l.p.impl.ProxyToServerConnection - (AWAITING_CHUNK) [id: 0x04bd9cdb, /10.65.140.181:37601 => voucher-manager-ui.stage.pv.nimbus-stage.cg.sky.com/80.238.10.34:80]: Reading: DefaultHttpContent(data: SlicedByteBuf(ridx: 0, widx: 2760, cap: 2760/2760, unwrapped: UnpooledUnsafeDirectByteBuf(ridx: 2760, widx: 2760, cap: 8192)), decoderResult: success)
10:43:46.592 [LittleProxy-ProxyToServerWorker-5] DEBUG o.l.p.impl.ClientToProxyConnection - (AWAITING_INITIAL) [id: 0x1c552e73, /127.0.0.1:48629 => /127.0.1.1:41135]: Retaining reference counted message
10:43:46.592 [LittleProxy-ProxyToServerWorker-5] DEBUG o.l.p.impl.ClientToProxyConnection - (AWAITING_INITIAL) [id: 0x1c552e73, /127.0.0.1:48629 => /127.0.1.1:41135]: Writing: DefaultHttpContent(data: SlicedByteBuf(ridx: 0, widx: 2760, cap: 2760/2760, unwrapped: UnpooledUnsafeDirectByteBuf(ridx: 2760, widx: 2760, cap: 8192)), decoderResult: success)
10:43:46.592 [LittleProxy-ProxyToServerWorker-5] DEBUG o.l.p.impl.ClientToProxyConnection - (AWAITING_INITIAL) [id: 0x1c552e73, /127.0.0.1:48629 => /127.0.1.1:41135]: Wrote: DefaultHttpContent(data: SlicedByteBuf(ridx: 0, widx: 2760, cap: 2760/2760, unwrapped: UnpooledUnsafeDirectByteBuf(ridx: 2760, widx: 2760, cap: 8192)), decoderResult: success)
10:43:46.592 [LittleProxy-ProxyToServerWorker-5] DEBUG o.l.p.impl.ClientToProxyConnection - (AWAITING_INITIAL) [id: 0x1c552e73, /127.0.0.1:48629 => /127.0.1.1:41135]: Not closing server connection on middle chunk for /scripts/vendor.5b6e72cb.js
10:43:46.592 [LittleProxy-ProxyToServerWorker-5] DEBUG o.l.p.impl.ClientToProxyConnection - (AWAITING_INITIAL) [id: 0x1c552e73, /127.0.0.1:48629 => /127.0.1.1:41135]: Not closing client connection on middle chunk for /scripts/vendor.5b6e72cb.js
10:43:46.592 [LittleProxy-ProxyToServerWorker-5] DEBUG o.l.p.impl.ProxyToServerConnection - (AWAITING_CHUNK) [id: 0x04bd9cdb, /10.65.140.181:37601 => voucher-manager-ui.stage.pv.nimbus-stage.cg.sky.com/80.238.10.34:80]: Reading: DefaultHttpContent(data: SlicedByteBuf(ridx: 0, widx: 5520, cap: 5520/5520, unwrapped: UnpooledUnsafeDirectByteBuf(ridx: 5520, widx: 5520, cap: 8192)), decoderResult: success)
10:43:46.592 [LittleProxy-ProxyToServerWorker-5] DEBUG o.l.p.impl.ClientToProxyConnection - (AWAITING_INITIAL) [id: 0x1c552e73, /127.0.0.1:48629 => /127.0.1.1:41135]: Retaining reference counted message
10:43:46.592 [LittleProxy-ProxyToServerWorker-5] DEBUG o.l.p.impl.ClientToProxyConnection - (AWAITING_INITIAL) [id: 0x1c552e73, /127.0.0.1:48629 => /127.0.1.1:41135]: Writing: DefaultHttpContent(data: SlicedByteBuf(ridx: 0, widx: 5520, cap: 5520/5520, unwrapped: UnpooledUnsafeDirectByteBuf(ridx: 5520, widx: 5520, cap: 8192)), decoderResult: success)
10:43:46.592 [LittleProxy-ProxyToServerWorker-5] DEBUG o.l.p.impl.ClientToProxyConnection - (AWAITING_INITIAL) [id: 0x1c552e73, /127.0.0.1:48629 => /127.0.1.1:41135]: Wrote: DefaultHttpContent(data: SlicedByteBuf(ridx: 0, widx: 5520, cap: 5520/5520, unwrapped: UnpooledUnsafeDirectByteBuf(ridx: 5520, widx: 5520, cap: 8192)), decoderResult: success)
10:43:46.592 [LittleProxy-ProxyToServerWorker-5] DEBUG o.l.p.impl.ClientToProxyConnection - (AWAITING_INITIAL) [id: 0x1c552e73, /127.0.0.1:48629 => /127.0.1.1:41135]: Not closing server connection on middle chunk for /scripts/vendor.5b6e72cb.js
10:43:46.592 [LittleProxy-ProxyToServerWorker-5] DEBUG o.l.p.impl.ClientToProxyConnection - (AWAITING_INITIAL) [id: 0x1c552e73, /127.0.0.1:48629 => /127.0.1.1:41135]: Not closing client connection on middle chunk for /scripts/vendor.5b6e72cb.js
10:43:46.596 [LittleProxy-ProxyToServerWorker-5] DEBUG o.l.p.impl.ProxyToServerConnection - (AWAITING_CHUNK) [id: 0x04bd9cdb, /10.65.140.181:37601 => voucher-manager-ui.stage.pv.nimbus-stage.cg.sky.com/80.238.10.34:80]: Reading: DefaultHttpContent(data: SlicedByteBuf(ridx: 0, widx: 1380, cap: 1380/1380, unwrapped: UnpooledUnsafeDirectByteBuf(ridx: 1380, widx: 1380, cap: 8192)), decoderResult: success)
10:43:46.596 [LittleProxy-ProxyToServerWorker-5] DEBUG o.l.p.impl.ClientToProxyConnection - (AWAITING_INITIAL) [id: 0x1c552e73, /127.0.0.1:48629 => /127.0.1.1:41135]: Retaining reference counted message
10:43:46.596 [LittleProxy-ProxyToServerWorker-5] DEBUG o.l.p.impl.ClientToProxyConnection - (AWAITING_INITIAL) [id: 0x1c552e73, /127.0.0.1:48629 => /127.0.1.1:41135]: Writing: DefaultHttpContent(data: SlicedByteBuf(ridx: 0, widx: 1380, cap: 1380/1380, unwrapped: UnpooledUnsafeDirectByteBuf(ridx: 1380, widx: 1380, cap: 8192)), decoderResult: success)
10:43:46.596 [LittleProxy-ProxyToServerWorker-5] DEBUG o.l.p.impl.ClientToProxyConnection - (AWAITING_INITIAL) [id: 0x1c552e73, /127.0.0.1:48629 => /127.0.1.1:41135]: Wrote: DefaultHttpContent(data: SlicedByteBuf(ridx: 0, widx: 1380, cap: 1380/1380, unwrapped: UnpooledUnsafeDirectByteBuf(ridx: 1380, widx: 1380, cap: 8192)), decoderResult: success)
10:43:46.596 [LittleProxy-ProxyToServerWorker-5] DEBUG o.l.p.impl.ClientToProxyConnection - (AWAITING_INITIAL) [id: 0x1c552e73, /127.0.0.1:48629 => /127.0.1.1:41135]: Not closing server connection on middle chunk for /scripts/vendor.5b6e72cb.js
10:43:46.596 [LittleProxy-ProxyToServerWorker-5] DEBUG o.l.p.impl.ClientToProxyConnection - (AWAITING_INITIAL) [id: 0x1c552e73, /127.0.0.1:48629 => /127.0.1.1:41135]: Not closing client connection on middle chunk for /scripts/vendor.5b6e72cb.js
10:43:46.596 [LittleProxy-ProxyToServerWorker-5] DEBUG o.l.p.impl.ProxyToServerConnection - (AWAITING_CHUNK) [id: 0x04bd9cdb, /10.65.140.181:37601 => voucher-manager-ui.stage.pv.nimbus-stage.cg.sky.com/80.238.10.34:80]: Reading: DefaultHttpContent(data: SlicedByteBuf(ridx: 0, widx: 1380, cap: 1380/1380, unwrapped: UnpooledUnsafeDirectByteBuf(ridx: 1380, widx: 1380, cap: 8192)), decoderResult: success)
10:43:46.596 [LittleProxy-ProxyToServerWorker-5] DEBUG o.l.p.impl.ClientToProxyConnection - (AWAITING_INITIAL) [id: 0x1c552e73, /127.0.0.1:48629 => /127.0.1.1:41135]: Retaining reference counted message
10:43:46.596 [LittleProxy-ProxyToServerWorker-5] DEBUG o.l.p.impl.ClientToProxyConnection - (AWAITING_INITIAL) [id: 0x1c552e73, /127.0.0.1:48629 => /127.0.1.1:41135]: Writing: DefaultHttpContent(data: SlicedByteBuf(ridx: 0, widx: 1380, cap: 1380/1380, unwrapped: UnpooledUnsafeDirectByteBuf(ridx: 1380, widx: 1380, cap: 8192)), decoderResult: success)
10:43:46.596 [LittleProxy-ProxyToServerWorker-5] DEBUG o.l.p.impl.ClientToProxyConnection - (AWAITING_INITIAL) [id: 0x1c552e73, /127.0.0.1:48629 => /127.0.1.1:41135]: Wrote: DefaultHttpContent(data: SlicedByteBuf(ridx: 0, widx: 1380, cap: 1380/1380, unwrapped: UnpooledUnsafeDirectByteBuf(ridx: 1380, widx: 1380, cap: 8192)), decoderResult: success)
10:43:46.596 [LittleProxy-ProxyToServerWorker-5] DEBUG o.l.p.impl.ClientToProxyConnection - (AWAITING_INITIAL) [id: 0x1c552e73, /127.0.0.1:48629 => /127.0.1.1:41135]: Not closing server connection on middle chunk for /scripts/vendor.5b6e72cb.js
10:43:46.596 [LittleProxy-ProxyToServerWorker-5] DEBUG o.l.p.impl.ClientToProxyConnection - (AWAITING_INITIAL) [id: 0x1c552e73, /127.0.0.1:48629 => /127.0.1.1:41135]: Not closing client connection on middle chunk for /scripts/vendor.5b6e72cb.js
10:43:46.597 [LittleProxy-ProxyToServerWorker-5] DEBUG o.l.p.impl.ProxyToServerConnection - (AWAITING_CHUNK) [id: 0x04bd9cdb, /10.65.140.181:37601 => voucher-manager-ui.stage.pv.nimbus-stage.cg.sky.com/80.238.10.34:80]: Reading: DefaultHttpContent(data: SlicedByteBuf(ridx: 0, widx: 2760, cap: 2760/2760, unwrapped: UnpooledUnsafeDirectByteBuf(ridx: 2760, widx: 2760, cap: 4096)), decoderResult: success)
10:43:46.597 [LittleProxy-ProxyToServerWorker-5] DEBUG o.l.p.impl.ClientToProxyConnection - (AWAITING_INITIAL) [id: 0x1c552e73, /127.0.0.1:48629 => /127.0.1.1:41135]: Retaining reference counted message
10:43:46.597 [LittleProxy-ProxyToServerWorker-5] DEBUG o.l.p.impl.ClientToProxyConnection - (AWAITING_INITIAL) [id: 0x1c552e73, /127.0.0.1:48629 => /127.0.1.1:41135]: Writing: DefaultHttpContent(data: SlicedByteBuf(ridx: 0, widx: 2760, cap: 2760/2760, unwrapped: UnpooledUnsafeDirectByteBuf(ridx: 2760, widx: 2760, cap: 4096)), decoderResult: success)
10:43:46.597 [LittleProxy-ProxyToServerWorker-5] DEBUG o.l.p.impl.ClientToProxyConnection - (AWAITING_INITIAL) [id: 0x1c552e73, /127.0.0.1:48629 => /127.0.1.1:41135]: Wrote: DefaultHttpContent(data: SlicedByteBuf(ridx: 0, widx: 2760, cap: 2760/2760, unwrapped: UnpooledUnsafeDirectByteBuf(ridx: 2760, widx: 2760, cap: 4096)), decoderResult: success)
10:43:46.597 [LittleProxy-ProxyToServerWorker-5] DEBUG o.l.p.impl.ClientToProxyConnection - (AWAITING_INITIAL) [id: 0x1c552e73, /127.0.0.1:48629 => /127.0.1.1:41135]: Not closing server connection on middle chunk for /scripts/vendor.5b6e72cb.js
10:43:46.597 [LittleProxy-ProxyToServerWorker-5] DEBUG o.l.p.impl.ClientToProxyConnection - (AWAITING_INITIAL) [id: 0x1c552e73, /127.0.0.1:48629 => /127.0.1.1:41135]: Not closing client connection on middle chunk for /scripts/vendor.5b6e72cb.js
10:43:46.597 [LittleProxy-ProxyToServerWorker-5] DEBUG o.l.p.impl.ProxyToServerConnection - (AWAITING_CHUNK) [id: 0x04bd9cdb, /10.65.140.181:37601 => voucher-manager-ui.stage.pv.nimbus-stage.cg.sky.com/80.238.10.34:80]: Reading: DefaultHttpContent(data: SlicedByteBuf(ridx: 0, widx: 1380, cap: 1380/1380, unwrapped: UnpooledUnsafeDirectByteBuf(ridx: 1380, widx: 1380, cap: 4096)), decoderResult: success)
10:43:46.597 [LittleProxy-ProxyToServerWorker-5] DEBUG o.l.p.impl.ClientToProxyConnection - (AWAITING_INITIAL) [id: 0x1c552e73, /127.0.0.1:48629 => /127.0.1.1:41135]: Retaining reference counted message
10:43:46.597 [LittleProxy-ProxyToServerWorker-5] DEBUG o.l.p.impl.ClientToProxyConnection - (AWAITING_INITIAL) [id: 0x1c552e73, /127.0.0.1:48629 => /127.0.1.1:41135]: Writing: DefaultHttpContent(data: SlicedByteBuf(ridx: 0, widx: 1380, cap: 1380/1380, unwrapped: UnpooledUnsafeDirectByteBuf(ridx: 1380, widx: 1380, cap: 4096)), decoderResult: success)
10:43:46.597 [LittleProxy-ProxyToServerWorker-5] DEBUG o.l.p.impl.ClientToProxyConnection - (AWAITING_INITIAL) [id: 0x1c552e73, /127.0.0.1:48629 => /127.0.1.1:41135]: Wrote: DefaultHttpContent(data: SlicedByteBuf(ridx: 0, widx: 1380, cap: 1380/1380, unwrapped: UnpooledUnsafeDirectByteBuf(ridx: 1380, widx: 1380, cap: 4096)), decoderResult: success)
10:43:46.597 [LittleProxy-ProxyToServerWorker-5] DEBUG o.l.p.impl.ClientToProxyConnection - (AWAITING_INITIAL) [id: 0x1c552e73, /127.0.0.1:48629 => /127.0.1.1:41135]: Not closing server connection on middle chunk for /scripts/vendor.5b6e72cb.js
10:43:46.597 [LittleProxy-ProxyToServerWorker-5] DEBUG o.l.p.impl.ClientToProxyConnection - (AWAITING_INITIAL) [id: 0x1c552e73, /127.0.0.1:48629 => /127.0.1.1:41135]: Not closing client connection on middle chunk for /scripts/vendor.5b6e72cb.js
10:43:46.597 [LittleProxy-ProxyToServerWorker-5] DEBUG o.l.p.impl.ProxyToServerConnection - (AWAITING_CHUNK) [id: 0x04bd9cdb, /10.65.140.181:37601 => voucher-manager-ui.stage.pv.nimbus-stage.cg.sky.com/80.238.10.34:80]: Reading: DefaultHttpContent(data: SlicedByteBuf(ridx: 0, widx: 1380, cap: 1380/1380, unwrapped: UnpooledUnsafeDirectByteBuf(ridx: 1380, widx: 1380, cap: 4096)), decoderResult: success)
10:43:46.597 [LittleProxy-ProxyToServerWorker-5] DEBUG o.l.p.impl.ClientToProxyConnection - (AWAITING_INITIAL) [id: 0x1c552e73, /127.0.0.1:48629 => /127.0.1.1:41135]: Retaining reference counted message
10:43:46.597 [LittleProxy-ProxyToServerWorker-5] DEBUG o.l.p.impl.ClientToProxyConnection - (AWAITING_INITIAL) [id: 0x1c552e73, /127.0.0.1:48629 => /127.0.1.1:41135]: Writing: DefaultHttpContent(data: SlicedByteBuf(ridx: 0, widx: 1380, cap: 1380/1380, unwrapped: UnpooledUnsafeDirectByteBuf(ridx: 1380, widx: 1380, cap: 4096)), decoderResult: success)
10:43:46.597 [LittleProxy-ProxyToServerWorker-5] DEBUG o.l.p.impl.ClientToProxyConnection - (AWAITING_INITIAL) [id: 0x1c552e73, /127.0.0.1:48629 => /127.0.1.1:41135]: Wrote: DefaultHttpContent(data: SlicedByteBuf(ridx: 0, widx: 1380, cap: 1380/1380, unwrapped: UnpooledUnsafeDirectByteBuf(ridx: 1380, widx: 1380, cap: 4096)), decoderResult: success)
10:43:46.597 [LittleProxy-ProxyToServerWorker-5] DEBUG o.l.p.impl.ClientToProxyConnection - (AWAITING_INITIAL) [id: 0x1c552e73, /127.0.0.1:48629 => /127.0.1.1:41135]: Not closing server connection on middle chunk for /scripts/vendor.5b6e72cb.js
10:43:46.597 [LittleProxy-ProxyToServerWorker-5] DEBUG o.l.p.impl.ClientToProxyConnection - (AWAITING_INITIAL) [id: 0x1c552e73, /127.0.0.1:48629 => /127.0.1.1:41135]: Not closing client connection on middle chunk for /scripts/vendor.5b6e72cb.js
10:43:46.598 [LittleProxy-ProxyToServerWorker-5] DEBUG o.l.p.impl.ProxyToServerConnection - (AWAITING_CHUNK) [id: 0x04bd9cdb, /10.65.140.181:37601 => voucher-manager-ui.stage.pv.nimbus-stage.cg.sky.com/80.238.10.34:80]: Reading: DefaultHttpContent(data: SlicedByteBuf(ridx: 0, widx: 2760, cap: 2760/2760, unwrapped: UnpooledUnsafeDirectByteBuf(ridx: 2760, widx: 2760, cap: 4096)), decoderResult: success)
10:43:46.598 [LittleProxy-ProxyToServerWorker-5] DEBUG o.l.p.impl.ClientToProxyConnection - (AWAITING_INITIAL) [id: 0x1c552e73, /127.0.0.1:48629 => /127.0.1.1:41135]: Retaining reference counted message
10:43:46.598 [LittleProxy-ProxyToServerWorker-5] DEBUG o.l.p.impl.ClientToProxyConnection - (AWAITING_INITIAL) [id: 0x1c552e73, /127.0.0.1:48629 => /127.0.1.1:41135]: Writing: DefaultHttpContent(data: SlicedByteBuf(ridx: 0, widx: 2760, cap: 2760/2760, unwrapped: UnpooledUnsafeDirectByteBuf(ridx: 2760, widx: 2760, cap: 4096)), decoderResult: success)
10:43:46.598 [LittleProxy-ProxyToServerWorker-5] DEBUG o.l.p.impl.ClientToProxyConnection - (AWAITING_INITIAL) [id: 0x1c552e73, /127.0.0.1:48629 => /127.0.1.1:41135]: Wrote: DefaultHttpContent(data: SlicedByteBuf(ridx: 0, widx: 2760, cap: 2760/2760, unwrapped: UnpooledUnsafeDirectByteBuf(ridx: 2760, widx: 2760, cap: 4096)), decoderResult: success)
10:43:46.598 [LittleProxy-ProxyToServerWorker-5] DEBUG o.l.p.impl.ClientToProxyConnection - (AWAITING_INITIAL) [id: 0x1c552e73, /127.0.0.1:48629 => /127.0.1.1:41135]: Not closing server connection on middle chunk for /scripts/vendor.5b6e72cb.js
10:43:46.598 [LittleProxy-ProxyToServerWorker-5] DEBUG o.l.p.impl.ClientToProxyConnection - (AWAITING_INITIAL) [id: 0x1c552e73, /127.0.0.1:48629 => /127.0.1.1:41135]: Not closing client connection on middle chunk for /scripts/vendor.5b6e72cb.js
10:43:46.598 [LittleProxy-ProxyToServerWorker-5] DEBUG o.l.p.impl.ProxyToServerConnection - (AWAITING_CHUNK) [id: 0x04bd9cdb, /10.65.140.181:37601 => voucher-manager-ui.stage.pv.nimbus-stage.cg.sky.com/80.238.10.34:80]: Reading: DefaultHttpContent(data: SlicedByteBuf(ridx: 0, widx: 2760, cap: 2760/2760, unwrapped: UnpooledUnsafeDirectByteBuf(ridx: 2760, widx: 2760, cap: 4096)), decoderResult: success)
10:43:46.598 [LittleProxy-ProxyToServerWorker-5] DEBUG o.l.p.impl.ClientToProxyConnection - (AWAITING_INITIAL) [id: 0x1c552e73, /127.0.0.1:48629 => /127.0.1.1:41135]: Retaining reference counted message
10:43:46.598 [LittleProxy-ProxyToServerWorker-5] DEBUG o.l.p.impl.ClientToProxyConnection - (AWAITING_INITIAL) [id: 0x1c552e73, /127.0.0.1:48629 => /127.0.1.1:41135]: Writing: DefaultHttpContent(data: SlicedByteBuf(ridx: 0, widx: 2760, cap: 2760/2760, unwrapped: UnpooledUnsafeDirectByteBuf(ridx: 2760, widx: 2760, cap: 4096)), decoderResult: success)
10:43:46.598 [LittleProxy-ProxyToServerWorker-5] DEBUG o.l.p.impl.ClientToProxyConnection - (AWAITING_INITIAL) [id: 0x1c552e73, /127.0.0.1:48629 => /127.0.1.1:41135]: Wrote: DefaultHttpContent(data: SlicedByteBuf(ridx: 0, widx: 2760, cap: 2760/2760, unwrapped: UnpooledUnsafeDirectByteBuf(ridx: 2760, widx: 2760, cap: 4096)), decoderResult: success)
10:43:46.598 [LittleProxy-ProxyToServerWorker-5] DEBUG o.l.p.impl.ClientToProxyConnection - (AWAITING_INITIAL) [id: 0x1c552e73, /127.0.0.1:48629 => /127.0.1.1:41135]: Not closing server connection on middle chunk for /scripts/vendor.5b6e72cb.js
10:43:46.598 [LittleProxy-ProxyToServerWorker-5] DEBUG o.l.p.impl.ClientToProxyConnection - (AWAITING_INITIAL) [id: 0x1c552e73, /127.0.0.1:48629 => /127.0.1.1:41135]: Not closing client connection on middle chunk for /scripts/vendor.5b6e72cb.js
10:43:46.598 [LittleProxy-ProxyToServerWorker-5] DEBUG o.l.p.impl.ProxyToServerConnection - (AWAITING_CHUNK) [id: 0x04bd9cdb, /10.65.140.181:37601 => voucher-manager-ui.stage.pv.nimbus-stage.cg.sky.com/80.238.10.34:80]: Reading: DefaultHttpContent(data: SlicedByteBuf(ridx: 0, widx: 2760, cap: 2760/2760, unwrapped: UnpooledUnsafeDirectByteBuf(ridx: 2760, widx: 2760, cap: 4096)), decoderResult: success)
10:43:46.598 [LittleProxy-ProxyToServerWorker-5] DEBUG o.l.p.impl.ClientToProxyConnection - (AWAITING_INITIAL) [id: 0x1c552e73, /127.0.0.1:48629 => /127.0.1.1:41135]: Retaining reference counted message
10:43:46.598 [LittleProxy-ProxyToServerWorker-5] DEBUG o.l.p.impl.ClientToProxyConnection - (AWAITING_INITIAL) [id: 0x1c552e73, /127.0.0.1:48629 => /127.0.1.1:41135]: Writing: DefaultHttpContent(data: SlicedByteBuf(ridx: 0, widx: 2760, cap: 2760/2760, unwrapped: UnpooledUnsafeDirectByteBuf(ridx: 2760, widx: 2760, cap: 4096)), decoderResult: success)
10:43:46.598 [LittleProxy-ProxyToServerWorker-5] DEBUG o.l.p.impl.ClientToProxyConnection - (AWAITING_INITIAL) [id: 0x1c552e73, /127.0.0.1:48629 => /127.0.1.1:41135]: Wrote: DefaultHttpContent(data: SlicedByteBuf(ridx: 0, widx: 2760, cap: 2760/2760, unwrapped: UnpooledUnsafeDirectByteBuf(ridx: 2760, widx: 2760, cap: 4096)), decoderResult: success)
10:43:46.598 [LittleProxy-ProxyToServerWorker-5] DEBUG o.l.p.impl.ClientToProxyConnection - (AWAITING_INITIAL) [id: 0x1c552e73, /127.0.0.1:48629 => /127.0.1.1:41135]: Not closing server connection on middle chunk for /scripts/vendor.5b6e72cb.js
10:43:46.598 [LittleProxy-ProxyToServerWorker-5] DEBUG o.l.p.impl.ClientToProxyConnection - (AWAITING_INITIAL) [id: 0x1c552e73, /127.0.0.1:48629 => /127.0.1.1:41135]: Not closing client connection on middle chunk for /scripts/vendor.5b6e72cb.js
10:43:46.599 [LittleProxy-ProxyToServerWorker-5] DEBUG o.l.p.impl.ProxyToServerConnection - (AWAITING_CHUNK) [id: 0x04bd9cdb, /10.65.140.181:37601 => voucher-manager-ui.stage.pv.nimbus-stage.cg.sky.com/80.238.10.34:80]: Reading: DefaultHttpContent(data: SlicedByteBuf(ridx: 0, widx: 2739, cap: 2739/2739, unwrapped: UnpooledUnsafeDirectByteBuf(ridx: 2760, widx: 2760, cap: 4096)), decoderResult: success)
10:43:46.599 [LittleProxy-ProxyToServerWorker-5] DEBUG o.l.p.impl.ClientToProxyConnection - (AWAITING_INITIAL) [id: 0x1c552e73, /127.0.0.1:48629 => /127.0.1.1:41135]: Retaining reference counted message
10:43:46.599 [LittleProxy-ProxyToServerWorker-5] DEBUG o.l.p.impl.ClientToProxyConnection - (AWAITING_INITIAL) [id: 0x1c552e73, /127.0.0.1:48629 => /127.0.1.1:41135]: Writing: DefaultHttpContent(data: SlicedByteBuf(ridx: 0, widx: 2739, cap: 2739/2739, unwrapped: UnpooledUnsafeDirectByteBuf(ridx: 2760, widx: 2760, cap: 4096)), decoderResult: success)
10:43:46.599 [LittleProxy-ProxyToServerWorker-5] DEBUG o.l.p.impl.ClientToProxyConnection - (AWAITING_INITIAL) [id: 0x1c552e73, /127.0.0.1:48629 => /127.0.1.1:41135]: Wrote: DefaultHttpContent(data: SlicedByteBuf(ridx: 0, widx: 2739, cap: 2739/2739, unwrapped: UnpooledUnsafeDirectByteBuf(ridx: 2760, widx: 2760, cap: 4096)), decoderResult: success)
10:43:46.599 [LittleProxy-ProxyToServerWorker-5] DEBUG o.l.p.impl.ClientToProxyConnection - (AWAITING_INITIAL) [id: 0x1c552e73, /127.0.0.1:48629 => /127.0.1.1:41135]: Not closing server connection on middle chunk for /scripts/vendor.5b6e72cb.js
10:43:46.599 [LittleProxy-ProxyToServerWorker-5] DEBUG o.l.p.impl.ClientToProxyConnection - (AWAITING_INITIAL) [id: 0x1c552e73, /127.0.0.1:48629 => /127.0.1.1:41135]: Not closing client connection on middle chunk for /scripts/vendor.5b6e72cb.js
10:43:46.599 [LittleProxy-ProxyToServerWorker-5] DEBUG o.l.p.impl.ProxyToServerConnection - (AWAITING_CHUNK) [id: 0x04bd9cdb, /10.65.140.181:37601 => voucher-manager-ui.stage.pv.nimbus-stage.cg.sky.com/80.238.10.34:80]: Reading: DefaultHttpContent(data: SlicedByteBuf(ridx: 0, widx: 13, cap: 13/13, unwrapped: UnpooledUnsafeDirectByteBuf(ridx: 2760, widx: 2760, cap: 4096)), decoderResult: success)
10:43:46.599 [LittleProxy-ProxyToServerWorker-5] DEBUG o.l.p.impl.ClientToProxyConnection - (AWAITING_INITIAL) [id: 0x1c552e73, /127.0.0.1:48629 => /127.0.1.1:41135]: Retaining reference counted message
10:43:46.599 [LittleProxy-ProxyToServerWorker-5] DEBUG o.l.p.impl.ClientToProxyConnection - (AWAITING_INITIAL) [id: 0x1c552e73, /127.0.0.1:48629 => /127.0.1.1:41135]: Writing: DefaultHttpContent(data: SlicedByteBuf(ridx: 0, widx: 13, cap: 13/13, unwrapped: UnpooledUnsafeDirectByteBuf(ridx: 2760, widx: 2760, cap: 4096)), decoderResult: success)
10:43:46.599 [LittleProxy-ProxyToServerWorker-5] DEBUG o.l.p.impl.ClientToProxyConnection - (AWAITING_INITIAL) [id: 0x1c552e73, /127.0.0.1:48629 => /127.0.1.1:41135]: Wrote: DefaultHttpContent(data: SlicedByteBuf(ridx: 0, widx: 13, cap: 13/13, unwrapped: UnpooledUnsafeDirectByteBuf(ridx: 2760, widx: 2760, cap: 4096)), decoderResult: success)
10:43:46.599 [LittleProxy-ProxyToServerWorker-5] DEBUG o.l.p.impl.ClientToProxyConnection - (AWAITING_INITIAL) [id: 0x1c552e73, /127.0.0.1:48629 => /127.0.1.1:41135]: Not closing server connection on middle chunk for /scripts/vendor.5b6e72cb.js
10:43:46.599 [LittleProxy-ProxyToServerWorker-5] DEBUG o.l.p.impl.ClientToProxyConnection - (AWAITING_INITIAL) [id: 0x1c552e73, /127.0.0.1:48629 => /127.0.1.1:41135]: Not closing client connection on middle chunk for /scripts/vendor.5b6e72cb.js
10:43:46.599 [LittleProxy-ProxyToServerWorker-5] DEBUG o.l.p.impl.ProxyToServerConnection - (AWAITING_CHUNK) [id: 0x04bd9cdb, /10.65.140.181:37601 => voucher-manager-ui.stage.pv.nimbus-stage.cg.sky.com/80.238.10.34:80]: Reading: DefaultHttpContent(data: SlicedByteBuf(ridx: 0, widx: 4096, cap: 4096/4096, unwrapped: UnpooledUnsafeDirectByteBuf(ridx: 4096, widx: 4096, cap: 4096)), decoderResult: success)
10:43:46.599 [LittleProxy-ProxyToServerWorker-5] DEBUG o.l.p.impl.ClientToProxyConnection - (AWAITING_INITIAL) [id: 0x1c552e73, /127.0.0.1:48629 => /127.0.1.1:41135]: Retaining reference counted message
10:43:46.599 [LittleProxy-ProxyToServerWorker-5] DEBUG o.l.p.impl.ClientToProxyConnection - (AWAITING_INITIAL) [id: 0x1c552e73, /127.0.0.1:48629 => /127.0.1.1:41135]: Writing: DefaultHttpContent(data: SlicedByteBuf(ridx: 0, widx: 4096, cap: 4096/4096, unwrapped: UnpooledUnsafeDirectByteBuf(ridx: 4096, widx: 4096, cap: 4096)), decoderResult: success)
10:43:46.599 [LittleProxy-ProxyToServerWorker-5] DEBUG o.l.p.impl.ClientToProxyConnection - (AWAITING_INITIAL) [id: 0x1c552e73, /127.0.0.1:48629 => /127.0.1.1:41135]: Wrote: DefaultHttpContent(data: SlicedByteBuf(ridx: 0, widx: 4096, cap: 4096/4096, unwrapped: UnpooledUnsafeDirectByteBuf(ridx: 4096, widx: 4096, cap: 4096)), decoderResult: success)
10:43:46.599 [LittleProxy-ProxyToServerWorker-5] DEBUG o.l.p.impl.ClientToProxyConnection - (AWAITING_INITIAL) [id: 0x1c552e73, /127.0.0.1:48629 => /127.0.1.1:41135]: Not closing server connection on middle chunk for /scripts/vendor.5b6e72cb.js
10:43:46.599 [LittleProxy-ProxyToServerWorker-5] DEBUG o.l.p.impl.ClientToProxyConnection - (AWAITING_INITIAL) [id: 0x1c552e73, /127.0.0.1:48629 => /127.0.1.1:41135]: Not closing client connection on middle chunk for /scripts/vendor.5b6e72cb.js
10:43:46.599 [LittleProxy-ProxyToServerWorker-5] DEBUG o.l.p.impl.ProxyToServerConnection - (AWAITING_CHUNK) [id: 0x04bd9cdb, /10.65.140.181:37601 => voucher-manager-ui.stage.pv.nimbus-stage.cg.sky.com/80.238.10.34:80]: Reading: DefaultHttpContent(data: SlicedByteBuf(ridx: 0, widx: 4096, cap: 4096/4096, unwrapped: UnpooledUnsafeDirectByteBuf(ridx: 4096, widx: 4096, cap: 4096)), decoderResult: success)
10:43:46.599 [LittleProxy-ProxyToServerWorker-5] DEBUG o.l.p.impl.ClientToProxyConnection - (AWAITING_INITIAL) [id: 0x1c552e73, /127.0.0.1:48629 => /127.0.1.1:41135]: Retaining reference counted message
10:43:46.599 [LittleProxy-ProxyToServerWorker-5] DEBUG o.l.p.impl.ClientToProxyConnection - (AWAITING_INITIAL) [id: 0x1c552e73, /127.0.0.1:48629 => /127.0.1.1:41135]: Writing: DefaultHttpContent(data: SlicedByteBuf(ridx: 0, widx: 4096, cap: 4096/4096, unwrapped: UnpooledUnsafeDirectByteBuf(ridx: 4096, widx: 4096, cap: 4096)), decoderResult: success)
10:43:46.599 [LittleProxy-ProxyToServerWorker-5] DEBUG o.l.p.impl.ClientToProxyConnection - (AWAITING_INITIAL) [id: 0x1c552e73, /127.0.0.1:48629 => /127.0.1.1:41135]: Wrote: DefaultHttpContent(data: SlicedByteBuf(ridx: 0, widx: 4096, cap: 4096/4096, unwrapped: UnpooledUnsafeDirectByteBuf(ridx: 4096, widx: 4096, cap: 4096)), decoderResult: success)
10:43:46.599 [LittleProxy-ProxyToServerWorker-5] DEBUG o.l.p.impl.ClientToProxyConnection - (AWAITING_INITIAL) [id: 0x1c552e73, /127.0.0.1:48629 => /127.0.1.1:41135]: Not closing server connection on middle chunk for /scripts/vendor.5b6e72cb.js
10:43:46.599 [LittleProxy-ProxyToServerWorker-5] DEBUG o.l.p.impl.ClientToProxyConnection - (AWAITING_INITIAL) [id: 0x1c552e73, /127.0.0.1:48629 => /127.0.1.1:41135]: Not closing client connection on middle chunk for /scripts/vendor.5b6e72cb.js
10:43:46.600 [LittleProxy-ProxyToServerWorker-5] DEBUG o.l.p.impl.ProxyToServerConnection - (AWAITING_CHUNK) [id: 0x04bd9cdb, /10.65.140.181:37601 => voucher-manager-ui.stage.pv.nimbus-stage.cg.sky.com/80.238.10.34:80]: Reading: DefaultHttpContent(data: SlicedByteBuf(ridx: 0, widx: 88, cap: 88/88, unwrapped: UnpooledUnsafeDirectByteBuf(ridx: 88, widx: 88, cap: 4096)), decoderResult: success)
10:43:46.600 [LittleProxy-ProxyToServerWorker-5] DEBUG o.l.p.impl.ClientToProxyConnection - (AWAITING_INITIAL) [id: 0x1c552e73, /127.0.0.1:48629 => /127.0.1.1:41135]: Retaining reference counted message
10:43:46.600 [LittleProxy-ProxyToServerWorker-5] DEBUG o.l.p.impl.ClientToProxyConnection - (AWAITING_INITIAL) [id: 0x1c552e73, /127.0.0.1:48629 => /127.0.1.1:41135]: Writing: DefaultHttpContent(data: SlicedByteBuf(ridx: 0, widx: 88, cap: 88/88, unwrapped: UnpooledUnsafeDirectByteBuf(ridx: 88, widx: 88, cap: 4096)), decoderResult: success)
10:43:46.600 [LittleProxy-ProxyToServerWorker-5] DEBUG o.l.p.impl.ClientToProxyConnection - (AWAITING_INITIAL) [id: 0x1c552e73, /127.0.0.1:48629 => /127.0.1.1:41135]: Wrote: DefaultHttpContent(data: SlicedByteBuf(ridx: 0, widx: 88, cap: 88/88, unwrapped: UnpooledUnsafeDirectByteBuf(ridx: 88, widx: 88, cap: 4096)), decoderResult: success)
10:43:46.600 [LittleProxy-ProxyToServerWorker-5] DEBUG o.l.p.impl.ClientToProxyConnection - (AWAITING_INITIAL) [id: 0x1c552e73, /127.0.0.1:48629 => /127.0.1.1:41135]: Not closing server connection on middle chunk for /scripts/vendor.5b6e72cb.js
10:43:46.600 [LittleProxy-ProxyToServerWorker-5] DEBUG o.l.p.impl.ClientToProxyConnection - (AWAITING_INITIAL) [id: 0x1c552e73, /127.0.0.1:48629 => /127.0.1.1:41135]: Not closing client connection on middle chunk for /scripts/vendor.5b6e72cb.js
10:43:46.602 [LittleProxy-ProxyToServerWorker-5] DEBUG o.l.p.impl.ProxyToServerConnection - (AWAITING_CHUNK) [id: 0x04bd9cdb, /10.65.140.181:37601 => voucher-manager-ui.stage.pv.nimbus-stage.cg.sky.com/80.238.10.34:80]: Reading: DefaultHttpContent(data: SlicedByteBuf(ridx: 0, widx: 2760, cap: 2760/2760, unwrapped: UnpooledUnsafeDirectByteBuf(ridx: 2760, widx: 2760, cap: 65536)), decoderResult: success)
10:43:46.603 [LittleProxy-ProxyToServerWorker-5] DEBUG o.l.p.impl.ClientToProxyConnection - (AWAITING_INITIAL) [id: 0x1c552e73, /127.0.0.1:48629 => /127.0.1.1:41135]: Retaining reference counted message
10:43:46.603 [LittleProxy-ProxyToServerWorker-5] DEBUG o.l.p.impl.ClientToProxyConnection - (AWAITING_INITIAL) [id: 0x1c552e73, /127.0.0.1:48629 => /127.0.1.1:41135]: Writing: DefaultHttpContent(data: SlicedByteBuf(ridx: 0, widx: 2760, cap: 2760/2760, unwrapped: UnpooledUnsafeDirectByteBuf(ridx: 2760, widx: 2760, cap: 65536)), decoderResult: success)
10:43:46.603 [LittleProxy-ProxyToServerWorker-5] DEBUG o.l.p.impl.ClientToProxyConnection - (AWAITING_INITIAL) [id: 0x1c552e73, /127.0.0.1:48629 => /127.0.1.1:41135]: Wrote: DefaultHttpContent(data: SlicedByteBuf(ridx: 0, widx: 2760, cap: 2760/2760, unwrapped: UnpooledUnsafeDirectByteBuf(ridx: 2760, widx: 2760, cap: 65536)), decoderResult: success)
10:43:46.603 [LittleProxy-ProxyToServerWorker-5] DEBUG o.l.p.impl.ClientToProxyConnection - (AWAITING_INITIAL) [id: 0x1c552e73, /127.0.0.1:48629 => /127.0.1.1:41135]: Not closing server connection on middle chunk for /scripts/vendor.5b6e72cb.js
10:43:46.603 [LittleProxy-ProxyToServerWorker-5] DEBUG o.l.p.impl.ClientToProxyConnection - (AWAITING_INITIAL) [id: 0x1c552e73, /127.0.0.1:48629 => /127.0.1.1:41135]: Not closing client connection on middle chunk for /scripts/vendor.5b6e72cb.js
10:43:46.603 [LittleProxy-ProxyToServerWorker-5] DEBUG o.l.p.impl.ProxyToServerConnection - (AWAITING_CHUNK) [id: 0x04bd9cdb, /10.65.140.181:37601 => voucher-manager-ui.stage.pv.nimbus-stage.cg.sky.com/80.238.10.34:80]: Reading: DefaultHttpContent(data: SlicedByteBuf(ridx: 0, widx: 2760, cap: 2760/2760, unwrapped: UnpooledUnsafeDirectByteBuf(ridx: 2760, widx: 2760, cap: 65536)), decoderResult: success)
10:43:46.603 [LittleProxy-ProxyToServerWorker-5] DEBUG o.l.p.impl.ClientToProxyConnection - (AWAITING_INITIAL) [id: 0x1c552e73, /127.0.0.1:48629 => /127.0.1.1:41135]: Retaining reference counted message
10:43:46.603 [LittleProxy-ProxyToServerWorker-5] DEBUG o.l.p.impl.ClientToProxyConnection - (AWAITING_INITIAL) [id: 0x1c552e73, /127.0.0.1:48629 => /127.0.1.1:41135]: Writing: DefaultHttpContent(data: SlicedByteBuf(ridx: 0, widx: 2760, cap: 2760/2760, unwrapped: UnpooledUnsafeDirectByteBuf(ridx: 2760, widx: 2760, cap: 65536)), decoderResult: success)
10:43:46.603 [LittleProxy-ProxyToServerWorker-5] DEBUG o.l.p.impl.ClientToProxyConnection - (AWAITING_INITIAL) [id: 0x1c552e73, /127.0.0.1:48629 => /127.0.1.1:41135]: Wrote: DefaultHttpContent(data: SlicedByteBuf(ridx: 0, widx: 2760, cap: 2760/2760, unwrapped: UnpooledUnsafeDirectByteBuf(ridx: 2760, widx: 2760, cap: 65536)), decoderResult: success)
10:43:46.603 [LittleProxy-ProxyToServerWorker-5] DEBUG o.l.p.impl.ClientToProxyConnection - (AWAITING_INITIAL) [id: 0x1c552e73, /127.0.0.1:48629 => /127.0.1.1:41135]: Not closing server connection on middle chunk for /scripts/vendor.5b6e72cb.js
10:43:46.603 [LittleProxy-ProxyToServerWorker-5] DEBUG o.l.p.impl.ClientToProxyConnection - (AWAITING_INITIAL) [id: 0x1c552e73, /127.0.0.1:48629 => /127.0.1.1:41135]: Not closing client connection on middle chunk for /scripts/vendor.5b6e72cb.js
10:43:46.603 [LittleProxy-ProxyToServerWorker-5] DEBUG o.l.p.impl.ProxyToServerConnection - (AWAITING_CHUNK) [id: 0x04bd9cdb, /10.65.140.181:37601 => voucher-manager-ui.stage.pv.nimbus-stage.cg.sky.com/80.238.10.34:80]: Reading: DefaultHttpContent(data: SlicedByteBuf(ridx: 0, widx: 2760, cap: 2760/2760, unwrapped: UnpooledUnsafeDirectByteBuf(ridx: 2760, widx: 2760, cap: 32768)), decoderResult: success)
10:43:46.603 [LittleProxy-ProxyToServerWorker-5] DEBUG o.l.p.impl.ClientToProxyConnection - (AWAITING_INITIAL) [id: 0x1c552e73, /127.0.0.1:48629 => /127.0.1.1:41135]: Retaining reference counted message
10:43:46.603 [LittleProxy-ProxyToServerWorker-5] DEBUG o.l.p.impl.ClientToProxyConnection - (AWAITING_INITIAL) [id: 0x1c552e73, /127.0.0.1:48629 => /127.0.1.1:41135]: Writing: DefaultHttpContent(data: SlicedByteBuf(ridx: 0, widx: 2760, cap: 2760/2760, unwrapped: UnpooledUnsafeDirectByteBuf(ridx: 2760, widx: 2760, cap: 32768)), decoderResult: success)
10:43:46.603 [LittleProxy-ProxyToServerWorker-5] DEBUG o.l.p.impl.ClientToProxyConnection - (AWAITING_INITIAL) [id: 0x1c552e73, /127.0.0.1:48629 => /127.0.1.1:41135]: Wrote: DefaultHttpContent(data: SlicedByteBuf(ridx: 0, widx: 2760, cap: 2760/2760, unwrapped: UnpooledUnsafeDirectByteBuf(ridx: 2760, widx: 2760, cap: 32768)), decoderResult: success)
10:43:46.603 [LittleProxy-ProxyToServerWorker-5] DEBUG o.l.p.impl.ClientToProxyConnection - (AWAITING_INITIAL) [id: 0x1c552e73, /127.0.0.1:48629 => /127.0.1.1:41135]: Not closing server connection on middle chunk for /scripts/vendor.5b6e72cb.js
10:43:46.603 [LittleProxy-ProxyToServerWorker-5] DEBUG o.l.p.impl.ClientToProxyConnection - (AWAITING_INITIAL) [id: 0x1c552e73, /127.0.0.1:48629 => /127.0.1.1:41135]: Not closing client connection on middle chunk for /scripts/vendor.5b6e72cb.js
10:43:46.604 [LittleProxy-ProxyToServerWorker-5] DEBUG o.l.p.impl.ProxyToServerConnection - (AWAITING_CHUNK) [id: 0x04bd9cdb, /10.65.140.181:37601 => voucher-manager-ui.stage.pv.nimbus-stage.cg.sky.com/80.238.10.34:80]: Reading: DefaultHttpContent(data: SlicedByteBuf(ridx: 0, widx: 2760, cap: 2760/2760, unwrapped: UnpooledUnsafeDirectByteBuf(ridx: 2760, widx: 2760, cap: 32768)), decoderResult: success)
10:43:46.604 [LittleProxy-ProxyToServerWorker-5] DEBUG o.l.p.impl.ClientToProxyConnection - (AWAITING_INITIAL) [id: 0x1c552e73, /127.0.0.1:48629 => /127.0.1.1:41135]: Retaining reference counted message
10:43:46.604 [LittleProxy-ProxyToServerWorker-5] DEBUG o.l.p.impl.ClientToProxyConnection - (AWAITING_INITIAL) [id: 0x1c552e73, /127.0.0.1:48629 => /127.0.1.1:41135]: Writing: DefaultHttpContent(data: SlicedByteBuf(ridx: 0, widx: 2760, cap: 2760/2760, unwrapped: UnpooledUnsafeDirectByteBuf(ridx: 2760, widx: 2760, cap: 32768)), decoderResult: success)
10:43:46.604 [LittleProxy-ProxyToServerWorker-5] DEBUG o.l.p.impl.ClientToProxyConnection - (AWAITING_INITIAL) [id: 0x1c552e73, /127.0.0.1:48629 => /127.0.1.1:41135]: Wrote: DefaultHttpContent(data: SlicedByteBuf(ridx: 0, widx: 2760, cap: 2760/2760, unwrapped: UnpooledUnsafeDirectByteBuf(ridx: 2760, widx: 2760, cap: 32768)), decoderResult: success)
10:43:46.604 [LittleProxy-ProxyToServerWorker-5] DEBUG o.l.p.impl.ClientToProxyConnection - (AWAITING_INITIAL) [id: 0x1c552e73, /127.0.0.1:48629 => /127.0.1.1:41135]: Not closing server connection on middle chunk for /scripts/vendor.5b6e72cb.js
10:43:46.604 [LittleProxy-ProxyToServerWorker-5] DEBUG o.l.p.impl.ClientToProxyConnection - (AWAITING_INITIAL) [id: 0x1c552e73, /127.0.0.1:48629 => /127.0.1.1:41135]: Not closing client connection on middle chunk for /scripts/vendor.5b6e72cb.js
10:43:46.604 [LittleProxy-ProxyToServerWorker-5] DEBUG o.l.p.impl.ProxyToServerConnection - (AWAITING_CHUNK) [id: 0x04bd9cdb, /10.65.140.181:37601 => voucher-manager-ui.stage.pv.nimbus-stage.cg.sky.com/80.238.10.34:80]: Reading: DefaultHttpContent(data: SlicedByteBuf(ridx: 0, widx: 2760, cap: 2760/2760, unwrapped: UnpooledUnsafeDirectByteBuf(ridx: 2760, widx: 2760, cap: 16384)), decoderResult: success)
10:43:46.605 [LittleProxy-ProxyToServerWorker-5] DEBUG o.l.p.impl.ClientToProxyConnection - (AWAITING_INITIAL) [id: 0x1c552e73, /127.0.0.1:48629 => /127.0.1.1:41135]: Retaining reference counted message
10:43:46.605 [LittleProxy-ProxyToServerWorker-5] DEBUG o.l.p.impl.ClientToProxyConnection - (AWAITING_INITIAL) [id: 0x1c552e73, /127.0.0.1:48629 => /127.0.1.1:41135]: Writing: DefaultHttpContent(data: SlicedByteBuf(ridx: 0, widx: 2760, cap: 2760/2760, unwrapped: UnpooledUnsafeDirectByteBuf(ridx: 2760, widx: 2760, cap: 16384)), decoderResult: success)
10:43:46.605 [LittleProxy-ProxyToServerWorker-5] DEBUG o.l.p.impl.ClientToProxyConnection - (AWAITING_INITIAL) [id: 0x1c552e73, /127.0.0.1:48629 => /127.0.1.1:41135]: Wrote: DefaultHttpContent(data: SlicedByteBuf(ridx: 0, widx: 2760, cap: 2760/2760, unwrapped: UnpooledUnsafeDirectByteBuf(ridx: 2760, widx: 2760, cap: 16384)), decoderResult: success)
10:43:46.605 [LittleProxy-ProxyToServerWorker-5] DEBUG o.l.p.impl.ClientToProxyConnection - (AWAITING_INITIAL) [id: 0x1c552e73, /127.0.0.1:48629 => /127.0.1.1:41135]: Not closing server connection on middle chunk for /scripts/vendor.5b6e72cb.js
10:43:46.605 [LittleProxy-ProxyToServerWorker-5] DEBUG o.l.p.impl.ClientToProxyConnection - (AWAITING_INITIAL) [id: 0x1c552e73, /127.0.0.1:48629 => /127.0.1.1:41135]: Not closing client connection on middle chunk for /scripts/vendor.5b6e72cb.js
10:43:46.605 [LittleProxy-ProxyToServerWorker-5] DEBUG o.l.p.impl.ProxyToServerConnection - (AWAITING_CHUNK) [id: 0x04bd9cdb, /10.65.140.181:37601 => voucher-manager-ui.stage.pv.nimbus-stage.cg.sky.com/80.238.10.34:80]: Reading: DefaultHttpContent(data: SlicedByteBuf(ridx: 0, widx: 2483, cap: 2483/2483, unwrapped: UnpooledUnsafeDirectByteBuf(ridx: 5520, widx: 5520, cap: 16384)), decoderResult: success)
10:43:46.605 [LittleProxy-ProxyToServerWorker-5] DEBUG o.l.p.impl.ClientToProxyConnection - (AWAITING_INITIAL) [id: 0x1c552e73, /127.0.0.1:48629 => /127.0.1.1:41135]: Retaining reference counted message
10:43:46.605 [LittleProxy-ProxyToServerWorker-5] DEBUG o.l.p.impl.ClientToProxyConnection - (AWAITING_INITIAL) [id: 0x1c552e73, /127.0.0.1:48629 => /127.0.1.1:41135]: Writing: DefaultHttpContent(data: SlicedByteBuf(ridx: 0, widx: 2483, cap: 2483/2483, unwrapped: UnpooledUnsafeDirectByteBuf(ridx: 5520, widx: 5520, cap: 16384)), decoderResult: success)
10:43:46.605 [LittleProxy-ProxyToServerWorker-5] DEBUG o.l.p.impl.ClientToProxyConnection - (AWAITING_INITIAL) [id: 0x1c552e73, /127.0.0.1:48629 => /127.0.1.1:41135]: Wrote: DefaultHttpContent(data: SlicedByteBuf(ridx: 0, widx: 2483, cap: 2483/2483, unwrapped: UnpooledUnsafeDirectByteBuf(ridx: 5520, widx: 5520, cap: 16384)), decoderResult: success)
10:43:46.605 [LittleProxy-ProxyToServerWorker-5] DEBUG o.l.p.impl.ClientToProxyConnection - (AWAITING_INITIAL) [id: 0x1c552e73, /127.0.0.1:48629 => /127.0.1.1:41135]: Not closing server connection on middle chunk for /scripts/vendor.5b6e72cb.js
10:43:46.605 [LittleProxy-ProxyToServerWorker-5] DEBUG o.l.p.impl.ClientToProxyConnection - (AWAITING_INITIAL) [id: 0x1c552e73, /127.0.0.1:48629 => /127.0.1.1:41135]: Not closing client connection on middle chunk for /scripts/vendor.5b6e72cb.js
10:43:46.605 [LittleProxy-ProxyToServerWorker-5] DEBUG o.l.p.impl.ProxyToServerConnection - (AWAITING_CHUNK) [id: 0x04bd9cdb, /10.65.140.181:37601 => voucher-manager-ui.stage.pv.nimbus-stage.cg.sky.com/80.238.10.34:80]: Reading: DefaultHttpContent(data: SlicedByteBuf(ridx: 0, widx: 3029, cap: 3029/3029, unwrapped: UnpooledUnsafeDirectByteBuf(ridx: 5520, widx: 5520, cap: 16384)), decoderResult: success)
10:43:46.605 [LittleProxy-ProxyToServerWorker-5] DEBUG o.l.p.impl.ClientToProxyConnection - (AWAITING_INITIAL) [id: 0x1c552e73, /127.0.0.1:48629 => /127.0.1.1:41135]: Retaining reference counted message
10:43:46.606 [LittleProxy-ProxyToServerWorker-5] DEBUG o.l.p.impl.ClientToProxyConnection - (AWAITING_INITIAL) [id: 0x1c552e73, /127.0.0.1:48629 => /127.0.1.1:41135]: Writing: DefaultHttpContent(data: SlicedByteBuf(ridx: 0, widx: 3029, cap: 3029/3029, unwrapped: UnpooledUnsafeDirectByteBuf(ridx: 5520, widx: 5520, cap: 16384)), decoderResult: success)
10:43:46.607 [LittleProxy-ProxyToServerWorker-5] DEBUG o.l.p.impl.ClientToProxyConnection - (AWAITING_INITIAL) [id: 0x1c552e73, /127.0.0.1:48629 => /127.0.1.1:41135]: Wrote: DefaultHttpContent(data: SlicedByteBuf(ridx: 0, widx: 3029, cap: 3029/3029, unwrapped: UnpooledUnsafeDirectByteBuf(ridx: 5520, widx: 5520, cap: 16384)), decoderResult: success)
10:43:46.607 [LittleProxy-ProxyToServerWorker-5] DEBUG o.l.p.impl.ClientToProxyConnection - (AWAITING_INITIAL) [id: 0x1c552e73, /127.0.0.1:48629 => /127.0.1.1:41135]: Not closing server connection on middle chunk for /scripts/vendor.5b6e72cb.js
10:43:46.607 [LittleProxy-ProxyToServerWorker-5] DEBUG o.l.p.impl.ClientToProxyConnection - (AWAITING_INITIAL) [id: 0x1c552e73, /127.0.0.1:48629 => /127.0.1.1:41135]: Not closing client connection on middle chunk for /scripts/vendor.5b6e72cb.js
10:43:46.607 [LittleProxy-ProxyToServerWorker-5] DEBUG o.l.p.impl.ProxyToServerConnection - (AWAITING_CHUNK) [id: 0x04bd9cdb, /10.65.140.181:37601 => voucher-manager-ui.stage.pv.nimbus-stage.cg.sky.com/80.238.10.34:80]: Reading: DefaultHttpContent(data: SlicedByteBuf(ridx: 0, widx: 5163, cap: 5163/5163, unwrapped: UnpooledUnsafeDirectByteBuf(ridx: 7006, widx: 7006, cap: 16384)), decoderResult: success)
10:43:46.607 [LittleProxy-ProxyToServerWorker-5] DEBUG o.l.p.impl.ClientToProxyConnection - (AWAITING_INITIAL) [id: 0x1c552e73, /127.0.0.1:48629 => /127.0.1.1:41135]: Retaining reference counted message
10:43:46.607 [LittleProxy-ProxyToServerWorker-5] DEBUG o.l.p.impl.ClientToProxyConnection - (AWAITING_INITIAL) [id: 0x1c552e73, /127.0.0.1:48629 => /127.0.1.1:41135]: Writing: DefaultHttpContent(data: SlicedByteBuf(ridx: 0, widx: 5163, cap: 5163/5163, unwrapped: UnpooledUnsafeDirectByteBuf(ridx: 7006, widx: 7006, cap: 16384)), decoderResult: success)
10:43:46.607 [LittleProxy-ProxyToServerWorker-5] DEBUG o.l.p.impl.ClientToProxyConnection - (AWAITING_INITIAL) [id: 0x1c552e73, /127.0.0.1:48629 => /127.0.1.1:41135]: Wrote: DefaultHttpContent(data: SlicedByteBuf(ridx: 0, widx: 5163, cap: 5163/5163, unwrapped: UnpooledUnsafeDirectByteBuf(ridx: 7006, widx: 7006, cap: 16384)), decoderResult: success)
10:43:46.607 [LittleProxy-ProxyToServerWorker-5] DEBUG o.l.p.impl.ClientToProxyConnection - (AWAITING_INITIAL) [id: 0x1c552e73, /127.0.0.1:48629 => /127.0.1.1:41135]: Not closing server connection on middle chunk for /scripts/vendor.5b6e72cb.js
10:43:46.607 [LittleProxy-ProxyToServerWorker-5] DEBUG o.l.p.impl.ClientToProxyConnection - (AWAITING_INITIAL) [id: 0x1c552e73, /127.0.0.1:48629 => /127.0.1.1:41135]: Not closing client connection on middle chunk for /scripts/vendor.5b6e72cb.js
10:43:46.607 [LittleProxy-ProxyToServerWorker-5] DEBUG o.l.p.impl.ProxyToServerConnection - (AWAITING_CHUNK) [id: 0x04bd9cdb, /10.65.140.181:37601 => voucher-manager-ui.stage.pv.nimbus-stage.cg.sky.com/80.238.10.34:80]: Reading: DefaultHttpContent(data: SlicedByteBuf(ridx: 0, widx: 1829, cap: 1829/1829, unwrapped: UnpooledUnsafeDirectByteBuf(ridx: 7006, widx: 7006, cap: 16384)), decoderResult: success)
10:43:46.607 [LittleProxy-ProxyToServerWorker-5] DEBUG o.l.p.impl.ClientToProxyConnection - (AWAITING_INITIAL) [id: 0x1c552e73, /127.0.0.1:48629 => /127.0.1.1:41135]: Retaining reference counted message
10:43:46.607 [LittleProxy-ProxyToServerWorker-5] DEBUG o.l.p.impl.ClientToProxyConnection - (AWAITING_INITIAL) [id: 0x1c552e73, /127.0.0.1:48629 => /127.0.1.1:41135]: Writing: DefaultHttpContent(data: SlicedByteBuf(ridx: 0, widx: 1829, cap: 1829/1829, unwrapped: UnpooledUnsafeDirectByteBuf(ridx: 7006, widx: 7006, cap: 16384)), decoderResult: success)
10:43:46.607 [LittleProxy-ProxyToServerWorker-5] DEBUG o.l.p.impl.ClientToProxyConnection - (AWAITING_INITIAL) [id: 0x1c552e73, /127.0.0.1:48629 => /127.0.1.1:41135]: Wrote: DefaultHttpContent(data: SlicedByteBuf(ridx: 0, widx: 1829, cap: 1829/1829, unwrapped: UnpooledUnsafeDirectByteBuf(ridx: 7006, widx: 7006, cap: 16384)), decoderResult: success)
10:43:46.607 [LittleProxy-ProxyToServerWorker-5] DEBUG o.l.p.impl.ClientToProxyConnection - (AWAITING_INITIAL) [id: 0x1c552e73, /127.0.0.1:48629 => /127.0.1.1:41135]: Not closing server connection on middle chunk for /scripts/vendor.5b6e72cb.js
10:43:46.607 [LittleProxy-ProxyToServerWorker-5] DEBUG o.l.p.impl.ClientToProxyConnection - (AWAITING_INITIAL) [id: 0x1c552e73, /127.0.0.1:48629 => /127.0.1.1:41135]: Not closing client connection on middle chunk for /scripts/vendor.5b6e72cb.js
10:43:46.607 [LittleProxy-ProxyToServerWorker-5] DEBUG o.l.p.impl.ProxyToServerConnection - (AWAITING_CHUNK) [id: 0x04bd9cdb, /10.65.140.181:37601 => voucher-manager-ui.stage.pv.nimbus-stage.cg.sky.com/80.238.10.34:80]: Reading: EmptyLastHttpContent
10:43:46.607 [LittleProxy-ProxyToServerWorker-5] DEBUG o.l.p.impl.ClientToProxyConnection - (AWAITING_INITIAL) [id: 0x1c552e73, /127.0.0.1:48629 => /127.0.1.1:41135]: Retaining reference counted message
10:43:46.607 [LittleProxy-ProxyToServerWorker-5] DEBUG o.l.p.impl.ClientToProxyConnection - (AWAITING_INITIAL) [id: 0x1c552e73, /127.0.0.1:48629 => /127.0.1.1:41135]: Writing: EmptyLastHttpContent
10:43:46.607 [LittleProxy-ProxyToServerWorker-5] DEBUG o.l.p.impl.ClientToProxyConnection - (AWAITING_INITIAL) [id: 0x1c552e73, /127.0.0.1:48629 => /127.0.1.1:41135]: Writing an empty buffer to signal the end of our chunked transfer
10:43:46.607 [LittleProxy-ProxyToServerWorker-5] DEBUG o.l.p.impl.ClientToProxyConnection - (AWAITING_INITIAL) [id: 0x1c552e73, /127.0.0.1:48629 => /127.0.1.1:41135]: Wrote: EmptyLastHttpContent
10:43:46.607 [LittleProxy-ProxyToServerWorker-5] DEBUG o.l.p.impl.ClientToProxyConnection - (AWAITING_INITIAL) [id: 0x1c552e73, /127.0.0.1:48629 => /127.0.1.1:41135]: Retaining reference counted message
10:43:46.607 [LittleProxy-ProxyToServerWorker-5] DEBUG o.l.p.impl.ClientToProxyConnection - (AWAITING_INITIAL) [id: 0x1c552e73, /127.0.0.1:48629 => /127.0.1.1:41135]: Writing: EmptyByteBufBE
10:43:46.608 [LittleProxy-ProxyToServerWorker-5] DEBUG o.l.p.impl.ClientToProxyConnection - (AWAITING_INITIAL) [id: 0x1c552e73, /127.0.0.1:48629 => /127.0.1.1:41135]: Wrote: EmptyByteBufBE
10:43:46.608 [LittleProxy-ProxyToServerWorker-5] DEBUG o.l.p.impl.ClientToProxyConnection - (AWAITING_INITIAL) [id: 0x1c552e73, /127.0.0.1:48629 => /127.0.1.1:41135]: Handling last chunk. Using normal server connection closing rules.
10:43:46.608 [LittleProxy-ProxyToServerWorker-5] DEBUG o.l.p.impl.ClientToProxyConnection - (AWAITING_INITIAL) [id: 0x1c552e73, /127.0.0.1:48629 => /127.0.1.1:41135]: Not closing server connection for response: DefaultHttpResponse(decodeResult: success, version: HTTP/1.1)
HTTP/1.1 200 OK
X-FORWARDED-PROTO: http
Server: nginx
Date: Wed, 29 Jul 2015 09:43:46 GMT
Content-Type: application/javascript
Transfer-Encoding: chunked
Connection: keep-alive
Keep-Alive: timeout=10
Vary: Accept-Encoding
X-Powered-By: Express
X-Frame-Options: DENY
Cache-Control: public, max-age=0
Last-Modified: Fri, 24 Jul 2015 14:37:56 GMT
Content-Encoding: gzip
10:43:46.608 [LittleProxy-ProxyToServerWorker-5] DEBUG o.l.p.impl.ClientToProxyConnection - (AWAITING_INITIAL) [id: 0x1c552e73, /127.0.0.1:48629 => /127.0.1.1:41135]: Handling last chunk. Using normal client connection closing rules.
10:43:46.608 [LittleProxy-ProxyToServerWorker-5] DEBUG o.l.p.impl.ClientToProxyConnection - (AWAITING_INITIAL) [id: 0x1c552e73, /127.0.0.1:48629 => /127.0.1.1:41135]: Not closing client connection for request: HttpObjectAggregator$AggregatedFullHttpRequest(decodeResult: success, version: HTTP/1.1, content: CompositeByteBuf(ridx: 0, widx: 0, cap: 0, components=0))
GET /scripts/vendor.5b6e72cb.js HTTP/1.1
Host: voucher-manager-ui.stage.pv.nimbus-stage.cg.sky.com
Accept: */*
User-Agent: Mozilla/5.0 (X11; Linux x86_64) AppleWebKit/537.36 (KHTML, like Gecko) Chrome/43.0.2357.134 Safari/537.36
Referer: http://voucher-manager-ui.stage.pv.nimbus-stage.cg.sky.com/
Accept-Language: en-GB,en-US;q=0.8,en;q=0.6
Content-Length: 0
Accept-Encoding: gzip, deflate, 
Via: 1.1 localhost.localdomain
10:43:46.792 [LittleProxy-ClientToProxyWorker-3] DEBUG o.l.p.impl.ClientToProxyConnection - (AWAITING_INITIAL) [id: 0x1c552e73, /127.0.0.1:48629 => /127.0.1.1:41135]: Reading: HttpObjectAggregator$AggregatedFullHttpRequest(decodeResult: success, version: HTTP/1.1, content: CompositeByteBuf(ridx: 0, widx: 0, cap: 0, components=0))
GET http://voucher-manager-ui.stage.pv.nimbus-stage.cg.sky.com/views/server-connection.html HTTP/1.1
Host: voucher-manager-ui.stage.pv.nimbus-stage.cg.sky.com
Proxy-Connection: keep-alive
Accept: application/json, text/plain, */*
User-Agent: Mozilla/5.0 (X11; Linux x86_64) AppleWebKit/537.36 (KHTML, like Gecko) Chrome/43.0.2357.134 Safari/537.36
Referer: http://voucher-manager-ui.stage.pv.nimbus-stage.cg.sky.com/
Accept-Encoding: gzip, deflate, sdch
Accept-Language: en-GB,en-US;q=0.8,en;q=0.6
Content-Length: 0
10:43:46.792 [LittleProxy-ClientToProxyWorker-3] DEBUG o.l.p.impl.ClientToProxyConnection - (AWAITING_INITIAL) [id: 0x1c552e73, /127.0.0.1:48629 => /127.0.1.1:41135]: Got request: HttpObjectAggregator$AggregatedFullHttpRequest(decodeResult: success, version: HTTP/1.1, content: CompositeByteBuf(ridx: 0, widx: 0, cap: 0, components=0))
GET http://voucher-manager-ui.stage.pv.nimbus-stage.cg.sky.com/views/server-connection.html HTTP/1.1
Host: voucher-manager-ui.stage.pv.nimbus-stage.cg.sky.com
Proxy-Connection: keep-alive
Accept: application/json, text/plain, */*
User-Agent: Mozilla/5.0 (X11; Linux x86_64) AppleWebKit/537.36 (KHTML, like Gecko) Chrome/43.0.2357.134 Safari/537.36
Referer: http://voucher-manager-ui.stage.pv.nimbus-stage.cg.sky.com/
Accept-Encoding: gzip, deflate, sdch
Accept-Language: en-GB,en-US;q=0.8,en;q=0.6
Content-Length: 0
10:43:46.792 [LittleProxy-ClientToProxyWorker-3] DEBUG o.l.p.impl.ClientToProxyConnection - (AWAITING_INITIAL) [id: 0x1c552e73, /127.0.0.1:48629 => /127.0.1.1:41135]: Ensuring that hostAndPort are available in http://voucher-manager-ui.stage.pv.nimbus-stage.cg.sky.com/views/server-connection.html
10:43:46.792 [LittleProxy-ClientToProxyWorker-3] DEBUG o.l.p.impl.ClientToProxyConnection - (AWAITING_INITIAL) [id: 0x1c552e73, /127.0.0.1:48629 => /127.0.1.1:41135]: Finding ProxyToServerConnection for: voucher-manager-ui.stage.pv.nimbus-stage.cg.sky.com
10:43:46.792 [LittleProxy-ClientToProxyWorker-3] DEBUG o.l.p.impl.ClientToProxyConnection - (AWAITING_INITIAL) [id: 0x1c552e73, /127.0.0.1:48629 => /127.0.1.1:41135]: Reusing existing server connection: org.littleshoot.proxy.impl.ProxyToServerConnection@31ca9162
10:43:46.792 [LittleProxy-ClientToProxyWorker-3] DEBUG o.l.p.impl.ClientToProxyConnection - (AWAITING_INITIAL) [id: 0x1c552e73, /127.0.0.1:48629 => /127.0.1.1:41135]: Modifying request headers for proxying
10:43:46.792 [LittleProxy-ClientToProxyWorker-3] DEBUG o.l.p.impl.ClientToProxyConnection - (AWAITING_INITIAL) [id: 0x1c552e73, /127.0.0.1:48629 => /127.0.1.1:41135]: Modifying request for proxy chaining
10:43:46.793 [LittleProxy-ClientToProxyWorker-3] DEBUG o.l.p.impl.ClientToProxyConnection - (AWAITING_INITIAL) [id: 0x1c552e73, /127.0.0.1:48629 => /127.0.1.1:41135]: Stripped host from uri: http://voucher-manager-ui.stage.pv.nimbus-stage.cg.sky.com/views/server-connection.html    yielding: /views/server-connection.html
10:43:46.793 [LittleProxy-ClientToProxyWorker-3] DEBUG o.l.p.impl.ClientToProxyConnection - (AWAITING_INITIAL) [id: 0x1c552e73, /127.0.0.1:48629 => /127.0.1.1:41135]: Removed sdch and inserted: gzip, deflate, 
10:43:46.793 [LittleProxy-ClientToProxyWorker-3] DEBUG o.l.p.impl.ClientToProxyConnection - (AWAITING_INITIAL) [id: 0x1c552e73, /127.0.0.1:48629 => /127.0.1.1:41135]: Writing request to ProxyToServerConnection
10:43:46.793 [LittleProxy-ClientToProxyWorker-3] DEBUG o.l.p.impl.ProxyToServerConnection - (AWAITING_INITIAL) [id: 0x04bd9cdb, /10.65.140.181:37601 => voucher-manager-ui.stage.pv.nimbus-stage.cg.sky.com/80.238.10.34:80]: Requested write of HttpObjectAggregator$AggregatedFullHttpRequest(decodeResult: success, version: HTTP/1.1, content: CompositeByteBuf(ridx: 0, widx: 0, cap: 0, components=0))
GET /views/server-connection.html HTTP/1.1
Host: voucher-manager-ui.stage.pv.nimbus-stage.cg.sky.com
Accept: application/json, text/plain, */*
User-Agent: Mozilla/5.0 (X11; Linux x86_64) AppleWebKit/537.36 (KHTML, like Gecko) Chrome/43.0.2357.134 Safari/537.36
Referer: http://voucher-manager-ui.stage.pv.nimbus-stage.cg.sky.com/
Accept-Language: en-GB,en-US;q=0.8,en;q=0.6
Content-Length: 0
Accept-Encoding: gzip, deflate, 
Via: 1.1 localhost.localdomain
10:43:46.793 [LittleProxy-ClientToProxyWorker-3] DEBUG o.l.p.impl.ProxyToServerConnection - (AWAITING_INITIAL) [id: 0x04bd9cdb, /10.65.140.181:37601 => voucher-manager-ui.stage.pv.nimbus-stage.cg.sky.com/80.238.10.34:80]: Retaining reference counted message
10:43:46.793 [LittleProxy-ClientToProxyWorker-3] DEBUG o.l.p.impl.ProxyToServerConnection - (AWAITING_INITIAL) [id: 0x04bd9cdb, /10.65.140.181:37601 => voucher-manager-ui.stage.pv.nimbus-stage.cg.sky.com/80.238.10.34:80]: Using existing connection to: voucher-manager-ui.stage.pv.nimbus-stage.cg.sky.com/80.238.10.34:80
10:43:46.793 [LittleProxy-ClientToProxyWorker-3] DEBUG o.l.p.impl.ProxyToServerConnection - (AWAITING_INITIAL) [id: 0x04bd9cdb, /10.65.140.181:37601 => voucher-manager-ui.stage.pv.nimbus-stage.cg.sky.com/80.238.10.34:80]: Writing: HttpObjectAggregator$AggregatedFullHttpRequest(decodeResult: success, version: HTTP/1.1, content: CompositeByteBuf(ridx: 0, widx: 0, cap: 0, components=0))
GET /views/server-connection.html HTTP/1.1
Host: voucher-manager-ui.stage.pv.nimbus-stage.cg.sky.com
Accept: application/json, text/plain, */*
User-Agent: Mozilla/5.0 (X11; Linux x86_64) AppleWebKit/537.36 (KHTML, like Gecko) Chrome/43.0.2357.134 Safari/537.36
Referer: http://voucher-manager-ui.stage.pv.nimbus-stage.cg.sky.com/
Accept-Language: en-GB,en-US;q=0.8,en;q=0.6
Content-Length: 0
Accept-Encoding: gzip, deflate, 
Via: 1.1 localhost.localdomain
10:43:46.793 [LittleProxy-ClientToProxyWorker-3] DEBUG o.l.p.impl.ProxyToServerConnection - (AWAITING_INITIAL) [id: 0x04bd9cdb, /10.65.140.181:37601 => voucher-manager-ui.stage.pv.nimbus-stage.cg.sky.com/80.238.10.34:80]: Writing an empty buffer to signal the end of our chunked transfer
10:43:46.793 [LittleProxy-ClientToProxyWorker-3] DEBUG o.l.p.impl.ProxyToServerConnection - (AWAITING_INITIAL) [id: 0x04bd9cdb, /10.65.140.181:37601 => voucher-manager-ui.stage.pv.nimbus-stage.cg.sky.com/80.238.10.34:80]: Wrote: HttpObjectAggregator$AggregatedFullHttpRequest(decodeResult: success, version: HTTP/1.1, content: CompositeByteBuf(ridx: 0, widx: 0, cap: 0, components=0))
GET /views/server-connection.html HTTP/1.1
Host: voucher-manager-ui.stage.pv.nimbus-stage.cg.sky.com
Accept: application/json, text/plain, */*
User-Agent: Mozilla/5.0 (X11; Linux x86_64) AppleWebKit/537.36 (KHTML, like Gecko) Chrome/43.0.2357.134 Safari/537.36
Referer: http://voucher-manager-ui.stage.pv.nimbus-stage.cg.sky.com/
Accept-Language: en-GB,en-US;q=0.8,en;q=0.6
Content-Length: 0
Accept-Encoding: gzip, deflate, 
Via: 1.1 localhost.localdomain
10:43:46.794 [LittleProxy-ClientToProxyWorker-4] DEBUG o.l.p.impl.ClientToProxyConnection - (AWAITING_INITIAL) [id: 0xd40ea92d, /127.0.0.1:48630 => /127.0.1.1:41135]: Reading: HttpObjectAggregator$AggregatedFullHttpRequest(decodeResult: success, version: HTTP/1.1, content: CompositeByteBuf(ridx: 0, widx: 0, cap: 0, components=0))
GET http://voucher-manager-ui.stage.pv.nimbus-stage.cg.sky.com/views/listCampaigns.html HTTP/1.1
Host: voucher-manager-ui.stage.pv.nimbus-stage.cg.sky.com
Proxy-Connection: keep-alive
Accept: application/json, text/plain, */*
User-Agent: Mozilla/5.0 (X11; Linux x86_64) AppleWebKit/537.36 (KHTML, like Gecko) Chrome/43.0.2357.134 Safari/537.36
Referer: http://voucher-manager-ui.stage.pv.nimbus-stage.cg.sky.com/
Accept-Encoding: gzip, deflate, sdch
Accept-Language: en-GB,en-US;q=0.8,en;q=0.6
Content-Length: 0
10:43:46.794 [LittleProxy-ClientToProxyWorker-4] DEBUG o.l.p.impl.ClientToProxyConnection - (AWAITING_INITIAL) [id: 0xd40ea92d, /127.0.0.1:48630 => /127.0.1.1:41135]: Got request: HttpObjectAggregator$AggregatedFullHttpRequest(decodeResult: success, version: HTTP/1.1, content: CompositeByteBuf(ridx: 0, widx: 0, cap: 0, components=0))
GET http://voucher-manager-ui.stage.pv.nimbus-stage.cg.sky.com/views/listCampaigns.html HTTP/1.1
Host: voucher-manager-ui.stage.pv.nimbus-stage.cg.sky.com
Proxy-Connection: keep-alive
Accept: application/json, text/plain, */*
User-Agent: Mozilla/5.0 (X11; Linux x86_64) AppleWebKit/537.36 (KHTML, like Gecko) Chrome/43.0.2357.134 Safari/537.36
Referer: http://voucher-manager-ui.stage.pv.nimbus-stage.cg.sky.com/
Accept-Encoding: gzip, deflate, sdch
Accept-Language: en-GB,en-US;q=0.8,en;q=0.6
Content-Length: 0
10:43:46.794 [LittleProxy-ClientToProxyWorker-4] DEBUG o.l.p.impl.ClientToProxyConnection - (AWAITING_INITIAL) [id: 0xd40ea92d, /127.0.0.1:48630 => /127.0.1.1:41135]: Ensuring that hostAndPort are available in http://voucher-manager-ui.stage.pv.nimbus-stage.cg.sky.com/views/listCampaigns.html
10:43:46.794 [LittleProxy-ClientToProxyWorker-4] DEBUG o.l.p.impl.ClientToProxyConnection - (AWAITING_INITIAL) [id: 0xd40ea92d, /127.0.0.1:48630 => /127.0.1.1:41135]: Finding ProxyToServerConnection for: voucher-manager-ui.stage.pv.nimbus-stage.cg.sky.com
10:43:46.794 [LittleProxy-ClientToProxyWorker-4] DEBUG o.l.p.impl.ClientToProxyConnection - (AWAITING_INITIAL) [id: 0xd40ea92d, /127.0.0.1:48630 => /127.0.1.1:41135]: Reusing existing server connection: org.littleshoot.proxy.impl.ProxyToServerConnection@2439c48e
10:43:46.794 [LittleProxy-ClientToProxyWorker-4] DEBUG o.l.p.impl.ClientToProxyConnection - (AWAITING_INITIAL) [id: 0xd40ea92d, /127.0.0.1:48630 => /127.0.1.1:41135]: Modifying request headers for proxying
10:43:46.794 [LittleProxy-ClientToProxyWorker-4] DEBUG o.l.p.impl.ClientToProxyConnection - (AWAITING_INITIAL) [id: 0xd40ea92d, /127.0.0.1:48630 => /127.0.1.1:41135]: Modifying request for proxy chaining
10:43:46.795 [LittleProxy-ClientToProxyWorker-4] DEBUG o.l.p.impl.ClientToProxyConnection - (AWAITING_INITIAL) [id: 0xd40ea92d, /127.0.0.1:48630 => /127.0.1.1:41135]: Stripped host from uri: http://voucher-manager-ui.stage.pv.nimbus-stage.cg.sky.com/views/listCampaigns.html    yielding: /views/listCampaigns.html
10:43:46.795 [LittleProxy-ClientToProxyWorker-4] DEBUG o.l.p.impl.ClientToProxyConnection - (AWAITING_INITIAL) [id: 0xd40ea92d, /127.0.0.1:48630 => /127.0.1.1:41135]: Removed sdch and inserted: gzip, deflate, 
10:43:46.795 [LittleProxy-ClientToProxyWorker-4] DEBUG o.l.p.impl.ClientToProxyConnection - (AWAITING_INITIAL) [id: 0xd40ea92d, /127.0.0.1:48630 => /127.0.1.1:41135]: Writing request to ProxyToServerConnection
10:43:46.795 [LittleProxy-ClientToProxyWorker-4] DEBUG o.l.p.impl.ProxyToServerConnection - (AWAITING_INITIAL) [id: 0x37e81f47, /10.65.140.181:37595 => voucher-manager-ui.stage.pv.nimbus-stage.cg.sky.com/80.238.10.34:80]: Requested write of HttpObjectAggregator$AggregatedFullHttpRequest(decodeResult: success, version: HTTP/1.1, content: CompositeByteBuf(ridx: 0, widx: 0, cap: 0, components=0))
GET /views/listCampaigns.html HTTP/1.1
Host: voucher-manager-ui.stage.pv.nimbus-stage.cg.sky.com
Accept: application/json, text/plain, */*
User-Agent: Mozilla/5.0 (X11; Linux x86_64) AppleWebKit/537.36 (KHTML, like Gecko) Chrome/43.0.2357.134 Safari/537.36
Referer: http://voucher-manager-ui.stage.pv.nimbus-stage.cg.sky.com/
Accept-Language: en-GB,en-US;q=0.8,en;q=0.6
Content-Length: 0
Accept-Encoding: gzip, deflate, 
Via: 1.1 localhost.localdomain
10:43:46.795 [LittleProxy-ClientToProxyWorker-4] DEBUG o.l.p.impl.ProxyToServerConnection - (AWAITING_INITIAL) [id: 0x37e81f47, /10.65.140.181:37595 => voucher-manager-ui.stage.pv.nimbus-stage.cg.sky.com/80.238.10.34:80]: Retaining reference counted message
10:43:46.795 [LittleProxy-ClientToProxyWorker-4] DEBUG o.l.p.impl.ProxyToServerConnection - (AWAITING_INITIAL) [id: 0x37e81f47, /10.65.140.181:37595 => voucher-manager-ui.stage.pv.nimbus-stage.cg.sky.com/80.238.10.34:80]: Using existing connection to: voucher-manager-ui.stage.pv.nimbus-stage.cg.sky.com/80.238.10.34:80
10:43:46.795 [LittleProxy-ClientToProxyWorker-4] DEBUG o.l.p.impl.ProxyToServerConnection - (AWAITING_INITIAL) [id: 0x37e81f47, /10.65.140.181:37595 => voucher-manager-ui.stage.pv.nimbus-stage.cg.sky.com/80.238.10.34:80]: Writing: HttpObjectAggregator$AggregatedFullHttpRequest(decodeResult: success, version: HTTP/1.1, content: CompositeByteBuf(ridx: 0, widx: 0, cap: 0, components=0))
GET /views/listCampaigns.html HTTP/1.1
Host: voucher-manager-ui.stage.pv.nimbus-stage.cg.sky.com
Accept: application/json, text/plain, */*
User-Agent: Mozilla/5.0 (X11; Linux x86_64) AppleWebKit/537.36 (KHTML, like Gecko) Chrome/43.0.2357.134 Safari/537.36
Referer: http://voucher-manager-ui.stage.pv.nimbus-stage.cg.sky.com/
Accept-Language: en-GB,en-US;q=0.8,en;q=0.6
Content-Length: 0
Accept-Encoding: gzip, deflate, 
Via: 1.1 localhost.localdomain
10:43:46.795 [LittleProxy-ClientToProxyWorker-4] DEBUG o.l.p.impl.ProxyToServerConnection - (AWAITING_INITIAL) [id: 0x37e81f47, /10.65.140.181:37595 => voucher-manager-ui.stage.pv.nimbus-stage.cg.sky.com/80.238.10.34:80]: Writing an empty buffer to signal the end of our chunked transfer
10:43:46.795 [LittleProxy-ClientToProxyWorker-4] DEBUG o.l.p.impl.ProxyToServerConnection - (AWAITING_INITIAL) [id: 0x37e81f47, /10.65.140.181:37595 => voucher-manager-ui.stage.pv.nimbus-stage.cg.sky.com/80.238.10.34:80]: Wrote: HttpObjectAggregator$AggregatedFullHttpRequest(decodeResult: success, version: HTTP/1.1, content: CompositeByteBuf(ridx: 0, widx: 0, cap: 0, components=0))
GET /views/listCampaigns.html HTTP/1.1
Host: voucher-manager-ui.stage.pv.nimbus-stage.cg.sky.com
Accept: application/json, text/plain, */*
User-Agent: Mozilla/5.0 (X11; Linux x86_64) AppleWebKit/537.36 (KHTML, like Gecko) Chrome/43.0.2357.134 Safari/537.36
Referer: http://voucher-manager-ui.stage.pv.nimbus-stage.cg.sky.com/
Accept-Language: en-GB,en-US;q=0.8,en;q=0.6
Content-Length: 0
Accept-Encoding: gzip, deflate, 
Via: 1.1 localhost.localdomain
10:43:46.798 [LittleProxy-ClientToProxyWorker-2] DEBUG o.l.p.impl.ClientToProxyConnection - (AWAITING_INITIAL) [id: 0xa01e3b00, /127.0.0.1:48628 => /127.0.1.1:41135]: Reading: HttpObjectAggregator$AggregatedFullHttpRequest(decodeResult: success, version: HTTP/1.1, content: CompositeByteBuf(ridx: 0, widx: 0, cap: 0, components=0))
GET http://voucher-manager-ui.stage.pv.nimbus-stage.cg.sky.com/favicon.ico HTTP/1.1
Host: voucher-manager-ui.stage.pv.nimbus-stage.cg.sky.com
Proxy-Connection: keep-alive
User-Agent: Mozilla/5.0 (X11; Linux x86_64) AppleWebKit/537.36 (KHTML, like Gecko) Chrome/43.0.2357.134 Safari/537.36
Accept: */*
Referer: http://voucher-manager-ui.stage.pv.nimbus-stage.cg.sky.com/
Accept-Encoding: gzip, deflate, sdch
Accept-Language: en-GB,en-US;q=0.8,en;q=0.6
Content-Length: 0
10:43:46.799 [LittleProxy-ClientToProxyWorker-2] DEBUG o.l.p.impl.ClientToProxyConnection - (AWAITING_INITIAL) [id: 0xa01e3b00, /127.0.0.1:48628 => /127.0.1.1:41135]: Got request: HttpObjectAggregator$AggregatedFullHttpRequest(decodeResult: success, version: HTTP/1.1, content: CompositeByteBuf(ridx: 0, widx: 0, cap: 0, components=0))
GET http://voucher-manager-ui.stage.pv.nimbus-stage.cg.sky.com/favicon.ico HTTP/1.1
Host: voucher-manager-ui.stage.pv.nimbus-stage.cg.sky.com
Proxy-Connection: keep-alive
User-Agent: Mozilla/5.0 (X11; Linux x86_64) AppleWebKit/537.36 (KHTML, like Gecko) Chrome/43.0.2357.134 Safari/537.36
Accept: */*
Referer: http://voucher-manager-ui.stage.pv.nimbus-stage.cg.sky.com/
Accept-Encoding: gzip, deflate, sdch
Accept-Language: en-GB,en-US;q=0.8,en;q=0.6
Content-Length: 0
10:43:46.799 [LittleProxy-ClientToProxyWorker-2] DEBUG o.l.p.impl.ClientToProxyConnection - (AWAITING_INITIAL) [id: 0xa01e3b00, /127.0.0.1:48628 => /127.0.1.1:41135]: Ensuring that hostAndPort are available in http://voucher-manager-ui.stage.pv.nimbus-stage.cg.sky.com/favicon.ico
10:43:46.799 [LittleProxy-ClientToProxyWorker-2] DEBUG o.l.p.impl.ClientToProxyConnection - (AWAITING_INITIAL) [id: 0xa01e3b00, /127.0.0.1:48628 => /127.0.1.1:41135]: Finding ProxyToServerConnection for: voucher-manager-ui.stage.pv.nimbus-stage.cg.sky.com
10:43:46.799 [LittleProxy-ClientToProxyWorker-2] DEBUG o.l.p.impl.ClientToProxyConnection - (AWAITING_INITIAL) [id: 0xa01e3b00, /127.0.0.1:48628 => /127.0.1.1:41135]: Reusing existing server connection: org.littleshoot.proxy.impl.ProxyToServerConnection@5ee64ef8
10:43:46.799 [LittleProxy-ClientToProxyWorker-2] DEBUG o.l.p.impl.ClientToProxyConnection - (AWAITING_INITIAL) [id: 0xa01e3b00, /127.0.0.1:48628 => /127.0.1.1:41135]: Modifying request headers for proxying
10:43:46.799 [LittleProxy-ClientToProxyWorker-2] DEBUG o.l.p.impl.ClientToProxyConnection - (AWAITING_INITIAL) [id: 0xa01e3b00, /127.0.0.1:48628 => /127.0.1.1:41135]: Modifying request for proxy chaining
10:43:46.799 [LittleProxy-ClientToProxyWorker-2] DEBUG o.l.p.impl.ClientToProxyConnection - (AWAITING_INITIAL) [id: 0xa01e3b00, /127.0.0.1:48628 => /127.0.1.1:41135]: Stripped host from uri: http://voucher-manager-ui.stage.pv.nimbus-stage.cg.sky.com/favicon.ico    yielding: /favicon.ico
10:43:46.799 [LittleProxy-ClientToProxyWorker-2] DEBUG o.l.p.impl.ClientToProxyConnection - (AWAITING_INITIAL) [id: 0xa01e3b00, /127.0.0.1:48628 => /127.0.1.1:41135]: Removed sdch and inserted: gzip, deflate, 
10:43:46.799 [LittleProxy-ClientToProxyWorker-2] DEBUG o.l.p.impl.ClientToProxyConnection - (AWAITING_INITIAL) [id: 0xa01e3b00, /127.0.0.1:48628 => /127.0.1.1:41135]: Writing request to ProxyToServerConnection
10:43:46.799 [LittleProxy-ClientToProxyWorker-2] DEBUG o.l.p.impl.ProxyToServerConnection - (AWAITING_INITIAL) [id: 0xc0dc06ce, /10.65.140.181:37597 => voucher-manager-ui.stage.pv.nimbus-stage.cg.sky.com/80.238.10.34:80]: Requested write of HttpObjectAggregator$AggregatedFullHttpRequest(decodeResult: success, version: HTTP/1.1, content: CompositeByteBuf(ridx: 0, widx: 0, cap: 0, components=0))
GET /favicon.ico HTTP/1.1
Host: voucher-manager-ui.stage.pv.nimbus-stage.cg.sky.com
User-Agent: Mozilla/5.0 (X11; Linux x86_64) AppleWebKit/537.36 (KHTML, like Gecko) Chrome/43.0.2357.134 Safari/537.36
Accept: */*
Referer: http://voucher-manager-ui.stage.pv.nimbus-stage.cg.sky.com/
Accept-Language: en-GB,en-US;q=0.8,en;q=0.6
Content-Length: 0
Accept-Encoding: gzip, deflate, 
Via: 1.1 localhost.localdomain
10:43:46.799 [LittleProxy-ClientToProxyWorker-2] DEBUG o.l.p.impl.ProxyToServerConnection - (AWAITING_INITIAL) [id: 0xc0dc06ce, /10.65.140.181:37597 => voucher-manager-ui.stage.pv.nimbus-stage.cg.sky.com/80.238.10.34:80]: Retaining reference counted message
10:43:46.799 [LittleProxy-ClientToProxyWorker-2] DEBUG o.l.p.impl.ProxyToServerConnection - (AWAITING_INITIAL) [id: 0xc0dc06ce, /10.65.140.181:37597 => voucher-manager-ui.stage.pv.nimbus-stage.cg.sky.com/80.238.10.34:80]: Using existing connection to: voucher-manager-ui.stage.pv.nimbus-stage.cg.sky.com/80.238.10.34:80
10:43:46.799 [LittleProxy-ClientToProxyWorker-2] DEBUG o.l.p.impl.ProxyToServerConnection - (AWAITING_INITIAL) [id: 0xc0dc06ce, /10.65.140.181:37597 => voucher-manager-ui.stage.pv.nimbus-stage.cg.sky.com/80.238.10.34:80]: Writing: HttpObjectAggregator$AggregatedFullHttpRequest(decodeResult: success, version: HTTP/1.1, content: CompositeByteBuf(ridx: 0, widx: 0, cap: 0, components=0))
GET /favicon.ico HTTP/1.1
Host: voucher-manager-ui.stage.pv.nimbus-stage.cg.sky.com
User-Agent: Mozilla/5.0 (X11; Linux x86_64) AppleWebKit/537.36 (KHTML, like Gecko) Chrome/43.0.2357.134 Safari/537.36
Accept: */*
Referer: http://voucher-manager-ui.stage.pv.nimbus-stage.cg.sky.com/
Accept-Language: en-GB,en-US;q=0.8,en;q=0.6
Content-Length: 0
Accept-Encoding: gzip, deflate, 
Via: 1.1 localhost.localdomain
10:43:46.799 [LittleProxy-ClientToProxyWorker-2] DEBUG o.l.p.impl.ProxyToServerConnection - (AWAITING_INITIAL) [id: 0xc0dc06ce, /10.65.140.181:37597 => voucher-manager-ui.stage.pv.nimbus-stage.cg.sky.com/80.238.10.34:80]: Writing an empty buffer to signal the end of our chunked transfer
10:43:46.799 [LittleProxy-ClientToProxyWorker-2] DEBUG o.l.p.impl.ProxyToServerConnection - (AWAITING_INITIAL) [id: 0xc0dc06ce, /10.65.140.181:37597 => voucher-manager-ui.stage.pv.nimbus-stage.cg.sky.com/80.238.10.34:80]: Wrote: HttpObjectAggregator$AggregatedFullHttpRequest(decodeResult: success, version: HTTP/1.1, content: CompositeByteBuf(ridx: 0, widx: 0, cap: 0, components=0))
GET /favicon.ico HTTP/1.1
Host: voucher-manager-ui.stage.pv.nimbus-stage.cg.sky.com
User-Agent: Mozilla/5.0 (X11; Linux x86_64) AppleWebKit/537.36 (KHTML, like Gecko) Chrome/43.0.2357.134 Safari/537.36
Accept: */*
Referer: http://voucher-manager-ui.stage.pv.nimbus-stage.cg.sky.com/
Accept-Language: en-GB,en-US;q=0.8,en;q=0.6
Content-Length: 0
Accept-Encoding: gzip, deflate, 
Via: 1.1 localhost.localdomain
10:43:46.808 [Forwarding get on session 5e9977749cf8e028abefff19f425d7c0 to remote] DEBUG org.apache.http.wire - http-outgoing-10 << "HTTP/1.1 200 OK[\r][\n]"
10:43:46.808 [Forwarding get on session 5e9977749cf8e028abefff19f425d7c0 to remote] DEBUG org.apache.http.wire - http-outgoing-10 << "Content-Length:72[\r][\n]"
10:43:46.808 [Forwarding get on session 5e9977749cf8e028abefff19f425d7c0 to remote] DEBUG org.apache.http.wire - http-outgoing-10 << "Content-Type:application/json; charset=utf-8[\r][\n]"
10:43:46.808 [Forwarding get on session 5e9977749cf8e028abefff19f425d7c0 to remote] DEBUG org.apache.http.wire - http-outgoing-10 << "Connection:close[\r][\n]"
10:43:46.808 [Forwarding get on session 5e9977749cf8e028abefff19f425d7c0 to remote] DEBUG org.apache.http.wire - http-outgoing-10 << "[\r][\n]"
10:43:46.808 [Forwarding get on session 5e9977749cf8e028abefff19f425d7c0 to remote] DEBUG org.apache.http.wire - http-outgoing-10 << "{"sessionId":"5e9977749cf8e028abefff19f425d7c0","status":0,"value":null}"
10:43:46.808 [Forwarding get on session 5e9977749cf8e028abefff19f425d7c0 to remote] DEBUG org.apache.http.headers - http-outgoing-10 << HTTP/1.1 200 OK
10:43:46.808 [Forwarding get on session 5e9977749cf8e028abefff19f425d7c0 to remote] DEBUG org.apache.http.headers - http-outgoing-10 << Content-Length:72
10:43:46.808 [Forwarding get on session 5e9977749cf8e028abefff19f425d7c0 to remote] DEBUG org.apache.http.headers - http-outgoing-10 << Content-Type:application/json; charset=utf-8
10:43:46.808 [Forwarding get on session 5e9977749cf8e028abefff19f425d7c0 to remote] DEBUG org.apache.http.headers - http-outgoing-10 << Connection:close
10:43:46.808 [Forwarding get on session 5e9977749cf8e028abefff19f425d7c0 to remote] DEBUG o.a.h.i.c.DefaultManagedHttpClientConnection - http-outgoing-10: Shutdown connection
10:43:46.808 [Forwarding get on session 5e9977749cf8e028abefff19f425d7c0 to remote] DEBUG o.a.h.impl.execchain.MainClientExec - Connection discarded
10:43:46.808 [Forwarding get on session 5e9977749cf8e028abefff19f425d7c0 to remote] DEBUG o.a.h.i.c.DefaultManagedHttpClientConnection - http-outgoing-10: Close connection
10:43:46.808 [Forwarding get on session 5e9977749cf8e028abefff19f425d7c0 to remote] DEBUG o.a.h.i.c.PoolingHttpClientConnectionManager - Connection released: [id: 10][route: {}->http://localhost:13906][total kept alive: 0; route allocated: 0 of 2000; total allocated: 0 of 2000]
10:43:46.812 [Forwarding getCurrentUrl on session 5e9977749cf8e028abefff19f425d7c0 to remote] DEBUG o.a.h.c.protocol.RequestAddCookies - CookieSpec selected: best-match
10:43:46.812 [Forwarding getCurrentUrl on session 5e9977749cf8e028abefff19f425d7c0 to remote] DEBUG o.a.h.c.protocol.RequestAuthCache - Auth cache not set in the context
10:43:46.812 [Forwarding getCurrentUrl on session 5e9977749cf8e028abefff19f425d7c0 to remote] DEBUG o.a.h.i.c.PoolingHttpClientConnectionManager - Connection request: [route: {}->http://localhost:13906][total kept alive: 0; route allocated: 0 of 2000; total allocated: 0 of 2000]
10:43:46.813 [Forwarding getCurrentUrl on session 5e9977749cf8e028abefff19f425d7c0 to remote] DEBUG o.a.h.i.c.PoolingHttpClientConnectionManager - Connection leased: [id: 11][route: {}->http://localhost:13906][total kept alive: 0; route allocated: 1 of 2000; total allocated: 1 of 2000]
10:43:46.813 [Forwarding getCurrentUrl on session 5e9977749cf8e028abefff19f425d7c0 to remote] DEBUG o.a.h.impl.execchain.MainClientExec - Opening connection {}->http://localhost:13906
10:43:46.813 [Forwarding getCurrentUrl on session 5e9977749cf8e028abefff19f425d7c0 to remote] DEBUG o.a.h.i.c.HttpClientConnectionOperator - Connecting to localhost/127.0.0.1:13906
10:43:46.813 [Forwarding getCurrentUrl on session 5e9977749cf8e028abefff19f425d7c0 to remote] DEBUG o.a.h.i.c.HttpClientConnectionOperator - Connection established 127.0.0.1:34723<->127.0.0.1:13906
10:43:46.813 [Forwarding getCurrentUrl on session 5e9977749cf8e028abefff19f425d7c0 to remote] DEBUG o.a.h.impl.execchain.MainClientExec - Executing request GET /session/5e9977749cf8e028abefff19f425d7c0/url HTTP/1.1
10:43:46.813 [Forwarding getCurrentUrl on session 5e9977749cf8e028abefff19f425d7c0 to remote] DEBUG o.a.h.impl.execchain.MainClientExec - Target auth state: UNCHALLENGED
10:43:46.813 [Forwarding getCurrentUrl on session 5e9977749cf8e028abefff19f425d7c0 to remote] DEBUG o.a.h.impl.execchain.MainClientExec - Proxy auth state: UNCHALLENGED
10:43:46.813 [Forwarding getCurrentUrl on session 5e9977749cf8e028abefff19f425d7c0 to remote] DEBUG org.apache.http.headers - http-outgoing-11 >> GET /session/5e9977749cf8e028abefff19f425d7c0/url HTTP/1.1
10:43:46.813 [Forwarding getCurrentUrl on session 5e9977749cf8e028abefff19f425d7c0 to remote] DEBUG org.apache.http.headers - http-outgoing-11 >> Cache-Control: no-cache
10:43:46.813 [Forwarding getCurrentUrl on session 5e9977749cf8e028abefff19f425d7c0 to remote] DEBUG org.apache.http.headers - http-outgoing-11 >> Host: localhost:13906
10:43:46.813 [Forwarding getCurrentUrl on session 5e9977749cf8e028abefff19f425d7c0 to remote] DEBUG org.apache.http.headers - http-outgoing-11 >> Connection: Keep-Alive
10:43:46.813 [Forwarding getCurrentUrl on session 5e9977749cf8e028abefff19f425d7c0 to remote] DEBUG org.apache.http.headers - http-outgoing-11 >> User-Agent: Apache-HttpClient/4.3.4 (java 1.5)
10:43:46.813 [Forwarding getCurrentUrl on session 5e9977749cf8e028abefff19f425d7c0 to remote] DEBUG org.apache.http.headers - http-outgoing-11 >> Accept-Encoding: gzip,deflate
10:43:46.813 [Forwarding getCurrentUrl on session 5e9977749cf8e028abefff19f425d7c0 to remote] DEBUG org.apache.http.wire - http-outgoing-11 >> "GET /session/5e9977749cf8e028abefff19f425d7c0/url HTTP/1.1[\r][\n]"
10:43:46.813 [Forwarding getCurrentUrl on session 5e9977749cf8e028abefff19f425d7c0 to remote] DEBUG org.apache.http.wire - http-outgoing-11 >> "Cache-Control: no-cache[\r][\n]"
10:43:46.813 [Forwarding getCurrentUrl on session 5e9977749cf8e028abefff19f425d7c0 to remote] DEBUG org.apache.http.wire - http-outgoing-11 >> "Host: localhost:13906[\r][\n]"
10:43:46.813 [Forwarding getCurrentUrl on session 5e9977749cf8e028abefff19f425d7c0 to remote] DEBUG org.apache.http.wire - http-outgoing-11 >> "Connection: Keep-Alive[\r][\n]"
10:43:46.813 [Forwarding getCurrentUrl on session 5e9977749cf8e028abefff19f425d7c0 to remote] DEBUG org.apache.http.wire - http-outgoing-11 >> "User-Agent: Apache-HttpClient/4.3.4 (java 1.5)[\r][\n]"
10:43:46.813 [Forwarding getCurrentUrl on session 5e9977749cf8e028abefff19f425d7c0 to remote] DEBUG org.apache.http.wire - http-outgoing-11 >> "Accept-Encoding: gzip,deflate[\r][\n]"
10:43:46.813 [Forwarding getCurrentUrl on session 5e9977749cf8e028abefff19f425d7c0 to remote] DEBUG org.apache.http.wire - http-outgoing-11 >> "[\r][\n]"
10:43:46.813 [LittleProxy-ProxyToServerWorker-2] DEBUG o.l.p.impl.ProxyToServerConnection - (AWAITING_INITIAL) [id: 0xc0dc06ce, /10.65.140.181:37597 => voucher-manager-ui.stage.pv.nimbus-stage.cg.sky.com/80.238.10.34:80]: Remembering the current request.
10:43:46.813 [LittleProxy-ProxyToServerWorker-2] DEBUG o.l.p.impl.ProxyToServerConnection - (AWAITING_INITIAL) [id: 0xc0dc06ce, /10.65.140.181:37597 => voucher-manager-ui.stage.pv.nimbus-stage.cg.sky.com/80.238.10.34:80]: Reading: DefaultHttpResponse(decodeResult: success, version: HTTP/1.1)
HTTP/1.1 200 OK
X-FORWARDED-PROTO: http
Server: nginx
Date: Wed, 29 Jul 2015 09:43:46 GMT
Content-Type: image/x-icon
Content-Length: 411
Connection: keep-alive
Keep-Alive: timeout=10
X-Powered-By: Express
X-Frame-Options: DENY
Accept-Ranges: bytes
Cache-Control: public, max-age=0
Last-Modified: Fri, 24 Jul 2015 14:37:56 GMT
ETag: W/"19b-2857048211"
10:43:46.813 [LittleProxy-ProxyToServerWorker-2] DEBUG o.l.p.impl.ProxyToServerConnection - (AWAITING_INITIAL) [id: 0xc0dc06ce, /10.65.140.181:37597 => voucher-manager-ui.stage.pv.nimbus-stage.cg.sky.com/80.238.10.34:80]: Received raw response: DefaultHttpResponse(decodeResult: success, version: HTTP/1.1)
HTTP/1.1 200 OK
X-FORWARDED-PROTO: http
Server: nginx
Date: Wed, 29 Jul 2015 09:43:46 GMT
Content-Type: image/x-icon
Content-Length: 411
Connection: keep-alive
Keep-Alive: timeout=10
X-Powered-By: Express
X-Frame-Options: DENY
Accept-Ranges: bytes
Cache-Control: public, max-age=0
Last-Modified: Fri, 24 Jul 2015 14:37:56 GMT
ETag: W/"19b-2857048211"
10:43:46.813 [LittleProxy-ProxyToServerWorker-2] DEBUG o.l.p.impl.ProxyToServerConnection - (AWAITING_INITIAL) [id: 0xc0dc06ce, /10.65.140.181:37597 => voucher-manager-ui.stage.pv.nimbus-stage.cg.sky.com/80.238.10.34:80]: Remembering the current response.
10:43:46.814 [LittleProxy-ProxyToServerWorker-2] DEBUG o.l.p.impl.ClientToProxyConnection - (AWAITING_INITIAL) [id: 0xa01e3b00, /127.0.0.1:48628 => /127.0.1.1:41135]: Writing: DefaultHttpResponse(decodeResult: success, version: HTTP/1.1)
HTTP/1.1 200 OK
X-FORWARDED-PROTO: http
Server: nginx
Date: Wed, 29 Jul 2015 09:43:46 GMT
Content-Type: image/x-icon
Content-Length: 411
X-Powered-By: Express
X-Frame-Options: DENY
Accept-Ranges: bytes
Cache-Control: public, max-age=0
Last-Modified: Fri, 24 Jul 2015 14:37:56 GMT
ETag: W/"19b-2857048211"
Via: 1.1 localhost.localdomain
10:43:46.814 [LittleProxy-ProxyToServerWorker-5] DEBUG o.l.p.impl.ProxyToServerConnection - (AWAITING_INITIAL) [id: 0x04bd9cdb, /10.65.140.181:37601 => voucher-manager-ui.stage.pv.nimbus-stage.cg.sky.com/80.238.10.34:80]: Remembering the current request.
10:43:46.814 [LittleProxy-ProxyToServerWorker-2] DEBUG o.l.p.impl.ClientToProxyConnection - (AWAITING_INITIAL) [id: 0xa01e3b00, /127.0.0.1:48628 => /127.0.1.1:41135]: Wrote: DefaultHttpResponse(decodeResult: success, version: HTTP/1.1)
HTTP/1.1 200 OK
X-FORWARDED-PROTO: http
Server: nginx
Date: Wed, 29 Jul 2015 09:43:46 GMT
Content-Type: image/x-icon
Content-Length: 411
X-Powered-By: Express
X-Frame-Options: DENY
Accept-Ranges: bytes
Cache-Control: public, max-age=0
Last-Modified: Fri, 24 Jul 2015 14:37:56 GMT
ETag: W/"19b-2857048211"
Via: 1.1 localhost.localdomain
10:43:46.814 [LittleProxy-ProxyToServerWorker-5] DEBUG o.l.p.impl.ProxyToServerConnection - (AWAITING_INITIAL) [id: 0x04bd9cdb, /10.65.140.181:37601 => voucher-manager-ui.stage.pv.nimbus-stage.cg.sky.com/80.238.10.34:80]: Reading: DefaultHttpResponse(decodeResult: success, version: HTTP/1.1)
HTTP/1.1 200 OK
X-FORWARDED-PROTO: http
Server: nginx
Date: Wed, 29 Jul 2015 09:43:46 GMT
Content-Type: text/html; charset=UTF-8
Content-Length: 182
Connection: keep-alive
Keep-Alive: timeout=10
X-Powered-By: Express
X-Frame-Options: DENY
Accept-Ranges: bytes
Cache-Control: public, max-age=0
Last-Modified: Fri, 24 Jul 2015 14:37:56 GMT
ETag: W/"b6-2857048211"
10:43:46.814 [LittleProxy-ProxyToServerWorker-2] DEBUG o.l.p.impl.ClientToProxyConnection - (AWAITING_INITIAL) [id: 0xa01e3b00, /127.0.0.1:48628 => /127.0.1.1:41135]: Not closing server connection on middle chunk for /favicon.ico
10:43:46.814 [LittleProxy-ProxyToServerWorker-2] DEBUG o.l.p.impl.ClientToProxyConnection - (AWAITING_INITIAL) [id: 0xa01e3b00, /127.0.0.1:48628 => /127.0.1.1:41135]: Not closing client connection on middle chunk for /favicon.ico
10:43:46.814 [LittleProxy-ProxyToServerWorker-5] DEBUG o.l.p.impl.ProxyToServerConnection - (AWAITING_INITIAL) [id: 0x04bd9cdb, /10.65.140.181:37601 => voucher-manager-ui.stage.pv.nimbus-stage.cg.sky.com/80.238.10.34:80]: Received raw response: DefaultHttpResponse(decodeResult: success, version: HTTP/1.1)
HTTP/1.1 200 OK
X-FORWARDED-PROTO: http
Server: nginx
Date: Wed, 29 Jul 2015 09:43:46 GMT
Content-Type: text/html; charset=UTF-8
Content-Length: 182
Connection: keep-alive
Keep-Alive: timeout=10
X-Powered-By: Express
X-Frame-Options: DENY
Accept-Ranges: bytes
Cache-Control: public, max-age=0
Last-Modified: Fri, 24 Jul 2015 14:37:56 GMT
ETag: W/"b6-2857048211"
10:43:46.814 [LittleProxy-ProxyToServerWorker-5] DEBUG o.l.p.impl.ProxyToServerConnection - (AWAITING_INITIAL) [id: 0x04bd9cdb, /10.65.140.181:37601 => voucher-manager-ui.stage.pv.nimbus-stage.cg.sky.com/80.238.10.34:80]: Remembering the current response.
10:43:46.814 [LittleProxy-ProxyToServerWorker-2] DEBUG o.l.p.impl.ProxyToServerConnection - (AWAITING_CHUNK) [id: 0xc0dc06ce, /10.65.140.181:37597 => voucher-manager-ui.stage.pv.nimbus-stage.cg.sky.com/80.238.10.34:80]: Reading: DefaultLastHttpContent(data: SlicedByteBuf(ridx: 0, widx: 411, cap: 411/411, unwrapped: UnpooledUnsafeDirectByteBuf(ridx: 778, widx: 778, cap: 16384)), decoderResult: success)
10:43:46.814 [LittleProxy-ProxyToServerWorker-2] DEBUG o.l.p.impl.ClientToProxyConnection - (AWAITING_INITIAL) [id: 0xa01e3b00, /127.0.0.1:48628 => /127.0.1.1:41135]: Retaining reference counted message
10:43:46.814 [LittleProxy-ProxyToServerWorker-2] DEBUG o.l.p.impl.ClientToProxyConnection - (AWAITING_INITIAL) [id: 0xa01e3b00, /127.0.0.1:48628 => /127.0.1.1:41135]: Writing: DefaultLastHttpContent(data: SlicedByteBuf(ridx: 0, widx: 411, cap: 411/411, unwrapped: UnpooledUnsafeDirectByteBuf(ridx: 778, widx: 778, cap: 16384)), decoderResult: success)
10:43:46.814 [LittleProxy-ProxyToServerWorker-2] DEBUG o.l.p.impl.ClientToProxyConnection - (AWAITING_INITIAL) [id: 0xa01e3b00, /127.0.0.1:48628 => /127.0.1.1:41135]: Writing an empty buffer to signal the end of our chunked transfer
10:43:46.814 [LittleProxy-ProxyToServerWorker-5] DEBUG o.l.p.impl.ClientToProxyConnection - (AWAITING_INITIAL) [id: 0x1c552e73, /127.0.0.1:48629 => /127.0.1.1:41135]: Writing: DefaultHttpResponse(decodeResult: success, version: HTTP/1.1)
HTTP/1.1 200 OK
X-FORWARDED-PROTO: http
Server: nginx
Date: Wed, 29 Jul 2015 09:43:46 GMT
Content-Type: text/html; charset=UTF-8
Content-Length: 182
X-Powered-By: Express
X-Frame-Options: DENY
Accept-Ranges: bytes
Cache-Control: public, max-age=0
Last-Modified: Fri, 24 Jul 2015 14:37:56 GMT
ETag: W/"b6-2857048211"
Via: 1.1 localhost.localdomain
10:43:46.814 [LittleProxy-ProxyToServerWorker-2] DEBUG o.l.p.impl.ClientToProxyConnection - (AWAITING_INITIAL) [id: 0xa01e3b00, /127.0.0.1:48628 => /127.0.1.1:41135]: Wrote: DefaultLastHttpContent(data: SlicedByteBuf(ridx: 0, widx: 411, cap: 411/411, unwrapped: UnpooledUnsafeDirectByteBuf(ridx: 778, widx: 778, cap: 16384)), decoderResult: success)
10:43:46.814 [LittleProxy-ProxyToServerWorker-2] DEBUG o.l.p.impl.ClientToProxyConnection - (AWAITING_INITIAL) [id: 0xa01e3b00, /127.0.0.1:48628 => /127.0.1.1:41135]: Retaining reference counted message
10:43:46.814 [LittleProxy-ProxyToServerWorker-2] DEBUG o.l.p.impl.ClientToProxyConnection - (AWAITING_INITIAL) [id: 0xa01e3b00, /127.0.0.1:48628 => /127.0.1.1:41135]: Writing: EmptyByteBufBE
10:43:46.814 [LittleProxy-ProxyToServerWorker-5] DEBUG o.l.p.impl.ClientToProxyConnection - (AWAITING_INITIAL) [id: 0x1c552e73, /127.0.0.1:48629 => /127.0.1.1:41135]: Wrote: DefaultHttpResponse(decodeResult: success, version: HTTP/1.1)
HTTP/1.1 200 OK
X-FORWARDED-PROTO: http
Server: nginx
Date: Wed, 29 Jul 2015 09:43:46 GMT
Content-Type: text/html; charset=UTF-8
Content-Length: 182
X-Powered-By: Express
X-Frame-Options: DENY
Accept-Ranges: bytes
Cache-Control: public, max-age=0
Last-Modified: Fri, 24 Jul 2015 14:37:56 GMT
ETag: W/"b6-2857048211"
Via: 1.1 localhost.localdomain
10:43:46.814 [LittleProxy-ProxyToServerWorker-2] DEBUG o.l.p.impl.ClientToProxyConnection - (AWAITING_INITIAL) [id: 0xa01e3b00, /127.0.0.1:48628 => /127.0.1.1:41135]: Wrote: EmptyByteBufBE
10:43:46.814 [LittleProxy-ProxyToServerWorker-5] DEBUG o.l.p.impl.ClientToProxyConnection - (AWAITING_INITIAL) [id: 0x1c552e73, /127.0.0.1:48629 => /127.0.1.1:41135]: Not closing server connection on middle chunk for /views/server-connection.html
10:43:46.814 [LittleProxy-ProxyToServerWorker-2] DEBUG o.l.p.impl.ClientToProxyConnection - (AWAITING_INITIAL) [id: 0xa01e3b00, /127.0.0.1:48628 => /127.0.1.1:41135]: Handling last chunk. Using normal server connection closing rules.
10:43:46.814 [LittleProxy-ProxyToServerWorker-5] DEBUG o.l.p.impl.ClientToProxyConnection - (AWAITING_INITIAL) [id: 0x1c552e73, /127.0.0.1:48629 => /127.0.1.1:41135]: Not closing client connection on middle chunk for /views/server-connection.html
10:43:46.814 [LittleProxy-ProxyToServerWorker-5] DEBUG o.l.p.impl.ProxyToServerConnection - (AWAITING_CHUNK) [id: 0x04bd9cdb, /10.65.140.181:37601 => voucher-manager-ui.stage.pv.nimbus-stage.cg.sky.com/80.238.10.34:80]: Reading: DefaultLastHttpContent(data: SlicedByteBuf(ridx: 0, widx: 182, cap: 182/182, unwrapped: UnpooledUnsafeDirectByteBuf(ridx: 560, widx: 560, cap: 16384)), decoderResult: success)
10:43:46.814 [LittleProxy-ProxyToServerWorker-2] DEBUG o.l.p.impl.ClientToProxyConnection - (AWAITING_INITIAL) [id: 0xa01e3b00, /127.0.0.1:48628 => /127.0.1.1:41135]: Not closing server connection for response: DefaultHttpResponse(decodeResult: success, version: HTTP/1.1)
HTTP/1.1 200 OK
X-FORWARDED-PROTO: http
Server: nginx
Date: Wed, 29 Jul 2015 09:43:46 GMT
Content-Type: image/x-icon
Content-Length: 411
Connection: keep-alive
Keep-Alive: timeout=10
X-Powered-By: Express
X-Frame-Options: DENY
Accept-Ranges: bytes
Cache-Control: public, max-age=0
Last-Modified: Fri, 24 Jul 2015 14:37:56 GMT
ETag: W/"19b-2857048211"
10:43:46.814 [LittleProxy-ProxyToServerWorker-5] DEBUG o.l.p.impl.ClientToProxyConnection - (AWAITING_INITIAL) [id: 0x1c552e73, /127.0.0.1:48629 => /127.0.1.1:41135]: Retaining reference counted message
10:43:46.814 [LittleProxy-ProxyToServerWorker-2] DEBUG o.l.p.impl.ClientToProxyConnection - (AWAITING_INITIAL) [id: 0xa01e3b00, /127.0.0.1:48628 => /127.0.1.1:41135]: Handling last chunk. Using normal client connection closing rules.
10:43:46.815 [LittleProxy-ProxyToServerWorker-5] DEBUG o.l.p.impl.ClientToProxyConnection - (AWAITING_INITIAL) [id: 0x1c552e73, /127.0.0.1:48629 => /127.0.1.1:41135]: Writing: DefaultLastHttpContent(data: SlicedByteBuf(ridx: 0, widx: 182, cap: 182/182, unwrapped: UnpooledUnsafeDirectByteBuf(ridx: 560, widx: 560, cap: 16384)), decoderResult: success)
10:43:46.815 [LittleProxy-ProxyToServerWorker-2] DEBUG o.l.p.impl.ClientToProxyConnection - (AWAITING_INITIAL) [id: 0xa01e3b00, /127.0.0.1:48628 => /127.0.1.1:41135]: Not closing client connection for request: [FAILED toString()]
10:43:46.816 [LittleProxy-ProxyToServerWorker-5] DEBUG o.l.p.impl.ClientToProxyConnection - (AWAITING_INITIAL) [id: 0x1c552e73, /127.0.0.1:48629 => /127.0.1.1:41135]: Writing an empty buffer to signal the end of our chunked transfer
10:43:46.816 [LittleProxy-ProxyToServerWorker-5] DEBUG o.l.p.impl.ClientToProxyConnection - (AWAITING_INITIAL) [id: 0x1c552e73, /127.0.0.1:48629 => /127.0.1.1:41135]: Wrote: DefaultLastHttpContent(data: SlicedByteBuf(ridx: 0, widx: 182, cap: 182/182, unwrapped: UnpooledUnsafeDirectByteBuf(ridx: 560, widx: 560, cap: 16384)), decoderResult: success)
10:43:46.816 [LittleProxy-ProxyToServerWorker-5] DEBUG o.l.p.impl.ClientToProxyConnection - (AWAITING_INITIAL) [id: 0x1c552e73, /127.0.0.1:48629 => /127.0.1.1:41135]: Retaining reference counted message
10:43:46.816 [LittleProxy-ProxyToServerWorker-5] DEBUG o.l.p.impl.ClientToProxyConnection - (AWAITING_INITIAL) [id: 0x1c552e73, /127.0.0.1:48629 => /127.0.1.1:41135]: Writing: EmptyByteBufBE
10:43:46.816 [LittleProxy-ProxyToServerWorker-5] DEBUG o.l.p.impl.ClientToProxyConnection - (AWAITING_INITIAL) [id: 0x1c552e73, /127.0.0.1:48629 => /127.0.1.1:41135]: Wrote: EmptyByteBufBE
10:43:46.816 [LittleProxy-ProxyToServerWorker-5] DEBUG o.l.p.impl.ClientToProxyConnection - (AWAITING_INITIAL) [id: 0x1c552e73, /127.0.0.1:48629 => /127.0.1.1:41135]: Handling last chunk. Using normal server connection closing rules.
10:43:46.816 [LittleProxy-ProxyToServerWorker-5] DEBUG o.l.p.impl.ClientToProxyConnection - (AWAITING_INITIAL) [id: 0x1c552e73, /127.0.0.1:48629 => /127.0.1.1:41135]: Not closing server connection for response: DefaultHttpResponse(decodeResult: success, version: HTTP/1.1)
HTTP/1.1 200 OK
X-FORWARDED-PROTO: http
Server: nginx
Date: Wed, 29 Jul 2015 09:43:46 GMT
Content-Type: text/html; charset=UTF-8
Content-Length: 182
Connection: keep-alive
Keep-Alive: timeout=10
X-Powered-By: Express
X-Frame-Options: DENY
Accept-Ranges: bytes
Cache-Control: public, max-age=0
Last-Modified: Fri, 24 Jul 2015 14:37:56 GMT
ETag: W/"b6-2857048211"
10:43:46.816 [LittleProxy-ProxyToServerWorker-5] DEBUG o.l.p.impl.ClientToProxyConnection - (AWAITING_INITIAL) [id: 0x1c552e73, /127.0.0.1:48629 => /127.0.1.1:41135]: Handling last chunk. Using normal client connection closing rules.
10:43:46.817 [LittleProxy-ProxyToServerWorker-5] DEBUG o.l.p.impl.ClientToProxyConnection - (AWAITING_INITIAL) [id: 0x1c552e73, /127.0.0.1:48629 => /127.0.1.1:41135]: Not closing client connection for request: [FAILED toString()]
10:43:46.818 [LittleProxy-ProxyToServerWorker-3] DEBUG o.l.p.impl.ProxyToServerConnection - (AWAITING_INITIAL) [id: 0x37e81f47, /10.65.140.181:37595 => voucher-manager-ui.stage.pv.nimbus-stage.cg.sky.com/80.238.10.34:80]: Remembering the current request.
10:43:46.818 [LittleProxy-ProxyToServerWorker-3] DEBUG o.l.p.impl.ProxyToServerConnection - (AWAITING_INITIAL) [id: 0x37e81f47, /10.65.140.181:37595 => voucher-manager-ui.stage.pv.nimbus-stage.cg.sky.com/80.238.10.34:80]: Reading: DefaultHttpResponse(decodeResult: success, version: HTTP/1.1)
HTTP/1.1 200 OK
X-FORWARDED-PROTO: http
Server: nginx
Date: Wed, 29 Jul 2015 09:43:46 GMT
Content-Type: text/html; charset=UTF-8
Transfer-Encoding: chunked
Connection: keep-alive
Keep-Alive: timeout=10
Vary: Accept-Encoding
X-Powered-By: Express
X-Frame-Options: DENY
Cache-Control: public, max-age=0
Last-Modified: Fri, 24 Jul 2015 14:37:56 GMT
Content-Encoding: gzip
10:43:46.818 [LittleProxy-ProxyToServerWorker-3] DEBUG o.l.p.impl.ProxyToServerConnection - (AWAITING_INITIAL) [id: 0x37e81f47, /10.65.140.181:37595 => voucher-manager-ui.stage.pv.nimbus-stage.cg.sky.com/80.238.10.34:80]: Received raw response: DefaultHttpResponse(decodeResult: success, version: HTTP/1.1)
HTTP/1.1 200 OK
X-FORWARDED-PROTO: http
Server: nginx
Date: Wed, 29 Jul 2015 09:43:46 GMT
Content-Type: text/html; charset=UTF-8
Transfer-Encoding: chunked
Connection: keep-alive
Keep-Alive: timeout=10
Vary: Accept-Encoding
X-Powered-By: Express
X-Frame-Options: DENY
Cache-Control: public, max-age=0
Last-Modified: Fri, 24 Jul 2015 14:37:56 GMT
Content-Encoding: gzip
10:43:46.818 [LittleProxy-ProxyToServerWorker-3] DEBUG o.l.p.impl.ProxyToServerConnection - (AWAITING_INITIAL) [id: 0x37e81f47, /10.65.140.181:37595 => voucher-manager-ui.stage.pv.nimbus-stage.cg.sky.com/80.238.10.34:80]: Remembering the current response.
10:43:46.819 [LittleProxy-ProxyToServerWorker-3] DEBUG o.l.p.impl.ClientToProxyConnection - (AWAITING_INITIAL) [id: 0xd40ea92d, /127.0.0.1:48630 => /127.0.1.1:41135]: Writing: DefaultHttpResponse(decodeResult: success, version: HTTP/1.1)
HTTP/1.1 200 OK
X-FORWARDED-PROTO: http
Server: nginx
Date: Wed, 29 Jul 2015 09:43:46 GMT
Content-Type: text/html; charset=UTF-8
Transfer-Encoding: chunked
Vary: Accept-Encoding
X-Powered-By: Express
X-Frame-Options: DENY
Cache-Control: public, max-age=0
Last-Modified: Fri, 24 Jul 2015 14:37:56 GMT
Content-Encoding: gzip
Via: 1.1 localhost.localdomain
10:43:46.819 [LittleProxy-ProxyToServerWorker-3] DEBUG o.l.p.impl.ClientToProxyConnection - (AWAITING_INITIAL) [id: 0xd40ea92d, /127.0.0.1:48630 => /127.0.1.1:41135]: Wrote: DefaultHttpResponse(decodeResult: success, version: HTTP/1.1)
HTTP/1.1 200 OK
X-FORWARDED-PROTO: http
Server: nginx
Date: Wed, 29 Jul 2015 09:43:46 GMT
Content-Type: text/html; charset=UTF-8
Transfer-Encoding: chunked
Vary: Accept-Encoding
X-Powered-By: Express
X-Frame-Options: DENY
Cache-Control: public, max-age=0
Last-Modified: Fri, 24 Jul 2015 14:37:56 GMT
Content-Encoding: gzip
Via: 1.1 localhost.localdomain
10:43:46.819 [LittleProxy-ProxyToServerWorker-3] DEBUG o.l.p.impl.ClientToProxyConnection - (AWAITING_INITIAL) [id: 0xd40ea92d, /127.0.0.1:48630 => /127.0.1.1:41135]: Not closing server connection on middle chunk for /views/listCampaigns.html
10:43:46.819 [LittleProxy-ProxyToServerWorker-3] DEBUG o.l.p.impl.ClientToProxyConnection - (AWAITING_INITIAL) [id: 0xd40ea92d, /127.0.0.1:48630 => /127.0.1.1:41135]: Not closing client connection on middle chunk for /views/listCampaigns.html
10:43:46.819 [LittleProxy-ProxyToServerWorker-3] DEBUG o.l.p.impl.ProxyToServerConnection - (AWAITING_CHUNK) [id: 0x37e81f47, /10.65.140.181:37595 => voucher-manager-ui.stage.pv.nimbus-stage.cg.sky.com/80.238.10.34:80]: Reading: DefaultHttpContent(data: SlicedByteBuf(ridx: 0, widx: 1397, cap: 1397/1397, unwrapped: UnpooledUnsafeDirectByteBuf(ridx: 1794, widx: 1794, cap: 16384)), decoderResult: success)
10:43:46.819 [LittleProxy-ProxyToServerWorker-3] DEBUG o.l.p.impl.ClientToProxyConnection - (AWAITING_INITIAL) [id: 0xd40ea92d, /127.0.0.1:48630 => /127.0.1.1:41135]: Retaining reference counted message
10:43:46.819 [LittleProxy-ProxyToServerWorker-3] DEBUG o.l.p.impl.ClientToProxyConnection - (AWAITING_INITIAL) [id: 0xd40ea92d, /127.0.0.1:48630 => /127.0.1.1:41135]: Writing: DefaultHttpContent(data: SlicedByteBuf(ridx: 0, widx: 1397, cap: 1397/1397, unwrapped: UnpooledUnsafeDirectByteBuf(ridx: 1794, widx: 1794, cap: 16384)), decoderResult: success)
10:43:46.819 [LittleProxy-ProxyToServerWorker-3] DEBUG o.l.p.impl.ClientToProxyConnection - (AWAITING_INITIAL) [id: 0xd40ea92d, /127.0.0.1:48630 => /127.0.1.1:41135]: Wrote: DefaultHttpContent(data: SlicedByteBuf(ridx: 0, widx: 1397, cap: 1397/1397, unwrapped: UnpooledUnsafeDirectByteBuf(ridx: 1794, widx: 1794, cap: 16384)), decoderResult: success)
10:43:46.819 [LittleProxy-ProxyToServerWorker-3] DEBUG o.l.p.impl.ClientToProxyConnection - (AWAITING_INITIAL) [id: 0xd40ea92d, /127.0.0.1:48630 => /127.0.1.1:41135]: Not closing server connection on middle chunk for /views/listCampaigns.html
10:43:46.819 [LittleProxy-ProxyToServerWorker-3] DEBUG o.l.p.impl.ClientToProxyConnection - (AWAITING_INITIAL) [id: 0xd40ea92d, /127.0.0.1:48630 => /127.0.1.1:41135]: Not closing client connection on middle chunk for /views/listCampaigns.html
10:43:46.819 [LittleProxy-ProxyToServerWorker-3] DEBUG o.l.p.impl.ProxyToServerConnection - (AWAITING_CHUNK) [id: 0x37e81f47, /10.65.140.181:37595 => voucher-manager-ui.stage.pv.nimbus-stage.cg.sky.com/80.238.10.34:80]: Reading: EmptyLastHttpContent
10:43:46.819 [LittleProxy-ProxyToServerWorker-3] DEBUG o.l.p.impl.ClientToProxyConnection - (AWAITING_INITIAL) [id: 0xd40ea92d, /127.0.0.1:48630 => /127.0.1.1:41135]: Retaining reference counted message
10:43:46.819 [LittleProxy-ProxyToServerWorker-3] DEBUG o.l.p.impl.ClientToProxyConnection - (AWAITING_INITIAL) [id: 0xd40ea92d, /127.0.0.1:48630 => /127.0.1.1:41135]: Writing: EmptyLastHttpContent
10:43:46.819 [LittleProxy-ProxyToServerWorker-3] DEBUG o.l.p.impl.ClientToProxyConnection - (AWAITING_INITIAL) [id: 0xd40ea92d, /127.0.0.1:48630 => /127.0.1.1:41135]: Writing an empty buffer to signal the end of our chunked transfer
10:43:46.819 [LittleProxy-ProxyToServerWorker-3] DEBUG o.l.p.impl.ClientToProxyConnection - (AWAITING_INITIAL) [id: 0xd40ea92d, /127.0.0.1:48630 => /127.0.1.1:41135]: Wrote: EmptyLastHttpContent
10:43:46.819 [LittleProxy-ProxyToServerWorker-3] DEBUG o.l.p.impl.ClientToProxyConnection - (AWAITING_INITIAL) [id: 0xd40ea92d, /127.0.0.1:48630 => /127.0.1.1:41135]: Retaining reference counted message
10:43:46.819 [LittleProxy-ProxyToServerWorker-3] DEBUG o.l.p.impl.ClientToProxyConnection - (AWAITING_INITIAL) [id: 0xd40ea92d, /127.0.0.1:48630 => /127.0.1.1:41135]: Writing: EmptyByteBufBE
10:43:46.819 [LittleProxy-ProxyToServerWorker-3] DEBUG o.l.p.impl.ClientToProxyConnection - (AWAITING_INITIAL) [id: 0xd40ea92d, /127.0.0.1:48630 => /127.0.1.1:41135]: Wrote: EmptyByteBufBE
10:43:46.819 [LittleProxy-ProxyToServerWorker-3] DEBUG o.l.p.impl.ClientToProxyConnection - (AWAITING_INITIAL) [id: 0xd40ea92d, /127.0.0.1:48630 => /127.0.1.1:41135]: Handling last chunk. Using normal server connection closing rules.
10:43:46.819 [LittleProxy-ProxyToServerWorker-3] DEBUG o.l.p.impl.ClientToProxyConnection - (AWAITING_INITIAL) [id: 0xd40ea92d, /127.0.0.1:48630 => /127.0.1.1:41135]: Not closing server connection for response: DefaultHttpResponse(decodeResult: success, version: HTTP/1.1)
HTTP/1.1 200 OK
X-FORWARDED-PROTO: http
Server: nginx
Date: Wed, 29 Jul 2015 09:43:46 GMT
Content-Type: text/html; charset=UTF-8
Transfer-Encoding: chunked
Connection: keep-alive
Keep-Alive: timeout=10
Vary: Accept-Encoding
X-Powered-By: Express
X-Frame-Options: DENY
Cache-Control: public, max-age=0
Last-Modified: Fri, 24 Jul 2015 14:37:56 GMT
Content-Encoding: gzip
10:43:46.819 [LittleProxy-ProxyToServerWorker-3] DEBUG o.l.p.impl.ClientToProxyConnection - (AWAITING_INITIAL) [id: 0xd40ea92d, /127.0.0.1:48630 => /127.0.1.1:41135]: Handling last chunk. Using normal client connection closing rules.
10:43:46.820 [LittleProxy-ProxyToServerWorker-3] DEBUG o.l.p.impl.ClientToProxyConnection - (AWAITING_INITIAL) [id: 0xd40ea92d, /127.0.0.1:48630 => /127.0.1.1:41135]: Not closing client connection for request: [FAILED toString()]
10:43:46.829 [Forwarding getCurrentUrl on session 5e9977749cf8e028abefff19f425d7c0 to remote] DEBUG org.apache.http.wire - http-outgoing-11 << "HTTP/1.1 200 OK[\r][\n]"
10:43:46.829 [Forwarding getCurrentUrl on session 5e9977749cf8e028abefff19f425d7c0 to remote] DEBUG org.apache.http.wire - http-outgoing-11 << "Content-Length:140[\r][\n]"
10:43:46.829 [Forwarding getCurrentUrl on session 5e9977749cf8e028abefff19f425d7c0 to remote] DEBUG org.apache.http.wire - http-outgoing-11 << "Content-Type:application/json; charset=utf-8[\r][\n]"
10:43:46.829 [Forwarding getCurrentUrl on session 5e9977749cf8e028abefff19f425d7c0 to remote] DEBUG org.apache.http.wire - http-outgoing-11 << "Connection:close[\r][\n]"
10:43:46.829 [Forwarding getCurrentUrl on session 5e9977749cf8e028abefff19f425d7c0 to remote] DEBUG org.apache.http.wire - http-outgoing-11 << "[\r][\n]"
10:43:46.829 [Forwarding getCurrentUrl on session 5e9977749cf8e028abefff19f425d7c0 to remote] DEBUG org.apache.http.wire - http-outgoing-11 << "{"sessionId":"5e9977749cf8e028abefff19f425d7c0","status":0,"value":"http://voucher-manager-ui.stage.pv.nimbus-stage.cg.sky.com/#/campaigns"}"
10:43:46.830 [Forwarding getCurrentUrl on session 5e9977749cf8e028abefff19f425d7c0 to remote] DEBUG org.apache.http.headers - http-outgoing-11 << HTTP/1.1 200 OK
10:43:46.830 [Forwarding getCurrentUrl on session 5e9977749cf8e028abefff19f425d7c0 to remote] DEBUG org.apache.http.headers - http-outgoing-11 << Content-Length:140
10:43:46.830 [Forwarding getCurrentUrl on session 5e9977749cf8e028abefff19f425d7c0 to remote] DEBUG org.apache.http.headers - http-outgoing-11 << Content-Type:application/json; charset=utf-8
10:43:46.830 [Forwarding getCurrentUrl on session 5e9977749cf8e028abefff19f425d7c0 to remote] DEBUG org.apache.http.headers - http-outgoing-11 << Connection:close
10:43:46.830 [Forwarding getCurrentUrl on session 5e9977749cf8e028abefff19f425d7c0 to remote] DEBUG o.a.h.i.c.DefaultManagedHttpClientConnection - http-outgoing-11: Shutdown connection
10:43:46.830 [Forwarding getCurrentUrl on session 5e9977749cf8e028abefff19f425d7c0 to remote] DEBUG o.a.h.impl.execchain.MainClientExec - Connection discarded
10:43:46.830 [Forwarding getCurrentUrl on session 5e9977749cf8e028abefff19f425d7c0 to remote] DEBUG o.a.h.i.c.DefaultManagedHttpClientConnection - http-outgoing-11: Close connection
10:43:46.830 [Forwarding getCurrentUrl on session 5e9977749cf8e028abefff19f425d7c0 to remote] DEBUG o.a.h.i.c.PoolingHttpClientConnectionManager - Connection released: [id: 11][route: {}->http://localhost:13906][total kept alive: 0; route allocated: 0 of 2000; total allocated: 0 of 2000]
10:43:46.837 [Forwarding executeScript on session 5e9977749cf8e028abefff19f425d7c0 to remote] DEBUG o.a.h.c.protocol.RequestAddCookies - CookieSpec selected: best-match
10:43:46.837 [Forwarding executeScript on session 5e9977749cf8e028abefff19f425d7c0 to remote] DEBUG o.a.h.c.protocol.RequestAuthCache - Auth cache not set in the context
10:43:46.837 [Forwarding executeScript on session 5e9977749cf8e028abefff19f425d7c0 to remote] DEBUG o.a.h.i.c.PoolingHttpClientConnectionManager - Connection request: [route: {}->http://localhost:13906][total kept alive: 0; route allocated: 0 of 2000; total allocated: 0 of 2000]
10:43:46.837 [Forwarding executeScript on session 5e9977749cf8e028abefff19f425d7c0 to remote] DEBUG o.a.h.i.c.PoolingHttpClientConnectionManager - Connection leased: [id: 12][route: {}->http://localhost:13906][total kept alive: 0; route allocated: 1 of 2000; total allocated: 1 of 2000]
10:43:46.837 [Forwarding executeScript on session 5e9977749cf8e028abefff19f425d7c0 to remote] DEBUG o.a.h.impl.execchain.MainClientExec - Opening connection {}->http://localhost:13906
10:43:46.837 [Forwarding executeScript on session 5e9977749cf8e028abefff19f425d7c0 to remote] DEBUG o.a.h.i.c.HttpClientConnectionOperator - Connecting to localhost/127.0.0.1:13906
10:43:46.837 [Forwarding executeScript on session 5e9977749cf8e028abefff19f425d7c0 to remote] DEBUG o.a.h.i.c.HttpClientConnectionOperator - Connection established 127.0.0.1:34724<->127.0.0.1:13906
10:43:46.837 [Forwarding executeScript on session 5e9977749cf8e028abefff19f425d7c0 to remote] DEBUG o.a.h.impl.execchain.MainClientExec - Executing request POST /session/5e9977749cf8e028abefff19f425d7c0/execute HTTP/1.1
10:43:46.837 [Forwarding executeScript on session 5e9977749cf8e028abefff19f425d7c0 to remote] DEBUG o.a.h.impl.execchain.MainClientExec - Target auth state: UNCHALLENGED
10:43:46.837 [Forwarding executeScript on session 5e9977749cf8e028abefff19f425d7c0 to remote] DEBUG o.a.h.impl.execchain.MainClientExec - Proxy auth state: UNCHALLENGED
10:43:46.838 [Forwarding executeScript on session 5e9977749cf8e028abefff19f425d7c0 to remote] DEBUG org.apache.http.headers - http-outgoing-12 >> POST /session/5e9977749cf8e028abefff19f425d7c0/execute HTTP/1.1
10:43:46.838 [Forwarding executeScript on session 5e9977749cf8e028abefff19f425d7c0 to remote] DEBUG org.apache.http.headers - http-outgoing-12 >> Content-Type: application/json; charset=utf-8
10:43:46.838 [Forwarding executeScript on session 5e9977749cf8e028abefff19f425d7c0 to remote] DEBUG org.apache.http.headers - http-outgoing-12 >> Content-Length: 75
10:43:46.838 [Forwarding executeScript on session 5e9977749cf8e028abefff19f425d7c0 to remote] DEBUG org.apache.http.headers - http-outgoing-12 >> Host: localhost:13906
10:43:46.838 [Forwarding executeScript on session 5e9977749cf8e028abefff19f425d7c0 to remote] DEBUG org.apache.http.headers - http-outgoing-12 >> Connection: Keep-Alive
10:43:46.838 [Forwarding executeScript on session 5e9977749cf8e028abefff19f425d7c0 to remote] DEBUG org.apache.http.headers - http-outgoing-12 >> User-Agent: Apache-HttpClient/4.3.4 (java 1.5)
10:43:46.838 [Forwarding executeScript on session 5e9977749cf8e028abefff19f425d7c0 to remote] DEBUG org.apache.http.headers - http-outgoing-12 >> Accept-Encoding: gzip,deflate
10:43:46.838 [Forwarding executeScript on session 5e9977749cf8e028abefff19f425d7c0 to remote] DEBUG org.apache.http.wire - http-outgoing-12 >> "POST /session/5e9977749cf8e028abefff19f425d7c0/execute HTTP/1.1[\r][\n]"
10:43:46.838 [Forwarding executeScript on session 5e9977749cf8e028abefff19f425d7c0 to remote] DEBUG org.apache.http.wire - http-outgoing-12 >> "Content-Type: application/json; charset=utf-8[\r][\n]"
10:43:46.838 [Forwarding executeScript on session 5e9977749cf8e028abefff19f425d7c0 to remote] DEBUG org.apache.http.wire - http-outgoing-12 >> "Content-Length: 75[\r][\n]"
10:43:46.838 [Forwarding executeScript on session 5e9977749cf8e028abefff19f425d7c0 to remote] DEBUG org.apache.http.wire - http-outgoing-12 >> "Host: localhost:13906[\r][\n]"
10:43:46.838 [Forwarding executeScript on session 5e9977749cf8e028abefff19f425d7c0 to remote] DEBUG org.apache.http.wire - http-outgoing-12 >> "Connection: Keep-Alive[\r][\n]"
10:43:46.838 [Forwarding executeScript on session 5e9977749cf8e028abefff19f425d7c0 to remote] DEBUG org.apache.http.wire - http-outgoing-12 >> "User-Agent: Apache-HttpClient/4.3.4 (java 1.5)[\r][\n]"
10:43:46.838 [Forwarding executeScript on session 5e9977749cf8e028abefff19f425d7c0 to remote] DEBUG org.apache.http.wire - http-outgoing-12 >> "Accept-Encoding: gzip,deflate[\r][\n]"
10:43:46.838 [Forwarding executeScript on session 5e9977749cf8e028abefff19f425d7c0 to remote] DEBUG org.apache.http.wire - http-outgoing-12 >> "[\r][\n]"
10:43:46.838 [Forwarding executeScript on session 5e9977749cf8e028abefff19f425d7c0 to remote] DEBUG org.apache.http.wire - http-outgoing-12 >> "{"args":[],"script":"if (document.readyState) return document.readyState;"}"
10:43:46.907 [LittleProxy-ClientToProxyWorker-0] DEBUG o.l.p.impl.ClientToProxyConnection - (AWAITING_INITIAL) [id: 0x45fbf8a5, /127.0.0.1:48616 => /127.0.1.1:41135]: Reading: HttpObjectAggregator$AggregatedFullHttpRequest(decodeResult: success, version: HTTP/1.1, content: CompositeByteBuf(ridx: 0, widx: 0, cap: 0, components=0))
GET http://voucher-manager.stage.pv.nimbus-stage.cg.sky.com/campaign HTTP/1.1
Host: voucher-manager.stage.pv.nimbus-stage.cg.sky.com
Proxy-Connection: keep-alive
Authorization: Basic YWRtaW46cGFzcw==
Accept: application/json, text/plain, */*
User-Agent: Mozilla/5.0 (X11; Linux x86_64) AppleWebKit/537.36 (KHTML, like Gecko) Chrome/43.0.2357.134 Safari/537.36
Referer: http://voucher-manager-ui.stage.pv.nimbus-stage.cg.sky.com/
Accept-Encoding: gzip, deflate, sdch
Accept-Language: en-GB,en-US;q=0.8,en;q=0.6
Content-Length: 0
10:43:46.907 [LittleProxy-ClientToProxyWorker-6] DEBUG o.l.p.impl.ClientToProxyConnection - (AWAITING_INITIAL): Configuring ChannelPipeline
10:43:46.907 [LittleProxy-ClientToProxyWorker-0] DEBUG o.l.p.impl.ClientToProxyConnection - (AWAITING_INITIAL) [id: 0x45fbf8a5, /127.0.0.1:48616 => /127.0.1.1:41135]: Got request: HttpObjectAggregator$AggregatedFullHttpRequest(decodeResult: success, version: HTTP/1.1, content: CompositeByteBuf(ridx: 0, widx: 0, cap: 0, components=0))
GET http://voucher-manager.stage.pv.nimbus-stage.cg.sky.com/campaign HTTP/1.1
Host: voucher-manager.stage.pv.nimbus-stage.cg.sky.com
Proxy-Connection: keep-alive
Authorization: Basic YWRtaW46cGFzcw==
Accept: application/json, text/plain, */*
User-Agent: Mozilla/5.0 (X11; Linux x86_64) AppleWebKit/537.36 (KHTML, like Gecko) Chrome/43.0.2357.134 Safari/537.36
Referer: http://voucher-manager-ui.stage.pv.nimbus-stage.cg.sky.com/
Accept-Encoding: gzip, deflate, sdch
Accept-Language: en-GB,en-US;q=0.8,en;q=0.6
Content-Length: 0
10:43:46.908 [LittleProxy-ClientToProxyWorker-0] DEBUG o.l.p.impl.ClientToProxyConnection - (AWAITING_INITIAL) [id: 0x45fbf8a5, /127.0.0.1:48616 => /127.0.1.1:41135]: Ensuring that hostAndPort are available in http://voucher-manager.stage.pv.nimbus-stage.cg.sky.com/campaign
10:43:46.908 [LittleProxy-ClientToProxyWorker-0] DEBUG o.l.p.impl.ClientToProxyConnection - (AWAITING_INITIAL) [id: 0x45fbf8a5, /127.0.0.1:48616 => /127.0.1.1:41135]: Finding ProxyToServerConnection for: voucher-manager.stage.pv.nimbus-stage.cg.sky.com
10:43:46.908 [LittleProxy-ClientToProxyWorker-0] DEBUG o.l.p.impl.ClientToProxyConnection - (AWAITING_INITIAL) [id: 0x45fbf8a5, /127.0.0.1:48616 => /127.0.1.1:41135]: Reusing existing server connection: org.littleshoot.proxy.impl.ProxyToServerConnection@5e55e224
10:43:46.908 [LittleProxy-ClientToProxyWorker-0] DEBUG o.l.p.impl.ClientToProxyConnection - (AWAITING_INITIAL) [id: 0x45fbf8a5, /127.0.0.1:48616 => /127.0.1.1:41135]: Modifying request headers for proxying
10:43:46.908 [LittleProxy-ClientToProxyWorker-0] DEBUG o.l.p.impl.ClientToProxyConnection - (AWAITING_INITIAL) [id: 0x45fbf8a5, /127.0.0.1:48616 => /127.0.1.1:41135]: Modifying request for proxy chaining
10:43:46.908 [LittleProxy-ClientToProxyWorker-0] DEBUG o.l.p.impl.ClientToProxyConnection - (AWAITING_INITIAL) [id: 0x45fbf8a5, /127.0.0.1:48616 => /127.0.1.1:41135]: Stripped host from uri: http://voucher-manager.stage.pv.nimbus-stage.cg.sky.com/campaign    yielding: /campaign
10:43:46.908 [LittleProxy-ClientToProxyWorker-0] DEBUG o.l.p.impl.ClientToProxyConnection - (AWAITING_INITIAL) [id: 0x45fbf8a5, /127.0.0.1:48616 => /127.0.1.1:41135]: Removed sdch and inserted: gzip, deflate, 
10:43:46.908 [LittleProxy-ClientToProxyWorker-0] DEBUG o.l.p.impl.ClientToProxyConnection - (AWAITING_INITIAL) [id: 0x45fbf8a5, /127.0.0.1:48616 => /127.0.1.1:41135]: Writing request to ProxyToServerConnection
10:43:46.908 [LittleProxy-ClientToProxyWorker-0] DEBUG o.l.p.impl.ProxyToServerConnection - (AWAITING_INITIAL) [id: 0x65ecad2b, /10.65.140.181:37580 => voucher-manager.stage.pv.nimbus-stage.cg.sky.com/80.238.10.34:80]: Requested write of HttpObjectAggregator$AggregatedFullHttpRequest(decodeResult: success, version: HTTP/1.1, content: CompositeByteBuf(ridx: 0, widx: 0, cap: 0, components=0))
GET /campaign HTTP/1.1
Host: voucher-manager.stage.pv.nimbus-stage.cg.sky.com
Authorization: Basic YWRtaW46cGFzcw==
Accept: application/json, text/plain, */*
User-Agent: Mozilla/5.0 (X11; Linux x86_64) AppleWebKit/537.36 (KHTML, like Gecko) Chrome/43.0.2357.134 Safari/537.36
Referer: http://voucher-manager-ui.stage.pv.nimbus-stage.cg.sky.com/
Accept-Language: en-GB,en-US;q=0.8,en;q=0.6
Content-Length: 0
Accept-Encoding: gzip, deflate, 
Via: 1.1 localhost.localdomain
10:43:46.908 [LittleProxy-ClientToProxyWorker-0] DEBUG o.l.p.impl.ProxyToServerConnection - (AWAITING_INITIAL) [id: 0x65ecad2b, /10.65.140.181:37580 => voucher-manager.stage.pv.nimbus-stage.cg.sky.com/80.238.10.34:80]: Retaining reference counted message
10:43:46.908 [LittleProxy-ClientToProxyWorker-0] DEBUG o.l.p.impl.ProxyToServerConnection - (AWAITING_INITIAL) [id: 0x65ecad2b, /10.65.140.181:37580 => voucher-manager.stage.pv.nimbus-stage.cg.sky.com/80.238.10.34:80]: Using existing connection to: voucher-manager.stage.pv.nimbus-stage.cg.sky.com/80.238.10.34:80
10:43:46.908 [LittleProxy-ClientToProxyWorker-0] DEBUG o.l.p.impl.ProxyToServerConnection - (AWAITING_INITIAL) [id: 0x65ecad2b, /10.65.140.181:37580 => voucher-manager.stage.pv.nimbus-stage.cg.sky.com/80.238.10.34:80]: Writing: HttpObjectAggregator$AggregatedFullHttpRequest(decodeResult: success, version: HTTP/1.1, content: CompositeByteBuf(ridx: 0, widx: 0, cap: 0, components=0))
GET /campaign HTTP/1.1
Host: voucher-manager.stage.pv.nimbus-stage.cg.sky.com
Authorization: Basic YWRtaW46cGFzcw==
Accept: application/json, text/plain, */*
User-Agent: Mozilla/5.0 (X11; Linux x86_64) AppleWebKit/537.36 (KHTML, like Gecko) Chrome/43.0.2357.134 Safari/537.36
Referer: http://voucher-manager-ui.stage.pv.nimbus-stage.cg.sky.com/
Accept-Language: en-GB,en-US;q=0.8,en;q=0.6
Content-Length: 0
Accept-Encoding: gzip, deflate, 
Via: 1.1 localhost.localdomain
10:43:46.908 [LittleProxy-ClientToProxyWorker-0] DEBUG o.l.p.impl.ProxyToServerConnection - (AWAITING_INITIAL) [id: 0x65ecad2b, /10.65.140.181:37580 => voucher-manager.stage.pv.nimbus-stage.cg.sky.com/80.238.10.34:80]: Writing an empty buffer to signal the end of our chunked transfer
10:43:46.908 [LittleProxy-ClientToProxyWorker-0] DEBUG o.l.p.impl.ProxyToServerConnection - (AWAITING_INITIAL) [id: 0x65ecad2b, /10.65.140.181:37580 => voucher-manager.stage.pv.nimbus-stage.cg.sky.com/80.238.10.34:80]: Wrote: HttpObjectAggregator$AggregatedFullHttpRequest(decodeResult: success, version: HTTP/1.1, content: CompositeByteBuf(ridx: 0, widx: 0, cap: 0, components=0))
GET /campaign HTTP/1.1
Host: voucher-manager.stage.pv.nimbus-stage.cg.sky.com
Authorization: Basic YWRtaW46cGFzcw==
Accept: application/json, text/plain, */*
User-Agent: Mozilla/5.0 (X11; Linux x86_64) AppleWebKit/537.36 (KHTML, like Gecko) Chrome/43.0.2357.134 Safari/537.36
Referer: http://voucher-manager-ui.stage.pv.nimbus-stage.cg.sky.com/
Accept-Language: en-GB,en-US;q=0.8,en;q=0.6
Content-Length: 0
Accept-Encoding: gzip, deflate, 
Via: 1.1 localhost.localdomain
10:43:46.908 [LittleProxy-ClientToProxyWorker-6] DEBUG o.l.p.impl.ClientToProxyConnection - (AWAITING_INITIAL): Created ClientToProxyConnection
10:43:46.909 [LittleProxy-ClientToProxyWorker-6] DEBUG o.l.p.impl.ClientToProxyConnection - (AWAITING_INITIAL) [id: 0xa8643ea7, /127.0.0.1:48641 => /127.0.1.1:41135]: Connected
10:43:46.909 [LittleProxy-ClientToProxyWorker-6] DEBUG o.l.p.impl.ClientToProxyConnection - (AWAITING_INITIAL) [id: 0xa8643ea7, /127.0.0.1:48641 => /127.0.1.1:41135]: Reading: HttpObjectAggregator$AggregatedFullHttpRequest(decodeResult: success, version: HTTP/1.1, content: CompositeByteBuf(ridx: 0, widx: 0, cap: 0, components=0))
GET http://voucher-manager.stage.pv.nimbus-stage.cg.sky.com/campaign/types HTTP/1.1
Host: voucher-manager.stage.pv.nimbus-stage.cg.sky.com
Proxy-Connection: keep-alive
Authorization: Basic YWRtaW46cGFzcw==
Accept: application/json, text/plain, */*
User-Agent: Mozilla/5.0 (X11; Linux x86_64) AppleWebKit/537.36 (KHTML, like Gecko) Chrome/43.0.2357.134 Safari/537.36
Referer: http://voucher-manager-ui.stage.pv.nimbus-stage.cg.sky.com/
Accept-Encoding: gzip, deflate, sdch
Accept-Language: en-GB,en-US;q=0.8,en;q=0.6
Content-Length: 0
10:43:46.909 [LittleProxy-ClientToProxyWorker-6] DEBUG o.l.p.impl.ClientToProxyConnection - (AWAITING_INITIAL) [id: 0xa8643ea7, /127.0.0.1:48641 => /127.0.1.1:41135]: Got request: HttpObjectAggregator$AggregatedFullHttpRequest(decodeResult: success, version: HTTP/1.1, content: CompositeByteBuf(ridx: 0, widx: 0, cap: 0, components=0))
GET http://voucher-manager.stage.pv.nimbus-stage.cg.sky.com/campaign/types HTTP/1.1
Host: voucher-manager.stage.pv.nimbus-stage.cg.sky.com
Proxy-Connection: keep-alive
Authorization: Basic YWRtaW46cGFzcw==
Accept: application/json, text/plain, */*
User-Agent: Mozilla/5.0 (X11; Linux x86_64) AppleWebKit/537.36 (KHTML, like Gecko) Chrome/43.0.2357.134 Safari/537.36
Referer: http://voucher-manager-ui.stage.pv.nimbus-stage.cg.sky.com/
Accept-Encoding: gzip, deflate, sdch
Accept-Language: en-GB,en-US;q=0.8,en;q=0.6
Content-Length: 0
10:43:46.910 [LittleProxy-ClientToProxyWorker-6] DEBUG o.l.p.impl.ClientToProxyConnection - (AWAITING_INITIAL) [id: 0xa8643ea7, /127.0.0.1:48641 => /127.0.1.1:41135]: Ensuring that hostAndPort are available in http://voucher-manager.stage.pv.nimbus-stage.cg.sky.com/campaign/types
10:43:46.910 [LittleProxy-ClientToProxyWorker-6] DEBUG o.l.p.impl.ClientToProxyConnection - (AWAITING_INITIAL) [id: 0xa8643ea7, /127.0.0.1:48641 => /127.0.1.1:41135]: Finding ProxyToServerConnection for: voucher-manager.stage.pv.nimbus-stage.cg.sky.com
10:43:46.910 [LittleProxy-ClientToProxyWorker-6] DEBUG o.l.p.impl.ClientToProxyConnection - (AWAITING_INITIAL) [id: 0xa8643ea7, /127.0.0.1:48641 => /127.0.1.1:41135]: Didn't find existing ProxyToServerConnection for: voucher-manager.stage.pv.nimbus-stage.cg.sky.com
10:43:46.910 [LittleProxy-ClientToProxyWorker-6] DEBUG o.l.p.impl.ClientToProxyConnection - (AWAITING_INITIAL) [id: 0xa8643ea7, /127.0.0.1:48641 => /127.0.1.1:41135]: Modifying request headers for proxying
10:43:46.910 [LittleProxy-ClientToProxyWorker-6] DEBUG o.l.p.impl.ClientToProxyConnection - (AWAITING_INITIAL) [id: 0xa8643ea7, /127.0.0.1:48641 => /127.0.1.1:41135]: Modifying request for proxy chaining
10:43:46.910 [LittleProxy-ClientToProxyWorker-6] DEBUG o.l.p.impl.ClientToProxyConnection - (AWAITING_INITIAL) [id: 0xa8643ea7, /127.0.0.1:48641 => /127.0.1.1:41135]: Stripped host from uri: http://voucher-manager.stage.pv.nimbus-stage.cg.sky.com/campaign/types    yielding: /campaign/types
10:43:46.910 [LittleProxy-ClientToProxyWorker-6] DEBUG o.l.p.impl.ClientToProxyConnection - (AWAITING_INITIAL) [id: 0xa8643ea7, /127.0.0.1:48641 => /127.0.1.1:41135]: Removed sdch and inserted: gzip, deflate, 
10:43:46.910 [LittleProxy-ClientToProxyWorker-6] DEBUG o.l.p.impl.ClientToProxyConnection - (AWAITING_INITIAL) [id: 0xa8643ea7, /127.0.0.1:48641 => /127.0.1.1:41135]: Writing request to ProxyToServerConnection
10:43:46.910 [LittleProxy-ClientToProxyWorker-6] DEBUG o.l.p.impl.ProxyToServerConnection - (DISCONNECTED): Requested write of HttpObjectAggregator$AggregatedFullHttpRequest(decodeResult: success, version: HTTP/1.1, content: CompositeByteBuf(ridx: 0, widx: 0, cap: 0, components=0))
GET /campaign/types HTTP/1.1
Host: voucher-manager.stage.pv.nimbus-stage.cg.sky.com
Authorization: Basic YWRtaW46cGFzcw==
Accept: application/json, text/plain, */*
User-Agent: Mozilla/5.0 (X11; Linux x86_64) AppleWebKit/537.36 (KHTML, like Gecko) Chrome/43.0.2357.134 Safari/537.36
Referer: http://voucher-manager-ui.stage.pv.nimbus-stage.cg.sky.com/
Accept-Language: en-GB,en-US;q=0.8,en;q=0.6
Content-Length: 0
Accept-Encoding: gzip, deflate, 
Via: 1.1 localhost.localdomain
10:43:46.910 [LittleProxy-ClientToProxyWorker-6] DEBUG o.l.p.impl.ProxyToServerConnection - (DISCONNECTED): Retaining reference counted message
10:43:46.910 [LittleProxy-ClientToProxyWorker-6] DEBUG o.l.p.impl.ProxyToServerConnection - (DISCONNECTED): Currently disconnected, connect and then write the message
10:43:46.910 [LittleProxy-ClientToProxyWorker-6] DEBUG o.l.p.impl.ProxyToServerConnection - (DISCONNECTED): Starting new connection to: voucher-manager.stage.pv.nimbus-stage.cg.sky.com/80.238.10.34:80
10:43:46.910 [LittleProxy-ClientToProxyWorker-6] DEBUG o.l.p.impl.ClientToProxyConnection - (AWAITING_INITIAL) [id: 0xa8643ea7, /127.0.0.1:48641 => /127.0.1.1:41135]: Stopped reading
10:43:46.910 [LittleProxy-ClientToProxyWorker-6] DEBUG o.l.p.impl.ProxyToServerConnection - (DISCONNECTED): Processing connection flow step: CONNECTING
10:43:46.910 [LittleProxy-ClientToProxyWorker-6] DEBUG o.l.p.impl.ProxyToServerConnection - (CONNECTING): Connecting to server with TCP
10:43:46.918 [LittleProxy-ProxyToServerWorker-6] DEBUG o.l.p.impl.ProxyToServerConnection - (CONNECTING) [id: 0xbb43eb66, /10.65.140.181:37605 => voucher-manager.stage.pv.nimbus-stage.cg.sky.com/80.238.10.34:80]: ConnectionFlowStep succeeded
10:43:46.918 [LittleProxy-ProxyToServerWorker-6] DEBUG o.l.p.impl.ProxyToServerConnection - (CONNECTING) [id: 0xbb43eb66, /10.65.140.181:37605 => voucher-manager.stage.pv.nimbus-stage.cg.sky.com/80.238.10.34:80]: Connection flow completed successfully: null
10:43:46.918 [LittleProxy-ProxyToServerWorker-6] DEBUG o.l.p.impl.ClientToProxyConnection - (AWAITING_INITIAL) [id: 0xa8643ea7, /127.0.0.1:48641 => /127.0.1.1:41135]: Connection to server succeeded: voucher-manager.stage.pv.nimbus-stage.cg.sky.com/80.238.10.34:80
10:43:46.918 [LittleProxy-ProxyToServerWorker-6] DEBUG o.l.p.impl.ClientToProxyConnection - (AWAITING_INITIAL) [id: 0xa8643ea7, /127.0.0.1:48641 => /127.0.1.1:41135]: All servers have finished attempting to connect, resuming reading from client.
10:43:46.918 [LittleProxy-ProxyToServerWorker-6] DEBUG o.l.p.impl.ClientToProxyConnection - (AWAITING_INITIAL) [id: 0xa8643ea7, /127.0.0.1:48641 => /127.0.1.1:41135]: Resumed reading
10:43:46.918 [LittleProxy-ProxyToServerWorker-6] DEBUG o.l.p.impl.ProxyToServerConnection - (AWAITING_INITIAL) [id: 0xbb43eb66, /10.65.140.181:37605 => voucher-manager.stage.pv.nimbus-stage.cg.sky.com/80.238.10.34:80]: Writing initial request: HttpObjectAggregator$AggregatedFullHttpRequest(decodeResult: success, version: HTTP/1.1, content: CompositeByteBuf(ridx: 0, widx: 0, cap: 0, components=0))
GET /campaign/types HTTP/1.1
Host: voucher-manager.stage.pv.nimbus-stage.cg.sky.com
Authorization: Basic YWRtaW46cGFzcw==
Accept: application/json, text/plain, */*
User-Agent: Mozilla/5.0 (X11; Linux x86_64) AppleWebKit/537.36 (KHTML, like Gecko) Chrome/43.0.2357.134 Safari/537.36
Referer: http://voucher-manager-ui.stage.pv.nimbus-stage.cg.sky.com/
Accept-Language: en-GB,en-US;q=0.8,en;q=0.6
Content-Length: 0
Accept-Encoding: gzip, deflate, 
Via: 1.1 localhost.localdomain
10:43:46.918 [LittleProxy-ProxyToServerWorker-6] DEBUG o.l.p.impl.ProxyToServerConnection - (AWAITING_INITIAL) [id: 0xbb43eb66, /10.65.140.181:37605 => voucher-manager.stage.pv.nimbus-stage.cg.sky.com/80.238.10.34:80]: Requested write of HttpObjectAggregator$AggregatedFullHttpRequest(decodeResult: success, version: HTTP/1.1, content: CompositeByteBuf(ridx: 0, widx: 0, cap: 0, components=0))
GET /campaign/types HTTP/1.1
Host: voucher-manager.stage.pv.nimbus-stage.cg.sky.com
Authorization: Basic YWRtaW46cGFzcw==
Accept: application/json, text/plain, */*
User-Agent: Mozilla/5.0 (X11; Linux x86_64) AppleWebKit/537.36 (KHTML, like Gecko) Chrome/43.0.2357.134 Safari/537.36
Referer: http://voucher-manager-ui.stage.pv.nimbus-stage.cg.sky.com/
Accept-Language: en-GB,en-US;q=0.8,en;q=0.6
Content-Length: 0
Accept-Encoding: gzip, deflate, 
Via: 1.1 localhost.localdomain
10:43:46.918 [LittleProxy-ProxyToServerWorker-6] DEBUG o.l.p.impl.ProxyToServerConnection - (AWAITING_INITIAL) [id: 0xbb43eb66, /10.65.140.181:37605 => voucher-manager.stage.pv.nimbus-stage.cg.sky.com/80.238.10.34:80]: Retaining reference counted message
10:43:46.918 [LittleProxy-ProxyToServerWorker-6] DEBUG o.l.p.impl.ProxyToServerConnection - (AWAITING_INITIAL) [id: 0xbb43eb66, /10.65.140.181:37605 => voucher-manager.stage.pv.nimbus-stage.cg.sky.com/80.238.10.34:80]: Using existing connection to: voucher-manager.stage.pv.nimbus-stage.cg.sky.com/80.238.10.34:80
10:43:46.918 [LittleProxy-ProxyToServerWorker-6] DEBUG o.l.p.impl.ProxyToServerConnection - (AWAITING_INITIAL) [id: 0xbb43eb66, /10.65.140.181:37605 => voucher-manager.stage.pv.nimbus-stage.cg.sky.com/80.238.10.34:80]: Writing: HttpObjectAggregator$AggregatedFullHttpRequest(decodeResult: success, version: HTTP/1.1, content: CompositeByteBuf(ridx: 0, widx: 0, cap: 0, components=0))
GET /campaign/types HTTP/1.1
Host: voucher-manager.stage.pv.nimbus-stage.cg.sky.com
Authorization: Basic YWRtaW46cGFzcw==
Accept: application/json, text/plain, */*
User-Agent: Mozilla/5.0 (X11; Linux x86_64) AppleWebKit/537.36 (KHTML, like Gecko) Chrome/43.0.2357.134 Safari/537.36
Referer: http://voucher-manager-ui.stage.pv.nimbus-stage.cg.sky.com/
Accept-Language: en-GB,en-US;q=0.8,en;q=0.6
Content-Length: 0
Accept-Encoding: gzip, deflate, 
Via: 1.1 localhost.localdomain
10:43:46.918 [LittleProxy-ProxyToServerWorker-6] DEBUG o.l.p.impl.ProxyToServerConnection - (AWAITING_INITIAL) [id: 0xbb43eb66, /10.65.140.181:37605 => voucher-manager.stage.pv.nimbus-stage.cg.sky.com/80.238.10.34:80]: Writing an empty buffer to signal the end of our chunked transfer
10:43:46.918 [LittleProxy-ProxyToServerWorker-6] DEBUG o.l.p.impl.ProxyToServerConnection - (AWAITING_INITIAL) [id: 0xbb43eb66, /10.65.140.181:37605 => voucher-manager.stage.pv.nimbus-stage.cg.sky.com/80.238.10.34:80]: Wrote: HttpObjectAggregator$AggregatedFullHttpRequest(decodeResult: success, version: HTTP/1.1, content: CompositeByteBuf(ridx: 0, widx: 0, cap: 0, components=0))
GET /campaign/types HTTP/1.1
Host: voucher-manager.stage.pv.nimbus-stage.cg.sky.com
Authorization: Basic YWRtaW46cGFzcw==
Accept: application/json, text/plain, */*
User-Agent: Mozilla/5.0 (X11; Linux x86_64) AppleWebKit/537.36 (KHTML, like Gecko) Chrome/43.0.2357.134 Safari/537.36
Referer: http://voucher-manager-ui.stage.pv.nimbus-stage.cg.sky.com/
Accept-Language: en-GB,en-US;q=0.8,en;q=0.6
Content-Length: 0
Accept-Encoding: gzip, deflate, 
Via: 1.1 localhost.localdomain
10:43:46.918 [LittleProxy-ProxyToServerWorker-6] DEBUG o.l.p.impl.ProxyToServerConnection - (AWAITING_INITIAL) [id: 0xbb43eb66, /10.65.140.181:37605 => voucher-manager.stage.pv.nimbus-stage.cg.sky.com/80.238.10.34:80]: Connected
10:43:46.980 [LittleProxy-ProxyToServerWorker-6] DEBUG o.l.p.impl.ProxyToServerConnection - (AWAITING_INITIAL) [id: 0xbb43eb66, /10.65.140.181:37605 => voucher-manager.stage.pv.nimbus-stage.cg.sky.com/80.238.10.34:80]: Remembering the current request.
10:43:46.980 [LittleProxy-ProxyToServerWorker-6] DEBUG o.l.p.impl.ProxyToServerConnection - (AWAITING_INITIAL) [id: 0xbb43eb66, /10.65.140.181:37605 => voucher-manager.stage.pv.nimbus-stage.cg.sky.com/80.238.10.34:80]: Reading: DefaultHttpResponse(decodeResult: success, version: HTTP/1.1)
HTTP/1.1 200 OK
X-FORWARDED-PROTO: http
Server: nginx
Date: Wed, 29 Jul 2015 09:43:46 GMT
Content-Type: application/json;charset=UTF-8
Transfer-Encoding: chunked
Connection: keep-alive
Keep-Alive: timeout=10
Access-Control-Allow-Credentials: true
X-Content-Type-Options: nosniff
X-XSS-Protection: 1; mode=block
Cache-Control: no-cache, no-store, max-age=0, must-revalidate
Pragma: no-cache
Expires: 0
X-Frame-Options: DENY
X-Application-Context: pv__voucher-manager__stage__v0_1_0_972:stage-cloud:2
10:43:46.980 [LittleProxy-ProxyToServerWorker-6] DEBUG o.l.p.impl.ProxyToServerConnection - (AWAITING_INITIAL) [id: 0xbb43eb66, /10.65.140.181:37605 => voucher-manager.stage.pv.nimbus-stage.cg.sky.com/80.238.10.34:80]: Received raw response: DefaultHttpResponse(decodeResult: success, version: HTTP/1.1)
HTTP/1.1 200 OK
X-FORWARDED-PROTO: http
Server: nginx
Date: Wed, 29 Jul 2015 09:43:46 GMT
Content-Type: application/json;charset=UTF-8
Transfer-Encoding: chunked
Connection: keep-alive
Keep-Alive: timeout=10
Access-Control-Allow-Credentials: true
X-Content-Type-Options: nosniff
X-XSS-Protection: 1; mode=block
Cache-Control: no-cache, no-store, max-age=0, must-revalidate
Pragma: no-cache
Expires: 0
X-Frame-Options: DENY
X-Application-Context: pv__voucher-manager__stage__v0_1_0_972:stage-cloud:2
10:43:46.980 [LittleProxy-ProxyToServerWorker-6] DEBUG o.l.p.impl.ProxyToServerConnection - (AWAITING_INITIAL) [id: 0xbb43eb66, /10.65.140.181:37605 => voucher-manager.stage.pv.nimbus-stage.cg.sky.com/80.238.10.34:80]: Remembering the current response.
10:43:46.981 [LittleProxy-ProxyToServerWorker-6] DEBUG o.l.p.impl.ClientToProxyConnection - (AWAITING_INITIAL) [id: 0xa8643ea7, /127.0.0.1:48641 => /127.0.1.1:41135]: Writing: DefaultHttpResponse(decodeResult: success, version: HTTP/1.1)
HTTP/1.1 200 OK
X-FORWARDED-PROTO: http
Server: nginx
Date: Wed, 29 Jul 2015 09:43:46 GMT
Content-Type: application/json;charset=UTF-8
Transfer-Encoding: chunked
Access-Control-Allow-Credentials: true
X-Content-Type-Options: nosniff
X-XSS-Protection: 1; mode=block
Cache-Control: no-cache, no-store, max-age=0, must-revalidate
Pragma: no-cache
Expires: 0
X-Frame-Options: DENY
X-Application-Context: pv__voucher-manager__stage__v0_1_0_972:stage-cloud:2
Via: 1.1 localhost.localdomain
10:43:46.981 [LittleProxy-ProxyToServerWorker-6] DEBUG o.l.p.impl.ClientToProxyConnection - (AWAITING_INITIAL) [id: 0xa8643ea7, /127.0.0.1:48641 => /127.0.1.1:41135]: Wrote: DefaultHttpResponse(decodeResult: success, version: HTTP/1.1)
HTTP/1.1 200 OK
X-FORWARDED-PROTO: http
Server: nginx
Date: Wed, 29 Jul 2015 09:43:46 GMT
Content-Type: application/json;charset=UTF-8
Transfer-Encoding: chunked
Access-Control-Allow-Credentials: true
X-Content-Type-Options: nosniff
X-XSS-Protection: 1; mode=block
Cache-Control: no-cache, no-store, max-age=0, must-revalidate
Pragma: no-cache
Expires: 0
X-Frame-Options: DENY
X-Application-Context: pv__voucher-manager__stage__v0_1_0_972:stage-cloud:2
Via: 1.1 localhost.localdomain
10:43:46.981 [LittleProxy-ProxyToServerWorker-6] DEBUG o.l.p.impl.ClientToProxyConnection - (AWAITING_INITIAL) [id: 0xa8643ea7, /127.0.0.1:48641 => /127.0.1.1:41135]: Not closing server connection on middle chunk for /campaign/types
10:43:46.981 [LittleProxy-ProxyToServerWorker-6] DEBUG o.l.p.impl.ClientToProxyConnection - (AWAITING_INITIAL) [id: 0xa8643ea7, /127.0.0.1:48641 => /127.0.1.1:41135]: Not closing client connection on middle chunk for /campaign/types
10:43:46.981 [LittleProxy-ProxyToServerWorker-6] DEBUG o.l.p.impl.ProxyToServerConnection - (AWAITING_CHUNK) [id: 0xbb43eb66, /10.65.140.181:37605 => voucher-manager.stage.pv.nimbus-stage.cg.sky.com/80.238.10.34:80]: Reading: DefaultHttpContent(data: SlicedByteBuf(ridx: 0, widx: 223, cap: 223/223, unwrapped: UnpooledUnsafeDirectByteBuf(ridx: 751, widx: 751, cap: 1024)), decoderResult: success)
10:43:46.981 [LittleProxy-ProxyToServerWorker-6] DEBUG o.l.p.impl.ClientToProxyConnection - (AWAITING_INITIAL) [id: 0xa8643ea7, /127.0.0.1:48641 => /127.0.1.1:41135]: Retaining reference counted message
10:43:46.981 [LittleProxy-ProxyToServerWorker-6] DEBUG o.l.p.impl.ClientToProxyConnection - (AWAITING_INITIAL) [id: 0xa8643ea7, /127.0.0.1:48641 => /127.0.1.1:41135]: Writing: DefaultHttpContent(data: SlicedByteBuf(ridx: 0, widx: 223, cap: 223/223, unwrapped: UnpooledUnsafeDirectByteBuf(ridx: 751, widx: 751, cap: 1024)), decoderResult: success)
10:43:46.981 [LittleProxy-ProxyToServerWorker-6] DEBUG o.l.p.impl.ClientToProxyConnection - (AWAITING_INITIAL) [id: 0xa8643ea7, /127.0.0.1:48641 => /127.0.1.1:41135]: Wrote: DefaultHttpContent(data: SlicedByteBuf(ridx: 0, widx: 223, cap: 223/223, unwrapped: UnpooledUnsafeDirectByteBuf(ridx: 751, widx: 751, cap: 1024)), decoderResult: success)
10:43:46.981 [LittleProxy-ProxyToServerWorker-6] DEBUG o.l.p.impl.ClientToProxyConnection - (AWAITING_INITIAL) [id: 0xa8643ea7, /127.0.0.1:48641 => /127.0.1.1:41135]: Not closing server connection on middle chunk for /campaign/types
10:43:46.981 [LittleProxy-ProxyToServerWorker-6] DEBUG o.l.p.impl.ClientToProxyConnection - (AWAITING_INITIAL) [id: 0xa8643ea7, /127.0.0.1:48641 => /127.0.1.1:41135]: Not closing client connection on middle chunk for /campaign/types
10:43:46.981 [LittleProxy-ProxyToServerWorker-6] DEBUG o.l.p.impl.ProxyToServerConnection - (AWAITING_CHUNK) [id: 0xbb43eb66, /10.65.140.181:37605 => voucher-manager.stage.pv.nimbus-stage.cg.sky.com/80.238.10.34:80]: Reading: EmptyLastHttpContent
10:43:46.981 [LittleProxy-ProxyToServerWorker-6] DEBUG o.l.p.impl.ClientToProxyConnection - (AWAITING_INITIAL) [id: 0xa8643ea7, /127.0.0.1:48641 => /127.0.1.1:41135]: Retaining reference counted message
10:43:46.981 [LittleProxy-ProxyToServerWorker-6] DEBUG o.l.p.impl.ClientToProxyConnection - (AWAITING_INITIAL) [id: 0xa8643ea7, /127.0.0.1:48641 => /127.0.1.1:41135]: Writing: EmptyLastHttpContent
10:43:46.981 [LittleProxy-ProxyToServerWorker-6] DEBUG o.l.p.impl.ClientToProxyConnection - (AWAITING_INITIAL) [id: 0xa8643ea7, /127.0.0.1:48641 => /127.0.1.1:41135]: Writing an empty buffer to signal the end of our chunked transfer
10:43:46.981 [LittleProxy-ProxyToServerWorker-6] DEBUG o.l.p.impl.ClientToProxyConnection - (AWAITING_INITIAL) [id: 0xa8643ea7, /127.0.0.1:48641 => /127.0.1.1:41135]: Wrote: EmptyLastHttpContent
10:43:46.981 [LittleProxy-ProxyToServerWorker-6] DEBUG o.l.p.impl.ClientToProxyConnection - (AWAITING_INITIAL) [id: 0xa8643ea7, /127.0.0.1:48641 => /127.0.1.1:41135]: Retaining reference counted message
10:43:46.981 [LittleProxy-ProxyToServerWorker-6] DEBUG o.l.p.impl.ClientToProxyConnection - (AWAITING_INITIAL) [id: 0xa8643ea7, /127.0.0.1:48641 => /127.0.1.1:41135]: Writing: EmptyByteBufBE
10:43:46.981 [LittleProxy-ProxyToServerWorker-6] DEBUG o.l.p.impl.ClientToProxyConnection - (AWAITING_INITIAL) [id: 0xa8643ea7, /127.0.0.1:48641 => /127.0.1.1:41135]: Wrote: EmptyByteBufBE
10:43:46.981 [LittleProxy-ProxyToServerWorker-6] DEBUG o.l.p.impl.ClientToProxyConnection - (AWAITING_INITIAL) [id: 0xa8643ea7, /127.0.0.1:48641 => /127.0.1.1:41135]: Handling last chunk. Using normal server connection closing rules.
10:43:46.981 [LittleProxy-ProxyToServerWorker-6] DEBUG o.l.p.impl.ClientToProxyConnection - (AWAITING_INITIAL) [id: 0xa8643ea7, /127.0.0.1:48641 => /127.0.1.1:41135]: Not closing server connection for response: DefaultHttpResponse(decodeResult: success, version: HTTP/1.1)
HTTP/1.1 200 OK
X-FORWARDED-PROTO: http
Server: nginx
Date: Wed, 29 Jul 2015 09:43:46 GMT
Content-Type: application/json;charset=UTF-8
Transfer-Encoding: chunked
Connection: keep-alive
Keep-Alive: timeout=10
Access-Control-Allow-Credentials: true
X-Content-Type-Options: nosniff
X-XSS-Protection: 1; mode=block
Cache-Control: no-cache, no-store, max-age=0, must-revalidate
Pragma: no-cache
Expires: 0
X-Frame-Options: DENY
X-Application-Context: pv__voucher-manager__stage__v0_1_0_972:stage-cloud:2
10:43:46.981 [LittleProxy-ProxyToServerWorker-6] DEBUG o.l.p.impl.ClientToProxyConnection - (AWAITING_INITIAL) [id: 0xa8643ea7, /127.0.0.1:48641 => /127.0.1.1:41135]: Handling last chunk. Using normal client connection closing rules.
10:43:46.981 [LittleProxy-ProxyToServerWorker-6] DEBUG o.l.p.impl.ClientToProxyConnection - (AWAITING_INITIAL) [id: 0xa8643ea7, /127.0.0.1:48641 => /127.0.1.1:41135]: Not closing client connection for request: HttpObjectAggregator$AggregatedFullHttpRequest(decodeResult: success, version: HTTP/1.1, content: CompositeByteBuf(ridx: 0, widx: 0, cap: 0, components=0))
GET /campaign/types HTTP/1.1
Host: voucher-manager.stage.pv.nimbus-stage.cg.sky.com
Authorization: Basic YWRtaW46cGFzcw==
Accept: application/json, text/plain, */*
User-Agent: Mozilla/5.0 (X11; Linux x86_64) AppleWebKit/537.36 (KHTML, like Gecko) Chrome/43.0.2357.134 Safari/537.36
Referer: http://voucher-manager-ui.stage.pv.nimbus-stage.cg.sky.com/
Accept-Language: en-GB,en-US;q=0.8,en;q=0.6
Content-Length: 0
Accept-Encoding: gzip, deflate, 
Via: 1.1 localhost.localdomain
10:43:46.988 [LittleProxy-ClientToProxyWorker-6] DEBUG o.l.p.impl.ClientToProxyConnection - (AWAITING_INITIAL) [id: 0xa8643ea7, /127.0.0.1:48641 => /127.0.1.1:41135]: Reading: HttpObjectAggregator$AggregatedFullHttpRequest(decodeResult: success, version: HTTP/1.1, content: CompositeByteBuf(ridx: 0, widx: 0, cap: 0, components=0))
GET http://voucher-manager.stage.pv.nimbus-stage.cg.sky.com/campaign?page=1 HTTP/1.1
Host: voucher-manager.stage.pv.nimbus-stage.cg.sky.com
Proxy-Connection: keep-alive
Authorization: Basic YWRtaW46cGFzcw==
Accept: application/json, text/plain, */*
User-Agent: Mozilla/5.0 (X11; Linux x86_64) AppleWebKit/537.36 (KHTML, like Gecko) Chrome/43.0.2357.134 Safari/537.36
Referer: http://voucher-manager-ui.stage.pv.nimbus-stage.cg.sky.com/
Accept-Encoding: gzip, deflate, sdch
Accept-Language: en-GB,en-US;q=0.8,en;q=0.6
Content-Length: 0
10:43:46.988 [LittleProxy-ClientToProxyWorker-6] DEBUG o.l.p.impl.ClientToProxyConnection - (AWAITING_INITIAL) [id: 0xa8643ea7, /127.0.0.1:48641 => /127.0.1.1:41135]: Got request: HttpObjectAggregator$AggregatedFullHttpRequest(decodeResult: success, version: HTTP/1.1, content: CompositeByteBuf(ridx: 0, widx: 0, cap: 0, components=0))
GET http://voucher-manager.stage.pv.nimbus-stage.cg.sky.com/campaign?page=1 HTTP/1.1
Host: voucher-manager.stage.pv.nimbus-stage.cg.sky.com
Proxy-Connection: keep-alive
Authorization: Basic YWRtaW46cGFzcw==
Accept: application/json, text/plain, */*
User-Agent: Mozilla/5.0 (X11; Linux x86_64) AppleWebKit/537.36 (KHTML, like Gecko) Chrome/43.0.2357.134 Safari/537.36
Referer: http://voucher-manager-ui.stage.pv.nimbus-stage.cg.sky.com/
Accept-Encoding: gzip, deflate, sdch
Accept-Language: en-GB,en-US;q=0.8,en;q=0.6
Content-Length: 0
10:43:46.989 [LittleProxy-ClientToProxyWorker-4] DEBUG o.l.p.impl.ClientToProxyConnection - (AWAITING_INITIAL) [id: 0xd40ea92d, /127.0.0.1:48630 => /127.0.1.1:41135]: Reading: HttpObjectAggregator$AggregatedFullHttpRequest(decodeResult: success, version: HTTP/1.1, content: CompositeByteBuf(ridx: 0, widx: 0, cap: 0, components=0))
GET http://voucher-manager-ui.stage.pv.nimbus-stage.cg.sky.com/views/header.html HTTP/1.1
Host: voucher-manager-ui.stage.pv.nimbus-stage.cg.sky.com
Proxy-Connection: keep-alive
Accept: application/json, text/plain, */*
User-Agent: Mozilla/5.0 (X11; Linux x86_64) AppleWebKit/537.36 (KHTML, like Gecko) Chrome/43.0.2357.134 Safari/537.36
Referer: http://voucher-manager-ui.stage.pv.nimbus-stage.cg.sky.com/
Accept-Encoding: gzip, deflate, sdch
Accept-Language: en-GB,en-US;q=0.8,en;q=0.6
Content-Length: 0
10:43:46.989 [LittleProxy-ClientToProxyWorker-4] DEBUG o.l.p.impl.ClientToProxyConnection - (AWAITING_INITIAL) [id: 0xd40ea92d, /127.0.0.1:48630 => /127.0.1.1:41135]: Got request: HttpObjectAggregator$AggregatedFullHttpRequest(decodeResult: success, version: HTTP/1.1, content: CompositeByteBuf(ridx: 0, widx: 0, cap: 0, components=0))
GET http://voucher-manager-ui.stage.pv.nimbus-stage.cg.sky.com/views/header.html HTTP/1.1
Host: voucher-manager-ui.stage.pv.nimbus-stage.cg.sky.com
Proxy-Connection: keep-alive
Accept: application/json, text/plain, */*
User-Agent: Mozilla/5.0 (X11; Linux x86_64) AppleWebKit/537.36 (KHTML, like Gecko) Chrome/43.0.2357.134 Safari/537.36
Referer: http://voucher-manager-ui.stage.pv.nimbus-stage.cg.sky.com/
Accept-Encoding: gzip, deflate, sdch
Accept-Language: en-GB,en-US;q=0.8,en;q=0.6
Content-Length: 0
10:43:46.989 [LittleProxy-ClientToProxyWorker-6] DEBUG o.l.p.impl.ClientToProxyConnection - (AWAITING_INITIAL) [id: 0xa8643ea7, /127.0.0.1:48641 => /127.0.1.1:41135]: Ensuring that hostAndPort are available in http://voucher-manager.stage.pv.nimbus-stage.cg.sky.com/campaign?page=1
10:43:46.989 [LittleProxy-ClientToProxyWorker-6] DEBUG o.l.p.impl.ClientToProxyConnection - (AWAITING_INITIAL) [id: 0xa8643ea7, /127.0.0.1:48641 => /127.0.1.1:41135]: Finding ProxyToServerConnection for: voucher-manager.stage.pv.nimbus-stage.cg.sky.com
10:43:46.989 [LittleProxy-ClientToProxyWorker-6] DEBUG o.l.p.impl.ClientToProxyConnection - (AWAITING_INITIAL) [id: 0xa8643ea7, /127.0.0.1:48641 => /127.0.1.1:41135]: Reusing existing server connection: org.littleshoot.proxy.impl.ProxyToServerConnection@5be78120
10:43:46.989 [LittleProxy-ClientToProxyWorker-4] DEBUG o.l.p.impl.ClientToProxyConnection - (AWAITING_INITIAL) [id: 0xd40ea92d, /127.0.0.1:48630 => /127.0.1.1:41135]: Ensuring that hostAndPort are available in http://voucher-manager-ui.stage.pv.nimbus-stage.cg.sky.com/views/header.html
10:43:46.989 [LittleProxy-ClientToProxyWorker-6] DEBUG o.l.p.impl.ClientToProxyConnection - (AWAITING_INITIAL) [id: 0xa8643ea7, /127.0.0.1:48641 => /127.0.1.1:41135]: Modifying request headers for proxying
10:43:46.989 [LittleProxy-ClientToProxyWorker-4] DEBUG o.l.p.impl.ClientToProxyConnection - (AWAITING_INITIAL) [id: 0xd40ea92d, /127.0.0.1:48630 => /127.0.1.1:41135]: Finding ProxyToServerConnection for: voucher-manager-ui.stage.pv.nimbus-stage.cg.sky.com
10:43:46.989 [LittleProxy-ClientToProxyWorker-6] DEBUG o.l.p.impl.ClientToProxyConnection - (AWAITING_INITIAL) [id: 0xa8643ea7, /127.0.0.1:48641 => /127.0.1.1:41135]: Modifying request for proxy chaining
10:43:46.989 [LittleProxy-ClientToProxyWorker-4] DEBUG o.l.p.impl.ClientToProxyConnection - (AWAITING_INITIAL) [id: 0xd40ea92d, /127.0.0.1:48630 => /127.0.1.1:41135]: Reusing existing server connection: org.littleshoot.proxy.impl.ProxyToServerConnection@2439c48e
10:43:46.989 [LittleProxy-ClientToProxyWorker-6] DEBUG o.l.p.impl.ClientToProxyConnection - (AWAITING_INITIAL) [id: 0xa8643ea7, /127.0.0.1:48641 => /127.0.1.1:41135]: Stripped host from uri: http://voucher-manager.stage.pv.nimbus-stage.cg.sky.com/campaign?page=1    yielding: /campaign?page=1
10:43:46.989 [LittleProxy-ClientToProxyWorker-4] DEBUG o.l.p.impl.ClientToProxyConnection - (AWAITING_INITIAL) [id: 0xd40ea92d, /127.0.0.1:48630 => /127.0.1.1:41135]: Modifying request headers for proxying
10:43:46.989 [LittleProxy-ClientToProxyWorker-4] DEBUG o.l.p.impl.ClientToProxyConnection - (AWAITING_INITIAL) [id: 0xd40ea92d, /127.0.0.1:48630 => /127.0.1.1:41135]: Modifying request for proxy chaining
10:43:46.989 [LittleProxy-ClientToProxyWorker-7] DEBUG o.l.p.impl.ClientToProxyConnection - (AWAITING_INITIAL): Configuring ChannelPipeline
10:43:46.989 [LittleProxy-ClientToProxyWorker-6] DEBUG o.l.p.impl.ClientToProxyConnection - (AWAITING_INITIAL) [id: 0xa8643ea7, /127.0.0.1:48641 => /127.0.1.1:41135]: Removed sdch and inserted: gzip, deflate, 
10:43:46.989 [LittleProxy-ClientToProxyWorker-4] DEBUG o.l.p.impl.ClientToProxyConnection - (AWAITING_INITIAL) [id: 0xd40ea92d, /127.0.0.1:48630 => /127.0.1.1:41135]: Stripped host from uri: http://voucher-manager-ui.stage.pv.nimbus-stage.cg.sky.com/views/header.html    yielding: /views/header.html
10:43:46.989 [LittleProxy-ClientToProxyWorker-4] DEBUG o.l.p.impl.ClientToProxyConnection - (AWAITING_INITIAL) [id: 0xd40ea92d, /127.0.0.1:48630 => /127.0.1.1:41135]: Removed sdch and inserted: gzip, deflate, 
10:43:46.990 [LittleProxy-ClientToProxyWorker-7] DEBUG o.l.p.impl.ClientToProxyConnection - (AWAITING_INITIAL): Created ClientToProxyConnection
10:43:46.990 [LittleProxy-ClientToProxyWorker-4] DEBUG o.l.p.impl.ClientToProxyConnection - (AWAITING_INITIAL) [id: 0xd40ea92d, /127.0.0.1:48630 => /127.0.1.1:41135]: Writing request to ProxyToServerConnection
10:43:46.990 [LittleProxy-ClientToProxyWorker-6] DEBUG o.l.p.impl.ClientToProxyConnection - (AWAITING_INITIAL) [id: 0xa8643ea7, /127.0.0.1:48641 => /127.0.1.1:41135]: Writing request to ProxyToServerConnection
10:43:46.990 [LittleProxy-ClientToProxyWorker-4] DEBUG o.l.p.impl.ProxyToServerConnection - (AWAITING_INITIAL) [id: 0x37e81f47, /10.65.140.181:37595 => voucher-manager-ui.stage.pv.nimbus-stage.cg.sky.com/80.238.10.34:80]: Requested write of HttpObjectAggregator$AggregatedFullHttpRequest(decodeResult: success, version: HTTP/1.1, content: CompositeByteBuf(ridx: 0, widx: 0, cap: 0, components=0))
GET /views/header.html HTTP/1.1
Host: voucher-manager-ui.stage.pv.nimbus-stage.cg.sky.com
Accept: application/json, text/plain, */*
User-Agent: Mozilla/5.0 (X11; Linux x86_64) AppleWebKit/537.36 (KHTML, like Gecko) Chrome/43.0.2357.134 Safari/537.36
Referer: http://voucher-manager-ui.stage.pv.nimbus-stage.cg.sky.com/
Accept-Language: en-GB,en-US;q=0.8,en;q=0.6
Content-Length: 0
Accept-Encoding: gzip, deflate, 
Via: 1.1 localhost.localdomain
10:43:46.990 [LittleProxy-ClientToProxyWorker-6] DEBUG o.l.p.impl.ProxyToServerConnection - (AWAITING_INITIAL) [id: 0xbb43eb66, /10.65.140.181:37605 => voucher-manager.stage.pv.nimbus-stage.cg.sky.com/80.238.10.34:80]: Requested write of HttpObjectAggregator$AggregatedFullHttpRequest(decodeResult: success, version: HTTP/1.1, content: CompositeByteBuf(ridx: 0, widx: 0, cap: 0, components=0))
GET /campaign?page=1 HTTP/1.1
Host: voucher-manager.stage.pv.nimbus-stage.cg.sky.com
Authorization: Basic YWRtaW46cGFzcw==
Accept: application/json, text/plain, */*
User-Agent: Mozilla/5.0 (X11; Linux x86_64) AppleWebKit/537.36 (KHTML, like Gecko) Chrome/43.0.2357.134 Safari/537.36
Referer: http://voucher-manager-ui.stage.pv.nimbus-stage.cg.sky.com/
Accept-Language: en-GB,en-US;q=0.8,en;q=0.6
Content-Length: 0
Accept-Encoding: gzip, deflate, 
Via: 1.1 localhost.localdomain
10:43:46.990 [LittleProxy-ClientToProxyWorker-4] DEBUG o.l.p.impl.ProxyToServerConnection - (AWAITING_INITIAL) [id: 0x37e81f47, /10.65.140.181:37595 => voucher-manager-ui.stage.pv.nimbus-stage.cg.sky.com/80.238.10.34:80]: Retaining reference counted message
10:43:46.990 [LittleProxy-ClientToProxyWorker-6] DEBUG o.l.p.impl.ProxyToServerConnection - (AWAITING_INITIAL) [id: 0xbb43eb66, /10.65.140.181:37605 => voucher-manager.stage.pv.nimbus-stage.cg.sky.com/80.238.10.34:80]: Retaining reference counted message
10:43:46.990 [LittleProxy-ClientToProxyWorker-4] DEBUG o.l.p.impl.ProxyToServerConnection - (AWAITING_INITIAL) [id: 0x37e81f47, /10.65.140.181:37595 => voucher-manager-ui.stage.pv.nimbus-stage.cg.sky.com/80.238.10.34:80]: Using existing connection to: voucher-manager-ui.stage.pv.nimbus-stage.cg.sky.com/80.238.10.34:80
10:43:46.990 [LittleProxy-ClientToProxyWorker-6] DEBUG o.l.p.impl.ProxyToServerConnection - (AWAITING_INITIAL) [id: 0xbb43eb66, /10.65.140.181:37605 => voucher-manager.stage.pv.nimbus-stage.cg.sky.com/80.238.10.34:80]: Using existing connection to: voucher-manager.stage.pv.nimbus-stage.cg.sky.com/80.238.10.34:80
10:43:46.990 [LittleProxy-ClientToProxyWorker-4] DEBUG o.l.p.impl.ProxyToServerConnection - (AWAITING_INITIAL) [id: 0x37e81f47, /10.65.140.181:37595 => voucher-manager-ui.stage.pv.nimbus-stage.cg.sky.com/80.238.10.34:80]: Writing: HttpObjectAggregator$AggregatedFullHttpRequest(decodeResult: success, version: HTTP/1.1, content: CompositeByteBuf(ridx: 0, widx: 0, cap: 0, components=0))
GET /views/header.html HTTP/1.1
Host: voucher-manager-ui.stage.pv.nimbus-stage.cg.sky.com
Accept: application/json, text/plain, */*
User-Agent: Mozilla/5.0 (X11; Linux x86_64) AppleWebKit/537.36 (KHTML, like Gecko) Chrome/43.0.2357.134 Safari/537.36
Referer: http://voucher-manager-ui.stage.pv.nimbus-stage.cg.sky.com/
Accept-Language: en-GB,en-US;q=0.8,en;q=0.6
Content-Length: 0
Accept-Encoding: gzip, deflate, 
Via: 1.1 localhost.localdomain
10:43:46.990 [LittleProxy-ClientToProxyWorker-6] DEBUG o.l.p.impl.ProxyToServerConnection - (AWAITING_INITIAL) [id: 0xbb43eb66, /10.65.140.181:37605 => voucher-manager.stage.pv.nimbus-stage.cg.sky.com/80.238.10.34:80]: Writing: HttpObjectAggregator$AggregatedFullHttpRequest(decodeResult: success, version: HTTP/1.1, content: CompositeByteBuf(ridx: 0, widx: 0, cap: 0, components=0))
GET /campaign?page=1 HTTP/1.1
Host: voucher-manager.stage.pv.nimbus-stage.cg.sky.com
Authorization: Basic YWRtaW46cGFzcw==
Accept: application/json, text/plain, */*
User-Agent: Mozilla/5.0 (X11; Linux x86_64) AppleWebKit/537.36 (KHTML, like Gecko) Chrome/43.0.2357.134 Safari/537.36
Referer: http://voucher-manager-ui.stage.pv.nimbus-stage.cg.sky.com/
Accept-Language: en-GB,en-US;q=0.8,en;q=0.6
Content-Length: 0
Accept-Encoding: gzip, deflate, 
Via: 1.1 localhost.localdomain
10:43:46.990 [LittleProxy-ClientToProxyWorker-4] DEBUG o.l.p.impl.ProxyToServerConnection - (AWAITING_INITIAL) [id: 0x37e81f47, /10.65.140.181:37595 => voucher-manager-ui.stage.pv.nimbus-stage.cg.sky.com/80.238.10.34:80]: Writing an empty buffer to signal the end of our chunked transfer
10:43:46.990 [LittleProxy-ClientToProxyWorker-6] DEBUG o.l.p.impl.ProxyToServerConnection - (AWAITING_INITIAL) [id: 0xbb43eb66, /10.65.140.181:37605 => voucher-manager.stage.pv.nimbus-stage.cg.sky.com/80.238.10.34:80]: Writing an empty buffer to signal the end of our chunked transfer
10:43:46.990 [LittleProxy-ClientToProxyWorker-4] DEBUG o.l.p.impl.ProxyToServerConnection - (AWAITING_INITIAL) [id: 0x37e81f47, /10.65.140.181:37595 => voucher-manager-ui.stage.pv.nimbus-stage.cg.sky.com/80.238.10.34:80]: Wrote: HttpObjectAggregator$AggregatedFullHttpRequest(decodeResult: success, version: HTTP/1.1, content: CompositeByteBuf(ridx: 0, widx: 0, cap: 0, components=0))
GET /views/header.html HTTP/1.1
Host: voucher-manager-ui.stage.pv.nimbus-stage.cg.sky.com
Accept: application/json, text/plain, */*
User-Agent: Mozilla/5.0 (X11; Linux x86_64) AppleWebKit/537.36 (KHTML, like Gecko) Chrome/43.0.2357.134 Safari/537.36
Referer: http://voucher-manager-ui.stage.pv.nimbus-stage.cg.sky.com/
Accept-Language: en-GB,en-US;q=0.8,en;q=0.6
Content-Length: 0
Accept-Encoding: gzip, deflate, 
Via: 1.1 localhost.localdomain
10:43:46.993 [Forwarding executeScript on session 5e9977749cf8e028abefff19f425d7c0 to remote] DEBUG org.apache.http.wire - http-outgoing-12 << "HTTP/1.1 200 OK[\r][\n]"
10:43:46.993 [Forwarding executeScript on session 5e9977749cf8e028abefff19f425d7c0 to remote] DEBUG org.apache.http.wire - http-outgoing-12 << "Content-Length:78[\r][\n]"
10:43:46.993 [Forwarding executeScript on session 5e9977749cf8e028abefff19f425d7c0 to remote] DEBUG org.apache.http.wire - http-outgoing-12 << "Content-Type:application/json; charset=utf-8[\r][\n]"
10:43:46.993 [Forwarding executeScript on session 5e9977749cf8e028abefff19f425d7c0 to remote] DEBUG org.apache.http.wire - http-outgoing-12 << "Connection:close[\r][\n]"
10:43:46.993 [Forwarding executeScript on session 5e9977749cf8e028abefff19f425d7c0 to remote] DEBUG org.apache.http.wire - http-outgoing-12 << "[\r][\n]"
10:43:46.993 [Forwarding executeScript on session 5e9977749cf8e028abefff19f425d7c0 to remote] DEBUG org.apache.http.wire - http-outgoing-12 << "{"sessionId":"5e9977749cf8e028abefff19f425d7c0","status":0,"value":"complete"}"
10:43:46.994 [Forwarding executeScript on session 5e9977749cf8e028abefff19f425d7c0 to remote] DEBUG org.apache.http.headers - http-outgoing-12 << HTTP/1.1 200 OK
10:43:46.994 [Forwarding executeScript on session 5e9977749cf8e028abefff19f425d7c0 to remote] DEBUG org.apache.http.headers - http-outgoing-12 << Content-Length:78
10:43:46.994 [Forwarding executeScript on session 5e9977749cf8e028abefff19f425d7c0 to remote] DEBUG org.apache.http.headers - http-outgoing-12 << Content-Type:application/json; charset=utf-8
10:43:46.994 [Forwarding executeScript on session 5e9977749cf8e028abefff19f425d7c0 to remote] DEBUG org.apache.http.headers - http-outgoing-12 << Connection:close
10:43:46.994 [Forwarding executeScript on session 5e9977749cf8e028abefff19f425d7c0 to remote] DEBUG o.a.h.i.c.DefaultManagedHttpClientConnection - http-outgoing-12: Shutdown connection
10:43:46.994 [Forwarding executeScript on session 5e9977749cf8e028abefff19f425d7c0 to remote] DEBUG o.a.h.impl.execchain.MainClientExec - Connection discarded
10:43:46.994 [Forwarding executeScript on session 5e9977749cf8e028abefff19f425d7c0 to remote] DEBUG o.a.h.i.c.DefaultManagedHttpClientConnection - http-outgoing-12: Close connection
10:43:46.994 [Forwarding executeScript on session 5e9977749cf8e028abefff19f425d7c0 to remote] DEBUG o.a.h.i.c.PoolingHttpClientConnectionManager - Connection released: [id: 12][route: {}->http://localhost:13906][total kept alive: 0; route allocated: 0 of 2000; total allocated: 0 of 2000]
10:43:46.995 [Forwarding getPageSource on session 5e9977749cf8e028abefff19f425d7c0 to remote] DEBUG o.a.h.c.protocol.RequestAddCookies - CookieSpec selected: best-match
10:43:46.995 [Forwarding getPageSource on session 5e9977749cf8e028abefff19f425d7c0 to remote] DEBUG o.a.h.c.protocol.RequestAuthCache - Auth cache not set in the context
10:43:46.995 [Forwarding getPageSource on session 5e9977749cf8e028abefff19f425d7c0 to remote] DEBUG o.a.h.i.c.PoolingHttpClientConnectionManager - Connection request: [route: {}->http://localhost:13906][total kept alive: 0; route allocated: 0 of 2000; total allocated: 0 of 2000]
10:43:46.995 [Forwarding getPageSource on session 5e9977749cf8e028abefff19f425d7c0 to remote] DEBUG o.a.h.i.c.PoolingHttpClientConnectionManager - Connection leased: [id: 13][route: {}->http://localhost:13906][total kept alive: 0; route allocated: 1 of 2000; total allocated: 1 of 2000]
10:43:46.995 [Forwarding getPageSource on session 5e9977749cf8e028abefff19f425d7c0 to remote] DEBUG o.a.h.impl.execchain.MainClientExec - Opening connection {}->http://localhost:13906
10:43:46.995 [Forwarding getPageSource on session 5e9977749cf8e028abefff19f425d7c0 to remote] DEBUG o.a.h.i.c.HttpClientConnectionOperator - Connecting to localhost/127.0.0.1:13906
10:43:46.995 [Forwarding getPageSource on session 5e9977749cf8e028abefff19f425d7c0 to remote] DEBUG o.a.h.i.c.HttpClientConnectionOperator - Connection established 127.0.0.1:34731<->127.0.0.1:13906
10:43:46.995 [Forwarding getPageSource on session 5e9977749cf8e028abefff19f425d7c0 to remote] DEBUG o.a.h.impl.execchain.MainClientExec - Executing request GET /session/5e9977749cf8e028abefff19f425d7c0/source HTTP/1.1
10:43:46.995 [Forwarding getPageSource on session 5e9977749cf8e028abefff19f425d7c0 to remote] DEBUG o.a.h.impl.execchain.MainClientExec - Target auth state: UNCHALLENGED
10:43:46.995 [Forwarding getPageSource on session 5e9977749cf8e028abefff19f425d7c0 to remote] DEBUG o.a.h.impl.execchain.MainClientExec - Proxy auth state: UNCHALLENGED
10:43:46.995 [Forwarding getPageSource on session 5e9977749cf8e028abefff19f425d7c0 to remote] DEBUG org.apache.http.headers - http-outgoing-13 >> GET /session/5e9977749cf8e028abefff19f425d7c0/source HTTP/1.1
10:43:46.995 [Forwarding getPageSource on session 5e9977749cf8e028abefff19f425d7c0 to remote] DEBUG org.apache.http.headers - http-outgoing-13 >> Cache-Control: no-cache
10:43:46.995 [Forwarding getPageSource on session 5e9977749cf8e028abefff19f425d7c0 to remote] DEBUG org.apache.http.headers - http-outgoing-13 >> Host: localhost:13906
10:43:46.995 [Forwarding getPageSource on session 5e9977749cf8e028abefff19f425d7c0 to remote] DEBUG org.apache.http.headers - http-outgoing-13 >> Connection: Keep-Alive
10:43:46.995 [Forwarding getPageSource on session 5e9977749cf8e028abefff19f425d7c0 to remote] DEBUG org.apache.http.headers - http-outgoing-13 >> User-Agent: Apache-HttpClient/4.3.4 (java 1.5)
10:43:46.995 [Forwarding getPageSource on session 5e9977749cf8e028abefff19f425d7c0 to remote] DEBUG org.apache.http.headers - http-outgoing-13 >> Accept-Encoding: gzip,deflate
10:43:46.995 [Forwarding getPageSource on session 5e9977749cf8e028abefff19f425d7c0 to remote] DEBUG org.apache.http.wire - http-outgoing-13 >> "GET /session/5e9977749cf8e028abefff19f425d7c0/source HTTP/1.1[\r][\n]"
10:43:46.995 [Forwarding getPageSource on session 5e9977749cf8e028abefff19f425d7c0 to remote] DEBUG org.apache.http.wire - http-outgoing-13 >> "Cache-Control: no-cache[\r][\n]"
10:43:46.995 [Forwarding getPageSource on session 5e9977749cf8e028abefff19f425d7c0 to remote] DEBUG org.apache.http.wire - http-outgoing-13 >> "Host: localhost:13906[\r][\n]"
10:43:46.995 [Forwarding getPageSource on session 5e9977749cf8e028abefff19f425d7c0 to remote] DEBUG org.apache.http.wire - http-outgoing-13 >> "Connection: Keep-Alive[\r][\n]"
10:43:46.995 [Forwarding getPageSource on session 5e9977749cf8e028abefff19f425d7c0 to remote] DEBUG org.apache.http.wire - http-outgoing-13 >> "User-Agent: Apache-HttpClient/4.3.4 (java 1.5)[\r][\n]"
10:43:46.995 [Forwarding getPageSource on session 5e9977749cf8e028abefff19f425d7c0 to remote] DEBUG org.apache.http.wire - http-outgoing-13 >> "Accept-Encoding: gzip,deflate[\r][\n]"
10:43:46.995 [Forwarding getPageSource on session 5e9977749cf8e028abefff19f425d7c0 to remote] DEBUG org.apache.http.wire - http-outgoing-13 >> "[\r][\n]"
10:43:46.996 [LittleProxy-ClientToProxyWorker-6] DEBUG o.l.p.impl.ProxyToServerConnection - (AWAITING_INITIAL) [id: 0xbb43eb66, /10.65.140.181:37605 => voucher-manager.stage.pv.nimbus-stage.cg.sky.com/80.238.10.34:80]: Wrote: HttpObjectAggregator$AggregatedFullHttpRequest(decodeResult: success, version: HTTP/1.1, content: CompositeByteBuf(ridx: 0, widx: 0, cap: 0, components=0))
GET /campaign?page=1 HTTP/1.1
Host: voucher-manager.stage.pv.nimbus-stage.cg.sky.com
Authorization: Basic YWRtaW46cGFzcw==
Accept: application/json, text/plain, */*
User-Agent: Mozilla/5.0 (X11; Linux x86_64) AppleWebKit/537.36 (KHTML, like Gecko) Chrome/43.0.2357.134 Safari/537.36
Referer: http://voucher-manager-ui.stage.pv.nimbus-stage.cg.sky.com/
Accept-Language: en-GB,en-US;q=0.8,en;q=0.6
Content-Length: 0
Accept-Encoding: gzip, deflate, 
Via: 1.1 localhost.localdomain
10:43:46.996 [LittleProxy-ClientToProxyWorker-7] DEBUG o.l.p.impl.ClientToProxyConnection - (AWAITING_INITIAL) [id: 0x751c735a, /127.0.0.1:48645 => /127.0.1.1:41135]: Connected
10:43:46.997 [LittleProxy-ClientToProxyWorker-7] DEBUG o.l.p.impl.ClientToProxyConnection - (AWAITING_INITIAL) [id: 0x751c735a, /127.0.0.1:48645 => /127.0.1.1:41135]: Reading: HttpObjectAggregator$AggregatedFullHttpRequest(decodeResult: success, version: HTTP/1.1, content: CompositeByteBuf(ridx: 0, widx: 0, cap: 0, components=0))
GET http://voucher-manager.stage.pv.nimbus-stage.cg.sky.com/campaign?page=1 HTTP/1.1
Host: voucher-manager.stage.pv.nimbus-stage.cg.sky.com
Proxy-Connection: keep-alive
Authorization: Basic YWRtaW46cGFzcw==
Accept: application/json, text/plain, */*
User-Agent: Mozilla/5.0 (X11; Linux x86_64) AppleWebKit/537.36 (KHTML, like Gecko) Chrome/43.0.2357.134 Safari/537.36
Referer: http://voucher-manager-ui.stage.pv.nimbus-stage.cg.sky.com/
Accept-Encoding: gzip, deflate, sdch
Accept-Language: en-GB,en-US;q=0.8,en;q=0.6
Content-Length: 0
10:43:46.997 [LittleProxy-ClientToProxyWorker-7] DEBUG o.l.p.impl.ClientToProxyConnection - (AWAITING_INITIAL) [id: 0x751c735a, /127.0.0.1:48645 => /127.0.1.1:41135]: Got request: HttpObjectAggregator$AggregatedFullHttpRequest(decodeResult: success, version: HTTP/1.1, content: CompositeByteBuf(ridx: 0, widx: 0, cap: 0, components=0))
GET http://voucher-manager.stage.pv.nimbus-stage.cg.sky.com/campaign?page=1 HTTP/1.1
Host: voucher-manager.stage.pv.nimbus-stage.cg.sky.com
Proxy-Connection: keep-alive
Authorization: Basic YWRtaW46cGFzcw==
Accept: application/json, text/plain, */*
User-Agent: Mozilla/5.0 (X11; Linux x86_64) AppleWebKit/537.36 (KHTML, like Gecko) Chrome/43.0.2357.134 Safari/537.36
Referer: http://voucher-manager-ui.stage.pv.nimbus-stage.cg.sky.com/
Accept-Encoding: gzip, deflate, sdch
Accept-Language: en-GB,en-US;q=0.8,en;q=0.6
Content-Length: 0
10:43:46.997 [LittleProxy-ClientToProxyWorker-7] DEBUG o.l.p.impl.ClientToProxyConnection - (AWAITING_INITIAL) [id: 0x751c735a, /127.0.0.1:48645 => /127.0.1.1:41135]: Ensuring that hostAndPort are available in http://voucher-manager.stage.pv.nimbus-stage.cg.sky.com/campaign?page=1
10:43:46.997 [LittleProxy-ClientToProxyWorker-7] DEBUG o.l.p.impl.ClientToProxyConnection - (AWAITING_INITIAL) [id: 0x751c735a, /127.0.0.1:48645 => /127.0.1.1:41135]: Finding ProxyToServerConnection for: voucher-manager.stage.pv.nimbus-stage.cg.sky.com
10:43:46.997 [LittleProxy-ClientToProxyWorker-7] DEBUG o.l.p.impl.ClientToProxyConnection - (AWAITING_INITIAL) [id: 0x751c735a, /127.0.0.1:48645 => /127.0.1.1:41135]: Didn't find existing ProxyToServerConnection for: voucher-manager.stage.pv.nimbus-stage.cg.sky.com
10:43:46.997 [LittleProxy-ClientToProxyWorker-7] DEBUG o.l.p.impl.ClientToProxyConnection - (AWAITING_INITIAL) [id: 0x751c735a, /127.0.0.1:48645 => /127.0.1.1:41135]: Modifying request headers for proxying
10:43:46.997 [LittleProxy-ClientToProxyWorker-7] DEBUG o.l.p.impl.ClientToProxyConnection - (AWAITING_INITIAL) [id: 0x751c735a, /127.0.0.1:48645 => /127.0.1.1:41135]: Modifying request for proxy chaining
10:43:46.997 [LittleProxy-ClientToProxyWorker-7] DEBUG o.l.p.impl.ClientToProxyConnection - (AWAITING_INITIAL) [id: 0x751c735a, /127.0.0.1:48645 => /127.0.1.1:41135]: Stripped host from uri: http://voucher-manager.stage.pv.nimbus-stage.cg.sky.com/campaign?page=1    yielding: /campaign?page=1
10:43:46.997 [LittleProxy-ClientToProxyWorker-7] DEBUG o.l.p.impl.ClientToProxyConnection - (AWAITING_INITIAL) [id: 0x751c735a, /127.0.0.1:48645 => /127.0.1.1:41135]: Removed sdch and inserted: gzip, deflate, 
10:43:46.997 [LittleProxy-ClientToProxyWorker-7] DEBUG o.l.p.impl.ClientToProxyConnection - (AWAITING_INITIAL) [id: 0x751c735a, /127.0.0.1:48645 => /127.0.1.1:41135]: Writing request to ProxyToServerConnection
10:43:46.997 [LittleProxy-ClientToProxyWorker-7] DEBUG o.l.p.impl.ProxyToServerConnection - (DISCONNECTED): Requested write of HttpObjectAggregator$AggregatedFullHttpRequest(decodeResult: success, version: HTTP/1.1, content: CompositeByteBuf(ridx: 0, widx: 0, cap: 0, components=0))
GET /campaign?page=1 HTTP/1.1
Host: voucher-manager.stage.pv.nimbus-stage.cg.sky.com
Authorization: Basic YWRtaW46cGFzcw==
Accept: application/json, text/plain, */*
User-Agent: Mozilla/5.0 (X11; Linux x86_64) AppleWebKit/537.36 (KHTML, like Gecko) Chrome/43.0.2357.134 Safari/537.36
Referer: http://voucher-manager-ui.stage.pv.nimbus-stage.cg.sky.com/
Accept-Language: en-GB,en-US;q=0.8,en;q=0.6
Content-Length: 0
Accept-Encoding: gzip, deflate, 
Via: 1.1 localhost.localdomain
10:43:46.997 [LittleProxy-ClientToProxyWorker-7] DEBUG o.l.p.impl.ProxyToServerConnection - (DISCONNECTED): Retaining reference counted message
10:43:46.997 [LittleProxy-ClientToProxyWorker-7] DEBUG o.l.p.impl.ProxyToServerConnection - (DISCONNECTED): Currently disconnected, connect and then write the message
10:43:46.997 [LittleProxy-ClientToProxyWorker-7] DEBUG o.l.p.impl.ProxyToServerConnection - (DISCONNECTED): Starting new connection to: voucher-manager.stage.pv.nimbus-stage.cg.sky.com/80.238.10.34:80
10:43:46.997 [LittleProxy-ClientToProxyWorker-7] DEBUG o.l.p.impl.ClientToProxyConnection - (AWAITING_INITIAL) [id: 0x751c735a, /127.0.0.1:48645 => /127.0.1.1:41135]: Stopped reading
10:43:46.997 [LittleProxy-ClientToProxyWorker-7] DEBUG o.l.p.impl.ProxyToServerConnection - (DISCONNECTED): Processing connection flow step: CONNECTING
10:43:46.997 [LittleProxy-ClientToProxyWorker-7] DEBUG o.l.p.impl.ProxyToServerConnection - (CONNECTING): Connecting to server with TCP
10:43:47.003 [LittleProxy-ProxyToServerWorker-3] DEBUG o.l.p.impl.ProxyToServerConnection - (AWAITING_INITIAL) [id: 0x37e81f47, /10.65.140.181:37595 => voucher-manager-ui.stage.pv.nimbus-stage.cg.sky.com/80.238.10.34:80]: Remembering the current request.
10:43:47.003 [LittleProxy-ProxyToServerWorker-3] DEBUG o.l.p.impl.ProxyToServerConnection - (AWAITING_INITIAL) [id: 0x37e81f47, /10.65.140.181:37595 => voucher-manager-ui.stage.pv.nimbus-stage.cg.sky.com/80.238.10.34:80]: Reading: DefaultHttpResponse(decodeResult: success, version: HTTP/1.1)
HTTP/1.1 200 OK
X-FORWARDED-PROTO: http
Server: nginx
Date: Wed, 29 Jul 2015 09:43:47 GMT
Content-Type: text/html; charset=UTF-8
Content-Length: 521
Connection: keep-alive
Keep-Alive: timeout=10
X-Powered-By: Express
X-Frame-Options: DENY
Accept-Ranges: bytes
Cache-Control: public, max-age=0
Last-Modified: Fri, 24 Jul 2015 14:37:56 GMT
ETag: W/"209-2857048211"
10:43:47.003 [LittleProxy-ProxyToServerWorker-3] DEBUG o.l.p.impl.ProxyToServerConnection - (AWAITING_INITIAL) [id: 0x37e81f47, /10.65.140.181:37595 => voucher-manager-ui.stage.pv.nimbus-stage.cg.sky.com/80.238.10.34:80]: Received raw response: DefaultHttpResponse(decodeResult: success, version: HTTP/1.1)
HTTP/1.1 200 OK
X-FORWARDED-PROTO: http
Server: nginx
Date: Wed, 29 Jul 2015 09:43:47 GMT
Content-Type: text/html; charset=UTF-8
Content-Length: 521
Connection: keep-alive
Keep-Alive: timeout=10
X-Powered-By: Express
X-Frame-Options: DENY
Accept-Ranges: bytes
Cache-Control: public, max-age=0
Last-Modified: Fri, 24 Jul 2015 14:37:56 GMT
ETag: W/"209-2857048211"
10:43:47.003 [LittleProxy-ProxyToServerWorker-3] DEBUG o.l.p.impl.ProxyToServerConnection - (AWAITING_INITIAL) [id: 0x37e81f47, /10.65.140.181:37595 => voucher-manager-ui.stage.pv.nimbus-stage.cg.sky.com/80.238.10.34:80]: Remembering the current response.
10:43:47.003 [LittleProxy-ProxyToServerWorker-3] DEBUG o.l.p.impl.ClientToProxyConnection - (AWAITING_INITIAL) [id: 0xd40ea92d, /127.0.0.1:48630 => /127.0.1.1:41135]: Writing: DefaultHttpResponse(decodeResult: success, version: HTTP/1.1)
HTTP/1.1 200 OK
X-FORWARDED-PROTO: http
Server: nginx
Date: Wed, 29 Jul 2015 09:43:47 GMT
Content-Type: text/html; charset=UTF-8
Content-Length: 521
X-Powered-By: Express
X-Frame-Options: DENY
Accept-Ranges: bytes
Cache-Control: public, max-age=0
Last-Modified: Fri, 24 Jul 2015 14:37:56 GMT
ETag: W/"209-2857048211"
Via: 1.1 localhost.localdomain
10:43:47.003 [LittleProxy-ProxyToServerWorker-3] DEBUG o.l.p.impl.ClientToProxyConnection - (AWAITING_INITIAL) [id: 0xd40ea92d, /127.0.0.1:48630 => /127.0.1.1:41135]: Wrote: DefaultHttpResponse(decodeResult: success, version: HTTP/1.1)
HTTP/1.1 200 OK
X-FORWARDED-PROTO: http
Server: nginx
Date: Wed, 29 Jul 2015 09:43:47 GMT
Content-Type: text/html; charset=UTF-8
Content-Length: 521
X-Powered-By: Express
X-Frame-Options: DENY
Accept-Ranges: bytes
Cache-Control: public, max-age=0
Last-Modified: Fri, 24 Jul 2015 14:37:56 GMT
ETag: W/"209-2857048211"
Via: 1.1 localhost.localdomain
10:43:47.003 [LittleProxy-ProxyToServerWorker-3] DEBUG o.l.p.impl.ClientToProxyConnection - (AWAITING_INITIAL) [id: 0xd40ea92d, /127.0.0.1:48630 => /127.0.1.1:41135]: Not closing server connection on middle chunk for /views/header.html
10:43:47.003 [LittleProxy-ProxyToServerWorker-3] DEBUG o.l.p.impl.ClientToProxyConnection - (AWAITING_INITIAL) [id: 0xd40ea92d, /127.0.0.1:48630 => /127.0.1.1:41135]: Not closing client connection on middle chunk for /views/header.html
10:43:47.003 [LittleProxy-ProxyToServerWorker-3] DEBUG o.l.p.impl.ProxyToServerConnection - (AWAITING_CHUNK) [id: 0x37e81f47, /10.65.140.181:37595 => voucher-manager-ui.stage.pv.nimbus-stage.cg.sky.com/80.238.10.34:80]: Reading: DefaultLastHttpContent(data: SlicedByteBuf(ridx: 0, widx: 521, cap: 521/521, unwrapped: UnpooledUnsafeDirectByteBuf(ridx: 900, widx: 900, cap: 16384)), decoderResult: success)
10:43:47.003 [LittleProxy-ProxyToServerWorker-3] DEBUG o.l.p.impl.ClientToProxyConnection - (AWAITING_INITIAL) [id: 0xd40ea92d, /127.0.0.1:48630 => /127.0.1.1:41135]: Retaining reference counted message
10:43:47.003 [LittleProxy-ProxyToServerWorker-3] DEBUG o.l.p.impl.ClientToProxyConnection - (AWAITING_INITIAL) [id: 0xd40ea92d, /127.0.0.1:48630 => /127.0.1.1:41135]: Writing: DefaultLastHttpContent(data: SlicedByteBuf(ridx: 0, widx: 521, cap: 521/521, unwrapped: UnpooledUnsafeDirectByteBuf(ridx: 900, widx: 900, cap: 16384)), decoderResult: success)
10:43:47.003 [LittleProxy-ProxyToServerWorker-3] DEBUG o.l.p.impl.ClientToProxyConnection - (AWAITING_INITIAL) [id: 0xd40ea92d, /127.0.0.1:48630 => /127.0.1.1:41135]: Writing an empty buffer to signal the end of our chunked transfer
10:43:47.004 [LittleProxy-ProxyToServerWorker-3] DEBUG o.l.p.impl.ClientToProxyConnection - (AWAITING_INITIAL) [id: 0xd40ea92d, /127.0.0.1:48630 => /127.0.1.1:41135]: Wrote: DefaultLastHttpContent(data: SlicedByteBuf(ridx: 0, widx: 521, cap: 521/521, unwrapped: UnpooledUnsafeDirectByteBuf(ridx: 900, widx: 900, cap: 16384)), decoderResult: success)
10:43:47.004 [LittleProxy-ProxyToServerWorker-3] DEBUG o.l.p.impl.ClientToProxyConnection - (AWAITING_INITIAL) [id: 0xd40ea92d, /127.0.0.1:48630 => /127.0.1.1:41135]: Retaining reference counted message
10:43:47.004 [LittleProxy-ProxyToServerWorker-3] DEBUG o.l.p.impl.ClientToProxyConnection - (AWAITING_INITIAL) [id: 0xd40ea92d, /127.0.0.1:48630 => /127.0.1.1:41135]: Writing: EmptyByteBufBE
10:43:47.004 [LittleProxy-ProxyToServerWorker-3] DEBUG o.l.p.impl.ClientToProxyConnection - (AWAITING_INITIAL) [id: 0xd40ea92d, /127.0.0.1:48630 => /127.0.1.1:41135]: Wrote: EmptyByteBufBE
10:43:47.004 [LittleProxy-ProxyToServerWorker-3] DEBUG o.l.p.impl.ClientToProxyConnection - (AWAITING_INITIAL) [id: 0xd40ea92d, /127.0.0.1:48630 => /127.0.1.1:41135]: Handling last chunk. Using normal server connection closing rules.
10:43:47.004 [LittleProxy-ProxyToServerWorker-3] DEBUG o.l.p.impl.ClientToProxyConnection - (AWAITING_INITIAL) [id: 0xd40ea92d, /127.0.0.1:48630 => /127.0.1.1:41135]: Not closing server connection for response: DefaultHttpResponse(decodeResult: success, version: HTTP/1.1)
HTTP/1.1 200 OK
X-FORWARDED-PROTO: http
Server: nginx
Date: Wed, 29 Jul 2015 09:43:47 GMT
Content-Type: text/html; charset=UTF-8
Content-Length: 521
Connection: keep-alive
Keep-Alive: timeout=10
X-Powered-By: Express
X-Frame-Options: DENY
Accept-Ranges: bytes
Cache-Control: public, max-age=0
Last-Modified: Fri, 24 Jul 2015 14:37:56 GMT
ETag: W/"209-2857048211"
10:43:47.004 [LittleProxy-ProxyToServerWorker-3] DEBUG o.l.p.impl.ClientToProxyConnection - (AWAITING_INITIAL) [id: 0xd40ea92d, /127.0.0.1:48630 => /127.0.1.1:41135]: Handling last chunk. Using normal client connection closing rules.
10:43:47.004 [LittleProxy-ProxyToServerWorker-3] DEBUG o.l.p.impl.ClientToProxyConnection - (AWAITING_INITIAL) [id: 0xd40ea92d, /127.0.0.1:48630 => /127.0.1.1:41135]: Not closing client connection for request: [FAILED toString()]
10:43:47.006 [LittleProxy-ProxyToServerWorker-7] DEBUG o.l.p.impl.ProxyToServerConnection - (CONNECTING) [id: 0x458e796c, /10.65.140.181:37611 => voucher-manager.stage.pv.nimbus-stage.cg.sky.com/80.238.10.34:80]: ConnectionFlowStep succeeded
10:43:47.006 [LittleProxy-ProxyToServerWorker-7] DEBUG o.l.p.impl.ProxyToServerConnection - (CONNECTING) [id: 0x458e796c, /10.65.140.181:37611 => voucher-manager.stage.pv.nimbus-stage.cg.sky.com/80.238.10.34:80]: Connection flow completed successfully: null
10:43:47.007 [LittleProxy-ProxyToServerWorker-7] DEBUG o.l.p.impl.ClientToProxyConnection - (AWAITING_INITIAL) [id: 0x751c735a, /127.0.0.1:48645 => /127.0.1.1:41135]: Connection to server succeeded: voucher-manager.stage.pv.nimbus-stage.cg.sky.com/80.238.10.34:80
10:43:47.007 [LittleProxy-ProxyToServerWorker-7] DEBUG o.l.p.impl.ClientToProxyConnection - (AWAITING_INITIAL) [id: 0x751c735a, /127.0.0.1:48645 => /127.0.1.1:41135]: All servers have finished attempting to connect, resuming reading from client.
10:43:47.007 [LittleProxy-ProxyToServerWorker-7] DEBUG o.l.p.impl.ClientToProxyConnection - (AWAITING_INITIAL) [id: 0x751c735a, /127.0.0.1:48645 => /127.0.1.1:41135]: Resumed reading
10:43:47.007 [LittleProxy-ProxyToServerWorker-7] DEBUG o.l.p.impl.ProxyToServerConnection - (AWAITING_INITIAL) [id: 0x458e796c, /10.65.140.181:37611 => voucher-manager.stage.pv.nimbus-stage.cg.sky.com/80.238.10.34:80]: Writing initial request: HttpObjectAggregator$AggregatedFullHttpRequest(decodeResult: success, version: HTTP/1.1, content: CompositeByteBuf(ridx: 0, widx: 0, cap: 0, components=0))
GET /campaign?page=1 HTTP/1.1
Host: voucher-manager.stage.pv.nimbus-stage.cg.sky.com
Authorization: Basic YWRtaW46cGFzcw==
Accept: application/json, text/plain, */*
User-Agent: Mozilla/5.0 (X11; Linux x86_64) AppleWebKit/537.36 (KHTML, like Gecko) Chrome/43.0.2357.134 Safari/537.36
Referer: http://voucher-manager-ui.stage.pv.nimbus-stage.cg.sky.com/
Accept-Language: en-GB,en-US;q=0.8,en;q=0.6
Content-Length: 0
Accept-Encoding: gzip, deflate, 
Via: 1.1 localhost.localdomain
10:43:47.007 [LittleProxy-ProxyToServerWorker-7] DEBUG o.l.p.impl.ProxyToServerConnection - (AWAITING_INITIAL) [id: 0x458e796c, /10.65.140.181:37611 => voucher-manager.stage.pv.nimbus-stage.cg.sky.com/80.238.10.34:80]: Requested write of HttpObjectAggregator$AggregatedFullHttpRequest(decodeResult: success, version: HTTP/1.1, content: CompositeByteBuf(ridx: 0, widx: 0, cap: 0, components=0))
GET /campaign?page=1 HTTP/1.1
Host: voucher-manager.stage.pv.nimbus-stage.cg.sky.com
Authorization: Basic YWRtaW46cGFzcw==
Accept: application/json, text/plain, */*
User-Agent: Mozilla/5.0 (X11; Linux x86_64) AppleWebKit/537.36 (KHTML, like Gecko) Chrome/43.0.2357.134 Safari/537.36
Referer: http://voucher-manager-ui.stage.pv.nimbus-stage.cg.sky.com/
Accept-Language: en-GB,en-US;q=0.8,en;q=0.6
Content-Length: 0
Accept-Encoding: gzip, deflate, 
Via: 1.1 localhost.localdomain
10:43:47.007 [LittleProxy-ProxyToServerWorker-7] DEBUG o.l.p.impl.ProxyToServerConnection - (AWAITING_INITIAL) [id: 0x458e796c, /10.65.140.181:37611 => voucher-manager.stage.pv.nimbus-stage.cg.sky.com/80.238.10.34:80]: Retaining reference counted message
10:43:47.007 [LittleProxy-ProxyToServerWorker-7] DEBUG o.l.p.impl.ProxyToServerConnection - (AWAITING_INITIAL) [id: 0x458e796c, /10.65.140.181:37611 => voucher-manager.stage.pv.nimbus-stage.cg.sky.com/80.238.10.34:80]: Using existing connection to: voucher-manager.stage.pv.nimbus-stage.cg.sky.com/80.238.10.34:80
10:43:47.007 [LittleProxy-ProxyToServerWorker-7] DEBUG o.l.p.impl.ProxyToServerConnection - (AWAITING_INITIAL) [id: 0x458e796c, /10.65.140.181:37611 => voucher-manager.stage.pv.nimbus-stage.cg.sky.com/80.238.10.34:80]: Writing: HttpObjectAggregator$AggregatedFullHttpRequest(decodeResult: success, version: HTTP/1.1, content: CompositeByteBuf(ridx: 0, widx: 0, cap: 0, components=0))
GET /campaign?page=1 HTTP/1.1
Host: voucher-manager.stage.pv.nimbus-stage.cg.sky.com
Authorization: Basic YWRtaW46cGFzcw==
Accept: application/json, text/plain, */*
User-Agent: Mozilla/5.0 (X11; Linux x86_64) AppleWebKit/537.36 (KHTML, like Gecko) Chrome/43.0.2357.134 Safari/537.36
Referer: http://voucher-manager-ui.stage.pv.nimbus-stage.cg.sky.com/
Accept-Language: en-GB,en-US;q=0.8,en;q=0.6
Content-Length: 0
Accept-Encoding: gzip, deflate, 
Via: 1.1 localhost.localdomain
10:43:47.007 [LittleProxy-ProxyToServerWorker-7] DEBUG o.l.p.impl.ProxyToServerConnection - (AWAITING_INITIAL) [id: 0x458e796c, /10.65.140.181:37611 => voucher-manager.stage.pv.nimbus-stage.cg.sky.com/80.238.10.34:80]: Writing an empty buffer to signal the end of our chunked transfer
10:43:47.007 [LittleProxy-ProxyToServerWorker-7] DEBUG o.l.p.impl.ProxyToServerConnection - (AWAITING_INITIAL) [id: 0x458e796c, /10.65.140.181:37611 => voucher-manager.stage.pv.nimbus-stage.cg.sky.com/80.238.10.34:80]: Wrote: HttpObjectAggregator$AggregatedFullHttpRequest(decodeResult: success, version: HTTP/1.1, content: CompositeByteBuf(ridx: 0, widx: 0, cap: 0, components=0))
GET /campaign?page=1 HTTP/1.1
Host: voucher-manager.stage.pv.nimbus-stage.cg.sky.com
Authorization: Basic YWRtaW46cGFzcw==
Accept: application/json, text/plain, */*
User-Agent: Mozilla/5.0 (X11; Linux x86_64) AppleWebKit/537.36 (KHTML, like Gecko) Chrome/43.0.2357.134 Safari/537.36
Referer: http://voucher-manager-ui.stage.pv.nimbus-stage.cg.sky.com/
Accept-Language: en-GB,en-US;q=0.8,en;q=0.6
Content-Length: 0
Accept-Encoding: gzip, deflate, 
Via: 1.1 localhost.localdomain
10:43:47.007 [LittleProxy-ProxyToServerWorker-7] DEBUG o.l.p.impl.ProxyToServerConnection - (AWAITING_INITIAL) [id: 0x458e796c, /10.65.140.181:37611 => voucher-manager.stage.pv.nimbus-stage.cg.sky.com/80.238.10.34:80]: Connected
10:43:47.012 [LittleProxy-ProxyToServerWorker-0] DEBUG o.l.p.impl.ProxyToServerConnection - (AWAITING_INITIAL) [id: 0x65ecad2b, /10.65.140.181:37580 => voucher-manager.stage.pv.nimbus-stage.cg.sky.com/80.238.10.34:80]: Remembering the current request.
10:43:47.012 [LittleProxy-ProxyToServerWorker-0] DEBUG o.l.p.impl.ProxyToServerConnection - (AWAITING_INITIAL) [id: 0x65ecad2b, /10.65.140.181:37580 => voucher-manager.stage.pv.nimbus-stage.cg.sky.com/80.238.10.34:80]: Reading: DefaultHttpResponse(decodeResult: success, version: HTTP/1.1)
HTTP/1.1 200 OK
X-FORWARDED-PROTO: http
Server: nginx
Date: Wed, 29 Jul 2015 09:43:47 GMT
Content-Type: application/json;charset=UTF-8
Transfer-Encoding: chunked
Connection: keep-alive
Keep-Alive: timeout=10
Access-Control-Allow-Credentials: true
X-Content-Type-Options: nosniff
X-XSS-Protection: 1; mode=block
Cache-Control: no-cache, no-store, max-age=0, must-revalidate
Pragma: no-cache
Expires: 0
X-Frame-Options: DENY
X-Application-Context: pv__voucher-manager__stage__v0_1_0_972:stage-cloud:1
10:43:47.012 [LittleProxy-ProxyToServerWorker-0] DEBUG o.l.p.impl.ProxyToServerConnection - (AWAITING_INITIAL) [id: 0x65ecad2b, /10.65.140.181:37580 => voucher-manager.stage.pv.nimbus-stage.cg.sky.com/80.238.10.34:80]: Received raw response: DefaultHttpResponse(decodeResult: success, version: HTTP/1.1)
HTTP/1.1 200 OK
X-FORWARDED-PROTO: http
Server: nginx
Date: Wed, 29 Jul 2015 09:43:47 GMT
Content-Type: application/json;charset=UTF-8
Transfer-Encoding: chunked
Connection: keep-alive
Keep-Alive: timeout=10
Access-Control-Allow-Credentials: true
X-Content-Type-Options: nosniff
X-XSS-Protection: 1; mode=block
Cache-Control: no-cache, no-store, max-age=0, must-revalidate
Pragma: no-cache
Expires: 0
X-Frame-Options: DENY
X-Application-Context: pv__voucher-manager__stage__v0_1_0_972:stage-cloud:1
10:43:47.012 [LittleProxy-ProxyToServerWorker-0] DEBUG o.l.p.impl.ProxyToServerConnection - (AWAITING_INITIAL) [id: 0x65ecad2b, /10.65.140.181:37580 => voucher-manager.stage.pv.nimbus-stage.cg.sky.com/80.238.10.34:80]: Remembering the current response.
10:43:47.012 [LittleProxy-ProxyToServerWorker-0] DEBUG o.l.p.impl.ClientToProxyConnection - (AWAITING_INITIAL) [id: 0x45fbf8a5, /127.0.0.1:48616 => /127.0.1.1:41135]: Writing: DefaultHttpResponse(decodeResult: success, version: HTTP/1.1)
HTTP/1.1 200 OK
X-FORWARDED-PROTO: http
Server: nginx
Date: Wed, 29 Jul 2015 09:43:47 GMT
Content-Type: application/json;charset=UTF-8
Transfer-Encoding: chunked
Access-Control-Allow-Credentials: true
X-Content-Type-Options: nosniff
X-XSS-Protection: 1; mode=block
Cache-Control: no-cache, no-store, max-age=0, must-revalidate
Pragma: no-cache
Expires: 0
X-Frame-Options: DENY
X-Application-Context: pv__voucher-manager__stage__v0_1_0_972:stage-cloud:1
Via: 1.1 localhost.localdomain
10:43:47.012 [LittleProxy-ProxyToServerWorker-0] DEBUG o.l.p.impl.ClientToProxyConnection - (AWAITING_INITIAL) [id: 0x45fbf8a5, /127.0.0.1:48616 => /127.0.1.1:41135]: Wrote: DefaultHttpResponse(decodeResult: success, version: HTTP/1.1)
HTTP/1.1 200 OK
X-FORWARDED-PROTO: http
Server: nginx
Date: Wed, 29 Jul 2015 09:43:47 GMT
Content-Type: application/json;charset=UTF-8
Transfer-Encoding: chunked
Access-Control-Allow-Credentials: true
X-Content-Type-Options: nosniff
X-XSS-Protection: 1; mode=block
Cache-Control: no-cache, no-store, max-age=0, must-revalidate
Pragma: no-cache
Expires: 0
X-Frame-Options: DENY
X-Application-Context: pv__voucher-manager__stage__v0_1_0_972:stage-cloud:1
Via: 1.1 localhost.localdomain
10:43:47.012 [LittleProxy-ProxyToServerWorker-0] DEBUG o.l.p.impl.ClientToProxyConnection - (AWAITING_INITIAL) [id: 0x45fbf8a5, /127.0.0.1:48616 => /127.0.1.1:41135]: Not closing server connection on middle chunk for /campaign
10:43:47.012 [LittleProxy-ProxyToServerWorker-0] DEBUG o.l.p.impl.ClientToProxyConnection - (AWAITING_INITIAL) [id: 0x45fbf8a5, /127.0.0.1:48616 => /127.0.1.1:41135]: Not closing client connection on middle chunk for /campaign
10:43:47.012 [LittleProxy-ProxyToServerWorker-0] DEBUG o.l.p.impl.ProxyToServerConnection - (AWAITING_CHUNK) [id: 0x65ecad2b, /10.65.140.181:37580 => voucher-manager.stage.pv.nimbus-stage.cg.sky.com/80.238.10.34:80]: Reading: DefaultHttpContent(data: SlicedByteBuf(ridx: 0, widx: 882, cap: 882/882, unwrapped: UnpooledUnsafeDirectByteBuf(ridx: 1405, widx: 1405, cap: 8192)), decoderResult: success)
10:43:47.012 [LittleProxy-ProxyToServerWorker-0] DEBUG o.l.p.impl.ClientToProxyConnection - (AWAITING_INITIAL) [id: 0x45fbf8a5, /127.0.0.1:48616 => /127.0.1.1:41135]: Retaining reference counted message
10:43:47.012 [LittleProxy-ProxyToServerWorker-0] DEBUG o.l.p.impl.ClientToProxyConnection - (AWAITING_INITIAL) [id: 0x45fbf8a5, /127.0.0.1:48616 => /127.0.1.1:41135]: Writing: DefaultHttpContent(data: SlicedByteBuf(ridx: 0, widx: 882, cap: 882/882, unwrapped: UnpooledUnsafeDirectByteBuf(ridx: 1405, widx: 1405, cap: 8192)), decoderResult: success)
10:43:47.012 [LittleProxy-ProxyToServerWorker-0] DEBUG o.l.p.impl.ClientToProxyConnection - (AWAITING_INITIAL) [id: 0x45fbf8a5, /127.0.0.1:48616 => /127.0.1.1:41135]: Wrote: DefaultHttpContent(data: SlicedByteBuf(ridx: 0, widx: 882, cap: 882/882, unwrapped: UnpooledUnsafeDirectByteBuf(ridx: 1405, widx: 1405, cap: 8192)), decoderResult: success)
10:43:47.012 [LittleProxy-ProxyToServerWorker-0] DEBUG o.l.p.impl.ClientToProxyConnection - (AWAITING_INITIAL) [id: 0x45fbf8a5, /127.0.0.1:48616 => /127.0.1.1:41135]: Not closing server connection on middle chunk for /campaign
10:43:47.012 [LittleProxy-ProxyToServerWorker-0] DEBUG o.l.p.impl.ClientToProxyConnection - (AWAITING_INITIAL) [id: 0x45fbf8a5, /127.0.0.1:48616 => /127.0.1.1:41135]: Not closing client connection on middle chunk for /campaign
10:43:47.013 [LittleProxy-ProxyToServerWorker-0] DEBUG o.l.p.impl.ProxyToServerConnection - (AWAITING_CHUNK) [id: 0x65ecad2b, /10.65.140.181:37580 => voucher-manager.stage.pv.nimbus-stage.cg.sky.com/80.238.10.34:80]: Reading: DefaultHttpContent(data: SlicedByteBuf(ridx: 0, widx: 4096, cap: 4096/4096, unwrapped: UnpooledUnsafeDirectByteBuf(ridx: 4096, widx: 4096, cap: 4096)), decoderResult: success)
10:43:47.013 [LittleProxy-ProxyToServerWorker-0] DEBUG o.l.p.impl.ClientToProxyConnection - (AWAITING_INITIAL) [id: 0x45fbf8a5, /127.0.0.1:48616 => /127.0.1.1:41135]: Retaining reference counted message
10:43:47.013 [LittleProxy-ProxyToServerWorker-0] DEBUG o.l.p.impl.ClientToProxyConnection - (AWAITING_INITIAL) [id: 0x45fbf8a5, /127.0.0.1:48616 => /127.0.1.1:41135]: Writing: DefaultHttpContent(data: SlicedByteBuf(ridx: 0, widx: 4096, cap: 4096/4096, unwrapped: UnpooledUnsafeDirectByteBuf(ridx: 4096, widx: 4096, cap: 4096)), decoderResult: success)
10:43:47.013 [LittleProxy-ProxyToServerWorker-0] DEBUG o.l.p.impl.ClientToProxyConnection - (AWAITING_INITIAL) [id: 0x45fbf8a5, /127.0.0.1:48616 => /127.0.1.1:41135]: Wrote: DefaultHttpContent(data: SlicedByteBuf(ridx: 0, widx: 4096, cap: 4096/4096, unwrapped: UnpooledUnsafeDirectByteBuf(ridx: 4096, widx: 4096, cap: 4096)), decoderResult: success)
10:43:47.013 [LittleProxy-ProxyToServerWorker-0] DEBUG o.l.p.impl.ClientToProxyConnection - (AWAITING_INITIAL) [id: 0x45fbf8a5, /127.0.0.1:48616 => /127.0.1.1:41135]: Not closing server connection on middle chunk for /campaign
10:43:47.013 [LittleProxy-ProxyToServerWorker-0] DEBUG o.l.p.impl.ClientToProxyConnection - (AWAITING_INITIAL) [id: 0x45fbf8a5, /127.0.0.1:48616 => /127.0.1.1:41135]: Not closing client connection on middle chunk for /campaign
10:43:47.013 [LittleProxy-ProxyToServerWorker-0] DEBUG o.l.p.impl.ProxyToServerConnection - (AWAITING_CHUNK) [id: 0x65ecad2b, /10.65.140.181:37580 => voucher-manager.stage.pv.nimbus-stage.cg.sky.com/80.238.10.34:80]: Reading: DefaultHttpContent(data: SlicedByteBuf(ridx: 0, widx: 2659, cap: 2659/2659, unwrapped: UnpooledUnsafeDirectByteBuf(ridx: 4096, widx: 4096, cap: 4096)), decoderResult: success)
10:43:47.013 [LittleProxy-ProxyToServerWorker-0] DEBUG o.l.p.impl.ClientToProxyConnection - (AWAITING_INITIAL) [id: 0x45fbf8a5, /127.0.0.1:48616 => /127.0.1.1:41135]: Retaining reference counted message
10:43:47.013 [LittleProxy-ProxyToServerWorker-0] DEBUG o.l.p.impl.ClientToProxyConnection - (AWAITING_INITIAL) [id: 0x45fbf8a5, /127.0.0.1:48616 => /127.0.1.1:41135]: Writing: DefaultHttpContent(data: SlicedByteBuf(ridx: 0, widx: 2659, cap: 2659/2659, unwrapped: UnpooledUnsafeDirectByteBuf(ridx: 4096, widx: 4096, cap: 4096)), decoderResult: success)
10:43:47.013 [LittleProxy-ProxyToServerWorker-0] DEBUG o.l.p.impl.ClientToProxyConnection - (AWAITING_INITIAL) [id: 0x45fbf8a5, /127.0.0.1:48616 => /127.0.1.1:41135]: Wrote: DefaultHttpContent(data: SlicedByteBuf(ridx: 0, widx: 2659, cap: 2659/2659, unwrapped: UnpooledUnsafeDirectByteBuf(ridx: 4096, widx: 4096, cap: 4096)), decoderResult: success)
10:43:47.013 [LittleProxy-ProxyToServerWorker-0] DEBUG o.l.p.impl.ClientToProxyConnection - (AWAITING_INITIAL) [id: 0x45fbf8a5, /127.0.0.1:48616 => /127.0.1.1:41135]: Not closing server connection on middle chunk for /campaign
10:43:47.013 [LittleProxy-ProxyToServerWorker-0] DEBUG o.l.p.impl.ClientToProxyConnection - (AWAITING_INITIAL) [id: 0x45fbf8a5, /127.0.0.1:48616 => /127.0.1.1:41135]: Not closing client connection on middle chunk for /campaign
10:43:47.013 [LittleProxy-ProxyToServerWorker-0] DEBUG o.l.p.impl.ProxyToServerConnection - (AWAITING_CHUNK) [id: 0x65ecad2b, /10.65.140.181:37580 => voucher-manager.stage.pv.nimbus-stage.cg.sky.com/80.238.10.34:80]: Reading: DefaultHttpContent(data: SlicedByteBuf(ridx: 0, widx: 1429, cap: 1429/1429, unwrapped: UnpooledUnsafeDirectByteBuf(ridx: 4096, widx: 4096, cap: 4096)), decoderResult: success)
10:43:47.013 [LittleProxy-ProxyToServerWorker-0] DEBUG o.l.p.impl.ClientToProxyConnection - (AWAITING_INITIAL) [id: 0x45fbf8a5, /127.0.0.1:48616 => /127.0.1.1:41135]: Retaining reference counted message
10:43:47.013 [LittleProxy-ProxyToServerWorker-0] DEBUG o.l.p.impl.ClientToProxyConnection - (AWAITING_INITIAL) [id: 0x45fbf8a5, /127.0.0.1:48616 => /127.0.1.1:41135]: Writing: DefaultHttpContent(data: SlicedByteBuf(ridx: 0, widx: 1429, cap: 1429/1429, unwrapped: UnpooledUnsafeDirectByteBuf(ridx: 4096, widx: 4096, cap: 4096)), decoderResult: success)
10:43:47.013 [LittleProxy-ProxyToServerWorker-0] DEBUG o.l.p.impl.ClientToProxyConnection - (AWAITING_INITIAL) [id: 0x45fbf8a5, /127.0.0.1:48616 => /127.0.1.1:41135]: Wrote: DefaultHttpContent(data: SlicedByteBuf(ridx: 0, widx: 1429, cap: 1429/1429, unwrapped: UnpooledUnsafeDirectByteBuf(ridx: 4096, widx: 4096, cap: 4096)), decoderResult: success)
10:43:47.013 [LittleProxy-ProxyToServerWorker-0] DEBUG o.l.p.impl.ClientToProxyConnection - (AWAITING_INITIAL) [id: 0x45fbf8a5, /127.0.0.1:48616 => /127.0.1.1:41135]: Not closing server connection on middle chunk for /campaign
10:43:47.013 [LittleProxy-ProxyToServerWorker-0] DEBUG o.l.p.impl.ClientToProxyConnection - (AWAITING_INITIAL) [id: 0x45fbf8a5, /127.0.0.1:48616 => /127.0.1.1:41135]: Not closing client connection on middle chunk for /campaign
10:43:47.013 [LittleProxy-ProxyToServerWorker-0] DEBUG o.l.p.impl.ProxyToServerConnection - (AWAITING_CHUNK) [id: 0x65ecad2b, /10.65.140.181:37580 => voucher-manager.stage.pv.nimbus-stage.cg.sky.com/80.238.10.34:80]: Reading: DefaultHttpContent(data: SlicedByteBuf(ridx: 0, widx: 4096, cap: 4096/4096, unwrapped: UnpooledUnsafeDirectByteBuf(ridx: 4096, widx: 4096, cap: 4096)), decoderResult: success)
10:43:47.013 [LittleProxy-ProxyToServerWorker-0] DEBUG o.l.p.impl.ClientToProxyConnection - (AWAITING_INITIAL) [id: 0x45fbf8a5, /127.0.0.1:48616 => /127.0.1.1:41135]: Retaining reference counted message
10:43:47.013 [LittleProxy-ProxyToServerWorker-0] DEBUG o.l.p.impl.ClientToProxyConnection - (AWAITING_INITIAL) [id: 0x45fbf8a5, /127.0.0.1:48616 => /127.0.1.1:41135]: Writing: DefaultHttpContent(data: SlicedByteBuf(ridx: 0, widx: 4096, cap: 4096/4096, unwrapped: UnpooledUnsafeDirectByteBuf(ridx: 4096, widx: 4096, cap: 4096)), decoderResult: success)
10:43:47.013 [LittleProxy-ProxyToServerWorker-0] DEBUG o.l.p.impl.ClientToProxyConnection - (AWAITING_INITIAL) [id: 0x45fbf8a5, /127.0.0.1:48616 => /127.0.1.1:41135]: Wrote: DefaultHttpContent(data: SlicedByteBuf(ridx: 0, widx: 4096, cap: 4096/4096, unwrapped: UnpooledUnsafeDirectByteBuf(ridx: 4096, widx: 4096, cap: 4096)), decoderResult: success)
10:43:47.013 [LittleProxy-ProxyToServerWorker-0] DEBUG o.l.p.impl.ClientToProxyConnection - (AWAITING_INITIAL) [id: 0x45fbf8a5, /127.0.0.1:48616 => /127.0.1.1:41135]: Not closing server connection on middle chunk for /campaign
10:43:47.013 [LittleProxy-ProxyToServerWorker-0] DEBUG o.l.p.impl.ClientToProxyConnection - (AWAITING_INITIAL) [id: 0x45fbf8a5, /127.0.0.1:48616 => /127.0.1.1:41135]: Not closing client connection on middle chunk for /campaign
10:43:47.013 [LittleProxy-ProxyToServerWorker-0] DEBUG o.l.p.impl.ProxyToServerConnection - (AWAITING_CHUNK) [id: 0x65ecad2b, /10.65.140.181:37580 => voucher-manager.stage.pv.nimbus-stage.cg.sky.com/80.238.10.34:80]: Reading: DefaultHttpContent(data: SlicedByteBuf(ridx: 0, widx: 4096, cap: 4096/4096, unwrapped: UnpooledUnsafeDirectByteBuf(ridx: 4096, widx: 4096, cap: 4096)), decoderResult: success)
10:43:47.013 [LittleProxy-ProxyToServerWorker-0] DEBUG o.l.p.impl.ClientToProxyConnection - (AWAITING_INITIAL) [id: 0x45fbf8a5, /127.0.0.1:48616 => /127.0.1.1:41135]: Retaining reference counted message
10:43:47.013 [LittleProxy-ProxyToServerWorker-0] DEBUG o.l.p.impl.ClientToProxyConnection - (AWAITING_INITIAL) [id: 0x45fbf8a5, /127.0.0.1:48616 => /127.0.1.1:41135]: Writing: DefaultHttpContent(data: SlicedByteBuf(ridx: 0, widx: 4096, cap: 4096/4096, unwrapped: UnpooledUnsafeDirectByteBuf(ridx: 4096, widx: 4096, cap: 4096)), decoderResult: success)
10:43:47.013 [LittleProxy-ProxyToServerWorker-0] DEBUG o.l.p.impl.ClientToProxyConnection - (AWAITING_INITIAL) [id: 0x45fbf8a5, /127.0.0.1:48616 => /127.0.1.1:41135]: Wrote: DefaultHttpContent(data: SlicedByteBuf(ridx: 0, widx: 4096, cap: 4096/4096, unwrapped: UnpooledUnsafeDirectByteBuf(ridx: 4096, widx: 4096, cap: 4096)), decoderResult: success)
10:43:47.014 [LittleProxy-ProxyToServerWorker-0] DEBUG o.l.p.impl.ClientToProxyConnection - (AWAITING_INITIAL) [id: 0x45fbf8a5, /127.0.0.1:48616 => /127.0.1.1:41135]: Not closing server connection on middle chunk for /campaign
10:43:47.014 [LittleProxy-ProxyToServerWorker-0] DEBUG o.l.p.impl.ClientToProxyConnection - (AWAITING_INITIAL) [id: 0x45fbf8a5, /127.0.0.1:48616 => /127.0.1.1:41135]: Not closing client connection on middle chunk for /campaign
10:43:47.014 [LittleProxy-ProxyToServerWorker-0] DEBUG o.l.p.impl.ProxyToServerConnection - (AWAITING_CHUNK) [id: 0x65ecad2b, /10.65.140.181:37580 => voucher-manager.stage.pv.nimbus-stage.cg.sky.com/80.238.10.34:80]: Reading: DefaultHttpContent(data: SlicedByteBuf(ridx: 0, widx: 4096, cap: 4096/4096, unwrapped: UnpooledUnsafeDirectByteBuf(ridx: 4096, widx: 4096, cap: 4096)), decoderResult: success)
10:43:47.014 [LittleProxy-ProxyToServerWorker-0] DEBUG o.l.p.impl.ClientToProxyConnection - (AWAITING_INITIAL) [id: 0x45fbf8a5, /127.0.0.1:48616 => /127.0.1.1:41135]: Retaining reference counted message
10:43:47.014 [LittleProxy-ProxyToServerWorker-0] DEBUG o.l.p.impl.ClientToProxyConnection - (AWAITING_INITIAL) [id: 0x45fbf8a5, /127.0.0.1:48616 => /127.0.1.1:41135]: Writing: DefaultHttpContent(data: SlicedByteBuf(ridx: 0, widx: 4096, cap: 4096/4096, unwrapped: UnpooledUnsafeDirectByteBuf(ridx: 4096, widx: 4096, cap: 4096)), decoderResult: success)
10:43:47.014 [LittleProxy-ProxyToServerWorker-0] DEBUG o.l.p.impl.ClientToProxyConnection - (AWAITING_INITIAL) [id: 0x45fbf8a5, /127.0.0.1:48616 => /127.0.1.1:41135]: Wrote: DefaultHttpContent(data: SlicedByteBuf(ridx: 0, widx: 4096, cap: 4096/4096, unwrapped: UnpooledUnsafeDirectByteBuf(ridx: 4096, widx: 4096, cap: 4096)), decoderResult: success)
10:43:47.014 [LittleProxy-ProxyToServerWorker-0] DEBUG o.l.p.impl.ClientToProxyConnection - (AWAITING_INITIAL) [id: 0x45fbf8a5, /127.0.0.1:48616 => /127.0.1.1:41135]: Not closing server connection on middle chunk for /campaign
10:43:47.014 [LittleProxy-ProxyToServerWorker-0] DEBUG o.l.p.impl.ClientToProxyConnection - (AWAITING_INITIAL) [id: 0x45fbf8a5, /127.0.0.1:48616 => /127.0.1.1:41135]: Not closing client connection on middle chunk for /campaign
10:43:47.014 [LittleProxy-ProxyToServerWorker-0] DEBUG o.l.p.impl.ProxyToServerConnection - (AWAITING_CHUNK) [id: 0x65ecad2b, /10.65.140.181:37580 => voucher-manager.stage.pv.nimbus-stage.cg.sky.com/80.238.10.34:80]: Reading: DefaultHttpContent(data: SlicedByteBuf(ridx: 0, widx: 2667, cap: 2667/2667, unwrapped: UnpooledUnsafeDirectByteBuf(ridx: 2669, widx: 2669, cap: 4096)), decoderResult: success)
10:43:47.014 [LittleProxy-ProxyToServerWorker-0] DEBUG o.l.p.impl.ClientToProxyConnection - (AWAITING_INITIAL) [id: 0x45fbf8a5, /127.0.0.1:48616 => /127.0.1.1:41135]: Retaining reference counted message
10:43:47.014 [LittleProxy-ProxyToServerWorker-0] DEBUG o.l.p.impl.ClientToProxyConnection - (AWAITING_INITIAL) [id: 0x45fbf8a5, /127.0.0.1:48616 => /127.0.1.1:41135]: Writing: DefaultHttpContent(data: SlicedByteBuf(ridx: 0, widx: 2667, cap: 2667/2667, unwrapped: UnpooledUnsafeDirectByteBuf(ridx: 2669, widx: 2669, cap: 4096)), decoderResult: success)
10:43:47.014 [LittleProxy-ProxyToServerWorker-0] DEBUG o.l.p.impl.ClientToProxyConnection - (AWAITING_INITIAL) [id: 0x45fbf8a5, /127.0.0.1:48616 => /127.0.1.1:41135]: Wrote: DefaultHttpContent(data: SlicedByteBuf(ridx: 0, widx: 2667, cap: 2667/2667, unwrapped: UnpooledUnsafeDirectByteBuf(ridx: 2669, widx: 2669, cap: 4096)), decoderResult: success)
10:43:47.014 [LittleProxy-ProxyToServerWorker-0] DEBUG o.l.p.impl.ClientToProxyConnection - (AWAITING_INITIAL) [id: 0x45fbf8a5, /127.0.0.1:48616 => /127.0.1.1:41135]: Not closing server connection on middle chunk for /campaign
10:43:47.014 [LittleProxy-ProxyToServerWorker-0] DEBUG o.l.p.impl.ClientToProxyConnection - (AWAITING_INITIAL) [id: 0x45fbf8a5, /127.0.0.1:48616 => /127.0.1.1:41135]: Not closing client connection on middle chunk for /campaign
10:43:47.020 [LittleProxy-ClientToProxyWorker-4] DEBUG o.l.p.impl.ClientToProxyConnection - (AWAITING_INITIAL) [id: 0xd40ea92d, /127.0.0.1:48630 => /127.0.1.1:41135]: Reading: HttpObjectAggregator$AggregatedFullHttpRequest(decodeResult: success, version: HTTP/1.1, content: CompositeByteBuf(ridx: 0, widx: 0, cap: 0, components=0))
GET http://voucher-manager-ui.stage.pv.nimbus-stage.cg.sky.com/fonts/glyphicons-halflings-regular.woff HTTP/1.1
Host: voucher-manager-ui.stage.pv.nimbus-stage.cg.sky.com
Proxy-Connection: keep-alive
User-Agent: Mozilla/5.0 (X11; Linux x86_64) AppleWebKit/537.36 (KHTML, like Gecko) Chrome/43.0.2357.134 Safari/537.36
Accept: */*
Referer: http://voucher-manager-ui.stage.pv.nimbus-stage.cg.sky.com/styles/vendor.e0f0f7c2.css
Accept-Encoding: gzip, deflate, sdch
Accept-Language: en-GB,en-US;q=0.8,en;q=0.6
Content-Length: 0
10:43:47.020 [LittleProxy-ClientToProxyWorker-4] DEBUG o.l.p.impl.ClientToProxyConnection - (AWAITING_INITIAL) [id: 0xd40ea92d, /127.0.0.1:48630 => /127.0.1.1:41135]: Got request: HttpObjectAggregator$AggregatedFullHttpRequest(decodeResult: success, version: HTTP/1.1, content: CompositeByteBuf(ridx: 0, widx: 0, cap: 0, components=0))
GET http://voucher-manager-ui.stage.pv.nimbus-stage.cg.sky.com/fonts/glyphicons-halflings-regular.woff HTTP/1.1
Host: voucher-manager-ui.stage.pv.nimbus-stage.cg.sky.com
Proxy-Connection: keep-alive
User-Agent: Mozilla/5.0 (X11; Linux x86_64) AppleWebKit/537.36 (KHTML, like Gecko) Chrome/43.0.2357.134 Safari/537.36
Accept: */*
Referer: http://voucher-manager-ui.stage.pv.nimbus-stage.cg.sky.com/styles/vendor.e0f0f7c2.css
Accept-Encoding: gzip, deflate, sdch
Accept-Language: en-GB,en-US;q=0.8,en;q=0.6
Content-Length: 0
10:43:47.020 [LittleProxy-ClientToProxyWorker-4] DEBUG o.l.p.impl.ClientToProxyConnection - (AWAITING_INITIAL) [id: 0xd40ea92d, /127.0.0.1:48630 => /127.0.1.1:41135]: Ensuring that hostAndPort are available in http://voucher-manager-ui.stage.pv.nimbus-stage.cg.sky.com/fonts/glyphicons-halflings-regular.woff
10:43:47.020 [LittleProxy-ClientToProxyWorker-4] DEBUG o.l.p.impl.ClientToProxyConnection - (AWAITING_INITIAL) [id: 0xd40ea92d, /127.0.0.1:48630 => /127.0.1.1:41135]: Finding ProxyToServerConnection for: voucher-manager-ui.stage.pv.nimbus-stage.cg.sky.com
10:43:47.020 [LittleProxy-ClientToProxyWorker-4] DEBUG o.l.p.impl.ClientToProxyConnection - (AWAITING_INITIAL) [id: 0xd40ea92d, /127.0.0.1:48630 => /127.0.1.1:41135]: Reusing existing server connection: org.littleshoot.proxy.impl.ProxyToServerConnection@2439c48e
10:43:47.020 [LittleProxy-ClientToProxyWorker-4] DEBUG o.l.p.impl.ClientToProxyConnection - (AWAITING_INITIAL) [id: 0xd40ea92d, /127.0.0.1:48630 => /127.0.1.1:41135]: Modifying request headers for proxying
10:43:47.020 [LittleProxy-ClientToProxyWorker-4] DEBUG o.l.p.impl.ClientToProxyConnection - (AWAITING_INITIAL) [id: 0xd40ea92d, /127.0.0.1:48630 => /127.0.1.1:41135]: Modifying request for proxy chaining
10:43:47.020 [LittleProxy-ClientToProxyWorker-4] DEBUG o.l.p.impl.ClientToProxyConnection - (AWAITING_INITIAL) [id: 0xd40ea92d, /127.0.0.1:48630 => /127.0.1.1:41135]: Stripped host from uri: http://voucher-manager-ui.stage.pv.nimbus-stage.cg.sky.com/fonts/glyphicons-halflings-regular.woff    yielding: /fonts/glyphicons-halflings-regular.woff
10:43:47.020 [LittleProxy-ClientToProxyWorker-4] DEBUG o.l.p.impl.ClientToProxyConnection - (AWAITING_INITIAL) [id: 0xd40ea92d, /127.0.0.1:48630 => /127.0.1.1:41135]: Removed sdch and inserted: gzip, deflate, 
10:43:47.020 [LittleProxy-ClientToProxyWorker-4] DEBUG o.l.p.impl.ClientToProxyConnection - (AWAITING_INITIAL) [id: 0xd40ea92d, /127.0.0.1:48630 => /127.0.1.1:41135]: Writing request to ProxyToServerConnection
10:43:47.020 [LittleProxy-ClientToProxyWorker-4] DEBUG o.l.p.impl.ProxyToServerConnection - (AWAITING_INITIAL) [id: 0x37e81f47, /10.65.140.181:37595 => voucher-manager-ui.stage.pv.nimbus-stage.cg.sky.com/80.238.10.34:80]: Requested write of HttpObjectAggregator$AggregatedFullHttpRequest(decodeResult: success, version: HTTP/1.1, content: CompositeByteBuf(ridx: 0, widx: 0, cap: 0, components=0))
GET /fonts/glyphicons-halflings-regular.woff HTTP/1.1
Host: voucher-manager-ui.stage.pv.nimbus-stage.cg.sky.com
User-Agent: Mozilla/5.0 (X11; Linux x86_64) AppleWebKit/537.36 (KHTML, like Gecko) Chrome/43.0.2357.134 Safari/537.36
Accept: */*
Referer: http://voucher-manager-ui.stage.pv.nimbus-stage.cg.sky.com/styles/vendor.e0f0f7c2.css
Accept-Language: en-GB,en-US;q=0.8,en;q=0.6
Content-Length: 0
Accept-Encoding: gzip, deflate, 
Via: 1.1 localhost.localdomain
10:43:47.020 [LittleProxy-ClientToProxyWorker-4] DEBUG o.l.p.impl.ProxyToServerConnection - (AWAITING_INITIAL) [id: 0x37e81f47, /10.65.140.181:37595 => voucher-manager-ui.stage.pv.nimbus-stage.cg.sky.com/80.238.10.34:80]: Retaining reference counted message
10:43:47.020 [LittleProxy-ClientToProxyWorker-4] DEBUG o.l.p.impl.ProxyToServerConnection - (AWAITING_INITIAL) [id: 0x37e81f47, /10.65.140.181:37595 => voucher-manager-ui.stage.pv.nimbus-stage.cg.sky.com/80.238.10.34:80]: Using existing connection to: voucher-manager-ui.stage.pv.nimbus-stage.cg.sky.com/80.238.10.34:80
10:43:47.020 [LittleProxy-ClientToProxyWorker-4] DEBUG o.l.p.impl.ProxyToServerConnection - (AWAITING_INITIAL) [id: 0x37e81f47, /10.65.140.181:37595 => voucher-manager-ui.stage.pv.nimbus-stage.cg.sky.com/80.238.10.34:80]: Writing: HttpObjectAggregator$AggregatedFullHttpRequest(decodeResult: success, version: HTTP/1.1, content: CompositeByteBuf(ridx: 0, widx: 0, cap: 0, components=0))
GET /fonts/glyphicons-halflings-regular.woff HTTP/1.1
Host: voucher-manager-ui.stage.pv.nimbus-stage.cg.sky.com
User-Agent: Mozilla/5.0 (X11; Linux x86_64) AppleWebKit/537.36 (KHTML, like Gecko) Chrome/43.0.2357.134 Safari/537.36
Accept: */*
Referer: http://voucher-manager-ui.stage.pv.nimbus-stage.cg.sky.com/styles/vendor.e0f0f7c2.css
Accept-Language: en-GB,en-US;q=0.8,en;q=0.6
Content-Length: 0
Accept-Encoding: gzip, deflate, 
Via: 1.1 localhost.localdomain
10:43:47.021 [LittleProxy-ClientToProxyWorker-4] DEBUG o.l.p.impl.ProxyToServerConnection - (AWAITING_INITIAL) [id: 0x37e81f47, /10.65.140.181:37595 => voucher-manager-ui.stage.pv.nimbus-stage.cg.sky.com/80.238.10.34:80]: Writing an empty buffer to signal the end of our chunked transfer
10:43:47.021 [LittleProxy-ClientToProxyWorker-4] DEBUG o.l.p.impl.ProxyToServerConnection - (AWAITING_INITIAL) [id: 0x37e81f47, /10.65.140.181:37595 => voucher-manager-ui.stage.pv.nimbus-stage.cg.sky.com/80.238.10.34:80]: Wrote: HttpObjectAggregator$AggregatedFullHttpRequest(decodeResult: success, version: HTTP/1.1, content: CompositeByteBuf(ridx: 0, widx: 0, cap: 0, components=0))
GET /fonts/glyphicons-halflings-regular.woff HTTP/1.1
Host: voucher-manager-ui.stage.pv.nimbus-stage.cg.sky.com
User-Agent: Mozilla/5.0 (X11; Linux x86_64) AppleWebKit/537.36 (KHTML, like Gecko) Chrome/43.0.2357.134 Safari/537.36
Accept: */*
Referer: http://voucher-manager-ui.stage.pv.nimbus-stage.cg.sky.com/styles/vendor.e0f0f7c2.css
Accept-Language: en-GB,en-US;q=0.8,en;q=0.6
Content-Length: 0
Accept-Encoding: gzip, deflate, 
Via: 1.1 localhost.localdomain
10:43:47.047 [Forwarding getPageSource on session 5e9977749cf8e028abefff19f425d7c0 to remote] DEBUG org.apache.http.wire - http-outgoing-13 << "HTTP/1.1 200 OK[\r][\n]"
10:43:47.048 [Forwarding getPageSource on session 5e9977749cf8e028abefff19f425d7c0 to remote] DEBUG org.apache.http.wire - http-outgoing-13 << "Content-Length:44651[\r][\n]"
10:43:47.048 [Forwarding getPageSource on session 5e9977749cf8e028abefff19f425d7c0 to remote] DEBUG org.apache.http.wire - http-outgoing-13 << "Content-Type:application/json; charset=utf-8[\r][\n]"
10:43:47.048 [Forwarding getPageSource on session 5e9977749cf8e028abefff19f425d7c0 to remote] DEBUG org.apache.http.wire - http-outgoing-13 << "Connection:close[\r][\n]"
10:43:47.048 [Forwarding getPageSource on session 5e9977749cf8e028abefff19f425d7c0 to remote] DEBUG org.apache.http.wire - http-outgoing-13 << "[\r][\n]"
10:43:47.048 [Forwarding getPageSource on session 5e9977749cf8e028abefff19f425d7c0 to remote] DEBUG org.apache.http.wire - http-outgoing-13 << "{"sessionId":"5e9977749cf8e028abefff19f425d7c0","status":0,"value":"\u003C!DOCTYPE html>\u003Chtml xmlns=\"http://www.w3.org/1999/xhtml\" class=\"no-js\">\u003Chead>\u003Cstyle type=\"text/css\">@charset \"UTF-8\";[ng\\:cloak],[ng-cloak],[data-ng-cloak],[x-ng-cloak],.ng-cloak,.x-ng-cloak,.ng-hide:not(.ng-hide-animate){display:none !important;}ng\\:form{display:block;}.ng-animate-shim{visibility:hidden;}.ng-anchor{position:absolute;}\u003C/style> \u003Cmeta charset=\"utf-8\" /> \u003Ctitle>\u003C/title> \u003Cmeta name=\"description\" content=\"\" /> \u003Cmeta name=\"viewport\" content=\"width=device-width\" /> \u003Clink rel=\"stylesheet\" href=\"styles/vendor.e0f0f7c2.css\" /> \u003Clink rel=\"stylesheet\" href=\"styles/main.d21d6943.css\" />  \u003C/head>\u003Cbody ng-app=\"vouchersUiApp\" class=\"ng-scope\"> \u003C!--[if lt IE 7]>\n      \u003Cp class=\"browsehappy\">You are using an \u003Cstrong>outdated\u003C/strong> browser. Please \u003Ca href=\"http://browsehappy.com/\">upgrade your browser\u003C/a> to improve your experience.\u003C/p>\n    \u003C![endif]--> \u003Cserver-connection>\u003Cdiv class=\"col-md-12 alert-message\"> \u003C!-- ngRepeat: alert in alerts --> \u003C/div>\u003C/server-connection> \u003C!-- Add your site or application content here --> \u003Cdiv class=\"container\"> \u003C!-- ngView:  -->\u003Cdiv ng-view=\"\" class=\"body ng-scope\">\u003C!-- ngInclude: undefined --> \u003Cdiv class=\"row name-group ng-scope\"> \u003Cdiv class=\"col-md-12\"> \u003Ch4>Campaign List\u003C/h4> \u003Cform class=\"form-inline search-form ng-pristine ng-valid ng-valid-minlength ng-valid-maxlength\" name=\"nameForm\"> \u003Cdiv class=\"form-group col-md-5\"> \u003Clabel for=\"search-name\">Find\u003C/label> \u003Cinput type=\"text\" ng-model=\"searchName\" delayed-model=\"searchName\" name=\"name\" class=\"form-control ng-pristine ng-untouched ng-valid ng-valid-minlength ng-valid-maxlength\" id=\"search-name\" ng-minlength=\"3\" maxlength=\"50\" placeholder=\"Campaign Name (Minimum 3 characters)\" /> \u003Cspan id=\"searchclear\" class=\"glyphicon glyphicon-remove-circle\" ng-click=\"clearSearchName()\">\u003C/span> \u003C/div> \u003C/form> \u003Cdiv class=\"btn-group pull-right\"> \u003Cbutton type=\"submit\" class=\"btn btn-success\" ng-click=\"exportFilteredList()\">Export Campaign List\u003C/button> \u003C/div> \u003C/div> \u003C/div> \u003Cdiv class=\"row ng-scope\"> \u003Cform class=\"form-inline search-form filter-campaigns ng-pristine ng-valid ng-valid-date\" name=\"searchForm\"> \u003Cdiv class=\"col-md-12 ng-hide\" ng-hide=\"!showFilters\"> \u003Chr /> \u003Cdiv class=\"form-group date-group\"> \u003Clabel for=\"start\">Start Date\u003C/label> \u003Cdiv class=\"dropdown\"> \u003Ca class=\"dropdown-toggle\" id=\"start-dropdown\" role=\"button\" data-toggle=\"dropdown\" data-target=\"#\" href=\"#\" aria-haspopup=\"true\" aria-expanded=\"false\"> \u003Cdiv class=\"input-group\">\u003Cinput type=\"text\" size=\"20\" class=\"form-control ng-pristine ng-untouched ng-valid ng-valid-date\" name=\"start\" id=\"start\" data-ng-model=\"search.start\" ng-change=\"checkFilterDateValidity()\" />\u003Cspan class=\"input-group-addon\">\u003Ci class=\"glyphicon glyphicon-calendar\">\u003C/i>\u003C/span>\u003C/div> \u003C/a> \u003Cul class=\"dropdown-menu\" role=\"menu\" aria-labelledby=\"dLabel\"> \u003Cdiv class=\"datetimepicker table-responsive ng-isolate-scope ng-valid\" data-ng-model=\"search.start\" data-datetimepicker-config=\"{ dropdownSelector: '#start-dropdown', startView:'day', minView:'day' }\" data-on-set-time=\"setStartDate(newDate, oldDate)\">\u003Ctable class=\"table table-striped  day-view\">   \u003Cthead>       \u003Ctr>           \u003Cth class=\"left\" data-ng-click=\"changeView(data.currentView, data.leftDate, $event)\" data-ng-show=\"data.leftDate.selectable\">\u003Ci class=\"glyphicon glyphicon-arrow-left\">\u003C/i>\u003C/th>           \u003Cth class=\"switch ng-binding\" colspan=\"5\" data-ng-show=\"data.previousViewDate.selectable\" data-ng-click=\"changeView(data.previousView, data.previousViewDate, $event)\">2015-Jul\u003C/th>           \u003Cth class=\"right\" data-ng-click=\"changeView(data.currentView, data.rightDate, $event)\" data-ng-show=\"data.rightDate.selectable\">\u003Ci class=\"glyphicon glyphicon-arrow-right\">\u003C/i>\u003C/th>       \u003C/tr>       \u003Ctr>           \u003C!-- ngRepeat: day in data.dayNames -->\u003Cth class=\"dow ng-binding ng-scope\" data-ng-repeat=\"day in data.dayNames\">Su\u003C/th>\u003C!-- end ngRepeat: day in data.dayNames -->\u003Cth class=\"dow ng-binding ng-scope\" data-ng-repeat=\"day in data.dayNames\">Mo\u003C/th>\u003C!-- end ngRepeat: day in data.dayNames -->\u003Cth class=\"dow ng-binding ng-scope\" data-ng-repeat=\"day in data.dayNames\">Tu\u003C/th>\u003C!-- end ngRepeat: day in data.dayNames -->\u003Cth class=\"dow ng-binding ng-scope\" data-ng-repeat=\"day in data.dayNames\">We\u003C/th>\u003C!-- end ngRepeat: day in data.dayNames -->\u003Cth class=\"dow ng-binding ng-scope\" data-ng-repeat=\"day in data.dayNames\">Th\u003C/th>\u003C!-- end ngRepeat: day in data.dayNames -->\u003Cth class=\"dow ng-binding ng-scope\" data-ng-repeat=\"day in data.dayNames\">Fr\u003C/th>\u003C!-- end ngRepeat: day in data.dayNames -->\u003Cth class=\"dow ng-binding ng-scope\" data-ng-repeat=\"day in data.dayNames\">Sa\u003C/th>\u003C!-- end ngRepeat: day in data.dayNames -->       \u003C/tr>   \u003C/thead>   \u003Ctbody>       \u003C!-- ngIf: data.currentView !== 'day' -->       \u003C!-- ngRepeat: week in data.weeks -->\u003C!-- ngIf: data.currentView === 'day' -->\u003Ctr data-ng-if=\"data.currentView === 'day'\" data-ng-repeat=\"week in data.weeks\" class=\"ng-scope\">           \u003C!-- ngRepeat: dateObject in week.dates -->\u003Ctd data-ng-repeat=\"dateObject in week.dates\" data-ng-click=\"changeView(data.nextView, dateObject, $event)\" class=\"day ng-binding ng-scope past\" data-ng-class=\"{active: dateObject.active, past: dateObject.past, future: dateObject.future, disabled: !dateObject.selectable}\">28\u003C/td>\u003C!-- end ngRepeat: dateObject in week.dates -->\u003Ctd data-ng-repeat=\"dateObject in week.dates\" data-ng-click=\"changeView(data.nextView, dateObject, $event)\" class=\"day ng-binding ng-scope past\" data-ng-class=\"{active: dateObject.active, past: dateObject.past, future: dateObject.future, disabled: !dateObject.selectable}\">29\u003C/td>\u003C!-- end ngRepeat: dateObject in week.dates -->\u003Ctd data-ng-repeat=\"dateObject in week.dates\" data-ng-click=\"changeView(data.nextView, dateObject, $event)\" class=\"day ng-binding ng-scope past\" data-ng-class=\"{active: dateObject.active, past: dateObject.past, future: dateObject.future, disabled: !dateObject.selectable}\">30\u003C/td>\u003C!-- end ngRepeat: dateObject in week.dates -->\u003Ctd data-ng-repeat=\"dateObject in week.dates\" data-ng-click=\"changeView(data.nextView, dateObject, $event)\" class=\"day ng-binding ng-scope\" data-ng-class=\"{active: dateObject.active, past: dateObject.past, future: dateObject.future, disabled: !dateObject.selectable}\">1\u003C/td>\u003C!-- end ngRepeat: dateObject in week.dates -->\u003Ctd data-ng-repeat=\"dateObject in week.dates\" data-ng-click=\"changeView(data.nextView, dateObject, $event)\" class=\"day ng-binding ng-scope\" data-ng-class=\"{active: dateObject.active, past: dateObject.past, future: dateObject.future, disabled: !dateObject.selectable}\">2\u003C/td>\u003C!-- end ngRepeat: dateObject in week.dates -->\u003Ctd data-ng-repeat=\"dateObject in week.dates\" data-ng-click=\"changeView(data.nextView, dateObject, $event)\" class=\"day ng-binding ng-scope\" data-ng-class=\"{active: dateObject.active, past: dateObject.past, future: dateObject.future, disabled: !dateObject.selectable}\">3\u003C/td>\u003C!-- end ngRepeat: dateObject in week.dates -->\u003Ctd data-ng-repeat=\"dateObject in week.dates\" data-ng-click=\"changeView(data.nextView, dateObject, $event)\" class=\"day ng-binding ng-scope\" data-ng-class=\"{active: dateObject.active, past: dat"
10:43:47.048 [Forwarding getPageSource on session 5e9977749cf8e028abefff19f425d7c0 to remote] DEBUG org.apache.http.headers - http-outgoing-13 << HTTP/1.1 200 OK
10:43:47.048 [Forwarding getPageSource on session 5e9977749cf8e028abefff19f425d7c0 to remote] DEBUG org.apache.http.headers - http-outgoing-13 << Content-Length:44651
10:43:47.048 [Forwarding getPageSource on session 5e9977749cf8e028abefff19f425d7c0 to remote] DEBUG org.apache.http.headers - http-outgoing-13 << Content-Type:application/json; charset=utf-8
10:43:47.048 [Forwarding getPageSource on session 5e9977749cf8e028abefff19f425d7c0 to remote] DEBUG org.apache.http.headers - http-outgoing-13 << Connection:close
10:43:47.048 [LittleProxy-ProxyToServerWorker-3] DEBUG o.l.p.impl.ProxyToServerConnection - (AWAITING_INITIAL) [id: 0x37e81f47, /10.65.140.181:37595 => voucher-manager-ui.stage.pv.nimbus-stage.cg.sky.com/80.238.10.34:80]: Remembering the current request.
10:43:47.048 [LittleProxy-ProxyToServerWorker-3] DEBUG o.l.p.impl.ProxyToServerConnection - (AWAITING_INITIAL) [id: 0x37e81f47, /10.65.140.181:37595 => voucher-manager-ui.stage.pv.nimbus-stage.cg.sky.com/80.238.10.34:80]: Reading: DefaultHttpResponse(decodeResult: success, version: HTTP/1.1)
HTTP/1.1 200 OK
X-FORWARDED-PROTO: http
Server: nginx
Date: Wed, 29 Jul 2015 09:43:47 GMT
Content-Type: application/font-woff
Content-Length: 23320
Connection: keep-alive
Keep-Alive: timeout=10
X-Powered-By: Express
X-Frame-Options: DENY
Accept-Ranges: bytes
Cache-Control: public, max-age=0
Last-Modified: Fri, 24 Jul 2015 14:37:56 GMT
ETag: W/"5b18-2857048211"
10:43:47.048 [Forwarding getPageSource on session 5e9977749cf8e028abefff19f425d7c0 to remote] DEBUG org.apache.http.wire - http-outgoing-13 << "eObject.past, future: dateObject.future, disabled: !dateObject.selectable}\">4\u003C/td>\u003C!-- end ngRepeat: dateObject in week.dates -->       \u003C/tr>\u003C!-- end ngIf: data.currentView === 'day' -->\u003C!-- end ngRepeat: week in data.weeks -->\u003C!-- ngIf: data.currentView === 'day' -->\u003Ctr data-ng-if=\"data.currentView === 'day'\" data-ng-repeat=\"week in data.weeks\" class=\"ng-scope\">           \u003C!-- ngRepeat: dateObject in week.dates -->\u003Ctd data-ng-repeat=\"dateObject in week.dates\" data-ng-click=\"changeView(data.nextView, dateObject, $event)\" class=\"day ng-binding ng-scope\" data-ng-class=\"{active: dateObject.active, past: dateObject.past, future: dateObject.future, disabled: !dateObject.selectable}\">5\u003C/td>\u003C!-- end ngRepeat: dateObject in week.dates -->\u003Ctd data-ng-repeat=\"dateObject in week.dates\" data-ng-click=\"changeView(data.nextView, dateObject, $event)\" class=\"day ng-binding ng-scope\" data-ng-class=\"{active: dateObject.active, past: dateObject.past, future: dateObject.future, disabled: !dateObject.selectable}\">6\u003C/td>\u003C!-- end ngRepeat: dateObject in week.dates -->\u003Ctd data-ng-repeat=\"dateObject in week.dates\" data-ng-click=\"changeView(data.nextView, dateObject, $event)\" class=\"day ng-binding ng-scope\" data-ng-class=\"{active: dateObject.active, past: dateObject.past, future: dateObject.future, disabled: !dateObject.selectable}\">7\u003C/td>\u003C!-- end ngRepeat: dateObject in week.dates -->\u003Ctd data-ng-repeat=\"dateObject in week.dates\" data-ng-click=\"changeView(data.nextView, dateObject, $event)\" class=\"day ng-binding ng-scope\" data-ng-class=\"{active: dateObject.active, past: dateObject.past, future: dateObject.future, disabled: !dateObject.selectable}\">8\u003C/td>\u003C!-- end ngRepeat: dateObject in week.dates -->\u003Ctd data-ng-repeat=\"dateObject in week.dates\" data-ng-click=\"changeView(data.nextView, dateObject, $event)\" class=\"day ng-binding ng-scope\" data-ng-class=\"{active: dateObject.active, past: dateObject.past, future: dateObject.future, disabled: !dateObject.selectable}\">9\u003C/td>\u003C!-- end ngRepeat: dateObject in week.dates -->\u003Ctd data-ng-repeat=\"dateObject in week.dates\" data-ng-click=\"changeView(data.nextView, dateObject, $event)\" class=\"day ng-binding ng-scope\" data-ng-class=\"{active: dateObject.active, past: dateObject.past, future: dateObject.future, disabled: !dateObject.selectable}\">10\u003C/td>\u003C!-- end ngRepeat: dateObject in week.dates -->\u003Ctd data-ng-repeat=\"dateObject in week.dates\" data-ng-click=\"changeView(data.nextView, dateObject, $event)\" class=\"day ng-binding ng-scope\" data-ng-class=\"{active: dateObject.active, past: dateObject.past, future: dateObject.future, disabled: !dateObject.selectable}\">11\u003C/td>\u003C!-- end ngRepeat: dateObject in week.dates -->       \u003C/tr>\u003C!-- end ngIf: data.currentView === 'day' -->\u003C!-- end ngRepeat: week in data.weeks -->\u003C!-- ngIf: data.currentView === 'day' -->\u003Ctr data-ng-if=\"data.currentView === 'day'\" data-ng-repeat=\"week in data.weeks\" class=\"ng-scope\">           \u003C!-- ngRepeat: dateObject in week.dates -->\u003Ctd data-ng-repeat=\"dateObject in week.dates\" data-ng-click=\"changeView(data.nextView, dateObject, $event)\" class=\"day ng-binding ng-scope\" data-ng-class=\"{active: dateObject.active, past: dateObject.past, future: dateObject.future, disabled: !dateObject.selectable}\">12\u003C/td>\u003C!-- end ngRepeat: dateObject in week.dates -->\u003Ctd data-ng-repeat=\"dateObject in week.dates\" data-ng-click=\"changeView(data.nextView, dateObject, $event)\" class=\"day ng-binding ng-scope\" data-ng-class=\"{active: dateObject.active, past: dateObject.past, future: dateObject.future, disabled: !dateObject.selectable}\">13\u003C/td>\u003C!-- end ngRepeat: dateObject in week.dates -->\u003Ctd data-ng-repeat=\"dateObject in week.dates\" data-ng-click=\"changeView(data.nextView, dateObject, $event)\" class=\"day ng-binding ng-scope\" data-ng-class=\"{active: dateObject.active, past: dat"
10:43:47.048 [LittleProxy-ProxyToServerWorker-3] DEBUG o.l.p.impl.ProxyToServerConnection - (AWAITING_INITIAL) [id: 0x37e81f47, /10.65.140.181:37595 => voucher-manager-ui.stage.pv.nimbus-stage.cg.sky.com/80.238.10.34:80]: Received raw response: DefaultHttpResponse(decodeResult: success, version: HTTP/1.1)
HTTP/1.1 200 OK
X-FORWARDED-PROTO: http
Server: nginx
Date: Wed, 29 Jul 2015 09:43:47 GMT
Content-Type: application/font-woff
Content-Length: 23320
Connection: keep-alive
Keep-Alive: timeout=10
X-Powered-By: Express
X-Frame-Options: DENY
Accept-Ranges: bytes
Cache-Control: public, max-age=0
Last-Modified: Fri, 24 Jul 2015 14:37:56 GMT
ETag: W/"5b18-2857048211"
10:43:47.049 [LittleProxy-ProxyToServerWorker-3] DEBUG o.l.p.impl.ProxyToServerConnection - (AWAITING_INITIAL) [id: 0x37e81f47, /10.65.140.181:37595 => voucher-manager-ui.stage.pv.nimbus-stage.cg.sky.com/80.238.10.34:80]: Remembering the current response.
10:43:47.049 [Forwarding getPageSource on session 5e9977749cf8e028abefff19f425d7c0 to remote] DEBUG org.apache.http.wire - http-outgoing-13 << "eObject.past, future: dateObject.future, disabled: !dateObject.selectable}\">14\u003C/td>\u003C!-- end ngRepeat: dateObject in week.dates -->\u003Ctd data-ng-repeat=\"dateObject in week.dates\" data-ng-click=\"changeView(data.nextView, dateObject, $event)\" class=\"day ng-binding ng-scope\" data-ng-class=\"{active: dateObject.active, past: dateObject.past, future: dateObject.future, disabled: !dateObject.selectable}\">15\u003C/td>\u003C!-- end ngRepeat: dateObject in week.dates -->\u003Ctd data-ng-repeat=\"dateObject in week.dates\" data-ng-click=\"changeView(data.nextView, dateObject, $event)\" class=\"day ng-binding ng-scope\" data-ng-class=\"{active: dateObject.active, past: dateObject.past, future: dateObject.future, disabled: !dateObject.selectable}\">16\u003C/td>\u003C!-- end ngRepeat: dateObject in week.dates -->\u003Ctd data-ng-repeat=\"dateObject in week.dates\" data-ng-click=\"changeView(data.nextView, dateObject, $event)\" class=\"day ng-binding ng-scope\" data-ng-class=\"{active: dateObject.active, past: dateObject.past, future: dateObject.future, disabled: !dateObject.selectable}\">17\u003C/td>\u003C!-- end ngRepeat: dateObject in week.dates -->\u003Ctd data-ng-repeat=\"dateObject in week.dates\" data-ng-click=\"changeView(data.nextView, dateObject, $event)\" class=\"day ng-binding ng-scope\" data-ng-class=\"{active: dateObject.active, past: dateObject.past, future: dateObject.future, disabled: !dateObject.selectable}\">18\u003C/td>\u003C!-- end ngRepeat: dateObject in week.dates -->       \u003C/tr>\u003C!-- end ngIf: data.currentView === 'day' -->\u003C!-- end ngRepeat: week in data.weeks -->\u003C!-- ngIf: data.currentView === 'day' -->\u003Ctr data-ng-if=\"data.currentView === 'day'\" data-ng-repeat=\"week in data.weeks\" class=\"ng-scope\">           \u003C!-- ngRepeat: dateObject in week.dates -->\u003Ctd data-ng-repeat=\"dateObject in week.dates\" data-ng-click=\"changeView(data.nextView, dateObject, $event)\" class=\"day ng-binding ng-scope\" data-ng-class=\"{active: dateObject.active, past: dateObject.past, future: dateObject.future, disabled: !dateObject.selectable}\">19\u003C/td>\u003C!-- end ngRepeat: dateObject in week.dates -->\u003Ctd data-ng-repeat=\"dateObject in week.dates\" data-ng-click=\"changeView(data.nextView, dateObject, $event)\" class=\"day ng-binding ng-scope\" data-ng-class=\"{active: dateObject.active, past: dateObject.past, future: dateObject.future, disabled: !dateObject.selectable}\">20\u003C/td>\u003C!-- end ngRepeat: dateObject in week.dates -->\u003Ctd data-ng-repeat=\"dateObject in week.dates\" data-ng-click=\"changeView(data.nextView, dateObject, $event)\" class=\"day ng-binding ng-scope\" data-ng-class=\"{active: dateObject.active, past: dateObject.past, future: dateObject.future, disabled: !dateObject.selectable}\">21\u003C/td>\u003C!-- end ngRepeat: dateObject in week.dates -->\u003Ctd data-ng-repeat=\"dateObject in week.dates\" data-ng-click=\"changeView(data.nextView, dateObject, $event)\" class=\"day ng-binding ng-scope\" data-ng-class=\"{active: dateObject.active, past: dateObject.past, future: dateObject.future, disabled: !dateObject.selectable}\">22\u003C/td>\u003C!-- end ngRepeat: dateObject in week.dates -->\u003Ctd data-ng-repeat=\"dateObject in week.dates\" data-ng-click=\"changeView(data.nextView, dateObject, $event)\" class=\"day ng-binding ng-scope\" data-ng-class=\"{active: dateObject.active, past: dateObject.past, future: dateObject.future, disabled: !dateObject.selectable}\">23\u003C/td>\u003C!-- end ngRepeat: dateObject in week.dates -->\u003Ctd data-ng-repeat=\"dateObject in week.dates\" data-ng-click=\"changeView(data.nextView, dateObject, $event)\" class=\"day ng-binding ng-scope\" data-ng-class=\"{active: dateObject.active, past: dateObject.past, future: dateObject.future, disabled: !dateObject.selectable}\">24\u003C/td>\u003C!-- end ngRepeat: dateObject in week.dates -->\u003Ctd data-ng-repeat=\"dateObject in week.dates\" data-ng-click=\"changeView(data.nextView, dateObject, $event)\" class=\"day ng-binding ng-scope\" data-ng-class=\"{active: dat"
10:43:47.049 [LittleProxy-ProxyToServerWorker-3] DEBUG o.l.p.impl.ClientToProxyConnection - (AWAITING_INITIAL) [id: 0xd40ea92d, /127.0.0.1:48630 => /127.0.1.1:41135]: Writing: DefaultHttpResponse(decodeResult: success, version: HTTP/1.1)
HTTP/1.1 200 OK
X-FORWARDED-PROTO: http
Server: nginx
Date: Wed, 29 Jul 2015 09:43:47 GMT
Content-Type: application/font-woff
Content-Length: 23320
X-Powered-By: Express
X-Frame-Options: DENY
Accept-Ranges: bytes
Cache-Control: public, max-age=0
Last-Modified: Fri, 24 Jul 2015 14:37:56 GMT
ETag: W/"5b18-2857048211"
Via: 1.1 localhost.localdomain
10:43:47.049 [LittleProxy-ProxyToServerWorker-3] DEBUG o.l.p.impl.ClientToProxyConnection - (AWAITING_INITIAL) [id: 0xd40ea92d, /127.0.0.1:48630 => /127.0.1.1:41135]: Wrote: DefaultHttpResponse(decodeResult: success, version: HTTP/1.1)
HTTP/1.1 200 OK
X-FORWARDED-PROTO: http
Server: nginx
Date: Wed, 29 Jul 2015 09:43:47 GMT
Content-Type: application/font-woff
Content-Length: 23320
X-Powered-By: Express
X-Frame-Options: DENY
Accept-Ranges: bytes
Cache-Control: public, max-age=0
Last-Modified: Fri, 24 Jul 2015 14:37:56 GMT
ETag: W/"5b18-2857048211"
Via: 1.1 localhost.localdomain
10:43:47.049 [LittleProxy-ProxyToServerWorker-3] DEBUG o.l.p.impl.ClientToProxyConnection - (AWAITING_INITIAL) [id: 0xd40ea92d, /127.0.0.1:48630 => /127.0.1.1:41135]: Not closing server connection on middle chunk for /fonts/glyphicons-halflings-regular.woff
10:43:47.049 [LittleProxy-ProxyToServerWorker-3] DEBUG o.l.p.impl.ClientToProxyConnection - (AWAITING_INITIAL) [id: 0xd40ea92d, /127.0.0.1:48630 => /127.0.1.1:41135]: Not closing client connection on middle chunk for /fonts/glyphicons-halflings-regular.woff
10:43:47.049 [LittleProxy-ProxyToServerWorker-3] DEBUG o.l.p.impl.ProxyToServerConnection - (AWAITING_CHUNK) [id: 0x37e81f47, /10.65.140.181:37595 => voucher-manager-ui.stage.pv.nimbus-stage.cg.sky.com/80.238.10.34:80]: Reading: DefaultHttpContent(data: SlicedByteBuf(ridx: 0, widx: 2406, cap: 2406/2406, unwrapped: UnpooledUnsafeDirectByteBuf(ridx: 2785, widx: 2785, cap: 8192)), decoderResult: success)
10:43:47.049 [Forwarding getPageSource on session 5e9977749cf8e028abefff19f425d7c0 to remote] DEBUG org.apache.http.wire - http-outgoing-13 << "eObject.active, past: dateObject.past, future: dateObject.future, disabled: !dateObject.selectable}\">25\u003C/td>\u003C!-- end ngRepeat: dateObject in week.dates -->       \u003C/tr>\u003C!-- end ngIf: data.currentView === 'day' -->\u003C!-- end ngRepeat: week in data.weeks -->\u003C!-- ngIf: data.currentView === 'day' -->\u003Ctr data-ng-if=\"data.currentView === 'day'\" data-ng-repeat=\"week in data.weeks\" class=\"ng-scope\">           \u003C!-- ngRepeat: dateObject in week.dates -->\u003Ctd data-ng-repeat=\"dateObject in week.dates\" data-ng-click=\"changeView(data.nextView, dateObject, $event)\" class=\"day ng-binding ng-scope\" data-ng-class=\"{active: dateObject.active, past: dateObject.past, future: dateObject.future, disabled: !dateObject.selectable}\">26\u003C/td>\u003C!-- end ngRepeat: dateObject in week.dates -->\u003Ctd data-ng-repeat=\"dateObject in week.dates\" data-ng-click=\"changeView(data.nextView, dateObject, $event)\" class=\"day ng-binding ng-scope\" data-ng-class=\"{active: dateObject.active, past: dateObject.past, future: dateObject.future, disabled: !dateObject.selectable}\">27\u003C/td>\u003C!-- end ngRepeat: dateObject in week.dates -->\u003Ctd data-ng-repeat=\"dateObject in week.dates\" data-ng-click=\"changeView(data.nextView, dateObject, $event)\" class=\"day ng-binding ng-scope\" data-ng-class=\"{active: dateObject.active, past: dateObject.past, future: dateObject.future, disabled: !dateObject.selectable}\">28\u003C/td>\u003C!-- end ngRepeat: dateObject in week.dates -->\u003Ctd data-ng-repeat=\"dateObject in week.dates\" data-ng-click=\"changeView(data.nextView, dateObject, $event)\" class=\"day ng-binding ng-scope\" data-ng-class=\"{active: dateObject.active, past: dateObject.past, future: dateObject.future, disabled: !dateObject.selectable}\">29\u003C/td>\u003C!-- end ngRepeat: dateObject in week.dates -->\u003Ctd data-ng-repeat=\"dateObject in week.dates\" data-ng-click=\"changeView(data.nextView, dateObject, $event)\" class=\"day ng-binding ng-scope\" data-ng-class=\"{active: dateObject.active, past: dateObject.past, future: dateObject.future, disabled: !dateObject.selectable}\">30\u003C/td>\u003C!-- end ngRepeat: dateObject in week.dates -->\u003Ctd data-ng-repeat=\"dateObject in week.dates\" data-ng-click=\"changeView(data.nextView, dateObject, $event)\" class=\"day ng-binding ng-scope\" data-ng-class=\"{active: dateObject.active, past: dateObject.past, future: dateObject.future, disabled: !dateObject.selectable}\">31\u003C/td>\u003C!-- end ngRepeat: dateObject in week.dates -->\u003Ctd data-ng-repeat=\"dateObject in week.dates\" data-ng-click=\"changeView(data.nextView, dateObject, $event)\" class=\"day ng-binding ng-scope future\" data-ng-class=\"{active: dateObject.active, past: dateObject.past, future: dateObject.future, disabled: !dateObject.selectable}\">1\u003C/td>\u003C!-- end ngRepeat: dateObject in week.dates -->       \u003C/tr>\u003C!-- end ngIf: data.currentView === 'day' -->\u003C!-- end ngRepeat: week in data.weeks -->\u003C!-- ngIf: data.currentView === 'day' -->\u003Ctr data-ng-if=\"data.currentView === 'day'\" data-ng-repeat=\"week in data.weeks\" class=\"ng-scope\">           \u003C!-- ngRepeat: dateObject in week.dates -->\u003Ctd data-ng-repeat=\"dateObject in week.dates\" data-ng-click=\"changeView(data.nextView, dateObject, $event)\" class=\"day ng-binding ng-scope future\" data-ng-class=\"{active: dateObject.active, past: dateObject.past, future: dateObject.future, disabled: !dateObject.selectable}\">2\u003C/td>\u003C!-- end ngRepeat: dateObject in week.dates -->\u003Ctd data-ng-repeat=\"dateObject in week.dates\" data-ng-click=\"changeView(data.nextView, dateObject, $event)\" class=\"day ng-binding ng-scope future\" data-ng-class=\"{active: dateObject.active, past: dateObject.past, future: dateObject.future, disabled: !dateObject.selectable}\">3\u003C/td>\u003C!-- end ngRepeat: dateObject in week.dates -->\u003Ctd data-ng-repeat=\"dateObject in week.dates\" data-ng-click=\"changeView(data.nextView, dateObject, $event)\" class=\"day ng-binding ng-scope future"
10:43:47.049 [LittleProxy-ProxyToServerWorker-3] DEBUG o.l.p.impl.ClientToProxyConnection - (AWAITING_INITIAL) [id: 0xd40ea92d, /127.0.0.1:48630 => /127.0.1.1:41135]: Retaining reference counted message
10:43:47.050 [Forwarding getPageSource on session 5e9977749cf8e028abefff19f425d7c0 to remote] DEBUG org.apache.http.wire - http-outgoing-13 << "\" data-ng-class=\"{active: dateObject.active, past: dateObject.past, future: dateObject.future, disabled: !dateObject.selectable}\">4\u003C/td>\u003C!-- end ngRepeat: dateObject in week.dates -->\u003Ctd data-ng-repeat=\"dateObject in week.dates\" data-ng-click=\"changeView(data.nextView, dateObject, $event)\" class=\"day ng-binding ng-scope future\" data-ng-class=\"{active: dateObject.active, past: dateObject.past, future: dateObject.future, disabled: !dateObject.selectable}\">5\u003C/td>\u003C!-- end ngRepeat: dateObject in week.dates -->\u003Ctd data-ng-repeat=\"dateObject in week.dates\" data-ng-click=\"changeView(data.nextView, dateObject, $event)\" class=\"day ng-binding ng-scope future\" data-ng-class=\"{active: dateObject.active, past: dateObject.past, future: dateObject.future, disabled: !dateObject.selectable}\">6\u003C/td>\u003C!-- end ngRepeat: dateObject in week.dates -->\u003Ctd data-ng-repeat=\"dateObject in week.dates\" data-ng-click=\"changeView(data.nextView, dateObject, $event)\" class=\"day ng-binding ng-scope future\" data-ng-class=\"{active: dateObject.active, past: dateObject.past, future: dateObject.future, disabled: !dateObject.selectable}\">7\u003C/td>\u003C!-- end ngRepeat: dateObject in week.dates -->\u003Ctd data-ng-repeat=\"dateObject in week.dates\" data-ng-click=\"changeView(data.nextView, dateObject, $event)\" class=\"day ng-binding ng-scope future\" data-ng-class=\"{active: dateObject.active, past: dateObject.past, future: dateObject.future, disabled: !dateObject.selectable}\">8\u003C/td>\u003C!-- end ngRepeat: dateObject in week.dates -->       \u003C/tr>\u003C!-- end ngIf: data.currentView === 'day' -->\u003C!-- end ngRepeat: week in data.weeks -->   \u003C/tbody>\u003C/table>\u003C/div>\u003C/ul> \u003C/div> \u003C/div> \u003Cdiv class=\"form-group date-group\"> \u003Clabel for=\"end\">End Date\u003C/label> \u003Cdiv class=\"dropdown\"> \u003Ca class=\"dropdown-toggle\" id=\"end-dropdown\" role=\"button\" data-toggle=\"dropdown\" data-target=\"#\" href=\"#\" aria-haspopup=\"true\" aria-expanded=\"false\"> \u003Cdiv class=\"input-group\">\u003Cinput type=\"text\" size=\"20\" class=\"form-control ng-pristine ng-untouched ng-valid ng-valid-date\" name=\"end\" id=\"end\" data-ng-model=\"search.end\" ng-change=\"checkFilterDateValidity()\" />\u003Cspan class=\"input-group-addon\">\u003Ci class=\"glyphicon glyphicon-calendar\">\u003C/i>\u003C/span>\u003C/div> \u003C/a> \u003Cul class=\"dropdown-menu\" role=\"menu\" aria-labelledby=\"dLabel\"> \u003Cdiv class=\"datetimepicker table-responsive ng-isolate-scope ng-valid\" data-ng-model=\"search.end\" data-datetimepicker-config=\"{ dropdownSelector: '#end-dropdown', startView:'day', minView:'day' }\" data-on-set-time=\"setEndDate(newDate, oldDate)\">\u003Ctable class=\"table table-striped  day-view\">   \u003Cthead>       \u003Ctr>           \u003Cth class=\"left\" data-ng-click=\"changeView(data.currentView, data.leftDate, $event)\" data-ng-show=\"data.leftDate.selectable\">\u003Ci class=\"glyphicon glyphicon-arrow-left\">\u003C/i>\u003C/th>           \u003Cth class=\"switch ng-binding\" colspan=\"5\" data-ng-show=\"data.previousViewDate.selectable\" data-ng-click=\"changeView(data.previousView, data.previousViewDate, $event)\">2015-Jul\u003C/th>           \u003Cth class=\"right\" data-ng-click=\"changeView(data.currentView, data.rightDate, $event)\" data-ng-show=\"data.rightDate.selectable\">\u003Ci class=\"glyphicon glyphicon-arrow-right\">\u003C/i>\u003C/th>       \u003C/tr>       \u003Ctr>           \u003C!-- ngRepeat: day in data.dayNames -->\u003Cth class=\"dow ng-binding ng-scope\" data-ng-repeat=\"day in data.dayNames\">Su\u003C/th>\u003C!-- end ngRepeat: day in data.dayNames -->\u003Cth class=\"dow ng-binding ng-scope\" data-ng-repeat=\"day in data.dayNames\">Mo\u003C/th>\u003C!-- end ngRepeat: day in data.dayNames -->\u003Cth class=\"dow ng-binding ng-scope\" data-ng-repeat=\"day in data.dayNames\">Tu\u003C/th>\u003C!-- end ngRepeat: day in data.dayNames -->\u003Cth class=\"dow ng-binding ng-scope\" data-ng-repeat=\"day in data.dayN"
10:43:47.050 [LittleProxy-ProxyToServerWorker-3] DEBUG o.l.p.impl.ClientToProxyConnection - (AWAITING_INITIAL) [id: 0xd40ea92d, /127.0.0.1:48630 => /127.0.1.1:41135]: Writing: DefaultHttpContent(data: SlicedByteBuf(ridx: 0, widx: 2406, cap: 2406/2406, unwrapped: UnpooledUnsafeDirectByteBuf(ridx: 2785, widx: 2785, cap: 8192)), decoderResult: success)
10:43:47.050 [LittleProxy-ProxyToServerWorker-3] DEBUG o.l.p.impl.ClientToProxyConnection - (AWAITING_INITIAL) [id: 0xd40ea92d, /127.0.0.1:48630 => /127.0.1.1:41135]: Wrote: DefaultHttpContent(data: SlicedByteBuf(ridx: 0, widx: 2406, cap: 2406/2406, unwrapped: UnpooledUnsafeDirectByteBuf(ridx: 2785, widx: 2785, cap: 8192)), decoderResult: success)
10:43:47.050 [Forwarding getPageSource on session 5e9977749cf8e028abefff19f425d7c0 to remote] DEBUG org.apache.http.wire - http-outgoing-13 << "ames\">We\u003C/th>\u003C!-- end ngRepeat: day in data.dayNames -->\u003Cth class=\"dow ng-binding ng-scope\" data-ng-repeat=\"day in data.dayNames\">Th\u003C/th>\u003C!-- end ngRepeat: day in data.dayNames -->\u003Cth class=\"dow ng-binding ng-scope\" data-ng-repeat=\"day in data.dayNames\">Fr\u003C/th>\u003C!-- end ngRepeat: day in data.dayNames -->\u003Cth class=\"dow ng-binding ng-scope\" data-ng-repeat=\"day in data.dayNames\">Sa\u003C/th>\u003C!-- end ngRepeat: day in data.dayNames -->       \u003C/tr>   \u003C/thead>   \u003Ctbody>       \u003C!-- ngIf: data.currentView !== 'day' -->       \u003C!-- ngRepeat: week in data.weeks -->\u003C!-- ngIf: data.currentView === 'day' -->\u003Ctr data-ng-if=\"data.currentView === 'day'\" data-ng-repeat=\"week in data.weeks\" class=\"ng-scope\">           \u003C!-- ngRepeat: dateObject in week.dates -->\u003Ctd data-ng-repeat=\"dateObject in week.dates\" data-ng-click=\"changeView(data.nextView, dateObject, $event)\" class=\"day ng-binding ng-scope past\" data-ng-class=\"{active: dateObject.active, past: dateObject.past, future: dateObject.future, disabled: !dateObject.selectable}\">28\u003C/td>\u003C!-- end ngRepeat: dateObject in week.dates -->\u003Ctd data-ng-repeat=\"dateObject in week.dates\" data-ng-click=\"changeView(data.nextView, dateObject, $event)\" class=\"day ng-binding ng-scope past\" data-ng-class=\"{active: dateObject.active, past: dateObject.past, future: dateObject.future, disabled: !dateObject.selectable}\">29\u003C/td>\u003C!-- end ngRepeat: dateObject in week.dates -->\u003Ctd data-ng-repeat=\"dateObject in week.dates\" data-ng-click=\"changeView(data.nextView, dateObject, $event)\" class=\"day ng-binding ng-scope past\" data-ng-class=\"{active: dateObject.active, past: dateObject.past, future: dateObject.future, disabled: !dateObject.selectable}\">30\u003C/td>\u003C!-- end ngRepeat: dateObject in week.dates -->\u003Ctd data-ng-repeat=\"dateObject in week.dates\" data-ng-click=\"changeView(data.nextView, dateObject, $event)\" class=\"day ng-binding ng-scope\" data-ng-class=\"{active: dateObject.active, past: dateObject.past, future: dateObject.future, disabled: !dateObject.selectable}\">1\u003C/td>\u003C!-- end ngRepeat: dateObject in week.dates -->\u003Ctd data-ng-repeat=\"dateObject in week.dates\" data-ng-click=\"changeView(data.nextView, dateObject, $event)\" class=\"day ng-binding ng-scope\" data-ng-class=\"{active: dateObject.active, past: dateObject.past, future: dateObject.future, disabled: !dateObject.selectable}\">2\u003C/td>\u003C!-- end ngRepeat: dateObject in week.dates -->\u003Ctd data-ng-repeat=\"dateObject in week.dates\" data-ng-click=\"changeView(data.nextView, dateObject, $event)\" class=\"day ng-binding ng-scope\" data-ng-class=\"{active: dateObject.active, past: dateObject.past, future: dateObject.future, disabled: !dateObject.selectable}\">3\u003C/td>\u003C!-- end ngRepeat: dateObject in week.dates -->\u003Ctd data-ng-repeat=\"dateObject in week.dates\" data-ng-click=\"changeView(data.nextView, dateObject, $event)\" class=\"day ng-binding ng-scope\" data-ng-class=\"{active: dateObject.active, past: dateObject.past, future: dateObject.future, disabled: !dateObject.selectable}\">4\u003C/td>\u003C!-- end ngRepeat: dateObject in week.dates -->       \u003C/tr>\u003C!-- end ngIf: data.currentView === 'day' -->\u003C!-- end ngRepeat: week in data.weeks -->\u003C!-- ngIf: data.currentView === 'day' -->\u003Ctr data-ng-if=\"data.currentView === 'day'\" data-ng-repeat=\"week in data.weeks\" class=\"ng-scope\">           \u003C!-- ngRepeat: dateObject in week.dates -->\u003Ctd data-ng-repeat=\"dateObject in week.dates\" data-ng-click=\"changeView(data.nextView, dateObject, $event)\" class=\"day ng-binding ng-scope\" data-ng-class=\"{active: dateObject.active, past: dateObject.past, future: dateObject.future, disabled: !dateObject.selectable}\">5\u003C/td>\u003C!-- end ngRepeat: dateObject in week.dates -->\u003Ctd data-ng-repeat=\"dateObject in week.dates\" data-ng-click=\"changeView(data.nextView, dateObject, $event)\" class=\"day ng-binding n"
10:43:47.050 [LittleProxy-ProxyToServerWorker-3] DEBUG o.l.p.impl.ClientToProxyConnection - (AWAITING_INITIAL) [id: 0xd40ea92d, /127.0.0.1:48630 => /127.0.1.1:41135]: Not closing server connection on middle chunk for /fonts/glyphicons-halflings-regular.woff
10:43:47.050 [Forwarding getPageSource on session 5e9977749cf8e028abefff19f425d7c0 to remote] DEBUG org.apache.http.wire - http-outgoing-13 << "g-scope\" data-ng-class=\"{active: dateObject.active, past: dateObject.past, future: dateObject.future, disabled: !dateObject.selectable}\">6\u003C/td>\u003C!-- end ngRepeat: dateObject in week.dates -->\u003Ctd data-ng-repeat=\"dateObject in week.dates\" data-ng-click=\"changeView(data.nextView, dateObject, $event)\" class=\"day ng-binding ng-scope\" data-ng-class=\"{active: dateObject.active, past: dateObject.past, future: dateObject.future, disabled: !dateObject.selectable}\">7\u003C/td>\u003C!-- end ngRepeat: dateObject in week.dates -->\u003Ctd data-ng-repeat=\"dateObject in week.dates\" data-ng-click=\"changeView(data.nextView, dateObject, $event)\" class=\"day ng-binding ng-scope\" data-ng-class=\"{active: dateObject.active, past: dateObject.past, future: dateObject.future, disabled: !dateObject.selectable}\">8\u003C/td>\u003C!-- end ngRepeat: dateObject in week.dates -->\u003Ctd data-ng-repeat=\"dateObject in week.dates\" data-ng-click=\"changeView(data.nextView, dateObject, $event)\" class=\"day ng-binding ng-scope\" data-ng-class=\"{active: dateObject.active, past: dateObject.past, future: dateObject.future, disabled: !dateObject.selectable}\">9\u003C/td>\u003C!-- end ngRepeat: dateObject in week.dates -->\u003Ctd data-ng-repeat=\"dateObject in week.dates\" data-ng-click=\"changeView(data.nextView, dateObject, $event)\" class=\"day ng-binding ng-scope\" data-ng-class=\"{active: dateObject.active, past: dateObject.past, future: dateObject.future, disabled: !dateObject.selectable}\">10\u003C/td>\u003C!-- end ngRepeat: dateObject in week.dates -->\u003Ctd data-ng-repeat=\"dateObject in week.dates\" data-ng-click=\"changeView(data.nextView, dateObject, $event)\" class=\"day ng-binding ng-scope\" data-ng-class=\"{active: dateObject.active, past: dateObject.past, future: dateObject.future, disabled: !dateObject.selectable}\">11\u003C/td>\u003C!-- end ngRepeat: dateObject in week.dates -->       \u003C/tr>\u003C!-- end ngIf: data.currentView === 'day' -->\u003C!-- end ngRepeat: week in data.weeks -->\u003C!-- ngIf: data.currentView === 'day' -->\u003Ctr data-ng-if=\"data.currentView === 'day'\" data-ng-repeat=\"week in data.weeks\" class=\"ng-scope\">           \u003C!-- ngRepeat: dateObject in week.dates -->\u003Ctd data-ng-repeat=\"dateObject in week.dates\" data-ng-click=\"changeView(data.nextView, dateObject, $event)\" class=\"day ng-binding ng-scope\" data-ng-class=\"{active: dateObject.active, past: dateObject.past, future: dateObject.future, disabled: !dateObject.selectable}\">12\u003C/td>\u003C!-- end ngRepeat: dateObject in week.dates -->\u003Ctd data-ng-repeat=\"dateObject in week.dates\" data-ng-click=\"changeView(data.nextView, dateObject, $event)\" class=\"day ng-binding ng-scope\" data-ng-class=\"{active: dateObject.active, past: dateObject.past, future: dateObject.future, disabled: !dateObject.selectable}\">13\u003C/td>\u003C!-- end ngRepeat: dateObject in week.dates -->\u003Ctd data-ng-repeat=\"dateObject in week.dates\" data-ng-click=\"changeView(data.nextView, dateObject, $event)\" class=\"day ng-binding ng-scope\" data-ng-class=\"{active: dateObject.active, past: dateObject.past, future: dateObject.future, disabled: !dateObject.selectable}\">14\u003C/td>\u003C!-- end ngRepeat: dateObject in week.dates -->\u003Ctd data-ng-repeat=\"dateObject in week.dates\" data-ng-click=\"changeView(data.nextView, dateObject, $event)\" class=\"day ng-binding ng-scope\" data-ng-class=\"{active: dateObject.active, past: dateObject.past, future: dateObject.future, disabled: !dateObject.selectable}\">15\u003C/td>\u003C!-- end ngRepeat: dateObject in week.dates -->\u003Ctd data-ng-repeat=\"dateObject in week.dates\" data-ng-click=\"changeView(data.nextView, dateObject, $event)\" class=\"day ng-binding ng-scope\" data-ng-class=\"{active: dateObject.active, past: dateObject.past, future: dateObject.future, disabled: !dateObject.selectable}\">16\u003C/td>\u003C!-- end ngRepeat: dateObject in week.dates -->\u003Ctd data-ng-repeat=\"dateObject in week.dates\" data-ng-click=\"changeView(data.nextView, dateObject, $event)\" cla"
10:43:47.050 [LittleProxy-ProxyToServerWorker-3] DEBUG o.l.p.impl.ClientToProxyConnection - (AWAITING_INITIAL) [id: 0xd40ea92d, /127.0.0.1:48630 => /127.0.1.1:41135]: Not closing client connection on middle chunk for /fonts/glyphicons-halflings-regular.woff
10:43:47.050 [Forwarding getPageSource on session 5e9977749cf8e028abefff19f425d7c0 to remote] DEBUG org.apache.http.wire - http-outgoing-13 << "ss=\"day ng-binding ng-scope\" data-ng-class=\"{active: dateObject.active, past: dateObject.past, future: dateObject.future, disabled: !dateObject.selectable}\">17\u003C/td>\u003C!-- end ngRepeat: dateObject in week.dates -->\u003Ctd data-ng-repeat=\"dateObject in week.dates\" data-ng-click=\"changeView(data.nextView, dateObject, $event)\" class=\"day ng-binding ng-scope\" data-ng-class=\"{active: dateObject.active, past: dateObject.past, future: dateObject.future, disabled: !dateObject.selectable}\">18\u003C/td>\u003C!-- end ngRepeat: dateObject in week.dates -->       \u003C/tr>\u003C!-- end ngIf: data.currentView === 'day' -->\u003C!-- end ngRepeat: week in data.weeks -->\u003C!-- ngIf: data.currentView === 'day' -->\u003Ctr data-ng-if=\"data.currentView === 'day'\" data-ng-repeat=\"week in data.weeks\" class=\"ng-scope\">           \u003C!-- ngRepeat: dateObject in week.dates -->\u003Ctd data-ng-repeat=\"dateObject in week.dates\" data-ng-click=\"changeView(data.nextView, dateObject, $event)\" class=\"day ng-binding ng-scope\" data-ng-class=\"{active: dateObject.active, past: dateObject.past, future: dateObject.future, disabled: !dateObject.selectable}\">19\u003C/td>\u003C!-- end ngRepeat: dateObject in week.dates -->\u003Ctd data-ng-repeat=\"dateObject in week.dates\" data-ng-click=\"changeView(data.nextView, dateObject, $event)\" class=\"day ng-binding ng-scope\" data-ng-class=\"{active: dateObject.active, past: dateObject.past, future: dateObject.future, disabled: !dateObject.selectable}\">20\u003C/td>\u003C!-- end ngRepeat: dateObject in week.dates -->\u003Ctd data-ng-repeat=\"dateObject in week.dates\" data-ng-click=\"changeView(data.nextView, dateObject, $event)\" class=\"day ng-binding ng-scope\" data-ng-class=\"{active: dateObject.active, past: dateObject.past, future: dateObject.future, disabled: !dateObject.selectable}\">21\u003C/td>\u003C!-- end ngRepeat: dateObject in week.dates -->\u003Ctd data-ng-repeat=\"dateObject in week.dates\" data-ng-click=\"changeView(data.nextView, dateObject, $event)\" class=\"day ng-binding ng-scope\" data-ng-class=\"{active: dateObject.active, past: dateObject.past, future: dateObject.future, disabled: !dateObject.selectable}\">22\u003C/td>\u003C!-- end ngRepeat: dateObject in week.dates -->\u003Ctd data-ng-repeat=\"dateObject in week.dates\" data-ng-click=\"changeView(data.nextView, dateObject, $event)\" class=\"day ng-binding ng-scope\" data-ng-class=\"{active: dateObject.active, past: dateObject.past, future: dateObject.future, disabled: !dateObject.selectable}\">23\u003C/td>\u003C!-- end ngRepeat: dateObject in week.dates -->\u003Ctd data-ng-repeat=\"dateObject in week.dates\" data-ng-click=\"changeView(data.nextView, dateObject, $event)\" class=\"day ng-binding ng-scope\" data-ng-class=\"{active: dateObject.active, past: dateObject.past, future: dateObject.future, disabled: !dateObject.selectable}\">24\u003C/td>\u003C!-- end ngRepeat: dateObject in week.dates -->\u003Ctd data-ng-repeat=\"dateObject in week.dates\" data-ng-click=\"changeView(data.nextView, dateObject, $event)\" class=\"day ng-binding ng-scope\" data-ng-class=\"{active: dateObject.active, past: dateObject.past, future: dateObject.future, disabled: !dateObject.selectable}\">25\u003C/td>\u003C!-- end ngRepeat: dateObject in week.dates -->       \u003C/tr>\u003C!-- end ngIf: data.currentView === 'day' -->\u003C!-- end ngRepeat: week in data.weeks -->\u003C!-- ngIf: data.currentView === 'day' -->\u003Ctr data-ng-if=\"data.currentView === 'day'\" data-ng-repeat=\"week in data.weeks\" class=\"ng-scope\">           \u003C!-- ngRepeat: dateObject in week.dates -->\u003Ctd data-ng-repeat=\"dateObject in week.dates\" data-ng-click=\"changeView(data.nextView, dateObject, $event)\" class=\"day ng-binding ng-scope\" data-ng-class=\"{active: dateObject.active, past: dateObject.past, future: dateObject.future, disabled: !dateObject.selectable}\">26\u003C/td>\u003C!-- end ngRepeat: dateObject in week.dates -->\u003Ctd data-ng-repeat=\"dateObject in week.dates\" data-ng-click=\"changeView(data.nextView, dateObject, $event)"
10:43:47.050 [LittleProxy-ProxyToServerWorker-3] DEBUG o.l.p.impl.ProxyToServerConnection - (AWAITING_CHUNK) [id: 0x37e81f47, /10.65.140.181:37595 => voucher-manager-ui.stage.pv.nimbus-stage.cg.sky.com/80.238.10.34:80]: Reading: DefaultHttpContent(data: SlicedByteBuf(ridx: 0, widx: 1380, cap: 1380/1380, unwrapped: UnpooledUnsafeDirectByteBuf(ridx: 1380, widx: 1380, cap: 8192)), decoderResult: success)
10:43:47.050 [LittleProxy-ProxyToServerWorker-3] DEBUG o.l.p.impl.ClientToProxyConnection - (AWAITING_INITIAL) [id: 0xd40ea92d, /127.0.0.1:48630 => /127.0.1.1:41135]: Retaining reference counted message
10:43:47.050 [Forwarding getPageSource on session 5e9977749cf8e028abefff19f425d7c0 to remote] DEBUG org.apache.http.wire - http-outgoing-13 << "\" class=\"day ng-binding ng-scope\" data-ng-class=\"{active: dateObject.active, past: dateObject.past, future: dateObject.future, disabled: !dateObject.selectable}\">27\u003C/td>\u003C!-- end ngRepeat: dateObject in week.dates -->\u003Ctd data-ng-repeat=\"dateObject in week.dates\" data-ng-click=\"changeView(data.nextView, dateObject, $event)\" class=\"day ng-binding ng-scope\" data-ng-class=\"{active: dateObject.active, past: dateObject.past, future: dateObject.future, disabled: !dateObject.selectable}\">28\u003C/td>\u003C!-- end ngRepeat: dateObject in week.dates -->\u003Ctd data-ng-repeat=\"dateObject in week.dates\" data-ng-click=\"changeView(data.nextView, dateObject, $event)\" class=\"day ng-binding ng-scope\" data-ng-class=\"{active: dateObject.active, past: dateObject.past, future: dateObject.future, disabled: !dateObject.selectable}\">29\u003C/td>\u003C!-- end ngRepeat: dateObject in week.dates -->\u003Ctd data-ng-repeat=\"dateObject in week.dates\" data-ng-click=\"changeView(data.nextView, dateObject, $event)\" class=\"day ng-binding ng-scope\" data-ng-class=\"{active: dateObject.active, past: dateObject.past, future: dateObject.future, disabled: !dateObject.selectable}\">30\u003C/td>\u003C!-- end ngRepeat: dateObject in week.dates -->\u003Ctd data-ng-repeat=\"dateObject in week.dates\" data-ng-click=\"changeView(data.nextView, dateObject, $event)\" class=\"day ng-binding ng-scope\" data-ng-class=\"{active: dateObject.active, past: dateObject.past, future: dateObject.future, disabled: !dateObject.selectable}\">31\u003C/td>\u003C!-- end ngRepeat: dateObject in week.dates -->\u003Ctd data-ng-repeat=\"dateObject in week.dates\" data-ng-click=\"changeView(data.nextView, dateObject, $event)\" class=\"day ng-binding ng-scope future\" data-ng-class=\"{active: dateObject.active, past: dateObject.past, future: dateObject.future, disabled: !dateObject.selectable}\">1\u003C/td>\u003C!-- end ngRepeat: dateObject in week.dates -->       \u003C/tr>\u003C!-- end ngIf: data.currentView === 'day' -->\u003C!-- end ngRepeat: week in data.weeks -->\u003C!-- ngIf: data.currentView === 'day' -->\u003Ctr data-ng-if=\"data.currentView === 'day'\" data-ng-repeat=\"week in data.weeks\" class=\"ng-scope\">           \u003C!-- ngRepeat: dateObject in week.dates -->\u003Ctd data-ng-repeat=\"dateObject in week.dates\" data-ng-click=\"changeView(data.nextView, dateObject, $event)\" class=\"day ng-binding ng-scope future\" data-ng-class=\"{active: dateObject.active, past: dateObject.past, future: dateObject.future, disabled: !dateObject.selectable}\">2\u003C/td>\u003C!-- end ngRepeat: dateObject in week.dates -->\u003Ctd data-ng-repeat=\"dateObject in week.dates\" data-ng-click=\"changeView(data.nextView, dateObject, $event)\" class=\"day ng-binding ng-scope future\" data-ng-class=\"{active: dateObject.active, past: dateObject.past, future: dateObject.future, disabled: !dateObject.selectable}\">3\u003C/td>\u003C!-- end ngRepeat: dateObject in week.dates -->\u003Ctd data-ng-repeat=\"dateObject in week.dates\" data-ng-click=\"changeView(data.nextView, dateObject, $event)\" class=\"day ng-binding ng-scope future\" data-ng-class=\"{active: dateObject.active, past: dateObject.past, future: dateObject.future, disabled: !dateObject.selectable}\">4\u003C/td>\u003C!-- end ngRepeat: dateObject in week.dates -->\u003Ctd data-ng-repeat=\"dateObject in week.dates\" data-ng-click=\"changeView(data.nextView, dateObject, $event)\" class=\"day ng-binding ng-scope future\" data-ng-class=\"{active: dateObject.active, past: dateObject.past, future: dateObject.future, disabled: !dateObject.selectable}\">5\u003C/td>\u003C!-- end ngRepeat: dateObject in week.dates -->\u003Ctd data-ng-repeat=\"dateObject in week.dates\" data-ng-click=\"changeView(data.nextView, dateObject, $event)\" class=\"day ng-binding ng-scope future\" data-ng-class=\"{active: dateObject.active, past: dateObject.past, future: dateObject.future, disabled: !dateObject.selectable}\">6\u003C/td>\u003C!-- end ngRepeat: dateObject in week.dates -->\u003Ctd data-ng-repeat=\"dateObject in week.dates\" "
10:43:47.050 [LittleProxy-ProxyToServerWorker-3] DEBUG o.l.p.impl.ClientToProxyConnection - (AWAITING_INITIAL) [id: 0xd40ea92d, /127.0.0.1:48630 => /127.0.1.1:41135]: Writing: DefaultHttpContent(data: SlicedByteBuf(ridx: 0, widx: 1380, cap: 1380/1380, unwrapped: UnpooledUnsafeDirectByteBuf(ridx: 1380, widx: 1380, cap: 8192)), decoderResult: success)
10:43:47.050 [Forwarding getPageSource on session 5e9977749cf8e028abefff19f425d7c0 to remote] DEBUG org.apache.http.wire - http-outgoing-13 << "data-ng-click=\"changeView(data.nextView, dateObject, $event)\" class=\"day ng-binding ng-scope future\" data-ng-class=\"{active: dateObject.active, past: dateObject.past, future: dateObject.future, disabled: !dateObject.selectable}\">7\u003C/td>\u003C!-- end ngRepeat: dateObject in week.dates -->\u003Ctd data-ng-repeat=\"dateObject in week.dates\" data-ng-click=\"changeView(data.nextView, dateObject, $event)\" class=\"day ng-binding ng-scope future\" data-ng-class=\"{active: dateObject.active, past: dateObject.past, future: dateObject.future, disabled: !dateObject.selectable}\">8\u003C/td>\u003C!-- end ngRepeat: dateObject in week.dates -->       \u003C/tr>\u003C!-- end ngIf: data.currentView === 'day' -->\u003C!-- end ngRepeat: week in data.weeks -->   \u003C/tbody>\u003C/table>\u003C/div>\u003C/ul> \u003C/div> \u003C/div> \u003Cdiv class=\"form-group\"> \u003Clabel>Status\u003C/label> \u003Cselect id=\"status\" class=\"form-control ng-pristine ng-untouched ng-valid\" data-ng-model=\"search.active\"> \u003Coption name=\"All\" value=\"\">All \u003C/option>\u003Coption name=\"Active\" value=\"true\">Active \u003C/option>\u003Coption name=\"Inactive\" value=\"false\">Inactive \u003C/option>\u003C/select> \u003C/div> \u003Cdiv class=\"form-group\"> \u003Clabel for=\"type\">Type\u003C/label> \u003Cselect id=\"type\" name=\"search.type\" class=\"form-control ng-pristine ng-untouched ng-valid\" ng-model=\"search.type\" ng-options=\"campaignType.key as campaignType.value for campaignType in campaignTypes\">\u003Coption value=\"string:\" label=\"All\" selected=\"selected\">All\u003C/option>\u003Coption value=\"string:PROMO_CODE\" label=\"Promo Code\">Promo Code\u003C/option>\u003Coption value=\"string:SINGLE_USE_TRANSFERABLE\" label=\"Single Use Transferable\">Single Use Transferable\u003C/option>\u003Coption value=\"string:SINGLE_USE_NON_TRANSFERABLE\" label=\"Single Use Non-Transferable\">Single Use Non-Transferable\u003C/option>\u003Coption value=\"string:GIFTING\" label=\"Gifting\">Gifting\u003C/option>\u003C/select> \u003C/div> \u003Cdiv class=\"form-group buttons\"> \u003Cbutton type=\"submit\" class=\"btn btn-primary filter\" ng-click=\"searchForm.$valid &amp;&amp; updateFilter()\" ng-disabled=\"!searchForm.$valid\">Filter Campaigns \u003C/button> \u003Cbutton type=\"submit\" class=\"btn btn-default clear\" ng-click=\"clearFilter()\">Clear Filter\u003C/button> \u003C/div> \u003Cdiv class=\"clear\">\u003C/div> \u003C/div> \u003C/form> \u003C/div> \u003Cdiv class=\"row ng-scope\"> \u003Cdiv class=\"col-md-12\"> \u003Ca style=\"cursor: pointer\" ng-click=\"showFilters=!showFilters\" class=\"ng-binding\">Show Advanced Filters\u003C/a> \u003C/div> \u003C/div> \u003Cdiv class=\"row ng-scope\"> \u003Cdiv class=\"col-md-12\"> \u003Ctable class=\"table campaign-list\" id=\"campaign-list\"> \u003Cthead> \u003Ctr> \u003Cth>Name \u003C/th>\u003Cth>State \u003C/th>\u003Cth>Type \u003C/th>\u003Cth>Start \u003C/th>\u003Cth>End \u003C/th>\u003Cth>Vouchers \u003C/th>\u003Cth>Redemption Cap \u003C/th>\u003Cth>Redeemed   \u003C/th>\u003C/tr>\u003C/thead>\u003Ctbody> \u003C!-- ngRepeat: campaign in campaigns | itemsPerPage: 25 -->\u003C/tbody>\u003C/table> \u003C/div> \u003C/div> \u003Cdiv dir-pagination-controls=\"\" class=\"col-lg-12 paginationList ng-scope ng-isolate-scope\" on-page-change=\"pageChanged(newPageNumber)\">\u003C!-- ngIf: 1 \u003C pages.length -->\u003C/div>\u003C/div> \u003Cdiv class=\"footer\">\u003C/div> \u003C/div> \u003C!--[if lt IE 9]>\n    \u003Cscript src=\"scripts/ie-include.b163eea9.js\">\u003C/script>\n    \u003C![endif]--> \u003Cscript src=\"scripts/vendor.5b6e72cb.js\">\u003C/script> \u003Cscript src=\"scripts/scripts.b3713605.js\">\u003C/script> \u003Cscript src=\"/config\">\u003C/script>  \u003C/body>\u003C/html>"}"
10:43:47.050 [LittleProxy-ProxyToServerWorker-3] DEBUG o.l.p.impl.ClientToProxyConnection - (AWAITING_INITIAL) [id: 0xd40ea92d, /127.0.0.1:48630 => /127.0.1.1:41135]: Wrote: DefaultHttpContent(data: SlicedByteBuf(ridx: 0, widx: 1380, cap: 1380/1380, unwrapped: UnpooledUnsafeDirectByteBuf(ridx: 1380, widx: 1380, cap: 8192)), decoderResult: success)
10:43:47.051 [Forwarding getPageSource on session 5e9977749cf8e028abefff19f425d7c0 to remote] DEBUG o.a.h.i.c.DefaultManagedHttpClientConnection - http-outgoing-13: Shutdown connection
10:43:47.051 [LittleProxy-ProxyToServerWorker-3] DEBUG o.l.p.impl.ClientToProxyConnection - (AWAITING_INITIAL) [id: 0xd40ea92d, /127.0.0.1:48630 => /127.0.1.1:41135]: Not closing server connection on middle chunk for /fonts/glyphicons-halflings-regular.woff
10:43:47.051 [LittleProxy-ProxyToServerWorker-3] DEBUG o.l.p.impl.ClientToProxyConnection - (AWAITING_INITIAL) [id: 0xd40ea92d, /127.0.0.1:48630 => /127.0.1.1:41135]: Not closing client connection on middle chunk for /fonts/glyphicons-halflings-regular.woff
10:43:47.051 [Forwarding getPageSource on session 5e9977749cf8e028abefff19f425d7c0 to remote] DEBUG o.a.h.impl.execchain.MainClientExec - Connection discarded
10:43:47.051 [Forwarding getPageSource on session 5e9977749cf8e028abefff19f425d7c0 to remote] DEBUG o.a.h.i.c.DefaultManagedHttpClientConnection - http-outgoing-13: Close connection
10:43:47.051 [Forwarding getPageSource on session 5e9977749cf8e028abefff19f425d7c0 to remote] DEBUG o.a.h.i.c.PoolingHttpClientConnectionManager - Connection released: [id: 13][route: {}->http://localhost:13906][total kept alive: 0; route allocated: 0 of 2000; total allocated: 0 of 2000]
10:43:47.053 [Forwarding screenshot on session 5e9977749cf8e028abefff19f425d7c0 to remote] DEBUG o.a.h.c.protocol.RequestAddCookies - CookieSpec selected: best-match
10:43:47.053 [Forwarding screenshot on session 5e9977749cf8e028abefff19f425d7c0 to remote] DEBUG o.a.h.c.protocol.RequestAuthCache - Auth cache not set in the context
10:43:47.053 [Forwarding screenshot on session 5e9977749cf8e028abefff19f425d7c0 to remote] DEBUG o.a.h.i.c.PoolingHttpClientConnectionManager - Connection request: [route: {}->http://localhost:13906][total kept alive: 0; route allocated: 0 of 2000; total allocated: 0 of 2000]
10:43:47.053 [Forwarding screenshot on session 5e9977749cf8e028abefff19f425d7c0 to remote] DEBUG o.a.h.i.c.PoolingHttpClientConnectionManager - Connection leased: [id: 14][route: {}->http://localhost:13906][total kept alive: 0; route allocated: 1 of 2000; total allocated: 1 of 2000]
10:43:47.053 [Forwarding screenshot on session 5e9977749cf8e028abefff19f425d7c0 to remote] DEBUG o.a.h.impl.execchain.MainClientExec - Opening connection {}->http://localhost:13906
10:43:47.053 [Forwarding screenshot on session 5e9977749cf8e028abefff19f425d7c0 to remote] DEBUG o.a.h.i.c.HttpClientConnectionOperator - Connecting to localhost/127.0.0.1:13906
10:43:47.053 [Forwarding screenshot on session 5e9977749cf8e028abefff19f425d7c0 to remote] DEBUG o.a.h.i.c.HttpClientConnectionOperator - Connection established 127.0.0.1:34734<->127.0.0.1:13906
10:43:47.053 [Forwarding screenshot on session 5e9977749cf8e028abefff19f425d7c0 to remote] DEBUG o.a.h.impl.execchain.MainClientExec - Executing request GET /session/5e9977749cf8e028abefff19f425d7c0/screenshot HTTP/1.1
10:43:47.053 [Forwarding screenshot on session 5e9977749cf8e028abefff19f425d7c0 to remote] DEBUG o.a.h.impl.execchain.MainClientExec - Target auth state: UNCHALLENGED
10:43:47.053 [Forwarding screenshot on session 5e9977749cf8e028abefff19f425d7c0 to remote] DEBUG o.a.h.impl.execchain.MainClientExec - Proxy auth state: UNCHALLENGED
10:43:47.053 [Forwarding screenshot on session 5e9977749cf8e028abefff19f425d7c0 to remote] DEBUG org.apache.http.headers - http-outgoing-14 >> GET /session/5e9977749cf8e028abefff19f425d7c0/screenshot HTTP/1.1
10:43:47.053 [Forwarding screenshot on session 5e9977749cf8e028abefff19f425d7c0 to remote] DEBUG org.apache.http.headers - http-outgoing-14 >> Cache-Control: no-cache
10:43:47.053 [Forwarding screenshot on session 5e9977749cf8e028abefff19f425d7c0 to remote] DEBUG org.apache.http.headers - http-outgoing-14 >> Host: localhost:13906
10:43:47.053 [Forwarding screenshot on session 5e9977749cf8e028abefff19f425d7c0 to remote] DEBUG org.apache.http.headers - http-outgoing-14 >> Connection: Keep-Alive
10:43:47.054 [Forwarding screenshot on session 5e9977749cf8e028abefff19f425d7c0 to remote] DEBUG org.apache.http.headers - http-outgoing-14 >> User-Agent: Apache-HttpClient/4.3.4 (java 1.5)
10:43:47.054 [Forwarding screenshot on session 5e9977749cf8e028abefff19f425d7c0 to remote] DEBUG org.apache.http.headers - http-outgoing-14 >> Accept-Encoding: gzip,deflate
10:43:47.054 [Forwarding screenshot on session 5e9977749cf8e028abefff19f425d7c0 to remote] DEBUG org.apache.http.wire - http-outgoing-14 >> "GET /session/5e9977749cf8e028abefff19f425d7c0/screenshot HTTP/1.1[\r][\n]"
10:43:47.054 [Forwarding screenshot on session 5e9977749cf8e028abefff19f425d7c0 to remote] DEBUG org.apache.http.wire - http-outgoing-14 >> "Cache-Control: no-cache[\r][\n]"
10:43:47.054 [Forwarding screenshot on session 5e9977749cf8e028abefff19f425d7c0 to remote] DEBUG org.apache.http.wire - http-outgoing-14 >> "Host: localhost:13906[\r][\n]"
10:43:47.054 [Forwarding screenshot on session 5e9977749cf8e028abefff19f425d7c0 to remote] DEBUG org.apache.http.wire - http-outgoing-14 >> "Connection: Keep-Alive[\r][\n]"
10:43:47.054 [Forwarding screenshot on session 5e9977749cf8e028abefff19f425d7c0 to remote] DEBUG org.apache.http.wire - http-outgoing-14 >> "User-Agent: Apache-HttpClient/4.3.4 (java 1.5)[\r][\n]"
10:43:47.054 [Forwarding screenshot on session 5e9977749cf8e028abefff19f425d7c0 to remote] DEBUG org.apache.http.wire - http-outgoing-14 >> "Accept-Encoding: gzip,deflate[\r][\n]"
10:43:47.054 [Forwarding screenshot on session 5e9977749cf8e028abefff19f425d7c0 to remote] DEBUG org.apache.http.wire - http-outgoing-14 >> "[\r][\n]"
10:43:47.055 [LittleProxy-ProxyToServerWorker-3] DEBUG o.l.p.impl.ProxyToServerConnection - (AWAITING_CHUNK) [id: 0x37e81f47, /10.65.140.181:37595 => voucher-manager-ui.stage.pv.nimbus-stage.cg.sky.com/80.238.10.34:80]: Reading: DefaultHttpContent(data: SlicedByteBuf(ridx: 0, widx: 2760, cap: 2760/2760, unwrapped: UnpooledUnsafeDirectByteBuf(ridx: 2760, widx: 2760, cap: 8192)), decoderResult: success)
10:43:47.055 [LittleProxy-ProxyToServerWorker-3] DEBUG o.l.p.impl.ClientToProxyConnection - (AWAITING_INITIAL) [id: 0xd40ea92d, /127.0.0.1:48630 => /127.0.1.1:41135]: Retaining reference counted message
10:43:47.055 [LittleProxy-ProxyToServerWorker-3] DEBUG o.l.p.impl.ClientToProxyConnection - (AWAITING_INITIAL) [id: 0xd40ea92d, /127.0.0.1:48630 => /127.0.1.1:41135]: Writing: DefaultHttpContent(data: SlicedByteBuf(ridx: 0, widx: 2760, cap: 2760/2760, unwrapped: UnpooledUnsafeDirectByteBuf(ridx: 2760, widx: 2760, cap: 8192)), decoderResult: success)
10:43:47.055 [LittleProxy-ProxyToServerWorker-3] DEBUG o.l.p.impl.ClientToProxyConnection - (AWAITING_INITIAL) [id: 0xd40ea92d, /127.0.0.1:48630 => /127.0.1.1:41135]: Wrote: DefaultHttpContent(data: SlicedByteBuf(ridx: 0, widx: 2760, cap: 2760/2760, unwrapped: UnpooledUnsafeDirectByteBuf(ridx: 2760, widx: 2760, cap: 8192)), decoderResult: success)
10:43:47.055 [LittleProxy-ProxyToServerWorker-3] DEBUG o.l.p.impl.ClientToProxyConnection - (AWAITING_INITIAL) [id: 0xd40ea92d, /127.0.0.1:48630 => /127.0.1.1:41135]: Not closing server connection on middle chunk for /fonts/glyphicons-halflings-regular.woff
10:43:47.055 [LittleProxy-ProxyToServerWorker-3] DEBUG o.l.p.impl.ClientToProxyConnection - (AWAITING_INITIAL) [id: 0xd40ea92d, /127.0.0.1:48630 => /127.0.1.1:41135]: Not closing client connection on middle chunk for /fonts/glyphicons-halflings-regular.woff
10:43:47.055 [LittleProxy-ProxyToServerWorker-3] DEBUG o.l.p.impl.ProxyToServerConnection - (AWAITING_CHUNK) [id: 0x37e81f47, /10.65.140.181:37595 => voucher-manager-ui.stage.pv.nimbus-stage.cg.sky.com/80.238.10.34:80]: Reading: DefaultHttpContent(data: SlicedByteBuf(ridx: 0, widx: 3954, cap: 3954/3954, unwrapped: UnpooledUnsafeDirectByteBuf(ridx: 3954, widx: 3954, cap: 8192)), decoderResult: success)
10:43:47.055 [LittleProxy-ProxyToServerWorker-3] DEBUG o.l.p.impl.ClientToProxyConnection - (AWAITING_INITIAL) [id: 0xd40ea92d, /127.0.0.1:48630 => /127.0.1.1:41135]: Retaining reference counted message
10:43:47.055 [LittleProxy-ProxyToServerWorker-3] DEBUG o.l.p.impl.ClientToProxyConnection - (AWAITING_INITIAL) [id: 0xd40ea92d, /127.0.0.1:48630 => /127.0.1.1:41135]: Writing: DefaultHttpContent(data: SlicedByteBuf(ridx: 0, widx: 3954, cap: 3954/3954, unwrapped: UnpooledUnsafeDirectByteBuf(ridx: 3954, widx: 3954, cap: 8192)), decoderResult: success)
10:43:47.055 [LittleProxy-ProxyToServerWorker-3] DEBUG o.l.p.impl.ClientToProxyConnection - (AWAITING_INITIAL) [id: 0xd40ea92d, /127.0.0.1:48630 => /127.0.1.1:41135]: Wrote: DefaultHttpContent(data: SlicedByteBuf(ridx: 0, widx: 3954, cap: 3954/3954, unwrapped: UnpooledUnsafeDirectByteBuf(ridx: 3954, widx: 3954, cap: 8192)), decoderResult: success)
10:43:47.055 [LittleProxy-ProxyToServerWorker-3] DEBUG o.l.p.impl.ClientToProxyConnection - (AWAITING_INITIAL) [id: 0xd40ea92d, /127.0.0.1:48630 => /127.0.1.1:41135]: Not closing server connection on middle chunk for /fonts/glyphicons-halflings-regular.woff
10:43:47.055 [LittleProxy-ProxyToServerWorker-3] DEBUG o.l.p.impl.ClientToProxyConnection - (AWAITING_INITIAL) [id: 0xd40ea92d, /127.0.0.1:48630 => /127.0.1.1:41135]: Not closing client connection on middle chunk for /fonts/glyphicons-halflings-regular.woff
10:43:47.061 [LittleProxy-ProxyToServerWorker-3] DEBUG o.l.p.impl.ProxyToServerConnection - (AWAITING_CHUNK) [id: 0x37e81f47, /10.65.140.181:37595 => voucher-manager-ui.stage.pv.nimbus-stage.cg.sky.com/80.238.10.34:80]: Reading: DefaultHttpContent(data: SlicedByteBuf(ridx: 0, widx: 2760, cap: 2760/2760, unwrapped: UnpooledUnsafeDirectByteBuf(ridx: 2760, widx: 2760, cap: 8192)), decoderResult: success)
10:43:47.061 [LittleProxy-ProxyToServerWorker-3] DEBUG o.l.p.impl.ClientToProxyConnection - (AWAITING_INITIAL) [id: 0xd40ea92d, /127.0.0.1:48630 => /127.0.1.1:41135]: Retaining reference counted message
10:43:47.061 [LittleProxy-ProxyToServerWorker-3] DEBUG o.l.p.impl.ClientToProxyConnection - (AWAITING_INITIAL) [id: 0xd40ea92d, /127.0.0.1:48630 => /127.0.1.1:41135]: Writing: DefaultHttpContent(data: SlicedByteBuf(ridx: 0, widx: 2760, cap: 2760/2760, unwrapped: UnpooledUnsafeDirectByteBuf(ridx: 2760, widx: 2760, cap: 8192)), decoderResult: success)
10:43:47.061 [LittleProxy-ProxyToServerWorker-3] DEBUG o.l.p.impl.ClientToProxyConnection - (AWAITING_INITIAL) [id: 0xd40ea92d, /127.0.0.1:48630 => /127.0.1.1:41135]: Wrote: DefaultHttpContent(data: SlicedByteBuf(ridx: 0, widx: 2760, cap: 2760/2760, unwrapped: UnpooledUnsafeDirectByteBuf(ridx: 2760, widx: 2760, cap: 8192)), decoderResult: success)
10:43:47.061 [LittleProxy-ProxyToServerWorker-3] DEBUG o.l.p.impl.ClientToProxyConnection - (AWAITING_INITIAL) [id: 0xd40ea92d, /127.0.0.1:48630 => /127.0.1.1:41135]: Not closing server connection on middle chunk for /fonts/glyphicons-halflings-regular.woff
10:43:47.061 [LittleProxy-ProxyToServerWorker-3] DEBUG o.l.p.impl.ClientToProxyConnection - (AWAITING_INITIAL) [id: 0xd40ea92d, /127.0.0.1:48630 => /127.0.1.1:41135]: Not closing client connection on middle chunk for /fonts/glyphicons-halflings-regular.woff
10:43:47.062 [LittleProxy-ProxyToServerWorker-3] DEBUG o.l.p.impl.ProxyToServerConnection - (AWAITING_CHUNK) [id: 0x37e81f47, /10.65.140.181:37595 => voucher-manager-ui.stage.pv.nimbus-stage.cg.sky.com/80.238.10.34:80]: Reading: DefaultHttpContent(data: SlicedByteBuf(ridx: 0, widx: 5520, cap: 5520/5520, unwrapped: UnpooledUnsafeDirectByteBuf(ridx: 5520, widx: 5520, cap: 8192)), decoderResult: success)
10:43:47.062 [LittleProxy-ProxyToServerWorker-3] DEBUG o.l.p.impl.ClientToProxyConnection - (AWAITING_INITIAL) [id: 0xd40ea92d, /127.0.0.1:48630 => /127.0.1.1:41135]: Retaining reference counted message
10:43:47.062 [LittleProxy-ProxyToServerWorker-3] DEBUG o.l.p.impl.ClientToProxyConnection - (AWAITING_INITIAL) [id: 0xd40ea92d, /127.0.0.1:48630 => /127.0.1.1:41135]: Writing: DefaultHttpContent(data: SlicedByteBuf(ridx: 0, widx: 5520, cap: 5520/5520, unwrapped: UnpooledUnsafeDirectByteBuf(ridx: 5520, widx: 5520, cap: 8192)), decoderResult: success)
10:43:47.062 [LittleProxy-ProxyToServerWorker-3] DEBUG o.l.p.impl.ClientToProxyConnection - (AWAITING_INITIAL) [id: 0xd40ea92d, /127.0.0.1:48630 => /127.0.1.1:41135]: Wrote: DefaultHttpContent(data: SlicedByteBuf(ridx: 0, widx: 5520, cap: 5520/5520, unwrapped: UnpooledUnsafeDirectByteBuf(ridx: 5520, widx: 5520, cap: 8192)), decoderResult: success)
10:43:47.062 [LittleProxy-ProxyToServerWorker-3] DEBUG o.l.p.impl.ClientToProxyConnection - (AWAITING_INITIAL) [id: 0xd40ea92d, /127.0.0.1:48630 => /127.0.1.1:41135]: Not closing server connection on middle chunk for /fonts/glyphicons-halflings-regular.woff
10:43:47.062 [LittleProxy-ProxyToServerWorker-3] DEBUG o.l.p.impl.ClientToProxyConnection - (AWAITING_INITIAL) [id: 0xd40ea92d, /127.0.0.1:48630 => /127.0.1.1:41135]: Not closing client connection on middle chunk for /fonts/glyphicons-halflings-regular.woff
10:43:47.067 [LittleProxy-ProxyToServerWorker-3] DEBUG o.l.p.impl.ProxyToServerConnection - (AWAITING_CHUNK) [id: 0x37e81f47, /10.65.140.181:37595 => voucher-manager-ui.stage.pv.nimbus-stage.cg.sky.com/80.238.10.34:80]: Reading: DefaultHttpContent(data: SlicedByteBuf(ridx: 0, widx: 1380, cap: 1380/1380, unwrapped: UnpooledUnsafeDirectByteBuf(ridx: 1380, widx: 1380, cap: 8192)), decoderResult: success)
10:43:47.067 [LittleProxy-ProxyToServerWorker-3] DEBUG o.l.p.impl.ClientToProxyConnection - (AWAITING_INITIAL) [id: 0xd40ea92d, /127.0.0.1:48630 => /127.0.1.1:41135]: Retaining reference counted message
10:43:47.068 [LittleProxy-ProxyToServerWorker-3] DEBUG o.l.p.impl.ClientToProxyConnection - (AWAITING_INITIAL) [id: 0xd40ea92d, /127.0.0.1:48630 => /127.0.1.1:41135]: Writing: DefaultHttpContent(data: SlicedByteBuf(ridx: 0, widx: 1380, cap: 1380/1380, unwrapped: UnpooledUnsafeDirectByteBuf(ridx: 1380, widx: 1380, cap: 8192)), decoderResult: success)
10:43:47.068 [LittleProxy-ProxyToServerWorker-3] DEBUG o.l.p.impl.ClientToProxyConnection - (AWAITING_INITIAL) [id: 0xd40ea92d, /127.0.0.1:48630 => /127.0.1.1:41135]: Wrote: DefaultHttpContent(data: SlicedByteBuf(ridx: 0, widx: 1380, cap: 1380/1380, unwrapped: UnpooledUnsafeDirectByteBuf(ridx: 1380, widx: 1380, cap: 8192)), decoderResult: success)
10:43:47.068 [LittleProxy-ProxyToServerWorker-3] DEBUG o.l.p.impl.ClientToProxyConnection - (AWAITING_INITIAL) [id: 0xd40ea92d, /127.0.0.1:48630 => /127.0.1.1:41135]: Not closing server connection on middle chunk for /fonts/glyphicons-halflings-regular.woff
10:43:47.068 [LittleProxy-ProxyToServerWorker-3] DEBUG o.l.p.impl.ClientToProxyConnection - (AWAITING_INITIAL) [id: 0xd40ea92d, /127.0.0.1:48630 => /127.0.1.1:41135]: Not closing client connection on middle chunk for /fonts/glyphicons-halflings-regular.woff
10:43:47.068 [LittleProxy-ProxyToServerWorker-3] DEBUG o.l.p.impl.ProxyToServerConnection - (AWAITING_CHUNK) [id: 0x37e81f47, /10.65.140.181:37595 => voucher-manager-ui.stage.pv.nimbus-stage.cg.sky.com/80.238.10.34:80]: Reading: DefaultLastHttpContent(data: SlicedByteBuf(ridx: 0, widx: 3160, cap: 3160/3160, unwrapped: UnpooledUnsafeDirectByteBuf(ridx: 3160, widx: 3160, cap: 4096)), decoderResult: success)
10:43:47.069 [LittleProxy-ProxyToServerWorker-3] DEBUG o.l.p.impl.ClientToProxyConnection - (AWAITING_INITIAL) [id: 0xd40ea92d, /127.0.0.1:48630 => /127.0.1.1:41135]: Retaining reference counted message
10:43:47.069 [LittleProxy-ProxyToServerWorker-3] DEBUG o.l.p.impl.ClientToProxyConnection - (AWAITING_INITIAL) [id: 0xd40ea92d, /127.0.0.1:48630 => /127.0.1.1:41135]: Writing: DefaultLastHttpContent(data: SlicedByteBuf(ridx: 0, widx: 3160, cap: 3160/3160, unwrapped: UnpooledUnsafeDirectByteBuf(ridx: 3160, widx: 3160, cap: 4096)), decoderResult: success)
10:43:47.069 [LittleProxy-ProxyToServerWorker-3] DEBUG o.l.p.impl.ClientToProxyConnection - (AWAITING_INITIAL) [id: 0xd40ea92d, /127.0.0.1:48630 => /127.0.1.1:41135]: Writing an empty buffer to signal the end of our chunked transfer
10:43:47.069 [LittleProxy-ProxyToServerWorker-3] DEBUG o.l.p.impl.ClientToProxyConnection - (AWAITING_INITIAL) [id: 0xd40ea92d, /127.0.0.1:48630 => /127.0.1.1:41135]: Wrote: DefaultLastHttpContent(data: SlicedByteBuf(ridx: 0, widx: 3160, cap: 3160/3160, unwrapped: UnpooledUnsafeDirectByteBuf(ridx: 3160, widx: 3160, cap: 4096)), decoderResult: success)
10:43:47.069 [LittleProxy-ProxyToServerWorker-3] DEBUG o.l.p.impl.ClientToProxyConnection - (AWAITING_INITIAL) [id: 0xd40ea92d, /127.0.0.1:48630 => /127.0.1.1:41135]: Retaining reference counted message
10:43:47.069 [LittleProxy-ProxyToServerWorker-3] DEBUG o.l.p.impl.ClientToProxyConnection - (AWAITING_INITIAL) [id: 0xd40ea92d, /127.0.0.1:48630 => /127.0.1.1:41135]: Writing: EmptyByteBufBE
10:43:47.069 [LittleProxy-ProxyToServerWorker-3] DEBUG o.l.p.impl.ClientToProxyConnection - (AWAITING_INITIAL) [id: 0xd40ea92d, /127.0.0.1:48630 => /127.0.1.1:41135]: Wrote: EmptyByteBufBE
10:43:47.069 [LittleProxy-ProxyToServerWorker-3] DEBUG o.l.p.impl.ClientToProxyConnection - (AWAITING_INITIAL) [id: 0xd40ea92d, /127.0.0.1:48630 => /127.0.1.1:41135]: Handling last chunk. Using normal server connection closing rules.
10:43:47.069 [LittleProxy-ProxyToServerWorker-3] DEBUG o.l.p.impl.ClientToProxyConnection - (AWAITING_INITIAL) [id: 0xd40ea92d, /127.0.0.1:48630 => /127.0.1.1:41135]: Not closing server connection for response: DefaultHttpResponse(decodeResult: success, version: HTTP/1.1)
HTTP/1.1 200 OK
X-FORWARDED-PROTO: http
Server: nginx
Date: Wed, 29 Jul 2015 09:43:47 GMT
Content-Type: application/font-woff
Content-Length: 23320
Connection: keep-alive
Keep-Alive: timeout=10
X-Powered-By: Express
X-Frame-Options: DENY
Accept-Ranges: bytes
Cache-Control: public, max-age=0
Last-Modified: Fri, 24 Jul 2015 14:37:56 GMT
ETag: W/"5b18-2857048211"
10:43:47.069 [LittleProxy-ProxyToServerWorker-3] DEBUG o.l.p.impl.ClientToProxyConnection - (AWAITING_INITIAL) [id: 0xd40ea92d, /127.0.0.1:48630 => /127.0.1.1:41135]: Handling last chunk. Using normal client connection closing rules.
10:43:47.070 [LittleProxy-ProxyToServerWorker-0] DEBUG o.l.p.impl.ProxyToServerConnection - (AWAITING_CHUNK) [id: 0x65ecad2b, /10.65.140.181:37580 => voucher-manager.stage.pv.nimbus-stage.cg.sky.com/80.238.10.34:80]: Reading: DefaultHttpContent(data: SlicedByteBuf(ridx: 0, widx: 2754, cap: 2754/2754, unwrapped: UnpooledUnsafeDirectByteBuf(ridx: 2760, widx: 2760, cap: 65536)), decoderResult: success)
10:43:47.070 [LittleProxy-ProxyToServerWorker-0] DEBUG o.l.p.impl.ClientToProxyConnection - (AWAITING_INITIAL) [id: 0x45fbf8a5, /127.0.0.1:48616 => /127.0.1.1:41135]: Retaining reference counted message
10:43:47.070 [LittleProxy-ProxyToServerWorker-0] DEBUG o.l.p.impl.ClientToProxyConnection - (AWAITING_INITIAL) [id: 0x45fbf8a5, /127.0.0.1:48616 => /127.0.1.1:41135]: Writing: DefaultHttpContent(data: SlicedByteBuf(ridx: 0, widx: 2754, cap: 2754/2754, unwrapped: UnpooledUnsafeDirectByteBuf(ridx: 2760, widx: 2760, cap: 65536)), decoderResult: success)
10:43:47.070 [LittleProxy-ProxyToServerWorker-0] DEBUG o.l.p.impl.ClientToProxyConnection - (AWAITING_INITIAL) [id: 0x45fbf8a5, /127.0.0.1:48616 => /127.0.1.1:41135]: Wrote: DefaultHttpContent(data: SlicedByteBuf(ridx: 0, widx: 2754, cap: 2754/2754, unwrapped: UnpooledUnsafeDirectByteBuf(ridx: 2760, widx: 2760, cap: 65536)), decoderResult: success)
10:43:47.070 [LittleProxy-ProxyToServerWorker-0] DEBUG o.l.p.impl.ClientToProxyConnection - (AWAITING_INITIAL) [id: 0x45fbf8a5, /127.0.0.1:48616 => /127.0.1.1:41135]: Not closing server connection on middle chunk for /campaign
10:43:47.070 [LittleProxy-ProxyToServerWorker-0] DEBUG o.l.p.impl.ClientToProxyConnection - (AWAITING_INITIAL) [id: 0x45fbf8a5, /127.0.0.1:48616 => /127.0.1.1:41135]: Not closing client connection on middle chunk for /campaign
10:43:47.070 [LittleProxy-ProxyToServerWorker-0] DEBUG o.l.p.impl.ProxyToServerConnection - (AWAITING_CHUNK) [id: 0x65ecad2b, /10.65.140.181:37580 => voucher-manager.stage.pv.nimbus-stage.cg.sky.com/80.238.10.34:80]: Reading: DefaultHttpContent(data: SlicedByteBuf(ridx: 0, widx: 2760, cap: 2760/2760, unwrapped: UnpooledUnsafeDirectByteBuf(ridx: 2760, widx: 2760, cap: 65536)), decoderResult: success)
10:43:47.070 [LittleProxy-ProxyToServerWorker-0] DEBUG o.l.p.impl.ClientToProxyConnection - (AWAITING_INITIAL) [id: 0x45fbf8a5, /127.0.0.1:48616 => /127.0.1.1:41135]: Retaining reference counted message
10:43:47.070 [LittleProxy-ProxyToServerWorker-0] DEBUG o.l.p.impl.ClientToProxyConnection - (AWAITING_INITIAL) [id: 0x45fbf8a5, /127.0.0.1:48616 => /127.0.1.1:41135]: Writing: DefaultHttpContent(data: SlicedByteBuf(ridx: 0, widx: 2760, cap: 2760/2760, unwrapped: UnpooledUnsafeDirectByteBuf(ridx: 2760, widx: 2760, cap: 65536)), decoderResult: success)
10:43:47.070 [LittleProxy-ProxyToServerWorker-0] DEBUG o.l.p.impl.ClientToProxyConnection - (AWAITING_INITIAL) [id: 0x45fbf8a5, /127.0.0.1:48616 => /127.0.1.1:41135]: Wrote: DefaultHttpContent(data: SlicedByteBuf(ridx: 0, widx: 2760, cap: 2760/2760, unwrapped: UnpooledUnsafeDirectByteBuf(ridx: 2760, widx: 2760, cap: 65536)), decoderResult: success)
10:43:47.071 [LittleProxy-ProxyToServerWorker-3] DEBUG o.l.p.impl.ClientToProxyConnection - (AWAITING_INITIAL) [id: 0xd40ea92d, /127.0.0.1:48630 => /127.0.1.1:41135]: Not closing client connection for request: [FAILED toString()]
10:43:47.078 [LittleProxy-ProxyToServerWorker-0] DEBUG o.l.p.impl.ClientToProxyConnection - (AWAITING_INITIAL) [id: 0x45fbf8a5, /127.0.0.1:48616 => /127.0.1.1:41135]: Not closing server connection on middle chunk for /campaign
10:43:47.079 [LittleProxy-ProxyToServerWorker-0] DEBUG o.l.p.impl.ClientToProxyConnection - (AWAITING_INITIAL) [id: 0x45fbf8a5, /127.0.0.1:48616 => /127.0.1.1:41135]: Not closing client connection on middle chunk for /campaign
10:43:47.079 [LittleProxy-ProxyToServerWorker-0] DEBUG o.l.p.impl.ProxyToServerConnection - (AWAITING_CHUNK) [id: 0x65ecad2b, /10.65.140.181:37580 => voucher-manager.stage.pv.nimbus-stage.cg.sky.com/80.238.10.34:80]: Reading: DefaultHttpContent(data: SlicedByteBuf(ridx: 0, widx: 2216, cap: 2216/2216, unwrapped: UnpooledUnsafeDirectByteBuf(ridx: 2223, widx: 2223, cap: 32768)), decoderResult: success)
10:43:47.079 [LittleProxy-ProxyToServerWorker-0] DEBUG o.l.p.impl.ClientToProxyConnection - (AWAITING_INITIAL) [id: 0x45fbf8a5, /127.0.0.1:48616 => /127.0.1.1:41135]: Retaining reference counted message
10:43:47.079 [LittleProxy-ProxyToServerWorker-0] DEBUG o.l.p.impl.ClientToProxyConnection - (AWAITING_INITIAL) [id: 0x45fbf8a5, /127.0.0.1:48616 => /127.0.1.1:41135]: Writing: DefaultHttpContent(data: SlicedByteBuf(ridx: 0, widx: 2216, cap: 2216/2216, unwrapped: UnpooledUnsafeDirectByteBuf(ridx: 2223, widx: 2223, cap: 32768)), decoderResult: success)
10:43:47.082 [LittleProxy-ProxyToServerWorker-0] DEBUG o.l.p.impl.ClientToProxyConnection - (AWAITING_INITIAL) [id: 0x45fbf8a5, /127.0.0.1:48616 => /127.0.1.1:41135]: Wrote: DefaultHttpContent(data: SlicedByteBuf(ridx: 0, widx: 2216, cap: 2216/2216, unwrapped: UnpooledUnsafeDirectByteBuf(ridx: 2223, widx: 2223, cap: 32768)), decoderResult: success)
10:43:47.082 [LittleProxy-ProxyToServerWorker-0] DEBUG o.l.p.impl.ClientToProxyConnection - (AWAITING_INITIAL) [id: 0x45fbf8a5, /127.0.0.1:48616 => /127.0.1.1:41135]: Not closing server connection on middle chunk for /campaign
10:43:47.083 [LittleProxy-ProxyToServerWorker-0] DEBUG o.l.p.impl.ClientToProxyConnection - (AWAITING_INITIAL) [id: 0x45fbf8a5, /127.0.0.1:48616 => /127.0.1.1:41135]: Not closing client connection on middle chunk for /campaign
10:43:47.083 [LittleProxy-ProxyToServerWorker-0] DEBUG o.l.p.impl.ProxyToServerConnection - (AWAITING_CHUNK) [id: 0x65ecad2b, /10.65.140.181:37580 => voucher-manager.stage.pv.nimbus-stage.cg.sky.com/80.238.10.34:80]: Reading: EmptyLastHttpContent
10:43:47.083 [LittleProxy-ProxyToServerWorker-0] DEBUG o.l.p.impl.ClientToProxyConnection - (AWAITING_INITIAL) [id: 0x45fbf8a5, /127.0.0.1:48616 => /127.0.1.1:41135]: Retaining reference counted message
10:43:47.083 [LittleProxy-ProxyToServerWorker-0] DEBUG o.l.p.impl.ClientToProxyConnection - (AWAITING_INITIAL) [id: 0x45fbf8a5, /127.0.0.1:48616 => /127.0.1.1:41135]: Writing: EmptyLastHttpContent
10:43:47.083 [LittleProxy-ProxyToServerWorker-0] DEBUG o.l.p.impl.ClientToProxyConnection - (AWAITING_INITIAL) [id: 0x45fbf8a5, /127.0.0.1:48616 => /127.0.1.1:41135]: Writing an empty buffer to signal the end of our chunked transfer
10:43:47.083 [LittleProxy-ProxyToServerWorker-0] DEBUG o.l.p.impl.ClientToProxyConnection - (AWAITING_INITIAL) [id: 0x45fbf8a5, /127.0.0.1:48616 => /127.0.1.1:41135]: Wrote: EmptyLastHttpContent
10:43:47.083 [LittleProxy-ProxyToServerWorker-0] DEBUG o.l.p.impl.ClientToProxyConnection - (AWAITING_INITIAL) [id: 0x45fbf8a5, /127.0.0.1:48616 => /127.0.1.1:41135]: Retaining reference counted message
10:43:47.083 [LittleProxy-ProxyToServerWorker-0] DEBUG o.l.p.impl.ClientToProxyConnection - (AWAITING_INITIAL) [id: 0x45fbf8a5, /127.0.0.1:48616 => /127.0.1.1:41135]: Writing: EmptyByteBufBE
10:43:47.083 [LittleProxy-ProxyToServerWorker-0] DEBUG o.l.p.impl.ClientToProxyConnection - (AWAITING_INITIAL) [id: 0x45fbf8a5, /127.0.0.1:48616 => /127.0.1.1:41135]: Wrote: EmptyByteBufBE
10:43:47.083 [LittleProxy-ProxyToServerWorker-0] DEBUG o.l.p.impl.ClientToProxyConnection - (AWAITING_INITIAL) [id: 0x45fbf8a5, /127.0.0.1:48616 => /127.0.1.1:41135]: Handling last chunk. Using normal server connection closing rules.
10:43:47.083 [LittleProxy-ProxyToServerWorker-0] DEBUG o.l.p.impl.ClientToProxyConnection - (AWAITING_INITIAL) [id: 0x45fbf8a5, /127.0.0.1:48616 => /127.0.1.1:41135]: Not closing server connection for response: DefaultHttpResponse(decodeResult: success, version: HTTP/1.1)
HTTP/1.1 200 OK
X-FORWARDED-PROTO: http
Server: nginx
Date: Wed, 29 Jul 2015 09:43:47 GMT
Content-Type: application/json;charset=UTF-8
Transfer-Encoding: chunked
Connection: keep-alive
Keep-Alive: timeout=10
Access-Control-Allow-Credentials: true
X-Content-Type-Options: nosniff
X-XSS-Protection: 1; mode=block
Cache-Control: no-cache, no-store, max-age=0, must-revalidate
Pragma: no-cache
Expires: 0
X-Frame-Options: DENY
X-Application-Context: pv__voucher-manager__stage__v0_1_0_972:stage-cloud:1
10:43:47.083 [LittleProxy-ProxyToServerWorker-0] DEBUG o.l.p.impl.ClientToProxyConnection - (AWAITING_INITIAL) [id: 0x45fbf8a5, /127.0.0.1:48616 => /127.0.1.1:41135]: Handling last chunk. Using normal client connection closing rules.
10:43:47.084 [LittleProxy-ProxyToServerWorker-0] DEBUG o.l.p.impl.ClientToProxyConnection - (AWAITING_INITIAL) [id: 0x45fbf8a5, /127.0.0.1:48616 => /127.0.1.1:41135]: Not closing client connection for request: [FAILED toString()]
10:43:47.093 [LittleProxy-ClientToProxyWorker-0] DEBUG o.l.p.impl.ClientToProxyConnection - (AWAITING_INITIAL) [id: 0x45fbf8a5, /127.0.0.1:48616 => /127.0.1.1:41135]: Reading: HttpObjectAggregator$AggregatedFullHttpRequest(decodeResult: success, version: HTTP/1.1, content: CompositeByteBuf(ridx: 0, widx: 0, cap: 0, components=0))
GET http://voucher-manager.stage.pv.nimbus-stage.cg.sky.com/ HTTP/1.1
Host: voucher-manager.stage.pv.nimbus-stage.cg.sky.com
Proxy-Connection: keep-alive
Authorization: Basic YWRtaW46cGFzcw==
Accept: application/json, text/plain, */*
User-Agent: Mozilla/5.0 (X11; Linux x86_64) AppleWebKit/537.36 (KHTML, like Gecko) Chrome/43.0.2357.134 Safari/537.36
Referer: http://voucher-manager-ui.stage.pv.nimbus-stage.cg.sky.com/
Accept-Encoding: gzip, deflate, sdch
Accept-Language: en-GB,en-US;q=0.8,en;q=0.6
Content-Length: 0
10:43:47.094 [LittleProxy-ClientToProxyWorker-0] DEBUG o.l.p.impl.ClientToProxyConnection - (AWAITING_INITIAL) [id: 0x45fbf8a5, /127.0.0.1:48616 => /127.0.1.1:41135]: Got request: HttpObjectAggregator$AggregatedFullHttpRequest(decodeResult: success, version: HTTP/1.1, content: CompositeByteBuf(ridx: 0, widx: 0, cap: 0, components=0))
GET http://voucher-manager.stage.pv.nimbus-stage.cg.sky.com/ HTTP/1.1
Host: voucher-manager.stage.pv.nimbus-stage.cg.sky.com
Proxy-Connection: keep-alive
Authorization: Basic YWRtaW46cGFzcw==
Accept: application/json, text/plain, */*
User-Agent: Mozilla/5.0 (X11; Linux x86_64) AppleWebKit/537.36 (KHTML, like Gecko) Chrome/43.0.2357.134 Safari/537.36
Referer: http://voucher-manager-ui.stage.pv.nimbus-stage.cg.sky.com/
Accept-Encoding: gzip, deflate, sdch
Accept-Language: en-GB,en-US;q=0.8,en;q=0.6
Content-Length: 0
10:43:47.094 [LittleProxy-ClientToProxyWorker-0] DEBUG o.l.p.impl.ClientToProxyConnection - (AWAITING_INITIAL) [id: 0x45fbf8a5, /127.0.0.1:48616 => /127.0.1.1:41135]: Ensuring that hostAndPort are available in http://voucher-manager.stage.pv.nimbus-stage.cg.sky.com/
10:43:47.094 [LittleProxy-ClientToProxyWorker-0] DEBUG o.l.p.impl.ClientToProxyConnection - (AWAITING_INITIAL) [id: 0x45fbf8a5, /127.0.0.1:48616 => /127.0.1.1:41135]: Finding ProxyToServerConnection for: voucher-manager.stage.pv.nimbus-stage.cg.sky.com
10:43:47.094 [LittleProxy-ClientToProxyWorker-0] DEBUG o.l.p.impl.ClientToProxyConnection - (AWAITING_INITIAL) [id: 0x45fbf8a5, /127.0.0.1:48616 => /127.0.1.1:41135]: Reusing existing server connection: org.littleshoot.proxy.impl.ProxyToServerConnection@5e55e224
10:43:47.094 [LittleProxy-ClientToProxyWorker-0] DEBUG o.l.p.impl.ClientToProxyConnection - (AWAITING_INITIAL) [id: 0x45fbf8a5, /127.0.0.1:48616 => /127.0.1.1:41135]: Modifying request headers for proxying
10:43:47.094 [LittleProxy-ClientToProxyWorker-0] DEBUG o.l.p.impl.ClientToProxyConnection - (AWAITING_INITIAL) [id: 0x45fbf8a5, /127.0.0.1:48616 => /127.0.1.1:41135]: Modifying request for proxy chaining
10:43:47.094 [LittleProxy-ClientToProxyWorker-0] DEBUG o.l.p.impl.ClientToProxyConnection - (AWAITING_INITIAL) [id: 0x45fbf8a5, /127.0.0.1:48616 => /127.0.1.1:41135]: Stripped host from uri: http://voucher-manager.stage.pv.nimbus-stage.cg.sky.com/    yielding: /
10:43:47.094 [LittleProxy-ClientToProxyWorker-0] DEBUG o.l.p.impl.ClientToProxyConnection - (AWAITING_INITIAL) [id: 0x45fbf8a5, /127.0.0.1:48616 => /127.0.1.1:41135]: Removed sdch and inserted: gzip, deflate, 
10:43:47.094 [LittleProxy-ClientToProxyWorker-0] DEBUG o.l.p.impl.ClientToProxyConnection - (AWAITING_INITIAL) [id: 0x45fbf8a5, /127.0.0.1:48616 => /127.0.1.1:41135]: Writing request to ProxyToServerConnection
10:43:47.094 [LittleProxy-ClientToProxyWorker-0] DEBUG o.l.p.impl.ProxyToServerConnection - (AWAITING_INITIAL) [id: 0x65ecad2b, /10.65.140.181:37580 => voucher-manager.stage.pv.nimbus-stage.cg.sky.com/80.238.10.34:80]: Requested write of HttpObjectAggregator$AggregatedFullHttpRequest(decodeResult: success, version: HTTP/1.1, content: CompositeByteBuf(ridx: 0, widx: 0, cap: 0, components=0))
GET / HTTP/1.1
Host: voucher-manager.stage.pv.nimbus-stage.cg.sky.com
Authorization: Basic YWRtaW46cGFzcw==
Accept: application/json, text/plain, */*
User-Agent: Mozilla/5.0 (X11; Linux x86_64) AppleWebKit/537.36 (KHTML, like Gecko) Chrome/43.0.2357.134 Safari/537.36
Referer: http://voucher-manager-ui.stage.pv.nimbus-stage.cg.sky.com/
Accept-Language: en-GB,en-US;q=0.8,en;q=0.6
Content-Length: 0
Accept-Encoding: gzip, deflate, 
Via: 1.1 localhost.localdomain
10:43:47.094 [LittleProxy-ClientToProxyWorker-0] DEBUG o.l.p.impl.ProxyToServerConnection - (AWAITING_INITIAL) [id: 0x65ecad2b, /10.65.140.181:37580 => voucher-manager.stage.pv.nimbus-stage.cg.sky.com/80.238.10.34:80]: Retaining reference counted message
10:43:47.094 [LittleProxy-ClientToProxyWorker-0] DEBUG o.l.p.impl.ProxyToServerConnection - (AWAITING_INITIAL) [id: 0x65ecad2b, /10.65.140.181:37580 => voucher-manager.stage.pv.nimbus-stage.cg.sky.com/80.238.10.34:80]: Using existing connection to: voucher-manager.stage.pv.nimbus-stage.cg.sky.com/80.238.10.34:80
10:43:47.094 [LittleProxy-ClientToProxyWorker-0] DEBUG o.l.p.impl.ProxyToServerConnection - (AWAITING_INITIAL) [id: 0x65ecad2b, /10.65.140.181:37580 => voucher-manager.stage.pv.nimbus-stage.cg.sky.com/80.238.10.34:80]: Writing: HttpObjectAggregator$AggregatedFullHttpRequest(decodeResult: success, version: HTTP/1.1, content: CompositeByteBuf(ridx: 0, widx: 0, cap: 0, components=0))
GET / HTTP/1.1
Host: voucher-manager.stage.pv.nimbus-stage.cg.sky.com
Authorization: Basic YWRtaW46cGFzcw==
Accept: application/json, text/plain, */*
User-Agent: Mozilla/5.0 (X11; Linux x86_64) AppleWebKit/537.36 (KHTML, like Gecko) Chrome/43.0.2357.134 Safari/537.36
Referer: http://voucher-manager-ui.stage.pv.nimbus-stage.cg.sky.com/
Accept-Language: en-GB,en-US;q=0.8,en;q=0.6
Content-Length: 0
Accept-Encoding: gzip, deflate, 
Via: 1.1 localhost.localdomain
10:43:47.094 [LittleProxy-ClientToProxyWorker-0] DEBUG o.l.p.impl.ProxyToServerConnection - (AWAITING_INITIAL) [id: 0x65ecad2b, /10.65.140.181:37580 => voucher-manager.stage.pv.nimbus-stage.cg.sky.com/80.238.10.34:80]: Writing an empty buffer to signal the end of our chunked transfer
10:43:47.094 [LittleProxy-ClientToProxyWorker-0] DEBUG o.l.p.impl.ProxyToServerConnection - (AWAITING_INITIAL) [id: 0x65ecad2b, /10.65.140.181:37580 => voucher-manager.stage.pv.nimbus-stage.cg.sky.com/80.238.10.34:80]: Wrote: HttpObjectAggregator$AggregatedFullHttpRequest(decodeResult: success, version: HTTP/1.1, content: CompositeByteBuf(ridx: 0, widx: 0, cap: 0, components=0))
GET / HTTP/1.1
Host: voucher-manager.stage.pv.nimbus-stage.cg.sky.com
Authorization: Basic YWRtaW46cGFzcw==
Accept: application/json, text/plain, */*
User-Agent: Mozilla/5.0 (X11; Linux x86_64) AppleWebKit/537.36 (KHTML, like Gecko) Chrome/43.0.2357.134 Safari/537.36
Referer: http://voucher-manager-ui.stage.pv.nimbus-stage.cg.sky.com/
Accept-Language: en-GB,en-US;q=0.8,en;q=0.6
Content-Length: 0
Accept-Encoding: gzip, deflate, 
Via: 1.1 localhost.localdomain
10:43:47.103 [LittleProxy-ProxyToServerWorker-6] DEBUG o.l.p.impl.ProxyToServerConnection - (AWAITING_INITIAL) [id: 0xbb43eb66, /10.65.140.181:37605 => voucher-manager.stage.pv.nimbus-stage.cg.sky.com/80.238.10.34:80]: Remembering the current request.
10:43:47.103 [LittleProxy-ProxyToServerWorker-6] DEBUG o.l.p.impl.ProxyToServerConnection - (AWAITING_INITIAL) [id: 0xbb43eb66, /10.65.140.181:37605 => voucher-manager.stage.pv.nimbus-stage.cg.sky.com/80.238.10.34:80]: Reading: DefaultHttpResponse(decodeResult: success, version: HTTP/1.1)
HTTP/1.1 200 OK
X-FORWARDED-PROTO: http
Server: nginx
Date: Wed, 29 Jul 2015 09:43:47 GMT
Content-Type: application/json;charset=UTF-8
Transfer-Encoding: chunked
Connection: keep-alive
Keep-Alive: timeout=10
Access-Control-Allow-Credentials: true
X-Content-Type-Options: nosniff
X-XSS-Protection: 1; mode=block
Cache-Control: no-cache, no-store, max-age=0, must-revalidate
Pragma: no-cache
Expires: 0
X-Frame-Options: DENY
X-Application-Context: pv__voucher-manager__stage__v0_1_0_972:stage-cloud:0
10:43:47.103 [LittleProxy-ProxyToServerWorker-6] DEBUG o.l.p.impl.ProxyToServerConnection - (AWAITING_INITIAL) [id: 0xbb43eb66, /10.65.140.181:37605 => voucher-manager.stage.pv.nimbus-stage.cg.sky.com/80.238.10.34:80]: Received raw response: DefaultHttpResponse(decodeResult: success, version: HTTP/1.1)
HTTP/1.1 200 OK
X-FORWARDED-PROTO: http
Server: nginx
Date: Wed, 29 Jul 2015 09:43:47 GMT
Content-Type: application/json;charset=UTF-8
Transfer-Encoding: chunked
Connection: keep-alive
Keep-Alive: timeout=10
Access-Control-Allow-Credentials: true
X-Content-Type-Options: nosniff
X-XSS-Protection: 1; mode=block
Cache-Control: no-cache, no-store, max-age=0, must-revalidate
Pragma: no-cache
Expires: 0
X-Frame-Options: DENY
X-Application-Context: pv__voucher-manager__stage__v0_1_0_972:stage-cloud:0
10:43:47.103 [LittleProxy-ProxyToServerWorker-6] DEBUG o.l.p.impl.ProxyToServerConnection - (AWAITING_INITIAL) [id: 0xbb43eb66, /10.65.140.181:37605 => voucher-manager.stage.pv.nimbus-stage.cg.sky.com/80.238.10.34:80]: Remembering the current response.
10:43:47.103 [LittleProxy-ProxyToServerWorker-6] DEBUG o.l.p.impl.ClientToProxyConnection - (AWAITING_INITIAL) [id: 0xa8643ea7, /127.0.0.1:48641 => /127.0.1.1:41135]: Writing: DefaultHttpResponse(decodeResult: success, version: HTTP/1.1)
HTTP/1.1 200 OK
X-FORWARDED-PROTO: http
Server: nginx
Date: Wed, 29 Jul 2015 09:43:47 GMT
Content-Type: application/json;charset=UTF-8
Transfer-Encoding: chunked
Access-Control-Allow-Credentials: true
X-Content-Type-Options: nosniff
X-XSS-Protection: 1; mode=block
Cache-Control: no-cache, no-store, max-age=0, must-revalidate
Pragma: no-cache
Expires: 0
X-Frame-Options: DENY
X-Application-Context: pv__voucher-manager__stage__v0_1_0_972:stage-cloud:0
Via: 1.1 localhost.localdomain
10:43:47.103 [LittleProxy-ProxyToServerWorker-6] DEBUG o.l.p.impl.ClientToProxyConnection - (AWAITING_INITIAL) [id: 0xa8643ea7, /127.0.0.1:48641 => /127.0.1.1:41135]: Wrote: DefaultHttpResponse(decodeResult: success, version: HTTP/1.1)
HTTP/1.1 200 OK
X-FORWARDED-PROTO: http
Server: nginx
Date: Wed, 29 Jul 2015 09:43:47 GMT
Content-Type: application/json;charset=UTF-8
Transfer-Encoding: chunked
Access-Control-Allow-Credentials: true
X-Content-Type-Options: nosniff
X-XSS-Protection: 1; mode=block
Cache-Control: no-cache, no-store, max-age=0, must-revalidate
Pragma: no-cache
Expires: 0
X-Frame-Options: DENY
X-Application-Context: pv__voucher-manager__stage__v0_1_0_972:stage-cloud:0
Via: 1.1 localhost.localdomain
10:43:47.103 [LittleProxy-ProxyToServerWorker-6] DEBUG o.l.p.impl.ClientToProxyConnection - (AWAITING_INITIAL) [id: 0xa8643ea7, /127.0.0.1:48641 => /127.0.1.1:41135]: Not closing server connection on middle chunk for /campaign?page=1
10:43:47.103 [LittleProxy-ProxyToServerWorker-6] DEBUG o.l.p.impl.ClientToProxyConnection - (AWAITING_INITIAL) [id: 0xa8643ea7, /127.0.0.1:48641 => /127.0.1.1:41135]: Not closing client connection on middle chunk for /campaign?page=1
10:43:47.103 [LittleProxy-ProxyToServerWorker-6] DEBUG o.l.p.impl.ProxyToServerConnection - (AWAITING_CHUNK) [id: 0xbb43eb66, /10.65.140.181:37605 => voucher-manager.stage.pv.nimbus-stage.cg.sky.com/80.238.10.34:80]: Reading: DefaultHttpContent(data: SlicedByteBuf(ridx: 0, widx: 501, cap: 501/501, unwrapped: UnpooledUnsafeDirectByteBuf(ridx: 1024, widx: 1024, cap: 1024)), decoderResult: success)
10:43:47.104 [LittleProxy-ProxyToServerWorker-6] DEBUG o.l.p.impl.ClientToProxyConnection - (AWAITING_INITIAL) [id: 0xa8643ea7, /127.0.0.1:48641 => /127.0.1.1:41135]: Retaining reference counted message
10:43:47.104 [LittleProxy-ProxyToServerWorker-6] DEBUG o.l.p.impl.ClientToProxyConnection - (AWAITING_INITIAL) [id: 0xa8643ea7, /127.0.0.1:48641 => /127.0.1.1:41135]: Writing: DefaultHttpContent(data: SlicedByteBuf(ridx: 0, widx: 501, cap: 501/501, unwrapped: UnpooledUnsafeDirectByteBuf(ridx: 1024, widx: 1024, cap: 1024)), decoderResult: success)
10:43:47.104 [LittleProxy-ProxyToServerWorker-6] DEBUG o.l.p.impl.ClientToProxyConnection - (AWAITING_INITIAL) [id: 0xa8643ea7, /127.0.0.1:48641 => /127.0.1.1:41135]: Wrote: DefaultHttpContent(data: SlicedByteBuf(ridx: 0, widx: 501, cap: 501/501, unwrapped: UnpooledUnsafeDirectByteBuf(ridx: 1024, widx: 1024, cap: 1024)), decoderResult: success)
10:43:47.104 [LittleProxy-ProxyToServerWorker-6] DEBUG o.l.p.impl.ClientToProxyConnection - (AWAITING_INITIAL) [id: 0xa8643ea7, /127.0.0.1:48641 => /127.0.1.1:41135]: Not closing server connection on middle chunk for /campaign?page=1
10:43:47.104 [LittleProxy-ProxyToServerWorker-6] DEBUG o.l.p.impl.ClientToProxyConnection - (AWAITING_INITIAL) [id: 0xa8643ea7, /127.0.0.1:48641 => /127.0.1.1:41135]: Not closing client connection on middle chunk for /campaign?page=1
10:43:47.104 [LittleProxy-ProxyToServerWorker-6] DEBUG o.l.p.impl.ProxyToServerConnection - (AWAITING_CHUNK) [id: 0xbb43eb66, /10.65.140.181:37605 => voucher-manager.stage.pv.nimbus-stage.cg.sky.com/80.238.10.34:80]: Reading: DefaultHttpContent(data: SlicedByteBuf(ridx: 0, widx: 1024, cap: 1024/1024, unwrapped: UnpooledUnsafeDirectByteBuf(ridx: 1024, widx: 1024, cap: 1024)), decoderResult: success)
10:43:47.104 [LittleProxy-ProxyToServerWorker-6] DEBUG o.l.p.impl.ClientToProxyConnection - (AWAITING_INITIAL) [id: 0xa8643ea7, /127.0.0.1:48641 => /127.0.1.1:41135]: Retaining reference counted message
10:43:47.104 [LittleProxy-ProxyToServerWorker-6] DEBUG o.l.p.impl.ClientToProxyConnection - (AWAITING_INITIAL) [id: 0xa8643ea7, /127.0.0.1:48641 => /127.0.1.1:41135]: Writing: DefaultHttpContent(data: SlicedByteBuf(ridx: 0, widx: 1024, cap: 1024/1024, unwrapped: UnpooledUnsafeDirectByteBuf(ridx: 1024, widx: 1024, cap: 1024)), decoderResult: success)
10:43:47.104 [LittleProxy-ProxyToServerWorker-6] DEBUG o.l.p.impl.ClientToProxyConnection - (AWAITING_INITIAL) [id: 0xa8643ea7, /127.0.0.1:48641 => /127.0.1.1:41135]: Wrote: DefaultHttpContent(data: SlicedByteBuf(ridx: 0, widx: 1024, cap: 1024/1024, unwrapped: UnpooledUnsafeDirectByteBuf(ridx: 1024, widx: 1024, cap: 1024)), decoderResult: success)
10:43:47.104 [LittleProxy-ProxyToServerWorker-6] DEBUG o.l.p.impl.ClientToProxyConnection - (AWAITING_INITIAL) [id: 0xa8643ea7, /127.0.0.1:48641 => /127.0.1.1:41135]: Not closing server connection on middle chunk for /campaign?page=1
10:43:47.104 [LittleProxy-ProxyToServerWorker-6] DEBUG o.l.p.impl.ClientToProxyConnection - (AWAITING_INITIAL) [id: 0xa8643ea7, /127.0.0.1:48641 => /127.0.1.1:41135]: Not closing client connection on middle chunk for /campaign?page=1
10:43:47.104 [LittleProxy-ProxyToServerWorker-6] DEBUG o.l.p.impl.ProxyToServerConnection - (AWAITING_CHUNK) [id: 0xbb43eb66, /10.65.140.181:37605 => voucher-manager.stage.pv.nimbus-stage.cg.sky.com/80.238.10.34:80]: Reading: DefaultHttpContent(data: SlicedByteBuf(ridx: 0, widx: 1024, cap: 1024/1024, unwrapped: UnpooledUnsafeDirectByteBuf(ridx: 1024, widx: 1024, cap: 1024)), decoderResult: success)
10:43:47.104 [LittleProxy-ProxyToServerWorker-6] DEBUG o.l.p.impl.ClientToProxyConnection - (AWAITING_INITIAL) [id: 0xa8643ea7, /127.0.0.1:48641 => /127.0.1.1:41135]: Retaining reference counted message
10:43:47.104 [LittleProxy-ProxyToServerWorker-6] DEBUG o.l.p.impl.ClientToProxyConnection - (AWAITING_INITIAL) [id: 0xa8643ea7, /127.0.0.1:48641 => /127.0.1.1:41135]: Writing: DefaultHttpContent(data: SlicedByteBuf(ridx: 0, widx: 1024, cap: 1024/1024, unwrapped: UnpooledUnsafeDirectByteBuf(ridx: 1024, widx: 1024, cap: 1024)), decoderResult: success)
10:43:47.104 [LittleProxy-ProxyToServerWorker-6] DEBUG o.l.p.impl.ClientToProxyConnection - (AWAITING_INITIAL) [id: 0xa8643ea7, /127.0.0.1:48641 => /127.0.1.1:41135]: Wrote: DefaultHttpContent(data: SlicedByteBuf(ridx: 0, widx: 1024, cap: 1024/1024, unwrapped: UnpooledUnsafeDirectByteBuf(ridx: 1024, widx: 1024, cap: 1024)), decoderResult: success)
10:43:47.104 [LittleProxy-ProxyToServerWorker-6] DEBUG o.l.p.impl.ClientToProxyConnection - (AWAITING_INITIAL) [id: 0xa8643ea7, /127.0.0.1:48641 => /127.0.1.1:41135]: Not closing server connection on middle chunk for /campaign?page=1
10:43:47.104 [LittleProxy-ProxyToServerWorker-6] DEBUG o.l.p.impl.ClientToProxyConnection - (AWAITING_INITIAL) [id: 0xa8643ea7, /127.0.0.1:48641 => /127.0.1.1:41135]: Not closing client connection on middle chunk for /campaign?page=1
10:43:47.104 [LittleProxy-ProxyToServerWorker-6] DEBUG o.l.p.impl.ProxyToServerConnection - (AWAITING_CHUNK) [id: 0xbb43eb66, /10.65.140.181:37605 => voucher-manager.stage.pv.nimbus-stage.cg.sky.com/80.238.10.34:80]: Reading: DefaultHttpContent(data: SlicedByteBuf(ridx: 0, widx: 1024, cap: 1024/1024, unwrapped: UnpooledUnsafeDirectByteBuf(ridx: 1024, widx: 1024, cap: 1024)), decoderResult: success)
10:43:47.104 [LittleProxy-ProxyToServerWorker-6] DEBUG o.l.p.impl.ClientToProxyConnection - (AWAITING_INITIAL) [id: 0xa8643ea7, /127.0.0.1:48641 => /127.0.1.1:41135]: Retaining reference counted message
10:43:47.104 [LittleProxy-ProxyToServerWorker-6] DEBUG o.l.p.impl.ClientToProxyConnection - (AWAITING_INITIAL) [id: 0xa8643ea7, /127.0.0.1:48641 => /127.0.1.1:41135]: Writing: DefaultHttpContent(data: SlicedByteBuf(ridx: 0, widx: 1024, cap: 1024/1024, unwrapped: UnpooledUnsafeDirectByteBuf(ridx: 1024, widx: 1024, cap: 1024)), decoderResult: success)
10:43:47.104 [LittleProxy-ProxyToServerWorker-6] DEBUG o.l.p.impl.ClientToProxyConnection - (AWAITING_INITIAL) [id: 0xa8643ea7, /127.0.0.1:48641 => /127.0.1.1:41135]: Wrote: DefaultHttpContent(data: SlicedByteBuf(ridx: 0, widx: 1024, cap: 1024/1024, unwrapped: UnpooledUnsafeDirectByteBuf(ridx: 1024, widx: 1024, cap: 1024)), decoderResult: success)
10:43:47.104 [LittleProxy-ProxyToServerWorker-6] DEBUG o.l.p.impl.ClientToProxyConnection - (AWAITING_INITIAL) [id: 0xa8643ea7, /127.0.0.1:48641 => /127.0.1.1:41135]: Not closing server connection on middle chunk for /campaign?page=1
10:43:47.104 [LittleProxy-ProxyToServerWorker-6] DEBUG o.l.p.impl.ClientToProxyConnection - (AWAITING_INITIAL) [id: 0xa8643ea7, /127.0.0.1:48641 => /127.0.1.1:41135]: Not closing client connection on middle chunk for /campaign?page=1
10:43:47.104 [LittleProxy-ProxyToServerWorker-6] DEBUG o.l.p.impl.ProxyToServerConnection - (AWAITING_CHUNK) [id: 0xbb43eb66, /10.65.140.181:37605 => voucher-manager.stage.pv.nimbus-stage.cg.sky.com/80.238.10.34:80]: Reading: DefaultHttpContent(data: SlicedByteBuf(ridx: 0, widx: 1024, cap: 1024/1024, unwrapped: UnpooledUnsafeDirectByteBuf(ridx: 1024, widx: 1024, cap: 1024)), decoderResult: success)
10:43:47.104 [LittleProxy-ProxyToServerWorker-6] DEBUG o.l.p.impl.ClientToProxyConnection - (AWAITING_INITIAL) [id: 0xa8643ea7, /127.0.0.1:48641 => /127.0.1.1:41135]: Retaining reference counted message
10:43:47.104 [LittleProxy-ProxyToServerWorker-6] DEBUG o.l.p.impl.ClientToProxyConnection - (AWAITING_INITIAL) [id: 0xa8643ea7, /127.0.0.1:48641 => /127.0.1.1:41135]: Writing: DefaultHttpContent(data: SlicedByteBuf(ridx: 0, widx: 1024, cap: 1024/1024, unwrapped: UnpooledUnsafeDirectByteBuf(ridx: 1024, widx: 1024, cap: 1024)), decoderResult: success)
10:43:47.104 [LittleProxy-ProxyToServerWorker-6] DEBUG o.l.p.impl.ClientToProxyConnection - (AWAITING_INITIAL) [id: 0xa8643ea7, /127.0.0.1:48641 => /127.0.1.1:41135]: Wrote: DefaultHttpContent(data: SlicedByteBuf(ridx: 0, widx: 1024, cap: 1024/1024, unwrapped: UnpooledUnsafeDirectByteBuf(ridx: 1024, widx: 1024, cap: 1024)), decoderResult: success)
10:43:47.104 [LittleProxy-ProxyToServerWorker-6] DEBUG o.l.p.impl.ClientToProxyConnection - (AWAITING_INITIAL) [id: 0xa8643ea7, /127.0.0.1:48641 => /127.0.1.1:41135]: Not closing server connection on middle chunk for /campaign?page=1
10:43:47.104 [LittleProxy-ProxyToServerWorker-6] DEBUG o.l.p.impl.ClientToProxyConnection - (AWAITING_INITIAL) [id: 0xa8643ea7, /127.0.0.1:48641 => /127.0.1.1:41135]: Not closing client connection on middle chunk for /campaign?page=1
10:43:47.104 [LittleProxy-ProxyToServerWorker-6] DEBUG o.l.p.impl.ProxyToServerConnection - (AWAITING_CHUNK) [id: 0xbb43eb66, /10.65.140.181:37605 => voucher-manager.stage.pv.nimbus-stage.cg.sky.com/80.238.10.34:80]: Reading: DefaultHttpContent(data: SlicedByteBuf(ridx: 0, widx: 1024, cap: 1024/1024, unwrapped: UnpooledUnsafeDirectByteBuf(ridx: 1024, widx: 1024, cap: 1024)), decoderResult: success)
10:43:47.104 [LittleProxy-ProxyToServerWorker-6] DEBUG o.l.p.impl.ClientToProxyConnection - (AWAITING_INITIAL) [id: 0xa8643ea7, /127.0.0.1:48641 => /127.0.1.1:41135]: Retaining reference counted message
10:43:47.104 [LittleProxy-ProxyToServerWorker-6] DEBUG o.l.p.impl.ClientToProxyConnection - (AWAITING_INITIAL) [id: 0xa8643ea7, /127.0.0.1:48641 => /127.0.1.1:41135]: Writing: DefaultHttpContent(data: SlicedByteBuf(ridx: 0, widx: 1024, cap: 1024/1024, unwrapped: UnpooledUnsafeDirectByteBuf(ridx: 1024, widx: 1024, cap: 1024)), decoderResult: success)
10:43:47.105 [LittleProxy-ProxyToServerWorker-6] DEBUG o.l.p.impl.ClientToProxyConnection - (AWAITING_INITIAL) [id: 0xa8643ea7, /127.0.0.1:48641 => /127.0.1.1:41135]: Wrote: DefaultHttpContent(data: SlicedByteBuf(ridx: 0, widx: 1024, cap: 1024/1024, unwrapped: UnpooledUnsafeDirectByteBuf(ridx: 1024, widx: 1024, cap: 1024)), decoderResult: success)
10:43:47.105 [LittleProxy-ProxyToServerWorker-6] DEBUG o.l.p.impl.ClientToProxyConnection - (AWAITING_INITIAL) [id: 0xa8643ea7, /127.0.0.1:48641 => /127.0.1.1:41135]: Not closing server connection on middle chunk for /campaign?page=1
10:43:47.105 [LittleProxy-ProxyToServerWorker-6] DEBUG o.l.p.impl.ClientToProxyConnection - (AWAITING_INITIAL) [id: 0xa8643ea7, /127.0.0.1:48641 => /127.0.1.1:41135]: Not closing client connection on middle chunk for /campaign?page=1
10:43:47.105 [LittleProxy-ProxyToServerWorker-6] DEBUG o.l.p.impl.ProxyToServerConnection - (AWAITING_CHUNK) [id: 0xbb43eb66, /10.65.140.181:37605 => voucher-manager.stage.pv.nimbus-stage.cg.sky.com/80.238.10.34:80]: Reading: DefaultHttpContent(data: SlicedByteBuf(ridx: 0, widx: 1024, cap: 1024/1024, unwrapped: UnpooledUnsafeDirectByteBuf(ridx: 1024, widx: 1024, cap: 1024)), decoderResult: success)
10:43:47.105 [LittleProxy-ProxyToServerWorker-6] DEBUG o.l.p.impl.ClientToProxyConnection - (AWAITING_INITIAL) [id: 0xa8643ea7, /127.0.0.1:48641 => /127.0.1.1:41135]: Retaining reference counted message
10:43:47.105 [LittleProxy-ProxyToServerWorker-6] DEBUG o.l.p.impl.ClientToProxyConnection - (AWAITING_INITIAL) [id: 0xa8643ea7, /127.0.0.1:48641 => /127.0.1.1:41135]: Writing: DefaultHttpContent(data: SlicedByteBuf(ridx: 0, widx: 1024, cap: 1024/1024, unwrapped: UnpooledUnsafeDirectByteBuf(ridx: 1024, widx: 1024, cap: 1024)), decoderResult: success)
10:43:47.105 [LittleProxy-ProxyToServerWorker-6] DEBUG o.l.p.impl.ClientToProxyConnection - (AWAITING_INITIAL) [id: 0xa8643ea7, /127.0.0.1:48641 => /127.0.1.1:41135]: Wrote: DefaultHttpContent(data: SlicedByteBuf(ridx: 0, widx: 1024, cap: 1024/1024, unwrapped: UnpooledUnsafeDirectByteBuf(ridx: 1024, widx: 1024, cap: 1024)), decoderResult: success)
10:43:47.105 [LittleProxy-ProxyToServerWorker-6] DEBUG o.l.p.impl.ClientToProxyConnection - (AWAITING_INITIAL) [id: 0xa8643ea7, /127.0.0.1:48641 => /127.0.1.1:41135]: Not closing server connection on middle chunk for /campaign?page=1
10:43:47.105 [LittleProxy-ProxyToServerWorker-6] DEBUG o.l.p.impl.ClientToProxyConnection - (AWAITING_INITIAL) [id: 0xa8643ea7, /127.0.0.1:48641 => /127.0.1.1:41135]: Not closing client connection on middle chunk for /campaign?page=1
10:43:47.105 [LittleProxy-ProxyToServerWorker-6] DEBUG o.l.p.impl.ProxyToServerConnection - (AWAITING_CHUNK) [id: 0xbb43eb66, /10.65.140.181:37605 => voucher-manager.stage.pv.nimbus-stage.cg.sky.com/80.238.10.34:80]: Reading: DefaultHttpContent(data: SlicedByteBuf(ridx: 0, widx: 985, cap: 985/985, unwrapped: UnpooledUnsafeDirectByteBuf(ridx: 1024, widx: 1024, cap: 1024)), decoderResult: success)
10:43:47.105 [LittleProxy-ProxyToServerWorker-6] DEBUG o.l.p.impl.ClientToProxyConnection - (AWAITING_INITIAL) [id: 0xa8643ea7, /127.0.0.1:48641 => /127.0.1.1:41135]: Retaining reference counted message
10:43:47.105 [LittleProxy-ProxyToServerWorker-6] DEBUG o.l.p.impl.ClientToProxyConnection - (AWAITING_INITIAL) [id: 0xa8643ea7, /127.0.0.1:48641 => /127.0.1.1:41135]: Writing: DefaultHttpContent(data: SlicedByteBuf(ridx: 0, widx: 985, cap: 985/985, unwrapped: UnpooledUnsafeDirectByteBuf(ridx: 1024, widx: 1024, cap: 1024)), decoderResult: success)
10:43:47.105 [LittleProxy-ProxyToServerWorker-6] DEBUG o.l.p.impl.ClientToProxyConnection - (AWAITING_INITIAL) [id: 0xa8643ea7, /127.0.0.1:48641 => /127.0.1.1:41135]: Wrote: DefaultHttpContent(data: SlicedByteBuf(ridx: 0, widx: 985, cap: 985/985, unwrapped: UnpooledUnsafeDirectByteBuf(ridx: 1024, widx: 1024, cap: 1024)), decoderResult: success)
10:43:47.105 [LittleProxy-ProxyToServerWorker-6] DEBUG o.l.p.impl.ClientToProxyConnection - (AWAITING_INITIAL) [id: 0xa8643ea7, /127.0.0.1:48641 => /127.0.1.1:41135]: Not closing server connection on middle chunk for /campaign?page=1
10:43:47.105 [LittleProxy-ProxyToServerWorker-6] DEBUG o.l.p.impl.ClientToProxyConnection - (AWAITING_INITIAL) [id: 0xa8643ea7, /127.0.0.1:48641 => /127.0.1.1:41135]: Not closing client connection on middle chunk for /campaign?page=1
10:43:47.105 [LittleProxy-ProxyToServerWorker-6] DEBUG o.l.p.impl.ProxyToServerConnection - (AWAITING_CHUNK) [id: 0xbb43eb66, /10.65.140.181:37605 => voucher-manager.stage.pv.nimbus-stage.cg.sky.com/80.238.10.34:80]: Reading: DefaultHttpContent(data: SlicedByteBuf(ridx: 0, widx: 31, cap: 31/31, unwrapped: UnpooledUnsafeDirectByteBuf(ridx: 1024, widx: 1024, cap: 1024)), decoderResult: success)
10:43:47.105 [LittleProxy-ProxyToServerWorker-6] DEBUG o.l.p.impl.ClientToProxyConnection - (AWAITING_INITIAL) [id: 0xa8643ea7, /127.0.0.1:48641 => /127.0.1.1:41135]: Retaining reference counted message
10:43:47.105 [LittleProxy-ProxyToServerWorker-6] DEBUG o.l.p.impl.ClientToProxyConnection - (AWAITING_INITIAL) [id: 0xa8643ea7, /127.0.0.1:48641 => /127.0.1.1:41135]: Writing: DefaultHttpContent(data: SlicedByteBuf(ridx: 0, widx: 31, cap: 31/31, unwrapped: UnpooledUnsafeDirectByteBuf(ridx: 1024, widx: 1024, cap: 1024)), decoderResult: success)
10:43:47.105 [LittleProxy-ProxyToServerWorker-6] DEBUG o.l.p.impl.ClientToProxyConnection - (AWAITING_INITIAL) [id: 0xa8643ea7, /127.0.0.1:48641 => /127.0.1.1:41135]: Wrote: DefaultHttpContent(data: SlicedByteBuf(ridx: 0, widx: 31, cap: 31/31, unwrapped: UnpooledUnsafeDirectByteBuf(ridx: 1024, widx: 1024, cap: 1024)), decoderResult: success)
10:43:47.105 [LittleProxy-ProxyToServerWorker-6] DEBUG o.l.p.impl.ClientToProxyConnection - (AWAITING_INITIAL) [id: 0xa8643ea7, /127.0.0.1:48641 => /127.0.1.1:41135]: Not closing server connection on middle chunk for /campaign?page=1
10:43:47.105 [LittleProxy-ProxyToServerWorker-6] DEBUG o.l.p.impl.ClientToProxyConnection - (AWAITING_INITIAL) [id: 0xa8643ea7, /127.0.0.1:48641 => /127.0.1.1:41135]: Not closing client connection on middle chunk for /campaign?page=1
10:43:47.105 [LittleProxy-ProxyToServerWorker-6] DEBUG o.l.p.impl.ProxyToServerConnection - (AWAITING_CHUNK) [id: 0xbb43eb66, /10.65.140.181:37605 => voucher-manager.stage.pv.nimbus-stage.cg.sky.com/80.238.10.34:80]: Reading: DefaultHttpContent(data: SlicedByteBuf(ridx: 0, widx: 1024, cap: 1024/1024, unwrapped: UnpooledUnsafeDirectByteBuf(ridx: 1024, widx: 1024, cap: 1024)), decoderResult: success)
10:43:47.105 [LittleProxy-ProxyToServerWorker-6] DEBUG o.l.p.impl.ClientToProxyConnection - (AWAITING_INITIAL) [id: 0xa8643ea7, /127.0.0.1:48641 => /127.0.1.1:41135]: Retaining reference counted message
10:43:47.105 [LittleProxy-ProxyToServerWorker-6] DEBUG o.l.p.impl.ClientToProxyConnection - (AWAITING_INITIAL) [id: 0xa8643ea7, /127.0.0.1:48641 => /127.0.1.1:41135]: Writing: DefaultHttpContent(data: SlicedByteBuf(ridx: 0, widx: 1024, cap: 1024/1024, unwrapped: UnpooledUnsafeDirectByteBuf(ridx: 1024, widx: 1024, cap: 1024)), decoderResult: success)
10:43:47.105 [LittleProxy-ProxyToServerWorker-6] DEBUG o.l.p.impl.ClientToProxyConnection - (AWAITING_INITIAL) [id: 0xa8643ea7, /127.0.0.1:48641 => /127.0.1.1:41135]: Wrote: DefaultHttpContent(data: SlicedByteBuf(ridx: 0, widx: 1024, cap: 1024/1024, unwrapped: UnpooledUnsafeDirectByteBuf(ridx: 1024, widx: 1024, cap: 1024)), decoderResult: success)
10:43:47.105 [LittleProxy-ProxyToServerWorker-6] DEBUG o.l.p.impl.ClientToProxyConnection - (AWAITING_INITIAL) [id: 0xa8643ea7, /127.0.0.1:48641 => /127.0.1.1:41135]: Not closing server connection on middle chunk for /campaign?page=1
10:43:47.105 [LittleProxy-ProxyToServerWorker-6] DEBUG o.l.p.impl.ClientToProxyConnection - (AWAITING_INITIAL) [id: 0xa8643ea7, /127.0.0.1:48641 => /127.0.1.1:41135]: Not closing client connection on middle chunk for /campaign?page=1
10:43:47.105 [LittleProxy-ProxyToServerWorker-6] DEBUG o.l.p.impl.ProxyToServerConnection - (AWAITING_CHUNK) [id: 0xbb43eb66, /10.65.140.181:37605 => voucher-manager.stage.pv.nimbus-stage.cg.sky.com/80.238.10.34:80]: Reading: DefaultHttpContent(data: SlicedByteBuf(ridx: 0, widx: 1024, cap: 1024/1024, unwrapped: UnpooledUnsafeDirectByteBuf(ridx: 1024, widx: 1024, cap: 1024)), decoderResult: success)
10:43:47.105 [LittleProxy-ProxyToServerWorker-6] DEBUG o.l.p.impl.ClientToProxyConnection - (AWAITING_INITIAL) [id: 0xa8643ea7, /127.0.0.1:48641 => /127.0.1.1:41135]: Retaining reference counted message
10:43:47.105 [LittleProxy-ProxyToServerWorker-6] DEBUG o.l.p.impl.ClientToProxyConnection - (AWAITING_INITIAL) [id: 0xa8643ea7, /127.0.0.1:48641 => /127.0.1.1:41135]: Writing: DefaultHttpContent(data: SlicedByteBuf(ridx: 0, widx: 1024, cap: 1024/1024, unwrapped: UnpooledUnsafeDirectByteBuf(ridx: 1024, widx: 1024, cap: 1024)), decoderResult: success)
10:43:47.105 [LittleProxy-ProxyToServerWorker-6] DEBUG o.l.p.impl.ClientToProxyConnection - (AWAITING_INITIAL) [id: 0xa8643ea7, /127.0.0.1:48641 => /127.0.1.1:41135]: Wrote: DefaultHttpContent(data: SlicedByteBuf(ridx: 0, widx: 1024, cap: 1024/1024, unwrapped: UnpooledUnsafeDirectByteBuf(ridx: 1024, widx: 1024, cap: 1024)), decoderResult: success)
10:43:47.105 [LittleProxy-ProxyToServerWorker-6] DEBUG o.l.p.impl.ClientToProxyConnection - (AWAITING_INITIAL) [id: 0xa8643ea7, /127.0.0.1:48641 => /127.0.1.1:41135]: Not closing server connection on middle chunk for /campaign?page=1
10:43:47.106 [LittleProxy-ProxyToServerWorker-6] DEBUG o.l.p.impl.ClientToProxyConnection - (AWAITING_INITIAL) [id: 0xa8643ea7, /127.0.0.1:48641 => /127.0.1.1:41135]: Not closing client connection on middle chunk for /campaign?page=1
10:43:47.106 [LittleProxy-ProxyToServerWorker-6] DEBUG o.l.p.impl.ProxyToServerConnection - (AWAITING_CHUNK) [id: 0xbb43eb66, /10.65.140.181:37605 => voucher-manager.stage.pv.nimbus-stage.cg.sky.com/80.238.10.34:80]: Reading: DefaultHttpContent(data: SlicedByteBuf(ridx: 0, widx: 1024, cap: 1024/1024, unwrapped: UnpooledUnsafeDirectByteBuf(ridx: 1024, widx: 1024, cap: 1024)), decoderResult: success)
10:43:47.106 [LittleProxy-ProxyToServerWorker-6] DEBUG o.l.p.impl.ClientToProxyConnection - (AWAITING_INITIAL) [id: 0xa8643ea7, /127.0.0.1:48641 => /127.0.1.1:41135]: Retaining reference counted message
10:43:47.106 [LittleProxy-ProxyToServerWorker-6] DEBUG o.l.p.impl.ClientToProxyConnection - (AWAITING_INITIAL) [id: 0xa8643ea7, /127.0.0.1:48641 => /127.0.1.1:41135]: Writing: DefaultHttpContent(data: SlicedByteBuf(ridx: 0, widx: 1024, cap: 1024/1024, unwrapped: UnpooledUnsafeDirectByteBuf(ridx: 1024, widx: 1024, cap: 1024)), decoderResult: success)
10:43:47.106 [LittleProxy-ProxyToServerWorker-6] DEBUG o.l.p.impl.ClientToProxyConnection - (AWAITING_INITIAL) [id: 0xa8643ea7, /127.0.0.1:48641 => /127.0.1.1:41135]: Wrote: DefaultHttpContent(data: SlicedByteBuf(ridx: 0, widx: 1024, cap: 1024/1024, unwrapped: UnpooledUnsafeDirectByteBuf(ridx: 1024, widx: 1024, cap: 1024)), decoderResult: success)
10:43:47.106 [LittleProxy-ProxyToServerWorker-6] DEBUG o.l.p.impl.ClientToProxyConnection - (AWAITING_INITIAL) [id: 0xa8643ea7, /127.0.0.1:48641 => /127.0.1.1:41135]: Not closing server connection on middle chunk for /campaign?page=1
10:43:47.106 [LittleProxy-ProxyToServerWorker-6] DEBUG o.l.p.impl.ClientToProxyConnection - (AWAITING_INITIAL) [id: 0xa8643ea7, /127.0.0.1:48641 => /127.0.1.1:41135]: Not closing client connection on middle chunk for /campaign?page=1
10:43:47.106 [LittleProxy-ProxyToServerWorker-6] DEBUG o.l.p.impl.ProxyToServerConnection - (AWAITING_CHUNK) [id: 0xbb43eb66, /10.65.140.181:37605 => voucher-manager.stage.pv.nimbus-stage.cg.sky.com/80.238.10.34:80]: Reading: DefaultHttpContent(data: SlicedByteBuf(ridx: 0, widx: 1024, cap: 1024/1024, unwrapped: UnpooledUnsafeDirectByteBuf(ridx: 1024, widx: 1024, cap: 1024)), decoderResult: success)
10:43:47.106 [LittleProxy-ProxyToServerWorker-6] DEBUG o.l.p.impl.ClientToProxyConnection - (AWAITING_INITIAL) [id: 0xa8643ea7, /127.0.0.1:48641 => /127.0.1.1:41135]: Retaining reference counted message
10:43:47.106 [LittleProxy-ProxyToServerWorker-6] DEBUG o.l.p.impl.ClientToProxyConnection - (AWAITING_INITIAL) [id: 0xa8643ea7, /127.0.0.1:48641 => /127.0.1.1:41135]: Writing: DefaultHttpContent(data: SlicedByteBuf(ridx: 0, widx: 1024, cap: 1024/1024, unwrapped: UnpooledUnsafeDirectByteBuf(ridx: 1024, widx: 1024, cap: 1024)), decoderResult: success)
10:43:47.106 [LittleProxy-ProxyToServerWorker-6] DEBUG o.l.p.impl.ClientToProxyConnection - (AWAITING_INITIAL) [id: 0xa8643ea7, /127.0.0.1:48641 => /127.0.1.1:41135]: Wrote: DefaultHttpContent(data: SlicedByteBuf(ridx: 0, widx: 1024, cap: 1024/1024, unwrapped: UnpooledUnsafeDirectByteBuf(ridx: 1024, widx: 1024, cap: 1024)), decoderResult: success)
10:43:47.106 [LittleProxy-ProxyToServerWorker-6] DEBUG o.l.p.impl.ClientToProxyConnection - (AWAITING_INITIAL) [id: 0xa8643ea7, /127.0.0.1:48641 => /127.0.1.1:41135]: Not closing server connection on middle chunk for /campaign?page=1
10:43:47.106 [LittleProxy-ProxyToServerWorker-6] DEBUG o.l.p.impl.ClientToProxyConnection - (AWAITING_INITIAL) [id: 0xa8643ea7, /127.0.0.1:48641 => /127.0.1.1:41135]: Not closing client connection on middle chunk for /campaign?page=1
10:43:47.106 [LittleProxy-ProxyToServerWorker-6] DEBUG o.l.p.impl.ProxyToServerConnection - (AWAITING_CHUNK) [id: 0xbb43eb66, /10.65.140.181:37605 => voucher-manager.stage.pv.nimbus-stage.cg.sky.com/80.238.10.34:80]: Reading: DefaultHttpContent(data: SlicedByteBuf(ridx: 0, widx: 1024, cap: 1024/1024, unwrapped: UnpooledUnsafeDirectByteBuf(ridx: 1024, widx: 1024, cap: 1024)), decoderResult: success)
10:43:47.106 [LittleProxy-ProxyToServerWorker-6] DEBUG o.l.p.impl.ClientToProxyConnection - (AWAITING_INITIAL) [id: 0xa8643ea7, /127.0.0.1:48641 => /127.0.1.1:41135]: Retaining reference counted message
10:43:47.106 [LittleProxy-ProxyToServerWorker-6] DEBUG o.l.p.impl.ClientToProxyConnection - (AWAITING_INITIAL) [id: 0xa8643ea7, /127.0.0.1:48641 => /127.0.1.1:41135]: Writing: DefaultHttpContent(data: SlicedByteBuf(ridx: 0, widx: 1024, cap: 1024/1024, unwrapped: UnpooledUnsafeDirectByteBuf(ridx: 1024, widx: 1024, cap: 1024)), decoderResult: success)
10:43:47.106 [LittleProxy-ProxyToServerWorker-6] DEBUG o.l.p.impl.ClientToProxyConnection - (AWAITING_INITIAL) [id: 0xa8643ea7, /127.0.0.1:48641 => /127.0.1.1:41135]: Wrote: DefaultHttpContent(data: SlicedByteBuf(ridx: 0, widx: 1024, cap: 1024/1024, unwrapped: UnpooledUnsafeDirectByteBuf(ridx: 1024, widx: 1024, cap: 1024)), decoderResult: success)
10:43:47.106 [LittleProxy-ProxyToServerWorker-6] DEBUG o.l.p.impl.ClientToProxyConnection - (AWAITING_INITIAL) [id: 0xa8643ea7, /127.0.0.1:48641 => /127.0.1.1:41135]: Not closing server connection on middle chunk for /campaign?page=1
10:43:47.106 [LittleProxy-ProxyToServerWorker-6] DEBUG o.l.p.impl.ClientToProxyConnection - (AWAITING_INITIAL) [id: 0xa8643ea7, /127.0.0.1:48641 => /127.0.1.1:41135]: Not closing client connection on middle chunk for /campaign?page=1
10:43:47.106 [LittleProxy-ProxyToServerWorker-6] DEBUG o.l.p.impl.ProxyToServerConnection - (AWAITING_CHUNK) [id: 0xbb43eb66, /10.65.140.181:37605 => voucher-manager.stage.pv.nimbus-stage.cg.sky.com/80.238.10.34:80]: Reading: DefaultHttpContent(data: SlicedByteBuf(ridx: 0, widx: 1024, cap: 1024/1024, unwrapped: UnpooledUnsafeDirectByteBuf(ridx: 1024, widx: 1024, cap: 1024)), decoderResult: success)
10:43:47.106 [LittleProxy-ProxyToServerWorker-6] DEBUG o.l.p.impl.ClientToProxyConnection - (AWAITING_INITIAL) [id: 0xa8643ea7, /127.0.0.1:48641 => /127.0.1.1:41135]: Retaining reference counted message
10:43:47.106 [LittleProxy-ProxyToServerWorker-6] DEBUG o.l.p.impl.ClientToProxyConnection - (AWAITING_INITIAL) [id: 0xa8643ea7, /127.0.0.1:48641 => /127.0.1.1:41135]: Writing: DefaultHttpContent(data: SlicedByteBuf(ridx: 0, widx: 1024, cap: 1024/1024, unwrapped: UnpooledUnsafeDirectByteBuf(ridx: 1024, widx: 1024, cap: 1024)), decoderResult: success)
10:43:47.106 [LittleProxy-ProxyToServerWorker-6] DEBUG o.l.p.impl.ClientToProxyConnection - (AWAITING_INITIAL) [id: 0xa8643ea7, /127.0.0.1:48641 => /127.0.1.1:41135]: Wrote: DefaultHttpContent(data: SlicedByteBuf(ridx: 0, widx: 1024, cap: 1024/1024, unwrapped: UnpooledUnsafeDirectByteBuf(ridx: 1024, widx: 1024, cap: 1024)), decoderResult: success)
10:43:47.106 [LittleProxy-ProxyToServerWorker-6] DEBUG o.l.p.impl.ClientToProxyConnection - (AWAITING_INITIAL) [id: 0xa8643ea7, /127.0.0.1:48641 => /127.0.1.1:41135]: Not closing server connection on middle chunk for /campaign?page=1
10:43:47.106 [LittleProxy-ProxyToServerWorker-6] DEBUG o.l.p.impl.ClientToProxyConnection - (AWAITING_INITIAL) [id: 0xa8643ea7, /127.0.0.1:48641 => /127.0.1.1:41135]: Not closing client connection on middle chunk for /campaign?page=1
10:43:47.106 [LittleProxy-ProxyToServerWorker-6] DEBUG o.l.p.impl.ProxyToServerConnection - (AWAITING_CHUNK) [id: 0xbb43eb66, /10.65.140.181:37605 => voucher-manager.stage.pv.nimbus-stage.cg.sky.com/80.238.10.34:80]: Reading: DefaultHttpContent(data: SlicedByteBuf(ridx: 0, widx: 1024, cap: 1024/1024, unwrapped: UnpooledUnsafeDirectByteBuf(ridx: 1024, widx: 1024, cap: 1024)), decoderResult: success)
10:43:47.106 [LittleProxy-ProxyToServerWorker-6] DEBUG o.l.p.impl.ClientToProxyConnection - (AWAITING_INITIAL) [id: 0xa8643ea7, /127.0.0.1:48641 => /127.0.1.1:41135]: Retaining reference counted message
10:43:47.106 [LittleProxy-ProxyToServerWorker-6] DEBUG o.l.p.impl.ClientToProxyConnection - (AWAITING_INITIAL) [id: 0xa8643ea7, /127.0.0.1:48641 => /127.0.1.1:41135]: Writing: DefaultHttpContent(data: SlicedByteBuf(ridx: 0, widx: 1024, cap: 1024/1024, unwrapped: UnpooledUnsafeDirectByteBuf(ridx: 1024, widx: 1024, cap: 1024)), decoderResult: success)
10:43:47.106 [LittleProxy-ProxyToServerWorker-6] DEBUG o.l.p.impl.ClientToProxyConnection - (AWAITING_INITIAL) [id: 0xa8643ea7, /127.0.0.1:48641 => /127.0.1.1:41135]: Wrote: DefaultHttpContent(data: SlicedByteBuf(ridx: 0, widx: 1024, cap: 1024/1024, unwrapped: UnpooledUnsafeDirectByteBuf(ridx: 1024, widx: 1024, cap: 1024)), decoderResult: success)
10:43:47.106 [LittleProxy-ProxyToServerWorker-6] DEBUG o.l.p.impl.ClientToProxyConnection - (AWAITING_INITIAL) [id: 0xa8643ea7, /127.0.0.1:48641 => /127.0.1.1:41135]: Not closing server connection on middle chunk for /campaign?page=1
10:43:47.107 [LittleProxy-ProxyToServerWorker-6] DEBUG o.l.p.impl.ClientToProxyConnection - (AWAITING_INITIAL) [id: 0xa8643ea7, /127.0.0.1:48641 => /127.0.1.1:41135]: Not closing client connection on middle chunk for /campaign?page=1
10:43:47.107 [LittleProxy-ProxyToServerWorker-6] DEBUG o.l.p.impl.ProxyToServerConnection - (AWAITING_CHUNK) [id: 0xbb43eb66, /10.65.140.181:37605 => voucher-manager.stage.pv.nimbus-stage.cg.sky.com/80.238.10.34:80]: Reading: DefaultHttpContent(data: SimpleLeakAwareByteBuf(SlicedByteBuf(ridx: 0, widx: 1024, cap: 1024/1024, unwrapped: UnpooledUnsafeDirectByteBuf(ridx: 1024, widx: 1024, cap: 1024))), decoderResult: success)
10:43:47.107 [LittleProxy-ProxyToServerWorker-6] DEBUG o.l.p.impl.ClientToProxyConnection - (AWAITING_INITIAL) [id: 0xa8643ea7, /127.0.0.1:48641 => /127.0.1.1:41135]: Retaining reference counted message
10:43:47.107 [LittleProxy-ProxyToServerWorker-6] DEBUG o.l.p.impl.ClientToProxyConnection - (AWAITING_INITIAL) [id: 0xa8643ea7, /127.0.0.1:48641 => /127.0.1.1:41135]: Writing: DefaultHttpContent(data: SimpleLeakAwareByteBuf(SlicedByteBuf(ridx: 0, widx: 1024, cap: 1024/1024, unwrapped: UnpooledUnsafeDirectByteBuf(ridx: 1024, widx: 1024, cap: 1024))), decoderResult: success)
10:43:47.107 [LittleProxy-ProxyToServerWorker-6] DEBUG o.l.p.impl.ClientToProxyConnection - (AWAITING_INITIAL) [id: 0xa8643ea7, /127.0.0.1:48641 => /127.0.1.1:41135]: Wrote: DefaultHttpContent(data: SimpleLeakAwareByteBuf(SlicedByteBuf(ridx: 0, widx: 1024, cap: 1024/1024, unwrapped: UnpooledUnsafeDirectByteBuf(ridx: 1024, widx: 1024, cap: 1024))), decoderResult: success)
10:43:47.107 [LittleProxy-ProxyToServerWorker-6] DEBUG o.l.p.impl.ClientToProxyConnection - (AWAITING_INITIAL) [id: 0xa8643ea7, /127.0.0.1:48641 => /127.0.1.1:41135]: Not closing server connection on middle chunk for /campaign?page=1
10:43:47.107 [LittleProxy-ProxyToServerWorker-6] DEBUG o.l.p.impl.ClientToProxyConnection - (AWAITING_INITIAL) [id: 0xa8643ea7, /127.0.0.1:48641 => /127.0.1.1:41135]: Not closing client connection on middle chunk for /campaign?page=1
10:43:47.107 [LittleProxy-ProxyToServerWorker-6] DEBUG o.l.p.impl.ProxyToServerConnection - (AWAITING_CHUNK) [id: 0xbb43eb66, /10.65.140.181:37605 => voucher-manager.stage.pv.nimbus-stage.cg.sky.com/80.238.10.34:80]: Reading: DefaultHttpContent(data: SlicedByteBuf(ridx: 0, widx: 8161, cap: 8161/8161, unwrapped: UnpooledUnsafeDirectByteBuf(ridx: 8163, widx: 8163, cap: 16384)), decoderResult: success)
10:43:47.107 [LittleProxy-ProxyToServerWorker-6] DEBUG o.l.p.impl.ClientToProxyConnection - (AWAITING_INITIAL) [id: 0xa8643ea7, /127.0.0.1:48641 => /127.0.1.1:41135]: Retaining reference counted message
10:43:47.107 [LittleProxy-ProxyToServerWorker-6] DEBUG o.l.p.impl.ClientToProxyConnection - (AWAITING_INITIAL) [id: 0xa8643ea7, /127.0.0.1:48641 => /127.0.1.1:41135]: Writing: DefaultHttpContent(data: SlicedByteBuf(ridx: 0, widx: 8161, cap: 8161/8161, unwrapped: UnpooledUnsafeDirectByteBuf(ridx: 8163, widx: 8163, cap: 16384)), decoderResult: success)
10:43:47.107 [LittleProxy-ProxyToServerWorker-6] DEBUG o.l.p.impl.ClientToProxyConnection - (AWAITING_INITIAL) [id: 0xa8643ea7, /127.0.0.1:48641 => /127.0.1.1:41135]: Wrote: DefaultHttpContent(data: SlicedByteBuf(ridx: 0, widx: 8161, cap: 8161/8161, unwrapped: UnpooledUnsafeDirectByteBuf(ridx: 8163, widx: 8163, cap: 16384)), decoderResult: success)
10:43:47.107 [LittleProxy-ProxyToServerWorker-6] DEBUG o.l.p.impl.ClientToProxyConnection - (AWAITING_INITIAL) [id: 0xa8643ea7, /127.0.0.1:48641 => /127.0.1.1:41135]: Not closing server connection on middle chunk for /campaign?page=1
10:43:47.107 [LittleProxy-ProxyToServerWorker-6] DEBUG o.l.p.impl.ClientToProxyConnection - (AWAITING_INITIAL) [id: 0xa8643ea7, /127.0.0.1:48641 => /127.0.1.1:41135]: Not closing client connection on middle chunk for /campaign?page=1
10:43:47.150 [LittleProxy-ProxyToServerWorker-6] DEBUG o.l.p.impl.ProxyToServerConnection - (AWAITING_CHUNK) [id: 0xbb43eb66, /10.65.140.181:37605 => voucher-manager.stage.pv.nimbus-stage.cg.sky.com/80.238.10.34:80]: Reading: DefaultHttpContent(data: SlicedByteBuf(ridx: 0, widx: 2754, cap: 2754/2754, unwrapped: UnpooledUnsafeDirectByteBuf(ridx: 2760, widx: 2760, cap: 16384)), decoderResult: success)
10:43:47.150 [LittleProxy-ProxyToServerWorker-6] DEBUG o.l.p.impl.ClientToProxyConnection - (AWAITING_INITIAL) [id: 0xa8643ea7, /127.0.0.1:48641 => /127.0.1.1:41135]: Retaining reference counted message
10:43:47.150 [LittleProxy-ProxyToServerWorker-6] DEBUG o.l.p.impl.ClientToProxyConnection - (AWAITING_INITIAL) [id: 0xa8643ea7, /127.0.0.1:48641 => /127.0.1.1:41135]: Writing: DefaultHttpContent(data: SlicedByteBuf(ridx: 0, widx: 2754, cap: 2754/2754, unwrapped: UnpooledUnsafeDirectByteBuf(ridx: 2760, widx: 2760, cap: 16384)), decoderResult: success)
10:43:47.150 [LittleProxy-ProxyToServerWorker-6] DEBUG o.l.p.impl.ClientToProxyConnection - (AWAITING_INITIAL) [id: 0xa8643ea7, /127.0.0.1:48641 => /127.0.1.1:41135]: Wrote: DefaultHttpContent(data: SlicedByteBuf(ridx: 0, widx: 2754, cap: 2754/2754, unwrapped: UnpooledUnsafeDirectByteBuf(ridx: 2760, widx: 2760, cap: 16384)), decoderResult: success)
10:43:47.150 [LittleProxy-ProxyToServerWorker-6] DEBUG o.l.p.impl.ClientToProxyConnection - (AWAITING_INITIAL) [id: 0xa8643ea7, /127.0.0.1:48641 => /127.0.1.1:41135]: Not closing server connection on middle chunk for /campaign?page=1
10:43:47.150 [LittleProxy-ProxyToServerWorker-6] DEBUG o.l.p.impl.ClientToProxyConnection - (AWAITING_INITIAL) [id: 0xa8643ea7, /127.0.0.1:48641 => /127.0.1.1:41135]: Not closing client connection on middle chunk for /campaign?page=1
10:43:47.151 [LittleProxy-ProxyToServerWorker-6] DEBUG o.l.p.impl.ProxyToServerConnection - (AWAITING_CHUNK) [id: 0xbb43eb66, /10.65.140.181:37605 => voucher-manager.stage.pv.nimbus-stage.cg.sky.com/80.238.10.34:80]: Reading: DefaultHttpContent(data: SlicedByteBuf(ridx: 0, widx: 4983, cap: 4983/4983, unwrapped: UnpooledUnsafeDirectByteBuf(ridx: 4990, widx: 4990, cap: 16384)), decoderResult: success)
10:43:47.151 [LittleProxy-ProxyToServerWorker-6] DEBUG o.l.p.impl.ClientToProxyConnection - (AWAITING_INITIAL) [id: 0xa8643ea7, /127.0.0.1:48641 => /127.0.1.1:41135]: Retaining reference counted message
10:43:47.151 [LittleProxy-ProxyToServerWorker-6] DEBUG o.l.p.impl.ClientToProxyConnection - (AWAITING_INITIAL) [id: 0xa8643ea7, /127.0.0.1:48641 => /127.0.1.1:41135]: Writing: DefaultHttpContent(data: SlicedByteBuf(ridx: 0, widx: 4983, cap: 4983/4983, unwrapped: UnpooledUnsafeDirectByteBuf(ridx: 4990, widx: 4990, cap: 16384)), decoderResult: success)
10:43:47.151 [LittleProxy-ProxyToServerWorker-6] DEBUG o.l.p.impl.ClientToProxyConnection - (AWAITING_INITIAL) [id: 0xa8643ea7, /127.0.0.1:48641 => /127.0.1.1:41135]: Wrote: DefaultHttpContent(data: SlicedByteBuf(ridx: 0, widx: 4983, cap: 4983/4983, unwrapped: UnpooledUnsafeDirectByteBuf(ridx: 4990, widx: 4990, cap: 16384)), decoderResult: success)
10:43:47.151 [LittleProxy-ProxyToServerWorker-6] DEBUG o.l.p.impl.ClientToProxyConnection - (AWAITING_INITIAL) [id: 0xa8643ea7, /127.0.0.1:48641 => /127.0.1.1:41135]: Not closing server connection on middle chunk for /campaign?page=1
10:43:47.151 [LittleProxy-ProxyToServerWorker-6] DEBUG o.l.p.impl.ClientToProxyConnection - (AWAITING_INITIAL) [id: 0xa8643ea7, /127.0.0.1:48641 => /127.0.1.1:41135]: Not closing client connection on middle chunk for /campaign?page=1
10:43:47.151 [LittleProxy-ProxyToServerWorker-6] DEBUG o.l.p.impl.ProxyToServerConnection - (AWAITING_CHUNK) [id: 0xbb43eb66, /10.65.140.181:37605 => voucher-manager.stage.pv.nimbus-stage.cg.sky.com/80.238.10.34:80]: Reading: EmptyLastHttpContent
10:43:47.151 [LittleProxy-ProxyToServerWorker-6] DEBUG o.l.p.impl.ClientToProxyConnection - (AWAITING_INITIAL) [id: 0xa8643ea7, /127.0.0.1:48641 => /127.0.1.1:41135]: Retaining reference counted message
10:43:47.151 [LittleProxy-ProxyToServerWorker-6] DEBUG o.l.p.impl.ClientToProxyConnection - (AWAITING_INITIAL) [id: 0xa8643ea7, /127.0.0.1:48641 => /127.0.1.1:41135]: Writing: EmptyLastHttpContent
10:43:47.151 [LittleProxy-ProxyToServerWorker-6] DEBUG o.l.p.impl.ClientToProxyConnection - (AWAITING_INITIAL) [id: 0xa8643ea7, /127.0.0.1:48641 => /127.0.1.1:41135]: Writing an empty buffer to signal the end of our chunked transfer
10:43:47.151 [LittleProxy-ProxyToServerWorker-6] DEBUG o.l.p.impl.ClientToProxyConnection - (AWAITING_INITIAL) [id: 0xa8643ea7, /127.0.0.1:48641 => /127.0.1.1:41135]: Wrote: EmptyLastHttpContent
10:43:47.151 [LittleProxy-ProxyToServerWorker-6] DEBUG o.l.p.impl.ClientToProxyConnection - (AWAITING_INITIAL) [id: 0xa8643ea7, /127.0.0.1:48641 => /127.0.1.1:41135]: Retaining reference counted message
10:43:47.151 [LittleProxy-ProxyToServerWorker-6] DEBUG o.l.p.impl.ClientToProxyConnection - (AWAITING_INITIAL) [id: 0xa8643ea7, /127.0.0.1:48641 => /127.0.1.1:41135]: Writing: EmptyByteBufBE
10:43:47.151 [LittleProxy-ProxyToServerWorker-6] DEBUG o.l.p.impl.ClientToProxyConnection - (AWAITING_INITIAL) [id: 0xa8643ea7, /127.0.0.1:48641 => /127.0.1.1:41135]: Wrote: EmptyByteBufBE
10:43:47.151 [LittleProxy-ProxyToServerWorker-6] DEBUG o.l.p.impl.ClientToProxyConnection - (AWAITING_INITIAL) [id: 0xa8643ea7, /127.0.0.1:48641 => /127.0.1.1:41135]: Handling last chunk. Using normal server connection closing rules.
10:43:47.151 [LittleProxy-ProxyToServerWorker-6] DEBUG o.l.p.impl.ClientToProxyConnection - (AWAITING_INITIAL) [id: 0xa8643ea7, /127.0.0.1:48641 => /127.0.1.1:41135]: Not closing server connection for response: DefaultHttpResponse(decodeResult: success, version: HTTP/1.1)
HTTP/1.1 200 OK
X-FORWARDED-PROTO: http
Server: nginx
Date: Wed, 29 Jul 2015 09:43:47 GMT
Content-Type: application/json;charset=UTF-8
Transfer-Encoding: chunked
Connection: keep-alive
Keep-Alive: timeout=10
Access-Control-Allow-Credentials: true
X-Content-Type-Options: nosniff
X-XSS-Protection: 1; mode=block
Cache-Control: no-cache, no-store, max-age=0, must-revalidate
Pragma: no-cache
Expires: 0
X-Frame-Options: DENY
X-Application-Context: pv__voucher-manager__stage__v0_1_0_972:stage-cloud:0
10:43:47.151 [LittleProxy-ProxyToServerWorker-6] DEBUG o.l.p.impl.ClientToProxyConnection - (AWAITING_INITIAL) [id: 0xa8643ea7, /127.0.0.1:48641 => /127.0.1.1:41135]: Handling last chunk. Using normal client connection closing rules.
10:43:47.152 [LittleProxy-ProxyToServerWorker-6] DEBUG o.l.p.impl.ClientToProxyConnection - (AWAITING_INITIAL) [id: 0xa8643ea7, /127.0.0.1:48641 => /127.0.1.1:41135]: Not closing client connection for request: [FAILED toString()]
10:43:47.170 [LittleProxy-ProxyToServerWorker-0] DEBUG o.l.p.impl.ProxyToServerConnection - (AWAITING_INITIAL) [id: 0x65ecad2b, /10.65.140.181:37580 => voucher-manager.stage.pv.nimbus-stage.cg.sky.com/80.238.10.34:80]: Remembering the current request.
10:43:47.170 [LittleProxy-ProxyToServerWorker-0] DEBUG o.l.p.impl.ProxyToServerConnection - (AWAITING_INITIAL) [id: 0x65ecad2b, /10.65.140.181:37580 => voucher-manager.stage.pv.nimbus-stage.cg.sky.com/80.238.10.34:80]: Reading: DefaultHttpResponse(decodeResult: success, version: HTTP/1.1)
HTTP/1.1 200 OK
X-FORWARDED-PROTO: http
Server: nginx
Date: Wed, 29 Jul 2015 09:43:47 GMT
Content-Type: application/json;charset=UTF-8
Transfer-Encoding: chunked
Connection: keep-alive
Keep-Alive: timeout=10
Access-Control-Allow-Credentials: true
X-Content-Type-Options: nosniff
X-XSS-Protection: 1; mode=block
Cache-Control: no-cache, no-store, max-age=0, must-revalidate
Pragma: no-cache
Expires: 0
X-Frame-Options: DENY
X-Application-Context: pv__voucher-manager__stage__v0_1_0_972:stage-cloud:3
10:43:47.170 [LittleProxy-ProxyToServerWorker-0] DEBUG o.l.p.impl.ProxyToServerConnection - (AWAITING_INITIAL) [id: 0x65ecad2b, /10.65.140.181:37580 => voucher-manager.stage.pv.nimbus-stage.cg.sky.com/80.238.10.34:80]: Received raw response: DefaultHttpResponse(decodeResult: success, version: HTTP/1.1)
HTTP/1.1 200 OK
X-FORWARDED-PROTO: http
Server: nginx
Date: Wed, 29 Jul 2015 09:43:47 GMT
Content-Type: application/json;charset=UTF-8
Transfer-Encoding: chunked
Connection: keep-alive
Keep-Alive: timeout=10
Access-Control-Allow-Credentials: true
X-Content-Type-Options: nosniff
X-XSS-Protection: 1; mode=block
Cache-Control: no-cache, no-store, max-age=0, must-revalidate
Pragma: no-cache
Expires: 0
X-Frame-Options: DENY
X-Application-Context: pv__voucher-manager__stage__v0_1_0_972:stage-cloud:3
10:43:47.170 [LittleProxy-ProxyToServerWorker-0] DEBUG o.l.p.impl.ProxyToServerConnection - (AWAITING_INITIAL) [id: 0x65ecad2b, /10.65.140.181:37580 => voucher-manager.stage.pv.nimbus-stage.cg.sky.com/80.238.10.34:80]: Remembering the current response.
10:43:47.170 [LittleProxy-ProxyToServerWorker-0] DEBUG o.l.p.impl.ClientToProxyConnection - (AWAITING_INITIAL) [id: 0x45fbf8a5, /127.0.0.1:48616 => /127.0.1.1:41135]: Writing: DefaultHttpResponse(decodeResult: success, version: HTTP/1.1)
HTTP/1.1 200 OK
X-FORWARDED-PROTO: http
Server: nginx
Date: Wed, 29 Jul 2015 09:43:47 GMT
Content-Type: application/json;charset=UTF-8
Transfer-Encoding: chunked
Access-Control-Allow-Credentials: true
X-Content-Type-Options: nosniff
X-XSS-Protection: 1; mode=block
Cache-Control: no-cache, no-store, max-age=0, must-revalidate
Pragma: no-cache
Expires: 0
X-Frame-Options: DENY
X-Application-Context: pv__voucher-manager__stage__v0_1_0_972:stage-cloud:3
Via: 1.1 localhost.localdomain
10:43:47.171 [LittleProxy-ProxyToServerWorker-0] DEBUG o.l.p.impl.ClientToProxyConnection - (AWAITING_INITIAL) [id: 0x45fbf8a5, /127.0.0.1:48616 => /127.0.1.1:41135]: Wrote: DefaultHttpResponse(decodeResult: success, version: HTTP/1.1)
HTTP/1.1 200 OK
X-FORWARDED-PROTO: http
Server: nginx
Date: Wed, 29 Jul 2015 09:43:47 GMT
Content-Type: application/json;charset=UTF-8
Transfer-Encoding: chunked
Access-Control-Allow-Credentials: true
X-Content-Type-Options: nosniff
X-XSS-Protection: 1; mode=block
Cache-Control: no-cache, no-store, max-age=0, must-revalidate
Pragma: no-cache
Expires: 0
X-Frame-Options: DENY
X-Application-Context: pv__voucher-manager__stage__v0_1_0_972:stage-cloud:3
Via: 1.1 localhost.localdomain
10:43:47.171 [LittleProxy-ProxyToServerWorker-0] DEBUG o.l.p.impl.ClientToProxyConnection - (AWAITING_INITIAL) [id: 0x45fbf8a5, /127.0.0.1:48616 => /127.0.1.1:41135]: Not closing server connection on middle chunk for /
10:43:47.171 [LittleProxy-ProxyToServerWorker-0] DEBUG o.l.p.impl.ClientToProxyConnection - (AWAITING_INITIAL) [id: 0x45fbf8a5, /127.0.0.1:48616 => /127.0.1.1:41135]: Not closing client connection on middle chunk for /
10:43:47.171 [LittleProxy-ProxyToServerWorker-0] DEBUG o.l.p.impl.ProxyToServerConnection - (AWAITING_CHUNK) [id: 0x65ecad2b, /10.65.140.181:37580 => voucher-manager.stage.pv.nimbus-stage.cg.sky.com/80.238.10.34:80]: Reading: DefaultHttpContent(data: SlicedByteBuf(ridx: 0, widx: 781, cap: 781/781, unwrapped: UnpooledUnsafeDirectByteBuf(ridx: 1310, widx: 1310, cap: 32768)), decoderResult: success)
10:43:47.171 [LittleProxy-ProxyToServerWorker-0] DEBUG o.l.p.impl.ClientToProxyConnection - (AWAITING_INITIAL) [id: 0x45fbf8a5, /127.0.0.1:48616 => /127.0.1.1:41135]: Retaining reference counted message
10:43:47.171 [LittleProxy-ProxyToServerWorker-0] DEBUG o.l.p.impl.ClientToProxyConnection - (AWAITING_INITIAL) [id: 0x45fbf8a5, /127.0.0.1:48616 => /127.0.1.1:41135]: Writing: DefaultHttpContent(data: SlicedByteBuf(ridx: 0, widx: 781, cap: 781/781, unwrapped: UnpooledUnsafeDirectByteBuf(ridx: 1310, widx: 1310, cap: 32768)), decoderResult: success)
10:43:47.171 [LittleProxy-ProxyToServerWorker-0] DEBUG o.l.p.impl.ClientToProxyConnection - (AWAITING_INITIAL) [id: 0x45fbf8a5, /127.0.0.1:48616 => /127.0.1.1:41135]: Wrote: DefaultHttpContent(data: SlicedByteBuf(ridx: 0, widx: 781, cap: 781/781, unwrapped: UnpooledUnsafeDirectByteBuf(ridx: 1310, widx: 1310, cap: 32768)), decoderResult: success)
10:43:47.171 [LittleProxy-ProxyToServerWorker-0] DEBUG o.l.p.impl.ClientToProxyConnection - (AWAITING_INITIAL) [id: 0x45fbf8a5, /127.0.0.1:48616 => /127.0.1.1:41135]: Not closing server connection on middle chunk for /
10:43:47.171 [LittleProxy-ProxyToServerWorker-0] DEBUG o.l.p.impl.ClientToProxyConnection - (AWAITING_INITIAL) [id: 0x45fbf8a5, /127.0.0.1:48616 => /127.0.1.1:41135]: Not closing client connection on middle chunk for /
10:43:47.171 [LittleProxy-ProxyToServerWorker-0] DEBUG o.l.p.impl.ProxyToServerConnection - (AWAITING_CHUNK) [id: 0x65ecad2b, /10.65.140.181:37580 => voucher-manager.stage.pv.nimbus-stage.cg.sky.com/80.238.10.34:80]: Reading: EmptyLastHttpContent
10:43:47.171 [LittleProxy-ProxyToServerWorker-0] DEBUG o.l.p.impl.ClientToProxyConnection - (AWAITING_INITIAL) [id: 0x45fbf8a5, /127.0.0.1:48616 => /127.0.1.1:41135]: Retaining reference counted message
10:43:47.172 [LittleProxy-ProxyToServerWorker-0] DEBUG o.l.p.impl.ClientToProxyConnection - (AWAITING_INITIAL) [id: 0x45fbf8a5, /127.0.0.1:48616 => /127.0.1.1:41135]: Writing: EmptyLastHttpContent
10:43:47.172 [LittleProxy-ProxyToServerWorker-0] DEBUG o.l.p.impl.ClientToProxyConnection - (AWAITING_INITIAL) [id: 0x45fbf8a5, /127.0.0.1:48616 => /127.0.1.1:41135]: Writing an empty buffer to signal the end of our chunked transfer
10:43:47.172 [LittleProxy-ProxyToServerWorker-0] DEBUG o.l.p.impl.ClientToProxyConnection - (AWAITING_INITIAL) [id: 0x45fbf8a5, /127.0.0.1:48616 => /127.0.1.1:41135]: Wrote: EmptyLastHttpContent
10:43:47.172 [LittleProxy-ProxyToServerWorker-0] DEBUG o.l.p.impl.ClientToProxyConnection - (AWAITING_INITIAL) [id: 0x45fbf8a5, /127.0.0.1:48616 => /127.0.1.1:41135]: Retaining reference counted message
10:43:47.172 [LittleProxy-ProxyToServerWorker-0] DEBUG o.l.p.impl.ClientToProxyConnection - (AWAITING_INITIAL) [id: 0x45fbf8a5, /127.0.0.1:48616 => /127.0.1.1:41135]: Writing: EmptyByteBufBE
10:43:47.172 [LittleProxy-ProxyToServerWorker-0] DEBUG o.l.p.impl.ClientToProxyConnection - (AWAITING_INITIAL) [id: 0x45fbf8a5, /127.0.0.1:48616 => /127.0.1.1:41135]: Wrote: EmptyByteBufBE
10:43:47.172 [LittleProxy-ProxyToServerWorker-0] DEBUG o.l.p.impl.ClientToProxyConnection - (AWAITING_INITIAL) [id: 0x45fbf8a5, /127.0.0.1:48616 => /127.0.1.1:41135]: Handling last chunk. Using normal server connection closing rules.
10:43:47.172 [LittleProxy-ProxyToServerWorker-0] DEBUG o.l.p.impl.ClientToProxyConnection - (AWAITING_INITIAL) [id: 0x45fbf8a5, /127.0.0.1:48616 => /127.0.1.1:41135]: Not closing server connection for response: DefaultHttpResponse(decodeResult: success, version: HTTP/1.1)
HTTP/1.1 200 OK
X-FORWARDED-PROTO: http
Server: nginx
Date: Wed, 29 Jul 2015 09:43:47 GMT
Content-Type: application/json;charset=UTF-8
Transfer-Encoding: chunked
Connection: keep-alive
Keep-Alive: timeout=10
Access-Control-Allow-Credentials: true
X-Content-Type-Options: nosniff
X-XSS-Protection: 1; mode=block
Cache-Control: no-cache, no-store, max-age=0, must-revalidate
Pragma: no-cache
Expires: 0
X-Frame-Options: DENY
X-Application-Context: pv__voucher-manager__stage__v0_1_0_972:stage-cloud:3
10:43:47.172 [LittleProxy-ProxyToServerWorker-0] DEBUG o.l.p.impl.ClientToProxyConnection - (AWAITING_INITIAL) [id: 0x45fbf8a5, /127.0.0.1:48616 => /127.0.1.1:41135]: Handling last chunk. Using normal client connection closing rules.
10:43:47.172 [LittleProxy-ProxyToServerWorker-0] DEBUG o.l.p.impl.ClientToProxyConnection - (AWAITING_INITIAL) [id: 0x45fbf8a5, /127.0.0.1:48616 => /127.0.1.1:41135]: Not closing client connection for request: [FAILED toString()]
10:43:47.173 [LittleProxy-ClientToProxyWorker-6] DEBUG o.l.p.impl.ClientToProxyConnection - (AWAITING_INITIAL) [id: 0xa8643ea7, /127.0.0.1:48641 => /127.0.1.1:41135]: Reading: HttpObjectAggregator$AggregatedFullHttpRequest(decodeResult: success, version: HTTP/1.1, content: CompositeByteBuf(ridx: 0, widx: 0, cap: 0, components=0))
GET http://voucher-manager.stage.pv.nimbus-stage.cg.sky.com/ HTTP/1.1
Host: voucher-manager.stage.pv.nimbus-stage.cg.sky.com
Proxy-Connection: keep-alive
Authorization: Basic YWRtaW46cGFzcw==
Accept: application/json, text/plain, */*
User-Agent: Mozilla/5.0 (X11; Linux x86_64) AppleWebKit/537.36 (KHTML, like Gecko) Chrome/43.0.2357.134 Safari/537.36
Referer: http://voucher-manager-ui.stage.pv.nimbus-stage.cg.sky.com/
Accept-Encoding: gzip, deflate, sdch
Accept-Language: en-GB,en-US;q=0.8,en;q=0.6
Content-Length: 0
10:43:47.173 [LittleProxy-ClientToProxyWorker-6] DEBUG o.l.p.impl.ClientToProxyConnection - (AWAITING_INITIAL) [id: 0xa8643ea7, /127.0.0.1:48641 => /127.0.1.1:41135]: Got request: HttpObjectAggregator$AggregatedFullHttpRequest(decodeResult: success, version: HTTP/1.1, content: CompositeByteBuf(ridx: 0, widx: 0, cap: 0, components=0))
GET http://voucher-manager.stage.pv.nimbus-stage.cg.sky.com/ HTTP/1.1
Host: voucher-manager.stage.pv.nimbus-stage.cg.sky.com
Proxy-Connection: keep-alive
Authorization: Basic YWRtaW46cGFzcw==
Accept: application/json, text/plain, */*
User-Agent: Mozilla/5.0 (X11; Linux x86_64) AppleWebKit/537.36 (KHTML, like Gecko) Chrome/43.0.2357.134 Safari/537.36
Referer: http://voucher-manager-ui.stage.pv.nimbus-stage.cg.sky.com/
Accept-Encoding: gzip, deflate, sdch
Accept-Language: en-GB,en-US;q=0.8,en;q=0.6
Content-Length: 0
10:43:47.173 [LittleProxy-ClientToProxyWorker-6] DEBUG o.l.p.impl.ClientToProxyConnection - (AWAITING_INITIAL) [id: 0xa8643ea7, /127.0.0.1:48641 => /127.0.1.1:41135]: Ensuring that hostAndPort are available in http://voucher-manager.stage.pv.nimbus-stage.cg.sky.com/
10:43:47.173 [LittleProxy-ClientToProxyWorker-6] DEBUG o.l.p.impl.ClientToProxyConnection - (AWAITING_INITIAL) [id: 0xa8643ea7, /127.0.0.1:48641 => /127.0.1.1:41135]: Finding ProxyToServerConnection for: voucher-manager.stage.pv.nimbus-stage.cg.sky.com
10:43:47.174 [LittleProxy-ClientToProxyWorker-6] DEBUG o.l.p.impl.ClientToProxyConnection - (AWAITING_INITIAL) [id: 0xa8643ea7, /127.0.0.1:48641 => /127.0.1.1:41135]: Reusing existing server connection: org.littleshoot.proxy.impl.ProxyToServerConnection@5be78120
10:43:47.174 [LittleProxy-ClientToProxyWorker-6] DEBUG o.l.p.impl.ClientToProxyConnection - (AWAITING_INITIAL) [id: 0xa8643ea7, /127.0.0.1:48641 => /127.0.1.1:41135]: Modifying request headers for proxying
10:43:47.174 [LittleProxy-ClientToProxyWorker-6] DEBUG o.l.p.impl.ClientToProxyConnection - (AWAITING_INITIAL) [id: 0xa8643ea7, /127.0.0.1:48641 => /127.0.1.1:41135]: Modifying request for proxy chaining
10:43:47.174 [LittleProxy-ClientToProxyWorker-6] DEBUG o.l.p.impl.ClientToProxyConnection - (AWAITING_INITIAL) [id: 0xa8643ea7, /127.0.0.1:48641 => /127.0.1.1:41135]: Stripped host from uri: http://voucher-manager.stage.pv.nimbus-stage.cg.sky.com/    yielding: /
10:43:47.174 [LittleProxy-ClientToProxyWorker-6] DEBUG o.l.p.impl.ClientToProxyConnection - (AWAITING_INITIAL) [id: 0xa8643ea7, /127.0.0.1:48641 => /127.0.1.1:41135]: Removed sdch and inserted: gzip, deflate, 
10:43:47.174 [LittleProxy-ClientToProxyWorker-6] DEBUG o.l.p.impl.ClientToProxyConnection - (AWAITING_INITIAL) [id: 0xa8643ea7, /127.0.0.1:48641 => /127.0.1.1:41135]: Writing request to ProxyToServerConnection
10:43:47.174 [LittleProxy-ClientToProxyWorker-6] DEBUG o.l.p.impl.ProxyToServerConnection - (AWAITING_INITIAL) [id: 0xbb43eb66, /10.65.140.181:37605 => voucher-manager.stage.pv.nimbus-stage.cg.sky.com/80.238.10.34:80]: Requested write of HttpObjectAggregator$AggregatedFullHttpRequest(decodeResult: success, version: HTTP/1.1, content: CompositeByteBuf(ridx: 0, widx: 0, cap: 0, components=0))
GET / HTTP/1.1
Host: voucher-manager.stage.pv.nimbus-stage.cg.sky.com
Authorization: Basic YWRtaW46cGFzcw==
Accept: application/json, text/plain, */*
User-Agent: Mozilla/5.0 (X11; Linux x86_64) AppleWebKit/537.36 (KHTML, like Gecko) Chrome/43.0.2357.134 Safari/537.36
Referer: http://voucher-manager-ui.stage.pv.nimbus-stage.cg.sky.com/
Accept-Language: en-GB,en-US;q=0.8,en;q=0.6
Content-Length: 0
Accept-Encoding: gzip, deflate, 
Via: 1.1 localhost.localdomain
10:43:47.174 [LittleProxy-ClientToProxyWorker-6] DEBUG o.l.p.impl.ProxyToServerConnection - (AWAITING_INITIAL) [id: 0xbb43eb66, /10.65.140.181:37605 => voucher-manager.stage.pv.nimbus-stage.cg.sky.com/80.238.10.34:80]: Retaining reference counted message
10:43:47.174 [LittleProxy-ClientToProxyWorker-6] DEBUG o.l.p.impl.ProxyToServerConnection - (AWAITING_INITIAL) [id: 0xbb43eb66, /10.65.140.181:37605 => voucher-manager.stage.pv.nimbus-stage.cg.sky.com/80.238.10.34:80]: Using existing connection to: voucher-manager.stage.pv.nimbus-stage.cg.sky.com/80.238.10.34:80
10:43:47.174 [LittleProxy-ClientToProxyWorker-6] DEBUG o.l.p.impl.ProxyToServerConnection - (AWAITING_INITIAL) [id: 0xbb43eb66, /10.65.140.181:37605 => voucher-manager.stage.pv.nimbus-stage.cg.sky.com/80.238.10.34:80]: Writing: HttpObjectAggregator$AggregatedFullHttpRequest(decodeResult: success, version: HTTP/1.1, content: CompositeByteBuf(ridx: 0, widx: 0, cap: 0, components=0))
GET / HTTP/1.1
Host: voucher-manager.stage.pv.nimbus-stage.cg.sky.com
Authorization: Basic YWRtaW46cGFzcw==
Accept: application/json, text/plain, */*
User-Agent: Mozilla/5.0 (X11; Linux x86_64) AppleWebKit/537.36 (KHTML, like Gecko) Chrome/43.0.2357.134 Safari/537.36
Referer: http://voucher-manager-ui.stage.pv.nimbus-stage.cg.sky.com/
Accept-Language: en-GB,en-US;q=0.8,en;q=0.6
Content-Length: 0
Accept-Encoding: gzip, deflate, 
Via: 1.1 localhost.localdomain
10:43:47.174 [LittleProxy-ClientToProxyWorker-6] DEBUG o.l.p.impl.ProxyToServerConnection - (AWAITING_INITIAL) [id: 0xbb43eb66, /10.65.140.181:37605 => voucher-manager.stage.pv.nimbus-stage.cg.sky.com/80.238.10.34:80]: Writing an empty buffer to signal the end of our chunked transfer
10:43:47.174 [LittleProxy-ClientToProxyWorker-6] DEBUG o.l.p.impl.ProxyToServerConnection - (AWAITING_INITIAL) [id: 0xbb43eb66, /10.65.140.181:37605 => voucher-manager.stage.pv.nimbus-stage.cg.sky.com/80.238.10.34:80]: Wrote: HttpObjectAggregator$AggregatedFullHttpRequest(decodeResult: success, version: HTTP/1.1, content: CompositeByteBuf(ridx: 0, widx: 0, cap: 0, components=0))
GET / HTTP/1.1
Host: voucher-manager.stage.pv.nimbus-stage.cg.sky.com
Authorization: Basic YWRtaW46cGFzcw==
Accept: application/json, text/plain, */*
User-Agent: Mozilla/5.0 (X11; Linux x86_64) AppleWebKit/537.36 (KHTML, like Gecko) Chrome/43.0.2357.134 Safari/537.36
Referer: http://voucher-manager-ui.stage.pv.nimbus-stage.cg.sky.com/
Accept-Language: en-GB,en-US;q=0.8,en;q=0.6
Content-Length: 0
Accept-Encoding: gzip, deflate, 
Via: 1.1 localhost.localdomain
10:43:47.240 [LittleProxy-ProxyToServerWorker-6] DEBUG o.l.p.impl.ProxyToServerConnection - (AWAITING_INITIAL) [id: 0xbb43eb66, /10.65.140.181:37605 => voucher-manager.stage.pv.nimbus-stage.cg.sky.com/80.238.10.34:80]: Remembering the current request.
10:43:47.240 [LittleProxy-ProxyToServerWorker-6] DEBUG o.l.p.impl.ProxyToServerConnection - (AWAITING_INITIAL) [id: 0xbb43eb66, /10.65.140.181:37605 => voucher-manager.stage.pv.nimbus-stage.cg.sky.com/80.238.10.34:80]: Reading: DefaultHttpResponse(decodeResult: success, version: HTTP/1.1)
HTTP/1.1 200 OK
X-FORWARDED-PROTO: http
Server: nginx
Date: Wed, 29 Jul 2015 09:43:47 GMT
Content-Type: application/json;charset=UTF-8
Transfer-Encoding: chunked
Connection: keep-alive
Keep-Alive: timeout=10
Access-Control-Allow-Credentials: true
X-Content-Type-Options: nosniff
X-XSS-Protection: 1; mode=block
Cache-Control: no-cache, no-store, max-age=0, must-revalidate
Pragma: no-cache
Expires: 0
X-Frame-Options: DENY
X-Application-Context: pv__voucher-manager__stage__v0_1_0_972:stage-cloud:3
10:43:47.240 [LittleProxy-ProxyToServerWorker-6] DEBUG o.l.p.impl.ProxyToServerConnection - (AWAITING_INITIAL) [id: 0xbb43eb66, /10.65.140.181:37605 => voucher-manager.stage.pv.nimbus-stage.cg.sky.com/80.238.10.34:80]: Received raw response: DefaultHttpResponse(decodeResult: success, version: HTTP/1.1)
HTTP/1.1 200 OK
X-FORWARDED-PROTO: http
Server: nginx
Date: Wed, 29 Jul 2015 09:43:47 GMT
Content-Type: application/json;charset=UTF-8
Transfer-Encoding: chunked
Connection: keep-alive
Keep-Alive: timeout=10
Access-Control-Allow-Credentials: true
X-Content-Type-Options: nosniff
X-XSS-Protection: 1; mode=block
Cache-Control: no-cache, no-store, max-age=0, must-revalidate
Pragma: no-cache
Expires: 0
X-Frame-Options: DENY
X-Application-Context: pv__voucher-manager__stage__v0_1_0_972:stage-cloud:3
10:43:47.240 [LittleProxy-ProxyToServerWorker-6] DEBUG o.l.p.impl.ProxyToServerConnection - (AWAITING_INITIAL) [id: 0xbb43eb66, /10.65.140.181:37605 => voucher-manager.stage.pv.nimbus-stage.cg.sky.com/80.238.10.34:80]: Remembering the current response.
10:43:47.241 [LittleProxy-ProxyToServerWorker-6] DEBUG o.l.p.impl.ClientToProxyConnection - (AWAITING_INITIAL) [id: 0xa8643ea7, /127.0.0.1:48641 => /127.0.1.1:41135]: Writing: DefaultHttpResponse(decodeResult: success, version: HTTP/1.1)
HTTP/1.1 200 OK
X-FORWARDED-PROTO: http
Server: nginx
Date: Wed, 29 Jul 2015 09:43:47 GMT
Content-Type: application/json;charset=UTF-8
Transfer-Encoding: chunked
Access-Control-Allow-Credentials: true
X-Content-Type-Options: nosniff
X-XSS-Protection: 1; mode=block
Cache-Control: no-cache, no-store, max-age=0, must-revalidate
Pragma: no-cache
Expires: 0
X-Frame-Options: DENY
X-Application-Context: pv__voucher-manager__stage__v0_1_0_972:stage-cloud:3
Via: 1.1 localhost.localdomain
10:43:47.248 [LittleProxy-ProxyToServerWorker-7] DEBUG o.l.p.impl.ProxyToServerConnection - (AWAITING_INITIAL) [id: 0x458e796c, /10.65.140.181:37611 => voucher-manager.stage.pv.nimbus-stage.cg.sky.com/80.238.10.34:80]: Remembering the current request.
10:43:47.249 [LittleProxy-ProxyToServerWorker-7] DEBUG o.l.p.impl.ProxyToServerConnection - (AWAITING_INITIAL) [id: 0x458e796c, /10.65.140.181:37611 => voucher-manager.stage.pv.nimbus-stage.cg.sky.com/80.238.10.34:80]: Reading: DefaultHttpResponse(decodeResult: success, version: HTTP/1.1)
HTTP/1.1 200 OK
X-FORWARDED-PROTO: http
Server: nginx
Date: Wed, 29 Jul 2015 09:43:47 GMT
Content-Type: application/json;charset=UTF-8
Transfer-Encoding: chunked
Connection: keep-alive
Keep-Alive: timeout=10
Access-Control-Allow-Credentials: true
X-Content-Type-Options: nosniff
X-XSS-Protection: 1; mode=block
Cache-Control: no-cache, no-store, max-age=0, must-revalidate
Pragma: no-cache
Expires: 0
X-Frame-Options: DENY
X-Application-Context: pv__voucher-manager__stage__v0_1_0_972:stage-cloud:2
10:43:47.249 [LittleProxy-ProxyToServerWorker-7] DEBUG o.l.p.impl.ProxyToServerConnection - (AWAITING_INITIAL) [id: 0x458e796c, /10.65.140.181:37611 => voucher-manager.stage.pv.nimbus-stage.cg.sky.com/80.238.10.34:80]: Received raw response: DefaultHttpResponse(decodeResult: success, version: HTTP/1.1)
HTTP/1.1 200 OK
X-FORWARDED-PROTO: http
Server: nginx
Date: Wed, 29 Jul 2015 09:43:47 GMT
Content-Type: application/json;charset=UTF-8
Transfer-Encoding: chunked
Connection: keep-alive
Keep-Alive: timeout=10
Access-Control-Allow-Credentials: true
X-Content-Type-Options: nosniff
X-XSS-Protection: 1; mode=block
Cache-Control: no-cache, no-store, max-age=0, must-revalidate
Pragma: no-cache
Expires: 0
X-Frame-Options: DENY
X-Application-Context: pv__voucher-manager__stage__v0_1_0_972:stage-cloud:2
10:43:47.249 [LittleProxy-ProxyToServerWorker-7] DEBUG o.l.p.impl.ProxyToServerConnection - (AWAITING_INITIAL) [id: 0x458e796c, /10.65.140.181:37611 => voucher-manager.stage.pv.nimbus-stage.cg.sky.com/80.238.10.34:80]: Remembering the current response.
10:43:47.249 [LittleProxy-ProxyToServerWorker-6] DEBUG o.l.p.impl.ClientToProxyConnection - (AWAITING_INITIAL) [id: 0xa8643ea7, /127.0.0.1:48641 => /127.0.1.1:41135]: Wrote: DefaultHttpResponse(decodeResult: success, version: HTTP/1.1)
HTTP/1.1 200 OK
X-FORWARDED-PROTO: http
Server: nginx
Date: Wed, 29 Jul 2015 09:43:47 GMT
Content-Type: application/json;charset=UTF-8
Transfer-Encoding: chunked
Access-Control-Allow-Credentials: true
X-Content-Type-Options: nosniff
X-XSS-Protection: 1; mode=block
Cache-Control: no-cache, no-store, max-age=0, must-revalidate
Pragma: no-cache
Expires: 0
X-Frame-Options: DENY
X-Application-Context: pv__voucher-manager__stage__v0_1_0_972:stage-cloud:3
Via: 1.1 localhost.localdomain
10:43:47.249 [LittleProxy-ProxyToServerWorker-6] DEBUG o.l.p.impl.ClientToProxyConnection - (AWAITING_INITIAL) [id: 0xa8643ea7, /127.0.0.1:48641 => /127.0.1.1:41135]: Not closing server connection on middle chunk for /
10:43:47.249 [LittleProxy-ProxyToServerWorker-6] DEBUG o.l.p.impl.ClientToProxyConnection - (AWAITING_INITIAL) [id: 0xa8643ea7, /127.0.0.1:48641 => /127.0.1.1:41135]: Not closing client connection on middle chunk for /
10:43:47.249 [LittleProxy-ProxyToServerWorker-6] DEBUG o.l.p.impl.ProxyToServerConnection - (AWAITING_CHUNK) [id: 0xbb43eb66, /10.65.140.181:37605 => voucher-manager.stage.pv.nimbus-stage.cg.sky.com/80.238.10.34:80]: Reading: DefaultHttpContent(data: SlicedByteBuf(ridx: 0, widx: 781, cap: 781/781, unwrapped: UnpooledUnsafeDirectByteBuf(ridx: 1310, widx: 1310, cap: 16384)), decoderResult: success)
10:43:47.249 [LittleProxy-ProxyToServerWorker-6] DEBUG o.l.p.impl.ClientToProxyConnection - (AWAITING_INITIAL) [id: 0xa8643ea7, /127.0.0.1:48641 => /127.0.1.1:41135]: Retaining reference counted message
10:43:47.249 [LittleProxy-ProxyToServerWorker-7] DEBUG o.l.p.impl.ClientToProxyConnection - (AWAITING_INITIAL) [id: 0x751c735a, /127.0.0.1:48645 => /127.0.1.1:41135]: Writing: DefaultHttpResponse(decodeResult: success, version: HTTP/1.1)
HTTP/1.1 200 OK
X-FORWARDED-PROTO: http
Server: nginx
Date: Wed, 29 Jul 2015 09:43:47 GMT
Content-Type: application/json;charset=UTF-8
Transfer-Encoding: chunked
Access-Control-Allow-Credentials: true
X-Content-Type-Options: nosniff
X-XSS-Protection: 1; mode=block
Cache-Control: no-cache, no-store, max-age=0, must-revalidate
Pragma: no-cache
Expires: 0
X-Frame-Options: DENY
X-Application-Context: pv__voucher-manager__stage__v0_1_0_972:stage-cloud:2
Via: 1.1 localhost.localdomain
10:43:47.249 [LittleProxy-ProxyToServerWorker-6] DEBUG o.l.p.impl.ClientToProxyConnection - (AWAITING_INITIAL) [id: 0xa8643ea7, /127.0.0.1:48641 => /127.0.1.1:41135]: Writing: DefaultHttpContent(data: SlicedByteBuf(ridx: 0, widx: 781, cap: 781/781, unwrapped: UnpooledUnsafeDirectByteBuf(ridx: 1310, widx: 1310, cap: 16384)), decoderResult: success)
10:43:47.249 [LittleProxy-ProxyToServerWorker-7] DEBUG o.l.p.impl.ClientToProxyConnection - (AWAITING_INITIAL) [id: 0x751c735a, /127.0.0.1:48645 => /127.0.1.1:41135]: Wrote: DefaultHttpResponse(decodeResult: success, version: HTTP/1.1)
HTTP/1.1 200 OK
X-FORWARDED-PROTO: http
Server: nginx
Date: Wed, 29 Jul 2015 09:43:47 GMT
Content-Type: application/json;charset=UTF-8
Transfer-Encoding: chunked
Access-Control-Allow-Credentials: true
X-Content-Type-Options: nosniff
X-XSS-Protection: 1; mode=block
Cache-Control: no-cache, no-store, max-age=0, must-revalidate
Pragma: no-cache
Expires: 0
X-Frame-Options: DENY
X-Application-Context: pv__voucher-manager__stage__v0_1_0_972:stage-cloud:2
Via: 1.1 localhost.localdomain
10:43:47.249 [LittleProxy-ProxyToServerWorker-7] DEBUG o.l.p.impl.ClientToProxyConnection - (AWAITING_INITIAL) [id: 0x751c735a, /127.0.0.1:48645 => /127.0.1.1:41135]: Not closing server connection on middle chunk for /campaign?page=1
10:43:47.249 [LittleProxy-ProxyToServerWorker-7] DEBUG o.l.p.impl.ClientToProxyConnection - (AWAITING_INITIAL) [id: 0x751c735a, /127.0.0.1:48645 => /127.0.1.1:41135]: Not closing client connection on middle chunk for /campaign?page=1
10:43:47.249 [LittleProxy-ProxyToServerWorker-7] DEBUG o.l.p.impl.ProxyToServerConnection - (AWAITING_CHUNK) [id: 0x458e796c, /10.65.140.181:37611 => voucher-manager.stage.pv.nimbus-stage.cg.sky.com/80.238.10.34:80]: Reading: DefaultHttpContent(data: SlicedByteBuf(ridx: 0, widx: 501, cap: 501/501, unwrapped: UnpooledUnsafeDirectByteBuf(ridx: 1024, widx: 1024, cap: 1024)), decoderResult: success)
10:43:47.249 [LittleProxy-ProxyToServerWorker-7] DEBUG o.l.p.impl.ClientToProxyConnection - (AWAITING_INITIAL) [id: 0x751c735a, /127.0.0.1:48645 => /127.0.1.1:41135]: Retaining reference counted message
10:43:47.249 [LittleProxy-ProxyToServerWorker-7] DEBUG o.l.p.impl.ClientToProxyConnection - (AWAITING_INITIAL) [id: 0x751c735a, /127.0.0.1:48645 => /127.0.1.1:41135]: Writing: DefaultHttpContent(data: SlicedByteBuf(ridx: 0, widx: 501, cap: 501/501, unwrapped: UnpooledUnsafeDirectByteBuf(ridx: 1024, widx: 1024, cap: 1024)), decoderResult: success)
10:43:47.249 [LittleProxy-ProxyToServerWorker-7] DEBUG o.l.p.impl.ClientToProxyConnection - (AWAITING_INITIAL) [id: 0x751c735a, /127.0.0.1:48645 => /127.0.1.1:41135]: Wrote: DefaultHttpContent(data: SlicedByteBuf(ridx: 0, widx: 501, cap: 501/501, unwrapped: UnpooledUnsafeDirectByteBuf(ridx: 1024, widx: 1024, cap: 1024)), decoderResult: success)
10:43:47.249 [LittleProxy-ProxyToServerWorker-7] DEBUG o.l.p.impl.ClientToProxyConnection - (AWAITING_INITIAL) [id: 0x751c735a, /127.0.0.1:48645 => /127.0.1.1:41135]: Not closing server connection on middle chunk for /campaign?page=1
10:43:47.249 [LittleProxy-ProxyToServerWorker-7] DEBUG o.l.p.impl.ClientToProxyConnection - (AWAITING_INITIAL) [id: 0x751c735a, /127.0.0.1:48645 => /127.0.1.1:41135]: Not closing client connection on middle chunk for /campaign?page=1
10:43:47.249 [LittleProxy-ProxyToServerWorker-7] DEBUG o.l.p.impl.ProxyToServerConnection - (AWAITING_CHUNK) [id: 0x458e796c, /10.65.140.181:37611 => voucher-manager.stage.pv.nimbus-stage.cg.sky.com/80.238.10.34:80]: Reading: DefaultHttpContent(data: SlicedByteBuf(ridx: 0, widx: 1024, cap: 1024/1024, unwrapped: UnpooledUnsafeDirectByteBuf(ridx: 1024, widx: 1024, cap: 1024)), decoderResult: success)
10:43:47.249 [LittleProxy-ProxyToServerWorker-7] DEBUG o.l.p.impl.ClientToProxyConnection - (AWAITING_INITIAL) [id: 0x751c735a, /127.0.0.1:48645 => /127.0.1.1:41135]: Retaining reference counted message
10:43:47.249 [LittleProxy-ProxyToServerWorker-7] DEBUG o.l.p.impl.ClientToProxyConnection - (AWAITING_INITIAL) [id: 0x751c735a, /127.0.0.1:48645 => /127.0.1.1:41135]: Writing: DefaultHttpContent(data: SlicedByteBuf(ridx: 0, widx: 1024, cap: 1024/1024, unwrapped: UnpooledUnsafeDirectByteBuf(ridx: 1024, widx: 1024, cap: 1024)), decoderResult: success)
10:43:47.249 [LittleProxy-ProxyToServerWorker-7] DEBUG o.l.p.impl.ClientToProxyConnection - (AWAITING_INITIAL) [id: 0x751c735a, /127.0.0.1:48645 => /127.0.1.1:41135]: Wrote: DefaultHttpContent(data: SlicedByteBuf(ridx: 0, widx: 1024, cap: 1024/1024, unwrapped: UnpooledUnsafeDirectByteBuf(ridx: 1024, widx: 1024, cap: 1024)), decoderResult: success)
10:43:47.249 [LittleProxy-ProxyToServerWorker-7] DEBUG o.l.p.impl.ClientToProxyConnection - (AWAITING_INITIAL) [id: 0x751c735a, /127.0.0.1:48645 => /127.0.1.1:41135]: Not closing server connection on middle chunk for /campaign?page=1
10:43:47.249 [LittleProxy-ProxyToServerWorker-6] DEBUG o.l.p.impl.ClientToProxyConnection - (AWAITING_INITIAL) [id: 0xa8643ea7, /127.0.0.1:48641 => /127.0.1.1:41135]: Wrote: DefaultHttpContent(data: SlicedByteBuf(ridx: 0, widx: 781, cap: 781/781, unwrapped: UnpooledUnsafeDirectByteBuf(ridx: 1310, widx: 1310, cap: 16384)), decoderResult: success)
10:43:47.249 [LittleProxy-ProxyToServerWorker-7] DEBUG o.l.p.impl.ClientToProxyConnection - (AWAITING_INITIAL) [id: 0x751c735a, /127.0.0.1:48645 => /127.0.1.1:41135]: Not closing client connection on middle chunk for /campaign?page=1
10:43:47.249 [LittleProxy-ProxyToServerWorker-6] DEBUG o.l.p.impl.ClientToProxyConnection - (AWAITING_INITIAL) [id: 0xa8643ea7, /127.0.0.1:48641 => /127.0.1.1:41135]: Not closing server connection on middle chunk for /
10:43:47.249 [LittleProxy-ProxyToServerWorker-6] DEBUG o.l.p.impl.ClientToProxyConnection - (AWAITING_INITIAL) [id: 0xa8643ea7, /127.0.0.1:48641 => /127.0.1.1:41135]: Not closing client connection on middle chunk for /
10:43:47.249 [LittleProxy-ProxyToServerWorker-7] DEBUG o.l.p.impl.ProxyToServerConnection - (AWAITING_CHUNK) [id: 0x458e796c, /10.65.140.181:37611 => voucher-manager.stage.pv.nimbus-stage.cg.sky.com/80.238.10.34:80]: Reading: DefaultHttpContent(data: SlicedByteBuf(ridx: 0, widx: 1024, cap: 1024/1024, unwrapped: UnpooledUnsafeDirectByteBuf(ridx: 1024, widx: 1024, cap: 1024)), decoderResult: success)
10:43:47.249 [LittleProxy-ProxyToServerWorker-6] DEBUG o.l.p.impl.ProxyToServerConnection - (AWAITING_CHUNK) [id: 0xbb43eb66, /10.65.140.181:37605 => voucher-manager.stage.pv.nimbus-stage.cg.sky.com/80.238.10.34:80]: Reading: EmptyLastHttpContent
10:43:47.249 [LittleProxy-ProxyToServerWorker-7] DEBUG o.l.p.impl.ClientToProxyConnection - (AWAITING_INITIAL) [id: 0x751c735a, /127.0.0.1:48645 => /127.0.1.1:41135]: Retaining reference counted message
10:43:47.249 [LittleProxy-ProxyToServerWorker-6] DEBUG o.l.p.impl.ClientToProxyConnection - (AWAITING_INITIAL) [id: 0xa8643ea7, /127.0.0.1:48641 => /127.0.1.1:41135]: Retaining reference counted message
10:43:47.249 [LittleProxy-ProxyToServerWorker-7] DEBUG o.l.p.impl.ClientToProxyConnection - (AWAITING_INITIAL) [id: 0x751c735a, /127.0.0.1:48645 => /127.0.1.1:41135]: Writing: DefaultHttpContent(data: SlicedByteBuf(ridx: 0, widx: 1024, cap: 1024/1024, unwrapped: UnpooledUnsafeDirectByteBuf(ridx: 1024, widx: 1024, cap: 1024)), decoderResult: success)
10:43:47.249 [LittleProxy-ProxyToServerWorker-6] DEBUG o.l.p.impl.ClientToProxyConnection - (AWAITING_INITIAL) [id: 0xa8643ea7, /127.0.0.1:48641 => /127.0.1.1:41135]: Writing: EmptyLastHttpContent
10:43:47.249 [LittleProxy-ProxyToServerWorker-7] DEBUG o.l.p.impl.ClientToProxyConnection - (AWAITING_INITIAL) [id: 0x751c735a, /127.0.0.1:48645 => /127.0.1.1:41135]: Wrote: DefaultHttpContent(data: SlicedByteBuf(ridx: 0, widx: 1024, cap: 1024/1024, unwrapped: UnpooledUnsafeDirectByteBuf(ridx: 1024, widx: 1024, cap: 1024)), decoderResult: success)
10:43:47.250 [LittleProxy-ProxyToServerWorker-6] DEBUG o.l.p.impl.ClientToProxyConnection - (AWAITING_INITIAL) [id: 0xa8643ea7, /127.0.0.1:48641 => /127.0.1.1:41135]: Writing an empty buffer to signal the end of our chunked transfer
10:43:47.250 [LittleProxy-ProxyToServerWorker-7] DEBUG o.l.p.impl.ClientToProxyConnection - (AWAITING_INITIAL) [id: 0x751c735a, /127.0.0.1:48645 => /127.0.1.1:41135]: Not closing server connection on middle chunk for /campaign?page=1
10:43:47.250 [LittleProxy-ProxyToServerWorker-7] DEBUG o.l.p.impl.ClientToProxyConnection - (AWAITING_INITIAL) [id: 0x751c735a, /127.0.0.1:48645 => /127.0.1.1:41135]: Not closing client connection on middle chunk for /campaign?page=1
10:43:47.250 [LittleProxy-ProxyToServerWorker-7] DEBUG o.l.p.impl.ProxyToServerConnection - (AWAITING_CHUNK) [id: 0x458e796c, /10.65.140.181:37611 => voucher-manager.stage.pv.nimbus-stage.cg.sky.com/80.238.10.34:80]: Reading: DefaultHttpContent(data: SlicedByteBuf(ridx: 0, widx: 1024, cap: 1024/1024, unwrapped: UnpooledUnsafeDirectByteBuf(ridx: 1024, widx: 1024, cap: 1024)), decoderResult: success)
10:43:47.250 [LittleProxy-ProxyToServerWorker-7] DEBUG o.l.p.impl.ClientToProxyConnection - (AWAITING_INITIAL) [id: 0x751c735a, /127.0.0.1:48645 => /127.0.1.1:41135]: Retaining reference counted message
10:43:47.250 [LittleProxy-ProxyToServerWorker-7] DEBUG o.l.p.impl.ClientToProxyConnection - (AWAITING_INITIAL) [id: 0x751c735a, /127.0.0.1:48645 => /127.0.1.1:41135]: Writing: DefaultHttpContent(data: SlicedByteBuf(ridx: 0, widx: 1024, cap: 1024/1024, unwrapped: UnpooledUnsafeDirectByteBuf(ridx: 1024, widx: 1024, cap: 1024)), decoderResult: success)
10:43:47.250 [LittleProxy-ProxyToServerWorker-7] DEBUG o.l.p.impl.ClientToProxyConnection - (AWAITING_INITIAL) [id: 0x751c735a, /127.0.0.1:48645 => /127.0.1.1:41135]: Wrote: DefaultHttpContent(data: SlicedByteBuf(ridx: 0, widx: 1024, cap: 1024/1024, unwrapped: UnpooledUnsafeDirectByteBuf(ridx: 1024, widx: 1024, cap: 1024)), decoderResult: success)
10:43:47.250 [LittleProxy-ProxyToServerWorker-7] DEBUG o.l.p.impl.ClientToProxyConnection - (AWAITING_INITIAL) [id: 0x751c735a, /127.0.0.1:48645 => /127.0.1.1:41135]: Not closing server connection on middle chunk for /campaign?page=1
10:43:47.250 [LittleProxy-ProxyToServerWorker-7] DEBUG o.l.p.impl.ClientToProxyConnection - (AWAITING_INITIAL) [id: 0x751c735a, /127.0.0.1:48645 => /127.0.1.1:41135]: Not closing client connection on middle chunk for /campaign?page=1
10:43:47.250 [LittleProxy-ProxyToServerWorker-7] DEBUG o.l.p.impl.ProxyToServerConnection - (AWAITING_CHUNK) [id: 0x458e796c, /10.65.140.181:37611 => voucher-manager.stage.pv.nimbus-stage.cg.sky.com/80.238.10.34:80]: Reading: DefaultHttpContent(data: SlicedByteBuf(ridx: 0, widx: 1024, cap: 1024/1024, unwrapped: UnpooledUnsafeDirectByteBuf(ridx: 1024, widx: 1024, cap: 1024)), decoderResult: success)
10:43:47.250 [LittleProxy-ProxyToServerWorker-7] DEBUG o.l.p.impl.ClientToProxyConnection - (AWAITING_INITIAL) [id: 0x751c735a, /127.0.0.1:48645 => /127.0.1.1:41135]: Retaining reference counted message
10:43:47.250 [LittleProxy-ProxyToServerWorker-7] DEBUG o.l.p.impl.ClientToProxyConnection - (AWAITING_INITIAL) [id: 0x751c735a, /127.0.0.1:48645 => /127.0.1.1:41135]: Writing: DefaultHttpContent(data: SlicedByteBuf(ridx: 0, widx: 1024, cap: 1024/1024, unwrapped: UnpooledUnsafeDirectByteBuf(ridx: 1024, widx: 1024, cap: 1024)), decoderResult: success)
10:43:47.250 [LittleProxy-ProxyToServerWorker-7] DEBUG o.l.p.impl.ClientToProxyConnection - (AWAITING_INITIAL) [id: 0x751c735a, /127.0.0.1:48645 => /127.0.1.1:41135]: Wrote: DefaultHttpContent(data: SlicedByteBuf(ridx: 0, widx: 1024, cap: 1024/1024, unwrapped: UnpooledUnsafeDirectByteBuf(ridx: 1024, widx: 1024, cap: 1024)), decoderResult: success)
10:43:47.250 [LittleProxy-ProxyToServerWorker-7] DEBUG o.l.p.impl.ClientToProxyConnection - (AWAITING_INITIAL) [id: 0x751c735a, /127.0.0.1:48645 => /127.0.1.1:41135]: Not closing server connection on middle chunk for /campaign?page=1
10:43:47.250 [LittleProxy-ProxyToServerWorker-7] DEBUG o.l.p.impl.ClientToProxyConnection - (AWAITING_INITIAL) [id: 0x751c735a, /127.0.0.1:48645 => /127.0.1.1:41135]: Not closing client connection on middle chunk for /campaign?page=1
10:43:47.250 [LittleProxy-ProxyToServerWorker-7] DEBUG o.l.p.impl.ProxyToServerConnection - (AWAITING_CHUNK) [id: 0x458e796c, /10.65.140.181:37611 => voucher-manager.stage.pv.nimbus-stage.cg.sky.com/80.238.10.34:80]: Reading: DefaultHttpContent(data: SlicedByteBuf(ridx: 0, widx: 1024, cap: 1024/1024, unwrapped: UnpooledUnsafeDirectByteBuf(ridx: 1024, widx: 1024, cap: 1024)), decoderResult: success)
10:43:47.250 [LittleProxy-ProxyToServerWorker-7] DEBUG o.l.p.impl.ClientToProxyConnection - (AWAITING_INITIAL) [id: 0x751c735a, /127.0.0.1:48645 => /127.0.1.1:41135]: Retaining reference counted message
10:43:47.250 [LittleProxy-ProxyToServerWorker-7] DEBUG o.l.p.impl.ClientToProxyConnection - (AWAITING_INITIAL) [id: 0x751c735a, /127.0.0.1:48645 => /127.0.1.1:41135]: Writing: DefaultHttpContent(data: SlicedByteBuf(ridx: 0, widx: 1024, cap: 1024/1024, unwrapped: UnpooledUnsafeDirectByteBuf(ridx: 1024, widx: 1024, cap: 1024)), decoderResult: success)
10:43:47.250 [LittleProxy-ProxyToServerWorker-7] DEBUG o.l.p.impl.ClientToProxyConnection - (AWAITING_INITIAL) [id: 0x751c735a, /127.0.0.1:48645 => /127.0.1.1:41135]: Wrote: DefaultHttpContent(data: SlicedByteBuf(ridx: 0, widx: 1024, cap: 1024/1024, unwrapped: UnpooledUnsafeDirectByteBuf(ridx: 1024, widx: 1024, cap: 1024)), decoderResult: success)
10:43:47.250 [LittleProxy-ProxyToServerWorker-7] DEBUG o.l.p.impl.ClientToProxyConnection - (AWAITING_INITIAL) [id: 0x751c735a, /127.0.0.1:48645 => /127.0.1.1:41135]: Not closing server connection on middle chunk for /campaign?page=1
10:43:47.250 [LittleProxy-ProxyToServerWorker-7] DEBUG o.l.p.impl.ClientToProxyConnection - (AWAITING_INITIAL) [id: 0x751c735a, /127.0.0.1:48645 => /127.0.1.1:41135]: Not closing client connection on middle chunk for /campaign?page=1
10:43:47.250 [LittleProxy-ProxyToServerWorker-7] DEBUG o.l.p.impl.ProxyToServerConnection - (AWAITING_CHUNK) [id: 0x458e796c, /10.65.140.181:37611 => voucher-manager.stage.pv.nimbus-stage.cg.sky.com/80.238.10.34:80]: Reading: DefaultHttpContent(data: SlicedByteBuf(ridx: 0, widx: 1024, cap: 1024/1024, unwrapped: UnpooledUnsafeDirectByteBuf(ridx: 1024, widx: 1024, cap: 1024)), decoderResult: success)
10:43:47.250 [LittleProxy-ProxyToServerWorker-7] DEBUG o.l.p.impl.ClientToProxyConnection - (AWAITING_INITIAL) [id: 0x751c735a, /127.0.0.1:48645 => /127.0.1.1:41135]: Retaining reference counted message
10:43:47.250 [LittleProxy-ProxyToServerWorker-7] DEBUG o.l.p.impl.ClientToProxyConnection - (AWAITING_INITIAL) [id: 0x751c735a, /127.0.0.1:48645 => /127.0.1.1:41135]: Writing: DefaultHttpContent(data: SlicedByteBuf(ridx: 0, widx: 1024, cap: 1024/1024, unwrapped: UnpooledUnsafeDirectByteBuf(ridx: 1024, widx: 1024, cap: 1024)), decoderResult: success)
10:43:47.250 [LittleProxy-ProxyToServerWorker-7] DEBUG o.l.p.impl.ClientToProxyConnection - (AWAITING_INITIAL) [id: 0x751c735a, /127.0.0.1:48645 => /127.0.1.1:41135]: Wrote: DefaultHttpContent(data: SlicedByteBuf(ridx: 0, widx: 1024, cap: 1024/1024, unwrapped: UnpooledUnsafeDirectByteBuf(ridx: 1024, widx: 1024, cap: 1024)), decoderResult: success)
10:43:47.250 [LittleProxy-ProxyToServerWorker-7] DEBUG o.l.p.impl.ClientToProxyConnection - (AWAITING_INITIAL) [id: 0x751c735a, /127.0.0.1:48645 => /127.0.1.1:41135]: Not closing server connection on middle chunk for /campaign?page=1
10:43:47.250 [LittleProxy-ProxyToServerWorker-7] DEBUG o.l.p.impl.ClientToProxyConnection - (AWAITING_INITIAL) [id: 0x751c735a, /127.0.0.1:48645 => /127.0.1.1:41135]: Not closing client connection on middle chunk for /campaign?page=1
10:43:47.250 [LittleProxy-ProxyToServerWorker-7] DEBUG o.l.p.impl.ProxyToServerConnection - (AWAITING_CHUNK) [id: 0x458e796c, /10.65.140.181:37611 => voucher-manager.stage.pv.nimbus-stage.cg.sky.com/80.238.10.34:80]: Reading: DefaultHttpContent(data: SlicedByteBuf(ridx: 0, widx: 985, cap: 985/985, unwrapped: UnpooledUnsafeDirectByteBuf(ridx: 1024, widx: 1024, cap: 1024)), decoderResult: success)
10:43:47.250 [LittleProxy-ProxyToServerWorker-7] DEBUG o.l.p.impl.ClientToProxyConnection - (AWAITING_INITIAL) [id: 0x751c735a, /127.0.0.1:48645 => /127.0.1.1:41135]: Retaining reference counted message
10:43:47.250 [LittleProxy-ProxyToServerWorker-7] DEBUG o.l.p.impl.ClientToProxyConnection - (AWAITING_INITIAL) [id: 0x751c735a, /127.0.0.1:48645 => /127.0.1.1:41135]: Writing: DefaultHttpContent(data: SlicedByteBuf(ridx: 0, widx: 985, cap: 985/985, unwrapped: UnpooledUnsafeDirectByteBuf(ridx: 1024, widx: 1024, cap: 1024)), decoderResult: success)
10:43:47.250 [LittleProxy-ProxyToServerWorker-7] DEBUG o.l.p.impl.ClientToProxyConnection - (AWAITING_INITIAL) [id: 0x751c735a, /127.0.0.1:48645 => /127.0.1.1:41135]: Wrote: DefaultHttpContent(data: SlicedByteBuf(ridx: 0, widx: 985, cap: 985/985, unwrapped: UnpooledUnsafeDirectByteBuf(ridx: 1024, widx: 1024, cap: 1024)), decoderResult: success)
10:43:47.250 [LittleProxy-ProxyToServerWorker-7] DEBUG o.l.p.impl.ClientToProxyConnection - (AWAITING_INITIAL) [id: 0x751c735a, /127.0.0.1:48645 => /127.0.1.1:41135]: Not closing server connection on middle chunk for /campaign?page=1
10:43:47.250 [LittleProxy-ProxyToServerWorker-7] DEBUG o.l.p.impl.ClientToProxyConnection - (AWAITING_INITIAL) [id: 0x751c735a, /127.0.0.1:48645 => /127.0.1.1:41135]: Not closing client connection on middle chunk for /campaign?page=1
10:43:47.250 [LittleProxy-ProxyToServerWorker-7] DEBUG o.l.p.impl.ProxyToServerConnection - (AWAITING_CHUNK) [id: 0x458e796c, /10.65.140.181:37611 => voucher-manager.stage.pv.nimbus-stage.cg.sky.com/80.238.10.34:80]: Reading: DefaultHttpContent(data: SlicedByteBuf(ridx: 0, widx: 31, cap: 31/31, unwrapped: UnpooledUnsafeDirectByteBuf(ridx: 1024, widx: 1024, cap: 1024)), decoderResult: success)
10:43:47.250 [LittleProxy-ProxyToServerWorker-7] DEBUG o.l.p.impl.ClientToProxyConnection - (AWAITING_INITIAL) [id: 0x751c735a, /127.0.0.1:48645 => /127.0.1.1:41135]: Retaining reference counted message
10:43:47.250 [LittleProxy-ProxyToServerWorker-7] DEBUG o.l.p.impl.ClientToProxyConnection - (AWAITING_INITIAL) [id: 0x751c735a, /127.0.0.1:48645 => /127.0.1.1:41135]: Writing: DefaultHttpContent(data: SlicedByteBuf(ridx: 0, widx: 31, cap: 31/31, unwrapped: UnpooledUnsafeDirectByteBuf(ridx: 1024, widx: 1024, cap: 1024)), decoderResult: success)
10:43:47.250 [LittleProxy-ProxyToServerWorker-7] DEBUG o.l.p.impl.ClientToProxyConnection - (AWAITING_INITIAL) [id: 0x751c735a, /127.0.0.1:48645 => /127.0.1.1:41135]: Wrote: DefaultHttpContent(data: SlicedByteBuf(ridx: 0, widx: 31, cap: 31/31, unwrapped: UnpooledUnsafeDirectByteBuf(ridx: 1024, widx: 1024, cap: 1024)), decoderResult: success)
10:43:47.251 [LittleProxy-ProxyToServerWorker-7] DEBUG o.l.p.impl.ClientToProxyConnection - (AWAITING_INITIAL) [id: 0x751c735a, /127.0.0.1:48645 => /127.0.1.1:41135]: Not closing server connection on middle chunk for /campaign?page=1
10:43:47.251 [LittleProxy-ProxyToServerWorker-7] DEBUG o.l.p.impl.ClientToProxyConnection - (AWAITING_INITIAL) [id: 0x751c735a, /127.0.0.1:48645 => /127.0.1.1:41135]: Not closing client connection on middle chunk for /campaign?page=1
10:43:47.251 [LittleProxy-ProxyToServerWorker-7] DEBUG o.l.p.impl.ProxyToServerConnection - (AWAITING_CHUNK) [id: 0x458e796c, /10.65.140.181:37611 => voucher-manager.stage.pv.nimbus-stage.cg.sky.com/80.238.10.34:80]: Reading: DefaultHttpContent(data: SlicedByteBuf(ridx: 0, widx: 1024, cap: 1024/1024, unwrapped: UnpooledUnsafeDirectByteBuf(ridx: 1024, widx: 1024, cap: 1024)), decoderResult: success)
10:43:47.251 [LittleProxy-ProxyToServerWorker-7] DEBUG o.l.p.impl.ClientToProxyConnection - (AWAITING_INITIAL) [id: 0x751c735a, /127.0.0.1:48645 => /127.0.1.1:41135]: Retaining reference counted message
10:43:47.251 [LittleProxy-ProxyToServerWorker-7] DEBUG o.l.p.impl.ClientToProxyConnection - (AWAITING_INITIAL) [id: 0x751c735a, /127.0.0.1:48645 => /127.0.1.1:41135]: Writing: DefaultHttpContent(data: SlicedByteBuf(ridx: 0, widx: 1024, cap: 1024/1024, unwrapped: UnpooledUnsafeDirectByteBuf(ridx: 1024, widx: 1024, cap: 1024)), decoderResult: success)
10:43:47.251 [LittleProxy-ProxyToServerWorker-7] DEBUG o.l.p.impl.ClientToProxyConnection - (AWAITING_INITIAL) [id: 0x751c735a, /127.0.0.1:48645 => /127.0.1.1:41135]: Wrote: DefaultHttpContent(data: SlicedByteBuf(ridx: 0, widx: 1024, cap: 1024/1024, unwrapped: UnpooledUnsafeDirectByteBuf(ridx: 1024, widx: 1024, cap: 1024)), decoderResult: success)
10:43:47.251 [LittleProxy-ProxyToServerWorker-7] DEBUG o.l.p.impl.ClientToProxyConnection - (AWAITING_INITIAL) [id: 0x751c735a, /127.0.0.1:48645 => /127.0.1.1:41135]: Not closing server connection on middle chunk for /campaign?page=1
10:43:47.251 [LittleProxy-ProxyToServerWorker-7] DEBUG o.l.p.impl.ClientToProxyConnection - (AWAITING_INITIAL) [id: 0x751c735a, /127.0.0.1:48645 => /127.0.1.1:41135]: Not closing client connection on middle chunk for /campaign?page=1
10:43:47.251 [LittleProxy-ProxyToServerWorker-7] DEBUG o.l.p.impl.ProxyToServerConnection - (AWAITING_CHUNK) [id: 0x458e796c, /10.65.140.181:37611 => voucher-manager.stage.pv.nimbus-stage.cg.sky.com/80.238.10.34:80]: Reading: DefaultHttpContent(data: SlicedByteBuf(ridx: 0, widx: 1024, cap: 1024/1024, unwrapped: UnpooledUnsafeDirectByteBuf(ridx: 1024, widx: 1024, cap: 1024)), decoderResult: success)
10:43:47.251 [LittleProxy-ProxyToServerWorker-7] DEBUG o.l.p.impl.ClientToProxyConnection - (AWAITING_INITIAL) [id: 0x751c735a, /127.0.0.1:48645 => /127.0.1.1:41135]: Retaining reference counted message
10:43:47.251 [LittleProxy-ProxyToServerWorker-7] DEBUG o.l.p.impl.ClientToProxyConnection - (AWAITING_INITIAL) [id: 0x751c735a, /127.0.0.1:48645 => /127.0.1.1:41135]: Writing: DefaultHttpContent(data: SlicedByteBuf(ridx: 0, widx: 1024, cap: 1024/1024, unwrapped: UnpooledUnsafeDirectByteBuf(ridx: 1024, widx: 1024, cap: 1024)), decoderResult: success)
10:43:47.251 [LittleProxy-ProxyToServerWorker-7] DEBUG o.l.p.impl.ClientToProxyConnection - (AWAITING_INITIAL) [id: 0x751c735a, /127.0.0.1:48645 => /127.0.1.1:41135]: Wrote: DefaultHttpContent(data: SlicedByteBuf(ridx: 0, widx: 1024, cap: 1024/1024, unwrapped: UnpooledUnsafeDirectByteBuf(ridx: 1024, widx: 1024, cap: 1024)), decoderResult: success)
10:43:47.251 [LittleProxy-ProxyToServerWorker-7] DEBUG o.l.p.impl.ClientToProxyConnection - (AWAITING_INITIAL) [id: 0x751c735a, /127.0.0.1:48645 => /127.0.1.1:41135]: Not closing server connection on middle chunk for /campaign?page=1
10:43:47.251 [LittleProxy-ProxyToServerWorker-7] DEBUG o.l.p.impl.ClientToProxyConnection - (AWAITING_INITIAL) [id: 0x751c735a, /127.0.0.1:48645 => /127.0.1.1:41135]: Not closing client connection on middle chunk for /campaign?page=1
10:43:47.251 [LittleProxy-ProxyToServerWorker-7] DEBUG o.l.p.impl.ProxyToServerConnection - (AWAITING_CHUNK) [id: 0x458e796c, /10.65.140.181:37611 => voucher-manager.stage.pv.nimbus-stage.cg.sky.com/80.238.10.34:80]: Reading: DefaultHttpContent(data: SlicedByteBuf(ridx: 0, widx: 1024, cap: 1024/1024, unwrapped: UnpooledUnsafeDirectByteBuf(ridx: 1024, widx: 1024, cap: 1024)), decoderResult: success)
10:43:47.251 [LittleProxy-ProxyToServerWorker-7] DEBUG o.l.p.impl.ClientToProxyConnection - (AWAITING_INITIAL) [id: 0x751c735a, /127.0.0.1:48645 => /127.0.1.1:41135]: Retaining reference counted message
10:43:47.251 [LittleProxy-ProxyToServerWorker-7] DEBUG o.l.p.impl.ClientToProxyConnection - (AWAITING_INITIAL) [id: 0x751c735a, /127.0.0.1:48645 => /127.0.1.1:41135]: Writing: DefaultHttpContent(data: SlicedByteBuf(ridx: 0, widx: 1024, cap: 1024/1024, unwrapped: UnpooledUnsafeDirectByteBuf(ridx: 1024, widx: 1024, cap: 1024)), decoderResult: success)
10:43:47.251 [LittleProxy-ProxyToServerWorker-7] DEBUG o.l.p.impl.ClientToProxyConnection - (AWAITING_INITIAL) [id: 0x751c735a, /127.0.0.1:48645 => /127.0.1.1:41135]: Wrote: DefaultHttpContent(data: SlicedByteBuf(ridx: 0, widx: 1024, cap: 1024/1024, unwrapped: UnpooledUnsafeDirectByteBuf(ridx: 1024, widx: 1024, cap: 1024)), decoderResult: success)
10:43:47.251 [LittleProxy-ProxyToServerWorker-7] DEBUG o.l.p.impl.ClientToProxyConnection - (AWAITING_INITIAL) [id: 0x751c735a, /127.0.0.1:48645 => /127.0.1.1:41135]: Not closing server connection on middle chunk for /campaign?page=1
10:43:47.251 [LittleProxy-ProxyToServerWorker-7] DEBUG o.l.p.impl.ClientToProxyConnection - (AWAITING_INITIAL) [id: 0x751c735a, /127.0.0.1:48645 => /127.0.1.1:41135]: Not closing client connection on middle chunk for /campaign?page=1
10:43:47.251 [LittleProxy-ProxyToServerWorker-7] DEBUG o.l.p.impl.ProxyToServerConnection - (AWAITING_CHUNK) [id: 0x458e796c, /10.65.140.181:37611 => voucher-manager.stage.pv.nimbus-stage.cg.sky.com/80.238.10.34:80]: Reading: DefaultHttpContent(data: SlicedByteBuf(ridx: 0, widx: 1024, cap: 1024/1024, unwrapped: UnpooledUnsafeDirectByteBuf(ridx: 1024, widx: 1024, cap: 1024)), decoderResult: success)
10:43:47.251 [LittleProxy-ProxyToServerWorker-7] DEBUG o.l.p.impl.ClientToProxyConnection - (AWAITING_INITIAL) [id: 0x751c735a, /127.0.0.1:48645 => /127.0.1.1:41135]: Retaining reference counted message
10:43:47.251 [LittleProxy-ProxyToServerWorker-7] DEBUG o.l.p.impl.ClientToProxyConnection - (AWAITING_INITIAL) [id: 0x751c735a, /127.0.0.1:48645 => /127.0.1.1:41135]: Writing: DefaultHttpContent(data: SlicedByteBuf(ridx: 0, widx: 1024, cap: 1024/1024, unwrapped: UnpooledUnsafeDirectByteBuf(ridx: 1024, widx: 1024, cap: 1024)), decoderResult: success)
10:43:47.251 [LittleProxy-ProxyToServerWorker-7] DEBUG o.l.p.impl.ClientToProxyConnection - (AWAITING_INITIAL) [id: 0x751c735a, /127.0.0.1:48645 => /127.0.1.1:41135]: Wrote: DefaultHttpContent(data: SlicedByteBuf(ridx: 0, widx: 1024, cap: 1024/1024, unwrapped: UnpooledUnsafeDirectByteBuf(ridx: 1024, widx: 1024, cap: 1024)), decoderResult: success)
10:43:47.251 [LittleProxy-ProxyToServerWorker-7] DEBUG o.l.p.impl.ClientToProxyConnection - (AWAITING_INITIAL) [id: 0x751c735a, /127.0.0.1:48645 => /127.0.1.1:41135]: Not closing server connection on middle chunk for /campaign?page=1
10:43:47.251 [LittleProxy-ProxyToServerWorker-7] DEBUG o.l.p.impl.ClientToProxyConnection - (AWAITING_INITIAL) [id: 0x751c735a, /127.0.0.1:48645 => /127.0.1.1:41135]: Not closing client connection on middle chunk for /campaign?page=1
10:43:47.251 [LittleProxy-ProxyToServerWorker-7] DEBUG o.l.p.impl.ProxyToServerConnection - (AWAITING_CHUNK) [id: 0x458e796c, /10.65.140.181:37611 => voucher-manager.stage.pv.nimbus-stage.cg.sky.com/80.238.10.34:80]: Reading: DefaultHttpContent(data: SlicedByteBuf(ridx: 0, widx: 1024, cap: 1024/1024, unwrapped: UnpooledUnsafeDirectByteBuf(ridx: 1024, widx: 1024, cap: 1024)), decoderResult: success)
10:43:47.251 [LittleProxy-ProxyToServerWorker-7] DEBUG o.l.p.impl.ClientToProxyConnection - (AWAITING_INITIAL) [id: 0x751c735a, /127.0.0.1:48645 => /127.0.1.1:41135]: Retaining reference counted message
10:43:47.251 [LittleProxy-ProxyToServerWorker-7] DEBUG o.l.p.impl.ClientToProxyConnection - (AWAITING_INITIAL) [id: 0x751c735a, /127.0.0.1:48645 => /127.0.1.1:41135]: Writing: DefaultHttpContent(data: SlicedByteBuf(ridx: 0, widx: 1024, cap: 1024/1024, unwrapped: UnpooledUnsafeDirectByteBuf(ridx: 1024, widx: 1024, cap: 1024)), decoderResult: success)
10:43:47.251 [LittleProxy-ProxyToServerWorker-7] DEBUG o.l.p.impl.ClientToProxyConnection - (AWAITING_INITIAL) [id: 0x751c735a, /127.0.0.1:48645 => /127.0.1.1:41135]: Wrote: DefaultHttpContent(data: SlicedByteBuf(ridx: 0, widx: 1024, cap: 1024/1024, unwrapped: UnpooledUnsafeDirectByteBuf(ridx: 1024, widx: 1024, cap: 1024)), decoderResult: success)
10:43:47.251 [LittleProxy-ProxyToServerWorker-7] DEBUG o.l.p.impl.ClientToProxyConnection - (AWAITING_INITIAL) [id: 0x751c735a, /127.0.0.1:48645 => /127.0.1.1:41135]: Not closing server connection on middle chunk for /campaign?page=1
10:43:47.251 [LittleProxy-ProxyToServerWorker-7] DEBUG o.l.p.impl.ClientToProxyConnection - (AWAITING_INITIAL) [id: 0x751c735a, /127.0.0.1:48645 => /127.0.1.1:41135]: Not closing client connection on middle chunk for /campaign?page=1
10:43:47.251 [LittleProxy-ProxyToServerWorker-7] DEBUG o.l.p.impl.ProxyToServerConnection - (AWAITING_CHUNK) [id: 0x458e796c, /10.65.140.181:37611 => voucher-manager.stage.pv.nimbus-stage.cg.sky.com/80.238.10.34:80]: Reading: DefaultHttpContent(data: SlicedByteBuf(ridx: 0, widx: 1024, cap: 1024/1024, unwrapped: UnpooledUnsafeDirectByteBuf(ridx: 1024, widx: 1024, cap: 1024)), decoderResult: success)
10:43:47.251 [LittleProxy-ProxyToServerWorker-7] DEBUG o.l.p.impl.ClientToProxyConnection - (AWAITING_INITIAL) [id: 0x751c735a, /127.0.0.1:48645 => /127.0.1.1:41135]: Retaining reference counted message
10:43:47.251 [LittleProxy-ProxyToServerWorker-7] DEBUG o.l.p.impl.ClientToProxyConnection - (AWAITING_INITIAL) [id: 0x751c735a, /127.0.0.1:48645 => /127.0.1.1:41135]: Writing: DefaultHttpContent(data: SlicedByteBuf(ridx: 0, widx: 1024, cap: 1024/1024, unwrapped: UnpooledUnsafeDirectByteBuf(ridx: 1024, widx: 1024, cap: 1024)), decoderResult: success)
10:43:47.251 [LittleProxy-ProxyToServerWorker-7] DEBUG o.l.p.impl.ClientToProxyConnection - (AWAITING_INITIAL) [id: 0x751c735a, /127.0.0.1:48645 => /127.0.1.1:41135]: Wrote: DefaultHttpContent(data: SlicedByteBuf(ridx: 0, widx: 1024, cap: 1024/1024, unwrapped: UnpooledUnsafeDirectByteBuf(ridx: 1024, widx: 1024, cap: 1024)), decoderResult: success)
10:43:47.251 [LittleProxy-ProxyToServerWorker-7] DEBUG o.l.p.impl.ClientToProxyConnection - (AWAITING_INITIAL) [id: 0x751c735a, /127.0.0.1:48645 => /127.0.1.1:41135]: Not closing server connection on middle chunk for /campaign?page=1
10:43:47.251 [LittleProxy-ProxyToServerWorker-7] DEBUG o.l.p.impl.ClientToProxyConnection - (AWAITING_INITIAL) [id: 0x751c735a, /127.0.0.1:48645 => /127.0.1.1:41135]: Not closing client connection on middle chunk for /campaign?page=1
10:43:47.252 [LittleProxy-ProxyToServerWorker-7] DEBUG o.l.p.impl.ProxyToServerConnection - (AWAITING_CHUNK) [id: 0x458e796c, /10.65.140.181:37611 => voucher-manager.stage.pv.nimbus-stage.cg.sky.com/80.238.10.34:80]: Reading: DefaultHttpContent(data: SlicedByteBuf(ridx: 0, widx: 1024, cap: 1024/1024, unwrapped: UnpooledUnsafeDirectByteBuf(ridx: 1024, widx: 1024, cap: 1024)), decoderResult: success)
10:43:47.252 [LittleProxy-ProxyToServerWorker-7] DEBUG o.l.p.impl.ClientToProxyConnection - (AWAITING_INITIAL) [id: 0x751c735a, /127.0.0.1:48645 => /127.0.1.1:41135]: Retaining reference counted message
10:43:47.252 [LittleProxy-ProxyToServerWorker-7] DEBUG o.l.p.impl.ClientToProxyConnection - (AWAITING_INITIAL) [id: 0x751c735a, /127.0.0.1:48645 => /127.0.1.1:41135]: Writing: DefaultHttpContent(data: SlicedByteBuf(ridx: 0, widx: 1024, cap: 1024/1024, unwrapped: UnpooledUnsafeDirectByteBuf(ridx: 1024, widx: 1024, cap: 1024)), decoderResult: success)
10:43:47.252 [LittleProxy-ProxyToServerWorker-7] DEBUG o.l.p.impl.ClientToProxyConnection - (AWAITING_INITIAL) [id: 0x751c735a, /127.0.0.1:48645 => /127.0.1.1:41135]: Wrote: DefaultHttpContent(data: SlicedByteBuf(ridx: 0, widx: 1024, cap: 1024/1024, unwrapped: UnpooledUnsafeDirectByteBuf(ridx: 1024, widx: 1024, cap: 1024)), decoderResult: success)
10:43:47.252 [LittleProxy-ProxyToServerWorker-7] DEBUG o.l.p.impl.ClientToProxyConnection - (AWAITING_INITIAL) [id: 0x751c735a, /127.0.0.1:48645 => /127.0.1.1:41135]: Not closing server connection on middle chunk for /campaign?page=1
10:43:47.252 [LittleProxy-ProxyToServerWorker-7] DEBUG o.l.p.impl.ClientToProxyConnection - (AWAITING_INITIAL) [id: 0x751c735a, /127.0.0.1:48645 => /127.0.1.1:41135]: Not closing client connection on middle chunk for /campaign?page=1
10:43:47.252 [LittleProxy-ProxyToServerWorker-7] DEBUG o.l.p.impl.ProxyToServerConnection - (AWAITING_CHUNK) [id: 0x458e796c, /10.65.140.181:37611 => voucher-manager.stage.pv.nimbus-stage.cg.sky.com/80.238.10.34:80]: Reading: DefaultHttpContent(data: SlicedByteBuf(ridx: 0, widx: 993, cap: 993/993, unwrapped: UnpooledUnsafeDirectByteBuf(ridx: 1024, widx: 1024, cap: 1024)), decoderResult: success)
10:43:47.252 [LittleProxy-ProxyToServerWorker-7] DEBUG o.l.p.impl.ClientToProxyConnection - (AWAITING_INITIAL) [id: 0x751c735a, /127.0.0.1:48645 => /127.0.1.1:41135]: Retaining reference counted message
10:43:47.252 [LittleProxy-ProxyToServerWorker-7] DEBUG o.l.p.impl.ClientToProxyConnection - (AWAITING_INITIAL) [id: 0x751c735a, /127.0.0.1:48645 => /127.0.1.1:41135]: Writing: DefaultHttpContent(data: SlicedByteBuf(ridx: 0, widx: 993, cap: 993/993, unwrapped: UnpooledUnsafeDirectByteBuf(ridx: 1024, widx: 1024, cap: 1024)), decoderResult: success)
10:43:47.252 [LittleProxy-ProxyToServerWorker-7] DEBUG o.l.p.impl.ClientToProxyConnection - (AWAITING_INITIAL) [id: 0x751c735a, /127.0.0.1:48645 => /127.0.1.1:41135]: Wrote: DefaultHttpContent(data: SlicedByteBuf(ridx: 0, widx: 993, cap: 993/993, unwrapped: UnpooledUnsafeDirectByteBuf(ridx: 1024, widx: 1024, cap: 1024)), decoderResult: success)
10:43:47.252 [LittleProxy-ProxyToServerWorker-7] DEBUG o.l.p.impl.ClientToProxyConnection - (AWAITING_INITIAL) [id: 0x751c735a, /127.0.0.1:48645 => /127.0.1.1:41135]: Not closing server connection on middle chunk for /campaign?page=1
10:43:47.252 [LittleProxy-ProxyToServerWorker-7] DEBUG o.l.p.impl.ClientToProxyConnection - (AWAITING_INITIAL) [id: 0x751c735a, /127.0.0.1:48645 => /127.0.1.1:41135]: Not closing client connection on middle chunk for /campaign?page=1
10:43:47.252 [LittleProxy-ProxyToServerWorker-7] DEBUG o.l.p.impl.ProxyToServerConnection - (AWAITING_CHUNK) [id: 0x458e796c, /10.65.140.181:37611 => voucher-manager.stage.pv.nimbus-stage.cg.sky.com/80.238.10.34:80]: Reading: DefaultHttpContent(data: SlicedByteBuf(ridx: 0, widx: 23, cap: 23/23, unwrapped: UnpooledUnsafeDirectByteBuf(ridx: 1024, widx: 1024, cap: 1024)), decoderResult: success)
10:43:47.252 [LittleProxy-ProxyToServerWorker-7] DEBUG o.l.p.impl.ClientToProxyConnection - (AWAITING_INITIAL) [id: 0x751c735a, /127.0.0.1:48645 => /127.0.1.1:41135]: Retaining reference counted message
10:43:47.252 [LittleProxy-ProxyToServerWorker-7] DEBUG o.l.p.impl.ClientToProxyConnection - (AWAITING_INITIAL) [id: 0x751c735a, /127.0.0.1:48645 => /127.0.1.1:41135]: Writing: DefaultHttpContent(data: SlicedByteBuf(ridx: 0, widx: 23, cap: 23/23, unwrapped: UnpooledUnsafeDirectByteBuf(ridx: 1024, widx: 1024, cap: 1024)), decoderResult: success)
10:43:47.252 [LittleProxy-ProxyToServerWorker-7] DEBUG o.l.p.impl.ClientToProxyConnection - (AWAITING_INITIAL) [id: 0x751c735a, /127.0.0.1:48645 => /127.0.1.1:41135]: Wrote: DefaultHttpContent(data: SlicedByteBuf(ridx: 0, widx: 23, cap: 23/23, unwrapped: UnpooledUnsafeDirectByteBuf(ridx: 1024, widx: 1024, cap: 1024)), decoderResult: success)
10:43:47.252 [LittleProxy-ProxyToServerWorker-7] DEBUG o.l.p.impl.ClientToProxyConnection - (AWAITING_INITIAL) [id: 0x751c735a, /127.0.0.1:48645 => /127.0.1.1:41135]: Not closing server connection on middle chunk for /campaign?page=1
10:43:47.252 [LittleProxy-ProxyToServerWorker-7] DEBUG o.l.p.impl.ClientToProxyConnection - (AWAITING_INITIAL) [id: 0x751c735a, /127.0.0.1:48645 => /127.0.1.1:41135]: Not closing client connection on middle chunk for /campaign?page=1
10:43:47.252 [LittleProxy-ProxyToServerWorker-7] DEBUG o.l.p.impl.ProxyToServerConnection - (AWAITING_CHUNK) [id: 0x458e796c, /10.65.140.181:37611 => voucher-manager.stage.pv.nimbus-stage.cg.sky.com/80.238.10.34:80]: Reading: DefaultHttpContent(data: SlicedByteBuf(ridx: 0, widx: 8169, cap: 8169/8169, unwrapped: UnpooledUnsafeDirectByteBuf(ridx: 8171, widx: 8171, cap: 16384)), decoderResult: success)
10:43:47.252 [LittleProxy-ProxyToServerWorker-7] DEBUG o.l.p.impl.ClientToProxyConnection - (AWAITING_INITIAL) [id: 0x751c735a, /127.0.0.1:48645 => /127.0.1.1:41135]: Retaining reference counted message
10:43:47.252 [LittleProxy-ProxyToServerWorker-7] DEBUG o.l.p.impl.ClientToProxyConnection - (AWAITING_INITIAL) [id: 0x751c735a, /127.0.0.1:48645 => /127.0.1.1:41135]: Writing: DefaultHttpContent(data: SlicedByteBuf(ridx: 0, widx: 8169, cap: 8169/8169, unwrapped: UnpooledUnsafeDirectByteBuf(ridx: 8171, widx: 8171, cap: 16384)), decoderResult: success)
10:43:47.252 [LittleProxy-ProxyToServerWorker-7] DEBUG o.l.p.impl.ClientToProxyConnection - (AWAITING_INITIAL) [id: 0x751c735a, /127.0.0.1:48645 => /127.0.1.1:41135]: Wrote: DefaultHttpContent(data: SlicedByteBuf(ridx: 0, widx: 8169, cap: 8169/8169, unwrapped: UnpooledUnsafeDirectByteBuf(ridx: 8171, widx: 8171, cap: 16384)), decoderResult: success)
10:43:47.252 [LittleProxy-ProxyToServerWorker-7] DEBUG o.l.p.impl.ClientToProxyConnection - (AWAITING_INITIAL) [id: 0x751c735a, /127.0.0.1:48645 => /127.0.1.1:41135]: Not closing server connection on middle chunk for /campaign?page=1
10:43:47.252 [LittleProxy-ProxyToServerWorker-7] DEBUG o.l.p.impl.ClientToProxyConnection - (AWAITING_INITIAL) [id: 0x751c735a, /127.0.0.1:48645 => /127.0.1.1:41135]: Not closing client connection on middle chunk for /campaign?page=1
10:43:47.252 [LittleProxy-ProxyToServerWorker-6] DEBUG o.l.p.impl.ClientToProxyConnection - (AWAITING_INITIAL) [id: 0xa8643ea7, /127.0.0.1:48641 => /127.0.1.1:41135]: Wrote: EmptyLastHttpContent
10:43:47.252 [LittleProxy-ProxyToServerWorker-6] DEBUG o.l.p.impl.ClientToProxyConnection - (AWAITING_INITIAL) [id: 0xa8643ea7, /127.0.0.1:48641 => /127.0.1.1:41135]: Retaining reference counted message
10:43:47.252 [LittleProxy-ProxyToServerWorker-6] DEBUG o.l.p.impl.ClientToProxyConnection - (AWAITING_INITIAL) [id: 0xa8643ea7, /127.0.0.1:48641 => /127.0.1.1:41135]: Writing: EmptyByteBufBE
10:43:47.253 [LittleProxy-ProxyToServerWorker-6] DEBUG o.l.p.impl.ClientToProxyConnection - (AWAITING_INITIAL) [id: 0xa8643ea7, /127.0.0.1:48641 => /127.0.1.1:41135]: Wrote: EmptyByteBufBE
10:43:47.253 [LittleProxy-ProxyToServerWorker-6] DEBUG o.l.p.impl.ClientToProxyConnection - (AWAITING_INITIAL) [id: 0xa8643ea7, /127.0.0.1:48641 => /127.0.1.1:41135]: Handling last chunk. Using normal server connection closing rules.
10:43:47.253 [LittleProxy-ProxyToServerWorker-6] DEBUG o.l.p.impl.ClientToProxyConnection - (AWAITING_INITIAL) [id: 0xa8643ea7, /127.0.0.1:48641 => /127.0.1.1:41135]: Not closing server connection for response: DefaultHttpResponse(decodeResult: success, version: HTTP/1.1)
HTTP/1.1 200 OK
X-FORWARDED-PROTO: http
Server: nginx
Date: Wed, 29 Jul 2015 09:43:47 GMT
Content-Type: application/json;charset=UTF-8
Transfer-Encoding: chunked
Connection: keep-alive
Keep-Alive: timeout=10
Access-Control-Allow-Credentials: true
X-Content-Type-Options: nosniff
X-XSS-Protection: 1; mode=block
Cache-Control: no-cache, no-store, max-age=0, must-revalidate
Pragma: no-cache
Expires: 0
X-Frame-Options: DENY
X-Application-Context: pv__voucher-manager__stage__v0_1_0_972:stage-cloud:3
10:43:47.253 [LittleProxy-ProxyToServerWorker-6] DEBUG o.l.p.impl.ClientToProxyConnection - (AWAITING_INITIAL) [id: 0xa8643ea7, /127.0.0.1:48641 => /127.0.1.1:41135]: Handling last chunk. Using normal client connection closing rules.
10:43:47.253 [LittleProxy-ProxyToServerWorker-6] DEBUG o.l.p.impl.ClientToProxyConnection - (AWAITING_INITIAL) [id: 0xa8643ea7, /127.0.0.1:48641 => /127.0.1.1:41135]: Not closing client connection for request: [FAILED toString()]
10:43:47.266 [Forwarding screenshot on session 5e9977749cf8e028abefff19f425d7c0 to remote] DEBUG org.apache.http.wire - http-outgoing-14 << "HTTP/1.1 200 OK[\r][\n]"
10:43:47.266 [Forwarding screenshot on session 5e9977749cf8e028abefff19f425d7c0 to remote] DEBUG org.apache.http.wire - http-outgoing-14 << "Content-Length:53074[\r][\n]"
10:43:47.266 [Forwarding screenshot on session 5e9977749cf8e028abefff19f425d7c0 to remote] DEBUG org.apache.http.wire - http-outgoing-14 << "Content-Type:application/json; charset=utf-8[\r][\n]"
10:43:47.266 [Forwarding screenshot on session 5e9977749cf8e028abefff19f425d7c0 to remote] DEBUG org.apache.http.wire - http-outgoing-14 << "Connection:close[\r][\n]"
10:43:47.266 [Forwarding screenshot on session 5e9977749cf8e028abefff19f425d7c0 to remote] DEBUG org.apache.http.wire - http-outgoing-14 << "[\r][\n]"
10:43:47.266 [Forwarding screenshot on session 5e9977749cf8e028abefff19f425d7c0 to remote] DEBUG org.apache.http.wire - http-outgoing-14 << "{"sessionId":"5e9977749cf8e028abefff19f425d7c0","status":0,"value":"iVBORw0KGgoAAAANSUhEUgAACb8AAAU2CAIAAAAwQs5jAAAgAElEQVR4nOzdd5xU1f3/8TO9bO99ly3AFmBRINJEEBRQFERFY2L5Kn41UZOY+NX4ixJN9JdvEjUkMSEWokmUxICxAQooICzLUrewvfc622enl98fN79xsrssC4ws4uv5yCOPnXPP3Pu5507K+J5zjsztdgsAAAAAAAAAAAAA+NqTT3QBAAAAAAAAAAAAAHBRID0FAAAAAAAAAAAAACFITwEAAAAAAAAAAABAQnoKAAAAAAAAAAAAAEKQngIAAAAAAAAAAACAhPQUAAAAAAAAAAAAAIQgPQUAAAAAAAAAAAAACekpAAAAAAAAAAAAAAhBegoAAAAAAAAAAAAAEtJTAAAAAAAAAAAAABCC9BQAAAAAAAAAAAAAJKSnAAAAAAAAAAAAACAE6SkAAAAAAAAAAAAASEhPAQAAAAAAAAAAAEAI0lMAAAAAAAAAAAAAkJCeAgAAAAAAAAAAAIAQpKcAAAAAAAAAAAAAICE9BQAAAAAAAAAAAAAhSE8BAAAAAAAAAAAAQEJ6CgAAAAAAAAAAAABCkJ4CAAAAAAAAAAAAgIT0FAAAAAAAAAAAAACEID0FAAAAAAAAAAAAAAnpKQAAAAAAAAAAAAAIQXoKAAAAAAAAAAAAABLSUwAAAAAAAAAAAAAQgvQUAAAAAAAAAAAAACSkpwAAAAAAAAAAAAAgBOkpAAAAAAAAAAAAAEhITwEAAAAAAAAAAABACNJTAAAAAAAAAAAAAJCQngIAAAAAAAAAAACAEKSnAAAAAAAAAAAAACAhPQUAAAAAAAAAAAAAIUhPAeACcDgcdrt9oqvwmc2bNz/++OMlJSUTXchwP/nJTx5//HGLxTLRhQAAAAAAAAAAvqqUE10AAFyyDhw4sGPHjpMnT/b29gohQkJCkpKSVq1atXz5cp1ON9HVnbv8/Py8vLzrrrvugl3xT3/60969e9esWXPHHXeM0W3v3r12u/3pp5/WarUXrDYAAAAAAAAAwKWE9BQAfK+vr+/HP/7x8ePHhRChoaGzZs2SyWStra0FBQUFBQVvvvnmb37zm+Tk5Iku8xw98sgjd95555QpUy7YFbu6umpra7u7u8fu9vvf/97pdJ5VMt3Q0PDQQw89++yzs2bNOr8aAQAAAAAAAACXAtJTAPAxi8Xy4IMPVldXx8TEPPHEEwsWLJDJZNKh4uLiF154obi4+L777tu2bVtoaOjElnpupk6dOtEljG727Nln+5bCwsL29nar1fpl1AMAAAAAAAAA+MohPQUAH3vttdeqq6vDw8PfeOON8PBw70PTpk3btGnT/fffX15e/sorrzz55JPeRw0GQ3l5+cDAgF6vnzx5clxcnPdRq9Xa1tam1+sjIyPtdnthYWFPT09MTMy0adOkdNZmsxUVFRkMhqioqOzsbLn8i52t29vbLRZLbGysWq1ub2+vqqpyOBzJycmTJk0aWb/D4SgvL29tbXW5XJGRkVlZWRqNxrtDR0eH2WyOjIzU6/Xe7yopKenp6YmIiMjKypLJZAaDwWg0err19/f39vaGhoYGBgZaLJbi4mKDwRAcHJydne2rdYwbGhrcbndiYqL3vXd1dVVXV5tMJmnl5LCwMKndbre3tLQcPXpUCNHZ2VlfXx8cHBwcHOyTSgAAAAAAAAAAX1GkpwDgS2azedu2bUKIRx99dFh0KtHpdM8880xLS8u8efM8jX19fT//+c8///xz757z58//2c9+5snz6urqvv3tb8+dO/ehhx569NFHDQaD1D5jxozf//735eXlTz75ZE9Pj9SYnp6+adOmgIAA6eUzzzxz/PjxTZs27dq16/333/dcYuHChc8995y/v7+n5ZNPPnnppZc85xFCBAQEPPbYY9dff72n5ec//3leXt4LL7ywePFiqeXYsWMbNmzo6uqSXiYlJf3yl7/ctGnT559//vLLL8+dO1cI8dFHH23cuPHhhx+eNGnSz372s4GBAalzUFDQr371K58snHv77bfb7fZ9+/ZJN97d3f3ss8/m5uZ6Osjl8quuuuqnP/2pv79/S0vLLbfcIrU/99xzQoh77733u9/97vmXAQAAAAAAAAD46iI9BQBfKiwsHBoaCggIWLp06en6pKWlpaWlebc89dRTeXl5M2fOvOeeeyIjIzs7O19//fXc3NwNGzb87ne/k/oolUohRHd39+OPP7527dp58+a1trb+7ne/Kyoqevnll3fv3r1u3br58+e3t7f/9re/LS8v/9vf/ubJAqX3vv766waDYcOGDQkJCR0dHX/84x9zcnJ+8YtfPP/8857in3rqKaVS+cgjj8yePdvtdh89evTVV1995plnEhMTp0+fPurttLe3P/rooxaL5eabb161apXT6dy2bdvDDz8shceeeatSDYWFhW+88cY999wze/bsgYGBt99+++jRoz/96U8//PBD7wmjPvGTn/zk+PHjS5YsWb16dXBwsMFgeP/99/ft22c2m19++eXIyMgXXnjhj3/8Y21t7fr169PT05OSknxbAAAAAAAAAADgK4f0FAB8qby8XAiRlZUlhYXj0dPTc/LkSYVC8eKLLwYFBQkhpkyZkpGRcf311+fm5hoMBimGlE5YVVX1yCOP3H333UKI6dOnO53ODRs2bN269bHHHrv99tulRpfL9ZOf/OTYsWOeS0jvLS0tfffddyMjI6XGKVOm3Hbbbbt27XrkkUeio6OFEJ9++qkQYt26ddL5hRDTpk3r6en5xz/+8dFHH50uPf3HP/5hsViWLFniWYh45syZTz311CeffCKE8Oz5KtVw8ODBl156adGiRVLjjBkzVq5c2d7eXltbOyxRPk+Dg4PHjx+XJrZ6ali8ePH//M//mM1mo9Ho7++/ePHiLVu2SGXMnz/fh1cHAAAAAAAAAHxF+XiiDwB8zfX19QkhRl2z93RCQ0Nzc3P37t0rRaeSsLCw2NhYIURLS8uw/p71ZoUQGRkZ0h+rVq0a1tjd3T3sjVdffbUnOhVCpKSkZGVlCSFOnDghtfzoRz/Ky8t7+OGHvd81bdq0UcvwOHLkyLAChBD333//qJ1TUlI80akQIiAgQApNPQsR+4rL5RJCDA0NDRuHX//61y+//LL3YsUAAAAAAAAAAHgw9xQALgp+fn5NTU0tLS3d3d0Oh8PlctlsNiGE3W737hYSEuLn5+d5Ka2LGxgY6B0HSo3D3ii8olaPuLi44uLi5uZmT4tSqTSZTJWVlZ2dnUaj0eVyVVRUjHo2j6amJiFESkqKd2NSUlJERIRnJ1SP5OTkYS06nW7s85+boKCgK6+88uDBg9/61rfWrFmzYMGCzMzM8U8IBgAAAAAAAAB8PfHPkQHAl4KDg4UQnZ2dZ/WuvLy8X/3qV42NjWfs6R2deuj1+vHX5k2a7Wo0GqWXZrP5pZde+uijjxwOx3hOKIRwOp0Wi0UIERAQMOzQqOnphZz0+Ytf/OJXv/rVzp07N2/evHnzZj8/v/nz599yyy2zZs26YDUAAAAAAAAAAL5aSE8BwJemTJkihCgpKbHb7SqVajxvKSsr+8EPfuBwOO64444VK1bExMTodDqlUnnPPfdIu6j6imf7Tw+5XC6E0Gq10sunn356//79SUlJ//3f/z1jxozAwECVSpWXl/fDH/5w/Of0kNbOnUBarXbDhg0PPfTQwYMHDx8+fOzYsT179uzZs+euu+763ve+N7G1AQAAAAAAAAAuTux7CgC+lJ2drdPphoaGdu/efbo+AwMDTz/9tCcZ3bp1q8PhWLdu3Q9/+MPMzMyQkBCtVqtUKkduXHqe+vv7R20JCwsTQrS3t+/fv1+lUv3pT39avnx5TEyMn5+fWq3u6ekZ45xyuVya+Spt+Oqtra3Nl9Wfq7CwsDVr1vzyl7/ctWvXU089pVar//rXv1ZWVk50XQAAAAAAAACAixHpKQD4kp+f3+rVq4UQv/vd7wwGw8gOLpfrf//3fz/++OPXXntNapFSxpkzZ3p3q6urG7ns7XkqKysb1lJTUyOEiImJEUK0t7cLIeLi4iIiIrz7HDlyZOzTJiYmCiGqq6u9G4uKikaGtRdYf3+/tKqwRKVSrVmzZuXKlUII307qBQAAAAAAAABcMkhPAcDHHnzwwdjY2O7u7vXr1xcVFXkfMhgMTz755O7du4OCgp544gmpUUorGxoaPN2GhoaeffZZaYtQs9nsq8I+/fTTjo4Oz8vi4uLKykqtVivtAxoeHi6E6Ozs9L7i7t278/LyhBAmk+l0p507d64QYuvWrZ6lei0Wy4svvqhUTuTi8Fu2bFm6dOkrr7wyrL2pqUkIERoaKr2UVlf27PwKAAAAAAAAAPiaY99TAPAxf3//TZs2fe9732toaLj33nvT09MzMjLUanVzc/OxY8dsNlt0dPTLL78cGRkp9b/66qt37tz5l7/8RS6XT5o0qampadu2bbNnz05PT9+2bdvWrVuVSuU3vvGN8y/s8ssvX79+/W233ZaYmNja2rp582YhxJ133inFtHFxcenp6eXl5Y8++uiaNWtcLldOTs7BgwdfeOGFhx56qKqqavv27dOmTZs0adKw095+++3vvffeiRMn1q9fP2/ePIVCsXPnzvj4+KysrMLCwvMv2+OTTz45derUyPYVK1asXbt2ZONf//rXv/3tb01NTfPmzQsKCurv79+/f//JkyfT0tKkxFcIER8ff+TIkc2bN3d2dgYHB69atcqHBQMAAAAAAAAAvnJITwHA9+Li4rZs2fLPf/5z+/bt5eXlnnVio6Kibr311ltuuUUKLCWLFy/+7ne/+/rrr2/atEkIodfr161b953vfKexsfHzzz/Pzc09fPjwgQMHzr+qNWvW1NTUvP7669JUS41Gc/fdd99///3SUZlM9txzz23YsOH48ePHjx8XQmRlZb366qsZGRl33HHHli1bnnnmmbvvvvuRRx4Zdtrw8PBXXnnl17/+9cmTJ4uKioKCglavXv3ggw9+5zvfkU57/pVLOjo6vOfOekyfPn1kY2ho6BtvvPHiiy/m5OTs379fatRoNKtWrfr+97/vmRf7rW9969ChQzU1NRs3brzyyitJTwEAAAAAAADga07mdrsnugYAuJT19/d3d3fbbLbQ0FDPfNOR7HZ7S0uLECI2NlatVkuNbre7t7fXz89Po9GcTw0/+MEPcnJyfvnLXy5dutRutzc3Nzudzri4OJ1ON7JzT0+PwWAICwsLCwvzNJrNZqvVGhwcPMZV7Ha71Wr1BMPr1q2rra39xz/+kZaWdj7FnyeLxWIwGAYGBvR6fXx8/Mj1hB0OR0tLi0qlio6OlstZ0B4AAAAAAAAAvtaYewoAX66goKCgoKAzdlOpVCMXxZXJZJ4dOs+f9HMZlUqVnJw8RrfQ0NCRF9XpdKNGrUKI1tbWkydPBgcHL1y4UNpGVAjR19fX0NCgVCoTEhJ8Ufu502q18fHxY3RQKpVJSUkXrB4AAAAAAAAAwMWMSTYAgPPS1dX1zDPPPP3008XFxVJLf3//s88+63Q6r7nmmvOcNQsAAAAAAAAAwIXE3FMAwHnJzs6+55573nzzzXvuuScxMVGj0TQ2Nlqt1rS0tB/96EcTXR0AAAAAAAAAAGeB9BQALn0pKSmDg4Nj71p6Ph5++OElS5bs3LmztbXVbDYvWbJkzpw5K1asYOIpAAAAAAAAAOCrRSZtgwcAAAAAAAAAAAAAX3PsewoAAAAAAAAAAAAAQpCeAgAAAAAAAAAAAICE9BQAAAAAAAAAAAAAhCA9BQAAAAAAAAAAAAAJ6SkAAAAAAAAAAAAACEF6CgAAAAAAAAAAAAAS0lMAAAAAAAAAAAAAEIL0FAAAAAAAAAAAAAAkpKcAAAAAAAAAAAAAIATpKQAAAAAAAAAAAABISE8BAAAAAAAAAAAAQAjSUwAAAAAAAAAAAACQKCe6AADAxaWvr29wcNBsNk90IQCAr4WAgAB/f/+AgICJLgQAAODLMmQf+qzxs1Ndp4x240TXgkuKv8p/esT0pYlL/VR+E10LAFxSZG63e6JrAABcFJxOZ319/eDgoE6nU6vVMplsoisCAFz6zGazyWSKjY2NiYmZ6FoAAAB8r7a/9rm857ot3Uq5Ui5nIUD4ksvlcrgcYdqwp+Y+lRKUMtHlAMClg/QUAPBvTU1NFoslMjJSLpfzjQ4AcAG43W632+1wOJqbm6OioiIjIye6IgAAAF8asg/du+tet9ytUWgmuhZcsqxOq8wl+/PyPzMDFQB8hZV7AQBCCGE2mzs7O1NTU1UqlUKhkNJTpp8CAL480u84XS6XXC6PjY1tamoiPQUAAJeYV4tetbls/ir/iS4ElzKNQmN0GF8tevXRWY9OdC0AcIkgPQUACCHE4OCgVqtVq9VqtVqhUJCbAgAuDLfbLZfLZTKZ0+kcHBxkA1QAAHApqe2vVSr4B7D40inkitr+2omuAgAuHSzMCAAQQgiHw6FQKJRKJdEpAOBCkslkSuW/9wAzm80TXQ4AAIAv1ffXK2SKia4Clz6lXFnfXz/RVQDApYP0FADwBZlMRnQKALjAZDKZlJ46HI6JrgUAAAAAAHzdkZ4CAL5AdAoAAAAAAAAA+DojPQUAAAAAAAAAAAAAIUhPAQAAAAAAAAAAAEBCegoAAAAAAAAAAAAAQpCeAgAAAAAAAAAAAICE9BQAAAAAAAAAAAAAhCA9BQAAAAAAAAAAAACJcqILAACMl8VicblcCoVCo9Gc2xkcDofNZpPJZDqdzre1AQAAAAAAAABwCSA9BYCLgsPh2L59++mOrlixQqvVfu973zt58uScOXM2bdp0bld58803//SnP8nl8qNHj55rpV9tdrtdoVDI5V/fpRccDodMJlMoFGf7LiGEUnnm/9vgcrmcTqdKpTrH+i5u4x+Hr6hz+3gAAAAAwFeFRqFxuBxOt/NCXlQhUyjlSqvTeiEvCgA4H5fsP/4DgK8Wm8323HPPne7owoULtVptSkqKzWZLSUm5kIWNk8ViaWpq6u/vd7lcfn5+MTExoaGhE13UcHa7/Y033sjOzr7iiit8e2aTydTY2KjVaidNmjTsUFNTk8vlSkpK8u0Vz01VVdX+/ftvuOGG6Ohog8FgMBj0en1iYuLIns3NzUajMTw8PDw8XAjx4YcfyuXyNWvWnPESR48eLSoquu+++y62BM5qtdbV1Q0MDCgUiujo6Li4uHM4yccff2yxWG699Vafl3eRKCoqKioquvnmmwMCAia6FgAAAODra3H84tMdKusp6zB1XMhixilKHzUtbFqoNtTpdhrMhoKuggHbwEQXNZxGoXl92evb67a/U/mOb88crAmeGTGzoreibaht5NF1U9ZdN+m6e/fca3fZfXtdAMCXhPQUAC4uKSkpmZmZwxq1Wq0Q4sc//vFEVHRmJ0+ezM/PdzqdAQEBCoVicHDQ6XTGx8dfffXVUuUXCYVC8Y1vfCMqKsrnZ+7t7T1w4IAQ4sYbb4yOjvY+VFhY6HA4Lob0tK+v78CBA7Nnz5YqrKury8/PVygUd955p1qt9u7pcDg+/fRTm8122WWXSenptGnTZDLZeK6SmJio1Wovttm9zc3Ne/bsEUKEhISYTKYTJ07Ex8evWLHiYqtz/IqLiwMDA0dNvs/HZZdd1tbWtmfPnjVr1nx1BwcAAAD4SpPL5Pdl3ecWbrfbPfLoa8WvXeD0NEQTsjZt7eaSzafroFVo7826d27MXKfb2WnqVMlVYdowt3DvadyzpXyLW4xyFxPF4XK8U/lOdV+1z88c5x93X9Z9b5S+MWp6WtBVMGgbdLgcZzzPNYnXdJo6Cw2FPq8QAHBWSE8B4OIyf/78H/zgB6Meev/991tbWxMSEm644QYhxLZt2zo7O2fMmDFnzpz33nuvuLhYr9fffPPNU6dO9bylv79/69atNTU1YWFh45k4eA6OHj1aUFCQlJQ0f/58ab6aw+EoKSk5evTo9u3b165de/FkMHK5fObMmV/e+bVa7YE"
10:43:47.266 [Forwarding screenshot on session 5e9977749cf8e028abefff19f425d7c0 to remote] DEBUG org.apache.http.headers - http-outgoing-14 << HTTP/1.1 200 OK
10:43:47.266 [Forwarding screenshot on session 5e9977749cf8e028abefff19f425d7c0 to remote] DEBUG org.apache.http.headers - http-outgoing-14 << Content-Length:53074
10:43:47.266 [Forwarding screenshot on session 5e9977749cf8e028abefff19f425d7c0 to remote] DEBUG org.apache.http.headers - http-outgoing-14 << Content-Type:application/json; charset=utf-8
10:43:47.266 [Forwarding screenshot on session 5e9977749cf8e028abefff19f425d7c0 to remote] DEBUG org.apache.http.headers - http-outgoing-14 << Connection:close
10:43:47.267 [Forwarding screenshot on session 5e9977749cf8e028abefff19f425d7c0 to remote] DEBUG org.apache.http.wire - http-outgoing-14 << "DB2655ZaL55a95eXl6fX67OxsT4u0vm51dfWwwL6+vt7tdnuvTztlypRxXiU2NjY2NtYX9fqMFAaHhIRcd911Uk587Nix/Pz86urq8d/XxaakpCQ9Pd3n6alMJps/f/7WrVtLS0unTZvm25MDAAAAGL8j7Uf+UPiHia5CCCHSQ9Pnxcw7XXoqE7LHZj02JWTKBzUf7KjbYXFahBDBmuDbpty2ImmFSq56s/TNC1vvWJxu5/a60+6a9OUp6ykr6ykbT89rk67d17SP9BQAJhzpKQB8ZezcuVPa91RKTz/55JOCgoJVq1b9/e9/P3LkiNRnx44dr776alZWlhCir6/v7rvvbmlpkQ7961//uvLKK31bUl9fX0FBQUxMzLXXXuuZm6hUKqWIrqqqqre3NywsTAhht9srKiq6urrcbndAQMDUqVMDAwM9J6mqqsrKyurp6ampqXG5XAkJCWlpaWazuaSkpL+/PzAwcPr06dI01t7eXint6+/vr6mpcTgcoaGhWVlZ3lFfZ2dnVVWV2WzWarVRUVFpaWlSbS6X68SJEzExMfHx8VJPg8FQVVVltVojIiKmTp1aX19vsVik0Ki0tFSlUiUnJ5eVlXV1danV6kmTJnneOKo5c+YcPHgwPz9/1qxZp+vjq3GQDAwMVFRU9Pf3q1SqmJiYtLS00wW3BoOhsbHxyiuvHNYhISGhvLx8WHpaUVGRkJBQX1/vaSktLZXJZBkZGWccmaampvb29lmzZsnl8qampq6urssuu6y8vLytrU2lUk2dOjUyMrKnp6esrEwa9qysLKkk6cmOHBCp5RwGx3uUIiIiZs6c6Zlim52dnZ+f39XVdbr01GKxVFRUdHd3q9XquLi45ORkzyGZTOZ0OktLS7u6uuRy+aRJk7yXax7j+UqjMWPGjPz8/KGhocWLF4/dX9LS0lJXV2ez2YKCgjIyMvR6vdFoLC0t7e/vb2pqstlsmZmZfn5+Qoi2tra6ujqTyaTVapOTkz1LE0sf+8TERIfDUVlZmZqampiY6HQ6q6urDQaD3W738/NLTU31LLUdEhKSkpJSUFCQkZFxsS2/DAAAAEAIIROyG1JuGLQN7mve52m8JvEajUKzo26HSq66MfXGoq6iflv/1QlXB2uCDWbDvuZ9BrPB0zneP35B7IIIXYTNZavuq85pybG5bNKhpQlLzQ5zVV/VDSk3tA+1D9oHr4q7SilX3jL5lvah9pzWnGHFXBV/1dSQqe/XvP9u9buexj5r3yunXtEpdVH6KLVcLZ1cq9AuiluUEpQik8k6TZ0HWg50mbuk/tH66IVxCz9t/DTeP/6K6CuUcmWRoehw2+FAdeCyxGXR+uguc9cn9Z8M2geFEHH+cfNi5n3W+Fm0X/QV0VdoFdrGwcbPmj7z3lU0NSh1fuz8IHWQ0W6s7K083HZYmgKrkCluSrupvKe8uLtY6jkrclZ2RLYQoshQdLzj+I0pNzYONhZ0FXiG4njH8asTrk4OSjY7zCc6TpzqPnUOj2xG+IwpIVP+Vf0vl9sljf8V0VeEakOtTmv9QH1eW57NZQvThl2dcHWUPmpG+Ay9Sv9Z42e91t5zuBYAwCdITwHgq0rKnPbt25ednb158+aysrIXX3zRarVu2bLl+eefF0K89dZbUnT61FNPXXPNNQcPHnz66ad9W0NVVZUQYtasWSOXdc3OzvZMc7Rare+9957Vak1OTlapVLW1tYWFhTfeeGNkZKQQwmg05ufn2+32lpaW2NjYjo4OKdEsKSmJiIhQKpWFhYX19fXSZpMDAwP5+fkWi6W5uTkuLs7pdB49erS6uvqmm26SBqS4uDg3NzcmJiYiIsJoNO7fv7+uru7aa68VQjidzvz8fJfLJUV9jY2Nu3btCgwMjI+Pr6+vr66ulslkdrtdSk8rKyvlcnlZWZlKpQoMDGxpaSktLb3mmmu8g7RhwsLCsrKy8vPzU1NTg4ODR3bw4TgIIZqamnbv3i0t32o2mw8cOFBeXn799dePmnhVVVXJZLLU1FTvRpfLlZKS8umnn/b09HjCM6PR2NLSsmzZstraWk/P8vJyuVwupadjj0xLS0tRUdHll18uhGhraysoKLBYLD09PSEhIXV1dRUVFUuWLDl69Gh8fLzNZjt8+PDAwMCCBQuEEL29vfn5+bGxsd7pqaflbAfHW2ho6PXXX+/dYrPZhBA6nW7U5zgwMPDBBx/IZLKEhASTybRnz54pU6ZIYacQQi6X79y5U6lUSvdeWVm5dOlSaWDHfr6tra1FRUVWq7W2tlaapT12fyHEkSNHCgsL4+PjAwICKisri4qKVq9erVAo+vr6pLuQVskWQhw/fvzkyZPx8fHh4eE9PT07duzw7O/rdrvz8/OtVmt1dXVgYKDFYnE6nR988MHg4OCkSZPUanVLS0t+fr7nLoQQaWlptbW10kz3UYcIAAAAwARyC7fFYbk3694OU0dpT6kQ4rKIy+7KuGtzyWa3cMtl8tUpqyN1kVNCplT0Vlid1qUJS5clLttweIO05O+8mHkPTn+wYbChtLtUr9LfNuW25UnLn8171uQwCSGujLvS7DBfl3ydQqawOW1ymTxEGyKEiNBFmOymkcUsiltkdVp31O0YeWhj/kbP334qv2fnPuun8jvWcczqtM6NmbsqZdXPj/y8tr9WCBGuC1+dslqr0GaFZZX1lE0KnLQwdqFeqb8m8Zr6gXq7y75y0srLIy9/8tCTQohIXeTqlNWB6sCssKzS7lKlXHnblNvmxcx7Ju8Zp9sphLg28do7M+4s7y2v7a8N04Y9MP2Bb0R/QypGKVeuTlmtkCmk9HTd5HU3pNxQ0VvRMNiwNm1talDqdZOu29WwS0pPF8QucLldSxKWWJ3WTlNnZmjm0oSlvy347fGO42f7yLLCsq6bdN0HNR+43K4roq94OPvh8t7y+oF6f5X/t9K/dU3iNT878jOVXKYZqsgAACAASURBVBXnHycTMj+VX4QuQiVXne1VAAA+RHoKABeXEydObNy40bvF399//fr1p+vvdDqff/75gICA7Ozs/fv3Hz9+vKamRjp06NAhIURGRoa0Zu+KFSv27Nnz+eef+7Dazs5OuVw+bKfPkerr641G48qVK6X5cLNmzdqyZUtBQYEUakqpZ2tr69q1axUKhcPheOuttw4dOrRs2bKUlBQhRGBg4LFjxwwGQ3h4uNS5qanp1ltvlRaePXXq1OHDhz2rsBYXF0dHR0vTc4UQJ06cOHHiRHd3tzQF1lteXp6fn9/NN98szVuVVnOVtvmUqmpvb583b9706dOFEDab7a233iotLR0jPRVCzJkzp66u7uDBg54CvqRxcDgc+/btCw0NXb16tfTGtLS0nTt3lpaWSgUP09LSEhERMWx/U7fbnZSUpNFoysvL58+fLzVWVlZqNJoxNmod/8hIhTmdzlWrVkkVfvDBB59//vm6dev8/f2FEDt37qysrJTS07Gd1eCMcR6Xy9XT05OTk6PX69PT00ftc+jQIbfbfeutt0ozWQsKCo4ePZqeni59zg0Gw/z586WI3W63v/XWWxUVFVLuOPbzVSgUbrd7cHDwm9/8pnQ7Y/fv6uoqLCycNWuWNJXZZrO98847ubm5q1atmjdvXn19fWpqqvQDha6urpMnT06fPn3evHnSLUjraaempoaHh0tpelVV1fLly6VFlZubmw0Gw3XXXeeZMZyTk9Pa2upJT2NjY2UyWXNzM+kpAAAAMFEUMoVGoRnW6Ha7pXmcuxt3XxZ52b1Z9z556EmFTHFP5j0nO0/ub94vhJASxCuir3j68NONg41CiE8bP31+/vM3ptz4WvFr0h6llX2V//fo/5WmY37e/Pkzc5+5IeWGdyrfEULYXfa04LSddTvfq3lPumisf+w3or6xqWjTqHUmByVX9lZKC/aOYVbkrDBd2AsnXijpLhFC/Kv6Xxuv2nhjyo1SqCnVnBGaseHwBrvLrpKrXl7y8t2Zd79c8PLRjqNCiHZT+7rJ6yYFTqofqJc6Twub9n8O/R/pusuTln87/dvzYuZJU2OvTbq2orfi+aPPS5dem7b2ptSbEgMSpdHwCNYEX5d83ZH2Iy8"
10:43:47.267 [Forwarding screenshot on session 5e9977749cf8e028abefff19f425d7c0 to remote] DEBUG org.apache.http.wire - http-outgoing-14 << "XviyEkMvkT8x+Qi6TezZqdbqdU0Omvl3+9q6GXUIIrUL7+yW/X5qw9BzSU2/Lk5ZX91V7yov3j18/bX1CQEJtf+1b5W/Nipx1uO3wzvqd53MJAMD5Iz0FgItLWVlZWdl/bIYRERExRnqampoqzWMTQiQkJBw/ftxoNEov29rahBDeEVF6erpv01OLxaLVas+4zefUqVO9d2NVq9XBwcHS/DmPKVOmSDGPUqkMCgrq7++XUjEhhBR8Dg0NeYKxKVOmSNGpEGLy5MmHDx/u6OiQ0tPbb7/d+7RRUVFCiL6+vmHpqcVi6evrmzFjhmfJ3+zs7MLCL3YWkclkSqXSs/WjVPPQ0NDYd6pWqxcuXLh79+7y8vKR4ZwPx6G1tdVisXivxBsfHx8UFFRfXz9qetrb2ztqWKhQKCZPnlxdXT137lzpVJWVlWlpaWMs2Tr+kZFmJEszVj31x8XFSdGp1NLc3Gy32z1Pc2xn9SEZKScnp7S0VAiRnJx87bXX6vX6kX3sdntzc3NGRoZnEeDMzMzo6GjPZGKlUimtjC2EUKlUwcHBJtO/f3899vOVRiMzM9PzyMbuL8399SyqrFarr7/+erfbPbJm6QcTl112madl2rRpBQUFDQ0NntEICQnx7EfrcrmEEJ2dnZ70dOHChd4nVKvV/v7+PT09I68FAAAA4MKYEzVnTtScYY1tQ22P5zwu/f3KqVd+seAXt0y+RSVXKeSK14tf9+5Z2VfpCQsbBxtbjC1TQqYIIbLCsrQK7d6mvZ6MsKa/ptnYPDNippSeCiGUcuXH9R+Pp0itQquUKfusfWfseaDlwIGWA56XZoe51dga4xfj3SenNcfusgsh7C57+1B7tF+0FJ0KIRoHGoUQIZqQelHv6eyJbHNbc7+d/u0pIVOk9PSxg495n7aqt0oIEeMXMyw9nRI8RSFTeNYidrldO+p2ZIb+x742Nqdtd8Nu6W+L09I21BaiCTnjzY5NKVcGqYOCNcHSuDUbm5/Je+Y8zwkA8DnSUwC4uFx++eXDdicdNeMZ9aj33p9CCLPZLITwjsGGdTh/CoVCWjj0jAwGQ3V1dV9fn9VqdblcfX19w9ZNlfZu9NQ57KUQwjs3Cgn54uuKVqtVKBSeBMtut9fU1LS2tppMJofDIa3RKsVF3qT+nuBZCKFWq4dtOenn5+e9IrFKpbLb7We800mTJiUlJeXl5SUlJY1cG9ZX49Df3y+EKCsrq6ur83Sw2+2Dg4MjS7JYLG63e9Q9QYUQU6dOLS4urq+vT0lJaW9vHxgY8I70RnVWI+O5Bal+T3QqRnuyZ7yu93vH/pCMlJaWFhoaOjAwUFVVtXPnzmuvvXbYExdCGI1Gt9vtXaRarfaeXe3v7+9970qlUvqMSc74fIct6TxG/4GBAYVC4f12z+rKw/T398tkstzcXO9GmUzm/WHwvm58fLz0S4uKior4+Pj4+PjExMRheblWq7VYzvDjcQAAAABfnoreipERptlh9vzdZ+17o+SNh7IfkslkL554UdoT1KPF2OL90mAxTA6eLISI0kcJIdqH2r2Pdpg6poVN87zstfSecS6pxOFyCCHGucbspMBJ82LmxfjF+Kv85TJ5nH9cv7Xfu0OP5YtfcNpctmEvhRBy2Rc/3fa+wUH7oM1lC1T/+/udRqGZFzMvIzQjWBOslqv1Kr0QQiEb/hPhYE2wEMKz96oQoq6/blifHkuPJ2YWQlidVq1i9G/W4/dO5Ts/vPyHv7nqN6XdpaU9pSc7T7YNtZ3nOQEAPkd6CgAXl8zMzDvvvNMnpwoLC+vs7DQYDJ6W9vb2Mfqfg8DAwM7OzqGhIe8ca6TKysr9+/dHRkampqbqdDq5XH7ixIlhseuwnVNHbqTqbVgMrFQqpbM5HI4PPvhgYGAgIyMjLi5OqVT29/cfPz7KojpS4jVs1uyw055xTu3pLFiw4J///Gdubu7SpUu9b8SH4yC9S61WazRfLOWUnJw8as0Oh0OcPjsPCwsLDw+vqKhISUmpqKgIDQ0de/FbcZYjc1ZP9ks9VXR0tJSDzpgxY9u2bYcOHVq5cuWwPtLAjj319nSHxvN8vZ/C2P2dTuc4x9npdMpkMu9PghAiMzPT+0cG3rN75XL5ypUrGxsb6+rqGhoaysrKdDrd0qVLPZNTpf6eWewAAAAALrxea++JzhNj9+k0dwohXG5Xr7V32CGb0zbspZRxKuVK8f9XyvVwuV1Su8TqtI6zSIfb0WvtTQxIPGPPhbEL/3v6f9f01eS15w3YBhwux9q0tcNiV5fbNcbLYU53g2q5+qdzfxqpi9zbtLeku8TqtMb4xdycdvPIM+iUOiGE0/XFUEgzX70NGyifKOku+eHnP1wUvyg7PPvWybfePuX2nNac14tf/zKuBQA4Z6SnAHDJSklJ6ezsPHbs2MDAQGBgoNFo9O2yvUKI+Pj46urqyspK71VDJRaL5fjx49nZ2QEBASdPngwODr7xxhs9adCJE2f4Ejg2q/WL73Jut9tqtUpT9Orq6np6epYsWTJ58mTpqLT86UjSDqDeswaFEGeMgcfJ399/zpw5hw8fnjp1qnfY5sNxkO43PT3ds/jqGKRczXvQhklPT8/JyTEajbW1tbNnzz63ks6TNFDek0d9NffRaDT29fVFR0d7kku9Xh8REdHR0TGyszSZW5q3fbbO9vmO3d/Pz89utzudzjGiXE/NLpdr7ty5Z+zpLTExMTExUQjR3t6+b9++vXv3fvvb3/YclRblHv/ZAAAAAFxgKrnqOzO+c6r7lPTH07lPO9wOz1E/1X98t/VX+Q/aBoUQ0r/7q/y9jwaoA6T2c3DKcGpR3KLJwZOr+qqGHZoaMjUrLGtn3U6L07ImdU2rsfW5o895MsK1aWvP7YoS7xuUCZmfyk+6hdlRsxP8EzYVbcpt+/fyPCMXQJZIE3mlDFUSoj3fVXnHqd/W/1HtRx/VfqRX6m9IuWFV8qrK3sp9zfsuzNUBAONxjrNqAAAXv1tuuUUIMTQ09F//9V+//vWv77rrLik9GrmM7TlLTU319/fPz8/v7Oz0bnc6nXv37i0rK5MSO7PZHBIS4omIDAZDb2/v+NdrHcl7Em1XV5cQQlqCVQq9vLc4raoa/v1NEhgYKJfLvfOz1tbWc8vMRjVt2rTw8PCDBw96Tx/04ThIcygbG/9j15b6+vpR5wuqVCqFQjHG3UkbnR45csTpdHqC5wtM+nB6F9na2uqTM7e0tOzcubO+vt7T4nK5ent7R66rLITQ6/U6na6pqcnTYjAY3nrrLWlv0bGd7fMdu7/0MW5ubvb0/+yzz95///2R55E+DN41OxyOmpqaYT8O8Ojs7PS+nejo6MmTJ5tMJu/+Fotl1PEBAAAAcJG4bcptIZqQzcWbXy9+PUIXcdvU27yPSrucShQyRXJQcrupXQhR2VcphMgM+2J3T41CMylw0sjsc5w+rv/Y6Xaun7bes3CuJEwb9sD0BxbFLZJWvg3SBLUOtXqi00mBk+L8485naSLvG0wJSpEJmXSDQZogIYT3FqcLYheI0ZYRajY2CyHSgtM8LfNi5p1zPeOkVWivjLsyQhchvTQ5TFurtrrcrlj/2LHfCAC4wEhPAeCStXjx4gcffFClUjU0NGzbtu3yyy+/++67pUNjTEM8KwqFYtmyZXK5/MMPP8zNzW1qampraystLX333Xebm5sXLlworQEbFhbW0tLS1dXlcDgaGxv37dsXGxtrNpvPuYympqaKigqbzWY0GnNzc+VyuZT5SZcrLS2VDh04cECKpnp6eoadQalUpqam1tfXFxUV9ff319fX5+TkeG+Dep5kMtmiRYuMRqN3puXDcQgKCkpOTi4tLS0tLbXb7SaT6cSJE7t3725paRm1f1RU1KhTLSVqtTo5ObmmpiYxMXGiZhyGh4fL5fLi4uK+vj6TyVRUVOS96PT5SElJCQgIOHToUFlZWXd3d1tb26effmo0GtPT00ftP2PGjO7u7sOHDxuNxs7OzgMHDjidzpiYmDNe6Gyf79j909LS9Hp9Tk5Oe3u70Wg8depUTU2NtLiuNJlY2qTWarWmpaX5+/vn5OS0trY6HI6+vr69e/f"
10:43:47.267 [Forwarding screenshot on session 5e9977749cf8e028abefff19f425d7c0 to remote] DEBUG org.apache.http.wire - http-outgoing-14 << "u27fPsxnwMF1dXXv37i0pKTGZTHa7XQpTQ0NDpQnZQojBwUGTyRQVFTWO0QUAAADwpYjQRVwZd+XIf0kblGaGZl6bdO2Wii291t4uc9fWqq3Lk5Znhn6RieqV+jsz7gzWBGsV2rsy7tIqtAdbDgohWowt+V35y5OWXxZxmUahidBF3D/tfrVcvaNux+kqGbIPaRSazNDMSF3kyKPNxua/lP4lxi/m+fnPX598fUZoRlZY1prUNc/Nf06n1P2+4PfSOsD1A/WZoZnJgckahWZmxMwHpj9Q1lMWpA4aNkd2/GaEz1gUt0in1IVqQ+/MuNPpdh5uOyxdSAixLHGZTqkL04bdm3WvtAJwvP/wdZvKe8s7zZ03pd00K3JWlD5qRdIK781fz83k4MnDnld6yH988bS77Osmr/vOjO8kByZrFdogddCNKTfKZfKK3gohxJB9SAgxNWRqhC7inEcGAOATrNwLABcFvV4/6vac3l599dUxXgohnnjiiSeeeMK7Zf369XfccYfBYAgLC5PWpL311lt9Ue8XIiMjb7755mPHjlVUVBQXF0uNcXFxV155pSdwWrBgwe7du9977z0hRHBw8OLFi202265du/7yl7+sWrXqHC46e/bsiooKaSFijUZz9dVXS3NPY2Njp0+ffurUqdLSUrlcnpGRsXTp0o8//riwsLCzs3PFihXeJ1mwYIHNZjty5EheXl54ePjixYsPHTp0PkMxTHh4+PTp04uKiryv6MNxWLJkSW5u7uHDh3NycoQQWq12/vz5U6dOHbVzfHz80aNHBwcHT5cQp6enV1dXny5QvAB0Ot38+fMPHz78z3/+UwiRlJS0YMGCHTt2DNs39ByoVKqVK1fm5OQcPHhQatFqtXPmzMnOzh61f3Z2ttPpLCwsPHXqlBAiNDR05cqV0oq+Yzvb5zt2/9jY2FWrVu3fv//DDz8UQsjl8hkzZkjrKqvV6smTJ1dVVTU0NEjrVK9aterAgQPbt2+XzhwSErJy5crg4OBR68zMzDSZTMeOHfN84BMTE+fPn+/pIE14Hc+i0AAAAAC+JKlBqalBqSPbS7pLavtrH5j+QEl3yf7m/VLj7obdV0Rf8eCMB3+c82Np886c1hy9Ur/xqo0KmcLusm+v257TmiN1/mPhH+/JvOf7l31fIVMIITpMHRvzN9b0n3a5nUOthxbFLXpyzpMdpo7HDj42ssO+5n2tQ61r09beOvlW6Zx2lz23LfeDmg+6zF1Sn7+V/e37l33/Z/N+JoRoHWp99dSrOqXu0csf3XT1pv899r/S/NSz8q/qfy2KW3T/tPuFEEa78Y+Ff+wwdQghynrKPmn4ZHnS8qUJS+0u+77mfX8o/MNjsx5blbwqLTjthRMveM7gcrs2ntz4wIwHfnDZD5xuZ2FX4R8K/7Dxqo3ns1DWwtiFC2MXerfkteeV95Z7Xjrdzl8d/9V90+6ThkII0Wft+1vZ3453HBdCmB3mnNachbELL4+83HvxYQDAhSc7n/89AABcMlpbWwcGBtLS0jx7Q54tl8tlMpmcTqder1epVCM7GI1GuVzuSaFcLpfD4fBMdxunpqamjz/+eMWKFYmJiWaz2W63+/v7e6+OK4RwOBwmk0mv13vuxWazKZXKYd08ZbjdbmnDyLfffjs8PHz58uVnVdLZ8sk4eDidTumE/v7+Y6x6ZDab//73v2dlZV1xxRXndqELw+VyGY1GjUYjTa/0LWmSrkajGc/8WqkShUJxtlvhnu3zPWN/i8VitVr9/PyG/WdTWuXYe31dm81mMpnUavV4sl6Xy2U2m51Op5+f37ANU999912lUrl69eoz3y3gOzab7dSpUzExMdIcawAAgEvDDe/d4KfxUylG+Y78JVHJVX++5s8763f+veLvWoU2SBPUZ+2TJoB6U8vVodpQi9PSZ+074zmVMmWQJmjANiBFs6ejlquDNEEyIeu2dHsW6fUWqg11uV2eKypkCo1CY3KMvmrO6cwIn/E/s/7nxZMvFnQVBKoDdUqdwWwYdjmNQhOkDuq19noK1iv1Vqd11KrUcrXdZXcLd4Qu4qVFL71V/tauhl1nVdI50Cv1AeoAs8M8YBsYdkhaA3lk+9jsTvuQdeijmz7yWYkA8PXG3FMAgG9IAd4YHYYdlcvl5xwZSnQ63ahbMyqVSmkqqseoFzp58mRbW9uKFSuk6Kirq2toaCgjI+N8ShoP346DQqEICgo6YzedTpeVlVVSUpKdnT1Ra/OOh1wuH/bsfEilUo1nrM6zkrN9vmfsr9VqR31kIz/8arV6/J8luVw+ajDc0NDQ3d19/fXXj/M8AAAAAC5aFqfFYrKMesjmskkbhY6Hw+3otnSfsZvNZfNMNh1Vj+U/dtVxup1nG50OM2AbGDVltDqtneZO75aRF5IJ2UPZDw3YBv5a9lepZU7UHCFEXX/d+ZQ0TiaH6XT3fra5KQDgy0B6CgD4moqIiDhx4sR7772XlJRkt9srKyv9/f2nT58+0XV9WWbNmlVfX79///5hKxgDHhaLJScnJzMzMy4ubqJrAQAAAIAvkVu424ba1qSuidBF1PbXRvtFz4uZd6zjWGVf5USXBgCYeKSnAICvEq1WGxsb65PZkwkJCWvXri0vL+/u7pbL5dnZ2RkZGaOuOXxpUCqVy5cvP3ToUEtLC9kYRlVZWRkdHe29ByoAAACArxaX21XSXdI+NN55pV85g7bBku6SQdvg+Z/q3ep3a/trZ0fNTg1ONdlNfy7588GWg+d/WgDAJYB9TwEAQvhi31MAAM4Z+54CAIBL0oXf9xRfT+x7CgC+JZ/oAgAAAAAAAAAAAADgokB6CgAAAAAAAAAAAABCkJ4CAAAAAAAAAAAAgIT0FAAAAAAAAAAAAACEID0FAAAAAAAAAAAAAAnpKQAAAICLgl6vn+gSAAAAfMwt3BNdAi59buHWKXUTXQUAXDpITwEAQgih0WjsdrvbzZc6AMAEcLlcgvQUAABccrLCs5wu50RXgUuf0+VMCU6Z6CoA4NJBegoAEEKI4OBgp9NpMpkmuhAAwNeO2+3u7u7W6XRqtXqiawEAAPCleTHzbA7bRFeBS5xLuGwO27LEZRNdCABcOkhPAQBCCKFQKCZNmlRXV2cwGCa6FgDA14jT6Wxra+vq6kpOTp7oWgAAAHxsddrqzLDMQcugw+WY6FpwaXK4HEOWocywzGVJpKcA4DMyFmkEAHgMDg7W19fbbPwwFgBw4eh0uuTkZJ2OjZoAAMCl6bWi1z6s+XCiq8Al65vp37wj446JrgIALimkpwCA4cxms8lkslqtE10IAOASp9fr9Xo9C/YCAIBL3pB9qLa/9lTXqYkuBJeU6RHTU4JS/FR+E10IAFxqSE8BAAAAAAAAAAAAQAj2PQUAAAAAAAAAAAAACekpAAAAAAAAAAAAAAhBegoAAAAAAAAAAAAAEtJTAAAAAAAAAAAAABCC9BQAAAAAAAAAAAAAJKSnAAAAAAAAAAAAACAE6SkAAAAAAAAAAAAASEhPAQAAAAAAAAAAAEAI0lMAAAAAAAAAAAAAkJCeAgAAAAAAAAAAAIAQpKcAAAAAAAAAAAAAICE9BQAAAAAAAAAAAAAhSE8BAAAAAAAAAAAAQEJ6CgAAAAAAAAAAAABCkJ4CAAAAAAAAAAAAgIT0FAAAAAAAAAAAAACEID0FAAAAAAAAAAAAAAnpKQAAAAAAAAAAAAAIQXoKAAAAAAAAAAAAABLSUwAAAAAAAAAAAAAQgvQUAAAAAAAAAAAAACSkpwAAAAAAAAAAAAAgBOkpAAAAAAAAAAAAAEhITwEAAAAAAAAAAABACNJTAAAAAAAAAAAAAJCQngIAAAAAAAAAAACAEKSnAAAAAAAAAAAAACAhPQUAAAAAAAAAAAAAIUhPAQAAAAAAAAAAAEBCegoAAAAAAAAAAAAAQpCeAsCF53ILs93lck90HeNgdbisDtdEV3EWzHaX3XmOI+t9s1+5GwcAAAAAAAAA+IRyogsAgEuQxe46XNPX2mc1Wh16tSI5XDcnOUij/PcPVoqaB3/0TvmGG9OumhJy4WtzC7Gr2OByua/JClcpZGN3/uE75U6X+093Zl2"
10:43:47.267 [Forwarding screenshot on session 5e9977749cf8e028abefff19f425d7c0 to remote] DEBUG org.apache.http.wire - http-outgoing-14 << "Y2s6TzeFe9dsTt86OfnBxwsijlR2m6o6hUd84JzkoIkD9/b+XKeSyP3wrU3zVbhwAAAAAAAAA4CukpwDgY7tKDL/7tMHtFpOj9BqlvHPQ1tRjiQhQv7BuanyIdqKrEycbBn79SZ0QQq2UL8sMm+hyLpycqp6389rko+XFv7h5akSA+qbLo+Sy0ePkjXsabvtGdEyQ5sstEQAAAAAAAAAw0UhPAcCXOgdtL+6qnx7v/+zqyf4ahdRY0DT4k39VPr+9ZtNFMJfxw4LO1Ai9SiHbUdT1tUpPJZv/a3pi6OgZ9vKs8FHbu4fsHxV2rpweTnoKAAAAAAAAAJc80lMA8KXytiGny31jdqQnOhVCzEwIeGx5stnmtDvdnsVy5TJR3j60u9jQZ3bEh2huujwqRK/yvOVoXf/hmr5+kz1Qp5yTHDw/LVgmhMFo/7CgY/HUsJQIndRtX3lPncF00+XRIfp///f5+/mdOrX8dEGgwWjPre69d2G8ViV/eW9jY49lWJRY0mrcU2IwWp3J4frVl0V62nOr+8rbjXdcEatVfbFh9uGavvK2oW9eEaNVyU021yfFXRXtQy63OzZIu8Ira2zqsewpNdw4M8owaNtdYhi0OpJCdWsuj/IeohMNAzlVvUarIyFEd312RJjfF0PR0mfdVdzV3GvVquTZCQHLMsIUXhNI95b1HK3rE0JkJwQuSQ8dxyM6rQ8LOmUy2Q3ZEd6NhU2DO4q6pKNRgZq75scKIZwu9/6KnvzGAbPNFROkuXZauGcYj9b1V7YP3TI7+u281m6j/fGVyUKIXpNjT4mhudfidouEUO3SzDDvGwQAAAAAAAAAXDzkZ+4CABi3UD+VEOJEw4D7P9uXpIdeNyPCe5/RgsaBn39U7XC55TLx9yNtP3qn3POWjXsanny3snPAFhuiHTA7nvmg6vntNUKIQK1y6/H2z8q6PSfZfLB5S17b8fp+6aXF7tq0r7Gtz3q68nYWdQkhlmWGLc0IU8pl2ws7vY8erun7/payklZjRIC6scf8o3fKrXaXdMjpdr+d13a4ps+7/yufN+XV9mlV8gGL44G/Fv81t0WtlIfoVfsreu7ZfKq87d+bjHYM2N7Oa3vvZMfPPqp2uNzCLf6S2/LoP8rcXud5fGtFS6/FT63YXWK4Z3NRbZdZOnS0rv++N07lVPXFBGmEW/xmd/1j/6ywO92eNz6/o6bP5AjzV++v6JZWJD5nO091fVLcNazRaHW29VuFED1D9vYBqxDC4XL/+N3KX35c53C6owLVx+r7179ZnFv975EpbBr8S27Ln3Oad5cYWvosQojmXsvdm4t2FHUp5TKFXPZBQcf6N4obui3nUyoAAAAAAAAA4EvC3FMA8KWsOP8Z8QE7irpqOk3LMsOyEwInhetG3WvzSG3/K3f9P/buM86q6tAb8JrKwAxt6IIURQQBwQLBEgsxioqKnRijaEg0tus1anxzE6P3YtRYMLagEoIFJRGjIioIIk1EJDRRkV5EhmGAYQpMn/fDiicTuoqi5nl+fDizzz77rHP22Wsv9n+vtbrE/pets2s/OX3NwrXFnVpkzltd+Mq83B/3anH5sa3imiNnrn1iyicnd27cEHrYlgAAIABJREFUs139Q1vVnbu6IC7P2Vy2dnPp9w6oP2dVwQ8PaRRCeH9NYUVV9fcOaLDDslVVh1fn5x7Ztn6TuukhhGMOavjGB3kDv79/euo/y/fElE+a1kt/+MeH1EpNDiG8+dGG37+67KBmdUIIvQ5okFUrZdLHGxP9Oxfnblm9seSqE1uHEN5enJ9bUPb7czsc0aZeCOHSoyt/9Ni8Z9/99H/7HRRCSE1OCiFM/njj45f+8/O2bJjx9DuffrCmqEvLrIU5xX97L+fSo1vGbp3FZZWXDp3/6Fur7r3g4NKKqrtfX3ZgkzoPXtQp9jc9sVP2LaMWjZ6be+4RzTYWl4+alXN8h4a3ntk+Fum+N1Z8ub23A8e0b1BUUvHhp0UDjml5cPPMEMLf/7Fu9sqC/+t30NHtG8Rv9b9HfnTfG8t7tOuelpKUlpJUVR3WFZQ9+/NuscxjF+SVlFf96Sed66QnhxBKyvf/zYuL3/+ksE2jfT8JLgAAAAAA29D3FGBvSgrh7vMOvvTolusLyx6euOpnTy7o9/Ds20cvmbl88zZr9u3WJDF0bccWmSGEvKKyEMLUxZtCCGd2b5ZY89SuTUII7y7LDyH0bNdgUU7x1vKqEMLsVZub1Us/vkP23FX/zFPnrCyoVzs1hnzbm75kU15R+emH/nNk2tMPbVJYUjl50cb458bi8pUbth7TvmGMTkMIJ3ZsFAO/EEJaStIJHbPfXZa/peyfvVEnfrQhJTkpzpx6atfG4244MkanIYTMWimtG2Ws3vhZ98qkEEI47dBtP++GorIQwpSPN4YQzuj+z1GCM9NT/nB+x1+cuH8IYc6qgvwtFRf2bJEYqrdH2/qtGma8vWRTCGHu6sKq6tC707+mbu176L8NurtDkxZufGVe7jb/Ep1Z98RbCze0bVw7RqchhOSkcFb3ZvlbKj78tCiEkJQUQghndGuaKHNFZXVlVfWS3H/2xM1IS773goP7dtt9UQEAAAAA+Prpewqwl6WnJl1y9H4/OXq/FXlbF6wpnLOq8N1l+VMWbTqta5NfntI2sVrzz6YFDSGkpyaHEGKGt2ZTSUZacuOsf82LWb92amZ6yqf5pSGEHu3qP/pWWLCmsEfb+rNXFnTbv163/eutK1ies7msef302asKerStv8OuriGE0XNzG9ZJO+rAf8Z+h7ep16xe+ph5ubHfam5BWQihab30xPrJSf9WyB8e0njMvPXTl2w66ZBG1SG8tXDj9w6oX7/2P88ji9dtefOjDas3lhSWVFRWVa/csLVBnX+b2rPmpjLSUkIIMbJcu7k0LSUpMW9rCCExq+uaTaUhhNfmr5+2eFPi2a1llTmbq0IIuQWlIYRm9f612ZYNd9+b8+l31my/sHfHRmkpKdsv36E1m0oz0pJ//+qyxJKCrRUhhJyC0m6hblyyf43ZZM89otm0xZv+e+TCg5tnHt66Xs8D6ndtVXcnuwgAAAAAgH1MegrwlUgKoV3j2u0a1z6jW9PissrbX17y2vvrTzu0SacW/+wYmpS04wStoqo6Zbv8MyU5qbKqOoTQOjujWb30easKj2xbf86qgp8fv3/z+unN6qXPXV1wTK2GS9ZtOf/I5jvc7Kf5pf9YWZCcFM5+eE5iYUlF1bqCspUbSto0yiivqo5vtM37Jh53aZnVon6tSR9vPOmQRu9/Uri+sOya3q3jU298kHf368s7tcg8sWOjBnVSU1OSn3x7TVlF1c42VVNZRXXN6WD/7anKqhBCnVopiU6rIYRjD2qYlpocQqio3LbAO3uLmv58WdfW2V9qyNyyyqqsjH8rUlatlLO6N22S9a/gOSPtX0M7NKmbPuyyrhM+yntnaf5Lc9Y9N3Nth2Z1/rffQXH8ZAAAAAAAvlGkpwB7U3FpZW5hWbvGtWsuzExPubBni3+sLFi2fksiPd2ZBrVTt5ZVllf+K1OsqKouKq1I9PLs0a7+3NUFy9dvzd9ScVjreiGEQ1vVnbuqILNWSgihR9v6O9zsK/NyQwhXndi6Tvq/Yr+yyqo/jl85Zl7u1b1bZ6anhBC2lFbWfNWm4vKGmf/qQnrSIY1GzlxbXFo58aMN9Wqn9vqsG+tT0z9t0yhjcP9OiTI/+fYOunjuUOO6aVvKqmp+3oTsOmkhhNO6Njmybb3tXxg/b3HZvwq8qbh8D9/0y8jOTGuUlX7dSW32/CXpqUmndW1yWtcm5ZXVkz7eeN+45Y9NXv2bvgd+dYUEAAAAAOCLMe8pwN502+glVz/zYW5h2TbLl+ZuCSHsSXfDLq3qVlWH+Z8UJpYsWFNUVR06t/znqLA92tb/OKd4+tJN+zWo1bRuegih2/715q0unLe6sGOLzHq1d3BbTHll9dgFeV1bZp19eLNTujRO/DujW9Mj2tZ744O8sorqVg0z0lKSFuYUJ161ckNJXtG/5ZEnHdKovLL63WWbpy7e1LtjdupnfT3zt5S3zq6diD8Xr9uycsPW3X7"
10:43:47.267 [Forwarding screenshot on session 5e9977749cf8e028abefff19f425d7c0 to remote] DEBUG org.apache.http.wire - http-outgoing-14 << "S6MAmdUII79WYF/b/Xll69YgPQwidW2aFzyZ8TZi2eNO6grIQQrvGdUIIH68tSjw1a8W2k8vuRYmZUbu0rLsop3jTln99M2vyS2etKKio2vHkqdMWb0rszbSUpB8e0qhTi6xVG0p2uDIAAAAAAPuW9BRgbxpwTMukpHDtiA9f+Me6xeu2rNxQMnd14ZBJq5+Ysrpj88wj2uygD+U2TjqkUeOstIffXLl43ZaS8qpF67Y89ObKRplpcXbSEMLhbeonJSW9PCe3e+t/bq3b/nVzC8umLtrYs12DHW5z8scbC7ZWnHZok+2fOq1rk6LSysmLNqanJn3/oIYzlua/NCd3Q3H5R2uL7xm7rOG/z13aqmFGpxaZz8xYk7+lok+Xf23toGaZc1YVfJxTXFJe9c7S/LteX9Z9/7obi8sLSip2+3l/cEij7My0P05YMf+TwtzCslGzciZ9vDH2qW3VMOO4Dg1Hz819ZV7ulrKqjcXlT05f87uXl8xeWRBC6NIqq2nd9BHvrn1vxeaNxeXvLM0fM2/9bt/uC8jKSA0hzFqxeU1+aXll9QU9mleH8LuXlqzeWFJSXrVgTdFvX1z0wPgV1TsOT8OEDzf87+ilM5blF5RUFJVWTlm06eOc4q6tsr6KogIAAAAA8CUZuRdgb+q8X9Z9F3YcOuWTIZNWJfoiNqyTes4RzS85er89mZgzMz3lD+d3vG/c8iuf/iAu6doy63dnts/8bKLNOunJnffLmv9J4WGfpaf7NajVOCstr6j8ewfseNje0XNzM9NTjj84e/unjm7fsF7t1Ffm5v7wkEbX/qDNxi3lD7258qE3V9ZJT77i+NbTl27KLfi3frQ/7Nz4wQkr2zaufVCzOomFV/dufdvLS6565sMQwv7ZGTf3abe1vOo3Ly465+E591xw8M5meE183nsv6HjvuOX/PXJhCCEtJemCHs0vO6ZlfPZXpx7wyFurHpm46oHxK0MIDeqkXt279aldG4cQUpOTbjur/aAxS28ZtSiE0Kxe+m/6HnjT8x+XV1bt/N2+iMPb1GudnfGXaWv+Mm3Nsz/v1r5pnTvP7fDQmysHDHs/rtCjbf3/+mGbnc3e+stT2g1+Y/mtLy2JM9empyad2qXJz47bf+8WEgAAAACAvSKpemedZQD4Esorq/OKysorq7NqpWRnpu3+BdspKKnYvKWiQZ20uhkpu19779m0pWJLWWXTuuk7iwN3qDqE9YVlKclJjT77sOWV1aUVVVm19rTw+VsqikorGmelZ6RtOy5CWUV1bmFpanJy03rp2wfQOZvLkpJC03rpn6O4n1NVdcgrKstMT8ms8XE2FpcXl1Y2zEzbk89YWlG1sbg8JTmpcdYOPgIAAAAAAN8Q0lMAAAAAAACAEMx7CgAAAAAAABBJTwEAAAAAAABCkJ4CAAAAAAAARNJTAAAAAAAAgBCkpwAAAAAAAACR9BQAAAAAAAAgBOkpAAAAAAAAQCQ9BQAAAAAAAAhBegoAAAAAAAAQSU8BAAAAAAAAQpCeAgAAAAAAAETSUwAAAAAAAIAQpKcAAAAAAAAAkfQUAAAAAAAAIATpKQAAAAAAAEAkPQUAAAAAAAAIQXoKAAAAAAAAEElPAQAAAAAAAEKQngIAAAAAAABE0lMAAAAAAACAEKSnAAAAAAAAAJH0FAAAAAAAACAE6SkAAAAAAABAJD0FAAAAAAAACEF6CgAAAAAAABBJTwEAAAAAAABCkJ4CAAAAAAAARNJTAAAAAAAAgBCkpwAAAAAAAACR9BQAAAAAAAAgBOkpAAAAAAAAQCQ9BQAAAAAAAAhBegoAAAAAAAAQpe7rAgAAAHwOpaWllZWVKSkptWrV2tdlYacqKytLS0tDCBkZGcnJbttlH6uoqCgrK0tKSqpdu/a+Lss/bdmyJYSQnp6emurKDHwXfIvaJ1VVVSUlJcE5GgB2Lqm6unpflwHgP0VFRcWYMWNCCElJSaeffnrNCyVTp07dsGHDQQcd1Llz531XQPaaDz744MMPP8zLyysrK2vQoEHnzp2POOKIpKSkfV0udiUnJ2fGjBm7WKFXr17Nmzf/2srDnigoKJgxY8batWs3bdqUnp6+//77H3XUUY0bN97X5SKEGme9HWrRosX3vve9L7blX/ziF++9916PHj3+9Kc/fdHSfZdNmjQpPz8/IyOjT58+2zw1fvz44uLi+vXrn3jiiV91MWbNmnXllVeGEIYOHdq9e/ev+u34zog/4JpLUlJS6tev36VLl+zs7C+82aFDhw4ZMiQ5OXnmzJlfuox7x5FHHhlCuPLKKwcOHPiVvtEnn3wyc+bMdevWlZWVNWrUqHv37l26dPlK3xG+yXbYPklLS2vatGnXrl0zMjK+8Ja/Re2TuXPnxprHORoAdsYdjgBfn7KyskGDBsXHW7du7d+/f+Kp4cOHz5s379JLL5WeftsVFRXdfPPN21+Y69KlywMPPNCgQYP456BBg4qLi++888493Ozzzz8/fvz43//+92Khr87ixYsTR+gODR48WHr6jTJu3LhBgwZt3bq15sK0tLRf/epX/fr1i3/OmzfvkUceGTBgwNFHH/2F32jLli033HBDr169BgwY8KVK/B+m5llve8cff/wXTk/Ztblz5z7zzDMhhO7du9estfLy8n79619XV1f/6Ec/+hrSU/hihg4dunDhwu2Xp6SknHHGGb/61a/S0tK+/lJ9edufSmKE2axZs6/uTWNrc+zYsdss7969+z333NOwYcOv7q3hG2sX7ZPMzMxrrrnm/PPP/5qLBAB8A0lPAfaNxx9//LTTTqtXr96+Lgh72cMPPzxz5sykpKQf//jH3bp1q66unjx58quvvrpgwYIhQ4bccsstIYScnJyXXnrpc+VwI0aM+OSTT8rKyr6yghOaNWvWt2/f+HjdunXvvfdeCKFHjx6Jy5pf6fVNPq+cnJzf/e53FRUV7du379+/f+PGjT/99NMnn3xy3bp1d9555zHHHNOkSZMQwujRo2fPnn3GGWd8mfeaNGnSrFmzZOdf2AEHHHDIIYdss7Bjx477pDD/Cfr27RvT00mTJtW8VWvy5Mlx5KHTTz99nxUO9kz9+vW///3vx8dbt26dN29eXl7eSy+9lJWVdf311+/bsn0x259Khg8f/pW+Y2Vl5fXXXz9nzpwQwgEHHHDsscempKR8+OGH77777ty5c6+88sqnn346PT39Ky0DfJPVbJ/k5+fPmjWruLj47rvvbt68eaL+AQD+Y0lPAfaBrKysgoKCxx9//MYbb9zZOvEK0bJly9LT0w888MCzzz47KysrPjVq1Kjc3NxDDz20e/fuI0eOXL58ebt27X70ox9lZmbOmDFj3LhxlZWVZ5xxRo8ePRJbq6qqmjJlyowZM/Lz85s1a3bqqae6bP0ViUO/HnvssYlLe717905OTs7JyalTp04I4YUXXnj77bdDCEVFRY8++uiBBx54yimnhBBKSkpee+21+fPnl5eXt2zZ8owzzth///3jBqdOnfrJJ5+EEJ555pkmTZpcdtllwT79CnTo0OG2226Lj6dOnRrT04suuihx9eSTTz559NFHQwinnHLKgQceGBeuWbPm5ZdfDiH06dOndevWjz/+eAihd+/eqampL7744tq1a1u3bn3RRRc1bdo08UY5OTmvvfbakiVLUlNTDz300DPOOOObPzfSN9Ds2bMrKipCCLfddlvix9+1a9c77rijVatWOTk5W7duHTNmzJtvvhlCmDhx4urVq/v37x9Hffz4449fe+21devWNWjQoEuXLqeeempKSkoIoby8/IknngghnHrqqevWrXv11Vd79+790UcfTZ06NYSwcOHCRx999LjjjjPg4ed19NFH7yLtSJzUevTo8eKLLy5YsKBOnTrnnnvuwQcfnFhn+fLlL7744vr169u2bXvhhRd+LaX+Fmvfvn2HDh0WLVo0ceLEmunpW2+9FUI48MADE4dMVVXVW2+99d577+Xn59etW/fwww//4Q9/mJhZYMKECYsWLWrYsOGPfvSjuOQf//jHu+++m5ycHIfkjaZPnz516tRNmzY1bNjw5JNPPuyww7Yv0sKFC0ePHr1"
10:43:47.267 [Forwarding screenshot on session 5e9977749cf8e028abefff19f425d7c0 to remote] DEBUG org.apache.http.wire - http-outgoing-14 << "p06bOnTv379+/5uQFH3zwwYQJE9auXZuVlXXssceecMIJcfn2x+PJJ58cK+S5c+dOnTp13bp16enpHTp06NOnT2JoB74zWrRokTgphxBKSkp+/OMfr1y58tVXX03UJ1u2bBk7duz8+fPLysratWvXr1+/eN9MtHnz5ueff37p0qWNGjVKDEhQ0y6aUitWrHjttddCCJdffvmCBQvGjBmTkpJy2mmnHXHEEYWFhc8999zy5cv333//yy67LM6iWlFRsYsGQHx2+1NJbFR873vfO+KII+L7FhcXv/766wsWLCgpKWnSpMlxxx1Xsz2/J7VlTWPHjo3R6VlnnfU///M/iakNJ0yYcMsttyxdunTcuHHx7qKdtUJDCPE7DyH85Cc/mT9//vjx44uKirp06XLRRRdJXvm226Z9snLlygsuuKCysvLVV19NtP933W7fbftk19XULmqh6dOnz507t1GjRhdccMHLL788a9ashg0bXnjhha1atVqxYsWoUaM2bNhw5JFHnnvuuTXfbmen1BBCZWXlK6+8MmvWrPT09N69eyeuLQAAOyM9BdgHLrjggmHDho0aNer8889v06bN9ivMnj372muvLS0tzcjIqKioqKioGDFixLPPPhuv+48dO3bu3Ll9+/YdNmzY/Pnz40vef//9fv363XTTTfHPcePGPfLII3E6pfLy8htuuOGdd95JSkqqW7duQUHBs88+e+utt37JzljsUJwpZ8mSJfE6clz4u9/9LrHCK6+8smDBghBCUVHRsGHDevfufcopp2zYsOHyyy9fs2ZNSkpKWlpaSUnJU0899eCDD/bs2fO9997761//Gl/7t7/9rX79+pdddpl9uk80bdr0hRde2Lx5cxyfOS584403hg0blpaWdvHFF4cQhg0bFkLYuHHja6+9lugrPHbs2MTxO3369JtvvrmkpCQzM7OsrOy11177+9///vjjj7uE8XnFC9YhhJkzZyauNHXq1Cl2uQshTJ8+Pe6OEMLUqVOnTp168sknZ2dnP/nkkw899FAIITMzs7i4eNSoUa+99tojjzySlJSUlJQUX5KSkjJ8+PB4ETmxkSVLlixZsqRRo0bS070rcVJ77rnn3n333bjw1Vdfffzxx+No9vPnz7/yyisTB9Trr7/+ZeY+/A/Rt2/f+++/f+7cuYmTUWFh4axZs0KNjqeFhYXXXXfd+++/n3jViy++OHz48EceeSSOEj9p0qSxY8e2adMmkZ7OmTNn2LBhifS0srLy17/+dbxHIXr++ef79++/zc1h77///iOPPBJvdxg/fvz8+fP/8Ic/xKeeeOKJxx57LIRQv379zZs3v/TSS2eeeeatt94aQtj+eGzTps33v//9QYMGvfTSSyGE1NTUuM3hw4c//vjjrVu3/iq+Sb4hMjIyOnXqtHLlyqKiorhk7dq1V1xxxaeffpqWlpaenv7GG288++yzjz32WIcOHUII+fn5l1566Zo1a+LKf//737fpSbbrplRubm78+TVt2vTuu++OnbbHjBkzZMiQ++67LzGw8Pz584cMGRIf76IBkJmZucNTSVyYnp4e09NFixZde+21GzZsSBTyueee++EPf3jHHXfE4HO3teU2Xn/99fjVXXvttYnoNIRw0kkn/f73vz/ggAPat28fQthFKzSEkJOTE8tZXFycaJFOmjRp5syZ8dT5+XYkfIO1adMmOzt7/fr1iXpm1+323bZPdl1N7boWmjdv3rBhw1q2bJmbm/vkk0/GDY4fP/7BBx+84oorCgsL45+bNm1KTJy8i1NqCOHmm2+ePHlyfDx69OjTTjvtK/wqAeA7IXn3qwCwt/Xq1euwww6rqKgYPHjwDle46667SktLO3fuPHHixLFjxzZo0CAvLy/e0h5CiJc/Jk6c2LZt26FDh3bv3j2E8Pbbbw8ePPiuu+4aNGhQampqZWXlyJEj4/pPP/30O++8k5GR8dxzz02cOHHQoEHV1dV33333pk2bvpaP+58l3uG7du3as84665Zbbhk5cuTChQvjRbfozjvv7NOnTwihcePGo0aNioH30KFD16xZk5GRMXr06EmTJvXq1auioiJeXL744osTl6EfffTROMibfbpPpKenx9ThrbfeSuzT2JXk+OOPr1evXuy/GEJ4+eWXf/3rX0+aNCmO1ZyXl/fUU0+FEIqLi3/729+WlJScccYZEydOHD9+fKdOnRYtWpS4qMqeO+KII+KlqwcffPCiiy764x//OGnSpPz8/MQKhx122F/+8pf4+Oqrrx41alSbNm02bNjwyCOPhBD69+8/efLkWK/OnDlzwoQJIYREf7i//vWv3/ve92655Zajjjpq1KhRsQvOCSecMGrUKBebvoCcnJx3t1NSUhKfjSe1t956KyUl5c9//vONN96YlJRUWlr67LPPxhXuv//+srKyevXqDR06dNKkSccee2ziziF2pk+fPikpKVVVVYlLpVOmTKmoqEhOTk78hu+99973338/IyPjrrvumjhx4n333Ve7du2lS5fefffde/guzz//fIxOb7311rfeeivWeCNHjowVY8JTTz110003DRkyJN55MHHixBUrVoQQ5s2bF6/z3nrrrW+++eaoUaMyMzNHjx4dR2jY/njs2bPnmjVrYnT66KOPzpgxY/Lkycccc8yGDRv+9re/fdmvjG+2jRs3xvg/pg4hhEGDBn366acHHXTQuHHj3nrrrXPOOaewsPCOO+6Izz7zzDMxOv3Nb34zefLkW2+9deLEiTU3uOumVCJrfOqpp+6///7/+Z//SUpKqqysvOmmm/bbb78///nPxxxzTAhh1qxZixYtCiHsugGQnp6+21NJRUXFzTffvGHDhlatWg0fPnzChAnXXHNNCGH8+PGJn/dua8ttxJS3S5cu23fOPvnkk2N0GnbZCq350SZMmDBs2LAJEybEaQ5mzpw5bdq03e03+DaZPXv2+vXrw2f1zG7b7bttn+y6mtqTWmj9+vVz584dOnToeeedF0LIy8u76qqrfvzjHz/22GMtWrQIITz77LPxfyW7PqW+8847sT3Qr1+/N99888knn5w5c+bX860CwLeX9BRgH6iqqvrlL38ZQpg2bVrizvGa7rzzzuHDhw8aNCg9PT0OLBlC+Pjjj2uuk5ycfMstt3Tv3v3yyy+PS0488cSTTjqpT58+vXr1CiHES5MhhDjy2LHHHhuvkvTp02e//fYrKSnZ5uIme8XAgQPjmIRbtmyZMGHCvffee/HFF59yyilDhgyJNya3aNGibt26IYTU1NS2bdvGsZsuueSSp5566oknnmjWrFlqampiD5aXlzds2DD2AQohtGrVKl56s0/3lXPOOSeEsH79+thbKz8/Pz6IN4knemAcd9xxffv2zcrKOu+882K3yDik89tvv7158+YQwk9+8pOUlJSsrKw4xtcbb7yxbz7Pt1m9evUeeuihtm3bhhAWLVr09NNP33jjjSeffPJVV10VL13Vrl07MfBg48aN27Ztm5aWlpmZOWLEiKFDh8b79A8//PDYh3WbCrZx48aDBw8+77zzunXrFl8YQsjKymrbtm08fvlcJkyYcPV2cnJyaq5TWVl5xx13dOvWrX///rEb1tKlS0MIBQUFsb/+mWee2b179zjloWFadys7O/uoo44KISQSozhsb8+ePeM5paioaOzYsSGEM88886STTqpXr97xxx9/1llnhRAmTZoUa6rdikFm165dzzzzzLp165533nmXXHLJxRdfXLOXWwihX79+55577pFHHnnttdfGJcuXLw+fncsaNmx45plnhhDatm3bu3fvsF2VmDgeDz300NjbJm4hdga65557ZsyYsYupEPiWWr169TWfGThwYL9+/fLy8lJTU3/xi1+EEPLy8mIT+pxzzqlXr15ycnJsD3/wwQcxNI2BQadOnfr165eZmdmnT5/jjjuu5vb3sCl1zjnnfP/73z/77LNj586ioqJf//rX3bp1u+KKK+IKK1euDLtrACQlJe32VDJjxow4TcO1114b884BAwYcdNBBIYTRo0fXXHNnteX24oG821nbd9EKrbnapZdeeuihhzZo0OD666+PNzfs8H8"
10:43:47.267 [Forwarding screenshot on session 5e9977749cf8e028abefff19f425d7c0 to remote] DEBUG org.apache.http.wire - http-outgoing-14 << "x8C3y5ptvJuqZSy65JA6r0KhRo4suuijsrt2+2/bJbqupPamFysrK/vu//7t79+7XXXddvJWhefPmAwcOPOKIIy644IJYjJi27vqUmrgt6brrrqtfv37nzp0vueSSr/z7BYBvOSP3AuwbHTt27Nu375gxYwYPHjxixIhtnm3ZsuWrr746b968vLy8ioqKZcuWhRC2uYRxwAEHxNmG9ttvv7ikU6dO8UG8EbW4uDiEUFVVFS/rzJw5M/4XK4SwcePGEEIP0mz/AAAgAElEQVRiNDP2otTU1BtvvHHgwIHTpk2bP3/+vHnzli5dunHjxqFDhy5atOj+++/f4auaN2++ePHiqVOn5uTklJWVrVu3Li4vLy+P19pqsk/3obZt2x522GFz5syZOHHioYce+vbbb1dXVzdu3DheakxIHIwhhPbt2y9cuDA3NzfUuKfh5ptvjunC1q1bQwg5OTkVFRU1JwJkT3Tt2vX555+fP3/+e++9Fw+34uLimTNnzp49e+jQoTscXzcjI6NBgwaTJ08eOXJkfn5+ZWVlvK0hjv+Z0LNnT6MR7kXNmzdPJNkJcZzzhAMPPDARJ+y///6zZs2K4+YlQtbE+Mypqant27ePvdDYhb59+06bNm3mzJlFRUWpqanvvPNOXBifXbx4cWVlZQjhkEMOSbwkfsnV1dXLli3b4fSlNcXVQgiJeaBDCNddd932a8ZBMkIIidkK4s6NVWJRUdGuz2U1j8f27du3b99+yZIl99xzz+DBgw8++OAjjzyyX79+2//A+LYrLi6ONx4ldO/e/Zprrok/p9gQCiEMHz78+eefr7namjVrWrZsuXbt2lCj3oiPE12x97wpldhCixYtFixY0KJFi5iOJJrfsb2dsLMGwG4lRgOuOQZvx44dFy9evGTJkurq6sRRsLPacntpaWllZWVbtmzZ9VvvYSs0UVc0aNCgcePGOTk5iTXhW2rt2rWxrkg4/fTTr7zyynib0a7b7bttn+y6mmrRosUe1kJxYuM6derUr19/48aNNSul+KC4uDg7O3vXp9RY2v32269evXrbFBsA2BkX6QD2mWuuuWbChAlLlix56aWXEoNihRBKSkoGDhy4cOHCzMzMnj171q9fPycnp+ZwlFGtWrXig8RrE1eia26tsrIyDuZTp06dpk2bxoXxgb47X50GDRr07ds3XqReuXLl7bffPn/+/ClTpqxatWqHE7PdddddL7zwQnJyco8ePVq1alVRURH7H+yQfbpvnXPOOTE9vf766+OYdaeddlrNgy78eywU73IoLS0NISQmRmrSpEniJTFOKCoqsvu+gKSkpG7dunXr1i2EUFZWNnr06HvuuaeiomLkyJGDBg3afv0VK1ZcdtllhYWFzZs37969e0ZGxgcffBAzpJrsi73rpJNOuv7663e9Tp06dRKPa95JkLjuX/Moc6vBnjjuuOPq1q1bWFg4bdq09PT00tLSOnXqxOHlw2eVUgih5qTLiceJZ7dRcyD68vLyqqqq8FkttwuZmZnxwTY7LlaJaWlp25zLEn9GNY/H1NTURx999IknnpgwYcKmTZs++OCDDz744Omnnx40aNDJJ5+862Lw7dKqVas4UktFRcXtt99eVFRUq1atRBKfuKewQYMGiWnm4y+nZsixs3pjz5tS27Sud9jY3uH64d8bALuVGMw8cbwkHldVVVVWVibKv7PacnutWrVatmxZIsKpafPmzfXr14+P97AVmvivR+LxHn40+MY64YQT4qALa9asuffee0MIrVu3TqSSu26377Z9sutqag9roeTk5MRNDNvUQp/rlBrv86g5MoSmFADslpMlwD7TuHHjAQMGDBkyZMiQIYmZh0IIEydOjLef33333bFD2xVXXPHpp59+sXdJS0vLysoqKirq2bPnrbfeuldKzs7k5OTMnDlz2bJlF198cWK43TZt2lxxxRVXX311CGHt2rXbp6fr1q174YUXQgiXXnppXO3xxx+fN2/ezt7FPt23fvCDH9xzzz2ffvrpBx98EPtyxQGyaopzJkWx00kcorlRo0Zx4e9+97vmzZt/TSX+jnr77bcXL15cv379s88+Oy5JT08/77zzXn/99Xnz5m3TkyDh6aefLiwsrFWr1siRI7OysioqKsaMGfM1lprPLVGXbtiwIbFwm1F/2aH09PSTTz75hRdemDZtWrzYetJJJyWuuiaurtb8MhOPYwUVL63W7FpX88hKT0+P6WxeXl5iYbwdITs7u1WrVrstYawSGzZs+PDDD+/558rOzv7Vr3518803r1y5cs6cOSNGjFixYsW9994rPf2OycrK+v73vx8f5+bm3nPPPe++++6YMWPirWnZ2dnxqYsuuihOSb6NRo0a5ebm1vxx1vypf3VNqZ01AHYrMb7uunXrEl1LY+fO7OzsL5Zz9OrVa9myZcuWLXvvvfd69OiRWF5aWjpgwIDU1NSf/exn3bp128NW6Pr162PP2urq6vjFbnOjA3zrtGrVKlHPzJ49e+LEiUOHDv3BD34QJ4bYdbt9t+2T3VZTe7cW2vUpNZZWUwoAPhfzngLsSxdffHGzZs02bdr0j3/8I7EwMadX/C/QsmXL4iWMbQaW3HNHHnlkCGHGjBnxrvaKiooHHnjgiSee2NkkSXxh+fn5//u///vMM8/cddddBQUFcWF5eXliCrd4NTmOvbZly5Z4x/E2e3zr1q1xLrrw2U5PjNWWuIRtn+5D6enp8QrI4MGDi4qKunTpEq+w1DRu3Li4azZv3hzH74p3SMT5yUIIicEDp0+f/uCDD44aNeprK/93xgsvvPDwww/fd999sQdw9PHHHy9evDiEsM0wnoljJx5utWvXjn13xowZE4+yXVew8Rjc2dCIfKWaN28ed9aECRNinblgwYLEYHrsWqysZsyYMXPmzMSfUbt27WL3mppHwSuvvBJCaNWqVazW4sXWvLy8OLVbTk5OYhbVqGfPniGEmTNnxlNeQUHBVVdddfnll7/88st7UrxYJa5Zs2bJkiVxyciRI//0pz/F6dl2aP78+X/84x//8pe/xIkkzz777DhNXeKcy3fS+eefHweZvP/+++NYlAcccEDsnpU4n37yySf333//8OHDY119wAEHhBDee++9+NsoKipKrBl9RU2pnTUAwu5OJUcddVRc4cUXX4xL1q1bF4+FbWZs3XMXXnhhvGHi1ltvjZVACCEnJ+fGG29cvXr18uXLs7KydtsKTUgc1zNmzIhn1Zp3f8K33S9/+cvatWuXl5cPGjQotjd23W7fbftkt9XU3q2Fdn1KjWPsFxYWxqlYq6ur4zypAMAu6HsKsC9lZGRce+21v/nNb+LYd1FiVqHf/va3nTp1mjRp0hFHHPHuu++uWLFi+PDh55133ud9l5/+9KfTpk3Lzc396U9/etRRR82bN2/OnDmNGzf+Apti1zp27HjyySe/8cYbkyZNmj59+v7775+WlvbJJ5/E/yGffvrpLVu2DJ/dql9QUHDjjTd27dr1Rz/6Ubz1eOjQoUuXLn3vvff222+/VatWhRAeffTRCy+8MNEd4fbbb+/SpcuNN95on+5b55xzznPPPTd37txQYxLBmpKTkwcMGHDkkUe+/fbb8YJInIKoQ4cOJ5xwwqRJkwYPHrx48eLatWu//PLLW7Zsueqqq77mj/Ad8POf/3zmzJklJSXXX399kyZNmjRpUlhYuHr16hBCRkbGxRdfHEKoX79+RkZGSUnJ8OHDV61adfbZZx9yyCETJ07Mz8+//vrra9euPWXKlMMPP3z27NlTpkzp0KHD9t2Io6ZNmy5dunTatGmDBg066qijfvCDH3ytH/Xb75lnnnnmmWe2Xz5lypSaQ1DuUGpq6llnnRWPuCuvvLJdu3bjxo1r2rRpbm5uzVMnO3TooYe2bt161apV+fn5LVq0OPzwwxNPJSUl3XDDDTfddNPChQsHDBjQvXv32bNnL1q0KCkpKQ6XGkI4/vjjhw8fHkK4+uqrO3fu/NFHH3Xv3n3atGmJ8Xt/9rOfTZ06taio6PLLL+/Vq1fMVLKzs88///w9Kd6ZZ545YsSInJyca6655pRTTtm4cePrr7+ekpL"
10:43:47.267 [Forwarding screenshot on session 5e9977749cf8e028abefff19f425d7c0 to remote] DEBUG org.apache.http.wire - http-outgoing-14 << "y6KOP7uwlKSkpzzzzTHV19dKlS9u3b79ly5Zx48bFon7hb4lvvuTk5P/3//7fgAEDCgoK7rnnnjvvvDM1NXXgwIH33ntvHEi/ffv248ePX7NmTa9evQYMGBBCOO+88+IP8rLLLuvVq9c777wTu28m6o2vqCm1swZA2N2ppFWrVv3793/uuef++te/rl27tmnTppMmTSorK2vQoMHAgQO/WGFatmx52223/eY3v1m/fv1VV12VlZWVnp4e4+cQws9//vOjjz66tLR0163QxNY++uija6+9tmXLljFerVu3bp8+fb5YweAbqFmzZldcccUDDzwwd+7cF1544bzzztt1u3237ZPdVlN7txba9Sn19NNPHzp0aElJyS233HLKKacsX748Mbvq9hNYAACRvqcA+9gpp5zSpUuXmku6du06cODAlJSUJUuWvPHGGxdeeOEf/vCHAw88sKKiYsiQITUH0NtDnTp1euihhw488MCPP/54+PDhc+bMOeKII4YMGZKYf4W96P/+7//+67/+q3Xr1mVlZUuXLl24cGFRUVGrVq2uu+663/72t3GdM888M3brmTx58owZM2rVqnXbbbfVq1cvPz//xRdf7NChwx/+8IeYyY0aNWrRokWdO3fu3bt3CGHhwoWvvPJKdXW1fbpvtWvXLk69lp6efsopp2y/wjnnnHPQQQf99a9/Xb16dWZm5i233BJ7aIUQBg0adN5556WkpLz00kvPPfdcWlraNddcc/nll3+tH+A7oWPHjsOHDz/hhBNq1aq1fv36Dz/8cPXq1bVq1Yp5T+wQk5SUdNVVVyUnJ+fl5T3//PObN2/u37//scceG0KYPn363Llz77jjjhtuuKFu3bqffvrpU089tbP3uuyyy+rWrVtRUfHSSy8tX7786/uQhBBCuPrqq2Md+I9//OP111+/+uqrDzvssGDKvT2T6G962mmnJUYyiE488cQHHnigffv2CxcuHDly5KJFiw4++OCHHnooMYxh165d/+u//is1NbW4uHjevHk/+clP4taqq6vj/Grt27f/05/+1LFjxxUrVowcOXLFihU9e/Z87LHH9nA8z8zMzMcff/yoo47asGHDiBEjXn/99datW997772J7j7b69y58z333NOuXbuxY8c+/PDDw4YN27hxY79+/Yxj/53XuXPnc889N4Qwfvz4KVOmhBD69+9/0003ZWdnT5s2bfjw4bm5uX379r377rvj+ieccMKVV16Zlpa2cuXKUaNGHX744Zdeeml8KlYdX1FTahcNgN2eSm644Ybrr7++UaNGU6ZMGTVq1KZNm4499ti//OUvX2ao/5NOOunJJ588/vjja9WqVVRUFKPTDh06/P73v//5z38eQthtK7Rm8QoLC0eNGlVUVNSyZcvBgwebI5zvmP79+8cG5EMPPRRH3t51u3237ZNdV1N7txba9Sm1SZMmd911V4MGDeJRXFVVdfvtt8cXak0BwM4kJW4cBuAbpaSkJC8vr3HjxnHErerq6vz8/MzMzPT09C+8zY0bNxYUFDRq1CgxnRJfnaKiog0bNiQlJTVs2HD7L7yqqio3Nzc5OblJkybxcnZlZWVOTk7dunXr1asX1yksLExKSsrKyop/bty4saSkpGnTpjXnvrJP94mqqqoLLrhgxYoVffr0GTRoUM2n4hhcv/jFL376058WFBTk5+c3b958+8O2vLw8JycnOTm5RYsWycnuZvtSKisr169fv3Xr1tq1azdp0iQlJWWbFYqLizdt2pSdnZ3o5lhQUFBYWNisWbN4NFVUVGzevLlhw4a72Bfl5eXr1q3LyspysXhf2bRpU3FxcbNmzdLS0vZ1Wb5r8vPzN2/e3KBBg/r162//7JYtW/Ly8po2bZqYM3WHW8jPz8/Ozk6cwj6XoqKivLy8rKysxDRye1LmgoKCzMzM7OzsbVJh/qNUV1evW7eurKysWbNmtWrV2ubZ+Ott1KhRZmbmzrawt5pSe9IA2JNTSXV1dW5ubmlpaZMmTWrXrv1lilRTRUVFXl5eaWlpdnb29p90F63QWbNmxfGxhw4d2r1799zc3PLy8v32289xx3+OXbfbd9s+2XU1Ffb2f+h2cUqtqKhYu3ZtVlaWO24BYE9ITwEA9lRhYWFpaemIESOefvrpEMKIESMOPvjgmivEi6dXXnnlFx5nDwD41vmuNgC2SU/3dXEAAOBrYt5TAIA99dhjj40cOTI+vvjii7eJTgEAAACAbzvpKQDAnurUqdOxxx5bp06d4447rk+fPtuv0KNHjxBCy5Ytv/aiAQD7zHe1AVCvXr340RJzSQAAwH8CI/cCAAAAAAAAhBDCtrOdAwAAAAAAAPxnkp4CAAAAAAAAhCA9BQAAAAAAAIikpwAAAAAAAAAhSE8BAAAAAAAAIukpAAAAAAAAQAjSUwAAAAAAAIBIegoAAAAAAAAQgvQUAAAAAAAAIJKeAgAAAAAAAIQgPQUAAAAAAACIpKcAAAAAAAAAIYSQuq8LAPCdsmzZsn1dBAAAAAD+4xxwwAH7uggA3xH6ngIAAAAAAACEID0FAAAAAAAAiJKqq6v3dRkAAAAAAAAA9j19TwEAAAAAAABCkJ4CAAAAAAAARNJTAAAAAAAAgBCkpwAAAAAAAACR9BQAAAAAAAAgBOkpAAAAAAAAQCQ9BQAAAAAAAAhBegoAAAAAAAAQSU8BAAAAAAAAQpCeAgAAAAAAAETSUwAAAAAAAIAQpKcAAAAAAAAAkfQUAAAAAAAAIATpKQAAAAAAAEAkPQUAAAAAAAAIQXoKAAAAAAAAEElPAQAAAAAAAEKQngIAAAAAAABE0lMAAAAAAACAEKSnAAAAAAAAAJH0FAAAAAAAACAE6SkAAAAAAABAJD0FAAAAAAAACCGE1H1dAIDvlMLCwn1dBAAAAAD+49StW3dfFwHgO0J6CrA3lZSU7OsiAAAAAPAfR3oKsLckVVdX7+syAAAAAAAAAOx75j0FAAAAAAAACEF6CgAAAAAAABBJTwEAAAAAAABCkJ4CAAAAAAAARNJTAAAAAAAAgBCkpwAAAAAAAACR9BQAAAAAAAAgBOkpAAAAAAAAQCQ9BQAAAAAAAAhBegoAAAAAAAAQSU8BAAAAAAAAQpCeAgAAAAAAAETSUwAAAAAAAIAQpKcAAAAAAAAAkfQUAAAAAAAAIATpKQAAAAAAAEAkPQUAAAAAAAAIQXoKAAAAAAAAEElPAQAAAAAAAEKQngIAAAAAAABE0lMAAAAAAACAEKSnAAAAAAAAAJH0FAAAAAAAACAE6SkAAAAAAABAJD0FAAAAAAAACEF6CgAAAAAAABBJTwEAAAAAAABCkJ4CAAAAAAAARNJTAAAAAAAAgBCkpwAAAAAAAACR9BQAAAAAAAAgBOkpAAAAAAAAQCQ9BQAAAAAAAAhBegoAAAAAAAAQSU8BAAAAAAAAQpCeAgAAAAAAAETSUwAAAAAAAIAQpKcAAAAAAAAAkfQUAAAAAAAAIATpKQAAAAAAAEAkPQUAAAAAAAAIQXoKAAAAAAAAEElPAQAAAAAAAEKQngIAAAAAAABE0lMAAAAAAACAEKSnAAAAAAAAAJH0FAAAAAAAACAE6SkAAAAAAABAJD0FAAAAAAAACEF6CgAAAAAAABBJTwEAAAAAAABCkJ4CAAAAAAAARNJTAAAAAAAAgBCkpwAAAAAAAACR9BQAAAAAAAAgBOkpAAAAAAAAQCQ9BQAAAAAAAAhBegoAAAAAAAAQSU8BAAAAAAAAQpCeAgAAAAAAAETSUwAAAAAAAIAQpKcAAAAAAAAAkfQUAAAAAAAAIATpKQAAAAAAAEAkPQUAAAAAAAAIQXoKAAAAAAAAEElPAQAAAAAAAEKQngIAAAAAAABE0lMAAAAAAACAEKSnAAAAAAAAAJH0FAAAAAAAACAE6SkAAAAAAABAJD0FAAAAAAAACEF6CgAAAAAAABBJTwEAAAAAAABCkJ4CAAAAAAAARNJTAAAAAAAAgBCkpwAAAAAAAACR9BQAAAAAAAAgBOkpAAAAAAAAQCQ9BQAAAAAAAAhBegoAAAAAAAAQSU8BAAAAAAAAQpCeAgAAAAAAAETSUwAAAAA"
10:43:47.267 [Forwarding screenshot on session 5e9977749cf8e028abefff19f425d7c0 to remote] DEBUG org.apache.http.wire - http-outgoing-14 << "AAIAQpKcAAAAAAAAAkfQUAAAAAAAAIATpKQAAAAAAAEAkPQUAAAAAAAAIQXoKAAAAAAAAEElPAQAAAAAAAEKQngIAAAAAAABE0lMAAAAAAACAEKSnAAAAAAAAAJH0FAAAAAAAACAE6SkAAAAAAABAJD0FAAAAAAAACEF6CgAAAAAAABBJTwEAAAAAAABCkJ4CAAAAAAAARNJTAAAAAAAAgBCkpwAAAAAAAACR9BQAAAAAAAAgBOkpAAAAAAAAQCQ9BQAAAAAAAAhBegoAAAAAAAAQSU8BAAAAAAAAQpCeAgAAAAAAAETSUwAAAAAAAIAQpKcAAAAAAAAAkfQUAAAAAAAAIATpKQAAAAAAAEAkPQUAAAAAAAAIQXoKAAAAAAAAEElPAQAAAAAAAEKQngIAAAAAAABE0lMAAAAAAACAEKSnAAAAAAAAAJH0FAAAAAAAACAE6SkAAAAAAABAJD0FAAAAAAAACEF6CgAAAAAAABBJTwEAAAAAAABCkJ4CAAAAAAAARNJTAAAAAAAAgBCkpwAAAAAAAACR9BQAAAAAAAAgBOkpAMD/Z8+OCQAAABAGrX9qD2tADQAAAAAAzp4CAAAAAAAAlD0FAAAAAAAAOHsKAAAAAAAAUPYUAAAAAAAA4OwpAAAAAAAAQNlTAAAAAAAAgLOnAAAAAAAAAGVPAQAAAAAAAM6eAgAAAAAAAJQ9BQAAAAAAADh7CgAAAAAAAFD2FAAAAAAAAODsKQAAAAAAAEDZUwAAAAAAAICzpwAAAAAAAABlTwEAAAAAAADOngIAAAAAAACUPQUAAAAAAAA4ewoAAAAAAABQ9hQAAAAAAADg7CkAAAAAAABA2VMAAAAAAACAs6cAAAAAAAAAZU8BAAAAAAAAzp4CAAAAAAAAlD0FAAAAAAAAOHsKAAAAAAAAUPYUAAAAAAAA4OwpAAAAAAAAQNlTAAAAAAAAgLOnAAAAAAAAAGVPAQAAAAAAAM6eAgAAAAAAAJQ9BQAAAAAAADh7CgAAAAAAAFD2FAAAAAAAAODsKQAAAAAAAEDZUwAAAAAAAICzpwAAAAAAAABlTwEAAAAAAADOngIAAAAAAACUPQUAAAAAAAA4ewoAAAAAAABQ9hQAAAAAAADg7CkAAAAAAABA2VMAAAAAAACAs6cAAAAAAAAAZU8BAAAAAAAAzp4CAAAAAAAAlD0FAAAAAAAAOHsKAAAAAAAAUPYUAAAAAAAA4OwpAAAAAAAAQNlTAAAAAAAAgLOnAAAAAAAAAGVPAQAAAAAAAM6eAgAAAAAAAJQ9BQAAAAAAADh7CgAAAAAAAFD2FAAAAAAAAODsKQAAAAAAAEDZUwAAAAAAAICzpwAAAAAAAABlTwEAAAAAAADOngIAAAAAAACUPQUAAAAAAAA4ewoAAAAAAABQ9hQAAAAAAADg7CkAAAAAAABA2VMAAAAAAACAs6cAAAAAAAAAZU8BAAAAAAAAzp4CAAAAAAAAlD0FAAAAAAAAOHsKAAAAAAAAUPYUAAAAAAAA4OwpAAAAAAAAQNlTAAAAAAAAgLOnAAAAAAAAAGVPAQAAAAAAAM6eAgAAAAAAAJQ9BQAAAAAAADh7CgAAAAAAAFD2FAAAAAAAAODsKQAAAAAAAEDZUwAAAAAAAICzpwAAAAAAAABlTwEAAAAAAADOngIAAAAAAACUPQUAAAAAAAA4ewoAAAAAAABQ9hQAAAAAAADg7CkAAAAAAABA2VMAAAAAAACAs6cAAAAAAAAAZU8BAAAAAAAAzp4CAAAAAAAAlD0FAAAAAAAAOHsKAAAAAAAAUPYUAAAAAAAA4OwpAAAAAAAAQNlTAAAAAAAAgLOnAAAAAAAAAGVPAQAAAAAAAM6eAgAAAAAAAJQ9BQAAAAAAADh7CgAAAAAAAFD2FAAAAAAAAODsKQAAAAAAAEDZUwAAAAAAAICzpwAAAAAAAABlTwEAAAAAAADOngIAAAAAAACUPQUAAAAAAAA4ewoAAAAAAABQ9hQAAAAAAADg7CkAAAAAAABA2VMAAAAAAACAs6cAAAAAAAAAZU8BAAAAAAAAzp4CAAAAAAAAlD0FAAAAAAAAOHsKAAAAAAAAUPYUAAAAAAAA4OwpAAAAAAAAQNlTAAAAAAAAgLOnAAAAAAAAAGVPAQAAAAAAAM6eAgAAAAAAAJQ9BQAAAAAAADh7CgAAAAAAAFD2FAAAAAAAAODsKQAAAAAAAEDZUwAAAAAAAICzpwAAAAAAAABlTwEAAAAAAADOngIAAAAAAACUPQUAAAAAAAA4ewoAAAAAAABQ9hQAAAAAAADg7CkAAAAAAABA2VMAAAAAAACAs6cAAAAAAAAAZU8BAAAAAAAAzp4CAAAAAAAAlD0FAAAAAAAAOHsKAAAAAAAAUPYUAAAAAAAA4OwpAAAAAAAAQNlTAAAAAAAAgLOnAAAAAAAAAGVPAQAAAAAAAM6eAgAAAAAAAJQ9BQAAAAAAADh7CgAAAAAAAFD2FAAAAAAAAODsKQAAAAAAAEDZUwAAAAAAAICzpwAAAAAAAABlTwEAAAAAAADOngIAAAAAAACUPQUAAAAAAAA4ewoAAAAAAABQ9hQAAAAAAADg7CkAAAAAAABA2VMAAAAAAACAs6cAAAAAAAAAZU8BAAAAAAAAzp4CAAAAAAAAlD0FAAAAAAAAOHsKAAAAAAAAUPYUAAAAAAAA4OwpAAAAAAAAQNlTAAAAAAAAgLOnAAAAAAAAAGVPAQAAAAAAAM6eAgAAAAAAAJQ9BQAAAAAAADh7CgAAAAAAAFD2FAAAAAAAAODsKQAAAAAAAEDZUwAAAAAAAICzpwAAAAAAAABlTwEAAAAAAADOngIAAAAAAACUPQUAAAAAAAA4ewoAAAAAAABQ9hQAAAAAAADg7CkAAAAAAABA2VMAAAAAAACAs6cAAAAAAAAAZU8BAAAAAAAAzp4CAAAAAAAAlD0FAAAAAAAAOHsKAAAAAAAAUPYUAAAAAAAA4OwpAAAAAAAAQNlTAAAAAAAAgLOnACtd0MAAABrgSURBVAAAAAAAAGVPAQAAAAAAAM6eAgAAAAAAAJQ9BQAAAAAAADh7CgAAAAAAAFD2FAAAAAAAAODsKQAAAAAAAEDZUwAAAAAAAICzpwAAAAAAAABlTwEAAAAAAADOngIAAAAAAACUPQUAAAAAAAA4ewoAAAAAAABQ9hQAAAAAAADg7CkAAAAAAABA2VMAAAAAAACAs6cAAAAAAAAAZU8BAAAAAAAAzp4CAAAAAAAAlD0FAAAAAAAAOHsKAAAAAAAAUPYUAAAAAAAA4OwpAAAAAAAAQNlTAAAAAAAAgLOnAAAAAAAAAGVPAQAAAAAAAM6eAgAAAAAAAJQ9BQAAAAAAADh7CgAAAAAAAFD2FAAAAAAAAODsKQAAAAAAAEDZUwAAAAAAAICzpwAAAAAAAABlTwEAAAAAAADOngIAAAAAAACUPQUAAAAAAAA4ewoAAAAAAABQ9hQAAAAAAADg7CkAAAAAAABA2VMAAAAAAACAs6cAAAAAAAAAZU8BAAAAAAAAzp4CAAAAAAAAlD0FAAAAAAAAOHsKAAAAAAAAUPYUAAAAAAAA4OwpAAAAAAAAQNlTAAAAAAAAgLOnAAAAAAAAAGVPAQAAAAAAAM6eAgAAAAAAAJQ9BQAAAAAAADh7CgAAAAAAAFD2FAAAAAAAAODsKQAAAAAAAEDZUwAAAAAAAICzpwAAAAAAAABlTwEAAAAAAADOngIAAAAAAACUPQUAAAAAAAA4ewoAAAAAAABQ9hQAAAAAAADg7CkAAAAAAABA2VMAAAAAAACAs6cAAAAAAAAAZU8BAAAAAAAAzp4CAAAAAAAAlD0FAAAAAAAAOHsKAAAAAAAAUPYUAAAAAAAA4OwpAAAAAAAAQNlTAAAAAAAAgLOnAAAAAAAAAGVPAQAAAAAAAM6eAgAAAAAAAJQ9BQAAAAAAADh7CgAAAAAAAFD2FAAAAAAAAODsKQAAAAAAAEDZUwAAAAAAAICzpwAAAAAAAABlTwEAAAAAAADOngIAAAAAAACUPQUAAAAAAAA4ewoAAAAAAABQ9hQAAAAAAADg7CkAAAAAAABA2VMAAAAAAACAs6cAAAA"
10:43:47.267 [Forwarding screenshot on session 5e9977749cf8e028abefff19f425d7c0 to remote] DEBUG org.apache.http.wire - http-outgoing-14 << "AAAAAZU8BAAAAAAAAzp4CAAAAAAAAlD0FAAAAAAAAOHsKAAAAAAAAUPYUAAAAAAAA4OwpAAAAAAAAQNlTAAAAAAAAgLOnAAAAAAAAAGVPAQAAAAAAAM6eAgAAAAAAAJQ9BQAAAAAAADh7CgAAAAAAAFD2FAAAAAAAAODsKQAAAAAAAEDZUwAAAAAAAICzpwAAAAAAAABlTwEAAAAAAADOngIAAAAAAACUPQUAAAAAAAA4ewoAAAAAAABQ9hQAAAAAAADg7CkAAAAAAABA2VMAAAAAAACAs6cAAAAAAAAAZU8BAAAAAAAAzp4CAAAAAAAAlD0FAAAAAAAAOHsKAAAAAAAAUPYUAAAAAAAA4OwpAAAAAAAAQNlTAAAAAAAAgLOnAAAAAAAAAGVPAQAAAAAAAM6eAgAAAAAAAJQ9BQAAAAAAADh7CgAAAAAAAFD2FAAAAAAAAODsKQAAAAAAAEDZUwAAAAAAAICzpwAAAAAAAABlTwEAAAAAAADOngIAAAAAAACUPQUAAAAAAAA4ewoAAAAAAABQ9hQAAAAAAADg7CkAAAAAAABA2VMAAAAAAACAs6cAAAAAAAAAZU8BAAAAAAAAzp4CAAAAAAAAlD0FAAAAAAAAOHsKAAAAAAAAUPYUAAAAAAAA4OwpAAAAAAAAQNlTAAAAAAAAgLOnAAAAAAAAAGVPAQAAAAAAAM6eAgAAAAAAAJQ9BQAAAAAAADh7CgAAAAAAAFD2FAAAAAAAAODsKQAAAAAAAEDZUwAAAAAAAICzpwAAAAAAAABlTwEAAAAAAADOngIAAAAAAACUPQUAAAAAAAA4ewoAAAAAAABQ9hQAAAAAAADg7CkAAAAAAABA2VMAAAAAAACAs6cAAAAAAAAAZU8BAAAAAAAAzp4CAAAAAAAAlD0FAAAAAAAAOHsKAAAAAAAAUPYUAAAAAAAA4OwpAAAAAAAAQNlTAAAAAAAAgLOnAAAAAAAAAGVPAQAAAAAAAM6eAgAAAAAAAJQ9BQAAAAAAADh7CgAAAAAAAFD2FAAAAAAAAODsKQAAAAAAAEDZUwAAAAAAAICzpwAAAAAAAABlTwEAAAAAAADOngIAAAAAAACUPQUAAAAAAAA4ewoAAAAAAABQ9hQAAAAAAADg7CkAAAAAAABA2VMAAAAAAACAs6cAAAAAAAAAZU8BAAAAAAAAzp4CAAAAAAAAlD0FAAAAAAAAOHsKAAAAAAAAUPYUAAAAAAAA4OwpAAAAAAAAQNlTAAAAAAAAgLOnAAAAAAAAAGVPAQAAAAAAAM6eAgAAAAAAAJQ9BQAAAAAAADh7CgAAAAAAAFD2FAAAAAAAAODsKQAAAAAAAEDZUwAAAAAAAICzpwAAAAAAAABlTwEAAAAAAADOngIAAAAAAACUPQUAAAAAAAA4ewoAAAAAAABQ9hQAAAAAAADg7CkAAAAAAABA2VMAAAAAAACAs6cAAAAAAAAAZU8BAAAAAAAAzp4CAAAAAAAAlD0FAAAAAAAAOHsKAAAAAAAAUPYUAAAAAAAA4OwpAAAAAAAAQNlTAAAAAAAAgLOnAAAAAAAAAGVPAQAAAAAAAM6eAgAAAAAAAJQ9BQAAAAAAADh7CgAAAAAAAFD2FAAAAAAAAODsKQAAAAAAAEDZUwAAAAAAAICzpwAAAAAAAABlTwEAAAAAAADOngIAAAAAAACUPQUAAAAAAAA4ewoAAAAAAABQ9hQAAAAAAADg7CkAAAAAAABA2VMAAAAAAACAs6cAAAAAAAAAZU8BAAAAAAAAzp4CAAAAAAAAlD0FAAAAAAAAOHsKAAAAAAAAUPYUAAAAAAAA4OwpAAAAAAAAQNlTAAAAAAAAgLOnAAAAAAAAAGVPAQAAAAAAAM6eAgAAAAAAAJQ9BQAAAAAAADh7CgAAAAAAAFD2FAAAAAAAAODsKQAAAAAAAEDZUwAAAAAAAICzpwAAAAAAAABlTwEAAAAAAADOngIAAAAAAACUPQUAAAAAAAA4ewoAAAAAAABQ9hQAAAAAAADg7CkAAAAAAABA2VMAAAAAAACAs6cAAAAAAAAAZU8BAAAAAAAAzp4CAAAAAAAAlD0FAAAAAAAAOHsKAAAAAAAAUPYUAAAAAAAA4OwpAAAAAAAAQNlTAAAAAAAAgLOnAAAAAAAAAGVPAQAAAAAAAM6eAgAAAAAAAJQ9BQAAAAAAADh7CgAAAAAAAFD2FAAAAAAAAODsKQAAAAAAAEDZUwAAAAAAAICzpwAAAAAAAABlTwEAAAAAAADOngIAAAAAAACUPQUAAAAAAAA4ewoAAAAAAABQ9hQAAAAAAADg7CkAAAAAAABA2VMAAAAAAACAs6cAAAAAAAAAZU8BAAAAAAAAzp4CAAAAAAAAlD0FAAAAAAAAOHsKAAAAAAAAUPYUAAAAAAAA4OwpAAAAAAAAQNlTAAAAAAAAgLOnAAAAAAAAAGVPAQAAAAAAAM6eAgAAAAAAAJQ9BQAAAAAAADh7CgAAAAAAAFD2FAAAAAAAAODsKQAAAAAAAEDZUwAAAAAAAICzpwAAAAAAAABlTwEAAAAAAADOngIAAAAAAACUPQUAAAAAAAA4ewoAAAAAAABQ9hQAAAAAAADg7CkAAAAAAABA2VMAAAAAAACAs6cAAAAAAAAAZU8BAAAAAAAAzp4CAAAAAAAAlD0FAAAAAAAAOHsKAAAAAAAAUPYUAAAAAAAA4OwpAAAAAAAAQNlTAAAAAAAAgLOnAAAAAAAAAGVPAQAAAAAAAM6eAgAAAAAAAJQ9BQAAAAAAADh7CgAAAAAAAFD2FAAAAAAAAODsKQAAAAAAAEDZUwAAAAAAAICzpwAAAAAAAABlTwEAAAAAAADOngIAAAAAAACUPQUAAAAAAAA4ewoAAAAAAABQ9hQAAAAAAADg7CkAAAAAAABA2VMAAAAAAACAs6cAAAAAAAAAZU8BAAAAAAAAzp4CAAAAAAAAlD0FAAAAAAAAOHsKAAAAAAAAUPYUAAAAAAAA4OwpAAAAAAAAQNlTAAAAAAAAgLOnAAAAAAAAAGVPAQAAAAAAAM6eAgAAsPbsmAAAAABh0Pqn9rAG1AAAAAAoewoAAAAAAABw9hQAAAAAAACg7CkAAAAAAADA2VMAAAAAAACAsqcAAAAAAAAAZ08BAAAAAAAAyp4CAAAAAAAAnD0FAAAAAAAAKHsKAAAAAAAAcPYUAAAAAAAAoOwpAAAAAAAAwNlTAAAAAAAAgLKnAAAAAAAAAGdPAQAAAAAAAMqeAgAAAAAAAJw9BQAAAAAAACh7CgAAAAAAAHD2FAAAAAAAAKDsKQAAAAAAAMDZUwAAAAAAAICypwAAAAAAAABnTwEAAAAAAADKngIAAAAAAACcPQUAAAAAAAAoewoAAAAAAABw9hQAAAAAAACg7CkAAAAAAADA2VMAAAAAAACAsqcAAAAAAAAAZ08BAAAAAAAAyp4CAAAAAAAAnD0FAAAAAAAAKHsKAAAAAAAAcPYUAAAAAAAAoOwpAAAAAAAAwNlTAAAAAAAAgLKnAAAAAAAAAGdPAQAAAAAAAMqeAgAAAAAAAJw9BQAAAAAAACh7CgAAAAAAAHD2FAAAAAAAAKDsKQAAAAAAAMDZUwAAAAAAAICypwAAAAAAAABnTwEAAAAAAADKngIAAAAAAACcPQUAAAAAAAAoewoAAAAAAABw9hQAAAAAAACg7CkAAAAAAADA2VMAAAAAAACAsqcAAAAAAAAAZ08BAAAAAAAAyp4CAAAAAAAAnD0FAAAAAAAAKHsKAAAAAAAAcPYUAAAAAAAAoOwpAAAAAAAAwNlTAAAAAAAAgLKnAAAAAAAAAGdPAQAAAAAAAMqeAgAAAAAAAJw9BQAAAAAAACh7CgAAAAAAAHD2FAAAAAAAAKDsKQAAAAAAAMDZUwAAAAAAAICypwAAAAAAAABnTwEAAAAAAADKngIAAAAAAACcPQUAAAAAAAAoewoAAAAAAABw9hQAAAAAAACg7CkAAAAAAADA2VMAAAAAAACAsqcAAAAAAAAAZ08BAAAAAAAAyp4CAAAAAAAAnD0FAAAAAAAAKHsKAAAAAAAAcPYUAAAAAAAAoOwpAAAAAAAAwNlTAAAAAAAAgLKnAAA"
10:43:47.268 [Forwarding screenshot on session 5e9977749cf8e028abefff19f425d7c0 to remote] DEBUG org.apache.http.wire - http-outgoing-14 << "AAAAAAGdPAQAAAAAAAMqeAgAAAAAAAJw9BQAAAAAAACh7CgAAAAAAAHD2FAAAAAAAAKDsKQAAAAAAAMDZUwAAAAAAAICypwAAAAAAAABnTwEAAAAAAADKngIAAAAAAACcPQUAAAAAAAAoewoAAAAAAABw9hQAAAAAAACg7CkAAAAAAADA2VMAAAAAAACAsqcAAAAAAAAAZ08BAAAAAAAAyp4CAAAAAAAAnD0FAAAAAAAAKHsKAAAAAAAAcPYUAAAAAAAAoOwpAAAAAAAAwNlTAAAAAAAAgLKnAAAAAAAAAGdPAQAAAAAAAMqeAgAAAAAAAJw9BQAAAAAAACh7CgAAAAAAAHD2FAAAAAAAAKDsKQAAAAAAAMDZUwAAAAAAAICypwAAAAAAAABnTwEAAAAAAADKngIAAAAAAACcPQUAAAAAAAAoewoAAAAAAABw9hQAAAAAAACg7CkAAAAAAADA2VMAAAAAAACAsqcAAAAAAAAAZ08BAAAAAAAAyp4CAAAAAAAAnD0FAAAAAAAAKHsKAAAAAAAAcPYUAAAAAAAAoOwpAAAAAAAAwNlTAAAAAAAAgLKnAAAAAAAAAGdPAQAAAAAAAMqeAgAAAAAAAJw9BQAAAAAAACh7CgAAAAAAAHD2FAAAAAAAAKDsKQAAAAAAAMDZUwAAAAAAAICypwAAAAAAAABnTwEAAAAAAADKngIAAAAAAACcPQUAAAAAAAAoewoAAAAAAABw9hQAAAAAAACg7CkAAAAAAADA2VMAAAAAAACAsqcAAAAAAAAAZ08BAAAAAAAAyp4CAAAAAAAAnD0FAAAAAAAAKHsKAAAAAAAAcPYUAAAAAAAAoOwpAAAAAAAAwNlTAAAAAAAAgLKnAAAAAAAAAGdPAQAAAAAAAMqeAgAAAAAAAJw9BQAAAAAAACh7CgAAAAAAAHD2FAAAAAAAAKDsKQAAAAAAAMDZUwAAAAAAAICypwAAAAAAAABnTwEAAAAAAADKngIAAAAAAACcPQUAAAAAAAAoewoAAAAAAABw9hQAAAAAAACg7CkAAAAAAADA2VMAAAAAAACAsqcAAAAAAAAAZ08BAAAAAAAAyp4CAAAAAAAAnD0FAAAAAAAAKHsKAAAAAAAAcPYUAAAAAAAAoOwpAAAAAAAAwNlTAAAAAAAAgLKnAAAAAAAAAGdPAQAAAAAAAMqeAgAAAAAAAJw9BQAAAAAAACh7CgAAAAAAAHD2FAAAAAAAAKDsKQAAAAAAAMDZUwAAAAAAAICypwAAAAAAAABnTwEAAAAAAADKngIAAAAAAACcPQUAAAAAAAAoewoAAAAAAABw9hQAAAAAAACg7CkAAAAAAADA2VMAAAAAAACAsqcAAAAAAAAAZ08BAAAAAAAAyp4CAAAAAAAAnD0FAAAAAAAAKHsKAAAAAAAAcPYUAAAAAAAAoOwpAAAAAAAAwNlTAAAAAAAAgLKnAAAAAAAAAGdPAQAAAAAAAMqeAgAAAAAAAJw9BQAAAAAAACh7CgAAAAAAAHD2FAAAAAAAAKDsKQAAAAAAAMDZUwAAAAAAAICypwAAAAAAAABnTwEAAAAAAADKngIAAAAAAACcPQUAAAAAAAAoewoAAAAAAABw9hQAAAAAAACg7CkAAAAAAADA2VMAAAAAAACAsqcAAAAAAAAAZ08BAAAAAAAAyp4CAAAAAAAAnD0FAAAAAAAAKHsKAAAAAAAAcPYUAAAAAAAAoOwpAAAAAAAAwNlTAAAAAAAAgLKnAAAAAAAAAGdPAQAAAAAAAMqeAgAAAAAAAJw9BQAAAAAAACh7CgAAAAAAAHD2FAAAAAAAAKDsKQAAAAAAAMDZUwAAAAAAAICypwAAAAAAAABnTwEAAAAAAADKngIAAAAAAACcPQUAAAAAAAAoewoAAAAAAABw9hQAAAAAAACg7CkAAAAAAADA2VMAAAAAAACAsqcAAAAAAAAAZ08BAAAAAAAAyp4CAAAAAAAAnD0FAAAAAAAAKHsKAAAAAAAAcPYUAAAAAAAAoOwpAAAAAAAAwNlTAAAAAAAAgLKnAAAAAAAAAGdPAQAAAAAAAMqeAgAAAAAAAJw9BQAAAAAAACh7CgAAAAAAAHD2FAAAAAAAAKDsKQAAAAAAAMDZUwAAAAAAAICypwAAAAAAAABnTwEAAAAAAADKngIAAAAAAACcPQUAAAAAAAAoewoAAAAAAABw9hQAAAAAAACg7CkAAAAAAADA2VMAAAAAAACAsqcAAAAAAAAAZ08BAAAAAAAAyp4CAAAAAAAAnD0FAAAAAAAAKHsKAAAAAAAAcPYUAAAAAAAAoOwpAAAAAAAAwNlTAAAAAAAAgLKnAAAAAAAAAGdPAQAAAAAAAMqeAgAAAAAAAJw9BQAAAAAAACh7CgAAAAAAAHD2FAAAAAAAAKDsKQAAAAAAAMDZUwAAAAAAAICypwAAAAAAAABnTwEAAAAAAADKngIAAAAAAACcPQUAAAAAAAAoewoAAAAAAABw9hQAAAAAAACg7CkAAAAAAADA2VMAAAAAAACAsqcAAAAAAAAAZ08BAAAAAAAAyp4CAAAAAAAAnD0FAAAAAAAAKHsKAAAAAAAAcPYUAAAAAAAAoOwpAAAAAAAAwNlTAAAAAAAAgLKnAAAAAAAAAGdPAQAAAAAAAMqeAgAAAAAAAJw9BQAAAAAAACh7CgAAAAAAAHD2FAAAAAAAAKDsKQAAAAAAAMDZUwAAAAAAAICypwAAAAAAAABnTwEAAAAAAADKngIAAAAAAACcPQUAAAAAAAAoewoAAAAAAABw9hQAAAAAAACg7CkAAAAAAADA2VMAAAAAAACAsqcAAAAAAAAAZ08BAAAAAAAAyp4CAAAAAAAAnD0FAAAAAAAAKHsKAAAAAAAAcPYUAAAAAAAAoOwpAAAAAAAAwNlTAAAAAAAAgLKnAAAAAAAAAGdPAQAAAAAAAMqeAgAAAAAAAJw9BQAAAAAAACh7CgAAAAAAAHD2FAAAAAAAAKDsKQAAAAAAAMDZUwAAAAAAAICypwAAAAAAAABnTwEAAAAAAADKngIAAAAAAACcPQUAAAAAAAAoewoAAAAAAABw9hQAAAAAAACg7CkAAAAAAADA2VMAAAAAAACAsqcAAAAAAAAAZ08BAAAAAAAAyp4CAAAAAAAAnD0FAAAAAAAAKHsKAAAAAAAAcPYUAAAAAAAAoOwpAAAAAAAAwNlTAAAAAAAAgLKnAAAAAAAAAGdPAQAAAAAAAMqeAgAAAAAAAJw9BQAAAAAAACh7CgAAAAAAAHD2FAAAAAAAAKDsKQAAAAAAAMDZUwAAAAAAAICypwAAAAAAAABnTwEAAAAAAADKngIAAAAAAACcPQUAAAAAAAAoewoAAAAAAABw9hQAAAAAAACg7CkAAAAAAADA2VMAAAAAAACAsqcAAAAAAAAAZ08BAAAAAAAAyp4CAAAAAAAAnD0FAAAAAAAAKHsKAAAAAAAAcPYUAAAAAAAAoOwpAAAAAAAAwNlTAAAAAAAAgLKnAAAAAAAAAGdPAQAAAAAAAMqeAgAAAAAAAJw9BQAAAAAAACh7CgAAAAAAAHD2FAAAAAAAAKDsKQAAAAAAAMDZUwAAAAAAAICypwAAAAAAAABnTwEAAAAAAADKngIAAAAAAACcPQUAAAAAAAAoewoAAAAAAABw9hQAAAAAAACg7CkAAAAAAADA2VMAAAAAAACAsqcAAAAAAAAAZ08BAAAAAAAAyp4CAAAAAAAAnD0FAAAAAAAAKHsKAAAAAAAAcPYUAAAAAAAAoOwpAAAAAAAAwNlTAAAAAAAAgLKnAAAAAAAAAGdPAQAAAAAAAMqeAgAAAAAAAJw9BQAAAAAAACh7CgAAAAAAAHD2FAAAAAAAAKDsKQAAAAAAAMDZUwAAAAAAAICypwAAAAAAAABnTwEAAAAAAADKngIAAAAAAACcPQUAAAAAAAAoewoAAAAAAABw9hQAAAAAAACg7CkAAAAAAADA2VMAAAAAAACAsqcAAAAAAAAAN3mGy85ZwIToAAAAAElFTkSuQmCC"}"
10:43:47.268 [Forwarding screenshot on session 5e9977749cf8e028abefff19f425d7c0 to remote] DEBUG o.a.h.i.c.DefaultManagedHttpClientConnection - http-outgoing-14: Shutdown connection
10:43:47.268 [Forwarding screenshot on session 5e9977749cf8e028abefff19f425d7c0 to remote] DEBUG o.a.h.impl.execchain.MainClientExec - Connection discarded
10:43:47.268 [Forwarding screenshot on session 5e9977749cf8e028abefff19f425d7c0 to remote] DEBUG o.a.h.i.c.DefaultManagedHttpClientConnection - http-outgoing-14: Close connection
10:43:47.268 [Forwarding screenshot on session 5e9977749cf8e028abefff19f425d7c0 to remote] DEBUG o.a.h.i.c.PoolingHttpClientConnectionManager - Connection released: [id: 14][route: {}->http://localhost:13906][total kept alive: 0; route allocated: 0 of 2000; total allocated: 0 of 2000]
10:43:47.271 [Forwarding screenshot on session 5e9977749cf8e028abefff19f425d7c0 to remote] DEBUG o.a.h.c.protocol.RequestAddCookies - CookieSpec selected: best-match
10:43:47.272 [Forwarding screenshot on session 5e9977749cf8e028abefff19f425d7c0 to remote] DEBUG o.a.h.c.protocol.RequestAuthCache - Auth cache not set in the context
10:43:47.272 [Forwarding screenshot on session 5e9977749cf8e028abefff19f425d7c0 to remote] DEBUG o.a.h.i.c.PoolingHttpClientConnectionManager - Connection request: [route: {}->http://localhost:13906][total kept alive: 0; route allocated: 0 of 2000; total allocated: 0 of 2000]
10:43:47.272 [Forwarding screenshot on session 5e9977749cf8e028abefff19f425d7c0 to remote] DEBUG o.a.h.i.c.PoolingHttpClientConnectionManager - Connection leased: [id: 15][route: {}->http://localhost:13906][total kept alive: 0; route allocated: 1 of 2000; total allocated: 1 of 2000]
10:43:47.272 [Forwarding screenshot on session 5e9977749cf8e028abefff19f425d7c0 to remote] DEBUG o.a.h.impl.execchain.MainClientExec - Opening connection {}->http://localhost:13906
10:43:47.272 [Forwarding screenshot on session 5e9977749cf8e028abefff19f425d7c0 to remote] DEBUG o.a.h.i.c.HttpClientConnectionOperator - Connecting to localhost/127.0.0.1:13906
10:43:47.272 [Forwarding screenshot on session 5e9977749cf8e028abefff19f425d7c0 to remote] DEBUG o.a.h.i.c.HttpClientConnectionOperator - Connection established 127.0.0.1:34735<->127.0.0.1:13906
10:43:47.272 [Forwarding screenshot on session 5e9977749cf8e028abefff19f425d7c0 to remote] DEBUG o.a.h.impl.execchain.MainClientExec - Executing request GET /session/5e9977749cf8e028abefff19f425d7c0/screenshot HTTP/1.1
10:43:47.272 [Forwarding screenshot on session 5e9977749cf8e028abefff19f425d7c0 to remote] DEBUG o.a.h.impl.execchain.MainClientExec - Target auth state: UNCHALLENGED
10:43:47.272 [Forwarding screenshot on session 5e9977749cf8e028abefff19f425d7c0 to remote] DEBUG o.a.h.impl.execchain.MainClientExec - Proxy auth state: UNCHALLENGED
10:43:47.272 [Forwarding screenshot on session 5e9977749cf8e028abefff19f425d7c0 to remote] DEBUG org.apache.http.headers - http-outgoing-15 >> GET /session/5e9977749cf8e028abefff19f425d7c0/screenshot HTTP/1.1
10:43:47.272 [Forwarding screenshot on session 5e9977749cf8e028abefff19f425d7c0 to remote] DEBUG org.apache.http.headers - http-outgoing-15 >> Cache-Control: no-cache
10:43:47.272 [Forwarding screenshot on session 5e9977749cf8e028abefff19f425d7c0 to remote] DEBUG org.apache.http.headers - http-outgoing-15 >> Host: localhost:13906
10:43:47.272 [Forwarding screenshot on session 5e9977749cf8e028abefff19f425d7c0 to remote] DEBUG org.apache.http.headers - http-outgoing-15 >> Connection: Keep-Alive
10:43:47.272 [Forwarding screenshot on session 5e9977749cf8e028abefff19f425d7c0 to remote] DEBUG org.apache.http.headers - http-outgoing-15 >> User-Agent: Apache-HttpClient/4.3.4 (java 1.5)
10:43:47.272 [Forwarding screenshot on session 5e9977749cf8e028abefff19f425d7c0 to remote] DEBUG org.apache.http.headers - http-outgoing-15 >> Accept-Encoding: gzip,deflate
10:43:47.272 [Forwarding screenshot on session 5e9977749cf8e028abefff19f425d7c0 to remote] DEBUG org.apache.http.wire - http-outgoing-15 >> "GET /session/5e9977749cf8e028abefff19f425d7c0/screenshot HTTP/1.1[\r][\n]"
10:43:47.272 [Forwarding screenshot on session 5e9977749cf8e028abefff19f425d7c0 to remote] DEBUG org.apache.http.wire - http-outgoing-15 >> "Cache-Control: no-cache[\r][\n]"
10:43:47.272 [Forwarding screenshot on session 5e9977749cf8e028abefff19f425d7c0 to remote] DEBUG org.apache.http.wire - http-outgoing-15 >> "Host: localhost:13906[\r][\n]"
10:43:47.272 [Forwarding screenshot on session 5e9977749cf8e028abefff19f425d7c0 to remote] DEBUG org.apache.http.wire - http-outgoing-15 >> "Connection: Keep-Alive[\r][\n]"
10:43:47.272 [Forwarding screenshot on session 5e9977749cf8e028abefff19f425d7c0 to remote] DEBUG org.apache.http.wire - http-outgoing-15 >> "User-Agent: Apache-HttpClient/4.3.4 (java 1.5)[\r][\n]"
10:43:47.272 [Forwarding screenshot on session 5e9977749cf8e028abefff19f425d7c0 to remote] DEBUG org.apache.http.wire - http-outgoing-15 >> "Accept-Encoding: gzip,deflate[\r][\n]"
10:43:47.272 [Forwarding screenshot on session 5e9977749cf8e028abefff19f425d7c0 to remote] DEBUG org.apache.http.wire - http-outgoing-15 >> "[\r][\n]"
10:43:47.306 [LittleProxy-ProxyToServerWorker-7] DEBUG o.l.p.impl.ProxyToServerConnection - (AWAITING_CHUNK) [id: 0x458e796c, /10.65.140.181:37611 => voucher-manager.stage.pv.nimbus-stage.cg.sky.com/80.238.10.34:80]: Reading: DefaultHttpContent(data: SlicedByteBuf(ridx: 0, widx: 2754, cap: 2754/2754, unwrapped: UnpooledUnsafeDirectByteBuf(ridx: 2760, widx: 2760, cap: 16384)), decoderResult: success)
10:43:47.306 [LittleProxy-ProxyToServerWorker-7] DEBUG o.l.p.impl.ClientToProxyConnection - (AWAITING_INITIAL) [id: 0x751c735a, /127.0.0.1:48645 => /127.0.1.1:41135]: Retaining reference counted message
10:43:47.306 [LittleProxy-ProxyToServerWorker-7] DEBUG o.l.p.impl.ClientToProxyConnection - (AWAITING_INITIAL) [id: 0x751c735a, /127.0.0.1:48645 => /127.0.1.1:41135]: Writing: DefaultHttpContent(data: SlicedByteBuf(ridx: 0, widx: 2754, cap: 2754/2754, unwrapped: UnpooledUnsafeDirectByteBuf(ridx: 2760, widx: 2760, cap: 16384)), decoderResult: success)
10:43:47.306 [LittleProxy-ProxyToServerWorker-7] DEBUG o.l.p.impl.ClientToProxyConnection - (AWAITING_INITIAL) [id: 0x751c735a, /127.0.0.1:48645 => /127.0.1.1:41135]: Wrote: DefaultHttpContent(data: SlicedByteBuf(ridx: 0, widx: 2754, cap: 2754/2754, unwrapped: UnpooledUnsafeDirectByteBuf(ridx: 2760, widx: 2760, cap: 16384)), decoderResult: success)
10:43:47.306 [LittleProxy-ProxyToServerWorker-7] DEBUG o.l.p.impl.ClientToProxyConnection - (AWAITING_INITIAL) [id: 0x751c735a, /127.0.0.1:48645 => /127.0.1.1:41135]: Not closing server connection on middle chunk for /campaign?page=1
10:43:47.307 [LittleProxy-ProxyToServerWorker-7] DEBUG o.l.p.impl.ClientToProxyConnection - (AWAITING_INITIAL) [id: 0x751c735a, /127.0.0.1:48645 => /127.0.1.1:41135]: Not closing client connection on middle chunk for /campaign?page=1
10:43:47.307 [LittleProxy-ProxyToServerWorker-7] DEBUG o.l.p.impl.ProxyToServerConnection - (AWAITING_CHUNK) [id: 0x458e796c, /10.65.140.181:37611 => voucher-manager.stage.pv.nimbus-stage.cg.sky.com/80.238.10.34:80]: Reading: DefaultHttpContent(data: SlicedByteBuf(ridx: 0, widx: 4983, cap: 4983/4983, unwrapped: UnpooledUnsafeDirectByteBuf(ridx: 4990, widx: 4990, cap: 16384)), decoderResult: success)
10:43:47.307 [LittleProxy-ProxyToServerWorker-7] DEBUG o.l.p.impl.ClientToProxyConnection - (AWAITING_INITIAL) [id: 0x751c735a, /127.0.0.1:48645 => /127.0.1.1:41135]: Retaining reference counted message
10:43:47.307 [LittleProxy-ProxyToServerWorker-7] DEBUG o.l.p.impl.ClientToProxyConnection - (AWAITING_INITIAL) [id: 0x751c735a, /127.0.0.1:48645 => /127.0.1.1:41135]: Writing: DefaultHttpContent(data: SlicedByteBuf(ridx: 0, widx: 4983, cap: 4983/4983, unwrapped: UnpooledUnsafeDirectByteBuf(ridx: 4990, widx: 4990, cap: 16384)), decoderResult: success)
10:43:47.307 [LittleProxy-ProxyToServerWorker-7] DEBUG o.l.p.impl.ClientToProxyConnection - (AWAITING_INITIAL) [id: 0x751c735a, /127.0.0.1:48645 => /127.0.1.1:41135]: Wrote: DefaultHttpContent(data: SlicedByteBuf(ridx: 0, widx: 4983, cap: 4983/4983, unwrapped: UnpooledUnsafeDirectByteBuf(ridx: 4990, widx: 4990, cap: 16384)), decoderResult: success)
10:43:47.307 [LittleProxy-ProxyToServerWorker-7] DEBUG o.l.p.impl.ClientToProxyConnection - (AWAITING_INITIAL) [id: 0x751c735a, /127.0.0.1:48645 => /127.0.1.1:41135]: Not closing server connection on middle chunk for /campaign?page=1
10:43:47.307 [LittleProxy-ProxyToServerWorker-7] DEBUG o.l.p.impl.ClientToProxyConnection - (AWAITING_INITIAL) [id: 0x751c735a, /127.0.0.1:48645 => /127.0.1.1:41135]: Not closing client connection on middle chunk for /campaign?page=1
10:43:47.307 [LittleProxy-ProxyToServerWorker-7] DEBUG o.l.p.impl.ProxyToServerConnection - (AWAITING_CHUNK) [id: 0x458e796c, /10.65.140.181:37611 => voucher-manager.stage.pv.nimbus-stage.cg.sky.com/80.238.10.34:80]: Reading: EmptyLastHttpContent
10:43:47.307 [LittleProxy-ProxyToServerWorker-7] DEBUG o.l.p.impl.ClientToProxyConnection - (AWAITING_INITIAL) [id: 0x751c735a, /127.0.0.1:48645 => /127.0.1.1:41135]: Retaining reference counted message
10:43:47.307 [LittleProxy-ProxyToServerWorker-7] DEBUG o.l.p.impl.ClientToProxyConnection - (AWAITING_INITIAL) [id: 0x751c735a, /127.0.0.1:48645 => /127.0.1.1:41135]: Writing: EmptyLastHttpContent
10:43:47.307 [LittleProxy-ProxyToServerWorker-7] DEBUG o.l.p.impl.ClientToProxyConnection - (AWAITING_INITIAL) [id: 0x751c735a, /127.0.0.1:48645 => /127.0.1.1:41135]: Writing an empty buffer to signal the end of our chunked transfer
10:43:47.307 [LittleProxy-ProxyToServerWorker-7] DEBUG o.l.p.impl.ClientToProxyConnection - (AWAITING_INITIAL) [id: 0x751c735a, /127.0.0.1:48645 => /127.0.1.1:41135]: Wrote: EmptyLastHttpContent
10:43:47.307 [LittleProxy-ProxyToServerWorker-7] DEBUG o.l.p.impl.ClientToProxyConnection - (AWAITING_INITIAL) [id: 0x751c735a, /127.0.0.1:48645 => /127.0.1.1:41135]: Retaining reference counted message
10:43:47.307 [LittleProxy-ProxyToServerWorker-7] DEBUG o.l.p.impl.ClientToProxyConnection - (AWAITING_INITIAL) [id: 0x751c735a, /127.0.0.1:48645 => /127.0.1.1:41135]: Writing: EmptyByteBufBE
10:43:47.307 [LittleProxy-ProxyToServerWorker-7] DEBUG o.l.p.impl.ClientToProxyConnection - (AWAITING_INITIAL) [id: 0x751c735a, /127.0.0.1:48645 => /127.0.1.1:41135]: Wrote: EmptyByteBufBE
10:43:47.307 [LittleProxy-ProxyToServerWorker-7] DEBUG o.l.p.impl.ClientToProxyConnection - (AWAITING_INITIAL) [id: 0x751c735a, /127.0.0.1:48645 => /127.0.1.1:41135]: Handling last chunk. Using normal server connection closing rules.
10:43:47.307 [LittleProxy-ProxyToServerWorker-7] DEBUG o.l.p.impl.ClientToProxyConnection - (AWAITING_INITIAL) [id: 0x751c735a, /127.0.0.1:48645 => /127.0.1.1:41135]: Not closing server connection for response: DefaultHttpResponse(decodeResult: success, version: HTTP/1.1)
HTTP/1.1 200 OK
X-FORWARDED-PROTO: http
Server: nginx
Date: Wed, 29 Jul 2015 09:43:47 GMT
Content-Type: application/json;charset=UTF-8
Transfer-Encoding: chunked
Connection: keep-alive
Keep-Alive: timeout=10
Access-Control-Allow-Credentials: true
X-Content-Type-Options: nosniff
X-XSS-Protection: 1; mode=block
Cache-Control: no-cache, no-store, max-age=0, must-revalidate
Pragma: no-cache
Expires: 0
X-Frame-Options: DENY
X-Application-Context: pv__voucher-manager__stage__v0_1_0_972:stage-cloud:2
10:43:47.307 [LittleProxy-ProxyToServerWorker-7] DEBUG o.l.p.impl.ClientToProxyConnection - (AWAITING_INITIAL) [id: 0x751c735a, /127.0.0.1:48645 => /127.0.1.1:41135]: Handling last chunk. Using normal client connection closing rules.
10:43:47.307 [LittleProxy-ProxyToServerWorker-7] DEBUG o.l.p.impl.ClientToProxyConnection - (AWAITING_INITIAL) [id: 0x751c735a, /127.0.0.1:48645 => /127.0.1.1:41135]: Not closing client connection for request: HttpObjectAggregator$AggregatedFullHttpRequest(decodeResult: success, version: HTTP/1.1, content: CompositeByteBuf(ridx: 0, widx: 0, cap: 0, components=0))
GET /campaign?page=1 HTTP/1.1
Host: voucher-manager.stage.pv.nimbus-stage.cg.sky.com
Authorization: Basic YWRtaW46cGFzcw==
Accept: application/json, text/plain, */*
User-Agent: Mozilla/5.0 (X11; Linux x86_64) AppleWebKit/537.36 (KHTML, like Gecko) Chrome/43.0.2357.134 Safari/537.36
Referer: http://voucher-manager-ui.stage.pv.nimbus-stage.cg.sky.com/
Accept-Language: en-GB,en-US;q=0.8,en;q=0.6
Content-Length: 0
Accept-Encoding: gzip, deflate, 
Via: 1.1 localhost.localdomain
10:43:47.571 [Forwarding screenshot on session 5e9977749cf8e028abefff19f425d7c0 to remote] DEBUG org.apache.http.wire - http-outgoing-15 << "HTTP/1.1 200 OK[\r][\n]"
10:43:47.571 [Forwarding screenshot on session 5e9977749cf8e028abefff19f425d7c0 to remote] DEBUG org.apache.http.wire - http-outgoing-15 << "Content-Length:395590[\r][\n]"
10:43:47.571 [Forwarding screenshot on session 5e9977749cf8e028abefff19f425d7c0 to remote] DEBUG org.apache.http.wire - http-outgoing-15 << "Content-Type:application/json; charset=utf-8[\r][\n]"
10:43:47.571 [Forwarding screenshot on session 5e9977749cf8e028abefff19f425d7c0 to remote] DEBUG org.apache.http.wire - http-outgoing-15 << "Connection:close[\r][\n]"
10:43:47.571 [Forwarding screenshot on session 5e9977749cf8e028abefff19f425d7c0 to remote] DEBUG org.apache.http.wire - http-outgoing-15 << "[\r][\n]"
10:43:47.571 [Forwarding screenshot on session 5e9977749cf8e028abefff19f425d7c0 to remote] DEBUG org.apache.http.wire - http-outgoing-15 << "{"sessionId":"5e9977749cf8e028abefff19f425d7c0","status":0,"value":"iVBORw0KGgoAAAANSUhEUgAACb8AAAU2CAIAAAAwQs5jAAAgAElEQVR4nOzdd5xU1f3/8c/02d77wrLUpSMIdiMIIihqYqJJjEbTY77GJCZGExNTvsk3zRiNmviLJWiwV5SOCBaqtC2wvRd2dnZ2dtpOvfP748Iw7M4OC6igeT0f/LHcuTN775w7s/fe9zmfowmHwwIAAAAAAAAAAAAAnwoOh+Okn6v9ELcDAAAAAAAAAAAAAD65SE8BAAAAAAAAAAAAQIT0FAAAAAAAAAAAAABUpKcAAAAAAAAAAAAAIEJ6CgAAAAAAAAAAAAAq0lMAAAAAAAAAAAAAECE9BQAAAAAAAAAAAAAV6SkAAAAAAAAAAACA/worV66MvwLpKQAAAAAAAAAAAIBPPzU6jR+gkp4CAAAAAAAAAAAA+JSLDk3jBKikpwAAAAAAAAAAAAA+zYbGpcMFqKSnAAAAAAAAAAAAAP7rxAxQNeFw+OPfFAAAAAAAAAAAAAD4KDgcjpN+LmNPAQAAAAAAAAAAAECE9BQAAAAAAAAAAAAAVKSnAAAAAAAAAAAAACBCegoAAAAAAAAAAAAAKv3p3gAAAAAAAAAAAAAA+PCtXbvWYDAoiqLRaGKuEA6HtVptIBC4/PLL1SWkpwAAERFvQHl1T7eIlOYknDs2/XRvDgAAAAAAAAAAp8pgMGRkZIRCoTjpqU6n6+vriywhPQWAE2BzByo6XCKSkaifUZwykqcElfD79XYR0WnkwgkZH+32nQKPP/TYu+0ictnU7DM2PX2vri8UFhEx6jTnjRvRRkaekmbWzxo9oiYDAAAAAAAAAHw6KIoSCoXijz1VV4ssIT0FgBNg1Gv/uLrRF1QSDNqXbj3LbDj+7NFb6+2/WVkvIvNK087k9PQT4f9WN3oDh/+GPXHL9JIsc/z1Kzpc975er/5cVpD08A1TPtrtAwAAAAAAAACcSTRR4q8T+e/x7/sDACKSTbr5ZZkiMhBQNlX3juQpq8ot6g9Xzcr9CLfsv8/ayp7jr1Nx/HUAAAAAAAAAAIggPQWAE7PsSAi6qvz4yVy3w7+72SEiuSnGc87UcrifOKkJehHZUGUNKeE4q3kDypYam4gkm3Qf05YBAAAAAAAAAD7hSE8B4MSU5SdNyEsUkeoud2PPQPyV11b2qPneFTNztMNWBcCJmT06VUT6PMHtjf1xVnun1jYQUJJMupKshI9r0wAAAAAAAAAAn2zMewoAJ+yqmbn3rW8WkdUVPf+zYPRwqylhWVthFRGdVrN0es7QFXxB5YNmR2WH0+YOBEPh1AT9uJzEeWPTclOMg9bs8wR3NtpFZFxu4vjcxKEvtaXG5g0oSSZdzKlVD/X7362ztfd5nQPB1ATD1KLkiyZkDDdpqxryhkX2tDg+aO63Ov06raYow3zxxMw484z2OP3bG+31Fo9zIJho0uWmmM4dlz4xL8amtvR6q7tcInLxpMwEg3ZHY/+WWps/qNxwbmFp9ohizvRE/bicxIYez5qKngvGDzuid22lVUTOG5fe2hsv5O7zBLfV99VbPA5vUAlLWoJ+fG7iRRMy1BGu0Vy+0Pt1fSIytSi5OMMsIrtbHNsa7DaX36DXFmeYL5qQMWb4XWjpHdjZ1N/a63X7gjqdJivJOKUw+bxx6QbdsLl6Q49nW4O9x+nXazWjMhMWlGWqW7Wlts/rD2UlG88ekzr0WfUWz67m/jab1+sPpSYYRmWaL5yQkZc6+KASkX2tzm6Hz2zUfWZiRkgJryrvqWh3GnTaHywaY9ST9gMAgE8qX1AREZOe/uI4SUpYfEHFpNfSBfZD9En5YNL6p0UgFA4q4YRhblMAAPDxIz0FgBO2YHLWPze3uf2hDVXWb108aric6YPmfovTLyIXjk/PTDIMenRLbd/Db7X0ugODlms1smxm7nfnj44O1dr7vH9a2yQiN51fGDM9feTtVqsrUJxhHpSeOr2h+9c3banti174xn7LQybd7YvGLCjLHPpSep3G7gn+8rW6qk5X9PLl73fcdH7RTecXDlo/EAr/c3PrG/t7BtXRXb61Y9bolB8vLi1IM0UvL293/m1Ds4hMLkzeeMC6YnuXuvySSZkjTE9DSvjiSRkNPZ4djXabOzD0vRWRQ/3+/W1OEbloQsbyHk/M11HC8uR77c/vOjS0AvDf32r59mdGfXZ2XvTC/oGg2gq3XVqSbNIPfYv+/X7HTecXfvX8okGv5vAG/7y2aWu9feg2ZCcb7r5i3KxRKYOWewPKfeuaNlXbohf+c3Pr9y8tWToj509rGr0B5dyx6YPSU6sr8Kc1jbtbHINe7ZG3W5fNzP3OJaMGReZvllverrZlJOovmpDx4xdqytud6vJbF4w26il3DAAABvMHw3ta++u7PR5/KCPJMC4n8ayS1DMwX7j92YM6rebhG6ac7g35yLX3efe0OCxOv0GnyU0xnTsuLSMxxrnxGaWq01XV4bJ7AslmfVGG+dyxaWdgnLaj0X7Pq3X/d+3EeaVpp3tbTpU3oGxrsHfafS5fMNGoK81OmFt6et7zu16q7R8IPnHLtOOuuaW2LxBUFk7JivnohgO9Rr32MxNj9Bv+UJS3O+94vvqXV43/6H7FmUMJy95WR4PF0+cJGHXaogzT3NL0jMTTcLv4mR2dT23tfOV7Z6UN6ccc386mfqvTP7skLT8tRo9hAABOGukpAJwws0G7aGrWa3stLl/onVrbcBd1q49MjBqZKjViXaVVzeEMOs1lU7MnFyQb9ZpOu299lbXT7nt9n8Xi9P/vZyec4nZ6A8odz1c39HhEZGJe4pySNKNe22obeKe2z+UL/e7NhnA4fOnkwRuv02p+8mJ1S6/3kkmZE/OTFCVc1ena1mAPiyzf2jG1KHlOydHETgnLz1+pVeO60ZnmS8oyC9PNHn9oV1P/tgb7vlbnD5+rfvDLk6NH00bC5rpu97M7ukSkIM2k0Yh++CGYg4TCcunkrCff61DCsr7K+sV5BUPXWVfVIyJJJt05Y9OffL8j5uv8c3Pry7u7RSQ1QX/JpMyidJNep23s8ayrtAZC4Yc2tSaadIunZkfW1x/pe+wYCN75Yk1L78CCyZnjc5OUcLimy/1eXV9Y5KmtnVMLU6JDzZASvuul2ppDbhEpzjBfNDEjO9kYDCl7W53bG+1WV+Dnr9Q+8pUpg8oL/9/qxvfq+kQkI1G/cEp2fprJ4vBtONB73/pms0HnDai9to95x3rdge/9p8rqCojI7JLUs8ekZScbepz+zdW2Oovnjf2WTrv399dO1Ef1oDbqtCIyEFDWVVrL250GnSY/zeQNKGfgPVAAAHDaba23/21Dc687kJGoT0s09Dj8bn+oMN30y2XjJ8SqOHIafXZ2nlbzKT+j8fiV+9c3baq26bWagnSTP6j0OP0i8tnZed+5ZPRHNGbu1T3dhenmc8aeZKDYZvP+blVDXbcn0ajNTTX1ewJ9nmCSUfc/l46+LOqs+0xQkpXwjYuKR2UOW3rnk2JdlfXBjS3hsEzISzTptRanv83mzUkx/uW6SWo1nTNTVYfz5d3dJdkJE4Z0Ha7r9vxhdeO1c/L+G6LNj1qdxXPva3UWh398XmJagr5/INiww6PTau65clzMolZnILcv9KvX631BZen0nDsWjzndm3McVlfg3++3/3hx6eneEADAiJCeAsDJWDYz97W9FhFZXdETMz3t8wS3NthFpDjDfNboYwYI9jj9D77VIiIpZt39X5wcPeDyi/MK7nq5Zl+rc1uDfV2VdfGp3URYvrVDjU4HDYist3huf/agN6A8sLHl3HHpScZjRhluOthr0Gn+eePUsTlHN+yVPd0Pb2oVkdXlPdHp6XM7u9TodNGUrB9fXhpJ5q6elft2te1/32zocfr//lbLb685mgTrjtzJen2vpSjD/JtrJow+wbsS4XC4IM00c1TK/jbn2soY6WlYZH2VVUQWlGUadJrw4JGlIiLdDv8ru7tFJDvZ8PBXpmYnH+2kf81Zed9bUeUPhh9/p/2yqdmRW0+6I3v36t5uvVbz6E1To+v0vrqn+6HDb5ElOj3dVG1To9M5JanR4eXnz85fXdFz37pmb0B5elvnPVeOizxld4tDjU6LM8wPfnlypO/tDecV3vNK3YNvNav/1Rx7T/CPqxvV6PQHi0qWzTwa2F8/r+DvG1te32fZ3eJ4fa/l2jlHB9Sqe+QLKG+WWy6ckHHH4jGpZk4MAABADDub+n/5Wt3oLPMvrxo/rShZRMIiW+vt961ruv3Zg4/fMm1QuZHT6xTPos98Slh+9nJNRYfrK+cWXjcvXz2f73UH/rWl7eXd3f5g+AeLSj6K3/vaXssVM3JOLj21ugLff/ZgMKTcvXTs/LJM9US03uL56/rmP65pMui082PVxTldCtNNXzonRh/NTxaL03/fuubpxcm/vnpCsunwRd++NufPX6n93ZsN/7hx6undvDiWzcx9eXf3qv09Q4/kVeU96gqnY7s+bX73ZoM/GH7ya9MjHQUsTv9PX6z53aqG574960THgJ4W66qsgZCyZHr2pure784fnWg84wayRytvc75dbSM9BYBPik/AH0IAOAONyU6YXpRc0eHa3+Zs7/MO7be7vsqq1oNdNnPwjKdv7LeoYwdvvqB4UK1ag05zx2WlNz5WLiKv7ek+lfs+AwFl5T6LiJRmJ9x0bC3Z8bmJ188tWL61w+0Lba62XTHjmC10+UL/+9kJ0dGpiFw9K/fxd9u9AaUlag5RX1B5cdchEclLNd6xuFR/bBf3+WWZWxv6Nh20ba23t9m8keuxyOwxVZ2ux2+edqLRacSS6Tn725xtNm9lh0u9hRexv9V5qN8vIpdPizHdrKqld6AkO8HmDlw5Mzc6OhWRsTkJF47P2FRt63UHmnoGIm9FZP8cA8HfXjNh0BSnV87M/dc77b6gUtPtjl5ucfiLM8w2t/+GcwsHvUVLpucsf7/D6gp80NwfvXxdpVX94TuXjIq+ZE0y6n551bibHisfujvVh9xqjH3JpMxBtxI0IrcuGL290d7t8D+/s+tzc/IiG6HVioiERfrcgfuvn8xcpwAAIKaQEv7bhuYUs/6+68sihWE1IheMT89Kmnjv63VVHS41PVXC8m6tbVdzv8cXyk4xXjghY0bx4RkKAqHw09s65pWmpyXoV+6z9HkC43ITr52dr9XKm/t7DnS6Usy6y6fnqEPNvAHlmR2dagHJVeU9Vpc/L9V05Yzc6MKM3Q7/6oqeNpvXrNeOyU64cmZu5L75yn0WjUYTOQ+3ugKry3s67d78NNOVM3O7Hb4djfYvn1NoNmh3NvXXHHLfeF7h5hrbzqZ+CcvUouQl03MiZ219nuCGKmt7nzccllGZ5kunZGXFmjbiY7amokeNTm+58Oh5flaS4a6lY93+UKfd6w0o6t7VHnJ//uz8Fds7e12BO5eUikhICW+use1tdQz4lYI002XTsqNPyIdrwW6H/439lvY+786mfpcvuGxmbk6KUUT2tznfreuzufxpiYaLJmTMLkkdsrGHPbql1TEQ/PMXJkWvMz438c/XTbr16QPVh9yR9DR+yyYYdeeOTX91T3erbSAnxfi52Xk5KcZtDfZ36/o0IueNS4+MmdvWYK/r9tx4fuG6Suv+NqdG5OwxafMnZ0ZOeT1+ZW1lT80htxIOF6aZL5+eHekE0GbzbjhgvWxqtnqh5w+GV1f01Ha7k4y6RVOzs5MNr+3tXlCWNSY7IXJg56UaV+6zdPX7spONV8zIORPGrVZ3uUNK+KqZuZHoVERmjUr58eLSAX8oEApHJouJ344HOl1vHeztcwdSEwxTi5IvnZylfkDUfT9nbLovoKyrsi4oy1KT9ZZe74Yq6yGHLzvZuGBy1sSoselajfiD4ZX7umu63Qat9vzx6THHOI7KNM8albLpYO+gyUd8QWXTwd5Zo1Iib28gFN54oLeiw+kNKHmpxksmZU7KT1If2tZgP9jluvmC4sjHeUdjf1WnM3qJ2m/V5QuOyki4YmZO9Kdbq5HqQ+71lVb7QLA4w/TZ2XnRZbE77L51lT3tfT6zQTtzVMrCyVlqh4CY70lYZFdT/95Wh90TTDHrzh6TNrc07bRfejkGgm0271WzcqOP1dwU451Lxh7odAVCR/sgD7ezquEODxFZuc+SaNRNLUp+dkdXUYb5+rn5ItI/EFxT0dPQ40k26WeXpF507AGg0ciW2r4djXZ/UJlamHzlzFxD3CJVb+yzzC5J/dzs/DUV1rcOWofG6nGaOM5DjT0Dbx3s7er3mfTaKYVJi6Zkq8eh+rdp5qjUSJ9yfzD8n+0dkSXqd9RFEzLe3G+p6XYnGfUXTEifOyZNRNZVWldX9ARC4Sfeay/OMJ9pA+4BAEOd0V1yAOBMFqnHG6nQG01daNBpFg8J8N6rs4uIViMxB60WppsmFySJSG23p88TPOnN293cr2a0l5RlDr3aWDI9+6dLSn//uYlzSgb3HM9NMZ43Ln3QQp1WU5huEpFe19GJWsvbnQ5vUEQun5YT85Jm8dTD+64Owx1kRnHKmJFNdBrTxRMz1F72ayoGv/9rK3tEpCQroawgabinzytNe/zmaa9+76wbzxs8k6uIlOYcvsK3uvxDH81ONpw3fvBbZNBpCtJNImI/ttVuOLdg+denv/H9OTOHTG6qEVEL9jq9IX/w6NXp3laHiCQYtEOnWcpINCycEuMq670jU9teNaRMtIjotZoFk7NEpNcdUAfCDrJ4WjbRKQAAGM6+Nme3w3/1WblD59QsK0h6/juzIqe1v15Z/79vNnj8Sm6qqa7b88PnqtWJElQrtnetLu/5+Su13qAy4Fcee6f9wbeaf7+qcWt9X5JJ905t320rDqi1NELh8IrtXSv3dv/4hRqry2826N7YZ/nWU5XtfV71pQ52uW9+onxztS0ryWDQa/6zvfMb/65w+0Lqo6sretQTQhGxOP3ffqry1T3dOq2m0+77nxUH1lT0rNjeFQqHRaS83bn8/Y7H3m1/dkdXgkHb7fT9dX3zw5ta1Oe293m/+nj5qvIevVaj02pe39f9jScrW3q9H9UbPWLrKq1mg/b6WBNY/PaaCX/6wiT1Rv/+NufyrR1PvNe+vsraYfeKSFAJ3/Vy7R/XNAVD4bxU467m/m/8u3Jr/dFz9eFaMBBSWnsHRMTlDR7q96vJyr/f7/jR89WtvQOFGeZuh+8nL9b86532mBvsDShbavpmFKcMjVeTjLrlX5/+3UtGqf+N37IbDvS+ud9y98s1bbYBk1776p7uH79Q89peyxPvtScYtPUWz72v1285cmK8t9WxfGvH3zY0v7HfYjZou/p9v1vV8ODGw43r8Aa//VTlU1s7jHptRqJhc43t5scrqrsOnyq393lXbO/qtPtERAnLj1+ofnhTi8cX8oeUX7xa++IHhyKPisiK7V3rKq0/eO5gt8OfbNKtq7R+66lKtZDy6ZWZZBCR3S2OQbV45pdlLp1x9Aoufju+sqf7tmcONvYM5KaaHN7gn9Y0/ur1OvWhcFhWbO/aeKD3V6/Xt/YO2AcCIvJeXd+3llfuaLInmXQHOl3ffbpq7ZG+oSKi12ruerlmd4sjxaQ/2OW69/X6t6ttMTf+qlm5bn9oS80xj26psbn9ociVuDegfP+ZA39/q0VRwgVppoOdrlv/c+CN/Rb10V1N/Su2d4WjKhF90HzMkke3tN35Yk1HnzfJqFtfZb358fLGnqN9hfe1On77Rn1QCWs18uyOrjuer4680M6m/q8/WfFenb0gzSRhuX99849fqFE/FDHfkwc2tNzzat2hfl+KWdfV7/v5K7UPbGg5TuN99JLNeoNOc7DT5fEr0csnFyRdOycv0sM4zs5K3MNDRNZVWddVWe99rb6yw6V+Ijrtvq8/Wfnqnm6jTmtzB379ev2f1jRF//b/bOt8ZntngkHb5w48tKk18m0c0/42Z6vNu3hqztichAm5iW/uH3xnIE4Tx3norYO9336qcndLf16qUa/T/GtL+3efrnL5QiLiCy"
10:43:47.571 [Forwarding screenshot on session 5e9977749cf8e028abefff19f425d7c0 to remote] DEBUG org.apache.http.headers - http-outgoing-15 << HTTP/1.1 200 OK
10:43:47.571 [Forwarding screenshot on session 5e9977749cf8e028abefff19f425d7c0 to remote] DEBUG org.apache.http.headers - http-outgoing-15 << Content-Length:395590
10:43:47.571 [Forwarding screenshot on session 5e9977749cf8e028abefff19f425d7c0 to remote] DEBUG org.apache.http.headers - http-outgoing-15 << Content-Type:application/json; charset=utf-8
10:43:47.571 [Forwarding screenshot on session 5e9977749cf8e028abefff19f425d7c0 to remote] DEBUG org.apache.http.headers - http-outgoing-15 << Connection:close
10:43:47.572 [Forwarding screenshot on session 5e9977749cf8e028abefff19f425d7c0 to remote] DEBUG org.apache.http.wire - http-outgoing-15 << "ortnftb3NEfoU/dMySDQd6V+233P1y7e4WR6pZX97uuOul2nfr+kTE5g70ugLhcPhQv/9UbvUAAD42jD0FgJN08cTMhze19g8E11dZv3ZRcfSwwvJ2p3pnZ35ZVor5mLq4vqDSZhsQkVGZ5uguwNHG5yYd7HKLSGOPZ87w3bfjq+v2HHm1GNNQ5aQYh+vqOH6YaasSDDoRcfmOnuVXdrjUHybmx35KJLys746R2MWJNkfCpNfOn5z55v6ezTW22y4tiXRJ9viVd2r7ROTyaSffl9OkP/xq/qAy9NHxuUkxk8ZEo264pwz7i45stj+kGPU6EfH4FZs7ICJjshN0sWasOntMmjqqOFplh1P9IdLVepCy/EhbeMqGrFOWnzzkGQAAAIepkVKcYYWqVpv3g+b+L51T8LULi9UlP3yuevnWDnXiAHWS+7drep+4Zbo6wu/OF2vWVliXzcr95bJxIrJwStb3nzm46WDvdXPzDVqtiGyusf3jxqnq2ezVs3K//VTVMzu67ry8VETe2GfRaTSP3DhF7U43vyzrjuer11ZaoycpUD27o6vfE/zXzdPUoi+7Wxw/fbFGRNSJUfVaTViko8/7jxunqmdeP3yuelV5z/cWlGg1srbS6g0o/7hxqjr20RsYdc+rdRXtzpKs0zmsMCxSc8g9rSj5uDUqDTqNEpZuh/+Zb81UTyxf2d29p8Xx22smnD8+XUSUsPzwuYP3rW+aWzrLoNPEacHiDPOt80ver7cvmJx13dx8Eak55H56W+e1c/JunT9aXfmxd9qf3dl1SVnm0LkqG3o8ISU8aEKTmOK3rF6rKW93/uyKsZdOzhKRogzz4++2r63seeQrUw06jS+ofOGRfesrreqMmAadVkT6PcGHb5iivvgvXqtbuc9y/dyC/DTj+3V2i8P/+2snqhdcXz0/9KVH9z+zo/M3UXOOqN6ttVV1ur6/sOTqWbki0nt+4FvLK0VEnUZDPbDXVVkfumGKOsjykklZd7xQva7K+pVzY3TT/DhNLUqeUZyyqrynweJZOCVr5qjUMdkJg64w4rdjWOTVPd3TipLv/2KZ+ujyreantnY29HjG5SQa9BoR2XjA+ttrJs4anSIigVD4L+uaZoxK+ePnJ6m/6O6Xax96q2V+WaZ6hVVn8XxvwejPzc4TkYGAct0/9q6rtMYs2nzBhIyMRMOq8p7FUZd1q8t7MhL1keGqL+w6VNvt+dMXJqmNGBb52cu1D29qvWTS4MvwoaoPuV/Ydeir5xfddH6hiLj9oa8+Vv7I261/uW6SusKOxv5Hb5qmXrOPzkxYvrWjuss9uSDJF1T+uKZxXE7ig1+erH6s5k/OvOul2pX7LNfOyRv6nngDyqpyy/VzC75x8eGP1ZoK64YDVnWA+Eja8SOi1cj18wr+s63z609WXD49+6zRqWX5yYP61Mbf2fiHh4gYddqDna7r5haob7KI/P2tlrCEH71penqiXkSe3dn12DvtS2bkTD9STcrq9Ee+jdXP0e2LxgzXz3flPkuKWXfRxAwRWToj54GNLdWH3JGr3ThNHOchj1+5f33ztKKU+64vUzdj6fSc/1lx4NkdXd880oJxqN9Rt84frX5luf2h6/6xb+U+y0UTMr50TkGrzdtXG/jZFWNH3EoAgNOJ9BQATpJBp7l8Wvbzuw71eYLbGuzRBWcio1GHlu21uQNKWEQkN2XYqaHUKlgi0htr4OMIdTsOd4XOTDLGX3OQQdOgxmE7Mg71me1dQ/O8aF39vqELh45dOFFLpuW8ub/HG1A219giWenmml5fUNFqZNHUGEN7B7G6AhsPWA90unqc/l5XYCAQUsISUsLBUKy5Uo8Y7lI8zuDNum7PlhpbvcXT6/b3ugL+oKKERQmHA0N+kc19uNGzk2M3XMy7db3ugLoBv3mjPuazXN7DHfYPxWoL9doVAAAgpv6BgBwZxxbH6EzzqtvnRJ/cTC1MLm939nmCGYmHb8nPKUmLFEcdl5u4u8Wx9MgsEurddvWsRjWtKCXSEXB8bmJJlrnqSO+9O5eU/mRJaeTsa2phsoi02WKMCt3f5piQlxiZL2NOSeqk/KTqI9U41ADs82fnRyKlsoKk8nanYyCYnqgPhsIhJVxvcavVa80GbSRZOY08/lBQCWcmH/9cWt27ZTNzI33y3q7uHZOdcP6RMipajVw9K+93qxoOdLpmjkqJ34KDXnxzjU1EbogKCD87J+/ZnV3b6u1D09N+T1BEskawzcdt2SSjTq2qIkeOmYWTs9RhlCa9tjjTPOga6pqzjgbqCydnba23H+h05adlLpmevWT60VguyaQbnWWOeQjta3OKyKIjBWCykgyLp2Y/v+uQ+l91U2eNSonUp1U7iUbX7DldNCJ//Pyk53Z2vbnf8tCmVhFJMunmlKQumZ4TKXITvx01Ik9/Y0b0ITHlSIuMy0lU931MdqIaE4rI3laH0xu6YsbR2tc/WDSmzx3QHLlUMhu0kRZJMGhHZybELPYjInqtZumM7BXbu1p6B9SCPe193ooO15fPKYh0XH63zlaUbop0ONaILJmes7Opf2+r4+KJMQoCR3unxiZRBaWSjLo/faEsLEf39cqZOZHuzmqbWl1+kSS1AO/tC8dEPlZzx6QVZ5jfr++79sgkKdHvSUgJh8PS0OOJlEoedOydRrdcUFScYX5hV9dTWzuf2tqp12qmFSUvmJx12dRsdVOPu7NxDg91SSAU/vzZ+erPHr/yQXP/FTNyI5efV83KnV6UEl08/Lq5BZGDZ1Je0r5Wp9MbTDXHuFzt8wTfq+u7atbh0r6XTs765+a2N/dbyvIPzyoap4njPLSnpX8goFw58+gxPLkgaUx2wvZG+0jSUxEx6bWfnZ0XeeXRQ76UAACfFNwtBYCTt2xWrnrZvGp/TyQ9dftC6tjHcTmJ6sVDNI//cIiVMHxX8ehhlCe9bWrZXhExnWBFVsvsXYEAACAASURBVI1mpOtHxqFWdbrirxlzR1JiXQKdkLKCpJKshJbegdXlPZH0dG2FVUTOGZt+3HT25d3d/29LW1A5ermnEdHrNHqtRqvR+IYfQjryt0hEAqHwX9c3r6+yRi/UakSv06ijAULKMQFqpOGG64mcbIrxvql1hMIiOxr7hz4aLXIERktN4HwAAAAMy6jTikj0RAPD6XH611f11nW77Z5AQAn3OPwiEgwdPa2Knm9ePdvJO9JxUP2vEnVqNKjTWF6qKZKehkW2N9i31tu7Hb6BgKKeUAWVGOdvva7AoFGzE6PSU1Uk0D26GeGwiFw7J++9ur4fPlc9KT9p9ujUeWPTphennPbZDkbeHKroSQ07+nxmg/b3qxojSxwDQRE55PDNlBQZQQtGtPd5tRp5eFNr9EKtJnZfPXVA3khqtBy3ZTOTDZEmUOu45KYebT6TXhtdLEdESrKP7n5eqklE+jyHc826bs9bB3vbbF6nNxhSwi29A+mxriBs7kBqgj56pO/Qci/qFB6q6EPotDPqNTedX3jj+YXN1oHKDufeVueORvs7tX1Lp+fcsXiMjKAdBwLK2wd797Y5bK6AL6io1x3RfUBHZRx9h9VqxnlRLZKXasxLPdorNDfFGD341ajXunwxLk9UV8zIfWZ716ryHnVc7KryHo3IlVETW3b0+SIhpUqdbiZm591Buvp9Bp0mulvA2JxjppXJj/paMOq1cmSvO/p8IrK6vOe9ur7ICgP+0KH+o0dp9HuSZNLdfGHRk+91fP6RvWePSZtdknrB+Iwzp/fqoilZi6ZkWZz+yg7X/jbHtnr7X9c3r9xn+duXJicYtMfd2eMeHlnJhshnx+LwKWHJi5q+Osmom1Z0zD2TvKi3Xf2AD9ezeU1FT1AJR/rfJJl0F0/MeLva9t35o9Ue4XGaOM5DHXafiBRnHPPXpzDdtLvZISOTc+xBbjboTuXGDgDgNDpT/loDwCdRQZrp7DGpHzQ7Pmju73b41cvCtw72qsHbstgzUB6+cggqw15ORx4yxppMdIT0R5770Z2pq7WwROTG8wpzU+KNcE2KVaM4VlXaE7Z0evY/NrdVdbra+7zFGeb2Pq8a5R63bO9bB3sfebtVRJKMuhvOK5"
10:43:47.572 [Forwarding screenshot on session 5e9977749cf8e028abefff19f425d7c0 to remote] DEBUG org.apache.http.wire - http-outgoing-15 << "xXmpaTYkwyHX7XXt7drT566h58q0WNTkdlmm84t3BaUXJ6oiHhSDL6i9fqoieakiNF5EQkNMwNl5hHjnqoGPWa2xaUxN+eUVkx5prVxBs3CwAA/tupgURjj2dQujBIs3XgtmcOJJv0S2fk5KeZjDrNO7V9m4+dtlA7pBeadviTQqNeO+i//iMx3l/WNq2ttF4yKfPiiZlJJp1ep/nV67ErcHj8If2xv2LQy4pIzOkSRCQnxfjELdM3HrRua7C/trf72Z1dE/MSf3PNhJy4p74fNYNOk51saOzxjHD96D55/pCSbNZFTyCSbNJdPSs3J9koI2vBiEAwrNFoBs1Fsmxmbmmsg6Qw3Swi0ZNKDue4LRvjEIp7Jhvd3OrPaoi7vsr6xzVNkwuS5pdlpSfq9Trt8vc7Yua7bt8IDqET6V758dOIlGYnlGYnLJuZ6/aHfv16/eqKnqUzciYXJMVvR29AuW3FgU6778qZObNHpyUYtW0277/f74he+ZgDLKhI1KVojC05kTcqL9V4ztj0DVW937x4lEYjG6qsc0vTorPYQEgZ1DTqZzl+JaEjmxo2xL3cHm5T1W+hRNMxn6MLJ2QYoo6KQR1hv3Ju4Xnj0jdU9e5s6t9cY/v7Wy3fvHjU0DLjp1FuinFBWeaCsszbF8oT77Y/u7Prtb3dX5pXEH9nR3Z4HH2iPxQWEUPcT+wI7xIoYXlzv0VEbn/mYGRhQFH8wfBbB3qvmpUrcZs4zkOBUIxjWKfRxLmBM8hwf1AAAJ84pKcAcEqumpX3QbMjLLK2suer5xfJkbK9CQbtwikxKscmHyn66h6+j637SHfppBGPzhxaADYyslOttPZRiBSwnV2SqlYz+/gtnJL9/95pDynhdZXWr19UrOaUaQn6c8elx3/i8vc7RESrkfuuL5swZKrXQKz+9SfB4vSvKe8RkbxU48M3TBmaIg+9sI8MSh4YJvaOdJaPlmzWW12BYCi8ZEYO12oAAODDNbskTSOyrsoa8/z2H5vbLhifPqM45aXdh7wB5bGbJ0fijf1tzlP5vYMGpTm9wbQEvYhYnP61ldbI4DkR6R8Ixni+iIgkGnWDXsfqPIEiika9Zun0nKXTcwKh8OYa233rmh7d0nbPleNOYDc+AnPGpK2rtFZ2uAYN2xKR8nbn3lbHF84uiDkramaSISvZ+P2FsfvbnVALZiQZQkr4u/NHx4+gVEXppvw047t1tu/OHz10w17fZzHrtZdNy+45kZYdIZc3FJmaxOkNikhaol5EntraWZJlvv+LkyPbv/zY1CciyaQbdO02XLHZM43bF7I4/ZGy1aoko+76eQW7WxyNPZ7JBUnx2/Hdur4m68DdS8dGPvtbavuGrhaRnWKUI4WaPxRXzcrd3mjf2mA3aDV9nuBVx3ZQTk80DDpC1P+qXxRq+qmEJXIN5vAeXTk7xeDxK5FquiOXmWgQkaXTc84ec/x5fCPG5SSOuyTxO5eM6ur3PbCh5ZG3W+eWpkVXrP34BULhJuvAhLzE6P3XauSrFxQ9u7NL7Z8Rf2dP+PBINoiI/ZQ/1CKyq6m/2+G/elbuoIHgT2/rfGO/RT1O4jRxnIfSEwwy5BjuHzj810ddOzpIdXwYuwMAODOdzvnJAeBT4Lxx6eo1wKaDNhFptXnrLB4RWTglOyFW5dXMJIMaobX2xphTRxWZbidS8CfSeTEUq8OjL6g4vYNP2SMVuiyOGNf24biDX0eo5MgoxvZY8wN9PNIT9eeNSxeRd+v65EgrLJySpY/b39PmDqgFeaYVpQyNTkWkyXr8fvEjUdnhUt/lxdOyYw7AHfqLspON6qYPV2+quss9dKHaFkr4cLEsAACAD1F+mvEzkzL3tDhe3dM96KGntna+9MGheotHROyeYLJJHwnevAFFLfZ40iedVUdOpUQkEArXHnKr1RTV+9rjoibX3HigV0RiVu4ozU6o63ZHzqJdvtCupuPMdBDxXl1fefvh+NCg0yyakjW5IDnOafzH5vNz8nVazV/WNfUde4u/2+H/w+rGNRXW4Qb4TStKqT3kju6N12H3fdDsUC8NRtKCkZ+nFyWLyI7Go2VUfEHl7WrbcJ1EvzivwOkN/WVd06CrkA+aHY9sat3aYNecYMuOUGXH0QD4QKdLjtTktHsCozMTItlJXbenpTf2JcCY7ARfUIkeOKtedJz5frWy/nv/OWAZ0l2gweIREXUIdfx2tHsCMrhFrDI8dbbLnU1HX+2VPd1fenT/SErpxqQONt1S3ft2dW9uivGcscf0kZ1elFzX7XFHTU2yv80hIlOLkkXEpNdGdkFEgko4+mBQNzX62+C3bzR8b8WB427S1CHvmIi8V9fXHeu6W0QO9ftX7rNEvoIK0kxfnFcgw8zT/HF6flfXd5+uii7Jq1JzU3U8evydPdHDIyPJkJFoiH7Pa7s91/1j36bqE/5ArdxnMRu037h41OJp2dH/rpiR09gzcLDLLXGbOM5DapeUfW1H6/QOBJTabrc6B7NaTNge9RW6r3WkFX1VZ0ZJbwDAiJCeAsAp0Wrkihm5ItLe523sGdh85Lz/qlhle0VEI6Kedvd5AjFLVynhw128k4y6MUe6CUcq/9hjdePd3+YcmoROLzo8GHRnrNtDFe3OxX/94IoHdj/2Tnv8HYxj+pHxptuOvZqKUMIy3DXkh2jJ9GwRabN5tzXY1cvyJdNz4j8lEjZnJceY2cgxEBx6DXlyIr8oMylGebddzf09Q+5lGHSa4kyziLT2Dji9Me49baiKcUUaGfu7vSF2W7h8oThTCgEAAMR3+8KSsTkJD21qvff1+i21fZUdrk3Vtp++VLN8a8eiKVnXnJUnIuNzEx3e4IYDvd6AUm/x3PlizeTCZBFpPtl+aS5f8KG3WnrdAbc/9NCmloGAsnhatogUZZjNBu3GA1aL0+/wBl/e3b21vi8zydBm8w49K148LafPE/zz2qYm68CBTtfdL9cWRk1RGd/GA72/WdmwvdHu8AZdvtA7tX01h9zTiwcP9/z4jc1JuO3Sknab95v/rnxuZ9e+NufuFsfT2zq/81TVgF+596rxMftxish1c/PDIve+Vt9m83oDSmWH6xev1v5tQ7N6Qz9+C6qFZyranV39Poc3uGByVl6q8cGNLXtbHd6A0mbz/n5V4x/XNFpdsSvfXDkzd+GUrC01tlufrlpd0VPZ4dpab79/Q/PPXqkdk53ww0Vj5ARbdoRe/ODQvjanL6hUdbpe+OBQUbppWlGKiEzIS9rb6qg55PYGlG0N9j+saZw1KsXmDjiGdEtdNCVLq5E/rW2s6nQ1WwfuW9c8EPhknFfffEGRRiO3rTjw8u7uum5PS693X5vzn5vb/vVOW1l+0pySVBGJ344TcpNE5PW9Frcv1O3w37e+Wa1RPNyHuiTLfM7YtNf2WtZVWa2uwLYG+1NbO3JSjNFTC58QrUaunJm7rdG+tcF+xYycQV1kr5tbEAgpf17T1O3we/zK1nr7i7sOzStNU4fbTilMFpGntnZaXYEOu+/Pa5si0+iIyKVTsjKTDA9sbC5vd1qc/pc+OLS5xnbW6OMPJy3OMF88MWPlPssb+y0ev2JzB5Zv7bj39fo9LbFTNI8/9MDGlgc2tnTYfQMBpcPue3Vvt0GnGTp77sfsqlm5Remm373Z8P+2tFV2uNps3gOdrhd2Hbr75dpkk+7qs/LkeDt7ooeHRuS6ufn1Fs8jb7d2O/zVXe771zf5Q8qsUSdWyKrb4d/RaP/MpMyhA9kvm5at1Rwu6hunieM8NCY74bxx6S/v7t5abx8IKF39vj+vbfIHlevm5ouISa8dm5Ogdqyxe4Lv19vXVsYLjAdJMet8QWVPi4NOzwDwiUDlXgA4VUtn5Dy9rUMJy6bq3m0NdhGZWpgcZ1Koy6dlq4nm87u67l46dtCjG6qsarmhRVOzIheHeamHrzYrO1yD1g8p4ae3dQ79LRPyEkdnmltt3u0N9jqLZ0LuMSMs11RYRcQbUMoKTv6arTQ7YWJeYm23Z1u9vbrLPfSlVpf33L+heXSm+RfLxsefJetUzCtNz0oy9LoDj73bLiIT8xIHFacaKjXh8J+/oR1+lbDct7"
10:43:47.572 [Forwarding screenshot on session 5e9977749cf8e028abefff19f425d7c0 to remote] DEBUG org.apache.http.wire - http-outgoing-15 << "45UgnZGzilEr6p5sgvGnwBafcEH9jQotNq1G7I3oASmUtmXmmaeofojf2WL59TEP2sDQd61YldB1lQlvnPza2BUPiFXV2Lp2UnDxnn+sCG5s01tunFKX+4dpJRT3FfAABwYlIT9A9+ecqK7Z3rK62RfmYlWQk/ubw0Mt/8F87Or2h3/mF14x9EUhP037yo+Jxx6dVdrrtfrr3p/EJ1kosTsmhKtssX/OI/9ylhMeg0X5xXcNnUbBFJNGp/dNmY+9c3f+nR/SIypyT1nmXj3tzf8+/3Oxb/dde6H82NfpHLp2e393lf29u94UBvdrLhaxcWt/QO1Fk8IzkfumNx6f3rm375Wr16wmbUa5ZMy/nmxaNOdEc+Cstm5pRkmZe/3/H4u+1qsmjQaS6dnPWV8wrjJFXjcxP/79qJf3+r5eYnKtQlc8ek3b6oRB2CedwWXDQla8OB3m0N9ruWjl00Jeu+68vuW9f84xdq1Jcak53wu89NLMmKXYxUI3LX0rEzi1Ne2t1937pmdWF6ov6Gcwuum1ugxr0n1LIj9M2LR/1pTaPap7Mky/yLZePVi6zvLRj9q9frb/3PAREZlWm+8/LSgYByz6u1n3to75+vmxT9CsUZ5p9dMe6Rt1u//8zBBIP2ypm5Xz2/6J5X64bOwHqmmVqYfN/1ZY+90/7Pza2R+DkjUf+5Ofk3nV+ozs5oNmjjtOOs0SnXzsl7ZXf3G/stBp3mihk5P79y3M9eqX1uZ9eBTtf9Xywb+kt/fuW4v21o/svaw4OMzx+f/oNFY05lL5ZMz1n+fkcwrCyZMbiPbFlB0q+vnvDI261f/n/7RUSv1cwvy7ztSGHqCyZkLJ6WvbqiZ3VFj0Gn+cLZ+aXZCf96pz0QCuu0miSj7i/Xlf1lXdMPn6sWEYNOc93c/FsuGNHX1E+XjH347daHN7X+bUOLiKQn6r+3YLTaqXeosTkJ91w57rF321aV90SW/O5zE7NjdeT9OKWa9Q98efKjm9tW7rM8v+uQutCk1547Lv1rFxZFxqDH2dmTODyum5vvCyov7Op6eXe3iIzNSfi/aydlJp3YW7Gq3BIWuWLI8SAiWUmGc8amv11tu3X+6CTTsE0cv/XvvmLsgxtbfrXy8Dd/QZrpN9dMUMN4Ebl94ZjfvlGvPnFMdsIvl43/ztOVQ6dSimnRlOy1FdafvFhTkGb6zzdnnNBeAwA+fpowJQMA4JTd+3r9e3V9yabDkyqpdxOGW1kJy+3PHlTLRt14XuFXziuMlJl9p7bvj2savQElxax77Obp0RdU336qSi2JdvMFRV8+p0C91u12+P+2obm2252WoG/p9RZnmJd/fXrkKdsa7Pe8Wici2cmGny4ZO7skVUTc/tCKbZ3q1VFpdsKjN01VX8rmDnzhH/tE5LKp2T9dUjp0s7//zMGqTpdWIxvuOHrborzd+aPnqsMiaQn6n1xeeu64dHVPvAHlzf2WR7e0KWEZnWl+/JbpkSR4U7Xtd282iMidl5cunhb7CnM4Vzyw2xtQlkzP/vHiY7bwsXfbn93RdXg7F5ZcfezA3689WdnSO1BWkPTwDVMiC295oqLV5h20fkvvwEObWivand9bMFq9OFw2MydytX8Sb5HVFfjSo/uUsJgN2r9cVza5IElEwiK7mvof3Nii02ounJDx3M4uEbnnynHzyzLVZ3XYfTc/Xq6ERafV3HZpyeKp2Ua9ZiCgvLHP8ti77ZdOzlKnd71kUuYvlh2dc+s/2zqffL9DRCbkJf50ydhIhGx1BZ54r31dpVVErpiR86PLjt68uH9D85v7e0RkxTdn5qfFGB0LAAAwVJ8n4PKGUsz69MQYHbL7B4IDfiUnxaCeZIZFnN5givnEem/5g+Elf/vgurn53/7MKLc/1OcOZCUbB42nDCrhHqc/xayP9BtT+72ZYw27VMLiDyrqQ39Y3bi1wb7yttkj3BhfULG5AzqtJjvZGHd2iNPDG1D6PIFwWHJTjfFnr4hmcwfcvlBGkmFor7v4LahW/c1IPHqd4vaFbO5AokmXNeIIxOUL2T0Bo16bk2IcusUn1LJx/Oud9ud2dq26fY7JoFVnM4kEQqqwSI/Tr9NqIlseCIV9QWXoe6Ly+BV1rNuaCutf1jU9etPU8bkxJgE5AwVCYavLHwiFk0264ZKqOO3oDSg2dyAr2aDWwhURly9kNmjjHG8DAaXX5U816yP9Vj9SVlfAGwhlJxuHHiTegNLrDmQlGYY7fuyeoMsXjPnc+PzBsMXp02u1uakj+mbo8xz+0EUm4j1DKGGxuvwDfsVs0OakxN6XODt7EodHIBTucfoNOo1aPvqjFqeJ4zzkDShWl99s0A3NucNH5s8+ie0PhMI2dyAj0UCfZgD4eDgch4tDbNy4MT09XVEUzTAd4MLhsFartdvtCxcuVJcw9hQAPgRXzcp9r65PjU5TzfpLJmXGWVmrkXuuHHfnizXtfd6nt3W+uqd7fG6iRqNp7R3odQdEJMmo+9VVEwado994XuG9r9eLyL/f73hhV1d+mskbUDrtPr1W89vPTnjxg0Mtvd6gcsxAyfPGpd9yYdGT73VYXYGfvFiTZNIlGnVWp1/tNZORaPjV1eN1p3YHaEZxyu2Lxjy4sbl/IHjPq3VZSYaCdJPHH+q0+9R7HBmJhnuvGv9R32a6fFq2mp4adJoFZcPm1tFuubD41yvrReTBjS3P7ejKTTXa3IFOu0+rkTuXjD1/XPqjm9sGAsob+3uarAPTilK+eXHxSWxYdrLhqlm5r+21eAPKbSsOjM5KSDbpOu3ePk8wI1H/xy9Mcg6E1PT0z2ub1lT0XDY1e+GUrKJ003fnj354U2tICf9tQ/Pf32pJMescA0ElLGeNTv36RcXrYxXv/fK5hR123/oqa1235xv/rizOMGck6vs8wU774UJnUwqTvzt/9EnsBQAAQLSMREN0eDZIWoI+LaoOiCaqGseJUjt7Jxl1McMGvVYzaJBlzPDj/Xr78zu7fnjZGLVv2UBA+aDZMTHvBOqvmPTak647+jEwG05m8zKTDMOlaPFbcGjTJ5l0ScPEjcNJNumGSyhlxC07QmERzZDcVKURyT02/DDoNAbd4A3rtPvu39C8cHJWpOvnu3W2RKNWnT/1E8GgG/yWDhWnHc0G7aB613GaT5Vg+Fjfn+xkg0js49ls0BbFLdadnhi7I8hxGfWaE9rH+N+cp5FWM/iDMFScnT2Jw8Og04y8gvqpi9PEcR4yD38Ma04qN1UZdJqYX0cAgDMQ6SkAfAhml6QWppvUuSsWT8tWK1/FkZdqfOQrU57d0bW6oqd/ILivzakuTzBoL5qYedP5McptXTgh466lYx97p83qCnj8ijpnall+0rcvGTWjOEWtAuQbUmb2K+cWTspP+vd7HdWH3G5fyO0LiYhRr7l0ctbXLyr+UC7els3MmZCbuHxrx54WR687oAbAIpJk0i2akvWV84oyTupa9IQUZ5hnFKeUtzsvGJ+hTsh0XBdPzLhr6dh/bWnrdQcsTr/F6ReR6UXJN19YrE678qPFpfevb/L4lcoOV+Ip9A6+df7oBIPulT3dvqDS0jsgIjqtZkFZ5tcuKlZb+Qtn57/0wSFfUNnd4pgzJk191udm5xWkmVZs7zzY5Q4pYbsnWJRuumZ23rKZuZFiwoMyaa1GfrqkdF5p2vM7u+osnvY+b/uRyVsL0kxXzcr97Oy84x6ZAAAAnzIT8xI77b6fvFB96ZRsg07zbm2fyxc8uY5x+O+Un2YKhsJ/Xd9c3u7MSTFWtDv3tTn/Z8HoU8l0AQAAcIajci8AnE5hkTab1+YKKOFweqKhJMscfzBoWKS1d8DqCohIYbpp5N3M+zyBLrvP41dSzLqxOYkfRYrmDSitNq9jIKjXajKSDKMyzWdgZbNBlLA0Wwds7oBeqynMMA3qcquEj9TySjac4q74gkpjz4DTG0ww6sZkJQyKeNVSWkkm3dCRGYFQuH8gaDZoIx14ux1+dV6f6KrCg6hDTt2+kNmgzU8bvF8AAABnuKASvuul2ksmZV45M8bMdieq1x14c7+lsWcgEFKKM8xXzMgpyUo4/tPwCbe6omfTQdvvPz"
10:43:47.572 [Forwarding screenshot on session 5e9977749cf8e028abefff19f425d7c0 to remote] DEBUG org.apache.http.wire - http-outgoing-15 << "fx1Ctk+oLK2kprZbvT5QtlJRsunpg5rzTtQ9lIAAAAfHROpXIv6SkAAJ8kO5v67365VkS+cXHxl+YVnO7NAQAAAAAAAIAzDvOeAgDw6fFBs2PF9s6OPu/18wqunZM36NF1lYcnPZ1ZnPKxbxoAAAAAAAAAfMoxSQMAAGeWogxTVaer1x1Y/n7HnhZHZLkSlhd2HdpcYxORCXmJUwqTT982AgAAAAAAAMCnE2NPAQA4sxSkmb5xUfGjW9rc/tBPXqwpyUoYlWlWwuHaQ251ytskk+7upWNP92YCAAAAAAAAwKcQ6SkAAGec6+bmZ6cYn3i3vavf19I70NI7EHno3LHpty4YXZRuOo2bBwAAAAAAAACfVqSnAACciRaUZc4vy2zs8TT1DLh8IYNOk5lkmFyQnJ7I324AAAAAAAAA+KhwBxYAgDOURmRcTuK4nMTTvSEAAAAAAAAA8N9Ce7o3AAAAAAAAAAAAAADOCKSnAAAAAAAAAAAAACBCegoAAAAAAAAAAAAAKtJTAAAAAAAAAAAAABAhPQUAAAAAAAAAAAAAFekpAAAAAAAAAAAAAIiQngIAAAAAAAAAAACAivQUAAAAAAAAAAAAAERITwEAAAAAAAAAAABARXoKAAAAAAAAAAAAACKkpwAAAAAAAAAAAACgIj0FAAAAAAAAAAAAABHSUwAAAAAAAAAAAABQkZ4CAAAAAAAAAAAAgAjpKQAAAAAAAAAAAACoSE8BAAAAAAAAAAAAQIT0FAAAAAAAAAAAAABUpKcAAAAAAAAAAAAAIEJ6CgAAAAAAAAAAAAAq0lMAAAAAAAAAAAAAECE9BQAAAAAAAAAAAAAV6SkAAAAAAAAAAAAAiJCeAgAAAAAAAAAAAICK9BQAAAAAAAAAAAAAREhPAQAAAAAAAAAAAEBFegoAAAAAAAAAAAAAIqSnAAAAAAAAAAAAAKAiPQUAAAAAAAAAAAAAEdJTAAAAAAAAAAAAAFCRngIAAAAAAAAAAACACOkpAAAAAAAAAAAAAKhITwEAAAAAAAAAAABAhPQUAAAAAAAAAAAAAFT6070BAPBJ4vV6nU7n6d4KAAAAAAAA/Hcxm80pKSmneysA4L8C6SkAnACdTmc2m0/3VgAAAAAAAOC/i8FgON2bAAD/LUhPAeAEGAwGTlUBAAAAAAAAAPi0Yt5TAAAAAAAAAAAAABAhPQUAAAAAAAAAAAAAFekpAAAAAAAAAAAAAIiQngIAAAAAAAAAAACAivQUAAAAAAAAAAAAAERITwEAAAAAAAAAAABARXoKAAAAAAAAAAAAACKkpwAAAAAAAAAAAACgIj0FAAAAAAAAAAAAABHSUwAAAAAAAAAAAABQkZ4CAAAAAAAAAAAAgAjpKQAAAAAAAAAAAACoSE8BAAAAAAAAAAAAQIT0FAAAAAAAAAAAAABUpKcAAAAAAAAAAAAAIEJ6CgAAAAAAAAAAAAAq0lMAAAAAAAAAAAAAECE9BQAAAAAAAAAAAAAV6SkAAAAAAAAAAAAAiJCeAgAAAAAAAAAAAICK9BQAAAAAAAAAAAAAREhPAQAAAAAAAAAAAEBFegoAAAAAAAAAAAAAIqSnAAAAAAAAAAAAAKAiPQUAyAKE/wAAIABJREFUAAAAAAAAAAAAEdJTAAAAAAAAAAAAAFCRngIAAAAAAAAAAACACOkpAAAAAAAAAAAAAKhITwEAAAAAAAAAAABAhPQUAAAAAAAAAAAAAFSkpwAAAAAAAAAAAAAgQnoKAAAAAAAAAAAAACrSUwAAAAAAAAAAAAAQIT0FAAAAAAAAAAAAABXpKQAAAAAAAAAAAACIkJ4CAAAAAAAAAAAAgIr0FAAAAAAAAAAAAABESE8BAAAAAAAAAAAAQEV6CgAAAAAAAAAAAAAipKcAAAAAAAAAAAAAoCI9BQAAAAAAAAAAAAAR0lMAAAAAAAAAAAAAUJGeAgAAAAAAAAAAAIAI6SkAAAAAAAAAAAAAqEhPAQAAAAAAAAAAAECE9BQAAAAAAAAAAAAAVKSnAAAAAAAAAAAAACBCegoAAAAAAAAAAAAAKtJTAAAAAAAAAAAAABAhPQUAAAAAAAAAAAAAFekpAAAAAAAAAAAAAIiQngIAAAD/n737jo+qyv8/fqZlJplJMmmTHiAJKUJC6IgUQ1nXAigCrmtjV3ctq6ti+bm67uJXXdevfUXc/YpdERuiIKCgEGqoIQRSSe89mUwymf774+6Os0kILRCE1/PhH5lzz9z7uWcGIvOecw4AAAAAAAAgIT0FAAAAAAAAAAAAACFITwFgQLhcru7u7sGuYsBs3br10UcfXbt27WAX0tPbb7/96KOPHj16dLALAQAAAAAAAABcmJSDXQAA/IwVFhZ+8cUXe/bsqaurczgcOp0uLCxs5syZ8+bNMxgMg13d6SsrK/vxxx8NBsOcOXPOzRW3b9/++uuvJyQkPPPMM/10y8rKyszMvOqqq85NVQAAAAAAAACAiw3pKQCcDofD8corr6xatUoIodFoRo4c6e3tXVdXV1ZW9q9//ev9999/5plnLr/88sEu8zRdccUVycnJYWFh5+yKHR0dJSUlPj4+/Xe77777brnlloSEhFM6+U033TR79uzFixefQYEAAAAAAAAAgIsC6SkAnI7nnntuzZo1arX6vvvuu+6669RqtdReV1f35ptvfvvttw8//PCyZcsmTZo0uHWenvDw8PDw8MGuog+JiYmn+pTq6uqCgoKf6QsBAAAAAAAAADjHSE8B4JTt2rVrzZo1Mpns1VdfHT9+vOehsLCwp556Sq1Wr169+uWXX161apVc/tMO052dnbm5uc3NzQqFIjo6OjExUSaTeT69vLxcJpPFxMQIIXJzc6urq319fUePHu1OZ3Nzc6uqqrRa7ejRoz1nara1tbW1tQUGBvr5+ZlMpiNHjphMprCwsBEjRvS4hKSsrKykpMRisfj7+19yySV6vd7zaHt7e2trq5+fX2BgoGf7sWPHqqqqdDrdyJEjNRqNyWRqampyd7NYLLW1tT4+PgaDweVySfV7eXmlpKQEBQWd3lD3UF9fbzabDQaD572bTKaCgoK2tjatVhsZGRkdHe0+VFlZuWPHDumOysrKNBrNuZxQCwAAAAAAAAD42SE9BYBT9sEHHwghrrvuuh7Rqdv9998/YsSI6dOnu6NTp9P5xhtvfPLJJ1ar1d1tyJAhzzzzTHJysrvllltusdlsGzZsWLJkyeHDh6XGoKCg5cuX+/r6LlmyJD8/X2rU6/XLli1LSkqSHn7++ef/+te/7rzzzuDg4BdeeMF9laFDhz7//PNxcXHuS+Tn5z/11FNFRUXuFqVSuWjRogceeMBd7VdffbVs2bJf/epXDz/8sNRSW1v7pz/96ciRI9JDX1/fP/3pT01NTS+//PLixYvvvfdeIURpaenNN988adKkRx555KGHHiorK3Of/7777rvppptOaZD79PTTT2dmZr744ovSqsh2u/2111774osvbDabu09SUtLSpUvj4+OFELfffntLS4sQYs2aNWvWrBk1atTbb7995mUAAAAAAAAAAC5UpKcAcGrMZnNWVpYQ4rrrrjteH61WO2/ePM+WDz744P333zcYDPfee29cXJzJZFq7du26devuv//+r776SqvVSt2USmVXV9fSpUtDQ0Pfeuut7u7ud955Jysr68UXXzSbzdHR0UuWLLFYLO+9996BAwdeeOEFdxaoUqmEEHv37i0qKrr77ruTk5O7u7s/+uij/fv3P/DAA19++aWXl5cQwmQy3XvvvW1tbfPmzbv66qu1Wm1RUdGyZctWrlwZFBR022239Xk7TqdzyZIlRUVFY8eO/c1vfqPX67dv37506dIJEyYIITQajbt4IURLS8v9998/ZsyYP/3pTy6Xa+vWratWrXr11VenTJkyZMiQMxv7nt59991PPvkkISHh1ltvjYqK6urq2r59+6pVq+688861a9f6+PgsXbp07dq1mzZtSk9Pv/rqq/39/Qe2AAAAAAAAAADABYb0FABOTXFxscPhUKvVCQkJJ/+sTZs2CSH+3//7f9OnT5daxowZU1hYWFhYuGPHjiuuuEJqlAJIl8v13H"
10:43:47.573 [Forwarding screenshot on session 5e9977749cf8e028abefff19f425d7c0 to remote] DEBUG org.apache.http.wire - http-outgoing-15 << "PPSS3Dhg275ppr9u3bl56e7m6Mi4u7+uqrDx8+3N3dLYWXCoVCCCHlrNK8TCHE+PHjFyxYUFtbu3nz5quuukoIsW/fPqPRmJiY+OSTT0p9EhMTdTrdww8//M033xwvPd21a1dRUZHBYHjttdekyyUlJYWEhDzzzDOe3aTiCwsLb7rppgcffFBqHDduXG5u7uHDhzMzMwc8Pf3xxx+FEE899dTw4cOllgkTJuj1+szMzOLi4pSUlMmTJ+fk5AghYmJi3MMCAAAAAAAAAMDxyE/cBQDgoa2tTQgREBAgBZYn6eOPP96xY8eUKVPcLTKZbMSIEUKI6urqHp0XLFjg/jksLCwgIEAIcc0117gbDQZDUFCQy+WSivHs7JkRqtXqX/ziF0KI/fv3Sy3p6emZmZk9Vq8dOXJkn2W4ZWZmCiFmzZrlnmYqhJg7d67BYOiz/29+8xvPh6NHjxZCNDY2Hu/8p83lcgkhKisrPRtvv/32t956KyUlZcAvBwAAAAAAAAC44DH3FADOEY1G09TUVFFR0djYaLFYnE5nTU2NEMJzz05JVFSU50O1Wi2EiIyM7HG23s/13EJVIj2rqqrK3SKXy5VKZWFhYX19fVtbm8Ph6O7uFkLY7fbjVS49PTY21rNRLpePGTNm48aNPTrr9Xq9Xu/Z4u3t3f/5T9s111zz6quvPvHEE1dffXV6evro0aN9fHwG/CoAAAAAAAAAgIsH6SkAnBpp78yWlha73S6tVXsyqqqqnnnmGfcc0P71GQGeTC7Ye19PqcVkMrlbPv7447fffttoNJ5MJRLp6b6+vj3aQ0JCenfW6XQnf+YzdPPNNzudzvfee2/NmjVr1qxRKpVpaWlz5sy54oorTv6lAQAAAAAAAADAjQ+XAeDUxMXFyeVyq9Wan58vrXl7Ql1dXXfddVddXd1ll1120003DR061NfXV6VSLVu27KOPPhrA2uTynuuxSy3uFXdXrVr1yiuveHt7P/zww5MmTQoMDFSr1Tab7WT2BJWWyfXkdDoHouozcuutty5atCgzM3PHjh179+7dv3///v3716xZs2zZMmnOLgAAAAAAAAAAJ4/0FABOjY+PT1pa2sGDB1evXt1Pevr888+PHz8+PT1dJpNt2bKlrq4uISHhpZde8pwT2dTUNLC1tbe399kSFBQkPfzkk0+EEEuXLp05c6a7T0NDQ/+nlWad9j55bW3tmdU7MDQazeWXXy4FwAcOHPjrX/+alZX11Vdf/epXvxrs0gAAAAAAAAAAPzM9ZykBAE7oxhtvFEKsXbv2eCvxfv75559//vmLL77Y1dUl/pMypqSkeEandrv94MGDA1tYXl5ej5bi4mIhRHh4uPSwrq5OCJGWlubZZ8+ePf2fNiYmRghRVFTk2djd3b1v374zq/dMdXd3t7W1ebaMHTv2nnvuEX0NBQAAAAAAAAAAJ0R6CgCnLD09PT093eVyPfDAA+vWrfNc0ra7u3vFihXPP/+8TCZ7/PHHtVqt+M/+oOXl5e5uLpfrpZdekrJVs9k8UIXV1NRs3brV/dBkMn3//fdCiMmTJ0stwcHBPSopLS19//33pQV+pXp6u/TSS4UQmzZtam1tdTf+4x//GMDKT0NeXt60adOWLFlit9s92ysrK4UQgYGB0kOVSiX+e+dXAAAAAAAAAACOh5V7AeB0PP3000888URGRsbSpUv/+c9/jh071s/Pr76+/tChQy0tLV5eXs8+++yUKVOkzpdeeqlGo9m/f//f/va3CRMmtLW1rV+/3mg0Llmy5H/+539++OGHcePGXXLJJe7A77RNnDhx6dKlCxcuTE5ONpvNK1eubG5uHjNmzKRJk6QOM2bM+OSTT5YuXbp48WI/P78jR458+eWXjz766Pvvv19WVrZixYr09PSUlJTep01LSzt06NBtt902a9asoKCgnTt3VlRUXHvttV988cUZ1uyppKTk97//fe/22NjYxx57rEdjUlLS2LFj9+3bt3jx4l/+8pehoaEWiyU7O/vrr7/29vaeP3++1C0qKkoI8d133xkMBiHE7bffPoAFAwAAAAAAAAAuMKSnAHA6NBrNSy+99MMPP3z66afZ2dnffvut1O7j47Nw4cKbbrpJCu0kBoPhueeee/bZZ1evXr169Wq5XJ6env7SSy/5+PisWbPm8OHDDzzwwGuvvXbZZZedYVXDhg1btGjRCy+88O677wohZDLZ5Zdf/uc//9nd4a677mptbd24cePf/vY3IURYWNjjjz9+5ZVXajSav/71rx988MHBgwffe++9HqeVyWQvvfTSyy+/vHnz5g8++ECtVk+dOnXFihWrV68WQkjzVgdEV1dXn6sZW63W3o0ymezVV1/9xz/+sWHDhldffdXdOG7cuAceeCA6OlpqSU9PHzNmzMGDB998800fHx/SUwAAAAAAAABAP2SeC04CAE5Dd3d3Q0NDZ2enTqeLjIw8XprodDrr6uq6urrCwsJ0Op273Wg0KhQKaY3f0/bhhx++9tprixYtevTRR10uV01NTUdHR1hYmF6v7925s7OzpqZGp9OFhoa6q7Xb7Uaj0d/fX6FQHO8qTqfTZDL5+vrKZDIhxPPPP//5558//PDDv/rVr86k+DNkt9ubmpra2tqUSmVERISPj0+PDi6Xq76+3mKxhIeHe3l5DUqRAAAAAAAAAIBzxmg0Sj9s3rxZr9c7nU7pY+3eXC6XXC5va2ubNWuW1MLcUwA4UxqNJiYm5oTd5HJ5RERE73Y/P7+BqkT6QoxMJouMjOynm1arHT58eI9GpVJ5vKWDTSZTZmam0WicP3++Z7XZ2dlCiPj4+DOt+8wolcqwsLCwsLDjdZDJZP0cBQAAAAAAAADAjfQUAHACCoXimWeeMZlMcrl83rx5MpnMbrevWLGisLAwPDw8LS1tsAsEAAAAAAAAAGBgkJ4CAE7A29v76aeffuSRR5555pl//vOfwcHBNTU1RqPR19f32WefVSr5VQIAAAAAAAAAuEDwkTcAXAgMBsOoUaOioqLO0vmnTp26Zs2aNWvWlJaWtrW1jRkzZuTIkXPnzj3eYr8AAAAAAAAAAPwcyaRN8gAAAAAAAAAAAADgAmA0GqUfNm/erNfrnU6nTCbrs6fL5ZLL5W1tbbNmzZJa5OeoRgAAAAAAAAAAAAA4v5GeAgAAAAAAAAAAAIAQpKcAAAAAAAAAAAAAICE9BQAAAAAAAAAAAAAhSE8BAAAAAAAAAAAAQEJ6CgAAAAAAAAAAAABCkJ4CAAAAAAAAAAAAgIT0FAAAAAAAAAAAAACEID0FAAAAAAAAAAAAAAnpKQAAAAAAAAAAAAAIQXoKAAAAAAAAAAAAABLSUwAAAAAAAAAAAAAQQgjlYBcAADinHA5Hc3NzR0eHw+EY7FoAABc+hULh6+sbFBSkUCgGuxYAAICzJacpJ7Mms6S9ZLALwYUm1j82JSRlUvikwS4EAC4upKcAcBExm83Hjh2TyWTe3t4qlUomkw12RQCAC5nL5XI6nQ0NDfX19fHx8d7e3oNdEQAAwMD7JP+TlfkrlXKlUsFnrRhg+a3535R8Myls0gNjH9CqtINdDgBcLPiNDgAXC4fDUVBQEBoaqtPpZDIZ0SkA4BxwuVwul8tkMhUUFKSkpDADFQAAXGC+Pvb1J/mf+Gp8FTL+PwdngVI4Xc79DftX5q38XervBrsaALhYkJ4CwMWisrJSq9XqdDqVSiWXywlQAQBnmxSdOp1OnU7X0dFRWVk5dOjQwS4KAABgIK3MX6lVa4lOcfbIZXJvL+9vir+ZOWRmrH/sYJcDABcF0lMAuFh0dXX5+PioVCovLy+5XD7Y5QAALhZOp1MIoVarOzs7B7sWAACAgZTTlNNl69Kr9INdCC5wCplCLpfnNOaQngLAucGn5wBwsTCbzb6+vkqlkugUAHAuyeVypVKp0+nMZvNg1wIAADCQStpKBrsEXCxkQtZp48uIAHCO8AE6AFxEZDIZ0SkA4NyTVowf7CoAAAAGGGkWAAAXJD5DB4CLCx9eAwDOPX77AAAAAACAnwvSUwC4iPDhNQBgsPA7CAAAAAAA/CyQngIAAAAAAAAAAACAEKSnAA"
10:43:47.573 [Forwarding screenshot on session 5e9977749cf8e028abefff19f425d7c0 to remote] DEBUG org.apache.http.wire - http-outgoing-15 << "AAAAAAAAAAACBRDnYBAAAAAH4ejhw5smHDhuzs7MbGRiGEwWBITU296qqrRowYMdilAQAAAAAADAzSUwAAAAAn0NbWtnTp0h07dng2Njc35+Xlffrpp9OnT3/yySf1ev1glQcAAAAAADBQWLkXAAAAQH/y8/N//etfu6NTtVo9ZMiQIUOGeHl5SS0ZGRk333xzQUHB4NUIAAAAAAAwMJh7CgDnEZvNZrPZZDKZt7f36Z3B6XR2d3cLITQajVzOV2QAAGeqra1tyZIlDQ0NQoioqKg//OEP06ZNU6vVQgiLxZKRkbF8+fKqqqq6urolS5Z8/PHHzEAFAAAAAAA/a6SnAHDubN26ta2trc9D48aNi4qKeuedd9566y25XL53797Tu8Thw4fvuOMOIcSKFSvS0tJOv9afLbvdLoRQKi/eX3AOh8Plcp3qCDidTofDoVKpTtjT5XLZ7XalUimTyU63xvPXyY/Dz9TpvT1wkVu6dKkUnU6YMOGFF17QarXuQ2q1+he/+MXkyZMffvjh/fv319fXP/300y+99NLgFQsAAICLnUquEkLYnLZzeVGZkHkpvKwOq0u4zuV1AQBnCZ+dAcC5s2LFivz8/D4PPfvss1FRUaGhoSNHjlQoFOe4sJPhcDiqq6ubmppsNpu3t3dQUFBkZORgF9WHb775Ri6XX3vttQN+5vz8fJlMNnz48B6TepubmxsbGxMTE8+HNLG1tfXrr78eNWrU6NGju7q6KioqZDJZQkJC79paWloaGhp8fHxiYmKEEHv37j18+PDtt99+wrdfZWXlxo0br7zyyujo6LN1G6fF6XSWl5e3tLQ4HI6goKAhQ4acRkaYlZV14MCBW2+9VaPRnI0iB11DQ8O6detmz549dOjQwa4FPw+HDx+WFuyNjo6WotNDhw5pNJqkpCQhRH5+fnd3d1pa2osvvnjzzTdXVVVlZGQcPXp0xIgRg104AADAeS0tJE2v7nvFjtrO2oLW83FDBJ1KlxqcGqYNU8gUrZbW/Jb8KlPVYBfVhycnPul0OZdmLh3wM18edXl9V31eS17vQ6NCRj005qEXDrxwuOnwgF8XAHDukZ4CwLnm7+8/derUHo1SEnnttdeejdjvzJWXl2/fvr2rq8vb21uj0XR2dlqtVj8/v1mzZgUHBw92df9l5MiRZyPFdDqd27ZtE0J0dXWNHj3a81B5efn+/fuHDx8+6LG3w+HYtGmTwWCQKmxtbZVq1mq1UVFRPTrv3r27uro6NDRUSk9jYmJOcrVnvV4/YcKE821lzs7OzrVr13Z0dAQFBTmdzkOHDvn6+s6ZM0en0w12aaepurq6ubk5NTV1YE8bHh4+duzYrVu3zp8/38/Pb2BPjgvShg0bpB/+8Ic/SNHpfffdp1Qqly9fLoS455577Hb766+/npaWds899zz++ONCiPXr15OeAgAA9G9O7JwEfYLT5ex9aHvN9nOfni6+ZPG3pd82mhuP12Fe7Ly5cXO95F6N5kab0xbiHaKSq3Kac5ZnLzfZTOey1BP6vvz7szEBVC6T3z7i9sy6zD7T0xpTzaeFn9Z21p7wPCOCRsT4xmwo2zDgFQIABhDpKQCca+Hh4UuX9v0VyH379u3bt08ul991111CiF27dh06dCgoKOiGG27YsmVLRkaGw+GYMWNGenq6+ykOh2Pt2rX79+/38vKaMWPG2ciKKisrv/vuO71eP2vWrLCwMKmxrKxs27Zt33zzzcKFC319fQf8oqctISHh7J1co9EcPHgwNjbW39//7F3ltB09erS9vf2KK67wbNRqtfn5+T3S087Ozurqah8fH3dLRERERETEyVzFz8/vPFwUOiMjw2KxLFy4UIp1q6qq1q9ff+DAgenTpw92aaeppKSks7NzwNNTIURaWlpeXl5mZuYvfvGLAT85Ljw5OTlCCLVaLX3vR61WKxSKjo6Ou+++WwhhMpl8fX2ludrTp0/38vKyWq2HD/N1ewAAgBNrt7bfu+Xewa5CCCH0av3M6JkZVRnHS08XDV80J3bOgYYDH+V/1GRuEkKo5KrZMbNvSLjh8QmP/3nXn/uMgQfLjpod5/6iDeaGdaXrTqbnxLCJAeoA0lMAOM+RngLAeeTgwYPvvPOOOz3Nzs5+5513IiMjOzo6/vnPf0p9NmzY8Mgjj9xwww3Sw0cffTQjI0P6+ZtvvrnqqqsGtiSn07l9+3a1Wj1nzhxvb293+9ChQ318fDZt2lRXVyelpy6Xq7S0tLKy0mazabXaoUOHhoeHu09y4MCB6OhojUaTm5trNpuDgoJSUlJkMlleXl59fb1arU5MTJSmsdrt9qysrOjoaG9v77y8vK6uLp1Ol5yc7JnRmkym/Pz8trY2pVIZGBiYnJzs3qgyNzdXJpMlJydLD7u6uvLy8oxGo6+vb3JysslkqqioGD16tFKprKysbGxsHDNmTHFxcVVVlcvlCg0NTUpK6mfq6siRI3Nzc7dv337NNdccr89AjYPEarUWFBQ0NjYKIYKCgpKSktRqdZ/Xtdvt2dnZcXFxPZLdqKiooqIii8Xi+cTCwkJvb++AgABpm1ghRGVlZV1d3dixY+Vyef8j09bWVlRUlJCQ4O/vL/08YsSIlpaW4uJip9MZHR0dHx9vNpulKNfPzy8lJUVKVqRXNiIiwr3ms8PhOHjwoNRyGoPj5nQ6FQpFWlqae0ZsVFRUYGCgNG59cjqdRUVFtbW1QoiQkJCkpCTPqcMymaykpKSystJut4eGhl5yySXuWbn9vL7u0SgrK6utrZ04caJOp+unv/tZhYWFHR0dWq02Pj5eusH9+/dXVFQoFIp9+/ZFR0dL31owGo0FBQXt7e0qlSo8PDw+Pt5dVW5urkqlCg0Nzc7O9vPzGzVqlPSaVldXd3d3q9XqqKgo90rLcrk8LS1t586dzc3NQUFBxxsiQCLteBoeHi79HZKcnLx8+fJ77rnHZDIJIXQ63fLly6VVfNVqdXh4eHl5ufQUAAAAnInLIi4zeBvWlqy1u/79r7a0kLQ4/7hNFZuMVuPsmNld9q6DDQdnxcyK0kV12jp31+4uaityP93Py29a5LRo32iZkFWbqrdVb2u1tEqHUoNTh/kN21i+cW7sXL1av716e3p0uhBiZszMZnPzV8Vf9agkzCfsmthr8lvzX8t6zT2n0+a0rS9bL9UZpYuq6KgQQsiEbHzo+JTgFG+ld0t3y4GGA+5JtAqZ4rr467IbszusHbNiZvl5+VV0VHxX/p3T5UyPTh+uH26ymbZVbSvvKBdCeMm95sbNPdx4uN3aPiN6hl6tbzI3banaIgW3kiBN0OVRl4drwy0OS5Wpakvllm5Ht3RoZvRMp8u5pWqL9HCo39DJ4ZO1Km2ZsWxr1dZxoeN0Kt2mik3SUMT6x64pXjMxbGJqcKoQoqitKKMq4zSmrob5hE2JnLK9ent9V700/lMipoRpw2RCVttZu6t2V5ulTQgxP35+anCq3WlfMHxBTlPO+blEMwBAkJ4CwPlMikYaGxs3btz4j3/8w263P/30062tre+++66Unu7evVuKTq+99tr77ruvqqrqoYceGtgaampqTCbTmDFjPKNTicFguOmmm9wPN23aVF5ePmzYMJ1O19jYmJOTc+mll6akpEhHs7KyOjs76+rqIiIibDbb3r1729vbbTabtAJwaWlpXl7ejTfeqNVqnU5nVlaW0Wisq6sLDw9XKpW5ubm5ubnXXXedlAs2NDSsXbtWp9NFR0dL8duRI0cWLFjg5eUlhMjPz5fL5VJ6ajKZVq9e7XK5hg4dajQa16xZExUVVVBQIGVLtbW1hw4dstvtlZWVYWFhra2thYWFLS0tl1122fFGQ6FQXHbZZZs2bSooKEhMTOyzz0CNg1T/119/7XA44uPjhRA5OTk5OTlz587tc8HV6upqs9ks9fQ0ZMiQwsLCoqKikSNHuhsLCgpiY2NbW1s9n3748OExY8accGSMRmNWVlZYWJi/v7/JZMrKyrLZbNXV1REREfX19VJSe/To0ZCQEKVSmZ2dXVZWtnDhQvGf9FT8Z51qIYTD4fBsOaXB8SSXy3vMuJUud7yp2E6nc926dU1NTT"
10:43:47.573 [Forwarding screenshot on session 5e9977749cf8e028abefff19f425d7c0 to remote] DEBUG org.apache.http.wire - http-outgoing-15 << "ExMSqVau/evXl5efPmzXNn8AcPHqypqQkLC+vo6Ni1a1dra6t7te1+Xt+Ojo6srCyn05mXl+fv72+z2U74figrK9u8ebNerw8NDa2vrz98+PD06dMTExM7OjosFouXl1dHR4fVahVCVFZWfv/9935+fjExMWazedu2bfn5+VdffbUU+hYWFqpUqsOHD0tBshBix44d+fn5Q4YM0el0RqNx48aNycnJU6ZMka4bHx+/c+fOY8eOkZ7iNJwPezwDAABc8Kp2FdQQAAAgAElEQVRN1b8b+Tu5TP7lsS+FEAHqgD+M+sPBhoNGq1EIMS1ymsPluGLIFe2W9kZzY0pwyqyYWW9kv7Gnbo8QIlIX+cSEJ6wO68GGgw6XY2rk1KuHXf3cvudKjaVCiOTA5CuHXqnz0k0IndBobvRR+YR4hwgh9Gq9TPTxf3pTI6fKhGz1sdW9M8X1ZeulDFVyX9p9Ywxj9tfvb+5ujvWPvXLolR/lf/Rd+XfS0Xmx8wLUAQkBCXkteRql5oaEG0J9Qr2V3j4qn/rO+gmhE9Kj0h/a9lCrpVUuk8+LnWfwNiQEJBS0FlgclpnRM2fFzPrL7r9I2WScf9zjEx5v6W7JbsxWyVXXxl07O2b2E7ueMNvNQojpUdPd6emo4FFLxixpMDfkNOWMMYy5NPxSh8uhUWik9DQxIHFO7ByVXJUanFrUVhSpi5Qi5w/zPjzV1ytMGzYvdl5ha2F9V32YT9hTlz7Vbmk/0nxELpPPipk1J3bO03uerumsCfEO0al0XfauEO8Qb2XPj1kAAOcP0lMAONcaGhpeffXVHo2LFy8+3kaSVqv1kUcemThxohBi0aJF//rXv5qamoxGo5+f386dO4UQSqXyj3/8o5+fn7+//6233vryyy8PYLXS7D133HU8bW1tVVVVaWlp48ePl1rWrl174MABKSWSYuDi4uKFCxdKyd/69esLCgouueSSWbNmCSGGDx/+9ddfFxcXp6amStlPSUnJ/PnzpWhnxIgRX3755aFDh6RVWHNzc+Vy+XXXXSfFpXFxcevWrSsoKHAnUm6HDh3q7u5esGBBYGCg+M9qruI/H/1LVbW3t8+fP19q+eabb/Lz8ydPnny8bMDlcg0bNiwmJiYzM3PIkCHSlMqzNA5CiB07dthstgULFkgp4OjRoz/99NPdu3f3Tgqlu5PL5T3mNQohfHx8oqOjCwoK3OlpXV2d0WhMSEjIzMzs8zZPfmSknjU1NfPnz1coFHa7/aOPPtq5c+esWbNiY2OFEH5+fvv27Wtqajrh/rinOjj9MJlMBw8eNJlM7rCwh5ycnLq6ujlz5kjDlZycvGbNmpycHCk8FkJ0dna6733dunWFhYVSetr/6yu9dcvKyhYtWiStitx/f4fDkZGRER4eftVVV0nX2rBhw65du+Li4tLT02trawMDA2fMmCGEsNvtW7ZsCQwMnDdvnjRQ8fHx69evz83Ndb+1GhoaUlNTx44dK/XPy8sbNWrUhAkTpOsWFBQUFhba7XalUimEUKvVwcHB1dXV/Y8kIIQwGAwtLS21tbVWq9XLyys/P1+aeCr9vWQyme65554333wzKSnJYrG453MPdtUAAAA/AzIhUyv6WFvI4rAIIcqMZauPrZ4fP39P3Z4qU9XiSxZ32jrfy31P6uNwOeL84z7I+0BKAdUK9QtTX7gh4QYpPb0t+TaZkP1l91+kqHX1sdX/O+V/b7vktqWZS4UQNqdNIVMEaYIe3PagtOKuVqUdrh/+ZdGXUrzaQ6x/rN1lL2wt7P92wrXhqcGp60rXfVH0hdTyxIQn5sfPl9JTh8shhJgUPumxHY9J6wM/Ou7R6VHTf6j4YVn2MiHEztqdf53410nhkzaUbZA6Twyb+OTuJ6VZrZsrNj87+dm5sXPfOvKWEGJG9Ayny/nkriel+aaZdZmPj398WuQ0d1LrdmPijc3dzX/e9WdpVBcOXzgndk6Zscw9jDIhC9OG/WX3X6Rs+IkJT6RHpX+U99GZ7Jw6NXKqWqH+y+6/SOV5yb2WjFmSGJBY01nzr5x/JQUmVXVUvXn4zdM+PwDgHCA9BYBzraWl5aOPPurReP311x8vPRVCSHMlhRDutTdNJpOfn19dXZ0QIiIiwj0ZUVo+cQB1d3cLITw3yOyTXq//7W9/69kSGhpaW1trNpvdk1YjIyPddQYFBVVVVbmrlVLSzs5Oz6e7Z8UFBQXp9XrpZoUQl19++eWXX+7ZUwjR3t7eu6qamprg4GApOhVCREVFhYSEuFdzlfKq1NRUdyJoMBjq6uosFkvvWNTTlClTPvvss927d3tuQDvg42C1WisqKkaMGOGeQOnt7R0XF1dQUOB0Ot1Ltrq1trb6+vq6Z096SkpK+v77790RZkFBQUBAQD/xxqmOTEJCghQcKpVKf3//9vZ2KTr1vKMTpqenNDjHU1xc/MMPP0id582bd7x7LCkp0ev17qTZYDDMnTvXc0qr572HhITU1NRISx+fzOs7bNgw95+X/vtLp/VcLHrq1KldXV29w/uampru7u6pU6e6X/eoqCh/f/+ysjIpPZXJZA6Hw50rO51Ol8vV3NzscDiklyYxMbHHbOmgoKCioiIBnEhKSkp+fr7FYtm2bdusWbO6u7vtdruvr+/y5ctdLtcf/vAHu90u/abYtm2bNFXa/TsLAAAA/fDz8lsxa0Xv9nu33NtubRdCrC1ZmxaSdsfIOzaUbRhtGP3cvuekuZUSm9O2tWqr9LPFYTlQf2BWzCy9Wm9z2pIDk7dUbZGiUyGE2W7eV79vdsxsnUpnspmkxh8rfzzJzUp1Kl2HtUNKNPtR21l7x+Y7PFuKWouSApL8vPzclRxtPureWrXCWJESlOK+hQpjhRAiQB3gfnphW6EUnQohKjoqqk3VCQEJ0sO3jrwlxajuCwkhwrU9v0zsq/KN1EWuL1svRadCiLUla68ednWPbhvKNriz0pL2kqSAJJ1K12Hr6P9++6GUKxUyxRC/IdLCvFan9e/7/37aZwMADArSUwA41wwGw4033tijsZ/oVC6XuyMrad6Ym5QkeQZpPTqcOSl6cThO8M8kqZjCwsKmpiaz2ex0OqUt8ZzOn/4x5plOSXW6c0Hpocv101c7AwJ++ieTEMLX17e+vt79sLy8vLy83GQyWa1W6Vl9VtjV1dVj1qxneuo+s/tnKXr0rLlPOp1u/Pjxu3fvTkhI6D0rd6DGoaOjQwhRV1f3448/uvu3trY6nU5pL9ge1zWbzccLfWNiYjQaTUFBQXBwsN1uLykpkWYo9u/kR6bHHfW+Qc9Xtn+n9CbpLSQkRAogS0tL169fP2PGDPcXDjx1dHT0SHOljUXdPO9duq77DXbC17fHn+V++huNxh7X0ul0fa42LH05IC8vr7T0p2+C22w26U0i8fHxcWfnXl5e48eP37dv34cffhgdHR0RETFs2LAebw+NRuN0OqXZhL2vCLj98pe//Pzzz4UQy5cvnzx5clpa2uuvv67RaKRvNrz55pvd3d1paWmdnZ1vvPGG9JQrr7xyMCsGAAD4meiyd/1fzv/1bu+0/fs7oy7hevPwm3+77G93p969vnR9XkueZ7dGc6PNaXM/bOpuEkL4efkpZAohRF1nnWdnacHbEO8Qd3pa21l7knXanXaVvI/v6fYWoA6YGjl1qN9QPy8/pVwZqAkUQkj1SFq6W9w/W51WIURzd7PnQ7nsp883qk3/tVhOU3fTcP1w98PRIaPHGMYEeQdpFBrpEp4XkujVeiGEO68VQnQ7unuMjBCiseunDlLO6lnGadhYtnFc6Lg/T/hzSXvJ0eaj2U3Z7G8KAD87pKcAcK4FBgbecsstA3IqKQFqbm52t7gnaA4UaSJgc3OzewZnn1pbW9esWaNWq5OSknx9fRUKRWlpaXFxsWef3tMle7e49YiBpVVhpZ8zMjIKCgri4uKGDRvm5eUll8s3bdrU50lsNluPS0hh8EnW0I+RI0cWFRVt3759wYIFnjMFB3AcpLhOqVSq1T8t5RQWFtYj53Oz2+29NwR1nz8hISE/P3/SpEmlpaUOhyMhIeGE93jyI9NjruSZ7Il4Sm+S3vz8/KR37O"
10:43:47.573 [Forwarding screenshot on session 5e9977749cf8e028abefff19f425d7c0 to remote] DEBUG org.apache.http.wire - http-outgoing-15 << "jRo9evX//jjz/efPPNvV90u93eu9HT8W7hZF5fz7du//2ll/hkblDq6eXl5flmGDZsmOdze0w7Hj16dExMTFFRUWVlZXFx8a5duyZMmOC5urXU3263k56if6NGjbr00kt3795dUVHx6KOP/u///m9aWpr7qJShdnZ2PvLII1VVVUKIKVOmeO6yDAAAgOOxOW0HGg7036fD2tFp6wzSBHlGgBKrw9r7oUqukpK/HlNFpWmmSvlP/1pxT8c8oQZzQ7w+PkAd0Gpp7adbpC7yrxP/2mXv2lq1tdHcaHPYxoeNnxQ2qXcZ/bf0uCPPh+4Q946Rd0yPnJ5Zl7mvbl+Xvcvhctyfdn/vM0gbizqc/zUUnpGz5ITTak9Vq6X1sR2PTQ6fPNowevaQ2XNi55QaS185+Er/AwgAOK+QngLAz1hcXJwQoqOjY8+ePRMnTnS5XNK+ngNImltZWFg4fPjw3kd37949bNiwsLCww4cP2+32hQsXumfOSbvfnTZp+Uc3i8UirYxqMpkKCgqSkpKmTZsmHZJWjOyTSqXqcZ6urq4zqcpNJpNNmzbtq6++OnjwoGf4NIDjIN1veHi4e+vK/qnV6n6GIikp6fDhwxUVFUVFRdJU1NOr6sx5Th7tp+BTYrVam5qa/Pz83MMul8ujo6Nramra29t7B/9ardZsNvc6zYmd6uvbf38p7T6ZQZDeDElJSVFRUSdfbVBQUFBQ0KRJk4xG444dO3bv3h0dHe2eGitd1zOOBY7nqaee+vWvf93U1JSZmXnzzTffc88906ZNk/7qs1gs27dvf+ONNyorK4UQoaGhS5cuHex6AQAALhy3JN+ikCk2lm+8MfHGo81H67p++sK0VvVfX5/VqXRCiA5rh5SeSg/dfL18paOnUUNOU87k8MlTI6d+U/JNj0M6lW7B8AXfln7baG785ZBfeim8/rTzT+7ppEmBZ7S1UO8blOoP1AROj5y+tWrr20ffdh/q8wzSQsdShuoWoAnwnAJ7ltictozqjIzqDIVMMTFs4h0j77gx8cblh5ef7esCAAbKGa1CAAAYXFdffbUUgz322GN///vf77rrrmPHjkmHTmat3ZPh6+sbFxdXXV195MiRHocOHDiQk5PT1NQkhDCbzV5eXu6IyG63S0uMnvySrT14TqJ1Op1NTU3+/v7iP5GPe0tUIUQ/ezcGBgY2NTW5V1W1Wq3S5/sDIjg4eOTIkdnZ2Z6rpw7gOPj6+mq12oqKCs/Guro6acB78/b27icR1Ov1BoPh2LFjNTU1Pfa/PGekSZmeRdbU1AzImbu7u9etW3fw4EHPRmlOdp85cVBQUFNTkzu2dDqdq1at2rVr1wkvdKqvb//9pbex53vyyJEjK1eudL+j3KeVJhz3eDOUlZVJ6wD31tHRkZub637n+/n5SZMF29raPGtTqVT9z8EFJIGBga+88oq02kFFRcVjjz2Wnp6+YMGCBQsWzJgx47HHHpPexgaD4aWXXupnIXoAAACckrGGsdMip71z9J1VBasazA13p97tuaJssHew5y6h8fp4q9Pa0t1S31Xfbm2/JOgSz1MlByYbrUZp/d5TtaduT6O5cW7s3Dj/OM92lVx1d+rd6VHpUszpr/Y3283u6FStUI8LHSfOYHUi9y6nQgiFTDHMf5gUHvt5+Qkh3FuiCiEui7iszwvVddXZnLZ4fby7JTkw2d/L//TqOXljDWMTA/79726Hy7Grdldxe3GELuJsXxcAMIBITwHgZywkJOTvf/+7Xq/v6Oj44osvnE7nU089JR2yWE52EZ4TuuyyywIDA3ft2vX999+XlJTU1dUVFxevX7/+wIEDw4cPHzFihBAiODjYYrEUFRXZ7fbm5uZvv/3WYDAIIVpbT3NdGovFsnPnzq6uLqvVunPnTpvNJi026+/vr1Qqi4qKTCaTxWLJyckpLy/38fFpa2vrnWAlJiaazeaMjIyWlpaGhob169dLy7oOlPHjx2u12vz8fHfLwI5DWlpaS0vLjh07zGaz1WotLi7esGFDTk5On51DQ0M7OzulrXD7lJSUVFpaqlar+9wK9BxQKpWBgYFlZWW1tbXd3d1lZWUFBQOz9Yufn9+wYcPy8/P37dvX0NDQ2Ni4b9++Y8eORUdH+/j49O6fmprqcrk2b97c2tra3t6ekZFhNBpjYmJOeKFTfX3776/X62NiYo4ePVpYWNjZ2VleXn7gwAGtVivthKpWq1tbW9va2jo7O/39/YcNG5abm5ubm2uz2bq6ug4cOPD9999XV1f3eV2bzbZjx46dO3cajUabzWY0Go8cOaJQKEJCQtx96uvrQ0NDTzy4gBBCiOTk5JUrV1566aXSQ4vFUlZWVlZW5v5dM2XKlJUrV0oL+QIAAOBkeMm9pkZO7f3flIgpQgg/L7/bR96+q3ZXVmOWw+V4K+etoX5Dr4u7zv10k810V+pd4dpwlVw1PXJ6SnBKZm2m3WV3Cde3pd8m6BPmxM7RqXS+Kt9rhl2TFJD0bem3LtH39z6lnVZTglNCfUKVsp5LFdqctmXZy+xO+xMTnrg56ebU4NTEgMQZ0TOemfxMSnDKe7nvlRnLhBBlxjKdSndZxGVqhTrGN+bRcY8eazsmhIjSncIKOp58lD63JN+iV+s1Cs2tybdqFJrt1duFEHWddRaHZXL45EBNoFalvWLIFWMMY9osbeHacJn4rwDV5rTtqdszLnTclUOvDPUJHWsYu/iSxQ3mhtOrRxLiHdLj9ZoYNrFHn8siLrt31L1pIWlaldZH6TM+dPwwv2HurU87bZ3RvtER2gjP8BsAcL5h5V4AOHc++uij/jvceeedd9555/EeCiFmzZq1f/9+z5YpU6Zs3LixtrZWp9MFBAQIIXp0OHMajWbevHlZWVmFhYVlZWVSY0BAwPTp092zGFNTU+vq6rZs2bJlyxaNRjNhwoSYmJjGxsYNGzaMHTt27Nixp3rRhIQEi8Xy8ccfu1wuuVw+atQoKT1VqVTTpk3bvn37ypUrhRBRUVEzZ87My8vbv3//ihUr7rjjDs+TJCYmtrW1HT16tKioSKvVjhs3rq2tramp6Uw25vSkVCql8Xe3DOw4jBgxwul0ZmVl5ebmCiEUCkViYuKkSZP67BwVFbV///6qqqrjTS2Ni4vbtWvX8OHDT2+r1wExZcqUH374Ye3atUKIgICA2bNnf/nll+4pkmdi+vTparX68OHDWVlZQgiFQpGQkDB58uQ+OxsMhtmzZ+/atevzzz8XQmg0mssvv/xkFsXt//UNDw8/pf5jx46dMWPGjh07MjIypOx/yJAhU6dOlZ47YsSIbdu2ffbZZ4mJidOnT09PT9+1a9fu3bt37Ngh1Tx58uTjvdaBgYEzZ87cu3dvXl6eu+WKK65w74zb3t5uMpnYnBKnJDAw8PXXX8/Ozt64cWNOTk5DQ4MQwmAwpKSkXHXVVZ676gIAAOBkeCu9fz/y973bnS7njpodd4y8w+lyfpj3odRYaixdX7Z+buzc7KZsKZVs6GrYW7f3fy79H41CI4TIasz6KP/fnzlsKNugkquuGXbNouGLhBCdts7Pij5bX3bcjX6ONh+t6axZOHzhguELHsx40D1/1K2kveTJ3U8uGL5getT0K4ZcIYRwCdfR5qPvHH3HHQpuKNuQGJB4V8pdIkV02Do+K/zsUOOhOP+4R8Y+8lXxV6uPrT7V8dlRs8NH6fPq9FcVMoXNaVtXum5HzQ4hRLej++2jb/92xG9fm/6aECKnOeeN7DdmRM+4Pv76937x3uLvF3ue5MO8D72V3r9K+NWNiTeWG8v/L+f/bkm+pUfIekri/ON6zMFtt7bvqdvj2bLiyIrfjvjtA6MfUMgUQgir05pRlfFZ4WfS0c0Vm3874rfPT3nec/FhAMD5RnbaayoCAH5eDhw4EBsbq9frzyQ7NJvNFotFo9H0uSBqd3e3zWbTarXufM5isZzqxooOh+Ptt99OTU2dNGmS1Wo1m80+Pj4qlcqzj9PpNJlMGo3Gveeo3W4X/1kbtgeXy+VwOKRDW7ZsKS8vX7x4ce9uA2hAxsHN5XKZTCan06nT6fpfZ/Wrr74SQlx33XX99DkfSBNk3U"
10:43:47.573 [Forwarding screenshot on session 5e9977749cf8e028abefff19f425d7c0 to remote] DEBUG org.apache.http.wire - http-outgoing-15 << "neAJLeGAqF4iRPLg2sr6/vKf2hONXX94T9pemkarW6xx8rq9VqtVq1Wq27PIfDYTKZ5HK5Tqc7mZqlWcve3t6eu/MKIXbv3p2fn3/jjTcO4g64uNi4XK62traSkpLT+D4NAADAeWtl3spP8j/R+5zrzQuWTloql8n/svsvCpki2Du4y9bVYeu5p6lcJg/SBAkhmsxNx5t16iYTsgBNgNlulvYKPR65TK5X673kXq2WVoujjyWvdCqdRqlp6W5xuv79NVmtSivNbT15KrnqndnvrC9b/0nBJxqFxl/t32Zp63E5hUwRqAnstHV22bukFrVC7XK5rE5r7xMqZAq5TG5z2oQQr05/tcxY9mrWq6dU0mlQyVV6td7hcrR2t/YYf2+lt7fSu3d7/zq6OxYlLPp18q8HulIAuGAZjUbph82bN+v1eqfTebzP06QJPG1tbbNmzZJamHsKADgF3t7e3t7exzvaO1U97chQ4uXl1SP1kcjl8h5r8PaZm5aVlWVnZ0+dOjUwMFAIYbPZqqqqpK37zqqBHQeZTCYt5XpC48aN27BhQ2Vl5WCtzXuSzkZuKun9xuife0fSU3Kqr+8J+6tUKmlb3x56v/8VCkWfPY+nzz+wZrM5Nzc3NTWV6BQAAAD4uXO4HMfbzdTpcjaaG0/yPC7hauluOWE3p8vZfzeTzWSymTxbTjU67aHb0d3d1d273eFy9Li7PtPcebHzkgKTXj74shSdDvMbFqgJ3FK55UxKOkk2p+1443/ClBoAMOhITwEAF6yQkBCj0fjtt9/Gx8crFIrS0lKLxTJxYs8tSS4Y0dHR8fHx27dvv/76688wt8YFbOvWrXq9fsyYMYNdCAAAAACcXaXG0uvir1s6aenBhoPeSu+pkVObu5s3lm888TMBABc30lMAwPlFJpNFRESc0gS749Fqtddff31eXl5zc7PT6YyJiUlKSpJ2h71QTZs2LSMjo6CgIDU1dbBrwfmourra6XTOnj27/1WgAQAAAJzPituL5UI+2FWcLU6X82jz0brOujM/1eGmw3/Z/ZfpUdOH+A1xupzfln77Y+WPfc5SBQDAE+kpAOD8IpfLr7nmmoE6m4+Pz0W1x55SqZw5c+ZgV4HzV2RkZGRk5GBXAQAAAOCMfJj34WCXcBY5XI6/7//7QJ2toqPiwh4uAMDZcMF+RwkAAAAAAAAAAAAATgnpKQAAAAAAAAAAAAAIQXoKAAAAAAAAAAAAABLSUwAAAAAAAAAAAAAQgvQUAAAAAAAAAAAAACSkpwBwEbFYLINdAgDgImW32xUKxWBXAQAAMJBi9bGDXQIAABh4pKcAcLHQ6XTd3d0ul2uwCwEAXHRcLpfFYvH29h7sQgAAAAaSwccghHAK52AXgguf0+UkrQeAc4b0FAAuFgEBAR0dHaSnAIBzz263t7a2BgQEDHYhAAAAAynWP3ao/1CLjXWecHZZHVaNQpMSnDLYhQDAxYL0FAAuFgaDwcvLq7i4uKura7BrAQBcRLq6usrKyry8vAwGw2DXAgAAMMAeHPugxWYx28zMQMVZYrFbuqxdS8Yt0aq0g10LAFwslINdAADg3ImPj6+pqcnLyxvsQgAAF5fw8PCIiIjBrgIAAGDgxfrHvjbjtVcOvFLWXjbYteDCFOwd/OTEJ5l4CgDnEukpAFxEFApFdHR0REREV1dXR0fHYJcDALjw+fr6+vj4KBSKwS4EAADgbIn1j319xusl7SUNXQ0lbSWDXQ4uHAYfQ6w+Ntaf7U4B4FwjPQWAi45CofD19fX19R3sQgAAAAAAuEDE+sfG+sdOCp802IUAAIAzxb6nAAAAAAAAAAAAACAE6SkAAAAAAAAAAAAASEhPAQAAAAAAAAAAAEAI0lMAAAAAAAAAAAAAkJCeAgAAAAAAAAAAAIAQpKcAAAAAAAAAAAAAICE9BQAAAAAAAAAAAAAhSE8BAAAAAAAAAAAAQEJ6CgAAAAAAAAAAAABCkJ4CAAAAAAAAAAAAgIT0FAAAAAAAAAAAAACEID0FAAAAAAAAAAAAAAnpKQAAAAAAAAAAAAAIQXoKAAAAAAAAAAAAABLSUwAAAAAAAAAAAAAQgvQUAAAAAAAAAAAAACSkpwAAAAAAAAAAAAAgBOkpAAAAAAAAAAAAAEhITwEAAAAAAAAAAABACNJTAAAAAAAAAAAAAJCQngIAAAAAAAAAAACAEKSnAAAAAAAAAAAAACAhPQUAAAAAAAAAAAAAIUhPAQAAAAAAAAAAAEBCegoAAAAAAAAAAAAAQpCeAgAAAAAAAAAAAICE9BQAAAAAAAAAAAAAhCA9BQAAAAAAAAAAAAAJ6SkAAAAAAAAAAAAACEF6CgAAAAAAAAAAAAAS0lMAOCvMNqfN4RrsKk7M5nCZbc7BruIUWOxOi/00C/a82Z/djQMAAAAAAAAAzgHlYBcAAD9LTpfIqjAWN3S1dtm8FPLIAPX4YfoAn5/+Ur3mtQPz0gx/nDVkUMrbW9re1GEdM8Q/zN+r/57v7axetbd23f1jvVU/j+/TLPk03+F0/fOWEb0PNZlse0va+nxWrMEnKUz79vaqz/fXbXhgnJdS9rO7cQAAAAAAAADAOUB6CgCnrKih669rihqM1vhQH39vZbvZXrynSyGX/fmauCnDAwa7OtFpcSz9+pjF7rwqJeShK4YOdjnnTnmz+aXvy2RCyGQ9D/1qQnhSmHZSrN7fW6lU9DosxFcH6yP0momx/ueiUAAAAAAAAADA+Yr0FABO2bPriq1217u/TYkO1EgtDR3W//d5wbPfFq+6M83fe5D/av3uaJPN4bwyJfjH/Oa702N8vC6uuZX3zx4yZ5Shz0NpMb5pMb59HlqT1XB1agjpKQAAAAAAAABc5EhPAeDUGM32ypbuuWkGd3QqhDD4ej16ZWxujclzr1OZTDR2WNdmN1S1WvTeyitTQ4YbfNxHSxrNP+Q117Zb1Er5JRHa2ZcEa1RyIcQHu2riDT6T4/VSt/zazl3FrZfGBSSHa6WWzN8TppkAACAASURBVJK2wrquWydHHK/CtYcaxgzxmz8mbENO0w95TT2ixHqj9eus+jqj1eDrdc2oEM96thY0pycFDQv2djeWNZl/zP93o9Mlthe27Ctr77I4gn29pgwPSI36dxJpc7g+3F09YZg+1M/rm0MNte2WYJ3X1akhnkNU3ty96WhTndESrPOakRyUEPrTUJgsjo05jYX1XUKI2BDvq1JD/DQ//Xo6WmPadLTJZHEMC/aZN7rvWPQk7S1tP1LdcdvkSIX8p+mn9UbpNereW9pustjnjDKE+HoJIbIrO7YXtbaYrP4+qqnDA8YM8ZP6V7Z0b8ptmjc6dNex1uzKjt9Niw7187LaXT/mNxfVd5qtzmBf1eWJQbEh3n0XAQAAAAAAAAA4j11cE5IA4MzpNEqVQpZXY+qyOj3bk8O1148NDdap3C3GbvuDq/Lr2q1atWJLfst9H+fWG63SoR/ymu/84MiB8vZQPy+lQvZWRtXdHx41WRxCiEOVxo/31LhPsja7YWVm7brsBnfLyszarArj8crLruyoaOm+YkRIbIj3cIPPuuxGz6P1RutdHx79/mhzgI+y2+Z87IvCsiazdChAq/pkT+3XWfWe/ddk1a/aWxeoVQkhnvrm2DPrirusToOfuqi+68FV+V8e+Knzx5m13x1pemBVXr3RqlMrvjvS9PsPjjR2/Pt+dxS1/v79I3tK27RqRW6N6e4Pj2480uQu6Y73jny8p9bfW+nnrfzyQP3t7x6pbbdIR3cXt92/Mu9ojSnE16uixfzQp/kW238N+yk5WG78OLPW8d8nsDmcFc1mIYSp217XbpXy7/d2Vi/5NL+i2RwRoKk3Wh75vOCtbVVS/9p2y8eZtV/sr3sro6qmzWK2Oqx21x9X5v5ra2W3zalVKw6WG3///pEf81tOu04AAAAAAAAAwGBh7ikAnBq5TNwwIfyj3TW3v5vzy5Tg0TF+SWE6L2UfW2lmFLQuu+kSaZLl7EuCHlyV/2N+840Twruszle+LxsZ6fvSDUnSHMirUkLu/Tj3kz21v5sWNX6o/zs7qsw2p7dKLoTIqjBOiPU/VPnvuNRsc+"
10:43:47.573 [Forwarding screenshot on session 5e9977749cf8e028abefff19f425d7c0 to remote] DEBUG org.apache.http.wire - http-outgoing-15 << "bXdf5mSuTxyvvmUIOvRjE1IUAIcVVqyGuby/PrOpPC/j1v9dO9tR1m+1uLR0oTTGvaLL99N0c6FOCjHDfUf1th6x9nDZWqcjhdGYWtk2L9/b2VFS3d+8vab5wY/tspUVL/B1flv7+r+vqxoUIIaSfR7442ue/38sSghz7L/+5o082TImwO14vflaZG+z6/IFE685++LFz2Q3l6UqBaKf/H5vIuq+Ot20aG+nkJIW6aFH7b2znLt1Q8fe1wIcRb26oMfl7LbrpErZQLIX7Ia/7btyXDPeatnrmoAM096UN2HmubkRy0aHyYEKLg/7N333FRXGsfwJ+tLB2kCoi9oGiQFds1FhIFOzHeRKOJ9UZjjBr1ek0zatCQaDSvBTsXjS0RFRuiIiA2QBREUFRQQHpdYIGFbe8fx0z2Ai5oxJL8vh/+GGbOzpyZOVOfOefkVf5yNeddqd2cIc4szc6orAOxuYO7tOhoayQW8InoSqosYHp3FiyPSy+/X1DlN76TR5vHDf/+X1hG4qNyzy4tnmM+AQAAAAAAAAAAAOAFQN1TAICnNu0fjktHtDORCPZcyfn8YMroDdcX/ZpyKrFQt9leIpK2NuPap+1sb0xERRW1RHQjo6xaqRn1hg3XfKxLS+M21obRD2RE5NHWXKOlpOwKIsqR1eSX177v0TKvrJbVW72VVaHWaPu0tWgwY6VVqkv3S4d2tRYJeET0louVgZCvW2/1ekZ5WxtDrm1eBwsDrkFaIhrazbqsWsVVbL2WXlZerfJytSEi5xaSU/Ol034PnRJRNweTyhp1aZWKiNh6uLUy5da3S0tjIiqWK4koPrO8QqEe2eOP9V0wtM3a97rwiFdZq455IBva1YqFTonI0kg0uHOLmAdlKo22pFKZUVz9jw6WLHRKREO6WDXajWtiVsWJmwV1/vLKavX/Slfk3RIimtT3j7aR35HaEdHVVBn9vrZvdrLk6hkr1RoiSsmt5NLPf7v1gqFtmr5EAAAAAAAAAAAAAHhFoO4pAMCzGNrVamhXq4KK2qRs+c1H5VdTZevOph9PKPh5ogurM0pEdmYGXHoW/1NptESULashIidLie4MHSwMrqeXE1F7WyNLI9HNzAqPNubXM8rtzMRvtDK1MxMnZJZ7uVrfyCi3NhE9qU/N07cKVRrtiB6PezM1NhAM7GQZkVLyyRBnY7GAiAoqaqStzXV/4mghISpjw//oYGEo4kemlEhbmxFR+J0SM0Nhn3aP0xdW1J5NLr6fXymrUio12sLyWiJS6TSD29Lij/VlfbhqtFoiypHV1NkadmZiFi7NLKjREiVly1efesBNzSiuVmu0xXJlaaWSiGx/D6wSEZ9H9uZ/zKdBEXdKIuu1mrtirNjeXNxg+vqyShV8Hm0Oz9QdyedR3u/tCRORbpeuHm3Ne7c1D7ycHZpU6NHGXNrGvE9biwarIwMAAAAAAAAAAADAKw7RUwCAZ2drKvbs0sKzS4v5b1PAxawDsbnB8fkTe7dkU/lPCJ+xqoqstVuOgMdjsVUekUfbx031xmeUubUyI6I3WpnF/x497d2u4YqnGi2xaqbz99/5Y1kaTa1Ke/528Rg3WyJSqbWC/82W7r8GQv7Azi0u3i9ZMLS1Uq29nFo6vLuNkM8jovSi6s/23zYxEI7oYWNvbiAW8KLulbI6mrqr0GDGalUNrO/vm0LLlmtiIOBGdnMw6eZgQkRKjbZODuv/W9/8oa1Hv2GrP41+SpWWx+PpZomIRr9h21YnaC0R/TFVyOetfrdT7IOyC/dKrqTKTtwstDQSfT26vVsr0z+TDQAAAAAAAAAAAAB48RA9BQB4Okq19mFRdUc7I90gHp9HU/7heCA290FhVaNzsDAUEVFZlUp3ZFm1ytzw8TnZo6152O2iqlpN/KMK1vXmG61Md1/OLq9WpRVWfdTfof48iejaw7L88tqxbradf+/llPnlas6JmwUsempsIKisUetOLa1S6v47rKv1maSi6xnllTVqhVLj5WrNxgddz1MoNTununBN7N58VNHomjLWpuL668tYGomIqEcr05lvOtWfyrJaVSfDlUpLY1ETF/1sLI1Fao32kyHOooYivg3iEfVpZ87q6SZly78PSVt1Mu3QJ27NmU0AAAAAAAAAAAAAeP7Q7ykAwNP59VruJ78kX7pfWmc8i5vamDTePKyrowkRsdqlTLVScy+/klW4JKJebcy0WjqekF9ererpzOqemhZU1J5JLhLwee7/2/Qu53hCgUTEnzmwlZerte7fyB42Dwqr7+RWElFba6O0gipWyZWIVBptQma57kzecDa1MRVfSZVF3Stpa23Y0fZxP6ayKpWJgZALnSqUGrYF/qej1ydob2NERLEPZdyYIzfyJ267mVtWY28utjYRxTyQ6aZPzKq4l19FRE6WEpGAl5L3R3+iGcWKIvn/hHufI25dujuaEJFurmpUmoiUkjqBZ86d3MoInbaCXR1Nhna1LqlUPik9AAAAAAAAAAAAALyyED0FAHg6Y9xsHS0MVp1M237hUVK2/FGJ4naO/LdreV8cvmdiIBjb067RObSxNuzX3uLw9fwrqbJqpSa3rGZN6MNaleY9D3uWwEwi7NzS+PD1fEcLA2sTERG1NDewNhEFxeV1dzQxEjdw6s4vr415IBvUuUX9qcNcrfm8x436vuViVa5Q/XwuPa+sNrNEse5Mep3EPKK3XaxiHshiH5ZxFU+JqIOtUblCde52sUKpSS2oWnLorouDCRGlF1U3ur6trSR92pkHxxecSS4qkiuvpsn2XMm2MRW3NDcgool9HB4UVv98LqO0SllZow5PKfnqyL0j1/OISCzkvdnRMjpNFhxfUFypvJNbuSb0Aauu+nyZSgREdCurIresplyh8nSxsjMTbwjLiM8sVyg1j0oUq089+OH0gycFbu/mVa4+lcYyWVWrScmtjEgpaWttaPy/bf8CAAAAAAAAAAAAwKsPLfcCADwdM4nw/z5w2Rb56HhCwa/X8thIAyG/b3uL6QMcudqZ+n0xst2GsIzlx1PVGi0RtTQ3WOnTsevvdU+JqHdb8z1Xcka9YcONeaOV2fk7xe9K7Ruc4anEAi3RyB429SdZGYv6tLOISCmZM8R5RA+bh0VVxxMKTt8q4vNoeHcbH3e7nVFZSrXGUPQ47Dq0m9WB2Fw+j97uasXN5J+97G9lVfiFPPAjMjMU/utNpz7tLVJy5V8cvvdRf4cp/R31r+9Xo9r/fC59behDVuu1fweLBUPbsEk+PW1Vas2+mNwTNwuISCTgebvafDKkFZv62VutS6qUG89nbDyfYSTmzxrkfCWttKC8Vv/inpaxgWBoV6tzt4uvpsmWjmg3tKvVT+93+elM+uLf7rIEbawNV43r1NpK0uDPx7jZllTWBlzK2ng+g43p0858rmfr55tJAAAAAAAAAAAAAHgBeFptU5pdBACAujRaKpLXVtdqJCK+jamY39QuMv+gUGqK5LUSkYBVMH1hqmo1JZW1lsYiY/HTVY4sq1ZV12psTEUCPo+ItEQVCpWpRNjEVa9WaorltWYSoZlh3W93NFoqKK9VaTR2Zgb1exstrVJV1aptTcVN74j0GbAuYHXrtlbWqEsqlUYGAqsm9LSq1mhLKpUqjdbKWCxu6iYBAAAAAAAAAAAAgOevvPxxp3VhYWEWFhYajYbHa/i1rVar5fP5Mpns7bffZmNQ9xQA4BnxeWRr2qSapk8iEfGdLBuuztisjMR8I/GzLNfcUGhu+Me/PCIzyVNcRwyfvL58HtmbP3FjWhoJLY2a/YJVv01gYwNB01vfFfB5Nn+uPAAAAAAAAAAAAADAS4d+TwEAAAAAAAAAAAAAAAAAiBA9BQAAAAAAAAAAAAAAAABgED0FAAAAAAAAAAAAAAAAACBC9BQAAAAAAAAAAAAAAAAAgEH0FAAAAAAAAAAAAAAAAACACNFTAAAAAAAAAAAAAAAAAAAG0VMAAAAAAAAAAAAAAAAAACJETwEAAAAAAAAAAAAAAAAAGERPAQAAAAAAAAAAAAAAAACIED0FAAAAAAAAAAAAAAAAAGAQPQUAAAAAAAAAAAAAAAAAIEL0FAAAAAAAAA"
10:43:47.573 [Forwarding screenshot on session 5e9977749cf8e028abefff19f425d7c0 to remote] DEBUG org.apache.http.wire - http-outgoing-15 << "AAAAAAAACAQfQUAAAAAAAAAAAAAAAAAIAI0VMAAAAAAAAAAAAAAAAAAAbRUwAAAAAAAAAAAAAAAAAAIkRPAQAAAAAAAAAAAAAAAAAYRE8BAAAAAAAAAAAAAAAAAIgQPQUAAAAAAAAAAAAAAAAAYBA9BQAAAAAAAAAAAAAAAAAgQvQUAAAAAAAAAAAAAAAAAIBB9BQAAAAAAAAAAAAAAAAAgAjRUwAAAAAAAAAAAAAAAAAABtFTAAAAAAAAAAAAAAAAAAAiRE8BAAAAAAAAAAAAAAAAABhETwEAAAAAAAAAAAAAAAAAiBA9BQAAAAAAAAAAAAAAAABgED0FAAAAAAAAAAAAAAAAACBC9BQAAAAAAAAAAAAAAAAAgEH0FAAAAAAAAAAAAAAAAACACNFTAAAAAAAAAAAAAAAAAAAG0VMAAAAAAAAAAAAAAAAAACJETwEAAAAAAAAAAAAAAAAAGERPAQAAAAAAAAAAAAAAAACIiIQvOwMAAAAAAAAAAH8j1dXVWq1WLBYLhXgt83ekUCg0Go1AIDAwMHjZeXl1vWqHiVKpVCqVPB7P0NDwZefl706j0SgUCiKSSCR8/qteNUilUtXW1qLkAAC8dl6J+w8AgL+SyMhImUxGRP369bOzs+PG37lz5+7du5aWloMGDXp5uQOAv7vk5OTbt28XFRXV1tZaWFh069ZNKpXyeLyXna+XIy8vLzo6Wk+Cvn372tvbv7D8AMBfg0qlio2NTU9PLy4u5vF4NjY2vXr1at++/cvOFzw1/ZeJ7t27P/NuHTRokEajmT179syZM581d/DUuB3q5ubWpk0b3UmPHj26fv06EfXp06dly5bNnZN58+bduHHDw8Njy5Ytzb2s5tbgYSKRSFq1auXi4vJnIluv2mESEBCwY8cOPp8fGxvbrAuqra29fv16SkpKWVmZRCJp06ZN//79zczMmnWhzSQpKSk1NVV3DI/HMzY27tSpk7Oz8zPPNjExkZWKnTt3urm5/dlcNrPAwMCtW7e+gJIDAADPF6KnAADP2c6dO1NSUohoyJAha9as4cZHREQEBAS4uroiegoAL4VcLl+yZEn9h3ZXV9eff/7ZwsKC/evr61tZWfn99983cbaHDh06d+7c6tWrra2tn2d2X4j79+/7+vrqSbB+/XpETwHgqaSmpi5cuDAnJ6fOeB8fn6+++op9rVJVVbVw4cK+fftOnTr1zyzrac/Y8LT0XyYWLlyIoPjrxdDQ0M/PT6VSjRkzZtmyZbqT9u3bFxQUJBQKQ0NDX1b2XlN6DhNHR8dvv/3W3d39BWfpealzl2tnZ+fq6ioQCJp1oVFRUX5+fgUFBbojJRLJ4sWLfXx8mnXRzSEsLGzv3r0NTpJKpStXrtT94hwAAOCVgugpAEBziYiIuHHjxuv7rAgAfzGbNm2KjY3l8XiTJk164403tFrthQsXTp06lZSUtHXr1qVLlxJRXl5ecHDwU8UL9+3bl5WVVVtb22wZb0Z2dnajRo1iw/n5+deuXSMiDw8P7j0OXugAwNP64osvcnJyLCwsPvroo7Zt21ZUVAQFBSUmJgYHB/fp02fo0KFEFBkZGRcX9yc/zniGMzY8M91LA6ddu3YvJTPwzMzNzd98882IiIioqCi1Ws2FwbRabWRkJBH179+f+54MnhZ3mGg0mry8vBs3bmRnZ8+fP//o0aOv4zd2VO8u18fHp7njl1evXl20aJFWqxWJRG+99Zazs3NxcXFERERJSYmvr6+BgcHw4cObNQPNx9vbm7XArFKp7t+/n5aWdv369UWLFj0ptgoAAPDSIXoKANAsTExM5HL5unXr9uzZ86TWihQKRUhISGJiolKpdHR0HD16dKtWrdikK1euJCQkWFlZvffee8eOHYuLi7O0tHz//fednJzS09ODgoKKi4t79er17rvv6s4wOTk5LCwsNzfXxMRkwIABgwcPbvb1BIDXB2tUbcCAAQsWLGBjPD09+Xx+Xl6ekZERER0+fPjy5ctEJJfL/f3927dv7+XlRURFRUXBwcEPHjwQi8Xt27d/5513TExM2AwvXryYlZVFRHv37rWxsZk2bRoRaTSaqKio6OhomUxmZ2c3fPjwLl26vKSVbkSnTp2WL1/Ohi9evMiipx988MGbb77JRmZlZfn7+xORl5cXV8EoOzv72LFjROTt7e3s7Lx9+3Yi8vT0FAqFR48ezc3NdXZ2/uCDD2xtbbkF5eXlhYSEpKamCoXCHj16jB49Gv2cAfwl5efnP3z4kIimTp06efJkNtLT03P27NkWFhY1NTUqlWr79u0XL14kopSUFH9//4EDB7q6utKTT7ZEFBQUVFBQ0KNHj9atW+/Zs8fR0dHU1LTBMzY0E91LQx3p6ekhISFENH369PT09OPHj5eWlnbr1m3ChAm6nTVGR0efO3eupqbGzc3tdaxA9pcxcuTIiIgImUwWHx/fq1cvNvLWrVtFRUVsKpcyJycnJCQkPT1dq9W2atXKy8urbdu2bFJZWdm+ffuIaNiwYR06dGAjt27dqtFo+vTpI5VK2ZiSkpITJ07cv39fq9W6uLi88847xsbGupnh8Xg1NTVHjx5NSkoyMjJ69913O3fuzE2tqqoKDQ1NTEysra1t27atj4+PjY0Nm8SeFq2trUeNGhUQEFBQULBy5Uoiksvlp06dSktLq6iosLGxGTRoEJeZF6DOYXLs2LHvvvuuuro6MjJy/PjxbKT+O6JGDxM924Q7T7q5uR08ePDhw4dt27adOHGisbFxdHT0mTNn1Gr16NGjPTw8WPqrV6/Gx8ebmZlNmDAhODg4Li6OiDw9PYcNG0ZPuMu9du3atWvX+Hz+7NmzuSzpKSdNPDlwtFrtDz/8oNVqjY2Nd+3axRWt+fPnz5kzh33v6OXlxV4v3L17NyQkJD8/38LCwtXVdfjw4dzXAGxTdOnSxd3d/eDBg6mpqWZmZuPGjWPXmpflyy+/ZE8czLJly0JCQlJSUtieosaeINRq9YkTJ+Li4sRisaenJ3d91KX/fciTyp5SqdyxYwcReXt7i0SiX3/9VSaTeXh4jBkzRqvVHj16ND4+3sTEZPLkyU5OTtzc9BRFIiorKzt06FBaWpqVlRVO+AAAry9ETwEAmsWYMWOOHDmSkpJy8uTJMWPG1E9QXFw8ffr07OxsgUAgEokUCsWePXs2bNjQu3dvIrp582ZAQICjo2NBQcHu3bvZT86dO7dhw4ZZs2ZVVFSwf0tLS7k+YHbs2LFt2zYiMjc3LysrCw4Ort8gFQD8nUkkEiJKTU0tLS21tLRkI7/99lsuwYkTJ5KSkohILpcHBAR4enp6eXnduHHjs88+q6mpkUgkKpVKpVLt27dv//79LVq0uHbt2q+//sp++9tvv5mbm0+bNk2pVC5cuPDq1as8Hs/U1LS8vHz//v3Lli0bPXr0C1/j58DW1vbw4cNlZWWs3WM28uzZswEBASKRiIVGAgICiKikpCQkJISrnRAaGsq2EhFduXJlyZIlCoXC2Ni4trY2JCTkyJEj27dvb/C9DwC81gwNDdnAjRs3uPfjEokkMDCQja+pqWEnDSJKTU1NTU21srJydXXVc7IlotOnT9+8eXPUqFG3bt3KyMjw8PCorq6uf8Z+CSsMRAUFBWyftmrVatWqVSqViojOnTuXmJj4448/sjT79u1bv349Gw4NDY2LixMIBBqN5mXl+e9swIABFhYWMpksIiKCi56Gh4cTkamp6cCBA9mYU6dOfffdd2xvMrt27Vq0aNGECROIqLy8nO309u3bcyGugIAAjUYjFotZwDI+Pv7zzz+Xy+Vs6pkzZ3bv3r1jxw7d/lbFYvHChQtjYmK4hW7fvr1bt25ElJubO2vWrJycHJFIJBaLz549u3///m3btnXq1ImIEhISAgICnJyc7t69e+zYMT6fv3LlytTU1I8//ri8vJyIhEKhSqXav3//5MmTuc/mXjCuESZuI+i/I2r0MNG/TUJDQxMSElg4OTExkf3k1q1bPj4+//73v9m/Z86c2bx5M9vv8fHxAQEBFhYWt2/fPnv2LEsQFhaWmZk5c+bMBu9yb9y4ERAQoBs91V9OmnJy0JWUlM"
10:43:47.574 [Forwarding screenshot on session 5e9977749cf8e028abefff19f425d7c0 to remote] DEBUG org.apache.http.wire - http-outgoing-15 << "TitePHj+fKFREZGRmtWLHi4cOHvXr1YqHT3bt3b9y4kYiMjY0rKyuDgoJCQkI2b97MGodnl4z+/ftv2LCBzZBllVv3V4G7uzsLLbPi0egTxJIlSy5cuMCGjx8/PmLEiDoz1P8+RE/Z4/P5bDdJJJL9+/fLZDIiCg0NLSsrKygoOHjwIJtDWFhYUFAQq5uuvyjKZLIpU6ZkZ2ezHx45cuRJH98AAMAr7tk7bwcAAD1MTU3ZW3V/f/+qqqr6CXbu3JmdnS2RSI4fPx4ZGdm3b1+VSsU9RLGHosLCwoSEhJ07d7JvdYuKiubMmTNp0qRt27a1bNmSiPbv36/Vaono5s2b7FFh2bJl58+fDwoKMjY2Pn78OKuUAABAROz769zc3LFjxy5duvTgwYMpKSnsHMJ8//333t7eRGRtbR0UFMTeNPn5+dXU1HTr1i08PDw0NNTCwqKoqIjVtpw8efLixYvZb/39/Vls4Jdffrl69apEIjlw4EB4eLivry/7jr60tPTFr/KfJxaLWTWUiIgIbluxSmODBg0yMzPjPvM/duzYl19+GRkZydpALioq2rNnDxFVVlZ+8803CoVi9OjR4eHh586dc3FxuXfvHhc+AYC/EjMzs549exJRVFTUmDFjVq9effLkSe4VKhGJxeKgoCDW3MjgwYODgoLYK2A9J1siYqeaqKgooVC4ePHi8ePHN3jGhuZz7969mP8VHx/PJnHNzGzatGnp0qU7d+7s3r07EYWHh6enpxNReXk5a8bAxcXl+PHjISEhRUVFSqXyJa3K351QKGSfGkRGRnJXdtZsr5eXl0gkIqL09HQWEhswYMCxY8dOnTrl6emp1Wp/+umnu3fvNmUpNTU1X3zxhVwud3V1PX78eHBwcOfOnUtLS7/++mvdZDdu3ODxeNu3b//8889ZPdT9+/ezSb6+vjk5OR07djxz5kxERMS4ceMqKipWrVrFprJzQnFx8cWLFz/99NNFixYR0Z49e8rLy/v163fx4sXo6OjNmzcT0ZEjR+r0oPnCnDlzhg107NiRGrsjasphon+bsCMxPDy8TZs2O3fudHNzI6LLly+vX7/ez8/P19dXKBSq1WouGMbSy2Sy/Pz8kydPBgcHs9DXrl27ZDJZg3e5dTRaTho9OdRx584dNjBgwIA6k1q3bj148GAWZi4uLmY7d8KECRcuXGBXitjY2LCwMN1Vu3LlSr9+/SIiIrZt22ZiYqJWq3/++efGd9sLoVKp2CcLQqGQfU+g/wni6tWrLHTq4+Nz/vz53bt3x8bG6s5Q//sQ/WWPu5nfs2fPjBkzNm3axD4zDQwMvHbt2vbt21kP5TKZ7PTp0yyl/qK4d+9edt3/+uuvL1y4sGzZMrayAADw2kH0FACgWWg0milTplhbWxcVFTX4rPXRRx/t2bNnx44ddnZ2QqGwb9++RJSenq77iFhbW/v555+7ubnNmzeP3dPb29vPnDlTKpW+9957RFReXs4eJ9hnm5aWlqyea5s2bTw9PYmI+4oWAGDmzJmsIlRVVVVYWNjatWsnT57s5eW1detWVmOyZcuWpqam9PuLDNb81Pfffx8YGOjr6ysWi1nLYETEXglZWlpyvVg5OTmxYAA7HQ0YMIB9Mu/t7e3g4KBQKFjE8XU0btw4IiosLLx16ruKpgAAIABJREFU6xYRyWQyNsC+hWff+BPRwIEDR40aZWJiMn78eNbOGGsq+fLly2VlZUT04YcfCgQCExOT999/n3B+Bvjr8vPz69evHxEVFBQcOXJk+fLlY8eOff/990+dOkVEPB6vTZs2LEJjYmLSpk0bduLVc7LlVFZWbtq0acKECW+99VaDZ2xoPlu2bPn0f/3nP/+pk2bs2LE+Pj5ubm6fffYZG8Oacb5x40ZNTQ0RzZo1y8HBwdbWFtHul4t1eZ6fn5+cnExE9+7dY/XzuGZ7g4ODVSqVQCD45ptvHB0d7ezsvvjiC6FQqNVqT5482ZRFXLlyhTUFPHv2bAcHBycnp4ULF06YMKF///6sMDAajWb16tXu7u6TJk1iNTXT0tKIqKioiFVIHTdunJmZGZ/Pnz59OhElJyfrfo1RXV29ZMmSadOmsVsL1kBRaWlpXl4eEfXp0ycqKioqKkq3K4FmtW3btrm/Gz9+/NatW4moV69e/fv3p8buiBo9TJq4Tfh8/tKlS93c3NhUIhoyZMjbb7/t7e3NPXGz8dwt3JIlS+zt7Z2cnFiNUqVSGR8f3+Bdbh1NLydPOjnUwbYPEenfZcbGxvv27du5cydrhsrd3Z01e8BdMtiqWVhYLFq0yNTUVCqVjh07lohSUlJY1eSXYvHixaxszJ49e9SoUVeuXCGiadOmsWuZ/icIFgQVCoXz5s0zNzfv1q3bRx99pDtz/e9Dmng33r1794kTJ/bt25fNpLy8/NNPP3V3d//kk09Y3DojI4OaUBRZbl1cXHx8fIyNjb29vblK7QAA8HpBy70AAM3F0NBw7ty5y5cv37t3L3v5rsve3v7+/fsXL17My8urra3Nz89n45VKJXuhxrCeb4yMjMzNzUtKSrieP1jdUyKqrKxs0aIFewiUy+UsqkpEJSUlRKT7JAkAf3OsxtLMmTMvXbqUmJh48+bNtLS0kpKSnTt33rt3b926dQ3+ytHR8dSpUzdv3iwqKlKpVA8ePCCiJ9WY0Wg07LVCbGzsX+Z01KZNm549e8bHx4eHh/fo0ePy5ctardba2pq9g+O4uLhwwx06dEhJSWFVPbiXdEuWLGFVAaqrq4koLy9PpVI12OsVALzWrKysNm7cmJmZeeXKlcTExPj4+MLCwrS0tG+//VYmk02aNKnBXzXlZNuuXTtESV+Wjh07sgYbOebm5nXSvPHGG2zA2dmZDbAWKXNzc9m/3J18x44d+Xw+Wu59WVxcXNq1a/fgwYOIiAhXV1dWLczZ2ZnVCySilJQUIrKzs7OysmJjLC0tbW1tc3Jy7t+/35RFsCAoEXGdpkul0vpdkLZv397MzIwNOzs7X79+nZUZdjdFRIGBgYcOHdL9SXZ2tqOjI/dvnz59uOHhw4dfvHgxJSXln//8p5WVVc+ePQcNGjR06NAXdrPBthtHIpFMnjx56tSpLJin/46o0cOkidukXbt2YrGYiBwcHNgY7g6NPUFXVlbq/lYoFLIqp0TENZbLPZs3ZX2bUk6edHKog3sPwLbMk0gkEgsLiwsXLhw8eFAmk6nVavYdpG4DwkTUsWNHbtdzq1ZQUMAVuResTm3Rli1bfvzxx+xjxEafINgHAQ4ODlzmdbtEpd9L15PehzTxbrz+yxZWeAQCga2trVwub+LhyQqzbg67dOnCNTsMAACvEbyvAQBoRiNHjmRtY27YsKF169a6k/z8/A4fPszn8z08PJycnFQqFdclCYfP53NPUKzuKeu2kIjqPAOz5yWRSMR9psoGXtiHxgDwurCwsBg1ahSrdZGRkbFixYrExMSoqKjMzEzuhQ5HoVDMnDkzJSXF2Ni4d+/e5ubmeXl5rDegBqnVatYInpGRUZ3TUZ2Xzq+XcePGsejpggULLl26REQjRozgmvliuPMzEbHXdqwKBdcTqo2NDfcTdkWQy+Wv9WYBAD2cnZ2dnZ0nTJig1WpjY2O//fbboqKiX375pcHoaRNPtvXDdfDCzJkzp9GO64yNjdlAnRt1LlrDNePJ5/MRPX25Ro4cuXHjxoiIiM8++4w126vbjSK7gnM7lGH/cpf1OrRarW5vCAqFgg3ofhdbn5GRETesW2y4LycsLCy4vurZDRVXitgwq7fHDBs2TCQS7dmzJzk5ubi4OCwsLCws7Ndff/X399ddUPOZOXMm67T1woULwcHBCoWib9++3A2S/juiRg+TJm4TAwMDNsAtgstAnTs3RiQScZVQ2f0b/V4AGtX0cvKkk0MdTk5ObCA9PV2331MiUqvV1dXVrAZkenr6tGnTKioq7O3t3dzcJBJJcnKyWq2uMzduU+iuGlcyXzw/Pz+WpV27diUlJdXU1HA1Mht9gmDFQ3dHP9X7kCbejXNbjJt5g4Wn0aLIQrO6P8HnkgAArymcvgEAmhGPx1u0aNG//vWvs2fPDhs2jBufn5"
10:43:47.574 [Forwarding screenshot on session 5e9977749cf8e028abefff19f425d7c0 to remote] DEBUG org.apache.http.wire - http-outgoing-15 << "9/+PBhIpoyZcqnn35KRNu3b7958+YzL4h97mppablp06Y/nWsA+AvKy8uLjY198ODB5MmTuYbIWrduPWvWLHYWys3NrR89DQ8PZ5/V//DDD6yq5axZs3Jycp60FJFIZGJiIpfLe/fuvWzZsuZamRfurbfeWrNmTU5OTnJy8tWrV4mIteilq7CwkBtmtU5ZFTGuOsK3335rb2//gnIMAC9JSkrKzZs3CwsL586dy8bweLw+ffqMGTMmICCA1Sut/xa1iSdb7hU/vF64y25xcXGLFi3YQJ1aYvCCjRgxYtOmTZmZmdevX09NTSWdZnuJyM7O7tatW4WFhVqtlh13Wq2WXejt7OxIJy7Cxfzy8/N1o6fcTi8qKmKxGZlMlpaWZmRk1LZtW90vrhrEygkRffDBB7oZa9SQIUOGDBkil8uTkpIiIyODgoKSkpJCQkLGjx/f9Jk8s27durGPDDw8PKKjo/Py8nx9fffv389Cd/rviBo9TJ55m+hXXV0tl8tZVJK7l2viJ8iNlpOnJZVKhUKhSqU6ePDg22+/rTvpxIkTa9asGTJkyJIlS3755ZeKigoDA4ODBw+amJioVKoGG5RmbUczT7tqzaF///4sim9nZzd58uSSkpL169cvX76cmvAEwYpHcXExN4bVRuXofx/yfO/GGy2KVlZWBQUFutu/Tm4BAOB1gX5PAQCaV8+ePd966y0iCgsL40ayPmno9/v46urq0NBQNubZ3qSwZqCys7PZwz8RHTx4cMuWLazLDQAAmUy2cuXKvXv3+vn5cT0eKZVKrr8f9rU7e/VTVVXF3gDWOVk9ePCAfefBnam4V/nc28NevXoRUXR0NPu2XaVS/fzzzzt27OCasHsdicVi9nJk/fr1crnc1dW1TZs2ddKcOXOGrXJZWVlcXBz93kga10wf12DXlStXNmzYEBQU9MLyDwAvzPXr19esWRMYGLhr1y7uVCmTyVi1dXt7exY6ZSdPruXGRk+2DapzxoZXFtd267lz59gA6wQXXiIbGxvW5u2GDRuISCqVcm11EhHrp1Mmk0VERLAx4eHhrDo4qy3HhfouXLjADsD9+/frzp/dDpHOM+CBAwdmzZo1ffr0ptQ5bteuHYu5cjcPWVlZ69atCwwMbLDFVyJSq9W7d+9esWJFZmamiYlJ3759ly5d2q5dOyJ68V1dSiSSxYsXE1F6evrOnTvZSP13RI0eJs+wTZro+PHjbOD8+fNsgN3C1b/LraPRcvK0LC0tfXx8iCghIcHPz4911alWq0NCQtasWVNTU5OVlWVmZsYuGYaGhiwYefLkSXaxqHPJSElJYd/laDQa1jy1ubk5V3Rfok6dOrFuR0+ePMk6EKXGniBY8aioqGDptVot6+iUo/99yPO9G2+0KLLj7tq1a+zQk8vlaLYXAOA1hbqnAADNbt68eVFRUbo9V7Vq1Yp9XLlz5860tLRr1645ODhkZmYSkb+/P3uWeCpjxozZt29fXl7e3Llzvby8SkpKTp8+LRAI/P39n+eaAMBrq0uXLsOGDTt79mxkZOSVK1datWolEomysrLYQ/7IkSNZf1Hsg/Ty8vLFixd3796de9fwzTffuLi4REZGSqXSmJiY9PT0wMDA8ePHc1/Wr1ixwtXVdfHixTNmzLh06VJBQcGMGTP69et38+bN+Ph4a2vrF1PpofmMGzfuwIEDCQkJRMTaPa6Dz+dPnTq1V69ely9fZu99WMdLnTp1Gjx4cGRk5Pr16+/fv29oaHjs2LGqqqo5c+a84FUAgBdg7Nixhw8fzszM3LJly969ex0dHVUqVXp6Onup/fHHH7Nktra2aWlply5d8vX17devX9euXdn4J51sG1xWnTP21KlTX8gq/k19/vnn9Ud26dJl7969jf7W1dW1c+fOd+/e/e9//8uqFMfFxbEaZmi89yUaNWpUdHR0cnIy/W/FUyIaMWJEUFDQ7du3v/766+HDh6vV6jNnzhDRG2+8MXToUCISi8V9+/aNjo6+fPnypEmThEKhRqOxsrLi6sZ16NDB29s7NDR0165d2dnZPB6PzeGjjz5qSiO6QqFw5syZa9euZb0GdOjQ4dy5c9nZ2X379n3SkS4QCOLj4y9duhQfHz9s2DAjI6PU1NQHDx7w+fwBAwb8uU31LAYPHjxgwIBLly7t2bNn2LBhHTp00H9H1Ohh8gzbpCnEYvHu3bvv379fW1vL9pGbm1vHjh1Jp/4od5db57eNlpNnMH/+/NTU1ISEhKCgoKNHj1pZWZWWlrI3Cfb29t9//z0Rde3alYVpFyxYYGhoGBUV5e7ufuPGjaioqE6dOnHto9jY2Hz22WfDhg27d+9eYmIiEf3zn//Ubfz2JZo9e/a5c+eKiopWr17966+/SiQS/U8QI0eO3Llzp0KhWLp0qZeX18OHD1mHpkTEmizW/z7k+d6NN1oUx48fHx0dXVlZOW3atL59+169epV9OIUTPgDAa+eVuGoCAPy1OTo6Tpw4UXeMgYHB8uXLzczMZDLZ0aNHO3Xq9OOPP7LX8UFBQffu3XvaRRgbG2/fvr1fv37FxcX79u07ffq0s7Pz2rVrucgHAMB33303f/58Z2fn2tratLS0lJQUuVzu5OQ0b968b775hqUZM2YMq1V54cKF6Ojo7t27z5w5UyAQpKamnj179v333//xxx/bt2+vUqm2bt1aWVnZrVs3T09PIkpJSTlx4oRWq3Vxcdm4cWP79u3v3r0bGBgYHx8vlUq3bt3KdQv0mmrbtq2bmxsRicViLy+v+gnGjRvXsWPHX3/99dGjR8bGxkuXLu3duzeb5OvrO378eIFAEBwcfODAAZFINHfu3OnTp7/QFQCAF8LExCQgIOC9996zsLCoqKhISUlJTU3VaDSurq5r167lXmpPmzbN1NRUpVIFBwc/fPiw0ZNtg8uqc8Z+cSsJT4nH4/3www8dO3bUarWhoaGJiYl+fn6s6lITu1eE5jB48GDWG6VEImFtBXGEQqG/v/+4ceP4fP6xY8dOnjwpEonGjx+/ceNGruXtL7/8skuXLkR07949tVrt5+dnZmZGOv1Kfvvtt5MmTZJIJKdPnw4JCTE2Nl6wYMGsWbOamL0JEyb8+9//btGixaVLlwIDAwsKCkaNGvXDDz/o+Ymvr++oUaOKiooCAgI2bdoUGhraoUOH9evXd+rU6Sm3zfOxZMkSAwMDlUq1cuVKFuLSc0fUlMPkGbZJo3g8nq+vb3R0NAt8SqVSPz8/Nqn+XW6d3zalnDwtQ0NDf3//efPmOTk5qdXqgoICpVJpZGTk4+MTGBjIakhPmDCBRcSvXLmSkJCwatWqhQsXmpqa5uTk7Nmzh5tVx44dp06deuzYsfj4eIFA8M4778ycOfPZcvXcGRsbL1q0iIiys7O3bNlCRPqfIGxsbFh5qKioCAoK0mg0K1asYLPiep/V/z7k+d6N6y+KgwcPnj17tkgkysjICAoKcnd3nzJlim5uAQDgdcFDIz8AAC+LWq3Oy8szNTVlT9pEVFFRwePxWLcrz0YulxcVFZmYmLwKbfIAwKtJLpcXFxfzeDxLS0tTU9M6UzUaTUFBAZ/Pt7GxYU2WKRSKoqIia2tr1k2XVquVyWTGxsasFysiKikpUSgUtra2uq+KSkpKysvLrays6i/idaTRaN5777309HRvb29fX1/dSaypsU8++WTGjBnl5eUymcze3p7bOBylUpmXl8fn81u2bPmKfPgPAM2quLi4oqJCKBTa2NgYGBjUmapUKvPz801MTFh4gJpwsq2v/hkbXmWs6zs7OzvsrNcFO055PJ6dnV2D8bDc3Fw+n6+nk0uVSsX2e8uWLbneUptOq9Xm5+fX1tba2dnVP408Kc+sx1DuZPKq0X9H1Ohh8gzbpEHbtm3bsWOHQCCIiYnRaDQ5OTkSiaT+Q3SDd7n110h/OXk2ZWVlMplMLBbb2trWLzzl5eUVFRXcElUqVVlZmaWlJZ/P//jjj2/cuNG7d29/f3+FQlFQUNCiRYs/85LhRdLzBKFSqXJzc01MTPR8lKn/fcjzvRvXXxSrqqqKioqsrKzYVxoAAPCycF0YhIWFWVhYaDQaPfcYfD5fJp"
10:43:47.574 [Forwarding screenshot on session 5e9977749cf8e028abefff19f425d7c0 to remote] DEBUG org.apache.http.wire - http-outgoing-15 << "NxvY+j5V4AgJdGIBCwpjI5fz7GYGJi8ro8FwHAy6L/RMHn8+3t7XXHSCQS1isqw8KuuglatGhRfz4tWrRocPxrp6KioqamZt++fenp6UT04YcfNpiMfZJoZmbGfRBTh0gkatWqVfPlEwBeNVZWVqwf0waJRCLdUys14WRbX/0zNrzKsLNeO/WP0zp0e0ttkFAo1D8H/Xg83tMWG5FI9IqXNP13RI1m/hm2iR7s/o3P5z9pNzXlbrbRcvJszM3Nzc3NnzS1zj2nUCisc8VhqyaRSJydnZ973pqPnicIoVDY6L20/sec53s3rr8oGhkZvV5bHgAA6kP0FAAAAADgibZt23bw4EE2PHny5M6dO7/c/AAAAAAAAAAAQLNC9BQAAAAA4IlcXFwGDBhgZGQ0cOBAb2/v+gk8PDyIqE5bAgAAAADwynJ0dPTw8HiG5pRffS4uLgKBgPXLCwAAAM8M/Z4CAAAAAAAAAAAAAAAAwF/Hn+n39M92kQ0AAAAAAAAAAAAAAAAA8NeA6CkAAAAAAAAAAAAAAAAAABGipwAAAAAAAAAAAAAAAAAADKKnAAAAAAAAAAAAAAAAAABEiJ4CAAAAAAAAAAAAAAAAADCIngIAAAAAAAAAAAAAAAAAECF6CgAAAAAAAAAAAAAAAADAIHoKAAAAAAAAAAAAAAAAAECE6CkAAAAAAAAAAAAAAAAAAIPoKQAAAAAAAAAAAAAAAAAAEaKnAAAAAAAAAAAAAAAAAAAMoqcAAAAAAAAAAAAAAAAAAEREwpedAQCA18yDBw9edhYAAAAAAAAAAOBvp127di87CwAAfwuoewoAAAAAAAAAAAAAAAAAQIToKQAAAAAAAAAAAAAAAAAAg5Z7AQCeDtpIAQAAAAAAAAAAAAD4q0LdUwAAAAAAAAAAAAAAAAAAIkRPAQAAAAAAAAAAAAAAAAAYRE8BAAAAAAAAAAAAAAAAAIgQPQUAAAAAAAAAAAAAAAAAYBA9BQAAAAAAAAAAAAAAAAAgQvQUAAAAAAAAAAAAAAAAAIBB9BQAAAAAAAAAAAAAAAAAgAjRUwAAAAAAAAAAAAAAAAAABtFTAAAAAAAAAAAAAAAAAAAiRE8BAAAAAAAAAAAAAAAAABhETwEAAAAAAAAAAAAAAAAAiBA9BQAAAAAAAAAAAAAAAABgED0FAAAAAAAAAAAAAAAAACBC9BQAAAAAAAAAAAAAAAAAgEH0FAAAAAAAAAAAAAAAAACACNFTAICXSKnWVis1dUZqtE1N+Zf3V1rrGpWmRvUXWRcAAABoViqVqrq6ujkSw0tRW1tbU1PTHIkBAAAAAKCZCF92BgAA/rJyZDXXM8oLK2qUaq2lkaibo0k3BxPdBLsuZh2Kyzu9oJdYyCOiIzfyAy5mVSs1a/7Z2b21mZ6UzSE5R56cLZdVKU0kQkdLSd925gbCl/yFTeDl7IOxuSfnSw1FT8xJWbUq9mFZdqlCpdFam4jfaGXa1trwRWayieYfuCPg8zZP6vqyMwJARKTVak+cOKHRaEaMGCEWixtMk5mZGRsbm5eXJxKJ7O3tBwwYYGVlxSZlZWXFxcU9aeZmZmaenp4KhSI0NLRNmzZubm4JCQnp6elvvfWWqalp/fSxsbE5OTne3t4GBgbHjh170mzd3d2dnZ2fckWfTm1tbVxcXEpKSnl5uUQiad26db9+/SwsLHTTsHXx9vaWSCREdPHixeLi4gbnNnr06IiICLlc/qTF9e7d28HBgW3MXr16OTk5EdGdO3fu3r3boUMHV1fXOumPHTvWoUOHbt266Y6UyWTR0dGZmZlVVVWmpqadOnXq3bu3gYHBs20BAHheqqqqQkNDs7KyzMzMunbt2rt37zoJbt68GRMTo1KpOnXqNHjwYKHwfx7MN23aFBUVdeTIEfZvVlZWRESETCZzcHAYOnSomZmZnsS3bt2Kjo6uqalxdHQcPHiwpaWlbuLk5OTo6OjKykpnZ+ehQ4caGxvrTs3Ly4uIiCgoKLC2tvb09GzZsmWDa5eUlJSamjpgwABra2s9G0Gj0YSHh2s0mmHDhulJxlJeunQpKSlJq9W6urq++eabfD6/iVNfjJycnPDw8JKSEltbWw8Pj/bt2+tOValUUVFRd+7cMTAwkEqlPXv2rPPzGTNmdOnS5auvvmL/6t/7uok1Gs2FCxdu374tEonatGkzZMgQkUhUZ+Y3btzIzMwcNmyYkZFR/Zzrn8pERkbKZDIfHx/9G0Eul4eHhzs5Obm7u+tPqb8gVVVVhYWFZWRkGBoa9u3bt/71Dl5fegoJSsXfnP6rDwAAwKsJ0VMAgOevslb989n08JQSIZ9nb26g1WoLKmqVam03B5PlYzu0MH781qNvOwtzQ6FQwCOiqlrN1shHXeyNp7/p1M7GkIh+Ppfxfm/7luYGdVI+d49KFKtOpd3PrzIS823NDMqqlKVVKmOxYO5bzsO66Xsp9nJpifZdzdkXk1Or0tqbi0UCfl5ZjVKtlbY2+2pUe3PDV+sC9467HZ/XXJFvgKcVExOzcuVKIjIwMBg+fHidqZWVlatXrz5z5oxQKHRycqqpqcnPz+fxeO+9996CBQsEAsGdO3dWr17NpddoNETEvctu3769p6enXC739fUdN26cm5ubTCbz9fWtrKycNGlSnWUplcovv/zSzs7Ox8dHpVL5+vrqzkrXsmXLmjV6GhkZ+cMPPxQWFlpZWVlaWhYXF5eWlhoYGCxcuPDdd9/lkoWEhBw5cmTAgAEsehoYGHjz5s0GMzxixIjt27enp6ezf+tsJSLy8/NzcHBITk729fVdtWoVi55GREQEBARYWloePny4ToBk1apVH374IRc91Wq1u3btCgwMVCgUDg4OEokkPz+/srLS2tr6xx9/7NGjx3PeQADQZElJSYsWLaqoqOjYsWNZWdmmTZv69u27bt067msVPz+/oKCgDh06GBgYBAQE9OzZc9OmTbrfPURHR/fp04cNnzx50tfX18rKysHB4eDBgzt27NixY0erVq3qJ9Zqtd99993x48ft7e2tra0PHjy4fv36lStXDh48mKXcsGHDnj17nJ2dra2tf/vtt23btm3bto07tUZGRi5dutTU1LR9+/YPHz7cuHGjn58f91tOUVHRvHnzysvLt27dqid6mp2dvXz58vj4eHt7e/3RU4VCMW/evPj4eBcXFz6fHxgY2LNnzw0bNrDTrP6pL8aRI0fWrFljaGjYunXrR48e/fTTT9OmTZszZw6bKpfL586de+fOnW7duslksq1bt3744Yfz58/nfi6TyVJSUqZMmcL+1b/3dROXlZV9+umnKSkpHTp0EAgEO3bsaNmypb+/P7teEFF1dfX69etZ4Lx379514qP6p3KuXr26ePFiItIfPY2Li1u+fHleXt6oUaP0R0/1F6TMzMxZs2aVl5d37dq1tLS0/uaC15eeQoJS8Ten/+oDAADw6tICAMBzpVRr5u67/daa2F+uZFfWqNnI6lr1oWu5Q3+6Ni0gsValqf+rRyXVnmtig+Ly2L9F8lrPNbEpufLmzm1hRa3Pphuj/i/uXHKRSv04Y/fzKz/5JdlzTWz4neLmzoAe2y888lwTW1WrbnDqjguPPNfEfn30Xq6sho1RKNUHY3PfXhs747+3uHUBgPoWLVo0ceLEjz76aObMmXUmqVSqGTNmSKVSf3//iooKNrKwsHDZsmVSqfT777+vk76wsFAqlfr5+TU4ftWqVWyew4cPHz9+fP2cnD17ViqVHj58WKvVKpVKqVS6dOnS57KOT+XChQtSqXTixIm3bt3iRt69e3fKlClSqTQkJIQbuWrVKqlUWlhYyP6dPn360KFDm7II9sPS0tI640NDQ6VSaWhoKPt38+bN//jHP/7xj3+sWLGiTkoPD48NGzZw/65fv14qlf7nP//Jzc1lY9Rq9YULF4YNG9a/f/+MjIwmrTkAPG9qtXrkyJGjRo3ijs2AgACpVHro0CH277Fjx6RS6bFjx9i/kZGRulO1Wm1RUZFUKo2IiNBqtRkZGb17916+fLlKpdJqtdnZ2UOGDNE9T+omPnr0qFQq3bFjh0aj0Wq1hYWFI0eO9PLyUqvVWq32+v"
10:43:47.574 [Forwarding screenshot on session 5e9977749cf8e028abefff19f425d7c0 to remote] DEBUG org.apache.http.wire - http-outgoing-15 << "Xr7NzOfpiXl+fl5TVr1iz2b3l5+eDBg+fMmaNQKLRarUKh+PTTTwcPHsxdCDjz588fNmyYVCq9du3akzbC5cuX33zzzUWLFk2ZMmXkyJH6t9j27dt79ep19epV9m9MTEyvXr22b9/elKkvwMOHD3v37j1//vzq6mqtVltTU/P5559LpdIHDx6wBMuWLRs4cGBKSgr7d926dbpTtVrt2bNne/XqVVZWpm3C3tdN/PXXX/fp0ycmJoZNun79eu/evbm9n5OTM3bs2H/+859ff/21VCrNzs7Wzbb+qZzy8nJvb2+2Q/VshB1MU7zkAAAgAElEQVQ7dvTp02fLli19+vT59ttv9aRstCDNmjXLy8uLOzq2bNkilUqvX7+uZ57wWtBTSFAq/ub0X30AAACaW9nvDh8+fP78+XPnzoU9wblz586fP3/48GHuJ+j3FADgOTuVWHg7Rz5joNPkfg5G4senWYmIP76X/by3Wru0NCmpVLKRsQ/LAi5lqTXa+MzyoLg8Iop9KAu4lBV2u3hb5CMiOp5QsOdKjm5KNvzL1Rwiirxb8mPowx9PPzyVWKjbW2qtShscX/Bj6MPN4Zn38qtKKpUBl7LSixruEGvbhczyatWKsR3f7mol4D+uHNnB1mjNe52dLCUpeZVcyts58o3nM1YeT/35XMa528W6SzyeUHDudrFCqQmKy1t1Ku3ncxnX0st0l1JWrToYm7vqVNr/hWVcvF+qO0mt0Z6/U7z2zMPvTqTtjMrKLFE0ZSM/KlEcjM3t4WS6YmxHe/PHNTkMhPz3Pez/NbAVj0fpxY/XV6OlC3dL1p55uPJ4qn9EZmJWBTcTpVobcCkrKVv+qESxOTzT92TagdjcWpVWpdEGxxesPvVg4/mM+wVVLLFCqQm4lHUrW55Vqth24dGqU2k7L2blldXq5iq/vPa/l7NXnkj78fTD367lVdX+0dHp8YSCEzcLuX/v5Vf5R2T+ePphcHxBjUpz/k7x0Rv5bFKj+xfgTyosLLx48eKwYcOGDx8eHx/PVY5kjh8/npCQMGPGjE8++cTE5HFj49bW1itWrBg0aNCjR48UiiYdpLoEAsE777zz8OHDhISEOpOCg4ONjIy8vb2feXX+PJVK9f3331tbW2/dulW3pbhOnTpt3rx50KBBL7j/ObFYPGvWrOPHj1+/fv1JadLS0vbu3du/f//vv//e3t6ejeTz+QMHDvz555/79etXVFT0ovILAP8jLy/P0dHxX//6F3dsTpw4kYiSkpLYvwcOHJBKpWPGjGH/Dho0KDg4eNy4cdwcYmJiBAJBr169iOi3334zMDBYvHixQCAgIgcHh/379y9fvrzBxEVFRe7u7tOmTePxeERkbW3t5eVVVFSUn59PRMHBwaampjNmzGA/tLOzmzhxYlxcXFZWFhGFh4dXVFTMmTOHVYI0MDCYPXt2RUXF+fPnddfu2LFjsbGxH3/8sf6NcPfu3QULFqxdu5a7juiKjIz09/fnGjYPDg7u379/37592b+9e/fu169fcHBwU6a+AJmZmV27dp07dy6r7SoWi8ePH09EycnJRCSTyU6fPj1p0qTOnTuz9J988klISEjbtm25OURHR3ft2pU1J9Do3tdNrFAoxo0bxzX77O7u7uLiwhWkR48e9e/f/5dffqnTjHBTpnLWrFljbGw8evRo/RshIyNj69ats2fP5jXUksq+ffv27dvHhvUXJNZY/QcffMAdHdOnTzcxMXmROxSaiZ5CglLxN6f/6gMAAPAqQ/QUAOA5O5tUZCwWvOtuX3/SqDds/u3d1s7scbTvRkb5vuhctYbkNeoiuZKIKhTqvLLasmp1blkNEZVUKvPKa3RTElFiVsXuy9k7L2YdiMk1FPHzK2rWnU3fHJ7B5qnR0uLfUjaHZ1TVqGvVmm+O3jsUl7cvOjdH1sDbf4VSc+FuaQ8n0zrdrBKRsViwe0b3TwY/bhfuyI38z/bfeVBYbWtmUK5Q/Xj6wfJj97nE524Xn7pZ8MXhe9czys0kwsSs8qVB97goaY6sZsZ/k47eyBcL+CWVyhXHUn88/ZBNUmm0Sw/f++H0Q5Vaa2cmvpZeNjMw6UqqrPGNnFykJZrS35Ff7x3Oex72O6a4trd53DrZiuOpvifTqmo1tmYG9/OrPj+Ycvh6Ppd4X3RuSGLhV0fuKVSa6lrNzqisDefTV596cCW11NhAEHWv9LN9t9muUWu1+6Jzj8fnL/7tbpG8ViISnEgo+HhPUlbp40jSndzKqQGJkSklVsYikZC3NzpnZuCtyho1mxpyqzA06XH0NOZB2ad7k2MelElE/Cuppf/+7e7Jm4WhSY9DHfr3L8Cfd/ToUa1WO3z4cG9vb6FQePjwYd2pJ06ckEgkH330Uf0f/vTTT5s3b362xhJ9fHwEAkGdF2G5ubmxsbEjRozQ0xnbCxATE1NYWDhhwoQ6LeUSkbGx8U8//dRoV3DPV01NzcSJEzt16rR69era2toG05w6dYqI/vWvf9V/R+ni4rJ27dpGO6UDgGbi4OCwbds2LjxGROxAZo3clpaW3r9//80339T9iZOTk26z3tHR0a6urizuGBsbK5VKdfuHs7e3r9PGL5d45syZ27dvZ3FWpqamhsfjsa5PExMTe/ToodvXNTtR3Lx5k001NDTs2vWPDtq7du1qYGDApjJ5eXnr1q379NNPW7durX8jTJkyRTciWMfFixcDAgIqKyuJKD8/Pz8/XyqV6iZwd3fPz8/Py8vTP1V/Hp6XgQMH/ve//+3QoQM3hn1Sw/oCj4uL02g0AwcO5KZKJBJbW1vdOcTExLCmlZuy97nERLRmzZolS5boJlYoFFwf5L169VqyZMmTOrrWP5WJjIw8c+bMihUr6velWseKFSvc3NyeNPXQoUOHDh1iw/oLUmJiIhHp7lCxWOzq6qpbzOA1paeQoFT8zem/+gAAALzKXq1u4QAAXncaLd3Lr3RvbSYWPkUnl292tGxtZXg1TTasm7VPT1siMjHg386RT/2HY2d74zqJhXyelii7VLHlw24sdvj5wZRTiYWferbm8+jivZLkHPm8t1uPdbMlouL+yo93JxFRg31uphVWqTXans51AwZ1aImO3sh3dTRZP6ELG7P7imTPlZy0wioWpBTyeYlZFXOGOL8rtSOiylr1e1sSjicUvNnRkog2ns/QknbbR90tjIREdCA2d2dU1vAeNt0dTY5cz7+RUf6dT8f+HSzY1vv84J2fzj70aOsm0tvJ6928SiGf5+rUQIUGXZklirj0sol9Wk4f8LiDqM8Ppuy+ks3yyfqRjbhbHDCtO+tfdsmhu6G3ika72S4b3Z6I3u5qNW//nfA7xe952Iv4fCKKvFuy5cNuHWyNiGism+2sPcn7Y3KXeLclohMJBQIez//DrsZiAREN6WK16NeU0KQitixd2y5k2piKt33UTSLiE9Gui1n7Y3I72j2OHunfvwB/klqtPnr0aL9+/ezs7Iho8ODBp06dmjt3LnvBqtVqb9++7ebmpvum/rmwsbEZOHBgWFjY4sWLuapIrOlCVolHN4dVVVV1fs7n85uvi7vbt2/T/762e7k0Go1QKPzqq6+mTp0aEBAwe/bs+mlu374tkUi4PlAB4FW2e/duHo/n5eVFRBkZGURkZ2e3bt26M2fOlJWVdejQ4eOPP9YNv8XExLDulrVabWZmZv/+/f+fvfuOi+J4GwD+XL+j9y6gAhawUkSiiMbYTUzsmoRETWLJK7FFTYxRY+xRYxDrz5ZYYtSoiKIiqKAeoKLSRJTepRxwXC/vH6PregcH1pj4fP/ww87M7c7uLHdyzz4zf/3118GDB0tKSuzs7EaOHPnpp59ST05QjfWVl5efOXOmX79+5P2ztLSUymIkSKZXSUkJ+dfOzo7+QAaTybSzsyO1pDNLly718vIaP378zZs3DZ9yo6tBU8aMGdO7d28LCwvSK3JBGu0Y2U9TtVSm2uukUqn++OMPe3v7bt26AQCZv4HD4cydOzc5OVmtVvv6+oaFhbVp04a0z8vLKysrIwHRZkef3ljflStX7t+/T8VTDV9kw7UAIBKJfv7559DQUG9v74SEBMONDe9t4c"
10:43:47.574 [Forwarding screenshot on session 5e9977749cf8e028abefff19f425d7c0 to remote] DEBUG org.apache.http.wire - http-outgoing-15 << "KF1M+GbyTyr/6AktmJG01sRf8WBm4SvCvecoY/fRBCCKE3GUZPEULoZRLLVRotWBo99QR3eZ1CJFFSm2YCNonVPR/yJ+QoPwcqltbe0fhOUX2dVGVhxL5VWA8A73W0IVXWxpyB3jZ/Jjf+eH6tRAUA1ibNPG/OAPh9Smf63LEdnUwAoLBaRqV48tjMD7s/+qPXmMtyteJXiRUAIFForufVDu1sR0KnAPB+V7tOzqauVnwAiLtb5W4jIKFTAGAy4IOu9j9HPcgoEXdpZWqgS7VSlbmAzW4unOhqxY8K86X33NvJ5E5RfY1EZWn0KL7t62ZODUdbO6Mb+XVDOts+2rQ1AoCqhidj5+NsSkKnAOBhZ+RmzU8vfjTv3LeDW88b3JrqkPfjS6TTJZFElV8lG+PvQEKnADCuhyN9gAyPr+HzRahZ8fHxDx8+nD9/PtkcMWJETEzMhQsXhgwZAgANDQ0qlYokSL10o0aNiouLO3PmzOjRowFAo9GcPHmyc+fO9IQeAIiNjY2NjdV5rZubm06O7EskEokAwMrKiipRqVT37t2jt2nbtm1TGTxyufzIkSM6hRYWFv3793+RXnl7e48dO3bPnj0DBw6kzwBJ9dnCwoL+TWVdXR19AjQ2m+3l5fUiHUAIvRTHjx/fu3fv9OnTPT09AaCurg4AwsPDu3XrtnTp0rq6un379s2ePXv37t2dOnUCgOzs7KqqKjJRrUQiUalUcXFx1tbWX3/9NZfLjYqK+u233wAgNDRUp7GOmpqa2bNnCwSCefPmAYBcLler1TqPoQgEAgAgOaBSqVT/IRWBQEBqAeDw4cNpaWkHDx5sNizXrHbt2lHz3JLHZXQOTTYlEgk5VlO1L9iN56BSqZYvX56enh4eHk66UV9fDwALFiwYOHDg2LFj8/Pzt23bNm3atKNHj5JHhYRCoUAg6NKlC7Rg9OmNdaSnpy9atCgoKMhAUu8zIVPWNzsJc0vQw72GbySpVAp6AyoQCLRarUwmIzck+u/Bu+Jt1uynD0IIIfQmw+9hEULoZeKymACgUD+1TOWBxJJTtDUvQ9pZ/TDc0BJELUGPv5I4nEarBYDqBqWZgE2ttwoA+tmrFA6bAQAKlaapBhSpUhOXWZVSWFctVspVGrFcDQBK2mnamnLpoUw+h0VW/ayok2u0YG/+ZKIeYy7Lx/lR5llxjZzPYa6IyqFq66QqACirk3cBQ9FTDouhUDffbQB4WK84l16VXd4gkiiVGu3DOgUAqGivtaEFj8mVtDfl0jc1tEVH3ayf+sPP3oxHRU+1AMIHoqv3ReV1cqlSQxapVWl0O0lWvbU3ezJ8xlyWi6VuVKap8UXoBR05csTa2rpXr15ks0ePHo6OjseOHSPRUzKn1ita5jMgIKBVq1bHjx8n0dOrV69WVFTMmDFDp1nXrl0//vhjncJXOrUvOWv6HLkikUhn7uIjR464u7s3+vKGhoY1a9boFHp5eb1g9BQApk2bFhsb+/PPP+/YsUMn94LL5eoM07Vr177//ntq08rK6ty5cy/YAYTQi9BqtREREbt37/7yyy8nTZpEFQKAh4cHtXZpYGDgBx98EBERsWXLFgAQCoUmJiYks5w0lsvlmzdvJt819+rVq6qqaseOHePGjePxePTGdLm5ud988w2Dwdi6dSt5IIbNZgOA5un/lqjVaqqKzWbrL2ut0WjIgyOFhYW//fbbN9984+Li8jKvURMdI5tsNptET5uqfbk9aZZYLF6wYMGtW7fWrVtHFpqFx2P04YcfTpgwAQD8/f3d3d2nTp166NChKVOmAIBQKPT19SW9bcnoU43pYmNjFy9e7Ofnt2rVqpdy4tHR0ZcuXfr9999f+mU0fCMZHu6X2xP05sC74m3W7KcPQggh9CbDzyqEEHqZ+BymlTEnr1JKL5zQw2lIp0fpjN8du9fY654Zq4m0ywa5Wicjk8tuMkXAyYIPADkPpU01IGRKzf/tzygRyYd1se3uai7gMgurZXuuFLekPySQzGmyVmPCZ5nwnizQZcJjfdDVztaE22h7es8zSxsqxUobg4mzeZXS/zuQYcJjD+ls62DO47IYl+/VXMyqprdh6s0HxWw6pVXnYnLZTCqIuy46NzqtMqSdVbCXlTGPxWYxlpy4r7+HBoUaAHTHiKU7Rk1dT4ReRFFRkVAoZLFY9MCeTCYrLS3Nzc1t3bo1l8u1tbXNzs42sJPnxmAwRo4cuXHjxszMzA4dOhw/ftzc3Fw/xGhraxsSEvIqOtCUVq1aAcCDBw+oFE8LC4t9+/aRny9duvS///3PwMtfXZzS2Nj422+/nTt37t9///3RRx/RA6itWrXKyMioqakhyxkCQM+ePak+b9269e7du6+iSwihFlIoFN99992VK1eWLl06dOhQqtzU1BSenirczMysU6dOqampZFMoFPr5+ZG1S42MjFgslre3Nz376p133rl582ZBQYGnpye9MUUoFM6fP9/Ly2vt2rVkdlwAYLFYxsbGJPeRUltbCwCkjZmZGZlEl04kEjk4OGg0miVLlvj4+AwZMoRkfJKnN+RyuVQqfcHMMLLgdKMdMzc3J+97TdW+yHGfVUlJycyZMyUSyc6dO9u3b0+V6w+on58fn88nb8JKpfLGjRvTp09vqjF99HUaU3bv3r158+Zx48bNmjVLZ6yfT2Vl5Zo1az777DNnZ2cyoEqlEgAkEgmLxTK8VGqzDNxIQBtu+kLjtbW1AoGg2bVX0b8X3hVvs2Y/fRBCCKE3GUZPEULoJQtobR6dVnmvXOL1eCVLezOuvdmjcGCzk82+IGMeq0GuppdUihVNNXa24DmYc+Ozq6f1daWnqxInblXw2cwBPjbx2TW5ldKFQ9r072hNqi7dq2lhf0h0UyRVNVprZcyxNuHO7O/Wwr1R/NzNLmRWRac9/DjQSaeqTqralVA8NsDB0Zx35EaZTKnZ+VkH6vrfLqx/1mPRiZ++tvUylbmADQAV9YrotMohnWznDHyUnVbbxCmTVVFJDJVSKVbYmDYTMEboxZHJb2fNmkVf1lQul69evfro0aNz584FgMDAwMjIyFu3bnXt2lXn5Tdv3kxOTv7444+fe1XU4cOHR0REnDx50tHRMSEhgeROPe/ZvDSBgYEMBuPUqVNUKJfNZnfs2JH8rDOF72sWEhISEhKyadOmPn360L80DwoKOnv2bFRUFJWna2ZmRvWZ/v0jQuj1U6lUCxYsSElJ2bJli857Kcli1/kemcFgkCRLuVyekpIya9YsUs5kMl1dXfUbk391GhM3b96cM2dO3759f/zxR53AQ9u2bXNycuglZJNMn962bdv4+HixWEwtTV1bW1tZWenh4VFdXX379m0AoC/OCgBhYWFMJjMpKenZrs7T3N3dmUxmbm4uvfDBgwdMJpM80WK49vWorKycPn26QCDYu3evra0tvYp0g8zfS0cG9Pbt21KplJrY1vDo6zQm9u3bt3nz5rlz544bN+5lnc6NGzfq6up27ty5c+dOenlwcLC/vz/Jgn1uBm4kUgsAubm59CTmBw8e6Mzhj/5j8K54yxn+9EEIIYTeZC+6ZglCCCEdY/wdOSzGmjM5dXrxs6IamU5o07DnmKrV3UYgV2no6aSxmdUG2o8LcKyXqdedzdU8fbDreXURsQVXH4gYAGTR1rZ2T2bOjMmobGF/LI05lkac5NxaquReuWTMlluxd6sBwMfZ9F5ZQw1tUdhikfx6Xp1K08yph7SztjfjHhCWZpY+tVyKQqVdEZUTdadCLFMDgEiiMuGxqdCpTKlJyK6B57qwRHqxmHqtUq29V9bgYsmHxyvIPn2JqgBAf7ZdZ0seh8XIKBFTJbcK62skjYdaEXqJFApFZGRk165dx40bN5xm1KhRPXr0iIqKIrlEEydOZLPZy5cvr65+6q2jtLT0xx9/PHnyJEMvXbvlSLJpbGzs+fPnVSrVy1q87QU5OTkNHjw4ISHh2LFjOlVarfYfT+KcN2+eRqNZu3YtffriAQMGuLi4bN++PTMzU6d9Q0NDQUHB6+0jQugp4eHhQqFw06ZN+o+hWFlZdezYMSYmhprGUCqVpqenk3TGlJQUhUJBX8e0V6"
10:43:47.574 [Forwarding screenshot on session 5e9977749cf8e028abefff19f425d7c0 to remote] DEBUG org.apache.http.wire - http-outgoing-15 << "9eqamp9LSt5ORkPp/v5uam37i8vHzOnDlBQUHLli3Tz9nq3bt3VlZWfn4+VRIdHW1iYtK9e3dSq9VqY2JiqFqSVR8SEkLS8ekWLlwIAAsXLty7d+8LXSkAPp8fEBAQGxurUj36v5BCoYiNjQ0MDOTz+YZrX/DQLaRWq+fOnctgMLZs2aITOgWAgIAADocTHR1NlaSlpclkMjKgQqHQ1ta2TZs2pMrw6Os0BoD4+PhNmzbNmTPnJYZO4fFcBXQjRowAgH379i1YsOAFd27gRgKAbt26GRsbnz17lqq9f/9+dnb2a55zAr1meFe85Qx/+iCEEEJvMsw9RQihl8zNmj9nYOs1Z3Im70n7yNfe28mEzWRU1CuSc2svZFYZ81gfdrdvdicmfDYAXM+rNeWz7Z4lK/G9jtYHhCVronP+7103Yy7r6I1yqdJQvHZYF7u0YnFMRlVJjez9bnauVoI6qSoxV3QmtbK1jWDWe+4A4GlnDAAnUiq+CHYRy9V/CEtYDAYA6ExQ3CgGwBh/h22XCiPiCkb6OtQ0KH+NyVOoNV1bmQLAGH+Hi1nVPx6/P29Qa1tT7v0KyfpzuQqVdvekToZ3y2UzFg/3mH8ka9ahzOFd7Pxbm/M5zPwq6bEb5YXVsrD33D3tjQDAw87o2gPR+Yyq3p6WRTWyTTH5HZxMErJr8iqlz3RVKWK5KvxC/oRAJz6Huf1SoVSpGehjAwDOlnw+hxmTURnkYcHnMM+nV129X2NlzCmslmm0QM835rGZIe2sYjKqDieXBXlY5FVK/xdfRF/lFKFX5MKFCyKRiHxDqmPEiBFCoTAmJmbo0KEeHh7z5s1btWrV+PHjJ0yY4O3trVarU1NTDx48CAC//vrrCy5BOmrUqNOnT2/fvt3f39/V1VW/QUlJSWRkpH65ra0tPUjwcn377bf5+fkrVqwQCoUDBw50cHAQi8VZWVmnT5++f//+sGHDXvpSfy1nb28/ffr0devWkeQkgsPhrFmzZsaMGZMnTx45cmRQUJCZmVlNTc2tW7dOnDhRX18/Z86cf6rDCL3l8vLyDhw44OfnV1JSUlJSQpUbGxuTNaenTp06c+bMhQsXTps2raGhYdu2bSKRaOLEiQAgFAodHR3JdOLExIkTT5w4ERYWtmjRIlNT08jIyGvXrn322WccDke/cXh4uFgsDggIOH/+PL1LnTt3dnR0HDVq1MGDB+fPnz9v3jxbW9szZ87ExMSEhYWRtZ87d+4cGBi4ceNGPp/v4+OTmpoaHh7eq1cvHx8fAKBS2wky3aubm1uHDh0avQiXL1+WSqUAUFVVJZPJSFxEIBCQ7NUdO3bExsZu3rzZysoKAKZMmfLFF198//33kydPBoDt27eTqWXJrgzXvgaRkZFpaWnjxo1LTEykl7u4uHh7e5uZmU2cOHHPnj0ODg6DBw/Oz89fu3atqanp+++/DwBCoVAnl9Tw6NMbq1SqtWvX2tjYWFlZ0QNLANCnTx8+n5+WllZcXAwAZL79y5cvk7ncg4ODBQKBgVr6XAVEfHw86I0yRSqVXr58mfys1WqLi4tJf5ydncntQRKgN2zYAM3dSDwe7/PPPw8PD3d3dx8wYEBFRcXq1attbGxGjhz5bKOC3jCGbxK8K95yhj99EEIIoTcZRk8RQujle6+jdSsr/t4rxXuvFCvVj9IPW1nxx/dwHOXrYMxrfsmi7m5mrlb83QnFuxOKD3zZpeWHdrHkfze0bURcwcwDmQIOc1gXu9Ag50V/Z+uv7kkwABYMadPFxfTIjfJfzuaRQgsj9sRAxzH+jgIOEwC6upqO9LU/dqM88nYFh8UY2tn2+2Ftvzt271BSaUaJeMO49o3umTLG30Gu0hxOLj16oxwA2tgKVo5sZ2XMAQAPO6OVI71+u5D/2a5Hy335u5uHvefGYTWf3Nbe0Xjrp967E4rPpD48drOcnEt3N7NZA9w7u5iSNqP9HFKL6ledzlkFYCZgf9HbpUdbi7ul4oVH730a5BQa5NySS0r3XkcbsVw1bustjRY4LMa4AMcB3jYAYMRlzh7gvuFc3vhttwHA181s0fC2p24/3HOleOD65LOz/ek7+fpdtwaFesflwm2XCj3tjL4d3Cb8Qv5zp8Mi1EJHjhwxMTHRX2cUAPr06WNhYXHs2DGyON/IkSNbt269ffv2iIgItVoNAFwud9CgQZMnT3Z2fubfGh2dO3f29PTMzs5u6kux9PT09PR0/XJ/f/9XFz01MTHZtm3b/v37T5w4ERsbSwr5fH6PHj3mzp3r5+f3io7bQmPGjDl9+nRGRga90MvL68CBA9u2bYuKiiKxbQCwsrLq06dPaGgoPaCCEHqdsrKyNBpNUlKSzpS2Li4uJHoaFBS0fPnyjRs3jho1CgBsbGx++umnoKAgaCzYZmNjExER8dNPP02aNAkA+Hx+aGjotGnTGm2ckZGh1WpXr16t06Vly5Y5OjqamppGREQsWbLkq6++AgCBQPDll19+8sknVLOVK1cuW7bshx9+0Gq1TCazX79+ixYter6LsGbNmrKyMmrz+++/BwAHBwcSPS0rK8vOziZrbQJA165dV65cuW7dugkTJgCAnZ3dmjVrSFil2drXgLz3Hjp06NChQ/TyDz74wNvbGwCmTZum1Wr37NmzdetWAGjfvv2KFStsbGxEIlFWVhY1vzrR1OjrNxaJRCT6Tq4eXVRUFJ/PP3LkyKlTp6jCdevWkR9OnjwpEAgM1z7TFaipqaH3ISUlJSUlBQCGDRtGBkJnamXDN1JoaKhUKqUul7e39+rVq6kJXdG/VLM3Cd4Vb7NmP30QQgihNxZDqz+rIEIIoZdEqdZWNyjVGq2FEUd/YVHDNFqoFCuMuayWRFv1SRQacsQzqZXrzuZu+9Tbw66ZjDGxXC2SKLlspq0pVz96KVNqqhuU1iYcHptJtedzmC1cyVWp1j6sV3BYDNvGkj6rG5QNcrWlMcfk2U9WrdFWNSgVKo21CZeEe3XUSlVShcbWlMNiMgBAC1AvU5ny2c80/ahCpR288foYf4ev+rRqUKhrGpT6h1NptEqOWwwAACAASURBVA/rFaZ8NnUWMqUGAPiN9Uqp1mq1wGUzAGDcttue9kY/jfB8lh4h9MrJZLLKykoAcHBwYLPflkfuRCJRbW2tsbGxpaUlfanRN5ZGo6mqqpJIJObm5ubm5i8ytTJC6LXRaDQkvujo6Ej92ubk5FhZWVlYWOi3r6yslEgkDg4OVLKOgcaGVVZWSqVSBwcH/dl9AUAsFldVVdnY2Dz3EtfPR6vVlpaWMhgMBwcH/fcxw7VvArlcXlFRYWRkZG1tTUpkMllRUVGrVq30V/jWH30Djf+lDN9ICoWirKzMxMSE5B+jtwTeFW85w58+CCGE0CtSV1dHfoiJibGwsNBoNE39QUEe8xKJRFTiAUZPEULoP6VEJN9wPq9/B2syoywAfHfsXmpR/V/TujUaw0MtRKKno/0cpoa8aEbXH9dK7hTVL//Qi4RO75Y1zPgj4/N3nD/u6fQyeooQQgghhBBCCCGEEEJvuxeJnr4taQQIIfSWcDDnqdTa9efy7hTV25pyU4vqbxXWf93PFUOnbw4vB+O9V4tn7E8PamvZoFCfS6u0N+OO9HP4p/uFEEIIIYQQQgghhBBCCKOnCCH038JkwKpRXtFplWlF9VllDY4WvLEBjgGtzf/pfv3rMZnQzdXMxZL/4rsKaG2+5RPvM6kPHzyUMBkwJsBheBe7RuccRgghhBBCCCGEEEIIIfSa4cy9CCGEEEIIIYQQQgghhBBCCKH/jheZuRczXRBCCCGEEEIIIYQQQgghhBBCCACjpwghhBBCCCGEEEIIIYQQQgghRGD0FCGEEEIIIYQQQgghhBBCCCGEADB6ihBCCCGEEEIIIYQQQgghhBBCBEZPEUIIIYQQQgghhBBCCCGEEEIIAKOnCCGEEEIIIYQQQgghhBBCCCFEYPQUIYQQQgghhBBCCCGEEEIIIYQAMHqKEEIIIYQQQgghhBBCCCGEEEIERk8RQgghhBBCCCGEEEIIIYQQQggAo6cIIYQQQgghhBBCCCGEEEIIIURg9BQhhBBCCCGEEEIIIY"
10:43:47.574 [Forwarding screenshot on session 5e9977749cf8e028abefff19f425d7c0 to remote] DEBUG org.apache.http.wire - http-outgoing-15 << "QQQgghhAAweooQQgghhBBCCCGEEEIIIYQQQgT7n+4AQgj9y+Tk5PzTXUAIIYQQQgghhBBCb502bdr8011ACKG3AkZPEULo2eD/UxFCCCGEEEIIIYQQQgih/yqcuRchhBBCCCGEEEIIIYQQQgghhAAweooQQgghhBBCCCGEEEIIIYQQQgRGTxFCCCGEEEIIIYQQQgghhBBCCACjpwghhBBCCCGEEEIIIYQQQgghRGD0FCGEEEIIIYQQQgghhBBCCCGEADB6ihBCCCGEEEIIIYQQQgghhBBCBEZPEUIIIYQQQgghhBBCCCGEEEIIAKOnCCGEEEIIIYQQQgghhBBCCCFEYPQUIYQQQgghhBBCCCGEEEIIIYQAMHqKEEIIIYQQQgghhBBCCCGEEEIERk8RQgghhBBCCCGEEEIIIYQQQggAo6cIIYQQQgghhBBCCCGEEEIIIURg9BQhhBBCCCGEEEIIIYQQQgghhAAweooQQgghhBBCCCGEEEIIIYQQQgRGTxFCCCGEEEIIIYQQQgghhBBCCACjpwghhF4RuUojV2n+6V68fFKlRqnW/tO9eAk0WpAqNZr/wqkghBBC/ykqlUoqlb6KxugfoVAo5HL5q2iMEEIIIYQQekXY/3QHEELov+ZeueR+ecOTbQaY8NjtHIztzbj/XKdaJL1EnF4sFkmUJny2syU/sI05j/38D9nM/vOuWqPd+on3c++hVqpKyq0trpGpNFobE26XVqatbQTPvbeXQqHSDvv1xmg/h6khrQw0K6qR3cyvq6hXcFgMO1NeYFtzSyPOa+tkCyXmiBb9nb1ypFdAa/N/ui/oddNqtZGRkRqNZsiQIVxu429NBQUFSUlJZWVlHA7HwcGhV69e1tbWpKqoqOj69etN7dzMzKxfv34ymSw6Otrd3b1r1663bt3Ky8t79913TU1N9dsnJSWVlJQMGjSIx+OdOHGiqd12797d1dX1GU+0RbRarc5xORyOo6Njp06dOJwnv7nx8fFVVVX0Zlwu19nZ2cfHh8Vi6e8zNTX19u3bNTU1PB7Pzc2tZ8+e5uZP/a5lZmZmZWVZW1v37t1bv1fXrl0rLy9v165dhw4d6OX5+fnJycllZWUMBsPBwaFHjx4uLi7PcdZyuTw5Ofnu3bsSicTKysrLy8vf35/BYOg0k8lk169fz8rKEovFpqamHTp08PX11bln6FeGzWabmpp6eno6OTnp7Er/AlJcXV27d+/+HGeB0BtLIpFER0cXFRWZmZl17NgxICBAp8Ht27cTExNVKpWXl1dISAib/dQf5uHh4ZcvXz527BjZLCoqiouLE4lETk5O7733npmZmYHGqampQqFQLpc7OzuHhIRYWlrSG6enpwuFwoaGBldX1/fee8/Y2JheW1ZWFhcXV1FRYWNj069fP0dHx0bPLi0t7f79+7169bKxsTFwETQaTWxsrEajGTBggIFmpGVCQkJaWppWq/Xx8enduzeTyWxh7etRUlISGxtbXV1tZ2fn7+/ftm1beq1Kpbp8+XJmZiaPx/P19e3WrZvOyydPnty+ffvvv/+ebBoefXpjjUZz6dKljIwMDofj7u7et29f+gcTcfPmzYKCggEDBhgZGen33HAtcfHiRZFINGLECMMXQSwWx8bGuri4NPuObfhGkkgkMTEx+fn5AoEgMDDQx8fH8N7Qv4iBmwTvirec4U8fhBBC6M2E0VOEEHrJErKr9wtLeWwm+RZardGSVMU+XpbfDm7D57yJSf+F1bKfox5kl0uMuEw7M16tRFkjURlzWV+/6zrA29D3Yq+IFmD/tZL9iSUKldbBnMthMctq5Uq11tfN7Pthbc0Fb+6Hl0Sh2XAuN/ZuNZvJcLTgKVSah/UKAPiwu/3UEFembmDin+RmLZjS26WVFf+f7gj6ByQmJi5btgwAeDze4MGDdWobGhpWrFhx9uxZNpvt4uIil8vLy8sZDMaYMWO++eYbFouVmZm5YsUKqr1GowEA6rvstm3b9uvXTywWL1++/KOPPuratatIJFq+fHlDQ8PEiRN1jqVUKr/77jt7e/sRI0aoVKrly5fTd0W3ePHiVxQ9VavVy5cvZ7FY1FfSMpkMAKysrBYtWhQcHEwK9+zZc/v2bT7/ya8Maebg4LBs2TL6t4T3799fvHjxvXv3jI2NHRwcpFJpSUkJn8//7LPPJk+eTEUo4+Lidu3axePxzp49a2JiQu+STCZbuHChWCyeNGkSFT2tr69fvnz5hQsXyLgAQFFRkUqlGjhw4MKFC3X2YNilS5dWrlxZWVlpZWVlaWlZXl4uFotdXFxWrVrVvn17qllMTMzatWurqqqsra0tLS2rq6tJ5GD+/Pl9+vShmtGvjFqtViqVANCuXbvp06e/8847Os0aHdxhw4Zh9BT9l6Slpc2ZM6e+vt7T07O2tjY8PDwwMHD9+vXUkwerVq06cuSIh4cHj8fbtWtXt27dwsPDeTwetQehUNijRw/y86lTp5YvX25tbe3k5HTo0KEdO3bs2LGjVatW+o21Wu1PP/108uRJBwcHGxubQ4cObdiwYdmyZSEhIaTlpk2b9u3b5+rqamNjc/jw4W3btm3bto16a7148eKCBQtMTU3btm2bm5v722+/rVq1inotpbKycubMmXV1dVu3bjUQPS0uLl6yZElKSoqDg4Ph6KlMJps5c2ZKSkqHDh2YTOaePXu6deu2adMm8q5iuPb1OHbs2Nq1awUCgZubW2Fh4S+//PL5559Pnz6d1IrF4q+//jozM9Pb21skEm3duvWTTz4JCwujXi4Sie7evRsaGko2DY8+vXFtbe2MGTPu3r3r4eHBYrF27Njh6OgYERFBPTQjlUo3bNhAAucBAQE68VHDtZRr167NnTsXAAxHT69fv75kyZKysrJm37EN30gFBQVfffVVXV1dx44da2pq9C8X+vcycJPgXfGWM/zpgxBCCL25tAghhF6q/8UX9lublF8lpUqqGxSbY/P7rU1aF537D3asKQ/rFSPCbw779fr59EqVWkMKs8sbpv2e3m9tUmxm1fPtdvof6V/tS3u+1+64VNhvbdKiv++ViuSkRKZUH0oq7b8uafLuVKqTr59cqem3NmlLXEGjtWqNNuxARr+1Sbvii8RyFSmsFCtWRj3otzZpw7m819hThAyZM2fO+PHjP/300ylTpuhUqVSqyZMn+/r6RkRE1NfXk8KHDx8uXrzY19d35cqVOu0fPnzo6+u7atWqRst//vlnss/BgwePGjVKvyfnzp3z9fU9evSoVqtVKpW+vr4LFix4KefYcvrHVSgUycnJw4cP79GjR1FRESmcNGnSe++9R3+hXC6Pj49/9913+/TpIxKJSGFhYWGfPn369et3/vx5pVJJCouLi+fOnevr67thwwbq5Zs3bw4ODg4ODv7rr790unTmzJng4OB33nln8+bN1LEmTpzo5+e3Y8cOsVhMCuvr67ds2eLr6xsaGkodq1kJCQl+fn6jRo1KSUkhJRqNJi4u7t13333nnXeo8z1//ryvr++ECRNSU1Op1966dWvMmDF+fn4XL16kCnWujEgkOnfu3NixY319fQ8dOtRUM4T+q9Rq9dChQ4cNG1ZaWkpKdu3a5evrS/2mnzhxwtfX98SJE2Tz4sWL9FqtVltZWenr6xsXF6fVavPz8wMCApYsWaJSqbRabXFxcd++fenvV/TGf//9t6+v744dOzQajVarffjw4dChQwcOHKhWq7Va7Y0bN8h7O3lhWVnZwIEDv/rqK7JZV1cXEhIyffp0mUym1WplMtmMGTNCQkKoDwJKWFjYgAEDfH19k5OTm7oIV65c6d2795w5c0JDQ4cOHWr4im3fvt3Pz+/atWtkMzEx0c/Pb/v27S2pfQ1yc3MDAgLCwsKkUqlWq5XL5bNmzfL19c3JySENFi9eHBwcfPfuXbK5fv16eq1Wqz137pyfn19tba22BaNPb7xo0aIePXokJiaSqhs3bgQEBFCjX1JS8sEHH4wePXrRokW+vr7FxcX0bhuupdTV1Q0aNIgMqIGLsGPHjh49emzZsqVHjx4//vijgZbN3khfffXVwIEDqd8O8il248YNA/tE/woGbh"
10:43:47.575 [Forwarding screenshot on session 5e9977749cf8e028abefff19f425d7c0 to remote] DEBUG org.apache.http.wire - http-outgoing-15 << "K8K95yhj99EEIIoVet9rGjR49euHDh/PnzMU04f/78hQsXjh49Sr3kTUyBQgih/xhLI870vq4edkaxd6vIKpNJubV/XCuRKTX/iy9acyaXNFOqtWdSK9dE5y6LfLDtUmFW2ZPpf5Nya3+/VqLRwqnbD1dE5aw/l5dZ2gAAOQ+lv13IXxGVc/RGuerpFSyTcmt/jclfdvL+xvN5V+6LDKxuue1SQZ1UtfQDz/4drVmPsyM97IzWjmnnYsm/S+tGzkPpjstFyyIfrD6TG3m7QqZ8alnT9BLxxvN5y0892C8sFcvVOkcRy9VHrpetiMpZEZVzKKm0TqZqqj+F1bJDSaWdXUyXfuDpYP4oS4PHZo71d/giuBWDAXlVjxb3kig0x26Wrzyd83PUg90JxaW1cvpOdiUUVYqVd0sbNsXk/xz14I9rJTq9upFf92tM/s9RD/ZdLalqUNKrikXyXQlFyyIfrInOPZteqW7Z6qBnUh+mFos/DnT6vJezMffRTJ7WxpwFQ9oEeViUiGTUFSuvU+y+Urws8sGaM7mHk8skiidX8pnG+toD0b6rJVqA6LTK1Wdy15zJjc2spvdVo4VLWdXrzuYuO3k/Iq7gTlG9ziUqqpFRJQnZNevP5f1yLi8+uwYA/hCWXHsgAgClWrsroSitWPywXvG/+KLlpx5svVhYWC0D9O/08OHD+Pj4AQMGDB48OCUlJS8vj1578uTJW7duTZ48edq0aVQ6o42NzdKlS/v06VNYWEgSLp8Ji8X68MMPc3Nzb926pVN1/PhxIyOjQYMGPffpvAocDsfPz2/27NkqlerChQtNNeNyub169fryyy/FYnFiYiIpXLdunUQi2bRpU//+/anJGJ2cnNasWRMYGPjHH39kZ2fTd9KzZ0/9+YpPnjzZs2dPlerJ++Sff/559+7db775ZsqUKdRcZyYmJlOnTp0xY0ZaWtqRI0dacmoqlWrlypVmZmZbt27t2rUrKWQwGCEhIRs3bjQzM7tz5w4AyGSyVatW2dvbb9u2jT57XpcuXbZt22Ztbb1y5UqFQtHoIczNzd977729e/d27tx5/fr1OjcYQv95ZWVlzs7OX3zxhYODAykZP348AKSlpZHNgwcP+vr6vv/++2SzT58+x48f/+ijj6g9JCYmslgsPz8/ADh8+DCPx5s7dy6ZIdzJyenAgQNLlixptHFlZWX37t0///xzkuNuY2MzcODAysrK8vJyADh+/LipqenkyZPJC+3t7cePH3/9+vWioiIAiI2Nra+vnz59OkmC5PF4U6dOra+v13kPPHHiRFJS0pdffmn4ImRlZX3zzTfr1q1rNC3+4sWLERERYrGYbB4/fjwoKCgwMJBsBgQE9OzZ8/jx4y2pfQ0KCgo6duz49ddfk2xXLpc7atQoAEhPTwcAkUh05syZiRMntmvXjrSfNm3a6dOnW7duTe1BKBR27NiRzLfc7OjTG8tkso8++oia9rl79+4dOnSgbqTCwsKgoKDff/9dZxrhltRS1q5da2xsPHz4cMMXIT8/f+vWrVOnTtWf4B0A9u/fv3//fvKz4RuJzPw/YcIE6rdj0qRJJiYmr3NA0Sti4CbBu+ItZ/jTByGEEHqTYfQUIYReEycLnkypUag0AHC7sH7v1eJdCUXn0iuLRTIAkCk1Mw9k/HYhX6PROprzMkvE0//IiLxdQV57p6h+75XiiLiCuKwqEx5L+EA061Bm3N3qxcezVRqtWK6KiCuIiC2gjrXxfP7Co/cq6hROlvw6qWrJieyfTz1otFcypeZSVk1nF9PubmY6VcZc1t7JnaY9XuDzQmbVV/vSbuTX2ptx2SzGjktF035Pp+KR1x6Iwg5kppeIbU25BdXSOX/eldNiq+V1iil70vYnlpoL2GYC9tEb5ZN3p9GDnXTn0iu1AKFBzvrz3I7xd9gR6tPW1ggA6mSqr/al7btazGUzLY04F7OqP/tf6t3SBuqI+4Wlf98sXxZ5X6XRghb2Xi2edSiTiixuu1T47V9ZxTUyYy7rXHrlZ/+7k/PwUVA2Kbd28u7UhGyRozkPtLDhXN7cw1lk+mXDzqZV8jnMsQGNLBL20wjPNaPbkXmbM0sbPtt15+LdamtjDofN+ENYMmVPasPjK/lMY51SULf3avHG83mRtyv4HGZprfznqAebYvKp4y49eX/5qQcShcbOjJddLpl16O7RG+WkqqhGtl9YWiJ6NAo7Lxf9eOJ+QZWUy2LsvVK8/VLh3ivFKQV1pHa/sPRsWuU3hzLL6xQmPNbZtMov96WRSYnRv87ff/+t1WoHDx48aNAgNpt99OhRem1kZCSfz//000/1X/jLL79s3rz5+SZLHDFiBIvF0vkirLS0NCkpaciQIQYWY/sHkYkxRSKR4WZWVlYAQEKJ1dXVCQkJwcHB3t66Sz4zGIypU6cCAD1WqlKp+vfvn5mZef/+faqwrKwsOTm5f//+9OjpyZMnLS0tx44dq9+BCRMmmJqaGlgylu769etlZWWjR4+mVrGl+Pj4nD59mszknJCQIBKJPvnkE/3Ih4WFxfjx4ysrK69evWrgQDweb968eWq1+u+//25JxxD6z3Byctq2bRsVHoPH7w9kktuamprs7Gyd1Y5dXFzok1oLhUIfHx/y25eUlOTr60tfH87BwUFnjl+q8ZQpU7Zv305fiVkulzMYDLL06Z07dzp37kxft5hMrXn79m1SKxAIOnbsSNV27NiRx+ORWqKsrGz9+vUzZsxwc3MzfBFCQ0PpEUEd8fHxu3btamhoAIDy8vLy8nJfX196g+7du5eXl5eVlRmuNdyHlyU4OHj37t0eHh5UiVwuBwDyLnr9+nWNRkPN8Q4AfD7fzs6OvofExEQytXJLRp9qDABr16799ttv6Y1lMhn17u3n5/ftt9/SbwY6w7XExYsXz549u3TpUv21VHUsXbqUeuBG319//fXXX3+Rnw3fSOQBHfqAcrlcHx8f+m2G/qUM3CR4V7zlDH/6IIQQQm+yN3fpOIQQ+i9RqrX3yhvsTLk8NhMAOCyGRgvldYoDX3Yh6Z6Hk8vulUvWjG7n62YGAFqA747e2xxbENLO2pTPYjMZWgClWvPLmPYA8G5H65kHMtedzd31eSd7My4AfPtX1vmMyv/r78YAuF1YH3m7YmKg46Rej1ZFOpRUuuNy0QBvm4DW5jode/BQotZou7nqhk51SBSaDefyfJxNfxnbngQ1h3Sy/Xp/xsHE0i+CXQBgx+UiOzNu+MSO5AQvZFatiMrxtH8UEdkUky9RqHeE+pDeTgx0DP1fakRcwU8jPPWPlVXWwGYyfFyaWcPvSraook6xYqQXuWKhQerx224fSCxZNsITANhMBgBcyqreHupjwmMBgLMl//drJenFYh9nk7tlDYeTy0KDnD8NcgKABoU6dOediLiCdWPayVWa1Wdy2toabZrQgQxN3w5WC47cO3mrYqSvvYH+aAGyyhp8nE2MuM08mRR5q4LFYER80pHkp/Ztbz3nz7vRaZVk/8801hwWEwBqJarNEx99H/HD8eyTtyrG+js6mHMLqmXX82rH93hyJ8w6dHfv1WL9E6lqUP6ZXNrHy3Lx+x4AoNZov/0rS6MFsngvm8UAgLPpleETO3rZGwFASDvrOYfvnk2v/DjQyfDJojcNiWb17NnT3t4eAEJCQqKior7++mvyBatWq83IyOjatSv9m/qXwtbWNjg4OCYmZu7cuVRAjkxdSJJ46D2USCQ6L2cyma9ziTsiNTUVANzd3Q200Wg0p06dYjAYnTp1AoCMjAwA8Pf3b7Sxt7e3sbExlTZEXh4cHGxmZnb8+HGy7BwAnDp1ytTUlP5dvFQqzc3N7devH5XMSsfj8bp06ZKQkCCTyZq9SqSHVCZTU0hOFclm00denpqaqr8gIl2HDh0sLS3pCcdarVZ/cAFAIBA0ms+E0H/D3r17GQzGwIEDASA/Px8A7O3t169ff/bs2draWg8Pjy+//JL+K5+YmDhy5EgA0Gq1BQUFQUFBf/3118GDB0tKSuzs7EaOHPnpp59SvzJUY33l5eVnzpzp168feWcoLS3V+d0nmV4lJSXkXzs7O/pvIpPJtLOzI7"
10:43:47.575 [Forwarding screenshot on session 5e9977749cf8e028abefff19f425d7c0 to remote] DEBUG org.apache.http.wire - http-outgoing-15 << "WkM0uXLvXy8ho/fvzNmzcNn3KjKxxTxowZ07t3bwsLC9IrckEa7RjZT1O1VKba66RSqf744w97e/tu3boBAEmv53A4c+fOTU5OVqvVvr6+YWFhbdq0Ie3z8vLKyspIQLTZ0ac31nflypX79+9T8VTDF9lwLQCIRKKff/45NDTU29s7ISHBcGPDe1u4cCH1s+EbifyrP6BkdmL8IPhXM3CT4F3xljP86YMQQgi9yTB6ihBCr0TZ48RKjUZbUa84dqO8rFYR1v/Ro/rkz8DhXeyomXLjs6udLXi+jxNAGQCDO9km5damFNQFe1mS9sM6P3qSnSRfdnM1I+E0AGhrZ3Qjv06q0BhxmWTa1fe7PvkTdHAn2x2XixJzRPrR01qJCgCsTZp55Pxmfq1UqRnWxZbKB+3gaOxuIxDmiL4IdqluUOZXST/qbk9CpwDQt731xvOPZmtsUKgTc0QfdLOjemtpxAlpZxWdVqnSaNl6Gaa1UpW5gK1frmNwJ5vBnWyoTWMey9Wa/2Q6WRLi7WxLQqcA0N7RGACqxAoAuJxVDQDDuz66nsZc1prR7bWgBYCUgjqRRBXW350aGn93cxdL/pX7NYajpxKFWqXRWjV3JQHg28Gt5w1uTZ2et5MJAFA9f6axJiUjuj3pWP8O1lfvizJKxA7mVq5W/KgwX3rOrLeTyZ2i+hqJytLoqf8ApBXVa7QwwOfR9WQxGWMDHG8VPprml3S1aytTr8fh8McX86npjtG/Qnx8/MOHD+fPn082R4wYERMTc+HChSFDhgBAQ0ODSqUiCVIv3ahRo+Li4s6cOTN69GgA0Gg0J0+e7Ny5Mz2hBwBiY2NjY2N1Xuvm5qaTI/vSSSQSao5ZsVh8586d7du3Ozk5DRgwgGojlUr37NlDbdbW1gqFwuzs7MmTJ5NMLJKoqp/WSTAYDGtr65qaGnohl8sdMmRIdHR0WFgYyf45derUoEGD6E/o19bWwuMk10bZ2tqSozcbSyA9bHaIDZ8IOZzOiTTK2tqanrxbU1NDDxFRoqOjX9Fdh9A/7vjx43v37p0+fbqnpycA1NXVAUB4eHi3bt2WLl1aV1e3b9++2bNn7969mzyEkZ2dXVVVRSaqlUgkKpUqLi7O2tr666+/5nK5UVFRv/32GwCEhobqNNZRU1Mze/ZsgUAwb948AJDL5Wq1WucBC4FAAAAkB1Qqleo/fiEQCEgtABw+fDgtLe3gwYPNhuWa1a5dO2qeW/JEhc6hyaZEIiHHaqr2BbvxHFQq1fLly9PT08PDw0k36uvrAWDBggUDBw4cO3Zsfn7+tm3bpk2bdvToUfKokFAoFAgEXbp0gRaMPr2xjvT09EWLFgUFBRlI6n0mK1eutLGxaXYS5pagh3sN30hSqRT0BlQgEGi1WplMRm5I9N+Dd8XbrNlPH4QQQuhNhtFThBB6JRYevUfftDbmzOzv9n7XpybyamX15K+I4hp5V1dTeq2TBQ8A6NPb2pg+isyRCWCpcBpVotFqAaC4RsbnMG1oYTxzAduYy6LmaKXjsBkAQOYTNqBYJAcAF8un/uxxsuDdyKsDgIo6BQDY0frDZICD+aO5wkpFci1AWrF4RVQO1SC/SqrWaKvESvpZPOoSi6FQN9MfIrtcciGzqrBaVi9TqTXa/CqphdFTwUuqDwDA57AAgMy/W1or57AY9AhiG9tHf5kX18gB4PSdhwnZ4XhIzAAAIABJREFUTwIDUoW6rLaZLnFZTABQqJqf4FcLIHwgunpfVF4nlyo1ZFFVleap/bdwrAk3myfjYm/GA4AayaO45sN6xbn0quzyBpFEqdRoH9YpAECld3nJsq8OZk8ul5e9buqhowX9Yur2Af1bHDlyxNraulevXmSzR48ejo6Ox44dI9FTErEjcxK+dAEBAa1atTp+/DiJnl69erWiomLGjBk6zbp27frxxx/rFL6GqX2vXLly5coVapPJZAYFBc2fP5/+dY9cLqcmH1YqleXl5T4+Pps3b6a+OG72AioUCv3vAd9///1Dhw5dunSpf//+t27dKioqos/5CQAkqtrUOqNUleEZGuk9NLArerOmToSU0+O7TdH53tPExIS+XiOFrPCH0H+MVquNiIjYvXv3l19+OWnSJKoQADw8PKjfhcDAwA8++CAiImLLli0AIBQKTUxMyOzfpLFcLt+8eTP5VerVq1dVVdWOHTvGjRvH4/Hojelyc3O/+eYbBoOxdetW8mgCyVzXPP2fDbVaTVWx2Wz9Za01Gg15YyksLPztt9+++eYbFxeXl3mNmugY2WSz2SR62lTty+1Js8Ri8YIFC27durVu3ToqNZ+M0YcffjhhwgQA8Pf3d3d3nzp16qFDh6ZMmQIAQqHQ19eX9LYlo081pouNjV28eLGfn9+qVateyolHR0dfunTp999/f+mX0fCNZHi4X25P0JsD74q3WbOfPgghhNCbDD+rEELolVj+oScJ3TEAjHgsW1OufiolCUERSrVGJ9uS5D6qaMttMp+euYjZxERGKo2WpZe4yWIySJROh5MFHwCoJT+bolRr4PEMrk/2yWCoNFoAUGq0VId1+g8AZMVQHptJpYECgLeTCcm5bLRLmaUNlWKljcE8znPplavP5HZwNO7b3trCiM1mMfdeKdYJA+tfB0Kh0nJYTVSpNQBgxGPRe9vL05LDbibTgsNi2Jhwch42nwmxLjo3Oq0ypJ1VsJeVMY/FZjGWnLiv06aFY01waX0jP5PrkFcp/b8DGSY89pDOtg7mPC6LcflezcWsav09SORqeHp8uXrny8KJs/79ioqKhEIhi8Xq378/VSiTyUpLS3Nzc1u3bs3lcm1tbbOzs1/F0RkMxsiRIzdu3JiZmdmhQ4fjx4+bm5vTe0LY2toang/2FenZs2dYWBj5mc1m29nZ6YdsLSwsqOipSqX6+OOPy8vL6XELElfIycmBxjQ0NJSXl+snX3p5ebVv3/7kyZP9+/c/efKkp6dn+/bt6Q0sLS2NjIya2i0A5ObmmpiYmJvrzi6gj/QwOztbJ+W30WY5OTmNJrPm5uYCgKurq+Fj1dXVFRcX9+3blyrhcrn/yOAi9PopFIrvvvvuypUrS5cuHTp0KFVuamoKT6/wZ2Zm1qlTJzJVOAAIhUI/Pz+ydqmRkRGLxfL29qY/hfDOO+/cvHmzoKDA09OT3pgiFArnz5/v5eW1du1aMjsuALBYLGNjY5L7SCF57aSNmZkZmUSXjmS0azSaJUuW+Pj4DBkyhGR8kkco5HK5VCp9wcww8vBEox0zNzcnk3Y2Vfsix31WJSUlM2fOlEgkO3fupL9F6w+on58fn8+/e/cuACiVyhs3bkyfPr2pxvTR12lM2b179+bNm8eNGzdr1iydsX4+lZWVa9as+eyzz5ydncmAKpVKAJBIJCwWqyUP4hhg4EYC2nDTH5qpra0VCATNrr2K/r3wrnibNfvpgxBCCL3JMHqKEEKvhLMl39XqGVbpszDi1EpV9BKyaS545jdqCwFbqlAr1U8ChCqNVixXNborZwuegzk3Prt6Wl9X/QU7T9yq4LOZA3xsLAQceDzNL72HZJ9k/U4SgaPUNCgtjTkAYGnEAYDOrUyn9G5RvoKfu9mFzKrotIf6a2rWSVW7EorHBjg4mvP2XS1xs+ZvGNeBOs29V4pbsn8AsDHlSBQa+iWiWBlxAGBIJ1s/92fOhfJ1Nz+bVplWLPZx1g0M3ymqTymoG+3nKJarotMqh3SynTPw0WKKOuP+HMQyNRkCAKiXqQDA3IgNAEdulMmUmp2fdaBSV28/noxXhxGPBQBi2ghWiptJTUP/RmTy21mzZtGXNZXL5atXrz569ChZdzMwMDAyMvLWrVtdu3bVefnNmzeTk5M//vjj514Vdfjw4RERESdPnnR0dExISCC5U897Ni+ZiYmJ4YCiDjab/f3330+aNGnDhg0//PADKfTy8rK0tDx37ty0adMaTR7SarXvvPOO/t5GjBixevXqsrKyCxcuTJ06VaeWyWT26NEjLi4uPz+fTBFMV1RUlJGRMXDgwJZMpxkQEMBgMCIjIwcPHqxfu2HDhpCQkG7dugUGBv7666+nT58OCgrSbxYTEw"
10:43:47.575 [Forwarding screenshot on session 5e9977749cf8e028abefff19f425d7c0 to remote] DEBUG org.apache.http.wire - http-outgoing-15 << "MAjVbRHTt2TKvV0qOnCL0lVCrVggULUlJStmzZovNeSpZS1vkemcFgkN9fuVyekpIya9YsUs5kMl1dXfUbk391GhM3b96cM2dO3759f/zxR53AQ9u2bXUewiCb5K2vbdu28fHxYrGYWpq6tra2srLSw8Ojurr69u3bAKDz8EdYWBiTyUxKSnq2q/M0d3d3JpNJnsmgPHjwgMlktm7dmlwEA7WvR2Vl5fTp0wUCwd69e8nU5RTSDTJ/Lx0Z0Nu3b0ulUmp+AsOjr9OY2Ldv3+bNm+fOnTtu3LiXdTo3btyoq6vbuXPnzp076eXBwcH+/v4kC/a5GbiRSC0A5Obm0pOYHzx48Eyfv+hfB++Kt5zhTx+EEELoTfaia5YghBB6KTo5m2SXSxoUT8JXtwvrAMBbLw7XLB8XU40W7hQ9+R4nrVis0YK3s2mj7ccFONbL1OvO5urkpl7Pq4uILbj6QMQAIOHAW4VPvu6RKjX3yhtI/qiLJZ/DYtwte7JySX6VrPLxopgO5lwbE05ijoi+8ztF9ffKG0/TDGlnbW/GPSAszSx9aikUhUq7Iion6k6FWKYGAJFE6WoloMKf2eWS/KpmMmgpZDHR5NxaquSnyAcz9mfA4wuu09uE7JryuuajiaN8HVhMxrqzuTVPh5nL6xSrTuecSa1kMB5FoNvaPclpi8moAoAXmQQ3rfjJWGeUiOHxHMsiicqEx6ZCpzKlhkxHrH+o1jYCAMgsEVMlcXernr9D6I2kUCgiIyO7du06bty44TSjRo3q0aNHVFQUySWaOHEim81evnx5dfVTacqlpaU//vjjyZMnGS+QhUySTWNjY8+fP69SqV7W4m3/lE6dOo0cOfLEiRNCoZCUsNns0NDQ0tLS9evX6zQuKSkJDw+3t7cnkyTrGDhwIIfD2bRpk1wubzSuGRoaymQyf/zxR501ouRy+U8//cRisT799NOW9NnJyal///5JSUmHDh3Sqdq+ffv+/fuzsrIAwNPTs1evXtHR0SRQSpeQkBAVFdWvXz8SBmjKtWvXtm3b5unpSV84FqG3RHh4uFAo3LRpk/5jKFZWVh07doyJiaGmMZRKpenp6SSdMSUlRaFQ0Ncx7dWrV2pqKj1tKzk5mc/nu7m56TcuLy+fM2dOUFDQsmXL9HO2evfunZWVlZ+fT5VER0ebmJh0796d1Gq1Wvqv/Llz5wAgJCTEwsJi39MWLlwIAAsXLty7d+8LXSkAPp8fEBAQGxurUj36v5NCoYiNjQ0MDOTz+YZrX/DQLaRWq+fOnctgMLZs2aITOgWAgIAADocTHR1NlaSlpclkMjKgQqHQ1ta2TZs2pMrw6Os0BoD4+PhNmzbNmTPnJYZOAaBnz546AzpixAgA2Ldv34IFC15w5wZuJADo1q2bsbHx2bNnqdr79+9nZ2fjtAT/bXhXvOUMf/oghBBCbzLMPUUIoTfCGH/H+OyatWdyp/V1NeWzbxXU/ZVcFtDanIS1nkn/jtYHhCXhF/K/G9q2lRW/oFr224V8a2POex2tG20/rItdWrE4JqOqpEb2fjc7VytBnVSVmCs6k1rZ2kYw6z13AHC3EfRsa3H0Rnl7B5NubmYiiXLH5SKFSjPG3wEAuGxGb0/LuLvVx1MqentZVtQpNsfmW9KWIB3fw+m3C/kbz+eHvuPEZTETc2s3nMt9x8NywZA2+v3hshmLh3vMP5I161Dm8C52/q3N+RxmfpX02I3ywmpZ2HvunvZGAOBpb5xSUJdV1uBmLUgpqNsZX9S1lWlmaUOdTGXGb+bT7d2O1r9fK/k1Js+E39bBnHc5q/piVvX4Ho4A4GLJD/ayPHmrwtWa/24HG5lSHXm7Yt/VkrkDWw/uZGN4t21sBf/3rtuv5/O+2JM2ys++vaOJWqPNKBEfu1EOACtGegk4TGdLPp/DjMmoDPKw4HOY59Orrt6vsTLmFFbLNFpoYqbhZvx1vczahNvB0fh+heTw9TJnC56PsykAeNgZXXsgOp9R1dvTsqhGtikmv4OTSUJ2TV6l1M70qQULO7uYOprz9l0rsTXlutsIhA9E1/Pqmjga+re6cOGCSCQi35DqGDFihFAojImJGTp0qIeHx7x581atWjV+/PgJEyZ4e3ur1erU1NSDBw8CwK+//vqCS5COGjXq9OnT27dv9/f3b3Tq15KSksjISP1yW1tbepDgDfH1119fvHhx+fLlf/75J0nJnTBhQlpa2uHDh7Ozsz/66KNWrVrJZLIbN24cOnSIwWCsX7++0W/8TU1N+/XrFx0d3bdv30bnMfPx8Zk9e/a6devIuJCv2rOzsw8dOlRYWLhw4cJ27dq1sM/z58/Pzc1dt27d9evXBw0aZGNjU15eHhkZKRQKhw4dOmbMGNLshx9+mDp16sKFC+Pj4999911ra+uampqLFy+SuYW///57+j4VCgX53lOr1YpEosTExPj4eDc3t/Xr19PnmZTL5Y0OLoPBGDZsWAv7j9AbLi8v78CBA35+fiUlJSUlJVS5sbExWXN66tSpM2fOXLhw4bRp0xoaGrZt2yYSiSZOnAgAQqHQ0dGxVatW1KsmTpx44sSJsLCwRYsWmZqaRkZGXrt27bPPPuNwOPqNw8PDxWJxQEDA+fPn6V3q3Lmzo6PjqFGjDh48OH/+/Hnz5tna2p45cyYmJiYsLIysYdy5c+fAwMCNGzfy+XwfH5/U1NTw8PBevXr5+PgAQMeOHek7JNO9urm5dejQodGLcPnyZalUCgBVVVUymYy8PwgEApK9umPHjtjY2M2bN1tZWQHAlClTvvjii++//37y5MkAsH37djK1LNmV4drXIDIyMi0tbdy4cYmJifRyFxcXb29vMzOziRMn7tmzx8HBYfDgwfn5+WvXrjU1NSXLVwuFQp1cUsOjT2+sUqnWrl1rY2NjZWVFDywBQJ8+ffh8flpaWnFxMQCQ+fYvX75saWkJAMHBwQKBwECtmZmZzoDGx8eD3ihTpFLp5cuXyc9arba4uJj0x9nZmdweJAF6w4YN0NyNxOPxPv/88/DwcHd39wEDBlRUVKxevdrGxmbkyJHPNiroDWP4JsG74i1n+NMHIYQQepNh9BQhhN4I7R2Nl37gGRFXMGH7bQBgMxl921v9X3/dGRpbwpjLWjO6/S9nc6f+nk5KOjmb/Pi+hzGv8aWSGAALhrTp4mJ65Eb5L2fzSKGFEXtioOMYf0fB48VZFw5tsykmf8nJ+2T9VEdz3rIRnh0fr136f++6VUuUv13I/+1CvhGX+VUf16sPaioe52uO6GanUmv2J5ZG3q4AAA6LMcjHdlrfVrpdoV2NrZ96704oPpP68NjNctLJ7m5mswa4d3Z5lEE7o5/rkhP3p/+RAQCtrPjfDmotVWoW/X3vo/CUtWPaGU6PM+ay1o1pv+5s7qxDd0l/xvg7fP6OM6mdP7jN5riCzbEFG8/nk0sxo59rs6FTYngXWzdr/t4rxf+LLyK5vBwW490O1h/3dHI05wGAEZc5e4D7hnN547fdBgBfN7NFw9ueuv1wz5XigeuTz872b8lRdHwR3GrNmRySHetmzf9huAeJwo72c0gtql91OmcVgJmA/UVvlx5tLe6WihcevfdpkJOX/ZPJV1lMxrIRnqtO5/x44j6LyQhobb5oWNsJ22/jUqf/JUeOHDExMdFfZxQA+vTpY2FhcezYMbI438iRI1u3br19+/aIiAi1Wg0AXC530KBBkydPdnZ2fsFudO7c2dPTMzs7u6kvxdLT09PT0/XL/f3938DoqYmJydy5cxcsWLBp0yaSjMVkMlesWOHv7//nn39SM/qamJj07dv3q6++anQZUWLEiBHR0dHkC/dGjRs3rm3btjt37tywYQMZFzab7efnt3jx4i5durS8zxYWFrt27dq1a9epU6cuXrxICtu0abN48WL60a2trXfv3r179+6oqKioqChS6ODgMGXKlE8++URnpUOxWEzFUwUCQevWrWfOnDl69GidZg0NDUuXLtXvEpPJxOgp+s/I+n/27juuqev9A/jJDnsFCIg4wAlaXDiKs+7a1rqqrRarHaL+1FarWK11IO5RB8VKFVErX4tUUKpWBesq4sCBIg"
10:43:47.575 [Forwarding screenshot on session 5e9977749cf8e028abefff19f425d7c0 to remote] DEBUG org.apache.http.wire - http-outgoing-15 << "XZI2CAAIFM7v39cW2aJhBQcVQ/7z/6Ivec3Jx77rlJvc99zklLoygqKSnJYEpbNzc3Jnrap0+foKCgrVu3jhs3jhAiEolWrVrFTIVtHGwTiUQhISGrVq2aNm0aIUQoFPr7+wcEBNRZ+d69ezRNr1u3zqBJK1eudHFxsbKyCgkJWb58+RdffEEIMTMz+/zzz6dMmaKrtmbNmpUrV3777bc0TbPZ7EGDBi1duvTJOmH9+vUSiUT3kvl+EIvFTPRUIpGkp6cza20SQnx8fNasWbNx48YPP/yQEOLk5LR+/XomrNJg6XNw7949QkhkZKRByv57773HrHsdEBBA03R4eHhoaCghpH379sHBwSKRSCaTpaWlTZ48Wf9d9Z1948oymYyJvhs8rUIIiYuLEwqFUVFRx48f123cuHEj80dsbKyZmZnp0sfqgfLycv02JCcnJycnE0JGjRrFnAiDqZVNDyR/f3+FQqHrLi8vr3Xr1ukmdIX/qAYHCUbF66zBXx8AAICXFot+mrkCAQCgqUnlGqWmVmTJF/KednL1SqW2okZra86zEtYdNzUmV9XKajR8LtvRil9n4EypoaRytZDHEVkazghHCCmv0daoa52s+MbriRJCKJqUVKq1FOVsLaizgrFaii6t1qi1lIMl38yoQ2hCHlapOWyWg8WjxmhqaZWWsqwnTmxMVqOVq7R19rZaS5dUqbhstpM1/wlSQpUaqrxGQ9PEyZrPNXq/lqIfVqmthFxdU5UaihDyuCd99/n8yKSiuLndBDw2E6vWzdOrU6HQKtSUoxWPw2YRQmhCqpRaKyG3vvPL57LZLFJUoZq8+/bMge5juzk/VpPgVaJUKqVSKSFELBYbr+IJDaqqqiovLxcIBCKRSD8F8ykx54XFYolEoqdcOLa0tLSqqsrGxobJSTJdzdramkkUA4CnR1EUE190cXHRPfKVmZlpb29fZwK6VCqtqakRi8W6ZB0TlU2TSqUKhUIsFhvP7ksIkcvlpaWlIpHoiZe4fjI0TRcVFbFYLLFYbPwMnOnSl4FKpSopKTE3N3dweDTXi1KpzM/Pb968ufEXtfHZN1H5P8r0QFKr1RKJxNLSEj8rrxWMitec6V8fAACAZ6Sy8tHsemfOnLG1taUoqr5/UDCPeclkMl3iAaKnAAAA/1VM9PT43G7GoeXHQtEk6FiGnQXv/956lO58+Kpk1x95Wyd16PT4K+8CAAAAAAAAAAAAvFhPEz1FGgEAAMDrjs0ize3NDiQWFspUHVws88uV8amlfdvYIXQK8B9CUdTmzZtNVOjXr5+vr+9zaw8AAAAAAAAAwH8UoqcAAAD/Vc3sBF3crTlNMYXdJ37N2oktLmaUpxbJLQScL4e2HObdqKVeAeDlwayHWh+Kop5bSwAAAAAAAAAA/rswcy8AAAAAAAAAAAAAAAAAvDqeZubep1omDQAAAAAAAAAAAAAAAADglYHoKQAAAAAAAAAAAAAAAAAAIYieAgAAAAAAAAAAAAAAAAAwED0FAAAAAAAAAAAAAAAAACAE0VMAAAAAAAAAAAAAAAAAAAaipwAAAAAAAAAAAAAAAAAAhCB6CgAAAAAAAAAAAAAAAADAQPQUAAAAAAAAAAAAAAAAAIAQRE8BAAAAAAAAAAAAAAAAABiIngIAAAAAAAAAAAAAAAAAEILoKQAAAAAAAAAAAAAAAAAAA9FTAAAAAAAAAAAAAAAAAABCCOG+6AYAAPzHZGZmvugmAAAAAAAAAADAa6d169YvugkAAK8FRE8BAB4P/j8VAAAAAAAAAAAAAOBVhZl7AQAAAAAAAAAAAAAAAAAIQfQUAAAAAAAAAAAAAAAAAICB6CkAAAAAAAAAAAAAAAAAACGIngIAAAAAAAAAAAAAAAAAMBA9BQAAAAAAAAAAAAAAAAAgBNFTAAAAAAAAAAAAAAAAAAAGoqcAAAAAAAAAAAAAAAAAAIQgegoAAAAAAAAAAAAAAAAAwED0FAAAAAAAAAAAAAAAAACAEERPAQAAAAAAAAAAAAAAAAAYiJ4CAAAAAAAAAAAAAAAAABCC6CkAAAAAAAAAAAAAAAAAAAPRUwAAAAAAAAAAAAAAAAAAQhA9BQAAAAAAAAAAAAAAAABgIHoKAAAAAAAAAAAAAAAAAEAIoqcAAPDcqLSUSku96FY0DYWG0tTSL7oVAAAA8ArSarUKheJZVIYXQq1Wq1SqZ1EZAAAAAACeEe6LbgAAwKtJKtckZcoeytVKDWVrzuvgYtHJzYr1d2mhTHUzt7JbSxtna77BGy+ml9dSdP929kUVquScyvr2b2XG7dvGrr5StZa+kVuRUVxTo661s+B5OJp3aWHNqq/28/LV/+7XUnToFC8TdSoU2qSsioJypZaiRZb8N5pbtRKZPbcWNpJCQ436/vpEX5fP+rm96LYAPAmapo8dO0ZR1MiRI/l8w28hRm5ublJSkkQi4fF4YrHYz8/PwcGBKcrPz7927Vp9O7e2th40aJBSqTx58mTLli19fHxu3ryZnZ391ltvWVlZGddPSkoqLCwcPny4QCCIiYmpb7ddu3Z1d3d/zAN9DBRFJSUlZWRklJaW8vn85s2b9+nTx97eXleBOYrhw4cLhUJCyIULF0pLS3v16iUWi/X3U1paeuHChd69ezs7O+tvT0lJuXnzZllZGZvNFovFvr6+BoeTmpqalpY2ePBgS0tL4+YxpXW23NzcfOjQoQ0eIHNGPDw8OnXqZFB0586dBw8e6A6tMb3BHH6dH+Tu7t61a1fTjWE6s77S1q1bd+7c2fiQuVyuSCTq1KmThYVFnW+8dOnSw4cPfX19XV1d9bc/fPjw0qVLtra2AwYMMH6LVqvt37+/bovpY6dpur5Ramdnx+ynMZ1jXIfP5zdr1szb25vD4Ri/0cQ1yxyd/n7s7e09PT1FIpFBHR8fn5YtW9a58xd46b2qampqTp48mZ+fb21t3bFjR19fX4MKt27dunLlilarbdu27YABA7jcf/3DfMeOHefPn4+OjmZe5ufnJyQkyGQyV1fXIUOGWFtbm6h8586dxMRElUrVrFmzAQMG2Nn9638X7969m5iYWF1d7e7uPmTIEIOrSSKRJCQklJSUiESiQYMGubi41Hl0KSkpGRkZfn5++sPMGEVR8fHxFEU1+B1FUdTFixdTUlJomvb29u7bty+bzW5k6fNRWFgYHx9fVlbm5OTUo0cPDw8P/VKtVnv+/PnU1FSBQNCtW7cuXboYvH369Ont27dfsmQJ89L02devTFHUH3/8ce/ePR6P17Jly4EDB/J4PIOd37hxIzc3d+jQoebm5sYtN13KOHfunEwmGz16tOlOkMvl8fHxbm5uDX7Jmx5INTU1Z86cycnJMTMz69Wrl7e3t+m9wX+IiUGCUfGaM/3rAwAA8HJC9BQAoInRhGw/k3PsVom1GbeVyJyi6fwyZWm1xsfdavX7bYU8NiHkbqF80+/ZK97zNI6e7rtcoFBT/dvZp0mqt5z+5+YyRRNCCPvvEGhLkVl90dPLGbKtp7NLqzV25lwbc97DSnW1utbVVrDsHc82zvXeN3nhaEIO/ll48EqhWkuLbfg8DltSodLU0t1aWC8Z5WFj9hL9YPE4rE/7unV0rSPCAfCfcOXKlZUrVxJCBALBiBEjDEqrq6uDg4NPnTrF5XLd3NxUKlVxcTGLxZowYcK8efM4HE5qampwcLCuPkVRhBDdvWwPD49BgwbJ5fKgoKAxY8b4+PjIZLKgoKDq6uqPPvrI4LM0Gs0333zj7Ow8evRorVYbFBSkvyt9y5Yte3YhnPv37y9YsKC4uLhdu3a2trYymeyvv/7icrmrV68eOHAgU+e3336Ljo728/NjQozh4eG3bt3y9fUNCQnR31VeXl5QUNC2bdt00dPs7Oxvv/02NTXVwsJCLBZXV1cXFxfTNP3+++8vWrRId9M8ISFhz549Pj4+dUZPmdI6e8bV1bUx0dOKioqgoKCJEycaR09PnToVGRnZu3dv5tAa0xvM4dfZnlGjRjV4Y/3kyZO6SA9N0zRNs1gsFuvRL9yECRM6d+7MHLIuoEsI0Wg0tbW1QqFwzpw5EyZMMNinXC5ftGiRUqkcPX"
10:43:47.580 [Forwarding screenshot on session 5e9977749cf8e028abefff19f425d7c0 to remote] DEBUG org.apache.http.wire - http-outgoing-15 << "r00qVL9YsyMzOZoRUWFubj46NfdODAAYVCoYueNnjstbW19Y3STp06MftpTOcwdfSPTqlUEkLEYvHKlSuNO9DENcscHY/HY8KuWq1Wq9WyWKyxY8cuXLiQaQZTJzAwsM7oqYmDIs/40ntVpaSkzJ8/v6qqqk2bNhUVFTt27OjVq9fmzZt1ke+1a9dGRUV5enoKBII9e/Z06dJlx44dAoFAt4fExMSePXsyfx8/fjwoKMjBwcHV1TUyMnL37t27d+9u3ry5cWWapletWhUbGysWi0UiUWRk5JYtW1auXKl7bmDbtm0RERHu7u4ikejw4cO7du3atWuX7vyeO3cuMDDQysrKw8MjKytr+/bqF42sAAAgAElEQVTta9euNX7mQCqVzpkzp7KyMjQ01ET0tKCgYPny5cnJyWKx2PR3lFKpnDNnTnJycocOHdhsdnh4eJcuXbZt28ZcIKZLn4/o6OgNGzaYmZm1aNEiLy9v06ZNn3zyycyZM5lSuVw+e/bs1NRULy8vmUwWGho6ZcqUuXPn6t4uk8nu37/v7+/PvDR99vUrV1RUzJo16/79+56enhwOZ/fu3S4uLiEhIW5uj57eUygUW7ZsYb5OfX19DeKjpkt1/vzzzwULFhBCTEdPr127tnz5colE0uCXvOmBlJub+8UXX1RWVnbs2LG8vNy4u+C/y8Qgwah4zZn+9QEAAHhpvUQ3owEAXg3n7pfF3Cz5oId4Wl83LptFCKFocuS6JPRc3r7LBV/0b97gHhgD2tkPaPco2aWsWjP+h5vv+TjNGdzC9LuSsiqWHU13dxAue9fTu5klIYQm5HKGbNOprLmHUn/6xNvFRmB6Dy/KT+fzDyUV9fG0nTWwhdiGTwhRaamjySVh5/Pm/+/+ro+9OOwXnj37CJfNmtSz7mwMgP+EqKiotm3b8ni86Ohog0hMbW3t3Llzb968OX369ClTpjCRPKlUun379kOHDmk0msDAwCFDhgwZMoSpL5VKhw8fPn78+EWLFtX3cX379nVycjp69Khx9JTJd9HdgyaEDBkyZM2aNU12qI2zdOlSjUbzyy+/6GJLEolk9uzZS5cujYuLs7W1rfNddnZ2SUlJcXFxb7/9dn17lkgk06dPp2mauUvIxEofPnwYGhr666+/0jRtEOcz7fDhw3VGv5pWI3vD3t7+999/f7KPCAwMDAwMZP4+derUkiVL1qxZM3jwYOOaBw4c0DWjtrY2PT19zZo169evb9WqVY8ePfRrHj9+XKPRvPfee6dOnfryyy+Ncxrs7OyCgoIOHTpknLml08hjb3CUNqZzDOqo1eqkpKTly5d/9dVXMTExNjY2+pVNXLOM+fPnjxs3jvm7oKBg06ZNUVFRnTp1MjE4DbyQS++VRFFUYGAgn8+Pjo5mctP37t27c+fO2NhY5hzFxsZGRUUtW7bs3XffJYT88ccf8+fPP3bsmO4MlpaWZmRkzJgxgxCSm5u7atWqkSNHLl26lMPhFBYWTp48OSQkRHey9CvHxMTExsbOmDFj+vTpLBZLKpVOnTp17dq1/fr1Y7PZN27ciIiImD59ekBAACGkuLjY398/ODg4NDSUEFJVVbVixYpu3bpt3rxZIBCoVKr58+evWLGie/fuBo90MNF6051w+fLlwMBAX19fb29vqVRquvL+/fuTk5O3b9/eq1cvQkhSUtKsWbP279//2WefNVj6HGRnZ69bt653795r164VCoVqtTowMHDPnj0jRoxo1aoVIWTDhg1ZWVkRERHt2rUjhGzZsmX//v3vvvsuU0oIuXr1KiGEyT9u8OzrV964cWNGRkZISAjz8saNGwEBATt37mTOflFRUUBAAJ/PHzFixIkTJwyabbpUp6qqauXKlQ4ODvVlzDPCwsLCwsKmTp0aHh5uursaHEjBwcE0TR85coS5OkJDQ8PCwvr27dvgYzfwkjMxSDAqXnOmf30AAABeZlj3FACgiaUUVBFCJvRw4f4d7WOzyPju4i/6N+/sVseslU2olqK3ns62EnI3fdCeCZ0SQliEvOlpGzymrZWQc7dAzmykaPJHWtnGU1krYzNCEnJv51fpdqKppfdczE8pkD+sUv90IT/o+IPQc3l5ZUr9D8opVYadf1T0V3GNfpFcVRt1TRIclxkclxmZVFSp1Dam5Xllysikos5uVivea8OETgkhAi77gx7iz/o1Z7FIdumjBb1q1FT0jeI1v2Wujnuw92JBUYVKfyd7LuZL5ZrrOZUbT2Wt/S3zbGopIaS8Rht+qWD18Qc/XciX1TxqT7ZUwVS+mVu19XT2mt8yD1+VKDX/Wpb1XqF8+9mclbEZW0/nnL5XSv29zinTRdey/5lX+a/impCE3PUnso4ml6i01NnU0l9vFDNFsTdLTt8rVWqoqGuS1XEPtp7OuZpd0Zg+AXhGHj58eOHChaFDh44YMSI5OdlgAtXY2FgmdBoQEKC7Yy4SiVasWNG/f/+8vDwmQ+6xcDic999/Pysr6+bNmwZFR48eNTc3Hz58+BMfztOTyWTZ2dkDBw7UD0yKxeLly5fPnj1bo9HU98Y33njDz89vy5YtMpmsvjpbt26trKzcunXr4MGDdWmmjo6O33777bhx42xsbLTaRn1JPjdP3BvPAYfDad++/bJlywghZ86cMSiNiorq0aPHpEmTFApFnaGCmTNn5uTkmLj1/2KPnc/n+/n5ff7553K5/MqVK/pFpq9ZY82aNZs9ezYh5P79+8+wxVAPiUTSrFmzzz77TDet96RJkwghKSkpzMtDhw5169aNCZ4RQvr373/06NExY8bo9nDlyhUOh9O9e3dCyOHDhwUCwYIFC5jcYldX159//nn58uV1VpZKpV27dv3kk0+YTG6RSDRs2DCpVFpcXEwIOXr0qJWV1fTp05k3Ojs7T5o06dq1a/n5+YSQ+Pj4qqqqmTNnMkmQAoFgxowZVVVVZ8+e1T+6mJiYpKSkzz//3HQnpKWlzZs3b+PGjXUm0587dy4kJEQuf/Q/pUePHu3Tpw8THCWE+Pr69u7d++jRo40pfQ5yc3M7duw4e/ZsJtuVz+czkc67d+8SQmQy2YkTJz766CMmdEoICQgI+O2333ShU0JIYmJix44dmfmWGzz7+pWVSuWYMWN00z537dq1Q4cOuoGUl5fXp0+f/fv3G0wj3JhSnQ0bNlhYWLzzzjumOyEnJyc0NHTGjBm6SQL0HTx48ODBg8zfpgcSM/P/hx9+qLs6pk2bZmlp+TxPKDwjJgYJRsVrzvSvDwAAwMsM0VMAgCZmZ8EjhFzPMYyQTegh7u1RdwJTU7mZV1VcqX6vi5OduWFOQHsXi//N8Bnc8dGyhStiM4KOP6hRU07WgvTimi8j7x+5XqyrfDCx6FSKdF5kanGl2lLAOZUi/Twi5WGVmim9mF7++b6UK1kyCwHnXqE8YP/dkymPsgqKK9WfhqccvFJkY8a1NuMeuV48fW+KfoCzPr/fldKE+PdpZpxfOqGHeLe/t4ejOSGkUqn9IiIl4nIBn8u2M+edSyub+tOd+0XVuk8/mFj0v6SinfG5fA47W6oIjsuMuVky/3+pRRUqHpf9yzXJ/MP3mRhooUx1MLEo4nLBxlNZtRTR1NK7z+fNPZSqqX0UI42+Ufx/P6dmPlQ4WQsqldr1JzKXx6QzRVqKPphYlJz7KHp6JbNi1oG7VzIrhDz25Yzyrw+nHb/1UNcnp++Vxt0qWXzkr+s5ldZC7u38ysCovy6klzfYJwDPCJPyOGLEiOHDh3O53CNHjuiXHjt2TCgUfvzxx8Zv3LRp086dO59sssTRo0dzOByDG2FFRUVJSUkjR440sRjbc2BlZcXj8VJSUqqrq/W3e3t7T5o0ydHRsb43qtVqZqrYrVu31lmhuro6Pj6+Z8+enTt3Ni4NDAz8v//7P4Pl7l64J+6N54ZZglStVutvvH79enZ29qhRozw9Pdu3b//rr78av7FNmzbjx4/fs2dPfdHHl+HY6zw609dsnSorKwkh+pO7wnPj6uq6a9cuXXiM/H1CmUluy8vL09PT+/btq/8WNzc3/WmTExMTvb29mbhjUlJSt27d9HOpxWKxwRy/usqffvrpjz"
10:43:47.580 [Forwarding screenshot on session 5e9977749cf8e028abefff19f425d7c0 to remote] DEBUG org.apache.http.wire - http-outgoing-15 << "/+qL90rkqlYrFYzNKnt2/f7ty5s/66uUxe161bt5hSMzOzjh076ko7duwoEAiYUoZEItm8efOsWbNatGhgKhR/f3/9iKCBCxcu7Nmzh7nQiouLi4uLu3Xrpl+ha9euxcXFEonEdKnpNjSVfv367d2719PTU7dFpVIRQpi1wK9du0ZRVL9+/XSlQqHQyclJfw9XrlxhplZuzNnXVSaEbNiwYeHChfqVlUqlbg3y7t27L1y4UH8w6DNdyjh37typU6dWrFjRYDLxihUrDKY91/fLL7/88ssvzN+mB9Lt27cJIfonlM/ne3t76w8z+I8yMUgwKl5zpn99AAAAXmaIngIANLERnRxtzbnBcZnfxWScuVdaXKlu+D1NhIkjdm1hbbpabpnyWnbFpJ4uy97xmDGg+ZaJ7Tu7We27XMCUcjksQsipu9Lv3m3zzdut5w1p+d27nmotfequlBCiqaU3nsrq3Nxq18feXw5pue3DDr6tbHaczVFpKULItjM5Nera0Cleswa5zx7k/qO/l0pLhSTkNtjyNEk1l83ydmtgJdFL6bKSSvW373jOH9py5kD3kMkdBVz2z1cKH7WczSKE3MyrDJ3iNWdwi+8/7GDB52w/k+Pfp9nika0XDm/1cZ9m2VJFenGN7jCvZVf86O89f1jLZe94zBjgnlFSk3C/lBBCE/LrjWLvZpZbJrafMaD5snc8Jvd2vZQhe/CwxrhVu/7IdbTi7/rYa87gFuvHt3ujudXt/CrdU9dcNutOgdyvjd2asW3/760W2z/qKOSxY2+WNNgnAM9CbW3tr7/+2rt3b2dnZ1tb2wEDBsTFxTE3ggkhNE3fu3fP29vbeNbTp+To6NivX78zZ87oko0IITExMTRN66Yr1LWwxsgTJLw2HofD8ff3v3///gcffLBr167k5GRdh5hGUZSLi8uMGTOOHz/OzLVoIC0tjaIoJiesSSiVSuPOadrs1cb3Bk3Txo2pqamhabrO+k0lNjaWEPLGG2/ob4yKirK2th40aBAhZPTo0WlpaUxamEGDZ86caWtrq79qr74nHgnGnqxzKIo6fvw4i8XSX5vW9DWrU1FRUVhYWFhYmJ2dHR8fHxQU1K5du1GjRjW+zc//0nt97Nu3j8ViDRs2jBCSk5NDCHF2dt68efOwYcN69eo1efLk8+fP69fXxc9oms7NzW3RosUvv/wyZsyYXr16vfvuu/v27dMfSPrBNgPFxcUnTpwYNGgQ89RLUVGRbj1mBpPpVVhYyPzXyclJP2mMzWY7OTkxpUxjVqxY0bZtWyaV1rQ619DVmTBhwsaNG5mpsIuKipgOqbNhpksbbMazoNVqDxw44Ozs3KVLF0II8zQGj8dbsGBB//79/fz85s6dm5mZqaufnZ0tkUiYc9Tg2devbOzSpUsZGRkjR45kXpruZNOlhBCZTLZ69Wp/f38vL68Gj9r03hYvXrx48WLmb9MDifmv8QktLCx81r8d8KyZGCQYFa85078+AAAAL7OX62l3AIBXgIMFL3SKV/ilgnNpZRfTywkhTlb8Xh627/o4tRKZPdOPrlBoCCH2Fg08P+5uL4yb203/H6Nerpa386vKa7R25lzm37U+za3aOj/KBmvvYkEIKZVrCCHJuZVVytq3OzvqkkTnDWlZXq1hEVa1uvZKpuy9Lk7O1o8eLLUz5w1oZ38yRaqlaK7JVUsrFFobM67pOoSQEZ1EIzqJdC8tBBx3B+E/swqzCCFkqJeIz2URQgRctpu9ML9c2e/v5WOZBNZSuZr8fWhDvUTm/Ef/1H+rg0NIQm5KgXyol4hFyP5PO+t3UUdXS0JIXpmS2YmOrEabU6qc0EMs5D3az8SeLv+7+q98CAGX/X7XR/9itOBz3O2FpfLnF1MH0HfhwoWHDx/q1igdPXr0mTNnzp49y9yNra6u1mq1TIJUkxs3blxCQsKJEyfGjx9PCKEoKjY2tnPnzvoJPYSQ+Pj4+Ph4g/e2aNGiMfl2T2zGjBnu7u4RERG7d+/evXs3l8v18fEZNmzY22+/rf+kfJ0mTZp04sSJ4ODgyMhIgywfZkZfJptQ58GDB/qhLxcXFyYtrDEmT55svHH16tVMVKapNLI3ysvL9dOtdE6ePNmEQ+jXX3/V9Y9CoUhNTb18+XL37t3144JlZWUJCQnjxo1jmjd8+PCtW7dGR0cbhwQsLS0XLlz49ddfHz16dPTo0cYf18hjz8/Pj4qKMnhvmzZtdDHdxnSOQqHQn0a4oqIiMTExPT19+vTp+ol9pq9ZnR9++OGHH37QvWzbtu3SpUsfK6v7hVx6r4OjR4/u27dv5syZbdq0IX+nBe/YsaNLly4rVqyorKyMiIj46quv9u7dy0TN09PTS0tLmYlqmccjEhISHBwcZs+ezefz4+Litm/fTgjx9/c3qGygvLz8q6++MjMz+/rrrwkhKpWqtrbWYPIAMzMzQgiTA6pQKIynFjAzM9OlYh8+fDglJeXQoUMNhuUa1K5dO908tzU1NYQQg49mXtbU1DCfVV/pUzbjCWi12qCgoLt37+7YsYNpRlVVFSEkMDBw2LBhH3zwQU5Ozq5duwICAo4cOcIkBCcmJpqZmTFfDg2eff3KBu7evbt06dI+ffqYSOp9LGvWrBGJRA1OwtwY+uFe0wNJoVAQoxNqZmZG07RSqWQGJLx6MCpeZw3++gAAALzMED0FAGh6jlb8r4e3mjek5V/F1bfzqq7lVBy/VXL8VsmC4a2GeT2TsASDz2ETQtTahp/SfVil/v1uaXpxtaxGo6Hoh5VqQoi29p9VP11s/4kBMHFBiqYJIYUyFSHE2fqfUmdrPhMuzS1R0YSkFMiD4/554j6nVFFL0aVyjS6kWiceh6WupUxU0EkvrjmbWppXpqxSamspOqdUYfvvaYpFlv98kIDLdrTi60KyAh6bEFJL/dM/LRz++Qe5rTmXz2WV1zxa2U6hoRJSS5PzKsvkGpWWkqtqCSG6eX11yqo15N8dYsHnuNn9K4LiaMXXjwsLeZwadaMOFqDJRUVFOTg4+Pn5MS979uzp4uISHR3NRGKY+NAT59uZ5uvr27x586NHjzLR08uXL5eUlMyaNcugmo+Pj3GM8DlM7Tty5MiRI0dKJJJbt25dv379/Pnzq1evjoqK2r17t+lP53A4S5Ys8ff3/+mnn2bOnKlfxPSnwSysCxcuZNKPGIGBgQbZtyYsXLjQYEJIQoj+VHhNpTG9YWlpqb/4og6zXF9TOXv2rG5y44KCAgcHh+XLlzMT2OrqxMTEaLVaXTTU0tLyrbfeOnXq1Jdffmm85uLAgQP79ev3/fff9+vXzyCwzWjMsaempqalpRm8cdKkSbqYR2M6R6VS6eay1mg0xcXF3t7eO3fuNEg7M33N6kybNu2tt94ihNA0LZVKExIS/P3958yZU2fEvU4v6tJ7hdE0HRISsnfv3s8//3zatGm6jYQQT09P3Qjp1avXe++9FxISwsS/ExMTLS0tmdg/U1mlUu3cuZO51+zn51daWrp79+6JEycKBAL9yvqysrLmzZvHYrFCQ0OZgD1zyVDUv/73o7a2VlfE5XKNU40pimIeCsnLy9u+ffu8efPc3Nyaso/qaRjzksvlMtHT+kqbtiUNksvlgYGBN2/e3Lhxo25SAeYcvf/++x9++CEhpEePHi1btpwxY0ZkZOSnn35KCElMTOzWrRvT2sacfV1lffHx8cuWLevevfvatWub5MBPnjz5xx9/7N+/v8m70fRAMn26m7Yl8PLAqHidNfjrAwAA8DLDbxUAwLPC47C8XC29XC0n9XTJK1Mu/CVtx9mctzo4cNksDotFCKHqinJqa2lmUtkn4GorIIRkPqxp7WjqKd1sqeL/fr5nKeCO7OwothHwOazzf5WfSyvTr8Nh1d0GtZYif097a4CJLAq4bEvBPwtuMT3QiJYLU4uqpXKNyNJU4uzvd6XrTmR1cLEY2N7B1pzL5bD3XSpgmqTD/ncCq+l0VgGXbfCS2ZtSQ/3fwXuFMtWoNxy7utuY8dl5ZcrwSwXGe6hW15K/Jw3WYcLYOpyGcmoBno/8/PzExEQOhzN48GDdRqVSWVRUlJWV1apVKz6f7+"
10:43:47.581 [Forwarding screenshot on session 5e9977749cf8e028abefff19f425d7c0 to remote] DEBUG org.apache.http.wire - http-outgoing-15 << "jomJ6e/iw+ncVijR07duvWrampqR06dDh69KiNjY1+SxiOjo4DBgx4Fg1oDLFYLBaLhw0bFhgYGBISEh4efvjw4alTp5p+V8eOHT/44IOIiAiDHFBm1ckHDx7ob1y/fj0Tny4pKVmwYMFjNc/X17dly5aP9RYdZilEg7tXDGbuX+N7WKZ7g8/nP4cztWPHDt0hr127Njo6umXLlvpNpSgqOjqaEMIEKhgajUalUp08ebLOyPTChQvHjx+/adOm1atXs+r5sTN97EOGDFmzZo2JZjemc2xtbXXRU61WO3ny5OLiYoMwWIPXrG6jk5OTLpmPEOLn56dWq7dv3z506FDjiHudXuyl9+pRq9XffPPNpUuXVqxY8fbbb+u2W1lZkX+v8Gdtbd2pU6c7d+4wLxMTE7t3785csObm5hwOx8vLSz/76s0337xx40Zubm6bNm30K+skJiYuWrSobdu2GzZsYGbHJYRwOBwLCwsm91GnoqKCEMLUsba2ZqbJ1SeTycRiMUVRy5cv9/b2HjlyJJPxyXyJqVQqhULxlJlhzCMFdTbMxsaGuULrK32az31chYWFc+bMqampCQsLa9++vW678Qnt3r27UCi8f/8+IUSj0Vy/fl33YI3ps29QWWfv3r07d+6cOHHil19+aXCun4xUKl2/fv3UqVObNWvGnFCNRkMIqamp4XA4ppdKbZCJgUT0Trf+oyQVFRVmZmYNrr0K/10YFa+zBn99AAAAXmaIngIANDGpXKOtpcU2/0q1bG4vHNzR4ecrRZIKlZudkJlcV1JhmOClqaWLK9VezRoON9apawsbFiGn7koHd3QwLv3hXN6bnrad3ayirkuUGipsagddPuitvKpGfoTIik8IqaipY5k9O3MeIaRzc6tP+z52XkL3ltZnU0tPpjyc3MvVoKhSod1zseADX7GLjSDicmELB+GWiR14f4dv99UV0Ww8ueqfA6FoIlfWMpmsF9LLs6SKxSNb63ryj7/K69yDBZ9D/o6h6kjlaqajAF4qzAycX375pf6ypiqVat26dUeOHGEieb169Tp27NjNmzd9fHwM3n7jxo2rV69Onjz5iVdFfeedd0JCQmJjY11cXC5evMjkTj3p0TQZtVr94MGD9u3bG6zI9cUXX4SHh2dkZDRmJzNnzkxISFi9evW8efN0G1u0aNGsWbOzZ8/OnTtXN2WZh4cH8wdzG/25sbGx4XA4dS4xlZuby+fzmXtYTdIbz8js2bPPnTu3YsWKgwcP6ubRvXz5clFR0fjx4w1ycMPCwo4cOVJn9FQsFs+cOXPTpk2jRo3SD0W8wGPncrlLliyZNm3ali1bvv32W932xlyz9WnXrt2JEycyMzMbGT2FJqTVagMDA5OTk3/44QeD71LmaQCD+8gsFotJslSpVMnJyV9++SWznc1mu7u7G1dm/mtQmXHjxo358+cPHDjwu+++Mwg8eHh46K/HSQhhXjLTp3t4eFy4cEEul+sytisqKqRSqaenZ1lZ2a1btwghBvNRz507l81mJyUlPV7v/FvLli3ZbHZWVpb+xgcPHrDZbOb5ANOlz4dUKp05c6aZmdm+ffscHR31i5hmMPP36mNO6K1btxQKhS6h3PTZN6jMiIiI2Llz54IFCyZOnNhUh3P9+vXKysqwsLCwsDD97f369evRo4f+HOBPwMRAIn//AmZlZeknMT948MBgDn94xWBUvOZM//oAAAC8zJ52zRIAANCn1FDT9t5ZHptuPMVr5kMFh81iQowdXS0tBZyYm8VKzb/SgI4mF6u01JuejV0Dz4DYht+/nf2NnMpfbxQbFEVcLoy6JskoqSGEyGq0lgKuLnSq1FDM+qwNT/j799KhSVky3ZboG8WTdt0qqlCJbfgiS96VTJl+/dv5VX8VN7ww1YB2Ds7W/J8Ti1KL/rX8iVpLB8dlxt0ukStrCSGyGo27vZkudJpeXJNTqmhEq+t1p0Cu+/t+kZwmpJmtkPkgQoiH0z8zFp65J61zD83sBDwO617hP/u5mVdVXld0GeDFUqvVx44d8/HxmThx4jt6xo0b17Nnz7i4OCaX6KOPPuJyuUFBQWVl/8pHLyoq+u6772JjY+vL1WsMJtk0Pj7+9OnTWq22qRZve0r79++fMmVKQkKCwXYmB7eRkSdzc/OFCxfevn375MmT+tunTZtWVlYWHBxsnPR57969p2j1Y+PxeL6+vomJiX/99Zf+9rt37169erVv375MHLFJeuMZsbS0XLBgQVZW1u7du3Ubo6KihELh7Nmz3/m3999/Pz09PSUlpc5dTZgwoUOHDmvWrNGPnr7YY+/UqdPYsWNjYmISExOZLY28Zutz7do1QgiT2QPP2Y4dOxITE7dt22b8GIq9vX3Hjh3PnDmj+05QKBR3795l0hmTk5PVarX+OqZ+fn537tzRT9u6evWqUChs0aKFceXi4uL58+f36dNn5cqVxjlbffv2TUtL0585/OTJk5aWll27dmVKaZo+c+aMrvT3338nhAwYMMDW1jbi3xYvXkwIWbx48b59+56qpwgRCoW+vr7x8fFMEjwhRK1Wx8fH9+rVSygUmi59yo9upNra2gULFrBYrB9++MEgdEoI8fX15fF4+t/8KSkpSqWSOaGJiYmOjo6tW7dmikyffYPKhJALFy5s27Zt/vz5TRg6JYT07t3b4IQyM59HREQEBgY+5c5NDCRCSJcuXSwsLE6dOqUrzcjISE9PR+L7qw2j4jVn+tcHAADgZYbcUwCApiTksae+2WxnfO68Q6ljujm3djQnhEgqVCfuPEzMlI3t5mwh4BBC+FzW7LdarP0tc9bBexN6iN3shJUK7R9pZafvlXq5Wo56w/DWTOPNHdwit0yxIz73Zl7VoA4ODha8kir1qZSH17Irh3R0GN3FmRDi6WT+5wPZ6XulfdvY5Zcrt53J6eBqeTG9PFuqcGooY7KFg7Bna5ujySUeTubdWtikF1dHXC5wtzdzsREQQib1dN1+Nmfr6Rz/N135HPaVrIotv2e96WkXOLK16d3yuaxl73guikr7MjL1nTecerSyEfLYOaWK6OvFeWXKuUNatnE2J4S0cbZIzq1Mk1S3cDBLzq0MuzW1DXgAACAASURBVJDv09wqtai6Uqm1Fj7JL9rVrIoTd6T92tpVq2t3JuRy2Ky3OjoQQto4WRBCYpJLPuvnJlfVHkgsZKYyzpYaBmsFXPaAdvZn7pUevirp42mbLVX8dCGf6Q2Al8rZs2dlMplubUh9o0ePTkxMPHPmzNtvv+3p6fn111+vXbt20qRJH374oZeXV21t7Z07dw4dOkQI+f77759yHcRx48b99ttvP/74Y48ePdzd3Y0rFBYWHjt2zHi7o6OjfpCgCY0bN+748eNLly6dOHFiv379bG1tq6qqbt26FR4ebmVlxazS2hj9+/cfOHBgVFSU/sb33nvv7t270dHRmZmZ48aNa926tVarzc3NPXv27J9//tmhQ4f+/fvr109ISGAWKdTp1KmTbupa41LGm2++WecSngbmzZs3bdq0mTNn+vv7e3l5aTSaGzduHDx40NbWds6cOY/bGyqVqs4zxWKxRo0a1WBjnszgwYP9/PwiIiLeeuut9u3bSySSS5cujRo1yjgfetSoUSEhIdHR0d7e3sb7YVar/fjjjyUSiS5ptalGAnnSzmGSa4OCgv73v/9ZWFg08ppltqSmpjK3nmmarqiouHDhQmJi4vDhw/Wner5z545Btrerq6tuEtHnf+m9qrKzs3/++efu3bsXFhbqZ3tbWFgw69fOmDFjzpw5ixcvDggIqK6u3rVrl0wm++ijjwghiYmJLi4uzKTfjI8++igmJmbu3LlLly61srI6duzYn3/+OXXqVB6PZ1x5x44dcrnc19f39OnT+k3q3Lmzi4vLuHHjDh06tGjRoq+//trR0fHEiRNnzpyZO3cuk8nduXPnXr16bd26VSgUent737lzZ8eOHX5+fswVZJDbzUz32qJFiw4dOtTZCefPn1coFISQ0tJSpVLJDE4zMzMme3X37t3x8fE7d+5kvrg+/fTTzz77bMmSJdOnTyeE/Pjjj8zUssyuTJc+B8eOHUtJSZ"
10:43:47.581 [Forwarding screenshot on session 5e9977749cf8e028abefff19f425d7c0 to remote] DEBUG org.apache.http.wire - http-outgoing-15 << "k4ceKVK1f0t7u5uXl5eVlbW3/00Ufh4eFisXjEiBE5OTkbNmywsrJ69913CSGJiYkGuaSmz75+Za1Wu2HDBpFIZG9vrx9YIoT0799fKBSmpKQUFBSQv5/wOH/+vJ2dHSGkX79+ZmZmJkqtra0NTuiFCxdI/atoKxSK8+fPM3/TNF1QUMC0p1mzZszwYBKgt2zZQhoaSAKB4JNPPmGmZB86dGhJScm6detEItHYsWMf76zAS8b0IMGoeM2Z/vUBAAB4mSF6CgDQxMZ0dbYx4x66UhQc988ENc3thf/3Vov3uvyTuTKko4OlgLPvUsH6E4+mI7Mx407ydZnc25X7FMtkWptxt33Y8WBi4e8pUiajlBDSwsHs6+Gthns/uuc+vrv4Tn7V2t8y1xJibcb9rK9bTw/b+0XyxUf++riPq3+fZqY/Yskoj62nszeezGLWbe3jaTtvyKObs6O7OGlrqYNXio7dKiGE8Dis4d6OAQObm9ibTnsXi9CPvfZeLDhx52H0jWJCCIuQri2svxzasrPbo/ktZw1yXx6TMfPAPUJIc3vhwuGtFBpq6a9/jdmRvGFCuydIifPv0+xkysONp7IIIdZC7pK3WzezFRBCfNytxnZzjr5efOxWCY/Deruz45JRHt9E/xWZVHSvUB48tq3+Tma/1aJaXbv7fN6uP/LaOJkvHNF6x9mcxiTyAjxPUVFRlpaWxuuMEkL69+9va2sbHR3NRGLGjh3bqlWrH3/8MSQkpLa2lhDC5/OHDx8+ffr0Zs0a+H5oUOfOndu0aZOenl7fTbG7d+/evXvXeHuPHj2eUQjHxsYmLCzs+++/j4qKioiIYDYKhUI/P7+ZM2e6uLg0flcLFy5MSkqqrv5XDv0333zTrVu3AwcOBAUFMVvYbHanTp2+/fZbg5ljCSE7d+402GdgYKAuAGZcyggLC2tM9NTDwyM8PPz777/fsWMHc2YFAkH//v3nzJmjy1BsfG9UV1evWLHC+FPYbPazi54SQhYtWjR+/Pjly5cfOHAgOjqapuk644sikejNN9/8/fffv/rqqzr30759+w8//PDAgQO6LU04Ep6sc5jk2sDAwG3bti1evLjx1ywhJCYmJiYmRncg7u7uS5cufeedd/TfFRcXFxcXp79lyJAhuujp87/0XlVpaWkURSUlJRlMaevm5sZET/v06RMUFLR161ZmZmmRSLRq1ao+ffqQuoJtIpEoJCRk1apV06ZNI4QIhUJ/f/+AgIA6K9+7d4+m6XXr1hk0aeXKlS4uLlZWViEhIcuXL//iiy8IIWZmZp9//vmUKVN01dasWbNy5cpvv/2Wpmk2mz1o0KClS5c+WSesX79eIpHoXi5ZsoQQIhaLmeipRCJJT09n1tokhPj4+KxZs2bjxo0ffvghIcTJyWn9+vW65x5Mlz4HzDwBkZGRkZGR+tvfe+89ZqHigIAAmqbDw8NDQ0MJIe3btw8ODhaJRDKZLC0tbfLkyfrvqu/sG1eWyWRM9J3pPX1xcXFCoTAqKur48eO6jRs3bmT+iI2NNTMzM136WD1QXl6u34bk5OTk5GRCyKhRo5gTYTC1sumB5O/vr1AodN3l5eW1bt063YSu8B/V4CDBqHidNfjrAwAA8NJi0TRu8AIAPBM1aqqsWk0IsTXnWQo49VWTq2rLqzVCHtuxqVfKLK/RyJW1VkKurXkdz8pUKLQKNeVoxeOwWYQQmpAqpdZKyG1kBFKhoUrlamsh19rMcOcUTUoq1VqKcrYW6GbZbbxaii6t1qi1lIMl34xnOMM8TcjDKjWHzXKweDQlnaaWVmkpEz1cp6SsisVH/lo9pk2v1rblNdoada2zNd8gbq3UUGXVGgdLnoD7qBlyVa2Qx64zvK2ppWma8LksQsjEXbfaOJuvGt3msZoE8LJRKpVSqZQQIhaLudxX/5E7iqJKSkoUCoWZmZmjo6NBXPPp1dTUlJWVcblce3v7F/u4vUqlKi4uZrPZJs7ss+6Nl9nrfOzw3FAUxcQXXVxcdI9/ZWZm2tvbM4sQG5BKpTU1NWKxWPftYaKyaVKpVKFQiMVi49l9CSFyuby0tFQkEj3xEtdPhqbpoqIiFoslFouNn4czXfoyUKlUJSUl5ubmDg4OzBalUpmfn9+8eXPjFb6Nz76Jyv9RpgeSWq2WSCSWlpaNefQHXhkYFa85078+AAAAz0hlZSXzx5kzZ2xtbSmKqu8fFMxjXjKZTPcQM6KnAADwOmKip0Hvt+nt8di3HQ0c+LPwdn5V0PttmdDpfUn1rAP3Pnmz2eTerk3RUgAAAAAAAAAAAAB4PE8TPX310wgAAACeqbZii32XC2YdvNvHw65aXft7itTZmj+2u/hFtwsAXhcURW3evNlEhX79+vn6+j639ly8eDExMbG+Ui6XO2/evOfWGAAAAAAAAACAx4XoKQAAvI5szLhd3K1tzZtg1iDfVjY/TPE6cefhg4c1bBaZ4Ct+5w0n4zmHAQCeHWYd0/pQFPXcWkIIoWnaRHtezlk3AQAAAAAAAAB0MHMvAAAAAAAAAAAAAAAAALw6nmbmXmTGAAAAAAAAAAAAAAAAAAAQgugpAAAAAAAAAAAAAAAAAAAD0VMAAAAAAAAAAAAAAAAAAEIQPQUAAAAAAAAAAAAAAAAAYCB6CgAAAAAAAAAAAAAAAABACKKnAAAAAAAAAAAAAAAAAAAMRE8BAAAAAAAAAAAAAAAAAAhB9BQAAAAAAAAAAAAAAAAAgIHoKQAAAAAAAAAAAAAAAAAAIYieAgAAAAAAAAAAAAAAAAAwED0FAAAAAAAAAAAAAAAAACAE0VMAAAAAAAAAAAAAAAAAAAb3RTcAAOA/JjMz80U3AQAAAAAAAAAAXjutW7d+0U0AAHgtIHoKAPB48P+pAAAAAAAAAAAAAACvKszcCwAAAAAAAAAAAAAAAABACKKnAAAAAAAAAAAAAAAAAAAMRE8BAAAAAAAAAAAAAAAAAAhB9BQAAAAAAAAAAAAAAAAAgIHoKQAAAAAAAAAAAAAAAAAAIYieAgAAAAAAAAAAAAAAAAAwED0FAAAAAAAAAAAAAAAAACAE0VMAAAAAAAAAAAAAAAAAAAaipwAAAAAAAAAAAAAAAAAAhCB6CgAAAAAAAAAAAAAAAADAQPQUAAAAAAAAAAAAAAAAAIAQRE8BAAAAAAAAAAAAAAAAABiIngIAAAAAAAAAAAAAAAAAEILoKQAAAAAAAAAAAAAAAAAAA9FTAAAAAAAAAAAAAAAAAABCED0FAICXjaaWVmioF92KpqHSUirtK3IsAAAA8HxotVqFQvEsKsMLoVarVSrVs6gMAAAAAADPCPdFNwAA4NUklWuSMmUP5WqlhrI153VwsejkZsX6u7RQprqZW9mtpY2zNd/gjRfTy2spun87e91ObMx5b3raGlRLyqrQ1tJ9PG1VWursvVITLRniJeJxWHUWqbX0jdyKjOKaGnWtnQXPw9G8Swvruqs+R+GXCiKTio7P7WbGq/cRnwqFNimroqBcqaVokSX/jeZWrURmz7ORjTT3UCqHzdr5UccX3RCAf6Fp+tixYxRFjRw5ks83/BZi5ObmJiUlSSQSHo8nFov9/PwcHByYovz8/GvXrtW3c2tr60GDBimVypMnT7Zs2dLHx+fmzZvZ2dlvvfWWlZWVcf2kpKTCwsLhw4cLBIKYmJj6dtu1a1d3d/fHPNDHQFFUUlJSRkZGaWkpn89v3rx5nz597O3tdRWYoxg+fLhQKCSEXLhwobS0tFevXmKxWH8/paWlFy5c6N27t7Ozs/72lJSUmzdvlpWVsdlssVjs6+trcDipqalpaWmDBw+2tLQ0bh5TWmfLzc3Nhw4d2uABMmfEw8OjU6dOBkV37tx58OCB7tAa0xvM4df5Qe7u7l27dm2wPcwReXp6ent7GxTFxMR4enp6eXnpb8zJybl69apEImGxWGKxuGfPnm5ubvoVHj58eOnSJVtb2wEDBhjs8NKlS1qttn///qabxHSRiQojR47k8XjGo9Tc3NzT07N169Z1vosZEsx1YVD0WJ3AHGBxcbFSqbSzs/P29u7SpQuLxdIvrbMBbdq08fLyMlGBEDJ06FBzc3"
10:43:47.581 [Forwarding screenshot on session 5e9977749cf8e028abefff19f425d7c0 to remote] DEBUG org.apache.http.wire - http-outgoing-15 << "Oaph/36NLS0lJTU1u3bt25c2eDIoNBYmNj4+zs3K5dOw6Ho1+nurp6+PDhde786Yf9C1RTU3Py5Mn8/Hxra+uOHTv6+voaVLh169aVK1e0Wm3btm0HDBjA5f7rH+Y7duw4f/58dHQ08zI/Pz8hIUEmk7m6ug4ZMsTa2tpE5Tt37iQmJqpUqmbNmg0YMMDOzk6/8t27dxMTE6urq93d3YcMGWJhYaFfKpFIEhISSkpKRCLRoEGDXFxc6jy6lJSUjIwMPz8/kUhkohMoioqPj6coqsGTRVHUxYsXU1JSaJr29vbu27cvm81uZOnzUVhYGB8fX1ZW5uTk1KNHDw8PD/1SrVZ7/vz51NRUgUDQrVu3Ll26GLx9+vTp7du3X7JkCfPS9NnXr0xR1B9//HHv3j0ej9eyZcuBAwfyeDyDnd+4cSM3N5e5io1bbrqUce7cOZlMNnr0aNOdIJfL4+Pj3dzcGvySNz2Qampqzpw5k5OTY2Zm1qtXL+MvQPjvMjFIMCpec6Z/fQAAAF5OiJ4CADQxmpDtZ3KO3SqxNuO2EplTNJ1fpiyt1vi4W61+v62QxyaE3C2Ub/o9e8V7nsbR032XCxRqiome5pQqNv2eTQjZOqlDp2b/up9++KpEoant42lbo67dcjpbt52iCSGErRcC9WtjxzOr49v+coZs6+ns0mqNnTnXxpz3sFJdra51tRUse8ezjXO9t1deOJqQg38WHrxSqNbSYhs+j8OWVKg0tXS3FtZLRnnY1HWkL9D7XZ3ZrBcejwYwdOXKlZUrVxJCBALBiBEjDEqrq6uDg4NPnTrF5XLd3NxUKlVxcTGLxZowYcK8efM4HE5qampwcLCuPkVRhBDdvWwPD49BgwbJ5fKgoKAxY8b4+PjIZLKgoKDq6uqPPvrI4LM0Gs0333zj7Ow8evRorVYbFBSkvyt9y5Yte3bR0/v37y9YsKC4uLhdu3a2trYymeyvv/7icrmrV68eOHAgU+e3336Ljo728/NjQozh4eG3bt3y9fUNCQnR31VeXl5QUNC2bdt00dPs7Oxvv/02NTXVwsJCLBZXV1cXFxfTNP3+++8vWrRId9M8ISFhz549Pj4+dUZPmdI6e8bV1bUxYaSKioqgoKCJEycaR09PnToVGRnZu3dv5tAa0xvM4dfZnlGjRjUmesockZ2d3ZEjRwxCQatXr54yZYoucFhVVRUUFHT27FlmQBJC8vPztVrtsGHDFi9erOuuzMxMZvyEhYX5+Pjo7/DAgQMKhaLB6Ckz8nUvDQY2IWTAgAGWlpZBQUEcDkc/gKFUKgkhb7zxxpo1a5ycnAx2GxkZuXfvXhaLdezYMYNYeyM7gabp9evXHzlyxMbGxtPTk6KonJwcqVTavXv3LVu2mJmZ6Q6fxWKxjH50/P39vby8TFQghPTs2dPc3Ly2tvZxj27dunW3b99u3rz5r7/+alDEDBJdSJ7Zj4uLy9q1a3UnNzw8PC8vr77o6dMP+xclJSVl/vz5VVVVbdq0qaio2LFjR69evTZv3qx7WmXt2rVRUVGenp4CgWDPnj1dunTZsWOHQCDQ7SExMbFnz57M38ePHw8KCnJwcHB1dY2MjNy9e/fu3bubN29uXJmm6VWrVsXGxorFYpFIFBkZuWXLlpUrV+oeKdi2bVtERIS7u7tIJDp8+PCuXbt27dql+2o9d+5cYGCglZWVh4dHVlbW9u3b165da/w4glQqnTNnTmVlZWhoqInoaUFBwfLly5OTk8VisemTpVQq58yZk5yc3KFDBzabHR4e3qVLl23btjGDx3Tp8xEdHb1hwwYzM7MWLVrk5eVt2rTpk08+mTlzJlMql8tnz56dmprq5eUlk8lCQ0OnTJkyd+5c3dtlMtn9+/f9/f2Zl6bPvn7lioqKWbNm3b9/39PTk8Ph7N6928XFJSQkRPfsiEKh2LJlCxM49/X1NYiPmi7V+fPPPxcsWEAIMR09vXbt2vLlyyUSSYNf8qYHUm5u7hdffFFZWdmxY8fy8nLj7oL/LhODBKPiNWf61wcAAOCl9XLdZQYAeAWcu18Wc7Pkgx7iaX3duGwWIYSiyZHrktBzefsuF3zRv3mDezBga87dfCrrR3/vOlNI7cx5p+f30L30/+kOh83a80kDj+smZVUsO5ru7iBc9q6ndzNLQghNyOUM2aZTWXMPpf70ibeLjcD0Hl6Un87nH0oq6uNpO2tgC7ENnxCi0lJHk0vCzufN/9/9XR97cdgvUbRymJepnAyAFyUqKqpt27Y8Hi86OtogelpbWzt37tybN29Onz59ypQpTGhKKpVu37790KFDGo0mMDBwyJAhQ4YMYepLpdLhw4ePHz9+0aJF9X1c3759nZycjh49ahw9ZfJddPegCSFDhgxZs2ZNkx1q4yxdulSj0fzyyy8tW7ZktkgkktmzZy9dujQuLs7W1jD7n2FnZ5eUlBQXF/f222/Xt2eJRDJ9+nSappm7hEys9OHDh6Ghob/++itN00uXLm18Ow8fPqxr4bPTyN6wt7f//fffn+aDhEKhQqHYunXrsmXL6qujVqsDAgLS0tJmzJgxadIkJlNBLpcfOHAgLCysoKAgLCxMP23Lzs4uKCjo0KFDxulZDXJwcEhKStK9HDt2LIfDOXz4sH4drVZLCBk0aJD+KJXL5TExMVu2bPnmm2/CwsIM6sfExLzzzjsnTpw4evTojBkznqATTp8+/csvv3z88cczZ85kDpaiqJ9//nnr1q27du2aN2+eruaiRYvGjRtn4hgbrPBYR5eenn779u0xY8ZER0dfu3ate/fuBrvSHyRqtfr8+fPffffdkiVLjh49aroN+p7PsG9CFEUFBgby+fzo6GgmXr53796dO3fGxsYynR8bGxsVFbVs2bJ3332XEPLHH3/Mnz//2LFjulNTWlqakZHBjJbc3NxVq1aNHDly6dKlHA6nsLBw8uTJISEhunOkXzkmJiY2NnbGjBnTp09nsVhSqXTq1Klr167t168fm82+ceNGRETE9OnTAwICCCHFxcX+/v7BwcGhoaGEkKqqqhUrVnTr1m3z5s0CgUClUs2fP3/FihXdu3c3eKQjKCiowevr8uXLgYGBvr6+3t7eUqnUdOX9+/cnJydv3769V69ehJCkpKRZs2bt37//s88+a7D0OcjOzl63bl3v3r3Xrl0rFArVanVgYOCePXtGjBjRqlUrQsiGDRuysrIiIiLatWtHCNmyZcv+/fvfffddppQQcvXqVUIIk3/c4NnXr7xx48aMjIyQkBDm5Y0bNwICAnbu3Mmc/aKiooCAAD6fP2LEiBMnThg023SpTlVV1cqVKx0cHOqbToARFhYWFhY2derU8PBw093V4EAKDg6mafrIkSPM1REaGhoWFta3b9/GPHYDLzMTgwSj4jVn+tcHAADgZYZ1TwEAmlhKQRUhZEIPF+7fYTw2i4zvLv6if/PObnXMWtmgaX5ueWXKQ1eKmqqFtRS99XS2lZC76YP23n+ntLIIedPTNnhMWysh526BXFf5XqF8+9mclbEZW0/nnL5XyuS2EkI0tfSei/kpBfKHVeqfLuQHHX8Qei4vr0yp/0EVCm1kUtHquAffn8m5kF6uXyRX1UZdkwTHZQbHZUYmFVUqtY1peV6ZMjKpqLOb1Yr32jChU0KIgMv+oIf4s37NWSySXfpo3S+KJn+klW08lbUyNiMkIfd2fpX+TvZczJfKNddzKjeeylr7W+bZ1FJCSHmNNvxSwerjD366kC+redQepeb/2bvz+JiutwHgzyyZJXtkjxAkUZIgTAQREapiqVKUWKOoEmqppZSfitoqqGrEWlspLwkRQhCJtZ2ESJBFBFllXybbbJnl/ePo7TWTTIJQbZ/vH/1k7jkzc+45Z2bqPvc5R3XgVv7D57X5ldI91/PWRz3dfzO/qEpOb1VjXQQAkckl5+6XUg8fF4tD43I3X8yKSCqRKVRX08vP3CsmRQlZVb/+UQAA1zIqNkdnbb6YFfWglP5SCLWU0tLSmzdvDh48eOjQoUlJSdnZ2fTSyMhIEjqdM2cOdcXcwsIiKCiof//+eXl5JIHslbBYrE8//TQrKys5OVmjKCIiQl9fv7"
10:43:47.581 [Forwarding screenshot on session 5e9977749cf8e028abefff19f425d7c0 to remote] DEBUG org.apache.http.wire - http-outgoing-15 << "HMs3dDJBJlZ2cPGDCAHqGxsbFZs2bNvHnz6uvrG3tit27dvL29f/zxR5FI1Fid7du3V1dXb9++fdCgQVSQz9LS8n//+9/YsWNNTExINO798dq98Ro4HM6XX34ZGRmZmJjYWJ3/+7//e/To0cKFC2fOnEkt8mZoaDh79uy5c+empKSEhYXR6wcGBubk5DR5fb9lGRoaTpo06cMPP0xOTtYIFJGlPkePHt2vX7+zZ88qlUqN5zanE8gHZ8qUKdQUYjKZkydPXrBggUAgaOmz0aTj7MLCwgwNDRcuXEjSZ3W/DofDGTRoUL9+/fLz82tra3VX/kcrKipq3br1F198QaUaT5gwAQBSUlLIw+PHjwsEAhI8A4D+/ftHRESMHj2aeoX4+HgWi0Wi0SdPnuRyuUuWLCErHtvZ2f32229r1qxpsHJZWVmPHj0+//xzkmFsYWHh5+dXVlZWXFwMABEREUZGRjNmzCBPtLa2njBhwt27d/Pz8wEgNja2pqYmMDCQJEFyudzZs2fX1NRcvXqVfnZnz55NSEiYNWuW7k7IyMhYuHDhli1bGkymv3btWmhoKDUNIiIivLy8SHAUADw9Pfv06UOF2HWXvgO5ubkuLi7z5s0j2a4cDodEOlNTUwFAJBJdvHhx0qRJJHQKAHPmzLlw4QIVOgUAoVDo4uJC8subHH16ZalUOnr0aGrZ5x49enTu3JmaSHl5eV5eXr/++qvGMsLNKaUEBwcbGBiMGDFCdyfk5OTs3r179uzZDSavHzt27NixY+Rv3ROJrPw/ceJE6tMxffp0Q0PDdzmg6C3RMUlwVvzH6f71QQghhN5nGD1FCKEWZmagBwCJOVUax8f1tOnj2HACk26Olvoju1v9Fl+gEZt8bcl5NcXV8pHdrcz0NVMHOtka/N9s90EuL3Y3PH2v+Kvf0p+VSqyMudVSxeaLz9aczaQqHxMWXkopW3givbhabshlXUopm3UkpbTmRWSxQCSbcTDlzL1iDotZUVcfdPbJ5otZpKi4Wj7zUMqx+EITPtuYzw5PLJ5xMKWwStZkyy+nlqkBArxaa+eXjutpsy/AzdHyxaJkQZFP1p1/KparrIy5mcXiRScehScWU+9+TFj4fwmFO2NzOSxmdplkQ9Szs8kli/8vvbBKpsdmnrpbtPjkIxK4VKrVx4SFkUnFS05mlNXKeXqsc8kls46k5FdKm9NFFx6WRqe8iJ7GP6uaezQ1/lkVT4/5+5PKpSczzt8vjU55cSX6QX7N4dvP99/MPx5fyNdjFtfItl3O3hmb02SfIPSqSMrj0KFDhwwZwmazNWIe586d4/F4U6dO1X7i1q1bd+7c+XqLJY4aNYrFYmlcCCssLExISBg2bJiOzdjeASMjIz09vZSUlLq6OvpxNze3CRMmWFpaNvZEuVz+zTffSKXS7du3N1ihrq4uNja2V69e2ltCAsDy5cu/+uorje3u/nav3RuvQSaTTZgwoWPHjhs2bJDL5Q3WiYyMNDMzGz9+vHbRxIkTjYyMNPbpdHZ2/uyzzw4cOKBxW8A7QHaX1AiHh4eHOzg4dOnSZcSIEeTGBY1nNacTyJbD8fHxGsenTJnSr1+/FjsBnbTPTiwWX7x48aOPPtLX1x82bFhcXFxlZWXjL/BCVVWVqalpgxG1fw07O7s9e/ZQ4TEAICNLFrmtrKzMzMzUGDh7e3v6AsVCodDNzY30UkJCgkAgoO8PZ2Njo7HGL1V55syZe/fupe8sK5PJGAwGGb4H0IbUIQAAIABJREFUDx507dqVvtc1yeu6f/8+KeXz+S4uf+3U7uLiwuVySSlRVFS0bdu2uXPnOjg46O6EgIAAekRQw82bNw8cOEC+ZIqLi4uLizXuA+jRo0dxcXFRUZHuUt1taCk+Pj4HDx50cnKijshkMvjzg3n37l2VSuXj40OV8ng8jTWu4+PjydLKzRl9qjIABAcHL1u2jF5ZKpVSe5B7eHgsW7aMPhnodJcS165du3TpUlBQUJPJxEFBQRorotOdOnXq1KlT5G/dE+nBgwcAQB9QDofj5uZGn2boH0rHJMFZ8R+n+9cHIYQQep9h9BQhhFrY0C6WpvrsDVHPvjv7JCatvLi64YuhzadSq6f3szfhs7ddbplrwY8K6wCgh4Ox7mpqgDP3it1aG/7o32m2b5vVIxwn97G7/UT0tFQMAGwWAwAupZZ994nzt8M7LPyo3XefOMkV6kupL8KBP1/NUYN6z1S3pUPaB410muFjfym17OHzWgDYEZMjlit3T3GdO7DtvIFt9wa4yhSq0LjcJlueUVTHZjLc7Ju46ppbIb2bXTWhl+3qEY6zfdv86N+pq73R4d+fk1KSE5ycV717iuv8QQ4/TexswGH9HJMT4NV6xbAOy4a0n+rVOrtMklksBgA9JhMArmVUrPvUeeVwx8WD220d36lOpvwtvrDJLtKw53qupRFnz1TX+YMcNn/2Qbc2Rg/ya6ibs9lMhhrgeaV01xTXrz502DquU1d7I0w/RS1OqVSeOXOmT58+1tbWpqamvr6+UVFR5EIwAKjV6rS0NDc3N/qV+hZhaWnp4+MTExNDzzk7e/asWq3WWEdUqVSKtbxGwmvzsVisgICAR48ejR8/fs+ePUlJSVSH6KZSqWxtbWfPnn3+/Hmy1qKGjIwMlUqlvZzpa5NKpdqd07LZq83vDbVard0YsVisVjf3a0ulUrHZ7JUrV+bm5h44cEC7gkQiycrK6t69e4MxZi6X261bt8zMTPr0UKvVgYGBpqam9B1M34Hq6urr16/b2NhQ+90CQHZ2dmJi4siRIwGgb9++FhYW2puDNtkJADBy5EgzM7NVq1YtWbLk4sWLhYWvvxZFfX299pA1FrXVfXYXLlwQi8Vko0Syb/G5c+e0z67gTykpKdu3b09MTKQvNdwc72Dav22HDx9mMBh+fn4AkJOTAwDW1tbbtm3z8/Pr3bv35MmTb9y4Qa9Pxc/UanVubq6Dg8OpU6dGjx7du3fvTz755PDhw/RPGT3YpqG4uPjixYsDBw4kd70UFhbSRxAASKZXQUEB+a+VlRU9aYzJZFpZWZFS0pigoKCOHTuSVFrdGtytljJu3LgtW7aQZcDJfG6sYbpLm2zG26BQKI4ePWptbd29e3cAIDdq6OnpLVmypH///t7e3gsWLHj27BlVPzs7u6ioiIxRk6NPr6zt9u3bT548GTZsGHmou5N1lwKASCRav3492Re5ybPW/WorVqxYsWIF+Vv3RCL/1R7QgoKC5v92oPeTjkmCs+I/TvevD0IIIfQ+e7/udkcIoX8BcwO93VNcD91+fi2j4lZmJQBYGXF6O5p+4m7V3oL/eq9pwGF99aHDd2efXHhYOqzLm6b+VEnqAaCVQRO3mTMAfp3Zlf5vVhc7QwDIq5A6WuqTf/66tzHqaP0iaayTrQEAlNfWA4BYrrqbXTW8q5Wp/osfmk/crbq0NmrbilcnV8Y/E43sbmVt/OL+UzN9Pd8PWkWnlClUarbOXUurJAoTPlt3HQBo24oXtUBAb7mrneGD/JpKscJMnw0MAIDBrhYcNgMAuGymfStefqXU54NWpDJJYC2vlcOfp+bW2sjJ6sXfTlb6DuY8srix7i6iN0kkVuSUS8f1tOHpvbiy4N/L9v/u/JU2Qa4njPWwoU6uk63Bg/yaaomC6kOE3tzNmzdLS0upPUpHjRoVExNz9epVcjW2rq5OoVCQBKkWN3bs2Li4uIsXL3722WcAoFKpIiMju3btSk/oAYDY2NjY2FiN5zo4ODS5LuibmD17dtu2bY8cObJv3759+/ax2Wx3d3c/P7/hw4fT75Rv0IQJEy5evLhhw4YTJ05oZPmQFX1btWpFP/j06VN6PNLW1pakhTXH5MmTtQ+uX7+eRGVaSjN7o7Kykp5uRYmOjn6lKeTq6jp+/PhDhw75+fnR17oEgKqqKtDqQDqSCysSiajl/gDA0NBw2bJlS5cujYiIILG9FpeVlUUtDqxWq0tLS69evVpdXR0cHEy/OhwWFsZmsz/++GMAYLFYI0aMOHToUFFREb21hI5OAAALC4ujR4/u2bPnypUr165dAwAbGxtvb++xY8dqfHy0F8"
10:43:47.581 [Forwarding screenshot on session 5e9977749cf8e028abefff19f425d7c0 to remote] DEBUG org.apache.http.wire - http-outgoing-15 << "cGAC8vLzs7O/L31q1bt27dqlFh9OjR33777aueXXh4uLOzM4m7tG/fvmvXrqdPn54yZQq9jkgkoqdgstnsGTNmULsmN9O7mfZvT0RExOHDhwMDA52dnQGguroaAEJCQrp37x4UFFRdXX3kyJGvv/764MGDXbp0AYDMzMzy8nKyUC2JE8fFxZmbm8+bN4/D4URFRf38888AEBAQoFFZQ2Vl5ddff83n85cuXQoAMplMqVRqLB7A5/MBgOSASiQS7aUF+Hw+lYZ+8uTJlJSU48ePNxmWa9IHH3xArXMrFosBQOOtyUOxWEzeq7HSN2zGa1AoFOvWrUtNTQ0JCSHNqKmpAYDly5f7+fmNHz8+Jydnz549c+bMCQ8PJwnBQqGQz+d369YNmjH69MoaUlNTV61a5eXlpSOp95Vs3LjRwsKiyUWYm4Me7tU9kSQSCWgNKJ/PV6vVUqmUTEj074Oz4r+syV8fhBBC6H2GF2QRQqjlWRpxlg5pv/Cjdo+L6x7k1dzNqTp/v+T8/ZIlQ9r7ub5mWMLb2ayPo+mea3l9HM3M3iycxmExAUCuaPpmXkm9Ki69PCmvuqK2XqZQ1cqUAFCv/OuJtqZ/hQpIXFClVgNASbVMpQZrk7+usxtwWGSP1SclYjVAyvPaDVF/3ZifUy5RqtTltfVUSLVBeiyGXKlqzjmW1sgvp5ZnFteJxPX1KnVptRwAFLTnWhj+9UZcNtPSiENd7uXqMQFAScv6dDB/6d971sZcamvYJruIqKirJ0+kjhhwWPZmmsup2Zo03J8ItZSwsDBzc3Nvb2/ysFevXra2tqdPnybRUxIba2bm5avy9PRs06ZNREQEiZ7+/vvvJSUlc+fO1ajm7u6uHSx5B0v7Dhs2bNiwYUVFRffv309MTLxx48b69evDwsL27dun+91ZLNbKlSsDAgJ++eWXwMBAehHpT43EvmXLlpH0I2L58uUa2bc6LFu2TGNBSACgL4XXUprTG4aGhvTNFylku75XMmfOnNjY2PXr1+/bt48eeyOLSerIjCRF2ktTDhgwwMfH56effvLx8dERfH1tz58/p5ahrq2tFYlEw4YNmzZtWocOHag6Uqn0/Pnz9AaMHDny4MGDZ86cmTNnjvZrNtYJhLW19erVq5cvX56enp6UlCQUCk+fPn369OnVq1eT6Cxx6dKly5cvazw3ODiYip6OGTOmT58+GhWo0uaf3YMHDzIzM0lYjhg1atTatWvv3LlD7dEIACYmJqGhoeRviUTy5MmTo0ePXrlyZffu3c0Psb+zad/i1Gp1aGjowYMHZ82aNX36dOogADg5OVEfn969e48cOTI0NHTXrl0AIBQKDQ0NSViaVJbJZDt37iTXmr29vcvLy/ft2+fv78/lcumV6bKyshYuXMhgMKiuJgncKtVL/xNFNuIlRWw2WzvLX6VSkc9XXl7ezz//vHDhQnt7+5bso0YaRh6y2WwSPW2stGVb0qTa2trly5cnJydv2bKFWlSAjNGnn346ceJEAOjZs2e7du1mz5594sSJmTNnAoBQKBQIBKS1zRl9qjJdbGzs6tWrPTw8Nm3a1CInHh0dff369V9//bXFu1H3RNI93C3bEvT+wFnxX9bkrw9CCCH0PsPfKoQQelv0WAxXO0NXO8MJvWzzKqTLTmWEXM35sLM5m8lgMRgA0OCirAqlmiyKq23+IIfPDzwMjc1Z+bGj1pXVV2BnygWAZ6XiDpa6buaV1qu+OpZWIJJ93M2yR1sTPoeZVyE9dPs5vQ6rkXbIlWoA0GsoSZREFrlspiH3r325SEc1o+W89MK6stp6C0NdibPZZZKvfksz5LKHdbW0MeFyWIwbjyuvZVTQ6zBfbpvudFYOm6nxkARxm9NFRJ1cCX8uGvzX67A0szdYTaXVIvQm8vPzhUIhi8UaNGgQdVAqlRYWFmZlZbVv357D4VhaWmZmZup4kdfGYDDGjBmzffv29PT0zp07R0REmJiY0FtCWFpa+vr6vo0GNIeNjY2NjY2fn9/y5ctDQ0MPHTp08uTJadOm6X6Wi4vL+PHjjxw5opEM16ZNGwB4+vQp/eDmzZtJfLqkpGTJkiWv1DxPT8927dq90lMoZCtEjatXBFkEVfsalu7e4HA4LTVSBgYGy5YtW7JkyZkzZ0aPHk3FDs3MzPT19elrYGrIysoyNDQ0MTHRLlq2bNlnn322devW9evXawcj35C3t/fGjRvJ3wUFBePGjauurqYHFwHg0qVLtbW1t27d0uils2fPfvHFF9q93Vgn0HE4nG7dunXr1m3atGnZ2dnz5s0LDg4mGxiTCt98843uYLyzs3OTo9acswsLCwOAkJAQEvKBP6fW6dOn6dFTFotFpRgCgLu7e+/evUeNGrVv3z5qnc8mvcm0/xvJ5fJvv/329u3bQUFBw4cPp44bGRnByzv8GRsbd+nS5eHDh+ShUCj08PAgH1h9fX0Wi+Xq6krPvurbt++9e/dyc3OdnZ3plSlCofCbb77p2LFjcHAwWR0XAFgsloGBAcl9pJD0blLH2NhYe1FoktitUqnWrFnj5uY2bNgwkvFJvsRkMplEInnDzDByv0WDDTMxMSEfhMZK3+R9X1VBQcH8+fPFYvH+/fs7depEHdceUA8PDx6P9+jRIwCor69PTEykbqzRPfoalSkHDx7cuXOnv7//okWLNMb69ZSVlW3evHnatGmtW7cmA1pfXw8AYrGYxWLp3iq1STomEtCGm36fTVVVFZ/Pb3LvVfTPhbPiv6zJXx+EEELofYbRU4QQamFltfUKpdrG5KUcyjateINczH+LLyyqktmb8ciquUVVmgle9Up1cbXctXXDcUQrI850b/vQuNzBbhaNhS2bo4eDCQPgUmrZIBdz7dJd1/L6Opl2tTe6mVmZVSZZMawDVe3648pmvgWJbookDWxLZqavBwBd2xjN7PfK6Qse7YyvppdHp5RO7m2nUVQtURy49Xy8p42tCTcssUhar9o/rTOVyXo/r+ZV34uOZJRSaqQKEz4bAJrfRQYcFvwZQ6WU1cotjJpYFBShFkQWv120aBF9W1OZTPbDDz+Eh4eTSF7v3r3PnTuXnJzs7u6u8fR79+7duXNn8uTJr70r6ogRI0JDQyMjI21tbW/dukVyp173bFqMXC5/+vRpp06dNHbk+vLLLw8dOvTkyZPmvEhgYGBcXNz69evpezo6ODi0bt366tWrCxYsoJYsc3R0JH+Qy+jvjImJCYvFanCLqdzcXA6HQ65htUhvvAZfX19fX98dO3b079+fCg8wmcxevXrFxcXl5OQ4ODhoPCU/Pz8tLc3Pz6/BdURtbGwCAwO3bt368ccft0i8oTF2dnazZs3asWPHhQsXqP0IASA8PNzS0lIjEPLkyZNjx45ph1SJBjsBAEpKShQKhUaGaLt27YYOHXrw4MGCgoK2bdu29Gm90ODZVVVVxcTE9OzZk36+ABATE3Pt2rWKigod+b729vYGBgaPHz9+Sw1+TygUiuXLlyclJe3atUvju5REgjWuIzMYDDKNZTJZUlLSokWLyHEmk9m2bVvtyuS/GpWJe/fuLV68eMCAAd99951G4MHR0VHjXgTykKz/7OjoePPmzdraWrLeLABUVVWVlZU5OTlVVFTcv38fADQW616wYAGTyUxISHi13nlZu3btmExmVlYW/eDTp0+ZTCZZxVp36btRVlYWGBjI5/MPHz5MFgynkGaQ9XvpyIDev39fIpFQC9vqHn2NysSRI0d27ty5ZMkSf3//ljqdxMTE6urq/fv379+/n37cx8enZ8+e1C0Rr0fHRII/fwGzsrLoScxPnz7VWIQc/cvgrPiP0/3rgxBCCL3P3nTPEoQQQnTSetX0gw/XRGZqr936rFTCYjJI7NDFztCQyzqbXCytfykNKCKpWKZQ9XVqdA+8T3tYd7TW334l+032nLIx4fT/oNW9nOoz94o1io78XhB2t+hJiRgAROJ6AHC0+mvJypi0sma+hZmBnpm+3p2sKurI42LxuF3JsY8qbEw4FoZ68c9E9PoP8mseFze9f5XvB+bWxpzfhIXphS/tkiJXqDdEPYt6UFIrVQKASKww5LKp0Km0Xk"
10:43:47.582 [Forwarding screenshot on session 5e9977749cf8e028abefff19f425d7c0 to remote] DEBUG org.apache.http.wire - http-outgoing-15 << "U2oH3tNXBTn9dSz61Xqh8X1dmb8eBVuqi1GVePxUgrqKWOJOfVVIobiC4j9JbI5fJz5865u7v7+/uPoBk7dmyvXr2ioqJILtGkSZPYbPa6desqKl5K1y4sLPzuu+8iIyPfJI2PJJvGxsZeuXJFoVC01OZtb+jXX3+dMmVKXFycxnGSg6u9ZGiD9PX1ly1b9uDBg+joaPrx6dOnV1RUbNiwQTvpMy0t7Q1a/cr09PQ8PT2FQqFG4Co1NfXOnTv9+vUj4boW6Y3Xs3TpUpVKFRwcTF8qOSAggMlkfvfddxqbY8lksu+//57FYk2dOrWxFxw3blznzp03btz4VqOnADBx4kRnZ+ctW7aUl5eTI48ePUpLSxs5cuSIlwUGBhoaGurYxFe7EyQSybhx45YtW0aSw+gyMzPZbPbbWJqYTvvszp07J5fLp0+frnF2M2fOVCgUkZGROl4tPT29rq7O1tb2rbb5bxcSEiIUCnfs2KF9G0qrVq1cXFxiYmKo7wSJRJKamkrSGZOSkuRyOX0fU29v74cPH9LTtu7cucPj8RwcHLQrFxcXL1682MvLa+3atdo5W/369cvIyKCvHB4dHW1oaNijRw9SqlarY2JiqFKyCrSvr6+pqemRl5HU4RUrVhw+fPiNegqAx+N5enrGxsaSJHgAkMvlsbGxvXv35vF4ukvf8K2bSalULlmyhMFg7Nq1SyN0CgCenp56enr0b/6UlBSpVEoGVCgUWlpaUqnbukdfozIA3Lx5c8eOHYsXL27B0CkA9OnTR2NAyRbRR44cWb58+Ru+uI6JBADdu3c3MDC4dOkSVfrkyZPMzMy/cc0J9A7grPiP0/3rgxBCCL3PMPcUIYRaEk+POa1v652xuQuPp48WWHew1AeAoirZxYelwmeiMQJrAy4LADhsxrwPHTZdeDb3WNq4njb2ZrxqieJ6RsWVtHJXO8OPu2lemqEwGfC1X/vAX1NLquUdbV4z/QsAFgxyyK2QhMTmJufVDOxsbm6gV1Ijv5RSeje7+iMX81HdrQHA2coAAM4mlXzhY18rUx4VFpCE1+wySZOvzwAY19Nmz/W80LjcMQKbyrr6n2Ky5UqVexsjAJjQy+7nqznbr+QE9LXjsJjxWVU/Xs7q62S2fFgH3S/LYTNWj3D6Jixj0Yn0Ed2serY34ekxc8olpxOL8yqkCz5q52ytDwBOVvp/PBVdSSvv52yWXyndEZPT2c7wVmZldpnE6rVyPWtlipCrORN72/H0mHuv50nqVX5uFq/URVw20/eDVjFp5SfvFHk5mWaXSX65mU/f5RSht+3q1asikYhcIdUwatQooVAYExMzfPhwJyenpUuXbtq0acKECRMnTnR1dVUqlQ8fPjx+/DgA/PTTT2+4BenYsWMvXLiwd+/enj17NpgwV1BQcO7cOe3jlpaW9CBBCxo7duz58+dXrVrl7+/v4+NjampaU1Nz//79Q4cOGRkZkV1am6N///4DBgwgK5pSRo4cmZqaevr06WfPno0dO7ZDhw4KhSI3N/fq1at//PFH586d+/fvT68fFxensR9kly5dqGVLtUuJvn37NieEtnDhwunTpwcGBgYEBLi6utbX19+7d+/YsWOmpqbz589/1d6QyWQNjhSDwaDvxNl81tbWgYGBW7ZsoeeSurm5ff3111u2bCETksQYMjMzT5w4kZeXt2LFCvrCsBrIlrRTp04tKip6q9tkstnslStXfv755xs3btyyZQv8ubDtJ598olGTy+UOGTIkPDy8sLCwwQiidifw+fzZs2dv2bJl5syZEyZMIIkahYWFZ8+evXXr1sSJE6lUnuZ4+PBhgwnfnTp1cnZ2bs7ZqdXq8PBwe3t7at9HSpcuXdq3bx8REREQEEBus5DL5dQF8fr6+uzs7IiICB6PFxAQQD2rwYk0YMAA6rzecNq/e9nZ2b/99puHh0dBQQE929vAwIDsOT179uz58+evWLFizpw5dXV1e/bsEYlEkyZNAgChUGhra0sW/SYmTZp09uzZBQsWrFq1ysjI6Ny5c3/88ce0adP09PS0K4eEhNTW1np6el65coXepK5du9ra2o4dO/b48ePffPPN0qVLLS0tL168GBMTs2DBArJDc9euXXv37r19+3Yej+fm5vbw4cOQkBBvb283NzfQ2miWLPfq4ODQuXPnBjvhxo0bEokEAMrLy6VSKZkGfD6fZK/u27cvNjZ2586dZARnzpz5xRdfrFy5csaMGQCwd+9esrQseSndpe/AuXPnUlJS/P394+Pj6cft7e1dXV2NjY0nTZp06NAhGxuboUOH5uTkBAcHGxkZkY+/UCjUyCXVPfr0ygqFIjg42MLColWrVvTAEgD079+fx+OlpKQ8f/4c/ry75caNG2ZmZgDg4+PD5/N1lBobG2sM6M2bN6Hx7YQlEsmNGzfI32q1+vnz56Q9rVu3JtODJED/+OOP0NRE4nK5n3/+eUhISLt27QYPHlxSUvLDDz9YWFiMGTPm1UYFvWd0TxKcFf9xun99EEIIofcZRk8RQqiFje5hbcJnH48v3BD11wI1bVrxvvrQYWT3v7J2PnIxN+SyDt9+vvnii+XITPjsCZ62k/vYsXVufulspT9GYHPqbtGbNNKYz94x0eWYsOByShnJywQAB3P+0iHth7i9uEbp3tZojMD6dGLxufsleizG8K6WKz92/Pb04xMJhWkFtT/6d2r85QEAxvW0kSlUJ+8UhicWA0AHS/7GMR+QJYtHdbdSKFXH4gvP3S8BAD0WY4ib5ZwBbXS/INHJ1mD3VNeDt55ffFh6+l4xADAAejgYLxrcrqv9i2UwP/OweZhfs+nCs00Axnz2F/3sezmaPiqsXRH+eKqXXbc2xjrfoQEfuVjUyhT+u5NVatBjMfw9bQe7WrxqF8370KFOrtx3I2/P9TxnK/1lQzuEXM157XRYhF5VWFiYoaGh9j6jANC/f39TU9PTp0+TzfnGjBnTvn37vXv3hoaGKpVKAOBwOEOGDJkxY0br1q3fsBldu3Z1dnbOzMxs7KJYampqamqq9vGePXu+peipiYnJ/v37f/rpp7CwsCNHjpCDPB7P29s7MDDwlZLkli1blpCQoJEl+e233woEgqNHj65bt44cYTKZXbp0+d///qe9qOzOnTs1XnP58uVU9FS7lNi/f39zwkiOjo6HDh366aefQkJCyMhyudz+/fvPnz+f7D0Gr9IbdXV1QUFB2u/CZDJfL3oKAOPGjbtw4YJGVq6/v7+jo+P+/ft//PFH0mw2m+3h4bF69epu3brpfsFOnTpNnDjx6NGjr9ee5nNzcxs7duypU6cuX77s5eUVHR3dq1cvjbV2iVGjRoWFhZ05c0Z7d0NCuxP8/f1NTU0PHTq0atUq6mC7du2WLl06bty4V2pnVFRUVFSU9vHZs2c3Fj2Fl8/OxMQkLy8vMDCwwTT0kSNHbt++PSEhgQSBamtrV65cSYr09PTIrsaTJ0+m72Pa4ETq0qULFT19w2n/7mVkZKhUqoSEBI0lbe3t7Un01MvLa926ddu3byeb1FpYWHz//fdeXl7QULDNwsIiNDT0+++/nz59OgCQ2POcOXMarJyWlqZWq3/44QeNJq1du9bW1tbIyCg0NHTNmjVffvklAPD5/FmzZk2ZMoWqtnHjxrVr1/7vf/9Tq9VMJnPgwIH0KfdKNm/eXFT01/+pkmlgY2NDoqdFRUWZmZlUOrW7uzuJzU+cOBEArKysNm/eTMIqTZa+A+TDeOLEiRMnTtCPjxw50tXVFQDmzJmjVqsPHTq0e/duAOjUqdOGDRssLCxEIlFGRsbkyZPpz2ps9LUri0QiEn2nPkSUqKgoHo8XFhZ2/vx56iC5dQMAIiMj+Xy+7tJX6oHKykp6G5KSkpKSkgDg448/JgOhsbSy7okUEBAgkUio7nJ1df3hhx9e6S4Q9B5qcpLgrPgva/LXByGEEHpvMdRqvHKLEEJvhViuqqiTA4Cpvp4ht9FlA2tlysq6ep4e0/Jv2gKzUlxfK1Ua8dim+g3cUiOtV1XU1Zsb6nHZL/JgamVKnh5Td4iXUq9Ul9bI9VgM7bNTqaGkWq5QqayNuXqsV14LVK"
10:43:47.582 [Forwarding screenshot on session 5e9977749cf8e028abefff19f425d7c0 to remote] DEBUG org.apache.http.wire - http-outgoing-15 << "lSl9fVyxUqc0MOX6+BhYyrJAqJXGVppMdiMgBADVAjVRjx2K/0TnKFeuj2u+N62nzZv02dXFlZV6/9dq/URfVKtVoNHDYDAPz33He21v9+VKMXrBH6e0ml0rKyMgCwsbFhs//9t9ypVKqSkhKJRMLn8y0tLVt8uVexWFxRUUGWWv17b7eXyWTFxcVMJlPHyL7t3ngNZEIyGAwLC4v3Ycfcd6+uro58JFu1avWO981FLU6lUpH4oq2tLRWKfvbsWatWrcgmxBrKysrEYrGNjQ317aGjsm5lZWUSicTGxkZ7dV8AqK2tLS8vt7CweO0trl+PWq0uLCxkMBg2NjbasXndpe8DmUxWUlKir69vbm5Ojkil0vz8/DZt2mh/X2mPvo7K/1C6J5JcLi8qKjI0NHxJsDmDAAAgAElEQVQ/74FAbwnOiv843b8+CCGE0FtSXV1N/oiJiTE1NVWpVI39g4Lc5iUSiajEA4yeIoQQQo0i0dPPPGxm+zYrNVaHo38UPMivWfdpRxI6fVRUN/do2ud9W0/u00ByEkIIIYQQQgghhBBCCKHX9ibR039/GgFCCCH0PuhoY3D49+dzj6V6OZrVyZWXU8qsjTljPGz+7nYhhP7xVCrVtm3bdFTw8fHx9PR8Z+25deuWUChsrJTNZi9cuPCdNYbyvvUSQgghhBBCCCGE3lsYPUUIIYQaxWRC97bG9ma8N38pz/Ymu6a4XnxY+rRUzGTAOE+bEd2sGlxzGCGEXhXZELQxKpXqnbUEANRqtY72/I2rbr5XvYQQQgghhBBCCKH3Fq7cixBCCCGEEEIIIYQQQgghhBD693iTlXsx5QUhhBBCCCGEEEIIIYQQQgghhAAweooQQgghhBBCCCGEEEIIIYQQQgRGTxFCCCGEEEIIIYQQQgghhBBCCACjpwghhBBCCCGEEEIIIYQQQgghRGD0FCGEEEIIIYQQQgghhBBCCCGEADB6ihBCCCGEEEIIIYQQQgghhBBCBEZPEUIIIYQQQgghhBBCCCGEEEIIAKOnCCGEEEIIIYQQQgghhBBCCCFEYPQUIYQQQgghhBBCCCGEEEIIIYQAMHqKEEIIIYQQQgghhBBCCCGEEEIERk8RQgghhBBCCCGEEEIIIYQQQggAo6cIIYQQQgghhBBCCCGEEEIIIUSw/+4GIITQP8yzZ8/+7iYghBBCCCGEEEIIof+cDh06/N1NQAih/wSMniKE0KvB/09FCCGEEEIIIYQQQgghhP6tcOVehBBCCCGEEEIIIYQQQgghhBACwOgpQgghhBBCCCGEEEIIIYQQQggRGD1FCCGEEEIIIYQQQgghhBBCCCEAjJ4ihBBCCCGEEEIIIYQQQgghhBCB0VOEEEIIIYQQQgghhBBCCCGEEALA6ClCCCGEEEIIIYQQQgghhBBCCBEYPUUIIYQQQgghhBBCCCGEEEIIIQCMniKEEEIIIYQQQgghhBBCCCGEEIHRU4QQQgghhBBCCCGEEEIIIYQQAsDoKUIIIYQQQgghhBBCCCGEEEIIERg9RQghhBBCCCGEEEIIIYQQQgghAIyeIoQQQgghhBBCCCGEEEIIIYQQgdFThBBCCCGEEEIIIYQQQgghhBACwOgpQgghhBBCCCGEEEIIIYQQQggRGD1FCCGEEEIIIYQQQgghhBBCCCEAjJ4ihNDfqF6pltSrNA6q1M2t+a/3bzprmUIlU/xLzgUhhBBCb5VCoZBIJG+jMvpbyOVymUz2NiojhBBCCCGE3hL2390AhBD61yoQyRJzqktrZPVKtZm+nmtrQ1c7Q3qFX27mn7pbdHGhB4fNAIDT94oP3MyX1KuCP/ugh4OxjppvQ2pBberzWpG43pDHbm3G693BhMv+m++wOXT7+YmEwvMLBHy9RltSJVEkZFU9r5QqVGoLQ063NkbtLfjvspHNtOB4OovJ2DnJ5e9uCEIAAGq1+ty5cyqVatiwYRwOp8E6ubm5CQkJRUVFenp6NjY23t7e5ubmpCg/P//u3buNvbixsfHAgQOlUml0dHS7du3c3d2Tk5Ozs7M//PBDIyMj7foJCQkFBQVDhgzhcrlnz55t7GV79OjRtm3bVzzRVyOXy+/evfvo0aPq6moej+fg4NCnTx9TU1N6HXIuQ4YM4fF4AHDz5s3y8vIGX23EiBFxcXG1tbWNvZ2np6ednR3pTA8PD3t7ewBIT0/PyMhwcnJyc3PTqH/27FknJydXV1f6QZFIJBQKc3NzxWKxkZFRx44dPT09uVzu6/UAQqiliMXi6Ojo/Px8Y2NjFxcXT09PjQr379+Pj49XKBQdO3b09fVls1/6h3lISMiNGzdOnz5NHubn58fFxYlEIjs7u48++sjY2FhH5YcPHwqFQplM1rp1a19fXzMzM3rl1NRUoVBYV1fXtm3bjz76yMDAgF5aVFQUFxdXUlJiYWExcOBAW1vbBs8uJSXlyZMn3t7eFhYWOjpBpVLFxsaqVKrBgwfrqEZq3rp1KyUlRa1Wu7m59evXj8lkNrP03SgoKIiNja2oqLCysurZs6ejoyO9VKFQ3LhxIz09ncvlCgSC7t27azx9xowZnTp1WrlyJXmoe/TplVUq1fXr19PS0vT09Nq1azdgwAA9PT2NF793715ubu7gwYP19fW1W667lLh27ZpIJBo1apTuTqitrY2NjbW3t+/Ro4fumronklgsjomJycnJ4fP5vXv31v69Q/9cOiYJzor/ON2/PgghhND7CaOnCCHU8urkyu2Xs2MfVbCZDBsTrlqtLqmR1yvVrnaGa0Y6tTJ4cdWjdwdTEz6bzWIAgFiu2n0tr5ONwfR+9h0s+QCw/UrOeE8bWxOuRs0Wl1chXR/1NLNYrM9hWhlzq8T1lWKFAYc178O2g111XRT7e6kBjv1RcCy+QK5Q25hw9FjMoipZvVItcDBe+bGjCf/9+oH7tIc1k/G2It8Ivar4+Pi1a9cCAJfLHTp0qEZpXV3dhg0bLl26xGaz7e3tZTJZcXExg8EYN27cwoULWSxWenr6hg0bqPoqlQoAqGvZjo6OAwcOrK2tXbdu3ejRo93d3UUi0bp16+rq6iZNmqTxXvX19d9++621tfWoUaMUCsW6devoL0W3evXqtxo9vXbt2g8//FBaWmpubm5mZlZeXl5ZWcnlcr/++usxY8ZQ1S5cuHD69Glvb28SPT106ND9+/cbbPCwYcP27t2bnZ1NHmr0EgBs2rTJzs4uNTV13bp169evJ9HTuLi4AwcOmJmZhYeHawRI1q9fP2XKFCp6qlarf/nll0OHDkmlUjs7Ox6PV1xcXFdXZ2FhsXnz5q5du7ZwByGEmi0lJWXx4sU1NTXOzs5VVVUhISG9e/fetm0bdbfKpk2bwsLCnJycuFzugQMHunfvHhISQr/vQSgU9urVi/x9/vz5devWmZub29nZnThxYt++ffv27WvTpo12ZbVa/f3330dGRtrY2FhYWJw4ceLHH39cu3atr68vqbljx44jR460bdvWwsLi5MmTe/bs2bNnD/XVeu3ateXLlxsZGTk6OmZlZf3888+bNm2inkspKyubP39+dXX17t27dURPnz9/vmbNmqSkJBsbG93RU6lUOn/+/KSkpM6dOzOZzEOHDnXv3n3Hjh3ka1Z36btx+vTp4OBgPp/v4OCQl5e3devWzz//PDAwkJTW1tbOmzcvPT3d1dVVJBLt3r17ypQpCxYsoJ4uEokePXoUEBBAHuoefXrlqqqquXPnPnr0yMnJicVi7du3z9bWNjQ0lPxeAIBEIvnxxx9J4NzT01MjPqq7lPLHH38sWbIEAHRHT+/evbtmzZqioqKPP/5Yd/RU90TKzc398ssvq6urXVxcKisrtbsL/XPpmCQ4K/7jdP/6IIQQQu8vNUIIoRZVr1TNO5b2YXDCr78/r5MpyUGJXHnqTuFHW+98fuCBXKHSflZehWRgcELY3SLysKxWPjA44VFh7dtubWmNfFTIvY9/unsltUyhfNGwzOK6Ob+mDgxOiE0vf9sN0GHv9byBwQliubLB0n3X8wYGJ6w687hQJCNHpPXKEwmFg7YkzDj4kDoXhJC2xYsXT5gwYerUqTNnztQoUigUM2bMEA"
10:43:47.582 [Forwarding screenshot on session 5e9977749cf8e028abefff19f425d7c0 to remote] DEBUG org.apache.http.wire - http-outgoing-15 << "gEoaGhNTU15GBpaenq1asFAsHGjRs16peWlgoEgk2bNjV4fP369eQ1hw4dOnbsWO2WXL58WSAQhIeHq9Xq+vp6gUCwfPnyFjnHV3L9+nWBQDBhwoSHDx9SBzMyMgICAgQCwYULF6iD69evFwgEpaWl5OH06dM/+uij5rwFeWJlZaXG8ejoaIFAEB0dTR7u3Lmzb9++ffv2DQoK0qjZs2fPHTt2UA9//PFHgUDwzTffFBYWkiNKpfL69euDBw/28vLKyclp1pkjhFqaUqkcPnz4xx9/TH02Dxw4IBAITp06RR6ePXtWIBCcPXuWPLx27Rq9VK1Wl5WVCQSCuLg4tVqdk5Pj6em5Zs0ahUKhVqufP38+YMAA+vckvfKZM2cEAsG+fftUKpVarS4tLR0+fLifn59SqVSr1YmJieS7nTyxqKjIz8/vyy+/JA+rq6t9fX0DAwOlUqlarZZKpXPnzvX19aV+CCgLFiwYPHiwQCC4c+dOY51w+/btfv36LV68OCAgYPjw4bp7bO/evR4eHn/88Qd5GB8f7+HhsXfv3uaUvgNZWVmenp4LFiyQSCRqtVomky1atEggEDx79oxUWL16tY+Pz6NHj8jDbdu20UvVavXly5c9PDyqqqrUzRh9euVVq1b16tUrPj6eFCUmJnp6elKjX1BQMHLkyM8++2zVqlUCgeD58+f0ZusupVRXVw8ZMoQMqI5O2LdvX69evXbt2tWrV6/vvvtOR80mJ9KXX37p5+dHfTp27dolEAgSExN1vCb6R9AxSXBW/Mfp/vVBCCGE3raqP4WHh1+9evXKlSsxjbhy5crVq1fDw8Opp+C+pwgh1MKiHpSmFdTO8LGf3MdOn/Pia5anxxzrYTP/Q4fOtoYVdfXkYEJW1YFb+UqVOim3OuxuEQAkZIkO3MqPSSvfcy0PACKTS478XkCvSf7+9Y8CALiWUbE5OmvzxayoB6X03VLlCnVEUsnm6KydsbmPi8UVdfUHbuVnlzW8Idae67nVEkXQSOdBLuYs5ovkSCcr/eBxH9ib8R4V1VE10wpqf76aszbyyfYrOVfSyunvGJlcciWtXFqvCrtbtD7q6fYrOXeyq+jvUiVRnEgoXB/19KeYnJuZlfQipUp9Nb18y6Ws78893X8jP7dC2pxOzquQnkgo7GpvFDTS2cbkRSYHl80c39PmC582DAZkl784X5UarmdUbLmUtTbySWhc7oP8GupF6pXqA7fyU57X5lVId8bmrjv/9HhCoVyhVqjUEUklG6Ke/Xw1J7NETCpL61UHbuU/fF6bXyndcz1vfdTT/Tfzi6rk9FYVV8sP3n6+9tzTzRezTt4pEsv/2ug0Mrnk3P1S6uHjYnFoXO7mi1kRSSUyhepqevmZe8WkqMnxRegNlZaW3rx5c/DgwUOHDk1KSqKSI4nIyMjk5OQZM2bMmTPH0PDFYuMWFhZBQUH9+/fPy8uTSpv1IaVjsViffvppVlZWcnKyRlFERIS+vv6QIUNe+3TenEKh2Lhxo4WFxe7du+krxXXs2HHnzp39+/d/x/vPcTicL7/8MjIyMjExsbE6T58+PXr0qJeX18aNG21sbMhBJpPp4+Ozffv2Pn36lJWVvav2IoReUlRU1Lp16y+++IL6bE6YMAEAUlJSyMPjx48LBIJPPvmEPOzfv39ERMTo0aOpV4iPj2exWB4eHgBw8uRJLpe7ZMkSFosFAHZ2dr/99tuaNWsarFxWVtajR4/PP/+cwWAAgIWFhZ+fX1lZWXFxMQBEREQYGRnNmDGDPNHa2nrChAl3797Nz88HgNjY2JqamsDAQJIEyeVyZ8+eXVNTc/XqVfrZnT17NiEhYdasWbo7ISMjY+HChVu2bKF+R+iuXbsWGhpKLWweERHh5eXVu3dv8tDT07NPnz4RERHNKX0HcnNzXVxc5s2bR7JdORzO2LFjASA1NRUARCLRxYsXJ02a9MEHH5D6c+bMuXDhQvv27alXEAqFLi4uZDmBJkefXlkqlY4ePZpa9rlHjx6dO3emJlJeXp6Xl9evv/6qsYxwc0opwcHBBgYGI0aM0N0JOTk5u3fvnj17NqOhlVSOHTt27Ngx8rfuiUQWq584cSL16Zg+fbqhoeG7HFD0luiYJDgr/uN0//oghBBC7zOMniKEUAu7nFJmwGGN6WGjXfRxN8ulQ9pbG7+I9t3LqT4mLFSqoFamLKutB4AaqbKoSl4lURZWyQCgoq6+qFpGrwkAD/JrDt9+vv9m/vH4Qr4es7hGtu1y9s7YHPKaKjUsOfloZ2yOWKaUK1X/O/P41N2iY8LCAlEDV/+l9arrGZVd7Y00tlkFAAMO6/CMLnN8X6wLd/pe8Ve/pT8rlVgZc6ulis0Xn605m0lVvpJWHnW/ZEX448ScamMe+0F+9fKwx1SUtEAkm3Ew5cy9Yg6LWVFXH3T2yeaLWaRIoVIvD3/8w8UshVJtbcy5k10181DK709ETXdyapkaIMCrNVPrGs64njb7AtwcLV+sThYU+WTd+adiucrKmJtZLF504lF4YjFV+Ziw8MKD0pWnH0sVKolctf9G/o6r2Ruinv3+pNKAy7rxuPKrY2lkaJRq9TFhYWRS8ZKTGWW1cp4e61xyyawjKfmVLyJJ6YV10w48uPaowtxAT4/NOCosmHnoYZ1MSUovPCyNTnkRPY1/VjX3aGr8syqeHvP3J5VLT2acv18anfIi1KF7fBF6c2fOnFGr1UOHDh0yZAibzQ4PD6eXnjt3jsfjTZ06VfuJW7du3blz5+stljhq1CgWi6VxIaywsDAhIWHYsGE6NmN7B+Lj40tLS/39/TVWygUAAwODrVu3NrkVXMuSyWQTJkzo2LHjhg0b5HJ5g3WioqIA4IsvvtC+Rtm5c+ctW7Y0uSkdQugtsbOz27NnDxUeAwDyQSaL3FZWVmZmZvbr14/+FHt7e/qy3kKh0M3NjcQdExISBAIBfX84GxsbjTV+qcozZ87cu3cvibMSMpmMwWCQrU8fPHjQtWtX+l7X5Ivi/v37pJTP57u4/LVBu4uLC5fLJaVEUVHRtm3b5s6d6+DgoLsTAgIC6BFBDTdv3jxw4EBdXR0AFBcXFxcXCwQCeoUePXoUFxcXFRXpLtXdhpbi4+Nz8OBBJycn6gi5pYbsBX737l2VSuXj40OV8ng8Kysr+ivEx8eTpZWbM/pUZQAIDg5etmwZvbJUKqX2IPfw8Fi2bFljG13rLiWuXbt26dKloKAg7b1UNQQFBbm7uzdWeurUqVOnTpG/dU+kBw8eAAB9QDkcjpubG32aoX8oHZMEZ8V/nO5fH4QQQuh99n5tC4cQQv90KjU8Lq7r4WDMYb/CJpf9nM0czPl/PBUNdrUY1d0KAAy5zLSC2ml9W39gY6BRmc1kqAGeV0p3TXElscNFJx5FPSidO9CByYCbjytSC2rnD3IY6W4FAOVe9bMOpwBAg3tuPi0VK1Xq7m01AwYa1ABn7hW7tTb80b8TOXL4d96R3wuelopJkJLNZDzIrwkc0HaMwBoA6uTKcbuSI5NL+jmbAcDPV3PUoN4ztYupPhsAjicU7r+RP7SrZZfWhqcTi+/lVH8/ytnLyZT03qIT6VsvZ/Vs766nc5PXjKI6NpPhZt9AQgNdboX0bnbVhF62071fbBC16MSjw78/J+0k+8jGZZQf+LwL2V922amM6IdlI9ytVo9wBIBBLubzf0uPTS8f19NGj8kEgGsZFbumuDpZ6QPASHerL4+k/hZfuGxIewA4l1zCYjBCp7gYcFgAMKCT+eL/exSdUkbei27P9VxLI86eqa48PSYA/HIz/7f4QmfrF9Ej3eOL0BtSKpVnzpzp06ePtbU1APj6+kZFRc2bN49cYFWr1Wlpae7u7vQr9S3C0tLSx8cnJiZmyZIlVCoSWbqQJPHQWygWizWezmQy394Wd2lpafDyZbu/l0qlYrPZK1eunDZt2oEDB2bPnq1dJy0tjcfjUXugIoTeZ4cPH2YwGH5+fgCQk5MDANbW1tu2bbt06VJVVZWTk9OsWbPo4bf4+Hiy3bJarc7NzfXy8jp16tTx48cLCgqsrKzGjBkzdepU6s4JqrK24uLiixcvDhw4kH"
10:43:47.582 [Forwarding screenshot on session 5e9977749cf8e028abefff19f425d7c0 to remote] DEBUG org.apache.http.wire - http-outgoing-15 << "x/FhYWUlmMBMn0KigoIP+1srKi35DBZDKtrKxIKWlMUFBQx44dJ0yYcO/ePd2n3OBu0JRx48b169fP1NSUtIp0SIMNI6/TWCmVqfYuKRSKo0ePWltbd+/eHQDI+g16enpLliy5c+eOUqkUCAQLFizo0KEDqZ+dnV1UVEQCok2OPr2yttu3bz958oSKp+ruZN2lACASidavXx8QEODq6nrr1i3dlXW/2ooVK6i/dU8k8l/tASWrEzeY2Ir+KXRMEpwV/3G6f30QQgih9xlGTxFCqCXVyhQqNZjpv3QHd3G1XCSupx4a89kkVvd6yD8hx3rYULG0TrYGD/JrqiUKU312cl4NAHzkYkGKzA30/Fwt/u9Ow7fnV4kVAGBu2MT95gyAX2d2pa8d62JnCAB5FVIqxZPLZn7a48U/eg04rLateOW1cgAQy1V3s6uGd7UioVMA+MTdqktro7ateAAQ96i8nQWfhE4BgMmAke7W66OephXUdmtjpKNJVRKFCZ/Nbiqc2LYVL2qBgN5yVzvDB/k1lWKFmf6L+LbAwYQaDkcr/cSc6mFdLV88tNQHgPK6v8bOrbURCZ0CgJOVvoM5L/X5i3Xnlg1tv3Roe6pBrn92kUaTRGJFTrl0XE8bEjoFAP9etvQB0j2+us8XoSbdvHmztLT0m2++IQ9HjRoVExNz9erVYcOGAUBdXZ1CoSAJUi1u7NixcXFxFy9e/OyzzwBApVJFRkZ27dqVntADALGxsbGxsRrPdXBw0MiRbUEikQgAWrVqRR1RKBSPHz+m13F0dGwsg0cmk4WFhWkcNDU1HTRo0Ju0ytXVdfz48YcOHfLz86OvAEm12dTUlH6lsrq6mr4AGpvN7tix45s0ACHUIiIiIg4fPhwYGOjs7AwA1dXVABASEtK9e/egoKDq6uojR458/fXXBw8e7NKlCwBkZmaWl5eThWrFYrFCoYiLizM3N583bx6Hw4mKivr5558BICAgQKOyhsrKyq+//prP5y9duhQAZDKZUqnUuA2Fz+cDAMkBlUgk2jep8Pl8UgoAJ0+eTElJOX78eJNhuSZ98MEH1Dq35HYZjbcmD8ViMXmvxkrfsBmvQaFQrFu3LjU1NSQkhDSjpqYGAJYvX+7n5zd+/PicnJw9e/bMmTMnPDyc3CokFAr5fH63bt2gGaNPr6whNTV11apVXl5eOpJ6XwlZsr7JRZibgx7u1T2RJBIJaA0on89Xq9VSqZRMSPTvg7Piv6zJXx+EEELofYbXYRFCqCVxWEwAkCtf2qbyt/iC87Q9L30/aPW/Ebq2IGoOevyVxOFUajUAVNTVG/PZ1H6rAKCdvUrRYzMAQK5QNVaBIqlXxaWXJ+VVV9TWyxSqWpkSAOppp2lpxKGHMnl6LLLrZ0m1TKUGa5O/Fuox4LDcWr/IPHteKePpMTdEPaNKqyUKACiqlnUDXdFTPRZDrmy62QBQWiO/nFqeWVwnEtfXq9Sl1XIAUNCea0ELHpOetDbi0B+qaJuOOpi/9A8/a2MuFT1VAwifin5/IiqulknqVWSTWoVKs5Fk11tr47+Gz4DDsjfTjMo0Nr4IvaGwsDBzc3Nvb2/ysFevXra2tqdPnybRU7Km1lva5tPT07NNmzYREREkevr777+XlJTMnTtXo5q7u/vkyZM1Dr7VpX3JWdPXyBWJRBprF4eFhbVr167Bp9fV1W3evFnjYMeOHd8wegoAc+bMiY2NXb9+/b59+zRyLzgcjsYw/fHHHytXrqQetmrV6vLly2/YAITQm1Cr1aGhoQcPHpw1a9b06dOpgwDg5ORE7V3au3fvkSNHhoaG7tq1CwCEQqGhoSHJLCeVZTLZzp07ybVmb2/v8vLyffv2+fv7c7lcemW6rKyshQsXMhiM3bt3kxti2Gw2AKhe/t8SpVJJFbHZbO1trVUqFblxJC8v7+eff164cKG9vX1L9lEjDSMP2Ww2iZ42VtqyLWlSbW3t8uXLk5OTt2zZQjaahT/H6NNPP504cSIA9OzZs127drNnzz5x4sTMmTMBQCgUCgQC0trmjD5VmS42Nnb16tUeHh6bNm1qkROPjo6+fv36r7/+2uLdqHsi6R7ulm0Jen/grPgva/LXByGEEHqf4W8VQgi1JJ4es5WBXnaZhH5wYi+7YV1epDN+e/pxQ897ZaxG0i7rZEqNjEwOu9EUATtTHgA8K5U0VoGQ1qu+OpZWIJJ93M2yR1sTPoeZVyE9dPt5c9pDAsl6jZaqDHksQ+5fG3QZclkj3a0sDTkN1qe3PL2wrqy23kJn4mx2meSr39IMuexhXS1tTLgcFuPG48prGRX0Okyt9aCYjae0anQmh82kgrhborOiU8p8P2jl07GVAZfFZjHWnH2i/Qp1ciUAaI4RS3OMGutPhN5Efn6+UChksVj0wJ5UKi0sLMzKymrfvj2Hw7G0tMzMzNTxIq+NwWCMGTNm+/bt6enpnTt3joiIMDEx0Q4xWlpa+vr6vo0GNKZNmzYA8PTpUyrF09TU9MiRI+Tv69ev//LLLzqe/vbilAYGBsuWLVuyZMmZM2dGjx5ND6C2adMmLS2tsrKSbGcIAH369KHavHv37kePHr2NJiGEmkkul3/77be3b98OCgoaPnw4ddzIyAheXirc2Ni4S5cuDx8+JA+FQqGHhwfZu1RfX5/FYrm6utKzr/r27Xvv3r3c3FxnZ2d6ZYpQKPzmm286duwYHBxMVscFABaLZWBgQHIfKVVVVQBA6hgbG5NFdOlEIpGNjY1KpVqzZo2bm9uwYcNIxie5e0Mmk0kkkjfMDCMbTjfYMBMTE/K911jpm7zvqyooKJg/f75YLN6/f3+nTp2o49oD6uHhwePxyJdwfX19YmJiYGBgY5Xpo69RmXLw4MGdO3f6+/svWrRIY6xfT1lZ2ebNm6dNm9a6dWsyoPX19QAgFotZLJburVKbpGMiAW246RuNV1VV8fn8JvdeRf9cOCv+y5r89UEIIYTeZxg9RQihFubZ3iQ6pexxsbjjnztZWhtzrI1fhAObXGz2DRlwWXUyJf1IWa28scqtTbk2JpybmRVzBrSlp6sSZ5NLeGzmYDeLm5mVWWWSFcM6DHIxJ0XXH1c2sz0kuimSKBosbWWgZ27ImT/IoZmvRvFoZ3w1vTw6pXRybzuNov7S5+0AACAASURBVGqJ4sCt5+M9bWxNuGGJRdJ61f5pnan+v59X86rvRVf7ct/WSBUmfDYAlNTIo1PKhnWxXOz3IjutqpFTJruikhgqpaxWbmHURMAYoTdHFr9dtGgRfVtTmUz2ww8/hIeHL1myBAB69+597ty55ORkd3d3jaffu3fvzp07kydPfu1dUUeMGBEaGhoZGWlra3vr1i2SO/W6Z9NievfuzWAwzp8/T4Vy2Wy2i4sL+VtjCd93zNfX19fXd8eOHf3796dfNPfy8rp06VJUVBSVp2tsbEy1mX79ESH07ikUiuXLlyclJe3atUvju5RksWtcR2YwGCTJUiaTJSUlLVq0iBxnMplt27bVrkz+q1GZuHfv3uLFiwcMGPDdd99pBB4cHR2fPXtGP0IekuXTHR0db968WVtbS21NXVVVVVZW5uTkVFFRcf/+fQCgb84KAAsWLGAymQkJCa/WOy9r164dk8nMysqiH3z69CmTySR3tOgufTfKysoCAwP5fP7hw4ctLS3pRaQZZP1eOjKg9+/fl0gk1MK2ukdfozJx5MiRnTt3LlmyxN/fv6VOJzExsbq6ev/+/fv376cf9/Hx6dmzJ8mCfW06JhIpBYCsrCx6EvPTp0811vBH/zI4K/7jdP/6IIQQQu+zN92zBCGEkIZxPW31WIzNF59Va8XP8iulGqFN3V5jqdZ2FnyZQkVPJ41Nr9BR39/Ttkaq3HIpS/Xym93Nrg6Nzf39qYgBQDZtdbT6a+XMmLSyZrbHzEDPTF/vTlYVdeRxsXjcruTYRxUA4Nba6HFRXSVtU9jnItnd7GqFqolT9/3A3NqY85uwML3wpe1S5Ar1hqhnUQ9KaqVKABCJFYZcNhU6ldarbmVWwmt1LJH6vJZ6br1S/biozt6MB3/uIPtyF5UDgPZqu63NuHosRlpBLXUkOa+mUt"
10:43:47.583 [Forwarding screenshot on session 5e9977749cf8e028abefff19f425d7c0 to remote] DEBUG org.apache.http.wire - http-outgoing-15 << "xwqBWhFiSXy8+dO+fu7u7v7z+CZuzYsb169YqKiiK5RJMmTWKz2evWrauoeOmro7Cw8LvvvouMjGRopWs3H0k2jY2NvXLlikKhaKnN296QnZ3d0KFDb926dfr0aY0itVr9tydxLl26VKVSBQcH05cvHjx4sL29/d69e9PT0zXq19XV5ebmvts2IoReEhISIhQKd+zYoX0bSqtWrVxcXGJiYqhlDCUSSWpqKklnTEpKksvl9H1Mvb29Hz58SE/bunPnDo/Hc3Bw0K5cXFy8ePFiLy+vtWvXauds9evXLyMjIycnhzoSHR1taGjYo0cPUqpWq2NiYqhSklXv6+tL0vHpVqxYAQArVqz4f/buO76p6v0D+JOddI+0TQdtGWW1zA5KhbI3Kl9BZKhVQQX0JyIo8BURENkCYqkMvywFUQGBMgqUMspoy7aL2kIH3XSkbdqMJrm/Py6GmJSUPT/vP3w155zcnHvPSSJ57nnO5s2bH+hKEYnF4pCQkLi4OK321v8LaTSauLi40NBQsVhsufYBX/ou6XS6adOmcTicH3/80SR0SkQhISECgSAmJsZQkpKSolKp2AFNSEhwcXFp1qwZW2V59E0aE1F8fPyqVaumTp36EEOn9E+uAmPDhg0joi1btsyYMeMBD25hIhFRp06drK2tDx06ZKjNysrKzMx8zDkn4DHDrHjBWf72AQAAeJph7SkAwEPm4yyeOqDpkoPXx21KeS3Qzd/Dhs/llNZozmVXHU0vtxbx/tPZrdGD2Ij5RHQ+p8pWzHe9l1WJ/do6b0soXBJz/f/6+FgLeTsvlCjrLcVrh3ZwTSlQxKaVF1aqXunk6u0kqVZqE7PlB5PLmkolU/r5EpGfqzUR7blU+n64l0Kt+yWhkMfhEJFJguIGcYhGBsvWnrgRdSxveKCssrb++9gcjU7fsYktEY0Mlh3PqPh6d9bnA5u62AqzSuuWH87WaJmN77WzfFghnzP75RbTd2RM2Z7+cgfX4Kb2YgE3t1y560LJjQrV5H6+fm5WRNTC1ersNfmRtPLufo75lapVsbltPGxOZVbmlCnv6aoaKNTayKO5Y0I9xALuuhM3lPX6AQFSIvJ0FIsF3Ni0srAWDmIB90hq+ZmsSidrwY0KlZ4h4/XGIj63Zyun2LTy388Vh7VwyClT/i8+33iXU4BH5OjRo3K5nP2F1MSwYcMSEhJiY2OHDBnSokWLzz//fNGiRaNHjx4zZoy/v79Op0tOTv7111+J6Pvvv3/ALUhHjBhx4MCBdevWBQcHe3t7mzcoLCyMjo42L3dxcTEOEjxcX3zxRW5u7oIFCxISEgYMGCCTyRQKRUZGxoEDB7KysoYOHfrQt/q7e25ubpMmTVq2bBm7OIklEAiWLFny0UcfjRs3bvjw4WFhYXZ2dpWVlZcvX96zZ09NTc3UqVOfVIcBXnA5OTnbtm0LCgoqLCwsLCw0lFtbW7N7Tk+YMOGTTz6ZOXPmxIkTa2tr165dK5fLx44dS0QJCQnu7u5sOnHW2LFj9+zZM3ny5FmzZtna2kZHR589e/add94RCATmjSMjIxUKRUhIyJEjR4y71L59e3d39xEjRvz666/Tp0///PPPXVxcDh48GBsbO3nyZHbv5/bt24eGhq5cuVIsFgcEBCQnJ0dGRnbr1i0gIICIDEvbWWy6Vx8fnzZt2jR4EU6ePKlUKomovLxcpVKxcRGJRMKuXl2/fn1cXNzq1audnJyIaPz48e+///6XX345btw4Ilq3bh2bWpY9lOXaxyA6OjolJWXUqFGJiYnG5V5eXv7+/nZ2dmPHjt20aZNMJhs0aFBubu7SpUttbW1feeUVIkpISDBZS2p59I0ba7XapUuXSqVSJycn48ASEfXo0UMsFqekpBQUFBARm2//5MmTbC738PBwiURiodY4VwErPj6ezEbZQKlUnjx5kv2bYZiCggK2P56enuz0YBdAr1ixghqbSCKR6N13342MjPT19e3fv39paenixYulUunw4cPvbVTgKWN5kmBWvOAsf/sAAAA8zRA9BQB4+Pq1dW7iJN58umDz6YJ63a3lh02cxKO7uI8IlFmLGt+yqLOPnbeTeOOpgo2nCrZ90OHuX9rLUfzfIc2jjuV9si1dIuAO7eAaEeY5689M8909WRyiGYObdfCy3XGh5LtDOWyhgxV/bKj7yGB3iYBLRB29bYcHuu26UBJ9pVTA4wxp7/Ll0Ob/3fX39qSitELFilGtGzyywchgmVqr//1c0c4LJUTUzEWycHgrJ2sBEbVwtVo4vOUPR3Pf2XBru69gX/vJ/XwEvMYXt7V2t17ztv/GUwUHk2/uuljCnktnH7sp/X3be9mybV4PkiXn1yw6cH0RkZ2E/353ry7NHa4WKWbu/PvtMI+IMM+7uaTG+rWVKtTaUWsu6xkS8DijQtz7+0uJyErI/ay/74rDOaPXXiGiQB+7WS8333fl5qbTBQOWnzv0WbDxQT7u41Or0a0/eWPtiRt+rlZfDGoWeTT3vpfDAtylHTt22NjYmO8zSkQ9evRwcHDYtWsXuznf8OHDmzZtum7duqioKJ1OR0RCoXDgwIHjxo3z9Lznd42J9u3b+/n5ZWZm3ulHsdTU1NTUVPPy4ODgRxc9tbGxWbt27datW/fs2RMXF8cWisXiLl26TJs2LSgo6BG97l0aOXLkgQMH0tLSjAtbtmy5bdu2tWvX7t+/n41tE5GTk1OPHj0iIiKMAyoA8DhlZGTo9fqkpCSTlLZeXl5s9DQsLGz+/PkrV64cMWIEEUml0m+++SYsLIwaCrZJpdKoqKhvvvnmvffeIyKxWBwRETFx4sQGG6elpTEMs3jxYpMuzZs3z93d3dbWNioqas6cOR9++CERSSSSDz744K233jI0W7hw4bx587766iuGYbhcbu/evWfNmnV/F2HJkiXFxcWGh19++SURyWQyNnpaXFycmZnJ7rVJRB07dly4cOGyZcvGjBlDRK6urkuWLGHDKo3WPgbsZ+/27du3b99uXP7qq6/6+/sT0cSJExmG2bRp05o1a4iodevWCxYskEqlcrk8IyPDkF+ddafRN28sl8vZ6Dt79Yzt379fLBbv2LFj3759hsJly5axf+zdu1cikViuvacrUFlZadyHS5cuXbp0iYiGDh3KDoRJamXLEykiIkKpVBoul7+//+LFiw0JXeEZ1egkwax4kTX67QMAAPDU4jDmWQUBAOAhqdcxFbX1Oj3jYCUw31jUMj1DZQqNtZB3N9FWc3UaPfuKB5PLlh3KXvu2fwvXRlaMKdQ6eV29kM91sRWaRy9V9fqK2npnG4GIzzW0Fwu4d7mTa72OuVmjEfA4Lg0t+qyora9V6xytBTb3frI6PVNeW6/R6p1thGy410SVUqvU6F1sBTwuh4gYohqV1lbMv6f0oxotM2jl+ZHBsg97NKnV6Cpr681fTqtnbtZobMV8w1mo6vVEJG6oV/U6hmFIyOcQ0ai1V/zcrL4Z5ncvPQJ45FQqVVlZGRHJZDI+/0W55U4ul1dVVVlbWzs6OhpvNfrU0uv15eXldXV19vb29vb2D5JaGQAeG71ez8YX3d3dDW/b69evOzk5OTg4mLcvKyurq6uTyWSGxToWGltWVlamVCplMpl5dl8iUigU5eXlUqn0vre4vj8MwxQVFXE4HJlMZv45Zrn2aaBWq0tLS62srJydndkSlUqVn5/fpEkT8x2+zUffQuNnlOWJpNFoiouLbWxs2PXH8ILArHjBWf72AQAAeESqq6vZP2JjYx0cHPR6/Z3+QcHe5iWXyw0LDxA9BQB4rhTK1SuO5PRt48xmlCWi/+76Ozm/5o+JnRqM4cFdYqOnrwfJJvR80BVdv5wt/Cu/Zv5/WrKh06vFtR/9kvbuS55vdvV4GD0FAAAAAAAAAAAAeNE9SPT0RVlGAADwgpDZi7Q6ZvnhnL/ya1xshcn5NZdv1Hzc2xuh06dHS5n15jMFH21NDWvuWKvRHU4pc7MTDg+SPel+AQAAAAAAAAAAAACipwAAzxcuhxaNaBmTUpaSX5NRXOvuIHojxD2kqf2T7tczj8ulTt52Xo7iBz9USFP7H9/yP5h889rNOi"
10:43:47.583 [Forwarding screenshot on session 5e9977749cf8e028abefff19f425d7c0 to remote] DEBUG org.apache.http.wire - http-outgoing-15 << "6HRobIXu7g2mDOYQAAAAAAAAAAAAB4zJC5FwAAAAAAAAAAAAAAAACeHw+SuRcrXQAAAAAAAAAAAAAAAAAAiBA9BQAAAAAAAAAAAAAAAABgIXoKAAAAAAAAAAAAAAAAAECE6CkAAAAAAAAAAAAAAAAAAAvRUwAAAAAAAAAAAAAAAAAAIkRPAQAAAAAAAAAAAAAAAABYiJ4CAAAAAAAAAAAAAAAAABAhegoAAAAAAAAAAAAAAAAAwEL0FAAAAAAAAAAAAAAAAACACNFTAAAAAAAAAAAAAAAAAAAWoqcAAAAAAAAAAAAAAAAAAESIngIAAAAAAAAAAAAAAAAAsPhPugMAAM+Y69evP+kuAAAAAAAAAADAC6dZs2ZPugsAAC8ERE8BAO4N/j8VAAAAAAAAAAAAAOB5hcy9AAAAAAAAAAAAAAAAAABEiJ4CAAAAAAAAAAAAAAAAALAQPQUAAAAAAAAAAAAAAAAAIEL0FAAAAAAAAAAAAAAAAACAhegpAAAAAAAAAAAAAAAAAAARoqcAAAAAAAAAAAAAAAAAACxETwEAAAAAAAAAAAAAAAAAiBA9BQAAAAAAAAAAAAAAAABgIXoKAAAAAAAAAAAAAAAAAECE6CkAAAAAAAAAAAAAAAAAAAvRUwAAAAAAAAAAAAAAAAAAIkRPAQAAAAAAAAAAAAAAAABYiJ4CAAAAAAAAAAAAAAAAABAhegoAAAAAAAAAAAAAAAAAwEL0FAAAAAAAAAAAAAAAAACACNFTAAB4RNRavVqrf9K9ePiU9fp6HfOke/EQ6BlS1uv1z8OpAAAAPFe0Wq1SqXwUjeGJ0Gg0arX6UTQGAAAAAIBHhP+kOwAA8Lz5u6Quq6T29mMO2Yj4rWTWbnbCJ9epu5JaqEgtUMjr6m3EfE9HcWgzexH//m+y+ey3qzo9s+Yt//s+QpVSm5RdVVCp0uoZqY2wQxPbplLJfR/todBomaHfX3g9SDahZxMLzfIrVRdzq0trNAIex9VWFNrc3tFK8Ng6eZcSr8tn/Zm5cHjLkKb2T7ov8LgxDBMdHa3X6wcPHiwUNvzRlJeXl5SUVFxcLBAIZDJZt27dnJ2d2ar8/Pzz58/f6eB2dna9e/dWqVQxMTG+vr4dO3a8fPlyTk5Onz59bG1tzdsnJSUVFhYOHDhQJBLt2bPnToft3Lmzt7f3PZ7oXWEYxuR1BQKBu7t7u3btBILb79z4+Pjy8nLjZkKh0NPTMyAggMfjmR8zOTn5ypUrlZWVIpHIx8ena9eu9vb/eq+lp6dnZGQ4Ozt3797dvFdnz54tKSlp1apVmzZtjMtzc3PPnTtXXFzM4XBkMlmXLl28vLzu46zVavW5c+euXr1aV1fn5OTUsmXL4OBgDodj0kylUp0/fz4jI0OhUNja2rZp0yYwMNBkzhhfGT6fb2tr6+fn5+HhYXIo8wto4O3t3blz5/s4C4CnVl1dXUxMTH5+vp2dXdu2bUNCQkwaXLlyJTExUavVtmzZsmfPnnz+v/5hHhkZefLkyV27drEP8/Pzjx07JpfLPTw8+vXrZ2dnZ6FxcnJyQkKCWq329PTs2bOno6OjcePU1NSEhITa2lpvb+9+/fpZW1sb1xYXFx87dqy0tFQqlfbu3dvd3b3Bs0tJScnKyurWrZtUKrVwEfR6fVxcnF6v79+/v4VmbMtTp06lpKQwDBMQENC9e3cul3uXtY9HYWFhXFxcRUWFq6trcHBw8+bNjWu1Wu3JkyfT09NFIlFgYGCnTp1Mnj5u3LjWrVt/+eWX7EPLo2/cWK/XnzhxIi0tTSAQ+Pr69urVy/iLiXXx4sW8vLz+/ftbWVmZ99xyLev48eNyuXzYsGGWL4JCoYiLi/Py8mr0E9vyRKqrq4uNjc3NzZVIJKGhoQEBAZaPBs8QC5MEs+IFZ/nbBwAA4OmE6CkAwEN2KrNia0KRiM9lf4XW6Rl2qWKPlo5fDGomFjyNi/5vVKi+3X8ts6TOSsh1tRNV1dVX1mmthbyP+3j397f0u9gjwhBtPVu4NbFQo2Vk9kIBj1tcpa7XMYE+dl8ObW4veXq/vOo0+hWHs+OuVvC5HHcHkUarv1mjIaL/dHab0NObaxqYeJJ8nCXju3s1cRI/6Y7AE5CYmDhv3jwiEolEgwYNMqmtra1dsGDBoUOH+Hy+l5eXWq0uKSnhcDgjR4789NNPeTxeenr6ggULDO31ej0RGX7Lbt68ee/evRUKxfz581977bWOHTvK5fL58+fX1taOHTvW5LXq6+v/+9//urm5DRs2TKvVzp8/3/hQxmbPnv2Ioqc6nW7+/Pk8Hs/wk7RKpSIiJyenWbNmhYeHs4WbNm26cuWKWHz7LcM2k8lk8+bNM/6VMCsra/bs2X///be1tbVMJlMqlYWFhWKx+J133hk3bpwhQnns2LENGzaIRKJDhw7Z2NgYd0mlUs2cOVOhULz33nuG6GlNTc38+fOPHj3KjgsR5efna7XaAQMGzJw50+QIlp04cWLhwoVlZWVOTk6Ojo4lJSUKhcLLy2vRokWtW7c2NIuNjV26dGl5ebmzs7Ojo2NFRQUbOZg+fXqPHj0MzYyvjE6nq6+vJ6JWrVpNmjTppZdeMmnW4OAOHToU0VN4nqSkpEydOrWmpsbPz6+qqioyMjI0NHT58uWGOw8WLVq0Y8eOFi1aiESiDRs2dOrUKTIyUiQSGY6QkJDQpUsX9u99+/bNnz/f2dnZw8Nj+/bt69evX79+fZMmTcwbMwzzzTff7N27VyaTSaXS7du3r1ixYt68eT179mRbrlq1asuWLd7e3lKp9Pfff1+7du3atWsNH63Hjx+fMWOGra1t8+bNs7Ozf/jhh0WLFhmea1BWVvbJJ59UV1evWbPGQvS0oKBgzpw5ly5dkslklqOnKpXqk08+uXTpUps2bbhc7qZNmzp16rRq1Sr2U8Vy7eOxa9eupUuXSiQSHx+fGzdufPfdd+++++6kSZPYWoVC8fHHH6enp/v7+8vl8jVr1rz11luTJ082PF0ul1+9ejUiIoJ9aHn0jRtXVVV99NFHV69ebdGiBY/HW79+vbu7e1RUlOGmGaVSuWLFCjZwHhISYhIftVxrcPbs2WnTphGR5ejp+fPn58yZU1xc3OgntuWJlJeX9+GHH1ZXV7dt27aystL8csGzy8Ikwax4wVn+9gEAAHh6MQAA8FD9L/5G76VJueVKQ0lFrWZ1XG7vpUnLYrKfYMfu5GaNZljkxaHfnz+SWqbV6dnCzJLaiT+n9l6aFJdefn+HnfRL6odbUu7vuetP3Oi9NGnWn38XydVsiapetz2pqO+ypHEbkw2dfPzU9freS5N+PJbXYK1Oz0zeltZ7adKG+HyFWssWlik0C/df6700acXhnMfYUwBLpk6dOnr06Lfffnv8+PEmVVqtdty4cYGBgVFRUTU1NWzhzZs3Z8+eHRgYuHDhQpP2N2/eDAwMXLRoUYPl3377LXvMQYMGjRgxwrwnhw8fDgwM3LlzJ8Mw9fX1gYGBM2bMeCjnePfMX1ej0Zw7d+7ll1/u0qVLfn4+W/jee+/169fP+IlqtTo+Pr5Pnz49evSQy+Vs4Y0bN3r06NG7d+8jR47U19ezhQUFBdOmTQsMDFyxYoXh6atXrw4PDw8PD//jjz9MunTw4MHw8PCXXnpp9erVhtcaO3ZsUFDQ+vXrFQoFW1hTU/Pjjz8GBgZGREQYXqtRp06dCgoKGjFixKVLl9gSvV5/7NixPn36vPTSS4bzPXLkSGBg4JgxY5KTkw3PvXz58siRI4OCgo4fP24oNLkycrn88OHDb7zxRmBg4Pbt2+/UDOB5pdPphgwZMnTo0KKiIrZkw4YNgYGBhnf6nj17AgMD9+zZwz48fvy4cS3DMGVlZYGBgceOHWMYJjc3NyQkZM6cOVqtlmGYgoKCXr16GX9eGTf+888/AwMD169fr9frGYa5efPmkCFDBgwYoNPpGIa5cOEC+9nOPrG4uHjAgAEffvgh+7C6urpnz56TJk1SqVQMw6hUqo8++qhnz56GLwKDyZMn9+/fPzAw8Ny5c3e6CKdPn+7evfvUqVMjIiKGDBli+YqtW7cuKCjo7Nmz7MPExM"
10:43:47.583 [Forwarding screenshot on session 5e9977749cf8e028abefff19f425d7c0 to remote] DEBUG org.apache.http.wire - http-outgoing-15 << "SgoKB169bdTe1jkJ2dHRISMnnyZKVSyTCMWq2eMmVKYGDg9evX2QazZ88ODw+/evUq+3D58uXGtQzDHD58OCgoqKqqirmL0TduPGvWrC5duiQmJrJVFy5cCAkJMYx+YWHhq6+++vrrr8+aNSswMLCgoMC425ZrDaqrqwcOHMgOqIWLsH79+i5duvz4449dunT5+uuvLbRsdCJ9+OGHAwYMMLw72G+xCxcuWDgmPBMsTBLMihec5W8fAACAR63qHzt37jx69OiRI0di7+DIkSNHjx7duXOn4SlP4xIoAIDnjKOVYFIv7xauVnFXy9ldJpOyq345W6iq1/8vPn/JwWy2Wb2OOZhctiQme170tbUnbmQU307/m5Rd9fPZQj1D+67cXLD/+vLDOelFtUR0/abyh6O5C/Zf33mhRPvvHSyTsqu+j82dtzdr5ZGc01lyC7tbrj2RV63Uzn3Vr29bZ94/qyNbuFotHdnKy1F81agb128q15/Mnxd9bfHB7Ogrpar6f21rmlqoWHkkZ/6+a1sTihRqncmrKNS6HeeLF+y/vmD/9e1JRdUq7Z36c6NCtT2pqL2X7dxX/WT2t1ZpiPjcN4Jl74c34XAop/zW5l51Gv2uiyULD1z/dv+1jacKiqrUxgfZcCq/TFF/tah2VWzut/uv/XK20KRXF3Krv4/N/Xb/tS1nCstr642rCuTqDafy50VfWxKTfSi1THd3u4MeTL6ZXKB4M9Tj3W6e1sJbmTydrQUzBjcLa+FQKFcZrlhJtWbj6YJ50deWHMz+/Vxxneb2lbynsT57Tb7lTCFDFJNStvhg9pKD2XHpFcZ91TN0IqNi2aHseXuzoo7l/ZVfY3KJ8itVhpJTmZXLD+d8dzgnPrOSiH5JKDx7TU5E9Tpmw6n8lALFzRrN/+Lz5++7tub4jRsVKoJn082bN+Pj4/v37z9o0KBLly7l5OQY1+7du/fy5cvjxo2bOHGiYTmjVCqdO3dujx49bty4wS64vCc8Hu8///lPdnb25cuXTap2795tZWU1cODA+z6dR0EgEAQFBX322Wdarfbo0aN3aiYUCrt16/bBBx8oFIrExES2cNmyZXV1datWrerbt68hGaOHh8eSJUtCQ0N/+eWXzMxM44N07drVPF/x3r17u3btqtXe/pz87bffrl69+umnn44fP96Q68zGxmbChAkfffRRSkrKjh077ubUtFrtwoUL7ezs1qxZ07FjR7aQw+H07Nlz5cqVdnZ2f/31FxGpVKpFixa5ubmtXbvWOHtehw4d1q5d6+zsvHDhQo1G0+BL2Nvb9+vXb/Pmze3bt1++fLnJBAN47hUXF3t6er7//vsymYwtGT16NBGlpKSwD3/99dfAwMBXXnmFfdijR4/du3e/9tprhiMkJibyeLygoCAi+v3330Ui0bRp09gM4R4eHtu2bZszZ06DjcvKyjp37vzuu++ya9ylUumAAQPKyspKSkqIaPfu3ba2tuPGjWOf6ObmNnr06PPnz+fn5xNRXFxcTU3NpEmT2EWQIpFowoQJNTU1Jp+Be/bsSUpK+uCDDyxfhIyMjE8//XTZsmUNLos/fvx4VFSUQqFgH+7evTssLCw0NJR9GBIS0rVr1927d99N7WOQl5fXtm3bjz/+mF3tKhQKR4wYQUSpqalEJJfLDx48OHbs2FatWrHtJ06ceODAgaZNmxqOkJCQ0LZtWzbfcqOjb9xYpVK99tprhrTPnTt3btOmjWEi3bhxIyws7OeffzZJI3w3tQZLly61trZ++eWXLV+E3NzcNWvWTJgwwTzBOxFtBn/6yAAAIABJREFU3bp169at7N+WJxKb+X/MmDGGd8d7771nY2PzOAcUHhELkwSz4gVn+dsHAADgaYboKQDAY+LhIFLV6zVaPRFduVGz+UzBhlP5h1PLCuQqIlLV6z/ZlvbD0Vy9nnG3F6UXKib9khZ9pZR97l/5NZtPF0QdyzuWUW4j4iVck0/Znn7sasXs3ZlaPaNQa6OO5UXF5Rlea+WR3Jk7/y6t1ng4iquV2jl7Mr/dd63BXqnq9ScyKtt72Xb2sTOpshbyNo9rN/GfDT6Pppd/uCXlQm6Vm52Qz+OsP5E/8edUQzzy7DX55G3pqYUKF1thXoVy6m9X1Uax1ZJqzfhNKVsTi+wlfDsJf+eFknEbU4yDncYOp5YxRBFhnuZ5bkcGy9ZHBDR3sSKiapX2wy0pW84UCPlcRyvB8YyKd/6XfLWo1vCKWxOK/rxYMi86S6tniKHNZwqmbE83RBbXnrjxxR8ZBZUqayHvcGrZO//76/rNW0HZpOyqcRuTT2XK3e1FxNCKwznTfs9g0y9bdiilTCzgvhHSwCZh3wzzW/J6KzZvc3pR7Tsb/jp+tcLZWiDgc35JKBy/Kbn2nyt5T2N9Ka9685mClUdyoq+UigXcoir1t/uvrYrNNbzu3L1Z8/ddq9PoXe1EmSV1U7Zf3XmhhK3Kr1RtTSgqlN8ahZ9O5n+9JyuvXCnkcTafLlh34sbm0wWX8qrZ2q0JRYdSyj7dnl5SrbER8Q6llH2wJYVNSgzPnD///JNhmEGDBg0cOJDP5+/cudO4Njo6WiwWv/322+ZP/O6771avXn1/yRKHDRvG4/FMfggrKipKSkoaPHiwhc3YniA2MaZcLrfczMnJiYjYUGJFRcWpU6fCw8P9/U23fOZwOBMmTCAi41ipVqvt27dvenp6VlaWobC4uPjcuXN9+/Y1jp7u3bvX0dHxjTfeMO/AmDFjbG1tLWwZa+z8+fPFxcWvv/66YRdbg4CAgAMHDrCZnE+dOiWXy9966y3zyIeDg8Po0aPLysrOnDlj4YVEItHnn3+u0+n+/PPPu+kYwHPDw8Nj7dq1hvAY/fP5wCa5rayszMzMNNnt2MvLyzipdUJCQkBAAPvuS0pKCgwMNN4fTiaTmeT4NTQeP378unXrjHdiVqvVHA6H3fr0r7/+at++vfG+xWxqzStXrrC1Eomkbdu2htq2bduKRCK2llVcXLx8+fKPPvrIx8fH8kWIiIgwjgiaiI+P37BhQ21tLRGVlJSUlJQEBgYaN+jcuXNJSUlxcbHlWst9eFjCw8M3btzYokULQ4larSYi9lP0/Pnzer3ekOOdiMRisaurq/EREhMT2dTKdzP6hsZEtHTp0i+++MK4sUqlMnx6BwUFffHFF8aTwZjlWtbx48cPHTo0d+5c871UTcydO9dww425P/74448//mD/tjyR2Bt0jAdUKBQGBAQYTzN4RlmYJJgVLzjL3z4AAABPs6d36zgAgOdJvY75u6TW1VYo4nOJSMDj6BkqqdZs+6ADu9zz93PFf5fULXm9VaCPHRExRP/d+ffquLyerZxtxTw+l8MQ1ev0341sTUR92jp/si192aHsDe+2c7MTEtEXf2QcSSv7v74+HKIrN2qir5SODXV/r9utXZG2JxWtP5nf318a0tTepGPXbtbp9Ewnb9PQqYk6jX7F4ZwAT9vv3mjNBjUHt3P5eGvar4lF74d7EdH6k/mudsLIsW3ZEzyaXr5g/3U/t1sRkVWxuXUa3fqIALa3Y0PdI/6XHHUs75thfuavlVFcy+dyArwa2cPvdKa8tFqzYHhL9opFhOlGr72yLbFw3jA/IuJzOUR0IqNiXUSAjYhHRJ6O4p/PFqYWKAI8ba4W1/5+rjgizPPtMA8iqtXoIn76K+pY3rKRrdRa/eKD15u7WK0a04Ydml5tnGbs+Hvv5dLhgW4W+sMQZRTXBnjaWAkbuTMp+nIpj8OJeqstuz61V2vnqb9djUkpY49/T2Mt4HGJqKpOu3rsrd8jvtqdufdy6RvB7jJ7YV6F6nxO1egut2fClO1XN58pMD+R8tr6384V9WjpOPuVFkSk0zNf/JGhZ4jdvJfP4xDRodSyyLFtW7pZEVHPVs5Tf796KLXszVAPyycLTxs2mtW1a1c3Nzci6tmz5/79+z/++GP2B1aGYdLS0jp27Gj8S/1D4eLiEh4eHhsbO23aNENAjk1dyC7iMe5hXV2dydO5XO7j3OKOlZycTES+vr4W2uj1+n379nE4nHbt2hFRWloaEQUHBzfY2N/f39ra2rBsiH16eH"
10:43:47.583 [Forwarding screenshot on session 5e9977749cf8e028abefff19f425d7c0 to remote] DEBUG org.apache.http.wire - http-outgoing-15 << "i4nZ3d7t272W3niGjfvn22trbGv8Urlcrs7OzevXsbFrMaE4lEHTp0OHXqlEqlavQqsT00rGS6E3ZNFbuazRz79OTkZPMNEY21adPG0dHReMExwzDmg0tEEomkwfVMAM+HzZs3czicAQMGEFFubi4Rubm5LV++/NChQ1VVVS1atPjggw+M3/KJiYnDhw8nIoZh8vLywsLC/vjjj19//bWwsNDV1XX48OFvv/224S1jaGyupKTk4MGDvXv3Zj8ZioqKTN777EqvwsJC9r+urq7G70Qul+vq6srWsp2ZO3duy5YtR48effHiRcun3OAOxwYjR47s3r27g4MD2yv2gjTYMfY4d6o1rFR7nLRa7S+//OLm5tapUyciYpfXCwSCadOmnTt3TqfTBQYGTp48uVmzZmz7nJyc4uJiNiDa6OgbNzZ3+vTprKwsQzzV8kW2XEtEcrn822+/jYiI8Pf3P3XqlOXGlo82c+ZMw9+WJxL7X/MBZbMT44vgmWZhkmBWvOAsf/sAAAA8zRA9BQB4JIr/WVip1zOlNZpdF0qKqzST+966VZ/9Z+DLHVwNmXLjMys8HUSB/ywA5RANaueSlF11Ka86vKUj235o+1t3srOLLzt527HhNCJq7mp1IbdaqdFbCbls2tVXOt7+J+igdi7rT+YnXpebR0+r6rRE5GzTyC3nF3OrlPX6oR1cDOtB27hb+0olCdfl74d7VdTW55YrX+vsxoZOiahXa+eVR25la6zV6BKvy1/t5GroraOVoGcrp5iUMq2e4ZutMK1Sau0lfPNyE4PaSQe1kxoeWot43s7i2+lk2RBvexc2dEpErd2tiahcoSGikxkVRPRyx1vX01rIW/J6a4YYIrqUVy2v007u62sYmmBfey9H8emsSsvR0zqNTqtnnBq7kkT0xaCmnw9qajg9fw8bIjL0/J7Gmi0Z1ul2x/q2cT6TJU8rVMjsnbydxPsnBxqvmfX3sPkrv6ayTuto9a//AUjJr9Ez1D/g1vXkcTlvhLhfvnErzS/b1Y5NbFv+Ew7/52L+K90xPBPi4+Nv3rw5ffp09uGwYcNiY2OPHj06ePBgIqqtrdVqtewCqYduxIgRx44dO3jw4Ouvv05Eer1+79697du3N17QQ0RxcXFxcXEmz/Xx8TFZI/vQ1dXVGXLMKhSKv/76a926dR4eHv379ze0USqVmzZtMjysqqpKSEjIzMwcN24cuxKLXahqvqyTxeFwnJ2dKysrjQuFQuHgwYNjYmImT57Mrv7Zt2/fwIEDje/Qr6qqon8WuTbIxcWFffVGYwlsDxsdYssnwr6cyYk0yNnZ2XjxbmVlpXGIyCAmJuYRzTqAJ2737t2bN2+eNGmSn58fEVVXVxNRZGRkp06d5s6dW11dvWXLls8++2zjxo3sTRiZmZnl5eVsotq6ujqtVnvs2DFnZ+ePP/5YKBTu37//hx9+IKKIiAiTxiYqKys/++wziUTy+eefE5FardbpdCY3WEgkEiJi14AqlUrz2y8kEglbS0S///57SkrKr7/+2mhYrlGtWrUy5Lll76gweWn2YV1dHftad6p9wG7cB61WO3/+/NTU1MjISLYbNTU1RDRjxowBAwa88cYbubm5a9eunThx4s6dO9lbhRISEiQSSYcOHeguRt+4sYnU1NRZs2aFhYVZWNR7TxYuXCiVShtNwnw3jMO9lieSUqkkswGVSCQMw6hUKnZCwvMHs+JF1ui3DwAAwNMM0VMAgEdi5s6/jR86Wws+6evzSsd/JfJq4nT7XxEFleqO3rbGtR4OIiIyTm8rtb0VmWMTwBrCaYYSPcMQUUGlSizgSo3CePYSvrWQZ8jRakzA5xARm0/YggK5moi8HP/1zx4PB9GFnGoiKq3WEJGrUX+4HJLZ38oVViRXM0QpBYoF+68bGuSWK3V6plxRb3wWt7rE42h0jfSHlVlSdzS9/EaFqkal1emZ3HKlg9W/gpeGPhCRWMAjIjb/blGVWsDjGEcQm7nc+pd5QaWaiA78dfNU5u3AgFKjK65qpEtCHpeINNrGE/wyRAnX5Gey5CXVamW9nt1UVav/1/HvcqxZPtLb4+JmJyKiyrpbcc2bNZrDqeWZJbXyuvp6PXOzWkNEWrPLy277KrO7fblaupkuPXR3ML6Ypn2AZ8WOHTucnZ27devGPuzSpYu7u/uuXbvY6CkbsWNzEj50ISEhTZo02b17Nxs9PXPmTGlp6UcffWTSrGPHjm+++aZJ4WNI7Xv69OnTp08bHnK53LCwsOnTpxv/3KNWqw3Jh+vr60tKSgICAlavXm344bjRC6jRaMx/B3zllVe2b99+4sSJvn37Xr58OT8/3zjnJxGxUdU77TNqqLKcodG4hxYOZdzsTifClhvHd+/E5HdPGxsb4/0aDdgd/gCeMwzDREVFbdy48YMPPnjvvfcMhUTUokULw3shNDT01VdfjYqK+vHHH4koISHBxsaGzf7NNlar1atXr2bfSt26dSsvL1+/fv2oUaNEIpFxY2PZ2dmffvoph8NZs2YNe2sCu3Jd/+//2dDpdIYqPp9vvq21Xq9nP1hu3Ljxww8/fPrpp15eXg/zGt2hY+xDPp/PRk/vVPtwe9IohUIxY8aMy5cvL1u2zLA0nx2j//znP2PGjCGi4OBgX1/fCRMmbN++ffz48USUkJAQGBjI9vZuRt/Q2FhcXNzs2bODgoIWLVr0UE48JibmxIkTP//880O/jJYnkuXhfrg9gacHZsWLrNFvHwAAgKcZvqsAAB6J+f/xY0N3HCIrEc/FVmi+lJINQbHqdXqT1Zbs2ket0Xab3H9nLuLeIZGRVs/wzBZu8rgcNkpnwsNBTESGLT/vpF6np38yuN4+Joej1TNEVK9nDB026T8RsTuGivhcwzJQIvL3sGHXXDbYpfSi2jJFvdTiOs7DqWWLD2a3cbfu1drZwYrP53E3ny4wCQObXweWRssIeHeo0umJyErEM+5tNz9HAb+RlRYCHkdqI7h+s/GVEMtismNSynq2cgpv6WQt4vF5nDl7skza3OVYs4RGfWP/Zq9DTpny/7al2Yj4g9u7yOxFQh7n5N+VxzMqzI9Qp9bRv8dXaHa+PCTOevbl5+cnJCTweLy+ffsaClUqVVFRUXZ2dtOmTYVCoYuLS2Zm5qN4dQ6HM3z48JUrV6anp7dp02b37t329vbGPWG5uLhYzgf7iHTt2nXy5Mns33w+39XV1Txk6+DgYIiearXaN998s6SkxDhuwcYVrl+/Tg2pra0tKSkxX3zZsmXL1q1b7927t2/fvnv37vXz82vdurVxA0dHRysrqzsdloiys7NtbGzs7U2zC5hje5iZmWmy5LfBZtevX29wMWt2djYReXt7W36t6urqgoKCXr16GUqEQuETGVyAx0+j0fz3v/89ffr03LlzhwwZYii3tbWlf+/wZ2dn165dOzZVOBElJCQEBQWxe5daWVnxeDx/f3/juxBeeumlixcv5uXl+fn5GTc2SEhImD59esuWLZcuXcpmxyUiHo9nbW3Nrn00YNe1s23s7OzYJLrG2BXter1+zpw5AQEBgwcPZld8srdQqNVqpVL5gCvD2JsnGuyYvb09m7TzTrUP8rr3qrCw8JNPPqmrq/vpp5+MP6LNBzQoKEgsFl+9epWI6uvrL1y4MGnSpDs1Nh59k8YGGzduXL169ahRo6ZMmWIy1venrKxsyZIl77zzjqenJzug9fX1RFRXV8fj8e7mRhwLLEwkMhpu45tmqqqqJBJJo3uvwrMLs+JF1ui3DwAAwNMM0VMAgEfC01Hs7XQPu/Q5WAmqlFrjEvahveSeP6gdJHylRlevux0g1OoZhVrb4KE8HUQye2F8ZsXEXt7mG3buuVwq5nP7B0gdJAL6J82vcQ/ZY7L7d7IROIPK2npHawEROVoJiKh9E9vx3e9qvUKQr93R9PKYlJvme2pWK7UbThW8ESJztxdtOVPo4yxeMaqN4TQ3ny64m+MTkdRWUKfRG18iAycrARENbucS5HvPa6ECfe0PpZSlFCgCPE0Dw3/l11zKq349yF2h1saklA1u5zJ1wK3NFE3G/T4oVDp2CIioRqUlInsrPhHtuF"
10:43:47.583 [Forwarding screenshot on session 5e9977749cf8e028abefff19f425d7c0 to remote] DEBUG org.apache.http.wire - http-outgoing-15 << "Csqtf/9E4bw9LVK/8k4zVhJeIRkcJoBMsUjSxNg2cRm/x2ypQpxtuaqtXqxYsX79y5k913MzQ0NDo6+vLlyx07djR5+sWLF8+dO/fmm2/e966oL7/8clRU1N69e93d3U+dOsWunbrfs3nIbGxsLAcUTfD5/C+//PK9995bsWLFV199xRa2bNnS0dHx8OHDEydObHDxEMMwL730kvnRhg0btnjx4uLi4qNHj06YMMGklsvldunS5dixY7m5uWyKYGP5+flpaWkDBgy4m3SaISEhHA4nOjp60KBB5rUrVqzo2bNnp06dQkNDv//++wMHDoSFhZk3i42NJaIGq4zt2rWLYRjj6CnAC0Kr1c6YMePSpUs//vijyWcpu5Wyye/IHA6Hff+q1epLly5NmTKFLedyud7e3uaN2f+aNGZdvHhx6tSpvXr1+vrrr00CD82bNze5CYN9yH70NW/ePD4+XqFQGLamrqqqKisra9GiRUVFxZUrV4jI5OaPyZMnc7ncpKSke7s6/+br68vlctl7MgyuXbvG5XKbNm3KXgQLtY9HWVnZpEmTJBLJ5s2b2dTlBmw32Py9xtgBvXLlilKpNOQnsDz6Jo1ZW7ZsWb169bRp00aNGvWwTufChQvV1dU//fTTTz/9ZFweHh4eHBzMroK9bxYmEltLRNnZ2caLmK9du3ZP37/wzMGseMFZ/vYBAAB4mj3oniUAAPBQtPO0ySypq9XcDl9duVFNRP5mcbhGBXjZ6hn6K//27zgpBQo9Q/6etg22HxXiXqPSLTuUbbI29XxOdVRc3plrcg4RGw68fOP2zz3Kev3fJbXs+lEvR7GAx7lafHvnktxyVdk/m2LK7IVSG0Hidbnxwf/Kr/m7pOFlmj1bObvZCbclFKUX/WsrFI2WWbD/+v6/ShUqHRHJ6+q9nSSG8GdmSV1ueSMraA3YzUTPZVcZSr6JvvbR1jT654Kb9PZUZmVJdePRxBGBMh6Xs+xQduW/w8wl1ZpFB64fTC7jcG5FoJu73l7TFptWTkQPkgQ3peD2WKcVKuifHMvyOq2NiG8Inarq9Ww6YvOXaiqVEFF6ocJQcuxq+f13CJ5KGo0mOjq6Y8eOo0aNetnIiBEjunTpsn//fnYt0dixY/l8/vz58ysq/rVMuaio6Ouvv967dy/nAVYhs4tN4+Lijhw5otVqH9bmbU9Ku3bthg8fvmfPnoSEBLaEz+dHREQUFRUtX77cpHFhYWFkZKSbmxubJNnEgAEDBALBqlWr1Gp1g3HNiIgILpf79ddfm+wRpVarv/nmGx6P9/bbb99Nnz08PPr27ZuUlLR9+3aTqnXr1m3dujUjI4OI/Pz8unXrFhMTwwZKjZ06dWr//v29e/dmwwB3cvbs2bVr1/r5+RlvHAvwgoiMjExISFi1apX5bShOTk5t27aNjY01pDFUKpWpqanscsZLly5pNBrjfUy7deuWnJxsvGzr3LlzYrHYx8fHvHFJScnUqVPDwsLmzZtnvmare/fuGRkZubm5hpKYmBgbG5vOnTuztQzDGL/lDx8+TEQ9e/Z0cHDY8m8zZ84kopkzZ27evPmBrhSRWCwOCQmJi4vTam/9v5NGo4mLiwsNDRWLxZZrH/Cl75JOp5s2bRqHw/nxxx9NQqdEFBISIhAIYmJiDCUpKSkqlYod0ISEBBcXl2bNmrFVlkffpDERxcfHr1q1aurUqQ8xdEpEXbt2NRnQYcOGEdGWLVtmzJjxgAe3MJGIqFOnTtbW1ocOHTLUZmVlZWZmIi3B8w2z4gVn+dsHAADgaYa1pwAAT4WRwe7xmZVLD2ZP7OVtK+Zfzqv+41xxSFN7Nqx1T/q2dd6WUBh5NPe/Q5o3cRLnVah+OJrrbC3o19a5wfZDO7imFChi08oLK1WvdHL1dpJUK7WJ2fKDyWVNpZIp/XyJyFcq6drcYeeFktYym04+dvK6+vUn8zVa/chgGREJ+Zzufo7HrlbsvlTavaVjabVmdVyuo9EWpKO7ePxwNHflkdyIlzyEPG5idtWKw9kvtXCcMbiZeX+EfM7sl1tM35ExZXv6yx1cg5vaiwXc3HLlrgslNypUk/v5+rlZEZGfm/WlvOqM4lofZ8mlvOqf4vM7NrFNL6qtVmntxI18u/Vp6/zz2cLvY3NsxM1l9qKTGRXHMypGd3EnIi9HcXhLx72XS72dxX3aSFX1uugrpVvOFE4b0HRQO6nlwzZzkfxfH5/vj+S8vyllRJBba3cbnZ5JK1TsulBCRAuGt5QIuJ6OYrGAG5tWFtbCQSzgHkktP5NV6WQtuFGh0jN0h0zDjfjjfLGzjbCNu3VWad3v54s9HUQBnrZE1MLV6uw1+ZG08u5+jvmVqlWxuW08bE5lVuaUKV1t/7VhYXsvW3d70ZazhS62Ql+pJOGa/HxO9R1eDZ5VR48elcvl7C+kJoYNG5aQkBAbGztkyJAWLVp8/vnnixYtGj169JgxY/z9/XU6XXJy8q+//kpE33///QNuQTpixIgDBw6sW7cuODi4wdSvhYWF0dHR5uUuLi7GQYKnxMcff3z8+PH58+f/9ttv7JLcMWPGpKSk/P7775mZma+99lqTJk1UKtWFCxe2b9/O4XCWL1/e4C/+tra2vXv3jomJ6dWrV4N5zAICAj777LNly5ax48L+1J6Zmbl9+/YbN27MnDmzVatWd9nn6dOnZ2dnL1u27Pz58wMHDpRKpSUlJdHR0QkJCUOGDBk5ciTb7KuvvpowYcLMmTPj4+P79Onj7OxcWVl5/PhxNrfwl19+aXxMjUbD/u7JMIxcLk9MTIyPj/fx8Vm+fLlxnkm1Wt3g4HI4nKFDh95l/wGecjk5Odu2bQsKCiosLCwsLDSUW1tbs3tOT5gw4ZNPPpk5c+bEiRNra2vXrl0rl8vHjh1LRAkJCe7u7k2aNDE8a+zYsXv27Jk8efKsWbNsbW2jo6PPnj37zjvvCAQC88aRkZEKhSIkJOTIkSPGXWrfvr27u/uIESN+/fXX6dOnf/755y4uLgcPHoyNjZ08eTK7h3H79u1DQ0NXrlwpFosDAgKSk5MjIyO7desWEBBARG3btjU+IJvu1cfHp02bNg1ehJMnTyqVSiIqLy9XqVTs54NEImFXr65fvz4uLm716tVOTk5ENH78+Pfff//LL78cN24cEa1bt45NLcseynLtYxAdHZ2SkjJq1KjExETjci8vL39/fzs7u7Fjx27atEkmkw0aNCg3N3fp0qW2trbs9tUJCQkma0ktj75xY61Wu3TpUqlU6uTkZBxYIqIePXqIxeKUlJSCggIiYvPtnzx50tHRkYjCw8MlEomFWjs7O5MBjY+PJ7NRNlAqlSdPnmT/ZhimoKCA7Y+npyc7PdgF0CtWrKDGJpJIJHr33XcjIyN9fX379+9fWlq6ePFiqVQ6fPjwexsVeMpYniSYFS84y98+AAAATzNETwEAngqt3a3nvuoXdSxvzLorRMTncnq1dvq/vqYZGu+GtZC35PXW3x3KnvBzKlvSztPm61daWIsa3iqJQzRjcLMOXrY7LpR8dyiHLXSw4o8NdR8Z7C75Z3PWmUOarYrNnbM3i90/1d1eNG+YX9t/9i79vz4+FXX1PxzN/eForpWQ+2EP7zPXKkv/Wa85rJOrVqffmlgUfaWUiAQ8zsAAl4m9mph2xehqrHnbf+OpgoPJN3ddLGE72dnHbkp/3/Zet1bQftTbe86erEm/pBFREyfxFwObKuv1s/78+7XIS0tHtrK8PM5ayFs2svWyQ9lTtl9l+zMyWPbuS55s7fRBzVYfy1sdl7fySC57KT7q7d1o6JT1cgcXH2fx5tMF/4vPZ9fyCnicPm2c3+zq4W4vIiIrIfez/r4rDueMXnuFiAJ97Ga93HzflZubThcMWH7u0GfBd/MqJt4Pb7Lk4HV2dayPs/irl1uwUdjXg2TJ+TWLDlxfRGQn4b/f3atLc4erRYqZO/9+O8yjpdvt5Ks8LmfeML9FB65/vSeLx+WENLWfNbT5mHVXsNXp82THjh02Njbm+4wSUY8ePRwcHHbt2sVuzjd8+PCmTZuuW7cuKipKp9MRkVAoHDhw4Lhx4zw9PR+wG+3bt/"
10:43:47.583 [Forwarding screenshot on session 5e9977749cf8e028abefff19f425d7c0 to remote] DEBUG org.apache.http.wire - http-outgoing-15 << "fz88vMzLzTj2Kpqampqanm5cHBwU9h9NTGxmbatGkzZsxYtWoVuxiLy+UuWLAgODj4t99+M2T0tbGx6dWr14cfftjgNqKsYcOGxcTEsD+4N2jUqFHNmzf/6aefVqxYwY4Ln88PCgqaPXt2hw4d7r7PDg4OGzZs2LBhw759+44fP84WNmvWbPbs2cav7uzsvHHjxo0bN+7fv3///v1soUwmGz9+/FtvvWWy06FCoTDEUyUSSdOmTT/55JPXX3/dpFltbe3cuXPNu8TlchE9hedGRkaGXq9PSkoySWnr5eXFRk/DwsLmz5+/cuXKESNGEJFUKv3mm2/YVNjmwTapVBoVFfXNN9+89957RCQWiyMiIiZOnNhg47S0NIZhFi9ebNKlefPmubu729raRkVFzZkz58MPPyQiiUTywQcfvPXWW4ZmCxcunDdv3ldffcUwDJfL7d3cl7mXAAAgAElEQVS796xZs+7vIixZsqS4uNjwkP18kMlkbPS0uLg4MzOT3WuTiDp27Lhw4cJly5aNGTOGiFxdXZcsWcKGVRqtfQzS0tKIaPv27SZL9l999VV23+uJEycyDLNp06Y1a9YQUevWrRcsWCCVSuVyeUZGxptvvmn8rDuNvnljuVzORt9N7lYhov3794vF4h07duzbt89QuGzZMvaPvXv3SiQSy7X3dAUqKyuN+3Dp0qVLly4R0dChQ9mBMEmtbHkiRUREKJVKw+Xy9/dfvHixIaErPKManSSYFS+yRr99AAAAnloc5kFyBQIAwMNWpqhX1eukNkKx4EGTq1ertFV1Wgcrga244bipOYVaJ6+rF/K5LrbCBgNnqnp9mUIjFvCkNqYZ4Yiosk5bp9G52grN9xMlIj1DpdUarV7vZidqsIE5nZ4pr63XaPXONkKJ2QVhiG7WaHhcjrP1rc7U6xi1Vm9zhzixOXmdVqHWNni1NVqmtEbN53Jd7YT3sSRUVa+vrKtnGHK1E/LNnq/VMzdrNLZivqGrqno9Ed3roK8/mb89qWj/5ECRgMvGqg15eg2qlFqlRu9iK+BxOUTEENWotLZi/p3GV8jncjlUVKV+c/1fk3p5Dw90u6cuwfNEpVKVlZURkUwmM9/FExpVU1NTWVkpEomkUqnxEswHxI4Lh8ORSqUPuHFseXl5TU2Nvb09uybJcjM7Ozt2oRgAPDi9Xs/GF93d3Q23fF2/ft3JyanBBehlZWV1dXUymcywWMdCY8vKysqUSqVMJjPP7ktECoWivLxcKpXe9xbX94dhmKKiIg6HI5PJzO+Bs1z7NFCr1aWlpVZWVs7Ot3K9qFSq/Pz8Jk2amH9Qm4++hcbPKMsTSaPRFBcX29jY4GvlhYJZ8YKz/O0DAADwiFRX38quFxsb6+DgoNfr7/QPCvY2L7lcblh4gOgpAADAs4qNnu6bHGgeWr4neobmR2c5Wgv+r8+t5c6/nytee+LGytFt2t37zrsAAAAAAAAAAAAAT9aDRE+xjAAAAOBFx+VQEyfJLwmFhXJ1G3eb/EpVXHp5dz9HhE4BniF6vX758uUWGoSHh4eEhDy2/gAAAAAAAAAAPKMQPQUAAHhWeTqKOnnb8R5GCrt3u3m2klmfyqpML1JYi3hT+vsOCLirrV4B4OnB7od6J3q9/rH1BAAAAAAAAADg2YXMvQAAAAAAAAAAAAAAAADw/HiQzL0PtE0aAAAAAAAAAAAAAAAAAMBzA9FTAAAAAAAAAAAAAAAAAAAiRE8BAAAAAAAAAAAAAAAAAFiIngIAAAAAAAAAAAAAAAAAECF6CgAAAAAAAAAAAAAAAADAQvQUAAAAAAAAAAAAAAAAAIAI0VMAAAAAAAAAAAAAAAAAABaipwAAAAAAAAAAAAAAAAAARIieAgAAAAAAAAAAAAAAAACwED0FAAAAAAAAAAAAAAAAACBC9BQAAAAAAAAAAAAAAAAAgIXoKQAAAAAAAAAAAAAAAAAAERH/SXcAAOAZc/369SfdBQAAAAAAAAAAeOE0a9bsSXcBAOCFgOgpAMC9wf+nAgAAAAAAAAAAAAA8r5C5FwAAAAAAAAAAAAAAAACACNFTAAAAAAAAAAAAAAAAAAAWoqcAAAAAAAAAAAAAAAAAAESIngIAAAAAAAAAAAAAAAAAsBA9BQAAAAAAAAAAAAAAAAAgQvQUAAAAAAAAAAAAAAAAAICF6CkAAAAAAAAAAAAAAAAAABGipwAAAAAAAAAAAAAAAAAALERPAQAAAAAAAAAAAAAAAACIED0FAAAAAAAAAAAAAAAAAGAhegoAAAAAAAAAAAAAAAAAQIToKQAAAAAAAAAAAAAAAAAAC9FTAAAAAAAAAAAAAAAAAAAiRE8BAAAAAAAAAAAAAAAAAFiIngIAAAAAAAAAAAAAAAAAECF6CgAAj41aq1dr9U+6Fw+Hsl5fr2OedC8AAADgOaTVapVK5aNoDE+ERqNRq9WPojEAAAAAADwi/CfdAQCA51OZoj7puvymQqOq1ztYCdq4W7fzsuX8U1soV1/Oqw70tXezE5o88VRmpU7P9GjlVFSlvpRbfafj20r43f0c71Sr0TIX86qySurqNDpHa0FzF6tOPnacO7V+XD777apOz6x5y99CmyqlNim7qqBSpdUzUhthhya2TaWSx9bDu6Ss1w/9/sKoEPf3w72edF8A7gfDMNHR0Xq9fvDgwUKh6acQKy8vLykpqbi4WCAQyGSybt26OTs7s1X5+fnnz5+/08Ht7Ox69+6tUqliYmJ8fX07dux4+fLlnJycPn362NramrdPSkoqLCwcOHCgSCTas2fPnQ7buXNnb2/vezzRe6DX65OSkrKyssrLy4VCYZMmTcLCwpycnAwN2LMYOHCgWCwmovj4+PLy8tDQUJlMZnyc8vLy+Pj4rl27urm5GZenpKRcvny5oqKCy+XKZLKQkBCT00lPT8/IyOjbt6+NjY1599jaBntuZWXVv3//Rk+QHZHmzZu3a9fOpCo5OfnatWuGU7ubq8GefoMv5O3t3blzZ8udYS/mnWqbNWvWvn1781Pm8/lSqbRdu3bW1tYNPvH06dM3b94MCQnx8PAwLr958+bp06cdHBx69uxp/hStVtujRw9DieVzZxjmTrPU0dGRPc7dXBzzNkKh0NPTMyAggMfjmT/RwnuWPTvj4zg5ObVo0UIqlZq06dixo6+vb4MHf4JvvedVXV1dTExMfn6+nZ1d27ZtQ0JCTBpcuXIlMTFRq9W2bNmyZ8+efP6//mEeGRl58uTJXbt2sQ/z8/OPHTsml8s9PDz69etnZ2dnoXFycnJCQoJarfb09OzZs6ej47/+dzE1NTUhIaG2ttbb27tfv34m76bi4uJjx46VlpZKpdLevXu7u7s3eHYpKSlZWVndunUznmbm9Hp9XFycXq9v9DNKr9efOnUqJSWFYZiAgIDu3btzudy7rH08CgsL4+LiKioqXF1dg4ODmzdvblyr1WpPnjyZnp4uEokCAwM7depk8vRx48a1bt36yy+/ZB9aHn3jxnq9/sSJE2lpaQKBwNfXt1evXgKBwOTgFy9ezMvL69+/v5WVlXnPLdeyjh8/LpfLhw0bZvkiKBSKuLg4Ly+vRj/kLU+kurq62NjY3NxciUQSGhoaEBBg+WjwDLEwSTArXnCWv30AAACeToieAgA8ZAzRD7G50VdK7ST8plIrPcPkV6jKa+s7ett++5+WYgGXiFILFd8dzpn7agvz6OnmMwVKjb5HK6eM4toVR27/uKxniIi4/4RAfaWSO0VPz2TJVx7JKa+td7Ti21sJblZrajU6DwfR7Jdb+Lnd8XeTJ44h2nq2cGtioUbLyOyFAh63uEpdr/t/9u4zrqmrDQD4k0ESNsgKiKACDkCKC0cR997WhaNY6QC0al+tYrVWLKJ1UgeFShVRK1VEQBGpClaqBRw4QKAge0UChJlJ8n449jYNGNDiaPv8P/RH7jm5Offcc5N6n/ucoxhorbdpmo2+5lv0g6XBoH04wtLeoo0IB0L/CKmpqdu2bQMANps9efJkldKmpqaAgICEhAQmk2lpaSkWi3k8Ho1Gmz9//po1axgMRlZWVkBAAFVfLpcDAHUv28bGZsyYMY2Njf"
10:43:47.583 [Forwarding screenshot on session 5e9977749cf8e028abefff19f425d7c0 to remote] DEBUG org.apache.http.wire - http-outgoing-15 << "7+/nPmzHF2dhYIBP7+/k1NTYsXL1b5LKlU+sUXX5iZmc2aNUsmk/n7+yvvStmWLVteXQgnOzt73bp1PB6vd+/eBgYGAoHg999/ZzKZ27dvHz16NKlz6dKlqKgoV1dXEmIMCwt78OCBi4tLUFCQ8q5KSkr8/f0PHDhARU8LCwu//PLLrKwsbW1tLpfb1NTE4/EUCsXs2bM3bNhA3TRPSko6evSos7Nzm9FTUtpmz1hYWHQkelpXV+fv779w4cLW0dOEhISIiIhhw4aRQ+tIb5DDb7M906ZNa/fG+uXLl6lIj0KhUCgUNBqNRnv2Czd//nwnJydyyFRAFwCkUmlLSwuHw1m1atX8+fNV9tnY2LhhwwaRSDRr1qzNmzcrF+Xn55OhFRoa6uzsrFx08uRJoVBIRU/bPfaWlpbnjdJ+/fqR/XSkc0gd5aMTiUQAwOVyt23b1roD1Vyz5Og0NDRI2FUmk8lkMhqN9t57761fv540g9Tx9fVtM3qq5qDgFV96/1YZGRlr165taGiws7Orq6s7dOjQ0KFD9+3bR0W+d+7cGRkZaWtry2azjx492r9//0OHDrHZbGoPKSkpQ4YMIX9fvHjR39/fyMjIwsIiIiLiyJEjR44c6datW+vKCoXi66+/jo2N5XK5xsbGERER+/fv37ZtG/XcwIEDB8LDw62srIyNjc+cORMSEhISEkKd3+vXr/v6+urq6trY2BQUFBw8eHDnzp2tnzng8/mrVq2qr68PDg5WEz0tKyvbunVreno6l8tV/x0lEolWrVqVnp7et29fOp0eFhbWv3//AwcOkAtEfenrERUVtXv3bk1NTWtr65KSkr17937wwQc+Pj6ktLGxceXKlVlZWQ4ODgKBIDg4eOnSpatXr6beLhAIsrOzPTw8yEv1Z1+5cl1d3YoVK7Kzs21tbRkMxpEjR8zNzYOCgiwtnz29JxQK9+/fT75OXVxcVOKj6kspv/3227p16wBAffT0zp07W7duraysbPdLXv1AKi4u/uSTT+rr6+3t7Wtra1t3F/rnUjNIcFT8x6n/9UEIIYTeWm/RzWiEEPp3uJ5dE3P/6YLB3OUjLJl0GgDIFXDubmXw9ZLjt8o+Gdmt3T0Qo3p3GdX7WbJLTZN03nf3Zzqbrhpnrf5daQV1W6JzrYw4W2bYOnbVAQAFwK08wd6EgtWns374wNFcn61+D2/KDzdKT6dVDLc1WDHamqvPAgCxTB6d/jT0Rsnan7JD3ndg0N949uwzTDrNfUjb2RgI/SNERkb26tVLQ0MjKipKJRLT0tKyevXq+/fve3p6Ll26lETy+Hz+wYMHT58+LZVKfX19x48fP378eFKfz+dPmjRp3rx5GzZseN7HjRgxwtTUNDo6unX0lOS7UPegAWD8+PE7duzotEPtmM2bN0ul0rNnz1KxpcrKypUrV27evDkuLs7AwKDNdxkaGqalpcXFxU2dOvV5e66srPT09FQoFOQuIYmVVlVVBQcHnz9/XqFQqMT51Dtz5kyb0a/O1cHe6NKly88///xyH+Hr6+vr60v+TkhI2LRp044dO8aNG9e65smTJ6lmtLS05Obm7tixY9euXT169Bg8eLByzYsXL0ql0pkzZyYkJHz22WetcxoMDQ39/f1Pnz7dOnOL0sFjb3eUdqRzVOpIJJK0tLStW7f+73//i4mJ0dfXV66s5pol1q5dO3fuXPJ3WVnZ3r17IyMj+/Xrp2Zwqngjl96/klwu9/X1ZbFYUVFRJDf92LFjhw8fjo2NJecoNjY2MjJyy5YtM2bMAIBffvll7dq1Fy5coM5gdXV1Xl6el5cXABQXF3/99ddTpkzZvHkzg8EoLy9fsmRJUFAQdbKUK8fExMTGxnp5eXl6etJoND6fv2zZsp07d7q5udHp9Hv37oWHh3t6enp7ewMAj8fz8PAICAgIDg4GgIaGBj8/v4EDB+7bt4/NZovF4rVr1/r5+Q0aNEjlkQ4SrVffCbdu3fL19XVxcXF0dOTz+eornzhxIj09/eDBg0OHDgWAtLS0FStWnDhx4qOPPmq39DUoLCz85ptvhg0btnPnTg6HI5FIfH19jx49Onny5B49egDA7t27CwoKwsPDe/fuDQD79+8/ceLEjBkzSCkA3L59GwBI/nG7Z1+58p49e/Ly8oKCgsjLe/fueXt7Hz58mJz9iooKb29vFos1efLk+Ph4lWarL6U0NDRs27bNyMjoeRnzRGhoaGho6LJly8LCwtR3V7sDKSAgQKFQnDt3jlwdwcHBoaGhI0aMaPexG/SWUzNIcFT8x6n/9UEIIYTeZrjuKUIIdbKMsgYAmD/YnPlHtI9Og3mDuJ+M7OZk2caslZ2oRa4IvFKoy2HuXdCHhE4BgAbwrq1BwJxeuhxGZlkj2ShXwC85NXsSCrbF5gUlFT8sbaB2Im1RHP21NKOssapB8kNyqf/FJ8HXS0pqRMofVFQtCr3xrOh3XrNyUaO4JfJOZUBcfkBcfkRaRb1I1pGWl9SIItIqnCx1/WbakdApALCZ9AWDuR+5daPRoLD62YJezRJ51D3ejkv52+OeHPu1rKJOrLyTo7+W8huld4vq9yQU7LyUfy2rGgBqm2VhN8u2X3zyQ3KpoPlZewr5QlL5fnFD4JXCHZfyz9yuFEn/sizr4/LGg9eKtsXmBV4puvK4Wv7HOqeki+4U/jmv8u+85qCk4l3xBdHpT8Uy+bWs6vP3eKQo9v7TK4+rRVJ55J3K7XFPAq8U3S6s60ifIPSKVFVVJScnT5gwYfLkyenp6SoTqMbGxpLQqbe3N3XH3NjY2M/Pb+TIkSUlJSRD7oUwGIzZs2cXFBTcv39fpSg6OlpLS2vSpEkvfTh/n0AgKCwsHD16tHJgksvlbt26deXKlVKp9HlvfOedd1xdXffv3y8QCJ5XJzAwsL6+PjAwcNy4cVSaqYmJyZdffjl37lx9fX2ZrENfkq/NS/fGa8BgMPr06bNlyxYAuHr1qkppZGTk4MGD3d3dhUJhm6ECHx+foqIiNbf+3+yxs1gsV1fXjz/+uLGxMTU1VblI/TXbWteuXVeuXAkA2dnZr7DF6DkqKyu7du360UcfUdN6u7u7A0BGRgZ5efr06YEDB5LgGQCMHDkyOjp6zpw51B5SU1MZDMagQYMA4MyZM2w2e926dSS32MLC4scff9y6dWublfl8/oABAz744AOSyW1sbDxx4kQ+n8/j8QAgOjpaV1fX09OTvNHMzMzd3f3OnTulpaUAkJiY2NDQ4OPjQ5Ig2Wy2l5dXQ0PDtWvXlI8uJiYmLS3t448/Vt8JOTk5a9as2bNnT5vJ9NevXw8KCmpsfPY/pdHR0cOHDyfBUQBwcXEZNmxYdHR0R0pfg+LiYnt7+5UrV5JsVxaLRSKdmZmZACAQCOLj4xcvXkxCpwDg7e196dIlKnQKACkpKfb29mS+5XbPvnJlkUg0Z84catrnAQMG9O3blxpIJSUlw4cPP3HihMo0wh0ppezevVtbW3v69OnqO6GoqCg4ONjLy4uaJEDZqVOnTp06Rf5WP5DIzP+LFi2iro7ly5fr6Oi8zhOKXhE1gwRHxX+c+l8fhBBC6G2G0VOEEOpkhtoaAHC3SDVCNn8wd5hN2wlMneV+SQOvXjKzv6mhlmpOQB9z7Z+8nMfZP1u20C82z//ik2aJ3FSPnctr/iwi+9xdHlX5VEpFQgZ/TUQWr16iw2YkZPA/Ds+oapCQ0l9zaz8+npFaINBmMx6XN3qfyLyc8SyrgFcv+TAs41Rqhb4mU0+Tee4uz/NYhnKA83l+zuQrADyGd22dXzp/MPeIh6ONiRYA1Itkn4RnhN8qYzHphloa13Nqlv3wKLuiifr0UykVP6VVHE4sZjHohXxhQFx+zP2na3/KqqgTazDpZ+9Urj2TTWKg5QLxqZSK8FtlexIKWuQgbVEcuVGy+nSWtOVZjDTqHu/TH7Pyq4Smeux6kWxXfP7WmFxSJJMrTqVUpBc/i56m5tetOJmZml/H0aDfyqv9/EzOxQdVVJ9ceVwd9+DpxnO/3y2q1+MwH5bW+0b+npxb226fIPSKkJTHyZMnT5o0iclknjt3Trn0woULHA7n/fffb/"
10:43:47.589 [Forwarding screenshot on session 5e9977749cf8e028abefff19f425d7c0 to remote] DEBUG org.apache.http.wire - http-outgoing-15 << "3GvXv3Hj58+OUmS5w1axaDwVC5EVZRUZGWljZlyhQ1i7G9Brq6uhoaGhkZGU1NTcrbHR0d3d3dTUxMnvdGiURCpooNDAxss0JTU1NiYuKQIUOcnJxal/r6+n766acqy929cS/dG68NWYJUIpEob7x7925hYeG0adNsbW379Olz/vz51m+0s7ObN2/e0aNHnxd9fBuOvc2jU3/Ntqm+vh4AlCd3Ra+NhYVFSEgIFR6DP04omeS2trY2Nzd3xIgRym+xtLRUnjY5JSXF0dGRxB3T0tIGDhyonEvN5XJV5vilKn/44Yfff/+98tK5YrGYRqORpU8fPnzo5OSkvG4uyet68OABKdXU1LS3t6dK7e3t2Ww2KSUqKyv37du3YsUKa+t2pkLx8PBQjgiqSE5OPnr0KLnQeDwej8cbOHCgcoUBAwbweLzKykr1perb0Fnc3NyOHTtma2tLbRGLxQBA1gK/c+eOXC53c3OjSjkcjqmpqfIeUlNTydTKHTn7VGUA2L179/r165Uri0Qiag3yQYMGrV+/XnkwKFNfSly/fj0hIcHPz6/dZGI/Pz+Vac+VnT179uzZs+Rv9QPp4cOHAKB8QlkslqOjo/IwQ/9QagYJjor/OPW/PgghhNDbDKOnCCHUySb3MzHQYgbE5X8Vk3f1cTWvXtL+ezoJiSMOsNZTX624RnSnsM59iPmW6TZeo7rtX9jHyVL3+K0yUspk0AAgIZP/1Qy7L6b2XDO++1czbCUyRUImHwCkLYo9CQVO3XRD3nf8bHz3A4v6uvTQP3StSCyTA8CBq0XNkpbgpQ4rxlitHGP1vYeDWCYPSiput+U5lU1MOs3Rsp2VRG/mCp7WS76cbrt2Qnef0VZBS+zZTPqPqeXPWk6nAcD9kvrgpQ6rxll/u6ivNotx8GqRx/CuG6f0XD+px/vDuxbyhbm8Zuow7xTWfe/huHZi9y3TbbxGWeU9bU7KrgYABcD5ezzHrjr7F/bxGtVty3SbJcMsbuYJnlQ1t25VyC/FJrqskPcdVo2z3jWv9zvddB+WNlBPXTPptEdlja52hjve6/XpWOuDi+05GvTY+0/b7ROEXoWWlpbz588PGzbMzMzMwMBg1KhRcXFx5EYwACgUisePHzs6Orae9fRvMjExcXNzu3r1KpVsBAAxMTEKhYKarpBqYXMrL5Hw2nEMBsPDwyM7O3vBggUhISHp6elUh6gnl8vNzc29vLwuXrxI5lpUkZOTI5fLSU5YpxCJRK07p3OzVzveGwqFonVjmpubFQpFm/U7S2xsLAC88847yhsjIyP19PTGjBkDALNmzcrJySFpYSoN9vHxMTAwUF61V9lLj4TWXq5z5HL5xYsXaTSa8tq06q9ZSl1dXXl5eXl5eWFhYWJior+/f+/evadNm9bxNr/+S++/4/jx4zQabeLEiQBQVFQEAGZmZvv27Zs4ceLQoUOXLFly48YN5fpU/EyhUBQXF1tbW589e3bOnDlDhw6dMWPG8ePHlQeScrBNBY/Hi4+PHzNmDHnqpaKiglqPmSCZXuXl5eS/pqamykljdDrd1NSUlJLG+Pn59erVi6TSqtfmGrqU+fPn79mzh0yFXVFRQTqkzYapL223Ga+CTCY7efKkmZlZ//79AYA8jaGhobFu3bqRI0e6urquXr06Pz+fql9YWFhZWUnOUbtnX7lyazdv3szLy5syZQp5qb6T1ZcCgEAg2L59u4eHh4ODQ7tHrX5vGzdu3LhxI/lb/UAi/219QsvLy1/1bwd61dQMEhwV/3Hqf30QQgiht9nb9bQ7Qgj9CxhpawQvdQi7WXY9p+bX3FoAMNVlDbUxmOFs2sNY85V+dJ1QCgBdtNt5ftyqCydu9UDlf4w6WOg8LG2obZYZajHJv2udu+n2MnuWDdbHXBsAqhulAJBeXN8gapnqZEIlia4Z3722SUoDWpOkJTVfMLO/qZneswdLDbU0RvXucjmDL5MrmGpXLa0TyvQ1merrAMDkfsaT+xlTL7XZDCsjzp+zCtMAACY4GLOYNABgM+mWXTiltSK3P5aPJQms1Y0S+OPQJjgYa7Ge/VN/bF+joKTijLLGCQ7GNIATHzopd5G9hQ4AlNSIyE4ogmZZUbVo/mAuR+PZfhYOMf/p9l/yIdhM+uwBz/7FqM1iWHXhVDe+vpg6QsqSk5OrqqqoNUpnzZp19erVa9eukbuxTU1NMpmMJEh1urlz5yYlJcXHx8+bNw8A5HJ5bGysk5OTckIPACQmJiYmJqq819rauiP5di/Ny8vLysoqPDz8yJEjR44cYTKZzs7OEydOnDp1qvKT8m1yd3ePj48PCAiIiIhQyfIhM/qSbELKkydPlENf5ubmJC2sI5YsWdJ64/bt20lUprN0sDdqa2uV060oly9f7sQhdP78eap/hEJhVlbWrVu3Bg0apBwXrKmpSUpKmjt3LmnepEmTAgMDo6KiWocEdHR01q9f//nnn0dHR8+aNav1x3Xw2EtLSyMjI1Xea2dnR8V0O9I5QqFQeRrhurq6lJSU3NxcT09P5cQ+9dcs5bvvvvvuu++ol7169dq8efMLZXW/kUvvvyA6Ovr48eM+Pj52dnbwR1rwoUOH+vfv7+fnV19fHx4e/r///e/YsWMkap6bm1tdXU0mqiWPRyQlJRkZGa1cuZLFYsXFxR08eBAAPDw8VCqrqK2t/d///qepqfn5558DgFgsbmlpUZk8QFNTEwBIDqhQKGw9tYCmpiaVin3mzJmMjIzTp0+3G5ZrV+/eval5bpubmwFA5aPJy+bmZvJZzyv9m814CTKZzN/fPzMz89ChQ6QZDQ0NAODr6ztx4sQFCxYUFRWFhIR4e3ufO3eOJASnpKRoamqSL4d2z75yZRWZmZmbN28ePny4mqTeF7Jjxw5jY+N2J2HuCOVwr/qBJBQKodUJ1dTUVCgUIpGIDEj074Oj4r+s3V8fhBBC6G2G0VOEEOp8Jrqszyf1WDO++++8poclDXeK6i4+eHrxwdN1k3pMdHglYQmCxaADgETW/lO6VQ2SnzOrc3lNgmapVK6oqpcAgKzlz1U/zQ3+jAGQuKBcoQCAcoEYAMz0/iw102ORcGnxU7ECIKOsMSDuzyfui6qFLXJFdaOUCqm2SYNBk7TI1VSg5PKar2VVl9SIGkSyFrmiqFpo8Ndpio11/vwgNpNuosuiQrJsDToAtMj/7B9royKTiu0AACAASURBVD//QW6gxWQxabXNz1a2E0rlSVnV6SX1NY1SsUzeKG4BAGpeX0pNkxT+2iHaLIal4V8iKCa6LOW4MEeD0Szp0MEi1OkiIyONjIxcXV3JyyFDhpibm0dFRZFIDIkPvXS+nXouLi7dunWLjo4m0dNbt249ffp0xYoVKtWcnZ1bxwhfw9S+U6ZMmTJlSmVl5YMHD+7evXvjxo3t27dHRkYeOXJE/aczGIxNmzZ5eHj88MMPPj4+ykWkP1VmYV2/fj1JPyJ8fX1Vsm/VWL9+vcqEkACgPBVeZ+lIb+jo6Cgvvkghy/V1lmvXrlGTG5eVlRkZGW3dupVMYEvViYmJkclkVDRUR0dn7NixCQkJn332Wes1F0ePHu3m5vbtt9+6ubmpBLaJjhx7VlZWTk6Oyhvd3d2pmEdHOkcsFlNzWUulUh6P5+joePjwYZW0M/XXLGX58uVjx44FAIVCwefzk5KSPDw8Vq1a1WbEvU1v6tL7F1MoFEFBQceOHfv444+XL19ObQQAW1tbaoQMHTp05syZQUFBJP6dkpKio6NDYv+kslgsPnz4MLnX7OrqWl1dfeTIkYULF7LZbOXKygoKCtasWUOj0YKDg0nAnlwycvlf/vejpaWFKmIyma1TjeVyOXkopKSk5ODBg2vWrLG0tOzMPnpOw8hLJpNJoqfPK+3clrSrsbHR19f3/v37e/bsoSYVIOdo9uzZixYtAoDBgwd3797dy8srIiLiww8/BICUlJSBAweS1nbk7FOVlSUmJm7ZsmXQoEE7d+7slAO/fPnyL7/8cuLEiU7vRvUDSf3p7tyWoLcHjor/snZ/fRBCCKG3Gf5WIYTQq6LBoDlY6DhY6LgPMS+pEa0/m3PoWtHYvkZMOo1Bow"
10:43:47.589 [Forwarding screenshot on session 5e9977749cf8e028abefff19f425d7c0 to remote] DEBUG org.apache.http.wire - http-outgoing-15 << "GAvK0op6xFQSaVfQkWBmwAyK9q7mmi7indQr7w0x8f67CZU5xMuPpsFoN24/fa6zk1ynUYtLbbIJHJ4Y9pb1WQyCKbSddh/7ngFumBDrSck1XRxG+UGuuoS5z9OZP/TXxBX3Pt0X2MDLSYTAb9+M0y0iQK/a8JrOrTWdlMuspLsjeRVP7pqcflAvG0d0wGWOlrsuglNaKwm2Wt99AkaYE/Jg2mkDA2hdFeTi1Cr0dpaWlKSgqDwRg3bhy1USQSVVRUFBQU9OjRg8VimZiY5ObmvopPp9Fo7733XmBgYFZWVt++faOjo/X19ZVbQpiYmIwaNepVNKAjuFwul8udOHGir69vUFBQWFjYmTNnli1bpv5d9vb2CxYsCA8PV8kBJatOPnnyRHnjrl27SHz66dOn69ate6Hmubi4dO/e/YXeQiFLIarcvSLI3L+t72Gp7w0Wi/UaztShQ4eoQ965c2dUVFT37t2VmyqXy6OiogCABCoIqVQqFosvX77cZmR6/fr18+bN27t37/bt22nP+bFTf+zjx4/fsWOHmmZ3pHMMDAyo6KlMJluyZAmPx1MJg7V7zVIbTU1NqWQ+AHB1dZVIJAcPHpwwYULriHub3uyl9+8jkUi++OKLmzdv+vn5TZ06ldquq6sLf13hT09Pr1+/fo8ePSIvU1JSBg0aRC5YLS0tBoPh4OCgnH317rvv3rt3r7i42M7OTrkyJSUlZcOGDb169dq9ezeZHRcAGAyGtrY2yX2k1NXVAQCpo6enR6bJVSYQCLhcrlwu37p1q6Oj45QpU0jGJ/kSE4vFQqHwb2aGkUcK2myYvr4+uUKfV/p3PvdFlZeXr1q1qrm5OTQ0tE+fPtT21id00KBBHA4nOzsbAKRS6d27d6kHa9SffZXKlGPHjh0+fHjhwoWfffaZyrl+OXw+f9euXcuWLevatSs5oVKpFACam5sZDIb6pVLbpWYggdLpVn6UpK6uTlNTs921V9E/F46K/7J2f30QQgihtxlGTxFCqJPxG6WyFgVX/y+plt26cMbZG/2YWlFZJ7Y05JDJdSvrVBO8pC0KXr3EoWv74cY2DbDWpwEkZPLH2Ru1Lv3uesm7tgZOlrqRdytFUnnosr5UPuiDkoYOfoSxLgsA6prbWGbPUEsDAJy66X444oXzEgZ117uWVX05o2rJUAuVonqh7OivZQtcuOb67PBb5dZGnP0L+2r8Eb493lZEs+MaxX8eiFwBjaIWksmanFtbwBdunNKT6slffq9tcw/aLAb8EUOl8BslpKMQequQGTg/++wz5WVNxWLxN998c+7cORLJGzp06IULF+7fv+/s7Kzy9nv37t2+fXvJkiUvvSrq9OnTg4KCYmNjzc3Nf/31V5I79bJH02kkEsmTJ0/69OmjsiLXJ598EhYWlpeX15Gd+Pj4JCUlbd++fc2aNdRGa2vrrl27Xrt2bfXq1dSUZTY2NuQPchv9tdHX12cwGG0uMVVcXMxiscg9rE7pjVdk5cqV169f9/PzO3XqFDWP7q1btyoqKubNm6eSgxsaGnru3Lk2o6dcLtfHx2fv3r3Tpk1TDkW8wWNnMpmbNm1avnz5/v37v/zyS2p7R67Z5+ndu3d8fHx+fn4Ho6eoE8lkMl9f3/T09O+++07lu5Q8DaByH5lGo5EkS7FYnJ6e/tlnn5HtdDrdysqqdWXyX5XKxL1799auXTt69OivvvpKJfBgY2OjvB4nAJCXZPp0Gxub5OTkxsZGKmO7rq6Oz+fb2trW1NQ8ePAAAFTmo169ejWdTk9LS3ux3vmr7t270+n0goIC5Y1Pnjyh0+nk+QD1pa8Hn8/38fHR1NQ8fvy4iYmJchFpBpm/Vxk5oQ8ePBAKhVRCufqzr1KZCA8PP3z48Lp16xYuXNhZh3P37t36+vrQ0NDQ0FDl7W5uboMHD1aeA/wlqBlI8McvYEFBgXIS85MnT1Tm8Ef/Mjgq/uPU//oghBBCb7O/u2YJQgghZSKpfPmxR1tjc1tP8ZpfJWTQaSTEaG+ho8NmxNzniaR/SQOKTueJZfJ3bTu6Bp4Krj5rZO8u94rqz9/jqRSF3yqPvFOZ97QZAATNMh02kwqdiqRysj5r+xP+/rF0aFqBgNoSdY/nHvKgok7M1WcZ62ik5guU6z8sbfid1/7CVKN6G5npsX5Mqciq+MvyJxKZIiAuP+7h00ZRCwAImqVWXTSp0Gkur7moWtiBVj/Xo7JG6u/sikYFQFcDDvkgALAx/XPGwquP+W3uoashW4NBe1z+537ulzTUthVdRujNkkgkFy5ccHZ2Xrhw4XQlc+fOHTJkSFxcHMklWrx4MZPJ9Pf3r6n5Sz56RUXFV199FRsb+7xcvY4gyaaJiYlXrlyRyWSdtXjb33TixImlS5cmJSWpbCc5uB2MPGlpaa1fv/7hw4eXL19W3r58+fKampqAgIDWSZ+PHz/+G61+YRoaGi4uLikpKb///rvy9szMzNu3b48YMYLEETulN14RHR2ddevWFRQUHDlyhNoYGRnJ4XBWrlw5/a9mz56dm5ubkZHR5q7mz5/ft2/fHTt2KEdP3+yx9+vX77333ouJiUlJSSFbOnjNPs+dO3cAgGT2oNfs0KFDKSkpBw4caP0YSpcuXezt7a9evUp9JwiFwszMTJLOmJ6eLpFIlNcxdXV1ffTokXLa1u3btzkcjrW1devKPB5v7dq1w4cP37ZtW+ucrREjRuTk5CjPHH758mUdHZ0BAwaQUoVCcfXqVar0559/BoBRo0YZGBiE/9XGjRsBYOPGjcePH/9bPQXA4XBcXFwSExNJEjwASCSSxMTEoUOHcjgc9aV/86M7qKWlZd26dTQa7bvvvlMJnQKAi4uLhoaG8jd/RkaGSCQiJzQlJcXExKRnz56kSP3ZV6kMAMnJyQcOHFi7dm0nhk4BYNiwYSonlMx8Hh4e7uvr+zd3rmYgAUD//v21tbUTEhKo0ry8vNzcXEx8/3fDUfEfp/7XByGEEHqbYe4pQgh1Jo4Gfdm7XQ8nFq85nTVnoFlPEy0AqKwTxz+qSskXvDfQTJvNAAAWk7ZyrPXOS/krTj2eP5hracipF8p+yam58rjawUJn2juqt2Y6bvU46+Ia4aHE4vslDWP6GhlpazxtkCRkVN0prB9vbzSrvxkA2Jpq/fZEcOVx9Qg7w9Ja0YGrRX0tdH7NrS3kC03by5i0NuIM6akfnf7UxlRroLV+Lq8p/FaZVRdNc302ALgPsTh4rSjwSpHHuxYsBj21oG7/zwXv2hr6TumpfrcsJm3LdNsNkTmfRWRNf8d0cA99jga9qFoYdZdXUiNaPb67nZkWANiZaacX1+dUNlkbaaYX14cmlzp3082qaKoXyfQ4L/OLdrugLv4R362XYZOk5XBSMYNOG2tvBAB2ptoAEJP+9CM3y0Zxy8mUcjKVcSFfNVjLZtJH9e5y9XH1mduVw20NCvnCH5JLSW8g9Fa5du2aQCCg1oZUNmvWrJSUlKtXr06dOtXW1vbzzz/fuXOnu7v7okWLHBwcWlpaHj16dPr0aQD49ttv/+Y6iHPnzr106dL3338/ePBgKyur1hXKy8svXLjQeruJiYlykKATzZ079+LFi5s3b164cKGbm5uBgUFDQ8ODBw/CwsJ0dXXJKq0dMXLkyNGjR0dGRipvnDlzZmZmZlRUVH5+/ty5c3v27CmTyYqLi69du/bbb7/17dt35MiRyvWTkpLIIoWUfv36UVPXti4l3n333TaX8FSxZs2a5cuX+/j4eHh4ODg4SKXSe/funTp1ysDAYNWqVS/aG2KxuM0zRaPRpk2b1m5jXs64ceNcXV3Dw8PHjh3bp0+fysrKmzdvTps2rXU+9LRp04KCgqKiohwdHVvvh6xW+/7771dWVlJJq501EuBlO4ck1/r7+//000/a2todvGbJlqysLHLrWaFQ1NXVJScnp6SkTJo0SXmq50ePHqlke1tYWFCTiL7+S+/fqrCw8Mcffxw0aFB5eblytre2tjZZv9bLy2vVqlUbN2709vZuamoKCQkRCASLFy8GgJSUFHNzczLpN7F48eKYmJjVq1dv3rxZV1f3woULv/3227JlyzQ0NF"
10:43:47.589 [Forwarding screenshot on session 5e9977749cf8e028abefff19f425d7c0 to remote] DEBUG org.apache.http.wire - http-outgoing-15 << "pXPnToUGNjo4uLy5UrV5Sb5OTkZG5uPnfu3NOnT2/YsOHzzz83MTGJj4+/evXq6tWrSSa3k5PT0KFDAwMDORyOo6Pjo0ePDh065OrqSq4gldxuMt2rtbV137592+yEGzduCIVCAKiurhaJRGRwampqkuzVI0eOJCYmHj58mHxxffjhhx999NGmTZs8PT0B4PvvvydTy5JdqS99DS5cuJCRkbFw4cLU1FTl7ZaWlg4ODnp6eosXLw4LC+NyuZMnTy4qKtq9e7euru6MGTMAICUlRSWXVP3ZV64sk8l2795tbGzcpUsX5cASAIwcOZLD4WRkZJSVlcEfT3jcuHHD0NAQANzc3DQ1NdWU6unpqZzQ5ORkeP4q2kKh8MaNG+RvhUJRVlZG2tO1a1cyPEgC9P79+6G9gcRmsz/44AMyJfuECROePn36zTffGBsbv/feey92VtBbRv0gwVHxH6f+1wchhBB6m2H0FCGEOtmcAWb6mszTqRUBcX9OUNOtC+fTsdYz+/+ZuTLe3kiHzTh+s2xX/LPpyPQ1me4u5kuGWTD/xjKZeprMA4vsT6WU/5zBJxmlAGBtpPn5pB6THJ/dc583iPuotGHnpfydAHqazI9GWA6xMciuaNx47vf3h1t4DO+q/iM2TbMJvFK453IBWbd1uK3BmvHPbs7O6m8qa5GfSq248OApAGgwaJMcTbxHd1OzN0ofc+3g9x2O/VoW/6gq6h4PAGgAA6z1PpvQ3cny2fyWK8ZYbY3J8zn5GAC6deGsn9RDKJVvPv/7nEPpu+f3fomUOI/hXS9nVO1JKAAAPQ5z09SeXQ3YAOBspfveQLOou7wLD55qMGhTnUw2TbP5Iur3iLSKx+WNAe/1Ut7JyrHWTZKWIzdKQn4psTPVWj+556FrRR1J5EXodYqMjNTR0Wm9zigAjBw50sDAICoqikRi3nvvvR49enz//fdBQUEtLS0AwGKxJk2a5Onp2bVrO98P7XJycrKzs8vNzX3eTbHMzMzMzMzW2wcPHvyKQjj6+vqhoaHffvttZGRkeHg42cjhcFxdXX18fMzNzTu+q/Xr16elpTU1/SWH/osvvhg4cODJkyf9/f3JFjqd3q9fvy+//FJl5lgAOHz4sMo+fX19qQBY61IiNDS0I9FTGxubsLCwb7/99tChQ+TMstnskSNHrlq1ispQ7HhvNDU1+fn5tf4UOp3+6qKnALBhw4Z58+Zt3br15MmTUVFRCoWizfiisbHxu++++/PPP//vf/9rcz99+vRZtGjRyZMnqS2dOBJernNIcq2vr++BAwc2btzY8WsWAGJiYmJiYqgDsbKy2rx58/Tp05XfFRcXFxcXp7xl/PjxVPT09V96/1Y5OTlyuTwtLU1lSltLS0sSPR0+fLi/v39gYCCZWdrY2Pjrr78ePnw4tBVsMzY2DgoK+vrrr5cvXw4AHA7Hw8PD29u7zcqPHz9WKBTffPONSpO2bdtmbm6uq6sbFBS0devWTz75BAA0NTU//vjjpUuXUtV27Nixbdu2L7/8UqFQ0On0MWPGbN68+eU6YdeuXZWVldTLTZs2AQCXyyXR08rKytzcXLLWJgA4Ozvv2LFjz549ixYtAgBTU9Ndu3ZRzz2oL30NyDwBERERERERyttnzpxJFir29vZWKBRhYWHBwcEA0KdPn4CAAGNjY4FAkJOTs2TJEuV3Pe/st64sEAhI9J30nrK4uDgOhxMZGXnx4kVq4549e8gfsbGxmpqa6ktfqAdqa2uV25Cenp6eng4A06ZNIydCZWpl9QPJw8NDKBRS3eXg4PDNN99QE7qif6h2BwmOiv+ydn99EEIIobcWTaHAG7wIIfRKNEvkNU0SADDQ0tBhM55XrVHcUtsk5WjQTTp7pczaZmmjqEWXwzTQauNZmTqhTCiRm+hqMOg0AFAANIhkuhxmByOQQqm8ulGix2HqaaruXK6Ap/USmVxupsemZtntuBa5orpJKpHJjXRYmhqqM8wrAKoaJAw6zUj72ZR00haFWCZX08NtSiuo23ju9+1z7Ib2NKhtljVLWsz0WCpxa5FUXtMkNdLRYDOfNaNR3MLRoLcZ3pa2KBQKYDFpALAw5IGdmdbXs+xeqEkIvW1EIhGfzwcALpfLZP77H7mTy+VPnz4VCoWampomJiYqcc2/r7m5uaamhslkdunS5c0+bi8Wi3k8Hp1OV3NmX3VvvM3+y8eOXhu5XE7ii+bm5tTjX/n5+V26dCGLEKvg8/nNzc1cLpf69lBTWT0+ny8UCrlcbuvZfQGgsbGxurra2Nj4pZe4fjkKhaKiooJGo3G53NbPw6kvfRuIxeKnT59qaWkZGRmRLSKRqLS0tFu3bq1X+G599tVU/odSP5AkEkllZaWOjk5HHv1B/xo4Kv7j1P/6IIQQQq9IfX09+ePq1asGBgZyufx5/6Agj3kJBALqIWaMniKEEPovItFT/9l2w2xe+LajipO/lT8sbfCf3YuETrMrm1acfPzBu12XDLPojJYihBBCCCGEEEIIIYQQejF/J3r6708jQAghhF6pXlzt47fKVpzKHG5j2CRp+TmDb6bHem8Q9023CyH0XyGXy/ft26emgpubm4uLy2trz6+//pqSkvK8UiaTuWbNmtfWGIQQQgghhBBCCKEXhdFThBBC/0X6msz+VnoGWp0wa5BLD/3vljrEP6p6UtVMp8F8F+70d0xbzzmMEEKvDlnH9HnkcvlrawkAKBQKNe15O2fdRAghhBBCCCGEEKLgzL0IIYQQQgghhBBCCCGEEEIIoX+PvzNzL2bGIIQQQgghhBBCCCGEEEIIIYQQAEZPEUIIIYQQQgghhBBCCCGEEEKIwOgpQgghhBBCCCGEEEIIIYQQQggBYPQUIYQQQgghhBBCCCGEEEIIIYQIjJ4ihBBCCCGEEEIIIYQQQgghhBAARk8RQgghhBBCCCGEEEIIIYQQQojA6ClCCCGEEEIIIYQQQgghhBBCCAFg9BQhhBBCCCGEEEIIIYQQQgghhAiMniKEEEIIIYQQQgghhBBCCCGEEABGTxFCCCGEEEIIIYQQQgghhBBCiMDoKUIIIYQQQgghhBBCCCGEEEIIAWD0FCGEEEIIIYQQQgghhBBCCCGECOabbgBCCP3D5Ofnv+kmIIQQQgghhBBCCKH/nJ49e77pJiCE0H8C5p4ihBBCCCGEEEIIIYQQQgghhBAA5p4ihNCLwqf8EEIIIYQQQgghhBBCCKF/K8w9RQghhBBCCCGEEEIIIYQQQgghAIyeIoQQQgghhBBCCCGEEEIIIYQQgdFThBBCCCGEEEIIIYQQQgghhBACwOgpQgghhBBCCCGEEEIIIYQQQggRGD1FCCGEEEIIIYQQQgghhBBCCCEAjJ4ihBBCCCGEEEIIIYQQQgghhBCB0VOEEEIIIYQQQgghhBBCCCGEEALA6ClCCCGEEEIIIYQQQgghhBBCCBEYPUUIIYQQQgghhBBCCCGEEEIIIQCMniKEEEIIIYQQQgghhBBCCCGEEIHRU4QQQgghhBBCCCGEEEIIIYQQAsDoKUIIIYQQQgghhBBCCCGEEEIIERg9RQghhBBCCCGEEEIIIYQQQgghAIyeIoQQQgghhBBCCCGEEEIIIYQQgdFThBBCbxdpi0Iolb/pVnQOsUwulv1LjgUhhBBCr4dMJhMKha+iMnojJBKJWCx+FZURQgghhBBCrwjzTTcAIYT+nfiN0rR8QVWjRCSVG2hp9DXX7mepS/ujtFwgvl9cP7C7vpkeS+WNv+bWtsgVI3t3oXair6Xxrq2BSrW0gjpZi2K4rYFYJr/2uFpNS8Y7GGswaG0WSWSKe8V1ebzmZkmLobaGjYlWf2u9tqu+RmE3yyLSKi6uHqip8dxHfOqEsrSCurJakUyuMNZhvdNNt4ex5utsZAetPp3FoNMOL7Z/0w1B6C8UCsWFCxfkcvmUKVNYLNVvIaK4uDgtLa2yslJDQ4PL5bq6uhoZGZGi0tLSO3fuPG/nenp6Y8aMEYlEly9f7t69u7Oz8/379wsLC8eOHaurq9u6flpaWnl5+aRJk9hsdkxMzPN2O2DAACsrqxc80Bcgl8vT0tLy8vKqq6tZLFa3bt"
10:43:47.589 [Forwarding screenshot on session 5e9977749cf8e028abefff19f425d7c0 to remote] DEBUG org.apache.http.wire - http-outgoing-15 << "2GDx/epUsXqgI5ikmTJnE4HABITk6urq4eOnQol8tV3k91dXVycvKwYcPMzMyUt2dkZNy/f7+mpoZOp3O5XBcXF5XDycrKysnJGTdunI6OTuvmkdI2W66lpTVhwoR2D5CcERsbm379+qkUPXr06MmTJ9ShdaQ3yOG3+UFWVlYDBgxotz3kiGxtbR0dHVWKYmJibG1tHRwclDcWFRXdvn27srKSRqNxudwhQ4ZYWloqV6iqqrp586aBgcGoUaNUdnjz5k2ZTDZy5Ej1TSJdpKbClClTNDQ0Wo9SLS0tW1vbnj17tvkuMiTIdaFS9EKdQA6Qx+OJRCJDQ0NHR8f+/fvTaDTl0jYbYGdn5+DgoKYCAEyYMEFLS0uhULzo0eXk5GRlZfXs2dPJyUmlSGWQ6Ovrm5mZ9e7dm8FgKNdpamqaNGlSmzv/+8P+DWpubr58+XJpaamenp69vb2Li4tKhQcPHqSmpspksl69eo0aNYrJ/Ms/zA8dOnTjxo2oqCjysrS0NCkpSSAQWFhYjB8/Xk9PT03lR48epaSkiMXirl27jho1ytDQULlyZmZmSkpKU1OTlZXV+PHjtbW1lUsrKyuTkpKePn1qbGw8ZswYc3PzNo8uIyMjLy/P1dXV2NhYTSfI5fLExES5XN7uyZLL5b/++mtGRoZCoXB0dBwxYgSdTu9g6etRXl6emJhYU1Njamo6ePBgGxsb5VKZTHbjxo2srCw2mz1w4MD+/furvN3T07NPnz6bNm0iL9WffeXKcrn8l19+efz4sYaGRvfu3UePHq2hoaGy83v37hUXF5OruHXL1ZcS169fFwgEs2bNUt8JjY2NiYmJlpaW7X7Jqx9Izc3NV69eLSoq0tTUHDp0aOsvwNem40eEOkhNl/5TRgV6RdT/+iCEEEJvJ4yeIoRQJ1MAHLxadOHBUz1NZg9jLblCUVojqm6SOlvpbp/di6NBB4DM8sa9Pxf6zbRtHT09fqtMKJGT6GlRtXDvz4UAEOjet1/Xv9xPP3O7UihtGW5r0Cxp2X+lkNouVwAA0JVCoK52hhqabXzb38oTBF4prG6SGmox9bU0quolTZIWCwP2lum2dmbPvb3yxikATv1Wfiq1XCJTcPVZGgx6ZZ1Y2qIYaK23aZqNfltH+gbNHmBGp73xeDRCqlJTU7dt2wYAbDZ78uTJKqVNTU0BAQEJCQlMJtPS0lIsFvN4PBqNNn/+/DVr1jAYjKysrICAAKq+XC4HAOpeto2NzZgxYxobG/39/efMmePs7CwQCPz9/ZuamhYvXqzyWVKp9IsvvjAzM5s1a5ZMJvP391felbItW7a8uuhpdnb2unXreDxe7969DQwMBALB77//zmQyt2/fPnr0aFLn0qVLUVFRrq6uJMQYFhb24MEDFxeXoKAg5V2VlJT4+/sfOHCAip4WFhZ++eWXWVlZ2traXC63qamJx+MpFIrZs2dv2LCBummelJR09OhRZ2fnNqOnpLTNnrGwsOhIGKmurs7f33/hwoWto6cJCQkRERHDhg0jh9aR3iCH32Z7pk2b1pHb0OSIDA0Nz507pxIK2r59+9KlS6nAYUNDg7+//7Vr18iABIDS0lKZTDZx4sSNGzdS3ZWfn0/GT2hoqLOzs/IOT548KRQK242ekpFPvVQZ2AAwatQoHR0df39/BoOhHMAQiUQA8M477+zYscPU1FRltxEREceOHaPRaBcuXFCJtXewExQKxa5du86dO6evr29rayuXy4uKivh8/qBBg/bv36+pqUkdPo1Go7X60fHw8HBwcFBTAQCGDBmipaXV0tLyokf3zTffPHz4sFu3bufPn1cpIoOECsmT/Zibm+/cuZM6TOC9LgAAIABJREFUuWFhYSUlJc+Lnv79Yf+mZGRkrF27tqGhwc7Orq6u7tChQ0OHDt23bx/1tMrOnTsjIyNtbW3ZbPbRo0f79+9/6NAhNptN7SElJWXIkCHk74sXL/r7+xsZGVlYWERERBw5cuTIkSPdunVrXVmhUHz99dexsbFcLtfY2DgiImL//v3btm2jHik4cOBAeHi4lZWVsbHxmTNnQkJCQkJCqK/W69ev+/r66urq2tjYFBQUHDx4cOfOna0fR+Dz+atWraqvrw8ODlYTPS0rK9u6dWt6ejqXy1V/skQi0apVq9LT0/v27Uun08PCwvr373/gwAEyeNSXvh5RUVG7d+/W1NS0trYuKSnZu3fvBx984OPjQ0obGxtXrlyZlZXl4OAgEAiCg4OXLl26evVq6u0CgSA7O9vDw4O8VH/2lSvX1dWtWLEiOzvb1taWwWAcOXLE3Nw8KCiIenZEKBTu37+fBM5dXFxU4qPqSym//fbbunXrAEB99PTOnTtbt26trKxs90te/UAqLi7+5JNP6uvr7e3ta2trW3fXa9PxI0IdpKZL/ymjAr0i6n99EEIIobfW23WXGSGE/gWuZ9fE3H+6YDB3+QhLJp0GAHIFnLtbGXy95Pitsk9Gdmt3DyoMtJj7Egq+93BsM4XUUEvjytrB1EuPHx4x6LSjH7TzuG5aQd2W6FwrI86WGbaOXXUAQAFwK0+wN6Fg9emsHz5wNNdnq9/Dm/LDjdLTaRXDbQ1WjLbm6rMAQCyTR6c/Db1Rsvan7JD3HRj0tyhaOdFBXU4GQm9KZGRkr169NDQ0oqKiVKKnLS0tq1evvn//vqen59KlS0lois/nHzx48PTp01Kp1NfXd/z48ePHjyf1+Xz+pEmT5s2bt2HDhud93IgRI0xNTaOjo1tHT0m+C3UPGgDGjx+/Y8eOTjvUjtm8ebNUKj179mz37t3JlsrKypUrV27evDkuLs7AQDX7nzA0NExLS4uLi5s6derz9lxZWenp6alQKMhdQhIrraqqCg4OPn/+vEKh2Lx5c8fbeebMGaqFr04He6NLly4///zz3/kgDocjFAoDAwO3bNnyvDoSicTb2zsnJ8fLy8vd3Z1kKjQ2Np48eTI0NLSsrCw0NFQ5bcvQ0NDf3//06dOt07PaZWRklJaWRr187733GAzGmTNnlOvIZDIAGDNmjPIobWxsjImJ2b9//xdffBEaGqpSPyYmZvr06fHx8dHR0V5eXi/RCVeuXDl79uz777/v4+NDDlYul//444+BgYEhISFr1qyham7YsGHu3LlqjrHdCi90dLm5uQ8fPpwzZ05UVNSdO3cGDRqksivlQSKRSG7cuPHVV19t2rQpOjpafRuUvZ5h34nkcrmvry+LxYqKiiLx8mPHjh0+fDg2NpZ0fmxsbGRk5JYtW2bMmAEAv/zyy9q1ay9cuECdmurq6ry8PDJaiouLv/766ylTpmzevJnBYJSXly9ZsiQoKIg6R8qVY2JiYmNjvby8PD09aTQan89ftmzZzp073dzc6HT6vXv3wsPDPT09vb29AYDH43l4eAQEBAQHBwNAQ0ODn5/fwIED9+3bx2azxWLx2rVr/fz8Bg0apPJIh7+/f7vX161bt3x9fV1cXBwdHfl8vvrKJ06cSE9PP3jw4NChQwEgLS1txYoVJ06c+Oijj9otfQ0KCwu/+eabYcOG7dy5k8PhSCQSX1/fo0ePTp48uUePHgCwe/fugoKC8PDw3r17A8D+/ftPnDgxY8YMUgoAt2/fBgCSf9zu2VeuvGfPnry8vKCgIPLy3r173t7ehw8fJme/oqLC29ubxWJNnjw5Pj5epdnqSykNDQ3btm0zMjJ63nQCRGhoaGho6LJly8LCwtR3V7sDKSAgQKFQnDt3jlwdwcHBoaGhI0aMeM3xy44fEeogNV36TxkV6BVR/+uDEEIIvc1w3VOEEOpkGWUNADB/sDnzjzAenQbzBnE/GdnNybKNWSvbtdzVsqRGdDq1orNa2CJXBF4p1OUw9y7o4/hHSisN4F1bg4A5vXQ5jMyyRqry4/LGg9eKtsXmBV4puvK4muS2AoC0RXH019KMssaqBskPyaX+F58EXy8pqREpf1CdUBaRVrE97sm3V4uSc2uVixrFLZF3KgPi8gPi8iPSKupFso60vKRGFJFW4WSp6zfTjoROAYDNpC8YzP3IrRuNBoXVz9b9kivgl5yaPQkF22LzgpKKH5Y2KO/k6K+l/E"
10:43:47.589 [Forwarding screenshot on session 5e9977749cf8e028abefff19f425d7c0 to remote] DEBUG org.apache.http.wire - http-outgoing-15 << "bp3aL6PQkFOy/lX8uqBoDaZlnYzbLtF5/8kFwqaH7WHpFUfvTX0kdljaW1opBfSrbHPQlNLq2skyi36nldBACx959eeFBFvfyd1xyUVLwrviA6/alYJr+WVX3+Ho8UpRXUnfitHACu59TsulywK74g7mGV8q4Q6ixVVVXJyckTJkyYPHlyenp6YWGhcmlsbCwJnXp7e1N3zI2Njf38/EaOHFlSUkISyF4Ig8GYPXt2QUHB/fv3VYqio6O1tLSel3n2eggEgsLCwtGjRytHaLhc7tatW1euXCmVSp/3xnfeecfV1XX//v0CgeB5dQIDA+vr6wMDA8eNG0cF+UxMTL788su5c+fq6+uTaNzb46V74yWwWKxPPvkkNjb27t27z6vz008/ZWdnr1mz5sMPP6QmedPR0fHy8lqxYkVGRkZkZKRyfR8fn6Kiotd8N1xHR2fx4sVjx469f/++SqCITPU5Z86cESNGxMTEtLS0qLy3I51ALpylS5dSQ4hOpy9ZsmT16tUDBw7s7KNRpeboIiMjdXR01qxZQ9Jn1e+HxWKNGzduxIgRpaWljY2N6iv/o1VWVnbt2vWjjz6iUo3d3d0BICMjg7w8ffr0wIEDSfAMAEaOHBkdHT1nzhxqD6mpqQwGg0Sjz5w5w2az161bR2Y8trCw+PHHH7du3dpmZT6fP2DAgA8++IBkGBsbG0+cOJHP5/N4PACIjo7W1dX19PQkbzQzM3N3d79z505paSkAJCYmNjQ0+Pj4kCRINpvt5eXV0NBw7do15aOLiYlJS0v7+OOP1XdCTk7OmjVr9uzZ02Yy/fXr14OCgqhhEB0dPXz4cBIcBQAXF5dhw4ZRIXb1pa9BcXGxvb39ypUrSbYri8Uikc7MzEwAEAgE8fHxixcvJqFTAPD29r506RIVOgWAlJQUe3t7kl/e7tlXriwSiebMmUNN+zxgwIC+fftSA6mkpGT48OEnTpxQmUa4I6WU3bt3a2trT58+XX0nFBUVBQcHe3l5tZm8furUqVOnTpG/1Q8kMvP/okWLqKtj+fLlOjo6r/OEEuqPCL0ENV36TxkV6BVR/+uDEEIIvc0weooQQp3MUFsDAO4W1alsnz+YO8ym7QQm9WxMtGb2N/0xtVwlNvnS7pc08OolM/ubGmqppg70Mdf+yct5nP2z1Q2j7vE+/TErv0poqseuF8l2xedvjcmlKp9KqUjI4K+JyOLVS3TYjIQM/sfhGVUNzyKL5QKx57GM8/d4LAa9pknqF5O3K76AFPHqJR+GZZxKrdDXZOppMs/d5Xkey6ioE7fb8p8z+QoAj+FdW+eXzh/MPeLhaGPybFIyv9g8/4tPmiVyUz12Lq/5s4jsc3d51KefSqn4Ka3icGIxi0Ev5AsD4vJj7j9d+1NWRZ1Yg0k/e6dy7ZlsErhsUShOpVTEpvPWncnhN0o4GowL959+HJ5RWivqSBddelR1OeNZ9DQ1v27FyczU/DqOBv1WXu3nZ3IuPqi6nPHsTvTD0objN8tCk0tPp1ZoatB5DeJ9PxceTixqt08QelEk5XHy5MmTJk1iMpkqMY8LFy5wOJz333+/9Rv37t17+PDhl5sscdasWQwGQ+VGWEVFRVpa2pQpU9QsxvYa6OrqamhoZGRkNDU1KW93dHR0d3c3MTF53hslEsmGDRtEIlFgYGCbFZqamhITE4cMGdJ6SUgA8PX1/fTTT1WWu3vjXro3XoJYLHZ3d+/Vq1dAQIBEImmzTmxsrKGh4YIFC1oXLVq0SFdXV2WdTjs7u3nz5h09elTlsYDXgKwuqRIOP3funLW1db9+/aZPn04eXFB5V0c6gSw5nJqaqrJ96dKlI0aM6LQDUKv10TU3N8fHx48fP15LS2vKlClJSUm1tbXP38EzdXV1BgYGbUbU/jUsLCxCQkKo8BgAkDNLJrmtra3Nzc1VOXGWlpbKExSnpKQ4OjqSXkpLSxs4cKDy+nBcLldljl+q8ocffvj9998rrywrFotpNBo5fQ8fPnRyclJe65rkdT148ICUampq2tv/uVK7vb09m80mpURlZeW+fftWrFhhbW2tvhM8PDyUI4IqkpOTjx49Sr5keDwej8dTeQ5gwIABPB6vsrJSfan6NnQWNze3Y8eO2draUlvEYjH8cWHeuXNHLpe7ublRpRwOR2WO69TUVDK1ckfOPlUZAHbv3r1+/XrlyiKRiFqDfNCgQevXr1ceDMrUlxLXr19PSEjw8/NrN5nYz89PZUZ0ZWfPnj179iz5W/1AevjwIQAon1AWi+Xo6Kg8zF4P9UeEXoKaLv2njAr0iqj/9UEIIYTeZhg9RQihTja5n4mBFjMgLv+rmLyrj6t59W3fDO04uUKxfISlviZz38+dcy84u6IJAAZY66mvpgA4f4/n2FVn/8I+XqO6bZlus2SYxc08wZOqZgBgMmgAkJDJ/2qG3RdTe64Z3/2rGbYSmSIh81k48OC1IgUoQt53/HxSD7+Ztp5ulgmZ/EdljQBw4GpRs6QleKnDijFWK8dYfe/hIJbJg5KK2215TmUTk05ztGznrmtxjehOYZ37EPMt0228RnXbv7CPk6Xu8VtlpJTkBN8vqQ9e6rBqnPW3i/pqsxgHrxZ5DO+6cUrP9ZN6vD+8ayFfmMtrBgANOh0ArufU+M+22zTVZu2E7nsX9GkSt/yYWtFuF6kI+aXYRJcV8r7DqnHWu+b1fqeb7sPSBurhbCadpgAoqxV9t9Th07HWe+f3cbLUxfRT1OlaWlrOnz8/bNgwMzMzAwODUaNGxcXFkRvBAKBQKB4/fuzo6Kh8p75TmJiYuLm5Xb16VTnnLCYmRqFQqMwj2tLS0tzKSyS8dhyDwfDw8MjOzl6wYEFISEh6ejrVIerJ5XJzc3MvL6+LFy+SuRZV5OTkyOXy1tOZvjSRSNS6czo3e7XjvaFQKFo3prm5WaHo6NeWXC5nMpmbNm0qLi4+evRo6wpCobCgoKB///5txpjZbPY777yTm5urPDwUCoWPj4+BgYHyCqavQX19/S+//MLlcqn1bgGgsLDw7t27M2fOBIB3333X2Ni49eKg7XYCAMycOdPQ0HDz5s3r1q2Lj4+vqHj5uSikUmnrU/a8qK36o7t06VJzczNZKJGsW3zhwoXWR1f+h4yMjMDAwLt37ypPNdwRr2HYv2rHjx+n0WgTJ04EgKKiIgAwMzPbt2/fxIkThw4dumTJkhs3bijXp+JnCoWiuLjY2tr67Nmzc+bMGTp06IwZM44fP658lSkH21TweLz4+PgxY8aQp14qKiqUzyAAkEyv8vJy8l9TU1PlpDE6nW5qakpKSWP8/Px69epFUmnVa3O1Wsr8+fP37NlDpgEn4/l5DVNf2m4zXgWZTHby5EkzM7P+/fsDAHlQQ0NDY926dSNHjnR1dV29enV+fj5Vv7CwsLKykpyjds++cuXWbt68mZeXN2XKFPJSfSerLwUAgUCwfft2si5yu0etfm8bN27cuHEj+Vv9QCL/bX1Cy8vLO/7b0Sna7R/0otR06T9lVKBXRP2vD0IIIfQ2e7uedkcIoX8BI22N4KUOYTfLrufU/JpbCwCmuqyhNgYznE17GGu+3D61WYxPx1p/FZN36VHVlH5/N/WnTigFgC7a7TxmTgM48aGT8r9Z7S10AKCkRmRjokX++evcTbeX2bOksT7m2gBQ3SgFgGaJ/E5h3VQnUwOtZz80M5xN+3XVterCaZK0pOYLZvY3NdN79vypoZbGqN5dLmfwZXIFU+2qpXVCmb4mU30dALDqwolbPVC55Q4WOg9LG2qbZYZaTKABAExwMGYxaQDAZtItu3BKa0VuvbuQyiSBtbpRAn8cmmNXXVvTZ3/bmmpZG3HI5Mbqu0i5SYJmWVG1aP5gLkfj2Z2FhUPMf7r9Z9oEuZ8wdxCXOrg+5toPSxvqhTKqDxH6+5KTk6uqqqg1SmfNmnX16tVr166Ru7FNTU0ymYwkSHW6uXPnJiUlxcfHz5s3DwDkcnlsbKyTk5NyQg8AJCYmJiYmqrzX2tq63XlB/w4vLy8rK6vw8PAjR44cOXKEyWQ6OztPnDhx6tSpyk/Kt8nd3T0+Pj4gICAiIkIly4fM6N"
10:43:47.589 [Forwarding screenshot on session 5e9977749cf8e028abefff19f425d7c0 to remote] DEBUG org.apache.http.wire - http-outgoing-15 << "ulSxfljU+ePFGOR5qbm5O0sI5YsmRJ643bt28nUZnO0sHeqK2tVU63oly+fPmFhpCDg8OCBQvCwsImTpyoPNclANTV1UGrDlRGcmEFAgE13R8A6OjorF+//vPPP4+OjiaxvU5XUFBATQ6sUCiqqqquXbtWX1+/e/du5bvDkZGRTCZz2rRpAMBgMKZPnx4WFlZZWancWkJNJwCAsbHxyZMnQ0JCrly5cv36dQDgcrmurq5z585VuXxaT44NAMOHD7ewsCB/7927d+/evSoV5syZ88UXX7zo0Z07d87Ozo7EXXr06OHk5BQVFbV06VLlOgKBQDkFk8lkenp6Uqsmd9DrGfavTnR09PHjx318fOzs7ACgvv7/7N15XBT1/wfw9967sNwLLDeCKMohHoCaB155lpRmeGWpmVq/NPPMsjJTK8sjtTRLs0zz6wlqmIh3IV4gl4gKCHLfLOy9+/tjbF0XWFHxyF7PP3qwM5+Z+cxnZsHmPe/3p4aI1q5d27Fjx08//bSmpmbr1q2zZs3avHlzUFAQEWVlZZWXlzOFapk48bFjxxwcHN555x0+n3/w4MFvv/2WiCZMmGDS2ERlZeWsWbNEItGcOXOISKlUarVak+IBIpGIiJgcULlc3rC0gEgkMqSh79y5MzU1dfv27Q8fdmrbtq2hzm19fT0RmRya+VhfX88cq6m1D9mNB6DRaJYsWZKWlrZ27VqmG7W1tUQ0f/78gQMHvvrqq7m5uRs2bJg2bdru3buZhOCEhASRSNShQwdqxtU3bmwiLS3tww8/7N69u5mk3vuybNkyiURyzyLMzWEc7jV/I8nlcmpwQUUikV6vVygUzA0Jzx7cFf9l9/zrAwAA8DTDA1kAgJbnaMWfM6jVzAHeV4vrLufVns+tPpBcciC5ZPagVgMDHjAs0cPPrpuv7Ybjed187eweLpzG57CJSKW598u8crXuWEb5pbyaCplaqdHJlFoiUmvvbOhieydUwMQFdXo9EZXUKHV6cra585zdks9h5li9VlKvJ0q9JVt68M6L+bnlcq1OXy5TG0KqjeJxWCqtrjnnWFqr+jOtPKu4rqperdbpS2tURKQx2lYivnMgAZftaMU3PO4V8NhEpDXK+vRyuOv/95ytBYapYe85RIyKOjWzoWGJJZ/jbmdaTs3FpvHxBGgpu3btcnBw6NGjB/MxPDzcxcVlz549TPSUiY01M/PyfoWFhXl4eOzbt4+Jnv71118lJSVvv/22SbOQkJCGwZLHUNp3yJAhQ4YMKSoqSk5OvnDhwsmTJz///PNdu3b98MMP5o/O4XAWLlw4YcKEH3/8cfr06carmPE0SeybO3cuk37EmD9/vkn2rRlz5841KQhJRMal8FpKc0ZDLBYbT75owEzXd1+mTZsWHx//+eef//DDD8axN6aYpJnMSGZVw9KUffr06dWr1+rVq3v16mUm+PrAbt26ZShDLZPJqqqqhgwZ8vrrr/v4+BjaKBSKAwcOGHdg+PDhmzdv3rt377Rp0xrus6lBYDg7Oy9atGj+/PkZGRmXLl1KSEjYs2fPnj17Fi1axERnGYcPH/7zzz9Ntv3qq68M0dMRI0Z069bNpIFhbfPP7vLly1lZWUxYjhEZGbl48eJz584Z5mgkIhsbm/Xr1zM/y+Xya9eu/frrr0eOHPn++++bH2J/bLd9i9Pr9evXr9+8efOUKVMmTpxoWEhErVu3Nnx9unbtOnz48PXr13/33XdElJCQIBaLmbA001ipVK5bt4551tyjR4/y8vIffvghKipKIBAYNzaWnZ09c+ZMFotlGGomgVunu+sfUcxEvMwqLpfbMMtfp9Mx36+8vLxvv/125syZ7u7uLTlGTXSM+cjlcpnoaVNrW7Yn9ySTyebPn5+UlLRixQpDUQHmGr300ktjxowhotDQUG9v76lTp+7YsWPy5MlElJCQ0LlzZ6a3zbn6hsbG4uPjFy1a1KVLl+XLl7fIicfGxp44ceKXX35p8WE0fyOZv9wt2xN4euCu+C+7518fAACApxn+VgEAPCo8DivAVRzgKh4d7pJXoZj7v8y1R3P7tXPgslkcFouIGi3KqtHqmaK4Db3b3+uNn1LWx+cuHObb4MnqfXC1FRDRjdJ6H0dzL/Mq1Lr/25ZeUKUc1sGxk6eNiM/Oq1BsOXPLuA2niX6otHoi4jWWJMpEFgVctlhwZ14uZqCa0XNhRmFdmUwtEZtLnM0pk//fb+liAXdIsKPURsDnsE5erTyeWWHchn1338yns/K5bJOPTBC3OUPEqFNp6Z+iwXf2wzHN3uDcK60W4GHk5+cnJCRwOJz+/fsbFioUisLCwuzs7FatWvH5fEdHx6ysLDM7eWAsFmvEiBGrVq3KyMho167dvn37bGxsjHvCcHR0jIiIeBQdaA6pVCqVSgcOHDh//vz169dv2bJl586dr7/+uvmt2rdv/+qrr27dutUkGc7Dw4OIrl+/brzwyy+/ZOLTJSUls2fPvq/uhYWFeXt739cmBsxUiCZPrxhMEdSGz7DMjwafz2+pK2VpaTl37tzZs2fv3bv35ZdfNsQO7ezsLCwsjGtgmsjOzhaLxTY2Ng1XzZ0795VXXvn6668///zzhsHIh9SjR49ly5YxPxcUFIwaNaqmpsY4uEhEhw8flslkp0+fNhml/fv3v/nmmw1Hu6lBMMbn8zt06NChQ4fXX389JyfnnXfe+eqrr5gJjJkG8+bNMx+M9/Pzu+dVa87Z7dq1i4jWrl3LhHzon1trz549xtFTDodjSDEkopCQkK5du0ZGRv7www+GOp/39DC3/ROkUqk++OCDM2fOfPrpp0OHDjUst7Kyortn+LO2tg4KCkpJSWE+JiQkdOnShfnCWlhYcDicgIAA4+yr55577uLFizdv3vTz8zNubJCQkDBv3rw2bdp89dVXTHVcIuJwOJaWlkzuowGT3s20sba2blgUmkns1ul0n3zySWBg4JAhQ5iMT+aXmFKplMvlD5kZxrxv0WjHbGxsmC9CU2sf5rj3q6Cg4N13362vr9+0aZO/v79hecML2qVLF6FQeOXKFSJSq9UXLlwwvFhj/uqbNDbYvHnzunXroqKi3nvvPZNr/WDKysq+/PLL119/3c3NjbmgarWaiOrr6zkcjvmpUu/JzI1ERpfb+D2b6upqkUh0z7lX4d8Ld8V/2T3/+gAAADzNED0FAGhhZTK1RquX2tyVQ+lhL+zf3uG3s4VF1Up3OyFTNbeo2jTBS63VF9eoAtwajyM6WfEn9nBff+zm84GSpsKWzdHJy4ZFdDitrH97h4Zrvzue91xr22B3q1NZldll8gVDfAzNTlytbOYhmOhmlbyRacnsLHhEFOxhNbnnfacvdPG2PppRHptaOq6rq8mqGrnmp9O3Xg2TutgIdl0oUqh1m15vZ8hkTc6rvd9jGWMySg1qFRobEZeImj9ElnwO/RNDNSiTqSRW9ygKCtCCmOK37733nvG0pkql8osvvti9ezcTyevatWtMTExSUlJISIjJ5hcvXjx37ty4ceMeeFbUF154Yf369dHR0S4uLqdPn2Zypx70bFqMSqW6fv26v7+/yYxcb7311pYtW65du9acnUyfPv3YsWOff/658ZyOXl5ebm5uR48enTFjhqFkma+vL/MD8xj9sbGxseFwOI1OMXXz5k0+n888w2qR0XgAERERERERa9as6d27tyE8wGazw8PDjx07lpub6+XlZbJJfn5+enr6wIEDG60jKpVKp0+f/vXXXw8bNqxF4g1NcXV1nTJlypo1aw4dOmSYj5CIdu/e7ejoaBIIuXbt2rZt2xqGVBmNDgIRlZSUaDQakwxRb2/vwYMHb968uaCgwNPTs6VP67ZGz666ujouLi40NNT4fIkoLi7u+PHjFRUVZvJ93d3dLS0tr169+og6/JTQaDTz58+/dOnSd999Z/K7lIkEmzxHZrFYzG2sVCovXbr03nvvMcvZbLanp2fDxsx/TRozLl68+P777/fp0+fjjz82CTz4+vqavIvAfGTqP/v6+p46dUomkzH1Zomourq6rKysdevWFRUVycnJRGRSrHvGjBlsNjsxMfH+Rudu3t7ebDY7Oz"
10:43:47.590 [Forwarding screenshot on session 5e9977749cf8e028abefff19f425d7c0 to remote] DEBUG org.apache.http.wire - http-outgoing-15 << "vbeOH169fZbDZTxdr82sejrKxs+vTpIpHo559/ZgqGGzDdYOr3GmMuaHJyslwuNxS2NX/1TRoztm7dum7dutmzZ0dFRbXU6Vy4cKGmpmbTpk2bNm0yXt6rV6/Q0FDDKxEPxsyNRP/8BczOzjZOYr5+/bpJEXJ4xuCu+I8z/9cHAADgafawc5YAAIAxhVo3cXPKJ9FZDWu33iiVc9gsJnbY3lUsFnD2JxUr1HelAe27VKzU6J5r3eQceC91cm7jbLHqSM7DzDklteH3bmt/Mbdm78Vik1Vb/yrYdb7oWkk9EVXVq4nI1+lOycq49LJmHsLOkmdnwTuXXW1YcrW4ftR3SfFXKqQ2fImYd/ZGlXH7y/m1V4vvPX9VRFsHZ2v+bwmFGYV3zZKi0uiXHrxx8HKJTKEloqp6jVjANYROFWodMwHtA9fATbslM2yr1uqvFtW52wnpfobIzU7A47DSC2SGJUl5tZX1jUSXAR4RlUoVExMTEhISFRVX8z7xAAAgAElEQVT1gpGRI0eGh4cfPHiQySUaO3Ysl8tdsmRJRcVd6dqFhYUff/xxdHT0w6TxMcmm8fHxR44c0Wg0LTV520P65Zdfxo8ff+zYMZPlTA5uw5KhjbKwsJg7d+7ly5djY2ONl0+cOLGiomLp0qUNkz7T09Mfotf3jcfjhYWFJSQkmASu0tLSzp0717NnTyZc1yKj8WDmzJmj0+m++uor41LJEyZMYLPZH3/8scnkWEql8rPPPuNwOK+99lpTOxw1alS7du2WLVv2SKOnRDRmzBg/P78VK1aUl5czS65cuZKenj58+PAX7jZ9+nSxWGxmEt+GgyCXy0eNGjV37lwmOcxYVlYWl8t9FKWJjTU8u5iYGJVKNXHiRJOzmzx5skajiY6ONrO3jIyMuro6FxeXR9rnJ27t2rUJCQlr1qxp+BqKvb19+/bt4+LiDL8T5HJ5Wloak8546dIllUplPI9pjx49UlJSjNO2zp07JxQKvby8GjYuLi5+//33u3fvvnjx4oY5Wz179szMzDSuHB4bGysWizt16sSs1ev1cXFxhrVMFeiIiAhbW9utd2NShxcsWPDzzz8/1EgRCYXCsLCw+Ph4JgmeiFQqVXx8fNeuXYVCofm1D3noZtJqtbNnz2axWN99951J6JSIwsLCeDye8W/+1NRUhULBXNCEhARHR0dD6rb5q2/SmIhOnTq1Zs2a999/vwVDp0TUrVs3kwvKTBG9devW+fPnP+TOzdxIRNSxY0dLS8vDhw8b1l67di0rK+sJ1pyAxwB3xX+c+b8+AAAATzPkngIAtCQhj/36c27r4m/O3J7xcmdnH0cLIiqqVv6RUppwo2pEZ2dLAYeI+FzWO/28lh+68fa29FGhUnc7YY1ccyKz4kh6eYCreFgH00czBmwWzRrYavovaSU1qjbSB0z/IqIZ/b1uVsjXxt9Myqvt287BwZJXUqs6nFp6PqdmQHuHyI7OROTnZElE+y+VvNnLXabU/ppQwCS85pTJ77l/FtGoUOmGE3nrj90c0VlaWadeHZej0upCPKyIaHS467dHc1cdyZ3wnCufwz6bXb3yz+znWtvNH+Jjfrd8LmvRC63n7cp8b0fGCx2cQlvZCHns3HL5ngvFeRWKGQO8/ZwtiKi1k8Xf16uOpJf39LPLr1Ssictt5yo+nVWZUyZ3eqBcT5lSs/Zo7piurkIee+OJPLlaNzBQcl9DJOCyI9rax6WX7zxX1L21bU6Z/MdT+caznAI8akePHq2qqmKekJqIjIxMSEiIi4sbOnRo69at58yZs3z58tGjR48ZMyYgIECr1aakpGzfvp2IVq9e/ZBTkI4cOfLQoUMbN24MDQ1tNGGuoKAgJiam4XJHR0fjIEELGjly5IEDBz788MOoqKhevXrZ2trW1tYmJydv2bLFysqKmaW1OXr37t2nTx+moqnB8OHD09LS9uzZc+PGjZEjR/r4+Gg0mps3bx49evTvv/9u165d7969jdsfO3bMZD7IoKAgQ9nShmsZzz33XHNCaDNnzpw4ceL06dMnTJgQEBCgVqsvXry4bds2W1vbd999935HQ6lUNnqlWCyW8Uyczefs7Dx9+vQVK1YY55IGBgbOmjVrxYoVzA3JxBiysrJ27NiRl5e3YMEC48KwJpgpaV977bWioqJHOk0ml8tduHDhG2+8sWzZshUrVtA/hW1ffPFFk5YCgWDQoEG7d+8uLCxsNILYcBBEItHUqVNXrFgxefLk0aNHM4kahYWF+/fvP3369JgxYwypPM2RkpLSaMK3v7+/n59fc85Or9fv3r3b3d3dMO+jQVBQUKtWrfbt2zdhwgTmNQuVSmV4IK5Wq3Nycvbt2ycUCidMmGDYqtEbqU+fPobzesjb/vHLycn57bffunTpUlBQYJztbWlpycw5PXXq1HfffXfBggXTpk2rq6vbsGFDVVXV2LFjiSghIcHFxYUp+s0YO3bs/v37Z8yY8eGHH1pZWcXExPz999+vv/46j8dr2Hjt2rUymSwsLOzIkSPGXQoODnZxcRk5cuT27dvnzZs3Z84cR0fHP/74Iy4ubsaMGcwMzcHBwV27dl21apVQKAwMDExJSVm7dm2PHj0CAwOpwUSzTLlXLy+vdu3aNToIJ0+elMvlRFReXq5QKJjbQCQSMdmrP/zwQ3x8/Lp165grOHny5DfffHPhwoWTJk0ioo0bNzKlZZldmV/7GMTExKSmpkZFRZ09e9Z4ubu7e0BAgLW19dixY7ds2SKVSgcPHpybm/vVV19ZWVkxX/+EhASTXFLzV9+4sUaj+eqrryQSib29vXFgiYh69+4tFApTU1Nv3bpF/7zdcvLkSTs7OyLq1auXSCQys9ba2trkgp46dYqank5YLpefPHmS+Vmv19+6dYvpj5ubG3N7MAnQK1eupHvdSAKB4I033li7dq23t/fzzz9fUlLyxRdfSCSSESNG3N9VeTj3PCO4X+aH9F9xV8CjY/6vDwAAwNMM0VMAgBb2cidnGxF3+9nCpQfvFKjxsBf+Xz+v4R3vZO0MaO8gFnB+PnPryz9ulyOzEXFHh7mM6+bKNTv5pZ+TxYjO0v+dL3qYTlqLuGvGtN+WUPBnahmTl0lEXg6iOYNaDQq8/YwyxNNqRGfnPReKY5JLeBzW0GDHhcN8P9hzdUdiYXqBbGWUf9O7JyIaFSpVanQ7zxXuvlBMRD6OomUj2jIliyM7Omm0um1nC2OSS4iIx2ENCnSc1sfD/A4Z/i6W378WsPn0rT9SSvdcLCYiFlEnL+v3nvcOdr9dBvOVLtKU/Nrlh24sJ7IWcd/s6R7ua3ulULZg99XXurt28LA2e4RGDGgvkSk1Ud8n6fTE47CiwlyeD5Dc7xC908+rTqX94WTehhN5fk4Wcwf7rD2a+8DpsAD3a9euXWKxuOE8o0TUu3dvW1vbPXv2MJPzjRgxolWrVhs3bly/fr1WqyUiPp8/aNCgSZMmubm5PWQ3goOD/fz8srKymnoolpaWlpaW1nB5aGjoI4qe2tjYbNq0afXq1bt27dq6dSuzUCgU9ujRY/r06feVJDd37tzExESTLMkPPvigc+fOv/7665IlS5glbDY7KCjoo48+alhUdt26dSb7nD9/viF62nAtY9OmTc0JI/n6+m7ZsmX16tVr165lrqxAIOjdu/e7777LzD1G9zMadXV1n376acOjsNnsB4ueEtGoUaMOHTpkkpUbFRXl6+u7adOmlStXMt3mcrldunRZtGhRhw4dzO/Q399/zJgxv/7664P1p/kCAwNHjhz5v//9788//+zevXtsbGx4eLhJrV1GZGTkrl279u7d23B2Q0bDQYiKirK1td2yZcuHH35oWOjt7T1nzpxRo0bdVz8PHjx48ODBhsunTp3aVPSU7j47GxubvLy86dOnN5qGPnz48FWrViUmJjJBIJlMtnDhQmYVj8djZjUeN26c8Tymjd5IQUFBhujpQ972j19mZqZOp0tMTDQpaevu7s5ET7t3775kyZJVq1Yxk9RKJJLPPvuse/fu1FiwTSKRrF+//rPPPps4cSIRMbHnadOmNdo4PT1dr9d/8cUXJl1avHixi4uLlZ"
10:43:47.590 [Forwarding screenshot on session 5e9977749cf8e028abefff19f425d7c0 to remote] DEBUG org.apache.http.wire - http-outgoing-15 << "XV+vXrP/nkk7feeouIRCLRlClTxo8fb2i2bNmyxYsXf/TRR3q9ns1m9+3b1/iWuy9ffvllUdGdf6kyt4FUKmWip0VFRVlZWYZ06pCQECY2P2bMGCJycnL68ssvDUEs82sfA+bLuGPHjh07dhgvHz58eEBAABFNmzZNr9dv2bLl+++/JyJ/f/+lS5dKJJKqqqrMzMxx48YZb9XU1W/YuKqqiom+G75EBgcPHhQKhbt27Tpw4IBhIfPqBhFFR0eLRCLza+9rBCorK437cOnSpUuXLhHRsGHDmAthUlrZ/I00YcIEuVxuGK6AgIAvvvjivt4CeXj3PCO4X/cc0qf/roBH555/fQAAAJ5aLL0eT24BAB6JepWuok5FRLYWPLGgybKBMqW2sk4t5LEdn9AUmJX1aplCayXk2lo08kqNQq2rqFM7iHkC7u08GJlSK+SxzYd4DdRafWmtisdhNTw7nZ5KalQanc7ZWsDj3HctUK1OX16nVml0DmK+iNdIIeNquUau0jla8ThsFhHpiWoVGish976OpNLoB686PypU+lZvjzqVtrJO3fBw9zVEaq1eryc+l0VEURuS/ZwtPots8oE1wJOlUCjKysqISCqVcrnP/it3Op2upKRELpeLRCJHR8cWL/daX19fUVHBlFp9sq/bK5XK4uJiNptt5so+6tF4AMwNyWKxJBLJ0zBj7uNXV1fHfCXt7e0f87y50OJ0Oh0TX3RxcTGEom/cuGFvb89MQmyirKysvr5eKpUafnuYaWxeWVmZXC6XSqUNq/sSkUwmKy8vl0gkDzzF9YPR6/WFhYUsFksqlTaMzZtf+zRQKpUlJSUWFhYODg7MEoVCkZ+f7+Hh0fD3VcOrb6bxv5T5G0mlUhUVFYnF4qfzHQh4RHBX/MeZ/+sDAADwiNTU1DA/xMXF2dra6nS6pv6HgnnNq6qqypB4gOgpAABAk5jo6StdpFMjmpUaa8avfxdczq9d8lIbJnR6paju7V/T33jObVy3RpKTAAAAAAAAAAAAAOCBPUz09NlPIwAAAHgatJFa/vzXrbe3pXX3tatTaf9MLXO25o/oIn3S/QKAfz2dTvfNN9+YadCrV6+wsLDH1p/Tp08nJCQ0tZbL5c6cOfOxdcbgaRslAAAAAAAAAHhqIXoKAADQJDabOnpau9sJH35XYa1svhsf8EdK6fXSejaLRoVJX+jg1GjNYQCA+8VMCNoUnU732HpCRHq93kx/nmDVzadqlAAAAAAAAADgqYXKvQAAAAAAAAAAAAAAAADw7HiYyr1IeQEAAAAAAAAAAAAAAAAAIEL0FAAAAAAAAAAAAAAAAACAgegpAAAAAAAAAAAAAAAAAAARoqcAAAAAAAAAAAAAAAAAAAxETwEAAAAAAAAAAAAAAAAAiBA9BQAAAAAAAAAAAAAAAABgIHoKAAAAAAAAAAAAAAAAAECE6CkAAAAAAAAAAAAAAAAAAAPRUwAAAAAAAAAAAAAAAAAAIkRPAQAAAAAAAAAAAAAAAAAYiJ4CAAAAAAAAAAAAAAAAABAhegoAAAAAAAAAAAAAAAAAwOA+6Q4AAPzL3Lhx40l3AQAAAAAAAAAA/nN8fHyedBcAAP4TkHsKAAAAAAAAAAAAAAAAAECE3FMAgPuFt/wAAAAAAAAAAAAAAJ5VyD0FAAAAAAAAAAAAAAAAACBC9BQAAAAAAAAAAAAAAAAAgIHoKQAAAAAAAAAAAAAAAAAAEaKnAAAAAAAAAAAAAAAAAAAMRE8BAAAAAAAAAAAAAAAAAIgQPQUAAAAAAAAAAAAAAAAAYCB6CgAAAAAAAAAAAAAAAABAhOgpAAAAAAAAAAAAAAAAAAAD0VMAAAAAAAAAAAAAAAAAACJETwEAAAAAAAAAAAAAAAAAGIieAgAAAAAAAAAAAAAAAAAQIXoKAAAAAAAAAAAAAAAAAMBA9BQAAAAAAAAAAAAAAAAAgAjRUwAAAAAAAAAAAAAAAAAABqKnAAAAAAAAAAAAAAAAAABEiJ4CAPx7KTU6pUb3+I8rV+vUWn3L7lOr08vVuqZ2+jBHNB6lBx4x8927L3oiuVrXMvv6x6O4IgAAAAAAAAAAAAD/Tdwn3QEAAHhAM7ZncNisdWPbP86DqjT6YasvvNJFOjXCo6X2qVDr3v0tw96St2xkm9jUMldbQbC7VWJ2db1KG9HWnoiGrb4wPMTp3f5eD7DzWb9f0er0348PMPnZjMp6zd/XKjt4WrvZCpj+eNiLpvyc2sfffnofzwfog7GzN6oW7sn6fWqIRMx7yF0x5GrdsNUXosJc3uzl3iI7hP8CvV4fExOj0+mGDBnC5/MbbXPz5s3ExMSioiIejyeVSnv06OHg4MCsys/PP3/+fFM7t7a27tu3r0KhiI2N9fb2DgkJSUpKysnJ6devn5WVVcP2iYmJBQUFgwYNEggE+/fvb2q3nTp18vR82C9go/R6vclxeTyei4tLUFAQj3fne3rq1Kny8nLjZnw+383NLTAwkMPhNNxnSkpKcnJyZWWlQCDw8vLq1q2bjY2NcZuMjIzMzEwHB4eePXs27NXff/9dXFzctm3bdu3aGS/Pzc09d+5cUVERi8WSSqXh4eHu7g/y3VcqlefOnbty5Up9fb29vX2bNm1CQ0NZLJZJM4VCcf78+czMTJlMZmVl1a5du86dO5vcM8Yjw+Vyrays/Pz8XF1dTXbVcAANPD09O3Xq9ABnAQAAAABPv7S0tISEhLq6Ok9PzwEDBlhaWj7pHgEAANwboqcAAP9WL3VyZjd40t2oMpl6y5n82QNbPeouPVhPvj2aW1Wv/mpUWxbRuvjcAe0lwe5W0UklBVVKJnr62Dup+vrPnEUvtnazFaw9mvt8gOTd/l4Lh/nO2Xkl0M2qVxu7h9n5+ZwaLwdRS4VOiYjHYU3u6d7eVdycxhdya66X1I8KlbbU0eFf6uzZs4sXLyYigUAwePBgk7V1dXVLly49fPgwl8t1d3dXKpXFxcUsFmvUqFEzZ87kcDgZGRlLly41tNfpdETEZt+uaOLr69u3b1+ZTLZkyZKXX345JCSkqqpqyZIldXV1Y8eONTmWWq3+4IMPnJ2dIyMjNRrNkiVLjHdlbNGiRY8oeqrVapcsWcLhcAyxUoVCQUT29vYffvhhr169mIVbtmxJTk4WCoWGDZlmUql08eLFxsG/a9euLVq06OrVq5aWllKpVC6XFxQUCIXC119/fdKkSYYI5bFjx3766SeBQHD48GGx+K6vsEKhWLBggUwmmzhxoiF6Wltbu2TJkqNHjzLXhYjy8/M1Gs3AgQMXLFhgsgfzTpw4sWzZsrKyMnt7ezs7u+LiYplM5u7uvnz5cn9/f0OzuLi4r776qry83MHBwc7OrqKioqKiwsnJad68eb179zY0Mx4ZrVarVquJqG3bttOnT3/uuedMmjV6cYcNG4boKQAAAMAzac2aNVu3bvX09JRIJDt37tywYcOGDRse0T/sAQAAWhCipwAAj4NMqc0pkwe63cfT7XsaGCBpZsvLebXHrlQwMct6le5aSV2weyMZYI+BcU8YWcX1sall7w/0thFxiUjE44j4HCIS8tgi/pMpLy/isQ3/Ff7TnxAPq15t7NfF53b1seVzmxW0ZhRWK1UavZfD7YjLhZzq0FY25je5L1w2a3S4SzMbn8isKJOpmOhpfqWCiNzthPfaCJ5Bu3btatOmDY/H27Nnj0n0VKvVzpgxIykpadKkSePHj2dicmVlZd9+++327dvVavX8+fMHDBgwYMAApn1ZWdmgQYNeeeWVefPmNXW4nj17Ojk57du3r2H09Pjx41VVVdOnTzcsGTBgwLJly1rsVJutb9++huOq1erk5OTFixfPnTt39+7dbm5uzHJ7e/s///zTsIlKpUpMTPzkk09mzZq1f/9+JrU0Pz9/8uTJHA5n+fLlERERXC6XiAoKClauXPn999/LZLKZM2ca9sC8dx8bGzty5Ejjzhw/flyv1xtHalUq1bRp0zIzM6dOnTp69GhmQ5lM9uuvv27atOnWrVubNm1ijnVPZ86cmT17tre39/Lly0NCQohIr9efOHFiyZIlkydP/v3335nzjYuLmz9/ftu2bb"
10:43:47.590 [Forwarding screenshot on session 5e9977749cf8e028abefff19f425d7c0 to remote] DEBUG org.apache.http.wire - http-outgoing-15 << "/++uvAwEBm2+Tk5KVLl86ePXvFihXGAVTjkamurk5MTPzxxx9nzJgxZ86cV199tdFmAAAAAPDMu3jx4tatWydNmjRt2jQiKi4unjBhwtKlS7///vsn3TUAAIB7QPQUAODRulEq33up+Gh6eYS/PRM9VWn08VfKs4rr5CqdxIoX0dbBx1FkaJ9brjiSVlZUo5SI+X3bObRxtiAitVb/y9+3wn1slWrd4bSyvv4O4T420UklLBbrhQ6ORLT3YrFYyO3ua7s/qSSnTC4WcPq1dwhwFRPR4dSyQymlaq3+p9P57nbCLt42s3Zc8ZaIhnd0HtDeQchrPEKZXiA7mlFeWae2FvEC3MT92jmwm4gYypTa2JTSq8X1ROTjKBoS7GgtvP3HJTqpxILPCXATbz9b6GYntBVxjXvyfICEiH7+65azNf/5fyLBIj7nn7AlW8S7UwyTxaLSWlVMckl+pdJWxB0c7OjnZGFYe6tKeTi1NL9SKeSxO3hY9W/nwGmqu0Yq6zWxKaU3yupJT14OokFBjkxKKBMuvRPE/WeIxndznbQl9cDlkpc7OTNL/r5elVEoG9lFajhlAz3RuezqvReLz2VXzx3ciomeltaqblYopv1T/reyXnMkrSy/UqHXk4e9sF97BwfLOzmpF3JrTmdVypQaDzvR0A6OzKq8CsWR9LLhHZ3/ulaZnFf7Zi8Pe0veL3/fCna37uJtrVDrfjtbENrK1s6Ce/ByaZlM5WwtGBbsJLXhE9GWM7cSs6t5HNZPp/O7eNtU1Kk/i7ke6m0zvKNTuI9tMwYMnhGlpaWnTp2aNm2aUChcsWJFTk6Ot7e3YW10dDQTOmUecDAkEsmnn34qk8ny8vIUCoVxVK85OBzOSy+9tGHDhqSkJCZcZ7Bv3z4LC4tBgwY95Em1LB6P16VLl1mzZs2ePfvo0aOvvfZao834fH6PHj2mTJny5Zdfnj179vnnnyeiFStW1NfXb968OSDgTpFwV1fXL7/88v/+7/9+/fXXoUOH+vn5GVZ169Zt//79JtHT6Ojobt26HT9+3LDk999/v3LlynvvvWccgRaLxVOnThUIBOvWrdu1a1dUVNQ9T02j0Sxbtsza2vr77783lGJmsVgRERESiWTu3LmXL192c3NTKBTLly93dnbesGGDcVZrhw4dNmzYEBUVtWzZsm7dujVa9tnGxmbAgAG9evWaNm3aN998Ex4ebnyDAQAAAMB/x759+6ysrCZNmsR8dHZ2Hj169Lfffpufn/9g008AAAA8Nk8mrQcA4Jmn0emPXamYsT3jzZ9Tc8rkswe1mvW8NxGpNPp3f0vfcDxPodZZCjgXc2um/Jwaf6WC2ep0VuWUn1PPZldZCjjpBbJpv6TFppYRkV5P2xIK49LLP9l/7Wa5vEquJqJDKaWxqaXMhrGpZfsuFb+/80rqrVqxgHM+p/rd3zKOZ1YQUUWdulym1uv1RdWqynqNvSXvlzeDu3jbbDqZN+q7pHXxN5kcRGN7Lhb/328ZN0rlTtaCGoXmyz9ufLI/q9HTLK5RTd6Suu1soY2Iay3i7r5QPGlzamG1kll7OK3scFrZx/uupd6SldaqTHpCRDKl9uyNqt5t7bn/xO5e7uwc4mlNRD387AYG3kmurVFo3ttxpahaZSngHLtS8X/b0otrVMyqxOzqSZtTTmdVudgISE8r/8yZvTNTrdWbv0A5ZfKJm1P2J5VYCbh2lrzDaWVv/HT5SlEdEVkLuWO7urjYCIhoZBcp0x8i8paIfBxFRzPuzNt3Lrt6W0JhrUJrvOdahfZ/54vG/3B54Z6rIh77myh/Q2z4fE4Nl81iEn/zKxUTfrx88HIpl83isFn7k4onb07NLb99LTacyJv7v8xblQpLPufPtLLXf7x8o1RORIXVym0JhbvOF/1wIr+gSilXaTU6/baEwks3a4hIq9dvSyiMvlQ8e2dmmUwl5HFikkqmbE1lLnFRtbJWoVFpdEXVqjqlNqKt/Zox7SwFnI/3Xxu/Kfn3c0U1co35QYNnw969e/V6/eDBgwcNGsTlcnfv3m28NiYmRigUNhov/Prrr9etW3e/oVNGZGQkh8PZt2+f8cLCwsLExMQhQ4ZYWFg0teET5OHhQURVVVXmm9nb2xORSqUiooqKitOnT/fq1cs4dMpgsVhTp04lIuM5VjUaTf/+/TMyMq5du2ZYWFRUdO7cuf79+2s0d76S0dHRdnZ2xnmcBmPGjLGysjIzZayx8+fPFxUVvfLKK4bQqUFgYOChQ4eYXOTTp09XVVUZko+N2drajh49uqys7K+//jJzIIFAMGfOHK1Wu3fv3uZ0DAAAAACePZcvXw4ODjZ+5Y6ZryE5OfnJdQoAAKBZkHsKANDCymTqg5dLDiSX1io0ffwd3u7rxeSPMi7n12aV1C8f2SbU+3b51tVxuZfzavr626u1+hWHs4M9rL4Y2ZYJJi7YfXXt0dw+/vZ8LpuI4tLLPotsE+LZSNFdLod1pbDu//p5RXZ0IiKFWjfhx8s/nMyLaGs/OtzlZoWi8qr6g6E+TGMXG8HUCI/Xn3M7kl6+71LxnovFnb2sIzs6d/W1ZbNIT7T3YnGgm3hl1O3Z737+S7j1r4LrpfW+jqYRjjVxufUq7Q8TAp2t+UQ0tqvLhB9T1h+7+VmkHxHxOeyMAtmoUJfXursy7U16culmjU5PnbysDTscHuLE/NDVx9b4QCcyK9eObc+M5ID2Du/tuBJ/pXx0mItSo/vijxu+jhZrxrRj8k37tLOfv+tqdFLJiM7OZi7TmqO5er3+u/EBdhZcIprQ3W3CjynfHs1dN7Y9j8Oa2OP2a7DMeBp09rLZfaFIptSKBRwiGtbBqZOXtSFh9FpJ/f5LJUczyoU89tBgxxdDnByt7krMOp9THeAmZvJ9Y1PLFGrdd+MDLPhsIlKoPT7cm5WSX+vlILxSVLfzXNGE7m7MuNWptBM2XV5/7OaKUW35HDYR/XWt6qeJQUymrFytM+yfx2YT0fHMiu/GB7R2smDG862tab+dLZw7qNX8IT6XNyZ7S0SG8Q9wFQe4istk6pikkp3nCjefzu/bziGyo7PxHQvPGCaa1a1bN2dnZyKKiIg4ePDgO++8IxAIiEiv16enp4eEhDCFYVuQo6Njr1694uLiZs+ebQjI7d+/X6/Xm6RdarXa+vp6k83ZbPaDRW0fRkpKChGZz5vU6XQHDhxgsVhBQUFElJ6eTkShoaGNNg4ICLC0tExNTTXevFevXmp8NbkAACAASURBVNbW1vv27Zs9ezaz8MCBA1ZWVob5VolILpdnZ2f37du30dq8AoGgQ4cOp0+fbk5aMNPDsLAw883S0tKIqEuXLo2uZTZPSUmJiIgws5N27drZ2dklJSUZluj1+oYXl4hEIhGredN4AwAAAMC/SGFhocm/PKVSKREVFBQ8oR4BAAA0F6KnAAAtqbJePXpDkr0lL7Kj89BgR1sL01+zaq2OiK4U1hmipzP6ezE/XLpZU6vQDg12NNRQnTnAu7JOzaLbD5W9JRaNhk4ZPA5rSJAj87OQx+7e2i46qaS8Tm1cDNaYkMd+oYPjCx0cL92s2Xux+OP9WYOCHN9/3ptF9MvkYOPMzfauYiLKq1CYRE/rVNqzN6qGd3RiQqdEZGfBi2hrH5taptHpmXRStVY/sou0qT5nl8qJyKdBULahzl7WhpBeW6klEZXVqojo0s2aqnrNjP7ehlK9od427nbCM9cqzURPaxSa5LzaIcGOdv9cIEsBp3dbu32XSqrlGmYG1kb5OIp0esotlzNVkX0cRYaqyyevVn4afc3P2WLGAK++/g48jmkkQKenizdrXvlnNDRavVanN8xBK+SxV4xqe3tXmRVE9MI/gWRLPufLV/z1pCciYhER9Wxjx4ROGxXoZtX6n7LGrZ0svByEabdkTTUmIomY90YPt3HdXI9nVuy9WDztl7QPhvr0a2ealwbPhlOnTpWWlhrmKI2MjIyLizt69OiQIUOIqK6uTqPRSCTNnVP5vowcOfLYsWN//PHHK6+8QkQ6nS46Ojo4OLh169bGzeLj4+Pj40229fLyMsmRbXH19fU5OTnMzzKZ7PLlyxs3bn"
10:43:47.590 [Forwarding screenshot on session 5e9977749cf8e028abefff19f425d7c0 to remote] DEBUG org.apache.http.wire - http-outgoing-15 << "R1dWXq8TLkcvmWLVsMH6urqxMSErKysiZNmuTl5UX/JKo2TOtksFgsBweHyspK44V8Pn/IkCGxsbEzZszg8XhEdODAgUGDBhm/oV9dXU3/JLk2ytHRkTk68zTKDKaH97zE5k+EOZzJiTTKwcHBOHm3srLSOCpsEBsb+4juOgAAAAB4UpRKpVarNXm9TyQSEVFdXd0T6hQAAEBzIXoKANCStDrS6cnFRuDlILRuLAgX2somrJXNljO3YlNLQ71tOnvbhLey5XNZRFRQpSQiZ2uBobGzNd8QmCQiDztzSUVSGwGzH8O2RFTZdPTUwM1O6OkgSsqrVWluZzHK1bpjGeWX8moqZGqlRidTaomoYS3cwiqlnij1lmzpwRuGhbnlcq1OXy5TMx1wEPOY3MpGVcvVRGQmWml0OneGRcBlE5FGpyeiW5VKIjp0ufR01p3n+HKVtqha12AfdzBDbTKerrZCIiqsVprpj42IR0TV9Y1UuFVpdCwiLweRl72oYeiUiLKK62rkms7/JNqO6Ox8OqvyvR1X2kotO3lah/nYBLlbMZsVVit5HJadUejdeGZcIvKwN3cnMHOsGjhbC8xHTxk8DsvTXuhpL8wqrlNqzI0e/Kvt2rXLwcGhR48ezMfw8HAXF5c9e/Yw0VMmYqdUKh/FocPCwjw8PPbt28dET//666+SkpK3337bpFlISMi4ceNMFj6G0r5nzpw5c+aM4SObze7evfu8efOMH/colUpD8WG1Wl1cXBwYGLhu3brw8HBm4T0HUKVSMQ+MjL344os7duw4ceJE//79k5KS8vPzX3zxReMGTFSVKQ7c1G6JiEkgNo/poZldGTdr6kSY5Y1OempCoVAYn69YLP7kk08aNrO2tm64EAAAAAD+1Zi6KTrdXf93qdVqDasAAACeZvhbBQDQkiRi3soo//2XShbHXHew5L3Y0WlokKNxGJXLZi0d0SbxRvWJqxV/XauKSS61s+B9+IJviIcVE7zkNhZ4YzAVX5vCxBRNPqrMhsEu59fuuVB85lqlkzV/TLgLk7qqUOv+b1t6QZVyWAfHTp42Ij47r0Kx5cythpsz8VQBl82UsWUwxWCN+sxpuKGBXK3jslmGSU/NaKqJSqsjIgsBx7gPPfzseFxzY6XR6omIc/dOmY9anbkJU0V8NhHJ1dqGqyL87dls1v5LxW9vS/eXWkZ2co5oa28cRj2fU2Ml5Pg53y6I6mjF/+mNoLiMsr+vV+27VLw9sbCNs8XiSD9HK75Ko280/mpgflT5d587n8tmRqkpGp3+RGbF3ovFGYV17V3F8wb79G7bZIob/Kvl5+cnJCRwOJz+/fsbFioUisLCwuzs7FatWvH5fEdHx6ysxuc5fkgsFmvEiBGrVq3KyMho167dvn37bGxsjHvCcHR0NF8P9hHp1q3bjBkzmJ+5XK6Tk1PDkK2tra0heqrRaMaNG1dcXGw8xam7uzsR3bhxgxpTV1dXXFzcMPmyTZs2/v7+0dHR/fv3j46O9vPz8/f3N25gZ2dnYWHR1G6JKDs7WywW29jY3PM0mR5mZWWZpPw22uzGjRuNJrNmZ2cTkaenp/lj1dTU3Lp1q0+fPoYlfD7/iVxcAAAAAHj8OByOpaVlTU2N8UKmqoqtrW0TGwEAADwtED0FAGhhwe5Wwe5WFXXqA8ml+y4W/3zmVr92Di91cjYUU2URhfvYhPvYEFHqLdmyQ9c/P3D9f9NCJFZ8aiKvsTlkyrs2rFVoicjWopHEU6VGdzS9fO+l4hul8lBvm8WRfuE+toZI4qmsyuwy+YIhPv3b367ZeOJq4+UZ7Sx4RBTsYTW5p/uD9dlKyNXo9Aq1znxg2Ax7Cx4RDQly7OJ9H6lLTEXlGvldI9acRFhmEythI224bFZff/u+/vY3SuX7LhWvOpKz4fjNYR2cXghxYtJ/z+dUd/K0No7Y8rmsIUGOQ4Ic1Vr98cyKrw9nbziR9+EwX4kVr16lU2vvEUNtCpMrbFCraLIWMXOXRieV1Kk0/do5zBjg7eeEGU+fZUzx2/fee894WlOlUvnFF1/s3r2bmXeza9euMTExSUlJISEhJptfvHjx3Llz48aNe+BZUV944YX169dHR0e7uLicPn06KiqqOemSj4dYLDYfUDTB5XIXLlw4ceLElStXfvTRR8zCNm3a2NnZ/fnnn9OmTWv4Qn18fLxer3/uueca7i0yMvKLL74oKio6evTo1KlTTday2ezw8PBjx47l5uYyJYKN5efnp6enDxw4kM2+9y/SsLAwFosVExMzePDghmtXrlwZERHRsWPHrl27rl69+tChQ927d2/YLC4ujogaXWVsz549er3eOHoKAAAAAP8pvr6+Jq8AMh/v6x/eAAAAT8QDPq0GAADz7C15r3V3/W1KhwVDfQurlW9tTdt4Io+IMgrrjl2pMDQLdBMPaC+pqFPXKbXMrKKJ2XemiNtzsXj0huTC6mZV0SyqVpXW3inGmFZQy+eyHK1uV1bU/5NRWS3XvPp90oYTeZ28bH6ZHLx8ZJtuvrbGIb2qejUR+RpF0eLSyxo9otSGLxHzzt6oMl54Ob/2anG9mX7qjXI7meK0lfXqZpxf4wLcxERk0ofTWZXFNebqUrraCu0suJdu3vUObNLNWhsRl6nf25Sqeg0R2ZkthuzjKJr1vPfOqSGjw12PXakYvSH5r2tVCrUuvUDWxftOZtjprMrL+bXMzzwOa0B7h3Yu4pvlCiJi7oRz2dWGxp/FXH97W7qZgxpLuyUzjLFaq79aVOduVKPYMP7ncqpHb0g+kl72aph059SOswe2Quj02aZSqWJiYkJCQqKiol4wMnLkyPDw8IMHDzLlWMeOHcvlcpcsWVJRUWG8eWFh4ccffxwdHc1iPUhQn8Ekm8bHxx85ckSj0bz88ssPe1ZPVFBQ0IgRI/bv35+QkMAs4XK5EyZMKCws/Oabb0waFxQUrF271tnZmSmSbGLgwIE8Hm/NmjVKpbLRuOaECRPYbPbHH39sMkeUUqn87LPPOBzOa6+91pw+u7q69u/fPzExcceOHSarNm7cuG3btszMTCLy8/Pr0aNHbGwsEyg1dvr06YMHD/bt29fb29vMgf7+++8NGzb4+fkZTxwLAAAAAP8pPXv2zMzMzM3NNSyJjY0Vi8WdOnV6gr0CAABoDuSeAgA8Qhw2q3cbu95t7HLL5bnlCiLKLKpbF59bLdf0bGMn4nFulsuPXaloJRFZCjiWAk64j82+SyW+ThadvWyyiuu2/nXL017kYtOs3CxrEXf5oRszBnhLrQVxGWUXcmqeD5QwyYtWQo5So7uYWyO1EVgJuVN6e/Rr5yBooratn5MlEe2/VPJmL3eZUvtrQgGHxSKinDJ5w8ajw12/PZq76kjuhOdc+Rz22ezqlX9mP9fabv4Qn0Z3btwTV1tBe1cxEaXdkjXzHBtytxP2amMXnVTi6SDs106iUGtjkku2/lUwe2CrwUGSprZis+jVMJfvj+f9drZwWLCjTk9/pJZezq+d0tvDfBXhtAKZkMduJbk9jd/2s4XxV8o/f7mNk5Xp/H+WAs6Izs4vd3a+mFsj4rEv3azR6PSdjaKncenlqbdkswd5t3cVs1msi7k1mUV1TJ/7tXf45e+C1XE5YqGv1EZwMrPieGbF6HCXZo6JTKlZezR3TFdXIY+98USeXK0bGHh7KMQCbk6ZPLdcYcFnWwu5n73kF9rK5sFDYfCvcvTo0aqqqsjIyIarIiMjExIS4uLihg4d2rp16zlz5ixfvnz06NFjxowJCAjQarUpKSnbt28notWrVz/kFKQjR448dOjQxo0bQ0NDGy39WlBQEBMT03C5o6Nj165dH+bQj8I777xz/PjxJUuW/P7770xK7pgxY1JTU3fu3JmVlfXyyy97eHgoFIoLFy7s2LGDxWJ98803xhOpGlhZWfXt2zc2NrZPnz6N1jELDAycNWvWihUrmOvClPbNysrasWNHXl7eggUL2rZt28w+z5s3Lzs7e8WKFefPnx80aJBEIikuLo6JiUlISBg6dOioUaOYZh999NHUqVMXLFhw6tSpfv36OTg4VFZWHj9+nKktvHDhQuN9qlSqw4"
10:43:47.590 [Forwarding screenshot on session 5e9977749cf8e028abefff19f425d7c0 to remote] DEBUG org.apache.http.wire - http-outgoing-15 << "cPE5Fer6+qqjp79uypU6e8vLy++eYbDudOpXGlUtnoxWWxWMOGDWtm/wEAAADg32LkyJHbt2+fN2/enDlzHB0d//jjj7i4uBkzZvD5pv8HDQAA8LRB9BQA4HHwchB5OYiI6MUQp4o61U+n8789evvty3Afm3f63q7EuHCY76ojOStis5nJN7u3tp05wFxyjzFXW0GvtvbTf0mTq3VE1NXH9u0+tyMTA9pLYlPK5vwv08VG8Oubwcz8pk0J8bQa0dl5z4XimOQSHoc1NNhx4TDfD/Zc3ZFYmF4g+2LkXQ/oIzs6abS6bWcLY5JLiIjHYQ0KdJzWx6OpnZv0pL2rWMRjn8+pNlQJfgDzBvusO3ZzXfzNVUdyicjWgvt2X08zoVPGyC5SpUa342zhj6fyiUgs4Ezq6T4qtJEZ/gz0RBdzqzt6Whsmai2tVd0olZuZKpVF1NnLmojWxt90sxU4W9/5X8T3B7Za+Wf2on3XmM35XNbgQMc3e3kQkSWfs2KU/4rD2e/tuEJEPA5rVKj0jefcmjceNKC9RKbURH2fpNMTj8OKCnN5PuD2aER2dPrmz5yJm1MGB0lmD2zVzB3Cs2HXrl1isbjhPKNE1Lt3b1tb2z179gwdOpSIRowY0apVq40bN65fv16r1RIRn88fNGjQpEmT3Nyaex82JTg42M/PLysra8SIEY02SEtLS0tLa7g8NDT0KYyeisXi2bNnz58/f82aNQsWLCAiNpu9dOnS0NDQ33//3VDRVywW9+nT56233mp0GlFGZGRkbGzsiy++2FSDqKgoX1/fTZs2rVy5krkuXC63S5cuixYt6tChQ/P7bGtr+9NPP/30008HDhw4fvw4s9DHx2fRokXGR3dwcNi8efPmzZsPHjx48OBBZqFUKp08efL48eNFIpHxPmUymSGeKhKJWrVq9e67777yyismzerq6j799NOGXWKz2YieAgAAADx7rKys1q9f/8knn7z11ltEJBKJpkyZMn78+CfdLwAAgHtj6fVNPvMFAIBHRKvTV9SpNTq9gyWfzzXN/ZOrdeUylbWQa212Dk5jb29L1+n0340PUGv1JbUqSz6HmdrTQK3VV9Sp7Sx4DQ/XKIVaV1GndhDzDCmqMqVWyGNzG8vN1OmppEal0emcrQX3nKrTpCcbTuRFJ5Vse7ODSYfvl0qjL6lVctlsJ2u++fxRY1qdvqRWRUTO1oJ7bnXmWtWifVlfjGxrPMfqyPWXtkwKFgs4ZjYkIqaSsHH0lKHU6Crq1Bw2SyJupNtV9RqZUiMR85s5L6xKox+86vyoUOlbvT3qVNrKOrWDmC+6e9s6pbZOpW30cAAmFApFWVkZEUml0oazeMI91dbWVlZWCgQCiURinIL5kJjrwmKxJBLJQ04cW15eXltba2NjY2dnd89m1tbW9vb2D3M4AAAAAPhvKisrk8vlUqmUxzM3Dw4AAEDLqqm5PXFbXFycra2tTqdrakYqvV7PZrOrqqoMiQd4EAYA8ARw2HdmJG1IxGMbT1TZTMy7MDwOy822kYfpPA6rYejODCGP7Xr3fswECNkskto0d+cmPXk11CU6qWTnucIpvZvMWG0OPpf1AIPGYbOaWTRYT/TL37cC3cTGodOMwjobC949Q6fUWNyUIeCyzXTA1oL7AEFl5rUoSz7Hkt9Ix5ga0fe7T/hvEgqF7u7uT7oX/2JWVlZWVlYtvtsWvC4ODg4ODvdO/W9mMwAAAACARkkk96gOBQAA8LRB9BQAAJ4kWwvu2308V8Xl9vCzY6ZBfTrtSCy8Van4bnyA8UILPufjF1s/qS4BABjT6XTffPONmQa9evUKCwt7bP0BAAAAAAAAAPiXQvQUAOBZ4C+1bHryzafdkGDHohrlgcul/i7ip7OcbHmdOvlm7fwhvibprV4O953t+kix2dTR0/oBcnAB4NnAzIfaFJ1O99h6AgAAAAAAAADw74V5TwEAAAAAAAAAAAAAAADg2fEw856yH1MfAQAAAAAAAAAAAAAAAACeboieAgAAAAAAAAAAAAAAAAAQIXoKAAAAAAAAAAAAAAAAAMBA9BQAAAAAAAAAAAAAAAAAgAjRUwAAAAAAAAAAAAAAAAAABqKnAAAAAAAAAAAAAAAAAABEiJ4CAAAAAAAAAAAAAAAAADAQPQUAAAAAAAAAAAAAAAAAIEL0FAAAAAAAAAAAAAAAAACAgegpAAAAAAAAAAAAAAAAAAARoqcAAAAAAAAAAAAAAAAAAAzuk+4AAMC/zI0bN550FwAAAAAAAAAA4D/Hx8fnSXcBAOA/AbmnAAAAAAAAAAAAAAAAAABEyD0FALhfeMsPAAAAAAAAAAAAAOBZhdxTAAAAAAAAAAAAAAAAAAAiRE8BAAAAAAAAAAAAAAAAABiIngIAAAAAAAAAAAAAAAAAECF6CgAAAAAAAAAAAAAAAADAQPQUAAAAAAAAAAAAAAAAAIAI0VMAAAAAAAAAAAAAAAAAAAaipwAAAAAAAAAAAAAAAAAARIieAgAAAAAAAAAAAAAAAAAwED0FAAAAAAAAAAAAAAAAACBC9BQAAAAAAAAAAAAAAAAAgIHoKQAAAAAAAAAAAAAAAAAAEaKnAAAAAAAAAAAAAAAAAAAMRE8BAAAAAAAAAAAAAAAAAIgQPQUAAAAAAAAAAAAAAAAAYCB6CgAAAAAAAAAAAAAAAABAhOgpAMATodbq5Wrdw+9Hpye5WqfTP/ye/ose0bgpNTqlpsmLa34tAAAAgEajkcvlj6IxPBEqlUqpVD6KxgAAAAAA8Ihwn3QHAACeTWUydeKNqlKZSqHW2Vrw2rlYBrlbsf5Z++Op/P+dL/pjZhc+l2VuL/dyPqd6we6rS17y6+Zre7/bnsis4LBZPfzsTJYX16gu5FSHeFq72goepm/GUm/JbpY3+VzPSyIKcBW31LGaIzmvdvmhGyW1qnHdXN94zq1ldz7r9ytanf778QEPsLY58isVl/Nqgz2s3O2EDdfWqbSnrla62gqC3a0e+BDwzNPr9TExMTqdbsiQIXw+v9E2N2/eTExMLCoq4vF4Uqm0R48eDg4OzKr8/Pzz5883tXNra+u+ffsqFIrY2Fhvb++QkJCkpKScnJx+/fpZWTVyWyYmJhYUFAwaNEggEOzfv7+p3Xbq1MnT0/M+T/Q+6HS6xMTEa9eulZeX8/l8Dw+P7t2729vbGxowZzFo0CChUEhEp06dKi8v79q1q1QqNd5PeXn5qVOnunXr5uzsbLw8NTU1KSmpoqKCzWZLpdKwsDCT08nIyMjMzOzfv79Y3MjvQ2Ztoz23sLB4/vnn73mCzBXx9fUNCgoyWZWSknL9+nXDqTVnNJjTb/RAnp6enTp1Mt8ZZjCbWuvj4xMcHNzwlLlcrkQiCQoKsrS0bHTDM2fOlJaWhoWFubq6Gi8vLS09c+aMra1tREREw000Gk3v3r0NS8yfu16vb+outbOzY/bTnMFp2IbP57u5uQUGBnI4nIYbmvnOMmdnvB97e/vWrVtLJBKTNiEhId7e3o3u/Al+9Z5V9fX1sbGx+fn51tbW7du3DwsLM2mQnJx89uxZjUbTpk2biIgILveu/zFfu3btyZMn9+zZw3zMz88/duxYVVWVq6vrgAEDrK2tzTROSUlJSEhQKpVubm4RERF2dnf9Sy8tLS0hIaGurs7T03PAgAEm36aioqJjx46VlJRIJJK+ffu6uLg0enapqanXrl3r0aOH8W3WkE6ni4+P1+l09/wdpdPpTp8+nZqaqtfrAwMDe/bsyWazm7n28SgoKIiPj6+oqHBycgoNDfX19TVeq9FoTp48mZGRIRAIOnfu3LFjR5PNJ02a5O/vv3DhQuaj+atv3Fin0534f/buMy6Kow0A+FyhHEVQOqJYwEJR9BAREbsoauwFS0jURESjJhLESAwo9kYsKGIUUaOvIgIWLAhG1AAWREFAlF7uqEe/48q+HybZbO6OAxSx5Pl/yI/bmd2dnZm9M/vszPzxx8uXL5WUlHr06DF69GglJSWpgz99+jQ/P3/ChAlqamqyJVecit29e5fH402fPl1xJdTV1cXGxpqYmLT4Ja+4IzU0NMTExOTl5bFYLHt7eysrK8"
10:43:47.590 [Forwarding screenshot on session 5e9977749cf8e028abefff19f425d7c0 to remote] DEBUG org.apache.http.wire - http-outgoing-15 << "VHe08Ut2l+fv7Dhw9LS0u1tbUdHBzMzMzkHoTD4SQkJPTr169fv35tTf0sKegkn0SvAO+P4l8fAAAA4OME0VMAAGhnBEIHY/KupJR2YjF76qpJCKKwkl9RL7Tprrl1Rh9VJTpCyL6XthaLyWS8U+j0HQXfK2Qp02Wjp1nc+r23cr1derVj9PROesXVlFL8N0EgAiEaQrS/r37aIIMOjp4G3yvgiyRbZ5qb6rA68rzviEAoMrn02B8FApHEa2JP2ejps/zandHZpbVNEyx1IXoKFEhMTNy8eTNCSEVFZdKkSVKp9fX127Ztu3nzJpPJNDExEQgEXC6XRqPNnTt37dq1DAYjPT1927ZtZH6JRIIQIp9l9+7de8yYMXV1df7+/jNnzrSxseHxeP7+/vX19QsXLpQ6l1Ao/OmnnwwMDKZPny4Sifz9/amHotq0adP7C+FkZGR4enpyudy+fftqa2vzeLxXr14xmcytW7eOHj0a57l+/Xp4eLijoyMOMYaEhKSkpNjZ2QUGBlIPVVBQ4O/vf+DAATJ6mpub+/PPP6enp6urqxsaGtbX13O5XIIgZsyYsX79evKheVxc3IkTJ2xsbORGT3Gq3JoxNjZuTfS0urra399//vz5stHTmzdvnj9/ftiwYfjSWlMb+PLllmfKlCktPli/ceMGGekhCIIgCBqNRvv7V2Hu3LkDBgzAl0wGdBFCQqFQLBarqqquXr167ty5Usesq6tbv349n8+fPn26j48PNSk7Oxt3rePHj9vY2FCTzpw509jYSEZPW7x2sVjcXC+1trbGx2lN5eA81Kvj8/kIIUNDw82bN8tWoIJ7Fl+dkpISDruKRCKRSESj0WbNmuXl5YWLgfN4e3vLjZ4quCj0nm+9z1Vqauq6detqa2vNzc2rq6sPHTpkb2+/b98+MvK9Y8eOsLAwMzMzFRWVEydODBo06NChQyoq//y7KyEhYejQofjvq1ev+vv76+joGBsbnz9/Pjg4ODg4uFu3brKZCYLYsmVLVFSUoaGhrq7u+fPn9+/fv3nzZvK9gQMHDoSGhnbv3l1XV/fChQtBQUFBQUFk+969e9fb21tTU7N37945OTkHDx7csWOH7DsH5eXlq1evrqmpOXr0qILoaVFRka+vb3JysqGhoeLvKD6fv3r16uTk5P79+9Pp9JCQkEGDBh04cADfIIpTO0Z4ePju3btZLJapqWlBQcHevXu//vprDw8PnFpXV7dq1ar09HRLS0sej3f06NHFixevWbOG3J3H42VkZLi5ueGPilufmrm6unrlypUZGRlmZmYMBiM4ONjIyCgwMNDExARnbmxs3L9/P/46tbOzk4qPKk4l/fnnn56engghxdHTx48f+/r6cjicFr/kFXek/Pz85cuX19TUWFhYVFVVyVZXx1Dcpr/99ltQUFCXLl2MjY3z8/MPHDiwfPnyb775RuogEolk48aNKSkp33zzjWx8VHHqZ0lBJ/kkegV4fxT/+gAAAAAfLYieAgBAO7ubURn5rHTeEMMlI0yYdBpCSEKgS084R+8WnHpYtHxkN4SQTXdNm+7/oeDWmnGma8aZ4r9jMyq3Xn3z8xdmI/tIB247TGlNk1VXDftebR6w+wERCK2/mPmKWz9jsMH5pBLZDKf/LD79Z/GCoUbnEuWkAkAVFhbWp08fJSWl8PBwqUiMWCxes2bNs2fPli5dunjxYhzJKy8vP3jw4Llz54RCobe39/jx48ePH4/zl5eXT5w4cc6cOevXr2/udCNGjNDX14+IiJCNnuLxLuTzSoTQ+PHjt2/f3m6X2jo+Pj5CofDixYtkbInD4axatcrHx+fatWva2vK/Kzp37pyUlHTt2rXJkyc3d2QOh7N06VKCIPBTQhwrLSsrO3r06OXLlwmCmfLj5QAAIABJREFUkIrzKXbhwgW50a/21cra6NKly61bt97uFN7e3t7e3vjvmzdvbty4cfv27ePGjZPNeebMGbIYYrE4Kytr+/btu3bt6tmz55AhQ6g5r169KhQKp02bdvPmze+//152TEPnzp39/f3PnTsnO3KL1Mprb7GXtqZypPI0NTUlJSX5+vr+8MMPkZGRWlpa1MwK7lls3bp1s2fPxn8XFRXt3bs3LCzM2tpaQeeU8kFuvc+SRCLx9vZWVlYODw/HY9NPnjx5+PDhqKgo3EZRUVFhYWGbNm364osvEEJ//PHHunXrrly5QrZgRUXF69ev3d3dEUL5+flbtmxxcXHx8fFhMBjFxcWLFi0KDAwkG4uaOTIyMioqyt3dfenSpTQarby8/KuvvtqxY4eTkxOdTn/69GloaOjSpUtXrFiBEOJyuW5ubtu2bTt69ChCqLa21s/Pj81m79u3T0VFRSAQrFu3zs/Pz9bWVuqVDhytV1wJDx8+9Pb2trOzs7KyKi8vV5z59OnTycnJBw8etLe3RwglJSWtXLny9OnTOFilOLUD5Obm7ty5c9iwYTt27FBVVW1qavL29j5x4sSkSZN69uyJENq9e3dOTk5oaGjfvn0RQvv37z99+vQXX3yBUxFCjx49Qgjh8ccttj418549e16/fh0YGIg/Pn36dMWKFYcPH8atX1JSsmLFCmVl5UmTJkVHR0sVW3Eqqba2dvPmzTo6Os2NmMeOHz9+/Pjxr776KiQkRHF1tdiRtm3bRhDEpUuX8N1x9OjR48ePjxgxosXXbtqR4jZNSUk5cuTI3Llz161bx2Aw+Hz+unXrgoKCJk+eLDWxwZkzZwoLC5s7i+LUz4+CTvJJ9Arw/ij+9QEAAAA+ZrDuKQAAtLPUolqE0NwhRjh0ihCi09AcW8PlI7uRwwGTcqpP3C8USwj89+k/ixFCdzMrd93I2RWdc+15GXVJzvI6YejD4h3Xs0MeFJXXCdOK607cL+Q3s2xqSkHtodj8zVGvf43Je5pX8+6X0yQibqSWH7yTtys658T9wuyyf03AWycQhz3mbLuWve1a9vmkkhq+6K1PlJRTfebPYr5Q8lt84a7oHLyxoUkS/pS7/Xr21mtvTt4vKqkWUPMrrreqBtGFR5x9t3L33sy98IhTUS9ECJVUC07cL6xvEhdU8k/cL3yc+1cVFfEEJ+4Xbr7yZteNnJtp5eK/DyQUEyfuF6YV1z3Nq9l+PTsxuxpvf1lcd/BO3uao1wG3826/rJBaQpWGUJ1AfDahxP/qm323cp8V1DZ31a2vQImEEEmIYDer4WbyAzmFVfx98/p9Nbwr7UMOaQafgLKysvj4+AkTJkyaNCk5OVlqAtWoqCgcOl2xYgX5xFxXV9fPz2/kyJEFBQV4hFybMBiMGTNm5OTkPHv2TCopIiJCTU1t4sSJb305747H4+Xm5o4ePZoamDQ0NPT19V21apVQKGxux4EDBzo6Ou7fv5/H4zWXJyAgoKamJiAgYNy4ceQwUz09vZ9//nn27NlaWloi0dt/bb4Pb10bHYDBYPTr12/Tpk0IoZiYGKnUsLCwIUOGuLq6NjY2yg0VeHh45OXlKXj0/2GvXVlZ2dHR8dtvv62rq0tMTKQmKb5nZXXt2nXVqlUIoYyMjPdYYtAMDofTtWvXb775hpzW29XVFSGUmpqKP547d47NZuPgGUJo5MiRERERM2fOJI+QmJjIYDBsbW0RQhcuXFBRUfH09MRji42NjX///XdfX1+5mcvLywcPHvz111/jkdy6urrOzs7l5eVcLhchFBERoampuXTpUryjgYGBq6vr48ePcYAnNja2trbWw8MDD4JUUVFxd3evra29c+cO9eoiIyOTkpK+/fZbxZWQmZm5du3aPXv2yB1Mf/fu3cDAwLq6OvwxIiLCwcEBB0cRQnZ2dsOGDYuIiGhNagfIz8+3sLBYtWoVHu2qrKyMI51paWkIIR6PFx0dvXDhQhw6RQitWLHi+vXrZOgUIZSQkGBhYYHnW26x9amZ+Xz+zJkzyWmfBw8e3L9/f7IjFRQUODg4nD59WmrK2dakknbv3q2urj516lTFlZCXl3f06FF3d3eavH9lnj179uzZs/hvxR0Jz/y/YMEC8u5YsmSJhoZGRzYoaqlNORyOra3t8uXL8U2nqqo6Z84cJPONmp2dfeTIke+++0"
10:43:47.590 [Forwarding screenshot on session 5e9977749cf8e028abefff19f425d7c0 to remote] DEBUG org.apache.http.wire - http-outgoing-15 << "7uKRSnfpYUdJJPoleA90fxrw8AAADwMYPoKQAAtLPO6koIoSd51VLb5w4xJFcnfZpXczahRCxBCKHnhbWnHhQdjy88l1jCUqJzawX7buUejs3DOUtrm5aHpl5+ymXQacU8waqzL6NflJ1NKBETBJIR8qDoh/9l5Fc0GndW5dYIfryYGXzvnf6fpElErP79ZdDdAr5Qoq7CeJpX8+2p1NiMSpzKrWlaFpJ6NrFEi8XsxGJeesJdejKVGuBsk5SC2lMPi07cL7yVVl7E4yOEavii5aGpoQ+LlJn0zmpKdzMrv/rtRUZJPc6vuN4Kq/huvz2/9ryMSacx6LTIZ9xlJ1PzKvhNIoJT3SSWEAKhhFPdVMsXIYSScqqXnnxxP4tnpKWCCLT/Vq7nhUyhmEAIEQQ6m1AS87LCN/J1fkUjr1GIEAp/yv3u9/Tsskb9Tio1fNGu6GzfyCzqtUgI9MP5jJfFdRoqzJSC2nX/y7ibWSl7yW2qQAadtmduPz1N+UtUIoTWT+pl1bVDJ0AGnyg85HHSpEkTJ05kMpmXLl2ipl65ckVVVfXLL7+U3XHv3r2HDx9+u8kSp0+fzmAwpB6ElZSUJCUlubi4KFiMrQNoamoqKSmlpqbW19dTt1tZWbm6uurp6TW3Y1NTE54qNiAgQG6G+vr62NjYoUOHDhgwQDbV29v7u+++k1ru7oN769roMHgJ0qamJurGJ0+e5ObmTpkyxczMrF+/fpcvX5bd0dzcfM6cOSdOnGgu+vgxXLvcq1N8z8pVU1ODEKJO7go6jLGxcVBQEBkeQ383KJ7ktqqqKisra8SIEdRdTExMqNMmJyQkWFlZ4bhjUlISm82mjqU2NDSUmuOXzLxs2bJjx45Rl84VCAQ0Gg0vffr8+fMBAwZQ183F47pSUlJwKovFsrCwIFMtLCxUVFRwKsbhcPbt27dy5UpTU1PFleDm5kaNCEqJj48/ceIEvtG4XC6Xy2Wz2dQMgwcP5nK5HA5HcariMrQXJyenkydPUpe9FAgECCG8Fvjjx48lEomTkxOZqqqqqq+vTz1CYmIinlq5Na1PZkYI7d6928vLi5qZz+eTa5Db2tp6eXlROwOV4lTs7t27N2/e9PPza3EwsZ+fn9S051QXL168ePEi/ltxR3r+/DlCiNqgysrKVlZW1G7WARS3qbOz89GjR6kTAOC+Sl1CWCQS/fLLL8OGDZsyZYrs8RWnfq4UdJJPoleA90fxrw8AAADwMfu4ntcAAMBnYJK13uWn3G3Xsu+9qhph3tnaRNOgU7MRL4QQk04jECqq4h9ZbIlHq35/PuPa87KVY0zpNHQusaS6QRT8lVVPXRZC6ElezfqLmQghusxbvZmc+tN/Fs9iG3iM/msFkeP3Cs8llYzq18Vc/y0jE88La7NKG3bM7jOkx19PEH6NyXteUDOmXxeE0IGYvIYmcbCbFb7AhfZGbr+9CIzL3zLd/C3OpcSgSQjErWn6/duBDDoNIfQgi1da07RtVh+2aSeEkJuD2DUo5ffE4s3TzVFL9XYjtZwvlBxZbKmmTEcI8YXdfC5nvSisnTJQ76fJvZ7mVfc1VP9pci+EkEAk2Rmd3VtP7cCC/vi8o/t38Q57FfWsdBbbQIlJQwjFvCzfMr0PnmyZQOjyU65VV4398/9awejUQ9XQh8Vvyhp66/1Vz69LG9aMM/3CRh8hxBdKlpx88Vt84ai+XaQuua0VSFc4qFRxKgCYWCy+fPnysGHD8Kqco0aNunbt2qpVq/ADVoIgXr58aWNjIzvr6TvS09NzcnKKiYnx9PQkhyJFRkYSBEFOV0iWsKGhQWp3Op3+/pa4YzAYbm5ux48fnzdv3tSpU+3s7PBDvRZ3lEgkRkZG7u7uAQEBkydPlppIFiGUmZkpkUjwmLB2wefzZStHWVm5HUOwra8NgiBkC4MQYrFYcgcntZeoqCiE0MCBA6kbw8LCOnXqNGbMGITQ9OnTd+zYkZaWZmlpKVVgDw+PuLi4bdu2HTt2TPbIb90TZL1d5UgkkqtXr9JoNOratIrvWVJ1dXVxcTFCqKmpKTs7OzAwsG/fvm16cN/xt95/x6lTp2g0mrOzM0IoLy8PIWRgYLBv376bN29WV1ebmZl9++231PBbYmLirFmzEEIEQeTn5zs4OFy8ePHcuXPFxcX6+vqzZs368ssvyY5EZpbF5XKjo6PHjBmDG7GkpIQcxYjhkV645+CDU/snnU7X19fHqbgwfn5+ffr0cXV1ffr0qeJLlruGLmnu3LkjRozAU2GXlJTgCpFbMHyc5lLJkWodSSQSnTlzxsDAYNCgQQgh/DaGkpKSp6fno0ePxGIxm81es2ZNr169cP7c3FwOh4MDoi22PjWzrAcPHrx+/ZqMpyquZMWpCCEej7d161Y3NzdLS8v79+8rzqz4aBs2bCD/VtyR8H9lGzQxMREvgK24GO+JVJtSCQSCR48eBQQE2NraUkODJ0+eLC4ubu7dKcWpnysFneRT7BWgHSn+9QEAAAA+ZhA9BQCAdqajrnR0sWXIg6K7mZX3s6oQQvqayva9tb+w0ccRUCn4fwln2xqS0a9+RurPC2trGkXaasyUghpzAzVyR7Zpp76G6hmcetnj4NGNC+3/WY9nBtvgXFLJn695bx09FYolCKGMknoyekouX1rfJE7M5k0bpE/GhjurKY3q2+VGarlIQjDbHsrD9TB1oD7j730nWetOstYlM6irMLrrqBZU8qn5m6s3kZgQS4jXpfV4tmRVJfqeuX3lnjc5v4bXIFozrgd53iE9tEw6qz54XTWLbYA39dBVI9eppSF0etkA6shfC2MNhFBBJZ+MniozaZOs/xqlpKpEdzTvfOkJt7xOqKvxz6v97V6BALRGfHx8WVkZuUbp9OnTY2Ji7ty54+LighCqr68XiUR4gFS7mz17dlxcXHR0NJ4BTyKRREVFDRgwgDr4AyEUGxsbGxsrta+pqWlrxtu9NXd39+7du4eGhgYHBwcHBzOZTBsbG2dn58mTJ1PflJfL1dU1Ojp627Zt58+flwpo4Rl98WhC0ps3b/AYF8zIyIg6nEWxRYsWyW7cunUrjsq0l1bWRlVVFTXeQ7px40Y7dqHLly+T9dPY2Jienv7w4UNbW1tqXLCysjIuLm727Nm4eBMnTgwICAgPD5eKniKENDQ0vLy8fvzxx4iIiOnTp8uerpXXXlhYGBYWJrWvubk5GdNtTeU0NjZSpxGurq5OSEjIyspaunQpdWCf4nuWdOTIkSNHjpAf+/Tp4+Pj06ZR3R/k1vsviIiIOHXqlIeHh7m5Ofp7WPChQ4cGDRrk5+dXU1MTGhr6ww8/nDx5EkfNs7KyKioq8ES1DQ0NIpEoLi5OR0dn1apVysrK165dO3jwIELIzc1NKrOUqqqqH374gcVi/fjjjwghgUAgFoulYuEsFgv9Pa6usbFRNlLOYrHIodgXLlxITU09d+5ci2G5FvXt25ec5xbH7KVOjT82NDTgczWX+o7FeAsikcjf3z8tLe3QoUO4GLW1tQghb29vZ2fnefPm5eXlBQUFrVix4tKlS/hVoYSEBBaLhb8cWmx9amYpaWlpPj4+Dg4OCgb1tsn27dt1dXVbnIS5NajhXsUdqbGxEck0KIvFIgiCz+fjDtnBZNuUNHfu3OzsbCaT6ebmtmzZMjKMl5GR8dtvv23ZsoUcB0ylOPW/6ZPrFaAdtfjrAwAAAHzMIHoKAADtT09T+ceJPdeO7/GKW/+8oPZxXvXVlNKrKaWeE3s6W8p/pmyk9c8zd1UlOkJIQhAIoYo64WDTTtScfZqJnhZW8ek0dDg2n7qRTkOct51KFyE0pKeWXU+tkAdFN1LLhvTQYvfQGtpTW5lJQwiV8AQEQqlFdduuZZP58yoaxRKiok6oeLitAt26/Ov/rLK4DXfSKwoq+bV8kVhC5FU0aqv9a26x5uptFtvgflbV9+cz+hqqD+7eya6XlrWJptyAZFGVACF0/XkZDnVjjU1iTvU/K8t26/yvUjUKJXHpFckFNZV1QoFIUicQI4TwTL+YYScVJcY/ZzPopIIQKqttokZP31MFAqBYWFiYjo6Oo6Mj/jh06FAjI6Pw8H"
10:43:47.590 [Forwarding screenshot on session 5e9977749cf8e028abefff19f425d7c0 to remote] DEBUG org.apache.http.wire - http-outgoing-15 << "AcicHxIWpsrx3Z2dl169YtIiICR08fPnxYWlq6cuVKqWw2NjayMcIOmNrXxcXFxcWFw+GkpKQ8efLk3r17W7duDQsLCw4OVnx2BoOxceNGNze33377zcPDg5qE61NqFlYvLy88/Ajz9vaWGn2rgJeXl9SEkAgh6lR47aU1taGhoUFdfJGEl+trL3fu3CFH1hYVFeno6Pj6+uIJbMk8kZGRIpGIjIZqaGiMHTv25s2b33//veyai6NHj3Zycvr111+dnJykAttYa649PT09MzNTakdXV1cy5tGayhEIBORc1kKhkMvlWllZHT58WGrYmeJ7lrRkyZKxY8cihAiCKC8vj4uLc3NzW716tdyIu1wf6tb7jBEEERgYePLkyW+//XbJkiXkRoSQmZkZ2UPs7e2nTZsWGBiI498JCQkaGho49o8zCwSCw4cP42fNjo6OFRUVwcHB8+fPV1FRoWamysnJWbt2LY1GO3r0KA7Y41tGIpFQs4nFYjKJyWTKLmstkUjwSyEFBQUHDx5cu3atiYlJe9ZRMwXDH5lMJo6eNpfaviVpUV1dnbe397Nnz/bs2UNOKoDbaMaMGQsWLEAIDRkypEePHu7u7ufPn1+2bBlCKCEhgc1m49K2pvXJzFSxsbGbNm2ytbXdsWNHu1z4jRs3/vjjj9OnT7d7NSruSIqbu31L0hpy25T07bfflpeXZ2Zmnj59OicnZ8uWLSoqKkKh0NfXd/To0ePHj5c9oOLU/6xPq1eA9tXirw8AAADwMYPfKgAAeF+UGDRLYw1LYw3XoUYFlXyvi5mH7uSN7a8jd1gho5mxhg1NYqn8ykz5r/wLRQSNRtNQYVA3Th2o31NP/hu7DDpNImftVCSSEAghfFImnbZtVp+k7Oo/XlU+fM27klLWWU3JZ2pvm26aOFiowqRTz4ivV+7pWglHQLFbaeU7o3P6G6mP7qejrcZkMuinHhQ1if71v17N1ZuepvKJr61j0sv/fMOLSOaeSyrpY6C2ebq57LqhTWIJQkhNhUG9EEfzzkqUeqaWii+UfHf2ZTFPMGWg3uDuWixlekElP+RBEfWYUm2ECyn+d3W/pwoEQIHCwsKEhAQGgzFu3DhyI5/PLykpycnJ6dmzp7Kysp6eXlZWloKDvDUajTZr1qyAgID09PT+/ftHRERoaWlRS4Lp6emNGjXqfRSgNQwNDQ0NDZ2dnb29vQMDA0NCQi5cuPDVV18p3svCwmLevHmhoaFSY0DxqpNv3ryhbty1axeOT5eWlnp6erapeHZ2dj169GjTLiS8FKLU0ytMJBIhec+wFNeGsrJyB7TUoUOHyEvesWNHeHh4jx49qEWVSCTh4eEIIRyowIRCoUAguHHjhtzItJeX15w5c/bu3bt169bmpgRUfO3jx4/fvn27gmK3pnK0tbXJ6KlIJFq0aBGXy5UKg7V4z5Ib9fX1ycF8CCFHR8empqaDBw9OmDBBNuIu14e99T4/TU1NP/3004MHD/z8/CZPnkxu19TURP9e4a9Tp07W1tYvXrzAHxMSEmxtbfENq6amxmAwLC0tqaOvhg8f/vTp0/z8fHNzc2pmUkJCwvr16/v06bN79248Oy5CiMFgqKur47GPpOrqaoQQztOpUyc8iS4Vj8czNDSUSCS+vr5WVlYuLi54xCf+EhMIBI2Nje84Mgy/UiC3YFpaWvgObS71Xc7bVsXFxatXr25oaDh+/Hi/fv3I7bINamtrq6qqmpGRgRASCoVPnjwhX6xR3PpSmUknT548fPjw/Pnzv//+e6m2fjvl5eW7du366quvunbtihtUKBQihBoaGhgMxttNV05S0JEQpbmpr5JUV1ezWKwW115td821KYn84nVxcVmxYoWVldWXX34ZFBRUWVm5f/9+6uhnoVDY0NCgqqqqOPXdx21/oj6hXgHaXYu/PgAAAMDHDKKnAADQzsrrhCIxYaj1ryhdty6q4yx0fk8s4VQLTDq3YQkxNWUGHtr4z/Frm+Tm7KyuJJYQK0Z3p456VKCLutKb0gYJIb1eZmEVHyFERhlpCA3tpTW0lxZCKLWobvv1N1uvvrm4wqazmhJCaEA3zWUj2nkUAin0YbGpjur++f3JKzr17yClYspMmou1nou1nlBM3M2s3HszJ+iPAp8pvaWydVFTQgi5WOvZ9mjVeKn4rKqc8sYNLr3GWfw1H9cfr6qk8tQJRP/6yBchhDRV//XAqwMqEAApeAbO77//nrqsqUAg2Llz56VLl3Akz97e/sqVK8+ePaOu74U9ffr00aNHixYteutVUadOnRoYGBgVFWVkZHT//n08duptr6bdNDU1vXnzpl+/flIrci1fvjwkJOT169etOQheUHPr1q1r164lN5qamnbt2vXOnTtr1qwhpyzr3fuvbyH8GL3DaGlpMRgMuUtM5efnKysr42dY7VIb78mqVavu3r3r5+d39uxZch7dhw8flpSUzJkzR2oM7vHjxy9duiQ3empoaOjh4bF3794pU6ZQQxEf8NqZTObGjRuXLFmyf//+n3/+mdzemnu2OX379o2Ojs7Ozm5l9BS0I5FI5O3tnZycfOTIEanvUvw2gNRzZBqNhsMqAoEgOTn5+++/x9vpdHr37t1lM+P/SmXGnj59um7dutGjR//yyy9SgYfevXtnZ2dTt+CPePr03r17x8fH19XVkSO2q6ury8vLzczMKisrU1JSEEJS81GvWbOGTqcnJSW1rXb+rUePHnQ6PScnh7rxzZs3dDodvx+gOLVjlJeXe3h4sFisU6dO6enpUZNwMfD8vVS4QVNSUhobG8kB5YpbXyozFhoaevjwYU9Pz/nz57fX5Tx58qSmpub48ePHjx+nbndychoyZAh1DvC3oKAjob9/AXNycqiDmN+8eSM1h38HUNCmr1+/5vF41KGoQ4YMUVVVff78OUIoLi6usrJy6tSp1F1CQkJCQkKOHz+uOFX2X1b/EZ9KrwDvieJfHwAAAOBj9h999w0AAN4TvlCy5OQL36gs6jyuWHZZI4NO66zWtldoe+qysrj15LDFOoH4UU613JzWXTUQQonZPHKLQCSJy6is/3fwlWTXS6u+SXwlpZS6sZYvvpZS1kVdqb+ROkIovaQ+LqOSTLXqqjHeQreyXlgvEBtqKetqKFFPhxB6Xlj7ittuy1DxGoTdu7DI0GkWtyGvorGV+97Pqnpe+NeTLCUGbbyFTn8jjfwK6TmjEEKWMvWGd+fWyI9S8xqECKHelKVkY16WS+XhVDeVUYLcGZx6VSW6sfa/ouYdUIEAUDU1NV25csXGxmb+/PlTKWbPnj106NBr167hsUQLFy5kMpn+/v6VlZXU3UtKSn755ZeoqKjmxuq1Bh5sGhsbe/v2bZFI1F6Lt72j06dPL168OC4uTmo7HoPbysiTmpqal5fX8+fPb9y4Qd2+ZMmSysrKbdu2yQ76fPny5TuUus2UlJTs7OwSEhJevXpF3Z6Wlvbo0aMRI0bgOGK71MZ7oqGh4enpmZOTExwcTG4MCwtTVVVdtWrV1H+bMWNGVlZWamqq3EPNnTu3f//+27dvp0ZPP+y1W1tbz5o1KzIyMiEhAW9p5T3bnMePHyOE8Mge0MEOHTqUkJBw4MAB2WBJly5dLCwsYmJiyO+ExsbGtLQ0PPQtOTm5qamJuo6po6PjixcvqMO2Hj16pKqqampqKpuZy+WuW7fOwcFh8+bNsmO2RowYkZmZSZ05/MaNGxoaGoMHD8apBEHExMSQqbdu3UIIjRo1SltbO/TfNmzYgBDasGHDqVOn3qmmEFJVVbWzs4uNjcWD4BFCTU1NsbGx9vb2qqqqilPf8dStJBaLPT09aTTakSNHpMJsCCE7OzslJSXqN39qaiqfz8cNmpCQoKen16tXL5ykuPWlMiOE4uPjDxw4sG7dunYMnSKEhg0bJtWgeObz0NBQb2/vdzy4go6EEBo0aJC6uvrNmzfJ1NevX2dlZXXwwHfFbRoaGurh4cHhcMgtBQUFfD4fL8K9a9cuqdpDCE2fPj00NLRPnz6KUzvwEj8un0SvAO+P4l8fAAAA4GMGY08BAKA9qSrRvxre9XBs/tpz6TPZBr301BBCnGpB9I"
10:43:47.590 [Forwarding screenshot on session 5e9977749cf8e028abefff19f425d7c0 to remote] DEBUG org.apache.http.wire - http-outgoing-15 << "uyhGzeLLaBukrbZtxyttLbczNn942ceXZGjU3iI3cLjLVVskrlBNjG9Nc5k1B8ICZPXYXR30ijrLbpeHxhYjYv6EsruSedMcjgzsuKw7H5hZV8u15aqkqM7LKG84kl5XVNftPM8WSzmZz6w7F51Y2iEX06s5QY+RWNcRmVPXVZ+ICuQ40P3skLuJ3nNtxYmUFPzKnefytnuFlnb5desqd7C+YG6sn5NZmcelMdVnJ+zfH4Qptumukl9TV8USfVFn6/Yl5WpBbVeU7sYWGsQafRnubVZHLqJ1nLWXTWpLOqU5/OUc9Ku+uoju2vyxeKr6SUhj4s9nTuKTe/ub46QigyufQbJ5M6gfhMQjGDRkMI5Zb/FdklCNSJxdwRnb1mXA89TeU/3/ASs3kTrfVkxwS3qQJLqgXpJfUIoeIqPkIovaQOzy3c30jdSEuFL5Q8fPNXIFZCIE61IDajEiFkpKWCA+EA3Llzh8fjkWtDUk2fPj0hISEmJmby5MlmZmY//vjjjh07XF1dFyxYYGlpKRaLX7x4ce7cOYTQr78HqMAOAAAgAElEQVT++o7rIM6ePfv69evHjh0bMmRI9+7dZTMUFxdfuXJFdruenh41SNCOZs+effXqVR8fn/nz5zs5OWlra9fW1qakpISEhGhqauJVWltj5MiRo0ePDgsLo26cNm1aWlpaeHh4dnb27Nmze/XqJRKJ8vPz79y58+eff/bv33/kyJHU/HFxcXiRQpK1tTU5da1sKjZ8+HC5S3hKWbt27ZIlSzw8PNzc3CwtLYVC4dOnT8+ePautrb169eq21oZAIJDbUjQabcqUKS0W5u2MGzfO0dExNDR07Nix/fr143A4Dx48mDJliux46ClTpgQGBoaHh1tZWckeB69W++WXX3I4HHLQanv1BPS2lYMH1/r7+//vf/9TV1dv5T2Lt6Snp+NHzwRBVFdXx8fHJyQkTJw4kTrV84sXL6RGexsbG5OTiHb8rfe5ys3N/f33321tbYuLi6mjvdXV1fH6te7u7qtXr96wYcOKFSvq6+uDgoJ4PN7ChQsRQgkJCUZGRnjSb2zhwoWRkZFr1qzx8fHR1NS8cuXKn3/++dVXXykpKclmPnToUF1dnZ2d3e3bt6lFGjBggJGR0ezZs8+dO7d+/foff/xRT08vOjo6JiZmzZo1eCT3gAED7O3tAwICVFVVraysXrx4cejQIUdHR3wHSY3txrOSmpqa9u/fX24l3Lt3r7GxESFUUVHB5/Nx52SxWHj0anBwcGxs7OHDh/EX17Jly7755puNGzcuXboUIXTs2DE8tSw+lOLUDnDlypXU1NT58+cnJiZSt5uYmFhaWnbq1GnhwoUhISGGhoaTJk3Ky8vbvXu3pqbmF198gRBKSEiQGkuquPWpmUUi0e7du3V1dbt06UINLCGERo4cqaqqmpqaWlRUhP5+w+PevXs4vOfk5MRisRSkdurUSapB4+PjUfOraDc2Nt67dw//TRBEUVERLk/Xrl1x98ADoPfv349a6kgqKipff/01npJ9woQJpaWlO3fu1NXVnTVrVtta5d0obtMFCxbcunVr7dq17u7uJiYmRUVFR44codPpuE3JCSSo9PT0cO0pTv2MKe4kn0SvAO+P4l8fAAAA4GMG0VMAAGhnMwcbaLGY5xJLtl37Z4Kabl1UvxtrOm1Qm0euTLTWLaziRyRzb7+s0NVQWuJoklfRmFXaIDv4S1WJvndev703cz0vZOItPXRZW2f2MdWR/26+qhJ9//z+v8UXRr8oC3/KRQjRELLqqrFhcq8BJn/NJ/mFjX5lfdOJ+4UH7/z1rujQXlqrxpjiv6cP0heJJWcTS/AAViUGbaKV3orR3eSd7W2sHNPdN/K1x5mXCKFuXVS9JvZsFEp8Lr+aeSh599y+ivdd59xz/62cTRGv8bBdZSZtkpXeN07yy7Z+Uq/DcfmHY/MDbuchhLTVmCvHdJcbOkUI2XTXnMU2CH/CvZJSqsSgTR6gt3FK75/CX51PKnlZXLd/fr8mkcRcX82pT5eVZ9IamiQIIbueWitGyYkStakCnxfU7rrxz8x1V1LKrqSUIYS8JvY00lLhNYi2Xv1nbcXnhbV46O0ES93+Rh03tR34mIWFhWloaMiuM4oQGjlypLa2dnh4OI7EzJo1q2fPnseOHQsMDBSLxQghZWXliRMnLl26tGvXru9YjAEDBpibm2dlZTX3UCwtLS0tLU12+5AhQ95TCEdLS+v48eO//vprWFgYHiaCEFJVVXV0dPTw8DAyMmr9oby8vJKSkurr66kbf/rpJzabfebMGX9/f7yFTqdbW1v//PPPUjPHIoQOHz4sdUxvb28yACabih0/frw10dPevXuHhIT8+uuvhw4dwi2roqIycuTI1atXkyMUW18b9fX1fn5+smeh0+nvL3qKEFq/fv2cOXN8fX3PnDkTHh5OEITc+KKuru7w4cNv3br1ww8/yD1Ov379FixYcObMGXJLO/aEt6scPLjW29v7wIEDGzZsaP09ixCKjIyMjIwkL6R79+4+Pj5Ss0deu3bt2rVr1C3jx48no6cdf+t9rjIzMyUSSVJSktSUtiYmJjh66uDg4O/vHxAQgGeW1tXV3bJli4ODA5IXbNPV1Q0MDNyyZcuSJUsQQqqqqm5ubitWrJCb+eXLlwRB7Ny5U6pImzdvNjIy0tTUDAwM9PX1Xb58OUKIxWJ9++23ixcvJrNt37598+bNP//8M0EQdDp9zJgxPj4+b1cJu3btog7d27hxI0LI0NAQR085HE5WVhZeaxMhZGNjs3379j179ixYsAAhpK+vv2vXLvK9B8WpHQDPE3D+/Pnz589Tt0+bNg0vVLxixQqCIEJCQo4ePYoQ6tev37Zt23R1dXk8XmZm5qJFi6h7Ndf6spl5PB6OvuPao7p27ZqqqmpYWNjVq1fJjXv27MF/REVFsVgsxaltqoGqqipqGZKTk5OTkxFCU6ZMwQ0hNbWy4o7k5ubW2NhIVpelpeXOnTvJCV07huI27dev3549ewICAsjZ0U1NTXft2mVtbd2Rhfy0tNhJPv5eAd6fFn99AAAAgI8WjSCk55YEAADQLhqaJJX1TQghbTUljTYOOZUiIVCTSKKqREcI7bie/fANL+q7Zie6qReIK+uFaioMHfVWzRIsIVBpTZNIItHRUGYpyZnRXSwhKuuFIgmho66szJSO25K7G3RSaeWSq61HIFRW28Sg08hrEYoJgUjSyvoUiCSV9UIGnaaroUxvqWhNIqK0VsCk0/U7tZyZL5RU1gt1NJRUmH/VWJ1ArKpEZ1L2FIqJ0tomdWWGtpqid5XeawUC8C74fH55eTlCyNDQkMn8/F+5k0gkpaWljY2NLBZLT09PKq757hoaGiorK5lMZpcuXT7s6/YCgYDL5dLpdAUt+75r42P2X7520GEkEgmOLxoZGZEzomdnZ3fp0gUvQiylvLy8oaHB0NCQ/PZQkFmx8vLyxsZGQ0ND2dl9EUJ1dXUVFRW6urpvvcT12yEIoqSkhEajGRoayk4Rrzj1YyAQCEpLS9XU1HR0dPAWPp9fWFjYrVs32RW+ZVtfQeZPlOKO1NTUxOFwNDQ0WvPqz4dSWVlZW1urr6/f1ngzaM5n0CvAu1D86wMAAAC8JzU1NfiPmJgYbW1tiUTS3P9Q4Ne8eDwe+RIzRE8BAOCj9uA1739JJd9P6NFTl4UQahRKFgc/76HL2tPS4EsAAAAAAAAAAAAAAAAA4L/pXaKnn/8wAgAA+KT1MVAr5gl+vJAx1kJXiUGLf1VVJxB942TyocsFAADgYyGRSPbt26cgg5OTk52dXYeV5/79+wkJCc2lMpnMtWvXdlhhAAAAAAAAAAAAANoKoqcAAPBR09NUDnKzvJpSml3WKBRLhvbSmjxAz1QH5o8CAADwD7yOaXMkEkmHlQQhRBCEgvJ8nLNuAgAAAAAAAAAAAJBg5l4AAAAAAAAAAAAAAAAAAAAAwOfjXWbupXdQGQEAAAAAAAAAAAAAAAAAAAAA4OMG0VMAAAAAAAAAAAAAAAAAAAAAAEAIoqcAAAAAAAAAAAAAAAAAAAAAAIBB9BQAAAAAAAAAAA"
10:43:47.590 [Forwarding screenshot on session 5e9977749cf8e028abefff19f425d7c0 to remote] DEBUG org.apache.http.wire - http-outgoing-15 << "AAAAAAAAAAABCC6CkAAAAAAAAAAAAAAAAAAAAAAGAQPQUAAAAAAAAAAAAAAAAAAAAAAIQgegoAAAAAAAAAAAAAAAAAAAAAABhETwEAAAAAAAAAAAAAAAAAAAAAACGIngIAAAAAAAAAAAAAAAAAAAAAAAbRUwAAAAAAAAAAAAAAAAAAAAAAQAiipwAAAAAAAAAAAAAAAAAAAAAAgEH0FAAAAAAAAAAAAAAAAAAAAAAAEEKI+aELAAAAn5js7OwPXQQAAAAAAAAAAAAA8J/Tq1evD10EAAD4T4DoKQAAtA38OxUAAAAAAAAAAAAAAAAA+FzBzL0AAAAAAAAAAAAAAAAAAAAAAIAQRE8BAAAAAAAAAAAAAAAAAAAAAACD6CkAAAAAAAAAAAAAAAAAAAAAACAE0VMAAAAAAAAAAAAAAAAAAAAAAMAgegoAAAAAAAAAAAAAAAAAAAAAAAhB9BQAAAAAAAAAAAAAAAAAAAAAADCIngIAAAAAAAAAAAAAAAAAAAAAAEIQPQUAAAAAAAAAAAAAAAAAAAAAAAyipwAAAAAAAAAAAAAAAAAAAAAAgBBETwEAAAAAAAAAAAAAAAAAAAAAAIPoKQAAAAAAAAAAAAAAAAAAAAAAIATRUwAAAAAAAAAAAAAAAAAAAAAAwCB6CgAAAAAAAAAAAAAAAAAAAAAACEH0FAAAAAAAAAAAAAAAAAAAAAAAMIieAgAAAAAAAAAAAAAAAAAAAAAAQhA9BQAAAAAAAAAAPh4ikaixsfF9ZAYfRFNTk0AgeB+ZAQAAAAAAAO8J80MXAAAAPk/ldcKkbF5ZXRNfKNFWU+pvpG5tokn7O7WYJ3iWX8PuoWXQSVlqx/tZVWIJMbJvF/IgWmpKw820pbIl5VSLxISDmbZAJLnzskJBScZb6ioxaHKT6pvE8a+qjLVVBphoyqZKCBT/qlJCoNH9urTqmgEAnwiCIK5cuSKRSFxcXJSVpb+FsPz8/KSkJA6Ho6SkZGho6OjoqKOjg5MKCwsfP37c3ME7deo0ZswYPp9/48aNHj162NjYPHv2LDc3d+zYsZqacr5qkpKSiouLJ06cqKKiEhkZ2dxhBw8e3L179zZeaBtIJJKkpKTXr19XVFQoKyt369bNwcGhS5d/vv3wVUycOFFVVRUhFB8fX1FRYW9vb2hoSD1ORUVFfHz8sGHDDAwMqNtTU1OfPXtWWVlJp9MNDQ3t7OykLic9PT0zM3PcuHEaGhqyxcOpckuupqY2YcKEFi8Qt0jv3r2tra2lkl68ePHmzRvy0lpTG/jy5Z6oe/fugwcPbrE8+IrMzMysrKykkiIjI83MzCwtLakb8/LyHj16xOFwaDSaoaHh0KFDTUxMqBnKysoePHigra09atQoqQM+ePBAJBKNHDlScZFwFSnI4OLioqSkJNtL1dTUzMzMevXqJXcv3CXwfSGV1KZKwBfI5XL5fH7nzp2trKwGDRpEo9GoqXILYG5ubmlpqSADQmjChAlqamoEQbT16jIzM9PT03v16jVgwACpJKlOoqWlZWBg0LdvXwaDQc1TX18/ceJEuQd/927/ATU0NNy4caOwsLBTp04WFhZ2dnZSGVJSUhITE0UiUZ8+fUaNGsVk/ut/zA8dOnTv3r3w8HD8sbCwMC4ujsfjGRsbjx8/vlOnTgoyv3jxIiEhQSAQdO3addSoUZ07d6ZmTktLS0hIqK+v7969+/jx49XV1ampHA4nLi6utLRUV1d3zJgxRkZG1NT8/PyHDx+WlpZqa2s7ODiYmZkproGYmJi8vDwWi2Vvby/byakkEsn9+/dTU1MJgrCyshoxYgSdTm9lascoLi6OjY2trKzU19cfMmRI7969qakikejevXvp6ekqKipsNnvQoEFSuy9durRfv34bN27EHxW3PjWzRCL5448/Xr58qaSk1KNHj9GjRyspKUkd/OnTp/n5+fguli253NTY2NiamhrZzLa2tlJfrSTFfaNNmdvUN8Cnpa6uLjY21sTERPZfAtAr/uMU//oAAAAAHyeIngIAQDsjEDoYk3clpbQTi9lTV01CEIWV/Ip6oU13za0z+qgq0RFCacV1e2/l+k0zk42ennpY1NgkwdHTvIrGvbdyEUIBrv2tu/7refqFR5xGodjBTLuhSbz/di65XUIghBCdEi11NO+sxJLzbf8sv3ZndHZpbdMES13Z6GlJtWBXdM7zwlqDTsoQPQXgM5OYmLh582aEkIqKyqRJk6RS6+vrt23bdvPmTSaTaWJiIhAIuFwujUabO3fu2rVrGQxGenr6tm3byPwSiQQhRD7L7t2795gxY+rq6vz9/WfOnGljY8Pj8fz9/evr6xcuXCh1LqFQ+NNPPxkYGEyfPl0kEvn7+1MPRbVp06b3Fz3NyMjw9PTkcrl9+/bV1tbm8XivXr1iMplbt24dPXo0znP9+vXw8HBHR0ccYgwJCUlJSbGzswsMDKQeqqCgwN/f/8CBA2T0NDc39+eff05PT1dXVzc0NKyvr+dyuQRBzJgxY/369eRD87i4uBMnTtjY2MiNnuJUuTVjbGzcmjBSdXW1v7///PnzZaOnN2/ePH/+/LBhw/CltaY28OXLLc+UKVNaEz3FV9S5c+dLly5JhYK2bt26ePFiMnBYW1vr7+9/584d3CERQoWFhSKRyNnZecOGDWR1ZWdn4/5z/PhxGxsb6gHPnDnT2NjYYvQU93zyo1THRgiNGjVKQ0PD39+fwWBQAxh8Ph8hNHDgwO3bt+vr60sd9vz58ydPnqTRaFeuXJGKtbeyEgiC2LVr16VLl7S0tMzMzCQSSV5eXnl5ua2t7f79+1ksFnn5NBqNjKeS3NzcLC0tFWRACA0dOlRNTU0sFrf16nbu3Pn8+fNu3bpdvnxZKgl3EjIkj49jZGS0Y8cOsnFDQkIKCgqai56+e7f/UFJTU9etW1dbW2tubl5dXX3o0CF7e/t9+/aRb6vs2LEjLCzMzMxMRUXlxIkTgwYNOnTokIqKCnmEhISEoUOH4r+vXr3q7++vo6NjbGx8/vz54ODg4ODgbt26yWYmCGLLli1RUVGGhoa6urrnz5/fv3//5s2byVcKDhw4EBoa2r17d11d3QsXLgQFBQUFBZFfrXfv3vX29tbU1Ozdu3dOTs7Bgwd37NhB7vvbb78FBQV16dLF2Ng4Pz//wIEDy5cv/+abb+TWQH5+/vLly2tqaiwsLKqqqo4ePbp48eI1a9bIzczn81evXp2cnNy/f386nR4SEjJo0KADBw7gzqM4tWOEh4fv3r2bxWKZmpoWFBTs3bv366+/9vDwwKl1dXWrVq1KT0+3tLTk8XiyF8vj8TIyMtzc3PBHxa1PzVxdXb1y5cqMjAwzMzMGgxEcHGxkZBQYGEgGOBsbG/fv348D53Z2dlLRUwWpISEh2dnZ1MwEQQgEgi1btsiNniruG23K3Ka+AT4tjx8/9vX15XA4sv8SgF7xH6f41wcAAAD4eBEAAADaVWx6xZjdSUF384ViCd4ilhAXHpWM2Z109G4+3nIrrXzM7qT4V5Wyuy8LebHwWAr++3Fu9ZjdSTMPP/3qt+dNIgk127r/ZXicSZPd/cvjz78+8aLFQoY+LBq/99HJ+4UT9j7acT1bKjUxmzc54PGmiCyPM2muQc9aPBoA4NOybt06V1fXL7/8ctmyZVJJIpFo6dKlbDY7MDCwtrYWbywrK9u0aRObzd6+fbtU/rKyMjabvWPHDrnbt27dio85adKk2bNny5bk1q1bbDb70qVLBEEIhUI2m+3t7d0u19gms2bNmjBhQk5ODrmlpKRk1qxZDg4OVVVVeMvWrVvZbHZZWRn+uGTJknHjxrHZ7KtXr1IPlZyczGazHzx4QB5nzJgxo0ePvn37tlAoxBtLS0s3b97MZrO3bNlC7nj48GE2m00tA5Xi1NbgcDhsNnv37t2ySbt372az2RwOB39sTW0sWbJk/Pjxb10YgiAOHz48fPjw4cOH+/n5SSUNGTLkwIED+G+BQLBw4UJbW9vg4OC6ujq8sba29siRI2w2283NjazVhIQENps9bty4WbNmNTU1UQ/o7u7u5ubW1hLOnDlzzpw5Uhvl9tLa2tozZ8"
10:43:47.591 [Forwarding screenshot on session 5e9977749cf8e028abefff19f425d7c0 to remote] DEBUG org.apache.http.wire - http-outgoing-15 << "6w2eylS5fK5h8/fryvr+/QoUOPHDkildrKSrh58yabzf7111/JixWLxadPn2az2fv378db8OVfvHixuctpMcNbXN2rV6/wbc5msx89eiSVKtVJBALB7du3HRwcpk2b1lweKe/e7T8IsVg8efLkKVOmlJSU4C0nTpygVn5kZCSbzY6MjMQf7969K9U05eXlbDY7Li6OIIi8vDw7OztfX1+RSEQQRFFR0ejRo6ltRM18+fJlNpsdHBwskUgIgigrK5s8ebKzs7NYLCYI4smTJ/i7He/I4XCcnZ2XL1+OP9bU1IwaNcrDw4PP5xMEwefzV65cOWrUKPxD8OzZMzabvXPnTlyMxsZGDw8PNptdVFQktxKWL1/u7OxM1gC+YZ88eSI387Fjx2xtbf/880/8MTEx0dbW9tixY61J7QA5OTl2dnZr1qxpbGwkCEIgEHz//fdsNjs7+69/P2/atMnJySkjIwN/3LdvHzWVIIhbt27Z2tpWV1cTrWh9amYfH5+hQ4cmJibipCdPntjZ2ZGtX1xcPG3atDlz5vj4+Mi2heJUWQcPHhw7diyPx5NNUtw32pq5TX0DfEKCg4PxL93QoUN/+eUXahL0iv84xb8+AAAAwPtW/bdLly7duXPn9u3bMc24ffv2nTt3Ll26RO4C654CAEA7Sy2qRQjNHWLE/HsEKJ2G5tgaLh/ZTe4EuS1a4mhSUMk/l1jSjoUsrOLvm9fvq+Fd5Q1BQa9LG9xHdfebZqahwpCTDAD4lJWVlcXHx0+YMGHSpEnJycm5ubnU1KioqGfPni1dunTFihXkqD5dXV0/P7+RI0cWFBTgAWRtwmAwZsyYkZOT8+zZM6mkiIgINTW15kaedQwej5ebmzt69OgePXqQGw0NDX19fVetWiUUCpvbceDAgY6Ojvv37+fxeM3lCQgIqKmpCQgIGDduHDnMVE9P7+eff549e7aWlpZIJGrHa3l3b10bb0FZWXn58uVRUVFPnjxpLs///ve/jIyMtWvXLlu2jJzkTUNDw93dfeXKlampqWFhYdT8Hh4eeXl5ISEh7VjOFmloaCxcuHDs2LHPnj0rLy+nJuGpPmfOnDlixIjIyEixWCy1b2sqAd84ixcvJrsQnU5ftGjRmjVr2Gx2e1+NNAVXFxYWpqGhsXbtWjx8VvFxlJWVx40bN2LEiMLCwrq6uvdZ5A+Mw+F07dr1m2++IYcau7q6IoRSU1Pxx3PnzrHZ7C+++AJ/HDlyZERExMyZM8kjJCYmMhgMW1tbhNCFCxdUVFQ8PT3xjMfGxsa///67r6+v3Mzl5eWDBw/++uuv8QhjXV1dZ2fn8vJyLpeLEIqIiNDU1Fy6dCne0cDAwNXV9fHjx4WFhQih2NjY2tpaDw8PPAhSRUXF3d29trb2zp07+KJsbW2XL1+Oi6GqqjpnzhyEUEZGhmwN4NndFyxYQNbAkiVLNDQ0IiIi8Me7d+8GBgaS3SAiIsLBwcHe3h5/tLOzGzZsGJlZcWoHyM/Pt7CwWLVqFR7tqqysPHv2bIRQWloaQojH40VHRy9cuLBv3744/4oVK65fv96zZ0/yCAkJCRYWFnh8eYutT83M5/NnzpxJTvs8ePDg/v37kx2poKDAwcHh9OnTUtMItyZVyqtXr06fPr1u3TotLS3ZVMV9AyF09uzZs2fPtiZzi30DfLry8vKOHj3q7u4uO8MB9Ir/OMW/PgAAAMDHDKKnAADQzjqrKyGEnuRVS22fO8RwWG/p5Utbo7ee2rRB+r8nFhdUtjlo0Zz1k3pZdZUzOSQ2385oykC99joXAOCjcvnyZYIgJk2aNHHiRCaTKRXzuHLliqqq6pdffim74969ew8fPvx2kyVOnz6dwWBIPQgrKSlJSkpycXGRu1Rbh9HU1FRSUkpNTa2vr6dut7KycnV11dNr9suwqalp/fr1fD4/ICBAbob6+vrY2NihQ4fKLgmJEPL29v7uu++klrv74N66Nt6CQCBwdXXt06fPtm3bmpqa5OaJiorq3LnzvHnzZJMWLFigqakptU6nubn5nDlzTpw4IfVaQAfAq0tKhcMvXbpkampqbW09depU/OKC1F6tqQS85HBiYqLU9sWLF48YMaLdLkAh2atraGiIjo4eP368mpqai4tLXFxcVVVVi8eprq7W1taWOz31Z8PY2DgoKIgMjyGEcMvq6uoihKqqqrKysqQazsTEhDpBcUJCgpWVFa6lpKQkNptNXR/O0NBQao5fMvOyZcuOHTtGXVlWIBDQaDTcfM+fPx8wYAB1rWs8tWZKSgpOZbFYFhYWZKqFhYWKigpOdXZ2Pnr0KDW0hr8ipBZVxZ4/f44Qoob2lZWVrays8KEQQvHx8SdOnMBH4HK5XC5X6j2AwYMHc7lcDoejOFX21O+Dk5PTyZMnqYu8CgQC9PeN+fjxY4lE4uTkRKaqqqpKzXGdmJiIp1ZuTeuTmRFCu3fv9vLyombm8/nkGuS2trZeXl7UzkClOJWKIAh/f//BgwfLzuSPKe4bCKGLFy9evHixNZlb7Bvg0+Xn5yc1bT4JesV/nOJfHwAAAOBjBtFTAABoZ5Os9bTVmNuuZf8S+TrmZQW3Rv7D0NaTEMSSESZaLOa+W+32LJgub8hpK1MBAJ8usVh8+fLlYcOGGRgYaGtrjxo16tq1a/hBMEKIIIiXL19aWVlRn9S3Cz09PScnp5iYGOqYMzx1IR7EQy1hg4y3GPDaegwGw83NLSMjY968eUFBQcnJyWSFKCaRSIyMjNzd3a9evfro0SPZDJmZmRKJBI8Jaxd8Pl+2ctp39Grra4MgCNnCNDQ0EATRynNJJBImk7lx48b8/PwTJ07IZmhsbMzJyRk0aJDcGLOKisrAgQOzsrKo3YMgCA8PD21tbeoKph2gpqbmjz/+MDQ0JNe7RQjl5uY+efJk2rRpCKHhw4fr6urKLg7aYiUghKZNm9a5c2cfHx9PT8/o6OiSkrefi0IoFMo2WXNRW8VXd/369YaGhunTpyOE8LrFV65ckb264r+lpqYGBAQ8efJk7dq1bSpzB3T79+3UqVM0Gs3Z2RkhlJeXhxAyMDDYt2+fs7Ozvb39okWL7t27R81Pxs8IgsjPzzc1Nb148eLMmTPt7e2/+OKLU6dOUe8yarBNCpfLjY6OHjNmDH7rpaSkhNqCCCE80qu4uBj/V19fnzpojE6n6+vr41QqgUBw//79gIAAW1tbucESvIvsuYqLi3HJ586du2fPHm1tbVwquZnxcRSnyr3q900kEp05c8bAwGDQoEEIIfyihpKSkqen58iRIx0dHY6wMCAAACAASURBVNesWUNdUjQ3N5fD4eA2arH1qZllPXjw4PXr1y4uLvij3CWBSYpTqWJiYl6+fPndd981l6HFvrFhw4YNGza0JnOLfQN8uhR0OegV/3GKf30AAACAj9nH9bY7AAB8BnTUlY4utgx5UHQ3s/J+VhVCSF9T2b639hc2+j11WW93THVlxndjTX+JfH39RZmLNYwKBQC8pfj4+LKysvXr1+OP06dPj4mJuXPnDn4aW19fLxKJ8ACpdjd79uy4uLjo6Gg836NEIomKihowYAB1QA9CKDY2NjY2VmpfU1PTFucFfRfu7u7du3cPDQ0NDg4ODg5mMpk2NjbOzs6TJ0+mvikvl6ura3R09LZt286fPy81ygfP6NulSxfqxjdv3lDjkUZGRnIHb8m1aNEi2Y1bt27FUZn20sraqKqqog63It24caNNXcjS0nLevHkhISHOzs7UuS4RQtXV1UimAqnwWFgej0dO94cQ0tDQ8PLy+vHHHyMiInBsr93l5OSQkwMTBFFWVnbnzp2amprdu3dTnw6HhYUxmcwpU6YghBgMxtSpU0NCQjgcDrW0mIJKQAjp6uqeOXMmKCjo9u3bd+/eRQgZGho6OjrOnj1b6vaRnRwbIeTg4GBsbIz/3rt37969e6UyzJw586effmrr1V26dMnc3NzS0hIh1LNnzwEDBoSHhy9evJiah8fjUYdgMpnMpUuXjh8/XraQCnRMt39/IiIiTp065eHhYW5ujhCqqalBCB06dGjQoEF+fn41NTWhoaE//PDDyZMnra2tEUJZWV"
10:43:47.591 [Forwarding screenshot on session 5e9977749cf8e028abefff19f425d7c0 to remote] DEBUG org.apache.http.wire - http-outgoing-15 << "kVFRV4olocJ46Li9PR0Vm1apWysvK1a9cOHjyIEHJzc5PKLKWqquqHH35gsVg//vgjQkggEIjFYqnJA1gsFvp7FGljY6Ps1AIsFktqGPrcuXOzs7OZTKabm9uyZctkp+jEh0IIyZ6LIAg+n89isfr27UvOc9vQ0CCbGX9saGjA8ZjmUmVP/b6JRCJ/f/+0tLRDhw7hYtTW1iKEvL29nZ2d582bl5eXFxQUtGLFikuXLuEBwQkJCSwWa+DAgagVrU/NLCUtLc3Hx8fBwYE6ze+7k0gkQUFBTk5O1HGBUlrsG9Rwr+LMLfaNd7gU8PGCXvFf1uKvDwAAAPAxg+gpAAC0Pz1N5R8n9lw7vscrbv3zgtrHedVXU0qvppR6TuzpbPmWYQlH887DemsH3S0Y1rtzZzX49gYAvI2wsDAdHR1HR0f8cejQoUZGRuHh4Th6imNjrRx52VZ2dnbdunWLiIjA0dOHDx+WlpauXLlSKpuNjY1ssKQDpvZ1cXFxcXHhcDgpKSlPnjy5d+/e1q1bw8LCgoODFZ+dwWBs3LjRzc3tt99+8/DwoCbh+pQa2Ofl5YWHH2He3t5So28V8PLykpoQEiGk4JH3W2tNbWhoaFAXXyTh5fraZMX/2bvPuKiOtg/Asw2WjhQFxYoYFDDYsCGWaGKNJhKDmgSjxgjxsUREjMZYsGtsgI1HCWr0VUQBsQXRKMYVFURAJChIkSbgUrey+36YPCeb3WUFxRL9Xx/yg5l7z86ZM4eNe5+Z8fGJj49fs2bNvn37VJMxPB6PaHSgKlqluTTl0KFDPTw8tm/f7uHhoSP5+tweP37MLENdU1MjFApHjx49bdq0Tp06MTFisfj06dOqDRg/fvyBAwdOnjzp4+OjecyGOoFq1arV8uXLAwICMjIykpOTBQJBZGRkZGTk8uXLaXaWOn/+/IULF9Reu2nTJiZ7OnHixP79+6sFMLWNP7u7d+9mZWXRtBw1YcKEVatW3bx5k9mjkRBiZmYWEhJCfxaJRA8ePDh06NBvv/22e/fuxqfYX9mwb3ZKpTIkJOTAgQOzZs2aPn06U0gI6dy5M3P79OvXb/z48SEhIbt27SKECAQCY2NjmpamwRKJJDg4mH7X7O7uXl5evm/fPi8vL319fdVgVTk5OfPnz2exWExX0wncCoVCNYxuxEuruFyu5ix/hUKhdn/NmjWrrKwsMzPz4MGDOTk5q1ev1rwBtb4X/VVzHrnuYJo9beShXraampqAgIA7d+5s3ryZWVSAXqNPPvlkypQphJA+ffp06NBh9uzZR48enTlzJiFEIBD06tWLtrYxV58JVhUfH798+fLevXuvX7++eU/8999/f/To0U8//aQjppFjozHBTRob8NbAqHiXPfPTBwAA4E2GzyoAgJeFx2E5tTZ2am08ua9tfoXY/3hm0MXcD7pactksDotFCFFoW4tIXq/kcrSvnDt3ePuv96eGxOcuHWuv7Vl/AABdCgoKBAIBh8MZPnw4UygWi4uKinJycjp27Kinp2dtbZ2VlfUy3p3FYk2cOHHbtm0ZGRldu3Y9deqUmZmZaksoa2vrIUOGvIwGNIaNjY2Njc1HH30UEBAQEhISFhZ27NixadOm6X5Vt27dPv/88/DwcLXJcG3btiWEPHz4ULVw48aNND9dWlrq5+fXpOa5ubl16NChSS9h0K0Q1b69ougiqJrfYenuDT09vea6UkZGRv7+/n5+fidPnvz000+Z3GGLFi0MDQ1V18BUk5OTY2xsrLoXI8Pf3/+zzz7bsmXLmjVrtE6PexHu7u7r1q2jPxcWFk6aNKmqqko1uUgIOX/+fE1NTUJCglovRUVFffPNN5q93VAnqNLT03v//ffff//9adOmPXr0aM6cOZs2baIbGNOAxYsX607GOzg4PPOqNebsIiIiCCFBQUE05UP+N7QiIyNVs6ccDoeZYkgIcXV17dev34QJE/bt28es8/lMLzLsXyOpVPrDDz9cu3Zt5cqVY8aMYcpNTEzIP3f4MzU1dXFxSU1Npb8KBILevXvTG9bQ0JDD4Tg5OanOvho4cGBSUlJeXp6Dg4NqMEMgECxevLhLly6bNm2iq+MSQjgcjpGREZ37yKDTu2mMqamp5qLQahO7CSHMH+3Ro0f7+Pg4Oztr7pNNH6GoqqpSfZaisrLSwMCAPhKhNVizYWZmZvRGaKiWvEKFhYVz586tq6sLDQ11dHRkyjUvaO/evfl8/v379wkhMpns9u3bzIM1uq++WjDjwIEDwcHBXl5eCxYsULvWL+78+fPt2rWjM18b0six0ZjgJo0NeGtgVLzLnvnpAwAA8CbDvqcAAM2srEZWXKk+UaatBX94N8s6qaK4UkIIsTDiEULoz6pk9cqSKqm1ifaFIlua6E13t4u/X3HzUSUH6VMAaCK6+O2CBQsWqvDz82OxWMy6uP369SsoKNC6/mdSUtKePXteZJWtcePG6enpRUdHC4XChISEcePGaZ258opJpdKMjAy1vbXYbPa3335LCHnw4EFjDuLr62tpablmzRrVfb/at2/fpk2bixcvqk65sLe379atW7du3ezt7ZvpDBrFzMyMw+Fo3WIqLy9PT0+PfofVLL3xHIYMGTJkyJAdO3aUl5cz6QE2m923b9+0tDTV2bqMgoKCe/fuDRw4UOteazY2Nr6+vufPn79+/Xqz5xtUtW7detasWQkJCWfOnFEtP3HihLW19ZIlS1Rvt6lTp5aVlSUkJGg9lNZOIISUlpZqXrgOHTqMGjWqtrb2pW4bpvXsKisr4+Li+vTp4+/vz5zaokWLBg4cePny5YqKCh0HtLOzMzIy+vPPP19em98Ecrk8ICDg9u3bu3btUk2dEkJoJljte2QWi0WHsUQiSU5OZtZBZbPZ7dq10wym/1ULppKSkhYuXDho0KCQkBC1L6bt7e3VnkWgv9L1n+3t7UtLS1W3pq6srCwrK6O1Dx48uHXrlupr+/Tpw+fz7969q3n69I9bTk6OauHDhw/VFppmOoTNZmsGs9nsjh076q7VPNpLUlZW5uvry+PxfvnlF9XUKSGENoOu36uKXtCUlBSRSMRcI91XXy2YCg8PDw4O9vPz8/Pza/Y/ZSKRKCEhYeDAgbrDdI+NJgU3aWzAWwOj4h2n+9MHAADgTYbsKQBAcxLLFNMPpK6IzpLVq08szX4i4rBZLQx5hJBurY2N9TlRd0rEsn9MAzqVXCKRKwZ2bnAPvE96turSynDbb4+0fVcMANAgqVQaExPj6urq5eU1ToWnp2ffvn1jY2PphMipU6dyudzAwEC1FEhRUdFPP/0UHR39ItP46GTT+Pj43377TS6XN+/mbc/t4MGDX3755aVLl9TK6RxczSVDtTI0NPT397979+65c+dUy6dPn15RUbF27VrNSZ/37t17gVY3GY/Hc3NzEwgEaomr9PT0mzdvDho0iH4v3yy98XwWLVqkUCg2bdqkulSyt7c3m83+6aef1NL2Eolk9erVHA5Hc94bY9KkSV27dl23bt1LzZ4SQqZMmeLg4LB58+by8nJacv/+/Xv37o0fP37cP/n6+hobG+vYxFezE0Qi0aRJk/z9/WUymVpwVlYWl8t9GUsTq9I8u5iYGKlUOn36dLWzmzlzplwuj46O1nG0jIyM2tpaW1vbl9rm1y4oKEggEOzYscPV1VWtysLColu3bnFxcczfBJFIlJ6eTnNyycnJUqlUdR9Td3f31NRU1WlbN2/e5PP57du31wwuKSlZuHDhgAEDVq1apTlna9CgQZmZmarPIpw7d87Y2Lhnz560VqlUxsXFMbV0FWg6WTk8PNzX17e4uJipzc/PF4vFWrdt7tGjh5GR0fnz55mSBw8eZGVlaZ33zOfz3dzc4uPj6SR4QohUKo2Pj+/Xrx+fz9ddq3m0l6G+vp4+ZrRr1y6617IqNzc3Ho+n+pc/LS1NLBbTCyoQCKytrZmp27qvvlowIeTq1as7duxYuHChl5fXyzi1lJQUsVise+IpedbYaFJwk8YGvDUwKt5xuj99AAAA3mRYuRcAoDnxeexpA9sEx+fNP5Lxaa9WnawNCSHFlZKzqU8E2cKJvVoZ6XMIIXpc1p"
10:43:47.592 [Forwarding screenshot on session 5e9977749cf8e028abefff19f425d7c0 to remote] DEBUG org.apache.http.wire - http-outgoing-15 << "wP2q8/k/3d4XuT+tjYteBXieS/Z1b8dq/cqbXx2PfVv5phsFnk+486+h5ML62SdrExer5GimWKPx4K6c8KJSmulMTfryCE2Jrpd7U1IoRcfygUyRSEkIpamUimoLUGPHZ/e6yuA/BvdfHiRaFQOGHCBM2qCRMmCASCuLi4MWPGdO7cedGiRevXr588efKUKVOcnJzq6+tTU1OPHDlCCNm+ffsLbkHq6el55syZvXv39unTp127dpoBhYWFMTExmuXW1taqSYJm5Onpefr06WXLlnl5eXl4eJibm1dXV6ekpISFhZmYmNBdWhtj8ODBQ4cOpSuaMsaPH5+enh4ZGZmdne3p6dmpUye5XJ6Xl3fx4sXr16937dp18ODBqvGXLl1S2w/SxcWFWbZUs5YaOHBgY1Jo8+fPnz59uq+vr7e3t5OTk0wmS0pKOnz4sLm5+dy5c5vaGxKJROuVYrFYqjtxNl6rVq18fX03b96sOpfU2dn5+++/37x5Mx2QNMeQlZV19OjR/Pz8JUuWqC4Mq4ZuSfvVV18VFxe/1G0yuVzu0qVLv/7663Xr1m3evJn8b2Hbjz/+WC1SX19/5MiRJ06cKCoq0ppB1OwEAwOD2bNnb968eebMmZMnT6YTNYqKiqKiohISEqZMmWJsbNz4pqampmqd8O3o6Ojg4NCYs1MqlSdOnLCzs2P2fWS4uLh07Njx1KlT3t7e9DELqVTKfCEuk8kePXp06tQpPp/v7e3NvErrQBo6dChzXi847F+9R48e/frrr7179y4sLFSdGWxkZET3nJ49e/bcuXOXLFni4+NTW1u7Z88eoVA4depUQohAILC1taWLflNTp06NioqaN2/esmXLTExMYmJirl+/Pm3aNB6PpxkcFBRUU1Pj5ub222+/qTape/futra2np6eR44cWbx48aJFi6ytrc+ePRsXFzdv3jy6Q3P37t379eu3bds2Pp/v7OycmpoaFBTk7u7u7OxMCJkyZcqFCxfmz58/e/ZsOzu7x48f79q1i81maw5yQoi+vv7XX38dFBTUoUOHDz/8sLS0dMOGDVZWVhMnTqQB+/bti4+PDw4Opldw5syZ33zzzdKlS2fMmEEI2bt3b1lZ2caNG2mw7tpXICYmJi0tzcvL68aNG6rldnZ2Tk5OpqamU6dODQsLs7GxGTVqVG5u7qZNm0xMTGjPCAQCtbmkuq++arBcLt+0aZOVlZWFhYVqYokQMnjwYD6fn5aW9vjxY/K/p1uuXLlCk9keHh4GBga6a+lx6MLyWj+LVekeG4SQBQsWEEK2bt36zOBnjg34lxKJRFeuXKE/K5XKx48f00Hbpk0bZ2dnjIp3nO5PHwAAgDcZsqcAAM3s056tzAy4R24UrY39e4Gathb8/3zQfnyPv2ftjOhmaazP+eXa441n/1qnyMyAO9nN9ov+rblsXVO7HFoaTuxlc/xWsY4Y3YR18jWn/96H725B9d2CakLIh05WXW07EkJ2Xswtqfp78WEa3MpUD9lTgH+viIgIY2NjzX1GCSGDBw82NzePjIykK0xOnDixY8eOe/fuDQkJqa+vJ4To6emNHDlyxowZbdq0ecFmdO/e3cHBISsrq6EvxdLT09PT0zXL+/Tp85Kyp2ZmZqGhodu3b4+IiAgPD6eFfD7f3d3d19e3SZPk/P39ExMT1WZJ/vDDD7169Tp06FBgYCAtYbPZLi4uP/7449ixY9WmRQYHB6sdMyAggMmeatZSoaGhjUkj2dvbh4WFbd++PSgoiF5ZfX39wYMHz507l9m+rvG9UVtbu3LlSs13YbPZz5c9JYRMmjTpzJkzarNyvby87O3tQ0NDt27dSpvN5XJ79+69fPny999/X/cBHR0dp0yZcujQoedrT+M5Ozt7enoeP378woULAwYMOHfuXN++fVu3bq0ZOWHChIiIiJMnT2rubkhpdoKXl5e5uXlYWNiyZcuYwg4dOixatGjSpElNamdsbGxsbKxm+ezZsxvKnpJ/np2ZmVl+fr6vr6/Waejjx4/ftm1bYmIiTQLV1NQsXbqUVvF4PLqr8RdffKG6j6nWgeTi4sJkT19w2L96mZmZCoUiMTExMTFRtdzOzo5mTwcMGBAYGLht2za6Sa2VldXq1asHDBhAtCXbrKysQkJCVq9ePX36dEIIzT37+PhoDb53755SqdywYYNak1atWmVra2tiYhISErJixQq6ELeBgcGsWbO+/PJLJmzdunWrVq368ccflUolm80eNmwYM+QcHR03b968bds2Zrfm9u3bb9y4saFpi97e3iKRKCwsbPfu3YQQJyenDRs2MNe0uLg4KyuLmU7t6upKc/NTpkwhhLRs2XLjxo1MZk537StAb8ajR48ePXpUtXz8+PFOTk6EEB8fH6VSyZyso6Pj2rVrrayshEJhZmbmF198ofqqhq6+ZrBQKKTZd+YmYsTGxvL5/IiIiNOnTzOF9NENQkh0dLSBgYHuWuYtCCGNeQJDx9ggGmuu6g7WPTbgX+rp06eqAzU5OTk5OZkQMnbsWHq3YlS8y5756QMAAPDGYqltawQAAM2lTqqoqJUSQswNecb6DS4bWCOpf1or4/PYDW13CgDwWojF4rKyMkKIjY0Nl/v2P3KnUChKS0tFIpGBgYG1tXWzL/daV1dXUVFBl1p9vY/bSySSkpISNput48q+7N54DnRAslgsKyurN2HH3FevtraW3pIWFhYmJiavuznwQhQKBV0I19bWlklFZ2dnW1hYqO1XSpWVldXV1dnY2DB/PXQE61ZWViYSiWxsbDRX9yWE1NTUlJeXW1lZGRlpWeOkoqKiurq6ZcuWTAZOB6lUWlxcbGxs3Jg8t1KpLCoqYrFYNjY2mrl53bVvAolEUlpaamhoaGlpSUvEYnFBQUHbtm01/15pXn0dwW8O3WOjScFNGhvw1sCoeMfp/vQBAAB4SaqqqugPcXFx5ubmCoWioX9Q0Me8hEIhM/EA2VMAAAAAAAAAAAAAAAAAeHu8SPb07Z9GAAAAAADwFlMoFD///LOOAA8PDzc3t1fWnoSEBIFA0FAtl8udP3/+K2sM403rJQAAAAAAAAB4YyF7CgAAAADw70Y3BG2IQqF4ZS0hhCiVSh3teY2rbr5RvQQAAAAAAAAAbyys3AsAAAAAAAAAAAAAAAAAb48XWbmX/YraCAAAAAAAAAAAAAAAAADwZkP2FAAAAAAAAAAAAAAAAACAEGRPAQAAAAAAAAAAAAAAAAAoZE8BAAAAAAAAAAAAAAAAAAhB9hQAAAAAAAAAAAAAAAAAgEL2FAAAAAAAAAAAAAAAAACAEGRPAQAAAAAAAAAAAAAAAAAoZE8BAAAAAAAAAAAAAAAAAAhB9hQAAAAAAAAAAAAAAAAAgEL2FAAAAAAAAAAAAAAAAACAEGRPAQAAAAAAAAAAAAAAAAAoZE8BAAAAAAAAAAAAAAAAAAghhPu6GwAA8C+TnZ39upsAAAAAAAAAAADvnE6dOr3uJgAAvBOQPQUAaBr8fyoAAAAAAAAAAAAAwNsKK/cCAAAAAAAAAAAAAAAAABCC7CkAAAAAAAAAAAAAAAAAAIXsKQAAAAAAAAAAAAAAAAAAIcieAgAAAAAAAAAAAAAAAABQyJ4CAAAAAAAAAAAAAAAAABCC7CkAAAAAAAAAAAAAAAAAAIXsKQAAAAAAAAAAAAAAAAAAIcieAgAAAAAAAAAAAAAAAABQyJ4CAAAAAAAAAAAAAAAAABCC7CkAAAAAAAAAAAAAAAAAAIXsKQAAAAAAAAAAAAAAAAAAIcieAgAAAAAAAAAAAAAAAABQyJ4CAAAAAAAAAAAAAAAAABCC7CkAAAAAAAAAAAAAAAAAAIXsKQAAAAAAAAAAAAAAAAAAIcieAgC8FrJ6pUimePHjKJREJFMolC9+pHfRS+o3iVwhkTd4cXXXAgAAAMjlcpFI9DKC4bWQSqUSieRlBAMAAAAAwEvCfd0NAAB4O5XVyBKzhU9qpGKZwtyQ19XWyMXOhPW/2v9eLTh+q/js/N56XJauozzLrUeVS078GfiJQ39786a+9vfMCg6b5e7QQq28pEp6+1GlazvT1ub6L9I2VWmPa/LKG/xer7"
10:43:47.592 [Forwarding screenshot on session 5e9977749cf8e028abefff19f425d7c0 to remote] DEBUG org.apache.http.wire - http-outgoing-15 << "2VgVNr4+Z6r8ZIya9efya7tFr6Rf/WXw9s07wH//7/7tcrlLu/dHqO2sYoeCq+m1/dva2JXQu+Zm2ttP7qn09bm+t3tzN57reAt55SqYyJiVEoFKNHj9bT09Mak5eXl5iYWFxczOPxbGxs3N3dLS0taVVBQcGtW7caOripqemwYcPEYvG5c+c6dOjg6up6586dR48effDBByYmWoZlYmJiYWHhyJEj9fX1o6KiGjpsz54927Vr18QTbQKFQpGYmPjgwYPy8nI9Pb22bdsOGDDAwsKCCaBnMXLkSD6fTwi5evVqeXl5v379bGxsVI9TXl5+9erV/v37t2rVSrU8LS3tzp07FRUVbDbbxsbGzc1N7XQyMjIyMzOHDx9ubKzl7yGt1dpyQ0PDDz/88JknSK+Ivb29i4uLWlVqaurDhw+ZU2tMb9DT1/pG7dq169mzp+7G0M5sqLZTp07du3fXPGUul2tlZeXi4mJkZKT1hdeuXXvy5Imbm1vr1q1Vy588eXLt2jVzc/MhQ4ZovkQulw8ePJgp0X3uSqWyoVHaokULepzGdI5mjJ6eXps2bZydnTkcjuYLddyz9OxUj2NhYdG5c2crKyu1GFdX1w4dOmg9+Gu89d5WdXV1586dKygoMDU17datm5ubm1pASkrKjRs35HJ5ly5dhgwZwuX+4x/mQUFBV65ciYyMpL8WFBRcunRJKBS2bt16xIgRpqamOoJTU1MFAoFEImnTps2QIUNatPjH/+mlp6cLBILa2tp27dqNGDFC7W4qLi6+dOlSaWmplZXVsGHDbG1ttZ5dWlragwcP3N3dVYeZZg/ExcXl5uYaGBj069fP2dlZR3cpFIqEhIS0tDSlUuns7Dxo0CA2m93I2lejsLAwPj6+oqKiZcuWffr0sbe3V62Vy+VXrlzJyMjQ19fv1atXjx491F4+Y8YMR0fHpUuX0l91X33VYIVC8fvvv9+7d4/H43Xo0GHo0KE8Hk/t4ElJSXl5eR9++KGhoaFmy3XXUpcvXxYKhRMmTNDRA40cG40JbtLYgH+Xmpqa+Ph4Ozs7zf8TwKh4x+n+9AEAAHgzIXsKANDMlITsjMuNSSk1NeB2tDJUKJUFFeLyWplrO5M1n3Th89iEkH6dzM0MuFzOC6VOX9C+KwUGemzN7GlWSe2WC48CRndqxuzpxYzy0yml9GelkigJYRHC+t/Zj+/R6hVnT/ddyRfLFWs+dWhvafAq3/cFKQmJSi7d+3u+RK7wH9lRM3t6J696w9ns0mrph05WyJ6CDjdu3Fi1ahUhRF9ff9SoUWq1tbW1a9euPX/+PJfLtbOzk0gkJSUlLBZr0qRJ8+fP53A4GRkZa9euZeIVCgUhhPku297eftiwYTU1NYGBgZ9++qmrq6tQKAwMDKytrZ06darae8lksh9++KFVq1YTJkyQy+WBgYGqh1K1fPnyl5fCuX//vp+fX0lJyXvvvWdubi4UCv/8808ul7tmzZqhQ4fSmDNnzkRGRrq7u9MUY1hYWEpKipubW0hIiOqh8vPzAwMDd+zYwWRPHz169OOPP2ZkZBgZGdnY2NTW1paUlCiVyk8++WTx4sXMl+aXLl3av3+/q6ur1uwprdXaM61bt25M9rSysjIwMNDLy0sze3r+/PmjR4/279+fnlpjeoOevtb2jB079pnZ03PnzjGZHqVSqVQqWSwW63+fCpMmTerevTs9ZSahSwiRyWT19fV8Pn/u3LmTJk1SO2ZNTc3ixYvFYvGECROWLVumWpWdnU2HVmhoqKurq2rVoUOHRCIRkz195rnX19c3NEpdXFzocRrTOTRG9ezEYjEhxMbGZtWqVZodqOOepWfH4/Fo2lUul8vlchaLNXHiRH9/f9oMGhMQEKA1e6rjpMhLvvXeVmlpaQsXLqyurnZwcKisrAwKCurXr9/PP//MZL7Xr18fERHRuXNnp1+FrQAAIABJREFUfX39/fv39+jRIygoSF//7//vEggEffv2pT+fPn06MDDQ0tKydevWR48e3bdv3759+9q2basZrFQqV69eHR0dbWNjY2VldfTo0a1bt65atYp5bmDHjh3h4eHt2rWzsrI6duzYnj179uzZw1zfy5cvBwQEmJiY2Nvb5+Tk7Ny5c/369ZrPHJSVlc2dO7eqqmr37t0NZU/z8vK+/fbbqqqqbt26PX36dPfu3V9++eW8efO0BovF4rlz5yYnJ3ft2pXNZoeFhfXo0WPHjh30BtFd+2pERkZu2rTJwMCgffv2+fn5W7Zs+frrr319fWltTU3NnDlzMjIynJychEKh5skKhcL79+97e3vTX3VffdXgysrK77777v79+507d+ZwOPv27bO1tQ0JCbGzs6PBIpFo69at9M+pm5ubWn5Udy3j+vXrfn5+hBAd2dNGjo3GBDdpbMC/y61bt1asWFFcXKz5fwIYFe843Z8+AAAAbyxkTwEAmtnl+xVRd0o/72MzfZAdl80ihCiU5MTt4t2X83/54/G3g9sSQlzbmbi2e4eSW/OGt583vD39Of5+xZrTD3/8uPPgLuqJ21emtErq3Ma4X6cmT9h9jZSELD6e+WdJ7Sc9Wx1NLNIMOHi98OD1wil9bY/c0FILoCoiIqJLly48Hi8yMlItE1NfXz9v3rw7d+7MmDHjyy+/pJm8srKynTt3HjlyRCaTBQQEjBgxYsSIETS+rKxs5MiRn3322eLFixt6u0GDBrVs2fLUqVOa2VM634X5DpoQMmLEiHXr1jXbqTbOsmXLZDLZ8ePHmdxScXHxnDlzli1bFhsba26u/W9FixYtEhMTY2Njx4wZ09CRi4uLZ8yYoVQq6beENFf65MmT3bt3nzx5UqlUquX5dDt27JjW7FfzamRvWFhYXLhw4fneIiAgICAggP58/vz5pUuXrlu3bvjw4ZqRhw4dYppRX1+flZW1bt26jRs3duzYsU+fPqqRp0+flslk48ePP3/+/IIFCzTnNLRo0SIwMPDIkSOaM7cYjTz3Z47SxnSOWoxUKk1MTFyxYsX3338fFRVlZmamGqzjnqUWLlzo6elJf378+PGWLVsiIiJcXFx0DE41r+XWeyspFIqAgAA9Pb3IyEg6N/3AgQPBwcHR0dH0GkVHR0dERCxfvvzjjz8mhPz+++8LFy6MiYlhrmB5efmDBw9mz55NCMnLy1u9evXo0aOXLVvG4XAKCwu/+OKLkJAQ5mKpBkdFRUVHR8+ePXvGjBksFqusrGzatGnr16/38PBgs9lJSUnh4eEzZszw8fEhhJSUlHh7e69du3b37t2EkOrq6pUrV/bq1evnn3/W19eXSCQLFy5cuXJl79691R7poNl63Z2wdu1apVJ54sQJ2gO7d+8ODQ0dNGiQ1kcrDh48mJycvHPnzn79+hFCEhMTv/vuu4MHD37zzTfPrH0FHj16tGHDhv79+69fv57P50ul0oCAgP37948aNapjx46EkE2bNuXk5ISHh7/33nuEkK1btx48ePDjjz+mtYSQmzdvEkLo/ONnXn3V4M2bNz948CAkJIT+mpSU5OPjExwcTK9+UVGRj4+Pnp7eqFGjzp49q9Zs3bWM6urqVatWWVpaNjRjnjRlbDQmuEljA/5FQkNDQ0NDp02bFhYWplaFUfGO0/3pAwAA8CbDvqcAAM0s7XE1IWRSH1uaOiWEsFnks9423w5uy0wHTMyp3J9QUK9Q0p8PXi8khFzOrNh4Lmfj2ZzYu09Ut+Qsq5GF/1G4/kx22LXHZTWy9MKa/QkF4ga2TU3Jrw6Kz1sV/WB7XG5SbtWLn45UrjyXVrbzYu7Gszn7Ewqyn/xjAd4aSX3EreK1sdlrY7OPJhZVieXP/UaJOZWHrheKZYr/Xi3YeDaHFtZJFZFJJevOZK+JfXgg4XFRpUQ1Xne/Pa2TH7tZ/POFR1vOPzp2s7i8VkYIKaqU7E8oqJXW51eI9ycU3Hr0Vxc9Fkr2JxSsinm48VzO+fSy+v8dSFav3J9QkF5Yk5Rbte5M9o3sSlp+r7Bm58XcVdEPtv2W+9u9crUtVFmE1EjqDwuKAk8//PnCozv51Q2ddeM7UKFQyhXKfd7OAztrT+QUPBX//LnjtIFtWK9zSj"
10:43:47.592 [Forwarding screenshot on session 5e9977749cf8e028abefff19f425d7c0 to remote] DEBUG org.apache.http.wire - http-outgoing-15 << "P8Czx58uTq1asffvjhqFGjkpOT1RZQjY6OpqlTHx8f5ltRKyurlStXDh48OD8/n86QaxIOh/PJJ5/k5OTcuXNHrerUqVOGhoYjR4587tN5cUKh8NGjR0OHDlVNTNrY2KxYsWLOnDkymayhF77//vvu7u5bt24VCoUNxWzbtq2qqmrbtm3Dhw9npplaW1v/+OOPnp6eZmZmcvnz/9l8GZ67N14BDofj6Oi4fPlyQkhcXJxabURERJ8+fSZPniwSibSmCnx9fXNzczW/1WW83nPX09Nzd3efNWtWTU3NjRs3VKt037Oa2rRpM2fOHELI/fv3X2KLoQHFxcVt2rT55ptvmGW9J0+eTAhJS0ujvx45cqRXr140eUYIGTx48KlTpz799FPmCDdu3OBwOL179yaEHDt2TF9f38/Pj84tbt269a+//rpixQqtwWVlZT179vz666/pTG4rK6uPPvqorKyspKSEEHLq1CkTE5MZM2bQF7Zq1Wry5Mm3bt0qKCgghMTHx1dXV/v6+tJJkPr6+rNnz66urr548aLq2UVFRSUmJs6aNUtHD9DV3adMmcL0wPTp042NjU+dOkV/vXz5ckhISE1NDf311KlTAwYMoMlRQoibm1v//v2ZYN21r0BeXl63bt3mzJlDZ7vq6enRTGd6ejohRCgUnj17durUqTR1Sgjx8fE5c+YMkzolhAgEgm7dutH1lp959VWDxWLxp59+yiz73LNnz65duzIDKT8/f8CAAQcPHlRbRrgxtYxNmzYZGRmNGzdOR8wzx8bhw4cPHz7cmOBnjg3498rNzd29e/fs2bNZGv8Uwah4x+n+9AEAAHiTIXsKANDMWhjxCCG3cyvVyif1sWF2J03KrTosKKpXEELI3YLqX649Dr1acORGkQGPXVIt+fnCo+D4XBpZWi39NjztZFIJh80qFErmHL53NvXJYUFRvVJJNIRde/z9/93PKxe1bsEvqZIsOp6578oL/ZtEKlfO/fXensv5YpnCSJ+TlFs165e0+PsVtLakSjozLO3wjSIzA66pAffE7ZIZB9JUE5xNkpJf/csfj/cnFFxIL3ssFBNCqsTyb8PTwv94rMdltzDkXc6smPbf1PtFtTRed78VPBV7//du7N0nXDaLw2ZF3SmZeSAtt1wslSuLK6X1CqVEpiiulFaL5YSQxJzKGQdSE7KEtmb6REm2XnjkdyxTVq8khCiV5LCgKO5e+YqoB3nlIqFIRgiJTCr5z68Z2U9ELU31q8TyjWezV0RlqZ6LQkm+P3r/XmGNsT43Jb964f/dv5xZoXnKTepADpu1eZKjtYn2LSoJIYtHdXJu80oXQIZ/KTrlcdSoUSNHjuRyuSdOnFCtjYmJ4fP5X331leYLt2zZEhwc/HyLJU6YMIHD4ah9EVZUVJSYmDh69Ggdm7G9AiYmJjweLy0trba2VrXc2dl58uTJ1tbWDb1QKpXSpWK3bdumNaC2tjY+Pr5v377du3fXrA0ICPjPf/6jtt3da/fcvfHK0C1IpVKpauHt27cfPXo0duzYzp07Ozo6njx5UvOFDg4On3322f79+xvKPr4J56717HTfs1pVVVURQlQXd4VXpnXr1nv27GHSY+R/F5Qucvv06dOsrKxBgwapvsTOzk512WSBQODs7EyfX0lMTOzVq5fqXGobGxu1NX6Z4JkzZ+7du1d161yJRMJisejWp3fv3u3evbvqvrl0XldKSgqtNTAw6NatG1PbrVs3fX19WksVFxf//PPP3333Xfv27XX0wN27dwkhvXr1Ykr09PScnZ2ZQ129enX//v30RispKSkpKVENpg0rKSkpLi7WXaujDc3Iw8PjwIEDnTt3ZkokEgkhhO4FfuvWLYVC4eHhwdTy+fyWLVuqHuHGjRt0aeXGXH0mmBCyadMmf39/1WCxWMzsQd67d29/f3/VwaBKdy11+fLl8+fPr1y5Uvdk4meOjePHjx8/frwxwc8cG/DvtXLlSrW18RkYFe843Z8+AAAAb7I36/saAIC3wCgX65NJJWtjs6/8+XSQQwsXO5NWpg1mvAghXDZLScjjp+JdXzrR2aoLjt6Pvfvku2Ht2Sxy5EZRZZ183zTnjlYGhJDbuVWLj2cSQtgaT/VmFtcevF44sVcr36F/7SASeqXgSGLREEcLh5bPmZm4W1CdVVq33rNLnw5/LSG4PS73bn7VMEcLQsiOuNw6af0+b2d6glP72Xr/NzXkUt7qCQ7P8V48DkuhJCVV0l9nvc9hswgh17KEpVXStRO79GpvSgjxHlA/eU/KrzcKV01wIM/qt3NpZWKZYteXToZ6bEKIWNZ22cms1ILqse9b/zCmU1Ju5Xs2Rj+M6UQIkcgVG85m21sb7pjSlb7v0K4WARF/Rt8pndirFY/LIoTE3StbPaELXWxZScjJpBLnNsZbvRxpy3/5gx/+R+HDJ3X21n/184PSunnD23/s2pIQIpYpph9I/e/VgiHvWaidclM7kK1zUqnuWgCqvr7+5MmT/fv3p7tyDhkyJDY2ds6cOfQLVqVSee/ePVdXV81VT1+QtbW1h4dHXFycn58fM6U1KipKqVQyyxUyLayrq1N7OZvNfnlb3HE4HG9v79DQ0M8//3zcuHFubm70S71nvlChUNja2s6ePXvbtm1jxoxRW0iWEJKZmalQKOicsGYhFos1O0dPT68ZU7CN7w2lUqnZGEKIgYGB5ryTZhQdHU0Ief/991ULIyIiTE1Nhw0bRgiZMGHC+vXr09PTnZyc1Brs6+t76dKltWvX7t27V/PIzz0SND1f5ygUitOnT7NYLNW9aXXfs4zKysrCwkJCiFQqzc7ODgkJee+998aOHdv4Nr/6W+/d8csvv7BYrI8++ogQkpubSwhp1arVzz//fP78+crKys6dO8+aNUs1/Xbjxo2JEycSQpRKZV5e3oABA44fP37kyJHCwsKWLVtOnDjxq6++YgYSE6yppKTk7Nmzw4YNoxexqKiImcVI0ZledOTQg6uOTzab3bJlS1pLG7Ny5couXbpMnjw5KSlJx/nSlzB7PzPvdePGDbrJ8aRJkwYNGkSXwi4qKtIaTI9D04oN1TIz1V4luVx+6NChVq1a9ejRgxBCn8bg8Xh+fn43b96sr6/v1avXvHnzOnXqROMfPXpUXFxME6LPvPqqwZquXbv24MEDJp+qdaNihu5aQohQKFyzZo23t7eTk1NCQoKOyGeOjSVLljQy+JljQ3eb4U2mY8hhVLzjdH/6AAAAvMmQPQUAaGaWRrzdXzqFXXt8ObMiIespIaSliV4/e/OPXVvSDKga+k9Cz942TPbL0dbobkF1lUhubshNya9yaGXIvLBXe9P3bIzuF9dqHofObpzarzVT8kmvVkcSi64/ED539lRWryCE3C+qZbKnzPaltdL6G9nC8T1aMrnhFoa8Ie9ZnEsrkyuU3Kan8mg/jHu/Jed/rx3lYjXKxYoJMNLntLPk51eIVeMb6jd5vbJeoXxQWktXS+bz2Jsnvaf1fZPzqoR18nnDOzDv26eDmV0L/rUHTyf2akWLOlgZMvvUsgg5OLO76szfbq2NCSH5FWIme6rHZY1y+WuWEp/HdndoceJ2SVmNzMr470f7m70DARrj6tWrT548YfYonTBhQlxc3MWLF0ePHk0Iqa2tlcvldIJUs/P09Lx06dLZs2c/++wzQohCoYiOju7evbvqhB5CSHx8fHx8vNpr27dv35j5ds9t9uzZ7dq1Cw8P37dv3759+7hcrqur60cffTRmzBjVJ+W1mjx58tmzZ9euXXv06FG1hBZd0ZfOJmQ8fPiQzluibG1t6bSwxvjiiy80C9esWUOzMs2lkb3x9OlT1XwP49y5c804hE6ePMn0j0gkysjI+OOPP3r37q2aF6yoqLh06ZKnpydt3siRI7dt2xYZGamWPSWEGBsb+/v7L1q06NSpUxMmTNB8u0aee0FBQUREhNprHRwcmJxuYzpHJBKpLiNcWVkpEAiysrJmzJihOrFP9z3L2LVr165du5hfu3TpsmzZsibN6n4tt9674NSpU7/88ouvr6+DgwP537TgoKCgHj16rFy5sqqqKjw8/Pvvvz9w4ADNmm"
10:43:47.593 [Forwarding screenshot on session 5e9977749cf8e028abefff19f425d7c0 to remote] DEBUG org.apache.http.wire - http-outgoing-15 << "dlZZWXl9OFauvq6uRy+aVLlywtLefMmaOnpxcbG7tz505CiLe3t1qwmqdPn37//fcGBgaLFi0ihEgkkvr6erVcuIGBASGEzgEViUSamXIDAwNmKvaxY8fS0tKOHDnyzLScSCQihGi+l1KpFIvFBgYG7733HrPOLc3ZqwXTX+vq6uh7NVSruxkvg1wuDwwMTE9PDwoKos2orq4mhAQEBHz00Ueff/55bm7unj17fHx8Tpw4QR8VEggEBgYG9I/DM6++arCa9PT0ZcuWDRgwQHWZ3xexbt06Kysr3YswU88cG6rpXt3BzxwbTT8P+BfAqHiXPfPTBwAA4E2G7CkAQPOzNtFbNLLj/BEd/iypvZtffSu38nRK6emUUr+RHT9y0v6dsq3Z39+583lsQohCqSSElNfIerY3VY3s0kD2tOCpmM0iwfF5qoVsFil+3qV0CSF9Opq5dTQLu/b4XNqTPh3MenUw69vRXI/LIoQUCSVKQtIe16yNzWbic8tF9QpleY1M93RbHdpa/ONfVlkldRczyvMrxNVieb1CmVsuMjf8x9piDfXbxF6tErKeLjh6/z0bo57tTN06mbnYmWhNSD5+KiGEnLn7hKa6KZG0vrjy751l27b4R6tEMsWljPLk/KqKGplErqiR1BNC6Eq/lI2pPo/z97u1MtUnhDyplqpmT19SBwLoFhERYWlp6e7uTn/t27evra1tZGQkzcTQ/JBqbq8Zubm5tW3b9tSpUzR7+scff5SWln733XdqYa6urpo5wlewtO/o0aNHjx5dXFyckpJy+/btK1eurFmzJiIiYt++fbrfncPhLF261Nvb+7///a+vr69qFe1PtVVY/f396fQjKiAgQG32rQ7+/v5qC0ISQlSXwmsujekNY2Nj1c0XGXS7vuZy8eJFZmbt48ePLS0tV6xYQRewZWKioqLkcjmTDTU2Nv7ggw/Onz+/YMECZqIzY+jQoR4eHtu3b/fw8FBLbFONOfeMjIzMzEy1F06ePJnJeTSmcyQSCbOWtUwmKykpcXZ2Dg4OVpt2pvueZUyfPv2DDz4ghCiVyrKyskuXLnl7e8+dO1drxl2r13XrvcWUSmVISMiBAwdmzZo1ffp0ppAQ0rlzZ2aE9OvXb/z48SEhITT/LRAIjI2Nae6fBkskkuDgYPpds7u7e3l5+b59+7y8vPT19VWDVeXk5MyfP5/FYu3evZsm7Okto1AoVMPq6+uZKi6Xq7mttUKhoA+F5Ofn79y5c/78+XZ2ds88ca3vRX/VnCivO5hmTxt5qJetpqYmICDgzp07mzdvZhYVoNfok08+mTJlCiGkT58+HTp0mD179tGjR2fOnEkIEQgEvXr1oq1tzNVnglXFx8cvX768d+/e69evb5YTP3fu3O+//37w4MHGHE332GhScJPGBrw1MCreZc/89AEAAHiT4bMKAOBl4XFYTq2NnVobT+5rm18h9j+eGXQx94OullqnFXIamGtYJ61Xi9fjan/kXyZXslgsY32OauG491t2tNb+xC6HzVJo2TuVyBVKQgh9Uy6btXZil8Tsyt//rPjjgTAm5UkLQ96ycfaubU1oslCfy1Z9R3q+Wt+ukWgGlLqQXrbhbE5XW6Ohjpbmhlwuh/3LtcdS+T/+6dVQv1mb6O3/2iUuo+z6Q+Gp5JIjiUVdWhmumuCguW+otF5BCDHU56ieiLtDC55KP6u2SixT/OfwvUKhZOz71j3bmRnosfMrxGHXHqseU+0a0UbW/7O7X1IHAuhQUFAgEAg4HM7w4cOZQrFYXFRUlJOT07FjRz09PWtr66ysLB0HeW4sFmvixInbtm3LyMjo2rXrqVOnzMzMVFtCWVtbDxky5GU0oDFsbGxsbGw++uijgICAkJCQsLCwY8eOTZs2TferunXr9vnnn4eHh6vNAaW7Tj58+FC1cOPGjTQ/XVpa6ufn16Tmubm5dejQoUkvYdCtENW+vaLkcjnR9h2W7t7Q09N7BVcqKCiIOeX169dHRkZ26NBBtakKhSIyMpIQQhMVlEwmk0gk586d05qZ9vf3/+yzz7Zs2bJmzZqGlgTUfe4jRoxYt26djmY3pnPMzc2Z7KlcLv/iiy9KSkrU0mDPvGeZwpYtWzKT+Qgh7u7uUql0586dH374oWbGXavXe+u9faRS6Q8//HDt2rWVK1eOGTOGKTcxMSH/3OHP1NTUxcUlNTWV/ioQCHr37k1vWENDQw6H4+TkpDr7auDAgUlJSXl5eQ4ODqrBDIFAsHjx4i5dumzatImujksI4XA4RkZGdO4jo7KykhBCY0xNTekiuqqEQqGNjY1CoVixYoWzs/Po0aPpjE/6R0wikYhEIs2ZYfQpgaqqKtXHBSorKw0MDDT312SCNRtmZmZG79CGaskrVFhYOHfu3Lq6utDQUEdHR6Zc84L27t2bz+ffv3+fECKTyW7fvs08WKP76qsFMw4cOBAcHOzl5bVgwQK1a/18ysrKNm7cOG3atDZt2tALKpPJCCF1dXUcDkczJ6pjbGgeXHdwk8YGvDUwKt5lz/z0AQAAeJMhewoA0MzKamTyeqWN2T+ydG0t+MO7Wf56o6i4UmLXoglbiBnqcejUxr+PXy3VGtnCiFevUPoMbac661EHCyPew9I6hVJ9v8yCp2JCCJNlZBHSt5NZ305mhJC0xzXrzjxcc/rhcR/XFoY8Qkj3tiYzBz17FsLzCf+jsL0lf6tXV+aMfvlnklI3PS5rtIv1aBdrWb3ycmbFlvM5e37PXzbWXi3MwpBHCBntYt27Q6PmS13NeppTJloyutPwbpa05Pc/n6rF1Ejk//hVLCeEmPD/8YXXK+hAADV0Bc4FCxaobmsqkUg2bNhw4sQJmsnr169fTEzMnTt3XF1d1V6elJR08+bNL7744rl3RR03blxISEh0dLStrW1CQgKdO/W8Z9NspFLpw4cPHR0d1Xbk+vbbb8PCwh48eNCYg9ANNdesWTN//nymsH379m3atLl48eK8efOYJcvs7f/6K0S/Rn9lzMzMOByO1i2m8vLy9PT06HdYzdIbL8mcOXMuX768cuXKw4cPM+vo/vHHH0VFRZ999pnaHNzQ0NATJ05ozZ7a2Nj4+vpu2bJl7NixqqmI13juXC536dKl06dP37p1648//siUN+aebch777139uzZ7OzsRmZPoRnJ5fKAgIDk5ORdu3ap/S2lTwOofY/MYrHoJEuJRJKcnLxgwQJazmaz27VrpxlM/6sWTCUlJS1cuHDo0KE//fSTWuLB3t4+OztbtYT+SpdPt7e3v3r1ak1NDTNju7KysqysrHPnzhUVFSkpKYQQtfWo582bx2azExMT1U6f/pXLyclRnaj68OFDtXXamQ5hs9k5OTmqhQ8fPmSz2fT5AN21r0ZZWZmvr6+BgcEvv/xibW2tWkWbQdfvVUUvaEpKikgkYiaU6776asFUeHh4cHCwn5+fl5dXc53O7du3q6qqQkNDQ0NDVcs9PDz69OmjugY4pWNsaB5cd3CTxga8NTAq3nG6P30AAADeZM/YswQAAJpELFNMP5C6IjpLdR1XKvuJiMNmtTBs2iO0Ha0MskpqmWmLNZL6mzmVWiNd2hgTQm5kC5kSiVxx6X5F7T+Trwy3Tma10vqYlFLVwmpxfWzKEwsjXldbI0JIRlHtpfsVTK1zG+MR3awqamW1knobMz0rY57q2xFC7hZU/1nSbNtQCetk7SwMmNRpVkldbrmoka9NyHp6t+Cvb7J4HNaIbpZdbY3zytXXjCKEOGn0G315SZX2LLWwTkYIsVfZSjbuXplaTHGl9IlKkvt+cS2fx25t/o+s+SvoQABVUqk0JibG1dXVy8trnApPT8++ffvGxsbSuURTp07lcrmBgYEVFRWqLy8qKvrpp5+io6MbmqvXGHSyaXx8/G+//SaXy5tr87YXdPDgwS+//PLSpUtq5XQObiMzT4aGhv7+/nfv3j137pxq+fTp0ysqKtauXas56fPevXsv0Oom4/F4bm5uAoHgzz//VC1PT0+/efPmoEGDaB6xWXrjJTE2Nvbz88vJydm3bx9TGBERwefz58yZM+6fPvnkk6ysrLS0NK2HmjRpUteuXd"
10:43:47.593 [Forwarding screenshot on session 5e9977749cf8e028abefff19f425d7c0 to remote] DEBUG org.apache.http.wire - http-outgoing-15 << "etW6eaPX295+7i4jJx4sSoqCiBQEBLGnnPNuTWrVuEEK2Tw+BlCwoKEggEO3bs0HwMxcLColu3bnFxcczfBJFIlJ6eTqczJicnS6VS1X1M3d3dU1NTVadt3bx5k8/nt2/fXjO4pKRk4cKFAwYMWLVqleacrUGDBmVmZqquHH7u3DljY+OePXvSWqVSGRcXx9ReuHCBEDJkyBBzc/Pwf1qyZAkhZMmSJb/88ovm6ffo0cPIyOj8+fNMyYMHD7KysrRObubz+W5ubvHx8XQSPCFEKpXGx8f369ePz+frrtU82stQX1/v5+fHYrF27dqlljolhLi5ufF4PNW//GlpaWKxmF5QgUBgbW3dqVMnWqX76qsFE0KuXr26Y8eOhQsXNmPqlBDSv39/tQtKVz4PDw8PCAjQjNcxNpoa3KSxAW8NjIp3nO5PHwAAgDcZ5p4CADQnPo89bWCb4Pi8+UcyPu3VqpO1ISGkuFJyNvWJIFs4sVcrI/2mrbj1kbP15vM5m87lfO5mK5LW77qc39pcP6tUS4JtWFfLQ4LCHXG5RvqcrrbGT6qloVcLbmQL93zlrPVNP+nR6uK98uD4vIIKsVs/aWPSAAAgAElEQVQnMz6Pk/2k7uiNorIa6crxDnSx2czi2uD43EqRfFCXFgY8Tl656NL9io5WBvSAk/u23nkxd9tvud4DW+tx2DdyKrdeyBnYuUXA6E6ab/ccHFoZJedVZRbXtrc0SM6rCr1a4NrWJKOotkosN+U/4/Mr7l552uMav5EdurU2ZrNYSblVmcW1o1y0bDpr14Lv0aVF9J3Sdpb8D7paiWX1MSml4X8U+n3UUWu8Q0sjQkhUcuk3HnY1kvpDgkIOi0UIeVT2V2ZXqSSmBtz1Z7PnDe9gbaJ3/aHwRrZwpIu15pzgJnVgUaUko6iWEFL4VEwIySiqoWsLd7U1sjXTF8sUfzz8KxGrUJLiSkn8/QpCiK2ZPk2EA1y8eFEoFDJ7Q6qaMGGCQCCIi4sbM2ZM586dFy1atH79+smTJ0+ZMsXJyam+vj41NfXIkSOEkO3bt7/gPoienp5nzpzZu3dvnz592rVrpxlQWFgYExOjWW5tba2aJGhGnp6ep0+fXrZsmZeXl4eHh7m5eXV1dUpKSlhYmImJCd2ltTEGDx48dOjQiIgI1cLx48enp6dHRkZmZ2d7enp26tRJLpfn5eVdvHjx+vXrXbt2HTx4sGr8pUuX6CaFDBcXF2bpWs1aauDAgVq38FQzf/786dOn+/r6ent7Ozk5yWSypKSkw4cPm5ubz507t6m9IZFItF4pFos1duzYZzbm+QwfPtzd3T08PPyDDz5wdHQsLi6+du3a2LFjNedDjx07NiQkJDIy0tnZWfM4dLfar776qri4mJm02lwjgTxv59DJtYGBgf/3f/9nZGTUyHuWlmRkZNCvnpVKZWVl5dWrVwUCwciRI1WXek5NTVWb7d26dWtmEdFXf+u9rR49evTrr7/27t27sLBQdba3kZER3b929uzZc+fOXbJkiY+PT21t7Z49e4RC4dSpUwkhAoHA1taWLvpNTZ06NSoqat68ecuWLTMxMYmJibl+/fq0adN4PJ5mcFBQUE1NjZub22+//abapO7du9va2np6eh45cmTx4sWLFi2ytrY+e/ZsXFzcvHnz6Ezu7t279+vXb9u2bXw+39nZOTU1NSgoyN3dnd5BanO76XKv7du379q1q2YP6Ovrf/3113TZ7Q8//LC0tHTDhg1WVlYTJ06kAfv27YuPjw8ODqZ/uGbOnPnNN98sXbp0xowZhJC9e/fSpWVpsO7aVyAmJiYtLc3Ly+vGjRuq5XZ2dk5OTqamplOnTg0LC7OxsRk1alRubu6mTZtMTEw+/vhjQohAIFCbS6r76qsGy+XyTZs2WVlZWVhYqCaWCCGDBw/m8/lpaWmPHz8m/3vC48qVKy1atCCEeHh4GBgY6Kg1NTVVu6BXr14lDe+irXtsEELoBOitW7c+M/iZYwP+pUQi0ZUrV+jPSqXy8ePHdNC2adPG2dkZo+Idp/vTBwAA4E2G7CkAQDP7tGcrMwPukRtFa2P/XqCmrQX/Px+0H9+jyTNXRrpYFTwVn0ou+e1euZUxb7q7XW65KKu0TnPyF5/H3vK545bzj/yOZdKSDlYGaz7t0t5S+7P5fB57q1fX/14tOJv6JDKphBDCIsS5jfGSMZ262/21nuTHri0raqX7Ewp2XvzrWdG+nczmDGtPf57Qo6W8XnH4RhGdwMrjsEY6W/sMbavt3Z7Hd8ParYh64HvoHiGkrQXff2RHkUyx7OSfnwYlb5r0nu7XLvyo49YLOctPPaDTdvW4rFHO1t94aG/b4lGdgi/lBcfnbfstlxBibsj9blg7ralTQohrO5OJvVpF3i6JSSnlcVhjulsvHWv/Q+SfRxOL7hXWbPVylMoVDi0NPbpYfHcovU6qIIS4dTTzGaIlS9SkDrybX73x3N8r18WkPIlJeUII8R/Z0dZMX1gnX3P6770V7xZU06m3HzpZdbV9dUvbwZssIiLC2NhYc59RQsjgwYPNzc0jIyNpJmbixIkdO3bcu3dvSEhIfX09IURPT2/kyJEzZsxo06bNCzaje/fuDg4OWVlZDX0plp6enp6erlnep0+fl5TCMTMzCw0N3b59e0RERHh4OC3k8/nu7u6+vr62traNP5S/v39iYmJtba1q4Q8//NCrV69Dhw4FBgbSEjab7eLi8uOPP6qtHEsICQ4OVjtmQEAAkwDTrKVCQ0Mbkz21t7cPCwvbvn17UFAQvbL6+vqDBw+eO3cuM0Ox8b1RW1u7cuVKzXdhs9kvL3tKCFm8ePFnn322YsWKQ4cORUZGKpVKrflFKyurgQMHXrhw4fvvv9d6HEdHxylTphw6dIgpacaR8HydQyfXBgQE7NixY8mSJY2/ZwkhUVFRUVFRzIm0a9du2bJl48aNU31VbGxsbGysasmIESOY7Omrv/XeVpmZmQqFIjExUW1JWzs7O5o9HTBgQGBg4LZt2+jK0lZWVqtXrx4wYADRlmyzsrIKCQlZvXr19OnTCSF8Pt/b29vHx0dr8L1795RK5YYNG9SatGrVKltbWxMTk5CQkBUrVnz77beEEAMDg1mzZn355ZdM2Lp161atWvXjjz8qlUo2mz1s2LBly5Y9Xyd4e3uLRKKwsLDdu3cTQpycnDZs2MAs2llcXJyVlUX32iSEuLq6rlu3bvPmzVOmTCGEtGzZcuPGjUxmTnftK0DXCTh69OjRo0dVy8ePH083Kvbx8VEqlczJOjo6rl271srKSigUZmZmfvHFF6qvaujqawYLhUKafV+6dKlak2JjY/l8fkRExOnTp5nCzZs30x+io6MNDAx01za1E3SPDbWllXUH6x4b8C/19OlT1YGanJycnJxMCBk7diy9WzEq3mXP/PQBAAB4Y7GUSvW1JQEAoFnUSRUVtVJCiLkhz7iJU07VKJREKlfweWxCyPoz2X88FEb/p8GFbmol9RW1MkN9jqVRo1YJVihJaZVUrlBYGusZ8LSs6F6vUFbUyuQKpaWRnh5XPW/LvLyVqX4jt1xtPCUhT6qlHDaLORdZvVIiVzSyPyVyRUWtjMNmWRnrsZ/VNKlcWVot4bLZLU2fHSyWKSpqZZbGPH3uXz1WI6nn89hclVfK6pWl1VIjPY65oa5nlV5qBwK8CLFYXFZWRgixsbHhct/+R+4UCkVpaalIJDIwMLC2tlbLa764urq6iooKLpdrYWHxeh+3l0gkJSUlbDZbx5V92b3xJnuXzx1eGYVCUVxcTAixtbVlVkTPzs62sLCgmxCrKSsrq6urs7GxYf566AjWraysTCQS2djYaK7uSwipqakpLy+3srJ67i2uGVKptLi42NjYuDGPdyiVyqKiIhaLZWNjo7lEvO7aN4FEIiktLTU0NLS0tKQlYrG4oKCgbdu2mjt8a159HcFvjiaNDd3BTRob8NbAqHjH6f70AQAAeEmqqqroD3Fxcebm5gqFoqF/UNDHvIRCIfMQM7KnAABvtGsPhP+XWLTgww4drQwIISKZ4st9dztYGWx+1uRLAAAAAAAAAAAAAIB304tkT9"
10:43:47.593 [Forwarding screenshot on session 5e9977749cf8e028abefff19f425d7c0 to remote] DEBUG org.apache.http.wire - http-outgoing-15 << "/+aQQAAP9qXVoZFgoli47d/6CbFY/Duvrn0xqJ/BsPu9fdLgAAeFMoFIqff/5ZR4CHh4ebm9sra09CQoJAIGiolsvlzp8//5U1BgAAAAAAAACgqZA9BQB4o1mb6O3xdjqdUpr9RCSrV/TtZDamu3V7yybvVwQAAG8xuo9pQxQKxStrCSFEqVTqaM+bueomAAAAAAAAAAADK/cCAAAAAAAAAAAAAAAAwNvjRVbuZb+iNgIAAAAAAAAAAAAAAAAAvNmQPQUAAAAAAAAAAAAAAAAAIATZUwAAAAAAAAAAAAAAAAAACtlTAAAAAAAAAAAAAAAAAABCkD0FAAAAAAAAAAAAAAAAAKCQPQUAAAAAAAAAAAAAAAAAIATZUwAAAAAAAAAAAAAAAAAACtlTAAAAAAAAAAAAAAAAAABCkD0FAAAAAAAAAAAAAAAAAKCQPQUAAAAAAAAAAAAAAAAAIATZUwAAAAAAAAAAAAAAAAAACtlTAAAAAAAAAAAAAAAAAABCCOG+7gYAAPzLZGdnv+4mAAAAAAAAAADAO6dTp06vuwkAAO8EZE8BAJoG/58KAAAAAAAAAAAAAPC2wsq9AAAAAAAAAAAAAAAAAACEIHsKAAAAAAAAAAAAAAAAAEAhewoAAAAAAAAAAAAAAAAAQAiypwAAAAAAAAAAAAAAAAAAFLKnAAAAAAAAAAAAAAAAAACEIHsKAAAAAAAAAAAAAAAAAEAhewoAAAAAAAAAAAAAAAAAQAiypwAAAAAAAAAAAAAAAAAAFLKnAAAAAAAAAAAAAAAAAACEIHsKAAAAAAAAAAAAAAAAAEAhewoAAAAAAAAAAAAAAAAAQAiypwAAAAAAAAAAAP/P3n2HRXXlfQD/TafMAMPQpAsiFkQsiBURQbEkS2zRJMbd6CaaZGPiatTNxhjDq27WaGJWV3wTNcW1vBaKGjRgWRsiKiCCiKEoAgNDn4Hp9/3jmnEcithCYr6fZ5994Nxzz/3dO6BmvnPOAQAAAABgIT0FAAAAAAAAAAAAAAAAACBCegoAAAAAAAAAAAAAAAAAwEJ6CgAAAAAAAAAAAAAAAABAhPQUAAAAAAAAAAAAAAAAAIDF7+oCAADgyWOIfsip5nA40X1lfC7H/NDNquYblaqYfs73NwPA7wjDMMnJyUajceLEiUKhsM0+t27dysjIqKysFAgEbm5uI0eOlMlk7KGysrLMzMz2Brezs4uMjFSr1SkpKb6+viEhIVlZWSUlJWPHjpVIJK37Z2RklJeXx8TEiESixMTE9oYdOHCgt7f3Q95opzAMY3FdgUDQrVu3fv36CQQCU+Pp06dramrMuwmFQg8Pj6CgIB6P13rMq1evZmdn19XViUQiHx+fYcOG2dvbm/fJz88vKCiQyWSjRo1qXdX58+flcnlgYGDv3r3N20tLSy9evFhZWcnhcNzc3MLCwjw9PR/hrjUazcWLF69fv97c3Ozo6NizZ8/Q0FAOx/IvBrVanZmZWVBQoFQqJRJJ7969Bw0aZPEzY/5k+Hy+RCIJCAhwd3e3GKr1AzTx9vYeOHDgI9wFAAAAAPz6Xbt2LT09XaVSeXt7R0dH29radnVFAAAAD4b0FADgGWQ0Mp8dKyGiGpX2laH3vYWd/lP99rN3ovo4CfmITwF+py5cuLBq1SoiEolEEyZMsDiqUqlWr1599OhRPp/v6emp0WjkcjmHw5kxY8a7777L4/Hy8/NXr15t6m80GomIy727oom/v39kZKRSqYyLi5syZUpISEh9fX1cXJxKpXr55ZctrqXT6f72t7+5urrGxsbq9fq4uDjzocytWLHiKaWnBoMhLi6Ox+OZslK1Wk1Ejo6Of//738PDw9nGHTt2ZGdnW1lZmU5ku7m5ua1atco8/Lt58+aKFStu3Lhha2vr5ubW0tJSXl5uZWX1xz/+ce7cuaaE8sSJE9u2bROJREePHhWLxeYlqdXq5cuXK5XK1157zZSeNjU1xcXFpaWlsa8LEZWVlen1+vHjxy9fvtxihI6dOnVqzZo1CoXC0dFRKpXK5XKlUunp6bl27dpevXqZuqWmpv7zn/+sqamRyWRSqbS2tra2ttbFxWXp0qWjR482dTN/MgaDQafTEVFgYOCbb745YsQIi25tvriTJ09GegoAAADwTNq4ceO3337r7e3t5OS0d+/e+Pj4+Pj4p/QPewAAgCcI6SkAwDPLwYb//fnyiEBHT6nVg3sDwO/Gvn37evbsKRAIDhw4YJGeGgyGhQsXZmVlzZ07d/bs2Wwmp1Aovvzyy127dul0umXLlkVHR0dHR7P9FQpFTEzM9OnTly5d2t7lRo0a5eLikpCQ0Do9PXnyZH19/ZtvvmlqiY6OXrNmzRO71U6LjIw0XVen02VnZ69ater999/fv3+/h4cH2+7o6Hjs2DHTKVqtNiMjY+XKlYsWLUpMTGSnlpaVlc2bN4/H461duzYiIoLP5xNReXn5hg0btmzZolQq3333XdMI7OfuU1JSpk2bZl7MyZMnGYYxT2q1Wu2CBQsKCgrmz58/a9Ys9kSlUvn9999/9dVXd+7c+eqrr9hrPdDZs2cXL17s6+u7du3akJAQImIY5tSpU3FxcfPmzduzZw97v6mpqcuWLQsMDPzss8+CgoLYc7Ozs1evXr148eJ169aZB6jmT6ahoSEjI+Prr79euHDhkiVLXnzxxTa7AQAAAMAz7/Lly99+++3cuXMXLFhARHK5fM6cOatXr96yZUtXlwYAAPAA2PcUAODJa2jR786o+J/DP32RWnq6sM78kLxRu/3snVXJP336Q/Hei5XNWqPpUEZxw3fny40MHcquXn24aP2xkvwKFREVVbd8mVa6+nDR/ktyvZFhO5coWradKVModVm3mj7/sWTNkaK9FyvVOqP5tV4Y4Gpnxd/wY0nH1eaVK79MK12VdPPzH0t/zKv5+QqkMzDbzpTl3lHerlVvOn4r7tBPuzIqtHpGb2QSrlStPlz0ZVppYVWz+VBKjWFfZuXqw0WrDxftzqhoVOsf8QkCwFNTXV19+vTpcePGTZgw4cqVKyUl9/0RkZSUxEanCxYsME1ndHJy+vjjj0ePHn379m12wuVD4fF4L7zwQnFxcVZWlsWhhIQEGxubmJiYR76dp0EgEAwePHjRokV6vT4tLa29bkKhcOTIka+//rpSqbxw4QLbuG7duubm5o0bN0ZFRZniTHd3908//XTo0KHff/99YWGh+SDDhg1rvV5xUlLSsGHD9Pp7f4Tu2bPn+vXr77777rx580xrnYnF4vnz57/11lu5ubn79u3rzK3p9fo1a9bY2dlt2bKFjU6JiMPhREREfP7553Z2djk5OUSkVqvXrl3r6uoaHx9vik6JqH///vHx8TKZbM2aNVqtts1L2NvbR0dHf/PNN8HBwevXr7f4AQMAAACA34+EhASJRDJ37lz2W1dX11mzZmVmZpaVlXVtYQAAAA+E9BQA4Akrr9fM3Z578LJcyOPWqnQfJ9789Idi9lB+heqP23JOXq+V2QoEfM736eXzdlxVaQzs0Zyypm/O3tl84taJghqxiJf+U/17u/NPXK9dkVCoNzJKjX7ziVubj98yXWVnesW35+6sO1psMJLOwPzvf28v3JWvMzCmSvg8zttjfbJuNR3NVbRX7YHL8r/8J7+ousXFTtSo1n/6Q9HKxHvv7O9MrziSU/3BgRtqvbFFa/zqv2Ub00pWHy46d7POVsT77426v+zMUyh1bGd5o3bejtydFyrsrfl21vz9l+Rzt+dWNGie7OMFgMd08OBBhmEmTJgQExPD5/P3799vfjQ5OdnKyurVV19tfeJnn322adMm8wmRnRcbG8vj8RISEswbKyoqMjIyJk6caGNj8whjPm1eXl5EVF9f33E3R0dHImKjxNra2jNnzoSHh/ft29eiG4fDmT9/PhGZZ6V6vT4qKio/P//mzZumxsrKyosXL0ZFRZmnp0lJSVKp1Hwep8lLL70kkUg62DLWXGZmZmVl5fTp00272JoEBQUdOXKEnYt85syZ+vp60+Rjcw4ODrNmzVIoFOfOnevgQiKRaMmSJQaD4eDBg50pDAAAAACePTk5OcHBwUKh0N"
10:43:47.593 [Forwarding screenshot on session 5e9977749cf8e028abefff19f425d7c0 to remote] DEBUG org.apache.http.wire - http-outgoing-15 << "TC7teQnZ3ddUUBAAB0CtJTAIAn7Mu0UoaY+FeDlsR0//gPPeaGex69prh6R0lEyVlVPA5n8+w+b0V6vxftuyo2QN6oTfk52uRzOQyRzmD8bEavd6J8PvpDD52BWXe0+LMXe70X7bt6Ss9BPnY/5inYdJTP4xBRZknD1jlBfx3vu+I5//kR3jermk9crzFVwjAU3lM6zN9hy8nbDS1tTANliA5elgd5iDfM7DU/wmvFc/6vDHM/e7P+p+pm0yVOFNT8Y3rgX8f5/s+UgEE+dilXFfbW/E+nBy6M8ln5hx46A3M8/+4VN6aWNmsNW2b3fSvS++1I761z+mr0xs0nbj3Nhw0AD4dNs4YNG+bq6urg4BAREXH48GGN5u6nHBiGycvLCwoKMs1ufFKcnZ3Dw8NTU1OVSqWpMTExkWEYi0VrDQZDcyuPMOH18V29epWIfH19O+hjNBoPHTrE4XD69etHRHl5eUQUGhraZue+ffva2trm5uaanx4eHm5nZ2eeKx86dEgikZj2WyWilpaW4uLiAQMGtLk2r0gk6t+/f2FhYWeeElvhkCFDOu527do1Iho8eHCbR9nT2efTgd69e0ulUvMJxwzDtH5xm5ubGYbpYBwAAAAA+I2qqKhwdXU1b3FzcyOi8vLyLqoIAACgs7DvKQDAk9SsNWaWNEwKdnGwufsH7PMhLv08JN6OVkT0/oTuSyZ05/zcua+7mIhu1959v5vDISKaHOzCfuvvbENEA7ztXO3ufk7T38XmUmlji9ZoI7z72ZdxfZ1MX4/tLdt84lbuHeW4vk7mJb0T5fOnbVc3n7i1fKKfRbUcou/mBZu/ad3n55L8nW3YOgf52HezF5kXMDHY2bzCGpWOiFRaw4Wi+j8McDFVK7URRAQ6puQq9EaGz+UQAPwKnD59urq62rRHaWxsbGpqalpa2sSJE4lIpVLp9XonJ6cOx3hE06ZNO3HixA8//DB9+nQiMhqNSUlJwcHBPXr0MO92/Pjx48ePW5zr4+NjMUf2iWtubjatMatUKnNycrZu3eru7j5u3DhTn5aWlh07dpi+bWhoSE9PLywsnDt3ro+PD/08UbX1tE4Wh8ORyWR1dfct5y4UCidOnJiSkrJw4UKBQEBEhw4diomJMf+EfkNDA/08ybVNzs7O7NXZd6M6wFb4wJe44xthL2dxI22SyWTmk3fr6urMU2GTlJSUp/RTBwAAAABdRaPRGAwGi6VrrK2tiUilUnVRUQAAAJ2F9BQA4EmqatQYGXK1v/eut62QF+Rxd+VDhij9p/pzN+vljZoWndFgZIhIb7xvs1IniYD9wkrAJSJTGGlqMZrN0fGRWZu+drDhC/mcumadRUkuEuGfRnj8++TtcX2dBvnYWRxt0RlP5Ndcud1Yq9Rp9EalxkBE5sv/OokFFgW4SoT31WNkiKiiXsMQ5d5Rrj5cZOpfWtNiMDI1Sp35XQBAF9q3b59MJhs5ciT7bVhYWLdu3Q4cOMCmp2xiZ5qK+mQNGTLEy8srISGBTU/PnTtXVVX11ltvWXQLCQl55ZVXLBp/gaV9z549e/bsWdO3XC53+PDhS5cuNX+7R6PRmCaJ6nQ6uVweFBS0adOmsLAwtvGBD1Cr1bJvGJl7/vnnd+/eferUqaioqKysrLKysueff968A5uqtrfPqOmQSCR64G2yFXYwlHm39m6EbTfPd9ujVqvN71csFq9cubJ1Nzs7y7+bAAAAAOC3jl03xXj/Ox4Gg8F0CAAA4NcMf1cBADxJWgNDRIJ2plquSylOyVVEBDqG93S0FfH4PM7KxJsWfbgcTgffWhDxuRbfavXG1t2mDHJLzavZcKzk6z8Fkdl4ap3xLzvzyus1k/s7D/S2txZyb9eqd5y903EB3Lbujg1cRXyuWMQzNfZ1F7PzawHg16CsrCw9PZ3H40VFRZka1Wp1RUVFcXFx9+7dhUKhs7NzYWFhB4M8Mg6HM3Xq1M8//zw/P793794JCQn29vbmlbCcnZ0jIiKeRgEdGzZs2MKFC9mv+Xy+i4tL68jWwcHBlJ7q9fpXXnlFLpebb3Hq6elJREVFRdQWlUoll8tbT77s2bNnr169kpKSoqKikpKSAgICevXqZd5BKpXa2Ni0NywRFRcXi8Vie3v7B94mW2FhYaHFlN82uxUVFbU5mbW4uJiIvL29O75WY2PjnTt3xowZY2oRCoVd8uICAAAAwC+Px+PZ2to2NjaaN7Krqjg4OHRRUQAAAJ2FfU8BAJ4kdqZmfVubjFY1aVNyFRP7OX/4nP/k/s5jejkGe0oe83JKzb0LGRlSqg0ONoLW3bgcWjS+u7xR8925cp5Z9nm6sK5Y0bJonO+bY7wn9HOKCHT0lllOiuokqY2AiIK9JO9E+Vj8DxNPAX4l2MVv33vvvb+aWbx4MYfDMa2LO3To0LKyMvO9Kk0uX74cHx//OKtsPffcc0KhMCkpqb6+/syZM88991xnpkv+MsRicY+f+fr6PnC2K5/P/+CDDxQKxYYNG0yNPXv2lEqlx44d0+vb+Fvg+PHjDMOMGDGi9aHY2Njz589XVlampaVZTDwlIi6XGxYWlpubW1pa2vrcsrKyvLy8ESNGcLkP/of9kCFDOBxOcnJym0c3bNhw5coVIho6dCgRHTlypM1uqampRDR8+PCOr3XgwAGGYczTUwAAAAD4XfH397f4CCD7bcef5AMAAPg1QHoKAPAkSW0FUhvBxeIGU8sNefOMf2cdv17b0KwnIn+Xe+/Ip+bVEBHDtB6ms67eUZq+vl6hZIg8HKza7NnT1eaFga57LlZUNtxbibG+WdeqJMWjVeJmL3QSCy4U1Zs35pQ13ZA3P9qAAPBkabXa5OTkkJCQmTNnPmdm2rRpYWFhhw8fZpdjffnll/l8flxcXG1trfnpFRUVH330UVJSEqfDCfEdYyebHj9+/Mcff9Tr9VOmTHncu+pS/fr1mzp1amJiYnp6OtvC5/PnzJlTUVGxfv16i87l5eX/+te/XF1d2UWSLYwfP14gEGzcuFGj0UyYMKF1hzlz5nC53I8++sgivdZoNJ988gmPx3v11Vc7U7O7u3tUVFRGRsbu3bstDm3dunXnzp0FBQVEFBAQMHLkyJSUFDYoNXfmzJnDhw9HRkb6+vp2cKHz58/Hx8cHBASYbxwLAAAAAL8ro0aNKigoMP8IYEpKilgsHjhwYBdWBQAA0BlYuRcA4EniEM0IdYs/dXvziVtTB7nVqXRfpJZoDcYQL4mVgGcl4KbmKYb3cLAScH+8VnPuZp2jreB2rdrIUDtr/T7AxeKGH64qwntKVVrDphO3eFzO2D6y9jq/NtLz9I26IznVppYAF1siSvB31w0AACAASURBVLxS9edwT6XG8H16OY/DIaISRcsjFDMrzP3LtNLPfyydM8JdyONeKG7YcKx4RA/psol+jzAaADxZaWlp9fX1sbGxrQ/Fxsamp6enpqZOmjSpR48eS5YsWbt27axZs1566aW+ffsaDIarV6/u2rWLiL744ovH3IJ02rRpR44c2bp1a2hoaJtLv5aXl7c5M9LZ2ZmdEPmr8vbbb588eTIuLm7Pnj22trZE9NJLL+Xm5u7du7ewsHDKlCleXl5qtfrSpUu7d+/mcDjr168330jVRCKRREZGpqSkjBkzps11zIKCghYtWrRu3Tr2dWGX9i0sLNy9e/ft27eXL18eGBjYyZqXLl1aXFy8bt26zMzMmJgYJycnuVyenJycnp4+adKkGTNmsN0+/PDD+fPnL1++/PTp02PHjpXJZHV1dSdPnmTXFv7ggw/Mx9RqtUePHiUihmHq6+svXLhw+vRpHx+f9evX83j3lnPXaDRtvrgcDmfy5MmdrB8AAAAAfiumTZu2a9eupUuXLlmyxNnZ+YcffkhNTV24cKFQiBWqAADg1w7pKQDAEzYj1E2jN+69WLH/kpyI/Jyt10wNdLQVENGicb4bjpXMis8mokE+dn9/zv9QdvWOs3fGr794dFHoI1xrznCPlNzqdUeLicjOiv/BJD8Ph3aXwbQScN+J8vn7wXs7GoZ4S6YOcj1wSZ6cXSXgcSYFO38w2f9vB27szqjIK1dumNmrvaHaFD"
10:43:47.593 [Forwarding screenshot on session 5e9977749cf8e028abefff19f425d7c0 to remote] DEBUG org.apache.http.wire - http-outgoing-15 << "vARW8w7rxQkZxdRUQCHicmyHnBGK9HuC8AeOL27dsnFotb7zNKRKNHj3ZwcDhw4MCkSZOIaOrUqd27d9+6devmzZsNBgMRCYXCmJiYuXPnenh4PGYZwcHBAQEBhYWFU6dObbPDtWvXrl271ro9NDT0V5ieisXixYsXL1u2bOPGjcuXLyciLpe7evXq0NDQPXv2fPjhh6ZuY8aMeeONN9rcRpQVGxubkpLSetlek5kzZ/r7+3/11VcbNmxgXxc+nz948OAVK1b079+/8zU7ODhs27Zt27Zthw4dOnnyJNvo5+e3YsUK86vLZLLt27dv37798OHDhw8fZhvd3NzmzZs3e/Zsa+v7lnlXKpWmPNXa2rp79+7vvPPO9OnTLbqpVKqPP/64dUlcLhfpKQAAAMCzRyKRbN68eeXKlW+88QYRWVtbv/7667Nnz+7qugAAAB6MwzzOkpEAANAOnYGpbtIKeBxnyX2fqdQbmeomrcSKLxbdnY6j1hmJyErwcEupZxQ3LN9/43+mBAz1c6hr1jdrDa52Qv4jzWBV64y1Kp1MLBDx79ag1BisBNxHG83IUFWjVm80utqJBLxHX+ETALqcWq1WKBRE5ObmxufjI3cPrampqa6uTiQSOTk5mU/BfEzs68LhcJycnB5z49iampqmpiZ7e3upVPrAbnZ2do6Ojo9zOQAAAAD4fVIoFC0tLW5ubgKBoKtrAQCA35HGxkb2i9TUVAcHB6PR2N6OVAzDcLnc+vp608QDvBEGAPBUCHgc97amgfK5nG7297U/bG5qjv0AjNSGL7V59D/PrQRci1JNye4j4HLIzR6L8AA8C6ysrDw9Pbu6it8wiUQikUie+LBP8HWRyWQyWbvrvT9sNwAAAACANjk5OXV1CQAAAA8H6SkAAAAAwG+e0Whcv359Bx3Cw8OHDBnyi9UDAAAAAAAAAPAbhfQUAOA3yd6aP8DbzsEGi94AAMBd7H6o7TEajb9YJQAAAAAAAAAAv13Y9xQAAAAAAAAAAAAAAAAAnh2Ps+/po2+2BwAAAAAAAAAAAAAAAADwLEF6CgAAAAAAAAAAAAAAAABAhPQUAAAAAAAAAAAAAAAAAICF9BQAAAAAAAAAAAAAAAAAgAjpKQAAAAAAAAAAAAAAAAAAC+kpAAAAAAAAAAAAAAAAAAAR0lMAAAAAAAAAAAAAAAAAABbSUwAAAAAAAAAAAAAAAAAAIqSnAAAAAAAAAAAAAAAAAAAspKcAAAAAAAAAAAAAAAAAAERITwEAAAAAAAAAAAAAAAAAWEhPAQAAAAAAAAAAAAAAAACIiPhdXQAAwG9MUVFRV5cAAAAAAAAAAAC/O35+fl1dAgDA7wLSUwCAh4N/pwIAAAAAAAAAAAAAPKuwci8AAAAAAAAAAAAAAAAAABHSUwAAAAAAAAAAAAAAAAAAFtJTAAAAAAAAAAAAAAAAAAAipKcAAAAAAAAAAAAAAAAAACykpwAAAAAAAAAAAAAAAAAAREhPAQAAAAAAAAAAAAAAAABYSE8BAAAAAAAAAAAAAAAAAIiQngIAAAAAAAAAAAAAAAAAsJCeAgAAAAAAAAAAAAAAAAAQIT0FAAAAAAAAAAAAAAAAAGAhPQUAAAAAAAAAAAAAAAAAIEJ6CgAAAAAAAAAAAAAAAADAQnoKAAAAAAAAAAAAAAAAAECE9BQAAAAAAAAAAAAAAAAAgIX0FAAAAAAAAAAAAAAAAACACOkpAMBvl0Zv1OiNv/x1W3RGnYF5smMajEyLztjeoI9zRfOn9MhPrOPyHgpD1KIzPpmxfvY0XhEAAAAAAAAAAACA3yd+VxcAAACPaOGufB6Xs+nlPr/kRbV6ZvIXl6YPdpsf4fWkxlTrjO/8J9/RVrBmWs+UXIW7gyjYU5JR3NCsNUQEOhLR5C8u/SHE5Z0on0cYfNGe6wYjs2V2X4uvO1DXrD9/s66/t52Hg4itx8vR+vVvcsf0cnxzjPcj1GDuQlH9BwcK98wPcRILHnMoVovOOPmLSzOHdPtzuOcTGRB+DxiGSU5ONhqNEydOFAqFbfa5detWRkZGZWWlQCBwc3MbOXKkTCZjD5WVlWVmZrY3uJ2dXWRkpFqtTklJ8fX1DQkJycrKKikpGTt2rEQiad0/IyOjvLw8JiZGJBIlJia2N+zAgQO9vR/3F7BNDMNYXFcgEHTr1q1fv34Cwb3f09OnT9fU1Jh3EwqFHh4eQUFBPB6v9ZhXr17Nzs6uq6sTiUQ+Pj7Dhg2zt7c375Ofn19QUCCTyUaNGtW6qvPnz8vl8sDAwN69e5u3l5aWXrx4sbKyksPhuLm5hYWFeXo+yu++RqO5ePHi9evXm5ubHR0de/bsGRoayuFwLLqp1erMzMyCggKlUimRSHr37j1o0CCLnxnzJ8Pn8yUSSUBAgLu7u8VQrR+gibe398CBAx/hLgAAAADg1+/atWvp6ekqlcrb2zs6OtrW1rarKwIAAHgwpKcAAL9VLwx05bZ6p7tNCqVux9myxeO7P+2SHq2SL9NK65t1/5wRyCHadLw0uo9TsKckKauqvF7Dpqe/eJHaz46VrHi+h4eD6F9ppeP6Or0T5fPBZP8le68HeUjCe0ofZ/DMkkYfmfWTik6JSMDjzBvl2cdd3JnOl0obf6pqnhHq9qSuDr9RFy5cWLVqFRGJRKIJEyZYHFWpVKtXrz569Cifz/f09NRoNHK5nMPhzJgx49133+XxePn5+atXrzb1NxqNRMTl3l3RxN/fPzIyUqlUxsXFTZkyJSQkpL6+Pi4uTqVSvfzyyxbX0ul0f/vb31xdXWNjY/V6fVxcnPlQ5lasWPGU0lODwRAXF8fj8UxZqVqtJiJHR8e///3v4eHhbOOOHTuys7OtrKxMJ7Ld3NzcVq1aZR7+3bx5c8WKFTdu3LC1tXVzc2tpaSkvL7eysvrjH/84d+5cU0J54sSJbdu2iUSio0ePisX3/Qqr1erly5crlcrXXnvNlJ42NTXFxcWlpaWxrwsRlZWV6fX68ePHL1++3GKEjp06dWrNmjUKhcLR0VEqlcrlcqVS6enpuXbt2l69epm6paam/vOf/6ypqZHJZFKptLa2tra21sXFZenSpaNHjzZ1M38yBoNBp9MRUWBg4JtvvjlixAiLbm2+uJMnT0Z6CgAAAPBM2rhx47fffuvt7e3k5LR37974+Pj4+Pin9A97AACAJwjpKQDAL0GpMZQoWoI8HuLd7Qca39epkz1zbjeduF7LZpbNWuPNKlWwZxszwH4B5pWwCuXNKbmKv473tbfmE5G1gGct5BGRlYBrLeya5eWtBVzT/1v9XE+IlyS8p+Om46VD/RyE/E6F1qyKBo1Wz/jI7iYul0oaQrvbd3zKQ+FzObPCunWy86mCWoVSy6anZXVqIvKUWj3oJHgG7du3r2fPngKB4MCBAxbpqcFgWLhwYVZW1ty5c2fPns1mcgqF4ssvv9y1a5dOp1u2bFl0dHR0dDTbX6FQxMTETJ8+fenSpe1dbtSoUS4uLgkJCa3T05MnT9bX17/55pumlujo6DVr1jyxW+20yMhI03V1Ol12dvaqVavef//9/fv3e3h4sO2Ojo7Hjh0znaLVajMyMlauXLlo0aLExER2amlZWdm8efN4PN7atWsjIiL4fD4RlZeXb9iwYcuWLUql8t133zWNwH7uPiUlZdq0aebFnDx5kmEY86RWq9UuWLCgoKBg/vz5s2bNYk9UKpXff//9V199defOna+++oq91gOdPXt28eLFvr6+a9euDQkJISKGYU6dOhUXFzdv3rw9e/aw95uamrps2bLAwMDPPvssKCiIPTc7O3v16tWLFy9et26deYBq/mQaGhoyMjK+/vrrhQsXLlmy5MUXX2yzGwAAAAA88y5fvvztt9/OnTt3wYIFRCSXy+fMmbN69eotW7Z0dWkAAAAPgPQUAODpKqpuOXhFnpZXE9HLkU1PtXrm+PWaQrmqRWt0kggiAmV+ztam/qU16h+vKSobNU5iYWRvWU9XGyLSGZjvzt8J83PQ6IxHrykie8nC/OyTsqo4HM5z/Z2J6OBludiKP9zfITGrqkTRIhbxxvaR9XUXE9HRXMWRq9U6A7PtTJ"
10:43:47.593 [Forwarding screenshot on session 5e9977749cf8e028abefff19f425d7c0 to remote] DEBUG org.apache.http.wire - http-outgoing-15 << "mn1Gqwr/2i3dd9naz/MMA1uo/MStB2QplXrkzLr6lT6eysBX09xGN7y7jtJIZKjSHlavUNeTMR+TlbTwx2trO6+5dLUlaVjZDX10O860KFh9TKwZpvXsm4vk5E9M25O652wnE/J8HWQt7PsSXXWnBvMUwOh6qbtMnZVWV1Ggdr/oRg5wAXG9PRO/Wao7nVZXUaKwG3v5ckqreM1165Zuqa9SlXq4sUzcSQj8w6pp8zOyWUjUvvhbg/P6LZw9zn7sg9lFM1ZaAr23L+p/r8CuW0wW6mWzZhiC4WNxy8LL9Y3PD+hO5selrdpL1Vq17w8/K/dc36H68pyurUDENejlZj+8hktvfmpF4qbTxTWKfU6L2k1pP6O7OHbteqf8xT/GGA67mbddm3m/4c7uVoK/ju/J1gT7vBvnZqnfE/F8pDuztIbfiHc6oVSq2rnWhysIubvZCIdpy9k1HcIOBxtp0pG+xrX6vSfZL8U6iv/R8GuIT5OXTigcEzorq6+vTp0wsWLLCyslq3bl1JSYmvr6/paFJSEhudsm9wsJycnD7++GOlUnn79m21Wm2e6nUGj8d74YUX4uPjs7Ky2LjOJCEhwcbGJiYm5jFv6skSCASDBw9etGjR4sWL09LSXn311Ta7CYXCkSNHvv76659++umFCxfGjRtHROvWrWtubt6+fXvfvvcWCXd3d//000//8pe/fP/995MmTQoICDAdGjZsWGJiokV6mpSUNGzYsJMnT5pa9uzZc/369ffee888gRaLxfPnzxeJRJs2bdq3b9/MmTMfeGt6vX7NmjV2dnZbtmwxLcXM4XAiIiKcnJzef//9nJwcDw8PtVq9du1aV1fX+Ph481mt/fv3j4+Pnzlz5po1a4YNG9bmss/29vbR0dHh4eELFixYv359WFiY+Q8YAAAAAPx+JCQkSCSSuXPnst+6urrOmjXryy+/LCsre7TtJwAAAH4xXTOtBwDgmac3Mieu1y7clf/nb3JLFC2LY7ovGudLRFo9885/8uJP3lbrjLYi3uXSxte/yT1+vZY960xh3evf5F4orrcV8fLKlQu+u5aSqyAihqGd6RWpeTUrE2/eqmmpb9ER0ZGr1Sm51eyJKbmKhCvyv+69nnunSSziZZY0vPOf/JMFtURUq9LVKHUMw1Q2aOua9Y62gu/+HDzY1/6r/96e8e+sTcdvsXMQzR24LP/Lf/KLqltc7ESNav2nPxStTCxs8zbljdp5O3J3Xqiwt+bbWfP3X5LP3Z5b0aBhjx69pjh6TfFRws3cO8rqJq1FJUSk1BguFNWPDnTk/5zdTRnkGuJtR0QjA6Tjg+5Nrm1U69/bfb2yQWsr4p24XvuXnXnyRi17KKO4Ye72q2cK67vZi4ihDcdKFu8t0BmYjl+gEkXLa9uvJmZVSUR8qa3g6DXFn7blXK9UEZGdFf/lod262YuIaNpgN7YeIvJ1svZztk7Lv7dv38Xihp3pFU1qg/nITWrD/2VWzv7fnA8O3LAWcNfP7GXKhjNLGvlcDjvxt6xOPefrnMM51Xwuh8flJGbJ523PLa25+1rEn7r9/v8V3KlT2wp5x64p/vh1TlF1CxFVNGh2plfsy6z831Nl5fWaFq1Bb2R2pldcudVIRAaG2ZlekXRFvnhvgUKptRLwkrOqXv82l32JKxs0TWq9Vm+sbNCqNIaIQMeNL/W2FfE+Srw5+6vsPRcrG1v0HT80eDYcPHiQYZgJEybExMTw+fz9+/ebH01OTraysmozL/zss882bdr0sNEpKzY2lsfjJSQkmDdWVFRkZGRMnDjRxsamvRO7kJeXFxHV19d33M3R0ZGItFotEdXW1p45cyY8PNw8OmVxOJz58+cTkfkeq3q9PioqKj8//+bNm6bGysrKixcvRkVF6fX3fiWTkpKkUqn5PE6Tl156SSKRdLBlrLnMzMzKysrp06ebolOToKCgI0eOsHORz5w5U19fb5p8bM7BwWHWrFkKheLcuXMdXEgkEi1ZssRgMBw8eLAzhQEAAADAsycnJyc4ONj8I3fsfg3Z2dldVxQAAECnYO4pAMATplDqDudUHcqublLrx/SSvRXpw84fZeWUNRVWNa+d1jPU9+7yrV+klubcbozs5agzMOuOFgd7Sf4xLZANE5fvv/GvtNIxvRyFfC4RpeYpPontGeLdxqK7fB7neoXqL2N9Yge4EJFaZ5zzdc7//vd2RKDjrLBut2rVdTd0f5vkx3buZi+aH+H1xxEeP+bVJFyRH7gsH+RjFzvAdai/A5dDDNHBy/IgD/GGmXd3v/vmnNW358p/qm72d7ZMODamljZrDf87J8jVTkhELw/tNufrq5tP3PokNoCIhDxufrlyRmi3V4e7s/0tKrlyq9HI0EAfO9OAfwhxYb8Y6udgfqFTBXX/erkP+ySj+8je2339+PWaWUO6afTGf/xQ5O9ss/Gl3ux80zG9HZftu5GUVTV1kGsHL9PGtFKGYf49u6/Uhk9Ec4Z7zPn66pdppZte7iPgcV4befdjsOzzNBnkY7//UqVSYxCLeEQ0ub/LQB8704TRm1XNiVeq0vJrrATcScHOz4e4OEvum5iVWdLQ10PMzvdNyVWodcZ/z+5rI+QSkVrn9feDhVfLmnxkVtcrVXsvVs4Z7sE+N5XWMOernM0nbq2bESjkcYno3M36ba/1Y2fKtuiMpvEFXC4RnSyo/ffsvj1cbNjn+ca31/5zoeL9mO7LJvrlbM32dbI2Pf++7uK+7mKFUpecVbX3YsX2M2WRvWWxA1zNf2LhGcOmWcOGDXN1dSWiiIiIw4cPv/322yKRiIgYhsnLywsJCWEXhn2CnJ2dw8PDU1NTFy9ebArkEhMTGYaxmHZpMBiam5stTudyuY+W2j6Oq1evElHH8yaNRuOhQ4c4HE6/fv2IKC8vj4hCQ0Pb7Ny3b19bW9vc3Fzz08PDw+3s7BISEhYvXsw2Hjp0SCKRmPZbJaKWlpbi4uLIyMg21+YViUT9+/c/c+ZMZ6YFsxUOGTKk427Xrl0josGDB7d5lD396tWrERERHQzSu3dvqVSalZVlamEYpvWLS0TW1taczm3jDQAAAAC/IRUVFRb/8nRzcyOi8vLyLqoIAACgs5CeAgA8SXXNulnxWY62gtgBrpOCnR1sLP+Y1RmMRHS9QmVKTxdG+bBfXLnV2KQ2TAp2Nq2h+m60b51Kx6G7byr7Otm0GZ2yBDzOxH7O7NdWAu7wHtKkrKoalc58MVhzVgLuc/2dn+vvfOVW48HL8o8SC2P6Of91nC+H6Lt5weYzN/u4i4nodq3aIj1VaQ0Xiur/MMCFjU6JSGojiAh0TMlV6I0MO51UZ2CmDXZrr+bi6hYi8msVyrY2yMfOFOkFutkSkaJJS0RXbjXWN+sXRvmaluoN9bX3lFqdvVnXQXraqNZn326aGOws/fkFshXxRgdKE65UNbTo2R1Y2+TnbG1kqLSmhV0V2c/Z2rTq8n9v1H2cdDPA1WZhtE9kL5mAZ5kEGBm6fKtx+s9PQ29gDEbGtAetlYC7bkbg3aEKaonouZ+DZFsh79PpvRhiiIg4RESjekrZ6LRNQR6SHj8va9zDxcZHZnXtjrK9zkTkJBb8aaTHK8PcTxbUHrwsX/Ddtb9N8hvb23JeGjwbTp8+XV1dbdqjNDY2NjU1NS0tbeLEiUSkUqn0er2TU2f3VH4o06ZNO3HixA8//DB9+nQiMhqNSUlJwcHBPXr0MO92/Pjx48ePW5zr4+NjMUf2iWtubi4pKWG/ViqVOTk5W7dudXd3Z9fjZbW0tOzYscP0bUNDQ3p6emFh4dy5c318fOjniaqtp3WyOByOTCarq6szbxQKhRMnTkxJSVm4cKFAICCiQ4cOxcTEmH9Cv6GhgX6e5NomZ2dn9ursu1EdYCt84Evc8Y2wl7O4kTbJZDLzybt1dXXmqbBJSkrKU/qpAwAAAICuotFoDAaDxcf7rK2tiUilUnVRUQAAAJ2F9BQA4EkyGMnIUDd7kY/Myq6tEC60u/2Q7vY7zt5Jya0O9bUf5Gsf1t1ByOcQUXm9hohc7USmzq52QlMwSURe0o4mFbnZi9hxTOcSUV376amJh9TKW2"
10:43:47.593 [Forwarding screenshot on session 5e9977749cf8e028abefff19f425d7c0 to remote] DEBUG org.apache.http.wire - http-outgoing-15 << "addbtJq787i7FFZzyRX3PldmOtUqfRG5UaAxG1Xgu3ol7DEOXeUa4+XGRqLK1pMRiZGqWOLUAmFrBzK9vU0KIjog7SSrPbufdYRHwuEemNDBHdqdMQ0ZGc6jOF997Hb9EaKhuMrca4h33UFs/T3cGKiCoaNB3UY28tIKKG5jZWuNXqjRwiH5m1j6N16+iUiArlqsYW/aCfJ9pOHeR6prDuvd3XA91sB3rbDfGz7+cpYU+raNAIeBypWfRuvjMuEXk5dvSTwO6xauJqJ+o4PWUJeBxvRytvR6tCuUqj7+jpwW/avn37ZDLZyJEj2W/DwsK6det24MABNj1lEzuNRvM0Lj1kyBAvL6+EhAQ2PT137lxVVdVbb71l0S0kJOSVV16xaPwFlvY9e/bs2bNnTd9yudzhw4cvXbrU/O0ejUZjWnxYp9PJ5fKgoKBNmzaFhYWxjQ98gFqtln3DyNzzzz+/e/fuU6dORUVFZWVllZWVPf/88+Yd2FSVXRy4vWGJiJ1A3DG2wg6GMu/W3o2w7W1uempBrVab369YLF65cmXrbnZ2dq0bAQAAAOA3jV03xWi8778uDQaD6RAAAMCvGf6uAgB4kpzEgg0zeyVeqVqV/JPMVvD8AJdJ/ZzNY1Q+l7N6as+MooZTN2rP3axPzq6W2gj+/px/iJeEDS/5bQVvLHbF1/awmaLFt9oOY7CcsqYDl+Rnb9a52AlfCuvGTl1V64x/2ZlXXq+Z3N95oLe9tZB7u1a94+yd1qezeaqIz2WXsWWxi8Ga1cxrfaJJi87I53JMm552oL0uWoORiGxEPPMaRgZIBfyOnpXewBAR7/5B2W8Nxo42TLUWcomoRWdofSiilyOXy0m8In9rZ14vN9vYga4RgY7mMWpmSaPEihfgendBVGeJcNuf+qXmK87/VJ9wRb4ro6Knq82q2ABniVCrZ9rMX006fqrC++9dyOeyT6k9eiNzqqD24GV5foWqj7t46QS/0YHtTnGD37SysrL09HQejxcVFWVqVKvVFRUVxcXF3bt3FwqFzs7OhYVt73P8mDgcztSpUz///PP8/PzevXsnJCTY29ubV8JydnbueD3Yp2TYsGELFy5kv+bz+S4uLq0jWwcHB1N6qtfrX3nlFblcbr7FqaenJxEVFRVRW1QqlVwubz35smfPnr169UpKSoqKikpKSgoICOjVq5d5B6lUamNj096wRFRcXCwWi+3t7R94m2yFhYWFFlN+2+xWVFTU5mTW4uJiIvL29u74Wo2NjXfu3BkzZoypRSgUdsmLCwAAAAC/PB6PZ2tr29jYaN7Irqri4ODQzkkAAAC/FkhPAQCesGBPSbCnpFalO5RdnXBZ/s3ZO2N7y14Y6GpaTJVDFOZnH+ZnT0S5d5Rrjvz0P4d++r8FIU4SIbUzr7EzlJr7TmxSG4jIwaaNiacavTEtr+bgFXlRdUuor/2q2IAwPwdTkni6sK5Y0bJ8ol9Un7trNp660fbyjFIbAREFe0nmjfJ8tJolVny9kVHrjB0Hwx1wtBEQ0cR+zoN9H2LqEruicmPLfU+sMxNh2VMkVm304XM5kb0cI3s5FlW3JFyRf/5jSfzJW5P7uzwX4sJO/80saRjobWee2Ar5nIn9nCf2c9YZmJMFtZ8dLY4/dfvvk/2dJIJmrVFneECG2h52rrBJk7rdtYjZn9KkrCqVVj+2t2xhtG+AC3Y8fZaxi9++99575tuaajSaf/zjH/v372f33Rw6dGhycnJWVlZISIjF6ZcvX7548eIrr7zyyLuiPvfcc5s3b05KSurWrduZM2dmzpzZmemSvwyxWNxxoGiBz+d/8MEHr7322oYNGz788EO2sWfPnlKp9NixYwsWLGj9gfrjx48zDDNixIjWo8XGxv7jH/+orKxMS0ubP3++xVEulxsWFnbixInS0lJ2iWBzZWVleXl548eP53If/AfpkCFDOBxOcnLyhAkTWh/dsGFDRETEgAEDhg4d+sUXXxw5wn/4AgAAIABJREFUcmT48OGtu6WmphJRm4fMHThwgGEY8/QUAAAAAH5X/P39LT4CyH77UP/wBgAA6BKP+G41AAB0zNFW8Opw9/+83n/5JP+KBs0b317beuo2EeVXqE5crzV1C/IQR/dxqlXpVBoDu6toRvG9LeIOXJbPis+uaOjUKpqVDdrqpnuLMV4rbxLyOc6SuysrMj/PqGxo0b+4JSv+1O2BPvbfzQteO63nMH8H80ivvllHRP5mKVpqnqLNK7rZC53EggtF9eaNOWVNN+TNHdTJmM3tZBenrWvWdeL+2tbXQ0xEFjWcKayTN3a0LqW7g5XUhn/l1n2fgc261WRvzWfX721PfbOeiKQdLobs52y9aJzv3vkhs8LcT1yvnRWffe5mvVpnzCtXDva9NzPsTGFdTlkT+7WAx4nuI+vdTXyrRk1E7E/CxeIGU+dPkn96a2deBxc1d+2O0vSMdQbmRqXK02yNYtPzv1jSMCs++8c8xYtD3PbOH7B4fHdEp882rVabnJwcEhIyc+bM58xMmzYtLCzs8OHD7HKsL7/8Mp/Pj4uLq62tNT+9oqLio48+SkpK4nAeJdRnsZNNjx8//uOPP+r1+ilTpjzuXXWpfv36TZ06NTExMT09nW3h8/lz5sypqKhYv369Refy8vJ//etfrq6u7CLJFsaPHy8QCDZu3KjRaNrMNefMmcPlcj/66COLPaI0Gs0nn3zC4/FeffXVztTs7u4eFRWVkZGxe/dui0Nbt27duXNnQUEBEQUEBIwcOTIlJYUNSs2dOXPm8OHDkZGRvr6+HVzo/Pnz8fHxAQEB5hvHAgAAAMDvyqhRowoKCkpLS00tKSkpYrF44MCBXVgVAABAZ2DuKQDAU8Tjckb3lI7uKS2taSmtURNRQaVq0/HShhb9qJ5SawHvVk3Lieu13Z2sbUU8WxEvzM8+4UqVv4vNIB/7Qrnq23N3vB2tu9l3am6WnTV/7ZGihdG+bnai1HzFpZLGcUFO7ORFiRVPozdeLm10sxdJrPivj/Ya21smamdt2wAXWyJKvFL153BPpcbwfXo5j8MhohJFS+vOs8Lcv0wr/fzH0jkj3IU87oXihg3Hikf0kC6b6Nfm4OaVuDuI+riLiejaHWUn77E1T6lVeE9pUlaVt8xqbG8ntc6QnF317bnyxeO7T+jn1N5ZXA69OKTblpO3/3OhYnKws5GhH3Krc8qaXh/t1fEqwtfKlVYCbnenu9v47bpQcfx6zf9M6ekisdz/z1bEmzrIdcog18uljdYC7pVbjXojM8gsPU3Nq8m9o1wc49vHXczlcC6XNhZUqtiax/aRfXe+/IvUErGVv5u96L8FtScLameFdevkM1Fq9P9KK31pqLuVgLv11O0WnXF80N1HIRbxSxQtpTVqGyHXzor/yQsBod3tHz0Kg9+UtLS0+vr62NjY1odiY2PT09NTU1MnTZrUo0ePJUuWrF27dtasWS+99FLfvn0NBsPVq1d37dpFRF988cVjbkE6bdq0I0eObN26NTQ0tM2lX8vLy5OTk1u3Ozs7Dx069HEu/TS8/fbbJ0+ejIuL27NnDzsl96WXXsrNzd27d29hYeGUKVO8vLzUavWlS5d2797N4XDWr19vvpGqiUQiiYyMTElJGTNmTJvrmAUFBS1atGjdunXs68Iu7VtYWLh79+7bt28vX748MDCwkzUvXbq0uLh43bp1mZmZMTExTk5Ocrk8OTk5PT190qRJM2bMYLt9+OGH8+fPX758+enTp8eOHSuTyerq6k6ePMmuLfzBBx+Yj6nVao8ePUpEDMPU19dfuHDh9OnTPj4+69ev5/HurTSu0WjafHE5HM7kyZM7WT8AAAAA/FZMmzZt165dS5cuXbJkibOz8w8//JCamrpw4UKh0PK/oAEAAH5tkJ4CAPwSfGTWPjJrIno+xKVWpd12puzLtLufvgzzs3878u5KjB9M9v/8x5J1KcXs5pvDezi8G93R5B5z7g6i8EDHN7+71qIzEtFQP4e3xtxNJqL7OKVcVSz5v4Ju9qLv/xzM7m/anhBvydRBrgcuyZOzqwQ8zqRg5w8m+//twI3dGRV55cp/TLvvDfrYAS"
10:43:47.593 [Forwarding screenshot on session 5e9977749cf8e028abefff19f425d7c0 to remote] DEBUG org.apache.http.wire - http-outgoing-15 << "56g3HnhYrk7CoiEvA4MUHOC8Z4tTe4RSV93MXWAm5mSYNpleBHsHSC36YTtzYdv/X5j6VE5GDDfyvSu4PolDVtsJtGb9x9oeLr02VEJBbx5o7ynBHaxg5/JgzR5dKGAd52po1aq5u0RdUtHWyVyiEa5GNHRP86fsvDQeRqd+8/Ef86vvuGY8UrEm6ypwv5nAlBzn8O9yIiWyFv3Yxe644Wv7f7OhEJeJwZoW5/GuHRuedB0X2clBr9zC1ZRoYEPM7MId3G9b37NGIHuKw/VvLa9qsT+jktHt+9kwPCs2Hfvn1isbj1PqNENHr0aAcHhwMHDkyaNImIpk6d2r17961bt27evNlgMBCRUCiMiYmZO3euh0dnfw7bExwcHBAQUFhYOHXq1DY7XLt27dq1a63bQ0NDf4XpqVgsXrx48bJlyzZu3Lh8+XIi4nK5q1evDg0N3bNnj2lFX7FYPGbMmDfeeKPNbURZsbGxKSkpzz//fHsdZs6c6e/v/9VXX23YsIF9Xfh8/uDBg1esWNG/f//O1+zg4LBt27Zt27YdOnTo5MmTbKOfn9+KFSvMry6TybZv3759+/bDhw8fPnyYbXRzc5s3b97s2bOtra3Nx1QqlaY81draunv37u+888706dMtuqlUqo8//rh1SVwuF+kpAAAAwLNHIpFs3rx55cqVb7zxBhFZW1u//vrrs2fP7uq6AAAAHozDMO2+5wsAAE+JwcjUqnR6IyOzFQr5lnP/WnTGGqXWzopv1+EenObe2plnNDL/nt1XZ2CqmrS2Qh67taeJzsDUqnRSG0Hry7VJrTPWqnQyscA0RVWpMVgJuPy25mYaGapq1OqNRlc70QO36rSoJP7U7aSsqp1/7m9R8MPS6pmqJg2fy3WxE3Y8f9ScwchUNWmJyNVO9MCzzt6sX5FQ+I9pgeZ7rE7bfGXH3GCxiNfBiUTEriRsnp6yNHpjrUrH43KcxG2UXd+sV2r0TmJhJ/eF1eqZCZ9nzgh1e2O0l0prqFPpZGKh9f3nqjQGldbQ5uUALKjVaoVCQURubm6td/GEB2pqaqqrqxOJRE5OTuZTMB8T+7pwOBwnJ6fH3Di2pqamqanJ3t5eKpU+sJudnZ2jo+PjXA4AAAAAfp8UCkVLS4ubm5tA0NE+OAAAAE9WY+PdjdtSU1MdHByMRmN7O1IxDMPlcuvr600TD/BGGABAF+Bx7+1I2pq1gGu+UWUnsZ+FEfA4Hg5tvJku4HFaR3cdsBJw3e8fp4OAkMshN/vODm5RyYuh3ZKyqvZerHh9dLszVjtDyOc8wkPjcTmdXDSYIfru/J0gD7F5dJpfobK3ETwwOqW2clOWiM/toAAHG/4jhMrsx6JshTxbYRuFsWtEP+yY8PtkZWXl6enZ1VX8hkkkEolE8sSHfYKvi0wmk8kePPW/k90AAAAAANrk5PSA1aEAAAB+bZCeAgBAV3Kw4b81xvvz1NKRAVJ2G9Rfp90ZFXfq1P+e3de80UbI++j5Hl1VEgCAOaPRuH79+g46hIeHDxky5BerBwAAAAAAAADgNwrpKQDAs6CXm237m2/+2k0Mdq5s1BzKqe7VTfzrXE62RqXLvtW0bKK/xfRWH9lDz3Z9qrhcGuBt9whzcAHg2cDuh9oeo9H4i1UCAAAAAAAAAPDbhX1PAQAAAAAAAAAAAAAAAODZ8Tj7nnJ/oRoBAAAAAAAAAAAAAAAAAH7dkJ4CAAAAAAAAAAAAAAAAABAhPQUAAAAAAAAAAAAAAAAAYCE9BQAAAAAAAAAAAAAAAAAgQnoKAAAAAAAAAAAAAAAAAMBCegoAAAAAAAAAAAAAAAAAQIT0FAAAAAAAAAAAAAAAAACAhfQUAAAAAAAAAAAAAAAAAIAI6SkAAAAAAAAAAAAAAAAAAAvpKQAAAAAAAAAAAAAAAAAAEdJTAAAAAAAAAAAAAAAAAAAW0lMAAAAAAAAAAAAAAAAAACIiflcXAADwG1NUVNTVJQAAAAAAAAAAwO+On59fV5cAAPC7gPQUAODh4N+pAAAAAAAAAAAAAADPKqzcCwAAAAAAAAAAAAAAAABAhPQUAAAAAAAAAAAAAAAAAICF9BQAAAAAAAAAAAAAAAAAgAjpKQAAAAAAAAAAAAAAAAAAC+kpAAAAAAAAAAAAAAAAAAAR0lMAAAAAAAAAAAAAAAAAABbSUwAAAAAAAAAAAAAAAAAAIqSnAAAAAAAAAAAAAAAAAAAspKcAAAAAAAAAAAAAAAAAAERITwEAAAAAAAAAAAAAAAAAWEhPAQAAAAAAAAAAAAAAAACIkJ4CAAAAAAAAAAAAAAAAALCQngIAAAAAAAAAAAAAAAAAECE9BQAAAAAAAAAAAAAAAABgIT0FAAAAAAAAAAAAAAAAACBCegoA8AvQ6I0avbGrq3gsLTqjzsB0vv8vectGhlp0RuNDVPdr98vcy7P33AAAAJ4Ner2+paXlaXSGLqHVajUazdPoDAAAAAAATwm/qwsAAHj2Ldpz3WBktszua9GuMzCpeTVSW/5QPwfz9rxyZWZJo9Zg7GYvGtFD6mBz35/VSo3hVEFteb3Gzpo/KkDq7iAyP3qrVp3+U319s87FTjQ60FF6/7lldeqM4gZFk9beRjCku313J2uLkq6VKy+VNOqNRn8X2xE9HPhcDhFp9czkLy5NH+w2P8LrMW/ZQlmdOud2U7CXxFNqZWpUKHUZRfUWPR1sBMN7OFBbMksalu+/EfdCwDD/tjuYy69QFVc3h/k7yGwFbMv5n+rrVDqLbqHd7Z0lQotGeaP2UklDgKttgKuNqdHI0LmbdQWVKgGP6+VoNTJAKuBxHlhGew5clm87XdaiM/5zeuBAHzvzQ2cK6xpb9BODnc0bDUbm3E/1NypVQj63v5ck2FPS+Wu1+dyMDJ2+UWtkaEwvR/POHT+lG/Lmm3KVxVE/F5tebramYR/nKV251ZhT1qTWGV3tRCMDpE5igfnRjh9Cxz/zLTpjWl5Neb1aYs0PdLU1f+YP/MHQGZizN+tuVjXzuJxgT8mg+1+vXzmGYZKTk41G48SJE4VCyx911q1btzIyMiorKwUCgZub28iRI2UyGXuorKwsMzOzvcHt7OwiIyPVanVKSoqvr29ISEhWVlZJScnYsWMlkjZ+RDMyMsrLy2NiYkQiUWJiYnvDDhw40Nvb+yFv9CEYjcaMjIybN2/W1NQIhUIvL6/hw4c7Ot77RWDvIiYmxsrKiohOnz5dU1MzdOhQNzc383FqampOnz49bNgwV1dX8/bc3NysrKza2loul+vm5jZkyBCL28nPzy8oKIiKihKLxa3LY4+2WbmNjc24ceMeeIPsK+Lv79+vXz+LQ1evXv3pp59Mt9aZp8HefpsX8vb2HjhwYMfFsA+zvaN+fn7BwcGtb5nP5zs5OfXr18/W1rbNE8+ePVtdXT1kyBB3d3fz9urq6rNnzzo4OERERLQ+Ra/Xjx492tTS8b0zDNPeT6lUKmXH6czDad1HKBR6eHgEBQXxeLzWJ3bwO8venfk4jo6OPXr8P3v3HRbF1TUA/Gyl9+LSVYqogNgQFWvUYEnUWKJRo9EU26cmGsWIxoK9RpGoEAuaWIKo2I2CXUQDFhCQ3pe+wC7bd74/rq7rLgxEjRrf83ve533YmTvl3rmza+bMudfN2tpaq4yvr2/Lli0b3Pk7vPU+VPX19RcuXCgsLDQ1NW3Xrp2fn59WgYcPH969e1ehUHh4ePTt25fNfukfbKGhodevX4+OjiYfCwsL4+LiBAKBvb39wIEDTU1NaQo/fvw4Pj5eKpU6ODj07dvXwsJCs3BKSkp8fLxIJHJ2dh44cKDu3SQUCmNjYx0dHWlu5OTk5MzMzICAAM1upkulUsXGxqpUqia/o1Qq1c2bN5OTkymK8vLy6tWrF5PJbObat6O4uDg2NraqqsrW1rZr166urq6aaxUKxfXr11NTU/X09Dp37tyxY0etzadNm+bp6blkyRLykf7qaxZWqVTXrl178uQJh8Np2bJlv379OJwX/wpqTsskJibm5+cPGjTI0NBQa1VdXd3ly5cLCwvNzMz69+/v6OhI3wjN6RsEn8+Pi4srKyuztrbu37+/nZ2d5t"
10:43:47.593 [Forwarding screenshot on session 5e9977749cf8e028abefff19f425d7c0 to remote] DEBUG org.apache.http.wire - http-outgoing-15 << "r6+vrLly/n5eUZGBj4+/t7eXnR7w39V9DfJvS9An3wmvz1QQghhN5DGD1FCKF35sCtosMJJT6OJuroKQWw6ULOheSKFqZcCyNOdLn417j8xUNdez4PHGaW1QdFPZUpVK62hvlV4t9uFP78qZt67ZGEkvDrhRaGbCdLg9MPy/bdLFw3uk1bu2f/ZXIovvjArSILQw7PTK+gWrLnWsHkHg5f9njxiHnbX3mnH5a1sjbQYzN/jy/xcTRZP7oNl/3qsUAaFMCppLI91wqkCtXCwFaa0dN0vmjzpVwum8FkvDi0J8+osehp81WK5IuPp9dJlJs/91RHT/fdLMqpqOeyX3rYtNLMXSt6qqJg9ZmslGLhlz3s1dHTWoli4Z/pGaX1rawNWExGVll9CzPuxjGeWiHtZqqXqXZdLfDkGU3t5dja5qUg373cmp9PZQKAZvRUJFUujEp/yhe1tTOuESv23yoa25X3XZ/mRrh1ldRIN5zPeVRY18KUqxU9pW+ly08qjv9dqs95ae2YLjwSPX2dVlJRsOxkxt1sQScXU2M99tW0qt3X8pcMdQ1wt2hOI9D3+bQSUfCJDKFU4WpjWCNWRNQUdnYxXf2ZB4ns0le5vE624Fh6sUDiamuoUFKH7hR/1NYqaEhr5r9yu7x5d+/eXblyJQDo6ekNHjxYa61IJFqzZs3FixfZbLajo6NUKi0tLWUwGGPHjp03bx6LxUpNTV2zZo26vEqlAgD1E1tXV9f+/fsLhcKQkJDPPvvM19dXIBCEhISIRKIJEyZoHUsul//0008tWrQYMWKEQqEICQnR3JWmZcuW/XshnLS0tAULFpSWlrZp08bc3FwgEDx9+pTNZq9evbpfv36kzLlz56KjowMCAkiIcf/+/Q8fPvTz8wsLC9PcVUFBQUhIyPbt29XR09zc3KVLl6amphoZGfF4PJFIVFpaSlHUyJEjFy1apH5oHhcXt3fvXl9f3wajp2Rtgy1jb2/fnOhpTU1NSEjIuHHjdKOnFy9ePHLkSPfu3UnVmtMapPoNns+wYcOafLB+4cIFdaSHoiiKohgMBuP5d/7YsWN9fHxIldUBXQCQy+VKpVJfX3/OnDljx47V2qdQKFy0aJFEIhkxYkRwcLDmquzsbNK1IiIifH19NVcdOnRILBaro6dN1l2pVDbWS729vcl+mtM4pIxm7SQSCQDweLyVK1fqNiDNPUtqx+FwSNhVoVAoFAoGgzFq1KiFCxeS0yBlgoKCGoye0lQK/uVb70OVnJw8f/78uro6d3f3mpqa0NBQf3//LVu2qCPf69ati4qKcnNz09PT27t3b8eOHUNDQ/X0XvwsxsfHd+vWjfx95syZkJAQKysre3v7I0eOhIeHh4eHOzk56RamKGrVqlUxMTE8Hs/a2vrIkSNbt25duXKl+r2B7du3R0ZGOjs7W1tbHzt2bPfu3bt379a8vvfv31++fDmfz6e5kSsqKubMmVNbW7tr1y6a6GlRUdHy5cuTkpJ4PB79d5REIpkzZ05SUlLbtm2ZTOb+/fs7duy4fft2coPQr307oqOjN27caGBg4OLiUlBQsHnz5q+++mrmzJlkrVAonD17dmpqavv27QUCwa5duyZNmjR37lz15gKBIC0tbfLkyeQj/dXXLFxTUzNr1qy0tDQ3NzcWixUeHm5nZxcWFkbCnE22jFgs3rp1K/my9fPz04qepqenz5kzRyqVenh45OTkhIWFrVu3TvcVE7Xm9A3i6tWrQUFBJiYmrq6uOTk5O3bs0Nxzfn7+d999V1tb265du+rqat3mQv9R9LcJfa9AH7wmf30QQgih9xNGTxFC6N14Uiw8eq9EKzf0/OPyC8kVX/V0mNDdngFQJZLP/v3Jtr9yu7v6MhmgUFErYjKtjDkbx7Yx1WfLFNSCY2nbL+f6t+7AYjLS+KLw64UB7hbBw1w5LEaFUP7DkdTVZ7IOTPNmMRkpxcJ9N4tGdLSd1d+FyQCJXLXsZMaB20WD2lvzzLgAcCG54vTDsh8DWwV6WQPA7UzB0pMZF1PKP+lg+8brTgEs+jP9aaloZKcWRxJKtNYKpQoA2POll5PlG34utvliDpvJBFBqHa5PG8vgYa6NbUX8eZ9fLNAeRW1nbH5OuVidJ/qosG7+0bTfbhQu/aSJvTWoSiRTqqg+bSx9nV7KzxNKlZsu5FgYcqrrX0qF3HElL79S/Ouk9m62hgDw69WCY/f4gV42Llav0m4JOTUrYzI7tzTztDPSzbmkbyWhRGlhyIma6dvg2tdppZNJpXeyBOoEWZmCmvPHk80Xc3u6W5AwC00j0Pd5FQUrT2dy2YzIST62JlwA+ONuyW83Ci8kP+vz9FXe+lcuv0a6dVxbLwdjADh6j7/nWkFnF9OPveiycN4fUVFRHh4eHA4nOjpaKxKjVCrnzp374MGDadOmTZo0iUTyKioqduzYcfjwYblcHhQUNHDgwIEDB5LyFRUVgYGBY8aMWbRoUWOH69Wrl62t7cmTJ3Wjp1evXhUIBOqHawAwcODAtWvXvrGqNk9wcLBcLv/zzz/VsSU+nz979uzg4OCzZ8+amzf86oaFhUVCQsLZs2eHDh3a2J75fP60adMoiiJPCUmstLy8fNeuXSdOnKAoSivOR+/YsWMNRr/erGa2hqWl5aVLl17tEEFBQUFBQeTvixcvLlmyZO3atQMGDNAteejQIfVpKJXKjIyMtWvXbtiwoVWrVl27dtUseebMGblcPnz48IsXL37//fe6OQ0WFhYhISGHDx/WzNzS0sy6N9lLm9M4WmVkMllCQsLy5ct/+OGHU6dOmZmZaRamuWeJ+fPnjx49mvxdVFS0efPmqKgob29vms6p5Z3ceh8klUoVFBTE5XKjo6NJbvq+fft27twZExNDrlFMTExUVNSyZcs+/fRTALh27dr8+fNPnz6tvoKVlZWZmZnTp08HgPz8/FWrVg0ZMiQ4OJjFYhUXF0+cODEsLEx9sTQLnzp1KiYmZvr06dOmTWMwGBUVFVOmTFm3bl3v3r2ZTGZiYmJkZOS0adNmzJgBAKWlpZMnT16zZs2uXbvIriIiIiIiIqZMmbJ//36aCpJoPX0j3L59OygoyM/Pz8vLq6Kigr7wwYMHk5KSduzY4e/vDwAJCQmzZs06ePDgN9980+TatyA3N3f9+vXdu3dft26dvr6+TCYLCgrau3fv4MGDW7VqBQAbN27MycmJjIxs06YNAGzduvXgwYOffvopWQsA9+7dAwCSf9zk1dcsvGnTpszMzLCwMPIxMTFxxowZO3fuJFefvmVKSkpmzJjB5XIHDx58/vx5rUopFIpFixZZW1uHhYWZmZlJpdIZM2Zs2LAhICBAKxGWaGbfAIC6uroVK1Z07tx5y5Ytenp6Uql0/vz5K1as6NKlC/kXxZo1ayiKOn78OLk7du3aFRER0atXryZfu0HvM/rbpMlegT5sTf76IIQQQu8tnPcUIYTevJRi4ba/ckPOZP0eXyKUKnULSBWq9edzBra3drJ8KcWwUij3cTT5wt+eRIYsjTj9PK2qRPLyOhkAxGcJigXSmf2cTfXZAMBlM1aOcP/tK28WkwEA19OrAODbPk4kc87amDO5p0NJjfRBQR0AlNbKfJ1MJvd0ILlx+hzmp762AJBR9mzA1eN/8zs4mQQ+j/30cDM/9I3PUJ8XoVMGAwqrJbuvFaw8nbX7WkGRTihRCwNAKFX+Hl8SciZry6VcchqESkUpVFT4ZK+eDaWTCiVKADDSa2DoQkIiVx29x191OmvLpdyk/Fr601A7/7giMa92ck8H7cNJlTTHIvIqxftuFn7bR3tAM4lcNayDjXq4Vx9HEw+eUWqJkGZX9TJVdGLp2nPZq89m7btZVFLzrBmT8muj7vMBICFHsPdmYWG1RL1J6JU8Qy4r8OWwXK1YcSW1ckwXOxI1BICvejocne5LEzqlb7fMsvrpfZ1XDHczbqg16FtJKFXQXy/6VlKqqCuplZsu5qw6nRVxvTC/6kXd00pEbCbD//nYwlw2o5urea1EUVYra7IR6Pt8Wa2MZ6b3ZQ8H2+dJxp91agEAqcWiJqsslqvu5dT0aWNJQqcAMLYrz9FC/+"
10:43:47.594 [Forwarding screenshot on session 5e9977749cf8e028abefff19f425d7c0 to remote] DEBUG org.apache.http.wire - http-outgoing-15 << "yj8sYa4b1SXl5+48aNQYMGDR48OCkpSWsA1ZiYGBI6nTFjhvqRlrW19YoVK/r06VNQUEAy5P4RFos1cuTInJycBw8eaK06efKkoaFhYGDgK1fn9QkEgtzc3H79+mkGJnk83vLly2fPni2Xa79MoNahQ4eAgICtW7cKBNqDjatt27attrZ227ZtAwYMUD+StrGxWbp06ejRo83MzBQKxRusy+t75dZ4C1gslqen57JlywDg8uXLWmujoqK6du06fvx4sVisGyoAgJkzZ+bl5dE8+n+3dedyuQEBAd9++61QKLx7967mKvp7VpeDg8Ps2bMBIC0t7V88Y9QIPp/v4ODwzTffqIf1Hj9+PAAkJyeTj4cPH+7cuTMJngFAnz59Tp48+dlnn6n3cPfuXRaL1aVLFwA4duyYnp7eggULSG6xvb39H3/8sXz58gYLV1RUdOrU6auvviKZ3NbW1h9//HFFRUVpaSkAnDx50sTEZNq0aWTDFi1ajB8//v79+4WFhWRJXl7erl27pk+fzmA0OpDCqVOnEhISvv32W/pGSE9Pnzdv3qZNmxoMjVy9ejUsLEwofPYvgZMnT/bo0YOEAAHAz8+ve/fuJ0+ebM7atyA/P79du3azZ88mOZ1cLpdEOlNSUgDjayNIAAAgAElEQVRAIBCcP39+woQJJHQKADNmzDh37pw6dAoA8fHx7dq1I+MtN3n1NQtLJJLPPvtMPexzp06d2rZtq+5I9C1TUFDQo0ePgwcPao2eSty8ebOwsPCHH34gL2ro6elt3rz56NGjDYZOoam+8fvvv//+++/k79jY2Lq6upkzZ5JsWj09venTp9fV1V25cgWej/z/xRdfqO+OqVOnGhsbv80Liv4N9LcJfa9AH7wmf30QQgih9xZGTxFC6A27kyWY+0dqSrHQxoSbXyWefzRNKldplYm4XihVqGb10x6sZlJ3+63jPDUH/5QqVAwAMwM2ACTm1RpxWd4a0zqaG7LVsa5KkZzJAM3RUNvZGwPAk2IhAPT3tNz8uScJuxJiuQqe71lQr8guF2vNG2pnpqd5JsUC6fyjaRVCmT6HeeFxxYzIFM0Iny4VBT8cSXtSLDTWYz8sqJt/NO1qehVZxWIyNo311J1YlBBJlQBgrNfw4xsVBT/+mb73RiGXzTTkssLi8i8kN5HTAACltbKwuLyvezlq5bNSAPVSZWPHIpQqat257C4tzQa1104rXDHc7f8+ctFcIlOoLI0aTciolSi+i0yOvF3EZTMtDDlX06um/PY4rUQEAEKpskIoB4A6iZJfI5MpKLLJrUzBldTKRUNac14eQjmpoE5FgeYl0+cwtSYE1dRku43zsxvWwabBbZtsJaFUaazfaPSUvpUUKiro+NP153MUSqqFKfdebs3X+5NvZz6LRdmZ6SlUlEAj6bZKJOewGGQyYPpGoO/zPDPuls89NWPSciUFAOTE6KtcLZKrKNDsSwyAtnZG6XyRimqsGd4jJOVx8ODBgYGBbDb7+PHjmmtPnz6tr6//5Zdf6m64efPmnTt3vtpgiSNGjGCxWFqPR0tKShISEoYMGaI7GdvbZGJiwuFwkpOTRaKXpu/18vIaP368jU3D9wUAyGQyMlTstm3bGiwgEoliY2O7devm4+OjuzYoKOj//u//GntU/a68cmu8NWQKUplMprnw77//zs3NHTZsmJubm6en54kTJ3Q3dHd3HzNmzN69exuLPr4PdW+wdvT3bINqa2sBQHNwV/TW2Nvb7969Wx0eg+cXlAxyW11dnZGR0atXL81NHB0dNYdNjo+P9/LyInHHhISEzp07a+ZS83g8rTF+1YW//vrrPXv2aE6dK5VKGQwGmfr00aNHPj4+mvPmkmy/hw8fko8rVqzQGtpaC5/P37Jly6xZs1xcXGiKAcDkyZM1I4Jabty4sXfvXnKjlZaWlpaWdu7cWbNAp06dSktL+Xw+/Vr6c3hTevfuvW/fPjc3N/USqVQKAGQu8Pv376tUqt69e6vX6uvr29q+NHDL3bt3ydDKzbn66sIAsHHjxoULF2oWlkgk5LhNtkyXLl0WLlyo2VW0TsnY2FhzflYLC4sG5yYn6PvGn3/++eeff5K/Hz16ZGBg0K5dO/Xadu3a6enpkW726NEjANA8bS6X6+Xlpe6E6D+K/jah7xXog9fkrw9CCCH03nq/ntcghNAHIPx6oa0pN3RCOz02EwCupFauOZutnikTAB4W1J1ILF0/pk2TKY/ldbIrTyp7eViQGSXzqyQOFnqPCup+u1mYUSoy5LJ6ultM7+NE9mOsx1JRUFOvMH8+GjCJwJEsPU0yBZWUX7vrar6vswmJxRZUSwDAxoQbFpcfm1pVJ1G0sjaY3NNBMy51O7N695deZD7O7HLxtweSjybw53/c6BiSmWX1cwe4kGw/iVw1dd/j324U9m3zbDZNmukh6yQKJgMuplTEplaW1kotDDmDvW2GdrAhW9zIqH5SLJwzwGW4ry0AyJWO0w+m0DcjBbDxQo6brdFnnXmPCus0V4mkSgpAUC/fcD4njS+SKVRt7Y2mBjjamb142PR7fAm/RrZmlAf9UQAgIacmu1ysFSnUdCtDUFYrWzPKo7OLKQBM7qEcv/vhH3eLV45w7+Vu4WJlcCdLMKi99YiOzx661YgVWy7ljO9m58kzupv9UnJbQaUYADgsxs+nMhPzalQU+DiaTO/r5GJloHtcaEa70VyRJlupTqLgspkRNwoT82oF9XIHC/0J/vZa4w831krRf5cm5tWuGuFO5rVVUfD9kdTNl3K6tvLlsBifdrS9kFy+Mibru75OZgbs+7m1f6VUTPS3JzdX8xtBt8/rOpJQwgDo39aqySqTVxaqXh7fWKakFCqqSiSniWG/D5RK5YkTJ7p3705m5ezbt+/Zs2dnz55NHrBSFPXkyRNfX1/dUU9fk42NTe/evS9fvrxgwQJ1KtKpU6coilIPV6g+w/r6eq3NmUzmvzfFHYvFmjx5ckRExOeff/7JJ5/4+fmRh3pNbqhSqezs7KZPn75t27ahQ4dqDSQLAOnp6SqViuSEvRESiUS3cbhc7hsMwTa/NSiK0j0ZADAwMKBJXHt9MTExANChQwfNhVFRUaampv379weAESNGrFu3LiUlpX379lonPHPmzLi4uDVr1uzZs0d3z6/cE3S9WuOoVKozZ84wGAzNuWnp71m1mpqa4uJiAJDJZNnZ2WFhYW3atBk2bFjzz/nt33r/Ow4cOMBgMD7++GMAyMvLA4AWLVps2bLl4sWLNTU1bm5u3377rWb47e7du6NGjQIAiqLy8/N79Ojx559/Hj58uLi42NbWdtSoUV9++aW6I6kL6yotLT1//nz//v3JRSwpKVFnMRIk/4/0HGhk4ls1iqJWrFjh4eExfvz4xMRE+irT72rs2LG9evUiQ2GXlJSQBmnwxMh+Glurzl98mxQKxaFDh1q0aEFCj+RtDA6Hs2DBgnv37imVys6dO8+dO7d169akfG5uLp/PJwHRJq++ZmFdt27dyszMJPFU+nbj8Xj0lyA3N9fJySkxMXHnzp3p6emGhoZ9+/adN29eY8Oo0u9t8eLF6r9JL9X8omMymba2tqSbkf/XPe27d++SCbBpjoL+Q7RuE/pegT54Tf76IIQQQu8tjJ4ihNCbVCWS51WKP+vUgkR3AKCfp9W2v16kuYjlqg0Xsod1sO38fCDTxgjqFcEnMvQ5zNnP40xCiaK6Xr75Us54P7spPR0eFtQeSeBX1MnWjvIAgG6tzU8mlZ1MKp3yfHDak0mlACBVvJT5OnVfcl6lmM1kjPOzm9j92RDBQokCACKuF/o4mgQNaV0nURxNKAk+kbHji7YkgRUAfJxMSOgUAFrbGLS2MXxQQDdqLpfNGOz9LFNHn8MMcLc4/ndphbDp2JJQqlRRcCKR39/Tistm3sut2fpX7pMS4cLAVgCQmFcDAB+1tSKFOSzGx+2td18roNnhqaSy1BJhxBQv3QAhGSX4ryeVA9pZfeprW1orPfuo/FaGYNeX7Z0t9QEgo6z+UHzxT0NbWxg2cdppfNHqM1l+rcw+aSSDEwAGe1sP9n6R7Gikx3K20i+oajSFd9"
10:43:47.594 [Forwarding screenshot on session 5e9977749cf8e028abefff19f425d7c0 to remote] DEBUG org.apache.http.wire - http-outgoing-15 << "tfuZZGnC97aI82DAB1UiUArDyd2c/TakRH24IqyYHbRfOPph+Y5t1gVP4V2k2tyVYSSZXZ5WIjLqu/p2W9TBWbVjn/aNrCwa0+1snW1W2luLTKltYGPZ6P4cxkwHDfFqvPZj0pFnZwMrEy4qwa6bH0xNNZh56QAp/62n7hb/+PGqHBPq/l3KPyIwklUwMcSSenr7KpAduTZ3Q1rWpyDwfyskKRQHovRwA6t9t76MaNG+Xl5eo5SkeMGHH58uUrV64MGTIEAEQikUKhIAlSb9zo0aPj4uLOnz8/ZswYAFCpVDExMT4+PpqZCgAQGxsbGxurta2Li0tz8u1e2fTp052dnSMjI8PDw8PDw9lstq+v78cffzx06FDNN+UbNH78+PPnz69Zs+bIkSNaAS0yoi/JJlTLysoiCRmEnZ0dSQtrjokTJ+ouXL16NYnKvCnNbI3q6mrNeI/ahQsX3mAXOnHihLp9xGJxamrq7du3u3TpohkXrKqqiouLGz16NDm9wMDAbdu2RUdHa0VPAcDY2HjhwoU//vjjyZMnR4wYoXu4Zta9sLAwKipKa1t3d3d1TLc5jSMWizWHEa6pqYmPj8/IyJg2bZpmYh/9Pav266+//vrrr+qPHh4ewcHB/yir+53cev8LTp48eeDAgZkzZ7q7u8PztODQ0NCOHTuuWLGitrY2MjLyhx9+2LdvH4maZ2RkVFZWkuFY6+vrFQpFXFyclZXV7NmzuVzu2bNnd+zYAQCTJ0/WKqylurr6hx9+MDAw+PHHHwFAKpUqlUqtWLiBgQEAaCVbN+bYsWPJycmHDx+mD6Q1R5s2bdTj3JKYvdaJkY/19fXkWI2tfc3TeAUKhSIkJCQlJSU0NJScRl1dHQAEBQV9/PHHn3/+eV5e3u7du2fMmHH8+HESiYyPjzcwMCBfDk1efc3CWlJSUoKDg3v06EGSeunbrcmK1NXVVVVVhYSETJkyxc7O7u+//46MjCwrK9u+ffsrNItmuFcsFuu+cmFgYEC6mVgs1j1tAwMDiqIkEgnpkOi/Tvc2oe8V6MP2+r8+CCGE0DuE0VOEEHqTSKKnremLZ6xMBvA0Ehl/jctnAGN63yYG08urlCyJfgoAmz/3tHo+xikFUCGU7/6yPZnlsbOLKYvJiLxd/LhI6O1g7NfKrFtrs4N3irPL61taGzwqqGOzmIZcpjqOS0zu6VAllGWU1R+9V5JXKf5pqCuXzaAoAIBWNgYLBz+bpalLS7OJ4Q/33izaNPbZ4y0ni5eeaLQw497LqQGASpH8vMZ0j0M72JBAI89Uj8zA+qy8qR4AlNfJmoyeju7S4qO2Vh2cTMjmY7vyNlzIuZhc8UkH27Z2RmW1MgMOU3NuTs3BiuPSqoqejyfsZKnfp41lkUC651rBjH5OmumkauaG7LWjPHhmes7PR2Ed6mPz9f7kX+Py147ykCup9eeye7lbqFNmG3Mjo3rt2WxfZ5Nln7iRaWgba5aM0vorqZUFVZI6iUKpovIqxeaNxGVjU6tuZwp+ndSe3VBaKEVRADDUx3ZU5xYA0NHZ1NnKYP7RtBOJpRO72+u2A3270aNvJQBYGNiaw2a0fx5oH+dn911kclhsfr82VlyNAYd1WwkAiqql+hzmmrPZ6mK1YgUA8GulHcDkSbFw4Z/p/q7mY7rwrIy5yUV1oVfyS2ulqz/zYDTVCOodNtjnX7QkwN4bhX/cLZncw2GCv10zqzyjn/P8o2nTD6b0bWMpVaiuplV1cDK9kyXQut3eQ1FRUVZWVgEBAeRjt27d7OzsoqOjSSSGxIc0Y3tvkJ+fn5OT08mTJ0n09Pbt22VlZbNmzdIq5uvrqxsjfAtD+w4ZMmTIkCF8Pv/hw4d///339evXV69eHRUVFR4eTn90Fou1ZMmSyZMn//bbbzNnztRcRdpTaxTWhQsXkvQjIigoSCv7lsbChQu1BoQEAM2h8N6U5rSGsbGx5uSLamS6vjflypUr6szaoqIiKyur5cuXkwFs1WVOnTqlUCjU0VBjY+OPPvro4sWL33//vW4eVb9+/Xr37v3LL7/07t1bK7BNNKfuqamp6enpWhuOHz9eHfNoTuNIpVL1WNZyuby0tNTLy2vnzp1aaWf096za1KlTP/roIwCgKKqioiIuLm7y5Mlz5sxpMOLeoHd1633AKIoKCwvbt2/ft99+O3XqVPVCAHBzc1P3EH9//+HDh4eFhZH4d3x8vLGxMYn9k8JSqXTnzp3kWXNAQEBlZWV4ePi4ceP09PQ0C2vKycmZN28eg8HYtWsXCdiTW0aleukVH6VSqV5Fr6CgYMeOHfPmzXN01J4D/jU1eGLkI5vNJtHTxta+2TNpklAoDAoKevDgwaZNm9SDCpBrNHLkyC+++AIAunbt2rJly+nTpx85cuTrr78GgPj4+M6dO5Ozbc7VVxfWFBsbu2zZsi5duqxbt46spW+3JutCUVRZWdnvv/9OwtjdunVjsVjh4eEPHjygH725SWw2W3d+dJVKRd4ues3TRu+/Bm8T+l6BPmyv+euDEEIIvVv4W4UQQm+SXEUBAOvlcJf6473cmvOPy9eM8qCeT8GooigAEMtVHBZDHSS7n1u7IibDzdZo+XA3MkcjYazHMuKySOiU6NbKPPJ2cUapyNvBGABWDHc/lVT6d15tRml9T3eLwd42w3ckWr4crezj8SyJZ2A7qwXH0k8klX7elUcmrfR1evFU10Sf1c7emMyZSnBfnneTzWQoVRQACOrlx/8uVS/v6W5BwoTcl8NIpBGUzZgW0tXGEF7O3hzibXMxueJRYV1bOyO5kmqseQHgdlb1/ZxnGbHdWpv18rBcfy67rb3RgHbWpMFlimf/L5Gr9DlMfQ7Tr5WZ5t4cLfS9HU0eFtQBwIHbRYJ6+erPPMQaM9fKlZRYrtJjM9WH/eNuyW83Ckd2ajGzn7N6YYPNcimlYv35nLZ2Rv08rcwN2WwW88CtIllD2YpVIvn2K7nju9nZmeuRo5NZOcVyFYvB4LIZZErODhqj4/o6meixmRll9brt0KeNJX270aNvJQDwdX5pLFwum/FRO6t9N4uyK+o9eUY0rQQAMqXKWJ+lGdY11mMN97W1MeYCwJ5rBWaG7J+GupJN+raxlCupdeey7+fWdG1pRt8Iag32ebJErqRWnc5MyKkJGtJ6YDur5lfZy8E4dGK7E4mlGWUinqne+jFtrqdX3c0WaN6w76HCwsL4+HgWizVgwAD1QolEUlJSkpOT06pVKy6Xa2Njk5GR8W8cncFgjBo1atu2bampqW3btj158qSZmZnmmRA2NjZ9+/b9N06gOXg8Ho/H+/jjj4OCgsLCwvbv33/s2LEpU6bQb9WuXbvPP/88MjJSKweUzDqZlZWluXDDhg0kPl1WVrZgwYJ/dHp+fn4tWzY6Xjo9MhWi1tMrQqFQQEPPsOhbg8vlvoUrFRoaqq7yunXroqOjW7ZsqXmqKpUqOjoaAEiggpDL5VKp9MKFCw1GphcuXDhmzJjNmzevXr26sYEi6es+cODAtWvX0px2cxrH3NxcHT1VKBQTJ04sLS3VCoM1ec+qF9ra2qqT+QAgICBAJpPt2LFj0KBBuhH3Br3bW+/DI5PJfvrpp1u3bq1YsWLo0KHq5WRqSc15H01NTb29vR8/fkw+xsfHd+nShdywhoaGLBarffv2mjl5PXv2TExMzM/Pd3d31yysFh8fv2jRIg8Pj40bN5LRcQGAxWIZGRmR3Ee1mpoaAFCXaYxKpVq+fLmXl9eQIUNIXiP5EpNKpWKx+DXzBckrBQ2emJmZGblDG1v7Osf9p4qLi+fMmVNfXx8REeHp6alerntBu3Tpoq+vn5aWBgByufzvv/9Wv1hDf/W1Cqvt27dv586d48aN+/7779XXmr7dmqyOiYmJsbGx5pdGz549w8PD09LSXjN6ampqSkYV1iQQCMhAnerT1nyVpKamxsDAgMN5ryc+QM3R2G1C3yvQh+11fn0QQgihd+69fsaHEEL/OUZcFgDUS5WaC6tFcgsjDgDczKhWURAU9VRrq2G//P1VTweSLfeosG7pyacB7hYLA1tr5m4CgLOVwaPCOoWKepGMyAAAYD5/+M"
10:43:47.594 [Forwarding screenshot on session 5e9977749cf8e028abefff19f425d7c0 to remote] DEBUG org.apache.http.wire - http-outgoing-15 << "thMUZ34Y3u8uw/RMkcnx4tjAAgp0JcU6/QjHJ1dDbVYzNJfNTJ0gAA6iQKrRNjajxWFr5cqTqJ0kSfDQCuNoYnZnfUbQqh9KW9kcGBTfSbmOq1QeQsyKkY6bHEchX1/CMAVNe/mH5yyVBXzQ2rRPKUYiEADPvlb83li48/ZTLgr/nakxQ+O9zzI954Wl1dr/hiz0PNtYfvlhy+W7JtfFsSsT56j//bjcLZ/Z1HdnppDqcGmyXydrGLlf7WcW3VV/bAraIGz+FBQV2dRHnwTvHBOy/NBzPsl787OptuGtvGxUofng8w++LMGc+aRasdoKl2ewXqVmoQ6Tnq9Y21EgBYGnGsjLlzBjQ8WWx2hbi9vbFmtJUkg+aUi7u2NKNvBPo+DwBKFbUiJvNxYd3GsZ7kav6jKrvbGpLRpInd1/JbWRtq3bPvGzIC5/fff685ralUKl2/fv3x48dJJM/f3//06dMNZp8kJibeu3dv4sSJrzwr6ieffBIWFhYTE2NnZ3fz5k2SO/WqtXljZDJZVlaWp6en1oxc33333f79+zMzM5uzEzKh5urVq+fNm6de6OLi4uDgcOXKlblz56qHLHN1fXZ7ksfob42ZmRmLxWpwiqn8/Hwul0ueYb2R1viXzJ49++rVqytWrPj999/V4+jevn27pKRkzJgxWjm4ERERx48fbzB6yuPxZs6cuXnz5mHDhmmGnd5h3dls9pIlS6ZOnbp169alS5eqlzfnnm1MmzZtzp8/n52d3czoKXqDFApFUFBQUlLSr7/+qvVdSt4G0HqOzGAwSJKlVCpNSkr6/vvvyXImk+ns7KxbmPy/VmEiMTFx/vz5/fr1+/nnn7XCUa6urtnZ2ZpLyEet4dN1VVVVPXz4EAC0xqOeO3cuk8lMSEig35xey5YtmUxmTk6O5sKsrCwmk0neD6Bf+3ZUVFTMnDnTwMDgwIEDNjYvveJHToOM36uJXNCHDx+KxWJ1Qjn91dcqTERGRu7cuXPBggXjxo3TXN5ku9Fr2bJlYmKiQqFQv4yi7ldNbkvP1dX1xo0bQqFQnfpfU1NTUVFBuhn5BczJydFMYs7KymqyE6L3H81tQt8r0AfvlX99EEIIoXfufR9fDiGE/lscLfQ5LEYa/8UcHnmVkgrhszDVF93swya20/yfu62hu61h2MR2g31sAKC8Trb0RIZfK/PFQ1x1wzD+rc1VFFxLr1IvScqvBQD3FoYAUCSQ7r5WkFf5YlikMw/LjbgsMsHq0YSSH/9MK6t7MYBkkUAqVahIqpyFIbsNz+hqepU6NVQiV6XxRWTPREqRUJ03qlRRWWX1rrZ0A/rxa2TlGodL44v0OUx7c+05b3TNP5amFWC+my0AgDY8IwBoZW2gVFGZGsmF93MbnX7VzICt1eDzBrYEgHkDW+6c2B4AbmZUj9v9MDHvxR5qxIq0EhE51orhblqbA8AQH5uwie1IBvCdLMGeawUz+zUQFGyQoF7ubGmgvrIZpfV5leIGS3ZtaaZ16CE+NgAQNrHdvIEuANDJxYzDYlxJq1RvkloikshV7i0aDmv9o3bTQt9KZXWySRGPIm+/FJK5my3gshktrQ2gqVbycjB5yhdphnKLBNL7ubUKFQUAFoacgiqJZsYymSaWvI5A3wj0fR4AIm4U3s+tWTvKQzd0Sl9lADj3qPzYPb7mWT0qqOvT1AjP75ZMJjt9+rSvr++4ceM+0TB69Ohu3bqdPXuW5BJNmDCBzWaHhIRUVVVpbl5SUvLzzz/HxMS8zqNVkmwaGxv7119/KRQKMnnbO3fw4MFJkybFxcVpLSc5uM2MPBkaGi5cuPDRo0cXLlzQXD516tSqqqo1a9boJn0+efLkNc76H+NwOH5+fvHx8U+fvvQFm5KScu/evV69epE44htpjX+JsbHxggULcnJywsPD1QujoqL09fVnz579yctGjhyZkZGRnJzc4K7Gjh3btm3btWvXakZP323dvb29R40aderUqfj4eLKkmfdsY+7fvw8AmNnzToSGhsbHx2/fvl33NRRLS8t27dpdvnxZ/Z0gFotTUlJInlZSUpJMJtOcxzQgIODx48eaaVv37t3T19d3cXHRLVxaWjp//vwePXqsXLlSN5OvV69e6enpmiOHX7hwwdjYuFOnTvTVMTc3j3zZ4sWLAWDx4sUHDhxofrM0SF9f38/PLzY2liTBA4BMJouNjfX399fX16df+5qHbialUrlgwQIGg/Hrr79qxYQAwM/Pj8PhaH7zJycnSyQSckHj4+NtbGxat25NVtFffa3CAHDjxo3t27fPnz9fK3QKTbVbk5UKCAhQqVSXL19WL7l37x4AaOYLvppevXpRFKW550uXLgEASW3v2LGjkZHRxYsX1WszMzMzMjIw8f2/jv42oe8V6IP3yr8+CCGE0DuHuacIIfQmcdmMXu4WcWlVJ5PKenlYlNXKdsbmWTyf2LKFKbeFxpSoAGDAZcHzuCAARNwoFEmVnVxMr6a/FLdob2/cwpTr19qsvb3xL3/lsZkMD55RUl7toTvF7eyNyXyT5gbssw/Lk/Jr53zkYm7IOf+4/Epq5az+zvocJgCM6syLTataEv10Sk9He3O9EoF0781CJgMCvazJIab0dFh8/Omq05lfBTjWy5QHbhXVihUkjZUMLyySKkKv5H3hb89hMg4nlNRKFOptdVEUmBqw153PnjugpY0J906W4G62INDbhgQOS2qkqSUiACiulgBAaomQw2YCQFs7IzszvY7OpvtuFm2+lPtJB1sui3EnS3A0gd/ByYQM0NrP0+rQneItF3N+DGxtrM+68bRac3hhLSwmQ922BBkF18lS36OFIQB4O5oolNSGCznT+zq52RqW1sr23iyslykn+tsDAAn+abE25pB9KlVUaGyelRHHwogTm/bS9erpZt7g/JfuLYyS8mvT+SIXK4Ok/NqIG4W+TiapJaJaicJU/6VfZBN9ltaZx2uEkEmB0Z15hxNKWphwP2pnVVAlCb2SZ6zHGuzd8EVpst3uZAlI41SJ5GK5itTIgMPs7mpO30q2Jlyemd7v8cWGXGbXVmZiuepUUllykfDLHvZ6bGaTrTS2K+9qetXPJzN/DGxlY8LNLKvfcilHpqD2TfUGgGEdbHZdLdhxJe/zrnYmBqynfNHem4VWRpyebhZNNgJ9ny+okkTd5/s6m/JrZfzaFydmyGX6t26iygBQLpSRgHEvDwt+jXTbX3k2JtxmBtHflStXrggEAvXckJpGjBgRHx9/+fLloUOHurm5/fjjj+vWrRs/fvwXX3zRvn17pVL5+PHjw4cPA8Avv/zymvMgjh49+ty5c3v27Onatauzs7NugeLi4tOnT+sut7Gx0QwSvEGjR48+c+ZMcHDwuHHjevfubW5uXrzo6xUAACAASURBVFdX9/Dhw/3795uYmJBZWpujT58+/fr1i4qK0lw4fPjwlJSU6Ojo7Ozs0aNHt27dWqFQ5OfnX7ly5c6dO23btu3Tp49m+bi4ODJJoZq3t7d66FrdtUTPnj0bnMJTy7x586ZOnTpz5szJkye3b99eLpcnJib+/vvv5ubmc+bM+aetIZVKG7xSDAZj2LBhTZ7MqxkwYEBAQEBkZORHH33k6enJ5/Nv3bo1bNgw3XzoYcOGhYWFRUdHe3l56e6HzFb75Zdf8vl8ddLqm+oJ8KqNQ5JrQ0JCjh49amRk1Mx7lixJTU0lAQmKompqam7cuBEfHx8YGKg51PPjx4+1sr3t7e3Vg4i+/VvvQ5Wbm/vHH3906dKluLhYM9vbyMiIzF87ffr0OXPmLF68eMaMGSKRaPfu3QKBYMKECQAQHx9vZ2dHBv0mJkyYcOrUqblz5wYHB5uYmJw+ffrOnTtTpkzhcDi6hUNDQ4VCoZ+f319//aV5Sj4+PnZ2dqNHjz58+PCiRYt+/PFHGxub8+fPX758ee7cuSSTWywWX79+nZSnKKqoqIj0KAcHBy8vL63cbjJ+r4uLS9u2bRtshOvXr4vFYgCorKyUSCRkVwYGBiR7NTw8PDY2dufOneSL6+uvv/7mm2+WLFkybdo0ANizZ09FRcWGDRvIrujXvgWnT59OTk4eN27c3b"
10:43:47.594 [Forwarding screenshot on session 5e9977749cf8e028abefff19f425d7c0 to remote] DEBUG org.apache.http.wire - http-outgoing-15 << "t3NZc7Ojq2b9/e1NR0woQJ+/fv5/F4gwcPzsvL27hxo4mJyaeffgoA8fHxWrmk9Fdfs7BCodi4caO1tbWlpaVmuBEA+vTpo6+vT98yycnJRUVF8Pz9j+vXr1tYWABA7969DQwMevbs6ePjQ2ZR9fT0vH///m+//ebt7a2evFkTfd8AAJIAvXXrVgDw8fHx9/fftm2bvr6+l5fX48ePQ0NDAwICSEk9Pb2vvvqKDMk+aNCgsrKy9evXW1tbjxo16tWvEHoP0N8m9L0CffDof30QQgih9xlGTxFC6A37v49cqurlO67k7biSZ8hlftfH+XZWdVmtrOktAdJKRBTA9st5WsvJpIwMgFUj3bdcyl11OosCYDKgu6v5D4OeDc9lpMdaPcpj04Wc//sjFQCM9Vjf9XH67Hk4x72F4coRbruvFiw7+WxGQ0cL/Z8/dWtn/yzrzq+V2U9DW++6WvDV3scAYGXEWTykNZn6UaZUAcDwji3K62Tjdj1QUcBmMsb72X3U1goaIVOo3G0Ne3tYzjqUUi9Tkf3P6PssUvKooG7DhRdDjZ1+WH76YTkALAxsZWemN8HfngGMY/dKzj0qBwAOi/FRO6tZ/Z9t62Kl/2Ngq52x+d8cSAYAH0eTuQNcgk9kKJoxo6ouMwP2xrFtQq/krTqdpW6WVSPdO7mY0m8IADViBb9GBgCrz2RprTryXQcbkwb+a3BWf+flpzJnHnoCAE6W+gsDW4nlquATTz8LTdo4to2V8T/7D8ipvRwpgMMJJftuFQGAu61h8CdulkYNzxrVZLvtuJJXqtFLSaVamHK7u5o32UrLPnH79Wr+nuuFv14tAABTffbXvR3H+dk1p5XcbA3XjvLYcSVvyt5nU751bWk2d6ALCbSP7sJTUXA0oSTmQRkAMAA6OJvMG9DSkMtsshHo+3xGWb2KgsS8Ws0EUwCwM9Pzb910lSf621eL5BE3CndfKwCADk4mCz5upT6r91NUVJSxsbHuPKMA0KdPH3Nz8+joaBKJGTVqVKtWrfbs2RMWFqZUKgGAy+UGBgZOmzbNwcHhNU/Dx8fH3d09IyOjsUelKSkpKSkpusu7du36L4VwzMzMIiIifvnll6ioqMjISLJQX18/ICBg5syZdnZ2zd/VwoULExISRCKR5sKffvqpc+fOhw4dCgkJIUuYTKa3t/fSpUu1Ro4FgJ07d2rtMygoSB0A011LRERENCd66urqun///l9++SU0NJRcWT09vT59+syZM0edodj81hCJRCtWrNA9CpPJ/PeipwCwaNGiMWPGLF++/NChQ9HR0RRFNRhftLa27tmz56VLl3744YcG9+Pp6fnFF18cOnRIveQN9oRXaxySXBsUFLR9+/bFixc3/54FgFOnTp06dUpdEWdn5+Dg4E8++URzq7Nnz549e1ZzycCBA9XR07d/632o0tPTVSpVQkKC1pC2jo6OJHrao0ePkJCQbdu2kZGlra2tV61a1aNHD2go2GZtbR0WFrZq1aqpU6cCgL6+/uTJk2fMmNFg4SdPnlAUtX79eq1TWrlypZ2dnYmJSVhY2PLly7/77jsAMDAw+PbbbydNmkTKVFdXL1myRL1JUlJSUlISAAwbNuwVIhwbNmzg81+M0ED2zOPxSPSUz+dnZGTI5c+GnfD19V27du2mTZu++OILALC1td2wYYP6oPRr3wIyTsCRI0eOHDmiuXz48OFkouIZM2ZQFLV///5du3YBgKen55o1a6ytrQUCQXp6+sSJEzW3auzq6xYWCAQk+q55XYizZ8/q6+vTt0xUVNSZM2fUm2zatIn8ERMTY2BgwGAwtmzZEhISsnjxYoqimExm7969dQ9ENNk3tAYQXrt27cqVK5cuXUr23L9//+DgYPXayZMni8VidXO1b99+/fr16gFd0X9Uk7cJfa9AHzb6Xx+EEELofcagqFd53IwQQohedb2iXqa0NeH+G/MgiqTK6nq5hRGHTLOqiQKoFMrlSpWNCZfNbODQ1fUKkVRhbcwlOalaVBSQQG8LM26D5y2SKatFcitjrkFDm+uSK6myOpkRl2Vu+I/f1yFJkA22oVxJldZKjfTYFv98tw2SKahyocyAw2ws+vimUADldTIWk2H1/EByJSVVqIz1XmVGWHh+5oZcpjrFmcZrtht9K6koIGM125hwG+p6TagSyUVSpYURR7cpKICyWplMobI0bqDPQ1ONQN/n6dFXWSJXVYrkJnosU4MP83U0iURSUVEBADweTz012gdMpVKVlZWJxWIDAwMbGxutuObrq6+vr6qqYrPZlpaW7/Z1e6lUWlpaymQyaa7sv90a77P/5bqjt0alUpH4op2dnXpE9OzsbEtLSzIJsZaKior6+noej6f+9qApTK+iokIsFvN4PN3Rfd8hiqJKSkoYDAaPx9MdIp5+7ftAKpWWlZUZGhpaWT17uVAikRQWFjo5OenO8K179WkK03vNlhEKhZWVlVZWVm88fkn2bG1t3eBc6TKZjM/nGxsbN+fVH/TBoO8V6IP3fv76IIQQ+uDV1j7Lmrh8+bK5ublKpWrsn83kNS+BQKB+iRmjpwghhBBCCCGEEEIIIYQQQgihD8frRE8//DQChBBCCCGEPmAqlWrLli00BXr37u3n5/fWzufmzZvx8fGNrWWz2fPmzXtrJ4MQQgghhBBCCCH0T2H0FCGEEEIIof82Mo9pY1Qq1Vs7EwCgKIrmfN7PUTcRQgghhBBCCCGE1HDkXoQQQgghhBBCCCGEEEIIIYTQh0M9cu9ff/3VzJF7Bw4cSJZg7ilCCCGEEEIIIYQQQgghhBBC6APEZDJZLBY0PiAWRVEsFovJZKqXYPQUIYQQQgghhBBCCCGEEEIIIfQBksvl1dXVTeaeyuVy9RIcuRchhBBCCCGEEEIIIYQQQggh9OFQj9z7CphNF0EIIYQQQgghhBBCCCGEEEIIof8BGD1FCCGEEEIIIYQQQgghhBBCCCEAjJ4ihBBCCCGEEEIIIYQQQgghhBCB0VOEEEIIIYQQQgghhBBCCCGEEALA6ClCCCGEEEIIIYQQQgghhBBCCBEYPUUIIYQQQgghhBBCCCGEEEIIIQCMniKEEEIIIYQQQgghhBBCCCGEEIHRU4QQQgghhBBCCCGEEEIIIYQQAsDoKUIIIYQQQgghhBBCCCGEEEIIEex3fQIIIfQfk52d/a5PASGEEEIIIYQQQgj9z2nduvW7PgWEEPqfwKAo6l2fA0IIIYQQQgghhBBCCCGEEEIIvRm1tbWvvC2O3IsQQgghhBBCCCGEEEIIIYQQQgAYPUUIIYQQQgghhBBCCCGEEEIIIQKjpwghhBBCCCGEEEIIIYQQQgghBIDRU4QQQgghhBBCCCGEEEIIIYQQIjB6ihBCCCGEEEIIIYQQQgghhBBCABg9RQghhBBCCCGEEEIIIYQQQgghAqOnCCGEEEIIIYQQQgghhBBCCCEEgNFThBBCCCGEEEIIIYQQQgghhBAiMHqKEEIIIYQQQgghhBBCCCGEEEIAGD1FCCGEEEIIIYQQQgghhBBCCCECo6cIIYQQQgghhBBCCCGEEEIIIQSA0VOEEEIIIYQQQgghhBBCCCGEECIweooQQgghhBBCCCGEEEIIIYQQQgAYPUUIIYQQQgghhBBCCCGEEEIIIQKjpwghhBBCCCGEEEIIIYQQQgghBIDRU4QQeifkSkosV73+flQUiOUqFfX6e/pf9C+1m1Shkioavbj0axFCCCGEFAqFWCz+Nwqjd0Imk0ml0n+jMEIIIYQQQuhfwn7XJ4AQQh+mCqE8IVtQLpRJ5CpzQ05bOyNvRxPG87W/3Sj88z7//LwuXDaDbi9NuZ9bs/j405CR7t1dzf/pttfSq1hMRoC7hdby0lrZ37k1vs6m9uZ6r3NumpKLhPmVjT7Xc7E2aG9v/KaO1RwPC+rWncsuq5NN7G7/VU+HN7vzH46mKVXUrkntX2FtcxRWSx4V1Pk4mTha6OuuFcmUN55W25vr+TiavPIh0AePoqjTp0+rVKohQ4ZwudwGy+Tn5yckJPD5fA6Hw+PxAgICrKysyKrCwsL79+83tnNTU9P+/ftLJJILFy60bNnS19f3wY"
10:43:47.594 [Forwarding screenshot on session 5e9977749cf8e028abefff19f425d7c0 to remote] DEBUG org.apache.http.wire - http-outgoing-15 << "MHubm5H330kYlJA90yISGhuLg4MDBQT0/v1KlTje22U6dOzs7O/7Ci/4BKpUpISMjMzKysrORyuU5OTj169LC0tFQXILUIDAzU19cHgBs3blRWVvr7+/N4PM39VFZW3rhxo3v37i1atNBcnpyc/ODBg6qqKiaTyePx/Pz8tKqTmpqanp4+YMAAY+MGvg/J2gbP3NDQcNCgQU1WkFwRV1dXb29vrVWPHz/OyspSV605rUGq3+CBnJ2dO3XqRH8ypDEbW9u6dWsfHx/dKrPZbGtra29vbyMjowY3vHXrVnl5uZ+fn729veby8vLyW7dumZub9+3bV3cThULRp08f9RL6ulMU1VgvtbCwIPtpTuPoluFyuQ4ODl5eXiwWS3dDmnuW1E5zP5aWlm5ubtbW1lplfH19W7Zs2eDO3+Gt96Gqr6+/cOFCYWGhqalpu3bt/Pz8tAo8fPjw7t27CoXCw8Ojb9++bPZL/2EeGhp6/fr16Oho8rGwsDAuLk4gENjb2w8cONDU1JSm8OPHj+Pj46VSqYODQ9++fS0sXvqXXkpKSnx8vEgkcnZ2HjhwoNbdxOfz4+LiysrKrK2t+/fvb2dn12DtkpOTMzMzAwICNLuZLpVKFRsbq1KpmvyOUqlUN2/eTE5OpijKy8urV69eTCazmWvfjuLi4tjY2KqqKltb265du7q6umquVSgU169fT01N1dPT69y5c8eOHbU2nzZtmqen55IlS8hH+quvWVilUl27du3JkyccDqdly5b9+vXjcDhaO09MTMzPzx80aJChoaHumdOvJa5evSoQCEaMGEHfCEKhMDY21tHRsckvefqOVF9ff/ny5by8PAMDA39/fy8vL/q9of8Qmk6CveJ/HP2vD0IIIfR+wugpQgi9YRTAjst5px+WmRqwW1kbqiiqsEpSKZL7OpusHumhz2ECgH9rczMDNpv1WqHT1xR+vdCAy9SNnmaUijZfyg0a0voNRk+vpFaeeVhG/qYooAAYAIzntR/escVbjp6GXy+QKFSrP3N3sTJ4m8d9TRTAqaSyPdcKpArVwsBWutHTB/l1689nl9XJBrW3xugponH37t2VK1cCgJ6e3uDBg7XWikSiNWvWXLx4kc1mOzo6SqXS0tJSBoMxduzYefPmsVis1NTUNWvWqMurVCoAUD/LdnV17d+/v1AoDAkJ+eyzz3x9fQUCQUhIiEgkmjBhgtax5HL5Tz/91KJFixEjRigUipCQEM1daVq2bNm/F8JJS0tbsGBBaWlpmzZtzM3NBQLB06dP2Wz26tWr+/XrR8qcO3cuOjo6ICCAhBj379//8OFDPz+/sLAwzV0VFBSEhIRs375dHT3Nzc1dunRpamqqkZERj8cTiUSlpaUURY0cOXLRokXqh+ZxcXF79+719fVtMHpK1jbYMvb29s2JntbU1ISEhIwbN043enrx4sUjR450796dVK05rUGq3+D5DBs2rMkH6xcuXFBHeiiKoiiKwWAwnv8qjB071sfHh1RZHdAFALlcrlQq9fX158yZM3bsWK19CoXCRYsWSSSSESNGBAcHa67Kzs4mXSsiIsLX11dz1aFDh8RisTp62mTdlUplY73U29ub7Kc5jUPKaNZOIpEAAI/HW7lypW4D0tyzpHYcDoeEXRUKhUKhYDAYo0aNWrhwITkNUiYoKKjB6ClNpeBfvvU+VMnJyfPnz6+rq3N3d6+pqQkNDfX399+yZYs68r1u3bqoqCg3Nzc9Pb29e/d27NgxNDRUT+/Fv7vi4+O7detG/j5z5kxISIiVlZW9vf2RI0fCw8PDw8OdnJx0C1MUtWrVqpiYGB6PZ21tfeTIka1bt65cuVL93sD27dsjIyOdnZ2tra2PHTu2e/fu3bt3q6/v1atXg4KCTExMXF1dc3JyduzYsW7dOt13DioqKubMmVNbW7tr1y6a6GlRUdHy5cuTkpJ4PB79d5REIpkzZ05SUlLbtm2ZTOb+/fs7duy4fft2coPQr307oqOjN27caGBg4OLiUlBQsHnz5q+++mrmzJlkrVAonD17dmpqavv27QUCwa5duyZNmjR37lz15gKBIC0tbfLkyeQj/dXXLFxTUzNr1qy0tDQ3NzcWixUeHm5nZxcWFubo6EgKi8XirVu3kq9TPz8/rfgo/Vq1O3fuLFiwAADoo6f3799fvnw5n89v8kueviPl5+d/9913tbW17dq1q66u1m0u9N9F00mwV/yPo//1QQghhN5bGD1FCKE37Gpa1akHZZ935U3t5chmMgBARcHxv/m7rhYcuF30XR8nAPB1NvF1/h8Kbs0d4DJ3gAv5OzatavWZrKWfuvXx0A7cvjVltTIvB2P/1v84YfcdogAW/Zn+tFQ0slOLIwklugUO3ik+eKf4i252h+82sBYhTVFRUR4eHhwOJzo6WisSo1Qq586d++DBg2nTpk2aNIlE8ioqKnbs2HH48GG5XB4UFDRw4MCBAweS8hUVFYGBgWPGjFm0aFFjh+vVq5etre3Jkyd1o6ck30X9DBoABg4cuHbt2jdW1eYJDg6Wy+V//vmnOrbE5/Nnz54dHBx89uxZc/OGvyssLCwSEhLOnj07dOjQxvbM5/OnTZtGURR5SkhipeXl5bt27Tpx4gRFUVpxPnrHjh1rMPr1ZjWzNSwtLS9duvRqhwgKCgoKCiJ/X7x4ccmSJWvXrh0wYIBuyUOHDqlPQ6lUZmRkrF27dsOGDa1ateratatmyTNnzsjl8uHDh1+8ePH777/XzWmwsLAICQk5fPiwbuaWWjPr3mQvbU7jaJWRyWQJCQnLly//4YcfTp06ZWZmplmY5p4l5s+fP3r0aPJ3UVHR5s2bo6KivL29aTqnlndy632QVCpVUFAQl8uNjo4muen79u3buXNnTEwMuUYxMTFRUVHLli379NNPAeDatWvz588/ffq0+gpWVlZmZmZOnz4dAPLz81etWjVkyJDg4GAWi1VcXDxx4sSwsDD1xdIsfOrUqZiYmOnTp0+bNo3BYFRUVEyZMmXdunW9e/dmMpmJiYmRkZHTpk2bMWMGAJSWlk6ePHnNmjW7du0CgLq6uhUrVnTu3HnLli16enpSqXT+/PkrVqzo0qWL1isdJFpP3wi3b98OCgry8/Pz8vKqqKigL3zw4MGkpKQdO3b4+/sDQEJCwqxZsw4ePPjNN980ufYtyM3NXb9+fffu3detW6evry+TyYKCgvbu3Tt48OBWrVoBwMaNG3NyciIjI9u0aQMAW7duPXjw4KeffkrWAsC9e/cAgOQfN3n1NQtv2rQpMzMzLCyMfExMTJwxY8bOnTvJ1S8pKZkxYwaXyx08ePD58+e1Tpt+rVpdXd3KlSutrKway5gnIiIiIiIipkyZsn//fvrmarIjrVmzhqKo48ePk7tj165dERERvXr1avK1G/Seo+kk2Cv+x9H/+iCEEELvM5z3FCGE3rDkojoAGNvVjoROAYDJgDFdeN/1cVKnAybk1Oy9WahUUeTvg3eKAeBqetWGCzkbzuecfVSuOSVnhVAeebt43bns/beKKoTylGLh3puFkkamTX1YUBcam78yJvOXy3mJebWvXx2ZgrqQXLHjSt6G8zl7bxZml780AK9Qqoy6z19zNnvN2ewjCSW1EsUrHyghp+bQnWKJXPXbjcIN53PIwnqZKjqxdO257NVns/bdLCqpkWqWp2+36nrFsXv8LZdyN1/MPXaPXymSA0BJjXTvzUKRTFlQJdl7s/B+7rMmKhJI994sXHk6a8OFnIspFcrnO5Irqb03C1OKhYl5tWvPZd/NriHLnxQLd1zJWxmTue2vvL+eVGpNocoAEEqVv8eXhJzJ2nIp90FBXWO1bn4DqlSUQkWFT/bq6dZwIKewWrLlc88pPR0Y7zKlGf0HlJeX37hxY9CgQYMHD05KStIaQDUmJoaETmfMmKF+Ym5tbb1ixYo+ffoUFBSQDLl/hMVijRw5Micn58GDB1qrTp48aWhoGBgY+MrVeX0CgSA3N7dfv36agUkej7d8+fLZs2fL5fLGNuzQoUNAQMDWrVsFAkFjZbZt21ZbW7tt27YBAwao00xtbGyWLl06evRoMzMzheLVvzb/Da"
10:43:47.594 [Forwarding screenshot on session 5e9977749cf8e028abefff19f425d7c0 to remote] DEBUG org.apache.http.wire - http-outgoing-15 << "/cGm8Bi8Xy9PRctmwZAFy+fFlrbVRUVNeuXcePHy8WixsMFcycOTMvL4/m0f+7rTuXyw0ICPh/9u48ronjbQD45IKEQ0BADhVUQOVSNAiIiHdR1GoVD7QWi9YDrUdFxGpbDzxatFoLKGIVUas/RQRR8eCwnsEbAQFRbrmPcOYgyb5/TLvvNokBFK2tz/ePfsjO7GZ2dpLUffaZWbRoUVNTU2pqKrVI9WdWUffu3ZcvX44Qys7OfoctBq9RXl7evXv3r776ipzW29vbGyGUkZGBX548eZLL5eLgGUJoxIgRsbGx06ZNI4+QmprKYDAcHR0RQqdPn1ZXV/f398e5xaampr///vumTZuUVq6urh48ePCXX36JM7kNDAw8PDyqq6srKioQQrGxsdra2gsWLMA7GhkZeXt7P3jwoKSkBCGUnJzc2Njo5+eHkyDV1dWXLFnS2NiYlJREPbu4uLh79+4tWrRIdSfk5OSsWrVq165dSpPpr1+/HhYW1tTUhF/Gxsa6urri4ChCyMnJaejQobGxse0pfQ+KiopsbGyWL1+Os13V1NRwpDMzMxMhxOfzExIS5s6di0OnCKGlS5deunSJDJ0ihHg8no2NDZ5vuc2rT60sFAqnTZtGTvs8ePBga2trciAVFxe7uroeO3ZMbhrh9pSSgoODNTU1J0+erLoTCgsLDxw4sGTJEpqy/8s8ceLEiRMn8N+qBxKe+X/OnDnkp8PX11dLS+t9XlDwjqgYJDAqPnKqf30AAACADxlETwEAoJPpabIQQg8L6+W2zxxiTK5O+qiw4QSvTCpDCKGnJY1Hb786dLPkZGoZh0WvaBT9fLUgNLkQ16xsFC+Oyjj3qIJBp5XyRctPPEtIrzrBK5MSBFIQefvVN//LLqoRmOqxKxpEa8/kRNx4q3+TiCXEit+fhV8vFrbKNNUZjwobFh3NSM6uxaUVDeKFkRknUst0OMwuHObZhxULjmRQA5wdklbcePTOq8O3Sq5mVr/iCxFCDULJ4qiMqDuv1Jh0PQ3W9Zza+b+lZ5c14/qq+62kTujz29OLT6uYdBqDTot7UrHwSEZhjVAsIcrrxVIZIWqVldeLG4UShNC9/PoFR9Jv5fJNdNQRgfZcLfA/ndMqJRBCBIFO8MoSn9VsintRVCPgC1oRQjGPKr7+PSuvStCti3qDUPJTQt6muFzqucgI9M2p7GelTVrqzLTixjX/y76eU6t4yh3qQAadtmtmf0Nt5UtUIoTWTehj1/29ToAM/qVwyuOECRPGjx/PZDLPnj1LLY2Pj2ez2V988YXijrt37w4NDX2zyRKnTp3KYDDkboSVlZXdu3fP09NTxWJs74G2tjaLxcrIyGhubqZut7Oz8/b2NjQ0fN2OYrEYTxW7d+9epRWam5uTk5OdnZ0HDBigWBoYGPj111/LLXf3j3vj3nhv8BKkYrGYuvHhw4cFBQWTJk2ytLTs37//uXPnFHe0srKaMWPG4cOHXxd9/BDOXenZqf7MKtXQ0IAQok7uCt4bU1PT8PBwMjyG/rqgeJLburq63Nzc4cOHU3fp0aMHddpkHo9nZ2eH44737t3jcrnUXGpjY2O5OX7JygsXLjx48CB16VyRSESj0fDSp0+fPh0wYAB13Vyc15WWloZLORyOjY0NWWpjY6Ouro5LsfLy8p9//nnZsmXm5uaqO8HHx4caEZRz8+bNw4cP4w9aRUVFRUUFl8ulVhg8eHBFRUV5ebnqUtVt6Czu7u5HjhyxtLQkt4hEIoQQXgv8wYMHMpnM3d2dLGWz2d26daMeITU1FU+t3J6rT1ZGCAUHBwcEBFArC4VCcg1yR0fHgIAA6mCgUl2KXb9+/cqVK5s3b24zmXjz5s1y055TnTlz5syZM/hv1QPp6dOnCCHqBVVTU7Ozs6MOM/AvpWKQwKj4yKn+9QEAAAA+ZB/W/RoAAPgPmGBveO5RxfaLeTee1w230rPvoW3U5bURL4QQk04jEHpVJ9w/zxZnq64+lX3xadWy0eZ0GjqZWlbfIomYb9fbgIMQeljYsO5MDkKIwg1//wAAIABJREFUrvBUb05587G7pdO5Rn6j/lxB5NCNkpP3ykb272rV7Q0jE09LGnMrW3Z69R3S688pBH9JLHxa3DC6f1eE0L7EwhaxNMLHDp/gXBcTn9/Sw1KKtk61eoP3YjFoMgJVNIh/XzSQQachhG7n8isbxNun9+Wad0EI+bhKvcPTfk8t3TLVCrXVb5czqoWtsv3zbDXU6AghYWvPjedy00saJw00/HZin0eF9f2MNb+d2AchJJLIfkzIszDU2DfHGr/vKOuugdHPzz+pnM41YjFpCKHEZ9Vbp/bFky0TCJ17VGHXXWvP7P645UfvsKPulL6sarEw/LOfX1S2rBxr/qlDN4SQsFXmeyT9t5slI/t1lTvljnYgXWVSqepSADCpVHru3LmhQ4fiVTlHjhx58eLF5cuX4xusBEE8e/bMwcFBcdbTt2RoaOju7p6YmOjv70+mIsXFxREEQU5XSLawpaVFbnc6nf7ulrhjMBg+Pj6HDh2aNWvW5MmTnZyc8E29NneUyWQmJiZLlizZu3fvxIkT5SaSRQjl5OTIZDKcE9YphEKhYueoqal1Ygi2/b1BEIRiYxBCHA5HaXJSZzl//jxCaODAgdSN0dHRXbp0GT16NEJo6tSpO3fuzMzMtLW1lWuwn59fSkrK9u3bDx48qHjkNx4Jit6sc2Qy2YULF2g0GnVtWtWfWVJ9fX1paSlCSCwW5+XlhYWF9evXb9KkSe1v8/v/6H08jh49SqPRPDw8EEKFhYUIISMjo59//vnKlSv19fWWlpaLFi2iht9SU1OnT5+OECIIoqioyNXV9cyZMydPniwtLe3Wrdv06dO/+OILciCRlRVVVFQkJCSMHj0aX8SysjIyixHDmV545OCDU8cnnU7v1q0bLsWN2bx5c9++fb29vR89eqT6lJWuoUuaOXPm8OHD8VTYZWVluEOUNgwf53WlZKba+ySRSI4fP25kZDRo0CCEEH4ag8Vi+fv7379/XyqVcrnclStX9unTB9cvKCgoLy/HAdE2rz61sqLbt2+/ePGCjKeq7mTVpQghPp+/bds2Hx8fW1vbW7duqa6s+mjr168n/1Y9kPB/FS9oamoqXgBbdTPAh0zFIIFR8ZFT/esDAAAAfMggegoAAJ1MX5N1YJ5t5O1X13Nqb+XWIYS6aau5WOh+6tANR0Dl4H8Sejkak9Gv/iaaT0saGwQSXQ1mWnGDlZEGuSPXvEs/Y83s8mbF4+DsxrkupuSWz7hGJ++V3X3Bf+PoaatUhhDKLmsmo6fk8qXNYmlqHn/KoG5kbFhPgzWyX9fLGdUSGcHseCgP98Pkgd0Yf+07wd5ggr0BWUFTnWGmzy6uFVLrv67fJFJCKiNeVDbj2ZLZLPqumf2Uvu/jogZ+i2Tl2F7k+w7ppdNDj337Rd10rhHe1MtAg1ynlobQsYUDqJm/NqZaCKHiWiEZPVVj0ibY/5mlxGbR3az0zj6sqG5qNdD6/0f7O70DAWiPmzdvVlVVkWuUTp06NTExMSkpydPTEyHU3NwskUhwglSn8/LySklJSUhImDFjBkJIJpOdP39+wIAB1IQehFBycnJycrLcvubm5u3Jt3tjS5YsMTMzi4qKioiIiIiIYDKZDg4OHh4eEydOpD4pr5S3t3dCQsL27dtPnTolF9DCM/ribELSy5cvcd4SZmJigtPC2uPzzz9X3Lht2zYcleks7eyNuro6aryHdPny5U4cQufOnSP7RyAQZGVl3blzx9HRkRoXrK2tTUlJ8fLyws0bP3783r17Y2Ji5KKnCCEtLa2AgIC1a9fGxsZOnTpV8e3aee4lJSXR0dFy+1pZWZEx3fZ0jkAgoE4jXF9fz+PxcnNzFyxYQE3sU/2ZJe3fv3///v3ky759+27cuLFDWd3/yEfvYxAbG3v06FE/Pz8rKyv0V1pwSEjIoEGDNm/e3NDQEBUV9c033xw5cgRHzXNzc2tqavBEtS0tLRKJJCUlRV9ff/ny5WpqahcvXvz1118RQj4+PnKV5dTV1X3zzTccDmft2rUIIZFIJJVK5WLhHA4HIY"
10:43:47.595 [Forwarding screenshot on session 5e9977749cf8e028abefff19f425d7c0 to remote] DEBUG org.apache.http.wire - http-outgoing-15 << "RzQAUCgWKknMPhkKnYp0+fzsjIOHnyZJthuTb169ePnOcWx+zl3hq/bGlpwe/1utK3bMYbkEgkQUFBmZmZISEhuBmNjY0IocDAQA8Pj1mzZhUWFoaHhy9duvTs2bP4USEej8fhcPCXQ5tXn1pZTmZm5saNG11dXVUk9XbIjh07DAwM2pyEuT2o4V7VA0kgECCFC8rhcAiCEAqFeECC/x4YFR+zNn99AAAAgA8ZRE8BAKDzGWqrrR3fe9W4Xs8rmp8WNz4orL+QVnkhrdJ/fG8PW+X3lE10/v+eO5tFRwjJCAIhVNPUOti8C7Vm39dET0vqhHQaCk0uom6k01D5m06lixAa0lvHqbdO5O1XlzOqhvTS4fbSce6tq8akIYTK+CICoYxXTdsv5pH1C2sEUhlR09SqOt1WhZ5d//Yvq9yKlqSsmuJaYaNQIpURhTUCXY2/zS32un6bzjW6lVu3+lR2P2PNwWZdnPro2PfQVhqQfFUnQghdelqFQ92YQCwtr///lWV76v2tVYJWWUpWzePihtqmVpFE1iSSIoTwTL+YcRd1FuP/382oizpCqKpRTI2evqMOBEC16OhofX19Nzc3/NLZ2dnExCQmJgZHYnB8iBrb60ROTk49e/aMjY3F0dM7d+5UVlYuW7ZMrpqDg4NijPA9TO3r6enp6elZXl6elpb28OHDGzdubNu2LTo6OiIiQvW7MxiMDRs2+Pj4/Pbbb35+ftQi3J9ys7AGBATg9CMsMDBQLvtWhYCAALkJIRFC1KnwOkt7ekNLS4u6+CIJL9fXWZKSksjM2levXunr62/atAlPYEvWiYuLk0gkZDRUS0trzJgxV65cWb16teKai6NGjXJ3d//ll1/c3d3lAttYe849KysrJydHbkdvb28y5tGezhGJRORc1q2trRUVFXZ2dqGhoXJpZ6o/syRfX98xY8YghAiCqK6uTklJ8fHxWbFihdKIu1L/1EfvP4wgiLCwsCNHjixatMjX15fciBCytLQkR4iLi8uUKVPCwsJw/JvH42lpaeHYP64sEolCQ0PxvWY3N7eampqIiIjZs2erq6tTK1Pl5+evWrWKRqMdOHAAB+zxR0Ymk1GrSaVSsojJZCouay2TyfBDIcXFxb/++uuqVat69OjRmX30mobhl0wmE0dPX1fauS1pU1NTU2Bg4JMnT3bt2kVOKoCv0WeffTZnzhyE0JAhQ3r16rVkyZJTp04tXLgQIcTj8bhcLm5te64+WZkqOTn5+++/d3R03LlzZ6ec+OXLl//4449jx451ejeqHkiqL3fntgR8OGBUfMza/PUBAAAAPmTwWwUAAO8Ki0GzNdWyNdXydjYprhUGnMkJSSocY62vNK2Q8ZpcwxaxVK6+GlP5I/+tEoJGo2mpM6gbJw/s1ttQ+RO7DDpNpmTtVCSREQgh/KZMOm379L738ur/eF575wU/Pq1KT4O1cbKFQ09tHCxUZ9Kp74jPV+nbtROOgGJXM6t/TMi3NtEc1V9fV4PJZNCP3n4llvztn16v6zdDbbXDX9onZlXffcmPfVxx8l5ZXyONLVOtFNcNFUtlCCENdQb1RNys9FiUfqa2Stgq+/rEs1K+aNJAw8FmOhw1enGtMPL2K+ox5a4RbqT07939jjoQABVKSkp4PB6DwRg7diy5USgUlpWV5efn9+7dW01NzdDQMDc3V8VB3hiNRps+ffrevXuzsrKsra1jY2N1dHSoLcEMDQ1Hjhz5LhrQHsbGxsbGxh4eHoGBgWFhYZGRkadPn54/f77qvWxsbGbNmhUVFSWXA4pXnXz58iV1408//YTj05WVlf7+/h1qnpOTU69evTq0CwkvhSh39wqTSCRI2T0s1b2hpqb2Hq5USEgIeco7d+6MiYnp1asXtakymSwmJgYhhAMVWGtrq0gkunz5stLIdEBAwIwZM3bv3r1t27bXTQmo+tzHjRu3Y8cOFc1uT+fo6uqS0VOJRPL5559XVFTIhcHa/MySG7t160Ym8yGE3NzcxGLxr7/++sknnyhG3JX6Zz96/z1isfjbb7+9ffv25s2bJ06cSG7X1tZGf1/hr0uXLvb29unp6fglj8dzdHTEH1gNDQ0Gg2Fra0vNvho2bNijR4+KioqsrKyolUk8Hm/dunV9+/YNDg7Gs+MihBgMhqamJs59JNXX1yOEcJ0uXbrgSXSp+Hy+sbGxTCbbtGmTnZ2dp6cnzvjEX2IikUggELxlZhh+pEBpw3R0dPAn9HWlb/O+HVVaWrpixYqWlpZDhw7179+f3K54QR0dHdlsdnZ2NkKotbX14cOH5IM1qq++XGXSkSNHQkNDZ8+evXr1arlr/Waqq6t/+umn+fPnd+/eHV/Q1tZWhFBLSwuDwXiz6cpJKgYSolxu6qMk9fX1HA6nzbVXwb8XjIqPWZu/PgAAAMCHDKKnAADQyaqbWiVSwljnb1G6nl3ZY230f08tK68X9dDrwBJiGmoMnNr4/8dvFCutqafJksqIpaPMqFmPKnTVZL2sbJER8utlltQJEUJklJGGkHMfHec+OgihjFdNOy693Hbh5ZmlDnoaLITQgJ7aC4d3chYCKepOqbk+e89sa/KMjv49SKmaGpPmaW/oaW/YKiWu59TuvpIf/kfxxkkWctW6arAQQp72ho692pUvdTO3Lr9asN6zz1gbfbzlj+d1cnWaRJK/vRRKEELa7L/d8HoPHQiAHDwD5+rVq6nLmopEoh9//PHs2bM4kufi4hIfH//kyRMHBwe53R89enT//v3PP//8jVdFnTx5clhY2Pnz501MTG7duoVzp970bDqNWCx++fJl//795VbkWrx4cWRk5IsXL9pzELyg5rZt21atWkVuNDc37969e1JS0sqVK8kpyyws/vwWwrfR3xsdHR0Gg6F0iamioiI1NTV8D6tTeuMdWb58+fXr1zdv3nzixAlyHt07d+6UlZXNmDFDLgf30KFDZ8+eVRo9NTY29vPz271796RJk6ihiH/w3JlM5oYNG3x9fffs2fPdd9+R29vzmX2dfv36JSQk5OXltTN6CjqRRCIJDAx8/Pjx/v375b5L8dMAcveRaTQaTrIUiUSPHz9evXo13k6n083MzBQr4//KVcYePXq0Zs2aUaNG/fDDD3KBBwsLi7y8POoW/BJPn25hYXHz5s2mpiYyY7u+vr66utrS0rK2tjYtLQ0hJDcf9cqVK+l0+r179zrWO3/Xq1cvOp2en59P3fjy5Us6nY6fD1Bd+n5UV1f7+flxOJyjR48aGhpSi3Az8Py9VPiCpqWlCQQCMqFc9dWXq4xFRUWFhob6+/vPnj27s07n4cOHDQ0Nhw4dOnToEHW7u7v7kCFDqHOAvwEVAwn99QuYn59PTWJ++fKl3Bz+4D8GRsVHTvWvDwAAAPAhe9s1SwAAAFAJW2W+R9I3nc+lzuOK5VUJGHSankbHHqHtbcDJrWgm0xabRNL7+fVKa9p310IIpebxyS0iiSwlu7b578FXklMfnWaxND6tkrqxUSi9mFbVVZNlbaKJEMoqa07JriVL7bprjbMxqG1ubRZJjXXUDLRY1LdDCD0taXxe0WnLUPFbWs26csjQaW5FS2GNoJ373sqte1ry550sFoM2zkbf2kSrqEZ+ziiEkK1Cv+HdKxqUR6n5La0IIQvKUrKJz6rl6pTXi6soQe7s8mY2i26q+7eo+XvoQACoxGJxfHy8g4PD7NmzJ1N4eXk5OztfvHgR5xLNnTuXyWQGBQXV1tZSdy8rK/vhhx/Onz//uly99sDJpsnJydeuXZNIJJ21eNtbOnbs2Lx581JSUuS24xzcdkaeNDQ0AgICnj59evnyZep2X1/f2tra7du3KyZ9Pnv27C1a3WEsFsvJyYnH4z1//py6PTMz8/79+8OHD8dxxE7pjXdES0vL398/Pz8/IiKC3BgdHc1ms5cvXz757z777LPc3NyMjAylh5o5c6a1tfWOHTuo0dN/9tzt7e2nT58eFxfH4/HwlnZ+Zl/nwYMHCCGc2QPes5CQEB6Pt2/fPsXHULp27WpjY5OYmEh+JwgEgszMTJzO+PjxY7FYTF3H1M3NLT09nZq2df/+fTabbW5urli5oq"
10:43:47.595 [Forwarding screenshot on session 5e9977749cf8e028abefff19f425d7c0 to remote] DEBUG org.apache.http.wire - http-outgoing-15 << "JizZo1rq6uW7ZsUczZGj58eE5ODnXm8MuXL2tpaQ0ePBiXEgSRmJhIll69ehUhNHLkSF1d3ai/W79+PUJo/fr1R48efaueQojNZjs5OSUnJ+MkeISQWCxOTk52cXFhs9mqS9/yrdtJKpX6+/vTaLT9+/fLhU4RQk5OTiwWi/rNn5GRIRQK8QXl8XiGhoZ9+vTBRaqvvlxlhNDNmzf37du3Zs2aTgydIoSGDh0qd0HxzOdRUVGBgYFveXAVAwkhNGjQIE1NzStXrpClL168yM3NhcT3/zYYFR851b8+AAAAwIcMck8BAKAzsVn0+cO6hyYXrTqZNY1r1MdQAyFUXi9KSK/i5fGnc4001Ts245aHneGuK/nBl/NnOZkIxNL914tNddVzK5UE2EZb6x/nle5LLNRUZ1ibaFU1ig/dLEnN44d/Yaf0TT8bZJT0rCY0uaikVujUR4fNYuRVtZxKLatuEm+eYoUnm80pbw5NLqwXSIb31eOwGEU1gpTs2t4GHHxAb2fTX5MK914r9Blmqsagp+bX77maP8xSL9Czj+LbvQErI83HRQ055c3m+pzHRQ2HbpY49NTOKmtuEEq6sNv4/Up8VpPxqsl/fC8bUy06jfaosCGnvHmCvZJFZ3vosd376p1/Ummmzx5jbSBslcanVUbdKfX36K20vlU3TYRQ3OPKr9x7NImkx3mlDBoNIVRQ/WdklyBQFw5zZ0LeyrG9DLXV7r7kp+bxx9sbKuYEd6gDy+pFWWXNCKHSOiFCKKusCc8tbG2iaaKjLmyV3Xn5ZyBWRqDyelFydi1CyERHHQfCAUhKSuLz+eTakFRTp07l8XiJiYkTJ060tLRcu3btzp07vb2958yZY2trK5VK09PTT548iRD65Zdf3nIdRC8vr0uXLh08eHDIkCFmZmaKFUpLS+Pj4xW3GxoaUoMEncjLy+vChQsbN26cPXu2u7u7rq5uY2NjWlpaZGSktrY2XqW1PUaMGDFq1Kjo6GjqxilTpmRmZsbExOTl5Xl5efXp00cikRQVFSUlJd29e9fa2nrEiBHU+ikpKXiRQpK9vT05da1iKTZs2DClS3jKWbVqla+vr5+fn4+Pj62tbWtr66NHj06cOKGrq7tixYqO9oZIJFJ6pWg02qRJk9pszJsZO3asm5tbVFTUmDFj+vfvX15efvv27UmTJinmQ0+aNCksLCwmJsbOzk7xOHi12i+++KK8vJxMWu2skYDetHNwcm1QUND//vc/TU3Ndn5m8ZasrCx865kgiPr6+ps3b/J4vPHjx1Onek5PT5fL9jY1NSUnEX3/H73/qoKCgt9//93R0bG0tJSa7a2pqYnXr12yZMmKFSvWr1+/dOnS5ubm8PBwPp8/d+5chBCPxzMxMcGTfmNz586Ni4tbuXLlxo0btbW14+Pj7969O3/+fBaLpVg5JCSkqanJycnp2rVr1CYNGDDAxMTEy8vr5MmT69atW7t2raGhYUJCQmJi4sqVK3Em94ABA1xcXPbu3ctms+3s7NLT00NCQtzc3PAnSC63G0/3am5ubm1trbQTbty4IRAIEEI1NTVCoRAPTg6Hg7NXIyIikpOTQ0ND8RfXwoULv/rqqw0bNixYsAAhdPDgQTy1LD6U6tL3ID4+PiMjY/bs2ampqdTtPXr0sLW17dKly9y5cyMjI42NjSdMmFBYWBgcHKytrf3pp58ihHg8nlwuqeqrT60skUiCg4MNDAy6du1KDSwhhEaMGMFmszMyMl69eoX+esLjxo0benp6CCF3d3cOh6OitEuXLnIX9ObNm+j1q2gLBIIbN27gvwmCePXqFW5P9+7d8fDACdB79uxBbQ0kdXX1L7/8Ek/J/sknn1RWVv74448GBgbTp0/v2FUBHxjVgwRGxUdO9a8PAAAA8CGD6CkAAHSyaYONdDjMk6ll2y/+/wQ1Pbuyvx5jPmVQhzNXxtsblNQJYx9XXHtWY6DF8nXrUVgjyK1sUUz+YrPou2f1332lwP90Dt7Sy4CzbVpfc33lz+azWfQ9s61/u1mSkF4V86gCIURDyK671vqJfQb0+HM+yU8dutU2iw/fKvk16c9nRZ376CwfbY7/njqom0QqO5FahhNYWQzaeDvDpaN6Knu3N7FstNmmuBd+x58hhHp2ZQeM7y1olW0893xayOPgmf1U77vGo/eeq/nfx77AabtqTNoEO8Ov3JW3bd2EPqEpRaHJRXuvFSKEdDWYy0abKQ2dIoQczLSnc41iHlbEp1WyGLSJAww3TLL4Nub5qXtlz0qb9szuL5bIrLppuPftuux4ZotYhhBy6q2zdKSSKFGHOvBpceNPl/9/5rr4tKr4tCqEUMD43iY66vwWybYL/7+24tOSRpx6+4mtgbXJ+5vaDnzIoqOjtbS0FNcZRQiNGDFCV1c3JiYGR2KmT5/eu3fvgwcPhoWFSaVShJCamtr48eMXLFjQvXv3t2zGgAEDrKyscnNzX3dTLDMzMzMzU3H7kCFD3lEIR0dH59ChQ7/88kt0dHRUVBTeyGaz3dzc/Pz8TExM2n+ogICAe/fuNTc3Uzd+++23XC73+PHjQUFBeAudTre3t//uu+/kZo5FCIWGhsodMzAwkAyAKZZihw4dak/01MLCIjIy8pdffgkJCcFXVl1dfcSIEStWrCAzFNvfG83NzZs3b1Z8Fzqd/u6ipwihdevWzZgxY9OmTcePH4+JiSEIQml80cDAYNiwYVevXv3mm2+UHqd///5z5sw5fvw4uaUTR8KbdQ5Org0MDNy3b9/69evb/5lFCMXFxcXFxZEnYmZmtnHjxsmTJ1P3unjx4sWLF6lbxo0bR0ZP3/9H778qJydHJpPdu3dPbkrbHj164Oipq6trUFDQ3r178czSBgYGW7dudXV1RcqCbQYGBmFhYVu3bvX19UUIsdlsHx+fpUuXKq387NkzgiB+/PFHuSZt2bLFxMREW1s7LCxs06ZNixcvRghxOJxFixbNmzePrLZjx44tW7Z89913BEHQ6fTRo0dv3LjxzTrhp59+Ki8vJ19u2LABIWRsbIyjp+Xl5bm5uXitTYSQg4PDjh07du3aNWfOHIRQt27dfvrpJ/K5B9Wl7wGeJ+DUqVOnTp2ibp8yZQpeqHjp0qUEQURGRh44cAAh1L9//+3btxsYGPD5/JycnM8//5y61+uuvmJlPp+Po++496guXrzIZrOjo6MvXLhAbty1axf+4/z58xwOR3Vph3qgrq6O2obHjx8/fvwYITRp0iR8IeSmVlY9kHx8fAQCAdldtra2P/74IzmhK/iXanOQwKj4mLX56wMAAAB8sGgEIT+3JAAAgE7RIpbVNosRQroaLK0OppzKkRFILJGxWXSE0M5LeXde8s9//dqJbppF0trmVg11hr5mu2YJlhGoskEskcn0tdQ4LCUzuktlRG1zq0RG6GuqqTHl47bk7kZd1Nu55Gr7EQhVNYoZdBp5Lq1SQiSRtbM/RRJZbXMrg04z0FKjt9U0sYSobBQx6fRuXdquLGyV1Ta36mux1Jl/9liTSMpm0ZmUPVulRGWjWFONoauh6lmld9qBALwNoVBYXV2NEDI2NmYy//uP3MlkssrKSoFAwOFwDA0N5eKab6+lpaW2tpbJZHbt2vWffdxeJBJVVFTQ6XQVV/Zd98aH7GM+d/DeyGQyHF80MTEhZ0TPy8vr2rUrXoRYTnV1dUtLi7GxMfntoaKyatXV1QKBwNjYWHF2X4RQU1NTTU2NgYHBGy9x/WYIgigrK6PRaMbGxopTxKsu/RCIRKLKykoNDQ19fX28RSgUlpSU9OzZU3GFb8Wrr6Lyv5TqgSQWi8vLy7W0tNrz6A/4z4BR8ZFT/esDAAAAvCMNDQ1vvC9ETwEA4IN2+wX/f/fKVn/Sq7cBByEkaJXNi3jay4Czq63kSwAAAAAAAAAAAAAAAADg4/Q20dP/fhoBAAD8q/U10ijli9aezh5jY8Bi0G4+r2sSSb5y7/FPtwsAAMCHQiaT/fzzzyoquLu7Ozk5vbf23Lp1i8fjva6UyWSuWrXqvTUGAAAAAAAAAAAAoKMgegoAAB80Q221cB/bC2mVeVWCVqnMuY/OxAGG5vodW6"
10:43:47.596 [Forwarding screenshot on session 5e9977749cf8e028abefff19f425d7c0 to remote] DEBUG org.apache.http.wire - http-outgoing-15 << "8IAADAfxtex/R1ZDLZe2sJQoggCBXt+TBn3QQAAAAAAAAAAAAgwcy9AAAAAAAAAAAAAAAAAAAAAID/jreZuZfeie0AAAAAAAAAAAAAAAAAAAAAAIB/L4ieAgAAAAAAAAAAAAAAAAAAAAAAQhA9BQAAAAAAAAAAAAAAAAAAAAAADKKnAAAAAAAAAAAAAAAAAAAAAACAEERPAQAAAAAAAAAAAAAAAAAAAAAAg+gpAAAAAAAAAAAAAAAAAAAAAAAgBNFTAAAAAAAAAAAAAAAAAAAAAADAIHoKAAAAAAAAAAAAAAAAAAAAAAAIQfQUAAAAAAAAAAAAAAAAAAAAAAAwiJ4CAAAAAAAAAAAAAAAAAAAAAABCED0FAAAAAAAAAAAAAAAAAAAAAAAMoqcAAAAAAAAAAAAAAAAAAAAAAIAQQsx/ugEAAPAvk5eX9083AQAAAAAAAAAAAAB8dPr06fNPNwEAAD4KNIIg/uk2AAAAAAAAAAAAAAAAAAAAAABA52hoaHjjfWHmXgAAAAAAAAAAAAAAAAAAAAAAQAiipwAAAAAAAAAAAAAAAAAAAAAAgEH0FAAAAAAAAAAAAAAAAAAAAAAAEILoKQAAAAAAAAAAAAAAAAAAAAAAYBA9BQAAAAAAAAAAAAAAAAAAAAAAhCB6CgAAAAAAAAAAAAAAAAAAAAAAGERPAQAAAAD6WKloAAAgAElEQVQAAAAAAAAAAAAAAAAAIYieAgAAAAAAAAAAAAAAAAAAAAAABtFTAAAAAAAAAAAAAAAAAAAAAABACKKnAAAAAAAAAAAAAAAAAAAAAACAQfQUAAAAAAAAAAAAAAAAAAAAAAAQgugpAAAAAAAAAAAAAAAAAAAAAABgED0FAAAAAAAAAAAAAAAAAAAAAACEIHoKAAAAAAAAAAAAAAAAAAAAAAAYRE8BAAAAAAAAAAAAAAAAAAAAAAAhiJ4CAAAAAAAAAAAfDolEIhAI3kVl8I8Qi8UikehdVAYAAAAAAAC8I8x/ugEAAPDfVN3Uei+PX9UkFrbKdDVY1iaa9j20aX+VlvJFT4oauL10jLqoye14K7dOKiNG9OtKHkRHgzXMUleu2r38eomUcLXUFUlkSc9qVLRknK0Bi0FTWtQslt58Xmeqqz6gh7ZiqYxAN5/Xygg0qn/Xdp0zAOBfgiCI+Ph4mUzm6emppib/LYQVFRXdu3evvLycxWIZGxu7ubnp6+vjopKSkgcPHrzu4F26dBk9erRQKLx8+XKvXr0cHByePHlSUFAwZswYbW0lXzX37t0rLS0dP368urp6XFzc6w47ePBgMzOzDp5oB8hksnv37r148aKmpkZNTa1nz56urq5du/7/tx8+i/Hjx7PZbITQzZs3a2pqXFxcjI2Nqcepqam5efPm0KFDjYyMqNszMjKePHlSW1tLp9ONjY2dnJzkTicrKysnJ2fs2LFaWlqKzcOlSluuoaHxySeftHmC+IpYWFjY29vLFaWnp798+ZI8tfb0Bj59pW9kZmY2ePDgNtuDz8jS0tLOzk6uKC4uztLS0tbWlrqxsLDw/v375eXlNBrN2NjY2dm5R48e1ApVVVW3b9/W1dUdOXKk3AFv374tkUhGjBihukm4i1RU8PT0ZLFYiqNUQ0PD0tKyT58+SvfCQwJ/LuSKOtQJ+AQrKiqEQqGenp6dnd2gQYNoNBq1VGkDrKysbG1tVVRACH3yyScaGhoEQXT07HJycrKysvr06TNgwAC5IrlBoqOjY2Rk1K9fPwaDQa3T3Nw8fvx4pQd/+2H/D2ppabl8+XJJSUmXLl1sbGycnJzkKqSlpaWmpkokkr59+44cOZLJ/Ns/zENCQm7cuBETE4NflpSUpKSk8Pl8U1PTcePGdenSRUXl9PR0Ho8nEom6d+8+cuRIPT09auXMzEwej9fc3GxmZjZu3DhNTU1qaXl5eUpKSmVlpYGBwejRo01MTKilRUVFd+7cqays1NXVdXV1tbS0VN0DiYmJhYWFHA7HxcVFcZBTyWSyW7duZWRkEARhZ2c3fPhwOp3eztL3o7S0NDk5uba2tlu3bkOGDLGwsKCWSiSSGzduZGVlqaurc7ncQYMGye2+YMGC/v37b9iwAb9UffWplWUy2R9//PHs2TMWi9WrV69Ro0axWCy5gz969KioqAh/ihVbrrQ0OTm5oaFBsbKjo6PcVytJ9djoUOUOjQ3w79LU1JScnNyjRw/F/xOAUfGRU/3rAwAAAHyYIHoKAACdjEDo18TC+LTKLhxmbwMNGUGU1AprmlsdzLS3fdaXzaIjhDJLm3ZfLdg8xVIxenr0ziuBWIajp4U1gt1XCxBCe72t7bv/7X766fvlglapq6Vui1i651oBuV1GIIQQnRItdbPSY3GUfNs/KWr8MSGvslH8ia2BYvS0rF70U0L+05JGoy5qED0F4D8mNTV1y5YtCCF1dfUJEybIlTY3N2/fvv3KlStMJrNHjx4ikaiiooJGo82cOXPVqlUMBiMrK2v79u1kfZlMhhAi72VbWFiMHj26qakpKCho2rRpDg4OfD4/KCioubl57ty5cu/V2tr67bffGhkZTZ06VSKRBAUFUQ9F9f3337+76Gl2dra/v39FRUW/fv10dXX5fP7z58+ZTOa2bdtGjRqF61y6dCkmJsbNzQ2HGCMjI9PS0pycnMLCwqiHKi4uDgoK2rdvHxk9LSgo+O6777KysjQ1NY2NjZubmysqKgiC+Oyzz9atW0feNE9JSTl8+LCDg4PS6CkuVdozpqam7Qkj1dfXBwUFzZ49WzF6euXKlVOnTg0dOhSfWnt6A5++0vZMmjSpPdFTfEZ6enpnz56VCwVt27Zt3rx5ZOCwsbExKCgoKSkJD0iEUElJiUQi8fDwWL9+PdldeXl5ePwcOnTIwcGBesDjx48LBII2o6d45JMv5QY2QmjkyJFaWlpBQUEMBoMawBAKhQihgQMH7tixo1u3bnKHPXXq1JEjR2g0Wnx8vFysvZ2dQBDETz/9dPbsWR0dHUtLS5lMVlhYWF1d7ejouGfPHg6HQ54+jUYj46kkHx8fW1tbFRUQQs7OzhoaGlKptKNn9+OPPz59+rRnz57nzp2TK8KDhAzJ4+OYmJjs3LmTvLiRkZHFxcWvi56+/bD/p2RkZKxZs6axsdHKyqq+vj4kJMTFxeXnn38mn1bZuXNndHS0paWlurr64cOHBw0aFBISoq6uTh6Bx+M5Ozvjvy9cuBAUFKSvr29qanrq1KmIiIiIiIiePXsqViYIYuvWrefPnzc2NjYwMDh16tSePXu2bNlCPlKwb9++qKgoMzMzAwOD06dPh4eHh4eHk1+t169fDwwM1NbWtrCwyM/P//XXX3fu3Enu+9tvv4WHh3ft2tXU1LSoqGjfvn2LFy/+6quvlPZAUVHR4sWLGxoabGxs6urqDhw4MG/evJUrVyqtLBQKV6xY8fjxY2trazqdHhkZOWjQoH379uHBo7r0/YiJiQkODuZwOObm5sXFxbt37/7yyy/9/PxwaVNT0/Lly7Oysmxtbfl8vuLJ8vn87OxsHx8f/FL11adWrq+vX7ZsWXZ2tqWlJYPBiIiIMDExCQsLIwOcAoFgz549OHDu5OQkFz1VURoZGZmXl0etTBCESCTaunWr0uip6rHRocodGhvg3+XBgwebNm0qLy9X/D8BGBUfOdW/PgAAAMCHiwAAANCpkrNqRgffC79e1CqV4S1SGXH6ftno4HsHrhfhLVczq0cH37v5vFZx94WR6XMPpuG/HxTUjw6+Ny300fzfnoolMmq1Nf/L9jueqbj7F4eefnk4vc1GRt15NW73/SO3Sj7ZfX/npTy50tQ8/sS9D76PzfU7nukd/qTNowEA/l3WrFnj7e39xRdfLFy4UK5IIpEsWLCAy+WGhYU1NjbijVVVVd9//z2Xy92xY4dc/aqqKi6Xu3PnTqXbt23bho85YcIELy8vxZZcvXqVy+WePXuWIIjW1lYulxsYGNgp59gh06dP/+STT/Lz88ktZWVl06dPd3V1raurw1u2bdvG5XKrqqrwS19f37Fjx3K53AsXLlAP9fjxYy6Xe/v2bfI4o0ePHjVq1LVr11pbW/HGys"
10:43:47.596 [Forwarding screenshot on session 5e9977749cf8e028abefff19f425d7c0 to remote] DEBUG org.apache.http.wire - http-outgoing-15 << "rKLVu2cLncrVu3kjuGhoZyuVxqG6hUl7ZHeXk5l8sNDg5WLAoODuZyueXl5fhle3rD19d33Lhxb9wYgiBCQ0OHDRs2bNiwzZs3yxUNGTJk3759+G+RSDR37lxHR8eIiIimpia8sbGxcf/+/Vwu18fHh+xVHo/H5XLHjh07ffp0sVhMPeCSJUt8fHw62sJp06bNmDFDbqPSUdrY2Hj8+HEul7tgwQLF+uPGjdu0aZOzs/P+/fvlStvZCVeuXOFyub/88gt5slKp9NixY1wud8+ePXgLPv0zZ8687nTarPAGZ/f8+XP8Medyuffv35crlRskIpHo2rVrrq6uU6ZMeV0dOW8/7P8RUql04sSJkyZNKisrw1sOHz5M7fy4uDgulxsXF4dfXr9+Xe7SVFdXc7nclJQUgiAKCwudnJw2bdokkUgIgnj16tWoUaOo14ha+dy5c1wuNyIiQiaTEQRRVVU1ceJEDw8PqVRKEMTDhw/xdzvesby83MPDY/HixfhlQ0PDyJEj/fz8hEIhQRBCoXDZsmUjR47EPwRPnjzhcrk//vgjboZAIPDz8+Nyua9evVLaCYsXL/bw8CB7AH9gHz58qLTywYMHHR0d7969i1+mpqY6OjoePHiwPaXvQX5+vpOT08qVKwUCAUEQIpFo9erVXC43L+/P/3/+/vvv3d3ds7Oz8cuff/6ZWkoQxNWrVx0dHevr64l2XH1q5Y0bNzo7O6empuKihw8fOjk5kVe/tLR0ypQpM2bM2Lhxo+K1UF2q6Ndffx0zZgyfz1csUj02Olq5Q2MD/ItERETgXzpnZ+cffviBWgSj4iOn+tcHAAAAeNfq3wKsewoAAJ0s41UjQmjmEBPmXxmgdBqa4Wi8eERPpRPktsnXrUdxrfBkalknNrKkTvjzrP7zh3VXloKCXlS2LBlptnmKpZY6Q0kxAODfrKqq6ubNm5988smECRMeP35cUFBALT1//vyTJ08WLFiwdOlSMqvPwMBg8+bNI0aMKC4uxglkHcJgMD777LP8/PwnT57IFcXGxmpoaLwu8+z94PP5BQUFo0aN6tWrF7nR2Nh406ZNy5cvb21tfd2OAwcOdHNz27NnD5/Pf12dvXv3NjQ07N27d+zYsWSaqaGh4Xfffefl5aWjoyORSDrxXN7eG/fGG1BTU1u8ePH58+cfPnz4ujr/+9//srOzV61atXDhQnKSNy0trSVLlixbtiwjIyM6Oppa38/Pr7CwMDIyshPb2SYtLa25c+eOGTPmyZMn1dXV1CI81ee0adOGDx8eFxcnlUrl9m1PJ+APzrx588ghRKfTP//885UrV3K53M4+G3kqzi46OlpLS2vVqlU4fVb1cdTU1MaOHTt8+PCSkpKmpqZ32eR/WHl5effu3b/66isy1djb2xshlJGRgV+ePHmSy+V++umn+OWIESNiY2OnTZtGHiE1NZXBYDg6OiKETp8+ra6u7u/vj2c8NjU1/f333zdt2qS0cnV19eDBg7/88kucYWxgYODh4VFdXV1RUYEQio2N1dbWXrBgAd7RyMjI29v7wYMHJSUlCKHk5OTGxkY/Pz+cBKmurr5kyZLGxsakpCR8Uo6OjosXL8bNYLPZM2bMQAhlZ2cr9gCe3X3OnDlkD/j6+mppacXGxuKX169fDwsLI4dBbGysq6uri4sLfunk5DR06FCysurS96CoqMjGxmb58uU421VNTc3LywshlJmZiRDi8/kJCQlz587t168frr906dJLly717t2bPAKPx7OxscH55W1efWploVA4bdo0ctrnwYMHW1tbkwOpuLjY1dX12LFjctMIt6dUzvPnz48dO7ZmzRodHR3FUtVjAyF04sSJEydOtKdym2MD/HsVFhYeOHBgyZIlijMcwKj4yKn+9QEAAAA+ZBA9BQCATqanyUIIPSysl9s+c4jxUAv55Uvbw8JQY8qgbr+nlhbXdjho8TrrJvSx665kckhstpPJpIGGnfVeAIAPyrlz5wiCmDBhwvjx45lMplzMIz4+ns1mf/HFF4o77t69OzQ09M0mS5w6dSqDwZC7EVZWVnbv3j1PT0+lS7W9N9ra2iwWKyMjo7m5mbrdzs7O29vb0PC1X4ZisXjdunVCoXDv3r1KKzQ3NycnJzs7OysuCYkQCgwM/Prrr+WWu/vHvXFvvAGRSOTt7d23b9/t27eLxWKldc6fP6+npzdr1izFojlz5mhra8ut02llZTVjxozDhw/LPRbwHuDVJeXC4WfPnjU3N7e3t588eTJ+cEFur/Z0Al5yODU1VW77vHnzhg8f3mknoJLi2bW0tCQkJIwbN05DQ8PT0zMlJaWurq7N49TX1+vq6iqdnvo/w9TUNDw8nAyPIYTwlTUwMEAI1dXV5ebmyl24Hj16UCco5vF4dnZ2uJfu3bvH5XKp68MZGxvLzfFLVl64cOHBgwepK8uKRCIajYYv39OnTwcMGEBd6xpPrZmWloZLORyOjY0NWWpjY6Ouro5LPTw8Dhw4QA2t4a8IuUVVsadPnyKEqKF9NTU1Ozs7fCiE0M2bNw8fPoyPUFFRUVFRIfccwODBgysqKsrLy1WXKr71u+Du7n7kyBHqIq8ikQj99cF88OCBTCZzd3cnS9lsttwc16mpqXhq5fZcfbIyQig4ODggIIBaWSgUkmuQOzo6BgQEUAcDlepSKoIggoKCBg8erDiTP6Z6bCCEzpw5c+bMmfZUbnNsgH+vzZs3y02bT4JR8ZFT/esDAAAAfMggegoAAJ1sgr2hrgZz+8W8H+JeJD6rqWhQfjO0/WQE4Tu8hw6H+fPVTrsXTFeWctrOUgDAv5dUKj137tzQoUONjIx0dXVHjhx58eJFfCMYIUQQxLNnz+zs7Kh36juFoaGhu7t7YmIiNecMT12Ik3ioLWxR8AYJr+3HYDB8fHyys7NnzZoVHh7++PFjskNUk8lkJiYmS5YsuXDhwv379xUr5OTkyGQynBPWKYRCoWLndG72avt7gyAIxca0tLQQBNHO95LJZEwmc8OGDUVFRYcPH1asIBAI8vPzBw0apDTGrK6uPnDgwNzcXOrwIAjCz89PV1eXuoLpe9DQ0PDHH38YGxuT690ihAoKCh4+fDhlyhSE0LBhwwwMDBQXB22zExBCU6ZM0dPT27hxo7+/f0JCQlnZm89F0draqnjJXhe1VX12ly5damlpmTp1KkIIr1scHx+veHalf8nIyNi7d+/Dhw9XrVrVoTa/h2H/rh09epRGo3l4eCCECgsLEUJGRkY///yzh4eHi4vL559/fuPGDWp9Mn5GEERRUZG5ufmZM2emTZvm4uLy6aefHj16lPopowbb5FRUVCQkJIwePRo/9VJWVka9ggghnOlVWlqK/9utWzdq0hidTu/WrRsupRKJRLdu3dq7d6+jo6PSYAneRfG9SktLcctnzpy5a9cuXV1d3CqllfFxVJcqPet3TSKRHD9+3MjIaNCgQQgh/KAGi8Xy9/cfMWKEm5vbypUrqUuKFhQUlJeX42vU5tWnVlZ0+/btFy9eeHp64pdKlwQmqS6lSkxMfPbs2ddff/26Cm2OjfXr169fv749ldscG+DfS8WQg1HxkVP96wMAAAB8yD6sp90BAOA/QF+TdWCebeTtV9dzam/l1iGEummruVjofurQrbcB582OqanG+HqM+Q9xLy6lV3naQ1YoAOAN3bx5s6qqat26dfjl1KlTExMTk5KS8N3Y5uZmiUSCE6Q6nZeXV0pKSkJCAp7vUSaTnT9/fsCAAdSEHoRQcnJycnKy3L7m5uZtzgv6NpYsWWJmZhYVFRUREREREcFkMh0cHDw8PCZOnEh9Ul4pb2/vhISE7du3nzp1Si7LB8/o27VrV+rGly9fUuORJiYmSpO3lPr8888VN27btg1HZTpLO3ujrq6Omm5Funz5coeGkK2t7axZsyIjIz08PKhzXSKE6uvrkUIHUuFcWD6fT073hxDS0tIKCAhYu3ZtbGwsju11uvz8fHJyYIIgqqqqkpKSGhoagoODqXeHo6OjmUzmpEmTEEIMBmPy5MmRkZHl5eXU1mIqOgEhZGBgcPz48fDw8GvXrl2/fh0hZGxs7Obm5uXlJf"
10:43:47.596 [Forwarding screenshot on session 5e9977749cf8e028abefff19f425d7c0 to remote] DEBUG org.apache.http.wire - http-outgoing-15 << "fxUZwcGyHk6upqamqK/969e/fu3bvlKkybNu3bb7/t6NmdPXvWysrK1tYWIdS7d+8BAwbExMTMmzePWofP51NTMJlM5oIFC8aNG6fYSBXez7B/d2JjY48ePern52dlZYUQamhoQAiFhIQMGjRo8+bNDQ0NUVFR33zzzZEjR+zt7RFCubm5NTU1eKJaHCdOSUnR19dfvny5mpraxYsXf/31V4SQj4+PXGU5dXV133zzDYfDWbt2LUJIJBJJpVK5yQM4HA76K4tUIBAoTi3A4XDk0tBnzpyZl5fHZDJ9fHwWLlyoOEUnPhRCSPG9CIIQCoUcDqdfv37kPLctLS2KlfHLlpYWHI95XaniW79rEokkKCgoMzMzJCQEN6OxsREhFBgY6OHhMWvWrMLCwvDw8KVLl549exYnBPN4PA6HM3DgQNSOq0+tLCczM3Pjxo2urq7UaX7fnkwmCw8Pd3d3p+YFymlzbFDDvaortzk23uJUwIcLRsXHrM1fHwAAAOBDBtFTAADofIbaamvH9141rtfziuanxY0PCusvpFVeSKv0H9/bw/YNwxJuVnpDLXTDrxcPtdDT04BvbwDAm4iOjtbX13dzc8MvnZ2dTUxMYmJicPQUx8bamXnZUU5OTj179oyNjcXR0zt37lRWVi5btkyumoODg2Kw5D1M7evp6enp6VleXp6Wlvbw4cMbN25s27YtOjo6IiJC9bszGIwNGzb4+Pj89ttvfn5+1CLcn3KJfQEBATj9CAsMDJTLvlUhICBAbkJIhJCKW95vrD29oaWlRV18kYSX6+uQpUuXJicnb9u2LSIighqMYbFYSKEDqXCR4tSUo0aNcnd3/+WXX9zd3VUEX9/Yq1evyGmom5qa+Hy+p6fn/Pnz+/TpQ9YRCoUXLlygNmDKlClHjhw5d+7c0qVLFY/5uk7AjIyMvv/++8DAwKysrMePH/N4vJiYmJiYmO+//x5HZ7ErV65cvXpVbt/g4GAyejp9+vShQ4fKVSBL2392T58+zc3NxWE5bOrUqVu2bLl//z65RiNCSEdHJywsDP8tEAhevHhx/Pjxa9euHThwoP0h9vc27DsdQRBhYWFHjhxZtGiRr68vuREhZGlpSX58XFxcpkyZEhYWtn//foQQj8fT0tLCYWlcWSQShYaG4nvNbm5uNTU1ERERs2fPVldXp1amys/PX7VqFY1GI7saJ3DLZDJqNbwQLy5iMpmKWf4ymUzu87Vo0aLq6uqcnJxjx47l5+dv3bpV8QOo9L3wS8U8ctWVcfS0nYd615qamgIDA588ebJr1y5yUgF8jT777LM5c+YghIYMGdKrV68lS5acOnVq4cKFCCEej8flcnFr23P1ycpUycnJ33//vaOj486dOzv3xP/444+CgoIffvhBRZ12jo32VO7Q2AD/GTAqPmZt/voAAAAAHzL4rQIAgHeFxaDZmmrZmmp5O5sU1woDzuSEJBWOsdZn0mkMGg0hJFM2F5FESjAZymfOXTHW/MvD6WHJhRsmWSh71h8AAFQpKSnh8XgMBmPs2LHkRqFQWFZWlp+f37t3bzU1NUNDw9zc3Hfx7jQabfr06Xv37s3KyrK2to6NjdXR0aG2BDM0NBw5cuS7aEB7GBsbGxsbe3h4BAYGhoWFRUZGnj59ev78+ar3srGxmTVrVlRUlFwyXM+ePRFCL1++pG786aefcHy6srLS39+/Q81zcnLq1atXh3Yh4aUQ5e5eYXgSVMV7WKp7Q01NrbOulKamZkBAgL+//7lz56ZNm0bGDvX09DQ0NKhzYMrJz8/X0tKirsVICggImDFjxu7du7dt26Y0Pe5tuLm57dixA/9dWlo6c+bMhoYGanARIXTlypWmpqZbt27J9VJcXNxXX32l2Nuv6wQqNTW1gQMHDhw4cP78+QUFBcuXLw8ODsYLGOMK69atUx2Mt7KyavOqtefsoqOjEUIhISE45IP+GloxMTHU6CmDwSBTDBFCDg4OLi4uU6dOjYiIIOf5bNPbDPt/kFgs/vbbb2/fvr158+aJEyeS27W1tdHfV/jr0qWLvb19eno6fsnj8RwdHfEHVkNDg8Fg2NraUrOvhg0b9ujRo6KiIisrK2plEo/HW7duXd++fYODg/HsuAghBoOhqamJcx9JOL0b1+nSpYvipNByid0IIfJL29PTc+nSpXZ2dorrZONHKBoaGqjPUtTX13M4HPxIhNLKig3T0dHBH4TXlaL3qLS0dMWKFS0tLYcOHerfvz+5XfGCOjo6stns7OxshFBra+vDhw/JB2tUX325yqQjR46EhobOnj179erVctf67V25csXMzAxnvr5OO8dGeyp3aGyA/wwYFR+zNn99AAAAgA8ZrHsKAACdrLqptbxePlGmZ1f2WBv9FrGsvF6EEOqqyUII4b+pWqVERYPYUFv5RJHdtNV83XokZ9feL6hnQPgUANBBePLb1atXr6Hw9/en0WjkvLguLi4lJSVK5/989OhReHj428yyNXnyZDU1tfPnz/P5/Fu3bk2ePFlp5sp7JhaLs7Ky5NbWotPpixcvRgi9ePGiPQfx8/PT19fftm0bdd0vc3Pz7t27JyUlUVMuLCwsbGxsbGxsLCwsOukM2kVHR4fBYChdYqqoqEhNTQ3fw+qU3ngDI0eOHDly5L59+2pqasjwAJ1Od3Z2zsjIoGbrkkpKSp49ezZs2DCla60ZGxv7+flduXLl7t27nR5voDI1NV20aNGtW7cuXbpE3X727FlDQ8P169dTP25z586trq6+deuW0kMp7QSEUGVlpeKF69Wr14QJE5qbm9/psmFKz66+vj4xMXHIkCEBAQHkqa1du3bYsGHXr1+vra1VccAePXpoamo+f/783bX5QyCRSAIDAx8+fLh//35q6BQhhCPBcveRaTQaHsYikejx48fkPKh0Ot3MzEyxMv6vXGXs0aNHa9asGT58eFhYmNyNaQsLC7lnEfBLPP+zhYVFZWUldWnq+vr66upqXPrixYsHDx5Q9x0yZAibzX769Kni6eMvt/z8fOrGly9fyk00TXYInU5XrEyn03v37q26VPFo70h1dbWfnx+LxTp69Cg1dIoQws3A8/dS4QualpYmEAjIa6T66stVxqKiokJDQ/39/f39/Tv9q0wgENy6dWvYsGGqq6keGx2q3KGxAf4zYFR85FT/+gAAAAAfMoieAgBAZxK2ynyPpG86n9sqlU8szasSMOg0PQ0WQsjGVEtLnRH3pELY+rc0oNjHFSKJbJjla9fA+2ywUV8jjb3XCpTdKwYAgNcSi8Xx8fEODg6zZ8+eTOHl5eXs7Hzx4kWcEDl37lwmkxkUFCQXAikrK/vhhx/Onz//Nml8ONk0OTn52rVrEomkcxdve2PHjh2bN29eSkqK3Hacg6s4ZahSGhoaAQEBT58+vXz5MnW7r69vbW3t9u3bFZM+nz179hm8K60AACAASURBVBat7jAWi+Xk5MTj8eQCV5mZmffv3x8+fDi+L98pvfFm1q5dK5PJgoODqVMl+/j40On0H374QS5sLxKJtm7dymAwFPPeSDNnzrS2tt6xY8c7jZ4ihObMmWNlZbVr166amhq8JTs7+9mzZ1OmTJn8d35+flpaWioW8VXsBIFAMHPmzICAgNbWVrnKubm5TCbzXUxNTKV4dvHx8WKx2NfXV+7sFi5cKJFIzp8/r+JoWVlZzc3NJiYm77TN/7iQkBAej7dv3z4HBwe5oq5du9rY2CQmJpLfCQKBIDMzE8fkHj9+LBaLqeuYurm5paenU9O27t+/z2azzc3NFStXVFSsWbPG1dV1y5Ytijlbw4cPz8nJoT6LcPnyZS0trcGDB+NSgiASExPJUjwLNE5WjoqK8vPzKy8vJ0uLi4uFQqHSZZsHDRqkqal55coVcsuLFy9yc3OV5j2z2WwnJ6fk5GScBI8QEovFycnJLi4ubDZbdani0d4FqVSKHzPav38/XmuZysnJicViUb/5MzIyhEIhvqA8Hs/Q0JBM3VZ99eUqI4Ru3ry5b9++NWvWzJ49+12cWlpamlAoVJ14itoaGx2q3KGxAf4zYFR85FT/+gAAAAAfMpi5FwAAOhObRZ8/rHtoct"
10:43:47.596 [Forwarding screenshot on session 5e9977749cf8e028abefff19f425d7c0 to remote] DEBUG org.apache.http.wire - http-outgoing-15 << "Gqk1nTuEZ9DDUQQuX1ooT0Kl4efzrXSFOdgRBSY9KWjzHfeSlv2YlnM4cY99BjNwgkf+TUXntWY2uqNWmg/K0ZEp2GvvHo7Xcss7JB3NdY880aKWyV3XnJx3/LCFReL0rOrkUImeioW5toIoTuvuQLWmUIodrmVkGrDJdyWPShFjC7DgD/VklJSXw+f+rUqYpFU6dO5fF4iYmJEydOtLS0XLt27c6dO729vefMmWNrayuVStPT00+ePIkQ+uWXX95yCVIvL69Lly4dPHhwyJAhZmZmihVKS0vj4+MVtxsaGlKDBJ3Iy8vrwoULGzdunD17tru7u66ubmNjY1paWmRkpLa2Nl6ltT1GjBgxatQoPKMpacqUKZmZmTExMXl5eV5eXn369JFIJEVFRUlJSXfv3rW2th4xYgS1fkpKitx6kPb29uS0pYql2LBhw9oTQlu1apWvr6+fn5+Pj4+trW1ra+ujR49OnDihq6u7YsWKjvaGSCRSeqVoNBp1Jc72MzIy8vPz27VrFzWX1M7O7ptvvtm1axcekDjGkJube+rUqeLi4vXr11MnhpWDl6T94osvysvL3+kymUwmc8OGDV9++eWOHTt27dqF/prY9tNPP5Wrqa6uPn78+LNnz5aVlSmNICp2AofDWbJkya5duxYuXOjt7Y0TNcrKyuLi4m7dujVnzhwtLa32NzU9PV1pwnf//v2trKzac3YEQZw9e7ZHjx7kuo8ke3v73r17x8bG+vj44McsxGIxeUO8tbW1oKAgNjaWzWb7+PiQeykdSKNGjSLP6y2H/ftXUFDw+++/Ozo6lpaWUjODNTU18ZrTS5YsWbFixfr165cuXdrc3BweHs7n8+fOnYsQ4vF4JiYmeNJvbO7cuXFxcStXrty4caO2tnZ8fPzdu3fnz5/PYrEUK4eEhDQ1NTk5OV27do3apAEDBpiYmHh5eZ08eXLdunVr1641NDRMSEhITExcuXIlXqF5wIABLi4ue/fuZbPZdnZ26en/x959x0Vx9H8Anyv0KhxwFBE7Chj0FEsQFRuW/DRBjTUkaowSH0tiwWh8lCD2EgvWKBqNxiBWFBXBiAWwoiAiCtI7HHBw/fb3x+bZXO7gRMUS/bz/yCs3893d2dk5LrnvzcyDrVu3ent7u7u7E0LGjx9/4cKFOXPmTJ8+3cnJKT8/f/v27Ww2W3uQE0IMDAy++uqrrVu3uri4DBo0qKSkZPXq1Twez9/fnw7YvXt3bGzstm3b6Cc4derUr7/+evHixVOmTCGE7Nq1q6ysbM2aNXSw7to34PTp0ykpKWPHjk1MTFQvd3JycnNzMzc3nzBhQnh4OJ/PHzJkSHZ29tq1a83MzOieSUhI0JhLqvvpqwcrFIq1a9fyeDwrKyv1xBIhpE+fPoaGhikpKfn5+eR/v265cuUKncz28fExMjLSXUufh15Yvt7PYnW6xwYhZO7cuYSQjRs3Pjf4uWMD/qXEYvGVK1fof6coKj8/nx60jo6O7u7uGBUfON2fPgAAAO8yZE8BAJrYZ13sLIy4hxMLQ6P+XqCmuZXhf/q3GNH571k7Aztamxpw9l/LX3Pur3WKLIy447zsJ/Z04LJ1Te1qa2vsL+D/catIR4xuwjrFijN/78N3P6/mfl4NIWSQG6+DfUtCyJZL2cXVfy8+TAfbmesjewrw7xUREWFqaqq9zyghpE+fPpaWlpGRkfQKk/7+/i1btty1a1dYWJhSqSSE6Ovr+/n5TZkyxdHR8RWb0alTp7Zt22ZkZDT0pVhqampqaqp2ebdu3V5T9tTCwmLPnj0///xzRETEgQMH6EJDQ0Nvb+/AwMAXmiS3YMGCpKQkjVmSP/zwg0AgOHjwYEhICF3CZrM9PDx+/PHH4cOHa0yL3LZtm8Y5g4KCmOypdi1tz549jUkjtW7dOjw8/Oeff966dSv9ZA0MDPr06TNr1ixm+7rG90Ztbe3y5cu1r8Jms18ue0oIGTNmzNmzZzVm5Y4dO7Z169Z79uzZuHEj3Wwul9u1a9elS5d+9NFHuk/o6uo6fvz4gwcPvlx7Gs/d3X3UqFF//PHHhQsXevXqFR0d3b17dwcHB+3IkSNHRkREHD9+XHt3Q5p2J4wdO9bS0jI8PHzJkiVMoYuLy/z588eMGfNC7YyKioqKitIunz59ekPZU/LPu7OwsMjNzQ0MDKx3GvqIESM2bdqUlJREJ4FEItHixYvpKj09PXpX44kTJ6rvY1rvQPLw8GCyp6847N+89PR0lUqVlJSUlJSkXu7k5ERnT3v16hUSErJp0yZ6k1oej/fTTz/16tWL1Jds4/F4YWFhP/300+TJkwkhdO55xowZ9QY/fPiQoqjVq1drNCk4ONje3t7MzCwsLGzZsmX0QtxGRkbTpk2bNGkSE7Zy5crg4OAff/yRoig2m+3r68sMOVdX13Xr1m3atInZrblFixZr1qxpaNpiQECAWCwODw/fsWMHIcTNzW316tXMMy0qKsrIyGCmU3t6etK5+fHjxxNCbG1t16xZw2TmdNe+AfSb8ciRI0eOHFEvHzFihJubGyFkxowZFEUxN+vq6hoaGsrj8YRCYXp6+sSJE9WPaujpawcLhUI6+868iRhRUVGGhoYRERFnzpxhCumfbhBCTp06ZWRkpLuWuQQhpDG/wNAxNojWmqu6g3WPDfiXqqysVB+od+/evXv3LiFk+PDh9LsVo+JD9txPHwAAgHcWS2NbIwAAaCp1MlVFrYwQYmmsZ2rQ4LKBIqmyslZuqMduaLtTAIC3QiKRlJWVEUL4fD6X+/7/5E6lUpWUlIjFYiMjIxsbmyZf7rWurq6iooJeavXt/txeKpUWFxez2WwdT/Z198ZLoAcki8Xi8Xjvwo65b15tbS39lrSysjIzM3vbzYFXolKp6IVw7e3tmVR0ZmamlZWVxn6ltLKysrq6Oj6fz/z10BGsW1lZmVgs5vP52qv7EkJEIlF5eTmPxzMxqWeNk4qKipqaGltbWyYDp4NMJisqKjI1NW1MnpuiqMLCQhaLxefztXPzumvfBVKptKSkxNjY2Nrami6RSCR5eXnNmzfX/nul/fR1BL87dI+NFwp+obEB7w2Mig+c7k8fAACA16S6uvqlj0X2FAAAAAAAAAAAAAAAAADeH6+SPX3/pxEAAAAAALzHVCrVhg0bdAT4+Ph4eXm9sfZcvXo1ISGhoVoulztnzpw31hjGu9ZLAAAAAAAAAPDOQvYUAAAAAODfjd4QtCEqleqNtYQQQlGUjva8xVU336leAgAAAAAAAIB3FlbuBQAAAAAAAAAAAAAAAID3x6us3MtuwnYAAAAAAAAAAAAAAAAAAPx7IXsKAAAAAAAAAAAAAAAAAEAIsqcAAAAAAAAAAAAAAAAAADRkTwEAAAAAAAAAAAAAAAAACEH2FAAAAAAAAAAAAAAAAACAhuwpAAAAAAAAAAAAAAAAAAAhyJ4CAAAAAAAAAAAAAAAAANCQPQUAAAAAAAAAAAAAAAAAIATZUwAAAAAAAAAAAAAAAAAAGrKnAAAAAAAAAAAAAAAAAACEIHsKAAAAAAAAAAAAAAAAAEBD9hQAAAAAAAAAAAAAAAAAgBBCuG+7AQAA/zKZmZlvuwkAAAAAAAAAAPDBadWq1dtuAgDABwFzTwEAAAAAAAAAAAAAAAAACCGERVHU224DAAAAAAAAAAAAAAAAAEDTqK6ufuljMfcUAAAAAAAAAAAAAAAAAIAQZE8BAAAAAAAAAAAAAAAAAGjIngIAAAAAAAAAAAAAAAAAEILsKQAAAAAAAAAAAAAAAAAADdlTAAAAAAAAAAAAAAAAAABCkD0FAAAAAAAAAAAAAAAAAKAhewoAAAAAAAAAAAAAAAAAQAiypwAAAAAAAAAAAAAAAAAANGRPAQAAAAAAAAAAAAAAAAAIQfYUAAAAAAAAAAAAAAAAAICG7CkAAAAAAAAAAAAAAAAAACHIngIAAAAAAAAAAAAAAAAA0JA9BQAAAAAAAAAAAAAAAAAgBNlTAAAAAAAAAAAAAAAAAAAasqcAAG+BXEmJ5apXP4+KImK5SkW9+pk+RK+p36QKlVTR4MPVXQsAAACgUCjEYvHrCIa3QiaTSa"
10:43:47.596 [Forwarding screenshot on session 5e9977749cf8e028abefff19f425d7c0 to remote] DEBUG org.apache.http.wire - http-outgoing-15 << "XS1xEMAAAAAACvCfdtNwAA4P1UJpInZQpLRTKJXGVprNfB3sTDyYz1v9pf4vP+uFV0bk5XfS5L11me59azqkXHHod82rZna8sXPfbP9AoOm+XdtplGeXG17PazKk9ncwdLg1dpm7qUfFFOeYPf67XgGbk5mDbVtRojObdm1dnMkhrZxJ4OX33s2LQn/+73R0oVtWOS20vUNkZepeR+bk2n5mZOzQy1a2tlyvjHlQ6WBp2czF76EvDeoyjq9OnTKpVq6NCh+vr69cbk5OQkJSUVFRXp6enx+Xxvb29ra2u6Ki8v79atWw2d3Nzc3NfXVyKRREdHu7i4eHp63rt379mzZ/379zczq2dYJiUlFRQU+Pn5GRgYnDx5sqHTdunSxdnZ+QVv9AWoVKqkpKQnT56Ul5fr6+s3b968V69eVlZWTAB9F35+foaGhoSQ+Pj48vLyHj168Pl89fOUl5fHx8f37NnTzs5OvTwlJeXevXsVFRVsNpvP53t5eWncTlpaWnp6+oABA0xN6/l7SNfW23JjY+NBgwY99wbpJ9K6dWsPDw+NqgcPHjx9+pS5tcb0Bn379V7I2dm5S5cuuhtDd2ZDta1aterUqZP2LXO5XB6P5+HhYWJiUu+B165dKy0t9fLycnBwUC8vLS29du2apaVl3759tQ9RKBR9+vRhSnTfO0VRDY3SZs2a0edpTOdox+jr6zs6Orq7u3M4HO0Ddbxn6btTP4+VlVWbNm14PJ5GjKenp4uLS70nf4tvvfdVXV1ddHR0Xl6eubl5x44dvby8NAKSk5MTExMVCkW7du369u3L5f7jf8y3bt165cqVyMhI+mVeXl5cXJxQKHRwcBg4cKC5ubmO4AcPHiQkJEilUkdHx759+zZr9o//0ktNTU1ISKitrXV2dh44cKDGu6moqCguLq6kpITH4/n6+trb29d7dykpKU+ePPH29lYfZto9EBMTk52dbWRk1KNHD3d3dx3dpVKprl69mpKSQlGUu7t779692Wx2I2vfjIKCgtjY2IqKCltb227durVu3Vq9VqFQXLlyJS0tzcDAQCAQdO7cWePwKVOmuLq6Ll68mH6p++mrB6tUqj///PPhw4d6enouLi79+vXT09PTOPmdO3dycnIGDRpkbGys3XLdtbTLly8LhcKRI0fq6IFGjo3GBL/Q2IB/F5FIFBsb6+TkpP1fAhgVHzjdnz4AAADvJmRPAQCaGEXIlpjs08kl5kbcljxjFUXlVUjKa+WezmYrPm1nqMcmhPRoZWlhxOVyXil1+op2X8kz0mdrZ08zimvXX3gWNLRVE2ZPL6WVn0kuof+doghFCIsQ1v/ufkRnuzecPd19JVeiUK34rG0La6M3ed1XRBFy8m7Jrj9zpQrVAr+W2tnTezk1q89lltTIBrnxkD0FHRITE4ODgwkhBgYGQ4YM0aitra0NDQ09f/48l8t1cnKSSqXFxcUsFmvMmDFz5szhcDhpaWmhoaFMvEqlIoQw32W3bt3a19dXJBKFhIR89tlnnp6eQqEwJCSktrZ2woQJGteSy+U//PCDnZ3dyJEjFQpFSEiI+qnULV269PWlcB49ejRv3rzi4uL27dtbWloKhcLHjx9zudwVK1b069ePjjl79mxkZKS3tzedYgwPD09OTvby8goLC1M/VW5ubkhIyObNm5ns6bNnz3788ce0tDQTExM+n19bW1tcXExR1Keffrpw4ULmS/O4uLi9e/d6enrWmz2la+vtGQcHh8ZkT6uqqkJCQsaOHaudPT1//vyRI0d69uxJ31pjeoO+/XrbM3z48OdmT6Ojo5lMD0VRFEWxWCzW/z4VxowZ06lTJ/qWmYQuIUQulyuVSkNDw1mzZo0ZM0bjnCKRaOHChRKJZOTIkUuWLFGvyszMpIfWnj17PD091asOHjwoFouZ7Olz712pVDY0Sj08POjzNKZz6Bj1u5NIJIQQPp8fHBys3YE63rP03enp6dFpV4VCoVAoWCyWv7//ggUL6GbQMUFBQfVmT3XcFHnNb733VUpKyvfff19TU9O2bduqqqqtW7f26NFjw4YNTOZ71apVERERbdq0MTAw2Lt3b+fOnbdu3Wpg8Pd/dyUkJHTv3p3+9zNnzoSEhFhbWzs4OBw5cmT37t27d+9u3ry5djBFUT/99NOpU6f4fD6Pxzty5MjGjRuDg4OZ3w1s3rz5wIEDzs7OPB7v6NGjO3fu3LlzJ/N8L1++HBQUZGZm1rp166ysrC1btqxatUr7NwdlZWWzZs2qrq7esWNHQ9nTnJycb775prq6umPHjpWVlTt27Jg0adLs2bPrDZZIJLNmzbp7926HDh3YbHZ4eHjnzp03b95Mv0F0174ZkZGRa9euNTIyatGiRW5u7vr167/66qvAwEC6ViQSzZw5My0tzc3NTSgUat+sUCh89OhRQEAA/VL301cPrqqq+vbbbx89etSmTRsOh7N79257e/uwsDAnJyc6WCwWb9y4kf5z6uXlpZEf1V3LuHHjxrx58wghOrKnjRwbjQl+obEB/y63bt1atmxZUVGR9n8JYFR84HR/+gAAALy7KAAAaFKxaeW+a5N2Xs6RK1V0iVJFHb1Z6Ls2acflnKa9VmKm0Hdt0vUnlS9x7IRdyVPDH2iXxz+u8F2bdCG17JVbV79LaeW+a5Mup1e8pvM3xuiwu0uOP35NJw88mPrNgZSXq9VBRVHzjz4aseX2rj9zfdcmRT8o1Qg4cD1/4Pqb+67mDVp/c9XZzJe4BHw4vv/++3Hjxn3xxRdTp07VqFIoFFOmTBEIBGFhYTU1NXRhaWnp0qVLBQLBypUrNeJLS0sFAsGqVavqLV+xYgV9ziFDhowaNUq7JRcuXBAIBMeOHaMoSi6XCwSCoKCgJrnHF+Lv7z9o0KCsrCympLCw0N/fv1evXpWVf/2BXbFihUAgKC396603efLkAQMGCASCM2fOqJ/q7t27AoHg2rVrzHl8fX379et38eJFuVxOF5aUlAQHBwsEgp9++ok5cNu2bQKBQL0N6nTXNkZRUZFAIFi7dq121dq1awUCQVFREf2yMb0xefLkgQMHvnRj1EVHRwsEgosXL2qUa9+yQqFIS0v74osvBAJBUlKSRvzhw4e9vLyCg4O9vb1FIpF6VUJCgkAgGDBggL+/v0wmU6+aPn16QEAA8/K5996YUdqYztGOkUql8fHx/fv379Onj1Ao1IjX8Z6l7+6PP/5gSvLy8ubOnas+OLVj1L3Ft957SalUDhs2bPjw4YWFhXTJ3r171fv/5MmTAoHg5MmT9MvLly9rPJ2ysjKBQBAXF0dRVHZ2tpeX17JlyxQKBUVR+fn5/fr1U39Y6sHHjx8XCAS7d+9WqVQURZWWlg4bNmzw4MFKpZKiqNu3b9N/2+kDi4qKBg8e/M0339Avq6ur+/btGxgYKJFIKIqSSCTffvtt3759mQ8CxuzZswcNGiQQCG7evNlQJ3zzzTeDBw9memD79u0CgeD27dv1Bu/atatr1643btygXyYmJnbt2nXXrl2NqX0DsrKyvLy8Zs+eLRaLKYqSSqX0+ysz86//1lq6dKmPj8+jR4/olxs2bFCvpSjqwoULXbt2raqqohrx9NWDlyxZ0r1798TERLrq9u3bXl5ezNMvKCgYMWLE6NGjlyxZIhAI8vPz1Zutu5ZRXV3t5+dHP9CGeqDxY6MxwS80NuBfZPfu3d27d9++fXv37t3/+9//qldhVHzgdH/6AAAAvG5VrwD7ngIANLGU/BpCyJhu9lz2X9No2Cwyuiv/mz7NmemASVlVe6/mKVUU/e+/3igghFxOr1gTnbXmXFbU/VL1LTnLRPID1wtWnc0Mv5ZfJpKnFoj2Xs2TNLBtanJuzdbYnOBTT36Oyb6TXf3qtyNTUNEpZVsuZa85l7X3al5m6T8W4BVJlRG3ikKjMkOjMo8kFVZLFC99oaSsqoM3CiRy1S/xeWvOZdGFdTJV5J3ilWczV0Q93Xc1v7BKqh6vu98q6xRHbxZtuPBs/flnR28WldfKCSGFVdK9V/NqZcrcCsneq3m3nv3VRflC6d6recGnn66JzjqfWqb834nkSmrv1bzUAtGd7OqVZz"
10:43:47.596 [Forwarding screenshot on session 5e9977749cf8e028abefff19f425d7c0 to remote] DEBUG org.apache.http.wire - http-outgoing-15 << "MTM6vo8ocFoi2XsoNPPdl0Mfviw3KNLVRZhIikykMJhSFnnm648Oxebk1Dd934DlSpKIWK2h3g/nGb+ldpzquUbPjc9cuPHVlvc0oz/AuUlpbGx8cPGjRoyJAhd+/e1VhA9dSpU/fu3ZsyZcqMGTOYSZA8Hm/58uV9+vTJzc2lZ8i9EA6H8+mnn2ZlZd27d0+j6sSJE8bGxn5+fi99O69OKBQ+e/asX79+6tPy+Hz+smXLZs6cKZfLGzrwo48+8vb23rhxo1AobChm06ZN1dXVmzZtGjBgADPN1MbG5scffxw1apSFhYVC8fJ/Nl+Hl+6NN4DD4bi6ui5dupQQEhMTo1EbERHRrVu3cePGicXic+fOaR8eGBiYnZ0dHh7e0Pnf7r3r6+t7e3tPmzZNJBIlJiaqV+l+z2pzdHScOXMmIeTRo0evscXQgKKiIkdHx6+//ppZ1nvcuHGEkJSUFPrl4cOHBQLB//3f/9Ev+/Tpc+LEic8++4w5Q2JiIofD6dq1KyHk6NGjBgYG8+bNo+cWOzg4/Pbbb8uWLas3uKysrEuXLl999RU9k5vH4w0ePLisrKy4uJgQcuLECTMzsylTptAH2tnZjRs37tatW3l5eYSQ2NjYmpqawMBAehKkgYHB9OnTa2pqLl26pH53J0+eTEpKmjZtmo4eoFd3Hz9+PNMDkydPNjU1PXHiBP3y8uXLYWFhIpGIfnnixIlevXr16NGDfunl5dWzZ08mWHftG5CTk9OxY8eZM2fSs1319fVHjRpFCElNTSWECIXCc+fOTZgwoX379nT8jBkzzp4927JlS+YMCQkJHTt2pNdbfu7TVw+WSCSfffYZs+xzly5dOnTowAyk3NzcXr16/frrrxrLCDemlrF27VoTE5NPPvlER8xzx8ahQ4cOHTrUmODnjg3498rOzt6xY8f06dNZWv8rglHxgdP96QMAAPAuQ/YUAKCJNTPRI4Tczq7SKB/Tjc/sTnonu/pQQqFSRQgh9/Nq9l/L3xOfdzix0EiPXVwj3XDh2bbYbDqypEb2zYGU43eKOWxWgVA689DDcw9KDyUUKimKaAm/lv/d749yysUOzQyLq6Xz/0jffeWV/p9EpqBm/fZw5+VciVxlYsC5k109bX9K7KMKura4WjY1POVQYqGFEdfciHvsdvGUfSnqCc4Xkpxbs/96/t6reRdSy/KFEkJItUTxzYGUA9fz9bnsZsZ6l9MrvvzlwaPCWjped7/lVUoCfrkfdb+Uy2Zx2KyT94qn7kvJLpfIFFRRlUypoqRyVVGVrEaiIIQkZVVN2ffgaobQ3sKAUGTjhWfzjqbLlRQhhKLIoYTCmIfly04+ySkXC8VyQkjkneL//JaWWSq2NTeolijWnMtcdjJD/V5UFPnuyKOHBSJTA25ybs33vz+6nF6hfcsv1IEcNmvdGFcbs/q3qCSELBzSyt3xjS6ADP9Sx48fpyhqyJAhfn5+XC732LFj6rWnT582NDT84osvtA9cv379tm3bXm6xxJEjR3I4HI0vwgoLC5OSkoYOHapjM7Y3wMzMTE9PLyUlpba2Vr3c3d193LhxNjY2DR0ok8nopWI3bdpUb0BtbW1sbGz37t07deqkXRsUFPSf//xHY7u7t+6le+ONobcglclk6oW3b99+9uzZ8OHD27Rp4+rqevz4ce0D27ZtO3r06L179zaUfXwX7r3eu9P9nq1XdXU1IUR9cVd4YxwcHHbu3Mmkx8j/Hii9yG1lZWVGRkbv3r3VD3FyclJfNjkhIcHd3Z3+/UpSUpJAIFDfH47P52us8csET506ddeuXepb50qlUhaLRW99ev/+/U6dOqnvm0svrZmcnEzXGhkZdezYkant2LGjgYEBXUsrKirasGHDt99+26JFCx09cP/+fUKIQCBgSvT19d3d3ZlTxcfH7927l36jFRcXFxcXqwfTDSsuLi4qKtJdq6MNTcjHx2ffvn1t2rRhSqRSKSGE3gv81q1bKpXKx8eHqTU0NLS1tVU/Q2JiIr20cmOePhNMCFm7du2CBQvUgyUSCbMHedeuXRcsWKA+GNTprqVdvnz5/Pnzy5cv195LVd1zx8Yf+JlO7AAAIABJREFUf/zxxx9/NCb4uWMD/r2WL1+usTY+A6PiA6f70wcAAOBd9m59XwMA8B4Y4mFz/E5xaFTmlceVvds283AyszNvMONFCOGyWRQh+ZWS7ZPc6Nmqc488irpf+q1vCzaLHE4srKpT7P7SvSXPiBByO7t64R/phBC21q9604tqf71R4C+wC+z31w4ie67kHU4q7Otq1db2JTMT9/NqMkrqVo1q183Fgi75OSb7fm61r6sVIWRzTHadTLk7wJ2+wQk97AN+eRAWl/PTyLYvcS09DktFkeJq2W/TPuKwWYSQaxnCkmpZqH87QQtzQkhAL+W4ncm/JRYEj2xLntdv0SllErlq+yQ3Y302IUQib77keMaDvJrhH9n8MKzVneyq9nyTH4a1IoRIFarV5zJb2xhvHt+Bvm6/DlZBEY9P3SvxF9jpcVmEkJiHZT+NbOfpbEYIoQg5fqfY3dF041hXuuX7rxseuF7wtLSutc1f/fykpG72gBb/52lLCJHIVZP3PfglPq9veyuNW37RDmTrnFSquxaAplQqjx8/3rNnT3pXzr59+0ZFRc2cOZP+gpWiqIcPH3p6eqp/U98kbGxsfHx8YmJi5s2bx0xppZcupCfxqLewrq5O43A2m/36trjjcDgBAQF79uz5/PPPP/nkEy8vL/pLveceqFKp7O3tp0+fvmnTpmHDhnXr1k0jID09XaVS0XPCmoREItHuHH19/SZMwTa+NyiK0m4MIcTIyEh73kkTOnXqFCHko48+Ui+MiIgwNzf39fUlhIwcOXLVqlWpqalubm4aDQ4MDIyLiwsNDd21a5f2mV96JGh7uc5RqVRnzpxhsVjqe9Pqfs8yqqqqCgoKCCEymSwzMzMsLKx9+/bDhw9vfJvf/Fvvw7F//34WizV48GBCSHZ2NiHEzs5uw4YN58+fr6qqatOmzbRp09TTb4mJif7+/oQQiqJycnJ69er1xx9/HD58uKCgwNbW1t/f/4svvmAGEhOsrbi4+Ny5c76+vvRDLCwsZGYx0uiZXvTIoU+uPj7ZbLatrS1dSzdm+fLl7dq1Gzdu3J07d3TcL30Is/czcy16BVp6F+3evXtbWlrSrao3mD4PnVZsqJaZqfYmKRSKgwcP2tnZde7cmRBC/xpDT09v3rx5N2/eVCqVAoFg9uzZrVq1ouOfPXtWVFREJ0Sf+/TVg7Vdu3btyZMnTD613o2KGbprCSFCoXDFihUBAQFubm5Xr17VEfncsbFo0aJGBj93bOhuM7zLdAw5jIoPnO5PHwAAgHcZsqcAAE3M2kRvxyS38Gv5l9MrrmZUEkJszfR7tLb8P09bOgOqgf5fwlFd+Uz2y9Xe5H5eTbVYYWnMTc6tbmtnzBwoaGHenm/yqKhW+zz07MYJPRyYkk8FdoeTCm88Eb509lSuVBFCHhXWMtnT2QP+mm1QK1MmZgpHdLZlcsPNjPX6treKTilTqCjui6fy6H745CNbzv+OHeLBG+LBYwJMDDjO1oa5FRL1+Ib6TaGklCrqSUktvVqyoR573Zj29V73bk61sE4xe4ALc91uLhZOzQyvPan0F9jRRS48Yzp1SghhEfLr1E7qM387OpgSQnIrJEz2VJ/LGuLx1ywlQz22d9tmx24Xl4nkPNO/f9rf5B0I0Bjx8fGlpaULFy6kX44cOTImJubSpUtDhw4lhNTW1ioUCnqCVJMbNWpUXFzcuXPnRo8eTQhRqVSnTp3q1KmT+oQeQkhsbGxsbKzGsS1atGjMfLuXNn36dGdn5wMHDuzevXv37t1cLtfT03Pw4MHDhg1T/6V8vcaNG3fu3LnQ0NAjR45oJLToFX3p2YSMp0+f0vOWaPb29vS0sMaYOHGiduGKFSvorExTaWRvVFZWqud7GNHR0U04hI4fP870j1gsTktLu379eteuXdXzghUVFXFxcaNGjaKb5+fnt2nTpsjISI3sKSHE1NR0wYIF8+fPP3HixMiRI7Uv18h7z8vLi4iI0Di2bd"
10:43:47.596 [Forwarding screenshot on session 5e9977749cf8e028abefff19f425d7c0 to remote] DEBUG org.apache.http.wire - http-outgoing-15 << "u2TE63MZ0jFovVlxGuqqpKSEjIyMiYMmWK+sQ+3e9Zxvbt27dv3868bNeu3ZIlS15oVvdbeet9CE6cOLF///7AwMC2bduS/00L3rp1a+fOnZcvX15dXX3gwIHvvvtu3759dNY8IyOjvLycXqi2rq5OoVDExcVZW1vPnDlTX18/Kipqy5YthJCAgACNYA2VlZXfffedkZHR/PnzCSFSqVSpVGrkwo2MjAgh9BxQsVisnSk3MjJipmIfPXo0JSXl8OHDz03LicViQoj2tSiKkkgkRkZG7du3Z9a5pXP2GsH0y7q6OvpaDdXqbsbroFAoQkJCUlNTt27dSjejpqaGEBIUFDR48ODPP/88Ozt7586dM2bMOHbsGP1ToYSEBCMjI/qPw3OfvnqwhtTU1CVLlvTq1Ut9md9XsXLlSh6Pp3sRZtpzx4Z6uld38HPHxovfB/wLYFR8yJ776QMAAPAuQ/YUAKDp2Zjpz/drOWegy+Pi2vu5Nbeyq84kl5xJLpnn13KwW/3fKdtb/P2du6EemxCioihCSLlI3qWFuXpkuwayp3mVEjaLbIvNUS9ks0jRyy6lSwjp1tLCq6VF+LX86JTSbi4WAheL7i0t9bksQkihUEoRkpIvCo3KZOKzy8VKFVUukuuebqtDc6t//J9VRnHdpbTy3ApJjUShVFHZ5WJL43+sLdZQv/kL7K5mVM498qg936SLs7lXKwsPJ7N6E5L5lVJCyNn7pXSqmyaWKYuq/t5Ztnmzf7RKLFfFpZXfza2uEMmlCpVIqiSE0Cv90vjmBnqcv69mZ25ACCmtkalnT19TBwLoFhERYW1t7e3tTb/s3r27vb19ZGQknYmh80Pqub0m5OXl1bx58xMnTtDZ0+vXr5eUlHz77bcaYZ6ento5wjewtO/QoUOHDh1aVFSUnJx8+/btK1eurFixIiIiYvfu3bqvzuFwFi9eHBAQ8MsvvwQGBqpX0f2psQrrggUL6OlHtKCgII3ZtzosWLBAY0FIQoj6UnhNpTG9YWpqqr75IoPerq+pXLp0iZlZm5+fb21tvWzZMnoBWybm5MmTCoWCyYaampr279///Pnzc+fOZSY6M/r16+fj4/Pzzz/7+PhoJLZpjbn3tLS09PR0jQPHjRvH5Dwa0zlSqZRZy1oulxcXF7u7u2/btk1j2pnu9yxj8uTJ/fv3J4RQFFVWVhYXFxcQEDBr1qx6M+71eltvvfcYRVFhYWH79u2bNm3a5MmTmUJCSJs2bZgR0qNHjxEjRoSFhdH574SEBFNTUzr3TwdLpdJt27bR3zV7e3uXl5fv3r177NixBgYG6sHqsrKy5syZw2KxduzYQSfs6beMSqVSD1MqlUwVl8vV3tZapVLRPwrJzc3dsmXLnDlznJycnnvj9V6Lfqk9UV53MJ09beSpXjeRSBQUFHTv3r1169YxiwrQz+jTTz8dP348IaRbt24uLi7Tp08/cuTI1KlTCSEJCQkCgYBubWOePhOsLjY2dunSpV27dl21alWT3Hh0dPSff/7566+/NuZsusfGCwW/0NiA9wZGxYfsuZ8+AAAA7zJ8VgEAvC56HJabg6mbg+m47va5FZIFf6RvvZTdv4N1vdMKOQ3MNayTKTXi9bn1/+RfrqBYLJapAUe98JOPbFva1P+LXQ6bpapn71SiUFGEEPqiXDYr1L9dUmbVn48rrj8Rnk4ubWast+ST1p7NzehkoQGXrX5F+n7rvVwj0RlQ2oXUstXnsjrYm/RztbY05nI57P3X8mWKf/yvV0P9ZmOmv/crj5i0shtPhSfuFh9OKmxnZxw8sq32vqEypYoQYmzAUb8R77bN9NT6Wb1VErnqP4ceFgilwz+y6eJsYaTPzq2QhF/LVz+nxjOiG6n8Z3e/pg4E0CEvLy8hIYHD4QwYMIAplEgkhYWFWVlZLVu21NfXt7GxycjI0HGSl8Zisfz9/Tdt2pSWltahQ4cTJ05YWFiot4RmY2PTt2/f19GAxuDz+Xw+f/DgwUFBQWFhYeHh4UePHv3yyy91H9WxY8fPP//8wIEDGnNA6V0nnz59ql64Zs0aOj9dUlIyb968F2qel5eXi4vLCx3CoLdC1Pj2iqZQKEh932Hp7g19ff038KS2bt3K3PKqVasiIyNdXFzUm6pSqSIjIwkhdKKCJpfLpVJpdHR0vZnpBQsWjB49ev369StWrGhoSUDd9z5w4MCVK1fqaHZjOsfS0pLJnioUiokTJxYXF2ukwZ77nmUKbW1tmcl8hBBvb2+ZTLZly5ZBgwZpZ9zr9Xbfeu8fmUz2ww8/XLt2bfny5cOGDWPKzczMyD93+DM3N/fw8Hjw4AH9MiEhoWvXrvQb1tjYmMPhuLm5qc+++vjjj+/cuZOTk9O2bVv1YEZCQsLChQvbtWu3du1aenVcQgiHwzExMaHnPjKqqqoIIXSMubk5vYiuOqFQyOfzVSrVsmXL3N3dhw4dSs/4pP+ISaVSsVisPTOM/pVAdXW1+s8FqqqqjIyMtPfXZIK1G2ZhYUG/QxuqJW9QQUHBrFmz6urq9uzZ4+rqypRrP9CuXbsaGho+evSIECKXy2/fvs38sEb309cIZuzbt2/btm1jx46dO3euxrN+OWVlZWvWrPnyyy8dHR3pByqXywkhdXV1HA5HOyeqY2xon1x38AuNDXhvYFR8yJ776QMAAPAuQ/YUAKCJlYnkCiXFt/hHlq65leGAjta/JRYWVUmdmr3AFmLG+hx6auPf56+R1RvZzERPqaJm9HNWn/Wog5WJ3tOSOhWluV9mXqWEEMJkGVmEdG9l0b2VBSEkJV+08uzTFWee/jHDs5mxHiGkU3Ozqb2fPwvh5Ry4XtDC2nDj2A7MHe3/Z5JSN30ua6iHzVAPG7mSupxesf581s4/c5cMb60RZmWsRwgZ6mHT1aVR86XiMyqzysSLhrYa0NGaLvnzcaVGjEiq+MdLiYIQYmb4jy+83kAHAmigV+CcO3eu+ramUql09erVx44dozN5PXr0OH369L179zw9PTUOv3Pnzs2bNydOnPjSu6J+8sknYWFhp06dsre3v3r1Kj136mXvpsnIZLKnT5+6urpq7Mj1zTffhIeHP3nypDEnoTfUXLFixZw5c5jCFi1aODo6Xrp0afbs2cySZa1b//VXiP4a/Y2xsLDgcDj1bjGVk5Ojr69Pf4fVJL3xmsycOfPy5cvLly8/dOgQs47u9evXCwsLR48erTEHd8+ePceOHas3e8rn8wMDA9evXz98+HD1VMRbvHcul7t48eLJkydv3Ljxxx9/ZMob855tSPv27c+dO5eZmdnI7Ck0IYVCERQUdPfu3e3bt2v8LaV/DaDxPTKLxaInWUql0rt3786dO5cuZ7PZzs7O2sH0PzWCaXfu3Pn+++/79ev33//+VyPx0Lp168zMTPUS+iW9fHrr1q3j4+NFIhEzY7uqqqqsrKxNmzYVFRXJycmEEI31qGfPns1ms5OSkjRun/4rl5WVpT5R9enTpxrrtDMdwmazs7Ky1AufPn3KZrPp3wforn0zysrKAgMDjYyM9u/fb2Njo15FN4Nev1cd/UCTk5PFYjEzoVz309cIph04cGDbtm3z5s0bO3ZsU93O7du3q6ur9+zZs2fPHvVyHx+fbt26qa8BTtMxNrRPrjv4hcYGvDcwKj5wuj99AAAA3mXP2bMEAABeiESumrzvwbJTGerruNIyS8UcNquZ8Yv9hLYlzyijuJaZtiiSKm9mVdUb6eFoSghJzBQyJVKFKu5RRe0/k68Mr1YWtTLl6eQS9cIaiTIqudTKRK+DvQkhJK2wNu5RBVPr7mg6sCOvolZeK1XyLfR5pnrqlyOE3M+reVzcZNtQCevkzlZGTOo0o7guu1zcyGOvZlTez/vrmyw9DmtgR+sO9qY55ZprRhFC3LT6jT68uLr+LLWwTk4Iaa22lWzMwzKNmKIqWalakvtRUa2hHtvB8h9Z8zfQgQDqZDLZ6dOnPT09x44d+4maUaNGde/ePSoqip5LNGHCBC6XGxISUlFRoX54YWHhf//731OnTjU0V68x6MmmsbGxFy9eVCgUTbV52yv69ddfJ02aFBcXp1FOz8FtZObJ2N"
10:43:47.597 [Forwarding screenshot on session 5e9977749cf8e028abefff19f425d7c0 to remote] DEBUG org.apache.http.wire - http-outgoing-15 << "h4wYIF9+/fj46OVi+fPHlyRUVFaGio9qTPhw8fvkKrX5ienp6Xl1dCQsLjx4/Vy1NTU2/evNm7d286j9gkvfGamJqazps3Lysra/fu3UxhRESEoaHhzJkzP/mnTz/9NCMjIyUlpd5TjRkzpkOHDitXrlTPnr7de/fw8PD39z958mRCQgJd0sj3bENu3bpFCKl3chi8blu3bk1ISNi8ebP2z1CsrKw6duwYExPD/E0Qi8Wpqan0dMa7d+/KZDL1fUy9vb0fPHigPm3r5s2bhoaGLVq00A4uLi7+/vvve/XqFRwcrD1nq3fv3unp6eorh0dHR5uamnbp0oWupSgqJiaGqb1w4QIhpG/fvpaWlgf+adGiRYSQRYsW7d+/X/v2O3fubGJicv78eabkyZMnGRkZ9U5uNjQ09PLyio2NpSfBE0JkMllsbGyPHj0MDQ1112qf7XVQKpXz5s1jsVjbt2/XSJ0SQry8vPT09NT/8qekpEgkEvqBJiQk2NjYtGrViq7S/fQ1ggkh8fHxmzdv/v7775swdUoI6dmzp8YDpVc+P3DgQFBQkHa8jrHxosEvNDbgvYFR8YHT/ekDAADwLsPcUwCApmSox/7yY8dtsTlzDqd9JrBrZWNMCCmqkp57UJqQKfQX2JkYvNiKW4Pdbdadz1obnfW5l71Yptx+OdfB0iCjpJ4Em28H64MJBZtjsk0MOB3sTUtrZHvi8xIzhTu/cK/3op92trv0sHxbbE5ehcSrlYWhHieztO5IYmGZSLZ8RFt6sdn0otptsdlVYkXvds2M9Dg55eK4RxUteUb0Ccd1d9hyKXvTxeyAjx30OezErKqNF7I+btMsaGgr7cu9hLZ2JndzqtOLaltYG93Nqd4Tn+fZ3CytsLZaojA3fM7nV8zD8pR80Tw/l44OpmwW6052dXpR7RCPejaddWpm6NOu2al7Jc7Whv078CRy5enkkgPXC+YNbllvfFtbE0LIybslX/s4iaTKgwkFHBaLEPKs7K/MLkURcyPuqnOZswe42Jjp33gqTMwU+nnYaM8JfqEOLKySphXWEkIKKiWEkLRCEb22cAd7E3sLA4lcdf3pX4lYFUWKqqSxjyoIIfYWBnQiHODSpUtCoZDZG1LdyJEjExISYmJihg0b1qZNm/nz569atWrcuHHjx493c3NTKpUPHjw4fPgwIeTnn39+xX0QR40adfbs2V27dnXr1s3Z2Vk7oKCg4PTp09rlNjY26kmCJjRq1KgzZ84sWbJk7NixPj4+lpaWNTU1ycnJ4eHhZmZm9C6tjdGnT59+/fpFRESoF44YMSI1NTUyMjIzM3PUqFGtWrVSKBQ5OTmXLl26ceNGhw4d+vTpox4fFxdHb1LI8PDwYJau1a6lffzxx/Vu4alhzpw5kydPDgwMDAgIcHNzk8vld+7cOXTokKWl5axZs160N6RSab1PisViDR8+/LmNeTkDBgzw9vY+cOBA//79XV1di4qKrl27Nnz4cO350MOHDw8LC4uMjHR3d9c+D71b7RdffFFUVMRMWm2qkUBetnPoybUhISG///67iYlJI9+zdElaWhr91TNFUVVVVfHx8QkJCX5+fupLPT948EBjtreDgwOziOibf+u9r549e/bbb7917dq1oKBAfba3iYkJvX/t9OnTZ82atWjRohkzZtTW1u7cuVMoFE6YMIEQkpCQYG9vTy/6TZswYcLJkydnz569ZMkSMzOz06dP37hx48svv9TT09MO3rp1q0gk8vLyunjxonqTOnXqZG9vP2rUqMOHDy9cuHD+/Pk2Njbnzp2LiYmZPXs2PZO7U6dOPXr02LRpk6Ghobu7+4MHD7Zu3ert7U2/gzTmdtPLvbZo0aJDhw7aPWBgYPDVV1/Ry24PGjSopKRk9erVPB7P39+fDti9e3dsbOy2bdvoP1xTp079+uuvFy9ePGXKFELIrl276KVl6WDdtW/A6dOnU1JSxo4dm5iYqF7u5OTk5uZmbm4+YcKE8PBwPp8/ZMiQ7OzstWvXmpmZ/d///R8hJCEhQWMuqe6nrx6sUCjWrl3L4/GsrKzUE0uEkD59+hgaGqakpOTn55P//cLjypUrzZo1I4T4+PgYGRnpqDU3N9d4oPHx8aThXbR1jw1CCD0BeuPGjc8Nfu7YgH8psVh85coV+t8pisrPz6cHraOjo7u7O0bFB073pw8AAMC7DNlTAIAm9lkXOwsj7uHEwtCovxeoaW5l+J/+LUZ0fuGZK34evLxKyYm7xRcflvNM9SZ7O2WXizNK6rQnfxnqsdd/7rr+/LN5R9PpEhee0YrP2rWwrv+3+YZ67I1jO/wSn3fuQWnknWJCCIsQd0fTRcNadXL6az3J//O0raiV7b2at+XSX78V7d7KYqZvC/rfR3a2VShVhxIL6QmsehyWn7vNjH7N67vay/jW13nZySeBBx8SQppbGS7waymWq5Ycf/zZ1rtrx7TXfez3g1tuvJC19MQTetquPpc1xN3ma5/627ZwSKttcTnbYnM2XcwmhFgac7/1da43dUoI8XQ28xfYRd4uPp1cosdhDetks3h46x8iHx9JKnxYINo41lWmULW1NfZpZ/XtwdQ6mYoQ4tXSYkbferJEL9SB93Nr1kT/vXLd6eTS08mlhJAFfi3tLQyEdYoVZ/7eW/F+Xg099XaQG6+D/Ztb2g7eZREREaamptr7jBJC+vTpY2lpGRkZSWdi/P39W7ZsuWvXrrCwMKVSSQjR19f38/ObMmWKo6PjKzajU6dObdu2zcjIaOhLsdTU1NTUVO3ybt26vaYUjoWFxZ49e37++eeIiIgDBw7QhYaGht7e3oGBgfb29o0/1YIFC5KSkmpra9ULf/jhB4FAcPDgwZCQELqEzWZ7eHj8+OOPGivHEkK2bdumcc6goCAmAaZdS9uzZ09jsqetW7cODw//+eeft27dSj9ZAwODPn36zJo1i5mh2PjeqK2tXb58ufZV2Gz268ueEkIWLlw4evToZcuWHTx4MDIykqKoevOLPB7v448/vnDhwnfffVfveVxdXcePH3/w4EGmpAlHwst1Dj25NigoaPPmzYsWLWr8e5YQcvLkyZMnTzI34uzsvGTJkk8++UT9qKioqKioKPWSgQMHMtnTN//We1+lp6erVKqkpCSNJW2dnJzo7GmvXr1CQkI2bdpEryzN4/F++umnXr16kfqSbTweLyws7Keffpo8eTIhxNDQMCAgYMaMGfUGP3z4kKKo1atXazQpODjY3t7ezMwsLCxs2bJl33zzDSHEyMho2rRpkyZNYsJWrlwZHBz8448/UhTFZrN9fX2XLFnycp0QEBAgFovDw8N37NhBCHFzc1u9ejWzaGdRUVFGRga91yYhxNPTc+XKlevWrRs/fjwhxNbWds2aNUxmTnftG0CvE3DkyJEjR46ol48YMYLeqHjGjBkURTE36+rqGhoayuPxhEJhenr6xIkT1Y9q6OlrBwuFQjr7vnjxYo0mRUVFGRoaRkREnDlzhilct24d/S+nTp0yMjLSXfuinaB7bGgsraw7WPfYgH+pyspK9YF69+7du3fvEkKGDx9Ov1sxKj5kz/30AQAAeGexKEpzbUkAAGgSdTJVRa2MEGJprGf6glNONagoIlOoDPXYhJBVZzOvPxWe+k+DC93USpUVtXJjA461SaNWCVZRpKRaplCprE31jfTqWdFdqaIqauUKFWVtoq/P1czbMofbmRs0csvVxqMIKa2Rcdgs5l7kSkqqUDWyP6UKVUWtnMNm8Uz12c9rmkxBldRIuWy2rfnzgyVyVUWt3NpUz4D7V4+JpEpDPTZX7Ui5kiqpkZnocyyNdf1W6bV2IMCrkEgkZWVlhBA+n8/lvv8/uVOpVCUlJWKx2MjIyMbGRiOv+erq6uoqKiq4XK6VldXb/bm9VCotLi5ms9k6nuzr7o132Yd87/DGqFSqoqIiQoi9vT2zInpmZqaVlRW9CbGGsrKyuro6Pp/P/PXQEaxbWVmZWCzm8/naq/sSQkQiUXl5OY/He+ktrhkymayoqMjU1LQxP++gKKqwsJDFYvH5fO0l4nXXvgukUmlJSYmxsbG1tTVdIpFI8vLymjdvrr"
10:43:47.597 [Forwarding screenshot on session 5e9977749cf8e028abefff19f425d7c0 to remote] DEBUG org.apache.http.wire - http-outgoing-15 << "3Dt/bT1xH87nihsaE7+IXGBrw3MCo+cLo/fQAAAF6T6urqlz4W2VMAgHfatSfC35MK5w5yackzIoSI5apJu++78IzWPW/yJQAAAAAAAAAAAADAh+lVsqfv/zQCAIB/tXZ2xgVC6fyjj/p35OlxWPGPK0VSxdc+Tm+7XQAA8K5QqVQbNmzQEeDj4+Pl5fXG2nP16tWEhISGarlc7pw5c95YYwAAAAAAAAAAXhSypwAA7zQbM/2dAW5nkksyS8Vypap7K4thnWxaWL/wfkUAAPAeo/cxbYhKpXpjLSGEUBSloz3v5qqbAAAAAAAAAAAMrNwLAAAAAAAAAAAAAAAAAO+PV1m5l92E7QAAAAAAAAAAAAAAAAAA+PdC9hQAAAAAAAAAAAAAAAAAgBBkTwEAAAAAAAAAAAAAAAAAaMieAgAAAAAAAAAAAAAAAAAQguwpAAAAAAAAAAAAAAAAAAAN2VMAAAAAAAAAAAAAAAAAAEKQPQUAAAAAAAAAAAAAAAAAoCF7CgAAAAAAAAAAAAAAAABACLKnAAAAAAAAAAAAAAAAAAA0ZE8BAAAAAAAAAAAAAAAAAAhB9hQAAAAAAAAAAAAAAAAAgIbsKQAAAAAAAAAAAAAAAAAAIYRw33YDAAD+ZTIzM992EwAAAAAAAAAA4IPTqlWrt90EAIAPAuaeAgAAAAAAAAAAAAAAAAAQQgiLoqi33QYAAAAAAAAAAAAAAAAAgKZRXV390sdi7imbWIHmAAAgAElEQVQAAAAAAAAAAAAAAAAAACHIngIAAAAAAAAAAAAAAAAA0JA9BQAAAAAAAAAAAAAAAAAgBNlTAAAAAAAAAAAAAAAAAAAasqcAAAAAAAAAAAAAAAAAAIQgewoAAAAAAAAAAAAAAAAAQEP2FAAAAAAAAAAAAAAAAACAEGRPAQAAAAAAAAAAAAAAAABoyJ4CAAAAAAAAAAAAAAAAABCC7CkAAAAAAAAAAAAAAAAAAA3ZUwAAAAAAAAAAAAAAAAAAQpA9BQAAAAAAAAAAAAAAAACgIXsKAAAAAAAAAAAAAAAAAEAIsqcAAAAAAAAAAAAAAAAAADRkTwEAAAAAAAAAAAAAAAAACEH2FAAAAAAAAAAAAAAAAACAxn3bDQAAgKZHEXLufimLxRroZs1ls9SrnpTUPS6q9fOw+WcxAHxAKIo6ffq0SqUaOnSovr5+vTE5OTlJSUlFRUV6enp8Pt/b29va2pquysvLu3XrVkMnNzc39/X1lUgk0dHRLi4unp6e9+7de/bsWf/+/c3MzLTjk5KSCgoK/Pz8DAwMTp482dBpu3Tp4uzs/II32igURWlcV09Pz97e3sPDQ09PjymMj48vLy9XD9PX13d0dHR3d+dwONrnfPDgQXJycmVlpYGBQYsWLXr27GlhYaEek5aWlp6ebm1t3bt3b+1W3bhxo7i4uH379h06dFAvz87OvnnzZlFREYvF4vP53bt3d3Jyeom7lkqlN2/efPToUV1dnZWVVbt27bp168ZiaX4wSCSSW7dupaeni0QiMzOzDh06CAQCjTGj3jNcLtfMzKxt27YODg4ap9LuQIazs3OXLl1e4i4AAAAA4N2XmpqakJBQW1vr7Ow8cOBAExOTt90iAACA50P2FADgPaRSUesvPCOElNfKJvb4x1fYCU+F+67lD+jI0+cifQrwgUpMTAwODiaEGBgYDBkyRKO2trY2NDT0/PnzXC7XyclJKpUWFxezWKwxY8bMmTOHw+GkpaWFhoYy8SqVihDCZv+1oknr1q19fX1FIlFISMhnn33m6ekpFApDQkJqa2snTJigcS25XP7DDz/Y2dmNHDlSoVCEhISon0rd0qVLX1P2VKlUhoSEcDgcJlcqkUgIIVZWVkuWLPHx8aELw8PDk5OTDQ0NmQPpMD6fHxwcrJ78e/LkydKlSx8/fmxiYsLn88VicUFBgaGh4ZdffjllyhQmQxkXF7d3714DA4Pz58+bmpqqN0kikSxatEgkEk2ePJnJntbU1ISEhFy6dIl+LoSQvLw8hUIxePDgRYsWaZxBtz///HPlypVlZWVWVlbNmjUrLi4WiUROTk6rVq1ydXVlwmJiYtauXVteXm5tbd2sWbOKioqKigpbW9uFCxf26dOHCVPvGaVSKZfLCSHt27cPDAz8+OOPNcLqfbjDhw9H9hQAAADgvbR58+YDBw44OzvzeLyjR4/u3Llz586dr+k/7AEAAJoQsqcAAO8tS2PuwRsFfdtbOTUzfH40AHwwIiIi2rVrp6enFxkZqZE9VSqVs2fPvnfv3pQpUyZNmkTn5MrKyrZs2XL48GG5XB4UFDRw4MCBAwfS8WVlZX5+fqNHj164cGFDl+vdu7etre2JEye0s6eXL18WCoWBgYFMycCBA1euXNlkt9povr6+zHXlcnlycnJwcPCCBQuOHTvm6OhIl1tZWV24cIE5RCaTJSUlLVu27Lvvvjt58iQ9tTQvL2/q1KkcDmfVqlV9+/blcrmEkIKCgo0bN+7YsUMkEs2ZM4c5A/27++jo6FGjRqk35vLlyxRFqWdqZTLZjBkz0tPTp0+fPm7cOPpAkUh08ODBPXv25Ofn79mzh77Wc127dm3evHkuLi6rVq3y9PQkhFAU9eeff4aEhEydOvX333+n7zcmJiYoKKh9+/br1693d3enj01OTg4NDZ03b966devUE6jqPVNVVZWUlPTLL7/Mnj17/vz5n3/+eb1hAAAAAPDeu3PnzoEDB6ZMmTJjxgxCSHFxcUBAQGho6I4dO9520wAAAJ4D+54CADS9KrHiSFLhiqinP8dkx2dUqlcVV8v2XcsPPv10zbmsozeL6mQqpiopq+rXGwUqipxJLg2Nytxw4VlaYS0hJLNUvOVSdmhU5rHbxQoVRQc/KxPvvZpXJpLfy6nZdPHZyrOZR28WSeQq9Wt92tnO3JC78eIz3a19WCDacik7+NSTTRezLz4s/98ViFxJ7b2al5Ivyq2QbIvNCTnz9HBSoUxBKVTUibsloVGZWy5lZ5TUqZ9KJFVG3CoKjcoMjco8klRYLVG8ZA8CwGtTWloaHx8/aNCgIUOG3L1799mzf/yJOHXqFJ06nTFjBjOdkcfjLV++vE+fPrm5ufSEyxfC4XA+/fTTrKyse/fuaVSdOHHC2NjYz8/vpW/nddDT0+vatet3332nUCguXbrUUJi+vr63t/e0adNEIlFiYiJduG7durq6us2bNw8YMIBJZzo4OKxZs6ZHjx4HDx7MyMhQP0nPnj211ys+depUz549FYq//4T+/vvvjx49mjNnztSpU5m1zkxNTadPn/7tt9+mpKREREQ05tYUCsXKlSvNzc137NhBp04JISwWq2/fvps2bTI3N79//z4hRCKRrFq1ys7ObufOnUzqlBDy0Ucf7dy509raeuXKlTKZrN5LWFhYDBw4cP/+/Z06ddqwYYPGAAMAAACAD8eJEyfMzMymTJlCv7Szsxs3btytW7fy8vLebsMAAACeC9lTAIAmViCUTtmXcvxOsT6HXVErX37yyZpzWXRVWmHtl3vvX35UYW2ip8dlHUwomBr+oFaqpGvv59Xsv5YfFpcTl15uasBJeCqceyQt7lHF0hMZChUlkirC4nLCYnOYqxxKKDxwPX/d+SylisiV1O4rubMPp8mVFNMSLoc1s3+Lezk151PKGmpt5J3i//yWllkqtjU3qJYo1pzLXHby72/2DyUUnr1fujjysUShEstUe67kbb70LDQq8/qTShMDzpXHlf859LBMJKeDi6tlU8NTDiUWWhhxzY24x24XT9mXUlglbdruBYBXdPz4cYqihgwZ4ufnx+Vyjx07pl57+vRpQ0PDL774QvvA9evXb9u2TX1CZOONHDmSw+GcOHFCvbCwsDApKWno0KHGxsYvcc7XrXnz5oQQoVCoO8zKyooQQqcSKyoqrl696uPj4+bmphHGYrGmT59OCFHPlSoUigEDBqSlpT158oQpLCoqunnz5oABA9Szp6dOnWrWrJn6PE7G+PHjzczMdGwZq+7WrVtFRUWjR49mdrFluLu7nz17lp6LfPXqVaFQyEw+VmdpaTlu3LiysrLr16/ruJCBgcH8+f"
10:43:47.597 [Forwarding screenshot on session 5e9977749cf8e028abefff19f425d7c0 to remote] DEBUG org.apache.http.wire - http-outgoing-15 << "OVSuXx48cb0zAAAAAAeP/cv3+/U6dO+vr6TAm9X0NycvLbaxQAAECjIHsKANDEtlzKpgi18wv3+X4tl49oM8XH6Xxq2YN8ESHk9L0SDosVNqnjt77Ocwe6BI9sW1wti/5fapPLZlGEyJWq9WNcZw1o8d8RbeRKat35rPWfu84d6BL6WTtBC/OLD8vo7CiXwyKE3HpWtSvA/fvBLks/aT29r/OTkrq4R+VMSyiK+LRr1rO15Y7LuVXieqaBUoQcv1Ps7mi6cazr9L7Nl37SemJPh2tPhE9L65hLxKWXrx7d/vtBLis+aytoYR79oMzCiLtmdPvZA1osG9FGrqRi0/664uaY7DqZcsckt299nWf6Ou8KcJMqVGFxOa+zswHgxdDZrJ49e9rZ2VlaWvbt2zcqKkoq/etXDhRFPXz40N3dnZnd2FRsbGx8fHxiYmJEIhFTePLkSYqiNBatVSqVdVpeYsLrq3vw4AEhxMXFRUeMSqU6c+YMi8Xy8PAghDx8+JAQ0q1bt3qD3dzcTExMUlJS1A/38fExNzdXzyufOXPGzMyM2W+VECIWi7Oysjp37lzv2rwGBgYfffRRRkZGY3qJbqGXl5fusNTUVEJI165d662lD6f7R4cOHTo0a9ZMfcIxRVHaD7euro6iKB3nAQAAAIB/qcLCQjs7O/USPv//2bvzuKjq/X/g79lnYIZt2HdBQAURF8Q9RVRcMlL0qmXem2Zatyyvpt7KrPipdU3LssRraou5XBcWNTRQ/LohboCsYgLKNjDsMzD7/P44Ok5skpqmvZ6PHj1mzvmcz3mfcyBtXvP5fJyJqLy8/DFVBAAA0FVY9xQA4GFq1hguFjdMDHa0sbj9H9jJIY693SSedkIiemd8t6Xju7HuNA50FRPRrdrbn3ezWEREk4Idmbe+DhZE1NfTysnq9vc0fR0tLpU0tmgMFvzb330ZG2hvej26p/TrEzezyxRjA+3NS3ozwusf265+feLmigk+raplEf0wL9j8Q+ted0rydbBg6uzvZe1iLTAvYEKwg3mFNUotESk1+vM36p/r62iq1taCNzLALilbrjMYuWwWAcCfwKlTp6qrq01rlEZFRSUnJ6ekpEyYMIGIlEqlTqezt7fvtI/7FB0dfeLEiZ9//nnatGlEZDAYEhISgoODu3fvbt7s+PHjx48fb3Wsl5dXqzGyD11zc7NpjlmFQpGVlbVlyxZXV9exY8ea2rS0tOzYscP0tqGhIS0trbCwcO7cuV5eXnRnoGrbYZ0MFosllUrr6n4znTufz58wYUJSUtKiRYt4PB4RHTp0KDIy0vwb+g0NDXRnkGu7HBwcmLMzn0Z1gqnwno+48wthTtfqQtollUrNB+/W1dWZp8ImSUlJf9BPHQAAAAA8Lmq1Wq/Xt5q6RiQSEZFSqXxMRQEAAHQV0lMAgIepqlFtMJKT9d1PvS35nCC32zMfGonSfq0/e71e1qhu0Rr0BiMR6Qy/WazUXsJjXgh5bCIyhZGmLQazMTpeUpHptY0Fl89l1TVrW5XkKOH/Y6jbN6m3xgba9/eyarW3RWs4kVdz5VZjrUKr1hkUaj0RmU//ay/mtSrAScL/TT0GIxFV1KuNRNllitWHb5jal9S06A3GGoXW/CoA4DHat2+fVCodNmwY8zYsLMzFxeXAgQNMesokdqahqA/XwIEDPTw84uLimPT07NmzVVVVr7/+eqtmISEhL774YquNj2Bq3zNnzpw5c8b0ls1mDxkyZNmyZeYf96jVatMgUa1WK5PJgoKCNm3aFBYWxmy85w3UaDTMB0bmJk+evHv37pMnT0ZERGRkZJSWlk6ePNm8AZOqdrTOqGmXQCC452UyFXbSlXmzji6E2W6e73ZEpVKZX69YLF61alXbZlZWrf9sAgAAAIAnHTNviuG3n3jo9XrTLgAAgD8z/FkFAPAwafRGIuJ1MNRyXVJRUrZ8ZIDdCH87SwGHy2Gtir/eqg2bxerkbSsCLrvVW43O0LbZlP7Oybk1G44Vf/uPIDLrT6U1vLEzt7xePamPQz9PaxGffatWteNMWecFsNu7OiZwFXDZYgHHtDHQVcyMrwWAP4PS0tK0tDQOhxMREWHaqFKpKioqioqKunXrxufzHRwcCgsLO+nkvrFYrKlTp37++ed5eXk9e/aMi4uztrY2r4Th4OAwcuTIP6KAzg0ePHjRokXMay6X6+jo2DaytbGxMaWnOp3uxRdflMlk5kucuru7E9GNGzeoPUqlUiaTtR186e/v36NHj4SEhIiIiISEBD8/vx49epg3sLW1tbCw6KhbIioqKhKLxdbW1ve8TKbCwsLCVkN+221248aNdgezFhUVEZGnp2fn52psbCwrKxs1apRpC5/PfywPFwAAAAAePQ6HY2lp2djYaL6RmVXFxsbmMRUFAADQVVj3FADgYWJGata3t8hoVZMmKVs+obfD+8/6TurjMKqHXbC75AFPp1DfPZHBSAqV3saC17YZm0WLx3WTNap/OFvOMcs+TxXWFclbFo/1fm2U5/je9iMD7DylrQdFdZGtBY+Igj0kb0Z4tfoHA08B/iSYyW/ffvvtf5lZsmQJi8UyzYs7aNCg0tJS87UqTS5fvhwbG/sgs2w9++yzfD4/ISGhvr7+9OnTzz77bFeGSz4aYrG4+x3e3t73HO3K5XLfffdduVy+YcMG00Z/f39bW9tjx47pdO38KXD8+HGj0Th06NC2u6Kios6dO1dZWZmSktJq4CkRsdnssLCw7OzskpKStseWlpbm5uYOHTqUzb73X+wHDhzIYrESExPb3bthw4YrV64Q0aBBg4joyJEj7TZLTk4moiFDhnR+rgMHDhiNRvP0FAAAAAD+Unx9fVt9BZB52/k3+QAAAP4MkJ4CADxMtpY8WwvehaIG05Zrsubp32Qcz69taNYRka/j3U/kk3NriMhobNtNV10tU5he51cojERuNsJ2W/o7WTzfz2nPhYrKhrszMdY3a9uUJL+/Spyt+fZi3vkb9eYbs0qbrsma769DAHi4NBpNYmJiSEjIjBkznjUTHR0dFhZ2+PBhZjrWF154gcvlxsTE1NbWmh9eUVHxwQcfJCQksDodEN85ZrDp8ePHf/nlF51ON2XKlAe9qseqd+/eU6dOjY+PT0tLY7Zwudw5c+ZUVFSsX7++VePy8vKvvvrKycmJmSS5lXHjxvF4vI0bN6rV6vHjx7dtMGfOHDab/cEHH7RKr9Vq9ccff8zhcF566aWu1Ozq6hoREZGenr579+5Wu7Zs2bJz586CggIi8vPzGzZsWFJSEhOUmjt9+vThw4fDw8O9vb07OdG5c+diY2P9/PzMF44FAAAAgL+U4cOHFxQUmH8FMCkpSSwW9+vX7zFWBQAA0BWYuRcA4GFiEU0PdY49eevrEzen9neuU2q/SC7W6A0hHhIhjyPksZNz5UO62wh57F9yas5er7Oz5N2qVRmM1MFcv/dwoajh56vyEf62So1+04mbHDZrdC9pR41fHuZ+6lrdkaxq0xY/R0siir9S9coId4Va/2NaOYfFIqJiect9FDMzzPXLlJLPfymZM9SVz2GfL2rYcKxoaHfb5RN87qM3AHi4UlJS6uvro6Ki2u6KiopKS0tLTk6eOHFi9+7dly5dunbt2pkzZ86aNSswMFCv11+9enXXrl1E9MUXXzzgEqTR0dFHjhzZsmVLaGhou1O/lpeXtzsy0sHBgRkQ+afyz3/+MzU1NSYmZs+ePZaWlkQ0a9as7OzsvXv3FhYWTpkyxcPDQ6VSXbp0affu3SwWa/369eYLqZpIJJLw8PCkpKRRo0a1O49ZUFDQ4sWL161bxzwXZmrfwsLC3bt337p1a8WKFQEBAV2sedmyZUVFRevWrbt48WJkZKS9vb1MJktMTExLS5s4ceL06dOZZu+///6CBQtWrFhx6tSp0aNHS6XSurq61NRUZm7hd99917xPjUZz9OhRIjIajfX19efPnz916pSXl9f69es5nLvTuavV6nYfLovFmjRpUhfrBwAAAIAnRXR09K5du5YtW7Z06VIHB4eff/45OTl50aJFfD5mqAIAgD87pKcAAA/Z9FBntc6w90LF/k"
10:43:47.597 [Forwarding screenshot on session 5e9977749cf8e028abefff19f425d7c0 to remote] DEBUG org.apache.http.wire - http-outgoing-15 << "syIvJxEK2ZGmBnySOixWO9NxwrnhmbSUT9vazee9b3UGb1jjNl49ZfOLo49D7ONWeIW1J29bqjRURkJeS+O9HHzabDaTCFPPabEV7vHby7omGIp2Rqf6cDl2SJmVU8DmtisMO7k3z/feDa7vSK3HLFhhk9OuqqXVF9HXV6w87zFYmZVUTE47AigxwWjvK4j+sCgIdu3759YrG47TqjRPTMM8/Y2NgcOHBg4sSJRDR16tRu3bpt2bLl66+/1uv1RMTn8yMjI+fOnevm5vaAZQQHB/v5+RUWFk6dOrXdBjk5OTk5OW23h4aG/gnTU7FYvGTJkuXLl2/cuHHFihVExGazV69eHRoaumfPnvfff9/UbNSoUa+++mq7y4gyoqKikpKS2k7bazJjxgxfX9+tW7du2LCBeS5cLnfAgAErV67s06dP12u2sbHZtm3btm3bDh06lJqaymz08fFZuXKl+dmlUun27du3b99++PDhw4cPMxudnZ3nzZs3e/Zskeg307wrFApTnioSibp16/bmm29OmzatVTOlUvnhhx+2LYnNZiM9BQAAAHj6SCSSr7/+etWqVa+++ioRiUSi+fPnz549+3HXBQAAcG8s44NMGQkAAB3Q6o3VTRoeh+Ug+c13KnUGY3WTRiLkigW3h+OotAYiEvJ+31Tq6UUNK/Zf+39T/Ab52NQ165o1eicrPve+RrCqtIZapVYq5gm4t2tQqPVCHvv+ejMYqapRozMYnKwEPM79z/AJAI+dSqWSy+VE5OzszOXiK3e/W1NTU11dnUAgsLe3Nx+C+YCY58Jisezt7R9w4diampqmpiZra2tbW9t7NrOysrKzs3uQ0wEAAADAX5NcLm9paXF2dubxeI+7FgAA+AtpbGy872ORngIAPJGY9DTmeb/Bvu3M8QgAAAAAAAAAAAAA8Jf1IOkphhEAAAAAADzxDAbD+vXrO2kwYsSIgQMHPrJ6AAAAAAAAAACeUEhPAQCeSNYibl9PKxsLTHoDAAC3MeuhdsRgMDyySgAAAAAAAAAAnlyYuRcAAAAAAAAAAAAAAAAAnh4PMnMv+yHWAQAAAAAAAAAAAAAAAADw5EJ6CgAAAAAAAAAAAAAAAABAhPQUAAAAAAAAAAAAAAAAAICB9BQAAAAAAAAAAAAAAAAAgAjpKQAAAAAAAAAAAAAAAAAAA+kpAAAAAAAAAAAAAAAAAAAR0lMAAAAAAAAAAAAAAAAAAAbSUwAAAAAAAAAAAAAAAAAAIqSnAAAAAAAAAAAAAAAAAAAMpKcAAAAAAAAAAAAAAAAAAERITwEAAAAAAAAAAAAAAAAAGNzHXQAAwBPmxo0bj7sEAAAAAAAAAAD4y/Hx8XncJQAA/CVg7CkAAAAAAAAAAAAAAAAAABERy2g0Pu4aAAAAAAAAAAAAAAAAAAAejsbGxvs+FmNPAQAAAAAAAAAAAAAAAACIkJ4CAAAAAAAAAAAAAAAAADCQngIAAAAAAAAAAAAAAAAAECE9BQAAAAAAAAAAAAAAAABgID0FAAAAAAAAAAAAAAAAACBCegoAAAAAAAAAAAAAAAAAwEB6CgAAAAAAAAAAAAAAAABAhPQUAAAAAAAAAAAAAAAAAICB9BQAAAAAAAAAAAAAAAAAgAjpKQAAAAAAAAAAAAAAAAAAA+kpAAAAAAAAAAAAAAAAAAAR0lMAAAAAAAAAAAAAAAAAAAbSUwAAAAAAAAAAAAAAAAAAIqSnAAAAAAAAAAAAAAAAAAAMpKcAAAAAAAAAAAAAAAAAAERITwEAnlxqnUGtMzz687ZoDVq98eH2qTcYW7SGjjp9kDOa36X7vmOdl/e7GIlatIaH09cdf8QTAQAAAAAAAAAAAPhr4j7uAgAA4D4t2pXHYbM2vdDrUZ5UozNO+uLStAHOC0Z6PKw+VVrDmz/l2Vny1kT7J2XLXW0Ewe6S9KKGZo1+ZIAdEU364tJzIY5vRnjdR+eL9+TrDcbNswNbve5EXbPu3PW6Pp5WbjYCph4PO9H877JH9bB7bZTnfdRg7vyN+ncPFO5ZEGIv5j1gV4wWrWHSF5dmDHR5ZYT7Q+kQ/gqMRmNiYqLBYJgwYQKfz2+3zc2bN9PT0ysrK3k8nrOz87Bhw6RSKbOrtLT04sWLHXVuZWUVHh6uUqmSkpK8vb1DQkIyMjKKi4tHjx4tkUjatk9PTy8vL4+MjBQIBPHx8R11269fP0/PB/0FbJfRaGx1Xh6P5+Li0rt3bx7v7u/pqVOnampqzJvx+Xw3N7egoCAOh9O2z6tXr2ZmZtbV1QkEAi8vr8GDB1tbW5u3ycvLKygokEqlw4cPb1vVuXPnZDJZQEBAz549zbeXlJRcuHChsrKSxWI5OzuHhYW5u9/P775arb5w4UJ+fn5zc7OdnZ2/v39oaCiLxWrVTKVSXbx4saCgQKFQSCSSnj179u/fv9XPjPmd4XK5EonEz8/P1dW1VVdtb6CJp6dnv3797uMqAAAAAODPLycnJy0tTalUenp6jhkzxtLS8nFXBAAAcG9ITwEAnlTP93Nit/mku11yhXbHmdIl47r90SXdXyVfppTUN2v/Mz2ARbTpeMmYXvbB7pKEjKryejWTnj7yIjWfHSteObm7m43gq5SSsYH2b0Z4vTvJd+ne/CA3yQh/2wfp/GJxo5dU9LCiUyLicVjzhrv3chV3pfGlksZfq5qnhzo/rLPDE+r8+fMfffQREQkEgvHjx7faq1QqV69effToUS6X6+7urlarZTIZi8WaPn36W2+9xeFw8vLyVq9ebWpvMBiIiM2+PaOJr69veHi4QqGIiYmZMmVKSEhIfX19TEyMUql84YUXWp1Lq9X++9//dnJyioqK0ul0MTEx5l2ZW7ly5R+Unur1+piYGA6HY8pKVSoVEdnZ2b333nsjRoxgNu7YsSMzM1MoFJoOZJo5Ozt/9NFH5uHf9evXV65cee3aNUtLS2dn55aWlvLycqFQ+Pe//33u3LmmhPLEiRPbtm0TCARHjx4Vi3/zK6xSqVasWKFQKF5++WVTetrU1BQTE5OSksI8FyIqLS3V6XTjxo1bsWJFqx46d/LkyTVr1sjlcjs7O1tbW5lMplAo3N3d165d26NHD1Oz5OTk//znPzU1NVKp1NbWtra2tra21tHRcdmyZc8884ypmfmd0ev1Wq2WiAICAl577bWhQ4e2atbuw500aRLSUwAAAICn0saNG7///ntPT097e/u9e/fGxsbGxsb+QX+xBwAAeIiQngIAPAoKtb5Y3hLk9js+3b6ncYH2XWyZdavpRH4tk1k2awzXq5TB7u2MAHsEzCthFMqak7Ll/xrnbS3iEpGIxxHxOUQk5LFF/MczvbyIxzb9W3innhAPyQh/u03HSwb52PC5XQqtGRUNao3O6CW9nbhcKm4I7Wbd+SG/C5fNmhnm0sXGJwtq5QoNk56W1qmIyN1WeK+D4Cm0b98+f39/Ho934MCBVumpXq9ftGhRRkbG3LlzZ8+ezflwdc4AACAASURBVGRycrn8yy+/3LVrl1arXb58+ZgxY8aMGcO0l8vlkZGR06ZNW7ZsWUenGz58uKOjY1xcXNv0NDU1tb6+/rXXXjNtGTNmzJo1ax7apXZZeHi46bxarTYzM/Ojjz5655139u/f7+bmxmy3s7M7duyY6RCNRpOenr5q1arFixfHx8czQ0tLS0vnzZvH4XDWrl07cuRILpdLROXl5Rs2bNi8ebNCoXjrrbdMPTDfu09KSoqOjjYvJjU11Wg0mie1Go1m4cKFBQUFCxYsmDlzJnOgQqH48ccft27dWlZWtnXrVuZc93TmzJklS5Z4e3uvXbs2JCSEiIxG48mTJ2NiYubNm7dnzx7mepOTk5cvXx4QEPDZZ58FBQUxx2ZmZq5evXrJkiXr1q0zD1DN70xDQ0N6evq33367aNGipUuX/u1vf2u3GQAAAAA89S5fvvz999/PnTt34cKFRCSTyebMmbN69erNmzc/7tIAAADuAekpAMAf60Z1y8ErspTcmpE97Jj0VKMzHs+vKZQpWzQGewlvZIDUx0Fkal9So/olR17ZqLYX88N7Sv2dLIhIqzf+cK4szMdGrTUczZGH95CG+V"
10:43:47.597 [Forwarding screenshot on session 5e9977749cf8e028abefff19f425d7c0 to remote] DEBUG org.apache.http.wire - http-outgoing-15 << "gnZFSxWKxn+zgQ0cHLMrGQO8TXJj6jqljeIhZwRveSBrqKiehotvzI1Wqt3rjtdKm7rXCAt/Xi3fne9qLn+jqN6SUV8tpPKHPLFSl5NXVKrZWIF+gmHt1Tyu4gMVSo9UlXq6/JmonIx0E0IdjBSnj7D5eEjCoLPifQTbzrfIWbrdBGxDWvZGygPRF9d7bMyYo/9k4SLOJz7sSWbBHv7mSYLBZVN2kSM6tK69Q2Iu74YAc/RwvT3rJ69dHs6tI6tZDH7uMhiegp5XRUrpm6Zl3S1eob8mYykpdUFNnbgRkSysSld0PcO7do9mDXuTuyD2VVTennxGw592t9XoUieoCz6ZJNjEQXihoOXpZdKGp4Z3w3Jj2tbtLcrFUtvDP9b12z7pcceWmdymgkDzvh6F5SqeXdMamXShpPF9Yp1DoPW9HEPg7Mrlu1ql9y5c/1dTp7vS7zVtMrIzzsLHk/nCsLdrca4G2l0hp+Ol8e2s3G1oJ7OKtartA4WQkmBTs6W/OJaMeZsvSiBh6Hte106QBv61ql9uPEX0O9rZ/r6xjmY9OFGwZPierq6lOnTi1cuFAoFK5bt664uNjb29u0NyEhgYlOmQ84GPb29h9++KFCobh165ZKpTJP9bqCw+E8//zzsbGxGRkZTFxnEhcXZ2FhERkZ+YAX9XDxeLwBAwYsXrx4yZIlKSkpL730UrvN+Hz+sGHD5s+f/+mnn54/f37s2LFEtG7duubm5u3btwcG3p0k3NXV9dNPP33jjTd+/PHHiRMn+vn5mXYNHjw4Pj6+VXqakJAwePDg1NRU05Y9e/bk5+e//fbb5gm0WCxesGCBQCDYtGnTvn37ZsyYcc9L0+l0a9assbKy2rx5s2kqZhaLNXLkSHt7+3feeScrK8vNzU2lUq1du9bJySk2NtZ8VGufPn1iY2NnzJixZs2awYMHtzvts7W19ZgxY0aMGLFw4cL169eHhYWZ/4ABAAAAwF9HXFycRCKZO3cu89bJyWnmzJlffvllaWnp/S0/AQAA8Mg8nmE9AABPPZ3BeCK/dtGuvFe+yy6WtyyJ7LZ4rDcRaXTGN3/KjU29pdIaLAWcyyWN87/LPp5fyxx1urBu/nfZ54vqLQWc3HLFwh9ykrLlRGQ00s60iuTcmlXx12/WtNS3aInoyNXqpOxq5sCkbHncFdm/9uZnlzWJBZyLxQ1v/pSXWlBLRLVKbY1CazQaKxs0dc06O0veD68ED/C23vp/t6Z/k7Hp+E1mDKK5A5dlb/yUd6O6xdFK0KjSffrzjVXxhe1epqxRM29H9s7zFdYirpWIu/+SbO727IoGNbP3aI78aI78g7jr2WWK6iZNq0qISKHWn79R/0yAHfdOdjelv1OIpxURDfOzHRd0d3Bto0r39u78ygaNpYBzIr/2jZ25skYNsyu9qGHu9qunC+tdrAVkpA3HipfsLdDqjZ0/oGJ5y8vbr8ZnVEkEXFtL3tEc+T+2ZeVXKonISsh9YZCLi7WAiKIHODP1EJG3vcjHQZSSd3fdvgtFDTvTKppUevOem1T6/12snP3frHcPXBPx2Otn9DBlwxeLG7lsFjPwt7RONefbrMNZ1Vw2i8NmxWfI5m3PLqm5/SxiT956538FZXUqSz7nWI78799m3ahuIaKKBvXOtIp9Fyv/e7K0vF7dotHrDMadaRVXbjYSkd5o3JlWkXBFtmRvgVyhEfI4iRlV87/PZh5xZYO6SaXT6AyVDRqlWj8ywG7jrJ6WAs4H8ddnb83cc6GysUXX+U2Dp8PBgweNRuP48eMjIyO5XO7+/fvN9yYmJgqFwnbzws8++2zTpk2/NzplREVFcTicuLg4840VFRXp6ekTJkywsLDo6MDHyMPDg4jq6+s7b2ZnZ0dEGo2GiGpra0+fPj1ixAjz6JTBYrEWLFhAROZrrOp0uoiIiLy8vOvXr5s2VlZWXrhwISIiQqe7+yuZkJBga2trPo7TZNasWRKJpJMlY81dvHixsrJy2rRppujUJCgo6MiRI8xY5NOnT9fX15sGH5uzsbGZOXOmXC4/e/ZsJycSCARLly7V6/UHDx7sSmEAAAAA8PTJysoKDg42/8ods15DZmbm4ysKAACgSzD2FADgIZMrtIezqg5lVjepdKN6SF8P92LGjzKySpsKq5rXRvuHet+evvWL5JKsW43hPey0euO6o0XBHpJPogOYMHHF/mtfpZSM6mHH57KJKDlX/nGUf4hnO5Pucjms/ArlG6O9ovo6EpFKa5jzbdZ//+/WyAC7mWEuN2tVdde0/57owzR2sRYsGOnx96Fuv+TWxF2RHbgs6+9lFdXXaZCvDZtFRqKDl2VBbuINM26vfvfdWeH3Z8t/rW72dWidcGxMLmnW6P87J8jJik9ELwxymfPt1a9P3Pw4yo+I+Bx2XrlieqjLS0NcmfatKrlys9FgpH5eVqYOnwtxZF4M8rExP9HJgrqvXujF3MkxvaRv784/nl8zc6CLWmf45Ocbvg4WG2f1ZMabjuppt3zftYSMqqn9nTp5TBtTSoxG4zezA20tuEQ0Z4jbnG+vfplSsumFXjwO6+Vht78Gy9xPk/5e1vsvVSrUerGAQ0ST+jj287IyDRi9XtUcf6UqJa9GyGNPDHaYHOLoIPnNwKyLxQ2BbmJmvG9StlylNXwzO9CCzyYildbjvYOFV0ubvKTC/Erl3guVc4a4MfdNqdHP2Zr19Ymb66YH8DlsIjp7vX7by72ZkbItWoOpfx6bTUSpBbXfzA7s7mjB3M9Xv8/56XzFO5Hdlk/wydqS6W0vMt3/QFdxoKtYrtAmZlTtvVCx/XRpeE9pVF8n859YeMowadbgwYOdnJyIaOTIkYcPH/7nP/8pEAiIyGg05ubmhoSEMBPDPkQODg4jRoxITk5esmSJKZCLj483Go2thl3q9frm5uZWh7PZ7PtLbR/E1atXiajzcZMGg+HQoUMsFqt3795ElJubS0ShoaHtNg4MDLS0tMzOzjY/fMSIEVZWVnFxcUuWLGE2Hjp0SCKRmNZbJaKWlpaioqLw8PB25+YVCAR9+vQ5ffp0V4YFMxUOHDiw82Y5OTlENGDAgHb3ModfvXp15MiRnXTSs2dPW1vbjIwM0xaj0dj24RKRSCRidW0ZbwAAAAB4glRUVLT6m6ezszMRlZeXP6aKAAAAugrpKQDAw1TXrJ0Zm2FnyYvq6zQx2MHGovV/ZrV6AxHlVyhN6emiCC/mxZWbjU0q/cRgB9Mcqm+N8a5Tall0+0Nlb3uLdqNTBo/DmtDbgXkt5LGHdLdNyKiqUWrNJ4M1J+Sxn+3j8Gwfhys3Gw9eln0QXxjZ2+FfY71ZRD/MCzYfudnLVUxEt2pVrdJTpUZ//kb9c30dmeiUiGwteCMD7JKy5TqDkRlOqtUbowc4d1RzUXULEfm0CWXb6u9lZYr0ApwtiUjepCGiKzcb65t1iyK8TVP1hnpbu9sKz1yv6yQ9bVTpMm81TQh2sL3zgCwFnGcCbOOuVDW06JgVWNvl4yAyGKmkpoWZFdnHQWSadfn/rtV9mHDdz8li0Riv8B5SHqd1EmAw0uWbjdPu3A2d3qg3GE1r0Ap57HXTA253VVBLRM/eCZIt+ZxPp/UwkpGIiEVENNzflolO2xXkJul+Z1rj7o4WXlJhTpmio8ZEZC/m/WOY24uDXVMLag9eli38IeffE31G92w9Lg2eDqdOnaqurjatURoVFZWcnJySkjJhwgQiUiqVOp3O3r6rayr/LtHR0SdOnPj555+nTZtGRAaDISEhITg4uHv37ubNjh8/fvz48VbHenl5tRoj+9A1NzcXFxczrxUKRVZW1pYtW1xdXZn5eBktLS07duwwvW1oaEhLSyssLJw7d66XlxfdGajadlgng8ViSaXSuro68418Pn/ChAlJSUmLFi3i8XhEdOjQocjISPNv6Dc0NNCdQa7tcnBwYM7OfBrVCabCez7izi+EOV2rC2mXVCo1H7xbV1dnngqbJCUl/UE/dQAAAADwuKjVar1e3+rrfSKRiIiUSuVjKgoAAKCrkJ4CADxMegMZjORiLfCSCq3aC+FCu1kP7Ga940xZUnZ1qLd1f2/rsG42fC"
10:43:47.597 [Forwarding screenshot on session 5e9977749cf8e028abefff19f425d7c0 to remote] DEBUG org.apache.http.wire - http-outgoing-15 << "6LiMrr1UTkZCUwNXay4puCSSLysO1sUJGztYDpx3QsEdV1nJ6auNkKPaWijFtNGt3tUYwtWsOJvJortxprFVq1zqBQ64mo7Vy4FfVqI1F2mWL14RumjSU1LXqDsUahZQqQinnM2Mp2NbRoiaiTtNLscu7eFgGXTUQ6g5GIyurURHQkq/p04d3P8Vs0+soGQ5s+7mJudav76WojJKKKBnUn9ViLeETU0NzODLcanYFF5CUVedmJ2kanRFQoUza26PrfGWg7tb/T6cK6t3fnBzhb9vO0Guhj3dtdwhxW0aDmcVi2ZtG7+cq4RORh19lPArPGqomTlaDz9JTB47A87YSedsJCmVKt6+zuwRNt3759Uql02LBhzNuwsDAXF5cDBw4w6SmT2KnV6j/i1AMHDvTw8IiLi2PS07Nnz1ZVVb3++uutmoWEhLz44outNj6CqX3PnDlz5swZ01s2mz1kyJBly5aZf9yjVqtNkw9rtVqZTBYUFLRp06awsDBm4z1voEajYT4wMjd58uTdu3efPHkyIiIiIyOjtLR08uTJ5g2YVJWZHLijbomIGUDcOabCTroyb9bRhTDb2130tBWVSmV+vWKxeNWqVW2bWVlZtd0IAAAAAE80Zt4Ug+E3/3ep1+tNuwAAAP7M8GcVAMDDZC/mbZjRI/5K1UeJv0oteZP7Ok7s7WAeo3LZrNVT/dNvNJy8Vnv2en1iZrWtBe+9Z31DPCRMeMltL3hjMDO+doTJFFu91XQag2WVNh24JDtzvc7Rij8rzIUZuqrSGt7YmVter57Ux6Gfp7WIz75Vq9pxpqzt4UyeKuCymWlsGcxksGY1c9oeaNKiNXDZLNOip53oqIlGbyAiCwHHvIZhfrY8bmf3Sqc3EhHnt50yb/WGzhZMFfHZRNSi1bfdNbKHHZvNir8ie31nbg9ny6h+TiMD7Mxj1IvFjRIhx8/p9oSoDhL+tn/0Ts6Tn/u1Pu6KbFd6hb+TxUdRfg4SvkZnbDd/Nen8rvJ/e+18Lpu5Sx3RGYwnC2oPXpblVSh7uYqXjfd5JqDDIW7wRCstLU1LS+NwOBEREaaNKpWqoqKiqKioW7dufD7fwcGhsLD9dY4fEIvFmjp16ueff56Xl9ezZ8+4uDhra2vzShgODg6dzwf7Bxk8ePCiRYuY11wu19HRsW1ka2NjY0pPdTrdiy++KJPJzJc4dXd3J6IbN25Qe5RKpUwmazv40t/fv0ePHgkJCREREQkJCX5+fj169DBvYGtra2Fh0VG3RFRUVCQWi62tre95mUyFhYWFrYb8ttvsxo0b7Q5mLSoqIiJPT8/Oz9XY2FhWVjZq1CjTFj6f/1geLgAAAAA8ehwOx9LSsrGx0XwjM6uKjY1NBwcBAAD8WSA9BQB4yILdJcHuklql9lBmddxl2Xdnykb3lD7fz8k0mSqLKMzHOszHmoiyyxRrjvz6/w79+r+FIfYSPnUwrrErFOrfHNik0hORjUU7A0/VOkNKbs3BK7Ib1S2h3tYfRfmF+diYksRThXVF8pYVE3wiet2es/HktfanZ7S14BFRsIdk3nD3+6tZIuTqDEaV1tB5MNwJOwseEU3o7TDA+3cMXWJmVG5s+c0d68pAWOYQibCdNlw2K7yHXXgPuxvVLXFXZJ//UhybenNSH8dnQxyZ4b8Xixv6eVqZJ7Z8LmtCb4cJvR20emNqQe1nR4tiT956b5KvvYTXrDFo9ffIUDvCjBU2aVJ1OBcx81OakFGl1OhG95QuGuPt54gVT59mzOS3b7/9tvmypmq1+pNPPtm/fz+z7uagQYMSExMzMjJCQkJaHX758uULFy68+OKL970q6rPPPvv1118nJCS4uLicPn16xowZXRku+WiIxeLOA8VWuFzuu++++/LLL2/YsOH9999nNvr7+9va2h47dmzhwoVtv1B//Phxo9E4dOjQtr1FRUV98sknlZWVKSkpCxYsaLWXzWaHhYWdOHGipKSEmSLYXGlpaW5u7rhx49jse/+HdODAgSwWKzExcfz48W33btiwYeTIkX379h00aNAXX3xx5MiRIUOGtG2WnJxMRO3uMnfgwAGj0WiengIAAADAX4qvr2+rrwAyb3/XX7wBAAAei/v8tBoAADpnZ8l7aYjrT/P7rJjoW9GgfvX7nC0nbxFRXoXyRH6tqVmQm3hML/tapVap1jOriqYX3V0i7sBl2czYzIqGLs2iWdmgqW66OxljTnkTn8tykNyeWdF4Z0RlQ4vub5szYk/e6udl/cO84LXR/oN9bcwjvfpmLRH5mqVoybnyds/obM23F/PO36g335hV2nRN1txJnUazsZ3M5LR1zdouXF/7At3ERNSqhtOFdbLGzualdLUR2lpwr9z8zXdgM242WYu4zPy9Halv1hGRbaeTIfs4iBaP9d67IGRmmOuJ/NqZsZlnr9ertIbccsUA77sjw04X1mWVNjGveRzWmF7Sni7imzUqImJ+Ei4UNZgaf5z46+s7czs5qbmcMoXpHmv1xmuVSnezOYpN9/9CccPM2MxfcuV/G+i8d0HfJeO6ITp9umk0msTExJCQkBkzZjxrJjo6Oiws7PDhw8x0rC+88AKXy42JiamtrTU/vKKi4oMPPkhISGCx7ifUZzCDTY8fP/7LL7/odLopU6Y86FU9Vr179546dWp8fHxaWhqzhcvlzpkzp6KiYv369a0al5eXf/XVV05OTswkya2MGzeOx+Nt3LhRrVa3m2vOmTOHzWZ/8MEHrdaIUqvVH3/8MYfDeemll7pSs6ura0RERHp6+u7du1vt2rJly86dOwsKCojIz89v2LBhSUlJTFBq7vTp04cPHw4PD/f29u7kROfOnYuNjfXz8zNfOBYAAAAA/lKGDx9eUFBQUlJi2pKUlCQWi/v16/cYqwIAAOgKjD0FAPgDcdisZ/xtn/G3LalpKalREVFBpXLT8ZKGFt1wf1sRj3OzpuVEfm03e5GlgGMp4IT5WMddqfJ1tOjvZV0oU35/tszTTuRi3aWxWVYi7tojNxaN8Xa2EiTnyS8VN44NsmcGL0qEHLXOcLmk0dlaIBFy5z/jMbqnVNDB3LZ+jpZEFH+l6pUR7gq1/se0cg6LRUTF8pa2jWeGuX6ZUvL5LyVzhrryOezzRQ0bjhUN7W67fIJPu52bV+JqI+jlKiainDJFF6+xLXdb4Qh/24SMKk+pcHRPe5VWn5hZ9f3Z8iXjuo3vbd/RUWwW/W2gy+bUWz+dr5gU7GAw0s/Z1VmlTfOf8eh8FuGccoWQx+5mf3sZv13nK47n1/y/Kf6Oktbr/1kKOFP7O03p73S5pFHEY1+52agzGPubpafJuTXZZYolkd69XMVsFutySWNBpZKpeXQv6Q/nyr9ILhYLfZ2tBf9XUJtaUDszzKWL90Sh1n2VUjJrkKuQx95y8laL1jAu6PatEAu4xfKWkhqVBZ9tJeR+/LxfaDfr+4/C4ImSkpJSX18fFRXVdldUVFRaWlpycvLEiRO7d+++dOnStWvXzpw5c9asWYGBgXq9/urVq7t27SKiL7744gGXII2Ojj5y5MiWLVtCQ0Pbnfq1vLw8MTGx7XYHB4dBgwY9yKn/CP/85z9TU1NjYmL27NnDDMmdNWtWdnb23r17CwsLp0yZ4uHhoVKpLl26tHv3bhaLtX79evOFVE0kEkl4eHhSUtKoUaPanccsKCho8eLF69atY54LM7VvYWHh7t27b926tWLFioCAgC7WvGzZsqKionXr1l28eDEyMtLe3l4mkyUmJqalpU2cOHH69OlMs/fff3/BggUrVqw4derU6NGjpVJpXV1damoqM7fwu+++a96nRqM5evQoERmNxvr6+vPnz586dcrLy2v9+vUczt2ZxtVqdbsPl8ViTZo0qYv1AwAAAMCTIjo6eteuXcuWLVu6dKmDg8PPP/+cnJy8aNEiPr/1/0EDAAD82SA9BQB4FLykIi+piIgmhzjWKjXbTpd+mXL725dhPtb/DL89E+O7k3w//6V4XVIRs/jmkO42b43pbHCPOVcbwYgAu9d+yGnRGohokI/N66NuJxNjetknXZUv/V+Bi7Xgx1eCmfVNOxLiKZna3+nAJVliZh"
10:43:47.597 [Forwarding screenshot on session 5e9977749cf8e028abefff19f425d7c0 to remote] DEBUG org.apache.http.wire - http-outgoing-15 << "WPw5oY7PDuJN9/H7i2O70it1zxSfRvPqCP6uuo0xt2nq9IzKwiIh6HFRnksHCUR0edt6qkl6tYxGNfLG4wzRJ8H5aN99l04uam4zc//6WEiGwsuK+He3YSnTKiBzirdYbd5yu+PVVKRGIBZ+5w9+mh7azwZ2IkulzS0NfTyrRQa3WT5kZ1SydLpbKI+ntZEdFXx2+62QicrO7+L+K/xnXbcKxoZdx15nA+lzU+yOGVER5EZMnnrJveY93Rord35xMRj8OaHur8j6FuXbsfNKaXvUKtm7E5w2AkHoc1Y6DL2MDbdyOqr+P6Y8Uvb786vrf9knHdutghPB327dsnFovbrjNKRM8884yNjc2BAwcmTpxIRFOnTu3WrduWLVu+/vprvV5PRHw+PzIycu7cuW5uXf057EhwcLCfn19hYeHUqVPbbZCTk5OTk9N2e2ho6J8wPRWLxUuWLFm+fPnGjRtXrFhBRGw2e/Xq1aGhoXv27DHN6CsWi0eNGvXqq6+2u4woIyoqKikpafLkyR01mDFjhq+v79atWzds2MA8Fy6XO2DAgJUrV/bp06frNdvY2Gzbtm3btm2HDh1KTU1lNvr4+KxcudL87FKpdPv27du3bz98+PDhw4eZjc7OzvPmzZs9e7ZIJDLvU6FQmPJUkUjUrVu3N998c9q0aa2aKZXKDz/8sG1JbDYb6SkAAADA00cikXz99derVq169dVXiUgkEs2fP3/27NmPuy4AAIB7YxmNHX7mCwAAfxC9wVir1OoMRqkln89tPfavRWuoUWishFyrTtfgNPf6zlyDwfjN7ECt3ljVpLHkc5ilPU20emOtUmtrwWt7unaptIZapVYq5pmGqCrUeiGPzW1vbKbBSFWNGp3B4GQluOdSna0qiT15KyGjaucrfVoV/HtpdMaqJjWXzXa04nc+ftSc3mCsatIQkZOV4J5HnblevzKu8JPoAPM1VqO/vrJjbrBYwOnkQCJiZhI2T08Zap2hVqnlsFn24nbKrm/WKdQ6ezG/i+vCanTG8Z9fnB7q/OozHkqNvk6plYr5ot8eq1TrlRp9u6cDaEWlUsnlciJydnZuu4on3FNTU1NdXZ1AILC3tzcfgvmAmOfCYrHs7e0fcOHYmpqapqYma2trW1vbezazsrKys7N7kNMBAAAAwF+TXC5vaWlxdnbm8TpbBwcAAODhamxsvHejDuCDMACAx4DDvrsiaVsiHtt8ocouYr4Lw+Ow3Gza+TCdx2G1je46IeSxXX/bTycBIZtFztZd7bxVJX8LdUnIqNp7oWL+Mx2OWO0KPpd1HzeNw2Z1cdJgI9EP58qC3MTm0WlehdLagnfP6JTay00ZAi67kwJsLLj3ESozX4uy5HMs+e0UxswR/Xv7hL8moVDo7u7+uKt4gkkkEolE8tC7fYjPRSqVSqX3HvrfxWYAAAAAAO2yt7/H7FAAAAB/NkhPAQDgcbKx4L4+yvPz5JJhfrbMMqh/TrvTK8rqVN/MDjTfaMHnfDC5++MqCQDAnMFgWL9+fScNRowYMXDgwEdWDwAAAAAAAADAEwrpKQDA06CHs2XHi2/+2U0IdqhsVB/Kqu7hIv5zTidbo9Rm3mxaPsG31fBWL+nvHu36h2Kzqa+n1X2MwQWApwOzHmpHDAbDI6sEAAAAAAAAAODJhXVPAQAAAAAAAAAAAAAAAODp8SDrnrIfYh0AAAAAAAAAAAAAAAAAAE8upKcAAAAAAAAAAAAAAAAAAERITwEAAAAAAAAAAAAAAAAAGEhPAQAAAAAAAAAAAAAAAACIkJ4CAAAAAAAAAAAAAAAAADCQngIAAAAAAAAAAAAAAAAAECE9BQAAAAAAAAAAAAAAAABgID0FAAAAAAAAAAAAAAAAACBCegoAAAAAAAAAAAAAAAAAwEB6CgAAAAAAAAAAAAAAAABAhPQUAAAAAAAAAAAAAAAAAICB9BQAAAAAAAAAAAAAAAAAgIiI+7gLAAB4wty4ceNxlwAAAAAAAAAAAH85Pj4+j7sEAIC/BJbRaHzcNQAAAAAAAAAAAAAAAAAAPByNjY33fSxm7gUAAAAAAAAAAAAAAAAAIEJ6CgAAAAAAAAAAAAAAAADAQHoKAAAAAAAAAAAAAAAAAECE9BQAAAAAAAAA8NCzIAAAIABJREFUAAAAAAAAgIH0FAAAAAAAAAAAAAAAAACACOkpAAAAAAAAAAAAAAAAAAAD6SkAAAAAAAAAAAAAAAAAABHSUwAAAAAAAAAAAAAAAAAABtJTAAAAAAAAAAAAAAAAAAAipKcAAAAAAAAAAAAAAAAAAAykpwAAAAAAAAAAAAAAAAAAREhPAQAAAAAAAAAAAAAAAAAYSE8BAAAAAAAAAAAAAAAAAIiQngIAAAAAAAAAAAAAAAAAMJCeAgAAAAAAAAAAAAAAAAAQIT0FAHhyqXUGtc7w6M/bojVo9caH26feYGzRGjrq9EHOaH6X7vuOdV7e72IkatEaHk5fd/wRTwQAAAAAAAAAAADgr4n7uAsAAID7tGhXHofN2vRCr0d5Uo3OOOmLS9MGOC8Y6fGw+lRpDW/+lGdnyVsT7Z+ULXe1EQS7S9KLGpo1+pEBdkQ06YtLz4U4vhnhdR+dL96TrzcYN88ObPW6E3XNunPX6/p4WrnZCJh6POxE87/LHtXD7rVRnvdRg7nzN+rfPVC4Z0GIvZj3gF0xWrSGSV9cmjHQ5ZUR7g+lQ/grMBqNiYmJBoNhwoQJfD6/3TY3b95MT0+vrKzk8XjOzs7Dhg2TSqXMrtLS0osXL3bUuZWVVXh4uEqlSkpK8vb2DgkJycjIKC4uHj16tEQiads+PT29vLw8MjJSIBDEx8d31G2/fv08PR/0F7BdRqOx1Xl5PJ6Li0vv3r15vLu/p6dOnaqpqTFvxufz3dzcgoKCOBxO2z6vXr2amZlZV1cnEAi8vLwGDx5sbW1t3iYvL6+goEAqlQ4fPrxtVefOnZPJZAEBAT179jTfXlJScuHChcrKShaL5ezsHBYW5u5+P7/7arX6woUL+fn5zc3NdnZ2/v7+oaGhLBarVTOVSnXx4sWCggKFQiGRSHr27Nm/f/9WPzPmd4bL5UokEj8/P1dX11Zdtb2BJp6env369buPqwAAAACAP7+cnJy0tDSlUunp6TlmzBhLS8vHXREAAMC9IT0FAHhSPd/Pid3mk+52yRXaHWdKl4zr9keXdH+VfJlSUt+s/c/0ABbRpuMlY3rZB7tLEjKqyuvVTHr6yIvUfHaseOXk7m42gq9SSsYG2r8Z4fXuJN+le/OD3CQj/G0fpPOLxY1eUtHDik6JiMdhzRvu3stV3JXGl0oaf61qnh7q/LDODk+o8+fPf/TRR0QkEAjGjx/faq9SqVy9evXRo0e5XK67u7tarZbJZCwWa/r06W+99RaHw8nLy1u9erWpvcFgICI2+/aMJr6+vuHh4QqFIiYmZsqUKSEhIfX19TExMUql8oUXXmh1Lq1W++9//9vJySkqKkqn08XExJh3ZW7lypV/UHqq1+tjYmI4HI4pK1WpVERkZ2f33nvvjRgxgtm4Y8eOzMxMoVBoOpBp5uzs/NFHH5mHf9evX1+5cuW1a9csLS2dnZ1bWlrKy8uFQuHf//73uXPnmhLKEydObNu2TSAQHD16VCz+za+wSqVasWKFQqF4+eWXTelpU1NTTExMSkoK81yIqLS0VKfTjRs3bsWKFa166NzJkyfXrFkjl8vt7OxsbW1lMplCoXB3d1+7dm2PHj1MzZKTk//zn//U1NRIpVJbW9va2tra2lpHR8dly5Y988wzpmbmd0av12u1WiIKCAh47bXXhg4d2qpZuw930qRJSE8BAAAAnkobN278/vvvPT097e3t9+7dGxsbGxsb+wf9xR4AAOAhQnoKAPAoKNT6YnlLkNvv+HT7nsYF2nexZdatphP5tUxm2awxXK9SBru3MwLsETCvhFEoa07Klv9rnLe1iEtEIh5HxOcQkZDHFvEfz/TyIh7b9G/hnXpCPCQj/O02HS8Z5GPD53YptGZUNKg1OqOX9Hbicqm4IbSbdeeH/C5cNmtmmEsXG58sqJUrNEx6WlqnIiJ3W+G9DoKn0L59+/"
10:43:47.597 [Forwarding screenshot on session 5e9977749cf8e028abefff19f425d7c0 to remote] DEBUG org.apache.http.wire - http-outgoing-15 << "z9/Xk83oEDB1qlp3q9ftGiRRkZGXPnzp09ezaTycnl8i+//HLXrl1arXb58uVjxowZM2YM014ul0dGRk6bNm3ZsmUdnW748OGOjo5xcXFt09PU1NT6+vrXXnvNtGXMmDFr1qx5aJfaZeHh4abzarXazMzMjz766J133tm/f7+bmxuz3c7O7tixY6ZDNBpNenr6qlWrFi9eHB8fzwwtLS0tnTdvHofDWbt27ciRI7lcLhGVl5dv2LBh8+bNCoXirbfeMvXAfO8+KSkpOjravJjU1FSj0Wie1Go0moULFxYUFCxYsGDmzJnMgQqF4scff9y6dWtZWdnWrVuZc93TmTNnlixZ4u3tvXbt2pCQECIyGo0nT56MiYmZN2/enj17mOtNTk5evnx5QEDAZ599FhQUxBybmZm5evXqJUuWrFu3zjxANb8zDQ0N6enp33777aJFi5YuXfq3v/2t3WYAAAAA8NS7fPny999/P3fu3IULFxKRTCabM2fO6tWrN2/e/LhLAwAAuAekpwAAf6wb1S0Hr8hScmtG9rBj0lONzng8v6ZQpmzRGOwlvJEBUh8Hkal9SY3qlxx5ZaPaXswP7yn1d7IgIq3e+MO5sjAfG7XWcDRHHt5DGuZjnZBRxWKxnu3jQEQHL8vEQu4QX5v4jKpieYtYwBndSxroKiaio9nyI1ertXrjttOl7rbCAd7Wi3fne9uLnuvrNKaXVMhrP6HMLVek5NXUKbVWIl6gm3h0Tym7g8RQodYnXa2+JmsmIh8H0YRgByvh7T9cEjKqLPicQDfxrvMVbrZCGxHXvJKxgfZE9N3ZMicr/tg7SbCIz7kTW7JFvLuTYbJYVN2kScysKq1T24i444Md/BwtTHvL6tVHs6tL69RCHruPhySip5TTUblm6pp1SVerb8ibyUheUlFkbwdmSCgTl94Nce/cotmDXefuyD6UVTWlnxOz5dyv9XkViugBzqZLNjESXShqOHhZdqGo4Z3x3Zj0tLpJc7NWtfDO9L91zbpfcuSldSqjkTzshKN7SaWWd8ekXippPF1Yp1DrPGxFE/s4MLtu1ap+yZU/19fp7PW6zFtNr4zwsLPk/XCuLNjdaoC3lUpr+Ol8eWg3G1sL7uGsarlC42QlmBTs6GzNJ6IdZ8rSixp4HNa206UDvK1rldqPE38N9bZ+rq9jmI9NF24YPCWqq6tPnTq1cOFCoVC4bt264uJib29v096EhAQmOmU+4GDY29t/+OGHCoXi1q1bKpXKPNXrCg6H8/zzz8fGxmZkZDBxnUlcXJyFhUVkZOQDXtTDxePxBgwYsHjx4iVLlqSkpLz00kvtNuPz+cOGDZs/f/6nn356/vz5sWPHEtG6deuam5u3b98eGHh3knBXV9dPP/30jTfe+PHHHydOnOjn52faNXjw4Pj4+FbpaUJCwuDBg1NTU01b9uzZk5+f//bbb5sn0GKxeMGCBQKBYNOmTfv27ZsxY8Y9L02n061Zs8bKymrz5s2mqZhZLNbIkSPt7e3feeedrKwsNzc3lUq1du1aJyen2NhY81Gtffr0iY2NnTFjxpo1awYPHtzutM/W1tZjxowZMWLEwoUL169fHxYWZv4DBgAAAAB/HXFxcRKJZO7cucxbJyenmTNnfvnll6Wlpfe3/AQAAMAj83iG9QAAPPV0BuOJ/NpFu/Je+S67WN6yJLLb4rHeRKTRGd/8KTc29ZZKa7AUcC6XNM7/Lvt4fi1z1OnCuvnfZZ8vqrcUcHLLFQt/yEnKlhOR0Ug70yqSc2tWxV+/WdNS36IloiNXq5Oyq5kDk7LlcVdk/9qbn13WJBZwLhY3vPlTXmpBLRHVKrU1Cq3RaKxs0NQ16+wseT+8EjzA23rr/92a/k3GpuM3mTGI5g5clr3xU96N6hZHK0GjSvfpzzdWxRe2e5myRs28Hdk7z1dYi7hWIu7+S7K527MrGtTM3qM58qM58g/irmeXKaqbNK0qISKFWn/+Rv0zAXbcO9ndlP5OIZ5WRDTMz3Zc0N3BtY0q3du78ysbNJYCzon82jd25soaNcyu9KKGuduvni6sd7EWkJE2HCtesrdAqzd2/oCK5S0vb78an1ElEXBtLXlHc+T/2JaVX6kkIish94VBLi7WAiKKHuDM1ENE3vYiHwdRSt7ddfsuFDXsTKtoUunNe25S6f93sXL2f7PePXBNxGOvn9HDlA1fLG7kslnMwN/SOtWcb7MOZ1Vz2SwOmxWfIZu3Pbuk5vaziD15653/FZTVqSz5nGM58r9/m3WjuoWIKhrUO9Mq9l2s/O/J0vJ6dYtGrzMYd6ZVXLnZSER6o3FnWkXCFdmSvQVyhUbI4yRmVM3/Ppt5xJUN6iaVTqMzVDZolGr9yAC7jbN6Wgo4H8Rfn701c8+FysYWXec3DZ4OBw8eNBqN48ePj4yM5HK5+/fvN9+bmJgoFArbzQs/++yzTZs2/d7olBEVFcXhcOLi4sw3VlRUpKenT5gwwcLCoqMDHyMPDw8iqq+v77yZnZ0dEWk0GiKqra09ffr0iBEjzKNTBovFWrBgARGZr7Gq0+kiIiLy8vKuX79u2lhZWXnhwoWIiAid7u6vZEJCgq2trfk4TpNZs2ZJJJJOlow1d/HixcrKymnTppmiU5OgoKAjR44wY5FPnz5dX19vGnxszsbGZubMmXK5/OzZs52cSCAQLF26VK/XHzx4sCuFAQAAAMDTJysrKzg42Pwrd8x6DZmZmY+vKAAAgC7B2FMAgIdMrtAezqo6lFndpNKN6iF9PdyLGT/KyCptKqxqXhvtH+p9e/rWL5JLsm41hvew0+qN644WBXtIPokOYMLEFfuvfZVSMqqHHZ/LJqLkXPnHUf4hnu1MusvlsPIrlG+M9orq60hEKq1hzrdZ//2/WyMD7GaGudysVdVd0/57og/T2MVasGCkx9+Huv2SWxN3RXbgsqy/l1VUX6dBvjZsFhmJDl6WBbmJN8y4vfrdd2eF358t/7W62dehdcKxMbmkWaP/75wgJys+Eb0wyGXOt1e/PnHz4yg/IuJz2HnliumhLi8NcWXat6rkys1Gg5H6eVmZOnwuxJF5McjHxvxEJwvqvnqhF3Mnx/SSvr07/3h+zcyBLmqd4ZOfb/g6WGyc1ZMZbzqqp93yfdcSMqqm9nfq5DFtTCkxGo3fzA60teAS0ZwhbnO+vfplSsmmF3rxOKyXh93+GixzP036e1nvv1SpUOvFAg4RTerj2M/LyjRg9HpVc/yVqpS8GiGPPTHYYXKIo4PkNwOzLhY3BLqJmfG+SdlyldbwzexACz6biFRaj/cOFl4tbfKSCvMrlXsvVM4Z4sbcN6Xm/7d353FN3dkCwM/NSiALIQkElF0QVBAXQK0LIlYFdRhBR63WN7V1efqGaUefdZxqO+301ffxuXRap/I6WttxpJ2ORRalFRFHtGit4AJKY9khhn0L2e+dP67Gazapu/Z8/yK//O69v/tLPgo5OedYln18afeJ+m0LhvLYLAA4c71r70tRdKaszkRaz89lsQCguKrjL0uHD/F2p/dz5acVfz+r/u+Zwa8nh1zKvBgkF1j3f7ifcLifsK3PlFve8sV36n0ljYmRstRRPsx3LHrG0NGs8ePH+/j4AEBCQkJ+fv7atWv5fD4AUBRVWVkZExNDF4Z9gBQKxeTJkwsLC9etW2cNyB0+fJiiKJu0S4vF0t/fb3M4i8W6t6jt/bh8+TIAuM6bJEkyLy+PIIioqCgAqKysBIDY2FiHk4cPH+7h4XHlyhXm4ZMnTxaLxdnZ2evWraMH8/LyRCKRtd8qAOh0upqamsTERIe1efl8/siRI0tKSgaSFkyvMC4uzvW0iooKABg7dqzDZ+nDL1++nJCQ4OIkkZGRUqm0vLzcOkJRlP2LCwACgYAYWBtvhBBCCCH0FFGr1Ta/eSqVSgBobm5+TCtCCCGEBgqjpwgh9CB19psW7Sn38uCmjvJJiVZ4utv+M2uykABwTa21Rk8zkgLpH8rqe3r1lpRohbWG6m+nB3VqTQTc/FA5SO7uMHRK47KJ5CgF/bMblzVhiDSnvKVda2IWg2Vy47LmjFTMGakoq+/56oJmy2HVzCjF75"
10:43:47.598 [Forwarding screenshot on session 5e9977749cf8e028abefff19f425d7c0 to remote] DEBUG org.apache.http.wire - http-outgoing-15 << "4PIgA+ezmambk5zE8IAA0depvoqdZoOVvd9YtR3nToFACk7tyEoV4FV9rMJEWnk5osVPpYpbM117TqACDELihrb0yg2BrSG6r0AIC2XiMAlNX3dPWbM5KCrKV6Y4Mkg6Vup693uoie9ujNFxt6k6MV0lsvkAefPWWoNLuspVtnpjuwOhSiEJAU1LXr6KrIIQqBteryv37ofCvnepiPe8b0wMQIGZdtGwkgKbhQ3zP/1m6YLZSFpKw9aN24rG0Lht48VVUHAMy5FUj24LH/d34EBRQAAAEAMClcSodOHRoxSDTkVlnjId7ugTK3iqY+Z5MBQC7k/nrioCXj/YqrOr66oFn9WcXvU0KmRdrmpaFnw6lTp1pbW609SlNTUwsLC48fP56cnAwAWq3WbDbL5QPtqfyTpKennzhx4ujRo/PnzwcAkiRzcnKio6OHDBnCnFZUVFRUVGRzbGBgoE2O7APX399fW1tL/9zX13fp0qXMzEw/Pz+6Hi9Np9N98skn1ofd3d2lpaUqlWr58uWBgYFwK1HVPq2TRhCETCbr7OxkDvJ4vOTk5IKCgoyMDC6XCwB5eXkzZ85kfkO/u7sbbiW5OqRQKOir059GuUCv8K4vsesboS9ncyMOyWQyZvJuZ2cnMypsVVBQ8JDedQghhBBC6HExGAwWi8Xm630CgQAAtFrtY1oUQgghNFAYPUUIoQfJQgJJga+EHyhzEzsKwsUGS+KCJZ+cbiq40hobJBkTJIkP9uRxCABo7jIAgI+Yb53sI+ZZA5MA4C91lVSklPDp81iPBYBO59FTq0FStwCZoLyh12i+mcWoM5EnrraXNfR09JkMZrLPYAEA+1q46i4DBXClqe/d/GrrYF27zkJS7X0megEyIZfOrXSoW2cCABfRSsbt3N4WPocFAGaSAoCmTgMAHLnUWqK6/Tm+zmi50U3aneM2eqtt9tPP0w0A1N0GF+uRCLgA0N3voMKt0UwSAIEyQaCXwD50CgAqjbZHZx5zK9E2bYxPiarz1axrQ5UeowPEcSGSqMEi+jB1t4HLJqSM0DuzMy4A+Hu5eifQPVatfMR819FTGpdNBHi5BXi5qTRag9nV7qGn2pdffimTySZOnEg/jI+P9/X1PXToEB09pSN2BoPhYVw6Li7O398/Ozubjp6eOXOmpaVlzZo1NtNiYmKWLFliM/gISvuePn369OnT1ocsFmvChAkbNmxgftxjMBisxYdNJpNGoxkxYsSHH34YHx9PD951A41GI/2BEdPcuXOzsrJOnjyZlJRUXl7e2Ng4d+5c5gQ6qkoXB3Z2WgCgE4hdo1fo4lTMac5uhB532PTUhl6vZ96vUCh888037aeJxWL7QYQQQggh9FSj66aQ5B1/XVosFutTCCGE0JMM/69CCKEHSS7k7lgYcbis5Y+5P8o8uHNHeadEKZhhVA6LeDct/Fx198kfOs5c78q92Cp15/5hTmiMv4gOXnIcBd5odMVXZ+iYos1Do8sw2KXG3kPfa05f7/QW8xbH+9Kpq3oT+V8HKpu7DLNHKkYHSAQ8VkOH/pPTTfaH0/FUPodFl7Gl0cVgGWtm2x9opTORHBZhbXrqgrMpRgsJAO58NnMNE8OkXI6rvTJbKABg33lS+qGFdNUwVcBjAYDOZLF/KiHCi8UiDpdp1hyojFB6pI72SRjqxQyjnq/tEbmxw3xuFkRViHh7fx1VeLXt2x+7sss0B8+pw33c/5gaphDxjGbKYfzVyvWu8u68dx6HRe+SM2aSOlnV8dUFzVW1dpifcMOskClDnaa4oadaY2NjaWkpm81OSkqyDur1erVaXVNTExwczOPxFAqFSuW4z/F9IggiLS1t586dV69ejYyMzM7OlkgkzJXQFAqF63qwD8n48eMzMjLonzkcjre3t33I1tPT0xo9NZvNS5Ys0Wg0zBangwcPBoDq6mpwRKvVajQa++TL8PDwiIiInJycpKSknJycsLCwiIgI5gSpVOru7u7stABQU1MjFAolEsldb5NeoUqlskn5dTiturraYTJrTU0NAAQEBLi+Vk9PT1NT09SpU60jPB7vsby4CCGEEELo0WOz2R4eHj09PcxBuqqKp6enk4MQQgihJwVGTxFC6AGLHiyKHizq0JryLrZmX9DsP900LVL2y9E+1mKqBEB8iCQ+RAIAV5r6/ufIj3/K+/Efq2PkIh44yWsciD7DHQf26i0A4OnuIPHUYCaPV7Z/VaapbtXFBkn+mBoWH+JpjSSeUnXWtOk2JockDbtZs/HkD47LM0rduQAQ7S96edLge1uzyI1jJim9iXQdGHbBy50LAMlRirFBPyF1ia6o3KO7Y8cGkghLHyJyczCHwyISI7wSI7yqW3XZZZqdx2r3FNfPHuk9J8abTv89X9s9OkDMjNjyOERylCI5SmGyUMVVHf/3dc2ekw1/mB0qF3H7jaTJcpcYqjN0rrBVr95pLWL6XZpT3qI1mqdFyjKmB4V5Y8fTZxld/PbVV19ltjU1GAxbt2795z//SffdHDduXG5ubnl5eUxMjM3hFy5c+O6775YsWXLPXVHnzJmze/funJwcX1/fkpKShQsXDiRd8tEQCoWuA4o2OBzOpk2bXnrppR07drzxxhv0YHh4uFQq/eabb1avXm3/hfqioiKKop577jn7s6Wmpm7duvXGjRvHjx9ftWqVzbMsFis+Pv7EiRN1dXV0iWCmxsbGysrKGTNmsFh3/4c0Li6OIIjc3NxZs2bZP7tjx46EhIRRo0aNGzdu165dR44cmTBhgv20wsJCAHD4FNOhQ4coimJGTxFCCCGE0M9KaGiozVcA6Yc/6RdvhBBC6LG4x0+rEUIIueblwX1xgt/fV4zcmBKq7jas/LQi82QDAFxVa09c67BOGzFIOH2YvENr0hosdFfRczW3W8QduqBZtOeiuntAVTRvdBtbe28XY6xo7uVxCIXoZmVF6lZGZbfO/KuPyvecbBgdKPns5ej30sPHh3oyQ3pd/SYACGVE0Qor2xxeUSnhyYXcs9VdzMFLjb0/aPpdrJNi5HbSxWk7+00DuD/Hhg8SAoDNGkpUnZoeV3Up/TzdpO6csvo7vgNbXt8rEXDo+r3OdPWbAUDqshhyiELw2vNBX6yKWRTvd+Jax6I9F89c79KbyMrmvrFBtzPDSlSdlxp76Z+5bGL6MFmkr7C+XQ8A9Dvhu5pu6+S3c39cc6DSxUWZKpr6rHtsslA/3NAOZtQotu7/d7Xdi/ZcPFbZ9qs45RerRq2bEYyh02eb0WjMzc2NiYlZuHDhHIb09PT4+Pj8/Hy6HOsLL7zA4XDeeeedjo4O5uFqtXrLli05OTkEcS9BfRqdbFpUVHTs2DGz2Txv3rz7vavHKioqKi0t7fDhw6WlpfQIh8NZtmyZWq3evn27zeTm5uYPPvjAx8eHLpJsY8aMGVwu9/333zcYDA7jmsuWLWOxWFu2bLHpEWUwGN5++202m/3iiy8OZM1+fn5JSUnnzp3LysqyeSozM/PAgQNVVVUAEBYWNnHixIKCAjpQylRSUpKfn5+YmBgUFOTiQt9+++2ePXvCwsKYjWMRQgghhNDPyqRJk6qqqurq6qwjBQUFQqFw9OjRj3FVCCGEfraWOWc/GXNPEULoIWKziCnh0inh0rp2XV27HgCqbmg/LKrr1pknhUsFXHZ9u+7EtY5gucCDz/bgs+NDJNllLaHe7mMCJSqN9tMzTQFeAl/JgHKzxALOe0eqM6YHKcX8wqtt39f2PD9CTicvitzYBjN5oa5HKeGL3DgrpvhPi5TxndS2DfP2AIDDZS2vTB7cZ7D8rbSZTRAAUNums5+8KN7vz8frdh6rW/acH4/NOlvTveObmueGSF9PDnF4cuZK/Dz5w/yEAFDR1DfAe7Q3WOo2OVyaU94SIHObFinXmyy5F1s+PdO8bkbwrCi5s6NYBPwqzvej4oa/n1XPjlaQFBy90nqpsXfFFH/XVYQrmvvcuKxg+c02fgfPqouutf9pXri3yLb/nwefnTbGZ94Ynwt1PQIuq6y+x0xSYxjR08LK9itNfetmBg3zE7II4kJdT9UNLb3macNkn33bvKuwVugWqpTw/1XVUV"
10:43:47.598 [Forwarding screenshot on session 5e9977749cf8e028abefff19f425d7c0 to remote] DEBUG org.apache.http.wire - http-outgoing-15 << "zVsSjed4B70mcwf3C8bvE4PzcuK/Nkg85EzhhxcyuEfE5tm66uXe/OY4ndOG//Miw2WHLvoTD0VDl+/HhXV1dqaqr9U6mpqaWlpYWFhSkpKUOGDFm/fv177723aNGixYsXDx8+3GKxXL58+eDBgwCwa9eu+2xBmp6efuTIkczMzNjYWIelX5ubm3Nzc+3HFQrFuHHj7ufSD8PatWuLi4vfeeedzz//nE7JXbx48ZUrV7744guVSjVv3jx/f3+9Xv/9999nZWURBLF9+3ZmI1UrkUiUmJhYUFAwdepUh3XMRowY8dprr23bto1+XejSviqVKisrq6GhYePGjUOHDh3gmjds2FBTU7Nt27bz58/PnDlTLpdrNJrc3NzS0tKUlJQFCxbQ0954441Vq1Zt3Ljx1KlT06ZNk8lknZ2dxcXFdG3hTZs2Mc9pNBq//vprAKAoqqur6+zZs6dOnQoMDNy+fTubfbvSuMFgcPjiEgQxe/bsAa4fIYQQQgg9LdLT0w8ePLhhw4b169crFIqjR48WFhZmZGTweLZ/QSOEEEKPwP79+x0GSvfv328/iNFThBB6FAJlgkCZAADmxnh3aI17Sxr/fPzmty/jQyRrE29WYtw0O3TnsdptBTV0880JQzx/O91Vcg+Tnyd/8lCv//ysQmciAWBciOeaqTcjE9OHyQsut63/R5WvhP+3V6Lp/qbOxASI0sb4HPpek3uxhcsmUqIVm2aH/v7QD1nn1JXNfVvT7/iAPnWUt9lCHjirzr3YAgBcNjFzhGL1VH9nJ7cGMFg9AAAE1UlEQVRZyTA/oYDLOl/bba0SfA82zAr58ET9h0X1O4/VAYCnO2dNYoCL0CktfazSYCazzqr/eqoRAIR89vJJgxfEOujwZ0UBXKjrHhUgtjZqbe01VrfqXLRKJQDGBIoB4IOi+kGefB/x7T8RfzcjeMc3NZuzr9OH8zjErBGKVyb7A4AHj71tQcS2r2tezboGAFw2sSBW+evnBg1sP2D6MHmfwbzwo3KSAi6bWBjn+/zwm7uROsp7+ze1L+27PCtKvm5G8ABPiJ4NX375pVAotO8zCgBTpkzx9PQ8dOhQSkoKAKSlpQUHB2dmZu7evdtisQAAj8ebOXPm8uXLBw0a6PvQmejo6LCwMJVKlZaW5nBCRUVFRUWF/XhsbOwTGD0VCoXr1q17/fXX33///Y0bNwIAi8V69913Y2NjP//8c2tFX6FQOHXq1JUrVzpsI0pLTU0tKCiYO3euswkLFy4MDQ39+OOPd+zYQb8uHA5n7NixmzdvHjly5MDX7OnpuXfv3r179+bl5RUXF9ODISEhmzdvZl5dJpPt27dv3759+fn5+fn59KBSqXz55ZeXLl0qEAiY5+zr67PGUwUCQXBw8G9+85v58+fbTNNqtW+99Zb9klgsFkZPEUIIIYSePSKRaPfu3W+++ebKlSsBQCAQrFixYunSpY97XQghhH6+7AOoDkOnAEBQlNPPfBFCCD0kFpLq0JrMJCXz4PE4trl/OhPZ3mcUu3HELntwMq05UEmS1F+WDjdZqJZeowePTbf2tDJZqA6tSerOtb+cQ3oT2aE1yYRca4pqn8HixmVxHOVmkhS09BjNJOkj5t+1VafNSvacbMgpbznwykibBf9URjPV0mvgsFjeYp7r/FEmC0m19BoBwEfMv+tRp693bc5WbU0fyuyxmr677JPl0UI+28WBAEBXEmZGT2kGM9mhNbFZhFzoYNld/eY+g1ku5A2wL6zRTM3aeX5BrHLlFH+t0dKpNcmEPMGdx2oNFq3R4vByCNnQ6/VtbW0AoFQq7bt4orvq7e3t7Ozk8/lyuZyZgnmf6NeFIAi5XH6fjWPb29t7e3slEolUKr3rNLFY7OXldT+XQwghhBBCP09tbW06nU6pVHK5rvrgIIQQQg9WT0+Pw3FrANVZ6BQweooQQs+GNQcqLST10dLhj3shP1lXv/mF/7/4ixjvFVOcZqw+CSiA1Z9V8DmsXYsirYNX1dptX9f89T9GPMaFMdHR0/ljlasSnujNRAghhBBCCCGEEEIIoYfKWfQUAJYtW+YidApYuRchhNDj5enOWTM1YGdh3cQwKd0G9cmUdU7d1Kn/y53xaXcee8vcIY9rSQghxESS5Pbt211MmDx5clxc3CNbD0IIIYQQQgghhNCTyXXoFDB6ihBCz4YIpYfz5ptPuuRoxY0eQ96l1ghf4ZNZTrZda7pY3/t6cuhgqRtzPFDm5uyQx4LFglEBYptFIoR+Puh+qM6QJPnIVoIQQgghhBBCCCH09MLKvQghhBBCCCGEEEIIIYQQQgihZ4eLyr13xXqA60AIIYQQQgghhBBCCCGEEEIIoacXRk8RQgghhBBCCCGEEEIIIYQQQggAo6cIIYQQQgghhBBCCCGEEEIIIUTD6ClCCCGEEEIIIYQQQgghhBBCCAEA/BvGrhDEM0EY4AAAAABJRU5ErkJggg=="}"
10:43:47.598 [Forwarding screenshot on session 5e9977749cf8e028abefff19f425d7c0 to remote] DEBUG o.a.h.i.c.DefaultManagedHttpClientConnection - http-outgoing-15: Shutdown connection
10:43:47.598 [Forwarding screenshot on session 5e9977749cf8e028abefff19f425d7c0 to remote] DEBUG o.a.h.impl.execchain.MainClientExec - Connection discarded
10:43:47.598 [Forwarding screenshot on session 5e9977749cf8e028abefff19f425d7c0 to remote] DEBUG o.a.h.i.c.DefaultManagedHttpClientConnection - http-outgoing-15: Close connection
10:43:47.598 [Forwarding screenshot on session 5e9977749cf8e028abefff19f425d7c0 to remote] DEBUG o.a.h.i.c.PoolingHttpClientConnectionManager - Connection released: [id: 15][route: {}->http://localhost:13906][total kept alive: 0; route allocated: 0 of 2000; total allocated: 0 of 2000]
]]></system-out>
  <system-err><![CDATA[SLF4J: Failed toString() invocation on an object of type [io.netty.handler.codec.http.HttpObjectAggregator$AggregatedFullHttpRequest]
io.netty.util.IllegalReferenceCountException: refCnt: 0
	at io.netty.buffer.DefaultByteBufHolder.content(DefaultByteBufHolder.java:39)
	at io.netty.handler.codec.http.HttpMessageUtil.appendFullCommon(HttpMessageUtil.java:79)
	at io.netty.handler.codec.http.HttpMessageUtil.appendFullRequest(HttpMessageUtil.java:55)
	at io.netty.handler.codec.http.HttpObjectAggregator$AggregatedFullHttpRequest.toString(HttpObjectAggregator.java:415)
	at org.slf4j.helpers.MessageFormatter.safeObjectAppend(MessageFormatter.java:297)
	at org.slf4j.helpers.MessageFormatter.deeplyAppendParameter(MessageFormatter.java:269)
	at org.slf4j.helpers.MessageFormatter.arrayFormat(MessageFormatter.java:227)
	at org.littleshoot.proxy.impl.ProxyConnectionLogger$LocationAwareLogggerDispatch.doLog(ProxyConnectionLogger.java:178)
	at org.littleshoot.proxy.impl.ProxyConnectionLogger.debug(ProxyConnectionLogger.java:81)
	at org.littleshoot.proxy.impl.ClientToProxyConnection.shouldCloseClientConnection(ClientToProxyConnection.java:789)
	at org.littleshoot.proxy.impl.ClientToProxyConnection.closeConnectionsAfterWriteIfNecessary(ClientToProxyConnection.java:732)
	at org.littleshoot.proxy.impl.ClientToProxyConnection.respond(ClientToProxyConnection.java:408)
	at org.littleshoot.proxy.impl.ProxyToServerConnection.respondWith(ProxyToServerConnection.java:513)
	at org.littleshoot.proxy.impl.ProxyToServerConnection.readHTTPChunk(ProxyToServerConnection.java:229)
	at org.littleshoot.proxy.impl.ProxyConnection.readHTTP(ProxyConnection.java:146)
	at org.littleshoot.proxy.impl.ProxyConnection.read(ProxyConnection.java:120)
	at org.littleshoot.proxy.impl.ProxyToServerConnection.read(ProxyToServerConnection.java:206)
	at org.littleshoot.proxy.impl.ProxyConnection.channelRead0(ProxyConnection.java:579)
	at io.netty.channel.SimpleChannelInboundHandler.channelRead(SimpleChannelInboundHandler.java:105)
	at io.netty.channel.AbstractChannelHandlerContext.invokeChannelRead(AbstractChannelHandlerContext.java:339)
	at io.netty.channel.AbstractChannelHandlerContext.fireChannelRead(AbstractChannelHandlerContext.java:324)
	at io.netty.handler.timeout.IdleStateHandler.channelRead(IdleStateHandler.java:254)
	at io.netty.channel.AbstractChannelHandlerContext.invokeChannelRead(AbstractChannelHandlerContext.java:339)
	at io.netty.channel.AbstractChannelHandlerContext.fireChannelRead(AbstractChannelHandlerContext.java:324)
	at io.netty.channel.ChannelInboundHandlerAdapter.channelRead(ChannelInboundHandlerAdapter.java:86)
	at org.littleshoot.proxy.impl.ProxyConnection$ResponseReadMonitor.channelRead(ProxyConnection.java:730)
	at io.netty.channel.AbstractChannelHandlerContext.invokeChannelRead(AbstractChannelHandlerContext.java:339)
	at io.netty.channel.AbstractChannelHandlerContext.fireChannelRead(AbstractChannelHandlerContext.java:324)
	at io.netty.handler.codec.ByteToMessageDecoder.channelRead(ByteToMessageDecoder.java:242)
	at io.netty.channel.AbstractChannelHandlerContext.invokeChannelRead(AbstractChannelHandlerContext.java:339)
	at io.netty.channel.AbstractChannelHandlerContext.fireChannelRead(AbstractChannelHandlerContext.java:324)
	at io.netty.channel.ChannelInboundHandlerAdapter.channelRead(ChannelInboundHandlerAdapter.java:86)
	at org.littleshoot.proxy.impl.ProxyConnection$BytesReadMonitor.channelRead(ProxyConnection.java:684)
	at io.netty.channel.AbstractChannelHandlerContext.invokeChannelRead(AbstractChannelHandlerContext.java:339)
	at io.netty.channel.AbstractChannelHandlerContext.fireChannelRead(AbstractChannelHandlerContext.java:324)
	at io.netty.channel.DefaultChannelPipeline.fireChannelRead(DefaultChannelPipeline.java:847)
	at io.netty.channel.nio.AbstractNioByteChannel$NioByteUnsafe.read(AbstractNioByteChannel.java:131)
	at io.netty.channel.nio.NioEventLoop.processSelectedKey(NioEventLoop.java:511)
	at io.netty.channel.nio.NioEventLoop.processSelectedKeysOptimized(NioEventLoop.java:468)
	at io.netty.channel.nio.NioEventLoop.processSelectedKeys(NioEventLoop.java:382)
	at io.netty.channel.nio.NioEventLoop.run(NioEventLoop.java:354)
	at io.netty.util.concurrent.SingleThreadEventExecutor$2.run(SingleThreadEventExecutor.java:111)
	at java.lang.Thread.run(Thread.java:745)
SLF4J: Failed toString() invocation on an object of type [io.netty.handler.codec.http.HttpObjectAggregator$AggregatedFullHttpRequest]
io.netty.util.IllegalReferenceCountException: refCnt: 0
	at io.netty.buffer.DefaultByteBufHolder.content(DefaultByteBufHolder.java:39)
	at io.netty.handler.codec.http.HttpMessageUtil.appendFullCommon(HttpMessageUtil.java:79)
	at io.netty.handler.codec.http.HttpMessageUtil.appendFullRequest(HttpMessageUtil.java:55)
	at io.netty.handler.codec.http.HttpObjectAggregator$AggregatedFullHttpRequest.toString(HttpObjectAggregator.java:415)
	at org.slf4j.helpers.MessageFormatter.safeObjectAppend(MessageFormatter.java:297)
	at org.slf4j.helpers.MessageFormatter.deeplyAppendParameter(MessageFormatter.java:269)
	at org.slf4j.helpers.MessageFormatter.arrayFormat(MessageFormatter.java:227)
	at org.littleshoot.proxy.impl.ProxyConnectionLogger$LocationAwareLogggerDispatch.doLog(ProxyConnectionLogger.java:178)
	at org.littleshoot.proxy.impl.ProxyConnectionLogger.debug(ProxyConnectionLogger.java:81)
	at org.littleshoot.proxy.impl.ClientToProxyConnection.shouldCloseClientConnection(ClientToProxyConnection.java:789)
	at org.littleshoot.proxy.impl.ClientToProxyConnection.closeConnectionsAfterWriteIfNecessary(ClientToProxyConnection.java:732)
	at org.littleshoot.proxy.impl.ClientToProxyConnection.respond(ClientToProxyConnection.java:408)
	at org.littleshoot.proxy.impl.ProxyToServerConnection.respondWith(ProxyToServerConnection.java:513)
	at org.littleshoot.proxy.impl.ProxyToServerConnection.readHTTPChunk(ProxyToServerConnection.java:229)
	at org.littleshoot.proxy.impl.ProxyConnection.readHTTP(ProxyConnection.java:146)
	at org.littleshoot.proxy.impl.ProxyConnection.read(ProxyConnection.java:120)
	at org.littleshoot.proxy.impl.ProxyToServerConnection.read(ProxyToServerConnection.java:206)
	at org.littleshoot.proxy.impl.ProxyConnection.channelRead0(ProxyConnection.java:579)
	at io.netty.channel.SimpleChannelInboundHandler.channelRead(SimpleChannelInboundHandler.java:105)
	at io.netty.channel.AbstractChannelHandlerContext.invokeChannelRead(AbstractChannelHandlerContext.java:339)
	at io.netty.channel.AbstractChannelHandlerContext.fireChannelRead(AbstractChannelHandlerContext.java:324)
	at io.netty.handler.timeout.IdleStateHandler.channelRead(IdleStateHandler.java:254)
	at io.netty.channel.AbstractChannelHandlerContext.invokeChannelRead(AbstractChannelHandlerContext.java:339)
	at io.netty.channel.AbstractChannelHandlerContext.fireChannelRead(AbstractChannelHandlerContext.java:324)
	at io.netty.channel.ChannelInboundHandlerAdapter.channelRead(ChannelInboundHandlerAdapter.java:86)
	at org.littleshoot.proxy.impl.ProxyConnection$ResponseReadMonitor.channelRead(ProxyConnection.java:730)
	at io.netty.channel.AbstractChannelHandlerContext.invokeChannelRead(AbstractChannelHandlerContext.java:339)
	at io.netty.channel.AbstractChannelHandlerContext.fireChannelRead(AbstractChannelHandlerContext.java:324)
	at io.netty.handler.codec.ByteToMessageDecoder.channelRead(ByteToMessageDecoder.java:242)
	at io.netty.channel.AbstractChannelHandlerContext.invokeChannelRead(AbstractChannelHandlerContext.java:339)
	at io.netty.channel.AbstractChannelHandlerContext.fireChannelRead(AbstractChannelHandlerContext.java:324)
	at io.netty.channel.ChannelInboundHandlerAdapter.channelRead(ChannelInboundHandlerAdapter.java:86)
	at org.littleshoot.proxy.impl.ProxyConnection$BytesReadMonitor.channelRead(ProxyConnection.java:684)
	at io.netty.channel.AbstractChannelHandlerContext.invokeChannelRead(AbstractChannelHandlerContext.java:339)
	at io.netty.channel.AbstractChannelHandlerContext.fireChannelRead(AbstractChannelHandlerContext.java:324)
	at io.netty.channel.DefaultChannelPipeline.fireChannelRead(DefaultChannelPipeline.java:847)
	at io.netty.channel.nio.AbstractNioByteChannel$NioByteUnsafe.read(AbstractNioByteChannel.java:131)
	at io.netty.channel.nio.NioEventLoop.processSelectedKey(NioEventLoop.java:511)
	at io.netty.channel.nio.NioEventLoop.processSelectedKeysOptimized(NioEventLoop.java:468)
	at io.netty.channel.nio.NioEventLoop.processSelectedKeys(NioEventLoop.java:382)
	at io.netty.channel.nio.NioEventLoop.run(NioEventLoop.java:354)
	at io.netty.util.concurrent.SingleThreadEventExecutor$2.run(SingleThreadEventExecutor.java:111)
	at java.lang.Thread.run(Thread.java:745)
SLF4J: Failed toString() invocation on an object of type [io.netty.handler.codec.http.HttpObjectAggregator$AggregatedFullHttpRequest]
io.netty.util.IllegalReferenceCountException: refCnt: 0
	at io.netty.buffer.DefaultByteBufHolder.content(DefaultByteBufHolder.java:39)
	at io.netty.handler.codec.http.HttpMessageUtil.appendFullCommon(HttpMessageUtil.java:79)
	at io.netty.handler.codec.http.HttpMessageUtil.appendFullRequest(HttpMessageUtil.java:55)
	at io.netty.handler.codec.http.HttpObjectAggregator$AggregatedFullHttpRequest.toString(HttpObjectAggregator.java:415)
	at org.slf4j.helpers.MessageFormatter.safeObjectAppend(MessageFormatter.java:297)
	at org.slf4j.helpers.MessageFormatter.deeplyAppendParameter(MessageFormatter.java:269)
	at org.slf4j.helpers.MessageFormatter.arrayFormat(MessageFormatter.java:227)
	at org.littleshoot.proxy.impl.ProxyConnectionLogger$LocationAwareLogggerDispatch.doLog(ProxyConnectionLogger.java:178)
	at org.littleshoot.proxy.impl.ProxyConnectionLogger.debug(ProxyConnectionLogger.java:81)
	at org.littleshoot.proxy.impl.ClientToProxyConnection.shouldCloseClientConnection(ClientToProxyConnection.java:789)
	at org.littleshoot.proxy.impl.ClientToProxyConnection.closeConnectionsAfterWriteIfNecessary(ClientToProxyConnection.java:732)
	at org.littleshoot.proxy.impl.ClientToProxyConnection.respond(ClientToProxyConnection.java:408)
	at org.littleshoot.proxy.impl.ProxyToServerConnection.respondWith(ProxyToServerConnection.java:513)
	at org.littleshoot.proxy.impl.ProxyToServerConnection.readHTTPChunk(ProxyToServerConnection.java:229)
	at org.littleshoot.proxy.impl.ProxyConnection.readHTTP(ProxyConnection.java:146)
	at org.littleshoot.proxy.impl.ProxyConnection.read(ProxyConnection.java:120)
	at org.littleshoot.proxy.impl.ProxyToServerConnection.read(ProxyToServerConnection.java:206)
	at org.littleshoot.proxy.impl.ProxyConnection.channelRead0(ProxyConnection.java:579)
	at io.netty.channel.SimpleChannelInboundHandler.channelRead(SimpleChannelInboundHandler.java:105)
	at io.netty.channel.AbstractChannelHandlerContext.invokeChannelRead(AbstractChannelHandlerContext.java:339)
	at io.netty.channel.AbstractChannelHandlerContext.fireChannelRead(AbstractChannelHandlerContext.java:324)
	at io.netty.handler.timeout.IdleStateHandler.channelRead(IdleStateHandler.java:254)
	at io.netty.channel.AbstractChannelHandlerContext.invokeChannelRead(AbstractChannelHandlerContext.java:339)
	at io.netty.channel.AbstractChannelHandlerContext.fireChannelRead(AbstractChannelHandlerContext.java:324)
	at io.netty.channel.ChannelInboundHandlerAdapter.channelRead(ChannelInboundHandlerAdapter.java:86)
	at org.littleshoot.proxy.impl.ProxyConnection$ResponseReadMonitor.channelRead(ProxyConnection.java:730)
	at io.netty.channel.AbstractChannelHandlerContext.invokeChannelRead(AbstractChannelHandlerContext.java:339)
	at io.netty.channel.AbstractChannelHandlerContext.fireChannelRead(AbstractChannelHandlerContext.java:324)
	at io.netty.handler.codec.ByteToMessageDecoder.channelRead(ByteToMessageDecoder.java:242)
	at io.netty.channel.AbstractChannelHandlerContext.invokeChannelRead(AbstractChannelHandlerContext.java:339)
	at io.netty.channel.AbstractChannelHandlerContext.fireChannelRead(AbstractChannelHandlerContext.java:324)
	at io.netty.channel.ChannelInboundHandlerAdapter.channelRead(ChannelInboundHandlerAdapter.java:86)
	at org.littleshoot.proxy.impl.ProxyConnection$BytesReadMonitor.channelRead(ProxyConnection.java:684)
	at io.netty.channel.AbstractChannelHandlerContext.invokeChannelRead(AbstractChannelHandlerContext.java:339)
	at io.netty.channel.AbstractChannelHandlerContext.fireChannelRead(AbstractChannelHandlerContext.java:324)
	at io.netty.channel.DefaultChannelPipeline.fireChannelRead(DefaultChannelPipeline.java:847)
	at io.netty.channel.nio.AbstractNioByteChannel$NioByteUnsafe.read(AbstractNioByteChannel.java:131)
	at io.netty.channel.nio.NioEventLoop.processSelectedKey(NioEventLoop.java:511)
	at io.netty.channel.nio.NioEventLoop.processSelectedKeysOptimized(NioEventLoop.java:468)
	at io.netty.channel.nio.NioEventLoop.processSelectedKeys(NioEventLoop.java:382)
	at io.netty.channel.nio.NioEventLoop.run(NioEventLoop.java:354)
	at io.netty.util.concurrent.SingleThreadEventExecutor$2.run(SingleThreadEventExecutor.java:111)
	at java.lang.Thread.run(Thread.java:745)
SLF4J: Failed toString() invocation on an object of type [io.netty.handler.codec.http.HttpObjectAggregator$AggregatedFullHttpRequest]
io.netty.util.IllegalReferenceCountException: refCnt: 0
	at io.netty.buffer.DefaultByteBufHolder.content(DefaultByteBufHolder.java:39)
	at io.netty.handler.codec.http.HttpMessageUtil.appendFullCommon(HttpMessageUtil.java:79)
	at io.netty.handler.codec.http.HttpMessageUtil.appendFullRequest(HttpMessageUtil.java:55)
	at io.netty.handler.codec.http.HttpObjectAggregator$AggregatedFullHttpRequest.toString(HttpObjectAggregator.java:415)
	at org.slf4j.helpers.MessageFormatter.safeObjectAppend(MessageFormatter.java:297)
	at org.slf4j.helpers.MessageFormatter.deeplyAppendParameter(MessageFormatter.java:269)
	at org.slf4j.helpers.MessageFormatter.arrayFormat(MessageFormatter.java:227)
	at org.littleshoot.proxy.impl.ProxyConnectionLogger$LocationAwareLogggerDispatch.doLog(ProxyConnectionLogger.java:178)
	at org.littleshoot.proxy.impl.ProxyConnectionLogger.debug(ProxyConnectionLogger.java:81)
	at org.littleshoot.proxy.impl.ClientToProxyConnection.shouldCloseClientConnection(ClientToProxyConnection.java:789)
	at org.littleshoot.proxy.impl.ClientToProxyConnection.closeConnectionsAfterWriteIfNecessary(ClientToProxyConnection.java:732)
	at org.littleshoot.proxy.impl.ClientToProxyConnection.respond(ClientToProxyConnection.java:408)
	at org.littleshoot.proxy.impl.ProxyToServerConnection.respondWith(ProxyToServerConnection.java:513)
	at org.littleshoot.proxy.impl.ProxyToServerConnection.readHTTPChunk(ProxyToServerConnection.java:229)
	at org.littleshoot.proxy.impl.ProxyConnection.readHTTP(ProxyConnection.java:146)
	at org.littleshoot.proxy.impl.ProxyConnection.read(ProxyConnection.java:120)
	at org.littleshoot.proxy.impl.ProxyToServerConnection.read(ProxyToServerConnection.java:206)
	at org.littleshoot.proxy.impl.ProxyConnection.channelRead0(ProxyConnection.java:579)
	at io.netty.channel.SimpleChannelInboundHandler.channelRead(SimpleChannelInboundHandler.java:105)
	at io.netty.channel.AbstractChannelHandlerContext.invokeChannelRead(AbstractChannelHandlerContext.java:339)
	at io.netty.channel.AbstractChannelHandlerContext.fireChannelRead(AbstractChannelHandlerContext.java:324)
	at io.netty.handler.timeout.IdleStateHandler.channelRead(IdleStateHandler.java:254)
	at io.netty.channel.AbstractChannelHandlerContext.invokeChannelRead(AbstractChannelHandlerContext.java:339)
	at io.netty.channel.AbstractChannelHandlerContext.fireChannelRead(AbstractChannelHandlerContext.java:324)
	at io.netty.channel.ChannelInboundHandlerAdapter.channelRead(ChannelInboundHandlerAdapter.java:86)
	at org.littleshoot.proxy.impl.ProxyConnection$ResponseReadMonitor.channelRead(ProxyConnection.java:730)
	at io.netty.channel.AbstractChannelHandlerContext.invokeChannelRead(AbstractChannelHandlerContext.java:339)
	at io.netty.channel.AbstractChannelHandlerContext.fireChannelRead(AbstractChannelHandlerContext.java:324)
	at io.netty.handler.codec.ByteToMessageDecoder.channelRead(ByteToMessageDecoder.java:242)
	at io.netty.channel.AbstractChannelHandlerContext.invokeChannelRead(AbstractChannelHandlerContext.java:339)
	at io.netty.channel.AbstractChannelHandlerContext.fireChannelRead(AbstractChannelHandlerContext.java:324)
	at io.netty.channel.ChannelInboundHandlerAdapter.channelRead(ChannelInboundHandlerAdapter.java:86)
	at org.littleshoot.proxy.impl.ProxyConnection$BytesReadMonitor.channelRead(ProxyConnection.java:684)
	at io.netty.channel.AbstractChannelHandlerContext.invokeChannelRead(AbstractChannelHandlerContext.java:339)
	at io.netty.channel.AbstractChannelHandlerContext.fireChannelRead(AbstractChannelHandlerContext.java:324)
	at io.netty.channel.DefaultChannelPipeline.fireChannelRead(DefaultChannelPipeline.java:847)
	at io.netty.channel.nio.AbstractNioByteChannel$NioByteUnsafe.read(AbstractNioByteChannel.java:131)
	at io.netty.channel.nio.NioEventLoop.processSelectedKey(NioEventLoop.java:511)
	at io.netty.channel.nio.NioEventLoop.processSelectedKeysOptimized(NioEventLoop.java:468)
	at io.netty.channel.nio.NioEventLoop.processSelectedKeys(NioEventLoop.java:382)
	at io.netty.channel.nio.NioEventLoop.run(NioEventLoop.java:354)
	at io.netty.util.concurrent.SingleThreadEventExecutor$2.run(SingleThreadEventExecutor.java:111)
	at java.lang.Thread.run(Thread.java:745)
SLF4J: Failed toString() invocation on an object of type [io.netty.handler.codec.http.HttpObjectAggregator$AggregatedFullHttpRequest]
io.netty.util.IllegalReferenceCountException: refCnt: 0
	at io.netty.buffer.DefaultByteBufHolder.content(DefaultByteBufHolder.java:39)
	at io.netty.handler.codec.http.HttpMessageUtil.appendFullCommon(HttpMessageUtil.java:79)
	at io.netty.handler.codec.http.HttpMessageUtil.appendFullRequest(HttpMessageUtil.java:55)
	at io.netty.handler.codec.http.HttpObjectAggregator$AggregatedFullHttpRequest.toString(HttpObjectAggregator.java:415)
	at org.slf4j.helpers.MessageFormatter.safeObjectAppend(MessageFormatter.java:297)
	at org.slf4j.helpers.MessageFormatter.deeplyAppendParameter(MessageFormatter.java:269)
	at org.slf4j.helpers.MessageFormatter.arrayFormat(MessageFormatter.java:227)
	at org.littleshoot.proxy.impl.ProxyConnectionLogger$LocationAwareLogggerDispatch.doLog(ProxyConnectionLogger.java:178)
	at org.littleshoot.proxy.impl.ProxyConnectionLogger.debug(ProxyConnectionLogger.java:81)
	at org.littleshoot.proxy.impl.ClientToProxyConnection.shouldCloseClientConnection(ClientToProxyConnection.java:789)
	at org.littleshoot.proxy.impl.ClientToProxyConnection.closeConnectionsAfterWriteIfNecessary(ClientToProxyConnection.java:732)
	at org.littleshoot.proxy.impl.ClientToProxyConnection.respond(ClientToProxyConnection.java:408)
	at org.littleshoot.proxy.impl.ProxyToServerConnection.respondWith(ProxyToServerConnection.java:513)
	at org.littleshoot.proxy.impl.ProxyToServerConnection.readHTTPChunk(ProxyToServerConnection.java:229)
	at org.littleshoot.proxy.impl.ProxyConnection.readHTTP(ProxyConnection.java:146)
	at org.littleshoot.proxy.impl.ProxyConnection.read(ProxyConnection.java:120)
	at org.littleshoot.proxy.impl.ProxyToServerConnection.read(ProxyToServerConnection.java:206)
	at org.littleshoot.proxy.impl.ProxyConnection.channelRead0(ProxyConnection.java:579)
	at io.netty.channel.SimpleChannelInboundHandler.channelRead(SimpleChannelInboundHandler.java:105)
	at io.netty.channel.AbstractChannelHandlerContext.invokeChannelRead(AbstractChannelHandlerContext.java:339)
	at io.netty.channel.AbstractChannelHandlerContext.fireChannelRead(AbstractChannelHandlerContext.java:324)
	at io.netty.handler.timeout.IdleStateHandler.channelRead(IdleStateHandler.java:254)
	at io.netty.channel.AbstractChannelHandlerContext.invokeChannelRead(AbstractChannelHandlerContext.java:339)
	at io.netty.channel.AbstractChannelHandlerContext.fireChannelRead(AbstractChannelHandlerContext.java:324)
	at io.netty.channel.ChannelInboundHandlerAdapter.channelRead(ChannelInboundHandlerAdapter.java:86)
	at org.littleshoot.proxy.impl.ProxyConnection$ResponseReadMonitor.channelRead(ProxyConnection.java:730)
	at io.netty.channel.AbstractChannelHandlerContext.invokeChannelRead(AbstractChannelHandlerContext.java:339)
	at io.netty.channel.AbstractChannelHandlerContext.fireChannelRead(AbstractChannelHandlerContext.java:324)
	at io.netty.handler.codec.ByteToMessageDecoder.channelRead(ByteToMessageDecoder.java:242)
	at io.netty.channel.AbstractChannelHandlerContext.invokeChannelRead(AbstractChannelHandlerContext.java:339)
	at io.netty.channel.AbstractChannelHandlerContext.fireChannelRead(AbstractChannelHandlerContext.java:324)
	at io.netty.channel.ChannelInboundHandlerAdapter.channelRead(ChannelInboundHandlerAdapter.java:86)
	at org.littleshoot.proxy.impl.ProxyConnection$BytesReadMonitor.channelRead(ProxyConnection.java:684)
	at io.netty.channel.AbstractChannelHandlerContext.invokeChannelRead(AbstractChannelHandlerContext.java:339)
	at io.netty.channel.AbstractChannelHandlerContext.fireChannelRead(AbstractChannelHandlerContext.java:324)
	at io.netty.channel.DefaultChannelPipeline.fireChannelRead(DefaultChannelPipeline.java:847)
	at io.netty.channel.nio.AbstractNioByteChannel$NioByteUnsafe.read(AbstractNioByteChannel.java:131)
	at io.netty.channel.nio.NioEventLoop.processSelectedKey(NioEventLoop.java:511)
	at io.netty.channel.nio.NioEventLoop.processSelectedKeysOptimized(NioEventLoop.java:468)
	at io.netty.channel.nio.NioEventLoop.processSelectedKeys(NioEventLoop.java:382)
	at io.netty.channel.nio.NioEventLoop.run(NioEventLoop.java:354)
	at io.netty.util.concurrent.SingleThreadEventExecutor$2.run(SingleThreadEventExecutor.java:111)
	at java.lang.Thread.run(Thread.java:745)
SLF4J: Failed toString() invocation on an object of type [io.netty.handler.codec.http.HttpObjectAggregator$AggregatedFullHttpRequest]
io.netty.util.IllegalReferenceCountException: refCnt: 0
	at io.netty.buffer.DefaultByteBufHolder.content(DefaultByteBufHolder.java:39)
	at io.netty.handler.codec.http.HttpMessageUtil.appendFullCommon(HttpMessageUtil.java:79)
	at io.netty.handler.codec.http.HttpMessageUtil.appendFullRequest(HttpMessageUtil.java:55)
	at io.netty.handler.codec.http.HttpObjectAggregator$AggregatedFullHttpRequest.toString(HttpObjectAggregator.java:415)
	at org.slf4j.helpers.MessageFormatter.safeObjectAppend(MessageFormatter.java:297)
	at org.slf4j.helpers.MessageFormatter.deeplyAppendParameter(MessageFormatter.java:269)
	at org.slf4j.helpers.MessageFormatter.arrayFormat(MessageFormatter.java:227)
	at org.littleshoot.proxy.impl.ProxyConnectionLogger$LocationAwareLogggerDispatch.doLog(ProxyConnectionLogger.java:178)
	at org.littleshoot.proxy.impl.ProxyConnectionLogger.debug(ProxyConnectionLogger.java:81)
	at org.littleshoot.proxy.impl.ClientToProxyConnection.shouldCloseClientConnection(ClientToProxyConnection.java:789)
	at org.littleshoot.proxy.impl.ClientToProxyConnection.closeConnectionsAfterWriteIfNecessary(ClientToProxyConnection.java:732)
	at org.littleshoot.proxy.impl.ClientToProxyConnection.respond(ClientToProxyConnection.java:408)
	at org.littleshoot.proxy.impl.ProxyToServerConnection.respondWith(ProxyToServerConnection.java:513)
	at org.littleshoot.proxy.impl.ProxyToServerConnection.readHTTPChunk(ProxyToServerConnection.java:229)
	at org.littleshoot.proxy.impl.ProxyConnection.readHTTP(ProxyConnection.java:146)
	at org.littleshoot.proxy.impl.ProxyConnection.read(ProxyConnection.java:120)
	at org.littleshoot.proxy.impl.ProxyToServerConnection.read(ProxyToServerConnection.java:206)
	at org.littleshoot.proxy.impl.ProxyConnection.channelRead0(ProxyConnection.java:579)
	at io.netty.channel.SimpleChannelInboundHandler.channelRead(SimpleChannelInboundHandler.java:105)
	at io.netty.channel.AbstractChannelHandlerContext.invokeChannelRead(AbstractChannelHandlerContext.java:339)
	at io.netty.channel.AbstractChannelHandlerContext.fireChannelRead(AbstractChannelHandlerContext.java:324)
	at io.netty.handler.timeout.IdleStateHandler.channelRead(IdleStateHandler.java:254)
	at io.netty.channel.AbstractChannelHandlerContext.invokeChannelRead(AbstractChannelHandlerContext.java:339)
	at io.netty.channel.AbstractChannelHandlerContext.fireChannelRead(AbstractChannelHandlerContext.java:324)
	at io.netty.channel.ChannelInboundHandlerAdapter.channelRead(ChannelInboundHandlerAdapter.java:86)
	at org.littleshoot.proxy.impl.ProxyConnection$ResponseReadMonitor.channelRead(ProxyConnection.java:730)
	at io.netty.channel.AbstractChannelHandlerContext.invokeChannelRead(AbstractChannelHandlerContext.java:339)
	at io.netty.channel.AbstractChannelHandlerContext.fireChannelRead(AbstractChannelHandlerContext.java:324)
	at io.netty.handler.codec.ByteToMessageDecoder.channelRead(ByteToMessageDecoder.java:242)
	at io.netty.channel.AbstractChannelHandlerContext.invokeChannelRead(AbstractChannelHandlerContext.java:339)
	at io.netty.channel.AbstractChannelHandlerContext.fireChannelRead(AbstractChannelHandlerContext.java:324)
	at io.netty.channel.ChannelInboundHandlerAdapter.channelRead(ChannelInboundHandlerAdapter.java:86)
	at org.littleshoot.proxy.impl.ProxyConnection$BytesReadMonitor.channelRead(ProxyConnection.java:684)
	at io.netty.channel.AbstractChannelHandlerContext.invokeChannelRead(AbstractChannelHandlerContext.java:339)
	at io.netty.channel.AbstractChannelHandlerContext.fireChannelRead(AbstractChannelHandlerContext.java:324)
	at io.netty.channel.DefaultChannelPipeline.fireChannelRead(DefaultChannelPipeline.java:847)
	at io.netty.channel.nio.AbstractNioByteChannel$NioByteUnsafe.read(AbstractNioByteChannel.java:131)
	at io.netty.channel.nio.NioEventLoop.processSelectedKey(NioEventLoop.java:511)
	at io.netty.channel.nio.NioEventLoop.processSelectedKeysOptimized(NioEventLoop.java:468)
	at io.netty.channel.nio.NioEventLoop.processSelectedKeys(NioEventLoop.java:382)
	at io.netty.channel.nio.NioEventLoop.run(NioEventLoop.java:354)
	at io.netty.util.concurrent.SingleThreadEventExecutor$2.run(SingleThreadEventExecutor.java:111)
	at java.lang.Thread.run(Thread.java:745)
SLF4J: Failed toString() invocation on an object of type [io.netty.handler.codec.http.HttpObjectAggregator$AggregatedFullHttpRequest]
io.netty.util.IllegalReferenceCountException: refCnt: 0
	at io.netty.buffer.DefaultByteBufHolder.content(DefaultByteBufHolder.java:39)
	at io.netty.handler.codec.http.HttpMessageUtil.appendFullCommon(HttpMessageUtil.java:79)
	at io.netty.handler.codec.http.HttpMessageUtil.appendFullRequest(HttpMessageUtil.java:55)
	at io.netty.handler.codec.http.HttpObjectAggregator$AggregatedFullHttpRequest.toString(HttpObjectAggregator.java:415)
	at org.slf4j.helpers.MessageFormatter.safeObjectAppend(MessageFormatter.java:297)
	at org.slf4j.helpers.MessageFormatter.deeplyAppendParameter(MessageFormatter.java:269)
	at org.slf4j.helpers.MessageFormatter.arrayFormat(MessageFormatter.java:227)
	at org.littleshoot.proxy.impl.ProxyConnectionLogger$LocationAwareLogggerDispatch.doLog(ProxyConnectionLogger.java:178)
	at org.littleshoot.proxy.impl.ProxyConnectionLogger.debug(ProxyConnectionLogger.java:81)
	at org.littleshoot.proxy.impl.ClientToProxyConnection.shouldCloseClientConnection(ClientToProxyConnection.java:789)
	at org.littleshoot.proxy.impl.ClientToProxyConnection.closeConnectionsAfterWriteIfNecessary(ClientToProxyConnection.java:732)
	at org.littleshoot.proxy.impl.ClientToProxyConnection.respond(ClientToProxyConnection.java:408)
	at org.littleshoot.proxy.impl.ProxyToServerConnection.respondWith(ProxyToServerConnection.java:513)
	at org.littleshoot.proxy.impl.ProxyToServerConnection.readHTTPChunk(ProxyToServerConnection.java:229)
	at org.littleshoot.proxy.impl.ProxyConnection.readHTTP(ProxyConnection.java:146)
	at org.littleshoot.proxy.impl.ProxyConnection.read(ProxyConnection.java:120)
	at org.littleshoot.proxy.impl.ProxyToServerConnection.read(ProxyToServerConnection.java:206)
	at org.littleshoot.proxy.impl.ProxyConnection.channelRead0(ProxyConnection.java:579)
	at io.netty.channel.SimpleChannelInboundHandler.channelRead(SimpleChannelInboundHandler.java:105)
	at io.netty.channel.AbstractChannelHandlerContext.invokeChannelRead(AbstractChannelHandlerContext.java:339)
	at io.netty.channel.AbstractChannelHandlerContext.fireChannelRead(AbstractChannelHandlerContext.java:324)
	at io.netty.handler.timeout.IdleStateHandler.channelRead(IdleStateHandler.java:254)
	at io.netty.channel.AbstractChannelHandlerContext.invokeChannelRead(AbstractChannelHandlerContext.java:339)
	at io.netty.channel.AbstractChannelHandlerContext.fireChannelRead(AbstractChannelHandlerContext.java:324)
	at io.netty.channel.ChannelInboundHandlerAdapter.channelRead(ChannelInboundHandlerAdapter.java:86)
	at org.littleshoot.proxy.impl.ProxyConnection$ResponseReadMonitor.channelRead(ProxyConnection.java:730)
	at io.netty.channel.AbstractChannelHandlerContext.invokeChannelRead(AbstractChannelHandlerContext.java:339)
	at io.netty.channel.AbstractChannelHandlerContext.fireChannelRead(AbstractChannelHandlerContext.java:324)
	at io.netty.handler.codec.ByteToMessageDecoder.channelRead(ByteToMessageDecoder.java:242)
	at io.netty.channel.AbstractChannelHandlerContext.invokeChannelRead(AbstractChannelHandlerContext.java:339)
	at io.netty.channel.AbstractChannelHandlerContext.fireChannelRead(AbstractChannelHandlerContext.java:324)
	at io.netty.channel.ChannelInboundHandlerAdapter.channelRead(ChannelInboundHandlerAdapter.java:86)
	at org.littleshoot.proxy.impl.ProxyConnection$BytesReadMonitor.channelRead(ProxyConnection.java:684)
	at io.netty.channel.AbstractChannelHandlerContext.invokeChannelRead(AbstractChannelHandlerContext.java:339)
	at io.netty.channel.AbstractChannelHandlerContext.fireChannelRead(AbstractChannelHandlerContext.java:324)
	at io.netty.channel.DefaultChannelPipeline.fireChannelRead(DefaultChannelPipeline.java:847)
	at io.netty.channel.nio.AbstractNioByteChannel$NioByteUnsafe.read(AbstractNioByteChannel.java:131)
	at io.netty.channel.nio.NioEventLoop.processSelectedKey(NioEventLoop.java:511)
	at io.netty.channel.nio.NioEventLoop.processSelectedKeysOptimized(NioEventLoop.java:468)
	at io.netty.channel.nio.NioEventLoop.processSelectedKeys(NioEventLoop.java:382)
	at io.netty.channel.nio.NioEventLoop.run(NioEventLoop.java:354)
	at io.netty.util.concurrent.SingleThreadEventExecutor$2.run(SingleThreadEventExecutor.java:111)
	at java.lang.Thread.run(Thread.java:745)
SLF4J: Failed toString() invocation on an object of type [io.netty.handler.codec.http.HttpObjectAggregator$AggregatedFullHttpRequest]
io.netty.util.IllegalReferenceCountException: refCnt: 0
	at io.netty.buffer.DefaultByteBufHolder.content(DefaultByteBufHolder.java:39)
	at io.netty.handler.codec.http.HttpMessageUtil.appendFullCommon(HttpMessageUtil.java:79)
	at io.netty.handler.codec.http.HttpMessageUtil.appendFullRequest(HttpMessageUtil.java:55)
	at io.netty.handler.codec.http.HttpObjectAggregator$AggregatedFullHttpRequest.toString(HttpObjectAggregator.java:415)
	at org.slf4j.helpers.MessageFormatter.safeObjectAppend(MessageFormatter.java:297)
	at org.slf4j.helpers.MessageFormatter.deeplyAppendParameter(MessageFormatter.java:269)
	at org.slf4j.helpers.MessageFormatter.arrayFormat(MessageFormatter.java:227)
	at org.littleshoot.proxy.impl.ProxyConnectionLogger$LocationAwareLogggerDispatch.doLog(ProxyConnectionLogger.java:178)
	at org.littleshoot.proxy.impl.ProxyConnectionLogger.debug(ProxyConnectionLogger.java:81)
	at org.littleshoot.proxy.impl.ClientToProxyConnection.shouldCloseClientConnection(ClientToProxyConnection.java:789)
	at org.littleshoot.proxy.impl.ClientToProxyConnection.closeConnectionsAfterWriteIfNecessary(ClientToProxyConnection.java:732)
	at org.littleshoot.proxy.impl.ClientToProxyConnection.respond(ClientToProxyConnection.java:408)
	at org.littleshoot.proxy.impl.ProxyToServerConnection.respondWith(ProxyToServerConnection.java:513)
	at org.littleshoot.proxy.impl.ProxyToServerConnection.readHTTPChunk(ProxyToServerConnection.java:229)
	at org.littleshoot.proxy.impl.ProxyConnection.readHTTP(ProxyConnection.java:146)
	at org.littleshoot.proxy.impl.ProxyConnection.read(ProxyConnection.java:120)
	at org.littleshoot.proxy.impl.ProxyToServerConnection.read(ProxyToServerConnection.java:206)
	at org.littleshoot.proxy.impl.ProxyConnection.channelRead0(ProxyConnection.java:579)
	at io.netty.channel.SimpleChannelInboundHandler.channelRead(SimpleChannelInboundHandler.java:105)
	at io.netty.channel.AbstractChannelHandlerContext.invokeChannelRead(AbstractChannelHandlerContext.java:339)
	at io.netty.channel.AbstractChannelHandlerContext.fireChannelRead(AbstractChannelHandlerContext.java:324)
	at io.netty.handler.timeout.IdleStateHandler.channelRead(IdleStateHandler.java:254)
	at io.netty.channel.AbstractChannelHandlerContext.invokeChannelRead(AbstractChannelHandlerContext.java:339)
	at io.netty.channel.AbstractChannelHandlerContext.fireChannelRead(AbstractChannelHandlerContext.java:324)
	at io.netty.channel.ChannelInboundHandlerAdapter.channelRead(ChannelInboundHandlerAdapter.java:86)
	at org.littleshoot.proxy.impl.ProxyConnection$ResponseReadMonitor.channelRead(ProxyConnection.java:730)
	at io.netty.channel.AbstractChannelHandlerContext.invokeChannelRead(AbstractChannelHandlerContext.java:339)
	at io.netty.channel.AbstractChannelHandlerContext.fireChannelRead(AbstractChannelHandlerContext.java:324)
	at io.netty.handler.codec.ByteToMessageDecoder.channelRead(ByteToMessageDecoder.java:242)
	at io.netty.channel.AbstractChannelHandlerContext.invokeChannelRead(AbstractChannelHandlerContext.java:339)
	at io.netty.channel.AbstractChannelHandlerContext.fireChannelRead(AbstractChannelHandlerContext.java:324)
	at io.netty.channel.ChannelInboundHandlerAdapter.channelRead(ChannelInboundHandlerAdapter.java:86)
	at org.littleshoot.proxy.impl.ProxyConnection$BytesReadMonitor.channelRead(ProxyConnection.java:684)
	at io.netty.channel.AbstractChannelHandlerContext.invokeChannelRead(AbstractChannelHandlerContext.java:339)
	at io.netty.channel.AbstractChannelHandlerContext.fireChannelRead(AbstractChannelHandlerContext.java:324)
	at io.netty.channel.DefaultChannelPipeline.fireChannelRead(DefaultChannelPipeline.java:847)
	at io.netty.channel.nio.AbstractNioByteChannel$NioByteUnsafe.read(AbstractNioByteChannel.java:131)
	at io.netty.channel.nio.NioEventLoop.processSelectedKey(NioEventLoop.java:511)
	at io.netty.channel.nio.NioEventLoop.processSelectedKeysOptimized(NioEventLoop.java:468)
	at io.netty.channel.nio.NioEventLoop.processSelectedKeys(NioEventLoop.java:382)
	at io.netty.channel.nio.NioEventLoop.run(NioEventLoop.java:354)
	at io.netty.util.concurrent.SingleThreadEventExecutor$2.run(SingleThreadEventExecutor.java:111)
	at java.lang.Thread.run(Thread.java:745)
SLF4J: Failed toString() invocation on an object of type [io.netty.handler.codec.http.HttpObjectAggregator$AggregatedFullHttpRequest]
io.netty.util.IllegalReferenceCountException: refCnt: 0
	at io.netty.buffer.DefaultByteBufHolder.content(DefaultByteBufHolder.java:39)
	at io.netty.handler.codec.http.HttpMessageUtil.appendFullCommon(HttpMessageUtil.java:79)
	at io.netty.handler.codec.http.HttpMessageUtil.appendFullRequest(HttpMessageUtil.java:55)
	at io.netty.handler.codec.http.HttpObjectAggregator$AggregatedFullHttpRequest.toString(HttpObjectAggregator.java:415)
	at org.slf4j.helpers.MessageFormatter.safeObjectAppend(MessageFormatter.java:297)
	at org.slf4j.helpers.MessageFormatter.deeplyAppendParameter(MessageFormatter.java:269)
	at org.slf4j.helpers.MessageFormatter.arrayFormat(MessageFormatter.java:227)
	at org.littleshoot.proxy.impl.ProxyConnectionLogger$LocationAwareLogggerDispatch.doLog(ProxyConnectionLogger.java:178)
	at org.littleshoot.proxy.impl.ProxyConnectionLogger.debug(ProxyConnectionLogger.java:81)
	at org.littleshoot.proxy.impl.ClientToProxyConnection.shouldCloseClientConnection(ClientToProxyConnection.java:789)
	at org.littleshoot.proxy.impl.ClientToProxyConnection.closeConnectionsAfterWriteIfNecessary(ClientToProxyConnection.java:732)
	at org.littleshoot.proxy.impl.ClientToProxyConnection.respond(ClientToProxyConnection.java:408)
	at org.littleshoot.proxy.impl.ProxyToServerConnection.respondWith(ProxyToServerConnection.java:513)
	at org.littleshoot.proxy.impl.ProxyToServerConnection.readHTTPChunk(ProxyToServerConnection.java:229)
	at org.littleshoot.proxy.impl.ProxyConnection.readHTTP(ProxyConnection.java:146)
	at org.littleshoot.proxy.impl.ProxyConnection.read(ProxyConnection.java:120)
	at org.littleshoot.proxy.impl.ProxyToServerConnection.read(ProxyToServerConnection.java:206)
	at org.littleshoot.proxy.impl.ProxyConnection.channelRead0(ProxyConnection.java:579)
	at io.netty.channel.SimpleChannelInboundHandler.channelRead(SimpleChannelInboundHandler.java:105)
	at io.netty.channel.AbstractChannelHandlerContext.invokeChannelRead(AbstractChannelHandlerContext.java:339)
	at io.netty.channel.AbstractChannelHandlerContext.fireChannelRead(AbstractChannelHandlerContext.java:324)
	at io.netty.handler.timeout.IdleStateHandler.channelRead(IdleStateHandler.java:254)
	at io.netty.channel.AbstractChannelHandlerContext.invokeChannelRead(AbstractChannelHandlerContext.java:339)
	at io.netty.channel.AbstractChannelHandlerContext.fireChannelRead(AbstractChannelHandlerContext.java:324)
	at io.netty.channel.ChannelInboundHandlerAdapter.channelRead(ChannelInboundHandlerAdapter.java:86)
	at org.littleshoot.proxy.impl.ProxyConnection$ResponseReadMonitor.channelRead(ProxyConnection.java:730)
	at io.netty.channel.AbstractChannelHandlerContext.invokeChannelRead(AbstractChannelHandlerContext.java:339)
	at io.netty.channel.AbstractChannelHandlerContext.fireChannelRead(AbstractChannelHandlerContext.java:324)
	at io.netty.handler.codec.ByteToMessageDecoder.channelRead(ByteToMessageDecoder.java:242)
	at io.netty.channel.AbstractChannelHandlerContext.invokeChannelRead(AbstractChannelHandlerContext.java:339)
	at io.netty.channel.AbstractChannelHandlerContext.fireChannelRead(AbstractChannelHandlerContext.java:324)
	at io.netty.channel.ChannelInboundHandlerAdapter.channelRead(ChannelInboundHandlerAdapter.java:86)
	at org.littleshoot.proxy.impl.ProxyConnection$BytesReadMonitor.channelRead(ProxyConnection.java:684)
	at io.netty.channel.AbstractChannelHandlerContext.invokeChannelRead(AbstractChannelHandlerContext.java:339)
	at io.netty.channel.AbstractChannelHandlerContext.fireChannelRead(AbstractChannelHandlerContext.java:324)
	at io.netty.channel.DefaultChannelPipeline.fireChannelRead(DefaultChannelPipeline.java:847)
	at io.netty.channel.nio.AbstractNioByteChannel$NioByteUnsafe.read(AbstractNioByteChannel.java:131)
	at io.netty.channel.nio.NioEventLoop.processSelectedKey(NioEventLoop.java:511)
	at io.netty.channel.nio.NioEventLoop.processSelectedKeysOptimized(NioEventLoop.java:468)
	at io.netty.channel.nio.NioEventLoop.processSelectedKeys(NioEventLoop.java:382)
	at io.netty.channel.nio.NioEventLoop.run(NioEventLoop.java:354)
	at io.netty.util.concurrent.SingleThreadEventExecutor$2.run(SingleThreadEventExecutor.java:111)
	at java.lang.Thread.run(Thread.java:745)
SLF4J: Failed toString() invocation on an object of type [io.netty.handler.codec.http.HttpObjectAggregator$AggregatedFullHttpRequest]
io.netty.util.IllegalReferenceCountException: refCnt: 0
	at io.netty.buffer.DefaultByteBufHolder.content(DefaultByteBufHolder.java:39)
	at io.netty.handler.codec.http.HttpMessageUtil.appendFullCommon(HttpMessageUtil.java:79)
	at io.netty.handler.codec.http.HttpMessageUtil.appendFullRequest(HttpMessageUtil.java:55)
	at io.netty.handler.codec.http.HttpObjectAggregator$AggregatedFullHttpRequest.toString(HttpObjectAggregator.java:415)
	at org.slf4j.helpers.MessageFormatter.safeObjectAppend(MessageFormatter.java:297)
	at org.slf4j.helpers.MessageFormatter.deeplyAppendParameter(MessageFormatter.java:269)
	at org.slf4j.helpers.MessageFormatter.arrayFormat(MessageFormatter.java:227)
	at org.littleshoot.proxy.impl.ProxyConnectionLogger$LocationAwareLogggerDispatch.doLog(ProxyConnectionLogger.java:178)
	at org.littleshoot.proxy.impl.ProxyConnectionLogger.debug(ProxyConnectionLogger.java:81)
	at org.littleshoot.proxy.impl.ClientToProxyConnection.shouldCloseClientConnection(ClientToProxyConnection.java:789)
	at org.littleshoot.proxy.impl.ClientToProxyConnection.closeConnectionsAfterWriteIfNecessary(ClientToProxyConnection.java:732)
	at org.littleshoot.proxy.impl.ClientToProxyConnection.respond(ClientToProxyConnection.java:408)
	at org.littleshoot.proxy.impl.ProxyToServerConnection.respondWith(ProxyToServerConnection.java:513)
	at org.littleshoot.proxy.impl.ProxyToServerConnection.readHTTPChunk(ProxyToServerConnection.java:229)
	at org.littleshoot.proxy.impl.ProxyConnection.readHTTP(ProxyConnection.java:146)
	at org.littleshoot.proxy.impl.ProxyConnection.read(ProxyConnection.java:120)
	at org.littleshoot.proxy.impl.ProxyToServerConnection.read(ProxyToServerConnection.java:206)
	at org.littleshoot.proxy.impl.ProxyConnection.channelRead0(ProxyConnection.java:579)
	at io.netty.channel.SimpleChannelInboundHandler.channelRead(SimpleChannelInboundHandler.java:105)
	at io.netty.channel.AbstractChannelHandlerContext.invokeChannelRead(AbstractChannelHandlerContext.java:339)
	at io.netty.channel.AbstractChannelHandlerContext.fireChannelRead(AbstractChannelHandlerContext.java:324)
	at io.netty.handler.timeout.IdleStateHandler.channelRead(IdleStateHandler.java:254)
	at io.netty.channel.AbstractChannelHandlerContext.invokeChannelRead(AbstractChannelHandlerContext.java:339)
	at io.netty.channel.AbstractChannelHandlerContext.fireChannelRead(AbstractChannelHandlerContext.java:324)
	at io.netty.channel.ChannelInboundHandlerAdapter.channelRead(ChannelInboundHandlerAdapter.java:86)
	at org.littleshoot.proxy.impl.ProxyConnection$ResponseReadMonitor.channelRead(ProxyConnection.java:730)
	at io.netty.channel.AbstractChannelHandlerContext.invokeChannelRead(AbstractChannelHandlerContext.java:339)
	at io.netty.channel.AbstractChannelHandlerContext.fireChannelRead(AbstractChannelHandlerContext.java:324)
	at io.netty.handler.codec.ByteToMessageDecoder.channelRead(ByteToMessageDecoder.java:242)
	at io.netty.channel.AbstractChannelHandlerContext.invokeChannelRead(AbstractChannelHandlerContext.java:339)
	at io.netty.channel.AbstractChannelHandlerContext.fireChannelRead(AbstractChannelHandlerContext.java:324)
	at io.netty.channel.ChannelInboundHandlerAdapter.channelRead(ChannelInboundHandlerAdapter.java:86)
	at org.littleshoot.proxy.impl.ProxyConnection$BytesReadMonitor.channelRead(ProxyConnection.java:684)
	at io.netty.channel.AbstractChannelHandlerContext.invokeChannelRead(AbstractChannelHandlerContext.java:339)
	at io.netty.channel.AbstractChannelHandlerContext.fireChannelRead(AbstractChannelHandlerContext.java:324)
	at io.netty.channel.DefaultChannelPipeline.fireChannelRead(DefaultChannelPipeline.java:847)
	at io.netty.channel.nio.AbstractNioByteChannel$NioByteUnsafe.read(AbstractNioByteChannel.java:131)
	at io.netty.channel.nio.NioEventLoop.processSelectedKey(NioEventLoop.java:511)
	at io.netty.channel.nio.NioEventLoop.processSelectedKeysOptimized(NioEventLoop.java:468)
	at io.netty.channel.nio.NioEventLoop.processSelectedKeys(NioEventLoop.java:382)
	at io.netty.channel.nio.NioEventLoop.run(NioEventLoop.java:354)
	at io.netty.util.concurrent.SingleThreadEventExecutor$2.run(SingleThreadEventExecutor.java:111)
	at java.lang.Thread.run(Thread.java:745)
SLF4J: Failed toString() invocation on an object of type [io.netty.handler.codec.http.HttpObjectAggregator$AggregatedFullHttpRequest]
io.netty.util.IllegalReferenceCountException: refCnt: 0
	at io.netty.buffer.DefaultByteBufHolder.content(DefaultByteBufHolder.java:39)
	at io.netty.handler.codec.http.HttpMessageUtil.appendFullCommon(HttpMessageUtil.java:79)
	at io.netty.handler.codec.http.HttpMessageUtil.appendFullRequest(HttpMessageUtil.java:55)
	at io.netty.handler.codec.http.HttpObjectAggregator$AggregatedFullHttpRequest.toString(HttpObjectAggregator.java:415)
	at org.slf4j.helpers.MessageFormatter.safeObjectAppend(MessageFormatter.java:297)
	at org.slf4j.helpers.MessageFormatter.deeplyAppendParameter(MessageFormatter.java:269)
	at org.slf4j.helpers.MessageFormatter.arrayFormat(MessageFormatter.java:227)
	at org.littleshoot.proxy.impl.ProxyConnectionLogger$LocationAwareLogggerDispatch.doLog(ProxyConnectionLogger.java:178)
	at org.littleshoot.proxy.impl.ProxyConnectionLogger.debug(ProxyConnectionLogger.java:81)
	at org.littleshoot.proxy.impl.ClientToProxyConnection.shouldCloseClientConnection(ClientToProxyConnection.java:789)
	at org.littleshoot.proxy.impl.ClientToProxyConnection.closeConnectionsAfterWriteIfNecessary(ClientToProxyConnection.java:732)
	at org.littleshoot.proxy.impl.ClientToProxyConnection.respond(ClientToProxyConnection.java:408)
	at org.littleshoot.proxy.impl.ProxyToServerConnection.respondWith(ProxyToServerConnection.java:513)
	at org.littleshoot.proxy.impl.ProxyToServerConnection.readHTTPChunk(ProxyToServerConnection.java:229)
	at org.littleshoot.proxy.impl.ProxyConnection.readHTTP(ProxyConnection.java:146)
	at org.littleshoot.proxy.impl.ProxyConnection.read(ProxyConnection.java:120)
	at org.littleshoot.proxy.impl.ProxyToServerConnection.read(ProxyToServerConnection.java:206)
	at org.littleshoot.proxy.impl.ProxyConnection.channelRead0(ProxyConnection.java:579)
	at io.netty.channel.SimpleChannelInboundHandler.channelRead(SimpleChannelInboundHandler.java:105)
	at io.netty.channel.AbstractChannelHandlerContext.invokeChannelRead(AbstractChannelHandlerContext.java:339)
	at io.netty.channel.AbstractChannelHandlerContext.fireChannelRead(AbstractChannelHandlerContext.java:324)
	at io.netty.handler.timeout.IdleStateHandler.channelRead(IdleStateHandler.java:254)
	at io.netty.channel.AbstractChannelHandlerContext.invokeChannelRead(AbstractChannelHandlerContext.java:339)
	at io.netty.channel.AbstractChannelHandlerContext.fireChannelRead(AbstractChannelHandlerContext.java:324)
	at io.netty.channel.ChannelInboundHandlerAdapter.channelRead(ChannelInboundHandlerAdapter.java:86)
	at org.littleshoot.proxy.impl.ProxyConnection$ResponseReadMonitor.channelRead(ProxyConnection.java:730)
	at io.netty.channel.AbstractChannelHandlerContext.invokeChannelRead(AbstractChannelHandlerContext.java:339)
	at io.netty.channel.AbstractChannelHandlerContext.fireChannelRead(AbstractChannelHandlerContext.java:324)
	at io.netty.handler.codec.ByteToMessageDecoder.channelRead(ByteToMessageDecoder.java:242)
	at io.netty.channel.AbstractChannelHandlerContext.invokeChannelRead(AbstractChannelHandlerContext.java:339)
	at io.netty.channel.AbstractChannelHandlerContext.fireChannelRead(AbstractChannelHandlerContext.java:324)
	at io.netty.channel.ChannelInboundHandlerAdapter.channelRead(ChannelInboundHandlerAdapter.java:86)
	at org.littleshoot.proxy.impl.ProxyConnection$BytesReadMonitor.channelRead(ProxyConnection.java:684)
	at io.netty.channel.AbstractChannelHandlerContext.invokeChannelRead(AbstractChannelHandlerContext.java:339)
	at io.netty.channel.AbstractChannelHandlerContext.fireChannelRead(AbstractChannelHandlerContext.java:324)
	at io.netty.channel.DefaultChannelPipeline.fireChannelRead(DefaultChannelPipeline.java:847)
	at io.netty.channel.nio.AbstractNioByteChannel$NioByteUnsafe.read(AbstractNioByteChannel.java:131)
	at io.netty.channel.nio.NioEventLoop.processSelectedKey(NioEventLoop.java:511)
	at io.netty.channel.nio.NioEventLoop.processSelectedKeysOptimized(NioEventLoop.java:468)
	at io.netty.channel.nio.NioEventLoop.processSelectedKeys(NioEventLoop.java:382)
	at io.netty.channel.nio.NioEventLoop.run(NioEventLoop.java:354)
	at io.netty.util.concurrent.SingleThreadEventExecutor$2.run(SingleThreadEventExecutor.java:111)
	at java.lang.Thread.run(Thread.java:745)
SLF4J: Failed toString() invocation on an object of type [io.netty.handler.codec.http.HttpObjectAggregator$AggregatedFullHttpRequest]
io.netty.util.IllegalReferenceCountException: refCnt: 0
	at io.netty.buffer.DefaultByteBufHolder.content(DefaultByteBufHolder.java:39)
	at io.netty.handler.codec.http.HttpMessageUtil.appendFullCommon(HttpMessageUtil.java:79)
	at io.netty.handler.codec.http.HttpMessageUtil.appendFullRequest(HttpMessageUtil.java:55)
	at io.netty.handler.codec.http.HttpObjectAggregator$AggregatedFullHttpRequest.toString(HttpObjectAggregator.java:415)
	at org.slf4j.helpers.MessageFormatter.safeObjectAppend(MessageFormatter.java:297)
	at org.slf4j.helpers.MessageFormatter.deeplyAppendParameter(MessageFormatter.java:269)
	at org.slf4j.helpers.MessageFormatter.arrayFormat(MessageFormatter.java:227)
	at org.littleshoot.proxy.impl.ProxyConnectionLogger$LocationAwareLogggerDispatch.doLog(ProxyConnectionLogger.java:178)
	at org.littleshoot.proxy.impl.ProxyConnectionLogger.debug(ProxyConnectionLogger.java:81)
	at org.littleshoot.proxy.impl.ClientToProxyConnection.shouldCloseClientConnection(ClientToProxyConnection.java:789)
	at org.littleshoot.proxy.impl.ClientToProxyConnection.closeConnectionsAfterWriteIfNecessary(ClientToProxyConnection.java:732)
	at org.littleshoot.proxy.impl.ClientToProxyConnection.respond(ClientToProxyConnection.java:408)
	at org.littleshoot.proxy.impl.ProxyToServerConnection.respondWith(ProxyToServerConnection.java:513)
	at org.littleshoot.proxy.impl.ProxyToServerConnection.readHTTPChunk(ProxyToServerConnection.java:229)
	at org.littleshoot.proxy.impl.ProxyConnection.readHTTP(ProxyConnection.java:146)
	at org.littleshoot.proxy.impl.ProxyConnection.read(ProxyConnection.java:120)
	at org.littleshoot.proxy.impl.ProxyToServerConnection.read(ProxyToServerConnection.java:206)
	at org.littleshoot.proxy.impl.ProxyConnection.channelRead0(ProxyConnection.java:579)
	at io.netty.channel.SimpleChannelInboundHandler.channelRead(SimpleChannelInboundHandler.java:105)
	at io.netty.channel.AbstractChannelHandlerContext.invokeChannelRead(AbstractChannelHandlerContext.java:339)
	at io.netty.channel.AbstractChannelHandlerContext.fireChannelRead(AbstractChannelHandlerContext.java:324)
	at io.netty.handler.timeout.IdleStateHandler.channelRead(IdleStateHandler.java:254)
	at io.netty.channel.AbstractChannelHandlerContext.invokeChannelRead(AbstractChannelHandlerContext.java:339)
	at io.netty.channel.AbstractChannelHandlerContext.fireChannelRead(AbstractChannelHandlerContext.java:324)
	at io.netty.channel.ChannelInboundHandlerAdapter.channelRead(ChannelInboundHandlerAdapter.java:86)
	at org.littleshoot.proxy.impl.ProxyConnection$ResponseReadMonitor.channelRead(ProxyConnection.java:730)
	at io.netty.channel.AbstractChannelHandlerContext.invokeChannelRead(AbstractChannelHandlerContext.java:339)
	at io.netty.channel.AbstractChannelHandlerContext.fireChannelRead(AbstractChannelHandlerContext.java:324)
	at io.netty.handler.codec.ByteToMessageDecoder.channelRead(ByteToMessageDecoder.java:242)
	at io.netty.channel.AbstractChannelHandlerContext.invokeChannelRead(AbstractChannelHandlerContext.java:339)
	at io.netty.channel.AbstractChannelHandlerContext.fireChannelRead(AbstractChannelHandlerContext.java:324)
	at io.netty.channel.ChannelInboundHandlerAdapter.channelRead(ChannelInboundHandlerAdapter.java:86)
	at org.littleshoot.proxy.impl.ProxyConnection$BytesReadMonitor.channelRead(ProxyConnection.java:684)
	at io.netty.channel.AbstractChannelHandlerContext.invokeChannelRead(AbstractChannelHandlerContext.java:339)
	at io.netty.channel.AbstractChannelHandlerContext.fireChannelRead(AbstractChannelHandlerContext.java:324)
	at io.netty.channel.DefaultChannelPipeline.fireChannelRead(DefaultChannelPipeline.java:847)
	at io.netty.channel.nio.AbstractNioByteChannel$NioByteUnsafe.read(AbstractNioByteChannel.java:131)
	at io.netty.channel.nio.NioEventLoop.processSelectedKey(NioEventLoop.java:511)
	at io.netty.channel.nio.NioEventLoop.processSelectedKeysOptimized(NioEventLoop.java:468)
	at io.netty.channel.nio.NioEventLoop.processSelectedKeys(NioEventLoop.java:382)
	at io.netty.channel.nio.NioEventLoop.run(NioEventLoop.java:354)
	at io.netty.util.concurrent.SingleThreadEventExecutor$2.run(SingleThreadEventExecutor.java:111)
	at java.lang.Thread.run(Thread.java:745)
]]></system-err>
</testsuite>
